<?xml version="1.0" encoding="UTF-8"?>
<testsuites tests="58" failures="31" errors="31" skipped="0">
  <testsuite timestamp="2025-05-13T17:09:33" time="1072.632" tests="11" failures="5" errors="5" skipped="0">
    <properties>
      <property name="specId" value="0" />
      <property name="suiteName" value="Billing confirm US117289" />
      <property name="capabilities" value="chrome.136_0_7103_49.windows" />
      <property name="file" value="file:///D:/a/1/s/test/specs/BTS/billing-confirm.spec.js" />
    </properties>
    <testcase classname="chrome.136_0_7103_49.windows.Billing_confirm_US117289" name="Should create a new yard" time="136.633">
      <system-out><![CDATA[
COMMAND: POST /session/65af7eee0b689fbc32704a37c909740d/window/fullscreen - {}
RESULT: {}
COMMAND: POST /session/65af7eee0b689fbc32704a37c909740d/execute/async - {"script":"<script> [1562 bytes]","args":[{"selector":{"controlType":"sap.m.GenericTile","properties":{"header":"Manage Yards"}},"wdio_ui5_key":"sapm.GenericTile{\"header\":\"Manage Yards\"}"}]}
RESULT: {"script":"<script> [1562 bytes]","args":[{"selector":{"controlType":"sap.m.GenericTile","properties":{"header":"Manage Yards"}},"wdio_ui5_key":"sapm.GenericTile{\"header\":\"Manage Yards\"}"}]}
RESULT: undefined
COMMAND: POST /session/65af7eee0b689fbc32704a37c909740d/element - {"using":"xpath","value":"//*[@id=\"__tile41\"]"}
RESULT: {"using":"xpath","value":"//*[@id=\"__tile41\"]"}
COMMAND: POST /session/65af7eee0b689fbc32704a37c909740d/element/f.4EA148EC701C5F901E073CD471E0C43C.d.157DA7C2BBDAEAD6DA149E56F572179A.e.142/click - {}
RESULT: {}
COMMAND: POST /session/65af7eee0b689fbc32704a37c909740d/element - {"using":"xpath","value":"//button[@data-kt=\"addNewYardOverflowToolbarButton\"]"}
COMMAND: GET /session/65af7eee0b689fbc32704a37c909740d/screenshot - {}
RESULT: {"using":"xpath","value":"//button[@data-kt=\"addNewYardOverflowToolbarButton\"]"}
COMMAND: POST /session/65af7eee0b689fbc32704a37c909740d/elements - {"using":"xpath","value":"//button[@data-kt=\"addNewYardOverflowToolbarButton\"]"}
RESULT: {}
RESULT: {"using":"xpath","value":"//button[@data-kt=\"addNewYardOverflowToolbarButton\"]"}
COMMAND: POST /session/65af7eee0b689fbc32704a37c909740d/elements - {"using":"xpath","value":"//button[@data-kt=\"addNewYardOverflowToolbarButton\"]"}
RESULT: {"using":"xpath","value":"//button[@data-kt=\"addNewYardOverflowToolbarButton\"]"}
COMMAND: POST /session/65af7eee0b689fbc32704a37c909740d/elements - {"using":"xpath","value":"//button[@data-kt=\"addNewYardOverflowToolbarButton\"]"}
RESULT: {"using":"xpath","value":"//button[@data-kt=\"addNewYardOverflowToolbarButton\"]"}
COMMAND: POST /session/65af7eee0b689fbc32704a37c909740d/elements - {"using":"xpath","value":"//button[@data-kt=\"addNewYardOverflowToolbarButton\"]"}
RESULT: {"using":"xpath","value":"//button[@data-kt=\"addNewYardOverflowToolbarButton\"]"}
COMMAND: POST /session/65af7eee0b689fbc32704a37c909740d/element - {"using":"xpath","value":"//button[@data-kt=\"addNewYardOverflowToolbarButton\"]"}
RESULT: {"using":"xpath","value":"//button[@data-kt=\"addNewYardOverflowToolbarButton\"]"}
COMMAND: POST /session/65af7eee0b689fbc32704a37c909740d/execute/sync - {"script":"<script> [8489 bytes]","args":[{"element-6066-11e4-a52e-4f735466cecf":"f.4EA148EC701C5F901E073CD471E0C43C.d.157DA7C2BBDAEAD6DA149E56F572179A.e.289","ELEMENT":"f.4EA148EC701C5F901E073CD471E0C43C.d.157DA7C2BBDAEAD6DA149E56F572179A.e.289"}]}
RESULT: {"script":"<script> [8489 bytes]","args":[{"element-6066-11e4-a52e-4f735466cecf":"f.4EA148EC701C5F901E073CD471E0C43C.d.157DA7C2BBDAEAD6DA149E56F572179A.e.289","ELEMENT":"f.4EA148EC701C5F901E073CD471E0C43C.d.157DA7C2BBDAEAD6DA149E56F572179A.e.289"}]}
COMMAND: GET /session/65af7eee0b689fbc32704a37c909740d/element/f.4EA148EC701C5F901E073CD471E0C43C.d.157DA7C2BBDAEAD6DA149E56F572179A.e.289/enabled - {}
COMMAND: GET /session/65af7eee0b689fbc32704a37c909740d/screenshot - {}
RESULT: {}
COMMAND: POST /session/65af7eee0b689fbc32704a37c909740d/execute/sync - {"script":"<script> [8489 bytes]","args":[{"element-6066-11e4-a52e-4f735466cecf":"f.4EA148EC701C5F901E073CD471E0C43C.d.157DA7C2BBDAEAD6DA149E56F572179A.e.289","ELEMENT":"f.4EA148EC701C5F901E073CD471E0C43C.d.157DA7C2BBDAEAD6DA149E56F572179A.e.289"}]}
COMMAND: GET /session/65af7eee0b689fbc32704a37c909740d/screenshot - {}
RESULT: {}
RESULT: {"script":"<script> [8489 bytes]","args":[{"element-6066-11e4-a52e-4f735466cecf":"f.4EA148EC701C5F901E073CD471E0C43C.d.157DA7C2BBDAEAD6DA149E56F572179A.e.289","ELEMENT":"f.4EA148EC701C5F901E073CD471E0C43C.d.157DA7C2BBDAEAD6DA149E56F572179A.e.289"}]}
COMMAND: POST /session/65af7eee0b689fbc32704a37c909740d/execute/sync - {"script":"<script> [5351 bytes]","args":[{"element-6066-11e4-a52e-4f735466cecf":"f.4EA148EC701C5F901E073CD471E0C43C.d.157DA7C2BBDAEAD6DA149E56F572179A.e.289","ELEMENT":"f.4EA148EC701C5F901E073CD471E0C43C.d.157DA7C2BBDAEAD6DA149E56F572179A.e.289"}]}
COMMAND: GET /session/65af7eee0b689fbc32704a37c909740d/screenshot - {}
RESULT: {}
RESULT: {"script":"<script> [5351 bytes]","args":[{"element-6066-11e4-a52e-4f735466cecf":"f.4EA148EC701C5F901E073CD471E0C43C.d.157DA7C2BBDAEAD6DA149E56F572179A.e.289","ELEMENT":"f.4EA148EC701C5F901E073CD471E0C43C.d.157DA7C2BBDAEAD6DA149E56F572179A.e.289"}]}
COMMAND: POST /session/65af7eee0b689fbc32704a37c909740d/element/f.4EA148EC701C5F901E073CD471E0C43C.d.157DA7C2BBDAEAD6DA149E56F572179A.e.289/click - {}
COMMAND: GET /session/65af7eee0b689fbc32704a37c909740d/screenshot - {}
RESULT: {}
RESULT: {}
COMMAND: GET /session/65af7eee0b689fbc32704a37c909740d/screenshot - {}
COMMAND: POST /session/65af7eee0b689fbc32704a37c909740d/element - {"using":"xpath","value":"//input[@id=\"application-manageyards-display-component---NewYard--yardId-inner\"]"}
RESULT: {}
RESULT: {}
RESULT: {"using":"xpath","value":"//input[@id=\"application-manageyards-display-component---NewYard--yardId-inner\"]"}
COMMAND: POST /session/65af7eee0b689fbc32704a37c909740d/element - {"using":"xpath","value":"//input[@id=\"application-manageyards-display-component---NewYard--yardId-inner\"]"}
RESULT: {"using":"xpath","value":"//input[@id=\"application-manageyards-display-component---NewYard--yardId-inner\"]"}
COMMAND: POST /session/65af7eee0b689fbc32704a37c909740d/execute/async - {"script":"<script> [1562 bytes]","args":[{"selector":{"id":"application-manageyards-display-component---NewYard--addressDetailDetailsName1","interaction":{"idSuffix":"inner"}},"wdio_ui5_key":"applicationmanageyards-display-component---NewYard--addressDetailDetailsName1"}]}
RESULT: {"script":"<script> [1562 bytes]","args":[{"selector":{"id":"application-manageyards-display-component---NewYard--addressDetailDetailsName1","interaction":{"idSuffix":"inner"}},"wdio_ui5_key":"applicationmanageyards-display-component---NewYard--addressDetailDetailsName1"}]}
RESULT: undefined
COMMAND: POST /session/65af7eee0b689fbc32704a37c909740d/execute/async - {"script":"<script> [776 bytes]","args":[{"enterText":"Intracompany Yard wdIO","selector":{"id":"application-manageyards-display-component---NewYard--addressDetailDetailsName1","interaction":{"idSuffix":"inner"}},"clearTextFirst":true,"interactionType":"ENTER_TEXT"}]}
RESULT: {"script":"<script> [776 bytes]","args":[{"enterText":"Intracompany Yard wdIO","selector":{"id":"application-manageyards-display-component---NewYard--addressDetailDetailsName1","interaction":{"idSuffix":"inner"}},"clearTextFirst":true,"interactionType":"ENTER_TEXT"}]}
COMMAND: POST /session/65af7eee0b689fbc32704a37c909740d/execute/async - {"script":"<script> [1562 bytes]","args":[{"selector":{"id":"application-manageyards-display-component---NewYard--addressDetailDetailsLanguage-arrow"},"wdio_ui5_key":"applicationmanageyards-display-component---NewYard--addressDetailDetailsLanguage-arrow"}]}
RESULT: {"script":"<script> [1562 bytes]","args":[{"selector":{"id":"application-manageyards-display-component---NewYard--addressDetailDetailsLanguage-arrow"},"wdio_ui5_key":"applicationmanageyards-display-component---NewYard--addressDetailDetailsLanguage-arrow"}]}
RESULT: undefined
COMMAND: POST /session/65af7eee0b689fbc32704a37c909740d/element - {"using":"xpath","value":"//*[@id=\"application-manageyards-display-component---NewYard--addressDetailDetailsLanguage-arrow\"]"}
RESULT: {"using":"xpath","value":"//*[@id=\"application-manageyards-display-component---NewYard--addressDetailDetailsLanguage-arrow\"]"}
COMMAND: POST /session/65af7eee0b689fbc32704a37c909740d/element/f.4EA148EC701C5F901E073CD471E0C43C.d.157DA7C2BBDAEAD6DA149E56F572179A.e.710/click - {}
RESULT: {}
COMMAND: POST /session/65af7eee0b689fbc32704a37c909740d/element - {"using":"xpath","value":"//span[contains(text(), \"English\")]"}
COMMAND: GET /session/65af7eee0b689fbc32704a37c909740d/screenshot - {}
RESULT: {"using":"xpath","value":"//span[contains(text(), \"English\")]"}
COMMAND: POST /session/65af7eee0b689fbc32704a37c909740d/element/f.4EA148EC701C5F901E073CD471E0C43C.d.157DA7C2BBDAEAD6DA149E56F572179A.e.711/click - {}
RESULT: {}
RESULT: {}
COMMAND: POST /session/65af7eee0b689fbc32704a37c909740d/execute/async - {"script":"<script> [1562 bytes]","args":[{"selector":{"id":"application-manageyards-display-component---NewYard--addressDetailDetailsCity1","interaction":{"idSuffix":"inner"}},"wdio_ui5_key":"applicationmanageyards-display-component---NewYard--addressDetailDetailsCity1"}]}
COMMAND: GET /session/65af7eee0b689fbc32704a37c909740d/screenshot - {}
RESULT: {"script":"<script> [1562 bytes]","args":[{"selector":{"id":"application-manageyards-display-component---NewYard--addressDetailDetailsCity1","interaction":{"idSuffix":"inner"}},"wdio_ui5_key":"applicationmanageyards-display-component---NewYard--addressDetailDetailsCity1"}]}
RESULT: undefined
COMMAND: POST /session/65af7eee0b689fbc32704a37c909740d/execute/async - {"script":"<script> [776 bytes]","args":[{"enterText":"Rosario","selector":{"id":"application-manageyards-display-component---NewYard--addressDetailDetailsCity1","interaction":{"idSuffix":"inner"}},"clearTextFirst":true,"interactionType":"ENTER_TEXT"}]}
RESULT: {}
RESULT: {"script":"<script> [776 bytes]","args":[{"enterText":"Rosario","selector":{"id":"application-manageyards-display-component---NewYard--addressDetailDetailsCity1","interaction":{"idSuffix":"inner"}},"clearTextFirst":true,"interactionType":"ENTER_TEXT"}]}
COMMAND: POST /session/65af7eee0b689fbc32704a37c909740d/execute/async - {"script":"<script> [1562 bytes]","args":[{"selector":{"id":"application-manageyards-display-component---NewYard--addressDetailDetailsCountry-arrow"},"wdio_ui5_key":"applicationmanageyards-display-component---NewYard--addressDetailDetailsCountry-arrow"}]}
RESULT: {"script":"<script> [1562 bytes]","args":[{"selector":{"id":"application-manageyards-display-component---NewYard--addressDetailDetailsCountry-arrow"},"wdio_ui5_key":"applicationmanageyards-display-component---NewYard--addressDetailDetailsCountry-arrow"}]}
RESULT: undefined
COMMAND: POST /session/65af7eee0b689fbc32704a37c909740d/element - {"using":"xpath","value":"//*[@id=\"application-manageyards-display-component---NewYard--addressDetailDetailsCountry-arrow\"]"}
RESULT: {"using":"xpath","value":"//*[@id=\"application-manageyards-display-component---NewYard--addressDetailDetailsCountry-arrow\"]"}
COMMAND: POST /session/65af7eee0b689fbc32704a37c909740d/element/f.4EA148EC701C5F901E073CD471E0C43C.d.157DA7C2BBDAEAD6DA149E56F572179A.e.713/click - {}
RESULT: {}
COMMAND: POST /session/65af7eee0b689fbc32704a37c909740d/element - {"using":"xpath","value":"//span[contains(text(), \"Argentina\")]"}
COMMAND: GET /session/65af7eee0b689fbc32704a37c909740d/screenshot - {}
RESULT: {"using":"xpath","value":"//span[contains(text(), \"Argentina\")]"}
COMMAND: POST /session/65af7eee0b689fbc32704a37c909740d/element/f.4EA148EC701C5F901E073CD471E0C43C.d.157DA7C2BBDAEAD6DA149E56F572179A.e.714/click - {}
RESULT: {}
RESULT: {}
COMMAND: POST /session/65af7eee0b689fbc32704a37c909740d/execute/async - {"script":"<script> [1562 bytes]","args":[{"selector":{"id":"application-manageyards-display-component---NewYard--addressEditDetailsCostObjectCstType-arrow"},"wdio_ui5_key":"applicationmanageyards-display-component---NewYard--addressEditDetailsCostObjectCstType-arrow"}]}
COMMAND: GET /session/65af7eee0b689fbc32704a37c909740d/screenshot - {}
RESULT: {"script":"<script> [1562 bytes]","args":[{"selector":{"id":"application-manageyards-display-component---NewYard--addressEditDetailsCostObjectCstType-arrow"},"wdio_ui5_key":"applicationmanageyards-display-component---NewYard--addressEditDetailsCostObjectCstType-arrow"}]}
RESULT: undefined
COMMAND: POST /session/65af7eee0b689fbc32704a37c909740d/element - {"using":"xpath","value":"//*[@id=\"application-manageyards-display-component---NewYard--addressEditDetailsCostObjectCstType-arrow\"]"}
RESULT: {}
RESULT: {"using":"xpath","value":"//*[@id=\"application-manageyards-display-component---NewYard--addressEditDetailsCostObjectCstType-arrow\"]"}
COMMAND: POST /session/65af7eee0b689fbc32704a37c909740d/element/f.4EA148EC701C5F901E073CD471E0C43C.d.157DA7C2BBDAEAD6DA149E56F572179A.e.716/click - {}
RESULT: {}
COMMAND: POST /session/65af7eee0b689fbc32704a37c909740d/element - {"using":"xpath","value":"//span[contains(text(), \"Cost Center\")]"}
COMMAND: GET /session/65af7eee0b689fbc32704a37c909740d/screenshot - {}
RESULT: {"using":"xpath","value":"//span[contains(text(), \"Cost Center\")]"}
COMMAND: POST /session/65af7eee0b689fbc32704a37c909740d/element/f.4EA148EC701C5F901E073CD471E0C43C.d.157DA7C2BBDAEAD6DA149E56F572179A.e.717/click - {}
RESULT: {}
RESULT: {}
COMMAND: GET /session/65af7eee0b689fbc32704a37c909740d/screenshot - {}
RESULT: {}
COMMAND: POST /session/65af7eee0b689fbc32704a37c909740d/element - {"using":"xpath","value":"//span[@id=\"application-manageyards-display-component---NewYard--addressNewCostObjectCstID-vhi\"]"}
RESULT: {"using":"xpath","value":"//span[@id=\"application-manageyards-display-component---NewYard--addressNewCostObjectCstID-vhi\"]"}
COMMAND: POST /session/65af7eee0b689fbc32704a37c909740d/execute/sync - {"script":"<script> [8489 bytes]","args":[{"element-6066-11e4-a52e-4f735466cecf":"f.4EA148EC701C5F901E073CD471E0C43C.d.157DA7C2BBDAEAD6DA149E56F572179A.e.721","ELEMENT":"f.4EA148EC701C5F901E073CD471E0C43C.d.157DA7C2BBDAEAD6DA149E56F572179A.e.721"}]}
RESULT: {"script":"<script> [8489 bytes]","args":[{"element-6066-11e4-a52e-4f735466cecf":"f.4EA148EC701C5F901E073CD471E0C43C.d.157DA7C2BBDAEAD6DA149E56F572179A.e.721","ELEMENT":"f.4EA148EC701C5F901E073CD471E0C43C.d.157DA7C2BBDAEAD6DA149E56F572179A.e.721"}]}
COMMAND: POST /session/65af7eee0b689fbc32704a37c909740d/execute/async - {"script":"<script> [1562 bytes]","args":[{"selector":{"id":"application-manageyards-display-component---NewYard--addressNewCostObjectCstID-vhi"},"wdio_ui5_key":"applicationmanageyards-display-component---NewYard--addressNewCostObjectCstID-vhi"}]}
COMMAND: GET /session/65af7eee0b689fbc32704a37c909740d/screenshot - {}
RESULT: {"script":"<script> [1562 bytes]","args":[{"selector":{"id":"application-manageyards-display-component---NewYard--addressNewCostObjectCstID-vhi"},"wdio_ui5_key":"applicationmanageyards-display-component---NewYard--addressNewCostObjectCstID-vhi"}]}
RESULT: undefined
COMMAND: POST /session/65af7eee0b689fbc32704a37c909740d/element - {"using":"xpath","value":"//*[@id=\"application-manageyards-display-component---NewYard--addressNewCostObjectCstID-vhi\"]"}
RESULT: {}
RESULT: {"using":"xpath","value":"//*[@id=\"application-manageyards-display-component---NewYard--addressNewCostObjectCstID-vhi\"]"}
COMMAND: POST /session/65af7eee0b689fbc32704a37c909740d/element/f.4EA148EC701C5F901E073CD471E0C43C.d.157DA7C2BBDAEAD6DA149E56F572179A.e.721/click - {}
RESULT: {}
COMMAND: GET /session/65af7eee0b689fbc32704a37c909740d/screenshot - {}
RESULT: {}
COMMAND: POST /session/65af7eee0b689fbc32704a37c909740d/execute/async - {"script":"<script> [1562 bytes]","args":[{"selector":{"controlType":"sap.m.SearchField","properties":{"placeholder":"Search"},"searchOpenDialogs":true,"interaction":{"idSuffix":"I"}},"wdio_ui5_key":"sapm.SearchField{\"placeholder\":\"Search\"}"}]}
RESULT: {"script":"<script> [1562 bytes]","args":[{"selector":{"controlType":"sap.m.SearchField","properties":{"placeholder":"Search"},"searchOpenDialogs":true,"interaction":{"idSuffix":"I"}},"wdio_ui5_key":"sapm.SearchField{\"placeholder\":\"Search\"}"}]}
RESULT: undefined
COMMAND: POST /session/65af7eee0b689fbc32704a37c909740d/execute/async - {"script":"<script> [776 bytes]","args":[{"enterText":"10001013","selector":{"controlType":"sap.m.SearchField","properties":{"placeholder":"Search"},"searchOpenDialogs":true,"interaction":{"idSuffix":"I"}},"clearTextFirst":true,"interactionType":"ENTER_TEXT"}]}
RESULT: {"script":"<script> [776 bytes]","args":[{"enterText":"10001013","selector":{"controlType":"sap.m.SearchField","properties":{"placeholder":"Search"},"searchOpenDialogs":true,"interaction":{"idSuffix":"I"}},"clearTextFirst":true,"interactionType":"ENTER_TEXT"}]}
COMMAND: POST /session/65af7eee0b689fbc32704a37c909740d/actions - {"actions":[{"id":"action1","type":"key","parameters":{},"actions":[{"type":"keyDown","value":"î€‡"},{"type":"pause","duration":10},{"type":"keyUp","value":"î€‡"}]}]}
RESULT: {"actions":[{"id":"action1","type":"key","parameters":{},"actions":[{"type":"keyDown","value":"î€‡"},{"type":"pause","duration":10},{"type":"keyUp","value":"î€‡"}]}]}
COMMAND: GET /session/65af7eee0b689fbc32704a37c909740d/screenshot - {}
RESULT: {}
COMMAND: POST /session/65af7eee0b689fbc32704a37c909740d/element - {"using":"xpath","value":"//span[contains(text(), \"General Management\")]"}
RESULT: {"using":"xpath","value":"//span[contains(text(), \"General Management\")]"}
COMMAND: POST /session/65af7eee0b689fbc32704a37c909740d/element/f.4EA148EC701C5F901E073CD471E0C43C.d.157DA7C2BBDAEAD6DA149E56F572179A.e.764/click - {}
RESULT: {}
COMMAND: GET /session/65af7eee0b689fbc32704a37c909740d/screenshot - {}
RESULT: {}
COMMAND: POST /session/65af7eee0b689fbc32704a37c909740d/element - {"using":"xpath","value":"//bdi[contains(text(), \"OK\")]"}
RESULT: {"using":"xpath","value":"//bdi[contains(text(), \"OK\")]"}
COMMAND: POST /session/65af7eee0b689fbc32704a37c909740d/element/f.4EA148EC701C5F901E073CD471E0C43C.d.157DA7C2BBDAEAD6DA149E56F572179A.e.765/click - {}
RESULT: {}
COMMAND: GET /session/65af7eee0b689fbc32704a37c909740d/screenshot - {}
RESULT: {}
COMMAND: POST /session/65af7eee0b689fbc32704a37c909740d/execute/async - {"script":"<script> [1562 bytes]","args":[{"selector":{"id":"application-manageyards-display-component---NewYard--addressEditDetailsCurrency-arrow"},"wdio_ui5_key":"applicationmanageyards-display-component---NewYard--addressEditDetailsCurrency-arrow"}]}
RESULT: {"script":"<script> [1562 bytes]","args":[{"selector":{"id":"application-manageyards-display-component---NewYard--addressEditDetailsCurrency-arrow"},"wdio_ui5_key":"applicationmanageyards-display-component---NewYard--addressEditDetailsCurrency-arrow"}]}
RESULT: undefined
COMMAND: POST /session/65af7eee0b689fbc32704a37c909740d/element - {"using":"xpath","value":"//*[@id=\"application-manageyards-display-component---NewYard--addressEditDetailsCurrency-arrow\"]"}
RESULT: {"using":"xpath","value":"//*[@id=\"application-manageyards-display-component---NewYard--addressEditDetailsCurrency-arrow\"]"}
COMMAND: POST /session/65af7eee0b689fbc32704a37c909740d/element/f.4EA148EC701C5F901E073CD471E0C43C.d.157DA7C2BBDAEAD6DA149E56F572179A.e.768/click - {}
RESULT: {}
COMMAND: POST /session/65af7eee0b689fbc32704a37c909740d/element - {"using":"xpath","value":"//span[contains(text(), \"Euro\")]"}
COMMAND: GET /session/65af7eee0b689fbc32704a37c909740d/screenshot - {}
RESULT: {"using":"xpath","value":"//span[contains(text(), \"Euro\")]"}
COMMAND: POST /session/65af7eee0b689fbc32704a37c909740d/element/f.4EA148EC701C5F901E073CD471E0C43C.d.157DA7C2BBDAEAD6DA149E56F572179A.e.769/click - {}
RESULT: {}
RESULT: {}
COMMAND: POST /session/65af7eee0b689fbc32704a37c909740d/execute/async - {"script":"<script> [1562 bytes]","args":[{"selector":{"controlType":"sap.m.Input","viewName":"etm.portal.ui.manageyards.view.New","viewId":"application-manageyards-display-component---NewYard","bindingPath":{"path":"","propertyPath":"/CONTROLLING_AREA","modelName":"NewYardModel"},"interaction":{"idSuffix":"inner"}},"wdio_ui5_key":"etmportal.ui.manageyards.view.Newsap.m.Input{\"path\":\"\",\"propertyPath\":\"/CONTROLLING_AREA\",\"modelName\":\"NewYardModel\"}"}]}
COMMAND: GET /session/65af7eee0b689fbc32704a37c909740d/screenshot - {}
RESULT: {"script":"<script> [1562 bytes]","args":[{"selector":{"controlType":"sap.m.Input","viewName":"etm.portal.ui.manageyards.view.New","viewId":"application-manageyards-display-component---NewYard","bindingPath":{"path":"","propertyPath":"/CONTROLLING_AREA","modelName":"NewYardModel"},"interaction":{"idSuffix":"inner"}},"wdio_ui5_key":"etmportal.ui.manageyards.view.Newsap.m.Input{\"path\":\"\",\"propertyPath\":\"/CONTROLLING_AREA\",\"modelName\":\"NewYardModel\"}"}]}
RESULT: undefined
COMMAND: POST /session/65af7eee0b689fbc32704a37c909740d/execute/async - {"script":"<script> [776 bytes]","args":[{"enterText":"Z001","selector":{"controlType":"sap.m.Input","viewName":"etm.portal.ui.manageyards.view.New","viewId":"application-manageyards-display-component---NewYard","bindingPath":{"path":"","propertyPath":"/CONTROLLING_AREA","modelName":"NewYardModel"},"interaction":{"idSuffix":"inner"}},"clearTextFirst":true,"interactionType":"ENTER_TEXT"}]}
RESULT: {}
RESULT: {"script":"<script> [776 bytes]","args":[{"enterText":"Z001","selector":{"controlType":"sap.m.Input","viewName":"etm.portal.ui.manageyards.view.New","viewId":"application-manageyards-display-component---NewYard","bindingPath":{"path":"","propertyPath":"/CONTROLLING_AREA","modelName":"NewYardModel"},"interaction":{"idSuffix":"inner"}},"clearTextFirst":true,"interactionType":"ENTER_TEXT"}]}
COMMAND: POST /session/65af7eee0b689fbc32704a37c909740d/execute/async - {"script":"<script> [1562 bytes]","args":[{"selector":{"id":"application-manageyards-display-component---NewYard--companyCodeComboBox","interaction":{"idSuffix":"inner"}},"wdio_ui5_key":"applicationmanageyards-display-component---NewYard--companyCodeComboBox"}]}
RESULT: {"script":"<script> [1562 bytes]","args":[{"selector":{"id":"application-manageyards-display-component---NewYard--companyCodeComboBox","interaction":{"idSuffix":"inner"}},"wdio_ui5_key":"applicationmanageyards-display-component---NewYard--companyCodeComboBox"}]}
RESULT: undefined
COMMAND: POST /session/65af7eee0b689fbc32704a37c909740d/execute/async - {"script":"<script> [776 bytes]","args":[{"enterText":"1000","selector":{"id":"application-manageyards-display-component---NewYard--companyCodeComboBox","interaction":{"idSuffix":"inner"}},"clearTextFirst":true,"interactionType":"ENTER_TEXT"}]}
RESULT: {"script":"<script> [776 bytes]","args":[{"enterText":"1000","selector":{"id":"application-manageyards-display-component---NewYard--companyCodeComboBox","interaction":{"idSuffix":"inner"}},"clearTextFirst":true,"interactionType":"ENTER_TEXT"}]}
COMMAND: POST /session/65af7eee0b689fbc32704a37c909740d/execute/async - {"script":"<script> [1562 bytes]","args":[{"selector":{"controlType":"sap.m.Input","viewName":"etm.portal.ui.manageyards.view.New","viewId":"application-manageyards-display-component---NewYard","bindingPath":{"path":"","propertyPath":"/PLANT","modelName":"NewYardModel"},"interaction":{"idSuffix":"inner"}},"wdio_ui5_key":"etmportal.ui.manageyards.view.Newsap.m.Input{\"path\":\"\",\"propertyPath\":\"/PLANT\",\"modelName\":\"NewYardModel\"}"}]}
RESULT: {"script":"<script> [1562 bytes]","args":[{"selector":{"controlType":"sap.m.Input","viewName":"etm.portal.ui.manageyards.view.New","viewId":"application-manageyards-display-component---NewYard","bindingPath":{"path":"","propertyPath":"/PLANT","modelName":"NewYardModel"},"interaction":{"idSuffix":"inner"}},"wdio_ui5_key":"etmportal.ui.manageyards.view.Newsap.m.Input{\"path\":\"\",\"propertyPath\":\"/PLANT\",\"modelName\":\"NewYardModel\"}"}]}
RESULT: undefined
COMMAND: POST /session/65af7eee0b689fbc32704a37c909740d/execute/async - {"script":"<script> [776 bytes]","args":[{"enterText":"1001","selector":{"controlType":"sap.m.Input","viewName":"etm.portal.ui.manageyards.view.New","viewId":"application-manageyards-display-component---NewYard","bindingPath":{"path":"","propertyPath":"/PLANT","modelName":"NewYardModel"},"interaction":{"idSuffix":"inner"}},"clearTextFirst":true,"interactionType":"ENTER_TEXT"}]}
RESULT: {"script":"<script> [776 bytes]","args":[{"enterText":"1001","selector":{"controlType":"sap.m.Input","viewName":"etm.portal.ui.manageyards.view.New","viewId":"application-manageyards-display-component---NewYard","bindingPath":{"path":"","propertyPath":"/PLANT","modelName":"NewYardModel"},"interaction":{"idSuffix":"inner"}},"clearTextFirst":true,"interactionType":"ENTER_TEXT"}]}
COMMAND: POST /session/65af7eee0b689fbc32704a37c909740d/execute/async - {"script":"<script> [1562 bytes]","args":[{"selector":{"controlType":"sap.m.Input","viewName":"etm.portal.ui.manageyards.view.New","viewId":"application-manageyards-display-component---NewYard","bindingPath":{"path":"","propertyPath":"/SALES_AREA_VKORG","modelName":"NewYardModel"},"interaction":{"idSuffix":"inner"}},"wdio_ui5_key":"etmportal.ui.manageyards.view.Newsap.m.Input{\"path\":\"\",\"propertyPath\":\"/SALES_AREA_VKORG\",\"modelName\":\"NewYardModel\"}"}]}
RESULT: {"script":"<script> [1562 bytes]","args":[{"selector":{"controlType":"sap.m.Input","viewName":"etm.portal.ui.manageyards.view.New","viewId":"application-manageyards-display-component---NewYard","bindingPath":{"path":"","propertyPath":"/SALES_AREA_VKORG","modelName":"NewYardModel"},"interaction":{"idSuffix":"inner"}},"wdio_ui5_key":"etmportal.ui.manageyards.view.Newsap.m.Input{\"path\":\"\",\"propertyPath\":\"/SALES_AREA_VKORG\",\"modelName\":\"NewYardModel\"}"}]}
RESULT: undefined
COMMAND: POST /session/65af7eee0b689fbc32704a37c909740d/execute/async - {"script":"<script> [776 bytes]","args":[{"enterText":"C002","selector":{"controlType":"sap.m.Input","viewName":"etm.portal.ui.manageyards.view.New","viewId":"application-manageyards-display-component---NewYard","bindingPath":{"path":"","propertyPath":"/SALES_AREA_VKORG","modelName":"NewYardModel"},"interaction":{"idSuffix":"inner"}},"clearTextFirst":true,"interactionType":"ENTER_TEXT"}]}
RESULT: {"script":"<script> [776 bytes]","args":[{"enterText":"C002","selector":{"controlType":"sap.m.Input","viewName":"etm.portal.ui.manageyards.view.New","viewId":"application-manageyards-display-component---NewYard","bindingPath":{"path":"","propertyPath":"/SALES_AREA_VKORG","modelName":"NewYardModel"},"interaction":{"idSuffix":"inner"}},"clearTextFirst":true,"interactionType":"ENTER_TEXT"}]}
COMMAND: POST /session/65af7eee0b689fbc32704a37c909740d/execute/async - {"script":"<script> [1562 bytes]","args":[{"selector":{"controlType":"sap.m.Input","viewName":"etm.portal.ui.manageyards.view.New","viewId":"application-manageyards-display-component---NewYard","bindingPath":{"path":"","propertyPath":"/SALES_AREA_VTWEG","modelName":"NewYardModel"},"interaction":{"idSuffix":"inner"}},"wdio_ui5_key":"etmportal.ui.manageyards.view.Newsap.m.Input{\"path\":\"\",\"propertyPath\":\"/SALES_AREA_VTWEG\",\"modelName\":\"NewYardModel\"}"}]}
RESULT: {"script":"<script> [1562 bytes]","args":[{"selector":{"controlType":"sap.m.Input","viewName":"etm.portal.ui.manageyards.view.New","viewId":"application-manageyards-display-component---NewYard","bindingPath":{"path":"","propertyPath":"/SALES_AREA_VTWEG","modelName":"NewYardModel"},"interaction":{"idSuffix":"inner"}},"wdio_ui5_key":"etmportal.ui.manageyards.view.Newsap.m.Input{\"path\":\"\",\"propertyPath\":\"/SALES_AREA_VTWEG\",\"modelName\":\"NewYardModel\"}"}]}
RESULT: undefined
COMMAND: POST /session/65af7eee0b689fbc32704a37c909740d/execute/async - {"script":"<script> [776 bytes]","args":[{"enterText":"C2","selector":{"controlType":"sap.m.Input","viewName":"etm.portal.ui.manageyards.view.New","viewId":"application-manageyards-display-component---NewYard","bindingPath":{"path":"","propertyPath":"/SALES_AREA_VTWEG","modelName":"NewYardModel"},"interaction":{"idSuffix":"inner"}},"clearTextFirst":true,"interactionType":"ENTER_TEXT"}]}
RESULT: {"script":"<script> [776 bytes]","args":[{"enterText":"C2","selector":{"controlType":"sap.m.Input","viewName":"etm.portal.ui.manageyards.view.New","viewId":"application-manageyards-display-component---NewYard","bindingPath":{"path":"","propertyPath":"/SALES_AREA_VTWEG","modelName":"NewYardModel"},"interaction":{"idSuffix":"inner"}},"clearTextFirst":true,"interactionType":"ENTER_TEXT"}]}
COMMAND: POST /session/65af7eee0b689fbc32704a37c909740d/execute/async - {"script":"<script> [1562 bytes]","args":[{"selector":{"controlType":"sap.m.Input","viewName":"etm.portal.ui.manageyards.view.New","viewId":"application-manageyards-display-component---NewYard","bindingPath":{"path":"","propertyPath":"/SALES_AREA_SPART","modelName":"NewYardModel"},"interaction":{"idSuffix":"inner"}},"wdio_ui5_key":"etmportal.ui.manageyards.view.Newsap.m.Input{\"path\":\"\",\"propertyPath\":\"/SALES_AREA_SPART\",\"modelName\":\"NewYardModel\"}"}]}
RESULT: {"script":"<script> [1562 bytes]","args":[{"selector":{"controlType":"sap.m.Input","viewName":"etm.portal.ui.manageyards.view.New","viewId":"application-manageyards-display-component---NewYard","bindingPath":{"path":"","propertyPath":"/SALES_AREA_SPART","modelName":"NewYardModel"},"interaction":{"idSuffix":"inner"}},"wdio_ui5_key":"etmportal.ui.manageyards.view.Newsap.m.Input{\"path\":\"\",\"propertyPath\":\"/SALES_AREA_SPART\",\"modelName\":\"NewYardModel\"}"}]}
RESULT: undefined
COMMAND: POST /session/65af7eee0b689fbc32704a37c909740d/execute/async - {"script":"<script> [776 bytes]","args":[{"enterText":"C2","selector":{"controlType":"sap.m.Input","viewName":"etm.portal.ui.manageyards.view.New","viewId":"application-manageyards-display-component---NewYard","bindingPath":{"path":"","propertyPath":"/SALES_AREA_SPART","modelName":"NewYardModel"},"interaction":{"idSuffix":"inner"}},"clearTextFirst":true,"interactionType":"ENTER_TEXT"}]}
RESULT: {"script":"<script> [776 bytes]","args":[{"enterText":"C2","selector":{"controlType":"sap.m.Input","viewName":"etm.portal.ui.manageyards.view.New","viewId":"application-manageyards-display-component---NewYard","bindingPath":{"path":"","propertyPath":"/SALES_AREA_SPART","modelName":"NewYardModel"},"interaction":{"idSuffix":"inner"}},"clearTextFirst":true,"interactionType":"ENTER_TEXT"}]}
COMMAND: POST /session/65af7eee0b689fbc32704a37c909740d/execute/async - {"script":"<script> [1562 bytes]","args":[{"selector":{"controlType":"sap.m.Input","viewName":"etm.portal.ui.manageyards.view.New","viewId":"application-manageyards-display-component---NewYard","bindingPath":{"path":"","propertyPath":"/SHIP_POINT","modelName":"NewYardModel"},"interaction":{"idSuffix":"inner"}},"wdio_ui5_key":"etmportal.ui.manageyards.view.Newsap.m.Input{\"path\":\"\",\"propertyPath\":\"/SHIP_POINT\",\"modelName\":\"NewYardModel\"}"}]}
RESULT: {"script":"<script> [1562 bytes]","args":[{"selector":{"controlType":"sap.m.Input","viewName":"etm.portal.ui.manageyards.view.New","viewId":"application-manageyards-display-component---NewYard","bindingPath":{"path":"","propertyPath":"/SHIP_POINT","modelName":"NewYardModel"},"interaction":{"idSuffix":"inner"}},"wdio_ui5_key":"etmportal.ui.manageyards.view.Newsap.m.Input{\"path\":\"\",\"propertyPath\":\"/SHIP_POINT\",\"modelName\":\"NewYardModel\"}"}]}
RESULT: undefined
COMMAND: POST /session/65af7eee0b689fbc32704a37c909740d/execute/async - {"script":"<script> [776 bytes]","args":[{"enterText":"1710","selector":{"controlType":"sap.m.Input","viewName":"etm.portal.ui.manageyards.view.New","viewId":"application-manageyards-display-component---NewYard","bindingPath":{"path":"","propertyPath":"/SHIP_POINT","modelName":"NewYardModel"},"interaction":{"idSuffix":"inner"}},"clearTextFirst":true,"interactionType":"ENTER_TEXT"}]}
RESULT: {"script":"<script> [776 bytes]","args":[{"enterText":"1710","selector":{"controlType":"sap.m.Input","viewName":"etm.portal.ui.manageyards.view.New","viewId":"application-manageyards-display-component---NewYard","bindingPath":{"path":"","propertyPath":"/SHIP_POINT","modelName":"NewYardModel"},"interaction":{"idSuffix":"inner"}},"clearTextFirst":true,"interactionType":"ENTER_TEXT"}]}
COMMAND: POST /session/65af7eee0b689fbc32704a37c909740d/execute/async - {"script":"<script> [1562 bytes]","args":[{"selector":{"controlType":"sap.m.Input","viewName":"etm.portal.ui.manageyards.view.New","viewId":"application-manageyards-display-component---NewYard","bindingPath":{"path":"","propertyPath":"/DELIVERY_TYPE","modelName":"NewYardModel"},"interaction":{"idSuffix":"inner"}},"wdio_ui5_key":"etmportal.ui.manageyards.view.Newsap.m.Input{\"path\":\"\",\"propertyPath\":\"/DELIVERY_TYPE\",\"modelName\":\"NewYardModel\"}"}]}
RESULT: {"script":"<script> [1562 bytes]","args":[{"selector":{"controlType":"sap.m.Input","viewName":"etm.portal.ui.manageyards.view.New","viewId":"application-manageyards-display-component---NewYard","bindingPath":{"path":"","propertyPath":"/DELIVERY_TYPE","modelName":"NewYardModel"},"interaction":{"idSuffix":"inner"}},"wdio_ui5_key":"etmportal.ui.manageyards.view.Newsap.m.Input{\"path\":\"\",\"propertyPath\":\"/DELIVERY_TYPE\",\"modelName\":\"NewYardModel\"}"}]}
RESULT: undefined
COMMAND: POST /session/65af7eee0b689fbc32704a37c909740d/execute/async - {"script":"<script> [776 bytes]","args":[{"enterText":"ZL01","selector":{"controlType":"sap.m.Input","viewName":"etm.portal.ui.manageyards.view.New","viewId":"application-manageyards-display-component---NewYard","bindingPath":{"path":"","propertyPath":"/DELIVERY_TYPE","modelName":"NewYardModel"},"interaction":{"idSuffix":"inner"}},"clearTextFirst":true,"interactionType":"ENTER_TEXT"}]}
RESULT: {"script":"<script> [776 bytes]","args":[{"enterText":"ZL01","selector":{"controlType":"sap.m.Input","viewName":"etm.portal.ui.manageyards.view.New","viewId":"application-manageyards-display-component---NewYard","bindingPath":{"path":"","propertyPath":"/DELIVERY_TYPE","modelName":"NewYardModel"},"interaction":{"idSuffix":"inner"}},"clearTextFirst":true,"interactionType":"ENTER_TEXT"}]}
COMMAND: POST /session/65af7eee0b689fbc32704a37c909740d/execute/async - {"script":"<script> [1562 bytes]","args":[{"selector":{"controlType":"sap.m.Input","viewName":"etm.portal.ui.manageyards.view.New","viewId":"application-manageyards-display-component---NewYard","bindingPath":{"path":"","propertyPath":"/AUART","modelName":"NewYardModel"},"interaction":{"idSuffix":"inner"}},"wdio_ui5_key":"etmportal.ui.manageyards.view.Newsap.m.Input{\"path\":\"\",\"propertyPath\":\"/AUART\",\"modelName\":\"NewYardModel\"}"}]}
RESULT: {"script":"<script> [1562 bytes]","args":[{"selector":{"controlType":"sap.m.Input","viewName":"etm.portal.ui.manageyards.view.New","viewId":"application-manageyards-display-component---NewYard","bindingPath":{"path":"","propertyPath":"/AUART","modelName":"NewYardModel"},"interaction":{"idSuffix":"inner"}},"wdio_ui5_key":"etmportal.ui.manageyards.view.Newsap.m.Input{\"path\":\"\",\"propertyPath\":\"/AUART\",\"modelName\":\"NewYardModel\"}"}]}
RESULT: undefined
COMMAND: POST /session/65af7eee0b689fbc32704a37c909740d/execute/async - {"script":"<script> [776 bytes]","args":[{"enterText":"TA","selector":{"controlType":"sap.m.Input","viewName":"etm.portal.ui.manageyards.view.New","viewId":"application-manageyards-display-component---NewYard","bindingPath":{"path":"","propertyPath":"/AUART","modelName":"NewYardModel"},"interaction":{"idSuffix":"inner"}},"clearTextFirst":true,"interactionType":"ENTER_TEXT"}]}
RESULT: {"script":"<script> [776 bytes]","args":[{"enterText":"TA","selector":{"controlType":"sap.m.Input","viewName":"etm.portal.ui.manageyards.view.New","viewId":"application-manageyards-display-component---NewYard","bindingPath":{"path":"","propertyPath":"/AUART","modelName":"NewYardModel"},"interaction":{"idSuffix":"inner"}},"clearTextFirst":true,"interactionType":"ENTER_TEXT"}]}
COMMAND: POST /session/65af7eee0b689fbc32704a37c909740d/element - {"using":"xpath","value":"//button[@data-kt=\"newYardSaveButton\"]"}
RESULT: {"using":"xpath","value":"//button[@data-kt=\"newYardSaveButton\"]"}
COMMAND: POST /session/65af7eee0b689fbc32704a37c909740d/element/f.4EA148EC701C5F901E073CD471E0C43C.d.157DA7C2BBDAEAD6DA149E56F572179A.e.670/click - {}
RESULT: {}
COMMAND: GET /session/65af7eee0b689fbc32704a37c909740d/screenshot - {}
RESULT: {}
COMMAND: POST /session/65af7eee0b689fbc32704a37c909740d/element - {"using":"xpath","value":"//header[contains(@id, 'ObjectPageLayout-headerTitle')]/div[1]/div[2]/div[1]/span[1]"}
RESULT: {"using":"xpath","value":"//header[contains(@id, 'ObjectPageLayout-headerTitle')]/div[1]/div[2]/div[1]/span[1]"}
COMMAND: POST /session/65af7eee0b689fbc32704a37c909740d/elements - {"using":"xpath","value":"//header[contains(@id, 'ObjectPageLayout-headerTitle')]/div[1]/div[2]/div[1]/span[1]"}
RESULT: {"using":"xpath","value":"//header[contains(@id, 'ObjectPageLayout-headerTitle')]/div[1]/div[2]/div[1]/span[1]"}
COMMAND: POST /session/65af7eee0b689fbc32704a37c909740d/execute/sync - {"script":"<script> [56 bytes]","args":[{"element-6066-11e4-a52e-4f735466cecf":"f.4EA148EC701C5F901E073CD471E0C43C.d.157DA7C2BBDAEAD6DA149E56F572179A.e.998","ELEMENT":"f.4EA148EC701C5F901E073CD471E0C43C.d.157DA7C2BBDAEAD6DA149E56F572179A.e.998"}]}
RESULT: {"script":"<script> [56 bytes]","args":[{"element-6066-11e4-a52e-4f735466cecf":"f.4EA148EC701C5F901E073CD471E0C43C.d.157DA7C2BBDAEAD6DA149E56F572179A.e.998","ELEMENT":"f.4EA148EC701C5F901E073CD471E0C43C.d.157DA7C2BBDAEAD6DA149E56F572179A.e.998"}]}
COMMAND: GET /session/65af7eee0b689fbc32704a37c909740d/screenshot - {}
RESULT: {}
COMMAND: POST /session/65af7eee0b689fbc32704a37c909740d/element - {"using":"css selector","value":"#shell-header-logo"}
RESULT: {"using":"css selector","value":"#shell-header-logo"}
COMMAND: POST /session/65af7eee0b689fbc32704a37c909740d/element/f.4EA148EC701C5F901E073CD471E0C43C.d.157DA7C2BBDAEAD6DA149E56F572179A.e.246/click - {}
RESULT: {}
COMMAND: GET /session/65af7eee0b689fbc32704a37c909740d/screenshot - {}
RESULT: {}
COMMAND: POST /session/65af7eee0b689fbc32704a37c909740d/execute/sync - {"script":"<script> [299 bytes]","args":[["getModel","getResource"]]}
RESULT: {"script":"<script> [299 bytes]","args":[["getModel","getResource"]]}
COMMAND: GET /session/65af7eee0b689fbc32704a37c909740d/screenshot - {}
]]></system-out>
    </testcase>
    <testcase classname="chrome.136_0_7103_49.windows.Billing_confirm_US117289" name="Should create a new partner" time="150.067">
      <system-out><![CDATA[
COMMAND: POST /session/65af7eee0b689fbc32704a37c909740d/window/fullscreen - {}
RESULT: {}
RESULT: {}
COMMAND: POST /session/65af7eee0b689fbc32704a37c909740d/execute/async - {"script":"<script> [1562 bytes]","args":[{"selector":{"controlType":"sap.m.GenericTile","properties":{"header":"Manage Partners"}},"wdio_ui5_key":"sapm.GenericTile{\"header\":\"Manage Partners\"}"}]}
RESULT: {"script":"<script> [1562 bytes]","args":[{"selector":{"controlType":"sap.m.GenericTile","properties":{"header":"Manage Partners"}},"wdio_ui5_key":"sapm.GenericTile{\"header\":\"Manage Partners\"}"}]}
RESULT: undefined
COMMAND: POST /session/65af7eee0b689fbc32704a37c909740d/element - {"using":"xpath","value":"//*[@id=\"__tile38\"]"}
RESULT: {"using":"xpath","value":"//*[@id=\"__tile38\"]"}
COMMAND: POST /session/65af7eee0b689fbc32704a37c909740d/element/f.4EA148EC701C5F901E073CD471E0C43C.d.157DA7C2BBDAEAD6DA149E56F572179A.e.133/click - {}
RESULT: {}
COMMAND: POST /session/65af7eee0b689fbc32704a37c909740d/element - {"using":"xpath","value":"//button[@data-kt=\"addButton\"]"}
COMMAND: GET /session/65af7eee0b689fbc32704a37c909740d/screenshot - {}
RESULT: {"using":"xpath","value":"//button[@data-kt=\"addButton\"]"}
COMMAND: POST /session/65af7eee0b689fbc32704a37c909740d/elements - {"using":"xpath","value":"//button[@data-kt=\"addButton\"]"}
RESULT: {}
RESULT: {"using":"xpath","value":"//button[@data-kt=\"addButton\"]"}
COMMAND: POST /session/65af7eee0b689fbc32704a37c909740d/elements - {"using":"xpath","value":"//button[@data-kt=\"addButton\"]"}
RESULT: {"using":"xpath","value":"//button[@data-kt=\"addButton\"]"}
COMMAND: POST /session/65af7eee0b689fbc32704a37c909740d/elements - {"using":"xpath","value":"//button[@data-kt=\"addButton\"]"}
RESULT: {"using":"xpath","value":"//button[@data-kt=\"addButton\"]"}
COMMAND: POST /session/65af7eee0b689fbc32704a37c909740d/elements - {"using":"xpath","value":"//button[@data-kt=\"addButton\"]"}
RESULT: {"using":"xpath","value":"//button[@data-kt=\"addButton\"]"}
COMMAND: POST /session/65af7eee0b689fbc32704a37c909740d/elements - {"using":"xpath","value":"//button[@data-kt=\"addButton\"]"}
RESULT: {"using":"xpath","value":"//button[@data-kt=\"addButton\"]"}
COMMAND: POST /session/65af7eee0b689fbc32704a37c909740d/elements - {"using":"xpath","value":"//button[@data-kt=\"addButton\"]"}
RESULT: {"using":"xpath","value":"//button[@data-kt=\"addButton\"]"}
COMMAND: POST /session/65af7eee0b689fbc32704a37c909740d/elements - {"using":"xpath","value":"//button[@data-kt=\"addButton\"]"}
RESULT: {"using":"xpath","value":"//button[@data-kt=\"addButton\"]"}
COMMAND: POST /session/65af7eee0b689fbc32704a37c909740d/elements - {"using":"xpath","value":"//button[@data-kt=\"addButton\"]"}
RESULT: {"using":"xpath","value":"//button[@data-kt=\"addButton\"]"}
COMMAND: POST /session/65af7eee0b689fbc32704a37c909740d/elements - {"using":"xpath","value":"//button[@data-kt=\"addButton\"]"}
RESULT: {"using":"xpath","value":"//button[@data-kt=\"addButton\"]"}
COMMAND: POST /session/65af7eee0b689fbc32704a37c909740d/element - {"using":"xpath","value":"//button[@data-kt=\"addButton\"]"}
RESULT: {"using":"xpath","value":"//button[@data-kt=\"addButton\"]"}
COMMAND: POST /session/65af7eee0b689fbc32704a37c909740d/execute/sync - {"script":"<script> [8489 bytes]","args":[{"element-6066-11e4-a52e-4f735466cecf":"f.4EA148EC701C5F901E073CD471E0C43C.d.157DA7C2BBDAEAD6DA149E56F572179A.e.1047","ELEMENT":"f.4EA148EC701C5F901E073CD471E0C43C.d.157DA7C2BBDAEAD6DA149E56F572179A.e.1047"}]}
RESULT: {"script":"<script> [8489 bytes]","args":[{"element-6066-11e4-a52e-4f735466cecf":"f.4EA148EC701C5F901E073CD471E0C43C.d.157DA7C2BBDAEAD6DA149E56F572179A.e.1047","ELEMENT":"f.4EA148EC701C5F901E073CD471E0C43C.d.157DA7C2BBDAEAD6DA149E56F572179A.e.1047"}]}
COMMAND: GET /session/65af7eee0b689fbc32704a37c909740d/element/f.4EA148EC701C5F901E073CD471E0C43C.d.157DA7C2BBDAEAD6DA149E56F572179A.e.1047/enabled - {}
COMMAND: GET /session/65af7eee0b689fbc32704a37c909740d/screenshot - {}
RESULT: {}
RESULT: {}
COMMAND: POST /session/65af7eee0b689fbc32704a37c909740d/execute/sync - {"script":"<script> [8489 bytes]","args":[{"element-6066-11e4-a52e-4f735466cecf":"f.4EA148EC701C5F901E073CD471E0C43C.d.157DA7C2BBDAEAD6DA149E56F572179A.e.1047","ELEMENT":"f.4EA148EC701C5F901E073CD471E0C43C.d.157DA7C2BBDAEAD6DA149E56F572179A.e.1047"}]}
COMMAND: GET /session/65af7eee0b689fbc32704a37c909740d/screenshot - {}
RESULT: {"script":"<script> [8489 bytes]","args":[{"element-6066-11e4-a52e-4f735466cecf":"f.4EA148EC701C5F901E073CD471E0C43C.d.157DA7C2BBDAEAD6DA149E56F572179A.e.1047","ELEMENT":"f.4EA148EC701C5F901E073CD471E0C43C.d.157DA7C2BBDAEAD6DA149E56F572179A.e.1047"}]}
COMMAND: POST /session/65af7eee0b689fbc32704a37c909740d/execute/sync - {"script":"<script> [5351 bytes]","args":[{"element-6066-11e4-a52e-4f735466cecf":"f.4EA148EC701C5F901E073CD471E0C43C.d.157DA7C2BBDAEAD6DA149E56F572179A.e.1047","ELEMENT":"f.4EA148EC701C5F901E073CD471E0C43C.d.157DA7C2BBDAEAD6DA149E56F572179A.e.1047"}]}
COMMAND: GET /session/65af7eee0b689fbc32704a37c909740d/screenshot - {}
RESULT: {}
RESULT: {"script":"<script> [5351 bytes]","args":[{"element-6066-11e4-a52e-4f735466cecf":"f.4EA148EC701C5F901E073CD471E0C43C.d.157DA7C2BBDAEAD6DA149E56F572179A.e.1047","ELEMENT":"f.4EA148EC701C5F901E073CD471E0C43C.d.157DA7C2BBDAEAD6DA149E56F572179A.e.1047"}]}
COMMAND: POST /session/65af7eee0b689fbc32704a37c909740d/element/f.4EA148EC701C5F901E073CD471E0C43C.d.157DA7C2BBDAEAD6DA149E56F572179A.e.1047/click - {}
COMMAND: GET /session/65af7eee0b689fbc32704a37c909740d/screenshot - {}
RESULT: {}
RESULT: {}
COMMAND: GET /session/65af7eee0b689fbc32704a37c909740d/screenshot - {}
COMMAND: POST /session/65af7eee0b689fbc32704a37c909740d/execute/async - {"script":"<script> [1562 bytes]","args":[{"selector":{"id":"application-managepartners-display-component---NewPartner--addressDetailDetailsName1","interaction":{"idSuffix":"inner"}},"wdio_ui5_key":"applicationmanagepartners-display-component---NewPartner--addressDetailDetailsName1"}]}
RESULT: {}
RESULT: {}
RESULT: {"script":"<script> [1562 bytes]","args":[{"selector":{"id":"application-managepartners-display-component---NewPartner--addressDetailDetailsName1","interaction":{"idSuffix":"inner"}},"wdio_ui5_key":"applicationmanagepartners-display-component---NewPartner--addressDetailDetailsName1"}]}
RESULT: undefined
COMMAND: POST /session/65af7eee0b689fbc32704a37c909740d/execute/async - {"script":"<script> [776 bytes]","args":[{"enterText":"Intracompany Partner WDIO","selector":{"id":"application-managepartners-display-component---NewPartner--addressDetailDetailsName1","interaction":{"idSuffix":"inner"}},"clearTextFirst":true,"interactionType":"ENTER_TEXT"}]}
RESULT: {"script":"<script> [776 bytes]","args":[{"enterText":"Intracompany Partner WDIO","selector":{"id":"application-managepartners-display-component---NewPartner--addressDetailDetailsName1","interaction":{"idSuffix":"inner"}},"clearTextFirst":true,"interactionType":"ENTER_TEXT"}]}
COMMAND: POST /session/65af7eee0b689fbc32704a37c909740d/execute/async - {"script":"<script> [1562 bytes]","args":[{"selector":{"id":"application-managepartners-display-component---NewPartner--addressDetailDetailsLanguage-arrow"},"wdio_ui5_key":"applicationmanagepartners-display-component---NewPartner--addressDetailDetailsLanguage-arrow"}]}
RESULT: {"script":"<script> [1562 bytes]","args":[{"selector":{"id":"application-managepartners-display-component---NewPartner--addressDetailDetailsLanguage-arrow"},"wdio_ui5_key":"applicationmanagepartners-display-component---NewPartner--addressDetailDetailsLanguage-arrow"}]}
RESULT: undefined
COMMAND: POST /session/65af7eee0b689fbc32704a37c909740d/element - {"using":"xpath","value":"//*[@id=\"application-managepartners-display-component---NewPartner--addressDetailDetailsLanguage-arrow\"]"}
RESULT: {"using":"xpath","value":"//*[@id=\"application-managepartners-display-component---NewPartner--addressDetailDetailsLanguage-arrow\"]"}
COMMAND: POST /session/65af7eee0b689fbc32704a37c909740d/element/f.4EA148EC701C5F901E073CD471E0C43C.d.157DA7C2BBDAEAD6DA149E56F572179A.e.1467/click - {}
RESULT: {}
COMMAND: POST /session/65af7eee0b689fbc32704a37c909740d/element - {"using":"xpath","value":"//span[contains(text(), \"English\")]"}
COMMAND: GET /session/65af7eee0b689fbc32704a37c909740d/screenshot - {}
RESULT: {"using":"xpath","value":"//span[contains(text(), \"English\")]"}
COMMAND: POST /session/65af7eee0b689fbc32704a37c909740d/element/f.4EA148EC701C5F901E073CD471E0C43C.d.157DA7C2BBDAEAD6DA149E56F572179A.e.1468/click - {}
RESULT: {}
RESULT: {}
COMMAND: GET /session/65af7eee0b689fbc32704a37c909740d/screenshot - {}
RESULT: {}
COMMAND: POST /session/65af7eee0b689fbc32704a37c909740d/execute/async - {"script":"<script> [1562 bytes]","args":[{"selector":{"id":"application-managepartners-display-component---NewPartner--addressDetailDetailsCity1","interaction":{"idSuffix":"inner"}},"wdio_ui5_key":"applicationmanagepartners-display-component---NewPartner--addressDetailDetailsCity1"}]}
RESULT: {"script":"<script> [1562 bytes]","args":[{"selector":{"id":"application-managepartners-display-component---NewPartner--addressDetailDetailsCity1","interaction":{"idSuffix":"inner"}},"wdio_ui5_key":"applicationmanagepartners-display-component---NewPartner--addressDetailDetailsCity1"}]}
RESULT: undefined
COMMAND: POST /session/65af7eee0b689fbc32704a37c909740d/execute/async - {"script":"<script> [776 bytes]","args":[{"enterText":"Rosario","selector":{"id":"application-managepartners-display-component---NewPartner--addressDetailDetailsCity1","interaction":{"idSuffix":"inner"}},"clearTextFirst":true,"interactionType":"ENTER_TEXT"}]}
RESULT: {"script":"<script> [776 bytes]","args":[{"enterText":"Rosario","selector":{"id":"application-managepartners-display-component---NewPartner--addressDetailDetailsCity1","interaction":{"idSuffix":"inner"}},"clearTextFirst":true,"interactionType":"ENTER_TEXT"}]}
COMMAND: POST /session/65af7eee0b689fbc32704a37c909740d/execute/async - {"script":"<script> [1562 bytes]","args":[{"selector":{"id":"application-managepartners-display-component---NewPartner--addressDetailDetailsCountry-arrow"},"wdio_ui5_key":"applicationmanagepartners-display-component---NewPartner--addressDetailDetailsCountry-arrow"}]}
RESULT: {"script":"<script> [1562 bytes]","args":[{"selector":{"id":"application-managepartners-display-component---NewPartner--addressDetailDetailsCountry-arrow"},"wdio_ui5_key":"applicationmanagepartners-display-component---NewPartner--addressDetailDetailsCountry-arrow"}]}
RESULT: undefined
COMMAND: POST /session/65af7eee0b689fbc32704a37c909740d/element - {"using":"xpath","value":"//*[@id=\"application-managepartners-display-component---NewPartner--addressDetailDetailsCountry-arrow\"]"}
RESULT: {"using":"xpath","value":"//*[@id=\"application-managepartners-display-component---NewPartner--addressDetailDetailsCountry-arrow\"]"}
COMMAND: POST /session/65af7eee0b689fbc32704a37c909740d/element/f.4EA148EC701C5F901E073CD471E0C43C.d.157DA7C2BBDAEAD6DA149E56F572179A.e.1428/click - {}
RESULT: {}
COMMAND: POST /session/65af7eee0b689fbc32704a37c909740d/element - {"using":"xpath","value":"//span[contains(text(), \"Argentina\")]"}
COMMAND: GET /session/65af7eee0b689fbc32704a37c909740d/screenshot - {}
RESULT: {"using":"xpath","value":"//span[contains(text(), \"Argentina\")]"}
COMMAND: POST /session/65af7eee0b689fbc32704a37c909740d/element/f.4EA148EC701C5F901E073CD471E0C43C.d.157DA7C2BBDAEAD6DA149E56F572179A.e.1470/click - {}
RESULT: {}
RESULT: {}
COMMAND: GET /session/65af7eee0b689fbc32704a37c909740d/screenshot - {}
RESULT: {}
COMMAND: POST /session/65af7eee0b689fbc32704a37c909740d/element - {"using":"xpath","value":"//bdi[contains(text(), \"Commercial\")]"}
RESULT: {"using":"xpath","value":"//bdi[contains(text(), \"Commercial\")]"}
COMMAND: POST /session/65af7eee0b689fbc32704a37c909740d/element/f.4EA148EC701C5F901E073CD471E0C43C.d.157DA7C2BBDAEAD6DA149E56F572179A.e.1471/click - {}
RESULT: {}
COMMAND: GET /session/65af7eee0b689fbc32704a37c909740d/screenshot - {}
RESULT: {}
COMMAND: POST /session/65af7eee0b689fbc32704a37c909740d/execute/async - {"script":"<script> [1562 bytes]","args":[{"selector":{"id":"application-managepartners-display-component---NewPartner--partnerDetailInternal-arrow"},"wdio_ui5_key":"applicationmanagepartners-display-component---NewPartner--partnerDetailInternal-arrow"}]}
RESULT: {"script":"<script> [1562 bytes]","args":[{"selector":{"id":"application-managepartners-display-component---NewPartner--partnerDetailInternal-arrow"},"wdio_ui5_key":"applicationmanagepartners-display-component---NewPartner--partnerDetailInternal-arrow"}]}
RESULT: undefined
COMMAND: POST /session/65af7eee0b689fbc32704a37c909740d/element - {"using":"xpath","value":"//*[@id=\"application-managepartners-display-component---NewPartner--partnerDetailInternal-arrow\"]"}
RESULT: {"using":"xpath","value":"//*[@id=\"application-managepartners-display-component---NewPartner--partnerDetailInternal-arrow\"]"}
COMMAND: POST /session/65af7eee0b689fbc32704a37c909740d/element/f.4EA148EC701C5F901E073CD471E0C43C.d.157DA7C2BBDAEAD6DA149E56F572179A.e.1478/click - {}
RESULT: {}
COMMAND: POST /session/65af7eee0b689fbc32704a37c909740d/element - {"using":"xpath","value":"//span[contains(text(), \"Affiliated company\")]"}
COMMAND: GET /session/65af7eee0b689fbc32704a37c909740d/screenshot - {}
RESULT: {"using":"xpath","value":"//span[contains(text(), \"Affiliated company\")]"}
COMMAND: POST /session/65af7eee0b689fbc32704a37c909740d/element/f.4EA148EC701C5F901E073CD471E0C43C.d.157DA7C2BBDAEAD6DA149E56F572179A.e.1479/click - {}
RESULT: {}
RESULT: {}
COMMAND: POST /session/65af7eee0b689fbc32704a37c909740d/execute/async - {"script":"<script> [1562 bytes]","args":[{"selector":{"id":"application-managepartners-display-component---NewPartner--partnerDetailsCurrency-arrow"},"wdio_ui5_key":"applicationmanagepartners-display-component---NewPartner--partnerDetailsCurrency-arrow"}]}
COMMAND: GET /session/65af7eee0b689fbc32704a37c909740d/screenshot - {}
RESULT: {"script":"<script> [1562 bytes]","args":[{"selector":{"id":"application-managepartners-display-component---NewPartner--partnerDetailsCurrency-arrow"},"wdio_ui5_key":"applicationmanagepartners-display-component---NewPartner--partnerDetailsCurrency-arrow"}]}
RESULT: undefined
COMMAND: POST /session/65af7eee0b689fbc32704a37c909740d/element - {"using":"xpath","value":"//*[@id=\"application-managepartners-display-component---NewPartner--partnerDetailsCurrency-arrow\"]"}
RESULT: {}
RESULT: {"using":"xpath","value":"//*[@id=\"application-managepartners-display-component---NewPartner--partnerDetailsCurrency-arrow\"]"}
COMMAND: POST /session/65af7eee0b689fbc32704a37c909740d/element/f.4EA148EC701C5F901E073CD471E0C43C.d.157DA7C2BBDAEAD6DA149E56F572179A.e.1486/click - {}
RESULT: {}
COMMAND: POST /session/65af7eee0b689fbc32704a37c909740d/element - {"using":"xpath","value":"//span[contains(text(), \"Euro\")]"}
COMMAND: GET /session/65af7eee0b689fbc32704a37c909740d/screenshot - {}
RESULT: {"using":"xpath","value":"//span[contains(text(), \"Euro\")]"}
COMMAND: POST /session/65af7eee0b689fbc32704a37c909740d/element/f.4EA148EC701C5F901E073CD471E0C43C.d.157DA7C2BBDAEAD6DA149E56F572179A.e.1487/click - {}
RESULT: {}
RESULT: {}
COMMAND: POST /session/65af7eee0b689fbc32704a37c909740d/execute/async - {"script":"<script> [1562 bytes]","args":[{"selector":{"id":"application-managepartners-display-component---NewPartner--addressEditDetailsCostObjectCstType-arrow"},"wdio_ui5_key":"applicationmanagepartners-display-component---NewPartner--addressEditDetailsCostObjectCstType-arrow"}]}
COMMAND: GET /session/65af7eee0b689fbc32704a37c909740d/screenshot - {}
RESULT: {"script":"<script> [1562 bytes]","args":[{"selector":{"id":"application-managepartners-display-component---NewPartner--addressEditDetailsCostObjectCstType-arrow"},"wdio_ui5_key":"applicationmanagepartners-display-component---NewPartner--addressEditDetailsCostObjectCstType-arrow"}]}
RESULT: undefined
COMMAND: POST /session/65af7eee0b689fbc32704a37c909740d/element - {"using":"xpath","value":"//*[@id=\"application-managepartners-display-component---NewPartner--addressEditDetailsCostObjectCstType-arrow\"]"}
RESULT: {}
RESULT: {"using":"xpath","value":"//*[@id=\"application-managepartners-display-component---NewPartner--addressEditDetailsCostObjectCstType-arrow\"]"}
COMMAND: POST /session/65af7eee0b689fbc32704a37c909740d/element/f.4EA148EC701C5F901E073CD471E0C43C.d.157DA7C2BBDAEAD6DA149E56F572179A.e.1488/click - {}
RESULT: {}
COMMAND: POST /session/65af7eee0b689fbc32704a37c909740d/element - {"using":"xpath","value":"//span[contains(text(), \"Cost Center\")]"}
COMMAND: GET /session/65af7eee0b689fbc32704a37c909740d/screenshot - {}
RESULT: {"using":"xpath","value":"//span[contains(text(), \"Cost Center\")]"}
COMMAND: POST /session/65af7eee0b689fbc32704a37c909740d/element/f.4EA148EC701C5F901E073CD471E0C43C.d.157DA7C2BBDAEAD6DA149E56F572179A.e.1489/click - {}
RESULT: {}
RESULT: {}
COMMAND: GET /session/65af7eee0b689fbc32704a37c909740d/screenshot - {}
RESULT: {}
COMMAND: POST /session/65af7eee0b689fbc32704a37c909740d/element - {"using":"xpath","value":"//span[@id=\"application-managepartners-display-component---NewPartner--addressNewCostObjectCstID-vhi\"]"}
RESULT: {"using":"xpath","value":"//span[@id=\"application-managepartners-display-component---NewPartner--addressNewCostObjectCstID-vhi\"]"}
COMMAND: POST /session/65af7eee0b689fbc32704a37c909740d/execute/sync - {"script":"<script> [8489 bytes]","args":[{"element-6066-11e4-a52e-4f735466cecf":"f.4EA148EC701C5F901E073CD471E0C43C.d.157DA7C2BBDAEAD6DA149E56F572179A.e.1493","ELEMENT":"f.4EA148EC701C5F901E073CD471E0C43C.d.157DA7C2BBDAEAD6DA149E56F572179A.e.1493"}]}
RESULT: {"script":"<script> [8489 bytes]","args":[{"element-6066-11e4-a52e-4f735466cecf":"f.4EA148EC701C5F901E073CD471E0C43C.d.157DA7C2BBDAEAD6DA149E56F572179A.e.1493","ELEMENT":"f.4EA148EC701C5F901E073CD471E0C43C.d.157DA7C2BBDAEAD6DA149E56F572179A.e.1493"}]}
COMMAND: POST /session/65af7eee0b689fbc32704a37c909740d/execute/async - {"script":"<script> [1562 bytes]","args":[{"selector":{"id":"application-managepartners-display-component---NewPartner--addressNewCostObjectCstID-vhi"},"wdio_ui5_key":"applicationmanagepartners-display-component---NewPartner--addressNewCostObjectCstID-vhi"}]}
COMMAND: GET /session/65af7eee0b689fbc32704a37c909740d/screenshot - {}
RESULT: {"script":"<script> [1562 bytes]","args":[{"selector":{"id":"application-managepartners-display-component---NewPartner--addressNewCostObjectCstID-vhi"},"wdio_ui5_key":"applicationmanagepartners-display-component---NewPartner--addressNewCostObjectCstID-vhi"}]}
RESULT: undefined
COMMAND: POST /session/65af7eee0b689fbc32704a37c909740d/element - {"using":"xpath","value":"//*[@id=\"application-managepartners-display-component---NewPartner--addressNewCostObjectCstID-vhi\"]"}
RESULT: {}
RESULT: {"using":"xpath","value":"//*[@id=\"application-managepartners-display-component---NewPartner--addressNewCostObjectCstID-vhi\"]"}
COMMAND: POST /session/65af7eee0b689fbc32704a37c909740d/element/f.4EA148EC701C5F901E073CD471E0C43C.d.157DA7C2BBDAEAD6DA149E56F572179A.e.1493/click - {}
RESULT: {}
COMMAND: GET /session/65af7eee0b689fbc32704a37c909740d/screenshot - {}
RESULT: {}
RESULT: undefined
COMMAND: POST /session/65af7eee0b689fbc32704a37c909740d/execute/async - {"script":"<script> [776 bytes]","args":[{"enterText":"10001013","selector":{"controlType":"sap.m.SearchField","properties":{"placeholder":"Search"},"searchOpenDialogs":true,"interaction":{"idSuffix":"I"}},"clearTextFirst":true,"interactionType":"ENTER_TEXT"}]}
RESULT: {"script":"<script> [776 bytes]","args":[{"enterText":"10001013","selector":{"controlType":"sap.m.SearchField","properties":{"placeholder":"Search"},"searchOpenDialogs":true,"interaction":{"idSuffix":"I"}},"clearTextFirst":true,"interactionType":"ENTER_TEXT"}]}
COMMAND: POST /session/65af7eee0b689fbc32704a37c909740d/actions - {"actions":[{"id":"action2","type":"key","parameters":{},"actions":[{"type":"keyDown","value":"î€‡"},{"type":"pause","duration":10},{"type":"keyUp","value":"î€‡"}]}]}
RESULT: {"actions":[{"id":"action2","type":"key","parameters":{},"actions":[{"type":"keyDown","value":"î€‡"},{"type":"pause","duration":10},{"type":"keyUp","value":"î€‡"}]}]}
COMMAND: GET /session/65af7eee0b689fbc32704a37c909740d/screenshot - {}
RESULT: {}
COMMAND: POST /session/65af7eee0b689fbc32704a37c909740d/element - {"using":"xpath","value":"//span[contains(text(), \"General Management\")]"}
RESULT: {"using":"xpath","value":"//span[contains(text(), \"General Management\")]"}
COMMAND: POST /session/65af7eee0b689fbc32704a37c909740d/element/f.4EA148EC701C5F901E073CD471E0C43C.d.157DA7C2BBDAEAD6DA149E56F572179A.e.1533/click - {}
RESULT: {}
COMMAND: GET /session/65af7eee0b689fbc32704a37c909740d/screenshot - {}
RESULT: {}
COMMAND: POST /session/65af7eee0b689fbc32704a37c909740d/element - {"using":"xpath","value":"//bdi[contains(text(), \"OK\")]"}
RESULT: {"using":"xpath","value":"//bdi[contains(text(), \"OK\")]"}
COMMAND: POST /session/65af7eee0b689fbc32704a37c909740d/element/f.4EA148EC701C5F901E073CD471E0C43C.d.157DA7C2BBDAEAD6DA149E56F572179A.e.1534/click - {}
RESULT: {}
COMMAND: GET /session/65af7eee0b689fbc32704a37c909740d/screenshot - {}
RESULT: {}
COMMAND: POST /session/65af7eee0b689fbc32704a37c909740d/element - {"using":"xpath","value":"//input[@id=\"application-managepartners-display-component---NewPartner--companyCodeComboBox-inner\"]"}
RESULT: {"using":"xpath","value":"//input[@id=\"application-managepartners-display-component---NewPartner--companyCodeComboBox-inner\"]"}
COMMAND: POST /session/65af7eee0b689fbc32704a37c909740d/element/f.4EA148EC701C5F901E073CD471E0C43C.d.157DA7C2BBDAEAD6DA149E56F572179A.e.1381/clear - {}
RESULT: {}
COMMAND: POST /session/65af7eee0b689fbc32704a37c909740d/element/f.4EA148EC701C5F901E073CD471E0C43C.d.157DA7C2BBDAEAD6DA149E56F572179A.e.1381/value - {"text":"1000"}
COMMAND: GET /session/65af7eee0b689fbc32704a37c909740d/screenshot - {}
RESULT: {"text":"1000"}
COMMAND: GET /session/65af7eee0b689fbc32704a37c909740d/screenshot - {}
RESULT: {}
RESULT: {}
COMMAND: POST /session/65af7eee0b689fbc32704a37c909740d/element - {"using":"xpath","value":"//li[.//span[text()= \"1000\"]]"}
RESULT: {"using":"xpath","value":"//li[.//span[text()= \"1000\"]]"}
COMMAND: POST /session/65af7eee0b689fbc32704a37c909740d/element/f.4EA148EC701C5F901E073CD471E0C43C.d.157DA7C2BBDAEAD6DA149E56F572179A.e.1540/click - {}
RESULT: {}
COMMAND: GET /session/65af7eee0b689fbc32704a37c909740d/screenshot - {}
RESULT: {}
COMMAND: POST /session/65af7eee0b689fbc32704a37c909740d/execute/async - {"script":"<script> [1562 bytes]","args":[{"selector":{"id":"application-managepartners-display-component---NewPartner--btnAddTableRow-img"},"wdio_ui5_key":"applicationmanagepartners-display-component---NewPartner--btnAddTableRow-img"}]}
RESULT: {"script":"<script> [1562 bytes]","args":[{"selector":{"id":"application-managepartners-display-component---NewPartner--btnAddTableRow-img"},"wdio_ui5_key":"applicationmanagepartners-display-component---NewPartner--btnAddTableRow-img"}]}
RESULT: undefined
COMMAND: POST /session/65af7eee0b689fbc32704a37c909740d/element - {"using":"xpath","value":"//*[@id=\"application-managepartners-display-component---NewPartner--btnAddTableRow-img\"]"}
RESULT: {"using":"xpath","value":"//*[@id=\"application-managepartners-display-component---NewPartner--btnAddTableRow-img\"]"}
COMMAND: POST /session/65af7eee0b689fbc32704a37c909740d/element/f.4EA148EC701C5F901E073CD471E0C43C.d.157DA7C2BBDAEAD6DA149E56F572179A.e.1541/click - {}
RESULT: {}
COMMAND: GET /session/65af7eee0b689fbc32704a37c909740d/screenshot - {}
RESULT: {}
COMMAND: POST /session/65af7eee0b689fbc32704a37c909740d/element - {"using":"xpath","value":"//input[@id=\"application-managepartners-display-component---NewPartner--assignmentYard-application-managepartners-display-component---NewPartner--assignmentsTable-0-inner\"]"}
RESULT: {"using":"xpath","value":"//input[@id=\"application-managepartners-display-component---NewPartner--assignmentYard-application-managepartners-display-component---NewPartner--assignmentsTable-0-inner\"]"}
COMMAND: POST /session/65af7eee0b689fbc32704a37c909740d/element/f.4EA148EC701C5F901E073CD471E0C43C.d.157DA7C2BBDAEAD6DA149E56F572179A.e.1544/clear - {}
RESULT: {}
COMMAND: POST /session/65af7eee0b689fbc32704a37c909740d/element/f.4EA148EC701C5F901E073CD471E0C43C.d.157DA7C2BBDAEAD6DA149E56F572179A.e.1544/value - {"text":"271"}
COMMAND: GET /session/65af7eee0b689fbc32704a37c909740d/screenshot - {}
RESULT: {"text":"271"}
COMMAND: GET /session/65af7eee0b689fbc32704a37c909740d/screenshot - {}
RESULT: {}
RESULT: {}
COMMAND: POST /session/65af7eee0b689fbc32704a37c909740d/element - {"using":"xpath","value":"//li[.//span[text()='271']]"}
RESULT: {"using":"xpath","value":"//li[.//span[text()='271']]"}
COMMAND: POST /session/65af7eee0b689fbc32704a37c909740d/element/f.4EA148EC701C5F901E073CD471E0C43C.d.157DA7C2BBDAEAD6DA149E56F572179A.e.1553/click - {}
RESULT: {}
COMMAND: GET /session/65af7eee0b689fbc32704a37c909740d/screenshot - {}
RESULT: {}
COMMAND: POST /session/65af7eee0b689fbc32704a37c909740d/actions - {"actions":[{"id":"action3","type":"key","parameters":{},"actions":[{"type":"keyDown","value":"î€‡"},{"type":"pause","duration":10},{"type":"keyUp","value":"î€‡"}]}]}
RESULT: {"actions":[{"id":"action3","type":"key","parameters":{},"actions":[{"type":"keyDown","value":"î€‡"},{"type":"pause","duration":10},{"type":"keyUp","value":"î€‡"}]}]}
COMMAND: POST /session/65af7eee0b689fbc32704a37c909740d/execute/async - {"script":"<script> [1562 bytes]","args":[{"selector":{"id":"application-managepartners-display-component---NewPartner--externalCustomerComboBox-application-managepartners-display-component---NewPartner--assignmentsTable-0-vhi"},"wdio_ui5_key":"applicationmanagepartners-display-component---NewPartner--externalCustomerComboBox-application-managepartners-display-component---NewPartner--assignmentsTable-0-vhi"}]}
COMMAND: GET /session/65af7eee0b689fbc32704a37c909740d/screenshot - {}
RESULT: {"script":"<script> [1562 bytes]","args":[{"selector":{"id":"application-managepartners-display-component---NewPartner--externalCustomerComboBox-application-managepartners-display-component---NewPartner--assignmentsTable-0-vhi"},"wdio_ui5_key":"applicationmanagepartners-display-component---NewPartner--externalCustomerComboBox-application-managepartners-display-component---NewPartner--assignmentsTable-0-vhi"}]}
RESULT: undefined
COMMAND: POST /session/65af7eee0b689fbc32704a37c909740d/element - {"using":"xpath","value":"//*[@id=\"application-managepartners-display-component---NewPartner--externalCustomerComboBox-application-managepartners-display-component---NewPartner--assignmentsTable-0-vhi\"]"}
RESULT: {}
RESULT: {"using":"xpath","value":"//*[@id=\"application-managepartners-display-component---NewPartner--externalCustomerComboBox-application-managepartners-display-component---NewPartner--assignmentsTable-0-vhi\"]"}
COMMAND: POST /session/65af7eee0b689fbc32704a37c909740d/element/f.4EA148EC701C5F901E073CD471E0C43C.d.157DA7C2BBDAEAD6DA149E56F572179A.e.1557/click - {}
RESULT: {}
RESULT: undefined
COMMAND: POST /session/65af7eee0b689fbc32704a37c909740d/execute/async - {"script":"<script> [776 bytes]","args":[{"enterText":"300003","selector":{"controlType":"sap.m.SearchField","properties":{"placeholder":"Search"},"searchOpenDialogs":true,"interaction":{"idSuffix":"I"}},"clearTextFirst":true,"interactionType":"ENTER_TEXT"}]}
COMMAND: GET /session/65af7eee0b689fbc32704a37c909740d/screenshot - {}
RESULT: {}
RESULT: {"script":"<script> [776 bytes]","args":[{"enterText":"300003","selector":{"controlType":"sap.m.SearchField","properties":{"placeholder":"Search"},"searchOpenDialogs":true,"interaction":{"idSuffix":"I"}},"clearTextFirst":true,"interactionType":"ENTER_TEXT"}]}
COMMAND: POST /session/65af7eee0b689fbc32704a37c909740d/actions - {"actions":[{"id":"action4","type":"key","parameters":{},"actions":[{"type":"keyDown","value":"î€‡"},{"type":"pause","duration":10},{"type":"keyUp","value":"î€‡"}]}]}
RESULT: {"actions":[{"id":"action4","type":"key","parameters":{},"actions":[{"type":"keyDown","value":"î€‡"},{"type":"pause","duration":10},{"type":"keyUp","value":"î€‡"}]}]}
COMMAND: GET /session/65af7eee0b689fbc32704a37c909740d/screenshot - {}
RESULT: {}
COMMAND: POST /session/65af7eee0b689fbc32704a37c909740d/element - {"using":"xpath","value":"//span[contains(text(), \"300003\")]"}
RESULT: {"using":"xpath","value":"//span[contains(text(), \"300003\")]"}
COMMAND: POST /session/65af7eee0b689fbc32704a37c909740d/element/f.4EA148EC701C5F901E073CD471E0C43C.d.157DA7C2BBDAEAD6DA149E56F572179A.e.1574/click - {}
RESULT: {}
COMMAND: GET /session/65af7eee0b689fbc32704a37c909740d/screenshot - {}
RESULT: {}
COMMAND: POST /session/65af7eee0b689fbc32704a37c909740d/element - {"using":"xpath","value":"//bdi[contains(text(), \"OK\")]"}
RESULT: {"using":"xpath","value":"//bdi[contains(text(), \"OK\")]"}
COMMAND: POST /session/65af7eee0b689fbc32704a37c909740d/element/f.4EA148EC701C5F901E073CD471E0C43C.d.157DA7C2BBDAEAD6DA149E56F572179A.e.1576/click - {}
RESULT: {}
COMMAND: GET /session/65af7eee0b689fbc32704a37c909740d/screenshot - {}
RESULT: {}
COMMAND: POST /session/65af7eee0b689fbc32704a37c909740d/execute/async - {"script":"<script> [1562 bytes]","args":[{"selector":{"id":"application-managepartners-display-component---NewPartner--intercompVendorComboBox-application-managepartners-display-component---NewPartner--assignmentsTable-0-vhi"},"wdio_ui5_key":"applicationmanagepartners-display-component---NewPartner--intercompVendorComboBox-application-managepartners-display-component---NewPartner--assignmentsTable-0-vhi"}]}
RESULT: {"script":"<script> [1562 bytes]","args":[{"selector":{"id":"application-managepartners-display-component---NewPartner--intercompVendorComboBox-application-managepartners-display-component---NewPartner--assignmentsTable-0-vhi"},"wdio_ui5_key":"applicationmanagepartners-display-component---NewPartner--intercompVendorComboBox-application-managepartners-display-component---NewPartner--assignmentsTable-0-vhi"}]}
RESULT: undefined
COMMAND: POST /session/65af7eee0b689fbc32704a37c909740d/element - {"using":"xpath","value":"//*[@id=\"application-managepartners-display-component---NewPartner--intercompVendorComboBox-application-managepartners-display-component---NewPartner--assignmentsTable-0-vhi\"]"}
RESULT: {"using":"xpath","value":"//*[@id=\"application-managepartners-display-component---NewPartner--intercompVendorComboBox-application-managepartners-display-component---NewPartner--assignmentsTable-0-vhi\"]"}
COMMAND: POST /session/65af7eee0b689fbc32704a37c909740d/element/f.4EA148EC701C5F901E073CD471E0C43C.d.157DA7C2BBDAEAD6DA149E56F572179A.e.1580/click - {}
RESULT: {}
RESULT: undefined
COMMAND: POST /session/65af7eee0b689fbc32704a37c909740d/execute/async - {"script":"<script> [776 bytes]","args":[{"enterText":"100005","selector":{"controlType":"sap.m.SearchField","properties":{"placeholder":"Search"},"searchOpenDialogs":true,"interaction":{"idSuffix":"I"}},"clearTextFirst":true,"interactionType":"ENTER_TEXT"}]}
COMMAND: GET /session/65af7eee0b689fbc32704a37c909740d/screenshot - {}
RESULT: {"script":"<script> [776 bytes]","args":[{"enterText":"100005","selector":{"controlType":"sap.m.SearchField","properties":{"placeholder":"Search"},"searchOpenDialogs":true,"interaction":{"idSuffix":"I"}},"clearTextFirst":true,"interactionType":"ENTER_TEXT"}]}
COMMAND: POST /session/65af7eee0b689fbc32704a37c909740d/actions - {"actions":[{"id":"action5","type":"key","parameters":{},"actions":[{"type":"keyDown","value":"î€‡"},{"type":"pause","duration":10},{"type":"keyUp","value":"î€‡"}]}]}
RESULT: {}
RESULT: {"actions":[{"id":"action5","type":"key","parameters":{},"actions":[{"type":"keyDown","value":"î€‡"},{"type":"pause","duration":10},{"type":"keyUp","value":"î€‡"}]}]}
COMMAND: GET /session/65af7eee0b689fbc32704a37c909740d/screenshot - {}
RESULT: {}
COMMAND: POST /session/65af7eee0b689fbc32704a37c909740d/element - {"using":"xpath","value":"//span[contains(text(), \"Penguins - Field/12345 Berlin\")]"}
RESULT: {"using":"xpath","value":"//span[contains(text(), \"Penguins - Field/12345 Berlin\")]"}
COMMAND: POST /session/65af7eee0b689fbc32704a37c909740d/element/f.4EA148EC701C5F901E073CD471E0C43C.d.157DA7C2BBDAEAD6DA149E56F572179A.e.1599/click - {}
RESULT: {}
COMMAND: GET /session/65af7eee0b689fbc32704a37c909740d/screenshot - {}
RESULT: {}
COMMAND: POST /session/65af7eee0b689fbc32704a37c909740d/element - {"using":"xpath","value":"//bdi[contains(text(), \"OK\")]"}
RESULT: {"using":"xpath","value":"//bdi[contains(text(), \"OK\")]"}
COMMAND: POST /session/65af7eee0b689fbc32704a37c909740d/element/f.4EA148EC701C5F901E073CD471E0C43C.d.157DA7C2BBDAEAD6DA149E56F572179A.e.1600/click - {}
RESULT: {}
COMMAND: GET /session/65af7eee0b689fbc32704a37c909740d/screenshot - {}
RESULT: {}
COMMAND: POST /session/65af7eee0b689fbc32704a37c909740d/element - {"using":"xpath","value":"//button[@data-kt=\"saveButton\"]"}
RESULT: {"using":"xpath","value":"//button[@data-kt=\"saveButton\"]"}
COMMAND: POST /session/65af7eee0b689fbc32704a37c909740d/element/f.4EA148EC701C5F901E073CD471E0C43C.d.157DA7C2BBDAEAD6DA149E56F572179A.e.1386/click - {}
RESULT: {}
COMMAND: GET /session/65af7eee0b689fbc32704a37c909740d/screenshot - {}
RESULT: {}
COMMAND: POST /session/65af7eee0b689fbc32704a37c909740d/element - {"using":"xpath","value":"//header[contains(@id, 'ObjectPageLayout-headerTitle')]/div[1]/div[2]/div[2]/span[1]"}
RESULT: {"using":"xpath","value":"//header[contains(@id, 'ObjectPageLayout-headerTitle')]/div[1]/div[2]/div[2]/span[1]"}
COMMAND: POST /session/65af7eee0b689fbc32704a37c909740d/elements - {"using":"xpath","value":"//header[contains(@id, 'ObjectPageLayout-headerTitle')]/div[1]/div[2]/div[2]/span[1]"}
RESULT: {"using":"xpath","value":"//header[contains(@id, 'ObjectPageLayout-headerTitle')]/div[1]/div[2]/div[2]/span[1]"}
COMMAND: POST /session/65af7eee0b689fbc32704a37c909740d/execute/sync - {"script":"<script> [56 bytes]","args":[{"element-6066-11e4-a52e-4f735466cecf":"f.4EA148EC701C5F901E073CD471E0C43C.d.157DA7C2BBDAEAD6DA149E56F572179A.e.1757","ELEMENT":"f.4EA148EC701C5F901E073CD471E0C43C.d.157DA7C2BBDAEAD6DA149E56F572179A.e.1757"}]}
RESULT: {"script":"<script> [56 bytes]","args":[{"element-6066-11e4-a52e-4f735466cecf":"f.4EA148EC701C5F901E073CD471E0C43C.d.157DA7C2BBDAEAD6DA149E56F572179A.e.1757","ELEMENT":"f.4EA148EC701C5F901E073CD471E0C43C.d.157DA7C2BBDAEAD6DA149E56F572179A.e.1757"}]}
COMMAND: POST /session/65af7eee0b689fbc32704a37c909740d/element - {"using":"css selector","value":"#shell-header-logo"}
COMMAND: GET /session/65af7eee0b689fbc32704a37c909740d/screenshot - {}
RESULT: {"using":"css selector","value":"#shell-header-logo"}
COMMAND: POST /session/65af7eee0b689fbc32704a37c909740d/element/f.4EA148EC701C5F901E073CD471E0C43C.d.157DA7C2BBDAEAD6DA149E56F572179A.e.1002/click - {}
RESULT: {}
RESULT: {}
COMMAND: GET /session/65af7eee0b689fbc32704a37c909740d/screenshot - {}
RESULT: {}
COMMAND: POST /session/65af7eee0b689fbc32704a37c909740d/execute/sync - {"script":"<script> [299 bytes]","args":[["getModel","getResource"]]}
RESULT: {"script":"<script> [299 bytes]","args":[["getModel","getResource"]]}
COMMAND: GET /session/65af7eee0b689fbc32704a37c909740d/screenshot - {}
]]></system-out>
    </testcase>
    <testcase classname="chrome.136_0_7103_49.windows.Billing_confirm_US117289" name="Should create a new site" time="108.813">
      <system-out><![CDATA[
COMMAND: POST /session/65af7eee0b689fbc32704a37c909740d/execute/async - {"script":"<script> [1562 bytes]","args":[{"selector":{"controlType":"sap.m.TileContent","bindingPath":{"path":"","propertyPath":"/properties/info"},"ancestor":{"controlType":"sap.m.GenericTile","properties":{"header":"Manage Sites"}}},"wdio_ui5_key":"sapm.TileContent{\"path\":\"\",\"propertyPath\":\"/properties/info\"}{\"controlType\":\"sap.m.GenericTile\",\"properties\":{\"header\":\"Manage Sites\"}}"}]}
RESULT: {}
RESULT: {"script":"<script> [1562 bytes]","args":[{"selector":{"controlType":"sap.m.TileContent","bindingPath":{"path":"","propertyPath":"/properties/info"},"ancestor":{"controlType":"sap.m.GenericTile","properties":{"header":"Manage Sites"}}},"wdio_ui5_key":"sapm.TileContent{\"path\":\"\",\"propertyPath\":\"/properties/info\"}{\"controlType\":\"sap.m.GenericTile\",\"properties\":{\"header\":\"Manage Sites\"}}"}]}
RESULT: undefined
COMMAND: POST /session/65af7eee0b689fbc32704a37c909740d/element - {"using":"xpath","value":"//*[@id=\"__xmlview7--numericTileContent\"]"}
RESULT: {"using":"xpath","value":"//*[@id=\"__xmlview7--numericTileContent\"]"}
COMMAND: POST /session/65af7eee0b689fbc32704a37c909740d/element/f.4EA148EC701C5F901E073CD471E0C43C.d.157DA7C2BBDAEAD6DA149E56F572179A.e.1759/click - {}
RESULT: {}
COMMAND: POST /session/65af7eee0b689fbc32704a37c909740d/element - {"using":"xpath","value":"//button[@data-kt=\"addOverflowToolbarButton\"]"}
COMMAND: GET /session/65af7eee0b689fbc32704a37c909740d/screenshot - {}
RESULT: {"using":"xpath","value":"//button[@data-kt=\"addOverflowToolbarButton\"]"}
COMMAND: POST /session/65af7eee0b689fbc32704a37c909740d/elements - {"using":"xpath","value":"//button[@data-kt=\"addOverflowToolbarButton\"]"}
RESULT: {}
RESULT: {"using":"xpath","value":"//button[@data-kt=\"addOverflowToolbarButton\"]"}
COMMAND: POST /session/65af7eee0b689fbc32704a37c909740d/elements - {"using":"xpath","value":"//button[@data-kt=\"addOverflowToolbarButton\"]"}
RESULT: {"using":"xpath","value":"//button[@data-kt=\"addOverflowToolbarButton\"]"}
COMMAND: POST /session/65af7eee0b689fbc32704a37c909740d/elements - {"using":"xpath","value":"//button[@data-kt=\"addOverflowToolbarButton\"]"}
RESULT: {"using":"xpath","value":"//button[@data-kt=\"addOverflowToolbarButton\"]"}
COMMAND: POST /session/65af7eee0b689fbc32704a37c909740d/elements - {"using":"xpath","value":"//button[@data-kt=\"addOverflowToolbarButton\"]"}
RESULT: {"using":"xpath","value":"//button[@data-kt=\"addOverflowToolbarButton\"]"}
COMMAND: POST /session/65af7eee0b689fbc32704a37c909740d/element - {"using":"xpath","value":"//button[@data-kt=\"addOverflowToolbarButton\"]"}
RESULT: {"using":"xpath","value":"//button[@data-kt=\"addOverflowToolbarButton\"]"}
COMMAND: POST /session/65af7eee0b689fbc32704a37c909740d/execute/sync - {"script":"<script> [8489 bytes]","args":[{"element-6066-11e4-a52e-4f735466cecf":"f.4EA148EC701C5F901E073CD471E0C43C.d.157DA7C2BBDAEAD6DA149E56F572179A.e.1805","ELEMENT":"f.4EA148EC701C5F901E073CD471E0C43C.d.157DA7C2BBDAEAD6DA149E56F572179A.e.1805"}]}
RESULT: {"script":"<script> [8489 bytes]","args":[{"element-6066-11e4-a52e-4f735466cecf":"f.4EA148EC701C5F901E073CD471E0C43C.d.157DA7C2BBDAEAD6DA149E56F572179A.e.1805","ELEMENT":"f.4EA148EC701C5F901E073CD471E0C43C.d.157DA7C2BBDAEAD6DA149E56F572179A.e.1805"}]}
COMMAND: GET /session/65af7eee0b689fbc32704a37c909740d/element/f.4EA148EC701C5F901E073CD471E0C43C.d.157DA7C2BBDAEAD6DA149E56F572179A.e.1805/enabled - {}
COMMAND: GET /session/65af7eee0b689fbc32704a37c909740d/screenshot - {}
RESULT: {}
COMMAND: POST /session/65af7eee0b689fbc32704a37c909740d/execute/sync - {"script":"<script> [8489 bytes]","args":[{"element-6066-11e4-a52e-4f735466cecf":"f.4EA148EC701C5F901E073CD471E0C43C.d.157DA7C2BBDAEAD6DA149E56F572179A.e.1805","ELEMENT":"f.4EA148EC701C5F901E073CD471E0C43C.d.157DA7C2BBDAEAD6DA149E56F572179A.e.1805"}]}
COMMAND: GET /session/65af7eee0b689fbc32704a37c909740d/screenshot - {}
RESULT: {}
RESULT: {"script":"<script> [8489 bytes]","args":[{"element-6066-11e4-a52e-4f735466cecf":"f.4EA148EC701C5F901E073CD471E0C43C.d.157DA7C2BBDAEAD6DA149E56F572179A.e.1805","ELEMENT":"f.4EA148EC701C5F901E073CD471E0C43C.d.157DA7C2BBDAEAD6DA149E56F572179A.e.1805"}]}
COMMAND: POST /session/65af7eee0b689fbc32704a37c909740d/execute/sync - {"script":"<script> [5351 bytes]","args":[{"element-6066-11e4-a52e-4f735466cecf":"f.4EA148EC701C5F901E073CD471E0C43C.d.157DA7C2BBDAEAD6DA149E56F572179A.e.1805","ELEMENT":"f.4EA148EC701C5F901E073CD471E0C43C.d.157DA7C2BBDAEAD6DA149E56F572179A.e.1805"}]}
COMMAND: GET /session/65af7eee0b689fbc32704a37c909740d/screenshot - {}
RESULT: {}
RESULT: {"script":"<script> [5351 bytes]","args":[{"element-6066-11e4-a52e-4f735466cecf":"f.4EA148EC701C5F901E073CD471E0C43C.d.157DA7C2BBDAEAD6DA149E56F572179A.e.1805","ELEMENT":"f.4EA148EC701C5F901E073CD471E0C43C.d.157DA7C2BBDAEAD6DA149E56F572179A.e.1805"}]}
COMMAND: POST /session/65af7eee0b689fbc32704a37c909740d/element/f.4EA148EC701C5F901E073CD471E0C43C.d.157DA7C2BBDAEAD6DA149E56F572179A.e.1805/click - {}
COMMAND: GET /session/65af7eee0b689fbc32704a37c909740d/screenshot - {}
RESULT: {}
RESULT: {}
COMMAND: GET /session/65af7eee0b689fbc32704a37c909740d/screenshot - {}
COMMAND: POST /session/65af7eee0b689fbc32704a37c909740d/element - {"using":"xpath","value":"//input[@id=\"application-managesites-display-component---NewSite--siteId-inner\"]"}
RESULT: {}
RESULT: {}
RESULT: {"using":"xpath","value":"//input[@id=\"application-managesites-display-component---NewSite--siteId-inner\"]"}
COMMAND: POST /session/65af7eee0b689fbc32704a37c909740d/element - {"using":"xpath","value":"//input[@id=\"application-managesites-display-component---NewSite--siteId-inner\"]"}
RESULT: {"using":"xpath","value":"//input[@id=\"application-managesites-display-component---NewSite--siteId-inner\"]"}
COMMAND: POST /session/65af7eee0b689fbc32704a37c909740d/execute/async - {"script":"<script> [1562 bytes]","args":[{"selector":{"id":"application-managesites-display-component---NewSite--addressDetailDetailsName1","interaction":{"idSuffix":"inner"}},"wdio_ui5_key":"applicationmanagesites-display-component---NewSite--addressDetailDetailsName1"}]}
RESULT: {"script":"<script> [1562 bytes]","args":[{"selector":{"id":"application-managesites-display-component---NewSite--addressDetailDetailsName1","interaction":{"idSuffix":"inner"}},"wdio_ui5_key":"applicationmanagesites-display-component---NewSite--addressDetailDetailsName1"}]}
RESULT: undefined
COMMAND: POST /session/65af7eee0b689fbc32704a37c909740d/execute/async - {"script":"<script> [776 bytes]","args":[{"enterText":"Intracompany Site wdIO","selector":{"id":"application-managesites-display-component---NewSite--addressDetailDetailsName1","interaction":{"idSuffix":"inner"}},"clearTextFirst":true,"interactionType":"ENTER_TEXT"}]}
RESULT: {"script":"<script> [776 bytes]","args":[{"enterText":"Intracompany Site wdIO","selector":{"id":"application-managesites-display-component---NewSite--addressDetailDetailsName1","interaction":{"idSuffix":"inner"}},"clearTextFirst":true,"interactionType":"ENTER_TEXT"}]}
COMMAND: POST /session/65af7eee0b689fbc32704a37c909740d/execute/async - {"script":"<script> [1562 bytes]","args":[{"selector":{"id":"application-managesites-display-component---NewSite--addressDetailDetailsLanguage-arrow"},"wdio_ui5_key":"applicationmanagesites-display-component---NewSite--addressDetailDetailsLanguage-arrow"}]}
RESULT: {"script":"<script> [1562 bytes]","args":[{"selector":{"id":"application-managesites-display-component---NewSite--addressDetailDetailsLanguage-arrow"},"wdio_ui5_key":"applicationmanagesites-display-component---NewSite--addressDetailDetailsLanguage-arrow"}]}
RESULT: undefined
COMMAND: POST /session/65af7eee0b689fbc32704a37c909740d/element - {"using":"xpath","value":"//*[@id=\"application-managesites-display-component---NewSite--addressDetailDetailsLanguage-arrow\"]"}
RESULT: {"using":"xpath","value":"//*[@id=\"application-managesites-display-component---NewSite--addressDetailDetailsLanguage-arrow\"]"}
COMMAND: POST /session/65af7eee0b689fbc32704a37c909740d/element/f.4EA148EC701C5F901E073CD471E0C43C.d.157DA7C2BBDAEAD6DA149E56F572179A.e.2171/click - {}
RESULT: {}
COMMAND: POST /session/65af7eee0b689fbc32704a37c909740d/element - {"using":"xpath","value":"//span[contains(text(), \"English\")]"}
COMMAND: GET /session/65af7eee0b689fbc32704a37c909740d/screenshot - {}
RESULT: {"using":"xpath","value":"//span[contains(text(), \"English\")]"}
COMMAND: POST /session/65af7eee0b689fbc32704a37c909740d/element/f.4EA148EC701C5F901E073CD471E0C43C.d.157DA7C2BBDAEAD6DA149E56F572179A.e.2172/click - {}
RESULT: {}
RESULT: {}
COMMAND: POST /session/65af7eee0b689fbc32704a37c909740d/execute/async - {"script":"<script> [1562 bytes]","args":[{"selector":{"id":"application-managesites-display-component---NewSite--addressDetailDetailsCity1","interaction":{"idSuffix":"inner"}},"wdio_ui5_key":"applicationmanagesites-display-component---NewSite--addressDetailDetailsCity1"}]}
COMMAND: GET /session/65af7eee0b689fbc32704a37c909740d/screenshot - {}
RESULT: {"script":"<script> [1562 bytes]","args":[{"selector":{"id":"application-managesites-display-component---NewSite--addressDetailDetailsCity1","interaction":{"idSuffix":"inner"}},"wdio_ui5_key":"applicationmanagesites-display-component---NewSite--addressDetailDetailsCity1"}]}
RESULT: undefined
COMMAND: POST /session/65af7eee0b689fbc32704a37c909740d/execute/async - {"script":"<script> [776 bytes]","args":[{"enterText":"Rosario","selector":{"id":"application-managesites-display-component---NewSite--addressDetailDetailsCity1","interaction":{"idSuffix":"inner"}},"clearTextFirst":true,"interactionType":"ENTER_TEXT"}]}
RESULT: {}
RESULT: {"script":"<script> [776 bytes]","args":[{"enterText":"Rosario","selector":{"id":"application-managesites-display-component---NewSite--addressDetailDetailsCity1","interaction":{"idSuffix":"inner"}},"clearTextFirst":true,"interactionType":"ENTER_TEXT"}]}
COMMAND: POST /session/65af7eee0b689fbc32704a37c909740d/execute/async - {"script":"<script> [1562 bytes]","args":[{"selector":{"id":"application-managesites-display-component---NewSite--addressDetailDetailsCountry-arrow"},"wdio_ui5_key":"applicationmanagesites-display-component---NewSite--addressDetailDetailsCountry-arrow"}]}
RESULT: {"script":"<script> [1562 bytes]","args":[{"selector":{"id":"application-managesites-display-component---NewSite--addressDetailDetailsCountry-arrow"},"wdio_ui5_key":"applicationmanagesites-display-component---NewSite--addressDetailDetailsCountry-arrow"}]}
RESULT: undefined
COMMAND: POST /session/65af7eee0b689fbc32704a37c909740d/element - {"using":"xpath","value":"//*[@id=\"application-managesites-display-component---NewSite--addressDetailDetailsCountry-arrow\"]"}
RESULT: {"using":"xpath","value":"//*[@id=\"application-managesites-display-component---NewSite--addressDetailDetailsCountry-arrow\"]"}
COMMAND: POST /session/65af7eee0b689fbc32704a37c909740d/element/f.4EA148EC701C5F901E073CD471E0C43C.d.157DA7C2BBDAEAD6DA149E56F572179A.e.2174/click - {}
RESULT: {}
COMMAND: POST /session/65af7eee0b689fbc32704a37c909740d/element - {"using":"xpath","value":"//span[contains(text(), \"Argentina\")]"}
COMMAND: GET /session/65af7eee0b689fbc32704a37c909740d/screenshot - {}
RESULT: {"using":"xpath","value":"//span[contains(text(), \"Argentina\")]"}
COMMAND: POST /session/65af7eee0b689fbc32704a37c909740d/element/f.4EA148EC701C5F901E073CD471E0C43C.d.157DA7C2BBDAEAD6DA149E56F572179A.e.2176/click - {}
RESULT: {}
RESULT: {}
COMMAND: GET /session/65af7eee0b689fbc32704a37c909740d/screenshot - {}
RESULT: {}
COMMAND: POST /session/65af7eee0b689fbc32704a37c909740d/execute/async - {"script":"<script> [1562 bytes]","args":[{"selector":{"id":"application-managesites-display-component---NewSite--addressEditDetailsCostObjectCstType-arrow"},"wdio_ui5_key":"applicationmanagesites-display-component---NewSite--addressEditDetailsCostObjectCstType-arrow"}]}
RESULT: {"script":"<script> [1562 bytes]","args":[{"selector":{"id":"application-managesites-display-component---NewSite--addressEditDetailsCostObjectCstType-arrow"},"wdio_ui5_key":"applicationmanagesites-display-component---NewSite--addressEditDetailsCostObjectCstType-arrow"}]}
RESULT: undefined
COMMAND: POST /session/65af7eee0b689fbc32704a37c909740d/element - {"using":"xpath","value":"//*[@id=\"application-managesites-display-component---NewSite--addressEditDetailsCostObjectCstType-arrow\"]"}
RESULT: {"using":"xpath","value":"//*[@id=\"application-managesites-display-component---NewSite--addressEditDetailsCostObjectCstType-arrow\"]"}
COMMAND: POST /session/65af7eee0b689fbc32704a37c909740d/element/f.4EA148EC701C5F901E073CD471E0C43C.d.157DA7C2BBDAEAD6DA149E56F572179A.e.2177/click - {}
RESULT: {}
COMMAND: POST /session/65af7eee0b689fbc32704a37c909740d/element - {"using":"xpath","value":"//span[contains(text(), \"Cost Center\")]"}
COMMAND: GET /session/65af7eee0b689fbc32704a37c909740d/screenshot - {}
RESULT: {"using":"xpath","value":"//span[contains(text(), \"Cost Center\")]"}
COMMAND: POST /session/65af7eee0b689fbc32704a37c909740d/element/f.4EA148EC701C5F901E073CD471E0C43C.d.157DA7C2BBDAEAD6DA149E56F572179A.e.2179/click - {}
RESULT: {}
RESULT: {}
COMMAND: GET /session/65af7eee0b689fbc32704a37c909740d/screenshot - {}
RESULT: {}
COMMAND: POST /session/65af7eee0b689fbc32704a37c909740d/element - {"using":"xpath","value":"//span[@id=\"application-managesites-display-component---NewSite--addressNewCostObjectCstID-vhi\"]"}
RESULT: {"using":"xpath","value":"//span[@id=\"application-managesites-display-component---NewSite--addressNewCostObjectCstID-vhi\"]"}
COMMAND: POST /session/65af7eee0b689fbc32704a37c909740d/execute/sync - {"script":"<script> [8489 bytes]","args":[{"element-6066-11e4-a52e-4f735466cecf":"f.4EA148EC701C5F901E073CD471E0C43C.d.157DA7C2BBDAEAD6DA149E56F572179A.e.2183","ELEMENT":"f.4EA148EC701C5F901E073CD471E0C43C.d.157DA7C2BBDAEAD6DA149E56F572179A.e.2183"}]}
RESULT: {"script":"<script> [8489 bytes]","args":[{"element-6066-11e4-a52e-4f735466cecf":"f.4EA148EC701C5F901E073CD471E0C43C.d.157DA7C2BBDAEAD6DA149E56F572179A.e.2183","ELEMENT":"f.4EA148EC701C5F901E073CD471E0C43C.d.157DA7C2BBDAEAD6DA149E56F572179A.e.2183"}]}
COMMAND: POST /session/65af7eee0b689fbc32704a37c909740d/execute/async - {"script":"<script> [1562 bytes]","args":[{"selector":{"id":"application-managesites-display-component---NewSite--addressNewCostObjectCstID-vhi"},"wdio_ui5_key":"applicationmanagesites-display-component---NewSite--addressNewCostObjectCstID-vhi"}]}
COMMAND: GET /session/65af7eee0b689fbc32704a37c909740d/screenshot - {}
RESULT: {"script":"<script> [1562 bytes]","args":[{"selector":{"id":"application-managesites-display-component---NewSite--addressNewCostObjectCstID-vhi"},"wdio_ui5_key":"applicationmanagesites-display-component---NewSite--addressNewCostObjectCstID-vhi"}]}
RESULT: undefined
COMMAND: POST /session/65af7eee0b689fbc32704a37c909740d/element - {"using":"xpath","value":"//*[@id=\"application-managesites-display-component---NewSite--addressNewCostObjectCstID-vhi\"]"}
RESULT: {}
RESULT: {"using":"xpath","value":"//*[@id=\"application-managesites-display-component---NewSite--addressNewCostObjectCstID-vhi\"]"}
COMMAND: POST /session/65af7eee0b689fbc32704a37c909740d/element/f.4EA148EC701C5F901E073CD471E0C43C.d.157DA7C2BBDAEAD6DA149E56F572179A.e.2183/click - {}
RESULT: {}
COMMAND: GET /session/65af7eee0b689fbc32704a37c909740d/screenshot - {}
RESULT: {}
RESULT: undefined
COMMAND: POST /session/65af7eee0b689fbc32704a37c909740d/execute/async - {"script":"<script> [776 bytes]","args":[{"enterText":"10001013","selector":{"controlType":"sap.m.SearchField","properties":{"placeholder":"Search"},"searchOpenDialogs":true,"interaction":{"idSuffix":"I"}},"clearTextFirst":true,"interactionType":"ENTER_TEXT"}]}
RESULT: {"script":"<script> [776 bytes]","args":[{"enterText":"10001013","selector":{"controlType":"sap.m.SearchField","properties":{"placeholder":"Search"},"searchOpenDialogs":true,"interaction":{"idSuffix":"I"}},"clearTextFirst":true,"interactionType":"ENTER_TEXT"}]}
COMMAND: POST /session/65af7eee0b689fbc32704a37c909740d/actions - {"actions":[{"id":"action6","type":"key","parameters":{},"actions":[{"type":"keyDown","value":"î€‡"},{"type":"pause","duration":10},{"type":"keyUp","value":"î€‡"}]}]}
RESULT: {"actions":[{"id":"action6","type":"key","parameters":{},"actions":[{"type":"keyDown","value":"î€‡"},{"type":"pause","duration":10},{"type":"keyUp","value":"î€‡"}]}]}
COMMAND: GET /session/65af7eee0b689fbc32704a37c909740d/screenshot - {}
RESULT: {}
COMMAND: POST /session/65af7eee0b689fbc32704a37c909740d/element - {"using":"xpath","value":"//span[contains(text(), \"General Management\")]"}
RESULT: {"using":"xpath","value":"//span[contains(text(), \"General Management\")]"}
COMMAND: POST /session/65af7eee0b689fbc32704a37c909740d/element/f.4EA148EC701C5F901E073CD471E0C43C.d.157DA7C2BBDAEAD6DA149E56F572179A.e.2222/click - {}
RESULT: {}
COMMAND: GET /session/65af7eee0b689fbc32704a37c909740d/screenshot - {}
RESULT: {}
COMMAND: POST /session/65af7eee0b689fbc32704a37c909740d/element - {"using":"xpath","value":"//bdi[contains(text(), \"OK\")]"}
RESULT: {"using":"xpath","value":"//bdi[contains(text(), \"OK\")]"}
COMMAND: POST /session/65af7eee0b689fbc32704a37c909740d/element/f.4EA148EC701C5F901E073CD471E0C43C.d.157DA7C2BBDAEAD6DA149E56F572179A.e.2223/click - {}
RESULT: {}
COMMAND: GET /session/65af7eee0b689fbc32704a37c909740d/screenshot - {}
RESULT: {}
COMMAND: POST /session/65af7eee0b689fbc32704a37c909740d/element - {"using":"xpath","value":"//input[@id=\"application-managesites-display-component---NewSite--addressDetailDetailsCalendar-inner\"]"}
RESULT: {"using":"xpath","value":"//input[@id=\"application-managesites-display-component---NewSite--addressDetailDetailsCalendar-inner\"]"}
COMMAND: POST /session/65af7eee0b689fbc32704a37c909740d/element/f.4EA148EC701C5F901E073CD471E0C43C.d.157DA7C2BBDAEAD6DA149E56F572179A.e.1994/clear - {}
RESULT: {}
COMMAND: POST /session/65af7eee0b689fbc32704a37c909740d/element/f.4EA148EC701C5F901E073CD471E0C43C.d.157DA7C2BBDAEAD6DA149E56F572179A.e.1994/value - {"text":"Unit"}
COMMAND: GET /session/65af7eee0b689fbc32704a37c909740d/screenshot - {}
RESULT: {"text":"Unit"}
COMMAND: GET /session/65af7eee0b689fbc32704a37c909740d/screenshot - {}
RESULT: {}
RESULT: {}
COMMAND: POST /session/65af7eee0b689fbc32704a37c909740d/actions - {"actions":[{"id":"action7","type":"key","parameters":{},"actions":[{"type":"keyDown","value":"î€‡"},{"type":"pause","duration":10},{"type":"keyUp","value":"î€‡"}]}]}
RESULT: {"actions":[{"id":"action7","type":"key","parameters":{},"actions":[{"type":"keyDown","value":"î€‡"},{"type":"pause","duration":10},{"type":"keyUp","value":"î€‡"}]}]}
COMMAND: POST /session/65af7eee0b689fbc32704a37c909740d/element - {"using":"xpath","value":"//input[@id=\"application-managesites-display-component---NewSite--addressDetailDetailsYard-inner\"]"}
COMMAND: GET /session/65af7eee0b689fbc32704a37c909740d/screenshot - {}
RESULT: {"using":"xpath","value":"//input[@id=\"application-managesites-display-component---NewSite--addressDetailDetailsYard-inner\"]"}
COMMAND: POST /session/65af7eee0b689fbc32704a37c909740d/element/f.4EA148EC701C5F901E073CD471E0C43C.d.157DA7C2BBDAEAD6DA149E56F572179A.e.1995/clear - {}
RESULT: {}
RESULT: {}
COMMAND: POST /session/65af7eee0b689fbc32704a37c909740d/element/f.4EA148EC701C5F901E073CD471E0C43C.d.157DA7C2BBDAEAD6DA149E56F572179A.e.1995/value - {"text":"271"}
COMMAND: GET /session/65af7eee0b689fbc32704a37c909740d/screenshot - {}
RESULT: {"text":"271"}
COMMAND: GET /session/65af7eee0b689fbc32704a37c909740d/screenshot - {}
RESULT: {}
RESULT: {}
COMMAND: POST /session/65af7eee0b689fbc32704a37c909740d/element - {"using":"xpath","value":"//li[.//span[text()='271']]"}
RESULT: {"using":"xpath","value":"//li[.//span[text()='271']]"}
COMMAND: POST /session/65af7eee0b689fbc32704a37c909740d/element/f.4EA148EC701C5F901E073CD471E0C43C.d.157DA7C2BBDAEAD6DA149E56F572179A.e.2241/click - {}
RESULT: {}
COMMAND: GET /session/65af7eee0b689fbc32704a37c909740d/screenshot - {}
RESULT: {}
COMMAND: POST /session/65af7eee0b689fbc32704a37c909740d/element - {"using":"xpath","value":"//input[@id=\"application-managesites-display-component---NewSite--addressDetailDetailsPartner-inner\"]"}
RESULT: {"using":"xpath","value":"//input[@id=\"application-managesites-display-component---NewSite--addressDetailDetailsPartner-inner\"]"}
COMMAND: POST /session/65af7eee0b689fbc32704a37c909740d/element - {"using":"xpath","value":"//input[@id=\"application-managesites-display-component---NewSite--addressDetailDetailsPartner-inner\"]"}
RESULT: {"using":"xpath","value":"//input[@id=\"application-managesites-display-component---NewSite--addressDetailDetailsPartner-inner\"]"}
COMMAND: POST /session/65af7eee0b689fbc32704a37c909740d/element - {"using":"xpath","value":"//button[@data-kt=\"saveButton\"]"}
RESULT: {"using":"xpath","value":"//button[@data-kt=\"saveButton\"]"}
COMMAND: POST /session/65af7eee0b689fbc32704a37c909740d/element/f.4EA148EC701C5F901E073CD471E0C43C.d.157DA7C2BBDAEAD6DA149E56F572179A.e.2087/click - {}
RESULT: {}
COMMAND: GET /session/65af7eee0b689fbc32704a37c909740d/screenshot - {}
COMMAND: POST /session/65af7eee0b689fbc32704a37c909740d/element - {"using":"xpath","value":"//header[contains(@id, 'ObjectPageLayout-headerTitle')]/div[1]/div[2]/div[2]/span[1]"}
RESULT: {}
RESULT: {"using":"xpath","value":"//header[contains(@id, 'ObjectPageLayout-headerTitle')]/div[1]/div[2]/div[2]/span[1]"}
COMMAND: POST /session/65af7eee0b689fbc32704a37c909740d/elements - {"using":"xpath","value":"//header[contains(@id, 'ObjectPageLayout-headerTitle')]/div[1]/div[2]/div[2]/span[1]"}
RESULT: {"using":"xpath","value":"//header[contains(@id, 'ObjectPageLayout-headerTitle')]/div[1]/div[2]/div[2]/span[1]"}
COMMAND: POST /session/65af7eee0b689fbc32704a37c909740d/execute/sync - {"script":"<script> [56 bytes]","args":[{"element-6066-11e4-a52e-4f735466cecf":"f.4EA148EC701C5F901E073CD471E0C43C.d.157DA7C2BBDAEAD6DA149E56F572179A.e.2436","ELEMENT":"f.4EA148EC701C5F901E073CD471E0C43C.d.157DA7C2BBDAEAD6DA149E56F572179A.e.2436"}]}
RESULT: {"script":"<script> [56 bytes]","args":[{"element-6066-11e4-a52e-4f735466cecf":"f.4EA148EC701C5F901E073CD471E0C43C.d.157DA7C2BBDAEAD6DA149E56F572179A.e.2436","ELEMENT":"f.4EA148EC701C5F901E073CD471E0C43C.d.157DA7C2BBDAEAD6DA149E56F572179A.e.2436"}]}
COMMAND: POST /session/65af7eee0b689fbc32704a37c909740d/element - {"using":"css selector","value":"#shell-header-logo"}
COMMAND: GET /session/65af7eee0b689fbc32704a37c909740d/screenshot - {}
RESULT: {"using":"css selector","value":"#shell-header-logo"}
COMMAND: POST /session/65af7eee0b689fbc32704a37c909740d/element/f.4EA148EC701C5F901E073CD471E0C43C.d.157DA7C2BBDAEAD6DA149E56F572179A.e.1763/click - {}
RESULT: {}
RESULT: {}
COMMAND: GET /session/65af7eee0b689fbc32704a37c909740d/screenshot - {}
RESULT: {}
COMMAND: POST /session/65af7eee0b689fbc32704a37c909740d/execute/sync - {"script":"<script> [299 bytes]","args":[["getModel","getResource"]]}
RESULT: {"script":"<script> [299 bytes]","args":[["getModel","getResource"]]}
COMMAND: GET /session/65af7eee0b689fbc32704a37c909740d/screenshot - {}
]]></system-out>
    </testcase>
    <testcase classname="chrome.136_0_7103_49.windows.Billing_confirm_US117289" name="Should create a new equipment" time="142.661">
      <system-out><![CDATA[
COMMAND: POST /session/65af7eee0b689fbc32704a37c909740d/execute/async - {"script":"<script> [1562 bytes]","args":[{"selector":{"controlType":"sap.m.GenericTile","properties":{"header":"Manage Resources"}},"wdio_ui5_key":"sapm.GenericTile{\"header\":\"Manage Resources\"}"}]}
RESULT: {}
RESULT: {"script":"<script> [1562 bytes]","args":[{"selector":{"controlType":"sap.m.GenericTile","properties":{"header":"Manage Resources"}},"wdio_ui5_key":"sapm.GenericTile{\"header\":\"Manage Resources\"}"}]}
RESULT: undefined
COMMAND: POST /session/65af7eee0b689fbc32704a37c909740d/element - {"using":"xpath","value":"//*[@id=\"__tile39\"]"}
RESULT: {"using":"xpath","value":"//*[@id=\"__tile39\"]"}
COMMAND: POST /session/65af7eee0b689fbc32704a37c909740d/element/f.4EA148EC701C5F901E073CD471E0C43C.d.157DA7C2BBDAEAD6DA149E56F572179A.e.136/click - {}
RESULT: {}
COMMAND: POST /session/65af7eee0b689fbc32704a37c909740d/element - {"using":"xpath","value":"//button[@data-kt=\"addNewRUOverflowToolbarButton\"]"}
COMMAND: GET /session/65af7eee0b689fbc32704a37c909740d/screenshot - {}
RESULT: {"using":"xpath","value":"//button[@data-kt=\"addNewRUOverflowToolbarButton\"]"}
COMMAND: POST /session/65af7eee0b689fbc32704a37c909740d/elements - {"using":"xpath","value":"//button[@data-kt=\"addNewRUOverflowToolbarButton\"]"}
RESULT: {}
RESULT: {"using":"xpath","value":"//button[@data-kt=\"addNewRUOverflowToolbarButton\"]"}
COMMAND: POST /session/65af7eee0b689fbc32704a37c909740d/elements - {"using":"xpath","value":"//button[@data-kt=\"addNewRUOverflowToolbarButton\"]"}
RESULT: {"using":"xpath","value":"//button[@data-kt=\"addNewRUOverflowToolbarButton\"]"}
COMMAND: POST /session/65af7eee0b689fbc32704a37c909740d/elements - {"using":"xpath","value":"//button[@data-kt=\"addNewRUOverflowToolbarButton\"]"}
RESULT: {"using":"xpath","value":"//button[@data-kt=\"addNewRUOverflowToolbarButton\"]"}
COMMAND: POST /session/65af7eee0b689fbc32704a37c909740d/elements - {"using":"xpath","value":"//button[@data-kt=\"addNewRUOverflowToolbarButton\"]"}
RESULT: {"using":"xpath","value":"//button[@data-kt=\"addNewRUOverflowToolbarButton\"]"}
COMMAND: POST /session/65af7eee0b689fbc32704a37c909740d/element - {"using":"xpath","value":"//button[@data-kt=\"addNewRUOverflowToolbarButton\"]"}
RESULT: {"using":"xpath","value":"//button[@data-kt=\"addNewRUOverflowToolbarButton\"]"}
COMMAND: POST /session/65af7eee0b689fbc32704a37c909740d/execute/sync - {"script":"<script> [8489 bytes]","args":[{"element-6066-11e4-a52e-4f735466cecf":"f.4EA148EC701C5F901E073CD471E0C43C.d.157DA7C2BBDAEAD6DA149E56F572179A.e.2480","ELEMENT":"f.4EA148EC701C5F901E073CD471E0C43C.d.157DA7C2BBDAEAD6DA149E56F572179A.e.2480"}]}
RESULT: {"script":"<script> [8489 bytes]","args":[{"element-6066-11e4-a52e-4f735466cecf":"f.4EA148EC701C5F901E073CD471E0C43C.d.157DA7C2BBDAEAD6DA149E56F572179A.e.2480","ELEMENT":"f.4EA148EC701C5F901E073CD471E0C43C.d.157DA7C2BBDAEAD6DA149E56F572179A.e.2480"}]}
COMMAND: GET /session/65af7eee0b689fbc32704a37c909740d/element/f.4EA148EC701C5F901E073CD471E0C43C.d.157DA7C2BBDAEAD6DA149E56F572179A.e.2480/enabled - {}
COMMAND: GET /session/65af7eee0b689fbc32704a37c909740d/screenshot - {}
RESULT: {}
COMMAND: POST /session/65af7eee0b689fbc32704a37c909740d/execute/sync - {"script":"<script> [8489 bytes]","args":[{"element-6066-11e4-a52e-4f735466cecf":"f.4EA148EC701C5F901E073CD471E0C43C.d.157DA7C2BBDAEAD6DA149E56F572179A.e.2480","ELEMENT":"f.4EA148EC701C5F901E073CD471E0C43C.d.157DA7C2BBDAEAD6DA149E56F572179A.e.2480"}]}
COMMAND: GET /session/65af7eee0b689fbc32704a37c909740d/screenshot - {}
RESULT: {}
RESULT: {"script":"<script> [8489 bytes]","args":[{"element-6066-11e4-a52e-4f735466cecf":"f.4EA148EC701C5F901E073CD471E0C43C.d.157DA7C2BBDAEAD6DA149E56F572179A.e.2480","ELEMENT":"f.4EA148EC701C5F901E073CD471E0C43C.d.157DA7C2BBDAEAD6DA149E56F572179A.e.2480"}]}
COMMAND: POST /session/65af7eee0b689fbc32704a37c909740d/execute/sync - {"script":"<script> [5351 bytes]","args":[{"element-6066-11e4-a52e-4f735466cecf":"f.4EA148EC701C5F901E073CD471E0C43C.d.157DA7C2BBDAEAD6DA149E56F572179A.e.2480","ELEMENT":"f.4EA148EC701C5F901E073CD471E0C43C.d.157DA7C2BBDAEAD6DA149E56F572179A.e.2480"}]}
COMMAND: GET /session/65af7eee0b689fbc32704a37c909740d/screenshot - {}
RESULT: {}
RESULT: {"script":"<script> [5351 bytes]","args":[{"element-6066-11e4-a52e-4f735466cecf":"f.4EA148EC701C5F901E073CD471E0C43C.d.157DA7C2BBDAEAD6DA149E56F572179A.e.2480","ELEMENT":"f.4EA148EC701C5F901E073CD471E0C43C.d.157DA7C2BBDAEAD6DA149E56F572179A.e.2480"}]}
COMMAND: POST /session/65af7eee0b689fbc32704a37c909740d/element/f.4EA148EC701C5F901E073CD471E0C43C.d.157DA7C2BBDAEAD6DA149E56F572179A.e.2480/click - {}
COMMAND: GET /session/65af7eee0b689fbc32704a37c909740d/screenshot - {}
RESULT: {}
RESULT: {}
COMMAND: GET /session/65af7eee0b689fbc32704a37c909740d/screenshot - {}
COMMAND: POST /session/65af7eee0b689fbc32704a37c909740d/execute/async - {"script":"<script> [1562 bytes]","args":[{"selector":{"id":"application-manageresources-display-component---newResourceUnit--TYPE-arrow"},"wdio_ui5_key":"applicationmanageresources-display-component---newResourceUnit--TYPE-arrow"}]}
RESULT: {}
RESULT: {}
RESULT: {"script":"<script> [1562 bytes]","args":[{"selector":{"id":"application-manageresources-display-component---newResourceUnit--TYPE-arrow"},"wdio_ui5_key":"applicationmanageresources-display-component---newResourceUnit--TYPE-arrow"}]}
RESULT: undefined
COMMAND: POST /session/65af7eee0b689fbc32704a37c909740d/element - {"using":"xpath","value":"//*[@id=\"application-manageresources-display-component---newResourceUnit--TYPE-arrow\"]"}
RESULT: {"using":"xpath","value":"//*[@id=\"application-manageresources-display-component---newResourceUnit--TYPE-arrow\"]"}
COMMAND: POST /session/65af7eee0b689fbc32704a37c909740d/element/f.4EA148EC701C5F901E073CD471E0C43C.d.157DA7C2BBDAEAD6DA149E56F572179A.e.2825/click - {}
RESULT: {}
COMMAND: POST /session/65af7eee0b689fbc32704a37c909740d/element - {"using":"xpath","value":"//input[@id=\"application-manageresources-display-component---newResourceUnit--TYPE-inner\"]"}
COMMAND: GET /session/65af7eee0b689fbc32704a37c909740d/screenshot - {}
RESULT: {"using":"xpath","value":"//input[@id=\"application-manageresources-display-component---newResourceUnit--TYPE-inner\"]"}
COMMAND: POST /session/65af7eee0b689fbc32704a37c909740d/element/f.4EA148EC701C5F901E073CD471E0C43C.d.157DA7C2BBDAEAD6DA149E56F572179A.e.2822/clear - {}
RESULT: {}
RESULT: {}
COMMAND: POST /session/65af7eee0b689fbc32704a37c909740d/element/f.4EA148EC701C5F901E073CD471E0C43C.d.157DA7C2BBDAEAD6DA149E56F572179A.e.2822/value - {"text":"Equipment"}
COMMAND: GET /session/65af7eee0b689fbc32704a37c909740d/screenshot - {}
RESULT: {"text":"Equipment"}
COMMAND: GET /session/65af7eee0b689fbc32704a37c909740d/screenshot - {}
RESULT: {}
RESULT: {}
COMMAND: POST /session/65af7eee0b689fbc32704a37c909740d/actions - {"actions":[{"id":"action8","type":"key","parameters":{},"actions":[{"type":"keyDown","value":"î€‡"},{"type":"pause","duration":10},{"type":"keyUp","value":"î€‡"}]}]}
RESULT: {"actions":[{"id":"action8","type":"key","parameters":{},"actions":[{"type":"keyDown","value":"î€‡"},{"type":"pause","duration":10},{"type":"keyUp","value":"î€‡"}]}]}
COMMAND: POST /session/65af7eee0b689fbc32704a37c909740d/execute/async - {"script":"<script> [1562 bytes]","args":[{"selector":{"id":"application-manageresources-display-component---newResourceUnit--resourceId","interaction":{"idSuffix":"inner"}},"wdio_ui5_key":"applicationmanageresources-display-component---newResourceUnit--resourceId"}]}
COMMAND: GET /session/65af7eee0b689fbc32704a37c909740d/screenshot - {}
RESULT: {"script":"<script> [1562 bytes]","args":[{"selector":{"id":"application-manageresources-display-component---newResourceUnit--resourceId","interaction":{"idSuffix":"inner"}},"wdio_ui5_key":"applicationmanageresources-display-component---newResourceUnit--resourceId"}]}
RESULT: undefined
COMMAND: POST /session/65af7eee0b689fbc32704a37c909740d/execute/async - {"script":"<script> [776 bytes]","args":[{"enterText":"MBtb1VNDJD","selector":{"id":"application-manageresources-display-component---newResourceUnit--resourceId","interaction":{"idSuffix":"inner"}},"clearTextFirst":true,"interactionType":"ENTER_TEXT"}]}
RESULT: {}
RESULT: {"script":"<script> [776 bytes]","args":[{"enterText":"MBtb1VNDJD","selector":{"id":"application-manageresources-display-component---newResourceUnit--resourceId","interaction":{"idSuffix":"inner"}},"clearTextFirst":true,"interactionType":"ENTER_TEXT"}]}
COMMAND: POST /session/65af7eee0b689fbc32704a37c909740d/execute/async - {"script":"<script> [1562 bytes]","args":[{"selector":{"id":"application-manageresources-display-component---newResourceUnit--SHORT_TEXT","interaction":{"idSuffix":"inner"}},"wdio_ui5_key":"applicationmanageresources-display-component---newResourceUnit--SHORT_TEXT"}]}
RESULT: {"script":"<script> [1562 bytes]","args":[{"selector":{"id":"application-manageresources-display-component---newResourceUnit--SHORT_TEXT","interaction":{"idSuffix":"inner"}},"wdio_ui5_key":"applicationmanageresources-display-component---newResourceUnit--SHORT_TEXT"}]}
RESULT: undefined
COMMAND: POST /session/65af7eee0b689fbc32704a37c909740d/execute/async - {"script":"<script> [776 bytes]","args":[{"enterText":"Intercompany Equipment WDIO","selector":{"id":"application-manageresources-display-component---newResourceUnit--SHORT_TEXT","interaction":{"idSuffix":"inner"}},"clearTextFirst":true,"interactionType":"ENTER_TEXT"}]}
RESULT: {"script":"<script> [776 bytes]","args":[{"enterText":"Intercompany Equipment WDIO","selector":{"id":"application-manageresources-display-component---newResourceUnit--SHORT_TEXT","interaction":{"idSuffix":"inner"}},"clearTextFirst":true,"interactionType":"ENTER_TEXT"}]}
COMMAND: POST /session/65af7eee0b689fbc32704a37c909740d/execute/async - {"script":"<script> [1562 bytes]","args":[{"selector":{"id":"application-manageresources-display-component---newResourceUnit--BASE_UNIT_OF_MEASURE","interaction":{"idSuffix":"inner"}},"wdio_ui5_key":"applicationmanageresources-display-component---newResourceUnit--BASE_UNIT_OF_MEASURE"}]}
RESULT: {"script":"<script> [1562 bytes]","args":[{"selector":{"id":"application-manageresources-display-component---newResourceUnit--BASE_UNIT_OF_MEASURE","interaction":{"idSuffix":"inner"}},"wdio_ui5_key":"applicationmanageresources-display-component---newResourceUnit--BASE_UNIT_OF_MEASURE"}]}
RESULT: undefined
COMMAND: POST /session/65af7eee0b689fbc32704a37c909740d/execute/async - {"script":"<script> [776 bytes]","args":[{"enterText":"Piece","selector":{"id":"application-manageresources-display-component---newResourceUnit--BASE_UNIT_OF_MEASURE","interaction":{"idSuffix":"inner"}},"clearTextFirst":true,"interactionType":"ENTER_TEXT"}]}
RESULT: {"script":"<script> [776 bytes]","args":[{"enterText":"Piece","selector":{"id":"application-manageresources-display-component---newResourceUnit--BASE_UNIT_OF_MEASURE","interaction":{"idSuffix":"inner"}},"clearTextFirst":true,"interactionType":"ENTER_TEXT"}]}
COMMAND: POST /session/65af7eee0b689fbc32704a37c909740d/execute/async - {"script":"<script> [1562 bytes]","args":[{"selector":{"id":"application-manageresources-display-component---newResourceUnit--WEIGHT_UNIT","interaction":{"idSuffix":"inner"}},"wdio_ui5_key":"applicationmanageresources-display-component---newResourceUnit--WEIGHT_UNIT"}]}
RESULT: {"script":"<script> [1562 bytes]","args":[{"selector":{"id":"application-manageresources-display-component---newResourceUnit--WEIGHT_UNIT","interaction":{"idSuffix":"inner"}},"wdio_ui5_key":"applicationmanageresources-display-component---newResourceUnit--WEIGHT_UNIT"}]}
RESULT: undefined
COMMAND: POST /session/65af7eee0b689fbc32704a37c909740d/execute/async - {"script":"<script> [776 bytes]","args":[{"enterText":"Gram","selector":{"id":"application-manageresources-display-component---newResourceUnit--WEIGHT_UNIT","interaction":{"idSuffix":"inner"}},"clearTextFirst":true,"interactionType":"ENTER_TEXT"}]}
RESULT: {"script":"<script> [776 bytes]","args":[{"enterText":"Gram","selector":{"id":"application-manageresources-display-component---newResourceUnit--WEIGHT_UNIT","interaction":{"idSuffix":"inner"}},"clearTextFirst":true,"interactionType":"ENTER_TEXT"}]}
COMMAND: POST /session/65af7eee0b689fbc32704a37c909740d/execute/async - {"script":"<script> [1562 bytes]","args":[{"selector":{"id":"application-manageresources-display-component---newResourceUnit--DIMENSION_UNIT","interaction":{"idSuffix":"inner"}},"wdio_ui5_key":"applicationmanageresources-display-component---newResourceUnit--DIMENSION_UNIT"}]}
RESULT: {"script":"<script> [1562 bytes]","args":[{"selector":{"id":"application-manageresources-display-component---newResourceUnit--DIMENSION_UNIT","interaction":{"idSuffix":"inner"}},"wdio_ui5_key":"applicationmanageresources-display-component---newResourceUnit--DIMENSION_UNIT"}]}
RESULT: undefined
COMMAND: POST /session/65af7eee0b689fbc32704a37c909740d/execute/async - {"script":"<script> [776 bytes]","args":[{"enterText":"Meter","selector":{"id":"application-manageresources-display-component---newResourceUnit--DIMENSION_UNIT","interaction":{"idSuffix":"inner"}},"clearTextFirst":true,"interactionType":"ENTER_TEXT"}]}
RESULT: {"script":"<script> [776 bytes]","args":[{"enterText":"Meter","selector":{"id":"application-manageresources-display-component---newResourceUnit--DIMENSION_UNIT","interaction":{"idSuffix":"inner"}},"clearTextFirst":true,"interactionType":"ENTER_TEXT"}]}
COMMAND: POST /session/65af7eee0b689fbc32704a37c909740d/execute/async - {"script":"<script> [1562 bytes]","args":[{"selector":{"id":"application-manageresources-display-component---newResourceUnit--newRRUPage-anchBar-application-manageresources-display-component---newResourceUnit--control-anchor","interaction":{"idSuffix":"BDI-content"}},"wdio_ui5_key":"applicationmanageresources-display-component---newResourceUnit--newRRUPage-anchBar-application-manageresources-display-component---newResourceUnit--control-anchor"}]}
RESULT: {"script":"<script> [1562 bytes]","args":[{"selector":{"id":"application-manageresources-display-component---newResourceUnit--newRRUPage-anchBar-application-manageresources-display-component---newResourceUnit--control-anchor","interaction":{"idSuffix":"BDI-content"}},"wdio_ui5_key":"applicationmanageresources-display-component---newResourceUnit--newRRUPage-anchBar-application-manageresources-display-component---newResourceUnit--control-anchor"}]}
RESULT: undefined
COMMAND: POST /session/65af7eee0b689fbc32704a37c909740d/element - {"using":"xpath","value":"//*[@id=\"application-manageresources-display-component---newResourceUnit--newRRUPage-anchBar-application-manageresources-display-component---newResourceUnit--control-anchor\"]"}
RESULT: {"using":"xpath","value":"//*[@id=\"application-manageresources-display-component---newResourceUnit--newRRUPage-anchBar-application-manageresources-display-component---newResourceUnit--control-anchor\"]"}
COMMAND: POST /session/65af7eee0b689fbc32704a37c909740d/element/f.4EA148EC701C5F901E073CD471E0C43C.d.157DA7C2BBDAEAD6DA149E56F572179A.e.2954/click - {}
RESULT: {}
COMMAND: POST /session/65af7eee0b689fbc32704a37c909740d/execute/async - {"script":"<script> [1562 bytes]","args":[{"selector":{"id":"application-manageresources-display-component---newResourceUnit--PLANNING_GROUP","interaction":{"idSuffix":"inner"}},"wdio_ui5_key":"applicationmanageresources-display-component---newResourceUnit--PLANNING_GROUP"}]}
COMMAND: GET /session/65af7eee0b689fbc32704a37c909740d/screenshot - {}
RESULT: {"script":"<script> [1562 bytes]","args":[{"selector":{"id":"application-manageresources-display-component---newResourceUnit--PLANNING_GROUP","interaction":{"idSuffix":"inner"}},"wdio_ui5_key":"applicationmanageresources-display-component---newResourceUnit--PLANNING_GROUP"}]}
RESULT: undefined
COMMAND: POST /session/65af7eee0b689fbc32704a37c909740d/execute/async - {"script":"<script> [776 bytes]","args":[{"enterText":"Heavy Equi","selector":{"id":"application-manageresources-display-component---newResourceUnit--PLANNING_GROUP","interaction":{"idSuffix":"inner"}},"clearTextFirst":true,"interactionType":"ENTER_TEXT"}]}
RESULT: {}
RESULT: {"script":"<script> [776 bytes]","args":[{"enterText":"Heavy Equi","selector":{"id":"application-manageresources-display-component---newResourceUnit--PLANNING_GROUP","interaction":{"idSuffix":"inner"}},"clearTextFirst":true,"interactionType":"ENTER_TEXT"}]}
COMMAND: POST /session/65af7eee0b689fbc32704a37c909740d/execute/async - {"script":"<script> [1562 bytes]","args":[{"selector":{"id":"application-manageresources-display-component---newResourceUnit--ITEM_TYPE-arrow"},"wdio_ui5_key":"applicationmanageresources-display-component---newResourceUnit--ITEM_TYPE-arrow"}]}
RESULT: {"script":"<script> [1562 bytes]","args":[{"selector":{"id":"application-manageresources-display-component---newResourceUnit--ITEM_TYPE-arrow"},"wdio_ui5_key":"applicationmanageresources-display-component---newResourceUnit--ITEM_TYPE-arrow"}]}
RESULT: undefined
COMMAND: POST /session/65af7eee0b689fbc32704a37c909740d/element - {"using":"xpath","value":"//*[@id=\"application-manageresources-display-component---newResourceUnit--ITEM_TYPE-arrow\"]"}
RESULT: {"using":"xpath","value":"//*[@id=\"application-manageresources-display-component---newResourceUnit--ITEM_TYPE-arrow\"]"}
COMMAND: POST /session/65af7eee0b689fbc32704a37c909740d/element/f.4EA148EC701C5F901E073CD471E0C43C.d.157DA7C2BBDAEAD6DA149E56F572179A.e.2961/click - {}
RESULT: {}
COMMAND: POST /session/65af7eee0b689fbc32704a37c909740d/element - {"using":"xpath","value":"(//span[contains(text(), \"Resource Unit\")])[2]"}
COMMAND: GET /session/65af7eee0b689fbc32704a37c909740d/screenshot - {}
RESULT: {"using":"xpath","value":"(//span[contains(text(), \"Resource Unit\")])[2]"}
COMMAND: POST /session/65af7eee0b689fbc32704a37c909740d/element/f.4EA148EC701C5F901E073CD471E0C43C.d.157DA7C2BBDAEAD6DA149E56F572179A.e.2962/click - {}
RESULT: {}
RESULT: {}
COMMAND: GET /session/65af7eee0b689fbc32704a37c909740d/screenshot - {}
RESULT: {}
COMMAND: POST /session/65af7eee0b689fbc32704a37c909740d/element - {"using":"css selector","value":"#application-manageresources-display-component---newResourceUnit--btnAddTimeSegment"}
RESULT: {"using":"css selector","value":"#application-manageresources-display-component---newResourceUnit--btnAddTimeSegment"}
COMMAND: GET /session/65af7eee0b689fbc32704a37c909740d/element/f.4EA148EC701C5F901E073CD471E0C43C.d.157DA7C2BBDAEAD6DA149E56F572179A.e.2963/rect - {}
RESULT: {}
COMMAND: GET /session/65af7eee0b689fbc32704a37c909740d/window/rect - {}
RESULT: {}
COMMAND: POST /session/65af7eee0b689fbc32704a37c909740d/execute/sync - {"script":"<script> [92 bytes]","args":[]}
RESULT: {"script":"<script> [92 bytes]","args":[]}
COMMAND: POST /session/65af7eee0b689fbc32704a37c909740d/actions - {"actions":[{"id":"action9","type":"wheel","parameters":{},"actions":[{"type":"scroll","x":-1888,"y":-32,"deltaX":0,"deltaY":0,"duration":0,"origin":{"element-6066-11e4-a52e-4f735466cecf":"f.4EA148EC701C5F901E073CD471E0C43C.d.157DA7C2BBDAEAD6DA149E56F572179A.e.2963"}}]}]}
COMMAND: GET /session/65af7eee0b689fbc32704a37c909740d/screenshot - {}
RESULT: {}
COMMAND: POST /session/65af7eee0b689fbc32704a37c909740d/execute/sync - {"script":"<script> [79 bytes]","args":[{"element-6066-11e4-a52e-4f735466cecf":"f.4EA148EC701C5F901E073CD471E0C43C.d.157DA7C2BBDAEAD6DA149E56F572179A.e.2963","ELEMENT":"f.4EA148EC701C5F901E073CD471E0C43C.d.157DA7C2BBDAEAD6DA149E56F572179A.e.2963"},{"block":"start","inline":"nearest"}]}
RESULT: {"script":"<script> [79 bytes]","args":[{"element-6066-11e4-a52e-4f735466cecf":"f.4EA148EC701C5F901E073CD471E0C43C.d.157DA7C2BBDAEAD6DA149E56F572179A.e.2963","ELEMENT":"f.4EA148EC701C5F901E073CD471E0C43C.d.157DA7C2BBDAEAD6DA149E56F572179A.e.2963"},{"block":"start","inline":"nearest"}]}
COMMAND: POST /session/65af7eee0b689fbc32704a37c909740d/execute/async - {"script":"<script> [1562 bytes]","args":[{"selector":{"id":"application-manageresources-display-component---newResourceUnit--btnAddTimeSegment","interaction":{"idSuffix":"inner"}},"wdio_ui5_key":"applicationmanageresources-display-component---newResourceUnit--btnAddTimeSegment"}]}
COMMAND: GET /session/65af7eee0b689fbc32704a37c909740d/screenshot - {}
RESULT: {"script":"<script> [1562 bytes]","args":[{"selector":{"id":"application-manageresources-display-component---newResourceUnit--btnAddTimeSegment","interaction":{"idSuffix":"inner"}},"wdio_ui5_key":"applicationmanageresources-display-component---newResourceUnit--btnAddTimeSegment"}]}
RESULT: undefined
COMMAND: POST /session/65af7eee0b689fbc32704a37c909740d/element - {"using":"xpath","value":"//*[@id=\"application-manageresources-display-component---newResourceUnit--btnAddTimeSegment\"]"}
RESULT: {}
RESULT: {"using":"xpath","value":"//*[@id=\"application-manageresources-display-component---newResourceUnit--btnAddTimeSegment\"]"}
COMMAND: POST /session/65af7eee0b689fbc32704a37c909740d/element/f.4EA148EC701C5F901E073CD471E0C43C.d.157DA7C2BBDAEAD6DA149E56F572179A.e.2963/click - {}
RESULT: {}
COMMAND: GET /session/65af7eee0b689fbc32704a37c909740d/screenshot - {}
RESULT: {}
COMMAND: POST /session/65af7eee0b689fbc32704a37c909740d/element - {"using":"xpath","value":"//input[@id=\"application-manageresources-display-component---newResourceUnit--idRuTSAdmin-application-manageresources-display-component---newResourceUnit--RUTimeSegment-0-inner\"]"}
RESULT: {"using":"xpath","value":"//input[@id=\"application-manageresources-display-component---newResourceUnit--idRuTSAdmin-application-manageresources-display-component---newResourceUnit--RUTimeSegment-0-inner\"]"}
COMMAND: POST /session/65af7eee0b689fbc32704a37c909740d/element/f.4EA148EC701C5F901E073CD471E0C43C.d.157DA7C2BBDAEAD6DA149E56F572179A.e.2969/clear - {}
RESULT: {}
COMMAND: POST /session/65af7eee0b689fbc32704a37c909740d/element/f.4EA148EC701C5F901E073CD471E0C43C.d.157DA7C2BBDAEAD6DA149E56F572179A.e.2969/value - {"text":"271"}
COMMAND: GET /session/65af7eee0b689fbc32704a37c909740d/screenshot - {}
RESULT: {"text":"271"}
COMMAND: GET /session/65af7eee0b689fbc32704a37c909740d/screenshot - {}
RESULT: {}
RESULT: {}
COMMAND: POST /session/65af7eee0b689fbc32704a37c909740d/element - {"using":"xpath","value":"//li[.//span[text()='271']]"}
RESULT: {"using":"xpath","value":"//li[.//span[text()='271']]"}
COMMAND: POST /session/65af7eee0b689fbc32704a37c909740d/element/f.4EA148EC701C5F901E073CD471E0C43C.d.157DA7C2BBDAEAD6DA149E56F572179A.e.2981/click - {}
RESULT: {}
COMMAND: GET /session/65af7eee0b689fbc32704a37c909740d/screenshot - {}
RESULT: {}
COMMAND: POST /session/65af7eee0b689fbc32704a37c909740d/element - {"using":"xpath","value":"(//span[contains(@id, \"-application-manageresources-display-component---newResourceUnit--RUTimeSegment-0-arrow\")])[6]"}
RESULT: {"using":"xpath","value":"(//span[contains(@id, \"-application-manageresources-display-component---newResourceUnit--RUTimeSegment-0-arrow\")])[6]"}
COMMAND: POST /session/65af7eee0b689fbc32704a37c909740d/element/f.4EA148EC701C5F901E073CD471E0C43C.d.157DA7C2BBDAEAD6DA149E56F572179A.e.2982/click - {}
RESULT: {}
COMMAND: GET /session/65af7eee0b689fbc32704a37c909740d/screenshot - {}
RESULT: {}
COMMAND: POST /session/65af7eee0b689fbc32704a37c909740d/element - {"using":"xpath","value":"//span[contains(text(), \"PM Order\")]"}
RESULT: {"using":"xpath","value":"//span[contains(text(), \"PM Order\")]"}
COMMAND: POST /session/65af7eee0b689fbc32704a37c909740d/element/f.4EA148EC701C5F901E073CD471E0C43C.d.157DA7C2BBDAEAD6DA149E56F572179A.e.2985/click - {}
RESULT: {}
COMMAND: GET /session/65af7eee0b689fbc32704a37c909740d/screenshot - {}
RESULT: {}
COMMAND: POST /session/65af7eee0b689fbc32704a37c909740d/element - {"using":"xpath","value":"(//span[contains(@id ,\"manageresources-display-component---newResourceUnit--RUTimeSegment-0-vhi\")])[1]"}
RESULT: {"using":"xpath","value":"(//span[contains(@id ,\"manageresources-display-component---newResourceUnit--RUTimeSegment-0-vhi\")])[1]"}
COMMAND: GET /session/65af7eee0b689fbc32704a37c909740d/element/f.4EA148EC701C5F901E073CD471E0C43C.d.157DA7C2BBDAEAD6DA149E56F572179A.e.2989/rect - {}
RESULT: {}
COMMAND: GET /session/65af7eee0b689fbc32704a37c909740d/window/rect - {}
RESULT: {}
COMMAND: POST /session/65af7eee0b689fbc32704a37c909740d/execute/sync - {"script":"<script> [92 bytes]","args":[]}
RESULT: {"script":"<script> [92 bytes]","args":[]}
COMMAND: POST /session/65af7eee0b689fbc32704a37c909740d/actions - {"actions":[{"id":"action10","type":"wheel","parameters":{},"actions":[{"type":"scroll","x":-869,"y":-24,"deltaX":0,"deltaY":0,"duration":0,"origin":{"element-6066-11e4-a52e-4f735466cecf":"f.4EA148EC701C5F901E073CD471E0C43C.d.157DA7C2BBDAEAD6DA149E56F572179A.e.2989"}}]}]}
COMMAND: GET /session/65af7eee0b689fbc32704a37c909740d/screenshot - {}
RESULT: {"actions":[{"id":"action10","type":"wheel","parameters":{},"actions":[{"type":"scroll","x":-869,"y":-24,"deltaX":0,"deltaY":0,"duration":0,"origin":{"element-6066-11e4-a52e-4f735466cecf":"f.4EA148EC701C5F901E073CD471E0C43C.d.157DA7C2BBDAEAD6DA149E56F572179A.e.2989"}}]}]}
COMMAND: DELETE /session/65af7eee0b689fbc32704a37c909740d/actions - {}
COMMAND: GET /session/65af7eee0b689fbc32704a37c909740d/screenshot - {}
RESULT: {}
RESULT: {}
COMMAND: GET /session/65af7eee0b689fbc32704a37c909740d/screenshot - {}
RESULT: {}
RESULT: {}
COMMAND: POST /session/65af7eee0b689fbc32704a37c909740d/element/f.4EA148EC701C5F901E073CD471E0C43C.d.157DA7C2BBDAEAD6DA149E56F572179A.e.2989/click - {}
RESULT: {}
COMMAND: GET /session/65af7eee0b689fbc32704a37c909740d/screenshot - {}
RESULT: {}
RESULT: undefined
COMMAND: POST /session/65af7eee0b689fbc32704a37c909740d/execute/async - {"script":"<script> [776 bytes]","args":[{"enterText":"4000360","selector":{"controlType":"sap.m.SearchField","properties":{"placeholder":"Search"},"searchOpenDialogs":true,"interaction":{"idSuffix":"I"}},"clearTextFirst":true,"interactionType":"ENTER_TEXT"}]}
RESULT: {"script":"<script> [776 bytes]","args":[{"enterText":"4000360","selector":{"controlType":"sap.m.SearchField","properties":{"placeholder":"Search"},"searchOpenDialogs":true,"interaction":{"idSuffix":"I"}},"clearTextFirst":true,"interactionType":"ENTER_TEXT"}]}
COMMAND: POST /session/65af7eee0b689fbc32704a37c909740d/actions - {"actions":[{"id":"action11","type":"key","parameters":{},"actions":[{"type":"keyDown","value":"î€‡"},{"type":"pause","duration":10},{"type":"keyUp","value":"î€‡"}]}]}
RESULT: {"actions":[{"id":"action11","type":"key","parameters":{},"actions":[{"type":"keyDown","value":"î€‡"},{"type":"pause","duration":10},{"type":"keyUp","value":"î€‡"}]}]}
COMMAND: GET /session/65af7eee0b689fbc32704a37c909740d/screenshot - {}
RESULT: {}
COMMAND: POST /session/65af7eee0b689fbc32704a37c909740d/element - {"using":"xpath","value":"//td/div/span[contains(text(), \"BGL Vehicles\")]"}
RESULT: {"using":"xpath","value":"//td/div/span[contains(text(), \"BGL Vehicles\")]"}
COMMAND: POST /session/65af7eee0b689fbc32704a37c909740d/element/f.4EA148EC701C5F901E073CD471E0C43C.d.157DA7C2BBDAEAD6DA149E56F572179A.e.3008/click - {}
RESULT: {}
COMMAND: GET /session/65af7eee0b689fbc32704a37c909740d/screenshot - {}
RESULT: {}
COMMAND: POST /session/65af7eee0b689fbc32704a37c909740d/element - {"using":"xpath","value":"//bdi[contains(text(), \"OK\")]"}
RESULT: {"using":"xpath","value":"//bdi[contains(text(), \"OK\")]"}
COMMAND: POST /session/65af7eee0b689fbc32704a37c909740d/element/f.4EA148EC701C5F901E073CD471E0C43C.d.157DA7C2BBDAEAD6DA149E56F572179A.e.3009/click - {}
RESULT: {}
COMMAND: GET /session/65af7eee0b689fbc32704a37c909740d/screenshot - {}
RESULT: {}
COMMAND: POST /session/65af7eee0b689fbc32704a37c909740d/execute/async - {"script":"<script> [1562 bytes]","args":[{"selector":{"id":"application-manageresources-display-component---newResourceUnit--newRRUPage-anchBar-application-manageresources-display-component---newResourceUnit--resource-anchor","interaction":{"idSuffix":"BDI-content"}},"wdio_ui5_key":"applicationmanageresources-display-component---newResourceUnit--newRRUPage-anchBar-application-manageresources-display-component---newResourceUnit--resource-anchor"}]}
RESULT: {"script":"<script> [1562 bytes]","args":[{"selector":{"id":"application-manageresources-display-component---newResourceUnit--newRRUPage-anchBar-application-manageresources-display-component---newResourceUnit--resource-anchor","interaction":{"idSuffix":"BDI-content"}},"wdio_ui5_key":"applicationmanageresources-display-component---newResourceUnit--newRRUPage-anchBar-application-manageresources-display-component---newResourceUnit--resource-anchor"}]}
RESULT: undefined
COMMAND: POST /session/65af7eee0b689fbc32704a37c909740d/element - {"using":"xpath","value":"//*[@id=\"application-manageresources-display-component---newResourceUnit--newRRUPage-anchBar-application-manageresources-display-component---newResourceUnit--resource-anchor\"]"}
RESULT: {"using":"xpath","value":"//*[@id=\"application-manageresources-display-component---newResourceUnit--newRRUPage-anchBar-application-manageresources-display-component---newResourceUnit--resource-anchor\"]"}
COMMAND: POST /session/65af7eee0b689fbc32704a37c909740d/element/f.4EA148EC701C5F901E073CD471E0C43C.d.157DA7C2BBDAEAD6DA149E56F572179A.e.3013/click - {}
RESULT: {}
COMMAND: POST /session/65af7eee0b689fbc32704a37c909740d/execute/async - {"script":"<script> [1562 bytes]","args":[{"selector":{"id":"application-manageresources-display-component---newResourceUnit--PLANNED_DELIVERY_DATE","interaction":{"idSuffix":"inner"}},"wdio_ui5_key":"applicationmanageresources-display-component---newResourceUnit--PLANNED_DELIVERY_DATE"}]}
COMMAND: GET /session/65af7eee0b689fbc32704a37c909740d/screenshot - {}
RESULT: {"script":"<script> [1562 bytes]","args":[{"selector":{"id":"application-manageresources-display-component---newResourceUnit--PLANNED_DELIVERY_DATE","interaction":{"idSuffix":"inner"}},"wdio_ui5_key":"applicationmanageresources-display-component---newResourceUnit--PLANNED_DELIVERY_DATE"}]}
RESULT: undefined
COMMAND: POST /session/65af7eee0b689fbc32704a37c909740d/execute/async - {"script":"<script> [6424 bytes]","args":[{"element-6066-11e4-a52e-4f735466cecf":"f.4EA148EC701C5F901E073CD471E0C43C.d.157DA7C2BBDAEAD6DA149E56F572179A.e.2879"},"setValue",["5/13/25"]]}
RESULT: {}
RESULT: {"script":"<script> [6424 bytes]","args":[{"element-6066-11e4-a52e-4f735466cecf":"f.4EA148EC701C5F901E073CD471E0C43C.d.157DA7C2BBDAEAD6DA149E56F572179A.e.2879"},"setValue",["5/13/25"]]}
COMMAND: POST /session/65af7eee0b689fbc32704a37c909740d/element - {"using":"xpath","value":"//label[contains(@class, 'sapMLabelRequired') and .//bdi[contains(text(), 'Planned Retirement')]]"}
RESULT: {"using":"xpath","value":"//label[contains(@class, 'sapMLabelRequired') and .//bdi[contains(text(), 'Planned Retirement')]]"}
COMMAND: POST /session/65af7eee0b689fbc32704a37c909740d/elements - {"using":"xpath","value":"//label[contains(@class, 'sapMLabelRequired') and .//bdi[contains(text(), 'Planned Retirement')]]"}
RESULT: {"using":"xpath","value":"//label[contains(@class, 'sapMLabelRequired') and .//bdi[contains(text(), 'Planned Retirement')]]"}
COMMAND: POST /session/65af7eee0b689fbc32704a37c909740d/element - {"using":"xpath","value":"//button[@data-kt=\"resourceUnitSaveButton\"]"}
RESULT: {"using":"xpath","value":"//button[@data-kt=\"resourceUnitSaveButton\"]"}
COMMAND: POST /session/65af7eee0b689fbc32704a37c909740d/element/f.4EA148EC701C5F901E073CD471E0C43C.d.157DA7C2BBDAEAD6DA149E56F572179A.e.2840/click - {}
RESULT: {}
COMMAND: GET /session/65af7eee0b689fbc32704a37c909740d/screenshot - {}
RESULT: {}
COMMAND: POST /session/65af7eee0b689fbc32704a37c909740d/element - {"using":"xpath","value":"//bdi[contains(text(), \"Close\")]"}
RESULT: {"using":"xpath","value":"//bdi[contains(text(), \"Close\")]"}
COMMAND: POST /session/65af7eee0b689fbc32704a37c909740d/element/f.4EA148EC701C5F901E073CD471E0C43C.d.157DA7C2BBDAEAD6DA149E56F572179A.e.3021/click - {}
RESULT: {}
COMMAND: GET /session/65af7eee0b689fbc32704a37c909740d/screenshot - {}
RESULT: {}
COMMAND: POST /session/65af7eee0b689fbc32704a37c909740d/element - {"using":"xpath","value":"(//button[contains(@id ,\"actionsToolbar-overflowButton\")])[1]"}
RESULT: {"using":"xpath","value":"(//button[contains(@id ,\"actionsToolbar-overflowButton\")])[1]"}
COMMAND: POST /session/65af7eee0b689fbc32704a37c909740d/element/f.4EA148EC701C5F901E073CD471E0C43C.d.157DA7C2BBDAEAD6DA149E56F572179A.e.3071/click - {}
RESULT: {}
COMMAND: GET /session/65af7eee0b689fbc32704a37c909740d/screenshot - {}
RESULT: {}
COMMAND: POST /session/65af7eee0b689fbc32704a37c909740d/element - {"using":"xpath","value":"//button[@data-kt=\"priceInfoButton\"]"}
RESULT: {"using":"xpath","value":"//button[@data-kt=\"priceInfoButton\"]"}
COMMAND: POST /session/65af7eee0b689fbc32704a37c909740d/element/f.4EA148EC701C5F901E073CD471E0C43C.d.157DA7C2BBDAEAD6DA149E56F572179A.e.3080/click - {}
RESULT: {}
COMMAND: GET /session/65af7eee0b689fbc32704a37c909740d/screenshot - {}
RESULT: {}
]]></system-out>
    </testcase>
    <testcase classname="chrome.136_0_7103_49.windows.Billing_confirm_US117289" name="Should create new pricing rule" time="62.558">
      <system-out><![CDATA[
COMMAND: POST /session/65af7eee0b689fbc32704a37c909740d/element - {"using":"xpath","value":"//button[@data-kt=\"addButton\"]"}
RESULT: {"using":"xpath","value":"//button[@data-kt=\"addButton\"]"}
COMMAND: POST /session/65af7eee0b689fbc32704a37c909740d/elements - {"using":"xpath","value":"//button[@data-kt=\"addButton\"]"}
RESULT: {"using":"xpath","value":"//button[@data-kt=\"addButton\"]"}
COMMAND: POST /session/65af7eee0b689fbc32704a37c909740d/execute/sync - {"script":"<script> [8489 bytes]","args":[{"element-6066-11e4-a52e-4f735466cecf":"f.4EA148EC701C5F901E073CD471E0C43C.d.157DA7C2BBDAEAD6DA149E56F572179A.e.3116","ELEMENT":"f.4EA148EC701C5F901E073CD471E0C43C.d.157DA7C2BBDAEAD6DA149E56F572179A.e.3116"}]}
RESULT: {"script":"<script> [8489 bytes]","args":[{"element-6066-11e4-a52e-4f735466cecf":"f.4EA148EC701C5F901E073CD471E0C43C.d.157DA7C2BBDAEAD6DA149E56F572179A.e.3116","ELEMENT":"f.4EA148EC701C5F901E073CD471E0C43C.d.157DA7C2BBDAEAD6DA149E56F572179A.e.3116"}]}
COMMAND: GET /session/65af7eee0b689fbc32704a37c909740d/element/f.4EA148EC701C5F901E073CD471E0C43C.d.157DA7C2BBDAEAD6DA149E56F572179A.e.3116/enabled - {}
COMMAND: GET /session/65af7eee0b689fbc32704a37c909740d/screenshot - {}
RESULT: {}
COMMAND: POST /session/65af7eee0b689fbc32704a37c909740d/execute/sync - {"script":"<script> [8489 bytes]","args":[{"element-6066-11e4-a52e-4f735466cecf":"f.4EA148EC701C5F901E073CD471E0C43C.d.157DA7C2BBDAEAD6DA149E56F572179A.e.3116","ELEMENT":"f.4EA148EC701C5F901E073CD471E0C43C.d.157DA7C2BBDAEAD6DA149E56F572179A.e.3116"}]}
COMMAND: GET /session/65af7eee0b689fbc32704a37c909740d/screenshot - {}
RESULT: {}
RESULT: {"script":"<script> [8489 bytes]","args":[{"element-6066-11e4-a52e-4f735466cecf":"f.4EA148EC701C5F901E073CD471E0C43C.d.157DA7C2BBDAEAD6DA149E56F572179A.e.3116","ELEMENT":"f.4EA148EC701C5F901E073CD471E0C43C.d.157DA7C2BBDAEAD6DA149E56F572179A.e.3116"}]}
COMMAND: POST /session/65af7eee0b689fbc32704a37c909740d/execute/sync - {"script":"<script> [5351 bytes]","args":[{"element-6066-11e4-a52e-4f735466cecf":"f.4EA148EC701C5F901E073CD471E0C43C.d.157DA7C2BBDAEAD6DA149E56F572179A.e.3116","ELEMENT":"f.4EA148EC701C5F901E073CD471E0C43C.d.157DA7C2BBDAEAD6DA149E56F572179A.e.3116"}]}
COMMAND: GET /session/65af7eee0b689fbc32704a37c909740d/screenshot - {}
RESULT: {}
RESULT: {"script":"<script> [5351 bytes]","args":[{"element-6066-11e4-a52e-4f735466cecf":"f.4EA148EC701C5F901E073CD471E0C43C.d.157DA7C2BBDAEAD6DA149E56F572179A.e.3116","ELEMENT":"f.4EA148EC701C5F901E073CD471E0C43C.d.157DA7C2BBDAEAD6DA149E56F572179A.e.3116"}]}
COMMAND: POST /session/65af7eee0b689fbc32704a37c909740d/element/f.4EA148EC701C5F901E073CD471E0C43C.d.157DA7C2BBDAEAD6DA149E56F572179A.e.3116/click - {}
COMMAND: GET /session/65af7eee0b689fbc32704a37c909740d/screenshot - {}
RESULT: {}
RESULT: {}
COMMAND: GET /session/65af7eee0b689fbc32704a37c909740d/screenshot - {}
RESULT: {}
RESULT: {}
COMMAND: POST /session/65af7eee0b689fbc32704a37c909740d/execute/async - {"script":"<script> [1562 bytes]","args":[{"selector":{"controlType":"sap.m.Title","viewName":"etm.portal.ui.managepricingrules.view.NewItem","viewId":"application-managepricingrules-display-component---newInfoPriceItem","properties":{"text":"New Pricing Rules - Item Level"}},"wdio_ui5_key":"etmportal.ui.managepricingrules.view.NewItemsap.m.Title{\"text\":\"New Pricing Rules - Item Level\"}"}]}
RESULT: {"script":"<script> [1562 bytes]","args":[{"selector":{"controlType":"sap.m.Title","viewName":"etm.portal.ui.managepricingrules.view.NewItem","viewId":"application-managepricingrules-display-component---newInfoPriceItem","properties":{"text":"New Pricing Rules - Item Level"}},"wdio_ui5_key":"etmportal.ui.managepricingrules.view.NewItemsap.m.Title{\"text\":\"New Pricing Rules - Item Level\"}"}]}
RESULT: undefined
COMMAND: POST /session/65af7eee0b689fbc32704a37c909740d/execute/async - {"script":"<script> [6424 bytes]","args":[{"element-6066-11e4-a52e-4f735466cecf":"f.4EA148EC701C5F901E073CD471E0C43C.d.157DA7C2BBDAEAD6DA149E56F572179A.e.3244"},"getText",[]]}
RESULT: {"script":"<script> [6424 bytes]","args":[{"element-6066-11e4-a52e-4f735466cecf":"f.4EA148EC701C5F901E073CD471E0C43C.d.157DA7C2BBDAEAD6DA149E56F572179A.e.3244"},"getText",[]]}
COMMAND: POST /session/65af7eee0b689fbc32704a37c909740d/execute/async - {"script":"<script> [1562 bytes]","args":[{"selector":{"id":"application-managepricingrules-display-component---newInfoPriceItem--condValidTo","interaction":{"idSuffix":"inner"}},"wdio_ui5_key":"applicationmanagepricingrules-display-component---newInfoPriceItem--condValidTo"}]}
RESULT: {"script":"<script> [1562 bytes]","args":[{"selector":{"id":"application-managepricingrules-display-component---newInfoPriceItem--condValidTo","interaction":{"idSuffix":"inner"}},"wdio_ui5_key":"applicationmanagepricingrules-display-component---newInfoPriceItem--condValidTo"}]}
RESULT: undefined
COMMAND: POST /session/65af7eee0b689fbc32704a37c909740d/execute/async - {"script":"<script> [776 bytes]","args":[{"enterText":"01/13/26","selector":{"id":"application-managepricingrules-display-component---newInfoPriceItem--condValidTo","interaction":{"idSuffix":"inner"}},"clearTextFirst":true,"interactionType":"ENTER_TEXT"}]}
RESULT: {"script":"<script> [776 bytes]","args":[{"enterText":"01/13/26","selector":{"id":"application-managepricingrules-display-component---newInfoPriceItem--condValidTo","interaction":{"idSuffix":"inner"}},"clearTextFirst":true,"interactionType":"ENTER_TEXT"}]}
COMMAND: POST /session/65af7eee0b689fbc32704a37c909740d/execute/async - {"script":"<script> [1562 bytes]","args":[{"selector":{"id":"application-managepricingrules-display-component---newInfoPriceItem--billType-arrow"},"wdio_ui5_key":"applicationmanagepricingrules-display-component---newInfoPriceItem--billType-arrow"}]}
RESULT: {"script":"<script> [1562 bytes]","args":[{"selector":{"id":"application-managepricingrules-display-component---newInfoPriceItem--billType-arrow"},"wdio_ui5_key":"applicationmanagepricingrules-display-component---newInfoPriceItem--billType-arrow"}]}
RESULT: undefined
COMMAND: POST /session/65af7eee0b689fbc32704a37c909740d/element - {"using":"xpath","value":"//*[@id=\"application-managepricingrules-display-component---newInfoPriceItem--billType-arrow\"]"}
RESULT: {"using":"xpath","value":"//*[@id=\"application-managepricingrules-display-component---newInfoPriceItem--billType-arrow\"]"}
COMMAND: POST /session/65af7eee0b689fbc32704a37c909740d/element/f.4EA148EC701C5F901E073CD471E0C43C.d.157DA7C2BBDAEAD6DA149E56F572179A.e.3246/click - {}
RESULT: {}
COMMAND: POST /session/65af7eee0b689fbc32704a37c909740d/element - {"using":"xpath","value":"//span[contains(text(), \"TB - Time based\")]"}
COMMAND: GET /session/65af7eee0b689fbc32704a37c909740d/screenshot - {}
RESULT: {"using":"xpath","value":"//span[contains(text(), \"TB - Time based\")]"}
COMMAND: POST /session/65af7eee0b689fbc32704a37c909740d/element/f.4EA148EC701C5F901E073CD471E0C43C.d.157DA7C2BBDAEAD6DA149E56F572179A.e.3247/click - {}
RESULT: {}
RESULT: {}
COMMAND: POST /session/65af7eee0b689fbc32704a37c909740d/execute/async - {"script":"<script> [1562 bytes]","args":[{"selector":{"id":"application-managepricingrules-display-component---newInfoPriceItem--priceProc-arrow"},"wdio_ui5_key":"applicationmanagepricingrules-display-component---newInfoPriceItem--priceProc-arrow"}]}
COMMAND: GET /session/65af7eee0b689fbc32704a37c909740d/screenshot - {}
RESULT: {"script":"<script> [1562 bytes]","args":[{"selector":{"id":"application-managepricingrules-display-component---newInfoPriceItem--priceProc-arrow"},"wdio_ui5_key":"applicationmanagepricingrules-display-component---newInfoPriceItem--priceProc-arrow"}]}
RESULT: undefined
COMMAND: POST /session/65af7eee0b689fbc32704a37c909740d/element - {"using":"xpath","value":"//*[@id=\"application-managepricingrules-display-component---newInfoPriceItem--priceProc-arrow\"]"}
RESULT: {}
RESULT: {"using":"xpath","value":"//*[@id=\"application-managepricingrules-display-component---newInfoPriceItem--priceProc-arrow\"]"}
COMMAND: POST /session/65af7eee0b689fbc32704a37c909740d/element/f.4EA148EC701C5F901E073CD471E0C43C.d.157DA7C2BBDAEAD6DA149E56F572179A.e.3248/click - {}
RESULT: {}
COMMAND: POST /session/65af7eee0b689fbc32704a37c909740d/element - {"using":"xpath","value":"//span[contains(text(), \"TBS - Time based standard\")]"}
COMMAND: GET /session/65af7eee0b689fbc32704a37c909740d/screenshot - {}
RESULT: {"using":"xpath","value":"//span[contains(text(), \"TBS - Time based standard\")]"}
COMMAND: POST /session/65af7eee0b689fbc32704a37c909740d/element/f.4EA148EC701C5F901E073CD471E0C43C.d.157DA7C2BBDAEAD6DA149E56F572179A.e.3249/click - {}
RESULT: {}
RESULT: {}
COMMAND: POST /session/65af7eee0b689fbc32704a37c909740d/execute/async - {"script":"<script> [1562 bytes]","args":[{"selector":{"id":"application-managepricingrules-display-component---newInfoPriceItem--calcBase-arrow"},"wdio_ui5_key":"applicationmanagepricingrules-display-component---newInfoPriceItem--calcBase-arrow"}]}
COMMAND: GET /session/65af7eee0b689fbc32704a37c909740d/screenshot - {}
RESULT: {"script":"<script> [1562 bytes]","args":[{"selector":{"id":"application-managepricingrules-display-component---newInfoPriceItem--calcBase-arrow"},"wdio_ui5_key":"applicationmanagepricingrules-display-component---newInfoPriceItem--calcBase-arrow"}]}
RESULT: undefined
COMMAND: POST /session/65af7eee0b689fbc32704a37c909740d/element - {"using":"xpath","value":"//*[@id=\"application-managepricingrules-display-component---newInfoPriceItem--calcBase-arrow\"]"}
RESULT: {}
RESULT: {"using":"xpath","value":"//*[@id=\"application-managepricingrules-display-component---newInfoPriceItem--calcBase-arrow\"]"}
COMMAND: POST /session/65af7eee0b689fbc32704a37c909740d/element/f.4EA148EC701C5F901E073CD471E0C43C.d.157DA7C2BBDAEAD6DA149E56F572179A.e.3220/click - {}
RESULT: {}
COMMAND: GET /session/65af7eee0b689fbc32704a37c909740d/screenshot - {}
RESULT: {}
COMMAND: POST /session/65af7eee0b689fbc32704a37c909740d/element - {"using":"xpath","value":"//span[contains(text(), \"0006 - TB(calendar days)\")]"}
RESULT: {"using":"xpath","value":"//span[contains(text(), \"0006 - TB(calendar days)\")]"}
COMMAND: POST /session/65af7eee0b689fbc32704a37c909740d/element/f.4EA148EC701C5F901E073CD471E0C43C.d.157DA7C2BBDAEAD6DA149E56F572179A.e.3250/click - {}
RESULT: {}
COMMAND: GET /session/65af7eee0b689fbc32704a37c909740d/screenshot - {}
RESULT: {}
COMMAND: POST /session/65af7eee0b689fbc32704a37c909740d/execute/async - {"script":"<script> [1562 bytes]","args":[{"selector":{"id":"application-managepricingrules-display-component---newInfoPriceItem--daysMonth","interaction":{"idSuffix":"inner"}},"wdio_ui5_key":"applicationmanagepricingrules-display-component---newInfoPriceItem--daysMonth"}]}
RESULT: {"script":"<script> [1562 bytes]","args":[{"selector":{"id":"application-managepricingrules-display-component---newInfoPriceItem--daysMonth","interaction":{"idSuffix":"inner"}},"wdio_ui5_key":"applicationmanagepricingrules-display-component---newInfoPriceItem--daysMonth"}]}
RESULT: undefined
COMMAND: POST /session/65af7eee0b689fbc32704a37c909740d/execute/async - {"script":"<script> [776 bytes]","args":[{"enterText":"30","selector":{"id":"application-managepricingrules-display-component---newInfoPriceItem--daysMonth","interaction":{"idSuffix":"inner"}},"clearTextFirst":true,"interactionType":"ENTER_TEXT"}]}
RESULT: {"script":"<script> [776 bytes]","args":[{"enterText":"30","selector":{"id":"application-managepricingrules-display-component---newInfoPriceItem--daysMonth","interaction":{"idSuffix":"inner"}},"clearTextFirst":true,"interactionType":"ENTER_TEXT"}]}
COMMAND: POST /session/65af7eee0b689fbc32704a37c909740d/element - {"using":"xpath","value":"//button[@data-kt=\"saveNewRuleButton\"]"}
RESULT: {"using":"xpath","value":"//button[@data-kt=\"saveNewRuleButton\"]"}
COMMAND: POST /session/65af7eee0b689fbc32704a37c909740d/element/f.4EA148EC701C5F901E073CD471E0C43C.d.157DA7C2BBDAEAD6DA149E56F572179A.e.3232/click - {}
RESULT: {}
COMMAND: GET /session/65af7eee0b689fbc32704a37c909740d/screenshot - {}
RESULT: {}
COMMAND: POST /session/65af7eee0b689fbc32704a37c909740d/execute/async - {"script":"<script> [1562 bytes]","args":[{"selector":{"id":"application-managepricingrules-display-component---priceInfoItem--smartFilterBar-btnBasicSearch","interaction":{"idSuffix":"I"}},"wdio_ui5_key":"applicationmanagepricingrules-display-component---priceInfoItem--smartFilterBar-btnBasicSearch"}]}
RESULT: {"script":"<script> [1562 bytes]","args":[{"selector":{"id":"application-managepricingrules-display-component---priceInfoItem--smartFilterBar-btnBasicSearch","interaction":{"idSuffix":"I"}},"wdio_ui5_key":"applicationmanagepricingrules-display-component---priceInfoItem--smartFilterBar-btnBasicSearch"}]}
RESULT: undefined
COMMAND: POST /session/65af7eee0b689fbc32704a37c909740d/execute/async - {"script":"<script> [776 bytes]","args":[{"enterText":"MBtb1VNDJD","selector":{"id":"application-managepricingrules-display-component---priceInfoItem--smartFilterBar-btnBasicSearch","interaction":{"idSuffix":"I"}},"clearTextFirst":true,"interactionType":"ENTER_TEXT"}]}
RESULT: {"script":"<script> [776 bytes]","args":[{"enterText":"MBtb1VNDJD","selector":{"id":"application-managepricingrules-display-component---priceInfoItem--smartFilterBar-btnBasicSearch","interaction":{"idSuffix":"I"}},"clearTextFirst":true,"interactionType":"ENTER_TEXT"}]}
COMMAND: POST /session/65af7eee0b689fbc32704a37c909740d/actions - {"actions":[{"id":"action12","type":"key","parameters":{},"actions":[{"type":"keyDown","value":"î€‡"},{"type":"pause","duration":10},{"type":"keyUp","value":"î€‡"}]}]}
RESULT: {"actions":[{"id":"action12","type":"key","parameters":{},"actions":[{"type":"keyDown","value":"î€‡"},{"type":"pause","duration":10},{"type":"keyUp","value":"î€‡"}]}]}
COMMAND: GET /session/65af7eee0b689fbc32704a37c909740d/screenshot - {}
RESULT: {}
COMMAND: POST /session/65af7eee0b689fbc32704a37c909740d/element - {"using":"xpath","value":"//span[@id=\"application-managepricingrules-display-component---priceInfoItem--smartTable-header-inner\"]"}
RESULT: {"using":"xpath","value":"//span[@id=\"application-managepricingrules-display-component---priceInfoItem--smartTable-header-inner\"]"}
COMMAND: POST /session/65af7eee0b689fbc32704a37c909740d/elements - {"using":"xpath","value":"//span[@id=\"application-managepricingrules-display-component---priceInfoItem--smartTable-header-inner\"]"}
RESULT: {"using":"xpath","value":"//span[@id=\"application-managepricingrules-display-component---priceInfoItem--smartTable-header-inner\"]"}
COMMAND: POST /session/65af7eee0b689fbc32704a37c909740d/execute/sync - {"script":"<script> [56 bytes]","args":[{"element-6066-11e4-a52e-4f735466cecf":"f.4EA148EC701C5F901E073CD471E0C43C.d.157DA7C2BBDAEAD6DA149E56F572179A.e.3276","ELEMENT":"f.4EA148EC701C5F901E073CD471E0C43C.d.157DA7C2BBDAEAD6DA149E56F572179A.e.3276"}]}
RESULT: {"script":"<script> [56 bytes]","args":[{"element-6066-11e4-a52e-4f735466cecf":"f.4EA148EC701C5F901E073CD471E0C43C.d.157DA7C2BBDAEAD6DA149E56F572179A.e.3276","ELEMENT":"f.4EA148EC701C5F901E073CD471E0C43C.d.157DA7C2BBDAEAD6DA149E56F572179A.e.3276"}]}
COMMAND: POST /session/65af7eee0b689fbc32704a37c909740d/element - {"using":"css selector","value":"#shell-header-logo"}
COMMAND: GET /session/65af7eee0b689fbc32704a37c909740d/screenshot - {}
RESULT: {"using":"css selector","value":"#shell-header-logo"}
COMMAND: POST /session/65af7eee0b689fbc32704a37c909740d/element/f.4EA148EC701C5F901E073CD471E0C43C.d.157DA7C2BBDAEAD6DA149E56F572179A.e.2441/click - {}
RESULT: {}
RESULT: {}
COMMAND: GET /session/65af7eee0b689fbc32704a37c909740d/screenshot - {}
RESULT: {}
]]></system-out>
    </testcase>
    <testcase classname="chrome.136_0_7103_49.windows.Billing_confirm_US117289" name="Should create new condition for equipment" time="80.759">
      <system-out><![CDATA[
COMMAND: POST /session/65af7eee0b689fbc32704a37c909740d/execute/async - {"script":"<script> [1562 bytes]","args":[{"selector":{"controlType":"sap.m.Text","properties":{"text":"Manage Conditions & Prices"},"interaction":{"idSuffix":"inner"}},"wdio_ui5_key":"sapm.Text{\"text\":\"Manage Conditions & Prices\"}"}]}
RESULT: {"script":"<script> [1562 bytes]","args":[{"selector":{"controlType":"sap.m.Text","properties":{"text":"Manage Conditions & Prices"},"interaction":{"idSuffix":"inner"}},"wdio_ui5_key":"sapm.Text{\"text\":\"Manage Conditions & Prices\"}"}]}
RESULT: undefined
COMMAND: POST /session/65af7eee0b689fbc32704a37c909740d/element - {"using":"xpath","value":"//*[@id=\"__tile53-title\"]"}
RESULT: {"using":"xpath","value":"//*[@id=\"__tile53-title\"]"}
COMMAND: POST /session/65af7eee0b689fbc32704a37c909740d/element/f.4EA148EC701C5F901E073CD471E0C43C.d.157DA7C2BBDAEAD6DA149E56F572179A.e.3279/click - {}
RESULT: {}
COMMAND: POST /session/65af7eee0b689fbc32704a37c909740d/element - {"using":"xpath","value":"//button[@aria-label=\"Create\"]"}
COMMAND: GET /session/65af7eee0b689fbc32704a37c909740d/screenshot - {}
RESULT: {"using":"xpath","value":"//button[@aria-label=\"Create\"]"}
COMMAND: POST /session/65af7eee0b689fbc32704a37c909740d/elements - {"using":"xpath","value":"//button[@aria-label=\"Create\"]"}
RESULT: {}
RESULT: {"using":"xpath","value":"//button[@aria-label=\"Create\"]"}
COMMAND: POST /session/65af7eee0b689fbc32704a37c909740d/elements - {"using":"xpath","value":"//button[@aria-label=\"Create\"]"}
RESULT: {"using":"xpath","value":"//button[@aria-label=\"Create\"]"}
COMMAND: POST /session/65af7eee0b689fbc32704a37c909740d/elements - {"using":"xpath","value":"//button[@aria-label=\"Create\"]"}
RESULT: {"using":"xpath","value":"//button[@aria-label=\"Create\"]"}
COMMAND: POST /session/65af7eee0b689fbc32704a37c909740d/elements - {"using":"xpath","value":"//button[@aria-label=\"Create\"]"}
RESULT: {"using":"xpath","value":"//button[@aria-label=\"Create\"]"}
COMMAND: POST /session/65af7eee0b689fbc32704a37c909740d/element - {"using":"xpath","value":"//button[@aria-label=\"Create\"]"}
RESULT: {"using":"xpath","value":"//button[@aria-label=\"Create\"]"}
COMMAND: POST /session/65af7eee0b689fbc32704a37c909740d/execute/sync - {"script":"<script> [8489 bytes]","args":[{"element-6066-11e4-a52e-4f735466cecf":"f.4EA148EC701C5F901E073CD471E0C43C.d.157DA7C2BBDAEAD6DA149E56F572179A.e.3314","ELEMENT":"f.4EA148EC701C5F901E073CD471E0C43C.d.157DA7C2BBDAEAD6DA149E56F572179A.e.3314"}]}
RESULT: {"script":"<script> [8489 bytes]","args":[{"element-6066-11e4-a52e-4f735466cecf":"f.4EA148EC701C5F901E073CD471E0C43C.d.157DA7C2BBDAEAD6DA149E56F572179A.e.3314","ELEMENT":"f.4EA148EC701C5F901E073CD471E0C43C.d.157DA7C2BBDAEAD6DA149E56F572179A.e.3314"}]}
COMMAND: GET /session/65af7eee0b689fbc32704a37c909740d/element/f.4EA148EC701C5F901E073CD471E0C43C.d.157DA7C2BBDAEAD6DA149E56F572179A.e.3314/enabled - {}
COMMAND: GET /session/65af7eee0b689fbc32704a37c909740d/screenshot - {}
RESULT: {}
COMMAND: POST /session/65af7eee0b689fbc32704a37c909740d/execute/sync - {"script":"<script> [8489 bytes]","args":[{"element-6066-11e4-a52e-4f735466cecf":"f.4EA148EC701C5F901E073CD471E0C43C.d.157DA7C2BBDAEAD6DA149E56F572179A.e.3314","ELEMENT":"f.4EA148EC701C5F901E073CD471E0C43C.d.157DA7C2BBDAEAD6DA149E56F572179A.e.3314"}]}
COMMAND: GET /session/65af7eee0b689fbc32704a37c909740d/screenshot - {}
RESULT: {}
RESULT: {"script":"<script> [8489 bytes]","args":[{"element-6066-11e4-a52e-4f735466cecf":"f.4EA148EC701C5F901E073CD471E0C43C.d.157DA7C2BBDAEAD6DA149E56F572179A.e.3314","ELEMENT":"f.4EA148EC701C5F901E073CD471E0C43C.d.157DA7C2BBDAEAD6DA149E56F572179A.e.3314"}]}
COMMAND: POST /session/65af7eee0b689fbc32704a37c909740d/execute/sync - {"script":"<script> [5351 bytes]","args":[{"element-6066-11e4-a52e-4f735466cecf":"f.4EA148EC701C5F901E073CD471E0C43C.d.157DA7C2BBDAEAD6DA149E56F572179A.e.3314","ELEMENT":"f.4EA148EC701C5F901E073CD471E0C43C.d.157DA7C2BBDAEAD6DA149E56F572179A.e.3314"}]}
COMMAND: GET /session/65af7eee0b689fbc32704a37c909740d/screenshot - {}
RESULT: {}
RESULT: {"script":"<script> [5351 bytes]","args":[{"element-6066-11e4-a52e-4f735466cecf":"f.4EA148EC701C5F901E073CD471E0C43C.d.157DA7C2BBDAEAD6DA149E56F572179A.e.3314","ELEMENT":"f.4EA148EC701C5F901E073CD471E0C43C.d.157DA7C2BBDAEAD6DA149E56F572179A.e.3314"}]}
COMMAND: POST /session/65af7eee0b689fbc32704a37c909740d/element/f.4EA148EC701C5F901E073CD471E0C43C.d.157DA7C2BBDAEAD6DA149E56F572179A.e.3314/click - {}
COMMAND: GET /session/65af7eee0b689fbc32704a37c909740d/screenshot - {}
RESULT: {}
RESULT: {}
COMMAND: GET /session/65af7eee0b689fbc32704a37c909740d/screenshot - {}
RESULT: {}
RESULT: {}
COMMAND: POST /session/65af7eee0b689fbc32704a37c909740d/actions - {"actions":[{"id":"action13","type":"key","parameters":{},"actions":[{"type":"keyDown","value":"î€‡"},{"type":"pause","duration":10},{"type":"keyUp","value":"î€‡"}]}]}
RESULT: {"actions":[{"id":"action13","type":"key","parameters":{},"actions":[{"type":"keyDown","value":"î€‡"},{"type":"pause","duration":10},{"type":"keyUp","value":"î€‡"}]}]}
COMMAND: GET /session/65af7eee0b689fbc32704a37c909740d/screenshot - {}
RESULT: {}
COMMAND: POST /session/65af7eee0b689fbc32704a37c909740d/execute/async - {"script":"<script> [1562 bytes]","args":[{"selector":{"id":"application-manageconditionprice-display-component---newCondition--condBillCond-arrow"},"wdio_ui5_key":"applicationmanageconditionprice-display-component---newCondition--condBillCond-arrow"}]}
RESULT: {"script":"<script> [1562 bytes]","args":[{"selector":{"id":"application-manageconditionprice-display-component---newCondition--condBillCond-arrow"},"wdio_ui5_key":"applicationmanageconditionprice-display-component---newCondition--condBillCond-arrow"}]}
RESULT: undefined
COMMAND: POST /session/65af7eee0b689fbc32704a37c909740d/element - {"using":"xpath","value":"//*[@id=\"application-manageconditionprice-display-component---newCondition--condBillCond-arrow\"]"}
RESULT: {"using":"xpath","value":"//*[@id=\"application-manageconditionprice-display-component---newCondition--condBillCond-arrow\"]"}
COMMAND: POST /session/65af7eee0b689fbc32704a37c909740d/element/f.4EA148EC701C5F901E073CD471E0C43C.d.157DA7C2BBDAEAD6DA149E56F572179A.e.3495/click - {}
RESULT: {}
COMMAND: GET /session/65af7eee0b689fbc32704a37c909740d/screenshot - {}
RESULT: {}
COMMAND: POST /session/65af7eee0b689fbc32704a37c909740d/element - {"using":"xpath","value":"//li[.//span[contains(text(), \"DISP - D&I special price\")]]"}
RESULT: {"using":"xpath","value":"//li[.//span[contains(text(), \"DISP - D&I special price\")]]"}
COMMAND: POST /session/65af7eee0b689fbc32704a37c909740d/element/f.4EA148EC701C5F901E073CD471E0C43C.d.157DA7C2BBDAEAD6DA149E56F572179A.e.3498/click - {}
RESULT: {}
COMMAND: GET /session/65af7eee0b689fbc32704a37c909740d/screenshot - {}
RESULT: {}
COMMAND: POST /session/65af7eee0b689fbc32704a37c909740d/execute/async - {"script":"<script> [1562 bytes]","args":[{"selector":{"id":"application-manageconditionprice-display-component---newCondition--condValidTo","interaction":{"idSuffix":"inner"}},"wdio_ui5_key":"applicationmanageconditionprice-display-component---newCondition--condValidTo"}]}
RESULT: {"script":"<script> [1562 bytes]","args":[{"selector":{"id":"application-manageconditionprice-display-component---newCondition--condValidTo","interaction":{"idSuffix":"inner"}},"wdio_ui5_key":"applicationmanageconditionprice-display-component---newCondition--condValidTo"}]}
RESULT: undefined
COMMAND: POST /session/65af7eee0b689fbc32704a37c909740d/execute/async - {"script":"<script> [776 bytes]","args":[{"enterText":"01/13/26","selector":{"id":"application-manageconditionprice-display-component---newCondition--condValidTo","interaction":{"idSuffix":"inner"}},"clearTextFirst":true,"interactionType":"ENTER_TEXT"}]}
RESULT: {"script":"<script> [776 bytes]","args":[{"enterText":"01/13/26","selector":{"id":"application-manageconditionprice-display-component---newCondition--condValidTo","interaction":{"idSuffix":"inner"}},"clearTextFirst":true,"interactionType":"ENTER_TEXT"}]}
COMMAND: POST /session/65af7eee0b689fbc32704a37c909740d/element - {"using":"xpath","value":"//input[@id=\"application-manageconditionprice-display-component---newCondition--condRU-inner\"]"}
RESULT: {"using":"xpath","value":"//input[@id=\"application-manageconditionprice-display-component---newCondition--condRU-inner\"]"}
COMMAND: POST /session/65af7eee0b689fbc32704a37c909740d/element/f.4EA148EC701C5F901E073CD471E0C43C.d.157DA7C2BBDAEAD6DA149E56F572179A.e.3360/clear - {}
RESULT: {}
COMMAND: POST /session/65af7eee0b689fbc32704a37c909740d/element/f.4EA148EC701C5F901E073CD471E0C43C.d.157DA7C2BBDAEAD6DA149E56F572179A.e.3360/value - {"text":"MBtb1VNDJD"}
COMMAND: GET /session/65af7eee0b689fbc32704a37c909740d/screenshot - {}
RESULT: {"text":"MBtb1VNDJD"}
COMMAND: GET /session/65af7eee0b689fbc32704a37c909740d/screenshot - {}
RESULT: {}
RESULT: {}
COMMAND: POST /session/65af7eee0b689fbc32704a37c909740d/actions - {"actions":[{"id":"action14","type":"key","parameters":{},"actions":[{"type":"keyDown","value":"î€‡"},{"type":"pause","duration":10},{"type":"keyUp","value":"î€‡"}]}]}
RESULT: {"actions":[{"id":"action14","type":"key","parameters":{},"actions":[{"type":"keyDown","value":"î€‡"},{"type":"pause","duration":10},{"type":"keyUp","value":"î€‡"}]}]}
COMMAND: POST /session/65af7eee0b689fbc32704a37c909740d/execute/async - {"script":"<script> [1562 bytes]","args":[{"selector":{"id":"application-manageconditionprice-display-component---newCondition--condBaseQty","interaction":{"idSuffix":"inner"}},"wdio_ui5_key":"applicationmanageconditionprice-display-component---newCondition--condBaseQty"}]}
COMMAND: GET /session/65af7eee0b689fbc32704a37c909740d/screenshot - {}
RESULT: {"script":"<script> [1562 bytes]","args":[{"selector":{"id":"application-manageconditionprice-display-component---newCondition--condBaseQty","interaction":{"idSuffix":"inner"}},"wdio_ui5_key":"applicationmanageconditionprice-display-component---newCondition--condBaseQty"}]}
RESULT: undefined
COMMAND: POST /session/65af7eee0b689fbc32704a37c909740d/execute/async - {"script":"<script> [776 bytes]","args":[{"enterText":"1","selector":{"id":"application-manageconditionprice-display-component---newCondition--condBaseQty","interaction":{"idSuffix":"inner"}},"clearTextFirst":true,"interactionType":"ENTER_TEXT"}]}
RESULT: {}
RESULT: {"script":"<script> [776 bytes]","args":[{"enterText":"1","selector":{"id":"application-manageconditionprice-display-component---newCondition--condBaseQty","interaction":{"idSuffix":"inner"}},"clearTextFirst":true,"interactionType":"ENTER_TEXT"}]}
COMMAND: POST /session/65af7eee0b689fbc32704a37c909740d/execute/async - {"script":"<script> [1562 bytes]","args":[{"selector":{"id":"application-manageconditionprice-display-component---newCondition--condValue","interaction":{"idSuffix":"inner"}},"wdio_ui5_key":"applicationmanageconditionprice-display-component---newCondition--condValue"}]}
RESULT: {"script":"<script> [1562 bytes]","args":[{"selector":{"id":"application-manageconditionprice-display-component---newCondition--condValue","interaction":{"idSuffix":"inner"}},"wdio_ui5_key":"applicationmanageconditionprice-display-component---newCondition--condValue"}]}
RESULT: undefined
COMMAND: POST /session/65af7eee0b689fbc32704a37c909740d/execute/async - {"script":"<script> [776 bytes]","args":[{"enterText":"100","selector":{"id":"application-manageconditionprice-display-component---newCondition--condValue","interaction":{"idSuffix":"inner"}},"clearTextFirst":true,"interactionType":"ENTER_TEXT"}]}
RESULT: {"script":"<script> [776 bytes]","args":[{"enterText":"100","selector":{"id":"application-manageconditionprice-display-component---newCondition--condValue","interaction":{"idSuffix":"inner"}},"clearTextFirst":true,"interactionType":"ENTER_TEXT"}]}
COMMAND: POST /session/65af7eee0b689fbc32704a37c909740d/execute/async - {"script":"<script> [1562 bytes]","args":[{"selector":{"id":"application-manageconditionprice-display-component---newCondition--condCurr-arrow"},"wdio_ui5_key":"applicationmanageconditionprice-display-component---newCondition--condCurr-arrow"}]}
RESULT: {"script":"<script> [1562 bytes]","args":[{"selector":{"id":"application-manageconditionprice-display-component---newCondition--condCurr-arrow"},"wdio_ui5_key":"applicationmanageconditionprice-display-component---newCondition--condCurr-arrow"}]}
RESULT: undefined
COMMAND: POST /session/65af7eee0b689fbc32704a37c909740d/element - {"using":"xpath","value":"//*[@id=\"application-manageconditionprice-display-component---newCondition--condCurr-arrow\"]"}
RESULT: {"using":"xpath","value":"//*[@id=\"application-manageconditionprice-display-component---newCondition--condCurr-arrow\"]"}
COMMAND: POST /session/65af7eee0b689fbc32704a37c909740d/element/f.4EA148EC701C5F901E073CD471E0C43C.d.157DA7C2BBDAEAD6DA149E56F572179A.e.3459/click - {}
RESULT: {}
COMMAND: POST /session/65af7eee0b689fbc32704a37c909740d/element - {"using":"xpath","value":"//span[contains(text(), \"Euro\")]"}
COMMAND: GET /session/65af7eee0b689fbc32704a37c909740d/screenshot - {}
RESULT: {"using":"xpath","value":"//span[contains(text(), \"Euro\")]"}
COMMAND: POST /session/65af7eee0b689fbc32704a37c909740d/element/f.4EA148EC701C5F901E073CD471E0C43C.d.157DA7C2BBDAEAD6DA149E56F572179A.e.3535/click - {}
RESULT: {}
RESULT: {}
COMMAND: POST /session/65af7eee0b689fbc32704a37c909740d/element - {"using":"xpath","value":"//button[@data-kt=\"saveButton\"]"}
COMMAND: GET /session/65af7eee0b689fbc32704a37c909740d/screenshot - {}
RESULT: {"using":"xpath","value":"//button[@data-kt=\"saveButton\"]"}
COMMAND: POST /session/65af7eee0b689fbc32704a37c909740d/element/f.4EA148EC701C5F901E073CD471E0C43C.d.157DA7C2BBDAEAD6DA149E56F572179A.e.3460/click - {}
RESULT: {}
RESULT: {}
COMMAND: GET /session/65af7eee0b689fbc32704a37c909740d/screenshot - {}
RESULT: {}
COMMAND: POST /session/65af7eee0b689fbc32704a37c909740d/execute/async - {"script":"<script> [1562 bytes]","args":[{"selector":{"id":"application-manageconditionprice-display-component---conditions--smartFilterBar-btnBasicSearch","interaction":{"idSuffix":"I"}},"wdio_ui5_key":"applicationmanageconditionprice-display-component---conditions--smartFilterBar-btnBasicSearch"}]}
RESULT: {"script":"<script> [1562 bytes]","args":[{"selector":{"id":"application-manageconditionprice-display-component---conditions--smartFilterBar-btnBasicSearch","interaction":{"idSuffix":"I"}},"wdio_ui5_key":"applicationmanageconditionprice-display-component---conditions--smartFilterBar-btnBasicSearch"}]}
RESULT: undefined
COMMAND: POST /session/65af7eee0b689fbc32704a37c909740d/execute/async - {"script":"<script> [776 bytes]","args":[{"enterText":"MBtb1VNDJD","selector":{"id":"application-manageconditionprice-display-component---conditions--smartFilterBar-btnBasicSearch","interaction":{"idSuffix":"I"}},"clearTextFirst":true,"interactionType":"ENTER_TEXT"}]}
RESULT: {"script":"<script> [776 bytes]","args":[{"enterText":"MBtb1VNDJD","selector":{"id":"application-manageconditionprice-display-component---conditions--smartFilterBar-btnBasicSearch","interaction":{"idSuffix":"I"}},"clearTextFirst":true,"interactionType":"ENTER_TEXT"}]}
COMMAND: POST /session/65af7eee0b689fbc32704a37c909740d/actions - {"actions":[{"id":"action15","type":"key","parameters":{},"actions":[{"type":"keyDown","value":"î€‡"},{"type":"pause","duration":10},{"type":"keyUp","value":"î€‡"}]}]}
RESULT: {"actions":[{"id":"action15","type":"key","parameters":{},"actions":[{"type":"keyDown","value":"î€‡"},{"type":"pause","duration":10},{"type":"keyUp","value":"î€‡"}]}]}
COMMAND: GET /session/65af7eee0b689fbc32704a37c909740d/screenshot - {}
RESULT: {}
COMMAND: POST /session/65af7eee0b689fbc32704a37c909740d/execute/async - {"script":"<script> [1562 bytes]","args":[{"selector":{"id":"application-manageconditionprice-display-component---conditions--smartFilterBar-filterItemControl_BASIC-BILL_TYPES-vhi"},"wdio_ui5_key":"applicationmanageconditionprice-display-component---conditions--smartFilterBar-filterItemControl_BASIC-BILL_TYPES-vhi"}]}
RESULT: {"script":"<script> [1562 bytes]","args":[{"selector":{"id":"application-manageconditionprice-display-component---conditions--smartFilterBar-filterItemControl_BASIC-BILL_TYPES-vhi"},"wdio_ui5_key":"applicationmanageconditionprice-display-component---conditions--smartFilterBar-filterItemControl_BASIC-BILL_TYPES-vhi"}]}
RESULT: undefined
COMMAND: POST /session/65af7eee0b689fbc32704a37c909740d/element - {"using":"xpath","value":"//*[@id=\"application-manageconditionprice-display-component---conditions--smartFilterBar-filterItemControl_BASIC-BILL_TYPES-vhi\"]"}
RESULT: {"using":"xpath","value":"//*[@id=\"application-manageconditionprice-display-component---conditions--smartFilterBar-filterItemControl_BASIC-BILL_TYPES-vhi\"]"}
COMMAND: POST /session/65af7eee0b689fbc32704a37c909740d/element/f.4EA148EC701C5F901E073CD471E0C43C.d.157DA7C2BBDAEAD6DA149E56F572179A.e.3641/click - {}
RESULT: {}
COMMAND: POST /session/65af7eee0b689fbc32704a37c909740d/execute/async - {"script":"<script> [1562 bytes]","args":[{"selector":{"id":"application-manageconditionprice-display-component---conditions--smartFilterBar-filterItemControl_BASIC-BILL_TYPES-valueHelpDialog-smartFilterBar-btnBasicSearch","searchOpenDialogs":true,"interaction":{"idSuffix":"I"}},"wdio_ui5_key":"applicationmanageconditionprice-display-component---conditions--smartFilterBar-filterItemControl_BASIC-BILL_TYPES-valueHelpDialog-smartFilterBar-btnBasicSearch"}]}
COMMAND: GET /session/65af7eee0b689fbc32704a37c909740d/screenshot - {}
RESULT: {"script":"<script> [1562 bytes]","args":[{"selector":{"id":"application-manageconditionprice-display-component---conditions--smartFilterBar-filterItemControl_BASIC-BILL_TYPES-valueHelpDialog-smartFilterBar-btnBasicSearch","searchOpenDialogs":true,"interaction":{"idSuffix":"I"}},"wdio_ui5_key":"applicationmanageconditionprice-display-component---conditions--smartFilterBar-filterItemControl_BASIC-BILL_TYPES-valueHelpDialog-smartFilterBar-btnBasicSearch"}]}
RESULT: undefined
COMMAND: POST /session/65af7eee0b689fbc32704a37c909740d/execute/async - {"script":"<script> [776 bytes]","args":[{"enterText":"TB","selector":{"id":"application-manageconditionprice-display-component---conditions--smartFilterBar-filterItemControl_BASIC-BILL_TYPES-valueHelpDialog-smartFilterBar-btnBasicSearch","searchOpenDialogs":true,"interaction":{"idSuffix":"I"}},"clearTextFirst":true,"interactionType":"ENTER_TEXT"}]}
RESULT: {}
RESULT: {"script":"<script> [776 bytes]","args":[{"enterText":"TB","selector":{"id":"application-manageconditionprice-display-component---conditions--smartFilterBar-filterItemControl_BASIC-BILL_TYPES-valueHelpDialog-smartFilterBar-btnBasicSearch","searchOpenDialogs":true,"interaction":{"idSuffix":"I"}},"clearTextFirst":true,"interactionType":"ENTER_TEXT"}]}
COMMAND: POST /session/65af7eee0b689fbc32704a37c909740d/actions - {"actions":[{"id":"action16","type":"key","parameters":{},"actions":[{"type":"keyDown","value":"î€‡"},{"type":"pause","duration":10},{"type":"keyUp","value":"î€‡"}]}]}
RESULT: {"actions":[{"id":"action16","type":"key","parameters":{},"actions":[{"type":"keyDown","value":"î€‡"},{"type":"pause","duration":10},{"type":"keyUp","value":"î€‡"}]}]}
COMMAND: GET /session/65af7eee0b689fbc32704a37c909740d/screenshot - {}
RESULT: {}
COMMAND: POST /session/65af7eee0b689fbc32704a37c909740d/element - {"using":"xpath","value":"//div[contains(@id, 'application-manageconditionprice-display-component---conditions--smartFilterBar-filterItemControl_BASIC-BILL_TYPES-valueHelpDialog-table-rowsel0')]"}
RESULT: {"using":"xpath","value":"//div[contains(@id, 'application-manageconditionprice-display-component---conditions--smartFilterBar-filterItemControl_BASIC-BILL_TYPES-valueHelpDialog-table-rowsel0')]"}
COMMAND: POST /session/65af7eee0b689fbc32704a37c909740d/element/f.4EA148EC701C5F901E073CD471E0C43C.d.157DA7C2BBDAEAD6DA149E56F572179A.e.3650/click - {}
RESULT: {}
COMMAND: GET /session/65af7eee0b689fbc32704a37c909740d/screenshot - {}
RESULT: {}
COMMAND: POST /session/65af7eee0b689fbc32704a37c909740d/element - {"using":"xpath","value":"//bdi[contains(text(), \"OK\")]"}
RESULT: {"using":"xpath","value":"//bdi[contains(text(), \"OK\")]"}
COMMAND: POST /session/65af7eee0b689fbc32704a37c909740d/element/f.4EA148EC701C5F901E073CD471E0C43C.d.157DA7C2BBDAEAD6DA149E56F572179A.e.3652/click - {}
RESULT: {}
COMMAND: GET /session/65af7eee0b689fbc32704a37c909740d/screenshot - {}
RESULT: {}
COMMAND: POST /session/65af7eee0b689fbc32704a37c909740d/element - {"using":"xpath","value":"//span[@id=\"application-manageconditionprice-display-component---conditions--smartTable-header-inner\"]"}
RESULT: {"using":"xpath","value":"//span[@id=\"application-manageconditionprice-display-component---conditions--smartTable-header-inner\"]"}
COMMAND: POST /session/65af7eee0b689fbc32704a37c909740d/elements - {"using":"xpath","value":"//span[@id=\"application-manageconditionprice-display-component---conditions--smartTable-header-inner\"]"}
RESULT: {"using":"xpath","value":"//span[@id=\"application-manageconditionprice-display-component---conditions--smartTable-header-inner\"]"}
COMMAND: POST /session/65af7eee0b689fbc32704a37c909740d/execute/sync - {"script":"<script> [56 bytes]","args":[{"element-6066-11e4-a52e-4f735466cecf":"f.4EA148EC701C5F901E073CD471E0C43C.d.157DA7C2BBDAEAD6DA149E56F572179A.e.3655","ELEMENT":"f.4EA148EC701C5F901E073CD471E0C43C.d.157DA7C2BBDAEAD6DA149E56F572179A.e.3655"}]}
RESULT: {"script":"<script> [56 bytes]","args":[{"element-6066-11e4-a52e-4f735466cecf":"f.4EA148EC701C5F901E073CD471E0C43C.d.157DA7C2BBDAEAD6DA149E56F572179A.e.3655","ELEMENT":"f.4EA148EC701C5F901E073CD471E0C43C.d.157DA7C2BBDAEAD6DA149E56F572179A.e.3655"}]}
COMMAND: POST /session/65af7eee0b689fbc32704a37c909740d/element - {"using":"css selector","value":"#shell-header-logo"}
COMMAND: GET /session/65af7eee0b689fbc32704a37c909740d/screenshot - {}
RESULT: {"using":"css selector","value":"#shell-header-logo"}
COMMAND: POST /session/65af7eee0b689fbc32704a37c909740d/element/f.4EA148EC701C5F901E073CD471E0C43C.d.157DA7C2BBDAEAD6DA149E56F572179A.e.3282/click - {}
RESULT: {}
RESULT: {}
COMMAND: GET /session/65af7eee0b689fbc32704a37c909740d/screenshot - {}
RESULT: {}
]]></system-out>
    </testcase>
  </testsuite>
  <testsuite timestamp="2025-05-13T17:27:26" time="1204.712" tests="14" failures="6" errors="6" skipped="0">
    <properties>
      <property name="specId" value="0" />
      <property name="suiteName" value="Create master data for mixed billing &amp; do billing calculation US151661" />
      <property name="capabilities" value="chrome.136_0_7103_49.windows" />
      <property name="file" value="file:///D:/a/1/s/test/specs/BTS/billing-calculation-mixed.spec.js" />
    </properties>
    <testcase classname="chrome.136_0_7103_49.windows.Create_master_data_for_mixed_billing_&amp;_do_billing_calculation_US151661" name="Should create a new yard" time="143.916">
      <system-out><![CDATA[
COMMAND: POST /session/65af7eee0b689fbc32704a37c909740d/window/fullscreen - {}
RESULT: {}
COMMAND: POST /session/65af7eee0b689fbc32704a37c909740d/execute/async - {"script":"<script> [1562 bytes]","args":[{"selector":{"controlType":"sap.m.GenericTile","properties":{"header":"Manage Yards"}},"wdio_ui5_key":"sapm.GenericTile{\"header\":\"Manage Yards\"}"}]}
RESULT: {"script":"<script> [1562 bytes]","args":[{"selector":{"controlType":"sap.m.GenericTile","properties":{"header":"Manage Yards"}},"wdio_ui5_key":"sapm.GenericTile{\"header\":\"Manage Yards\"}"}]}
RESULT: undefined
COMMAND: POST /session/65af7eee0b689fbc32704a37c909740d/element - {"using":"xpath","value":"//*[@id=\"__tile41\"]"}
RESULT: {"using":"xpath","value":"//*[@id=\"__tile41\"]"}
COMMAND: POST /session/65af7eee0b689fbc32704a37c909740d/element/f.4EA148EC701C5F901E073CD471E0C43C.d.CD0C516E4DEDC66022176B086402298C.e.4410/click - {}
RESULT: {}
COMMAND: POST /session/65af7eee0b689fbc32704a37c909740d/element - {"using":"xpath","value":"//button[@data-kt=\"addNewYardOverflowToolbarButton\"]"}
COMMAND: GET /session/65af7eee0b689fbc32704a37c909740d/screenshot - {}
RESULT: {"using":"xpath","value":"//button[@data-kt=\"addNewYardOverflowToolbarButton\"]"}
COMMAND: POST /session/65af7eee0b689fbc32704a37c909740d/elements - {"using":"xpath","value":"//button[@data-kt=\"addNewYardOverflowToolbarButton\"]"}
RESULT: {}
RESULT: {"using":"xpath","value":"//button[@data-kt=\"addNewYardOverflowToolbarButton\"]"}
COMMAND: POST /session/65af7eee0b689fbc32704a37c909740d/elements - {"using":"xpath","value":"//button[@data-kt=\"addNewYardOverflowToolbarButton\"]"}
RESULT: {"using":"xpath","value":"//button[@data-kt=\"addNewYardOverflowToolbarButton\"]"}
COMMAND: POST /session/65af7eee0b689fbc32704a37c909740d/elements - {"using":"xpath","value":"//button[@data-kt=\"addNewYardOverflowToolbarButton\"]"}
RESULT: {"using":"xpath","value":"//button[@data-kt=\"addNewYardOverflowToolbarButton\"]"}
COMMAND: POST /session/65af7eee0b689fbc32704a37c909740d/elements - {"using":"xpath","value":"//button[@data-kt=\"addNewYardOverflowToolbarButton\"]"}
RESULT: {"using":"xpath","value":"//button[@data-kt=\"addNewYardOverflowToolbarButton\"]"}
COMMAND: POST /session/65af7eee0b689fbc32704a37c909740d/elements - {"using":"xpath","value":"//button[@data-kt=\"addNewYardOverflowToolbarButton\"]"}
RESULT: {"using":"xpath","value":"//button[@data-kt=\"addNewYardOverflowToolbarButton\"]"}
COMMAND: POST /session/65af7eee0b689fbc32704a37c909740d/elements - {"using":"xpath","value":"//button[@data-kt=\"addNewYardOverflowToolbarButton\"]"}
RESULT: {"using":"xpath","value":"//button[@data-kt=\"addNewYardOverflowToolbarButton\"]"}
COMMAND: POST /session/65af7eee0b689fbc32704a37c909740d/elements - {"using":"xpath","value":"//button[@data-kt=\"addNewYardOverflowToolbarButton\"]"}
RESULT: {"using":"xpath","value":"//button[@data-kt=\"addNewYardOverflowToolbarButton\"]"}
COMMAND: POST /session/65af7eee0b689fbc32704a37c909740d/elements - {"using":"xpath","value":"//button[@data-kt=\"addNewYardOverflowToolbarButton\"]"}
RESULT: {"using":"xpath","value":"//button[@data-kt=\"addNewYardOverflowToolbarButton\"]"}
COMMAND: POST /session/65af7eee0b689fbc32704a37c909740d/elements - {"using":"xpath","value":"//button[@data-kt=\"addNewYardOverflowToolbarButton\"]"}
RESULT: {"using":"xpath","value":"//button[@data-kt=\"addNewYardOverflowToolbarButton\"]"}
COMMAND: POST /session/65af7eee0b689fbc32704a37c909740d/element - {"using":"xpath","value":"//button[@data-kt=\"addNewYardOverflowToolbarButton\"]"}
RESULT: {"using":"xpath","value":"//button[@data-kt=\"addNewYardOverflowToolbarButton\"]"}
COMMAND: POST /session/65af7eee0b689fbc32704a37c909740d/execute/sync - {"script":"<script> [8489 bytes]","args":[{"element-6066-11e4-a52e-4f735466cecf":"f.4EA148EC701C5F901E073CD471E0C43C.d.CD0C516E4DEDC66022176B086402298C.e.4542","ELEMENT":"f.4EA148EC701C5F901E073CD471E0C43C.d.CD0C516E4DEDC66022176B086402298C.e.4542"}]}
RESULT: {"script":"<script> [8489 bytes]","args":[{"element-6066-11e4-a52e-4f735466cecf":"f.4EA148EC701C5F901E073CD471E0C43C.d.CD0C516E4DEDC66022176B086402298C.e.4542","ELEMENT":"f.4EA148EC701C5F901E073CD471E0C43C.d.CD0C516E4DEDC66022176B086402298C.e.4542"}]}
COMMAND: GET /session/65af7eee0b689fbc32704a37c909740d/element/f.4EA148EC701C5F901E073CD471E0C43C.d.CD0C516E4DEDC66022176B086402298C.e.4542/enabled - {}
COMMAND: GET /session/65af7eee0b689fbc32704a37c909740d/screenshot - {}
RESULT: {}
COMMAND: POST /session/65af7eee0b689fbc32704a37c909740d/execute/sync - {"script":"<script> [8489 bytes]","args":[{"element-6066-11e4-a52e-4f735466cecf":"f.4EA148EC701C5F901E073CD471E0C43C.d.CD0C516E4DEDC66022176B086402298C.e.4542","ELEMENT":"f.4EA148EC701C5F901E073CD471E0C43C.d.CD0C516E4DEDC66022176B086402298C.e.4542"}]}
COMMAND: GET /session/65af7eee0b689fbc32704a37c909740d/screenshot - {}
RESULT: {}
RESULT: {"script":"<script> [8489 bytes]","args":[{"element-6066-11e4-a52e-4f735466cecf":"f.4EA148EC701C5F901E073CD471E0C43C.d.CD0C516E4DEDC66022176B086402298C.e.4542","ELEMENT":"f.4EA148EC701C5F901E073CD471E0C43C.d.CD0C516E4DEDC66022176B086402298C.e.4542"}]}
COMMAND: POST /session/65af7eee0b689fbc32704a37c909740d/execute/sync - {"script":"<script> [5351 bytes]","args":[{"element-6066-11e4-a52e-4f735466cecf":"f.4EA148EC701C5F901E073CD471E0C43C.d.CD0C516E4DEDC66022176B086402298C.e.4542","ELEMENT":"f.4EA148EC701C5F901E073CD471E0C43C.d.CD0C516E4DEDC66022176B086402298C.e.4542"}]}
COMMAND: GET /session/65af7eee0b689fbc32704a37c909740d/screenshot - {}
RESULT: {}
RESULT: {"script":"<script> [5351 bytes]","args":[{"element-6066-11e4-a52e-4f735466cecf":"f.4EA148EC701C5F901E073CD471E0C43C.d.CD0C516E4DEDC66022176B086402298C.e.4542","ELEMENT":"f.4EA148EC701C5F901E073CD471E0C43C.d.CD0C516E4DEDC66022176B086402298C.e.4542"}]}
COMMAND: POST /session/65af7eee0b689fbc32704a37c909740d/element/f.4EA148EC701C5F901E073CD471E0C43C.d.CD0C516E4DEDC66022176B086402298C.e.4542/click - {}
RESULT: {}
COMMAND: GET /session/65af7eee0b689fbc32704a37c909740d/screenshot - {}
RESULT: {}
COMMAND: GET /session/65af7eee0b689fbc32704a37c909740d/screenshot - {}
COMMAND: POST /session/65af7eee0b689fbc32704a37c909740d/element - {"using":"xpath","value":"//input[@id=\"application-manageyards-display-component---NewYard--yardId-inner\"]"}
RESULT: {}
RESULT: {}
RESULT: {"using":"xpath","value":"//input[@id=\"application-manageyards-display-component---NewYard--yardId-inner\"]"}
COMMAND: POST /session/65af7eee0b689fbc32704a37c909740d/element - {"using":"xpath","value":"//input[@id=\"application-manageyards-display-component---NewYard--yardId-inner\"]"}
RESULT: {"using":"xpath","value":"//input[@id=\"application-manageyards-display-component---NewYard--yardId-inner\"]"}
COMMAND: POST /session/65af7eee0b689fbc32704a37c909740d/execute/async - {"script":"<script> [1562 bytes]","args":[{"selector":{"id":"application-manageyards-display-component---NewYard--addressDetailDetailsName1","interaction":{"idSuffix":"inner"}},"wdio_ui5_key":"applicationmanageyards-display-component---NewYard--addressDetailDetailsName1"}]}
RESULT: {"script":"<script> [1562 bytes]","args":[{"selector":{"id":"application-manageyards-display-component---NewYard--addressDetailDetailsName1","interaction":{"idSuffix":"inner"}},"wdio_ui5_key":"applicationmanageyards-display-component---NewYard--addressDetailDetailsName1"}]}
RESULT: undefined
COMMAND: POST /session/65af7eee0b689fbc32704a37c909740d/execute/async - {"script":"<script> [776 bytes]","args":[{"enterText":"Intercompany Yard wdIO","selector":{"id":"application-manageyards-display-component---NewYard--addressDetailDetailsName1","interaction":{"idSuffix":"inner"}},"clearTextFirst":true,"interactionType":"ENTER_TEXT"}]}
RESULT: {"script":"<script> [776 bytes]","args":[{"enterText":"Intercompany Yard wdIO","selector":{"id":"application-manageyards-display-component---NewYard--addressDetailDetailsName1","interaction":{"idSuffix":"inner"}},"clearTextFirst":true,"interactionType":"ENTER_TEXT"}]}
COMMAND: POST /session/65af7eee0b689fbc32704a37c909740d/execute/async - {"script":"<script> [1562 bytes]","args":[{"selector":{"id":"application-manageyards-display-component---NewYard--addressDetailDetailsLanguage-arrow"},"wdio_ui5_key":"applicationmanageyards-display-component---NewYard--addressDetailDetailsLanguage-arrow"}]}
RESULT: {"script":"<script> [1562 bytes]","args":[{"selector":{"id":"application-manageyards-display-component---NewYard--addressDetailDetailsLanguage-arrow"},"wdio_ui5_key":"applicationmanageyards-display-component---NewYard--addressDetailDetailsLanguage-arrow"}]}
RESULT: undefined
COMMAND: POST /session/65af7eee0b689fbc32704a37c909740d/element - {"using":"xpath","value":"//*[@id=\"application-manageyards-display-component---NewYard--addressDetailDetailsLanguage-arrow\"]"}
RESULT: {"using":"xpath","value":"//*[@id=\"application-manageyards-display-component---NewYard--addressDetailDetailsLanguage-arrow\"]"}
COMMAND: POST /session/65af7eee0b689fbc32704a37c909740d/element/f.4EA148EC701C5F901E073CD471E0C43C.d.CD0C516E4DEDC66022176B086402298C.e.4973/click - {}
RESULT: {}
COMMAND: POST /session/65af7eee0b689fbc32704a37c909740d/element - {"using":"xpath","value":"//span[contains(text(), \"English\")]"}
COMMAND: GET /session/65af7eee0b689fbc32704a37c909740d/screenshot - {}
RESULT: {"using":"xpath","value":"//span[contains(text(), \"English\")]"}
COMMAND: POST /session/65af7eee0b689fbc32704a37c909740d/element/f.4EA148EC701C5F901E073CD471E0C43C.d.CD0C516E4DEDC66022176B086402298C.e.4974/click - {}
RESULT: {}
RESULT: {}
COMMAND: POST /session/65af7eee0b689fbc32704a37c909740d/execute/async - {"script":"<script> [1562 bytes]","args":[{"selector":{"id":"application-manageyards-display-component---NewYard--addressDetailDetailsCity1","interaction":{"idSuffix":"inner"}},"wdio_ui5_key":"applicationmanageyards-display-component---NewYard--addressDetailDetailsCity1"}]}
COMMAND: GET /session/65af7eee0b689fbc32704a37c909740d/screenshot - {}
RESULT: {"script":"<script> [1562 bytes]","args":[{"selector":{"id":"application-manageyards-display-component---NewYard--addressDetailDetailsCity1","interaction":{"idSuffix":"inner"}},"wdio_ui5_key":"applicationmanageyards-display-component---NewYard--addressDetailDetailsCity1"}]}
RESULT: undefined
COMMAND: POST /session/65af7eee0b689fbc32704a37c909740d/execute/async - {"script":"<script> [776 bytes]","args":[{"enterText":"Rosario","selector":{"id":"application-manageyards-display-component---NewYard--addressDetailDetailsCity1","interaction":{"idSuffix":"inner"}},"clearTextFirst":true,"interactionType":"ENTER_TEXT"}]}
RESULT: {}
RESULT: {"script":"<script> [776 bytes]","args":[{"enterText":"Rosario","selector":{"id":"application-manageyards-display-component---NewYard--addressDetailDetailsCity1","interaction":{"idSuffix":"inner"}},"clearTextFirst":true,"interactionType":"ENTER_TEXT"}]}
COMMAND: POST /session/65af7eee0b689fbc32704a37c909740d/execute/async - {"script":"<script> [1562 bytes]","args":[{"selector":{"id":"application-manageyards-display-component---NewYard--addressDetailDetailsCountry-arrow"},"wdio_ui5_key":"applicationmanageyards-display-component---NewYard--addressDetailDetailsCountry-arrow"}]}
RESULT: {"script":"<script> [1562 bytes]","args":[{"selector":{"id":"application-manageyards-display-component---NewYard--addressDetailDetailsCountry-arrow"},"wdio_ui5_key":"applicationmanageyards-display-component---NewYard--addressDetailDetailsCountry-arrow"}]}
RESULT: undefined
COMMAND: POST /session/65af7eee0b689fbc32704a37c909740d/element - {"using":"xpath","value":"//*[@id=\"application-manageyards-display-component---NewYard--addressDetailDetailsCountry-arrow\"]"}
RESULT: {"using":"xpath","value":"//*[@id=\"application-manageyards-display-component---NewYard--addressDetailDetailsCountry-arrow\"]"}
COMMAND: POST /session/65af7eee0b689fbc32704a37c909740d/element/f.4EA148EC701C5F901E073CD471E0C43C.d.CD0C516E4DEDC66022176B086402298C.e.4976/click - {}
RESULT: {}
COMMAND: POST /session/65af7eee0b689fbc32704a37c909740d/element - {"using":"xpath","value":"//span[contains(text(), \"Argentina\")]"}
COMMAND: GET /session/65af7eee0b689fbc32704a37c909740d/screenshot - {}
RESULT: {"using":"xpath","value":"//span[contains(text(), \"Argentina\")]"}
COMMAND: POST /session/65af7eee0b689fbc32704a37c909740d/element/f.4EA148EC701C5F901E073CD471E0C43C.d.CD0C516E4DEDC66022176B086402298C.e.4977/click - {}
RESULT: {}
RESULT: {}
COMMAND: POST /session/65af7eee0b689fbc32704a37c909740d/execute/async - {"script":"<script> [1562 bytes]","args":[{"selector":{"id":"application-manageyards-display-component---NewYard--addressEditDetailsCostObjectCstType-arrow"},"wdio_ui5_key":"applicationmanageyards-display-component---NewYard--addressEditDetailsCostObjectCstType-arrow"}]}
COMMAND: GET /session/65af7eee0b689fbc32704a37c909740d/screenshot - {}
RESULT: {"script":"<script> [1562 bytes]","args":[{"selector":{"id":"application-manageyards-display-component---NewYard--addressEditDetailsCostObjectCstType-arrow"},"wdio_ui5_key":"applicationmanageyards-display-component---NewYard--addressEditDetailsCostObjectCstType-arrow"}]}
RESULT: undefined
COMMAND: POST /session/65af7eee0b689fbc32704a37c909740d/element - {"using":"xpath","value":"//*[@id=\"application-manageyards-display-component---NewYard--addressEditDetailsCostObjectCstType-arrow\"]"}
RESULT: {}
RESULT: {"using":"xpath","value":"//*[@id=\"application-manageyards-display-component---NewYard--addressEditDetailsCostObjectCstType-arrow\"]"}
COMMAND: POST /session/65af7eee0b689fbc32704a37c909740d/element/f.4EA148EC701C5F901E073CD471E0C43C.d.CD0C516E4DEDC66022176B086402298C.e.4979/click - {}
RESULT: {}
COMMAND: POST /session/65af7eee0b689fbc32704a37c909740d/element - {"using":"xpath","value":"//span[contains(text(), \"Cost Center\")]"}
COMMAND: GET /session/65af7eee0b689fbc32704a37c909740d/screenshot - {}
RESULT: {"using":"xpath","value":"//span[contains(text(), \"Cost Center\")]"}
COMMAND: POST /session/65af7eee0b689fbc32704a37c909740d/element/f.4EA148EC701C5F901E073CD471E0C43C.d.CD0C516E4DEDC66022176B086402298C.e.4980/click - {}
RESULT: {}
RESULT: {}
COMMAND: GET /session/65af7eee0b689fbc32704a37c909740d/screenshot - {}
RESULT: {}
COMMAND: POST /session/65af7eee0b689fbc32704a37c909740d/element - {"using":"xpath","value":"//span[@id=\"application-manageyards-display-component---NewYard--addressNewCostObjectCstID-vhi\"]"}
RESULT: {"using":"xpath","value":"//span[@id=\"application-manageyards-display-component---NewYard--addressNewCostObjectCstID-vhi\"]"}
COMMAND: POST /session/65af7eee0b689fbc32704a37c909740d/execute/sync - {"script":"<script> [8489 bytes]","args":[{"element-6066-11e4-a52e-4f735466cecf":"f.4EA148EC701C5F901E073CD471E0C43C.d.CD0C516E4DEDC66022176B086402298C.e.4984","ELEMENT":"f.4EA148EC701C5F901E073CD471E0C43C.d.CD0C516E4DEDC66022176B086402298C.e.4984"}]}
RESULT: {"script":"<script> [8489 bytes]","args":[{"element-6066-11e4-a52e-4f735466cecf":"f.4EA148EC701C5F901E073CD471E0C43C.d.CD0C516E4DEDC66022176B086402298C.e.4984","ELEMENT":"f.4EA148EC701C5F901E073CD471E0C43C.d.CD0C516E4DEDC66022176B086402298C.e.4984"}]}
COMMAND: POST /session/65af7eee0b689fbc32704a37c909740d/execute/async - {"script":"<script> [1562 bytes]","args":[{"selector":{"id":"application-manageyards-display-component---NewYard--addressNewCostObjectCstID-vhi"},"wdio_ui5_key":"applicationmanageyards-display-component---NewYard--addressNewCostObjectCstID-vhi"}]}
COMMAND: GET /session/65af7eee0b689fbc32704a37c909740d/screenshot - {}
RESULT: {"script":"<script> [1562 bytes]","args":[{"selector":{"id":"application-manageyards-display-component---NewYard--addressNewCostObjectCstID-vhi"},"wdio_ui5_key":"applicationmanageyards-display-component---NewYard--addressNewCostObjectCstID-vhi"}]}
RESULT: undefined
COMMAND: POST /session/65af7eee0b689fbc32704a37c909740d/element - {"using":"xpath","value":"//*[@id=\"application-manageyards-display-component---NewYard--addressNewCostObjectCstID-vhi\"]"}
RESULT: {}
RESULT: {"using":"xpath","value":"//*[@id=\"application-manageyards-display-component---NewYard--addressNewCostObjectCstID-vhi\"]"}
COMMAND: POST /session/65af7eee0b689fbc32704a37c909740d/element/f.4EA148EC701C5F901E073CD471E0C43C.d.CD0C516E4DEDC66022176B086402298C.e.4984/click - {}
RESULT: {}
COMMAND: GET /session/65af7eee0b689fbc32704a37c909740d/screenshot - {}
RESULT: {}
COMMAND: POST /session/65af7eee0b689fbc32704a37c909740d/execute/async - {"script":"<script> [1562 bytes]","args":[{"selector":{"controlType":"sap.m.SearchField","properties":{"placeholder":"Search"},"searchOpenDialogs":true,"interaction":{"idSuffix":"I"}},"wdio_ui5_key":"sapm.SearchField{\"placeholder\":\"Search\"}"}]}
RESULT: {"script":"<script> [1562 bytes]","args":[{"selector":{"controlType":"sap.m.SearchField","properties":{"placeholder":"Search"},"searchOpenDialogs":true,"interaction":{"idSuffix":"I"}},"wdio_ui5_key":"sapm.SearchField{\"placeholder\":\"Search\"}"}]}
RESULT: undefined
COMMAND: POST /session/65af7eee0b689fbc32704a37c909740d/execute/async - {"script":"<script> [776 bytes]","args":[{"enterText":"10001013","selector":{"controlType":"sap.m.SearchField","properties":{"placeholder":"Search"},"searchOpenDialogs":true,"interaction":{"idSuffix":"I"}},"clearTextFirst":true,"interactionType":"ENTER_TEXT"}]}
RESULT: {"script":"<script> [776 bytes]","args":[{"enterText":"10001013","selector":{"controlType":"sap.m.SearchField","properties":{"placeholder":"Search"},"searchOpenDialogs":true,"interaction":{"idSuffix":"I"}},"clearTextFirst":true,"interactionType":"ENTER_TEXT"}]}
COMMAND: POST /session/65af7eee0b689fbc32704a37c909740d/actions - {"actions":[{"id":"action19","type":"key","parameters":{},"actions":[{"type":"keyDown","value":"î€‡"},{"type":"pause","duration":10},{"type":"keyUp","value":"î€‡"}]}]}
RESULT: {"actions":[{"id":"action19","type":"key","parameters":{},"actions":[{"type":"keyDown","value":"î€‡"},{"type":"pause","duration":10},{"type":"keyUp","value":"î€‡"}]}]}
COMMAND: GET /session/65af7eee0b689fbc32704a37c909740d/screenshot - {}
RESULT: {}
COMMAND: POST /session/65af7eee0b689fbc32704a37c909740d/element - {"using":"xpath","value":"//span[contains(text(), \"General Management\")]"}
RESULT: {"using":"xpath","value":"//span[contains(text(), \"General Management\")]"}
COMMAND: POST /session/65af7eee0b689fbc32704a37c909740d/element/f.4EA148EC701C5F901E073CD471E0C43C.d.CD0C516E4DEDC66022176B086402298C.e.5026/click - {}
RESULT: {}
COMMAND: GET /session/65af7eee0b689fbc32704a37c909740d/screenshot - {}
RESULT: {}
COMMAND: POST /session/65af7eee0b689fbc32704a37c909740d/element - {"using":"xpath","value":"//bdi[contains(text(), \"OK\")]"}
RESULT: {"using":"xpath","value":"//bdi[contains(text(), \"OK\")]"}
COMMAND: POST /session/65af7eee0b689fbc32704a37c909740d/element/f.4EA148EC701C5F901E073CD471E0C43C.d.CD0C516E4DEDC66022176B086402298C.e.5027/click - {}
RESULT: {}
COMMAND: GET /session/65af7eee0b689fbc32704a37c909740d/screenshot - {}
RESULT: {}
COMMAND: POST /session/65af7eee0b689fbc32704a37c909740d/execute/async - {"script":"<script> [1562 bytes]","args":[{"selector":{"id":"application-manageyards-display-component---NewYard--addressEditDetailsCurrency-arrow"},"wdio_ui5_key":"applicationmanageyards-display-component---NewYard--addressEditDetailsCurrency-arrow"}]}
RESULT: {"script":"<script> [1562 bytes]","args":[{"selector":{"id":"application-manageyards-display-component---NewYard--addressEditDetailsCurrency-arrow"},"wdio_ui5_key":"applicationmanageyards-display-component---NewYard--addressEditDetailsCurrency-arrow"}]}
RESULT: undefined
COMMAND: POST /session/65af7eee0b689fbc32704a37c909740d/element - {"using":"xpath","value":"//*[@id=\"application-manageyards-display-component---NewYard--addressEditDetailsCurrency-arrow\"]"}
RESULT: {"using":"xpath","value":"//*[@id=\"application-manageyards-display-component---NewYard--addressEditDetailsCurrency-arrow\"]"}
COMMAND: POST /session/65af7eee0b689fbc32704a37c909740d/element/f.4EA148EC701C5F901E073CD471E0C43C.d.CD0C516E4DEDC66022176B086402298C.e.5030/click - {}
RESULT: {}
COMMAND: POST /session/65af7eee0b689fbc32704a37c909740d/element - {"using":"xpath","value":"//span[contains(text(), \"Euro\")]"}
COMMAND: GET /session/65af7eee0b689fbc32704a37c909740d/screenshot - {}
RESULT: {"using":"xpath","value":"//span[contains(text(), \"Euro\")]"}
COMMAND: POST /session/65af7eee0b689fbc32704a37c909740d/element/f.4EA148EC701C5F901E073CD471E0C43C.d.CD0C516E4DEDC66022176B086402298C.e.5031/click - {}
RESULT: {}
RESULT: {}
COMMAND: POST /session/65af7eee0b689fbc32704a37c909740d/execute/async - {"script":"<script> [1562 bytes]","args":[{"selector":{"controlType":"sap.m.Input","viewName":"etm.portal.ui.manageyards.view.New","viewId":"application-manageyards-display-component---NewYard","bindingPath":{"path":"","propertyPath":"/CONTROLLING_AREA","modelName":"NewYardModel"},"interaction":{"idSuffix":"inner"}},"wdio_ui5_key":"etmportal.ui.manageyards.view.Newsap.m.Input{\"path\":\"\",\"propertyPath\":\"/CONTROLLING_AREA\",\"modelName\":\"NewYardModel\"}"}]}
COMMAND: GET /session/65af7eee0b689fbc32704a37c909740d/screenshot - {}
RESULT: {"script":"<script> [1562 bytes]","args":[{"selector":{"controlType":"sap.m.Input","viewName":"etm.portal.ui.manageyards.view.New","viewId":"application-manageyards-display-component---NewYard","bindingPath":{"path":"","propertyPath":"/CONTROLLING_AREA","modelName":"NewYardModel"},"interaction":{"idSuffix":"inner"}},"wdio_ui5_key":"etmportal.ui.manageyards.view.Newsap.m.Input{\"path\":\"\",\"propertyPath\":\"/CONTROLLING_AREA\",\"modelName\":\"NewYardModel\"}"}]}
RESULT: undefined
COMMAND: POST /session/65af7eee0b689fbc32704a37c909740d/execute/async - {"script":"<script> [776 bytes]","args":[{"enterText":"Z001","selector":{"controlType":"sap.m.Input","viewName":"etm.portal.ui.manageyards.view.New","viewId":"application-manageyards-display-component---NewYard","bindingPath":{"path":"","propertyPath":"/CONTROLLING_AREA","modelName":"NewYardModel"},"interaction":{"idSuffix":"inner"}},"clearTextFirst":true,"interactionType":"ENTER_TEXT"}]}
RESULT: {}
RESULT: {"script":"<script> [776 bytes]","args":[{"enterText":"Z001","selector":{"controlType":"sap.m.Input","viewName":"etm.portal.ui.manageyards.view.New","viewId":"application-manageyards-display-component---NewYard","bindingPath":{"path":"","propertyPath":"/CONTROLLING_AREA","modelName":"NewYardModel"},"interaction":{"idSuffix":"inner"}},"clearTextFirst":true,"interactionType":"ENTER_TEXT"}]}
COMMAND: POST /session/65af7eee0b689fbc32704a37c909740d/execute/async - {"script":"<script> [1562 bytes]","args":[{"selector":{"id":"application-manageyards-display-component---NewYard--companyCodeComboBox","interaction":{"idSuffix":"inner"}},"wdio_ui5_key":"applicationmanageyards-display-component---NewYard--companyCodeComboBox"}]}
RESULT: {"script":"<script> [1562 bytes]","args":[{"selector":{"id":"application-manageyards-display-component---NewYard--companyCodeComboBox","interaction":{"idSuffix":"inner"}},"wdio_ui5_key":"applicationmanageyards-display-component---NewYard--companyCodeComboBox"}]}
RESULT: undefined
COMMAND: POST /session/65af7eee0b689fbc32704a37c909740d/execute/async - {"script":"<script> [776 bytes]","args":[{"enterText":"1000","selector":{"id":"application-manageyards-display-component---NewYard--companyCodeComboBox","interaction":{"idSuffix":"inner"}},"clearTextFirst":true,"interactionType":"ENTER_TEXT"}]}
RESULT: {"script":"<script> [776 bytes]","args":[{"enterText":"1000","selector":{"id":"application-manageyards-display-component---NewYard--companyCodeComboBox","interaction":{"idSuffix":"inner"}},"clearTextFirst":true,"interactionType":"ENTER_TEXT"}]}
COMMAND: POST /session/65af7eee0b689fbc32704a37c909740d/execute/async - {"script":"<script> [1562 bytes]","args":[{"selector":{"controlType":"sap.m.Input","viewName":"etm.portal.ui.manageyards.view.New","viewId":"application-manageyards-display-component---NewYard","bindingPath":{"path":"","propertyPath":"/PLANT","modelName":"NewYardModel"},"interaction":{"idSuffix":"inner"}},"wdio_ui5_key":"etmportal.ui.manageyards.view.Newsap.m.Input{\"path\":\"\",\"propertyPath\":\"/PLANT\",\"modelName\":\"NewYardModel\"}"}]}
RESULT: {"script":"<script> [1562 bytes]","args":[{"selector":{"controlType":"sap.m.Input","viewName":"etm.portal.ui.manageyards.view.New","viewId":"application-manageyards-display-component---NewYard","bindingPath":{"path":"","propertyPath":"/PLANT","modelName":"NewYardModel"},"interaction":{"idSuffix":"inner"}},"wdio_ui5_key":"etmportal.ui.manageyards.view.Newsap.m.Input{\"path\":\"\",\"propertyPath\":\"/PLANT\",\"modelName\":\"NewYardModel\"}"}]}
RESULT: undefined
COMMAND: POST /session/65af7eee0b689fbc32704a37c909740d/execute/async - {"script":"<script> [776 bytes]","args":[{"enterText":"1001","selector":{"controlType":"sap.m.Input","viewName":"etm.portal.ui.manageyards.view.New","viewId":"application-manageyards-display-component---NewYard","bindingPath":{"path":"","propertyPath":"/PLANT","modelName":"NewYardModel"},"interaction":{"idSuffix":"inner"}},"clearTextFirst":true,"interactionType":"ENTER_TEXT"}]}
RESULT: {"script":"<script> [776 bytes]","args":[{"enterText":"1001","selector":{"controlType":"sap.m.Input","viewName":"etm.portal.ui.manageyards.view.New","viewId":"application-manageyards-display-component---NewYard","bindingPath":{"path":"","propertyPath":"/PLANT","modelName":"NewYardModel"},"interaction":{"idSuffix":"inner"}},"clearTextFirst":true,"interactionType":"ENTER_TEXT"}]}
COMMAND: POST /session/65af7eee0b689fbc32704a37c909740d/execute/async - {"script":"<script> [1562 bytes]","args":[{"selector":{"controlType":"sap.m.Input","viewName":"etm.portal.ui.manageyards.view.New","viewId":"application-manageyards-display-component---NewYard","bindingPath":{"path":"","propertyPath":"/SALES_AREA_VKORG","modelName":"NewYardModel"},"interaction":{"idSuffix":"inner"}},"wdio_ui5_key":"etmportal.ui.manageyards.view.Newsap.m.Input{\"path\":\"\",\"propertyPath\":\"/SALES_AREA_VKORG\",\"modelName\":\"NewYardModel\"}"}]}
RESULT: {"script":"<script> [1562 bytes]","args":[{"selector":{"controlType":"sap.m.Input","viewName":"etm.portal.ui.manageyards.view.New","viewId":"application-manageyards-display-component---NewYard","bindingPath":{"path":"","propertyPath":"/SALES_AREA_VKORG","modelName":"NewYardModel"},"interaction":{"idSuffix":"inner"}},"wdio_ui5_key":"etmportal.ui.manageyards.view.Newsap.m.Input{\"path\":\"\",\"propertyPath\":\"/SALES_AREA_VKORG\",\"modelName\":\"NewYardModel\"}"}]}
RESULT: undefined
COMMAND: POST /session/65af7eee0b689fbc32704a37c909740d/execute/async - {"script":"<script> [776 bytes]","args":[{"enterText":"C002","selector":{"controlType":"sap.m.Input","viewName":"etm.portal.ui.manageyards.view.New","viewId":"application-manageyards-display-component---NewYard","bindingPath":{"path":"","propertyPath":"/SALES_AREA_VKORG","modelName":"NewYardModel"},"interaction":{"idSuffix":"inner"}},"clearTextFirst":true,"interactionType":"ENTER_TEXT"}]}
RESULT: {"script":"<script> [776 bytes]","args":[{"enterText":"C002","selector":{"controlType":"sap.m.Input","viewName":"etm.portal.ui.manageyards.view.New","viewId":"application-manageyards-display-component---NewYard","bindingPath":{"path":"","propertyPath":"/SALES_AREA_VKORG","modelName":"NewYardModel"},"interaction":{"idSuffix":"inner"}},"clearTextFirst":true,"interactionType":"ENTER_TEXT"}]}
COMMAND: POST /session/65af7eee0b689fbc32704a37c909740d/execute/async - {"script":"<script> [1562 bytes]","args":[{"selector":{"controlType":"sap.m.Input","viewName":"etm.portal.ui.manageyards.view.New","viewId":"application-manageyards-display-component---NewYard","bindingPath":{"path":"","propertyPath":"/SALES_AREA_VTWEG","modelName":"NewYardModel"},"interaction":{"idSuffix":"inner"}},"wdio_ui5_key":"etmportal.ui.manageyards.view.Newsap.m.Input{\"path\":\"\",\"propertyPath\":\"/SALES_AREA_VTWEG\",\"modelName\":\"NewYardModel\"}"}]}
RESULT: {"script":"<script> [1562 bytes]","args":[{"selector":{"controlType":"sap.m.Input","viewName":"etm.portal.ui.manageyards.view.New","viewId":"application-manageyards-display-component---NewYard","bindingPath":{"path":"","propertyPath":"/SALES_AREA_VTWEG","modelName":"NewYardModel"},"interaction":{"idSuffix":"inner"}},"wdio_ui5_key":"etmportal.ui.manageyards.view.Newsap.m.Input{\"path\":\"\",\"propertyPath\":\"/SALES_AREA_VTWEG\",\"modelName\":\"NewYardModel\"}"}]}
RESULT: undefined
COMMAND: POST /session/65af7eee0b689fbc32704a37c909740d/execute/async - {"script":"<script> [776 bytes]","args":[{"enterText":"C2","selector":{"controlType":"sap.m.Input","viewName":"etm.portal.ui.manageyards.view.New","viewId":"application-manageyards-display-component---NewYard","bindingPath":{"path":"","propertyPath":"/SALES_AREA_VTWEG","modelName":"NewYardModel"},"interaction":{"idSuffix":"inner"}},"clearTextFirst":true,"interactionType":"ENTER_TEXT"}]}
RESULT: {"script":"<script> [776 bytes]","args":[{"enterText":"C2","selector":{"controlType":"sap.m.Input","viewName":"etm.portal.ui.manageyards.view.New","viewId":"application-manageyards-display-component---NewYard","bindingPath":{"path":"","propertyPath":"/SALES_AREA_VTWEG","modelName":"NewYardModel"},"interaction":{"idSuffix":"inner"}},"clearTextFirst":true,"interactionType":"ENTER_TEXT"}]}
COMMAND: POST /session/65af7eee0b689fbc32704a37c909740d/execute/async - {"script":"<script> [1562 bytes]","args":[{"selector":{"controlType":"sap.m.Input","viewName":"etm.portal.ui.manageyards.view.New","viewId":"application-manageyards-display-component---NewYard","bindingPath":{"path":"","propertyPath":"/SALES_AREA_SPART","modelName":"NewYardModel"},"interaction":{"idSuffix":"inner"}},"wdio_ui5_key":"etmportal.ui.manageyards.view.Newsap.m.Input{\"path\":\"\",\"propertyPath\":\"/SALES_AREA_SPART\",\"modelName\":\"NewYardModel\"}"}]}
RESULT: {"script":"<script> [1562 bytes]","args":[{"selector":{"controlType":"sap.m.Input","viewName":"etm.portal.ui.manageyards.view.New","viewId":"application-manageyards-display-component---NewYard","bindingPath":{"path":"","propertyPath":"/SALES_AREA_SPART","modelName":"NewYardModel"},"interaction":{"idSuffix":"inner"}},"wdio_ui5_key":"etmportal.ui.manageyards.view.Newsap.m.Input{\"path\":\"\",\"propertyPath\":\"/SALES_AREA_SPART\",\"modelName\":\"NewYardModel\"}"}]}
RESULT: undefined
COMMAND: POST /session/65af7eee0b689fbc32704a37c909740d/execute/async - {"script":"<script> [776 bytes]","args":[{"enterText":"C2","selector":{"controlType":"sap.m.Input","viewName":"etm.portal.ui.manageyards.view.New","viewId":"application-manageyards-display-component---NewYard","bindingPath":{"path":"","propertyPath":"/SALES_AREA_SPART","modelName":"NewYardModel"},"interaction":{"idSuffix":"inner"}},"clearTextFirst":true,"interactionType":"ENTER_TEXT"}]}
RESULT: {"script":"<script> [776 bytes]","args":[{"enterText":"C2","selector":{"controlType":"sap.m.Input","viewName":"etm.portal.ui.manageyards.view.New","viewId":"application-manageyards-display-component---NewYard","bindingPath":{"path":"","propertyPath":"/SALES_AREA_SPART","modelName":"NewYardModel"},"interaction":{"idSuffix":"inner"}},"clearTextFirst":true,"interactionType":"ENTER_TEXT"}]}
COMMAND: POST /session/65af7eee0b689fbc32704a37c909740d/execute/async - {"script":"<script> [1562 bytes]","args":[{"selector":{"controlType":"sap.m.Input","viewName":"etm.portal.ui.manageyards.view.New","viewId":"application-manageyards-display-component---NewYard","bindingPath":{"path":"","propertyPath":"/SHIP_POINT","modelName":"NewYardModel"},"interaction":{"idSuffix":"inner"}},"wdio_ui5_key":"etmportal.ui.manageyards.view.Newsap.m.Input{\"path\":\"\",\"propertyPath\":\"/SHIP_POINT\",\"modelName\":\"NewYardModel\"}"}]}
RESULT: {"script":"<script> [1562 bytes]","args":[{"selector":{"controlType":"sap.m.Input","viewName":"etm.portal.ui.manageyards.view.New","viewId":"application-manageyards-display-component---NewYard","bindingPath":{"path":"","propertyPath":"/SHIP_POINT","modelName":"NewYardModel"},"interaction":{"idSuffix":"inner"}},"wdio_ui5_key":"etmportal.ui.manageyards.view.Newsap.m.Input{\"path\":\"\",\"propertyPath\":\"/SHIP_POINT\",\"modelName\":\"NewYardModel\"}"}]}
RESULT: undefined
COMMAND: POST /session/65af7eee0b689fbc32704a37c909740d/execute/async - {"script":"<script> [776 bytes]","args":[{"enterText":"1710","selector":{"controlType":"sap.m.Input","viewName":"etm.portal.ui.manageyards.view.New","viewId":"application-manageyards-display-component---NewYard","bindingPath":{"path":"","propertyPath":"/SHIP_POINT","modelName":"NewYardModel"},"interaction":{"idSuffix":"inner"}},"clearTextFirst":true,"interactionType":"ENTER_TEXT"}]}
RESULT: {"script":"<script> [776 bytes]","args":[{"enterText":"1710","selector":{"controlType":"sap.m.Input","viewName":"etm.portal.ui.manageyards.view.New","viewId":"application-manageyards-display-component---NewYard","bindingPath":{"path":"","propertyPath":"/SHIP_POINT","modelName":"NewYardModel"},"interaction":{"idSuffix":"inner"}},"clearTextFirst":true,"interactionType":"ENTER_TEXT"}]}
COMMAND: POST /session/65af7eee0b689fbc32704a37c909740d/execute/async - {"script":"<script> [1562 bytes]","args":[{"selector":{"controlType":"sap.m.Input","viewName":"etm.portal.ui.manageyards.view.New","viewId":"application-manageyards-display-component---NewYard","bindingPath":{"path":"","propertyPath":"/DELIVERY_TYPE","modelName":"NewYardModel"},"interaction":{"idSuffix":"inner"}},"wdio_ui5_key":"etmportal.ui.manageyards.view.Newsap.m.Input{\"path\":\"\",\"propertyPath\":\"/DELIVERY_TYPE\",\"modelName\":\"NewYardModel\"}"}]}
RESULT: {"script":"<script> [1562 bytes]","args":[{"selector":{"controlType":"sap.m.Input","viewName":"etm.portal.ui.manageyards.view.New","viewId":"application-manageyards-display-component---NewYard","bindingPath":{"path":"","propertyPath":"/DELIVERY_TYPE","modelName":"NewYardModel"},"interaction":{"idSuffix":"inner"}},"wdio_ui5_key":"etmportal.ui.manageyards.view.Newsap.m.Input{\"path\":\"\",\"propertyPath\":\"/DELIVERY_TYPE\",\"modelName\":\"NewYardModel\"}"}]}
RESULT: undefined
COMMAND: POST /session/65af7eee0b689fbc32704a37c909740d/execute/async - {"script":"<script> [776 bytes]","args":[{"enterText":"ZL01","selector":{"controlType":"sap.m.Input","viewName":"etm.portal.ui.manageyards.view.New","viewId":"application-manageyards-display-component---NewYard","bindingPath":{"path":"","propertyPath":"/DELIVERY_TYPE","modelName":"NewYardModel"},"interaction":{"idSuffix":"inner"}},"clearTextFirst":true,"interactionType":"ENTER_TEXT"}]}
RESULT: {"script":"<script> [776 bytes]","args":[{"enterText":"ZL01","selector":{"controlType":"sap.m.Input","viewName":"etm.portal.ui.manageyards.view.New","viewId":"application-manageyards-display-component---NewYard","bindingPath":{"path":"","propertyPath":"/DELIVERY_TYPE","modelName":"NewYardModel"},"interaction":{"idSuffix":"inner"}},"clearTextFirst":true,"interactionType":"ENTER_TEXT"}]}
COMMAND: POST /session/65af7eee0b689fbc32704a37c909740d/execute/async - {"script":"<script> [1562 bytes]","args":[{"selector":{"controlType":"sap.m.Input","viewName":"etm.portal.ui.manageyards.view.New","viewId":"application-manageyards-display-component---NewYard","bindingPath":{"path":"","propertyPath":"/AUART","modelName":"NewYardModel"},"interaction":{"idSuffix":"inner"}},"wdio_ui5_key":"etmportal.ui.manageyards.view.Newsap.m.Input{\"path\":\"\",\"propertyPath\":\"/AUART\",\"modelName\":\"NewYardModel\"}"}]}
RESULT: {"script":"<script> [1562 bytes]","args":[{"selector":{"controlType":"sap.m.Input","viewName":"etm.portal.ui.manageyards.view.New","viewId":"application-manageyards-display-component---NewYard","bindingPath":{"path":"","propertyPath":"/AUART","modelName":"NewYardModel"},"interaction":{"idSuffix":"inner"}},"wdio_ui5_key":"etmportal.ui.manageyards.view.Newsap.m.Input{\"path\":\"\",\"propertyPath\":\"/AUART\",\"modelName\":\"NewYardModel\"}"}]}
RESULT: undefined
COMMAND: POST /session/65af7eee0b689fbc32704a37c909740d/execute/async - {"script":"<script> [776 bytes]","args":[{"enterText":"TA","selector":{"controlType":"sap.m.Input","viewName":"etm.portal.ui.manageyards.view.New","viewId":"application-manageyards-display-component---NewYard","bindingPath":{"path":"","propertyPath":"/AUART","modelName":"NewYardModel"},"interaction":{"idSuffix":"inner"}},"clearTextFirst":true,"interactionType":"ENTER_TEXT"}]}
RESULT: {"script":"<script> [776 bytes]","args":[{"enterText":"TA","selector":{"controlType":"sap.m.Input","viewName":"etm.portal.ui.manageyards.view.New","viewId":"application-manageyards-display-component---NewYard","bindingPath":{"path":"","propertyPath":"/AUART","modelName":"NewYardModel"},"interaction":{"idSuffix":"inner"}},"clearTextFirst":true,"interactionType":"ENTER_TEXT"}]}
COMMAND: POST /session/65af7eee0b689fbc32704a37c909740d/element - {"using":"xpath","value":"//button[@data-kt=\"newYardSaveButton\"]"}
RESULT: {"using":"xpath","value":"//button[@data-kt=\"newYardSaveButton\"]"}
COMMAND: POST /session/65af7eee0b689fbc32704a37c909740d/element/f.4EA148EC701C5F901E073CD471E0C43C.d.CD0C516E4DEDC66022176B086402298C.e.4939/click - {}
RESULT: {}
COMMAND: GET /session/65af7eee0b689fbc32704a37c909740d/screenshot - {}
COMMAND: POST /session/65af7eee0b689fbc32704a37c909740d/element - {"using":"xpath","value":"//header[contains(@id, 'ObjectPageLayout-headerTitle')]/div[1]/div[2]/div[1]/span[1]"}
RESULT: {}
RESULT: {"using":"xpath","value":"//header[contains(@id, 'ObjectPageLayout-headerTitle')]/div[1]/div[2]/div[1]/span[1]"}
COMMAND: POST /session/65af7eee0b689fbc32704a37c909740d/elements - {"using":"xpath","value":"//header[contains(@id, 'ObjectPageLayout-headerTitle')]/div[1]/div[2]/div[1]/span[1]"}
RESULT: {"using":"xpath","value":"//header[contains(@id, 'ObjectPageLayout-headerTitle')]/div[1]/div[2]/div[1]/span[1]"}
COMMAND: POST /session/65af7eee0b689fbc32704a37c909740d/execute/sync - {"script":"<script> [56 bytes]","args":[{"element-6066-11e4-a52e-4f735466cecf":"f.4EA148EC701C5F901E073CD471E0C43C.d.CD0C516E4DEDC66022176B086402298C.e.5251","ELEMENT":"f.4EA148EC701C5F901E073CD471E0C43C.d.CD0C516E4DEDC66022176B086402298C.e.5251"}]}
RESULT: {"script":"<script> [56 bytes]","args":[{"element-6066-11e4-a52e-4f735466cecf":"f.4EA148EC701C5F901E073CD471E0C43C.d.CD0C516E4DEDC66022176B086402298C.e.5251","ELEMENT":"f.4EA148EC701C5F901E073CD471E0C43C.d.CD0C516E4DEDC66022176B086402298C.e.5251"}]}
COMMAND: GET /session/65af7eee0b689fbc32704a37c909740d/screenshot - {}
RESULT: {}
COMMAND: POST /session/65af7eee0b689fbc32704a37c909740d/element - {"using":"css selector","value":"#shell-header-logo"}
RESULT: {"using":"css selector","value":"#shell-header-logo"}
COMMAND: POST /session/65af7eee0b689fbc32704a37c909740d/element/f.4EA148EC701C5F901E073CD471E0C43C.d.CD0C516E4DEDC66022176B086402298C.e.4498/click - {}
RESULT: {}
COMMAND: GET /session/65af7eee0b689fbc32704a37c909740d/screenshot - {}
RESULT: {}
COMMAND: POST /session/65af7eee0b689fbc32704a37c909740d/execute/sync - {"script":"<script> [299 bytes]","args":[["getModel","getResource"]]}
RESULT: {"script":"<script> [299 bytes]","args":[["getModel","getResource"]]}
]]></system-out>
    </testcase>
    <testcase classname="chrome.136_0_7103_49.windows.Create_master_data_for_mixed_billing_&amp;_do_billing_calculation_US151661" name="Should create a new partner" time="134.304">
      <system-out><![CDATA[
COMMAND: POST /session/65af7eee0b689fbc32704a37c909740d/window/fullscreen - {}
COMMAND: GET /session/65af7eee0b689fbc32704a37c909740d/screenshot - {}
RESULT: {}
COMMAND: POST /session/65af7eee0b689fbc32704a37c909740d/execute/async - {"script":"<script> [1562 bytes]","args":[{"selector":{"controlType":"sap.m.GenericTile","properties":{"header":"Manage Partners"}},"wdio_ui5_key":"sapm.GenericTile{\"header\":\"Manage Partners\"}"}]}
RESULT: {}
RESULT: {"script":"<script> [1562 bytes]","args":[{"selector":{"controlType":"sap.m.GenericTile","properties":{"header":"Manage Partners"}},"wdio_ui5_key":"sapm.GenericTile{\"header\":\"Manage Partners\"}"}]}
RESULT: undefined
COMMAND: POST /session/65af7eee0b689fbc32704a37c909740d/element - {"using":"xpath","value":"//*[@id=\"__tile38\"]"}
RESULT: {"using":"xpath","value":"//*[@id=\"__tile38\"]"}
COMMAND: POST /session/65af7eee0b689fbc32704a37c909740d/element/f.4EA148EC701C5F901E073CD471E0C43C.d.CD0C516E4DEDC66022176B086402298C.e.4401/click - {}
RESULT: {}
COMMAND: POST /session/65af7eee0b689fbc32704a37c909740d/element - {"using":"xpath","value":"//button[@data-kt=\"addButton\"]"}
COMMAND: GET /session/65af7eee0b689fbc32704a37c909740d/screenshot - {}
RESULT: {"using":"xpath","value":"//button[@data-kt=\"addButton\"]"}
COMMAND: POST /session/65af7eee0b689fbc32704a37c909740d/elements - {"using":"xpath","value":"//button[@data-kt=\"addButton\"]"}
RESULT: {}
RESULT: {"using":"xpath","value":"//button[@data-kt=\"addButton\"]"}
COMMAND: POST /session/65af7eee0b689fbc32704a37c909740d/elements - {"using":"xpath","value":"//button[@data-kt=\"addButton\"]"}
RESULT: {"using":"xpath","value":"//button[@data-kt=\"addButton\"]"}
COMMAND: POST /session/65af7eee0b689fbc32704a37c909740d/elements - {"using":"xpath","value":"//button[@data-kt=\"addButton\"]"}
RESULT: {"using":"xpath","value":"//button[@data-kt=\"addButton\"]"}
COMMAND: POST /session/65af7eee0b689fbc32704a37c909740d/elements - {"using":"xpath","value":"//button[@data-kt=\"addButton\"]"}
RESULT: {"using":"xpath","value":"//button[@data-kt=\"addButton\"]"}
COMMAND: POST /session/65af7eee0b689fbc32704a37c909740d/elements - {"using":"xpath","value":"//button[@data-kt=\"addButton\"]"}
RESULT: {"using":"xpath","value":"//button[@data-kt=\"addButton\"]"}
COMMAND: POST /session/65af7eee0b689fbc32704a37c909740d/elements - {"using":"xpath","value":"//button[@data-kt=\"addButton\"]"}
RESULT: {"using":"xpath","value":"//button[@data-kt=\"addButton\"]"}
COMMAND: POST /session/65af7eee0b689fbc32704a37c909740d/elements - {"using":"xpath","value":"//button[@data-kt=\"addButton\"]"}
RESULT: {"using":"xpath","value":"//button[@data-kt=\"addButton\"]"}
COMMAND: POST /session/65af7eee0b689fbc32704a37c909740d/elements - {"using":"xpath","value":"//button[@data-kt=\"addButton\"]"}
RESULT: {"using":"xpath","value":"//button[@data-kt=\"addButton\"]"}
COMMAND: POST /session/65af7eee0b689fbc32704a37c909740d/elements - {"using":"xpath","value":"//button[@data-kt=\"addButton\"]"}
RESULT: {"using":"xpath","value":"//button[@data-kt=\"addButton\"]"}
COMMAND: POST /session/65af7eee0b689fbc32704a37c909740d/elements - {"using":"xpath","value":"//button[@data-kt=\"addButton\"]"}
RESULT: {"using":"xpath","value":"//button[@data-kt=\"addButton\"]"}
COMMAND: POST /session/65af7eee0b689fbc32704a37c909740d/elements - {"using":"xpath","value":"//button[@data-kt=\"addButton\"]"}
RESULT: {"using":"xpath","value":"//button[@data-kt=\"addButton\"]"}
COMMAND: POST /session/65af7eee0b689fbc32704a37c909740d/elements - {"using":"xpath","value":"//button[@data-kt=\"addButton\"]"}
RESULT: {"using":"xpath","value":"//button[@data-kt=\"addButton\"]"}
COMMAND: POST /session/65af7eee0b689fbc32704a37c909740d/elements - {"using":"xpath","value":"//button[@data-kt=\"addButton\"]"}
RESULT: {"using":"xpath","value":"//button[@data-kt=\"addButton\"]"}
COMMAND: POST /session/65af7eee0b689fbc32704a37c909740d/elements - {"using":"xpath","value":"//button[@data-kt=\"addButton\"]"}
RESULT: {"using":"xpath","value":"//button[@data-kt=\"addButton\"]"}
COMMAND: POST /session/65af7eee0b689fbc32704a37c909740d/elements - {"using":"xpath","value":"//button[@data-kt=\"addButton\"]"}
RESULT: {"using":"xpath","value":"//button[@data-kt=\"addButton\"]"}
COMMAND: POST /session/65af7eee0b689fbc32704a37c909740d/elements - {"using":"xpath","value":"//button[@data-kt=\"addButton\"]"}
RESULT: {"using":"xpath","value":"//button[@data-kt=\"addButton\"]"}
COMMAND: POST /session/65af7eee0b689fbc32704a37c909740d/elements - {"using":"xpath","value":"//button[@data-kt=\"addButton\"]"}
RESULT: {"using":"xpath","value":"//button[@data-kt=\"addButton\"]"}
COMMAND: POST /session/65af7eee0b689fbc32704a37c909740d/elements - {"using":"xpath","value":"//button[@data-kt=\"addButton\"]"}
RESULT: {"using":"xpath","value":"//button[@data-kt=\"addButton\"]"}
COMMAND: POST /session/65af7eee0b689fbc32704a37c909740d/elements - {"using":"xpath","value":"//button[@data-kt=\"addButton\"]"}
RESULT: {"using":"xpath","value":"//button[@data-kt=\"addButton\"]"}
COMMAND: POST /session/65af7eee0b689fbc32704a37c909740d/elements - {"using":"xpath","value":"//button[@data-kt=\"addButton\"]"}
RESULT: {"using":"xpath","value":"//button[@data-kt=\"addButton\"]"}
COMMAND: POST /session/65af7eee0b689fbc32704a37c909740d/elements - {"using":"xpath","value":"//button[@data-kt=\"addButton\"]"}
RESULT: {"using":"xpath","value":"//button[@data-kt=\"addButton\"]"}
COMMAND: POST /session/65af7eee0b689fbc32704a37c909740d/elements - {"using":"xpath","value":"//button[@data-kt=\"addButton\"]"}
RESULT: {"using":"xpath","value":"//button[@data-kt=\"addButton\"]"}
COMMAND: POST /session/65af7eee0b689fbc32704a37c909740d/elements - {"using":"xpath","value":"//button[@data-kt=\"addButton\"]"}
RESULT: {"using":"xpath","value":"//button[@data-kt=\"addButton\"]"}
COMMAND: POST /session/65af7eee0b689fbc32704a37c909740d/elements - {"using":"xpath","value":"//button[@data-kt=\"addButton\"]"}
RESULT: {"using":"xpath","value":"//button[@data-kt=\"addButton\"]"}
COMMAND: POST /session/65af7eee0b689fbc32704a37c909740d/elements - {"using":"xpath","value":"//button[@data-kt=\"addButton\"]"}
RESULT: {"using":"xpath","value":"//button[@data-kt=\"addButton\"]"}
COMMAND: POST /session/65af7eee0b689fbc32704a37c909740d/elements - {"using":"xpath","value":"//button[@data-kt=\"addButton\"]"}
RESULT: {"using":"xpath","value":"//button[@data-kt=\"addButton\"]"}
COMMAND: POST /session/65af7eee0b689fbc32704a37c909740d/elements - {"using":"xpath","value":"//button[@data-kt=\"addButton\"]"}
RESULT: {"using":"xpath","value":"//button[@data-kt=\"addButton\"]"}
COMMAND: POST /session/65af7eee0b689fbc32704a37c909740d/elements - {"using":"xpath","value":"//button[@data-kt=\"addButton\"]"}
RESULT: {"using":"xpath","value":"//button[@data-kt=\"addButton\"]"}
COMMAND: POST /session/65af7eee0b689fbc32704a37c909740d/elements - {"using":"xpath","value":"//button[@data-kt=\"addButton\"]"}
RESULT: {"using":"xpath","value":"//button[@data-kt=\"addButton\"]"}
COMMAND: POST /session/65af7eee0b689fbc32704a37c909740d/elements - {"using":"xpath","value":"//button[@data-kt=\"addButton\"]"}
RESULT: {"using":"xpath","value":"//button[@data-kt=\"addButton\"]"}
COMMAND: POST /session/65af7eee0b689fbc32704a37c909740d/element - {"using":"xpath","value":"//button[@data-kt=\"addButton\"]"}
RESULT: {"using":"xpath","value":"//button[@data-kt=\"addButton\"]"}
COMMAND: POST /session/65af7eee0b689fbc32704a37c909740d/execute/sync - {"script":"<script> [8489 bytes]","args":[{"element-6066-11e4-a52e-4f735466cecf":"f.4EA148EC701C5F901E073CD471E0C43C.d.CD0C516E4DEDC66022176B086402298C.e.5306","ELEMENT":"f.4EA148EC701C5F901E073CD471E0C43C.d.CD0C516E4DEDC66022176B086402298C.e.5306"}]}
RESULT: {"script":"<script> [8489 bytes]","args":[{"element-6066-11e4-a52e-4f735466cecf":"f.4EA148EC701C5F901E073CD471E0C43C.d.CD0C516E4DEDC66022176B086402298C.e.5306","ELEMENT":"f.4EA148EC701C5F901E073CD471E0C43C.d.CD0C516E4DEDC66022176B086402298C.e.5306"}]}
COMMAND: GET /session/65af7eee0b689fbc32704a37c909740d/element/f.4EA148EC701C5F901E073CD471E0C43C.d.CD0C516E4DEDC66022176B086402298C.e.5306/enabled - {}
COMMAND: GET /session/65af7eee0b689fbc32704a37c909740d/screenshot - {}
RESULT: {}
COMMAND: POST /session/65af7eee0b689fbc32704a37c909740d/execute/sync - {"script":"<script> [8489 bytes]","args":[{"element-6066-11e4-a52e-4f735466cecf":"f.4EA148EC701C5F901E073CD471E0C43C.d.CD0C516E4DEDC66022176B086402298C.e.5306","ELEMENT":"f.4EA148EC701C5F901E073CD471E0C43C.d.CD0C516E4DEDC66022176B086402298C.e.5306"}]}
COMMAND: GET /session/65af7eee0b689fbc32704a37c909740d/screenshot - {}
RESULT: {}
RESULT: {"script":"<script> [8489 bytes]","args":[{"element-6066-11e4-a52e-4f735466cecf":"f.4EA148EC701C5F901E073CD471E0C43C.d.CD0C516E4DEDC66022176B086402298C.e.5306","ELEMENT":"f.4EA148EC701C5F901E073CD471E0C43C.d.CD0C516E4DEDC66022176B086402298C.e.5306"}]}
COMMAND: POST /session/65af7eee0b689fbc32704a37c909740d/execute/sync - {"script":"<script> [5351 bytes]","args":[{"element-6066-11e4-a52e-4f735466cecf":"f.4EA148EC701C5F901E073CD471E0C43C.d.CD0C516E4DEDC66022176B086402298C.e.5306","ELEMENT":"f.4EA148EC701C5F901E073CD471E0C43C.d.CD0C516E4DEDC66022176B086402298C.e.5306"}]}
COMMAND: GET /session/65af7eee0b689fbc32704a37c909740d/screenshot - {}
RESULT: {}
RESULT: {"script":"<script> [5351 bytes]","args":[{"element-6066-11e4-a52e-4f735466cecf":"f.4EA148EC701C5F901E073CD471E0C43C.d.CD0C516E4DEDC66022176B086402298C.e.5306","ELEMENT":"f.4EA148EC701C5F901E073CD471E0C43C.d.CD0C516E4DEDC66022176B086402298C.e.5306"}]}
COMMAND: POST /session/65af7eee0b689fbc32704a37c909740d/element/f.4EA148EC701C5F901E073CD471E0C43C.d.CD0C516E4DEDC66022176B086402298C.e.5306/click - {}
COMMAND: GET /session/65af7eee0b689fbc32704a37c909740d/screenshot - {}
RESULT: {}
RESULT: {}
COMMAND: GET /session/65af7eee0b689fbc32704a37c909740d/screenshot - {}
RESULT: {}
RESULT: {}
COMMAND: POST /session/65af7eee0b689fbc32704a37c909740d/execute/async - {"script":"<script> [1562 bytes]","args":[{"selector":{"id":"application-managepartners-display-component---NewPartner--addressDetailDetailsName1","interaction":{"idSuffix":"inner"}},"wdio_ui5_key":"applicationmanagepartners-display-component---NewPartner--addressDetailDetailsName1"}]}
RESULT: {"script":"<script> [1562 bytes]","args":[{"selector":{"id":"application-managepartners-display-component---NewPartner--addressDetailDetailsName1","interaction":{"idSuffix":"inner"}},"wdio_ui5_key":"applicationmanagepartners-display-component---NewPartner--addressDetailDetailsName1"}]}
RESULT: undefined
COMMAND: POST /session/65af7eee0b689fbc32704a37c909740d/execute/async - {"script":"<script> [776 bytes]","args":[{"enterText":"Intercompany Partner WDIO","selector":{"id":"application-managepartners-display-component---NewPartner--addressDetailDetailsName1","interaction":{"idSuffix":"inner"}},"clearTextFirst":true,"interactionType":"ENTER_TEXT"}]}
RESULT: {"script":"<script> [776 bytes]","args":[{"enterText":"Intercompany Partner WDIO","selector":{"id":"application-managepartners-display-component---NewPartner--addressDetailDetailsName1","interaction":{"idSuffix":"inner"}},"clearTextFirst":true,"interactionType":"ENTER_TEXT"}]}
COMMAND: POST /session/65af7eee0b689fbc32704a37c909740d/execute/async - {"script":"<script> [1562 bytes]","args":[{"selector":{"id":"application-managepartners-display-component---NewPartner--addressDetailDetailsLanguage-arrow"},"wdio_ui5_key":"applicationmanagepartners-display-component---NewPartner--addressDetailDetailsLanguage-arrow"}]}
RESULT: {"script":"<script> [1562 bytes]","args":[{"selector":{"id":"application-managepartners-display-component---NewPartner--addressDetailDetailsLanguage-arrow"},"wdio_ui5_key":"applicationmanagepartners-display-component---NewPartner--addressDetailDetailsLanguage-arrow"}]}
RESULT: undefined
COMMAND: POST /session/65af7eee0b689fbc32704a37c909740d/element - {"using":"xpath","value":"//*[@id=\"application-managepartners-display-component---NewPartner--addressDetailDetailsLanguage-arrow\"]"}
RESULT: {"using":"xpath","value":"//*[@id=\"application-managepartners-display-component---NewPartner--addressDetailDetailsLanguage-arrow\"]"}
COMMAND: POST /session/65af7eee0b689fbc32704a37c909740d/element/f.4EA148EC701C5F901E073CD471E0C43C.d.CD0C516E4DEDC66022176B086402298C.e.5707/click - {}
RESULT: {}
COMMAND: POST /session/65af7eee0b689fbc32704a37c909740d/element - {"using":"xpath","value":"//span[contains(text(), \"English\")]"}
COMMAND: GET /session/65af7eee0b689fbc32704a37c909740d/screenshot - {}
RESULT: {"using":"xpath","value":"//span[contains(text(), \"English\")]"}
COMMAND: POST /session/65af7eee0b689fbc32704a37c909740d/element/f.4EA148EC701C5F901E073CD471E0C43C.d.CD0C516E4DEDC66022176B086402298C.e.5708/click - {}
RESULT: {}
RESULT: {}
COMMAND: GET /session/65af7eee0b689fbc32704a37c909740d/screenshot - {}
RESULT: {}
COMMAND: POST /session/65af7eee0b689fbc32704a37c909740d/execute/async - {"script":"<script> [1562 bytes]","args":[{"selector":{"id":"application-managepartners-display-component---NewPartner--addressDetailDetailsCity1","interaction":{"idSuffix":"inner"}},"wdio_ui5_key":"applicationmanagepartners-display-component---NewPartner--addressDetailDetailsCity1"}]}
RESULT: {"script":"<script> [1562 bytes]","args":[{"selector":{"id":"application-managepartners-display-component---NewPartner--addressDetailDetailsCity1","interaction":{"idSuffix":"inner"}},"wdio_ui5_key":"applicationmanagepartners-display-component---NewPartner--addressDetailDetailsCity1"}]}
RESULT: undefined
COMMAND: POST /session/65af7eee0b689fbc32704a37c909740d/execute/async - {"script":"<script> [776 bytes]","args":[{"enterText":"Rosario","selector":{"id":"application-managepartners-display-component---NewPartner--addressDetailDetailsCity1","interaction":{"idSuffix":"inner"}},"clearTextFirst":true,"interactionType":"ENTER_TEXT"}]}
RESULT: {"script":"<script> [776 bytes]","args":[{"enterText":"Rosario","selector":{"id":"application-managepartners-display-component---NewPartner--addressDetailDetailsCity1","interaction":{"idSuffix":"inner"}},"clearTextFirst":true,"interactionType":"ENTER_TEXT"}]}
COMMAND: POST /session/65af7eee0b689fbc32704a37c909740d/execute/async - {"script":"<script> [1562 bytes]","args":[{"selector":{"id":"application-managepartners-display-component---NewPartner--addressDetailDetailsCountry-arrow"},"wdio_ui5_key":"applicationmanagepartners-display-component---NewPartner--addressDetailDetailsCountry-arrow"}]}
RESULT: {"script":"<script> [1562 bytes]","args":[{"selector":{"id":"application-managepartners-display-component---NewPartner--addressDetailDetailsCountry-arrow"},"wdio_ui5_key":"applicationmanagepartners-display-component---NewPartner--addressDetailDetailsCountry-arrow"}]}
RESULT: undefined
COMMAND: POST /session/65af7eee0b689fbc32704a37c909740d/element - {"using":"xpath","value":"//*[@id=\"application-managepartners-display-component---NewPartner--addressDetailDetailsCountry-arrow\"]"}
RESULT: {"using":"xpath","value":"//*[@id=\"application-managepartners-display-component---NewPartner--addressDetailDetailsCountry-arrow\"]"}
COMMAND: POST /session/65af7eee0b689fbc32704a37c909740d/element/f.4EA148EC701C5F901E073CD471E0C43C.d.CD0C516E4DEDC66022176B086402298C.e.5522/click - {}
RESULT: {}
COMMAND: POST /session/65af7eee0b689fbc32704a37c909740d/element - {"using":"xpath","value":"//span[contains(text(), \"Argentina\")]"}
COMMAND: GET /session/65af7eee0b689fbc32704a37c909740d/screenshot - {}
RESULT: {"using":"xpath","value":"//span[contains(text(), \"Argentina\")]"}
COMMAND: POST /session/65af7eee0b689fbc32704a37c909740d/element/f.4EA148EC701C5F901E073CD471E0C43C.d.CD0C516E4DEDC66022176B086402298C.e.5710/click - {}
RESULT: {}
RESULT: {}
COMMAND: GET /session/65af7eee0b689fbc32704a37c909740d/screenshot - {}
RESULT: {}
COMMAND: POST /session/65af7eee0b689fbc32704a37c909740d/element - {"using":"xpath","value":"//bdi[contains(text(), \"Commercial\")]"}
RESULT: {"using":"xpath","value":"//bdi[contains(text(), \"Commercial\")]"}
COMMAND: POST /session/65af7eee0b689fbc32704a37c909740d/element/f.4EA148EC701C5F901E073CD471E0C43C.d.CD0C516E4DEDC66022176B086402298C.e.5711/click - {}
RESULT: {}
COMMAND: GET /session/65af7eee0b689fbc32704a37c909740d/screenshot - {}
RESULT: {}
COMMAND: POST /session/65af7eee0b689fbc32704a37c909740d/execute/async - {"script":"<script> [1562 bytes]","args":[{"selector":{"id":"application-managepartners-display-component---NewPartner--partnerDetailInternal-arrow"},"wdio_ui5_key":"applicationmanagepartners-display-component---NewPartner--partnerDetailInternal-arrow"}]}
RESULT: {"script":"<script> [1562 bytes]","args":[{"selector":{"id":"application-managepartners-display-component---NewPartner--partnerDetailInternal-arrow"},"wdio_ui5_key":"applicationmanagepartners-display-component---NewPartner--partnerDetailInternal-arrow"}]}
RESULT: undefined
COMMAND: POST /session/65af7eee0b689fbc32704a37c909740d/element - {"using":"xpath","value":"//*[@id=\"application-managepartners-display-component---NewPartner--partnerDetailInternal-arrow\"]"}
RESULT: {"using":"xpath","value":"//*[@id=\"application-managepartners-display-component---NewPartner--partnerDetailInternal-arrow\"]"}
COMMAND: POST /session/65af7eee0b689fbc32704a37c909740d/element/f.4EA148EC701C5F901E073CD471E0C43C.d.CD0C516E4DEDC66022176B086402298C.e.5719/click - {}
RESULT: {}
COMMAND: POST /session/65af7eee0b689fbc32704a37c909740d/element - {"using":"xpath","value":"//span[contains(text(), \"Affiliated company\")]"}
COMMAND: GET /session/65af7eee0b689fbc32704a37c909740d/screenshot - {}
RESULT: {"using":"xpath","value":"//span[contains(text(), \"Affiliated company\")]"}
COMMAND: POST /session/65af7eee0b689fbc32704a37c909740d/element/f.4EA148EC701C5F901E073CD471E0C43C.d.CD0C516E4DEDC66022176B086402298C.e.5720/click - {}
RESULT: {}
RESULT: {}
COMMAND: POST /session/65af7eee0b689fbc32704a37c909740d/execute/async - {"script":"<script> [1562 bytes]","args":[{"selector":{"id":"application-managepartners-display-component---NewPartner--partnerDetailsCurrency-arrow"},"wdio_ui5_key":"applicationmanagepartners-display-component---NewPartner--partnerDetailsCurrency-arrow"}]}
COMMAND: GET /session/65af7eee0b689fbc32704a37c909740d/screenshot - {}
RESULT: {"script":"<script> [1562 bytes]","args":[{"selector":{"id":"application-managepartners-display-component---NewPartner--partnerDetailsCurrency-arrow"},"wdio_ui5_key":"applicationmanagepartners-display-component---NewPartner--partnerDetailsCurrency-arrow"}]}
RESULT: undefined
COMMAND: POST /session/65af7eee0b689fbc32704a37c909740d/element - {"using":"xpath","value":"//*[@id=\"application-managepartners-display-component---NewPartner--partnerDetailsCurrency-arrow\"]"}
RESULT: {}
RESULT: {"using":"xpath","value":"//*[@id=\"application-managepartners-display-component---NewPartner--partnerDetailsCurrency-arrow\"]"}
COMMAND: POST /session/65af7eee0b689fbc32704a37c909740d/element/f.4EA148EC701C5F901E073CD471E0C43C.d.CD0C516E4DEDC66022176B086402298C.e.5727/click - {}
RESULT: {}
COMMAND: POST /session/65af7eee0b689fbc32704a37c909740d/element - {"using":"xpath","value":"//span[contains(text(), \"Euro\")]"}
COMMAND: GET /session/65af7eee0b689fbc32704a37c909740d/screenshot - {}
RESULT: {"using":"xpath","value":"//span[contains(text(), \"Euro\")]"}
COMMAND: POST /session/65af7eee0b689fbc32704a37c909740d/element/f.4EA148EC701C5F901E073CD471E0C43C.d.CD0C516E4DEDC66022176B086402298C.e.5728/click - {}
RESULT: {}
RESULT: {}
COMMAND: POST /session/65af7eee0b689fbc32704a37c909740d/execute/async - {"script":"<script> [1562 bytes]","args":[{"selector":{"id":"application-managepartners-display-component---NewPartner--addressEditDetailsCostObjectCstType-arrow"},"wdio_ui5_key":"applicationmanagepartners-display-component---NewPartner--addressEditDetailsCostObjectCstType-arrow"}]}
COMMAND: GET /session/65af7eee0b689fbc32704a37c909740d/screenshot - {}
RESULT: {"script":"<script> [1562 bytes]","args":[{"selector":{"id":"application-managepartners-display-component---NewPartner--addressEditDetailsCostObjectCstType-arrow"},"wdio_ui5_key":"applicationmanagepartners-display-component---NewPartner--addressEditDetailsCostObjectCstType-arrow"}]}
RESULT: undefined
COMMAND: POST /session/65af7eee0b689fbc32704a37c909740d/element - {"using":"xpath","value":"//*[@id=\"application-managepartners-display-component---NewPartner--addressEditDetailsCostObjectCstType-arrow\"]"}
RESULT: {}
RESULT: {"using":"xpath","value":"//*[@id=\"application-managepartners-display-component---NewPartner--addressEditDetailsCostObjectCstType-arrow\"]"}
COMMAND: POST /session/65af7eee0b689fbc32704a37c909740d/element/f.4EA148EC701C5F901E073CD471E0C43C.d.CD0C516E4DEDC66022176B086402298C.e.5729/click - {}
RESULT: {}
COMMAND: POST /session/65af7eee0b689fbc32704a37c909740d/element - {"using":"xpath","value":"//span[contains(text(), \"Cost Center\")]"}
COMMAND: GET /session/65af7eee0b689fbc32704a37c909740d/screenshot - {}
RESULT: {"using":"xpath","value":"//span[contains(text(), \"Cost Center\")]"}
COMMAND: POST /session/65af7eee0b689fbc32704a37c909740d/element/f.4EA148EC701C5F901E073CD471E0C43C.d.CD0C516E4DEDC66022176B086402298C.e.5730/click - {}
RESULT: {}
RESULT: {}
COMMAND: GET /session/65af7eee0b689fbc32704a37c909740d/screenshot - {}
RESULT: {}
COMMAND: POST /session/65af7eee0b689fbc32704a37c909740d/element - {"using":"xpath","value":"//span[@id=\"application-managepartners-display-component---NewPartner--addressNewCostObjectCstID-vhi\"]"}
RESULT: {"using":"xpath","value":"//span[@id=\"application-managepartners-display-component---NewPartner--addressNewCostObjectCstID-vhi\"]"}
COMMAND: POST /session/65af7eee0b689fbc32704a37c909740d/element - {"using":"xpath","value":"//span[@id=\"application-managepartners-display-component---NewPartner--addressNewCostObjectCstID-vhi\"]"}
RESULT: {"using":"xpath","value":"//span[@id=\"application-managepartners-display-component---NewPartner--addressNewCostObjectCstID-vhi\"]"}
COMMAND: POST /session/65af7eee0b689fbc32704a37c909740d/element - {"using":"xpath","value":"//input[@id=\"application-managepartners-display-component---NewPartner--addressNewCostObjectCstID-inner\"]"}
RESULT: {"using":"xpath","value":"//input[@id=\"application-managepartners-display-component---NewPartner--addressNewCostObjectCstID-inner\"]"}
COMMAND: POST /session/65af7eee0b689fbc32704a37c909740d/execute/sync - {"script":"<script> [8489 bytes]","args":[{"element-6066-11e4-a52e-4f735466cecf":"f.4EA148EC701C5F901E073CD471E0C43C.d.CD0C516E4DEDC66022176B086402298C.e.5733","ELEMENT":"f.4EA148EC701C5F901E073CD471E0C43C.d.CD0C516E4DEDC66022176B086402298C.e.5733"}]}
RESULT: {"script":"<script> [8489 bytes]","args":[{"element-6066-11e4-a52e-4f735466cecf":"f.4EA148EC701C5F901E073CD471E0C43C.d.CD0C516E4DEDC66022176B086402298C.e.5733","ELEMENT":"f.4EA148EC701C5F901E073CD471E0C43C.d.CD0C516E4DEDC66022176B086402298C.e.5733"}]}
COMMAND: POST /session/65af7eee0b689fbc32704a37c909740d/element/f.4EA148EC701C5F901E073CD471E0C43C.d.CD0C516E4DEDC66022176B086402298C.e.5733/clear - {}
COMMAND: GET /session/65af7eee0b689fbc32704a37c909740d/screenshot - {}
RESULT: {}
COMMAND: POST /session/65af7eee0b689fbc32704a37c909740d/element/f.4EA148EC701C5F901E073CD471E0C43C.d.CD0C516E4DEDC66022176B086402298C.e.5733/value - {"text":"10001013"}
COMMAND: GET /session/65af7eee0b689fbc32704a37c909740d/screenshot - {}
RESULT: {}
RESULT: {"text":"10001013"}
COMMAND: GET /session/65af7eee0b689fbc32704a37c909740d/screenshot - {}
RESULT: {}
RESULT: {}
COMMAND: POST /session/65af7eee0b689fbc32704a37c909740d/element - {"using":"xpath","value":"//input[@id=\"application-managepartners-display-component---NewPartner--companyCodeComboBox-inner\"]"}
RESULT: {"using":"xpath","value":"//input[@id=\"application-managepartners-display-component---NewPartner--companyCodeComboBox-inner\"]"}
COMMAND: POST /session/65af7eee0b689fbc32704a37c909740d/element/f.4EA148EC701C5F901E073CD471E0C43C.d.CD0C516E4DEDC66022176B086402298C.e.5651/clear - {}
RESULT: {}
COMMAND: POST /session/65af7eee0b689fbc32704a37c909740d/element/f.4EA148EC701C5F901E073CD471E0C43C.d.CD0C516E4DEDC66022176B086402298C.e.5651/value - {"text":"C002"}
COMMAND: GET /session/65af7eee0b689fbc32704a37c909740d/screenshot - {}
RESULT: {}
RESULT: {"text":"C002"}
COMMAND: GET /session/65af7eee0b689fbc32704a37c909740d/screenshot - {}
RESULT: {}
COMMAND: POST /session/65af7eee0b689fbc32704a37c909740d/element - {"using":"xpath","value":"//li[.//span[text()= \"C002\"]]"}
RESULT: {"using":"xpath","value":"//li[.//span[text()= \"C002\"]]"}
COMMAND: POST /session/65af7eee0b689fbc32704a37c909740d/element/f.4EA148EC701C5F901E073CD471E0C43C.d.CD0C516E4DEDC66022176B086402298C.e.5740/click - {}
RESULT: {}
COMMAND: GET /session/65af7eee0b689fbc32704a37c909740d/screenshot - {}
RESULT: {}
COMMAND: POST /session/65af7eee0b689fbc32704a37c909740d/execute/async - {"script":"<script> [1562 bytes]","args":[{"selector":{"id":"application-managepartners-display-component---NewPartner--btnAddTableRow-img"},"wdio_ui5_key":"applicationmanagepartners-display-component---NewPartner--btnAddTableRow-img"}]}
RESULT: {"script":"<script> [1562 bytes]","args":[{"selector":{"id":"application-managepartners-display-component---NewPartner--btnAddTableRow-img"},"wdio_ui5_key":"applicationmanagepartners-display-component---NewPartner--btnAddTableRow-img"}]}
RESULT: undefined
COMMAND: POST /session/65af7eee0b689fbc32704a37c909740d/element - {"using":"xpath","value":"//*[@id=\"application-managepartners-display-component---NewPartner--btnAddTableRow-img\"]"}
RESULT: {"using":"xpath","value":"//*[@id=\"application-managepartners-display-component---NewPartner--btnAddTableRow-img\"]"}
COMMAND: POST /session/65af7eee0b689fbc32704a37c909740d/element/f.4EA148EC701C5F901E073CD471E0C43C.d.CD0C516E4DEDC66022176B086402298C.e.5741/click - {}
RESULT: {}
COMMAND: GET /session/65af7eee0b689fbc32704a37c909740d/screenshot - {}
RESULT: {}
COMMAND: POST /session/65af7eee0b689fbc32704a37c909740d/element - {"using":"xpath","value":"//input[@id=\"application-managepartners-display-component---NewPartner--assignmentYard-application-managepartners-display-component---NewPartner--assignmentsTable-0-inner\"]"}
RESULT: {"using":"xpath","value":"//input[@id=\"application-managepartners-display-component---NewPartner--assignmentYard-application-managepartners-display-component---NewPartner--assignmentsTable-0-inner\"]"}
COMMAND: POST /session/65af7eee0b689fbc32704a37c909740d/element/f.4EA148EC701C5F901E073CD471E0C43C.d.CD0C516E4DEDC66022176B086402298C.e.5744/clear - {}
RESULT: {}
COMMAND: POST /session/65af7eee0b689fbc32704a37c909740d/element/f.4EA148EC701C5F901E073CD471E0C43C.d.CD0C516E4DEDC66022176B086402298C.e.5744/value - {"text":"274"}
COMMAND: GET /session/65af7eee0b689fbc32704a37c909740d/screenshot - {}
RESULT: {"text":"274"}
COMMAND: GET /session/65af7eee0b689fbc32704a37c909740d/screenshot - {}
RESULT: {}
RESULT: {}
COMMAND: POST /session/65af7eee0b689fbc32704a37c909740d/element - {"using":"xpath","value":"//li[.//span[text()='274']]"}
RESULT: {"using":"xpath","value":"//li[.//span[text()='274']]"}
COMMAND: POST /session/65af7eee0b689fbc32704a37c909740d/element/f.4EA148EC701C5F901E073CD471E0C43C.d.CD0C516E4DEDC66022176B086402298C.e.5753/click - {}
RESULT: {}
COMMAND: GET /session/65af7eee0b689fbc32704a37c909740d/screenshot - {}
RESULT: {}
COMMAND: POST /session/65af7eee0b689fbc32704a37c909740d/actions - {"actions":[{"id":"action20","type":"key","parameters":{},"actions":[{"type":"keyDown","value":"î€‡"},{"type":"pause","duration":10},{"type":"keyUp","value":"î€‡"}]}]}
RESULT: {"actions":[{"id":"action20","type":"key","parameters":{},"actions":[{"type":"keyDown","value":"î€‡"},{"type":"pause","duration":10},{"type":"keyUp","value":"î€‡"}]}]}
COMMAND: POST /session/65af7eee0b689fbc32704a37c909740d/execute/async - {"script":"<script> [1562 bytes]","args":[{"selector":{"id":"application-managepartners-display-component---NewPartner--externalCustomerComboBox-application-managepartners-display-component---NewPartner--assignmentsTable-0-vhi"},"wdio_ui5_key":"applicationmanagepartners-display-component---NewPartner--externalCustomerComboBox-application-managepartners-display-component---NewPartner--assignmentsTable-0-vhi"}]}
COMMAND: GET /session/65af7eee0b689fbc32704a37c909740d/screenshot - {}
RESULT: {"script":"<script> [1562 bytes]","args":[{"selector":{"id":"application-managepartners-display-component---NewPartner--externalCustomerComboBox-application-managepartners-display-component---NewPartner--assignmentsTable-0-vhi"},"wdio_ui5_key":"applicationmanagepartners-display-component---NewPartner--externalCustomerComboBox-application-managepartners-display-component---NewPartner--assignmentsTable-0-vhi"}]}
RESULT: undefined
COMMAND: POST /session/65af7eee0b689fbc32704a37c909740d/element - {"using":"xpath","value":"//*[@id=\"application-managepartners-display-component---NewPartner--externalCustomerComboBox-application-managepartners-display-component---NewPartner--assignmentsTable-0-vhi\"]"}
RESULT: {}
RESULT: {"using":"xpath","value":"//*[@id=\"application-managepartners-display-component---NewPartner--externalCustomerComboBox-application-managepartners-display-component---NewPartner--assignmentsTable-0-vhi\"]"}
COMMAND: POST /session/65af7eee0b689fbc32704a37c909740d/element/f.4EA148EC701C5F901E073CD471E0C43C.d.CD0C516E4DEDC66022176B086402298C.e.5757/click - {}
RESULT: {}
RESULT: undefined
COMMAND: POST /session/65af7eee0b689fbc32704a37c909740d/execute/async - {"script":"<script> [776 bytes]","args":[{"enterText":"300003","selector":{"controlType":"sap.m.SearchField","properties":{"placeholder":"Search"},"searchOpenDialogs":true,"interaction":{"idSuffix":"I"}},"clearTextFirst":true,"interactionType":"ENTER_TEXT"}]}
COMMAND: GET /session/65af7eee0b689fbc32704a37c909740d/screenshot - {}
RESULT: {"script":"<script> [776 bytes]","args":[{"enterText":"300003","selector":{"controlType":"sap.m.SearchField","properties":{"placeholder":"Search"},"searchOpenDialogs":true,"interaction":{"idSuffix":"I"}},"clearTextFirst":true,"interactionType":"ENTER_TEXT"}]}
COMMAND: POST /session/65af7eee0b689fbc32704a37c909740d/actions - {"actions":[{"id":"action21","type":"key","parameters":{},"actions":[{"type":"keyDown","value":"î€‡"},{"type":"pause","duration":10},{"type":"keyUp","value":"î€‡"}]}]}
RESULT: {}
RESULT: {"actions":[{"id":"action21","type":"key","parameters":{},"actions":[{"type":"keyDown","value":"î€‡"},{"type":"pause","duration":10},{"type":"keyUp","value":"î€‡"}]}]}
COMMAND: GET /session/65af7eee0b689fbc32704a37c909740d/screenshot - {}
RESULT: {}
COMMAND: POST /session/65af7eee0b689fbc32704a37c909740d/element - {"using":"xpath","value":"//span[contains(text(), \"300003\")]"}
RESULT: {"using":"xpath","value":"//span[contains(text(), \"300003\")]"}
COMMAND: POST /session/65af7eee0b689fbc32704a37c909740d/element/f.4EA148EC701C5F901E073CD471E0C43C.d.CD0C516E4DEDC66022176B086402298C.e.5777/click - {}
RESULT: {}
COMMAND: GET /session/65af7eee0b689fbc32704a37c909740d/screenshot - {}
RESULT: {}
COMMAND: POST /session/65af7eee0b689fbc32704a37c909740d/element - {"using":"xpath","value":"//bdi[contains(text(), \"OK\")]"}
RESULT: {"using":"xpath","value":"//bdi[contains(text(), \"OK\")]"}
COMMAND: POST /session/65af7eee0b689fbc32704a37c909740d/element/f.4EA148EC701C5F901E073CD471E0C43C.d.CD0C516E4DEDC66022176B086402298C.e.5779/click - {}
RESULT: {}
COMMAND: GET /session/65af7eee0b689fbc32704a37c909740d/screenshot - {}
COMMAND: POST /session/65af7eee0b689fbc32704a37c909740d/execute/async - {"script":"<script> [1562 bytes]","args":[{"selector":{"id":"application-managepartners-display-component---NewPartner--intercompVendorComboBox-application-managepartners-display-component---NewPartner--assignmentsTable-0-vhi"},"wdio_ui5_key":"applicationmanagepartners-display-component---NewPartner--intercompVendorComboBox-application-managepartners-display-component---NewPartner--assignmentsTable-0-vhi"}]}
RESULT: {}
RESULT: {"script":"<script> [1562 bytes]","args":[{"selector":{"id":"application-managepartners-display-component---NewPartner--intercompVendorComboBox-application-managepartners-display-component---NewPartner--assignmentsTable-0-vhi"},"wdio_ui5_key":"applicationmanagepartners-display-component---NewPartner--intercompVendorComboBox-application-managepartners-display-component---NewPartner--assignmentsTable-0-vhi"}]}
RESULT: undefined
COMMAND: POST /session/65af7eee0b689fbc32704a37c909740d/element - {"using":"xpath","value":"//*[@id=\"application-managepartners-display-component---NewPartner--intercompVendorComboBox-application-managepartners-display-component---NewPartner--assignmentsTable-0-vhi\"]"}
RESULT: {"using":"xpath","value":"//*[@id=\"application-managepartners-display-component---NewPartner--intercompVendorComboBox-application-managepartners-display-component---NewPartner--assignmentsTable-0-vhi\"]"}
COMMAND: POST /session/65af7eee0b689fbc32704a37c909740d/element/f.4EA148EC701C5F901E073CD471E0C43C.d.CD0C516E4DEDC66022176B086402298C.e.5783/click - {}
RESULT: {}
RESULT: undefined
COMMAND: POST /session/65af7eee0b689fbc32704a37c909740d/execute/async - {"script":"<script> [776 bytes]","args":[{"enterText":"100005","selector":{"controlType":"sap.m.SearchField","properties":{"placeholder":"Search"},"searchOpenDialogs":true,"interaction":{"idSuffix":"I"}},"clearTextFirst":true,"interactionType":"ENTER_TEXT"}]}
COMMAND: GET /session/65af7eee0b689fbc32704a37c909740d/screenshot - {}
RESULT: {"script":"<script> [776 bytes]","args":[{"enterText":"100005","selector":{"controlType":"sap.m.SearchField","properties":{"placeholder":"Search"},"searchOpenDialogs":true,"interaction":{"idSuffix":"I"}},"clearTextFirst":true,"interactionType":"ENTER_TEXT"}]}
COMMAND: POST /session/65af7eee0b689fbc32704a37c909740d/actions - {"actions":[{"id":"action22","type":"key","parameters":{},"actions":[{"type":"keyDown","value":"î€‡"},{"type":"pause","duration":10},{"type":"keyUp","value":"î€‡"}]}]}
RESULT: {}
RESULT: {"actions":[{"id":"action22","type":"key","parameters":{},"actions":[{"type":"keyDown","value":"î€‡"},{"type":"pause","duration":10},{"type":"keyUp","value":"î€‡"}]}]}
COMMAND: GET /session/65af7eee0b689fbc32704a37c909740d/screenshot - {}
RESULT: {}
COMMAND: POST /session/65af7eee0b689fbc32704a37c909740d/element - {"using":"xpath","value":"//span[contains(text(), \"Penguins - Field/12345 Berlin\")]"}
RESULT: {"using":"xpath","value":"//span[contains(text(), \"Penguins - Field/12345 Berlin\")]"}
COMMAND: POST /session/65af7eee0b689fbc32704a37c909740d/element/f.4EA148EC701C5F901E073CD471E0C43C.d.CD0C516E4DEDC66022176B086402298C.e.5803/click - {}
RESULT: {}
COMMAND: GET /session/65af7eee0b689fbc32704a37c909740d/screenshot - {}
RESULT: {}
COMMAND: POST /session/65af7eee0b689fbc32704a37c909740d/element - {"using":"xpath","value":"//bdi[contains(text(), \"OK\")]"}
RESULT: {"using":"xpath","value":"//bdi[contains(text(), \"OK\")]"}
COMMAND: POST /session/65af7eee0b689fbc32704a37c909740d/element/f.4EA148EC701C5F901E073CD471E0C43C.d.CD0C516E4DEDC66022176B086402298C.e.5804/click - {}
RESULT: {}
COMMAND: GET /session/65af7eee0b689fbc32704a37c909740d/screenshot - {}
RESULT: {}
COMMAND: POST /session/65af7eee0b689fbc32704a37c909740d/element - {"using":"xpath","value":"//button[@data-kt=\"saveButton\"]"}
RESULT: {"using":"xpath","value":"//button[@data-kt=\"saveButton\"]"}
COMMAND: POST /session/65af7eee0b689fbc32704a37c909740d/element/f.4EA148EC701C5F901E073CD471E0C43C.d.CD0C516E4DEDC66022176B086402298C.e.5656/click - {}
RESULT: {}
COMMAND: GET /session/65af7eee0b689fbc32704a37c909740d/screenshot - {}
RESULT: {}
COMMAND: POST /session/65af7eee0b689fbc32704a37c909740d/element - {"using":"xpath","value":"//header[contains(@id, 'ObjectPageLayout-headerTitle')]/div[1]/div[2]/div[2]/span[1]"}
RESULT: {"using":"xpath","value":"//header[contains(@id, 'ObjectPageLayout-headerTitle')]/div[1]/div[2]/div[2]/span[1]"}
COMMAND: POST /session/65af7eee0b689fbc32704a37c909740d/elements - {"using":"xpath","value":"//header[contains(@id, 'ObjectPageLayout-headerTitle')]/div[1]/div[2]/div[2]/span[1]"}
RESULT: {"using":"xpath","value":"//header[contains(@id, 'ObjectPageLayout-headerTitle')]/div[1]/div[2]/div[2]/span[1]"}
COMMAND: POST /session/65af7eee0b689fbc32704a37c909740d/execute/sync - {"script":"<script> [56 bytes]","args":[{"element-6066-11e4-a52e-4f735466cecf":"f.4EA148EC701C5F901E073CD471E0C43C.d.CD0C516E4DEDC66022176B086402298C.e.5966","ELEMENT":"f.4EA148EC701C5F901E073CD471E0C43C.d.CD0C516E4DEDC66022176B086402298C.e.5966"}]}
RESULT: {"script":"<script> [56 bytes]","args":[{"element-6066-11e4-a52e-4f735466cecf":"f.4EA148EC701C5F901E073CD471E0C43C.d.CD0C516E4DEDC66022176B086402298C.e.5966","ELEMENT":"f.4EA148EC701C5F901E073CD471E0C43C.d.CD0C516E4DEDC66022176B086402298C.e.5966"}]}
COMMAND: POST /session/65af7eee0b689fbc32704a37c909740d/element - {"using":"css selector","value":"#shell-header-logo"}
COMMAND: GET /session/65af7eee0b689fbc32704a37c909740d/screenshot - {}
RESULT: {"using":"css selector","value":"#shell-header-logo"}
COMMAND: POST /session/65af7eee0b689fbc32704a37c909740d/element/f.4EA148EC701C5F901E073CD471E0C43C.d.CD0C516E4DEDC66022176B086402298C.e.5261/click - {}
RESULT: {}
RESULT: {}
COMMAND: GET /session/65af7eee0b689fbc32704a37c909740d/screenshot - {}
RESULT: {}
COMMAND: POST /session/65af7eee0b689fbc32704a37c909740d/execute/sync - {"script":"<script> [299 bytes]","args":[["getModel","getResource"]]}
RESULT: {"script":"<script> [299 bytes]","args":[["getModel","getResource"]]}
]]></system-out>
    </testcase>
    <testcase classname="chrome.136_0_7103_49.windows.Create_master_data_for_mixed_billing_&amp;_do_billing_calculation_US151661" name="Should create a new site" time="108.38">
      <system-out><![CDATA[
COMMAND: POST /session/65af7eee0b689fbc32704a37c909740d/execute/async - {"script":"<script> [1562 bytes]","args":[{"selector":{"controlType":"sap.m.TileContent","bindingPath":{"path":"","propertyPath":"/properties/info"},"ancestor":{"controlType":"sap.m.GenericTile","properties":{"header":"Manage Sites"}}},"wdio_ui5_key":"sapm.TileContent{\"path\":\"\",\"propertyPath\":\"/properties/info\"}{\"controlType\":\"sap.m.GenericTile\",\"properties\":{\"header\":\"Manage Sites\"}}"}]}
COMMAND: GET /session/65af7eee0b689fbc32704a37c909740d/screenshot - {}
RESULT: {"script":"<script> [1562 bytes]","args":[{"selector":{"controlType":"sap.m.TileContent","bindingPath":{"path":"","propertyPath":"/properties/info"},"ancestor":{"controlType":"sap.m.GenericTile","properties":{"header":"Manage Sites"}}},"wdio_ui5_key":"sapm.TileContent{\"path\":\"\",\"propertyPath\":\"/properties/info\"}{\"controlType\":\"sap.m.GenericTile\",\"properties\":{\"header\":\"Manage Sites\"}}"}]}
RESULT: undefined
COMMAND: POST /session/65af7eee0b689fbc32704a37c909740d/element - {"using":"xpath","value":"//*[@id=\"__xmlview7--numericTileContent\"]"}
RESULT: {}
RESULT: {"using":"xpath","value":"//*[@id=\"__xmlview7--numericTileContent\"]"}
COMMAND: POST /session/65af7eee0b689fbc32704a37c909740d/element/f.4EA148EC701C5F901E073CD471E0C43C.d.CD0C516E4DEDC66022176B086402298C.e.5968/click - {}
RESULT: {}
COMMAND: POST /session/65af7eee0b689fbc32704a37c909740d/element - {"using":"xpath","value":"//button[@data-kt=\"addOverflowToolbarButton\"]"}
COMMAND: GET /session/65af7eee0b689fbc32704a37c909740d/screenshot - {}
RESULT: {"using":"xpath","value":"//button[@data-kt=\"addOverflowToolbarButton\"]"}
COMMAND: POST /session/65af7eee0b689fbc32704a37c909740d/elements - {"using":"xpath","value":"//button[@data-kt=\"addOverflowToolbarButton\"]"}
RESULT: {}
RESULT: {"using":"xpath","value":"//button[@data-kt=\"addOverflowToolbarButton\"]"}
COMMAND: POST /session/65af7eee0b689fbc32704a37c909740d/element - {"using":"xpath","value":"//button[@data-kt=\"addOverflowToolbarButton\"]"}
RESULT: {"using":"xpath","value":"//button[@data-kt=\"addOverflowToolbarButton\"]"}
COMMAND: POST /session/65af7eee0b689fbc32704a37c909740d/execute/sync - {"script":"<script> [8489 bytes]","args":[{"element-6066-11e4-a52e-4f735466cecf":"f.4EA148EC701C5F901E073CD471E0C43C.d.CD0C516E4DEDC66022176B086402298C.e.6014","ELEMENT":"f.4EA148EC701C5F901E073CD471E0C43C.d.CD0C516E4DEDC66022176B086402298C.e.6014"}]}
RESULT: {"script":"<script> [8489 bytes]","args":[{"element-6066-11e4-a52e-4f735466cecf":"f.4EA148EC701C5F901E073CD471E0C43C.d.CD0C516E4DEDC66022176B086402298C.e.6014","ELEMENT":"f.4EA148EC701C5F901E073CD471E0C43C.d.CD0C516E4DEDC66022176B086402298C.e.6014"}]}
COMMAND: GET /session/65af7eee0b689fbc32704a37c909740d/element/f.4EA148EC701C5F901E073CD471E0C43C.d.CD0C516E4DEDC66022176B086402298C.e.6014/enabled - {}
COMMAND: GET /session/65af7eee0b689fbc32704a37c909740d/screenshot - {}
RESULT: {}
COMMAND: POST /session/65af7eee0b689fbc32704a37c909740d/execute/sync - {"script":"<script> [8489 bytes]","args":[{"element-6066-11e4-a52e-4f735466cecf":"f.4EA148EC701C5F901E073CD471E0C43C.d.CD0C516E4DEDC66022176B086402298C.e.6014","ELEMENT":"f.4EA148EC701C5F901E073CD471E0C43C.d.CD0C516E4DEDC66022176B086402298C.e.6014"}]}
COMMAND: GET /session/65af7eee0b689fbc32704a37c909740d/screenshot - {}
RESULT: {}
RESULT: {"script":"<script> [8489 bytes]","args":[{"element-6066-11e4-a52e-4f735466cecf":"f.4EA148EC701C5F901E073CD471E0C43C.d.CD0C516E4DEDC66022176B086402298C.e.6014","ELEMENT":"f.4EA148EC701C5F901E073CD471E0C43C.d.CD0C516E4DEDC66022176B086402298C.e.6014"}]}
COMMAND: POST /session/65af7eee0b689fbc32704a37c909740d/execute/sync - {"script":"<script> [5351 bytes]","args":[{"element-6066-11e4-a52e-4f735466cecf":"f.4EA148EC701C5F901E073CD471E0C43C.d.CD0C516E4DEDC66022176B086402298C.e.6014","ELEMENT":"f.4EA148EC701C5F901E073CD471E0C43C.d.CD0C516E4DEDC66022176B086402298C.e.6014"}]}
COMMAND: GET /session/65af7eee0b689fbc32704a37c909740d/screenshot - {}
RESULT: {}
RESULT: {"script":"<script> [5351 bytes]","args":[{"element-6066-11e4-a52e-4f735466cecf":"f.4EA148EC701C5F901E073CD471E0C43C.d.CD0C516E4DEDC66022176B086402298C.e.6014","ELEMENT":"f.4EA148EC701C5F901E073CD471E0C43C.d.CD0C516E4DEDC66022176B086402298C.e.6014"}]}
COMMAND: POST /session/65af7eee0b689fbc32704a37c909740d/element/f.4EA148EC701C5F901E073CD471E0C43C.d.CD0C516E4DEDC66022176B086402298C.e.6014/click - {}
COMMAND: GET /session/65af7eee0b689fbc32704a37c909740d/screenshot - {}
RESULT: {}
RESULT: {}
COMMAND: GET /session/65af7eee0b689fbc32704a37c909740d/screenshot - {}
RESULT: {}
COMMAND: POST /session/65af7eee0b689fbc32704a37c909740d/element - {"using":"xpath","value":"//input[@id=\"application-managesites-display-component---NewSite--siteId-inner\"]"}
RESULT: {}
RESULT: {"using":"xpath","value":"//input[@id=\"application-managesites-display-component---NewSite--siteId-inner\"]"}
COMMAND: POST /session/65af7eee0b689fbc32704a37c909740d/element - {"using":"xpath","value":"//input[@id=\"application-managesites-display-component---NewSite--siteId-inner\"]"}
RESULT: {"using":"xpath","value":"//input[@id=\"application-managesites-display-component---NewSite--siteId-inner\"]"}
COMMAND: POST /session/65af7eee0b689fbc32704a37c909740d/execute/async - {"script":"<script> [1562 bytes]","args":[{"selector":{"id":"application-managesites-display-component---NewSite--addressDetailDetailsName1","interaction":{"idSuffix":"inner"}},"wdio_ui5_key":"applicationmanagesites-display-component---NewSite--addressDetailDetailsName1"}]}
RESULT: {"script":"<script> [1562 bytes]","args":[{"selector":{"id":"application-managesites-display-component---NewSite--addressDetailDetailsName1","interaction":{"idSuffix":"inner"}},"wdio_ui5_key":"applicationmanagesites-display-component---NewSite--addressDetailDetailsName1"}]}
RESULT: undefined
COMMAND: POST /session/65af7eee0b689fbc32704a37c909740d/execute/async - {"script":"<script> [776 bytes]","args":[{"enterText":"Intercompany Site wdIO","selector":{"id":"application-managesites-display-component---NewSite--addressDetailDetailsName1","interaction":{"idSuffix":"inner"}},"clearTextFirst":true,"interactionType":"ENTER_TEXT"}]}
RESULT: {"script":"<script> [776 bytes]","args":[{"enterText":"Intercompany Site wdIO","selector":{"id":"application-managesites-display-component---NewSite--addressDetailDetailsName1","interaction":{"idSuffix":"inner"}},"clearTextFirst":true,"interactionType":"ENTER_TEXT"}]}
COMMAND: POST /session/65af7eee0b689fbc32704a37c909740d/execute/async - {"script":"<script> [1562 bytes]","args":[{"selector":{"id":"application-managesites-display-component---NewSite--addressDetailDetailsLanguage-arrow"},"wdio_ui5_key":"applicationmanagesites-display-component---NewSite--addressDetailDetailsLanguage-arrow"}]}
RESULT: {"script":"<script> [1562 bytes]","args":[{"selector":{"id":"application-managesites-display-component---NewSite--addressDetailDetailsLanguage-arrow"},"wdio_ui5_key":"applicationmanagesites-display-component---NewSite--addressDetailDetailsLanguage-arrow"}]}
RESULT: undefined
COMMAND: POST /session/65af7eee0b689fbc32704a37c909740d/element - {"using":"xpath","value":"//*[@id=\"application-managesites-display-component---NewSite--addressDetailDetailsLanguage-arrow\"]"}
RESULT: {"using":"xpath","value":"//*[@id=\"application-managesites-display-component---NewSite--addressDetailDetailsLanguage-arrow\"]"}
COMMAND: POST /session/65af7eee0b689fbc32704a37c909740d/element/f.4EA148EC701C5F901E073CD471E0C43C.d.CD0C516E4DEDC66022176B086402298C.e.6388/click - {}
RESULT: {}
COMMAND: POST /session/65af7eee0b689fbc32704a37c909740d/element - {"using":"xpath","value":"//span[contains(text(), \"English\")]"}
COMMAND: GET /session/65af7eee0b689fbc32704a37c909740d/screenshot - {}
RESULT: {"using":"xpath","value":"//span[contains(text(), \"English\")]"}
COMMAND: POST /session/65af7eee0b689fbc32704a37c909740d/element/f.4EA148EC701C5F901E073CD471E0C43C.d.CD0C516E4DEDC66022176B086402298C.e.6389/click - {}
RESULT: {}
RESULT: {}
COMMAND: POST /session/65af7eee0b689fbc32704a37c909740d/execute/async - {"script":"<script> [1562 bytes]","args":[{"selector":{"id":"application-managesites-display-component---NewSite--addressDetailDetailsCity1","interaction":{"idSuffix":"inner"}},"wdio_ui5_key":"applicationmanagesites-display-component---NewSite--addressDetailDetailsCity1"}]}
COMMAND: GET /session/65af7eee0b689fbc32704a37c909740d/screenshot - {}
RESULT: {"script":"<script> [1562 bytes]","args":[{"selector":{"id":"application-managesites-display-component---NewSite--addressDetailDetailsCity1","interaction":{"idSuffix":"inner"}},"wdio_ui5_key":"applicationmanagesites-display-component---NewSite--addressDetailDetailsCity1"}]}
RESULT: undefined
COMMAND: POST /session/65af7eee0b689fbc32704a37c909740d/execute/async - {"script":"<script> [776 bytes]","args":[{"enterText":"Rosario","selector":{"id":"application-managesites-display-component---NewSite--addressDetailDetailsCity1","interaction":{"idSuffix":"inner"}},"clearTextFirst":true,"interactionType":"ENTER_TEXT"}]}
RESULT: {}
RESULT: {"script":"<script> [776 bytes]","args":[{"enterText":"Rosario","selector":{"id":"application-managesites-display-component---NewSite--addressDetailDetailsCity1","interaction":{"idSuffix":"inner"}},"clearTextFirst":true,"interactionType":"ENTER_TEXT"}]}
COMMAND: POST /session/65af7eee0b689fbc32704a37c909740d/execute/async - {"script":"<script> [1562 bytes]","args":[{"selector":{"id":"application-managesites-display-component---NewSite--addressDetailDetailsCountry-arrow"},"wdio_ui5_key":"applicationmanagesites-display-component---NewSite--addressDetailDetailsCountry-arrow"}]}
RESULT: {"script":"<script> [1562 bytes]","args":[{"selector":{"id":"application-managesites-display-component---NewSite--addressDetailDetailsCountry-arrow"},"wdio_ui5_key":"applicationmanagesites-display-component---NewSite--addressDetailDetailsCountry-arrow"}]}
RESULT: undefined
COMMAND: POST /session/65af7eee0b689fbc32704a37c909740d/element - {"using":"xpath","value":"//*[@id=\"application-managesites-display-component---NewSite--addressDetailDetailsCountry-arrow\"]"}
RESULT: {"using":"xpath","value":"//*[@id=\"application-managesites-display-component---NewSite--addressDetailDetailsCountry-arrow\"]"}
COMMAND: POST /session/65af7eee0b689fbc32704a37c909740d/element/f.4EA148EC701C5F901E073CD471E0C43C.d.CD0C516E4DEDC66022176B086402298C.e.6391/click - {}
RESULT: {}
COMMAND: POST /session/65af7eee0b689fbc32704a37c909740d/element - {"using":"xpath","value":"//span[contains(text(), \"Argentina\")]"}
COMMAND: GET /session/65af7eee0b689fbc32704a37c909740d/screenshot - {}
RESULT: {"using":"xpath","value":"//span[contains(text(), \"Argentina\")]"}
COMMAND: POST /session/65af7eee0b689fbc32704a37c909740d/element/f.4EA148EC701C5F901E073CD471E0C43C.d.CD0C516E4DEDC66022176B086402298C.e.6392/click - {}
RESULT: {}
RESULT: {}
COMMAND: GET /session/65af7eee0b689fbc32704a37c909740d/screenshot - {}
RESULT: {}
COMMAND: POST /session/65af7eee0b689fbc32704a37c909740d/execute/async - {"script":"<script> [1562 bytes]","args":[{"selector":{"id":"application-managesites-display-component---NewSite--addressEditDetailsCostObjectCstType-arrow"},"wdio_ui5_key":"applicationmanagesites-display-component---NewSite--addressEditDetailsCostObjectCstType-arrow"}]}
RESULT: {"script":"<script> [1562 bytes]","args":[{"selector":{"id":"application-managesites-display-component---NewSite--addressEditDetailsCostObjectCstType-arrow"},"wdio_ui5_key":"applicationmanagesites-display-component---NewSite--addressEditDetailsCostObjectCstType-arrow"}]}
RESULT: undefined
COMMAND: POST /session/65af7eee0b689fbc32704a37c909740d/element - {"using":"xpath","value":"//*[@id=\"application-managesites-display-component---NewSite--addressEditDetailsCostObjectCstType-arrow\"]"}
RESULT: {"using":"xpath","value":"//*[@id=\"application-managesites-display-component---NewSite--addressEditDetailsCostObjectCstType-arrow\"]"}
COMMAND: POST /session/65af7eee0b689fbc32704a37c909740d/element/f.4EA148EC701C5F901E073CD471E0C43C.d.CD0C516E4DEDC66022176B086402298C.e.6394/click - {}
RESULT: {}
COMMAND: POST /session/65af7eee0b689fbc32704a37c909740d/element - {"using":"xpath","value":"//span[contains(text(), \"Cost Center\")]"}
COMMAND: GET /session/65af7eee0b689fbc32704a37c909740d/screenshot - {}
RESULT: {"using":"xpath","value":"//span[contains(text(), \"Cost Center\")]"}
COMMAND: POST /session/65af7eee0b689fbc32704a37c909740d/element/f.4EA148EC701C5F901E073CD471E0C43C.d.CD0C516E4DEDC66022176B086402298C.e.6395/click - {}
RESULT: {}
RESULT: {}
COMMAND: GET /session/65af7eee0b689fbc32704a37c909740d/screenshot - {}
RESULT: {}
COMMAND: POST /session/65af7eee0b689fbc32704a37c909740d/element - {"using":"xpath","value":"//span[@id=\"application-managesites-display-component---NewSite--addressNewCostObjectCstID-vhi\"]"}
RESULT: {"using":"xpath","value":"//span[@id=\"application-managesites-display-component---NewSite--addressNewCostObjectCstID-vhi\"]"}
COMMAND: POST /session/65af7eee0b689fbc32704a37c909740d/execute/sync - {"script":"<script> [8489 bytes]","args":[{"element-6066-11e4-a52e-4f735466cecf":"f.4EA148EC701C5F901E073CD471E0C43C.d.CD0C516E4DEDC66022176B086402298C.e.6400","ELEMENT":"f.4EA148EC701C5F901E073CD471E0C43C.d.CD0C516E4DEDC66022176B086402298C.e.6400"}]}
RESULT: {"script":"<script> [8489 bytes]","args":[{"element-6066-11e4-a52e-4f735466cecf":"f.4EA148EC701C5F901E073CD471E0C43C.d.CD0C516E4DEDC66022176B086402298C.e.6400","ELEMENT":"f.4EA148EC701C5F901E073CD471E0C43C.d.CD0C516E4DEDC66022176B086402298C.e.6400"}]}
COMMAND: POST /session/65af7eee0b689fbc32704a37c909740d/execute/async - {"script":"<script> [1562 bytes]","args":[{"selector":{"id":"application-managesites-display-component---NewSite--addressNewCostObjectCstID-vhi"},"wdio_ui5_key":"applicationmanagesites-display-component---NewSite--addressNewCostObjectCstID-vhi"}]}
COMMAND: GET /session/65af7eee0b689fbc32704a37c909740d/screenshot - {}
RESULT: {"script":"<script> [1562 bytes]","args":[{"selector":{"id":"application-managesites-display-component---NewSite--addressNewCostObjectCstID-vhi"},"wdio_ui5_key":"applicationmanagesites-display-component---NewSite--addressNewCostObjectCstID-vhi"}]}
RESULT: undefined
COMMAND: POST /session/65af7eee0b689fbc32704a37c909740d/element - {"using":"xpath","value":"//*[@id=\"application-managesites-display-component---NewSite--addressNewCostObjectCstID-vhi\"]"}
RESULT: {}
RESULT: {"using":"xpath","value":"//*[@id=\"application-managesites-display-component---NewSite--addressNewCostObjectCstID-vhi\"]"}
COMMAND: POST /session/65af7eee0b689fbc32704a37c909740d/element/f.4EA148EC701C5F901E073CD471E0C43C.d.CD0C516E4DEDC66022176B086402298C.e.6400/click - {}
RESULT: {}
COMMAND: GET /session/65af7eee0b689fbc32704a37c909740d/screenshot - {}
RESULT: {}
RESULT: undefined
COMMAND: POST /session/65af7eee0b689fbc32704a37c909740d/execute/async - {"script":"<script> [776 bytes]","args":[{"enterText":"10001013","selector":{"controlType":"sap.m.SearchField","properties":{"placeholder":"Search"},"searchOpenDialogs":true,"interaction":{"idSuffix":"I"}},"clearTextFirst":true,"interactionType":"ENTER_TEXT"}]}
RESULT: {"script":"<script> [776 bytes]","args":[{"enterText":"10001013","selector":{"controlType":"sap.m.SearchField","properties":{"placeholder":"Search"},"searchOpenDialogs":true,"interaction":{"idSuffix":"I"}},"clearTextFirst":true,"interactionType":"ENTER_TEXT"}]}
COMMAND: POST /session/65af7eee0b689fbc32704a37c909740d/actions - {"actions":[{"id":"action23","type":"key","parameters":{},"actions":[{"type":"keyDown","value":"î€‡"},{"type":"pause","duration":10},{"type":"keyUp","value":"î€‡"}]}]}
RESULT: {"actions":[{"id":"action23","type":"key","parameters":{},"actions":[{"type":"keyDown","value":"î€‡"},{"type":"pause","duration":10},{"type":"keyUp","value":"î€‡"}]}]}
COMMAND: GET /session/65af7eee0b689fbc32704a37c909740d/screenshot - {}
RESULT: {}
COMMAND: POST /session/65af7eee0b689fbc32704a37c909740d/element - {"using":"xpath","value":"//span[contains(text(), \"General Management\")]"}
RESULT: {"using":"xpath","value":"//span[contains(text(), \"General Management\")]"}
COMMAND: POST /session/65af7eee0b689fbc32704a37c909740d/element/f.4EA148EC701C5F901E073CD471E0C43C.d.CD0C516E4DEDC66022176B086402298C.e.6439/click - {}
RESULT: {}
COMMAND: GET /session/65af7eee0b689fbc32704a37c909740d/screenshot - {}
RESULT: {}
COMMAND: POST /session/65af7eee0b689fbc32704a37c909740d/element - {"using":"xpath","value":"//bdi[contains(text(), \"OK\")]"}
RESULT: {"using":"xpath","value":"//bdi[contains(text(), \"OK\")]"}
COMMAND: POST /session/65af7eee0b689fbc32704a37c909740d/element/f.4EA148EC701C5F901E073CD471E0C43C.d.CD0C516E4DEDC66022176B086402298C.e.6440/click - {}
RESULT: {}
COMMAND: GET /session/65af7eee0b689fbc32704a37c909740d/screenshot - {}
RESULT: {}
COMMAND: POST /session/65af7eee0b689fbc32704a37c909740d/element - {"using":"xpath","value":"//input[@id=\"application-managesites-display-component---NewSite--addressDetailDetailsCalendar-inner\"]"}
RESULT: {"using":"xpath","value":"//input[@id=\"application-managesites-display-component---NewSite--addressDetailDetailsCalendar-inner\"]"}
COMMAND: POST /session/65af7eee0b689fbc32704a37c909740d/element/f.4EA148EC701C5F901E073CD471E0C43C.d.CD0C516E4DEDC66022176B086402298C.e.6200/clear - {}
RESULT: {}
COMMAND: POST /session/65af7eee0b689fbc32704a37c909740d/element/f.4EA148EC701C5F901E073CD471E0C43C.d.CD0C516E4DEDC66022176B086402298C.e.6200/value - {"text":"Unit"}
COMMAND: GET /session/65af7eee0b689fbc32704a37c909740d/screenshot - {}
RESULT: {"text":"Unit"}
COMMAND: GET /session/65af7eee0b689fbc32704a37c909740d/screenshot - {}
RESULT: {}
RESULT: {}
COMMAND: POST /session/65af7eee0b689fbc32704a37c909740d/actions - {"actions":[{"id":"action24","type":"key","parameters":{},"actions":[{"type":"keyDown","value":"î€‡"},{"type":"pause","duration":10},{"type":"keyUp","value":"î€‡"}]}]}
RESULT: {"actions":[{"id":"action24","type":"key","parameters":{},"actions":[{"type":"keyDown","value":"î€‡"},{"type":"pause","duration":10},{"type":"keyUp","value":"î€‡"}]}]}
COMMAND: POST /session/65af7eee0b689fbc32704a37c909740d/element - {"using":"xpath","value":"//input[@id=\"application-managesites-display-component---NewSite--addressDetailDetailsYard-inner\"]"}
COMMAND: GET /session/65af7eee0b689fbc32704a37c909740d/screenshot - {}
RESULT: {"using":"xpath","value":"//input[@id=\"application-managesites-display-component---NewSite--addressDetailDetailsYard-inner\"]"}
COMMAND: POST /session/65af7eee0b689fbc32704a37c909740d/element/f.4EA148EC701C5F901E073CD471E0C43C.d.CD0C516E4DEDC66022176B086402298C.e.6201/clear - {}
RESULT: {}
RESULT: {}
COMMAND: POST /session/65af7eee0b689fbc32704a37c909740d/element/f.4EA148EC701C5F901E073CD471E0C43C.d.CD0C516E4DEDC66022176B086402298C.e.6201/value - {"text":"274"}
COMMAND: GET /session/65af7eee0b689fbc32704a37c909740d/screenshot - {}
RESULT: {"text":"274"}
COMMAND: GET /session/65af7eee0b689fbc32704a37c909740d/screenshot - {}
RESULT: {}
RESULT: {}
COMMAND: POST /session/65af7eee0b689fbc32704a37c909740d/element - {"using":"xpath","value":"//li[.//span[text()='274']]"}
RESULT: {"using":"xpath","value":"//li[.//span[text()='274']]"}
COMMAND: POST /session/65af7eee0b689fbc32704a37c909740d/element/f.4EA148EC701C5F901E073CD471E0C43C.d.CD0C516E4DEDC66022176B086402298C.e.6448/click - {}
RESULT: {}
COMMAND: GET /session/65af7eee0b689fbc32704a37c909740d/screenshot - {}
RESULT: {}
COMMAND: POST /session/65af7eee0b689fbc32704a37c909740d/element - {"using":"xpath","value":"//input[@id=\"application-managesites-display-component---NewSite--addressDetailDetailsPartner-inner\"]"}
RESULT: {"using":"xpath","value":"//input[@id=\"application-managesites-display-component---NewSite--addressDetailDetailsPartner-inner\"]"}
COMMAND: POST /session/65af7eee0b689fbc32704a37c909740d/element - {"using":"xpath","value":"//input[@id=\"application-managesites-display-component---NewSite--addressDetailDetailsPartner-inner\"]"}
RESULT: {"using":"xpath","value":"//input[@id=\"application-managesites-display-component---NewSite--addressDetailDetailsPartner-inner\"]"}
COMMAND: POST /session/65af7eee0b689fbc32704a37c909740d/element - {"using":"xpath","value":"//button[@data-kt=\"saveButton\"]"}
RESULT: {"using":"xpath","value":"//button[@data-kt=\"saveButton\"]"}
COMMAND: POST /session/65af7eee0b689fbc32704a37c909740d/element/f.4EA148EC701C5F901E073CD471E0C43C.d.CD0C516E4DEDC66022176B086402298C.e.6342/click - {}
RESULT: {}
COMMAND: GET /session/65af7eee0b689fbc32704a37c909740d/screenshot - {}
RESULT: {}
COMMAND: POST /session/65af7eee0b689fbc32704a37c909740d/element - {"using":"xpath","value":"//header[contains(@id, 'ObjectPageLayout-headerTitle')]/div[1]/div[2]/div[2]/span[1]"}
RESULT: {"using":"xpath","value":"//header[contains(@id, 'ObjectPageLayout-headerTitle')]/div[1]/div[2]/div[2]/span[1]"}
COMMAND: POST /session/65af7eee0b689fbc32704a37c909740d/elements - {"using":"xpath","value":"//header[contains(@id, 'ObjectPageLayout-headerTitle')]/div[1]/div[2]/div[2]/span[1]"}
RESULT: {"using":"xpath","value":"//header[contains(@id, 'ObjectPageLayout-headerTitle')]/div[1]/div[2]/div[2]/span[1]"}
COMMAND: POST /session/65af7eee0b689fbc32704a37c909740d/execute/sync - {"script":"<script> [56 bytes]","args":[{"element-6066-11e4-a52e-4f735466cecf":"f.4EA148EC701C5F901E073CD471E0C43C.d.CD0C516E4DEDC66022176B086402298C.e.6633","ELEMENT":"f.4EA148EC701C5F901E073CD471E0C43C.d.CD0C516E4DEDC66022176B086402298C.e.6633"}]}
RESULT: {"script":"<script> [56 bytes]","args":[{"element-6066-11e4-a52e-4f735466cecf":"f.4EA148EC701C5F901E073CD471E0C43C.d.CD0C516E4DEDC66022176B086402298C.e.6633","ELEMENT":"f.4EA148EC701C5F901E073CD471E0C43C.d.CD0C516E4DEDC66022176B086402298C.e.6633"}]}
COMMAND: POST /session/65af7eee0b689fbc32704a37c909740d/element - {"using":"css selector","value":"#shell-header-logo"}
COMMAND: GET /session/65af7eee0b689fbc32704a37c909740d/screenshot - {}
RESULT: {"using":"css selector","value":"#shell-header-logo"}
COMMAND: POST /session/65af7eee0b689fbc32704a37c909740d/element/f.4EA148EC701C5F901E073CD471E0C43C.d.CD0C516E4DEDC66022176B086402298C.e.5972/click - {}
RESULT: {}
RESULT: {}
COMMAND: GET /session/65af7eee0b689fbc32704a37c909740d/screenshot - {}
RESULT: {}
COMMAND: POST /session/65af7eee0b689fbc32704a37c909740d/execute/sync - {"script":"<script> [299 bytes]","args":[["getModel","getResource"]]}
RESULT: {"script":"<script> [299 bytes]","args":[["getModel","getResource"]]}
COMMAND: GET /session/65af7eee0b689fbc32704a37c909740d/screenshot - {}
]]></system-out>
    </testcase>
    <testcase classname="chrome.136_0_7103_49.windows.Create_master_data_for_mixed_billing_&amp;_do_billing_calculation_US151661" name="Should create a new equipment and add a counter to it" time="166.203">
      <system-out><![CDATA[
COMMAND: POST /session/65af7eee0b689fbc32704a37c909740d/execute/async - {"script":"<script> [1562 bytes]","args":[{"selector":{"controlType":"sap.m.GenericTile","properties":{"header":"Manage Resources"}},"wdio_ui5_key":"sapm.GenericTile{\"header\":\"Manage Resources\"}"}]}
RESULT: {}
RESULT: {"script":"<script> [1562 bytes]","args":[{"selector":{"controlType":"sap.m.GenericTile","properties":{"header":"Manage Resources"}},"wdio_ui5_key":"sapm.GenericTile{\"header\":\"Manage Resources\"}"}]}
RESULT: undefined
COMMAND: POST /session/65af7eee0b689fbc32704a37c909740d/element - {"using":"xpath","value":"//*[@id=\"__tile39\"]"}
RESULT: {"using":"xpath","value":"//*[@id=\"__tile39\"]"}
COMMAND: POST /session/65af7eee0b689fbc32704a37c909740d/element/f.4EA148EC701C5F901E073CD471E0C43C.d.CD0C516E4DEDC66022176B086402298C.e.4404/click - {}
RESULT: {}
COMMAND: POST /session/65af7eee0b689fbc32704a37c909740d/element - {"using":"xpath","value":"//button[@data-kt=\"addNewRUOverflowToolbarButton\"]"}
COMMAND: GET /session/65af7eee0b689fbc32704a37c909740d/screenshot - {}
RESULT: {"using":"xpath","value":"//button[@data-kt=\"addNewRUOverflowToolbarButton\"]"}
COMMAND: POST /session/65af7eee0b689fbc32704a37c909740d/elements - {"using":"xpath","value":"//button[@data-kt=\"addNewRUOverflowToolbarButton\"]"}
RESULT: {}
RESULT: {"using":"xpath","value":"//button[@data-kt=\"addNewRUOverflowToolbarButton\"]"}
COMMAND: POST /session/65af7eee0b689fbc32704a37c909740d/elements - {"using":"xpath","value":"//button[@data-kt=\"addNewRUOverflowToolbarButton\"]"}
RESULT: {"using":"xpath","value":"//button[@data-kt=\"addNewRUOverflowToolbarButton\"]"}
COMMAND: POST /session/65af7eee0b689fbc32704a37c909740d/elements - {"using":"xpath","value":"//button[@data-kt=\"addNewRUOverflowToolbarButton\"]"}
RESULT: {"using":"xpath","value":"//button[@data-kt=\"addNewRUOverflowToolbarButton\"]"}
COMMAND: POST /session/65af7eee0b689fbc32704a37c909740d/elements - {"using":"xpath","value":"//button[@data-kt=\"addNewRUOverflowToolbarButton\"]"}
RESULT: {"using":"xpath","value":"//button[@data-kt=\"addNewRUOverflowToolbarButton\"]"}
COMMAND: POST /session/65af7eee0b689fbc32704a37c909740d/elements - {"using":"xpath","value":"//button[@data-kt=\"addNewRUOverflowToolbarButton\"]"}
RESULT: {"using":"xpath","value":"//button[@data-kt=\"addNewRUOverflowToolbarButton\"]"}
COMMAND: POST /session/65af7eee0b689fbc32704a37c909740d/elements - {"using":"xpath","value":"//button[@data-kt=\"addNewRUOverflowToolbarButton\"]"}
RESULT: {"using":"xpath","value":"//button[@data-kt=\"addNewRUOverflowToolbarButton\"]"}
COMMAND: POST /session/65af7eee0b689fbc32704a37c909740d/elements - {"using":"xpath","value":"//button[@data-kt=\"addNewRUOverflowToolbarButton\"]"}
RESULT: {"using":"xpath","value":"//button[@data-kt=\"addNewRUOverflowToolbarButton\"]"}
COMMAND: POST /session/65af7eee0b689fbc32704a37c909740d/element - {"using":"xpath","value":"//button[@data-kt=\"addNewRUOverflowToolbarButton\"]"}
RESULT: {"using":"xpath","value":"//button[@data-kt=\"addNewRUOverflowToolbarButton\"]"}
COMMAND: POST /session/65af7eee0b689fbc32704a37c909740d/execute/sync - {"script":"<script> [8489 bytes]","args":[{"element-6066-11e4-a52e-4f735466cecf":"f.4EA148EC701C5F901E073CD471E0C43C.d.CD0C516E4DEDC66022176B086402298C.e.6665","ELEMENT":"f.4EA148EC701C5F901E073CD471E0C43C.d.CD0C516E4DEDC66022176B086402298C.e.6665"}]}
RESULT: {"script":"<script> [8489 bytes]","args":[{"element-6066-11e4-a52e-4f735466cecf":"f.4EA148EC701C5F901E073CD471E0C43C.d.CD0C516E4DEDC66022176B086402298C.e.6665","ELEMENT":"f.4EA148EC701C5F901E073CD471E0C43C.d.CD0C516E4DEDC66022176B086402298C.e.6665"}]}
COMMAND: GET /session/65af7eee0b689fbc32704a37c909740d/element/f.4EA148EC701C5F901E073CD471E0C43C.d.CD0C516E4DEDC66022176B086402298C.e.6665/enabled - {}
COMMAND: GET /session/65af7eee0b689fbc32704a37c909740d/screenshot - {}
RESULT: {}
COMMAND: POST /session/65af7eee0b689fbc32704a37c909740d/execute/sync - {"script":"<script> [8489 bytes]","args":[{"element-6066-11e4-a52e-4f735466cecf":"f.4EA148EC701C5F901E073CD471E0C43C.d.CD0C516E4DEDC66022176B086402298C.e.6665","ELEMENT":"f.4EA148EC701C5F901E073CD471E0C43C.d.CD0C516E4DEDC66022176B086402298C.e.6665"}]}
COMMAND: GET /session/65af7eee0b689fbc32704a37c909740d/screenshot - {}
RESULT: {}
RESULT: {"script":"<script> [8489 bytes]","args":[{"element-6066-11e4-a52e-4f735466cecf":"f.4EA148EC701C5F901E073CD471E0C43C.d.CD0C516E4DEDC66022176B086402298C.e.6665","ELEMENT":"f.4EA148EC701C5F901E073CD471E0C43C.d.CD0C516E4DEDC66022176B086402298C.e.6665"}]}
COMMAND: POST /session/65af7eee0b689fbc32704a37c909740d/execute/sync - {"script":"<script> [5351 bytes]","args":[{"element-6066-11e4-a52e-4f735466cecf":"f.4EA148EC701C5F901E073CD471E0C43C.d.CD0C516E4DEDC66022176B086402298C.e.6665","ELEMENT":"f.4EA148EC701C5F901E073CD471E0C43C.d.CD0C516E4DEDC66022176B086402298C.e.6665"}]}
COMMAND: GET /session/65af7eee0b689fbc32704a37c909740d/screenshot - {}
RESULT: {}
RESULT: {"script":"<script> [5351 bytes]","args":[{"element-6066-11e4-a52e-4f735466cecf":"f.4EA148EC701C5F901E073CD471E0C43C.d.CD0C516E4DEDC66022176B086402298C.e.6665","ELEMENT":"f.4EA148EC701C5F901E073CD471E0C43C.d.CD0C516E4DEDC66022176B086402298C.e.6665"}]}
COMMAND: POST /session/65af7eee0b689fbc32704a37c909740d/element/f.4EA148EC701C5F901E073CD471E0C43C.d.CD0C516E4DEDC66022176B086402298C.e.6665/click - {}
COMMAND: GET /session/65af7eee0b689fbc32704a37c909740d/screenshot - {}
RESULT: {}
RESULT: {}
RESULT: {}
COMMAND: GET /session/65af7eee0b689fbc32704a37c909740d/screenshot - {}
COMMAND: POST /session/65af7eee0b689fbc32704a37c909740d/execute/async - {"script":"<script> [1562 bytes]","args":[{"selector":{"id":"application-manageresources-display-component---newResourceUnit--TYPE-arrow"},"wdio_ui5_key":"applicationmanageresources-display-component---newResourceUnit--TYPE-arrow"}]}
RESULT: {}
RESULT: {"script":"<script> [1562 bytes]","args":[{"selector":{"id":"application-manageresources-display-component---newResourceUnit--TYPE-arrow"},"wdio_ui5_key":"applicationmanageresources-display-component---newResourceUnit--TYPE-arrow"}]}
RESULT: undefined
COMMAND: POST /session/65af7eee0b689fbc32704a37c909740d/element - {"using":"xpath","value":"//*[@id=\"application-manageresources-display-component---newResourceUnit--TYPE-arrow\"]"}
RESULT: {"using":"xpath","value":"//*[@id=\"application-manageresources-display-component---newResourceUnit--TYPE-arrow\"]"}
COMMAND: POST /session/65af7eee0b689fbc32704a37c909740d/element/f.4EA148EC701C5F901E073CD471E0C43C.d.CD0C516E4DEDC66022176B086402298C.e.7020/click - {}
RESULT: {}
COMMAND: POST /session/65af7eee0b689fbc32704a37c909740d/element - {"using":"xpath","value":"//input[@id=\"application-manageresources-display-component---newResourceUnit--TYPE-inner\"]"}
COMMAND: GET /session/65af7eee0b689fbc32704a37c909740d/screenshot - {}
RESULT: {"using":"xpath","value":"//input[@id=\"application-manageresources-display-component---newResourceUnit--TYPE-inner\"]"}
COMMAND: POST /session/65af7eee0b689fbc32704a37c909740d/element/f.4EA148EC701C5F901E073CD471E0C43C.d.CD0C516E4DEDC66022176B086402298C.e.7017/clear - {}
RESULT: {}
RESULT: {}
COMMAND: POST /session/65af7eee0b689fbc32704a37c909740d/element/f.4EA148EC701C5F901E073CD471E0C43C.d.CD0C516E4DEDC66022176B086402298C.e.7017/value - {"text":"Equipment"}
COMMAND: GET /session/65af7eee0b689fbc32704a37c909740d/screenshot - {}
RESULT: {"text":"Equipment"}
COMMAND: GET /session/65af7eee0b689fbc32704a37c909740d/screenshot - {}
RESULT: {}
RESULT: {}
COMMAND: POST /session/65af7eee0b689fbc32704a37c909740d/actions - {"actions":[{"id":"action25","type":"key","parameters":{},"actions":[{"type":"keyDown","value":"î€‡"},{"type":"pause","duration":10},{"type":"keyUp","value":"î€‡"}]}]}
RESULT: {"actions":[{"id":"action25","type":"key","parameters":{},"actions":[{"type":"keyDown","value":"î€‡"},{"type":"pause","duration":10},{"type":"keyUp","value":"î€‡"}]}]}
COMMAND: POST /session/65af7eee0b689fbc32704a37c909740d/execute/async - {"script":"<script> [1562 bytes]","args":[{"selector":{"id":"application-manageresources-display-component---newResourceUnit--resourceId","interaction":{"idSuffix":"inner"}},"wdio_ui5_key":"applicationmanageresources-display-component---newResourceUnit--resourceId"}]}
COMMAND: GET /session/65af7eee0b689fbc32704a37c909740d/screenshot - {}
RESULT: {"script":"<script> [1562 bytes]","args":[{"selector":{"id":"application-manageresources-display-component---newResourceUnit--resourceId","interaction":{"idSuffix":"inner"}},"wdio_ui5_key":"applicationmanageresources-display-component---newResourceUnit--resourceId"}]}
RESULT: undefined
COMMAND: POST /session/65af7eee0b689fbc32704a37c909740d/execute/async - {"script":"<script> [776 bytes]","args":[{"enterText":"moWSbTldTs","selector":{"id":"application-manageresources-display-component---newResourceUnit--resourceId","interaction":{"idSuffix":"inner"}},"clearTextFirst":true,"interactionType":"ENTER_TEXT"}]}
RESULT: {}
RESULT: {"script":"<script> [776 bytes]","args":[{"enterText":"moWSbTldTs","selector":{"id":"application-manageresources-display-component---newResourceUnit--resourceId","interaction":{"idSuffix":"inner"}},"clearTextFirst":true,"interactionType":"ENTER_TEXT"}]}
COMMAND: POST /session/65af7eee0b689fbc32704a37c909740d/execute/async - {"script":"<script> [1562 bytes]","args":[{"selector":{"id":"application-manageresources-display-component---newResourceUnit--SHORT_TEXT","interaction":{"idSuffix":"inner"}},"wdio_ui5_key":"applicationmanageresources-display-component---newResourceUnit--SHORT_TEXT"}]}
RESULT: {"script":"<script> [1562 bytes]","args":[{"selector":{"id":"application-manageresources-display-component---newResourceUnit--SHORT_TEXT","interaction":{"idSuffix":"inner"}},"wdio_ui5_key":"applicationmanageresources-display-component---newResourceUnit--SHORT_TEXT"}]}
RESULT: undefined
COMMAND: POST /session/65af7eee0b689fbc32704a37c909740d/execute/async - {"script":"<script> [776 bytes]","args":[{"enterText":"Intercompany Equipment WDIO","selector":{"id":"application-manageresources-display-component---newResourceUnit--SHORT_TEXT","interaction":{"idSuffix":"inner"}},"clearTextFirst":true,"interactionType":"ENTER_TEXT"}]}
RESULT: {"script":"<script> [776 bytes]","args":[{"enterText":"Intercompany Equipment WDIO","selector":{"id":"application-manageresources-display-component---newResourceUnit--SHORT_TEXT","interaction":{"idSuffix":"inner"}},"clearTextFirst":true,"interactionType":"ENTER_TEXT"}]}
COMMAND: POST /session/65af7eee0b689fbc32704a37c909740d/execute/async - {"script":"<script> [1562 bytes]","args":[{"selector":{"id":"application-manageresources-display-component---newResourceUnit--BASE_UNIT_OF_MEASURE","interaction":{"idSuffix":"inner"}},"wdio_ui5_key":"applicationmanageresources-display-component---newResourceUnit--BASE_UNIT_OF_MEASURE"}]}
RESULT: {"script":"<script> [1562 bytes]","args":[{"selector":{"id":"application-manageresources-display-component---newResourceUnit--BASE_UNIT_OF_MEASURE","interaction":{"idSuffix":"inner"}},"wdio_ui5_key":"applicationmanageresources-display-component---newResourceUnit--BASE_UNIT_OF_MEASURE"}]}
RESULT: undefined
COMMAND: POST /session/65af7eee0b689fbc32704a37c909740d/execute/async - {"script":"<script> [776 bytes]","args":[{"enterText":"Piece","selector":{"id":"application-manageresources-display-component---newResourceUnit--BASE_UNIT_OF_MEASURE","interaction":{"idSuffix":"inner"}},"clearTextFirst":true,"interactionType":"ENTER_TEXT"}]}
RESULT: {"script":"<script> [776 bytes]","args":[{"enterText":"Piece","selector":{"id":"application-manageresources-display-component---newResourceUnit--BASE_UNIT_OF_MEASURE","interaction":{"idSuffix":"inner"}},"clearTextFirst":true,"interactionType":"ENTER_TEXT"}]}
COMMAND: POST /session/65af7eee0b689fbc32704a37c909740d/execute/async - {"script":"<script> [1562 bytes]","args":[{"selector":{"id":"application-manageresources-display-component---newResourceUnit--WEIGHT_UNIT","interaction":{"idSuffix":"inner"}},"wdio_ui5_key":"applicationmanageresources-display-component---newResourceUnit--WEIGHT_UNIT"}]}
RESULT: {"script":"<script> [1562 bytes]","args":[{"selector":{"id":"application-manageresources-display-component---newResourceUnit--WEIGHT_UNIT","interaction":{"idSuffix":"inner"}},"wdio_ui5_key":"applicationmanageresources-display-component---newResourceUnit--WEIGHT_UNIT"}]}
RESULT: undefined
COMMAND: POST /session/65af7eee0b689fbc32704a37c909740d/execute/async - {"script":"<script> [776 bytes]","args":[{"enterText":"Gram","selector":{"id":"application-manageresources-display-component---newResourceUnit--WEIGHT_UNIT","interaction":{"idSuffix":"inner"}},"clearTextFirst":true,"interactionType":"ENTER_TEXT"}]}
RESULT: {"script":"<script> [776 bytes]","args":[{"enterText":"Gram","selector":{"id":"application-manageresources-display-component---newResourceUnit--WEIGHT_UNIT","interaction":{"idSuffix":"inner"}},"clearTextFirst":true,"interactionType":"ENTER_TEXT"}]}
COMMAND: POST /session/65af7eee0b689fbc32704a37c909740d/execute/async - {"script":"<script> [1562 bytes]","args":[{"selector":{"id":"application-manageresources-display-component---newResourceUnit--DIMENSION_UNIT","interaction":{"idSuffix":"inner"}},"wdio_ui5_key":"applicationmanageresources-display-component---newResourceUnit--DIMENSION_UNIT"}]}
RESULT: {"script":"<script> [1562 bytes]","args":[{"selector":{"id":"application-manageresources-display-component---newResourceUnit--DIMENSION_UNIT","interaction":{"idSuffix":"inner"}},"wdio_ui5_key":"applicationmanageresources-display-component---newResourceUnit--DIMENSION_UNIT"}]}
RESULT: undefined
COMMAND: POST /session/65af7eee0b689fbc32704a37c909740d/execute/async - {"script":"<script> [776 bytes]","args":[{"enterText":"Meter","selector":{"id":"application-manageresources-display-component---newResourceUnit--DIMENSION_UNIT","interaction":{"idSuffix":"inner"}},"clearTextFirst":true,"interactionType":"ENTER_TEXT"}]}
RESULT: {"script":"<script> [776 bytes]","args":[{"enterText":"Meter","selector":{"id":"application-manageresources-display-component---newResourceUnit--DIMENSION_UNIT","interaction":{"idSuffix":"inner"}},"clearTextFirst":true,"interactionType":"ENTER_TEXT"}]}
COMMAND: POST /session/65af7eee0b689fbc32704a37c909740d/execute/async - {"script":"<script> [1562 bytes]","args":[{"selector":{"id":"application-manageresources-display-component---newResourceUnit--newRRUPage-anchBar-application-manageresources-display-component---newResourceUnit--control-anchor","interaction":{"idSuffix":"BDI-content"}},"wdio_ui5_key":"applicationmanageresources-display-component---newResourceUnit--newRRUPage-anchBar-application-manageresources-display-component---newResourceUnit--control-anchor"}]}
RESULT: {"script":"<script> [1562 bytes]","args":[{"selector":{"id":"application-manageresources-display-component---newResourceUnit--newRRUPage-anchBar-application-manageresources-display-component---newResourceUnit--control-anchor","interaction":{"idSuffix":"BDI-content"}},"wdio_ui5_key":"applicationmanageresources-display-component---newResourceUnit--newRRUPage-anchBar-application-manageresources-display-component---newResourceUnit--control-anchor"}]}
RESULT: undefined
COMMAND: POST /session/65af7eee0b689fbc32704a37c909740d/element - {"using":"xpath","value":"//*[@id=\"application-manageresources-display-component---newResourceUnit--newRRUPage-anchBar-application-manageresources-display-component---newResourceUnit--control-anchor\"]"}
RESULT: {"using":"xpath","value":"//*[@id=\"application-manageresources-display-component---newResourceUnit--newRRUPage-anchBar-application-manageresources-display-component---newResourceUnit--control-anchor\"]"}
COMMAND: POST /session/65af7eee0b689fbc32704a37c909740d/element/f.4EA148EC701C5F901E073CD471E0C43C.d.CD0C516E4DEDC66022176B086402298C.e.7150/click - {}
RESULT: {}
COMMAND: POST /session/65af7eee0b689fbc32704a37c909740d/execute/async - {"script":"<script> [1562 bytes]","args":[{"selector":{"id":"application-manageresources-display-component---newResourceUnit--PLANNING_GROUP","interaction":{"idSuffix":"inner"}},"wdio_ui5_key":"applicationmanageresources-display-component---newResourceUnit--PLANNING_GROUP"}]}
COMMAND: GET /session/65af7eee0b689fbc32704a37c909740d/screenshot - {}
RESULT: {"script":"<script> [1562 bytes]","args":[{"selector":{"id":"application-manageresources-display-component---newResourceUnit--PLANNING_GROUP","interaction":{"idSuffix":"inner"}},"wdio_ui5_key":"applicationmanageresources-display-component---newResourceUnit--PLANNING_GROUP"}]}
RESULT: undefined
COMMAND: POST /session/65af7eee0b689fbc32704a37c909740d/execute/async - {"script":"<script> [776 bytes]","args":[{"enterText":"Heavy Equi","selector":{"id":"application-manageresources-display-component---newResourceUnit--PLANNING_GROUP","interaction":{"idSuffix":"inner"}},"clearTextFirst":true,"interactionType":"ENTER_TEXT"}]}
RESULT: {}
RESULT: {"script":"<script> [776 bytes]","args":[{"enterText":"Heavy Equi","selector":{"id":"application-manageresources-display-component---newResourceUnit--PLANNING_GROUP","interaction":{"idSuffix":"inner"}},"clearTextFirst":true,"interactionType":"ENTER_TEXT"}]}
COMMAND: POST /session/65af7eee0b689fbc32704a37c909740d/execute/async - {"script":"<script> [1562 bytes]","args":[{"selector":{"id":"application-manageresources-display-component---newResourceUnit--ITEM_TYPE-arrow"},"wdio_ui5_key":"applicationmanageresources-display-component---newResourceUnit--ITEM_TYPE-arrow"}]}
RESULT: {"script":"<script> [1562 bytes]","args":[{"selector":{"id":"application-manageresources-display-component---newResourceUnit--ITEM_TYPE-arrow"},"wdio_ui5_key":"applicationmanageresources-display-component---newResourceUnit--ITEM_TYPE-arrow"}]}
RESULT: undefined
COMMAND: POST /session/65af7eee0b689fbc32704a37c909740d/element - {"using":"xpath","value":"//*[@id=\"application-manageresources-display-component---newResourceUnit--ITEM_TYPE-arrow\"]"}
RESULT: {"using":"xpath","value":"//*[@id=\"application-manageresources-display-component---newResourceUnit--ITEM_TYPE-arrow\"]"}
COMMAND: POST /session/65af7eee0b689fbc32704a37c909740d/element/f.4EA148EC701C5F901E073CD471E0C43C.d.CD0C516E4DEDC66022176B086402298C.e.7159/click - {}
RESULT: {}
COMMAND: POST /session/65af7eee0b689fbc32704a37c909740d/element - {"using":"xpath","value":"(//span[contains(text(), \"Resource Unit\")])[2]"}
COMMAND: GET /session/65af7eee0b689fbc32704a37c909740d/screenshot - {}
RESULT: {"using":"xpath","value":"(//span[contains(text(), \"Resource Unit\")])[2]"}
COMMAND: POST /session/65af7eee0b689fbc32704a37c909740d/element/f.4EA148EC701C5F901E073CD471E0C43C.d.CD0C516E4DEDC66022176B086402298C.e.7160/click - {}
RESULT: {}
RESULT: {}
COMMAND: GET /session/65af7eee0b689fbc32704a37c909740d/screenshot - {}
RESULT: {}
COMMAND: POST /session/65af7eee0b689fbc32704a37c909740d/element - {"using":"css selector","value":"#application-manageresources-display-component---newResourceUnit--btnAddTimeSegment"}
RESULT: {"using":"css selector","value":"#application-manageresources-display-component---newResourceUnit--btnAddTimeSegment"}
COMMAND: GET /session/65af7eee0b689fbc32704a37c909740d/element/f.4EA148EC701C5F901E073CD471E0C43C.d.CD0C516E4DEDC66022176B086402298C.e.7161/rect - {}
RESULT: {}
COMMAND: GET /session/65af7eee0b689fbc32704a37c909740d/window/rect - {}
RESULT: {}
COMMAND: POST /session/65af7eee0b689fbc32704a37c909740d/execute/sync - {"script":"<script> [92 bytes]","args":[]}
RESULT: {"script":"<script> [92 bytes]","args":[]}
COMMAND: POST /session/65af7eee0b689fbc32704a37c909740d/actions - {"actions":[{"id":"action26","type":"wheel","parameters":{},"actions":[{"type":"scroll","x":-1888,"y":-32,"deltaX":0,"deltaY":0,"duration":0,"origin":{"element-6066-11e4-a52e-4f735466cecf":"f.4EA148EC701C5F901E073CD471E0C43C.d.CD0C516E4DEDC66022176B086402298C.e.7161"}}]}]}
COMMAND: GET /session/65af7eee0b689fbc32704a37c909740d/screenshot - {}
RESULT: {}
COMMAND: POST /session/65af7eee0b689fbc32704a37c909740d/execute/sync - {"script":"<script> [79 bytes]","args":[{"element-6066-11e4-a52e-4f735466cecf":"f.4EA148EC701C5F901E073CD471E0C43C.d.CD0C516E4DEDC66022176B086402298C.e.7161","ELEMENT":"f.4EA148EC701C5F901E073CD471E0C43C.d.CD0C516E4DEDC66022176B086402298C.e.7161"},{"block":"start","inline":"nearest"}]}
RESULT: {"script":"<script> [79 bytes]","args":[{"element-6066-11e4-a52e-4f735466cecf":"f.4EA148EC701C5F901E073CD471E0C43C.d.CD0C516E4DEDC66022176B086402298C.e.7161","ELEMENT":"f.4EA148EC701C5F901E073CD471E0C43C.d.CD0C516E4DEDC66022176B086402298C.e.7161"},{"block":"start","inline":"nearest"}]}
COMMAND: POST /session/65af7eee0b689fbc32704a37c909740d/execute/async - {"script":"<script> [1562 bytes]","args":[{"selector":{"id":"application-manageresources-display-component---newResourceUnit--btnAddTimeSegment","interaction":{"idSuffix":"inner"}},"wdio_ui5_key":"applicationmanageresources-display-component---newResourceUnit--btnAddTimeSegment"}]}
COMMAND: GET /session/65af7eee0b689fbc32704a37c909740d/screenshot - {}
RESULT: {"script":"<script> [1562 bytes]","args":[{"selector":{"id":"application-manageresources-display-component---newResourceUnit--btnAddTimeSegment","interaction":{"idSuffix":"inner"}},"wdio_ui5_key":"applicationmanageresources-display-component---newResourceUnit--btnAddTimeSegment"}]}
RESULT: undefined
COMMAND: POST /session/65af7eee0b689fbc32704a37c909740d/element - {"using":"xpath","value":"//*[@id=\"application-manageresources-display-component---newResourceUnit--btnAddTimeSegment\"]"}
RESULT: {}
RESULT: {"using":"xpath","value":"//*[@id=\"application-manageresources-display-component---newResourceUnit--btnAddTimeSegment\"]"}
COMMAND: POST /session/65af7eee0b689fbc32704a37c909740d/element/f.4EA148EC701C5F901E073CD471E0C43C.d.CD0C516E4DEDC66022176B086402298C.e.7161/click - {}
RESULT: {}
COMMAND: GET /session/65af7eee0b689fbc32704a37c909740d/screenshot - {}
RESULT: {}
COMMAND: POST /session/65af7eee0b689fbc32704a37c909740d/element - {"using":"xpath","value":"//input[@id=\"application-manageresources-display-component---newResourceUnit--idRuTSAdmin-application-manageresources-display-component---newResourceUnit--RUTimeSegment-0-inner\"]"}
RESULT: {"using":"xpath","value":"//input[@id=\"application-manageresources-display-component---newResourceUnit--idRuTSAdmin-application-manageresources-display-component---newResourceUnit--RUTimeSegment-0-inner\"]"}
COMMAND: POST /session/65af7eee0b689fbc32704a37c909740d/element/f.4EA148EC701C5F901E073CD471E0C43C.d.CD0C516E4DEDC66022176B086402298C.e.7167/clear - {}
RESULT: {}
COMMAND: POST /session/65af7eee0b689fbc32704a37c909740d/element/f.4EA148EC701C5F901E073CD471E0C43C.d.CD0C516E4DEDC66022176B086402298C.e.7167/value - {"text":"274"}
COMMAND: GET /session/65af7eee0b689fbc32704a37c909740d/screenshot - {}
RESULT: {"text":"274"}
COMMAND: GET /session/65af7eee0b689fbc32704a37c909740d/screenshot - {}
RESULT: {}
RESULT: {}
COMMAND: POST /session/65af7eee0b689fbc32704a37c909740d/element - {"using":"xpath","value":"//li[.//span[text()='274']]"}
RESULT: {"using":"xpath","value":"//li[.//span[text()='274']]"}
COMMAND: POST /session/65af7eee0b689fbc32704a37c909740d/element/f.4EA148EC701C5F901E073CD471E0C43C.d.CD0C516E4DEDC66022176B086402298C.e.7179/click - {}
RESULT: {}
COMMAND: GET /session/65af7eee0b689fbc32704a37c909740d/screenshot - {}
RESULT: {}
COMMAND: POST /session/65af7eee0b689fbc32704a37c909740d/element - {"using":"xpath","value":"(//span[contains(@id, \"-application-manageresources-display-component---newResourceUnit--RUTimeSegment-0-arrow\")])[6]"}
RESULT: {"using":"xpath","value":"(//span[contains(@id, \"-application-manageresources-display-component---newResourceUnit--RUTimeSegment-0-arrow\")])[6]"}
COMMAND: POST /session/65af7eee0b689fbc32704a37c909740d/element/f.4EA148EC701C5F901E073CD471E0C43C.d.CD0C516E4DEDC66022176B086402298C.e.7180/click - {}
RESULT: {}
COMMAND: GET /session/65af7eee0b689fbc32704a37c909740d/screenshot - {}
RESULT: {}
COMMAND: POST /session/65af7eee0b689fbc32704a37c909740d/element - {"using":"xpath","value":"//span[contains(text(), \"PM Order\")]"}
RESULT: {"using":"xpath","value":"//span[contains(text(), \"PM Order\")]"}
COMMAND: POST /session/65af7eee0b689fbc32704a37c909740d/element/f.4EA148EC701C5F901E073CD471E0C43C.d.CD0C516E4DEDC66022176B086402298C.e.7183/click - {}
RESULT: {}
COMMAND: GET /session/65af7eee0b689fbc32704a37c909740d/screenshot - {}
RESULT: {}
COMMAND: POST /session/65af7eee0b689fbc32704a37c909740d/element - {"using":"xpath","value":"(//span[contains(@id ,\"manageresources-display-component---newResourceUnit--RUTimeSegment-0-vhi\")])[1]"}
RESULT: {"using":"xpath","value":"(//span[contains(@id ,\"manageresources-display-component---newResourceUnit--RUTimeSegment-0-vhi\")])[1]"}
COMMAND: GET /session/65af7eee0b689fbc32704a37c909740d/element/f.4EA148EC701C5F901E073CD471E0C43C.d.CD0C516E4DEDC66022176B086402298C.e.7187/rect - {}
RESULT: {}
COMMAND: GET /session/65af7eee0b689fbc32704a37c909740d/window/rect - {}
RESULT: {}
COMMAND: POST /session/65af7eee0b689fbc32704a37c909740d/execute/sync - {"script":"<script> [92 bytes]","args":[]}
RESULT: {"script":"<script> [92 bytes]","args":[]}
COMMAND: POST /session/65af7eee0b689fbc32704a37c909740d/actions - {"actions":[{"id":"action27","type":"wheel","parameters":{},"actions":[{"type":"scroll","x":-869,"y":-24,"deltaX":0,"deltaY":0,"duration":0,"origin":{"element-6066-11e4-a52e-4f735466cecf":"f.4EA148EC701C5F901E073CD471E0C43C.d.CD0C516E4DEDC66022176B086402298C.e.7187"}}]}]}
COMMAND: GET /session/65af7eee0b689fbc32704a37c909740d/screenshot - {}
RESULT: {"actions":[{"id":"action27","type":"wheel","parameters":{},"actions":[{"type":"scroll","x":-869,"y":-24,"deltaX":0,"deltaY":0,"duration":0,"origin":{"element-6066-11e4-a52e-4f735466cecf":"f.4EA148EC701C5F901E073CD471E0C43C.d.CD0C516E4DEDC66022176B086402298C.e.7187"}}]}]}
COMMAND: DELETE /session/65af7eee0b689fbc32704a37c909740d/actions - {}
COMMAND: GET /session/65af7eee0b689fbc32704a37c909740d/screenshot - {}
RESULT: {}
RESULT: {}
COMMAND: GET /session/65af7eee0b689fbc32704a37c909740d/screenshot - {}
RESULT: {}
RESULT: {}
COMMAND: POST /session/65af7eee0b689fbc32704a37c909740d/element/f.4EA148EC701C5F901E073CD471E0C43C.d.CD0C516E4DEDC66022176B086402298C.e.7187/click - {}
RESULT: {}
COMMAND: GET /session/65af7eee0b689fbc32704a37c909740d/screenshot - {}
RESULT: {}
RESULT: undefined
COMMAND: POST /session/65af7eee0b689fbc32704a37c909740d/execute/async - {"script":"<script> [776 bytes]","args":[{"enterText":"4000360","selector":{"controlType":"sap.m.SearchField","properties":{"placeholder":"Search"},"searchOpenDialogs":true,"interaction":{"idSuffix":"I"}},"clearTextFirst":true,"interactionType":"ENTER_TEXT"}]}
RESULT: {"script":"<script> [776 bytes]","args":[{"enterText":"4000360","selector":{"controlType":"sap.m.SearchField","properties":{"placeholder":"Search"},"searchOpenDialogs":true,"interaction":{"idSuffix":"I"}},"clearTextFirst":true,"interactionType":"ENTER_TEXT"}]}
COMMAND: POST /session/65af7eee0b689fbc32704a37c909740d/actions - {"actions":[{"id":"action28","type":"key","parameters":{},"actions":[{"type":"keyDown","value":"î€‡"},{"type":"pause","duration":10},{"type":"keyUp","value":"î€‡"}]}]}
RESULT: {"actions":[{"id":"action28","type":"key","parameters":{},"actions":[{"type":"keyDown","value":"î€‡"},{"type":"pause","duration":10},{"type":"keyUp","value":"î€‡"}]}]}
COMMAND: GET /session/65af7eee0b689fbc32704a37c909740d/screenshot - {}
RESULT: {}
COMMAND: POST /session/65af7eee0b689fbc32704a37c909740d/element - {"using":"xpath","value":"//td/div/span[contains(text(), \"BGL Vehicles\")]"}
RESULT: {"using":"xpath","value":"//td/div/span[contains(text(), \"BGL Vehicles\")]"}
COMMAND: POST /session/65af7eee0b689fbc32704a37c909740d/element/f.4EA148EC701C5F901E073CD471E0C43C.d.CD0C516E4DEDC66022176B086402298C.e.7207/click - {}
RESULT: {}
COMMAND: GET /session/65af7eee0b689fbc32704a37c909740d/screenshot - {}
RESULT: {}
COMMAND: POST /session/65af7eee0b689fbc32704a37c909740d/element - {"using":"xpath","value":"//bdi[contains(text(), \"OK\")]"}
RESULT: {"using":"xpath","value":"//bdi[contains(text(), \"OK\")]"}
COMMAND: POST /session/65af7eee0b689fbc32704a37c909740d/element/f.4EA148EC701C5F901E073CD471E0C43C.d.CD0C516E4DEDC66022176B086402298C.e.7208/click - {}
RESULT: {}
COMMAND: GET /session/65af7eee0b689fbc32704a37c909740d/screenshot - {}
RESULT: {}
COMMAND: POST /session/65af7eee0b689fbc32704a37c909740d/execute/async - {"script":"<script> [1562 bytes]","args":[{"selector":{"id":"application-manageresources-display-component---newResourceUnit--newRRUPage-anchBar-application-manageresources-display-component---newResourceUnit--resource-anchor","interaction":{"idSuffix":"BDI-content"}},"wdio_ui5_key":"applicationmanageresources-display-component---newResourceUnit--newRRUPage-anchBar-application-manageresources-display-component---newResourceUnit--resource-anchor"}]}
RESULT: {"script":"<script> [1562 bytes]","args":[{"selector":{"id":"application-manageresources-display-component---newResourceUnit--newRRUPage-anchBar-application-manageresources-display-component---newResourceUnit--resource-anchor","interaction":{"idSuffix":"BDI-content"}},"wdio_ui5_key":"applicationmanageresources-display-component---newResourceUnit--newRRUPage-anchBar-application-manageresources-display-component---newResourceUnit--resource-anchor"}]}
RESULT: undefined
COMMAND: POST /session/65af7eee0b689fbc32704a37c909740d/element - {"using":"xpath","value":"//*[@id=\"application-manageresources-display-component---newResourceUnit--newRRUPage-anchBar-application-manageresources-display-component---newResourceUnit--resource-anchor\"]"}
RESULT: {"using":"xpath","value":"//*[@id=\"application-manageresources-display-component---newResourceUnit--newRRUPage-anchBar-application-manageresources-display-component---newResourceUnit--resource-anchor\"]"}
COMMAND: POST /session/65af7eee0b689fbc32704a37c909740d/element/f.4EA148EC701C5F901E073CD471E0C43C.d.CD0C516E4DEDC66022176B086402298C.e.7212/click - {}
RESULT: {}
COMMAND: POST /session/65af7eee0b689fbc32704a37c909740d/execute/async - {"script":"<script> [1562 bytes]","args":[{"selector":{"id":"application-manageresources-display-component---newResourceUnit--PLANNED_DELIVERY_DATE","interaction":{"idSuffix":"inner"}},"wdio_ui5_key":"applicationmanageresources-display-component---newResourceUnit--PLANNED_DELIVERY_DATE"}]}
COMMAND: GET /session/65af7eee0b689fbc32704a37c909740d/screenshot - {}
RESULT: {"script":"<script> [1562 bytes]","args":[{"selector":{"id":"application-manageresources-display-component---newResourceUnit--PLANNED_DELIVERY_DATE","interaction":{"idSuffix":"inner"}},"wdio_ui5_key":"applicationmanageresources-display-component---newResourceUnit--PLANNED_DELIVERY_DATE"}]}
RESULT: undefined
COMMAND: POST /session/65af7eee0b689fbc32704a37c909740d/execute/async - {"script":"<script> [6424 bytes]","args":[{"element-6066-11e4-a52e-4f735466cecf":"f.4EA148EC701C5F901E073CD471E0C43C.d.CD0C516E4DEDC66022176B086402298C.e.7075"},"setValue",["5/13/25"]]}
RESULT: {}
RESULT: {"script":"<script> [6424 bytes]","args":[{"element-6066-11e4-a52e-4f735466cecf":"f.4EA148EC701C5F901E073CD471E0C43C.d.CD0C516E4DEDC66022176B086402298C.e.7075"},"setValue",["5/13/25"]]}
COMMAND: POST /session/65af7eee0b689fbc32704a37c909740d/element - {"using":"xpath","value":"//label[contains(@class, 'sapMLabelRequired') and .//bdi[contains(text(), 'Planned Retirement')]]"}
RESULT: {"using":"xpath","value":"//label[contains(@class, 'sapMLabelRequired') and .//bdi[contains(text(), 'Planned Retirement')]]"}
COMMAND: POST /session/65af7eee0b689fbc32704a37c909740d/elements - {"using":"xpath","value":"//label[contains(@class, 'sapMLabelRequired') and .//bdi[contains(text(), 'Planned Retirement')]]"}
RESULT: {"using":"xpath","value":"//label[contains(@class, 'sapMLabelRequired') and .//bdi[contains(text(), 'Planned Retirement')]]"}
COMMAND: POST /session/65af7eee0b689fbc32704a37c909740d/element - {"using":"xpath","value":"//button[@data-kt=\"resourceUnitSaveButton\"]"}
RESULT: {"using":"xpath","value":"//button[@data-kt=\"resourceUnitSaveButton\"]"}
COMMAND: POST /session/65af7eee0b689fbc32704a37c909740d/element/f.4EA148EC701C5F901E073CD471E0C43C.d.CD0C516E4DEDC66022176B086402298C.e.7036/click - {}
RESULT: {}
COMMAND: GET /session/65af7eee0b689fbc32704a37c909740d/screenshot - {}
RESULT: {}
COMMAND: POST /session/65af7eee0b689fbc32704a37c909740d/element - {"using":"xpath","value":"//bdi[contains(text(), \"Close\")]"}
RESULT: {"using":"xpath","value":"//bdi[contains(text(), \"Close\")]"}
COMMAND: POST /session/65af7eee0b689fbc32704a37c909740d/element/f.4EA148EC701C5F901E073CD471E0C43C.d.CD0C516E4DEDC66022176B086402298C.e.7220/click - {}
RESULT: {}
COMMAND: GET /session/65af7eee0b689fbc32704a37c909740d/screenshot - {}
RESULT: {}
COMMAND: POST /session/65af7eee0b689fbc32704a37c909740d/element - {"using":"xpath","value":"//bdi[contains(text(), \"Edit\")]"}
RESULT: {"using":"xpath","value":"//bdi[contains(text(), \"Edit\")]"}
COMMAND: POST /session/65af7eee0b689fbc32704a37c909740d/execute/sync - {"script":"<script> [8489 bytes]","args":[{"element-6066-11e4-a52e-4f735466cecf":"f.4EA148EC701C5F901E073CD471E0C43C.d.CD0C516E4DEDC66022176B086402298C.e.7276","ELEMENT":"f.4EA148EC701C5F901E073CD471E0C43C.d.CD0C516E4DEDC66022176B086402298C.e.7276"}]}
RESULT: {"script":"<script> [8489 bytes]","args":[{"element-6066-11e4-a52e-4f735466cecf":"f.4EA148EC701C5F901E073CD471E0C43C.d.CD0C516E4DEDC66022176B086402298C.e.7276","ELEMENT":"f.4EA148EC701C5F901E073CD471E0C43C.d.CD0C516E4DEDC66022176B086402298C.e.7276"}]}
COMMAND: POST /session/65af7eee0b689fbc32704a37c909740d/element/f.4EA148EC701C5F901E073CD471E0C43C.d.CD0C516E4DEDC66022176B086402298C.e.7276/click - {}
COMMAND: GET /session/65af7eee0b689fbc32704a37c909740d/screenshot - {}
RESULT: {}
COMMAND: GET /session/65af7eee0b689fbc32704a37c909740d/screenshot - {}
RESULT: {}
RESULT: {}
COMMAND: POST /session/65af7eee0b689fbc32704a37c909740d/execute/async - {"script":"<script> [1562 bytes]","args":[{"selector":{"id":"application-manageresources-display-component---editResource--editRruPage-anchBar-application-manageresources-display-component---editResource--counters-anchor","interaction":{"idSuffix":"BDI-content"}},"wdio_ui5_key":"applicationmanageresources-display-component---editResource--editRruPage-anchBar-application-manageresources-display-component---editResource--counters-anchor"}]}
RESULT: {"script":"<script> [1562 bytes]","args":[{"selector":{"id":"application-manageresources-display-component---editResource--editRruPage-anchBar-application-manageresources-display-component---editResource--counters-anchor","interaction":{"idSuffix":"BDI-content"}},"wdio_ui5_key":"applicationmanageresources-display-component---editResource--editRruPage-anchBar-application-manageresources-display-component---editResource--counters-anchor"}]}
RESULT: undefined
COMMAND: POST /session/65af7eee0b689fbc32704a37c909740d/element - {"using":"xpath","value":"//*[@id=\"application-manageresources-display-component---editResource--editRruPage-anchBar-application-manageresources-display-component---editResource--counters-anchor\"]"}
RESULT: {"using":"xpath","value":"//*[@id=\"application-manageresources-display-component---editResource--editRruPage-anchBar-application-manageresources-display-component---editResource--counters-anchor\"]"}
COMMAND: POST /session/65af7eee0b689fbc32704a37c909740d/element/f.4EA148EC701C5F901E073CD471E0C43C.d.CD0C516E4DEDC66022176B086402298C.e.7387/click - {}
RESULT: {}
COMMAND: GET /session/65af7eee0b689fbc32704a37c909740d/screenshot - {}
RESULT: {}
COMMAND: POST /session/65af7eee0b689fbc32704a37c909740d/execute/async - {"script":"<script> [1562 bytes]","args":[{"selector":{"id":"application-manageresources-display-component---editResource--btnAddCounter-img"},"wdio_ui5_key":"applicationmanageresources-display-component---editResource--btnAddCounter-img"}]}
RESULT: {"script":"<script> [1562 bytes]","args":[{"selector":{"id":"application-manageresources-display-component---editResource--btnAddCounter-img"},"wdio_ui5_key":"applicationmanageresources-display-component---editResource--btnAddCounter-img"}]}
RESULT: undefined
COMMAND: POST /session/65af7eee0b689fbc32704a37c909740d/element - {"using":"xpath","value":"//*[@id=\"application-manageresources-display-component---editResource--btnAddCounter-img\"]"}
RESULT: {"using":"xpath","value":"//*[@id=\"application-manageresources-display-component---editResource--btnAddCounter-img\"]"}
COMMAND: POST /session/65af7eee0b689fbc32704a37c909740d/element/f.4EA148EC701C5F901E073CD471E0C43C.d.CD0C516E4DEDC66022176B086402298C.e.7421/click - {}
RESULT: {}
COMMAND: POST /session/65af7eee0b689fbc32704a37c909740d/execute/async - {"script":"<script> [1562 bytes]","args":[{"selector":{"id":"application-manageresources-display-component---editResource--COUNTER_ID-application-manageresources-display-component---editResource--RUCounters-0-arrow"},"wdio_ui5_key":"applicationmanageresources-display-component---editResource--COUNTER_ID-application-manageresources-display-component---editResource--RUCounters-0-arrow"}]}
COMMAND: GET /session/65af7eee0b689fbc32704a37c909740d/screenshot - {}
RESULT: {"script":"<script> [1562 bytes]","args":[{"selector":{"id":"application-manageresources-display-component---editResource--COUNTER_ID-application-manageresources-display-component---editResource--RUCounters-0-arrow"},"wdio_ui5_key":"applicationmanageresources-display-component---editResource--COUNTER_ID-application-manageresources-display-component---editResource--RUCounters-0-arrow"}]}
RESULT: undefined
COMMAND: POST /session/65af7eee0b689fbc32704a37c909740d/element - {"using":"xpath","value":"//*[@id=\"application-manageresources-display-component---editResource--COUNTER_ID-application-manageresources-display-component---editResource--RUCounters-0-arrow\"]"}
RESULT: {}
RESULT: {"using":"xpath","value":"//*[@id=\"application-manageresources-display-component---editResource--COUNTER_ID-application-manageresources-display-component---editResource--RUCounters-0-arrow\"]"}
COMMAND: POST /session/65af7eee0b689fbc32704a37c909740d/element/f.4EA148EC701C5F901E073CD471E0C43C.d.CD0C516E4DEDC66022176B086402298C.e.7427/click - {}
RESULT: {}
COMMAND: POST /session/65af7eee0b689fbc32704a37c909740d/execute/async - {"script":"<script> [1562 bytes]","args":[{"selector":{"controlType":"sap.m.StandardListItem","viewName":"etm.portal.ui.manageresources.view.EditResource","viewId":"application-manageresources-display-component---editResource","properties":{"title":"fuel"},"searchOpenDialogs":true,"interaction":{"idSuffix":"content"}},"wdio_ui5_key":"etmportal.ui.manageresources.view.EditResourcesap.m.StandardListItem{\"title\":\"fuel\"}"}]}
COMMAND: GET /session/65af7eee0b689fbc32704a37c909740d/screenshot - {}
RESULT: {"script":"<script> [1562 bytes]","args":[{"selector":{"controlType":"sap.m.StandardListItem","viewName":"etm.portal.ui.manageresources.view.EditResource","viewId":"application-manageresources-display-component---editResource","properties":{"title":"fuel"},"searchOpenDialogs":true,"interaction":{"idSuffix":"content"}},"wdio_ui5_key":"etmportal.ui.manageresources.view.EditResourcesap.m.StandardListItem{\"title\":\"fuel\"}"}]}
RESULT: undefined
COMMAND: POST /session/65af7eee0b689fbc32704a37c909740d/element - {"using":"xpath","value":"//*[@id=\"__item2042\"]"}
RESULT: {}
RESULT: {"using":"xpath","value":"//*[@id=\"__item2042\"]"}
COMMAND: POST /session/65af7eee0b689fbc32704a37c909740d/element/f.4EA148EC701C5F901E073CD471E0C43C.d.CD0C516E4DEDC66022176B086402298C.e.7429/click - {}
RESULT: {}
COMMAND: GET /session/65af7eee0b689fbc32704a37c909740d/screenshot - {}
RESULT: {}
COMMAND: POST /session/65af7eee0b689fbc32704a37c909740d/element - {"using":"xpath","value":"//button[@data-kt=\"saveButton\"]"}
RESULT: {"using":"xpath","value":"//button[@data-kt=\"saveButton\"]"}
COMMAND: POST /session/65af7eee0b689fbc32704a37c909740d/element/f.4EA148EC701C5F901E073CD471E0C43C.d.CD0C516E4DEDC66022176B086402298C.e.7430/click - {}
RESULT: {}
COMMAND: GET /session/65af7eee0b689fbc32704a37c909740d/screenshot - {}
RESULT: {}
COMMAND: POST /session/65af7eee0b689fbc32704a37c909740d/element - {"using":"xpath","value":"(//button[contains(@id ,\"actionsToolbar-overflowButton\")])[1]"}
RESULT: {"using":"xpath","value":"(//button[contains(@id ,\"actionsToolbar-overflowButton\")])[1]"}
COMMAND: POST /session/65af7eee0b689fbc32704a37c909740d/element/f.4EA148EC701C5F901E073CD471E0C43C.d.CD0C516E4DEDC66022176B086402298C.e.7440/click - {}
RESULT: {}
COMMAND: GET /session/65af7eee0b689fbc32704a37c909740d/screenshot - {}
RESULT: {}
COMMAND: POST /session/65af7eee0b689fbc32704a37c909740d/element - {"using":"xpath","value":"//button[@data-kt=\"priceInfoButton\"]"}
RESULT: {"using":"xpath","value":"//button[@data-kt=\"priceInfoButton\"]"}
COMMAND: POST /session/65af7eee0b689fbc32704a37c909740d/element/f.4EA148EC701C5F901E073CD471E0C43C.d.CD0C516E4DEDC66022176B086402298C.e.7442/click - {}
RESULT: {}
COMMAND: GET /session/65af7eee0b689fbc32704a37c909740d/screenshot - {}
RESULT: {}
]]></system-out>
    </testcase>
    <testcase classname="chrome.136_0_7103_49.windows.Create_master_data_for_mixed_billing_&amp;_do_billing_calculation_US151661" name="Should create a TB pricing procedure" time="59.954">
      <system-out><![CDATA[
COMMAND: POST /session/65af7eee0b689fbc32704a37c909740d/element - {"using":"xpath","value":"//button[@data-kt=\"addButton\"]"}
RESULT: {"using":"xpath","value":"//button[@data-kt=\"addButton\"]"}
COMMAND: POST /session/65af7eee0b689fbc32704a37c909740d/elements - {"using":"xpath","value":"//button[@data-kt=\"addButton\"]"}
RESULT: {"using":"xpath","value":"//button[@data-kt=\"addButton\"]"}
COMMAND: POST /session/65af7eee0b689fbc32704a37c909740d/execute/sync - {"script":"<script> [8489 bytes]","args":[{"element-6066-11e4-a52e-4f735466cecf":"f.4EA148EC701C5F901E073CD471E0C43C.d.CD0C516E4DEDC66022176B086402298C.e.7482","ELEMENT":"f.4EA148EC701C5F901E073CD471E0C43C.d.CD0C516E4DEDC66022176B086402298C.e.7482"}]}
RESULT: {"script":"<script> [8489 bytes]","args":[{"element-6066-11e4-a52e-4f735466cecf":"f.4EA148EC701C5F901E073CD471E0C43C.d.CD0C516E4DEDC66022176B086402298C.e.7482","ELEMENT":"f.4EA148EC701C5F901E073CD471E0C43C.d.CD0C516E4DEDC66022176B086402298C.e.7482"}]}
COMMAND: GET /session/65af7eee0b689fbc32704a37c909740d/element/f.4EA148EC701C5F901E073CD471E0C43C.d.CD0C516E4DEDC66022176B086402298C.e.7482/enabled - {}
COMMAND: GET /session/65af7eee0b689fbc32704a37c909740d/screenshot - {}
RESULT: {}
COMMAND: POST /session/65af7eee0b689fbc32704a37c909740d/execute/sync - {"script":"<script> [8489 bytes]","args":[{"element-6066-11e4-a52e-4f735466cecf":"f.4EA148EC701C5F901E073CD471E0C43C.d.CD0C516E4DEDC66022176B086402298C.e.7482","ELEMENT":"f.4EA148EC701C5F901E073CD471E0C43C.d.CD0C516E4DEDC66022176B086402298C.e.7482"}]}
COMMAND: GET /session/65af7eee0b689fbc32704a37c909740d/screenshot - {}
RESULT: {}
RESULT: {"script":"<script> [8489 bytes]","args":[{"element-6066-11e4-a52e-4f735466cecf":"f.4EA148EC701C5F901E073CD471E0C43C.d.CD0C516E4DEDC66022176B086402298C.e.7482","ELEMENT":"f.4EA148EC701C5F901E073CD471E0C43C.d.CD0C516E4DEDC66022176B086402298C.e.7482"}]}
COMMAND: POST /session/65af7eee0b689fbc32704a37c909740d/execute/sync - {"script":"<script> [5351 bytes]","args":[{"element-6066-11e4-a52e-4f735466cecf":"f.4EA148EC701C5F901E073CD471E0C43C.d.CD0C516E4DEDC66022176B086402298C.e.7482","ELEMENT":"f.4EA148EC701C5F901E073CD471E0C43C.d.CD0C516E4DEDC66022176B086402298C.e.7482"}]}
COMMAND: GET /session/65af7eee0b689fbc32704a37c909740d/screenshot - {}
RESULT: {}
RESULT: {"script":"<script> [5351 bytes]","args":[{"element-6066-11e4-a52e-4f735466cecf":"f.4EA148EC701C5F901E073CD471E0C43C.d.CD0C516E4DEDC66022176B086402298C.e.7482","ELEMENT":"f.4EA148EC701C5F901E073CD471E0C43C.d.CD0C516E4DEDC66022176B086402298C.e.7482"}]}
COMMAND: POST /session/65af7eee0b689fbc32704a37c909740d/element/f.4EA148EC701C5F901E073CD471E0C43C.d.CD0C516E4DEDC66022176B086402298C.e.7482/click - {}
COMMAND: GET /session/65af7eee0b689fbc32704a37c909740d/screenshot - {}
RESULT: {}
RESULT: {}
COMMAND: GET /session/65af7eee0b689fbc32704a37c909740d/screenshot - {}
RESULT: {}
RESULT: {}
COMMAND: POST /session/65af7eee0b689fbc32704a37c909740d/execute/async - {"script":"<script> [1562 bytes]","args":[{"selector":{"controlType":"sap.m.Title","viewName":"etm.portal.ui.managepricingrules.view.NewItem","viewId":"application-managepricingrules-display-component---newInfoPriceItem","properties":{"text":"New Pricing Rules - Item Level"}},"wdio_ui5_key":"etmportal.ui.managepricingrules.view.NewItemsap.m.Title{\"text\":\"New Pricing Rules - Item Level\"}"}]}
RESULT: {"script":"<script> [1562 bytes]","args":[{"selector":{"controlType":"sap.m.Title","viewName":"etm.portal.ui.managepricingrules.view.NewItem","viewId":"application-managepricingrules-display-component---newInfoPriceItem","properties":{"text":"New Pricing Rules - Item Level"}},"wdio_ui5_key":"etmportal.ui.managepricingrules.view.NewItemsap.m.Title{\"text\":\"New Pricing Rules - Item Level\"}"}]}
RESULT: undefined
COMMAND: POST /session/65af7eee0b689fbc32704a37c909740d/execute/async - {"script":"<script> [6424 bytes]","args":[{"element-6066-11e4-a52e-4f735466cecf":"f.4EA148EC701C5F901E073CD471E0C43C.d.CD0C516E4DEDC66022176B086402298C.e.7553"},"getText",[]]}
RESULT: {"script":"<script> [6424 bytes]","args":[{"element-6066-11e4-a52e-4f735466cecf":"f.4EA148EC701C5F901E073CD471E0C43C.d.CD0C516E4DEDC66022176B086402298C.e.7553"},"getText",[]]}
COMMAND: POST /session/65af7eee0b689fbc32704a37c909740d/execute/async - {"script":"<script> [1562 bytes]","args":[{"selector":{"id":"application-managepricingrules-display-component---newInfoPriceItem--condValidTo","interaction":{"idSuffix":"inner"}},"wdio_ui5_key":"applicationmanagepricingrules-display-component---newInfoPriceItem--condValidTo"}]}
RESULT: {"script":"<script> [1562 bytes]","args":[{"selector":{"id":"application-managepricingrules-display-component---newInfoPriceItem--condValidTo","interaction":{"idSuffix":"inner"}},"wdio_ui5_key":"applicationmanagepricingrules-display-component---newInfoPriceItem--condValidTo"}]}
RESULT: undefined
COMMAND: POST /session/65af7eee0b689fbc32704a37c909740d/execute/async - {"script":"<script> [776 bytes]","args":[{"enterText":"01/13/26","selector":{"id":"application-managepricingrules-display-component---newInfoPriceItem--condValidTo","interaction":{"idSuffix":"inner"}},"clearTextFirst":true,"interactionType":"ENTER_TEXT"}]}
RESULT: {"script":"<script> [776 bytes]","args":[{"enterText":"01/13/26","selector":{"id":"application-managepricingrules-display-component---newInfoPriceItem--condValidTo","interaction":{"idSuffix":"inner"}},"clearTextFirst":true,"interactionType":"ENTER_TEXT"}]}
COMMAND: POST /session/65af7eee0b689fbc32704a37c909740d/execute/async - {"script":"<script> [1562 bytes]","args":[{"selector":{"id":"application-managepricingrules-display-component---newInfoPriceItem--billType-arrow"},"wdio_ui5_key":"applicationmanagepricingrules-display-component---newInfoPriceItem--billType-arrow"}]}
RESULT: {"script":"<script> [1562 bytes]","args":[{"selector":{"id":"application-managepricingrules-display-component---newInfoPriceItem--billType-arrow"},"wdio_ui5_key":"applicationmanagepricingrules-display-component---newInfoPriceItem--billType-arrow"}]}
RESULT: undefined
COMMAND: POST /session/65af7eee0b689fbc32704a37c909740d/element - {"using":"xpath","value":"//*[@id=\"application-managepricingrules-display-component---newInfoPriceItem--billType-arrow\"]"}
RESULT: {"using":"xpath","value":"//*[@id=\"application-managepricingrules-display-component---newInfoPriceItem--billType-arrow\"]"}
COMMAND: POST /session/65af7eee0b689fbc32704a37c909740d/element/f.4EA148EC701C5F901E073CD471E0C43C.d.CD0C516E4DEDC66022176B086402298C.e.7610/click - {}
RESULT: {}
COMMAND: POST /session/65af7eee0b689fbc32704a37c909740d/element - {"using":"xpath","value":"//span[contains(text(), \"TB - Time based\")]"}
COMMAND: GET /session/65af7eee0b689fbc32704a37c909740d/screenshot - {}
RESULT: {"using":"xpath","value":"//span[contains(text(), \"TB - Time based\")]"}
COMMAND: POST /session/65af7eee0b689fbc32704a37c909740d/element/f.4EA148EC701C5F901E073CD471E0C43C.d.CD0C516E4DEDC66022176B086402298C.e.7652/click - {}
RESULT: {}
RESULT: {}
COMMAND: POST /session/65af7eee0b689fbc32704a37c909740d/execute/async - {"script":"<script> [1562 bytes]","args":[{"selector":{"id":"application-managepricingrules-display-component---newInfoPriceItem--priceProc-arrow"},"wdio_ui5_key":"applicationmanagepricingrules-display-component---newInfoPriceItem--priceProc-arrow"}]}
COMMAND: GET /session/65af7eee0b689fbc32704a37c909740d/screenshot - {}
RESULT: {"script":"<script> [1562 bytes]","args":[{"selector":{"id":"application-managepricingrules-display-component---newInfoPriceItem--priceProc-arrow"},"wdio_ui5_key":"applicationmanagepricingrules-display-component---newInfoPriceItem--priceProc-arrow"}]}
RESULT: undefined
COMMAND: POST /session/65af7eee0b689fbc32704a37c909740d/element - {"using":"xpath","value":"//*[@id=\"application-managepricingrules-display-component---newInfoPriceItem--priceProc-arrow\"]"}
RESULT: {}
RESULT: {"using":"xpath","value":"//*[@id=\"application-managepricingrules-display-component---newInfoPriceItem--priceProc-arrow\"]"}
COMMAND: POST /session/65af7eee0b689fbc32704a37c909740d/element/f.4EA148EC701C5F901E073CD471E0C43C.d.CD0C516E4DEDC66022176B086402298C.e.7617/click - {}
RESULT: {}
COMMAND: POST /session/65af7eee0b689fbc32704a37c909740d/element - {"using":"xpath","value":"//span[contains(text(), \"TB - Time based BGL\")]"}
COMMAND: GET /session/65af7eee0b689fbc32704a37c909740d/screenshot - {}
RESULT: {"using":"xpath","value":"//span[contains(text(), \"TB - Time based BGL\")]"}
COMMAND: POST /session/65af7eee0b689fbc32704a37c909740d/element/f.4EA148EC701C5F901E073CD471E0C43C.d.CD0C516E4DEDC66022176B086402298C.e.7653/click - {}
RESULT: {}
RESULT: {}
COMMAND: POST /session/65af7eee0b689fbc32704a37c909740d/execute/async - {"script":"<script> [1562 bytes]","args":[{"selector":{"id":"application-managepricingrules-display-component---newInfoPriceItem--calcBase-arrow"},"wdio_ui5_key":"applicationmanagepricingrules-display-component---newInfoPriceItem--calcBase-arrow"}]}
COMMAND: GET /session/65af7eee0b689fbc32704a37c909740d/screenshot - {}
RESULT: {"script":"<script> [1562 bytes]","args":[{"selector":{"id":"application-managepricingrules-display-component---newInfoPriceItem--calcBase-arrow"},"wdio_ui5_key":"applicationmanagepricingrules-display-component---newInfoPriceItem--calcBase-arrow"}]}
RESULT: undefined
COMMAND: POST /session/65af7eee0b689fbc32704a37c909740d/element - {"using":"xpath","value":"//*[@id=\"application-managepricingrules-display-component---newInfoPriceItem--calcBase-arrow\"]"}
RESULT: {}
RESULT: {"using":"xpath","value":"//*[@id=\"application-managepricingrules-display-component---newInfoPriceItem--calcBase-arrow\"]"}
COMMAND: POST /session/65af7eee0b689fbc32704a37c909740d/element/f.4EA148EC701C5F901E073CD471E0C43C.d.CD0C516E4DEDC66022176B086402298C.e.7624/click - {}
RESULT: {}
COMMAND: GET /session/65af7eee0b689fbc32704a37c909740d/screenshot - {}
RESULT: {}
COMMAND: POST /session/65af7eee0b689fbc32704a37c909740d/element - {"using":"xpath","value":"//span[contains(text(), \"0006 - TB(calendar days)\")]"}
RESULT: {"using":"xpath","value":"//span[contains(text(), \"0006 - TB(calendar days)\")]"}
COMMAND: POST /session/65af7eee0b689fbc32704a37c909740d/element/f.4EA148EC701C5F901E073CD471E0C43C.d.CD0C516E4DEDC66022176B086402298C.e.7654/click - {}
RESULT: {}
COMMAND: GET /session/65af7eee0b689fbc32704a37c909740d/screenshot - {}
RESULT: {}
COMMAND: POST /session/65af7eee0b689fbc32704a37c909740d/execute/async - {"script":"<script> [1562 bytes]","args":[{"selector":{"id":"application-managepricingrules-display-component---newInfoPriceItem--hoursMonth","interaction":{"idSuffix":"inner"}},"wdio_ui5_key":"applicationmanagepricingrules-display-component---newInfoPriceItem--hoursMonth"}]}
RESULT: {"script":"<script> [1562 bytes]","args":[{"selector":{"id":"application-managepricingrules-display-component---newInfoPriceItem--hoursMonth","interaction":{"idSuffix":"inner"}},"wdio_ui5_key":"applicationmanagepricingrules-display-component---newInfoPriceItem--hoursMonth"}]}
RESULT: undefined
COMMAND: POST /session/65af7eee0b689fbc32704a37c909740d/execute/async - {"script":"<script> [776 bytes]","args":[{"enterText":"160","selector":{"id":"application-managepricingrules-display-component---newInfoPriceItem--hoursMonth","interaction":{"idSuffix":"inner"}},"clearTextFirst":true,"interactionType":"ENTER_TEXT"}]}
RESULT: {"script":"<script> [776 bytes]","args":[{"enterText":"160","selector":{"id":"application-managepricingrules-display-component---newInfoPriceItem--hoursMonth","interaction":{"idSuffix":"inner"}},"clearTextFirst":true,"interactionType":"ENTER_TEXT"}]}
COMMAND: POST /session/65af7eee0b689fbc32704a37c909740d/execute/async - {"script":"<script> [1562 bytes]","args":[{"selector":{"id":"application-managepricingrules-display-component---newInfoPriceItem--daysMonth","interaction":{"idSuffix":"inner"}},"wdio_ui5_key":"applicationmanagepricingrules-display-component---newInfoPriceItem--daysMonth"}]}
RESULT: {"script":"<script> [1562 bytes]","args":[{"selector":{"id":"application-managepricingrules-display-component---newInfoPriceItem--daysMonth","interaction":{"idSuffix":"inner"}},"wdio_ui5_key":"applicationmanagepricingrules-display-component---newInfoPriceItem--daysMonth"}]}
RESULT: undefined
COMMAND: POST /session/65af7eee0b689fbc32704a37c909740d/execute/async - {"script":"<script> [776 bytes]","args":[{"enterText":"30","selector":{"id":"application-managepricingrules-display-component---newInfoPriceItem--daysMonth","interaction":{"idSuffix":"inner"}},"clearTextFirst":true,"interactionType":"ENTER_TEXT"}]}
RESULT: {"script":"<script> [776 bytes]","args":[{"enterText":"30","selector":{"id":"application-managepricingrules-display-component---newInfoPriceItem--daysMonth","interaction":{"idSuffix":"inner"}},"clearTextFirst":true,"interactionType":"ENTER_TEXT"}]}
COMMAND: POST /session/65af7eee0b689fbc32704a37c909740d/element - {"using":"xpath","value":"//button[@data-kt=\"saveNewRuleButton\"]"}
RESULT: {"using":"xpath","value":"//button[@data-kt=\"saveNewRuleButton\"]"}
COMMAND: POST /session/65af7eee0b689fbc32704a37c909740d/element/f.4EA148EC701C5F901E073CD471E0C43C.d.CD0C516E4DEDC66022176B086402298C.e.7645/click - {}
RESULT: {}
COMMAND: GET /session/65af7eee0b689fbc32704a37c909740d/screenshot - {}
RESULT: {}
COMMAND: POST /session/65af7eee0b689fbc32704a37c909740d/execute/async - {"script":"<script> [1562 bytes]","args":[{"selector":{"id":"application-managepricingrules-display-component---priceInfoItem--smartFilterBar-btnBasicSearch","interaction":{"idSuffix":"I"}},"wdio_ui5_key":"applicationmanagepricingrules-display-component---priceInfoItem--smartFilterBar-btnBasicSearch"}]}
RESULT: {"script":"<script> [1562 bytes]","args":[{"selector":{"id":"application-managepricingrules-display-component---priceInfoItem--smartFilterBar-btnBasicSearch","interaction":{"idSuffix":"I"}},"wdio_ui5_key":"applicationmanagepricingrules-display-component---priceInfoItem--smartFilterBar-btnBasicSearch"}]}
RESULT: undefined
COMMAND: POST /session/65af7eee0b689fbc32704a37c909740d/execute/async - {"script":"<script> [776 bytes]","args":[{"enterText":"moWSbTldTs","selector":{"id":"application-managepricingrules-display-component---priceInfoItem--smartFilterBar-btnBasicSearch","interaction":{"idSuffix":"I"}},"clearTextFirst":true,"interactionType":"ENTER_TEXT"}]}
RESULT: {"script":"<script> [776 bytes]","args":[{"enterText":"moWSbTldTs","selector":{"id":"application-managepricingrules-display-component---priceInfoItem--smartFilterBar-btnBasicSearch","interaction":{"idSuffix":"I"}},"clearTextFirst":true,"interactionType":"ENTER_TEXT"}]}
COMMAND: POST /session/65af7eee0b689fbc32704a37c909740d/actions - {"actions":[{"id":"action29","type":"key","parameters":{},"actions":[{"type":"keyDown","value":"î€‡"},{"type":"pause","duration":10},{"type":"keyUp","value":"î€‡"}]}]}
RESULT: {"actions":[{"id":"action29","type":"key","parameters":{},"actions":[{"type":"keyDown","value":"î€‡"},{"type":"pause","duration":10},{"type":"keyUp","value":"î€‡"}]}]}
COMMAND: GET /session/65af7eee0b689fbc32704a37c909740d/screenshot - {}
RESULT: {}
COMMAND: POST /session/65af7eee0b689fbc32704a37c909740d/element - {"using":"xpath","value":"//span[@id=\"application-managepricingrules-display-component---priceInfoItem--smartTable-header-inner\"]"}
RESULT: {"using":"xpath","value":"//span[@id=\"application-managepricingrules-display-component---priceInfoItem--smartTable-header-inner\"]"}
COMMAND: POST /session/65af7eee0b689fbc32704a37c909740d/elements - {"using":"xpath","value":"//span[@id=\"application-managepricingrules-display-component---priceInfoItem--smartTable-header-inner\"]"}
RESULT: {"using":"xpath","value":"//span[@id=\"application-managepricingrules-display-component---priceInfoItem--smartTable-header-inner\"]"}
COMMAND: POST /session/65af7eee0b689fbc32704a37c909740d/execute/sync - {"script":"<script> [56 bytes]","args":[{"element-6066-11e4-a52e-4f735466cecf":"f.4EA148EC701C5F901E073CD471E0C43C.d.CD0C516E4DEDC66022176B086402298C.e.7669","ELEMENT":"f.4EA148EC701C5F901E073CD471E0C43C.d.CD0C516E4DEDC66022176B086402298C.e.7669"}]}
RESULT: {"script":"<script> [56 bytes]","args":[{"element-6066-11e4-a52e-4f735466cecf":"f.4EA148EC701C5F901E073CD471E0C43C.d.CD0C516E4DEDC66022176B086402298C.e.7669","ELEMENT":"f.4EA148EC701C5F901E073CD471E0C43C.d.CD0C516E4DEDC66022176B086402298C.e.7669"}]}
COMMAND: POST /session/65af7eee0b689fbc32704a37c909740d/element - {"using":"css selector","value":"#shell-header-logo"}
COMMAND: GET /session/65af7eee0b689fbc32704a37c909740d/screenshot - {}
RESULT: {"using":"css selector","value":"#shell-header-logo"}
COMMAND: POST /session/65af7eee0b689fbc32704a37c909740d/element/f.4EA148EC701C5F901E073CD471E0C43C.d.CD0C516E4DEDC66022176B086402298C.e.6637/click - {}
RESULT: {}
RESULT: {}
COMMAND: GET /session/65af7eee0b689fbc32704a37c909740d/screenshot - {}
RESULT: {}
]]></system-out>
    </testcase>
    <testcase classname="chrome.136_0_7103_49.windows.Create_master_data_for_mixed_billing_&amp;_do_billing_calculation_US151661" name="Should add one time condition" time="71.333">
      <system-out><![CDATA[
COMMAND: POST /session/65af7eee0b689fbc32704a37c909740d/execute/async - {"script":"<script> [1562 bytes]","args":[{"selector":{"controlType":"sap.m.Text","properties":{"text":"Manage Conditions & Prices"},"interaction":{"idSuffix":"inner"}},"wdio_ui5_key":"sapm.Text{\"text\":\"Manage Conditions & Prices\"}"}]}
RESULT: {"script":"<script> [1562 bytes]","args":[{"selector":{"controlType":"sap.m.Text","properties":{"text":"Manage Conditions & Prices"},"interaction":{"idSuffix":"inner"}},"wdio_ui5_key":"sapm.Text{\"text\":\"Manage Conditions & Prices\"}"}]}
RESULT: undefined
COMMAND: POST /session/65af7eee0b689fbc32704a37c909740d/element - {"using":"xpath","value":"//*[@id=\"__tile53-title\"]"}
RESULT: {"using":"xpath","value":"//*[@id=\"__tile53-title\"]"}
COMMAND: POST /session/65af7eee0b689fbc32704a37c909740d/element/f.4EA148EC701C5F901E073CD471E0C43C.d.CD0C516E4DEDC66022176B086402298C.e.7672/click - {}
RESULT: {}
COMMAND: POST /session/65af7eee0b689fbc32704a37c909740d/element - {"using":"xpath","value":"//button[@aria-label=\"Create\"]"}
COMMAND: GET /session/65af7eee0b689fbc32704a37c909740d/screenshot - {}
RESULT: {"using":"xpath","value":"//button[@aria-label=\"Create\"]"}
COMMAND: POST /session/65af7eee0b689fbc32704a37c909740d/elements - {"using":"xpath","value":"//button[@aria-label=\"Create\"]"}
RESULT: {}
RESULT: {"using":"xpath","value":"//button[@aria-label=\"Create\"]"}
COMMAND: POST /session/65af7eee0b689fbc32704a37c909740d/element - {"using":"xpath","value":"//button[@aria-label=\"Create\"]"}
RESULT: {"using":"xpath","value":"//button[@aria-label=\"Create\"]"}
COMMAND: POST /session/65af7eee0b689fbc32704a37c909740d/execute/sync - {"script":"<script> [8489 bytes]","args":[{"element-6066-11e4-a52e-4f735466cecf":"f.4EA148EC701C5F901E073CD471E0C43C.d.CD0C516E4DEDC66022176B086402298C.e.7706","ELEMENT":"f.4EA148EC701C5F901E073CD471E0C43C.d.CD0C516E4DEDC66022176B086402298C.e.7706"}]}
RESULT: {"script":"<script> [8489 bytes]","args":[{"element-6066-11e4-a52e-4f735466cecf":"f.4EA148EC701C5F901E073CD471E0C43C.d.CD0C516E4DEDC66022176B086402298C.e.7706","ELEMENT":"f.4EA148EC701C5F901E073CD471E0C43C.d.CD0C516E4DEDC66022176B086402298C.e.7706"}]}
COMMAND: GET /session/65af7eee0b689fbc32704a37c909740d/element/f.4EA148EC701C5F901E073CD471E0C43C.d.CD0C516E4DEDC66022176B086402298C.e.7706/enabled - {}
COMMAND: GET /session/65af7eee0b689fbc32704a37c909740d/screenshot - {}
RESULT: {}
COMMAND: POST /session/65af7eee0b689fbc32704a37c909740d/execute/sync - {"script":"<script> [8489 bytes]","args":[{"element-6066-11e4-a52e-4f735466cecf":"f.4EA148EC701C5F901E073CD471E0C43C.d.CD0C516E4DEDC66022176B086402298C.e.7706","ELEMENT":"f.4EA148EC701C5F901E073CD471E0C43C.d.CD0C516E4DEDC66022176B086402298C.e.7706"}]}
COMMAND: GET /session/65af7eee0b689fbc32704a37c909740d/screenshot - {}
RESULT: {}
RESULT: {"script":"<script> [8489 bytes]","args":[{"element-6066-11e4-a52e-4f735466cecf":"f.4EA148EC701C5F901E073CD471E0C43C.d.CD0C516E4DEDC66022176B086402298C.e.7706","ELEMENT":"f.4EA148EC701C5F901E073CD471E0C43C.d.CD0C516E4DEDC66022176B086402298C.e.7706"}]}
COMMAND: POST /session/65af7eee0b689fbc32704a37c909740d/execute/sync - {"script":"<script> [5351 bytes]","args":[{"element-6066-11e4-a52e-4f735466cecf":"f.4EA148EC701C5F901E073CD471E0C43C.d.CD0C516E4DEDC66022176B086402298C.e.7706","ELEMENT":"f.4EA148EC701C5F901E073CD471E0C43C.d.CD0C516E4DEDC66022176B086402298C.e.7706"}]}
COMMAND: GET /session/65af7eee0b689fbc32704a37c909740d/screenshot - {}
RESULT: {}
RESULT: {"script":"<script> [5351 bytes]","args":[{"element-6066-11e4-a52e-4f735466cecf":"f.4EA148EC701C5F901E073CD471E0C43C.d.CD0C516E4DEDC66022176B086402298C.e.7706","ELEMENT":"f.4EA148EC701C5F901E073CD471E0C43C.d.CD0C516E4DEDC66022176B086402298C.e.7706"}]}
COMMAND: POST /session/65af7eee0b689fbc32704a37c909740d/element/f.4EA148EC701C5F901E073CD471E0C43C.d.CD0C516E4DEDC66022176B086402298C.e.7706/click - {}
COMMAND: GET /session/65af7eee0b689fbc32704a37c909740d/screenshot - {}
RESULT: {}
RESULT: {}
COMMAND: GET /session/65af7eee0b689fbc32704a37c909740d/screenshot - {}
RESULT: {}
RESULT: {}
COMMAND: POST /session/65af7eee0b689fbc32704a37c909740d/actions - {"actions":[{"id":"action30","type":"key","parameters":{},"actions":[{"type":"keyDown","value":"î€‡"},{"type":"pause","duration":10},{"type":"keyUp","value":"î€‡"}]}]}
RESULT: {"actions":[{"id":"action30","type":"key","parameters":{},"actions":[{"type":"keyDown","value":"î€‡"},{"type":"pause","duration":10},{"type":"keyUp","value":"î€‡"}]}]}
COMMAND: GET /session/65af7eee0b689fbc32704a37c909740d/screenshot - {}
RESULT: {}
COMMAND: POST /session/65af7eee0b689fbc32704a37c909740d/execute/async - {"script":"<script> [1562 bytes]","args":[{"selector":{"id":"application-manageconditionprice-display-component---newCondition--condBillCond-arrow"},"wdio_ui5_key":"applicationmanageconditionprice-display-component---newCondition--condBillCond-arrow"}]}
RESULT: {"script":"<script> [1562 bytes]","args":[{"selector":{"id":"application-manageconditionprice-display-component---newCondition--condBillCond-arrow"},"wdio_ui5_key":"applicationmanageconditionprice-display-component---newCondition--condBillCond-arrow"}]}
RESULT: undefined
COMMAND: POST /session/65af7eee0b689fbc32704a37c909740d/element - {"using":"xpath","value":"//*[@id=\"application-manageconditionprice-display-component---newCondition--condBillCond-arrow\"]"}
RESULT: {"using":"xpath","value":"//*[@id=\"application-manageconditionprice-display-component---newCondition--condBillCond-arrow\"]"}
COMMAND: POST /session/65af7eee0b689fbc32704a37c909740d/element/f.4EA148EC701C5F901E073CD471E0C43C.d.CD0C516E4DEDC66022176B086402298C.e.7886/click - {}
RESULT: {}
COMMAND: GET /session/65af7eee0b689fbc32704a37c909740d/screenshot - {}
RESULT: {}
COMMAND: POST /session/65af7eee0b689fbc32704a37c909740d/element - {"using":"xpath","value":"//li[.//span[contains(text(), \"SAPR - Sales price\")]]"}
RESULT: {"using":"xpath","value":"//li[.//span[contains(text(), \"SAPR - Sales price\")]]"}
COMMAND: POST /session/65af7eee0b689fbc32704a37c909740d/element/f.4EA148EC701C5F901E073CD471E0C43C.d.CD0C516E4DEDC66022176B086402298C.e.7889/click - {}
RESULT: {}
COMMAND: GET /session/65af7eee0b689fbc32704a37c909740d/screenshot - {}
RESULT: {}
COMMAND: POST /session/65af7eee0b689fbc32704a37c909740d/execute/async - {"script":"<script> [1562 bytes]","args":[{"selector":{"id":"application-manageconditionprice-display-component---newCondition--condValidTo","interaction":{"idSuffix":"inner"}},"wdio_ui5_key":"applicationmanageconditionprice-display-component---newCondition--condValidTo"}]}
RESULT: {"script":"<script> [1562 bytes]","args":[{"selector":{"id":"application-manageconditionprice-display-component---newCondition--condValidTo","interaction":{"idSuffix":"inner"}},"wdio_ui5_key":"applicationmanageconditionprice-display-component---newCondition--condValidTo"}]}
RESULT: undefined
COMMAND: POST /session/65af7eee0b689fbc32704a37c909740d/execute/async - {"script":"<script> [776 bytes]","args":[{"enterText":"01/13/26","selector":{"id":"application-manageconditionprice-display-component---newCondition--condValidTo","interaction":{"idSuffix":"inner"}},"clearTextFirst":true,"interactionType":"ENTER_TEXT"}]}
RESULT: {"script":"<script> [776 bytes]","args":[{"enterText":"01/13/26","selector":{"id":"application-manageconditionprice-display-component---newCondition--condValidTo","interaction":{"idSuffix":"inner"}},"clearTextFirst":true,"interactionType":"ENTER_TEXT"}]}
COMMAND: POST /session/65af7eee0b689fbc32704a37c909740d/element - {"using":"xpath","value":"//input[@id=\"application-manageconditionprice-display-component---newCondition--condRU-inner\"]"}
RESULT: {"using":"xpath","value":"//input[@id=\"application-manageconditionprice-display-component---newCondition--condRU-inner\"]"}
COMMAND: POST /session/65af7eee0b689fbc32704a37c909740d/element/f.4EA148EC701C5F901E073CD471E0C43C.d.CD0C516E4DEDC66022176B086402298C.e.7752/clear - {}
RESULT: {}
COMMAND: POST /session/65af7eee0b689fbc32704a37c909740d/element/f.4EA148EC701C5F901E073CD471E0C43C.d.CD0C516E4DEDC66022176B086402298C.e.7752/value - {"text":"moWSbTldTs"}
COMMAND: GET /session/65af7eee0b689fbc32704a37c909740d/screenshot - {}
RESULT: {"text":"moWSbTldTs"}
COMMAND: GET /session/65af7eee0b689fbc32704a37c909740d/screenshot - {}
RESULT: {}
RESULT: {}
COMMAND: POST /session/65af7eee0b689fbc32704a37c909740d/actions - {"actions":[{"id":"action31","type":"key","parameters":{},"actions":[{"type":"keyDown","value":"î€‡"},{"type":"pause","duration":10},{"type":"keyUp","value":"î€‡"}]}]}
RESULT: {"actions":[{"id":"action31","type":"key","parameters":{},"actions":[{"type":"keyDown","value":"î€‡"},{"type":"pause","duration":10},{"type":"keyUp","value":"î€‡"}]}]}
COMMAND: POST /session/65af7eee0b689fbc32704a37c909740d/execute/async - {"script":"<script> [1562 bytes]","args":[{"selector":{"id":"application-manageconditionprice-display-component---newCondition--condBaseQty","interaction":{"idSuffix":"inner"}},"wdio_ui5_key":"applicationmanageconditionprice-display-component---newCondition--condBaseQty"}]}
COMMAND: GET /session/65af7eee0b689fbc32704a37c909740d/screenshot - {}
RESULT: {"script":"<script> [1562 bytes]","args":[{"selector":{"id":"application-manageconditionprice-display-component---newCondition--condBaseQty","interaction":{"idSuffix":"inner"}},"wdio_ui5_key":"applicationmanageconditionprice-display-component---newCondition--condBaseQty"}]}
RESULT: undefined
COMMAND: POST /session/65af7eee0b689fbc32704a37c909740d/execute/async - {"script":"<script> [776 bytes]","args":[{"enterText":"1","selector":{"id":"application-manageconditionprice-display-component---newCondition--condBaseQty","interaction":{"idSuffix":"inner"}},"clearTextFirst":true,"interactionType":"ENTER_TEXT"}]}
RESULT: {}
RESULT: {"script":"<script> [776 bytes]","args":[{"enterText":"1","selector":{"id":"application-manageconditionprice-display-component---newCondition--condBaseQty","interaction":{"idSuffix":"inner"}},"clearTextFirst":true,"interactionType":"ENTER_TEXT"}]}
COMMAND: POST /session/65af7eee0b689fbc32704a37c909740d/execute/async - {"script":"<script> [1562 bytes]","args":[{"selector":{"id":"application-manageconditionprice-display-component---newCondition--condValue","interaction":{"idSuffix":"inner"}},"wdio_ui5_key":"applicationmanageconditionprice-display-component---newCondition--condValue"}]}
RESULT: {"script":"<script> [1562 bytes]","args":[{"selector":{"id":"application-manageconditionprice-display-component---newCondition--condValue","interaction":{"idSuffix":"inner"}},"wdio_ui5_key":"applicationmanageconditionprice-display-component---newCondition--condValue"}]}
RESULT: undefined
COMMAND: POST /session/65af7eee0b689fbc32704a37c909740d/execute/async - {"script":"<script> [776 bytes]","args":[{"enterText":"200","selector":{"id":"application-manageconditionprice-display-component---newCondition--condValue","interaction":{"idSuffix":"inner"}},"clearTextFirst":true,"interactionType":"ENTER_TEXT"}]}
RESULT: {"script":"<script> [776 bytes]","args":[{"enterText":"200","selector":{"id":"application-manageconditionprice-display-component---newCondition--condValue","interaction":{"idSuffix":"inner"}},"clearTextFirst":true,"interactionType":"ENTER_TEXT"}]}
COMMAND: POST /session/65af7eee0b689fbc32704a37c909740d/execute/async - {"script":"<script> [1562 bytes]","args":[{"selector":{"id":"application-manageconditionprice-display-component---newCondition--condCurr-arrow"},"wdio_ui5_key":"applicationmanageconditionprice-display-component---newCondition--condCurr-arrow"}]}
RESULT: {"script":"<script> [1562 bytes]","args":[{"selector":{"id":"application-manageconditionprice-display-component---newCondition--condCurr-arrow"},"wdio_ui5_key":"applicationmanageconditionprice-display-component---newCondition--condCurr-arrow"}]}
RESULT: undefined
COMMAND: POST /session/65af7eee0b689fbc32704a37c909740d/element - {"using":"xpath","value":"//*[@id=\"application-manageconditionprice-display-component---newCondition--condCurr-arrow\"]"}
RESULT: {"using":"xpath","value":"//*[@id=\"application-manageconditionprice-display-component---newCondition--condCurr-arrow\"]"}
COMMAND: POST /session/65af7eee0b689fbc32704a37c909740d/element/f.4EA148EC701C5F901E073CD471E0C43C.d.CD0C516E4DEDC66022176B086402298C.e.7868/click - {}
RESULT: {}
COMMAND: POST /session/65af7eee0b689fbc32704a37c909740d/element - {"using":"xpath","value":"//span[contains(text(), \"Euro\")]"}
COMMAND: GET /session/65af7eee0b689fbc32704a37c909740d/screenshot - {}
RESULT: {"using":"xpath","value":"//span[contains(text(), \"Euro\")]"}
COMMAND: POST /session/65af7eee0b689fbc32704a37c909740d/element/f.4EA148EC701C5F901E073CD471E0C43C.d.CD0C516E4DEDC66022176B086402298C.e.7929/click - {}
RESULT: {}
RESULT: {}
COMMAND: POST /session/65af7eee0b689fbc32704a37c909740d/element - {"using":"xpath","value":"//button[@data-kt=\"saveButton\"]"}
COMMAND: GET /session/65af7eee0b689fbc32704a37c909740d/screenshot - {}
RESULT: {"using":"xpath","value":"//button[@data-kt=\"saveButton\"]"}
COMMAND: POST /session/65af7eee0b689fbc32704a37c909740d/element/f.4EA148EC701C5F901E073CD471E0C43C.d.CD0C516E4DEDC66022176B086402298C.e.7869/click - {}
RESULT: {}
RESULT: {}
COMMAND: GET /session/65af7eee0b689fbc32704a37c909740d/screenshot - {}
RESULT: {}
COMMAND: POST /session/65af7eee0b689fbc32704a37c909740d/execute/async - {"script":"<script> [1562 bytes]","args":[{"selector":{"id":"application-manageconditionprice-display-component---conditions--smartFilterBar-btnBasicSearch","interaction":{"idSuffix":"I"}},"wdio_ui5_key":"applicationmanageconditionprice-display-component---conditions--smartFilterBar-btnBasicSearch"}]}
RESULT: {"script":"<script> [1562 bytes]","args":[{"selector":{"id":"application-manageconditionprice-display-component---conditions--smartFilterBar-btnBasicSearch","interaction":{"idSuffix":"I"}},"wdio_ui5_key":"applicationmanageconditionprice-display-component---conditions--smartFilterBar-btnBasicSearch"}]}
RESULT: undefined
COMMAND: POST /session/65af7eee0b689fbc32704a37c909740d/execute/async - {"script":"<script> [776 bytes]","args":[{"enterText":"moWSbTldTs","selector":{"id":"application-manageconditionprice-display-component---conditions--smartFilterBar-btnBasicSearch","interaction":{"idSuffix":"I"}},"clearTextFirst":true,"interactionType":"ENTER_TEXT"}]}
RESULT: {"script":"<script> [776 bytes]","args":[{"enterText":"moWSbTldTs","selector":{"id":"application-manageconditionprice-display-component---conditions--smartFilterBar-btnBasicSearch","interaction":{"idSuffix":"I"}},"clearTextFirst":true,"interactionType":"ENTER_TEXT"}]}
COMMAND: POST /session/65af7eee0b689fbc32704a37c909740d/actions - {"actions":[{"id":"action32","type":"key","parameters":{},"actions":[{"type":"keyDown","value":"î€‡"},{"type":"pause","duration":10},{"type":"keyUp","value":"î€‡"}]}]}
RESULT: {"actions":[{"id":"action32","type":"key","parameters":{},"actions":[{"type":"keyDown","value":"î€‡"},{"type":"pause","duration":10},{"type":"keyUp","value":"î€‡"}]}]}
COMMAND: GET /session/65af7eee0b689fbc32704a37c909740d/screenshot - {}
RESULT: {}
COMMAND: POST /session/65af7eee0b689fbc32704a37c909740d/execute/async - {"script":"<script> [1562 bytes]","args":[{"selector":{"id":"application-manageconditionprice-display-component---conditions--smartFilterBar-filterItemControl_BASIC-BILL_TYPES-vhi"},"wdio_ui5_key":"applicationmanageconditionprice-display-component---conditions--smartFilterBar-filterItemControl_BASIC-BILL_TYPES-vhi"}]}
RESULT: {"script":"<script> [1562 bytes]","args":[{"selector":{"id":"application-manageconditionprice-display-component---conditions--smartFilterBar-filterItemControl_BASIC-BILL_TYPES-vhi"},"wdio_ui5_key":"applicationmanageconditionprice-display-component---conditions--smartFilterBar-filterItemControl_BASIC-BILL_TYPES-vhi"}]}
RESULT: undefined
COMMAND: POST /session/65af7eee0b689fbc32704a37c909740d/element - {"using":"xpath","value":"//*[@id=\"application-manageconditionprice-display-component---conditions--smartFilterBar-filterItemControl_BASIC-BILL_TYPES-vhi\"]"}
RESULT: {"using":"xpath","value":"//*[@id=\"application-manageconditionprice-display-component---conditions--smartFilterBar-filterItemControl_BASIC-BILL_TYPES-vhi\"]"}
COMMAND: POST /session/65af7eee0b689fbc32704a37c909740d/element/f.4EA148EC701C5F901E073CD471E0C43C.d.CD0C516E4DEDC66022176B086402298C.e.8036/click - {}
RESULT: {}
COMMAND: POST /session/65af7eee0b689fbc32704a37c909740d/execute/async - {"script":"<script> [1562 bytes]","args":[{"selector":{"id":"application-manageconditionprice-display-component---conditions--smartFilterBar-filterItemControl_BASIC-BILL_TYPES-valueHelpDialog-smartFilterBar-btnBasicSearch","searchOpenDialogs":true,"interaction":{"idSuffix":"I"}},"wdio_ui5_key":"applicationmanageconditionprice-display-component---conditions--smartFilterBar-filterItemControl_BASIC-BILL_TYPES-valueHelpDialog-smartFilterBar-btnBasicSearch"}]}
COMMAND: GET /session/65af7eee0b689fbc32704a37c909740d/screenshot - {}
RESULT: {}
RESULT: {"script":"<script> [1562 bytes]","args":[{"selector":{"id":"application-manageconditionprice-display-component---conditions--smartFilterBar-filterItemControl_BASIC-BILL_TYPES-valueHelpDialog-smartFilterBar-btnBasicSearch","searchOpenDialogs":true,"interaction":{"idSuffix":"I"}},"wdio_ui5_key":"applicationmanageconditionprice-display-component---conditions--smartFilterBar-filterItemControl_BASIC-BILL_TYPES-valueHelpDialog-smartFilterBar-btnBasicSearch"}]}
RESULT: undefined
COMMAND: POST /session/65af7eee0b689fbc32704a37c909740d/execute/async - {"script":"<script> [776 bytes]","args":[{"enterText":"one","selector":{"id":"application-manageconditionprice-display-component---conditions--smartFilterBar-filterItemControl_BASIC-BILL_TYPES-valueHelpDialog-smartFilterBar-btnBasicSearch","searchOpenDialogs":true,"interaction":{"idSuffix":"I"}},"clearTextFirst":true,"interactionType":"ENTER_TEXT"}]}
RESULT: {"script":"<script> [776 bytes]","args":[{"enterText":"one","selector":{"id":"application-manageconditionprice-display-component---conditions--smartFilterBar-filterItemControl_BASIC-BILL_TYPES-valueHelpDialog-smartFilterBar-btnBasicSearch","searchOpenDialogs":true,"interaction":{"idSuffix":"I"}},"clearTextFirst":true,"interactionType":"ENTER_TEXT"}]}
COMMAND: POST /session/65af7eee0b689fbc32704a37c909740d/actions - {"actions":[{"id":"action33","type":"key","parameters":{},"actions":[{"type":"keyDown","value":"î€‡"},{"type":"pause","duration":10},{"type":"keyUp","value":"î€‡"}]}]}
RESULT: {"actions":[{"id":"action33","type":"key","parameters":{},"actions":[{"type":"keyDown","value":"î€‡"},{"type":"pause","duration":10},{"type":"keyUp","value":"î€‡"}]}]}
COMMAND: GET /session/65af7eee0b689fbc32704a37c909740d/screenshot - {}
RESULT: {}
COMMAND: POST /session/65af7eee0b689fbc32704a37c909740d/element - {"using":"xpath","value":"//div[contains(@id, 'application-manageconditionprice-display-component---conditions--smartFilterBar-filterItemControl_BASIC-BILL_TYPES-valueHelpDialog-table-rowsel0')]"}
RESULT: {"using":"xpath","value":"//div[contains(@id, 'application-manageconditionprice-display-component---conditions--smartFilterBar-filterItemControl_BASIC-BILL_TYPES-valueHelpDialog-table-rowsel0')]"}
COMMAND: POST /session/65af7eee0b689fbc32704a37c909740d/element/f.4EA148EC701C5F901E073CD471E0C43C.d.CD0C516E4DEDC66022176B086402298C.e.8046/click - {}
RESULT: {}
COMMAND: GET /session/65af7eee0b689fbc32704a37c909740d/screenshot - {}
RESULT: {}
COMMAND: POST /session/65af7eee0b689fbc32704a37c909740d/element - {"using":"xpath","value":"//bdi[contains(text(), \"OK\")]"}
RESULT: {"using":"xpath","value":"//bdi[contains(text(), \"OK\")]"}
COMMAND: POST /session/65af7eee0b689fbc32704a37c909740d/element/f.4EA148EC701C5F901E073CD471E0C43C.d.CD0C516E4DEDC66022176B086402298C.e.8048/click - {}
RESULT: {}
COMMAND: GET /session/65af7eee0b689fbc32704a37c909740d/screenshot - {}
RESULT: {}
COMMAND: POST /session/65af7eee0b689fbc32704a37c909740d/element - {"using":"xpath","value":"//span[@id=\"application-manageconditionprice-display-component---conditions--smartTable-header-inner\"]"}
RESULT: {"using":"xpath","value":"//span[@id=\"application-manageconditionprice-display-component---conditions--smartTable-header-inner\"]"}
COMMAND: POST /session/65af7eee0b689fbc32704a37c909740d/elements - {"using":"xpath","value":"//span[@id=\"application-manageconditionprice-display-component---conditions--smartTable-header-inner\"]"}
RESULT: {"using":"xpath","value":"//span[@id=\"application-manageconditionprice-display-component---conditions--smartTable-header-inner\"]"}
COMMAND: POST /session/65af7eee0b689fbc32704a37c909740d/execute/sync - {"script":"<script> [56 bytes]","args":[{"element-6066-11e4-a52e-4f735466cecf":"f.4EA148EC701C5F901E073CD471E0C43C.d.CD0C516E4DEDC66022176B086402298C.e.8051","ELEMENT":"f.4EA148EC701C5F901E073CD471E0C43C.d.CD0C516E4DEDC66022176B086402298C.e.8051"}]}
RESULT: {"script":"<script> [56 bytes]","args":[{"element-6066-11e4-a52e-4f735466cecf":"f.4EA148EC701C5F901E073CD471E0C43C.d.CD0C516E4DEDC66022176B086402298C.e.8051","ELEMENT":"f.4EA148EC701C5F901E073CD471E0C43C.d.CD0C516E4DEDC66022176B086402298C.e.8051"}]}
COMMAND: POST /session/65af7eee0b689fbc32704a37c909740d/element - {"using":"css selector","value":"#shell-header-logo"}
COMMAND: GET /session/65af7eee0b689fbc32704a37c909740d/screenshot - {}
RESULT: {"using":"css selector","value":"#shell-header-logo"}
COMMAND: POST /session/65af7eee0b689fbc32704a37c909740d/element/f.4EA148EC701C5F901E073CD471E0C43C.d.CD0C516E4DEDC66022176B086402298C.e.7674/click - {}
RESULT: {}
RESULT: {}
COMMAND: GET /session/65af7eee0b689fbc32704a37c909740d/screenshot - {}
RESULT: {}
]]></system-out>
    </testcase>
    <testcase classname="chrome.136_0_7103_49.windows.Create_master_data_for_mixed_billing_&amp;_do_billing_calculation_US151661" name="Should add performance based condition" time="67.807">
      <system-out><![CDATA[
RESULT: undefined
COMMAND: POST /session/65af7eee0b689fbc32704a37c909740d/element - {"using":"xpath","value":"//*[@id=\"__tile53-title\"]"}
RESULT: {"using":"xpath","value":"//*[@id=\"__tile53-title\"]"}
COMMAND: POST /session/65af7eee0b689fbc32704a37c909740d/element/f.4EA148EC701C5F901E073CD471E0C43C.d.CD0C516E4DEDC66022176B086402298C.e.7672/click - {}
RESULT: {}
COMMAND: POST /session/65af7eee0b689fbc32704a37c909740d/element - {"using":"xpath","value":"//button[@aria-label=\"Create\"]"}
COMMAND: GET /session/65af7eee0b689fbc32704a37c909740d/screenshot - {}
RESULT: {"using":"xpath","value":"//button[@aria-label=\"Create\"]"}
COMMAND: POST /session/65af7eee0b689fbc32704a37c909740d/elements - {"using":"xpath","value":"//button[@aria-label=\"Create\"]"}
RESULT: {}
RESULT: {"using":"xpath","value":"//button[@aria-label=\"Create\"]"}
COMMAND: POST /session/65af7eee0b689fbc32704a37c909740d/execute/sync - {"script":"<script> [8489 bytes]","args":[{"element-6066-11e4-a52e-4f735466cecf":"f.4EA148EC701C5F901E073CD471E0C43C.d.CD0C516E4DEDC66022176B086402298C.e.8091","ELEMENT":"f.4EA148EC701C5F901E073CD471E0C43C.d.CD0C516E4DEDC66022176B086402298C.e.8091"}]}
RESULT: {"script":"<script> [8489 bytes]","args":[{"element-6066-11e4-a52e-4f735466cecf":"f.4EA148EC701C5F901E073CD471E0C43C.d.CD0C516E4DEDC66022176B086402298C.e.8091","ELEMENT":"f.4EA148EC701C5F901E073CD471E0C43C.d.CD0C516E4DEDC66022176B086402298C.e.8091"}]}
COMMAND: GET /session/65af7eee0b689fbc32704a37c909740d/element/f.4EA148EC701C5F901E073CD471E0C43C.d.CD0C516E4DEDC66022176B086402298C.e.8091/enabled - {}
COMMAND: GET /session/65af7eee0b689fbc32704a37c909740d/screenshot - {}
RESULT: {}
COMMAND: POST /session/65af7eee0b689fbc32704a37c909740d/execute/sync - {"script":"<script> [8489 bytes]","args":[{"element-6066-11e4-a52e-4f735466cecf":"f.4EA148EC701C5F901E073CD471E0C43C.d.CD0C516E4DEDC66022176B086402298C.e.8091","ELEMENT":"f.4EA148EC701C5F901E073CD471E0C43C.d.CD0C516E4DEDC66022176B086402298C.e.8091"}]}
COMMAND: GET /session/65af7eee0b689fbc32704a37c909740d/screenshot - {}
RESULT: {}
RESULT: {"script":"<script> [8489 bytes]","args":[{"element-6066-11e4-a52e-4f735466cecf":"f.4EA148EC701C5F901E073CD471E0C43C.d.CD0C516E4DEDC66022176B086402298C.e.8091","ELEMENT":"f.4EA148EC701C5F901E073CD471E0C43C.d.CD0C516E4DEDC66022176B086402298C.e.8091"}]}
COMMAND: POST /session/65af7eee0b689fbc32704a37c909740d/execute/sync - {"script":"<script> [5351 bytes]","args":[{"element-6066-11e4-a52e-4f735466cecf":"f.4EA148EC701C5F901E073CD471E0C43C.d.CD0C516E4DEDC66022176B086402298C.e.8091","ELEMENT":"f.4EA148EC701C5F901E073CD471E0C43C.d.CD0C516E4DEDC66022176B086402298C.e.8091"}]}
COMMAND: GET /session/65af7eee0b689fbc32704a37c909740d/screenshot - {}
RESULT: {}
RESULT: {"script":"<script> [5351 bytes]","args":[{"element-6066-11e4-a52e-4f735466cecf":"f.4EA148EC701C5F901E073CD471E0C43C.d.CD0C516E4DEDC66022176B086402298C.e.8091","ELEMENT":"f.4EA148EC701C5F901E073CD471E0C43C.d.CD0C516E4DEDC66022176B086402298C.e.8091"}]}
COMMAND: POST /session/65af7eee0b689fbc32704a37c909740d/element/f.4EA148EC701C5F901E073CD471E0C43C.d.CD0C516E4DEDC66022176B086402298C.e.8091/click - {}
COMMAND: GET /session/65af7eee0b689fbc32704a37c909740d/screenshot - {}
RESULT: {}
RESULT: {}
COMMAND: GET /session/65af7eee0b689fbc32704a37c909740d/screenshot - {}
RESULT: {}
RESULT: {}
COMMAND: POST /session/65af7eee0b689fbc32704a37c909740d/actions - {"actions":[{"id":"action34","type":"key","parameters":{},"actions":[{"type":"keyDown","value":"î€‡"},{"type":"pause","duration":10},{"type":"keyUp","value":"î€‡"}]}]}
RESULT: {"actions":[{"id":"action34","type":"key","parameters":{},"actions":[{"type":"keyDown","value":"î€‡"},{"type":"pause","duration":10},{"type":"keyUp","value":"î€‡"}]}]}
COMMAND: GET /session/65af7eee0b689fbc32704a37c909740d/screenshot - {}
RESULT: undefined
COMMAND: POST /session/65af7eee0b689fbc32704a37c909740d/element - {"using":"xpath","value":"//*[@id=\"application-manageconditionprice-display-component---newCondition--condBillCond-arrow\"]"}
RESULT: {}
RESULT: {"using":"xpath","value":"//*[@id=\"application-manageconditionprice-display-component---newCondition--condBillCond-arrow\"]"}
COMMAND: POST /session/65af7eee0b689fbc32704a37c909740d/element/f.4EA148EC701C5F901E073CD471E0C43C.d.CD0C516E4DEDC66022176B086402298C.e.8430/click - {}
RESULT: {}
COMMAND: GET /session/65af7eee0b689fbc32704a37c909740d/screenshot - {}
COMMAND: POST /session/65af7eee0b689fbc32704a37c909740d/element - {"using":"xpath","value":"//li[.//span[contains(text(), \"PC06 - Performance Price - fuel\")]]"}
RESULT: {}
RESULT: {"using":"xpath","value":"//li[.//span[contains(text(), \"PC06 - Performance Price - fuel\")]]"}
COMMAND: POST /session/65af7eee0b689fbc32704a37c909740d/element/f.4EA148EC701C5F901E073CD471E0C43C.d.CD0C516E4DEDC66022176B086402298C.e.8433/click - {}
RESULT: {}
COMMAND: GET /session/65af7eee0b689fbc32704a37c909740d/screenshot - {}
RESULT: {}
RESULT: undefined
COMMAND: POST /session/65af7eee0b689fbc32704a37c909740d/execute/async - {"script":"<script> [776 bytes]","args":[{"enterText":"01/13/26","selector":{"id":"application-manageconditionprice-display-component---newCondition--condValidTo","interaction":{"idSuffix":"inner"}},"clearTextFirst":true,"interactionType":"ENTER_TEXT"}]}
RESULT: {"script":"<script> [776 bytes]","args":[{"enterText":"01/13/26","selector":{"id":"application-manageconditionprice-display-component---newCondition--condValidTo","interaction":{"idSuffix":"inner"}},"clearTextFirst":true,"interactionType":"ENTER_TEXT"}]}
COMMAND: POST /session/65af7eee0b689fbc32704a37c909740d/element - {"using":"xpath","value":"//input[@id=\"application-manageconditionprice-display-component---newCondition--condRU-inner\"]"}
RESULT: {"using":"xpath","value":"//input[@id=\"application-manageconditionprice-display-component---newCondition--condRU-inner\"]"}
COMMAND: POST /session/65af7eee0b689fbc32704a37c909740d/element/f.4EA148EC701C5F901E073CD471E0C43C.d.CD0C516E4DEDC66022176B086402298C.e.8221/clear - {}
RESULT: {}
COMMAND: POST /session/65af7eee0b689fbc32704a37c909740d/element/f.4EA148EC701C5F901E073CD471E0C43C.d.CD0C516E4DEDC66022176B086402298C.e.8221/value - {"text":"moWSbTldTs"}
COMMAND: GET /session/65af7eee0b689fbc32704a37c909740d/screenshot - {}
RESULT: {"text":"moWSbTldTs"}
COMMAND: GET /session/65af7eee0b689fbc32704a37c909740d/screenshot - {}
RESULT: {}
RESULT: {}
COMMAND: POST /session/65af7eee0b689fbc32704a37c909740d/actions - {"actions":[{"id":"action35","type":"key","parameters":{},"actions":[{"type":"keyDown","value":"î€‡"},{"type":"pause","duration":10},{"type":"keyUp","value":"î€‡"}]}]}
RESULT: {"actions":[{"id":"action35","type":"key","parameters":{},"actions":[{"type":"keyDown","value":"î€‡"},{"type":"pause","duration":10},{"type":"keyUp","value":"î€‡"}]}]}
RESULT: undefined
COMMAND: POST /session/65af7eee0b689fbc32704a37c909740d/execute/async - {"script":"<script> [776 bytes]","args":[{"enterText":"1","selector":{"id":"application-manageconditionprice-display-component---newCondition--condBaseQty","interaction":{"idSuffix":"inner"}},"clearTextFirst":true,"interactionType":"ENTER_TEXT"}]}
COMMAND: GET /session/65af7eee0b689fbc32704a37c909740d/screenshot - {}
RESULT: {"script":"<script> [776 bytes]","args":[{"enterText":"1","selector":{"id":"application-manageconditionprice-display-component---newCondition--condBaseQty","interaction":{"idSuffix":"inner"}},"clearTextFirst":true,"interactionType":"ENTER_TEXT"}]}
RESULT: undefined
COMMAND: POST /session/65af7eee0b689fbc32704a37c909740d/execute/async - {"script":"<script> [776 bytes]","args":[{"enterText":"10","selector":{"id":"application-manageconditionprice-display-component---newCondition--condValue","interaction":{"idSuffix":"inner"}},"clearTextFirst":true,"interactionType":"ENTER_TEXT"}]}
RESULT: {}
RESULT: {"script":"<script> [776 bytes]","args":[{"enterText":"10","selector":{"id":"application-manageconditionprice-display-component---newCondition--condValue","interaction":{"idSuffix":"inner"}},"clearTextFirst":true,"interactionType":"ENTER_TEXT"}]}
RESULT: undefined
COMMAND: POST /session/65af7eee0b689fbc32704a37c909740d/element - {"using":"xpath","value":"//*[@id=\"application-manageconditionprice-display-component---newCondition--condCurr-arrow\"]"}
RESULT: {"using":"xpath","value":"//*[@id=\"application-manageconditionprice-display-component---newCondition--condCurr-arrow\"]"}
COMMAND: POST /session/65af7eee0b689fbc32704a37c909740d/element/f.4EA148EC701C5F901E073CD471E0C43C.d.CD0C516E4DEDC66022176B086402298C.e.8386/click - {}
RESULT: {}
COMMAND: POST /session/65af7eee0b689fbc32704a37c909740d/element - {"using":"xpath","value":"//span[contains(text(), \"Euro\")]"}
COMMAND: GET /session/65af7eee0b689fbc32704a37c909740d/screenshot - {}
RESULT: {"using":"xpath","value":"//span[contains(text(), \"Euro\")]"}
COMMAND: POST /session/65af7eee0b689fbc32704a37c909740d/element/f.4EA148EC701C5F901E073CD471E0C43C.d.CD0C516E4DEDC66022176B086402298C.e.8466/click - {}
RESULT: {}
RESULT: {}
COMMAND: POST /session/65af7eee0b689fbc32704a37c909740d/element - {"using":"xpath","value":"//button[@data-kt=\"saveButton\"]"}
COMMAND: GET /session/65af7eee0b689fbc32704a37c909740d/screenshot - {}
RESULT: {"using":"xpath","value":"//button[@data-kt=\"saveButton\"]"}
COMMAND: POST /session/65af7eee0b689fbc32704a37c909740d/element/f.4EA148EC701C5F901E073CD471E0C43C.d.CD0C516E4DEDC66022176B086402298C.e.8387/click - {}
RESULT: {}
RESULT: {}
COMMAND: GET /session/65af7eee0b689fbc32704a37c909740d/screenshot - {}
RESULT: {}
RESULT: undefined
COMMAND: POST /session/65af7eee0b689fbc32704a37c909740d/execute/async - {"script":"<script> [776 bytes]","args":[{"enterText":"moWSbTldTs","selector":{"id":"application-manageconditionprice-display-component---conditions--smartFilterBar-btnBasicSearch","interaction":{"idSuffix":"I"}},"clearTextFirst":true,"interactionType":"ENTER_TEXT"}]}
RESULT: {"script":"<script> [776 bytes]","args":[{"enterText":"moWSbTldTs","selector":{"id":"application-manageconditionprice-display-component---conditions--smartFilterBar-btnBasicSearch","interaction":{"idSuffix":"I"}},"clearTextFirst":true,"interactionType":"ENTER_TEXT"}]}
COMMAND: POST /session/65af7eee0b689fbc32704a37c909740d/actions - {"actions":[{"id":"action36","type":"key","parameters":{},"actions":[{"type":"keyDown","value":"î€‡"},{"type":"pause","duration":10},{"type":"keyUp","value":"î€‡"}]}]}
RESULT: {"actions":[{"id":"action36","type":"key","parameters":{},"actions":[{"type":"keyDown","value":"î€‡"},{"type":"pause","duration":10},{"type":"keyUp","value":"î€‡"}]}]}
COMMAND: GET /session/65af7eee0b689fbc32704a37c909740d/screenshot - {}
RESULT: {}
RESULT: undefined
COMMAND: POST /session/65af7eee0b689fbc32704a37c909740d/element - {"using":"xpath","value":"//*[@id=\"application-manageconditionprice-display-component---conditions--smartFilterBar-filterItemControl_BASIC-BILL_TYPES-vhi\"]"}
RESULT: {"using":"xpath","value":"//*[@id=\"application-manageconditionprice-display-component---conditions--smartFilterBar-filterItemControl_BASIC-BILL_TYPES-vhi\"]"}
COMMAND: POST /session/65af7eee0b689fbc32704a37c909740d/element/f.4EA148EC701C5F901E073CD471E0C43C.d.CD0C516E4DEDC66022176B086402298C.e.8649/click - {}
RESULT: {}
RESULT: undefined
COMMAND: POST /session/65af7eee0b689fbc32704a37c909740d/execute/async - {"script":"<script> [776 bytes]","args":[{"enterText":"PB","selector":{"id":"application-manageconditionprice-display-component---conditions--smartFilterBar-filterItemControl_BASIC-BILL_TYPES-valueHelpDialog-smartFilterBar-btnBasicSearch","searchOpenDialogs":true,"interaction":{"idSuffix":"I"}},"clearTextFirst":true,"interactionType":"ENTER_TEXT"}]}
COMMAND: GET /session/65af7eee0b689fbc32704a37c909740d/screenshot - {}
RESULT: {"script":"<script> [776 bytes]","args":[{"enterText":"PB","selector":{"id":"application-manageconditionprice-display-component---conditions--smartFilterBar-filterItemControl_BASIC-BILL_TYPES-valueHelpDialog-smartFilterBar-btnBasicSearch","searchOpenDialogs":true,"interaction":{"idSuffix":"I"}},"clearTextFirst":true,"interactionType":"ENTER_TEXT"}]}
COMMAND: POST /session/65af7eee0b689fbc32704a37c909740d/actions - {"actions":[{"id":"action37","type":"key","parameters":{},"actions":[{"type":"keyDown","value":"î€‡"},{"type":"pause","duration":10},{"type":"keyUp","value":"î€‡"}]}]}
RESULT: {}
RESULT: {"actions":[{"id":"action37","type":"key","parameters":{},"actions":[{"type":"keyDown","value":"î€‡"},{"type":"pause","duration":10},{"type":"keyUp","value":"î€‡"}]}]}
COMMAND: GET /session/65af7eee0b689fbc32704a37c909740d/screenshot - {}
RESULT: {}
COMMAND: POST /session/65af7eee0b689fbc32704a37c909740d/element - {"using":"xpath","value":"//div[contains(@id, 'application-manageconditionprice-display-component---conditions--smartFilterBar-filterItemControl_BASIC-BILL_TYPES-valueHelpDialog-table-rowsel0')]"}
RESULT: {"using":"xpath","value":"//div[contains(@id, 'application-manageconditionprice-display-component---conditions--smartFilterBar-filterItemControl_BASIC-BILL_TYPES-valueHelpDialog-table-rowsel0')]"}
COMMAND: POST /session/65af7eee0b689fbc32704a37c909740d/element/f.4EA148EC701C5F901E073CD471E0C43C.d.CD0C516E4DEDC66022176B086402298C.e.8657/click - {}
RESULT: {}
COMMAND: GET /session/65af7eee0b689fbc32704a37c909740d/screenshot - {}
RESULT: {}
COMMAND: POST /session/65af7eee0b689fbc32704a37c909740d/element - {"using":"xpath","value":"//bdi[contains(text(), \"OK\")]"}
RESULT: {"using":"xpath","value":"//bdi[contains(text(), \"OK\")]"}
COMMAND: POST /session/65af7eee0b689fbc32704a37c909740d/element/f.4EA148EC701C5F901E073CD471E0C43C.d.CD0C516E4DEDC66022176B086402298C.e.8659/click - {}
RESULT: {}
COMMAND: GET /session/65af7eee0b689fbc32704a37c909740d/screenshot - {}
RESULT: {}
COMMAND: POST /session/65af7eee0b689fbc32704a37c909740d/element - {"using":"xpath","value":"//span[@id=\"application-manageconditionprice-display-component---conditions--smartTable-header-inner\"]"}
RESULT: {"using":"xpath","value":"//span[@id=\"application-manageconditionprice-display-component---conditions--smartTable-header-inner\"]"}
COMMAND: POST /session/65af7eee0b689fbc32704a37c909740d/elements - {"using":"xpath","value":"//span[@id=\"application-manageconditionprice-display-component---conditions--smartTable-header-inner\"]"}
RESULT: {"using":"xpath","value":"//span[@id=\"application-manageconditionprice-display-component---conditions--smartTable-header-inner\"]"}
COMMAND: POST /session/65af7eee0b689fbc32704a37c909740d/execute/sync - {"script":"<script> [56 bytes]","args":[{"element-6066-11e4-a52e-4f735466cecf":"f.4EA148EC701C5F901E073CD471E0C43C.d.CD0C516E4DEDC66022176B086402298C.e.8662","ELEMENT":"f.4EA148EC701C5F901E073CD471E0C43C.d.CD0C516E4DEDC66022176B086402298C.e.8662"}]}
RESULT: {"script":"<script> [56 bytes]","args":[{"element-6066-11e4-a52e-4f735466cecf":"f.4EA148EC701C5F901E073CD471E0C43C.d.CD0C516E4DEDC66022176B086402298C.e.8662","ELEMENT":"f.4EA148EC701C5F901E073CD471E0C43C.d.CD0C516E4DEDC66022176B086402298C.e.8662"}]}
COMMAND: POST /session/65af7eee0b689fbc32704a37c909740d/element - {"using":"css selector","value":"#shell-header-logo"}
COMMAND: GET /session/65af7eee0b689fbc32704a37c909740d/screenshot - {}
RESULT: {"using":"css selector","value":"#shell-header-logo"}
COMMAND: POST /session/65af7eee0b689fbc32704a37c909740d/element/f.4EA148EC701C5F901E073CD471E0C43C.d.CD0C516E4DEDC66022176B086402298C.e.8058/click - {}
RESULT: {}
RESULT: {}
COMMAND: GET /session/65af7eee0b689fbc32704a37c909740d/screenshot - {}
RESULT: {}
]]></system-out>
    </testcase>
    <testcase classname="chrome.136_0_7103_49.windows.Create_master_data_for_mixed_billing_&amp;_do_billing_calculation_US151661" name="Should add time based condition" time="64.801">
      <system-out><![CDATA[
RESULT: undefined
COMMAND: POST /session/65af7eee0b689fbc32704a37c909740d/element - {"using":"xpath","value":"//*[@id=\"__tile53-title\"]"}
RESULT: {"using":"xpath","value":"//*[@id=\"__tile53-title\"]"}
COMMAND: POST /session/65af7eee0b689fbc32704a37c909740d/element/f.4EA148EC701C5F901E073CD471E0C43C.d.CD0C516E4DEDC66022176B086402298C.e.7672/click - {}
RESULT: {}
COMMAND: POST /session/65af7eee0b689fbc32704a37c909740d/element - {"using":"xpath","value":"//button[@aria-label=\"Create\"]"}
COMMAND: GET /session/65af7eee0b689fbc32704a37c909740d/screenshot - {}
RESULT: {"using":"xpath","value":"//button[@aria-label=\"Create\"]"}
COMMAND: POST /session/65af7eee0b689fbc32704a37c909740d/elements - {"using":"xpath","value":"//button[@aria-label=\"Create\"]"}
RESULT: {}
RESULT: {"using":"xpath","value":"//button[@aria-label=\"Create\"]"}
COMMAND: POST /session/65af7eee0b689fbc32704a37c909740d/execute/sync - {"script":"<script> [8489 bytes]","args":[{"element-6066-11e4-a52e-4f735466cecf":"f.4EA148EC701C5F901E073CD471E0C43C.d.CD0C516E4DEDC66022176B086402298C.e.8701","ELEMENT":"f.4EA148EC701C5F901E073CD471E0C43C.d.CD0C516E4DEDC66022176B086402298C.e.8701"}]}
RESULT: {"script":"<script> [8489 bytes]","args":[{"element-6066-11e4-a52e-4f735466cecf":"f.4EA148EC701C5F901E073CD471E0C43C.d.CD0C516E4DEDC66022176B086402298C.e.8701","ELEMENT":"f.4EA148EC701C5F901E073CD471E0C43C.d.CD0C516E4DEDC66022176B086402298C.e.8701"}]}
COMMAND: GET /session/65af7eee0b689fbc32704a37c909740d/element/f.4EA148EC701C5F901E073CD471E0C43C.d.CD0C516E4DEDC66022176B086402298C.e.8701/enabled - {}
COMMAND: GET /session/65af7eee0b689fbc32704a37c909740d/screenshot - {}
RESULT: {}
COMMAND: POST /session/65af7eee0b689fbc32704a37c909740d/execute/sync - {"script":"<script> [8489 bytes]","args":[{"element-6066-11e4-a52e-4f735466cecf":"f.4EA148EC701C5F901E073CD471E0C43C.d.CD0C516E4DEDC66022176B086402298C.e.8701","ELEMENT":"f.4EA148EC701C5F901E073CD471E0C43C.d.CD0C516E4DEDC66022176B086402298C.e.8701"}]}
COMMAND: GET /session/65af7eee0b689fbc32704a37c909740d/screenshot - {}
RESULT: {}
RESULT: {"script":"<script> [8489 bytes]","args":[{"element-6066-11e4-a52e-4f735466cecf":"f.4EA148EC701C5F901E073CD471E0C43C.d.CD0C516E4DEDC66022176B086402298C.e.8701","ELEMENT":"f.4EA148EC701C5F901E073CD471E0C43C.d.CD0C516E4DEDC66022176B086402298C.e.8701"}]}
COMMAND: POST /session/65af7eee0b689fbc32704a37c909740d/execute/sync - {"script":"<script> [5351 bytes]","args":[{"element-6066-11e4-a52e-4f735466cecf":"f.4EA148EC701C5F901E073CD471E0C43C.d.CD0C516E4DEDC66022176B086402298C.e.8701","ELEMENT":"f.4EA148EC701C5F901E073CD471E0C43C.d.CD0C516E4DEDC66022176B086402298C.e.8701"}]}
COMMAND: GET /session/65af7eee0b689fbc32704a37c909740d/screenshot - {}
RESULT: {}
RESULT: {"script":"<script> [5351 bytes]","args":[{"element-6066-11e4-a52e-4f735466cecf":"f.4EA148EC701C5F901E073CD471E0C43C.d.CD0C516E4DEDC66022176B086402298C.e.8701","ELEMENT":"f.4EA148EC701C5F901E073CD471E0C43C.d.CD0C516E4DEDC66022176B086402298C.e.8701"}]}
COMMAND: POST /session/65af7eee0b689fbc32704a37c909740d/element/f.4EA148EC701C5F901E073CD471E0C43C.d.CD0C516E4DEDC66022176B086402298C.e.8701/click - {}
COMMAND: GET /session/65af7eee0b689fbc32704a37c909740d/screenshot - {}
RESULT: {}
RESULT: {}
COMMAND: GET /session/65af7eee0b689fbc32704a37c909740d/screenshot - {}
RESULT: {}
RESULT: {}
COMMAND: POST /session/65af7eee0b689fbc32704a37c909740d/actions - {"actions":[{"id":"action38","type":"key","parameters":{},"actions":[{"type":"keyDown","value":"î€‡"},{"type":"pause","duration":10},{"type":"keyUp","value":"î€‡"}]}]}
RESULT: {"actions":[{"id":"action38","type":"key","parameters":{},"actions":[{"type":"keyDown","value":"î€‡"},{"type":"pause","duration":10},{"type":"keyUp","value":"î€‡"}]}]}
COMMAND: GET /session/65af7eee0b689fbc32704a37c909740d/screenshot - {}
RESULT: undefined
COMMAND: POST /session/65af7eee0b689fbc32704a37c909740d/element - {"using":"xpath","value":"//*[@id=\"application-manageconditionprice-display-component---newCondition--condBillCond-arrow\"]"}
RESULT: {}
RESULT: {"using":"xpath","value":"//*[@id=\"application-manageconditionprice-display-component---newCondition--condBillCond-arrow\"]"}
COMMAND: POST /session/65af7eee0b689fbc32704a37c909740d/element/f.4EA148EC701C5F901E073CD471E0C43C.d.CD0C516E4DEDC66022176B086402298C.e.9044/click - {}
RESULT: {}
COMMAND: GET /session/65af7eee0b689fbc32704a37c909740d/screenshot - {}
RESULT: {}
COMMAND: POST /session/65af7eee0b689fbc32704a37c909740d/element - {"using":"xpath","value":"//li[.//span[contains(text(), \"DISP - D&I special price\")]]"}
RESULT: {"using":"xpath","value":"//li[.//span[contains(text(), \"DISP - D&I special price\")]]"}
COMMAND: POST /session/65af7eee0b689fbc32704a37c909740d/element/f.4EA148EC701C5F901E073CD471E0C43C.d.CD0C516E4DEDC66022176B086402298C.e.9047/click - {}
RESULT: {}
COMMAND: GET /session/65af7eee0b689fbc32704a37c909740d/screenshot - {}
RESULT: {}
RESULT: undefined
COMMAND: POST /session/65af7eee0b689fbc32704a37c909740d/execute/async - {"script":"<script> [776 bytes]","args":[{"enterText":"01/13/26","selector":{"id":"application-manageconditionprice-display-component---newCondition--condValidTo","interaction":{"idSuffix":"inner"}},"clearTextFirst":true,"interactionType":"ENTER_TEXT"}]}
RESULT: {"script":"<script> [776 bytes]","args":[{"enterText":"01/13/26","selector":{"id":"application-manageconditionprice-display-component---newCondition--condValidTo","interaction":{"idSuffix":"inner"}},"clearTextFirst":true,"interactionType":"ENTER_TEXT"}]}
COMMAND: POST /session/65af7eee0b689fbc32704a37c909740d/element - {"using":"xpath","value":"//input[@id=\"application-manageconditionprice-display-component---newCondition--condRU-inner\"]"}
RESULT: {"using":"xpath","value":"//input[@id=\"application-manageconditionprice-display-component---newCondition--condRU-inner\"]"}
COMMAND: POST /session/65af7eee0b689fbc32704a37c909740d/element/f.4EA148EC701C5F901E073CD471E0C43C.d.CD0C516E4DEDC66022176B086402298C.e.8834/clear - {}
RESULT: {}
COMMAND: POST /session/65af7eee0b689fbc32704a37c909740d/element/f.4EA148EC701C5F901E073CD471E0C43C.d.CD0C516E4DEDC66022176B086402298C.e.8834/value - {"text":"moWSbTldTs"}
COMMAND: GET /session/65af7eee0b689fbc32704a37c909740d/screenshot - {}
RESULT: {"text":"moWSbTldTs"}
COMMAND: GET /session/65af7eee0b689fbc32704a37c909740d/screenshot - {}
RESULT: {}
RESULT: {}
COMMAND: POST /session/65af7eee0b689fbc32704a37c909740d/actions - {"actions":[{"id":"action39","type":"key","parameters":{},"actions":[{"type":"keyDown","value":"î€‡"},{"type":"pause","duration":10},{"type":"keyUp","value":"î€‡"}]}]}
RESULT: {"actions":[{"id":"action39","type":"key","parameters":{},"actions":[{"type":"keyDown","value":"î€‡"},{"type":"pause","duration":10},{"type":"keyUp","value":"î€‡"}]}]}
RESULT: undefined
COMMAND: POST /session/65af7eee0b689fbc32704a37c909740d/execute/async - {"script":"<script> [776 bytes]","args":[{"enterText":"1","selector":{"id":"application-manageconditionprice-display-component---newCondition--condBaseQty","interaction":{"idSuffix":"inner"}},"clearTextFirst":true,"interactionType":"ENTER_TEXT"}]}
COMMAND: GET /session/65af7eee0b689fbc32704a37c909740d/screenshot - {}
RESULT: {"script":"<script> [776 bytes]","args":[{"enterText":"1","selector":{"id":"application-manageconditionprice-display-component---newCondition--condBaseQty","interaction":{"idSuffix":"inner"}},"clearTextFirst":true,"interactionType":"ENTER_TEXT"}]}
RESULT: undefined
COMMAND: POST /session/65af7eee0b689fbc32704a37c909740d/execute/async - {"script":"<script> [776 bytes]","args":[{"enterText":"100","selector":{"id":"application-manageconditionprice-display-component---newCondition--condValue","interaction":{"idSuffix":"inner"}},"clearTextFirst":true,"interactionType":"ENTER_TEXT"}]}
RESULT: {}
RESULT: {"script":"<script> [776 bytes]","args":[{"enterText":"100","selector":{"id":"application-manageconditionprice-display-component---newCondition--condValue","interaction":{"idSuffix":"inner"}},"clearTextFirst":true,"interactionType":"ENTER_TEXT"}]}
RESULT: undefined
COMMAND: POST /session/65af7eee0b689fbc32704a37c909740d/element - {"using":"xpath","value":"//*[@id=\"application-manageconditionprice-display-component---newCondition--condCurr-arrow\"]"}
RESULT: {"using":"xpath","value":"//*[@id=\"application-manageconditionprice-display-component---newCondition--condCurr-arrow\"]"}
COMMAND: POST /session/65af7eee0b689fbc32704a37c909740d/element/f.4EA148EC701C5F901E073CD471E0C43C.d.CD0C516E4DEDC66022176B086402298C.e.8963/click - {}
RESULT: {}
COMMAND: POST /session/65af7eee0b689fbc32704a37c909740d/element - {"using":"xpath","value":"//span[contains(text(), \"Euro\")]"}
COMMAND: GET /session/65af7eee0b689fbc32704a37c909740d/screenshot - {}
RESULT: {"using":"xpath","value":"//span[contains(text(), \"Euro\")]"}
COMMAND: POST /session/65af7eee0b689fbc32704a37c909740d/element/f.4EA148EC701C5F901E073CD471E0C43C.d.CD0C516E4DEDC66022176B086402298C.e.9082/click - {}
RESULT: {}
RESULT: {}
COMMAND: POST /session/65af7eee0b689fbc32704a37c909740d/element - {"using":"xpath","value":"//button[@data-kt=\"saveButton\"]"}
COMMAND: GET /session/65af7eee0b689fbc32704a37c909740d/screenshot - {}
RESULT: {"using":"xpath","value":"//button[@data-kt=\"saveButton\"]"}
COMMAND: POST /session/65af7eee0b689fbc32704a37c909740d/element/f.4EA148EC701C5F901E073CD471E0C43C.d.CD0C516E4DEDC66022176B086402298C.e.8964/click - {}
RESULT: {}
RESULT: {}
COMMAND: GET /session/65af7eee0b689fbc32704a37c909740d/screenshot - {}
RESULT: {}
RESULT: undefined
COMMAND: POST /session/65af7eee0b689fbc32704a37c909740d/execute/async - {"script":"<script> [776 bytes]","args":[{"enterText":"moWSbTldTs","selector":{"id":"application-manageconditionprice-display-component---conditions--smartFilterBar-btnBasicSearch","interaction":{"idSuffix":"I"}},"clearTextFirst":true,"interactionType":"ENTER_TEXT"}]}
RESULT: {"script":"<script> [776 bytes]","args":[{"enterText":"moWSbTldTs","selector":{"id":"application-manageconditionprice-display-component---conditions--smartFilterBar-btnBasicSearch","interaction":{"idSuffix":"I"}},"clearTextFirst":true,"interactionType":"ENTER_TEXT"}]}
COMMAND: POST /session/65af7eee0b689fbc32704a37c909740d/actions - {"actions":[{"id":"action40","type":"key","parameters":{},"actions":[{"type":"keyDown","value":"î€‡"},{"type":"pause","duration":10},{"type":"keyUp","value":"î€‡"}]}]}
RESULT: {"actions":[{"id":"action40","type":"key","parameters":{},"actions":[{"type":"keyDown","value":"î€‡"},{"type":"pause","duration":10},{"type":"keyUp","value":"î€‡"}]}]}
COMMAND: GET /session/65af7eee0b689fbc32704a37c909740d/screenshot - {}
RESULT: {}
RESULT: undefined
COMMAND: POST /session/65af7eee0b689fbc32704a37c909740d/element - {"using":"xpath","value":"//*[@id=\"application-manageconditionprice-display-component---conditions--smartFilterBar-filterItemControl_BASIC-BILL_TYPES-vhi\"]"}
RESULT: {"using":"xpath","value":"//*[@id=\"application-manageconditionprice-display-component---conditions--smartFilterBar-filterItemControl_BASIC-BILL_TYPES-vhi\"]"}
COMMAND: POST /session/65af7eee0b689fbc32704a37c909740d/element/f.4EA148EC701C5F901E073CD471E0C43C.d.CD0C516E4DEDC66022176B086402298C.e.9239/click - {}
RESULT: {}
RESULT: undefined
COMMAND: POST /session/65af7eee0b689fbc32704a37c909740d/execute/async - {"script":"<script> [776 bytes]","args":[{"enterText":"TB","selector":{"id":"application-manageconditionprice-display-component---conditions--smartFilterBar-filterItemControl_BASIC-BILL_TYPES-valueHelpDialog-smartFilterBar-btnBasicSearch","searchOpenDialogs":true,"interaction":{"idSuffix":"I"}},"clearTextFirst":true,"interactionType":"ENTER_TEXT"}]}
COMMAND: GET /session/65af7eee0b689fbc32704a37c909740d/screenshot - {}
RESULT: {"script":"<script> [776 bytes]","args":[{"enterText":"TB","selector":{"id":"application-manageconditionprice-display-component---conditions--smartFilterBar-filterItemControl_BASIC-BILL_TYPES-valueHelpDialog-smartFilterBar-btnBasicSearch","searchOpenDialogs":true,"interaction":{"idSuffix":"I"}},"clearTextFirst":true,"interactionType":"ENTER_TEXT"}]}
COMMAND: POST /session/65af7eee0b689fbc32704a37c909740d/actions - {"actions":[{"id":"action41","type":"key","parameters":{},"actions":[{"type":"keyDown","value":"î€‡"},{"type":"pause","duration":10},{"type":"keyUp","value":"î€‡"}]}]}
RESULT: {}
RESULT: {"actions":[{"id":"action41","type":"key","parameters":{},"actions":[{"type":"keyDown","value":"î€‡"},{"type":"pause","duration":10},{"type":"keyUp","value":"î€‡"}]}]}
COMMAND: GET /session/65af7eee0b689fbc32704a37c909740d/screenshot - {}
RESULT: {}
COMMAND: POST /session/65af7eee0b689fbc32704a37c909740d/element - {"using":"xpath","value":"//div[contains(@id, 'application-manageconditionprice-display-component---conditions--smartFilterBar-filterItemControl_BASIC-BILL_TYPES-valueHelpDialog-table-rowsel0')]"}
RESULT: {"using":"xpath","value":"//div[contains(@id, 'application-manageconditionprice-display-component---conditions--smartFilterBar-filterItemControl_BASIC-BILL_TYPES-valueHelpDialog-table-rowsel0')]"}
COMMAND: POST /session/65af7eee0b689fbc32704a37c909740d/element/f.4EA148EC701C5F901E073CD471E0C43C.d.CD0C516E4DEDC66022176B086402298C.e.9247/click - {}
RESULT: {}
COMMAND: GET /session/65af7eee0b689fbc32704a37c909740d/screenshot - {}
RESULT: {}
COMMAND: POST /session/65af7eee0b689fbc32704a37c909740d/element - {"using":"xpath","value":"//bdi[contains(text(), \"OK\")]"}
RESULT: {"using":"xpath","value":"//bdi[contains(text(), \"OK\")]"}
COMMAND: POST /session/65af7eee0b689fbc32704a37c909740d/element/f.4EA148EC701C5F901E073CD471E0C43C.d.CD0C516E4DEDC66022176B086402298C.e.9249/click - {}
RESULT: {}
COMMAND: GET /session/65af7eee0b689fbc32704a37c909740d/screenshot - {}
RESULT: {}
COMMAND: POST /session/65af7eee0b689fbc32704a37c909740d/element - {"using":"xpath","value":"//span[@id=\"application-manageconditionprice-display-component---conditions--smartTable-header-inner\"]"}
RESULT: {"using":"xpath","value":"//span[@id=\"application-manageconditionprice-display-component---conditions--smartTable-header-inner\"]"}
COMMAND: POST /session/65af7eee0b689fbc32704a37c909740d/elements - {"using":"xpath","value":"//span[@id=\"application-manageconditionprice-display-component---conditions--smartTable-header-inner\"]"}
RESULT: {"using":"xpath","value":"//span[@id=\"application-manageconditionprice-display-component---conditions--smartTable-header-inner\"]"}
COMMAND: POST /session/65af7eee0b689fbc32704a37c909740d/execute/sync - {"script":"<script> [56 bytes]","args":[{"element-6066-11e4-a52e-4f735466cecf":"f.4EA148EC701C5F901E073CD471E0C43C.d.CD0C516E4DEDC66022176B086402298C.e.9288","ELEMENT":"f.4EA148EC701C5F901E073CD471E0C43C.d.CD0C516E4DEDC66022176B086402298C.e.9288"}]}
RESULT: {"script":"<script> [56 bytes]","args":[{"element-6066-11e4-a52e-4f735466cecf":"f.4EA148EC701C5F901E073CD471E0C43C.d.CD0C516E4DEDC66022176B086402298C.e.9288","ELEMENT":"f.4EA148EC701C5F901E073CD471E0C43C.d.CD0C516E4DEDC66022176B086402298C.e.9288"}]}
COMMAND: POST /session/65af7eee0b689fbc32704a37c909740d/element - {"using":"css selector","value":"#shell-header-logo"}
COMMAND: GET /session/65af7eee0b689fbc32704a37c909740d/screenshot - {}
RESULT: {"using":"css selector","value":"#shell-header-logo"}
COMMAND: POST /session/65af7eee0b689fbc32704a37c909740d/element/f.4EA148EC701C5F901E073CD471E0C43C.d.CD0C516E4DEDC66022176B086402298C.e.8667/click - {}
RESULT: {}
RESULT: {}
COMMAND: GET /session/65af7eee0b689fbc32704a37c909740d/screenshot - {}
RESULT: {}
]]></system-out>
    </testcase>
  </testsuite>
  <testsuite timestamp="2025-05-13T17:47:31" time="711.195" tests="13" failures="6" errors="6" skipped="0">
    <properties>
      <property name="specId" value="0" />
      <property name="suiteName" value="Performance based billing (work days) US139742" />
      <property name="capabilities" value="chrome.136_0_7103_49.windows" />
      <property name="file" value="file:///D:/a/1/s/test/specs/BTS/billing-performance-workdays.spec.js" />
    </properties>
    <testcase classname="chrome.136_0_7103_49.windows.Performance_based_billing_(work_days)_US139742" name="Should create a new yard" time="0.038">
      <system-out><![CDATA[
COMMAND: POST /session/65af7eee0b689fbc32704a37c909740d/window/fullscreen - {}
RESULT: {}
]]></system-out>
    </testcase>
    <testcase classname="chrome.136_0_7103_49.windows.Performance_based_billing_(work_days)_US139742" name="Should create a new partner" time="0.004" />
    <testcase classname="chrome.136_0_7103_49.windows.Performance_based_billing_(work_days)_US139742" name="Should create a new site" time="0.003" />
    <testcase classname="chrome.136_0_7103_49.windows.Performance_based_billing_(work_days)_US139742" name="Should do prerequisite steps add equipment" time="130.588">
      <system-out><![CDATA[
COMMAND: POST /session/65af7eee0b689fbc32704a37c909740d/execute/async - {"script":"<script> [1562 bytes]","args":[{"selector":{"controlType":"sap.m.GenericTile","properties":{"header":"Manage Resources"}},"wdio_ui5_key":"sapm.GenericTile{\"header\":\"Manage Resources\"}"}]}
RESULT: {"script":"<script> [1562 bytes]","args":[{"selector":{"controlType":"sap.m.GenericTile","properties":{"header":"Manage Resources"}},"wdio_ui5_key":"sapm.GenericTile{\"header\":\"Manage Resources\"}"}]}
RESULT: undefined
COMMAND: POST /session/65af7eee0b689fbc32704a37c909740d/element - {"using":"xpath","value":"//*[@id=\"__tile39\"]"}
RESULT: {"using":"xpath","value":"//*[@id=\"__tile39\"]"}
COMMAND: POST /session/65af7eee0b689fbc32704a37c909740d/element/f.4EA148EC701C5F901E073CD471E0C43C.d.A9B848B2D4F02F440A6C648E5920E1B0.e.10040/click - {}
RESULT: {}
COMMAND: POST /session/65af7eee0b689fbc32704a37c909740d/element - {"using":"xpath","value":"//button[@data-kt=\"addNewRUOverflowToolbarButton\"]"}
COMMAND: GET /session/65af7eee0b689fbc32704a37c909740d/screenshot - {}
RESULT: {"using":"xpath","value":"//button[@data-kt=\"addNewRUOverflowToolbarButton\"]"}
COMMAND: POST /session/65af7eee0b689fbc32704a37c909740d/elements - {"using":"xpath","value":"//button[@data-kt=\"addNewRUOverflowToolbarButton\"]"}
RESULT: {}
RESULT: {"using":"xpath","value":"//button[@data-kt=\"addNewRUOverflowToolbarButton\"]"}
COMMAND: POST /session/65af7eee0b689fbc32704a37c909740d/elements - {"using":"xpath","value":"//button[@data-kt=\"addNewRUOverflowToolbarButton\"]"}
RESULT: {"using":"xpath","value":"//button[@data-kt=\"addNewRUOverflowToolbarButton\"]"}
COMMAND: POST /session/65af7eee0b689fbc32704a37c909740d/elements - {"using":"xpath","value":"//button[@data-kt=\"addNewRUOverflowToolbarButton\"]"}
RESULT: {"using":"xpath","value":"//button[@data-kt=\"addNewRUOverflowToolbarButton\"]"}
COMMAND: POST /session/65af7eee0b689fbc32704a37c909740d/elements - {"using":"xpath","value":"//button[@data-kt=\"addNewRUOverflowToolbarButton\"]"}
RESULT: {"using":"xpath","value":"//button[@data-kt=\"addNewRUOverflowToolbarButton\"]"}
COMMAND: POST /session/65af7eee0b689fbc32704a37c909740d/elements - {"using":"xpath","value":"//button[@data-kt=\"addNewRUOverflowToolbarButton\"]"}
RESULT: {"using":"xpath","value":"//button[@data-kt=\"addNewRUOverflowToolbarButton\"]"}
COMMAND: POST /session/65af7eee0b689fbc32704a37c909740d/elements - {"using":"xpath","value":"//button[@data-kt=\"addNewRUOverflowToolbarButton\"]"}
RESULT: {"using":"xpath","value":"//button[@data-kt=\"addNewRUOverflowToolbarButton\"]"}
COMMAND: POST /session/65af7eee0b689fbc32704a37c909740d/elements - {"using":"xpath","value":"//button[@data-kt=\"addNewRUOverflowToolbarButton\"]"}
RESULT: {"using":"xpath","value":"//button[@data-kt=\"addNewRUOverflowToolbarButton\"]"}
COMMAND: POST /session/65af7eee0b689fbc32704a37c909740d/elements - {"using":"xpath","value":"//button[@data-kt=\"addNewRUOverflowToolbarButton\"]"}
RESULT: {"using":"xpath","value":"//button[@data-kt=\"addNewRUOverflowToolbarButton\"]"}
COMMAND: POST /session/65af7eee0b689fbc32704a37c909740d/elements - {"using":"xpath","value":"//button[@data-kt=\"addNewRUOverflowToolbarButton\"]"}
RESULT: {"using":"xpath","value":"//button[@data-kt=\"addNewRUOverflowToolbarButton\"]"}
COMMAND: POST /session/65af7eee0b689fbc32704a37c909740d/elements - {"using":"xpath","value":"//button[@data-kt=\"addNewRUOverflowToolbarButton\"]"}
RESULT: {"using":"xpath","value":"//button[@data-kt=\"addNewRUOverflowToolbarButton\"]"}
COMMAND: POST /session/65af7eee0b689fbc32704a37c909740d/elements - {"using":"xpath","value":"//button[@data-kt=\"addNewRUOverflowToolbarButton\"]"}
RESULT: {"using":"xpath","value":"//button[@data-kt=\"addNewRUOverflowToolbarButton\"]"}
COMMAND: POST /session/65af7eee0b689fbc32704a37c909740d/elements - {"using":"xpath","value":"//button[@data-kt=\"addNewRUOverflowToolbarButton\"]"}
RESULT: {"using":"xpath","value":"//button[@data-kt=\"addNewRUOverflowToolbarButton\"]"}
COMMAND: POST /session/65af7eee0b689fbc32704a37c909740d/elements - {"using":"xpath","value":"//button[@data-kt=\"addNewRUOverflowToolbarButton\"]"}
RESULT: {"using":"xpath","value":"//button[@data-kt=\"addNewRUOverflowToolbarButton\"]"}
COMMAND: POST /session/65af7eee0b689fbc32704a37c909740d/elements - {"using":"xpath","value":"//button[@data-kt=\"addNewRUOverflowToolbarButton\"]"}
RESULT: {"using":"xpath","value":"//button[@data-kt=\"addNewRUOverflowToolbarButton\"]"}
COMMAND: POST /session/65af7eee0b689fbc32704a37c909740d/elements - {"using":"xpath","value":"//button[@data-kt=\"addNewRUOverflowToolbarButton\"]"}
RESULT: {"using":"xpath","value":"//button[@data-kt=\"addNewRUOverflowToolbarButton\"]"}
COMMAND: POST /session/65af7eee0b689fbc32704a37c909740d/elements - {"using":"xpath","value":"//button[@data-kt=\"addNewRUOverflowToolbarButton\"]"}
RESULT: {"using":"xpath","value":"//button[@data-kt=\"addNewRUOverflowToolbarButton\"]"}
COMMAND: POST /session/65af7eee0b689fbc32704a37c909740d/elements - {"using":"xpath","value":"//button[@data-kt=\"addNewRUOverflowToolbarButton\"]"}
RESULT: {"using":"xpath","value":"//button[@data-kt=\"addNewRUOverflowToolbarButton\"]"}
COMMAND: POST /session/65af7eee0b689fbc32704a37c909740d/elements - {"using":"xpath","value":"//button[@data-kt=\"addNewRUOverflowToolbarButton\"]"}
RESULT: {"using":"xpath","value":"//button[@data-kt=\"addNewRUOverflowToolbarButton\"]"}
COMMAND: POST /session/65af7eee0b689fbc32704a37c909740d/elements - {"using":"xpath","value":"//button[@data-kt=\"addNewRUOverflowToolbarButton\"]"}
RESULT: {"using":"xpath","value":"//button[@data-kt=\"addNewRUOverflowToolbarButton\"]"}
COMMAND: POST /session/65af7eee0b689fbc32704a37c909740d/elements - {"using":"xpath","value":"//button[@data-kt=\"addNewRUOverflowToolbarButton\"]"}
RESULT: {"using":"xpath","value":"//button[@data-kt=\"addNewRUOverflowToolbarButton\"]"}
COMMAND: POST /session/65af7eee0b689fbc32704a37c909740d/elements - {"using":"xpath","value":"//button[@data-kt=\"addNewRUOverflowToolbarButton\"]"}
RESULT: {"using":"xpath","value":"//button[@data-kt=\"addNewRUOverflowToolbarButton\"]"}
COMMAND: POST /session/65af7eee0b689fbc32704a37c909740d/elements - {"using":"xpath","value":"//button[@data-kt=\"addNewRUOverflowToolbarButton\"]"}
RESULT: {"using":"xpath","value":"//button[@data-kt=\"addNewRUOverflowToolbarButton\"]"}
COMMAND: POST /session/65af7eee0b689fbc32704a37c909740d/elements - {"using":"xpath","value":"//button[@data-kt=\"addNewRUOverflowToolbarButton\"]"}
RESULT: {"using":"xpath","value":"//button[@data-kt=\"addNewRUOverflowToolbarButton\"]"}
COMMAND: POST /session/65af7eee0b689fbc32704a37c909740d/elements - {"using":"xpath","value":"//button[@data-kt=\"addNewRUOverflowToolbarButton\"]"}
RESULT: {"using":"xpath","value":"//button[@data-kt=\"addNewRUOverflowToolbarButton\"]"}
COMMAND: POST /session/65af7eee0b689fbc32704a37c909740d/element - {"using":"xpath","value":"//button[@data-kt=\"addNewRUOverflowToolbarButton\"]"}
RESULT: {"using":"xpath","value":"//button[@data-kt=\"addNewRUOverflowToolbarButton\"]"}
COMMAND: POST /session/65af7eee0b689fbc32704a37c909740d/execute/sync - {"script":"<script> [8489 bytes]","args":[{"element-6066-11e4-a52e-4f735466cecf":"f.4EA148EC701C5F901E073CD471E0C43C.d.A9B848B2D4F02F440A6C648E5920E1B0.e.10180","ELEMENT":"f.4EA148EC701C5F901E073CD471E0C43C.d.A9B848B2D4F02F440A6C648E5920E1B0.e.10180"}]}
RESULT: {"script":"<script> [8489 bytes]","args":[{"element-6066-11e4-a52e-4f735466cecf":"f.4EA148EC701C5F901E073CD471E0C43C.d.A9B848B2D4F02F440A6C648E5920E1B0.e.10180","ELEMENT":"f.4EA148EC701C5F901E073CD471E0C43C.d.A9B848B2D4F02F440A6C648E5920E1B0.e.10180"}]}
COMMAND: GET /session/65af7eee0b689fbc32704a37c909740d/element/f.4EA148EC701C5F901E073CD471E0C43C.d.A9B848B2D4F02F440A6C648E5920E1B0.e.10180/enabled - {}
COMMAND: GET /session/65af7eee0b689fbc32704a37c909740d/screenshot - {}
RESULT: {}
COMMAND: POST /session/65af7eee0b689fbc32704a37c909740d/execute/sync - {"script":"<script> [8489 bytes]","args":[{"element-6066-11e4-a52e-4f735466cecf":"f.4EA148EC701C5F901E073CD471E0C43C.d.A9B848B2D4F02F440A6C648E5920E1B0.e.10180","ELEMENT":"f.4EA148EC701C5F901E073CD471E0C43C.d.A9B848B2D4F02F440A6C648E5920E1B0.e.10180"}]}
COMMAND: GET /session/65af7eee0b689fbc32704a37c909740d/screenshot - {}
RESULT: {}
RESULT: {"script":"<script> [8489 bytes]","args":[{"element-6066-11e4-a52e-4f735466cecf":"f.4EA148EC701C5F901E073CD471E0C43C.d.A9B848B2D4F02F440A6C648E5920E1B0.e.10180","ELEMENT":"f.4EA148EC701C5F901E073CD471E0C43C.d.A9B848B2D4F02F440A6C648E5920E1B0.e.10180"}]}
COMMAND: POST /session/65af7eee0b689fbc32704a37c909740d/execute/sync - {"script":"<script> [5351 bytes]","args":[{"element-6066-11e4-a52e-4f735466cecf":"f.4EA148EC701C5F901E073CD471E0C43C.d.A9B848B2D4F02F440A6C648E5920E1B0.e.10180","ELEMENT":"f.4EA148EC701C5F901E073CD471E0C43C.d.A9B848B2D4F02F440A6C648E5920E1B0.e.10180"}]}
COMMAND: GET /session/65af7eee0b689fbc32704a37c909740d/screenshot - {}
RESULT: {}
RESULT: {"script":"<script> [5351 bytes]","args":[{"element-6066-11e4-a52e-4f735466cecf":"f.4EA148EC701C5F901E073CD471E0C43C.d.A9B848B2D4F02F440A6C648E5920E1B0.e.10180","ELEMENT":"f.4EA148EC701C5F901E073CD471E0C43C.d.A9B848B2D4F02F440A6C648E5920E1B0.e.10180"}]}
COMMAND: POST /session/65af7eee0b689fbc32704a37c909740d/element/f.4EA148EC701C5F901E073CD471E0C43C.d.A9B848B2D4F02F440A6C648E5920E1B0.e.10180/click - {}
COMMAND: GET /session/65af7eee0b689fbc32704a37c909740d/screenshot - {}
RESULT: {}
RESULT: {}
COMMAND: GET /session/65af7eee0b689fbc32704a37c909740d/screenshot - {}
RESULT: {}
RESULT: {}
COMMAND: POST /session/65af7eee0b689fbc32704a37c909740d/execute/async - {"script":"<script> [1562 bytes]","args":[{"selector":{"id":"application-manageresources-display-component---newResourceUnit--TYPE-arrow"},"wdio_ui5_key":"applicationmanageresources-display-component---newResourceUnit--TYPE-arrow"}]}
RESULT: {"script":"<script> [1562 bytes]","args":[{"selector":{"id":"application-manageresources-display-component---newResourceUnit--TYPE-arrow"},"wdio_ui5_key":"applicationmanageresources-display-component---newResourceUnit--TYPE-arrow"}]}
RESULT: undefined
COMMAND: POST /session/65af7eee0b689fbc32704a37c909740d/element - {"using":"xpath","value":"//*[@id=\"application-manageresources-display-component---newResourceUnit--TYPE-arrow\"]"}
RESULT: {"using":"xpath","value":"//*[@id=\"application-manageresources-display-component---newResourceUnit--TYPE-arrow\"]"}
COMMAND: POST /session/65af7eee0b689fbc32704a37c909740d/element/f.4EA148EC701C5F901E073CD471E0C43C.d.A9B848B2D4F02F440A6C648E5920E1B0.e.10539/click - {}
RESULT: {}
COMMAND: POST /session/65af7eee0b689fbc32704a37c909740d/element - {"using":"xpath","value":"//input[@id=\"application-manageresources-display-component---newResourceUnit--TYPE-inner\"]"}
COMMAND: GET /session/65af7eee0b689fbc32704a37c909740d/screenshot - {}
RESULT: {"using":"xpath","value":"//input[@id=\"application-manageresources-display-component---newResourceUnit--TYPE-inner\"]"}
COMMAND: POST /session/65af7eee0b689fbc32704a37c909740d/element/f.4EA148EC701C5F901E073CD471E0C43C.d.A9B848B2D4F02F440A6C648E5920E1B0.e.10533/clear - {}
RESULT: {}
RESULT: {}
COMMAND: POST /session/65af7eee0b689fbc32704a37c909740d/element/f.4EA148EC701C5F901E073CD471E0C43C.d.A9B848B2D4F02F440A6C648E5920E1B0.e.10533/value - {"text":"Equipment"}
COMMAND: GET /session/65af7eee0b689fbc32704a37c909740d/screenshot - {}
RESULT: {"text":"Equipment"}
COMMAND: GET /session/65af7eee0b689fbc32704a37c909740d/screenshot - {}
RESULT: {}
RESULT: {}
COMMAND: POST /session/65af7eee0b689fbc32704a37c909740d/actions - {"actions":[{"id":"action45","type":"key","parameters":{},"actions":[{"type":"keyDown","value":"î€‡"},{"type":"pause","duration":10},{"type":"keyUp","value":"î€‡"}]}]}
RESULT: {"actions":[{"id":"action45","type":"key","parameters":{},"actions":[{"type":"keyDown","value":"î€‡"},{"type":"pause","duration":10},{"type":"keyUp","value":"î€‡"}]}]}
COMMAND: POST /session/65af7eee0b689fbc32704a37c909740d/execute/async - {"script":"<script> [1562 bytes]","args":[{"selector":{"id":"application-manageresources-display-component---newResourceUnit--resourceId","interaction":{"idSuffix":"inner"}},"wdio_ui5_key":"applicationmanageresources-display-component---newResourceUnit--resourceId"}]}
COMMAND: GET /session/65af7eee0b689fbc32704a37c909740d/screenshot - {}
RESULT: {"script":"<script> [1562 bytes]","args":[{"selector":{"id":"application-manageresources-display-component---newResourceUnit--resourceId","interaction":{"idSuffix":"inner"}},"wdio_ui5_key":"applicationmanageresources-display-component---newResourceUnit--resourceId"}]}
RESULT: undefined
COMMAND: POST /session/65af7eee0b689fbc32704a37c909740d/execute/async - {"script":"<script> [776 bytes]","args":[{"enterText":"xlzk0XWpCm","selector":{"id":"application-manageresources-display-component---newResourceUnit--resourceId","interaction":{"idSuffix":"inner"}},"clearTextFirst":true,"interactionType":"ENTER_TEXT"}]}
RESULT: {}
RESULT: {"script":"<script> [776 bytes]","args":[{"enterText":"xlzk0XWpCm","selector":{"id":"application-manageresources-display-component---newResourceUnit--resourceId","interaction":{"idSuffix":"inner"}},"clearTextFirst":true,"interactionType":"ENTER_TEXT"}]}
COMMAND: POST /session/65af7eee0b689fbc32704a37c909740d/execute/async - {"script":"<script> [1562 bytes]","args":[{"selector":{"id":"application-manageresources-display-component---newResourceUnit--SHORT_TEXT","interaction":{"idSuffix":"inner"}},"wdio_ui5_key":"applicationmanageresources-display-component---newResourceUnit--SHORT_TEXT"}]}
RESULT: {"script":"<script> [1562 bytes]","args":[{"selector":{"id":"application-manageresources-display-component---newResourceUnit--SHORT_TEXT","interaction":{"idSuffix":"inner"}},"wdio_ui5_key":"applicationmanageresources-display-component---newResourceUnit--SHORT_TEXT"}]}
RESULT: undefined
COMMAND: POST /session/65af7eee0b689fbc32704a37c909740d/execute/async - {"script":"<script> [776 bytes]","args":[{"enterText":"Intercompany Equipment WDIO","selector":{"id":"application-manageresources-display-component---newResourceUnit--SHORT_TEXT","interaction":{"idSuffix":"inner"}},"clearTextFirst":true,"interactionType":"ENTER_TEXT"}]}
RESULT: {"script":"<script> [776 bytes]","args":[{"enterText":"Intercompany Equipment WDIO","selector":{"id":"application-manageresources-display-component---newResourceUnit--SHORT_TEXT","interaction":{"idSuffix":"inner"}},"clearTextFirst":true,"interactionType":"ENTER_TEXT"}]}
COMMAND: POST /session/65af7eee0b689fbc32704a37c909740d/execute/async - {"script":"<script> [1562 bytes]","args":[{"selector":{"id":"application-manageresources-display-component---newResourceUnit--BASE_UNIT_OF_MEASURE","interaction":{"idSuffix":"inner"}},"wdio_ui5_key":"applicationmanageresources-display-component---newResourceUnit--BASE_UNIT_OF_MEASURE"}]}
RESULT: {"script":"<script> [1562 bytes]","args":[{"selector":{"id":"application-manageresources-display-component---newResourceUnit--BASE_UNIT_OF_MEASURE","interaction":{"idSuffix":"inner"}},"wdio_ui5_key":"applicationmanageresources-display-component---newResourceUnit--BASE_UNIT_OF_MEASURE"}]}
RESULT: undefined
COMMAND: POST /session/65af7eee0b689fbc32704a37c909740d/execute/async - {"script":"<script> [776 bytes]","args":[{"enterText":"Piece","selector":{"id":"application-manageresources-display-component---newResourceUnit--BASE_UNIT_OF_MEASURE","interaction":{"idSuffix":"inner"}},"clearTextFirst":true,"interactionType":"ENTER_TEXT"}]}
RESULT: {"script":"<script> [776 bytes]","args":[{"enterText":"Piece","selector":{"id":"application-manageresources-display-component---newResourceUnit--BASE_UNIT_OF_MEASURE","interaction":{"idSuffix":"inner"}},"clearTextFirst":true,"interactionType":"ENTER_TEXT"}]}
COMMAND: POST /session/65af7eee0b689fbc32704a37c909740d/execute/async - {"script":"<script> [1562 bytes]","args":[{"selector":{"id":"application-manageresources-display-component---newResourceUnit--WEIGHT_UNIT","interaction":{"idSuffix":"inner"}},"wdio_ui5_key":"applicationmanageresources-display-component---newResourceUnit--WEIGHT_UNIT"}]}
RESULT: {"script":"<script> [1562 bytes]","args":[{"selector":{"id":"application-manageresources-display-component---newResourceUnit--WEIGHT_UNIT","interaction":{"idSuffix":"inner"}},"wdio_ui5_key":"applicationmanageresources-display-component---newResourceUnit--WEIGHT_UNIT"}]}
RESULT: undefined
COMMAND: POST /session/65af7eee0b689fbc32704a37c909740d/execute/async - {"script":"<script> [776 bytes]","args":[{"enterText":"Gram","selector":{"id":"application-manageresources-display-component---newResourceUnit--WEIGHT_UNIT","interaction":{"idSuffix":"inner"}},"clearTextFirst":true,"interactionType":"ENTER_TEXT"}]}
RESULT: {"script":"<script> [776 bytes]","args":[{"enterText":"Gram","selector":{"id":"application-manageresources-display-component---newResourceUnit--WEIGHT_UNIT","interaction":{"idSuffix":"inner"}},"clearTextFirst":true,"interactionType":"ENTER_TEXT"}]}
COMMAND: POST /session/65af7eee0b689fbc32704a37c909740d/execute/async - {"script":"<script> [1562 bytes]","args":[{"selector":{"id":"application-manageresources-display-component---newResourceUnit--DIMENSION_UNIT","interaction":{"idSuffix":"inner"}},"wdio_ui5_key":"applicationmanageresources-display-component---newResourceUnit--DIMENSION_UNIT"}]}
RESULT: {"script":"<script> [1562 bytes]","args":[{"selector":{"id":"application-manageresources-display-component---newResourceUnit--DIMENSION_UNIT","interaction":{"idSuffix":"inner"}},"wdio_ui5_key":"applicationmanageresources-display-component---newResourceUnit--DIMENSION_UNIT"}]}
RESULT: undefined
COMMAND: POST /session/65af7eee0b689fbc32704a37c909740d/execute/async - {"script":"<script> [776 bytes]","args":[{"enterText":"Meter","selector":{"id":"application-manageresources-display-component---newResourceUnit--DIMENSION_UNIT","interaction":{"idSuffix":"inner"}},"clearTextFirst":true,"interactionType":"ENTER_TEXT"}]}
RESULT: {"script":"<script> [776 bytes]","args":[{"enterText":"Meter","selector":{"id":"application-manageresources-display-component---newResourceUnit--DIMENSION_UNIT","interaction":{"idSuffix":"inner"}},"clearTextFirst":true,"interactionType":"ENTER_TEXT"}]}
COMMAND: POST /session/65af7eee0b689fbc32704a37c909740d/execute/async - {"script":"<script> [1562 bytes]","args":[{"selector":{"id":"application-manageresources-display-component---newResourceUnit--newRRUPage-anchBar-application-manageresources-display-component---newResourceUnit--control-anchor","interaction":{"idSuffix":"BDI-content"}},"wdio_ui5_key":"applicationmanageresources-display-component---newResourceUnit--newRRUPage-anchBar-application-manageresources-display-component---newResourceUnit--control-anchor"}]}
RESULT: {"script":"<script> [1562 bytes]","args":[{"selector":{"id":"application-manageresources-display-component---newResourceUnit--newRRUPage-anchBar-application-manageresources-display-component---newResourceUnit--control-anchor","interaction":{"idSuffix":"BDI-content"}},"wdio_ui5_key":"applicationmanageresources-display-component---newResourceUnit--newRRUPage-anchBar-application-manageresources-display-component---newResourceUnit--control-anchor"}]}
RESULT: undefined
COMMAND: POST /session/65af7eee0b689fbc32704a37c909740d/element - {"using":"xpath","value":"//*[@id=\"application-manageresources-display-component---newResourceUnit--newRRUPage-anchBar-application-manageresources-display-component---newResourceUnit--control-anchor\"]"}
RESULT: {"using":"xpath","value":"//*[@id=\"application-manageresources-display-component---newResourceUnit--newRRUPage-anchBar-application-manageresources-display-component---newResourceUnit--control-anchor\"]"}
COMMAND: POST /session/65af7eee0b689fbc32704a37c909740d/element/f.4EA148EC701C5F901E073CD471E0C43C.d.A9B848B2D4F02F440A6C648E5920E1B0.e.10670/click - {}
RESULT: {}
COMMAND: POST /session/65af7eee0b689fbc32704a37c909740d/execute/async - {"script":"<script> [1562 bytes]","args":[{"selector":{"id":"application-manageresources-display-component---newResourceUnit--PLANNING_GROUP","interaction":{"idSuffix":"inner"}},"wdio_ui5_key":"applicationmanageresources-display-component---newResourceUnit--PLANNING_GROUP"}]}
COMMAND: GET /session/65af7eee0b689fbc32704a37c909740d/screenshot - {}
RESULT: {"script":"<script> [1562 bytes]","args":[{"selector":{"id":"application-manageresources-display-component---newResourceUnit--PLANNING_GROUP","interaction":{"idSuffix":"inner"}},"wdio_ui5_key":"applicationmanageresources-display-component---newResourceUnit--PLANNING_GROUP"}]}
RESULT: undefined
COMMAND: POST /session/65af7eee0b689fbc32704a37c909740d/execute/async - {"script":"<script> [776 bytes]","args":[{"enterText":"Heavy Equi","selector":{"id":"application-manageresources-display-component---newResourceUnit--PLANNING_GROUP","interaction":{"idSuffix":"inner"}},"clearTextFirst":true,"interactionType":"ENTER_TEXT"}]}
RESULT: {}
RESULT: {"script":"<script> [776 bytes]","args":[{"enterText":"Heavy Equi","selector":{"id":"application-manageresources-display-component---newResourceUnit--PLANNING_GROUP","interaction":{"idSuffix":"inner"}},"clearTextFirst":true,"interactionType":"ENTER_TEXT"}]}
COMMAND: POST /session/65af7eee0b689fbc32704a37c909740d/execute/async - {"script":"<script> [1562 bytes]","args":[{"selector":{"id":"application-manageresources-display-component---newResourceUnit--ITEM_TYPE-arrow"},"wdio_ui5_key":"applicationmanageresources-display-component---newResourceUnit--ITEM_TYPE-arrow"}]}
RESULT: {"script":"<script> [1562 bytes]","args":[{"selector":{"id":"application-manageresources-display-component---newResourceUnit--ITEM_TYPE-arrow"},"wdio_ui5_key":"applicationmanageresources-display-component---newResourceUnit--ITEM_TYPE-arrow"}]}
RESULT: undefined
COMMAND: POST /session/65af7eee0b689fbc32704a37c909740d/element - {"using":"xpath","value":"//*[@id=\"application-manageresources-display-component---newResourceUnit--ITEM_TYPE-arrow\"]"}
RESULT: {"using":"xpath","value":"//*[@id=\"application-manageresources-display-component---newResourceUnit--ITEM_TYPE-arrow\"]"}
COMMAND: POST /session/65af7eee0b689fbc32704a37c909740d/element/f.4EA148EC701C5F901E073CD471E0C43C.d.A9B848B2D4F02F440A6C648E5920E1B0.e.10677/click - {}
RESULT: {}
COMMAND: POST /session/65af7eee0b689fbc32704a37c909740d/element - {"using":"xpath","value":"(//span[contains(text(), \"Resource Unit\")])[2]"}
COMMAND: GET /session/65af7eee0b689fbc32704a37c909740d/screenshot - {}
RESULT: {"using":"xpath","value":"(//span[contains(text(), \"Resource Unit\")])[2]"}
COMMAND: POST /session/65af7eee0b689fbc32704a37c909740d/element/f.4EA148EC701C5F901E073CD471E0C43C.d.A9B848B2D4F02F440A6C648E5920E1B0.e.10678/click - {}
RESULT: {}
RESULT: {}
COMMAND: GET /session/65af7eee0b689fbc32704a37c909740d/screenshot - {}
RESULT: {}
COMMAND: POST /session/65af7eee0b689fbc32704a37c909740d/element - {"using":"css selector","value":"#application-manageresources-display-component---newResourceUnit--btnAddTimeSegment"}
RESULT: {"using":"css selector","value":"#application-manageresources-display-component---newResourceUnit--btnAddTimeSegment"}
COMMAND: GET /session/65af7eee0b689fbc32704a37c909740d/element/f.4EA148EC701C5F901E073CD471E0C43C.d.A9B848B2D4F02F440A6C648E5920E1B0.e.10679/rect - {}
RESULT: {}
COMMAND: GET /session/65af7eee0b689fbc32704a37c909740d/window/rect - {}
RESULT: {}
COMMAND: POST /session/65af7eee0b689fbc32704a37c909740d/execute/sync - {"script":"<script> [92 bytes]","args":[]}
RESULT: {"script":"<script> [92 bytes]","args":[]}
COMMAND: POST /session/65af7eee0b689fbc32704a37c909740d/actions - {"actions":[{"id":"action46","type":"wheel","parameters":{},"actions":[{"type":"scroll","x":-1888,"y":-32,"deltaX":0,"deltaY":0,"duration":0,"origin":{"element-6066-11e4-a52e-4f735466cecf":"f.4EA148EC701C5F901E073CD471E0C43C.d.A9B848B2D4F02F440A6C648E5920E1B0.e.10679"}}]}]}
COMMAND: GET /session/65af7eee0b689fbc32704a37c909740d/screenshot - {}
RESULT: {}
COMMAND: POST /session/65af7eee0b689fbc32704a37c909740d/execute/sync - {"script":"<script> [79 bytes]","args":[{"element-6066-11e4-a52e-4f735466cecf":"f.4EA148EC701C5F901E073CD471E0C43C.d.A9B848B2D4F02F440A6C648E5920E1B0.e.10679","ELEMENT":"f.4EA148EC701C5F901E073CD471E0C43C.d.A9B848B2D4F02F440A6C648E5920E1B0.e.10679"},{"block":"start","inline":"nearest"}]}
RESULT: {"script":"<script> [79 bytes]","args":[{"element-6066-11e4-a52e-4f735466cecf":"f.4EA148EC701C5F901E073CD471E0C43C.d.A9B848B2D4F02F440A6C648E5920E1B0.e.10679","ELEMENT":"f.4EA148EC701C5F901E073CD471E0C43C.d.A9B848B2D4F02F440A6C648E5920E1B0.e.10679"},{"block":"start","inline":"nearest"}]}
COMMAND: POST /session/65af7eee0b689fbc32704a37c909740d/execute/async - {"script":"<script> [1562 bytes]","args":[{"selector":{"id":"application-manageresources-display-component---newResourceUnit--btnAddTimeSegment","interaction":{"idSuffix":"inner"}},"wdio_ui5_key":"applicationmanageresources-display-component---newResourceUnit--btnAddTimeSegment"}]}
COMMAND: GET /session/65af7eee0b689fbc32704a37c909740d/screenshot - {}
RESULT: {"script":"<script> [1562 bytes]","args":[{"selector":{"id":"application-manageresources-display-component---newResourceUnit--btnAddTimeSegment","interaction":{"idSuffix":"inner"}},"wdio_ui5_key":"applicationmanageresources-display-component---newResourceUnit--btnAddTimeSegment"}]}
RESULT: undefined
COMMAND: POST /session/65af7eee0b689fbc32704a37c909740d/element - {"using":"xpath","value":"//*[@id=\"application-manageresources-display-component---newResourceUnit--btnAddTimeSegment\"]"}
RESULT: {}
RESULT: {"using":"xpath","value":"//*[@id=\"application-manageresources-display-component---newResourceUnit--btnAddTimeSegment\"]"}
COMMAND: POST /session/65af7eee0b689fbc32704a37c909740d/element/f.4EA148EC701C5F901E073CD471E0C43C.d.A9B848B2D4F02F440A6C648E5920E1B0.e.10679/click - {}
RESULT: {}
COMMAND: GET /session/65af7eee0b689fbc32704a37c909740d/screenshot - {}
RESULT: {}
COMMAND: POST /session/65af7eee0b689fbc32704a37c909740d/element - {"using":"xpath","value":"//input[@id=\"application-manageresources-display-component---newResourceUnit--idRuTSAdmin-application-manageresources-display-component---newResourceUnit--RUTimeSegment-0-inner\"]"}
RESULT: {"using":"xpath","value":"//input[@id=\"application-manageresources-display-component---newResourceUnit--idRuTSAdmin-application-manageresources-display-component---newResourceUnit--RUTimeSegment-0-inner\"]"}
COMMAND: POST /session/65af7eee0b689fbc32704a37c909740d/element/f.4EA148EC701C5F901E073CD471E0C43C.d.A9B848B2D4F02F440A6C648E5920E1B0.e.10685/clear - {}
RESULT: {}
COMMAND: POST /session/65af7eee0b689fbc32704a37c909740d/element/f.4EA148EC701C5F901E073CD471E0C43C.d.A9B848B2D4F02F440A6C648E5920E1B0.e.10685/value - {"text":"274"}
COMMAND: GET /session/65af7eee0b689fbc32704a37c909740d/screenshot - {}
RESULT: {"text":"274"}
COMMAND: GET /session/65af7eee0b689fbc32704a37c909740d/screenshot - {}
RESULT: {}
RESULT: {}
COMMAND: POST /session/65af7eee0b689fbc32704a37c909740d/element - {"using":"xpath","value":"//li[.//span[text()='274']]"}
RESULT: {"using":"xpath","value":"//li[.//span[text()='274']]"}
COMMAND: POST /session/65af7eee0b689fbc32704a37c909740d/element/f.4EA148EC701C5F901E073CD471E0C43C.d.A9B848B2D4F02F440A6C648E5920E1B0.e.10696/click - {}
RESULT: {}
COMMAND: GET /session/65af7eee0b689fbc32704a37c909740d/screenshot - {}
RESULT: {}
COMMAND: POST /session/65af7eee0b689fbc32704a37c909740d/element - {"using":"xpath","value":"(//span[contains(@id, \"-application-manageresources-display-component---newResourceUnit--RUTimeSegment-0-arrow\")])[6]"}
RESULT: {"using":"xpath","value":"(//span[contains(@id, \"-application-manageresources-display-component---newResourceUnit--RUTimeSegment-0-arrow\")])[6]"}
COMMAND: POST /session/65af7eee0b689fbc32704a37c909740d/element/f.4EA148EC701C5F901E073CD471E0C43C.d.A9B848B2D4F02F440A6C648E5920E1B0.e.10697/click - {}
RESULT: {}
COMMAND: GET /session/65af7eee0b689fbc32704a37c909740d/screenshot - {}
RESULT: {}
COMMAND: POST /session/65af7eee0b689fbc32704a37c909740d/element - {"using":"xpath","value":"//span[contains(text(), \"PM Order\")]"}
RESULT: {"using":"xpath","value":"//span[contains(text(), \"PM Order\")]"}
COMMAND: POST /session/65af7eee0b689fbc32704a37c909740d/element/f.4EA148EC701C5F901E073CD471E0C43C.d.A9B848B2D4F02F440A6C648E5920E1B0.e.10700/click - {}
RESULT: {}
COMMAND: GET /session/65af7eee0b689fbc32704a37c909740d/screenshot - {}
RESULT: {}
COMMAND: POST /session/65af7eee0b689fbc32704a37c909740d/element - {"using":"xpath","value":"(//span[contains(@id ,\"manageresources-display-component---newResourceUnit--RUTimeSegment-0-vhi\")])[1]"}
RESULT: {"using":"xpath","value":"(//span[contains(@id ,\"manageresources-display-component---newResourceUnit--RUTimeSegment-0-vhi\")])[1]"}
COMMAND: GET /session/65af7eee0b689fbc32704a37c909740d/element/f.4EA148EC701C5F901E073CD471E0C43C.d.A9B848B2D4F02F440A6C648E5920E1B0.e.10704/rect - {}
RESULT: {}
COMMAND: GET /session/65af7eee0b689fbc32704a37c909740d/window/rect - {}
RESULT: {}
COMMAND: POST /session/65af7eee0b689fbc32704a37c909740d/execute/sync - {"script":"<script> [92 bytes]","args":[]}
RESULT: {"script":"<script> [92 bytes]","args":[]}
COMMAND: POST /session/65af7eee0b689fbc32704a37c909740d/actions - {"actions":[{"id":"action47","type":"wheel","parameters":{},"actions":[{"type":"scroll","x":-869,"y":-24,"deltaX":0,"deltaY":0,"duration":0,"origin":{"element-6066-11e4-a52e-4f735466cecf":"f.4EA148EC701C5F901E073CD471E0C43C.d.A9B848B2D4F02F440A6C648E5920E1B0.e.10704"}}]}]}
COMMAND: GET /session/65af7eee0b689fbc32704a37c909740d/screenshot - {}
RESULT: {"actions":[{"id":"action47","type":"wheel","parameters":{},"actions":[{"type":"scroll","x":-869,"y":-24,"deltaX":0,"deltaY":0,"duration":0,"origin":{"element-6066-11e4-a52e-4f735466cecf":"f.4EA148EC701C5F901E073CD471E0C43C.d.A9B848B2D4F02F440A6C648E5920E1B0.e.10704"}}]}]}
COMMAND: DELETE /session/65af7eee0b689fbc32704a37c909740d/actions - {}
COMMAND: GET /session/65af7eee0b689fbc32704a37c909740d/screenshot - {}
RESULT: {}
RESULT: {}
COMMAND: GET /session/65af7eee0b689fbc32704a37c909740d/screenshot - {}
RESULT: {}
RESULT: {}
COMMAND: POST /session/65af7eee0b689fbc32704a37c909740d/element/f.4EA148EC701C5F901E073CD471E0C43C.d.A9B848B2D4F02F440A6C648E5920E1B0.e.10704/click - {}
RESULT: {}
COMMAND: GET /session/65af7eee0b689fbc32704a37c909740d/screenshot - {}
RESULT: {}
COMMAND: POST /session/65af7eee0b689fbc32704a37c909740d/execute/async - {"script":"<script> [1562 bytes]","args":[{"selector":{"controlType":"sap.m.SearchField","properties":{"placeholder":"Search"},"searchOpenDialogs":true,"interaction":{"idSuffix":"I"}},"wdio_ui5_key":"sapm.SearchField{\"placeholder\":\"Search\"}"}]}
RESULT: {"script":"<script> [1562 bytes]","args":[{"selector":{"controlType":"sap.m.SearchField","properties":{"placeholder":"Search"},"searchOpenDialogs":true,"interaction":{"idSuffix":"I"}},"wdio_ui5_key":"sapm.SearchField{\"placeholder\":\"Search\"}"}]}
RESULT: undefined
COMMAND: POST /session/65af7eee0b689fbc32704a37c909740d/execute/async - {"script":"<script> [776 bytes]","args":[{"enterText":"4000360","selector":{"controlType":"sap.m.SearchField","properties":{"placeholder":"Search"},"searchOpenDialogs":true,"interaction":{"idSuffix":"I"}},"clearTextFirst":true,"interactionType":"ENTER_TEXT"}]}
RESULT: {"script":"<script> [776 bytes]","args":[{"enterText":"4000360","selector":{"controlType":"sap.m.SearchField","properties":{"placeholder":"Search"},"searchOpenDialogs":true,"interaction":{"idSuffix":"I"}},"clearTextFirst":true,"interactionType":"ENTER_TEXT"}]}
COMMAND: POST /session/65af7eee0b689fbc32704a37c909740d/actions - {"actions":[{"id":"action48","type":"key","parameters":{},"actions":[{"type":"keyDown","value":"î€‡"},{"type":"pause","duration":10},{"type":"keyUp","value":"î€‡"}]}]}
RESULT: {"actions":[{"id":"action48","type":"key","parameters":{},"actions":[{"type":"keyDown","value":"î€‡"},{"type":"pause","duration":10},{"type":"keyUp","value":"î€‡"}]}]}
COMMAND: GET /session/65af7eee0b689fbc32704a37c909740d/screenshot - {}
RESULT: {}
COMMAND: POST /session/65af7eee0b689fbc32704a37c909740d/element - {"using":"xpath","value":"//td/div/span[contains(text(), \"BGL Vehicles\")]"}
RESULT: {"using":"xpath","value":"//td/div/span[contains(text(), \"BGL Vehicles\")]"}
COMMAND: POST /session/65af7eee0b689fbc32704a37c909740d/element/f.4EA148EC701C5F901E073CD471E0C43C.d.A9B848B2D4F02F440A6C648E5920E1B0.e.10714/click - {}
RESULT: {}
COMMAND: GET /session/65af7eee0b689fbc32704a37c909740d/screenshot - {}
RESULT: {}
COMMAND: POST /session/65af7eee0b689fbc32704a37c909740d/element - {"using":"xpath","value":"//bdi[contains(text(), \"OK\")]"}
RESULT: {"using":"xpath","value":"//bdi[contains(text(), \"OK\")]"}
COMMAND: POST /session/65af7eee0b689fbc32704a37c909740d/element/f.4EA148EC701C5F901E073CD471E0C43C.d.A9B848B2D4F02F440A6C648E5920E1B0.e.10716/click - {}
RESULT: {}
COMMAND: GET /session/65af7eee0b689fbc32704a37c909740d/screenshot - {}
RESULT: {}
COMMAND: POST /session/65af7eee0b689fbc32704a37c909740d/execute/async - {"script":"<script> [1562 bytes]","args":[{"selector":{"id":"application-manageresources-display-component---newResourceUnit--newRRUPage-anchBar-application-manageresources-display-component---newResourceUnit--resource-anchor","interaction":{"idSuffix":"BDI-content"}},"wdio_ui5_key":"applicationmanageresources-display-component---newResourceUnit--newRRUPage-anchBar-application-manageresources-display-component---newResourceUnit--resource-anchor"}]}
RESULT: {"script":"<script> [1562 bytes]","args":[{"selector":{"id":"application-manageresources-display-component---newResourceUnit--newRRUPage-anchBar-application-manageresources-display-component---newResourceUnit--resource-anchor","interaction":{"idSuffix":"BDI-content"}},"wdio_ui5_key":"applicationmanageresources-display-component---newResourceUnit--newRRUPage-anchBar-application-manageresources-display-component---newResourceUnit--resource-anchor"}]}
RESULT: undefined
COMMAND: POST /session/65af7eee0b689fbc32704a37c909740d/element - {"using":"xpath","value":"//*[@id=\"application-manageresources-display-component---newResourceUnit--newRRUPage-anchBar-application-manageresources-display-component---newResourceUnit--resource-anchor\"]"}
RESULT: {"using":"xpath","value":"//*[@id=\"application-manageresources-display-component---newResourceUnit--newRRUPage-anchBar-application-manageresources-display-component---newResourceUnit--resource-anchor\"]"}
COMMAND: POST /session/65af7eee0b689fbc32704a37c909740d/element/f.4EA148EC701C5F901E073CD471E0C43C.d.A9B848B2D4F02F440A6C648E5920E1B0.e.10720/click - {}
RESULT: {}
COMMAND: POST /session/65af7eee0b689fbc32704a37c909740d/execute/async - {"script":"<script> [1562 bytes]","args":[{"selector":{"id":"application-manageresources-display-component---newResourceUnit--PLANNED_DELIVERY_DATE","interaction":{"idSuffix":"inner"}},"wdio_ui5_key":"applicationmanageresources-display-component---newResourceUnit--PLANNED_DELIVERY_DATE"}]}
COMMAND: GET /session/65af7eee0b689fbc32704a37c909740d/screenshot - {}
RESULT: {"script":"<script> [1562 bytes]","args":[{"selector":{"id":"application-manageresources-display-component---newResourceUnit--PLANNED_DELIVERY_DATE","interaction":{"idSuffix":"inner"}},"wdio_ui5_key":"applicationmanageresources-display-component---newResourceUnit--PLANNED_DELIVERY_DATE"}]}
RESULT: undefined
COMMAND: POST /session/65af7eee0b689fbc32704a37c909740d/execute/async - {"script":"<script> [6424 bytes]","args":[{"element-6066-11e4-a52e-4f735466cecf":"f.4EA148EC701C5F901E073CD471E0C43C.d.A9B848B2D4F02F440A6C648E5920E1B0.e.10595"},"setValue",["5/13/25"]]}
RESULT: {}
RESULT: {"script":"<script> [6424 bytes]","args":[{"element-6066-11e4-a52e-4f735466cecf":"f.4EA148EC701C5F901E073CD471E0C43C.d.A9B848B2D4F02F440A6C648E5920E1B0.e.10595"},"setValue",["5/13/25"]]}
COMMAND: POST /session/65af7eee0b689fbc32704a37c909740d/element - {"using":"xpath","value":"//label[contains(@class, 'sapMLabelRequired') and .//bdi[contains(text(), 'Planned Retirement')]]"}
RESULT: {"using":"xpath","value":"//label[contains(@class, 'sapMLabelRequired') and .//bdi[contains(text(), 'Planned Retirement')]]"}
COMMAND: POST /session/65af7eee0b689fbc32704a37c909740d/elements - {"using":"xpath","value":"//label[contains(@class, 'sapMLabelRequired') and .//bdi[contains(text(), 'Planned Retirement')]]"}
RESULT: {"using":"xpath","value":"//label[contains(@class, 'sapMLabelRequired') and .//bdi[contains(text(), 'Planned Retirement')]]"}
COMMAND: POST /session/65af7eee0b689fbc32704a37c909740d/element - {"using":"xpath","value":"//button[@data-kt=\"resourceUnitSaveButton\"]"}
RESULT: {"using":"xpath","value":"//button[@data-kt=\"resourceUnitSaveButton\"]"}
COMMAND: POST /session/65af7eee0b689fbc32704a37c909740d/element/f.4EA148EC701C5F901E073CD471E0C43C.d.A9B848B2D4F02F440A6C648E5920E1B0.e.10555/click - {}
RESULT: {}
COMMAND: GET /session/65af7eee0b689fbc32704a37c909740d/screenshot - {}
RESULT: {}
COMMAND: POST /session/65af7eee0b689fbc32704a37c909740d/element - {"using":"xpath","value":"//bdi[contains(text(), \"Close\")]"}
RESULT: {"using":"xpath","value":"//bdi[contains(text(), \"Close\")]"}
COMMAND: POST /session/65af7eee0b689fbc32704a37c909740d/element/f.4EA148EC701C5F901E073CD471E0C43C.d.A9B848B2D4F02F440A6C648E5920E1B0.e.10728/click - {}
RESULT: {}
COMMAND: GET /session/65af7eee0b689fbc32704a37c909740d/screenshot - {}
RESULT: {}
COMMAND: POST /session/65af7eee0b689fbc32704a37c909740d/element - {"using":"xpath","value":"(//button[contains(@id ,\"actionsToolbar-overflowButton\")])[1]"}
RESULT: {"using":"xpath","value":"(//button[contains(@id ,\"actionsToolbar-overflowButton\")])[1]"}
COMMAND: POST /session/65af7eee0b689fbc32704a37c909740d/element/f.4EA148EC701C5F901E073CD471E0C43C.d.A9B848B2D4F02F440A6C648E5920E1B0.e.10758/click - {}
RESULT: {}
COMMAND: GET /session/65af7eee0b689fbc32704a37c909740d/screenshot - {}
RESULT: {}
COMMAND: POST /session/65af7eee0b689fbc32704a37c909740d/element - {"using":"xpath","value":"//button[@data-kt=\"priceInfoButton\"]"}
RESULT: {"using":"xpath","value":"//button[@data-kt=\"priceInfoButton\"]"}
COMMAND: POST /session/65af7eee0b689fbc32704a37c909740d/element/f.4EA148EC701C5F901E073CD471E0C43C.d.A9B848B2D4F02F440A6C648E5920E1B0.e.10760/click - {}
RESULT: {}
COMMAND: GET /session/65af7eee0b689fbc32704a37c909740d/screenshot - {}
]]></system-out>
    </testcase>
    <testcase classname="chrome.136_0_7103_49.windows.Performance_based_billing_(work_days)_US139742" name="Should create a pricing rule perf based on the equipment" time="56.539">
      <system-out><![CDATA[
COMMAND: POST /session/65af7eee0b689fbc32704a37c909740d/element - {"using":"xpath","value":"//button[@data-kt=\"addButton\"]"}
RESULT: {}
RESULT: {"using":"xpath","value":"//button[@data-kt=\"addButton\"]"}
COMMAND: POST /session/65af7eee0b689fbc32704a37c909740d/elements - {"using":"xpath","value":"//button[@data-kt=\"addButton\"]"}
RESULT: {"using":"xpath","value":"//button[@data-kt=\"addButton\"]"}
COMMAND: POST /session/65af7eee0b689fbc32704a37c909740d/elements - {"using":"xpath","value":"//button[@data-kt=\"addButton\"]"}
RESULT: {"using":"xpath","value":"//button[@data-kt=\"addButton\"]"}
COMMAND: POST /session/65af7eee0b689fbc32704a37c909740d/elements - {"using":"xpath","value":"//button[@data-kt=\"addButton\"]"}
RESULT: {"using":"xpath","value":"//button[@data-kt=\"addButton\"]"}
COMMAND: POST /session/65af7eee0b689fbc32704a37c909740d/element - {"using":"xpath","value":"//button[@data-kt=\"addButton\"]"}
RESULT: {"using":"xpath","value":"//button[@data-kt=\"addButton\"]"}
COMMAND: POST /session/65af7eee0b689fbc32704a37c909740d/execute/sync - {"script":"<script> [8489 bytes]","args":[{"element-6066-11e4-a52e-4f735466cecf":"f.4EA148EC701C5F901E073CD471E0C43C.d.A9B848B2D4F02F440A6C648E5920E1B0.e.10797","ELEMENT":"f.4EA148EC701C5F901E073CD471E0C43C.d.A9B848B2D4F02F440A6C648E5920E1B0.e.10797"}]}
RESULT: {"script":"<script> [8489 bytes]","args":[{"element-6066-11e4-a52e-4f735466cecf":"f.4EA148EC701C5F901E073CD471E0C43C.d.A9B848B2D4F02F440A6C648E5920E1B0.e.10797","ELEMENT":"f.4EA148EC701C5F901E073CD471E0C43C.d.A9B848B2D4F02F440A6C648E5920E1B0.e.10797"}]}
COMMAND: GET /session/65af7eee0b689fbc32704a37c909740d/element/f.4EA148EC701C5F901E073CD471E0C43C.d.A9B848B2D4F02F440A6C648E5920E1B0.e.10797/enabled - {}
COMMAND: GET /session/65af7eee0b689fbc32704a37c909740d/screenshot - {}
RESULT: {}
COMMAND: POST /session/65af7eee0b689fbc32704a37c909740d/execute/sync - {"script":"<script> [8489 bytes]","args":[{"element-6066-11e4-a52e-4f735466cecf":"f.4EA148EC701C5F901E073CD471E0C43C.d.A9B848B2D4F02F440A6C648E5920E1B0.e.10797","ELEMENT":"f.4EA148EC701C5F901E073CD471E0C43C.d.A9B848B2D4F02F440A6C648E5920E1B0.e.10797"}]}
COMMAND: GET /session/65af7eee0b689fbc32704a37c909740d/screenshot - {}
RESULT: {}
RESULT: {"script":"<script> [8489 bytes]","args":[{"element-6066-11e4-a52e-4f735466cecf":"f.4EA148EC701C5F901E073CD471E0C43C.d.A9B848B2D4F02F440A6C648E5920E1B0.e.10797","ELEMENT":"f.4EA148EC701C5F901E073CD471E0C43C.d.A9B848B2D4F02F440A6C648E5920E1B0.e.10797"}]}
COMMAND: POST /session/65af7eee0b689fbc32704a37c909740d/execute/sync - {"script":"<script> [5351 bytes]","args":[{"element-6066-11e4-a52e-4f735466cecf":"f.4EA148EC701C5F901E073CD471E0C43C.d.A9B848B2D4F02F440A6C648E5920E1B0.e.10797","ELEMENT":"f.4EA148EC701C5F901E073CD471E0C43C.d.A9B848B2D4F02F440A6C648E5920E1B0.e.10797"}]}
COMMAND: GET /session/65af7eee0b689fbc32704a37c909740d/screenshot - {}
RESULT: {}
RESULT: {"script":"<script> [5351 bytes]","args":[{"element-6066-11e4-a52e-4f735466cecf":"f.4EA148EC701C5F901E073CD471E0C43C.d.A9B848B2D4F02F440A6C648E5920E1B0.e.10797","ELEMENT":"f.4EA148EC701C5F901E073CD471E0C43C.d.A9B848B2D4F02F440A6C648E5920E1B0.e.10797"}]}
COMMAND: POST /session/65af7eee0b689fbc32704a37c909740d/element/f.4EA148EC701C5F901E073CD471E0C43C.d.A9B848B2D4F02F440A6C648E5920E1B0.e.10797/click - {}
COMMAND: GET /session/65af7eee0b689fbc32704a37c909740d/screenshot - {}
RESULT: {}
RESULT: {}
COMMAND: GET /session/65af7eee0b689fbc32704a37c909740d/screenshot - {}
RESULT: {}
RESULT: {}
COMMAND: POST /session/65af7eee0b689fbc32704a37c909740d/execute/async - {"script":"<script> [1562 bytes]","args":[{"selector":{"controlType":"sap.m.Title","viewName":"etm.portal.ui.managepricingrules.view.NewItem","viewId":"application-managepricingrules-display-component---newInfoPriceItem","properties":{"text":"New Pricing Rules - Item Level"}},"wdio_ui5_key":"etmportal.ui.managepricingrules.view.NewItemsap.m.Title{\"text\":\"New Pricing Rules - Item Level\"}"}]}
RESULT: {"script":"<script> [1562 bytes]","args":[{"selector":{"controlType":"sap.m.Title","viewName":"etm.portal.ui.managepricingrules.view.NewItem","viewId":"application-managepricingrules-display-component---newInfoPriceItem","properties":{"text":"New Pricing Rules - Item Level"}},"wdio_ui5_key":"etmportal.ui.managepricingrules.view.NewItemsap.m.Title{\"text\":\"New Pricing Rules - Item Level\"}"}]}
RESULT: undefined
COMMAND: POST /session/65af7eee0b689fbc32704a37c909740d/execute/async - {"script":"<script> [6424 bytes]","args":[{"element-6066-11e4-a52e-4f735466cecf":"f.4EA148EC701C5F901E073CD471E0C43C.d.A9B848B2D4F02F440A6C648E5920E1B0.e.10954"},"getText",[]]}
RESULT: {"script":"<script> [6424 bytes]","args":[{"element-6066-11e4-a52e-4f735466cecf":"f.4EA148EC701C5F901E073CD471E0C43C.d.A9B848B2D4F02F440A6C648E5920E1B0.e.10954"},"getText",[]]}
COMMAND: POST /session/65af7eee0b689fbc32704a37c909740d/execute/async - {"script":"<script> [1562 bytes]","args":[{"selector":{"id":"application-managepricingrules-display-component---newInfoPriceItem--condValidTo","interaction":{"idSuffix":"inner"}},"wdio_ui5_key":"applicationmanagepricingrules-display-component---newInfoPriceItem--condValidTo"}]}
RESULT: {"script":"<script> [1562 bytes]","args":[{"selector":{"id":"application-managepricingrules-display-component---newInfoPriceItem--condValidTo","interaction":{"idSuffix":"inner"}},"wdio_ui5_key":"applicationmanagepricingrules-display-component---newInfoPriceItem--condValidTo"}]}
RESULT: undefined
COMMAND: POST /session/65af7eee0b689fbc32704a37c909740d/execute/async - {"script":"<script> [776 bytes]","args":[{"enterText":"01/13/26","selector":{"id":"application-managepricingrules-display-component---newInfoPriceItem--condValidTo","interaction":{"idSuffix":"inner"}},"clearTextFirst":true,"interactionType":"ENTER_TEXT"}]}
RESULT: {"script":"<script> [776 bytes]","args":[{"enterText":"01/13/26","selector":{"id":"application-managepricingrules-display-component---newInfoPriceItem--condValidTo","interaction":{"idSuffix":"inner"}},"clearTextFirst":true,"interactionType":"ENTER_TEXT"}]}
COMMAND: POST /session/65af7eee0b689fbc32704a37c909740d/execute/async - {"script":"<script> [1562 bytes]","args":[{"selector":{"id":"application-managepricingrules-display-component---newInfoPriceItem--billType-arrow"},"wdio_ui5_key":"applicationmanagepricingrules-display-component---newInfoPriceItem--billType-arrow"}]}
RESULT: {"script":"<script> [1562 bytes]","args":[{"selector":{"id":"application-managepricingrules-display-component---newInfoPriceItem--billType-arrow"},"wdio_ui5_key":"applicationmanagepricingrules-display-component---newInfoPriceItem--billType-arrow"}]}
RESULT: undefined
COMMAND: POST /session/65af7eee0b689fbc32704a37c909740d/element - {"using":"xpath","value":"//*[@id=\"application-managepricingrules-display-component---newInfoPriceItem--billType-arrow\"]"}
RESULT: {"using":"xpath","value":"//*[@id=\"application-managepricingrules-display-component---newInfoPriceItem--billType-arrow\"]"}
COMMAND: POST /session/65af7eee0b689fbc32704a37c909740d/element/f.4EA148EC701C5F901E073CD471E0C43C.d.A9B848B2D4F02F440A6C648E5920E1B0.e.10956/click - {}
RESULT: {}
COMMAND: POST /session/65af7eee0b689fbc32704a37c909740d/element - {"using":"xpath","value":"//span[contains(text(), \"PB - Performance based\")]"}
COMMAND: GET /session/65af7eee0b689fbc32704a37c909740d/screenshot - {}
RESULT: {"using":"xpath","value":"//span[contains(text(), \"PB - Performance based\")]"}
COMMAND: POST /session/65af7eee0b689fbc32704a37c909740d/element/f.4EA148EC701C5F901E073CD471E0C43C.d.A9B848B2D4F02F440A6C648E5920E1B0.e.10957/click - {}
RESULT: {}
RESULT: {}
COMMAND: POST /session/65af7eee0b689fbc32704a37c909740d/execute/async - {"script":"<script> [1562 bytes]","args":[{"selector":{"id":"application-managepricingrules-display-component---newInfoPriceItem--priceProc-arrow"},"wdio_ui5_key":"applicationmanagepricingrules-display-component---newInfoPriceItem--priceProc-arrow"}]}
COMMAND: GET /session/65af7eee0b689fbc32704a37c909740d/screenshot - {}
RESULT: {"script":"<script> [1562 bytes]","args":[{"selector":{"id":"application-managepricingrules-display-component---newInfoPriceItem--priceProc-arrow"},"wdio_ui5_key":"applicationmanagepricingrules-display-component---newInfoPriceItem--priceProc-arrow"}]}
RESULT: undefined
COMMAND: POST /session/65af7eee0b689fbc32704a37c909740d/element - {"using":"xpath","value":"//*[@id=\"application-managepricingrules-display-component---newInfoPriceItem--priceProc-arrow\"]"}
RESULT: {}
RESULT: {"using":"xpath","value":"//*[@id=\"application-managepricingrules-display-component---newInfoPriceItem--priceProc-arrow\"]"}
COMMAND: POST /session/65af7eee0b689fbc32704a37c909740d/element/f.4EA148EC701C5F901E073CD471E0C43C.d.A9B848B2D4F02F440A6C648E5920E1B0.e.10923/click - {}
RESULT: {}
COMMAND: POST /session/65af7eee0b689fbc32704a37c909740d/element - {"using":"xpath","value":"//span[contains(text(), \"PRF - Performance based\")]"}
COMMAND: GET /session/65af7eee0b689fbc32704a37c909740d/screenshot - {}
RESULT: {"using":"xpath","value":"//span[contains(text(), \"PRF - Performance based\")]"}
COMMAND: POST /session/65af7eee0b689fbc32704a37c909740d/element/f.4EA148EC701C5F901E073CD471E0C43C.d.A9B848B2D4F02F440A6C648E5920E1B0.e.10958/click - {}
RESULT: {}
RESULT: {}
COMMAND: POST /session/65af7eee0b689fbc32704a37c909740d/execute/async - {"script":"<script> [1562 bytes]","args":[{"selector":{"id":"application-managepricingrules-display-component---newInfoPriceItem--calcBase-arrow"},"wdio_ui5_key":"applicationmanagepricingrules-display-component---newInfoPriceItem--calcBase-arrow"}]}
COMMAND: GET /session/65af7eee0b689fbc32704a37c909740d/screenshot - {}
RESULT: {"script":"<script> [1562 bytes]","args":[{"selector":{"id":"application-managepricingrules-display-component---newInfoPriceItem--calcBase-arrow"},"wdio_ui5_key":"applicationmanagepricingrules-display-component---newInfoPriceItem--calcBase-arrow"}]}
RESULT: undefined
COMMAND: POST /session/65af7eee0b689fbc32704a37c909740d/element - {"using":"xpath","value":"//*[@id=\"application-managepricingrules-display-component---newInfoPriceItem--calcBase-arrow\"]"}
RESULT: {}
RESULT: {"using":"xpath","value":"//*[@id=\"application-managepricingrules-display-component---newInfoPriceItem--calcBase-arrow\"]"}
COMMAND: POST /session/65af7eee0b689fbc32704a37c909740d/element/f.4EA148EC701C5F901E073CD471E0C43C.d.A9B848B2D4F02F440A6C648E5920E1B0.e.10930/click - {}
RESULT: {}
COMMAND: GET /session/65af7eee0b689fbc32704a37c909740d/screenshot - {}
RESULT: {}
COMMAND: POST /session/65af7eee0b689fbc32704a37c909740d/element - {"using":"xpath","value":"//span[contains(text(), \"0007 - PB(work days)\")]"}
RESULT: {"using":"xpath","value":"//span[contains(text(), \"0007 - PB(work days)\")]"}
COMMAND: POST /session/65af7eee0b689fbc32704a37c909740d/element/f.4EA148EC701C5F901E073CD471E0C43C.d.A9B848B2D4F02F440A6C648E5920E1B0.e.10959/click - {}
RESULT: {}
COMMAND: GET /session/65af7eee0b689fbc32704a37c909740d/screenshot - {}
RESULT: {}
COMMAND: POST /session/65af7eee0b689fbc32704a37c909740d/execute/async - {"script":"<script> [1562 bytes]","args":[{"selector":{"id":"application-managepricingrules-display-component---newInfoPriceItem--hoursMonth","interaction":{"idSuffix":"inner"}},"wdio_ui5_key":"applicationmanagepricingrules-display-component---newInfoPriceItem--hoursMonth"}]}
RESULT: {"script":"<script> [1562 bytes]","args":[{"selector":{"id":"application-managepricingrules-display-component---newInfoPriceItem--hoursMonth","interaction":{"idSuffix":"inner"}},"wdio_ui5_key":"applicationmanagepricingrules-display-component---newInfoPriceItem--hoursMonth"}]}
RESULT: undefined
COMMAND: POST /session/65af7eee0b689fbc32704a37c909740d/execute/async - {"script":"<script> [776 bytes]","args":[{"enterText":"160","selector":{"id":"application-managepricingrules-display-component---newInfoPriceItem--hoursMonth","interaction":{"idSuffix":"inner"}},"clearTextFirst":true,"interactionType":"ENTER_TEXT"}]}
RESULT: {"script":"<script> [776 bytes]","args":[{"enterText":"160","selector":{"id":"application-managepricingrules-display-component---newInfoPriceItem--hoursMonth","interaction":{"idSuffix":"inner"}},"clearTextFirst":true,"interactionType":"ENTER_TEXT"}]}
COMMAND: POST /session/65af7eee0b689fbc32704a37c909740d/element - {"using":"xpath","value":"//button[@data-kt=\"saveNewRuleButton\"]"}
RESULT: {"using":"xpath","value":"//button[@data-kt=\"saveNewRuleButton\"]"}
COMMAND: POST /session/65af7eee0b689fbc32704a37c909740d/element/f.4EA148EC701C5F901E073CD471E0C43C.d.A9B848B2D4F02F440A6C648E5920E1B0.e.10946/click - {}
RESULT: {}
COMMAND: GET /session/65af7eee0b689fbc32704a37c909740d/screenshot - {}
RESULT: {}
COMMAND: POST /session/65af7eee0b689fbc32704a37c909740d/execute/async - {"script":"<script> [1562 bytes]","args":[{"selector":{"id":"application-managepricingrules-display-component---priceInfoItem--smartFilterBar-btnBasicSearch","interaction":{"idSuffix":"I"}},"wdio_ui5_key":"applicationmanagepricingrules-display-component---priceInfoItem--smartFilterBar-btnBasicSearch"}]}
RESULT: {"script":"<script> [1562 bytes]","args":[{"selector":{"id":"application-managepricingrules-display-component---priceInfoItem--smartFilterBar-btnBasicSearch","interaction":{"idSuffix":"I"}},"wdio_ui5_key":"applicationmanagepricingrules-display-component---priceInfoItem--smartFilterBar-btnBasicSearch"}]}
RESULT: undefined
COMMAND: POST /session/65af7eee0b689fbc32704a37c909740d/execute/async - {"script":"<script> [776 bytes]","args":[{"enterText":"xlzk0XWpCm","selector":{"id":"application-managepricingrules-display-component---priceInfoItem--smartFilterBar-btnBasicSearch","interaction":{"idSuffix":"I"}},"clearTextFirst":true,"interactionType":"ENTER_TEXT"}]}
RESULT: {"script":"<script> [776 bytes]","args":[{"enterText":"xlzk0XWpCm","selector":{"id":"application-managepricingrules-display-component---priceInfoItem--smartFilterBar-btnBasicSearch","interaction":{"idSuffix":"I"}},"clearTextFirst":true,"interactionType":"ENTER_TEXT"}]}
COMMAND: POST /session/65af7eee0b689fbc32704a37c909740d/actions - {"actions":[{"id":"action49","type":"key","parameters":{},"actions":[{"type":"keyDown","value":"î€‡"},{"type":"pause","duration":10},{"type":"keyUp","value":"î€‡"}]}]}
RESULT: {"actions":[{"id":"action49","type":"key","parameters":{},"actions":[{"type":"keyDown","value":"î€‡"},{"type":"pause","duration":10},{"type":"keyUp","value":"î€‡"}]}]}
COMMAND: GET /session/65af7eee0b689fbc32704a37c909740d/screenshot - {}
RESULT: {}
COMMAND: POST /session/65af7eee0b689fbc32704a37c909740d/element - {"using":"xpath","value":"//span[@id=\"application-managepricingrules-display-component---priceInfoItem--smartTable-header-inner\"]"}
RESULT: {"using":"xpath","value":"//span[@id=\"application-managepricingrules-display-component---priceInfoItem--smartTable-header-inner\"]"}
COMMAND: POST /session/65af7eee0b689fbc32704a37c909740d/elements - {"using":"xpath","value":"//span[@id=\"application-managepricingrules-display-component---priceInfoItem--smartTable-header-inner\"]"}
RESULT: {"using":"xpath","value":"//span[@id=\"application-managepricingrules-display-component---priceInfoItem--smartTable-header-inner\"]"}
COMMAND: POST /session/65af7eee0b689fbc32704a37c909740d/execute/sync - {"script":"<script> [56 bytes]","args":[{"element-6066-11e4-a52e-4f735466cecf":"f.4EA148EC701C5F901E073CD471E0C43C.d.A9B848B2D4F02F440A6C648E5920E1B0.e.10984","ELEMENT":"f.4EA148EC701C5F901E073CD471E0C43C.d.A9B848B2D4F02F440A6C648E5920E1B0.e.10984"}]}
RESULT: {"script":"<script> [56 bytes]","args":[{"element-6066-11e4-a52e-4f735466cecf":"f.4EA148EC701C5F901E073CD471E0C43C.d.A9B848B2D4F02F440A6C648E5920E1B0.e.10984","ELEMENT":"f.4EA148EC701C5F901E073CD471E0C43C.d.A9B848B2D4F02F440A6C648E5920E1B0.e.10984"}]}
COMMAND: POST /session/65af7eee0b689fbc32704a37c909740d/element - {"using":"css selector","value":"#shell-header-logo"}
COMMAND: GET /session/65af7eee0b689fbc32704a37c909740d/screenshot - {}
RESULT: {"using":"css selector","value":"#shell-header-logo"}
COMMAND: POST /session/65af7eee0b689fbc32704a37c909740d/element/f.4EA148EC701C5F901E073CD471E0C43C.d.A9B848B2D4F02F440A6C648E5920E1B0.e.10149/click - {}
RESULT: {}
RESULT: {}
COMMAND: GET /session/65af7eee0b689fbc32704a37c909740d/screenshot - {}
RESULT: {}
]]></system-out>
    </testcase>
    <testcase classname="chrome.136_0_7103_49.windows.Performance_based_billing_(work_days)_US139742" name="Should create a performance based billing condition on the equipment" time="70.891">
      <system-out><![CDATA[
COMMAND: POST /session/65af7eee0b689fbc32704a37c909740d/execute/async - {"script":"<script> [1562 bytes]","args":[{"selector":{"controlType":"sap.m.Text","properties":{"text":"Manage Conditions & Prices"},"interaction":{"idSuffix":"inner"}},"wdio_ui5_key":"sapm.Text{\"text\":\"Manage Conditions & Prices\"}"}]}
RESULT: {"script":"<script> [1562 bytes]","args":[{"selector":{"controlType":"sap.m.Text","properties":{"text":"Manage Conditions & Prices"},"interaction":{"idSuffix":"inner"}},"wdio_ui5_key":"sapm.Text{\"text\":\"Manage Conditions & Prices\"}"}]}
RESULT: undefined
COMMAND: POST /session/65af7eee0b689fbc32704a37c909740d/element - {"using":"xpath","value":"//*[@id=\"__tile53-title\"]"}
RESULT: {"using":"xpath","value":"//*[@id=\"__tile53-title\"]"}
COMMAND: POST /session/65af7eee0b689fbc32704a37c909740d/element/f.4EA148EC701C5F901E073CD471E0C43C.d.A9B848B2D4F02F440A6C648E5920E1B0.e.10987/click - {}
RESULT: {}
COMMAND: POST /session/65af7eee0b689fbc32704a37c909740d/element - {"using":"xpath","value":"//button[@aria-label=\"Create\"]"}
COMMAND: GET /session/65af7eee0b689fbc32704a37c909740d/screenshot - {}
RESULT: {"using":"xpath","value":"//button[@aria-label=\"Create\"]"}
COMMAND: POST /session/65af7eee0b689fbc32704a37c909740d/elements - {"using":"xpath","value":"//button[@aria-label=\"Create\"]"}
RESULT: {}
RESULT: {"using":"xpath","value":"//button[@aria-label=\"Create\"]"}
COMMAND: POST /session/65af7eee0b689fbc32704a37c909740d/element - {"using":"xpath","value":"//button[@aria-label=\"Create\"]"}
RESULT: {"using":"xpath","value":"//button[@aria-label=\"Create\"]"}
COMMAND: POST /session/65af7eee0b689fbc32704a37c909740d/execute/sync - {"script":"<script> [8489 bytes]","args":[{"element-6066-11e4-a52e-4f735466cecf":"f.4EA148EC701C5F901E073CD471E0C43C.d.A9B848B2D4F02F440A6C648E5920E1B0.e.11021","ELEMENT":"f.4EA148EC701C5F901E073CD471E0C43C.d.A9B848B2D4F02F440A6C648E5920E1B0.e.11021"}]}
RESULT: {"script":"<script> [8489 bytes]","args":[{"element-6066-11e4-a52e-4f735466cecf":"f.4EA148EC701C5F901E073CD471E0C43C.d.A9B848B2D4F02F440A6C648E5920E1B0.e.11021","ELEMENT":"f.4EA148EC701C5F901E073CD471E0C43C.d.A9B848B2D4F02F440A6C648E5920E1B0.e.11021"}]}
COMMAND: GET /session/65af7eee0b689fbc32704a37c909740d/element/f.4EA148EC701C5F901E073CD471E0C43C.d.A9B848B2D4F02F440A6C648E5920E1B0.e.11021/enabled - {}
COMMAND: GET /session/65af7eee0b689fbc32704a37c909740d/screenshot - {}
RESULT: {}
COMMAND: POST /session/65af7eee0b689fbc32704a37c909740d/execute/sync - {"script":"<script> [8489 bytes]","args":[{"element-6066-11e4-a52e-4f735466cecf":"f.4EA148EC701C5F901E073CD471E0C43C.d.A9B848B2D4F02F440A6C648E5920E1B0.e.11021","ELEMENT":"f.4EA148EC701C5F901E073CD471E0C43C.d.A9B848B2D4F02F440A6C648E5920E1B0.e.11021"}]}
COMMAND: GET /session/65af7eee0b689fbc32704a37c909740d/screenshot - {}
RESULT: {}
RESULT: {"script":"<script> [8489 bytes]","args":[{"element-6066-11e4-a52e-4f735466cecf":"f.4EA148EC701C5F901E073CD471E0C43C.d.A9B848B2D4F02F440A6C648E5920E1B0.e.11021","ELEMENT":"f.4EA148EC701C5F901E073CD471E0C43C.d.A9B848B2D4F02F440A6C648E5920E1B0.e.11021"}]}
COMMAND: POST /session/65af7eee0b689fbc32704a37c909740d/execute/sync - {"script":"<script> [5351 bytes]","args":[{"element-6066-11e4-a52e-4f735466cecf":"f.4EA148EC701C5F901E073CD471E0C43C.d.A9B848B2D4F02F440A6C648E5920E1B0.e.11021","ELEMENT":"f.4EA148EC701C5F901E073CD471E0C43C.d.A9B848B2D4F02F440A6C648E5920E1B0.e.11021"}]}
COMMAND: GET /session/65af7eee0b689fbc32704a37c909740d/screenshot - {}
RESULT: {}
RESULT: {"script":"<script> [5351 bytes]","args":[{"element-6066-11e4-a52e-4f735466cecf":"f.4EA148EC701C5F901E073CD471E0C43C.d.A9B848B2D4F02F440A6C648E5920E1B0.e.11021","ELEMENT":"f.4EA148EC701C5F901E073CD471E0C43C.d.A9B848B2D4F02F440A6C648E5920E1B0.e.11021"}]}
COMMAND: POST /session/65af7eee0b689fbc32704a37c909740d/element/f.4EA148EC701C5F901E073CD471E0C43C.d.A9B848B2D4F02F440A6C648E5920E1B0.e.11021/click - {}
COMMAND: GET /session/65af7eee0b689fbc32704a37c909740d/screenshot - {}
RESULT: {}
RESULT: {}
COMMAND: GET /session/65af7eee0b689fbc32704a37c909740d/screenshot - {}
RESULT: {}
RESULT: {}
COMMAND: POST /session/65af7eee0b689fbc32704a37c909740d/actions - {"actions":[{"id":"action50","type":"key","parameters":{},"actions":[{"type":"keyDown","value":"î€‡"},{"type":"pause","duration":10},{"type":"keyUp","value":"î€‡"}]}]}
RESULT: {"actions":[{"id":"action50","type":"key","parameters":{},"actions":[{"type":"keyDown","value":"î€‡"},{"type":"pause","duration":10},{"type":"keyUp","value":"î€‡"}]}]}
COMMAND: GET /session/65af7eee0b689fbc32704a37c909740d/screenshot - {}
RESULT: {}
COMMAND: POST /session/65af7eee0b689fbc32704a37c909740d/execute/async - {"script":"<script> [1562 bytes]","args":[{"selector":{"id":"application-manageconditionprice-display-component---newCondition--condBillCond-arrow"},"wdio_ui5_key":"applicationmanageconditionprice-display-component---newCondition--condBillCond-arrow"}]}
RESULT: {"script":"<script> [1562 bytes]","args":[{"selector":{"id":"application-manageconditionprice-display-component---newCondition--condBillCond-arrow"},"wdio_ui5_key":"applicationmanageconditionprice-display-component---newCondition--condBillCond-arrow"}]}
RESULT: undefined
COMMAND: POST /session/65af7eee0b689fbc32704a37c909740d/element - {"using":"xpath","value":"//*[@id=\"application-manageconditionprice-display-component---newCondition--condBillCond-arrow\"]"}
RESULT: {"using":"xpath","value":"//*[@id=\"application-manageconditionprice-display-component---newCondition--condBillCond-arrow\"]"}
COMMAND: POST /session/65af7eee0b689fbc32704a37c909740d/element/f.4EA148EC701C5F901E073CD471E0C43C.d.A9B848B2D4F02F440A6C648E5920E1B0.e.11200/click - {}
RESULT: {}
COMMAND: GET /session/65af7eee0b689fbc32704a37c909740d/screenshot - {}
RESULT: {}
COMMAND: POST /session/65af7eee0b689fbc32704a37c909740d/element - {"using":"xpath","value":"//li[.//span[contains(text(), \"PC06 - Performance Price - fuel\")]]"}
RESULT: {"using":"xpath","value":"//li[.//span[contains(text(), \"PC06 - Performance Price - fuel\")]]"}
COMMAND: POST /session/65af7eee0b689fbc32704a37c909740d/element/f.4EA148EC701C5F901E073CD471E0C43C.d.A9B848B2D4F02F440A6C648E5920E1B0.e.11204/click - {}
RESULT: {}
COMMAND: GET /session/65af7eee0b689fbc32704a37c909740d/screenshot - {}
RESULT: {}
COMMAND: POST /session/65af7eee0b689fbc32704a37c909740d/execute/async - {"script":"<script> [1562 bytes]","args":[{"selector":{"id":"application-manageconditionprice-display-component---newCondition--condValidTo","interaction":{"idSuffix":"inner"}},"wdio_ui5_key":"applicationmanageconditionprice-display-component---newCondition--condValidTo"}]}
RESULT: {"script":"<script> [1562 bytes]","args":[{"selector":{"id":"application-manageconditionprice-display-component---newCondition--condValidTo","interaction":{"idSuffix":"inner"}},"wdio_ui5_key":"applicationmanageconditionprice-display-component---newCondition--condValidTo"}]}
RESULT: undefined
COMMAND: POST /session/65af7eee0b689fbc32704a37c909740d/execute/async - {"script":"<script> [776 bytes]","args":[{"enterText":"01/13/26","selector":{"id":"application-manageconditionprice-display-component---newCondition--condValidTo","interaction":{"idSuffix":"inner"}},"clearTextFirst":true,"interactionType":"ENTER_TEXT"}]}
RESULT: {"script":"<script> [776 bytes]","args":[{"enterText":"01/13/26","selector":{"id":"application-manageconditionprice-display-component---newCondition--condValidTo","interaction":{"idSuffix":"inner"}},"clearTextFirst":true,"interactionType":"ENTER_TEXT"}]}
COMMAND: POST /session/65af7eee0b689fbc32704a37c909740d/element - {"using":"xpath","value":"//input[@id=\"application-manageconditionprice-display-component---newCondition--condRU-inner\"]"}
RESULT: {"using":"xpath","value":"//input[@id=\"application-manageconditionprice-display-component---newCondition--condRU-inner\"]"}
COMMAND: POST /session/65af7eee0b689fbc32704a37c909740d/element/f.4EA148EC701C5F901E073CD471E0C43C.d.A9B848B2D4F02F440A6C648E5920E1B0.e.11065/clear - {}
RESULT: {}
COMMAND: POST /session/65af7eee0b689fbc32704a37c909740d/element/f.4EA148EC701C5F901E073CD471E0C43C.d.A9B848B2D4F02F440A6C648E5920E1B0.e.11065/value - {"text":"xlzk0XWpCm"}
COMMAND: GET /session/65af7eee0b689fbc32704a37c909740d/screenshot - {}
RESULT: {"text":"xlzk0XWpCm"}
COMMAND: GET /session/65af7eee0b689fbc32704a37c909740d/screenshot - {}
RESULT: {}
RESULT: {}
COMMAND: POST /session/65af7eee0b689fbc32704a37c909740d/actions - {"actions":[{"id":"action51","type":"key","parameters":{},"actions":[{"type":"keyDown","value":"î€‡"},{"type":"pause","duration":10},{"type":"keyUp","value":"î€‡"}]}]}
RESULT: {"actions":[{"id":"action51","type":"key","parameters":{},"actions":[{"type":"keyDown","value":"î€‡"},{"type":"pause","duration":10},{"type":"keyUp","value":"î€‡"}]}]}
COMMAND: POST /session/65af7eee0b689fbc32704a37c909740d/execute/async - {"script":"<script> [1562 bytes]","args":[{"selector":{"id":"application-manageconditionprice-display-component---newCondition--condBaseQty","interaction":{"idSuffix":"inner"}},"wdio_ui5_key":"applicationmanageconditionprice-display-component---newCondition--condBaseQty"}]}
COMMAND: GET /session/65af7eee0b689fbc32704a37c909740d/screenshot - {}
RESULT: {"script":"<script> [1562 bytes]","args":[{"selector":{"id":"application-manageconditionprice-display-component---newCondition--condBaseQty","interaction":{"idSuffix":"inner"}},"wdio_ui5_key":"applicationmanageconditionprice-display-component---newCondition--condBaseQty"}]}
RESULT: undefined
COMMAND: POST /session/65af7eee0b689fbc32704a37c909740d/execute/async - {"script":"<script> [776 bytes]","args":[{"enterText":"1","selector":{"id":"application-manageconditionprice-display-component---newCondition--condBaseQty","interaction":{"idSuffix":"inner"}},"clearTextFirst":true,"interactionType":"ENTER_TEXT"}]}
RESULT: {}
RESULT: {"script":"<script> [776 bytes]","args":[{"enterText":"1","selector":{"id":"application-manageconditionprice-display-component---newCondition--condBaseQty","interaction":{"idSuffix":"inner"}},"clearTextFirst":true,"interactionType":"ENTER_TEXT"}]}
COMMAND: POST /session/65af7eee0b689fbc32704a37c909740d/execute/async - {"script":"<script> [1562 bytes]","args":[{"selector":{"id":"application-manageconditionprice-display-component---newCondition--condValue","interaction":{"idSuffix":"inner"}},"wdio_ui5_key":"applicationmanageconditionprice-display-component---newCondition--condValue"}]}
RESULT: {"script":"<script> [1562 bytes]","args":[{"selector":{"id":"application-manageconditionprice-display-component---newCondition--condValue","interaction":{"idSuffix":"inner"}},"wdio_ui5_key":"applicationmanageconditionprice-display-component---newCondition--condValue"}]}
RESULT: undefined
COMMAND: POST /session/65af7eee0b689fbc32704a37c909740d/execute/async - {"script":"<script> [776 bytes]","args":[{"enterText":"10","selector":{"id":"application-manageconditionprice-display-component---newCondition--condValue","interaction":{"idSuffix":"inner"}},"clearTextFirst":true,"interactionType":"ENTER_TEXT"}]}
RESULT: {"script":"<script> [776 bytes]","args":[{"enterText":"10","selector":{"id":"application-manageconditionprice-display-component---newCondition--condValue","interaction":{"idSuffix":"inner"}},"clearTextFirst":true,"interactionType":"ENTER_TEXT"}]}
COMMAND: POST /session/65af7eee0b689fbc32704a37c909740d/execute/async - {"script":"<script> [1562 bytes]","args":[{"selector":{"id":"application-manageconditionprice-display-component---newCondition--condCurr-arrow"},"wdio_ui5_key":"applicationmanageconditionprice-display-component---newCondition--condCurr-arrow"}]}
RESULT: {"script":"<script> [1562 bytes]","args":[{"selector":{"id":"application-manageconditionprice-display-component---newCondition--condCurr-arrow"},"wdio_ui5_key":"applicationmanageconditionprice-display-component---newCondition--condCurr-arrow"}]}
RESULT: undefined
COMMAND: POST /session/65af7eee0b689fbc32704a37c909740d/element - {"using":"xpath","value":"//*[@id=\"application-manageconditionprice-display-component---newCondition--condCurr-arrow\"]"}
RESULT: {"using":"xpath","value":"//*[@id=\"application-manageconditionprice-display-component---newCondition--condCurr-arrow\"]"}
COMMAND: POST /session/65af7eee0b689fbc32704a37c909740d/element/f.4EA148EC701C5F901E073CD471E0C43C.d.A9B848B2D4F02F440A6C648E5920E1B0.e.11190/click - {}
RESULT: {}
COMMAND: POST /session/65af7eee0b689fbc32704a37c909740d/element - {"using":"xpath","value":"//span[contains(text(), \"Euro\")]"}
COMMAND: GET /session/65af7eee0b689fbc32704a37c909740d/screenshot - {}
RESULT: {"using":"xpath","value":"//span[contains(text(), \"Euro\")]"}
COMMAND: POST /session/65af7eee0b689fbc32704a37c909740d/element/f.4EA148EC701C5F901E073CD471E0C43C.d.A9B848B2D4F02F440A6C648E5920E1B0.e.11237/click - {}
RESULT: {}
RESULT: {}
COMMAND: POST /session/65af7eee0b689fbc32704a37c909740d/element - {"using":"xpath","value":"//button[@data-kt=\"saveButton\"]"}
COMMAND: GET /session/65af7eee0b689fbc32704a37c909740d/screenshot - {}
RESULT: {"using":"xpath","value":"//button[@data-kt=\"saveButton\"]"}
COMMAND: POST /session/65af7eee0b689fbc32704a37c909740d/element/f.4EA148EC701C5F901E073CD471E0C43C.d.A9B848B2D4F02F440A6C648E5920E1B0.e.11191/click - {}
RESULT: {}
RESULT: {}
COMMAND: GET /session/65af7eee0b689fbc32704a37c909740d/screenshot - {}
RESULT: {}
COMMAND: POST /session/65af7eee0b689fbc32704a37c909740d/execute/async - {"script":"<script> [1562 bytes]","args":[{"selector":{"id":"application-manageconditionprice-display-component---conditions--smartFilterBar-btnBasicSearch","interaction":{"idSuffix":"I"}},"wdio_ui5_key":"applicationmanageconditionprice-display-component---conditions--smartFilterBar-btnBasicSearch"}]}
RESULT: {"script":"<script> [1562 bytes]","args":[{"selector":{"id":"application-manageconditionprice-display-component---conditions--smartFilterBar-btnBasicSearch","interaction":{"idSuffix":"I"}},"wdio_ui5_key":"applicationmanageconditionprice-display-component---conditions--smartFilterBar-btnBasicSearch"}]}
RESULT: undefined
COMMAND: POST /session/65af7eee0b689fbc32704a37c909740d/execute/async - {"script":"<script> [776 bytes]","args":[{"enterText":"xlzk0XWpCm","selector":{"id":"application-manageconditionprice-display-component---conditions--smartFilterBar-btnBasicSearch","interaction":{"idSuffix":"I"}},"clearTextFirst":true,"interactionType":"ENTER_TEXT"}]}
RESULT: {"script":"<script> [776 bytes]","args":[{"enterText":"xlzk0XWpCm","selector":{"id":"application-manageconditionprice-display-component---conditions--smartFilterBar-btnBasicSearch","interaction":{"idSuffix":"I"}},"clearTextFirst":true,"interactionType":"ENTER_TEXT"}]}
COMMAND: POST /session/65af7eee0b689fbc32704a37c909740d/actions - {"actions":[{"id":"action52","type":"key","parameters":{},"actions":[{"type":"keyDown","value":"î€‡"},{"type":"pause","duration":10},{"type":"keyUp","value":"î€‡"}]}]}
RESULT: {"actions":[{"id":"action52","type":"key","parameters":{},"actions":[{"type":"keyDown","value":"î€‡"},{"type":"pause","duration":10},{"type":"keyUp","value":"î€‡"}]}]}
COMMAND: GET /session/65af7eee0b689fbc32704a37c909740d/screenshot - {}
RESULT: {}
COMMAND: POST /session/65af7eee0b689fbc32704a37c909740d/execute/async - {"script":"<script> [1562 bytes]","args":[{"selector":{"id":"application-manageconditionprice-display-component---conditions--smartFilterBar-filterItemControl_BASIC-BILL_TYPES-vhi"},"wdio_ui5_key":"applicationmanageconditionprice-display-component---conditions--smartFilterBar-filterItemControl_BASIC-BILL_TYPES-vhi"}]}
RESULT: {"script":"<script> [1562 bytes]","args":[{"selector":{"id":"application-manageconditionprice-display-component---conditions--smartFilterBar-filterItemControl_BASIC-BILL_TYPES-vhi"},"wdio_ui5_key":"applicationmanageconditionprice-display-component---conditions--smartFilterBar-filterItemControl_BASIC-BILL_TYPES-vhi"}]}
RESULT: undefined
COMMAND: POST /session/65af7eee0b689fbc32704a37c909740d/element - {"using":"xpath","value":"//*[@id=\"application-manageconditionprice-display-component---conditions--smartFilterBar-filterItemControl_BASIC-BILL_TYPES-vhi\"]"}
RESULT: {"using":"xpath","value":"//*[@id=\"application-manageconditionprice-display-component---conditions--smartFilterBar-filterItemControl_BASIC-BILL_TYPES-vhi\"]"}
COMMAND: POST /session/65af7eee0b689fbc32704a37c909740d/element/f.4EA148EC701C5F901E073CD471E0C43C.d.A9B848B2D4F02F440A6C648E5920E1B0.e.11332/click - {}
RESULT: {}
COMMAND: POST /session/65af7eee0b689fbc32704a37c909740d/execute/async - {"script":"<script> [1562 bytes]","args":[{"selector":{"id":"application-manageconditionprice-display-component---conditions--smartFilterBar-filterItemControl_BASIC-BILL_TYPES-valueHelpDialog-smartFilterBar-btnBasicSearch","searchOpenDialogs":true,"interaction":{"idSuffix":"I"}},"wdio_ui5_key":"applicationmanageconditionprice-display-component---conditions--smartFilterBar-filterItemControl_BASIC-BILL_TYPES-valueHelpDialog-smartFilterBar-btnBasicSearch"}]}
COMMAND: GET /session/65af7eee0b689fbc32704a37c909740d/screenshot - {}
RESULT: {"script":"<script> [1562 bytes]","args":[{"selector":{"id":"application-manageconditionprice-display-component---conditions--smartFilterBar-filterItemControl_BASIC-BILL_TYPES-valueHelpDialog-smartFilterBar-btnBasicSearch","searchOpenDialogs":true,"interaction":{"idSuffix":"I"}},"wdio_ui5_key":"applicationmanageconditionprice-display-component---conditions--smartFilterBar-filterItemControl_BASIC-BILL_TYPES-valueHelpDialog-smartFilterBar-btnBasicSearch"}]}
RESULT: undefined
COMMAND: POST /session/65af7eee0b689fbc32704a37c909740d/execute/async - {"script":"<script> [776 bytes]","args":[{"enterText":"PB","selector":{"id":"application-manageconditionprice-display-component---conditions--smartFilterBar-filterItemControl_BASIC-BILL_TYPES-valueHelpDialog-smartFilterBar-btnBasicSearch","searchOpenDialogs":true,"interaction":{"idSuffix":"I"}},"clearTextFirst":true,"interactionType":"ENTER_TEXT"}]}
RESULT: {}
RESULT: {"script":"<script> [776 bytes]","args":[{"enterText":"PB","selector":{"id":"application-manageconditionprice-display-component---conditions--smartFilterBar-filterItemControl_BASIC-BILL_TYPES-valueHelpDialog-smartFilterBar-btnBasicSearch","searchOpenDialogs":true,"interaction":{"idSuffix":"I"}},"clearTextFirst":true,"interactionType":"ENTER_TEXT"}]}
COMMAND: POST /session/65af7eee0b689fbc32704a37c909740d/actions - {"actions":[{"id":"action53","type":"key","parameters":{},"actions":[{"type":"keyDown","value":"î€‡"},{"type":"pause","duration":10},{"type":"keyUp","value":"î€‡"}]}]}
RESULT: {"actions":[{"id":"action53","type":"key","parameters":{},"actions":[{"type":"keyDown","value":"î€‡"},{"type":"pause","duration":10},{"type":"keyUp","value":"î€‡"}]}]}
COMMAND: GET /session/65af7eee0b689fbc32704a37c909740d/screenshot - {}
RESULT: {}
COMMAND: POST /session/65af7eee0b689fbc32704a37c909740d/element - {"using":"xpath","value":"//div[contains(@id, 'application-manageconditionprice-display-component---conditions--smartFilterBar-filterItemControl_BASIC-BILL_TYPES-valueHelpDialog-table-rowsel0')]"}
RESULT: {"using":"xpath","value":"//div[contains(@id, 'application-manageconditionprice-display-component---conditions--smartFilterBar-filterItemControl_BASIC-BILL_TYPES-valueHelpDialog-table-rowsel0')]"}
COMMAND: POST /session/65af7eee0b689fbc32704a37c909740d/element/f.4EA148EC701C5F901E073CD471E0C43C.d.A9B848B2D4F02F440A6C648E5920E1B0.e.11341/click - {}
RESULT: {}
COMMAND: GET /session/65af7eee0b689fbc32704a37c909740d/screenshot - {}
RESULT: {}
COMMAND: POST /session/65af7eee0b689fbc32704a37c909740d/element - {"using":"xpath","value":"//bdi[contains(text(), \"OK\")]"}
RESULT: {"using":"xpath","value":"//bdi[contains(text(), \"OK\")]"}
COMMAND: POST /session/65af7eee0b689fbc32704a37c909740d/element/f.4EA148EC701C5F901E073CD471E0C43C.d.A9B848B2D4F02F440A6C648E5920E1B0.e.11343/click - {}
RESULT: {}
COMMAND: GET /session/65af7eee0b689fbc32704a37c909740d/screenshot - {}
RESULT: {}
COMMAND: POST /session/65af7eee0b689fbc32704a37c909740d/element - {"using":"xpath","value":"//span[@id=\"application-manageconditionprice-display-component---conditions--smartTable-header-inner\"]"}
RESULT: {"using":"xpath","value":"//span[@id=\"application-manageconditionprice-display-component---conditions--smartTable-header-inner\"]"}
COMMAND: POST /session/65af7eee0b689fbc32704a37c909740d/elements - {"using":"xpath","value":"//span[@id=\"application-manageconditionprice-display-component---conditions--smartTable-header-inner\"]"}
RESULT: {"using":"xpath","value":"//span[@id=\"application-manageconditionprice-display-component---conditions--smartTable-header-inner\"]"}
COMMAND: POST /session/65af7eee0b689fbc32704a37c909740d/execute/sync - {"script":"<script> [56 bytes]","args":[{"element-6066-11e4-a52e-4f735466cecf":"f.4EA148EC701C5F901E073CD471E0C43C.d.A9B848B2D4F02F440A6C648E5920E1B0.e.11346","ELEMENT":"f.4EA148EC701C5F901E073CD471E0C43C.d.A9B848B2D4F02F440A6C648E5920E1B0.e.11346"}]}
RESULT: {"script":"<script> [56 bytes]","args":[{"element-6066-11e4-a52e-4f735466cecf":"f.4EA148EC701C5F901E073CD471E0C43C.d.A9B848B2D4F02F440A6C648E5920E1B0.e.11346","ELEMENT":"f.4EA148EC701C5F901E073CD471E0C43C.d.A9B848B2D4F02F440A6C648E5920E1B0.e.11346"}]}
COMMAND: POST /session/65af7eee0b689fbc32704a37c909740d/element - {"using":"css selector","value":"#shell-header-logo"}
COMMAND: GET /session/65af7eee0b689fbc32704a37c909740d/screenshot - {}
RESULT: {"using":"css selector","value":"#shell-header-logo"}
COMMAND: POST /session/65af7eee0b689fbc32704a37c909740d/element/f.4EA148EC701C5F901E073CD471E0C43C.d.A9B848B2D4F02F440A6C648E5920E1B0.e.10989/click - {}
RESULT: {}
RESULT: {}
COMMAND: GET /session/65af7eee0b689fbc32704a37c909740d/screenshot - {}
RESULT: {}
]]></system-out>
    </testcase>
    <testcase classname="chrome.136_0_7103_49.windows.Performance_based_billing_(work_days)_US139742" name="Should add a counter to the equipment" time="57.931">
      <system-out><![CDATA[
RESULT: undefined
COMMAND: POST /session/65af7eee0b689fbc32704a37c909740d/element - {"using":"xpath","value":"//*[@id=\"__tile39\"]"}
RESULT: {"using":"xpath","value":"//*[@id=\"__tile39\"]"}
COMMAND: POST /session/65af7eee0b689fbc32704a37c909740d/element/f.4EA148EC701C5F901E073CD471E0C43C.d.A9B848B2D4F02F440A6C648E5920E1B0.e.10040/click - {}
RESULT: {}
COMMAND: POST /session/65af7eee0b689fbc32704a37c909740d/execute/async - {"script":"<script> [1562 bytes]","args":[{"selector":{"id":"application-manageresources-display-component---masterRU--smartFilterBar-btnBasicSearch","interaction":{"idSuffix":"I"}},"wdio_ui5_key":"applicationmanageresources-display-component---masterRU--smartFilterBar-btnBasicSearch"}]}
COMMAND: GET /session/65af7eee0b689fbc32704a37c909740d/screenshot - {}
RESULT: {"script":"<script> [1562 bytes]","args":[{"selector":{"id":"application-manageresources-display-component---masterRU--smartFilterBar-btnBasicSearch","interaction":{"idSuffix":"I"}},"wdio_ui5_key":"applicationmanageresources-display-component---masterRU--smartFilterBar-btnBasicSearch"}]}
RESULT: undefined
COMMAND: POST /session/65af7eee0b689fbc32704a37c909740d/execute/async - {"script":"<script> [776 bytes]","args":[{"enterText":"xlzk0XWpCm","selector":{"id":"application-manageresources-display-component---masterRU--smartFilterBar-btnBasicSearch","interaction":{"idSuffix":"I"}},"clearTextFirst":true,"interactionType":"ENTER_TEXT"}]}
RESULT: {}
RESULT: {"script":"<script> [776 bytes]","args":[{"enterText":"xlzk0XWpCm","selector":{"id":"application-manageresources-display-component---masterRU--smartFilterBar-btnBasicSearch","interaction":{"idSuffix":"I"}},"clearTextFirst":true,"interactionType":"ENTER_TEXT"}]}
COMMAND: POST /session/65af7eee0b689fbc32704a37c909740d/actions - {"actions":[{"id":"action54","type":"key","parameters":{},"actions":[{"type":"keyDown","value":"î€‡"},{"type":"pause","duration":10},{"type":"keyUp","value":"î€‡"}]}]}
RESULT: {"actions":[{"id":"action54","type":"key","parameters":{},"actions":[{"type":"keyDown","value":"î€‡"},{"type":"pause","duration":10},{"type":"keyUp","value":"î€‡"}]}]}
COMMAND: GET /session/65af7eee0b689fbc32704a37c909740d/screenshot - {}
RESULT: {}
COMMAND: POST /session/65af7eee0b689fbc32704a37c909740d/execute/async - {"script":"<script> [1562 bytes]","args":[{"selector":{"id":"application-manageresources-display-component---masterRU--smartTable-header"},"wdio_ui5_key":"applicationmanageresources-display-component---masterRU--smartTable-header"}]}
RESULT: {"script":"<script> [1562 bytes]","args":[{"selector":{"id":"application-manageresources-display-component---masterRU--smartTable-header"},"wdio_ui5_key":"applicationmanageresources-display-component---masterRU--smartTable-header"}]}
RESULT: undefined
COMMAND: POST /session/65af7eee0b689fbc32704a37c909740d/execute/async - {"script":"<script> [6424 bytes]","args":[{"element-6066-11e4-a52e-4f735466cecf":"f.4EA148EC701C5F901E073CD471E0C43C.d.A9B848B2D4F02F440A6C648E5920E1B0.e.11532"},"getText",[]]}
RESULT: {"script":"<script> [6424 bytes]","args":[{"element-6066-11e4-a52e-4f735466cecf":"f.4EA148EC701C5F901E073CD471E0C43C.d.A9B848B2D4F02F440A6C648E5920E1B0.e.11532"},"getText",[]]}
COMMAND: POST /session/65af7eee0b689fbc32704a37c909740d/execute/async - {"script":"<script> [1562 bytes]","args":[{"selector":{"controlType":"sap.ui.core.Icon","viewName":"etm.portal.ui.manageresources.view.Master","viewId":"application-manageresources-display-component---masterRU","properties":{"src":{"regex":{"source":"slim\\-arrow\\-right"}}}},"wdio_ui5_key":"etmportal.ui.manageresources.view.Mastersap.ui.core.Icon{\"src\":{\"regex\":{\"source\":\"slim\\\\-arrow\\\\-right\"}}}"}]}
RESULT: {"script":"<script> [1562 bytes]","args":[{"selector":{"controlType":"sap.ui.core.Icon","viewName":"etm.portal.ui.manageresources.view.Master","viewId":"application-manageresources-display-component---masterRU","properties":{"src":{"regex":{"source":"slim\\-arrow\\-right"}}}},"wdio_ui5_key":"etmportal.ui.manageresources.view.Mastersap.ui.core.Icon{\"src\":{\"regex\":{\"source\":\"slim\\\\-arrow\\\\-right\"}}}"}]}
RESULT: undefined
COMMAND: POST /session/65af7eee0b689fbc32704a37c909740d/element - {"using":"xpath","value":"//*[@id=\"__item767-__clone1829-imgNav\"]"}
RESULT: {"using":"xpath","value":"//*[@id=\"__item767-__clone1829-imgNav\"]"}
COMMAND: POST /session/65af7eee0b689fbc32704a37c909740d/element/f.4EA148EC701C5F901E073CD471E0C43C.d.A9B848B2D4F02F440A6C648E5920E1B0.e.11531/click - {}
RESULT: {}
COMMAND: GET /session/65af7eee0b689fbc32704a37c909740d/screenshot - {}
RESULT: {}
COMMAND: POST /session/65af7eee0b689fbc32704a37c909740d/element - {"using":"xpath","value":"//bdi[contains(text(), \"Edit\")]"}
RESULT: {"using":"xpath","value":"//bdi[contains(text(), \"Edit\")]"}
COMMAND: POST /session/65af7eee0b689fbc32704a37c909740d/execute/sync - {"script":"<script> [8489 bytes]","args":[{"element-6066-11e4-a52e-4f735466cecf":"f.4EA148EC701C5F901E073CD471E0C43C.d.A9B848B2D4F02F440A6C648E5920E1B0.e.11629","ELEMENT":"f.4EA148EC701C5F901E073CD471E0C43C.d.A9B848B2D4F02F440A6C648E5920E1B0.e.11629"}]}
RESULT: {"script":"<script> [8489 bytes]","args":[{"element-6066-11e4-a52e-4f735466cecf":"f.4EA148EC701C5F901E073CD471E0C43C.d.A9B848B2D4F02F440A6C648E5920E1B0.e.11629","ELEMENT":"f.4EA148EC701C5F901E073CD471E0C43C.d.A9B848B2D4F02F440A6C648E5920E1B0.e.11629"}]}
COMMAND: POST /session/65af7eee0b689fbc32704a37c909740d/element/f.4EA148EC701C5F901E073CD471E0C43C.d.A9B848B2D4F02F440A6C648E5920E1B0.e.11629/click - {}
RESULT: {}
COMMAND: GET /session/65af7eee0b689fbc32704a37c909740d/screenshot - {}
COMMAND: GET /session/65af7eee0b689fbc32704a37c909740d/screenshot - {}
RESULT: {}
RESULT: {}
COMMAND: POST /session/65af7eee0b689fbc32704a37c909740d/execute/async - {"script":"<script> [1562 bytes]","args":[{"selector":{"id":"application-manageresources-display-component---editResource--editRruPage-anchBar-application-manageresources-display-component---editResource--counters-anchor","interaction":{"idSuffix":"BDI-content"}},"wdio_ui5_key":"applicationmanageresources-display-component---editResource--editRruPage-anchBar-application-manageresources-display-component---editResource--counters-anchor"}]}
RESULT: {"script":"<script> [1562 bytes]","args":[{"selector":{"id":"application-manageresources-display-component---editResource--editRruPage-anchBar-application-manageresources-display-component---editResource--counters-anchor","interaction":{"idSuffix":"BDI-content"}},"wdio_ui5_key":"applicationmanageresources-display-component---editResource--editRruPage-anchBar-application-manageresources-display-component---editResource--counters-anchor"}]}
RESULT: undefined
COMMAND: POST /session/65af7eee0b689fbc32704a37c909740d/element - {"using":"xpath","value":"//*[@id=\"application-manageresources-display-component---editResource--editRruPage-anchBar-application-manageresources-display-component---editResource--counters-anchor\"]"}
RESULT: {"using":"xpath","value":"//*[@id=\"application-manageresources-display-component---editResource--editRruPage-anchBar-application-manageresources-display-component---editResource--counters-anchor\"]"}
COMMAND: POST /session/65af7eee0b689fbc32704a37c909740d/element/f.4EA148EC701C5F901E073CD471E0C43C.d.A9B848B2D4F02F440A6C648E5920E1B0.e.11778/click - {}
RESULT: {}
COMMAND: GET /session/65af7eee0b689fbc32704a37c909740d/screenshot - {}
RESULT: {}
COMMAND: POST /session/65af7eee0b689fbc32704a37c909740d/execute/async - {"script":"<script> [1562 bytes]","args":[{"selector":{"id":"application-manageresources-display-component---editResource--btnAddCounter-img"},"wdio_ui5_key":"applicationmanageresources-display-component---editResource--btnAddCounter-img"}]}
RESULT: {"script":"<script> [1562 bytes]","args":[{"selector":{"id":"application-manageresources-display-component---editResource--btnAddCounter-img"},"wdio_ui5_key":"applicationmanageresources-display-component---editResource--btnAddCounter-img"}]}
RESULT: undefined
COMMAND: POST /session/65af7eee0b689fbc32704a37c909740d/element - {"using":"xpath","value":"//*[@id=\"application-manageresources-display-component---editResource--btnAddCounter-img\"]"}
RESULT: {"using":"xpath","value":"//*[@id=\"application-manageresources-display-component---editResource--btnAddCounter-img\"]"}
COMMAND: POST /session/65af7eee0b689fbc32704a37c909740d/element/f.4EA148EC701C5F901E073CD471E0C43C.d.A9B848B2D4F02F440A6C648E5920E1B0.e.11784/click - {}
RESULT: {}
COMMAND: POST /session/65af7eee0b689fbc32704a37c909740d/execute/async - {"script":"<script> [1562 bytes]","args":[{"selector":{"id":"application-manageresources-display-component---editResource--COUNTER_ID-application-manageresources-display-component---editResource--RUCounters-0-arrow"},"wdio_ui5_key":"applicationmanageresources-display-component---editResource--COUNTER_ID-application-manageresources-display-component---editResource--RUCounters-0-arrow"}]}
COMMAND: GET /session/65af7eee0b689fbc32704a37c909740d/screenshot - {}
RESULT: {"script":"<script> [1562 bytes]","args":[{"selector":{"id":"application-manageresources-display-component---editResource--COUNTER_ID-application-manageresources-display-component---editResource--RUCounters-0-arrow"},"wdio_ui5_key":"applicationmanageresources-display-component---editResource--COUNTER_ID-application-manageresources-display-component---editResource--RUCounters-0-arrow"}]}
RESULT: undefined
COMMAND: POST /session/65af7eee0b689fbc32704a37c909740d/element - {"using":"xpath","value":"//*[@id=\"application-manageresources-display-component---editResource--COUNTER_ID-application-manageresources-display-component---editResource--RUCounters-0-arrow\"]"}
RESULT: {}
RESULT: {"using":"xpath","value":"//*[@id=\"application-manageresources-display-component---editResource--COUNTER_ID-application-manageresources-display-component---editResource--RUCounters-0-arrow\"]"}
COMMAND: POST /session/65af7eee0b689fbc32704a37c909740d/element/f.4EA148EC701C5F901E073CD471E0C43C.d.A9B848B2D4F02F440A6C648E5920E1B0.e.11797/click - {}
RESULT: {}
COMMAND: POST /session/65af7eee0b689fbc32704a37c909740d/execute/async - {"script":"<script> [1562 bytes]","args":[{"selector":{"controlType":"sap.m.StandardListItem","viewName":"etm.portal.ui.manageresources.view.EditResource","viewId":"application-manageresources-display-component---editResource","properties":{"title":"fuel"},"searchOpenDialogs":true,"interaction":{"idSuffix":"content"}},"wdio_ui5_key":"etmportal.ui.manageresources.view.EditResourcesap.m.StandardListItem{\"title\":\"fuel\"}"}]}
COMMAND: GET /session/65af7eee0b689fbc32704a37c909740d/screenshot - {}
RESULT: {"script":"<script> [1562 bytes]","args":[{"selector":{"controlType":"sap.m.StandardListItem","viewName":"etm.portal.ui.manageresources.view.EditResource","viewId":"application-manageresources-display-component---editResource","properties":{"title":"fuel"},"searchOpenDialogs":true,"interaction":{"idSuffix":"content"}},"wdio_ui5_key":"etmportal.ui.manageresources.view.EditResourcesap.m.StandardListItem{\"title\":\"fuel\"}"}]}
RESULT: undefined
COMMAND: POST /session/65af7eee0b689fbc32704a37c909740d/element - {"using":"xpath","value":"//*[@id=\"__item1047\"]"}
RESULT: {}
RESULT: {"using":"xpath","value":"//*[@id=\"__item1047\"]"}
COMMAND: POST /session/65af7eee0b689fbc32704a37c909740d/element/f.4EA148EC701C5F901E073CD471E0C43C.d.A9B848B2D4F02F440A6C648E5920E1B0.e.11799/click - {}
RESULT: {}
COMMAND: POST /session/65af7eee0b689fbc32704a37c909740d/execute/async - {"script":"<script> [1562 bytes]","args":[{"selector":{"controlType":"sap.m.Button","viewName":"etm.portal.ui.manageresources.view.EditResource","viewId":"application-manageresources-display-component---editResource","i18NText":{"propertyName":"text","key":"save"},"interaction":{"idSuffix":"BDI-content"}},"wdio_ui5_key":"etmportal.ui.manageresources.view.EditResourcesap.m.Button{\"propertyName\":\"text\",\"key\":\"save\"}"}]}
COMMAND: GET /session/65af7eee0b689fbc32704a37c909740d/screenshot - {}
RESULT: {"script":"<script> [1562 bytes]","args":[{"selector":{"controlType":"sap.m.Button","viewName":"etm.portal.ui.manageresources.view.EditResource","viewId":"application-manageresources-display-component---editResource","i18NText":{"propertyName":"text","key":"save"},"interaction":{"idSuffix":"BDI-content"}},"wdio_ui5_key":"etmportal.ui.manageresources.view.EditResourcesap.m.Button{\"propertyName\":\"text\",\"key\":\"save\"}"}]}
RESULT: undefined
COMMAND: POST /session/65af7eee0b689fbc32704a37c909740d/element - {"using":"xpath","value":"//*[@id=\"__button186\"]"}
RESULT: {}
RESULT: {"using":"xpath","value":"//*[@id=\"__button186\"]"}
COMMAND: POST /session/65af7eee0b689fbc32704a37c909740d/element/f.4EA148EC701C5F901E073CD471E0C43C.d.A9B848B2D4F02F440A6C648E5920E1B0.e.11801/click - {}
RESULT: {}
COMMAND: GET /session/65af7eee0b689fbc32704a37c909740d/screenshot - {}
RESULT: {}
COMMAND: POST /session/65af7eee0b689fbc32704a37c909740d/element - {"using":"css selector","value":"#shell-header-logo"}
RESULT: {"using":"css selector","value":"#shell-header-logo"}
COMMAND: POST /session/65af7eee0b689fbc32704a37c909740d/element/f.4EA148EC701C5F901E073CD471E0C43C.d.A9B848B2D4F02F440A6C648E5920E1B0.e.11351/click - {}
RESULT: {}
COMMAND: GET /session/65af7eee0b689fbc32704a37c909740d/screenshot - {}
RESULT: {}
]]></system-out>
    </testcase>
  </testsuite>
  <testsuite timestamp="2025-05-13T17:59:22" time="1117.446" tests="20" failures="14" errors="14" skipped="0">
    <properties>
      <property name="specId" value="0" />
      <property name="suiteName" value="Billing Calculation - Time based (considering transport times) US139738" />
      <property name="capabilities" value="chrome.136_0_7103_49.windows" />
      <property name="file" value="file:///D:/a/1/s/test/specs/BTS/billing-calculation-transp-times.spec.js" />
    </properties>
    <testcase classname="chrome.136_0_7103_49.windows.Billing_Calculation_-_Time_based_(considering_transport_times)_US139738" name="Should create a new yard" time="4.122">
      <system-out><![CDATA[
COMMAND: POST /session/65af7eee0b689fbc32704a37c909740d/window/fullscreen - {}
RESULT: {}
]]></system-out>
    </testcase>
    <testcase classname="chrome.136_0_7103_49.windows.Billing_Calculation_-_Time_based_(considering_transport_times)_US139738" name="Should create a new partner" time="0.004" />
    <testcase classname="chrome.136_0_7103_49.windows.Billing_Calculation_-_Time_based_(considering_transport_times)_US139738" name="Should create a new site" time="0.004" />
    <testcase classname="chrome.136_0_7103_49.windows.Billing_Calculation_-_Time_based_(considering_transport_times)_US139738" name="Should create the equipment" time="133.913">
      <system-out><![CDATA[
COMMAND: POST /session/65af7eee0b689fbc32704a37c909740d/execute/async - {"script":"<script> [1562 bytes]","args":[{"selector":{"controlType":"sap.m.GenericTile","properties":{"header":"Manage Resources"}},"wdio_ui5_key":"sapm.GenericTile{\"header\":\"Manage Resources\"}"}]}
RESULT: {"script":"<script> [1562 bytes]","args":[{"selector":{"controlType":"sap.m.GenericTile","properties":{"header":"Manage Resources"}},"wdio_ui5_key":"sapm.GenericTile{\"header\":\"Manage Resources\"}"}]}
RESULT: undefined
COMMAND: POST /session/65af7eee0b689fbc32704a37c909740d/element - {"using":"xpath","value":"//*[@id=\"__tile39\"]"}
RESULT: {"using":"xpath","value":"//*[@id=\"__tile39\"]"}
COMMAND: POST /session/65af7eee0b689fbc32704a37c909740d/element/f.4EA148EC701C5F901E073CD471E0C43C.d.95F81D48F0726CAA4D950B0DC68DE5AE.e.12542/click - {}
RESULT: {}
COMMAND: POST /session/65af7eee0b689fbc32704a37c909740d/element - {"using":"xpath","value":"//button[@data-kt=\"addNewRUOverflowToolbarButton\"]"}
COMMAND: GET /session/65af7eee0b689fbc32704a37c909740d/screenshot - {}
RESULT: {"using":"xpath","value":"//button[@data-kt=\"addNewRUOverflowToolbarButton\"]"}
COMMAND: POST /session/65af7eee0b689fbc32704a37c909740d/elements - {"using":"xpath","value":"//button[@data-kt=\"addNewRUOverflowToolbarButton\"]"}
RESULT: {}
RESULT: {"using":"xpath","value":"//button[@data-kt=\"addNewRUOverflowToolbarButton\"]"}
COMMAND: POST /session/65af7eee0b689fbc32704a37c909740d/elements - {"using":"xpath","value":"//button[@data-kt=\"addNewRUOverflowToolbarButton\"]"}
RESULT: {"using":"xpath","value":"//button[@data-kt=\"addNewRUOverflowToolbarButton\"]"}
COMMAND: POST /session/65af7eee0b689fbc32704a37c909740d/elements - {"using":"xpath","value":"//button[@data-kt=\"addNewRUOverflowToolbarButton\"]"}
RESULT: {"using":"xpath","value":"//button[@data-kt=\"addNewRUOverflowToolbarButton\"]"}
COMMAND: POST /session/65af7eee0b689fbc32704a37c909740d/elements - {"using":"xpath","value":"//button[@data-kt=\"addNewRUOverflowToolbarButton\"]"}
RESULT: {"using":"xpath","value":"//button[@data-kt=\"addNewRUOverflowToolbarButton\"]"}
COMMAND: POST /session/65af7eee0b689fbc32704a37c909740d/elements - {"using":"xpath","value":"//button[@data-kt=\"addNewRUOverflowToolbarButton\"]"}
RESULT: {"using":"xpath","value":"//button[@data-kt=\"addNewRUOverflowToolbarButton\"]"}
COMMAND: POST /session/65af7eee0b689fbc32704a37c909740d/elements - {"using":"xpath","value":"//button[@data-kt=\"addNewRUOverflowToolbarButton\"]"}
RESULT: {"using":"xpath","value":"//button[@data-kt=\"addNewRUOverflowToolbarButton\"]"}
COMMAND: POST /session/65af7eee0b689fbc32704a37c909740d/elements - {"using":"xpath","value":"//button[@data-kt=\"addNewRUOverflowToolbarButton\"]"}
RESULT: {"using":"xpath","value":"//button[@data-kt=\"addNewRUOverflowToolbarButton\"]"}
COMMAND: POST /session/65af7eee0b689fbc32704a37c909740d/elements - {"using":"xpath","value":"//button[@data-kt=\"addNewRUOverflowToolbarButton\"]"}
RESULT: {"using":"xpath","value":"//button[@data-kt=\"addNewRUOverflowToolbarButton\"]"}
COMMAND: POST /session/65af7eee0b689fbc32704a37c909740d/elements - {"using":"xpath","value":"//button[@data-kt=\"addNewRUOverflowToolbarButton\"]"}
RESULT: {"using":"xpath","value":"//button[@data-kt=\"addNewRUOverflowToolbarButton\"]"}
COMMAND: POST /session/65af7eee0b689fbc32704a37c909740d/elements - {"using":"xpath","value":"//button[@data-kt=\"addNewRUOverflowToolbarButton\"]"}
RESULT: {"using":"xpath","value":"//button[@data-kt=\"addNewRUOverflowToolbarButton\"]"}
COMMAND: POST /session/65af7eee0b689fbc32704a37c909740d/elements - {"using":"xpath","value":"//button[@data-kt=\"addNewRUOverflowToolbarButton\"]"}
RESULT: {"using":"xpath","value":"//button[@data-kt=\"addNewRUOverflowToolbarButton\"]"}
COMMAND: POST /session/65af7eee0b689fbc32704a37c909740d/elements - {"using":"xpath","value":"//button[@data-kt=\"addNewRUOverflowToolbarButton\"]"}
RESULT: {"using":"xpath","value":"//button[@data-kt=\"addNewRUOverflowToolbarButton\"]"}
COMMAND: POST /session/65af7eee0b689fbc32704a37c909740d/elements - {"using":"xpath","value":"//button[@data-kt=\"addNewRUOverflowToolbarButton\"]"}
RESULT: {"using":"xpath","value":"//button[@data-kt=\"addNewRUOverflowToolbarButton\"]"}
COMMAND: POST /session/65af7eee0b689fbc32704a37c909740d/elements - {"using":"xpath","value":"//button[@data-kt=\"addNewRUOverflowToolbarButton\"]"}
RESULT: {"using":"xpath","value":"//button[@data-kt=\"addNewRUOverflowToolbarButton\"]"}
COMMAND: POST /session/65af7eee0b689fbc32704a37c909740d/elements - {"using":"xpath","value":"//button[@data-kt=\"addNewRUOverflowToolbarButton\"]"}
RESULT: {"using":"xpath","value":"//button[@data-kt=\"addNewRUOverflowToolbarButton\"]"}
COMMAND: POST /session/65af7eee0b689fbc32704a37c909740d/elements - {"using":"xpath","value":"//button[@data-kt=\"addNewRUOverflowToolbarButton\"]"}
RESULT: {"using":"xpath","value":"//button[@data-kt=\"addNewRUOverflowToolbarButton\"]"}
COMMAND: POST /session/65af7eee0b689fbc32704a37c909740d/elements - {"using":"xpath","value":"//button[@data-kt=\"addNewRUOverflowToolbarButton\"]"}
RESULT: {"using":"xpath","value":"//button[@data-kt=\"addNewRUOverflowToolbarButton\"]"}
COMMAND: POST /session/65af7eee0b689fbc32704a37c909740d/elements - {"using":"xpath","value":"//button[@data-kt=\"addNewRUOverflowToolbarButton\"]"}
RESULT: {"using":"xpath","value":"//button[@data-kt=\"addNewRUOverflowToolbarButton\"]"}
COMMAND: POST /session/65af7eee0b689fbc32704a37c909740d/elements - {"using":"xpath","value":"//button[@data-kt=\"addNewRUOverflowToolbarButton\"]"}
RESULT: {"using":"xpath","value":"//button[@data-kt=\"addNewRUOverflowToolbarButton\"]"}
COMMAND: POST /session/65af7eee0b689fbc32704a37c909740d/elements - {"using":"xpath","value":"//button[@data-kt=\"addNewRUOverflowToolbarButton\"]"}
RESULT: {"using":"xpath","value":"//button[@data-kt=\"addNewRUOverflowToolbarButton\"]"}
COMMAND: POST /session/65af7eee0b689fbc32704a37c909740d/element - {"using":"xpath","value":"//button[@data-kt=\"addNewRUOverflowToolbarButton\"]"}
RESULT: {"using":"xpath","value":"//button[@data-kt=\"addNewRUOverflowToolbarButton\"]"}
COMMAND: POST /session/65af7eee0b689fbc32704a37c909740d/execute/sync - {"script":"<script> [8489 bytes]","args":[{"element-6066-11e4-a52e-4f735466cecf":"f.4EA148EC701C5F901E073CD471E0C43C.d.95F81D48F0726CAA4D950B0DC68DE5AE.e.12688","ELEMENT":"f.4EA148EC701C5F901E073CD471E0C43C.d.95F81D48F0726CAA4D950B0DC68DE5AE.e.12688"}]}
RESULT: {"script":"<script> [8489 bytes]","args":[{"element-6066-11e4-a52e-4f735466cecf":"f.4EA148EC701C5F901E073CD471E0C43C.d.95F81D48F0726CAA4D950B0DC68DE5AE.e.12688","ELEMENT":"f.4EA148EC701C5F901E073CD471E0C43C.d.95F81D48F0726CAA4D950B0DC68DE5AE.e.12688"}]}
COMMAND: GET /session/65af7eee0b689fbc32704a37c909740d/element/f.4EA148EC701C5F901E073CD471E0C43C.d.95F81D48F0726CAA4D950B0DC68DE5AE.e.12688/enabled - {}
COMMAND: GET /session/65af7eee0b689fbc32704a37c909740d/screenshot - {}
RESULT: {}
COMMAND: POST /session/65af7eee0b689fbc32704a37c909740d/execute/sync - {"script":"<script> [8489 bytes]","args":[{"element-6066-11e4-a52e-4f735466cecf":"f.4EA148EC701C5F901E073CD471E0C43C.d.95F81D48F0726CAA4D950B0DC68DE5AE.e.12688","ELEMENT":"f.4EA148EC701C5F901E073CD471E0C43C.d.95F81D48F0726CAA4D950B0DC68DE5AE.e.12688"}]}
COMMAND: GET /session/65af7eee0b689fbc32704a37c909740d/screenshot - {}
RESULT: {}
RESULT: {"script":"<script> [8489 bytes]","args":[{"element-6066-11e4-a52e-4f735466cecf":"f.4EA148EC701C5F901E073CD471E0C43C.d.95F81D48F0726CAA4D950B0DC68DE5AE.e.12688","ELEMENT":"f.4EA148EC701C5F901E073CD471E0C43C.d.95F81D48F0726CAA4D950B0DC68DE5AE.e.12688"}]}
COMMAND: POST /session/65af7eee0b689fbc32704a37c909740d/execute/sync - {"script":"<script> [5351 bytes]","args":[{"element-6066-11e4-a52e-4f735466cecf":"f.4EA148EC701C5F901E073CD471E0C43C.d.95F81D48F0726CAA4D950B0DC68DE5AE.e.12688","ELEMENT":"f.4EA148EC701C5F901E073CD471E0C43C.d.95F81D48F0726CAA4D950B0DC68DE5AE.e.12688"}]}
COMMAND: GET /session/65af7eee0b689fbc32704a37c909740d/screenshot - {}
RESULT: {}
RESULT: {"script":"<script> [5351 bytes]","args":[{"element-6066-11e4-a52e-4f735466cecf":"f.4EA148EC701C5F901E073CD471E0C43C.d.95F81D48F0726CAA4D950B0DC68DE5AE.e.12688","ELEMENT":"f.4EA148EC701C5F901E073CD471E0C43C.d.95F81D48F0726CAA4D950B0DC68DE5AE.e.12688"}]}
COMMAND: POST /session/65af7eee0b689fbc32704a37c909740d/element/f.4EA148EC701C5F901E073CD471E0C43C.d.95F81D48F0726CAA4D950B0DC68DE5AE.e.12688/click - {}
COMMAND: GET /session/65af7eee0b689fbc32704a37c909740d/screenshot - {}
RESULT: {}
RESULT: {}
COMMAND: GET /session/65af7eee0b689fbc32704a37c909740d/screenshot - {}
COMMAND: POST /session/65af7eee0b689fbc32704a37c909740d/execute/async - {"script":"<script> [1562 bytes]","args":[{"selector":{"id":"application-manageresources-display-component---newResourceUnit--TYPE-arrow"},"wdio_ui5_key":"applicationmanageresources-display-component---newResourceUnit--TYPE-arrow"}]}
RESULT: {}
RESULT: {}
RESULT: {"script":"<script> [1562 bytes]","args":[{"selector":{"id":"application-manageresources-display-component---newResourceUnit--TYPE-arrow"},"wdio_ui5_key":"applicationmanageresources-display-component---newResourceUnit--TYPE-arrow"}]}
RESULT: undefined
COMMAND: POST /session/65af7eee0b689fbc32704a37c909740d/element - {"using":"xpath","value":"//*[@id=\"application-manageresources-display-component---newResourceUnit--TYPE-arrow\"]"}
RESULT: {"using":"xpath","value":"//*[@id=\"application-manageresources-display-component---newResourceUnit--TYPE-arrow\"]"}
COMMAND: POST /session/65af7eee0b689fbc32704a37c909740d/element/f.4EA148EC701C5F901E073CD471E0C43C.d.95F81D48F0726CAA4D950B0DC68DE5AE.e.13042/click - {}
RESULT: {}
COMMAND: POST /session/65af7eee0b689fbc32704a37c909740d/element - {"using":"xpath","value":"//input[@id=\"application-manageresources-display-component---newResourceUnit--TYPE-inner\"]"}
COMMAND: GET /session/65af7eee0b689fbc32704a37c909740d/screenshot - {}
RESULT: {"using":"xpath","value":"//input[@id=\"application-manageresources-display-component---newResourceUnit--TYPE-inner\"]"}
COMMAND: POST /session/65af7eee0b689fbc32704a37c909740d/element/f.4EA148EC701C5F901E073CD471E0C43C.d.95F81D48F0726CAA4D950B0DC68DE5AE.e.13038/clear - {}
RESULT: {}
RESULT: {}
COMMAND: POST /session/65af7eee0b689fbc32704a37c909740d/element/f.4EA148EC701C5F901E073CD471E0C43C.d.95F81D48F0726CAA4D950B0DC68DE5AE.e.13038/value - {"text":"Equipment"}
COMMAND: GET /session/65af7eee0b689fbc32704a37c909740d/screenshot - {}
RESULT: {"text":"Equipment"}
COMMAND: GET /session/65af7eee0b689fbc32704a37c909740d/screenshot - {}
RESULT: {}
RESULT: {}
COMMAND: POST /session/65af7eee0b689fbc32704a37c909740d/actions - {"actions":[{"id":"action57","type":"key","parameters":{},"actions":[{"type":"keyDown","value":"î€‡"},{"type":"pause","duration":10},{"type":"keyUp","value":"î€‡"}]}]}
RESULT: {"actions":[{"id":"action57","type":"key","parameters":{},"actions":[{"type":"keyDown","value":"î€‡"},{"type":"pause","duration":10},{"type":"keyUp","value":"î€‡"}]}]}
COMMAND: POST /session/65af7eee0b689fbc32704a37c909740d/execute/async - {"script":"<script> [1562 bytes]","args":[{"selector":{"id":"application-manageresources-display-component---newResourceUnit--resourceId","interaction":{"idSuffix":"inner"}},"wdio_ui5_key":"applicationmanageresources-display-component---newResourceUnit--resourceId"}]}
COMMAND: GET /session/65af7eee0b689fbc32704a37c909740d/screenshot - {}
RESULT: {"script":"<script> [1562 bytes]","args":[{"selector":{"id":"application-manageresources-display-component---newResourceUnit--resourceId","interaction":{"idSuffix":"inner"}},"wdio_ui5_key":"applicationmanageresources-display-component---newResourceUnit--resourceId"}]}
RESULT: undefined
COMMAND: POST /session/65af7eee0b689fbc32704a37c909740d/execute/async - {"script":"<script> [776 bytes]","args":[{"enterText":"AtBAsspcQ5","selector":{"id":"application-manageresources-display-component---newResourceUnit--resourceId","interaction":{"idSuffix":"inner"}},"clearTextFirst":true,"interactionType":"ENTER_TEXT"}]}
RESULT: {}
RESULT: {"script":"<script> [776 bytes]","args":[{"enterText":"AtBAsspcQ5","selector":{"id":"application-manageresources-display-component---newResourceUnit--resourceId","interaction":{"idSuffix":"inner"}},"clearTextFirst":true,"interactionType":"ENTER_TEXT"}]}
COMMAND: POST /session/65af7eee0b689fbc32704a37c909740d/execute/async - {"script":"<script> [1562 bytes]","args":[{"selector":{"id":"application-manageresources-display-component---newResourceUnit--SHORT_TEXT","interaction":{"idSuffix":"inner"}},"wdio_ui5_key":"applicationmanageresources-display-component---newResourceUnit--SHORT_TEXT"}]}
RESULT: {"script":"<script> [1562 bytes]","args":[{"selector":{"id":"application-manageresources-display-component---newResourceUnit--SHORT_TEXT","interaction":{"idSuffix":"inner"}},"wdio_ui5_key":"applicationmanageresources-display-component---newResourceUnit--SHORT_TEXT"}]}
RESULT: undefined
COMMAND: POST /session/65af7eee0b689fbc32704a37c909740d/execute/async - {"script":"<script> [776 bytes]","args":[{"enterText":"Intercompany Equipment WDIO","selector":{"id":"application-manageresources-display-component---newResourceUnit--SHORT_TEXT","interaction":{"idSuffix":"inner"}},"clearTextFirst":true,"interactionType":"ENTER_TEXT"}]}
RESULT: {"script":"<script> [776 bytes]","args":[{"enterText":"Intercompany Equipment WDIO","selector":{"id":"application-manageresources-display-component---newResourceUnit--SHORT_TEXT","interaction":{"idSuffix":"inner"}},"clearTextFirst":true,"interactionType":"ENTER_TEXT"}]}
COMMAND: POST /session/65af7eee0b689fbc32704a37c909740d/execute/async - {"script":"<script> [1562 bytes]","args":[{"selector":{"id":"application-manageresources-display-component---newResourceUnit--BASE_UNIT_OF_MEASURE","interaction":{"idSuffix":"inner"}},"wdio_ui5_key":"applicationmanageresources-display-component---newResourceUnit--BASE_UNIT_OF_MEASURE"}]}
RESULT: {"script":"<script> [1562 bytes]","args":[{"selector":{"id":"application-manageresources-display-component---newResourceUnit--BASE_UNIT_OF_MEASURE","interaction":{"idSuffix":"inner"}},"wdio_ui5_key":"applicationmanageresources-display-component---newResourceUnit--BASE_UNIT_OF_MEASURE"}]}
RESULT: undefined
COMMAND: POST /session/65af7eee0b689fbc32704a37c909740d/execute/async - {"script":"<script> [776 bytes]","args":[{"enterText":"Piece","selector":{"id":"application-manageresources-display-component---newResourceUnit--BASE_UNIT_OF_MEASURE","interaction":{"idSuffix":"inner"}},"clearTextFirst":true,"interactionType":"ENTER_TEXT"}]}
RESULT: {"script":"<script> [776 bytes]","args":[{"enterText":"Piece","selector":{"id":"application-manageresources-display-component---newResourceUnit--BASE_UNIT_OF_MEASURE","interaction":{"idSuffix":"inner"}},"clearTextFirst":true,"interactionType":"ENTER_TEXT"}]}
COMMAND: POST /session/65af7eee0b689fbc32704a37c909740d/execute/async - {"script":"<script> [1562 bytes]","args":[{"selector":{"id":"application-manageresources-display-component---newResourceUnit--WEIGHT_UNIT","interaction":{"idSuffix":"inner"}},"wdio_ui5_key":"applicationmanageresources-display-component---newResourceUnit--WEIGHT_UNIT"}]}
RESULT: {"script":"<script> [1562 bytes]","args":[{"selector":{"id":"application-manageresources-display-component---newResourceUnit--WEIGHT_UNIT","interaction":{"idSuffix":"inner"}},"wdio_ui5_key":"applicationmanageresources-display-component---newResourceUnit--WEIGHT_UNIT"}]}
RESULT: undefined
COMMAND: POST /session/65af7eee0b689fbc32704a37c909740d/execute/async - {"script":"<script> [776 bytes]","args":[{"enterText":"Gram","selector":{"id":"application-manageresources-display-component---newResourceUnit--WEIGHT_UNIT","interaction":{"idSuffix":"inner"}},"clearTextFirst":true,"interactionType":"ENTER_TEXT"}]}
RESULT: {"script":"<script> [776 bytes]","args":[{"enterText":"Gram","selector":{"id":"application-manageresources-display-component---newResourceUnit--WEIGHT_UNIT","interaction":{"idSuffix":"inner"}},"clearTextFirst":true,"interactionType":"ENTER_TEXT"}]}
COMMAND: POST /session/65af7eee0b689fbc32704a37c909740d/execute/async - {"script":"<script> [1562 bytes]","args":[{"selector":{"id":"application-manageresources-display-component---newResourceUnit--DIMENSION_UNIT","interaction":{"idSuffix":"inner"}},"wdio_ui5_key":"applicationmanageresources-display-component---newResourceUnit--DIMENSION_UNIT"}]}
RESULT: {"script":"<script> [1562 bytes]","args":[{"selector":{"id":"application-manageresources-display-component---newResourceUnit--DIMENSION_UNIT","interaction":{"idSuffix":"inner"}},"wdio_ui5_key":"applicationmanageresources-display-component---newResourceUnit--DIMENSION_UNIT"}]}
RESULT: undefined
COMMAND: POST /session/65af7eee0b689fbc32704a37c909740d/execute/async - {"script":"<script> [776 bytes]","args":[{"enterText":"Meter","selector":{"id":"application-manageresources-display-component---newResourceUnit--DIMENSION_UNIT","interaction":{"idSuffix":"inner"}},"clearTextFirst":true,"interactionType":"ENTER_TEXT"}]}
RESULT: {"script":"<script> [776 bytes]","args":[{"enterText":"Meter","selector":{"id":"application-manageresources-display-component---newResourceUnit--DIMENSION_UNIT","interaction":{"idSuffix":"inner"}},"clearTextFirst":true,"interactionType":"ENTER_TEXT"}]}
COMMAND: POST /session/65af7eee0b689fbc32704a37c909740d/execute/async - {"script":"<script> [1562 bytes]","args":[{"selector":{"id":"application-manageresources-display-component---newResourceUnit--newRRUPage-anchBar-application-manageresources-display-component---newResourceUnit--control-anchor","interaction":{"idSuffix":"BDI-content"}},"wdio_ui5_key":"applicationmanageresources-display-component---newResourceUnit--newRRUPage-anchBar-application-manageresources-display-component---newResourceUnit--control-anchor"}]}
RESULT: {"script":"<script> [1562 bytes]","args":[{"selector":{"id":"application-manageresources-display-component---newResourceUnit--newRRUPage-anchBar-application-manageresources-display-component---newResourceUnit--control-anchor","interaction":{"idSuffix":"BDI-content"}},"wdio_ui5_key":"applicationmanageresources-display-component---newResourceUnit--newRRUPage-anchBar-application-manageresources-display-component---newResourceUnit--control-anchor"}]}
RESULT: undefined
COMMAND: POST /session/65af7eee0b689fbc32704a37c909740d/element - {"using":"xpath","value":"//*[@id=\"application-manageresources-display-component---newResourceUnit--newRRUPage-anchBar-application-manageresources-display-component---newResourceUnit--control-anchor\"]"}
RESULT: {"using":"xpath","value":"//*[@id=\"application-manageresources-display-component---newResourceUnit--newRRUPage-anchBar-application-manageresources-display-component---newResourceUnit--control-anchor\"]"}
COMMAND: POST /session/65af7eee0b689fbc32704a37c909740d/element/f.4EA148EC701C5F901E073CD471E0C43C.d.95F81D48F0726CAA4D950B0DC68DE5AE.e.13174/click - {}
RESULT: {}
COMMAND: POST /session/65af7eee0b689fbc32704a37c909740d/execute/async - {"script":"<script> [1562 bytes]","args":[{"selector":{"id":"application-manageresources-display-component---newResourceUnit--PLANNING_GROUP","interaction":{"idSuffix":"inner"}},"wdio_ui5_key":"applicationmanageresources-display-component---newResourceUnit--PLANNING_GROUP"}]}
COMMAND: GET /session/65af7eee0b689fbc32704a37c909740d/screenshot - {}
RESULT: {"script":"<script> [1562 bytes]","args":[{"selector":{"id":"application-manageresources-display-component---newResourceUnit--PLANNING_GROUP","interaction":{"idSuffix":"inner"}},"wdio_ui5_key":"applicationmanageresources-display-component---newResourceUnit--PLANNING_GROUP"}]}
RESULT: undefined
COMMAND: POST /session/65af7eee0b689fbc32704a37c909740d/execute/async - {"script":"<script> [776 bytes]","args":[{"enterText":"Heavy Equi","selector":{"id":"application-manageresources-display-component---newResourceUnit--PLANNING_GROUP","interaction":{"idSuffix":"inner"}},"clearTextFirst":true,"interactionType":"ENTER_TEXT"}]}
RESULT: {}
RESULT: {"script":"<script> [776 bytes]","args":[{"enterText":"Heavy Equi","selector":{"id":"application-manageresources-display-component---newResourceUnit--PLANNING_GROUP","interaction":{"idSuffix":"inner"}},"clearTextFirst":true,"interactionType":"ENTER_TEXT"}]}
COMMAND: POST /session/65af7eee0b689fbc32704a37c909740d/execute/async - {"script":"<script> [1562 bytes]","args":[{"selector":{"id":"application-manageresources-display-component---newResourceUnit--ITEM_TYPE-arrow"},"wdio_ui5_key":"applicationmanageresources-display-component---newResourceUnit--ITEM_TYPE-arrow"}]}
RESULT: {"script":"<script> [1562 bytes]","args":[{"selector":{"id":"application-manageresources-display-component---newResourceUnit--ITEM_TYPE-arrow"},"wdio_ui5_key":"applicationmanageresources-display-component---newResourceUnit--ITEM_TYPE-arrow"}]}
RESULT: undefined
COMMAND: POST /session/65af7eee0b689fbc32704a37c909740d/element - {"using":"xpath","value":"//*[@id=\"application-manageresources-display-component---newResourceUnit--ITEM_TYPE-arrow\"]"}
RESULT: {"using":"xpath","value":"//*[@id=\"application-manageresources-display-component---newResourceUnit--ITEM_TYPE-arrow\"]"}
COMMAND: POST /session/65af7eee0b689fbc32704a37c909740d/element/f.4EA148EC701C5F901E073CD471E0C43C.d.95F81D48F0726CAA4D950B0DC68DE5AE.e.13183/click - {}
RESULT: {}
COMMAND: POST /session/65af7eee0b689fbc32704a37c909740d/element - {"using":"xpath","value":"(//span[contains(text(), \"Resource Unit\")])[2]"}
COMMAND: GET /session/65af7eee0b689fbc32704a37c909740d/screenshot - {}
RESULT: {"using":"xpath","value":"(//span[contains(text(), \"Resource Unit\")])[2]"}
COMMAND: POST /session/65af7eee0b689fbc32704a37c909740d/element/f.4EA148EC701C5F901E073CD471E0C43C.d.95F81D48F0726CAA4D950B0DC68DE5AE.e.13184/click - {}
RESULT: {}
RESULT: {}
COMMAND: GET /session/65af7eee0b689fbc32704a37c909740d/screenshot - {}
RESULT: {}
COMMAND: POST /session/65af7eee0b689fbc32704a37c909740d/element - {"using":"css selector","value":"#application-manageresources-display-component---newResourceUnit--btnAddTimeSegment"}
RESULT: {"using":"css selector","value":"#application-manageresources-display-component---newResourceUnit--btnAddTimeSegment"}
COMMAND: GET /session/65af7eee0b689fbc32704a37c909740d/element/f.4EA148EC701C5F901E073CD471E0C43C.d.95F81D48F0726CAA4D950B0DC68DE5AE.e.13185/rect - {}
RESULT: {}
COMMAND: GET /session/65af7eee0b689fbc32704a37c909740d/window/rect - {}
RESULT: {}
COMMAND: POST /session/65af7eee0b689fbc32704a37c909740d/execute/sync - {"script":"<script> [92 bytes]","args":[]}
RESULT: {"script":"<script> [92 bytes]","args":[]}
COMMAND: POST /session/65af7eee0b689fbc32704a37c909740d/actions - {"actions":[{"id":"action58","type":"wheel","parameters":{},"actions":[{"type":"scroll","x":-1888,"y":-32,"deltaX":0,"deltaY":0,"duration":0,"origin":{"element-6066-11e4-a52e-4f735466cecf":"f.4EA148EC701C5F901E073CD471E0C43C.d.95F81D48F0726CAA4D950B0DC68DE5AE.e.13185"}}]}]}
COMMAND: GET /session/65af7eee0b689fbc32704a37c909740d/screenshot - {}
RESULT: {}
COMMAND: POST /session/65af7eee0b689fbc32704a37c909740d/execute/sync - {"script":"<script> [79 bytes]","args":[{"element-6066-11e4-a52e-4f735466cecf":"f.4EA148EC701C5F901E073CD471E0C43C.d.95F81D48F0726CAA4D950B0DC68DE5AE.e.13185","ELEMENT":"f.4EA148EC701C5F901E073CD471E0C43C.d.95F81D48F0726CAA4D950B0DC68DE5AE.e.13185"},{"block":"start","inline":"nearest"}]}
RESULT: {"script":"<script> [79 bytes]","args":[{"element-6066-11e4-a52e-4f735466cecf":"f.4EA148EC701C5F901E073CD471E0C43C.d.95F81D48F0726CAA4D950B0DC68DE5AE.e.13185","ELEMENT":"f.4EA148EC701C5F901E073CD471E0C43C.d.95F81D48F0726CAA4D950B0DC68DE5AE.e.13185"},{"block":"start","inline":"nearest"}]}
COMMAND: POST /session/65af7eee0b689fbc32704a37c909740d/execute/async - {"script":"<script> [1562 bytes]","args":[{"selector":{"id":"application-manageresources-display-component---newResourceUnit--btnAddTimeSegment","interaction":{"idSuffix":"inner"}},"wdio_ui5_key":"applicationmanageresources-display-component---newResourceUnit--btnAddTimeSegment"}]}
COMMAND: GET /session/65af7eee0b689fbc32704a37c909740d/screenshot - {}
RESULT: {"script":"<script> [1562 bytes]","args":[{"selector":{"id":"application-manageresources-display-component---newResourceUnit--btnAddTimeSegment","interaction":{"idSuffix":"inner"}},"wdio_ui5_key":"applicationmanageresources-display-component---newResourceUnit--btnAddTimeSegment"}]}
RESULT: undefined
COMMAND: POST /session/65af7eee0b689fbc32704a37c909740d/element - {"using":"xpath","value":"//*[@id=\"application-manageresources-display-component---newResourceUnit--btnAddTimeSegment\"]"}
RESULT: {}
RESULT: {"using":"xpath","value":"//*[@id=\"application-manageresources-display-component---newResourceUnit--btnAddTimeSegment\"]"}
COMMAND: POST /session/65af7eee0b689fbc32704a37c909740d/element/f.4EA148EC701C5F901E073CD471E0C43C.d.95F81D48F0726CAA4D950B0DC68DE5AE.e.13185/click - {}
RESULT: {}
COMMAND: GET /session/65af7eee0b689fbc32704a37c909740d/screenshot - {}
RESULT: {}
COMMAND: POST /session/65af7eee0b689fbc32704a37c909740d/element - {"using":"xpath","value":"//input[@id=\"application-manageresources-display-component---newResourceUnit--idRuTSAdmin-application-manageresources-display-component---newResourceUnit--RUTimeSegment-0-inner\"]"}
RESULT: {"using":"xpath","value":"//input[@id=\"application-manageresources-display-component---newResourceUnit--idRuTSAdmin-application-manageresources-display-component---newResourceUnit--RUTimeSegment-0-inner\"]"}
COMMAND: POST /session/65af7eee0b689fbc32704a37c909740d/element/f.4EA148EC701C5F901E073CD471E0C43C.d.95F81D48F0726CAA4D950B0DC68DE5AE.e.13191/clear - {}
RESULT: {}
COMMAND: POST /session/65af7eee0b689fbc32704a37c909740d/element/f.4EA148EC701C5F901E073CD471E0C43C.d.95F81D48F0726CAA4D950B0DC68DE5AE.e.13191/value - {"text":"271"}
COMMAND: GET /session/65af7eee0b689fbc32704a37c909740d/screenshot - {}
RESULT: {"text":"271"}
COMMAND: GET /session/65af7eee0b689fbc32704a37c909740d/screenshot - {}
RESULT: {}
RESULT: {}
COMMAND: POST /session/65af7eee0b689fbc32704a37c909740d/element - {"using":"xpath","value":"//li[.//span[text()='271']]"}
RESULT: {"using":"xpath","value":"//li[.//span[text()='271']]"}
COMMAND: POST /session/65af7eee0b689fbc32704a37c909740d/element/f.4EA148EC701C5F901E073CD471E0C43C.d.95F81D48F0726CAA4D950B0DC68DE5AE.e.13203/click - {}
RESULT: {}
COMMAND: GET /session/65af7eee0b689fbc32704a37c909740d/screenshot - {}
RESULT: {}
COMMAND: POST /session/65af7eee0b689fbc32704a37c909740d/element - {"using":"xpath","value":"(//span[contains(@id, \"-application-manageresources-display-component---newResourceUnit--RUTimeSegment-0-arrow\")])[6]"}
RESULT: {"using":"xpath","value":"(//span[contains(@id, \"-application-manageresources-display-component---newResourceUnit--RUTimeSegment-0-arrow\")])[6]"}
COMMAND: POST /session/65af7eee0b689fbc32704a37c909740d/element/f.4EA148EC701C5F901E073CD471E0C43C.d.95F81D48F0726CAA4D950B0DC68DE5AE.e.13204/click - {}
RESULT: {}
COMMAND: GET /session/65af7eee0b689fbc32704a37c909740d/screenshot - {}
RESULT: {}
COMMAND: POST /session/65af7eee0b689fbc32704a37c909740d/element - {"using":"xpath","value":"//span[contains(text(), \"PM Order\")]"}
RESULT: {"using":"xpath","value":"//span[contains(text(), \"PM Order\")]"}
COMMAND: POST /session/65af7eee0b689fbc32704a37c909740d/element/f.4EA148EC701C5F901E073CD471E0C43C.d.95F81D48F0726CAA4D950B0DC68DE5AE.e.13207/click - {}
RESULT: {}
COMMAND: GET /session/65af7eee0b689fbc32704a37c909740d/screenshot - {}
RESULT: {}
COMMAND: POST /session/65af7eee0b689fbc32704a37c909740d/element - {"using":"xpath","value":"(//span[contains(@id ,\"manageresources-display-component---newResourceUnit--RUTimeSegment-0-vhi\")])[1]"}
RESULT: {"using":"xpath","value":"(//span[contains(@id ,\"manageresources-display-component---newResourceUnit--RUTimeSegment-0-vhi\")])[1]"}
COMMAND: GET /session/65af7eee0b689fbc32704a37c909740d/element/f.4EA148EC701C5F901E073CD471E0C43C.d.95F81D48F0726CAA4D950B0DC68DE5AE.e.13211/rect - {}
RESULT: {}
COMMAND: GET /session/65af7eee0b689fbc32704a37c909740d/window/rect - {}
RESULT: {}
COMMAND: POST /session/65af7eee0b689fbc32704a37c909740d/execute/sync - {"script":"<script> [92 bytes]","args":[]}
RESULT: {"script":"<script> [92 bytes]","args":[]}
COMMAND: POST /session/65af7eee0b689fbc32704a37c909740d/actions - {"actions":[{"id":"action59","type":"wheel","parameters":{},"actions":[{"type":"scroll","x":-869,"y":-24,"deltaX":0,"deltaY":0,"duration":0,"origin":{"element-6066-11e4-a52e-4f735466cecf":"f.4EA148EC701C5F901E073CD471E0C43C.d.95F81D48F0726CAA4D950B0DC68DE5AE.e.13211"}}]}]}
COMMAND: GET /session/65af7eee0b689fbc32704a37c909740d/screenshot - {}
RESULT: {"actions":[{"id":"action59","type":"wheel","parameters":{},"actions":[{"type":"scroll","x":-869,"y":-24,"deltaX":0,"deltaY":0,"duration":0,"origin":{"element-6066-11e4-a52e-4f735466cecf":"f.4EA148EC701C5F901E073CD471E0C43C.d.95F81D48F0726CAA4D950B0DC68DE5AE.e.13211"}}]}]}
COMMAND: DELETE /session/65af7eee0b689fbc32704a37c909740d/actions - {}
COMMAND: GET /session/65af7eee0b689fbc32704a37c909740d/screenshot - {}
RESULT: {}
RESULT: {}
COMMAND: GET /session/65af7eee0b689fbc32704a37c909740d/screenshot - {}
RESULT: {}
RESULT: {}
COMMAND: POST /session/65af7eee0b689fbc32704a37c909740d/element/f.4EA148EC701C5F901E073CD471E0C43C.d.95F81D48F0726CAA4D950B0DC68DE5AE.e.13211/click - {}
COMMAND: POST /session/65af7eee0b689fbc32704a37c909740d/execute/async - {"script":"<script> [1562 bytes]","args":[{"selector":{"controlType":"sap.m.SearchField","properties":{"placeholder":"Search"},"searchOpenDialogs":true,"interaction":{"idSuffix":"I"}},"wdio_ui5_key":"sapm.SearchField{\"placeholder\":\"Search\"}"}]}
RESULT: {}
COMMAND: GET /session/65af7eee0b689fbc32704a37c909740d/screenshot - {}
RESULT: {"script":"<script> [1562 bytes]","args":[{"selector":{"controlType":"sap.m.SearchField","properties":{"placeholder":"Search"},"searchOpenDialogs":true,"interaction":{"idSuffix":"I"}},"wdio_ui5_key":"sapm.SearchField{\"placeholder\":\"Search\"}"}]}
RESULT: undefined
COMMAND: POST /session/65af7eee0b689fbc32704a37c909740d/execute/async - {"script":"<script> [776 bytes]","args":[{"enterText":"4000360","selector":{"controlType":"sap.m.SearchField","properties":{"placeholder":"Search"},"searchOpenDialogs":true,"interaction":{"idSuffix":"I"}},"clearTextFirst":true,"interactionType":"ENTER_TEXT"}]}
RESULT: {}
RESULT: {"script":"<script> [776 bytes]","args":[{"enterText":"4000360","selector":{"controlType":"sap.m.SearchField","properties":{"placeholder":"Search"},"searchOpenDialogs":true,"interaction":{"idSuffix":"I"}},"clearTextFirst":true,"interactionType":"ENTER_TEXT"}]}
COMMAND: POST /session/65af7eee0b689fbc32704a37c909740d/actions - {"actions":[{"id":"action60","type":"key","parameters":{},"actions":[{"type":"keyDown","value":"î€‡"},{"type":"pause","duration":10},{"type":"keyUp","value":"î€‡"}]}]}
RESULT: {"actions":[{"id":"action60","type":"key","parameters":{},"actions":[{"type":"keyDown","value":"î€‡"},{"type":"pause","duration":10},{"type":"keyUp","value":"î€‡"}]}]}
COMMAND: GET /session/65af7eee0b689fbc32704a37c909740d/screenshot - {}
RESULT: {}
COMMAND: POST /session/65af7eee0b689fbc32704a37c909740d/element - {"using":"xpath","value":"//td/div/span[contains(text(), \"BGL Vehicles\")]"}
RESULT: {"using":"xpath","value":"//td/div/span[contains(text(), \"BGL Vehicles\")]"}
COMMAND: POST /session/65af7eee0b689fbc32704a37c909740d/element/f.4EA148EC701C5F901E073CD471E0C43C.d.95F81D48F0726CAA4D950B0DC68DE5AE.e.13231/click - {}
RESULT: {}
COMMAND: GET /session/65af7eee0b689fbc32704a37c909740d/screenshot - {}
RESULT: {}
COMMAND: POST /session/65af7eee0b689fbc32704a37c909740d/element - {"using":"xpath","value":"//bdi[contains(text(), \"OK\")]"}
RESULT: {"using":"xpath","value":"//bdi[contains(text(), \"OK\")]"}
COMMAND: POST /session/65af7eee0b689fbc32704a37c909740d/element/f.4EA148EC701C5F901E073CD471E0C43C.d.95F81D48F0726CAA4D950B0DC68DE5AE.e.13232/click - {}
RESULT: {}
COMMAND: GET /session/65af7eee0b689fbc32704a37c909740d/screenshot - {}
RESULT: {}
COMMAND: POST /session/65af7eee0b689fbc32704a37c909740d/execute/async - {"script":"<script> [1562 bytes]","args":[{"selector":{"id":"application-manageresources-display-component---newResourceUnit--newRRUPage-anchBar-application-manageresources-display-component---newResourceUnit--resource-anchor","interaction":{"idSuffix":"BDI-content"}},"wdio_ui5_key":"applicationmanageresources-display-component---newResourceUnit--newRRUPage-anchBar-application-manageresources-display-component---newResourceUnit--resource-anchor"}]}
RESULT: {"script":"<script> [1562 bytes]","args":[{"selector":{"id":"application-manageresources-display-component---newResourceUnit--newRRUPage-anchBar-application-manageresources-display-component---newResourceUnit--resource-anchor","interaction":{"idSuffix":"BDI-content"}},"wdio_ui5_key":"applicationmanageresources-display-component---newResourceUnit--newRRUPage-anchBar-application-manageresources-display-component---newResourceUnit--resource-anchor"}]}
RESULT: undefined
COMMAND: POST /session/65af7eee0b689fbc32704a37c909740d/element - {"using":"xpath","value":"//*[@id=\"application-manageresources-display-component---newResourceUnit--newRRUPage-anchBar-application-manageresources-display-component---newResourceUnit--resource-anchor\"]"}
RESULT: {"using":"xpath","value":"//*[@id=\"application-manageresources-display-component---newResourceUnit--newRRUPage-anchBar-application-manageresources-display-component---newResourceUnit--resource-anchor\"]"}
COMMAND: POST /session/65af7eee0b689fbc32704a37c909740d/element/f.4EA148EC701C5F901E073CD471E0C43C.d.95F81D48F0726CAA4D950B0DC68DE5AE.e.13236/click - {}
RESULT: {}
COMMAND: POST /session/65af7eee0b689fbc32704a37c909740d/execute/async - {"script":"<script> [1562 bytes]","args":[{"selector":{"id":"application-manageresources-display-component---newResourceUnit--PLANNED_DELIVERY_DATE","interaction":{"idSuffix":"inner"}},"wdio_ui5_key":"applicationmanageresources-display-component---newResourceUnit--PLANNED_DELIVERY_DATE"}]}
COMMAND: GET /session/65af7eee0b689fbc32704a37c909740d/screenshot - {}
RESULT: {"script":"<script> [1562 bytes]","args":[{"selector":{"id":"application-manageresources-display-component---newResourceUnit--PLANNED_DELIVERY_DATE","interaction":{"idSuffix":"inner"}},"wdio_ui5_key":"applicationmanageresources-display-component---newResourceUnit--PLANNED_DELIVERY_DATE"}]}
RESULT: undefined
COMMAND: POST /session/65af7eee0b689fbc32704a37c909740d/execute/async - {"script":"<script> [6424 bytes]","args":[{"element-6066-11e4-a52e-4f735466cecf":"f.4EA148EC701C5F901E073CD471E0C43C.d.95F81D48F0726CAA4D950B0DC68DE5AE.e.13099"},"setValue",["5/13/25"]]}
RESULT: {}
RESULT: {"script":"<script> [6424 bytes]","args":[{"element-6066-11e4-a52e-4f735466cecf":"f.4EA148EC701C5F901E073CD471E0C43C.d.95F81D48F0726CAA4D950B0DC68DE5AE.e.13099"},"setValue",["5/13/25"]]}
COMMAND: POST /session/65af7eee0b689fbc32704a37c909740d/element - {"using":"xpath","value":"//label[contains(@class, 'sapMLabelRequired') and .//bdi[contains(text(), 'Planned Retirement')]]"}
RESULT: {"using":"xpath","value":"//label[contains(@class, 'sapMLabelRequired') and .//bdi[contains(text(), 'Planned Retirement')]]"}
COMMAND: POST /session/65af7eee0b689fbc32704a37c909740d/elements - {"using":"xpath","value":"//label[contains(@class, 'sapMLabelRequired') and .//bdi[contains(text(), 'Planned Retirement')]]"}
RESULT: {"using":"xpath","value":"//label[contains(@class, 'sapMLabelRequired') and .//bdi[contains(text(), 'Planned Retirement')]]"}
COMMAND: POST /session/65af7eee0b689fbc32704a37c909740d/element - {"using":"xpath","value":"//button[@data-kt=\"resourceUnitSaveButton\"]"}
RESULT: {"using":"xpath","value":"//button[@data-kt=\"resourceUnitSaveButton\"]"}
COMMAND: POST /session/65af7eee0b689fbc32704a37c909740d/element/f.4EA148EC701C5F901E073CD471E0C43C.d.95F81D48F0726CAA4D950B0DC68DE5AE.e.13059/click - {}
RESULT: {}
COMMAND: GET /session/65af7eee0b689fbc32704a37c909740d/screenshot - {}
RESULT: {}
COMMAND: POST /session/65af7eee0b689fbc32704a37c909740d/element - {"using":"xpath","value":"//bdi[contains(text(), \"Close\")]"}
RESULT: {"using":"xpath","value":"//bdi[contains(text(), \"Close\")]"}
COMMAND: POST /session/65af7eee0b689fbc32704a37c909740d/element/f.4EA148EC701C5F901E073CD471E0C43C.d.95F81D48F0726CAA4D950B0DC68DE5AE.e.13246/click - {}
RESULT: {}
COMMAND: GET /session/65af7eee0b689fbc32704a37c909740d/screenshot - {}
RESULT: {}
COMMAND: POST /session/65af7eee0b689fbc32704a37c909740d/element - {"using":"xpath","value":"(//button[contains(@id ,\"actionsToolbar-overflowButton\")])[1]"}
RESULT: {"using":"xpath","value":"(//button[contains(@id ,\"actionsToolbar-overflowButton\")])[1]"}
COMMAND: POST /session/65af7eee0b689fbc32704a37c909740d/element/f.4EA148EC701C5F901E073CD471E0C43C.d.95F81D48F0726CAA4D950B0DC68DE5AE.e.13276/click - {}
RESULT: {}
COMMAND: GET /session/65af7eee0b689fbc32704a37c909740d/screenshot - {}
RESULT: {}
COMMAND: POST /session/65af7eee0b689fbc32704a37c909740d/element - {"using":"xpath","value":"//button[@data-kt=\"priceInfoButton\"]"}
RESULT: {"using":"xpath","value":"//button[@data-kt=\"priceInfoButton\"]"}
COMMAND: POST /session/65af7eee0b689fbc32704a37c909740d/element/f.4EA148EC701C5F901E073CD471E0C43C.d.95F81D48F0726CAA4D950B0DC68DE5AE.e.13278/click - {}
RESULT: {}
COMMAND: GET /session/65af7eee0b689fbc32704a37c909740d/screenshot - {}
RESULT: {}
]]></system-out>
    </testcase>
    <testcase classname="chrome.136_0_7103_49.windows.Billing_Calculation_-_Time_based_(considering_transport_times)_US139738" name="Should create new pricing rule for the equipment" time="53.086">
      <system-out><![CDATA[
COMMAND: POST /session/65af7eee0b689fbc32704a37c909740d/element - {"using":"xpath","value":"//button[@data-kt=\"addButton\"]"}
RESULT: {"using":"xpath","value":"//button[@data-kt=\"addButton\"]"}
COMMAND: POST /session/65af7eee0b689fbc32704a37c909740d/elements - {"using":"xpath","value":"//button[@data-kt=\"addButton\"]"}
RESULT: {"using":"xpath","value":"//button[@data-kt=\"addButton\"]"}
COMMAND: POST /session/65af7eee0b689fbc32704a37c909740d/elements - {"using":"xpath","value":"//button[@data-kt=\"addButton\"]"}
RESULT: {"using":"xpath","value":"//button[@data-kt=\"addButton\"]"}
COMMAND: POST /session/65af7eee0b689fbc32704a37c909740d/element - {"using":"xpath","value":"//button[@data-kt=\"addButton\"]"}
RESULT: {"using":"xpath","value":"//button[@data-kt=\"addButton\"]"}
COMMAND: POST /session/65af7eee0b689fbc32704a37c909740d/execute/sync - {"script":"<script> [8489 bytes]","args":[{"element-6066-11e4-a52e-4f735466cecf":"f.4EA148EC701C5F901E073CD471E0C43C.d.95F81D48F0726CAA4D950B0DC68DE5AE.e.13314","ELEMENT":"f.4EA148EC701C5F901E073CD471E0C43C.d.95F81D48F0726CAA4D950B0DC68DE5AE.e.13314"}]}
RESULT: {"script":"<script> [8489 bytes]","args":[{"element-6066-11e4-a52e-4f735466cecf":"f.4EA148EC701C5F901E073CD471E0C43C.d.95F81D48F0726CAA4D950B0DC68DE5AE.e.13314","ELEMENT":"f.4EA148EC701C5F901E073CD471E0C43C.d.95F81D48F0726CAA4D950B0DC68DE5AE.e.13314"}]}
COMMAND: GET /session/65af7eee0b689fbc32704a37c909740d/element/f.4EA148EC701C5F901E073CD471E0C43C.d.95F81D48F0726CAA4D950B0DC68DE5AE.e.13314/enabled - {}
COMMAND: GET /session/65af7eee0b689fbc32704a37c909740d/screenshot - {}
RESULT: {}
COMMAND: POST /session/65af7eee0b689fbc32704a37c909740d/execute/sync - {"script":"<script> [8489 bytes]","args":[{"element-6066-11e4-a52e-4f735466cecf":"f.4EA148EC701C5F901E073CD471E0C43C.d.95F81D48F0726CAA4D950B0DC68DE5AE.e.13314","ELEMENT":"f.4EA148EC701C5F901E073CD471E0C43C.d.95F81D48F0726CAA4D950B0DC68DE5AE.e.13314"}]}
COMMAND: GET /session/65af7eee0b689fbc32704a37c909740d/screenshot - {}
RESULT: {}
RESULT: {"script":"<script> [8489 bytes]","args":[{"element-6066-11e4-a52e-4f735466cecf":"f.4EA148EC701C5F901E073CD471E0C43C.d.95F81D48F0726CAA4D950B0DC68DE5AE.e.13314","ELEMENT":"f.4EA148EC701C5F901E073CD471E0C43C.d.95F81D48F0726CAA4D950B0DC68DE5AE.e.13314"}]}
COMMAND: POST /session/65af7eee0b689fbc32704a37c909740d/execute/sync - {"script":"<script> [5351 bytes]","args":[{"element-6066-11e4-a52e-4f735466cecf":"f.4EA148EC701C5F901E073CD471E0C43C.d.95F81D48F0726CAA4D950B0DC68DE5AE.e.13314","ELEMENT":"f.4EA148EC701C5F901E073CD471E0C43C.d.95F81D48F0726CAA4D950B0DC68DE5AE.e.13314"}]}
COMMAND: GET /session/65af7eee0b689fbc32704a37c909740d/screenshot - {}
RESULT: {}
RESULT: {"script":"<script> [5351 bytes]","args":[{"element-6066-11e4-a52e-4f735466cecf":"f.4EA148EC701C5F901E073CD471E0C43C.d.95F81D48F0726CAA4D950B0DC68DE5AE.e.13314","ELEMENT":"f.4EA148EC701C5F901E073CD471E0C43C.d.95F81D48F0726CAA4D950B0DC68DE5AE.e.13314"}]}
COMMAND: POST /session/65af7eee0b689fbc32704a37c909740d/element/f.4EA148EC701C5F901E073CD471E0C43C.d.95F81D48F0726CAA4D950B0DC68DE5AE.e.13314/click - {}
COMMAND: GET /session/65af7eee0b689fbc32704a37c909740d/screenshot - {}
RESULT: {}
RESULT: {}
COMMAND: GET /session/65af7eee0b689fbc32704a37c909740d/screenshot - {}
RESULT: {}
RESULT: {}
COMMAND: POST /session/65af7eee0b689fbc32704a37c909740d/execute/async - {"script":"<script> [1562 bytes]","args":[{"selector":{"controlType":"sap.m.Title","viewName":"etm.portal.ui.managepricingrules.view.NewItem","viewId":"application-managepricingrules-display-component---newInfoPriceItem","properties":{"text":"New Pricing Rules - Item Level"}},"wdio_ui5_key":"etmportal.ui.managepricingrules.view.NewItemsap.m.Title{\"text\":\"New Pricing Rules - Item Level\"}"}]}
RESULT: {"script":"<script> [1562 bytes]","args":[{"selector":{"controlType":"sap.m.Title","viewName":"etm.portal.ui.managepricingrules.view.NewItem","viewId":"application-managepricingrules-display-component---newInfoPriceItem","properties":{"text":"New Pricing Rules - Item Level"}},"wdio_ui5_key":"etmportal.ui.managepricingrules.view.NewItemsap.m.Title{\"text\":\"New Pricing Rules - Item Level\"}"}]}
RESULT: undefined
COMMAND: POST /session/65af7eee0b689fbc32704a37c909740d/execute/async - {"script":"<script> [6424 bytes]","args":[{"element-6066-11e4-a52e-4f735466cecf":"f.4EA148EC701C5F901E073CD471E0C43C.d.95F81D48F0726CAA4D950B0DC68DE5AE.e.13388"},"getText",[]]}
RESULT: {"script":"<script> [6424 bytes]","args":[{"element-6066-11e4-a52e-4f735466cecf":"f.4EA148EC701C5F901E073CD471E0C43C.d.95F81D48F0726CAA4D950B0DC68DE5AE.e.13388"},"getText",[]]}
COMMAND: POST /session/65af7eee0b689fbc32704a37c909740d/execute/async - {"script":"<script> [1562 bytes]","args":[{"selector":{"id":"application-managepricingrules-display-component---newInfoPriceItem--condValidTo","interaction":{"idSuffix":"inner"}},"wdio_ui5_key":"applicationmanagepricingrules-display-component---newInfoPriceItem--condValidTo"}]}
RESULT: {"script":"<script> [1562 bytes]","args":[{"selector":{"id":"application-managepricingrules-display-component---newInfoPriceItem--condValidTo","interaction":{"idSuffix":"inner"}},"wdio_ui5_key":"applicationmanagepricingrules-display-component---newInfoPriceItem--condValidTo"}]}
RESULT: undefined
COMMAND: POST /session/65af7eee0b689fbc32704a37c909740d/execute/async - {"script":"<script> [776 bytes]","args":[{"enterText":"01/13/26","selector":{"id":"application-managepricingrules-display-component---newInfoPriceItem--condValidTo","interaction":{"idSuffix":"inner"}},"clearTextFirst":true,"interactionType":"ENTER_TEXT"}]}
RESULT: {"script":"<script> [776 bytes]","args":[{"enterText":"01/13/26","selector":{"id":"application-managepricingrules-display-component---newInfoPriceItem--condValidTo","interaction":{"idSuffix":"inner"}},"clearTextFirst":true,"interactionType":"ENTER_TEXT"}]}
COMMAND: POST /session/65af7eee0b689fbc32704a37c909740d/execute/async - {"script":"<script> [1562 bytes]","args":[{"selector":{"id":"application-managepricingrules-display-component---newInfoPriceItem--billType-arrow"},"wdio_ui5_key":"applicationmanagepricingrules-display-component---newInfoPriceItem--billType-arrow"}]}
RESULT: {"script":"<script> [1562 bytes]","args":[{"selector":{"id":"application-managepricingrules-display-component---newInfoPriceItem--billType-arrow"},"wdio_ui5_key":"applicationmanagepricingrules-display-component---newInfoPriceItem--billType-arrow"}]}
RESULT: undefined
COMMAND: POST /session/65af7eee0b689fbc32704a37c909740d/element - {"using":"xpath","value":"//*[@id=\"application-managepricingrules-display-component---newInfoPriceItem--billType-arrow\"]"}
RESULT: {"using":"xpath","value":"//*[@id=\"application-managepricingrules-display-component---newInfoPriceItem--billType-arrow\"]"}
COMMAND: POST /session/65af7eee0b689fbc32704a37c909740d/element/f.4EA148EC701C5F901E073CD471E0C43C.d.95F81D48F0726CAA4D950B0DC68DE5AE.e.13445/click - {}
RESULT: {}
COMMAND: POST /session/65af7eee0b689fbc32704a37c909740d/element - {"using":"xpath","value":"//span[contains(text(), \"TB - Time based\")]"}
COMMAND: GET /session/65af7eee0b689fbc32704a37c909740d/screenshot - {}
RESULT: {"using":"xpath","value":"//span[contains(text(), \"TB - Time based\")]"}
COMMAND: POST /session/65af7eee0b689fbc32704a37c909740d/element/f.4EA148EC701C5F901E073CD471E0C43C.d.95F81D48F0726CAA4D950B0DC68DE5AE.e.13487/click - {}
RESULT: {}
RESULT: {}
COMMAND: POST /session/65af7eee0b689fbc32704a37c909740d/execute/async - {"script":"<script> [1562 bytes]","args":[{"selector":{"id":"application-managepricingrules-display-component---newInfoPriceItem--priceProc-arrow"},"wdio_ui5_key":"applicationmanagepricingrules-display-component---newInfoPriceItem--priceProc-arrow"}]}
COMMAND: GET /session/65af7eee0b689fbc32704a37c909740d/screenshot - {}
RESULT: {"script":"<script> [1562 bytes]","args":[{"selector":{"id":"application-managepricingrules-display-component---newInfoPriceItem--priceProc-arrow"},"wdio_ui5_key":"applicationmanagepricingrules-display-component---newInfoPriceItem--priceProc-arrow"}]}
RESULT: undefined
COMMAND: POST /session/65af7eee0b689fbc32704a37c909740d/element - {"using":"xpath","value":"//*[@id=\"application-managepricingrules-display-component---newInfoPriceItem--priceProc-arrow\"]"}
RESULT: {}
RESULT: {"using":"xpath","value":"//*[@id=\"application-managepricingrules-display-component---newInfoPriceItem--priceProc-arrow\"]"}
COMMAND: POST /session/65af7eee0b689fbc32704a37c909740d/element/f.4EA148EC701C5F901E073CD471E0C43C.d.95F81D48F0726CAA4D950B0DC68DE5AE.e.13452/click - {}
RESULT: {}
COMMAND: POST /session/65af7eee0b689fbc32704a37c909740d/element - {"using":"xpath","value":"//span[contains(text(), \"TBS - Time based standard\")]"}
COMMAND: GET /session/65af7eee0b689fbc32704a37c909740d/screenshot - {}
RESULT: {"using":"xpath","value":"//span[contains(text(), \"TBS - Time based standard\")]"}
COMMAND: POST /session/65af7eee0b689fbc32704a37c909740d/element/f.4EA148EC701C5F901E073CD471E0C43C.d.95F81D48F0726CAA4D950B0DC68DE5AE.e.13488/click - {}
RESULT: {}
RESULT: {}
COMMAND: POST /session/65af7eee0b689fbc32704a37c909740d/execute/async - {"script":"<script> [1562 bytes]","args":[{"selector":{"id":"application-managepricingrules-display-component---newInfoPriceItem--calcBase-arrow"},"wdio_ui5_key":"applicationmanagepricingrules-display-component---newInfoPriceItem--calcBase-arrow"}]}
COMMAND: GET /session/65af7eee0b689fbc32704a37c909740d/screenshot - {}
RESULT: {"script":"<script> [1562 bytes]","args":[{"selector":{"id":"application-managepricingrules-display-component---newInfoPriceItem--calcBase-arrow"},"wdio_ui5_key":"applicationmanagepricingrules-display-component---newInfoPriceItem--calcBase-arrow"}]}
RESULT: undefined
COMMAND: POST /session/65af7eee0b689fbc32704a37c909740d/element - {"using":"xpath","value":"//*[@id=\"application-managepricingrules-display-component---newInfoPriceItem--calcBase-arrow\"]"}
RESULT: {}
RESULT: {"using":"xpath","value":"//*[@id=\"application-managepricingrules-display-component---newInfoPriceItem--calcBase-arrow\"]"}
COMMAND: POST /session/65af7eee0b689fbc32704a37c909740d/element/f.4EA148EC701C5F901E073CD471E0C43C.d.95F81D48F0726CAA4D950B0DC68DE5AE.e.13459/click - {}
RESULT: {}
COMMAND: GET /session/65af7eee0b689fbc32704a37c909740d/screenshot - {}
RESULT: {}
COMMAND: POST /session/65af7eee0b689fbc32704a37c909740d/element - {"using":"xpath","value":"//span[contains(text(), \"0006 - TB(calendar days)\")]"}
RESULT: {"using":"xpath","value":"//span[contains(text(), \"0006 - TB(calendar days)\")]"}
COMMAND: POST /session/65af7eee0b689fbc32704a37c909740d/element/f.4EA148EC701C5F901E073CD471E0C43C.d.95F81D48F0726CAA4D950B0DC68DE5AE.e.13489/click - {}
RESULT: {}
COMMAND: GET /session/65af7eee0b689fbc32704a37c909740d/screenshot - {}
RESULT: {}
COMMAND: POST /session/65af7eee0b689fbc32704a37c909740d/execute/async - {"script":"<script> [1562 bytes]","args":[{"selector":{"id":"application-managepricingrules-display-component---newInfoPriceItem--daysMonth","interaction":{"idSuffix":"inner"}},"wdio_ui5_key":"applicationmanagepricingrules-display-component---newInfoPriceItem--daysMonth"}]}
RESULT: {"script":"<script> [1562 bytes]","args":[{"selector":{"id":"application-managepricingrules-display-component---newInfoPriceItem--daysMonth","interaction":{"idSuffix":"inner"}},"wdio_ui5_key":"applicationmanagepricingrules-display-component---newInfoPriceItem--daysMonth"}]}
RESULT: undefined
COMMAND: POST /session/65af7eee0b689fbc32704a37c909740d/execute/async - {"script":"<script> [776 bytes]","args":[{"enterText":"30","selector":{"id":"application-managepricingrules-display-component---newInfoPriceItem--daysMonth","interaction":{"idSuffix":"inner"}},"clearTextFirst":true,"interactionType":"ENTER_TEXT"}]}
RESULT: {"script":"<script> [776 bytes]","args":[{"enterText":"30","selector":{"id":"application-managepricingrules-display-component---newInfoPriceItem--daysMonth","interaction":{"idSuffix":"inner"}},"clearTextFirst":true,"interactionType":"ENTER_TEXT"}]}
COMMAND: POST /session/65af7eee0b689fbc32704a37c909740d/element - {"using":"xpath","value":"//button[@data-kt=\"saveNewRuleButton\"]"}
RESULT: {"using":"xpath","value":"//button[@data-kt=\"saveNewRuleButton\"]"}
COMMAND: POST /session/65af7eee0b689fbc32704a37c909740d/element/f.4EA148EC701C5F901E073CD471E0C43C.d.95F81D48F0726CAA4D950B0DC68DE5AE.e.13480/click - {}
RESULT: {}
COMMAND: GET /session/65af7eee0b689fbc32704a37c909740d/screenshot - {}
RESULT: {}
COMMAND: POST /session/65af7eee0b689fbc32704a37c909740d/execute/async - {"script":"<script> [1562 bytes]","args":[{"selector":{"id":"application-managepricingrules-display-component---priceInfoItem--smartFilterBar-btnBasicSearch","interaction":{"idSuffix":"I"}},"wdio_ui5_key":"applicationmanagepricingrules-display-component---priceInfoItem--smartFilterBar-btnBasicSearch"}]}
RESULT: {"script":"<script> [1562 bytes]","args":[{"selector":{"id":"application-managepricingrules-display-component---priceInfoItem--smartFilterBar-btnBasicSearch","interaction":{"idSuffix":"I"}},"wdio_ui5_key":"applicationmanagepricingrules-display-component---priceInfoItem--smartFilterBar-btnBasicSearch"}]}
RESULT: undefined
COMMAND: POST /session/65af7eee0b689fbc32704a37c909740d/execute/async - {"script":"<script> [776 bytes]","args":[{"enterText":"AtBAsspcQ5","selector":{"id":"application-managepricingrules-display-component---priceInfoItem--smartFilterBar-btnBasicSearch","interaction":{"idSuffix":"I"}},"clearTextFirst":true,"interactionType":"ENTER_TEXT"}]}
RESULT: {"script":"<script> [776 bytes]","args":[{"enterText":"AtBAsspcQ5","selector":{"id":"application-managepricingrules-display-component---priceInfoItem--smartFilterBar-btnBasicSearch","interaction":{"idSuffix":"I"}},"clearTextFirst":true,"interactionType":"ENTER_TEXT"}]}
COMMAND: POST /session/65af7eee0b689fbc32704a37c909740d/actions - {"actions":[{"id":"action61","type":"key","parameters":{},"actions":[{"type":"keyDown","value":"î€‡"},{"type":"pause","duration":10},{"type":"keyUp","value":"î€‡"}]}]}
RESULT: {"actions":[{"id":"action61","type":"key","parameters":{},"actions":[{"type":"keyDown","value":"î€‡"},{"type":"pause","duration":10},{"type":"keyUp","value":"î€‡"}]}]}
COMMAND: GET /session/65af7eee0b689fbc32704a37c909740d/screenshot - {}
RESULT: {}
COMMAND: POST /session/65af7eee0b689fbc32704a37c909740d/element - {"using":"xpath","value":"//span[@id=\"application-managepricingrules-display-component---priceInfoItem--smartTable-header-inner\"]"}
RESULT: {"using":"xpath","value":"//span[@id=\"application-managepricingrules-display-component---priceInfoItem--smartTable-header-inner\"]"}
COMMAND: POST /session/65af7eee0b689fbc32704a37c909740d/elements - {"using":"xpath","value":"//span[@id=\"application-managepricingrules-display-component---priceInfoItem--smartTable-header-inner\"]"}
RESULT: {"using":"xpath","value":"//span[@id=\"application-managepricingrules-display-component---priceInfoItem--smartTable-header-inner\"]"}
COMMAND: POST /session/65af7eee0b689fbc32704a37c909740d/execute/sync - {"script":"<script> [56 bytes]","args":[{"element-6066-11e4-a52e-4f735466cecf":"f.4EA148EC701C5F901E073CD471E0C43C.d.95F81D48F0726CAA4D950B0DC68DE5AE.e.13514","ELEMENT":"f.4EA148EC701C5F901E073CD471E0C43C.d.95F81D48F0726CAA4D950B0DC68DE5AE.e.13514"}]}
RESULT: {"script":"<script> [56 bytes]","args":[{"element-6066-11e4-a52e-4f735466cecf":"f.4EA148EC701C5F901E073CD471E0C43C.d.95F81D48F0726CAA4D950B0DC68DE5AE.e.13514","ELEMENT":"f.4EA148EC701C5F901E073CD471E0C43C.d.95F81D48F0726CAA4D950B0DC68DE5AE.e.13514"}]}
COMMAND: POST /session/65af7eee0b689fbc32704a37c909740d/element - {"using":"css selector","value":"#shell-header-logo"}
COMMAND: GET /session/65af7eee0b689fbc32704a37c909740d/screenshot - {}
RESULT: {"using":"css selector","value":"#shell-header-logo"}
COMMAND: POST /session/65af7eee0b689fbc32704a37c909740d/element/f.4EA148EC701C5F901E073CD471E0C43C.d.95F81D48F0726CAA4D950B0DC68DE5AE.e.12656/click - {}
RESULT: {}
RESULT: {}
COMMAND: GET /session/65af7eee0b689fbc32704a37c909740d/screenshot - {}
RESULT: {}
]]></system-out>
    </testcase>
    <testcase classname="chrome.136_0_7103_49.windows.Billing_Calculation_-_Time_based_(considering_transport_times)_US139738" name="Should create new pricing condition for the equipment" time="65.471">
      <system-out><![CDATA[
COMMAND: POST /session/65af7eee0b689fbc32704a37c909740d/execute/async - {"script":"<script> [1562 bytes]","args":[{"selector":{"controlType":"sap.m.Text","properties":{"text":"Manage Conditions & Prices"},"interaction":{"idSuffix":"inner"}},"wdio_ui5_key":"sapm.Text{\"text\":\"Manage Conditions & Prices\"}"}]}
RESULT: {"script":"<script> [1562 bytes]","args":[{"selector":{"controlType":"sap.m.Text","properties":{"text":"Manage Conditions & Prices"},"interaction":{"idSuffix":"inner"}},"wdio_ui5_key":"sapm.Text{\"text\":\"Manage Conditions & Prices\"}"}]}
RESULT: undefined
COMMAND: POST /session/65af7eee0b689fbc32704a37c909740d/element - {"using":"xpath","value":"//*[@id=\"__tile53-title\"]"}
RESULT: {"using":"xpath","value":"//*[@id=\"__tile53-title\"]"}
COMMAND: POST /session/65af7eee0b689fbc32704a37c909740d/element/f.4EA148EC701C5F901E073CD471E0C43C.d.95F81D48F0726CAA4D950B0DC68DE5AE.e.13517/click - {}
RESULT: {}
COMMAND: POST /session/65af7eee0b689fbc32704a37c909740d/element - {"using":"xpath","value":"//button[@aria-label=\"Create\"]"}
COMMAND: GET /session/65af7eee0b689fbc32704a37c909740d/screenshot - {}
RESULT: {"using":"xpath","value":"//button[@aria-label=\"Create\"]"}
COMMAND: POST /session/65af7eee0b689fbc32704a37c909740d/elements - {"using":"xpath","value":"//button[@aria-label=\"Create\"]"}
RESULT: {}
RESULT: {"using":"xpath","value":"//button[@aria-label=\"Create\"]"}
COMMAND: POST /session/65af7eee0b689fbc32704a37c909740d/execute/sync - {"script":"<script> [8489 bytes]","args":[{"element-6066-11e4-a52e-4f735466cecf":"f.4EA148EC701C5F901E073CD471E0C43C.d.95F81D48F0726CAA4D950B0DC68DE5AE.e.13551","ELEMENT":"f.4EA148EC701C5F901E073CD471E0C43C.d.95F81D48F0726CAA4D950B0DC68DE5AE.e.13551"}]}
RESULT: {"script":"<script> [8489 bytes]","args":[{"element-6066-11e4-a52e-4f735466cecf":"f.4EA148EC701C5F901E073CD471E0C43C.d.95F81D48F0726CAA4D950B0DC68DE5AE.e.13551","ELEMENT":"f.4EA148EC701C5F901E073CD471E0C43C.d.95F81D48F0726CAA4D950B0DC68DE5AE.e.13551"}]}
COMMAND: GET /session/65af7eee0b689fbc32704a37c909740d/element/f.4EA148EC701C5F901E073CD471E0C43C.d.95F81D48F0726CAA4D950B0DC68DE5AE.e.13551/enabled - {}
COMMAND: GET /session/65af7eee0b689fbc32704a37c909740d/screenshot - {}
RESULT: {}
COMMAND: POST /session/65af7eee0b689fbc32704a37c909740d/execute/sync - {"script":"<script> [8489 bytes]","args":[{"element-6066-11e4-a52e-4f735466cecf":"f.4EA148EC701C5F901E073CD471E0C43C.d.95F81D48F0726CAA4D950B0DC68DE5AE.e.13551","ELEMENT":"f.4EA148EC701C5F901E073CD471E0C43C.d.95F81D48F0726CAA4D950B0DC68DE5AE.e.13551"}]}
COMMAND: GET /session/65af7eee0b689fbc32704a37c909740d/screenshot - {}
RESULT: {}
RESULT: {"script":"<script> [8489 bytes]","args":[{"element-6066-11e4-a52e-4f735466cecf":"f.4EA148EC701C5F901E073CD471E0C43C.d.95F81D48F0726CAA4D950B0DC68DE5AE.e.13551","ELEMENT":"f.4EA148EC701C5F901E073CD471E0C43C.d.95F81D48F0726CAA4D950B0DC68DE5AE.e.13551"}]}
COMMAND: POST /session/65af7eee0b689fbc32704a37c909740d/execute/sync - {"script":"<script> [5351 bytes]","args":[{"element-6066-11e4-a52e-4f735466cecf":"f.4EA148EC701C5F901E073CD471E0C43C.d.95F81D48F0726CAA4D950B0DC68DE5AE.e.13551","ELEMENT":"f.4EA148EC701C5F901E073CD471E0C43C.d.95F81D48F0726CAA4D950B0DC68DE5AE.e.13551"}]}
COMMAND: GET /session/65af7eee0b689fbc32704a37c909740d/screenshot - {}
RESULT: {}
RESULT: {"script":"<script> [5351 bytes]","args":[{"element-6066-11e4-a52e-4f735466cecf":"f.4EA148EC701C5F901E073CD471E0C43C.d.95F81D48F0726CAA4D950B0DC68DE5AE.e.13551","ELEMENT":"f.4EA148EC701C5F901E073CD471E0C43C.d.95F81D48F0726CAA4D950B0DC68DE5AE.e.13551"}]}
COMMAND: POST /session/65af7eee0b689fbc32704a37c909740d/element/f.4EA148EC701C5F901E073CD471E0C43C.d.95F81D48F0726CAA4D950B0DC68DE5AE.e.13551/click - {}
COMMAND: GET /session/65af7eee0b689fbc32704a37c909740d/screenshot - {}
RESULT: {}
RESULT: {}
COMMAND: GET /session/65af7eee0b689fbc32704a37c909740d/screenshot - {}
RESULT: {}
RESULT: {}
COMMAND: POST /session/65af7eee0b689fbc32704a37c909740d/actions - {"actions":[{"id":"action62","type":"key","parameters":{},"actions":[{"type":"keyDown","value":"î€‡"},{"type":"pause","duration":10},{"type":"keyUp","value":"î€‡"}]}]}
RESULT: {"actions":[{"id":"action62","type":"key","parameters":{},"actions":[{"type":"keyDown","value":"î€‡"},{"type":"pause","duration":10},{"type":"keyUp","value":"î€‡"}]}]}
COMMAND: GET /session/65af7eee0b689fbc32704a37c909740d/screenshot - {}
RESULT: {}
COMMAND: POST /session/65af7eee0b689fbc32704a37c909740d/execute/async - {"script":"<script> [1562 bytes]","args":[{"selector":{"id":"application-manageconditionprice-display-component---newCondition--condBillCond-arrow"},"wdio_ui5_key":"applicationmanageconditionprice-display-component---newCondition--condBillCond-arrow"}]}
RESULT: {"script":"<script> [1562 bytes]","args":[{"selector":{"id":"application-manageconditionprice-display-component---newCondition--condBillCond-arrow"},"wdio_ui5_key":"applicationmanageconditionprice-display-component---newCondition--condBillCond-arrow"}]}
RESULT: undefined
COMMAND: POST /session/65af7eee0b689fbc32704a37c909740d/element - {"using":"xpath","value":"//*[@id=\"application-manageconditionprice-display-component---newCondition--condBillCond-arrow\"]"}
RESULT: {"using":"xpath","value":"//*[@id=\"application-manageconditionprice-display-component---newCondition--condBillCond-arrow\"]"}
COMMAND: POST /session/65af7eee0b689fbc32704a37c909740d/element/f.4EA148EC701C5F901E073CD471E0C43C.d.95F81D48F0726CAA4D950B0DC68DE5AE.e.13732/click - {}
RESULT: {}
COMMAND: GET /session/65af7eee0b689fbc32704a37c909740d/screenshot - {}
RESULT: {}
COMMAND: POST /session/65af7eee0b689fbc32704a37c909740d/element - {"using":"xpath","value":"//li[.//span[contains(text(), \"DISP - D&I special price\")]]"}
RESULT: {"using":"xpath","value":"//li[.//span[contains(text(), \"DISP - D&I special price\")]]"}
COMMAND: POST /session/65af7eee0b689fbc32704a37c909740d/element/f.4EA148EC701C5F901E073CD471E0C43C.d.95F81D48F0726CAA4D950B0DC68DE5AE.e.13735/click - {}
RESULT: {}
COMMAND: GET /session/65af7eee0b689fbc32704a37c909740d/screenshot - {}
RESULT: {}
COMMAND: POST /session/65af7eee0b689fbc32704a37c909740d/execute/async - {"script":"<script> [1562 bytes]","args":[{"selector":{"id":"application-manageconditionprice-display-component---newCondition--condValidTo","interaction":{"idSuffix":"inner"}},"wdio_ui5_key":"applicationmanageconditionprice-display-component---newCondition--condValidTo"}]}
RESULT: {"script":"<script> [1562 bytes]","args":[{"selector":{"id":"application-manageconditionprice-display-component---newCondition--condValidTo","interaction":{"idSuffix":"inner"}},"wdio_ui5_key":"applicationmanageconditionprice-display-component---newCondition--condValidTo"}]}
RESULT: undefined
COMMAND: POST /session/65af7eee0b689fbc32704a37c909740d/execute/async - {"script":"<script> [776 bytes]","args":[{"enterText":"01/13/26","selector":{"id":"application-manageconditionprice-display-component---newCondition--condValidTo","interaction":{"idSuffix":"inner"}},"clearTextFirst":true,"interactionType":"ENTER_TEXT"}]}
RESULT: {"script":"<script> [776 bytes]","args":[{"enterText":"01/13/26","selector":{"id":"application-manageconditionprice-display-component---newCondition--condValidTo","interaction":{"idSuffix":"inner"}},"clearTextFirst":true,"interactionType":"ENTER_TEXT"}]}
COMMAND: POST /session/65af7eee0b689fbc32704a37c909740d/element - {"using":"xpath","value":"//input[@id=\"application-manageconditionprice-display-component---newCondition--condRU-inner\"]"}
RESULT: {"using":"xpath","value":"//input[@id=\"application-manageconditionprice-display-component---newCondition--condRU-inner\"]"}
COMMAND: POST /session/65af7eee0b689fbc32704a37c909740d/element/f.4EA148EC701C5F901E073CD471E0C43C.d.95F81D48F0726CAA4D950B0DC68DE5AE.e.13596/clear - {}
RESULT: {}
COMMAND: POST /session/65af7eee0b689fbc32704a37c909740d/element/f.4EA148EC701C5F901E073CD471E0C43C.d.95F81D48F0726CAA4D950B0DC68DE5AE.e.13596/value - {"text":"AtBAsspcQ5"}
COMMAND: GET /session/65af7eee0b689fbc32704a37c909740d/screenshot - {}
RESULT: {"text":"AtBAsspcQ5"}
COMMAND: GET /session/65af7eee0b689fbc32704a37c909740d/screenshot - {}
RESULT: {}
RESULT: {}
COMMAND: POST /session/65af7eee0b689fbc32704a37c909740d/actions - {"actions":[{"id":"action63","type":"key","parameters":{},"actions":[{"type":"keyDown","value":"î€‡"},{"type":"pause","duration":10},{"type":"keyUp","value":"î€‡"}]}]}
RESULT: {"actions":[{"id":"action63","type":"key","parameters":{},"actions":[{"type":"keyDown","value":"î€‡"},{"type":"pause","duration":10},{"type":"keyUp","value":"î€‡"}]}]}
COMMAND: POST /session/65af7eee0b689fbc32704a37c909740d/execute/async - {"script":"<script> [1562 bytes]","args":[{"selector":{"id":"application-manageconditionprice-display-component---newCondition--condBaseQty","interaction":{"idSuffix":"inner"}},"wdio_ui5_key":"applicationmanageconditionprice-display-component---newCondition--condBaseQty"}]}
COMMAND: GET /session/65af7eee0b689fbc32704a37c909740d/screenshot - {}
RESULT: {"script":"<script> [1562 bytes]","args":[{"selector":{"id":"application-manageconditionprice-display-component---newCondition--condBaseQty","interaction":{"idSuffix":"inner"}},"wdio_ui5_key":"applicationmanageconditionprice-display-component---newCondition--condBaseQty"}]}
RESULT: undefined
COMMAND: POST /session/65af7eee0b689fbc32704a37c909740d/execute/async - {"script":"<script> [776 bytes]","args":[{"enterText":"1","selector":{"id":"application-manageconditionprice-display-component---newCondition--condBaseQty","interaction":{"idSuffix":"inner"}},"clearTextFirst":true,"interactionType":"ENTER_TEXT"}]}
RESULT: {}
RESULT: {"script":"<script> [776 bytes]","args":[{"enterText":"1","selector":{"id":"application-manageconditionprice-display-component---newCondition--condBaseQty","interaction":{"idSuffix":"inner"}},"clearTextFirst":true,"interactionType":"ENTER_TEXT"}]}
COMMAND: POST /session/65af7eee0b689fbc32704a37c909740d/execute/async - {"script":"<script> [1562 bytes]","args":[{"selector":{"id":"application-manageconditionprice-display-component---newCondition--condValue","interaction":{"idSuffix":"inner"}},"wdio_ui5_key":"applicationmanageconditionprice-display-component---newCondition--condValue"}]}
RESULT: {"script":"<script> [1562 bytes]","args":[{"selector":{"id":"application-manageconditionprice-display-component---newCondition--condValue","interaction":{"idSuffix":"inner"}},"wdio_ui5_key":"applicationmanageconditionprice-display-component---newCondition--condValue"}]}
RESULT: undefined
COMMAND: POST /session/65af7eee0b689fbc32704a37c909740d/execute/async - {"script":"<script> [776 bytes]","args":[{"enterText":"100","selector":{"id":"application-manageconditionprice-display-component---newCondition--condValue","interaction":{"idSuffix":"inner"}},"clearTextFirst":true,"interactionType":"ENTER_TEXT"}]}
RESULT: {"script":"<script> [776 bytes]","args":[{"enterText":"100","selector":{"id":"application-manageconditionprice-display-component---newCondition--condValue","interaction":{"idSuffix":"inner"}},"clearTextFirst":true,"interactionType":"ENTER_TEXT"}]}
COMMAND: POST /session/65af7eee0b689fbc32704a37c909740d/execute/async - {"script":"<script> [1562 bytes]","args":[{"selector":{"id":"application-manageconditionprice-display-component---newCondition--condCurr-arrow"},"wdio_ui5_key":"applicationmanageconditionprice-display-component---newCondition--condCurr-arrow"}]}
RESULT: {"script":"<script> [1562 bytes]","args":[{"selector":{"id":"application-manageconditionprice-display-component---newCondition--condCurr-arrow"},"wdio_ui5_key":"applicationmanageconditionprice-display-component---newCondition--condCurr-arrow"}]}
RESULT: undefined
COMMAND: POST /session/65af7eee0b689fbc32704a37c909740d/element - {"using":"xpath","value":"//*[@id=\"application-manageconditionprice-display-component---newCondition--condCurr-arrow\"]"}
RESULT: {"using":"xpath","value":"//*[@id=\"application-manageconditionprice-display-component---newCondition--condCurr-arrow\"]"}
COMMAND: POST /session/65af7eee0b689fbc32704a37c909740d/element/f.4EA148EC701C5F901E073CD471E0C43C.d.95F81D48F0726CAA4D950B0DC68DE5AE.e.13696/click - {}
RESULT: {}
COMMAND: POST /session/65af7eee0b689fbc32704a37c909740d/element - {"using":"xpath","value":"//span[contains(text(), \"Euro\")]"}
COMMAND: GET /session/65af7eee0b689fbc32704a37c909740d/screenshot - {}
RESULT: {"using":"xpath","value":"//span[contains(text(), \"Euro\")]"}
COMMAND: POST /session/65af7eee0b689fbc32704a37c909740d/element/f.4EA148EC701C5F901E073CD471E0C43C.d.95F81D48F0726CAA4D950B0DC68DE5AE.e.13772/click - {}
RESULT: {}
RESULT: {}
COMMAND: POST /session/65af7eee0b689fbc32704a37c909740d/element - {"using":"xpath","value":"//button[@data-kt=\"saveButton\"]"}
COMMAND: GET /session/65af7eee0b689fbc32704a37c909740d/screenshot - {}
RESULT: {"using":"xpath","value":"//button[@data-kt=\"saveButton\"]"}
COMMAND: POST /session/65af7eee0b689fbc32704a37c909740d/element/f.4EA148EC701C5F901E073CD471E0C43C.d.95F81D48F0726CAA4D950B0DC68DE5AE.e.13697/click - {}
RESULT: {}
RESULT: {}
COMMAND: GET /session/65af7eee0b689fbc32704a37c909740d/screenshot - {}
RESULT: {}
COMMAND: POST /session/65af7eee0b689fbc32704a37c909740d/execute/async - {"script":"<script> [1562 bytes]","args":[{"selector":{"id":"application-manageconditionprice-display-component---conditions--smartFilterBar-btnBasicSearch","interaction":{"idSuffix":"I"}},"wdio_ui5_key":"applicationmanageconditionprice-display-component---conditions--smartFilterBar-btnBasicSearch"}]}
RESULT: {"script":"<script> [1562 bytes]","args":[{"selector":{"id":"application-manageconditionprice-display-component---conditions--smartFilterBar-btnBasicSearch","interaction":{"idSuffix":"I"}},"wdio_ui5_key":"applicationmanageconditionprice-display-component---conditions--smartFilterBar-btnBasicSearch"}]}
RESULT: undefined
COMMAND: POST /session/65af7eee0b689fbc32704a37c909740d/execute/async - {"script":"<script> [776 bytes]","args":[{"enterText":"AtBAsspcQ5","selector":{"id":"application-manageconditionprice-display-component---conditions--smartFilterBar-btnBasicSearch","interaction":{"idSuffix":"I"}},"clearTextFirst":true,"interactionType":"ENTER_TEXT"}]}
RESULT: {"script":"<script> [776 bytes]","args":[{"enterText":"AtBAsspcQ5","selector":{"id":"application-manageconditionprice-display-component---conditions--smartFilterBar-btnBasicSearch","interaction":{"idSuffix":"I"}},"clearTextFirst":true,"interactionType":"ENTER_TEXT"}]}
COMMAND: POST /session/65af7eee0b689fbc32704a37c909740d/actions - {"actions":[{"id":"action64","type":"key","parameters":{},"actions":[{"type":"keyDown","value":"î€‡"},{"type":"pause","duration":10},{"type":"keyUp","value":"î€‡"}]}]}
RESULT: {"actions":[{"id":"action64","type":"key","parameters":{},"actions":[{"type":"keyDown","value":"î€‡"},{"type":"pause","duration":10},{"type":"keyUp","value":"î€‡"}]}]}
COMMAND: GET /session/65af7eee0b689fbc32704a37c909740d/screenshot - {}
RESULT: {}
COMMAND: POST /session/65af7eee0b689fbc32704a37c909740d/execute/async - {"script":"<script> [1562 bytes]","args":[{"selector":{"id":"application-manageconditionprice-display-component---conditions--smartFilterBar-filterItemControl_BASIC-BILL_TYPES-vhi"},"wdio_ui5_key":"applicationmanageconditionprice-display-component---conditions--smartFilterBar-filterItemControl_BASIC-BILL_TYPES-vhi"}]}
RESULT: {"script":"<script> [1562 bytes]","args":[{"selector":{"id":"application-manageconditionprice-display-component---conditions--smartFilterBar-filterItemControl_BASIC-BILL_TYPES-vhi"},"wdio_ui5_key":"applicationmanageconditionprice-display-component---conditions--smartFilterBar-filterItemControl_BASIC-BILL_TYPES-vhi"}]}
RESULT: undefined
COMMAND: POST /session/65af7eee0b689fbc32704a37c909740d/element - {"using":"xpath","value":"//*[@id=\"application-manageconditionprice-display-component---conditions--smartFilterBar-filterItemControl_BASIC-BILL_TYPES-vhi\"]"}
RESULT: {"using":"xpath","value":"//*[@id=\"application-manageconditionprice-display-component---conditions--smartFilterBar-filterItemControl_BASIC-BILL_TYPES-vhi\"]"}
COMMAND: POST /session/65af7eee0b689fbc32704a37c909740d/element/f.4EA148EC701C5F901E073CD471E0C43C.d.95F81D48F0726CAA4D950B0DC68DE5AE.e.13878/click - {}
RESULT: {}
COMMAND: POST /session/65af7eee0b689fbc32704a37c909740d/execute/async - {"script":"<script> [1562 bytes]","args":[{"selector":{"id":"application-manageconditionprice-display-component---conditions--smartFilterBar-filterItemControl_BASIC-BILL_TYPES-valueHelpDialog-smartFilterBar-btnBasicSearch","searchOpenDialogs":true,"interaction":{"idSuffix":"I"}},"wdio_ui5_key":"applicationmanageconditionprice-display-component---conditions--smartFilterBar-filterItemControl_BASIC-BILL_TYPES-valueHelpDialog-smartFilterBar-btnBasicSearch"}]}
COMMAND: GET /session/65af7eee0b689fbc32704a37c909740d/screenshot - {}
RESULT: {"script":"<script> [1562 bytes]","args":[{"selector":{"id":"application-manageconditionprice-display-component---conditions--smartFilterBar-filterItemControl_BASIC-BILL_TYPES-valueHelpDialog-smartFilterBar-btnBasicSearch","searchOpenDialogs":true,"interaction":{"idSuffix":"I"}},"wdio_ui5_key":"applicationmanageconditionprice-display-component---conditions--smartFilterBar-filterItemControl_BASIC-BILL_TYPES-valueHelpDialog-smartFilterBar-btnBasicSearch"}]}
RESULT: undefined
COMMAND: POST /session/65af7eee0b689fbc32704a37c909740d/execute/async - {"script":"<script> [776 bytes]","args":[{"enterText":"TB","selector":{"id":"application-manageconditionprice-display-component---conditions--smartFilterBar-filterItemControl_BASIC-BILL_TYPES-valueHelpDialog-smartFilterBar-btnBasicSearch","searchOpenDialogs":true,"interaction":{"idSuffix":"I"}},"clearTextFirst":true,"interactionType":"ENTER_TEXT"}]}
RESULT: {}
RESULT: {"script":"<script> [776 bytes]","args":[{"enterText":"TB","selector":{"id":"application-manageconditionprice-display-component---conditions--smartFilterBar-filterItemControl_BASIC-BILL_TYPES-valueHelpDialog-smartFilterBar-btnBasicSearch","searchOpenDialogs":true,"interaction":{"idSuffix":"I"}},"clearTextFirst":true,"interactionType":"ENTER_TEXT"}]}
COMMAND: POST /session/65af7eee0b689fbc32704a37c909740d/actions - {"actions":[{"id":"action65","type":"key","parameters":{},"actions":[{"type":"keyDown","value":"î€‡"},{"type":"pause","duration":10},{"type":"keyUp","value":"î€‡"}]}]}
RESULT: {"actions":[{"id":"action65","type":"key","parameters":{},"actions":[{"type":"keyDown","value":"î€‡"},{"type":"pause","duration":10},{"type":"keyUp","value":"î€‡"}]}]}
COMMAND: GET /session/65af7eee0b689fbc32704a37c909740d/screenshot - {}
RESULT: {}
COMMAND: POST /session/65af7eee0b689fbc32704a37c909740d/element - {"using":"xpath","value":"//div[contains(@id, 'application-manageconditionprice-display-component---conditions--smartFilterBar-filterItemControl_BASIC-BILL_TYPES-valueHelpDialog-table-rowsel0')]"}
RESULT: {"using":"xpath","value":"//div[contains(@id, 'application-manageconditionprice-display-component---conditions--smartFilterBar-filterItemControl_BASIC-BILL_TYPES-valueHelpDialog-table-rowsel0')]"}
COMMAND: POST /session/65af7eee0b689fbc32704a37c909740d/element/f.4EA148EC701C5F901E073CD471E0C43C.d.95F81D48F0726CAA4D950B0DC68DE5AE.e.13889/click - {}
RESULT: {}
COMMAND: GET /session/65af7eee0b689fbc32704a37c909740d/screenshot - {}
RESULT: {}
COMMAND: POST /session/65af7eee0b689fbc32704a37c909740d/element - {"using":"xpath","value":"//bdi[contains(text(), \"OK\")]"}
RESULT: {"using":"xpath","value":"//bdi[contains(text(), \"OK\")]"}
COMMAND: POST /session/65af7eee0b689fbc32704a37c909740d/element/f.4EA148EC701C5F901E073CD471E0C43C.d.95F81D48F0726CAA4D950B0DC68DE5AE.e.13891/click - {}
RESULT: {}
COMMAND: GET /session/65af7eee0b689fbc32704a37c909740d/screenshot - {}
RESULT: {}
COMMAND: POST /session/65af7eee0b689fbc32704a37c909740d/element - {"using":"xpath","value":"//span[@id=\"application-manageconditionprice-display-component---conditions--smartTable-header-inner\"]"}
RESULT: {"using":"xpath","value":"//span[@id=\"application-manageconditionprice-display-component---conditions--smartTable-header-inner\"]"}
COMMAND: POST /session/65af7eee0b689fbc32704a37c909740d/elements - {"using":"xpath","value":"//span[@id=\"application-manageconditionprice-display-component---conditions--smartTable-header-inner\"]"}
RESULT: {"using":"xpath","value":"//span[@id=\"application-manageconditionprice-display-component---conditions--smartTable-header-inner\"]"}
COMMAND: POST /session/65af7eee0b689fbc32704a37c909740d/execute/sync - {"script":"<script> [56 bytes]","args":[{"element-6066-11e4-a52e-4f735466cecf":"f.4EA148EC701C5F901E073CD471E0C43C.d.95F81D48F0726CAA4D950B0DC68DE5AE.e.13894","ELEMENT":"f.4EA148EC701C5F901E073CD471E0C43C.d.95F81D48F0726CAA4D950B0DC68DE5AE.e.13894"}]}
RESULT: {"script":"<script> [56 bytes]","args":[{"element-6066-11e4-a52e-4f735466cecf":"f.4EA148EC701C5F901E073CD471E0C43C.d.95F81D48F0726CAA4D950B0DC68DE5AE.e.13894","ELEMENT":"f.4EA148EC701C5F901E073CD471E0C43C.d.95F81D48F0726CAA4D950B0DC68DE5AE.e.13894"}]}
COMMAND: POST /session/65af7eee0b689fbc32704a37c909740d/element - {"using":"css selector","value":"#shell-header-logo"}
COMMAND: GET /session/65af7eee0b689fbc32704a37c909740d/screenshot - {}
RESULT: {"using":"css selector","value":"#shell-header-logo"}
COMMAND: POST /session/65af7eee0b689fbc32704a37c909740d/element/f.4EA148EC701C5F901E073CD471E0C43C.d.95F81D48F0726CAA4D950B0DC68DE5AE.e.13519/click - {}
RESULT: {}
RESULT: {}
COMMAND: GET /session/65af7eee0b689fbc32704a37c909740d/screenshot - {}
RESULT: {}
]]></system-out>
    </testcase>
  </testsuite>
</testsuites>