<?xml version="1.0" encoding="UTF-8"?>
<testsuites tests="23" failures="0" errors="0" skipped="0">
  <testsuite timestamp="2025-05-17T17:48:11" time="1057.016" tests="6" failures="0" errors="0" skipped="0">
    <properties>
      <property name="specId" value="0" />
      <property name="suiteName" value="Standard contract - add contract items by Insert Request US118222" />
      <property name="capabilities" value="chrome.136_0_7103_93.windows" />
      <property name="file" value="file:///D:/a/1/s/test/specs/R2C/standard-contract-add-contract-items-by-insert-request.spec.js" />
    </properties>
    <testcase classname="chrome.136_0_7103_93.windows.Standard_contract_-_add_contract_items_by_Insert_Request_US118222" name="Should create prerequisites yard partner site material and equipment" time="298.743">
      <system-out><![CDATA[
COMMAND: POST /session/d06e4a31898e4cf5ae1f0dc562bb1a4d/execute/async - {"script":"<script> [1562 bytes]","args":[{"selector":{"controlType":"sap.m.GenericTile","properties":{"header":"Manage Yards"}},"wdio_ui5_key":"sapm.GenericTile{\"header\":\"Manage Yards\"}"}]}
RESULT: {"script":"<script> [1562 bytes]","args":[{"selector":{"controlType":"sap.m.GenericTile","properties":{"header":"Manage Yards"}},"wdio_ui5_key":"sapm.GenericTile{\"header\":\"Manage Yards\"}"}]}
RESULT: undefined
COMMAND: POST /session/d06e4a31898e4cf5ae1f0dc562bb1a4d/element - {"using":"xpath","value":"//*[@id=\"__tile41\"]"}
RESULT: {"using":"xpath","value":"//*[@id=\"__tile41\"]"}
COMMAND: POST /session/d06e4a31898e4cf5ae1f0dc562bb1a4d/element/f.FF7867651CD8E469CE707B8552024CE8.d.586E7A8F0C3BBD072B9DF9A237ACEF62.e.129/click - {}
RESULT: {}
COMMAND: GET /session/d06e4a31898e4cf5ae1f0dc562bb1a4d/screenshot - {}
RESULT: {}
COMMAND: POST /session/d06e4a31898e4cf5ae1f0dc562bb1a4d/elements - {"using":"xpath","value":"//span[text()='Error']"}
RESULT: {"using":"xpath","value":"//span[text()='Error']"}
COMMAND: POST /session/d06e4a31898e4cf5ae1f0dc562bb1a4d/execute/async - {"script":"<script> [1562 bytes]","args":[{"selector":{"controlType":"sap.ui.core.Icon","viewName":"etm.portal.ui.manageyards.view.Master","viewId":"application-manageyards-display-component---masterYard","properties":{"src":{"regex":{"source":"add"}}}},"wdio_ui5_key":"etmportal.ui.manageyards.view.Mastersap.ui.core.Icon{\"src\":{\"regex\":{\"source\":\"add\"}}}"}]}
RESULT: {"script":"<script> [1562 bytes]","args":[{"selector":{"controlType":"sap.ui.core.Icon","viewName":"etm.portal.ui.manageyards.view.Master","viewId":"application-manageyards-display-component---masterYard","properties":{"src":{"regex":{"source":"add"}}}},"wdio_ui5_key":"etmportal.ui.manageyards.view.Mastersap.ui.core.Icon{\"src\":{\"regex\":{\"source\":\"add\"}}}"}]}
RESULT: undefined
COMMAND: POST /session/d06e4a31898e4cf5ae1f0dc562bb1a4d/element - {"using":"xpath","value":"//*[@id=\"__button4-img\"]"}
RESULT: {"using":"xpath","value":"//*[@id=\"__button4-img\"]"}
COMMAND: POST /session/d06e4a31898e4cf5ae1f0dc562bb1a4d/element/f.FF7867651CD8E469CE707B8552024CE8.d.586E7A8F0C3BBD072B9DF9A237ACEF62.e.175/click - {}
RESULT: {}
COMMAND: GET /session/d06e4a31898e4cf5ae1f0dc562bb1a4d/screenshot - {}
RESULT: {}
COMMAND: POST /session/d06e4a31898e4cf5ae1f0dc562bb1a4d/execute/async - {"script":"<script> [1562 bytes]","args":[{"selector":{"id":"application-manageyards-display-component---NewYard--yardId","interaction":{"idSuffix":"inner"}},"wdio_ui5_key":"applicationmanageyards-display-component---NewYard--yardId"}]}
RESULT: {"script":"<script> [1562 bytes]","args":[{"selector":{"id":"application-manageyards-display-component---NewYard--yardId","interaction":{"idSuffix":"inner"}},"wdio_ui5_key":"applicationmanageyards-display-component---NewYard--yardId"}]}
RESULT: undefined
COMMAND: POST /session/d06e4a31898e4cf5ae1f0dc562bb1a4d/element - {"using":"xpath","value":"//*[@id=\"application-manageyards-display-component---NewYard--addressDetailDetailsName1-inner\"]"}
RESULT: {"using":"xpath","value":"//*[@id=\"application-manageyards-display-component---NewYard--addressDetailDetailsName1-inner\"]"}
COMMAND: POST /session/d06e4a31898e4cf5ae1f0dc562bb1a4d/element/f.FF7867651CD8E469CE707B8552024CE8.d.586E7A8F0C3BBD072B9DF9A237ACEF62.e.341/clear - {}
RESULT: {}
COMMAND: POST /session/d06e4a31898e4cf5ae1f0dc562bb1a4d/element/f.FF7867651CD8E469CE707B8552024CE8.d.586E7A8F0C3BBD072B9DF9A237ACEF62.e.341/value - {"text":"WebdriverYardgx1k1"}
COMMAND: GET /session/d06e4a31898e4cf5ae1f0dc562bb1a4d/screenshot - {}
RESULT: {"text":"WebdriverYardgx1k1"}
COMMAND: POST /session/d06e4a31898e4cf5ae1f0dc562bb1a4d/element - {"using":"xpath","value":"//*[@id=\"application-manageyards-display-component---NewYard--addressDetailDetailsLanguage-inner\"]"}
COMMAND: GET /session/d06e4a31898e4cf5ae1f0dc562bb1a4d/screenshot - {}
RESULT: {}
RESULT: {"using":"xpath","value":"//*[@id=\"application-manageyards-display-component---NewYard--addressDetailDetailsLanguage-inner\"]"}
COMMAND: POST /session/d06e4a31898e4cf5ae1f0dc562bb1a4d/element/f.FF7867651CD8E469CE707B8552024CE8.d.586E7A8F0C3BBD072B9DF9A237ACEF62.e.342/clear - {}
RESULT: {}
RESULT: {}
COMMAND: POST /session/d06e4a31898e4cf5ae1f0dc562bb1a4d/element/f.FF7867651CD8E469CE707B8552024CE8.d.586E7A8F0C3BBD072B9DF9A237ACEF62.e.342/value - {"text":"Romanian"}
COMMAND: GET /session/d06e4a31898e4cf5ae1f0dc562bb1a4d/screenshot - {}
RESULT: {"text":"Romanian"}
COMMAND: POST /session/d06e4a31898e4cf5ae1f0dc562bb1a4d/element - {"using":"xpath","value":"//input[contains(@id ,\"application-manageyards-display-component---NewYard--addressDetailDetailsName1-inner\")]"}
COMMAND: GET /session/d06e4a31898e4cf5ae1f0dc562bb1a4d/screenshot - {}
RESULT: {}
RESULT: {"using":"xpath","value":"//input[contains(@id ,\"application-manageyards-display-component---NewYard--addressDetailDetailsName1-inner\")]"}
COMMAND: GET /session/d06e4a31898e4cf5ae1f0dc562bb1a4d/element/f.FF7867651CD8E469CE707B8552024CE8.d.586E7A8F0C3BBD072B9DF9A237ACEF62.e.341/property/value - {}
RESULT: {}
RESULT: {}
COMMAND: GET /session/d06e4a31898e4cf5ae1f0dc562bb1a4d/screenshot - {}
RESULT: {}
COMMAND: POST /session/d06e4a31898e4cf5ae1f0dc562bb1a4d/element - {"using":"xpath","value":"//*[@id=\"application-manageyards-display-component---NewYard--addressDetailDetailsCity1-inner\"]"}
RESULT: {"using":"xpath","value":"//*[@id=\"application-manageyards-display-component---NewYard--addressDetailDetailsCity1-inner\"]"}
COMMAND: POST /session/d06e4a31898e4cf5ae1f0dc562bb1a4d/element/f.FF7867651CD8E469CE707B8552024CE8.d.586E7A8F0C3BBD072B9DF9A237ACEF62.e.344/clear - {}
RESULT: {}
COMMAND: POST /session/d06e4a31898e4cf5ae1f0dc562bb1a4d/element/f.FF7867651CD8E469CE707B8552024CE8.d.586E7A8F0C3BBD072B9DF9A237ACEF62.e.344/value - {"text":"Bucuresti"}
COMMAND: GET /session/d06e4a31898e4cf5ae1f0dc562bb1a4d/screenshot - {}
RESULT: {"text":"Bucuresti"}
COMMAND: GET /session/d06e4a31898e4cf5ae1f0dc562bb1a4d/screenshot - {}
RESULT: {}
RESULT: {}
COMMAND: POST /session/d06e4a31898e4cf5ae1f0dc562bb1a4d/element - {"using":"xpath","value":"//*[@id=\"application-manageyards-display-component---NewYard--addressDetailDetailsCountry-inner\"]"}
RESULT: {"using":"xpath","value":"//*[@id=\"application-manageyards-display-component---NewYard--addressDetailDetailsCountry-inner\"]"}
COMMAND: POST /session/d06e4a31898e4cf5ae1f0dc562bb1a4d/element/f.FF7867651CD8E469CE707B8552024CE8.d.586E7A8F0C3BBD072B9DF9A237ACEF62.e.348/clear - {}
RESULT: {}
COMMAND: POST /session/d06e4a31898e4cf5ae1f0dc562bb1a4d/element/f.FF7867651CD8E469CE707B8552024CE8.d.586E7A8F0C3BBD072B9DF9A237ACEF62.e.348/value - {"text":"Romania"}
COMMAND: GET /session/d06e4a31898e4cf5ae1f0dc562bb1a4d/screenshot - {}
RESULT: {"text":"Romania"}
COMMAND: GET /session/d06e4a31898e4cf5ae1f0dc562bb1a4d/screenshot - {}
RESULT: {}
RESULT: {}
COMMAND: POST /session/d06e4a31898e4cf5ae1f0dc562bb1a4d/element - {"using":"xpath","value":"//div[contains(text(), \"Commercial\")]"}
RESULT: {"using":"xpath","value":"//div[contains(text(), \"Commercial\")]"}
COMMAND: GET /session/d06e4a31898e4cf5ae1f0dc562bb1a4d/element/f.FF7867651CD8E469CE707B8552024CE8.d.586E7A8F0C3BBD072B9DF9A237ACEF62.e.586/rect - {}
RESULT: {}
COMMAND: GET /session/d06e4a31898e4cf5ae1f0dc562bb1a4d/window/rect - {}
RESULT: {}
COMMAND: POST /session/d06e4a31898e4cf5ae1f0dc562bb1a4d/execute/sync - {"script":"<script> [92 bytes]","args":[]}
RESULT: {"script":"<script> [92 bytes]","args":[]}
COMMAND: POST /session/d06e4a31898e4cf5ae1f0dc562bb1a4d/actions - {"actions":[{"id":"action1","type":"wheel","parameters":{},"actions":[{"type":"scroll","x":-1841,"y":-44,"deltaX":0,"deltaY":0,"duration":0,"origin":{"element-6066-11e4-a52e-4f735466cecf":"f.FF7867651CD8E469CE707B8552024CE8.d.586E7A8F0C3BBD072B9DF9A237ACEF62.e.586"}}]}]}
COMMAND: GET /session/d06e4a31898e4cf5ae1f0dc562bb1a4d/screenshot - {}
RESULT: {}
COMMAND: POST /session/d06e4a31898e4cf5ae1f0dc562bb1a4d/execute/sync - {"script":"<script> [79 bytes]","args":[{"element-6066-11e4-a52e-4f735466cecf":"f.FF7867651CD8E469CE707B8552024CE8.d.586E7A8F0C3BBD072B9DF9A237ACEF62.e.586","ELEMENT":"f.FF7867651CD8E469CE707B8552024CE8.d.586E7A8F0C3BBD072B9DF9A237ACEF62.e.586"},{"block":"start","inline":"nearest"}]}
RESULT: {"script":"<script> [79 bytes]","args":[{"element-6066-11e4-a52e-4f735466cecf":"f.FF7867651CD8E469CE707B8552024CE8.d.586E7A8F0C3BBD072B9DF9A237ACEF62.e.586","ELEMENT":"f.FF7867651CD8E469CE707B8552024CE8.d.586E7A8F0C3BBD072B9DF9A237ACEF62.e.586"},{"block":"start","inline":"nearest"}]}
COMMAND: GET /session/d06e4a31898e4cf5ae1f0dc562bb1a4d/screenshot - {}
RESULT: {}
COMMAND: POST /session/d06e4a31898e4cf5ae1f0dc562bb1a4d/execute/async - {"script":"<script> [1562 bytes]","args":[{"selector":{"id":"application-manageyards-display-component---NewYard--addressEditDetailsCostObjectCstType-arrow"},"wdio_ui5_key":"applicationmanageyards-display-component---NewYard--addressEditDetailsCostObjectCstType-arrow"}]}
RESULT: {"script":"<script> [1562 bytes]","args":[{"selector":{"id":"application-manageyards-display-component---NewYard--addressEditDetailsCostObjectCstType-arrow"},"wdio_ui5_key":"applicationmanageyards-display-component---NewYard--addressEditDetailsCostObjectCstType-arrow"}]}
RESULT: undefined
COMMAND: POST /session/d06e4a31898e4cf5ae1f0dc562bb1a4d/element - {"using":"xpath","value":"//*[@id=\"application-manageyards-display-component---NewYard--addressEditDetailsCostObjectCstType-arrow\"]"}
RESULT: {"using":"xpath","value":"//*[@id=\"application-manageyards-display-component---NewYard--addressEditDetailsCostObjectCstType-arrow\"]"}
COMMAND: POST /session/d06e4a31898e4cf5ae1f0dc562bb1a4d/element/f.FF7867651CD8E469CE707B8552024CE8.d.586E7A8F0C3BBD072B9DF9A237ACEF62.e.594/click - {}
RESULT: {}
COMMAND: POST /session/d06e4a31898e4cf5ae1f0dc562bb1a4d/element - {"using":"xpath","value":"//span[contains(text(), \"Cost Center\")]"}
COMMAND: GET /session/d06e4a31898e4cf5ae1f0dc562bb1a4d/screenshot - {}
RESULT: {"using":"xpath","value":"//span[contains(text(), \"Cost Center\")]"}
COMMAND: POST /session/d06e4a31898e4cf5ae1f0dc562bb1a4d/element/f.FF7867651CD8E469CE707B8552024CE8.d.586E7A8F0C3BBD072B9DF9A237ACEF62.e.595/click - {}
RESULT: {}
RESULT: {}
COMMAND: GET /session/d06e4a31898e4cf5ae1f0dc562bb1a4d/screenshot - {}
RESULT: {}
COMMAND: POST /session/d06e4a31898e4cf5ae1f0dc562bb1a4d/execute/async - {"script":"<script> [1562 bytes]","args":[{"selector":{"id":"application-manageyards-display-component---NewYard--addressNewCostObjectCstID-vhi"},"wdio_ui5_key":"applicationmanageyards-display-component---NewYard--addressNewCostObjectCstID-vhi"}]}
RESULT: {"script":"<script> [1562 bytes]","args":[{"selector":{"id":"application-manageyards-display-component---NewYard--addressNewCostObjectCstID-vhi"},"wdio_ui5_key":"applicationmanageyards-display-component---NewYard--addressNewCostObjectCstID-vhi"}]}
RESULT: undefined
COMMAND: POST /session/d06e4a31898e4cf5ae1f0dc562bb1a4d/element - {"using":"xpath","value":"//*[@id=\"application-manageyards-display-component---NewYard--addressNewCostObjectCstID-vhi\"]"}
RESULT: {"using":"xpath","value":"//*[@id=\"application-manageyards-display-component---NewYard--addressNewCostObjectCstID-vhi\"]"}
COMMAND: POST /session/d06e4a31898e4cf5ae1f0dc562bb1a4d/element/f.FF7867651CD8E469CE707B8552024CE8.d.586E7A8F0C3BBD072B9DF9A237ACEF62.e.599/click - {}
RESULT: {}
COMMAND: GET /session/d06e4a31898e4cf5ae1f0dc562bb1a4d/screenshot - {}
RESULT: {}
COMMAND: POST /session/d06e4a31898e4cf5ae1f0dc562bb1a4d/execute/async - {"script":"<script> [1562 bytes]","args":[{"selector":{"controlType":"sap.m.SearchField","properties":{"placeholder":"Search"},"searchOpenDialogs":true,"interaction":{"idSuffix":"I"}},"wdio_ui5_key":"sapm.SearchField{\"placeholder\":\"Search\"}"}]}
RESULT: {"script":"<script> [1562 bytes]","args":[{"selector":{"controlType":"sap.m.SearchField","properties":{"placeholder":"Search"},"searchOpenDialogs":true,"interaction":{"idSuffix":"I"}},"wdio_ui5_key":"sapm.SearchField{\"placeholder\":\"Search\"}"}]}
RESULT: undefined
COMMAND: POST /session/d06e4a31898e4cf5ae1f0dc562bb1a4d/execute/async - {"script":"<script> [776 bytes]","args":[{"enterText":"10001013","selector":{"controlType":"sap.m.SearchField","properties":{"placeholder":"Search"},"searchOpenDialogs":true,"interaction":{"idSuffix":"I"}},"clearTextFirst":true,"interactionType":"ENTER_TEXT"}]}
RESULT: {"script":"<script> [776 bytes]","args":[{"enterText":"10001013","selector":{"controlType":"sap.m.SearchField","properties":{"placeholder":"Search"},"searchOpenDialogs":true,"interaction":{"idSuffix":"I"}},"clearTextFirst":true,"interactionType":"ENTER_TEXT"}]}
COMMAND: POST /session/d06e4a31898e4cf5ae1f0dc562bb1a4d/actions - {"actions":[{"id":"action2","type":"key","parameters":{},"actions":[{"type":"keyDown","value":"î€‡"},{"type":"pause","duration":10},{"type":"keyUp","value":"î€‡"}]}]}
RESULT: {"actions":[{"id":"action2","type":"key","parameters":{},"actions":[{"type":"keyDown","value":"î€‡"},{"type":"pause","duration":10},{"type":"keyUp","value":"î€‡"}]}]}
COMMAND: GET /session/d06e4a31898e4cf5ae1f0dc562bb1a4d/screenshot - {}
RESULT: {}
COMMAND: POST /session/d06e4a31898e4cf5ae1f0dc562bb1a4d/element - {"using":"xpath","value":"//span[contains(text(), \"General Management\")]"}
RESULT: {"using":"xpath","value":"//span[contains(text(), \"General Management\")]"}
COMMAND: POST /session/d06e4a31898e4cf5ae1f0dc562bb1a4d/element/f.FF7867651CD8E469CE707B8552024CE8.d.586E7A8F0C3BBD072B9DF9A237ACEF62.e.639/click - {}
RESULT: {}
COMMAND: GET /session/d06e4a31898e4cf5ae1f0dc562bb1a4d/screenshot - {}
RESULT: {}
COMMAND: POST /session/d06e4a31898e4cf5ae1f0dc562bb1a4d/element - {"using":"xpath","value":"//bdi[contains(text(), \"OK\")]"}
RESULT: {"using":"xpath","value":"//bdi[contains(text(), \"OK\")]"}
COMMAND: POST /session/d06e4a31898e4cf5ae1f0dc562bb1a4d/element/f.FF7867651CD8E469CE707B8552024CE8.d.586E7A8F0C3BBD072B9DF9A237ACEF62.e.640/click - {}
RESULT: {}
COMMAND: GET /session/d06e4a31898e4cf5ae1f0dc562bb1a4d/screenshot - {}
RESULT: {}
COMMAND: POST /session/d06e4a31898e4cf5ae1f0dc562bb1a4d/execute/async - {"script":"<script> [1562 bytes]","args":[{"selector":{"controlType":"sap.m.Button","viewName":"etm.portal.ui.manageyards.view.New","viewId":"application-manageyards-display-component---NewYard","i18NText":{"propertyName":"text","key":"save"},"interaction":{"idSuffix":"inner"}},"wdio_ui5_key":"etmportal.ui.manageyards.view.Newsap.m.Button{\"propertyName\":\"text\",\"key\":\"save\"}"}]}
RESULT: {"script":"<script> [1562 bytes]","args":[{"selector":{"controlType":"sap.m.Button","viewName":"etm.portal.ui.manageyards.view.New","viewId":"application-manageyards-display-component---NewYard","i18NText":{"propertyName":"text","key":"save"},"interaction":{"idSuffix":"inner"}},"wdio_ui5_key":"etmportal.ui.manageyards.view.Newsap.m.Button{\"propertyName\":\"text\",\"key\":\"save\"}"}]}
RESULT: undefined
COMMAND: POST /session/d06e4a31898e4cf5ae1f0dc562bb1a4d/element - {"using":"xpath","value":"//*[@id=\"__button18\"]"}
RESULT: {"using":"xpath","value":"//*[@id=\"__button18\"]"}
COMMAND: POST /session/d06e4a31898e4cf5ae1f0dc562bb1a4d/element/f.FF7867651CD8E469CE707B8552024CE8.d.586E7A8F0C3BBD072B9DF9A237ACEF62.e.543/click - {}
RESULT: {}
COMMAND: GET /session/d06e4a31898e4cf5ae1f0dc562bb1a4d/screenshot - {}
RESULT: {}
COMMAND: POST /session/d06e4a31898e4cf5ae1f0dc562bb1a4d/element - {"using":"xpath","value":"//header/div/div[2]/div[2]/span"}
RESULT: {"using":"xpath","value":"//header/div/div[2]/div[2]/span"}
COMMAND: GET /session/d06e4a31898e4cf5ae1f0dc562bb1a4d/element/f.FF7867651CD8E469CE707B8552024CE8.d.586E7A8F0C3BBD072B9DF9A237ACEF62.e.841/text - {}
RESULT: {}
COMMAND: POST /session/d06e4a31898e4cf5ae1f0dc562bb1a4d/execute/async - {"script":"<script> [1562 bytes]","args":[{"selector":{"controlType":"sap.m.OverflowToolbarButton","viewName":"etm.portal.ui.manageyards.view.Detail","viewId":"application-manageyards-display-component---detailYard","i18NText":{"propertyName":"tooltip","key":"closeColumn"},"interaction":{"idSuffix":"inner"}},"wdio_ui5_key":"etmportal.ui.manageyards.view.Detailsap.m.OverflowToolbarButton{\"propertyName\":\"tooltip\",\"key\":\"closeColumn\"}"}]}
RESULT: {"script":"<script> [1562 bytes]","args":[{"selector":{"controlType":"sap.m.OverflowToolbarButton","viewName":"etm.portal.ui.manageyards.view.Detail","viewId":"application-manageyards-display-component---detailYard","i18NText":{"propertyName":"tooltip","key":"closeColumn"},"interaction":{"idSuffix":"inner"}},"wdio_ui5_key":"etmportal.ui.manageyards.view.Detailsap.m.OverflowToolbarButton{\"propertyName\":\"tooltip\",\"key\":\"closeColumn\"}"}]}
RESULT: undefined
COMMAND: POST /session/d06e4a31898e4cf5ae1f0dc562bb1a4d/element - {"using":"xpath","value":"//*[@id=\"__button40\"]"}
RESULT: {"using":"xpath","value":"//*[@id=\"__button40\"]"}
COMMAND: POST /session/d06e4a31898e4cf5ae1f0dc562bb1a4d/element/f.FF7867651CD8E469CE707B8552024CE8.d.586E7A8F0C3BBD072B9DF9A237ACEF62.e.843/click - {}
RESULT: {}
COMMAND: GET /session/d06e4a31898e4cf5ae1f0dc562bb1a4d/screenshot - {}
RESULT: {}
COMMAND: POST /session/d06e4a31898e4cf5ae1f0dc562bb1a4d/element - {"using":"css selector","value":"#shell-header-logo"}
RESULT: {"using":"css selector","value":"#shell-header-logo"}
COMMAND: POST /session/d06e4a31898e4cf5ae1f0dc562bb1a4d/element/f.FF7867651CD8E469CE707B8552024CE8.d.586E7A8F0C3BBD072B9DF9A237ACEF62.e.131/click - {}
RESULT: {}
COMMAND: GET /session/d06e4a31898e4cf5ae1f0dc562bb1a4d/screenshot - {}
RESULT: {}
COMMAND: POST /session/d06e4a31898e4cf5ae1f0dc562bb1a4d/refresh - {}
RESULT: {}
COMMAND: GET /session/d06e4a31898e4cf5ae1f0dc562bb1a4d/screenshot - {}
RESULT: {}
COMMAND: POST /session/d06e4a31898e4cf5ae1f0dc562bb1a4d/execute/async - {"script":"<script> [189 bytes]","args":[]}
RESULT: {"script":"<script> [189 bytes]","args":[]}
COMMAND: POST /session/d06e4a31898e4cf5ae1f0dc562bb1a4d/execute/async - {"script":"<script> [123 bytes]","args":[]}
RESULT: {"script":"<script> [123 bytes]","args":[]}
COMMAND: POST /session/d06e4a31898e4cf5ae1f0dc562bb1a4d/timeouts - {"script":"<number>"}
RESULT: {"script":"<number>"}
COMMAND: GET /session/d06e4a31898e4cf5ae1f0dc562bb1a4d/timeouts - {}
RESULT: {}
RESULT: undefined
COMMAND: POST /session/d06e4a31898e4cf5ae1f0dc562bb1a4d/execute/async - {"script":"<script> [2676 bytes]","args":[]}
RESULT: {"script":"<script> [2676 bytes]","args":[]}
COMMAND: POST /session/d06e4a31898e4cf5ae1f0dc562bb1a4d/execute/async - {"script":"<script> [2342 bytes]","args":[{"protocol":"http","hostname":"0.0.0.0","path":"/","capabilities":{"browserName":"chrome","goog:chromeOptions":{"binary":"C:\\Program Files\\Google\\Chrome\\Application\\chrome.exe","args":["--start-maximized"]}},"logLevel":"warn","connectionRetryTimeout":120000,"connectionRetryCount":3,"logLevels":{},"enableDirectConnect":true,"strictSSL":true,"_":"65 more keys: [\"cacheDir\",\"port\",\"requestedCapabilities\",\"automationProtocol\",\"baseUrl\",\"waitforInterval\",\"waitforTimeout\",\"onReload\",\"beforeCommand\",\"afterCommand\",\"rootDir\",\"specs\",\"suites\",\"exclude\",\"groupLogsByTestSpec\",\"excludeDriverLogs\",\"bail\",\"framework\",\"reporters\",\"services\",\"maxInstances\",\"maxInstancesPerCapability\",\"injectGlobals\",\"filesToWatch\",\"execArgv\",\"runnerEnv\",\"runner\",\"shard\",\"specFileRetries\",\"specFileRetriesDelay\",\"specFileRetriesDeferred\",\"reporterSyncInterval\",\"reporterSyncTimeout\",\"cucumberFeaturesWithLineNumbers\",\"autoCompileOpts\",\"mochaOpts\",\"jasmineOpts\",\"cucumberOpts\",\"onPrepare\",\"onWorkerStart\",\"onWorkerEnd\",\"before\",\"beforeSession\",\"beforeSuite\",\"beforeHook\",\"beforeTest\",\"afterTest\",\"afterHook\",\"afterSuite\",\"afterSession\",\"after\",\"onComplete\",\"beforeAssertion\",\"afterAssertion\",\"beforeFeature\",\"beforeScenario\",\"beforeStep\",\"afterStep\",\"afterScenario\",\"afterFeature\",\"_\",\"suite\",\"$0\",\"ignoredWorkerServices\",\"wdi5\"]"}]}
RESULT: {"script":"<script> [2342 bytes]","args":[{"protocol":"http","hostname":"0.0.0.0","path":"/","capabilities":{"browserName":"chrome","goog:chromeOptions":{"binary":"C:\\Program Files\\Google\\Chrome\\Application\\chrome.exe","args":["--start-maximized"]}},"logLevel":"warn","connectionRetryTimeout":120000,"connectionRetryCount":3,"logLevels":{},"enableDirectConnect":true,"strictSSL":true,"_":"65 more keys: [\"cacheDir\",\"port\",\"requestedCapabilities\",\"automationProtocol\",\"baseUrl\",\"waitforInterval\",\"waitforTimeout\",\"onReload\",\"beforeCommand\",\"afterCommand\",\"rootDir\",\"specs\",\"suites\",\"exclude\",\"groupLogsByTestSpec\",\"excludeDriverLogs\",\"bail\",\"framework\",\"reporters\",\"services\",\"maxInstances\",\"maxInstancesPerCapability\",\"injectGlobals\",\"filesToWatch\",\"execArgv\",\"runnerEnv\",\"runner\",\"shard\",\"specFileRetries\",\"specFileRetriesDelay\",\"specFileRetriesDeferred\",\"reporterSyncInterval\",\"reporterSyncTimeout\",\"cucumberFeaturesWithLineNumbers\",\"autoCompileOpts\",\"mochaOpts\",\"jasmineOpts\",\"cucumberOpts\",\"onPrepare\",\"onWorkerStart\",\"onWorkerEnd\",\"before\",\"beforeSession\",\"beforeSuite\",\"beforeHook\",\"beforeTest\",\"afterTest\",\"afterHook\",\"afterSuite\",\"afterSession\",\"after\",\"onComplete\",\"beforeAssertion\",\"afterAssertion\",\"beforeFeature\",\"beforeScenario\",\"beforeStep\",\"afterStep\",\"afterScenario\",\"afterFeature\",\"_\",\"suite\",\"$0\",\"ignoredWorkerServices\",\"wdi5\"]"}]}
COMMAND: POST /session/d06e4a31898e4cf5ae1f0dc562bb1a4d/execute/async - {"script":"<script> [21126 bytes]","args":[35000]}
RESULT: {"script":"<script> [21126 bytes]","args":[35000]}
COMMAND: POST /session/d06e4a31898e4cf5ae1f0dc562bb1a4d/execute/async - {"script":"<script> [1562 bytes]","args":[{"selector":{"controlType":"sap.m.GenericTile","properties":{"header":"Manage Partners"}},"wdio_ui5_key":"sapm.GenericTile{\"header\":\"Manage Partners\"}"}]}
RESULT: {"script":"<script> [1562 bytes]","args":[{"selector":{"controlType":"sap.m.GenericTile","properties":{"header":"Manage Partners"}},"wdio_ui5_key":"sapm.GenericTile{\"header\":\"Manage Partners\"}"}]}
RESULT: undefined
COMMAND: POST /session/d06e4a31898e4cf5ae1f0dc562bb1a4d/element - {"using":"xpath","value":"//*[@id=\"__tile38\"]"}
RESULT: {"using":"xpath","value":"//*[@id=\"__tile38\"]"}
COMMAND: POST /session/d06e4a31898e4cf5ae1f0dc562bb1a4d/element/f.FF7867651CD8E469CE707B8552024CE8.d.A08818D766A386AA43762AC3159BBFC5.e.1198/click - {}
RESULT: {}
COMMAND: GET /session/d06e4a31898e4cf5ae1f0dc562bb1a4d/screenshot - {}
RESULT: {}
COMMAND: POST /session/d06e4a31898e4cf5ae1f0dc562bb1a4d/elements - {"using":"xpath","value":"//span[text()='Error']"}
RESULT: {"using":"xpath","value":"//span[text()='Error']"}
COMMAND: POST /session/d06e4a31898e4cf5ae1f0dc562bb1a4d/execute/async - {"script":"<script> [1562 bytes]","args":[{"selector":{"controlType":"sap.ui.core.Icon","viewName":"etm.portal.ui.managepartners.view.Master","viewId":"application-managepartners-display-component---masterPtm","properties":{"src":{"regex":{"source":"add"}}}},"wdio_ui5_key":"etmportal.ui.managepartners.view.Mastersap.ui.core.Icon{\"src\":{\"regex\":{\"source\":\"add\"}}}"}]}
RESULT: {"script":"<script> [1562 bytes]","args":[{"selector":{"controlType":"sap.ui.core.Icon","viewName":"etm.portal.ui.managepartners.view.Master","viewId":"application-managepartners-display-component---masterPtm","properties":{"src":{"regex":{"source":"add"}}}},"wdio_ui5_key":"etmportal.ui.managepartners.view.Mastersap.ui.core.Icon{\"src\":{\"regex\":{\"source\":\"add\"}}}"}]}
RESULT: undefined
COMMAND: POST /session/d06e4a31898e4cf5ae1f0dc562bb1a4d/element - {"using":"xpath","value":"//*[@id=\"__button4-img\"]"}
RESULT: {"using":"xpath","value":"//*[@id=\"__button4-img\"]"}
COMMAND: POST /session/d06e4a31898e4cf5ae1f0dc562bb1a4d/element/f.FF7867651CD8E469CE707B8552024CE8.d.A08818D766A386AA43762AC3159BBFC5.e.1249/click - {}
RESULT: {}
COMMAND: GET /session/d06e4a31898e4cf5ae1f0dc562bb1a4d/screenshot - {}
RESULT: {}
COMMAND: POST /session/d06e4a31898e4cf5ae1f0dc562bb1a4d/execute/async - {"script":"<script> [1562 bytes]","args":[{"selector":{"id":"application-managepartners-display-component---NewPartner--partnerId","interaction":{"idSuffix":"inner"}},"wdio_ui5_key":"applicationmanagepartners-display-component---NewPartner--partnerId"}]}
RESULT: {"script":"<script> [1562 bytes]","args":[{"selector":{"id":"application-managepartners-display-component---NewPartner--partnerId","interaction":{"idSuffix":"inner"}},"wdio_ui5_key":"applicationmanagepartners-display-component---NewPartner--partnerId"}]}
RESULT: undefined
COMMAND: POST /session/d06e4a31898e4cf5ae1f0dc562bb1a4d/execute/async - {"script":"<script> [1562 bytes]","args":[{"selector":{"id":"application-managepartners-display-component---NewPartner--addressDetailDetailsName1","interaction":{"idSuffix":"inner"}},"wdio_ui5_key":"applicationmanagepartners-display-component---NewPartner--addressDetailDetailsName1"}]}
RESULT: {"script":"<script> [1562 bytes]","args":[{"selector":{"id":"application-managepartners-display-component---NewPartner--addressDetailDetailsName1","interaction":{"idSuffix":"inner"}},"wdio_ui5_key":"applicationmanagepartners-display-component---NewPartner--addressDetailDetailsName1"}]}
RESULT: undefined
COMMAND: POST /session/d06e4a31898e4cf5ae1f0dc562bb1a4d/execute/async - {"script":"<script> [776 bytes]","args":[{"enterText":"WebdriverPartnerg12w9","selector":{"id":"application-managepartners-display-component---NewPartner--addressDetailDetailsName1","interaction":{"idSuffix":"inner"}},"clearTextFirst":true,"interactionType":"ENTER_TEXT"}]}
RESULT: {"script":"<script> [776 bytes]","args":[{"enterText":"WebdriverPartnerg12w9","selector":{"id":"application-managepartners-display-component---NewPartner--addressDetailDetailsName1","interaction":{"idSuffix":"inner"}},"clearTextFirst":true,"interactionType":"ENTER_TEXT"}]}
COMMAND: POST /session/d06e4a31898e4cf5ae1f0dc562bb1a4d/execute/async - {"script":"<script> [1562 bytes]","args":[{"selector":{"id":"application-managepartners-display-component---NewPartner--addressDetailDetailsLanguage","interaction":{"idSuffix":"inner"}},"wdio_ui5_key":"applicationmanagepartners-display-component---NewPartner--addressDetailDetailsLanguage"}]}
RESULT: {"script":"<script> [1562 bytes]","args":[{"selector":{"id":"application-managepartners-display-component---NewPartner--addressDetailDetailsLanguage","interaction":{"idSuffix":"inner"}},"wdio_ui5_key":"applicationmanagepartners-display-component---NewPartner--addressDetailDetailsLanguage"}]}
RESULT: undefined
COMMAND: POST /session/d06e4a31898e4cf5ae1f0dc562bb1a4d/execute/async - {"script":"<script> [776 bytes]","args":[{"enterText":"Romanian","selector":{"id":"application-managepartners-display-component---NewPartner--addressDetailDetailsLanguage","interaction":{"idSuffix":"inner"}},"clearTextFirst":true,"interactionType":"ENTER_TEXT"}]}
RESULT: {"script":"<script> [776 bytes]","args":[{"enterText":"Romanian","selector":{"id":"application-managepartners-display-component---NewPartner--addressDetailDetailsLanguage","interaction":{"idSuffix":"inner"}},"clearTextFirst":true,"interactionType":"ENTER_TEXT"}]}
COMMAND: POST /session/d06e4a31898e4cf5ae1f0dc562bb1a4d/element - {"using":"xpath","value":"//input[contains(@id ,\"application-managepartners-display-component---NewPartner--addressDetailDetailsName1-inner\")]"}
RESULT: {"using":"xpath","value":"//input[contains(@id ,\"application-managepartners-display-component---NewPartner--addressDetailDetailsName1-inner\")]"}
COMMAND: GET /session/d06e4a31898e4cf5ae1f0dc562bb1a4d/element/f.FF7867651CD8E469CE707B8552024CE8.d.A08818D766A386AA43762AC3159BBFC5.e.1435/property/value - {}
RESULT: {}
COMMAND: POST /session/d06e4a31898e4cf5ae1f0dc562bb1a4d/execute/async - {"script":"<script> [1562 bytes]","args":[{"selector":{"id":"application-managepartners-display-component---NewPartner--addressDetailDetailsCity1","interaction":{"idSuffix":"inner"}},"wdio_ui5_key":"applicationmanagepartners-display-component---NewPartner--addressDetailDetailsCity1"}]}
COMMAND: GET /session/d06e4a31898e4cf5ae1f0dc562bb1a4d/screenshot - {}
RESULT: {"script":"<script> [1562 bytes]","args":[{"selector":{"id":"application-managepartners-display-component---NewPartner--addressDetailDetailsCity1","interaction":{"idSuffix":"inner"}},"wdio_ui5_key":"applicationmanagepartners-display-component---NewPartner--addressDetailDetailsCity1"}]}
RESULT: undefined
COMMAND: POST /session/d06e4a31898e4cf5ae1f0dc562bb1a4d/execute/async - {"script":"<script> [776 bytes]","args":[{"enterText":"Bucharest","selector":{"id":"application-managepartners-display-component---NewPartner--addressDetailDetailsCity1","interaction":{"idSuffix":"inner"}},"clearTextFirst":true,"interactionType":"ENTER_TEXT"}]}
RESULT: {}
RESULT: {"script":"<script> [776 bytes]","args":[{"enterText":"Bucharest","selector":{"id":"application-managepartners-display-component---NewPartner--addressDetailDetailsCity1","interaction":{"idSuffix":"inner"}},"clearTextFirst":true,"interactionType":"ENTER_TEXT"}]}
COMMAND: POST /session/d06e4a31898e4cf5ae1f0dc562bb1a4d/execute/async - {"script":"<script> [1562 bytes]","args":[{"selector":{"id":"application-managepartners-display-component---NewPartner--addressDetailDetailsCountry","interaction":{"idSuffix":"inner"}},"wdio_ui5_key":"applicationmanagepartners-display-component---NewPartner--addressDetailDetailsCountry"}]}
RESULT: {"script":"<script> [1562 bytes]","args":[{"selector":{"id":"application-managepartners-display-component---NewPartner--addressDetailDetailsCountry","interaction":{"idSuffix":"inner"}},"wdio_ui5_key":"applicationmanagepartners-display-component---NewPartner--addressDetailDetailsCountry"}]}
RESULT: undefined
COMMAND: POST /session/d06e4a31898e4cf5ae1f0dc562bb1a4d/execute/async - {"script":"<script> [6424 bytes]","args":[{"element-6066-11e4-a52e-4f735466cecf":"f.FF7867651CD8E469CE707B8552024CE8.d.A08818D766A386AA43762AC3159BBFC5.e.1442"},"setValue",["Romania"]]}
RESULT: {"script":"<script> [6424 bytes]","args":[{"element-6066-11e4-a52e-4f735466cecf":"f.FF7867651CD8E469CE707B8552024CE8.d.A08818D766A386AA43762AC3159BBFC5.e.1442"},"setValue",["Romania"]]}
COMMAND: POST /session/d06e4a31898e4cf5ae1f0dc562bb1a4d/execute/async - {"script":"<script> [1562 bytes]","args":[{"selector":{"id":"application-managepartners-display-component---NewPartner--partnerDetailInternal","interaction":{"idSuffix":"inner"}},"wdio_ui5_key":"applicationmanagepartners-display-component---NewPartner--partnerDetailInternal"}]}
RESULT: {"script":"<script> [1562 bytes]","args":[{"selector":{"id":"application-managepartners-display-component---NewPartner--partnerDetailInternal","interaction":{"idSuffix":"inner"}},"wdio_ui5_key":"applicationmanagepartners-display-component---NewPartner--partnerDetailInternal"}]}
RESULT: undefined
COMMAND: POST /session/d06e4a31898e4cf5ae1f0dc562bb1a4d/execute/async - {"script":"<script> [776 bytes]","args":[{"enterText":"External partner","selector":{"id":"application-managepartners-display-component---NewPartner--partnerDetailInternal","interaction":{"idSuffix":"inner"}},"clearTextFirst":true,"interactionType":"ENTER_TEXT"}]}
RESULT: {"script":"<script> [776 bytes]","args":[{"enterText":"External partner","selector":{"id":"application-managepartners-display-component---NewPartner--partnerDetailInternal","interaction":{"idSuffix":"inner"}},"clearTextFirst":true,"interactionType":"ENTER_TEXT"}]}
COMMAND: POST /session/d06e4a31898e4cf5ae1f0dc562bb1a4d/execute/async - {"script":"<script> [1562 bytes]","args":[{"selector":{"id":"application-managepartners-display-component---NewPartner--partnerDetailsCurrency","interaction":{"idSuffix":"inner"}},"wdio_ui5_key":"applicationmanagepartners-display-component---NewPartner--partnerDetailsCurrency"}]}
RESULT: {"script":"<script> [1562 bytes]","args":[{"selector":{"id":"application-managepartners-display-component---NewPartner--partnerDetailsCurrency","interaction":{"idSuffix":"inner"}},"wdio_ui5_key":"applicationmanagepartners-display-component---NewPartner--partnerDetailsCurrency"}]}
RESULT: undefined
COMMAND: POST /session/d06e4a31898e4cf5ae1f0dc562bb1a4d/execute/async - {"script":"<script> [776 bytes]","args":[{"enterText":"Euro","selector":{"id":"application-managepartners-display-component---NewPartner--partnerDetailsCurrency","interaction":{"idSuffix":"inner"}},"clearTextFirst":true,"interactionType":"ENTER_TEXT"}]}
RESULT: {"script":"<script> [776 bytes]","args":[{"enterText":"Euro","selector":{"id":"application-managepartners-display-component---NewPartner--partnerDetailsCurrency","interaction":{"idSuffix":"inner"}},"clearTextFirst":true,"interactionType":"ENTER_TEXT"}]}
COMMAND: POST /session/d06e4a31898e4cf5ae1f0dc562bb1a4d/execute/async - {"script":"<script> [1562 bytes]","args":[{"selector":{"controlType":"sap.m.Button","viewName":"etm.portal.ui.managepartners.view.NewPartner","viewId":"application-managepartners-display-component---NewPartner","properties":{"text":"Commercial"},"interaction":{"idSuffix":"BDI-content"}},"wdio_ui5_key":"etmportal.ui.managepartners.view.NewPartnersap.m.Button{\"text\":\"Commercial\"}"}]}
RESULT: {"script":"<script> [1562 bytes]","args":[{"selector":{"controlType":"sap.m.Button","viewName":"etm.portal.ui.managepartners.view.NewPartner","viewId":"application-managepartners-display-component---NewPartner","properties":{"text":"Commercial"},"interaction":{"idSuffix":"BDI-content"}},"wdio_ui5_key":"etmportal.ui.managepartners.view.NewPartnersap.m.Button{\"text\":\"Commercial\"}"}]}
RESULT: undefined
COMMAND: POST /session/d06e4a31898e4cf5ae1f0dc562bb1a4d/element - {"using":"xpath","value":"//*[@id=\"application-managepartners-display-component---NewPartner--ObjectPageLayout-anchBar-__section5-anchor\"]"}
RESULT: {"using":"xpath","value":"//*[@id=\"application-managepartners-display-component---NewPartner--ObjectPageLayout-anchBar-__section5-anchor\"]"}
COMMAND: POST /session/d06e4a31898e4cf5ae1f0dc562bb1a4d/element/f.FF7867651CD8E469CE707B8552024CE8.d.A08818D766A386AA43762AC3159BBFC5.e.1682/click - {}
RESULT: {}
COMMAND: GET /session/d06e4a31898e4cf5ae1f0dc562bb1a4d/screenshot - {}
RESULT: {}
COMMAND: POST /session/d06e4a31898e4cf5ae1f0dc562bb1a4d/execute/async - {"script":"<script> [1562 bytes]","args":[{"selector":{"id":"application-managepartners-display-component---NewPartner--btnAddTableRow-img"},"wdio_ui5_key":"applicationmanagepartners-display-component---NewPartner--btnAddTableRow-img"}]}
RESULT: {"script":"<script> [1562 bytes]","args":[{"selector":{"id":"application-managepartners-display-component---NewPartner--btnAddTableRow-img"},"wdio_ui5_key":"applicationmanagepartners-display-component---NewPartner--btnAddTableRow-img"}]}
RESULT: undefined
COMMAND: POST /session/d06e4a31898e4cf5ae1f0dc562bb1a4d/element - {"using":"xpath","value":"//*[@id=\"application-managepartners-display-component---NewPartner--btnAddTableRow-img\"]"}
RESULT: {"using":"xpath","value":"//*[@id=\"application-managepartners-display-component---NewPartner--btnAddTableRow-img\"]"}
COMMAND: POST /session/d06e4a31898e4cf5ae1f0dc562bb1a4d/element/f.FF7867651CD8E469CE707B8552024CE8.d.A08818D766A386AA43762AC3159BBFC5.e.1688/click - {}
RESULT: {}
COMMAND: POST /session/d06e4a31898e4cf5ae1f0dc562bb1a4d/element - {"using":"xpath","value":"//input[contains(@id ,\"application-managepartners-display-component---NewPartner--assignmentYard-application-managepartners-display-component---NewPartner\")]"}
COMMAND: GET /session/d06e4a31898e4cf5ae1f0dc562bb1a4d/screenshot - {}
RESULT: {"using":"xpath","value":"//input[contains(@id ,\"application-managepartners-display-component---NewPartner--assignmentYard-application-managepartners-display-component---NewPartner\")]"}
COMMAND: POST /session/d06e4a31898e4cf5ae1f0dc562bb1a4d/element/f.FF7867651CD8E469CE707B8552024CE8.d.A08818D766A386AA43762AC3159BBFC5.e.1693/clear - {}
RESULT: {}
RESULT: {}
COMMAND: POST /session/d06e4a31898e4cf5ae1f0dc562bb1a4d/element/f.FF7867651CD8E469CE707B8552024CE8.d.A08818D766A386AA43762AC3159BBFC5.e.1693/value - {"text":"WebdriverYardgx1k1"}
COMMAND: GET /session/d06e4a31898e4cf5ae1f0dc562bb1a4d/screenshot - {}
RESULT: {"text":"WebdriverYardgx1k1"}
COMMAND: GET /session/d06e4a31898e4cf5ae1f0dc562bb1a4d/screenshot - {}
RESULT: {}
RESULT: {}
COMMAND: POST /session/d06e4a31898e4cf5ae1f0dc562bb1a4d/execute/async - {"script":"<script> [1562 bytes]","args":[{"selector":{"controlType":"sap.m.Button","viewName":"etm.portal.ui.managepartners.view.NewPartner","viewId":"application-managepartners-display-component---NewPartner","i18NText":{"propertyName":"text","key":"save"},"interaction":{"idSuffix":"BDI-content"}},"wdio_ui5_key":"etmportal.ui.managepartners.view.NewPartnersap.m.Button{\"propertyName\":\"text\",\"key\":\"save\"}"}]}
RESULT: {"script":"<script> [1562 bytes]","args":[{"selector":{"controlType":"sap.m.Button","viewName":"etm.portal.ui.managepartners.view.NewPartner","viewId":"application-managepartners-display-component---NewPartner","i18NText":{"propertyName":"text","key":"save"},"interaction":{"idSuffix":"BDI-content"}},"wdio_ui5_key":"etmportal.ui.managepartners.view.NewPartnersap.m.Button{\"propertyName\":\"text\",\"key\":\"save\"}"}]}
RESULT: undefined
COMMAND: POST /session/d06e4a31898e4cf5ae1f0dc562bb1a4d/element - {"using":"xpath","value":"//*[@id=\"__button12\"]"}
RESULT: {"using":"xpath","value":"//*[@id=\"__button12\"]"}
COMMAND: POST /session/d06e4a31898e4cf5ae1f0dc562bb1a4d/element/f.FF7867651CD8E469CE707B8552024CE8.d.A08818D766A386AA43762AC3159BBFC5.e.1596/click - {}
RESULT: {}
COMMAND: GET /session/d06e4a31898e4cf5ae1f0dc562bb1a4d/screenshot - {}
RESULT: {}
COMMAND: POST /session/d06e4a31898e4cf5ae1f0dc562bb1a4d/element - {"using":"xpath","value":"//header/div/div[2]/div[2]/span"}
RESULT: {"using":"xpath","value":"//header/div/div[2]/div[2]/span"}
COMMAND: GET /session/d06e4a31898e4cf5ae1f0dc562bb1a4d/element/f.FF7867651CD8E469CE707B8552024CE8.d.A08818D766A386AA43762AC3159BBFC5.e.1862/text - {}
RESULT: {}
COMMAND: POST /session/d06e4a31898e4cf5ae1f0dc562bb1a4d/element - {"using":"xpath","value":"//header/div/div/div/div/div/div[2]/div/span"}
RESULT: {"using":"xpath","value":"//header/div/div/div/div/div/div[2]/div/span"}
COMMAND: GET /session/d06e4a31898e4cf5ae1f0dc562bb1a4d/element/f.FF7867651CD8E469CE707B8552024CE8.d.A08818D766A386AA43762AC3159BBFC5.e.1863/text - {}
RESULT: {}
COMMAND: POST /session/d06e4a31898e4cf5ae1f0dc562bb1a4d/execute/async - {"script":"<script> [1562 bytes]","args":[{"selector":{"id":"application-managepartners-display-component---detailPtm--partnerType"},"wdio_ui5_key":"applicationmanagepartners-display-component---detailPtm--partnerType"}]}
RESULT: {"script":"<script> [1562 bytes]","args":[{"selector":{"id":"application-managepartners-display-component---detailPtm--partnerType"},"wdio_ui5_key":"applicationmanagepartners-display-component---detailPtm--partnerType"}]}
RESULT: undefined
COMMAND: POST /session/d06e4a31898e4cf5ae1f0dc562bb1a4d/execute/async - {"script":"<script> [6424 bytes]","args":[{"element-6066-11e4-a52e-4f735466cecf":"f.FF7867651CD8E469CE707B8552024CE8.d.A08818D766A386AA43762AC3159BBFC5.e.1864"},"getText",[]]}
RESULT: {"script":"<script> [6424 bytes]","args":[{"element-6066-11e4-a52e-4f735466cecf":"f.FF7867651CD8E469CE707B8552024CE8.d.A08818D766A386AA43762AC3159BBFC5.e.1864"},"getText",[]]}
COMMAND: POST /session/d06e4a31898e4cf5ae1f0dc562bb1a4d/element - {"using":"css selector","value":"#shell-header-logo"}
RESULT: {"using":"css selector","value":"#shell-header-logo"}
COMMAND: POST /session/d06e4a31898e4cf5ae1f0dc562bb1a4d/element/f.FF7867651CD8E469CE707B8552024CE8.d.A08818D766A386AA43762AC3159BBFC5.e.1201/click - {}
RESULT: {}
COMMAND: GET /session/d06e4a31898e4cf5ae1f0dc562bb1a4d/screenshot - {}
RESULT: {}
COMMAND: POST /session/d06e4a31898e4cf5ae1f0dc562bb1a4d/execute/async - {"script":"<script> [1562 bytes]","args":[{"selector":{"controlType":"sap.m.GenericTile","properties":{"header":"Manage Sites"}},"wdio_ui5_key":"sapm.GenericTile{\"header\":\"Manage Sites\"}"}]}
RESULT: {"script":"<script> [1562 bytes]","args":[{"selector":{"controlType":"sap.m.GenericTile","properties":{"header":"Manage Sites"}},"wdio_ui5_key":"sapm.GenericTile{\"header\":\"Manage Sites\"}"}]}
RESULT: undefined
COMMAND: POST /session/d06e4a31898e4cf5ae1f0dc562bb1a4d/element - {"using":"xpath","value":"//*[@id=\"__tile40\"]"}
RESULT: {"using":"xpath","value":"//*[@id=\"__tile40\"]"}
COMMAND: POST /session/d06e4a31898e4cf5ae1f0dc562bb1a4d/element/f.FF7867651CD8E469CE707B8552024CE8.d.A08818D766A386AA43762AC3159BBFC5.e.1867/click - {}
RESULT: {}
COMMAND: GET /session/d06e4a31898e4cf5ae1f0dc562bb1a4d/screenshot - {}
RESULT: {}
COMMAND: POST /session/d06e4a31898e4cf5ae1f0dc562bb1a4d/elements - {"using":"xpath","value":"//span[text()='Error']"}
RESULT: {"using":"xpath","value":"//span[text()='Error']"}
COMMAND: POST /session/d06e4a31898e4cf5ae1f0dc562bb1a4d/execute/async - {"script":"<script> [1562 bytes]","args":[{"selector":{"controlType":"sap.ui.core.Icon","viewName":"etm.portal.ui.managesites.view.Master","viewId":"application-managesites-display-component---masterSite","properties":{"src":{"regex":{"source":"add"}}}},"wdio_ui5_key":"etmportal.ui.managesites.view.Mastersap.ui.core.Icon{\"src\":{\"regex\":{\"source\":\"add\"}}}"}]}
RESULT: {"script":"<script> [1562 bytes]","args":[{"selector":{"controlType":"sap.ui.core.Icon","viewName":"etm.portal.ui.managesites.view.Master","viewId":"application-managesites-display-component---masterSite","properties":{"src":{"regex":{"source":"add"}}}},"wdio_ui5_key":"etmportal.ui.managesites.view.Mastersap.ui.core.Icon{\"src\":{\"regex\":{\"source\":\"add\"}}}"}]}
RESULT: undefined
COMMAND: POST /session/d06e4a31898e4cf5ae1f0dc562bb1a4d/element - {"using":"xpath","value":"//*[@id=\"__button48-img\"]"}
RESULT: {"using":"xpath","value":"//*[@id=\"__button48-img\"]"}
COMMAND: POST /session/d06e4a31898e4cf5ae1f0dc562bb1a4d/element/f.FF7867651CD8E469CE707B8552024CE8.d.A08818D766A386AA43762AC3159BBFC5.e.1914/click - {}
RESULT: {}
COMMAND: POST /session/d06e4a31898e4cf5ae1f0dc562bb1a4d/execute/async - {"script":"<script> [1562 bytes]","args":[{"selector":{"id":"application-managesites-display-component---NewSite--siteId","interaction":{"idSuffix":"inner"}},"wdio_ui5_key":"applicationmanagesites-display-component---NewSite--siteId"}]}
COMMAND: GET /session/d06e4a31898e4cf5ae1f0dc562bb1a4d/screenshot - {}
RESULT: {"script":"<script> [1562 bytes]","args":[{"selector":{"id":"application-managesites-display-component---NewSite--siteId","interaction":{"idSuffix":"inner"}},"wdio_ui5_key":"applicationmanagesites-display-component---NewSite--siteId"}]}
RESULT: undefined
COMMAND: POST /session/d06e4a31898e4cf5ae1f0dc562bb1a4d/execute/async - {"script":"<script> [1562 bytes]","args":[{"selector":{"id":"application-managesites-display-component---NewSite--addressDetailDetailsName1","interaction":{"idSuffix":"inner"}},"wdio_ui5_key":"applicationmanagesites-display-component---NewSite--addressDetailDetailsName1"}]}
RESULT: {}
RESULT: {"script":"<script> [1562 bytes]","args":[{"selector":{"id":"application-managesites-display-component---NewSite--addressDetailDetailsName1","interaction":{"idSuffix":"inner"}},"wdio_ui5_key":"applicationmanagesites-display-component---NewSite--addressDetailDetailsName1"}]}
RESULT: undefined
COMMAND: POST /session/d06e4a31898e4cf5ae1f0dc562bb1a4d/execute/async - {"script":"<script> [776 bytes]","args":[{"enterText":"WebdriverSiteuf6hi","selector":{"id":"application-managesites-display-component---NewSite--addressDetailDetailsName1","interaction":{"idSuffix":"inner"}},"clearTextFirst":true,"interactionType":"ENTER_TEXT"}]}
RESULT: {"script":"<script> [776 bytes]","args":[{"enterText":"WebdriverSiteuf6hi","selector":{"id":"application-managesites-display-component---NewSite--addressDetailDetailsName1","interaction":{"idSuffix":"inner"}},"clearTextFirst":true,"interactionType":"ENTER_TEXT"}]}
COMMAND: POST /session/d06e4a31898e4cf5ae1f0dc562bb1a4d/execute/async - {"script":"<script> [1562 bytes]","args":[{"selector":{"id":"application-managesites-display-component---NewSite--addressDetailDetailsLanguage","interaction":{"idSuffix":"inner"}},"wdio_ui5_key":"applicationmanagesites-display-component---NewSite--addressDetailDetailsLanguage"}]}
RESULT: {"script":"<script> [1562 bytes]","args":[{"selector":{"id":"application-managesites-display-component---NewSite--addressDetailDetailsLanguage","interaction":{"idSuffix":"inner"}},"wdio_ui5_key":"applicationmanagesites-display-component---NewSite--addressDetailDetailsLanguage"}]}
RESULT: undefined
COMMAND: POST /session/d06e4a31898e4cf5ae1f0dc562bb1a4d/execute/async - {"script":"<script> [776 bytes]","args":[{"enterText":"Romanian","selector":{"id":"application-managesites-display-component---NewSite--addressDetailDetailsLanguage","interaction":{"idSuffix":"inner"}},"clearTextFirst":true,"interactionType":"ENTER_TEXT"}]}
RESULT: {"script":"<script> [776 bytes]","args":[{"enterText":"Romanian","selector":{"id":"application-managesites-display-component---NewSite--addressDetailDetailsLanguage","interaction":{"idSuffix":"inner"}},"clearTextFirst":true,"interactionType":"ENTER_TEXT"}]}
COMMAND: POST /session/d06e4a31898e4cf5ae1f0dc562bb1a4d/execute/async - {"script":"<script> [1562 bytes]","args":[{"selector":{"id":"application-managesites-display-component---NewSite--addressDetailDetailsCity1","interaction":{"idSuffix":"inner"}},"wdio_ui5_key":"applicationmanagesites-display-component---NewSite--addressDetailDetailsCity1"}]}
RESULT: {"script":"<script> [1562 bytes]","args":[{"selector":{"id":"application-managesites-display-component---NewSite--addressDetailDetailsCity1","interaction":{"idSuffix":"inner"}},"wdio_ui5_key":"applicationmanagesites-display-component---NewSite--addressDetailDetailsCity1"}]}
RESULT: undefined
COMMAND: POST /session/d06e4a31898e4cf5ae1f0dc562bb1a4d/execute/async - {"script":"<script> [776 bytes]","args":[{"enterText":"Bucharest","selector":{"id":"application-managesites-display-component---NewSite--addressDetailDetailsCity1","interaction":{"idSuffix":"inner"}},"clearTextFirst":true,"interactionType":"ENTER_TEXT"}]}
RESULT: {"script":"<script> [776 bytes]","args":[{"enterText":"Bucharest","selector":{"id":"application-managesites-display-component---NewSite--addressDetailDetailsCity1","interaction":{"idSuffix":"inner"}},"clearTextFirst":true,"interactionType":"ENTER_TEXT"}]}
COMMAND: POST /session/d06e4a31898e4cf5ae1f0dc562bb1a4d/execute/async - {"script":"<script> [1562 bytes]","args":[{"selector":{"id":"application-managesites-display-component---NewSite--addressDetailDetailsCountry","interaction":{"idSuffix":"inner"}},"wdio_ui5_key":"applicationmanagesites-display-component---NewSite--addressDetailDetailsCountry"}]}
RESULT: {"script":"<script> [1562 bytes]","args":[{"selector":{"id":"application-managesites-display-component---NewSite--addressDetailDetailsCountry","interaction":{"idSuffix":"inner"}},"wdio_ui5_key":"applicationmanagesites-display-component---NewSite--addressDetailDetailsCountry"}]}
RESULT: undefined
COMMAND: POST /session/d06e4a31898e4cf5ae1f0dc562bb1a4d/execute/async - {"script":"<script> [776 bytes]","args":[{"enterText":"Romania","selector":{"id":"application-managesites-display-component---NewSite--addressDetailDetailsCountry","interaction":{"idSuffix":"inner"}},"clearTextFirst":true,"interactionType":"ENTER_TEXT"}]}
RESULT: {"script":"<script> [776 bytes]","args":[{"enterText":"Romania","selector":{"id":"application-managesites-display-component---NewSite--addressDetailDetailsCountry","interaction":{"idSuffix":"inner"}},"clearTextFirst":true,"interactionType":"ENTER_TEXT"}]}
COMMAND: POST /session/d06e4a31898e4cf5ae1f0dc562bb1a4d/element - {"using":"css selector","value":"#application-managesites-display-component---NewSite--addressDetailDetailsCalendar-inner"}
RESULT: {"using":"css selector","value":"#application-managesites-display-component---NewSite--addressDetailDetailsCalendar-inner"}
COMMAND: POST /session/d06e4a31898e4cf5ae1f0dc562bb1a4d/element/f.FF7867651CD8E469CE707B8552024CE8.d.A08818D766A386AA43762AC3159BBFC5.e.2118/clear - {}
RESULT: {}
COMMAND: POST /session/d06e4a31898e4cf5ae1f0dc562bb1a4d/element/f.FF7867651CD8E469CE707B8552024CE8.d.A08818D766A386AA43762AC3159BBFC5.e.2118/value - {"text":"Germany"}
COMMAND: GET /session/d06e4a31898e4cf5ae1f0dc562bb1a4d/screenshot - {}
RESULT: {"text":"Germany"}
COMMAND: POST /session/d06e4a31898e4cf5ae1f0dc562bb1a4d/execute/async - {"script":"<script> [1562 bytes]","args":[{"selector":{"id":"application-managesites-display-component---NewSite--addressEditDetailsCostObjectCstType-arrow"},"wdio_ui5_key":"applicationmanagesites-display-component---NewSite--addressEditDetailsCostObjectCstType-arrow"}]}
COMMAND: GET /session/d06e4a31898e4cf5ae1f0dc562bb1a4d/screenshot - {}
RESULT: {}
RESULT: {"script":"<script> [1562 bytes]","args":[{"selector":{"id":"application-managesites-display-component---NewSite--addressEditDetailsCostObjectCstType-arrow"},"wdio_ui5_key":"applicationmanagesites-display-component---NewSite--addressEditDetailsCostObjectCstType-arrow"}]}
RESULT: undefined
COMMAND: POST /session/d06e4a31898e4cf5ae1f0dc562bb1a4d/element - {"using":"xpath","value":"//*[@id=\"application-managesites-display-component---NewSite--addressEditDetailsCostObjectCstType-arrow\"]"}
RESULT: {}
RESULT: {"using":"xpath","value":"//*[@id=\"application-managesites-display-component---NewSite--addressEditDetailsCostObjectCstType-arrow\"]"}
COMMAND: POST /session/d06e4a31898e4cf5ae1f0dc562bb1a4d/element/f.FF7867651CD8E469CE707B8552024CE8.d.A08818D766A386AA43762AC3159BBFC5.e.2313/click - {}
RESULT: {}
COMMAND: POST /session/d06e4a31898e4cf5ae1f0dc562bb1a4d/element - {"using":"xpath","value":"//span[contains(text(), \"Work Breakdown Structure\")]"}
COMMAND: GET /session/d06e4a31898e4cf5ae1f0dc562bb1a4d/screenshot - {}
RESULT: {"using":"xpath","value":"//span[contains(text(), \"Work Breakdown Structure\")]"}
COMMAND: POST /session/d06e4a31898e4cf5ae1f0dc562bb1a4d/element/f.FF7867651CD8E469CE707B8552024CE8.d.A08818D766A386AA43762AC3159BBFC5.e.2314/click - {}
RESULT: {}
RESULT: {}
COMMAND: GET /session/d06e4a31898e4cf5ae1f0dc562bb1a4d/screenshot - {}
RESULT: {}
COMMAND: POST /session/d06e4a31898e4cf5ae1f0dc562bb1a4d/execute/async - {"script":"<script> [1562 bytes]","args":[{"selector":{"id":"application-managesites-display-component---NewSite--addressNewCostObjectCstID-vhi"},"wdio_ui5_key":"applicationmanagesites-display-component---NewSite--addressNewCostObjectCstID-vhi"}]}
RESULT: {"script":"<script> [1562 bytes]","args":[{"selector":{"id":"application-managesites-display-component---NewSite--addressNewCostObjectCstID-vhi"},"wdio_ui5_key":"applicationmanagesites-display-component---NewSite--addressNewCostObjectCstID-vhi"}]}
RESULT: undefined
COMMAND: POST /session/d06e4a31898e4cf5ae1f0dc562bb1a4d/element - {"using":"xpath","value":"//*[@id=\"application-managesites-display-component---NewSite--addressNewCostObjectCstID-vhi\"]"}
RESULT: {"using":"xpath","value":"//*[@id=\"application-managesites-display-component---NewSite--addressNewCostObjectCstID-vhi\"]"}
COMMAND: POST /session/d06e4a31898e4cf5ae1f0dc562bb1a4d/element/f.FF7867651CD8E469CE707B8552024CE8.d.A08818D766A386AA43762AC3159BBFC5.e.2319/click - {}
RESULT: {}
COMMAND: GET /session/d06e4a31898e4cf5ae1f0dc562bb1a4d/screenshot - {}
RESULT: {}
COMMAND: POST /session/d06e4a31898e4cf5ae1f0dc562bb1a4d/execute/async - {"script":"<script> [1562 bytes]","args":[{"selector":{"controlType":"sap.m.SearchField","properties":{"placeholder":"Search"},"searchOpenDialogs":true,"interaction":{"idSuffix":"I"}},"wdio_ui5_key":"sapm.SearchField{\"placeholder\":\"Search\"}"}]}
RESULT: {"script":"<script> [1562 bytes]","args":[{"selector":{"controlType":"sap.m.SearchField","properties":{"placeholder":"Search"},"searchOpenDialogs":true,"interaction":{"idSuffix":"I"}},"wdio_ui5_key":"sapm.SearchField{\"placeholder\":\"Search\"}"}]}
RESULT: undefined
COMMAND: POST /session/d06e4a31898e4cf5ae1f0dc562bb1a4d/execute/async - {"script":"<script> [776 bytes]","args":[{"enterText":"A1-000100-01","selector":{"controlType":"sap.m.SearchField","properties":{"placeholder":"Search"},"searchOpenDialogs":true,"interaction":{"idSuffix":"I"}},"clearTextFirst":true,"interactionType":"ENTER_TEXT"}]}
RESULT: {"script":"<script> [776 bytes]","args":[{"enterText":"A1-000100-01","selector":{"controlType":"sap.m.SearchField","properties":{"placeholder":"Search"},"searchOpenDialogs":true,"interaction":{"idSuffix":"I"}},"clearTextFirst":true,"interactionType":"ENTER_TEXT"}]}
COMMAND: POST /session/d06e4a31898e4cf5ae1f0dc562bb1a4d/actions - {"actions":[{"id":"action3","type":"key","parameters":{},"actions":[{"type":"keyDown","value":"î€‡"},{"type":"pause","duration":10},{"type":"keyUp","value":"î€‡"}]}]}
RESULT: {"actions":[{"id":"action3","type":"key","parameters":{},"actions":[{"type":"keyDown","value":"î€‡"},{"type":"pause","duration":10},{"type":"keyUp","value":"î€‡"}]}]}
COMMAND: GET /session/d06e4a31898e4cf5ae1f0dc562bb1a4d/screenshot - {}
RESULT: {}
COMMAND: POST /session/d06e4a31898e4cf5ae1f0dc562bb1a4d/element - {"using":"xpath","value":"//span[contains(text(), \"Template for ETO-Process\")]"}
RESULT: {"using":"xpath","value":"//span[contains(text(), \"Template for ETO-Process\")]"}
COMMAND: POST /session/d06e4a31898e4cf5ae1f0dc562bb1a4d/element/f.FF7867651CD8E469CE707B8552024CE8.d.A08818D766A386AA43762AC3159BBFC5.e.2339/click - {}
RESULT: {}
COMMAND: GET /session/d06e4a31898e4cf5ae1f0dc562bb1a4d/screenshot - {}
RESULT: {}
COMMAND: POST /session/d06e4a31898e4cf5ae1f0dc562bb1a4d/element - {"using":"xpath","value":"//bdi[contains(text(), \"OK\")]"}
RESULT: {"using":"xpath","value":"//bdi[contains(text(), \"OK\")]"}
COMMAND: POST /session/d06e4a31898e4cf5ae1f0dc562bb1a4d/element/f.FF7867651CD8E469CE707B8552024CE8.d.A08818D766A386AA43762AC3159BBFC5.e.2340/click - {}
RESULT: {}
COMMAND: GET /session/d06e4a31898e4cf5ae1f0dc562bb1a4d/screenshot - {}
RESULT: {}
COMMAND: POST /session/d06e4a31898e4cf5ae1f0dc562bb1a4d/element - {"using":"xpath","value":"//input[@id=\"application-managesites-display-component---NewSite--addressDetailDetailsYard-inner\"]"}
RESULT: {"using":"xpath","value":"//input[@id=\"application-managesites-display-component---NewSite--addressDetailDetailsYard-inner\"]"}
COMMAND: POST /session/d06e4a31898e4cf5ae1f0dc562bb1a4d/element/f.FF7867651CD8E469CE707B8552024CE8.d.A08818D766A386AA43762AC3159BBFC5.e.2119/value - {"text":"WebdriverYardgx1k1"}
RESULT: {"text":"WebdriverYardgx1k1"}
COMMAND: GET /session/d06e4a31898e4cf5ae1f0dc562bb1a4d/screenshot - {}
RESULT: {}
COMMAND: POST /session/d06e4a31898e4cf5ae1f0dc562bb1a4d/actions - {"actions":[{"id":"action4","type":"key","parameters":{},"actions":[{"type":"keyDown","value":"î€‡"},{"type":"pause","duration":10},{"type":"keyUp","value":"î€‡"}]}]}
RESULT: {"actions":[{"id":"action4","type":"key","parameters":{},"actions":[{"type":"keyDown","value":"î€‡"},{"type":"pause","duration":10},{"type":"keyUp","value":"î€‡"}]}]}
COMMAND: GET /session/d06e4a31898e4cf5ae1f0dc562bb1a4d/screenshot - {}
RESULT: {}
COMMAND: POST /session/d06e4a31898e4cf5ae1f0dc562bb1a4d/element - {"using":"xpath","value":"//input[@id=\"application-managesites-display-component---NewSite--addressDetailDetailsPartner-inner\"]"}
RESULT: {"using":"xpath","value":"//input[@id=\"application-managesites-display-component---NewSite--addressDetailDetailsPartner-inner\"]"}
COMMAND: POST /session/d06e4a31898e4cf5ae1f0dc562bb1a4d/elements - {"using":"xpath","value":"//input[@id=\"application-managesites-display-component---NewSite--addressDetailDetailsPartner-inner\"]"}
RESULT: {"using":"xpath","value":"//input[@id=\"application-managesites-display-component---NewSite--addressDetailDetailsPartner-inner\"]"}
COMMAND: POST /session/d06e4a31898e4cf5ae1f0dc562bb1a4d/execute/async - {"script":"<script> [1562 bytes]","args":[{"selector":{"controlType":"sap.m.Button","viewName":"etm.portal.ui.managesites.view.NewSmartSite","viewId":"application-managesites-display-component---NewSite","properties":{"text":"Commercial"},"interaction":{"idSuffix":"BDI-content"}},"wdio_ui5_key":"etmportal.ui.managesites.view.NewSmartSitesap.m.Button{\"text\":\"Commercial\"}"}]}
RESULT: {"script":"<script> [1562 bytes]","args":[{"selector":{"controlType":"sap.m.Button","viewName":"etm.portal.ui.managesites.view.NewSmartSite","viewId":"application-managesites-display-component---NewSite","properties":{"text":"Commercial"},"interaction":{"idSuffix":"BDI-content"}},"wdio_ui5_key":"etmportal.ui.managesites.view.NewSmartSitesap.m.Button{\"text\":\"Commercial\"}"}]}
RESULT: undefined
COMMAND: POST /session/d06e4a31898e4cf5ae1f0dc562bb1a4d/element - {"using":"xpath","value":"//*[@id=\"application-managesites-display-component---NewSite--ObjectPageLayout-anchBar-__section29-anchor\"]"}
RESULT: {"using":"xpath","value":"//*[@id=\"application-managesites-display-component---NewSite--ObjectPageLayout-anchBar-__section29-anchor\"]"}
COMMAND: POST /session/d06e4a31898e4cf5ae1f0dc562bb1a4d/element/f.FF7867651CD8E469CE707B8552024CE8.d.A08818D766A386AA43762AC3159BBFC5.e.2347/click - {}
RESULT: {}
COMMAND: POST /session/d06e4a31898e4cf5ae1f0dc562bb1a4d/execute/async - {"script":"<script> [1562 bytes]","args":[{"selector":{"controlType":"sap.m.Button","viewName":"etm.portal.ui.managesites.view.NewSmartSite","viewId":"application-managesites-display-component---NewSite","i18NText":{"propertyName":"text","key":"save"},"interaction":{"idSuffix":"BDI-content"}},"wdio_ui5_key":"etmportal.ui.managesites.view.NewSmartSitesap.m.Button{\"propertyName\":\"text\",\"key\":\"save\"}"}]}
COMMAND: GET /session/d06e4a31898e4cf5ae1f0dc562bb1a4d/screenshot - {}
RESULT: {"script":"<script> [1562 bytes]","args":[{"selector":{"controlType":"sap.m.Button","viewName":"etm.portal.ui.managesites.view.NewSmartSite","viewId":"application-managesites-display-component---NewSite","i18NText":{"propertyName":"text","key":"save"},"interaction":{"idSuffix":"BDI-content"}},"wdio_ui5_key":"etmportal.ui.managesites.view.NewSmartSitesap.m.Button{\"propertyName\":\"text\",\"key\":\"save\"}"}]}
RESULT: undefined
COMMAND: POST /session/d06e4a31898e4cf5ae1f0dc562bb1a4d/element - {"using":"xpath","value":"//*[@id=\"__button60\"]"}
RESULT: {}
RESULT: {"using":"xpath","value":"//*[@id=\"__button60\"]"}
COMMAND: POST /session/d06e4a31898e4cf5ae1f0dc562bb1a4d/element/f.FF7867651CD8E469CE707B8552024CE8.d.A08818D766A386AA43762AC3159BBFC5.e.2250/click - {}
RESULT: {}
COMMAND: GET /session/d06e4a31898e4cf5ae1f0dc562bb1a4d/screenshot - {}
RESULT: {}
COMMAND: POST /session/d06e4a31898e4cf5ae1f0dc562bb1a4d/execute/async - {"script":"<script> [1562 bytes]","args":[{"selector":{"id":"application-managesites-display-component---detailSite--addressDetailDetailsYardText"},"wdio_ui5_key":"applicationmanagesites-display-component---detailSite--addressDetailDetailsYardText"}]}
RESULT: {"script":"<script> [1562 bytes]","args":[{"selector":{"id":"application-managesites-display-component---detailSite--addressDetailDetailsYardText"},"wdio_ui5_key":"applicationmanagesites-display-component---detailSite--addressDetailDetailsYardText"}]}
RESULT: undefined
COMMAND: POST /session/d06e4a31898e4cf5ae1f0dc562bb1a4d/element - {"using":"xpath","value":"//header/div/div[2]/div[2]/span"}
RESULT: {"using":"xpath","value":"//header/div/div[2]/div[2]/span"}
COMMAND: GET /session/d06e4a31898e4cf5ae1f0dc562bb1a4d/element/f.FF7867651CD8E469CE707B8552024CE8.d.A08818D766A386AA43762AC3159BBFC5.e.2554/text - {}
RESULT: {}
COMMAND: POST /session/d06e4a31898e4cf5ae1f0dc562bb1a4d/element - {"using":"xpath","value":"//header/div/div/div/div/div/div[2]/div/span"}
RESULT: {"using":"xpath","value":"//header/div/div/div/div/div/div[2]/div/span"}
COMMAND: GET /session/d06e4a31898e4cf5ae1f0dc562bb1a4d/element/f.FF7867651CD8E469CE707B8552024CE8.d.A08818D766A386AA43762AC3159BBFC5.e.2555/text - {}
RESULT: {}
COMMAND: POST /session/d06e4a31898e4cf5ae1f0dc562bb1a4d/element - {"using":"css selector","value":"#shell-header-logo"}
RESULT: {"using":"css selector","value":"#shell-header-logo"}
COMMAND: POST /session/d06e4a31898e4cf5ae1f0dc562bb1a4d/element/f.FF7867651CD8E469CE707B8552024CE8.d.A08818D766A386AA43762AC3159BBFC5.e.1870/click - {}
RESULT: {}
COMMAND: GET /session/d06e4a31898e4cf5ae1f0dc562bb1a4d/screenshot - {}
RESULT: {}
]]></system-out>
    </testcase>
    <testcase classname="chrome.136_0_7103_93.windows.Standard_contract_-_add_contract_items_by_Insert_Request_US118222" name="Should create 2 new resources and a catalog item" time="369.85">
      <system-out><![CDATA[
COMMAND: POST /session/d06e4a31898e4cf5ae1f0dc562bb1a4d/execute/async - {"script":"<script> [1562 bytes]","args":[{"selector":{"controlType":"sap.m.GenericTile","properties":{"header":"Manage Resources"}},"wdio_ui5_key":"sapm.GenericTile{\"header\":\"Manage Resources\"}"}]}
RESULT: {"script":"<script> [1562 bytes]","args":[{"selector":{"controlType":"sap.m.GenericTile","properties":{"header":"Manage Resources"}},"wdio_ui5_key":"sapm.GenericTile{\"header\":\"Manage Resources\"}"}]}
RESULT: undefined
COMMAND: POST /session/d06e4a31898e4cf5ae1f0dc562bb1a4d/element - {"using":"xpath","value":"//*[@id=\"__tile39\"]"}
RESULT: {"using":"xpath","value":"//*[@id=\"__tile39\"]"}
COMMAND: POST /session/d06e4a31898e4cf5ae1f0dc562bb1a4d/element/f.FF7867651CD8E469CE707B8552024CE8.d.A08818D766A386AA43762AC3159BBFC5.e.2557/click - {}
RESULT: {}
COMMAND: GET /session/d06e4a31898e4cf5ae1f0dc562bb1a4d/screenshot - {}
RESULT: {}
COMMAND: POST /session/d06e4a31898e4cf5ae1f0dc562bb1a4d/elements - {"using":"xpath","value":"//span[text()='Error']"}
RESULT: {"using":"xpath","value":"//span[text()='Error']"}
COMMAND: POST /session/d06e4a31898e4cf5ae1f0dc562bb1a4d/element - {"using":"xpath","value":"//button[@data-kt=\"addNewRUOverflowToolbarButton\"]"}
RESULT: {"using":"xpath","value":"//button[@data-kt=\"addNewRUOverflowToolbarButton\"]"}
COMMAND: POST /session/d06e4a31898e4cf5ae1f0dc562bb1a4d/execute/sync - {"script":"<script> [8489 bytes]","args":[{"element-6066-11e4-a52e-4f735466cecf":"f.FF7867651CD8E469CE707B8552024CE8.d.A08818D766A386AA43762AC3159BBFC5.e.2598","ELEMENT":"f.FF7867651CD8E469CE707B8552024CE8.d.A08818D766A386AA43762AC3159BBFC5.e.2598"}]}
RESULT: {"script":"<script> [8489 bytes]","args":[{"element-6066-11e4-a52e-4f735466cecf":"f.FF7867651CD8E469CE707B8552024CE8.d.A08818D766A386AA43762AC3159BBFC5.e.2598","ELEMENT":"f.FF7867651CD8E469CE707B8552024CE8.d.A08818D766A386AA43762AC3159BBFC5.e.2598"}]}
COMMAND: POST /session/d06e4a31898e4cf5ae1f0dc562bb1a4d/element/f.FF7867651CD8E469CE707B8552024CE8.d.A08818D766A386AA43762AC3159BBFC5.e.2598/click - {}
COMMAND: GET /session/d06e4a31898e4cf5ae1f0dc562bb1a4d/screenshot - {}
RESULT: {}
COMMAND: POST /session/d06e4a31898e4cf5ae1f0dc562bb1a4d/execute/async - {"script":"<script> [1562 bytes]","args":[{"selector":{"id":"application-manageresources-display-component---newResourceUnit--TYPE-arrow"},"wdio_ui5_key":"applicationmanageresources-display-component---newResourceUnit--TYPE-arrow"}]}
COMMAND: GET /session/d06e4a31898e4cf5ae1f0dc562bb1a4d/screenshot - {}
RESULT: {}
RESULT: {"script":"<script> [1562 bytes]","args":[{"selector":{"id":"application-manageresources-display-component---newResourceUnit--TYPE-arrow"},"wdio_ui5_key":"applicationmanageresources-display-component---newResourceUnit--TYPE-arrow"}]}
RESULT: undefined
COMMAND: POST /session/d06e4a31898e4cf5ae1f0dc562bb1a4d/element - {"using":"xpath","value":"//*[@id=\"application-manageresources-display-component---newResourceUnit--TYPE-arrow\"]"}
RESULT: {}
RESULT: {"using":"xpath","value":"//*[@id=\"application-manageresources-display-component---newResourceUnit--TYPE-arrow\"]"}
COMMAND: POST /session/d06e4a31898e4cf5ae1f0dc562bb1a4d/element/f.FF7867651CD8E469CE707B8552024CE8.d.A08818D766A386AA43762AC3159BBFC5.e.2924/click - {}
RESULT: {}
COMMAND: POST /session/d06e4a31898e4cf5ae1f0dc562bb1a4d/execute/async - {"script":"<script> [1562 bytes]","args":[{"selector":{"controlType":"sap.m.StandardListItem","viewName":"reusables.view.manageresources.NewResourceUnit","viewId":"application-manageresources-display-component---newResourceUnit","properties":{"title":"Material"},"searchOpenDialogs":true,"interaction":{"idSuffix":"titleText"}},"wdio_ui5_key":"reusablesview.manageresources.NewResourceUnitsap.m.StandardListItem{\"title\":\"Material\"}"}]}
COMMAND: GET /session/d06e4a31898e4cf5ae1f0dc562bb1a4d/screenshot - {}
RESULT: {"script":"<script> [1562 bytes]","args":[{"selector":{"controlType":"sap.m.StandardListItem","viewName":"reusables.view.manageresources.NewResourceUnit","viewId":"application-manageresources-display-component---newResourceUnit","properties":{"title":"Material"},"searchOpenDialogs":true,"interaction":{"idSuffix":"titleText"}},"wdio_ui5_key":"reusablesview.manageresources.NewResourceUnitsap.m.StandardListItem{\"title\":\"Material\"}"}]}
RESULT: undefined
COMMAND: POST /session/d06e4a31898e4cf5ae1f0dc562bb1a4d/element - {"using":"xpath","value":"//*[@id=\"__item1067\"]"}
RESULT: {}
RESULT: {"using":"xpath","value":"//*[@id=\"__item1067\"]"}
COMMAND: POST /session/d06e4a31898e4cf5ae1f0dc562bb1a4d/element/f.FF7867651CD8E469CE707B8552024CE8.d.A08818D766A386AA43762AC3159BBFC5.e.2927/click - {}
RESULT: {}
COMMAND: POST /session/d06e4a31898e4cf5ae1f0dc562bb1a4d/execute/async - {"script":"<script> [1562 bytes]","args":[{"selector":{"id":"application-manageresources-display-component---newResourceUnit--SHORT_TEXT","interaction":{"idSuffix":"inner"}},"wdio_ui5_key":"applicationmanageresources-display-component---newResourceUnit--SHORT_TEXT"}]}
COMMAND: GET /session/d06e4a31898e4cf5ae1f0dc562bb1a4d/screenshot - {}
RESULT: {"script":"<script> [1562 bytes]","args":[{"selector":{"id":"application-manageresources-display-component---newResourceUnit--SHORT_TEXT","interaction":{"idSuffix":"inner"}},"wdio_ui5_key":"applicationmanageresources-display-component---newResourceUnit--SHORT_TEXT"}]}
RESULT: undefined
COMMAND: POST /session/d06e4a31898e4cf5ae1f0dc562bb1a4d/execute/async - {"script":"<script> [776 bytes]","args":[{"enterText":"WebdriverRUR2C45prk","selector":{"id":"application-manageresources-display-component---newResourceUnit--SHORT_TEXT","interaction":{"idSuffix":"inner"}},"clearTextFirst":true,"interactionType":"ENTER_TEXT"}]}
RESULT: {}
RESULT: {"script":"<script> [776 bytes]","args":[{"enterText":"WebdriverRUR2C45prk","selector":{"id":"application-manageresources-display-component---newResourceUnit--SHORT_TEXT","interaction":{"idSuffix":"inner"}},"clearTextFirst":true,"interactionType":"ENTER_TEXT"}]}
COMMAND: POST /session/d06e4a31898e4cf5ae1f0dc562bb1a4d/execute/async - {"script":"<script> [1562 bytes]","args":[{"selector":{"id":"application-manageresources-display-component---newResourceUnit--BASE_UNIT_OF_MEASURE-arrow"},"wdio_ui5_key":"applicationmanageresources-display-component---newResourceUnit--BASE_UNIT_OF_MEASURE-arrow"}]}
RESULT: {"script":"<script> [1562 bytes]","args":[{"selector":{"id":"application-manageresources-display-component---newResourceUnit--BASE_UNIT_OF_MEASURE-arrow"},"wdio_ui5_key":"applicationmanageresources-display-component---newResourceUnit--BASE_UNIT_OF_MEASURE-arrow"}]}
RESULT: undefined
COMMAND: POST /session/d06e4a31898e4cf5ae1f0dc562bb1a4d/element - {"using":"xpath","value":"//*[@id=\"application-manageresources-display-component---newResourceUnit--BASE_UNIT_OF_MEASURE-arrow\"]"}
RESULT: {"using":"xpath","value":"//*[@id=\"application-manageresources-display-component---newResourceUnit--BASE_UNIT_OF_MEASURE-arrow\"]"}
COMMAND: POST /session/d06e4a31898e4cf5ae1f0dc562bb1a4d/element/f.FF7867651CD8E469CE707B8552024CE8.d.A08818D766A386AA43762AC3159BBFC5.e.2981/click - {}
RESULT: {}
COMMAND: POST /session/d06e4a31898e4cf5ae1f0dc562bb1a4d/execute/async - {"script":"<script> [1562 bytes]","args":[{"selector":{"controlType":"sap.m.StandardListItem","viewName":"reusables.view.manageresources.NewResourceUnit","viewId":"application-manageresources-display-component---newResourceUnit","properties":{"title":"Piece"},"searchOpenDialogs":true,"interaction":{"idSuffix":"titleText"}},"wdio_ui5_key":"reusablesview.manageresources.NewResourceUnitsap.m.StandardListItem{\"title\":\"Piece\"}"}]}
COMMAND: GET /session/d06e4a31898e4cf5ae1f0dc562bb1a4d/screenshot - {}
RESULT: {"script":"<script> [1562 bytes]","args":[{"selector":{"controlType":"sap.m.StandardListItem","viewName":"reusables.view.manageresources.NewResourceUnit","viewId":"application-manageresources-display-component---newResourceUnit","properties":{"title":"Piece"},"searchOpenDialogs":true,"interaction":{"idSuffix":"titleText"}},"wdio_ui5_key":"reusablesview.manageresources.NewResourceUnitsap.m.StandardListItem{\"title\":\"Piece\"}"}]}
RESULT: undefined
COMMAND: POST /session/d06e4a31898e4cf5ae1f0dc562bb1a4d/element - {"using":"xpath","value":"//*[@id=\"__item1109\"]"}
RESULT: {}
RESULT: {"using":"xpath","value":"//*[@id=\"__item1109\"]"}
COMMAND: POST /session/d06e4a31898e4cf5ae1f0dc562bb1a4d/element/f.FF7867651CD8E469CE707B8552024CE8.d.A08818D766A386AA43762AC3159BBFC5.e.2983/click - {}
RESULT: {}
COMMAND: POST /session/d06e4a31898e4cf5ae1f0dc562bb1a4d/element - {"using":"xpath","value":"//input[contains(@id ,\"application-manageresources-display-component---newResourceUnit--SHORT_TEXT-inner\")]"}
COMMAND: GET /session/d06e4a31898e4cf5ae1f0dc562bb1a4d/screenshot - {}
RESULT: {"using":"xpath","value":"//input[contains(@id ,\"application-manageresources-display-component---newResourceUnit--SHORT_TEXT-inner\")]"}
COMMAND: GET /session/d06e4a31898e4cf5ae1f0dc562bb1a4d/element/f.FF7867651CD8E469CE707B8552024CE8.d.A08818D766A386AA43762AC3159BBFC5.e.2944/property/value - {}
RESULT: {}
RESULT: {}
COMMAND: POST /session/d06e4a31898e4cf5ae1f0dc562bb1a4d/execute/async - {"script":"<script> [1562 bytes]","args":[{"selector":{"id":"application-manageresources-display-component---newResourceUnit--WEIGHT_UNIT-arrow"},"wdio_ui5_key":"applicationmanageresources-display-component---newResourceUnit--WEIGHT_UNIT-arrow"}]}
COMMAND: GET /session/d06e4a31898e4cf5ae1f0dc562bb1a4d/screenshot - {}
RESULT: {"script":"<script> [1562 bytes]","args":[{"selector":{"id":"application-manageresources-display-component---newResourceUnit--WEIGHT_UNIT-arrow"},"wdio_ui5_key":"applicationmanageresources-display-component---newResourceUnit--WEIGHT_UNIT-arrow"}]}
RESULT: undefined
COMMAND: POST /session/d06e4a31898e4cf5ae1f0dc562bb1a4d/element - {"using":"xpath","value":"//*[@id=\"application-manageresources-display-component---newResourceUnit--WEIGHT_UNIT-arrow\"]"}
RESULT: {}
RESULT: {"using":"xpath","value":"//*[@id=\"application-manageresources-display-component---newResourceUnit--WEIGHT_UNIT-arrow\"]"}
COMMAND: POST /session/d06e4a31898e4cf5ae1f0dc562bb1a4d/element/f.FF7867651CD8E469CE707B8552024CE8.d.A08818D766A386AA43762AC3159BBFC5.e.2984/click - {}
RESULT: {}
COMMAND: POST /session/d06e4a31898e4cf5ae1f0dc562bb1a4d/execute/async - {"script":"<script> [1562 bytes]","args":[{"selector":{"controlType":"sap.m.StandardListItem","viewName":"reusables.view.manageresources.NewResourceUnit","viewId":"application-manageresources-display-component---newResourceUnit","properties":{"title":"Gram"},"searchOpenDialogs":true,"interaction":{"idSuffix":"content"}},"wdio_ui5_key":"reusablesview.manageresources.NewResourceUnitsap.m.StandardListItem{\"title\":\"Gram\"}"}]}
COMMAND: GET /session/d06e4a31898e4cf5ae1f0dc562bb1a4d/screenshot - {}
RESULT: {"script":"<script> [1562 bytes]","args":[{"selector":{"controlType":"sap.m.StandardListItem","viewName":"reusables.view.manageresources.NewResourceUnit","viewId":"application-manageresources-display-component---newResourceUnit","properties":{"title":"Gram"},"searchOpenDialogs":true,"interaction":{"idSuffix":"content"}},"wdio_ui5_key":"reusablesview.manageresources.NewResourceUnitsap.m.StandardListItem{\"title\":\"Gram\"}"}]}
RESULT: undefined
COMMAND: POST /session/d06e4a31898e4cf5ae1f0dc562bb1a4d/element - {"using":"xpath","value":"//*[@id=\"__item1174\"]"}
RESULT: {}
RESULT: {"using":"xpath","value":"//*[@id=\"__item1174\"]"}
COMMAND: POST /session/d06e4a31898e4cf5ae1f0dc562bb1a4d/element/f.FF7867651CD8E469CE707B8552024CE8.d.A08818D766A386AA43762AC3159BBFC5.e.2986/click - {}
RESULT: {}
COMMAND: POST /session/d06e4a31898e4cf5ae1f0dc562bb1a4d/execute/async - {"script":"<script> [1562 bytes]","args":[{"selector":{"id":"application-manageresources-display-component---newResourceUnit--newRRUPage-OPHeaderContent-collapseBtn-img"},"wdio_ui5_key":"applicationmanageresources-display-component---newResourceUnit--newRRUPage-OPHeaderContent-collapseBtn-img"}]}
COMMAND: GET /session/d06e4a31898e4cf5ae1f0dc562bb1a4d/screenshot - {}
RESULT: {"script":"<script> [1562 bytes]","args":[{"selector":{"id":"application-manageresources-display-component---newResourceUnit--newRRUPage-OPHeaderContent-collapseBtn-img"},"wdio_ui5_key":"applicationmanageresources-display-component---newResourceUnit--newRRUPage-OPHeaderContent-collapseBtn-img"}]}
RESULT: undefined
COMMAND: POST /session/d06e4a31898e4cf5ae1f0dc562bb1a4d/element - {"using":"xpath","value":"//*[@id=\"application-manageresources-display-component---newResourceUnit--newRRUPage-OPHeaderContent-collapseBtn-img\"]"}
RESULT: {}
RESULT: {"using":"xpath","value":"//*[@id=\"application-manageresources-display-component---newResourceUnit--newRRUPage-OPHeaderContent-collapseBtn-img\"]"}
COMMAND: POST /session/d06e4a31898e4cf5ae1f0dc562bb1a4d/element/f.FF7867651CD8E469CE707B8552024CE8.d.A08818D766A386AA43762AC3159BBFC5.e.2934/click - {}
RESULT: {}
COMMAND: GET /session/d06e4a31898e4cf5ae1f0dc562bb1a4d/screenshot - {}
RESULT: {}
COMMAND: POST /session/d06e4a31898e4cf5ae1f0dc562bb1a4d/element - {"using":"xpath","value":"(//span[contains(@id ,\"application-manageresources-display-component---newResourceUnit--DIMENSION_UNIT-arrow\")])[1]"}
RESULT: {"using":"xpath","value":"(//span[contains(@id ,\"application-manageresources-display-component---newResourceUnit--DIMENSION_UNIT-arrow\")])[1]"}
COMMAND: POST /session/d06e4a31898e4cf5ae1f0dc562bb1a4d/element/f.FF7867651CD8E469CE707B8552024CE8.d.A08818D766A386AA43762AC3159BBFC5.e.2992/click - {}
RESULT: {}
COMMAND: GET /session/d06e4a31898e4cf5ae1f0dc562bb1a4d/screenshot - {}
RESULT: {}
COMMAND: POST /session/d06e4a31898e4cf5ae1f0dc562bb1a4d/execute/async - {"script":"<script> [1562 bytes]","args":[{"selector":{"controlType":"sap.m.StandardListItem","viewName":"reusables.view.manageresources.NewResourceUnit","viewId":"application-manageresources-display-component---newResourceUnit","properties":{"title":"Centimeter"},"searchOpenDialogs":true,"interaction":{"idSuffix":"titleText"}},"wdio_ui5_key":"reusablesview.manageresources.NewResourceUnitsap.m.StandardListItem{\"title\":\"Centimeter\"}"}]}
RESULT: {"script":"<script> [1562 bytes]","args":[{"selector":{"controlType":"sap.m.StandardListItem","viewName":"reusables.view.manageresources.NewResourceUnit","viewId":"application-manageresources-display-component---newResourceUnit","properties":{"title":"Centimeter"},"searchOpenDialogs":true,"interaction":{"idSuffix":"titleText"}},"wdio_ui5_key":"reusablesview.manageresources.NewResourceUnitsap.m.StandardListItem{\"title\":\"Centimeter\"}"}]}
RESULT: undefined
COMMAND: POST /session/d06e4a31898e4cf5ae1f0dc562bb1a4d/element - {"using":"xpath","value":"//*[@id=\"__item1177\"]"}
RESULT: {"using":"xpath","value":"//*[@id=\"__item1177\"]"}
COMMAND: POST /session/d06e4a31898e4cf5ae1f0dc562bb1a4d/element/f.FF7867651CD8E469CE707B8552024CE8.d.A08818D766A386AA43762AC3159BBFC5.e.2994/click - {}
RESULT: {}
COMMAND: POST /session/d06e4a31898e4cf5ae1f0dc562bb1a4d/execute/async - {"script":"<script> [1562 bytes]","args":[{"selector":{"id":"application-manageresources-display-component---newResourceUnit--newRRUPage-anchBar-application-manageresources-display-component---newResourceUnit--reference-anchor","interaction":{"idSuffix":"BDI-content"}},"wdio_ui5_key":"applicationmanageresources-display-component---newResourceUnit--newRRUPage-anchBar-application-manageresources-display-component---newResourceUnit--reference-anchor"}]}
COMMAND: GET /session/d06e4a31898e4cf5ae1f0dc562bb1a4d/screenshot - {}
RESULT: {"script":"<script> [1562 bytes]","args":[{"selector":{"id":"application-manageresources-display-component---newResourceUnit--newRRUPage-anchBar-application-manageresources-display-component---newResourceUnit--reference-anchor","interaction":{"idSuffix":"BDI-content"}},"wdio_ui5_key":"applicationmanageresources-display-component---newResourceUnit--newRRUPage-anchBar-application-manageresources-display-component---newResourceUnit--reference-anchor"}]}
RESULT: undefined
COMMAND: POST /session/d06e4a31898e4cf5ae1f0dc562bb1a4d/element - {"using":"xpath","value":"//*[@id=\"application-manageresources-display-component---newResourceUnit--newRRUPage-anchBar-application-manageresources-display-component---newResourceUnit--reference-anchor\"]"}
RESULT: {}
RESULT: {"using":"xpath","value":"//*[@id=\"application-manageresources-display-component---newResourceUnit--newRRUPage-anchBar-application-manageresources-display-component---newResourceUnit--reference-anchor\"]"}
COMMAND: POST /session/d06e4a31898e4cf5ae1f0dc562bb1a4d/element/f.FF7867651CD8E469CE707B8552024CE8.d.A08818D766A386AA43762AC3159BBFC5.e.2996/click - {}
RESULT: {}
COMMAND: POST /session/d06e4a31898e4cf5ae1f0dc562bb1a4d/execute/async - {"script":"<script> [1562 bytes]","args":[{"selector":{"id":"application-manageresources-display-component---newResourceUnit--PLANNING_GROUP-arrow"},"wdio_ui5_key":"applicationmanageresources-display-component---newResourceUnit--PLANNING_GROUP-arrow"}]}
COMMAND: GET /session/d06e4a31898e4cf5ae1f0dc562bb1a4d/screenshot - {}
RESULT: {"script":"<script> [1562 bytes]","args":[{"selector":{"id":"application-manageresources-display-component---newResourceUnit--PLANNING_GROUP-arrow"},"wdio_ui5_key":"applicationmanageresources-display-component---newResourceUnit--PLANNING_GROUP-arrow"}]}
RESULT: undefined
COMMAND: POST /session/d06e4a31898e4cf5ae1f0dc562bb1a4d/element - {"using":"xpath","value":"//*[@id=\"application-manageresources-display-component---newResourceUnit--PLANNING_GROUP-arrow\"]"}
RESULT: {}
RESULT: {"using":"xpath","value":"//*[@id=\"application-manageresources-display-component---newResourceUnit--PLANNING_GROUP-arrow\"]"}
COMMAND: POST /session/d06e4a31898e4cf5ae1f0dc562bb1a4d/element/f.FF7867651CD8E469CE707B8552024CE8.d.A08818D766A386AA43762AC3159BBFC5.e.3000/click - {}
RESULT: {}
COMMAND: POST /session/d06e4a31898e4cf5ae1f0dc562bb1a4d/execute/async - {"script":"<script> [1562 bytes]","args":[{"selector":{"controlType":"sap.m.StandardListItem","viewName":"reusables.view.manageresources.NewResourceUnit","viewId":"application-manageresources-display-component---newResourceUnit","properties":{"title":"Heavy Equi"},"searchOpenDialogs":true,"interaction":{"idSuffix":"content"}},"wdio_ui5_key":"reusablesview.manageresources.NewResourceUnitsap.m.StandardListItem{\"title\":\"Heavy Equi\"}"}]}
COMMAND: GET /session/d06e4a31898e4cf5ae1f0dc562bb1a4d/screenshot - {}
RESULT: {"script":"<script> [1562 bytes]","args":[{"selector":{"controlType":"sap.m.StandardListItem","viewName":"reusables.view.manageresources.NewResourceUnit","viewId":"application-manageresources-display-component---newResourceUnit","properties":{"title":"Heavy Equi"},"searchOpenDialogs":true,"interaction":{"idSuffix":"content"}},"wdio_ui5_key":"reusablesview.manageresources.NewResourceUnitsap.m.StandardListItem{\"title\":\"Heavy Equi\"}"}]}
RESULT: undefined
COMMAND: POST /session/d06e4a31898e4cf5ae1f0dc562bb1a4d/element - {"using":"xpath","value":"//*[@id=\"__item1185\"]"}
RESULT: {}
RESULT: {"using":"xpath","value":"//*[@id=\"__item1185\"]"}
COMMAND: POST /session/d06e4a31898e4cf5ae1f0dc562bb1a4d/element/f.FF7867651CD8E469CE707B8552024CE8.d.A08818D766A386AA43762AC3159BBFC5.e.3002/click - {}
RESULT: {}
COMMAND: GET /session/d06e4a31898e4cf5ae1f0dc562bb1a4d/screenshot - {}
RESULT: {}
COMMAND: POST /session/d06e4a31898e4cf5ae1f0dc562bb1a4d/execute/async - {"script":"<script> [1562 bytes]","args":[{"selector":{"id":"application-manageresources-display-component---newResourceUnit--PLANNING_INDICATOR-arrow"},"wdio_ui5_key":"applicationmanageresources-display-component---newResourceUnit--PLANNING_INDICATOR-arrow"}]}
RESULT: {"script":"<script> [1562 bytes]","args":[{"selector":{"id":"application-manageresources-display-component---newResourceUnit--PLANNING_INDICATOR-arrow"},"wdio_ui5_key":"applicationmanageresources-display-component---newResourceUnit--PLANNING_INDICATOR-arrow"}]}
RESULT: undefined
COMMAND: POST /session/d06e4a31898e4cf5ae1f0dc562bb1a4d/element - {"using":"xpath","value":"//*[@id=\"application-manageresources-display-component---newResourceUnit--PLANNING_INDICATOR-arrow\"]"}
RESULT: {"using":"xpath","value":"//*[@id=\"application-manageresources-display-component---newResourceUnit--PLANNING_INDICATOR-arrow\"]"}
COMMAND: POST /session/d06e4a31898e4cf5ae1f0dc562bb1a4d/element/f.FF7867651CD8E469CE707B8552024CE8.d.A08818D766A386AA43762AC3159BBFC5.e.3003/click - {}
RESULT: {}
COMMAND: POST /session/d06e4a31898e4cf5ae1f0dc562bb1a4d/execute/async - {"script":"<script> [1562 bytes]","args":[{"selector":{"controlType":"sap.m.StandardListItem","viewName":"reusables.view.manageresources.NewResourceUnit","viewId":"application-manageresources-display-component---newResourceUnit","properties":{"title":"10 - infinite"},"searchOpenDialogs":true,"interaction":{"idSuffix":"content"}},"wdio_ui5_key":"reusablesview.manageresources.NewResourceUnitsap.m.StandardListItem{\"title\":\"10 - infinite\"}"}]}
COMMAND: GET /session/d06e4a31898e4cf5ae1f0dc562bb1a4d/screenshot - {}
RESULT: {"script":"<script> [1562 bytes]","args":[{"selector":{"controlType":"sap.m.StandardListItem","viewName":"reusables.view.manageresources.NewResourceUnit","viewId":"application-manageresources-display-component---newResourceUnit","properties":{"title":"10 - infinite"},"searchOpenDialogs":true,"interaction":{"idSuffix":"content"}},"wdio_ui5_key":"reusablesview.manageresources.NewResourceUnitsap.m.StandardListItem{\"title\":\"10 - infinite\"}"}]}
RESULT: undefined
COMMAND: POST /session/d06e4a31898e4cf5ae1f0dc562bb1a4d/element - {"using":"xpath","value":"//*[@id=\"__item1195\"]"}
RESULT: {}
RESULT: {"using":"xpath","value":"//*[@id=\"__item1195\"]"}
COMMAND: POST /session/d06e4a31898e4cf5ae1f0dc562bb1a4d/element/f.FF7867651CD8E469CE707B8552024CE8.d.A08818D766A386AA43762AC3159BBFC5.e.3005/click - {}
RESULT: {}
COMMAND: GET /session/d06e4a31898e4cf5ae1f0dc562bb1a4d/screenshot - {}
RESULT: {}
COMMAND: POST /session/d06e4a31898e4cf5ae1f0dc562bb1a4d/element - {"using":"xpath","value":"//bdi[contains(text(), \"Time Segment\")]"}
RESULT: {"using":"xpath","value":"//bdi[contains(text(), \"Time Segment\")]"}
COMMAND: GET /session/d06e4a31898e4cf5ae1f0dc562bb1a4d/element/f.FF7867651CD8E469CE707B8552024CE8.d.A08818D766A386AA43762AC3159BBFC5.e.3006/rect - {}
RESULT: {}
COMMAND: GET /session/d06e4a31898e4cf5ae1f0dc562bb1a4d/window/rect - {}
RESULT: {}
COMMAND: POST /session/d06e4a31898e4cf5ae1f0dc562bb1a4d/execute/sync - {"script":"<script> [92 bytes]","args":[]}
RESULT: {"script":"<script> [92 bytes]","args":[]}
COMMAND: POST /session/d06e4a31898e4cf5ae1f0dc562bb1a4d/actions - {"actions":[{"id":"action5","type":"wheel","parameters":{},"actions":[{"type":"scroll","x":-1820,"y":-21,"deltaX":0,"deltaY":0,"duration":0,"origin":{"element-6066-11e4-a52e-4f735466cecf":"f.FF7867651CD8E469CE707B8552024CE8.d.A08818D766A386AA43762AC3159BBFC5.e.3006"}}]}]}
COMMAND: GET /session/d06e4a31898e4cf5ae1f0dc562bb1a4d/screenshot - {}
RESULT: {}
COMMAND: POST /session/d06e4a31898e4cf5ae1f0dc562bb1a4d/execute/sync - {"script":"<script> [79 bytes]","args":[{"element-6066-11e4-a52e-4f735466cecf":"f.FF7867651CD8E469CE707B8552024CE8.d.A08818D766A386AA43762AC3159BBFC5.e.3006","ELEMENT":"f.FF7867651CD8E469CE707B8552024CE8.d.A08818D766A386AA43762AC3159BBFC5.e.3006"},{"block":"start","inline":"nearest"}]}
RESULT: {"script":"<script> [79 bytes]","args":[{"element-6066-11e4-a52e-4f735466cecf":"f.FF7867651CD8E469CE707B8552024CE8.d.A08818D766A386AA43762AC3159BBFC5.e.3006","ELEMENT":"f.FF7867651CD8E469CE707B8552024CE8.d.A08818D766A386AA43762AC3159BBFC5.e.3006"},{"block":"start","inline":"nearest"}]}
COMMAND: GET /session/d06e4a31898e4cf5ae1f0dc562bb1a4d/screenshot - {}
RESULT: {}
COMMAND: POST /session/d06e4a31898e4cf5ae1f0dc562bb1a4d/element - {"using":"xpath","value":"//span[@id=\"application-manageresources-display-component---newResourceUnit--btnAddTimeSegment-img\"]"}
RESULT: {"using":"xpath","value":"//span[@id=\"application-manageresources-display-component---newResourceUnit--btnAddTimeSegment-img\"]"}
COMMAND: POST /session/d06e4a31898e4cf5ae1f0dc562bb1a4d/execute/sync - {"script":"<script> [8489 bytes]","args":[{"element-6066-11e4-a52e-4f735466cecf":"f.FF7867651CD8E469CE707B8552024CE8.d.A08818D766A386AA43762AC3159BBFC5.e.3009","ELEMENT":"f.FF7867651CD8E469CE707B8552024CE8.d.A08818D766A386AA43762AC3159BBFC5.e.3009"}]}
RESULT: {"script":"<script> [8489 bytes]","args":[{"element-6066-11e4-a52e-4f735466cecf":"f.FF7867651CD8E469CE707B8552024CE8.d.A08818D766A386AA43762AC3159BBFC5.e.3009","ELEMENT":"f.FF7867651CD8E469CE707B8552024CE8.d.A08818D766A386AA43762AC3159BBFC5.e.3009"}]}
COMMAND: POST /session/d06e4a31898e4cf5ae1f0dc562bb1a4d/element/f.FF7867651CD8E469CE707B8552024CE8.d.A08818D766A386AA43762AC3159BBFC5.e.3009/click - {}
COMMAND: GET /session/d06e4a31898e4cf5ae1f0dc562bb1a4d/screenshot - {}
RESULT: {}
COMMAND: GET /session/d06e4a31898e4cf5ae1f0dc562bb1a4d/screenshot - {}
COMMAND: POST /session/d06e4a31898e4cf5ae1f0dc562bb1a4d/element - {"using":"xpath","value":"//input[@id=\"application-manageresources-display-component---newResourceUnit--idRuTSAdmin-application-manageresources-display-component---newResourceUnit--RUTimeSegment-0-inner\"]"}
RESULT: {}
RESULT: {}
RESULT: {"using":"xpath","value":"//input[@id=\"application-manageresources-display-component---newResourceUnit--idRuTSAdmin-application-manageresources-display-component---newResourceUnit--RUTimeSegment-0-inner\"]"}
COMMAND: POST /session/d06e4a31898e4cf5ae1f0dc562bb1a4d/element/f.FF7867651CD8E469CE707B8552024CE8.d.A08818D766A386AA43762AC3159BBFC5.e.3012/clear - {}
RESULT: {}
COMMAND: POST /session/d06e4a31898e4cf5ae1f0dc562bb1a4d/element/f.FF7867651CD8E469CE707B8552024CE8.d.A08818D766A386AA43762AC3159BBFC5.e.3012/value - {"text":"WebdriverYardgx1k1"}
COMMAND: GET /session/d06e4a31898e4cf5ae1f0dc562bb1a4d/screenshot - {}
RESULT: {"text":"WebdriverYardgx1k1"}
COMMAND: GET /session/d06e4a31898e4cf5ae1f0dc562bb1a4d/screenshot - {}
RESULT: {}
RESULT: {}
COMMAND: POST /session/d06e4a31898e4cf5ae1f0dc562bb1a4d/actions - {"actions":[{"id":"action6","type":"key","parameters":{},"actions":[{"type":"keyDown","value":"î€‡"},{"type":"pause","duration":10},{"type":"keyUp","value":"î€‡"}]}]}
RESULT: {"actions":[{"id":"action6","type":"key","parameters":{},"actions":[{"type":"keyDown","value":"î€‡"},{"type":"pause","duration":10},{"type":"keyUp","value":"î€‡"}]}]}
COMMAND: GET /session/d06e4a31898e4cf5ae1f0dc562bb1a4d/screenshot - {}
RESULT: {}
COMMAND: POST /session/d06e4a31898e4cf5ae1f0dc562bb1a4d/execute/async - {"script":"<script> [1562 bytes]","args":[{"selector":{"controlType":"sap.m.Button","viewName":"reusables.view.manageresources.NewResourceUnit","viewId":"application-manageresources-display-component---newResourceUnit","i18NText":{"propertyName":"tooltip","key":"save"},"interaction":{"idSuffix":"BDI-content"}},"wdio_ui5_key":"reusablesview.manageresources.NewResourceUnitsap.m.Button{\"propertyName\":\"tooltip\",\"key\":\"save\"}"}]}
RESULT: {"script":"<script> [1562 bytes]","args":[{"selector":{"controlType":"sap.m.Button","viewName":"reusables.view.manageresources.NewResourceUnit","viewId":"application-manageresources-display-component---newResourceUnit","i18NText":{"propertyName":"tooltip","key":"save"},"interaction":{"idSuffix":"BDI-content"}},"wdio_ui5_key":"reusablesview.manageresources.NewResourceUnitsap.m.Button{\"propertyName\":\"tooltip\",\"key\":\"save\"}"}]}
RESULT: undefined
COMMAND: POST /session/d06e4a31898e4cf5ae1f0dc562bb1a4d/element - {"using":"xpath","value":"//*[@id=\"application-manageresources-display-component---newResourceUnit--createRuButton\"]"}
RESULT: {"using":"xpath","value":"//*[@id=\"application-manageresources-display-component---newResourceUnit--createRuButton\"]"}
COMMAND: POST /session/d06e4a31898e4cf5ae1f0dc562bb1a4d/element/f.FF7867651CD8E469CE707B8552024CE8.d.A08818D766A386AA43762AC3159BBFC5.e.2940/click - {}
RESULT: {}
COMMAND: GET /session/d06e4a31898e4cf5ae1f0dc562bb1a4d/screenshot - {}
RESULT: {}
COMMAND: POST /session/d06e4a31898e4cf5ae1f0dc562bb1a4d/execute/async - {"script":"<script> [1562 bytes]","args":[{"selector":{"controlType":"sap.m.Title","properties":{"text":"Success"},"searchOpenDialogs":true},"wdio_ui5_key":"sapm.Title{\"text\":\"Success\"}"}]}
RESULT: {"script":"<script> [1562 bytes]","args":[{"selector":{"controlType":"sap.m.Title","properties":{"text":"Success"},"searchOpenDialogs":true},"wdio_ui5_key":"sapm.Title{\"text\":\"Success\"}"}]}
RESULT: undefined
COMMAND: POST /session/d06e4a31898e4cf5ae1f0dc562bb1a4d/execute/async - {"script":"<script> [6424 bytes]","args":[{"element-6066-11e4-a52e-4f735466cecf":"f.FF7867651CD8E469CE707B8552024CE8.d.A08818D766A386AA43762AC3159BBFC5.e.3025"},"getText",[]]}
RESULT: {"script":"<script> [6424 bytes]","args":[{"element-6066-11e4-a52e-4f735466cecf":"f.FF7867651CD8E469CE707B8552024CE8.d.A08818D766A386AA43762AC3159BBFC5.e.3025"},"getText",[]]}
COMMAND: POST /session/d06e4a31898e4cf5ae1f0dc562bb1a4d/element - {"using":"xpath","value":"//*[contains(@id, '__text') and (contains(text(), 'successfully created') or contains(., 'successfully created'))]"}
RESULT: {"using":"xpath","value":"//*[contains(@id, '__text') and (contains(text(), 'successfully created') or contains(., 'successfully created'))]"}
COMMAND: GET /session/d06e4a31898e4cf5ae1f0dc562bb1a4d/element/f.FF7867651CD8E469CE707B8552024CE8.d.A08818D766A386AA43762AC3159BBFC5.e.3024/text - {}
RESULT: {}
COMMAND: POST /session/d06e4a31898e4cf5ae1f0dc562bb1a4d/execute/async - {"script":"<script> [1562 bytes]","args":[{"selector":{"controlType":"sap.m.Button","properties":{"text":"Close"},"searchOpenDialogs":true,"interaction":{"idSuffix":"BDI-content"}},"wdio_ui5_key":"sapm.Button{\"text\":\"Close\"}"}]}
RESULT: {"script":"<script> [1562 bytes]","args":[{"selector":{"controlType":"sap.m.Button","properties":{"text":"Close"},"searchOpenDialogs":true,"interaction":{"idSuffix":"BDI-content"}},"wdio_ui5_key":"sapm.Button{\"text\":\"Close\"}"}]}
RESULT: undefined
COMMAND: POST /session/d06e4a31898e4cf5ae1f0dc562bb1a4d/element - {"using":"xpath","value":"//*[@id=\"__mbox-btn-0\"]"}
RESULT: {"using":"xpath","value":"//*[@id=\"__mbox-btn-0\"]"}
COMMAND: POST /session/d06e4a31898e4cf5ae1f0dc562bb1a4d/element/f.FF7867651CD8E469CE707B8552024CE8.d.A08818D766A386AA43762AC3159BBFC5.e.3022/click - {}
RESULT: {}
COMMAND: GET /session/d06e4a31898e4cf5ae1f0dc562bb1a4d/screenshot - {}
RESULT: {}
COMMAND: POST /session/d06e4a31898e4cf5ae1f0dc562bb1a4d/execute/async - {"script":"<script> [1562 bytes]","args":[{"selector":{"controlType":"sap.ui.core.Icon","viewName":"etm.portal.ui.manageresources.view.Detail","viewId":"application-manageresources-display-component---detailRU","properties":{"src":{"regex":{"source":"overflow"}}}},"wdio_ui5_key":"etmportal.ui.manageresources.view.Detailsap.ui.core.Icon{\"src\":{\"regex\":{\"source\":\"overflow\"}}}"}]}
RESULT: {"script":"<script> [1562 bytes]","args":[{"selector":{"controlType":"sap.ui.core.Icon","viewName":"etm.portal.ui.manageresources.view.Detail","viewId":"application-manageresources-display-component---detailRU","properties":{"src":{"regex":{"source":"overflow"}}}},"wdio_ui5_key":"etmportal.ui.manageresources.view.Detailsap.ui.core.Icon{\"src\":{\"regex\":{\"source\":\"overflow\"}}}"}]}
RESULT: undefined
COMMAND: POST /session/d06e4a31898e4cf5ae1f0dc562bb1a4d/element - {"using":"xpath","value":"//*[@id=\"__title31-_actionsToolbar-overflowButton-img\"]"}
RESULT: {"using":"xpath","value":"//*[@id=\"__title31-_actionsToolbar-overflowButton-img\"]"}
COMMAND: POST /session/d06e4a31898e4cf5ae1f0dc562bb1a4d/element/f.FF7867651CD8E469CE707B8552024CE8.d.A08818D766A386AA43762AC3159BBFC5.e.3054/click - {}
RESULT: {}
COMMAND: POST /session/d06e4a31898e4cf5ae1f0dc562bb1a4d/execute/async - {"script":"<script> [1562 bytes]","args":[{"selector":{"controlType":"sap.m.Button","viewName":"etm.portal.ui.manageresources.view.Detail","viewId":"application-manageresources-display-component---detailRU","i18NText":{"propertyName":"tooltip","key":"closeColumn"},"searchOpenDialogs":true,"interaction":{"idSuffix":"inner"}},"wdio_ui5_key":"etmportal.ui.manageresources.view.Detailsap.m.Button{\"propertyName\":\"tooltip\",\"key\":\"closeColumn\"}"}]}
COMMAND: GET /session/d06e4a31898e4cf5ae1f0dc562bb1a4d/screenshot - {}
RESULT: {"script":"<script> [1562 bytes]","args":[{"selector":{"controlType":"sap.m.Button","viewName":"etm.portal.ui.manageresources.view.Detail","viewId":"application-manageresources-display-component---detailRU","i18NText":{"propertyName":"tooltip","key":"closeColumn"},"searchOpenDialogs":true,"interaction":{"idSuffix":"inner"}},"wdio_ui5_key":"etmportal.ui.manageresources.view.Detailsap.m.Button{\"propertyName\":\"tooltip\",\"key\":\"closeColumn\"}"}]}
RESULT: undefined
COMMAND: POST /session/d06e4a31898e4cf5ae1f0dc562bb1a4d/element - {"using":"xpath","value":"//*[@id=\"__button137\"]"}
RESULT: {}
RESULT: {"using":"xpath","value":"//*[@id=\"__button137\"]"}
COMMAND: POST /session/d06e4a31898e4cf5ae1f0dc562bb1a4d/element/f.FF7867651CD8E469CE707B8552024CE8.d.A08818D766A386AA43762AC3159BBFC5.e.3056/click - {}
RESULT: {}
COMMAND: GET /session/d06e4a31898e4cf5ae1f0dc562bb1a4d/screenshot - {}
RESULT: {}
COMMAND: POST /session/d06e4a31898e4cf5ae1f0dc562bb1a4d/refresh - {}
RESULT: {}
COMMAND: GET /session/d06e4a31898e4cf5ae1f0dc562bb1a4d/screenshot - {}
RESULT: {}
COMMAND: POST /session/d06e4a31898e4cf5ae1f0dc562bb1a4d/execute/async - {"script":"<script> [189 bytes]","args":[]}
RESULT: {"script":"<script> [189 bytes]","args":[]}
COMMAND: POST /session/d06e4a31898e4cf5ae1f0dc562bb1a4d/execute/async - {"script":"<script> [123 bytes]","args":[]}
RESULT: {"script":"<script> [123 bytes]","args":[]}
COMMAND: POST /session/d06e4a31898e4cf5ae1f0dc562bb1a4d/timeouts - {"script":"<number>"}
RESULT: {"script":"<number>"}
COMMAND: GET /session/d06e4a31898e4cf5ae1f0dc562bb1a4d/timeouts - {}
RESULT: {}
RESULT: undefined
COMMAND: POST /session/d06e4a31898e4cf5ae1f0dc562bb1a4d/execute/async - {"script":"<script> [2676 bytes]","args":[]}
RESULT: {"script":"<script> [2676 bytes]","args":[]}
COMMAND: POST /session/d06e4a31898e4cf5ae1f0dc562bb1a4d/execute/async - {"script":"<script> [2342 bytes]","args":[{"protocol":"http","hostname":"0.0.0.0","path":"/","capabilities":{"browserName":"chrome","goog:chromeOptions":{"binary":"C:\\Program Files\\Google\\Chrome\\Application\\chrome.exe","args":["--start-maximized"]}},"logLevel":"warn","connectionRetryTimeout":120000,"connectionRetryCount":3,"logLevels":{},"enableDirectConnect":true,"strictSSL":true,"_":"65 more keys: [\"cacheDir\",\"port\",\"requestedCapabilities\",\"automationProtocol\",\"baseUrl\",\"waitforInterval\",\"waitforTimeout\",\"onReload\",\"beforeCommand\",\"afterCommand\",\"rootDir\",\"specs\",\"suites\",\"exclude\",\"groupLogsByTestSpec\",\"excludeDriverLogs\",\"bail\",\"framework\",\"reporters\",\"services\",\"maxInstances\",\"maxInstancesPerCapability\",\"injectGlobals\",\"filesToWatch\",\"execArgv\",\"runnerEnv\",\"runner\",\"shard\",\"specFileRetries\",\"specFileRetriesDelay\",\"specFileRetriesDeferred\",\"reporterSyncInterval\",\"reporterSyncTimeout\",\"cucumberFeaturesWithLineNumbers\",\"autoCompileOpts\",\"mochaOpts\",\"jasmineOpts\",\"cucumberOpts\",\"onPrepare\",\"onWorkerStart\",\"onWorkerEnd\",\"before\",\"beforeSession\",\"beforeSuite\",\"beforeHook\",\"beforeTest\",\"afterTest\",\"afterHook\",\"afterSuite\",\"afterSession\",\"after\",\"onComplete\",\"beforeAssertion\",\"afterAssertion\",\"beforeFeature\",\"beforeScenario\",\"beforeStep\",\"afterStep\",\"afterScenario\",\"afterFeature\",\"_\",\"suite\",\"$0\",\"ignoredWorkerServices\",\"wdi5\"]"}]}
RESULT: {"script":"<script> [2342 bytes]","args":[{"protocol":"http","hostname":"0.0.0.0","path":"/","capabilities":{"browserName":"chrome","goog:chromeOptions":{"binary":"C:\\Program Files\\Google\\Chrome\\Application\\chrome.exe","args":["--start-maximized"]}},"logLevel":"warn","connectionRetryTimeout":120000,"connectionRetryCount":3,"logLevels":{},"enableDirectConnect":true,"strictSSL":true,"_":"65 more keys: [\"cacheDir\",\"port\",\"requestedCapabilities\",\"automationProtocol\",\"baseUrl\",\"waitforInterval\",\"waitforTimeout\",\"onReload\",\"beforeCommand\",\"afterCommand\",\"rootDir\",\"specs\",\"suites\",\"exclude\",\"groupLogsByTestSpec\",\"excludeDriverLogs\",\"bail\",\"framework\",\"reporters\",\"services\",\"maxInstances\",\"maxInstancesPerCapability\",\"injectGlobals\",\"filesToWatch\",\"execArgv\",\"runnerEnv\",\"runner\",\"shard\",\"specFileRetries\",\"specFileRetriesDelay\",\"specFileRetriesDeferred\",\"reporterSyncInterval\",\"reporterSyncTimeout\",\"cucumberFeaturesWithLineNumbers\",\"autoCompileOpts\",\"mochaOpts\",\"jasmineOpts\",\"cucumberOpts\",\"onPrepare\",\"onWorkerStart\",\"onWorkerEnd\",\"before\",\"beforeSession\",\"beforeSuite\",\"beforeHook\",\"beforeTest\",\"afterTest\",\"afterHook\",\"afterSuite\",\"afterSession\",\"after\",\"onComplete\",\"beforeAssertion\",\"afterAssertion\",\"beforeFeature\",\"beforeScenario\",\"beforeStep\",\"afterStep\",\"afterScenario\",\"afterFeature\",\"_\",\"suite\",\"$0\",\"ignoredWorkerServices\",\"wdi5\"]"}]}
COMMAND: POST /session/d06e4a31898e4cf5ae1f0dc562bb1a4d/execute/async - {"script":"<script> [21126 bytes]","args":[35000]}
RESULT: {"script":"<script> [21126 bytes]","args":[35000]}
COMMAND: POST /session/d06e4a31898e4cf5ae1f0dc562bb1a4d/element - {"using":"css selector","value":"#shell-header-logo"}
RESULT: {"using":"css selector","value":"#shell-header-logo"}
COMMAND: POST /session/d06e4a31898e4cf5ae1f0dc562bb1a4d/element/f.FF7867651CD8E469CE707B8552024CE8.d.45B60EA92201DB09E473623E149BEE9B.e.3202/click - {}
RESULT: {}
COMMAND: GET /session/d06e4a31898e4cf5ae1f0dc562bb1a4d/screenshot - {}
RESULT: {}
COMMAND: POST /session/d06e4a31898e4cf5ae1f0dc562bb1a4d/execute/async - {"script":"<script> [1562 bytes]","args":[{"selector":{"controlType":"sap.m.GenericTile","properties":{"header":"Manage Resources"}},"wdio_ui5_key":"sapm.GenericTile{\"header\":\"Manage Resources\"}"}]}
RESULT: {"script":"<script> [1562 bytes]","args":[{"selector":{"controlType":"sap.m.GenericTile","properties":{"header":"Manage Resources"}},"wdio_ui5_key":"sapm.GenericTile{\"header\":\"Manage Resources\"}"}]}
RESULT: undefined
COMMAND: POST /session/d06e4a31898e4cf5ae1f0dc562bb1a4d/element - {"using":"xpath","value":"//*[@id=\"__tile39\"]"}
RESULT: {"using":"xpath","value":"//*[@id=\"__tile39\"]"}
COMMAND: POST /session/d06e4a31898e4cf5ae1f0dc562bb1a4d/element/f.FF7867651CD8E469CE707B8552024CE8.d.45B60EA92201DB09E473623E149BEE9B.e.3389/click - {}
RESULT: {}
COMMAND: GET /session/d06e4a31898e4cf5ae1f0dc562bb1a4d/screenshot - {}
RESULT: {}
COMMAND: POST /session/d06e4a31898e4cf5ae1f0dc562bb1a4d/elements - {"using":"xpath","value":"//span[text()='Error']"}
RESULT: {"using":"xpath","value":"//span[text()='Error']"}
COMMAND: POST /session/d06e4a31898e4cf5ae1f0dc562bb1a4d/element - {"using":"xpath","value":"//button[@data-kt=\"addNewRUOverflowToolbarButton\"]"}
RESULT: {"using":"xpath","value":"//button[@data-kt=\"addNewRUOverflowToolbarButton\"]"}
COMMAND: POST /session/d06e4a31898e4cf5ae1f0dc562bb1a4d/execute/sync - {"script":"<script> [8489 bytes]","args":[{"element-6066-11e4-a52e-4f735466cecf":"f.FF7867651CD8E469CE707B8552024CE8.d.45B60EA92201DB09E473623E149BEE9B.e.3429","ELEMENT":"f.FF7867651CD8E469CE707B8552024CE8.d.45B60EA92201DB09E473623E149BEE9B.e.3429"}]}
RESULT: {"script":"<script> [8489 bytes]","args":[{"element-6066-11e4-a52e-4f735466cecf":"f.FF7867651CD8E469CE707B8552024CE8.d.45B60EA92201DB09E473623E149BEE9B.e.3429","ELEMENT":"f.FF7867651CD8E469CE707B8552024CE8.d.45B60EA92201DB09E473623E149BEE9B.e.3429"}]}
COMMAND: POST /session/d06e4a31898e4cf5ae1f0dc562bb1a4d/element/f.FF7867651CD8E469CE707B8552024CE8.d.45B60EA92201DB09E473623E149BEE9B.e.3429/click - {}
COMMAND: GET /session/d06e4a31898e4cf5ae1f0dc562bb1a4d/screenshot - {}
RESULT: {}
COMMAND: GET /session/d06e4a31898e4cf5ae1f0dc562bb1a4d/screenshot - {}
RESULT: {}
COMMAND: POST /session/d06e4a31898e4cf5ae1f0dc562bb1a4d/execute/async - {"script":"<script> [1562 bytes]","args":[{"selector":{"id":"application-manageresources-display-component---newResourceUnit--TYPE-arrow"},"wdio_ui5_key":"applicationmanageresources-display-component---newResourceUnit--TYPE-arrow"}]}
RESULT: {}
RESULT: {"script":"<script> [1562 bytes]","args":[{"selector":{"id":"application-manageresources-display-component---newResourceUnit--TYPE-arrow"},"wdio_ui5_key":"applicationmanageresources-display-component---newResourceUnit--TYPE-arrow"}]}
RESULT: undefined
COMMAND: POST /session/d06e4a31898e4cf5ae1f0dc562bb1a4d/element - {"using":"xpath","value":"//*[@id=\"application-manageresources-display-component---newResourceUnit--TYPE-arrow\"]"}
RESULT: {"using":"xpath","value":"//*[@id=\"application-manageresources-display-component---newResourceUnit--TYPE-arrow\"]"}
COMMAND: POST /session/d06e4a31898e4cf5ae1f0dc562bb1a4d/element/f.FF7867651CD8E469CE707B8552024CE8.d.45B60EA92201DB09E473623E149BEE9B.e.3754/click - {}
RESULT: {}
COMMAND: POST /session/d06e4a31898e4cf5ae1f0dc562bb1a4d/execute/async - {"script":"<script> [1562 bytes]","args":[{"selector":{"controlType":"sap.m.StandardListItem","viewName":"reusables.view.manageresources.NewResourceUnit","viewId":"application-manageresources-display-component---newResourceUnit","properties":{"title":"Equipment"},"searchOpenDialogs":true,"interaction":{"idSuffix":"content"}},"wdio_ui5_key":"reusablesview.manageresources.NewResourceUnitsap.m.StandardListItem{\"title\":\"Equipment\"}"}]}
COMMAND: GET /session/d06e4a31898e4cf5ae1f0dc562bb1a4d/screenshot - {}
RESULT: {"script":"<script> [1562 bytes]","args":[{"selector":{"controlType":"sap.m.StandardListItem","viewName":"reusables.view.manageresources.NewResourceUnit","viewId":"application-manageresources-display-component---newResourceUnit","properties":{"title":"Equipment"},"searchOpenDialogs":true,"interaction":{"idSuffix":"content"}},"wdio_ui5_key":"reusablesview.manageresources.NewResourceUnitsap.m.StandardListItem{\"title\":\"Equipment\"}"}]}
RESULT: undefined
COMMAND: POST /session/d06e4a31898e4cf5ae1f0dc562bb1a4d/element - {"using":"xpath","value":"//*[@id=\"__item180\"]"}
RESULT: {}
RESULT: {"using":"xpath","value":"//*[@id=\"__item180\"]"}
COMMAND: POST /session/d06e4a31898e4cf5ae1f0dc562bb1a4d/element/f.FF7867651CD8E469CE707B8552024CE8.d.45B60EA92201DB09E473623E149BEE9B.e.3757/click - {}
RESULT: {}
COMMAND: POST /session/d06e4a31898e4cf5ae1f0dc562bb1a4d/execute/async - {"script":"<script> [1562 bytes]","args":[{"selector":{"id":"application-manageresources-display-component---newResourceUnit--resourceId","interaction":{"idSuffix":"inner"}},"wdio_ui5_key":"applicationmanageresources-display-component---newResourceUnit--resourceId"}]}
COMMAND: GET /session/d06e4a31898e4cf5ae1f0dc562bb1a4d/screenshot - {}
RESULT: {"script":"<script> [1562 bytes]","args":[{"selector":{"id":"application-manageresources-display-component---newResourceUnit--resourceId","interaction":{"idSuffix":"inner"}},"wdio_ui5_key":"applicationmanageresources-display-component---newResourceUnit--resourceId"}]}
RESULT: undefined
COMMAND: POST /session/d06e4a31898e4cf5ae1f0dc562bb1a4d/execute/async - {"script":"<script> [776 bytes]","args":[{"enterText":"WdIOR2cEquiptwn3k","selector":{"id":"application-manageresources-display-component---newResourceUnit--resourceId","interaction":{"idSuffix":"inner"}},"clearTextFirst":true,"interactionType":"ENTER_TEXT"}]}
RESULT: {}
RESULT: {"script":"<script> [776 bytes]","args":[{"enterText":"WdIOR2cEquiptwn3k","selector":{"id":"application-manageresources-display-component---newResourceUnit--resourceId","interaction":{"idSuffix":"inner"}},"clearTextFirst":true,"interactionType":"ENTER_TEXT"}]}
COMMAND: POST /session/d06e4a31898e4cf5ae1f0dc562bb1a4d/execute/async - {"script":"<script> [1562 bytes]","args":[{"selector":{"id":"application-manageresources-display-component---newResourceUnit--SHORT_TEXT","interaction":{"idSuffix":"inner"}},"wdio_ui5_key":"applicationmanageresources-display-component---newResourceUnit--SHORT_TEXT"}]}
RESULT: {"script":"<script> [1562 bytes]","args":[{"selector":{"id":"application-manageresources-display-component---newResourceUnit--SHORT_TEXT","interaction":{"idSuffix":"inner"}},"wdio_ui5_key":"applicationmanageresources-display-component---newResourceUnit--SHORT_TEXT"}]}
RESULT: undefined
COMMAND: POST /session/d06e4a31898e4cf5ae1f0dc562bb1a4d/execute/async - {"script":"<script> [776 bytes]","args":[{"enterText":"WdIOR2cEquiptwn3k","selector":{"id":"application-manageresources-display-component---newResourceUnit--SHORT_TEXT","interaction":{"idSuffix":"inner"}},"clearTextFirst":true,"interactionType":"ENTER_TEXT"}]}
RESULT: {"script":"<script> [776 bytes]","args":[{"enterText":"WdIOR2cEquiptwn3k","selector":{"id":"application-manageresources-display-component---newResourceUnit--SHORT_TEXT","interaction":{"idSuffix":"inner"}},"clearTextFirst":true,"interactionType":"ENTER_TEXT"}]}
COMMAND: POST /session/d06e4a31898e4cf5ae1f0dc562bb1a4d/execute/async - {"script":"<script> [1562 bytes]","args":[{"selector":{"id":"application-manageresources-display-component---newResourceUnit--BASE_UNIT_OF_MEASURE","interaction":{"idSuffix":"inner"}},"wdio_ui5_key":"applicationmanageresources-display-component---newResourceUnit--BASE_UNIT_OF_MEASURE"}]}
RESULT: {"script":"<script> [1562 bytes]","args":[{"selector":{"id":"application-manageresources-display-component---newResourceUnit--BASE_UNIT_OF_MEASURE","interaction":{"idSuffix":"inner"}},"wdio_ui5_key":"applicationmanageresources-display-component---newResourceUnit--BASE_UNIT_OF_MEASURE"}]}
RESULT: undefined
COMMAND: POST /session/d06e4a31898e4cf5ae1f0dc562bb1a4d/execute/async - {"script":"<script> [776 bytes]","args":[{"enterText":"Piece","selector":{"id":"application-manageresources-display-component---newResourceUnit--BASE_UNIT_OF_MEASURE","interaction":{"idSuffix":"inner"}},"clearTextFirst":true,"interactionType":"ENTER_TEXT"}]}
RESULT: {"script":"<script> [776 bytes]","args":[{"enterText":"Piece","selector":{"id":"application-manageresources-display-component---newResourceUnit--BASE_UNIT_OF_MEASURE","interaction":{"idSuffix":"inner"}},"clearTextFirst":true,"interactionType":"ENTER_TEXT"}]}
COMMAND: POST /session/d06e4a31898e4cf5ae1f0dc562bb1a4d/execute/async - {"script":"<script> [1562 bytes]","args":[{"selector":{"id":"application-manageresources-display-component---newResourceUnit--WEIGHT_UNIT","interaction":{"idSuffix":"inner"}},"wdio_ui5_key":"applicationmanageresources-display-component---newResourceUnit--WEIGHT_UNIT"}]}
RESULT: {"script":"<script> [1562 bytes]","args":[{"selector":{"id":"application-manageresources-display-component---newResourceUnit--WEIGHT_UNIT","interaction":{"idSuffix":"inner"}},"wdio_ui5_key":"applicationmanageresources-display-component---newResourceUnit--WEIGHT_UNIT"}]}
RESULT: undefined
COMMAND: POST /session/d06e4a31898e4cf5ae1f0dc562bb1a4d/execute/async - {"script":"<script> [776 bytes]","args":[{"enterText":"Gram","selector":{"id":"application-manageresources-display-component---newResourceUnit--WEIGHT_UNIT","interaction":{"idSuffix":"inner"}},"clearTextFirst":true,"interactionType":"ENTER_TEXT"}]}
RESULT: {"script":"<script> [776 bytes]","args":[{"enterText":"Gram","selector":{"id":"application-manageresources-display-component---newResourceUnit--WEIGHT_UNIT","interaction":{"idSuffix":"inner"}},"clearTextFirst":true,"interactionType":"ENTER_TEXT"}]}
COMMAND: POST /session/d06e4a31898e4cf5ae1f0dc562bb1a4d/execute/async - {"script":"<script> [1562 bytes]","args":[{"selector":{"id":"application-manageresources-display-component---newResourceUnit--newRRUPage-OPHeaderContent-collapseBtn-img"},"wdio_ui5_key":"applicationmanageresources-display-component---newResourceUnit--newRRUPage-OPHeaderContent-collapseBtn-img"}]}
RESULT: {"script":"<script> [1562 bytes]","args":[{"selector":{"id":"application-manageresources-display-component---newResourceUnit--newRRUPage-OPHeaderContent-collapseBtn-img"},"wdio_ui5_key":"applicationmanageresources-display-component---newResourceUnit--newRRUPage-OPHeaderContent-collapseBtn-img"}]}
RESULT: undefined
COMMAND: POST /session/d06e4a31898e4cf5ae1f0dc562bb1a4d/element - {"using":"xpath","value":"//*[@id=\"application-manageresources-display-component---newResourceUnit--newRRUPage-OPHeaderContent-collapseBtn-img\"]"}
RESULT: {"using":"xpath","value":"//*[@id=\"application-manageresources-display-component---newResourceUnit--newRRUPage-OPHeaderContent-collapseBtn-img\"]"}
COMMAND: POST /session/d06e4a31898e4cf5ae1f0dc562bb1a4d/element/f.FF7867651CD8E469CE707B8552024CE8.d.45B60EA92201DB09E473623E149BEE9B.e.3765/click - {}
RESULT: {}
COMMAND: GET /session/d06e4a31898e4cf5ae1f0dc562bb1a4d/screenshot - {}
RESULT: {}
COMMAND: POST /session/d06e4a31898e4cf5ae1f0dc562bb1a4d/element - {"using":"xpath","value":"(//span[contains(@id ,\"application-manageresources-display-component---newResourceUnit--DIMENSION_UNIT-arrow\")])[1]"}
RESULT: {"using":"xpath","value":"(//span[contains(@id ,\"application-manageresources-display-component---newResourceUnit--DIMENSION_UNIT-arrow\")])[1]"}
COMMAND: POST /session/d06e4a31898e4cf5ae1f0dc562bb1a4d/element/f.FF7867651CD8E469CE707B8552024CE8.d.45B60EA92201DB09E473623E149BEE9B.e.3886/click - {}
RESULT: {}
COMMAND: GET /session/d06e4a31898e4cf5ae1f0dc562bb1a4d/screenshot - {}
RESULT: {}
COMMAND: POST /session/d06e4a31898e4cf5ae1f0dc562bb1a4d/execute/async - {"script":"<script> [1562 bytes]","args":[{"selector":{"controlType":"sap.m.StandardListItem","viewName":"reusables.view.manageresources.NewResourceUnit","viewId":"application-manageresources-display-component---newResourceUnit","properties":{"title":"Centimeter"},"searchOpenDialogs":true,"interaction":{"idSuffix":"titleText"}},"wdio_ui5_key":"reusablesview.manageresources.NewResourceUnitsap.m.StandardListItem{\"title\":\"Centimeter\"}"}]}
RESULT: {"script":"<script> [1562 bytes]","args":[{"selector":{"controlType":"sap.m.StandardListItem","viewName":"reusables.view.manageresources.NewResourceUnit","viewId":"application-manageresources-display-component---newResourceUnit","properties":{"title":"Centimeter"},"searchOpenDialogs":true,"interaction":{"idSuffix":"titleText"}},"wdio_ui5_key":"reusablesview.manageresources.NewResourceUnitsap.m.StandardListItem{\"title\":\"Centimeter\"}"}]}
RESULT: undefined
COMMAND: POST /session/d06e4a31898e4cf5ae1f0dc562bb1a4d/element - {"using":"xpath","value":"//*[@id=\"__item221\"]"}
RESULT: {"using":"xpath","value":"//*[@id=\"__item221\"]"}
COMMAND: POST /session/d06e4a31898e4cf5ae1f0dc562bb1a4d/element/f.FF7867651CD8E469CE707B8552024CE8.d.45B60EA92201DB09E473623E149BEE9B.e.3890/click - {}
RESULT: {}
COMMAND: GET /session/d06e4a31898e4cf5ae1f0dc562bb1a4d/screenshot - {}
RESULT: {}
COMMAND: POST /session/d06e4a31898e4cf5ae1f0dc562bb1a4d/execute/async - {"script":"<script> [1562 bytes]","args":[{"selector":{"id":"application-manageresources-display-component---newResourceUnit--newRRUPage-anchBar-application-manageresources-display-component---newResourceUnit--control-anchor","interaction":{"idSuffix":"BDI-content"}},"wdio_ui5_key":"applicationmanageresources-display-component---newResourceUnit--newRRUPage-anchBar-application-manageresources-display-component---newResourceUnit--control-anchor"}]}
RESULT: {"script":"<script> [1562 bytes]","args":[{"selector":{"id":"application-manageresources-display-component---newResourceUnit--newRRUPage-anchBar-application-manageresources-display-component---newResourceUnit--control-anchor","interaction":{"idSuffix":"BDI-content"}},"wdio_ui5_key":"applicationmanageresources-display-component---newResourceUnit--newRRUPage-anchBar-application-manageresources-display-component---newResourceUnit--control-anchor"}]}
RESULT: undefined
COMMAND: POST /session/d06e4a31898e4cf5ae1f0dc562bb1a4d/element - {"using":"xpath","value":"//*[@id=\"application-manageresources-display-component---newResourceUnit--newRRUPage-anchBar-application-manageresources-display-component---newResourceUnit--control-anchor\"]"}
RESULT: {"using":"xpath","value":"//*[@id=\"application-manageresources-display-component---newResourceUnit--newRRUPage-anchBar-application-manageresources-display-component---newResourceUnit--control-anchor\"]"}
COMMAND: POST /session/d06e4a31898e4cf5ae1f0dc562bb1a4d/element/f.FF7867651CD8E469CE707B8552024CE8.d.45B60EA92201DB09E473623E149BEE9B.e.3892/click - {}
RESULT: {}
COMMAND: POST /session/d06e4a31898e4cf5ae1f0dc562bb1a4d/execute/async - {"script":"<script> [1562 bytes]","args":[{"selector":{"id":"application-manageresources-display-component---newResourceUnit--PLANNING_GROUP","interaction":{"idSuffix":"inner"}},"wdio_ui5_key":"applicationmanageresources-display-component---newResourceUnit--PLANNING_GROUP"}]}
COMMAND: GET /session/d06e4a31898e4cf5ae1f0dc562bb1a4d/screenshot - {}
RESULT: {"script":"<script> [1562 bytes]","args":[{"selector":{"id":"application-manageresources-display-component---newResourceUnit--PLANNING_GROUP","interaction":{"idSuffix":"inner"}},"wdio_ui5_key":"applicationmanageresources-display-component---newResourceUnit--PLANNING_GROUP"}]}
RESULT: undefined
COMMAND: POST /session/d06e4a31898e4cf5ae1f0dc562bb1a4d/execute/async - {"script":"<script> [776 bytes]","args":[{"enterText":"Heavy Equi","selector":{"id":"application-manageresources-display-component---newResourceUnit--PLANNING_GROUP","interaction":{"idSuffix":"inner"}},"clearTextFirst":true,"interactionType":"ENTER_TEXT"}]}
RESULT: {}
RESULT: {"script":"<script> [776 bytes]","args":[{"enterText":"Heavy Equi","selector":{"id":"application-manageresources-display-component---newResourceUnit--PLANNING_GROUP","interaction":{"idSuffix":"inner"}},"clearTextFirst":true,"interactionType":"ENTER_TEXT"}]}
COMMAND: POST /session/d06e4a31898e4cf5ae1f0dc562bb1a4d/execute/async - {"script":"<script> [1562 bytes]","args":[{"selector":{"id":"application-manageresources-display-component---newResourceUnit--ITEM_TYPE-arrow"},"wdio_ui5_key":"applicationmanageresources-display-component---newResourceUnit--ITEM_TYPE-arrow"}]}
RESULT: {"script":"<script> [1562 bytes]","args":[{"selector":{"id":"application-manageresources-display-component---newResourceUnit--ITEM_TYPE-arrow"},"wdio_ui5_key":"applicationmanageresources-display-component---newResourceUnit--ITEM_TYPE-arrow"}]}
RESULT: undefined
COMMAND: POST /session/d06e4a31898e4cf5ae1f0dc562bb1a4d/element - {"using":"xpath","value":"//*[@id=\"application-manageresources-display-component---newResourceUnit--ITEM_TYPE-arrow\"]"}
RESULT: {"using":"xpath","value":"//*[@id=\"application-manageresources-display-component---newResourceUnit--ITEM_TYPE-arrow\"]"}
COMMAND: POST /session/d06e4a31898e4cf5ae1f0dc562bb1a4d/element/f.FF7867651CD8E469CE707B8552024CE8.d.45B60EA92201DB09E473623E149BEE9B.e.3897/click - {}
RESULT: {}
COMMAND: POST /session/d06e4a31898e4cf5ae1f0dc562bb1a4d/execute/async - {"script":"<script> [1562 bytes]","args":[{"selector":{"controlType":"sap.m.StandardListItem","viewName":"reusables.view.manageresources.NewResourceUnit","viewId":"application-manageresources-display-component---newResourceUnit","properties":{"title":"Resource Unit"},"searchOpenDialogs":true,"interaction":{"idSuffix":"titleText"}},"wdio_ui5_key":"reusablesview.manageresources.NewResourceUnitsap.m.StandardListItem{\"title\":\"Resource Unit\"}"}]}
COMMAND: GET /session/d06e4a31898e4cf5ae1f0dc562bb1a4d/screenshot - {}
RESULT: {"script":"<script> [1562 bytes]","args":[{"selector":{"controlType":"sap.m.StandardListItem","viewName":"reusables.view.manageresources.NewResourceUnit","viewId":"application-manageresources-display-component---newResourceUnit","properties":{"title":"Resource Unit"},"searchOpenDialogs":true,"interaction":{"idSuffix":"titleText"}},"wdio_ui5_key":"reusablesview.manageresources.NewResourceUnitsap.m.StandardListItem{\"title\":\"Resource Unit\"}"}]}
RESULT: undefined
COMMAND: POST /session/d06e4a31898e4cf5ae1f0dc562bb1a4d/element - {"using":"xpath","value":"//*[@id=\"__item243\"]"}
RESULT: {}
RESULT: {"using":"xpath","value":"//*[@id=\"__item243\"]"}
COMMAND: POST /session/d06e4a31898e4cf5ae1f0dc562bb1a4d/element/f.FF7867651CD8E469CE707B8552024CE8.d.45B60EA92201DB09E473623E149BEE9B.e.3899/click - {}
RESULT: {}
COMMAND: POST /session/d06e4a31898e4cf5ae1f0dc562bb1a4d/element - {"using":"xpath","value":"//bdi[contains(text(), \"Time Segment\")]"}
COMMAND: GET /session/d06e4a31898e4cf5ae1f0dc562bb1a4d/screenshot - {}
RESULT: {"using":"xpath","value":"//bdi[contains(text(), \"Time Segment\")]"}
COMMAND: GET /session/d06e4a31898e4cf5ae1f0dc562bb1a4d/element/f.FF7867651CD8E469CE707B8552024CE8.d.45B60EA92201DB09E473623E149BEE9B.e.3900/rect - {}
RESULT: {}
RESULT: {}
COMMAND: GET /session/d06e4a31898e4cf5ae1f0dc562bb1a4d/window/rect - {}
RESULT: {}
COMMAND: POST /session/d06e4a31898e4cf5ae1f0dc562bb1a4d/execute/sync - {"script":"<script> [92 bytes]","args":[]}
RESULT: {"script":"<script> [92 bytes]","args":[]}
COMMAND: POST /session/d06e4a31898e4cf5ae1f0dc562bb1a4d/actions - {"actions":[{"id":"action7","type":"wheel","parameters":{},"actions":[{"type":"scroll","x":-1820,"y":-21,"deltaX":0,"deltaY":0,"duration":0,"origin":{"element-6066-11e4-a52e-4f735466cecf":"f.FF7867651CD8E469CE707B8552024CE8.d.45B60EA92201DB09E473623E149BEE9B.e.3900"}}]}]}
COMMAND: GET /session/d06e4a31898e4cf5ae1f0dc562bb1a4d/screenshot - {}
RESULT: {}
COMMAND: POST /session/d06e4a31898e4cf5ae1f0dc562bb1a4d/execute/sync - {"script":"<script> [79 bytes]","args":[{"element-6066-11e4-a52e-4f735466cecf":"f.FF7867651CD8E469CE707B8552024CE8.d.45B60EA92201DB09E473623E149BEE9B.e.3900","ELEMENT":"f.FF7867651CD8E469CE707B8552024CE8.d.45B60EA92201DB09E473623E149BEE9B.e.3900"},{"block":"start","inline":"nearest"}]}
RESULT: {"script":"<script> [79 bytes]","args":[{"element-6066-11e4-a52e-4f735466cecf":"f.FF7867651CD8E469CE707B8552024CE8.d.45B60EA92201DB09E473623E149BEE9B.e.3900","ELEMENT":"f.FF7867651CD8E469CE707B8552024CE8.d.45B60EA92201DB09E473623E149BEE9B.e.3900"},{"block":"start","inline":"nearest"}]}
COMMAND: POST /session/d06e4a31898e4cf5ae1f0dc562bb1a4d/execute/async - {"script":"<script> [1562 bytes]","args":[{"selector":{"id":"application-manageresources-display-component---newResourceUnit--btnAddTimeSegment-img"},"wdio_ui5_key":"applicationmanageresources-display-component---newResourceUnit--btnAddTimeSegment-img"}]}
COMMAND: GET /session/d06e4a31898e4cf5ae1f0dc562bb1a4d/screenshot - {}
RESULT: {"script":"<script> [1562 bytes]","args":[{"selector":{"id":"application-manageresources-display-component---newResourceUnit--btnAddTimeSegment-img"},"wdio_ui5_key":"applicationmanageresources-display-component---newResourceUnit--btnAddTimeSegment-img"}]}
RESULT: undefined
COMMAND: POST /session/d06e4a31898e4cf5ae1f0dc562bb1a4d/element - {"using":"xpath","value":"//*[@id=\"application-manageresources-display-component---newResourceUnit--btnAddTimeSegment-img\"]"}
RESULT: {}
RESULT: {"using":"xpath","value":"//*[@id=\"application-manageresources-display-component---newResourceUnit--btnAddTimeSegment-img\"]"}
COMMAND: POST /session/d06e4a31898e4cf5ae1f0dc562bb1a4d/element/f.FF7867651CD8E469CE707B8552024CE8.d.45B60EA92201DB09E473623E149BEE9B.e.3903/click - {}
RESULT: {}
COMMAND: GET /session/d06e4a31898e4cf5ae1f0dc562bb1a4d/screenshot - {}
RESULT: {}
COMMAND: POST /session/d06e4a31898e4cf5ae1f0dc562bb1a4d/element - {"using":"xpath","value":"//input[@id=\"application-manageresources-display-component---newResourceUnit--idRuTSAdmin-application-manageresources-display-component---newResourceUnit--RUTimeSegment-0-inner\"]"}
RESULT: {"using":"xpath","value":"//input[@id=\"application-manageresources-display-component---newResourceUnit--idRuTSAdmin-application-manageresources-display-component---newResourceUnit--RUTimeSegment-0-inner\"]"}
COMMAND: POST /session/d06e4a31898e4cf5ae1f0dc562bb1a4d/element/f.FF7867651CD8E469CE707B8552024CE8.d.45B60EA92201DB09E473623E149BEE9B.e.3907/clear - {}
RESULT: {}
COMMAND: POST /session/d06e4a31898e4cf5ae1f0dc562bb1a4d/element/f.FF7867651CD8E469CE707B8552024CE8.d.45B60EA92201DB09E473623E149BEE9B.e.3907/value - {"text":"WebdriverYardgx1k1"}
COMMAND: GET /session/d06e4a31898e4cf5ae1f0dc562bb1a4d/screenshot - {}
RESULT: {"text":"WebdriverYardgx1k1"}
COMMAND: GET /session/d06e4a31898e4cf5ae1f0dc562bb1a4d/screenshot - {}
RESULT: {}
RESULT: {}
COMMAND: POST /session/d06e4a31898e4cf5ae1f0dc562bb1a4d/actions - {"actions":[{"id":"action8","type":"key","parameters":{},"actions":[{"type":"keyDown","value":"î€‡"},{"type":"pause","duration":10},{"type":"keyUp","value":"î€‡"}]}]}
RESULT: {"actions":[{"id":"action8","type":"key","parameters":{},"actions":[{"type":"keyDown","value":"î€‡"},{"type":"pause","duration":10},{"type":"keyUp","value":"î€‡"}]}]}
COMMAND: POST /session/d06e4a31898e4cf5ae1f0dc562bb1a4d/execute/async - {"script":"<script> [1562 bytes]","args":[{"selector":{"controlType":"sap.ui.core.Icon","viewName":"reusables.view.manageresources.NewResourceUnit","viewId":"application-manageresources-display-component---newResourceUnit","properties":{"src":{"regex":{"source":"slim\\-arrow\\-down"}}},"ancestor":{"controlType":"sap.m.ComboBox","viewName":"reusables.view.manageresources.NewResourceUnit","viewId":"application-manageresources-display-component---newResourceUnit","bindingPath":{"path":"/RESOURCE_UNIT_TIME_SEQUENCES/0","propertyPath":"COST_OBJECT_ADMIN_CST_TYPE","modelName":"oNewRruModel"}}},"wdio_ui5_key":"reusablesview.manageresources.NewResourceUnitsap.ui.core.Icon{\"src\":{\"regex\":{\"source\":\"slim\\\\-arrow\\\\-down\"}}}{\"controlType\":\"sap.m.ComboBox\",\"viewName\":\"reusables.view.manageresources.NewResourceUnit\",\"viewId\":\"application-manageresources-display-component---newResourceUnit\",\"bindingPath\":{\"path\":\"/RESOURCE_UNIT_TIME_SEQUENCES/0\",\"propertyPath\":\"COST_OBJECT_ADMIN_CST_TYPE\",\"modelName\":\"oNewRruModel\"}}"}]}
COMMAND: GET /session/d06e4a31898e4cf5ae1f0dc562bb1a4d/screenshot - {}
RESULT: {"script":"<script> [1562 bytes]","args":[{"selector":{"controlType":"sap.ui.core.Icon","viewName":"reusables.view.manageresources.NewResourceUnit","viewId":"application-manageresources-display-component---newResourceUnit","properties":{"src":{"regex":{"source":"slim\\-arrow\\-down"}}},"ancestor":{"controlType":"sap.m.ComboBox","viewName":"reusables.view.manageresources.NewResourceUnit","viewId":"application-manageresources-display-component---newResourceUnit","bindingPath":{"path":"/RESOURCE_UNIT_TIME_SEQUENCES/0","propertyPath":"COST_OBJECT_ADMIN_CST_TYPE","modelName":"oNewRruModel"}}},"wdio_ui5_key":"reusablesview.manageresources.NewResourceUnitsap.ui.core.Icon{\"src\":{\"regex\":{\"source\":\"slim\\\\-arrow\\\\-down\"}}}{\"controlType\":\"sap.m.ComboBox\",\"viewName\":\"reusables.view.manageresources.NewResourceUnit\",\"viewId\":\"application-manageresources-display-component---newResourceUnit\",\"bindingPath\":{\"path\":\"/RESOURCE_UNIT_TIME_SEQUENCES/0\",\"propertyPath\":\"COST_OBJECT_ADMIN_CST_TYPE\",\"modelName\":\"oNewRruModel\"}}"}]}
RESULT: undefined
COMMAND: POST /session/d06e4a31898e4cf5ae1f0dc562bb1a4d/element - {"using":"xpath","value":"//*[@id=\"__box7-application-manageresources-display-component---newResourceUnit--RUTimeSegment-0-arrow\"]"}
RESULT: {}
RESULT: {"using":"xpath","value":"//*[@id=\"__box7-application-manageresources-display-component---newResourceUnit--RUTimeSegment-0-arrow\"]"}
COMMAND: POST /session/d06e4a31898e4cf5ae1f0dc562bb1a4d/element/f.FF7867651CD8E469CE707B8552024CE8.d.45B60EA92201DB09E473623E149BEE9B.e.3919/click - {}
RESULT: {}
COMMAND: POST /session/d06e4a31898e4cf5ae1f0dc562bb1a4d/execute/async - {"script":"<script> [1562 bytes]","args":[{"selector":{"controlType":"sap.m.StandardListItem","viewName":"reusables.view.manageresources.NewResourceUnit","viewId":"application-manageresources-display-component---newResourceUnit","properties":{"title":"PM Order"},"searchOpenDialogs":true,"interaction":{"idSuffix":"titleText"}},"wdio_ui5_key":"reusablesview.manageresources.NewResourceUnitsap.m.StandardListItem{\"title\":\"PM Order\"}"}]}
COMMAND: GET /session/d06e4a31898e4cf5ae1f0dc562bb1a4d/screenshot - {}
RESULT: {"script":"<script> [1562 bytes]","args":[{"selector":{"controlType":"sap.m.StandardListItem","viewName":"reusables.view.manageresources.NewResourceUnit","viewId":"application-manageresources-display-component---newResourceUnit","properties":{"title":"PM Order"},"searchOpenDialogs":true,"interaction":{"idSuffix":"titleText"}},"wdio_ui5_key":"reusablesview.manageresources.NewResourceUnitsap.m.StandardListItem{\"title\":\"PM Order\"}"}]}
RESULT: undefined
COMMAND: POST /session/d06e4a31898e4cf5ae1f0dc562bb1a4d/element - {"using":"xpath","value":"//*[@id=\"__item652\"]"}
RESULT: {}
RESULT: {"using":"xpath","value":"//*[@id=\"__item652\"]"}
COMMAND: POST /session/d06e4a31898e4cf5ae1f0dc562bb1a4d/element/f.FF7867651CD8E469CE707B8552024CE8.d.45B60EA92201DB09E473623E149BEE9B.e.3923/click - {}
RESULT: {}
COMMAND: GET /session/d06e4a31898e4cf5ae1f0dc562bb1a4d/screenshot - {}
RESULT: {}
COMMAND: POST /session/d06e4a31898e4cf5ae1f0dc562bb1a4d/element - {"using":"xpath","value":"(//input[contains(@id ,\"-application-manageresources-display-component---newResourceUnit--RUTimeSegment-0-inner\")])[8]"}
RESULT: {"using":"xpath","value":"(//input[contains(@id ,\"-application-manageresources-display-component---newResourceUnit--RUTimeSegment-0-inner\")])[8]"}
COMMAND: POST /session/d06e4a31898e4cf5ae1f0dc562bb1a4d/element/f.FF7867651CD8E469CE707B8552024CE8.d.45B60EA92201DB09E473623E149BEE9B.e.3926/clear - {}
RESULT: {}
COMMAND: POST /session/d06e4a31898e4cf5ae1f0dc562bb1a4d/element/f.FF7867651CD8E469CE707B8552024CE8.d.45B60EA92201DB09E473623E149BEE9B.e.3926/value - {"text":"4000360"}
COMMAND: GET /session/d06e4a31898e4cf5ae1f0dc562bb1a4d/screenshot - {}
RESULT: {"text":"4000360"}
COMMAND: GET /session/d06e4a31898e4cf5ae1f0dc562bb1a4d/screenshot - {}
RESULT: {}
RESULT: {}
COMMAND: POST /session/d06e4a31898e4cf5ae1f0dc562bb1a4d/actions - {"actions":[{"id":"action9","type":"key","parameters":{},"actions":[{"type":"keyDown","value":"î€‡"},{"type":"pause","duration":10},{"type":"keyUp","value":"î€‡"}]}]}
RESULT: {"actions":[{"id":"action9","type":"key","parameters":{},"actions":[{"type":"keyDown","value":"î€‡"},{"type":"pause","duration":10},{"type":"keyUp","value":"î€‡"}]}]}
COMMAND: GET /session/d06e4a31898e4cf5ae1f0dc562bb1a4d/screenshot - {}
RESULT: {}
COMMAND: POST /session/d06e4a31898e4cf5ae1f0dc562bb1a4d/element - {"using":"xpath","value":"//input[contains(@id ,\"application-manageresources-display-component---newResourceUnit--newTimeSegmentFromDatePicker-application-manageresources-display-component---newResourceUnit--RUTimeSegment-0-inner\")]"}
RESULT: {"using":"xpath","value":"//input[contains(@id ,\"application-manageresources-display-component---newResourceUnit--newTimeSegmentFromDatePicker-application-manageresources-display-component---newResourceUnit--RUTimeSegment-0-inner\")]"}
COMMAND: POST /session/d06e4a31898e4cf5ae1f0dc562bb1a4d/element/f.FF7867651CD8E469CE707B8552024CE8.d.45B60EA92201DB09E473623E149BEE9B.e.3914/clear - {}
RESULT: {}
COMMAND: POST /session/d06e4a31898e4cf5ae1f0dc562bb1a4d/element/f.FF7867651CD8E469CE707B8552024CE8.d.45B60EA92201DB09E473623E149BEE9B.e.3914/clear - {}
COMMAND: GET /session/d06e4a31898e4cf5ae1f0dc562bb1a4d/screenshot - {}
RESULT: {}
COMMAND: POST /session/d06e4a31898e4cf5ae1f0dc562bb1a4d/element/f.FF7867651CD8E469CE707B8552024CE8.d.45B60EA92201DB09E473623E149BEE9B.e.3914/value - {"text":"06/17/24"}
COMMAND: GET /session/d06e4a31898e4cf5ae1f0dc562bb1a4d/screenshot - {}
RESULT: {}
RESULT: {"text":"06/17/24"}
COMMAND: POST /session/d06e4a31898e4cf5ae1f0dc562bb1a4d/execute/async - {"script":"<script> [1562 bytes]","args":[{"selector":{"id":"application-manageresources-display-component---newResourceUnit--newRRUPage-anchBar-application-manageresources-display-component---newResourceUnit--resource-anchor","interaction":{"idSuffix":"BDI-content"}},"wdio_ui5_key":"applicationmanageresources-display-component---newResourceUnit--newRRUPage-anchBar-application-manageresources-display-component---newResourceUnit--resource-anchor"}]}
COMMAND: GET /session/d06e4a31898e4cf5ae1f0dc562bb1a4d/screenshot - {}
RESULT: {}
RESULT: {"script":"<script> [1562 bytes]","args":[{"selector":{"id":"application-manageresources-display-component---newResourceUnit--newRRUPage-anchBar-application-manageresources-display-component---newResourceUnit--resource-anchor","interaction":{"idSuffix":"BDI-content"}},"wdio_ui5_key":"applicationmanageresources-display-component---newResourceUnit--newRRUPage-anchBar-application-manageresources-display-component---newResourceUnit--resource-anchor"}]}
RESULT: undefined
COMMAND: POST /session/d06e4a31898e4cf5ae1f0dc562bb1a4d/element - {"using":"xpath","value":"//*[@id=\"application-manageresources-display-component---newResourceUnit--newRRUPage-anchBar-application-manageresources-display-component---newResourceUnit--resource-anchor\"]"}
RESULT: {}
RESULT: {"using":"xpath","value":"//*[@id=\"application-manageresources-display-component---newResourceUnit--newRRUPage-anchBar-application-manageresources-display-component---newResourceUnit--resource-anchor\"]"}
COMMAND: POST /session/d06e4a31898e4cf5ae1f0dc562bb1a4d/element/f.FF7867651CD8E469CE707B8552024CE8.d.45B60EA92201DB09E473623E149BEE9B.e.3948/click - {}
RESULT: {}
COMMAND: POST /session/d06e4a31898e4cf5ae1f0dc562bb1a4d/execute/async - {"script":"<script> [1562 bytes]","args":[{"selector":{"id":"application-manageresources-display-component---newResourceUnit--PLANNED_DELIVERY_DATE","interaction":{"idSuffix":"inner"}},"wdio_ui5_key":"applicationmanageresources-display-component---newResourceUnit--PLANNED_DELIVERY_DATE"}]}
COMMAND: GET /session/d06e4a31898e4cf5ae1f0dc562bb1a4d/screenshot - {}
RESULT: {"script":"<script> [1562 bytes]","args":[{"selector":{"id":"application-manageresources-display-component---newResourceUnit--PLANNED_DELIVERY_DATE","interaction":{"idSuffix":"inner"}},"wdio_ui5_key":"applicationmanageresources-display-component---newResourceUnit--PLANNED_DELIVERY_DATE"}]}
RESULT: undefined
COMMAND: POST /session/d06e4a31898e4cf5ae1f0dc562bb1a4d/execute/async - {"script":"<script> [6424 bytes]","args":[{"element-6066-11e4-a52e-4f735466cecf":"f.FF7867651CD8E469CE707B8552024CE8.d.45B60EA92201DB09E473623E149BEE9B.e.3811"},"setValue",["06/17/24"]]}
RESULT: {}
RESULT: {"script":"<script> [6424 bytes]","args":[{"element-6066-11e4-a52e-4f735466cecf":"f.FF7867651CD8E469CE707B8552024CE8.d.45B60EA92201DB09E473623E149BEE9B.e.3811"},"setValue",["06/17/24"]]}
COMMAND: POST /session/d06e4a31898e4cf5ae1f0dc562bb1a4d/execute/async - {"script":"<script> [1562 bytes]","args":[{"selector":{"id":"application-manageresources-display-component---newResourceUnit--RETIRE_PLANNED_DATE","interaction":{"idSuffix":"inner"}},"wdio_ui5_key":"applicationmanageresources-display-component---newResourceUnit--RETIRE_PLANNED_DATE"}]}
RESULT: {"script":"<script> [1562 bytes]","args":[{"selector":{"id":"application-manageresources-display-component---newResourceUnit--RETIRE_PLANNED_DATE","interaction":{"idSuffix":"inner"}},"wdio_ui5_key":"applicationmanageresources-display-component---newResourceUnit--RETIRE_PLANNED_DATE"}]}
RESULT: undefined
COMMAND: POST /session/d06e4a31898e4cf5ae1f0dc562bb1a4d/execute/async - {"script":"<script> [776 bytes]","args":[{"enterText":"3/14/29","selector":{"id":"application-manageresources-display-component---newResourceUnit--RETIRE_PLANNED_DATE","interaction":{"idSuffix":"inner"}},"clearTextFirst":true,"interactionType":"ENTER_TEXT"}]}
RESULT: {"script":"<script> [776 bytes]","args":[{"enterText":"3/14/29","selector":{"id":"application-manageresources-display-component---newResourceUnit--RETIRE_PLANNED_DATE","interaction":{"idSuffix":"inner"}},"clearTextFirst":true,"interactionType":"ENTER_TEXT"}]}
COMMAND: POST /session/d06e4a31898e4cf5ae1f0dc562bb1a4d/execute/async - {"script":"<script> [1562 bytes]","args":[{"selector":{"controlType":"sap.m.Button","viewName":"reusables.view.manageresources.NewResourceUnit","viewId":"application-manageresources-display-component---newResourceUnit","i18NText":{"propertyName":"tooltip","key":"save"},"interaction":{"idSuffix":"BDI-content"}},"wdio_ui5_key":"reusablesview.manageresources.NewResourceUnitsap.m.Button{\"propertyName\":\"tooltip\",\"key\":\"save\"}"}]}
RESULT: {"script":"<script> [1562 bytes]","args":[{"selector":{"controlType":"sap.m.Button","viewName":"reusables.view.manageresources.NewResourceUnit","viewId":"application-manageresources-display-component---newResourceUnit","i18NText":{"propertyName":"tooltip","key":"save"},"interaction":{"idSuffix":"BDI-content"}},"wdio_ui5_key":"reusablesview.manageresources.NewResourceUnitsap.m.Button{\"propertyName\":\"tooltip\",\"key\":\"save\"}"}]}
RESULT: undefined
COMMAND: POST /session/d06e4a31898e4cf5ae1f0dc562bb1a4d/element - {"using":"xpath","value":"//*[@id=\"application-manageresources-display-component---newResourceUnit--createRuButton\"]"}
RESULT: {"using":"xpath","value":"//*[@id=\"application-manageresources-display-component---newResourceUnit--createRuButton\"]"}
COMMAND: POST /session/d06e4a31898e4cf5ae1f0dc562bb1a4d/element/f.FF7867651CD8E469CE707B8552024CE8.d.45B60EA92201DB09E473623E149BEE9B.e.3771/click - {}
RESULT: {}
COMMAND: GET /session/d06e4a31898e4cf5ae1f0dc562bb1a4d/screenshot - {}
RESULT: {}
COMMAND: POST /session/d06e4a31898e4cf5ae1f0dc562bb1a4d/execute/async - {"script":"<script> [1562 bytes]","args":[{"selector":{"controlType":"sap.m.Button","properties":{"text":"Close"},"searchOpenDialogs":true,"interaction":{"idSuffix":"inner"}},"wdio_ui5_key":"sapm.Button{\"text\":\"Close\"}"}]}
RESULT: {"script":"<script> [1562 bytes]","args":[{"selector":{"controlType":"sap.m.Button","properties":{"text":"Close"},"searchOpenDialogs":true,"interaction":{"idSuffix":"inner"}},"wdio_ui5_key":"sapm.Button{\"text\":\"Close\"}"}]}
RESULT: undefined
COMMAND: POST /session/d06e4a31898e4cf5ae1f0dc562bb1a4d/element - {"using":"xpath","value":"//*[@id=\"__mbox-btn-0\"]"}
RESULT: {"using":"xpath","value":"//*[@id=\"__mbox-btn-0\"]"}
COMMAND: POST /session/d06e4a31898e4cf5ae1f0dc562bb1a4d/element/f.FF7867651CD8E469CE707B8552024CE8.d.45B60EA92201DB09E473623E149BEE9B.e.3956/click - {}
RESULT: {}
COMMAND: GET /session/d06e4a31898e4cf5ae1f0dc562bb1a4d/screenshot - {}
RESULT: {}
COMMAND: POST /session/d06e4a31898e4cf5ae1f0dc562bb1a4d/execute/async - {"script":"<script> [1562 bytes]","args":[{"selector":{"controlType":"sap.m.Text","viewName":"etm.portal.ui.manageresources.view.Detail","viewId":"application-manageresources-display-component---detailRU","bindingPath":{"propertyPath":"ID","modelName":"catalogModel"}},"wdio_ui5_key":"etmportal.ui.manageresources.view.Detailsap.m.Text{\"propertyPath\":\"ID\",\"modelName\":\"catalogModel\"}"}]}
RESULT: {"script":"<script> [1562 bytes]","args":[{"selector":{"controlType":"sap.m.Text","viewName":"etm.portal.ui.manageresources.view.Detail","viewId":"application-manageresources-display-component---detailRU","bindingPath":{"propertyPath":"ID","modelName":"catalogModel"}},"wdio_ui5_key":"etmportal.ui.manageresources.view.Detailsap.m.Text{\"propertyPath\":\"ID\",\"modelName\":\"catalogModel\"}"}]}
RESULT: undefined
COMMAND: POST /session/d06e4a31898e4cf5ae1f0dc562bb1a4d/execute/async - {"script":"<script> [6424 bytes]","args":[{"element-6066-11e4-a52e-4f735466cecf":"f.FF7867651CD8E469CE707B8552024CE8.d.45B60EA92201DB09E473623E149BEE9B.e.4014"},"getText",[]]}
RESULT: {"script":"<script> [6424 bytes]","args":[{"element-6066-11e4-a52e-4f735466cecf":"f.FF7867651CD8E469CE707B8552024CE8.d.45B60EA92201DB09E473623E149BEE9B.e.4014"},"getText",[]]}
COMMAND: POST /session/d06e4a31898e4cf5ae1f0dc562bb1a4d/element - {"using":"css selector","value":"#shell-header-logo"}
RESULT: {"using":"css selector","value":"#shell-header-logo"}
COMMAND: POST /session/d06e4a31898e4cf5ae1f0dc562bb1a4d/element/f.FF7867651CD8E469CE707B8552024CE8.d.45B60EA92201DB09E473623E149BEE9B.e.3391/click - {}
RESULT: {}
COMMAND: GET /session/d06e4a31898e4cf5ae1f0dc562bb1a4d/screenshot - {}
COMMAND: POST /session/d06e4a31898e4cf5ae1f0dc562bb1a4d/execute/async - {"script":"<script> [1562 bytes]","args":[{"selector":{"controlType":"sap.m.GenericTile","properties":{"header":"Manage Catalogs"}},"wdio_ui5_key":"sapm.GenericTile{\"header\":\"Manage Catalogs\"}"}]}
RESULT: {}
RESULT: {"script":"<script> [1562 bytes]","args":[{"selector":{"controlType":"sap.m.GenericTile","properties":{"header":"Manage Catalogs"}},"wdio_ui5_key":"sapm.GenericTile{\"header\":\"Manage Catalogs\"}"}]}
RESULT: undefined
COMMAND: POST /session/d06e4a31898e4cf5ae1f0dc562bb1a4d/element - {"using":"xpath","value":"//*[@id=\"__tile37\"]"}
RESULT: {"using":"xpath","value":"//*[@id=\"__tile37\"]"}
COMMAND: POST /session/d06e4a31898e4cf5ae1f0dc562bb1a4d/element/f.FF7867651CD8E469CE707B8552024CE8.d.45B60EA92201DB09E473623E149BEE9B.e.4016/click - {}
RESULT: {}
COMMAND: GET /session/d06e4a31898e4cf5ae1f0dc562bb1a4d/screenshot - {}
RESULT: {}
COMMAND: POST /session/d06e4a31898e4cf5ae1f0dc562bb1a4d/elements - {"using":"xpath","value":"//span[text()='Error']"}
RESULT: {"using":"xpath","value":"//span[text()='Error']"}
COMMAND: POST /session/d06e4a31898e4cf5ae1f0dc562bb1a4d/execute/async - {"script":"<script> [1562 bytes]","args":[{"selector":{"controlType":"sap.m.Text","viewName":"etm.portal.ui.managecatalogs.view.MasterCatalogs","viewId":"application-managecatalogs-display-component---masterCatalogs","bindingPath":{"path":"/Catalogs('0D7502D073D53A0F1700BE067B89AFF9')","propertyPath":"DESCRIPTION","modelName":"catalogModel"}},"wdio_ui5_key":"etmportal.ui.managecatalogs.view.MasterCatalogssap.m.Text{\"path\":\"/Catalogs('0D7502D073D53A0F1700BE067B89AFF9')\",\"propertyPath\":\"DESCRIPTION\",\"modelName\":\"catalogModel\"}"}]}
RESULT: {"script":"<script> [1562 bytes]","args":[{"selector":{"controlType":"sap.m.Text","viewName":"etm.portal.ui.managecatalogs.view.MasterCatalogs","viewId":"application-managecatalogs-display-component---masterCatalogs","bindingPath":{"path":"/Catalogs('0D7502D073D53A0F1700BE067B89AFF9')","propertyPath":"DESCRIPTION","modelName":"catalogModel"}},"wdio_ui5_key":"etmportal.ui.managecatalogs.view.MasterCatalogssap.m.Text{\"path\":\"/Catalogs('0D7502D073D53A0F1700BE067B89AFF9')\",\"propertyPath\":\"DESCRIPTION\",\"modelName\":\"catalogModel\"}"}]}
RESULT: undefined
COMMAND: POST /session/d06e4a31898e4cf5ae1f0dc562bb1a4d/element - {"using":"xpath","value":"//*[@id=\"__text919-application-managecatalogs-display-component---masterCatalogs--CatalogsTable-11\"]"}
RESULT: {"using":"xpath","value":"//*[@id=\"__text919-application-managecatalogs-display-component---masterCatalogs--CatalogsTable-11\"]"}
COMMAND: POST /session/d06e4a31898e4cf5ae1f0dc562bb1a4d/element/f.FF7867651CD8E469CE707B8552024CE8.d.45B60EA92201DB09E473623E149BEE9B.e.4084/click - {}
RESULT: {}
COMMAND: POST /session/d06e4a31898e4cf5ae1f0dc562bb1a4d/execute/async - {"script":"<script> [1562 bytes]","args":[{"selector":{"controlType":"sap.ui.layout.HorizontalLayout","viewName":"etm.portal.ui.managecatalogs.view.MasterItems","viewId":"application-managecatalogs-display-component---masterCatalogItems","ancestor":{"id":"application-managecatalogs-display-component---masterCatalogItems--idCatalogItemsTree-rows-row0"}},"wdio_ui5_key":"etmportal.ui.managecatalogs.view.MasterItemssap.ui.layout.HorizontalLayout{\"id\":\"application-managecatalogs-display-component---masterCatalogItems--idCatalogItemsTree-rows-row0\"}"}]}
COMMAND: GET /session/d06e4a31898e4cf5ae1f0dc562bb1a4d/screenshot - {}
RESULT: {"script":"<script> [1562 bytes]","args":[{"selector":{"controlType":"sap.ui.layout.HorizontalLayout","viewName":"etm.portal.ui.managecatalogs.view.MasterItems","viewId":"application-managecatalogs-display-component---masterCatalogItems","ancestor":{"id":"application-managecatalogs-display-component---masterCatalogItems--idCatalogItemsTree-rows-row0"}},"wdio_ui5_key":"etmportal.ui.managecatalogs.view.MasterItemssap.ui.layout.HorizontalLayout{\"id\":\"application-managecatalogs-display-component---masterCatalogItems--idCatalogItemsTree-rows-row0\"}"}]}
RESULT: undefined
COMMAND: POST /session/d06e4a31898e4cf5ae1f0dc562bb1a4d/element - {"using":"xpath","value":"//*[@id=\"__layout279-__clone1797\"]"}
RESULT: {}
RESULT: {"using":"xpath","value":"//*[@id=\"__layout279-__clone1797\"]"}
COMMAND: POST /session/d06e4a31898e4cf5ae1f0dc562bb1a4d/element/f.FF7867651CD8E469CE707B8552024CE8.d.45B60EA92201DB09E473623E149BEE9B.e.4113/click - {}
RESULT: {}
COMMAND: GET /session/d06e4a31898e4cf5ae1f0dc562bb1a4d/screenshot - {}
RESULT: {}
COMMAND: POST /session/d06e4a31898e4cf5ae1f0dc562bb1a4d/execute/async - {"script":"<script> [1562 bytes]","args":[{"selector":{"controlType":"sap.m.Button","viewName":"etm.portal.ui.managecatalogs.view.Detail","viewId":"application-managecatalogs-display-component---detailCatalog","i18NText":{"propertyName":"text","key":"edit"},"interaction":{"idSuffix":"BDI-content"}},"wdio_ui5_key":"etmportal.ui.managecatalogs.view.Detailsap.m.Button{\"propertyName\":\"text\",\"key\":\"edit\"}"}]}
RESULT: {"script":"<script> [1562 bytes]","args":[{"selector":{"controlType":"sap.m.Button","viewName":"etm.portal.ui.managecatalogs.view.Detail","viewId":"application-managecatalogs-display-component---detailCatalog","i18NText":{"propertyName":"text","key":"edit"},"interaction":{"idSuffix":"BDI-content"}},"wdio_ui5_key":"etmportal.ui.managecatalogs.view.Detailsap.m.Button{\"propertyName\":\"text\",\"key\":\"edit\"}"}]}
RESULT: undefined
COMMAND: POST /session/d06e4a31898e4cf5ae1f0dc562bb1a4d/element - {"using":"xpath","value":"//*[@id=\"__button118\"]"}
RESULT: {"using":"xpath","value":"//*[@id=\"__button118\"]"}
COMMAND: POST /session/d06e4a31898e4cf5ae1f0dc562bb1a4d/element/f.FF7867651CD8E469CE707B8552024CE8.d.45B60EA92201DB09E473623E149BEE9B.e.4227/click - {}
RESULT: {}
COMMAND: GET /session/d06e4a31898e4cf5ae1f0dc562bb1a4d/screenshot - {}
RESULT: {}
COMMAND: POST /session/d06e4a31898e4cf5ae1f0dc562bb1a4d/element - {"using":"xpath","value":"//bdi[contains(text(), \"Unlock\")]"}
RESULT: {"using":"xpath","value":"//bdi[contains(text(), \"Unlock\")]"}
COMMAND: POST /session/d06e4a31898e4cf5ae1f0dc562bb1a4d/elements - {"using":"xpath","value":"//bdi[contains(text(), \"Unlock\")]"}
RESULT: {"using":"xpath","value":"//bdi[contains(text(), \"Unlock\")]"}
COMMAND: POST /session/d06e4a31898e4cf5ae1f0dc562bb1a4d/execute/async - {"script":"<script> [1562 bytes]","args":[{"selector":{"controlType":"sap.ui.core.Icon","viewName":"etm.portal.ui.managecatalogs.view.Detail","viewId":"application-managecatalogs-display-component---detailCatalog","properties":{"src":{"regex":{"source":"add\\-folder"}}}},"wdio_ui5_key":"etmportal.ui.managecatalogs.view.Detailsap.ui.core.Icon{\"src\":{\"regex\":{\"source\":\"add\\\\-folder\"}}}"}]}
RESULT: {"script":"<script> [1562 bytes]","args":[{"selector":{"controlType":"sap.ui.core.Icon","viewName":"etm.portal.ui.managecatalogs.view.Detail","viewId":"application-managecatalogs-display-component---detailCatalog","properties":{"src":{"regex":{"source":"add\\-folder"}}}},"wdio_ui5_key":"etmportal.ui.managecatalogs.view.Detailsap.ui.core.Icon{\"src\":{\"regex\":{\"source\":\"add\\\\-folder\"}}}"}]}
RESULT: undefined
COMMAND: POST /session/d06e4a31898e4cf5ae1f0dc562bb1a4d/element - {"using":"xpath","value":"//*[@id=\"__button126-img\"]"}
RESULT: {"using":"xpath","value":"//*[@id=\"__button126-img\"]"}
COMMAND: POST /session/d06e4a31898e4cf5ae1f0dc562bb1a4d/element/f.FF7867651CD8E469CE707B8552024CE8.d.45B60EA92201DB09E473623E149BEE9B.e.4233/click - {}
RESULT: {}
COMMAND: GET /session/d06e4a31898e4cf5ae1f0dc562bb1a4d/screenshot - {}
RESULT: {}
COMMAND: POST /session/d06e4a31898e4cf5ae1f0dc562bb1a4d/execute/async - {"script":"<script> [1562 bytes]","args":[{"selector":{"id":"application-managecatalogs-display-component---detailCatalog--numberInput","searchOpenDialogs":true,"interaction":{"idSuffix":"inner"}},"wdio_ui5_key":"applicationmanagecatalogs-display-component---detailCatalog--numberInput"}]}
RESULT: {"script":"<script> [1562 bytes]","args":[{"selector":{"id":"application-managecatalogs-display-component---detailCatalog--numberInput","searchOpenDialogs":true,"interaction":{"idSuffix":"inner"}},"wdio_ui5_key":"applicationmanagecatalogs-display-component---detailCatalog--numberInput"}]}
RESULT: undefined
COMMAND: POST /session/d06e4a31898e4cf5ae1f0dc562bb1a4d/execute/async - {"script":"<script> [776 bytes]","args":[{"enterText":"Section5hn6w","selector":{"id":"application-managecatalogs-display-component---detailCatalog--numberInput","searchOpenDialogs":true,"interaction":{"idSuffix":"inner"}},"clearTextFirst":true,"interactionType":"ENTER_TEXT"}]}
RESULT: {"script":"<script> [776 bytes]","args":[{"enterText":"Section5hn6w","selector":{"id":"application-managecatalogs-display-component---detailCatalog--numberInput","searchOpenDialogs":true,"interaction":{"idSuffix":"inner"}},"clearTextFirst":true,"interactionType":"ENTER_TEXT"}]}
COMMAND: POST /session/d06e4a31898e4cf5ae1f0dc562bb1a4d/element - {"using":"css selector","value":"#application-managecatalogs-display-component---detailCatalog--nameInput-inner"}
RESULT: {"using":"css selector","value":"#application-managecatalogs-display-component---detailCatalog--nameInput-inner"}
COMMAND: POST /session/d06e4a31898e4cf5ae1f0dc562bb1a4d/elements - {"using":"css selector","value":"#application-managecatalogs-display-component---detailCatalog--nameInput-inner"}
RESULT: {"using":"css selector","value":"#application-managecatalogs-display-component---detailCatalog--nameInput-inner"}
COMMAND: POST /session/d06e4a31898e4cf5ae1f0dc562bb1a4d/element/f.FF7867651CD8E469CE707B8552024CE8.d.45B60EA92201DB09E473623E149BEE9B.e.4237/clear - {}
RESULT: {}
COMMAND: POST /session/d06e4a31898e4cf5ae1f0dc562bb1a4d/element/f.FF7867651CD8E469CE707B8552024CE8.d.45B60EA92201DB09E473623E149BEE9B.e.4237/value - {"text":"Webdriverhhvyi"}
COMMAND: GET /session/d06e4a31898e4cf5ae1f0dc562bb1a4d/screenshot - {}
RESULT: {"text":"Webdriverhhvyi"}
COMMAND: POST /session/d06e4a31898e4cf5ae1f0dc562bb1a4d/execute/async - {"script":"<script> [1562 bytes]","args":[{"selector":{"controlType":"sap.m.Button","viewName":"etm.portal.ui.managecatalogs.view.Detail","viewId":"application-managecatalogs-display-component---detailCatalog","i18NText":{"propertyName":"text","key":"create"},"searchOpenDialogs":true,"interaction":{"idSuffix":"BDI-content"}},"wdio_ui5_key":"etmportal.ui.managecatalogs.view.Detailsap.m.Button{\"propertyName\":\"text\",\"key\":\"create\"}"}]}
COMMAND: GET /session/d06e4a31898e4cf5ae1f0dc562bb1a4d/screenshot - {}
RESULT: {}
RESULT: {"script":"<script> [1562 bytes]","args":[{"selector":{"controlType":"sap.m.Button","viewName":"etm.portal.ui.managecatalogs.view.Detail","viewId":"application-managecatalogs-display-component---detailCatalog","i18NText":{"propertyName":"text","key":"create"},"searchOpenDialogs":true,"interaction":{"idSuffix":"BDI-content"}},"wdio_ui5_key":"etmportal.ui.managecatalogs.view.Detailsap.m.Button{\"propertyName\":\"text\",\"key\":\"create\"}"}]}
RESULT: undefined
COMMAND: POST /session/d06e4a31898e4cf5ae1f0dc562bb1a4d/element - {"using":"xpath","value":"//*[@id=\"__button96\"]"}
RESULT: {}
RESULT: {"using":"xpath","value":"//*[@id=\"__button96\"]"}
COMMAND: POST /session/d06e4a31898e4cf5ae1f0dc562bb1a4d/element/f.FF7867651CD8E469CE707B8552024CE8.d.45B60EA92201DB09E473623E149BEE9B.e.4242/click - {}
RESULT: {}
COMMAND: GET /session/d06e4a31898e4cf5ae1f0dc562bb1a4d/screenshot - {}
RESULT: {}
COMMAND: POST /session/d06e4a31898e4cf5ae1f0dc562bb1a4d/element - {"using":"xpath","value":"//button[@title=\"Save\"]"}
RESULT: {"using":"xpath","value":"//button[@title=\"Save\"]"}
COMMAND: POST /session/d06e4a31898e4cf5ae1f0dc562bb1a4d/element/f.FF7867651CD8E469CE707B8552024CE8.d.45B60EA92201DB09E473623E149BEE9B.e.4243/click - {}
RESULT: {}
COMMAND: POST /session/d06e4a31898e4cf5ae1f0dc562bb1a4d/execute/async - {"script":"<script> [1562 bytes]","args":[{"selector":{"controlType":"sap.ui.core.Icon","viewName":"etm.portal.ui.managecatalogs.view.Detail","viewId":"application-managecatalogs-display-component---detailCatalog","properties":{"src":{"regex":{"source":"decline"}}}},"wdio_ui5_key":"etmportal.ui.managecatalogs.view.Detailsap.ui.core.Icon{\"src\":{\"regex\":{\"source\":\"decline\"}}}"}]}
COMMAND: GET /session/d06e4a31898e4cf5ae1f0dc562bb1a4d/screenshot - {}
RESULT: {"script":"<script> [1562 bytes]","args":[{"selector":{"controlType":"sap.ui.core.Icon","viewName":"etm.portal.ui.managecatalogs.view.Detail","viewId":"application-managecatalogs-display-component---detailCatalog","properties":{"src":{"regex":{"source":"decline"}}}},"wdio_ui5_key":"etmportal.ui.managecatalogs.view.Detailsap.ui.core.Icon{\"src\":{\"regex\":{\"source\":\"decline\"}}}"}]}
RESULT: undefined
COMMAND: POST /session/d06e4a31898e4cf5ae1f0dc562bb1a4d/element - {"using":"xpath","value":"//*[@id=\"__button121-img\"]"}
RESULT: {}
RESULT: {"using":"xpath","value":"//*[@id=\"__button121-img\"]"}
COMMAND: POST /session/d06e4a31898e4cf5ae1f0dc562bb1a4d/element/f.FF7867651CD8E469CE707B8552024CE8.d.45B60EA92201DB09E473623E149BEE9B.e.4248/click - {}
RESULT: {}
COMMAND: GET /session/d06e4a31898e4cf5ae1f0dc562bb1a4d/screenshot - {}
RESULT: {}
COMMAND: POST /session/d06e4a31898e4cf5ae1f0dc562bb1a4d/execute/async - {"script":"<script> [1562 bytes]","args":[{"selector":{"controlType":"sap.ui.core.Icon","viewName":"etm.portal.ui.managecatalogs.view.MasterItems","viewId":"application-managecatalogs-display-component---masterCatalogItems","properties":{"src":{"regex":{"source":"refresh"}}}},"wdio_ui5_key":"etmportal.ui.managecatalogs.view.MasterItemssap.ui.core.Icon{\"src\":{\"regex\":{\"source\":\"refresh\"}}}"}]}
RESULT: {"script":"<script> [1562 bytes]","args":[{"selector":{"controlType":"sap.ui.core.Icon","viewName":"etm.portal.ui.managecatalogs.view.MasterItems","viewId":"application-managecatalogs-display-component---masterCatalogItems","properties":{"src":{"regex":{"source":"refresh"}}}},"wdio_ui5_key":"etmportal.ui.managecatalogs.view.MasterItemssap.ui.core.Icon{\"src\":{\"regex\":{\"source\":\"refresh\"}}}"}]}
RESULT: undefined
COMMAND: POST /session/d06e4a31898e4cf5ae1f0dc562bb1a4d/element - {"using":"xpath","value":"//*[@id=\"__button94-img\"]"}
RESULT: {"using":"xpath","value":"//*[@id=\"__button94-img\"]"}
COMMAND: POST /session/d06e4a31898e4cf5ae1f0dc562bb1a4d/element/f.FF7867651CD8E469CE707B8552024CE8.d.45B60EA92201DB09E473623E149BEE9B.e.4284/click - {}
RESULT: {}
COMMAND: POST /session/d06e4a31898e4cf5ae1f0dc562bb1a4d/execute/async - {"script":"<script> [1562 bytes]","args":[{"selector":{"id":"application-managecatalogs-display-component---masterCatalogItems--searchItemsField","interaction":{"idSuffix":"I"}},"wdio_ui5_key":"applicationmanagecatalogs-display-component---masterCatalogItems--searchItemsField"}]}
COMMAND: GET /session/d06e4a31898e4cf5ae1f0dc562bb1a4d/screenshot - {}
RESULT: {"script":"<script> [1562 bytes]","args":[{"selector":{"id":"application-managecatalogs-display-component---masterCatalogItems--searchItemsField","interaction":{"idSuffix":"I"}},"wdio_ui5_key":"applicationmanagecatalogs-display-component---masterCatalogItems--searchItemsField"}]}
RESULT: undefined
COMMAND: POST /session/d06e4a31898e4cf5ae1f0dc562bb1a4d/execute/async - {"script":"<script> [776 bytes]","args":[{"enterText":"Webdriverhhvyi","selector":{"id":"application-managecatalogs-display-component---masterCatalogItems--searchItemsField","interaction":{"idSuffix":"I"}},"clearTextFirst":true,"interactionType":"ENTER_TEXT"}]}
RESULT: {}
RESULT: {"script":"<script> [776 bytes]","args":[{"enterText":"Webdriverhhvyi","selector":{"id":"application-managecatalogs-display-component---masterCatalogItems--searchItemsField","interaction":{"idSuffix":"I"}},"clearTextFirst":true,"interactionType":"ENTER_TEXT"}]}
COMMAND: POST /session/d06e4a31898e4cf5ae1f0dc562bb1a4d/actions - {"actions":[{"id":"action10","type":"key","parameters":{},"actions":[{"type":"keyDown","value":"î€‡"},{"type":"pause","duration":10},{"type":"keyUp","value":"î€‡"}]}]}
RESULT: {"actions":[{"id":"action10","type":"key","parameters":{},"actions":[{"type":"keyDown","value":"î€‡"},{"type":"pause","duration":10},{"type":"keyUp","value":"î€‡"}]}]}
COMMAND: POST /session/d06e4a31898e4cf5ae1f0dc562bb1a4d/element - {"using":"xpath","value":"(//span[contains(text(), \"Webdriverhhvyi\")])[1]"}
COMMAND: GET /session/d06e4a31898e4cf5ae1f0dc562bb1a4d/screenshot - {}
RESULT: {"using":"xpath","value":"(//span[contains(text(), \"Webdriverhhvyi\")])[1]"}
COMMAND: POST /session/d06e4a31898e4cf5ae1f0dc562bb1a4d/element/f.FF7867651CD8E469CE707B8552024CE8.d.45B60EA92201DB09E473623E149BEE9B.e.4287/click - {}
RESULT: {}
RESULT: {}
COMMAND: GET /session/d06e4a31898e4cf5ae1f0dc562bb1a4d/screenshot - {}
RESULT: {}
RESULT: undefined
COMMAND: POST /session/d06e4a31898e4cf5ae1f0dc562bb1a4d/element - {"using":"xpath","value":"//*[@id=\"__button118\"]"}
RESULT: {"using":"xpath","value":"//*[@id=\"__button118\"]"}
COMMAND: POST /session/d06e4a31898e4cf5ae1f0dc562bb1a4d/element/f.FF7867651CD8E469CE707B8552024CE8.d.45B60EA92201DB09E473623E149BEE9B.e.4355/click - {}
RESULT: {}
COMMAND: GET /session/d06e4a31898e4cf5ae1f0dc562bb1a4d/screenshot - {}
RESULT: {}
RESULT: undefined
COMMAND: POST /session/d06e4a31898e4cf5ae1f0dc562bb1a4d/element - {"using":"xpath","value":"//*[@id=\"__button126-img\"]"}
RESULT: {"using":"xpath","value":"//*[@id=\"__button126-img\"]"}
COMMAND: POST /session/d06e4a31898e4cf5ae1f0dc562bb1a4d/element/f.FF7867651CD8E469CE707B8552024CE8.d.45B60EA92201DB09E473623E149BEE9B.e.4371/click - {}
RESULT: {}
COMMAND: GET /session/d06e4a31898e4cf5ae1f0dc562bb1a4d/screenshot - {}
RESULT: {}
RESULT: undefined
COMMAND: POST /session/d06e4a31898e4cf5ae1f0dc562bb1a4d/execute/async - {"script":"<script> [776 bytes]","args":[{"enterText":"SecondSectionhnw37","selector":{"id":"application-managecatalogs-display-component---detailCatalog--numberInput","searchOpenDialogs":true,"interaction":{"idSuffix":"inner"}},"clearTextFirst":true,"interactionType":"ENTER_TEXT"}]}
RESULT: {"script":"<script> [776 bytes]","args":[{"enterText":"SecondSectionhnw37","selector":{"id":"application-managecatalogs-display-component---detailCatalog--numberInput","searchOpenDialogs":true,"interaction":{"idSuffix":"inner"}},"clearTextFirst":true,"interactionType":"ENTER_TEXT"}]}
COMMAND: POST /session/d06e4a31898e4cf5ae1f0dc562bb1a4d/element - {"using":"xpath","value":"//input[contains(@id ,\"application-managecatalogs-display-component---detailCatalog--nameInput-inner\")]"}
RESULT: {"using":"xpath","value":"//input[contains(@id ,\"application-managecatalogs-display-component---detailCatalog--nameInput-inner\")]"}
COMMAND: POST /session/d06e4a31898e4cf5ae1f0dc562bb1a4d/elements - {"using":"xpath","value":"//input[contains(@id ,\"application-managecatalogs-display-component---detailCatalog--nameInput-inner\")]"}
RESULT: {"using":"xpath","value":"//input[contains(@id ,\"application-managecatalogs-display-component---detailCatalog--nameInput-inner\")]"}
COMMAND: POST /session/d06e4a31898e4cf5ae1f0dc562bb1a4d/element/f.FF7867651CD8E469CE707B8552024CE8.d.45B60EA92201DB09E473623E149BEE9B.e.4375/clear - {}
RESULT: {}
COMMAND: POST /session/d06e4a31898e4cf5ae1f0dc562bb1a4d/element/f.FF7867651CD8E469CE707B8552024CE8.d.45B60EA92201DB09E473623E149BEE9B.e.4375/value - {"text":"webdriversecondqknqn"}
COMMAND: GET /session/d06e4a31898e4cf5ae1f0dc562bb1a4d/screenshot - {}
RESULT: {"text":"webdriversecondqknqn"}
RESULT: undefined
COMMAND: POST /session/d06e4a31898e4cf5ae1f0dc562bb1a4d/element - {"using":"xpath","value":"//*[@id=\"__button96\"]"}
COMMAND: GET /session/d06e4a31898e4cf5ae1f0dc562bb1a4d/screenshot - {}
RESULT: {}
RESULT: {"using":"xpath","value":"//*[@id=\"__button96\"]"}
COMMAND: POST /session/d06e4a31898e4cf5ae1f0dc562bb1a4d/element/f.FF7867651CD8E469CE707B8552024CE8.d.45B60EA92201DB09E473623E149BEE9B.e.4379/click - {}
RESULT: {}
RESULT: {}
COMMAND: GET /session/d06e4a31898e4cf5ae1f0dc562bb1a4d/screenshot - {}
RESULT: {}
COMMAND: POST /session/d06e4a31898e4cf5ae1f0dc562bb1a4d/element - {"using":"xpath","value":"//button[@title=\"Save\"]"}
RESULT: {"using":"xpath","value":"//button[@title=\"Save\"]"}
COMMAND: POST /session/d06e4a31898e4cf5ae1f0dc562bb1a4d/element/f.FF7867651CD8E469CE707B8552024CE8.d.45B60EA92201DB09E473623E149BEE9B.e.4359/click - {}
RESULT: {}
COMMAND: GET /session/d06e4a31898e4cf5ae1f0dc562bb1a4d/screenshot - {}
RESULT: {}
RESULT: undefined
COMMAND: POST /session/d06e4a31898e4cf5ae1f0dc562bb1a4d/element - {"using":"xpath","value":"//*[@id=\"__button121-img\"]"}
RESULT: {"using":"xpath","value":"//*[@id=\"__button121-img\"]"}
COMMAND: POST /session/d06e4a31898e4cf5ae1f0dc562bb1a4d/element/f.FF7867651CD8E469CE707B8552024CE8.d.45B60EA92201DB09E473623E149BEE9B.e.4383/click - {}
RESULT: {}
COMMAND: GET /session/d06e4a31898e4cf5ae1f0dc562bb1a4d/screenshot - {}
RESULT: {}
RESULT: undefined
COMMAND: POST /session/d06e4a31898e4cf5ae1f0dc562bb1a4d/element - {"using":"xpath","value":"//*[@id=\"__button94-img\"]"}
RESULT: {"using":"xpath","value":"//*[@id=\"__button94-img\"]"}
COMMAND: POST /session/d06e4a31898e4cf5ae1f0dc562bb1a4d/element/f.FF7867651CD8E469CE707B8552024CE8.d.45B60EA92201DB09E473623E149BEE9B.e.4420/click - {}
RESULT: {}
COMMAND: GET /session/d06e4a31898e4cf5ae1f0dc562bb1a4d/screenshot - {}
RESULT: {}
RESULT: undefined
COMMAND: POST /session/d06e4a31898e4cf5ae1f0dc562bb1a4d/execute/async - {"script":"<script> [776 bytes]","args":[{"enterText":"SecondSectionhnw37","selector":{"id":"application-managecatalogs-display-component---masterCatalogItems--searchItemsField","interaction":{"idSuffix":"I"}},"clearTextFirst":true,"interactionType":"ENTER_TEXT"}]}
RESULT: {"script":"<script> [776 bytes]","args":[{"enterText":"SecondSectionhnw37","selector":{"id":"application-managecatalogs-display-component---masterCatalogItems--searchItemsField","interaction":{"idSuffix":"I"}},"clearTextFirst":true,"interactionType":"ENTER_TEXT"}]}
COMMAND: POST /session/d06e4a31898e4cf5ae1f0dc562bb1a4d/actions - {"actions":[{"id":"action11","type":"key","parameters":{},"actions":[{"type":"keyDown","value":"î€‡"},{"type":"pause","duration":10},{"type":"keyUp","value":"î€‡"}]}]}
RESULT: {"actions":[{"id":"action11","type":"key","parameters":{},"actions":[{"type":"keyDown","value":"î€‡"},{"type":"pause","duration":10},{"type":"keyUp","value":"î€‡"}]}]}
COMMAND: POST /session/d06e4a31898e4cf5ae1f0dc562bb1a4d/element - {"using":"xpath","value":"(//span[contains(text(), \"SecondSectionhnw37\")])[1]"}
COMMAND: GET /session/d06e4a31898e4cf5ae1f0dc562bb1a4d/screenshot - {}
RESULT: {"using":"xpath","value":"(//span[contains(text(), \"SecondSectionhnw37\")])[1]"}
COMMAND: POST /session/d06e4a31898e4cf5ae1f0dc562bb1a4d/element/f.FF7867651CD8E469CE707B8552024CE8.d.45B60EA92201DB09E473623E149BEE9B.e.4423/click - {}
RESULT: {}
RESULT: {}
COMMAND: POST /session/d06e4a31898e4cf5ae1f0dc562bb1a4d/element - {"using":"xpath","value":"(//span[contains(text(), \"SecondSectionhnw37\")])[1]"}
COMMAND: GET /session/d06e4a31898e4cf5ae1f0dc562bb1a4d/screenshot - {}
RESULT: {"using":"xpath","value":"(//span[contains(text(), \"SecondSectionhnw37\")])[1]"}
COMMAND: GET /session/d06e4a31898e4cf5ae1f0dc562bb1a4d/element/f.FF7867651CD8E469CE707B8552024CE8.d.45B60EA92201DB09E473623E149BEE9B.e.4423/text - {}
RESULT: {}
COMMAND: POST /session/d06e4a31898e4cf5ae1f0dc562bb1a4d/element - {"using":"xpath","value":"(//span[contains(text(), \"SecondSectionhnw37\")])[1]"}
RESULT: {"using":"xpath","value":"(//span[contains(text(), \"SecondSectionhnw37\")])[1]"}
COMMAND: GET /session/d06e4a31898e4cf5ae1f0dc562bb1a4d/element/f.FF7867651CD8E469CE707B8552024CE8.d.45B60EA92201DB09E473623E149BEE9B.e.4423/text - {}
COMMAND: POST /session/d06e4a31898e4cf5ae1f0dc562bb1a4d/element - {"using":"xpath","value":"(//span[contains(text(), \"SecondSectionhnw37\")])[1]"}
RESULT: {"using":"xpath","value":"(//span[contains(text(), \"SecondSectionhnw37\")])[1]"}
COMMAND: GET /session/d06e4a31898e4cf5ae1f0dc562bb1a4d/element/f.FF7867651CD8E469CE707B8552024CE8.d.45B60EA92201DB09E473623E149BEE9B.e.4475/text - {}
RESULT: {}
COMMAND: POST /session/d06e4a31898e4cf5ae1f0dc562bb1a4d/refresh - {}
RESULT: {}
COMMAND: GET /session/d06e4a31898e4cf5ae1f0dc562bb1a4d/screenshot - {}
RESULT: {}
COMMAND: POST /session/d06e4a31898e4cf5ae1f0dc562bb1a4d/execute/async - {"script":"<script> [189 bytes]","args":[]}
RESULT: {"script":"<script> [189 bytes]","args":[]}
COMMAND: POST /session/d06e4a31898e4cf5ae1f0dc562bb1a4d/execute/async - {"script":"<script> [123 bytes]","args":[]}
RESULT: {"script":"<script> [123 bytes]","args":[]}
COMMAND: POST /session/d06e4a31898e4cf5ae1f0dc562bb1a4d/timeouts - {"script":"<number>"}
RESULT: {"script":"<number>"}
COMMAND: GET /session/d06e4a31898e4cf5ae1f0dc562bb1a4d/timeouts - {}
RESULT: {}
RESULT: undefined
COMMAND: POST /session/d06e4a31898e4cf5ae1f0dc562bb1a4d/execute/async - {"script":"<script> [2676 bytes]","args":[]}
RESULT: {"script":"<script> [2676 bytes]","args":[]}
COMMAND: POST /session/d06e4a31898e4cf5ae1f0dc562bb1a4d/execute/async - {"script":"<script> [2342 bytes]","args":[{"protocol":"http","hostname":"0.0.0.0","path":"/","capabilities":{"browserName":"chrome","goog:chromeOptions":{"binary":"C:\\Program Files\\Google\\Chrome\\Application\\chrome.exe","args":["--start-maximized"]}},"logLevel":"warn","connectionRetryTimeout":120000,"connectionRetryCount":3,"logLevels":{},"enableDirectConnect":true,"strictSSL":true,"_":"65 more keys: [\"cacheDir\",\"port\",\"requestedCapabilities\",\"automationProtocol\",\"baseUrl\",\"waitforInterval\",\"waitforTimeout\",\"onReload\",\"beforeCommand\",\"afterCommand\",\"rootDir\",\"specs\",\"suites\",\"exclude\",\"groupLogsByTestSpec\",\"excludeDriverLogs\",\"bail\",\"framework\",\"reporters\",\"services\",\"maxInstances\",\"maxInstancesPerCapability\",\"injectGlobals\",\"filesToWatch\",\"execArgv\",\"runnerEnv\",\"runner\",\"shard\",\"specFileRetries\",\"specFileRetriesDelay\",\"specFileRetriesDeferred\",\"reporterSyncInterval\",\"reporterSyncTimeout\",\"cucumberFeaturesWithLineNumbers\",\"autoCompileOpts\",\"mochaOpts\",\"jasmineOpts\",\"cucumberOpts\",\"onPrepare\",\"onWorkerStart\",\"onWorkerEnd\",\"before\",\"beforeSession\",\"beforeSuite\",\"beforeHook\",\"beforeTest\",\"afterTest\",\"afterHook\",\"afterSuite\",\"afterSession\",\"after\",\"onComplete\",\"beforeAssertion\",\"afterAssertion\",\"beforeFeature\",\"beforeScenario\",\"beforeStep\",\"afterStep\",\"afterScenario\",\"afterFeature\",\"_\",\"suite\",\"$0\",\"ignoredWorkerServices\",\"wdi5\"]"}]}
RESULT: {"script":"<script> [2342 bytes]","args":[{"protocol":"http","hostname":"0.0.0.0","path":"/","capabilities":{"browserName":"chrome","goog:chromeOptions":{"binary":"C:\\Program Files\\Google\\Chrome\\Application\\chrome.exe","args":["--start-maximized"]}},"logLevel":"warn","connectionRetryTimeout":120000,"connectionRetryCount":3,"logLevels":{},"enableDirectConnect":true,"strictSSL":true,"_":"65 more keys: [\"cacheDir\",\"port\",\"requestedCapabilities\",\"automationProtocol\",\"baseUrl\",\"waitforInterval\",\"waitforTimeout\",\"onReload\",\"beforeCommand\",\"afterCommand\",\"rootDir\",\"specs\",\"suites\",\"exclude\",\"groupLogsByTestSpec\",\"excludeDriverLogs\",\"bail\",\"framework\",\"reporters\",\"services\",\"maxInstances\",\"maxInstancesPerCapability\",\"injectGlobals\",\"filesToWatch\",\"execArgv\",\"runnerEnv\",\"runner\",\"shard\",\"specFileRetries\",\"specFileRetriesDelay\",\"specFileRetriesDeferred\",\"reporterSyncInterval\",\"reporterSyncTimeout\",\"cucumberFeaturesWithLineNumbers\",\"autoCompileOpts\",\"mochaOpts\",\"jasmineOpts\",\"cucumberOpts\",\"onPrepare\",\"onWorkerStart\",\"onWorkerEnd\",\"before\",\"beforeSession\",\"beforeSuite\",\"beforeHook\",\"beforeTest\",\"afterTest\",\"afterHook\",\"afterSuite\",\"afterSession\",\"after\",\"onComplete\",\"beforeAssertion\",\"afterAssertion\",\"beforeFeature\",\"beforeScenario\",\"beforeStep\",\"afterStep\",\"afterScenario\",\"afterFeature\",\"_\",\"suite\",\"$0\",\"ignoredWorkerServices\",\"wdi5\"]"}]}
COMMAND: POST /session/d06e4a31898e4cf5ae1f0dc562bb1a4d/execute/async - {"script":"<script> [21126 bytes]","args":[35000]}
RESULT: {"script":"<script> [21126 bytes]","args":[35000]}
COMMAND: POST /session/d06e4a31898e4cf5ae1f0dc562bb1a4d/execute/async - {"script":"<script> [1562 bytes]","args":[{"selector":{"controlType":"sap.m.Button","viewName":"etm.portal.ui.managecatalogs.view.Detail","viewId":"application-managecatalogs-display-component---detailCatalog","i18NText":{"propertyName":"text","key":"edit"},"interaction":{"idSuffix":"BDI-content"}},"wdio_ui5_key":"etmportal.ui.managecatalogs.view.Detailsap.m.Button{\"propertyName\":\"text\",\"key\":\"edit\"}"}]}
RESULT: {"script":"<script> [1562 bytes]","args":[{"selector":{"controlType":"sap.m.Button","viewName":"etm.portal.ui.managecatalogs.view.Detail","viewId":"application-managecatalogs-display-component---detailCatalog","i18NText":{"propertyName":"text","key":"edit"},"interaction":{"idSuffix":"BDI-content"}},"wdio_ui5_key":"etmportal.ui.managecatalogs.view.Detailsap.m.Button{\"propertyName\":\"text\",\"key\":\"edit\"}"}]}
RESULT: undefined
COMMAND: POST /session/d06e4a31898e4cf5ae1f0dc562bb1a4d/element - {"using":"xpath","value":"//*[@id=\"__button25\"]"}
RESULT: {"using":"xpath","value":"//*[@id=\"__button25\"]"}
COMMAND: POST /session/d06e4a31898e4cf5ae1f0dc562bb1a4d/element/f.FF7867651CD8E469CE707B8552024CE8.d.64F88A394A205AE9DBEC73A34033D4BE.e.4535/click - {}
RESULT: {}
COMMAND: GET /session/d06e4a31898e4cf5ae1f0dc562bb1a4d/screenshot - {}
RESULT: {}
COMMAND: POST /session/d06e4a31898e4cf5ae1f0dc562bb1a4d/element - {"using":"xpath","value":"//button[contains(@title ,\"Create Catalog Item\")]"}
RESULT: {"using":"xpath","value":"//button[contains(@title ,\"Create Catalog Item\")]"}
COMMAND: POST /session/d06e4a31898e4cf5ae1f0dc562bb1a4d/element/f.FF7867651CD8E469CE707B8552024CE8.d.64F88A394A205AE9DBEC73A34033D4BE.e.4539/click - {}
RESULT: {}
COMMAND: POST /session/d06e4a31898e4cf5ae1f0dc562bb1a4d/execute/async - {"script":"<script> [1562 bytes]","args":[{"selector":{"id":"application-managecatalogs-display-component---detailCatalog--newItemNumberInput","searchOpenDialogs":true,"interaction":{"idSuffix":"inner"}},"wdio_ui5_key":"applicationmanagecatalogs-display-component---detailCatalog--newItemNumberInput"}]}
COMMAND: GET /session/d06e4a31898e4cf5ae1f0dc562bb1a4d/screenshot - {}
RESULT: {"script":"<script> [1562 bytes]","args":[{"selector":{"id":"application-managecatalogs-display-component---detailCatalog--newItemNumberInput","searchOpenDialogs":true,"interaction":{"idSuffix":"inner"}},"wdio_ui5_key":"applicationmanagecatalogs-display-component---detailCatalog--newItemNumberInput"}]}
RESULT: undefined
COMMAND: POST /session/d06e4a31898e4cf5ae1f0dc562bb1a4d/execute/async - {"script":"<script> [776 bytes]","args":[{"enterText":"catalogItem9z6k3","selector":{"id":"application-managecatalogs-display-component---detailCatalog--newItemNumberInput","searchOpenDialogs":true,"interaction":{"idSuffix":"inner"}},"clearTextFirst":true,"interactionType":"ENTER_TEXT"}]}
RESULT: {}
RESULT: {"script":"<script> [776 bytes]","args":[{"enterText":"catalogItem9z6k3","selector":{"id":"application-managecatalogs-display-component---detailCatalog--newItemNumberInput","searchOpenDialogs":true,"interaction":{"idSuffix":"inner"}},"clearTextFirst":true,"interactionType":"ENTER_TEXT"}]}
COMMAND: POST /session/d06e4a31898e4cf5ae1f0dc562bb1a4d/execute/async - {"script":"<script> [1562 bytes]","args":[{"selector":{"controlType":"sap.m.Input","viewName":"etm.portal.ui.managecatalogs.view.Detail","viewId":"application-managecatalogs-display-component---detailCatalog","bindingPath":{"path":"","propertyPath":"/DESCRIPTION"},"searchOpenDialogs":true,"interaction":{"idSuffix":"inner"}},"wdio_ui5_key":"etmportal.ui.managecatalogs.view.Detailsap.m.Input{\"path\":\"\",\"propertyPath\":\"/DESCRIPTION\"}"}]}
RESULT: {"script":"<script> [1562 bytes]","args":[{"selector":{"controlType":"sap.m.Input","viewName":"etm.portal.ui.managecatalogs.view.Detail","viewId":"application-managecatalogs-display-component---detailCatalog","bindingPath":{"path":"","propertyPath":"/DESCRIPTION"},"searchOpenDialogs":true,"interaction":{"idSuffix":"inner"}},"wdio_ui5_key":"etmportal.ui.managecatalogs.view.Detailsap.m.Input{\"path\":\"\",\"propertyPath\":\"/DESCRIPTION\"}"}]}
RESULT: undefined
COMMAND: POST /session/d06e4a31898e4cf5ae1f0dc562bb1a4d/execute/async - {"script":"<script> [776 bytes]","args":[{"enterText":"catalogItemNameegqew","selector":{"controlType":"sap.m.Input","viewName":"etm.portal.ui.managecatalogs.view.Detail","viewId":"application-managecatalogs-display-component---detailCatalog","bindingPath":{"path":"","propertyPath":"/DESCRIPTION"},"searchOpenDialogs":true,"interaction":{"idSuffix":"inner"}},"clearTextFirst":true,"interactionType":"ENTER_TEXT"}]}
RESULT: {"script":"<script> [776 bytes]","args":[{"enterText":"catalogItemNameegqew","selector":{"controlType":"sap.m.Input","viewName":"etm.portal.ui.managecatalogs.view.Detail","viewId":"application-managecatalogs-display-component---detailCatalog","bindingPath":{"path":"","propertyPath":"/DESCRIPTION"},"searchOpenDialogs":true,"interaction":{"idSuffix":"inner"}},"clearTextFirst":true,"interactionType":"ENTER_TEXT"}]}
COMMAND: POST /session/d06e4a31898e4cf5ae1f0dc562bb1a4d/actions - {"actions":[{"id":"action12","type":"key","parameters":{},"actions":[{"type":"keyDown","value":"î€„"},{"type":"pause","duration":10},{"type":"keyUp","value":"î€„"}]}]}
RESULT: {"actions":[{"id":"action12","type":"key","parameters":{},"actions":[{"type":"keyDown","value":"î€„"},{"type":"pause","duration":10},{"type":"keyUp","value":"î€„"}]}]}
COMMAND: GET /session/d06e4a31898e4cf5ae1f0dc562bb1a4d/screenshot - {}
RESULT: {}
COMMAND: POST /session/d06e4a31898e4cf5ae1f0dc562bb1a4d/actions - {"actions":[{"id":"action13","type":"key","parameters":{},"actions":[{"type":"keyDown","value":"î€‡"},{"type":"pause","duration":10},{"type":"keyUp","value":"î€‡"}]}]}
RESULT: {"actions":[{"id":"action13","type":"key","parameters":{},"actions":[{"type":"keyDown","value":"î€‡"},{"type":"pause","duration":10},{"type":"keyUp","value":"î€‡"}]}]}
COMMAND: GET /session/d06e4a31898e4cf5ae1f0dc562bb1a4d/screenshot - {}
RESULT: {}
COMMAND: POST /session/d06e4a31898e4cf5ae1f0dc562bb1a4d/element - {"using":"xpath","value":"//button[@title=\"Save\"]"}
RESULT: {"using":"xpath","value":"//button[@title=\"Save\"]"}
COMMAND: POST /session/d06e4a31898e4cf5ae1f0dc562bb1a4d/element/f.FF7867651CD8E469CE707B8552024CE8.d.64F88A394A205AE9DBEC73A34033D4BE.e.4548/click - {}
RESULT: {}
COMMAND: GET /session/d06e4a31898e4cf5ae1f0dc562bb1a4d/screenshot - {}
RESULT: {}
COMMAND: POST /session/d06e4a31898e4cf5ae1f0dc562bb1a4d/execute/async - {"script":"<script> [1562 bytes]","args":[{"selector":{"controlType":"sap.ui.core.Icon","viewName":"etm.portal.ui.managecatalogs.view.Detail","viewId":"application-managecatalogs-display-component---detailCatalog","properties":{"src":{"regex":{"source":"decline"}}}},"wdio_ui5_key":"etmportal.ui.managecatalogs.view.Detailsap.ui.core.Icon{\"src\":{\"regex\":{\"source\":\"decline\"}}}"}]}
RESULT: {"script":"<script> [1562 bytes]","args":[{"selector":{"controlType":"sap.ui.core.Icon","viewName":"etm.portal.ui.managecatalogs.view.Detail","viewId":"application-managecatalogs-display-component---detailCatalog","properties":{"src":{"regex":{"source":"decline"}}}},"wdio_ui5_key":"etmportal.ui.managecatalogs.view.Detailsap.ui.core.Icon{\"src\":{\"regex\":{\"source\":\"decline\"}}}"}]}
RESULT: undefined
COMMAND: POST /session/d06e4a31898e4cf5ae1f0dc562bb1a4d/element - {"using":"xpath","value":"//*[@id=\"__button28-img\"]"}
RESULT: {"using":"xpath","value":"//*[@id=\"__button28-img\"]"}
COMMAND: POST /session/d06e4a31898e4cf5ae1f0dc562bb1a4d/element/f.FF7867651CD8E469CE707B8552024CE8.d.64F88A394A205AE9DBEC73A34033D4BE.e.4555/click - {}
RESULT: {}
COMMAND: GET /session/d06e4a31898e4cf5ae1f0dc562bb1a4d/screenshot - {}
RESULT: {}
COMMAND: POST /session/d06e4a31898e4cf5ae1f0dc562bb1a4d/execute/async - {"script":"<script> [1562 bytes]","args":[{"selector":{"controlType":"sap.ui.core.Icon","viewName":"etm.portal.ui.managecatalogs.view.MasterItems","viewId":"application-managecatalogs-display-component---masterCatalogItems","properties":{"src":{"regex":{"source":"refresh"}}}},"wdio_ui5_key":"etmportal.ui.managecatalogs.view.MasterItemssap.ui.core.Icon{\"src\":{\"regex\":{\"source\":\"refresh\"}}}"}]}
RESULT: {"script":"<script> [1562 bytes]","args":[{"selector":{"controlType":"sap.ui.core.Icon","viewName":"etm.portal.ui.managecatalogs.view.MasterItems","viewId":"application-managecatalogs-display-component---masterCatalogItems","properties":{"src":{"regex":{"source":"refresh"}}}},"wdio_ui5_key":"etmportal.ui.managecatalogs.view.MasterItemssap.ui.core.Icon{\"src\":{\"regex\":{\"source\":\"refresh\"}}}"}]}
RESULT: undefined
COMMAND: POST /session/d06e4a31898e4cf5ae1f0dc562bb1a4d/element - {"using":"xpath","value":"//*[@id=\"__button1-img\"]"}
RESULT: {"using":"xpath","value":"//*[@id=\"__button1-img\"]"}
COMMAND: POST /session/d06e4a31898e4cf5ae1f0dc562bb1a4d/element/f.FF7867651CD8E469CE707B8552024CE8.d.64F88A394A205AE9DBEC73A34033D4BE.e.4563/click - {}
RESULT: {}
COMMAND: GET /session/d06e4a31898e4cf5ae1f0dc562bb1a4d/screenshot - {}
RESULT: {}
COMMAND: POST /session/d06e4a31898e4cf5ae1f0dc562bb1a4d/execute/async - {"script":"<script> [1562 bytes]","args":[{"selector":{"id":"application-managecatalogs-display-component---masterCatalogItems--searchItemsField","interaction":{"idSuffix":"I"}},"wdio_ui5_key":"applicationmanagecatalogs-display-component---masterCatalogItems--searchItemsField"}]}
RESULT: {"script":"<script> [1562 bytes]","args":[{"selector":{"id":"application-managecatalogs-display-component---masterCatalogItems--searchItemsField","interaction":{"idSuffix":"I"}},"wdio_ui5_key":"applicationmanagecatalogs-display-component---masterCatalogItems--searchItemsField"}]}
RESULT: undefined
COMMAND: POST /session/d06e4a31898e4cf5ae1f0dc562bb1a4d/execute/async - {"script":"<script> [776 bytes]","args":[{"enterText":"catalogItemNameegqew","selector":{"id":"application-managecatalogs-display-component---masterCatalogItems--searchItemsField","interaction":{"idSuffix":"I"}},"clearTextFirst":true,"interactionType":"ENTER_TEXT"}]}
RESULT: {"script":"<script> [776 bytes]","args":[{"enterText":"catalogItemNameegqew","selector":{"id":"application-managecatalogs-display-component---masterCatalogItems--searchItemsField","interaction":{"idSuffix":"I"}},"clearTextFirst":true,"interactionType":"ENTER_TEXT"}]}
COMMAND: POST /session/d06e4a31898e4cf5ae1f0dc562bb1a4d/actions - {"actions":[{"id":"action14","type":"key","parameters":{},"actions":[{"type":"keyDown","value":"î€‡"},{"type":"pause","duration":10},{"type":"keyUp","value":"î€‡"}]}]}
RESULT: {"actions":[{"id":"action14","type":"key","parameters":{},"actions":[{"type":"keyDown","value":"î€‡"},{"type":"pause","duration":10},{"type":"keyUp","value":"î€‡"}]}]}
COMMAND: POST /session/d06e4a31898e4cf5ae1f0dc562bb1a4d/element - {"using":"xpath","value":"(//span[contains(text(), \"catalogItemNameegqew\")])[1]"}
COMMAND: GET /session/d06e4a31898e4cf5ae1f0dc562bb1a4d/screenshot - {}
RESULT: {"using":"xpath","value":"(//span[contains(text(), \"catalogItemNameegqew\")])[1]"}
COMMAND: POST /session/d06e4a31898e4cf5ae1f0dc562bb1a4d/element/f.FF7867651CD8E469CE707B8552024CE8.d.64F88A394A205AE9DBEC73A34033D4BE.e.4601/click - {}
RESULT: {}
RESULT: {}
COMMAND: GET /session/d06e4a31898e4cf5ae1f0dc562bb1a4d/screenshot - {}
RESULT: {}
COMMAND: POST /session/d06e4a31898e4cf5ae1f0dc562bb1a4d/element - {"using":"xpath","value":"//span[contains(text(), \"catalogItem9z6k3\")]"}
RESULT: {"using":"xpath","value":"//span[contains(text(), \"catalogItem9z6k3\")]"}
COMMAND: GET /session/d06e4a31898e4cf5ae1f0dc562bb1a4d/element/f.FF7867651CD8E469CE707B8552024CE8.d.64F88A394A205AE9DBEC73A34033D4BE.e.4664/text - {}
RESULT: {}
]]></system-out>
    </testcase>
    <testcase classname="chrome.136_0_7103_93.windows.Standard_contract_-_add_contract_items_by_Insert_Request_US118222" name="Should assign resources to the catalog item" time="55.148">
      <system-out><![CDATA[
RESULT: undefined
COMMAND: POST /session/d06e4a31898e4cf5ae1f0dc562bb1a4d/element - {"using":"xpath","value":"//*[@id=\"__button25\"]"}
RESULT: {"using":"xpath","value":"//*[@id=\"__button25\"]"}
COMMAND: POST /session/d06e4a31898e4cf5ae1f0dc562bb1a4d/element/f.FF7867651CD8E469CE707B8552024CE8.d.64F88A394A205AE9DBEC73A34033D4BE.e.4665/click - {}
RESULT: {}
COMMAND: GET /session/d06e4a31898e4cf5ae1f0dc562bb1a4d/screenshot - {}
RESULT: {}
COMMAND: POST /session/d06e4a31898e4cf5ae1f0dc562bb1a4d/execute/async - {"script":"<script> [1562 bytes]","args":[{"selector":{"id":"application-managecatalogs-display-component---detailCatalog--BASE_UNIT_OF_MEASURE-arrow"},"wdio_ui5_key":"applicationmanagecatalogs-display-component---detailCatalog--BASE_UNIT_OF_MEASURE-arrow"}]}
RESULT: {"script":"<script> [1562 bytes]","args":[{"selector":{"id":"application-managecatalogs-display-component---detailCatalog--BASE_UNIT_OF_MEASURE-arrow"},"wdio_ui5_key":"applicationmanagecatalogs-display-component---detailCatalog--BASE_UNIT_OF_MEASURE-arrow"}]}
RESULT: undefined
COMMAND: POST /session/d06e4a31898e4cf5ae1f0dc562bb1a4d/element - {"using":"xpath","value":"//*[@id=\"application-managecatalogs-display-component---detailCatalog--BASE_UNIT_OF_MEASURE-arrow\"]"}
RESULT: {"using":"xpath","value":"//*[@id=\"application-managecatalogs-display-component---detailCatalog--BASE_UNIT_OF_MEASURE-arrow\"]"}
COMMAND: POST /session/d06e4a31898e4cf5ae1f0dc562bb1a4d/element/f.FF7867651CD8E469CE707B8552024CE8.d.64F88A394A205AE9DBEC73A34033D4BE.e.4692/click - {}
RESULT: {}
COMMAND: POST /session/d06e4a31898e4cf5ae1f0dc562bb1a4d/execute/async - {"script":"<script> [1562 bytes]","args":[{"selector":{"controlType":"sap.m.StandardListItem","viewName":"etm.portal.ui.managecatalogs.view.Detail","viewId":"application-managecatalogs-display-component---detailCatalog","properties":{"title":"Piece"},"searchOpenDialogs":true,"interaction":{"idSuffix":"titleText"}},"wdio_ui5_key":"etmportal.ui.managecatalogs.view.Detailsap.m.StandardListItem{\"title\":\"Piece\"}"}]}
COMMAND: GET /session/d06e4a31898e4cf5ae1f0dc562bb1a4d/screenshot - {}
RESULT: {"script":"<script> [1562 bytes]","args":[{"selector":{"controlType":"sap.m.StandardListItem","viewName":"etm.portal.ui.managecatalogs.view.Detail","viewId":"application-managecatalogs-display-component---detailCatalog","properties":{"title":"Piece"},"searchOpenDialogs":true,"interaction":{"idSuffix":"titleText"}},"wdio_ui5_key":"etmportal.ui.managecatalogs.view.Detailsap.m.StandardListItem{\"title\":\"Piece\"}"}]}
RESULT: undefined
COMMAND: POST /session/d06e4a31898e4cf5ae1f0dc562bb1a4d/element - {"using":"xpath","value":"//*[@id=\"__item225\"]"}
RESULT: {}
RESULT: {"using":"xpath","value":"//*[@id=\"__item225\"]"}
COMMAND: POST /session/d06e4a31898e4cf5ae1f0dc562bb1a4d/element/f.FF7867651CD8E469CE707B8552024CE8.d.64F88A394A205AE9DBEC73A34033D4BE.e.4694/click - {}
RESULT: {}
COMMAND: POST /session/d06e4a31898e4cf5ae1f0dc562bb1a4d/execute/async - {"script":"<script> [1562 bytes]","args":[{"selector":{"id":"application-managecatalogs-display-component---detailCatalog--ObjectPageLayout-anchBar-application-managecatalogs-display-component---detailCatalog--sectionRUs-anchor","interaction":{"idSuffix":"BDI-content"}},"wdio_ui5_key":"applicationmanagecatalogs-display-component---detailCatalog--ObjectPageLayout-anchBar-application-managecatalogs-display-component---detailCatalog--sectionRUs-anchor"}]}
COMMAND: GET /session/d06e4a31898e4cf5ae1f0dc562bb1a4d/screenshot - {}
RESULT: {"script":"<script> [1562 bytes]","args":[{"selector":{"id":"application-managecatalogs-display-component---detailCatalog--ObjectPageLayout-anchBar-application-managecatalogs-display-component---detailCatalog--sectionRUs-anchor","interaction":{"idSuffix":"BDI-content"}},"wdio_ui5_key":"applicationmanagecatalogs-display-component---detailCatalog--ObjectPageLayout-anchBar-application-managecatalogs-display-component---detailCatalog--sectionRUs-anchor"}]}
RESULT: undefined
COMMAND: POST /session/d06e4a31898e4cf5ae1f0dc562bb1a4d/element - {"using":"xpath","value":"//*[@id=\"application-managecatalogs-display-component---detailCatalog--ObjectPageLayout-anchBar-application-managecatalogs-display-component---detailCatalog--sectionRUs-anchor\"]"}
RESULT: {}
RESULT: {"using":"xpath","value":"//*[@id=\"application-managecatalogs-display-component---detailCatalog--ObjectPageLayout-anchBar-application-managecatalogs-display-component---detailCatalog--sectionRUs-anchor\"]"}
COMMAND: POST /session/d06e4a31898e4cf5ae1f0dc562bb1a4d/element/f.FF7867651CD8E469CE707B8552024CE8.d.64F88A394A205AE9DBEC73A34033D4BE.e.4696/click - {}
RESULT: {}
COMMAND: POST /session/d06e4a31898e4cf5ae1f0dc562bb1a4d/element - {"using":"xpath","value":"//button[contains(@data-kt ,\"catalogItemAssignRuButton\")]"}
COMMAND: GET /session/d06e4a31898e4cf5ae1f0dc562bb1a4d/screenshot - {}
RESULT: {"using":"xpath","value":"//button[contains(@data-kt ,\"catalogItemAssignRuButton\")]"}
COMMAND: POST /session/d06e4a31898e4cf5ae1f0dc562bb1a4d/element/f.FF7867651CD8E469CE707B8552024CE8.d.64F88A394A205AE9DBEC73A34033D4BE.e.4700/click - {}
RESULT: {}
RESULT: {}
COMMAND: GET /session/d06e4a31898e4cf5ae1f0dc562bb1a4d/screenshot - {}
RESULT: {}
COMMAND: POST /session/d06e4a31898e4cf5ae1f0dc562bb1a4d/actions - {"actions":[{"id":"action15","type":"key","parameters":{},"actions":[{"type":"keyDown","value":"î€‡"},{"type":"pause","duration":10},{"type":"keyUp","value":"î€‡"}]}]}
RESULT: {"actions":[{"id":"action15","type":"key","parameters":{},"actions":[{"type":"keyDown","value":"î€‡"},{"type":"pause","duration":10},{"type":"keyUp","value":"î€‡"}]}]}
COMMAND: POST /session/d06e4a31898e4cf5ae1f0dc562bb1a4d/execute/async - {"script":"<script> [1562 bytes]","args":[{"selector":{"id":"application-managecatalogs-display-component---detailCatalog--assignRUSearchField-vhi","searchOpenDialogs":true},"wdio_ui5_key":"applicationmanagecatalogs-display-component---detailCatalog--assignRUSearchField-vhi"}]}
COMMAND: GET /session/d06e4a31898e4cf5ae1f0dc562bb1a4d/screenshot - {}
RESULT: {"script":"<script> [1562 bytes]","args":[{"selector":{"id":"application-managecatalogs-display-component---detailCatalog--assignRUSearchField-vhi","searchOpenDialogs":true},"wdio_ui5_key":"applicationmanagecatalogs-display-component---detailCatalog--assignRUSearchField-vhi"}]}
RESULT: undefined
COMMAND: POST /session/d06e4a31898e4cf5ae1f0dc562bb1a4d/element - {"using":"xpath","value":"//*[@id=\"application-managecatalogs-display-component---detailCatalog--assignRUSearchField-vhi\"]"}
RESULT: {}
RESULT: {"using":"xpath","value":"//*[@id=\"application-managecatalogs-display-component---detailCatalog--assignRUSearchField-vhi\"]"}
COMMAND: POST /session/d06e4a31898e4cf5ae1f0dc562bb1a4d/element/f.FF7867651CD8E469CE707B8552024CE8.d.64F88A394A205AE9DBEC73A34033D4BE.e.4721/click - {}
RESULT: {}
COMMAND: GET /session/d06e4a31898e4cf5ae1f0dc562bb1a4d/screenshot - {}
RESULT: {}
COMMAND: POST /session/d06e4a31898e4cf5ae1f0dc562bb1a4d/element - {"using":"xpath","value":"//input[contains(@id ,\"searchField-I\")]"}
RESULT: {"using":"xpath","value":"//input[contains(@id ,\"searchField-I\")]"}
COMMAND: POST /session/d06e4a31898e4cf5ae1f0dc562bb1a4d/element/f.FF7867651CD8E469CE707B8552024CE8.d.64F88A394A205AE9DBEC73A34033D4BE.e.4725/clear - {}
RESULT: {}
COMMAND: POST /session/d06e4a31898e4cf5ae1f0dc562bb1a4d/element/f.FF7867651CD8E469CE707B8552024CE8.d.64F88A394A205AE9DBEC73A34033D4BE.e.4725/value - {"text":"WdIOR2cEquiptwn3k"}
COMMAND: GET /session/d06e4a31898e4cf5ae1f0dc562bb1a4d/screenshot - {}
RESULT: {"text":"WdIOR2cEquiptwn3k"}
COMMAND: GET /session/d06e4a31898e4cf5ae1f0dc562bb1a4d/screenshot - {}
RESULT: {}
RESULT: {}
COMMAND: POST /session/d06e4a31898e4cf5ae1f0dc562bb1a4d/actions - {"actions":[{"id":"action16","type":"key","parameters":{},"actions":[{"type":"keyDown","value":"î€‡"},{"type":"pause","duration":10},{"type":"keyUp","value":"î€‡"}]}]}
RESULT: {"actions":[{"id":"action16","type":"key","parameters":{},"actions":[{"type":"keyDown","value":"î€‡"},{"type":"pause","duration":10},{"type":"keyUp","value":"î€‡"}]}]}
COMMAND: GET /session/d06e4a31898e4cf5ae1f0dc562bb1a4d/screenshot - {}
RESULT: {}
COMMAND: POST /session/d06e4a31898e4cf5ae1f0dc562bb1a4d/actions - {"actions":[{"id":"action17","type":"key","parameters":{},"actions":[{"type":"keyDown","value":"î€„"},{"type":"pause","duration":10},{"type":"keyUp","value":"î€„"}]}]}
RESULT: {"actions":[{"id":"action17","type":"key","parameters":{},"actions":[{"type":"keyDown","value":"î€„"},{"type":"pause","duration":10},{"type":"keyUp","value":"î€„"}]}]}
COMMAND: GET /session/d06e4a31898e4cf5ae1f0dc562bb1a4d/screenshot - {}
RESULT: {}
COMMAND: POST /session/d06e4a31898e4cf5ae1f0dc562bb1a4d/actions - {"actions":[{"id":"action18","type":"key","parameters":{},"actions":[{"type":"keyDown","value":"î€‡"},{"type":"pause","duration":10},{"type":"keyUp","value":"î€‡"}]}]}
RESULT: {"actions":[{"id":"action18","type":"key","parameters":{},"actions":[{"type":"keyDown","value":"î€‡"},{"type":"pause","duration":10},{"type":"keyUp","value":"î€‡"}]}]}
COMMAND: GET /session/d06e4a31898e4cf5ae1f0dc562bb1a4d/screenshot - {}
RESULT: {}
COMMAND: POST /session/d06e4a31898e4cf5ae1f0dc562bb1a4d/element - {"using":"xpath","value":"//bdi[contains(@id ,\"application-managecatalogs-display-component---detailCatalog--RUAssignmentSaveButton-BDI-content\")]"}
RESULT: {"using":"xpath","value":"//bdi[contains(@id ,\"application-managecatalogs-display-component---detailCatalog--RUAssignmentSaveButton-BDI-content\")]"}
COMMAND: POST /session/d06e4a31898e4cf5ae1f0dc562bb1a4d/element/f.FF7867651CD8E469CE707B8552024CE8.d.64F88A394A205AE9DBEC73A34033D4BE.e.4758/click - {}
RESULT: {}
COMMAND: GET /session/d06e4a31898e4cf5ae1f0dc562bb1a4d/screenshot - {}
RESULT: {}
COMMAND: POST /session/d06e4a31898e4cf5ae1f0dc562bb1a4d/element - {"using":"xpath","value":"//bdi[contains(@id ,\"application-managecatalogs-display-component---detailCatalog--ObjectPageLayout-anchBar-application-managecatalogs-display-component---detailCatalog--sectionRUs-anchor-BDI-content\")]"}
RESULT: {"using":"xpath","value":"//bdi[contains(@id ,\"application-managecatalogs-display-component---detailCatalog--ObjectPageLayout-anchBar-application-managecatalogs-display-component---detailCatalog--sectionRUs-anchor-BDI-content\")]"}
COMMAND: POST /session/d06e4a31898e4cf5ae1f0dc562bb1a4d/element/f.FF7867651CD8E469CE707B8552024CE8.d.64F88A394A205AE9DBEC73A34033D4BE.e.4778/click - {}
RESULT: {}
COMMAND: GET /session/d06e4a31898e4cf5ae1f0dc562bb1a4d/screenshot - {}
RESULT: {}
COMMAND: POST /session/d06e4a31898e4cf5ae1f0dc562bb1a4d/element - {"using":"xpath","value":"//button[contains(@data-kt ,\"catalogItemAssignRuButton\")]"}
RESULT: {"using":"xpath","value":"//button[contains(@data-kt ,\"catalogItemAssignRuButton\")]"}
COMMAND: POST /session/d06e4a31898e4cf5ae1f0dc562bb1a4d/element/f.FF7867651CD8E469CE707B8552024CE8.d.64F88A394A205AE9DBEC73A34033D4BE.e.4700/click - {}
RESULT: {}
COMMAND: GET /session/d06e4a31898e4cf5ae1f0dc562bb1a4d/screenshot - {}
RESULT: {}
COMMAND: POST /session/d06e4a31898e4cf5ae1f0dc562bb1a4d/actions - {"actions":[{"id":"action19","type":"key","parameters":{},"actions":[{"type":"keyDown","value":"î€‡"},{"type":"pause","duration":10},{"type":"keyUp","value":"î€‡"}]}]}
RESULT: {"actions":[{"id":"action19","type":"key","parameters":{},"actions":[{"type":"keyDown","value":"î€‡"},{"type":"pause","duration":10},{"type":"keyUp","value":"î€‡"}]}]}
RESULT: undefined
COMMAND: POST /session/d06e4a31898e4cf5ae1f0dc562bb1a4d/element - {"using":"xpath","value":"//*[@id=\"application-managecatalogs-display-component---detailCatalog--assignRUSearchField-vhi\"]"}
COMMAND: GET /session/d06e4a31898e4cf5ae1f0dc562bb1a4d/screenshot - {}
RESULT: {"using":"xpath","value":"//*[@id=\"application-managecatalogs-display-component---detailCatalog--assignRUSearchField-vhi\"]"}
COMMAND: POST /session/d06e4a31898e4cf5ae1f0dc562bb1a4d/elements - {"using":"xpath","value":"//*[@id=\"application-managecatalogs-display-component---detailCatalog--assignRUSearchField-vhi\"]"}
RESULT: {}
RESULT: {"using":"xpath","value":"//*[@id=\"application-managecatalogs-display-component---detailCatalog--assignRUSearchField-vhi\"]"}
COMMAND: POST /session/d06e4a31898e4cf5ae1f0dc562bb1a4d/element - {"using":"xpath","value":"//*[@id=\"application-managecatalogs-display-component---detailCatalog--assignRUSearchField-vhi\"]"}
RESULT: {"using":"xpath","value":"//*[@id=\"application-managecatalogs-display-component---detailCatalog--assignRUSearchField-vhi\"]"}
COMMAND: POST /session/d06e4a31898e4cf5ae1f0dc562bb1a4d/element/f.FF7867651CD8E469CE707B8552024CE8.d.64F88A394A205AE9DBEC73A34033D4BE.e.4797/click - {}
RESULT: {}
COMMAND: POST /session/d06e4a31898e4cf5ae1f0dc562bb1a4d/execute/async - {"script":"<script> [1562 bytes]","args":[{"selector":{"controlType":"sap.m.SearchField","viewName":"etm.portal.ui.managecatalogs.view.Detail","viewId":"application-managecatalogs-display-component---detailCatalog","searchOpenDialogs":true,"interaction":{"idSuffix":"I"}},"wdio_ui5_key":"etmportal.ui.managecatalogs.view.Detailsap.m.SearchField"}]}
COMMAND: GET /session/d06e4a31898e4cf5ae1f0dc562bb1a4d/screenshot - {}
RESULT: {"script":"<script> [1562 bytes]","args":[{"selector":{"controlType":"sap.m.SearchField","viewName":"etm.portal.ui.managecatalogs.view.Detail","viewId":"application-managecatalogs-display-component---detailCatalog","searchOpenDialogs":true,"interaction":{"idSuffix":"I"}},"wdio_ui5_key":"etmportal.ui.managecatalogs.view.Detailsap.m.SearchField"}]}
RESULT: undefined
COMMAND: POST /session/d06e4a31898e4cf5ae1f0dc562bb1a4d/execute/async - {"script":"<script> [776 bytes]","args":[{"enterText":"WebdriverRUR2C45prk","selector":{"controlType":"sap.m.SearchField","viewName":"etm.portal.ui.managecatalogs.view.Detail","viewId":"application-managecatalogs-display-component---detailCatalog","searchOpenDialogs":true,"interaction":{"idSuffix":"I"}},"clearTextFirst":true,"interactionType":"ENTER_TEXT"}]}
RESULT: {}
RESULT: {"script":"<script> [776 bytes]","args":[{"enterText":"WebdriverRUR2C45prk","selector":{"controlType":"sap.m.SearchField","viewName":"etm.portal.ui.managecatalogs.view.Detail","viewId":"application-managecatalogs-display-component---detailCatalog","searchOpenDialogs":true,"interaction":{"idSuffix":"I"}},"clearTextFirst":true,"interactionType":"ENTER_TEXT"}]}
COMMAND: POST /session/d06e4a31898e4cf5ae1f0dc562bb1a4d/actions - {"actions":[{"id":"action20","type":"key","parameters":{},"actions":[{"type":"keyDown","value":"î€‡"},{"type":"pause","duration":10},{"type":"keyUp","value":"î€‡"}]}]}
RESULT: {"actions":[{"id":"action20","type":"key","parameters":{},"actions":[{"type":"keyDown","value":"î€‡"},{"type":"pause","duration":10},{"type":"keyUp","value":"î€‡"}]}]}
COMMAND: GET /session/d06e4a31898e4cf5ae1f0dc562bb1a4d/screenshot - {}
RESULT: {}
COMMAND: POST /session/d06e4a31898e4cf5ae1f0dc562bb1a4d/element - {"using":"xpath","value":"(//span[contains(text(), \"WebdriverRUR2C45prk\")])[1]"}
RESULT: {"using":"xpath","value":"(//span[contains(text(), \"WebdriverRUR2C45prk\")])[1]"}
COMMAND: POST /session/d06e4a31898e4cf5ae1f0dc562bb1a4d/element/f.FF7867651CD8E469CE707B8552024CE8.d.64F88A394A205AE9DBEC73A34033D4BE.e.4829/click - {}
RESULT: {}
COMMAND: POST /session/d06e4a31898e4cf5ae1f0dc562bb1a4d/execute/async - {"script":"<script> [1562 bytes]","args":[{"selector":{"id":"application-managecatalogs-display-component---detailCatalog--RUAssignmentSaveButton","searchOpenDialogs":true,"interaction":{"idSuffix":"BDI-content"}},"wdio_ui5_key":"applicationmanagecatalogs-display-component---detailCatalog--RUAssignmentSaveButton"}]}
COMMAND: GET /session/d06e4a31898e4cf5ae1f0dc562bb1a4d/screenshot - {}
RESULT: {"script":"<script> [1562 bytes]","args":[{"selector":{"id":"application-managecatalogs-display-component---detailCatalog--RUAssignmentSaveButton","searchOpenDialogs":true,"interaction":{"idSuffix":"BDI-content"}},"wdio_ui5_key":"applicationmanagecatalogs-display-component---detailCatalog--RUAssignmentSaveButton"}]}
RESULT: undefined
COMMAND: POST /session/d06e4a31898e4cf5ae1f0dc562bb1a4d/element - {"using":"xpath","value":"//*[@id=\"application-managecatalogs-display-component---detailCatalog--RUAssignmentSaveButton\"]"}
RESULT: {}
RESULT: {"using":"xpath","value":"//*[@id=\"application-managecatalogs-display-component---detailCatalog--RUAssignmentSaveButton\"]"}
COMMAND: POST /session/d06e4a31898e4cf5ae1f0dc562bb1a4d/element/f.FF7867651CD8E469CE707B8552024CE8.d.64F88A394A205AE9DBEC73A34033D4BE.e.4832/click - {}
RESULT: {}
COMMAND: GET /session/d06e4a31898e4cf5ae1f0dc562bb1a4d/screenshot - {}
RESULT: {}
COMMAND: POST /session/d06e4a31898e4cf5ae1f0dc562bb1a4d/element - {"using":"xpath","value":"//bdi[contains(text(), \"Save\")]"}
RESULT: {"using":"xpath","value":"//bdi[contains(text(), \"Save\")]"}
COMMAND: POST /session/d06e4a31898e4cf5ae1f0dc562bb1a4d/element/f.FF7867651CD8E469CE707B8552024CE8.d.64F88A394A205AE9DBEC73A34033D4BE.e.4844/click - {}
RESULT: {}
COMMAND: GET /session/d06e4a31898e4cf5ae1f0dc562bb1a4d/screenshot - {}
RESULT: {}
COMMAND: POST /session/d06e4a31898e4cf5ae1f0dc562bb1a4d/element - {"using":"css selector","value":"#shell-header-logo"}
RESULT: {"using":"css selector","value":"#shell-header-logo"}
COMMAND: POST /session/d06e4a31898e4cf5ae1f0dc562bb1a4d/element/f.FF7867651CD8E469CE707B8552024CE8.d.64F88A394A205AE9DBEC73A34033D4BE.e.4500/click - {}
RESULT: {}
COMMAND: GET /session/d06e4a31898e4cf5ae1f0dc562bb1a4d/screenshot - {}
RESULT: {}
]]></system-out>
    </testcase>
    <testcase classname="chrome.136_0_7103_93.windows.Standard_contract_-_add_contract_items_by_Insert_Request_US118222" name="Should create a new contract" time="89.695">
      <system-out><![CDATA[
COMMAND: POST /session/d06e4a31898e4cf5ae1f0dc562bb1a4d/execute/async - {"script":"<script> [1562 bytes]","args":[{"selector":{"controlType":"sap.m.GenericTile","properties":{"header":"Manage Contracts"}},"wdio_ui5_key":"sapm.GenericTile{\"header\":\"Manage Contracts\"}"}]}
RESULT: {"script":"<script> [1562 bytes]","args":[{"selector":{"controlType":"sap.m.GenericTile","properties":{"header":"Manage Contracts"}},"wdio_ui5_key":"sapm.GenericTile{\"header\":\"Manage Contracts\"}"}]}
RESULT: undefined
COMMAND: POST /session/d06e4a31898e4cf5ae1f0dc562bb1a4d/element - {"using":"xpath","value":"//*[@id=\"__tile130\"]"}
RESULT: {"using":"xpath","value":"//*[@id=\"__tile130\"]"}
COMMAND: POST /session/d06e4a31898e4cf5ae1f0dc562bb1a4d/element/f.FF7867651CD8E469CE707B8552024CE8.d.64F88A394A205AE9DBEC73A34033D4BE.e.4881/click - {}
RESULT: {}
COMMAND: GET /session/d06e4a31898e4cf5ae1f0dc562bb1a4d/screenshot - {}
RESULT: {}
COMMAND: POST /session/d06e4a31898e4cf5ae1f0dc562bb1a4d/elements - {"using":"xpath","value":"//span[text()='Error']"}
RESULT: {"using":"xpath","value":"//span[text()='Error']"}
COMMAND: POST /session/d06e4a31898e4cf5ae1f0dc562bb1a4d/element - {"using":"xpath","value":"//button[@data-kt=\"addButton\"]"}
RESULT: {"using":"xpath","value":"//button[@data-kt=\"addButton\"]"}
COMMAND: POST /session/d06e4a31898e4cf5ae1f0dc562bb1a4d/element/f.FF7867651CD8E469CE707B8552024CE8.d.64F88A394A205AE9DBEC73A34033D4BE.e.4931/click - {}
RESULT: {}
COMMAND: GET /session/d06e4a31898e4cf5ae1f0dc562bb1a4d/screenshot - {}
RESULT: {}
COMMAND: POST /session/d06e4a31898e4cf5ae1f0dc562bb1a4d/execute/async - {"script":"<script> [1562 bytes]","args":[{"selector":{"id":"application-managecontracts-display-component---AddNewContract--projectDescription","interaction":{"idSuffix":"inner"}},"wdio_ui5_key":"applicationmanagecontracts-display-component---AddNewContract--projectDescription"}]}
RESULT: {"script":"<script> [1562 bytes]","args":[{"selector":{"id":"application-managecontracts-display-component---AddNewContract--projectDescription","interaction":{"idSuffix":"inner"}},"wdio_ui5_key":"applicationmanagecontracts-display-component---AddNewContract--projectDescription"}]}
RESULT: undefined
COMMAND: POST /session/d06e4a31898e4cf5ae1f0dc562bb1a4d/execute/async - {"script":"<script> [776 bytes]","args":[{"enterText":"WdIOR2cggw44","selector":{"id":"application-managecontracts-display-component---AddNewContract--projectDescription","interaction":{"idSuffix":"inner"}},"clearTextFirst":true,"interactionType":"ENTER_TEXT"}]}
RESULT: {"script":"<script> [776 bytes]","args":[{"enterText":"WdIOR2cggw44","selector":{"id":"application-managecontracts-display-component---AddNewContract--projectDescription","interaction":{"idSuffix":"inner"}},"clearTextFirst":true,"interactionType":"ENTER_TEXT"}]}
COMMAND: POST /session/d06e4a31898e4cf5ae1f0dc562bb1a4d/element - {"using":"xpath","value":"//input[@id=\"application-managecontracts-display-component---AddNewContract--yardId-inner\"]"}
RESULT: {"using":"xpath","value":"//input[@id=\"application-managecontracts-display-component---AddNewContract--yardId-inner\"]"}
COMMAND: POST /session/d06e4a31898e4cf5ae1f0dc562bb1a4d/element/f.FF7867651CD8E469CE707B8552024CE8.d.64F88A394A205AE9DBEC73A34033D4BE.e.5232/clear - {}
RESULT: {}
COMMAND: POST /session/d06e4a31898e4cf5ae1f0dc562bb1a4d/element/f.FF7867651CD8E469CE707B8552024CE8.d.64F88A394A205AE9DBEC73A34033D4BE.e.5232/value - {"text":"WebdriverYardgx1k1"}
COMMAND: GET /session/d06e4a31898e4cf5ae1f0dc562bb1a4d/screenshot - {}
RESULT: {"text":"WebdriverYardgx1k1"}
COMMAND: GET /session/d06e4a31898e4cf5ae1f0dc562bb1a4d/screenshot - {}
RESULT: {}
RESULT: {}
COMMAND: POST /session/d06e4a31898e4cf5ae1f0dc562bb1a4d/actions - {"actions":[{"id":"action21","type":"key","parameters":{},"actions":[{"type":"keyDown","value":"î€‡"},{"type":"pause","duration":10},{"type":"keyUp","value":"î€‡"}]}]}
RESULT: {"actions":[{"id":"action21","type":"key","parameters":{},"actions":[{"type":"keyDown","value":"î€‡"},{"type":"pause","duration":10},{"type":"keyUp","value":"î€‡"}]}]}
COMMAND: GET /session/d06e4a31898e4cf5ae1f0dc562bb1a4d/screenshot - {}
RESULT: {}
COMMAND: POST /session/d06e4a31898e4cf5ae1f0dc562bb1a4d/element - {"using":"xpath","value":"//input[@id=\"application-managecontracts-display-component---AddNewContract--customerSelect-inner\"]"}
RESULT: {"using":"xpath","value":"//input[@id=\"application-managecontracts-display-component---AddNewContract--customerSelect-inner\"]"}
COMMAND: POST /session/d06e4a31898e4cf5ae1f0dc562bb1a4d/element/f.FF7867651CD8E469CE707B8552024CE8.d.64F88A394A205AE9DBEC73A34033D4BE.e.5230/clear - {}
RESULT: {}
COMMAND: POST /session/d06e4a31898e4cf5ae1f0dc562bb1a4d/element/f.FF7867651CD8E469CE707B8552024CE8.d.64F88A394A205AE9DBEC73A34033D4BE.e.5230/value - {"text":"WebdriverPartnerg12w9"}
COMMAND: GET /session/d06e4a31898e4cf5ae1f0dc562bb1a4d/screenshot - {}
RESULT: {"text":"WebdriverPartnerg12w9"}
COMMAND: GET /session/d06e4a31898e4cf5ae1f0dc562bb1a4d/screenshot - {}
RESULT: {}
RESULT: {}
COMMAND: POST /session/d06e4a31898e4cf5ae1f0dc562bb1a4d/actions - {"actions":[{"id":"action22","type":"key","parameters":{},"actions":[{"type":"keyDown","value":"î€‡"},{"type":"pause","duration":10},{"type":"keyUp","value":"î€‡"}]}]}
RESULT: {"actions":[{"id":"action22","type":"key","parameters":{},"actions":[{"type":"keyDown","value":"î€‡"},{"type":"pause","duration":10},{"type":"keyUp","value":"î€‡"}]}]}
COMMAND: GET /session/d06e4a31898e4cf5ae1f0dc562bb1a4d/screenshot - {}
RESULT: {}
COMMAND: POST /session/d06e4a31898e4cf5ae1f0dc562bb1a4d/element - {"using":"xpath","value":"//input[@id=\"application-managecontracts-display-component---AddNewContract--site-inner\"]"}
RESULT: {"using":"xpath","value":"//input[@id=\"application-managecontracts-display-component---AddNewContract--site-inner\"]"}
COMMAND: POST /session/d06e4a31898e4cf5ae1f0dc562bb1a4d/element/f.FF7867651CD8E469CE707B8552024CE8.d.64F88A394A205AE9DBEC73A34033D4BE.e.5231/clear - {}
RESULT: {}
COMMAND: POST /session/d06e4a31898e4cf5ae1f0dc562bb1a4d/element/f.FF7867651CD8E469CE707B8552024CE8.d.64F88A394A205AE9DBEC73A34033D4BE.e.5231/value - {"text":"WebdriverSiteuf6hi"}
COMMAND: GET /session/d06e4a31898e4cf5ae1f0dc562bb1a4d/screenshot - {}
RESULT: {"text":"WebdriverSiteuf6hi"}
COMMAND: GET /session/d06e4a31898e4cf5ae1f0dc562bb1a4d/screenshot - {}
RESULT: {}
RESULT: {}
COMMAND: POST /session/d06e4a31898e4cf5ae1f0dc562bb1a4d/actions - {"actions":[{"id":"action23","type":"key","parameters":{},"actions":[{"type":"keyDown","value":"î€‡"},{"type":"pause","duration":10},{"type":"keyUp","value":"î€‡"}]}]}
RESULT: {"actions":[{"id":"action23","type":"key","parameters":{},"actions":[{"type":"keyDown","value":"î€‡"},{"type":"pause","duration":10},{"type":"keyUp","value":"î€‡"}]}]}
COMMAND: GET /session/d06e4a31898e4cf5ae1f0dc562bb1a4d/screenshot - {}
RESULT: {}
COMMAND: POST /session/d06e4a31898e4cf5ae1f0dc562bb1a4d/element - {"using":"xpath","value":"//button[@data-kt=\"saveButton\"]"}
RESULT: {"using":"xpath","value":"//button[@data-kt=\"saveButton\"]"}
COMMAND: POST /session/d06e4a31898e4cf5ae1f0dc562bb1a4d/element/f.FF7867651CD8E469CE707B8552024CE8.d.64F88A394A205AE9DBEC73A34033D4BE.e.5265/click - {}
RESULT: {}
COMMAND: GET /session/d06e4a31898e4cf5ae1f0dc562bb1a4d/screenshot - {}
RESULT: {}
COMMAND: POST /session/d06e4a31898e4cf5ae1f0dc562bb1a4d/execute/async - {"script":"<script> [1562 bytes]","args":[{"selector":{"id":"contractDetailTitleNoExpanded","viewName":"etm.portal.ui.managecontracts.view.Detail"},"wdio_ui5_key":"contractDetailTitleNoExpandedetmportal.ui.managecontracts.view.Detail"}]}
RESULT: {"script":"<script> [1562 bytes]","args":[{"selector":{"id":"contractDetailTitleNoExpanded","viewName":"etm.portal.ui.managecontracts.view.Detail"},"wdio_ui5_key":"contractDetailTitleNoExpandedetmportal.ui.managecontracts.view.Detail"}]}
RESULT: undefined
COMMAND: POST /session/d06e4a31898e4cf5ae1f0dc562bb1a4d/execute/async - {"script":"<script> [6424 bytes]","args":[{"element-6066-11e4-a52e-4f735466cecf":"f.FF7867651CD8E469CE707B8552024CE8.d.64F88A394A205AE9DBEC73A34033D4BE.e.5275"},"getText",[]]}
RESULT: {"script":"<script> [6424 bytes]","args":[{"element-6066-11e4-a52e-4f735466cecf":"f.FF7867651CD8E469CE707B8552024CE8.d.64F88A394A205AE9DBEC73A34033D4BE.e.5275"},"getText",[]]}
]]></system-out>
    </testcase>
    <testcase classname="chrome.136_0_7103_93.windows.Standard_contract_-_add_contract_items_by_Insert_Request_US118222" name="Should create a new request and plan it" time="160.913">
      <system-out><![CDATA[
COMMAND: POST /session/d06e4a31898e4cf5ae1f0dc562bb1a4d/element - {"using":"css selector","value":"#shell-header-logo"}
RESULT: {"using":"css selector","value":"#shell-header-logo"}
COMMAND: POST /session/d06e4a31898e4cf5ae1f0dc562bb1a4d/element/f.FF7867651CD8E469CE707B8552024CE8.d.64F88A394A205AE9DBEC73A34033D4BE.e.4883/click - {}
RESULT: {}
COMMAND: GET /session/d06e4a31898e4cf5ae1f0dc562bb1a4d/screenshot - {}
RESULT: {}
COMMAND: POST /session/d06e4a31898e4cf5ae1f0dc562bb1a4d/execute/async - {"script":"<script> [1562 bytes]","args":[{"selector":{"controlType":"sap.m.GenericTile","properties":{"header":"Manage Requests"}},"wdio_ui5_key":"sapm.GenericTile{\"header\":\"Manage Requests\"}"}]}
RESULT: {"script":"<script> [1562 bytes]","args":[{"selector":{"controlType":"sap.m.GenericTile","properties":{"header":"Manage Requests"}},"wdio_ui5_key":"sapm.GenericTile{\"header\":\"Manage Requests\"}"}]}
RESULT: undefined
COMMAND: POST /session/d06e4a31898e4cf5ae1f0dc562bb1a4d/element - {"using":"xpath","value":"//*[@id=\"__tile47\"]"}
RESULT: {"using":"xpath","value":"//*[@id=\"__tile47\"]"}
COMMAND: POST /session/d06e4a31898e4cf5ae1f0dc562bb1a4d/element/f.FF7867651CD8E469CE707B8552024CE8.d.64F88A394A205AE9DBEC73A34033D4BE.e.5280/click - {}
RESULT: {}
COMMAND: GET /session/d06e4a31898e4cf5ae1f0dc562bb1a4d/screenshot - {}
RESULT: {}
COMMAND: POST /session/d06e4a31898e4cf5ae1f0dc562bb1a4d/elements - {"using":"xpath","value":"//span[text()='Error']"}
RESULT: {"using":"xpath","value":"//span[text()='Error']"}
COMMAND: POST /session/d06e4a31898e4cf5ae1f0dc562bb1a4d/element - {"using":"xpath","value":"//button[contains(@data-kt ,\"btnCreateNewOverflowToolbarButton\")]"}
COMMAND: POST /session/d06e4a31898e4cf5ae1f0dc562bb1a4d/element - {"using":"xpath","value":"(//span[contains(@class ,\"sapMObjStatusText\")])[1]"}
RESULT: {"using":"xpath","value":"//button[contains(@data-kt ,\"btnCreateNewOverflowToolbarButton\")]"}
COMMAND: POST /session/d06e4a31898e4cf5ae1f0dc562bb1a4d/element/f.FF7867651CD8E469CE707B8552024CE8.d.64F88A394A205AE9DBEC73A34033D4BE.e.5360/click - {}
RESULT: {"using":"xpath","value":"(//span[contains(@class ,\"sapMObjStatusText\")])[1]"}
COMMAND: POST /session/d06e4a31898e4cf5ae1f0dc562bb1a4d/execute/sync - {"script":"<script> [8489 bytes]","args":[{"element-6066-11e4-a52e-4f735466cecf":"f.FF7867651CD8E469CE707B8552024CE8.d.64F88A394A205AE9DBEC73A34033D4BE.e.5392","ELEMENT":"f.FF7867651CD8E469CE707B8552024CE8.d.64F88A394A205AE9DBEC73A34033D4BE.e.5392"}]}
RESULT: {}
COMMAND: GET /session/d06e4a31898e4cf5ae1f0dc562bb1a4d/screenshot - {}
RESULT: {"script":"<script> [8489 bytes]","args":[{"element-6066-11e4-a52e-4f735466cecf":"f.FF7867651CD8E469CE707B8552024CE8.d.64F88A394A205AE9DBEC73A34033D4BE.e.5392","ELEMENT":"f.FF7867651CD8E469CE707B8552024CE8.d.64F88A394A205AE9DBEC73A34033D4BE.e.5392"}]}
COMMAND: GET /session/d06e4a31898e4cf5ae1f0dc562bb1a4d/screenshot - {}
RESULT: {}
RESULT: {}
COMMAND: POST /session/d06e4a31898e4cf5ae1f0dc562bb1a4d/element - {"using":"xpath","value":"//input[contains(@id ,\"yardId-inner\")]"}
RESULT: {"using":"xpath","value":"//input[contains(@id ,\"yardId-inner\")]"}
COMMAND: POST /session/d06e4a31898e4cf5ae1f0dc562bb1a4d/execute/sync - {"script":"<script> [8489 bytes]","args":[{"element-6066-11e4-a52e-4f735466cecf":"f.FF7867651CD8E469CE707B8552024CE8.d.64F88A394A205AE9DBEC73A34033D4BE.e.5476","ELEMENT":"f.FF7867651CD8E469CE707B8552024CE8.d.64F88A394A205AE9DBEC73A34033D4BE.e.5476"}]}
RESULT: {"script":"<script> [8489 bytes]","args":[{"element-6066-11e4-a52e-4f735466cecf":"f.FF7867651CD8E469CE707B8552024CE8.d.64F88A394A205AE9DBEC73A34033D4BE.e.5476","ELEMENT":"f.FF7867651CD8E469CE707B8552024CE8.d.64F88A394A205AE9DBEC73A34033D4BE.e.5476"}]}
COMMAND: POST /session/d06e4a31898e4cf5ae1f0dc562bb1a4d/element - {"using":"xpath","value":"//input[contains(@id ,\"requestContractNo-inner\")]"}
COMMAND: POST /session/d06e4a31898e4cf5ae1f0dc562bb1a4d/element - {"using":"xpath","value":"//input[contains(@id ,\"requestContractNo-inner\")]"}
COMMAND: GET /session/d06e4a31898e4cf5ae1f0dc562bb1a4d/screenshot - {}
RESULT: {"using":"xpath","value":"//input[contains(@id ,\"requestContractNo-inner\")]"}
COMMAND: GET /session/d06e4a31898e4cf5ae1f0dc562bb1a4d/element/f.FF7867651CD8E469CE707B8552024CE8.d.64F88A394A205AE9DBEC73A34033D4BE.e.5473/enabled - {}
RESULT: {"using":"xpath","value":"//input[contains(@id ,\"requestContractNo-inner\")]"}
COMMAND: POST /session/d06e4a31898e4cf5ae1f0dc562bb1a4d/element/f.FF7867651CD8E469CE707B8552024CE8.d.64F88A394A205AE9DBEC73A34033D4BE.e.5473/value - {"text":"10340"}
RESULT: {}
RESULT: {}
COMMAND: GET /session/d06e4a31898e4cf5ae1f0dc562bb1a4d/screenshot - {}
RESULT: {"text":"10340"}
COMMAND: GET /session/d06e4a31898e4cf5ae1f0dc562bb1a4d/screenshot - {}
RESULT: {}
RESULT: {}
COMMAND: POST /session/d06e4a31898e4cf5ae1f0dc562bb1a4d/actions - {"actions":[{"id":"action24","type":"key","parameters":{},"actions":[{"type":"keyDown","value":"î€‡"},{"type":"pause","duration":10},{"type":"keyUp","value":"î€‡"}]}]}
RESULT: {"actions":[{"id":"action24","type":"key","parameters":{},"actions":[{"type":"keyDown","value":"î€‡"},{"type":"pause","duration":10},{"type":"keyUp","value":"î€‡"}]}]}
COMMAND: GET /session/d06e4a31898e4cf5ae1f0dc562bb1a4d/screenshot - {}
RESULT: {}
COMMAND: POST /session/d06e4a31898e4cf5ae1f0dc562bb1a4d/execute/async - {"script":"<script> [1562 bytes]","args":[{"selector":{"controlType":"sap.ui.core.Icon","viewName":"etm.portal.ui.managerequests.view.NewRequest","properties":{"src":{"regex":{"source":"add"}}}},"wdio_ui5_key":"etmportal.ui.managerequests.view.NewRequestsap.ui.core.Icon{\"src\":{\"regex\":{\"source\":\"add\"}}}"}]}
RESULT: {"script":"<script> [1562 bytes]","args":[{"selector":{"controlType":"sap.ui.core.Icon","viewName":"etm.portal.ui.managerequests.view.NewRequest","properties":{"src":{"regex":{"source":"add"}}}},"wdio_ui5_key":"etmportal.ui.managerequests.view.NewRequestsap.ui.core.Icon{\"src\":{\"regex\":{\"source\":\"add\"}}}"}]}
RESULT: undefined
COMMAND: POST /session/d06e4a31898e4cf5ae1f0dc562bb1a4d/element - {"using":"xpath","value":"//*[@id=\"__xmlview61--btnAddTableRow-img\"]"}
RESULT: {"using":"xpath","value":"//*[@id=\"__xmlview61--btnAddTableRow-img\"]"}
COMMAND: POST /session/d06e4a31898e4cf5ae1f0dc562bb1a4d/element/f.FF7867651CD8E469CE707B8552024CE8.d.64F88A394A205AE9DBEC73A34033D4BE.e.5660/click - {}
RESULT: {}
COMMAND: GET /session/d06e4a31898e4cf5ae1f0dc562bb1a4d/screenshot - {}
RESULT: {}
COMMAND: POST /session/d06e4a31898e4cf5ae1f0dc562bb1a4d/execute/async - {"script":"<script> [1562 bytes]","args":[{"selector":{"controlType":"sap.ui.unified.MenuItem","viewName":"etm.portal.ui.managerequests.view.NewRequest","i18NText":{"propertyName":"text","key":"standardEntry"},"searchOpenDialogs":true,"interaction":{"idSuffix":"txt"}},"wdio_ui5_key":"etmportal.ui.managerequests.view.NewRequestsap.ui.unified.MenuItem{\"propertyName\":\"text\",\"key\":\"standardEntry\"}"}]}
RESULT: {"script":"<script> [1562 bytes]","args":[{"selector":{"controlType":"sap.ui.unified.MenuItem","viewName":"etm.portal.ui.managerequests.view.NewRequest","i18NText":{"propertyName":"text","key":"standardEntry"},"searchOpenDialogs":true,"interaction":{"idSuffix":"txt"}},"wdio_ui5_key":"etmportal.ui.managerequests.view.NewRequestsap.ui.unified.MenuItem{\"propertyName\":\"text\",\"key\":\"standardEntry\"}"}]}
RESULT: undefined
COMMAND: POST /session/d06e4a31898e4cf5ae1f0dc562bb1a4d/element - {"using":"xpath","value":"//*[@id=\"__item1861\"]"}
RESULT: {"using":"xpath","value":"//*[@id=\"__item1861\"]"}
COMMAND: POST /session/d06e4a31898e4cf5ae1f0dc562bb1a4d/element/f.FF7867651CD8E469CE707B8552024CE8.d.64F88A394A205AE9DBEC73A34033D4BE.e.5664/click - {}
RESULT: {}
COMMAND: GET /session/d06e4a31898e4cf5ae1f0dc562bb1a4d/screenshot - {}
RESULT: {}
RESULT: undefined
COMMAND: POST /session/d06e4a31898e4cf5ae1f0dc562bb1a4d/element - {"using":"xpath","value":"//*[@id=\"__xmlview61--btnAddTableRow-img\"]"}
RESULT: {"using":"xpath","value":"//*[@id=\"__xmlview61--btnAddTableRow-img\"]"}
COMMAND: POST /session/d06e4a31898e4cf5ae1f0dc562bb1a4d/element/f.FF7867651CD8E469CE707B8552024CE8.d.64F88A394A205AE9DBEC73A34033D4BE.e.5660/click - {}
RESULT: {}
COMMAND: GET /session/d06e4a31898e4cf5ae1f0dc562bb1a4d/screenshot - {}
RESULT: {}
RESULT: undefined
COMMAND: POST /session/d06e4a31898e4cf5ae1f0dc562bb1a4d/element - {"using":"xpath","value":"//*[@id=\"__item1861\"]"}
RESULT: {"using":"xpath","value":"//*[@id=\"__item1861\"]"}
COMMAND: POST /session/d06e4a31898e4cf5ae1f0dc562bb1a4d/element/f.FF7867651CD8E469CE707B8552024CE8.d.64F88A394A205AE9DBEC73A34033D4BE.e.5676/click - {}
RESULT: {}
COMMAND: GET /session/d06e4a31898e4cf5ae1f0dc562bb1a4d/screenshot - {}
RESULT: {}
COMMAND: POST /session/d06e4a31898e4cf5ae1f0dc562bb1a4d/element - {"using":"xpath","value":"(//input[contains(@id ,\"requestItemsTable-0-inner\")])[1]"}
RESULT: {"using":"xpath","value":"(//input[contains(@id ,\"requestItemsTable-0-inner\")])[1]"}
COMMAND: POST /session/d06e4a31898e4cf5ae1f0dc562bb1a4d/element/f.FF7867651CD8E469CE707B8552024CE8.d.64F88A394A205AE9DBEC73A34033D4BE.e.5666/clear - {}
RESULT: {}
COMMAND: POST /session/d06e4a31898e4cf5ae1f0dc562bb1a4d/element/f.FF7867651CD8E469CE707B8552024CE8.d.64F88A394A205AE9DBEC73A34033D4BE.e.5666/value - {"text":"catalogItem9z6k3"}
COMMAND: GET /session/d06e4a31898e4cf5ae1f0dc562bb1a4d/screenshot - {}
RESULT: {"text":"catalogItem9z6k3"}
COMMAND: GET /session/d06e4a31898e4cf5ae1f0dc562bb1a4d/screenshot - {}
RESULT: {}
RESULT: {}
COMMAND: POST /session/d06e4a31898e4cf5ae1f0dc562bb1a4d/actions - {"actions":[{"id":"action25","type":"key","parameters":{},"actions":[{"type":"keyDown","value":"î€‡"},{"type":"pause","duration":10},{"type":"keyUp","value":"î€‡"}]}]}
RESULT: {"actions":[{"id":"action25","type":"key","parameters":{},"actions":[{"type":"keyDown","value":"î€‡"},{"type":"pause","duration":10},{"type":"keyUp","value":"î€‡"}]}]}
COMMAND: POST /session/d06e4a31898e4cf5ae1f0dc562bb1a4d/element - {"using":"xpath","value":"(//input[contains(@id ,\"requestItemsTable-1-inner\")])[1]"}
COMMAND: GET /session/d06e4a31898e4cf5ae1f0dc562bb1a4d/screenshot - {}
RESULT: {"using":"xpath","value":"(//input[contains(@id ,\"requestItemsTable-1-inner\")])[1]"}
COMMAND: POST /session/d06e4a31898e4cf5ae1f0dc562bb1a4d/element/f.FF7867651CD8E469CE707B8552024CE8.d.64F88A394A205AE9DBEC73A34033D4BE.e.5678/clear - {}
RESULT: {}
RESULT: {}
COMMAND: POST /session/d06e4a31898e4cf5ae1f0dc562bb1a4d/element/f.FF7867651CD8E469CE707B8552024CE8.d.64F88A394A205AE9DBEC73A34033D4BE.e.5678/value - {"text":"catalogItem9z6k3"}
COMMAND: GET /session/d06e4a31898e4cf5ae1f0dc562bb1a4d/screenshot - {}
RESULT: {"text":"catalogItem9z6k3"}
COMMAND: GET /session/d06e4a31898e4cf5ae1f0dc562bb1a4d/screenshot - {}
RESULT: {}
RESULT: {}
COMMAND: POST /session/d06e4a31898e4cf5ae1f0dc562bb1a4d/actions - {"actions":[{"id":"action26","type":"key","parameters":{},"actions":[{"type":"keyDown","value":"î€‡"},{"type":"pause","duration":10},{"type":"keyUp","value":"î€‡"}]}]}
RESULT: {"actions":[{"id":"action26","type":"key","parameters":{},"actions":[{"type":"keyDown","value":"î€‡"},{"type":"pause","duration":10},{"type":"keyUp","value":"î€‡"}]}]}
COMMAND: GET /session/d06e4a31898e4cf5ae1f0dc562bb1a4d/screenshot - {}
RESULT: {}
COMMAND: POST /session/d06e4a31898e4cf5ae1f0dc562bb1a4d/execute/async - {"script":"<script> [1562 bytes]","args":[{"selector":{"controlType":"sap.ui.core.Icon","viewName":"etm.portal.ui.managerequests.view.NewRequest","properties":{"src":{"regex":{"source":"slim\\-arrow\\-down"}}},"ancestor":{"controlType":"sap.m.Button","viewName":"etm.portal.ui.managerequests.view.NewRequest","properties":{"icon":"sap-icon://slim-arrow-down"}}},"wdio_ui5_key":"etmportal.ui.managerequests.view.NewRequestsap.ui.core.Icon{\"src\":{\"regex\":{\"source\":\"slim\\\\-arrow\\\\-down\"}}}{\"controlType\":\"sap.m.Button\",\"viewName\":\"etm.portal.ui.managerequests.view.NewRequest\",\"properties\":{\"icon\":\"sap-icon://slim-arrow-down\"}}"}]}
RESULT: {"script":"<script> [1562 bytes]","args":[{"selector":{"controlType":"sap.ui.core.Icon","viewName":"etm.portal.ui.managerequests.view.NewRequest","properties":{"src":{"regex":{"source":"slim\\-arrow\\-down"}}},"ancestor":{"controlType":"sap.m.Button","viewName":"etm.portal.ui.managerequests.view.NewRequest","properties":{"icon":"sap-icon://slim-arrow-down"}}},"wdio_ui5_key":"etmportal.ui.managerequests.view.NewRequestsap.ui.core.Icon{\"src\":{\"regex\":{\"source\":\"slim\\\\-arrow\\\\-down\"}}}{\"controlType\":\"sap.m.Button\",\"viewName\":\"etm.portal.ui.managerequests.view.NewRequest\",\"properties\":{\"icon\":\"sap-icon://slim-arrow-down\"}}"}]}
RESULT: undefined
COMMAND: POST /session/d06e4a31898e4cf5ae1f0dc562bb1a4d/element - {"using":"xpath","value":"//*[@id=\"__title45-expandBtn-img\"]"}
RESULT: {"using":"xpath","value":"//*[@id=\"__title45-expandBtn-img\"]"}
COMMAND: POST /session/d06e4a31898e4cf5ae1f0dc562bb1a4d/element/f.FF7867651CD8E469CE707B8552024CE8.d.64F88A394A205AE9DBEC73A34033D4BE.e.5698/click - {}
RESULT: {}
COMMAND: POST /session/d06e4a31898e4cf5ae1f0dc562bb1a4d/element - {"using":"xpath","value":"//div[contains(@data-kt ,\"splitAllocationObjectStatus\")]"}
COMMAND: GET /session/d06e4a31898e4cf5ae1f0dc562bb1a4d/screenshot - {}
RESULT: {"using":"xpath","value":"//div[contains(@data-kt ,\"splitAllocationObjectStatus\")]"}
COMMAND: POST /session/d06e4a31898e4cf5ae1f0dc562bb1a4d/elements - {"using":"xpath","value":"//div[contains(@data-kt ,\"splitAllocationObjectStatus\")]"}
RESULT: {}
RESULT: {"using":"xpath","value":"//div[contains(@data-kt ,\"splitAllocationObjectStatus\")]"}
COMMAND: POST /session/d06e4a31898e4cf5ae1f0dc562bb1a4d/execute/async - {"script":"<script> [1562 bytes]","args":[{"selector":{"controlType":"sap.ui.core.Icon","viewName":"etm.portal.ui.managerequests.view.NewRequest","properties":{"src":{"regex":{"source":"message\\-error"}}},"ancestor":{"controlType":"sap.m.ColumnListItem","viewName":"etm.portal.ui.managerequests.view.NewRequest","bindingPath":{"modelName":"newRequestItems","path":"/RequestItems/0"},"ancestor":{"id":"requestItemsTable","viewName":"etm.portal.ui.managerequests.view.NewRequest"}}},"wdio_ui5_key":"etmportal.ui.managerequests.view.NewRequestsap.ui.core.Icon{\"src\":{\"regex\":{\"source\":\"message\\\\-error\"}}}{\"controlType\":\"sap.m.ColumnListItem\",\"viewName\":\"etm.portal.ui.managerequests.view.NewRequest\",\"bindingPath\":{\"modelName\":\"newRequestItems\",\"path\":\"/RequestItems/0\"},\"ancestor\":{\"id\":\"requestItemsTable\",\"viewName\":\"etm.portal.ui.managerequests.view.NewRequest\"}}"}]}
RESULT: {"script":"<script> [1562 bytes]","args":[{"selector":{"controlType":"sap.ui.core.Icon","viewName":"etm.portal.ui.managerequests.view.NewRequest","properties":{"src":{"regex":{"source":"message\\-error"}}},"ancestor":{"controlType":"sap.m.ColumnListItem","viewName":"etm.portal.ui.managerequests.view.NewRequest","bindingPath":{"modelName":"newRequestItems","path":"/RequestItems/0"},"ancestor":{"id":"requestItemsTable","viewName":"etm.portal.ui.managerequests.view.NewRequest"}}},"wdio_ui5_key":"etmportal.ui.managerequests.view.NewRequestsap.ui.core.Icon{\"src\":{\"regex\":{\"source\":\"message\\\\-error\"}}}{\"controlType\":\"sap.m.ColumnListItem\",\"viewName\":\"etm.portal.ui.managerequests.view.NewRequest\",\"bindingPath\":{\"modelName\":\"newRequestItems\",\"path\":\"/RequestItems/0\"},\"ancestor\":{\"id\":\"requestItemsTable\",\"viewName\":\"etm.portal.ui.managerequests.view.NewRequest\"}}"}]}
RESULT: undefined
COMMAND: POST /session/d06e4a31898e4cf5ae1f0dc562bb1a4d/element - {"using":"xpath","value":"//*[@id=\"__status15-__xmlview61--requestItemsTable-0-icon\"]"}
RESULT: {"using":"xpath","value":"//*[@id=\"__status15-__xmlview61--requestItemsTable-0-icon\"]"}
COMMAND: POST /session/d06e4a31898e4cf5ae1f0dc562bb1a4d/element/f.FF7867651CD8E469CE707B8552024CE8.d.64F88A394A205AE9DBEC73A34033D4BE.e.5704/click - {}
RESULT: {}
COMMAND: GET /session/d06e4a31898e4cf5ae1f0dc562bb1a4d/screenshot - {}
RESULT: {}
COMMAND: POST /session/d06e4a31898e4cf5ae1f0dc562bb1a4d/execute/async - {"script":"<script> [1562 bytes]","args":[{"selector":{"id":"costObjectAdminTypeComboBox","viewName":"etm.portal.ui.managerequests.view.NewRequest","searchOpenDialogs":true,"interaction":{"idSuffix":"inner"}},"wdio_ui5_key":"costObjectAdminTypeComboBoxetmportal.ui.managerequests.view.NewRequest"}]}
RESULT: {"script":"<script> [1562 bytes]","args":[{"selector":{"id":"costObjectAdminTypeComboBox","viewName":"etm.portal.ui.managerequests.view.NewRequest","searchOpenDialogs":true,"interaction":{"idSuffix":"inner"}},"wdio_ui5_key":"costObjectAdminTypeComboBoxetmportal.ui.managerequests.view.NewRequest"}]}
RESULT: undefined
COMMAND: POST /session/d06e4a31898e4cf5ae1f0dc562bb1a4d/execute/async - {"script":"<script> [776 bytes]","args":[{"enterText":"Cost Center","selector":{"id":"costObjectAdminTypeComboBox","viewName":"etm.portal.ui.managerequests.view.NewRequest","searchOpenDialogs":true,"interaction":{"idSuffix":"inner"}},"clearTextFirst":true,"interactionType":"ENTER_TEXT"}]}
RESULT: {"script":"<script> [776 bytes]","args":[{"enterText":"Cost Center","selector":{"id":"costObjectAdminTypeComboBox","viewName":"etm.portal.ui.managerequests.view.NewRequest","searchOpenDialogs":true,"interaction":{"idSuffix":"inner"}},"clearTextFirst":true,"interactionType":"ENTER_TEXT"}]}
COMMAND: POST /session/d06e4a31898e4cf5ae1f0dc562bb1a4d/actions - {"actions":[{"id":"action27","type":"key","parameters":{},"actions":[{"type":"keyDown","value":"î€‡"},{"type":"pause","duration":10},{"type":"keyUp","value":"î€‡"}]}]}
RESULT: {"actions":[{"id":"action27","type":"key","parameters":{},"actions":[{"type":"keyDown","value":"î€‡"},{"type":"pause","duration":10},{"type":"keyUp","value":"î€‡"}]}]}
COMMAND: GET /session/d06e4a31898e4cf5ae1f0dc562bb1a4d/screenshot - {}
RESULT: {}
COMMAND: POST /session/d06e4a31898e4cf5ae1f0dc562bb1a4d/execute/async - {"script":"<script> [1562 bytes]","args":[{"selector":{"controlType":"sap.ui.core.Icon","viewName":"etm.portal.ui.managerequests.view.NewRequest","properties":{"src":{"regex":{"source":"value\\-help"}}},"searchOpenDialogs":true},"wdio_ui5_key":"etmportal.ui.managerequests.view.NewRequestsap.ui.core.Icon{\"src\":{\"regex\":{\"source\":\"value\\\\-help\"}}}"}]}
RESULT: {"script":"<script> [1562 bytes]","args":[{"selector":{"controlType":"sap.ui.core.Icon","viewName":"etm.portal.ui.managerequests.view.NewRequest","properties":{"src":{"regex":{"source":"value\\-help"}}},"searchOpenDialogs":true},"wdio_ui5_key":"etmportal.ui.managerequests.view.NewRequestsap.ui.core.Icon{\"src\":{\"regex\":{\"source\":\"value\\\\-help\"}}}"}]}
RESULT: undefined
COMMAND: POST /session/d06e4a31898e4cf5ae1f0dc562bb1a4d/element - {"using":"xpath","value":"//*[@id=\"__xmlview61--costObjectIdComboBox-vhi\"]"}
RESULT: {"using":"xpath","value":"//*[@id=\"__xmlview61--costObjectIdComboBox-vhi\"]"}
COMMAND: POST /session/d06e4a31898e4cf5ae1f0dc562bb1a4d/element/f.FF7867651CD8E469CE707B8552024CE8.d.64F88A394A205AE9DBEC73A34033D4BE.e.5716/click - {}
RESULT: {}
COMMAND: POST /session/d06e4a31898e4cf5ae1f0dc562bb1a4d/execute/async - {"script":"<script> [1562 bytes]","args":[{"selector":{"controlType":"sap.m.SearchField","properties":{"placeholder":"Search"},"searchOpenDialogs":true,"interaction":{"idSuffix":"I"}},"wdio_ui5_key":"sapm.SearchField{\"placeholder\":\"Search\"}"}]}
COMMAND: GET /session/d06e4a31898e4cf5ae1f0dc562bb1a4d/screenshot - {}
RESULT: {"script":"<script> [1562 bytes]","args":[{"selector":{"controlType":"sap.m.SearchField","properties":{"placeholder":"Search"},"searchOpenDialogs":true,"interaction":{"idSuffix":"I"}},"wdio_ui5_key":"sapm.SearchField{\"placeholder\":\"Search\"}"}]}
RESULT: undefined
COMMAND: POST /session/d06e4a31898e4cf5ae1f0dc562bb1a4d/execute/async - {"script":"<script> [776 bytes]","args":[{"enterText":"10001013","selector":{"controlType":"sap.m.SearchField","properties":{"placeholder":"Search"},"searchOpenDialogs":true,"interaction":{"idSuffix":"I"}},"clearTextFirst":true,"interactionType":"ENTER_TEXT"}]}
RESULT: {}
RESULT: {"script":"<script> [776 bytes]","args":[{"enterText":"10001013","selector":{"controlType":"sap.m.SearchField","properties":{"placeholder":"Search"},"searchOpenDialogs":true,"interaction":{"idSuffix":"I"}},"clearTextFirst":true,"interactionType":"ENTER_TEXT"}]}
COMMAND: POST /session/d06e4a31898e4cf5ae1f0dc562bb1a4d/actions - {"actions":[{"id":"action28","type":"key","parameters":{},"actions":[{"type":"keyDown","value":"î€‡"},{"type":"pause","duration":10},{"type":"keyUp","value":"î€‡"}]}]}
RESULT: {"actions":[{"id":"action28","type":"key","parameters":{},"actions":[{"type":"keyDown","value":"î€‡"},{"type":"pause","duration":10},{"type":"keyUp","value":"î€‡"}]}]}
COMMAND: GET /session/d06e4a31898e4cf5ae1f0dc562bb1a4d/screenshot - {}
RESULT: {}
COMMAND: POST /session/d06e4a31898e4cf5ae1f0dc562bb1a4d/element - {"using":"xpath","value":"//span[contains(text(), \"General Management\")]"}
RESULT: {"using":"xpath","value":"//span[contains(text(), \"General Management\")]"}
COMMAND: POST /session/d06e4a31898e4cf5ae1f0dc562bb1a4d/element/f.FF7867651CD8E469CE707B8552024CE8.d.64F88A394A205AE9DBEC73A34033D4BE.e.5756/click - {}
RESULT: {}
COMMAND: GET /session/d06e4a31898e4cf5ae1f0dc562bb1a4d/screenshot - {}
RESULT: {}
COMMAND: POST /session/d06e4a31898e4cf5ae1f0dc562bb1a4d/element - {"using":"xpath","value":"//bdi[contains(text(), \"OK\")]"}
RESULT: {"using":"xpath","value":"//bdi[contains(text(), \"OK\")]"}
COMMAND: POST /session/d06e4a31898e4cf5ae1f0dc562bb1a4d/element/f.FF7867651CD8E469CE707B8552024CE8.d.64F88A394A205AE9DBEC73A34033D4BE.e.5757/click - {}
RESULT: {}
COMMAND: GET /session/d06e4a31898e4cf5ae1f0dc562bb1a4d/screenshot - {}
RESULT: {}
COMMAND: POST /session/d06e4a31898e4cf5ae1f0dc562bb1a4d/element - {"using":"xpath","value":"(//bdi[contains(@id ,\"BDI-content\")][contains(text(), \"Save\")])[1]"}
RESULT: {"using":"xpath","value":"(//bdi[contains(@id ,\"BDI-content\")][contains(text(), \"Save\")])[1]"}
COMMAND: POST /session/d06e4a31898e4cf5ae1f0dc562bb1a4d/element/f.FF7867651CD8E469CE707B8552024CE8.d.64F88A394A205AE9DBEC73A34033D4BE.e.5761/click - {}
RESULT: {}
COMMAND: GET /session/d06e4a31898e4cf5ae1f0dc562bb1a4d/screenshot - {}
RESULT: {}
COMMAND: POST /session/d06e4a31898e4cf5ae1f0dc562bb1a4d/execute/async - {"script":"<script> [1562 bytes]","args":[{"selector":{"controlType":"sap.ui.core.Icon","viewName":"etm.portal.ui.managerequests.view.NewRequest","properties":{"src":{"regex":{"source":"message\\-error"}}},"ancestor":{"controlType":"sap.m.ColumnListItem","viewName":"etm.portal.ui.managerequests.view.NewRequest","bindingPath":{"modelName":"newRequestItems","path":"/RequestItems/1"},"ancestor":{"id":"requestItemsTable","viewName":"etm.portal.ui.managerequests.view.NewRequest"}}},"wdio_ui5_key":"etmportal.ui.managerequests.view.NewRequestsap.ui.core.Icon{\"src\":{\"regex\":{\"source\":\"message\\\\-error\"}}}{\"controlType\":\"sap.m.ColumnListItem\",\"viewName\":\"etm.portal.ui.managerequests.view.NewRequest\",\"bindingPath\":{\"modelName\":\"newRequestItems\",\"path\":\"/RequestItems/1\"},\"ancestor\":{\"id\":\"requestItemsTable\",\"viewName\":\"etm.portal.ui.managerequests.view.NewRequest\"}}"}]}
RESULT: {"script":"<script> [1562 bytes]","args":[{"selector":{"controlType":"sap.ui.core.Icon","viewName":"etm.portal.ui.managerequests.view.NewRequest","properties":{"src":{"regex":{"source":"message\\-error"}}},"ancestor":{"controlType":"sap.m.ColumnListItem","viewName":"etm.portal.ui.managerequests.view.NewRequest","bindingPath":{"modelName":"newRequestItems","path":"/RequestItems/1"},"ancestor":{"id":"requestItemsTable","viewName":"etm.portal.ui.managerequests.view.NewRequest"}}},"wdio_ui5_key":"etmportal.ui.managerequests.view.NewRequestsap.ui.core.Icon{\"src\":{\"regex\":{\"source\":\"message\\\\-error\"}}}{\"controlType\":\"sap.m.ColumnListItem\",\"viewName\":\"etm.portal.ui.managerequests.view.NewRequest\",\"bindingPath\":{\"modelName\":\"newRequestItems\",\"path\":\"/RequestItems/1\"},\"ancestor\":{\"id\":\"requestItemsTable\",\"viewName\":\"etm.portal.ui.managerequests.view.NewRequest\"}}"}]}
RESULT: undefined
COMMAND: POST /session/d06e4a31898e4cf5ae1f0dc562bb1a4d/element - {"using":"xpath","value":"//*[@id=\"__status15-__xmlview61--requestItemsTable-1-icon\"]"}
RESULT: {"using":"xpath","value":"//*[@id=\"__status15-__xmlview61--requestItemsTable-1-icon\"]"}
COMMAND: POST /session/d06e4a31898e4cf5ae1f0dc562bb1a4d/element/f.FF7867651CD8E469CE707B8552024CE8.d.64F88A394A205AE9DBEC73A34033D4BE.e.5764/click - {}
RESULT: {}
COMMAND: GET /session/d06e4a31898e4cf5ae1f0dc562bb1a4d/screenshot - {}
RESULT: {}
RESULT: undefined
COMMAND: POST /session/d06e4a31898e4cf5ae1f0dc562bb1a4d/execute/async - {"script":"<script> [776 bytes]","args":[{"enterText":"Cost Center","selector":{"id":"costObjectAdminTypeComboBox","viewName":"etm.portal.ui.managerequests.view.NewRequest","searchOpenDialogs":true,"interaction":{"idSuffix":"inner"}},"clearTextFirst":true,"interactionType":"ENTER_TEXT"}]}
RESULT: {"script":"<script> [776 bytes]","args":[{"enterText":"Cost Center","selector":{"id":"costObjectAdminTypeComboBox","viewName":"etm.portal.ui.managerequests.view.NewRequest","searchOpenDialogs":true,"interaction":{"idSuffix":"inner"}},"clearTextFirst":true,"interactionType":"ENTER_TEXT"}]}
COMMAND: POST /session/d06e4a31898e4cf5ae1f0dc562bb1a4d/actions - {"actions":[{"id":"action29","type":"key","parameters":{},"actions":[{"type":"keyDown","value":"î€‡"},{"type":"pause","duration":10},{"type":"keyUp","value":"î€‡"}]}]}
RESULT: {"actions":[{"id":"action29","type":"key","parameters":{},"actions":[{"type":"keyDown","value":"î€‡"},{"type":"pause","duration":10},{"type":"keyUp","value":"î€‡"}]}]}
COMMAND: GET /session/d06e4a31898e4cf5ae1f0dc562bb1a4d/screenshot - {}
RESULT: {}
RESULT: undefined
COMMAND: POST /session/d06e4a31898e4cf5ae1f0dc562bb1a4d/element - {"using":"xpath","value":"//*[@id=\"__xmlview61--costObjectIdComboBox-vhi\"]"}
RESULT: {"using":"xpath","value":"//*[@id=\"__xmlview61--costObjectIdComboBox-vhi\"]"}
COMMAND: POST /session/d06e4a31898e4cf5ae1f0dc562bb1a4d/element/f.FF7867651CD8E469CE707B8552024CE8.d.64F88A394A205AE9DBEC73A34033D4BE.e.5774/click - {}
RESULT: {}
RESULT: undefined
COMMAND: POST /session/d06e4a31898e4cf5ae1f0dc562bb1a4d/execute/async - {"script":"<script> [776 bytes]","args":[{"enterText":"10001013","selector":{"controlType":"sap.m.SearchField","properties":{"placeholder":"Search"},"searchOpenDialogs":true,"interaction":{"idSuffix":"I"}},"clearTextFirst":true,"interactionType":"ENTER_TEXT"}]}
COMMAND: GET /session/d06e4a31898e4cf5ae1f0dc562bb1a4d/screenshot - {}
RESULT: {}
RESULT: {"script":"<script> [776 bytes]","args":[{"enterText":"10001013","selector":{"controlType":"sap.m.SearchField","properties":{"placeholder":"Search"},"searchOpenDialogs":true,"interaction":{"idSuffix":"I"}},"clearTextFirst":true,"interactionType":"ENTER_TEXT"}]}
COMMAND: POST /session/d06e4a31898e4cf5ae1f0dc562bb1a4d/actions - {"actions":[{"id":"action30","type":"key","parameters":{},"actions":[{"type":"keyDown","value":"î€‡"},{"type":"pause","duration":10},{"type":"keyUp","value":"î€‡"}]}]}
RESULT: {"actions":[{"id":"action30","type":"key","parameters":{},"actions":[{"type":"keyDown","value":"î€‡"},{"type":"pause","duration":10},{"type":"keyUp","value":"î€‡"}]}]}
COMMAND: GET /session/d06e4a31898e4cf5ae1f0dc562bb1a4d/screenshot - {}
RESULT: {}
COMMAND: POST /session/d06e4a31898e4cf5ae1f0dc562bb1a4d/element - {"using":"xpath","value":"//span[contains(text(), \"General Management\")]"}
RESULT: {"using":"xpath","value":"//span[contains(text(), \"General Management\")]"}
COMMAND: POST /session/d06e4a31898e4cf5ae1f0dc562bb1a4d/element/f.FF7867651CD8E469CE707B8552024CE8.d.64F88A394A205AE9DBEC73A34033D4BE.e.5813/click - {}
RESULT: {}
COMMAND: GET /session/d06e4a31898e4cf5ae1f0dc562bb1a4d/screenshot - {}
RESULT: {}
COMMAND: POST /session/d06e4a31898e4cf5ae1f0dc562bb1a4d/element - {"using":"xpath","value":"//bdi[contains(text(), \"OK\")]"}
RESULT: {"using":"xpath","value":"//bdi[contains(text(), \"OK\")]"}
COMMAND: POST /session/d06e4a31898e4cf5ae1f0dc562bb1a4d/element/f.FF7867651CD8E469CE707B8552024CE8.d.64F88A394A205AE9DBEC73A34033D4BE.e.5814/click - {}
RESULT: {}
COMMAND: GET /session/d06e4a31898e4cf5ae1f0dc562bb1a4d/screenshot - {}
RESULT: {}
COMMAND: POST /session/d06e4a31898e4cf5ae1f0dc562bb1a4d/element - {"using":"xpath","value":"(//bdi[contains(@id ,\"BDI-content\")][contains(text(), \"Save\")])[1]"}
RESULT: {"using":"xpath","value":"(//bdi[contains(@id ,\"BDI-content\")][contains(text(), \"Save\")])[1]"}
COMMAND: POST /session/d06e4a31898e4cf5ae1f0dc562bb1a4d/element/f.FF7867651CD8E469CE707B8552024CE8.d.64F88A394A205AE9DBEC73A34033D4BE.e.5818/click - {}
RESULT: {}
COMMAND: GET /session/d06e4a31898e4cf5ae1f0dc562bb1a4d/screenshot - {}
RESULT: {}
COMMAND: POST /session/d06e4a31898e4cf5ae1f0dc562bb1a4d/execute/async - {"script":"<script> [1562 bytes]","args":[{"selector":{"controlType":"sap.m.Button","viewName":"etm.portal.ui.managerequests.view.NewRequest","i18NText":{"propertyName":"tooltip","key":"save"},"interaction":{"idSuffix":"content"}},"wdio_ui5_key":"etmportal.ui.managerequests.view.NewRequestsap.m.Button{\"propertyName\":\"tooltip\",\"key\":\"save\"}"}]}
RESULT: {"script":"<script> [1562 bytes]","args":[{"selector":{"controlType":"sap.m.Button","viewName":"etm.portal.ui.managerequests.view.NewRequest","i18NText":{"propertyName":"tooltip","key":"save"},"interaction":{"idSuffix":"content"}},"wdio_ui5_key":"etmportal.ui.managerequests.view.NewRequestsap.m.Button{\"propertyName\":\"tooltip\",\"key\":\"save\"}"}]}
RESULT: undefined
COMMAND: POST /session/d06e4a31898e4cf5ae1f0dc562bb1a4d/element - {"using":"xpath","value":"//*[@id=\"__button101\"]"}
RESULT: {"using":"xpath","value":"//*[@id=\"__button101\"]"}
COMMAND: POST /session/d06e4a31898e4cf5ae1f0dc562bb1a4d/element/f.FF7867651CD8E469CE707B8552024CE8.d.64F88A394A205AE9DBEC73A34033D4BE.e.5550/click - {}
RESULT: {}
COMMAND: GET /session/d06e4a31898e4cf5ae1f0dc562bb1a4d/screenshot - {}
RESULT: {}
COMMAND: POST /session/d06e4a31898e4cf5ae1f0dc562bb1a4d/execute/async - {"script":"<script> [1562 bytes]","args":[{"selector":{"controlType":"sap.m.Title","properties":{"text":"Success"},"searchOpenDialogs":true},"wdio_ui5_key":"sapm.Title{\"text\":\"Success\"}"}]}
RESULT: {"script":"<script> [1562 bytes]","args":[{"selector":{"controlType":"sap.m.Title","properties":{"text":"Success"},"searchOpenDialogs":true},"wdio_ui5_key":"sapm.Title{\"text\":\"Success\"}"}]}
RESULT: undefined
COMMAND: POST /session/d06e4a31898e4cf5ae1f0dc562bb1a4d/execute/async - {"script":"<script> [6424 bytes]","args":[{"element-6066-11e4-a52e-4f735466cecf":"f.FF7867651CD8E469CE707B8552024CE8.d.64F88A394A205AE9DBEC73A34033D4BE.e.5824"},"getText",[]]}
RESULT: {"script":"<script> [6424 bytes]","args":[{"element-6066-11e4-a52e-4f735466cecf":"f.FF7867651CD8E469CE707B8552024CE8.d.64F88A394A205AE9DBEC73A34033D4BE.e.5824"},"getText",[]]}
COMMAND: POST /session/d06e4a31898e4cf5ae1f0dc562bb1a4d/execute/async - {"script":"<script> [1562 bytes]","args":[{"selector":{"controlType":"sap.m.Button","properties":{"text":"Close"},"searchOpenDialogs":true,"interaction":{"idSuffix":"BDI-content"}},"wdio_ui5_key":"sapm.Button{\"text\":\"Close\"}"}]}
RESULT: {"script":"<script> [1562 bytes]","args":[{"selector":{"controlType":"sap.m.Button","properties":{"text":"Close"},"searchOpenDialogs":true,"interaction":{"idSuffix":"BDI-content"}},"wdio_ui5_key":"sapm.Button{\"text\":\"Close\"}"}]}
RESULT: undefined
COMMAND: POST /session/d06e4a31898e4cf5ae1f0dc562bb1a4d/element - {"using":"xpath","value":"//*[@id=\"__mbox-btn-4\"]"}
RESULT: {"using":"xpath","value":"//*[@id=\"__mbox-btn-4\"]"}
COMMAND: POST /session/d06e4a31898e4cf5ae1f0dc562bb1a4d/element/f.FF7867651CD8E469CE707B8552024CE8.d.64F88A394A205AE9DBEC73A34033D4BE.e.5823/click - {}
RESULT: {}
COMMAND: GET /session/d06e4a31898e4cf5ae1f0dc562bb1a4d/screenshot - {}
RESULT: {}
COMMAND: POST /session/d06e4a31898e4cf5ae1f0dc562bb1a4d/execute/async - {"script":"<script> [1562 bytes]","args":[{"selector":{"controlType":"sap.m.Text","viewName":"etm.portal.ui.managerequests.view.Detail","bindingPath":{"propertyPath":"NO","modelName":"catalogModel"}},"wdio_ui5_key":"etmportal.ui.managerequests.view.Detailsap.m.Text{\"propertyPath\":\"NO\",\"modelName\":\"catalogModel\"}"}]}
RESULT: {"script":"<script> [1562 bytes]","args":[{"selector":{"controlType":"sap.m.Text","viewName":"etm.portal.ui.managerequests.view.Detail","bindingPath":{"propertyPath":"NO","modelName":"catalogModel"}},"wdio_ui5_key":"etmportal.ui.managerequests.view.Detailsap.m.Text{\"propertyPath\":\"NO\",\"modelName\":\"catalogModel\"}"}]}
RESULT: undefined
COMMAND: POST /session/d06e4a31898e4cf5ae1f0dc562bb1a4d/execute/async - {"script":"<script> [6424 bytes]","args":[{"element-6066-11e4-a52e-4f735466cecf":"f.FF7867651CD8E469CE707B8552024CE8.d.64F88A394A205AE9DBEC73A34033D4BE.e.5962"},"getText",[]]}
RESULT: {"script":"<script> [6424 bytes]","args":[{"element-6066-11e4-a52e-4f735466cecf":"f.FF7867651CD8E469CE707B8552024CE8.d.64F88A394A205AE9DBEC73A34033D4BE.e.5962"},"getText",[]]}
COMMAND: POST /session/d06e4a31898e4cf5ae1f0dc562bb1a4d/execute/async - {"script":"<script> [1562 bytes]","args":[{"selector":{"controlType":"sap.ui.core.Icon","viewName":"etm.portal.ui.managerequests.view.Detail","properties":{"src":{"regex":{"source":"date\\-time"}}},"ancestor":{"controlType":"sap.m.ColumnListItem","viewName":"etm.portal.ui.managerequests.view.Detail","bindingPath":{"path":"/SmartRequestItemsPlanningBoard(ITEM=10m,REQUEST='20147')"},"ancestor":{"id":"requestItemsTable","viewName":"etm.portal.ui.managerequests.view.Detail"}}},"wdio_ui5_key":"etmportal.ui.managerequests.view.Detailsap.ui.core.Icon{\"src\":{\"regex\":{\"source\":\"date\\\\-time\"}}}{\"controlType\":\"sap.m.ColumnListItem\",\"viewName\":\"etm.portal.ui.managerequests.view.Detail\",\"bindingPath\":{\"path\":\"/SmartRequestItemsPlanningBoard(ITEM=10m,REQUEST='20147')\"},\"ancestor\":{\"id\":\"requestItemsTable\",\"viewName\":\"etm.portal.ui.managerequests.view.Detail\"}}"}]}
RESULT: {"script":"<script> [1562 bytes]","args":[{"selector":{"controlType":"sap.ui.core.Icon","viewName":"etm.portal.ui.managerequests.view.Detail","properties":{"src":{"regex":{"source":"date\\-time"}}},"ancestor":{"controlType":"sap.m.ColumnListItem","viewName":"etm.portal.ui.managerequests.view.Detail","bindingPath":{"path":"/SmartRequestItemsPlanningBoard(ITEM=10m,REQUEST='20147')"},"ancestor":{"id":"requestItemsTable","viewName":"etm.portal.ui.managerequests.view.Detail"}}},"wdio_ui5_key":"etmportal.ui.managerequests.view.Detailsap.ui.core.Icon{\"src\":{\"regex\":{\"source\":\"date\\\\-time\"}}}{\"controlType\":\"sap.m.ColumnListItem\",\"viewName\":\"etm.portal.ui.managerequests.view.Detail\",\"bindingPath\":{\"path\":\"/SmartRequestItemsPlanningBoard(ITEM=10m,REQUEST='20147')\"},\"ancestor\":{\"id\":\"requestItemsTable\",\"viewName\":\"etm.portal.ui.managerequests.view.Detail\"}}"}]}
RESULT: undefined
COMMAND: POST /session/d06e4a31898e4cf5ae1f0dc562bb1a4d/element - {"using":"xpath","value":"//*[@id=\"__button129-__clone7237-img\"]"}
RESULT: {"using":"xpath","value":"//*[@id=\"__button129-__clone7237-img\"]"}
COMMAND: POST /session/d06e4a31898e4cf5ae1f0dc562bb1a4d/element/f.FF7867651CD8E469CE707B8552024CE8.d.64F88A394A205AE9DBEC73A34033D4BE.e.5963/click - {}
RESULT: {}
COMMAND: POST /session/d06e4a31898e4cf5ae1f0dc562bb1a4d/execute/async - {"script":"<script> [1562 bytes]","args":[{"selector":{"controlType":"sap.m.Button","viewName":"etm.portal.ui.managerequests.view.Detail","properties":{"text":"Close"},"searchOpenDialogs":true,"interaction":{"idSuffix":"BDI-content"}},"wdio_ui5_key":"etmportal.ui.managerequests.view.Detailsap.m.Button{\"text\":\"Close\"}"}]}
COMMAND: GET /session/d06e4a31898e4cf5ae1f0dc562bb1a4d/screenshot - {}
RESULT: {"script":"<script> [1562 bytes]","args":[{"selector":{"controlType":"sap.m.Button","viewName":"etm.portal.ui.managerequests.view.Detail","properties":{"text":"Close"},"searchOpenDialogs":true,"interaction":{"idSuffix":"BDI-content"}},"wdio_ui5_key":"etmportal.ui.managerequests.view.Detailsap.m.Button{\"text\":\"Close\"}"}]}
RESULT: undefined
COMMAND: POST /session/d06e4a31898e4cf5ae1f0dc562bb1a4d/element - {"using":"xpath","value":"//*[@id=\"__button137\"]"}
RESULT: {}
RESULT: {"using":"xpath","value":"//*[@id=\"__button137\"]"}
COMMAND: POST /session/d06e4a31898e4cf5ae1f0dc562bb1a4d/element/f.FF7867651CD8E469CE707B8552024CE8.d.64F88A394A205AE9DBEC73A34033D4BE.e.5965/click - {}
RESULT: {}
COMMAND: POST /session/d06e4a31898e4cf5ae1f0dc562bb1a4d/execute/async - {"script":"<script> [1562 bytes]","args":[{"selector":{"controlType":"sap.ui.core.Icon","viewName":"etm.portal.ui.managerequests.view.Detail","properties":{"src":{"regex":{"source":"date\\-time"}}},"ancestor":{"controlType":"sap.m.ColumnListItem","viewName":"etm.portal.ui.managerequests.view.Detail","bindingPath":{"path":"/SmartRequestItemsPlanningBoard(ITEM=20m,REQUEST='20147')"},"ancestor":{"id":"requestItemsTable","viewName":"etm.portal.ui.managerequests.view.Detail"}}},"wdio_ui5_key":"etmportal.ui.managerequests.view.Detailsap.ui.core.Icon{\"src\":{\"regex\":{\"source\":\"date\\\\-time\"}}}{\"controlType\":\"sap.m.ColumnListItem\",\"viewName\":\"etm.portal.ui.managerequests.view.Detail\",\"bindingPath\":{\"path\":\"/SmartRequestItemsPlanningBoard(ITEM=20m,REQUEST='20147')\"},\"ancestor\":{\"id\":\"requestItemsTable\",\"viewName\":\"etm.portal.ui.managerequests.view.Detail\"}}"}]}
COMMAND: GET /session/d06e4a31898e4cf5ae1f0dc562bb1a4d/screenshot - {}
RESULT: {"script":"<script> [1562 bytes]","args":[{"selector":{"controlType":"sap.ui.core.Icon","viewName":"etm.portal.ui.managerequests.view.Detail","properties":{"src":{"regex":{"source":"date\\-time"}}},"ancestor":{"controlType":"sap.m.ColumnListItem","viewName":"etm.portal.ui.managerequests.view.Detail","bindingPath":{"path":"/SmartRequestItemsPlanningBoard(ITEM=20m,REQUEST='20147')"},"ancestor":{"id":"requestItemsTable","viewName":"etm.portal.ui.managerequests.view.Detail"}}},"wdio_ui5_key":"etmportal.ui.managerequests.view.Detailsap.ui.core.Icon{\"src\":{\"regex\":{\"source\":\"date\\\\-time\"}}}{\"controlType\":\"sap.m.ColumnListItem\",\"viewName\":\"etm.portal.ui.managerequests.view.Detail\",\"bindingPath\":{\"path\":\"/SmartRequestItemsPlanningBoard(ITEM=20m,REQUEST='20147')\"},\"ancestor\":{\"id\":\"requestItemsTable\",\"viewName\":\"etm.portal.ui.managerequests.view.Detail\"}}"}]}
RESULT: undefined
COMMAND: POST /session/d06e4a31898e4cf5ae1f0dc562bb1a4d/element - {"using":"xpath","value":"//*[@id=\"__button129-__clone7238-img\"]"}
RESULT: {}
RESULT: {"using":"xpath","value":"//*[@id=\"__button129-__clone7238-img\"]"}
COMMAND: POST /session/d06e4a31898e4cf5ae1f0dc562bb1a4d/element/f.FF7867651CD8E469CE707B8552024CE8.d.64F88A394A205AE9DBEC73A34033D4BE.e.5972/click - {}
RESULT: {}
RESULT: undefined
COMMAND: POST /session/d06e4a31898e4cf5ae1f0dc562bb1a4d/element - {"using":"xpath","value":"//*[@id=\"__button137\"]"}
COMMAND: GET /session/d06e4a31898e4cf5ae1f0dc562bb1a4d/screenshot - {}
RESULT: {"using":"xpath","value":"//*[@id=\"__button137\"]"}
COMMAND: POST /session/d06e4a31898e4cf5ae1f0dc562bb1a4d/elements - {"using":"xpath","value":"//*[@id=\"__button137\"]"}
RESULT: {}
RESULT: {"using":"xpath","value":"//*[@id=\"__button137\"]"}
COMMAND: POST /session/d06e4a31898e4cf5ae1f0dc562bb1a4d/element - {"using":"xpath","value":"//*[@id=\"__button137\"]"}
RESULT: {"using":"xpath","value":"//*[@id=\"__button137\"]"}
COMMAND: POST /session/d06e4a31898e4cf5ae1f0dc562bb1a4d/element/f.FF7867651CD8E469CE707B8552024CE8.d.64F88A394A205AE9DBEC73A34033D4BE.e.5978/click - {}
RESULT: {}
COMMAND: POST /session/d06e4a31898e4cf5ae1f0dc562bb1a4d/element - {"using":"css selector","value":"#shell-header-logo"}
COMMAND: GET /session/d06e4a31898e4cf5ae1f0dc562bb1a4d/screenshot - {}
RESULT: {"using":"css selector","value":"#shell-header-logo"}
COMMAND: POST /session/d06e4a31898e4cf5ae1f0dc562bb1a4d/element/f.FF7867651CD8E469CE707B8552024CE8.d.64F88A394A205AE9DBEC73A34033D4BE.e.5284/click - {}
RESULT: {}
RESULT: {}
COMMAND: GET /session/d06e4a31898e4cf5ae1f0dc562bb1a4d/screenshot - {}
RESULT: {}
]]></system-out>
    </testcase>
    <testcase classname="chrome.136_0_7103_93.windows.Standard_contract_-_add_contract_items_by_Insert_Request_US118222" name="Should insert the request into the contract" time="55.633">
      <system-out><![CDATA[
RESULT: undefined
COMMAND: POST /session/d06e4a31898e4cf5ae1f0dc562bb1a4d/element - {"using":"xpath","value":"//*[@id=\"__tile130\"]"}
RESULT: {"using":"xpath","value":"//*[@id=\"__tile130\"]"}
COMMAND: POST /session/d06e4a31898e4cf5ae1f0dc562bb1a4d/element/f.FF7867651CD8E469CE707B8552024CE8.d.64F88A394A205AE9DBEC73A34033D4BE.e.4881/click - {}
RESULT: {}
COMMAND: GET /session/d06e4a31898e4cf5ae1f0dc562bb1a4d/screenshot - {}
RESULT: {}
COMMAND: POST /session/d06e4a31898e4cf5ae1f0dc562bb1a4d/elements - {"using":"xpath","value":"//span[text()='Error']"}
RESULT: {"using":"xpath","value":"//span[text()='Error']"}
COMMAND: POST /session/d06e4a31898e4cf5ae1f0dc562bb1a4d/execute/async - {"script":"<script> [1562 bytes]","args":[{"selector":{"controlType":"sap.m.SearchField","viewName":"etm.portal.ui.managecontracts.view.Master","bindingPath":{"path":"","propertyPath":"/_BASIC_SEARCH_FIELD","modelName":"fi1t3rM0d31"},"interaction":{"idSuffix":"I"}},"wdio_ui5_key":"etmportal.ui.managecontracts.view.Mastersap.m.SearchField{\"path\":\"\",\"propertyPath\":\"/_BASIC_SEARCH_FIELD\",\"modelName\":\"fi1t3rM0d31\"}"}]}
RESULT: {"script":"<script> [1562 bytes]","args":[{"selector":{"controlType":"sap.m.SearchField","viewName":"etm.portal.ui.managecontracts.view.Master","bindingPath":{"path":"","propertyPath":"/_BASIC_SEARCH_FIELD","modelName":"fi1t3rM0d31"},"interaction":{"idSuffix":"I"}},"wdio_ui5_key":"etmportal.ui.managecontracts.view.Mastersap.m.SearchField{\"path\":\"\",\"propertyPath\":\"/_BASIC_SEARCH_FIELD\",\"modelName\":\"fi1t3rM0d31\"}"}]}
RESULT: undefined
COMMAND: POST /session/d06e4a31898e4cf5ae1f0dc562bb1a4d/execute/async - {"script":"<script> [776 bytes]","args":[{"enterText":"10340","selector":{"controlType":"sap.m.SearchField","viewName":"etm.portal.ui.managecontracts.view.Master","bindingPath":{"path":"","propertyPath":"/_BASIC_SEARCH_FIELD","modelName":"fi1t3rM0d31"},"interaction":{"idSuffix":"I"}},"clearTextFirst":true,"interactionType":"ENTER_TEXT"}]}
RESULT: {"script":"<script> [776 bytes]","args":[{"enterText":"10340","selector":{"controlType":"sap.m.SearchField","viewName":"etm.portal.ui.managecontracts.view.Master","bindingPath":{"path":"","propertyPath":"/_BASIC_SEARCH_FIELD","modelName":"fi1t3rM0d31"},"interaction":{"idSuffix":"I"}},"clearTextFirst":true,"interactionType":"ENTER_TEXT"}]}
COMMAND: POST /session/d06e4a31898e4cf5ae1f0dc562bb1a4d/actions - {"actions":[{"id":"action31","type":"key","parameters":{},"actions":[{"type":"keyDown","value":"î€‡"},{"type":"pause","duration":10},{"type":"keyUp","value":"î€‡"}]}]}
RESULT: {"actions":[{"id":"action31","type":"key","parameters":{},"actions":[{"type":"keyDown","value":"î€‡"},{"type":"pause","duration":10},{"type":"keyUp","value":"î€‡"}]}]}
COMMAND: GET /session/d06e4a31898e4cf5ae1f0dc562bb1a4d/screenshot - {}
RESULT: {}
COMMAND: POST /session/d06e4a31898e4cf5ae1f0dc562bb1a4d/execute/async - {"script":"<script> [1562 bytes]","args":[{"selector":{"controlType":"sap.ui.core.Icon","viewName":"etm.portal.ui.managecontracts.view.Master","properties":{"src":{"regex":{"source":"slim\\-arrow\\-right"}}}},"wdio_ui5_key":"etmportal.ui.managecontracts.view.Mastersap.ui.core.Icon{\"src\":{\"regex\":{\"source\":\"slim\\\\-arrow\\\\-right\"}}}"}]}
RESULT: {"script":"<script> [1562 bytes]","args":[{"selector":{"controlType":"sap.ui.core.Icon","viewName":"etm.portal.ui.managecontracts.view.Master","properties":{"src":{"regex":{"source":"slim\\-arrow\\-right"}}}},"wdio_ui5_key":"etmportal.ui.managecontracts.view.Mastersap.ui.core.Icon{\"src\":{\"regex\":{\"source\":\"slim\\\\-arrow\\\\-right\"}}}"}]}
RESULT: undefined
COMMAND: POST /session/d06e4a31898e4cf5ae1f0dc562bb1a4d/element - {"using":"xpath","value":"//*[@id=\"__item2142-__clone7349-imgNav\"]"}
RESULT: {"using":"xpath","value":"//*[@id=\"__item2142-__clone7349-imgNav\"]"}
COMMAND: POST /session/d06e4a31898e4cf5ae1f0dc562bb1a4d/element/f.FF7867651CD8E469CE707B8552024CE8.d.64F88A394A205AE9DBEC73A34033D4BE.e.6109/click - {}
RESULT: {}
COMMAND: POST /session/d06e4a31898e4cf5ae1f0dc562bb1a4d/execute/async - {"script":"<script> [1562 bytes]","args":[{"selector":{"id":"addRequestItemBtn","viewName":"etm.portal.ui.managecontracts.view.Detail","interaction":{"idSuffix":"BDI-content"}},"wdio_ui5_key":"addRequestItemBtnetmportal.ui.managecontracts.view.Detail"}]}
COMMAND: GET /session/d06e4a31898e4cf5ae1f0dc562bb1a4d/screenshot - {}
RESULT: {"script":"<script> [1562 bytes]","args":[{"selector":{"id":"addRequestItemBtn","viewName":"etm.portal.ui.managecontracts.view.Detail","interaction":{"idSuffix":"BDI-content"}},"wdio_ui5_key":"addRequestItemBtnetmportal.ui.managecontracts.view.Detail"}]}
RESULT: undefined
COMMAND: POST /session/d06e4a31898e4cf5ae1f0dc562bb1a4d/element - {"using":"xpath","value":"//*[@id=\"__xmlview64--addRequestItemBtn\"]"}
RESULT: {}
RESULT: {"using":"xpath","value":"//*[@id=\"__xmlview64--addRequestItemBtn\"]"}
COMMAND: POST /session/d06e4a31898e4cf5ae1f0dc562bb1a4d/element/f.FF7867651CD8E469CE707B8552024CE8.d.64F88A394A205AE9DBEC73A34033D4BE.e.6176/click - {}
RESULT: {}
COMMAND: GET /session/d06e4a31898e4cf5ae1f0dc562bb1a4d/screenshot - {}
RESULT: {}
COMMAND: POST /session/d06e4a31898e4cf5ae1f0dc562bb1a4d/element - {"using":"xpath","value":"//div[contains(@id ,\"popupRequestTable-sa-CbBg\")]"}
RESULT: {"using":"xpath","value":"//div[contains(@id ,\"popupRequestTable-sa-CbBg\")]"}
COMMAND: POST /session/d06e4a31898e4cf5ae1f0dc562bb1a4d/element/f.FF7867651CD8E469CE707B8552024CE8.d.64F88A394A205AE9DBEC73A34033D4BE.e.6295/click - {}
RESULT: {}
COMMAND: GET /session/d06e4a31898e4cf5ae1f0dc562bb1a4d/screenshot - {}
RESULT: {}
COMMAND: POST /session/d06e4a31898e4cf5ae1f0dc562bb1a4d/execute/async - {"script":"<script> [1562 bytes]","args":[{"selector":{"controlType":"sap.m.Button","viewName":"etm.portal.ui.managecontracts.view.Detail","i18NText":{"propertyName":"text","key":"selectionDone"},"searchOpenDialogs":true,"interaction":{"idSuffix":"BDI-content"}},"wdio_ui5_key":"etmportal.ui.managecontracts.view.Detailsap.m.Button{\"propertyName\":\"text\",\"key\":\"selectionDone\"}"}]}
RESULT: {"script":"<script> [1562 bytes]","args":[{"selector":{"controlType":"sap.m.Button","viewName":"etm.portal.ui.managecontracts.view.Detail","i18NText":{"propertyName":"text","key":"selectionDone"},"searchOpenDialogs":true,"interaction":{"idSuffix":"BDI-content"}},"wdio_ui5_key":"etmportal.ui.managecontracts.view.Detailsap.m.Button{\"propertyName\":\"text\",\"key\":\"selectionDone\"}"}]}
RESULT: undefined
COMMAND: POST /session/d06e4a31898e4cf5ae1f0dc562bb1a4d/element - {"using":"xpath","value":"//*[@id=\"__button148\"]"}
RESULT: {"using":"xpath","value":"//*[@id=\"__button148\"]"}
COMMAND: POST /session/d06e4a31898e4cf5ae1f0dc562bb1a4d/element/f.FF7867651CD8E469CE707B8552024CE8.d.64F88A394A205AE9DBEC73A34033D4BE.e.6297/click - {}
RESULT: {}
COMMAND: POST /session/d06e4a31898e4cf5ae1f0dc562bb1a4d/execute/async - {"script":"<script> [1562 bytes]","args":[{"selector":{"controlType":"sap.m.Text","properties":{"text":"Started processing request items into the contract."},"searchOpenDialogs":true},"wdio_ui5_key":"sapm.Text{\"text\":\"Started processing request items into the contract.\"}"}]}
COMMAND: GET /session/d06e4a31898e4cf5ae1f0dc562bb1a4d/screenshot - {}
RESULT: {"script":"<script> [1562 bytes]","args":[{"selector":{"controlType":"sap.m.Text","properties":{"text":"Started processing request items into the contract."},"searchOpenDialogs":true},"wdio_ui5_key":"sapm.Text{\"text\":\"Started processing request items into the contract.\"}"}]}
RESULT: undefined
COMMAND: POST /session/d06e4a31898e4cf5ae1f0dc562bb1a4d/execute/async - {"script":"<script> [6424 bytes]","args":[{"element-6066-11e4-a52e-4f735466cecf":"f.FF7867651CD8E469CE707B8552024CE8.d.64F88A394A205AE9DBEC73A34033D4BE.e.6300"},"getText",[]]}
RESULT: {}
RESULT: {"script":"<script> [6424 bytes]","args":[{"element-6066-11e4-a52e-4f735466cecf":"f.FF7867651CD8E469CE707B8552024CE8.d.64F88A394A205AE9DBEC73A34033D4BE.e.6300"},"getText",[]]}
COMMAND: POST /session/d06e4a31898e4cf5ae1f0dc562bb1a4d/execute/async - {"script":"<script> [1562 bytes]","args":[{"selector":{"controlType":"sap.m.Button","properties":{"text":"OK"},"searchOpenDialogs":true,"interaction":{"idSuffix":"inner"}},"wdio_ui5_key":"sapm.Button{\"text\":\"OK\"}"}]}
RESULT: {"script":"<script> [1562 bytes]","args":[{"selector":{"controlType":"sap.m.Button","properties":{"text":"OK"},"searchOpenDialogs":true,"interaction":{"idSuffix":"inner"}},"wdio_ui5_key":"sapm.Button{\"text\":\"OK\"}"}]}
RESULT: undefined
COMMAND: POST /session/d06e4a31898e4cf5ae1f0dc562bb1a4d/element - {"using":"xpath","value":"//*[@id=\"__mbox-btn-5\"]"}
RESULT: {"using":"xpath","value":"//*[@id=\"__mbox-btn-5\"]"}
COMMAND: POST /session/d06e4a31898e4cf5ae1f0dc562bb1a4d/element/f.FF7867651CD8E469CE707B8552024CE8.d.64F88A394A205AE9DBEC73A34033D4BE.e.6299/click - {}
RESULT: {}
COMMAND: POST /session/d06e4a31898e4cf5ae1f0dc562bb1a4d/execute/async - {"script":"<script> [1562 bytes]","args":[{"selector":{"id":"headerBillingItemsTabFilter","viewName":"etm.portal.ui.managecontracts.view.Detail","interaction":{"idSuffix":"text"}},"wdio_ui5_key":"headerBillingItemsTabFilteretmportal.ui.managecontracts.view.Detail"}]}
COMMAND: GET /session/d06e4a31898e4cf5ae1f0dc562bb1a4d/screenshot - {}
RESULT: {"script":"<script> [1562 bytes]","args":[{"selector":{"id":"headerBillingItemsTabFilter","viewName":"etm.portal.ui.managecontracts.view.Detail","interaction":{"idSuffix":"text"}},"wdio_ui5_key":"headerBillingItemsTabFilteretmportal.ui.managecontracts.view.Detail"}]}
RESULT: undefined
COMMAND: POST /session/d06e4a31898e4cf5ae1f0dc562bb1a4d/element - {"using":"xpath","value":"//*[@id=\"__xmlview64--headerBillingItemsTabFilter\"]"}
RESULT: {}
RESULT: {"using":"xpath","value":"//*[@id=\"__xmlview64--headerBillingItemsTabFilter\"]"}
COMMAND: POST /session/d06e4a31898e4cf5ae1f0dc562bb1a4d/element/f.FF7867651CD8E469CE707B8552024CE8.d.64F88A394A205AE9DBEC73A34033D4BE.e.6310/click - {}
RESULT: {}
COMMAND: GET /session/d06e4a31898e4cf5ae1f0dc562bb1a4d/screenshot - {}
RESULT: {}
COMMAND: POST /session/d06e4a31898e4cf5ae1f0dc562bb1a4d/execute/async - {"script":"<script> [1562 bytes]","args":[{"selector":{"controlType":"sap.ui.core.Icon","viewName":"etm.portal.ui.managecontracts.view.Detail","properties":{"src":{"regex":{"source":"synchronize"}}}},"wdio_ui5_key":"etmportal.ui.managecontracts.view.Detailsap.ui.core.Icon{\"src\":{\"regex\":{\"source\":\"synchronize\"}}}"}]}
RESULT: {"script":"<script> [1562 bytes]","args":[{"selector":{"controlType":"sap.ui.core.Icon","viewName":"etm.portal.ui.managecontracts.view.Detail","properties":{"src":{"regex":{"source":"synchronize"}}}},"wdio_ui5_key":"etmportal.ui.managecontracts.view.Detailsap.ui.core.Icon{\"src\":{\"regex\":{\"source\":\"synchronize\"}}}"}]}
RESULT: undefined
COMMAND: POST /session/d06e4a31898e4cf5ae1f0dc562bb1a4d/element - {"using":"xpath","value":"//*[@id=\"__xmlview64--btnToggleUpdate-img\"]"}
RESULT: {"using":"xpath","value":"//*[@id=\"__xmlview64--btnToggleUpdate-img\"]"}
COMMAND: POST /session/d06e4a31898e4cf5ae1f0dc562bb1a4d/element/f.FF7867651CD8E469CE707B8552024CE8.d.64F88A394A205AE9DBEC73A34033D4BE.e.6175/click - {}
RESULT: {}
COMMAND: GET /session/d06e4a31898e4cf5ae1f0dc562bb1a4d/screenshot - {}
RESULT: {}
RESULT: undefined
COMMAND: POST /session/d06e4a31898e4cf5ae1f0dc562bb1a4d/element - {"using":"xpath","value":"//*[@id=\"__xmlview64--headerBillingItemsTabFilter\"]"}
RESULT: {"using":"xpath","value":"//*[@id=\"__xmlview64--headerBillingItemsTabFilter\"]"}
COMMAND: POST /session/d06e4a31898e4cf5ae1f0dc562bb1a4d/element/f.FF7867651CD8E469CE707B8552024CE8.d.64F88A394A205AE9DBEC73A34033D4BE.e.6310/click - {}
RESULT: {}
COMMAND: POST /session/d06e4a31898e4cf5ae1f0dc562bb1a4d/execute/async - {"script":"<script> [1562 bytes]","args":[{"selector":{"controlType":"sap.m.Title","viewName":"etm.portal.ui.managecontracts.view.Detail","properties":{"text":"Contract Items (2)"}},"wdio_ui5_key":"etmportal.ui.managecontracts.view.Detailsap.m.Title{\"text\":\"Contract Items (2)\"}"}]}
COMMAND: GET /session/d06e4a31898e4cf5ae1f0dc562bb1a4d/screenshot - {}
RESULT: {"script":"<script> [1562 bytes]","args":[{"selector":{"controlType":"sap.m.Title","viewName":"etm.portal.ui.managecontracts.view.Detail","properties":{"text":"Contract Items (2)"}},"wdio_ui5_key":"etmportal.ui.managecontracts.view.Detailsap.m.Title{\"text\":\"Contract Items (2)\"}"}]}
RESULT: undefined
COMMAND: POST /session/d06e4a31898e4cf5ae1f0dc562bb1a4d/execute/async - {"script":"<script> [6424 bytes]","args":[{"element-6066-11e4-a52e-4f735466cecf":"f.FF7867651CD8E469CE707B8552024CE8.d.64F88A394A205AE9DBEC73A34033D4BE.e.6318"},"getText",[]]}
RESULT: {}
RESULT: {"script":"<script> [6424 bytes]","args":[{"element-6066-11e4-a52e-4f735466cecf":"f.FF7867651CD8E469CE707B8552024CE8.d.64F88A394A205AE9DBEC73A34033D4BE.e.6318"},"getText",[]]}
COMMAND: POST /session/d06e4a31898e4cf5ae1f0dc562bb1a4d/execute/async - {"script":"<script> [1562 bytes]","args":[{"selector":{"controlType":"sap.m.ObjectStatus","viewName":"etm.portal.ui.managecontracts.view.Detail","bindingPath":{"path":"/SmartContractItems(CONTRACT='10340',ITEM=10m,SUB_ITEM=0m)","propertyPath":"STATUS"}},"wdio_ui5_key":"etmportal.ui.managecontracts.view.Detailsap.m.ObjectStatus{\"path\":\"/SmartContractItems(CONTRACT='10340',ITEM=10m,SUB_ITEM=0m)\",\"propertyPath\":\"STATUS\"}"}]}
RESULT: {"script":"<script> [1562 bytes]","args":[{"selector":{"controlType":"sap.m.ObjectStatus","viewName":"etm.portal.ui.managecontracts.view.Detail","bindingPath":{"path":"/SmartContractItems(CONTRACT='10340',ITEM=10m,SUB_ITEM=0m)","propertyPath":"STATUS"}},"wdio_ui5_key":"etmportal.ui.managecontracts.view.Detailsap.m.ObjectStatus{\"path\":\"/SmartContractItems(CONTRACT='10340',ITEM=10m,SUB_ITEM=0m)\",\"propertyPath\":\"STATUS\"}"}]}
RESULT: undefined
COMMAND: POST /session/d06e4a31898e4cf5ae1f0dc562bb1a4d/execute/async - {"script":"<script> [6424 bytes]","args":[{"element-6066-11e4-a52e-4f735466cecf":"f.FF7867651CD8E469CE707B8552024CE8.d.64F88A394A205AE9DBEC73A34033D4BE.e.6320"},"getText",[]]}
RESULT: {"script":"<script> [6424 bytes]","args":[{"element-6066-11e4-a52e-4f735466cecf":"f.FF7867651CD8E469CE707B8552024CE8.d.64F88A394A205AE9DBEC73A34033D4BE.e.6320"},"getText",[]]}
COMMAND: POST /session/d06e4a31898e4cf5ae1f0dc562bb1a4d/execute/async - {"script":"<script> [1562 bytes]","args":[{"selector":{"controlType":"sap.m.ObjectStatus","viewName":"etm.portal.ui.managecontracts.view.Detail","bindingPath":{"path":"/SmartContractItems(CONTRACT='10340',ITEM=20m,SUB_ITEM=0m)","propertyPath":"STATUS"}},"wdio_ui5_key":"etmportal.ui.managecontracts.view.Detailsap.m.ObjectStatus{\"path\":\"/SmartContractItems(CONTRACT='10340',ITEM=20m,SUB_ITEM=0m)\",\"propertyPath\":\"STATUS\"}"}]}
RESULT: {"script":"<script> [1562 bytes]","args":[{"selector":{"controlType":"sap.m.ObjectStatus","viewName":"etm.portal.ui.managecontracts.view.Detail","bindingPath":{"path":"/SmartContractItems(CONTRACT='10340',ITEM=20m,SUB_ITEM=0m)","propertyPath":"STATUS"}},"wdio_ui5_key":"etmportal.ui.managecontracts.view.Detailsap.m.ObjectStatus{\"path\":\"/SmartContractItems(CONTRACT='10340',ITEM=20m,SUB_ITEM=0m)\",\"propertyPath\":\"STATUS\"}"}]}
RESULT: undefined
COMMAND: POST /session/d06e4a31898e4cf5ae1f0dc562bb1a4d/execute/async - {"script":"<script> [6424 bytes]","args":[{"element-6066-11e4-a52e-4f735466cecf":"f.FF7867651CD8E469CE707B8552024CE8.d.64F88A394A205AE9DBEC73A34033D4BE.e.6321"},"getText",[]]}
RESULT: {"script":"<script> [6424 bytes]","args":[{"element-6066-11e4-a52e-4f735466cecf":"f.FF7867651CD8E469CE707B8552024CE8.d.64F88A394A205AE9DBEC73A34033D4BE.e.6321"},"getText",[]]}
]]></system-out>
    </testcase>
  </testsuite>
  <testsuite timestamp="2025-05-17T18:05:48" time="82.238" tests="1" failures="0" errors="0" skipped="0">
    <properties>
      <property name="specId" value="0" />
      <property name="suiteName" value="Manage contracts - revert request US152962" />
      <property name="capabilities" value="chrome.136_0_7103_93.windows" />
      <property name="file" value="file:///D:/a/1/s/test/specs/R2C/manage-contracts-revert-request.spec.js" />
    </properties>
    <testcase classname="chrome.136_0_7103_93.windows.Manage_contracts_-_revert_request_US152962" name="Should revert the request" time="82.236">
      <system-out><![CDATA[
COMMAND: POST /session/d06e4a31898e4cf5ae1f0dc562bb1a4d/execute/async - {"script":"<script> [1562 bytes]","args":[{"selector":{"id":"revertPlanningBtn","viewName":"etm.portal.ui.managecontracts.view.Detail","interaction":{"idSuffix":"BDI-content"}},"wdio_ui5_key":"revertPlanningBtnetmportal.ui.managecontracts.view.Detail"}]}
RESULT: {"script":"<script> [1562 bytes]","args":[{"selector":{"id":"revertPlanningBtn","viewName":"etm.portal.ui.managecontracts.view.Detail","interaction":{"idSuffix":"BDI-content"}},"wdio_ui5_key":"revertPlanningBtnetmportal.ui.managecontracts.view.Detail"}]}
RESULT: undefined
COMMAND: POST /session/d06e4a31898e4cf5ae1f0dc562bb1a4d/element - {"using":"xpath","value":"//*[@id=\"__xmlview64--revertPlanningBtn\"]"}
RESULT: {"using":"xpath","value":"//*[@id=\"__xmlview64--revertPlanningBtn\"]"}
COMMAND: POST /session/d06e4a31898e4cf5ae1f0dc562bb1a4d/element/f.FF7867651CD8E469CE707B8552024CE8.d.64F88A394A205AE9DBEC73A34033D4BE.e.6179/click - {}
RESULT: {}
COMMAND: POST /session/d06e4a31898e4cf5ae1f0dc562bb1a4d/element - {"using":"xpath","value":"(//div[contains(@id ,\"selectMulti-CbBg\")])[2]"}
COMMAND: GET /session/d06e4a31898e4cf5ae1f0dc562bb1a4d/screenshot - {}
RESULT: {"using":"xpath","value":"(//div[contains(@id ,\"selectMulti-CbBg\")])[2]"}
COMMAND: POST /session/d06e4a31898e4cf5ae1f0dc562bb1a4d/element/f.FF7867651CD8E469CE707B8552024CE8.d.64F88A394A205AE9DBEC73A34033D4BE.e.6368/click - {}
RESULT: {}
RESULT: {}
COMMAND: GET /session/d06e4a31898e4cf5ae1f0dc562bb1a4d/screenshot - {}
RESULT: {}
COMMAND: POST /session/d06e4a31898e4cf5ae1f0dc562bb1a4d/element - {"using":"xpath","value":"//span[contains(@id ,\"executeRevertPlanningBtn-content\")]"}
RESULT: {"using":"xpath","value":"//span[contains(@id ,\"executeRevertPlanningBtn-content\")]"}
COMMAND: POST /session/d06e4a31898e4cf5ae1f0dc562bb1a4d/element/f.FF7867651CD8E469CE707B8552024CE8.d.64F88A394A205AE9DBEC73A34033D4BE.e.6369/click - {}
RESULT: {}
COMMAND: GET /session/d06e4a31898e4cf5ae1f0dc562bb1a4d/screenshot - {}
RESULT: {}
COMMAND: POST /session/d06e4a31898e4cf5ae1f0dc562bb1a4d/actions - {"actions":[{"id":"action32","type":"key","parameters":{},"actions":[{"type":"keyDown","value":"î€‡"},{"type":"pause","duration":10},{"type":"keyUp","value":"î€‡"}]}]}
RESULT: {"actions":[{"id":"action32","type":"key","parameters":{},"actions":[{"type":"keyDown","value":"î€‡"},{"type":"pause","duration":10},{"type":"keyUp","value":"î€‡"}]}]}
COMMAND: GET /session/d06e4a31898e4cf5ae1f0dc562bb1a4d/screenshot - {}
RESULT: {}
COMMAND: POST /session/d06e4a31898e4cf5ae1f0dc562bb1a4d/refresh - {}
RESULT: {}
COMMAND: GET /session/d06e4a31898e4cf5ae1f0dc562bb1a4d/screenshot - {}
RESULT: {}
COMMAND: POST /session/d06e4a31898e4cf5ae1f0dc562bb1a4d/execute/async - {"script":"<script> [189 bytes]","args":[]}
RESULT: {"script":"<script> [189 bytes]","args":[]}
COMMAND: POST /session/d06e4a31898e4cf5ae1f0dc562bb1a4d/execute/async - {"script":"<script> [123 bytes]","args":[]}
RESULT: {"script":"<script> [123 bytes]","args":[]}
COMMAND: POST /session/d06e4a31898e4cf5ae1f0dc562bb1a4d/timeouts - {"script":"<number>"}
RESULT: {"script":"<number>"}
COMMAND: GET /session/d06e4a31898e4cf5ae1f0dc562bb1a4d/timeouts - {}
RESULT: {}
RESULT: undefined
COMMAND: POST /session/d06e4a31898e4cf5ae1f0dc562bb1a4d/execute/async - {"script":"<script> [2676 bytes]","args":[]}
RESULT: {"script":"<script> [2676 bytes]","args":[]}
COMMAND: POST /session/d06e4a31898e4cf5ae1f0dc562bb1a4d/execute/async - {"script":"<script> [2342 bytes]","args":[{"protocol":"http","hostname":"0.0.0.0","path":"/","capabilities":{"browserName":"chrome","goog:chromeOptions":{"binary":"C:\\Program Files\\Google\\Chrome\\Application\\chrome.exe","args":["--start-maximized"]}},"logLevel":"warn","connectionRetryTimeout":120000,"connectionRetryCount":3,"logLevels":{},"enableDirectConnect":true,"strictSSL":true,"_":"65 more keys: [\"cacheDir\",\"port\",\"requestedCapabilities\",\"automationProtocol\",\"baseUrl\",\"waitforInterval\",\"waitforTimeout\",\"onReload\",\"beforeCommand\",\"afterCommand\",\"rootDir\",\"specs\",\"suites\",\"exclude\",\"groupLogsByTestSpec\",\"excludeDriverLogs\",\"bail\",\"framework\",\"reporters\",\"services\",\"maxInstances\",\"maxInstancesPerCapability\",\"injectGlobals\",\"filesToWatch\",\"execArgv\",\"runnerEnv\",\"runner\",\"shard\",\"specFileRetries\",\"specFileRetriesDelay\",\"specFileRetriesDeferred\",\"reporterSyncInterval\",\"reporterSyncTimeout\",\"cucumberFeaturesWithLineNumbers\",\"autoCompileOpts\",\"mochaOpts\",\"jasmineOpts\",\"cucumberOpts\",\"onPrepare\",\"onWorkerStart\",\"onWorkerEnd\",\"before\",\"beforeSession\",\"beforeSuite\",\"beforeHook\",\"beforeTest\",\"afterTest\",\"afterHook\",\"afterSuite\",\"afterSession\",\"after\",\"onComplete\",\"beforeAssertion\",\"afterAssertion\",\"beforeFeature\",\"beforeScenario\",\"beforeStep\",\"afterStep\",\"afterScenario\",\"afterFeature\",\"_\",\"suite\",\"$0\",\"ignoredWorkerServices\",\"wdi5\"]"}]}
RESULT: {"script":"<script> [2342 bytes]","args":[{"protocol":"http","hostname":"0.0.0.0","path":"/","capabilities":{"browserName":"chrome","goog:chromeOptions":{"binary":"C:\\Program Files\\Google\\Chrome\\Application\\chrome.exe","args":["--start-maximized"]}},"logLevel":"warn","connectionRetryTimeout":120000,"connectionRetryCount":3,"logLevels":{},"enableDirectConnect":true,"strictSSL":true,"_":"65 more keys: [\"cacheDir\",\"port\",\"requestedCapabilities\",\"automationProtocol\",\"baseUrl\",\"waitforInterval\",\"waitforTimeout\",\"onReload\",\"beforeCommand\",\"afterCommand\",\"rootDir\",\"specs\",\"suites\",\"exclude\",\"groupLogsByTestSpec\",\"excludeDriverLogs\",\"bail\",\"framework\",\"reporters\",\"services\",\"maxInstances\",\"maxInstancesPerCapability\",\"injectGlobals\",\"filesToWatch\",\"execArgv\",\"runnerEnv\",\"runner\",\"shard\",\"specFileRetries\",\"specFileRetriesDelay\",\"specFileRetriesDeferred\",\"reporterSyncInterval\",\"reporterSyncTimeout\",\"cucumberFeaturesWithLineNumbers\",\"autoCompileOpts\",\"mochaOpts\",\"jasmineOpts\",\"cucumberOpts\",\"onPrepare\",\"onWorkerStart\",\"onWorkerEnd\",\"before\",\"beforeSession\",\"beforeSuite\",\"beforeHook\",\"beforeTest\",\"afterTest\",\"afterHook\",\"afterSuite\",\"afterSession\",\"after\",\"onComplete\",\"beforeAssertion\",\"afterAssertion\",\"beforeFeature\",\"beforeScenario\",\"beforeStep\",\"afterStep\",\"afterScenario\",\"afterFeature\",\"_\",\"suite\",\"$0\",\"ignoredWorkerServices\",\"wdi5\"]"}]}
COMMAND: POST /session/d06e4a31898e4cf5ae1f0dc562bb1a4d/execute/async - {"script":"<script> [21126 bytes]","args":[35000]}
RESULT: {"script":"<script> [21126 bytes]","args":[35000]}
COMMAND: POST /session/d06e4a31898e4cf5ae1f0dc562bb1a4d/execute/async - {"script":"<script> [1562 bytes]","args":[{"selector":{"controlType":"sap.m.Title","viewName":"etm.portal.ui.managecontracts.view.Detail","properties":{"text":"Contract Items (1)"}},"wdio_ui5_key":"etmportal.ui.managecontracts.view.Detailsap.m.Title{\"text\":\"Contract Items (1)\"}"}]}
RESULT: {"script":"<script> [1562 bytes]","args":[{"selector":{"controlType":"sap.m.Title","viewName":"etm.portal.ui.managecontracts.view.Detail","properties":{"text":"Contract Items (1)"}},"wdio_ui5_key":"etmportal.ui.managecontracts.view.Detailsap.m.Title{\"text\":\"Contract Items (1)\"}"}]}
RESULT: undefined
COMMAND: POST /session/d06e4a31898e4cf5ae1f0dc562bb1a4d/execute/async - {"script":"<script> [6424 bytes]","args":[{"element-6066-11e4-a52e-4f735466cecf":"f.FF7867651CD8E469CE707B8552024CE8.d.0CAB3CF5FFBD0B808D68E46538BBE24F.e.6604"},"getText",[]]}
RESULT: {"script":"<script> [6424 bytes]","args":[{"element-6066-11e4-a52e-4f735466cecf":"f.FF7867651CD8E469CE707B8552024CE8.d.0CAB3CF5FFBD0B808D68E46538BBE24F.e.6604"},"getText",[]]}
COMMAND: POST /session/d06e4a31898e4cf5ae1f0dc562bb1a4d/execute/async - {"script":"<script> [1562 bytes]","args":[{"selector":{"id":"contractDetailEditBtn","viewName":"etm.portal.ui.managecontracts.view.Detail","interaction":{"idSuffix":"inner"}},"wdio_ui5_key":"contractDetailEditBtnetmportal.ui.managecontracts.view.Detail"}]}
RESULT: {"script":"<script> [1562 bytes]","args":[{"selector":{"id":"contractDetailEditBtn","viewName":"etm.portal.ui.managecontracts.view.Detail","interaction":{"idSuffix":"inner"}},"wdio_ui5_key":"contractDetailEditBtnetmportal.ui.managecontracts.view.Detail"}]}
RESULT: undefined
COMMAND: POST /session/d06e4a31898e4cf5ae1f0dc562bb1a4d/element - {"using":"xpath","value":"//*[@id=\"__xmlview1--contractDetailEditBtn\"]"}
RESULT: {"using":"xpath","value":"//*[@id=\"__xmlview1--contractDetailEditBtn\"]"}
COMMAND: POST /session/d06e4a31898e4cf5ae1f0dc562bb1a4d/element/f.FF7867651CD8E469CE707B8552024CE8.d.0CAB3CF5FFBD0B808D68E46538BBE24F.e.6445/click - {}
RESULT: {}
COMMAND: GET /session/d06e4a31898e4cf5ae1f0dc562bb1a4d/screenshot - {}
RESULT: {}
COMMAND: POST /session/d06e4a31898e4cf5ae1f0dc562bb1a4d/element - {"using":"xpath","value":"(//span[contains(text(), \"Header Billing Items\")])[2]"}
RESULT: {"using":"xpath","value":"(//span[contains(text(), \"Header Billing Items\")])[2]"}
COMMAND: POST /session/d06e4a31898e4cf5ae1f0dc562bb1a4d/element/f.FF7867651CD8E469CE707B8552024CE8.d.0CAB3CF5FFBD0B808D68E46538BBE24F.e.6669/click - {}
RESULT: {}
COMMAND: GET /session/d06e4a31898e4cf5ae1f0dc562bb1a4d/screenshot - {}
RESULT: {}
COMMAND: POST /session/d06e4a31898e4cf5ae1f0dc562bb1a4d/element - {"using":"xpath","value":"//div[contains(@id ,\"ProductsTable-sa-CbBg\")]"}
RESULT: {"using":"xpath","value":"//div[contains(@id ,\"ProductsTable-sa-CbBg\")]"}
COMMAND: POST /session/d06e4a31898e4cf5ae1f0dc562bb1a4d/element/f.FF7867651CD8E469CE707B8552024CE8.d.0CAB3CF5FFBD0B808D68E46538BBE24F.e.6672/click - {}
RESULT: {}
COMMAND: GET /session/d06e4a31898e4cf5ae1f0dc562bb1a4d/screenshot - {}
RESULT: {}
COMMAND: POST /session/d06e4a31898e4cf5ae1f0dc562bb1a4d/execute/async - {"script":"<script> [1562 bytes]","args":[{"selector":{"id":"deleteBtn","viewName":"etm.portal.ui.managecontracts.view.EditContract","interaction":{"idSuffix":"BDI-content"}},"wdio_ui5_key":"deleteBtnetmportal.ui.managecontracts.view.EditContract"}]}
RESULT: {"script":"<script> [1562 bytes]","args":[{"selector":{"id":"deleteBtn","viewName":"etm.portal.ui.managecontracts.view.EditContract","interaction":{"idSuffix":"BDI-content"}},"wdio_ui5_key":"deleteBtnetmportal.ui.managecontracts.view.EditContract"}]}
RESULT: undefined
COMMAND: POST /session/d06e4a31898e4cf5ae1f0dc562bb1a4d/element - {"using":"xpath","value":"//*[@id=\"__xmlview2--deleteBtn\"]"}
RESULT: {"using":"xpath","value":"//*[@id=\"__xmlview2--deleteBtn\"]"}
COMMAND: POST /session/d06e4a31898e4cf5ae1f0dc562bb1a4d/element/f.FF7867651CD8E469CE707B8552024CE8.d.0CAB3CF5FFBD0B808D68E46538BBE24F.e.6675/click - {}
RESULT: {}
COMMAND: POST /session/d06e4a31898e4cf5ae1f0dc562bb1a4d/element - {"using":"xpath","value":"//bdi[contains(@id ,\"BDI-content\")][contains(text(), \"OK\")]"}
COMMAND: GET /session/d06e4a31898e4cf5ae1f0dc562bb1a4d/screenshot - {}
RESULT: {"using":"xpath","value":"//bdi[contains(@id ,\"BDI-content\")][contains(text(), \"OK\")]"}
COMMAND: POST /session/d06e4a31898e4cf5ae1f0dc562bb1a4d/element/f.FF7867651CD8E469CE707B8552024CE8.d.0CAB3CF5FFBD0B808D68E46538BBE24F.e.6677/click - {}
RESULT: {}
RESULT: {}
COMMAND: GET /session/d06e4a31898e4cf5ae1f0dc562bb1a4d/screenshot - {}
RESULT: {}
COMMAND: POST /session/d06e4a31898e4cf5ae1f0dc562bb1a4d/element - {"using":"xpath","value":"//bdi[contains(@id ,\"BDI-content\")][contains(text(), \"Save\")]"}
RESULT: {"using":"xpath","value":"//bdi[contains(@id ,\"BDI-content\")][contains(text(), \"Save\")]"}
COMMAND: POST /session/d06e4a31898e4cf5ae1f0dc562bb1a4d/element/f.FF7867651CD8E469CE707B8552024CE8.d.0CAB3CF5FFBD0B808D68E46538BBE24F.e.6679/click - {}
RESULT: {}
COMMAND: GET /session/d06e4a31898e4cf5ae1f0dc562bb1a4d/screenshot - {}
RESULT: {}
COMMAND: POST /session/d06e4a31898e4cf5ae1f0dc562bb1a4d/element - {"using":"xpath","value":"(//span[contains(text(), \"Header Billing Items\")])[1]"}
RESULT: {"using":"xpath","value":"(//span[contains(text(), \"Header Billing Items\")])[1]"}
COMMAND: POST /session/d06e4a31898e4cf5ae1f0dc562bb1a4d/element/f.FF7867651CD8E469CE707B8552024CE8.d.0CAB3CF5FFBD0B808D68E46538BBE24F.e.6682/click - {}
RESULT: {}
COMMAND: GET /session/d06e4a31898e4cf5ae1f0dc562bb1a4d/screenshot - {}
RESULT: {}
COMMAND: POST /session/d06e4a31898e4cf5ae1f0dc562bb1a4d/execute/async - {"script":"<script> [1562 bytes]","args":[{"selector":{"controlType":"sap.m.ObjectStatus","viewName":"etm.portal.ui.managecontracts.view.Detail","bindingPath":{"path":"/SmartContractItems(CONTRACT='10340',ITEM=10m,SUB_ITEM=0m)","propertyPath":"STATUS"}},"wdio_ui5_key":"etmportal.ui.managecontracts.view.Detailsap.m.ObjectStatus{\"path\":\"/SmartContractItems(CONTRACT='10340',ITEM=10m,SUB_ITEM=0m)\",\"propertyPath\":\"STATUS\"}"}]}
RESULT: {"script":"<script> [1562 bytes]","args":[{"selector":{"controlType":"sap.m.ObjectStatus","viewName":"etm.portal.ui.managecontracts.view.Detail","bindingPath":{"path":"/SmartContractItems(CONTRACT='10340',ITEM=10m,SUB_ITEM=0m)","propertyPath":"STATUS"}},"wdio_ui5_key":"etmportal.ui.managecontracts.view.Detailsap.m.ObjectStatus{\"path\":\"/SmartContractItems(CONTRACT='10340',ITEM=10m,SUB_ITEM=0m)\",\"propertyPath\":\"STATUS\"}"}]}
RESULT: undefined
COMMAND: POST /session/d06e4a31898e4cf5ae1f0dc562bb1a4d/execute/async - {"script":"<script> [6424 bytes]","args":[{"element-6066-11e4-a52e-4f735466cecf":"f.FF7867651CD8E469CE707B8552024CE8.d.0CAB3CF5FFBD0B808D68E46538BBE24F.e.6684"},"getText",[]]}
RESULT: {"script":"<script> [6424 bytes]","args":[{"element-6066-11e4-a52e-4f735466cecf":"f.FF7867651CD8E469CE707B8552024CE8.d.0CAB3CF5FFBD0B808D68E46538BBE24F.e.6684"},"getText",[]]}
COMMAND: POST /session/d06e4a31898e4cf5ae1f0dc562bb1a4d/element - {"using":"css selector","value":"#shell-header-logo"}
RESULT: {"using":"css selector","value":"#shell-header-logo"}
COMMAND: POST /session/d06e4a31898e4cf5ae1f0dc562bb1a4d/element/f.FF7867651CD8E469CE707B8552024CE8.d.0CAB3CF5FFBD0B808D68E46538BBE24F.e.6383/click - {}
RESULT: {}
COMMAND: GET /session/d06e4a31898e4cf5ae1f0dc562bb1a4d/screenshot - {}
RESULT: {}
COMMAND: POST /session/d06e4a31898e4cf5ae1f0dc562bb1a4d/execute/async - {"script":"<script> [1562 bytes]","args":[{"selector":{"controlType":"sap.m.GenericTile","properties":{"header":"Manage Requests"}},"wdio_ui5_key":"sapm.GenericTile{\"header\":\"Manage Requests\"}"}]}
RESULT: {"script":"<script> [1562 bytes]","args":[{"selector":{"controlType":"sap.m.GenericTile","properties":{"header":"Manage Requests"}},"wdio_ui5_key":"sapm.GenericTile{\"header\":\"Manage Requests\"}"}]}
RESULT: undefined
COMMAND: POST /session/d06e4a31898e4cf5ae1f0dc562bb1a4d/element - {"using":"xpath","value":"//*[@id=\"__tile47\"]"}
RESULT: {"using":"xpath","value":"//*[@id=\"__tile47\"]"}
COMMAND: POST /session/d06e4a31898e4cf5ae1f0dc562bb1a4d/element/f.FF7867651CD8E469CE707B8552024CE8.d.0CAB3CF5FFBD0B808D68E46538BBE24F.e.6700/click - {}
RESULT: {}
COMMAND: GET /session/d06e4a31898e4cf5ae1f0dc562bb1a4d/screenshot - {}
RESULT: {}
COMMAND: POST /session/d06e4a31898e4cf5ae1f0dc562bb1a4d/elements - {"using":"xpath","value":"//span[text()='Error']"}
RESULT: {"using":"xpath","value":"//span[text()='Error']"}
COMMAND: POST /session/d06e4a31898e4cf5ae1f0dc562bb1a4d/execute/async - {"script":"<script> [1562 bytes]","args":[{"selector":{"controlType":"sap.m.SearchField","viewName":"etm.portal.ui.managerequests.view.Master","bindingPath":{"path":"","propertyPath":"/_BASIC_SEARCH_FIELD","modelName":"fi1t3rM0d31"},"interaction":{"idSuffix":"I"}},"wdio_ui5_key":"etmportal.ui.managerequests.view.Mastersap.m.SearchField{\"path\":\"\",\"propertyPath\":\"/_BASIC_SEARCH_FIELD\",\"modelName\":\"fi1t3rM0d31\"}"}]}
RESULT: {"script":"<script> [1562 bytes]","args":[{"selector":{"controlType":"sap.m.SearchField","viewName":"etm.portal.ui.managerequests.view.Master","bindingPath":{"path":"","propertyPath":"/_BASIC_SEARCH_FIELD","modelName":"fi1t3rM0d31"},"interaction":{"idSuffix":"I"}},"wdio_ui5_key":"etmportal.ui.managerequests.view.Mastersap.m.SearchField{\"path\":\"\",\"propertyPath\":\"/_BASIC_SEARCH_FIELD\",\"modelName\":\"fi1t3rM0d31\"}"}]}
RESULT: undefined
COMMAND: POST /session/d06e4a31898e4cf5ae1f0dc562bb1a4d/execute/async - {"script":"<script> [776 bytes]","args":[{"enterText":"20147","selector":{"controlType":"sap.m.SearchField","viewName":"etm.portal.ui.managerequests.view.Master","bindingPath":{"path":"","propertyPath":"/_BASIC_SEARCH_FIELD","modelName":"fi1t3rM0d31"},"interaction":{"idSuffix":"I"}},"clearTextFirst":true,"interactionType":"ENTER_TEXT"}]}
RESULT: {"script":"<script> [776 bytes]","args":[{"enterText":"20147","selector":{"controlType":"sap.m.SearchField","viewName":"etm.portal.ui.managerequests.view.Master","bindingPath":{"path":"","propertyPath":"/_BASIC_SEARCH_FIELD","modelName":"fi1t3rM0d31"},"interaction":{"idSuffix":"I"}},"clearTextFirst":true,"interactionType":"ENTER_TEXT"}]}
COMMAND: POST /session/d06e4a31898e4cf5ae1f0dc562bb1a4d/actions - {"actions":[{"id":"action33","type":"key","parameters":{},"actions":[{"type":"keyDown","value":"î€‡"},{"type":"pause","duration":10},{"type":"keyUp","value":"î€‡"}]}]}
RESULT: {"actions":[{"id":"action33","type":"key","parameters":{},"actions":[{"type":"keyDown","value":"î€‡"},{"type":"pause","duration":10},{"type":"keyUp","value":"î€‡"}]}]}
COMMAND: GET /session/d06e4a31898e4cf5ae1f0dc562bb1a4d/screenshot - {}
RESULT: {}
COMMAND: POST /session/d06e4a31898e4cf5ae1f0dc562bb1a4d/execute/async - {"script":"<script> [1562 bytes]","args":[{"selector":{"controlType":"sap.m.Text","viewName":"etm.portal.ui.managerequests.view.Master","bindingPath":{"path":"/SmartManageRequests('20147')","propertyPath":"NO"}},"wdio_ui5_key":"etmportal.ui.managerequests.view.Mastersap.m.Text{\"path\":\"/SmartManageRequests('20147')\",\"propertyPath\":\"NO\"}"}]}
RESULT: {"script":"<script> [1562 bytes]","args":[{"selector":{"controlType":"sap.m.Text","viewName":"etm.portal.ui.managerequests.view.Master","bindingPath":{"path":"/SmartManageRequests('20147')","propertyPath":"NO"}},"wdio_ui5_key":"etmportal.ui.managerequests.view.Mastersap.m.Text{\"path\":\"/SmartManageRequests('20147')\",\"propertyPath\":\"NO\"}"}]}
RESULT: undefined
COMMAND: POST /session/d06e4a31898e4cf5ae1f0dc562bb1a4d/element - {"using":"xpath","value":"//*[@id=\"__text463-__clone168\"]"}
RESULT: {"using":"xpath","value":"//*[@id=\"__text463-__clone168\"]"}
COMMAND: POST /session/d06e4a31898e4cf5ae1f0dc562bb1a4d/element/f.FF7867651CD8E469CE707B8552024CE8.d.0CAB3CF5FFBD0B808D68E46538BBE24F.e.6834/click - {}
RESULT: {}
COMMAND: GET /session/d06e4a31898e4cf5ae1f0dc562bb1a4d/screenshot - {}
RESULT: {}
COMMAND: POST /session/d06e4a31898e4cf5ae1f0dc562bb1a4d/execute/async - {"script":"<script> [1562 bytes]","args":[{"selector":{"controlType":"sap.ui.core.Icon","viewName":"etm.portal.ui.managerequests.view.Detail","properties":{"src":{"regex":{"source":"slim\\-arrow\\-up"}}}},"wdio_ui5_key":"etmportal.ui.managerequests.view.Detailsap.ui.core.Icon{\"src\":{\"regex\":{\"source\":\"slim\\\\-arrow\\\\-up\"}}}"}]}
RESULT: {"script":"<script> [1562 bytes]","args":[{"selector":{"controlType":"sap.ui.core.Icon","viewName":"etm.portal.ui.managerequests.view.Detail","properties":{"src":{"regex":{"source":"slim\\-arrow\\-up"}}}},"wdio_ui5_key":"etmportal.ui.managerequests.view.Detailsap.ui.core.Icon{\"src\":{\"regex\":{\"source\":\"slim\\\\-arrow\\\\-up\"}}}"}]}
RESULT: undefined
COMMAND: POST /session/d06e4a31898e4cf5ae1f0dc562bb1a4d/element - {"using":"xpath","value":"//*[@id=\"__xmlview62--detailRequestPage-OPHeaderContent-collapseBtn-img\"]"}
RESULT: {"using":"xpath","value":"//*[@id=\"__xmlview62--detailRequestPage-OPHeaderContent-collapseBtn-img\"]"}
COMMAND: POST /session/d06e4a31898e4cf5ae1f0dc562bb1a4d/element/f.FF7867651CD8E469CE707B8552024CE8.d.0CAB3CF5FFBD0B808D68E46538BBE24F.e.6970/click - {}
RESULT: {}
COMMAND: GET /session/d06e4a31898e4cf5ae1f0dc562bb1a4d/screenshot - {}
RESULT: {}
COMMAND: POST /session/d06e4a31898e4cf5ae1f0dc562bb1a4d/execute/async - {"script":"<script> [1562 bytes]","args":[{"selector":{"controlType":"sap.m.Text","viewName":"etm.portal.ui.managerequests.view.Detail","bindingPath":{"path":"/SmartRequestItemsPlanningBoard(ITEM=20m,REQUEST='20147')","propertyPath":"STATUS_DESC"}},"wdio_ui5_key":"etmportal.ui.managerequests.view.Detailsap.m.Text{\"path\":\"/SmartRequestItemsPlanningBoard(ITEM=20m,REQUEST='20147')\",\"propertyPath\":\"STATUS_DESC\"}"}]}
RESULT: {"script":"<script> [1562 bytes]","args":[{"selector":{"controlType":"sap.m.Text","viewName":"etm.portal.ui.managerequests.view.Detail","bindingPath":{"path":"/SmartRequestItemsPlanningBoard(ITEM=20m,REQUEST='20147')","propertyPath":"STATUS_DESC"}},"wdio_ui5_key":"etmportal.ui.managerequests.view.Detailsap.m.Text{\"path\":\"/SmartRequestItemsPlanningBoard(ITEM=20m,REQUEST='20147')\",\"propertyPath\":\"STATUS_DESC\"}"}]}
RESULT: undefined
COMMAND: POST /session/d06e4a31898e4cf5ae1f0dc562bb1a4d/execute/async - {"script":"<script> [6424 bytes]","args":[{"element-6066-11e4-a52e-4f735466cecf":"f.FF7867651CD8E469CE707B8552024CE8.d.0CAB3CF5FFBD0B808D68E46538BBE24F.e.7035"},"getText",[]]}
RESULT: {"script":"<script> [6424 bytes]","args":[{"element-6066-11e4-a52e-4f735466cecf":"f.FF7867651CD8E469CE707B8552024CE8.d.0CAB3CF5FFBD0B808D68E46538BBE24F.e.7035"},"getText",[]]}
COMMAND: POST /session/d06e4a31898e4cf5ae1f0dc562bb1a4d/element - {"using":"css selector","value":"#shell-header-logo"}
RESULT: {"using":"css selector","value":"#shell-header-logo"}
COMMAND: POST /session/d06e4a31898e4cf5ae1f0dc562bb1a4d/element/f.FF7867651CD8E469CE707B8552024CE8.d.0CAB3CF5FFBD0B808D68E46538BBE24F.e.6704/click - {}
RESULT: {}
COMMAND: GET /session/d06e4a31898e4cf5ae1f0dc562bb1a4d/screenshot - {}
RESULT: {}
]]></system-out>
    </testcase>
  </testsuite>
  <testsuite timestamp="2025-05-17T18:07:11" time="231.122" tests="4" failures="0" errors="0" skipped="0">
    <properties>
      <property name="specId" value="0" />
      <property name="suiteName" value="Standard contract close-reopen US111278" />
      <property name="capabilities" value="chrome.136_0_7103_93.windows" />
      <property name="file" value="file:///D:/a/1/s/test/specs/R2C/standard-contract-close-reopen.spec.js" />
    </properties>
    <testcase classname="chrome.136_0_7103_93.windows.Standard_contract_close-reopen_US111278" name="Should create a new contract and add an item" time="132.493">
      <system-out><![CDATA[
COMMAND: POST /session/d06e4a31898e4cf5ae1f0dc562bb1a4d/execute/async - {"script":"<script> [1562 bytes]","args":[{"selector":{"controlType":"sap.m.GenericTile","properties":{"header":"Manage Contracts"}},"wdio_ui5_key":"sapm.GenericTile{\"header\":\"Manage Contracts\"}"}]}
RESULT: {"script":"<script> [1562 bytes]","args":[{"selector":{"controlType":"sap.m.GenericTile","properties":{"header":"Manage Contracts"}},"wdio_ui5_key":"sapm.GenericTile{\"header\":\"Manage Contracts\"}"}]}
RESULT: undefined
COMMAND: POST /session/d06e4a31898e4cf5ae1f0dc562bb1a4d/element - {"using":"xpath","value":"//*[@id=\"__tile131\"]"}
RESULT: {"using":"xpath","value":"//*[@id=\"__tile131\"]"}
COMMAND: POST /session/d06e4a31898e4cf5ae1f0dc562bb1a4d/element/f.FF7867651CD8E469CE707B8552024CE8.d.0CAB3CF5FFBD0B808D68E46538BBE24F.e.7040/click - {}
RESULT: {}
COMMAND: GET /session/d06e4a31898e4cf5ae1f0dc562bb1a4d/screenshot - {}
RESULT: {}
COMMAND: POST /session/d06e4a31898e4cf5ae1f0dc562bb1a4d/elements - {"using":"xpath","value":"//span[text()='Error']"}
RESULT: {"using":"xpath","value":"//span[text()='Error']"}
COMMAND: POST /session/d06e4a31898e4cf5ae1f0dc562bb1a4d/element - {"using":"xpath","value":"//button[@data-kt=\"addButton\"]"}
RESULT: {"using":"xpath","value":"//button[@data-kt=\"addButton\"]"}
COMMAND: POST /session/d06e4a31898e4cf5ae1f0dc562bb1a4d/element/f.FF7867651CD8E469CE707B8552024CE8.d.0CAB3CF5FFBD0B808D68E46538BBE24F.e.7084/click - {}
RESULT: {}
COMMAND: GET /session/d06e4a31898e4cf5ae1f0dc562bb1a4d/screenshot - {}
RESULT: {}
COMMAND: POST /session/d06e4a31898e4cf5ae1f0dc562bb1a4d/execute/async - {"script":"<script> [1562 bytes]","args":[{"selector":{"id":"application-managecontracts-display-component---AddNewContract--projectDescription","interaction":{"idSuffix":"inner"}},"wdio_ui5_key":"applicationmanagecontracts-display-component---AddNewContract--projectDescription"}]}
RESULT: {"script":"<script> [1562 bytes]","args":[{"selector":{"id":"application-managecontracts-display-component---AddNewContract--projectDescription","interaction":{"idSuffix":"inner"}},"wdio_ui5_key":"applicationmanagecontracts-display-component---AddNewContract--projectDescription"}]}
RESULT: undefined
COMMAND: POST /session/d06e4a31898e4cf5ae1f0dc562bb1a4d/execute/async - {"script":"<script> [776 bytes]","args":[{"enterText":"WdIOR2chofmq","selector":{"id":"application-managecontracts-display-component---AddNewContract--projectDescription","interaction":{"idSuffix":"inner"}},"clearTextFirst":true,"interactionType":"ENTER_TEXT"}]}
RESULT: {"script":"<script> [776 bytes]","args":[{"enterText":"WdIOR2chofmq","selector":{"id":"application-managecontracts-display-component---AddNewContract--projectDescription","interaction":{"idSuffix":"inner"}},"clearTextFirst":true,"interactionType":"ENTER_TEXT"}]}
COMMAND: POST /session/d06e4a31898e4cf5ae1f0dc562bb1a4d/element - {"using":"xpath","value":"//input[@id=\"application-managecontracts-display-component---AddNewContract--yardId-inner\"]"}
RESULT: {"using":"xpath","value":"//input[@id=\"application-managecontracts-display-component---AddNewContract--yardId-inner\"]"}
COMMAND: POST /session/d06e4a31898e4cf5ae1f0dc562bb1a4d/element/f.FF7867651CD8E469CE707B8552024CE8.d.0CAB3CF5FFBD0B808D68E46538BBE24F.e.7390/clear - {}
RESULT: {}
COMMAND: POST /session/d06e4a31898e4cf5ae1f0dc562bb1a4d/element/f.FF7867651CD8E469CE707B8552024CE8.d.0CAB3CF5FFBD0B808D68E46538BBE24F.e.7390/value - {"text":"WebdriverYardgx1k1"}
COMMAND: GET /session/d06e4a31898e4cf5ae1f0dc562bb1a4d/screenshot - {}
RESULT: {"text":"WebdriverYardgx1k1"}
COMMAND: GET /session/d06e4a31898e4cf5ae1f0dc562bb1a4d/screenshot - {}
RESULT: {}
RESULT: {}
COMMAND: POST /session/d06e4a31898e4cf5ae1f0dc562bb1a4d/actions - {"actions":[{"id":"action34","type":"key","parameters":{},"actions":[{"type":"keyDown","value":"î€‡"},{"type":"pause","duration":10},{"type":"keyUp","value":"î€‡"}]}]}
RESULT: {"actions":[{"id":"action34","type":"key","parameters":{},"actions":[{"type":"keyDown","value":"î€‡"},{"type":"pause","duration":10},{"type":"keyUp","value":"î€‡"}]}]}
COMMAND: GET /session/d06e4a31898e4cf5ae1f0dc562bb1a4d/screenshot - {}
RESULT: {}
COMMAND: POST /session/d06e4a31898e4cf5ae1f0dc562bb1a4d/element - {"using":"xpath","value":"//input[@id=\"application-managecontracts-display-component---AddNewContract--customerSelect-inner\"]"}
RESULT: {"using":"xpath","value":"//input[@id=\"application-managecontracts-display-component---AddNewContract--customerSelect-inner\"]"}
COMMAND: POST /session/d06e4a31898e4cf5ae1f0dc562bb1a4d/element/f.FF7867651CD8E469CE707B8552024CE8.d.0CAB3CF5FFBD0B808D68E46538BBE24F.e.7388/clear - {}
RESULT: {}
COMMAND: POST /session/d06e4a31898e4cf5ae1f0dc562bb1a4d/element/f.FF7867651CD8E469CE707B8552024CE8.d.0CAB3CF5FFBD0B808D68E46538BBE24F.e.7388/value - {"text":"WebdriverPartnerg12w9"}
COMMAND: GET /session/d06e4a31898e4cf5ae1f0dc562bb1a4d/screenshot - {}
RESULT: {"text":"WebdriverPartnerg12w9"}
COMMAND: GET /session/d06e4a31898e4cf5ae1f0dc562bb1a4d/screenshot - {}
RESULT: {}
RESULT: {}
COMMAND: POST /session/d06e4a31898e4cf5ae1f0dc562bb1a4d/actions - {"actions":[{"id":"action35","type":"key","parameters":{},"actions":[{"type":"keyDown","value":"î€‡"},{"type":"pause","duration":10},{"type":"keyUp","value":"î€‡"}]}]}
RESULT: {"actions":[{"id":"action35","type":"key","parameters":{},"actions":[{"type":"keyDown","value":"î€‡"},{"type":"pause","duration":10},{"type":"keyUp","value":"î€‡"}]}]}
COMMAND: GET /session/d06e4a31898e4cf5ae1f0dc562bb1a4d/screenshot - {}
RESULT: {}
COMMAND: POST /session/d06e4a31898e4cf5ae1f0dc562bb1a4d/element - {"using":"xpath","value":"//input[@id=\"application-managecontracts-display-component---AddNewContract--site-inner\"]"}
RESULT: {"using":"xpath","value":"//input[@id=\"application-managecontracts-display-component---AddNewContract--site-inner\"]"}
COMMAND: POST /session/d06e4a31898e4cf5ae1f0dc562bb1a4d/element/f.FF7867651CD8E469CE707B8552024CE8.d.0CAB3CF5FFBD0B808D68E46538BBE24F.e.7389/clear - {}
RESULT: {}
COMMAND: POST /session/d06e4a31898e4cf5ae1f0dc562bb1a4d/element/f.FF7867651CD8E469CE707B8552024CE8.d.0CAB3CF5FFBD0B808D68E46538BBE24F.e.7389/value - {"text":"WebdriverSiteuf6hi"}
COMMAND: GET /session/d06e4a31898e4cf5ae1f0dc562bb1a4d/screenshot - {}
RESULT: {"text":"WebdriverSiteuf6hi"}
COMMAND: GET /session/d06e4a31898e4cf5ae1f0dc562bb1a4d/screenshot - {}
RESULT: {}
RESULT: {}
COMMAND: POST /session/d06e4a31898e4cf5ae1f0dc562bb1a4d/actions - {"actions":[{"id":"action36","type":"key","parameters":{},"actions":[{"type":"keyDown","value":"î€‡"},{"type":"pause","duration":10},{"type":"keyUp","value":"î€‡"}]}]}
RESULT: {"actions":[{"id":"action36","type":"key","parameters":{},"actions":[{"type":"keyDown","value":"î€‡"},{"type":"pause","duration":10},{"type":"keyUp","value":"î€‡"}]}]}
COMMAND: GET /session/d06e4a31898e4cf5ae1f0dc562bb1a4d/screenshot - {}
RESULT: {}
COMMAND: POST /session/d06e4a31898e4cf5ae1f0dc562bb1a4d/element - {"using":"xpath","value":"//button[@data-kt=\"saveButton\"]"}
RESULT: {"using":"xpath","value":"//button[@data-kt=\"saveButton\"]"}
COMMAND: POST /session/d06e4a31898e4cf5ae1f0dc562bb1a4d/element/f.FF7867651CD8E469CE707B8552024CE8.d.0CAB3CF5FFBD0B808D68E46538BBE24F.e.7424/click - {}
RESULT: {}
COMMAND: GET /session/d06e4a31898e4cf5ae1f0dc562bb1a4d/screenshot - {}
RESULT: {}
COMMAND: POST /session/d06e4a31898e4cf5ae1f0dc562bb1a4d/execute/async - {"script":"<script> [1562 bytes]","args":[{"selector":{"id":"contractDetailTitleNoExpanded","viewName":"etm.portal.ui.managecontracts.view.Detail"},"wdio_ui5_key":"contractDetailTitleNoExpandedetmportal.ui.managecontracts.view.Detail"}]}
RESULT: {"script":"<script> [1562 bytes]","args":[{"selector":{"id":"contractDetailTitleNoExpanded","viewName":"etm.portal.ui.managecontracts.view.Detail"},"wdio_ui5_key":"contractDetailTitleNoExpandedetmportal.ui.managecontracts.view.Detail"}]}
RESULT: undefined
COMMAND: POST /session/d06e4a31898e4cf5ae1f0dc562bb1a4d/execute/async - {"script":"<script> [6424 bytes]","args":[{"element-6066-11e4-a52e-4f735466cecf":"f.FF7867651CD8E469CE707B8552024CE8.d.0CAB3CF5FFBD0B808D68E46538BBE24F.e.7443"},"getText",[]]}
RESULT: {"script":"<script> [6424 bytes]","args":[{"element-6066-11e4-a52e-4f735466cecf":"f.FF7867651CD8E469CE707B8552024CE8.d.0CAB3CF5FFBD0B808D68E46538BBE24F.e.7443"},"getText",[]]}
COMMAND: POST /session/d06e4a31898e4cf5ae1f0dc562bb1a4d/execute/async - {"script":"<script> [1562 bytes]","args":[{"selector":{"id":"closeContractBtn","viewName":"etm.portal.ui.managecontracts.view.Detail"},"wdio_ui5_key":"closeContractBtnetmportal.ui.managecontracts.view.Detail"}]}
RESULT: {"script":"<script> [1562 bytes]","args":[{"selector":{"id":"closeContractBtn","viewName":"etm.portal.ui.managecontracts.view.Detail"},"wdio_ui5_key":"closeContractBtnetmportal.ui.managecontracts.view.Detail"}]}
RESULT: undefined
COMMAND: POST /session/d06e4a31898e4cf5ae1f0dc562bb1a4d/execute/async - {"script":"<script> [6424 bytes]","args":[{"element-6066-11e4-a52e-4f735466cecf":"f.FF7867651CD8E469CE707B8552024CE8.d.0CAB3CF5FFBD0B808D68E46538BBE24F.e.7444"},"getEnabled",[]]}
RESULT: {"script":"<script> [6424 bytes]","args":[{"element-6066-11e4-a52e-4f735466cecf":"f.FF7867651CD8E469CE707B8552024CE8.d.0CAB3CF5FFBD0B808D68E46538BBE24F.e.7444"},"getEnabled",[]]}
COMMAND: POST /session/d06e4a31898e4cf5ae1f0dc562bb1a4d/element - {"using":"xpath","value":"//button[@data-kt=\"contractDetailEditBtnButton\"]"}
RESULT: {"using":"xpath","value":"//button[@data-kt=\"contractDetailEditBtnButton\"]"}
COMMAND: POST /session/d06e4a31898e4cf5ae1f0dc562bb1a4d/element/f.FF7867651CD8E469CE707B8552024CE8.d.0CAB3CF5FFBD0B808D68E46538BBE24F.e.7445/click - {}
RESULT: {}
COMMAND: GET /session/d06e4a31898e4cf5ae1f0dc562bb1a4d/screenshot - {}
RESULT: {}
COMMAND: POST /session/d06e4a31898e4cf5ae1f0dc562bb1a4d/element - {"using":"xpath","value":"(//span[contains(text(), \"Additional Addresses\")])[2]"}
RESULT: {"using":"xpath","value":"(//span[contains(text(), \"Additional Addresses\")])[2]"}
COMMAND: POST /session/d06e4a31898e4cf5ae1f0dc562bb1a4d/element/f.FF7867651CD8E469CE707B8552024CE8.d.0CAB3CF5FFBD0B808D68E46538BBE24F.e.7502/click - {}
RESULT: {}
COMMAND: GET /session/d06e4a31898e4cf5ae1f0dc562bb1a4d/screenshot - {}
RESULT: {}
COMMAND: POST /session/d06e4a31898e4cf5ae1f0dc562bb1a4d/element - {"using":"xpath","value":"//button[@data-kt=\"btnAddTableRowOverflowToolbarButton\"]"}
RESULT: {"using":"xpath","value":"//button[@data-kt=\"btnAddTableRowOverflowToolbarButton\"]"}
COMMAND: POST /session/d06e4a31898e4cf5ae1f0dc562bb1a4d/element/f.FF7867651CD8E469CE707B8552024CE8.d.0CAB3CF5FFBD0B808D68E46538BBE24F.e.7504/click - {}
RESULT: {}
COMMAND: GET /session/d06e4a31898e4cf5ae1f0dc562bb1a4d/screenshot - {}
RESULT: {}
COMMAND: POST /session/d06e4a31898e4cf5ae1f0dc562bb1a4d/element - {"using":"xpath","value":"//div[(text() = 'Standard Entry' or . = 'Standard Entry')]"}
RESULT: {"using":"xpath","value":"//div[(text() = 'Standard Entry' or . = 'Standard Entry')]"}
COMMAND: POST /session/d06e4a31898e4cf5ae1f0dc562bb1a4d/element/f.FF7867651CD8E469CE707B8552024CE8.d.0CAB3CF5FFBD0B808D68E46538BBE24F.e.7506/click - {}
RESULT: {}
COMMAND: POST /session/d06e4a31898e4cf5ae1f0dc562bb1a4d/element - {"using":"xpath","value":"//td[6]/div/div/input[1]"}
COMMAND: GET /session/d06e4a31898e4cf5ae1f0dc562bb1a4d/screenshot - {}
RESULT: {"using":"xpath","value":"//td[6]/div/div/input[1]"}
COMMAND: POST /session/d06e4a31898e4cf5ae1f0dc562bb1a4d/element/f.FF7867651CD8E469CE707B8552024CE8.d.0CAB3CF5FFBD0B808D68E46538BBE24F.e.7508/click - {}
RESULT: {}
RESULT: {}
COMMAND: POST /session/d06e4a31898e4cf5ae1f0dc562bb1a4d/actions - {"actions":[{"id":"action37","type":"key","parameters":{},"actions":[{"type":"keyDown","value":"î€ƒ"},{"type":"pause","duration":10},{"type":"keyUp","value":"î€ƒ"}]}]}
COMMAND: GET /session/d06e4a31898e4cf5ae1f0dc562bb1a4d/screenshot - {}
RESULT: {"actions":[{"id":"action37","type":"key","parameters":{},"actions":[{"type":"keyDown","value":"î€ƒ"},{"type":"pause","duration":10},{"type":"keyUp","value":"î€ƒ"}]}]}
COMMAND: POST /session/d06e4a31898e4cf5ae1f0dc562bb1a4d/element - {"using":"xpath","value":"//td[6]/div/div/input[1]"}
COMMAND: GET /session/d06e4a31898e4cf5ae1f0dc562bb1a4d/screenshot - {}
RESULT: {}
RESULT: {"using":"xpath","value":"//td[6]/div/div/input[1]"}
COMMAND: POST /session/d06e4a31898e4cf5ae1f0dc562bb1a4d/element/f.FF7867651CD8E469CE707B8552024CE8.d.0CAB3CF5FFBD0B808D68E46538BBE24F.e.7508/clear - {}
RESULT: {}
RESULT: {}
COMMAND: POST /session/d06e4a31898e4cf5ae1f0dc562bb1a4d/element/f.FF7867651CD8E469CE707B8552024CE8.d.0CAB3CF5FFBD0B808D68E46538BBE24F.e.7508/value - {"text":"Material"}
COMMAND: GET /session/d06e4a31898e4cf5ae1f0dc562bb1a4d/screenshot - {}
RESULT: {"text":"Material"}
COMMAND: GET /session/d06e4a31898e4cf5ae1f0dc562bb1a4d/screenshot - {}
RESULT: {}
RESULT: {}
COMMAND: POST /session/d06e4a31898e4cf5ae1f0dc562bb1a4d/actions - {"actions":[{"id":"action38","type":"key","parameters":{},"actions":[{"type":"keyDown","value":"î€‡"},{"type":"pause","duration":10},{"type":"keyUp","value":"î€‡"}]}]}
RESULT: {"actions":[{"id":"action38","type":"key","parameters":{},"actions":[{"type":"keyDown","value":"î€‡"},{"type":"pause","duration":10},{"type":"keyUp","value":"î€‡"}]}]}
COMMAND: GET /session/d06e4a31898e4cf5ae1f0dc562bb1a4d/screenshot - {}
COMMAND: POST /session/d06e4a31898e4cf5ae1f0dc562bb1a4d/actions - {"actions":[{"id":"action39","type":"key","parameters":{},"actions":[{"type":"keyDown","value":"î€‡"},{"type":"pause","duration":10},{"type":"keyUp","value":"î€‡"}]}]}
RESULT: {}
RESULT: {"actions":[{"id":"action39","type":"key","parameters":{},"actions":[{"type":"keyDown","value":"î€‡"},{"type":"pause","duration":10},{"type":"keyUp","value":"î€‡"}]}]}
COMMAND: POST /session/d06e4a31898e4cf5ae1f0dc562bb1a4d/element - {"using":"xpath","value":"//td[7]/div/div/input"}
COMMAND: GET /session/d06e4a31898e4cf5ae1f0dc562bb1a4d/screenshot - {}
RESULT: {"using":"xpath","value":"//td[7]/div/div/input"}
COMMAND: POST /session/d06e4a31898e4cf5ae1f0dc562bb1a4d/element/f.FF7867651CD8E469CE707B8552024CE8.d.0CAB3CF5FFBD0B808D68E46538BBE24F.e.7521/clear - {}
RESULT: {}
RESULT: {}
COMMAND: POST /session/d06e4a31898e4cf5ae1f0dc562bb1a4d/element/f.FF7867651CD8E469CE707B8552024CE8.d.0CAB3CF5FFBD0B808D68E46538BBE24F.e.7521/value - {"text":"WebdriverRUR2C45prk"}
COMMAND: GET /session/d06e4a31898e4cf5ae1f0dc562bb1a4d/screenshot - {}
RESULT: {"text":"WebdriverRUR2C45prk"}
COMMAND: GET /session/d06e4a31898e4cf5ae1f0dc562bb1a4d/screenshot - {}
RESULT: {}
RESULT: {}
COMMAND: POST /session/d06e4a31898e4cf5ae1f0dc562bb1a4d/actions - {"actions":[{"id":"action40","type":"key","parameters":{},"actions":[{"type":"keyDown","value":"î€‡"},{"type":"pause","duration":10},{"type":"keyUp","value":"î€‡"}]}]}
RESULT: {"actions":[{"id":"action40","type":"key","parameters":{},"actions":[{"type":"keyDown","value":"î€‡"},{"type":"pause","duration":10},{"type":"keyUp","value":"î€‡"}]}]}
COMMAND: GET /session/d06e4a31898e4cf5ae1f0dc562bb1a4d/screenshot - {}
RESULT: {}
COMMAND: POST /session/d06e4a31898e4cf5ae1f0dc562bb1a4d/actions - {"actions":[{"id":"action41","type":"key","parameters":{},"actions":[{"type":"keyDown","value":"î€‡"},{"type":"pause","duration":10},{"type":"keyUp","value":"î€‡"}]}]}
RESULT: {"actions":[{"id":"action41","type":"key","parameters":{},"actions":[{"type":"keyDown","value":"î€‡"},{"type":"pause","duration":10},{"type":"keyUp","value":"î€‡"}]}]}
COMMAND: GET /session/d06e4a31898e4cf5ae1f0dc562bb1a4d/screenshot - {}
RESULT: {}
COMMAND: POST /session/d06e4a31898e4cf5ae1f0dc562bb1a4d/element - {"using":"xpath","value":"(//button[@data-kt=\"saveButton\"])[2]"}
RESULT: {"using":"xpath","value":"(//button[@data-kt=\"saveButton\"])[2]"}
COMMAND: POST /session/d06e4a31898e4cf5ae1f0dc562bb1a4d/element/f.FF7867651CD8E469CE707B8552024CE8.d.0CAB3CF5FFBD0B808D68E46538BBE24F.e.7547/click - {}
RESULT: {}
COMMAND: GET /session/d06e4a31898e4cf5ae1f0dc562bb1a4d/screenshot - {}
RESULT: {}
]]></system-out>
    </testcase>
    <testcase classname="chrome.136_0_7103_93.windows.Standard_contract_close-reopen_US111278" name="It should close the contract" time="20.316">
      <system-out><![CDATA[
RESULT: undefined
COMMAND: POST /session/d06e4a31898e4cf5ae1f0dc562bb1a4d/element - {"using":"xpath","value":"//*[@id=\"__xmlview64--closeContractBtn\"]"}
RESULT: {"using":"xpath","value":"//*[@id=\"__xmlview64--closeContractBtn\"]"}
COMMAND: POST /session/d06e4a31898e4cf5ae1f0dc562bb1a4d/element/f.FF7867651CD8E469CE707B8552024CE8.d.0CAB3CF5FFBD0B808D68E46538BBE24F.e.7444/click - {}
RESULT: {}
COMMAND: GET /session/d06e4a31898e4cf5ae1f0dc562bb1a4d/screenshot - {}
RESULT: {}
COMMAND: POST /session/d06e4a31898e4cf5ae1f0dc562bb1a4d/element - {"using":"xpath","value":"//span[contains(text(), \"Do you want to close the whole contract?\")]"}
RESULT: {"using":"xpath","value":"//span[contains(text(), \"Do you want to close the whole contract?\")]"}
COMMAND: POST /session/d06e4a31898e4cf5ae1f0dc562bb1a4d/execute/sync - {"script":"<script> [8489 bytes]","args":[{"element-6066-11e4-a52e-4f735466cecf":"f.FF7867651CD8E469CE707B8552024CE8.d.0CAB3CF5FFBD0B808D68E46538BBE24F.e.7551","ELEMENT":"f.FF7867651CD8E469CE707B8552024CE8.d.0CAB3CF5FFBD0B808D68E46538BBE24F.e.7551"}]}
RESULT: {"script":"<script> [8489 bytes]","args":[{"element-6066-11e4-a52e-4f735466cecf":"f.FF7867651CD8E469CE707B8552024CE8.d.0CAB3CF5FFBD0B808D68E46538BBE24F.e.7551","ELEMENT":"f.FF7867651CD8E469CE707B8552024CE8.d.0CAB3CF5FFBD0B808D68E46538BBE24F.e.7551"}]}
COMMAND: POST /session/d06e4a31898e4cf5ae1f0dc562bb1a4d/element - {"using":"xpath","value":"//bdi[contains(text(), \"OK\")]"}
COMMAND: GET /session/d06e4a31898e4cf5ae1f0dc562bb1a4d/screenshot - {}
RESULT: {"using":"xpath","value":"//bdi[contains(text(), \"OK\")]"}
COMMAND: POST /session/d06e4a31898e4cf5ae1f0dc562bb1a4d/element/f.FF7867651CD8E469CE707B8552024CE8.d.0CAB3CF5FFBD0B808D68E46538BBE24F.e.7552/click - {}
RESULT: {}
RESULT: {}
COMMAND: GET /session/d06e4a31898e4cf5ae1f0dc562bb1a4d/screenshot - {}
RESULT: {}
COMMAND: POST /session/d06e4a31898e4cf5ae1f0dc562bb1a4d/element - {"using":"xpath","value":"//input[contains(@id ,\"smartContractFilterBar-btnBasicSearch-I\")]"}
RESULT: {"using":"xpath","value":"//input[contains(@id ,\"smartContractFilterBar-btnBasicSearch-I\")]"}
COMMAND: POST /session/d06e4a31898e4cf5ae1f0dc562bb1a4d/element/f.FF7867651CD8E469CE707B8552024CE8.d.0CAB3CF5FFBD0B808D68E46538BBE24F.e.7046/clear - {}
RESULT: {}
COMMAND: POST /session/d06e4a31898e4cf5ae1f0dc562bb1a4d/element/f.FF7867651CD8E469CE707B8552024CE8.d.0CAB3CF5FFBD0B808D68E46538BBE24F.e.7046/value - {"text":"10342"}
COMMAND: GET /session/d06e4a31898e4cf5ae1f0dc562bb1a4d/screenshot - {}
RESULT: {"text":"10342"}
COMMAND: POST /session/d06e4a31898e4cf5ae1f0dc562bb1a4d/actions - {"actions":[{"id":"action42","type":"key","parameters":{},"actions":[{"type":"keyDown","value":"î€‡"},{"type":"pause","duration":10},{"type":"keyUp","value":"î€‡"}]}]}
COMMAND: GET /session/d06e4a31898e4cf5ae1f0dc562bb1a4d/screenshot - {}
RESULT: {}
RESULT: {"actions":[{"id":"action42","type":"key","parameters":{},"actions":[{"type":"keyDown","value":"î€‡"},{"type":"pause","duration":10},{"type":"keyUp","value":"î€‡"}]}]}
COMMAND: GET /session/d06e4a31898e4cf5ae1f0dc562bb1a4d/screenshot - {}
RESULT: {}
RESULT: {}
COMMAND: POST /session/d06e4a31898e4cf5ae1f0dc562bb1a4d/execute/async - {"script":"<script> [1562 bytes]","args":[{"selector":{"controlType":"sap.ui.core.Icon","viewName":"etm.portal.ui.managecontracts.view.Master","properties":{"src":{"regex":{"source":"slim\\-arrow\\-right"}}}},"wdio_ui5_key":"etmportal.ui.managecontracts.view.Mastersap.ui.core.Icon{\"src\":{\"regex\":{\"source\":\"slim\\\\-arrow\\\\-right\"}}}"}]}
RESULT: {"script":"<script> [1562 bytes]","args":[{"selector":{"controlType":"sap.ui.core.Icon","viewName":"etm.portal.ui.managecontracts.view.Master","properties":{"src":{"regex":{"source":"slim\\-arrow\\-right"}}}},"wdio_ui5_key":"etmportal.ui.managecontracts.view.Mastersap.ui.core.Icon{\"src\":{\"regex\":{\"source\":\"slim\\\\-arrow\\\\-right\"}}}"}]}
RESULT: undefined
COMMAND: POST /session/d06e4a31898e4cf5ae1f0dc562bb1a4d/element - {"using":"xpath","value":"//*[@id=\"__item126-__clone4965-imgNav\"]"}
RESULT: {"using":"xpath","value":"//*[@id=\"__item126-__clone4965-imgNav\"]"}
COMMAND: POST /session/d06e4a31898e4cf5ae1f0dc562bb1a4d/element/f.FF7867651CD8E469CE707B8552024CE8.d.0CAB3CF5FFBD0B808D68E46538BBE24F.e.7746/click - {}
RESULT: {}
COMMAND: POST /session/d06e4a31898e4cf5ae1f0dc562bb1a4d/execute/async - {"script":"<script> [1562 bytes]","args":[{"selector":{"controlType":"sap.m.ObjectStatus","viewName":"etm.portal.ui.managecontracts.view.Detail","bindingPath":{"propertyPath":"LINK_TO_LOGISTICAL_STATUS/DESCRIPTION","modelName":"catalogModel"}},"wdio_ui5_key":"etmportal.ui.managecontracts.view.Detailsap.m.ObjectStatus{\"propertyPath\":\"LINK_TO_LOGISTICAL_STATUS/DESCRIPTION\",\"modelName\":\"catalogModel\"}"}]}
COMMAND: GET /session/d06e4a31898e4cf5ae1f0dc562bb1a4d/screenshot - {}
RESULT: {"script":"<script> [1562 bytes]","args":[{"selector":{"controlType":"sap.m.ObjectStatus","viewName":"etm.portal.ui.managecontracts.view.Detail","bindingPath":{"propertyPath":"LINK_TO_LOGISTICAL_STATUS/DESCRIPTION","modelName":"catalogModel"}},"wdio_ui5_key":"etmportal.ui.managecontracts.view.Detailsap.m.ObjectStatus{\"propertyPath\":\"LINK_TO_LOGISTICAL_STATUS/DESCRIPTION\",\"modelName\":\"catalogModel\"}"}]}
RESULT: undefined
COMMAND: POST /session/d06e4a31898e4cf5ae1f0dc562bb1a4d/execute/async - {"script":"<script> [6424 bytes]","args":[{"element-6066-11e4-a52e-4f735466cecf":"f.FF7867651CD8E469CE707B8552024CE8.d.0CAB3CF5FFBD0B808D68E46538BBE24F.e.7791"},"getText",[]]}
RESULT: {}
RESULT: {"script":"<script> [6424 bytes]","args":[{"element-6066-11e4-a52e-4f735466cecf":"f.FF7867651CD8E469CE707B8552024CE8.d.0CAB3CF5FFBD0B808D68E46538BBE24F.e.7791"},"getText",[]]}
]]></system-out>
    </testcase>
    <testcase classname="chrome.136_0_7103_93.windows.Standard_contract_close-reopen_US111278" name="Should reopen the contract" time="9.893">
      <system-out><![CDATA[
COMMAND: POST /session/d06e4a31898e4cf5ae1f0dc562bb1a4d/execute/async - {"script":"<script> [1562 bytes]","args":[{"selector":{"id":"openContractBtn","viewName":"etm.portal.ui.managecontracts.view.Detail"},"wdio_ui5_key":"openContractBtnetmportal.ui.managecontracts.view.Detail"}]}
RESULT: {"script":"<script> [1562 bytes]","args":[{"selector":{"id":"openContractBtn","viewName":"etm.portal.ui.managecontracts.view.Detail"},"wdio_ui5_key":"openContractBtnetmportal.ui.managecontracts.view.Detail"}]}
RESULT: undefined
COMMAND: POST /session/d06e4a31898e4cf5ae1f0dc562bb1a4d/execute/async - {"script":"<script> [6424 bytes]","args":[{"element-6066-11e4-a52e-4f735466cecf":"f.FF7867651CD8E469CE707B8552024CE8.d.0CAB3CF5FFBD0B808D68E46538BBE24F.e.7764"},"getEnabled",[]]}
RESULT: {"script":"<script> [6424 bytes]","args":[{"element-6066-11e4-a52e-4f735466cecf":"f.FF7867651CD8E469CE707B8552024CE8.d.0CAB3CF5FFBD0B808D68E46538BBE24F.e.7764"},"getEnabled",[]]}
COMMAND: POST /session/d06e4a31898e4cf5ae1f0dc562bb1a4d/element - {"using":"xpath","value":"//bdi[contains(text(), \"Edit\")]"}
RESULT: {"using":"xpath","value":"//bdi[contains(text(), \"Edit\")]"}
COMMAND: POST /session/d06e4a31898e4cf5ae1f0dc562bb1a4d/element - {"using":"xpath","value":"//bdi[contains(text(), \"Edit\")]"}
RESULT: undefined
COMMAND: POST /session/d06e4a31898e4cf5ae1f0dc562bb1a4d/element - {"using":"xpath","value":"//*[@id=\"__xmlview64--openContractBtn\"]"}
RESULT: {"using":"xpath","value":"//*[@id=\"__xmlview64--openContractBtn\"]"}
COMMAND: POST /session/d06e4a31898e4cf5ae1f0dc562bb1a4d/element/f.FF7867651CD8E469CE707B8552024CE8.d.0CAB3CF5FFBD0B808D68E46538BBE24F.e.7764/click - {}
RESULT: {"using":"xpath","value":"//bdi[contains(text(), \"Edit\")]"}
RESULT: {}
COMMAND: POST /session/d06e4a31898e4cf5ae1f0dc562bb1a4d/execute/async - {"script":"<script> [1562 bytes]","args":[{"selector":{"controlType":"sap.m.Text","properties":{"text":"Contract has been reopened successfully"},"searchOpenDialogs":true},"wdio_ui5_key":"sapm.Text{\"text\":\"Contract has been reopened successfully\"}"}]}
COMMAND: GET /session/d06e4a31898e4cf5ae1f0dc562bb1a4d/screenshot - {}
RESULT: {"script":"<script> [1562 bytes]","args":[{"selector":{"controlType":"sap.m.Text","properties":{"text":"Contract has been reopened successfully"},"searchOpenDialogs":true},"wdio_ui5_key":"sapm.Text{\"text\":\"Contract has been reopened successfully\"}"}]}
RESULT: undefined
COMMAND: POST /session/d06e4a31898e4cf5ae1f0dc562bb1a4d/execute/async - {"script":"<script> [6424 bytes]","args":[{"element-6066-11e4-a52e-4f735466cecf":"f.FF7867651CD8E469CE707B8552024CE8.d.0CAB3CF5FFBD0B808D68E46538BBE24F.e.7794"},"getText",[]]}
RESULT: {}
RESULT: {"script":"<script> [6424 bytes]","args":[{"element-6066-11e4-a52e-4f735466cecf":"f.FF7867651CD8E469CE707B8552024CE8.d.0CAB3CF5FFBD0B808D68E46538BBE24F.e.7794"},"getText",[]]}
COMMAND: POST /session/d06e4a31898e4cf5ae1f0dc562bb1a4d/element - {"using":"xpath","value":"//bdi[contains(text(), \"OK\")]"}
RESULT: {"using":"xpath","value":"//bdi[contains(text(), \"OK\")]"}
COMMAND: POST /session/d06e4a31898e4cf5ae1f0dc562bb1a4d/element/f.FF7867651CD8E469CE707B8552024CE8.d.0CAB3CF5FFBD0B808D68E46538BBE24F.e.7795/click - {}
RESULT: {}
COMMAND: GET /session/d06e4a31898e4cf5ae1f0dc562bb1a4d/screenshot - {}
RESULT: {}
COMMAND: POST /session/d06e4a31898e4cf5ae1f0dc562bb1a4d/element - {"using":"xpath","value":"//bdi[contains(text(), \"Edit\")]"}
RESULT: undefined
COMMAND: POST /session/d06e4a31898e4cf5ae1f0dc562bb1a4d/execute/async - {"script":"<script> [6424 bytes]","args":[{"element-6066-11e4-a52e-4f735466cecf":"f.FF7867651CD8E469CE707B8552024CE8.d.0CAB3CF5FFBD0B808D68E46538BBE24F.e.7444"},"getEnabled",[]]}
RESULT: {"using":"xpath","value":"//bdi[contains(text(), \"Edit\")]"}
COMMAND: POST /session/d06e4a31898e4cf5ae1f0dc562bb1a4d/execute/sync - {"script":"<script> [8489 bytes]","args":[{"element-6066-11e4-a52e-4f735466cecf":"f.FF7867651CD8E469CE707B8552024CE8.d.0CAB3CF5FFBD0B808D68E46538BBE24F.e.7796","ELEMENT":"f.FF7867651CD8E469CE707B8552024CE8.d.0CAB3CF5FFBD0B808D68E46538BBE24F.e.7796"}]}
COMMAND: POST /session/d06e4a31898e4cf5ae1f0dc562bb1a4d/execute/async - {"script":"<script> [1562 bytes]","args":[{"selector":{"id":"closeContractBtn","viewName":"etm.portal.ui.managecontracts.view.Detail"},"wdio_ui5_key":"closeContractBtnetmportal.ui.managecontracts.view.Detail"}]}
RESULT: {"script":"<script> [8489 bytes]","args":[{"element-6066-11e4-a52e-4f735466cecf":"f.FF7867651CD8E469CE707B8552024CE8.d.0CAB3CF5FFBD0B808D68E46538BBE24F.e.7796","ELEMENT":"f.FF7867651CD8E469CE707B8552024CE8.d.0CAB3CF5FFBD0B808D68E46538BBE24F.e.7796"}]}
COMMAND: GET /session/d06e4a31898e4cf5ae1f0dc562bb1a4d/screenshot - {}
RESULT: {"script":"<script> [1562 bytes]","args":[{"selector":{"id":"closeContractBtn","viewName":"etm.portal.ui.managecontracts.view.Detail"},"wdio_ui5_key":"closeContractBtnetmportal.ui.managecontracts.view.Detail"}]}
COMMAND: POST /session/d06e4a31898e4cf5ae1f0dc562bb1a4d/execute/async - {"script":"<script> [6424 bytes]","args":[{"element-6066-11e4-a52e-4f735466cecf":"f.FF7867651CD8E469CE707B8552024CE8.d.0CAB3CF5FFBD0B808D68E46538BBE24F.e.7797"},"getEnabled",[]]}
RESULT: {}
RESULT: {"script":"<script> [6424 bytes]","args":[{"element-6066-11e4-a52e-4f735466cecf":"f.FF7867651CD8E469CE707B8552024CE8.d.0CAB3CF5FFBD0B808D68E46538BBE24F.e.7797"},"getEnabled",[]]}
]]></system-out>
    </testcase>
    <testcase classname="chrome.136_0_7103_93.windows.Standard_contract_close-reopen_US111278" name="Should verify for multiple statuses that open button is not visible" time="64.737">
      <system-out><![CDATA[
COMMAND: POST /session/d06e4a31898e4cf5ae1f0dc562bb1a4d/execute/async - {"script":"<script> [1562 bytes]","args":[{"selector":{"controlType":"sap.ui.core.Icon","viewName":"etm.portal.ui.managecontracts.view.Detail","properties":{"src":{"regex":{"source":"decline"}}}},"wdio_ui5_key":"etmportal.ui.managecontracts.view.Detailsap.ui.core.Icon{\"src\":{\"regex\":{\"source\":\"decline\"}}}"}]}
RESULT: {"script":"<script> [1562 bytes]","args":[{"selector":{"controlType":"sap.ui.core.Icon","viewName":"etm.portal.ui.managecontracts.view.Detail","properties":{"src":{"regex":{"source":"decline"}}}},"wdio_ui5_key":"etmportal.ui.managecontracts.view.Detailsap.ui.core.Icon{\"src\":{\"regex\":{\"source\":\"decline\"}}}"}]}
RESULT: undefined
COMMAND: POST /session/d06e4a31898e4cf5ae1f0dc562bb1a4d/element - {"using":"xpath","value":"//*[@id=\"__xmlview64--closeColumnBtn-img\"]"}
RESULT: {"using":"xpath","value":"//*[@id=\"__xmlview64--closeColumnBtn-img\"]"}
COMMAND: POST /session/d06e4a31898e4cf5ae1f0dc562bb1a4d/element/f.FF7867651CD8E469CE707B8552024CE8.d.0CAB3CF5FFBD0B808D68E46538BBE24F.e.7763/click - {}
RESULT: {}
COMMAND: GET /session/d06e4a31898e4cf5ae1f0dc562bb1a4d/screenshot - {}
COMMAND: POST /session/d06e4a31898e4cf5ae1f0dc562bb1a4d/element - {"using":"xpath","value":"//div[contains(@id ,\"smartContractFilterBar-btnBasicSearch-reset\")]"}
RESULT: {}
RESULT: {"using":"xpath","value":"//div[contains(@id ,\"smartContractFilterBar-btnBasicSearch-reset\")]"}
COMMAND: POST /session/d06e4a31898e4cf5ae1f0dc562bb1a4d/element/f.FF7867651CD8E469CE707B8552024CE8.d.0CAB3CF5FFBD0B808D68E46538BBE24F.e.7765/click - {}
RESULT: {}
COMMAND: GET /session/d06e4a31898e4cf5ae1f0dc562bb1a4d/screenshot - {}
COMMAND: POST /session/d06e4a31898e4cf5ae1f0dc562bb1a4d/execute/async - {"script":"<script> [1562 bytes]","args":[{"selector":{"controlType":"sap.ui.core.Icon","viewName":"etm.portal.ui.managecontracts.view.Master","properties":{"src":{"regex":{"source":"slim\\-arrow\\-down"}}},"ancestor":{"id":"smartContractStatusFilter","viewName":"etm.portal.ui.managecontracts.view.Master"}},"wdio_ui5_key":"etmportal.ui.managecontracts.view.Mastersap.ui.core.Icon{\"src\":{\"regex\":{\"source\":\"slim\\\\-arrow\\\\-down\"}}}{\"id\":\"smartContractStatusFilter\",\"viewName\":\"etm.portal.ui.managecontracts.view.Master\"}"}]}
RESULT: {}
RESULT: {"script":"<script> [1562 bytes]","args":[{"selector":{"controlType":"sap.ui.core.Icon","viewName":"etm.portal.ui.managecontracts.view.Master","properties":{"src":{"regex":{"source":"slim\\-arrow\\-down"}}},"ancestor":{"id":"smartContractStatusFilter","viewName":"etm.portal.ui.managecontracts.view.Master"}},"wdio_ui5_key":"etmportal.ui.managecontracts.view.Mastersap.ui.core.Icon{\"src\":{\"regex\":{\"source\":\"slim\\\\-arrow\\\\-down\"}}}{\"id\":\"smartContractStatusFilter\",\"viewName\":\"etm.portal.ui.managecontracts.view.Master\"}"}]}
RESULT: undefined
COMMAND: POST /session/d06e4a31898e4cf5ae1f0dc562bb1a4d/element - {"using":"xpath","value":"//*[@id=\"__xmlview63--smartContractStatusFilter-arrow\"]"}
RESULT: {"using":"xpath","value":"//*[@id=\"__xmlview63--smartContractStatusFilter-arrow\"]"}
COMMAND: POST /session/d06e4a31898e4cf5ae1f0dc562bb1a4d/element/f.FF7867651CD8E469CE707B8552024CE8.d.0CAB3CF5FFBD0B808D68E46538BBE24F.e.7846/click - {}
RESULT: {}
COMMAND: POST /session/d06e4a31898e4cf5ae1f0dc562bb1a4d/execute/async - {"script":"<script> [1562 bytes]","args":[{"selector":{"controlType":"sap.m.CheckBox","viewName":"etm.portal.ui.managecontracts.view.Master","properties":{"editable":true},"searchOpenDialogs":true,"ancestor":{"controlType":"sap.m.StandardListItem","viewName":"etm.portal.ui.managecontracts.view.Master","properties":{"title":"partial provided"},"searchOpenDialogs":true},"interaction":{"idSuffix":"CbBg"}},"wdio_ui5_key":"etmportal.ui.managecontracts.view.Mastersap.m.CheckBox{\"editable\":true}{\"controlType\":\"sap.m.StandardListItem\",\"viewName\":\"etm.portal.ui.managecontracts.view.Master\",\"properties\":{\"title\":\"partial provided\"},\"searchOpenDialogs\":true}"}]}
COMMAND: GET /session/d06e4a31898e4cf5ae1f0dc562bb1a4d/screenshot - {}
RESULT: {"script":"<script> [1562 bytes]","args":[{"selector":{"controlType":"sap.m.CheckBox","viewName":"etm.portal.ui.managecontracts.view.Master","properties":{"editable":true},"searchOpenDialogs":true,"ancestor":{"controlType":"sap.m.StandardListItem","viewName":"etm.portal.ui.managecontracts.view.Master","properties":{"title":"partial provided"},"searchOpenDialogs":true},"interaction":{"idSuffix":"CbBg"}},"wdio_ui5_key":"etmportal.ui.managecontracts.view.Mastersap.m.CheckBox{\"editable\":true}{\"controlType\":\"sap.m.StandardListItem\",\"viewName\":\"etm.portal.ui.managecontracts.view.Master\",\"properties\":{\"title\":\"partial provided\"},\"searchOpenDialogs\":true}"}]}
RESULT: undefined
COMMAND: POST /session/d06e4a31898e4cf5ae1f0dc562bb1a4d/element - {"using":"xpath","value":"//*[@id=\"__item1601-selectMulti\"]"}
RESULT: {}
RESULT: {"using":"xpath","value":"//*[@id=\"__item1601-selectMulti\"]"}
COMMAND: POST /session/d06e4a31898e4cf5ae1f0dc562bb1a4d/element/f.FF7867651CD8E469CE707B8552024CE8.d.0CAB3CF5FFBD0B808D68E46538BBE24F.e.7855/click - {}
RESULT: {}
COMMAND: GET /session/d06e4a31898e4cf5ae1f0dc562bb1a4d/screenshot - {}
RESULT: {}
COMMAND: POST /session/d06e4a31898e4cf5ae1f0dc562bb1a4d/element - {"using":"xpath","value":"(//span[contains(@title ,\"Navigation\")])[2]"}
RESULT: {"using":"xpath","value":"(//span[contains(@title ,\"Navigation\")])[2]"}
COMMAND: POST /session/d06e4a31898e4cf5ae1f0dc562bb1a4d/element/f.FF7867651CD8E469CE707B8552024CE8.d.0CAB3CF5FFBD0B808D68E46538BBE24F.e.7886/click - {}
RESULT: {}
COMMAND: GET /session/d06e4a31898e4cf5ae1f0dc562bb1a4d/screenshot - {}
RESULT: {}
COMMAND: POST /session/d06e4a31898e4cf5ae1f0dc562bb1a4d/element - {"using":"xpath","value":"//bdi[contains(@id ,\"closeContractBtn-BDI-content\")]"}
RESULT: {"using":"xpath","value":"//bdi[contains(@id ,\"closeContractBtn-BDI-content\")]"}
COMMAND: POST /session/d06e4a31898e4cf5ae1f0dc562bb1a4d/execute/sync - {"script":"<script> [8489 bytes]","args":[{"element-6066-11e4-a52e-4f735466cecf":"f.FF7867651CD8E469CE707B8552024CE8.d.0CAB3CF5FFBD0B808D68E46538BBE24F.e.8070","ELEMENT":"f.FF7867651CD8E469CE707B8552024CE8.d.0CAB3CF5FFBD0B808D68E46538BBE24F.e.8070"}]}
RESULT: undefined
COMMAND: POST /session/d06e4a31898e4cf5ae1f0dc562bb1a4d/element - {"using":"xpath","value":"//*[@id=\"__xmlview64--closeColumnBtn-img\"]"}
RESULT: {"using":"xpath","value":"//*[@id=\"__xmlview64--closeColumnBtn-img\"]"}
COMMAND: POST /session/d06e4a31898e4cf5ae1f0dc562bb1a4d/element/f.FF7867651CD8E469CE707B8552024CE8.d.0CAB3CF5FFBD0B808D68E46538BBE24F.e.7763/click - {}
RESULT: {"script":"<script> [8489 bytes]","args":[{"element-6066-11e4-a52e-4f735466cecf":"f.FF7867651CD8E469CE707B8552024CE8.d.0CAB3CF5FFBD0B808D68E46538BBE24F.e.8070","ELEMENT":"f.FF7867651CD8E469CE707B8552024CE8.d.0CAB3CF5FFBD0B808D68E46538BBE24F.e.8070"}]}
COMMAND: GET /session/d06e4a31898e4cf5ae1f0dc562bb1a4d/screenshot - {}
RESULT: {}
COMMAND: GET /session/d06e4a31898e4cf5ae1f0dc562bb1a4d/screenshot - {}
COMMAND: POST /session/d06e4a31898e4cf5ae1f0dc562bb1a4d/execute/sync - {"script":"<script> [8489 bytes]","args":[{"element-6066-11e4-a52e-4f735466cecf":"f.FF7867651CD8E469CE707B8552024CE8.d.0CAB3CF5FFBD0B808D68E46538BBE24F.e.8070","ELEMENT":"f.FF7867651CD8E469CE707B8552024CE8.d.0CAB3CF5FFBD0B808D68E46538BBE24F.e.8070"}]}
COMMAND: POST /session/d06e4a31898e4cf5ae1f0dc562bb1a4d/refresh - {}
RESULT: {}
RESULT: {}
RESULT: {"script":"<script> [8489 bytes]","args":[{"element-6066-11e4-a52e-4f735466cecf":"f.FF7867651CD8E469CE707B8552024CE8.d.0CAB3CF5FFBD0B808D68E46538BBE24F.e.8070","ELEMENT":"f.FF7867651CD8E469CE707B8552024CE8.d.0CAB3CF5FFBD0B808D68E46538BBE24F.e.8070"}]}
COMMAND: GET /session/d06e4a31898e4cf5ae1f0dc562bb1a4d/screenshot - {}
RESULT: {}
COMMAND: GET /session/d06e4a31898e4cf5ae1f0dc562bb1a4d/screenshot - {}
RESULT: {}
RESULT: {}
COMMAND: POST /session/d06e4a31898e4cf5ae1f0dc562bb1a4d/execute/async - {"script":"<script> [189 bytes]","args":[]}
RESULT: {"script":"<script> [189 bytes]","args":[]}
COMMAND: POST /session/d06e4a31898e4cf5ae1f0dc562bb1a4d/execute/async - {"script":"<script> [123 bytes]","args":[]}
RESULT: {"script":"<script> [123 bytes]","args":[]}
COMMAND: POST /session/d06e4a31898e4cf5ae1f0dc562bb1a4d/timeouts - {"script":"<number>"}
RESULT: {"script":"<number>"}
COMMAND: GET /session/d06e4a31898e4cf5ae1f0dc562bb1a4d/timeouts - {}
RESULT: {}
RESULT: undefined
COMMAND: POST /session/d06e4a31898e4cf5ae1f0dc562bb1a4d/execute/async - {"script":"<script> [2676 bytes]","args":[]}
RESULT: {"script":"<script> [2676 bytes]","args":[]}
COMMAND: POST /session/d06e4a31898e4cf5ae1f0dc562bb1a4d/execute/async - {"script":"<script> [2342 bytes]","args":[{"protocol":"http","hostname":"0.0.0.0","path":"/","capabilities":{"browserName":"chrome","goog:chromeOptions":{"binary":"C:\\Program Files\\Google\\Chrome\\Application\\chrome.exe","args":["--start-maximized"]}},"logLevel":"warn","connectionRetryTimeout":120000,"connectionRetryCount":3,"logLevels":{},"enableDirectConnect":true,"strictSSL":true,"_":"65 more keys: [\"cacheDir\",\"port\",\"requestedCapabilities\",\"automationProtocol\",\"baseUrl\",\"waitforInterval\",\"waitforTimeout\",\"onReload\",\"beforeCommand\",\"afterCommand\",\"rootDir\",\"specs\",\"suites\",\"exclude\",\"groupLogsByTestSpec\",\"excludeDriverLogs\",\"bail\",\"framework\",\"reporters\",\"services\",\"maxInstances\",\"maxInstancesPerCapability\",\"injectGlobals\",\"filesToWatch\",\"execArgv\",\"runnerEnv\",\"runner\",\"shard\",\"specFileRetries\",\"specFileRetriesDelay\",\"specFileRetriesDeferred\",\"reporterSyncInterval\",\"reporterSyncTimeout\",\"cucumberFeaturesWithLineNumbers\",\"autoCompileOpts\",\"mochaOpts\",\"jasmineOpts\",\"cucumberOpts\",\"onPrepare\",\"onWorkerStart\",\"onWorkerEnd\",\"before\",\"beforeSession\",\"beforeSuite\",\"beforeHook\",\"beforeTest\",\"afterTest\",\"afterHook\",\"afterSuite\",\"afterSession\",\"after\",\"onComplete\",\"beforeAssertion\",\"afterAssertion\",\"beforeFeature\",\"beforeScenario\",\"beforeStep\",\"afterStep\",\"afterScenario\",\"afterFeature\",\"_\",\"suite\",\"$0\",\"ignoredWorkerServices\",\"wdi5\"]"}]}
RESULT: {"script":"<script> [2342 bytes]","args":[{"protocol":"http","hostname":"0.0.0.0","path":"/","capabilities":{"browserName":"chrome","goog:chromeOptions":{"binary":"C:\\Program Files\\Google\\Chrome\\Application\\chrome.exe","args":["--start-maximized"]}},"logLevel":"warn","connectionRetryTimeout":120000,"connectionRetryCount":3,"logLevels":{},"enableDirectConnect":true,"strictSSL":true,"_":"65 more keys: [\"cacheDir\",\"port\",\"requestedCapabilities\",\"automationProtocol\",\"baseUrl\",\"waitforInterval\",\"waitforTimeout\",\"onReload\",\"beforeCommand\",\"afterCommand\",\"rootDir\",\"specs\",\"suites\",\"exclude\",\"groupLogsByTestSpec\",\"excludeDriverLogs\",\"bail\",\"framework\",\"reporters\",\"services\",\"maxInstances\",\"maxInstancesPerCapability\",\"injectGlobals\",\"filesToWatch\",\"execArgv\",\"runnerEnv\",\"runner\",\"shard\",\"specFileRetries\",\"specFileRetriesDelay\",\"specFileRetriesDeferred\",\"reporterSyncInterval\",\"reporterSyncTimeout\",\"cucumberFeaturesWithLineNumbers\",\"autoCompileOpts\",\"mochaOpts\",\"jasmineOpts\",\"cucumberOpts\",\"onPrepare\",\"onWorkerStart\",\"onWorkerEnd\",\"before\",\"beforeSession\",\"beforeSuite\",\"beforeHook\",\"beforeTest\",\"afterTest\",\"afterHook\",\"afterSuite\",\"afterSession\",\"after\",\"onComplete\",\"beforeAssertion\",\"afterAssertion\",\"beforeFeature\",\"beforeScenario\",\"beforeStep\",\"afterStep\",\"afterScenario\",\"afterFeature\",\"_\",\"suite\",\"$0\",\"ignoredWorkerServices\",\"wdi5\"]"}]}
COMMAND: POST /session/d06e4a31898e4cf5ae1f0dc562bb1a4d/execute/async - {"script":"<script> [21126 bytes]","args":[35000]}
RESULT: {"script":"<script> [21126 bytes]","args":[35000]}
COMMAND: POST /session/d06e4a31898e4cf5ae1f0dc562bb1a4d/execute/async - {"script":"<script> [1562 bytes]","args":[{"selector":{"controlType":"sap.ui.core.Icon","viewName":"etm.portal.ui.managecontracts.view.Master","properties":{"src":{"regex":{"source":"slim\\-arrow\\-down"}}},"ancestor":{"id":"smartContractStatusFilter","viewName":"etm.portal.ui.managecontracts.view.Master"}},"wdio_ui5_key":"etmportal.ui.managecontracts.view.Mastersap.ui.core.Icon{\"src\":{\"regex\":{\"source\":\"slim\\\\-arrow\\\\-down\"}}}{\"id\":\"smartContractStatusFilter\",\"viewName\":\"etm.portal.ui.managecontracts.view.Master\"}"}]}
RESULT: {"script":"<script> [1562 bytes]","args":[{"selector":{"controlType":"sap.ui.core.Icon","viewName":"etm.portal.ui.managecontracts.view.Master","properties":{"src":{"regex":{"source":"slim\\-arrow\\-down"}}},"ancestor":{"id":"smartContractStatusFilter","viewName":"etm.portal.ui.managecontracts.view.Master"}},"wdio_ui5_key":"etmportal.ui.managecontracts.view.Mastersap.ui.core.Icon{\"src\":{\"regex\":{\"source\":\"slim\\\\-arrow\\\\-down\"}}}{\"id\":\"smartContractStatusFilter\",\"viewName\":\"etm.portal.ui.managecontracts.view.Master\"}"}]}
RESULT: undefined
COMMAND: POST /session/d06e4a31898e4cf5ae1f0dc562bb1a4d/element - {"using":"xpath","value":"//*[@id=\"__xmlview0--smartContractStatusFilter-arrow\"]"}
RESULT: {"using":"xpath","value":"//*[@id=\"__xmlview0--smartContractStatusFilter-arrow\"]"}
COMMAND: POST /session/d06e4a31898e4cf5ae1f0dc562bb1a4d/element/f.FF7867651CD8E469CE707B8552024CE8.d.89EE87E4C3C34E13E0BC4C9D13442F4A.e.8258/click - {}
RESULT: {}
COMMAND: GET /session/d06e4a31898e4cf5ae1f0dc562bb1a4d/screenshot - {}
RESULT: {}
COMMAND: POST /session/d06e4a31898e4cf5ae1f0dc562bb1a4d/execute/async - {"script":"<script> [1562 bytes]","args":[{"selector":{"controlType":"sap.m.CheckBox","viewName":"etm.portal.ui.managecontracts.view.Master","properties":{"editable":true},"searchOpenDialogs":true,"ancestor":{"controlType":"sap.m.StandardListItem","viewName":"etm.portal.ui.managecontracts.view.Master","properties":{"title":"partial billed"},"searchOpenDialogs":true},"interaction":{"idSuffix":"CbBg"}},"wdio_ui5_key":"etmportal.ui.managecontracts.view.Mastersap.m.CheckBox{\"editable\":true}{\"controlType\":\"sap.m.StandardListItem\",\"viewName\":\"etm.portal.ui.managecontracts.view.Master\",\"properties\":{\"title\":\"partial billed\"},\"searchOpenDialogs\":true}"}]}
RESULT: {"script":"<script> [1562 bytes]","args":[{"selector":{"controlType":"sap.m.CheckBox","viewName":"etm.portal.ui.managecontracts.view.Master","properties":{"editable":true},"searchOpenDialogs":true,"ancestor":{"controlType":"sap.m.StandardListItem","viewName":"etm.portal.ui.managecontracts.view.Master","properties":{"title":"partial billed"},"searchOpenDialogs":true},"interaction":{"idSuffix":"CbBg"}},"wdio_ui5_key":"etmportal.ui.managecontracts.view.Mastersap.m.CheckBox{\"editable\":true}{\"controlType\":\"sap.m.StandardListItem\",\"viewName\":\"etm.portal.ui.managecontracts.view.Master\",\"properties\":{\"title\":\"partial billed\"},\"searchOpenDialogs\":true}"}]}
RESULT: undefined
COMMAND: POST /session/d06e4a31898e4cf5ae1f0dc562bb1a4d/element - {"using":"xpath","value":"//*[@id=\"__item41-selectMulti\"]"}
RESULT: {"using":"xpath","value":"//*[@id=\"__item41-selectMulti\"]"}
COMMAND: POST /session/d06e4a31898e4cf5ae1f0dc562bb1a4d/element/f.FF7867651CD8E469CE707B8552024CE8.d.89EE87E4C3C34E13E0BC4C9D13442F4A.e.8267/click - {}
RESULT: {}
COMMAND: GET /session/d06e4a31898e4cf5ae1f0dc562bb1a4d/screenshot - {}
RESULT: {}
COMMAND: POST /session/d06e4a31898e4cf5ae1f0dc562bb1a4d/element - {"using":"xpath","value":"(//span[contains(@title ,\"Navigation\")])[2]"}
RESULT: {"using":"xpath","value":"(//span[contains(@title ,\"Navigation\")])[2]"}
COMMAND: POST /session/d06e4a31898e4cf5ae1f0dc562bb1a4d/element/f.FF7867651CD8E469CE707B8552024CE8.d.89EE87E4C3C34E13E0BC4C9D13442F4A.e.8302/click - {}
RESULT: {}
COMMAND: GET /session/d06e4a31898e4cf5ae1f0dc562bb1a4d/screenshot - {}
RESULT: {}
COMMAND: POST /session/d06e4a31898e4cf5ae1f0dc562bb1a4d/execute/sync - {"script":"<script> [8489 bytes]","args":[{"element-6066-11e4-a52e-4f735466cecf":"f.FF7867651CD8E469CE707B8552024CE8.d.0CAB3CF5FFBD0B808D68E46538BBE24F.e.8070","ELEMENT":"f.FF7867651CD8E469CE707B8552024CE8.d.0CAB3CF5FFBD0B808D68E46538BBE24F.e.8070"}]}
COMMAND: POST /session/d06e4a31898e4cf5ae1f0dc562bb1a4d/element - {"using":"css selector","value":"#shell-header-logo"}
COMMAND: POST /session/d06e4a31898e4cf5ae1f0dc562bb1a4d/element - {"using":"xpath","value":"//bdi[contains(@id ,\"closeContractBtn-BDI-content\")]"}
RESULT: {"using":"css selector","value":"#shell-header-logo"}
COMMAND: POST /session/d06e4a31898e4cf5ae1f0dc562bb1a4d/element/f.FF7867651CD8E469CE707B8552024CE8.d.89EE87E4C3C34E13E0BC4C9D13442F4A.e.8215/click - {}
RESULT: {"using":"xpath","value":"//bdi[contains(@id ,\"closeContractBtn-BDI-content\")]"}
COMMAND: POST /session/d06e4a31898e4cf5ae1f0dc562bb1a4d/element - {"using":"xpath","value":"//bdi[contains(@id ,\"closeContractBtn-BDI-content\")]"}
RESULT: {}
COMMAND: GET /session/d06e4a31898e4cf5ae1f0dc562bb1a4d/screenshot - {}
RESULT: {"using":"xpath","value":"//bdi[contains(@id ,\"closeContractBtn-BDI-content\")]"}
RESULT: {}
]]></system-out>
    </testcase>
  </testsuite>
  <testsuite timestamp="2025-05-17T18:11:02" time="49.207" tests="1" failures="0" errors="0" skipped="0">
    <properties>
      <property name="specId" value="0" />
      <property name="suiteName" value="Standard contract decline US151279" />
      <property name="capabilities" value="chrome.136_0_7103_93.windows" />
      <property name="file" value="file:///D:/a/1/s/test/specs/R2C/standard-contract-decline.spec.js" />
    </properties>
    <testcase classname="chrome.136_0_7103_93.windows.Standard_contract_decline_US151279" name="Should decline a contract" time="45.946">
      <system-out><![CDATA[
COMMAND: POST /session/d06e4a31898e4cf5ae1f0dc562bb1a4d/execute/async - {"script":"<script> [1562 bytes]","args":[{"selector":{"controlType":"sap.m.GenericTile","properties":{"header":"Manage Contracts"}},"wdio_ui5_key":"sapm.GenericTile{\"header\":\"Manage Contracts\"}"}]}
RESULT: {"script":"<script> [1562 bytes]","args":[{"selector":{"controlType":"sap.m.GenericTile","properties":{"header":"Manage Contracts"}},"wdio_ui5_key":"sapm.GenericTile{\"header\":\"Manage Contracts\"}"}]}
RESULT: undefined
COMMAND: POST /session/d06e4a31898e4cf5ae1f0dc562bb1a4d/element - {"using":"xpath","value":"//*[@id=\"__tile130\"]"}
RESULT: {"using":"xpath","value":"//*[@id=\"__tile130\"]"}
COMMAND: POST /session/d06e4a31898e4cf5ae1f0dc562bb1a4d/element/f.FF7867651CD8E469CE707B8552024CE8.d.89EE87E4C3C34E13E0BC4C9D13442F4A.e.8632/click - {}
RESULT: {}
COMMAND: GET /session/d06e4a31898e4cf5ae1f0dc562bb1a4d/screenshot - {}
RESULT: {}
COMMAND: POST /session/d06e4a31898e4cf5ae1f0dc562bb1a4d/element - {"using":"xpath","value":"//input[contains(@id ,\"smartContractFilterBar-btnBasicSearch-I\")]"}
RESULT: {"using":"xpath","value":"//input[contains(@id ,\"smartContractFilterBar-btnBasicSearch-I\")]"}
COMMAND: POST /session/d06e4a31898e4cf5ae1f0dc562bb1a4d/element/f.FF7867651CD8E469CE707B8552024CE8.d.89EE87E4C3C34E13E0BC4C9D13442F4A.e.8638/clear - {}
RESULT: {}
COMMAND: POST /session/d06e4a31898e4cf5ae1f0dc562bb1a4d/element/f.FF7867651CD8E469CE707B8552024CE8.d.89EE87E4C3C34E13E0BC4C9D13442F4A.e.8638/value - {"text":"10342"}
COMMAND: GET /session/d06e4a31898e4cf5ae1f0dc562bb1a4d/screenshot - {}
RESULT: {"text":"10342"}
COMMAND: POST /session/d06e4a31898e4cf5ae1f0dc562bb1a4d/actions - {"actions":[{"id":"action43","type":"key","parameters":{},"actions":[{"type":"keyDown","value":"î€‡"},{"type":"pause","duration":10},{"type":"keyUp","value":"î€‡"}]}]}
COMMAND: GET /session/d06e4a31898e4cf5ae1f0dc562bb1a4d/screenshot - {}
RESULT: {}
RESULT: {"actions":[{"id":"action43","type":"key","parameters":{},"actions":[{"type":"keyDown","value":"î€‡"},{"type":"pause","duration":10},{"type":"keyUp","value":"î€‡"}]}]}
COMMAND: GET /session/d06e4a31898e4cf5ae1f0dc562bb1a4d/screenshot - {}
COMMAND: POST /session/d06e4a31898e4cf5ae1f0dc562bb1a4d/elements - {"using":"xpath","value":"//span[text()='Error']"}
RESULT: {}
RESULT: {}
RESULT: {"using":"xpath","value":"//span[text()='Error']"}
COMMAND: POST /session/d06e4a31898e4cf5ae1f0dc562bb1a4d/execute/async - {"script":"<script> [1562 bytes]","args":[{"selector":{"controlType":"sap.ui.core.Icon","viewName":"etm.portal.ui.managecontracts.view.Master","properties":{"src":{"regex":{"source":"slim\\-arrow\\-right"}}}},"wdio_ui5_key":"etmportal.ui.managecontracts.view.Mastersap.ui.core.Icon{\"src\":{\"regex\":{\"source\":\"slim\\\\-arrow\\\\-right\"}}}"}]}
RESULT: {"script":"<script> [1562 bytes]","args":[{"selector":{"controlType":"sap.ui.core.Icon","viewName":"etm.portal.ui.managecontracts.view.Master","properties":{"src":{"regex":{"source":"slim\\-arrow\\-right"}}}},"wdio_ui5_key":"etmportal.ui.managecontracts.view.Mastersap.ui.core.Icon{\"src\":{\"regex\":{\"source\":\"slim\\\\-arrow\\\\-right\"}}}"}]}
RESULT: undefined
COMMAND: POST /session/d06e4a31898e4cf5ae1f0dc562bb1a4d/element - {"using":"xpath","value":"//*[@id=\"__item77-__clone200-imgNav\"]"}
RESULT: {"using":"xpath","value":"//*[@id=\"__item77-__clone200-imgNav\"]"}
COMMAND: POST /session/d06e4a31898e4cf5ae1f0dc562bb1a4d/element/f.FF7867651CD8E469CE707B8552024CE8.d.89EE87E4C3C34E13E0BC4C9D13442F4A.e.8735/click - {}
RESULT: {}
COMMAND: GET /session/d06e4a31898e4cf5ae1f0dc562bb1a4d/screenshot - {}
RESULT: {}
COMMAND: POST /session/d06e4a31898e4cf5ae1f0dc562bb1a4d/execute/async - {"script":"<script> [1562 bytes]","args":[{"selector":{"id":"cancelContractBtn","viewName":"etm.portal.ui.managecontracts.view.Detail","interaction":{"idSuffix":"BDI-content"}},"wdio_ui5_key":"cancelContractBtnetmportal.ui.managecontracts.view.Detail"}]}
RESULT: {"script":"<script> [1562 bytes]","args":[{"selector":{"id":"cancelContractBtn","viewName":"etm.portal.ui.managecontracts.view.Detail","interaction":{"idSuffix":"BDI-content"}},"wdio_ui5_key":"cancelContractBtnetmportal.ui.managecontracts.view.Detail"}]}
RESULT: undefined
COMMAND: POST /session/d06e4a31898e4cf5ae1f0dc562bb1a4d/element - {"using":"xpath","value":"//*[@id=\"__xmlview61--cancelContractBtn\"]"}
RESULT: {"using":"xpath","value":"//*[@id=\"__xmlview61--cancelContractBtn\"]"}
COMMAND: POST /session/d06e4a31898e4cf5ae1f0dc562bb1a4d/element/f.FF7867651CD8E469CE707B8552024CE8.d.89EE87E4C3C34E13E0BC4C9D13442F4A.e.8865/click - {}
RESULT: {}
COMMAND: GET /session/d06e4a31898e4cf5ae1f0dc562bb1a4d/screenshot - {}
RESULT: {}
COMMAND: POST /session/d06e4a31898e4cf5ae1f0dc562bb1a4d/execute/async - {"script":"<script> [1562 bytes]","args":[{"selector":{"controlType":"sap.m.Text","properties":{"text":"Do you want to cancel the whole contract?"},"searchOpenDialogs":true},"wdio_ui5_key":"sapm.Text{\"text\":\"Do you want to cancel the whole contract?\"}"}]}
RESULT: {"script":"<script> [1562 bytes]","args":[{"selector":{"controlType":"sap.m.Text","properties":{"text":"Do you want to cancel the whole contract?"},"searchOpenDialogs":true},"wdio_ui5_key":"sapm.Text{\"text\":\"Do you want to cancel the whole contract?\"}"}]}
RESULT: undefined
COMMAND: POST /session/d06e4a31898e4cf5ae1f0dc562bb1a4d/execute/async - {"script":"<script> [6424 bytes]","args":[{"element-6066-11e4-a52e-4f735466cecf":"f.FF7867651CD8E469CE707B8552024CE8.d.89EE87E4C3C34E13E0BC4C9D13442F4A.e.8900"},"getText",[]]}
RESULT: {"script":"<script> [6424 bytes]","args":[{"element-6066-11e4-a52e-4f735466cecf":"f.FF7867651CD8E469CE707B8552024CE8.d.89EE87E4C3C34E13E0BC4C9D13442F4A.e.8900"},"getText",[]]}
COMMAND: POST /session/d06e4a31898e4cf5ae1f0dc562bb1a4d/element - {"using":"xpath","value":"//bdi[contains(text(), \"OK\")]"}
RESULT: {"using":"xpath","value":"//bdi[contains(text(), \"OK\")]"}
COMMAND: POST /session/d06e4a31898e4cf5ae1f0dc562bb1a4d/element/f.FF7867651CD8E469CE707B8552024CE8.d.89EE87E4C3C34E13E0BC4C9D13442F4A.e.8901/click - {}
RESULT: {}
COMMAND: GET /session/d06e4a31898e4cf5ae1f0dc562bb1a4d/screenshot - {}
RESULT: {}
COMMAND: POST /session/d06e4a31898e4cf5ae1f0dc562bb1a4d/element - {"using":"xpath","value":"//input[contains(@id ,\"smartContractFilterBar-btnBasicSearch-I\")]"}
RESULT: {"using":"xpath","value":"//input[contains(@id ,\"smartContractFilterBar-btnBasicSearch-I\")]"}
COMMAND: POST /session/d06e4a31898e4cf5ae1f0dc562bb1a4d/element/f.FF7867651CD8E469CE707B8552024CE8.d.89EE87E4C3C34E13E0BC4C9D13442F4A.e.8638/clear - {}
RESULT: {}
COMMAND: POST /session/d06e4a31898e4cf5ae1f0dc562bb1a4d/element/f.FF7867651CD8E469CE707B8552024CE8.d.89EE87E4C3C34E13E0BC4C9D13442F4A.e.8638/value - {"text":"10342"}
COMMAND: GET /session/d06e4a31898e4cf5ae1f0dc562bb1a4d/screenshot - {}
RESULT: {"text":"10342"}
COMMAND: POST /session/d06e4a31898e4cf5ae1f0dc562bb1a4d/actions - {"actions":[{"id":"action44","type":"key","parameters":{},"actions":[{"type":"keyDown","value":"î€‡"},{"type":"pause","duration":10},{"type":"keyUp","value":"î€‡"}]}]}
COMMAND: GET /session/d06e4a31898e4cf5ae1f0dc562bb1a4d/screenshot - {}
RESULT: {}
RESULT: {"actions":[{"id":"action44","type":"key","parameters":{},"actions":[{"type":"keyDown","value":"î€‡"},{"type":"pause","duration":10},{"type":"keyUp","value":"î€‡"}]}]}
COMMAND: GET /session/d06e4a31898e4cf5ae1f0dc562bb1a4d/screenshot - {}
RESULT: {}
RESULT: {}
COMMAND: POST /session/d06e4a31898e4cf5ae1f0dc562bb1a4d/execute/async - {"script":"<script> [1562 bytes]","args":[{"selector":{"controlType":"sap.m.ObjectStatus","viewName":"etm.portal.ui.managecontracts.view.Master","bindingPath":{"path":"/SmartContractHeaders('10342')","propertyPath":"STATUS_DESCRIPTION"}},"wdio_ui5_key":"etmportal.ui.managecontracts.view.Mastersap.m.ObjectStatus{\"path\":\"/SmartContractHeaders('10342')\",\"propertyPath\":\"STATUS_DESCRIPTION\"}"}]}
RESULT: {"script":"<script> [1562 bytes]","args":[{"selector":{"controlType":"sap.m.ObjectStatus","viewName":"etm.portal.ui.managecontracts.view.Master","bindingPath":{"path":"/SmartContractHeaders('10342')","propertyPath":"STATUS_DESCRIPTION"}},"wdio_ui5_key":"etmportal.ui.managecontracts.view.Mastersap.m.ObjectStatus{\"path\":\"/SmartContractHeaders('10342')\",\"propertyPath\":\"STATUS_DESCRIPTION\"}"}]}
RESULT: undefined
COMMAND: POST /session/d06e4a31898e4cf5ae1f0dc562bb1a4d/execute/async - {"script":"<script> [6424 bytes]","args":[{"element-6066-11e4-a52e-4f735466cecf":"f.FF7867651CD8E469CE707B8552024CE8.d.89EE87E4C3C34E13E0BC4C9D13442F4A.e.8961"},"getText",[]]}
RESULT: {"script":"<script> [6424 bytes]","args":[{"element-6066-11e4-a52e-4f735466cecf":"f.FF7867651CD8E469CE707B8552024CE8.d.89EE87E4C3C34E13E0BC4C9D13442F4A.e.8961"},"getText",[]]}
RESULT: undefined
COMMAND: POST /session/d06e4a31898e4cf5ae1f0dc562bb1a4d/element - {"using":"xpath","value":"//*[@id=\"__item77-__clone200-imgNav\"]"}
RESULT: {"using":"xpath","value":"//*[@id=\"__item77-__clone200-imgNav\"]"}
COMMAND: POST /session/d06e4a31898e4cf5ae1f0dc562bb1a4d/element/f.FF7867651CD8E469CE707B8552024CE8.d.89EE87E4C3C34E13E0BC4C9D13442F4A.e.8735/click - {}
RESULT: {}
COMMAND: GET /session/d06e4a31898e4cf5ae1f0dc562bb1a4d/screenshot - {}
RESULT: {}
COMMAND: POST /session/d06e4a31898e4cf5ae1f0dc562bb1a4d/execute/async - {"script":"<script> [1562 bytes]","args":[{"selector":{"controlType":"sap.m.ObjectStatus","viewName":"etm.portal.ui.managecontracts.view.Detail","bindingPath":{"path":"/SmartContractItems(CONTRACT='10342',ITEM=10m,SUB_ITEM=0m)","propertyPath":"STATUS"}},"wdio_ui5_key":"etmportal.ui.managecontracts.view.Detailsap.m.ObjectStatus{\"path\":\"/SmartContractItems(CONTRACT='10342',ITEM=10m,SUB_ITEM=0m)\",\"propertyPath\":\"STATUS\"}"}]}
RESULT: {"script":"<script> [1562 bytes]","args":[{"selector":{"controlType":"sap.m.ObjectStatus","viewName":"etm.portal.ui.managecontracts.view.Detail","bindingPath":{"path":"/SmartContractItems(CONTRACT='10342',ITEM=10m,SUB_ITEM=0m)","propertyPath":"STATUS"}},"wdio_ui5_key":"etmportal.ui.managecontracts.view.Detailsap.m.ObjectStatus{\"path\":\"/SmartContractItems(CONTRACT='10342',ITEM=10m,SUB_ITEM=0m)\",\"propertyPath\":\"STATUS\"}"}]}
RESULT: undefined
COMMAND: POST /session/d06e4a31898e4cf5ae1f0dc562bb1a4d/execute/async - {"script":"<script> [6424 bytes]","args":[{"element-6066-11e4-a52e-4f735466cecf":"f.FF7867651CD8E469CE707B8552024CE8.d.89EE87E4C3C34E13E0BC4C9D13442F4A.e.8982"},"getText",[]]}
RESULT: {"script":"<script> [6424 bytes]","args":[{"element-6066-11e4-a52e-4f735466cecf":"f.FF7867651CD8E469CE707B8552024CE8.d.89EE87E4C3C34E13E0BC4C9D13442F4A.e.8982"},"getText",[]]}
COMMAND: POST /session/d06e4a31898e4cf5ae1f0dc562bb1a4d/element - {"using":"css selector","value":"#shell-header-logo"}
RESULT: {"using":"css selector","value":"#shell-header-logo"}
COMMAND: POST /session/d06e4a31898e4cf5ae1f0dc562bb1a4d/element/f.FF7867651CD8E469CE707B8552024CE8.d.89EE87E4C3C34E13E0BC4C9D13442F4A.e.8634/click - {}
RESULT: {}
COMMAND: GET /session/d06e4a31898e4cf5ae1f0dc562bb1a4d/screenshot - {}
RESULT: {}
]]></system-out>
    </testcase>
  </testsuite>
  <testsuite timestamp="2025-05-17T18:11:51" time="173.443" tests="2" failures="0" errors="0" skipped="0">
    <properties>
      <property name="specId" value="0" />
      <property name="suiteName" value="Insert service into a contract US152956" />
      <property name="capabilities" value="chrome.136_0_7103_93.windows" />
      <property name="file" value="file:///D:/a/1/s/test/specs/R2C/insert-service-into-a-contract.spec.js" />
    </properties>
    <testcase classname="chrome.136_0_7103_93.windows.Insert_service_into_a_contract_US152956" name="Should create a new contract" time="90.473">
      <system-out><![CDATA[
RESULT: undefined
COMMAND: POST /session/d06e4a31898e4cf5ae1f0dc562bb1a4d/element - {"using":"xpath","value":"//*[@id=\"__tile130\"]"}
RESULT: {"using":"xpath","value":"//*[@id=\"__tile130\"]"}
COMMAND: POST /session/d06e4a31898e4cf5ae1f0dc562bb1a4d/element/f.FF7867651CD8E469CE707B8552024CE8.d.89EE87E4C3C34E13E0BC4C9D13442F4A.e.8632/click - {}
RESULT: {}
COMMAND: GET /session/d06e4a31898e4cf5ae1f0dc562bb1a4d/screenshot - {}
RESULT: {}
COMMAND: POST /session/d06e4a31898e4cf5ae1f0dc562bb1a4d/elements - {"using":"xpath","value":"//span[text()='Error']"}
RESULT: {"using":"xpath","value":"//span[text()='Error']"}
COMMAND: POST /session/d06e4a31898e4cf5ae1f0dc562bb1a4d/element - {"using":"xpath","value":"//button[@data-kt=\"addButton\"]"}
RESULT: {"using":"xpath","value":"//button[@data-kt=\"addButton\"]"}
COMMAND: POST /session/d06e4a31898e4cf5ae1f0dc562bb1a4d/element/f.FF7867651CD8E469CE707B8552024CE8.d.89EE87E4C3C34E13E0BC4C9D13442F4A.e.9036/click - {}
RESULT: {}
COMMAND: GET /session/d06e4a31898e4cf5ae1f0dc562bb1a4d/screenshot - {}
RESULT: {}
COMMAND: POST /session/d06e4a31898e4cf5ae1f0dc562bb1a4d/execute/async - {"script":"<script> [1562 bytes]","args":[{"selector":{"id":"application-managecontracts-display-component---AddNewContract--projectDescription","interaction":{"idSuffix":"inner"}},"wdio_ui5_key":"applicationmanagecontracts-display-component---AddNewContract--projectDescription"}]}
RESULT: {"script":"<script> [1562 bytes]","args":[{"selector":{"id":"application-managecontracts-display-component---AddNewContract--projectDescription","interaction":{"idSuffix":"inner"}},"wdio_ui5_key":"applicationmanagecontracts-display-component---AddNewContract--projectDescription"}]}
RESULT: undefined
COMMAND: POST /session/d06e4a31898e4cf5ae1f0dc562bb1a4d/execute/async - {"script":"<script> [776 bytes]","args":[{"enterText":"WdIOR2c7p5ryk","selector":{"id":"application-managecontracts-display-component---AddNewContract--projectDescription","interaction":{"idSuffix":"inner"}},"clearTextFirst":true,"interactionType":"ENTER_TEXT"}]}
RESULT: {"script":"<script> [776 bytes]","args":[{"enterText":"WdIOR2c7p5ryk","selector":{"id":"application-managecontracts-display-component---AddNewContract--projectDescription","interaction":{"idSuffix":"inner"}},"clearTextFirst":true,"interactionType":"ENTER_TEXT"}]}
COMMAND: POST /session/d06e4a31898e4cf5ae1f0dc562bb1a4d/element - {"using":"xpath","value":"//input[@id=\"application-managecontracts-display-component---AddNewContract--yardId-inner\"]"}
RESULT: {"using":"xpath","value":"//input[@id=\"application-managecontracts-display-component---AddNewContract--yardId-inner\"]"}
COMMAND: POST /session/d06e4a31898e4cf5ae1f0dc562bb1a4d/element/f.FF7867651CD8E469CE707B8552024CE8.d.89EE87E4C3C34E13E0BC4C9D13442F4A.e.9335/clear - {}
RESULT: {}
COMMAND: POST /session/d06e4a31898e4cf5ae1f0dc562bb1a4d/element/f.FF7867651CD8E469CE707B8552024CE8.d.89EE87E4C3C34E13E0BC4C9D13442F4A.e.9335/value - {"text":"WebdriverYardgx1k1"}
COMMAND: GET /session/d06e4a31898e4cf5ae1f0dc562bb1a4d/screenshot - {}
RESULT: {"text":"WebdriverYardgx1k1"}
COMMAND: GET /session/d06e4a31898e4cf5ae1f0dc562bb1a4d/screenshot - {}
RESULT: {}
RESULT: {}
COMMAND: POST /session/d06e4a31898e4cf5ae1f0dc562bb1a4d/actions - {"actions":[{"id":"action45","type":"key","parameters":{},"actions":[{"type":"keyDown","value":"î€‡"},{"type":"pause","duration":10},{"type":"keyUp","value":"î€‡"}]}]}
RESULT: {"actions":[{"id":"action45","type":"key","parameters":{},"actions":[{"type":"keyDown","value":"î€‡"},{"type":"pause","duration":10},{"type":"keyUp","value":"î€‡"}]}]}
COMMAND: GET /session/d06e4a31898e4cf5ae1f0dc562bb1a4d/screenshot - {}
RESULT: {}
COMMAND: POST /session/d06e4a31898e4cf5ae1f0dc562bb1a4d/element - {"using":"xpath","value":"//input[@id=\"application-managecontracts-display-component---AddNewContract--customerSelect-inner\"]"}
RESULT: {"using":"xpath","value":"//input[@id=\"application-managecontracts-display-component---AddNewContract--customerSelect-inner\"]"}
COMMAND: POST /session/d06e4a31898e4cf5ae1f0dc562bb1a4d/element/f.FF7867651CD8E469CE707B8552024CE8.d.89EE87E4C3C34E13E0BC4C9D13442F4A.e.9333/clear - {}
RESULT: {}
COMMAND: POST /session/d06e4a31898e4cf5ae1f0dc562bb1a4d/element/f.FF7867651CD8E469CE707B8552024CE8.d.89EE87E4C3C34E13E0BC4C9D13442F4A.e.9333/value - {"text":"WebdriverPartnerg12w9"}
COMMAND: GET /session/d06e4a31898e4cf5ae1f0dc562bb1a4d/screenshot - {}
RESULT: {"text":"WebdriverPartnerg12w9"}
COMMAND: GET /session/d06e4a31898e4cf5ae1f0dc562bb1a4d/screenshot - {}
RESULT: {}
RESULT: {}
COMMAND: POST /session/d06e4a31898e4cf5ae1f0dc562bb1a4d/actions - {"actions":[{"id":"action46","type":"key","parameters":{},"actions":[{"type":"keyDown","value":"î€‡"},{"type":"pause","duration":10},{"type":"keyUp","value":"î€‡"}]}]}
RESULT: {"actions":[{"id":"action46","type":"key","parameters":{},"actions":[{"type":"keyDown","value":"î€‡"},{"type":"pause","duration":10},{"type":"keyUp","value":"î€‡"}]}]}
COMMAND: GET /session/d06e4a31898e4cf5ae1f0dc562bb1a4d/screenshot - {}
RESULT: {}
COMMAND: POST /session/d06e4a31898e4cf5ae1f0dc562bb1a4d/element - {"using":"xpath","value":"//input[@id=\"application-managecontracts-display-component---AddNewContract--site-inner\"]"}
RESULT: {"using":"xpath","value":"//input[@id=\"application-managecontracts-display-component---AddNewContract--site-inner\"]"}
COMMAND: POST /session/d06e4a31898e4cf5ae1f0dc562bb1a4d/element/f.FF7867651CD8E469CE707B8552024CE8.d.89EE87E4C3C34E13E0BC4C9D13442F4A.e.9334/clear - {}
RESULT: {}
COMMAND: POST /session/d06e4a31898e4cf5ae1f0dc562bb1a4d/element/f.FF7867651CD8E469CE707B8552024CE8.d.89EE87E4C3C34E13E0BC4C9D13442F4A.e.9334/value - {"text":"WebdriverSiteuf6hi"}
COMMAND: GET /session/d06e4a31898e4cf5ae1f0dc562bb1a4d/screenshot - {}
RESULT: {"text":"WebdriverSiteuf6hi"}
COMMAND: GET /session/d06e4a31898e4cf5ae1f0dc562bb1a4d/screenshot - {}
RESULT: {}
RESULT: {}
COMMAND: POST /session/d06e4a31898e4cf5ae1f0dc562bb1a4d/actions - {"actions":[{"id":"action47","type":"key","parameters":{},"actions":[{"type":"keyDown","value":"î€‡"},{"type":"pause","duration":10},{"type":"keyUp","value":"î€‡"}]}]}
RESULT: {"actions":[{"id":"action47","type":"key","parameters":{},"actions":[{"type":"keyDown","value":"î€‡"},{"type":"pause","duration":10},{"type":"keyUp","value":"î€‡"}]}]}
COMMAND: GET /session/d06e4a31898e4cf5ae1f0dc562bb1a4d/screenshot - {}
RESULT: {}
COMMAND: POST /session/d06e4a31898e4cf5ae1f0dc562bb1a4d/element - {"using":"xpath","value":"//button[@data-kt=\"saveButton\"]"}
RESULT: {"using":"xpath","value":"//button[@data-kt=\"saveButton\"]"}
COMMAND: POST /session/d06e4a31898e4cf5ae1f0dc562bb1a4d/element/f.FF7867651CD8E469CE707B8552024CE8.d.89EE87E4C3C34E13E0BC4C9D13442F4A.e.9368/click - {}
RESULT: {}
COMMAND: GET /session/d06e4a31898e4cf5ae1f0dc562bb1a4d/screenshot - {}
RESULT: {}
COMMAND: POST /session/d06e4a31898e4cf5ae1f0dc562bb1a4d/execute/async - {"script":"<script> [1562 bytes]","args":[{"selector":{"id":"contractDetailTitleNoExpanded","viewName":"etm.portal.ui.managecontracts.view.Detail"},"wdio_ui5_key":"contractDetailTitleNoExpandedetmportal.ui.managecontracts.view.Detail"}]}
RESULT: {"script":"<script> [1562 bytes]","args":[{"selector":{"id":"contractDetailTitleNoExpanded","viewName":"etm.portal.ui.managecontracts.view.Detail"},"wdio_ui5_key":"contractDetailTitleNoExpandedetmportal.ui.managecontracts.view.Detail"}]}
RESULT: undefined
COMMAND: POST /session/d06e4a31898e4cf5ae1f0dc562bb1a4d/execute/async - {"script":"<script> [6424 bytes]","args":[{"element-6066-11e4-a52e-4f735466cecf":"f.FF7867651CD8E469CE707B8552024CE8.d.89EE87E4C3C34E13E0BC4C9D13442F4A.e.9441"},"getText",[]]}
RESULT: {"script":"<script> [6424 bytes]","args":[{"element-6066-11e4-a52e-4f735466cecf":"f.FF7867651CD8E469CE707B8552024CE8.d.89EE87E4C3C34E13E0BC4C9D13442F4A.e.9441"},"getText",[]]}
]]></system-out>
    </testcase>
    <testcase classname="chrome.136_0_7103_93.windows.Insert_service_into_a_contract_US152956" name="Should add a service unit and a service group to the contract" time="79.192">
      <system-out><![CDATA[
COMMAND: POST /session/d06e4a31898e4cf5ae1f0dc562bb1a4d/element - {"using":"xpath","value":"//button[@data-kt=\"contractDetailEditBtnButton\"]"}
RESULT: {"using":"xpath","value":"//button[@data-kt=\"contractDetailEditBtnButton\"]"}
COMMAND: POST /session/d06e4a31898e4cf5ae1f0dc562bb1a4d/execute/sync - {"script":"<script> [8489 bytes]","args":[{"element-6066-11e4-a52e-4f735466cecf":"f.FF7867651CD8E469CE707B8552024CE8.d.89EE87E4C3C34E13E0BC4C9D13442F4A.e.9442","ELEMENT":"f.FF7867651CD8E469CE707B8552024CE8.d.89EE87E4C3C34E13E0BC4C9D13442F4A.e.9442"}]}
RESULT: {"script":"<script> [8489 bytes]","args":[{"element-6066-11e4-a52e-4f735466cecf":"f.FF7867651CD8E469CE707B8552024CE8.d.89EE87E4C3C34E13E0BC4C9D13442F4A.e.9442","ELEMENT":"f.FF7867651CD8E469CE707B8552024CE8.d.89EE87E4C3C34E13E0BC4C9D13442F4A.e.9442"}]}
COMMAND: POST /session/d06e4a31898e4cf5ae1f0dc562bb1a4d/execute/sync - {"script":"<script> [8489 bytes]","args":[{"element-6066-11e4-a52e-4f735466cecf":"f.FF7867651CD8E469CE707B8552024CE8.d.89EE87E4C3C34E13E0BC4C9D13442F4A.e.9442","ELEMENT":"f.FF7867651CD8E469CE707B8552024CE8.d.89EE87E4C3C34E13E0BC4C9D13442F4A.e.9442"}]}
COMMAND: GET /session/d06e4a31898e4cf5ae1f0dc562bb1a4d/screenshot - {}
RESULT: {"script":"<script> [8489 bytes]","args":[{"element-6066-11e4-a52e-4f735466cecf":"f.FF7867651CD8E469CE707B8552024CE8.d.89EE87E4C3C34E13E0BC4C9D13442F4A.e.9442","ELEMENT":"f.FF7867651CD8E469CE707B8552024CE8.d.89EE87E4C3C34E13E0BC4C9D13442F4A.e.9442"}]}
COMMAND: POST /session/d06e4a31898e4cf5ae1f0dc562bb1a4d/execute/sync - {"script":"<script> [5351 bytes]","args":[{"element-6066-11e4-a52e-4f735466cecf":"f.FF7867651CD8E469CE707B8552024CE8.d.89EE87E4C3C34E13E0BC4C9D13442F4A.e.9442","ELEMENT":"f.FF7867651CD8E469CE707B8552024CE8.d.89EE87E4C3C34E13E0BC4C9D13442F4A.e.9442"}]}
COMMAND: GET /session/d06e4a31898e4cf5ae1f0dc562bb1a4d/screenshot - {}
RESULT: {}
RESULT: {"script":"<script> [5351 bytes]","args":[{"element-6066-11e4-a52e-4f735466cecf":"f.FF7867651CD8E469CE707B8552024CE8.d.89EE87E4C3C34E13E0BC4C9D13442F4A.e.9442","ELEMENT":"f.FF7867651CD8E469CE707B8552024CE8.d.89EE87E4C3C34E13E0BC4C9D13442F4A.e.9442"}]}
COMMAND: POST /session/d06e4a31898e4cf5ae1f0dc562bb1a4d/element/f.FF7867651CD8E469CE707B8552024CE8.d.89EE87E4C3C34E13E0BC4C9D13442F4A.e.9442/click - {}
COMMAND: GET /session/d06e4a31898e4cf5ae1f0dc562bb1a4d/screenshot - {}
RESULT: {}
RESULT: {}
COMMAND: GET /session/d06e4a31898e4cf5ae1f0dc562bb1a4d/screenshot - {}
RESULT: {}
RESULT: {}
COMMAND: POST /session/d06e4a31898e4cf5ae1f0dc562bb1a4d/element - {"using":"xpath","value":"(//span[contains(text(), \"Additional Addresses\")])[2]"}
RESULT: {"using":"xpath","value":"(//span[contains(text(), \"Additional Addresses\")])[2]"}
COMMAND: POST /session/d06e4a31898e4cf5ae1f0dc562bb1a4d/element/f.FF7867651CD8E469CE707B8552024CE8.d.89EE87E4C3C34E13E0BC4C9D13442F4A.e.9497/click - {}
RESULT: {}
COMMAND: GET /session/d06e4a31898e4cf5ae1f0dc562bb1a4d/screenshot - {}
RESULT: {}
COMMAND: POST /session/d06e4a31898e4cf5ae1f0dc562bb1a4d/element - {"using":"xpath","value":"//button[@data-kt=\"btnAddTableRowOverflowToolbarButton\"]"}
RESULT: {"using":"xpath","value":"//button[@data-kt=\"btnAddTableRowOverflowToolbarButton\"]"}
COMMAND: POST /session/d06e4a31898e4cf5ae1f0dc562bb1a4d/element/f.FF7867651CD8E469CE707B8552024CE8.d.89EE87E4C3C34E13E0BC4C9D13442F4A.e.9501/click - {}
RESULT: {}
COMMAND: GET /session/d06e4a31898e4cf5ae1f0dc562bb1a4d/screenshot - {}
RESULT: {}
COMMAND: POST /session/d06e4a31898e4cf5ae1f0dc562bb1a4d/element - {"using":"xpath","value":"//div[(text() = 'Standard Entry' or . = 'Standard Entry')]"}
RESULT: {"using":"xpath","value":"//div[(text() = 'Standard Entry' or . = 'Standard Entry')]"}
COMMAND: POST /session/d06e4a31898e4cf5ae1f0dc562bb1a4d/element/f.FF7867651CD8E469CE707B8552024CE8.d.89EE87E4C3C34E13E0BC4C9D13442F4A.e.9503/click - {}
RESULT: {}
COMMAND: POST /session/d06e4a31898e4cf5ae1f0dc562bb1a4d/element - {"using":"xpath","value":"//button[@data-kt=\"btnAddTableRowOverflowToolbarButton\"]"}
COMMAND: GET /session/d06e4a31898e4cf5ae1f0dc562bb1a4d/screenshot - {}
RESULT: {"using":"xpath","value":"//button[@data-kt=\"btnAddTableRowOverflowToolbarButton\"]"}
COMMAND: POST /session/d06e4a31898e4cf5ae1f0dc562bb1a4d/element/f.FF7867651CD8E469CE707B8552024CE8.d.89EE87E4C3C34E13E0BC4C9D13442F4A.e.9501/click - {}
RESULT: {}
RESULT: {}
COMMAND: GET /session/d06e4a31898e4cf5ae1f0dc562bb1a4d/screenshot - {}
RESULT: {}
COMMAND: POST /session/d06e4a31898e4cf5ae1f0dc562bb1a4d/element - {"using":"xpath","value":"//div[(text() = 'Standard Entry' or . = 'Standard Entry')]"}
RESULT: {"using":"xpath","value":"//div[(text() = 'Standard Entry' or . = 'Standard Entry')]"}
COMMAND: POST /session/d06e4a31898e4cf5ae1f0dc562bb1a4d/element/f.FF7867651CD8E469CE707B8552024CE8.d.89EE87E4C3C34E13E0BC4C9D13442F4A.e.9515/click - {}
RESULT: {}
COMMAND: POST /session/d06e4a31898e4cf5ae1f0dc562bb1a4d/element - {"using":"xpath","value":"(//td[6]/div/div/input)[1]"}
COMMAND: GET /session/d06e4a31898e4cf5ae1f0dc562bb1a4d/screenshot - {}
RESULT: {"using":"xpath","value":"(//td[6]/div/div/input)[1]"}
COMMAND: POST /session/d06e4a31898e4cf5ae1f0dc562bb1a4d/element/f.FF7867651CD8E469CE707B8552024CE8.d.89EE87E4C3C34E13E0BC4C9D13442F4A.e.9517/click - {}
RESULT: {}
RESULT: {}
COMMAND: POST /session/d06e4a31898e4cf5ae1f0dc562bb1a4d/actions - {"actions":[{"id":"action48","type":"key","parameters":{},"actions":[{"type":"keyDown","value":"î€ƒ"},{"type":"pause","duration":10},{"type":"keyUp","value":"î€ƒ"}]}]}
COMMAND: GET /session/d06e4a31898e4cf5ae1f0dc562bb1a4d/screenshot - {}
RESULT: {"actions":[{"id":"action48","type":"key","parameters":{},"actions":[{"type":"keyDown","value":"î€ƒ"},{"type":"pause","duration":10},{"type":"keyUp","value":"î€ƒ"}]}]}
COMMAND: POST /session/d06e4a31898e4cf5ae1f0dc562bb1a4d/element - {"using":"xpath","value":"(//td[6]/div/div/input)[1]"}
COMMAND: GET /session/d06e4a31898e4cf5ae1f0dc562bb1a4d/screenshot - {}
RESULT: {}
RESULT: {"using":"xpath","value":"(//td[6]/div/div/input)[1]"}
COMMAND: POST /session/d06e4a31898e4cf5ae1f0dc562bb1a4d/element/f.FF7867651CD8E469CE707B8552024CE8.d.89EE87E4C3C34E13E0BC4C9D13442F4A.e.9517/clear - {}
RESULT: {}
RESULT: {}
COMMAND: POST /session/d06e4a31898e4cf5ae1f0dc562bb1a4d/element/f.FF7867651CD8E469CE707B8552024CE8.d.89EE87E4C3C34E13E0BC4C9D13442F4A.e.9517/value - {"text":"Service Unit"}
COMMAND: GET /session/d06e4a31898e4cf5ae1f0dc562bb1a4d/screenshot - {}
RESULT: {"text":"Service Unit"}
COMMAND: GET /session/d06e4a31898e4cf5ae1f0dc562bb1a4d/screenshot - {}
RESULT: {}
RESULT: {}
COMMAND: POST /session/d06e4a31898e4cf5ae1f0dc562bb1a4d/actions - {"actions":[{"id":"action49","type":"key","parameters":{},"actions":[{"type":"keyDown","value":"î€‡"},{"type":"pause","duration":10},{"type":"keyUp","value":"î€‡"}]}]}
RESULT: {"actions":[{"id":"action49","type":"key","parameters":{},"actions":[{"type":"keyDown","value":"î€‡"},{"type":"pause","duration":10},{"type":"keyUp","value":"î€‡"}]}]}
COMMAND: GET /session/d06e4a31898e4cf5ae1f0dc562bb1a4d/screenshot - {}
RESULT: {}
COMMAND: POST /session/d06e4a31898e4cf5ae1f0dc562bb1a4d/actions - {"actions":[{"id":"action50","type":"key","parameters":{},"actions":[{"type":"keyDown","value":"î€‡"},{"type":"pause","duration":10},{"type":"keyUp","value":"î€‡"}]}]}
RESULT: {"actions":[{"id":"action50","type":"key","parameters":{},"actions":[{"type":"keyDown","value":"î€‡"},{"type":"pause","duration":10},{"type":"keyUp","value":"î€‡"}]}]}
COMMAND: POST /session/d06e4a31898e4cf5ae1f0dc562bb1a4d/element - {"using":"xpath","value":"(//td[7]/div/div/input)[1]"}
COMMAND: GET /session/d06e4a31898e4cf5ae1f0dc562bb1a4d/screenshot - {}
RESULT: {"using":"xpath","value":"(//td[7]/div/div/input)[1]"}
COMMAND: POST /session/d06e4a31898e4cf5ae1f0dc562bb1a4d/element/f.FF7867651CD8E469CE707B8552024CE8.d.89EE87E4C3C34E13E0BC4C9D13442F4A.e.9533/clear - {}
RESULT: {}
RESULT: {}
COMMAND: POST /session/d06e4a31898e4cf5ae1f0dc562bb1a4d/element/f.FF7867651CD8E469CE707B8552024CE8.d.89EE87E4C3C34E13E0BC4C9D13442F4A.e.9533/value - {"text":"1000001"}
COMMAND: GET /session/d06e4a31898e4cf5ae1f0dc562bb1a4d/screenshot - {}
RESULT: {"text":"1000001"}
COMMAND: GET /session/d06e4a31898e4cf5ae1f0dc562bb1a4d/screenshot - {}
RESULT: {}
RESULT: {}
COMMAND: POST /session/d06e4a31898e4cf5ae1f0dc562bb1a4d/actions - {"actions":[{"id":"action51","type":"key","parameters":{},"actions":[{"type":"keyDown","value":"î€‡"},{"type":"pause","duration":10},{"type":"keyUp","value":"î€‡"}]}]}
RESULT: {"actions":[{"id":"action51","type":"key","parameters":{},"actions":[{"type":"keyDown","value":"î€‡"},{"type":"pause","duration":10},{"type":"keyUp","value":"î€‡"}]}]}
COMMAND: GET /session/d06e4a31898e4cf5ae1f0dc562bb1a4d/screenshot - {}
RESULT: {}
COMMAND: POST /session/d06e4a31898e4cf5ae1f0dc562bb1a4d/actions - {"actions":[{"id":"action52","type":"key","parameters":{},"actions":[{"type":"keyDown","value":"î€‡"},{"type":"pause","duration":10},{"type":"keyUp","value":"î€‡"}]}]}
RESULT: {"actions":[{"id":"action52","type":"key","parameters":{},"actions":[{"type":"keyDown","value":"î€‡"},{"type":"pause","duration":10},{"type":"keyUp","value":"î€‡"}]}]}
COMMAND: GET /session/d06e4a31898e4cf5ae1f0dc562bb1a4d/screenshot - {}
RESULT: {}
COMMAND: POST /session/d06e4a31898e4cf5ae1f0dc562bb1a4d/element - {"using":"xpath","value":"(//td[6]/div/div/input)[2]"}
RESULT: {"using":"xpath","value":"(//td[6]/div/div/input)[2]"}
COMMAND: POST /session/d06e4a31898e4cf5ae1f0dc562bb1a4d/element/f.FF7867651CD8E469CE707B8552024CE8.d.89EE87E4C3C34E13E0BC4C9D13442F4A.e.9505/click - {}
RESULT: {}
COMMAND: POST /session/d06e4a31898e4cf5ae1f0dc562bb1a4d/actions - {"actions":[{"id":"action53","type":"key","parameters":{},"actions":[{"type":"keyDown","value":"î€ƒ"},{"type":"pause","duration":10},{"type":"keyUp","value":"î€ƒ"}]}]}
COMMAND: GET /session/d06e4a31898e4cf5ae1f0dc562bb1a4d/screenshot - {}
RESULT: {"actions":[{"id":"action53","type":"key","parameters":{},"actions":[{"type":"keyDown","value":"î€ƒ"},{"type":"pause","duration":10},{"type":"keyUp","value":"î€ƒ"}]}]}
COMMAND: POST /session/d06e4a31898e4cf5ae1f0dc562bb1a4d/element - {"using":"xpath","value":"(//td[6]/div/div/input)[2]"}
COMMAND: GET /session/d06e4a31898e4cf5ae1f0dc562bb1a4d/screenshot - {}
RESULT: {}
RESULT: {"using":"xpath","value":"(//td[6]/div/div/input)[2]"}
COMMAND: POST /session/d06e4a31898e4cf5ae1f0dc562bb1a4d/element/f.FF7867651CD8E469CE707B8552024CE8.d.89EE87E4C3C34E13E0BC4C9D13442F4A.e.9505/clear - {}
RESULT: {}
RESULT: {}
COMMAND: POST /session/d06e4a31898e4cf5ae1f0dc562bb1a4d/element/f.FF7867651CD8E469CE707B8552024CE8.d.89EE87E4C3C34E13E0BC4C9D13442F4A.e.9505/value - {"text":"Service Unit Group"}
COMMAND: GET /session/d06e4a31898e4cf5ae1f0dc562bb1a4d/screenshot - {}
RESULT: {"text":"Service Unit Group"}
COMMAND: GET /session/d06e4a31898e4cf5ae1f0dc562bb1a4d/screenshot - {}
RESULT: {}
RESULT: {}
COMMAND: POST /session/d06e4a31898e4cf5ae1f0dc562bb1a4d/actions - {"actions":[{"id":"action54","type":"key","parameters":{},"actions":[{"type":"keyDown","value":"î€‡"},{"type":"pause","duration":10},{"type":"keyUp","value":"î€‡"}]}]}
RESULT: {"actions":[{"id":"action54","type":"key","parameters":{},"actions":[{"type":"keyDown","value":"î€‡"},{"type":"pause","duration":10},{"type":"keyUp","value":"î€‡"}]}]}
COMMAND: GET /session/d06e4a31898e4cf5ae1f0dc562bb1a4d/screenshot - {}
RESULT: {}
COMMAND: POST /session/d06e4a31898e4cf5ae1f0dc562bb1a4d/actions - {"actions":[{"id":"action55","type":"key","parameters":{},"actions":[{"type":"keyDown","value":"î€‡"},{"type":"pause","duration":10},{"type":"keyUp","value":"î€‡"}]}]}
RESULT: {"actions":[{"id":"action55","type":"key","parameters":{},"actions":[{"type":"keyDown","value":"î€‡"},{"type":"pause","duration":10},{"type":"keyUp","value":"î€‡"}]}]}
COMMAND: POST /session/d06e4a31898e4cf5ae1f0dc562bb1a4d/element - {"using":"xpath","value":"(//td[7]/div/div/input)[2]"}
COMMAND: GET /session/d06e4a31898e4cf5ae1f0dc562bb1a4d/screenshot - {}
RESULT: {"using":"xpath","value":"(//td[7]/div/div/input)[2]"}
COMMAND: POST /session/d06e4a31898e4cf5ae1f0dc562bb1a4d/element/f.FF7867651CD8E469CE707B8552024CE8.d.89EE87E4C3C34E13E0BC4C9D13442F4A.e.9562/clear - {}
RESULT: {}
RESULT: {}
COMMAND: POST /session/d06e4a31898e4cf5ae1f0dc562bb1a4d/element/f.FF7867651CD8E469CE707B8552024CE8.d.89EE87E4C3C34E13E0BC4C9D13442F4A.e.9562/value - {"text":"1100001"}
COMMAND: GET /session/d06e4a31898e4cf5ae1f0dc562bb1a4d/screenshot - {}
RESULT: {"text":"1100001"}
COMMAND: GET /session/d06e4a31898e4cf5ae1f0dc562bb1a4d/screenshot - {}
RESULT: {}
RESULT: {}
COMMAND: POST /session/d06e4a31898e4cf5ae1f0dc562bb1a4d/actions - {"actions":[{"id":"action56","type":"key","parameters":{},"actions":[{"type":"keyDown","value":"î€‡"},{"type":"pause","duration":10},{"type":"keyUp","value":"î€‡"}]}]}
RESULT: {"actions":[{"id":"action56","type":"key","parameters":{},"actions":[{"type":"keyDown","value":"î€‡"},{"type":"pause","duration":10},{"type":"keyUp","value":"î€‡"}]}]}
COMMAND: GET /session/d06e4a31898e4cf5ae1f0dc562bb1a4d/screenshot - {}
RESULT: {}
COMMAND: POST /session/d06e4a31898e4cf5ae1f0dc562bb1a4d/actions - {"actions":[{"id":"action57","type":"key","parameters":{},"actions":[{"type":"keyDown","value":"î€‡"},{"type":"pause","duration":10},{"type":"keyUp","value":"î€‡"}]}]}
RESULT: {"actions":[{"id":"action57","type":"key","parameters":{},"actions":[{"type":"keyDown","value":"î€‡"},{"type":"pause","duration":10},{"type":"keyUp","value":"î€‡"}]}]}
COMMAND: GET /session/d06e4a31898e4cf5ae1f0dc562bb1a4d/screenshot - {}
RESULT: {}
COMMAND: POST /session/d06e4a31898e4cf5ae1f0dc562bb1a4d/element - {"using":"xpath","value":"(//button[@data-kt=\"saveButton\"])[2]"}
RESULT: {"using":"xpath","value":"(//button[@data-kt=\"saveButton\"])[2]"}
COMMAND: POST /session/d06e4a31898e4cf5ae1f0dc562bb1a4d/element/f.FF7867651CD8E469CE707B8552024CE8.d.89EE87E4C3C34E13E0BC4C9D13442F4A.e.9586/click - {}
RESULT: {}
COMMAND: GET /session/d06e4a31898e4cf5ae1f0dc562bb1a4d/screenshot - {}
RESULT: {}
COMMAND: POST /session/d06e4a31898e4cf5ae1f0dc562bb1a4d/element - {"using":"xpath","value":"(//span[contains(text(), \"Additional Addresses\")])[1]"}
RESULT: {"using":"xpath","value":"(//span[contains(text(), \"Additional Addresses\")])[1]"}
COMMAND: POST /session/d06e4a31898e4cf5ae1f0dc562bb1a4d/element/f.FF7867651CD8E469CE707B8552024CE8.d.89EE87E4C3C34E13E0BC4C9D13442F4A.e.9589/click - {}
RESULT: {}
COMMAND: GET /session/d06e4a31898e4cf5ae1f0dc562bb1a4d/screenshot - {}
RESULT: {}
COMMAND: POST /session/d06e4a31898e4cf5ae1f0dc562bb1a4d/execute/async - {"script":"<script> [1562 bytes]","args":[{"selector":{"controlType":"sap.m.Title","viewName":"etm.portal.ui.managecontracts.view.Detail","properties":{"text":"Contract Items (2)"}},"wdio_ui5_key":"etmportal.ui.managecontracts.view.Detailsap.m.Title{\"text\":\"Contract Items (2)\"}"}]}
RESULT: {"script":"<script> [1562 bytes]","args":[{"selector":{"controlType":"sap.m.Title","viewName":"etm.portal.ui.managecontracts.view.Detail","properties":{"text":"Contract Items (2)"}},"wdio_ui5_key":"etmportal.ui.managecontracts.view.Detailsap.m.Title{\"text\":\"Contract Items (2)\"}"}]}
RESULT: undefined
COMMAND: POST /session/d06e4a31898e4cf5ae1f0dc562bb1a4d/execute/async - {"script":"<script> [6424 bytes]","args":[{"element-6066-11e4-a52e-4f735466cecf":"f.FF7867651CD8E469CE707B8552024CE8.d.89EE87E4C3C34E13E0BC4C9D13442F4A.e.9591"},"getText",[]]}
RESULT: {"script":"<script> [6424 bytes]","args":[{"element-6066-11e4-a52e-4f735466cecf":"f.FF7867651CD8E469CE707B8552024CE8.d.89EE87E4C3C34E13E0BC4C9D13442F4A.e.9591"},"getText",[]]}
COMMAND: POST /session/d06e4a31898e4cf5ae1f0dc562bb1a4d/element - {"using":"xpath","value":"(//span[contains(@class ,\"sapMObjStatusText\")])[1]"}
RESULT: {"using":"xpath","value":"(//span[contains(@class ,\"sapMObjStatusText\")])[1]"}
COMMAND: GET /session/d06e4a31898e4cf5ae1f0dc562bb1a4d/element/f.FF7867651CD8E469CE707B8552024CE8.d.89EE87E4C3C34E13E0BC4C9D13442F4A.e.9592/text - {}
RESULT: {}
COMMAND: POST /session/d06e4a31898e4cf5ae1f0dc562bb1a4d/element - {"using":"xpath","value":"(//span[contains(@class ,\"sapMObjStatusText\")])[4]"}
RESULT: {"using":"xpath","value":"(//span[contains(@class ,\"sapMObjStatusText\")])[4]"}
COMMAND: GET /session/d06e4a31898e4cf5ae1f0dc562bb1a4d/element/f.FF7867651CD8E469CE707B8552024CE8.d.89EE87E4C3C34E13E0BC4C9D13442F4A.e.9593/text - {}
RESULT: {}
COMMAND: POST /session/d06e4a31898e4cf5ae1f0dc562bb1a4d/element - {"using":"css selector","value":"#shell-header-logo"}
RESULT: {"using":"css selector","value":"#shell-header-logo"}
COMMAND: POST /session/d06e4a31898e4cf5ae1f0dc562bb1a4d/element/f.FF7867651CD8E469CE707B8552024CE8.d.89EE87E4C3C34E13E0BC4C9D13442F4A.e.8986/click - {}
RESULT: {}
COMMAND: GET /session/d06e4a31898e4cf5ae1f0dc562bb1a4d/screenshot - {}
RESULT: {}
]]></system-out>
    </testcase>
  </testsuite>
  <testsuite timestamp="2025-05-17T18:14:44" time="170.033" tests="2" failures="0" errors="0" skipped="0">
    <properties>
      <property name="specId" value="0" />
      <property name="suiteName" value="Reduced contract US151275" />
      <property name="capabilities" value="chrome.136_0_7103_93.windows" />
      <property name="file" value="file:///D:/a/1/s/test/specs/R2C/reduced-contract-creation.spec.js" />
    </properties>
    <testcase classname="chrome.136_0_7103_93.windows.Reduced_contract_US151275" name="Should create a new reduced contract" time="120.901">
      <system-out><![CDATA[
RESULT: undefined
COMMAND: POST /session/d06e4a31898e4cf5ae1f0dc562bb1a4d/element - {"using":"xpath","value":"//*[@id=\"__tile130\"]"}
RESULT: {"using":"xpath","value":"//*[@id=\"__tile130\"]"}
COMMAND: POST /session/d06e4a31898e4cf5ae1f0dc562bb1a4d/element/f.FF7867651CD8E469CE707B8552024CE8.d.89EE87E4C3C34E13E0BC4C9D13442F4A.e.8632/click - {}
RESULT: {}
COMMAND: GET /session/d06e4a31898e4cf5ae1f0dc562bb1a4d/screenshot - {}
RESULT: {}
COMMAND: POST /session/d06e4a31898e4cf5ae1f0dc562bb1a4d/elements - {"using":"xpath","value":"//span[text()='Error']"}
RESULT: {"using":"xpath","value":"//span[text()='Error']"}
COMMAND: POST /session/d06e4a31898e4cf5ae1f0dc562bb1a4d/element - {"using":"xpath","value":"//button[@data-kt=\"addButton\"]"}
RESULT: {"using":"xpath","value":"//button[@data-kt=\"addButton\"]"}
COMMAND: POST /session/d06e4a31898e4cf5ae1f0dc562bb1a4d/element/f.FF7867651CD8E469CE707B8552024CE8.d.89EE87E4C3C34E13E0BC4C9D13442F4A.e.9648/click - {}
RESULT: {}
COMMAND: GET /session/d06e4a31898e4cf5ae1f0dc562bb1a4d/screenshot - {}
RESULT: {}
COMMAND: POST /session/d06e4a31898e4cf5ae1f0dc562bb1a4d/refresh - {}
RESULT: {}
COMMAND: GET /session/d06e4a31898e4cf5ae1f0dc562bb1a4d/screenshot - {}
RESULT: {}
COMMAND: POST /session/d06e4a31898e4cf5ae1f0dc562bb1a4d/execute/async - {"script":"<script> [189 bytes]","args":[]}
RESULT: {"script":"<script> [189 bytes]","args":[]}
COMMAND: POST /session/d06e4a31898e4cf5ae1f0dc562bb1a4d/execute/async - {"script":"<script> [123 bytes]","args":[]}
RESULT: {"script":"<script> [123 bytes]","args":[]}
COMMAND: POST /session/d06e4a31898e4cf5ae1f0dc562bb1a4d/timeouts - {"script":"<number>"}
RESULT: {"script":"<number>"}
COMMAND: GET /session/d06e4a31898e4cf5ae1f0dc562bb1a4d/timeouts - {}
RESULT: {}
RESULT: undefined
COMMAND: POST /session/d06e4a31898e4cf5ae1f0dc562bb1a4d/execute/async - {"script":"<script> [2676 bytes]","args":[]}
RESULT: {"script":"<script> [2676 bytes]","args":[]}
COMMAND: POST /session/d06e4a31898e4cf5ae1f0dc562bb1a4d/execute/async - {"script":"<script> [2342 bytes]","args":[{"protocol":"http","hostname":"0.0.0.0","path":"/","capabilities":{"browserName":"chrome","goog:chromeOptions":{"binary":"C:\\Program Files\\Google\\Chrome\\Application\\chrome.exe","args":["--start-maximized"]}},"logLevel":"warn","connectionRetryTimeout":120000,"connectionRetryCount":3,"logLevels":{},"enableDirectConnect":true,"strictSSL":true,"_":"65 more keys: [\"cacheDir\",\"port\",\"requestedCapabilities\",\"automationProtocol\",\"baseUrl\",\"waitforInterval\",\"waitforTimeout\",\"onReload\",\"beforeCommand\",\"afterCommand\",\"rootDir\",\"specs\",\"suites\",\"exclude\",\"groupLogsByTestSpec\",\"excludeDriverLogs\",\"bail\",\"framework\",\"reporters\",\"services\",\"maxInstances\",\"maxInstancesPerCapability\",\"injectGlobals\",\"filesToWatch\",\"execArgv\",\"runnerEnv\",\"runner\",\"shard\",\"specFileRetries\",\"specFileRetriesDelay\",\"specFileRetriesDeferred\",\"reporterSyncInterval\",\"reporterSyncTimeout\",\"cucumberFeaturesWithLineNumbers\",\"autoCompileOpts\",\"mochaOpts\",\"jasmineOpts\",\"cucumberOpts\",\"onPrepare\",\"onWorkerStart\",\"onWorkerEnd\",\"before\",\"beforeSession\",\"beforeSuite\",\"beforeHook\",\"beforeTest\",\"afterTest\",\"afterHook\",\"afterSuite\",\"afterSession\",\"after\",\"onComplete\",\"beforeAssertion\",\"afterAssertion\",\"beforeFeature\",\"beforeScenario\",\"beforeStep\",\"afterStep\",\"afterScenario\",\"afterFeature\",\"_\",\"suite\",\"$0\",\"ignoredWorkerServices\",\"wdi5\"]"}]}
RESULT: {"script":"<script> [2342 bytes]","args":[{"protocol":"http","hostname":"0.0.0.0","path":"/","capabilities":{"browserName":"chrome","goog:chromeOptions":{"binary":"C:\\Program Files\\Google\\Chrome\\Application\\chrome.exe","args":["--start-maximized"]}},"logLevel":"warn","connectionRetryTimeout":120000,"connectionRetryCount":3,"logLevels":{},"enableDirectConnect":true,"strictSSL":true,"_":"65 more keys: [\"cacheDir\",\"port\",\"requestedCapabilities\",\"automationProtocol\",\"baseUrl\",\"waitforInterval\",\"waitforTimeout\",\"onReload\",\"beforeCommand\",\"afterCommand\",\"rootDir\",\"specs\",\"suites\",\"exclude\",\"groupLogsByTestSpec\",\"excludeDriverLogs\",\"bail\",\"framework\",\"reporters\",\"services\",\"maxInstances\",\"maxInstancesPerCapability\",\"injectGlobals\",\"filesToWatch\",\"execArgv\",\"runnerEnv\",\"runner\",\"shard\",\"specFileRetries\",\"specFileRetriesDelay\",\"specFileRetriesDeferred\",\"reporterSyncInterval\",\"reporterSyncTimeout\",\"cucumberFeaturesWithLineNumbers\",\"autoCompileOpts\",\"mochaOpts\",\"jasmineOpts\",\"cucumberOpts\",\"onPrepare\",\"onWorkerStart\",\"onWorkerEnd\",\"before\",\"beforeSession\",\"beforeSuite\",\"beforeHook\",\"beforeTest\",\"afterTest\",\"afterHook\",\"afterSuite\",\"afterSession\",\"after\",\"onComplete\",\"beforeAssertion\",\"afterAssertion\",\"beforeFeature\",\"beforeScenario\",\"beforeStep\",\"afterStep\",\"afterScenario\",\"afterFeature\",\"_\",\"suite\",\"$0\",\"ignoredWorkerServices\",\"wdi5\"]"}]}
COMMAND: POST /session/d06e4a31898e4cf5ae1f0dc562bb1a4d/execute/async - {"script":"<script> [21126 bytes]","args":[35000]}
RESULT: {"script":"<script> [21126 bytes]","args":[35000]}
COMMAND: POST /session/d06e4a31898e4cf5ae1f0dc562bb1a4d/execute/async - {"script":"<script> [1562 bytes]","args":[{"selector":{"id":"application-managecontracts-display-component---AddNewContract--contractType","interaction":{"idSuffix":"arrow"}},"wdio_ui5_key":"applicationmanagecontracts-display-component---AddNewContract--contractType"}]}
RESULT: {"script":"<script> [1562 bytes]","args":[{"selector":{"id":"application-managecontracts-display-component---AddNewContract--contractType","interaction":{"idSuffix":"arrow"}},"wdio_ui5_key":"applicationmanagecontracts-display-component---AddNewContract--contractType"}]}
RESULT: undefined
COMMAND: POST /session/d06e4a31898e4cf5ae1f0dc562bb1a4d/element - {"using":"xpath","value":"//*[@id=\"application-managecontracts-display-component---AddNewContract--contractType\"]"}
RESULT: {"using":"xpath","value":"//*[@id=\"application-managecontracts-display-component---AddNewContract--contractType\"]"}
COMMAND: POST /session/d06e4a31898e4cf5ae1f0dc562bb1a4d/element/f.FF7867651CD8E469CE707B8552024CE8.d.609C3C5ACF141D2B294F69B08E826E87.e.10170/click - {}
RESULT: {}
COMMAND: GET /session/d06e4a31898e4cf5ae1f0dc562bb1a4d/screenshot - {}
RESULT: {}
COMMAND: POST /session/d06e4a31898e4cf5ae1f0dc562bb1a4d/execute/async - {"script":"<script> [1562 bytes]","args":[{"selector":{"controlType":"sap.ui.core.Item","viewName":"etm.portal.ui.managecontracts.view.AddNewContract","viewId":"application-managecontracts-display-component---AddNewContract","bindingPath":{"path":"/ContractTypes('02')","propertyPath":"ID","modelName":"catalogModel"},"searchOpenDialogs":true},"wdio_ui5_key":"etmportal.ui.managecontracts.view.AddNewContractsap.ui.core.Item{\"path\":\"/ContractTypes('02')\",\"propertyPath\":\"ID\",\"modelName\":\"catalogModel\"}"}]}
RESULT: {"script":"<script> [1562 bytes]","args":[{"selector":{"controlType":"sap.ui.core.Item","viewName":"etm.portal.ui.managecontracts.view.AddNewContract","viewId":"application-managecontracts-display-component---AddNewContract","bindingPath":{"path":"/ContractTypes('02')","propertyPath":"ID","modelName":"catalogModel"},"searchOpenDialogs":true},"wdio_ui5_key":"etmportal.ui.managecontracts.view.AddNewContractsap.ui.core.Item{\"path\":\"/ContractTypes('02')\",\"propertyPath\":\"ID\",\"modelName\":\"catalogModel\"}"}]}
RESULT: undefined
COMMAND: POST /session/d06e4a31898e4cf5ae1f0dc562bb1a4d/element - {"using":"xpath","value":"//*[@id=\"__item45-application-managecontracts-display-component---AddNewContract--contractType-1\"]"}
RESULT: {"using":"xpath","value":"//*[@id=\"__item45-application-managecontracts-display-component---AddNewContract--contractType-1\"]"}
COMMAND: POST /session/d06e4a31898e4cf5ae1f0dc562bb1a4d/element/f.FF7867651CD8E469CE707B8552024CE8.d.609C3C5ACF141D2B294F69B08E826E87.e.10171/click - {}
RESULT: {}
COMMAND: GET /session/d06e4a31898e4cf5ae1f0dc562bb1a4d/screenshot - {}
RESULT: {}
COMMAND: POST /session/d06e4a31898e4cf5ae1f0dc562bb1a4d/execute/async - {"script":"<script> [1562 bytes]","args":[{"selector":{"id":"application-managecontracts-display-component---AddNewContract--projectDescription","interaction":{"idSuffix":"inner"}},"wdio_ui5_key":"applicationmanagecontracts-display-component---AddNewContract--projectDescription"}]}
RESULT: {"script":"<script> [1562 bytes]","args":[{"selector":{"id":"application-managecontracts-display-component---AddNewContract--projectDescription","interaction":{"idSuffix":"inner"}},"wdio_ui5_key":"applicationmanagecontracts-display-component---AddNewContract--projectDescription"}]}
RESULT: undefined
COMMAND: POST /session/d06e4a31898e4cf5ae1f0dc562bb1a4d/execute/async - {"script":"<script> [776 bytes]","args":[{"enterText":"WdIOReducedh2wp6","selector":{"id":"application-managecontracts-display-component---AddNewContract--projectDescription","interaction":{"idSuffix":"inner"}},"clearTextFirst":true,"interactionType":"ENTER_TEXT"}]}
RESULT: {"script":"<script> [776 bytes]","args":[{"enterText":"WdIOReducedh2wp6","selector":{"id":"application-managecontracts-display-component---AddNewContract--projectDescription","interaction":{"idSuffix":"inner"}},"clearTextFirst":true,"interactionType":"ENTER_TEXT"}]}
COMMAND: POST /session/d06e4a31898e4cf5ae1f0dc562bb1a4d/element - {"using":"xpath","value":"//input[@id=\"application-managecontracts-display-component---AddNewContract--yardId-inner\"]"}
RESULT: {"using":"xpath","value":"//input[@id=\"application-managecontracts-display-component---AddNewContract--yardId-inner\"]"}
COMMAND: POST /session/d06e4a31898e4cf5ae1f0dc562bb1a4d/element/f.FF7867651CD8E469CE707B8552024CE8.d.609C3C5ACF141D2B294F69B08E826E87.e.10066/clear - {}
RESULT: {}
COMMAND: POST /session/d06e4a31898e4cf5ae1f0dc562bb1a4d/element/f.FF7867651CD8E469CE707B8552024CE8.d.609C3C5ACF141D2B294F69B08E826E87.e.10066/value - {"text":"WebdriverYardgx1k1"}
COMMAND: GET /session/d06e4a31898e4cf5ae1f0dc562bb1a4d/screenshot - {}
RESULT: {"text":"WebdriverYardgx1k1"}
COMMAND: GET /session/d06e4a31898e4cf5ae1f0dc562bb1a4d/screenshot - {}
RESULT: {}
RESULT: {}
COMMAND: POST /session/d06e4a31898e4cf5ae1f0dc562bb1a4d/actions - {"actions":[{"id":"action58","type":"key","parameters":{},"actions":[{"type":"keyDown","value":"î€‡"},{"type":"pause","duration":10},{"type":"keyUp","value":"î€‡"}]}]}
RESULT: {"actions":[{"id":"action58","type":"key","parameters":{},"actions":[{"type":"keyDown","value":"î€‡"},{"type":"pause","duration":10},{"type":"keyUp","value":"î€‡"}]}]}
COMMAND: GET /session/d06e4a31898e4cf5ae1f0dc562bb1a4d/screenshot - {}
RESULT: {}
COMMAND: POST /session/d06e4a31898e4cf5ae1f0dc562bb1a4d/element - {"using":"xpath","value":"//input[@id=\"application-managecontracts-display-component---AddNewContract--customerSelect-inner\"]"}
RESULT: {"using":"xpath","value":"//input[@id=\"application-managecontracts-display-component---AddNewContract--customerSelect-inner\"]"}
COMMAND: POST /session/d06e4a31898e4cf5ae1f0dc562bb1a4d/element/f.FF7867651CD8E469CE707B8552024CE8.d.609C3C5ACF141D2B294F69B08E826E87.e.10064/clear - {}
RESULT: {}
COMMAND: POST /session/d06e4a31898e4cf5ae1f0dc562bb1a4d/element/f.FF7867651CD8E469CE707B8552024CE8.d.609C3C5ACF141D2B294F69B08E826E87.e.10064/value - {"text":"WebdriverPartnerg12w9"}
COMMAND: GET /session/d06e4a31898e4cf5ae1f0dc562bb1a4d/screenshot - {}
RESULT: {"text":"WebdriverPartnerg12w9"}
COMMAND: GET /session/d06e4a31898e4cf5ae1f0dc562bb1a4d/screenshot - {}
RESULT: {}
RESULT: {}
COMMAND: POST /session/d06e4a31898e4cf5ae1f0dc562bb1a4d/actions - {"actions":[{"id":"action59","type":"key","parameters":{},"actions":[{"type":"keyDown","value":"î€‡"},{"type":"pause","duration":10},{"type":"keyUp","value":"î€‡"}]}]}
RESULT: {"actions":[{"id":"action59","type":"key","parameters":{},"actions":[{"type":"keyDown","value":"î€‡"},{"type":"pause","duration":10},{"type":"keyUp","value":"î€‡"}]}]}
COMMAND: GET /session/d06e4a31898e4cf5ae1f0dc562bb1a4d/screenshot - {}
RESULT: {}
COMMAND: POST /session/d06e4a31898e4cf5ae1f0dc562bb1a4d/execute/async - {"script":"<script> [1562 bytes]","args":[{"selector":{"id":"application-managecontracts-display-component---AddNewContract--calendarInput-arrow"},"wdio_ui5_key":"applicationmanagecontracts-display-component---AddNewContract--calendarInput-arrow"}]}
RESULT: {"script":"<script> [1562 bytes]","args":[{"selector":{"id":"application-managecontracts-display-component---AddNewContract--calendarInput-arrow"},"wdio_ui5_key":"applicationmanagecontracts-display-component---AddNewContract--calendarInput-arrow"}]}
RESULT: undefined
COMMAND: POST /session/d06e4a31898e4cf5ae1f0dc562bb1a4d/element - {"using":"xpath","value":"//*[@id=\"application-managecontracts-display-component---AddNewContract--calendarInput-arrow\"]"}
RESULT: {"using":"xpath","value":"//*[@id=\"application-managecontracts-display-component---AddNewContract--calendarInput-arrow\"]"}
COMMAND: POST /session/d06e4a31898e4cf5ae1f0dc562bb1a4d/element/f.FF7867651CD8E469CE707B8552024CE8.d.609C3C5ACF141D2B294F69B08E826E87.e.10041/click - {}
RESULT: {}
COMMAND: GET /session/d06e4a31898e4cf5ae1f0dc562bb1a4d/screenshot - {}
RESULT: {}
COMMAND: POST /session/d06e4a31898e4cf5ae1f0dc562bb1a4d/execute/async - {"script":"<script> [1562 bytes]","args":[{"selector":{"controlType":"sap.m.StandardListItem","viewName":"etm.portal.ui.managecontracts.view.AddNewContract","viewId":"application-managecontracts-display-component---AddNewContract","properties":{"title":"1 - Calendar unit test patch"},"searchOpenDialogs":true,"interaction":{"idSuffix":"titleText"}},"wdio_ui5_key":"etmportal.ui.managecontracts.view.AddNewContractsap.m.StandardListItem{\"title\":\"1 - Calendar unit test patch\"}"}]}
RESULT: {"script":"<script> [1562 bytes]","args":[{"selector":{"controlType":"sap.m.StandardListItem","viewName":"etm.portal.ui.managecontracts.view.AddNewContract","viewId":"application-managecontracts-display-component---AddNewContract","properties":{"title":"1 - Calendar unit test patch"},"searchOpenDialogs":true,"interaction":{"idSuffix":"titleText"}},"wdio_ui5_key":"etmportal.ui.managecontracts.view.AddNewContractsap.m.StandardListItem{\"title\":\"1 - Calendar unit test patch\"}"}]}
RESULT: undefined
COMMAND: POST /session/d06e4a31898e4cf5ae1f0dc562bb1a4d/element - {"using":"xpath","value":"//*[@id=\"__item754\"]"}
RESULT: {"using":"xpath","value":"//*[@id=\"__item754\"]"}
COMMAND: POST /session/d06e4a31898e4cf5ae1f0dc562bb1a4d/element/f.FF7867651CD8E469CE707B8552024CE8.d.609C3C5ACF141D2B294F69B08E826E87.e.10180/click - {}
RESULT: {}
COMMAND: GET /session/d06e4a31898e4cf5ae1f0dc562bb1a4d/screenshot - {}
RESULT: {}
COMMAND: POST /session/d06e4a31898e4cf5ae1f0dc562bb1a4d/execute/async - {"script":"<script> [1562 bytes]","args":[{"selector":{"id":"application-managecontracts-display-component---AddNewContract--streetInput","interaction":{"idSuffix":"inner"}},"wdio_ui5_key":"applicationmanagecontracts-display-component---AddNewContract--streetInput"}]}
RESULT: {"script":"<script> [1562 bytes]","args":[{"selector":{"id":"application-managecontracts-display-component---AddNewContract--streetInput","interaction":{"idSuffix":"inner"}},"wdio_ui5_key":"applicationmanagecontracts-display-component---AddNewContract--streetInput"}]}
RESULT: undefined
COMMAND: POST /session/d06e4a31898e4cf5ae1f0dc562bb1a4d/execute/async - {"script":"<script> [776 bytes]","args":[{"enterText":"StreetWdIO","selector":{"id":"application-managecontracts-display-component---AddNewContract--streetInput","interaction":{"idSuffix":"inner"}},"clearTextFirst":true,"interactionType":"ENTER_TEXT"}]}
RESULT: {"script":"<script> [776 bytes]","args":[{"enterText":"StreetWdIO","selector":{"id":"application-managecontracts-display-component---AddNewContract--streetInput","interaction":{"idSuffix":"inner"}},"clearTextFirst":true,"interactionType":"ENTER_TEXT"}]}
COMMAND: POST /session/d06e4a31898e4cf5ae1f0dc562bb1a4d/execute/async - {"script":"<script> [1562 bytes]","args":[{"selector":{"id":"application-managecontracts-display-component---AddNewContract--numberInput","interaction":{"idSuffix":"inner"}},"wdio_ui5_key":"applicationmanagecontracts-display-component---AddNewContract--numberInput"}]}
RESULT: {"script":"<script> [1562 bytes]","args":[{"selector":{"id":"application-managecontracts-display-component---AddNewContract--numberInput","interaction":{"idSuffix":"inner"}},"wdio_ui5_key":"applicationmanagecontracts-display-component---AddNewContract--numberInput"}]}
RESULT: undefined
COMMAND: POST /session/d06e4a31898e4cf5ae1f0dc562bb1a4d/execute/async - {"script":"<script> [776 bytes]","args":[{"enterText":"3","selector":{"id":"application-managecontracts-display-component---AddNewContract--numberInput","interaction":{"idSuffix":"inner"}},"clearTextFirst":true,"interactionType":"ENTER_TEXT"}]}
RESULT: {"script":"<script> [776 bytes]","args":[{"enterText":"3","selector":{"id":"application-managecontracts-display-component---AddNewContract--numberInput","interaction":{"idSuffix":"inner"}},"clearTextFirst":true,"interactionType":"ENTER_TEXT"}]}
COMMAND: POST /session/d06e4a31898e4cf5ae1f0dc562bb1a4d/execute/async - {"script":"<script> [1562 bytes]","args":[{"selector":{"id":"application-managecontracts-display-component---AddNewContract--cityInput","interaction":{"idSuffix":"inner"}},"wdio_ui5_key":"applicationmanagecontracts-display-component---AddNewContract--cityInput"}]}
RESULT: {"script":"<script> [1562 bytes]","args":[{"selector":{"id":"application-managecontracts-display-component---AddNewContract--cityInput","interaction":{"idSuffix":"inner"}},"wdio_ui5_key":"applicationmanagecontracts-display-component---AddNewContract--cityInput"}]}
RESULT: undefined
COMMAND: POST /session/d06e4a31898e4cf5ae1f0dc562bb1a4d/execute/async - {"script":"<script> [776 bytes]","args":[{"enterText":"Bucharest","selector":{"id":"application-managecontracts-display-component---AddNewContract--cityInput","interaction":{"idSuffix":"inner"}},"clearTextFirst":true,"interactionType":"ENTER_TEXT"}]}
RESULT: {"script":"<script> [776 bytes]","args":[{"enterText":"Bucharest","selector":{"id":"application-managecontracts-display-component---AddNewContract--cityInput","interaction":{"idSuffix":"inner"}},"clearTextFirst":true,"interactionType":"ENTER_TEXT"}]}
COMMAND: POST /session/d06e4a31898e4cf5ae1f0dc562bb1a4d/execute/async - {"script":"<script> [1562 bytes]","args":[{"selector":{"id":"application-managecontracts-display-component---AddNewContract--zipInput","interaction":{"idSuffix":"inner"}},"wdio_ui5_key":"applicationmanagecontracts-display-component---AddNewContract--zipInput"}]}
RESULT: {"script":"<script> [1562 bytes]","args":[{"selector":{"id":"application-managecontracts-display-component---AddNewContract--zipInput","interaction":{"idSuffix":"inner"}},"wdio_ui5_key":"applicationmanagecontracts-display-component---AddNewContract--zipInput"}]}
RESULT: undefined
COMMAND: POST /session/d06e4a31898e4cf5ae1f0dc562bb1a4d/execute/async - {"script":"<script> [776 bytes]","args":[{"enterText":"021210","selector":{"id":"application-managecontracts-display-component---AddNewContract--zipInput","interaction":{"idSuffix":"inner"}},"clearTextFirst":true,"interactionType":"ENTER_TEXT"}]}
RESULT: {"script":"<script> [776 bytes]","args":[{"enterText":"021210","selector":{"id":"application-managecontracts-display-component---AddNewContract--zipInput","interaction":{"idSuffix":"inner"}},"clearTextFirst":true,"interactionType":"ENTER_TEXT"}]}
COMMAND: POST /session/d06e4a31898e4cf5ae1f0dc562bb1a4d/element - {"using":"xpath","value":"//bdi[contains(@id ,\"application-managecontracts-display-component---AddNewContract--saveBtn-BDI-content\")]"}
RESULT: {"using":"xpath","value":"//bdi[contains(@id ,\"application-managecontracts-display-component---AddNewContract--saveBtn-BDI-content\")]"}
COMMAND: POST /session/d06e4a31898e4cf5ae1f0dc562bb1a4d/element/f.FF7867651CD8E469CE707B8552024CE8.d.609C3C5ACF141D2B294F69B08E826E87.e.10185/click - {}
RESULT: {}
COMMAND: GET /session/d06e4a31898e4cf5ae1f0dc562bb1a4d/screenshot - {}
RESULT: {}
COMMAND: POST /session/d06e4a31898e4cf5ae1f0dc562bb1a4d/element - {"using":"xpath","value":"//button[contains(@data-kt ,\"contractDetailEditBtnButton\")]"}
RESULT: {"using":"xpath","value":"//button[contains(@data-kt ,\"contractDetailEditBtnButton\")]"}
COMMAND: POST /session/d06e4a31898e4cf5ae1f0dc562bb1a4d/execute/sync - {"script":"<script> [8489 bytes]","args":[{"element-6066-11e4-a52e-4f735466cecf":"f.FF7867651CD8E469CE707B8552024CE8.d.609C3C5ACF141D2B294F69B08E826E87.e.10243","ELEMENT":"f.FF7867651CD8E469CE707B8552024CE8.d.609C3C5ACF141D2B294F69B08E826E87.e.10243"}]}
RESULT: {"script":"<script> [8489 bytes]","args":[{"element-6066-11e4-a52e-4f735466cecf":"f.FF7867651CD8E469CE707B8552024CE8.d.609C3C5ACF141D2B294F69B08E826E87.e.10243","ELEMENT":"f.FF7867651CD8E469CE707B8552024CE8.d.609C3C5ACF141D2B294F69B08E826E87.e.10243"}]}
COMMAND: POST /session/d06e4a31898e4cf5ae1f0dc562bb1a4d/execute/sync - {"script":"<script> [8489 bytes]","args":[{"element-6066-11e4-a52e-4f735466cecf":"f.FF7867651CD8E469CE707B8552024CE8.d.609C3C5ACF141D2B294F69B08E826E87.e.10243","ELEMENT":"f.FF7867651CD8E469CE707B8552024CE8.d.609C3C5ACF141D2B294F69B08E826E87.e.10243"}]}
COMMAND: GET /session/d06e4a31898e4cf5ae1f0dc562bb1a4d/screenshot - {}
RESULT: {"script":"<script> [8489 bytes]","args":[{"element-6066-11e4-a52e-4f735466cecf":"f.FF7867651CD8E469CE707B8552024CE8.d.609C3C5ACF141D2B294F69B08E826E87.e.10243","ELEMENT":"f.FF7867651CD8E469CE707B8552024CE8.d.609C3C5ACF141D2B294F69B08E826E87.e.10243"}]}
COMMAND: POST /session/d06e4a31898e4cf5ae1f0dc562bb1a4d/execute/sync - {"script":"<script> [5351 bytes]","args":[{"element-6066-11e4-a52e-4f735466cecf":"f.FF7867651CD8E469CE707B8552024CE8.d.609C3C5ACF141D2B294F69B08E826E87.e.10243","ELEMENT":"f.FF7867651CD8E469CE707B8552024CE8.d.609C3C5ACF141D2B294F69B08E826E87.e.10243"}]}
COMMAND: GET /session/d06e4a31898e4cf5ae1f0dc562bb1a4d/screenshot - {}
RESULT: {}
RESULT: {"script":"<script> [5351 bytes]","args":[{"element-6066-11e4-a52e-4f735466cecf":"f.FF7867651CD8E469CE707B8552024CE8.d.609C3C5ACF141D2B294F69B08E826E87.e.10243","ELEMENT":"f.FF7867651CD8E469CE707B8552024CE8.d.609C3C5ACF141D2B294F69B08E826E87.e.10243"}]}
COMMAND: POST /session/d06e4a31898e4cf5ae1f0dc562bb1a4d/execute/async - {"script":"<script> [1562 bytes]","args":[{"selector":{"controlType":"sap.m.Text","viewName":"etm.portal.ui.managecontracts.view.Detail","bindingPath":{"propertyPath":"LINK_TO_C_CONTRACT_TYPES/DESCRIPTION","modelName":"catalogModel"}},"wdio_ui5_key":"etmportal.ui.managecontracts.view.Detailsap.m.Text{\"propertyPath\":\"LINK_TO_C_CONTRACT_TYPES/DESCRIPTION\",\"modelName\":\"catalogModel\"}"}]}
COMMAND: GET /session/d06e4a31898e4cf5ae1f0dc562bb1a4d/screenshot - {}
RESULT: {}
RESULT: {"script":"<script> [1562 bytes]","args":[{"selector":{"controlType":"sap.m.Text","viewName":"etm.portal.ui.managecontracts.view.Detail","bindingPath":{"propertyPath":"LINK_TO_C_CONTRACT_TYPES/DESCRIPTION","modelName":"catalogModel"}},"wdio_ui5_key":"etmportal.ui.managecontracts.view.Detailsap.m.Text{\"propertyPath\":\"LINK_TO_C_CONTRACT_TYPES/DESCRIPTION\",\"modelName\":\"catalogModel\"}"}]}
RESULT: undefined
COMMAND: POST /session/d06e4a31898e4cf5ae1f0dc562bb1a4d/execute/async - {"script":"<script> [6424 bytes]","args":[{"element-6066-11e4-a52e-4f735466cecf":"f.FF7867651CD8E469CE707B8552024CE8.d.609C3C5ACF141D2B294F69B08E826E87.e.10246"},"getText",[]]}
RESULT: {}
RESULT: {"script":"<script> [6424 bytes]","args":[{"element-6066-11e4-a52e-4f735466cecf":"f.FF7867651CD8E469CE707B8552024CE8.d.609C3C5ACF141D2B294F69B08E826E87.e.10246"},"getText",[]]}
COMMAND: POST /session/d06e4a31898e4cf5ae1f0dc562bb1a4d/element/f.FF7867651CD8E469CE707B8552024CE8.d.609C3C5ACF141D2B294F69B08E826E87.e.10243/click - {}
RESULT: {}
COMMAND: GET /session/d06e4a31898e4cf5ae1f0dc562bb1a4d/screenshot - {}
RESULT: {}
]]></system-out>
    </testcase>
    <testcase classname="chrome.136_0_7103_93.windows.Reduced_contract_US151275" name="Should add a RU to the contract" time="45.966">
      <system-out><![CDATA[
COMMAND: POST /session/d06e4a31898e4cf5ae1f0dc562bb1a4d/element - {"using":"xpath","value":"(//span[contains(text(), \"Header Billing Items\")])[2]"}
RESULT: {"using":"xpath","value":"(//span[contains(text(), \"Header Billing Items\")])[2]"}
COMMAND: POST /session/d06e4a31898e4cf5ae1f0dc562bb1a4d/element/f.FF7867651CD8E469CE707B8552024CE8.d.609C3C5ACF141D2B294F69B08E826E87.e.10290/click - {}
RESULT: {}
COMMAND: GET /session/d06e4a31898e4cf5ae1f0dc562bb1a4d/screenshot - {}
RESULT: {}
COMMAND: POST /session/d06e4a31898e4cf5ae1f0dc562bb1a4d/element - {"using":"xpath","value":"//button[@data-kt=\"btnAddTableRowOverflowToolbarButton\"]"}
RESULT: {"using":"xpath","value":"//button[@data-kt=\"btnAddTableRowOverflowToolbarButton\"]"}
COMMAND: POST /session/d06e4a31898e4cf5ae1f0dc562bb1a4d/element/f.FF7867651CD8E469CE707B8552024CE8.d.609C3C5ACF141D2B294F69B08E826E87.e.10293/click - {}
RESULT: {}
COMMAND: GET /session/d06e4a31898e4cf5ae1f0dc562bb1a4d/screenshot - {}
RESULT: {}
COMMAND: POST /session/d06e4a31898e4cf5ae1f0dc562bb1a4d/element - {"using":"xpath","value":"//div[(text() = 'Standard Entry' or . = 'Standard Entry')]"}
RESULT: {"using":"xpath","value":"//div[(text() = 'Standard Entry' or . = 'Standard Entry')]"}
COMMAND: POST /session/d06e4a31898e4cf5ae1f0dc562bb1a4d/element/f.FF7867651CD8E469CE707B8552024CE8.d.609C3C5ACF141D2B294F69B08E826E87.e.10295/click - {}
RESULT: {}
COMMAND: POST /session/d06e4a31898e4cf5ae1f0dc562bb1a4d/element - {"using":"xpath","value":"//td[6]/div/div/input[1]"}
COMMAND: GET /session/d06e4a31898e4cf5ae1f0dc562bb1a4d/screenshot - {}
RESULT: {"using":"xpath","value":"//td[6]/div/div/input[1]"}
COMMAND: POST /session/d06e4a31898e4cf5ae1f0dc562bb1a4d/element/f.FF7867651CD8E469CE707B8552024CE8.d.609C3C5ACF141D2B294F69B08E826E87.e.10297/click - {}
RESULT: {}
RESULT: {}
COMMAND: POST /session/d06e4a31898e4cf5ae1f0dc562bb1a4d/actions - {"actions":[{"id":"action60","type":"key","parameters":{},"actions":[{"type":"keyDown","value":"î€ƒ"},{"type":"pause","duration":10},{"type":"keyUp","value":"î€ƒ"}]}]}
COMMAND: GET /session/d06e4a31898e4cf5ae1f0dc562bb1a4d/screenshot - {}
RESULT: {"actions":[{"id":"action60","type":"key","parameters":{},"actions":[{"type":"keyDown","value":"î€ƒ"},{"type":"pause","duration":10},{"type":"keyUp","value":"î€ƒ"}]}]}
COMMAND: POST /session/d06e4a31898e4cf5ae1f0dc562bb1a4d/element - {"using":"xpath","value":"//td[6]/div/div/input[1]"}
COMMAND: GET /session/d06e4a31898e4cf5ae1f0dc562bb1a4d/screenshot - {}
RESULT: {}
RESULT: {"using":"xpath","value":"//td[6]/div/div/input[1]"}
COMMAND: POST /session/d06e4a31898e4cf5ae1f0dc562bb1a4d/element/f.FF7867651CD8E469CE707B8552024CE8.d.609C3C5ACF141D2B294F69B08E826E87.e.10297/clear - {}
RESULT: {}
RESULT: {}
COMMAND: POST /session/d06e4a31898e4cf5ae1f0dc562bb1a4d/element/f.FF7867651CD8E469CE707B8552024CE8.d.609C3C5ACF141D2B294F69B08E826E87.e.10297/value - {"text":"Material"}
COMMAND: GET /session/d06e4a31898e4cf5ae1f0dc562bb1a4d/screenshot - {}
RESULT: {"text":"Material"}
COMMAND: GET /session/d06e4a31898e4cf5ae1f0dc562bb1a4d/screenshot - {}
RESULT: {}
RESULT: {}
COMMAND: POST /session/d06e4a31898e4cf5ae1f0dc562bb1a4d/actions - {"actions":[{"id":"action61","type":"key","parameters":{},"actions":[{"type":"keyDown","value":"î€‡"},{"type":"pause","duration":10},{"type":"keyUp","value":"î€‡"}]}]}
RESULT: {"actions":[{"id":"action61","type":"key","parameters":{},"actions":[{"type":"keyDown","value":"î€‡"},{"type":"pause","duration":10},{"type":"keyUp","value":"î€‡"}]}]}
COMMAND: GET /session/d06e4a31898e4cf5ae1f0dc562bb1a4d/screenshot - {}
RESULT: {}
COMMAND: POST /session/d06e4a31898e4cf5ae1f0dc562bb1a4d/actions - {"actions":[{"id":"action62","type":"key","parameters":{},"actions":[{"type":"keyDown","value":"î€‡"},{"type":"pause","duration":10},{"type":"keyUp","value":"î€‡"}]}]}
RESULT: {"actions":[{"id":"action62","type":"key","parameters":{},"actions":[{"type":"keyDown","value":"î€‡"},{"type":"pause","duration":10},{"type":"keyUp","value":"î€‡"}]}]}
COMMAND: POST /session/d06e4a31898e4cf5ae1f0dc562bb1a4d/element - {"using":"xpath","value":"//td[7]/div/div/input"}
COMMAND: GET /session/d06e4a31898e4cf5ae1f0dc562bb1a4d/screenshot - {}
RESULT: {"using":"xpath","value":"//td[7]/div/div/input"}
COMMAND: POST /session/d06e4a31898e4cf5ae1f0dc562bb1a4d/element/f.FF7867651CD8E469CE707B8552024CE8.d.609C3C5ACF141D2B294F69B08E826E87.e.10310/clear - {}
RESULT: {}
RESULT: {}
COMMAND: POST /session/d06e4a31898e4cf5ae1f0dc562bb1a4d/element/f.FF7867651CD8E469CE707B8552024CE8.d.609C3C5ACF141D2B294F69B08E826E87.e.10310/value - {"text":"WebdriverRUR2C"}
COMMAND: GET /session/d06e4a31898e4cf5ae1f0dc562bb1a4d/screenshot - {}
RESULT: {"text":"WebdriverRUR2C"}
COMMAND: GET /session/d06e4a31898e4cf5ae1f0dc562bb1a4d/screenshot - {}
RESULT: {}
RESULT: {}
COMMAND: POST /session/d06e4a31898e4cf5ae1f0dc562bb1a4d/actions - {"actions":[{"id":"action63","type":"key","parameters":{},"actions":[{"type":"keyDown","value":"î€‡"},{"type":"pause","duration":10},{"type":"keyUp","value":"î€‡"}]}]}
RESULT: {"actions":[{"id":"action63","type":"key","parameters":{},"actions":[{"type":"keyDown","value":"î€‡"},{"type":"pause","duration":10},{"type":"keyUp","value":"î€‡"}]}]}
COMMAND: GET /session/d06e4a31898e4cf5ae1f0dc562bb1a4d/screenshot - {}
RESULT: {}
COMMAND: POST /session/d06e4a31898e4cf5ae1f0dc562bb1a4d/actions - {"actions":[{"id":"action64","type":"key","parameters":{},"actions":[{"type":"keyDown","value":"î€‡"},{"type":"pause","duration":10},{"type":"keyUp","value":"î€‡"}]}]}
RESULT: {"actions":[{"id":"action64","type":"key","parameters":{},"actions":[{"type":"keyDown","value":"î€‡"},{"type":"pause","duration":10},{"type":"keyUp","value":"î€‡"}]}]}
COMMAND: GET /session/d06e4a31898e4cf5ae1f0dc562bb1a4d/screenshot - {}
RESULT: {}
COMMAND: POST /session/d06e4a31898e4cf5ae1f0dc562bb1a4d/element - {"using":"xpath","value":"(//button[@data-kt=\"saveButton\"])[2]"}
RESULT: {"using":"xpath","value":"(//button[@data-kt=\"saveButton\"])[2]"}
COMMAND: POST /session/d06e4a31898e4cf5ae1f0dc562bb1a4d/element/f.FF7867651CD8E469CE707B8552024CE8.d.609C3C5ACF141D2B294F69B08E826E87.e.10335/click - {}
RESULT: {}
COMMAND: GET /session/d06e4a31898e4cf5ae1f0dc562bb1a4d/screenshot - {}
RESULT: {}
COMMAND: POST /session/d06e4a31898e4cf5ae1f0dc562bb1a4d/element - {"using":"xpath","value":"//button[contains(@data-kt ,\"contractDetailEditBtnButton\")]"}
RESULT: {"using":"xpath","value":"//button[contains(@data-kt ,\"contractDetailEditBtnButton\")]"}
COMMAND: POST /session/d06e4a31898e4cf5ae1f0dc562bb1a4d/execute/sync - {"script":"<script> [8489 bytes]","args":[{"element-6066-11e4-a52e-4f735466cecf":"f.FF7867651CD8E469CE707B8552024CE8.d.609C3C5ACF141D2B294F69B08E826E87.e.10243","ELEMENT":"f.FF7867651CD8E469CE707B8552024CE8.d.609C3C5ACF141D2B294F69B08E826E87.e.10243"}]}
RESULT: {"script":"<script> [8489 bytes]","args":[{"element-6066-11e4-a52e-4f735466cecf":"f.FF7867651CD8E469CE707B8552024CE8.d.609C3C5ACF141D2B294F69B08E826E87.e.10243","ELEMENT":"f.FF7867651CD8E469CE707B8552024CE8.d.609C3C5ACF141D2B294F69B08E826E87.e.10243"}]}
COMMAND: POST /session/d06e4a31898e4cf5ae1f0dc562bb1a4d/execute/sync - {"script":"<script> [8489 bytes]","args":[{"element-6066-11e4-a52e-4f735466cecf":"f.FF7867651CD8E469CE707B8552024CE8.d.609C3C5ACF141D2B294F69B08E826E87.e.10243","ELEMENT":"f.FF7867651CD8E469CE707B8552024CE8.d.609C3C5ACF141D2B294F69B08E826E87.e.10243"}]}
COMMAND: GET /session/d06e4a31898e4cf5ae1f0dc562bb1a4d/screenshot - {}
RESULT: {"script":"<script> [8489 bytes]","args":[{"element-6066-11e4-a52e-4f735466cecf":"f.FF7867651CD8E469CE707B8552024CE8.d.609C3C5ACF141D2B294F69B08E826E87.e.10243","ELEMENT":"f.FF7867651CD8E469CE707B8552024CE8.d.609C3C5ACF141D2B294F69B08E826E87.e.10243"}]}
COMMAND: POST /session/d06e4a31898e4cf5ae1f0dc562bb1a4d/execute/sync - {"script":"<script> [5351 bytes]","args":[{"element-6066-11e4-a52e-4f735466cecf":"f.FF7867651CD8E469CE707B8552024CE8.d.609C3C5ACF141D2B294F69B08E826E87.e.10243","ELEMENT":"f.FF7867651CD8E469CE707B8552024CE8.d.609C3C5ACF141D2B294F69B08E826E87.e.10243"}]}
COMMAND: GET /session/d06e4a31898e4cf5ae1f0dc562bb1a4d/screenshot - {}
RESULT: {}
RESULT: {"script":"<script> [5351 bytes]","args":[{"element-6066-11e4-a52e-4f735466cecf":"f.FF7867651CD8E469CE707B8552024CE8.d.609C3C5ACF141D2B294F69B08E826E87.e.10243","ELEMENT":"f.FF7867651CD8E469CE707B8552024CE8.d.609C3C5ACF141D2B294F69B08E826E87.e.10243"}]}
COMMAND: POST /session/d06e4a31898e4cf5ae1f0dc562bb1a4d/element - {"using":"xpath","value":"(//span[contains(text(), \"Header Billing Items\")])[1]"}
COMMAND: GET /session/d06e4a31898e4cf5ae1f0dc562bb1a4d/screenshot - {}
RESULT: {}
RESULT: {"using":"xpath","value":"(//span[contains(text(), \"Header Billing Items\")])[1]"}
COMMAND: POST /session/d06e4a31898e4cf5ae1f0dc562bb1a4d/element/f.FF7867651CD8E469CE707B8552024CE8.d.609C3C5ACF141D2B294F69B08E826E87.e.10338/click - {}
RESULT: {}
RESULT: {}
COMMAND: GET /session/d06e4a31898e4cf5ae1f0dc562bb1a4d/screenshot - {}
RESULT: {}
COMMAND: POST /session/d06e4a31898e4cf5ae1f0dc562bb1a4d/execute/async - {"script":"<script> [1562 bytes]","args":[{"selector":{"controlType":"sap.m.Title","viewName":"etm.portal.ui.managecontracts.view.Detail","properties":{"text":"Contract Items (1)"}},"wdio_ui5_key":"etmportal.ui.managecontracts.view.Detailsap.m.Title{\"text\":\"Contract Items (1)\"}"}]}
RESULT: {"script":"<script> [1562 bytes]","args":[{"selector":{"controlType":"sap.m.Title","viewName":"etm.portal.ui.managecontracts.view.Detail","properties":{"text":"Contract Items (1)"}},"wdio_ui5_key":"etmportal.ui.managecontracts.view.Detailsap.m.Title{\"text\":\"Contract Items (1)\"}"}]}
RESULT: undefined
COMMAND: POST /session/d06e4a31898e4cf5ae1f0dc562bb1a4d/execute/async - {"script":"<script> [6424 bytes]","args":[{"element-6066-11e4-a52e-4f735466cecf":"f.FF7867651CD8E469CE707B8552024CE8.d.609C3C5ACF141D2B294F69B08E826E87.e.10340"},"getText",[]]}
RESULT: {"script":"<script> [6424 bytes]","args":[{"element-6066-11e4-a52e-4f735466cecf":"f.FF7867651CD8E469CE707B8552024CE8.d.609C3C5ACF141D2B294F69B08E826E87.e.10340"},"getText",[]]}
COMMAND: POST /session/d06e4a31898e4cf5ae1f0dc562bb1a4d/element - {"using":"xpath","value":"(//span[contains(@class ,\"sapMObjStatusText\")])[1]"}
RESULT: {"using":"xpath","value":"(//span[contains(@class ,\"sapMObjStatusText\")])[1]"}
COMMAND: GET /session/d06e4a31898e4cf5ae1f0dc562bb1a4d/element/f.FF7867651CD8E469CE707B8552024CE8.d.609C3C5ACF141D2B294F69B08E826E87.e.10341/text - {}
RESULT: {}
COMMAND: POST /session/d06e4a31898e4cf5ae1f0dc562bb1a4d/refresh - {}
RESULT: {}
COMMAND: GET /session/d06e4a31898e4cf5ae1f0dc562bb1a4d/screenshot - {}
RESULT: {}
COMMAND: POST /session/d06e4a31898e4cf5ae1f0dc562bb1a4d/execute/async - {"script":"<script> [189 bytes]","args":[]}
RESULT: {"script":"<script> [189 bytes]","args":[]}
COMMAND: POST /session/d06e4a31898e4cf5ae1f0dc562bb1a4d/execute/async - {"script":"<script> [123 bytes]","args":[]}
RESULT: {"script":"<script> [123 bytes]","args":[]}
COMMAND: POST /session/d06e4a31898e4cf5ae1f0dc562bb1a4d/timeouts - {"script":"<number>"}
RESULT: {"script":"<number>"}
COMMAND: GET /session/d06e4a31898e4cf5ae1f0dc562bb1a4d/timeouts - {}
RESULT: {}
RESULT: undefined
COMMAND: POST /session/d06e4a31898e4cf5ae1f0dc562bb1a4d/execute/async - {"script":"<script> [2676 bytes]","args":[]}
RESULT: {"script":"<script> [2676 bytes]","args":[]}
COMMAND: POST /session/d06e4a31898e4cf5ae1f0dc562bb1a4d/execute/async - {"script":"<script> [2342 bytes]","args":[{"protocol":"http","hostname":"0.0.0.0","path":"/","capabilities":{"browserName":"chrome","goog:chromeOptions":{"binary":"C:\\Program Files\\Google\\Chrome\\Application\\chrome.exe","args":["--start-maximized"]}},"logLevel":"warn","connectionRetryTimeout":120000,"connectionRetryCount":3,"logLevels":{},"enableDirectConnect":true,"strictSSL":true,"_":"65 more keys: [\"cacheDir\",\"port\",\"requestedCapabilities\",\"automationProtocol\",\"baseUrl\",\"waitforInterval\",\"waitforTimeout\",\"onReload\",\"beforeCommand\",\"afterCommand\",\"rootDir\",\"specs\",\"suites\",\"exclude\",\"groupLogsByTestSpec\",\"excludeDriverLogs\",\"bail\",\"framework\",\"reporters\",\"services\",\"maxInstances\",\"maxInstancesPerCapability\",\"injectGlobals\",\"filesToWatch\",\"execArgv\",\"runnerEnv\",\"runner\",\"shard\",\"specFileRetries\",\"specFileRetriesDelay\",\"specFileRetriesDeferred\",\"reporterSyncInterval\",\"reporterSyncTimeout\",\"cucumberFeaturesWithLineNumbers\",\"autoCompileOpts\",\"mochaOpts\",\"jasmineOpts\",\"cucumberOpts\",\"onPrepare\",\"onWorkerStart\",\"onWorkerEnd\",\"before\",\"beforeSession\",\"beforeSuite\",\"beforeHook\",\"beforeTest\",\"afterTest\",\"afterHook\",\"afterSuite\",\"afterSession\",\"after\",\"onComplete\",\"beforeAssertion\",\"afterAssertion\",\"beforeFeature\",\"beforeScenario\",\"beforeStep\",\"afterStep\",\"afterScenario\",\"afterFeature\",\"_\",\"suite\",\"$0\",\"ignoredWorkerServices\",\"wdi5\"]"}]}
RESULT: {"script":"<script> [2342 bytes]","args":[{"protocol":"http","hostname":"0.0.0.0","path":"/","capabilities":{"browserName":"chrome","goog:chromeOptions":{"binary":"C:\\Program Files\\Google\\Chrome\\Application\\chrome.exe","args":["--start-maximized"]}},"logLevel":"warn","connectionRetryTimeout":120000,"connectionRetryCount":3,"logLevels":{},"enableDirectConnect":true,"strictSSL":true,"_":"65 more keys: [\"cacheDir\",\"port\",\"requestedCapabilities\",\"automationProtocol\",\"baseUrl\",\"waitforInterval\",\"waitforTimeout\",\"onReload\",\"beforeCommand\",\"afterCommand\",\"rootDir\",\"specs\",\"suites\",\"exclude\",\"groupLogsByTestSpec\",\"excludeDriverLogs\",\"bail\",\"framework\",\"reporters\",\"services\",\"maxInstances\",\"maxInstancesPerCapability\",\"injectGlobals\",\"filesToWatch\",\"execArgv\",\"runnerEnv\",\"runner\",\"shard\",\"specFileRetries\",\"specFileRetriesDelay\",\"specFileRetriesDeferred\",\"reporterSyncInterval\",\"reporterSyncTimeout\",\"cucumberFeaturesWithLineNumbers\",\"autoCompileOpts\",\"mochaOpts\",\"jasmineOpts\",\"cucumberOpts\",\"onPrepare\",\"onWorkerStart\",\"onWorkerEnd\",\"before\",\"beforeSession\",\"beforeSuite\",\"beforeHook\",\"beforeTest\",\"afterTest\",\"afterHook\",\"afterSuite\",\"afterSession\",\"after\",\"onComplete\",\"beforeAssertion\",\"afterAssertion\",\"beforeFeature\",\"beforeScenario\",\"beforeStep\",\"afterStep\",\"afterScenario\",\"afterFeature\",\"_\",\"suite\",\"$0\",\"ignoredWorkerServices\",\"wdi5\"]"}]}
COMMAND: POST /session/d06e4a31898e4cf5ae1f0dc562bb1a4d/execute/async - {"script":"<script> [21126 bytes]","args":[35000]}
RESULT: {"script":"<script> [21126 bytes]","args":[35000]}
COMMAND: POST /session/d06e4a31898e4cf5ae1f0dc562bb1a4d/element - {"using":"css selector","value":"#shell-header-logo"}
RESULT: {"using":"css selector","value":"#shell-header-logo"}
COMMAND: POST /session/d06e4a31898e4cf5ae1f0dc562bb1a4d/element/f.FF7867651CD8E469CE707B8552024CE8.d.39C3685539C91F4F4EA58C253A4A0035.e.10348/click - {}
RESULT: {}
COMMAND: GET /session/d06e4a31898e4cf5ae1f0dc562bb1a4d/screenshot - {}
RESULT: {}
]]></system-out>
    </testcase>
  </testsuite>
  <testsuite timestamp="2025-05-17T18:17:34" time="1297.737" tests="7" failures="0" errors="0" skipped="0">
    <properties>
      <property name="specId" value="0" />
      <property name="suiteName" value="E2E - Logistical and commercial statuses" />
      <property name="capabilities" value="chrome.136_0_7103_93.windows" />
      <property name="file" value="file:///D:/a/1/s/test/specs/R2C/E2E-Logistical-and-commercial-status.spec.js" />
    </properties>
    <testcase classname="chrome.136_0_7103_93.windows.E2E_-_Logistical_and_commercial_statuses" name="Should create prerequisites yard partner and site" time="300.12">
      <system-out><![CDATA[
COMMAND: POST /session/d06e4a31898e4cf5ae1f0dc562bb1a4d/execute/async - {"script":"<script> [1562 bytes]","args":[{"selector":{"controlType":"sap.m.GenericTile","properties":{"header":"Manage Yards"}},"wdio_ui5_key":"sapm.GenericTile{\"header\":\"Manage Yards\"}"}]}
RESULT: {"script":"<script> [1562 bytes]","args":[{"selector":{"controlType":"sap.m.GenericTile","properties":{"header":"Manage Yards"}},"wdio_ui5_key":"sapm.GenericTile{\"header\":\"Manage Yards\"}"}]}
RESULT: undefined
COMMAND: POST /session/d06e4a31898e4cf5ae1f0dc562bb1a4d/element - {"using":"xpath","value":"//*[@id=\"__tile41\"]"}
RESULT: {"using":"xpath","value":"//*[@id=\"__tile41\"]"}
COMMAND: POST /session/d06e4a31898e4cf5ae1f0dc562bb1a4d/element/f.FF7867651CD8E469CE707B8552024CE8.d.39C3685539C91F4F4EA58C253A4A0035.e.10575/click - {}
RESULT: {}
COMMAND: GET /session/d06e4a31898e4cf5ae1f0dc562bb1a4d/screenshot - {}
RESULT: {}
COMMAND: POST /session/d06e4a31898e4cf5ae1f0dc562bb1a4d/elements - {"using":"xpath","value":"//span[text()='Error']"}
RESULT: {"using":"xpath","value":"//span[text()='Error']"}
COMMAND: POST /session/d06e4a31898e4cf5ae1f0dc562bb1a4d/execute/async - {"script":"<script> [1562 bytes]","args":[{"selector":{"controlType":"sap.ui.core.Icon","viewName":"etm.portal.ui.manageyards.view.Master","viewId":"application-manageyards-display-component---masterYard","properties":{"src":{"regex":{"source":"add"}}}},"wdio_ui5_key":"etmportal.ui.manageyards.view.Mastersap.ui.core.Icon{\"src\":{\"regex\":{\"source\":\"add\"}}}"}]}
RESULT: {"script":"<script> [1562 bytes]","args":[{"selector":{"controlType":"sap.ui.core.Icon","viewName":"etm.portal.ui.manageyards.view.Master","viewId":"application-manageyards-display-component---masterYard","properties":{"src":{"regex":{"source":"add"}}}},"wdio_ui5_key":"etmportal.ui.manageyards.view.Mastersap.ui.core.Icon{\"src\":{\"regex\":{\"source\":\"add\"}}}"}]}
RESULT: undefined
COMMAND: POST /session/d06e4a31898e4cf5ae1f0dc562bb1a4d/element - {"using":"xpath","value":"//*[@id=\"__button14-img\"]"}
RESULT: {"using":"xpath","value":"//*[@id=\"__button14-img\"]"}
COMMAND: POST /session/d06e4a31898e4cf5ae1f0dc562bb1a4d/element/f.FF7867651CD8E469CE707B8552024CE8.d.39C3685539C91F4F4EA58C253A4A0035.e.10619/click - {}
RESULT: {}
COMMAND: GET /session/d06e4a31898e4cf5ae1f0dc562bb1a4d/screenshot - {}
RESULT: {}
COMMAND: POST /session/d06e4a31898e4cf5ae1f0dc562bb1a4d/execute/async - {"script":"<script> [1562 bytes]","args":[{"selector":{"id":"application-manageyards-display-component---NewYard--yardId","interaction":{"idSuffix":"inner"}},"wdio_ui5_key":"applicationmanageyards-display-component---NewYard--yardId"}]}
RESULT: {"script":"<script> [1562 bytes]","args":[{"selector":{"id":"application-manageyards-display-component---NewYard--yardId","interaction":{"idSuffix":"inner"}},"wdio_ui5_key":"applicationmanageyards-display-component---NewYard--yardId"}]}
RESULT: undefined
COMMAND: POST /session/d06e4a31898e4cf5ae1f0dc562bb1a4d/element - {"using":"xpath","value":"//*[@id=\"application-manageyards-display-component---NewYard--addressDetailDetailsName1-inner\"]"}
RESULT: {"using":"xpath","value":"//*[@id=\"application-manageyards-display-component---NewYard--addressDetailDetailsName1-inner\"]"}
COMMAND: POST /session/d06e4a31898e4cf5ae1f0dc562bb1a4d/element/f.FF7867651CD8E469CE707B8552024CE8.d.39C3685539C91F4F4EA58C253A4A0035.e.10807/clear - {}
RESULT: {}
COMMAND: POST /session/d06e4a31898e4cf5ae1f0dc562bb1a4d/element/f.FF7867651CD8E469CE707B8552024CE8.d.39C3685539C91F4F4EA58C253A4A0035.e.10807/value - {"text":"WebdriverYardwr994l"}
COMMAND: GET /session/d06e4a31898e4cf5ae1f0dc562bb1a4d/screenshot - {}
RESULT: {"text":"WebdriverYardwr994l"}
COMMAND: POST /session/d06e4a31898e4cf5ae1f0dc562bb1a4d/element - {"using":"xpath","value":"//*[@id=\"application-manageyards-display-component---NewYard--addressDetailDetailsLanguage-inner\"]"}
COMMAND: GET /session/d06e4a31898e4cf5ae1f0dc562bb1a4d/screenshot - {}
RESULT: {}
RESULT: {"using":"xpath","value":"//*[@id=\"application-manageyards-display-component---NewYard--addressDetailDetailsLanguage-inner\"]"}
COMMAND: POST /session/d06e4a31898e4cf5ae1f0dc562bb1a4d/element/f.FF7867651CD8E469CE707B8552024CE8.d.39C3685539C91F4F4EA58C253A4A0035.e.10808/clear - {}
RESULT: {}
RESULT: {}
COMMAND: POST /session/d06e4a31898e4cf5ae1f0dc562bb1a4d/element/f.FF7867651CD8E469CE707B8552024CE8.d.39C3685539C91F4F4EA58C253A4A0035.e.10808/value - {"text":"Romanian"}
COMMAND: GET /session/d06e4a31898e4cf5ae1f0dc562bb1a4d/screenshot - {}
RESULT: {"text":"Romanian"}
COMMAND: POST /session/d06e4a31898e4cf5ae1f0dc562bb1a4d/element - {"using":"xpath","value":"//input[contains(@id ,\"application-manageyards-display-component---NewYard--addressDetailDetailsName1-inner\")]"}
COMMAND: GET /session/d06e4a31898e4cf5ae1f0dc562bb1a4d/screenshot - {}
RESULT: {}
RESULT: {"using":"xpath","value":"//input[contains(@id ,\"application-manageyards-display-component---NewYard--addressDetailDetailsName1-inner\")]"}
COMMAND: GET /session/d06e4a31898e4cf5ae1f0dc562bb1a4d/element/f.FF7867651CD8E469CE707B8552024CE8.d.39C3685539C91F4F4EA58C253A4A0035.e.10807/property/value - {}
RESULT: {}
RESULT: {}
COMMAND: GET /session/d06e4a31898e4cf5ae1f0dc562bb1a4d/screenshot - {}
RESULT: {}
COMMAND: POST /session/d06e4a31898e4cf5ae1f0dc562bb1a4d/element - {"using":"xpath","value":"//*[@id=\"application-manageyards-display-component---NewYard--addressDetailDetailsCity1-inner\"]"}
RESULT: {"using":"xpath","value":"//*[@id=\"application-manageyards-display-component---NewYard--addressDetailDetailsCity1-inner\"]"}
COMMAND: POST /session/d06e4a31898e4cf5ae1f0dc562bb1a4d/element/f.FF7867651CD8E469CE707B8552024CE8.d.39C3685539C91F4F4EA58C253A4A0035.e.10810/clear - {}
RESULT: {}
COMMAND: POST /session/d06e4a31898e4cf5ae1f0dc562bb1a4d/element/f.FF7867651CD8E469CE707B8552024CE8.d.39C3685539C91F4F4EA58C253A4A0035.e.10810/value - {"text":"Bucuresti"}
COMMAND: GET /session/d06e4a31898e4cf5ae1f0dc562bb1a4d/screenshot - {}
RESULT: {"text":"Bucuresti"}
COMMAND: GET /session/d06e4a31898e4cf5ae1f0dc562bb1a4d/screenshot - {}
RESULT: {}
RESULT: {}
COMMAND: POST /session/d06e4a31898e4cf5ae1f0dc562bb1a4d/element - {"using":"xpath","value":"//*[@id=\"application-manageyards-display-component---NewYard--addressDetailDetailsCountry-inner\"]"}
RESULT: {"using":"xpath","value":"//*[@id=\"application-manageyards-display-component---NewYard--addressDetailDetailsCountry-inner\"]"}
COMMAND: POST /session/d06e4a31898e4cf5ae1f0dc562bb1a4d/element/f.FF7867651CD8E469CE707B8552024CE8.d.39C3685539C91F4F4EA58C253A4A0035.e.10814/clear - {}
RESULT: {}
COMMAND: POST /session/d06e4a31898e4cf5ae1f0dc562bb1a4d/element/f.FF7867651CD8E469CE707B8552024CE8.d.39C3685539C91F4F4EA58C253A4A0035.e.10814/value - {"text":"Romania"}
COMMAND: GET /session/d06e4a31898e4cf5ae1f0dc562bb1a4d/screenshot - {}
RESULT: {"text":"Romania"}
COMMAND: GET /session/d06e4a31898e4cf5ae1f0dc562bb1a4d/screenshot - {}
RESULT: {}
RESULT: {}
COMMAND: POST /session/d06e4a31898e4cf5ae1f0dc562bb1a4d/element - {"using":"xpath","value":"//div[contains(text(), \"Commercial\")]"}
RESULT: {"using":"xpath","value":"//div[contains(text(), \"Commercial\")]"}
COMMAND: GET /session/d06e4a31898e4cf5ae1f0dc562bb1a4d/element/f.FF7867651CD8E469CE707B8552024CE8.d.39C3685539C91F4F4EA58C253A4A0035.e.11051/rect - {}
RESULT: {}
COMMAND: GET /session/d06e4a31898e4cf5ae1f0dc562bb1a4d/window/rect - {}
RESULT: {}
COMMAND: POST /session/d06e4a31898e4cf5ae1f0dc562bb1a4d/execute/sync - {"script":"<script> [92 bytes]","args":[]}
RESULT: {"script":"<script> [92 bytes]","args":[]}
COMMAND: POST /session/d06e4a31898e4cf5ae1f0dc562bb1a4d/actions - {"actions":[{"id":"action65","type":"wheel","parameters":{},"actions":[{"type":"scroll","x":-1841,"y":-44,"deltaX":0,"deltaY":0,"duration":0,"origin":{"element-6066-11e4-a52e-4f735466cecf":"f.FF7867651CD8E469CE707B8552024CE8.d.39C3685539C91F4F4EA58C253A4A0035.e.11051"}}]}]}
COMMAND: GET /session/d06e4a31898e4cf5ae1f0dc562bb1a4d/screenshot - {}
RESULT: {}
COMMAND: POST /session/d06e4a31898e4cf5ae1f0dc562bb1a4d/execute/sync - {"script":"<script> [79 bytes]","args":[{"element-6066-11e4-a52e-4f735466cecf":"f.FF7867651CD8E469CE707B8552024CE8.d.39C3685539C91F4F4EA58C253A4A0035.e.11051","ELEMENT":"f.FF7867651CD8E469CE707B8552024CE8.d.39C3685539C91F4F4EA58C253A4A0035.e.11051"},{"block":"start","inline":"nearest"}]}
RESULT: {"script":"<script> [79 bytes]","args":[{"element-6066-11e4-a52e-4f735466cecf":"f.FF7867651CD8E469CE707B8552024CE8.d.39C3685539C91F4F4EA58C253A4A0035.e.11051","ELEMENT":"f.FF7867651CD8E469CE707B8552024CE8.d.39C3685539C91F4F4EA58C253A4A0035.e.11051"},{"block":"start","inline":"nearest"}]}
COMMAND: GET /session/d06e4a31898e4cf5ae1f0dc562bb1a4d/screenshot - {}
RESULT: {}
COMMAND: POST /session/d06e4a31898e4cf5ae1f0dc562bb1a4d/execute/async - {"script":"<script> [1562 bytes]","args":[{"selector":{"id":"application-manageyards-display-component---NewYard--addressEditDetailsCostObjectCstType-arrow"},"wdio_ui5_key":"applicationmanageyards-display-component---NewYard--addressEditDetailsCostObjectCstType-arrow"}]}
RESULT: {"script":"<script> [1562 bytes]","args":[{"selector":{"id":"application-manageyards-display-component---NewYard--addressEditDetailsCostObjectCstType-arrow"},"wdio_ui5_key":"applicationmanageyards-display-component---NewYard--addressEditDetailsCostObjectCstType-arrow"}]}
RESULT: undefined
COMMAND: POST /session/d06e4a31898e4cf5ae1f0dc562bb1a4d/element - {"using":"xpath","value":"//*[@id=\"application-manageyards-display-component---NewYard--addressEditDetailsCostObjectCstType-arrow\"]"}
RESULT: {"using":"xpath","value":"//*[@id=\"application-manageyards-display-component---NewYard--addressEditDetailsCostObjectCstType-arrow\"]"}
COMMAND: POST /session/d06e4a31898e4cf5ae1f0dc562bb1a4d/element/f.FF7867651CD8E469CE707B8552024CE8.d.39C3685539C91F4F4EA58C253A4A0035.e.11059/click - {}
RESULT: {}
COMMAND: POST /session/d06e4a31898e4cf5ae1f0dc562bb1a4d/element - {"using":"xpath","value":"//span[contains(text(), \"Cost Center\")]"}
COMMAND: GET /session/d06e4a31898e4cf5ae1f0dc562bb1a4d/screenshot - {}
RESULT: {"using":"xpath","value":"//span[contains(text(), \"Cost Center\")]"}
COMMAND: POST /session/d06e4a31898e4cf5ae1f0dc562bb1a4d/element/f.FF7867651CD8E469CE707B8552024CE8.d.39C3685539C91F4F4EA58C253A4A0035.e.11060/click - {}
RESULT: {}
RESULT: {}
COMMAND: GET /session/d06e4a31898e4cf5ae1f0dc562bb1a4d/screenshot - {}
RESULT: {}
COMMAND: POST /session/d06e4a31898e4cf5ae1f0dc562bb1a4d/execute/async - {"script":"<script> [1562 bytes]","args":[{"selector":{"id":"application-manageyards-display-component---NewYard--addressNewCostObjectCstID-vhi"},"wdio_ui5_key":"applicationmanageyards-display-component---NewYard--addressNewCostObjectCstID-vhi"}]}
RESULT: {"script":"<script> [1562 bytes]","args":[{"selector":{"id":"application-manageyards-display-component---NewYard--addressNewCostObjectCstID-vhi"},"wdio_ui5_key":"applicationmanageyards-display-component---NewYard--addressNewCostObjectCstID-vhi"}]}
RESULT: undefined
COMMAND: POST /session/d06e4a31898e4cf5ae1f0dc562bb1a4d/element - {"using":"xpath","value":"//*[@id=\"application-manageyards-display-component---NewYard--addressNewCostObjectCstID-vhi\"]"}
RESULT: {"using":"xpath","value":"//*[@id=\"application-manageyards-display-component---NewYard--addressNewCostObjectCstID-vhi\"]"}
COMMAND: POST /session/d06e4a31898e4cf5ae1f0dc562bb1a4d/element/f.FF7867651CD8E469CE707B8552024CE8.d.39C3685539C91F4F4EA58C253A4A0035.e.11064/click - {}
RESULT: {}
COMMAND: GET /session/d06e4a31898e4cf5ae1f0dc562bb1a4d/screenshot - {}
RESULT: {}
COMMAND: POST /session/d06e4a31898e4cf5ae1f0dc562bb1a4d/execute/async - {"script":"<script> [1562 bytes]","args":[{"selector":{"controlType":"sap.m.SearchField","properties":{"placeholder":"Search"},"searchOpenDialogs":true,"interaction":{"idSuffix":"I"}},"wdio_ui5_key":"sapm.SearchField{\"placeholder\":\"Search\"}"}]}
RESULT: {"script":"<script> [1562 bytes]","args":[{"selector":{"controlType":"sap.m.SearchField","properties":{"placeholder":"Search"},"searchOpenDialogs":true,"interaction":{"idSuffix":"I"}},"wdio_ui5_key":"sapm.SearchField{\"placeholder\":\"Search\"}"}]}
RESULT: undefined
COMMAND: POST /session/d06e4a31898e4cf5ae1f0dc562bb1a4d/execute/async - {"script":"<script> [776 bytes]","args":[{"enterText":"10001013","selector":{"controlType":"sap.m.SearchField","properties":{"placeholder":"Search"},"searchOpenDialogs":true,"interaction":{"idSuffix":"I"}},"clearTextFirst":true,"interactionType":"ENTER_TEXT"}]}
RESULT: {"script":"<script> [776 bytes]","args":[{"enterText":"10001013","selector":{"controlType":"sap.m.SearchField","properties":{"placeholder":"Search"},"searchOpenDialogs":true,"interaction":{"idSuffix":"I"}},"clearTextFirst":true,"interactionType":"ENTER_TEXT"}]}
COMMAND: POST /session/d06e4a31898e4cf5ae1f0dc562bb1a4d/actions - {"actions":[{"id":"action66","type":"key","parameters":{},"actions":[{"type":"keyDown","value":"î€‡"},{"type":"pause","duration":10},{"type":"keyUp","value":"î€‡"}]}]}
RESULT: {"actions":[{"id":"action66","type":"key","parameters":{},"actions":[{"type":"keyDown","value":"î€‡"},{"type":"pause","duration":10},{"type":"keyUp","value":"î€‡"}]}]}
COMMAND: GET /session/d06e4a31898e4cf5ae1f0dc562bb1a4d/screenshot - {}
RESULT: {}
COMMAND: POST /session/d06e4a31898e4cf5ae1f0dc562bb1a4d/element - {"using":"xpath","value":"//span[contains(text(), \"General Management\")]"}
RESULT: {"using":"xpath","value":"//span[contains(text(), \"General Management\")]"}
COMMAND: POST /session/d06e4a31898e4cf5ae1f0dc562bb1a4d/element/f.FF7867651CD8E469CE707B8552024CE8.d.39C3685539C91F4F4EA58C253A4A0035.e.11105/click - {}
RESULT: {}
COMMAND: GET /session/d06e4a31898e4cf5ae1f0dc562bb1a4d/screenshot - {}
RESULT: {}
COMMAND: POST /session/d06e4a31898e4cf5ae1f0dc562bb1a4d/element - {"using":"xpath","value":"//bdi[contains(text(), \"OK\")]"}
RESULT: {"using":"xpath","value":"//bdi[contains(text(), \"OK\")]"}
COMMAND: POST /session/d06e4a31898e4cf5ae1f0dc562bb1a4d/element/f.FF7867651CD8E469CE707B8552024CE8.d.39C3685539C91F4F4EA58C253A4A0035.e.11106/click - {}
RESULT: {}
COMMAND: GET /session/d06e4a31898e4cf5ae1f0dc562bb1a4d/screenshot - {}
RESULT: {}
COMMAND: POST /session/d06e4a31898e4cf5ae1f0dc562bb1a4d/execute/async - {"script":"<script> [1562 bytes]","args":[{"selector":{"controlType":"sap.m.Button","viewName":"etm.portal.ui.manageyards.view.New","viewId":"application-manageyards-display-component---NewYard","i18NText":{"propertyName":"text","key":"save"},"interaction":{"idSuffix":"inner"}},"wdio_ui5_key":"etmportal.ui.manageyards.view.Newsap.m.Button{\"propertyName\":\"text\",\"key\":\"save\"}"}]}
RESULT: {"script":"<script> [1562 bytes]","args":[{"selector":{"controlType":"sap.m.Button","viewName":"etm.portal.ui.manageyards.view.New","viewId":"application-manageyards-display-component---NewYard","i18NText":{"propertyName":"text","key":"save"},"interaction":{"idSuffix":"inner"}},"wdio_ui5_key":"etmportal.ui.manageyards.view.Newsap.m.Button{\"propertyName\":\"text\",\"key\":\"save\"}"}]}
RESULT: undefined
COMMAND: POST /session/d06e4a31898e4cf5ae1f0dc562bb1a4d/element - {"using":"xpath","value":"//*[@id=\"__button28\"]"}
RESULT: {"using":"xpath","value":"//*[@id=\"__button28\"]"}
COMMAND: POST /session/d06e4a31898e4cf5ae1f0dc562bb1a4d/element/f.FF7867651CD8E469CE707B8552024CE8.d.39C3685539C91F4F4EA58C253A4A0035.e.11014/click - {}
RESULT: {}
COMMAND: GET /session/d06e4a31898e4cf5ae1f0dc562bb1a4d/screenshot - {}
RESULT: {}
COMMAND: POST /session/d06e4a31898e4cf5ae1f0dc562bb1a4d/element - {"using":"xpath","value":"//header/div/div[2]/div[2]/span"}
RESULT: {"using":"xpath","value":"//header/div/div[2]/div[2]/span"}
COMMAND: GET /session/d06e4a31898e4cf5ae1f0dc562bb1a4d/element/f.FF7867651CD8E469CE707B8552024CE8.d.39C3685539C91F4F4EA58C253A4A0035.e.11306/text - {}
RESULT: {}
COMMAND: POST /session/d06e4a31898e4cf5ae1f0dc562bb1a4d/execute/async - {"script":"<script> [1562 bytes]","args":[{"selector":{"controlType":"sap.m.OverflowToolbarButton","viewName":"etm.portal.ui.manageyards.view.Detail","viewId":"application-manageyards-display-component---detailYard","i18NText":{"propertyName":"tooltip","key":"closeColumn"},"interaction":{"idSuffix":"inner"}},"wdio_ui5_key":"etmportal.ui.manageyards.view.Detailsap.m.OverflowToolbarButton{\"propertyName\":\"tooltip\",\"key\":\"closeColumn\"}"}]}
RESULT: {"script":"<script> [1562 bytes]","args":[{"selector":{"controlType":"sap.m.OverflowToolbarButton","viewName":"etm.portal.ui.manageyards.view.Detail","viewId":"application-manageyards-display-component---detailYard","i18NText":{"propertyName":"tooltip","key":"closeColumn"},"interaction":{"idSuffix":"inner"}},"wdio_ui5_key":"etmportal.ui.manageyards.view.Detailsap.m.OverflowToolbarButton{\"propertyName\":\"tooltip\",\"key\":\"closeColumn\"}"}]}
RESULT: undefined
COMMAND: POST /session/d06e4a31898e4cf5ae1f0dc562bb1a4d/element - {"using":"xpath","value":"//*[@id=\"__button50\"]"}
RESULT: {"using":"xpath","value":"//*[@id=\"__button50\"]"}
COMMAND: POST /session/d06e4a31898e4cf5ae1f0dc562bb1a4d/element/f.FF7867651CD8E469CE707B8552024CE8.d.39C3685539C91F4F4EA58C253A4A0035.e.11308/click - {}
RESULT: {}
COMMAND: GET /session/d06e4a31898e4cf5ae1f0dc562bb1a4d/screenshot - {}
RESULT: {}
COMMAND: POST /session/d06e4a31898e4cf5ae1f0dc562bb1a4d/element - {"using":"css selector","value":"#shell-header-logo"}
RESULT: {"using":"css selector","value":"#shell-header-logo"}
COMMAND: POST /session/d06e4a31898e4cf5ae1f0dc562bb1a4d/element/f.FF7867651CD8E469CE707B8552024CE8.d.39C3685539C91F4F4EA58C253A4A0035.e.10579/click - {}
RESULT: {}
COMMAND: GET /session/d06e4a31898e4cf5ae1f0dc562bb1a4d/screenshot - {}
RESULT: {}
COMMAND: POST /session/d06e4a31898e4cf5ae1f0dc562bb1a4d/refresh - {}
RESULT: {}
COMMAND: GET /session/d06e4a31898e4cf5ae1f0dc562bb1a4d/screenshot - {}
RESULT: {}
COMMAND: POST /session/d06e4a31898e4cf5ae1f0dc562bb1a4d/execute/async - {"script":"<script> [189 bytes]","args":[]}
RESULT: {"script":"<script> [189 bytes]","args":[]}
COMMAND: POST /session/d06e4a31898e4cf5ae1f0dc562bb1a4d/execute/async - {"script":"<script> [123 bytes]","args":[]}
RESULT: {"script":"<script> [123 bytes]","args":[]}
COMMAND: POST /session/d06e4a31898e4cf5ae1f0dc562bb1a4d/timeouts - {"script":"<number>"}
RESULT: {"script":"<number>"}
COMMAND: GET /session/d06e4a31898e4cf5ae1f0dc562bb1a4d/timeouts - {}
RESULT: {}
RESULT: undefined
COMMAND: POST /session/d06e4a31898e4cf5ae1f0dc562bb1a4d/execute/async - {"script":"<script> [2676 bytes]","args":[]}
RESULT: {"script":"<script> [2676 bytes]","args":[]}
COMMAND: POST /session/d06e4a31898e4cf5ae1f0dc562bb1a4d/execute/async - {"script":"<script> [2342 bytes]","args":[{"protocol":"http","hostname":"0.0.0.0","path":"/","capabilities":{"browserName":"chrome","goog:chromeOptions":{"binary":"C:\\Program Files\\Google\\Chrome\\Application\\chrome.exe","args":["--start-maximized"]}},"logLevel":"warn","connectionRetryTimeout":120000,"connectionRetryCount":3,"logLevels":{},"enableDirectConnect":true,"strictSSL":true,"_":"65 more keys: [\"cacheDir\",\"port\",\"requestedCapabilities\",\"automationProtocol\",\"baseUrl\",\"waitforInterval\",\"waitforTimeout\",\"onReload\",\"beforeCommand\",\"afterCommand\",\"rootDir\",\"specs\",\"suites\",\"exclude\",\"groupLogsByTestSpec\",\"excludeDriverLogs\",\"bail\",\"framework\",\"reporters\",\"services\",\"maxInstances\",\"maxInstancesPerCapability\",\"injectGlobals\",\"filesToWatch\",\"execArgv\",\"runnerEnv\",\"runner\",\"shard\",\"specFileRetries\",\"specFileRetriesDelay\",\"specFileRetriesDeferred\",\"reporterSyncInterval\",\"reporterSyncTimeout\",\"cucumberFeaturesWithLineNumbers\",\"autoCompileOpts\",\"mochaOpts\",\"jasmineOpts\",\"cucumberOpts\",\"onPrepare\",\"onWorkerStart\",\"onWorkerEnd\",\"before\",\"beforeSession\",\"beforeSuite\",\"beforeHook\",\"beforeTest\",\"afterTest\",\"afterHook\",\"afterSuite\",\"afterSession\",\"after\",\"onComplete\",\"beforeAssertion\",\"afterAssertion\",\"beforeFeature\",\"beforeScenario\",\"beforeStep\",\"afterStep\",\"afterScenario\",\"afterFeature\",\"_\",\"suite\",\"$0\",\"ignoredWorkerServices\",\"wdi5\"]"}]}
RESULT: {"script":"<script> [2342 bytes]","args":[{"protocol":"http","hostname":"0.0.0.0","path":"/","capabilities":{"browserName":"chrome","goog:chromeOptions":{"binary":"C:\\Program Files\\Google\\Chrome\\Application\\chrome.exe","args":["--start-maximized"]}},"logLevel":"warn","connectionRetryTimeout":120000,"connectionRetryCount":3,"logLevels":{},"enableDirectConnect":true,"strictSSL":true,"_":"65 more keys: [\"cacheDir\",\"port\",\"requestedCapabilities\",\"automationProtocol\",\"baseUrl\",\"waitforInterval\",\"waitforTimeout\",\"onReload\",\"beforeCommand\",\"afterCommand\",\"rootDir\",\"specs\",\"suites\",\"exclude\",\"groupLogsByTestSpec\",\"excludeDriverLogs\",\"bail\",\"framework\",\"reporters\",\"services\",\"maxInstances\",\"maxInstancesPerCapability\",\"injectGlobals\",\"filesToWatch\",\"execArgv\",\"runnerEnv\",\"runner\",\"shard\",\"specFileRetries\",\"specFileRetriesDelay\",\"specFileRetriesDeferred\",\"reporterSyncInterval\",\"reporterSyncTimeout\",\"cucumberFeaturesWithLineNumbers\",\"autoCompileOpts\",\"mochaOpts\",\"jasmineOpts\",\"cucumberOpts\",\"onPrepare\",\"onWorkerStart\",\"onWorkerEnd\",\"before\",\"beforeSession\",\"beforeSuite\",\"beforeHook\",\"beforeTest\",\"afterTest\",\"afterHook\",\"afterSuite\",\"afterSession\",\"after\",\"onComplete\",\"beforeAssertion\",\"afterAssertion\",\"beforeFeature\",\"beforeScenario\",\"beforeStep\",\"afterStep\",\"afterScenario\",\"afterFeature\",\"_\",\"suite\",\"$0\",\"ignoredWorkerServices\",\"wdi5\"]"}]}
COMMAND: POST /session/d06e4a31898e4cf5ae1f0dc562bb1a4d/execute/async - {"script":"<script> [21126 bytes]","args":[35000]}
RESULT: {"script":"<script> [21126 bytes]","args":[35000]}
COMMAND: POST /session/d06e4a31898e4cf5ae1f0dc562bb1a4d/execute/async - {"script":"<script> [1562 bytes]","args":[{"selector":{"controlType":"sap.m.GenericTile","properties":{"header":"Manage Partners"}},"wdio_ui5_key":"sapm.GenericTile{\"header\":\"Manage Partners\"}"}]}
RESULT: {"script":"<script> [1562 bytes]","args":[{"selector":{"controlType":"sap.m.GenericTile","properties":{"header":"Manage Partners"}},"wdio_ui5_key":"sapm.GenericTile{\"header\":\"Manage Partners\"}"}]}
RESULT: undefined
COMMAND: POST /session/d06e4a31898e4cf5ae1f0dc562bb1a4d/element - {"using":"xpath","value":"//*[@id=\"__tile38\"]"}
RESULT: {"using":"xpath","value":"//*[@id=\"__tile38\"]"}
COMMAND: POST /session/d06e4a31898e4cf5ae1f0dc562bb1a4d/element/f.FF7867651CD8E469CE707B8552024CE8.d.A9CC48A06B9382201A8C9A617D052CFD.e.11669/click - {}
RESULT: {}
COMMAND: GET /session/d06e4a31898e4cf5ae1f0dc562bb1a4d/screenshot - {}
RESULT: {}
COMMAND: POST /session/d06e4a31898e4cf5ae1f0dc562bb1a4d/elements - {"using":"xpath","value":"//span[text()='Error']"}
RESULT: {"using":"xpath","value":"//span[text()='Error']"}
COMMAND: POST /session/d06e4a31898e4cf5ae1f0dc562bb1a4d/execute/async - {"script":"<script> [1562 bytes]","args":[{"selector":{"controlType":"sap.ui.core.Icon","viewName":"etm.portal.ui.managepartners.view.Master","viewId":"application-managepartners-display-component---masterPtm","properties":{"src":{"regex":{"source":"add"}}}},"wdio_ui5_key":"etmportal.ui.managepartners.view.Mastersap.ui.core.Icon{\"src\":{\"regex\":{\"source\":\"add\"}}}"}]}
RESULT: {"script":"<script> [1562 bytes]","args":[{"selector":{"controlType":"sap.ui.core.Icon","viewName":"etm.portal.ui.managepartners.view.Master","viewId":"application-managepartners-display-component---masterPtm","properties":{"src":{"regex":{"source":"add"}}}},"wdio_ui5_key":"etmportal.ui.managepartners.view.Mastersap.ui.core.Icon{\"src\":{\"regex\":{\"source\":\"add\"}}}"}]}
RESULT: undefined
COMMAND: POST /session/d06e4a31898e4cf5ae1f0dc562bb1a4d/element - {"using":"xpath","value":"//*[@id=\"__button4-img\"]"}
RESULT: {"using":"xpath","value":"//*[@id=\"__button4-img\"]"}
COMMAND: POST /session/d06e4a31898e4cf5ae1f0dc562bb1a4d/element/f.FF7867651CD8E469CE707B8552024CE8.d.A9CC48A06B9382201A8C9A617D052CFD.e.11719/click - {}
RESULT: {}
COMMAND: GET /session/d06e4a31898e4cf5ae1f0dc562bb1a4d/screenshot - {}
RESULT: {}
COMMAND: POST /session/d06e4a31898e4cf5ae1f0dc562bb1a4d/execute/async - {"script":"<script> [1562 bytes]","args":[{"selector":{"id":"application-managepartners-display-component---NewPartner--partnerId","interaction":{"idSuffix":"inner"}},"wdio_ui5_key":"applicationmanagepartners-display-component---NewPartner--partnerId"}]}
RESULT: {"script":"<script> [1562 bytes]","args":[{"selector":{"id":"application-managepartners-display-component---NewPartner--partnerId","interaction":{"idSuffix":"inner"}},"wdio_ui5_key":"applicationmanagepartners-display-component---NewPartner--partnerId"}]}
RESULT: undefined
COMMAND: POST /session/d06e4a31898e4cf5ae1f0dc562bb1a4d/execute/async - {"script":"<script> [1562 bytes]","args":[{"selector":{"id":"application-managepartners-display-component---NewPartner--addressDetailDetailsName1","interaction":{"idSuffix":"inner"}},"wdio_ui5_key":"applicationmanagepartners-display-component---NewPartner--addressDetailDetailsName1"}]}
RESULT: {"script":"<script> [1562 bytes]","args":[{"selector":{"id":"application-managepartners-display-component---NewPartner--addressDetailDetailsName1","interaction":{"idSuffix":"inner"}},"wdio_ui5_key":"applicationmanagepartners-display-component---NewPartner--addressDetailDetailsName1"}]}
RESULT: undefined
COMMAND: POST /session/d06e4a31898e4cf5ae1f0dc562bb1a4d/execute/async - {"script":"<script> [776 bytes]","args":[{"enterText":"WebdriverPartnerzez9v","selector":{"id":"application-managepartners-display-component---NewPartner--addressDetailDetailsName1","interaction":{"idSuffix":"inner"}},"clearTextFirst":true,"interactionType":"ENTER_TEXT"}]}
RESULT: {"script":"<script> [776 bytes]","args":[{"enterText":"WebdriverPartnerzez9v","selector":{"id":"application-managepartners-display-component---NewPartner--addressDetailDetailsName1","interaction":{"idSuffix":"inner"}},"clearTextFirst":true,"interactionType":"ENTER_TEXT"}]}
COMMAND: POST /session/d06e4a31898e4cf5ae1f0dc562bb1a4d/execute/async - {"script":"<script> [1562 bytes]","args":[{"selector":{"id":"application-managepartners-display-component---NewPartner--addressDetailDetailsLanguage","interaction":{"idSuffix":"inner"}},"wdio_ui5_key":"applicationmanagepartners-display-component---NewPartner--addressDetailDetailsLanguage"}]}
RESULT: {"script":"<script> [1562 bytes]","args":[{"selector":{"id":"application-managepartners-display-component---NewPartner--addressDetailDetailsLanguage","interaction":{"idSuffix":"inner"}},"wdio_ui5_key":"applicationmanagepartners-display-component---NewPartner--addressDetailDetailsLanguage"}]}
RESULT: undefined
COMMAND: POST /session/d06e4a31898e4cf5ae1f0dc562bb1a4d/execute/async - {"script":"<script> [776 bytes]","args":[{"enterText":"Romanian","selector":{"id":"application-managepartners-display-component---NewPartner--addressDetailDetailsLanguage","interaction":{"idSuffix":"inner"}},"clearTextFirst":true,"interactionType":"ENTER_TEXT"}]}
RESULT: {"script":"<script> [776 bytes]","args":[{"enterText":"Romanian","selector":{"id":"application-managepartners-display-component---NewPartner--addressDetailDetailsLanguage","interaction":{"idSuffix":"inner"}},"clearTextFirst":true,"interactionType":"ENTER_TEXT"}]}
COMMAND: POST /session/d06e4a31898e4cf5ae1f0dc562bb1a4d/element - {"using":"xpath","value":"//input[contains(@id ,\"application-managepartners-display-component---NewPartner--addressDetailDetailsName1-inner\")]"}
RESULT: {"using":"xpath","value":"//input[contains(@id ,\"application-managepartners-display-component---NewPartner--addressDetailDetailsName1-inner\")]"}
COMMAND: GET /session/d06e4a31898e4cf5ae1f0dc562bb1a4d/element/f.FF7867651CD8E469CE707B8552024CE8.d.A9CC48A06B9382201A8C9A617D052CFD.e.11859/property/value - {}
RESULT: {}
COMMAND: POST /session/d06e4a31898e4cf5ae1f0dc562bb1a4d/execute/async - {"script":"<script> [1562 bytes]","args":[{"selector":{"id":"application-managepartners-display-component---NewPartner--addressDetailDetailsCity1","interaction":{"idSuffix":"inner"}},"wdio_ui5_key":"applicationmanagepartners-display-component---NewPartner--addressDetailDetailsCity1"}]}
COMMAND: GET /session/d06e4a31898e4cf5ae1f0dc562bb1a4d/screenshot - {}
RESULT: {"script":"<script> [1562 bytes]","args":[{"selector":{"id":"application-managepartners-display-component---NewPartner--addressDetailDetailsCity1","interaction":{"idSuffix":"inner"}},"wdio_ui5_key":"applicationmanagepartners-display-component---NewPartner--addressDetailDetailsCity1"}]}
RESULT: undefined
COMMAND: POST /session/d06e4a31898e4cf5ae1f0dc562bb1a4d/execute/async - {"script":"<script> [776 bytes]","args":[{"enterText":"Bucharest","selector":{"id":"application-managepartners-display-component---NewPartner--addressDetailDetailsCity1","interaction":{"idSuffix":"inner"}},"clearTextFirst":true,"interactionType":"ENTER_TEXT"}]}
RESULT: {}
RESULT: {"script":"<script> [776 bytes]","args":[{"enterText":"Bucharest","selector":{"id":"application-managepartners-display-component---NewPartner--addressDetailDetailsCity1","interaction":{"idSuffix":"inner"}},"clearTextFirst":true,"interactionType":"ENTER_TEXT"}]}
COMMAND: POST /session/d06e4a31898e4cf5ae1f0dc562bb1a4d/execute/async - {"script":"<script> [1562 bytes]","args":[{"selector":{"id":"application-managepartners-display-component---NewPartner--addressDetailDetailsCountry","interaction":{"idSuffix":"inner"}},"wdio_ui5_key":"applicationmanagepartners-display-component---NewPartner--addressDetailDetailsCountry"}]}
RESULT: {"script":"<script> [1562 bytes]","args":[{"selector":{"id":"application-managepartners-display-component---NewPartner--addressDetailDetailsCountry","interaction":{"idSuffix":"inner"}},"wdio_ui5_key":"applicationmanagepartners-display-component---NewPartner--addressDetailDetailsCountry"}]}
RESULT: undefined
COMMAND: POST /session/d06e4a31898e4cf5ae1f0dc562bb1a4d/execute/async - {"script":"<script> [6424 bytes]","args":[{"element-6066-11e4-a52e-4f735466cecf":"f.FF7867651CD8E469CE707B8552024CE8.d.A9CC48A06B9382201A8C9A617D052CFD.e.11866"},"setValue",["Romania"]]}
RESULT: {"script":"<script> [6424 bytes]","args":[{"element-6066-11e4-a52e-4f735466cecf":"f.FF7867651CD8E469CE707B8552024CE8.d.A9CC48A06B9382201A8C9A617D052CFD.e.11866"},"setValue",["Romania"]]}
COMMAND: POST /session/d06e4a31898e4cf5ae1f0dc562bb1a4d/execute/async - {"script":"<script> [1562 bytes]","args":[{"selector":{"id":"application-managepartners-display-component---NewPartner--partnerDetailInternal","interaction":{"idSuffix":"inner"}},"wdio_ui5_key":"applicationmanagepartners-display-component---NewPartner--partnerDetailInternal"}]}
RESULT: {"script":"<script> [1562 bytes]","args":[{"selector":{"id":"application-managepartners-display-component---NewPartner--partnerDetailInternal","interaction":{"idSuffix":"inner"}},"wdio_ui5_key":"applicationmanagepartners-display-component---NewPartner--partnerDetailInternal"}]}
RESULT: undefined
COMMAND: POST /session/d06e4a31898e4cf5ae1f0dc562bb1a4d/execute/async - {"script":"<script> [776 bytes]","args":[{"enterText":"External partner","selector":{"id":"application-managepartners-display-component---NewPartner--partnerDetailInternal","interaction":{"idSuffix":"inner"}},"clearTextFirst":true,"interactionType":"ENTER_TEXT"}]}
RESULT: {"script":"<script> [776 bytes]","args":[{"enterText":"External partner","selector":{"id":"application-managepartners-display-component---NewPartner--partnerDetailInternal","interaction":{"idSuffix":"inner"}},"clearTextFirst":true,"interactionType":"ENTER_TEXT"}]}
COMMAND: POST /session/d06e4a31898e4cf5ae1f0dc562bb1a4d/execute/async - {"script":"<script> [1562 bytes]","args":[{"selector":{"id":"application-managepartners-display-component---NewPartner--partnerDetailsCurrency","interaction":{"idSuffix":"inner"}},"wdio_ui5_key":"applicationmanagepartners-display-component---NewPartner--partnerDetailsCurrency"}]}
RESULT: {"script":"<script> [1562 bytes]","args":[{"selector":{"id":"application-managepartners-display-component---NewPartner--partnerDetailsCurrency","interaction":{"idSuffix":"inner"}},"wdio_ui5_key":"applicationmanagepartners-display-component---NewPartner--partnerDetailsCurrency"}]}
RESULT: undefined
COMMAND: POST /session/d06e4a31898e4cf5ae1f0dc562bb1a4d/execute/async - {"script":"<script> [776 bytes]","args":[{"enterText":"Euro","selector":{"id":"application-managepartners-display-component---NewPartner--partnerDetailsCurrency","interaction":{"idSuffix":"inner"}},"clearTextFirst":true,"interactionType":"ENTER_TEXT"}]}
RESULT: {"script":"<script> [776 bytes]","args":[{"enterText":"Euro","selector":{"id":"application-managepartners-display-component---NewPartner--partnerDetailsCurrency","interaction":{"idSuffix":"inner"}},"clearTextFirst":true,"interactionType":"ENTER_TEXT"}]}
COMMAND: POST /session/d06e4a31898e4cf5ae1f0dc562bb1a4d/execute/async - {"script":"<script> [1562 bytes]","args":[{"selector":{"controlType":"sap.m.Button","viewName":"etm.portal.ui.managepartners.view.NewPartner","viewId":"application-managepartners-display-component---NewPartner","properties":{"text":"Commercial"},"interaction":{"idSuffix":"BDI-content"}},"wdio_ui5_key":"etmportal.ui.managepartners.view.NewPartnersap.m.Button{\"text\":\"Commercial\"}"}]}
RESULT: {"script":"<script> [1562 bytes]","args":[{"selector":{"controlType":"sap.m.Button","viewName":"etm.portal.ui.managepartners.view.NewPartner","viewId":"application-managepartners-display-component---NewPartner","properties":{"text":"Commercial"},"interaction":{"idSuffix":"BDI-content"}},"wdio_ui5_key":"etmportal.ui.managepartners.view.NewPartnersap.m.Button{\"text\":\"Commercial\"}"}]}
RESULT: undefined
COMMAND: POST /session/d06e4a31898e4cf5ae1f0dc562bb1a4d/element - {"using":"xpath","value":"//*[@id=\"application-managepartners-display-component---NewPartner--ObjectPageLayout-anchBar-__section5-anchor\"]"}
RESULT: {"using":"xpath","value":"//*[@id=\"application-managepartners-display-component---NewPartner--ObjectPageLayout-anchBar-__section5-anchor\"]"}
COMMAND: POST /session/d06e4a31898e4cf5ae1f0dc562bb1a4d/element/f.FF7867651CD8E469CE707B8552024CE8.d.A9CC48A06B9382201A8C9A617D052CFD.e.12146/click - {}
RESULT: {}
COMMAND: GET /session/d06e4a31898e4cf5ae1f0dc562bb1a4d/screenshot - {}
RESULT: {}
COMMAND: POST /session/d06e4a31898e4cf5ae1f0dc562bb1a4d/execute/async - {"script":"<script> [1562 bytes]","args":[{"selector":{"id":"application-managepartners-display-component---NewPartner--btnAddTableRow-img"},"wdio_ui5_key":"applicationmanagepartners-display-component---NewPartner--btnAddTableRow-img"}]}
RESULT: {"script":"<script> [1562 bytes]","args":[{"selector":{"id":"application-managepartners-display-component---NewPartner--btnAddTableRow-img"},"wdio_ui5_key":"applicationmanagepartners-display-component---NewPartner--btnAddTableRow-img"}]}
RESULT: undefined
COMMAND: POST /session/d06e4a31898e4cf5ae1f0dc562bb1a4d/element - {"using":"xpath","value":"//*[@id=\"application-managepartners-display-component---NewPartner--btnAddTableRow-img\"]"}
RESULT: {"using":"xpath","value":"//*[@id=\"application-managepartners-display-component---NewPartner--btnAddTableRow-img\"]"}
COMMAND: POST /session/d06e4a31898e4cf5ae1f0dc562bb1a4d/element/f.FF7867651CD8E469CE707B8552024CE8.d.A9CC48A06B9382201A8C9A617D052CFD.e.12152/click - {}
RESULT: {}
COMMAND: POST /session/d06e4a31898e4cf5ae1f0dc562bb1a4d/element - {"using":"xpath","value":"//input[contains(@id ,\"application-managepartners-display-component---NewPartner--assignmentYard-application-managepartners-display-component---NewPartner\")]"}
COMMAND: GET /session/d06e4a31898e4cf5ae1f0dc562bb1a4d/screenshot - {}
RESULT: {"using":"xpath","value":"//input[contains(@id ,\"application-managepartners-display-component---NewPartner--assignmentYard-application-managepartners-display-component---NewPartner\")]"}
COMMAND: POST /session/d06e4a31898e4cf5ae1f0dc562bb1a4d/element/f.FF7867651CD8E469CE707B8552024CE8.d.A9CC48A06B9382201A8C9A617D052CFD.e.12155/clear - {}
RESULT: {}
RESULT: {}
COMMAND: POST /session/d06e4a31898e4cf5ae1f0dc562bb1a4d/element/f.FF7867651CD8E469CE707B8552024CE8.d.A9CC48A06B9382201A8C9A617D052CFD.e.12155/value - {"text":"WebdriverYardwr994l"}
COMMAND: GET /session/d06e4a31898e4cf5ae1f0dc562bb1a4d/screenshot - {}
RESULT: {"text":"WebdriverYardwr994l"}
COMMAND: GET /session/d06e4a31898e4cf5ae1f0dc562bb1a4d/screenshot - {}
RESULT: {}
RESULT: {}
COMMAND: POST /session/d06e4a31898e4cf5ae1f0dc562bb1a4d/execute/async - {"script":"<script> [1562 bytes]","args":[{"selector":{"controlType":"sap.m.Button","viewName":"etm.portal.ui.managepartners.view.NewPartner","viewId":"application-managepartners-display-component---NewPartner","i18NText":{"propertyName":"text","key":"save"},"interaction":{"idSuffix":"BDI-content"}},"wdio_ui5_key":"etmportal.ui.managepartners.view.NewPartnersap.m.Button{\"propertyName\":\"text\",\"key\":\"save\"}"}]}
RESULT: {"script":"<script> [1562 bytes]","args":[{"selector":{"controlType":"sap.m.Button","viewName":"etm.portal.ui.managepartners.view.NewPartner","viewId":"application-managepartners-display-component---NewPartner","i18NText":{"propertyName":"text","key":"save"},"interaction":{"idSuffix":"BDI-content"}},"wdio_ui5_key":"etmportal.ui.managepartners.view.NewPartnersap.m.Button{\"propertyName\":\"text\",\"key\":\"save\"}"}]}
RESULT: undefined
COMMAND: POST /session/d06e4a31898e4cf5ae1f0dc562bb1a4d/element - {"using":"xpath","value":"//*[@id=\"__button12\"]"}
RESULT: {"using":"xpath","value":"//*[@id=\"__button12\"]"}
COMMAND: POST /session/d06e4a31898e4cf5ae1f0dc562bb1a4d/element/f.FF7867651CD8E469CE707B8552024CE8.d.A9CC48A06B9382201A8C9A617D052CFD.e.12061/click - {}
RESULT: {}
COMMAND: GET /session/d06e4a31898e4cf5ae1f0dc562bb1a4d/screenshot - {}
RESULT: {}
COMMAND: POST /session/d06e4a31898e4cf5ae1f0dc562bb1a4d/element - {"using":"xpath","value":"//header/div/div[2]/div[2]/span"}
RESULT: {"using":"xpath","value":"//header/div/div[2]/div[2]/span"}
COMMAND: GET /session/d06e4a31898e4cf5ae1f0dc562bb1a4d/element/f.FF7867651CD8E469CE707B8552024CE8.d.A9CC48A06B9382201A8C9A617D052CFD.e.12326/text - {}
RESULT: {}
COMMAND: POST /session/d06e4a31898e4cf5ae1f0dc562bb1a4d/element - {"using":"xpath","value":"//header/div/div/div/div/div/div[2]/div/span"}
RESULT: {"using":"xpath","value":"//header/div/div/div/div/div/div[2]/div/span"}
COMMAND: GET /session/d06e4a31898e4cf5ae1f0dc562bb1a4d/element/f.FF7867651CD8E469CE707B8552024CE8.d.A9CC48A06B9382201A8C9A617D052CFD.e.12327/text - {}
RESULT: {}
COMMAND: POST /session/d06e4a31898e4cf5ae1f0dc562bb1a4d/execute/async - {"script":"<script> [1562 bytes]","args":[{"selector":{"id":"application-managepartners-display-component---detailPtm--partnerType"},"wdio_ui5_key":"applicationmanagepartners-display-component---detailPtm--partnerType"}]}
RESULT: {"script":"<script> [1562 bytes]","args":[{"selector":{"id":"application-managepartners-display-component---detailPtm--partnerType"},"wdio_ui5_key":"applicationmanagepartners-display-component---detailPtm--partnerType"}]}
RESULT: undefined
COMMAND: POST /session/d06e4a31898e4cf5ae1f0dc562bb1a4d/execute/async - {"script":"<script> [6424 bytes]","args":[{"element-6066-11e4-a52e-4f735466cecf":"f.FF7867651CD8E469CE707B8552024CE8.d.A9CC48A06B9382201A8C9A617D052CFD.e.12328"},"getText",[]]}
RESULT: {"script":"<script> [6424 bytes]","args":[{"element-6066-11e4-a52e-4f735466cecf":"f.FF7867651CD8E469CE707B8552024CE8.d.A9CC48A06B9382201A8C9A617D052CFD.e.12328"},"getText",[]]}
COMMAND: POST /session/d06e4a31898e4cf5ae1f0dc562bb1a4d/element - {"using":"css selector","value":"#shell-header-logo"}
RESULT: {"using":"css selector","value":"#shell-header-logo"}
COMMAND: POST /session/d06e4a31898e4cf5ae1f0dc562bb1a4d/element/f.FF7867651CD8E469CE707B8552024CE8.d.A9CC48A06B9382201A8C9A617D052CFD.e.11670/click - {}
RESULT: {}
COMMAND: GET /session/d06e4a31898e4cf5ae1f0dc562bb1a4d/screenshot - {}
RESULT: {}
COMMAND: POST /session/d06e4a31898e4cf5ae1f0dc562bb1a4d/execute/async - {"script":"<script> [1562 bytes]","args":[{"selector":{"controlType":"sap.m.GenericTile","properties":{"header":"Manage Sites"}},"wdio_ui5_key":"sapm.GenericTile{\"header\":\"Manage Sites\"}"}]}
RESULT: {"script":"<script> [1562 bytes]","args":[{"selector":{"controlType":"sap.m.GenericTile","properties":{"header":"Manage Sites"}},"wdio_ui5_key":"sapm.GenericTile{\"header\":\"Manage Sites\"}"}]}
RESULT: undefined
COMMAND: POST /session/d06e4a31898e4cf5ae1f0dc562bb1a4d/element - {"using":"xpath","value":"//*[@id=\"__tile40\"]"}
RESULT: {"using":"xpath","value":"//*[@id=\"__tile40\"]"}
COMMAND: POST /session/d06e4a31898e4cf5ae1f0dc562bb1a4d/element/f.FF7867651CD8E469CE707B8552024CE8.d.A9CC48A06B9382201A8C9A617D052CFD.e.12330/click - {}
RESULT: {}
COMMAND: GET /session/d06e4a31898e4cf5ae1f0dc562bb1a4d/screenshot - {}
RESULT: {}
COMMAND: POST /session/d06e4a31898e4cf5ae1f0dc562bb1a4d/elements - {"using":"xpath","value":"//span[text()='Error']"}
RESULT: {"using":"xpath","value":"//span[text()='Error']"}
COMMAND: POST /session/d06e4a31898e4cf5ae1f0dc562bb1a4d/execute/async - {"script":"<script> [1562 bytes]","args":[{"selector":{"controlType":"sap.ui.core.Icon","viewName":"etm.portal.ui.managesites.view.Master","viewId":"application-managesites-display-component---masterSite","properties":{"src":{"regex":{"source":"add"}}}},"wdio_ui5_key":"etmportal.ui.managesites.view.Mastersap.ui.core.Icon{\"src\":{\"regex\":{\"source\":\"add\"}}}"}]}
RESULT: {"script":"<script> [1562 bytes]","args":[{"selector":{"controlType":"sap.ui.core.Icon","viewName":"etm.portal.ui.managesites.view.Master","viewId":"application-managesites-display-component---masterSite","properties":{"src":{"regex":{"source":"add"}}}},"wdio_ui5_key":"etmportal.ui.managesites.view.Mastersap.ui.core.Icon{\"src\":{\"regex\":{\"source\":\"add\"}}}"}]}
RESULT: undefined
COMMAND: POST /session/d06e4a31898e4cf5ae1f0dc562bb1a4d/element - {"using":"xpath","value":"//*[@id=\"__button48-img\"]"}
RESULT: {"using":"xpath","value":"//*[@id=\"__button48-img\"]"}
COMMAND: POST /session/d06e4a31898e4cf5ae1f0dc562bb1a4d/element/f.FF7867651CD8E469CE707B8552024CE8.d.A9CC48A06B9382201A8C9A617D052CFD.e.12377/click - {}
RESULT: {}
COMMAND: POST /session/d06e4a31898e4cf5ae1f0dc562bb1a4d/execute/async - {"script":"<script> [1562 bytes]","args":[{"selector":{"id":"application-managesites-display-component---NewSite--siteId","interaction":{"idSuffix":"inner"}},"wdio_ui5_key":"applicationmanagesites-display-component---NewSite--siteId"}]}
COMMAND: GET /session/d06e4a31898e4cf5ae1f0dc562bb1a4d/screenshot - {}
RESULT: {"script":"<script> [1562 bytes]","args":[{"selector":{"id":"application-managesites-display-component---NewSite--siteId","interaction":{"idSuffix":"inner"}},"wdio_ui5_key":"applicationmanagesites-display-component---NewSite--siteId"}]}
RESULT: undefined
COMMAND: POST /session/d06e4a31898e4cf5ae1f0dc562bb1a4d/execute/async - {"script":"<script> [1562 bytes]","args":[{"selector":{"id":"application-managesites-display-component---NewSite--addressDetailDetailsName1","interaction":{"idSuffix":"inner"}},"wdio_ui5_key":"applicationmanagesites-display-component---NewSite--addressDetailDetailsName1"}]}
RESULT: {}
RESULT: {"script":"<script> [1562 bytes]","args":[{"selector":{"id":"application-managesites-display-component---NewSite--addressDetailDetailsName1","interaction":{"idSuffix":"inner"}},"wdio_ui5_key":"applicationmanagesites-display-component---NewSite--addressDetailDetailsName1"}]}
RESULT: undefined
COMMAND: POST /session/d06e4a31898e4cf5ae1f0dc562bb1a4d/execute/async - {"script":"<script> [776 bytes]","args":[{"enterText":"WebdriverSite3g3fa","selector":{"id":"application-managesites-display-component---NewSite--addressDetailDetailsName1","interaction":{"idSuffix":"inner"}},"clearTextFirst":true,"interactionType":"ENTER_TEXT"}]}
RESULT: {"script":"<script> [776 bytes]","args":[{"enterText":"WebdriverSite3g3fa","selector":{"id":"application-managesites-display-component---NewSite--addressDetailDetailsName1","interaction":{"idSuffix":"inner"}},"clearTextFirst":true,"interactionType":"ENTER_TEXT"}]}
COMMAND: POST /session/d06e4a31898e4cf5ae1f0dc562bb1a4d/execute/async - {"script":"<script> [1562 bytes]","args":[{"selector":{"id":"application-managesites-display-component---NewSite--addressDetailDetailsLanguage","interaction":{"idSuffix":"inner"}},"wdio_ui5_key":"applicationmanagesites-display-component---NewSite--addressDetailDetailsLanguage"}]}
RESULT: {"script":"<script> [1562 bytes]","args":[{"selector":{"id":"application-managesites-display-component---NewSite--addressDetailDetailsLanguage","interaction":{"idSuffix":"inner"}},"wdio_ui5_key":"applicationmanagesites-display-component---NewSite--addressDetailDetailsLanguage"}]}
RESULT: undefined
COMMAND: POST /session/d06e4a31898e4cf5ae1f0dc562bb1a4d/execute/async - {"script":"<script> [776 bytes]","args":[{"enterText":"Romanian","selector":{"id":"application-managesites-display-component---NewSite--addressDetailDetailsLanguage","interaction":{"idSuffix":"inner"}},"clearTextFirst":true,"interactionType":"ENTER_TEXT"}]}
RESULT: {"script":"<script> [776 bytes]","args":[{"enterText":"Romanian","selector":{"id":"application-managesites-display-component---NewSite--addressDetailDetailsLanguage","interaction":{"idSuffix":"inner"}},"clearTextFirst":true,"interactionType":"ENTER_TEXT"}]}
COMMAND: POST /session/d06e4a31898e4cf5ae1f0dc562bb1a4d/execute/async - {"script":"<script> [1562 bytes]","args":[{"selector":{"id":"application-managesites-display-component---NewSite--addressDetailDetailsCity1","interaction":{"idSuffix":"inner"}},"wdio_ui5_key":"applicationmanagesites-display-component---NewSite--addressDetailDetailsCity1"}]}
RESULT: {"script":"<script> [1562 bytes]","args":[{"selector":{"id":"application-managesites-display-component---NewSite--addressDetailDetailsCity1","interaction":{"idSuffix":"inner"}},"wdio_ui5_key":"applicationmanagesites-display-component---NewSite--addressDetailDetailsCity1"}]}
RESULT: undefined
COMMAND: POST /session/d06e4a31898e4cf5ae1f0dc562bb1a4d/execute/async - {"script":"<script> [776 bytes]","args":[{"enterText":"Bucharest","selector":{"id":"application-managesites-display-component---NewSite--addressDetailDetailsCity1","interaction":{"idSuffix":"inner"}},"clearTextFirst":true,"interactionType":"ENTER_TEXT"}]}
RESULT: {"script":"<script> [776 bytes]","args":[{"enterText":"Bucharest","selector":{"id":"application-managesites-display-component---NewSite--addressDetailDetailsCity1","interaction":{"idSuffix":"inner"}},"clearTextFirst":true,"interactionType":"ENTER_TEXT"}]}
COMMAND: POST /session/d06e4a31898e4cf5ae1f0dc562bb1a4d/execute/async - {"script":"<script> [1562 bytes]","args":[{"selector":{"id":"application-managesites-display-component---NewSite--addressDetailDetailsCountry","interaction":{"idSuffix":"inner"}},"wdio_ui5_key":"applicationmanagesites-display-component---NewSite--addressDetailDetailsCountry"}]}
RESULT: {"script":"<script> [1562 bytes]","args":[{"selector":{"id":"application-managesites-display-component---NewSite--addressDetailDetailsCountry","interaction":{"idSuffix":"inner"}},"wdio_ui5_key":"applicationmanagesites-display-component---NewSite--addressDetailDetailsCountry"}]}
RESULT: undefined
COMMAND: POST /session/d06e4a31898e4cf5ae1f0dc562bb1a4d/execute/async - {"script":"<script> [776 bytes]","args":[{"enterText":"Romania","selector":{"id":"application-managesites-display-component---NewSite--addressDetailDetailsCountry","interaction":{"idSuffix":"inner"}},"clearTextFirst":true,"interactionType":"ENTER_TEXT"}]}
RESULT: {"script":"<script> [776 bytes]","args":[{"enterText":"Romania","selector":{"id":"application-managesites-display-component---NewSite--addressDetailDetailsCountry","interaction":{"idSuffix":"inner"}},"clearTextFirst":true,"interactionType":"ENTER_TEXT"}]}
COMMAND: POST /session/d06e4a31898e4cf5ae1f0dc562bb1a4d/element - {"using":"css selector","value":"#application-managesites-display-component---NewSite--addressDetailDetailsCalendar-inner"}
RESULT: {"using":"css selector","value":"#application-managesites-display-component---NewSite--addressDetailDetailsCalendar-inner"}
COMMAND: POST /session/d06e4a31898e4cf5ae1f0dc562bb1a4d/element/f.FF7867651CD8E469CE707B8552024CE8.d.A9CC48A06B9382201A8C9A617D052CFD.e.12571/clear - {}
RESULT: {}
COMMAND: POST /session/d06e4a31898e4cf5ae1f0dc562bb1a4d/element/f.FF7867651CD8E469CE707B8552024CE8.d.A9CC48A06B9382201A8C9A617D052CFD.e.12571/value - {"text":"Germany"}
COMMAND: GET /session/d06e4a31898e4cf5ae1f0dc562bb1a4d/screenshot - {}
RESULT: {"text":"Germany"}
COMMAND: POST /session/d06e4a31898e4cf5ae1f0dc562bb1a4d/execute/async - {"script":"<script> [1562 bytes]","args":[{"selector":{"id":"application-managesites-display-component---NewSite--addressEditDetailsCostObjectCstType-arrow"},"wdio_ui5_key":"applicationmanagesites-display-component---NewSite--addressEditDetailsCostObjectCstType-arrow"}]}
COMMAND: GET /session/d06e4a31898e4cf5ae1f0dc562bb1a4d/screenshot - {}
RESULT: {}
RESULT: {"script":"<script> [1562 bytes]","args":[{"selector":{"id":"application-managesites-display-component---NewSite--addressEditDetailsCostObjectCstType-arrow"},"wdio_ui5_key":"applicationmanagesites-display-component---NewSite--addressEditDetailsCostObjectCstType-arrow"}]}
RESULT: undefined
COMMAND: POST /session/d06e4a31898e4cf5ae1f0dc562bb1a4d/element - {"using":"xpath","value":"//*[@id=\"application-managesites-display-component---NewSite--addressEditDetailsCostObjectCstType-arrow\"]"}
RESULT: {}
RESULT: {"using":"xpath","value":"//*[@id=\"application-managesites-display-component---NewSite--addressEditDetailsCostObjectCstType-arrow\"]"}
COMMAND: POST /session/d06e4a31898e4cf5ae1f0dc562bb1a4d/element/f.FF7867651CD8E469CE707B8552024CE8.d.A9CC48A06B9382201A8C9A617D052CFD.e.12758/click - {}
RESULT: {}
COMMAND: POST /session/d06e4a31898e4cf5ae1f0dc562bb1a4d/element - {"using":"xpath","value":"//span[contains(text(), \"Work Breakdown Structure\")]"}
COMMAND: GET /session/d06e4a31898e4cf5ae1f0dc562bb1a4d/screenshot - {}
RESULT: {"using":"xpath","value":"//span[contains(text(), \"Work Breakdown Structure\")]"}
COMMAND: POST /session/d06e4a31898e4cf5ae1f0dc562bb1a4d/element/f.FF7867651CD8E469CE707B8552024CE8.d.A9CC48A06B9382201A8C9A617D052CFD.e.12760/click - {}
RESULT: {}
RESULT: {}
COMMAND: GET /session/d06e4a31898e4cf5ae1f0dc562bb1a4d/screenshot - {}
RESULT: {}
COMMAND: POST /session/d06e4a31898e4cf5ae1f0dc562bb1a4d/execute/async - {"script":"<script> [1562 bytes]","args":[{"selector":{"id":"application-managesites-display-component---NewSite--addressNewCostObjectCstID-vhi"},"wdio_ui5_key":"applicationmanagesites-display-component---NewSite--addressNewCostObjectCstID-vhi"}]}
RESULT: {"script":"<script> [1562 bytes]","args":[{"selector":{"id":"application-managesites-display-component---NewSite--addressNewCostObjectCstID-vhi"},"wdio_ui5_key":"applicationmanagesites-display-component---NewSite--addressNewCostObjectCstID-vhi"}]}
RESULT: undefined
COMMAND: POST /session/d06e4a31898e4cf5ae1f0dc562bb1a4d/element - {"using":"xpath","value":"//*[@id=\"application-managesites-display-component---NewSite--addressNewCostObjectCstID-vhi\"]"}
RESULT: {"using":"xpath","value":"//*[@id=\"application-managesites-display-component---NewSite--addressNewCostObjectCstID-vhi\"]"}
COMMAND: POST /session/d06e4a31898e4cf5ae1f0dc562bb1a4d/element/f.FF7867651CD8E469CE707B8552024CE8.d.A9CC48A06B9382201A8C9A617D052CFD.e.12764/click - {}
RESULT: {}
COMMAND: GET /session/d06e4a31898e4cf5ae1f0dc562bb1a4d/screenshot - {}
RESULT: {}
COMMAND: POST /session/d06e4a31898e4cf5ae1f0dc562bb1a4d/execute/async - {"script":"<script> [1562 bytes]","args":[{"selector":{"controlType":"sap.m.SearchField","properties":{"placeholder":"Search"},"searchOpenDialogs":true,"interaction":{"idSuffix":"I"}},"wdio_ui5_key":"sapm.SearchField{\"placeholder\":\"Search\"}"}]}
RESULT: {"script":"<script> [1562 bytes]","args":[{"selector":{"controlType":"sap.m.SearchField","properties":{"placeholder":"Search"},"searchOpenDialogs":true,"interaction":{"idSuffix":"I"}},"wdio_ui5_key":"sapm.SearchField{\"placeholder\":\"Search\"}"}]}
RESULT: undefined
COMMAND: POST /session/d06e4a31898e4cf5ae1f0dc562bb1a4d/execute/async - {"script":"<script> [776 bytes]","args":[{"enterText":"A1-000100-01","selector":{"controlType":"sap.m.SearchField","properties":{"placeholder":"Search"},"searchOpenDialogs":true,"interaction":{"idSuffix":"I"}},"clearTextFirst":true,"interactionType":"ENTER_TEXT"}]}
RESULT: {"script":"<script> [776 bytes]","args":[{"enterText":"A1-000100-01","selector":{"controlType":"sap.m.SearchField","properties":{"placeholder":"Search"},"searchOpenDialogs":true,"interaction":{"idSuffix":"I"}},"clearTextFirst":true,"interactionType":"ENTER_TEXT"}]}
COMMAND: POST /session/d06e4a31898e4cf5ae1f0dc562bb1a4d/actions - {"actions":[{"id":"action67","type":"key","parameters":{},"actions":[{"type":"keyDown","value":"î€‡"},{"type":"pause","duration":10},{"type":"keyUp","value":"î€‡"}]}]}
RESULT: {"actions":[{"id":"action67","type":"key","parameters":{},"actions":[{"type":"keyDown","value":"î€‡"},{"type":"pause","duration":10},{"type":"keyUp","value":"î€‡"}]}]}
COMMAND: GET /session/d06e4a31898e4cf5ae1f0dc562bb1a4d/screenshot - {}
RESULT: {}
COMMAND: POST /session/d06e4a31898e4cf5ae1f0dc562bb1a4d/element - {"using":"xpath","value":"//span[contains(text(), \"Template for ETO-Process\")]"}
RESULT: {"using":"xpath","value":"//span[contains(text(), \"Template for ETO-Process\")]"}
COMMAND: POST /session/d06e4a31898e4cf5ae1f0dc562bb1a4d/element/f.FF7867651CD8E469CE707B8552024CE8.d.A9CC48A06B9382201A8C9A617D052CFD.e.12785/click - {}
RESULT: {}
COMMAND: GET /session/d06e4a31898e4cf5ae1f0dc562bb1a4d/screenshot - {}
RESULT: {}
COMMAND: POST /session/d06e4a31898e4cf5ae1f0dc562bb1a4d/element - {"using":"xpath","value":"//bdi[contains(text(), \"OK\")]"}
RESULT: {"using":"xpath","value":"//bdi[contains(text(), \"OK\")]"}
COMMAND: POST /session/d06e4a31898e4cf5ae1f0dc562bb1a4d/element/f.FF7867651CD8E469CE707B8552024CE8.d.A9CC48A06B9382201A8C9A617D052CFD.e.12786/click - {}
RESULT: {}
COMMAND: GET /session/d06e4a31898e4cf5ae1f0dc562bb1a4d/screenshot - {}
RESULT: {}
COMMAND: POST /session/d06e4a31898e4cf5ae1f0dc562bb1a4d/element - {"using":"xpath","value":"//input[@id=\"application-managesites-display-component---NewSite--addressDetailDetailsYard-inner\"]"}
RESULT: {"using":"xpath","value":"//input[@id=\"application-managesites-display-component---NewSite--addressDetailDetailsYard-inner\"]"}
COMMAND: POST /session/d06e4a31898e4cf5ae1f0dc562bb1a4d/element/f.FF7867651CD8E469CE707B8552024CE8.d.A9CC48A06B9382201A8C9A617D052CFD.e.12572/value - {"text":"WebdriverYardwr994l"}
RESULT: {"text":"WebdriverYardwr994l"}
COMMAND: GET /session/d06e4a31898e4cf5ae1f0dc562bb1a4d/screenshot - {}
RESULT: {}
COMMAND: POST /session/d06e4a31898e4cf5ae1f0dc562bb1a4d/actions - {"actions":[{"id":"action68","type":"key","parameters":{},"actions":[{"type":"keyDown","value":"î€‡"},{"type":"pause","duration":10},{"type":"keyUp","value":"î€‡"}]}]}
RESULT: {"actions":[{"id":"action68","type":"key","parameters":{},"actions":[{"type":"keyDown","value":"î€‡"},{"type":"pause","duration":10},{"type":"keyUp","value":"î€‡"}]}]}
COMMAND: GET /session/d06e4a31898e4cf5ae1f0dc562bb1a4d/screenshot - {}
RESULT: {}
COMMAND: POST /session/d06e4a31898e4cf5ae1f0dc562bb1a4d/element - {"using":"xpath","value":"//input[@id=\"application-managesites-display-component---NewSite--addressDetailDetailsPartner-inner\"]"}
RESULT: {"using":"xpath","value":"//input[@id=\"application-managesites-display-component---NewSite--addressDetailDetailsPartner-inner\"]"}
COMMAND: POST /session/d06e4a31898e4cf5ae1f0dc562bb1a4d/elements - {"using":"xpath","value":"//input[@id=\"application-managesites-display-component---NewSite--addressDetailDetailsPartner-inner\"]"}
RESULT: {"using":"xpath","value":"//input[@id=\"application-managesites-display-component---NewSite--addressDetailDetailsPartner-inner\"]"}
COMMAND: POST /session/d06e4a31898e4cf5ae1f0dc562bb1a4d/execute/async - {"script":"<script> [1562 bytes]","args":[{"selector":{"controlType":"sap.m.Button","viewName":"etm.portal.ui.managesites.view.NewSmartSite","viewId":"application-managesites-display-component---NewSite","properties":{"text":"Commercial"},"interaction":{"idSuffix":"BDI-content"}},"wdio_ui5_key":"etmportal.ui.managesites.view.NewSmartSitesap.m.Button{\"text\":\"Commercial\"}"}]}
RESULT: {"script":"<script> [1562 bytes]","args":[{"selector":{"controlType":"sap.m.Button","viewName":"etm.portal.ui.managesites.view.NewSmartSite","viewId":"application-managesites-display-component---NewSite","properties":{"text":"Commercial"},"interaction":{"idSuffix":"BDI-content"}},"wdio_ui5_key":"etmportal.ui.managesites.view.NewSmartSitesap.m.Button{\"text\":\"Commercial\"}"}]}
RESULT: undefined
COMMAND: POST /session/d06e4a31898e4cf5ae1f0dc562bb1a4d/element - {"using":"xpath","value":"//*[@id=\"application-managesites-display-component---NewSite--ObjectPageLayout-anchBar-__section29-anchor\"]"}
RESULT: {"using":"xpath","value":"//*[@id=\"application-managesites-display-component---NewSite--ObjectPageLayout-anchBar-__section29-anchor\"]"}
COMMAND: POST /session/d06e4a31898e4cf5ae1f0dc562bb1a4d/element/f.FF7867651CD8E469CE707B8552024CE8.d.A9CC48A06B9382201A8C9A617D052CFD.e.12793/click - {}
RESULT: {}
COMMAND: POST /session/d06e4a31898e4cf5ae1f0dc562bb1a4d/execute/async - {"script":"<script> [1562 bytes]","args":[{"selector":{"controlType":"sap.m.Button","viewName":"etm.portal.ui.managesites.view.NewSmartSite","viewId":"application-managesites-display-component---NewSite","i18NText":{"propertyName":"text","key":"save"},"interaction":{"idSuffix":"BDI-content"}},"wdio_ui5_key":"etmportal.ui.managesites.view.NewSmartSitesap.m.Button{\"propertyName\":\"text\",\"key\":\"save\"}"}]}
COMMAND: GET /session/d06e4a31898e4cf5ae1f0dc562bb1a4d/screenshot - {}
RESULT: {"script":"<script> [1562 bytes]","args":[{"selector":{"controlType":"sap.m.Button","viewName":"etm.portal.ui.managesites.view.NewSmartSite","viewId":"application-managesites-display-component---NewSite","i18NText":{"propertyName":"text","key":"save"},"interaction":{"idSuffix":"BDI-content"}},"wdio_ui5_key":"etmportal.ui.managesites.view.NewSmartSitesap.m.Button{\"propertyName\":\"text\",\"key\":\"save\"}"}]}
RESULT: undefined
COMMAND: POST /session/d06e4a31898e4cf5ae1f0dc562bb1a4d/element - {"using":"xpath","value":"//*[@id=\"__button60\"]"}
RESULT: {}
RESULT: {"using":"xpath","value":"//*[@id=\"__button60\"]"}
COMMAND: POST /session/d06e4a31898e4cf5ae1f0dc562bb1a4d/element/f.FF7867651CD8E469CE707B8552024CE8.d.A9CC48A06B9382201A8C9A617D052CFD.e.12713/click - {}
RESULT: {}
COMMAND: GET /session/d06e4a31898e4cf5ae1f0dc562bb1a4d/screenshot - {}
RESULT: {}
COMMAND: POST /session/d06e4a31898e4cf5ae1f0dc562bb1a4d/execute/async - {"script":"<script> [1562 bytes]","args":[{"selector":{"id":"application-managesites-display-component---detailSite--addressDetailDetailsYardText"},"wdio_ui5_key":"applicationmanagesites-display-component---detailSite--addressDetailDetailsYardText"}]}
RESULT: {"script":"<script> [1562 bytes]","args":[{"selector":{"id":"application-managesites-display-component---detailSite--addressDetailDetailsYardText"},"wdio_ui5_key":"applicationmanagesites-display-component---detailSite--addressDetailDetailsYardText"}]}
RESULT: undefined
COMMAND: POST /session/d06e4a31898e4cf5ae1f0dc562bb1a4d/element - {"using":"xpath","value":"//header/div/div[2]/div[2]/span"}
RESULT: {"using":"xpath","value":"//header/div/div[2]/div[2]/span"}
COMMAND: GET /session/d06e4a31898e4cf5ae1f0dc562bb1a4d/element/f.FF7867651CD8E469CE707B8552024CE8.d.A9CC48A06B9382201A8C9A617D052CFD.e.12998/text - {}
RESULT: {}
COMMAND: POST /session/d06e4a31898e4cf5ae1f0dc562bb1a4d/element - {"using":"xpath","value":"//header/div/div/div/div/div/div[2]/div/span"}
RESULT: {"using":"xpath","value":"//header/div/div/div/div/div/div[2]/div/span"}
COMMAND: GET /session/d06e4a31898e4cf5ae1f0dc562bb1a4d/element/f.FF7867651CD8E469CE707B8552024CE8.d.A9CC48A06B9382201A8C9A617D052CFD.e.12999/text - {}
RESULT: {}
COMMAND: POST /session/d06e4a31898e4cf5ae1f0dc562bb1a4d/element - {"using":"css selector","value":"#shell-header-logo"}
RESULT: {"using":"css selector","value":"#shell-header-logo"}
COMMAND: POST /session/d06e4a31898e4cf5ae1f0dc562bb1a4d/element/f.FF7867651CD8E469CE707B8552024CE8.d.A9CC48A06B9382201A8C9A617D052CFD.e.12333/click - {}
RESULT: {}
COMMAND: GET /session/d06e4a31898e4cf5ae1f0dc562bb1a4d/screenshot - {}
RESULT: {}
]]></system-out>
    </testcase>
    <testcase classname="chrome.136_0_7103_93.windows.E2E_-_Logistical_and_commercial_statuses" name="It should stock increase the resource" time="203.977">
      <system-out><![CDATA[
COMMAND: POST /session/d06e4a31898e4cf5ae1f0dc562bb1a4d/execute/async - {"script":"<script> [1562 bytes]","args":[{"selector":{"controlType":"sap.m.GenericTile","properties":{"header":"Manage Resources"}},"wdio_ui5_key":"sapm.GenericTile{\"header\":\"Manage Resources\"}"}]}
RESULT: {"script":"<script> [1562 bytes]","args":[{"selector":{"controlType":"sap.m.GenericTile","properties":{"header":"Manage Resources"}},"wdio_ui5_key":"sapm.GenericTile{\"header\":\"Manage Resources\"}"}]}
RESULT: undefined
COMMAND: POST /session/d06e4a31898e4cf5ae1f0dc562bb1a4d/element - {"using":"xpath","value":"//*[@id=\"__tile39\"]"}
RESULT: {"using":"xpath","value":"//*[@id=\"__tile39\"]"}
COMMAND: POST /session/d06e4a31898e4cf5ae1f0dc562bb1a4d/element/f.FF7867651CD8E469CE707B8552024CE8.d.A9CC48A06B9382201A8C9A617D052CFD.e.13001/click - {}
RESULT: {}
COMMAND: GET /session/d06e4a31898e4cf5ae1f0dc562bb1a4d/screenshot - {}
RESULT: {}
COMMAND: POST /session/d06e4a31898e4cf5ae1f0dc562bb1a4d/elements - {"using":"xpath","value":"//span[text()='Error']"}
RESULT: {"using":"xpath","value":"//span[text()='Error']"}
COMMAND: POST /session/d06e4a31898e4cf5ae1f0dc562bb1a4d/element - {"using":"xpath","value":"//button[@data-kt=\"addNewRUOverflowToolbarButton\"]"}
RESULT: {"using":"xpath","value":"//button[@data-kt=\"addNewRUOverflowToolbarButton\"]"}
COMMAND: POST /session/d06e4a31898e4cf5ae1f0dc562bb1a4d/execute/sync - {"script":"<script> [8489 bytes]","args":[{"element-6066-11e4-a52e-4f735466cecf":"f.FF7867651CD8E469CE707B8552024CE8.d.A9CC48A06B9382201A8C9A617D052CFD.e.13043","ELEMENT":"f.FF7867651CD8E469CE707B8552024CE8.d.A9CC48A06B9382201A8C9A617D052CFD.e.13043"}]}
RESULT: {"script":"<script> [8489 bytes]","args":[{"element-6066-11e4-a52e-4f735466cecf":"f.FF7867651CD8E469CE707B8552024CE8.d.A9CC48A06B9382201A8C9A617D052CFD.e.13043","ELEMENT":"f.FF7867651CD8E469CE707B8552024CE8.d.A9CC48A06B9382201A8C9A617D052CFD.e.13043"}]}
COMMAND: POST /session/d06e4a31898e4cf5ae1f0dc562bb1a4d/element/f.FF7867651CD8E469CE707B8552024CE8.d.A9CC48A06B9382201A8C9A617D052CFD.e.13043/click - {}
COMMAND: GET /session/d06e4a31898e4cf5ae1f0dc562bb1a4d/screenshot - {}
RESULT: {}
COMMAND: POST /session/d06e4a31898e4cf5ae1f0dc562bb1a4d/execute/async - {"script":"<script> [1562 bytes]","args":[{"selector":{"id":"application-manageresources-display-component---newResourceUnit--TYPE-arrow"},"wdio_ui5_key":"applicationmanageresources-display-component---newResourceUnit--TYPE-arrow"}]}
COMMAND: GET /session/d06e4a31898e4cf5ae1f0dc562bb1a4d/screenshot - {}
RESULT: {}
RESULT: {"script":"<script> [1562 bytes]","args":[{"selector":{"id":"application-manageresources-display-component---newResourceUnit--TYPE-arrow"},"wdio_ui5_key":"applicationmanageresources-display-component---newResourceUnit--TYPE-arrow"}]}
RESULT: undefined
COMMAND: POST /session/d06e4a31898e4cf5ae1f0dc562bb1a4d/element - {"using":"xpath","value":"//*[@id=\"application-manageresources-display-component---newResourceUnit--TYPE-arrow\"]"}
RESULT: {}
RESULT: {"using":"xpath","value":"//*[@id=\"application-manageresources-display-component---newResourceUnit--TYPE-arrow\"]"}
COMMAND: POST /session/d06e4a31898e4cf5ae1f0dc562bb1a4d/element/f.FF7867651CD8E469CE707B8552024CE8.d.A9CC48A06B9382201A8C9A617D052CFD.e.13366/click - {}
RESULT: {}
COMMAND: POST /session/d06e4a31898e4cf5ae1f0dc562bb1a4d/execute/async - {"script":"<script> [1562 bytes]","args":[{"selector":{"controlType":"sap.m.StandardListItem","viewName":"reusables.view.manageresources.NewResourceUnit","viewId":"application-manageresources-display-component---newResourceUnit","properties":{"title":"Material"},"searchOpenDialogs":true,"interaction":{"idSuffix":"titleText"}},"wdio_ui5_key":"reusablesview.manageresources.NewResourceUnitsap.m.StandardListItem{\"title\":\"Material\"}"}]}
COMMAND: GET /session/d06e4a31898e4cf5ae1f0dc562bb1a4d/screenshot - {}
RESULT: {"script":"<script> [1562 bytes]","args":[{"selector":{"controlType":"sap.m.StandardListItem","viewName":"reusables.view.manageresources.NewResourceUnit","viewId":"application-manageresources-display-component---newResourceUnit","properties":{"title":"Material"},"searchOpenDialogs":true,"interaction":{"idSuffix":"titleText"}},"wdio_ui5_key":"reusablesview.manageresources.NewResourceUnitsap.m.StandardListItem{\"title\":\"Material\"}"}]}
RESULT: undefined
COMMAND: POST /session/d06e4a31898e4cf5ae1f0dc562bb1a4d/element - {"using":"xpath","value":"//*[@id=\"__item1065\"]"}
RESULT: {}
RESULT: {"using":"xpath","value":"//*[@id=\"__item1065\"]"}
COMMAND: POST /session/d06e4a31898e4cf5ae1f0dc562bb1a4d/element/f.FF7867651CD8E469CE707B8552024CE8.d.A9CC48A06B9382201A8C9A617D052CFD.e.13369/click - {}
RESULT: {}
COMMAND: POST /session/d06e4a31898e4cf5ae1f0dc562bb1a4d/execute/async - {"script":"<script> [1562 bytes]","args":[{"selector":{"id":"application-manageresources-display-component---newResourceUnit--SHORT_TEXT","interaction":{"idSuffix":"inner"}},"wdio_ui5_key":"applicationmanageresources-display-component---newResourceUnit--SHORT_TEXT"}]}
COMMAND: GET /session/d06e4a31898e4cf5ae1f0dc562bb1a4d/screenshot - {}
RESULT: {"script":"<script> [1562 bytes]","args":[{"selector":{"id":"application-manageresources-display-component---newResourceUnit--SHORT_TEXT","interaction":{"idSuffix":"inner"}},"wdio_ui5_key":"applicationmanageresources-display-component---newResourceUnit--SHORT_TEXT"}]}
RESULT: undefined
COMMAND: POST /session/d06e4a31898e4cf5ae1f0dc562bb1a4d/execute/async - {"script":"<script> [776 bytes]","args":[{"enterText":"WebdriverRUR2Col0wl","selector":{"id":"application-manageresources-display-component---newResourceUnit--SHORT_TEXT","interaction":{"idSuffix":"inner"}},"clearTextFirst":true,"interactionType":"ENTER_TEXT"}]}
RESULT: {}
RESULT: {"script":"<script> [776 bytes]","args":[{"enterText":"WebdriverRUR2Col0wl","selector":{"id":"application-manageresources-display-component---newResourceUnit--SHORT_TEXT","interaction":{"idSuffix":"inner"}},"clearTextFirst":true,"interactionType":"ENTER_TEXT"}]}
COMMAND: POST /session/d06e4a31898e4cf5ae1f0dc562bb1a4d/execute/async - {"script":"<script> [1562 bytes]","args":[{"selector":{"id":"application-manageresources-display-component---newResourceUnit--BASE_UNIT_OF_MEASURE-arrow"},"wdio_ui5_key":"applicationmanageresources-display-component---newResourceUnit--BASE_UNIT_OF_MEASURE-arrow"}]}
RESULT: {"script":"<script> [1562 bytes]","args":[{"selector":{"id":"application-manageresources-display-component---newResourceUnit--BASE_UNIT_OF_MEASURE-arrow"},"wdio_ui5_key":"applicationmanageresources-display-component---newResourceUnit--BASE_UNIT_OF_MEASURE-arrow"}]}
RESULT: undefined
COMMAND: POST /session/d06e4a31898e4cf5ae1f0dc562bb1a4d/element - {"using":"xpath","value":"//*[@id=\"application-manageresources-display-component---newResourceUnit--BASE_UNIT_OF_MEASURE-arrow\"]"}
RESULT: {"using":"xpath","value":"//*[@id=\"application-manageresources-display-component---newResourceUnit--BASE_UNIT_OF_MEASURE-arrow\"]"}
COMMAND: POST /session/d06e4a31898e4cf5ae1f0dc562bb1a4d/element/f.FF7867651CD8E469CE707B8552024CE8.d.A9CC48A06B9382201A8C9A617D052CFD.e.13423/click - {}
RESULT: {}
COMMAND: POST /session/d06e4a31898e4cf5ae1f0dc562bb1a4d/execute/async - {"script":"<script> [1562 bytes]","args":[{"selector":{"controlType":"sap.m.StandardListItem","viewName":"reusables.view.manageresources.NewResourceUnit","viewId":"application-manageresources-display-component---newResourceUnit","properties":{"title":"Piece"},"searchOpenDialogs":true,"interaction":{"idSuffix":"titleText"}},"wdio_ui5_key":"reusablesview.manageresources.NewResourceUnitsap.m.StandardListItem{\"title\":\"Piece\"}"}]}
COMMAND: GET /session/d06e4a31898e4cf5ae1f0dc562bb1a4d/screenshot - {}
RESULT: {"script":"<script> [1562 bytes]","args":[{"selector":{"controlType":"sap.m.StandardListItem","viewName":"reusables.view.manageresources.NewResourceUnit","viewId":"application-manageresources-display-component---newResourceUnit","properties":{"title":"Piece"},"searchOpenDialogs":true,"interaction":{"idSuffix":"titleText"}},"wdio_ui5_key":"reusablesview.manageresources.NewResourceUnitsap.m.StandardListItem{\"title\":\"Piece\"}"}]}
RESULT: undefined
COMMAND: POST /session/d06e4a31898e4cf5ae1f0dc562bb1a4d/element - {"using":"xpath","value":"//*[@id=\"__item1107\"]"}
RESULT: {}
RESULT: {"using":"xpath","value":"//*[@id=\"__item1107\"]"}
COMMAND: POST /session/d06e4a31898e4cf5ae1f0dc562bb1a4d/element/f.FF7867651CD8E469CE707B8552024CE8.d.A9CC48A06B9382201A8C9A617D052CFD.e.13425/click - {}
RESULT: {}
COMMAND: POST /session/d06e4a31898e4cf5ae1f0dc562bb1a4d/element - {"using":"xpath","value":"//input[contains(@id ,\"application-manageresources-display-component---newResourceUnit--SHORT_TEXT-inner\")]"}
COMMAND: GET /session/d06e4a31898e4cf5ae1f0dc562bb1a4d/screenshot - {}
RESULT: {"using":"xpath","value":"//input[contains(@id ,\"application-manageresources-display-component---newResourceUnit--SHORT_TEXT-inner\")]"}
COMMAND: GET /session/d06e4a31898e4cf5ae1f0dc562bb1a4d/element/f.FF7867651CD8E469CE707B8552024CE8.d.A9CC48A06B9382201A8C9A617D052CFD.e.13386/property/value - {}
RESULT: {}
RESULT: {}
COMMAND: POST /session/d06e4a31898e4cf5ae1f0dc562bb1a4d/execute/async - {"script":"<script> [1562 bytes]","args":[{"selector":{"id":"application-manageresources-display-component---newResourceUnit--WEIGHT_UNIT-arrow"},"wdio_ui5_key":"applicationmanageresources-display-component---newResourceUnit--WEIGHT_UNIT-arrow"}]}
COMMAND: GET /session/d06e4a31898e4cf5ae1f0dc562bb1a4d/screenshot - {}
RESULT: {"script":"<script> [1562 bytes]","args":[{"selector":{"id":"application-manageresources-display-component---newResourceUnit--WEIGHT_UNIT-arrow"},"wdio_ui5_key":"applicationmanageresources-display-component---newResourceUnit--WEIGHT_UNIT-arrow"}]}
RESULT: undefined
COMMAND: POST /session/d06e4a31898e4cf5ae1f0dc562bb1a4d/element - {"using":"xpath","value":"//*[@id=\"application-manageresources-display-component---newResourceUnit--WEIGHT_UNIT-arrow\"]"}
RESULT: {}
RESULT: {"using":"xpath","value":"//*[@id=\"application-manageresources-display-component---newResourceUnit--WEIGHT_UNIT-arrow\"]"}
COMMAND: POST /session/d06e4a31898e4cf5ae1f0dc562bb1a4d/element/f.FF7867651CD8E469CE707B8552024CE8.d.A9CC48A06B9382201A8C9A617D052CFD.e.13426/click - {}
RESULT: {}
COMMAND: POST /session/d06e4a31898e4cf5ae1f0dc562bb1a4d/execute/async - {"script":"<script> [1562 bytes]","args":[{"selector":{"controlType":"sap.m.StandardListItem","viewName":"reusables.view.manageresources.NewResourceUnit","viewId":"application-manageresources-display-component---newResourceUnit","properties":{"title":"Gram"},"searchOpenDialogs":true,"interaction":{"idSuffix":"content"}},"wdio_ui5_key":"reusablesview.manageresources.NewResourceUnitsap.m.StandardListItem{\"title\":\"Gram\"}"}]}
COMMAND: GET /session/d06e4a31898e4cf5ae1f0dc562bb1a4d/screenshot - {}
RESULT: {"script":"<script> [1562 bytes]","args":[{"selector":{"controlType":"sap.m.StandardListItem","viewName":"reusables.view.manageresources.NewResourceUnit","viewId":"application-manageresources-display-component---newResourceUnit","properties":{"title":"Gram"},"searchOpenDialogs":true,"interaction":{"idSuffix":"content"}},"wdio_ui5_key":"reusablesview.manageresources.NewResourceUnitsap.m.StandardListItem{\"title\":\"Gram\"}"}]}
RESULT: undefined
COMMAND: POST /session/d06e4a31898e4cf5ae1f0dc562bb1a4d/element - {"using":"xpath","value":"//*[@id=\"__item1172\"]"}
RESULT: {}
RESULT: {"using":"xpath","value":"//*[@id=\"__item1172\"]"}
COMMAND: POST /session/d06e4a31898e4cf5ae1f0dc562bb1a4d/element/f.FF7867651CD8E469CE707B8552024CE8.d.A9CC48A06B9382201A8C9A617D052CFD.e.13428/click - {}
RESULT: {}
COMMAND: POST /session/d06e4a31898e4cf5ae1f0dc562bb1a4d/execute/async - {"script":"<script> [1562 bytes]","args":[{"selector":{"id":"application-manageresources-display-component---newResourceUnit--newRRUPage-OPHeaderContent-collapseBtn-img"},"wdio_ui5_key":"applicationmanageresources-display-component---newResourceUnit--newRRUPage-OPHeaderContent-collapseBtn-img"}]}
COMMAND: GET /session/d06e4a31898e4cf5ae1f0dc562bb1a4d/screenshot - {}
RESULT: {"script":"<script> [1562 bytes]","args":[{"selector":{"id":"application-manageresources-display-component---newResourceUnit--newRRUPage-OPHeaderContent-collapseBtn-img"},"wdio_ui5_key":"applicationmanageresources-display-component---newResourceUnit--newRRUPage-OPHeaderContent-collapseBtn-img"}]}
RESULT: undefined
COMMAND: POST /session/d06e4a31898e4cf5ae1f0dc562bb1a4d/element - {"using":"xpath","value":"//*[@id=\"application-manageresources-display-component---newResourceUnit--newRRUPage-OPHeaderContent-collapseBtn-img\"]"}
RESULT: {}
RESULT: {"using":"xpath","value":"//*[@id=\"application-manageresources-display-component---newResourceUnit--newRRUPage-OPHeaderContent-collapseBtn-img\"]"}
COMMAND: POST /session/d06e4a31898e4cf5ae1f0dc562bb1a4d/element/f.FF7867651CD8E469CE707B8552024CE8.d.A9CC48A06B9382201A8C9A617D052CFD.e.13376/click - {}
RESULT: {}
COMMAND: GET /session/d06e4a31898e4cf5ae1f0dc562bb1a4d/screenshot - {}
RESULT: {}
COMMAND: POST /session/d06e4a31898e4cf5ae1f0dc562bb1a4d/element - {"using":"xpath","value":"(//span[contains(@id ,\"application-manageresources-display-component---newResourceUnit--DIMENSION_UNIT-arrow\")])[1]"}
RESULT: {"using":"xpath","value":"(//span[contains(@id ,\"application-manageresources-display-component---newResourceUnit--DIMENSION_UNIT-arrow\")])[1]"}
COMMAND: POST /session/d06e4a31898e4cf5ae1f0dc562bb1a4d/element/f.FF7867651CD8E469CE707B8552024CE8.d.A9CC48A06B9382201A8C9A617D052CFD.e.13432/click - {}
RESULT: {}
COMMAND: GET /session/d06e4a31898e4cf5ae1f0dc562bb1a4d/screenshot - {}
RESULT: {}
COMMAND: POST /session/d06e4a31898e4cf5ae1f0dc562bb1a4d/execute/async - {"script":"<script> [1562 bytes]","args":[{"selector":{"controlType":"sap.m.StandardListItem","viewName":"reusables.view.manageresources.NewResourceUnit","viewId":"application-manageresources-display-component---newResourceUnit","properties":{"title":"Centimeter"},"searchOpenDialogs":true,"interaction":{"idSuffix":"titleText"}},"wdio_ui5_key":"reusablesview.manageresources.NewResourceUnitsap.m.StandardListItem{\"title\":\"Centimeter\"}"}]}
RESULT: {"script":"<script> [1562 bytes]","args":[{"selector":{"controlType":"sap.m.StandardListItem","viewName":"reusables.view.manageresources.NewResourceUnit","viewId":"application-manageresources-display-component---newResourceUnit","properties":{"title":"Centimeter"},"searchOpenDialogs":true,"interaction":{"idSuffix":"titleText"}},"wdio_ui5_key":"reusablesview.manageresources.NewResourceUnitsap.m.StandardListItem{\"title\":\"Centimeter\"}"}]}
RESULT: undefined
COMMAND: POST /session/d06e4a31898e4cf5ae1f0dc562bb1a4d/element - {"using":"xpath","value":"//*[@id=\"__item1175\"]"}
RESULT: {"using":"xpath","value":"//*[@id=\"__item1175\"]"}
COMMAND: POST /session/d06e4a31898e4cf5ae1f0dc562bb1a4d/element/f.FF7867651CD8E469CE707B8552024CE8.d.A9CC48A06B9382201A8C9A617D052CFD.e.13436/click - {}
RESULT: {}
COMMAND: POST /session/d06e4a31898e4cf5ae1f0dc562bb1a4d/execute/async - {"script":"<script> [1562 bytes]","args":[{"selector":{"id":"application-manageresources-display-component---newResourceUnit--newRRUPage-anchBar-application-manageresources-display-component---newResourceUnit--reference-anchor","interaction":{"idSuffix":"BDI-content"}},"wdio_ui5_key":"applicationmanageresources-display-component---newResourceUnit--newRRUPage-anchBar-application-manageresources-display-component---newResourceUnit--reference-anchor"}]}
COMMAND: GET /session/d06e4a31898e4cf5ae1f0dc562bb1a4d/screenshot - {}
RESULT: {"script":"<script> [1562 bytes]","args":[{"selector":{"id":"application-manageresources-display-component---newResourceUnit--newRRUPage-anchBar-application-manageresources-display-component---newResourceUnit--reference-anchor","interaction":{"idSuffix":"BDI-content"}},"wdio_ui5_key":"applicationmanageresources-display-component---newResourceUnit--newRRUPage-anchBar-application-manageresources-display-component---newResourceUnit--reference-anchor"}]}
RESULT: undefined
COMMAND: POST /session/d06e4a31898e4cf5ae1f0dc562bb1a4d/element - {"using":"xpath","value":"//*[@id=\"application-manageresources-display-component---newResourceUnit--newRRUPage-anchBar-application-manageresources-display-component---newResourceUnit--reference-anchor\"]"}
RESULT: {}
RESULT: {"using":"xpath","value":"//*[@id=\"application-manageresources-display-component---newResourceUnit--newRRUPage-anchBar-application-manageresources-display-component---newResourceUnit--reference-anchor\"]"}
COMMAND: POST /session/d06e4a31898e4cf5ae1f0dc562bb1a4d/element/f.FF7867651CD8E469CE707B8552024CE8.d.A9CC48A06B9382201A8C9A617D052CFD.e.13438/click - {}
RESULT: {}
COMMAND: POST /session/d06e4a31898e4cf5ae1f0dc562bb1a4d/execute/async - {"script":"<script> [1562 bytes]","args":[{"selector":{"id":"application-manageresources-display-component---newResourceUnit--PLANNING_GROUP-arrow"},"wdio_ui5_key":"applicationmanageresources-display-component---newResourceUnit--PLANNING_GROUP-arrow"}]}
COMMAND: GET /session/d06e4a31898e4cf5ae1f0dc562bb1a4d/screenshot - {}
RESULT: {"script":"<script> [1562 bytes]","args":[{"selector":{"id":"application-manageresources-display-component---newResourceUnit--PLANNING_GROUP-arrow"},"wdio_ui5_key":"applicationmanageresources-display-component---newResourceUnit--PLANNING_GROUP-arrow"}]}
RESULT: undefined
COMMAND: POST /session/d06e4a31898e4cf5ae1f0dc562bb1a4d/element - {"using":"xpath","value":"//*[@id=\"application-manageresources-display-component---newResourceUnit--PLANNING_GROUP-arrow\"]"}
RESULT: {}
RESULT: {"using":"xpath","value":"//*[@id=\"application-manageresources-display-component---newResourceUnit--PLANNING_GROUP-arrow\"]"}
COMMAND: POST /session/d06e4a31898e4cf5ae1f0dc562bb1a4d/element/f.FF7867651CD8E469CE707B8552024CE8.d.A9CC48A06B9382201A8C9A617D052CFD.e.13442/click - {}
RESULT: {}
COMMAND: POST /session/d06e4a31898e4cf5ae1f0dc562bb1a4d/execute/async - {"script":"<script> [1562 bytes]","args":[{"selector":{"controlType":"sap.m.StandardListItem","viewName":"reusables.view.manageresources.NewResourceUnit","viewId":"application-manageresources-display-component---newResourceUnit","properties":{"title":"Heavy Equi"},"searchOpenDialogs":true,"interaction":{"idSuffix":"content"}},"wdio_ui5_key":"reusablesview.manageresources.NewResourceUnitsap.m.StandardListItem{\"title\":\"Heavy Equi\"}"}]}
COMMAND: GET /session/d06e4a31898e4cf5ae1f0dc562bb1a4d/screenshot - {}
RESULT: {"script":"<script> [1562 bytes]","args":[{"selector":{"controlType":"sap.m.StandardListItem","viewName":"reusables.view.manageresources.NewResourceUnit","viewId":"application-manageresources-display-component---newResourceUnit","properties":{"title":"Heavy Equi"},"searchOpenDialogs":true,"interaction":{"idSuffix":"content"}},"wdio_ui5_key":"reusablesview.manageresources.NewResourceUnitsap.m.StandardListItem{\"title\":\"Heavy Equi\"}"}]}
RESULT: undefined
COMMAND: POST /session/d06e4a31898e4cf5ae1f0dc562bb1a4d/element - {"using":"xpath","value":"//*[@id=\"__item1183\"]"}
RESULT: {}
RESULT: {"using":"xpath","value":"//*[@id=\"__item1183\"]"}
COMMAND: POST /session/d06e4a31898e4cf5ae1f0dc562bb1a4d/element/f.FF7867651CD8E469CE707B8552024CE8.d.A9CC48A06B9382201A8C9A617D052CFD.e.13446/click - {}
RESULT: {}
COMMAND: GET /session/d06e4a31898e4cf5ae1f0dc562bb1a4d/screenshot - {}
RESULT: {}
COMMAND: POST /session/d06e4a31898e4cf5ae1f0dc562bb1a4d/execute/async - {"script":"<script> [1562 bytes]","args":[{"selector":{"id":"application-manageresources-display-component---newResourceUnit--PLANNING_INDICATOR-arrow"},"wdio_ui5_key":"applicationmanageresources-display-component---newResourceUnit--PLANNING_INDICATOR-arrow"}]}
RESULT: {"script":"<script> [1562 bytes]","args":[{"selector":{"id":"application-manageresources-display-component---newResourceUnit--PLANNING_INDICATOR-arrow"},"wdio_ui5_key":"applicationmanageresources-display-component---newResourceUnit--PLANNING_INDICATOR-arrow"}]}
RESULT: undefined
COMMAND: POST /session/d06e4a31898e4cf5ae1f0dc562bb1a4d/element - {"using":"xpath","value":"//*[@id=\"application-manageresources-display-component---newResourceUnit--PLANNING_INDICATOR-arrow\"]"}
RESULT: {"using":"xpath","value":"//*[@id=\"application-manageresources-display-component---newResourceUnit--PLANNING_INDICATOR-arrow\"]"}
COMMAND: POST /session/d06e4a31898e4cf5ae1f0dc562bb1a4d/element/f.FF7867651CD8E469CE707B8552024CE8.d.A9CC48A06B9382201A8C9A617D052CFD.e.13447/click - {}
RESULT: {}
COMMAND: POST /session/d06e4a31898e4cf5ae1f0dc562bb1a4d/execute/async - {"script":"<script> [1562 bytes]","args":[{"selector":{"controlType":"sap.m.StandardListItem","viewName":"reusables.view.manageresources.NewResourceUnit","viewId":"application-manageresources-display-component---newResourceUnit","properties":{"title":"10 - infinite"},"searchOpenDialogs":true,"interaction":{"idSuffix":"content"}},"wdio_ui5_key":"reusablesview.manageresources.NewResourceUnitsap.m.StandardListItem{\"title\":\"10 - infinite\"}"}]}
COMMAND: GET /session/d06e4a31898e4cf5ae1f0dc562bb1a4d/screenshot - {}
RESULT: {"script":"<script> [1562 bytes]","args":[{"selector":{"controlType":"sap.m.StandardListItem","viewName":"reusables.view.manageresources.NewResourceUnit","viewId":"application-manageresources-display-component---newResourceUnit","properties":{"title":"10 - infinite"},"searchOpenDialogs":true,"interaction":{"idSuffix":"content"}},"wdio_ui5_key":"reusablesview.manageresources.NewResourceUnitsap.m.StandardListItem{\"title\":\"10 - infinite\"}"}]}
RESULT: undefined
COMMAND: POST /session/d06e4a31898e4cf5ae1f0dc562bb1a4d/element - {"using":"xpath","value":"//*[@id=\"__item1193\"]"}
RESULT: {}
RESULT: {"using":"xpath","value":"//*[@id=\"__item1193\"]"}
COMMAND: POST /session/d06e4a31898e4cf5ae1f0dc562bb1a4d/element/f.FF7867651CD8E469CE707B8552024CE8.d.A9CC48A06B9382201A8C9A617D052CFD.e.13449/click - {}
RESULT: {}
COMMAND: GET /session/d06e4a31898e4cf5ae1f0dc562bb1a4d/screenshot - {}
RESULT: {}
COMMAND: POST /session/d06e4a31898e4cf5ae1f0dc562bb1a4d/element - {"using":"xpath","value":"//bdi[contains(text(), \"Time Segment\")]"}
RESULT: {"using":"xpath","value":"//bdi[contains(text(), \"Time Segment\")]"}
COMMAND: GET /session/d06e4a31898e4cf5ae1f0dc562bb1a4d/element/f.FF7867651CD8E469CE707B8552024CE8.d.A9CC48A06B9382201A8C9A617D052CFD.e.13450/rect - {}
RESULT: {}
COMMAND: GET /session/d06e4a31898e4cf5ae1f0dc562bb1a4d/window/rect - {}
RESULT: {}
COMMAND: POST /session/d06e4a31898e4cf5ae1f0dc562bb1a4d/execute/sync - {"script":"<script> [92 bytes]","args":[]}
RESULT: {"script":"<script> [92 bytes]","args":[]}
COMMAND: POST /session/d06e4a31898e4cf5ae1f0dc562bb1a4d/actions - {"actions":[{"id":"action69","type":"wheel","parameters":{},"actions":[{"type":"scroll","x":-1820,"y":-21,"deltaX":0,"deltaY":0,"duration":0,"origin":{"element-6066-11e4-a52e-4f735466cecf":"f.FF7867651CD8E469CE707B8552024CE8.d.A9CC48A06B9382201A8C9A617D052CFD.e.13450"}}]}]}
COMMAND: GET /session/d06e4a31898e4cf5ae1f0dc562bb1a4d/screenshot - {}
RESULT: {}
COMMAND: POST /session/d06e4a31898e4cf5ae1f0dc562bb1a4d/execute/sync - {"script":"<script> [79 bytes]","args":[{"element-6066-11e4-a52e-4f735466cecf":"f.FF7867651CD8E469CE707B8552024CE8.d.A9CC48A06B9382201A8C9A617D052CFD.e.13450","ELEMENT":"f.FF7867651CD8E469CE707B8552024CE8.d.A9CC48A06B9382201A8C9A617D052CFD.e.13450"},{"block":"start","inline":"nearest"}]}
RESULT: {"script":"<script> [79 bytes]","args":[{"element-6066-11e4-a52e-4f735466cecf":"f.FF7867651CD8E469CE707B8552024CE8.d.A9CC48A06B9382201A8C9A617D052CFD.e.13450","ELEMENT":"f.FF7867651CD8E469CE707B8552024CE8.d.A9CC48A06B9382201A8C9A617D052CFD.e.13450"},{"block":"start","inline":"nearest"}]}
COMMAND: GET /session/d06e4a31898e4cf5ae1f0dc562bb1a4d/screenshot - {}
RESULT: {}
COMMAND: POST /session/d06e4a31898e4cf5ae1f0dc562bb1a4d/element - {"using":"xpath","value":"//span[@id=\"application-manageresources-display-component---newResourceUnit--btnAddTimeSegment-img\"]"}
RESULT: {"using":"xpath","value":"//span[@id=\"application-manageresources-display-component---newResourceUnit--btnAddTimeSegment-img\"]"}
COMMAND: POST /session/d06e4a31898e4cf5ae1f0dc562bb1a4d/execute/sync - {"script":"<script> [8489 bytes]","args":[{"element-6066-11e4-a52e-4f735466cecf":"f.FF7867651CD8E469CE707B8552024CE8.d.A9CC48A06B9382201A8C9A617D052CFD.e.13453","ELEMENT":"f.FF7867651CD8E469CE707B8552024CE8.d.A9CC48A06B9382201A8C9A617D052CFD.e.13453"}]}
RESULT: {"script":"<script> [8489 bytes]","args":[{"element-6066-11e4-a52e-4f735466cecf":"f.FF7867651CD8E469CE707B8552024CE8.d.A9CC48A06B9382201A8C9A617D052CFD.e.13453","ELEMENT":"f.FF7867651CD8E469CE707B8552024CE8.d.A9CC48A06B9382201A8C9A617D052CFD.e.13453"}]}
COMMAND: POST /session/d06e4a31898e4cf5ae1f0dc562bb1a4d/element/f.FF7867651CD8E469CE707B8552024CE8.d.A9CC48A06B9382201A8C9A617D052CFD.e.13453/click - {}
COMMAND: GET /session/d06e4a31898e4cf5ae1f0dc562bb1a4d/screenshot - {}
RESULT: {}
COMMAND: GET /session/d06e4a31898e4cf5ae1f0dc562bb1a4d/screenshot - {}
COMMAND: POST /session/d06e4a31898e4cf5ae1f0dc562bb1a4d/element - {"using":"xpath","value":"//input[@id=\"application-manageresources-display-component---newResourceUnit--idRuTSAdmin-application-manageresources-display-component---newResourceUnit--RUTimeSegment-0-inner\"]"}
RESULT: {}
RESULT: {}
RESULT: {"using":"xpath","value":"//input[@id=\"application-manageresources-display-component---newResourceUnit--idRuTSAdmin-application-manageresources-display-component---newResourceUnit--RUTimeSegment-0-inner\"]"}
COMMAND: POST /session/d06e4a31898e4cf5ae1f0dc562bb1a4d/element/f.FF7867651CD8E469CE707B8552024CE8.d.A9CC48A06B9382201A8C9A617D052CFD.e.13456/clear - {}
RESULT: {}
COMMAND: POST /session/d06e4a31898e4cf5ae1f0dc562bb1a4d/element/f.FF7867651CD8E469CE707B8552024CE8.d.A9CC48A06B9382201A8C9A617D052CFD.e.13456/value - {"text":"WebdriverYardwr994l"}
COMMAND: GET /session/d06e4a31898e4cf5ae1f0dc562bb1a4d/screenshot - {}
RESULT: {"text":"WebdriverYardwr994l"}
COMMAND: GET /session/d06e4a31898e4cf5ae1f0dc562bb1a4d/screenshot - {}
RESULT: {}
RESULT: {}
COMMAND: POST /session/d06e4a31898e4cf5ae1f0dc562bb1a4d/actions - {"actions":[{"id":"action70","type":"key","parameters":{},"actions":[{"type":"keyDown","value":"î€‡"},{"type":"pause","duration":10},{"type":"keyUp","value":"î€‡"}]}]}
RESULT: {"actions":[{"id":"action70","type":"key","parameters":{},"actions":[{"type":"keyDown","value":"î€‡"},{"type":"pause","duration":10},{"type":"keyUp","value":"î€‡"}]}]}
COMMAND: GET /session/d06e4a31898e4cf5ae1f0dc562bb1a4d/screenshot - {}
RESULT: {}
COMMAND: POST /session/d06e4a31898e4cf5ae1f0dc562bb1a4d/execute/async - {"script":"<script> [1562 bytes]","args":[{"selector":{"controlType":"sap.m.Button","viewName":"reusables.view.manageresources.NewResourceUnit","viewId":"application-manageresources-display-component---newResourceUnit","i18NText":{"propertyName":"tooltip","key":"save"},"interaction":{"idSuffix":"BDI-content"}},"wdio_ui5_key":"reusablesview.manageresources.NewResourceUnitsap.m.Button{\"propertyName\":\"tooltip\",\"key\":\"save\"}"}]}
RESULT: {"script":"<script> [1562 bytes]","args":[{"selector":{"controlType":"sap.m.Button","viewName":"reusables.view.manageresources.NewResourceUnit","viewId":"application-manageresources-display-component---newResourceUnit","i18NText":{"propertyName":"tooltip","key":"save"},"interaction":{"idSuffix":"BDI-content"}},"wdio_ui5_key":"reusablesview.manageresources.NewResourceUnitsap.m.Button{\"propertyName\":\"tooltip\",\"key\":\"save\"}"}]}
RESULT: undefined
COMMAND: POST /session/d06e4a31898e4cf5ae1f0dc562bb1a4d/element - {"using":"xpath","value":"//*[@id=\"application-manageresources-display-component---newResourceUnit--createRuButton\"]"}
RESULT: {"using":"xpath","value":"//*[@id=\"application-manageresources-display-component---newResourceUnit--createRuButton\"]"}
COMMAND: POST /session/d06e4a31898e4cf5ae1f0dc562bb1a4d/element/f.FF7867651CD8E469CE707B8552024CE8.d.A9CC48A06B9382201A8C9A617D052CFD.e.13382/click - {}
RESULT: {}
COMMAND: GET /session/d06e4a31898e4cf5ae1f0dc562bb1a4d/screenshot - {}
RESULT: {}
COMMAND: POST /session/d06e4a31898e4cf5ae1f0dc562bb1a4d/execute/async - {"script":"<script> [1562 bytes]","args":[{"selector":{"controlType":"sap.m.Title","properties":{"text":"Success"},"searchOpenDialogs":true},"wdio_ui5_key":"sapm.Title{\"text\":\"Success\"}"}]}
RESULT: {"script":"<script> [1562 bytes]","args":[{"selector":{"controlType":"sap.m.Title","properties":{"text":"Success"},"searchOpenDialogs":true},"wdio_ui5_key":"sapm.Title{\"text\":\"Success\"}"}]}
RESULT: undefined
COMMAND: POST /session/d06e4a31898e4cf5ae1f0dc562bb1a4d/execute/async - {"script":"<script> [6424 bytes]","args":[{"element-6066-11e4-a52e-4f735466cecf":"f.FF7867651CD8E469CE707B8552024CE8.d.A9CC48A06B9382201A8C9A617D052CFD.e.13469"},"getText",[]]}
RESULT: {"script":"<script> [6424 bytes]","args":[{"element-6066-11e4-a52e-4f735466cecf":"f.FF7867651CD8E469CE707B8552024CE8.d.A9CC48A06B9382201A8C9A617D052CFD.e.13469"},"getText",[]]}
COMMAND: POST /session/d06e4a31898e4cf5ae1f0dc562bb1a4d/element - {"using":"xpath","value":"//*[contains(@id, '__text') and (contains(text(), 'successfully created') or contains(., 'successfully created'))]"}
RESULT: {"using":"xpath","value":"//*[contains(@id, '__text') and (contains(text(), 'successfully created') or contains(., 'successfully created'))]"}
COMMAND: GET /session/d06e4a31898e4cf5ae1f0dc562bb1a4d/element/f.FF7867651CD8E469CE707B8552024CE8.d.A9CC48A06B9382201A8C9A617D052CFD.e.13468/text - {}
RESULT: {}
COMMAND: POST /session/d06e4a31898e4cf5ae1f0dc562bb1a4d/execute/async - {"script":"<script> [1562 bytes]","args":[{"selector":{"controlType":"sap.m.Button","properties":{"text":"Close"},"searchOpenDialogs":true,"interaction":{"idSuffix":"BDI-content"}},"wdio_ui5_key":"sapm.Button{\"text\":\"Close\"}"}]}
RESULT: {"script":"<script> [1562 bytes]","args":[{"selector":{"controlType":"sap.m.Button","properties":{"text":"Close"},"searchOpenDialogs":true,"interaction":{"idSuffix":"BDI-content"}},"wdio_ui5_key":"sapm.Button{\"text\":\"Close\"}"}]}
RESULT: undefined
COMMAND: POST /session/d06e4a31898e4cf5ae1f0dc562bb1a4d/element - {"using":"xpath","value":"//*[@id=\"__mbox-btn-0\"]"}
RESULT: {"using":"xpath","value":"//*[@id=\"__mbox-btn-0\"]"}
COMMAND: POST /session/d06e4a31898e4cf5ae1f0dc562bb1a4d/element/f.FF7867651CD8E469CE707B8552024CE8.d.A9CC48A06B9382201A8C9A617D052CFD.e.13466/click - {}
RESULT: {}
COMMAND: GET /session/d06e4a31898e4cf5ae1f0dc562bb1a4d/screenshot - {}
RESULT: {}
COMMAND: POST /session/d06e4a31898e4cf5ae1f0dc562bb1a4d/execute/async - {"script":"<script> [1562 bytes]","args":[{"selector":{"controlType":"sap.ui.core.Icon","viewName":"etm.portal.ui.manageresources.view.Detail","viewId":"application-manageresources-display-component---detailRU","properties":{"src":{"regex":{"source":"overflow"}}}},"wdio_ui5_key":"etmportal.ui.manageresources.view.Detailsap.ui.core.Icon{\"src\":{\"regex\":{\"source\":\"overflow\"}}}"}]}
RESULT: {"script":"<script> [1562 bytes]","args":[{"selector":{"controlType":"sap.ui.core.Icon","viewName":"etm.portal.ui.manageresources.view.Detail","viewId":"application-manageresources-display-component---detailRU","properties":{"src":{"regex":{"source":"overflow"}}}},"wdio_ui5_key":"etmportal.ui.manageresources.view.Detailsap.ui.core.Icon{\"src\":{\"regex\":{\"source\":\"overflow\"}}}"}]}
RESULT: undefined
COMMAND: POST /session/d06e4a31898e4cf5ae1f0dc562bb1a4d/element - {"using":"xpath","value":"//*[@id=\"__title31-_actionsToolbar-overflowButton-img\"]"}
RESULT: {"using":"xpath","value":"//*[@id=\"__title31-_actionsToolbar-overflowButton-img\"]"}
COMMAND: POST /session/d06e4a31898e4cf5ae1f0dc562bb1a4d/element/f.FF7867651CD8E469CE707B8552024CE8.d.A9CC48A06B9382201A8C9A617D052CFD.e.13502/click - {}
RESULT: {}
COMMAND: POST /session/d06e4a31898e4cf5ae1f0dc562bb1a4d/execute/async - {"script":"<script> [1562 bytes]","args":[{"selector":{"controlType":"sap.m.Button","viewName":"etm.portal.ui.manageresources.view.Detail","viewId":"application-manageresources-display-component---detailRU","i18NText":{"propertyName":"tooltip","key":"closeColumn"},"searchOpenDialogs":true,"interaction":{"idSuffix":"inner"}},"wdio_ui5_key":"etmportal.ui.manageresources.view.Detailsap.m.Button{\"propertyName\":\"tooltip\",\"key\":\"closeColumn\"}"}]}
COMMAND: GET /session/d06e4a31898e4cf5ae1f0dc562bb1a4d/screenshot - {}
RESULT: {"script":"<script> [1562 bytes]","args":[{"selector":{"controlType":"sap.m.Button","viewName":"etm.portal.ui.manageresources.view.Detail","viewId":"application-manageresources-display-component---detailRU","i18NText":{"propertyName":"tooltip","key":"closeColumn"},"searchOpenDialogs":true,"interaction":{"idSuffix":"inner"}},"wdio_ui5_key":"etmportal.ui.manageresources.view.Detailsap.m.Button{\"propertyName\":\"tooltip\",\"key\":\"closeColumn\"}"}]}
RESULT: undefined
COMMAND: POST /session/d06e4a31898e4cf5ae1f0dc562bb1a4d/element - {"using":"xpath","value":"//*[@id=\"__button137\"]"}
RESULT: {}
RESULT: {"using":"xpath","value":"//*[@id=\"__button137\"]"}
COMMAND: POST /session/d06e4a31898e4cf5ae1f0dc562bb1a4d/element/f.FF7867651CD8E469CE707B8552024CE8.d.A9CC48A06B9382201A8C9A617D052CFD.e.13504/click - {}
RESULT: {}
COMMAND: GET /session/d06e4a31898e4cf5ae1f0dc562bb1a4d/screenshot - {}
RESULT: {}
COMMAND: POST /session/d06e4a31898e4cf5ae1f0dc562bb1a4d/refresh - {}
RESULT: {}
COMMAND: GET /session/d06e4a31898e4cf5ae1f0dc562bb1a4d/screenshot - {}
RESULT: {}
COMMAND: POST /session/d06e4a31898e4cf5ae1f0dc562bb1a4d/execute/async - {"script":"<script> [189 bytes]","args":[]}
RESULT: {"script":"<script> [189 bytes]","args":[]}
COMMAND: POST /session/d06e4a31898e4cf5ae1f0dc562bb1a4d/execute/async - {"script":"<script> [123 bytes]","args":[]}
RESULT: {"script":"<script> [123 bytes]","args":[]}
COMMAND: POST /session/d06e4a31898e4cf5ae1f0dc562bb1a4d/timeouts - {"script":"<number>"}
RESULT: {"script":"<number>"}
COMMAND: GET /session/d06e4a31898e4cf5ae1f0dc562bb1a4d/timeouts - {}
RESULT: {}
RESULT: undefined
COMMAND: POST /session/d06e4a31898e4cf5ae1f0dc562bb1a4d/execute/async - {"script":"<script> [2676 bytes]","args":[]}
RESULT: {"script":"<script> [2676 bytes]","args":[]}
COMMAND: POST /session/d06e4a31898e4cf5ae1f0dc562bb1a4d/execute/async - {"script":"<script> [2342 bytes]","args":[{"protocol":"http","hostname":"0.0.0.0","path":"/","capabilities":{"browserName":"chrome","goog:chromeOptions":{"binary":"C:\\Program Files\\Google\\Chrome\\Application\\chrome.exe","args":["--start-maximized"]}},"logLevel":"warn","connectionRetryTimeout":120000,"connectionRetryCount":3,"logLevels":{},"enableDirectConnect":true,"strictSSL":true,"_":"65 more keys: [\"cacheDir\",\"port\",\"requestedCapabilities\",\"automationProtocol\",\"baseUrl\",\"waitforInterval\",\"waitforTimeout\",\"onReload\",\"beforeCommand\",\"afterCommand\",\"rootDir\",\"specs\",\"suites\",\"exclude\",\"groupLogsByTestSpec\",\"excludeDriverLogs\",\"bail\",\"framework\",\"reporters\",\"services\",\"maxInstances\",\"maxInstancesPerCapability\",\"injectGlobals\",\"filesToWatch\",\"execArgv\",\"runnerEnv\",\"runner\",\"shard\",\"specFileRetries\",\"specFileRetriesDelay\",\"specFileRetriesDeferred\",\"reporterSyncInterval\",\"reporterSyncTimeout\",\"cucumberFeaturesWithLineNumbers\",\"autoCompileOpts\",\"mochaOpts\",\"jasmineOpts\",\"cucumberOpts\",\"onPrepare\",\"onWorkerStart\",\"onWorkerEnd\",\"before\",\"beforeSession\",\"beforeSuite\",\"beforeHook\",\"beforeTest\",\"afterTest\",\"afterHook\",\"afterSuite\",\"afterSession\",\"after\",\"onComplete\",\"beforeAssertion\",\"afterAssertion\",\"beforeFeature\",\"beforeScenario\",\"beforeStep\",\"afterStep\",\"afterScenario\",\"afterFeature\",\"_\",\"suite\",\"$0\",\"ignoredWorkerServices\",\"wdi5\"]"}]}
RESULT: {"script":"<script> [2342 bytes]","args":[{"protocol":"http","hostname":"0.0.0.0","path":"/","capabilities":{"browserName":"chrome","goog:chromeOptions":{"binary":"C:\\Program Files\\Google\\Chrome\\Application\\chrome.exe","args":["--start-maximized"]}},"logLevel":"warn","connectionRetryTimeout":120000,"connectionRetryCount":3,"logLevels":{},"enableDirectConnect":true,"strictSSL":true,"_":"65 more keys: [\"cacheDir\",\"port\",\"requestedCapabilities\",\"automationProtocol\",\"baseUrl\",\"waitforInterval\",\"waitforTimeout\",\"onReload\",\"beforeCommand\",\"afterCommand\",\"rootDir\",\"specs\",\"suites\",\"exclude\",\"groupLogsByTestSpec\",\"excludeDriverLogs\",\"bail\",\"framework\",\"reporters\",\"services\",\"maxInstances\",\"maxInstancesPerCapability\",\"injectGlobals\",\"filesToWatch\",\"execArgv\",\"runnerEnv\",\"runner\",\"shard\",\"specFileRetries\",\"specFileRetriesDelay\",\"specFileRetriesDeferred\",\"reporterSyncInterval\",\"reporterSyncTimeout\",\"cucumberFeaturesWithLineNumbers\",\"autoCompileOpts\",\"mochaOpts\",\"jasmineOpts\",\"cucumberOpts\",\"onPrepare\",\"onWorkerStart\",\"onWorkerEnd\",\"before\",\"beforeSession\",\"beforeSuite\",\"beforeHook\",\"beforeTest\",\"afterTest\",\"afterHook\",\"afterSuite\",\"afterSession\",\"after\",\"onComplete\",\"beforeAssertion\",\"afterAssertion\",\"beforeFeature\",\"beforeScenario\",\"beforeStep\",\"afterStep\",\"afterScenario\",\"afterFeature\",\"_\",\"suite\",\"$0\",\"ignoredWorkerServices\",\"wdi5\"]"}]}
COMMAND: POST /session/d06e4a31898e4cf5ae1f0dc562bb1a4d/execute/async - {"script":"<script> [21126 bytes]","args":[35000]}
RESULT: {"script":"<script> [21126 bytes]","args":[35000]}
COMMAND: POST /session/d06e4a31898e4cf5ae1f0dc562bb1a4d/element - {"using":"css selector","value":"#shell-header-logo"}
RESULT: {"using":"css selector","value":"#shell-header-logo"}
COMMAND: POST /session/d06e4a31898e4cf5ae1f0dc562bb1a4d/element/f.FF7867651CD8E469CE707B8552024CE8.d.96B85ED55C5E5CA26A6ED7145E90EE09.e.13673/click - {}
RESULT: {}
COMMAND: GET /session/d06e4a31898e4cf5ae1f0dc562bb1a4d/screenshot - {}
RESULT: {}
COMMAND: POST /session/d06e4a31898e4cf5ae1f0dc562bb1a4d/execute/async - {"script":"<script> [1562 bytes]","args":[{"selector":{"controlType":"sap.m.GenericTile","properties":{"header":"Manage Handovers"}},"wdio_ui5_key":"sapm.GenericTile{\"header\":\"Manage Handovers\"}"}]}
RESULT: {"script":"<script> [1562 bytes]","args":[{"selector":{"controlType":"sap.m.GenericTile","properties":{"header":"Manage Handovers"}},"wdio_ui5_key":"sapm.GenericTile{\"header\":\"Manage Handovers\"}"}]}
RESULT: undefined
COMMAND: POST /session/d06e4a31898e4cf5ae1f0dc562bb1a4d/element - {"using":"xpath","value":"//*[@id=\"__tile132\"]"}
RESULT: {"using":"xpath","value":"//*[@id=\"__tile132\"]"}
COMMAND: POST /session/d06e4a31898e4cf5ae1f0dc562bb1a4d/element/f.FF7867651CD8E469CE707B8552024CE8.d.96B85ED55C5E5CA26A6ED7145E90EE09.e.13862/click - {}
RESULT: {}
COMMAND: GET /session/d06e4a31898e4cf5ae1f0dc562bb1a4d/screenshot - {}
RESULT: {}
COMMAND: POST /session/d06e4a31898e4cf5ae1f0dc562bb1a4d/elements - {"using":"xpath","value":"//span[text()='Error']"}
RESULT: {"using":"xpath","value":"//span[text()='Error']"}
COMMAND: POST /session/d06e4a31898e4cf5ae1f0dc562bb1a4d/element - {"using":"xpath","value":"//button[@data-kt=\"masterHOAddButton\"]"}
RESULT: {"using":"xpath","value":"//button[@data-kt=\"masterHOAddButton\"]"}
COMMAND: POST /session/d06e4a31898e4cf5ae1f0dc562bb1a4d/execute/sync - {"script":"<script> [8489 bytes]","args":[{"element-6066-11e4-a52e-4f735466cecf":"f.FF7867651CD8E469CE707B8552024CE8.d.96B85ED55C5E5CA26A6ED7145E90EE09.e.13904","ELEMENT":"f.FF7867651CD8E469CE707B8552024CE8.d.96B85ED55C5E5CA26A6ED7145E90EE09.e.13904"}]}
RESULT: {"script":"<script> [8489 bytes]","args":[{"element-6066-11e4-a52e-4f735466cecf":"f.FF7867651CD8E469CE707B8552024CE8.d.96B85ED55C5E5CA26A6ED7145E90EE09.e.13904","ELEMENT":"f.FF7867651CD8E469CE707B8552024CE8.d.96B85ED55C5E5CA26A6ED7145E90EE09.e.13904"}]}
COMMAND: POST /session/d06e4a31898e4cf5ae1f0dc562bb1a4d/element/f.FF7867651CD8E469CE707B8552024CE8.d.96B85ED55C5E5CA26A6ED7145E90EE09.e.13904/click - {}
COMMAND: GET /session/d06e4a31898e4cf5ae1f0dc562bb1a4d/screenshot - {}
RESULT: {}
COMMAND: GET /session/d06e4a31898e4cf5ae1f0dc562bb1a4d/screenshot - {}
COMMAND: POST /session/d06e4a31898e4cf5ae1f0dc562bb1a4d/element - {"using":"xpath","value":"//span[contains(@id ,\"AddNewHO--typeSelect-arrow\")]"}
RESULT: {}
RESULT: {}
RESULT: {"using":"xpath","value":"//span[contains(@id ,\"AddNewHO--typeSelect-arrow\")]"}
COMMAND: POST /session/d06e4a31898e4cf5ae1f0dc562bb1a4d/element/f.FF7867651CD8E469CE707B8552024CE8.d.96B85ED55C5E5CA26A6ED7145E90EE09.e.14206/click - {}
RESULT: {}
COMMAND: GET /session/d06e4a31898e4cf5ae1f0dc562bb1a4d/screenshot - {}
RESULT: {}
COMMAND: POST /session/d06e4a31898e4cf5ae1f0dc562bb1a4d/element - {"using":"xpath","value":"(//li[contains(text(), \"stock increase yard\")])[1]"}
RESULT: {"using":"xpath","value":"(//li[contains(text(), \"stock increase yard\")])[1]"}
COMMAND: POST /session/d06e4a31898e4cf5ae1f0dc562bb1a4d/element/f.FF7867651CD8E469CE707B8552024CE8.d.96B85ED55C5E5CA26A6ED7145E90EE09.e.14207/click - {}
RESULT: {}
COMMAND: GET /session/d06e4a31898e4cf5ae1f0dc562bb1a4d/screenshot - {}
RESULT: {}
COMMAND: POST /session/d06e4a31898e4cf5ae1f0dc562bb1a4d/execute/async - {"script":"<script> [1562 bytes]","args":[{"selector":{"id":"application-managehandovers-display-component---AddNewHO--dueDate","interaction":{"idSuffix":"inner"}},"wdio_ui5_key":"applicationmanagehandovers-display-component---AddNewHO--dueDate"}]}
RESULT: {"script":"<script> [1562 bytes]","args":[{"selector":{"id":"application-managehandovers-display-component---AddNewHO--dueDate","interaction":{"idSuffix":"inner"}},"wdio_ui5_key":"applicationmanagehandovers-display-component---AddNewHO--dueDate"}]}
RESULT: undefined
COMMAND: POST /session/d06e4a31898e4cf5ae1f0dc562bb1a4d/execute/async - {"script":"<script> [6424 bytes]","args":[{"element-6066-11e4-a52e-4f735466cecf":"f.FF7867651CD8E469CE707B8552024CE8.d.96B85ED55C5E5CA26A6ED7145E90EE09.e.14209"},"setValue",["5/17/25"]]}
RESULT: {"script":"<script> [6424 bytes]","args":[{"element-6066-11e4-a52e-4f735466cecf":"f.FF7867651CD8E469CE707B8552024CE8.d.96B85ED55C5E5CA26A6ED7145E90EE09.e.14209"},"setValue",["5/17/25"]]}
COMMAND: POST /session/d06e4a31898e4cf5ae1f0dc562bb1a4d/element - {"using":"xpath","value":"//input[@id=\"generalSectionFrg--receiveYard-inner\"]"}
RESULT: {"using":"xpath","value":"//input[@id=\"generalSectionFrg--receiveYard-inner\"]"}
COMMAND: POST /session/d06e4a31898e4cf5ae1f0dc562bb1a4d/element/f.FF7867651CD8E469CE707B8552024CE8.d.96B85ED55C5E5CA26A6ED7145E90EE09.e.14213/clear - {}
RESULT: {}
COMMAND: POST /session/d06e4a31898e4cf5ae1f0dc562bb1a4d/element/f.FF7867651CD8E469CE707B8552024CE8.d.96B85ED55C5E5CA26A6ED7145E90EE09.e.14213/value - {"text":"WebdriverYardwr994l"}
COMMAND: GET /session/d06e4a31898e4cf5ae1f0dc562bb1a4d/screenshot - {}
RESULT: {"text":"WebdriverYardwr994l"}
COMMAND: GET /session/d06e4a31898e4cf5ae1f0dc562bb1a4d/screenshot - {}
RESULT: {}
RESULT: {}
COMMAND: POST /session/d06e4a31898e4cf5ae1f0dc562bb1a4d/execute/async - {"script":"<script> [1562 bytes]","args":[{"selector":{"id":"application-managehandovers-display-component---AddNewHO--ObjectPageLayout-anchBar-application-managehandovers-display-component---AddNewHO--section4-anchor","interaction":{"idSuffix":"BDI-content"}},"wdio_ui5_key":"applicationmanagehandovers-display-component---AddNewHO--ObjectPageLayout-anchBar-application-managehandovers-display-component---AddNewHO--section4-anchor"}]}
RESULT: {"script":"<script> [1562 bytes]","args":[{"selector":{"id":"application-managehandovers-display-component---AddNewHO--ObjectPageLayout-anchBar-application-managehandovers-display-component---AddNewHO--section4-anchor","interaction":{"idSuffix":"BDI-content"}},"wdio_ui5_key":"applicationmanagehandovers-display-component---AddNewHO--ObjectPageLayout-anchBar-application-managehandovers-display-component---AddNewHO--section4-anchor"}]}
RESULT: undefined
COMMAND: POST /session/d06e4a31898e4cf5ae1f0dc562bb1a4d/element - {"using":"xpath","value":"//*[@id=\"application-managehandovers-display-component---AddNewHO--ObjectPageLayout-anchBar-application-managehandovers-display-component---AddNewHO--section4-anchor\"]"}
RESULT: {"using":"xpath","value":"//*[@id=\"application-managehandovers-display-component---AddNewHO--ObjectPageLayout-anchBar-application-managehandovers-display-component---AddNewHO--section4-anchor\"]"}
COMMAND: POST /session/d06e4a31898e4cf5ae1f0dc562bb1a4d/element/f.FF7867651CD8E469CE707B8552024CE8.d.96B85ED55C5E5CA26A6ED7145E90EE09.e.14233/click - {}
RESULT: {}
COMMAND: GET /session/d06e4a31898e4cf5ae1f0dc562bb1a4d/screenshot - {}
RESULT: {}
COMMAND: POST /session/d06e4a31898e4cf5ae1f0dc562bb1a4d/element - {"using":"xpath","value":"//button[@aria-label=\"Add\"]"}
RESULT: {"using":"xpath","value":"//button[@aria-label=\"Add\"]"}
COMMAND: POST /session/d06e4a31898e4cf5ae1f0dc562bb1a4d/element/f.FF7867651CD8E469CE707B8552024CE8.d.96B85ED55C5E5CA26A6ED7145E90EE09.e.14237/click - {}
RESULT: {}
COMMAND: GET /session/d06e4a31898e4cf5ae1f0dc562bb1a4d/screenshot - {}
RESULT: {}
COMMAND: POST /session/d06e4a31898e4cf5ae1f0dc562bb1a4d/execute/async - {"script":"<script> [1562 bytes]","args":[{"selector":{"id":"application-managehandovers-display-component---AddNewHO--smartFilterBar-btnBasicSearch","searchOpenDialogs":true,"interaction":{"idSuffix":"I"}},"wdio_ui5_key":"applicationmanagehandovers-display-component---AddNewHO--smartFilterBar-btnBasicSearch"}]}
RESULT: {"script":"<script> [1562 bytes]","args":[{"selector":{"id":"application-managehandovers-display-component---AddNewHO--smartFilterBar-btnBasicSearch","searchOpenDialogs":true,"interaction":{"idSuffix":"I"}},"wdio_ui5_key":"applicationmanagehandovers-display-component---AddNewHO--smartFilterBar-btnBasicSearch"}]}
RESULT: undefined
COMMAND: POST /session/d06e4a31898e4cf5ae1f0dc562bb1a4d/execute/async - {"script":"<script> [776 bytes]","args":[{"enterText":"WebdriverRUR2Col0wl","selector":{"id":"application-managehandovers-display-component---AddNewHO--smartFilterBar-btnBasicSearch","searchOpenDialogs":true,"interaction":{"idSuffix":"I"}},"clearTextFirst":true,"interactionType":"ENTER_TEXT"}]}
RESULT: {"script":"<script> [776 bytes]","args":[{"enterText":"WebdriverRUR2Col0wl","selector":{"id":"application-managehandovers-display-component---AddNewHO--smartFilterBar-btnBasicSearch","searchOpenDialogs":true,"interaction":{"idSuffix":"I"}},"clearTextFirst":true,"interactionType":"ENTER_TEXT"}]}
COMMAND: POST /session/d06e4a31898e4cf5ae1f0dc562bb1a4d/actions - {"actions":[{"id":"action71","type":"key","parameters":{},"actions":[{"type":"keyDown","value":"î€‡"},{"type":"pause","duration":10},{"type":"keyUp","value":"î€‡"}]}]}
RESULT: {"actions":[{"id":"action71","type":"key","parameters":{},"actions":[{"type":"keyDown","value":"î€‡"},{"type":"pause","duration":10},{"type":"keyUp","value":"î€‡"}]}]}
COMMAND: POST /session/d06e4a31898e4cf5ae1f0dc562bb1a4d/execute/async - {"script":"<script> [1562 bytes]","args":[{"selector":{"id":"application-managehandovers-display-component---AddNewHO--popup-sa","searchOpenDialogs":true,"interaction":{"idSuffix":"CbBg"}},"wdio_ui5_key":"applicationmanagehandovers-display-component---AddNewHO--popup-sa"}]}
COMMAND: GET /session/d06e4a31898e4cf5ae1f0dc562bb1a4d/screenshot - {}
RESULT: {"script":"<script> [1562 bytes]","args":[{"selector":{"id":"application-managehandovers-display-component---AddNewHO--popup-sa","searchOpenDialogs":true,"interaction":{"idSuffix":"CbBg"}},"wdio_ui5_key":"applicationmanagehandovers-display-component---AddNewHO--popup-sa"}]}
RESULT: undefined
COMMAND: POST /session/d06e4a31898e4cf5ae1f0dc562bb1a4d/element - {"using":"xpath","value":"//*[@id=\"application-managehandovers-display-component---AddNewHO--popup-sa\"]"}
RESULT: {}
RESULT: {"using":"xpath","value":"//*[@id=\"application-managehandovers-display-component---AddNewHO--popup-sa\"]"}
COMMAND: POST /session/d06e4a31898e4cf5ae1f0dc562bb1a4d/element/f.FF7867651CD8E469CE707B8552024CE8.d.96B85ED55C5E5CA26A6ED7145E90EE09.e.14354/click - {}
RESULT: {}
COMMAND: GET /session/d06e4a31898e4cf5ae1f0dc562bb1a4d/screenshot - {}
RESULT: {}
COMMAND: POST /session/d06e4a31898e4cf5ae1f0dc562bb1a4d/element - {"using":"xpath","value":"//bdi[contains(text(), \"Select\")]"}
RESULT: {"using":"xpath","value":"//bdi[contains(text(), \"Select\")]"}
COMMAND: POST /session/d06e4a31898e4cf5ae1f0dc562bb1a4d/element/f.FF7867651CD8E469CE707B8552024CE8.d.96B85ED55C5E5CA26A6ED7145E90EE09.e.14355/click - {}
RESULT: {}
COMMAND: GET /session/d06e4a31898e4cf5ae1f0dc562bb1a4d/screenshot - {}
RESULT: {}
COMMAND: POST /session/d06e4a31898e4cf5ae1f0dc562bb1a4d/execute/async - {"script":"<script> [1562 bytes]","args":[{"selector":{"controlType":"sap.m.Input","viewName":"etm.portal.ui.managehandovers.view.AddNewHO","viewId":"application-managehandovers-display-component---AddNewHO","bindingPath":{"path":"/items/0","propertyPath":"TYPE","modelName":"hoItemsModel"},"interaction":{"idSuffix":"inner"}},"wdio_ui5_key":"etmportal.ui.managehandovers.view.AddNewHOsap.m.Input{\"path\":\"/items/0\",\"propertyPath\":\"TYPE\",\"modelName\":\"hoItemsModel\"}"}]}
RESULT: {"script":"<script> [1562 bytes]","args":[{"selector":{"controlType":"sap.m.Input","viewName":"etm.portal.ui.managehandovers.view.AddNewHO","viewId":"application-managehandovers-display-component---AddNewHO","bindingPath":{"path":"/items/0","propertyPath":"TYPE","modelName":"hoItemsModel"},"interaction":{"idSuffix":"inner"}},"wdio_ui5_key":"etmportal.ui.managehandovers.view.AddNewHOsap.m.Input{\"path\":\"/items/0\",\"propertyPath\":\"TYPE\",\"modelName\":\"hoItemsModel\"}"}]}
RESULT: undefined
COMMAND: POST /session/d06e4a31898e4cf5ae1f0dc562bb1a4d/execute/async - {"script":"<script> [776 bytes]","args":[{"enterText":"100","selector":{"controlType":"sap.m.Input","viewName":"etm.portal.ui.managehandovers.view.AddNewHO","viewId":"application-managehandovers-display-component---AddNewHO","bindingPath":{"path":"/items/0","propertyPath":"TYPE","modelName":"hoItemsModel"},"interaction":{"idSuffix":"inner"}},"clearTextFirst":true,"interactionType":"ENTER_TEXT"}]}
RESULT: {"script":"<script> [776 bytes]","args":[{"enterText":"100","selector":{"controlType":"sap.m.Input","viewName":"etm.portal.ui.managehandovers.view.AddNewHO","viewId":"application-managehandovers-display-component---AddNewHO","bindingPath":{"path":"/items/0","propertyPath":"TYPE","modelName":"hoItemsModel"},"interaction":{"idSuffix":"inner"}},"clearTextFirst":true,"interactionType":"ENTER_TEXT"}]}
COMMAND: POST /session/d06e4a31898e4cf5ae1f0dc562bb1a4d/element - {"using":"xpath","value":"//button[@data-kt=\"AddNewHOSaveButton\"]"}
RESULT: {"using":"xpath","value":"//button[@data-kt=\"AddNewHOSaveButton\"]"}
COMMAND: POST /session/d06e4a31898e4cf5ae1f0dc562bb1a4d/element/f.FF7867651CD8E469CE707B8552024CE8.d.96B85ED55C5E5CA26A6ED7145E90EE09.e.14360/click - {}
RESULT: {}
COMMAND: GET /session/d06e4a31898e4cf5ae1f0dc562bb1a4d/screenshot - {}
RESULT: {}
COMMAND: POST /session/d06e4a31898e4cf5ae1f0dc562bb1a4d/execute/async - {"script":"<script> [1562 bytes]","args":[{"selector":{"id":"receiptDatePicker","viewName":"etm.portal.ui.managehandovers.view.DetailExecuteHO","interaction":{"idSuffix":"inner"}},"wdio_ui5_key":"receiptDatePickeretmportal.ui.managehandovers.view.DetailExecuteHO"}]}
RESULT: {"script":"<script> [1562 bytes]","args":[{"selector":{"id":"receiptDatePicker","viewName":"etm.portal.ui.managehandovers.view.DetailExecuteHO","interaction":{"idSuffix":"inner"}},"wdio_ui5_key":"receiptDatePickeretmportal.ui.managehandovers.view.DetailExecuteHO"}]}
RESULT: undefined
COMMAND: POST /session/d06e4a31898e4cf5ae1f0dc562bb1a4d/execute/async - {"script":"<script> [6424 bytes]","args":[{"element-6066-11e4-a52e-4f735466cecf":"f.FF7867651CD8E469CE707B8552024CE8.d.96B85ED55C5E5CA26A6ED7145E90EE09.e.14379"},"setValue",["5/17/25"]]}
RESULT: {"script":"<script> [6424 bytes]","args":[{"element-6066-11e4-a52e-4f735466cecf":"f.FF7867651CD8E469CE707B8552024CE8.d.96B85ED55C5E5CA26A6ED7145E90EE09.e.14379"},"setValue",["5/17/25"]]}
COMMAND: POST /session/d06e4a31898e4cf5ae1f0dc562bb1a4d/element - {"using":"xpath","value":"//button[@data-kt=\"PickingTableConfirmAllButton\"]"}
RESULT: {"using":"xpath","value":"//button[@data-kt=\"PickingTableConfirmAllButton\"]"}
COMMAND: POST /session/d06e4a31898e4cf5ae1f0dc562bb1a4d/element/f.FF7867651CD8E469CE707B8552024CE8.d.96B85ED55C5E5CA26A6ED7145E90EE09.e.14393/click - {}
RESULT: {}
COMMAND: GET /session/d06e4a31898e4cf5ae1f0dc562bb1a4d/screenshot - {}
RESULT: {}
COMMAND: POST /session/d06e4a31898e4cf5ae1f0dc562bb1a4d/element - {"using":"xpath","value":"//bdi[contains(text(), \"OK\")]"}
RESULT: {"using":"xpath","value":"//bdi[contains(text(), \"OK\")]"}
COMMAND: POST /session/d06e4a31898e4cf5ae1f0dc562bb1a4d/element/f.FF7867651CD8E469CE707B8552024CE8.d.96B85ED55C5E5CA26A6ED7145E90EE09.e.14395/click - {}
RESULT: {}
COMMAND: GET /session/d06e4a31898e4cf5ae1f0dc562bb1a4d/screenshot - {}
RESULT: {}
COMMAND: POST /session/d06e4a31898e4cf5ae1f0dc562bb1a4d/element - {"using":"xpath","value":"(//bdi[contains(text(), \"Receive\")])[2]"}
RESULT: {"using":"xpath","value":"(//bdi[contains(text(), \"Receive\")])[2]"}
COMMAND: POST /session/d06e4a31898e4cf5ae1f0dc562bb1a4d/element/f.FF7867651CD8E469CE707B8552024CE8.d.96B85ED55C5E5CA26A6ED7145E90EE09.e.14397/click - {}
RESULT: {}
COMMAND: GET /session/d06e4a31898e4cf5ae1f0dc562bb1a4d/screenshot - {}
RESULT: {}
COMMAND: POST /session/d06e4a31898e4cf5ae1f0dc562bb1a4d/element - {"using":"css selector","value":"#shell-header-logo"}
RESULT: {"using":"css selector","value":"#shell-header-logo"}
COMMAND: POST /session/d06e4a31898e4cf5ae1f0dc562bb1a4d/element/f.FF7867651CD8E469CE707B8552024CE8.d.96B85ED55C5E5CA26A6ED7145E90EE09.e.13865/click - {}
RESULT: {}
COMMAND: GET /session/d06e4a31898e4cf5ae1f0dc562bb1a4d/screenshot - {}
]]></system-out>
    </testcase>
    <testcase classname="chrome.136_0_7103_93.windows.E2E_-_Logistical_and_commercial_statuses" name="Should add a pricing rule and a condition to the RU" time="93.86">
      <system-out><![CDATA[
COMMAND: POST /session/d06e4a31898e4cf5ae1f0dc562bb1a4d/execute/async - {"script":"<script> [1562 bytes]","args":[{"selector":{"controlType":"sap.m.GenericTile","properties":{"header":"Manage Pricing Rules"}},"wdio_ui5_key":"sapm.GenericTile{\"header\":\"Manage Pricing Rules\"}"}]}
RESULT: {"script":"<script> [1562 bytes]","args":[{"selector":{"controlType":"sap.m.GenericTile","properties":{"header":"Manage Pricing Rules"}},"wdio_ui5_key":"sapm.GenericTile{\"header\":\"Manage Pricing Rules\"}"}]}
RESULT: undefined
COMMAND: POST /session/d06e4a31898e4cf5ae1f0dc562bb1a4d/element - {"using":"xpath","value":"//*[@id=\"__tile55\"]"}
RESULT: {}
RESULT: {"using":"xpath","value":"//*[@id=\"__tile55\"]"}
COMMAND: POST /session/d06e4a31898e4cf5ae1f0dc562bb1a4d/element/f.FF7867651CD8E469CE707B8552024CE8.d.96B85ED55C5E5CA26A6ED7145E90EE09.e.14543/click - {}
RESULT: {}
COMMAND: GET /session/d06e4a31898e4cf5ae1f0dc562bb1a4d/screenshot - {}
RESULT: {}
COMMAND: POST /session/d06e4a31898e4cf5ae1f0dc562bb1a4d/elements - {"using":"xpath","value":"//span[text()='Error']"}
RESULT: {"using":"xpath","value":"//span[text()='Error']"}
COMMAND: POST /session/d06e4a31898e4cf5ae1f0dc562bb1a4d/execute/async - {"script":"<script> [1562 bytes]","args":[{"selector":{"controlType":"sap.ui.core.Icon","viewName":"etm.portal.ui.managepricingrules.view.MasterHeader","viewId":"application-managepricingrules-display-component---priceInfoHeader","properties":{"src":{"regex":{"source":"activity\\-items"}}}},"wdio_ui5_key":"etmportal.ui.managepricingrules.view.MasterHeadersap.ui.core.Icon{\"src\":{\"regex\":{\"source\":\"activity\\\\-items\"}}}"}]}
RESULT: {"script":"<script> [1562 bytes]","args":[{"selector":{"controlType":"sap.ui.core.Icon","viewName":"etm.portal.ui.managepricingrules.view.MasterHeader","viewId":"application-managepricingrules-display-component---priceInfoHeader","properties":{"src":{"regex":{"source":"activity\\-items"}}}},"wdio_ui5_key":"etmportal.ui.managepricingrules.view.MasterHeadersap.ui.core.Icon{\"src\":{\"regex\":{\"source\":\"activity\\\\-items\"}}}"}]}
RESULT: undefined
COMMAND: POST /session/d06e4a31898e4cf5ae1f0dc562bb1a4d/element - {"using":"xpath","value":"//*[@id=\"__filter22-icon\"]"}
RESULT: {"using":"xpath","value":"//*[@id=\"__filter22-icon\"]"}
COMMAND: POST /session/d06e4a31898e4cf5ae1f0dc562bb1a4d/element/f.FF7867651CD8E469CE707B8552024CE8.d.96B85ED55C5E5CA26A6ED7145E90EE09.e.14624/click - {}
RESULT: {}
COMMAND: GET /session/d06e4a31898e4cf5ae1f0dc562bb1a4d/screenshot - {}
RESULT: {}
COMMAND: POST /session/d06e4a31898e4cf5ae1f0dc562bb1a4d/execute/async - {"script":"<script> [1562 bytes]","args":[{"selector":{"controlType":"sap.ui.core.Icon","viewName":"etm.portal.ui.managepricingrules.view.MasterItem","viewId":"application-managepricingrules-display-component---priceInfoItem","properties":{"src":{"regex":{"source":"add"}}}},"wdio_ui5_key":"etmportal.ui.managepricingrules.view.MasterItemsap.ui.core.Icon{\"src\":{\"regex\":{\"source\":\"add\"}}}"}]}
RESULT: {"script":"<script> [1562 bytes]","args":[{"selector":{"controlType":"sap.ui.core.Icon","viewName":"etm.portal.ui.managepricingrules.view.MasterItem","viewId":"application-managepricingrules-display-component---priceInfoItem","properties":{"src":{"regex":{"source":"add"}}}},"wdio_ui5_key":"etmportal.ui.managepricingrules.view.MasterItemsap.ui.core.Icon{\"src\":{\"regex\":{\"source\":\"add\"}}}"}]}
RESULT: undefined
COMMAND: POST /session/d06e4a31898e4cf5ae1f0dc562bb1a4d/element - {"using":"xpath","value":"//*[@id=\"__button73-img\"]"}
RESULT: {"using":"xpath","value":"//*[@id=\"__button73-img\"]"}
COMMAND: POST /session/d06e4a31898e4cf5ae1f0dc562bb1a4d/element/f.FF7867651CD8E469CE707B8552024CE8.d.96B85ED55C5E5CA26A6ED7145E90EE09.e.14672/click - {}
RESULT: {}
COMMAND: GET /session/d06e4a31898e4cf5ae1f0dc562bb1a4d/screenshot - {}
RESULT: {}
COMMAND: POST /session/d06e4a31898e4cf5ae1f0dc562bb1a4d/element - {"using":"xpath","value":"//input[@id=\"application-managepricingrules-display-component---newInfoPriceItem--condRU-inner\"]"}
RESULT: {"using":"xpath","value":"//input[@id=\"application-managepricingrules-display-component---newInfoPriceItem--condRU-inner\"]"}
COMMAND: POST /session/d06e4a31898e4cf5ae1f0dc562bb1a4d/element/f.FF7867651CD8E469CE707B8552024CE8.d.96B85ED55C5E5CA26A6ED7145E90EE09.e.14885/clear - {}
RESULT: {}
COMMAND: POST /session/d06e4a31898e4cf5ae1f0dc562bb1a4d/element/f.FF7867651CD8E469CE707B8552024CE8.d.96B85ED55C5E5CA26A6ED7145E90EE09.e.14885/value - {"text":"WebdriverRUR2Col0wl"}
COMMAND: GET /session/d06e4a31898e4cf5ae1f0dc562bb1a4d/screenshot - {}
RESULT: {"text":"WebdriverRUR2Col0wl"}
COMMAND: POST /session/d06e4a31898e4cf5ae1f0dc562bb1a4d/execute/async - {"script":"<script> [1562 bytes]","args":[{"selector":{"id":"application-managepricingrules-display-component---newInfoPriceItem--condValidTo","interaction":{"idSuffix":"inner"}},"wdio_ui5_key":"applicationmanagepricingrules-display-component---newInfoPriceItem--condValidTo"}]}
COMMAND: GET /session/d06e4a31898e4cf5ae1f0dc562bb1a4d/screenshot - {}
RESULT: {}
RESULT: {"script":"<script> [1562 bytes]","args":[{"selector":{"id":"application-managepricingrules-display-component---newInfoPriceItem--condValidTo","interaction":{"idSuffix":"inner"}},"wdio_ui5_key":"applicationmanagepricingrules-display-component---newInfoPriceItem--condValidTo"}]}
RESULT: undefined
COMMAND: POST /session/d06e4a31898e4cf5ae1f0dc562bb1a4d/execute/async - {"script":"<script> [776 bytes]","args":[{"enterText":"5/18/33","selector":{"id":"application-managepricingrules-display-component---newInfoPriceItem--condValidTo","interaction":{"idSuffix":"inner"}},"clearTextFirst":true,"interactionType":"ENTER_TEXT"}]}
RESULT: {}
RESULT: {"script":"<script> [776 bytes]","args":[{"enterText":"5/18/33","selector":{"id":"application-managepricingrules-display-component---newInfoPriceItem--condValidTo","interaction":{"idSuffix":"inner"}},"clearTextFirst":true,"interactionType":"ENTER_TEXT"}]}
COMMAND: POST /session/d06e4a31898e4cf5ae1f0dc562bb1a4d/execute/async - {"script":"<script> [1562 bytes]","args":[{"selector":{"id":"application-managepricingrules-display-component---newInfoPriceItem--billType-arrow"},"wdio_ui5_key":"applicationmanagepricingrules-display-component---newInfoPriceItem--billType-arrow"}]}
RESULT: {"script":"<script> [1562 bytes]","args":[{"selector":{"id":"application-managepricingrules-display-component---newInfoPriceItem--billType-arrow"},"wdio_ui5_key":"applicationmanagepricingrules-display-component---newInfoPriceItem--billType-arrow"}]}
RESULT: undefined
COMMAND: POST /session/d06e4a31898e4cf5ae1f0dc562bb1a4d/element - {"using":"xpath","value":"//*[@id=\"application-managepricingrules-display-component---newInfoPriceItem--billType-arrow\"]"}
RESULT: {"using":"xpath","value":"//*[@id=\"application-managepricingrules-display-component---newInfoPriceItem--billType-arrow\"]"}
COMMAND: POST /session/d06e4a31898e4cf5ae1f0dc562bb1a4d/element/f.FF7867651CD8E469CE707B8552024CE8.d.96B85ED55C5E5CA26A6ED7145E90EE09.e.14936/click - {}
RESULT: {}
COMMAND: POST /session/d06e4a31898e4cf5ae1f0dc562bb1a4d/element - {"using":"xpath","value":"//span[contains(text(), \"TB - Time based\")]"}
COMMAND: GET /session/d06e4a31898e4cf5ae1f0dc562bb1a4d/screenshot - {}
RESULT: {"using":"xpath","value":"//span[contains(text(), \"TB - Time based\")]"}
COMMAND: POST /session/d06e4a31898e4cf5ae1f0dc562bb1a4d/element/f.FF7867651CD8E469CE707B8552024CE8.d.96B85ED55C5E5CA26A6ED7145E90EE09.e.14937/click - {}
RESULT: {}
RESULT: {}
COMMAND: POST /session/d06e4a31898e4cf5ae1f0dc562bb1a4d/execute/async - {"script":"<script> [1562 bytes]","args":[{"selector":{"id":"application-managepricingrules-display-component---newInfoPriceItem--priceProc-arrow"},"wdio_ui5_key":"applicationmanagepricingrules-display-component---newInfoPriceItem--priceProc-arrow"}]}
COMMAND: GET /session/d06e4a31898e4cf5ae1f0dc562bb1a4d/screenshot - {}
RESULT: {"script":"<script> [1562 bytes]","args":[{"selector":{"id":"application-managepricingrules-display-component---newInfoPriceItem--priceProc-arrow"},"wdio_ui5_key":"applicationmanagepricingrules-display-component---newInfoPriceItem--priceProc-arrow"}]}
RESULT: undefined
COMMAND: POST /session/d06e4a31898e4cf5ae1f0dc562bb1a4d/element - {"using":"xpath","value":"//*[@id=\"application-managepricingrules-display-component---newInfoPriceItem--priceProc-arrow\"]"}
RESULT: {}
RESULT: {"using":"xpath","value":"//*[@id=\"application-managepricingrules-display-component---newInfoPriceItem--priceProc-arrow\"]"}
COMMAND: POST /session/d06e4a31898e4cf5ae1f0dc562bb1a4d/element/f.FF7867651CD8E469CE707B8552024CE8.d.96B85ED55C5E5CA26A6ED7145E90EE09.e.14938/click - {}
RESULT: {}
COMMAND: POST /session/d06e4a31898e4cf5ae1f0dc562bb1a4d/element - {"using":"xpath","value":"//span[contains(text(), \"TBS - Time based standard\")]"}
COMMAND: GET /session/d06e4a31898e4cf5ae1f0dc562bb1a4d/screenshot - {}
RESULT: {"using":"xpath","value":"//span[contains(text(), \"TBS - Time based standard\")]"}
COMMAND: POST /session/d06e4a31898e4cf5ae1f0dc562bb1a4d/element/f.FF7867651CD8E469CE707B8552024CE8.d.96B85ED55C5E5CA26A6ED7145E90EE09.e.14939/click - {}
RESULT: {}
RESULT: {}
COMMAND: POST /session/d06e4a31898e4cf5ae1f0dc562bb1a4d/execute/async - {"script":"<script> [1562 bytes]","args":[{"selector":{"id":"application-managepricingrules-display-component---newInfoPriceItem--calcBase-arrow"},"wdio_ui5_key":"applicationmanagepricingrules-display-component---newInfoPriceItem--calcBase-arrow"}]}
COMMAND: GET /session/d06e4a31898e4cf5ae1f0dc562bb1a4d/screenshot - {}
RESULT: {"script":"<script> [1562 bytes]","args":[{"selector":{"id":"application-managepricingrules-display-component---newInfoPriceItem--calcBase-arrow"},"wdio_ui5_key":"applicationmanagepricingrules-display-component---newInfoPriceItem--calcBase-arrow"}]}
RESULT: undefined
COMMAND: POST /session/d06e4a31898e4cf5ae1f0dc562bb1a4d/element - {"using":"xpath","value":"//*[@id=\"application-managepricingrules-display-component---newInfoPriceItem--calcBase-arrow\"]"}
RESULT: {}
RESULT: {"using":"xpath","value":"//*[@id=\"application-managepricingrules-display-component---newInfoPriceItem--calcBase-arrow\"]"}
COMMAND: POST /session/d06e4a31898e4cf5ae1f0dc562bb1a4d/element/f.FF7867651CD8E469CE707B8552024CE8.d.96B85ED55C5E5CA26A6ED7145E90EE09.e.14940/click - {}
RESULT: {}
COMMAND: GET /session/d06e4a31898e4cf5ae1f0dc562bb1a4d/screenshot - {}
RESULT: {}
COMMAND: POST /session/d06e4a31898e4cf5ae1f0dc562bb1a4d/element - {"using":"xpath","value":"//span[contains(text(), \"0006 - TB(calendar days)\")]"}
RESULT: {"using":"xpath","value":"//span[contains(text(), \"0006 - TB(calendar days)\")]"}
COMMAND: POST /session/d06e4a31898e4cf5ae1f0dc562bb1a4d/element/f.FF7867651CD8E469CE707B8552024CE8.d.96B85ED55C5E5CA26A6ED7145E90EE09.e.14941/click - {}
RESULT: {}
COMMAND: POST /session/d06e4a31898e4cf5ae1f0dc562bb1a4d/execute/async - {"script":"<script> [1562 bytes]","args":[{"selector":{"id":"application-managepricingrules-display-component---newInfoPriceItem--daysMonth","interaction":{"idSuffix":"inner"}},"wdio_ui5_key":"applicationmanagepricingrules-display-component---newInfoPriceItem--daysMonth"}]}
COMMAND: GET /session/d06e4a31898e4cf5ae1f0dc562bb1a4d/screenshot - {}
RESULT: {"script":"<script> [1562 bytes]","args":[{"selector":{"id":"application-managepricingrules-display-component---newInfoPriceItem--daysMonth","interaction":{"idSuffix":"inner"}},"wdio_ui5_key":"applicationmanagepricingrules-display-component---newInfoPriceItem--daysMonth"}]}
RESULT: undefined
COMMAND: POST /session/d06e4a31898e4cf5ae1f0dc562bb1a4d/execute/async - {"script":"<script> [776 bytes]","args":[{"enterText":"30","selector":{"id":"application-managepricingrules-display-component---newInfoPriceItem--daysMonth","interaction":{"idSuffix":"inner"}},"clearTextFirst":true,"interactionType":"ENTER_TEXT"}]}
RESULT: {}
RESULT: {"script":"<script> [776 bytes]","args":[{"enterText":"30","selector":{"id":"application-managepricingrules-display-component---newInfoPriceItem--daysMonth","interaction":{"idSuffix":"inner"}},"clearTextFirst":true,"interactionType":"ENTER_TEXT"}]}
COMMAND: POST /session/d06e4a31898e4cf5ae1f0dc562bb1a4d/element - {"using":"xpath","value":"//button[@data-kt=\"saveNewRuleButton\"]"}
RESULT: {"using":"xpath","value":"//button[@data-kt=\"saveNewRuleButton\"]"}
COMMAND: POST /session/d06e4a31898e4cf5ae1f0dc562bb1a4d/element/f.FF7867651CD8E469CE707B8552024CE8.d.96B85ED55C5E5CA26A6ED7145E90EE09.e.14943/click - {}
RESULT: {}
COMMAND: GET /session/d06e4a31898e4cf5ae1f0dc562bb1a4d/screenshot - {}
RESULT: {}
COMMAND: POST /session/d06e4a31898e4cf5ae1f0dc562bb1a4d/element - {"using":"css selector","value":"#shell-header-logo"}
RESULT: {"using":"css selector","value":"#shell-header-logo"}
COMMAND: POST /session/d06e4a31898e4cf5ae1f0dc562bb1a4d/element/f.FF7867651CD8E469CE707B8552024CE8.d.96B85ED55C5E5CA26A6ED7145E90EE09.e.14545/click - {}
RESULT: {}
COMMAND: GET /session/d06e4a31898e4cf5ae1f0dc562bb1a4d/screenshot - {}
RESULT: {}
COMMAND: POST /session/d06e4a31898e4cf5ae1f0dc562bb1a4d/execute/async - {"script":"<script> [1562 bytes]","args":[{"selector":{"controlType":"sap.m.Text","properties":{"text":"Manage Conditions & Prices"},"interaction":{"idSuffix":"inner"}},"wdio_ui5_key":"sapm.Text{\"text\":\"Manage Conditions & Prices\"}"}]}
RESULT: {"script":"<script> [1562 bytes]","args":[{"selector":{"controlType":"sap.m.Text","properties":{"text":"Manage Conditions & Prices"},"interaction":{"idSuffix":"inner"}},"wdio_ui5_key":"sapm.Text{\"text\":\"Manage Conditions & Prices\"}"}]}
RESULT: undefined
COMMAND: POST /session/d06e4a31898e4cf5ae1f0dc562bb1a4d/element - {"using":"xpath","value":"//*[@id=\"__tile53-title\"]"}
RESULT: {"using":"xpath","value":"//*[@id=\"__tile53-title\"]"}
COMMAND: POST /session/d06e4a31898e4cf5ae1f0dc562bb1a4d/element/f.FF7867651CD8E469CE707B8552024CE8.d.96B85ED55C5E5CA26A6ED7145E90EE09.e.14962/click - {}
RESULT: {}
COMMAND: GET /session/d06e4a31898e4cf5ae1f0dc562bb1a4d/screenshot - {}
RESULT: {}
COMMAND: POST /session/d06e4a31898e4cf5ae1f0dc562bb1a4d/element - {"using":"xpath","value":"//button[@aria-label=\"Create\"]"}
RESULT: {"using":"xpath","value":"//button[@aria-label=\"Create\"]"}
COMMAND: POST /session/d06e4a31898e4cf5ae1f0dc562bb1a4d/element/f.FF7867651CD8E469CE707B8552024CE8.d.96B85ED55C5E5CA26A6ED7145E90EE09.e.14992/click - {}
RESULT: {}
COMMAND: POST /session/d06e4a31898e4cf5ae1f0dc562bb1a4d/actions - {"actions":[{"id":"action72","type":"key","parameters":{},"actions":[{"type":"keyDown","value":"î€‡"},{"type":"pause","duration":10},{"type":"keyUp","value":"î€‡"}]}]}
COMMAND: GET /session/d06e4a31898e4cf5ae1f0dc562bb1a4d/screenshot - {}
RESULT: {"actions":[{"id":"action72","type":"key","parameters":{},"actions":[{"type":"keyDown","value":"î€‡"},{"type":"pause","duration":10},{"type":"keyUp","value":"î€‡"}]}]}
COMMAND: GET /session/d06e4a31898e4cf5ae1f0dc562bb1a4d/screenshot - {}
COMMAND: POST /session/d06e4a31898e4cf5ae1f0dc562bb1a4d/execute/async - {"script":"<script> [1562 bytes]","args":[{"selector":{"id":"application-manageconditionprice-display-component---newCondition--condBillCond-arrow"},"wdio_ui5_key":"applicationmanageconditionprice-display-component---newCondition--condBillCond-arrow"}]}
RESULT: {}
RESULT: {}
RESULT: {"script":"<script> [1562 bytes]","args":[{"selector":{"id":"application-manageconditionprice-display-component---newCondition--condBillCond-arrow"},"wdio_ui5_key":"applicationmanageconditionprice-display-component---newCondition--condBillCond-arrow"}]}
RESULT: undefined
COMMAND: POST /session/d06e4a31898e4cf5ae1f0dc562bb1a4d/element - {"using":"xpath","value":"//*[@id=\"application-manageconditionprice-display-component---newCondition--condBillCond-arrow\"]"}
RESULT: {"using":"xpath","value":"//*[@id=\"application-manageconditionprice-display-component---newCondition--condBillCond-arrow\"]"}
COMMAND: POST /session/d06e4a31898e4cf5ae1f0dc562bb1a4d/element/f.FF7867651CD8E469CE707B8552024CE8.d.96B85ED55C5E5CA26A6ED7145E90EE09.e.15300/click - {}
RESULT: {}
COMMAND: POST /session/d06e4a31898e4cf5ae1f0dc562bb1a4d/element - {"using":"xpath","value":"//span[contains(text(), \"DISP - D&I special price\")]"}
COMMAND: GET /session/d06e4a31898e4cf5ae1f0dc562bb1a4d/screenshot - {}
RESULT: {"using":"xpath","value":"//span[contains(text(), \"DISP - D&I special price\")]"}
COMMAND: POST /session/d06e4a31898e4cf5ae1f0dc562bb1a4d/element/f.FF7867651CD8E469CE707B8552024CE8.d.96B85ED55C5E5CA26A6ED7145E90EE09.e.15301/click - {}
RESULT: {}
RESULT: {}
COMMAND: POST /session/d06e4a31898e4cf5ae1f0dc562bb1a4d/execute/async - {"script":"<script> [1562 bytes]","args":[{"selector":{"id":"application-manageconditionprice-display-component---newCondition--condValidTo","interaction":{"idSuffix":"inner"}},"wdio_ui5_key":"applicationmanageconditionprice-display-component---newCondition--condValidTo"}]}
COMMAND: GET /session/d06e4a31898e4cf5ae1f0dc562bb1a4d/screenshot - {}
RESULT: {"script":"<script> [1562 bytes]","args":[{"selector":{"id":"application-manageconditionprice-display-component---newCondition--condValidTo","interaction":{"idSuffix":"inner"}},"wdio_ui5_key":"applicationmanageconditionprice-display-component---newCondition--condValidTo"}]}
RESULT: undefined
COMMAND: POST /session/d06e4a31898e4cf5ae1f0dc562bb1a4d/execute/async - {"script":"<script> [776 bytes]","args":[{"enterText":"5/11/33","selector":{"id":"application-manageconditionprice-display-component---newCondition--condValidTo","interaction":{"idSuffix":"inner"}},"clearTextFirst":true,"interactionType":"ENTER_TEXT"}]}
RESULT: {}
RESULT: {"script":"<script> [776 bytes]","args":[{"enterText":"5/11/33","selector":{"id":"application-manageconditionprice-display-component---newCondition--condValidTo","interaction":{"idSuffix":"inner"}},"clearTextFirst":true,"interactionType":"ENTER_TEXT"}]}
COMMAND: POST /session/d06e4a31898e4cf5ae1f0dc562bb1a4d/element - {"using":"xpath","value":"//input[@id=\"application-manageconditionprice-display-component---newCondition--condRU-inner\"]"}
RESULT: {"using":"xpath","value":"//input[@id=\"application-manageconditionprice-display-component---newCondition--condRU-inner\"]"}
COMMAND: POST /session/d06e4a31898e4cf5ae1f0dc562bb1a4d/element/f.FF7867651CD8E469CE707B8552024CE8.d.96B85ED55C5E5CA26A6ED7145E90EE09.e.15051/clear - {}
RESULT: {}
COMMAND: POST /session/d06e4a31898e4cf5ae1f0dc562bb1a4d/element/f.FF7867651CD8E469CE707B8552024CE8.d.96B85ED55C5E5CA26A6ED7145E90EE09.e.15051/value - {"text":"WebdriverRUR2Col0wl"}
COMMAND: GET /session/d06e4a31898e4cf5ae1f0dc562bb1a4d/screenshot - {}
RESULT: {}
RESULT: {"text":"WebdriverRUR2Col0wl"}
COMMAND: GET /session/d06e4a31898e4cf5ae1f0dc562bb1a4d/screenshot - {}
RESULT: {}
COMMAND: POST /session/d06e4a31898e4cf5ae1f0dc562bb1a4d/actions - {"actions":[{"id":"action73","type":"key","parameters":{},"actions":[{"type":"keyDown","value":"î€‡"},{"type":"pause","duration":10},{"type":"keyUp","value":"î€‡"}]}]}
RESULT: {"actions":[{"id":"action73","type":"key","parameters":{},"actions":[{"type":"keyDown","value":"î€‡"},{"type":"pause","duration":10},{"type":"keyUp","value":"î€‡"}]}]}
COMMAND: POST /session/d06e4a31898e4cf5ae1f0dc562bb1a4d/execute/async - {"script":"<script> [1562 bytes]","args":[{"selector":{"id":"application-manageconditionprice-display-component---newCondition--condBaseQty","interaction":{"idSuffix":"inner"}},"wdio_ui5_key":"applicationmanageconditionprice-display-component---newCondition--condBaseQty"}]}
COMMAND: GET /session/d06e4a31898e4cf5ae1f0dc562bb1a4d/screenshot - {}
RESULT: {"script":"<script> [1562 bytes]","args":[{"selector":{"id":"application-manageconditionprice-display-component---newCondition--condBaseQty","interaction":{"idSuffix":"inner"}},"wdio_ui5_key":"applicationmanageconditionprice-display-component---newCondition--condBaseQty"}]}
RESULT: undefined
COMMAND: POST /session/d06e4a31898e4cf5ae1f0dc562bb1a4d/execute/async - {"script":"<script> [776 bytes]","args":[{"enterText":"1","selector":{"id":"application-manageconditionprice-display-component---newCondition--condBaseQty","interaction":{"idSuffix":"inner"}},"clearTextFirst":true,"interactionType":"ENTER_TEXT"}]}
RESULT: {}
RESULT: {"script":"<script> [776 bytes]","args":[{"enterText":"1","selector":{"id":"application-manageconditionprice-display-component---newCondition--condBaseQty","interaction":{"idSuffix":"inner"}},"clearTextFirst":true,"interactionType":"ENTER_TEXT"}]}
COMMAND: POST /session/d06e4a31898e4cf5ae1f0dc562bb1a4d/execute/async - {"script":"<script> [1562 bytes]","args":[{"selector":{"id":"application-manageconditionprice-display-component---newCondition--condValue","interaction":{"idSuffix":"inner"}},"wdio_ui5_key":"applicationmanageconditionprice-display-component---newCondition--condValue"}]}
RESULT: {"script":"<script> [1562 bytes]","args":[{"selector":{"id":"application-manageconditionprice-display-component---newCondition--condValue","interaction":{"idSuffix":"inner"}},"wdio_ui5_key":"applicationmanageconditionprice-display-component---newCondition--condValue"}]}
RESULT: undefined
COMMAND: POST /session/d06e4a31898e4cf5ae1f0dc562bb1a4d/execute/async - {"script":"<script> [776 bytes]","args":[{"enterText":"100","selector":{"id":"application-manageconditionprice-display-component---newCondition--condValue","interaction":{"idSuffix":"inner"}},"clearTextFirst":true,"interactionType":"ENTER_TEXT"}]}
RESULT: {"script":"<script> [776 bytes]","args":[{"enterText":"100","selector":{"id":"application-manageconditionprice-display-component---newCondition--condValue","interaction":{"idSuffix":"inner"}},"clearTextFirst":true,"interactionType":"ENTER_TEXT"}]}
COMMAND: POST /session/d06e4a31898e4cf5ae1f0dc562bb1a4d/execute/async - {"script":"<script> [1562 bytes]","args":[{"selector":{"id":"application-manageconditionprice-display-component---newCondition--condCurr-arrow"},"wdio_ui5_key":"applicationmanageconditionprice-display-component---newCondition--condCurr-arrow"}]}
RESULT: {"script":"<script> [1562 bytes]","args":[{"selector":{"id":"application-manageconditionprice-display-component---newCondition--condCurr-arrow"},"wdio_ui5_key":"applicationmanageconditionprice-display-component---newCondition--condCurr-arrow"}]}
RESULT: undefined
COMMAND: POST /session/d06e4a31898e4cf5ae1f0dc562bb1a4d/element - {"using":"xpath","value":"//*[@id=\"application-manageconditionprice-display-component---newCondition--condCurr-arrow\"]"}
RESULT: {"using":"xpath","value":"//*[@id=\"application-manageconditionprice-display-component---newCondition--condCurr-arrow\"]"}
COMMAND: POST /session/d06e4a31898e4cf5ae1f0dc562bb1a4d/element/f.FF7867651CD8E469CE707B8552024CE8.d.96B85ED55C5E5CA26A6ED7145E90EE09.e.15276/click - {}
RESULT: {}
COMMAND: POST /session/d06e4a31898e4cf5ae1f0dc562bb1a4d/element - {"using":"xpath","value":"//span[contains(text(), \"Euro\")]"}
COMMAND: GET /session/d06e4a31898e4cf5ae1f0dc562bb1a4d/screenshot - {}
RESULT: {"using":"xpath","value":"//span[contains(text(), \"Euro\")]"}
COMMAND: POST /session/d06e4a31898e4cf5ae1f0dc562bb1a4d/element/f.FF7867651CD8E469CE707B8552024CE8.d.96B85ED55C5E5CA26A6ED7145E90EE09.e.15337/click - {}
RESULT: {}
RESULT: {}
COMMAND: POST /session/d06e4a31898e4cf5ae1f0dc562bb1a4d/element - {"using":"xpath","value":"//button[@data-kt=\"saveButton\"]"}
COMMAND: GET /session/d06e4a31898e4cf5ae1f0dc562bb1a4d/screenshot - {}
RESULT: {"using":"xpath","value":"//button[@data-kt=\"saveButton\"]"}
COMMAND: POST /session/d06e4a31898e4cf5ae1f0dc562bb1a4d/element/f.FF7867651CD8E469CE707B8552024CE8.d.96B85ED55C5E5CA26A6ED7145E90EE09.e.15277/click - {}
RESULT: {}
RESULT: {}
COMMAND: GET /session/d06e4a31898e4cf5ae1f0dc562bb1a4d/screenshot - {}
RESULT: {}
COMMAND: POST /session/d06e4a31898e4cf5ae1f0dc562bb1a4d/element - {"using":"css selector","value":"#shell-header-logo"}
RESULT: {"using":"css selector","value":"#shell-header-logo"}
COMMAND: POST /session/d06e4a31898e4cf5ae1f0dc562bb1a4d/element/f.FF7867651CD8E469CE707B8552024CE8.d.96B85ED55C5E5CA26A6ED7145E90EE09.e.14964/click - {}
RESULT: {}
COMMAND: GET /session/d06e4a31898e4cf5ae1f0dc562bb1a4d/screenshot - {}
RESULT: {}
]]></system-out>
    </testcase>
    <testcase classname="chrome.136_0_7103_93.windows.E2E_-_Logistical_and_commercial_statuses" name="Should create a new contract" time="64.05">
      <system-out><![CDATA[
COMMAND: POST /session/d06e4a31898e4cf5ae1f0dc562bb1a4d/execute/async - {"script":"<script> [1562 bytes]","args":[{"selector":{"controlType":"sap.m.GenericTile","properties":{"header":"Manage Contracts"}},"wdio_ui5_key":"sapm.GenericTile{\"header\":\"Manage Contracts\"}"}]}
RESULT: {"script":"<script> [1562 bytes]","args":[{"selector":{"controlType":"sap.m.GenericTile","properties":{"header":"Manage Contracts"}},"wdio_ui5_key":"sapm.GenericTile{\"header\":\"Manage Contracts\"}"}]}
RESULT: undefined
COMMAND: POST /session/d06e4a31898e4cf5ae1f0dc562bb1a4d/element - {"using":"xpath","value":"//*[@id=\"__tile130\"]"}
RESULT: {"using":"xpath","value":"//*[@id=\"__tile130\"]"}
COMMAND: POST /session/d06e4a31898e4cf5ae1f0dc562bb1a4d/element/f.FF7867651CD8E469CE707B8552024CE8.d.96B85ED55C5E5CA26A6ED7145E90EE09.e.13853/click - {}
RESULT: {}
COMMAND: GET /session/d06e4a31898e4cf5ae1f0dc562bb1a4d/screenshot - {}
RESULT: {}
COMMAND: POST /session/d06e4a31898e4cf5ae1f0dc562bb1a4d/elements - {"using":"xpath","value":"//span[text()='Error']"}
RESULT: {"using":"xpath","value":"//span[text()='Error']"}
COMMAND: POST /session/d06e4a31898e4cf5ae1f0dc562bb1a4d/element - {"using":"xpath","value":"//button[@data-kt=\"addButton\"]"}
RESULT: {"using":"xpath","value":"//button[@data-kt=\"addButton\"]"}
COMMAND: POST /session/d06e4a31898e4cf5ae1f0dc562bb1a4d/element/f.FF7867651CD8E469CE707B8552024CE8.d.96B85ED55C5E5CA26A6ED7145E90EE09.e.15531/click - {}
RESULT: {}
COMMAND: GET /session/d06e4a31898e4cf5ae1f0dc562bb1a4d/screenshot - {}
COMMAND: POST /session/d06e4a31898e4cf5ae1f0dc562bb1a4d/execute/async - {"script":"<script> [1562 bytes]","args":[{"selector":{"id":"application-managecontracts-display-component---AddNewContract--projectDescription","interaction":{"idSuffix":"inner"}},"wdio_ui5_key":"applicationmanagecontracts-display-component---AddNewContract--projectDescription"}]}
RESULT: {}
RESULT: {"script":"<script> [1562 bytes]","args":[{"selector":{"id":"application-managecontracts-display-component---AddNewContract--projectDescription","interaction":{"idSuffix":"inner"}},"wdio_ui5_key":"applicationmanagecontracts-display-component---AddNewContract--projectDescription"}]}
RESULT: undefined
COMMAND: POST /session/d06e4a31898e4cf5ae1f0dc562bb1a4d/execute/async - {"script":"<script> [776 bytes]","args":[{"enterText":"WdIOR2cbyj84","selector":{"id":"application-managecontracts-display-component---AddNewContract--projectDescription","interaction":{"idSuffix":"inner"}},"clearTextFirst":true,"interactionType":"ENTER_TEXT"}]}
RESULT: {"script":"<script> [776 bytes]","args":[{"enterText":"WdIOR2cbyj84","selector":{"id":"application-managecontracts-display-component---AddNewContract--projectDescription","interaction":{"idSuffix":"inner"}},"clearTextFirst":true,"interactionType":"ENTER_TEXT"}]}
COMMAND: POST /session/d06e4a31898e4cf5ae1f0dc562bb1a4d/element - {"using":"xpath","value":"//input[@id=\"application-managecontracts-display-component---AddNewContract--yardId-inner\"]"}
RESULT: {"using":"xpath","value":"//input[@id=\"application-managecontracts-display-component---AddNewContract--yardId-inner\"]"}
COMMAND: POST /session/d06e4a31898e4cf5ae1f0dc562bb1a4d/element/f.FF7867651CD8E469CE707B8552024CE8.d.96B85ED55C5E5CA26A6ED7145E90EE09.e.15839/clear - {}
RESULT: {}
COMMAND: POST /session/d06e4a31898e4cf5ae1f0dc562bb1a4d/element/f.FF7867651CD8E469CE707B8552024CE8.d.96B85ED55C5E5CA26A6ED7145E90EE09.e.15839/value - {"text":"WebdriverYardwr994l"}
COMMAND: GET /session/d06e4a31898e4cf5ae1f0dc562bb1a4d/screenshot - {}
RESULT: {"text":"WebdriverYardwr994l"}
COMMAND: GET /session/d06e4a31898e4cf5ae1f0dc562bb1a4d/screenshot - {}
RESULT: {}
RESULT: {}
COMMAND: POST /session/d06e4a31898e4cf5ae1f0dc562bb1a4d/actions - {"actions":[{"id":"action74","type":"key","parameters":{},"actions":[{"type":"keyDown","value":"î€‡"},{"type":"pause","duration":10},{"type":"keyUp","value":"î€‡"}]}]}
RESULT: {"actions":[{"id":"action74","type":"key","parameters":{},"actions":[{"type":"keyDown","value":"î€‡"},{"type":"pause","duration":10},{"type":"keyUp","value":"î€‡"}]}]}
COMMAND: GET /session/d06e4a31898e4cf5ae1f0dc562bb1a4d/screenshot - {}
RESULT: {}
COMMAND: POST /session/d06e4a31898e4cf5ae1f0dc562bb1a4d/element - {"using":"xpath","value":"//input[@id=\"application-managecontracts-display-component---AddNewContract--customerSelect-inner\"]"}
RESULT: {"using":"xpath","value":"//input[@id=\"application-managecontracts-display-component---AddNewContract--customerSelect-inner\"]"}
COMMAND: POST /session/d06e4a31898e4cf5ae1f0dc562bb1a4d/element/f.FF7867651CD8E469CE707B8552024CE8.d.96B85ED55C5E5CA26A6ED7145E90EE09.e.15837/clear - {}
RESULT: {}
COMMAND: POST /session/d06e4a31898e4cf5ae1f0dc562bb1a4d/element/f.FF7867651CD8E469CE707B8552024CE8.d.96B85ED55C5E5CA26A6ED7145E90EE09.e.15837/value - {"text":"WebdriverPartnerzez9v"}
COMMAND: GET /session/d06e4a31898e4cf5ae1f0dc562bb1a4d/screenshot - {}
RESULT: {"text":"WebdriverPartnerzez9v"}
COMMAND: GET /session/d06e4a31898e4cf5ae1f0dc562bb1a4d/screenshot - {}
RESULT: {}
RESULT: {}
COMMAND: POST /session/d06e4a31898e4cf5ae1f0dc562bb1a4d/actions - {"actions":[{"id":"action75","type":"key","parameters":{},"actions":[{"type":"keyDown","value":"î€‡"},{"type":"pause","duration":10},{"type":"keyUp","value":"î€‡"}]}]}
RESULT: {"actions":[{"id":"action75","type":"key","parameters":{},"actions":[{"type":"keyDown","value":"î€‡"},{"type":"pause","duration":10},{"type":"keyUp","value":"î€‡"}]}]}
COMMAND: GET /session/d06e4a31898e4cf5ae1f0dc562bb1a4d/screenshot - {}
RESULT: {}
COMMAND: POST /session/d06e4a31898e4cf5ae1f0dc562bb1a4d/element - {"using":"xpath","value":"//input[@id=\"application-managecontracts-display-component---AddNewContract--site-inner\"]"}
RESULT: {"using":"xpath","value":"//input[@id=\"application-managecontracts-display-component---AddNewContract--site-inner\"]"}
COMMAND: POST /session/d06e4a31898e4cf5ae1f0dc562bb1a4d/element/f.FF7867651CD8E469CE707B8552024CE8.d.96B85ED55C5E5CA26A6ED7145E90EE09.e.15838/clear - {}
RESULT: {}
COMMAND: POST /session/d06e4a31898e4cf5ae1f0dc562bb1a4d/element/f.FF7867651CD8E469CE707B8552024CE8.d.96B85ED55C5E5CA26A6ED7145E90EE09.e.15838/value - {"text":"WebdriverSite3g3fa"}
COMMAND: GET /session/d06e4a31898e4cf5ae1f0dc562bb1a4d/screenshot - {}
RESULT: {"text":"WebdriverSite3g3fa"}
COMMAND: GET /session/d06e4a31898e4cf5ae1f0dc562bb1a4d/screenshot - {}
RESULT: {}
RESULT: {}
COMMAND: POST /session/d06e4a31898e4cf5ae1f0dc562bb1a4d/actions - {"actions":[{"id":"action76","type":"key","parameters":{},"actions":[{"type":"keyDown","value":"î€‡"},{"type":"pause","duration":10},{"type":"keyUp","value":"î€‡"}]}]}
RESULT: {"actions":[{"id":"action76","type":"key","parameters":{},"actions":[{"type":"keyDown","value":"î€‡"},{"type":"pause","duration":10},{"type":"keyUp","value":"î€‡"}]}]}
COMMAND: POST /session/d06e4a31898e4cf5ae1f0dc562bb1a4d/element - {"using":"xpath","value":"//button[@data-kt=\"saveButton\"]"}
COMMAND: GET /session/d06e4a31898e4cf5ae1f0dc562bb1a4d/screenshot - {}
RESULT: {"using":"xpath","value":"//button[@data-kt=\"saveButton\"]"}
COMMAND: POST /session/d06e4a31898e4cf5ae1f0dc562bb1a4d/element/f.FF7867651CD8E469CE707B8552024CE8.d.96B85ED55C5E5CA26A6ED7145E90EE09.e.15872/click - {}
RESULT: {}
RESULT: {}
COMMAND: GET /session/d06e4a31898e4cf5ae1f0dc562bb1a4d/screenshot - {}
RESULT: {}
COMMAND: POST /session/d06e4a31898e4cf5ae1f0dc562bb1a4d/execute/async - {"script":"<script> [1562 bytes]","args":[{"selector":{"id":"contractDetailTitleNoExpanded","viewName":"etm.portal.ui.managecontracts.view.Detail"},"wdio_ui5_key":"contractDetailTitleNoExpandedetmportal.ui.managecontracts.view.Detail"}]}
RESULT: {"script":"<script> [1562 bytes]","args":[{"selector":{"id":"contractDetailTitleNoExpanded","viewName":"etm.portal.ui.managecontracts.view.Detail"},"wdio_ui5_key":"contractDetailTitleNoExpandedetmportal.ui.managecontracts.view.Detail"}]}
RESULT: undefined
COMMAND: POST /session/d06e4a31898e4cf5ae1f0dc562bb1a4d/execute/async - {"script":"<script> [6424 bytes]","args":[{"element-6066-11e4-a52e-4f735466cecf":"f.FF7867651CD8E469CE707B8552024CE8.d.96B85ED55C5E5CA26A6ED7145E90EE09.e.15942"},"getText",[]]}
RESULT: {"script":"<script> [6424 bytes]","args":[{"element-6066-11e4-a52e-4f735466cecf":"f.FF7867651CD8E469CE707B8552024CE8.d.96B85ED55C5E5CA26A6ED7145E90EE09.e.15942"},"getText",[]]}
]]></system-out>
    </testcase>
    <testcase classname="chrome.136_0_7103_93.windows.E2E_-_Logistical_and_commercial_statuses" name="Should add materialID to the contract" time="42.122">
      <system-out><![CDATA[
COMMAND: POST /session/d06e4a31898e4cf5ae1f0dc562bb1a4d/element - {"using":"xpath","value":"//button[@data-kt=\"contractDetailEditBtnButton\"]"}
RESULT: {"using":"xpath","value":"//button[@data-kt=\"contractDetailEditBtnButton\"]"}
COMMAND: POST /session/d06e4a31898e4cf5ae1f0dc562bb1a4d/element/f.FF7867651CD8E469CE707B8552024CE8.d.96B85ED55C5E5CA26A6ED7145E90EE09.e.15943/click - {}
RESULT: {}
COMMAND: GET /session/d06e4a31898e4cf5ae1f0dc562bb1a4d/screenshot - {}
RESULT: {}
COMMAND: POST /session/d06e4a31898e4cf5ae1f0dc562bb1a4d/element - {"using":"xpath","value":"(//span[contains(text(), \"Additional Addresses\")])[2]"}
RESULT: {"using":"xpath","value":"(//span[contains(text(), \"Additional Addresses\")])[2]"}
COMMAND: POST /session/d06e4a31898e4cf5ae1f0dc562bb1a4d/element/f.FF7867651CD8E469CE707B8552024CE8.d.96B85ED55C5E5CA26A6ED7145E90EE09.e.16002/click - {}
RESULT: {}
COMMAND: GET /session/d06e4a31898e4cf5ae1f0dc562bb1a4d/screenshot - {}
RESULT: {}
COMMAND: POST /session/d06e4a31898e4cf5ae1f0dc562bb1a4d/element - {"using":"xpath","value":"//button[@data-kt=\"btnAddTableRowOverflowToolbarButton\"]"}
RESULT: {"using":"xpath","value":"//button[@data-kt=\"btnAddTableRowOverflowToolbarButton\"]"}
COMMAND: POST /session/d06e4a31898e4cf5ae1f0dc562bb1a4d/element/f.FF7867651CD8E469CE707B8552024CE8.d.96B85ED55C5E5CA26A6ED7145E90EE09.e.16004/click - {}
RESULT: {}
COMMAND: GET /session/d06e4a31898e4cf5ae1f0dc562bb1a4d/screenshot - {}
RESULT: {}
COMMAND: POST /session/d06e4a31898e4cf5ae1f0dc562bb1a4d/element - {"using":"xpath","value":"//div[(text() = 'Standard Entry' or . = 'Standard Entry')]"}
RESULT: {"using":"xpath","value":"//div[(text() = 'Standard Entry' or . = 'Standard Entry')]"}
COMMAND: POST /session/d06e4a31898e4cf5ae1f0dc562bb1a4d/element/f.FF7867651CD8E469CE707B8552024CE8.d.96B85ED55C5E5CA26A6ED7145E90EE09.e.16006/click - {}
RESULT: {}
COMMAND: POST /session/d06e4a31898e4cf5ae1f0dc562bb1a4d/element - {"using":"xpath","value":"//td[6]/div/div/input[1]"}
COMMAND: GET /session/d06e4a31898e4cf5ae1f0dc562bb1a4d/screenshot - {}
RESULT: {"using":"xpath","value":"//td[6]/div/div/input[1]"}
COMMAND: POST /session/d06e4a31898e4cf5ae1f0dc562bb1a4d/element/f.FF7867651CD8E469CE707B8552024CE8.d.96B85ED55C5E5CA26A6ED7145E90EE09.e.16008/click - {}
RESULT: {}
RESULT: {}
COMMAND: POST /session/d06e4a31898e4cf5ae1f0dc562bb1a4d/actions - {"actions":[{"id":"action77","type":"key","parameters":{},"actions":[{"type":"keyDown","value":"î€ƒ"},{"type":"pause","duration":10},{"type":"keyUp","value":"î€ƒ"}]}]}
COMMAND: GET /session/d06e4a31898e4cf5ae1f0dc562bb1a4d/screenshot - {}
RESULT: {"actions":[{"id":"action77","type":"key","parameters":{},"actions":[{"type":"keyDown","value":"î€ƒ"},{"type":"pause","duration":10},{"type":"keyUp","value":"î€ƒ"}]}]}
COMMAND: POST /session/d06e4a31898e4cf5ae1f0dc562bb1a4d/element - {"using":"xpath","value":"//td[6]/div/div/input[1]"}
COMMAND: GET /session/d06e4a31898e4cf5ae1f0dc562bb1a4d/screenshot - {}
RESULT: {}
RESULT: {}
RESULT: {"using":"xpath","value":"//td[6]/div/div/input[1]"}
COMMAND: POST /session/d06e4a31898e4cf5ae1f0dc562bb1a4d/element/f.FF7867651CD8E469CE707B8552024CE8.d.96B85ED55C5E5CA26A6ED7145E90EE09.e.16008/clear - {}
RESULT: {}
COMMAND: POST /session/d06e4a31898e4cf5ae1f0dc562bb1a4d/element/f.FF7867651CD8E469CE707B8552024CE8.d.96B85ED55C5E5CA26A6ED7145E90EE09.e.16008/value - {"text":"Material"}
COMMAND: GET /session/d06e4a31898e4cf5ae1f0dc562bb1a4d/screenshot - {}
RESULT: {"text":"Material"}
COMMAND: GET /session/d06e4a31898e4cf5ae1f0dc562bb1a4d/screenshot - {}
RESULT: {}
RESULT: {}
COMMAND: POST /session/d06e4a31898e4cf5ae1f0dc562bb1a4d/actions - {"actions":[{"id":"action78","type":"key","parameters":{},"actions":[{"type":"keyDown","value":"î€‡"},{"type":"pause","duration":10},{"type":"keyUp","value":"î€‡"}]}]}
RESULT: {"actions":[{"id":"action78","type":"key","parameters":{},"actions":[{"type":"keyDown","value":"î€‡"},{"type":"pause","duration":10},{"type":"keyUp","value":"î€‡"}]}]}
COMMAND: GET /session/d06e4a31898e4cf5ae1f0dc562bb1a4d/screenshot - {}
RESULT: {}
COMMAND: POST /session/d06e4a31898e4cf5ae1f0dc562bb1a4d/actions - {"actions":[{"id":"action79","type":"key","parameters":{},"actions":[{"type":"keyDown","value":"î€‡"},{"type":"pause","duration":10},{"type":"keyUp","value":"î€‡"}]}]}
RESULT: {"actions":[{"id":"action79","type":"key","parameters":{},"actions":[{"type":"keyDown","value":"î€‡"},{"type":"pause","duration":10},{"type":"keyUp","value":"î€‡"}]}]}
COMMAND: POST /session/d06e4a31898e4cf5ae1f0dc562bb1a4d/element - {"using":"xpath","value":"//td[7]/div/div/input"}
COMMAND: GET /session/d06e4a31898e4cf5ae1f0dc562bb1a4d/screenshot - {}
RESULT: {"using":"xpath","value":"//td[7]/div/div/input"}
COMMAND: POST /session/d06e4a31898e4cf5ae1f0dc562bb1a4d/element/f.FF7867651CD8E469CE707B8552024CE8.d.96B85ED55C5E5CA26A6ED7145E90EE09.e.16021/clear - {}
RESULT: {}
RESULT: {}
COMMAND: POST /session/d06e4a31898e4cf5ae1f0dc562bb1a4d/element/f.FF7867651CD8E469CE707B8552024CE8.d.96B85ED55C5E5CA26A6ED7145E90EE09.e.16021/value - {"text":"WebdriverRUR2Col0wl"}
COMMAND: GET /session/d06e4a31898e4cf5ae1f0dc562bb1a4d/screenshot - {}
RESULT: {"text":"WebdriverRUR2Col0wl"}
COMMAND: GET /session/d06e4a31898e4cf5ae1f0dc562bb1a4d/screenshot - {}
RESULT: {}
RESULT: {}
COMMAND: POST /session/d06e4a31898e4cf5ae1f0dc562bb1a4d/actions - {"actions":[{"id":"action80","type":"key","parameters":{},"actions":[{"type":"keyDown","value":"î€‡"},{"type":"pause","duration":10},{"type":"keyUp","value":"î€‡"}]}]}
RESULT: {"actions":[{"id":"action80","type":"key","parameters":{},"actions":[{"type":"keyDown","value":"î€‡"},{"type":"pause","duration":10},{"type":"keyUp","value":"î€‡"}]}]}
COMMAND: GET /session/d06e4a31898e4cf5ae1f0dc562bb1a4d/screenshot - {}
COMMAND: POST /session/d06e4a31898e4cf5ae1f0dc562bb1a4d/actions - {"actions":[{"id":"action81","type":"key","parameters":{},"actions":[{"type":"keyDown","value":"î€‡"},{"type":"pause","duration":10},{"type":"keyUp","value":"î€‡"}]}]}
RESULT: {}
RESULT: {"actions":[{"id":"action81","type":"key","parameters":{},"actions":[{"type":"keyDown","value":"î€‡"},{"type":"pause","duration":10},{"type":"keyUp","value":"î€‡"}]}]}
COMMAND: GET /session/d06e4a31898e4cf5ae1f0dc562bb1a4d/screenshot - {}
RESULT: {}
COMMAND: POST /session/d06e4a31898e4cf5ae1f0dc562bb1a4d/element - {"using":"xpath","value":"(//button[@data-kt=\"saveButton\"])[2]"}
RESULT: {"using":"xpath","value":"(//button[@data-kt=\"saveButton\"])[2]"}
COMMAND: POST /session/d06e4a31898e4cf5ae1f0dc562bb1a4d/element/f.FF7867651CD8E469CE707B8552024CE8.d.96B85ED55C5E5CA26A6ED7145E90EE09.e.16044/click - {}
RESULT: {}
COMMAND: GET /session/d06e4a31898e4cf5ae1f0dc562bb1a4d/screenshot - {}
RESULT: {}
]]></system-out>
    </testcase>
    <testcase classname="chrome.136_0_7103_93.windows.E2E_-_Logistical_and_commercial_statuses" name="It should follow the handover steps to the status fully provided" time="349.202">
      <system-out><![CDATA[
COMMAND: POST /session/d06e4a31898e4cf5ae1f0dc562bb1a4d/execute/async - {"script":"<script> [1562 bytes]","args":[{"selector":{"id":"contractDetailProvideButton","viewName":"etm.portal.ui.managecontracts.view.Detail","interaction":{"idSuffix":"BDI-content"}},"wdio_ui5_key":"contractDetailProvideButtonetmportal.ui.managecontracts.view.Detail"}]}
RESULT: {"script":"<script> [1562 bytes]","args":[{"selector":{"id":"contractDetailProvideButton","viewName":"etm.portal.ui.managecontracts.view.Detail","interaction":{"idSuffix":"BDI-content"}},"wdio_ui5_key":"contractDetailProvideButtonetmportal.ui.managecontracts.view.Detail"}]}
RESULT: undefined
COMMAND: POST /session/d06e4a31898e4cf5ae1f0dc562bb1a4d/element - {"using":"xpath","value":"//*[@id=\"__xmlview61--contractDetailProvideButton\"]"}
RESULT: {"using":"xpath","value":"//*[@id=\"__xmlview61--contractDetailProvideButton\"]"}
COMMAND: POST /session/d06e4a31898e4cf5ae1f0dc562bb1a4d/element/f.FF7867651CD8E469CE707B8552024CE8.d.96B85ED55C5E5CA26A6ED7145E90EE09.e.16048/click - {}
RESULT: {}
COMMAND: GET /session/d06e4a31898e4cf5ae1f0dc562bb1a4d/screenshot - {}
RESULT: {}
COMMAND: POST /session/d06e4a31898e4cf5ae1f0dc562bb1a4d/execute/async - {"script":"<script> [1562 bytes]","args":[{"selector":{"id":"application-managehandovers-display-component---AddNewHO--oneStep","interaction":{"idSuffix":"CbBg"}},"wdio_ui5_key":"applicationmanagehandovers-display-component---AddNewHO--oneStep"}]}
RESULT: {"script":"<script> [1562 bytes]","args":[{"selector":{"id":"application-managehandovers-display-component---AddNewHO--oneStep","interaction":{"idSuffix":"CbBg"}},"wdio_ui5_key":"applicationmanagehandovers-display-component---AddNewHO--oneStep"}]}
RESULT: undefined
COMMAND: POST /session/d06e4a31898e4cf5ae1f0dc562bb1a4d/element - {"using":"xpath","value":"//*[@id=\"application-managehandovers-display-component---AddNewHO--oneStep\"]"}
RESULT: {"using":"xpath","value":"//*[@id=\"application-managehandovers-display-component---AddNewHO--oneStep\"]"}
COMMAND: POST /session/d06e4a31898e4cf5ae1f0dc562bb1a4d/element/f.FF7867651CD8E469CE707B8552024CE8.d.96B85ED55C5E5CA26A6ED7145E90EE09.e.16204/click - {}
RESULT: {}
RESULT: undefined
COMMAND: POST /session/d06e4a31898e4cf5ae1f0dc562bb1a4d/execute/async - {"script":"<script> [776 bytes]","args":[{"enterText":"05/17/25","selector":{"id":"application-managehandovers-display-component---AddNewHO--dueDate","interaction":{"idSuffix":"inner"}},"clearTextFirst":true,"interactionType":"ENTER_TEXT"}]}
COMMAND: GET /session/d06e4a31898e4cf5ae1f0dc562bb1a4d/screenshot - {}
RESULT: {"script":"<script> [776 bytes]","args":[{"enterText":"05/17/25","selector":{"id":"application-managehandovers-display-component---AddNewHO--dueDate","interaction":{"idSuffix":"inner"}},"clearTextFirst":true,"interactionType":"ENTER_TEXT"}]}
RESULT: undefined
COMMAND: POST /session/d06e4a31898e4cf5ae1f0dc562bb1a4d/element - {"using":"xpath","value":"//*[@id=\"application-managehandovers-display-component---AddNewHO--ObjectPageLayout-anchBar-application-managehandovers-display-component---AddNewHO--section4-anchor\"]"}
RESULT: {}
RESULT: {"using":"xpath","value":"//*[@id=\"application-managehandovers-display-component---AddNewHO--ObjectPageLayout-anchBar-application-managehandovers-display-component---AddNewHO--section4-anchor\"]"}
COMMAND: POST /session/d06e4a31898e4cf5ae1f0dc562bb1a4d/element/f.FF7867651CD8E469CE707B8552024CE8.d.96B85ED55C5E5CA26A6ED7145E90EE09.e.16205/click - {}
RESULT: {}
COMMAND: POST /session/d06e4a31898e4cf5ae1f0dc562bb1a4d/execute/async - {"script":"<script> [1562 bytes]","args":[{"selector":{"controlType":"sap.ui.core.Icon","viewName":"etm.portal.ui.managehandovers.view.AddNewHO","viewId":"application-managehandovers-display-component---AddNewHO","properties":{"src":{"regex":{"source":"add"}}}},"wdio_ui5_key":"etmportal.ui.managehandovers.view.AddNewHOsap.ui.core.Icon{\"src\":{\"regex\":{\"source\":\"add\"}}}"}]}
COMMAND: GET /session/d06e4a31898e4cf5ae1f0dc562bb1a4d/screenshot - {}
RESULT: {"script":"<script> [1562 bytes]","args":[{"selector":{"controlType":"sap.ui.core.Icon","viewName":"etm.portal.ui.managehandovers.view.AddNewHO","viewId":"application-managehandovers-display-component---AddNewHO","properties":{"src":{"regex":{"source":"add"}}}},"wdio_ui5_key":"etmportal.ui.managehandovers.view.AddNewHOsap.ui.core.Icon{\"src\":{\"regex\":{\"source\":\"add\"}}}"}]}
RESULT: undefined
COMMAND: POST /session/d06e4a31898e4cf5ae1f0dc562bb1a4d/element - {"using":"xpath","value":"//*[@id=\"__button166-img\"]"}
RESULT: {}
RESULT: {"using":"xpath","value":"//*[@id=\"__button166-img\"]"}
COMMAND: POST /session/d06e4a31898e4cf5ae1f0dc562bb1a4d/element/f.FF7867651CD8E469CE707B8552024CE8.d.96B85ED55C5E5CA26A6ED7145E90EE09.e.16209/click - {}
RESULT: {}
COMMAND: GET /session/d06e4a31898e4cf5ae1f0dc562bb1a4d/screenshot - {}
RESULT: {}
RESULT: undefined
COMMAND: POST /session/d06e4a31898e4cf5ae1f0dc562bb1a4d/element - {"using":"xpath","value":"//*[@id=\"application-managehandovers-display-component---AddNewHO--popup-sa\"]"}
RESULT: {"using":"xpath","value":"//*[@id=\"application-managehandovers-display-component---AddNewHO--popup-sa\"]"}
COMMAND: POST /session/d06e4a31898e4cf5ae1f0dc562bb1a4d/element/f.FF7867651CD8E469CE707B8552024CE8.d.96B85ED55C5E5CA26A6ED7145E90EE09.e.16219/click - {}
RESULT: {}
COMMAND: POST /session/d06e4a31898e4cf5ae1f0dc562bb1a4d/execute/async - {"script":"<script> [1562 bytes]","args":[{"selector":{"controlType":"sap.m.Button","viewName":"etm.portal.ui.managehandovers.view.AddNewHO","viewId":"application-managehandovers-display-component---AddNewHO","i18NText":{"propertyName":"text","key":"select"},"searchOpenDialogs":true,"interaction":{"idSuffix":"inner"}},"wdio_ui5_key":"etmportal.ui.managehandovers.view.AddNewHOsap.m.Button{\"propertyName\":\"text\",\"key\":\"select\"}"}]}
COMMAND: GET /session/d06e4a31898e4cf5ae1f0dc562bb1a4d/screenshot - {}
RESULT: {"script":"<script> [1562 bytes]","args":[{"selector":{"controlType":"sap.m.Button","viewName":"etm.portal.ui.managehandovers.view.AddNewHO","viewId":"application-managehandovers-display-component---AddNewHO","i18NText":{"propertyName":"text","key":"select"},"searchOpenDialogs":true,"interaction":{"idSuffix":"inner"}},"wdio_ui5_key":"etmportal.ui.managehandovers.view.AddNewHOsap.m.Button{\"propertyName\":\"text\",\"key\":\"select\"}"}]}
RESULT: undefined
COMMAND: POST /session/d06e4a31898e4cf5ae1f0dc562bb1a4d/element - {"using":"xpath","value":"//*[@id=\"__button169\"]"}
RESULT: {}
RESULT: {"using":"xpath","value":"//*[@id=\"__button169\"]"}
COMMAND: POST /session/d06e4a31898e4cf5ae1f0dc562bb1a4d/element/f.FF7867651CD8E469CE707B8552024CE8.d.96B85ED55C5E5CA26A6ED7145E90EE09.e.16222/click - {}
RESULT: {}
COMMAND: POST /session/d06e4a31898e4cf5ae1f0dc562bb1a4d/execute/async - {"script":"<script> [1562 bytes]","args":[{"selector":{"id":"application-managehandovers-display-component---AddNewHO--confirmCreationButton","interaction":{"idSuffix":"BDI-content"}},"wdio_ui5_key":"applicationmanagehandovers-display-component---AddNewHO--confirmCreationButton"}]}
COMMAND: GET /session/d06e4a31898e4cf5ae1f0dc562bb1a4d/screenshot - {}
RESULT: {"script":"<script> [1562 bytes]","args":[{"selector":{"id":"application-managehandovers-display-component---AddNewHO--confirmCreationButton","interaction":{"idSuffix":"BDI-content"}},"wdio_ui5_key":"applicationmanagehandovers-display-component---AddNewHO--confirmCreationButton"}]}
RESULT: undefined
COMMAND: POST /session/d06e4a31898e4cf5ae1f0dc562bb1a4d/element - {"using":"xpath","value":"//*[@id=\"application-managehandovers-display-component---AddNewHO--confirmCreationButton\"]"}
RESULT: {}
RESULT: {"using":"xpath","value":"//*[@id=\"application-managehandovers-display-component---AddNewHO--confirmCreationButton\"]"}
COMMAND: POST /session/d06e4a31898e4cf5ae1f0dc562bb1a4d/element/f.FF7867651CD8E469CE707B8552024CE8.d.96B85ED55C5E5CA26A6ED7145E90EE09.e.16168/click - {}
RESULT: {}
COMMAND: GET /session/d06e4a31898e4cf5ae1f0dc562bb1a4d/screenshot - {}
RESULT: {}
COMMAND: POST /session/d06e4a31898e4cf5ae1f0dc562bb1a4d/element - {"using":"xpath","value":"//a[contains(@data-kt ,\"GeneralSectionReceiveContracttLink\")]"}
RESULT: {"using":"xpath","value":"//a[contains(@data-kt ,\"GeneralSectionReceiveContracttLink\")]"}
COMMAND: POST /session/d06e4a31898e4cf5ae1f0dc562bb1a4d/element/f.FF7867651CD8E469CE707B8552024CE8.d.96B85ED55C5E5CA26A6ED7145E90EE09.e.16258/click - {}
RESULT: {}
COMMAND: GET /session/d06e4a31898e4cf5ae1f0dc562bb1a4d/screenshot - {}
RESULT: {}
COMMAND: POST /session/d06e4a31898e4cf5ae1f0dc562bb1a4d/element - {"using":"xpath","value":"//a[contains(@data-kt ,\"ContextMenuId2Link\")]"}
RESULT: {"using":"xpath","value":"//a[contains(@data-kt ,\"ContextMenuId2Link\")]"}
COMMAND: POST /session/d06e4a31898e4cf5ae1f0dc562bb1a4d/element/f.FF7867651CD8E469CE707B8552024CE8.d.96B85ED55C5E5CA26A6ED7145E90EE09.e.16262/click - {}
RESULT: {}
COMMAND: GET /session/d06e4a31898e4cf5ae1f0dc562bb1a4d/screenshot - {}
RESULT: {}
COMMAND: POST /session/d06e4a31898e4cf5ae1f0dc562bb1a4d/execute/async - {"script":"<script> [1562 bytes]","args":[{"selector":{"controlType":"sap.m.ObjectStatus","viewName":"etm.portal.ui.managecontracts.view.Detail","bindingPath":{"propertyPath":"LINK_TO_LOGISTICAL_STATUS/DESCRIPTION","modelName":"catalogModel"}},"wdio_ui5_key":"etmportal.ui.managecontracts.view.Detailsap.m.ObjectStatus{\"propertyPath\":\"LINK_TO_LOGISTICAL_STATUS/DESCRIPTION\",\"modelName\":\"catalogModel\"}"}]}
RESULT: {"script":"<script> [1562 bytes]","args":[{"selector":{"controlType":"sap.m.ObjectStatus","viewName":"etm.portal.ui.managecontracts.view.Detail","bindingPath":{"propertyPath":"LINK_TO_LOGISTICAL_STATUS/DESCRIPTION","modelName":"catalogModel"}},"wdio_ui5_key":"etmportal.ui.managecontracts.view.Detailsap.m.ObjectStatus{\"propertyPath\":\"LINK_TO_LOGISTICAL_STATUS/DESCRIPTION\",\"modelName\":\"catalogModel\"}"}]}
RESULT: undefined
COMMAND: POST /session/d06e4a31898e4cf5ae1f0dc562bb1a4d/execute/async - {"script":"<script> [6424 bytes]","args":[{"element-6066-11e4-a52e-4f735466cecf":"f.FF7867651CD8E469CE707B8552024CE8.d.96B85ED55C5E5CA26A6ED7145E90EE09.e.16489"},"getText",[]]}
RESULT: {"script":"<script> [6424 bytes]","args":[{"element-6066-11e4-a52e-4f735466cecf":"f.FF7867651CD8E469CE707B8552024CE8.d.96B85ED55C5E5CA26A6ED7145E90EE09.e.16489"},"getText",[]]}
COMMAND: POST /session/d06e4a31898e4cf5ae1f0dc562bb1a4d/execute/async - {"script":"<script> [1562 bytes]","args":[{"selector":{"controlType":"sap.m.ObjectStatus","viewName":"etm.portal.ui.managecontracts.view.Detail","bindingPath":{"propertyPath":"LINK_TO_COMMERCIAL_STATUS/DESCRIPTION","modelName":"catalogModel"}},"wdio_ui5_key":"etmportal.ui.managecontracts.view.Detailsap.m.ObjectStatus{\"propertyPath\":\"LINK_TO_COMMERCIAL_STATUS/DESCRIPTION\",\"modelName\":\"catalogModel\"}"}]}
RESULT: {"script":"<script> [1562 bytes]","args":[{"selector":{"controlType":"sap.m.ObjectStatus","viewName":"etm.portal.ui.managecontracts.view.Detail","bindingPath":{"propertyPath":"LINK_TO_COMMERCIAL_STATUS/DESCRIPTION","modelName":"catalogModel"}},"wdio_ui5_key":"etmportal.ui.managecontracts.view.Detailsap.m.ObjectStatus{\"propertyPath\":\"LINK_TO_COMMERCIAL_STATUS/DESCRIPTION\",\"modelName\":\"catalogModel\"}"}]}
RESULT: undefined
COMMAND: POST /session/d06e4a31898e4cf5ae1f0dc562bb1a4d/execute/async - {"script":"<script> [6424 bytes]","args":[{"element-6066-11e4-a52e-4f735466cecf":"f.FF7867651CD8E469CE707B8552024CE8.d.96B85ED55C5E5CA26A6ED7145E90EE09.e.16490"},"getText",[]]}
RESULT: {"script":"<script> [6424 bytes]","args":[{"element-6066-11e4-a52e-4f735466cecf":"f.FF7867651CD8E469CE707B8552024CE8.d.96B85ED55C5E5CA26A6ED7145E90EE09.e.16490"},"getText",[]]}
COMMAND: POST /session/d06e4a31898e4cf5ae1f0dc562bb1a4d/execute/async - {"script":"<script> [1562 bytes]","args":[{"selector":{"id":"backBtn"},"wdio_ui5_key":"backBtn"}]}
RESULT: {"script":"<script> [1562 bytes]","args":[{"selector":{"id":"backBtn"},"wdio_ui5_key":"backBtn"}]}
RESULT: undefined
COMMAND: POST /session/d06e4a31898e4cf5ae1f0dc562bb1a4d/element - {"using":"xpath","value":"//*[@id=\"backBtn\"]"}
RESULT: {"using":"xpath","value":"//*[@id=\"backBtn\"]"}
COMMAND: POST /session/d06e4a31898e4cf5ae1f0dc562bb1a4d/element/f.FF7867651CD8E469CE707B8552024CE8.d.96B85ED55C5E5CA26A6ED7145E90EE09.e.16491/click - {}
RESULT: {}
COMMAND: GET /session/d06e4a31898e4cf5ae1f0dc562bb1a4d/screenshot - {}
RESULT: {}
COMMAND: POST /session/d06e4a31898e4cf5ae1f0dc562bb1a4d/execute/async - {"script":"<script> [1562 bytes]","args":[{"selector":{"controlType":"sap.m.Text","viewName":"etm.portal.ui.managehandovers.view.DetailExecuteHO","bindingPath":{"propertyPath":"NO","modelName":"catalogModel"}},"wdio_ui5_key":"etmportal.ui.managehandovers.view.DetailExecuteHOsap.m.Text{\"propertyPath\":\"NO\",\"modelName\":\"catalogModel\"}"}]}
RESULT: {"script":"<script> [1562 bytes]","args":[{"selector":{"controlType":"sap.m.Text","viewName":"etm.portal.ui.managehandovers.view.DetailExecuteHO","bindingPath":{"propertyPath":"NO","modelName":"catalogModel"}},"wdio_ui5_key":"etmportal.ui.managehandovers.view.DetailExecuteHOsap.m.Text{\"propertyPath\":\"NO\",\"modelName\":\"catalogModel\"}"}]}
RESULT: undefined
COMMAND: POST /session/d06e4a31898e4cf5ae1f0dc562bb1a4d/execute/async - {"script":"<script> [6424 bytes]","args":[{"element-6066-11e4-a52e-4f735466cecf":"f.FF7867651CD8E469CE707B8552024CE8.d.96B85ED55C5E5CA26A6ED7145E90EE09.e.16603"},"getText",[]]}
RESULT: {"script":"<script> [6424 bytes]","args":[{"element-6066-11e4-a52e-4f735466cecf":"f.FF7867651CD8E469CE707B8552024CE8.d.96B85ED55C5E5CA26A6ED7145E90EE09.e.16603"},"getText",[]]}
COMMAND: POST /session/d06e4a31898e4cf5ae1f0dc562bb1a4d/element - {"using":"xpath","value":"//input[contains(@id ,\"issueDatePicker-inner\")]"}
RESULT: {"using":"xpath","value":"//input[contains(@id ,\"issueDatePicker-inner\")]"}
COMMAND: GET /session/d06e4a31898e4cf5ae1f0dc562bb1a4d/element/f.FF7867651CD8E469CE707B8552024CE8.d.96B85ED55C5E5CA26A6ED7145E90EE09.e.16586/property/value - {}
RESULT: {}
COMMAND: POST /session/d06e4a31898e4cf5ae1f0dc562bb1a4d/element/f.FF7867651CD8E469CE707B8552024CE8.d.96B85ED55C5E5CA26A6ED7145E90EE09.e.16586/clear - {}
COMMAND: GET /session/d06e4a31898e4cf5ae1f0dc562bb1a4d/screenshot - {}
RESULT: {}
COMMAND: POST /session/d06e4a31898e4cf5ae1f0dc562bb1a4d/element/f.FF7867651CD8E469CE707B8552024CE8.d.96B85ED55C5E5CA26A6ED7145E90EE09.e.16586/value - {"text":"05/17/25"}
COMMAND: GET /session/d06e4a31898e4cf5ae1f0dc562bb1a4d/screenshot - {}
RESULT: {}
RESULT: {"text":"05/17/25"}
COMMAND: GET /session/d06e4a31898e4cf5ae1f0dc562bb1a4d/screenshot - {}
RESULT: {}
RESULT: {}
COMMAND: POST /session/d06e4a31898e4cf5ae1f0dc562bb1a4d/execute/async - {"script":"<script> [1562 bytes]","args":[{"selector":{"controlType":"sap.m.Button","viewName":"etm.portal.ui.managehandovers.view.DetailExecuteHO","i18NText":{"propertyName":"text","key":"confirmAll"},"interaction":{"idSuffix":"inner"}},"wdio_ui5_key":"etmportal.ui.managehandovers.view.DetailExecuteHOsap.m.Button{\"propertyName\":\"text\",\"key\":\"confirmAll\"}"}]}
RESULT: {"script":"<script> [1562 bytes]","args":[{"selector":{"controlType":"sap.m.Button","viewName":"etm.portal.ui.managehandovers.view.DetailExecuteHO","i18NText":{"propertyName":"text","key":"confirmAll"},"interaction":{"idSuffix":"inner"}},"wdio_ui5_key":"etmportal.ui.managehandovers.view.DetailExecuteHOsap.m.Button{\"propertyName\":\"text\",\"key\":\"confirmAll\"}"}]}
RESULT: undefined
COMMAND: POST /session/d06e4a31898e4cf5ae1f0dc562bb1a4d/element - {"using":"xpath","value":"//*[@id=\"__button249\"]"}
RESULT: {"using":"xpath","value":"//*[@id=\"__button249\"]"}
COMMAND: POST /session/d06e4a31898e4cf5ae1f0dc562bb1a4d/element/f.FF7867651CD8E469CE707B8552024CE8.d.96B85ED55C5E5CA26A6ED7145E90EE09.e.16607/click - {}
RESULT: {}
COMMAND: GET /session/d06e4a31898e4cf5ae1f0dc562bb1a4d/screenshot - {}
RESULT: {}
COMMAND: POST /session/d06e4a31898e4cf5ae1f0dc562bb1a4d/actions - {"actions":[{"id":"action82","type":"key","parameters":{},"actions":[{"type":"keyDown","value":"î€‡"},{"type":"pause","duration":10},{"type":"keyUp","value":"î€‡"}]}]}
RESULT: {"actions":[{"id":"action82","type":"key","parameters":{},"actions":[{"type":"keyDown","value":"î€‡"},{"type":"pause","duration":10},{"type":"keyUp","value":"î€‡"}]}]}
COMMAND: GET /session/d06e4a31898e4cf5ae1f0dc562bb1a4d/screenshot - {}
RESULT: {}
RESULT: undefined
COMMAND: POST /session/d06e4a31898e4cf5ae1f0dc562bb1a4d/element - {"using":"xpath","value":"//*[@id=\"__button249\"]"}
RESULT: {"using":"xpath","value":"//*[@id=\"__button249\"]"}
COMMAND: POST /session/d06e4a31898e4cf5ae1f0dc562bb1a4d/element/f.FF7867651CD8E469CE707B8552024CE8.d.96B85ED55C5E5CA26A6ED7145E90EE09.e.16607/click - {}
RESULT: {}
COMMAND: GET /session/d06e4a31898e4cf5ae1f0dc562bb1a4d/screenshot - {}
RESULT: {}
COMMAND: POST /session/d06e4a31898e4cf5ae1f0dc562bb1a4d/execute/async - {"script":"<script> [1562 bytes]","args":[{"selector":{"controlType":"sap.m.Button","properties":{"text":"OK"},"searchOpenDialogs":true,"interaction":{"idSuffix":"content"}},"wdio_ui5_key":"sapm.Button{\"text\":\"OK\"}"}]}
RESULT: {"script":"<script> [1562 bytes]","args":[{"selector":{"controlType":"sap.m.Button","properties":{"text":"OK"},"searchOpenDialogs":true,"interaction":{"idSuffix":"content"}},"wdio_ui5_key":"sapm.Button{\"text\":\"OK\"}"}]}
RESULT: undefined
COMMAND: POST /session/d06e4a31898e4cf5ae1f0dc562bb1a4d/element - {"using":"xpath","value":"//*[@id=\"__mbox-btn-4\"]"}
RESULT: {"using":"xpath","value":"//*[@id=\"__mbox-btn-4\"]"}
COMMAND: POST /session/d06e4a31898e4cf5ae1f0dc562bb1a4d/element/f.FF7867651CD8E469CE707B8552024CE8.d.96B85ED55C5E5CA26A6ED7145E90EE09.e.16616/click - {}
RESULT: {}
COMMAND: GET /session/d06e4a31898e4cf5ae1f0dc562bb1a4d/screenshot - {}
RESULT: {}
COMMAND: POST /session/d06e4a31898e4cf5ae1f0dc562bb1a4d/element - {"using":"xpath","value":"//button[contains(@data-kt ,\"execHoPickFooterButton\")]"}
RESULT: {"using":"xpath","value":"//button[contains(@data-kt ,\"execHoPickFooterButton\")]"}
COMMAND: POST /session/d06e4a31898e4cf5ae1f0dc562bb1a4d/element/f.FF7867651CD8E469CE707B8552024CE8.d.96B85ED55C5E5CA26A6ED7145E90EE09.e.16620/click - {}
RESULT: {}
COMMAND: GET /session/d06e4a31898e4cf5ae1f0dc562bb1a4d/screenshot - {}
RESULT: {}
COMMAND: POST /session/d06e4a31898e4cf5ae1f0dc562bb1a4d/refresh - {}
RESULT: {}
COMMAND: GET /session/d06e4a31898e4cf5ae1f0dc562bb1a4d/screenshot - {}
RESULT: {}
COMMAND: POST /session/d06e4a31898e4cf5ae1f0dc562bb1a4d/refresh - {}
RESULT: {}
COMMAND: GET /session/d06e4a31898e4cf5ae1f0dc562bb1a4d/screenshot - {}
RESULT: {}
COMMAND: POST /session/d06e4a31898e4cf5ae1f0dc562bb1a4d/window/fullscreen - {}
RESULT: {}
COMMAND: POST /session/d06e4a31898e4cf5ae1f0dc562bb1a4d/execute/async - {"script":"<script> [189 bytes]","args":[]}
RESULT: {"script":"<script> [189 bytes]","args":[]}
COMMAND: POST /session/d06e4a31898e4cf5ae1f0dc562bb1a4d/execute/async - {"script":"<script> [123 bytes]","args":[]}
RESULT: {"script":"<script> [123 bytes]","args":[]}
COMMAND: POST /session/d06e4a31898e4cf5ae1f0dc562bb1a4d/timeouts - {"script":"<number>"}
RESULT: {"script":"<number>"}
COMMAND: GET /session/d06e4a31898e4cf5ae1f0dc562bb1a4d/timeouts - {}
RESULT: {}
RESULT: undefined
COMMAND: POST /session/d06e4a31898e4cf5ae1f0dc562bb1a4d/execute/async - {"script":"<script> [2676 bytes]","args":[]}
RESULT: {"script":"<script> [2676 bytes]","args":[]}
COMMAND: POST /session/d06e4a31898e4cf5ae1f0dc562bb1a4d/execute/async - {"script":"<script> [2342 bytes]","args":[{"protocol":"http","hostname":"0.0.0.0","path":"/","capabilities":{"browserName":"chrome","goog:chromeOptions":{"binary":"C:\\Program Files\\Google\\Chrome\\Application\\chrome.exe","args":["--start-maximized"]}},"logLevel":"warn","connectionRetryTimeout":120000,"connectionRetryCount":3,"logLevels":{},"enableDirectConnect":true,"strictSSL":true,"_":"65 more keys: [\"cacheDir\",\"port\",\"requestedCapabilities\",\"automationProtocol\",\"baseUrl\",\"waitforInterval\",\"waitforTimeout\",\"onReload\",\"beforeCommand\",\"afterCommand\",\"rootDir\",\"specs\",\"suites\",\"exclude\",\"groupLogsByTestSpec\",\"excludeDriverLogs\",\"bail\",\"framework\",\"reporters\",\"services\",\"maxInstances\",\"maxInstancesPerCapability\",\"injectGlobals\",\"filesToWatch\",\"execArgv\",\"runnerEnv\",\"runner\",\"shard\",\"specFileRetries\",\"specFileRetriesDelay\",\"specFileRetriesDeferred\",\"reporterSyncInterval\",\"reporterSyncTimeout\",\"cucumberFeaturesWithLineNumbers\",\"autoCompileOpts\",\"mochaOpts\",\"jasmineOpts\",\"cucumberOpts\",\"onPrepare\",\"onWorkerStart\",\"onWorkerEnd\",\"before\",\"beforeSession\",\"beforeSuite\",\"beforeHook\",\"beforeTest\",\"afterTest\",\"afterHook\",\"afterSuite\",\"afterSession\",\"after\",\"onComplete\",\"beforeAssertion\",\"afterAssertion\",\"beforeFeature\",\"beforeScenario\",\"beforeStep\",\"afterStep\",\"afterScenario\",\"afterFeature\",\"_\",\"suite\",\"$0\",\"ignoredWorkerServices\",\"wdi5\"]"}]}
RESULT: {"script":"<script> [2342 bytes]","args":[{"protocol":"http","hostname":"0.0.0.0","path":"/","capabilities":{"browserName":"chrome","goog:chromeOptions":{"binary":"C:\\Program Files\\Google\\Chrome\\Application\\chrome.exe","args":["--start-maximized"]}},"logLevel":"warn","connectionRetryTimeout":120000,"connectionRetryCount":3,"logLevels":{},"enableDirectConnect":true,"strictSSL":true,"_":"65 more keys: [\"cacheDir\",\"port\",\"requestedCapabilities\",\"automationProtocol\",\"baseUrl\",\"waitforInterval\",\"waitforTimeout\",\"onReload\",\"beforeCommand\",\"afterCommand\",\"rootDir\",\"specs\",\"suites\",\"exclude\",\"groupLogsByTestSpec\",\"excludeDriverLogs\",\"bail\",\"framework\",\"reporters\",\"services\",\"maxInstances\",\"maxInstancesPerCapability\",\"injectGlobals\",\"filesToWatch\",\"execArgv\",\"runnerEnv\",\"runner\",\"shard\",\"specFileRetries\",\"specFileRetriesDelay\",\"specFileRetriesDeferred\",\"reporterSyncInterval\",\"reporterSyncTimeout\",\"cucumberFeaturesWithLineNumbers\",\"autoCompileOpts\",\"mochaOpts\",\"jasmineOpts\",\"cucumberOpts\",\"onPrepare\",\"onWorkerStart\",\"onWorkerEnd\",\"before\",\"beforeSession\",\"beforeSuite\",\"beforeHook\",\"beforeTest\",\"afterTest\",\"afterHook\",\"afterSuite\",\"afterSession\",\"after\",\"onComplete\",\"beforeAssertion\",\"afterAssertion\",\"beforeFeature\",\"beforeScenario\",\"beforeStep\",\"afterStep\",\"afterScenario\",\"afterFeature\",\"_\",\"suite\",\"$0\",\"ignoredWorkerServices\",\"wdi5\"]"}]}
COMMAND: POST /session/d06e4a31898e4cf5ae1f0dc562bb1a4d/execute/async - {"script":"<script> [21126 bytes]","args":[35000]}
RESULT: {"script":"<script> [21126 bytes]","args":[35000]}
COMMAND: POST /session/d06e4a31898e4cf5ae1f0dc562bb1a4d/execute/async - {"script":"<script> [1562 bytes]","args":[{"selector":{"controlType":"sap.m.SearchField","viewName":"etm.portal.ui.managehandovers.view.MasterHO","bindingPath":{"path":"","propertyPath":"/_BASIC_SEARCH_FIELD","modelName":"fi1t3rM0d31"},"interaction":{"idSuffix":"I"}},"wdio_ui5_key":"etmportal.ui.managehandovers.view.MasterHOsap.m.SearchField{\"path\":\"\",\"propertyPath\":\"/_BASIC_SEARCH_FIELD\",\"modelName\":\"fi1t3rM0d31\"}"}]}
RESULT: {"script":"<script> [1562 bytes]","args":[{"selector":{"controlType":"sap.m.SearchField","viewName":"etm.portal.ui.managehandovers.view.MasterHO","bindingPath":{"path":"","propertyPath":"/_BASIC_SEARCH_FIELD","modelName":"fi1t3rM0d31"},"interaction":{"idSuffix":"I"}},"wdio_ui5_key":"etmportal.ui.managehandovers.view.MasterHOsap.m.SearchField{\"path\":\"\",\"propertyPath\":\"/_BASIC_SEARCH_FIELD\",\"modelName\":\"fi1t3rM0d31\"}"}]}
RESULT: undefined
COMMAND: POST /session/d06e4a31898e4cf5ae1f0dc562bb1a4d/execute/async - {"script":"<script> [776 bytes]","args":[{"enterText":"30660","selector":{"controlType":"sap.m.SearchField","viewName":"etm.portal.ui.managehandovers.view.MasterHO","bindingPath":{"path":"","propertyPath":"/_BASIC_SEARCH_FIELD","modelName":"fi1t3rM0d31"},"interaction":{"idSuffix":"I"}},"clearTextFirst":true,"interactionType":"ENTER_TEXT"}]}
RESULT: {"script":"<script> [776 bytes]","args":[{"enterText":"30660","selector":{"controlType":"sap.m.SearchField","viewName":"etm.portal.ui.managehandovers.view.MasterHO","bindingPath":{"path":"","propertyPath":"/_BASIC_SEARCH_FIELD","modelName":"fi1t3rM0d31"},"interaction":{"idSuffix":"I"}},"clearTextFirst":true,"interactionType":"ENTER_TEXT"}]}
COMMAND: POST /session/d06e4a31898e4cf5ae1f0dc562bb1a4d/actions - {"actions":[{"id":"action83","type":"key","parameters":{},"actions":[{"type":"keyDown","value":"î€‡"},{"type":"pause","duration":10},{"type":"keyUp","value":"î€‡"}]}]}
RESULT: {"actions":[{"id":"action83","type":"key","parameters":{},"actions":[{"type":"keyDown","value":"î€‡"},{"type":"pause","duration":10},{"type":"keyUp","value":"î€‡"}]}]}
COMMAND: GET /session/d06e4a31898e4cf5ae1f0dc562bb1a4d/screenshot - {}
RESULT: {}
COMMAND: POST /session/d06e4a31898e4cf5ae1f0dc562bb1a4d/execute/async - {"script":"<script> [1562 bytes]","args":[{"selector":{"controlType":"sap.m.Title","viewName":"etm.portal.ui.managehandovers.view.MasterHO","properties":{"text":"Records (1)"}},"wdio_ui5_key":"etmportal.ui.managehandovers.view.MasterHOsap.m.Title{\"text\":\"Records (1)\"}"}]}
RESULT: {"script":"<script> [1562 bytes]","args":[{"selector":{"controlType":"sap.m.Title","viewName":"etm.portal.ui.managehandovers.view.MasterHO","properties":{"text":"Records (1)"}},"wdio_ui5_key":"etmportal.ui.managehandovers.view.MasterHOsap.m.Title{\"text\":\"Records (1)\"}"}]}
RESULT: undefined
COMMAND: POST /session/d06e4a31898e4cf5ae1f0dc562bb1a4d/execute/async - {"script":"<script> [6424 bytes]","args":[{"element-6066-11e4-a52e-4f735466cecf":"f.FF7867651CD8E469CE707B8552024CE8.d.DBA3C7B6ACC1E1509BE0C6CFA6904F5E.e.16992"},"getText",[]]}
RESULT: {"script":"<script> [6424 bytes]","args":[{"element-6066-11e4-a52e-4f735466cecf":"f.FF7867651CD8E469CE707B8552024CE8.d.DBA3C7B6ACC1E1509BE0C6CFA6904F5E.e.16992"},"getText",[]]}
COMMAND: POST /session/d06e4a31898e4cf5ae1f0dc562bb1a4d/execute/async - {"script":"<script> [1562 bytes]","args":[{"selector":{"controlType":"sap.ui.core.Icon","viewName":"etm.portal.ui.managehandovers.view.MasterHO","properties":{"src":{"regex":{"source":"slim\\-arrow\\-right"}}}},"wdio_ui5_key":"etmportal.ui.managehandovers.view.MasterHOsap.ui.core.Icon{\"src\":{\"regex\":{\"source\":\"slim\\\\-arrow\\\\-right\"}}}"}]}
RESULT: {"script":"<script> [1562 bytes]","args":[{"selector":{"controlType":"sap.ui.core.Icon","viewName":"etm.portal.ui.managehandovers.view.MasterHO","properties":{"src":{"regex":{"source":"slim\\-arrow\\-right"}}}},"wdio_ui5_key":"etmportal.ui.managehandovers.view.MasterHOsap.ui.core.Icon{\"src\":{\"regex\":{\"source\":\"slim\\\\-arrow\\\\-right\"}}}"}]}
RESULT: undefined
COMMAND: POST /session/d06e4a31898e4cf5ae1f0dc562bb1a4d/element - {"using":"xpath","value":"//*[@id=\"__item29-__clone17-imgNav\"]"}
RESULT: {"using":"xpath","value":"//*[@id=\"__item29-__clone17-imgNav\"]"}
COMMAND: POST /session/d06e4a31898e4cf5ae1f0dc562bb1a4d/element/f.FF7867651CD8E469CE707B8552024CE8.d.DBA3C7B6ACC1E1509BE0C6CFA6904F5E.e.16991/click - {}
RESULT: {}
COMMAND: GET /session/d06e4a31898e4cf5ae1f0dc562bb1a4d/screenshot - {}
RESULT: {}
COMMAND: POST /session/d06e4a31898e4cf5ae1f0dc562bb1a4d/element - {"using":"xpath","value":"//a[contains(@data-kt ,\"GeneralSectionReceiveContracttLink\")]"}
RESULT: {"using":"xpath","value":"//a[contains(@data-kt ,\"GeneralSectionReceiveContracttLink\")]"}
COMMAND: POST /session/d06e4a31898e4cf5ae1f0dc562bb1a4d/element/f.FF7867651CD8E469CE707B8552024CE8.d.DBA3C7B6ACC1E1509BE0C6CFA6904F5E.e.17085/click - {}
RESULT: {}
COMMAND: GET /session/d06e4a31898e4cf5ae1f0dc562bb1a4d/screenshot - {}
RESULT: {}
COMMAND: POST /session/d06e4a31898e4cf5ae1f0dc562bb1a4d/element - {"using":"xpath","value":"//a[contains(@data-kt ,\"ContextMenuId2Link\")]"}
RESULT: {"using":"xpath","value":"//a[contains(@data-kt ,\"ContextMenuId2Link\")]"}
COMMAND: POST /session/d06e4a31898e4cf5ae1f0dc562bb1a4d/element/f.FF7867651CD8E469CE707B8552024CE8.d.DBA3C7B6ACC1E1509BE0C6CFA6904F5E.e.17088/click - {}
RESULT: {}
COMMAND: GET /session/d06e4a31898e4cf5ae1f0dc562bb1a4d/screenshot - {}
RESULT: {}
COMMAND: POST /session/d06e4a31898e4cf5ae1f0dc562bb1a4d/execute/async - {"script":"<script> [1562 bytes]","args":[{"selector":{"controlType":"sap.m.ObjectStatus","viewName":"etm.portal.ui.managecontracts.view.Detail","bindingPath":{"propertyPath":"LINK_TO_LOGISTICAL_STATUS/DESCRIPTION","modelName":"catalogModel"}},"wdio_ui5_key":"etmportal.ui.managecontracts.view.Detailsap.m.ObjectStatus{\"propertyPath\":\"LINK_TO_LOGISTICAL_STATUS/DESCRIPTION\",\"modelName\":\"catalogModel\"}"}]}
RESULT: {"script":"<script> [1562 bytes]","args":[{"selector":{"controlType":"sap.m.ObjectStatus","viewName":"etm.portal.ui.managecontracts.view.Detail","bindingPath":{"propertyPath":"LINK_TO_LOGISTICAL_STATUS/DESCRIPTION","modelName":"catalogModel"}},"wdio_ui5_key":"etmportal.ui.managecontracts.view.Detailsap.m.ObjectStatus{\"propertyPath\":\"LINK_TO_LOGISTICAL_STATUS/DESCRIPTION\",\"modelName\":\"catalogModel\"}"}]}
RESULT: undefined
COMMAND: POST /session/d06e4a31898e4cf5ae1f0dc562bb1a4d/execute/async - {"script":"<script> [6424 bytes]","args":[{"element-6066-11e4-a52e-4f735466cecf":"f.FF7867651CD8E469CE707B8552024CE8.d.DBA3C7B6ACC1E1509BE0C6CFA6904F5E.e.17313"},"getText",[]]}
RESULT: {"script":"<script> [6424 bytes]","args":[{"element-6066-11e4-a52e-4f735466cecf":"f.FF7867651CD8E469CE707B8552024CE8.d.DBA3C7B6ACC1E1509BE0C6CFA6904F5E.e.17313"},"getText",[]]}
COMMAND: POST /session/d06e4a31898e4cf5ae1f0dc562bb1a4d/execute/async - {"script":"<script> [1562 bytes]","args":[{"selector":{"controlType":"sap.m.ObjectStatus","viewName":"etm.portal.ui.managecontracts.view.Detail","bindingPath":{"propertyPath":"LINK_TO_COMMERCIAL_STATUS/DESCRIPTION","modelName":"catalogModel"}},"wdio_ui5_key":"etmportal.ui.managecontracts.view.Detailsap.m.ObjectStatus{\"propertyPath\":\"LINK_TO_COMMERCIAL_STATUS/DESCRIPTION\",\"modelName\":\"catalogModel\"}"}]}
RESULT: {"script":"<script> [1562 bytes]","args":[{"selector":{"controlType":"sap.m.ObjectStatus","viewName":"etm.portal.ui.managecontracts.view.Detail","bindingPath":{"propertyPath":"LINK_TO_COMMERCIAL_STATUS/DESCRIPTION","modelName":"catalogModel"}},"wdio_ui5_key":"etmportal.ui.managecontracts.view.Detailsap.m.ObjectStatus{\"propertyPath\":\"LINK_TO_COMMERCIAL_STATUS/DESCRIPTION\",\"modelName\":\"catalogModel\"}"}]}
RESULT: undefined
COMMAND: POST /session/d06e4a31898e4cf5ae1f0dc562bb1a4d/execute/async - {"script":"<script> [6424 bytes]","args":[{"element-6066-11e4-a52e-4f735466cecf":"f.FF7867651CD8E469CE707B8552024CE8.d.DBA3C7B6ACC1E1509BE0C6CFA6904F5E.e.17314"},"getText",[]]}
RESULT: {"script":"<script> [6424 bytes]","args":[{"element-6066-11e4-a52e-4f735466cecf":"f.FF7867651CD8E469CE707B8552024CE8.d.DBA3C7B6ACC1E1509BE0C6CFA6904F5E.e.17314"},"getText",[]]}
COMMAND: POST /session/d06e4a31898e4cf5ae1f0dc562bb1a4d/execute/async - {"script":"<script> [1562 bytes]","args":[{"selector":{"id":"backBtn"},"wdio_ui5_key":"backBtn"}]}
RESULT: {"script":"<script> [1562 bytes]","args":[{"selector":{"id":"backBtn"},"wdio_ui5_key":"backBtn"}]}
RESULT: undefined
COMMAND: POST /session/d06e4a31898e4cf5ae1f0dc562bb1a4d/element - {"using":"xpath","value":"//*[@id=\"backBtn\"]"}
RESULT: {"using":"xpath","value":"//*[@id=\"backBtn\"]"}
COMMAND: POST /session/d06e4a31898e4cf5ae1f0dc562bb1a4d/element/f.FF7867651CD8E469CE707B8552024CE8.d.DBA3C7B6ACC1E1509BE0C6CFA6904F5E.e.17317/click - {}
RESULT: {}
COMMAND: GET /session/d06e4a31898e4cf5ae1f0dc562bb1a4d/screenshot - {}
COMMAND: POST /session/d06e4a31898e4cf5ae1f0dc562bb1a4d/execute/async - {"script":"<script> [1562 bytes]","args":[{"selector":{"controlType":"sap.m.Button","viewName":"etm.portal.ui.managehandovers.view.DetailExecuteHO","i18NText":{"propertyName":"text","key":"confirmAll"},"interaction":{"idSuffix":"BDI-content"}},"wdio_ui5_key":"etmportal.ui.managehandovers.view.DetailExecuteHOsap.m.Button{\"propertyName\":\"text\",\"key\":\"confirmAll\"}"}]}
RESULT: {}
RESULT: {"script":"<script> [1562 bytes]","args":[{"selector":{"controlType":"sap.m.Button","viewName":"etm.portal.ui.managehandovers.view.DetailExecuteHO","i18NText":{"propertyName":"text","key":"confirmAll"},"interaction":{"idSuffix":"BDI-content"}},"wdio_ui5_key":"etmportal.ui.managehandovers.view.DetailExecuteHOsap.m.Button{\"propertyName\":\"text\",\"key\":\"confirmAll\"}"}]}
RESULT: undefined
COMMAND: POST /session/d06e4a31898e4cf5ae1f0dc562bb1a4d/element - {"using":"xpath","value":"//*[@id=\"__button81\"]"}
RESULT: {"using":"xpath","value":"//*[@id=\"__button81\"]"}
COMMAND: POST /session/d06e4a31898e4cf5ae1f0dc562bb1a4d/element/f.FF7867651CD8E469CE707B8552024CE8.d.DBA3C7B6ACC1E1509BE0C6CFA6904F5E.e.17435/click - {}
RESULT: {}
COMMAND: GET /session/d06e4a31898e4cf5ae1f0dc562bb1a4d/screenshot - {}
RESULT: {}
COMMAND: POST /session/d06e4a31898e4cf5ae1f0dc562bb1a4d/execute/async - {"script":"<script> [1562 bytes]","args":[{"selector":{"controlType":"sap.m.Button","properties":{"text":"OK"},"searchOpenDialogs":true,"interaction":{"idSuffix":"inner"}},"wdio_ui5_key":"sapm.Button{\"text\":\"OK\"}"}]}
RESULT: {"script":"<script> [1562 bytes]","args":[{"selector":{"controlType":"sap.m.Button","properties":{"text":"OK"},"searchOpenDialogs":true,"interaction":{"idSuffix":"inner"}},"wdio_ui5_key":"sapm.Button{\"text\":\"OK\"}"}]}
RESULT: undefined
COMMAND: POST /session/d06e4a31898e4cf5ae1f0dc562bb1a4d/element - {"using":"xpath","value":"//*[@id=\"__mbox-btn-0\"]"}
RESULT: {"using":"xpath","value":"//*[@id=\"__mbox-btn-0\"]"}
COMMAND: POST /session/d06e4a31898e4cf5ae1f0dc562bb1a4d/element/f.FF7867651CD8E469CE707B8552024CE8.d.DBA3C7B6ACC1E1509BE0C6CFA6904F5E.e.17439/click - {}
RESULT: {}
COMMAND: GET /session/d06e4a31898e4cf5ae1f0dc562bb1a4d/screenshot - {}
RESULT: {}
COMMAND: POST /session/d06e4a31898e4cf5ae1f0dc562bb1a4d/element - {"using":"xpath","value":"//button[contains(@data-kt ,\"execHoIssueFooterButton\")]"}
RESULT: {"using":"xpath","value":"//button[contains(@data-kt ,\"execHoIssueFooterButton\")]"}
COMMAND: POST /session/d06e4a31898e4cf5ae1f0dc562bb1a4d/element/f.FF7867651CD8E469CE707B8552024CE8.d.DBA3C7B6ACC1E1509BE0C6CFA6904F5E.e.17442/click - {}
RESULT: {}
COMMAND: GET /session/d06e4a31898e4cf5ae1f0dc562bb1a4d/screenshot - {}
RESULT: {}
COMMAND: POST /session/d06e4a31898e4cf5ae1f0dc562bb1a4d/refresh - {}
RESULT: {}
COMMAND: GET /session/d06e4a31898e4cf5ae1f0dc562bb1a4d/screenshot - {}
RESULT: {}
COMMAND: POST /session/d06e4a31898e4cf5ae1f0dc562bb1a4d/refresh - {}
RESULT: {}
COMMAND: GET /session/d06e4a31898e4cf5ae1f0dc562bb1a4d/screenshot - {}
RESULT: {}
COMMAND: POST /session/d06e4a31898e4cf5ae1f0dc562bb1a4d/window/fullscreen - {}
RESULT: {}
COMMAND: POST /session/d06e4a31898e4cf5ae1f0dc562bb1a4d/execute/async - {"script":"<script> [189 bytes]","args":[]}
RESULT: {"script":"<script> [189 bytes]","args":[]}
COMMAND: POST /session/d06e4a31898e4cf5ae1f0dc562bb1a4d/execute/async - {"script":"<script> [123 bytes]","args":[]}
RESULT: {"script":"<script> [123 bytes]","args":[]}
COMMAND: POST /session/d06e4a31898e4cf5ae1f0dc562bb1a4d/timeouts - {"script":"<number>"}
RESULT: {"script":"<number>"}
COMMAND: GET /session/d06e4a31898e4cf5ae1f0dc562bb1a4d/timeouts - {}
RESULT: {}
RESULT: undefined
COMMAND: POST /session/d06e4a31898e4cf5ae1f0dc562bb1a4d/execute/async - {"script":"<script> [2676 bytes]","args":[]}
RESULT: {"script":"<script> [2676 bytes]","args":[]}
COMMAND: POST /session/d06e4a31898e4cf5ae1f0dc562bb1a4d/execute/async - {"script":"<script> [2342 bytes]","args":[{"protocol":"http","hostname":"0.0.0.0","path":"/","capabilities":{"browserName":"chrome","goog:chromeOptions":{"binary":"C:\\Program Files\\Google\\Chrome\\Application\\chrome.exe","args":["--start-maximized"]}},"logLevel":"warn","connectionRetryTimeout":120000,"connectionRetryCount":3,"logLevels":{},"enableDirectConnect":true,"strictSSL":true,"_":"65 more keys: [\"cacheDir\",\"port\",\"requestedCapabilities\",\"automationProtocol\",\"baseUrl\",\"waitforInterval\",\"waitforTimeout\",\"onReload\",\"beforeCommand\",\"afterCommand\",\"rootDir\",\"specs\",\"suites\",\"exclude\",\"groupLogsByTestSpec\",\"excludeDriverLogs\",\"bail\",\"framework\",\"reporters\",\"services\",\"maxInstances\",\"maxInstancesPerCapability\",\"injectGlobals\",\"filesToWatch\",\"execArgv\",\"runnerEnv\",\"runner\",\"shard\",\"specFileRetries\",\"specFileRetriesDelay\",\"specFileRetriesDeferred\",\"reporterSyncInterval\",\"reporterSyncTimeout\",\"cucumberFeaturesWithLineNumbers\",\"autoCompileOpts\",\"mochaOpts\",\"jasmineOpts\",\"cucumberOpts\",\"onPrepare\",\"onWorkerStart\",\"onWorkerEnd\",\"before\",\"beforeSession\",\"beforeSuite\",\"beforeHook\",\"beforeTest\",\"afterTest\",\"afterHook\",\"afterSuite\",\"afterSession\",\"after\",\"onComplete\",\"beforeAssertion\",\"afterAssertion\",\"beforeFeature\",\"beforeScenario\",\"beforeStep\",\"afterStep\",\"afterScenario\",\"afterFeature\",\"_\",\"suite\",\"$0\",\"ignoredWorkerServices\",\"wdi5\"]"}]}
RESULT: {"script":"<script> [2342 bytes]","args":[{"protocol":"http","hostname":"0.0.0.0","path":"/","capabilities":{"browserName":"chrome","goog:chromeOptions":{"binary":"C:\\Program Files\\Google\\Chrome\\Application\\chrome.exe","args":["--start-maximized"]}},"logLevel":"warn","connectionRetryTimeout":120000,"connectionRetryCount":3,"logLevels":{},"enableDirectConnect":true,"strictSSL":true,"_":"65 more keys: [\"cacheDir\",\"port\",\"requestedCapabilities\",\"automationProtocol\",\"baseUrl\",\"waitforInterval\",\"waitforTimeout\",\"onReload\",\"beforeCommand\",\"afterCommand\",\"rootDir\",\"specs\",\"suites\",\"exclude\",\"groupLogsByTestSpec\",\"excludeDriverLogs\",\"bail\",\"framework\",\"reporters\",\"services\",\"maxInstances\",\"maxInstancesPerCapability\",\"injectGlobals\",\"filesToWatch\",\"execArgv\",\"runnerEnv\",\"runner\",\"shard\",\"specFileRetries\",\"specFileRetriesDelay\",\"specFileRetriesDeferred\",\"reporterSyncInterval\",\"reporterSyncTimeout\",\"cucumberFeaturesWithLineNumbers\",\"autoCompileOpts\",\"mochaOpts\",\"jasmineOpts\",\"cucumberOpts\",\"onPrepare\",\"onWorkerStart\",\"onWorkerEnd\",\"before\",\"beforeSession\",\"beforeSuite\",\"beforeHook\",\"beforeTest\",\"afterTest\",\"afterHook\",\"afterSuite\",\"afterSession\",\"after\",\"onComplete\",\"beforeAssertion\",\"afterAssertion\",\"beforeFeature\",\"beforeScenario\",\"beforeStep\",\"afterStep\",\"afterScenario\",\"afterFeature\",\"_\",\"suite\",\"$0\",\"ignoredWorkerServices\",\"wdi5\"]"}]}
COMMAND: POST /session/d06e4a31898e4cf5ae1f0dc562bb1a4d/execute/async - {"script":"<script> [21126 bytes]","args":[35000]}
RESULT: {"script":"<script> [21126 bytes]","args":[35000]}
COMMAND: POST /session/d06e4a31898e4cf5ae1f0dc562bb1a4d/execute/async - {"script":"<script> [1562 bytes]","args":[{"selector":{"controlType":"sap.m.SearchField","viewName":"etm.portal.ui.managehandovers.view.MasterHO","bindingPath":{"path":"","propertyPath":"/_BASIC_SEARCH_FIELD","modelName":"fi1t3rM0d31"},"interaction":{"idSuffix":"I"}},"wdio_ui5_key":"etmportal.ui.managehandovers.view.MasterHOsap.m.SearchField{\"path\":\"\",\"propertyPath\":\"/_BASIC_SEARCH_FIELD\",\"modelName\":\"fi1t3rM0d31\"}"}]}
RESULT: {"script":"<script> [1562 bytes]","args":[{"selector":{"controlType":"sap.m.SearchField","viewName":"etm.portal.ui.managehandovers.view.MasterHO","bindingPath":{"path":"","propertyPath":"/_BASIC_SEARCH_FIELD","modelName":"fi1t3rM0d31"},"interaction":{"idSuffix":"I"}},"wdio_ui5_key":"etmportal.ui.managehandovers.view.MasterHOsap.m.SearchField{\"path\":\"\",\"propertyPath\":\"/_BASIC_SEARCH_FIELD\",\"modelName\":\"fi1t3rM0d31\"}"}]}
RESULT: undefined
COMMAND: POST /session/d06e4a31898e4cf5ae1f0dc562bb1a4d/execute/async - {"script":"<script> [776 bytes]","args":[{"enterText":"30660","selector":{"controlType":"sap.m.SearchField","viewName":"etm.portal.ui.managehandovers.view.MasterHO","bindingPath":{"path":"","propertyPath":"/_BASIC_SEARCH_FIELD","modelName":"fi1t3rM0d31"},"interaction":{"idSuffix":"I"}},"clearTextFirst":true,"interactionType":"ENTER_TEXT"}]}
RESULT: {"script":"<script> [776 bytes]","args":[{"enterText":"30660","selector":{"controlType":"sap.m.SearchField","viewName":"etm.portal.ui.managehandovers.view.MasterHO","bindingPath":{"path":"","propertyPath":"/_BASIC_SEARCH_FIELD","modelName":"fi1t3rM0d31"},"interaction":{"idSuffix":"I"}},"clearTextFirst":true,"interactionType":"ENTER_TEXT"}]}
COMMAND: POST /session/d06e4a31898e4cf5ae1f0dc562bb1a4d/actions - {"actions":[{"id":"action84","type":"key","parameters":{},"actions":[{"type":"keyDown","value":"î€‡"},{"type":"pause","duration":10},{"type":"keyUp","value":"î€‡"}]}]}
RESULT: {"actions":[{"id":"action84","type":"key","parameters":{},"actions":[{"type":"keyDown","value":"î€‡"},{"type":"pause","duration":10},{"type":"keyUp","value":"î€‡"}]}]}
COMMAND: GET /session/d06e4a31898e4cf5ae1f0dc562bb1a4d/screenshot - {}
RESULT: {}
COMMAND: POST /session/d06e4a31898e4cf5ae1f0dc562bb1a4d/execute/async - {"script":"<script> [1562 bytes]","args":[{"selector":{"controlType":"sap.m.Title","viewName":"etm.portal.ui.managehandovers.view.MasterHO","properties":{"text":"Records (1)"}},"wdio_ui5_key":"etmportal.ui.managehandovers.view.MasterHOsap.m.Title{\"text\":\"Records (1)\"}"}]}
RESULT: {"script":"<script> [1562 bytes]","args":[{"selector":{"controlType":"sap.m.Title","viewName":"etm.portal.ui.managehandovers.view.MasterHO","properties":{"text":"Records (1)"}},"wdio_ui5_key":"etmportal.ui.managehandovers.view.MasterHOsap.m.Title{\"text\":\"Records (1)\"}"}]}
RESULT: undefined
COMMAND: POST /session/d06e4a31898e4cf5ae1f0dc562bb1a4d/execute/async - {"script":"<script> [6424 bytes]","args":[{"element-6066-11e4-a52e-4f735466cecf":"f.FF7867651CD8E469CE707B8552024CE8.d.181905505A1049C796E881E5A5380024.e.17756"},"getText",[]]}
RESULT: {"script":"<script> [6424 bytes]","args":[{"element-6066-11e4-a52e-4f735466cecf":"f.FF7867651CD8E469CE707B8552024CE8.d.181905505A1049C796E881E5A5380024.e.17756"},"getText",[]]}
COMMAND: POST /session/d06e4a31898e4cf5ae1f0dc562bb1a4d/execute/async - {"script":"<script> [1562 bytes]","args":[{"selector":{"controlType":"sap.ui.core.Icon","viewName":"etm.portal.ui.managehandovers.view.MasterHO","properties":{"src":{"regex":{"source":"slim\\-arrow\\-right"}}}},"wdio_ui5_key":"etmportal.ui.managehandovers.view.MasterHOsap.ui.core.Icon{\"src\":{\"regex\":{\"source\":\"slim\\\\-arrow\\\\-right\"}}}"}]}
RESULT: {"script":"<script> [1562 bytes]","args":[{"selector":{"controlType":"sap.ui.core.Icon","viewName":"etm.portal.ui.managehandovers.view.MasterHO","properties":{"src":{"regex":{"source":"slim\\-arrow\\-right"}}}},"wdio_ui5_key":"etmportal.ui.managehandovers.view.MasterHOsap.ui.core.Icon{\"src\":{\"regex\":{\"source\":\"slim\\\\-arrow\\\\-right\"}}}"}]}
RESULT: undefined
COMMAND: POST /session/d06e4a31898e4cf5ae1f0dc562bb1a4d/element - {"using":"xpath","value":"//*[@id=\"__item27-__clone17-imgNav\"]"}
RESULT: {"using":"xpath","value":"//*[@id=\"__item27-__clone17-imgNav\"]"}
COMMAND: POST /session/d06e4a31898e4cf5ae1f0dc562bb1a4d/element/f.FF7867651CD8E469CE707B8552024CE8.d.181905505A1049C796E881E5A5380024.e.17755/click - {}
RESULT: {}
COMMAND: GET /session/d06e4a31898e4cf5ae1f0dc562bb1a4d/screenshot - {}
RESULT: {}
COMMAND: POST /session/d06e4a31898e4cf5ae1f0dc562bb1a4d/execute/async - {"script":"<script> [1562 bytes]","args":[{"selector":{"controlType":"sap.m.ObjectStatus","viewName":"etm.portal.ui.managehandovers.view.DetailExecuteHO","labelFor":{"text":"Status"}},"wdio_ui5_key":"etmportal.ui.managehandovers.view.DetailExecuteHOsap.m.ObjectStatus{\"text\":\"Status\"}"}]}
RESULT: {"script":"<script> [1562 bytes]","args":[{"selector":{"controlType":"sap.m.ObjectStatus","viewName":"etm.portal.ui.managehandovers.view.DetailExecuteHO","labelFor":{"text":"Status"}},"wdio_ui5_key":"etmportal.ui.managehandovers.view.DetailExecuteHOsap.m.ObjectStatus{\"text\":\"Status\"}"}]}
RESULT: undefined
COMMAND: POST /session/d06e4a31898e4cf5ae1f0dc562bb1a4d/execute/async - {"script":"<script> [6424 bytes]","args":[{"element-6066-11e4-a52e-4f735466cecf":"f.FF7867651CD8E469CE707B8552024CE8.d.181905505A1049C796E881E5A5380024.e.17845"},"getText",[]]}
RESULT: {"script":"<script> [6424 bytes]","args":[{"element-6066-11e4-a52e-4f735466cecf":"f.FF7867651CD8E469CE707B8552024CE8.d.181905505A1049C796E881E5A5380024.e.17845"},"getText",[]]}
COMMAND: POST /session/d06e4a31898e4cf5ae1f0dc562bb1a4d/execute/async - {"script":"<script> [1562 bytes]","args":[{"selector":{"controlType":"sap.m.Button","viewName":"etm.portal.ui.managehandovers.view.DetailExecuteHO","i18NText":{"propertyName":"text","key":"confirmAll"},"interaction":{"idSuffix":"BDI-content"}},"wdio_ui5_key":"etmportal.ui.managehandovers.view.DetailExecuteHOsap.m.Button{\"propertyName\":\"text\",\"key\":\"confirmAll\"}"}]}
RESULT: {"script":"<script> [1562 bytes]","args":[{"selector":{"controlType":"sap.m.Button","viewName":"etm.portal.ui.managehandovers.view.DetailExecuteHO","i18NText":{"propertyName":"text","key":"confirmAll"},"interaction":{"idSuffix":"BDI-content"}},"wdio_ui5_key":"etmportal.ui.managehandovers.view.DetailExecuteHOsap.m.Button{\"propertyName\":\"text\",\"key\":\"confirmAll\"}"}]}
RESULT: undefined
COMMAND: POST /session/d06e4a31898e4cf5ae1f0dc562bb1a4d/element - {"using":"xpath","value":"//*[@id=\"__button29\"]"}
RESULT: {"using":"xpath","value":"//*[@id=\"__button29\"]"}
COMMAND: POST /session/d06e4a31898e4cf5ae1f0dc562bb1a4d/element/f.FF7867651CD8E469CE707B8552024CE8.d.181905505A1049C796E881E5A5380024.e.17847/click - {}
RESULT: {}
COMMAND: GET /session/d06e4a31898e4cf5ae1f0dc562bb1a4d/screenshot - {}
RESULT: {}
COMMAND: POST /session/d06e4a31898e4cf5ae1f0dc562bb1a4d/execute/async - {"script":"<script> [1562 bytes]","args":[{"selector":{"controlType":"sap.m.Button","properties":{"text":"OK"},"searchOpenDialogs":true,"interaction":{"idSuffix":"BDI-content"}},"wdio_ui5_key":"sapm.Button{\"text\":\"OK\"}"}]}
RESULT: {"script":"<script> [1562 bytes]","args":[{"selector":{"controlType":"sap.m.Button","properties":{"text":"OK"},"searchOpenDialogs":true,"interaction":{"idSuffix":"BDI-content"}},"wdio_ui5_key":"sapm.Button{\"text\":\"OK\"}"}]}
RESULT: undefined
COMMAND: POST /session/d06e4a31898e4cf5ae1f0dc562bb1a4d/element - {"using":"xpath","value":"//*[@id=\"__mbox-btn-0\"]"}
RESULT: {"using":"xpath","value":"//*[@id=\"__mbox-btn-0\"]"}
COMMAND: POST /session/d06e4a31898e4cf5ae1f0dc562bb1a4d/element/f.FF7867651CD8E469CE707B8552024CE8.d.181905505A1049C796E881E5A5380024.e.17848/click - {}
RESULT: {}
COMMAND: GET /session/d06e4a31898e4cf5ae1f0dc562bb1a4d/screenshot - {}
RESULT: {}
COMMAND: POST /session/d06e4a31898e4cf5ae1f0dc562bb1a4d/element - {"using":"xpath","value":"//button[contains(@data-kt ,\"execHoReceiveFooterButton\")]"}
RESULT: {"using":"xpath","value":"//button[contains(@data-kt ,\"execHoReceiveFooterButton\")]"}
COMMAND: POST /session/d06e4a31898e4cf5ae1f0dc562bb1a4d/element/f.FF7867651CD8E469CE707B8552024CE8.d.181905505A1049C796E881E5A5380024.e.17811/click - {}
RESULT: {}
COMMAND: GET /session/d06e4a31898e4cf5ae1f0dc562bb1a4d/screenshot - {}
RESULT: {}
COMMAND: POST /session/d06e4a31898e4cf5ae1f0dc562bb1a4d/refresh - {}
RESULT: {}
COMMAND: GET /session/d06e4a31898e4cf5ae1f0dc562bb1a4d/screenshot - {}
RESULT: {}
COMMAND: POST /session/d06e4a31898e4cf5ae1f0dc562bb1a4d/refresh - {}
RESULT: {}
COMMAND: GET /session/d06e4a31898e4cf5ae1f0dc562bb1a4d/screenshot - {}
RESULT: {}
COMMAND: POST /session/d06e4a31898e4cf5ae1f0dc562bb1a4d/window/fullscreen - {}
RESULT: {}
COMMAND: POST /session/d06e4a31898e4cf5ae1f0dc562bb1a4d/execute/async - {"script":"<script> [189 bytes]","args":[]}
RESULT: {"script":"<script> [189 bytes]","args":[]}
COMMAND: POST /session/d06e4a31898e4cf5ae1f0dc562bb1a4d/execute/async - {"script":"<script> [123 bytes]","args":[]}
RESULT: {"script":"<script> [123 bytes]","args":[]}
COMMAND: POST /session/d06e4a31898e4cf5ae1f0dc562bb1a4d/timeouts - {"script":"<number>"}
RESULT: {"script":"<number>"}
COMMAND: GET /session/d06e4a31898e4cf5ae1f0dc562bb1a4d/timeouts - {}
RESULT: {}
RESULT: undefined
COMMAND: POST /session/d06e4a31898e4cf5ae1f0dc562bb1a4d/execute/async - {"script":"<script> [2676 bytes]","args":[]}
RESULT: {"script":"<script> [2676 bytes]","args":[]}
COMMAND: POST /session/d06e4a31898e4cf5ae1f0dc562bb1a4d/execute/async - {"script":"<script> [2342 bytes]","args":[{"protocol":"http","hostname":"0.0.0.0","path":"/","capabilities":{"browserName":"chrome","goog:chromeOptions":{"binary":"C:\\Program Files\\Google\\Chrome\\Application\\chrome.exe","args":["--start-maximized"]}},"logLevel":"warn","connectionRetryTimeout":120000,"connectionRetryCount":3,"logLevels":{},"enableDirectConnect":true,"strictSSL":true,"_":"65 more keys: [\"cacheDir\",\"port\",\"requestedCapabilities\",\"automationProtocol\",\"baseUrl\",\"waitforInterval\",\"waitforTimeout\",\"onReload\",\"beforeCommand\",\"afterCommand\",\"rootDir\",\"specs\",\"suites\",\"exclude\",\"groupLogsByTestSpec\",\"excludeDriverLogs\",\"bail\",\"framework\",\"reporters\",\"services\",\"maxInstances\",\"maxInstancesPerCapability\",\"injectGlobals\",\"filesToWatch\",\"execArgv\",\"runnerEnv\",\"runner\",\"shard\",\"specFileRetries\",\"specFileRetriesDelay\",\"specFileRetriesDeferred\",\"reporterSyncInterval\",\"reporterSyncTimeout\",\"cucumberFeaturesWithLineNumbers\",\"autoCompileOpts\",\"mochaOpts\",\"jasmineOpts\",\"cucumberOpts\",\"onPrepare\",\"onWorkerStart\",\"onWorkerEnd\",\"before\",\"beforeSession\",\"beforeSuite\",\"beforeHook\",\"beforeTest\",\"afterTest\",\"afterHook\",\"afterSuite\",\"afterSession\",\"after\",\"onComplete\",\"beforeAssertion\",\"afterAssertion\",\"beforeFeature\",\"beforeScenario\",\"beforeStep\",\"afterStep\",\"afterScenario\",\"afterFeature\",\"_\",\"suite\",\"$0\",\"ignoredWorkerServices\",\"wdi5\"]"}]}
RESULT: {"script":"<script> [2342 bytes]","args":[{"protocol":"http","hostname":"0.0.0.0","path":"/","capabilities":{"browserName":"chrome","goog:chromeOptions":{"binary":"C:\\Program Files\\Google\\Chrome\\Application\\chrome.exe","args":["--start-maximized"]}},"logLevel":"warn","connectionRetryTimeout":120000,"connectionRetryCount":3,"logLevels":{},"enableDirectConnect":true,"strictSSL":true,"_":"65 more keys: [\"cacheDir\",\"port\",\"requestedCapabilities\",\"automationProtocol\",\"baseUrl\",\"waitforInterval\",\"waitforTimeout\",\"onReload\",\"beforeCommand\",\"afterCommand\",\"rootDir\",\"specs\",\"suites\",\"exclude\",\"groupLogsByTestSpec\",\"excludeDriverLogs\",\"bail\",\"framework\",\"reporters\",\"services\",\"maxInstances\",\"maxInstancesPerCapability\",\"injectGlobals\",\"filesToWatch\",\"execArgv\",\"runnerEnv\",\"runner\",\"shard\",\"specFileRetries\",\"specFileRetriesDelay\",\"specFileRetriesDeferred\",\"reporterSyncInterval\",\"reporterSyncTimeout\",\"cucumberFeaturesWithLineNumbers\",\"autoCompileOpts\",\"mochaOpts\",\"jasmineOpts\",\"cucumberOpts\",\"onPrepare\",\"onWorkerStart\",\"onWorkerEnd\",\"before\",\"beforeSession\",\"beforeSuite\",\"beforeHook\",\"beforeTest\",\"afterTest\",\"afterHook\",\"afterSuite\",\"afterSession\",\"after\",\"onComplete\",\"beforeAssertion\",\"afterAssertion\",\"beforeFeature\",\"beforeScenario\",\"beforeStep\",\"afterStep\",\"afterScenario\",\"afterFeature\",\"_\",\"suite\",\"$0\",\"ignoredWorkerServices\",\"wdi5\"]"}]}
COMMAND: POST /session/d06e4a31898e4cf5ae1f0dc562bb1a4d/execute/async - {"script":"<script> [21126 bytes]","args":[35000]}
RESULT: {"script":"<script> [21126 bytes]","args":[35000]}
COMMAND: POST /session/d06e4a31898e4cf5ae1f0dc562bb1a4d/execute/async - {"script":"<script> [1562 bytes]","args":[{"selector":{"controlType":"sap.m.SearchField","viewName":"etm.portal.ui.managehandovers.view.MasterHO","bindingPath":{"path":"","propertyPath":"/_BASIC_SEARCH_FIELD","modelName":"fi1t3rM0d31"},"interaction":{"idSuffix":"I"}},"wdio_ui5_key":"etmportal.ui.managehandovers.view.MasterHOsap.m.SearchField{\"path\":\"\",\"propertyPath\":\"/_BASIC_SEARCH_FIELD\",\"modelName\":\"fi1t3rM0d31\"}"}]}
RESULT: {"script":"<script> [1562 bytes]","args":[{"selector":{"controlType":"sap.m.SearchField","viewName":"etm.portal.ui.managehandovers.view.MasterHO","bindingPath":{"path":"","propertyPath":"/_BASIC_SEARCH_FIELD","modelName":"fi1t3rM0d31"},"interaction":{"idSuffix":"I"}},"wdio_ui5_key":"etmportal.ui.managehandovers.view.MasterHOsap.m.SearchField{\"path\":\"\",\"propertyPath\":\"/_BASIC_SEARCH_FIELD\",\"modelName\":\"fi1t3rM0d31\"}"}]}
RESULT: undefined
COMMAND: POST /session/d06e4a31898e4cf5ae1f0dc562bb1a4d/execute/async - {"script":"<script> [776 bytes]","args":[{"enterText":"30660","selector":{"controlType":"sap.m.SearchField","viewName":"etm.portal.ui.managehandovers.view.MasterHO","bindingPath":{"path":"","propertyPath":"/_BASIC_SEARCH_FIELD","modelName":"fi1t3rM0d31"},"interaction":{"idSuffix":"I"}},"clearTextFirst":true,"interactionType":"ENTER_TEXT"}]}
RESULT: {"script":"<script> [776 bytes]","args":[{"enterText":"30660","selector":{"controlType":"sap.m.SearchField","viewName":"etm.portal.ui.managehandovers.view.MasterHO","bindingPath":{"path":"","propertyPath":"/_BASIC_SEARCH_FIELD","modelName":"fi1t3rM0d31"},"interaction":{"idSuffix":"I"}},"clearTextFirst":true,"interactionType":"ENTER_TEXT"}]}
COMMAND: POST /session/d06e4a31898e4cf5ae1f0dc562bb1a4d/actions - {"actions":[{"id":"action85","type":"key","parameters":{},"actions":[{"type":"keyDown","value":"î€‡"},{"type":"pause","duration":10},{"type":"keyUp","value":"î€‡"}]}]}
RESULT: {"actions":[{"id":"action85","type":"key","parameters":{},"actions":[{"type":"keyDown","value":"î€‡"},{"type":"pause","duration":10},{"type":"keyUp","value":"î€‡"}]}]}
COMMAND: GET /session/d06e4a31898e4cf5ae1f0dc562bb1a4d/screenshot - {}
RESULT: {}
COMMAND: POST /session/d06e4a31898e4cf5ae1f0dc562bb1a4d/execute/async - {"script":"<script> [1562 bytes]","args":[{"selector":{"controlType":"sap.m.Title","viewName":"etm.portal.ui.managehandovers.view.MasterHO","properties":{"text":"Records (1)"}},"wdio_ui5_key":"etmportal.ui.managehandovers.view.MasterHOsap.m.Title{\"text\":\"Records (1)\"}"}]}
RESULT: {"script":"<script> [1562 bytes]","args":[{"selector":{"controlType":"sap.m.Title","viewName":"etm.portal.ui.managehandovers.view.MasterHO","properties":{"text":"Records (1)"}},"wdio_ui5_key":"etmportal.ui.managehandovers.view.MasterHOsap.m.Title{\"text\":\"Records (1)\"}"}]}
RESULT: undefined
COMMAND: POST /session/d06e4a31898e4cf5ae1f0dc562bb1a4d/execute/async - {"script":"<script> [6424 bytes]","args":[{"element-6066-11e4-a52e-4f735466cecf":"f.FF7867651CD8E469CE707B8552024CE8.d.6F6DEF2C19C6B5DE0FA78FF3969CF987.e.18024"},"getText",[]]}
RESULT: {"script":"<script> [6424 bytes]","args":[{"element-6066-11e4-a52e-4f735466cecf":"f.FF7867651CD8E469CE707B8552024CE8.d.6F6DEF2C19C6B5DE0FA78FF3969CF987.e.18024"},"getText",[]]}
COMMAND: POST /session/d06e4a31898e4cf5ae1f0dc562bb1a4d/execute/async - {"script":"<script> [1562 bytes]","args":[{"selector":{"controlType":"sap.ui.core.Icon","viewName":"etm.portal.ui.managehandovers.view.MasterHO","properties":{"src":{"regex":{"source":"slim\\-arrow\\-right"}}}},"wdio_ui5_key":"etmportal.ui.managehandovers.view.MasterHOsap.ui.core.Icon{\"src\":{\"regex\":{\"source\":\"slim\\\\-arrow\\\\-right\"}}}"}]}
RESULT: {"script":"<script> [1562 bytes]","args":[{"selector":{"controlType":"sap.ui.core.Icon","viewName":"etm.portal.ui.managehandovers.view.MasterHO","properties":{"src":{"regex":{"source":"slim\\-arrow\\-right"}}}},"wdio_ui5_key":"etmportal.ui.managehandovers.view.MasterHOsap.ui.core.Icon{\"src\":{\"regex\":{\"source\":\"slim\\\\-arrow\\\\-right\"}}}"}]}
RESULT: undefined
COMMAND: POST /session/d06e4a31898e4cf5ae1f0dc562bb1a4d/element - {"using":"xpath","value":"//*[@id=\"__item27-__clone17-imgNav\"]"}
RESULT: {"using":"xpath","value":"//*[@id=\"__item27-__clone17-imgNav\"]"}
COMMAND: POST /session/d06e4a31898e4cf5ae1f0dc562bb1a4d/element/f.FF7867651CD8E469CE707B8552024CE8.d.6F6DEF2C19C6B5DE0FA78FF3969CF987.e.18023/click - {}
RESULT: {}
COMMAND: GET /session/d06e4a31898e4cf5ae1f0dc562bb1a4d/screenshot - {}
RESULT: {}
COMMAND: POST /session/d06e4a31898e4cf5ae1f0dc562bb1a4d/execute/async - {"script":"<script> [1562 bytes]","args":[{"selector":{"controlType":"sap.m.ObjectStatus","viewName":"etm.portal.ui.managehandovers.view.DetailManageHO","viewId":"application-managehandovers-display-component---detailManageHO","labelFor":{"text":"Status"}},"wdio_ui5_key":"etmportal.ui.managehandovers.view.DetailManageHOsap.m.ObjectStatus{\"text\":\"Status\"}"}]}
RESULT: {"script":"<script> [1562 bytes]","args":[{"selector":{"controlType":"sap.m.ObjectStatus","viewName":"etm.portal.ui.managehandovers.view.DetailManageHO","viewId":"application-managehandovers-display-component---detailManageHO","labelFor":{"text":"Status"}},"wdio_ui5_key":"etmportal.ui.managehandovers.view.DetailManageHOsap.m.ObjectStatus{\"text\":\"Status\"}"}]}
RESULT: undefined
COMMAND: POST /session/d06e4a31898e4cf5ae1f0dc562bb1a4d/execute/async - {"script":"<script> [6424 bytes]","args":[{"element-6066-11e4-a52e-4f735466cecf":"f.FF7867651CD8E469CE707B8552024CE8.d.6F6DEF2C19C6B5DE0FA78FF3969CF987.e.18111"},"getText",[]]}
RESULT: {"script":"<script> [6424 bytes]","args":[{"element-6066-11e4-a52e-4f735466cecf":"f.FF7867651CD8E469CE707B8552024CE8.d.6F6DEF2C19C6B5DE0FA78FF3969CF987.e.18111"},"getText",[]]}
COMMAND: POST /session/d06e4a31898e4cf5ae1f0dc562bb1a4d/element - {"using":"xpath","value":"//a[contains(@data-kt ,\"GeneralSectionReceiveContracttLink\")]"}
RESULT: {"using":"xpath","value":"//a[contains(@data-kt ,\"GeneralSectionReceiveContracttLink\")]"}
COMMAND: POST /session/d06e4a31898e4cf5ae1f0dc562bb1a4d/element/f.FF7867651CD8E469CE707B8552024CE8.d.6F6DEF2C19C6B5DE0FA78FF3969CF987.e.18114/click - {}
RESULT: {}
COMMAND: GET /session/d06e4a31898e4cf5ae1f0dc562bb1a4d/screenshot - {}
RESULT: {}
COMMAND: POST /session/d06e4a31898e4cf5ae1f0dc562bb1a4d/element - {"using":"xpath","value":"//a[contains(@data-kt ,\"ContextMenuId2Link\")]"}
RESULT: {"using":"xpath","value":"//a[contains(@data-kt ,\"ContextMenuId2Link\")]"}
COMMAND: POST /session/d06e4a31898e4cf5ae1f0dc562bb1a4d/element/f.FF7867651CD8E469CE707B8552024CE8.d.6F6DEF2C19C6B5DE0FA78FF3969CF987.e.18117/click - {}
RESULT: {}
COMMAND: GET /session/d06e4a31898e4cf5ae1f0dc562bb1a4d/screenshot - {}
RESULT: {}
COMMAND: POST /session/d06e4a31898e4cf5ae1f0dc562bb1a4d/execute/async - {"script":"<script> [1562 bytes]","args":[{"selector":{"controlType":"sap.m.ObjectStatus","viewName":"etm.portal.ui.managecontracts.view.Detail","bindingPath":{"propertyPath":"LINK_TO_LOGISTICAL_STATUS/DESCRIPTION","modelName":"catalogModel"}},"wdio_ui5_key":"etmportal.ui.managecontracts.view.Detailsap.m.ObjectStatus{\"propertyPath\":\"LINK_TO_LOGISTICAL_STATUS/DESCRIPTION\",\"modelName\":\"catalogModel\"}"}]}
RESULT: {"script":"<script> [1562 bytes]","args":[{"selector":{"controlType":"sap.m.ObjectStatus","viewName":"etm.portal.ui.managecontracts.view.Detail","bindingPath":{"propertyPath":"LINK_TO_LOGISTICAL_STATUS/DESCRIPTION","modelName":"catalogModel"}},"wdio_ui5_key":"etmportal.ui.managecontracts.view.Detailsap.m.ObjectStatus{\"propertyPath\":\"LINK_TO_LOGISTICAL_STATUS/DESCRIPTION\",\"modelName\":\"catalogModel\"}"}]}
RESULT: undefined
COMMAND: POST /session/d06e4a31898e4cf5ae1f0dc562bb1a4d/execute/async - {"script":"<script> [6424 bytes]","args":[{"element-6066-11e4-a52e-4f735466cecf":"f.FF7867651CD8E469CE707B8552024CE8.d.6F6DEF2C19C6B5DE0FA78FF3969CF987.e.18345"},"getText",[]]}
RESULT: {"script":"<script> [6424 bytes]","args":[{"element-6066-11e4-a52e-4f735466cecf":"f.FF7867651CD8E469CE707B8552024CE8.d.6F6DEF2C19C6B5DE0FA78FF3969CF987.e.18345"},"getText",[]]}
COMMAND: POST /session/d06e4a31898e4cf5ae1f0dc562bb1a4d/execute/async - {"script":"<script> [1562 bytes]","args":[{"selector":{"controlType":"sap.m.ObjectStatus","viewName":"etm.portal.ui.managecontracts.view.Detail","bindingPath":{"propertyPath":"LINK_TO_COMMERCIAL_STATUS/DESCRIPTION","modelName":"catalogModel"}},"wdio_ui5_key":"etmportal.ui.managecontracts.view.Detailsap.m.ObjectStatus{\"propertyPath\":\"LINK_TO_COMMERCIAL_STATUS/DESCRIPTION\",\"modelName\":\"catalogModel\"}"}]}
RESULT: {"script":"<script> [1562 bytes]","args":[{"selector":{"controlType":"sap.m.ObjectStatus","viewName":"etm.portal.ui.managecontracts.view.Detail","bindingPath":{"propertyPath":"LINK_TO_COMMERCIAL_STATUS/DESCRIPTION","modelName":"catalogModel"}},"wdio_ui5_key":"etmportal.ui.managecontracts.view.Detailsap.m.ObjectStatus{\"propertyPath\":\"LINK_TO_COMMERCIAL_STATUS/DESCRIPTION\",\"modelName\":\"catalogModel\"}"}]}
RESULT: undefined
COMMAND: POST /session/d06e4a31898e4cf5ae1f0dc562bb1a4d/execute/async - {"script":"<script> [6424 bytes]","args":[{"element-6066-11e4-a52e-4f735466cecf":"f.FF7867651CD8E469CE707B8552024CE8.d.6F6DEF2C19C6B5DE0FA78FF3969CF987.e.18346"},"getText",[]]}
RESULT: {"script":"<script> [6424 bytes]","args":[{"element-6066-11e4-a52e-4f735466cecf":"f.FF7867651CD8E469CE707B8552024CE8.d.6F6DEF2C19C6B5DE0FA78FF3969CF987.e.18346"},"getText",[]]}
]]></system-out>
    </testcase>
    <testcase classname="chrome.136_0_7103_93.windows.E2E_-_Logistical_and_commercial_statuses" name="It should follow the handover steps to the status fully returned" time="215.649">
      <system-out><![CDATA[
COMMAND: POST /session/d06e4a31898e4cf5ae1f0dc562bb1a4d/execute/async - {"script":"<script> [1562 bytes]","args":[{"selector":{"id":"contractDetailReturnButton","viewName":"etm.portal.ui.managecontracts.view.Detail","interaction":{"idSuffix":"BDI-content"}},"wdio_ui5_key":"contractDetailReturnButtonetmportal.ui.managecontracts.view.Detail"}]}
RESULT: {"script":"<script> [1562 bytes]","args":[{"selector":{"id":"contractDetailReturnButton","viewName":"etm.portal.ui.managecontracts.view.Detail","interaction":{"idSuffix":"BDI-content"}},"wdio_ui5_key":"contractDetailReturnButtonetmportal.ui.managecontracts.view.Detail"}]}
RESULT: undefined
COMMAND: POST /session/d06e4a31898e4cf5ae1f0dc562bb1a4d/element - {"using":"xpath","value":"//*[@id=\"__xmlview2--contractDetailReturnButton\"]"}
RESULT: {"using":"xpath","value":"//*[@id=\"__xmlview2--contractDetailReturnButton\"]"}
COMMAND: POST /session/d06e4a31898e4cf5ae1f0dc562bb1a4d/element/f.FF7867651CD8E469CE707B8552024CE8.d.6F6DEF2C19C6B5DE0FA78FF3969CF987.e.18257/click - {}
RESULT: {}
COMMAND: POST /session/d06e4a31898e4cf5ae1f0dc562bb1a4d/execute/async - {"script":"<script> [1562 bytes]","args":[{"selector":{"id":"application-managehandovers-display-component---AddNewHO--dueDate","interaction":{"idSuffix":"inner"}},"wdio_ui5_key":"applicationmanagehandovers-display-component---AddNewHO--dueDate"}]}
COMMAND: GET /session/d06e4a31898e4cf5ae1f0dc562bb1a4d/screenshot - {}
RESULT: {"script":"<script> [1562 bytes]","args":[{"selector":{"id":"application-managehandovers-display-component---AddNewHO--dueDate","interaction":{"idSuffix":"inner"}},"wdio_ui5_key":"applicationmanagehandovers-display-component---AddNewHO--dueDate"}]}
RESULT: undefined
COMMAND: POST /session/d06e4a31898e4cf5ae1f0dc562bb1a4d/execute/async - {"script":"<script> [776 bytes]","args":[{"enterText":"05/17/25","selector":{"id":"application-managehandovers-display-component---AddNewHO--dueDate","interaction":{"idSuffix":"inner"}},"clearTextFirst":true,"interactionType":"ENTER_TEXT"}]}
RESULT: {}
RESULT: {"script":"<script> [776 bytes]","args":[{"enterText":"05/17/25","selector":{"id":"application-managehandovers-display-component---AddNewHO--dueDate","interaction":{"idSuffix":"inner"}},"clearTextFirst":true,"interactionType":"ENTER_TEXT"}]}
COMMAND: POST /session/d06e4a31898e4cf5ae1f0dc562bb1a4d/element - {"using":"xpath","value":"//bdi[contains(@id ,\"application-managehandovers-display-component---AddNewHO--ObjectPageLayout-anchBar-application-managehandovers-display-component---AddNewHO--section4-anchor-BDI-content\")]"}
RESULT: {"using":"xpath","value":"//bdi[contains(@id ,\"application-managehandovers-display-component---AddNewHO--ObjectPageLayout-anchBar-application-managehandovers-display-component---AddNewHO--section4-anchor-BDI-content\")]"}
COMMAND: POST /session/d06e4a31898e4cf5ae1f0dc562bb1a4d/element/f.FF7867651CD8E469CE707B8552024CE8.d.6F6DEF2C19C6B5DE0FA78FF3969CF987.e.18676/click - {}
RESULT: {}
COMMAND: GET /session/d06e4a31898e4cf5ae1f0dc562bb1a4d/screenshot - {}
RESULT: {}
COMMAND: POST /session/d06e4a31898e4cf5ae1f0dc562bb1a4d/element - {"using":"xpath","value":"//button[contains(@data-kt ,\"AddNewHOProvideAddItemsButton\")]"}
RESULT: {"using":"xpath","value":"//button[contains(@data-kt ,\"AddNewHOProvideAddItemsButton\")]"}
COMMAND: POST /session/d06e4a31898e4cf5ae1f0dc562bb1a4d/element/f.FF7867651CD8E469CE707B8552024CE8.d.6F6DEF2C19C6B5DE0FA78FF3969CF987.e.18506/click - {}
RESULT: {}
COMMAND: GET /session/d06e4a31898e4cf5ae1f0dc562bb1a4d/screenshot - {}
RESULT: {}
COMMAND: POST /session/d06e4a31898e4cf5ae1f0dc562bb1a4d/execute/async - {"script":"<script> [1562 bytes]","args":[{"selector":{"id":"application-managehandovers-display-component---AddNewHO--popup-sa","searchOpenDialogs":true,"interaction":{"idSuffix":"CbBg"}},"wdio_ui5_key":"applicationmanagehandovers-display-component---AddNewHO--popup-sa"}]}
RESULT: {"script":"<script> [1562 bytes]","args":[{"selector":{"id":"application-managehandovers-display-component---AddNewHO--popup-sa","searchOpenDialogs":true,"interaction":{"idSuffix":"CbBg"}},"wdio_ui5_key":"applicationmanagehandovers-display-component---AddNewHO--popup-sa"}]}
RESULT: undefined
COMMAND: POST /session/d06e4a31898e4cf5ae1f0dc562bb1a4d/element - {"using":"xpath","value":"//*[@id=\"application-managehandovers-display-component---AddNewHO--popup-sa\"]"}
RESULT: {"using":"xpath","value":"//*[@id=\"application-managehandovers-display-component---AddNewHO--popup-sa\"]"}
COMMAND: POST /session/d06e4a31898e4cf5ae1f0dc562bb1a4d/element/f.FF7867651CD8E469CE707B8552024CE8.d.6F6DEF2C19C6B5DE0FA78FF3969CF987.e.18688/click - {}
RESULT: {}
COMMAND: POST /session/d06e4a31898e4cf5ae1f0dc562bb1a4d/execute/async - {"script":"<script> [1562 bytes]","args":[{"selector":{"controlType":"sap.m.Button","viewName":"etm.portal.ui.managehandovers.view.AddNewHO","viewId":"application-managehandovers-display-component---AddNewHO","i18NText":{"propertyName":"text","key":"select"},"searchOpenDialogs":true,"interaction":{"idSuffix":"BDI-content"}},"wdio_ui5_key":"etmportal.ui.managehandovers.view.AddNewHOsap.m.Button{\"propertyName\":\"text\",\"key\":\"select\"}"}]}
COMMAND: GET /session/d06e4a31898e4cf5ae1f0dc562bb1a4d/screenshot - {}
RESULT: {"script":"<script> [1562 bytes]","args":[{"selector":{"controlType":"sap.m.Button","viewName":"etm.portal.ui.managehandovers.view.AddNewHO","viewId":"application-managehandovers-display-component---AddNewHO","i18NText":{"propertyName":"text","key":"select"},"searchOpenDialogs":true,"interaction":{"idSuffix":"BDI-content"}},"wdio_ui5_key":"etmportal.ui.managehandovers.view.AddNewHOsap.m.Button{\"propertyName\":\"text\",\"key\":\"select\"}"}]}
RESULT: undefined
COMMAND: POST /session/d06e4a31898e4cf5ae1f0dc562bb1a4d/element - {"using":"xpath","value":"//*[@id=\"__button56\"]"}
RESULT: {}
RESULT: {"using":"xpath","value":"//*[@id=\"__button56\"]"}
COMMAND: POST /session/d06e4a31898e4cf5ae1f0dc562bb1a4d/element/f.FF7867651CD8E469CE707B8552024CE8.d.6F6DEF2C19C6B5DE0FA78FF3969CF987.e.18691/click - {}
RESULT: {}
COMMAND: GET /session/d06e4a31898e4cf5ae1f0dc562bb1a4d/screenshot - {}
RESULT: {}
COMMAND: POST /session/d06e4a31898e4cf5ae1f0dc562bb1a4d/execute/async - {"script":"<script> [1562 bytes]","args":[{"selector":{"id":"application-managehandovers-display-component---AddNewHO--confirmCreationButton","interaction":{"idSuffix":"BDI-content"}},"wdio_ui5_key":"applicationmanagehandovers-display-component---AddNewHO--confirmCreationButton"}]}
RESULT: {"script":"<script> [1562 bytes]","args":[{"selector":{"id":"application-managehandovers-display-component---AddNewHO--confirmCreationButton","interaction":{"idSuffix":"BDI-content"}},"wdio_ui5_key":"applicationmanagehandovers-display-component---AddNewHO--confirmCreationButton"}]}
RESULT: undefined
COMMAND: POST /session/d06e4a31898e4cf5ae1f0dc562bb1a4d/element - {"using":"xpath","value":"//*[@id=\"application-managehandovers-display-component---AddNewHO--confirmCreationButton\"]"}
RESULT: {"using":"xpath","value":"//*[@id=\"application-managehandovers-display-component---AddNewHO--confirmCreationButton\"]"}
COMMAND: POST /session/d06e4a31898e4cf5ae1f0dc562bb1a4d/element/f.FF7867651CD8E469CE707B8552024CE8.d.6F6DEF2C19C6B5DE0FA78FF3969CF987.e.18476/click - {}
RESULT: {}
COMMAND: GET /session/d06e4a31898e4cf5ae1f0dc562bb1a4d/screenshot - {}
RESULT: {}
COMMAND: POST /session/d06e4a31898e4cf5ae1f0dc562bb1a4d/execute/async - {"script":"<script> [1562 bytes]","args":[{"selector":{"controlType":"sap.m.Text","viewName":"etm.portal.ui.managehandovers.view.DetailExecuteHO","bindingPath":{"propertyPath":"NO","modelName":"catalogModel"}},"wdio_ui5_key":"etmportal.ui.managehandovers.view.DetailExecuteHOsap.m.Text{\"propertyPath\":\"NO\",\"modelName\":\"catalogModel\"}"}]}
RESULT: {"script":"<script> [1562 bytes]","args":[{"selector":{"controlType":"sap.m.Text","viewName":"etm.portal.ui.managehandovers.view.DetailExecuteHO","bindingPath":{"propertyPath":"NO","modelName":"catalogModel"}},"wdio_ui5_key":"etmportal.ui.managehandovers.view.DetailExecuteHOsap.m.Text{\"propertyPath\":\"NO\",\"modelName\":\"catalogModel\"}"}]}
RESULT: undefined
COMMAND: POST /session/d06e4a31898e4cf5ae1f0dc562bb1a4d/execute/async - {"script":"<script> [6424 bytes]","args":[{"element-6066-11e4-a52e-4f735466cecf":"f.FF7867651CD8E469CE707B8552024CE8.d.6F6DEF2C19C6B5DE0FA78FF3969CF987.e.18725"},"getText",[]]}
RESULT: {"script":"<script> [6424 bytes]","args":[{"element-6066-11e4-a52e-4f735466cecf":"f.FF7867651CD8E469CE707B8552024CE8.d.6F6DEF2C19C6B5DE0FA78FF3969CF987.e.18725"},"getText",[]]}
COMMAND: POST /session/d06e4a31898e4cf5ae1f0dc562bb1a4d/element - {"using":"xpath","value":"//a[contains(@data-kt ,\"GeneralSectionSendContractLink\")]"}
RESULT: {"using":"xpath","value":"//a[contains(@data-kt ,\"GeneralSectionSendContractLink\")]"}
COMMAND: POST /session/d06e4a31898e4cf5ae1f0dc562bb1a4d/element/f.FF7867651CD8E469CE707B8552024CE8.d.6F6DEF2C19C6B5DE0FA78FF3969CF987.e.18726/click - {}
RESULT: {}
COMMAND: GET /session/d06e4a31898e4cf5ae1f0dc562bb1a4d/screenshot - {}
RESULT: {}
COMMAND: POST /session/d06e4a31898e4cf5ae1f0dc562bb1a4d/element - {"using":"xpath","value":"//a[contains(@data-kt ,\"ContextMenuId2Link\")]"}
RESULT: {"using":"xpath","value":"//a[contains(@data-kt ,\"ContextMenuId2Link\")]"}
COMMAND: POST /session/d06e4a31898e4cf5ae1f0dc562bb1a4d/elements - {"using":"xpath","value":"//a[contains(@data-kt ,\"ContextMenuId2Link\")]"}
RESULT: {"using":"xpath","value":"//a[contains(@data-kt ,\"ContextMenuId2Link\")]"}
COMMAND: POST /session/d06e4a31898e4cf5ae1f0dc562bb1a4d/element/f.FF7867651CD8E469CE707B8552024CE8.d.6F6DEF2C19C6B5DE0FA78FF3969CF987.e.18730/click - {}
RESULT: {}
COMMAND: GET /session/d06e4a31898e4cf5ae1f0dc562bb1a4d/screenshot - {}
RESULT: {}
COMMAND: POST /session/d06e4a31898e4cf5ae1f0dc562bb1a4d/execute/async - {"script":"<script> [1562 bytes]","args":[{"selector":{"controlType":"sap.m.Link","viewName":"etm.portal.ui.managehandovers.view.DetailExecuteHO","properties":{"text":"Contract Overview"},"searchOpenDialogs":true},"wdio_ui5_key":"etmportal.ui.managehandovers.view.DetailExecuteHOsap.m.Link{\"text\":\"Contract Overview\"}"}]}
RESULT: {"script":"<script> [1562 bytes]","args":[{"selector":{"controlType":"sap.m.Link","viewName":"etm.portal.ui.managehandovers.view.DetailExecuteHO","properties":{"text":"Contract Overview"},"searchOpenDialogs":true},"wdio_ui5_key":"etmportal.ui.managehandovers.view.DetailExecuteHOsap.m.Link{\"text\":\"Contract Overview\"}"}]}
RESULT: undefined
RESULT: undefined
COMMAND: POST /session/d06e4a31898e4cf5ae1f0dc562bb1a4d/execute/async - {"script":"<script> [6424 bytes]","args":[{"element-6066-11e4-a52e-4f735466cecf":"f.FF7867651CD8E469CE707B8552024CE8.d.6F6DEF2C19C6B5DE0FA78FF3969CF987.e.18345"},"getText",[]]}
COMMAND: POST /session/d06e4a31898e4cf5ae1f0dc562bb1a4d/execute/async - {"script":"<script> [1562 bytes]","args":[{"selector":{"controlType":"sap.m.ObjectStatus","viewName":"etm.portal.ui.managecontracts.view.Detail","bindingPath":{"propertyPath":"LINK_TO_LOGISTICAL_STATUS/DESCRIPTION","modelName":"catalogModel"}},"wdio_ui5_key":"etmportal.ui.managecontracts.view.Detailsap.m.ObjectStatus{\"propertyPath\":\"LINK_TO_LOGISTICAL_STATUS/DESCRIPTION\",\"modelName\":\"catalogModel\"}"}]}
RESULT: {"script":"<script> [1562 bytes]","args":[{"selector":{"controlType":"sap.m.ObjectStatus","viewName":"etm.portal.ui.managecontracts.view.Detail","bindingPath":{"propertyPath":"LINK_TO_LOGISTICAL_STATUS/DESCRIPTION","modelName":"catalogModel"}},"wdio_ui5_key":"etmportal.ui.managecontracts.view.Detailsap.m.ObjectStatus{\"propertyPath\":\"LINK_TO_LOGISTICAL_STATUS/DESCRIPTION\",\"modelName\":\"catalogModel\"}"}]}
COMMAND: POST /session/d06e4a31898e4cf5ae1f0dc562bb1a4d/execute/async - {"script":"<script> [6424 bytes]","args":[{"element-6066-11e4-a52e-4f735466cecf":"f.FF7867651CD8E469CE707B8552024CE8.d.6F6DEF2C19C6B5DE0FA78FF3969CF987.e.18960"},"getText",[]]}
RESULT: {"script":"<script> [6424 bytes]","args":[{"element-6066-11e4-a52e-4f735466cecf":"f.FF7867651CD8E469CE707B8552024CE8.d.6F6DEF2C19C6B5DE0FA78FF3969CF987.e.18960"},"getText",[]]}
RESULT: undefined
COMMAND: POST /session/d06e4a31898e4cf5ae1f0dc562bb1a4d/execute/async - {"script":"<script> [6424 bytes]","args":[{"element-6066-11e4-a52e-4f735466cecf":"f.FF7867651CD8E469CE707B8552024CE8.d.6F6DEF2C19C6B5DE0FA78FF3969CF987.e.18346"},"getText",[]]}
COMMAND: POST /session/d06e4a31898e4cf5ae1f0dc562bb1a4d/execute/async - {"script":"<script> [1562 bytes]","args":[{"selector":{"controlType":"sap.m.ObjectStatus","viewName":"etm.portal.ui.managecontracts.view.Detail","bindingPath":{"propertyPath":"LINK_TO_COMMERCIAL_STATUS/DESCRIPTION","modelName":"catalogModel"}},"wdio_ui5_key":"etmportal.ui.managecontracts.view.Detailsap.m.ObjectStatus{\"propertyPath\":\"LINK_TO_COMMERCIAL_STATUS/DESCRIPTION\",\"modelName\":\"catalogModel\"}"}]}
RESULT: {"script":"<script> [1562 bytes]","args":[{"selector":{"controlType":"sap.m.ObjectStatus","viewName":"etm.portal.ui.managecontracts.view.Detail","bindingPath":{"propertyPath":"LINK_TO_COMMERCIAL_STATUS/DESCRIPTION","modelName":"catalogModel"}},"wdio_ui5_key":"etmportal.ui.managecontracts.view.Detailsap.m.ObjectStatus{\"propertyPath\":\"LINK_TO_COMMERCIAL_STATUS/DESCRIPTION\",\"modelName\":\"catalogModel\"}"}]}
COMMAND: POST /session/d06e4a31898e4cf5ae1f0dc562bb1a4d/execute/async - {"script":"<script> [6424 bytes]","args":[{"element-6066-11e4-a52e-4f735466cecf":"f.FF7867651CD8E469CE707B8552024CE8.d.6F6DEF2C19C6B5DE0FA78FF3969CF987.e.18961"},"getText",[]]}
RESULT: {"script":"<script> [6424 bytes]","args":[{"element-6066-11e4-a52e-4f735466cecf":"f.FF7867651CD8E469CE707B8552024CE8.d.6F6DEF2C19C6B5DE0FA78FF3969CF987.e.18961"},"getText",[]]}
COMMAND: POST /session/d06e4a31898e4cf5ae1f0dc562bb1a4d/execute/async - {"script":"<script> [1562 bytes]","args":[{"selector":{"id":"backBtn"},"wdio_ui5_key":"backBtn"}]}
RESULT: {"script":"<script> [1562 bytes]","args":[{"selector":{"id":"backBtn"},"wdio_ui5_key":"backBtn"}]}
RESULT: undefined
COMMAND: POST /session/d06e4a31898e4cf5ae1f0dc562bb1a4d/element - {"using":"xpath","value":"//*[@id=\"backBtn\"]"}
RESULT: {"using":"xpath","value":"//*[@id=\"backBtn\"]"}
COMMAND: POST /session/d06e4a31898e4cf5ae1f0dc562bb1a4d/element/f.FF7867651CD8E469CE707B8552024CE8.d.6F6DEF2C19C6B5DE0FA78FF3969CF987.e.18962/click - {}
RESULT: {}
COMMAND: GET /session/d06e4a31898e4cf5ae1f0dc562bb1a4d/screenshot - {}
COMMAND: POST /session/d06e4a31898e4cf5ae1f0dc562bb1a4d/element - {"using":"xpath","value":"//input[contains(@id ,\"issueDatePicker-inner\")]"}
RESULT: {}
RESULT: {"using":"xpath","value":"//input[contains(@id ,\"issueDatePicker-inner\")]"}
COMMAND: POST /session/d06e4a31898e4cf5ae1f0dc562bb1a4d/elements - {"using":"xpath","value":"//input[contains(@id ,\"issueDatePicker-inner\")]"}
RESULT: {"using":"xpath","value":"//input[contains(@id ,\"issueDatePicker-inner\")]"}
COMMAND: POST /session/d06e4a31898e4cf5ae1f0dc562bb1a4d/elements - {"using":"xpath","value":"//input[contains(@id ,\"issueDatePicker-inner\")]"}
RESULT: {"using":"xpath","value":"//input[contains(@id ,\"issueDatePicker-inner\")]"}
COMMAND: POST /session/d06e4a31898e4cf5ae1f0dc562bb1a4d/elements - {"using":"xpath","value":"//input[contains(@id ,\"issueDatePicker-inner\")]"}
RESULT: {"using":"xpath","value":"//input[contains(@id ,\"issueDatePicker-inner\")]"}
COMMAND: POST /session/d06e4a31898e4cf5ae1f0dc562bb1a4d/element - {"using":"xpath","value":"//input[contains(@id ,\"issueDatePicker-inner\")]"}
RESULT: {"using":"xpath","value":"//input[contains(@id ,\"issueDatePicker-inner\")]"}
COMMAND: GET /session/d06e4a31898e4cf5ae1f0dc562bb1a4d/element/f.FF7867651CD8E469CE707B8552024CE8.d.6F6DEF2C19C6B5DE0FA78FF3969CF987.e.19237/property/value - {}
RESULT: {}
COMMAND: POST /session/d06e4a31898e4cf5ae1f0dc562bb1a4d/element/f.FF7867651CD8E469CE707B8552024CE8.d.6F6DEF2C19C6B5DE0FA78FF3969CF987.e.19237/clear - {}
COMMAND: GET /session/d06e4a31898e4cf5ae1f0dc562bb1a4d/screenshot - {}
RESULT: {}
COMMAND: POST /session/d06e4a31898e4cf5ae1f0dc562bb1a4d/element/f.FF7867651CD8E469CE707B8552024CE8.d.6F6DEF2C19C6B5DE0FA78FF3969CF987.e.19237/value - {"text":"05/17/25"}
COMMAND: GET /session/d06e4a31898e4cf5ae1f0dc562bb1a4d/screenshot - {}
RESULT: {}
RESULT: {"text":"05/17/25"}
COMMAND: GET /session/d06e4a31898e4cf5ae1f0dc562bb1a4d/screenshot - {}
RESULT: {}
RESULT: {}
COMMAND: POST /session/d06e4a31898e4cf5ae1f0dc562bb1a4d/execute/async - {"script":"<script> [1562 bytes]","args":[{"selector":{"controlType":"sap.m.Button","viewName":"etm.portal.ui.managehandovers.view.DetailExecuteHO","i18NText":{"propertyName":"text","key":"confirmAll"},"interaction":{"idSuffix":"inner"}},"wdio_ui5_key":"etmportal.ui.managehandovers.view.DetailExecuteHOsap.m.Button{\"propertyName\":\"text\",\"key\":\"confirmAll\"}"}]}
RESULT: {"script":"<script> [1562 bytes]","args":[{"selector":{"controlType":"sap.m.Button","viewName":"etm.portal.ui.managehandovers.view.DetailExecuteHO","i18NText":{"propertyName":"text","key":"confirmAll"},"interaction":{"idSuffix":"inner"}},"wdio_ui5_key":"etmportal.ui.managehandovers.view.DetailExecuteHOsap.m.Button{\"propertyName\":\"text\",\"key\":\"confirmAll\"}"}]}
RESULT: undefined
COMMAND: POST /session/d06e4a31898e4cf5ae1f0dc562bb1a4d/element - {"using":"xpath","value":"//*[@id=\"__button136\"]"}
RESULT: {"using":"xpath","value":"//*[@id=\"__button136\"]"}
COMMAND: POST /session/d06e4a31898e4cf5ae1f0dc562bb1a4d/element/f.FF7867651CD8E469CE707B8552024CE8.d.6F6DEF2C19C6B5DE0FA78FF3969CF987.e.19262/click - {}
RESULT: {}
COMMAND: GET /session/d06e4a31898e4cf5ae1f0dc562bb1a4d/screenshot - {}
RESULT: {}
COMMAND: POST /session/d06e4a31898e4cf5ae1f0dc562bb1a4d/actions - {"actions":[{"id":"action86","type":"key","parameters":{},"actions":[{"type":"keyDown","value":"î€‡"},{"type":"pause","duration":10},{"type":"keyUp","value":"î€‡"}]}]}
RESULT: {"actions":[{"id":"action86","type":"key","parameters":{},"actions":[{"type":"keyDown","value":"î€‡"},{"type":"pause","duration":10},{"type":"keyUp","value":"î€‡"}]}]}
COMMAND: GET /session/d06e4a31898e4cf5ae1f0dc562bb1a4d/screenshot - {}
RESULT: {}
RESULT: undefined
COMMAND: POST /session/d06e4a31898e4cf5ae1f0dc562bb1a4d/element - {"using":"xpath","value":"//*[@id=\"__button136\"]"}
RESULT: {"using":"xpath","value":"//*[@id=\"__button136\"]"}
COMMAND: POST /session/d06e4a31898e4cf5ae1f0dc562bb1a4d/element/f.FF7867651CD8E469CE707B8552024CE8.d.6F6DEF2C19C6B5DE0FA78FF3969CF987.e.19262/click - {}
RESULT: {}
COMMAND: GET /session/d06e4a31898e4cf5ae1f0dc562bb1a4d/screenshot - {}
RESULT: {}
COMMAND: POST /session/d06e4a31898e4cf5ae1f0dc562bb1a4d/execute/async - {"script":"<script> [1562 bytes]","args":[{"selector":{"controlType":"sap.m.Button","properties":{"text":"OK"},"searchOpenDialogs":true,"interaction":{"idSuffix":"content"}},"wdio_ui5_key":"sapm.Button{\"text\":\"OK\"}"}]}
RESULT: {"script":"<script> [1562 bytes]","args":[{"selector":{"controlType":"sap.m.Button","properties":{"text":"OK"},"searchOpenDialogs":true,"interaction":{"idSuffix":"content"}},"wdio_ui5_key":"sapm.Button{\"text\":\"OK\"}"}]}
RESULT: undefined
COMMAND: POST /session/d06e4a31898e4cf5ae1f0dc562bb1a4d/element - {"using":"xpath","value":"//*[@id=\"__mbox-btn-2\"]"}
RESULT: {"using":"xpath","value":"//*[@id=\"__mbox-btn-2\"]"}
COMMAND: POST /session/d06e4a31898e4cf5ae1f0dc562bb1a4d/element/f.FF7867651CD8E469CE707B8552024CE8.d.6F6DEF2C19C6B5DE0FA78FF3969CF987.e.19270/click - {}
RESULT: {}
COMMAND: GET /session/d06e4a31898e4cf5ae1f0dc562bb1a4d/screenshot - {}
RESULT: {}
COMMAND: POST /session/d06e4a31898e4cf5ae1f0dc562bb1a4d/element - {"using":"xpath","value":"//button[contains(@data-kt ,\"execHoIssueFooterButton\")]"}
RESULT: {"using":"xpath","value":"//button[contains(@data-kt ,\"execHoIssueFooterButton\")]"}
COMMAND: POST /session/d06e4a31898e4cf5ae1f0dc562bb1a4d/element/f.FF7867651CD8E469CE707B8552024CE8.d.6F6DEF2C19C6B5DE0FA78FF3969CF987.e.19274/click - {}
RESULT: {}
COMMAND: GET /session/d06e4a31898e4cf5ae1f0dc562bb1a4d/screenshot - {}
RESULT: {}
COMMAND: POST /session/d06e4a31898e4cf5ae1f0dc562bb1a4d/refresh - {}
RESULT: {}
COMMAND: GET /session/d06e4a31898e4cf5ae1f0dc562bb1a4d/screenshot - {}
RESULT: {}
COMMAND: POST /session/d06e4a31898e4cf5ae1f0dc562bb1a4d/refresh - {}
RESULT: {}
COMMAND: GET /session/d06e4a31898e4cf5ae1f0dc562bb1a4d/screenshot - {}
RESULT: {}
COMMAND: POST /session/d06e4a31898e4cf5ae1f0dc562bb1a4d/window/fullscreen - {}
RESULT: {}
COMMAND: POST /session/d06e4a31898e4cf5ae1f0dc562bb1a4d/execute/async - {"script":"<script> [189 bytes]","args":[]}
RESULT: {"script":"<script> [189 bytes]","args":[]}
COMMAND: POST /session/d06e4a31898e4cf5ae1f0dc562bb1a4d/execute/async - {"script":"<script> [123 bytes]","args":[]}
RESULT: {"script":"<script> [123 bytes]","args":[]}
COMMAND: POST /session/d06e4a31898e4cf5ae1f0dc562bb1a4d/timeouts - {"script":"<number>"}
RESULT: {"script":"<number>"}
COMMAND: GET /session/d06e4a31898e4cf5ae1f0dc562bb1a4d/timeouts - {}
RESULT: {}
RESULT: undefined
COMMAND: POST /session/d06e4a31898e4cf5ae1f0dc562bb1a4d/execute/async - {"script":"<script> [2676 bytes]","args":[]}
RESULT: {"script":"<script> [2676 bytes]","args":[]}
COMMAND: POST /session/d06e4a31898e4cf5ae1f0dc562bb1a4d/execute/async - {"script":"<script> [2342 bytes]","args":[{"protocol":"http","hostname":"0.0.0.0","path":"/","capabilities":{"browserName":"chrome","goog:chromeOptions":{"binary":"C:\\Program Files\\Google\\Chrome\\Application\\chrome.exe","args":["--start-maximized"]}},"logLevel":"warn","connectionRetryTimeout":120000,"connectionRetryCount":3,"logLevels":{},"enableDirectConnect":true,"strictSSL":true,"_":"65 more keys: [\"cacheDir\",\"port\",\"requestedCapabilities\",\"automationProtocol\",\"baseUrl\",\"waitforInterval\",\"waitforTimeout\",\"onReload\",\"beforeCommand\",\"afterCommand\",\"rootDir\",\"specs\",\"suites\",\"exclude\",\"groupLogsByTestSpec\",\"excludeDriverLogs\",\"bail\",\"framework\",\"reporters\",\"services\",\"maxInstances\",\"maxInstancesPerCapability\",\"injectGlobals\",\"filesToWatch\",\"execArgv\",\"runnerEnv\",\"runner\",\"shard\",\"specFileRetries\",\"specFileRetriesDelay\",\"specFileRetriesDeferred\",\"reporterSyncInterval\",\"reporterSyncTimeout\",\"cucumberFeaturesWithLineNumbers\",\"autoCompileOpts\",\"mochaOpts\",\"jasmineOpts\",\"cucumberOpts\",\"onPrepare\",\"onWorkerStart\",\"onWorkerEnd\",\"before\",\"beforeSession\",\"beforeSuite\",\"beforeHook\",\"beforeTest\",\"afterTest\",\"afterHook\",\"afterSuite\",\"afterSession\",\"after\",\"onComplete\",\"beforeAssertion\",\"afterAssertion\",\"beforeFeature\",\"beforeScenario\",\"beforeStep\",\"afterStep\",\"afterScenario\",\"afterFeature\",\"_\",\"suite\",\"$0\",\"ignoredWorkerServices\",\"wdi5\"]"}]}
RESULT: {"script":"<script> [2342 bytes]","args":[{"protocol":"http","hostname":"0.0.0.0","path":"/","capabilities":{"browserName":"chrome","goog:chromeOptions":{"binary":"C:\\Program Files\\Google\\Chrome\\Application\\chrome.exe","args":["--start-maximized"]}},"logLevel":"warn","connectionRetryTimeout":120000,"connectionRetryCount":3,"logLevels":{},"enableDirectConnect":true,"strictSSL":true,"_":"65 more keys: [\"cacheDir\",\"port\",\"requestedCapabilities\",\"automationProtocol\",\"baseUrl\",\"waitforInterval\",\"waitforTimeout\",\"onReload\",\"beforeCommand\",\"afterCommand\",\"rootDir\",\"specs\",\"suites\",\"exclude\",\"groupLogsByTestSpec\",\"excludeDriverLogs\",\"bail\",\"framework\",\"reporters\",\"services\",\"maxInstances\",\"maxInstancesPerCapability\",\"injectGlobals\",\"filesToWatch\",\"execArgv\",\"runnerEnv\",\"runner\",\"shard\",\"specFileRetries\",\"specFileRetriesDelay\",\"specFileRetriesDeferred\",\"reporterSyncInterval\",\"reporterSyncTimeout\",\"cucumberFeaturesWithLineNumbers\",\"autoCompileOpts\",\"mochaOpts\",\"jasmineOpts\",\"cucumberOpts\",\"onPrepare\",\"onWorkerStart\",\"onWorkerEnd\",\"before\",\"beforeSession\",\"beforeSuite\",\"beforeHook\",\"beforeTest\",\"afterTest\",\"afterHook\",\"afterSuite\",\"afterSession\",\"after\",\"onComplete\",\"beforeAssertion\",\"afterAssertion\",\"beforeFeature\",\"beforeScenario\",\"beforeStep\",\"afterStep\",\"afterScenario\",\"afterFeature\",\"_\",\"suite\",\"$0\",\"ignoredWorkerServices\",\"wdi5\"]"}]}
COMMAND: POST /session/d06e4a31898e4cf5ae1f0dc562bb1a4d/execute/async - {"script":"<script> [21126 bytes]","args":[35000]}
RESULT: {"script":"<script> [21126 bytes]","args":[35000]}
COMMAND: POST /session/d06e4a31898e4cf5ae1f0dc562bb1a4d/execute/async - {"script":"<script> [1562 bytes]","args":[{"selector":{"controlType":"sap.m.SearchField","viewName":"etm.portal.ui.managehandovers.view.MasterHO","bindingPath":{"path":"","propertyPath":"/_BASIC_SEARCH_FIELD","modelName":"fi1t3rM0d31"},"interaction":{"idSuffix":"I"}},"wdio_ui5_key":"etmportal.ui.managehandovers.view.MasterHOsap.m.SearchField{\"path\":\"\",\"propertyPath\":\"/_BASIC_SEARCH_FIELD\",\"modelName\":\"fi1t3rM0d31\"}"}]}
RESULT: {"script":"<script> [1562 bytes]","args":[{"selector":{"controlType":"sap.m.SearchField","viewName":"etm.portal.ui.managehandovers.view.MasterHO","bindingPath":{"path":"","propertyPath":"/_BASIC_SEARCH_FIELD","modelName":"fi1t3rM0d31"},"interaction":{"idSuffix":"I"}},"wdio_ui5_key":"etmportal.ui.managehandovers.view.MasterHOsap.m.SearchField{\"path\":\"\",\"propertyPath\":\"/_BASIC_SEARCH_FIELD\",\"modelName\":\"fi1t3rM0d31\"}"}]}
RESULT: undefined
COMMAND: POST /session/d06e4a31898e4cf5ae1f0dc562bb1a4d/execute/async - {"script":"<script> [776 bytes]","args":[{"enterText":"30661","selector":{"controlType":"sap.m.SearchField","viewName":"etm.portal.ui.managehandovers.view.MasterHO","bindingPath":{"path":"","propertyPath":"/_BASIC_SEARCH_FIELD","modelName":"fi1t3rM0d31"},"interaction":{"idSuffix":"I"}},"clearTextFirst":true,"interactionType":"ENTER_TEXT"}]}
RESULT: {"script":"<script> [776 bytes]","args":[{"enterText":"30661","selector":{"controlType":"sap.m.SearchField","viewName":"etm.portal.ui.managehandovers.view.MasterHO","bindingPath":{"path":"","propertyPath":"/_BASIC_SEARCH_FIELD","modelName":"fi1t3rM0d31"},"interaction":{"idSuffix":"I"}},"clearTextFirst":true,"interactionType":"ENTER_TEXT"}]}
COMMAND: POST /session/d06e4a31898e4cf5ae1f0dc562bb1a4d/actions - {"actions":[{"id":"action87","type":"key","parameters":{},"actions":[{"type":"keyDown","value":"î€‡"},{"type":"pause","duration":10},{"type":"keyUp","value":"î€‡"}]}]}
RESULT: {"actions":[{"id":"action87","type":"key","parameters":{},"actions":[{"type":"keyDown","value":"î€‡"},{"type":"pause","duration":10},{"type":"keyUp","value":"î€‡"}]}]}
COMMAND: GET /session/d06e4a31898e4cf5ae1f0dc562bb1a4d/screenshot - {}
RESULT: {}
COMMAND: POST /session/d06e4a31898e4cf5ae1f0dc562bb1a4d/execute/async - {"script":"<script> [1562 bytes]","args":[{"selector":{"controlType":"sap.m.Title","viewName":"etm.portal.ui.managehandovers.view.MasterHO","properties":{"text":"Records (1)"}},"wdio_ui5_key":"etmportal.ui.managehandovers.view.MasterHOsap.m.Title{\"text\":\"Records (1)\"}"}]}
RESULT: {"script":"<script> [1562 bytes]","args":[{"selector":{"controlType":"sap.m.Title","viewName":"etm.portal.ui.managehandovers.view.MasterHO","properties":{"text":"Records (1)"}},"wdio_ui5_key":"etmportal.ui.managehandovers.view.MasterHOsap.m.Title{\"text\":\"Records (1)\"}"}]}
RESULT: undefined
COMMAND: POST /session/d06e4a31898e4cf5ae1f0dc562bb1a4d/execute/async - {"script":"<script> [6424 bytes]","args":[{"element-6066-11e4-a52e-4f735466cecf":"f.FF7867651CD8E469CE707B8552024CE8.d.289EC9C6664CC42676D1BE49E56345AC.e.19476"},"getText",[]]}
RESULT: {"script":"<script> [6424 bytes]","args":[{"element-6066-11e4-a52e-4f735466cecf":"f.FF7867651CD8E469CE707B8552024CE8.d.289EC9C6664CC42676D1BE49E56345AC.e.19476"},"getText",[]]}
COMMAND: POST /session/d06e4a31898e4cf5ae1f0dc562bb1a4d/execute/async - {"script":"<script> [1562 bytes]","args":[{"selector":{"controlType":"sap.ui.core.Icon","viewName":"etm.portal.ui.managehandovers.view.MasterHO","properties":{"src":{"regex":{"source":"slim\\-arrow\\-right"}}}},"wdio_ui5_key":"etmportal.ui.managehandovers.view.MasterHOsap.ui.core.Icon{\"src\":{\"regex\":{\"source\":\"slim\\\\-arrow\\\\-right\"}}}"}]}
RESULT: {"script":"<script> [1562 bytes]","args":[{"selector":{"controlType":"sap.ui.core.Icon","viewName":"etm.portal.ui.managehandovers.view.MasterHO","properties":{"src":{"regex":{"source":"slim\\-arrow\\-right"}}}},"wdio_ui5_key":"etmportal.ui.managehandovers.view.MasterHOsap.ui.core.Icon{\"src\":{\"regex\":{\"source\":\"slim\\\\-arrow\\\\-right\"}}}"}]}
RESULT: undefined
COMMAND: POST /session/d06e4a31898e4cf5ae1f0dc562bb1a4d/element - {"using":"xpath","value":"//*[@id=\"__item27-__clone17-imgNav\"]"}
RESULT: {"using":"xpath","value":"//*[@id=\"__item27-__clone17-imgNav\"]"}
COMMAND: POST /session/d06e4a31898e4cf5ae1f0dc562bb1a4d/element/f.FF7867651CD8E469CE707B8552024CE8.d.289EC9C6664CC42676D1BE49E56345AC.e.19475/click - {}
RESULT: {}
COMMAND: GET /session/d06e4a31898e4cf5ae1f0dc562bb1a4d/screenshot - {}
RESULT: {}
COMMAND: POST /session/d06e4a31898e4cf5ae1f0dc562bb1a4d/execute/async - {"script":"<script> [1562 bytes]","args":[{"selector":{"controlType":"sap.m.ObjectStatus","viewName":"etm.portal.ui.managehandovers.view.DetailManageHO","viewId":"application-managehandovers-display-component---detailManageHO","labelFor":{"text":"Status"}},"wdio_ui5_key":"etmportal.ui.managehandovers.view.DetailManageHOsap.m.ObjectStatus{\"text\":\"Status\"}"}]}
RESULT: {"script":"<script> [1562 bytes]","args":[{"selector":{"controlType":"sap.m.ObjectStatus","viewName":"etm.portal.ui.managehandovers.view.DetailManageHO","viewId":"application-managehandovers-display-component---detailManageHO","labelFor":{"text":"Status"}},"wdio_ui5_key":"etmportal.ui.managehandovers.view.DetailManageHOsap.m.ObjectStatus{\"text\":\"Status\"}"}]}
RESULT: undefined
COMMAND: POST /session/d06e4a31898e4cf5ae1f0dc562bb1a4d/execute/async - {"script":"<script> [6424 bytes]","args":[{"element-6066-11e4-a52e-4f735466cecf":"f.FF7867651CD8E469CE707B8552024CE8.d.289EC9C6664CC42676D1BE49E56345AC.e.19563"},"getText",[]]}
RESULT: {"script":"<script> [6424 bytes]","args":[{"element-6066-11e4-a52e-4f735466cecf":"f.FF7867651CD8E469CE707B8552024CE8.d.289EC9C6664CC42676D1BE49E56345AC.e.19563"},"getText",[]]}
COMMAND: POST /session/d06e4a31898e4cf5ae1f0dc562bb1a4d/element - {"using":"xpath","value":"//a[contains(@data-kt ,\"GeneralSectionSendContractLink\")]"}
RESULT: {"using":"xpath","value":"//a[contains(@data-kt ,\"GeneralSectionSendContractLink\")]"}
COMMAND: POST /session/d06e4a31898e4cf5ae1f0dc562bb1a4d/element/f.FF7867651CD8E469CE707B8552024CE8.d.289EC9C6664CC42676D1BE49E56345AC.e.19564/click - {}
RESULT: {}
COMMAND: GET /session/d06e4a31898e4cf5ae1f0dc562bb1a4d/screenshot - {}
RESULT: {}
COMMAND: POST /session/d06e4a31898e4cf5ae1f0dc562bb1a4d/elements - {"using":"xpath","value":"//a[contains(@data-kt ,\"ContextMenuId2Link\")]"}
RESULT: {"using":"xpath","value":"//a[contains(@data-kt ,\"ContextMenuId2Link\")]"}
COMMAND: POST /session/d06e4a31898e4cf5ae1f0dc562bb1a4d/element/f.FF7867651CD8E469CE707B8552024CE8.d.6F6DEF2C19C6B5DE0FA78FF3969CF987.e.18730/click - {}
COMMAND: POST /session/d06e4a31898e4cf5ae1f0dc562bb1a4d/element - {"using":"xpath","value":"//a[contains(@data-kt ,\"ContextMenuId2Link\")]"}
RESULT: {"using":"xpath","value":"//a[contains(@data-kt ,\"ContextMenuId2Link\")]"}
COMMAND: POST /session/d06e4a31898e4cf5ae1f0dc562bb1a4d/element/f.FF7867651CD8E469CE707B8552024CE8.d.6F6DEF2C19C6B5DE0FA78FF3969CF987.e.18730/click - {}
COMMAND: POST /session/d06e4a31898e4cf5ae1f0dc562bb1a4d/element - {"using":"xpath","value":"//a[contains(@data-kt ,\"ContextMenuId2Link\")]"}
RESULT: {"using":"xpath","value":"//a[contains(@data-kt ,\"ContextMenuId2Link\")]"}
COMMAND: POST /session/d06e4a31898e4cf5ae1f0dc562bb1a4d/element/f.FF7867651CD8E469CE707B8552024CE8.d.289EC9C6664CC42676D1BE49E56345AC.e.19567/click - {}
RESULT: {}
COMMAND: GET /session/d06e4a31898e4cf5ae1f0dc562bb1a4d/screenshot - {}
RESULT: {}
COMMAND: POST /session/d06e4a31898e4cf5ae1f0dc562bb1a4d/execute/async - {"script":"<script> [1562 bytes]","args":[{"selector":{"controlType":"sap.m.ObjectStatus","viewName":"etm.portal.ui.managecontracts.view.Detail","bindingPath":{"propertyPath":"LINK_TO_COMMERCIAL_STATUS/DESCRIPTION","modelName":"catalogModel"}},"wdio_ui5_key":"etmportal.ui.managecontracts.view.Detailsap.m.ObjectStatus{\"propertyPath\":\"LINK_TO_COMMERCIAL_STATUS/DESCRIPTION\",\"modelName\":\"catalogModel\"}"}]}
RESULT: {"script":"<script> [1562 bytes]","args":[{"selector":{"controlType":"sap.m.ObjectStatus","viewName":"etm.portal.ui.managecontracts.view.Detail","bindingPath":{"propertyPath":"LINK_TO_COMMERCIAL_STATUS/DESCRIPTION","modelName":"catalogModel"}},"wdio_ui5_key":"etmportal.ui.managecontracts.view.Detailsap.m.ObjectStatus{\"propertyPath\":\"LINK_TO_COMMERCIAL_STATUS/DESCRIPTION\",\"modelName\":\"catalogModel\"}"}]}
RESULT: undefined
COMMAND: POST /session/d06e4a31898e4cf5ae1f0dc562bb1a4d/execute/async - {"script":"<script> [6424 bytes]","args":[{"element-6066-11e4-a52e-4f735466cecf":"f.FF7867651CD8E469CE707B8552024CE8.d.289EC9C6664CC42676D1BE49E56345AC.e.19830"},"getText",[]]}
RESULT: {"script":"<script> [6424 bytes]","args":[{"element-6066-11e4-a52e-4f735466cecf":"f.FF7867651CD8E469CE707B8552024CE8.d.289EC9C6664CC42676D1BE49E56345AC.e.19830"},"getText",[]]}
COMMAND: POST /session/d06e4a31898e4cf5ae1f0dc562bb1a4d/execute/async - {"script":"<script> [1562 bytes]","args":[{"selector":{"controlType":"sap.m.ObjectStatus","viewName":"etm.portal.ui.managecontracts.view.Detail","bindingPath":{"propertyPath":"LINK_TO_LOGISTICAL_STATUS/DESCRIPTION","modelName":"catalogModel"}},"wdio_ui5_key":"etmportal.ui.managecontracts.view.Detailsap.m.ObjectStatus{\"propertyPath\":\"LINK_TO_LOGISTICAL_STATUS/DESCRIPTION\",\"modelName\":\"catalogModel\"}"}]}
RESULT: {"script":"<script> [1562 bytes]","args":[{"selector":{"controlType":"sap.m.ObjectStatus","viewName":"etm.portal.ui.managecontracts.view.Detail","bindingPath":{"propertyPath":"LINK_TO_LOGISTICAL_STATUS/DESCRIPTION","modelName":"catalogModel"}},"wdio_ui5_key":"etmportal.ui.managecontracts.view.Detailsap.m.ObjectStatus{\"propertyPath\":\"LINK_TO_LOGISTICAL_STATUS/DESCRIPTION\",\"modelName\":\"catalogModel\"}"}]}
RESULT: undefined
COMMAND: POST /session/d06e4a31898e4cf5ae1f0dc562bb1a4d/execute/async - {"script":"<script> [6424 bytes]","args":[{"element-6066-11e4-a52e-4f735466cecf":"f.FF7867651CD8E469CE707B8552024CE8.d.289EC9C6664CC42676D1BE49E56345AC.e.19831"},"getText",[]]}
RESULT: {"script":"<script> [6424 bytes]","args":[{"element-6066-11e4-a52e-4f735466cecf":"f.FF7867651CD8E469CE707B8552024CE8.d.289EC9C6664CC42676D1BE49E56345AC.e.19831"},"getText",[]]}
COMMAND: POST /session/d06e4a31898e4cf5ae1f0dc562bb1a4d/element - {"using":"xpath","value":"//button[@data-kt=\"contractDetailEditBtnButton\"]"}
RESULT: {"using":"xpath","value":"//button[@data-kt=\"contractDetailEditBtnButton\"]"}
COMMAND: POST /session/d06e4a31898e4cf5ae1f0dc562bb1a4d/element/f.FF7867651CD8E469CE707B8552024CE8.d.289EC9C6664CC42676D1BE49E56345AC.e.19627/click - {}
RESULT: {}
COMMAND: GET /session/d06e4a31898e4cf5ae1f0dc562bb1a4d/screenshot - {}
RESULT: {}
COMMAND: POST /session/d06e4a31898e4cf5ae1f0dc562bb1a4d/element - {"using":"xpath","value":"(//span[contains(text(), \"Additional Addresses\")])[2]"}
RESULT: {"using":"xpath","value":"(//span[contains(text(), \"Additional Addresses\")])[2]"}
COMMAND: POST /session/d06e4a31898e4cf5ae1f0dc562bb1a4d/element/f.FF7867651CD8E469CE707B8552024CE8.d.289EC9C6664CC42676D1BE49E56345AC.e.19897/click - {}
RESULT: {}
COMMAND: GET /session/d06e4a31898e4cf5ae1f0dc562bb1a4d/screenshot - {}
RESULT: {}
COMMAND: POST /session/d06e4a31898e4cf5ae1f0dc562bb1a4d/element - {"using":"xpath","value":"//button[@data-kt=\"btnAddTableRowOverflowToolbarButton\"]"}
RESULT: {"using":"xpath","value":"//button[@data-kt=\"btnAddTableRowOverflowToolbarButton\"]"}
COMMAND: POST /session/d06e4a31898e4cf5ae1f0dc562bb1a4d/element/f.FF7867651CD8E469CE707B8552024CE8.d.289EC9C6664CC42676D1BE49E56345AC.e.19899/click - {}
RESULT: {}
COMMAND: GET /session/d06e4a31898e4cf5ae1f0dc562bb1a4d/screenshot - {}
RESULT: {}
COMMAND: POST /session/d06e4a31898e4cf5ae1f0dc562bb1a4d/element - {"using":"xpath","value":"//div[(text() = 'Standard Entry' or . = 'Standard Entry')]"}
RESULT: {"using":"xpath","value":"//div[(text() = 'Standard Entry' or . = 'Standard Entry')]"}
COMMAND: POST /session/d06e4a31898e4cf5ae1f0dc562bb1a4d/element/f.FF7867651CD8E469CE707B8552024CE8.d.289EC9C6664CC42676D1BE49E56345AC.e.19901/click - {}
RESULT: {}
COMMAND: POST /session/d06e4a31898e4cf5ae1f0dc562bb1a4d/execute/async - {"script":"<script> [1562 bytes]","args":[{"selector":{"controlType":"sap.ui.core.Icon","viewName":"etm.portal.ui.managecontracts.view.EditContract","properties":{"src":{"regex":{"source":"slim\\-arrow\\-down"}}},"ancestor":{"controlType":"sap.m.ComboBox","viewName":"etm.portal.ui.managecontracts.view.EditContract","bindingPath":{"propertyPath":"RU_TYPE","modelName":"catalogModel"}}},"wdio_ui5_key":"etmportal.ui.managecontracts.view.EditContractsap.ui.core.Icon{\"src\":{\"regex\":{\"source\":\"slim\\\\-arrow\\\\-down\"}}}{\"controlType\":\"sap.m.ComboBox\",\"viewName\":\"etm.portal.ui.managecontracts.view.EditContract\",\"bindingPath\":{\"propertyPath\":\"RU_TYPE\",\"modelName\":\"catalogModel\"}}"}]}
COMMAND: GET /session/d06e4a31898e4cf5ae1f0dc562bb1a4d/screenshot - {}
RESULT: {"script":"<script> [1562 bytes]","args":[{"selector":{"controlType":"sap.ui.core.Icon","viewName":"etm.portal.ui.managecontracts.view.EditContract","properties":{"src":{"regex":{"source":"slim\\-arrow\\-down"}}},"ancestor":{"controlType":"sap.m.ComboBox","viewName":"etm.portal.ui.managecontracts.view.EditContract","bindingPath":{"propertyPath":"RU_TYPE","modelName":"catalogModel"}}},"wdio_ui5_key":"etmportal.ui.managecontracts.view.EditContractsap.ui.core.Icon{\"src\":{\"regex\":{\"source\":\"slim\\\\-arrow\\\\-down\"}}}{\"controlType\":\"sap.m.ComboBox\",\"viewName\":\"etm.portal.ui.managecontracts.view.EditContract\",\"bindingPath\":{\"propertyPath\":\"RU_TYPE\",\"modelName\":\"catalogModel\"}}"}]}
RESULT: undefined
COMMAND: POST /session/d06e4a31898e4cf5ae1f0dc562bb1a4d/element - {"using":"xpath","value":"//*[@id=\"__box19-arrow\"]"}
RESULT: {}
RESULT: {"using":"xpath","value":"//*[@id=\"__box19-arrow\"]"}
COMMAND: POST /session/d06e4a31898e4cf5ae1f0dc562bb1a4d/element/f.FF7867651CD8E469CE707B8552024CE8.d.289EC9C6664CC42676D1BE49E56345AC.e.19916/click - {}
RESULT: {}
COMMAND: POST /session/d06e4a31898e4cf5ae1f0dc562bb1a4d/execute/async - {"script":"<script> [1562 bytes]","args":[{"selector":{"controlType":"sap.m.StandardListItem","viewName":"etm.portal.ui.managecontracts.view.EditContract","properties":{"title":"Material"},"searchOpenDialogs":true,"interaction":{"idSuffix":"content"}},"wdio_ui5_key":"etmportal.ui.managecontracts.view.EditContractsap.m.StandardListItem{\"title\":\"Material\"}"}]}
COMMAND: GET /session/d06e4a31898e4cf5ae1f0dc562bb1a4d/screenshot - {}
RESULT: {"script":"<script> [1562 bytes]","args":[{"selector":{"controlType":"sap.m.StandardListItem","viewName":"etm.portal.ui.managecontracts.view.EditContract","properties":{"title":"Material"},"searchOpenDialogs":true,"interaction":{"idSuffix":"content"}},"wdio_ui5_key":"etmportal.ui.managecontracts.view.EditContractsap.m.StandardListItem{\"title\":\"Material\"}"}]}
RESULT: undefined
COMMAND: POST /session/d06e4a31898e4cf5ae1f0dc562bb1a4d/element - {"using":"xpath","value":"//*[@id=\"__item91\"]"}
RESULT: {}
RESULT: {"using":"xpath","value":"//*[@id=\"__item91\"]"}
COMMAND: POST /session/d06e4a31898e4cf5ae1f0dc562bb1a4d/element/f.FF7867651CD8E469CE707B8552024CE8.d.289EC9C6664CC42676D1BE49E56345AC.e.19919/click - {}
RESULT: {}
COMMAND: POST /session/d06e4a31898e4cf5ae1f0dc562bb1a4d/element - {"using":"xpath","value":"//td[7]/div/div/input"}
COMMAND: GET /session/d06e4a31898e4cf5ae1f0dc562bb1a4d/screenshot - {}
RESULT: {"using":"xpath","value":"//td[7]/div/div/input"}
COMMAND: POST /session/d06e4a31898e4cf5ae1f0dc562bb1a4d/element/f.FF7867651CD8E469CE707B8552024CE8.d.289EC9C6664CC42676D1BE49E56345AC.e.19922/clear - {}
RESULT: {}
RESULT: {}
COMMAND: POST /session/d06e4a31898e4cf5ae1f0dc562bb1a4d/element/f.FF7867651CD8E469CE707B8552024CE8.d.289EC9C6664CC42676D1BE49E56345AC.e.19922/value - {"text":"WebdriverRUR2Col0wl"}
COMMAND: GET /session/d06e4a31898e4cf5ae1f0dc562bb1a4d/screenshot - {}
RESULT: {"text":"WebdriverRUR2Col0wl"}
COMMAND: GET /session/d06e4a31898e4cf5ae1f0dc562bb1a4d/screenshot - {}
RESULT: {}
RESULT: {}
COMMAND: POST /session/d06e4a31898e4cf5ae1f0dc562bb1a4d/actions - {"actions":[{"id":"action88","type":"key","parameters":{},"actions":[{"type":"keyDown","value":"î€‡"},{"type":"pause","duration":10},{"type":"keyUp","value":"î€‡"}]}]}
RESULT: {"actions":[{"id":"action88","type":"key","parameters":{},"actions":[{"type":"keyDown","value":"î€‡"},{"type":"pause","duration":10},{"type":"keyUp","value":"î€‡"}]}]}
COMMAND: GET /session/d06e4a31898e4cf5ae1f0dc562bb1a4d/screenshot - {}
RESULT: {}
COMMAND: POST /session/d06e4a31898e4cf5ae1f0dc562bb1a4d/element - {"using":"xpath","value":"//button[@data-kt=\"saveButton\"]"}
RESULT: {"using":"xpath","value":"//button[@data-kt=\"saveButton\"]"}
COMMAND: POST /session/d06e4a31898e4cf5ae1f0dc562bb1a4d/element/f.FF7867651CD8E469CE707B8552024CE8.d.289EC9C6664CC42676D1BE49E56345AC.e.19945/click - {}
RESULT: {}
COMMAND: GET /session/d06e4a31898e4cf5ae1f0dc562bb1a4d/screenshot - {}
RESULT: {}
RESULT: undefined
COMMAND: POST /session/d06e4a31898e4cf5ae1f0dc562bb1a4d/execute/async - {"script":"<script> [6424 bytes]","args":[{"element-6066-11e4-a52e-4f735466cecf":"f.FF7867651CD8E469CE707B8552024CE8.d.289EC9C6664CC42676D1BE49E56345AC.e.19831"},"getText",[]]}
RESULT: {"script":"<script> [6424 bytes]","args":[{"element-6066-11e4-a52e-4f735466cecf":"f.FF7867651CD8E469CE707B8552024CE8.d.289EC9C6664CC42676D1BE49E56345AC.e.19831"},"getText",[]]}
COMMAND: DELETE /session/d06e4a31898e4cf5ae1f0dc562bb1a4d - {}
RESULT: {}
]]></system-out>
    </testcase>
  </testsuite>
</testsuites>