<?xml version="1.0" encoding="UTF-8"?>
<testsuites tests="9" failures="1" errors="1" skipped="0">
  <testsuite timestamp="2025-04-30T18:02:46" time="983.075" tests="9" failures="1" errors="1" skipped="0">
    <properties>
      <property name="specId" value="0" />
      <property name="suiteName" value="Tests for Mass State Change on Manage States &amp; Performances US104416 US" />
      <property name="capabilities" value="chrome.135_0_7049_96.windows" />
      <property name="file" value="file:///D:/a/1/s/test/specs/HTR/create-mass-state-change.spec.js" />
    </properties>
    <testcase classname="chrome.135_0_7049_96.windows.Tests_for_Mass_State_Change_on_Manage_States_&amp;_Performances_US104416_US" name="Prereq Should create a new yard used for all following tests" time="132.375">
      <system-out><![CDATA[
COMMAND: POST /session/930502a83f533f2c805315139db51ab5/window/fullscreen - {}
RESULT: {}
COMMAND: POST /session/930502a83f533f2c805315139db51ab5/execute/async - {"script":"<script> [1562 bytes]","args":[{"selector":{"controlType":"sap.m.GenericTile","properties":{"header":"Manage Yards"}},"wdio_ui5_key":"sapm.GenericTile{\"header\":\"Manage Yards\"}"}]}
RESULT: {"script":"<script> [1562 bytes]","args":[{"selector":{"controlType":"sap.m.GenericTile","properties":{"header":"Manage Yards"}},"wdio_ui5_key":"sapm.GenericTile{\"header\":\"Manage Yards\"}"}]}
RESULT: undefined
COMMAND: POST /session/930502a83f533f2c805315139db51ab5/element - {"using":"xpath","value":"//*[@id=\"__tile41\"]"}
RESULT: {"using":"xpath","value":"//*[@id=\"__tile41\"]"}
COMMAND: POST /session/930502a83f533f2c805315139db51ab5/element/f.180F90221EFB09AB147AA6F209AA2E58.d.CD457F31D81CF061A33594A649E31045.e.165/click - {}
RESULT: {}
COMMAND: POST /session/930502a83f533f2c805315139db51ab5/element - {"using":"xpath","value":"//button[@data-kt=\"addNewYardOverflowToolbarButton\"]"}
COMMAND: GET /session/930502a83f533f2c805315139db51ab5/screenshot - {}
RESULT: {"using":"xpath","value":"//button[@data-kt=\"addNewYardOverflowToolbarButton\"]"}
COMMAND: POST /session/930502a83f533f2c805315139db51ab5/elements - {"using":"xpath","value":"//button[@data-kt=\"addNewYardOverflowToolbarButton\"]"}
RESULT: {}
RESULT: {"using":"xpath","value":"//button[@data-kt=\"addNewYardOverflowToolbarButton\"]"}
COMMAND: POST /session/930502a83f533f2c805315139db51ab5/elements - {"using":"xpath","value":"//button[@data-kt=\"addNewYardOverflowToolbarButton\"]"}
RESULT: {"using":"xpath","value":"//button[@data-kt=\"addNewYardOverflowToolbarButton\"]"}
COMMAND: POST /session/930502a83f533f2c805315139db51ab5/elements - {"using":"xpath","value":"//button[@data-kt=\"addNewYardOverflowToolbarButton\"]"}
RESULT: {"using":"xpath","value":"//button[@data-kt=\"addNewYardOverflowToolbarButton\"]"}
COMMAND: POST /session/930502a83f533f2c805315139db51ab5/elements - {"using":"xpath","value":"//button[@data-kt=\"addNewYardOverflowToolbarButton\"]"}
RESULT: {"using":"xpath","value":"//button[@data-kt=\"addNewYardOverflowToolbarButton\"]"}
COMMAND: POST /session/930502a83f533f2c805315139db51ab5/elements - {"using":"xpath","value":"//button[@data-kt=\"addNewYardOverflowToolbarButton\"]"}
RESULT: {"using":"xpath","value":"//button[@data-kt=\"addNewYardOverflowToolbarButton\"]"}
COMMAND: POST /session/930502a83f533f2c805315139db51ab5/elements - {"using":"xpath","value":"//button[@data-kt=\"addNewYardOverflowToolbarButton\"]"}
RESULT: {"using":"xpath","value":"//button[@data-kt=\"addNewYardOverflowToolbarButton\"]"}
COMMAND: POST /session/930502a83f533f2c805315139db51ab5/elements - {"using":"xpath","value":"//button[@data-kt=\"addNewYardOverflowToolbarButton\"]"}
RESULT: {"using":"xpath","value":"//button[@data-kt=\"addNewYardOverflowToolbarButton\"]"}
COMMAND: POST /session/930502a83f533f2c805315139db51ab5/elements - {"using":"xpath","value":"//button[@data-kt=\"addNewYardOverflowToolbarButton\"]"}
RESULT: {"using":"xpath","value":"//button[@data-kt=\"addNewYardOverflowToolbarButton\"]"}
COMMAND: POST /session/930502a83f533f2c805315139db51ab5/elements - {"using":"xpath","value":"//button[@data-kt=\"addNewYardOverflowToolbarButton\"]"}
RESULT: {"using":"xpath","value":"//button[@data-kt=\"addNewYardOverflowToolbarButton\"]"}
COMMAND: POST /session/930502a83f533f2c805315139db51ab5/elements - {"using":"xpath","value":"//button[@data-kt=\"addNewYardOverflowToolbarButton\"]"}
RESULT: {"using":"xpath","value":"//button[@data-kt=\"addNewYardOverflowToolbarButton\"]"}
COMMAND: POST /session/930502a83f533f2c805315139db51ab5/elements - {"using":"xpath","value":"//button[@data-kt=\"addNewYardOverflowToolbarButton\"]"}
RESULT: {"using":"xpath","value":"//button[@data-kt=\"addNewYardOverflowToolbarButton\"]"}
COMMAND: POST /session/930502a83f533f2c805315139db51ab5/elements - {"using":"xpath","value":"//button[@data-kt=\"addNewYardOverflowToolbarButton\"]"}
RESULT: {"using":"xpath","value":"//button[@data-kt=\"addNewYardOverflowToolbarButton\"]"}
COMMAND: POST /session/930502a83f533f2c805315139db51ab5/elements - {"using":"xpath","value":"//button[@data-kt=\"addNewYardOverflowToolbarButton\"]"}
RESULT: {"using":"xpath","value":"//button[@data-kt=\"addNewYardOverflowToolbarButton\"]"}
COMMAND: POST /session/930502a83f533f2c805315139db51ab5/elements - {"using":"xpath","value":"//button[@data-kt=\"addNewYardOverflowToolbarButton\"]"}
RESULT: {"using":"xpath","value":"//button[@data-kt=\"addNewYardOverflowToolbarButton\"]"}
COMMAND: POST /session/930502a83f533f2c805315139db51ab5/elements - {"using":"xpath","value":"//button[@data-kt=\"addNewYardOverflowToolbarButton\"]"}
RESULT: {"using":"xpath","value":"//button[@data-kt=\"addNewYardOverflowToolbarButton\"]"}
COMMAND: POST /session/930502a83f533f2c805315139db51ab5/elements - {"using":"xpath","value":"//button[@data-kt=\"addNewYardOverflowToolbarButton\"]"}
RESULT: {"using":"xpath","value":"//button[@data-kt=\"addNewYardOverflowToolbarButton\"]"}
COMMAND: POST /session/930502a83f533f2c805315139db51ab5/elements - {"using":"xpath","value":"//button[@data-kt=\"addNewYardOverflowToolbarButton\"]"}
RESULT: {"using":"xpath","value":"//button[@data-kt=\"addNewYardOverflowToolbarButton\"]"}
COMMAND: POST /session/930502a83f533f2c805315139db51ab5/elements - {"using":"xpath","value":"//button[@data-kt=\"addNewYardOverflowToolbarButton\"]"}
RESULT: {"using":"xpath","value":"//button[@data-kt=\"addNewYardOverflowToolbarButton\"]"}
COMMAND: POST /session/930502a83f533f2c805315139db51ab5/elements - {"using":"xpath","value":"//button[@data-kt=\"addNewYardOverflowToolbarButton\"]"}
RESULT: {"using":"xpath","value":"//button[@data-kt=\"addNewYardOverflowToolbarButton\"]"}
COMMAND: POST /session/930502a83f533f2c805315139db51ab5/elements - {"using":"xpath","value":"//button[@data-kt=\"addNewYardOverflowToolbarButton\"]"}
RESULT: {"using":"xpath","value":"//button[@data-kt=\"addNewYardOverflowToolbarButton\"]"}
COMMAND: POST /session/930502a83f533f2c805315139db51ab5/elements - {"using":"xpath","value":"//button[@data-kt=\"addNewYardOverflowToolbarButton\"]"}
RESULT: {"using":"xpath","value":"//button[@data-kt=\"addNewYardOverflowToolbarButton\"]"}
COMMAND: POST /session/930502a83f533f2c805315139db51ab5/elements - {"using":"xpath","value":"//button[@data-kt=\"addNewYardOverflowToolbarButton\"]"}
RESULT: {"using":"xpath","value":"//button[@data-kt=\"addNewYardOverflowToolbarButton\"]"}
COMMAND: POST /session/930502a83f533f2c805315139db51ab5/elements - {"using":"xpath","value":"//button[@data-kt=\"addNewYardOverflowToolbarButton\"]"}
RESULT: {"using":"xpath","value":"//button[@data-kt=\"addNewYardOverflowToolbarButton\"]"}
COMMAND: POST /session/930502a83f533f2c805315139db51ab5/elements - {"using":"xpath","value":"//button[@data-kt=\"addNewYardOverflowToolbarButton\"]"}
RESULT: {"using":"xpath","value":"//button[@data-kt=\"addNewYardOverflowToolbarButton\"]"}
COMMAND: POST /session/930502a83f533f2c805315139db51ab5/elements - {"using":"xpath","value":"//button[@data-kt=\"addNewYardOverflowToolbarButton\"]"}
RESULT: {"using":"xpath","value":"//button[@data-kt=\"addNewYardOverflowToolbarButton\"]"}
COMMAND: POST /session/930502a83f533f2c805315139db51ab5/elements - {"using":"xpath","value":"//button[@data-kt=\"addNewYardOverflowToolbarButton\"]"}
RESULT: {"using":"xpath","value":"//button[@data-kt=\"addNewYardOverflowToolbarButton\"]"}
COMMAND: POST /session/930502a83f533f2c805315139db51ab5/elements - {"using":"xpath","value":"//button[@data-kt=\"addNewYardOverflowToolbarButton\"]"}
RESULT: {"using":"xpath","value":"//button[@data-kt=\"addNewYardOverflowToolbarButton\"]"}
COMMAND: POST /session/930502a83f533f2c805315139db51ab5/elements - {"using":"xpath","value":"//button[@data-kt=\"addNewYardOverflowToolbarButton\"]"}
RESULT: {"using":"xpath","value":"//button[@data-kt=\"addNewYardOverflowToolbarButton\"]"}
COMMAND: POST /session/930502a83f533f2c805315139db51ab5/elements - {"using":"xpath","value":"//button[@data-kt=\"addNewYardOverflowToolbarButton\"]"}
RESULT: {"using":"xpath","value":"//button[@data-kt=\"addNewYardOverflowToolbarButton\"]"}
COMMAND: POST /session/930502a83f533f2c805315139db51ab5/elements - {"using":"xpath","value":"//button[@data-kt=\"addNewYardOverflowToolbarButton\"]"}
RESULT: {"using":"xpath","value":"//button[@data-kt=\"addNewYardOverflowToolbarButton\"]"}
COMMAND: POST /session/930502a83f533f2c805315139db51ab5/elements - {"using":"xpath","value":"//button[@data-kt=\"addNewYardOverflowToolbarButton\"]"}
RESULT: {"using":"xpath","value":"//button[@data-kt=\"addNewYardOverflowToolbarButton\"]"}
COMMAND: POST /session/930502a83f533f2c805315139db51ab5/elements - {"using":"xpath","value":"//button[@data-kt=\"addNewYardOverflowToolbarButton\"]"}
RESULT: {"using":"xpath","value":"//button[@data-kt=\"addNewYardOverflowToolbarButton\"]"}
COMMAND: POST /session/930502a83f533f2c805315139db51ab5/elements - {"using":"xpath","value":"//button[@data-kt=\"addNewYardOverflowToolbarButton\"]"}
RESULT: {"using":"xpath","value":"//button[@data-kt=\"addNewYardOverflowToolbarButton\"]"}
COMMAND: POST /session/930502a83f533f2c805315139db51ab5/elements - {"using":"xpath","value":"//button[@data-kt=\"addNewYardOverflowToolbarButton\"]"}
RESULT: {"using":"xpath","value":"//button[@data-kt=\"addNewYardOverflowToolbarButton\"]"}
COMMAND: POST /session/930502a83f533f2c805315139db51ab5/elements - {"using":"xpath","value":"//button[@data-kt=\"addNewYardOverflowToolbarButton\"]"}
RESULT: {"using":"xpath","value":"//button[@data-kt=\"addNewYardOverflowToolbarButton\"]"}
COMMAND: POST /session/930502a83f533f2c805315139db51ab5/elements - {"using":"xpath","value":"//button[@data-kt=\"addNewYardOverflowToolbarButton\"]"}
RESULT: {"using":"xpath","value":"//button[@data-kt=\"addNewYardOverflowToolbarButton\"]"}
COMMAND: POST /session/930502a83f533f2c805315139db51ab5/elements - {"using":"xpath","value":"//button[@data-kt=\"addNewYardOverflowToolbarButton\"]"}
RESULT: {"using":"xpath","value":"//button[@data-kt=\"addNewYardOverflowToolbarButton\"]"}
COMMAND: POST /session/930502a83f533f2c805315139db51ab5/elements - {"using":"xpath","value":"//button[@data-kt=\"addNewYardOverflowToolbarButton\"]"}
RESULT: {"using":"xpath","value":"//button[@data-kt=\"addNewYardOverflowToolbarButton\"]"}
COMMAND: POST /session/930502a83f533f2c805315139db51ab5/elements - {"using":"xpath","value":"//button[@data-kt=\"addNewYardOverflowToolbarButton\"]"}
RESULT: {"using":"xpath","value":"//button[@data-kt=\"addNewYardOverflowToolbarButton\"]"}
COMMAND: POST /session/930502a83f533f2c805315139db51ab5/elements - {"using":"xpath","value":"//button[@data-kt=\"addNewYardOverflowToolbarButton\"]"}
RESULT: {"using":"xpath","value":"//button[@data-kt=\"addNewYardOverflowToolbarButton\"]"}
COMMAND: POST /session/930502a83f533f2c805315139db51ab5/elements - {"using":"xpath","value":"//button[@data-kt=\"addNewYardOverflowToolbarButton\"]"}
RESULT: {"using":"xpath","value":"//button[@data-kt=\"addNewYardOverflowToolbarButton\"]"}
COMMAND: POST /session/930502a83f533f2c805315139db51ab5/elements - {"using":"xpath","value":"//button[@data-kt=\"addNewYardOverflowToolbarButton\"]"}
RESULT: {"using":"xpath","value":"//button[@data-kt=\"addNewYardOverflowToolbarButton\"]"}
COMMAND: POST /session/930502a83f533f2c805315139db51ab5/elements - {"using":"xpath","value":"//button[@data-kt=\"addNewYardOverflowToolbarButton\"]"}
RESULT: {"using":"xpath","value":"//button[@data-kt=\"addNewYardOverflowToolbarButton\"]"}
COMMAND: POST /session/930502a83f533f2c805315139db51ab5/elements - {"using":"xpath","value":"//button[@data-kt=\"addNewYardOverflowToolbarButton\"]"}
RESULT: {"using":"xpath","value":"//button[@data-kt=\"addNewYardOverflowToolbarButton\"]"}
COMMAND: POST /session/930502a83f533f2c805315139db51ab5/elements - {"using":"xpath","value":"//button[@data-kt=\"addNewYardOverflowToolbarButton\"]"}
RESULT: {"using":"xpath","value":"//button[@data-kt=\"addNewYardOverflowToolbarButton\"]"}
COMMAND: POST /session/930502a83f533f2c805315139db51ab5/elements - {"using":"xpath","value":"//button[@data-kt=\"addNewYardOverflowToolbarButton\"]"}
RESULT: {"using":"xpath","value":"//button[@data-kt=\"addNewYardOverflowToolbarButton\"]"}
COMMAND: POST /session/930502a83f533f2c805315139db51ab5/elements - {"using":"xpath","value":"//button[@data-kt=\"addNewYardOverflowToolbarButton\"]"}
RESULT: {"using":"xpath","value":"//button[@data-kt=\"addNewYardOverflowToolbarButton\"]"}
COMMAND: POST /session/930502a83f533f2c805315139db51ab5/elements - {"using":"xpath","value":"//button[@data-kt=\"addNewYardOverflowToolbarButton\"]"}
RESULT: {"using":"xpath","value":"//button[@data-kt=\"addNewYardOverflowToolbarButton\"]"}
COMMAND: POST /session/930502a83f533f2c805315139db51ab5/elements - {"using":"xpath","value":"//button[@data-kt=\"addNewYardOverflowToolbarButton\"]"}
RESULT: {"using":"xpath","value":"//button[@data-kt=\"addNewYardOverflowToolbarButton\"]"}
COMMAND: POST /session/930502a83f533f2c805315139db51ab5/elements - {"using":"xpath","value":"//button[@data-kt=\"addNewYardOverflowToolbarButton\"]"}
RESULT: {"using":"xpath","value":"//button[@data-kt=\"addNewYardOverflowToolbarButton\"]"}
COMMAND: POST /session/930502a83f533f2c805315139db51ab5/elements - {"using":"xpath","value":"//button[@data-kt=\"addNewYardOverflowToolbarButton\"]"}
RESULT: {"using":"xpath","value":"//button[@data-kt=\"addNewYardOverflowToolbarButton\"]"}
COMMAND: POST /session/930502a83f533f2c805315139db51ab5/elements - {"using":"xpath","value":"//button[@data-kt=\"addNewYardOverflowToolbarButton\"]"}
RESULT: {"using":"xpath","value":"//button[@data-kt=\"addNewYardOverflowToolbarButton\"]"}
COMMAND: POST /session/930502a83f533f2c805315139db51ab5/elements - {"using":"xpath","value":"//button[@data-kt=\"addNewYardOverflowToolbarButton\"]"}
RESULT: {"using":"xpath","value":"//button[@data-kt=\"addNewYardOverflowToolbarButton\"]"}
COMMAND: POST /session/930502a83f533f2c805315139db51ab5/elements - {"using":"xpath","value":"//button[@data-kt=\"addNewYardOverflowToolbarButton\"]"}
RESULT: {"using":"xpath","value":"//button[@data-kt=\"addNewYardOverflowToolbarButton\"]"}
COMMAND: POST /session/930502a83f533f2c805315139db51ab5/element - {"using":"xpath","value":"//button[@data-kt=\"addNewYardOverflowToolbarButton\"]"}
RESULT: {"using":"xpath","value":"//button[@data-kt=\"addNewYardOverflowToolbarButton\"]"}
COMMAND: POST /session/930502a83f533f2c805315139db51ab5/execute/sync - {"script":"<script> [8489 bytes]","args":[{"element-6066-11e4-a52e-4f735466cecf":"f.180F90221EFB09AB147AA6F209AA2E58.d.CD457F31D81CF061A33594A649E31045.e.301","ELEMENT":"f.180F90221EFB09AB147AA6F209AA2E58.d.CD457F31D81CF061A33594A649E31045.e.301"}]}
RESULT: {"script":"<script> [8489 bytes]","args":[{"element-6066-11e4-a52e-4f735466cecf":"f.180F90221EFB09AB147AA6F209AA2E58.d.CD457F31D81CF061A33594A649E31045.e.301","ELEMENT":"f.180F90221EFB09AB147AA6F209AA2E58.d.CD457F31D81CF061A33594A649E31045.e.301"}]}
COMMAND: GET /session/930502a83f533f2c805315139db51ab5/element/f.180F90221EFB09AB147AA6F209AA2E58.d.CD457F31D81CF061A33594A649E31045.e.301/enabled - {}
COMMAND: GET /session/930502a83f533f2c805315139db51ab5/screenshot - {}
RESULT: {}
COMMAND: POST /session/930502a83f533f2c805315139db51ab5/execute/sync - {"script":"<script> [8489 bytes]","args":[{"element-6066-11e4-a52e-4f735466cecf":"f.180F90221EFB09AB147AA6F209AA2E58.d.CD457F31D81CF061A33594A649E31045.e.301","ELEMENT":"f.180F90221EFB09AB147AA6F209AA2E58.d.CD457F31D81CF061A33594A649E31045.e.301"}]}
COMMAND: GET /session/930502a83f533f2c805315139db51ab5/screenshot - {}
RESULT: {}
RESULT: {"script":"<script> [8489 bytes]","args":[{"element-6066-11e4-a52e-4f735466cecf":"f.180F90221EFB09AB147AA6F209AA2E58.d.CD457F31D81CF061A33594A649E31045.e.301","ELEMENT":"f.180F90221EFB09AB147AA6F209AA2E58.d.CD457F31D81CF061A33594A649E31045.e.301"}]}
COMMAND: POST /session/930502a83f533f2c805315139db51ab5/execute/sync - {"script":"<script> [5351 bytes]","args":[{"element-6066-11e4-a52e-4f735466cecf":"f.180F90221EFB09AB147AA6F209AA2E58.d.CD457F31D81CF061A33594A649E31045.e.301","ELEMENT":"f.180F90221EFB09AB147AA6F209AA2E58.d.CD457F31D81CF061A33594A649E31045.e.301"}]}
COMMAND: GET /session/930502a83f533f2c805315139db51ab5/screenshot - {}
RESULT: {}
RESULT: {"script":"<script> [5351 bytes]","args":[{"element-6066-11e4-a52e-4f735466cecf":"f.180F90221EFB09AB147AA6F209AA2E58.d.CD457F31D81CF061A33594A649E31045.e.301","ELEMENT":"f.180F90221EFB09AB147AA6F209AA2E58.d.CD457F31D81CF061A33594A649E31045.e.301"}]}
COMMAND: POST /session/930502a83f533f2c805315139db51ab5/element/f.180F90221EFB09AB147AA6F209AA2E58.d.CD457F31D81CF061A33594A649E31045.e.301/click - {}
COMMAND: GET /session/930502a83f533f2c805315139db51ab5/screenshot - {}
RESULT: {}
RESULT: {}
COMMAND: GET /session/930502a83f533f2c805315139db51ab5/screenshot - {}
COMMAND: POST /session/930502a83f533f2c805315139db51ab5/element - {"using":"xpath","value":"//input[@id=\"application-manageyards-display-component---NewYard--yardId-inner\"]"}
RESULT: {}
RESULT: {}
RESULT: {"using":"xpath","value":"//input[@id=\"application-manageyards-display-component---NewYard--yardId-inner\"]"}
COMMAND: POST /session/930502a83f533f2c805315139db51ab5/element - {"using":"xpath","value":"//input[@id=\"application-manageyards-display-component---NewYard--yardId-inner\"]"}
RESULT: {"using":"xpath","value":"//input[@id=\"application-manageyards-display-component---NewYard--yardId-inner\"]"}
COMMAND: POST /session/930502a83f533f2c805315139db51ab5/execute/async - {"script":"<script> [1562 bytes]","args":[{"selector":{"id":"application-manageyards-display-component---NewYard--addressDetailDetailsName1","interaction":{"idSuffix":"inner"}},"wdio_ui5_key":"applicationmanageyards-display-component---NewYard--addressDetailDetailsName1"}]}
RESULT: {"script":"<script> [1562 bytes]","args":[{"selector":{"id":"application-manageyards-display-component---NewYard--addressDetailDetailsName1","interaction":{"idSuffix":"inner"}},"wdio_ui5_key":"applicationmanageyards-display-component---NewYard--addressDetailDetailsName1"}]}
RESULT: undefined
COMMAND: POST /session/930502a83f533f2c805315139db51ab5/execute/async - {"script":"<script> [776 bytes]","args":[{"enterText":"Other Yard WDIO","selector":{"id":"application-manageyards-display-component---NewYard--addressDetailDetailsName1","interaction":{"idSuffix":"inner"}},"clearTextFirst":true,"interactionType":"ENTER_TEXT"}]}
RESULT: {"script":"<script> [776 bytes]","args":[{"enterText":"Other Yard WDIO","selector":{"id":"application-manageyards-display-component---NewYard--addressDetailDetailsName1","interaction":{"idSuffix":"inner"}},"clearTextFirst":true,"interactionType":"ENTER_TEXT"}]}
COMMAND: POST /session/930502a83f533f2c805315139db51ab5/execute/async - {"script":"<script> [1562 bytes]","args":[{"selector":{"id":"application-manageyards-display-component---NewYard--addressDetailDetailsLanguage-arrow"},"wdio_ui5_key":"applicationmanageyards-display-component---NewYard--addressDetailDetailsLanguage-arrow"}]}
RESULT: {"script":"<script> [1562 bytes]","args":[{"selector":{"id":"application-manageyards-display-component---NewYard--addressDetailDetailsLanguage-arrow"},"wdio_ui5_key":"applicationmanageyards-display-component---NewYard--addressDetailDetailsLanguage-arrow"}]}
RESULT: undefined
COMMAND: POST /session/930502a83f533f2c805315139db51ab5/element - {"using":"xpath","value":"//*[@id=\"application-manageyards-display-component---NewYard--addressDetailDetailsLanguage-arrow\"]"}
RESULT: {"using":"xpath","value":"//*[@id=\"application-manageyards-display-component---NewYard--addressDetailDetailsLanguage-arrow\"]"}
COMMAND: POST /session/930502a83f533f2c805315139db51ab5/element/f.180F90221EFB09AB147AA6F209AA2E58.d.CD457F31D81CF061A33594A649E31045.e.729/click - {}
RESULT: {}
COMMAND: POST /session/930502a83f533f2c805315139db51ab5/element - {"using":"xpath","value":"//span[contains(text(), \"English\")]"}
COMMAND: GET /session/930502a83f533f2c805315139db51ab5/screenshot - {}
RESULT: {"using":"xpath","value":"//span[contains(text(), \"English\")]"}
COMMAND: POST /session/930502a83f533f2c805315139db51ab5/element/f.180F90221EFB09AB147AA6F209AA2E58.d.CD457F31D81CF061A33594A649E31045.e.730/click - {}
RESULT: {}
RESULT: {}
COMMAND: POST /session/930502a83f533f2c805315139db51ab5/execute/async - {"script":"<script> [1562 bytes]","args":[{"selector":{"id":"application-manageyards-display-component---NewYard--addressDetailDetailsCity1","interaction":{"idSuffix":"inner"}},"wdio_ui5_key":"applicationmanageyards-display-component---NewYard--addressDetailDetailsCity1"}]}
COMMAND: GET /session/930502a83f533f2c805315139db51ab5/screenshot - {}
RESULT: {"script":"<script> [1562 bytes]","args":[{"selector":{"id":"application-manageyards-display-component---NewYard--addressDetailDetailsCity1","interaction":{"idSuffix":"inner"}},"wdio_ui5_key":"applicationmanageyards-display-component---NewYard--addressDetailDetailsCity1"}]}
RESULT: undefined
COMMAND: POST /session/930502a83f533f2c805315139db51ab5/execute/async - {"script":"<script> [776 bytes]","args":[{"enterText":"Rosario","selector":{"id":"application-manageyards-display-component---NewYard--addressDetailDetailsCity1","interaction":{"idSuffix":"inner"}},"clearTextFirst":true,"interactionType":"ENTER_TEXT"}]}
RESULT: {}
RESULT: {"script":"<script> [776 bytes]","args":[{"enterText":"Rosario","selector":{"id":"application-manageyards-display-component---NewYard--addressDetailDetailsCity1","interaction":{"idSuffix":"inner"}},"clearTextFirst":true,"interactionType":"ENTER_TEXT"}]}
COMMAND: POST /session/930502a83f533f2c805315139db51ab5/execute/async - {"script":"<script> [1562 bytes]","args":[{"selector":{"id":"application-manageyards-display-component---NewYard--addressDetailDetailsCountry-arrow"},"wdio_ui5_key":"applicationmanageyards-display-component---NewYard--addressDetailDetailsCountry-arrow"}]}
RESULT: {"script":"<script> [1562 bytes]","args":[{"selector":{"id":"application-manageyards-display-component---NewYard--addressDetailDetailsCountry-arrow"},"wdio_ui5_key":"applicationmanageyards-display-component---NewYard--addressDetailDetailsCountry-arrow"}]}
RESULT: undefined
COMMAND: POST /session/930502a83f533f2c805315139db51ab5/element - {"using":"xpath","value":"//*[@id=\"application-manageyards-display-component---NewYard--addressDetailDetailsCountry-arrow\"]"}
RESULT: {"using":"xpath","value":"//*[@id=\"application-manageyards-display-component---NewYard--addressDetailDetailsCountry-arrow\"]"}
COMMAND: POST /session/930502a83f533f2c805315139db51ab5/element/f.180F90221EFB09AB147AA6F209AA2E58.d.CD457F31D81CF061A33594A649E31045.e.732/click - {}
RESULT: {}
COMMAND: POST /session/930502a83f533f2c805315139db51ab5/element - {"using":"xpath","value":"//span[contains(text(), \"Argentina\")]"}
COMMAND: GET /session/930502a83f533f2c805315139db51ab5/screenshot - {}
RESULT: {"using":"xpath","value":"//span[contains(text(), \"Argentina\")]"}
COMMAND: POST /session/930502a83f533f2c805315139db51ab5/element/f.180F90221EFB09AB147AA6F209AA2E58.d.CD457F31D81CF061A33594A649E31045.e.733/click - {}
RESULT: {}
RESULT: {}
COMMAND: POST /session/930502a83f533f2c805315139db51ab5/execute/async - {"script":"<script> [1562 bytes]","args":[{"selector":{"id":"application-manageyards-display-component---NewYard--addressEditDetailsCostObjectCstType-arrow"},"wdio_ui5_key":"applicationmanageyards-display-component---NewYard--addressEditDetailsCostObjectCstType-arrow"}]}
COMMAND: GET /session/930502a83f533f2c805315139db51ab5/screenshot - {}
RESULT: {"script":"<script> [1562 bytes]","args":[{"selector":{"id":"application-manageyards-display-component---NewYard--addressEditDetailsCostObjectCstType-arrow"},"wdio_ui5_key":"applicationmanageyards-display-component---NewYard--addressEditDetailsCostObjectCstType-arrow"}]}
RESULT: undefined
COMMAND: POST /session/930502a83f533f2c805315139db51ab5/element - {"using":"xpath","value":"//*[@id=\"application-manageyards-display-component---NewYard--addressEditDetailsCostObjectCstType-arrow\"]"}
RESULT: {}
RESULT: {"using":"xpath","value":"//*[@id=\"application-manageyards-display-component---NewYard--addressEditDetailsCostObjectCstType-arrow\"]"}
COMMAND: POST /session/930502a83f533f2c805315139db51ab5/element/f.180F90221EFB09AB147AA6F209AA2E58.d.CD457F31D81CF061A33594A649E31045.e.735/click - {}
RESULT: {}
COMMAND: POST /session/930502a83f533f2c805315139db51ab5/element - {"using":"xpath","value":"//span[contains(text(), \"Cost Center\")]"}
COMMAND: GET /session/930502a83f533f2c805315139db51ab5/screenshot - {}
RESULT: {"using":"xpath","value":"//span[contains(text(), \"Cost Center\")]"}
COMMAND: POST /session/930502a83f533f2c805315139db51ab5/element/f.180F90221EFB09AB147AA6F209AA2E58.d.CD457F31D81CF061A33594A649E31045.e.736/click - {}
RESULT: {}
RESULT: {}
COMMAND: GET /session/930502a83f533f2c805315139db51ab5/screenshot - {}
RESULT: {}
COMMAND: POST /session/930502a83f533f2c805315139db51ab5/element - {"using":"xpath","value":"//span[@id=\"application-manageyards-display-component---NewYard--addressNewCostObjectCstID-vhi\"]"}
RESULT: {"using":"xpath","value":"//span[@id=\"application-manageyards-display-component---NewYard--addressNewCostObjectCstID-vhi\"]"}
COMMAND: POST /session/930502a83f533f2c805315139db51ab5/execute/sync - {"script":"<script> [8489 bytes]","args":[{"element-6066-11e4-a52e-4f735466cecf":"f.180F90221EFB09AB147AA6F209AA2E58.d.CD457F31D81CF061A33594A649E31045.e.740","ELEMENT":"f.180F90221EFB09AB147AA6F209AA2E58.d.CD457F31D81CF061A33594A649E31045.e.740"}]}
RESULT: {"script":"<script> [8489 bytes]","args":[{"element-6066-11e4-a52e-4f735466cecf":"f.180F90221EFB09AB147AA6F209AA2E58.d.CD457F31D81CF061A33594A649E31045.e.740","ELEMENT":"f.180F90221EFB09AB147AA6F209AA2E58.d.CD457F31D81CF061A33594A649E31045.e.740"}]}
COMMAND: POST /session/930502a83f533f2c805315139db51ab5/execute/async - {"script":"<script> [1562 bytes]","args":[{"selector":{"id":"application-manageyards-display-component---NewYard--addressNewCostObjectCstID-vhi"},"wdio_ui5_key":"applicationmanageyards-display-component---NewYard--addressNewCostObjectCstID-vhi"}]}
COMMAND: GET /session/930502a83f533f2c805315139db51ab5/screenshot - {}
RESULT: {"script":"<script> [1562 bytes]","args":[{"selector":{"id":"application-manageyards-display-component---NewYard--addressNewCostObjectCstID-vhi"},"wdio_ui5_key":"applicationmanageyards-display-component---NewYard--addressNewCostObjectCstID-vhi"}]}
RESULT: undefined
COMMAND: POST /session/930502a83f533f2c805315139db51ab5/element - {"using":"xpath","value":"//*[@id=\"application-manageyards-display-component---NewYard--addressNewCostObjectCstID-vhi\"]"}
RESULT: {}
RESULT: {"using":"xpath","value":"//*[@id=\"application-manageyards-display-component---NewYard--addressNewCostObjectCstID-vhi\"]"}
COMMAND: POST /session/930502a83f533f2c805315139db51ab5/element/f.180F90221EFB09AB147AA6F209AA2E58.d.CD457F31D81CF061A33594A649E31045.e.740/click - {}
RESULT: {}
COMMAND: GET /session/930502a83f533f2c805315139db51ab5/screenshot - {}
RESULT: {}
COMMAND: POST /session/930502a83f533f2c805315139db51ab5/execute/async - {"script":"<script> [1562 bytes]","args":[{"selector":{"controlType":"sap.m.SearchField","properties":{"placeholder":"Search"},"searchOpenDialogs":true,"interaction":{"idSuffix":"I"}},"wdio_ui5_key":"sapm.SearchField{\"placeholder\":\"Search\"}"}]}
RESULT: {"script":"<script> [1562 bytes]","args":[{"selector":{"controlType":"sap.m.SearchField","properties":{"placeholder":"Search"},"searchOpenDialogs":true,"interaction":{"idSuffix":"I"}},"wdio_ui5_key":"sapm.SearchField{\"placeholder\":\"Search\"}"}]}
RESULT: undefined
COMMAND: POST /session/930502a83f533f2c805315139db51ab5/execute/async - {"script":"<script> [776 bytes]","args":[{"enterText":"10001013","selector":{"controlType":"sap.m.SearchField","properties":{"placeholder":"Search"},"searchOpenDialogs":true,"interaction":{"idSuffix":"I"}},"clearTextFirst":true,"interactionType":"ENTER_TEXT"}]}
RESULT: {"script":"<script> [776 bytes]","args":[{"enterText":"10001013","selector":{"controlType":"sap.m.SearchField","properties":{"placeholder":"Search"},"searchOpenDialogs":true,"interaction":{"idSuffix":"I"}},"clearTextFirst":true,"interactionType":"ENTER_TEXT"}]}
COMMAND: POST /session/930502a83f533f2c805315139db51ab5/actions - {"actions":[{"id":"action1","type":"key","parameters":{},"actions":[{"type":"keyDown","value":"î€‡"},{"type":"pause","duration":10},{"type":"keyUp","value":"î€‡"}]}]}
RESULT: {"actions":[{"id":"action1","type":"key","parameters":{},"actions":[{"type":"keyDown","value":"î€‡"},{"type":"pause","duration":10},{"type":"keyUp","value":"î€‡"}]}]}
COMMAND: GET /session/930502a83f533f2c805315139db51ab5/screenshot - {}
RESULT: {}
COMMAND: POST /session/930502a83f533f2c805315139db51ab5/element - {"using":"xpath","value":"//span[contains(text(), \"General Management\")]"}
RESULT: {"using":"xpath","value":"//span[contains(text(), \"General Management\")]"}
COMMAND: POST /session/930502a83f533f2c805315139db51ab5/element/f.180F90221EFB09AB147AA6F209AA2E58.d.CD457F31D81CF061A33594A649E31045.e.782/click - {}
RESULT: {}
COMMAND: GET /session/930502a83f533f2c805315139db51ab5/screenshot - {}
RESULT: {}
COMMAND: POST /session/930502a83f533f2c805315139db51ab5/element - {"using":"xpath","value":"//bdi[contains(text(), \"OK\")]"}
RESULT: {"using":"xpath","value":"//bdi[contains(text(), \"OK\")]"}
COMMAND: POST /session/930502a83f533f2c805315139db51ab5/element/f.180F90221EFB09AB147AA6F209AA2E58.d.CD457F31D81CF061A33594A649E31045.e.783/click - {}
RESULT: {}
COMMAND: GET /session/930502a83f533f2c805315139db51ab5/screenshot - {}
RESULT: {}
COMMAND: POST /session/930502a83f533f2c805315139db51ab5/execute/async - {"script":"<script> [1562 bytes]","args":[{"selector":{"id":"application-manageyards-display-component---NewYard--addressEditDetailsCurrency-arrow"},"wdio_ui5_key":"applicationmanageyards-display-component---NewYard--addressEditDetailsCurrency-arrow"}]}
RESULT: {"script":"<script> [1562 bytes]","args":[{"selector":{"id":"application-manageyards-display-component---NewYard--addressEditDetailsCurrency-arrow"},"wdio_ui5_key":"applicationmanageyards-display-component---NewYard--addressEditDetailsCurrency-arrow"}]}
RESULT: undefined
COMMAND: POST /session/930502a83f533f2c805315139db51ab5/element - {"using":"xpath","value":"//*[@id=\"application-manageyards-display-component---NewYard--addressEditDetailsCurrency-arrow\"]"}
RESULT: {"using":"xpath","value":"//*[@id=\"application-manageyards-display-component---NewYard--addressEditDetailsCurrency-arrow\"]"}
COMMAND: POST /session/930502a83f533f2c805315139db51ab5/element/f.180F90221EFB09AB147AA6F209AA2E58.d.CD457F31D81CF061A33594A649E31045.e.786/click - {}
RESULT: {}
COMMAND: POST /session/930502a83f533f2c805315139db51ab5/element - {"using":"xpath","value":"//span[contains(text(), \"Euro\")]"}
COMMAND: GET /session/930502a83f533f2c805315139db51ab5/screenshot - {}
RESULT: {"using":"xpath","value":"//span[contains(text(), \"Euro\")]"}
COMMAND: POST /session/930502a83f533f2c805315139db51ab5/element/f.180F90221EFB09AB147AA6F209AA2E58.d.CD457F31D81CF061A33594A649E31045.e.787/click - {}
RESULT: {}
RESULT: {}
COMMAND: POST /session/930502a83f533f2c805315139db51ab5/execute/async - {"script":"<script> [1562 bytes]","args":[{"selector":{"controlType":"sap.m.Input","viewName":"etm.portal.ui.manageyards.view.New","viewId":"application-manageyards-display-component---NewYard","bindingPath":{"path":"","propertyPath":"/CONTROLLING_AREA","modelName":"NewYardModel"},"interaction":{"idSuffix":"inner"}},"wdio_ui5_key":"etmportal.ui.manageyards.view.Newsap.m.Input{\"path\":\"\",\"propertyPath\":\"/CONTROLLING_AREA\",\"modelName\":\"NewYardModel\"}"}]}
COMMAND: GET /session/930502a83f533f2c805315139db51ab5/screenshot - {}
RESULT: {"script":"<script> [1562 bytes]","args":[{"selector":{"controlType":"sap.m.Input","viewName":"etm.portal.ui.manageyards.view.New","viewId":"application-manageyards-display-component---NewYard","bindingPath":{"path":"","propertyPath":"/CONTROLLING_AREA","modelName":"NewYardModel"},"interaction":{"idSuffix":"inner"}},"wdio_ui5_key":"etmportal.ui.manageyards.view.Newsap.m.Input{\"path\":\"\",\"propertyPath\":\"/CONTROLLING_AREA\",\"modelName\":\"NewYardModel\"}"}]}
RESULT: undefined
COMMAND: POST /session/930502a83f533f2c805315139db51ab5/execute/async - {"script":"<script> [776 bytes]","args":[{"enterText":"Z001","selector":{"controlType":"sap.m.Input","viewName":"etm.portal.ui.manageyards.view.New","viewId":"application-manageyards-display-component---NewYard","bindingPath":{"path":"","propertyPath":"/CONTROLLING_AREA","modelName":"NewYardModel"},"interaction":{"idSuffix":"inner"}},"clearTextFirst":true,"interactionType":"ENTER_TEXT"}]}
RESULT: {}
RESULT: {"script":"<script> [776 bytes]","args":[{"enterText":"Z001","selector":{"controlType":"sap.m.Input","viewName":"etm.portal.ui.manageyards.view.New","viewId":"application-manageyards-display-component---NewYard","bindingPath":{"path":"","propertyPath":"/CONTROLLING_AREA","modelName":"NewYardModel"},"interaction":{"idSuffix":"inner"}},"clearTextFirst":true,"interactionType":"ENTER_TEXT"}]}
COMMAND: POST /session/930502a83f533f2c805315139db51ab5/execute/async - {"script":"<script> [1562 bytes]","args":[{"selector":{"id":"application-manageyards-display-component---NewYard--companyCodeComboBox","interaction":{"idSuffix":"inner"}},"wdio_ui5_key":"applicationmanageyards-display-component---NewYard--companyCodeComboBox"}]}
RESULT: {"script":"<script> [1562 bytes]","args":[{"selector":{"id":"application-manageyards-display-component---NewYard--companyCodeComboBox","interaction":{"idSuffix":"inner"}},"wdio_ui5_key":"applicationmanageyards-display-component---NewYard--companyCodeComboBox"}]}
RESULT: undefined
COMMAND: POST /session/930502a83f533f2c805315139db51ab5/execute/async - {"script":"<script> [776 bytes]","args":[{"enterText":"1000","selector":{"id":"application-manageyards-display-component---NewYard--companyCodeComboBox","interaction":{"idSuffix":"inner"}},"clearTextFirst":true,"interactionType":"ENTER_TEXT"}]}
RESULT: {"script":"<script> [776 bytes]","args":[{"enterText":"1000","selector":{"id":"application-manageyards-display-component---NewYard--companyCodeComboBox","interaction":{"idSuffix":"inner"}},"clearTextFirst":true,"interactionType":"ENTER_TEXT"}]}
COMMAND: POST /session/930502a83f533f2c805315139db51ab5/execute/async - {"script":"<script> [1562 bytes]","args":[{"selector":{"controlType":"sap.m.Input","viewName":"etm.portal.ui.manageyards.view.New","viewId":"application-manageyards-display-component---NewYard","bindingPath":{"path":"","propertyPath":"/PLANT","modelName":"NewYardModel"},"interaction":{"idSuffix":"inner"}},"wdio_ui5_key":"etmportal.ui.manageyards.view.Newsap.m.Input{\"path\":\"\",\"propertyPath\":\"/PLANT\",\"modelName\":\"NewYardModel\"}"}]}
RESULT: {"script":"<script> [1562 bytes]","args":[{"selector":{"controlType":"sap.m.Input","viewName":"etm.portal.ui.manageyards.view.New","viewId":"application-manageyards-display-component---NewYard","bindingPath":{"path":"","propertyPath":"/PLANT","modelName":"NewYardModel"},"interaction":{"idSuffix":"inner"}},"wdio_ui5_key":"etmportal.ui.manageyards.view.Newsap.m.Input{\"path\":\"\",\"propertyPath\":\"/PLANT\",\"modelName\":\"NewYardModel\"}"}]}
RESULT: undefined
COMMAND: POST /session/930502a83f533f2c805315139db51ab5/execute/async - {"script":"<script> [776 bytes]","args":[{"enterText":"1001","selector":{"controlType":"sap.m.Input","viewName":"etm.portal.ui.manageyards.view.New","viewId":"application-manageyards-display-component---NewYard","bindingPath":{"path":"","propertyPath":"/PLANT","modelName":"NewYardModel"},"interaction":{"idSuffix":"inner"}},"clearTextFirst":true,"interactionType":"ENTER_TEXT"}]}
RESULT: {"script":"<script> [776 bytes]","args":[{"enterText":"1001","selector":{"controlType":"sap.m.Input","viewName":"etm.portal.ui.manageyards.view.New","viewId":"application-manageyards-display-component---NewYard","bindingPath":{"path":"","propertyPath":"/PLANT","modelName":"NewYardModel"},"interaction":{"idSuffix":"inner"}},"clearTextFirst":true,"interactionType":"ENTER_TEXT"}]}
COMMAND: POST /session/930502a83f533f2c805315139db51ab5/execute/async - {"script":"<script> [1562 bytes]","args":[{"selector":{"controlType":"sap.m.Input","viewName":"etm.portal.ui.manageyards.view.New","viewId":"application-manageyards-display-component---NewYard","bindingPath":{"path":"","propertyPath":"/SALES_AREA_VKORG","modelName":"NewYardModel"},"interaction":{"idSuffix":"inner"}},"wdio_ui5_key":"etmportal.ui.manageyards.view.Newsap.m.Input{\"path\":\"\",\"propertyPath\":\"/SALES_AREA_VKORG\",\"modelName\":\"NewYardModel\"}"}]}
RESULT: {"script":"<script> [1562 bytes]","args":[{"selector":{"controlType":"sap.m.Input","viewName":"etm.portal.ui.manageyards.view.New","viewId":"application-manageyards-display-component---NewYard","bindingPath":{"path":"","propertyPath":"/SALES_AREA_VKORG","modelName":"NewYardModel"},"interaction":{"idSuffix":"inner"}},"wdio_ui5_key":"etmportal.ui.manageyards.view.Newsap.m.Input{\"path\":\"\",\"propertyPath\":\"/SALES_AREA_VKORG\",\"modelName\":\"NewYardModel\"}"}]}
RESULT: undefined
COMMAND: POST /session/930502a83f533f2c805315139db51ab5/execute/async - {"script":"<script> [776 bytes]","args":[{"enterText":"C002","selector":{"controlType":"sap.m.Input","viewName":"etm.portal.ui.manageyards.view.New","viewId":"application-manageyards-display-component---NewYard","bindingPath":{"path":"","propertyPath":"/SALES_AREA_VKORG","modelName":"NewYardModel"},"interaction":{"idSuffix":"inner"}},"clearTextFirst":true,"interactionType":"ENTER_TEXT"}]}
RESULT: {"script":"<script> [776 bytes]","args":[{"enterText":"C002","selector":{"controlType":"sap.m.Input","viewName":"etm.portal.ui.manageyards.view.New","viewId":"application-manageyards-display-component---NewYard","bindingPath":{"path":"","propertyPath":"/SALES_AREA_VKORG","modelName":"NewYardModel"},"interaction":{"idSuffix":"inner"}},"clearTextFirst":true,"interactionType":"ENTER_TEXT"}]}
COMMAND: POST /session/930502a83f533f2c805315139db51ab5/execute/async - {"script":"<script> [1562 bytes]","args":[{"selector":{"controlType":"sap.m.Input","viewName":"etm.portal.ui.manageyards.view.New","viewId":"application-manageyards-display-component---NewYard","bindingPath":{"path":"","propertyPath":"/SALES_AREA_VTWEG","modelName":"NewYardModel"},"interaction":{"idSuffix":"inner"}},"wdio_ui5_key":"etmportal.ui.manageyards.view.Newsap.m.Input{\"path\":\"\",\"propertyPath\":\"/SALES_AREA_VTWEG\",\"modelName\":\"NewYardModel\"}"}]}
RESULT: {"script":"<script> [1562 bytes]","args":[{"selector":{"controlType":"sap.m.Input","viewName":"etm.portal.ui.manageyards.view.New","viewId":"application-manageyards-display-component---NewYard","bindingPath":{"path":"","propertyPath":"/SALES_AREA_VTWEG","modelName":"NewYardModel"},"interaction":{"idSuffix":"inner"}},"wdio_ui5_key":"etmportal.ui.manageyards.view.Newsap.m.Input{\"path\":\"\",\"propertyPath\":\"/SALES_AREA_VTWEG\",\"modelName\":\"NewYardModel\"}"}]}
RESULT: undefined
COMMAND: POST /session/930502a83f533f2c805315139db51ab5/execute/async - {"script":"<script> [776 bytes]","args":[{"enterText":"C2","selector":{"controlType":"sap.m.Input","viewName":"etm.portal.ui.manageyards.view.New","viewId":"application-manageyards-display-component---NewYard","bindingPath":{"path":"","propertyPath":"/SALES_AREA_VTWEG","modelName":"NewYardModel"},"interaction":{"idSuffix":"inner"}},"clearTextFirst":true,"interactionType":"ENTER_TEXT"}]}
RESULT: {"script":"<script> [776 bytes]","args":[{"enterText":"C2","selector":{"controlType":"sap.m.Input","viewName":"etm.portal.ui.manageyards.view.New","viewId":"application-manageyards-display-component---NewYard","bindingPath":{"path":"","propertyPath":"/SALES_AREA_VTWEG","modelName":"NewYardModel"},"interaction":{"idSuffix":"inner"}},"clearTextFirst":true,"interactionType":"ENTER_TEXT"}]}
COMMAND: POST /session/930502a83f533f2c805315139db51ab5/execute/async - {"script":"<script> [1562 bytes]","args":[{"selector":{"controlType":"sap.m.Input","viewName":"etm.portal.ui.manageyards.view.New","viewId":"application-manageyards-display-component---NewYard","bindingPath":{"path":"","propertyPath":"/SALES_AREA_SPART","modelName":"NewYardModel"},"interaction":{"idSuffix":"inner"}},"wdio_ui5_key":"etmportal.ui.manageyards.view.Newsap.m.Input{\"path\":\"\",\"propertyPath\":\"/SALES_AREA_SPART\",\"modelName\":\"NewYardModel\"}"}]}
RESULT: {"script":"<script> [1562 bytes]","args":[{"selector":{"controlType":"sap.m.Input","viewName":"etm.portal.ui.manageyards.view.New","viewId":"application-manageyards-display-component---NewYard","bindingPath":{"path":"","propertyPath":"/SALES_AREA_SPART","modelName":"NewYardModel"},"interaction":{"idSuffix":"inner"}},"wdio_ui5_key":"etmportal.ui.manageyards.view.Newsap.m.Input{\"path\":\"\",\"propertyPath\":\"/SALES_AREA_SPART\",\"modelName\":\"NewYardModel\"}"}]}
RESULT: undefined
COMMAND: POST /session/930502a83f533f2c805315139db51ab5/execute/async - {"script":"<script> [776 bytes]","args":[{"enterText":"C2","selector":{"controlType":"sap.m.Input","viewName":"etm.portal.ui.manageyards.view.New","viewId":"application-manageyards-display-component---NewYard","bindingPath":{"path":"","propertyPath":"/SALES_AREA_SPART","modelName":"NewYardModel"},"interaction":{"idSuffix":"inner"}},"clearTextFirst":true,"interactionType":"ENTER_TEXT"}]}
RESULT: {"script":"<script> [776 bytes]","args":[{"enterText":"C2","selector":{"controlType":"sap.m.Input","viewName":"etm.portal.ui.manageyards.view.New","viewId":"application-manageyards-display-component---NewYard","bindingPath":{"path":"","propertyPath":"/SALES_AREA_SPART","modelName":"NewYardModel"},"interaction":{"idSuffix":"inner"}},"clearTextFirst":true,"interactionType":"ENTER_TEXT"}]}
COMMAND: POST /session/930502a83f533f2c805315139db51ab5/execute/async - {"script":"<script> [1562 bytes]","args":[{"selector":{"controlType":"sap.m.Input","viewName":"etm.portal.ui.manageyards.view.New","viewId":"application-manageyards-display-component---NewYard","bindingPath":{"path":"","propertyPath":"/SHIP_POINT","modelName":"NewYardModel"},"interaction":{"idSuffix":"inner"}},"wdio_ui5_key":"etmportal.ui.manageyards.view.Newsap.m.Input{\"path\":\"\",\"propertyPath\":\"/SHIP_POINT\",\"modelName\":\"NewYardModel\"}"}]}
RESULT: {"script":"<script> [1562 bytes]","args":[{"selector":{"controlType":"sap.m.Input","viewName":"etm.portal.ui.manageyards.view.New","viewId":"application-manageyards-display-component---NewYard","bindingPath":{"path":"","propertyPath":"/SHIP_POINT","modelName":"NewYardModel"},"interaction":{"idSuffix":"inner"}},"wdio_ui5_key":"etmportal.ui.manageyards.view.Newsap.m.Input{\"path\":\"\",\"propertyPath\":\"/SHIP_POINT\",\"modelName\":\"NewYardModel\"}"}]}
RESULT: undefined
COMMAND: POST /session/930502a83f533f2c805315139db51ab5/execute/async - {"script":"<script> [776 bytes]","args":[{"enterText":"1710","selector":{"controlType":"sap.m.Input","viewName":"etm.portal.ui.manageyards.view.New","viewId":"application-manageyards-display-component---NewYard","bindingPath":{"path":"","propertyPath":"/SHIP_POINT","modelName":"NewYardModel"},"interaction":{"idSuffix":"inner"}},"clearTextFirst":true,"interactionType":"ENTER_TEXT"}]}
RESULT: {"script":"<script> [776 bytes]","args":[{"enterText":"1710","selector":{"controlType":"sap.m.Input","viewName":"etm.portal.ui.manageyards.view.New","viewId":"application-manageyards-display-component---NewYard","bindingPath":{"path":"","propertyPath":"/SHIP_POINT","modelName":"NewYardModel"},"interaction":{"idSuffix":"inner"}},"clearTextFirst":true,"interactionType":"ENTER_TEXT"}]}
COMMAND: POST /session/930502a83f533f2c805315139db51ab5/execute/async - {"script":"<script> [1562 bytes]","args":[{"selector":{"controlType":"sap.m.Input","viewName":"etm.portal.ui.manageyards.view.New","viewId":"application-manageyards-display-component---NewYard","bindingPath":{"path":"","propertyPath":"/DELIVERY_TYPE","modelName":"NewYardModel"},"interaction":{"idSuffix":"inner"}},"wdio_ui5_key":"etmportal.ui.manageyards.view.Newsap.m.Input{\"path\":\"\",\"propertyPath\":\"/DELIVERY_TYPE\",\"modelName\":\"NewYardModel\"}"}]}
RESULT: {"script":"<script> [1562 bytes]","args":[{"selector":{"controlType":"sap.m.Input","viewName":"etm.portal.ui.manageyards.view.New","viewId":"application-manageyards-display-component---NewYard","bindingPath":{"path":"","propertyPath":"/DELIVERY_TYPE","modelName":"NewYardModel"},"interaction":{"idSuffix":"inner"}},"wdio_ui5_key":"etmportal.ui.manageyards.view.Newsap.m.Input{\"path\":\"\",\"propertyPath\":\"/DELIVERY_TYPE\",\"modelName\":\"NewYardModel\"}"}]}
RESULT: undefined
COMMAND: POST /session/930502a83f533f2c805315139db51ab5/execute/async - {"script":"<script> [776 bytes]","args":[{"enterText":"ZL01","selector":{"controlType":"sap.m.Input","viewName":"etm.portal.ui.manageyards.view.New","viewId":"application-manageyards-display-component---NewYard","bindingPath":{"path":"","propertyPath":"/DELIVERY_TYPE","modelName":"NewYardModel"},"interaction":{"idSuffix":"inner"}},"clearTextFirst":true,"interactionType":"ENTER_TEXT"}]}
RESULT: {"script":"<script> [776 bytes]","args":[{"enterText":"ZL01","selector":{"controlType":"sap.m.Input","viewName":"etm.portal.ui.manageyards.view.New","viewId":"application-manageyards-display-component---NewYard","bindingPath":{"path":"","propertyPath":"/DELIVERY_TYPE","modelName":"NewYardModel"},"interaction":{"idSuffix":"inner"}},"clearTextFirst":true,"interactionType":"ENTER_TEXT"}]}
COMMAND: POST /session/930502a83f533f2c805315139db51ab5/execute/async - {"script":"<script> [1562 bytes]","args":[{"selector":{"controlType":"sap.m.Input","viewName":"etm.portal.ui.manageyards.view.New","viewId":"application-manageyards-display-component---NewYard","bindingPath":{"path":"","propertyPath":"/AUART","modelName":"NewYardModel"},"interaction":{"idSuffix":"inner"}},"wdio_ui5_key":"etmportal.ui.manageyards.view.Newsap.m.Input{\"path\":\"\",\"propertyPath\":\"/AUART\",\"modelName\":\"NewYardModel\"}"}]}
RESULT: {"script":"<script> [1562 bytes]","args":[{"selector":{"controlType":"sap.m.Input","viewName":"etm.portal.ui.manageyards.view.New","viewId":"application-manageyards-display-component---NewYard","bindingPath":{"path":"","propertyPath":"/AUART","modelName":"NewYardModel"},"interaction":{"idSuffix":"inner"}},"wdio_ui5_key":"etmportal.ui.manageyards.view.Newsap.m.Input{\"path\":\"\",\"propertyPath\":\"/AUART\",\"modelName\":\"NewYardModel\"}"}]}
RESULT: undefined
COMMAND: POST /session/930502a83f533f2c805315139db51ab5/execute/async - {"script":"<script> [776 bytes]","args":[{"enterText":"TA","selector":{"controlType":"sap.m.Input","viewName":"etm.portal.ui.manageyards.view.New","viewId":"application-manageyards-display-component---NewYard","bindingPath":{"path":"","propertyPath":"/AUART","modelName":"NewYardModel"},"interaction":{"idSuffix":"inner"}},"clearTextFirst":true,"interactionType":"ENTER_TEXT"}]}
RESULT: {"script":"<script> [776 bytes]","args":[{"enterText":"TA","selector":{"controlType":"sap.m.Input","viewName":"etm.portal.ui.manageyards.view.New","viewId":"application-manageyards-display-component---NewYard","bindingPath":{"path":"","propertyPath":"/AUART","modelName":"NewYardModel"},"interaction":{"idSuffix":"inner"}},"clearTextFirst":true,"interactionType":"ENTER_TEXT"}]}
COMMAND: POST /session/930502a83f533f2c805315139db51ab5/element - {"using":"xpath","value":"//button[@data-kt=\"newYardSaveButton\"]"}
RESULT: {"using":"xpath","value":"//button[@data-kt=\"newYardSaveButton\"]"}
COMMAND: POST /session/930502a83f533f2c805315139db51ab5/element/f.180F90221EFB09AB147AA6F209AA2E58.d.CD457F31D81CF061A33594A649E31045.e.712/click - {}
RESULT: {}
COMMAND: GET /session/930502a83f533f2c805315139db51ab5/screenshot - {}
RESULT: {}
COMMAND: POST /session/930502a83f533f2c805315139db51ab5/element - {"using":"xpath","value":"//header[contains(@id, 'ObjectPageLayout-headerTitle')]/div[1]/div[2]/div[1]/span[1]"}
RESULT: {"using":"xpath","value":"//header[contains(@id, 'ObjectPageLayout-headerTitle')]/div[1]/div[2]/div[1]/span[1]"}
COMMAND: POST /session/930502a83f533f2c805315139db51ab5/elements - {"using":"xpath","value":"//header[contains(@id, 'ObjectPageLayout-headerTitle')]/div[1]/div[2]/div[1]/span[1]"}
RESULT: {"using":"xpath","value":"//header[contains(@id, 'ObjectPageLayout-headerTitle')]/div[1]/div[2]/div[1]/span[1]"}
COMMAND: POST /session/930502a83f533f2c805315139db51ab5/execute/sync - {"script":"<script> [56 bytes]","args":[{"element-6066-11e4-a52e-4f735466cecf":"f.180F90221EFB09AB147AA6F209AA2E58.d.CD457F31D81CF061A33594A649E31045.e.1011","ELEMENT":"f.180F90221EFB09AB147AA6F209AA2E58.d.CD457F31D81CF061A33594A649E31045.e.1011"}]}
RESULT: {"script":"<script> [56 bytes]","args":[{"element-6066-11e4-a52e-4f735466cecf":"f.180F90221EFB09AB147AA6F209AA2E58.d.CD457F31D81CF061A33594A649E31045.e.1011","ELEMENT":"f.180F90221EFB09AB147AA6F209AA2E58.d.CD457F31D81CF061A33594A649E31045.e.1011"}]}
COMMAND: GET /session/930502a83f533f2c805315139db51ab5/screenshot - {}
RESULT: {}
COMMAND: POST /session/930502a83f533f2c805315139db51ab5/element - {"using":"css selector","value":"#shell-header-logo"}
RESULT: {"using":"css selector","value":"#shell-header-logo"}
COMMAND: POST /session/930502a83f533f2c805315139db51ab5/element/f.180F90221EFB09AB147AA6F209AA2E58.d.CD457F31D81CF061A33594A649E31045.e.270/click - {}
RESULT: {}
COMMAND: GET /session/930502a83f533f2c805315139db51ab5/screenshot - {}
RESULT: {}
COMMAND: POST /session/930502a83f533f2c805315139db51ab5/execute/sync - {"script":"<script> [299 bytes]","args":[["getModel","getResource"]]}
RESULT: {"script":"<script> [299 bytes]","args":[["getModel","getResource"]]}
COMMAND: GET /session/930502a83f533f2c805315139db51ab5/screenshot - {}
]]></system-out>
    </testcase>
    <testcase classname="chrome.135_0_7049_96.windows.Tests_for_Mass_State_Change_on_Manage_States_&amp;_Performances_US104416_US" name="Prereq Should create a new partner" time="149.969">
      <system-out><![CDATA[
COMMAND: POST /session/930502a83f533f2c805315139db51ab5/window/fullscreen - {}
RESULT: {}
RESULT: {}
COMMAND: POST /session/930502a83f533f2c805315139db51ab5/execute/async - {"script":"<script> [1562 bytes]","args":[{"selector":{"controlType":"sap.m.GenericTile","properties":{"header":"Manage Partners"}},"wdio_ui5_key":"sapm.GenericTile{\"header\":\"Manage Partners\"}"}]}
RESULT: {"script":"<script> [1562 bytes]","args":[{"selector":{"controlType":"sap.m.GenericTile","properties":{"header":"Manage Partners"}},"wdio_ui5_key":"sapm.GenericTile{\"header\":\"Manage Partners\"}"}]}
RESULT: undefined
COMMAND: POST /session/930502a83f533f2c805315139db51ab5/element - {"using":"xpath","value":"//*[@id=\"__tile38\"]"}
RESULT: {"using":"xpath","value":"//*[@id=\"__tile38\"]"}
COMMAND: POST /session/930502a83f533f2c805315139db51ab5/element/f.180F90221EFB09AB147AA6F209AA2E58.d.CD457F31D81CF061A33594A649E31045.e.156/click - {}
RESULT: {}
COMMAND: POST /session/930502a83f533f2c805315139db51ab5/element - {"using":"xpath","value":"//button[@data-kt=\"addButton\"]"}
COMMAND: GET /session/930502a83f533f2c805315139db51ab5/screenshot - {}
RESULT: {"using":"xpath","value":"//button[@data-kt=\"addButton\"]"}
COMMAND: POST /session/930502a83f533f2c805315139db51ab5/elements - {"using":"xpath","value":"//button[@data-kt=\"addButton\"]"}
RESULT: {}
RESULT: {"using":"xpath","value":"//button[@data-kt=\"addButton\"]"}
COMMAND: POST /session/930502a83f533f2c805315139db51ab5/elements - {"using":"xpath","value":"//button[@data-kt=\"addButton\"]"}
RESULT: {"using":"xpath","value":"//button[@data-kt=\"addButton\"]"}
COMMAND: POST /session/930502a83f533f2c805315139db51ab5/elements - {"using":"xpath","value":"//button[@data-kt=\"addButton\"]"}
RESULT: {"using":"xpath","value":"//button[@data-kt=\"addButton\"]"}
COMMAND: POST /session/930502a83f533f2c805315139db51ab5/elements - {"using":"xpath","value":"//button[@data-kt=\"addButton\"]"}
RESULT: {"using":"xpath","value":"//button[@data-kt=\"addButton\"]"}
COMMAND: POST /session/930502a83f533f2c805315139db51ab5/elements - {"using":"xpath","value":"//button[@data-kt=\"addButton\"]"}
RESULT: {"using":"xpath","value":"//button[@data-kt=\"addButton\"]"}
COMMAND: POST /session/930502a83f533f2c805315139db51ab5/elements - {"using":"xpath","value":"//button[@data-kt=\"addButton\"]"}
RESULT: {"using":"xpath","value":"//button[@data-kt=\"addButton\"]"}
COMMAND: POST /session/930502a83f533f2c805315139db51ab5/elements - {"using":"xpath","value":"//button[@data-kt=\"addButton\"]"}
RESULT: {"using":"xpath","value":"//button[@data-kt=\"addButton\"]"}
COMMAND: POST /session/930502a83f533f2c805315139db51ab5/elements - {"using":"xpath","value":"//button[@data-kt=\"addButton\"]"}
RESULT: {"using":"xpath","value":"//button[@data-kt=\"addButton\"]"}
COMMAND: POST /session/930502a83f533f2c805315139db51ab5/elements - {"using":"xpath","value":"//button[@data-kt=\"addButton\"]"}
RESULT: {"using":"xpath","value":"//button[@data-kt=\"addButton\"]"}
COMMAND: POST /session/930502a83f533f2c805315139db51ab5/elements - {"using":"xpath","value":"//button[@data-kt=\"addButton\"]"}
RESULT: {"using":"xpath","value":"//button[@data-kt=\"addButton\"]"}
COMMAND: POST /session/930502a83f533f2c805315139db51ab5/elements - {"using":"xpath","value":"//button[@data-kt=\"addButton\"]"}
RESULT: {"using":"xpath","value":"//button[@data-kt=\"addButton\"]"}
COMMAND: POST /session/930502a83f533f2c805315139db51ab5/elements - {"using":"xpath","value":"//button[@data-kt=\"addButton\"]"}
RESULT: {"using":"xpath","value":"//button[@data-kt=\"addButton\"]"}
COMMAND: POST /session/930502a83f533f2c805315139db51ab5/elements - {"using":"xpath","value":"//button[@data-kt=\"addButton\"]"}
RESULT: {"using":"xpath","value":"//button[@data-kt=\"addButton\"]"}
COMMAND: POST /session/930502a83f533f2c805315139db51ab5/elements - {"using":"xpath","value":"//button[@data-kt=\"addButton\"]"}
RESULT: {"using":"xpath","value":"//button[@data-kt=\"addButton\"]"}
COMMAND: POST /session/930502a83f533f2c805315139db51ab5/elements - {"using":"xpath","value":"//button[@data-kt=\"addButton\"]"}
RESULT: {"using":"xpath","value":"//button[@data-kt=\"addButton\"]"}
COMMAND: POST /session/930502a83f533f2c805315139db51ab5/elements - {"using":"xpath","value":"//button[@data-kt=\"addButton\"]"}
RESULT: {"using":"xpath","value":"//button[@data-kt=\"addButton\"]"}
COMMAND: POST /session/930502a83f533f2c805315139db51ab5/elements - {"using":"xpath","value":"//button[@data-kt=\"addButton\"]"}
RESULT: {"using":"xpath","value":"//button[@data-kt=\"addButton\"]"}
COMMAND: POST /session/930502a83f533f2c805315139db51ab5/elements - {"using":"xpath","value":"//button[@data-kt=\"addButton\"]"}
RESULT: {"using":"xpath","value":"//button[@data-kt=\"addButton\"]"}
COMMAND: POST /session/930502a83f533f2c805315139db51ab5/elements - {"using":"xpath","value":"//button[@data-kt=\"addButton\"]"}
RESULT: {"using":"xpath","value":"//button[@data-kt=\"addButton\"]"}
COMMAND: POST /session/930502a83f533f2c805315139db51ab5/elements - {"using":"xpath","value":"//button[@data-kt=\"addButton\"]"}
RESULT: {"using":"xpath","value":"//button[@data-kt=\"addButton\"]"}
COMMAND: POST /session/930502a83f533f2c805315139db51ab5/element - {"using":"xpath","value":"//button[@data-kt=\"addButton\"]"}
RESULT: {"using":"xpath","value":"//button[@data-kt=\"addButton\"]"}
COMMAND: POST /session/930502a83f533f2c805315139db51ab5/execute/sync - {"script":"<script> [8489 bytes]","args":[{"element-6066-11e4-a52e-4f735466cecf":"f.180F90221EFB09AB147AA6F209AA2E58.d.CD457F31D81CF061A33594A649E31045.e.1051","ELEMENT":"f.180F90221EFB09AB147AA6F209AA2E58.d.CD457F31D81CF061A33594A649E31045.e.1051"}]}
RESULT: {"script":"<script> [8489 bytes]","args":[{"element-6066-11e4-a52e-4f735466cecf":"f.180F90221EFB09AB147AA6F209AA2E58.d.CD457F31D81CF061A33594A649E31045.e.1051","ELEMENT":"f.180F90221EFB09AB147AA6F209AA2E58.d.CD457F31D81CF061A33594A649E31045.e.1051"}]}
COMMAND: GET /session/930502a83f533f2c805315139db51ab5/element/f.180F90221EFB09AB147AA6F209AA2E58.d.CD457F31D81CF061A33594A649E31045.e.1051/enabled - {}
COMMAND: GET /session/930502a83f533f2c805315139db51ab5/screenshot - {}
RESULT: {}
COMMAND: POST /session/930502a83f533f2c805315139db51ab5/execute/sync - {"script":"<script> [8489 bytes]","args":[{"element-6066-11e4-a52e-4f735466cecf":"f.180F90221EFB09AB147AA6F209AA2E58.d.CD457F31D81CF061A33594A649E31045.e.1051","ELEMENT":"f.180F90221EFB09AB147AA6F209AA2E58.d.CD457F31D81CF061A33594A649E31045.e.1051"}]}
COMMAND: GET /session/930502a83f533f2c805315139db51ab5/screenshot - {}
RESULT: {}
RESULT: {"script":"<script> [8489 bytes]","args":[{"element-6066-11e4-a52e-4f735466cecf":"f.180F90221EFB09AB147AA6F209AA2E58.d.CD457F31D81CF061A33594A649E31045.e.1051","ELEMENT":"f.180F90221EFB09AB147AA6F209AA2E58.d.CD457F31D81CF061A33594A649E31045.e.1051"}]}
COMMAND: POST /session/930502a83f533f2c805315139db51ab5/execute/sync - {"script":"<script> [5351 bytes]","args":[{"element-6066-11e4-a52e-4f735466cecf":"f.180F90221EFB09AB147AA6F209AA2E58.d.CD457F31D81CF061A33594A649E31045.e.1051","ELEMENT":"f.180F90221EFB09AB147AA6F209AA2E58.d.CD457F31D81CF061A33594A649E31045.e.1051"}]}
COMMAND: GET /session/930502a83f533f2c805315139db51ab5/screenshot - {}
RESULT: {}
RESULT: {"script":"<script> [5351 bytes]","args":[{"element-6066-11e4-a52e-4f735466cecf":"f.180F90221EFB09AB147AA6F209AA2E58.d.CD457F31D81CF061A33594A649E31045.e.1051","ELEMENT":"f.180F90221EFB09AB147AA6F209AA2E58.d.CD457F31D81CF061A33594A649E31045.e.1051"}]}
COMMAND: POST /session/930502a83f533f2c805315139db51ab5/element/f.180F90221EFB09AB147AA6F209AA2E58.d.CD457F31D81CF061A33594A649E31045.e.1051/click - {}
COMMAND: GET /session/930502a83f533f2c805315139db51ab5/screenshot - {}
RESULT: {}
RESULT: {}
COMMAND: GET /session/930502a83f533f2c805315139db51ab5/screenshot - {}
COMMAND: POST /session/930502a83f533f2c805315139db51ab5/execute/async - {"script":"<script> [1562 bytes]","args":[{"selector":{"id":"application-managepartners-display-component---NewPartner--addressDetailDetailsName1","interaction":{"idSuffix":"inner"}},"wdio_ui5_key":"applicationmanagepartners-display-component---NewPartner--addressDetailDetailsName1"}]}
RESULT: {}
RESULT: {}
RESULT: {"script":"<script> [1562 bytes]","args":[{"selector":{"id":"application-managepartners-display-component---NewPartner--addressDetailDetailsName1","interaction":{"idSuffix":"inner"}},"wdio_ui5_key":"applicationmanagepartners-display-component---NewPartner--addressDetailDetailsName1"}]}
RESULT: undefined
COMMAND: POST /session/930502a83f533f2c805315139db51ab5/execute/async - {"script":"<script> [776 bytes]","args":[{"enterText":"Intracompany Partner WDIO","selector":{"id":"application-managepartners-display-component---NewPartner--addressDetailDetailsName1","interaction":{"idSuffix":"inner"}},"clearTextFirst":true,"interactionType":"ENTER_TEXT"}]}
RESULT: {"script":"<script> [776 bytes]","args":[{"enterText":"Intracompany Partner WDIO","selector":{"id":"application-managepartners-display-component---NewPartner--addressDetailDetailsName1","interaction":{"idSuffix":"inner"}},"clearTextFirst":true,"interactionType":"ENTER_TEXT"}]}
COMMAND: POST /session/930502a83f533f2c805315139db51ab5/execute/async - {"script":"<script> [1562 bytes]","args":[{"selector":{"id":"application-managepartners-display-component---NewPartner--addressDetailDetailsLanguage-arrow"},"wdio_ui5_key":"applicationmanagepartners-display-component---NewPartner--addressDetailDetailsLanguage-arrow"}]}
RESULT: {"script":"<script> [1562 bytes]","args":[{"selector":{"id":"application-managepartners-display-component---NewPartner--addressDetailDetailsLanguage-arrow"},"wdio_ui5_key":"applicationmanagepartners-display-component---NewPartner--addressDetailDetailsLanguage-arrow"}]}
RESULT: undefined
COMMAND: POST /session/930502a83f533f2c805315139db51ab5/element - {"using":"xpath","value":"//*[@id=\"application-managepartners-display-component---NewPartner--addressDetailDetailsLanguage-arrow\"]"}
RESULT: {"using":"xpath","value":"//*[@id=\"application-managepartners-display-component---NewPartner--addressDetailDetailsLanguage-arrow\"]"}
COMMAND: POST /session/930502a83f533f2c805315139db51ab5/element/f.180F90221EFB09AB147AA6F209AA2E58.d.CD457F31D81CF061A33594A649E31045.e.1498/click - {}
RESULT: {}
COMMAND: POST /session/930502a83f533f2c805315139db51ab5/element - {"using":"xpath","value":"//span[contains(text(), \"English\")]"}
COMMAND: GET /session/930502a83f533f2c805315139db51ab5/screenshot - {}
RESULT: {"using":"xpath","value":"//span[contains(text(), \"English\")]"}
COMMAND: POST /session/930502a83f533f2c805315139db51ab5/element/f.180F90221EFB09AB147AA6F209AA2E58.d.CD457F31D81CF061A33594A649E31045.e.1499/click - {}
RESULT: {}
RESULT: {}
COMMAND: GET /session/930502a83f533f2c805315139db51ab5/screenshot - {}
RESULT: {}
COMMAND: POST /session/930502a83f533f2c805315139db51ab5/execute/async - {"script":"<script> [1562 bytes]","args":[{"selector":{"id":"application-managepartners-display-component---NewPartner--addressDetailDetailsCity1","interaction":{"idSuffix":"inner"}},"wdio_ui5_key":"applicationmanagepartners-display-component---NewPartner--addressDetailDetailsCity1"}]}
RESULT: {"script":"<script> [1562 bytes]","args":[{"selector":{"id":"application-managepartners-display-component---NewPartner--addressDetailDetailsCity1","interaction":{"idSuffix":"inner"}},"wdio_ui5_key":"applicationmanagepartners-display-component---NewPartner--addressDetailDetailsCity1"}]}
RESULT: undefined
COMMAND: POST /session/930502a83f533f2c805315139db51ab5/execute/async - {"script":"<script> [776 bytes]","args":[{"enterText":"Rosario","selector":{"id":"application-managepartners-display-component---NewPartner--addressDetailDetailsCity1","interaction":{"idSuffix":"inner"}},"clearTextFirst":true,"interactionType":"ENTER_TEXT"}]}
RESULT: {"script":"<script> [776 bytes]","args":[{"enterText":"Rosario","selector":{"id":"application-managepartners-display-component---NewPartner--addressDetailDetailsCity1","interaction":{"idSuffix":"inner"}},"clearTextFirst":true,"interactionType":"ENTER_TEXT"}]}
COMMAND: POST /session/930502a83f533f2c805315139db51ab5/execute/async - {"script":"<script> [1562 bytes]","args":[{"selector":{"id":"application-managepartners-display-component---NewPartner--addressDetailDetailsCountry-arrow"},"wdio_ui5_key":"applicationmanagepartners-display-component---NewPartner--addressDetailDetailsCountry-arrow"}]}
RESULT: {"script":"<script> [1562 bytes]","args":[{"selector":{"id":"application-managepartners-display-component---NewPartner--addressDetailDetailsCountry-arrow"},"wdio_ui5_key":"applicationmanagepartners-display-component---NewPartner--addressDetailDetailsCountry-arrow"}]}
RESULT: undefined
COMMAND: POST /session/930502a83f533f2c805315139db51ab5/element - {"using":"xpath","value":"//*[@id=\"application-managepartners-display-component---NewPartner--addressDetailDetailsCountry-arrow\"]"}
RESULT: {"using":"xpath","value":"//*[@id=\"application-managepartners-display-component---NewPartner--addressDetailDetailsCountry-arrow\"]"}
COMMAND: POST /session/930502a83f533f2c805315139db51ab5/element/f.180F90221EFB09AB147AA6F209AA2E58.d.CD457F31D81CF061A33594A649E31045.e.1455/click - {}
RESULT: {}
COMMAND: POST /session/930502a83f533f2c805315139db51ab5/element - {"using":"xpath","value":"//span[contains(text(), \"Argentina\")]"}
COMMAND: GET /session/930502a83f533f2c805315139db51ab5/screenshot - {}
RESULT: {"using":"xpath","value":"//span[contains(text(), \"Argentina\")]"}
COMMAND: POST /session/930502a83f533f2c805315139db51ab5/element/f.180F90221EFB09AB147AA6F209AA2E58.d.CD457F31D81CF061A33594A649E31045.e.1501/click - {}
RESULT: {}
RESULT: {}
COMMAND: GET /session/930502a83f533f2c805315139db51ab5/screenshot - {}
RESULT: {}
COMMAND: POST /session/930502a83f533f2c805315139db51ab5/element - {"using":"xpath","value":"//bdi[contains(text(), \"Commercial\")]"}
RESULT: {"using":"xpath","value":"//bdi[contains(text(), \"Commercial\")]"}
COMMAND: POST /session/930502a83f533f2c805315139db51ab5/element/f.180F90221EFB09AB147AA6F209AA2E58.d.CD457F31D81CF061A33594A649E31045.e.1502/click - {}
RESULT: {}
COMMAND: GET /session/930502a83f533f2c805315139db51ab5/screenshot - {}
RESULT: {}
COMMAND: POST /session/930502a83f533f2c805315139db51ab5/execute/async - {"script":"<script> [1562 bytes]","args":[{"selector":{"id":"application-managepartners-display-component---NewPartner--partnerDetailInternal-arrow"},"wdio_ui5_key":"applicationmanagepartners-display-component---NewPartner--partnerDetailInternal-arrow"}]}
RESULT: {"script":"<script> [1562 bytes]","args":[{"selector":{"id":"application-managepartners-display-component---NewPartner--partnerDetailInternal-arrow"},"wdio_ui5_key":"applicationmanagepartners-display-component---NewPartner--partnerDetailInternal-arrow"}]}
RESULT: undefined
COMMAND: POST /session/930502a83f533f2c805315139db51ab5/element - {"using":"xpath","value":"//*[@id=\"application-managepartners-display-component---NewPartner--partnerDetailInternal-arrow\"]"}
RESULT: {"using":"xpath","value":"//*[@id=\"application-managepartners-display-component---NewPartner--partnerDetailInternal-arrow\"]"}
COMMAND: POST /session/930502a83f533f2c805315139db51ab5/element/f.180F90221EFB09AB147AA6F209AA2E58.d.CD457F31D81CF061A33594A649E31045.e.1508/click - {}
RESULT: {}
COMMAND: POST /session/930502a83f533f2c805315139db51ab5/element - {"using":"xpath","value":"//span[contains(text(), \"Affiliated company\")]"}
COMMAND: GET /session/930502a83f533f2c805315139db51ab5/screenshot - {}
RESULT: {"using":"xpath","value":"//span[contains(text(), \"Affiliated company\")]"}
COMMAND: POST /session/930502a83f533f2c805315139db51ab5/element/f.180F90221EFB09AB147AA6F209AA2E58.d.CD457F31D81CF061A33594A649E31045.e.1509/click - {}
RESULT: {}
RESULT: {}
COMMAND: POST /session/930502a83f533f2c805315139db51ab5/execute/async - {"script":"<script> [1562 bytes]","args":[{"selector":{"id":"application-managepartners-display-component---NewPartner--partnerDetailsCurrency-arrow"},"wdio_ui5_key":"applicationmanagepartners-display-component---NewPartner--partnerDetailsCurrency-arrow"}]}
COMMAND: GET /session/930502a83f533f2c805315139db51ab5/screenshot - {}
RESULT: {"script":"<script> [1562 bytes]","args":[{"selector":{"id":"application-managepartners-display-component---NewPartner--partnerDetailsCurrency-arrow"},"wdio_ui5_key":"applicationmanagepartners-display-component---NewPartner--partnerDetailsCurrency-arrow"}]}
RESULT: undefined
COMMAND: POST /session/930502a83f533f2c805315139db51ab5/element - {"using":"xpath","value":"//*[@id=\"application-managepartners-display-component---NewPartner--partnerDetailsCurrency-arrow\"]"}
RESULT: {}
RESULT: {"using":"xpath","value":"//*[@id=\"application-managepartners-display-component---NewPartner--partnerDetailsCurrency-arrow\"]"}
COMMAND: POST /session/930502a83f533f2c805315139db51ab5/element/f.180F90221EFB09AB147AA6F209AA2E58.d.CD457F31D81CF061A33594A649E31045.e.1516/click - {}
RESULT: {}
COMMAND: POST /session/930502a83f533f2c805315139db51ab5/element - {"using":"xpath","value":"//span[contains(text(), \"Euro\")]"}
COMMAND: GET /session/930502a83f533f2c805315139db51ab5/screenshot - {}
RESULT: {"using":"xpath","value":"//span[contains(text(), \"Euro\")]"}
COMMAND: POST /session/930502a83f533f2c805315139db51ab5/element/f.180F90221EFB09AB147AA6F209AA2E58.d.CD457F31D81CF061A33594A649E31045.e.1517/click - {}
RESULT: {}
RESULT: {}
COMMAND: POST /session/930502a83f533f2c805315139db51ab5/execute/async - {"script":"<script> [1562 bytes]","args":[{"selector":{"id":"application-managepartners-display-component---NewPartner--addressEditDetailsCostObjectCstType-arrow"},"wdio_ui5_key":"applicationmanagepartners-display-component---NewPartner--addressEditDetailsCostObjectCstType-arrow"}]}
COMMAND: GET /session/930502a83f533f2c805315139db51ab5/screenshot - {}
RESULT: {"script":"<script> [1562 bytes]","args":[{"selector":{"id":"application-managepartners-display-component---NewPartner--addressEditDetailsCostObjectCstType-arrow"},"wdio_ui5_key":"applicationmanagepartners-display-component---NewPartner--addressEditDetailsCostObjectCstType-arrow"}]}
RESULT: undefined
COMMAND: POST /session/930502a83f533f2c805315139db51ab5/element - {"using":"xpath","value":"//*[@id=\"application-managepartners-display-component---NewPartner--addressEditDetailsCostObjectCstType-arrow\"]"}
RESULT: {}
RESULT: {"using":"xpath","value":"//*[@id=\"application-managepartners-display-component---NewPartner--addressEditDetailsCostObjectCstType-arrow\"]"}
COMMAND: POST /session/930502a83f533f2c805315139db51ab5/element/f.180F90221EFB09AB147AA6F209AA2E58.d.CD457F31D81CF061A33594A649E31045.e.1518/click - {}
RESULT: {}
COMMAND: POST /session/930502a83f533f2c805315139db51ab5/element - {"using":"xpath","value":"//span[contains(text(), \"Cost Center\")]"}
COMMAND: GET /session/930502a83f533f2c805315139db51ab5/screenshot - {}
RESULT: {"using":"xpath","value":"//span[contains(text(), \"Cost Center\")]"}
COMMAND: POST /session/930502a83f533f2c805315139db51ab5/element/f.180F90221EFB09AB147AA6F209AA2E58.d.CD457F31D81CF061A33594A649E31045.e.1519/click - {}
RESULT: {}
RESULT: {}
COMMAND: GET /session/930502a83f533f2c805315139db51ab5/screenshot - {}
RESULT: {}
COMMAND: POST /session/930502a83f533f2c805315139db51ab5/element - {"using":"xpath","value":"//span[@id=\"application-managepartners-display-component---NewPartner--addressNewCostObjectCstID-vhi\"]"}
RESULT: {"using":"xpath","value":"//span[@id=\"application-managepartners-display-component---NewPartner--addressNewCostObjectCstID-vhi\"]"}
COMMAND: POST /session/930502a83f533f2c805315139db51ab5/element - {"using":"xpath","value":"//span[@id=\"application-managepartners-display-component---NewPartner--addressNewCostObjectCstID-vhi\"]"}
RESULT: {"using":"xpath","value":"//span[@id=\"application-managepartners-display-component---NewPartner--addressNewCostObjectCstID-vhi\"]"}
COMMAND: POST /session/930502a83f533f2c805315139db51ab5/element - {"using":"xpath","value":"//input[@id=\"application-managepartners-display-component---NewPartner--addressNewCostObjectCstID-inner\"]"}
RESULT: {"using":"xpath","value":"//input[@id=\"application-managepartners-display-component---NewPartner--addressNewCostObjectCstID-inner\"]"}
COMMAND: POST /session/930502a83f533f2c805315139db51ab5/execute/sync - {"script":"<script> [8489 bytes]","args":[{"element-6066-11e4-a52e-4f735466cecf":"f.180F90221EFB09AB147AA6F209AA2E58.d.CD457F31D81CF061A33594A649E31045.e.1515","ELEMENT":"f.180F90221EFB09AB147AA6F209AA2E58.d.CD457F31D81CF061A33594A649E31045.e.1515"}]}
RESULT: {"script":"<script> [8489 bytes]","args":[{"element-6066-11e4-a52e-4f735466cecf":"f.180F90221EFB09AB147AA6F209AA2E58.d.CD457F31D81CF061A33594A649E31045.e.1515","ELEMENT":"f.180F90221EFB09AB147AA6F209AA2E58.d.CD457F31D81CF061A33594A649E31045.e.1515"}]}
COMMAND: POST /session/930502a83f533f2c805315139db51ab5/element/f.180F90221EFB09AB147AA6F209AA2E58.d.CD457F31D81CF061A33594A649E31045.e.1515/clear - {}
COMMAND: GET /session/930502a83f533f2c805315139db51ab5/screenshot - {}
RESULT: {}
COMMAND: POST /session/930502a83f533f2c805315139db51ab5/element - {"using":"xpath","value":"//input[@id=\"application-managepartners-display-component---NewPartner--addressNewCostObjectCstID-inner\"]"}
RESULT: {"using":"xpath","value":"//input[@id=\"application-managepartners-display-component---NewPartner--addressNewCostObjectCstID-inner\"]"}
COMMAND: POST /session/930502a83f533f2c805315139db51ab5/element/f.180F90221EFB09AB147AA6F209AA2E58.d.CD457F31D81CF061A33594A649E31045.e.1515/clear - {}
COMMAND: POST /session/930502a83f533f2c805315139db51ab5/element - {"using":"xpath","value":"//input[@id=\"application-managepartners-display-component---NewPartner--addressNewCostObjectCstID-inner\"]"}
RESULT: {"using":"xpath","value":"//input[@id=\"application-managepartners-display-component---NewPartner--addressNewCostObjectCstID-inner\"]"}
COMMAND: POST /session/930502a83f533f2c805315139db51ab5/element/f.180F90221EFB09AB147AA6F209AA2E58.d.CD457F31D81CF061A33594A649E31045.e.1522/clear - {}
COMMAND: POST /session/930502a83f533f2c805315139db51ab5/element - {"using":"xpath","value":"//input[@id=\"application-managepartners-display-component---NewPartner--addressNewCostObjectCstID-inner\"]"}
RESULT: {"using":"xpath","value":"//input[@id=\"application-managepartners-display-component---NewPartner--addressNewCostObjectCstID-inner\"]"}
COMMAND: POST /session/930502a83f533f2c805315139db51ab5/element/f.180F90221EFB09AB147AA6F209AA2E58.d.CD457F31D81CF061A33594A649E31045.e.1522/clear - {}
COMMAND: POST /session/930502a83f533f2c805315139db51ab5/element - {"using":"xpath","value":"//input[@id=\"application-managepartners-display-component---NewPartner--addressNewCostObjectCstID-inner\"]"}
RESULT: {"using":"xpath","value":"//input[@id=\"application-managepartners-display-component---NewPartner--addressNewCostObjectCstID-inner\"]"}
COMMAND: POST /session/930502a83f533f2c805315139db51ab5/element/f.180F90221EFB09AB147AA6F209AA2E58.d.CD457F31D81CF061A33594A649E31045.e.1524/clear - {}
RESULT: {}
COMMAND: POST /session/930502a83f533f2c805315139db51ab5/element/f.180F90221EFB09AB147AA6F209AA2E58.d.CD457F31D81CF061A33594A649E31045.e.1524/value - {"text":"10001013"}
COMMAND: GET /session/930502a83f533f2c805315139db51ab5/screenshot - {}
RESULT: {"text":"10001013"}
COMMAND: GET /session/930502a83f533f2c805315139db51ab5/screenshot - {}
RESULT: {}
RESULT: {}
COMMAND: POST /session/930502a83f533f2c805315139db51ab5/element - {"using":"xpath","value":"//input[@id=\"application-managepartners-display-component---NewPartner--companyCodeComboBox-inner\"]"}
RESULT: {"using":"xpath","value":"//input[@id=\"application-managepartners-display-component---NewPartner--companyCodeComboBox-inner\"]"}
COMMAND: POST /session/930502a83f533f2c805315139db51ab5/element/f.180F90221EFB09AB147AA6F209AA2E58.d.CD457F31D81CF061A33594A649E31045.e.1412/clear - {}
RESULT: {}
COMMAND: POST /session/930502a83f533f2c805315139db51ab5/element/f.180F90221EFB09AB147AA6F209AA2E58.d.CD457F31D81CF061A33594A649E31045.e.1412/value - {"text":"1000"}
COMMAND: GET /session/930502a83f533f2c805315139db51ab5/screenshot - {}
RESULT: {}
RESULT: {"text":"1000"}
COMMAND: GET /session/930502a83f533f2c805315139db51ab5/screenshot - {}
RESULT: {}
COMMAND: POST /session/930502a83f533f2c805315139db51ab5/element - {"using":"xpath","value":"//span[contains(text(), \"1000\")]"}
RESULT: {"using":"xpath","value":"//span[contains(text(), \"1000\")]"}
COMMAND: POST /session/930502a83f533f2c805315139db51ab5/element/f.180F90221EFB09AB147AA6F209AA2E58.d.CD457F31D81CF061A33594A649E31045.e.1531/click - {}
RESULT: {}
COMMAND: GET /session/930502a83f533f2c805315139db51ab5/screenshot - {}
RESULT: {}
COMMAND: POST /session/930502a83f533f2c805315139db51ab5/execute/async - {"script":"<script> [1562 bytes]","args":[{"selector":{"id":"application-managepartners-display-component---NewPartner--btnAddTableRow-img"},"wdio_ui5_key":"applicationmanagepartners-display-component---NewPartner--btnAddTableRow-img"}]}
RESULT: {"script":"<script> [1562 bytes]","args":[{"selector":{"id":"application-managepartners-display-component---NewPartner--btnAddTableRow-img"},"wdio_ui5_key":"applicationmanagepartners-display-component---NewPartner--btnAddTableRow-img"}]}
RESULT: undefined
COMMAND: POST /session/930502a83f533f2c805315139db51ab5/element - {"using":"xpath","value":"//*[@id=\"application-managepartners-display-component---NewPartner--btnAddTableRow-img\"]"}
RESULT: {"using":"xpath","value":"//*[@id=\"application-managepartners-display-component---NewPartner--btnAddTableRow-img\"]"}
COMMAND: POST /session/930502a83f533f2c805315139db51ab5/element/f.180F90221EFB09AB147AA6F209AA2E58.d.CD457F31D81CF061A33594A649E31045.e.1532/click - {}
RESULT: {}
COMMAND: GET /session/930502a83f533f2c805315139db51ab5/screenshot - {}
RESULT: {}
COMMAND: POST /session/930502a83f533f2c805315139db51ab5/element - {"using":"xpath","value":"//input[@id=\"application-managepartners-display-component---NewPartner--assignmentYard-application-managepartners-display-component---NewPartner--assignmentsTable-0-inner\"]"}
RESULT: {"using":"xpath","value":"//input[@id=\"application-managepartners-display-component---NewPartner--assignmentYard-application-managepartners-display-component---NewPartner--assignmentsTable-0-inner\"]"}
COMMAND: POST /session/930502a83f533f2c805315139db51ab5/element/f.180F90221EFB09AB147AA6F209AA2E58.d.CD457F31D81CF061A33594A649E31045.e.1535/clear - {}
RESULT: {}
COMMAND: POST /session/930502a83f533f2c805315139db51ab5/element/f.180F90221EFB09AB147AA6F209AA2E58.d.CD457F31D81CF061A33594A649E31045.e.1535/value - {"text":"473"}
COMMAND: GET /session/930502a83f533f2c805315139db51ab5/screenshot - {}
RESULT: {"text":"473"}
COMMAND: GET /session/930502a83f533f2c805315139db51ab5/screenshot - {}
RESULT: {}
RESULT: {}
COMMAND: POST /session/930502a83f533f2c805315139db51ab5/element - {"using":"xpath","value":"//li[.//span[text()='473']]"}
RESULT: {"using":"xpath","value":"//li[.//span[text()='473']]"}
COMMAND: POST /session/930502a83f533f2c805315139db51ab5/element/f.180F90221EFB09AB147AA6F209AA2E58.d.CD457F31D81CF061A33594A649E31045.e.1544/click - {}
RESULT: {}
COMMAND: GET /session/930502a83f533f2c805315139db51ab5/screenshot - {}
RESULT: {}
COMMAND: POST /session/930502a83f533f2c805315139db51ab5/actions - {"actions":[{"id":"action2","type":"key","parameters":{},"actions":[{"type":"keyDown","value":"î€‡"},{"type":"pause","duration":10},{"type":"keyUp","value":"î€‡"}]}]}
RESULT: {"actions":[{"id":"action2","type":"key","parameters":{},"actions":[{"type":"keyDown","value":"î€‡"},{"type":"pause","duration":10},{"type":"keyUp","value":"î€‡"}]}]}
COMMAND: POST /session/930502a83f533f2c805315139db51ab5/execute/async - {"script":"<script> [1562 bytes]","args":[{"selector":{"id":"application-managepartners-display-component---NewPartner--externalCustomerComboBox-application-managepartners-display-component---NewPartner--assignmentsTable-0-vhi"},"wdio_ui5_key":"applicationmanagepartners-display-component---NewPartner--externalCustomerComboBox-application-managepartners-display-component---NewPartner--assignmentsTable-0-vhi"}]}
COMMAND: GET /session/930502a83f533f2c805315139db51ab5/screenshot - {}
RESULT: {"script":"<script> [1562 bytes]","args":[{"selector":{"id":"application-managepartners-display-component---NewPartner--externalCustomerComboBox-application-managepartners-display-component---NewPartner--assignmentsTable-0-vhi"},"wdio_ui5_key":"applicationmanagepartners-display-component---NewPartner--externalCustomerComboBox-application-managepartners-display-component---NewPartner--assignmentsTable-0-vhi"}]}
RESULT: undefined
COMMAND: POST /session/930502a83f533f2c805315139db51ab5/element - {"using":"xpath","value":"//*[@id=\"application-managepartners-display-component---NewPartner--externalCustomerComboBox-application-managepartners-display-component---NewPartner--assignmentsTable-0-vhi\"]"}
RESULT: {}
RESULT: {"using":"xpath","value":"//*[@id=\"application-managepartners-display-component---NewPartner--externalCustomerComboBox-application-managepartners-display-component---NewPartner--assignmentsTable-0-vhi\"]"}
COMMAND: POST /session/930502a83f533f2c805315139db51ab5/element/f.180F90221EFB09AB147AA6F209AA2E58.d.CD457F31D81CF061A33594A649E31045.e.1548/click - {}
RESULT: {}
RESULT: undefined
COMMAND: POST /session/930502a83f533f2c805315139db51ab5/execute/async - {"script":"<script> [776 bytes]","args":[{"enterText":"300003","selector":{"controlType":"sap.m.SearchField","properties":{"placeholder":"Search"},"searchOpenDialogs":true,"interaction":{"idSuffix":"I"}},"clearTextFirst":true,"interactionType":"ENTER_TEXT"}]}
COMMAND: GET /session/930502a83f533f2c805315139db51ab5/screenshot - {}
RESULT: {"script":"<script> [776 bytes]","args":[{"enterText":"300003","selector":{"controlType":"sap.m.SearchField","properties":{"placeholder":"Search"},"searchOpenDialogs":true,"interaction":{"idSuffix":"I"}},"clearTextFirst":true,"interactionType":"ENTER_TEXT"}]}
COMMAND: POST /session/930502a83f533f2c805315139db51ab5/actions - {"actions":[{"id":"action3","type":"key","parameters":{},"actions":[{"type":"keyDown","value":"î€‡"},{"type":"pause","duration":10},{"type":"keyUp","value":"î€‡"}]}]}
RESULT: {}
RESULT: {"actions":[{"id":"action3","type":"key","parameters":{},"actions":[{"type":"keyDown","value":"î€‡"},{"type":"pause","duration":10},{"type":"keyUp","value":"î€‡"}]}]}
COMMAND: GET /session/930502a83f533f2c805315139db51ab5/screenshot - {}
RESULT: {}
COMMAND: POST /session/930502a83f533f2c805315139db51ab5/element - {"using":"xpath","value":"//span[contains(text(), \"300003\")]"}
RESULT: {"using":"xpath","value":"//span[contains(text(), \"300003\")]"}
COMMAND: POST /session/930502a83f533f2c805315139db51ab5/element/f.180F90221EFB09AB147AA6F209AA2E58.d.CD457F31D81CF061A33594A649E31045.e.1567/click - {}
RESULT: {}
COMMAND: GET /session/930502a83f533f2c805315139db51ab5/screenshot - {}
RESULT: {}
COMMAND: POST /session/930502a83f533f2c805315139db51ab5/element - {"using":"xpath","value":"//bdi[contains(text(), \"OK\")]"}
RESULT: {"using":"xpath","value":"//bdi[contains(text(), \"OK\")]"}
COMMAND: POST /session/930502a83f533f2c805315139db51ab5/element/f.180F90221EFB09AB147AA6F209AA2E58.d.CD457F31D81CF061A33594A649E31045.e.1569/click - {}
RESULT: {}
COMMAND: GET /session/930502a83f533f2c805315139db51ab5/screenshot - {}
RESULT: {}
COMMAND: POST /session/930502a83f533f2c805315139db51ab5/execute/async - {"script":"<script> [1562 bytes]","args":[{"selector":{"id":"application-managepartners-display-component---NewPartner--intercompVendorComboBox-application-managepartners-display-component---NewPartner--assignmentsTable-0-vhi"},"wdio_ui5_key":"applicationmanagepartners-display-component---NewPartner--intercompVendorComboBox-application-managepartners-display-component---NewPartner--assignmentsTable-0-vhi"}]}
RESULT: {"script":"<script> [1562 bytes]","args":[{"selector":{"id":"application-managepartners-display-component---NewPartner--intercompVendorComboBox-application-managepartners-display-component---NewPartner--assignmentsTable-0-vhi"},"wdio_ui5_key":"applicationmanagepartners-display-component---NewPartner--intercompVendorComboBox-application-managepartners-display-component---NewPartner--assignmentsTable-0-vhi"}]}
RESULT: undefined
COMMAND: POST /session/930502a83f533f2c805315139db51ab5/element - {"using":"xpath","value":"//*[@id=\"application-managepartners-display-component---NewPartner--intercompVendorComboBox-application-managepartners-display-component---NewPartner--assignmentsTable-0-vhi\"]"}
RESULT: {"using":"xpath","value":"//*[@id=\"application-managepartners-display-component---NewPartner--intercompVendorComboBox-application-managepartners-display-component---NewPartner--assignmentsTable-0-vhi\"]"}
COMMAND: POST /session/930502a83f533f2c805315139db51ab5/element/f.180F90221EFB09AB147AA6F209AA2E58.d.CD457F31D81CF061A33594A649E31045.e.1573/click - {}
RESULT: {}
RESULT: undefined
COMMAND: POST /session/930502a83f533f2c805315139db51ab5/execute/async - {"script":"<script> [776 bytes]","args":[{"enterText":"100005","selector":{"controlType":"sap.m.SearchField","properties":{"placeholder":"Search"},"searchOpenDialogs":true,"interaction":{"idSuffix":"I"}},"clearTextFirst":true,"interactionType":"ENTER_TEXT"}]}
COMMAND: GET /session/930502a83f533f2c805315139db51ab5/screenshot - {}
RESULT: {"script":"<script> [776 bytes]","args":[{"enterText":"100005","selector":{"controlType":"sap.m.SearchField","properties":{"placeholder":"Search"},"searchOpenDialogs":true,"interaction":{"idSuffix":"I"}},"clearTextFirst":true,"interactionType":"ENTER_TEXT"}]}
COMMAND: POST /session/930502a83f533f2c805315139db51ab5/actions - {"actions":[{"id":"action4","type":"key","parameters":{},"actions":[{"type":"keyDown","value":"î€‡"},{"type":"pause","duration":10},{"type":"keyUp","value":"î€‡"}]}]}
RESULT: {}
RESULT: {"actions":[{"id":"action4","type":"key","parameters":{},"actions":[{"type":"keyDown","value":"î€‡"},{"type":"pause","duration":10},{"type":"keyUp","value":"î€‡"}]}]}
COMMAND: GET /session/930502a83f533f2c805315139db51ab5/screenshot - {}
RESULT: {}
COMMAND: POST /session/930502a83f533f2c805315139db51ab5/element - {"using":"xpath","value":"//span[contains(text(), \"Penguins - Field/12345 Berlin\")]"}
RESULT: {"using":"xpath","value":"//span[contains(text(), \"Penguins - Field/12345 Berlin\")]"}
COMMAND: POST /session/930502a83f533f2c805315139db51ab5/element/f.180F90221EFB09AB147AA6F209AA2E58.d.CD457F31D81CF061A33594A649E31045.e.1592/click - {}
RESULT: {}
COMMAND: GET /session/930502a83f533f2c805315139db51ab5/screenshot - {}
RESULT: {}
COMMAND: POST /session/930502a83f533f2c805315139db51ab5/element - {"using":"xpath","value":"//bdi[contains(text(), \"OK\")]"}
RESULT: {"using":"xpath","value":"//bdi[contains(text(), \"OK\")]"}
COMMAND: POST /session/930502a83f533f2c805315139db51ab5/element/f.180F90221EFB09AB147AA6F209AA2E58.d.CD457F31D81CF061A33594A649E31045.e.1593/click - {}
RESULT: {}
COMMAND: GET /session/930502a83f533f2c805315139db51ab5/screenshot - {}
RESULT: {}
COMMAND: POST /session/930502a83f533f2c805315139db51ab5/element - {"using":"xpath","value":"//button[@data-kt=\"saveButton\"]"}
RESULT: {"using":"xpath","value":"//button[@data-kt=\"saveButton\"]"}
COMMAND: POST /session/930502a83f533f2c805315139db51ab5/element/f.180F90221EFB09AB147AA6F209AA2E58.d.CD457F31D81CF061A33594A649E31045.e.1476/click - {}
RESULT: {}
COMMAND: GET /session/930502a83f533f2c805315139db51ab5/screenshot - {}
RESULT: {}
COMMAND: POST /session/930502a83f533f2c805315139db51ab5/element - {"using":"xpath","value":"//header[contains(@id, 'ObjectPageLayout-headerTitle')]/div[1]/div[2]/div[2]/span[1]"}
RESULT: {"using":"xpath","value":"//header[contains(@id, 'ObjectPageLayout-headerTitle')]/div[1]/div[2]/div[2]/span[1]"}
COMMAND: POST /session/930502a83f533f2c805315139db51ab5/elements - {"using":"xpath","value":"//header[contains(@id, 'ObjectPageLayout-headerTitle')]/div[1]/div[2]/div[2]/span[1]"}
RESULT: {"using":"xpath","value":"//header[contains(@id, 'ObjectPageLayout-headerTitle')]/div[1]/div[2]/div[2]/span[1]"}
COMMAND: POST /session/930502a83f533f2c805315139db51ab5/execute/sync - {"script":"<script> [56 bytes]","args":[{"element-6066-11e4-a52e-4f735466cecf":"f.180F90221EFB09AB147AA6F209AA2E58.d.CD457F31D81CF061A33594A649E31045.e.1763","ELEMENT":"f.180F90221EFB09AB147AA6F209AA2E58.d.CD457F31D81CF061A33594A649E31045.e.1763"}]}
RESULT: {"script":"<script> [56 bytes]","args":[{"element-6066-11e4-a52e-4f735466cecf":"f.180F90221EFB09AB147AA6F209AA2E58.d.CD457F31D81CF061A33594A649E31045.e.1763","ELEMENT":"f.180F90221EFB09AB147AA6F209AA2E58.d.CD457F31D81CF061A33594A649E31045.e.1763"}]}
COMMAND: POST /session/930502a83f533f2c805315139db51ab5/element - {"using":"css selector","value":"#shell-header-logo"}
COMMAND: GET /session/930502a83f533f2c805315139db51ab5/screenshot - {}
RESULT: {"using":"css selector","value":"#shell-header-logo"}
COMMAND: POST /session/930502a83f533f2c805315139db51ab5/element/f.180F90221EFB09AB147AA6F209AA2E58.d.CD457F31D81CF061A33594A649E31045.e.1017/click - {}
RESULT: {}
RESULT: {}
COMMAND: GET /session/930502a83f533f2c805315139db51ab5/screenshot - {}
RESULT: {}
COMMAND: POST /session/930502a83f533f2c805315139db51ab5/execute/sync - {"script":"<script> [299 bytes]","args":[["getModel","getResource"]]}
RESULT: {"script":"<script> [299 bytes]","args":[["getModel","getResource"]]}
COMMAND: GET /session/930502a83f533f2c805315139db51ab5/screenshot - {}
]]></system-out>
    </testcase>
    <testcase classname="chrome.135_0_7049_96.windows.Tests_for_Mass_State_Change_on_Manage_States_&amp;_Performances_US104416_US" name="Prereq Should create a new site" time="158.336">
      <system-out><![CDATA[
COMMAND: POST /session/930502a83f533f2c805315139db51ab5/execute/async - {"script":"<script> [1562 bytes]","args":[{"selector":{"controlType":"sap.m.TileContent","bindingPath":{"path":"","propertyPath":"/properties/info"},"ancestor":{"controlType":"sap.m.GenericTile","properties":{"header":"Manage Sites"}}},"wdio_ui5_key":"sapm.TileContent{\"path\":\"\",\"propertyPath\":\"/properties/info\"}{\"controlType\":\"sap.m.GenericTile\",\"properties\":{\"header\":\"Manage Sites\"}}"}]}
RESULT: {"script":"<script> [1562 bytes]","args":[{"selector":{"controlType":"sap.m.TileContent","bindingPath":{"path":"","propertyPath":"/properties/info"},"ancestor":{"controlType":"sap.m.GenericTile","properties":{"header":"Manage Sites"}}},"wdio_ui5_key":"sapm.TileContent{\"path\":\"\",\"propertyPath\":\"/properties/info\"}{\"controlType\":\"sap.m.GenericTile\",\"properties\":{\"header\":\"Manage Sites\"}}"}]}
RESULT: undefined
COMMAND: POST /session/930502a83f533f2c805315139db51ab5/element - {"using":"xpath","value":"//*[@id=\"__xmlview7--numericTileContent\"]"}
RESULT: {}
RESULT: {"using":"xpath","value":"//*[@id=\"__xmlview7--numericTileContent\"]"}
COMMAND: POST /session/930502a83f533f2c805315139db51ab5/element/f.180F90221EFB09AB147AA6F209AA2E58.d.CD457F31D81CF061A33594A649E31045.e.1765/click - {}
RESULT: {}
COMMAND: POST /session/930502a83f533f2c805315139db51ab5/element - {"using":"xpath","value":"//button[@data-kt=\"addOverflowToolbarButton\"]"}
COMMAND: GET /session/930502a83f533f2c805315139db51ab5/screenshot - {}
RESULT: {"using":"xpath","value":"//button[@data-kt=\"addOverflowToolbarButton\"]"}
COMMAND: POST /session/930502a83f533f2c805315139db51ab5/elements - {"using":"xpath","value":"//button[@data-kt=\"addOverflowToolbarButton\"]"}
RESULT: {}
RESULT: {"using":"xpath","value":"//button[@data-kt=\"addOverflowToolbarButton\"]"}
COMMAND: POST /session/930502a83f533f2c805315139db51ab5/elements - {"using":"xpath","value":"//button[@data-kt=\"addOverflowToolbarButton\"]"}
RESULT: {"using":"xpath","value":"//button[@data-kt=\"addOverflowToolbarButton\"]"}
COMMAND: POST /session/930502a83f533f2c805315139db51ab5/elements - {"using":"xpath","value":"//button[@data-kt=\"addOverflowToolbarButton\"]"}
RESULT: {"using":"xpath","value":"//button[@data-kt=\"addOverflowToolbarButton\"]"}
COMMAND: POST /session/930502a83f533f2c805315139db51ab5/elements - {"using":"xpath","value":"//button[@data-kt=\"addOverflowToolbarButton\"]"}
RESULT: {"using":"xpath","value":"//button[@data-kt=\"addOverflowToolbarButton\"]"}
COMMAND: POST /session/930502a83f533f2c805315139db51ab5/element - {"using":"xpath","value":"//button[@data-kt=\"addOverflowToolbarButton\"]"}
RESULT: {"using":"xpath","value":"//button[@data-kt=\"addOverflowToolbarButton\"]"}
COMMAND: POST /session/930502a83f533f2c805315139db51ab5/execute/sync - {"script":"<script> [8489 bytes]","args":[{"element-6066-11e4-a52e-4f735466cecf":"f.180F90221EFB09AB147AA6F209AA2E58.d.CD457F31D81CF061A33594A649E31045.e.1811","ELEMENT":"f.180F90221EFB09AB147AA6F209AA2E58.d.CD457F31D81CF061A33594A649E31045.e.1811"}]}
RESULT: {"script":"<script> [8489 bytes]","args":[{"element-6066-11e4-a52e-4f735466cecf":"f.180F90221EFB09AB147AA6F209AA2E58.d.CD457F31D81CF061A33594A649E31045.e.1811","ELEMENT":"f.180F90221EFB09AB147AA6F209AA2E58.d.CD457F31D81CF061A33594A649E31045.e.1811"}]}
COMMAND: GET /session/930502a83f533f2c805315139db51ab5/element/f.180F90221EFB09AB147AA6F209AA2E58.d.CD457F31D81CF061A33594A649E31045.e.1811/enabled - {}
COMMAND: GET /session/930502a83f533f2c805315139db51ab5/screenshot - {}
RESULT: {}
COMMAND: POST /session/930502a83f533f2c805315139db51ab5/execute/sync - {"script":"<script> [8489 bytes]","args":[{"element-6066-11e4-a52e-4f735466cecf":"f.180F90221EFB09AB147AA6F209AA2E58.d.CD457F31D81CF061A33594A649E31045.e.1811","ELEMENT":"f.180F90221EFB09AB147AA6F209AA2E58.d.CD457F31D81CF061A33594A649E31045.e.1811"}]}
COMMAND: GET /session/930502a83f533f2c805315139db51ab5/screenshot - {}
RESULT: {}
RESULT: {"script":"<script> [8489 bytes]","args":[{"element-6066-11e4-a52e-4f735466cecf":"f.180F90221EFB09AB147AA6F209AA2E58.d.CD457F31D81CF061A33594A649E31045.e.1811","ELEMENT":"f.180F90221EFB09AB147AA6F209AA2E58.d.CD457F31D81CF061A33594A649E31045.e.1811"}]}
COMMAND: POST /session/930502a83f533f2c805315139db51ab5/execute/sync - {"script":"<script> [5351 bytes]","args":[{"element-6066-11e4-a52e-4f735466cecf":"f.180F90221EFB09AB147AA6F209AA2E58.d.CD457F31D81CF061A33594A649E31045.e.1811","ELEMENT":"f.180F90221EFB09AB147AA6F209AA2E58.d.CD457F31D81CF061A33594A649E31045.e.1811"}]}
COMMAND: GET /session/930502a83f533f2c805315139db51ab5/screenshot - {}
RESULT: {}
RESULT: {"script":"<script> [5351 bytes]","args":[{"element-6066-11e4-a52e-4f735466cecf":"f.180F90221EFB09AB147AA6F209AA2E58.d.CD457F31D81CF061A33594A649E31045.e.1811","ELEMENT":"f.180F90221EFB09AB147AA6F209AA2E58.d.CD457F31D81CF061A33594A649E31045.e.1811"}]}
COMMAND: POST /session/930502a83f533f2c805315139db51ab5/element/f.180F90221EFB09AB147AA6F209AA2E58.d.CD457F31D81CF061A33594A649E31045.e.1811/click - {}
COMMAND: GET /session/930502a83f533f2c805315139db51ab5/screenshot - {}
RESULT: {}
RESULT: {}
COMMAND: GET /session/930502a83f533f2c805315139db51ab5/screenshot - {}
COMMAND: POST /session/930502a83f533f2c805315139db51ab5/execute/async - {"script":"<script> [1562 bytes]","args":[{"selector":{"id":"application-managesites-display-component---NewSite--addressDetailDetailsName1","interaction":{"idSuffix":"inner"}},"wdio_ui5_key":"applicationmanagesites-display-component---NewSite--addressDetailDetailsName1"}]}
RESULT: {}
RESULT: {}
RESULT: {"script":"<script> [1562 bytes]","args":[{"selector":{"id":"application-managesites-display-component---NewSite--addressDetailDetailsName1","interaction":{"idSuffix":"inner"}},"wdio_ui5_key":"applicationmanagesites-display-component---NewSite--addressDetailDetailsName1"}]}
RESULT: undefined
COMMAND: POST /session/930502a83f533f2c805315139db51ab5/execute/async - {"script":"<script> [776 bytes]","args":[{"enterText":"Intracompany Site wdIO","selector":{"id":"application-managesites-display-component---NewSite--addressDetailDetailsName1","interaction":{"idSuffix":"inner"}},"clearTextFirst":true,"interactionType":"ENTER_TEXT"}]}
RESULT: {"script":"<script> [776 bytes]","args":[{"enterText":"Intracompany Site wdIO","selector":{"id":"application-managesites-display-component---NewSite--addressDetailDetailsName1","interaction":{"idSuffix":"inner"}},"clearTextFirst":true,"interactionType":"ENTER_TEXT"}]}
COMMAND: POST /session/930502a83f533f2c805315139db51ab5/execute/async - {"script":"<script> [1562 bytes]","args":[{"selector":{"id":"application-managesites-display-component---NewSite--addressDetailDetailsLanguage-arrow"},"wdio_ui5_key":"applicationmanagesites-display-component---NewSite--addressDetailDetailsLanguage-arrow"}]}
RESULT: {"script":"<script> [1562 bytes]","args":[{"selector":{"id":"application-managesites-display-component---NewSite--addressDetailDetailsLanguage-arrow"},"wdio_ui5_key":"applicationmanagesites-display-component---NewSite--addressDetailDetailsLanguage-arrow"}]}
RESULT: undefined
COMMAND: POST /session/930502a83f533f2c805315139db51ab5/element - {"using":"xpath","value":"//*[@id=\"application-managesites-display-component---NewSite--addressDetailDetailsLanguage-arrow\"]"}
RESULT: {"using":"xpath","value":"//*[@id=\"application-managesites-display-component---NewSite--addressDetailDetailsLanguage-arrow\"]"}
COMMAND: POST /session/930502a83f533f2c805315139db51ab5/element/f.180F90221EFB09AB147AA6F209AA2E58.d.CD457F31D81CF061A33594A649E31045.e.2213/click - {}
RESULT: {}
COMMAND: POST /session/930502a83f533f2c805315139db51ab5/element - {"using":"xpath","value":"//span[contains(text(), \"English\")]"}
COMMAND: GET /session/930502a83f533f2c805315139db51ab5/screenshot - {}
RESULT: {"using":"xpath","value":"//span[contains(text(), \"English\")]"}
COMMAND: POST /session/930502a83f533f2c805315139db51ab5/element/f.180F90221EFB09AB147AA6F209AA2E58.d.CD457F31D81CF061A33594A649E31045.e.2214/click - {}
RESULT: {}
RESULT: {}
COMMAND: POST /session/930502a83f533f2c805315139db51ab5/execute/async - {"script":"<script> [1562 bytes]","args":[{"selector":{"id":"application-managesites-display-component---NewSite--addressDetailDetailsCity1","interaction":{"idSuffix":"inner"}},"wdio_ui5_key":"applicationmanagesites-display-component---NewSite--addressDetailDetailsCity1"}]}
COMMAND: GET /session/930502a83f533f2c805315139db51ab5/screenshot - {}
RESULT: {"script":"<script> [1562 bytes]","args":[{"selector":{"id":"application-managesites-display-component---NewSite--addressDetailDetailsCity1","interaction":{"idSuffix":"inner"}},"wdio_ui5_key":"applicationmanagesites-display-component---NewSite--addressDetailDetailsCity1"}]}
RESULT: undefined
COMMAND: POST /session/930502a83f533f2c805315139db51ab5/execute/async - {"script":"<script> [776 bytes]","args":[{"enterText":"Rosario","selector":{"id":"application-managesites-display-component---NewSite--addressDetailDetailsCity1","interaction":{"idSuffix":"inner"}},"clearTextFirst":true,"interactionType":"ENTER_TEXT"}]}
RESULT: {}
RESULT: {"script":"<script> [776 bytes]","args":[{"enterText":"Rosario","selector":{"id":"application-managesites-display-component---NewSite--addressDetailDetailsCity1","interaction":{"idSuffix":"inner"}},"clearTextFirst":true,"interactionType":"ENTER_TEXT"}]}
COMMAND: POST /session/930502a83f533f2c805315139db51ab5/execute/async - {"script":"<script> [1562 bytes]","args":[{"selector":{"id":"application-managesites-display-component---NewSite--addressDetailDetailsCountry-arrow"},"wdio_ui5_key":"applicationmanagesites-display-component---NewSite--addressDetailDetailsCountry-arrow"}]}
RESULT: {"script":"<script> [1562 bytes]","args":[{"selector":{"id":"application-managesites-display-component---NewSite--addressDetailDetailsCountry-arrow"},"wdio_ui5_key":"applicationmanagesites-display-component---NewSite--addressDetailDetailsCountry-arrow"}]}
RESULT: undefined
COMMAND: POST /session/930502a83f533f2c805315139db51ab5/element - {"using":"xpath","value":"//*[@id=\"application-managesites-display-component---NewSite--addressDetailDetailsCountry-arrow\"]"}
RESULT: {"using":"xpath","value":"//*[@id=\"application-managesites-display-component---NewSite--addressDetailDetailsCountry-arrow\"]"}
COMMAND: POST /session/930502a83f533f2c805315139db51ab5/element/f.180F90221EFB09AB147AA6F209AA2E58.d.CD457F31D81CF061A33594A649E31045.e.2216/click - {}
RESULT: {}
COMMAND: POST /session/930502a83f533f2c805315139db51ab5/element - {"using":"xpath","value":"//span[contains(text(), \"Argentina\")]"}
COMMAND: GET /session/930502a83f533f2c805315139db51ab5/screenshot - {}
RESULT: {"using":"xpath","value":"//span[contains(text(), \"Argentina\")]"}
COMMAND: POST /session/930502a83f533f2c805315139db51ab5/element/f.180F90221EFB09AB147AA6F209AA2E58.d.CD457F31D81CF061A33594A649E31045.e.2217/click - {}
RESULT: {}
RESULT: {}
COMMAND: GET /session/930502a83f533f2c805315139db51ab5/screenshot - {}
RESULT: {}
COMMAND: POST /session/930502a83f533f2c805315139db51ab5/execute/async - {"script":"<script> [1562 bytes]","args":[{"selector":{"id":"application-managesites-display-component---NewSite--addressEditDetailsCostObjectCstType-arrow"},"wdio_ui5_key":"applicationmanagesites-display-component---NewSite--addressEditDetailsCostObjectCstType-arrow"}]}
RESULT: {"script":"<script> [1562 bytes]","args":[{"selector":{"id":"application-managesites-display-component---NewSite--addressEditDetailsCostObjectCstType-arrow"},"wdio_ui5_key":"applicationmanagesites-display-component---NewSite--addressEditDetailsCostObjectCstType-arrow"}]}
RESULT: undefined
COMMAND: POST /session/930502a83f533f2c805315139db51ab5/element - {"using":"xpath","value":"//*[@id=\"application-managesites-display-component---NewSite--addressEditDetailsCostObjectCstType-arrow\"]"}
RESULT: {"using":"xpath","value":"//*[@id=\"application-managesites-display-component---NewSite--addressEditDetailsCostObjectCstType-arrow\"]"}
COMMAND: POST /session/930502a83f533f2c805315139db51ab5/element/f.180F90221EFB09AB147AA6F209AA2E58.d.CD457F31D81CF061A33594A649E31045.e.2219/click - {}
RESULT: {}
COMMAND: POST /session/930502a83f533f2c805315139db51ab5/element - {"using":"xpath","value":"//span[contains(text(), \"Cost Center\")]"}
COMMAND: GET /session/930502a83f533f2c805315139db51ab5/screenshot - {}
RESULT: {"using":"xpath","value":"//span[contains(text(), \"Cost Center\")]"}
COMMAND: POST /session/930502a83f533f2c805315139db51ab5/element/f.180F90221EFB09AB147AA6F209AA2E58.d.CD457F31D81CF061A33594A649E31045.e.2220/click - {}
RESULT: {}
RESULT: {}
COMMAND: GET /session/930502a83f533f2c805315139db51ab5/screenshot - {}
RESULT: {}
COMMAND: POST /session/930502a83f533f2c805315139db51ab5/element - {"using":"xpath","value":"//span[@id=\"application-managesites-display-component---NewSite--addressNewCostObjectCstID-vhi\"]"}
RESULT: {"using":"xpath","value":"//span[@id=\"application-managesites-display-component---NewSite--addressNewCostObjectCstID-vhi\"]"}
COMMAND: POST /session/930502a83f533f2c805315139db51ab5/execute/sync - {"script":"<script> [8489 bytes]","args":[{"element-6066-11e4-a52e-4f735466cecf":"f.180F90221EFB09AB147AA6F209AA2E58.d.CD457F31D81CF061A33594A649E31045.e.2225","ELEMENT":"f.180F90221EFB09AB147AA6F209AA2E58.d.CD457F31D81CF061A33594A649E31045.e.2225"}]}
RESULT: {"script":"<script> [8489 bytes]","args":[{"element-6066-11e4-a52e-4f735466cecf":"f.180F90221EFB09AB147AA6F209AA2E58.d.CD457F31D81CF061A33594A649E31045.e.2225","ELEMENT":"f.180F90221EFB09AB147AA6F209AA2E58.d.CD457F31D81CF061A33594A649E31045.e.2225"}]}
COMMAND: POST /session/930502a83f533f2c805315139db51ab5/execute/async - {"script":"<script> [1562 bytes]","args":[{"selector":{"id":"application-managesites-display-component---NewSite--addressNewCostObjectCstID-vhi"},"wdio_ui5_key":"applicationmanagesites-display-component---NewSite--addressNewCostObjectCstID-vhi"}]}
COMMAND: GET /session/930502a83f533f2c805315139db51ab5/screenshot - {}
RESULT: {"script":"<script> [1562 bytes]","args":[{"selector":{"id":"application-managesites-display-component---NewSite--addressNewCostObjectCstID-vhi"},"wdio_ui5_key":"applicationmanagesites-display-component---NewSite--addressNewCostObjectCstID-vhi"}]}
RESULT: undefined
COMMAND: POST /session/930502a83f533f2c805315139db51ab5/element - {"using":"xpath","value":"//*[@id=\"application-managesites-display-component---NewSite--addressNewCostObjectCstID-vhi\"]"}
RESULT: {}
RESULT: {"using":"xpath","value":"//*[@id=\"application-managesites-display-component---NewSite--addressNewCostObjectCstID-vhi\"]"}
COMMAND: POST /session/930502a83f533f2c805315139db51ab5/element/f.180F90221EFB09AB147AA6F209AA2E58.d.CD457F31D81CF061A33594A649E31045.e.2225/click - {}
RESULT: {}
COMMAND: GET /session/930502a83f533f2c805315139db51ab5/screenshot - {}
RESULT: {}
RESULT: undefined
COMMAND: POST /session/930502a83f533f2c805315139db51ab5/execute/async - {"script":"<script> [776 bytes]","args":[{"enterText":"10001013","selector":{"controlType":"sap.m.SearchField","properties":{"placeholder":"Search"},"searchOpenDialogs":true,"interaction":{"idSuffix":"I"}},"clearTextFirst":true,"interactionType":"ENTER_TEXT"}]}
RESULT: {"script":"<script> [776 bytes]","args":[{"enterText":"10001013","selector":{"controlType":"sap.m.SearchField","properties":{"placeholder":"Search"},"searchOpenDialogs":true,"interaction":{"idSuffix":"I"}},"clearTextFirst":true,"interactionType":"ENTER_TEXT"}]}
COMMAND: POST /session/930502a83f533f2c805315139db51ab5/actions - {"actions":[{"id":"action5","type":"key","parameters":{},"actions":[{"type":"keyDown","value":"î€‡"},{"type":"pause","duration":10},{"type":"keyUp","value":"î€‡"}]}]}
RESULT: {"actions":[{"id":"action5","type":"key","parameters":{},"actions":[{"type":"keyDown","value":"î€‡"},{"type":"pause","duration":10},{"type":"keyUp","value":"î€‡"}]}]}
COMMAND: GET /session/930502a83f533f2c805315139db51ab5/screenshot - {}
RESULT: {}
COMMAND: POST /session/930502a83f533f2c805315139db51ab5/element - {"using":"xpath","value":"//span[contains(text(), \"General Management\")]"}
RESULT: {"using":"xpath","value":"//span[contains(text(), \"General Management\")]"}
COMMAND: POST /session/930502a83f533f2c805315139db51ab5/element/f.180F90221EFB09AB147AA6F209AA2E58.d.CD457F31D81CF061A33594A649E31045.e.2264/click - {}
RESULT: {}
COMMAND: GET /session/930502a83f533f2c805315139db51ab5/screenshot - {}
RESULT: {}
COMMAND: POST /session/930502a83f533f2c805315139db51ab5/element - {"using":"xpath","value":"//bdi[contains(text(), \"OK\")]"}
RESULT: {"using":"xpath","value":"//bdi[contains(text(), \"OK\")]"}
COMMAND: POST /session/930502a83f533f2c805315139db51ab5/element/f.180F90221EFB09AB147AA6F209AA2E58.d.CD457F31D81CF061A33594A649E31045.e.2265/click - {}
RESULT: {}
COMMAND: GET /session/930502a83f533f2c805315139db51ab5/screenshot - {}
RESULT: {}
COMMAND: POST /session/930502a83f533f2c805315139db51ab5/element - {"using":"xpath","value":"//input[@id=\"application-managesites-display-component---NewSite--addressDetailDetailsCalendar-inner\"]"}
RESULT: {"using":"xpath","value":"//input[@id=\"application-managesites-display-component---NewSite--addressDetailDetailsCalendar-inner\"]"}
COMMAND: POST /session/930502a83f533f2c805315139db51ab5/element/f.180F90221EFB09AB147AA6F209AA2E58.d.CD457F31D81CF061A33594A649E31045.e.2009/clear - {}
RESULT: {}
COMMAND: POST /session/930502a83f533f2c805315139db51ab5/element/f.180F90221EFB09AB147AA6F209AA2E58.d.CD457F31D81CF061A33594A649E31045.e.2009/value - {"text":"Unit"}
COMMAND: GET /session/930502a83f533f2c805315139db51ab5/screenshot - {}
RESULT: {"text":"Unit"}
COMMAND: GET /session/930502a83f533f2c805315139db51ab5/screenshot - {}
RESULT: {}
RESULT: {}
COMMAND: POST /session/930502a83f533f2c805315139db51ab5/actions - {"actions":[{"id":"action6","type":"key","parameters":{},"actions":[{"type":"keyDown","value":"î€‡"},{"type":"pause","duration":10},{"type":"keyUp","value":"î€‡"}]}]}
RESULT: {"actions":[{"id":"action6","type":"key","parameters":{},"actions":[{"type":"keyDown","value":"î€‡"},{"type":"pause","duration":10},{"type":"keyUp","value":"î€‡"}]}]}
COMMAND: POST /session/930502a83f533f2c805315139db51ab5/element - {"using":"xpath","value":"//input[@id=\"application-managesites-display-component---NewSite--addressDetailDetailsYard-inner\"]"}
COMMAND: GET /session/930502a83f533f2c805315139db51ab5/screenshot - {}
RESULT: {"using":"xpath","value":"//input[@id=\"application-managesites-display-component---NewSite--addressDetailDetailsYard-inner\"]"}
COMMAND: POST /session/930502a83f533f2c805315139db51ab5/element/f.180F90221EFB09AB147AA6F209AA2E58.d.CD457F31D81CF061A33594A649E31045.e.2010/clear - {}
RESULT: {}
RESULT: {}
COMMAND: POST /session/930502a83f533f2c805315139db51ab5/element/f.180F90221EFB09AB147AA6F209AA2E58.d.CD457F31D81CF061A33594A649E31045.e.2010/value - {"text":"473"}
COMMAND: GET /session/930502a83f533f2c805315139db51ab5/screenshot - {}
RESULT: {"text":"473"}
COMMAND: GET /session/930502a83f533f2c805315139db51ab5/screenshot - {}
RESULT: {}
RESULT: {}
COMMAND: POST /session/930502a83f533f2c805315139db51ab5/element - {"using":"xpath","value":"//li[.//span[text()='473']]"}
RESULT: {"using":"xpath","value":"//li[.//span[text()='473']]"}
COMMAND: POST /session/930502a83f533f2c805315139db51ab5/element/f.180F90221EFB09AB147AA6F209AA2E58.d.CD457F31D81CF061A33594A649E31045.e.2273/click - {}
RESULT: {}
COMMAND: GET /session/930502a83f533f2c805315139db51ab5/screenshot - {}
RESULT: {}
COMMAND: POST /session/930502a83f533f2c805315139db51ab5/element - {"using":"xpath","value":"//input[@id=\"application-managesites-display-component---NewSite--addressDetailDetailsPartner-inner\"]"}
RESULT: {"using":"xpath","value":"//input[@id=\"application-managesites-display-component---NewSite--addressDetailDetailsPartner-inner\"]"}
COMMAND: POST /session/930502a83f533f2c805315139db51ab5/element - {"using":"xpath","value":"//input[@id=\"application-managesites-display-component---NewSite--addressDetailDetailsPartner-inner\"]"}
RESULT: {"using":"xpath","value":"//input[@id=\"application-managesites-display-component---NewSite--addressDetailDetailsPartner-inner\"]"}
COMMAND: POST /session/930502a83f533f2c805315139db51ab5/element - {"using":"xpath","value":"//button[@data-kt=\"saveButton\"]"}
RESULT: {"using":"xpath","value":"//button[@data-kt=\"saveButton\"]"}
COMMAND: POST /session/930502a83f533f2c805315139db51ab5/element/f.180F90221EFB09AB147AA6F209AA2E58.d.CD457F31D81CF061A33594A649E31045.e.2198/click - {}
RESULT: {}
COMMAND: GET /session/930502a83f533f2c805315139db51ab5/screenshot - {}
RESULT: {}
COMMAND: POST /session/930502a83f533f2c805315139db51ab5/element - {"using":"xpath","value":"//header[contains(@id, 'ObjectPageLayout-headerTitle')]/div[1]/div[2]/div[2]/span[1]"}
RESULT: {"using":"xpath","value":"//header[contains(@id, 'ObjectPageLayout-headerTitle')]/div[1]/div[2]/div[2]/span[1]"}
COMMAND: POST /session/930502a83f533f2c805315139db51ab5/elements - {"using":"xpath","value":"//header[contains(@id, 'ObjectPageLayout-headerTitle')]/div[1]/div[2]/div[2]/span[1]"}
RESULT: {"using":"xpath","value":"//header[contains(@id, 'ObjectPageLayout-headerTitle')]/div[1]/div[2]/div[2]/span[1]"}
COMMAND: POST /session/930502a83f533f2c805315139db51ab5/execute/sync - {"script":"<script> [56 bytes]","args":[{"element-6066-11e4-a52e-4f735466cecf":"f.180F90221EFB09AB147AA6F209AA2E58.d.CD457F31D81CF061A33594A649E31045.e.2478","ELEMENT":"f.180F90221EFB09AB147AA6F209AA2E58.d.CD457F31D81CF061A33594A649E31045.e.2478"}]}
RESULT: {"script":"<script> [56 bytes]","args":[{"element-6066-11e4-a52e-4f735466cecf":"f.180F90221EFB09AB147AA6F209AA2E58.d.CD457F31D81CF061A33594A649E31045.e.2478","ELEMENT":"f.180F90221EFB09AB147AA6F209AA2E58.d.CD457F31D81CF061A33594A649E31045.e.2478"}]}
COMMAND: POST /session/930502a83f533f2c805315139db51ab5/element - {"using":"css selector","value":"#shell-header-logo"}
COMMAND: GET /session/930502a83f533f2c805315139db51ab5/screenshot - {}
RESULT: {"using":"css selector","value":"#shell-header-logo"}
COMMAND: POST /session/930502a83f533f2c805315139db51ab5/element/f.180F90221EFB09AB147AA6F209AA2E58.d.CD457F31D81CF061A33594A649E31045.e.1769/click - {}
RESULT: {}
RESULT: {}
COMMAND: GET /session/930502a83f533f2c805315139db51ab5/screenshot - {}
RESULT: {}
COMMAND: POST /session/930502a83f533f2c805315139db51ab5/execute/sync - {"script":"<script> [299 bytes]","args":[["getModel","getResource"]]}
RESULT: {"script":"<script> [299 bytes]","args":[["getModel","getResource"]]}
COMMAND: POST /session/930502a83f533f2c805315139db51ab5/element - {"using":"xpath","value":"//button[.//bdi[contains(text(), \"Close\")]]"}
COMMAND: GET /session/930502a83f533f2c805315139db51ab5/screenshot - {}
RESULT: {"using":"xpath","value":"//button[.//bdi[contains(text(), \"Close\")]]"}
COMMAND: POST /session/930502a83f533f2c805315139db51ab5/element/f.180F90221EFB09AB147AA6F209AA2E58.d.CD457F31D81CF061A33594A649E31045.e.2479/click - {}
RESULT: {}
RESULT: {}
COMMAND: GET /session/930502a83f533f2c805315139db51ab5/screenshot - {}
RESULT: {}
COMMAND: POST /session/930502a83f533f2c805315139db51ab5/refresh - {}
RESULT: {}
COMMAND: GET /session/930502a83f533f2c805315139db51ab5/screenshot - {}
RESULT: {}
COMMAND: POST /session/930502a83f533f2c805315139db51ab5/refresh - {}
RESULT: {}
COMMAND: GET /session/930502a83f533f2c805315139db51ab5/screenshot - {}
RESULT: {}
COMMAND: POST /session/930502a83f533f2c805315139db51ab5/window/fullscreen - {}
RESULT: {}
COMMAND: POST /session/930502a83f533f2c805315139db51ab5/execute/async - {"script":"<script> [189 bytes]","args":[]}
RESULT: {"script":"<script> [189 bytes]","args":[]}
COMMAND: POST /session/930502a83f533f2c805315139db51ab5/execute/async - {"script":"<script> [123 bytes]","args":[]}
RESULT: {"script":"<script> [123 bytes]","args":[]}
COMMAND: POST /session/930502a83f533f2c805315139db51ab5/timeouts - {"script":"<number>"}
RESULT: {"script":"<number>"}
COMMAND: GET /session/930502a83f533f2c805315139db51ab5/timeouts - {}
RESULT: {}
RESULT: undefined
COMMAND: POST /session/930502a83f533f2c805315139db51ab5/execute/async - {"script":"<script> [2676 bytes]","args":[]}
RESULT: {"script":"<script> [2676 bytes]","args":[]}
COMMAND: POST /session/930502a83f533f2c805315139db51ab5/execute/async - {"script":"<script> [2342 bytes]","args":[{"protocol":"http","hostname":"0.0.0.0","path":"/","capabilities":{"browserName":"chrome","goog:chromeOptions":{"binary":"C:\\Program Files\\Google\\Chrome\\Application\\chrome.exe","args":["--start-maximized"]}},"logLevel":"warn","connectionRetryTimeout":120000,"connectionRetryCount":3,"logLevels":{},"enableDirectConnect":true,"strictSSL":true,"_":"65 more keys: [\"cacheDir\",\"port\",\"requestedCapabilities\",\"automationProtocol\",\"baseUrl\",\"waitforInterval\",\"waitforTimeout\",\"onReload\",\"beforeCommand\",\"afterCommand\",\"rootDir\",\"specs\",\"suites\",\"exclude\",\"groupLogsByTestSpec\",\"excludeDriverLogs\",\"bail\",\"framework\",\"reporters\",\"services\",\"maxInstances\",\"maxInstancesPerCapability\",\"injectGlobals\",\"filesToWatch\",\"execArgv\",\"runnerEnv\",\"runner\",\"shard\",\"specFileRetries\",\"specFileRetriesDelay\",\"specFileRetriesDeferred\",\"reporterSyncInterval\",\"reporterSyncTimeout\",\"cucumberFeaturesWithLineNumbers\",\"autoCompileOpts\",\"mochaOpts\",\"jasmineOpts\",\"cucumberOpts\",\"onPrepare\",\"onWorkerStart\",\"onWorkerEnd\",\"before\",\"beforeSession\",\"beforeSuite\",\"beforeHook\",\"beforeTest\",\"afterTest\",\"afterHook\",\"afterSuite\",\"afterSession\",\"after\",\"onComplete\",\"beforeAssertion\",\"afterAssertion\",\"beforeFeature\",\"beforeScenario\",\"beforeStep\",\"afterStep\",\"afterScenario\",\"afterFeature\",\"_\",\"suite\",\"$0\",\"ignoredWorkerServices\",\"wdi5\"]"}]}
RESULT: {"script":"<script> [2342 bytes]","args":[{"protocol":"http","hostname":"0.0.0.0","path":"/","capabilities":{"browserName":"chrome","goog:chromeOptions":{"binary":"C:\\Program Files\\Google\\Chrome\\Application\\chrome.exe","args":["--start-maximized"]}},"logLevel":"warn","connectionRetryTimeout":120000,"connectionRetryCount":3,"logLevels":{},"enableDirectConnect":true,"strictSSL":true,"_":"65 more keys: [\"cacheDir\",\"port\",\"requestedCapabilities\",\"automationProtocol\",\"baseUrl\",\"waitforInterval\",\"waitforTimeout\",\"onReload\",\"beforeCommand\",\"afterCommand\",\"rootDir\",\"specs\",\"suites\",\"exclude\",\"groupLogsByTestSpec\",\"excludeDriverLogs\",\"bail\",\"framework\",\"reporters\",\"services\",\"maxInstances\",\"maxInstancesPerCapability\",\"injectGlobals\",\"filesToWatch\",\"execArgv\",\"runnerEnv\",\"runner\",\"shard\",\"specFileRetries\",\"specFileRetriesDelay\",\"specFileRetriesDeferred\",\"reporterSyncInterval\",\"reporterSyncTimeout\",\"cucumberFeaturesWithLineNumbers\",\"autoCompileOpts\",\"mochaOpts\",\"jasmineOpts\",\"cucumberOpts\",\"onPrepare\",\"onWorkerStart\",\"onWorkerEnd\",\"before\",\"beforeSession\",\"beforeSuite\",\"beforeHook\",\"beforeTest\",\"afterTest\",\"afterHook\",\"afterSuite\",\"afterSession\",\"after\",\"onComplete\",\"beforeAssertion\",\"afterAssertion\",\"beforeFeature\",\"beforeScenario\",\"beforeStep\",\"afterStep\",\"afterScenario\",\"afterFeature\",\"_\",\"suite\",\"$0\",\"ignoredWorkerServices\",\"wdi5\"]"}]}
COMMAND: POST /session/930502a83f533f2c805315139db51ab5/execute/async - {"script":"<script> [21126 bytes]","args":[35000]}
RESULT: {"script":"<script> [21126 bytes]","args":[35000]}
COMMAND: POST /session/930502a83f533f2c805315139db51ab5/window/fullscreen - {}
RESULT: {}
]]></system-out>
    </testcase>
    <testcase classname="chrome.135_0_7049_96.windows.Tests_for_Mass_State_Change_on_Manage_States_&amp;_Performances_US104416_US" name="Prereq Should create a new equipment multipart" time="137.095">
      <system-out><![CDATA[
COMMAND: POST /session/930502a83f533f2c805315139db51ab5/execute/async - {"script":"<script> [1562 bytes]","args":[{"selector":{"controlType":"sap.m.GenericTile","properties":{"header":"Manage Resources"}},"wdio_ui5_key":"sapm.GenericTile{\"header\":\"Manage Resources\"}"}]}
RESULT: {"script":"<script> [1562 bytes]","args":[{"selector":{"controlType":"sap.m.GenericTile","properties":{"header":"Manage Resources"}},"wdio_ui5_key":"sapm.GenericTile{\"header\":\"Manage Resources\"}"}]}
RESULT: undefined
COMMAND: POST /session/930502a83f533f2c805315139db51ab5/element - {"using":"xpath","value":"//*[@id=\"__tile31\"]"}
RESULT: {"using":"xpath","value":"//*[@id=\"__tile31\"]"}
COMMAND: POST /session/930502a83f533f2c805315139db51ab5/element/f.180F90221EFB09AB147AA6F209AA2E58.d.25920CF009F9395F3A79E1D333421ABD.e.2546/click - {}
RESULT: {}
COMMAND: POST /session/930502a83f533f2c805315139db51ab5/element - {"using":"xpath","value":"//button[@data-kt=\"addNewRUOverflowToolbarButton\"]"}
COMMAND: GET /session/930502a83f533f2c805315139db51ab5/screenshot - {}
RESULT: {"using":"xpath","value":"//button[@data-kt=\"addNewRUOverflowToolbarButton\"]"}
COMMAND: POST /session/930502a83f533f2c805315139db51ab5/elements - {"using":"xpath","value":"//button[@data-kt=\"addNewRUOverflowToolbarButton\"]"}
RESULT: {}
RESULT: {"using":"xpath","value":"//button[@data-kt=\"addNewRUOverflowToolbarButton\"]"}
COMMAND: POST /session/930502a83f533f2c805315139db51ab5/elements - {"using":"xpath","value":"//button[@data-kt=\"addNewRUOverflowToolbarButton\"]"}
RESULT: {"using":"xpath","value":"//button[@data-kt=\"addNewRUOverflowToolbarButton\"]"}
COMMAND: POST /session/930502a83f533f2c805315139db51ab5/elements - {"using":"xpath","value":"//button[@data-kt=\"addNewRUOverflowToolbarButton\"]"}
RESULT: {"using":"xpath","value":"//button[@data-kt=\"addNewRUOverflowToolbarButton\"]"}
COMMAND: POST /session/930502a83f533f2c805315139db51ab5/elements - {"using":"xpath","value":"//button[@data-kt=\"addNewRUOverflowToolbarButton\"]"}
RESULT: {"using":"xpath","value":"//button[@data-kt=\"addNewRUOverflowToolbarButton\"]"}
COMMAND: POST /session/930502a83f533f2c805315139db51ab5/elements - {"using":"xpath","value":"//button[@data-kt=\"addNewRUOverflowToolbarButton\"]"}
RESULT: {"using":"xpath","value":"//button[@data-kt=\"addNewRUOverflowToolbarButton\"]"}
COMMAND: POST /session/930502a83f533f2c805315139db51ab5/elements - {"using":"xpath","value":"//button[@data-kt=\"addNewRUOverflowToolbarButton\"]"}
RESULT: {"using":"xpath","value":"//button[@data-kt=\"addNewRUOverflowToolbarButton\"]"}
COMMAND: POST /session/930502a83f533f2c805315139db51ab5/elements - {"using":"xpath","value":"//button[@data-kt=\"addNewRUOverflowToolbarButton\"]"}
RESULT: {"using":"xpath","value":"//button[@data-kt=\"addNewRUOverflowToolbarButton\"]"}
COMMAND: POST /session/930502a83f533f2c805315139db51ab5/elements - {"using":"xpath","value":"//button[@data-kt=\"addNewRUOverflowToolbarButton\"]"}
RESULT: {"using":"xpath","value":"//button[@data-kt=\"addNewRUOverflowToolbarButton\"]"}
COMMAND: POST /session/930502a83f533f2c805315139db51ab5/elements - {"using":"xpath","value":"//button[@data-kt=\"addNewRUOverflowToolbarButton\"]"}
RESULT: {"using":"xpath","value":"//button[@data-kt=\"addNewRUOverflowToolbarButton\"]"}
COMMAND: POST /session/930502a83f533f2c805315139db51ab5/elements - {"using":"xpath","value":"//button[@data-kt=\"addNewRUOverflowToolbarButton\"]"}
RESULT: {"using":"xpath","value":"//button[@data-kt=\"addNewRUOverflowToolbarButton\"]"}
COMMAND: POST /session/930502a83f533f2c805315139db51ab5/elements - {"using":"xpath","value":"//button[@data-kt=\"addNewRUOverflowToolbarButton\"]"}
RESULT: {"using":"xpath","value":"//button[@data-kt=\"addNewRUOverflowToolbarButton\"]"}
COMMAND: POST /session/930502a83f533f2c805315139db51ab5/elements - {"using":"xpath","value":"//button[@data-kt=\"addNewRUOverflowToolbarButton\"]"}
RESULT: {"using":"xpath","value":"//button[@data-kt=\"addNewRUOverflowToolbarButton\"]"}
COMMAND: POST /session/930502a83f533f2c805315139db51ab5/elements - {"using":"xpath","value":"//button[@data-kt=\"addNewRUOverflowToolbarButton\"]"}
RESULT: {"using":"xpath","value":"//button[@data-kt=\"addNewRUOverflowToolbarButton\"]"}
COMMAND: POST /session/930502a83f533f2c805315139db51ab5/elements - {"using":"xpath","value":"//button[@data-kt=\"addNewRUOverflowToolbarButton\"]"}
RESULT: {"using":"xpath","value":"//button[@data-kt=\"addNewRUOverflowToolbarButton\"]"}
COMMAND: POST /session/930502a83f533f2c805315139db51ab5/elements - {"using":"xpath","value":"//button[@data-kt=\"addNewRUOverflowToolbarButton\"]"}
RESULT: {"using":"xpath","value":"//button[@data-kt=\"addNewRUOverflowToolbarButton\"]"}
COMMAND: POST /session/930502a83f533f2c805315139db51ab5/elements - {"using":"xpath","value":"//button[@data-kt=\"addNewRUOverflowToolbarButton\"]"}
RESULT: {"using":"xpath","value":"//button[@data-kt=\"addNewRUOverflowToolbarButton\"]"}
COMMAND: POST /session/930502a83f533f2c805315139db51ab5/elements - {"using":"xpath","value":"//button[@data-kt=\"addNewRUOverflowToolbarButton\"]"}
RESULT: {"using":"xpath","value":"//button[@data-kt=\"addNewRUOverflowToolbarButton\"]"}
COMMAND: POST /session/930502a83f533f2c805315139db51ab5/elements - {"using":"xpath","value":"//button[@data-kt=\"addNewRUOverflowToolbarButton\"]"}
RESULT: {"using":"xpath","value":"//button[@data-kt=\"addNewRUOverflowToolbarButton\"]"}
COMMAND: POST /session/930502a83f533f2c805315139db51ab5/elements - {"using":"xpath","value":"//button[@data-kt=\"addNewRUOverflowToolbarButton\"]"}
RESULT: {"using":"xpath","value":"//button[@data-kt=\"addNewRUOverflowToolbarButton\"]"}
COMMAND: POST /session/930502a83f533f2c805315139db51ab5/elements - {"using":"xpath","value":"//button[@data-kt=\"addNewRUOverflowToolbarButton\"]"}
RESULT: {"using":"xpath","value":"//button[@data-kt=\"addNewRUOverflowToolbarButton\"]"}
COMMAND: POST /session/930502a83f533f2c805315139db51ab5/elements - {"using":"xpath","value":"//button[@data-kt=\"addNewRUOverflowToolbarButton\"]"}
RESULT: {"using":"xpath","value":"//button[@data-kt=\"addNewRUOverflowToolbarButton\"]"}
COMMAND: POST /session/930502a83f533f2c805315139db51ab5/elements - {"using":"xpath","value":"//button[@data-kt=\"addNewRUOverflowToolbarButton\"]"}
RESULT: {"using":"xpath","value":"//button[@data-kt=\"addNewRUOverflowToolbarButton\"]"}
COMMAND: POST /session/930502a83f533f2c805315139db51ab5/elements - {"using":"xpath","value":"//button[@data-kt=\"addNewRUOverflowToolbarButton\"]"}
RESULT: {"using":"xpath","value":"//button[@data-kt=\"addNewRUOverflowToolbarButton\"]"}
COMMAND: POST /session/930502a83f533f2c805315139db51ab5/elements - {"using":"xpath","value":"//button[@data-kt=\"addNewRUOverflowToolbarButton\"]"}
RESULT: {"using":"xpath","value":"//button[@data-kt=\"addNewRUOverflowToolbarButton\"]"}
COMMAND: POST /session/930502a83f533f2c805315139db51ab5/elements - {"using":"xpath","value":"//button[@data-kt=\"addNewRUOverflowToolbarButton\"]"}
RESULT: {"using":"xpath","value":"//button[@data-kt=\"addNewRUOverflowToolbarButton\"]"}
COMMAND: POST /session/930502a83f533f2c805315139db51ab5/elements - {"using":"xpath","value":"//button[@data-kt=\"addNewRUOverflowToolbarButton\"]"}
RESULT: {"using":"xpath","value":"//button[@data-kt=\"addNewRUOverflowToolbarButton\"]"}
COMMAND: POST /session/930502a83f533f2c805315139db51ab5/elements - {"using":"xpath","value":"//button[@data-kt=\"addNewRUOverflowToolbarButton\"]"}
RESULT: {"using":"xpath","value":"//button[@data-kt=\"addNewRUOverflowToolbarButton\"]"}
COMMAND: POST /session/930502a83f533f2c805315139db51ab5/elements - {"using":"xpath","value":"//button[@data-kt=\"addNewRUOverflowToolbarButton\"]"}
RESULT: {"using":"xpath","value":"//button[@data-kt=\"addNewRUOverflowToolbarButton\"]"}
COMMAND: POST /session/930502a83f533f2c805315139db51ab5/elements - {"using":"xpath","value":"//button[@data-kt=\"addNewRUOverflowToolbarButton\"]"}
RESULT: {"using":"xpath","value":"//button[@data-kt=\"addNewRUOverflowToolbarButton\"]"}
COMMAND: POST /session/930502a83f533f2c805315139db51ab5/elements - {"using":"xpath","value":"//button[@data-kt=\"addNewRUOverflowToolbarButton\"]"}
RESULT: {"using":"xpath","value":"//button[@data-kt=\"addNewRUOverflowToolbarButton\"]"}
COMMAND: POST /session/930502a83f533f2c805315139db51ab5/elements - {"using":"xpath","value":"//button[@data-kt=\"addNewRUOverflowToolbarButton\"]"}
RESULT: {"using":"xpath","value":"//button[@data-kt=\"addNewRUOverflowToolbarButton\"]"}
COMMAND: POST /session/930502a83f533f2c805315139db51ab5/elements - {"using":"xpath","value":"//button[@data-kt=\"addNewRUOverflowToolbarButton\"]"}
RESULT: {"using":"xpath","value":"//button[@data-kt=\"addNewRUOverflowToolbarButton\"]"}
COMMAND: POST /session/930502a83f533f2c805315139db51ab5/elements - {"using":"xpath","value":"//button[@data-kt=\"addNewRUOverflowToolbarButton\"]"}
RESULT: {"using":"xpath","value":"//button[@data-kt=\"addNewRUOverflowToolbarButton\"]"}
COMMAND: POST /session/930502a83f533f2c805315139db51ab5/elements - {"using":"xpath","value":"//button[@data-kt=\"addNewRUOverflowToolbarButton\"]"}
RESULT: {"using":"xpath","value":"//button[@data-kt=\"addNewRUOverflowToolbarButton\"]"}
COMMAND: POST /session/930502a83f533f2c805315139db51ab5/element - {"using":"xpath","value":"//button[@data-kt=\"addNewRUOverflowToolbarButton\"]"}
RESULT: {"using":"xpath","value":"//button[@data-kt=\"addNewRUOverflowToolbarButton\"]"}
COMMAND: POST /session/930502a83f533f2c805315139db51ab5/execute/sync - {"script":"<script> [8489 bytes]","args":[{"element-6066-11e4-a52e-4f735466cecf":"f.180F90221EFB09AB147AA6F209AA2E58.d.25920CF009F9395F3A79E1D333421ABD.e.2656","ELEMENT":"f.180F90221EFB09AB147AA6F209AA2E58.d.25920CF009F9395F3A79E1D333421ABD.e.2656"}]}
RESULT: {"script":"<script> [8489 bytes]","args":[{"element-6066-11e4-a52e-4f735466cecf":"f.180F90221EFB09AB147AA6F209AA2E58.d.25920CF009F9395F3A79E1D333421ABD.e.2656","ELEMENT":"f.180F90221EFB09AB147AA6F209AA2E58.d.25920CF009F9395F3A79E1D333421ABD.e.2656"}]}
COMMAND: GET /session/930502a83f533f2c805315139db51ab5/element/f.180F90221EFB09AB147AA6F209AA2E58.d.25920CF009F9395F3A79E1D333421ABD.e.2656/enabled - {}
COMMAND: GET /session/930502a83f533f2c805315139db51ab5/screenshot - {}
RESULT: {}
COMMAND: POST /session/930502a83f533f2c805315139db51ab5/execute/sync - {"script":"<script> [8489 bytes]","args":[{"element-6066-11e4-a52e-4f735466cecf":"f.180F90221EFB09AB147AA6F209AA2E58.d.25920CF009F9395F3A79E1D333421ABD.e.2656","ELEMENT":"f.180F90221EFB09AB147AA6F209AA2E58.d.25920CF009F9395F3A79E1D333421ABD.e.2656"}]}
COMMAND: GET /session/930502a83f533f2c805315139db51ab5/screenshot - {}
RESULT: {}
RESULT: {"script":"<script> [8489 bytes]","args":[{"element-6066-11e4-a52e-4f735466cecf":"f.180F90221EFB09AB147AA6F209AA2E58.d.25920CF009F9395F3A79E1D333421ABD.e.2656","ELEMENT":"f.180F90221EFB09AB147AA6F209AA2E58.d.25920CF009F9395F3A79E1D333421ABD.e.2656"}]}
COMMAND: POST /session/930502a83f533f2c805315139db51ab5/execute/sync - {"script":"<script> [5351 bytes]","args":[{"element-6066-11e4-a52e-4f735466cecf":"f.180F90221EFB09AB147AA6F209AA2E58.d.25920CF009F9395F3A79E1D333421ABD.e.2656","ELEMENT":"f.180F90221EFB09AB147AA6F209AA2E58.d.25920CF009F9395F3A79E1D333421ABD.e.2656"}]}
COMMAND: GET /session/930502a83f533f2c805315139db51ab5/screenshot - {}
RESULT: {}
RESULT: {"script":"<script> [5351 bytes]","args":[{"element-6066-11e4-a52e-4f735466cecf":"f.180F90221EFB09AB147AA6F209AA2E58.d.25920CF009F9395F3A79E1D333421ABD.e.2656","ELEMENT":"f.180F90221EFB09AB147AA6F209AA2E58.d.25920CF009F9395F3A79E1D333421ABD.e.2656"}]}
COMMAND: POST /session/930502a83f533f2c805315139db51ab5/element/f.180F90221EFB09AB147AA6F209AA2E58.d.25920CF009F9395F3A79E1D333421ABD.e.2656/click - {}
COMMAND: GET /session/930502a83f533f2c805315139db51ab5/screenshot - {}
RESULT: {}
RESULT: {}
COMMAND: GET /session/930502a83f533f2c805315139db51ab5/screenshot - {}
RESULT: {}
RESULT: {}
COMMAND: POST /session/930502a83f533f2c805315139db51ab5/execute/async - {"script":"<script> [1562 bytes]","args":[{"selector":{"id":"application-manageresources-display-component---newResourceUnit--TYPE-arrow"},"wdio_ui5_key":"applicationmanageresources-display-component---newResourceUnit--TYPE-arrow"}]}
RESULT: {"script":"<script> [1562 bytes]","args":[{"selector":{"id":"application-manageresources-display-component---newResourceUnit--TYPE-arrow"},"wdio_ui5_key":"applicationmanageresources-display-component---newResourceUnit--TYPE-arrow"}]}
RESULT: undefined
COMMAND: POST /session/930502a83f533f2c805315139db51ab5/element - {"using":"xpath","value":"//*[@id=\"application-manageresources-display-component---newResourceUnit--TYPE-arrow\"]"}
RESULT: {"using":"xpath","value":"//*[@id=\"application-manageresources-display-component---newResourceUnit--TYPE-arrow\"]"}
COMMAND: POST /session/930502a83f533f2c805315139db51ab5/element/f.180F90221EFB09AB147AA6F209AA2E58.d.25920CF009F9395F3A79E1D333421ABD.e.3010/click - {}
RESULT: {}
COMMAND: POST /session/930502a83f533f2c805315139db51ab5/element - {"using":"xpath","value":"//input[@id=\"application-manageresources-display-component---newResourceUnit--TYPE-inner\"]"}
COMMAND: GET /session/930502a83f533f2c805315139db51ab5/screenshot - {}
RESULT: {"using":"xpath","value":"//input[@id=\"application-manageresources-display-component---newResourceUnit--TYPE-inner\"]"}
COMMAND: POST /session/930502a83f533f2c805315139db51ab5/element/f.180F90221EFB09AB147AA6F209AA2E58.d.25920CF009F9395F3A79E1D333421ABD.e.3006/clear - {}
RESULT: {}
RESULT: {}
COMMAND: POST /session/930502a83f533f2c805315139db51ab5/element/f.180F90221EFB09AB147AA6F209AA2E58.d.25920CF009F9395F3A79E1D333421ABD.e.3006/value - {"text":"Equi Multipart"}
COMMAND: GET /session/930502a83f533f2c805315139db51ab5/screenshot - {}
RESULT: {"text":"Equi Multipart"}
COMMAND: GET /session/930502a83f533f2c805315139db51ab5/screenshot - {}
RESULT: {}
RESULT: {}
COMMAND: POST /session/930502a83f533f2c805315139db51ab5/actions - {"actions":[{"id":"action7","type":"key","parameters":{},"actions":[{"type":"keyDown","value":"î€‡"},{"type":"pause","duration":10},{"type":"keyUp","value":"î€‡"}]}]}
RESULT: {"actions":[{"id":"action7","type":"key","parameters":{},"actions":[{"type":"keyDown","value":"î€‡"},{"type":"pause","duration":10},{"type":"keyUp","value":"î€‡"}]}]}
COMMAND: POST /session/930502a83f533f2c805315139db51ab5/execute/async - {"script":"<script> [1562 bytes]","args":[{"selector":{"id":"application-manageresources-display-component---newResourceUnit--SHORT_TEXT","interaction":{"idSuffix":"inner"}},"wdio_ui5_key":"applicationmanageresources-display-component---newResourceUnit--SHORT_TEXT"}]}
COMMAND: GET /session/930502a83f533f2c805315139db51ab5/screenshot - {}
RESULT: {"script":"<script> [1562 bytes]","args":[{"selector":{"id":"application-manageresources-display-component---newResourceUnit--SHORT_TEXT","interaction":{"idSuffix":"inner"}},"wdio_ui5_key":"applicationmanageresources-display-component---newResourceUnit--SHORT_TEXT"}]}
RESULT: undefined
COMMAND: POST /session/930502a83f533f2c805315139db51ab5/execute/async - {"script":"<script> [776 bytes]","args":[{"enterText":"Equipment Multipart WDIO","selector":{"id":"application-manageresources-display-component---newResourceUnit--SHORT_TEXT","interaction":{"idSuffix":"inner"}},"clearTextFirst":true,"interactionType":"ENTER_TEXT"}]}
RESULT: {}
RESULT: {"script":"<script> [776 bytes]","args":[{"enterText":"Equipment Multipart WDIO","selector":{"id":"application-manageresources-display-component---newResourceUnit--SHORT_TEXT","interaction":{"idSuffix":"inner"}},"clearTextFirst":true,"interactionType":"ENTER_TEXT"}]}
COMMAND: POST /session/930502a83f533f2c805315139db51ab5/execute/async - {"script":"<script> [1562 bytes]","args":[{"selector":{"id":"application-manageresources-display-component---newResourceUnit--BASE_UNIT_OF_MEASURE","interaction":{"idSuffix":"inner"}},"wdio_ui5_key":"applicationmanageresources-display-component---newResourceUnit--BASE_UNIT_OF_MEASURE"}]}
RESULT: {"script":"<script> [1562 bytes]","args":[{"selector":{"id":"application-manageresources-display-component---newResourceUnit--BASE_UNIT_OF_MEASURE","interaction":{"idSuffix":"inner"}},"wdio_ui5_key":"applicationmanageresources-display-component---newResourceUnit--BASE_UNIT_OF_MEASURE"}]}
RESULT: undefined
COMMAND: POST /session/930502a83f533f2c805315139db51ab5/execute/async - {"script":"<script> [776 bytes]","args":[{"enterText":"Piece","selector":{"id":"application-manageresources-display-component---newResourceUnit--BASE_UNIT_OF_MEASURE","interaction":{"idSuffix":"inner"}},"clearTextFirst":true,"interactionType":"ENTER_TEXT"}]}
RESULT: {"script":"<script> [776 bytes]","args":[{"enterText":"Piece","selector":{"id":"application-manageresources-display-component---newResourceUnit--BASE_UNIT_OF_MEASURE","interaction":{"idSuffix":"inner"}},"clearTextFirst":true,"interactionType":"ENTER_TEXT"}]}
COMMAND: POST /session/930502a83f533f2c805315139db51ab5/execute/async - {"script":"<script> [1562 bytes]","args":[{"selector":{"id":"application-manageresources-display-component---newResourceUnit--WEIGHT_UNIT","interaction":{"idSuffix":"inner"}},"wdio_ui5_key":"applicationmanageresources-display-component---newResourceUnit--WEIGHT_UNIT"}]}
RESULT: {"script":"<script> [1562 bytes]","args":[{"selector":{"id":"application-manageresources-display-component---newResourceUnit--WEIGHT_UNIT","interaction":{"idSuffix":"inner"}},"wdio_ui5_key":"applicationmanageresources-display-component---newResourceUnit--WEIGHT_UNIT"}]}
RESULT: undefined
COMMAND: POST /session/930502a83f533f2c805315139db51ab5/execute/async - {"script":"<script> [776 bytes]","args":[{"enterText":"Gram","selector":{"id":"application-manageresources-display-component---newResourceUnit--WEIGHT_UNIT","interaction":{"idSuffix":"inner"}},"clearTextFirst":true,"interactionType":"ENTER_TEXT"}]}
RESULT: {"script":"<script> [776 bytes]","args":[{"enterText":"Gram","selector":{"id":"application-manageresources-display-component---newResourceUnit--WEIGHT_UNIT","interaction":{"idSuffix":"inner"}},"clearTextFirst":true,"interactionType":"ENTER_TEXT"}]}
COMMAND: POST /session/930502a83f533f2c805315139db51ab5/execute/async - {"script":"<script> [1562 bytes]","args":[{"selector":{"id":"application-manageresources-display-component---newResourceUnit--DIMENSION_UNIT","interaction":{"idSuffix":"inner"}},"wdio_ui5_key":"applicationmanageresources-display-component---newResourceUnit--DIMENSION_UNIT"}]}
RESULT: {"script":"<script> [1562 bytes]","args":[{"selector":{"id":"application-manageresources-display-component---newResourceUnit--DIMENSION_UNIT","interaction":{"idSuffix":"inner"}},"wdio_ui5_key":"applicationmanageresources-display-component---newResourceUnit--DIMENSION_UNIT"}]}
RESULT: undefined
COMMAND: POST /session/930502a83f533f2c805315139db51ab5/execute/async - {"script":"<script> [776 bytes]","args":[{"enterText":"Meter","selector":{"id":"application-manageresources-display-component---newResourceUnit--DIMENSION_UNIT","interaction":{"idSuffix":"inner"}},"clearTextFirst":true,"interactionType":"ENTER_TEXT"}]}
RESULT: {"script":"<script> [776 bytes]","args":[{"enterText":"Meter","selector":{"id":"application-manageresources-display-component---newResourceUnit--DIMENSION_UNIT","interaction":{"idSuffix":"inner"}},"clearTextFirst":true,"interactionType":"ENTER_TEXT"}]}
COMMAND: POST /session/930502a83f533f2c805315139db51ab5/execute/async - {"script":"<script> [1562 bytes]","args":[{"selector":{"id":"application-manageresources-display-component---newResourceUnit--newRRUPage-anchBar-application-manageresources-display-component---newResourceUnit--control-anchor","interaction":{"idSuffix":"BDI-content"}},"wdio_ui5_key":"applicationmanageresources-display-component---newResourceUnit--newRRUPage-anchBar-application-manageresources-display-component---newResourceUnit--control-anchor"}]}
RESULT: {"script":"<script> [1562 bytes]","args":[{"selector":{"id":"application-manageresources-display-component---newResourceUnit--newRRUPage-anchBar-application-manageresources-display-component---newResourceUnit--control-anchor","interaction":{"idSuffix":"BDI-content"}},"wdio_ui5_key":"applicationmanageresources-display-component---newResourceUnit--newRRUPage-anchBar-application-manageresources-display-component---newResourceUnit--control-anchor"}]}
RESULT: undefined
COMMAND: POST /session/930502a83f533f2c805315139db51ab5/element - {"using":"xpath","value":"//*[@id=\"application-manageresources-display-component---newResourceUnit--newRRUPage-anchBar-application-manageresources-display-component---newResourceUnit--control-anchor\"]"}
RESULT: {"using":"xpath","value":"//*[@id=\"application-manageresources-display-component---newResourceUnit--newRRUPage-anchBar-application-manageresources-display-component---newResourceUnit--control-anchor\"]"}
COMMAND: POST /session/930502a83f533f2c805315139db51ab5/element/f.180F90221EFB09AB147AA6F209AA2E58.d.25920CF009F9395F3A79E1D333421ABD.e.3081/click - {}
RESULT: {}
COMMAND: POST /session/930502a83f533f2c805315139db51ab5/execute/async - {"script":"<script> [1562 bytes]","args":[{"selector":{"id":"application-manageresources-display-component---newResourceUnit--PLANNING_GROUP","interaction":{"idSuffix":"inner"}},"wdio_ui5_key":"applicationmanageresources-display-component---newResourceUnit--PLANNING_GROUP"}]}
COMMAND: GET /session/930502a83f533f2c805315139db51ab5/screenshot - {}
RESULT: {"script":"<script> [1562 bytes]","args":[{"selector":{"id":"application-manageresources-display-component---newResourceUnit--PLANNING_GROUP","interaction":{"idSuffix":"inner"}},"wdio_ui5_key":"applicationmanageresources-display-component---newResourceUnit--PLANNING_GROUP"}]}
RESULT: undefined
COMMAND: POST /session/930502a83f533f2c805315139db51ab5/execute/async - {"script":"<script> [776 bytes]","args":[{"enterText":"Heavy Equi","selector":{"id":"application-manageresources-display-component---newResourceUnit--PLANNING_GROUP","interaction":{"idSuffix":"inner"}},"clearTextFirst":true,"interactionType":"ENTER_TEXT"}]}
RESULT: {}
RESULT: {"script":"<script> [776 bytes]","args":[{"enterText":"Heavy Equi","selector":{"id":"application-manageresources-display-component---newResourceUnit--PLANNING_GROUP","interaction":{"idSuffix":"inner"}},"clearTextFirst":true,"interactionType":"ENTER_TEXT"}]}
COMMAND: POST /session/930502a83f533f2c805315139db51ab5/execute/async - {"script":"<script> [1562 bytes]","args":[{"selector":{"id":"application-manageresources-display-component---newResourceUnit--PLANNING_INDICATOR","interaction":{"idSuffix":"inner"}},"wdio_ui5_key":"applicationmanageresources-display-component---newResourceUnit--PLANNING_INDICATOR"}]}
RESULT: {"script":"<script> [1562 bytes]","args":[{"selector":{"id":"application-manageresources-display-component---newResourceUnit--PLANNING_INDICATOR","interaction":{"idSuffix":"inner"}},"wdio_ui5_key":"applicationmanageresources-display-component---newResourceUnit--PLANNING_INDICATOR"}]}
RESULT: undefined
COMMAND: POST /session/930502a83f533f2c805315139db51ab5/execute/async - {"script":"<script> [776 bytes]","args":[{"enterText":"10 - infinite","selector":{"id":"application-manageresources-display-component---newResourceUnit--PLANNING_INDICATOR","interaction":{"idSuffix":"inner"}},"clearTextFirst":true,"interactionType":"ENTER_TEXT"}]}
RESULT: {"script":"<script> [776 bytes]","args":[{"enterText":"10 - infinite","selector":{"id":"application-manageresources-display-component---newResourceUnit--PLANNING_INDICATOR","interaction":{"idSuffix":"inner"}},"clearTextFirst":true,"interactionType":"ENTER_TEXT"}]}
COMMAND: POST /session/930502a83f533f2c805315139db51ab5/execute/async - {"script":"<script> [1562 bytes]","args":[{"selector":{"id":"application-manageresources-display-component---newResourceUnit--ITEM_TYPE-arrow"},"wdio_ui5_key":"applicationmanageresources-display-component---newResourceUnit--ITEM_TYPE-arrow"}]}
RESULT: {"script":"<script> [1562 bytes]","args":[{"selector":{"id":"application-manageresources-display-component---newResourceUnit--ITEM_TYPE-arrow"},"wdio_ui5_key":"applicationmanageresources-display-component---newResourceUnit--ITEM_TYPE-arrow"}]}
RESULT: undefined
COMMAND: POST /session/930502a83f533f2c805315139db51ab5/element - {"using":"xpath","value":"//*[@id=\"application-manageresources-display-component---newResourceUnit--ITEM_TYPE-arrow\"]"}
RESULT: {"using":"xpath","value":"//*[@id=\"application-manageresources-display-component---newResourceUnit--ITEM_TYPE-arrow\"]"}
COMMAND: POST /session/930502a83f533f2c805315139db51ab5/element/f.180F90221EFB09AB147AA6F209AA2E58.d.25920CF009F9395F3A79E1D333421ABD.e.3089/click - {}
RESULT: {}
COMMAND: GET /session/930502a83f533f2c805315139db51ab5/screenshot - {}
RESULT: {}
COMMAND: POST /session/930502a83f533f2c805315139db51ab5/execute/async - {"script":"<script> [1562 bytes]","args":[{"selector":{"controlType":"sap.m.StandardListItem","viewName":"reusables.view.manageresources.NewResourceUnit","viewId":"application-manageresources-display-component---newResourceUnit","properties":{"title":"Pool Equipment"},"searchOpenDialogs":true,"interaction":{"idSuffix":"content"}},"wdio_ui5_key":"reusablesview.manageresources.NewResourceUnitsap.m.StandardListItem{\"title\":\"Pool Equipment\"}"}]}
RESULT: {"script":"<script> [1562 bytes]","args":[{"selector":{"controlType":"sap.m.StandardListItem","viewName":"reusables.view.manageresources.NewResourceUnit","viewId":"application-manageresources-display-component---newResourceUnit","properties":{"title":"Pool Equipment"},"searchOpenDialogs":true,"interaction":{"idSuffix":"content"}},"wdio_ui5_key":"reusablesview.manageresources.NewResourceUnitsap.m.StandardListItem{\"title\":\"Pool Equipment\"}"}]}
RESULT: undefined
COMMAND: POST /session/930502a83f533f2c805315139db51ab5/element - {"using":"xpath","value":"//*[@id=\"__item202\"]"}
RESULT: {"using":"xpath","value":"//*[@id=\"__item202\"]"}
COMMAND: POST /session/930502a83f533f2c805315139db51ab5/element/f.180F90221EFB09AB147AA6F209AA2E58.d.25920CF009F9395F3A79E1D333421ABD.e.3091/click - {}
RESULT: {}
COMMAND: GET /session/930502a83f533f2c805315139db51ab5/screenshot - {}
RESULT: {}
COMMAND: POST /session/930502a83f533f2c805315139db51ab5/element - {"using":"css selector","value":"#application-manageresources-display-component---newResourceUnit--btnAddTimeSegment"}
RESULT: {"using":"css selector","value":"#application-manageresources-display-component---newResourceUnit--btnAddTimeSegment"}
COMMAND: GET /session/930502a83f533f2c805315139db51ab5/element/f.180F90221EFB09AB147AA6F209AA2E58.d.25920CF009F9395F3A79E1D333421ABD.e.3092/rect - {}
RESULT: {}
COMMAND: GET /session/930502a83f533f2c805315139db51ab5/window/rect - {}
RESULT: {}
COMMAND: POST /session/930502a83f533f2c805315139db51ab5/execute/sync - {"script":"<script> [92 bytes]","args":[]}
RESULT: {"script":"<script> [92 bytes]","args":[]}
COMMAND: POST /session/930502a83f533f2c805315139db51ab5/actions - {"actions":[{"id":"action8","type":"wheel","parameters":{},"actions":[{"type":"scroll","x":-1888,"y":-32,"deltaX":0,"deltaY":0,"duration":0,"origin":{"element-6066-11e4-a52e-4f735466cecf":"f.180F90221EFB09AB147AA6F209AA2E58.d.25920CF009F9395F3A79E1D333421ABD.e.3092"}}]}]}
COMMAND: GET /session/930502a83f533f2c805315139db51ab5/screenshot - {}
RESULT: {}
COMMAND: POST /session/930502a83f533f2c805315139db51ab5/execute/sync - {"script":"<script> [79 bytes]","args":[{"element-6066-11e4-a52e-4f735466cecf":"f.180F90221EFB09AB147AA6F209AA2E58.d.25920CF009F9395F3A79E1D333421ABD.e.3092","ELEMENT":"f.180F90221EFB09AB147AA6F209AA2E58.d.25920CF009F9395F3A79E1D333421ABD.e.3092"},{"block":"start","inline":"nearest"}]}
RESULT: {"script":"<script> [79 bytes]","args":[{"element-6066-11e4-a52e-4f735466cecf":"f.180F90221EFB09AB147AA6F209AA2E58.d.25920CF009F9395F3A79E1D333421ABD.e.3092","ELEMENT":"f.180F90221EFB09AB147AA6F209AA2E58.d.25920CF009F9395F3A79E1D333421ABD.e.3092"},{"block":"start","inline":"nearest"}]}
COMMAND: POST /session/930502a83f533f2c805315139db51ab5/execute/async - {"script":"<script> [1562 bytes]","args":[{"selector":{"id":"application-manageresources-display-component---newResourceUnit--btnAddTimeSegment","interaction":{"idSuffix":"inner"}},"wdio_ui5_key":"applicationmanageresources-display-component---newResourceUnit--btnAddTimeSegment"}]}
COMMAND: GET /session/930502a83f533f2c805315139db51ab5/screenshot - {}
RESULT: {"script":"<script> [1562 bytes]","args":[{"selector":{"id":"application-manageresources-display-component---newResourceUnit--btnAddTimeSegment","interaction":{"idSuffix":"inner"}},"wdio_ui5_key":"applicationmanageresources-display-component---newResourceUnit--btnAddTimeSegment"}]}
RESULT: undefined
COMMAND: POST /session/930502a83f533f2c805315139db51ab5/element - {"using":"xpath","value":"//*[@id=\"application-manageresources-display-component---newResourceUnit--btnAddTimeSegment\"]"}
RESULT: {}
RESULT: {"using":"xpath","value":"//*[@id=\"application-manageresources-display-component---newResourceUnit--btnAddTimeSegment\"]"}
COMMAND: POST /session/930502a83f533f2c805315139db51ab5/element/f.180F90221EFB09AB147AA6F209AA2E58.d.25920CF009F9395F3A79E1D333421ABD.e.3092/click - {}
RESULT: {}
COMMAND: GET /session/930502a83f533f2c805315139db51ab5/screenshot - {}
RESULT: {}
COMMAND: POST /session/930502a83f533f2c805315139db51ab5/element - {"using":"xpath","value":"//input[@id=\"application-manageresources-display-component---newResourceUnit--idRuTSAdmin-application-manageresources-display-component---newResourceUnit--RUTimeSegment-0-inner\"]"}
RESULT: {"using":"xpath","value":"//input[@id=\"application-manageresources-display-component---newResourceUnit--idRuTSAdmin-application-manageresources-display-component---newResourceUnit--RUTimeSegment-0-inner\"]"}
COMMAND: POST /session/930502a83f533f2c805315139db51ab5/element/f.180F90221EFB09AB147AA6F209AA2E58.d.25920CF009F9395F3A79E1D333421ABD.e.3098/clear - {}
RESULT: {}
COMMAND: POST /session/930502a83f533f2c805315139db51ab5/element/f.180F90221EFB09AB147AA6F209AA2E58.d.25920CF009F9395F3A79E1D333421ABD.e.3098/value - {"text":"473"}
COMMAND: GET /session/930502a83f533f2c805315139db51ab5/screenshot - {}
RESULT: {"text":"473"}
COMMAND: GET /session/930502a83f533f2c805315139db51ab5/screenshot - {}
RESULT: {}
RESULT: {}
COMMAND: POST /session/930502a83f533f2c805315139db51ab5/element - {"using":"xpath","value":"//li[.//span[text()='473']]"}
RESULT: {"using":"xpath","value":"//li[.//span[text()='473']]"}
COMMAND: POST /session/930502a83f533f2c805315139db51ab5/element/f.180F90221EFB09AB147AA6F209AA2E58.d.25920CF009F9395F3A79E1D333421ABD.e.3113/click - {}
RESULT: {}
COMMAND: GET /session/930502a83f533f2c805315139db51ab5/screenshot - {}
RESULT: {}
COMMAND: POST /session/930502a83f533f2c805315139db51ab5/element - {"using":"xpath","value":"(//span[contains(@id, \"-application-manageresources-display-component---newResourceUnit--RUTimeSegment-0-arrow\")])[5]"}
RESULT: {"using":"xpath","value":"(//span[contains(@id, \"-application-manageresources-display-component---newResourceUnit--RUTimeSegment-0-arrow\")])[5]"}
COMMAND: POST /session/930502a83f533f2c805315139db51ab5/element/f.180F90221EFB09AB147AA6F209AA2E58.d.25920CF009F9395F3A79E1D333421ABD.e.3114/click - {}
RESULT: {}
COMMAND: GET /session/930502a83f533f2c805315139db51ab5/screenshot - {}
RESULT: {}
COMMAND: POST /session/930502a83f533f2c805315139db51ab5/element - {"using":"xpath","value":"//span[contains(text(), \"PM Order\")]"}
RESULT: {"using":"xpath","value":"//span[contains(text(), \"PM Order\")]"}
COMMAND: POST /session/930502a83f533f2c805315139db51ab5/element/f.180F90221EFB09AB147AA6F209AA2E58.d.25920CF009F9395F3A79E1D333421ABD.e.3115/click - {}
RESULT: {}
COMMAND: GET /session/930502a83f533f2c805315139db51ab5/screenshot - {}
RESULT: {}
COMMAND: POST /session/930502a83f533f2c805315139db51ab5/element - {"using":"xpath","value":"(//span[contains(@id ,\"manageresources-display-component---newResourceUnit--RUTimeSegment-0-vhi\")])[1]"}
RESULT: {"using":"xpath","value":"(//span[contains(@id ,\"manageresources-display-component---newResourceUnit--RUTimeSegment-0-vhi\")])[1]"}
COMMAND: GET /session/930502a83f533f2c805315139db51ab5/element/f.180F90221EFB09AB147AA6F209AA2E58.d.25920CF009F9395F3A79E1D333421ABD.e.3119/rect - {}
RESULT: {}
COMMAND: GET /session/930502a83f533f2c805315139db51ab5/window/rect - {}
RESULT: {}
COMMAND: POST /session/930502a83f533f2c805315139db51ab5/execute/sync - {"script":"<script> [92 bytes]","args":[]}
RESULT: {"script":"<script> [92 bytes]","args":[]}
COMMAND: POST /session/930502a83f533f2c805315139db51ab5/actions - {"actions":[{"id":"action9","type":"wheel","parameters":{},"actions":[{"type":"scroll","x":-1888,"y":-24,"deltaX":0,"deltaY":0,"duration":0,"origin":{"element-6066-11e4-a52e-4f735466cecf":"f.180F90221EFB09AB147AA6F209AA2E58.d.25920CF009F9395F3A79E1D333421ABD.e.3119"}}]}]}
COMMAND: GET /session/930502a83f533f2c805315139db51ab5/screenshot - {}
RESULT: {}
COMMAND: POST /session/930502a83f533f2c805315139db51ab5/execute/sync - {"script":"<script> [79 bytes]","args":[{"element-6066-11e4-a52e-4f735466cecf":"f.180F90221EFB09AB147AA6F209AA2E58.d.25920CF009F9395F3A79E1D333421ABD.e.3119","ELEMENT":"f.180F90221EFB09AB147AA6F209AA2E58.d.25920CF009F9395F3A79E1D333421ABD.e.3119"},{"block":"start","inline":"nearest"}]}
RESULT: {"script":"<script> [79 bytes]","args":[{"element-6066-11e4-a52e-4f735466cecf":"f.180F90221EFB09AB147AA6F209AA2E58.d.25920CF009F9395F3A79E1D333421ABD.e.3119","ELEMENT":"f.180F90221EFB09AB147AA6F209AA2E58.d.25920CF009F9395F3A79E1D333421ABD.e.3119"},{"block":"start","inline":"nearest"}]}
COMMAND: GET /session/930502a83f533f2c805315139db51ab5/screenshot - {}
RESULT: {}
COMMAND: POST /session/930502a83f533f2c805315139db51ab5/element/f.180F90221EFB09AB147AA6F209AA2E58.d.25920CF009F9395F3A79E1D333421ABD.e.3119/click - {}
RESULT: {}
COMMAND: GET /session/930502a83f533f2c805315139db51ab5/screenshot - {}
RESULT: {}
COMMAND: POST /session/930502a83f533f2c805315139db51ab5/execute/async - {"script":"<script> [1562 bytes]","args":[{"selector":{"controlType":"sap.m.SearchField","properties":{"placeholder":"Search"},"searchOpenDialogs":true,"interaction":{"idSuffix":"I"}},"wdio_ui5_key":"sapm.SearchField{\"placeholder\":\"Search\"}"}]}
RESULT: {"script":"<script> [1562 bytes]","args":[{"selector":{"controlType":"sap.m.SearchField","properties":{"placeholder":"Search"},"searchOpenDialogs":true,"interaction":{"idSuffix":"I"}},"wdio_ui5_key":"sapm.SearchField{\"placeholder\":\"Search\"}"}]}
RESULT: undefined
COMMAND: POST /session/930502a83f533f2c805315139db51ab5/execute/async - {"script":"<script> [776 bytes]","args":[{"enterText":"4000360","selector":{"controlType":"sap.m.SearchField","properties":{"placeholder":"Search"},"searchOpenDialogs":true,"interaction":{"idSuffix":"I"}},"clearTextFirst":true,"interactionType":"ENTER_TEXT"}]}
RESULT: {"script":"<script> [776 bytes]","args":[{"enterText":"4000360","selector":{"controlType":"sap.m.SearchField","properties":{"placeholder":"Search"},"searchOpenDialogs":true,"interaction":{"idSuffix":"I"}},"clearTextFirst":true,"interactionType":"ENTER_TEXT"}]}
COMMAND: POST /session/930502a83f533f2c805315139db51ab5/actions - {"actions":[{"id":"action10","type":"key","parameters":{},"actions":[{"type":"keyDown","value":"î€‡"},{"type":"pause","duration":10},{"type":"keyUp","value":"î€‡"}]}]}
RESULT: {"actions":[{"id":"action10","type":"key","parameters":{},"actions":[{"type":"keyDown","value":"î€‡"},{"type":"pause","duration":10},{"type":"keyUp","value":"î€‡"}]}]}
COMMAND: GET /session/930502a83f533f2c805315139db51ab5/screenshot - {}
RESULT: {}
COMMAND: POST /session/930502a83f533f2c805315139db51ab5/element - {"using":"xpath","value":"//td/div/span[contains(text(), \"BGL Vehicles\")]"}
RESULT: {"using":"xpath","value":"//td/div/span[contains(text(), \"BGL Vehicles\")]"}
COMMAND: POST /session/930502a83f533f2c805315139db51ab5/element/f.180F90221EFB09AB147AA6F209AA2E58.d.25920CF009F9395F3A79E1D333421ABD.e.3142/click - {}
RESULT: {}
COMMAND: GET /session/930502a83f533f2c805315139db51ab5/screenshot - {}
RESULT: {}
COMMAND: POST /session/930502a83f533f2c805315139db51ab5/element - {"using":"xpath","value":"//bdi[contains(text(), \"OK\")]"}
RESULT: {"using":"xpath","value":"//bdi[contains(text(), \"OK\")]"}
COMMAND: POST /session/930502a83f533f2c805315139db51ab5/element/f.180F90221EFB09AB147AA6F209AA2E58.d.25920CF009F9395F3A79E1D333421ABD.e.3143/click - {}
RESULT: {}
COMMAND: GET /session/930502a83f533f2c805315139db51ab5/screenshot - {}
RESULT: {}
COMMAND: POST /session/930502a83f533f2c805315139db51ab5/element - {"using":"xpath","value":"//button[@data-kt=\"resourceUnitSaveButton\"]"}
RESULT: {"using":"xpath","value":"//button[@data-kt=\"resourceUnitSaveButton\"]"}
COMMAND: POST /session/930502a83f533f2c805315139db51ab5/element/f.180F90221EFB09AB147AA6F209AA2E58.d.25920CF009F9395F3A79E1D333421ABD.e.3027/click - {}
RESULT: {}
COMMAND: GET /session/930502a83f533f2c805315139db51ab5/screenshot - {}
RESULT: {}
COMMAND: POST /session/930502a83f533f2c805315139db51ab5/element - {"using":"xpath","value":"//bdi[contains(text(), \"Close\")]"}
RESULT: {"using":"xpath","value":"//bdi[contains(text(), \"Close\")]"}
COMMAND: POST /session/930502a83f533f2c805315139db51ab5/element/f.180F90221EFB09AB147AA6F209AA2E58.d.25920CF009F9395F3A79E1D333421ABD.e.3150/click - {}
RESULT: {}
COMMAND: GET /session/930502a83f533f2c805315139db51ab5/screenshot - {}
RESULT: {}
COMMAND: POST /session/930502a83f533f2c805315139db51ab5/element - {"using":"xpath","value":"//header[contains(@id, 'detailRruPage-headerTitle')]/div[1]/div[2]/div[2]/span[1]"}
RESULT: {"using":"xpath","value":"//header[contains(@id, 'detailRruPage-headerTitle')]/div[1]/div[2]/div[2]/span[1]"}
COMMAND: POST /session/930502a83f533f2c805315139db51ab5/elements - {"using":"xpath","value":"//header[contains(@id, 'detailRruPage-headerTitle')]/div[1]/div[2]/div[2]/span[1]"}
RESULT: {"using":"xpath","value":"//header[contains(@id, 'detailRruPage-headerTitle')]/div[1]/div[2]/div[2]/span[1]"}
COMMAND: POST /session/930502a83f533f2c805315139db51ab5/execute/sync - {"script":"<script> [56 bytes]","args":[{"element-6066-11e4-a52e-4f735466cecf":"f.180F90221EFB09AB147AA6F209AA2E58.d.25920CF009F9395F3A79E1D333421ABD.e.3179","ELEMENT":"f.180F90221EFB09AB147AA6F209AA2E58.d.25920CF009F9395F3A79E1D333421ABD.e.3179"}]}
RESULT: {"script":"<script> [56 bytes]","args":[{"element-6066-11e4-a52e-4f735466cecf":"f.180F90221EFB09AB147AA6F209AA2E58.d.25920CF009F9395F3A79E1D333421ABD.e.3179","ELEMENT":"f.180F90221EFB09AB147AA6F209AA2E58.d.25920CF009F9395F3A79E1D333421ABD.e.3179"}]}
COMMAND: POST /session/930502a83f533f2c805315139db51ab5/element - {"using":"css selector","value":"#shell-header-logo"}
COMMAND: GET /session/930502a83f533f2c805315139db51ab5/screenshot - {}
RESULT: {"using":"css selector","value":"#shell-header-logo"}
COMMAND: POST /session/930502a83f533f2c805315139db51ab5/element/f.180F90221EFB09AB147AA6F209AA2E58.d.25920CF009F9395F3A79E1D333421ABD.e.2625/click - {}
RESULT: {}
RESULT: {}
COMMAND: GET /session/930502a83f533f2c805315139db51ab5/screenshot - {}
RESULT: {}
]]></system-out>
    </testcase>
    <testcase classname="chrome.135_0_7049_96.windows.Tests_for_Mass_State_Change_on_Manage_States_&amp;_Performances_US104416_US" name="Prereq Should do stock increase" time="108.493">
      <system-out><![CDATA[
COMMAND: POST /session/930502a83f533f2c805315139db51ab5/execute/async - {"script":"<script> [1562 bytes]","args":[{"selector":{"controlType":"sap.m.Text","viewName":"etm.portal.ui.managehandoverstile.view.Master","properties":{"text":"Manage Handovers"},"interaction":{"idSuffix":"inner"}},"wdio_ui5_key":"etmportal.ui.managehandoverstile.view.Mastersap.m.Text{\"text\":\"Manage Handovers\"}"}]}
RESULT: {"script":"<script> [1562 bytes]","args":[{"selector":{"controlType":"sap.m.Text","viewName":"etm.portal.ui.managehandoverstile.view.Master","properties":{"text":"Manage Handovers"},"interaction":{"idSuffix":"inner"}},"wdio_ui5_key":"etmportal.ui.managehandoverstile.view.Mastersap.m.Text{\"text\":\"Manage Handovers\"}"}]}
RESULT: undefined
COMMAND: POST /session/930502a83f533f2c805315139db51ab5/element - {"using":"xpath","value":"//*[@id=\"__tile132-title\"]"}
RESULT: {"using":"xpath","value":"//*[@id=\"__tile132-title\"]"}
COMMAND: POST /session/930502a83f533f2c805315139db51ab5/element/f.180F90221EFB09AB147AA6F209AA2E58.d.25920CF009F9395F3A79E1D333421ABD.e.3182/click - {}
RESULT: {}
COMMAND: POST /session/930502a83f533f2c805315139db51ab5/element - {"using":"xpath","value":"//button[@data-kt=\"masterHOAddButton\"]"}
COMMAND: GET /session/930502a83f533f2c805315139db51ab5/screenshot - {}
RESULT: {"using":"xpath","value":"//button[@data-kt=\"masterHOAddButton\"]"}
COMMAND: POST /session/930502a83f533f2c805315139db51ab5/elements - {"using":"xpath","value":"//button[@data-kt=\"masterHOAddButton\"]"}
RESULT: {}
RESULT: {"using":"xpath","value":"//button[@data-kt=\"masterHOAddButton\"]"}
COMMAND: POST /session/930502a83f533f2c805315139db51ab5/elements - {"using":"xpath","value":"//button[@data-kt=\"masterHOAddButton\"]"}
RESULT: {"using":"xpath","value":"//button[@data-kt=\"masterHOAddButton\"]"}
COMMAND: POST /session/930502a83f533f2c805315139db51ab5/elements - {"using":"xpath","value":"//button[@data-kt=\"masterHOAddButton\"]"}
RESULT: {"using":"xpath","value":"//button[@data-kt=\"masterHOAddButton\"]"}
COMMAND: POST /session/930502a83f533f2c805315139db51ab5/elements - {"using":"xpath","value":"//button[@data-kt=\"masterHOAddButton\"]"}
RESULT: {"using":"xpath","value":"//button[@data-kt=\"masterHOAddButton\"]"}
COMMAND: POST /session/930502a83f533f2c805315139db51ab5/elements - {"using":"xpath","value":"//button[@data-kt=\"masterHOAddButton\"]"}
RESULT: {"using":"xpath","value":"//button[@data-kt=\"masterHOAddButton\"]"}
COMMAND: POST /session/930502a83f533f2c805315139db51ab5/elements - {"using":"xpath","value":"//button[@data-kt=\"masterHOAddButton\"]"}
RESULT: {"using":"xpath","value":"//button[@data-kt=\"masterHOAddButton\"]"}
COMMAND: POST /session/930502a83f533f2c805315139db51ab5/elements - {"using":"xpath","value":"//button[@data-kt=\"masterHOAddButton\"]"}
RESULT: {"using":"xpath","value":"//button[@data-kt=\"masterHOAddButton\"]"}
COMMAND: POST /session/930502a83f533f2c805315139db51ab5/elements - {"using":"xpath","value":"//button[@data-kt=\"masterHOAddButton\"]"}
RESULT: {"using":"xpath","value":"//button[@data-kt=\"masterHOAddButton\"]"}
COMMAND: POST /session/930502a83f533f2c805315139db51ab5/element - {"using":"xpath","value":"//button[@data-kt=\"masterHOAddButton\"]"}
RESULT: {"using":"xpath","value":"//button[@data-kt=\"masterHOAddButton\"]"}
COMMAND: POST /session/930502a83f533f2c805315139db51ab5/execute/sync - {"script":"<script> [8489 bytes]","args":[{"element-6066-11e4-a52e-4f735466cecf":"f.180F90221EFB09AB147AA6F209AA2E58.d.25920CF009F9395F3A79E1D333421ABD.e.3220","ELEMENT":"f.180F90221EFB09AB147AA6F209AA2E58.d.25920CF009F9395F3A79E1D333421ABD.e.3220"}]}
RESULT: {"script":"<script> [8489 bytes]","args":[{"element-6066-11e4-a52e-4f735466cecf":"f.180F90221EFB09AB147AA6F209AA2E58.d.25920CF009F9395F3A79E1D333421ABD.e.3220","ELEMENT":"f.180F90221EFB09AB147AA6F209AA2E58.d.25920CF009F9395F3A79E1D333421ABD.e.3220"}]}
COMMAND: GET /session/930502a83f533f2c805315139db51ab5/element/f.180F90221EFB09AB147AA6F209AA2E58.d.25920CF009F9395F3A79E1D333421ABD.e.3220/enabled - {}
COMMAND: GET /session/930502a83f533f2c805315139db51ab5/screenshot - {}
RESULT: {}
COMMAND: POST /session/930502a83f533f2c805315139db51ab5/execute/sync - {"script":"<script> [8489 bytes]","args":[{"element-6066-11e4-a52e-4f735466cecf":"f.180F90221EFB09AB147AA6F209AA2E58.d.25920CF009F9395F3A79E1D333421ABD.e.3220","ELEMENT":"f.180F90221EFB09AB147AA6F209AA2E58.d.25920CF009F9395F3A79E1D333421ABD.e.3220"}]}
COMMAND: GET /session/930502a83f533f2c805315139db51ab5/screenshot - {}
RESULT: {}
RESULT: {"script":"<script> [8489 bytes]","args":[{"element-6066-11e4-a52e-4f735466cecf":"f.180F90221EFB09AB147AA6F209AA2E58.d.25920CF009F9395F3A79E1D333421ABD.e.3220","ELEMENT":"f.180F90221EFB09AB147AA6F209AA2E58.d.25920CF009F9395F3A79E1D333421ABD.e.3220"}]}
COMMAND: POST /session/930502a83f533f2c805315139db51ab5/execute/sync - {"script":"<script> [5351 bytes]","args":[{"element-6066-11e4-a52e-4f735466cecf":"f.180F90221EFB09AB147AA6F209AA2E58.d.25920CF009F9395F3A79E1D333421ABD.e.3220","ELEMENT":"f.180F90221EFB09AB147AA6F209AA2E58.d.25920CF009F9395F3A79E1D333421ABD.e.3220"}]}
COMMAND: GET /session/930502a83f533f2c805315139db51ab5/screenshot - {}
RESULT: {}
RESULT: {"script":"<script> [5351 bytes]","args":[{"element-6066-11e4-a52e-4f735466cecf":"f.180F90221EFB09AB147AA6F209AA2E58.d.25920CF009F9395F3A79E1D333421ABD.e.3220","ELEMENT":"f.180F90221EFB09AB147AA6F209AA2E58.d.25920CF009F9395F3A79E1D333421ABD.e.3220"}]}
COMMAND: POST /session/930502a83f533f2c805315139db51ab5/element/f.180F90221EFB09AB147AA6F209AA2E58.d.25920CF009F9395F3A79E1D333421ABD.e.3220/click - {}
COMMAND: GET /session/930502a83f533f2c805315139db51ab5/screenshot - {}
RESULT: {}
RESULT: {}
COMMAND: GET /session/930502a83f533f2c805315139db51ab5/screenshot - {}
COMMAND: POST /session/930502a83f533f2c805315139db51ab5/element - {"using":"xpath","value":"//span[contains(@id ,\"AddNewHO--typeSelect-arrow\")]"}
RESULT: {}
RESULT: {}
RESULT: {"using":"xpath","value":"//span[contains(@id ,\"AddNewHO--typeSelect-arrow\")]"}
COMMAND: POST /session/930502a83f533f2c805315139db51ab5/element/f.180F90221EFB09AB147AA6F209AA2E58.d.25920CF009F9395F3A79E1D333421ABD.e.3521/click - {}
RESULT: {}
COMMAND: GET /session/930502a83f533f2c805315139db51ab5/screenshot - {}
RESULT: {}
COMMAND: POST /session/930502a83f533f2c805315139db51ab5/element - {"using":"xpath","value":"(//li[contains(text(), \"stock increase yard\")])[1]"}
RESULT: {"using":"xpath","value":"(//li[contains(text(), \"stock increase yard\")])[1]"}
COMMAND: POST /session/930502a83f533f2c805315139db51ab5/element/f.180F90221EFB09AB147AA6F209AA2E58.d.25920CF009F9395F3A79E1D333421ABD.e.3522/click - {}
RESULT: {}
COMMAND: GET /session/930502a83f533f2c805315139db51ab5/screenshot - {}
RESULT: {}
COMMAND: POST /session/930502a83f533f2c805315139db51ab5/execute/async - {"script":"<script> [1562 bytes]","args":[{"selector":{"id":"application-managehandovers-display-component---AddNewHO--dueDate","interaction":{"idSuffix":"inner"}},"wdio_ui5_key":"applicationmanagehandovers-display-component---AddNewHO--dueDate"}]}
RESULT: {"script":"<script> [1562 bytes]","args":[{"selector":{"id":"application-managehandovers-display-component---AddNewHO--dueDate","interaction":{"idSuffix":"inner"}},"wdio_ui5_key":"applicationmanagehandovers-display-component---AddNewHO--dueDate"}]}
RESULT: undefined
COMMAND: POST /session/930502a83f533f2c805315139db51ab5/execute/async - {"script":"<script> [6424 bytes]","args":[{"element-6066-11e4-a52e-4f735466cecf":"f.180F90221EFB09AB147AA6F209AA2E58.d.25920CF009F9395F3A79E1D333421ABD.e.3526"},"setValue",["04/30/2025"]]}
RESULT: {"script":"<script> [6424 bytes]","args":[{"element-6066-11e4-a52e-4f735466cecf":"f.180F90221EFB09AB147AA6F209AA2E58.d.25920CF009F9395F3A79E1D333421ABD.e.3526"},"setValue",["04/30/2025"]]}
COMMAND: POST /session/930502a83f533f2c805315139db51ab5/element - {"using":"xpath","value":"//input[@id=\"generalSectionFrg--receiveYard-inner\"]"}
RESULT: {"using":"xpath","value":"//input[@id=\"generalSectionFrg--receiveYard-inner\"]"}
COMMAND: POST /session/930502a83f533f2c805315139db51ab5/element/f.180F90221EFB09AB147AA6F209AA2E58.d.25920CF009F9395F3A79E1D333421ABD.e.3532/clear - {}
RESULT: {}
COMMAND: POST /session/930502a83f533f2c805315139db51ab5/element/f.180F90221EFB09AB147AA6F209AA2E58.d.25920CF009F9395F3A79E1D333421ABD.e.3532/value - {"text":"473"}
COMMAND: GET /session/930502a83f533f2c805315139db51ab5/screenshot - {}
RESULT: {"text":"473"}
COMMAND: GET /session/930502a83f533f2c805315139db51ab5/screenshot - {}
RESULT: {}
RESULT: {}
COMMAND: POST /session/930502a83f533f2c805315139db51ab5/element - {"using":"xpath","value":"//li[.//span[text()='473']]"}
RESULT: {"using":"xpath","value":"//li[.//span[text()='473']]"}
COMMAND: POST /session/930502a83f533f2c805315139db51ab5/element/f.180F90221EFB09AB147AA6F209AA2E58.d.25920CF009F9395F3A79E1D333421ABD.e.3548/click - {}
RESULT: {}
COMMAND: GET /session/930502a83f533f2c805315139db51ab5/screenshot - {}
RESULT: {}
COMMAND: POST /session/930502a83f533f2c805315139db51ab5/execute/async - {"script":"<script> [1562 bytes]","args":[{"selector":{"id":"application-managehandovers-display-component---AddNewHO--ObjectPageLayout-anchBar-application-managehandovers-display-component---AddNewHO--section4-anchor","interaction":{"idSuffix":"BDI-content"}},"wdio_ui5_key":"applicationmanagehandovers-display-component---AddNewHO--ObjectPageLayout-anchBar-application-managehandovers-display-component---AddNewHO--section4-anchor"}]}
RESULT: {"script":"<script> [1562 bytes]","args":[{"selector":{"id":"application-managehandovers-display-component---AddNewHO--ObjectPageLayout-anchBar-application-managehandovers-display-component---AddNewHO--section4-anchor","interaction":{"idSuffix":"BDI-content"}},"wdio_ui5_key":"applicationmanagehandovers-display-component---AddNewHO--ObjectPageLayout-anchBar-application-managehandovers-display-component---AddNewHO--section4-anchor"}]}
RESULT: undefined
COMMAND: POST /session/930502a83f533f2c805315139db51ab5/element - {"using":"xpath","value":"//*[@id=\"application-managehandovers-display-component---AddNewHO--ObjectPageLayout-anchBar-application-managehandovers-display-component---AddNewHO--section4-anchor\"]"}
RESULT: {"using":"xpath","value":"//*[@id=\"application-managehandovers-display-component---AddNewHO--ObjectPageLayout-anchBar-application-managehandovers-display-component---AddNewHO--section4-anchor\"]"}
COMMAND: POST /session/930502a83f533f2c805315139db51ab5/element/f.180F90221EFB09AB147AA6F209AA2E58.d.25920CF009F9395F3A79E1D333421ABD.e.3550/click - {}
RESULT: {}
COMMAND: POST /session/930502a83f533f2c805315139db51ab5/element - {"using":"xpath","value":"//button[@aria-label=\"Add\"]"}
COMMAND: GET /session/930502a83f533f2c805315139db51ab5/screenshot - {}
RESULT: {"using":"xpath","value":"//button[@aria-label=\"Add\"]"}
COMMAND: POST /session/930502a83f533f2c805315139db51ab5/element/f.180F90221EFB09AB147AA6F209AA2E58.d.25920CF009F9395F3A79E1D333421ABD.e.3554/click - {}
RESULT: {}
RESULT: {}
COMMAND: GET /session/930502a83f533f2c805315139db51ab5/screenshot - {}
RESULT: {}
COMMAND: POST /session/930502a83f533f2c805315139db51ab5/execute/async - {"script":"<script> [1562 bytes]","args":[{"selector":{"id":"application-managehandovers-display-component---AddNewHO--smartFilterBar-btnBasicSearch","searchOpenDialogs":true,"interaction":{"idSuffix":"I"}},"wdio_ui5_key":"applicationmanagehandovers-display-component---AddNewHO--smartFilterBar-btnBasicSearch"}]}
RESULT: {"script":"<script> [1562 bytes]","args":[{"selector":{"id":"application-managehandovers-display-component---AddNewHO--smartFilterBar-btnBasicSearch","searchOpenDialogs":true,"interaction":{"idSuffix":"I"}},"wdio_ui5_key":"applicationmanagehandovers-display-component---AddNewHO--smartFilterBar-btnBasicSearch"}]}
RESULT: undefined
COMMAND: POST /session/930502a83f533f2c805315139db51ab5/execute/async - {"script":"<script> [776 bytes]","args":[{"enterText":"400030","selector":{"id":"application-managehandovers-display-component---AddNewHO--smartFilterBar-btnBasicSearch","searchOpenDialogs":true,"interaction":{"idSuffix":"I"}},"clearTextFirst":true,"interactionType":"ENTER_TEXT"}]}
RESULT: {"script":"<script> [776 bytes]","args":[{"enterText":"400030","selector":{"id":"application-managehandovers-display-component---AddNewHO--smartFilterBar-btnBasicSearch","searchOpenDialogs":true,"interaction":{"idSuffix":"I"}},"clearTextFirst":true,"interactionType":"ENTER_TEXT"}]}
COMMAND: POST /session/930502a83f533f2c805315139db51ab5/actions - {"actions":[{"id":"action11","type":"key","parameters":{},"actions":[{"type":"keyDown","value":"î€‡"},{"type":"pause","duration":10},{"type":"keyUp","value":"î€‡"}]}]}
RESULT: {"actions":[{"id":"action11","type":"key","parameters":{},"actions":[{"type":"keyDown","value":"î€‡"},{"type":"pause","duration":10},{"type":"keyUp","value":"î€‡"}]}]}
COMMAND: GET /session/930502a83f533f2c805315139db51ab5/screenshot - {}
RESULT: {}
COMMAND: POST /session/930502a83f533f2c805315139db51ab5/execute/async - {"script":"<script> [1562 bytes]","args":[{"selector":{"id":"application-managehandovers-display-component---AddNewHO--popup-sa","searchOpenDialogs":true,"interaction":{"idSuffix":"CbBg"}},"wdio_ui5_key":"applicationmanagehandovers-display-component---AddNewHO--popup-sa"}]}
RESULT: {"script":"<script> [1562 bytes]","args":[{"selector":{"id":"application-managehandovers-display-component---AddNewHO--popup-sa","searchOpenDialogs":true,"interaction":{"idSuffix":"CbBg"}},"wdio_ui5_key":"applicationmanagehandovers-display-component---AddNewHO--popup-sa"}]}
RESULT: undefined
COMMAND: POST /session/930502a83f533f2c805315139db51ab5/element - {"using":"xpath","value":"//*[@id=\"application-managehandovers-display-component---AddNewHO--popup-sa\"]"}
RESULT: {"using":"xpath","value":"//*[@id=\"application-managehandovers-display-component---AddNewHO--popup-sa\"]"}
COMMAND: POST /session/930502a83f533f2c805315139db51ab5/element/f.180F90221EFB09AB147AA6F209AA2E58.d.25920CF009F9395F3A79E1D333421ABD.e.3708/click - {}
RESULT: {}
COMMAND: GET /session/930502a83f533f2c805315139db51ab5/screenshot - {}
RESULT: {}
COMMAND: POST /session/930502a83f533f2c805315139db51ab5/element - {"using":"xpath","value":"//bdi[contains(text(), \"Select\")]"}
RESULT: {"using":"xpath","value":"//bdi[contains(text(), \"Select\")]"}
COMMAND: POST /session/930502a83f533f2c805315139db51ab5/element/f.180F90221EFB09AB147AA6F209AA2E58.d.25920CF009F9395F3A79E1D333421ABD.e.3709/click - {}
RESULT: {}
COMMAND: GET /session/930502a83f533f2c805315139db51ab5/screenshot - {}
RESULT: {}
COMMAND: POST /session/930502a83f533f2c805315139db51ab5/element - {"using":"xpath","value":"//button[@data-kt=\"AddNewHOSaveButton\"]"}
RESULT: {"using":"xpath","value":"//button[@data-kt=\"AddNewHOSaveButton\"]"}
COMMAND: POST /session/930502a83f533f2c805315139db51ab5/element/f.180F90221EFB09AB147AA6F209AA2E58.d.25920CF009F9395F3A79E1D333421ABD.e.3713/click - {}
RESULT: {}
COMMAND: GET /session/930502a83f533f2c805315139db51ab5/screenshot - {}
COMMAND: POST /session/930502a83f533f2c805315139db51ab5/execute/async - {"script":"<script> [1562 bytes]","args":[{"selector":{"id":"receiptDatePicker","viewName":"etm.portal.ui.managehandovers.view.DetailExecuteHO","interaction":{"idSuffix":"inner"}},"wdio_ui5_key":"receiptDatePickeretmportal.ui.managehandovers.view.DetailExecuteHO"}]}
RESULT: {}
RESULT: {"script":"<script> [1562 bytes]","args":[{"selector":{"id":"receiptDatePicker","viewName":"etm.portal.ui.managehandovers.view.DetailExecuteHO","interaction":{"idSuffix":"inner"}},"wdio_ui5_key":"receiptDatePickeretmportal.ui.managehandovers.view.DetailExecuteHO"}]}
RESULT: undefined
COMMAND: POST /session/930502a83f533f2c805315139db51ab5/execute/async - {"script":"<script> [6424 bytes]","args":[{"element-6066-11e4-a52e-4f735466cecf":"f.180F90221EFB09AB147AA6F209AA2E58.d.25920CF009F9395F3A79E1D333421ABD.e.3743"},"setValue",["04/30/2025"]]}
RESULT: {"script":"<script> [6424 bytes]","args":[{"element-6066-11e4-a52e-4f735466cecf":"f.180F90221EFB09AB147AA6F209AA2E58.d.25920CF009F9395F3A79E1D333421ABD.e.3743"},"setValue",["04/30/2025"]]}
COMMAND: POST /session/930502a83f533f2c805315139db51ab5/element - {"using":"xpath","value":"//button[@data-kt=\"PickingTableConfirmAllButton\"]"}
RESULT: {"using":"xpath","value":"//button[@data-kt=\"PickingTableConfirmAllButton\"]"}
COMMAND: POST /session/930502a83f533f2c805315139db51ab5/element/f.180F90221EFB09AB147AA6F209AA2E58.d.25920CF009F9395F3A79E1D333421ABD.e.3757/click - {}
RESULT: {}
COMMAND: GET /session/930502a83f533f2c805315139db51ab5/screenshot - {}
RESULT: {}
COMMAND: POST /session/930502a83f533f2c805315139db51ab5/element - {"using":"xpath","value":"//bdi[contains(text(), \"OK\")]"}
RESULT: {"using":"xpath","value":"//bdi[contains(text(), \"OK\")]"}
COMMAND: POST /session/930502a83f533f2c805315139db51ab5/element/f.180F90221EFB09AB147AA6F209AA2E58.d.25920CF009F9395F3A79E1D333421ABD.e.3759/click - {}
RESULT: {}
COMMAND: GET /session/930502a83f533f2c805315139db51ab5/screenshot - {}
RESULT: {}
COMMAND: POST /session/930502a83f533f2c805315139db51ab5/element - {"using":"xpath","value":"(//bdi[contains(text(), \"Receive\")])[2]"}
RESULT: {"using":"xpath","value":"(//bdi[contains(text(), \"Receive\")])[2]"}
COMMAND: POST /session/930502a83f533f2c805315139db51ab5/element/f.180F90221EFB09AB147AA6F209AA2E58.d.25920CF009F9395F3A79E1D333421ABD.e.3761/click - {}
RESULT: {}
COMMAND: GET /session/930502a83f533f2c805315139db51ab5/screenshot - {}
RESULT: {}
COMMAND: POST /session/930502a83f533f2c805315139db51ab5/element - {"using":"css selector","value":"#shell-header-logo"}
RESULT: {"using":"css selector","value":"#shell-header-logo"}
COMMAND: POST /session/930502a83f533f2c805315139db51ab5/element/f.180F90221EFB09AB147AA6F209AA2E58.d.25920CF009F9395F3A79E1D333421ABD.e.3185/click - {}
RESULT: {}
COMMAND: GET /session/930502a83f533f2c805315139db51ab5/screenshot - {}
RESULT: {}
]]></system-out>
    </testcase>
    <testcase classname="chrome.135_0_7049_96.windows.Tests_for_Mass_State_Change_on_Manage_States_&amp;_Performances_US104416_US" name="Prereq Should create a new contract" time="68.522">
      <system-out><![CDATA[
COMMAND: POST /session/930502a83f533f2c805315139db51ab5/execute/async - {"script":"<script> [1562 bytes]","args":[{"selector":{"controlType":"sap.m.Text","viewName":"etm.portal.ui.managecontractstile.view.Master","properties":{"text":"Manage Contracts"},"interaction":{"idSuffix":"inner"}},"wdio_ui5_key":"etmportal.ui.managecontractstile.view.Mastersap.m.Text{\"text\":\"Manage Contracts\"}"}]}
RESULT: {"script":"<script> [1562 bytes]","args":[{"selector":{"controlType":"sap.m.Text","viewName":"etm.portal.ui.managecontractstile.view.Master","properties":{"text":"Manage Contracts"},"interaction":{"idSuffix":"inner"}},"wdio_ui5_key":"etmportal.ui.managecontractstile.view.Mastersap.m.Text{\"text\":\"Manage Contracts\"}"}]}
RESULT: undefined
COMMAND: POST /session/930502a83f533f2c805315139db51ab5/element - {"using":"xpath","value":"//*[@id=\"__tile131-title\"]"}
RESULT: {"using":"xpath","value":"//*[@id=\"__tile131-title\"]"}
COMMAND: POST /session/930502a83f533f2c805315139db51ab5/element/f.180F90221EFB09AB147AA6F209AA2E58.d.25920CF009F9395F3A79E1D333421ABD.e.4047/click - {}
RESULT: {}
COMMAND: GET /session/930502a83f533f2c805315139db51ab5/screenshot - {}
RESULT: {}
COMMAND: POST /session/930502a83f533f2c805315139db51ab5/element - {"using":"xpath","value":"//button[@data-kt=\"addButton\"]"}
RESULT: {"using":"xpath","value":"//button[@data-kt=\"addButton\"]"}
COMMAND: POST /session/930502a83f533f2c805315139db51ab5/elements - {"using":"xpath","value":"//button[@data-kt=\"addButton\"]"}
RESULT: {"using":"xpath","value":"//button[@data-kt=\"addButton\"]"}
COMMAND: POST /session/930502a83f533f2c805315139db51ab5/execute/sync - {"script":"<script> [8489 bytes]","args":[{"element-6066-11e4-a52e-4f735466cecf":"f.180F90221EFB09AB147AA6F209AA2E58.d.25920CF009F9395F3A79E1D333421ABD.e.4113","ELEMENT":"f.180F90221EFB09AB147AA6F209AA2E58.d.25920CF009F9395F3A79E1D333421ABD.e.4113"}]}
RESULT: {"script":"<script> [8489 bytes]","args":[{"element-6066-11e4-a52e-4f735466cecf":"f.180F90221EFB09AB147AA6F209AA2E58.d.25920CF009F9395F3A79E1D333421ABD.e.4113","ELEMENT":"f.180F90221EFB09AB147AA6F209AA2E58.d.25920CF009F9395F3A79E1D333421ABD.e.4113"}]}
COMMAND: GET /session/930502a83f533f2c805315139db51ab5/element/f.180F90221EFB09AB147AA6F209AA2E58.d.25920CF009F9395F3A79E1D333421ABD.e.4113/enabled - {}
COMMAND: GET /session/930502a83f533f2c805315139db51ab5/screenshot - {}
RESULT: {}
COMMAND: POST /session/930502a83f533f2c805315139db51ab5/execute/sync - {"script":"<script> [8489 bytes]","args":[{"element-6066-11e4-a52e-4f735466cecf":"f.180F90221EFB09AB147AA6F209AA2E58.d.25920CF009F9395F3A79E1D333421ABD.e.4113","ELEMENT":"f.180F90221EFB09AB147AA6F209AA2E58.d.25920CF009F9395F3A79E1D333421ABD.e.4113"}]}
COMMAND: GET /session/930502a83f533f2c805315139db51ab5/screenshot - {}
RESULT: {}
RESULT: {"script":"<script> [8489 bytes]","args":[{"element-6066-11e4-a52e-4f735466cecf":"f.180F90221EFB09AB147AA6F209AA2E58.d.25920CF009F9395F3A79E1D333421ABD.e.4113","ELEMENT":"f.180F90221EFB09AB147AA6F209AA2E58.d.25920CF009F9395F3A79E1D333421ABD.e.4113"}]}
COMMAND: POST /session/930502a83f533f2c805315139db51ab5/execute/sync - {"script":"<script> [5351 bytes]","args":[{"element-6066-11e4-a52e-4f735466cecf":"f.180F90221EFB09AB147AA6F209AA2E58.d.25920CF009F9395F3A79E1D333421ABD.e.4113","ELEMENT":"f.180F90221EFB09AB147AA6F209AA2E58.d.25920CF009F9395F3A79E1D333421ABD.e.4113"}]}
COMMAND: GET /session/930502a83f533f2c805315139db51ab5/screenshot - {}
RESULT: {}
RESULT: {"script":"<script> [5351 bytes]","args":[{"element-6066-11e4-a52e-4f735466cecf":"f.180F90221EFB09AB147AA6F209AA2E58.d.25920CF009F9395F3A79E1D333421ABD.e.4113","ELEMENT":"f.180F90221EFB09AB147AA6F209AA2E58.d.25920CF009F9395F3A79E1D333421ABD.e.4113"}]}
COMMAND: GET /session/930502a83f533f2c805315139db51ab5/screenshot - {}
RESULT: {}
RESULT: {}
COMMAND: POST /session/930502a83f533f2c805315139db51ab5/element/f.180F90221EFB09AB147AA6F209AA2E58.d.25920CF009F9395F3A79E1D333421ABD.e.4113/click - {}
RESULT: {}
COMMAND: GET /session/930502a83f533f2c805315139db51ab5/screenshot - {}
COMMAND: POST /session/930502a83f533f2c805315139db51ab5/execute/async - {"script":"<script> [1562 bytes]","args":[{"selector":{"id":"application-managecontracts-display-component---AddNewContract--projectDescription","interaction":{"idSuffix":"inner"}},"wdio_ui5_key":"applicationmanagecontracts-display-component---AddNewContract--projectDescription"}]}
RESULT: {}
RESULT: {"script":"<script> [1562 bytes]","args":[{"selector":{"id":"application-managecontracts-display-component---AddNewContract--projectDescription","interaction":{"idSuffix":"inner"}},"wdio_ui5_key":"applicationmanagecontracts-display-component---AddNewContract--projectDescription"}]}
RESULT: undefined
COMMAND: POST /session/930502a83f533f2c805315139db51ab5/execute/async - {"script":"<script> [776 bytes]","args":[{"enterText":"Contract WDIO","selector":{"id":"application-managecontracts-display-component---AddNewContract--projectDescription","interaction":{"idSuffix":"inner"}},"clearTextFirst":true,"interactionType":"ENTER_TEXT"}]}
RESULT: {"script":"<script> [776 bytes]","args":[{"enterText":"Contract WDIO","selector":{"id":"application-managecontracts-display-component---AddNewContract--projectDescription","interaction":{"idSuffix":"inner"}},"clearTextFirst":true,"interactionType":"ENTER_TEXT"}]}
COMMAND: POST /session/930502a83f533f2c805315139db51ab5/element - {"using":"xpath","value":"//input[@id=\"application-managecontracts-display-component---AddNewContract--site-inner\"]"}
RESULT: {"using":"xpath","value":"//input[@id=\"application-managecontracts-display-component---AddNewContract--site-inner\"]"}
COMMAND: POST /session/930502a83f533f2c805315139db51ab5/element/f.180F90221EFB09AB147AA6F209AA2E58.d.25920CF009F9395F3A79E1D333421ABD.e.4434/clear - {}
RESULT: {}
COMMAND: POST /session/930502a83f533f2c805315139db51ab5/element/f.180F90221EFB09AB147AA6F209AA2E58.d.25920CF009F9395F3A79E1D333421ABD.e.4434/value - {"text":"2309"}
COMMAND: GET /session/930502a83f533f2c805315139db51ab5/screenshot - {}
RESULT: {"text":"2309"}
COMMAND: GET /session/930502a83f533f2c805315139db51ab5/screenshot - {}
RESULT: {}
RESULT: {}
COMMAND: POST /session/930502a83f533f2c805315139db51ab5/element - {"using":"xpath","value":"//li[.//span[text()='2309']]"}
RESULT: {"using":"xpath","value":"//li[.//span[text()='2309']]"}
COMMAND: POST /session/930502a83f533f2c805315139db51ab5/element/f.180F90221EFB09AB147AA6F209AA2E58.d.25920CF009F9395F3A79E1D333421ABD.e.4457/click - {}
RESULT: {}
COMMAND: GET /session/930502a83f533f2c805315139db51ab5/screenshot - {}
RESULT: {}
COMMAND: POST /session/930502a83f533f2c805315139db51ab5/element - {"using":"xpath","value":"//input[@id=\"application-managecontracts-display-component---AddNewContract--yardId-inner\"]"}
RESULT: {"using":"xpath","value":"//input[@id=\"application-managecontracts-display-component---AddNewContract--yardId-inner\"]"}
COMMAND: GET /session/930502a83f533f2c805315139db51ab5/element/f.180F90221EFB09AB147AA6F209AA2E58.d.25920CF009F9395F3A79E1D333421ABD.e.4435/property/value - {}
RESULT: {}
COMMAND: POST /session/930502a83f533f2c805315139db51ab5/element - {"using":"xpath","value":"//input[@id=\"application-managecontracts-display-component---AddNewContract--customerSelect-inner\"]"}
COMMAND: GET /session/930502a83f533f2c805315139db51ab5/screenshot - {}
RESULT: {"using":"xpath","value":"//input[@id=\"application-managecontracts-display-component---AddNewContract--customerSelect-inner\"]"}
COMMAND: POST /session/930502a83f533f2c805315139db51ab5/element/f.180F90221EFB09AB147AA6F209AA2E58.d.25920CF009F9395F3A79E1D333421ABD.e.4433/clear - {}
RESULT: {}
RESULT: {}
COMMAND: POST /session/930502a83f533f2c805315139db51ab5/element/f.180F90221EFB09AB147AA6F209AA2E58.d.25920CF009F9395F3A79E1D333421ABD.e.4433/value - {"text":"1345"}
COMMAND: GET /session/930502a83f533f2c805315139db51ab5/screenshot - {}
RESULT: {"text":"1345"}
COMMAND: GET /session/930502a83f533f2c805315139db51ab5/screenshot - {}
RESULT: {}
RESULT: {}
COMMAND: POST /session/930502a83f533f2c805315139db51ab5/element - {"using":"xpath","value":"//li[.//span[text()='1345']]"}
RESULT: {"using":"xpath","value":"//li[.//span[text()='1345']]"}
COMMAND: POST /session/930502a83f533f2c805315139db51ab5/element/f.180F90221EFB09AB147AA6F209AA2E58.d.25920CF009F9395F3A79E1D333421ABD.e.4460/click - {}
RESULT: {}
COMMAND: GET /session/930502a83f533f2c805315139db51ab5/screenshot - {}
RESULT: {}
COMMAND: POST /session/930502a83f533f2c805315139db51ab5/element - {"using":"xpath","value":"//button[@data-kt=\"saveButton\"]"}
RESULT: {"using":"xpath","value":"//button[@data-kt=\"saveButton\"]"}
COMMAND: POST /session/930502a83f533f2c805315139db51ab5/element/f.180F90221EFB09AB147AA6F209AA2E58.d.25920CF009F9395F3A79E1D333421ABD.e.4450/click - {}
RESULT: {}
COMMAND: GET /session/930502a83f533f2c805315139db51ab5/screenshot - {}
RESULT: {}
COMMAND: POST /session/930502a83f533f2c805315139db51ab5/element - {"using":"xpath","value":"//span[contains(@id ,\"contractDetailTitleNoExpanded\")]"}
RESULT: {"using":"xpath","value":"//span[contains(@id ,\"contractDetailTitleNoExpanded\")]"}
COMMAND: POST /session/930502a83f533f2c805315139db51ab5/elements - {"using":"xpath","value":"//span[contains(@id ,\"contractDetailTitleNoExpanded\")]"}
RESULT: {"using":"xpath","value":"//span[contains(@id ,\"contractDetailTitleNoExpanded\")]"}
COMMAND: POST /session/930502a83f533f2c805315139db51ab5/execute/sync - {"script":"<script> [56 bytes]","args":[{"element-6066-11e4-a52e-4f735466cecf":"f.180F90221EFB09AB147AA6F209AA2E58.d.25920CF009F9395F3A79E1D333421ABD.e.4475","ELEMENT":"f.180F90221EFB09AB147AA6F209AA2E58.d.25920CF009F9395F3A79E1D333421ABD.e.4475"}]}
RESULT: {"script":"<script> [56 bytes]","args":[{"element-6066-11e4-a52e-4f735466cecf":"f.180F90221EFB09AB147AA6F209AA2E58.d.25920CF009F9395F3A79E1D333421ABD.e.4475","ELEMENT":"f.180F90221EFB09AB147AA6F209AA2E58.d.25920CF009F9395F3A79E1D333421ABD.e.4475"}]}
COMMAND: GET /session/930502a83f533f2c805315139db51ab5/screenshot - {}
RESULT: {}
]]></system-out>
    </testcase>
    <testcase classname="chrome.135_0_7049_96.windows.Tests_for_Mass_State_Change_on_Manage_States_&amp;_Performances_US104416_US" name="Prereq Should add created equipment to contract but to have the item 2 days earlier" time="63.955">
      <system-out><![CDATA[
COMMAND: POST /session/930502a83f533f2c805315139db51ab5/element - {"using":"xpath","value":"//button[@data-kt=\"contractDetailEditBtnButton\"]"}
RESULT: {"using":"xpath","value":"//button[@data-kt=\"contractDetailEditBtnButton\"]"}
COMMAND: POST /session/930502a83f533f2c805315139db51ab5/element/f.180F90221EFB09AB147AA6F209AA2E58.d.25920CF009F9395F3A79E1D333421ABD.e.4476/click - {}
RESULT: {}
COMMAND: GET /session/930502a83f533f2c805315139db51ab5/screenshot - {}
RESULT: {}
COMMAND: POST /session/930502a83f533f2c805315139db51ab5/element - {"using":"xpath","value":"(//span[contains(text(), \"Additional Addresses\")])[2]"}
RESULT: {"using":"xpath","value":"(//span[contains(text(), \"Additional Addresses\")])[2]"}
COMMAND: POST /session/930502a83f533f2c805315139db51ab5/element/f.180F90221EFB09AB147AA6F209AA2E58.d.25920CF009F9395F3A79E1D333421ABD.e.4533/click - {}
RESULT: {}
COMMAND: GET /session/930502a83f533f2c805315139db51ab5/screenshot - {}
RESULT: {}
COMMAND: POST /session/930502a83f533f2c805315139db51ab5/element - {"using":"xpath","value":"//button[@data-kt=\"btnAddTableRowOverflowToolbarButton\"]"}
RESULT: {"using":"xpath","value":"//button[@data-kt=\"btnAddTableRowOverflowToolbarButton\"]"}
COMMAND: POST /session/930502a83f533f2c805315139db51ab5/element/f.180F90221EFB09AB147AA6F209AA2E58.d.25920CF009F9395F3A79E1D333421ABD.e.4536/click - {}
RESULT: {}
COMMAND: GET /session/930502a83f533f2c805315139db51ab5/screenshot - {}
RESULT: {}
COMMAND: POST /session/930502a83f533f2c805315139db51ab5/element - {"using":"xpath","value":"//div[(text() = 'Standard Entry' or . = 'Standard Entry')]"}
RESULT: {"using":"xpath","value":"//div[(text() = 'Standard Entry' or . = 'Standard Entry')]"}
COMMAND: POST /session/930502a83f533f2c805315139db51ab5/element/f.180F90221EFB09AB147AA6F209AA2E58.d.25920CF009F9395F3A79E1D333421ABD.e.4538/click - {}
RESULT: {}
COMMAND: GET /session/930502a83f533f2c805315139db51ab5/screenshot - {}
RESULT: {}
COMMAND: POST /session/930502a83f533f2c805315139db51ab5/element - {"using":"xpath","value":"//td[6]/div/div/div/span"}
RESULT: {"using":"xpath","value":"//td[6]/div/div/div/span"}
COMMAND: POST /session/930502a83f533f2c805315139db51ab5/element/f.180F90221EFB09AB147AA6F209AA2E58.d.25920CF009F9395F3A79E1D333421ABD.e.4550/click - {}
RESULT: {}
COMMAND: GET /session/930502a83f533f2c805315139db51ab5/screenshot - {}
RESULT: {}
COMMAND: POST /session/930502a83f533f2c805315139db51ab5/element - {"using":"xpath","value":"(//span[contains(text(), \"Equi Multipart\")])"}
RESULT: {"using":"xpath","value":"(//span[contains(text(), \"Equi Multipart\")])"}
COMMAND: POST /session/930502a83f533f2c805315139db51ab5/element/f.180F90221EFB09AB147AA6F209AA2E58.d.25920CF009F9395F3A79E1D333421ABD.e.4551/click - {}
RESULT: {}
COMMAND: GET /session/930502a83f533f2c805315139db51ab5/screenshot - {}
RESULT: {}
COMMAND: POST /session/930502a83f533f2c805315139db51ab5/element - {"using":"xpath","value":"//td[7]/div/div/input"}
RESULT: {"using":"xpath","value":"//td[7]/div/div/input"}
COMMAND: POST /session/930502a83f533f2c805315139db51ab5/element/f.180F90221EFB09AB147AA6F209AA2E58.d.25920CF009F9395F3A79E1D333421ABD.e.4555/clear - {}
RESULT: {}
COMMAND: POST /session/930502a83f533f2c805315139db51ab5/element/f.180F90221EFB09AB147AA6F209AA2E58.d.25920CF009F9395F3A79E1D333421ABD.e.4555/value - {"text":"400030"}
COMMAND: GET /session/930502a83f533f2c805315139db51ab5/screenshot - {}
RESULT: {"text":"400030"}
COMMAND: GET /session/930502a83f533f2c805315139db51ab5/screenshot - {}
RESULT: {}
RESULT: {}
COMMAND: POST /session/930502a83f533f2c805315139db51ab5/actions - {"actions":[{"id":"action12","type":"key","parameters":{},"actions":[{"type":"keyDown","value":"î€‡"},{"type":"pause","duration":10},{"type":"keyUp","value":"î€‡"}]}]}
RESULT: {"actions":[{"id":"action12","type":"key","parameters":{},"actions":[{"type":"keyDown","value":"î€‡"},{"type":"pause","duration":10},{"type":"keyUp","value":"î€‡"}]}]}
COMMAND: GET /session/930502a83f533f2c805315139db51ab5/screenshot - {}
RESULT: {}
COMMAND: POST /session/930502a83f533f2c805315139db51ab5/execute/sync - {"script":"<script> [276 bytes]","args":["No pricing information was found"]}
RESULT: {"script":"<script> [276 bytes]","args":["No pricing information was found"]}
COMMAND: POST /session/930502a83f533f2c805315139db51ab5/element - {"using":"xpath","value":"//bdi[contains(text(), \"OK\")]"}
COMMAND: GET /session/930502a83f533f2c805315139db51ab5/screenshot - {}
RESULT: {"using":"xpath","value":"//bdi[contains(text(), \"OK\")]"}
COMMAND: POST /session/930502a83f533f2c805315139db51ab5/element/f.180F90221EFB09AB147AA6F209AA2E58.d.25920CF009F9395F3A79E1D333421ABD.e.4581/click - {}
RESULT: {}
RESULT: {}
COMMAND: GET /session/930502a83f533f2c805315139db51ab5/screenshot - {}
RESULT: {}
COMMAND: POST /session/930502a83f533f2c805315139db51ab5/element - {"using":"xpath","value":"//td[19]/div/div/input"}
RESULT: {"using":"xpath","value":"//td[19]/div/div/input"}
COMMAND: POST /session/930502a83f533f2c805315139db51ab5/element/f.180F90221EFB09AB147AA6F209AA2E58.d.25920CF009F9395F3A79E1D333421ABD.e.4578/clear - {}
RESULT: {}
COMMAND: POST /session/930502a83f533f2c805315139db51ab5/element/f.180F90221EFB09AB147AA6F209AA2E58.d.25920CF009F9395F3A79E1D333421ABD.e.4578/value - {"text":"04/28/25"}
COMMAND: GET /session/930502a83f533f2c805315139db51ab5/screenshot - {}
RESULT: {"text":"04/28/25"}
COMMAND: GET /session/930502a83f533f2c805315139db51ab5/screenshot - {}
RESULT: {}
RESULT: {}
COMMAND: POST /session/930502a83f533f2c805315139db51ab5/element - {"using":"xpath","value":"(//button[@data-kt=\"saveButton\"])[2]"}
RESULT: {"using":"xpath","value":"(//button[@data-kt=\"saveButton\"])[2]"}
COMMAND: POST /session/930502a83f533f2c805315139db51ab5/element/f.180F90221EFB09AB147AA6F209AA2E58.d.25920CF009F9395F3A79E1D333421ABD.e.4583/click - {}
RESULT: {}
COMMAND: GET /session/930502a83f533f2c805315139db51ab5/screenshot - {}
RESULT: {}
COMMAND: POST /session/930502a83f533f2c805315139db51ab5/execute/sync - {"script":"<script> [276 bytes]","args":["Some contract items are having rental validity exceeding header rental validity"]}
RESULT: {"script":"<script> [276 bytes]","args":["Some contract items are having rental validity exceeding header rental validity"]}
COMMAND: POST /session/930502a83f533f2c805315139db51ab5/element - {"using":"xpath","value":"//bdi[contains(text(), \"OK\")]"}
COMMAND: GET /session/930502a83f533f2c805315139db51ab5/screenshot - {}
RESULT: {"using":"xpath","value":"//bdi[contains(text(), \"OK\")]"}
COMMAND: POST /session/930502a83f533f2c805315139db51ab5/element/f.180F90221EFB09AB147AA6F209AA2E58.d.25920CF009F9395F3A79E1D333421ABD.e.4586/click - {}
RESULT: {}
RESULT: {}
COMMAND: GET /session/930502a83f533f2c805315139db51ab5/screenshot - {}
RESULT: {}
COMMAND: POST /session/930502a83f533f2c805315139db51ab5/element - {"using":"xpath","value":"//span[contains(@id ,\"contractItemsSmartTable-header-inner\")]"}
RESULT: {"using":"xpath","value":"//span[contains(@id ,\"contractItemsSmartTable-header-inner\")]"}
COMMAND: POST /session/930502a83f533f2c805315139db51ab5/elements - {"using":"xpath","value":"//span[contains(@id ,\"contractItemsSmartTable-header-inner\")]"}
RESULT: {"using":"xpath","value":"//span[contains(@id ,\"contractItemsSmartTable-header-inner\")]"}
COMMAND: POST /session/930502a83f533f2c805315139db51ab5/execute/sync - {"script":"<script> [56 bytes]","args":[{"element-6066-11e4-a52e-4f735466cecf":"f.180F90221EFB09AB147AA6F209AA2E58.d.25920CF009F9395F3A79E1D333421ABD.e.4593","ELEMENT":"f.180F90221EFB09AB147AA6F209AA2E58.d.25920CF009F9395F3A79E1D333421ABD.e.4593"}]}
RESULT: {"script":"<script> [56 bytes]","args":[{"element-6066-11e4-a52e-4f735466cecf":"f.180F90221EFB09AB147AA6F209AA2E58.d.25920CF009F9395F3A79E1D333421ABD.e.4593","ELEMENT":"f.180F90221EFB09AB147AA6F209AA2E58.d.25920CF009F9395F3A79E1D333421ABD.e.4593"}]}
COMMAND: GET /session/930502a83f533f2c805315139db51ab5/screenshot - {}
]]></system-out>
    </testcase>
    <testcase classname="chrome.135_0_7049_96.windows.Tests_for_Mass_State_Change_on_Manage_States_&amp;_Performances_US104416_US" name="Prereq Should do a provide to site handover for today" time="61.822">
      <system-out><![CDATA[
COMMAND: POST /session/930502a83f533f2c805315139db51ab5/element - {"using":"xpath","value":"//button[@data-kt=\"provideButton\"]"}
RESULT: {}
RESULT: {"using":"xpath","value":"//button[@data-kt=\"provideButton\"]"}
COMMAND: POST /session/930502a83f533f2c805315139db51ab5/element/f.180F90221EFB09AB147AA6F209AA2E58.d.25920CF009F9395F3A79E1D333421ABD.e.4595/click - {}
RESULT: {}
COMMAND: GET /session/930502a83f533f2c805315139db51ab5/screenshot - {}
RESULT: {}
RESULT: undefined
COMMAND: POST /session/930502a83f533f2c805315139db51ab5/execute/async - {"script":"<script> [6424 bytes]","args":[{"element-6066-11e4-a52e-4f735466cecf":"f.180F90221EFB09AB147AA6F209AA2E58.d.25920CF009F9395F3A79E1D333421ABD.e.3526"},"setValue",["04/30/2025"]]}
COMMAND: POST /session/930502a83f533f2c805315139db51ab5/execute/async - {"script":"<script> [1562 bytes]","args":[{"selector":{"id":"application-managehandovers-display-component---AddNewHO--dueDate","interaction":{"idSuffix":"inner"}},"wdio_ui5_key":"applicationmanagehandovers-display-component---AddNewHO--dueDate"}]}
RESULT: {"script":"<script> [1562 bytes]","args":[{"selector":{"id":"application-managehandovers-display-component---AddNewHO--dueDate","interaction":{"idSuffix":"inner"}},"wdio_ui5_key":"applicationmanagehandovers-display-component---AddNewHO--dueDate"}]}
COMMAND: POST /session/930502a83f533f2c805315139db51ab5/execute/async - {"script":"<script> [6424 bytes]","args":[{"element-6066-11e4-a52e-4f735466cecf":"f.180F90221EFB09AB147AA6F209AA2E58.d.25920CF009F9395F3A79E1D333421ABD.e.4652"},"setValue",["04/30/2025"]]}
RESULT: {"script":"<script> [6424 bytes]","args":[{"element-6066-11e4-a52e-4f735466cecf":"f.180F90221EFB09AB147AA6F209AA2E58.d.25920CF009F9395F3A79E1D333421ABD.e.4652"},"setValue",["04/30/2025"]]}
COMMAND: POST /session/930502a83f533f2c805315139db51ab5/element - {"using":"xpath","value":"//bdi[contains(text(), \"Instructions\")]"}
RESULT: {"using":"xpath","value":"//bdi[contains(text(), \"Instructions\")]"}
COMMAND: POST /session/930502a83f533f2c805315139db51ab5/element/f.180F90221EFB09AB147AA6F209AA2E58.d.25920CF009F9395F3A79E1D333421ABD.e.4917/click - {}
RESULT: {}
COMMAND: GET /session/930502a83f533f2c805315139db51ab5/screenshot - {}
RESULT: {}
COMMAND: POST /session/930502a83f533f2c805315139db51ab5/element - {"using":"xpath","value":"//button[@data-kt=\"AddNewHOProvideAddItemsButton\"]"}
RESULT: {"using":"xpath","value":"//button[@data-kt=\"AddNewHOProvideAddItemsButton\"]"}
COMMAND: POST /session/930502a83f533f2c805315139db51ab5/element/f.180F90221EFB09AB147AA6F209AA2E58.d.25920CF009F9395F3A79E1D333421ABD.e.4921/click - {}
RESULT: {}
COMMAND: GET /session/930502a83f533f2c805315139db51ab5/screenshot - {}
RESULT: {}
RESULT: undefined
COMMAND: POST /session/930502a83f533f2c805315139db51ab5/element - {"using":"xpath","value":"//*[@id=\"application-managehandovers-display-component---AddNewHO--popup-sa\"]"}
RESULT: {"using":"xpath","value":"//*[@id=\"application-managehandovers-display-component---AddNewHO--popup-sa\"]"}
COMMAND: POST /session/930502a83f533f2c805315139db51ab5/element/f.180F90221EFB09AB147AA6F209AA2E58.d.25920CF009F9395F3A79E1D333421ABD.e.4936/click - {}
RESULT: {}
COMMAND: GET /session/930502a83f533f2c805315139db51ab5/screenshot - {}
RESULT: {}
COMMAND: POST /session/930502a83f533f2c805315139db51ab5/element - {"using":"xpath","value":"//*[contains(@id ,\"BDI-content\")][contains(text(), \"Select\")]"}
RESULT: {"using":"xpath","value":"//*[contains(@id ,\"BDI-content\")][contains(text(), \"Select\")]"}
COMMAND: POST /session/930502a83f533f2c805315139db51ab5/element/f.180F90221EFB09AB147AA6F209AA2E58.d.25920CF009F9395F3A79E1D333421ABD.e.4938/click - {}
RESULT: {}
COMMAND: GET /session/930502a83f533f2c805315139db51ab5/screenshot - {}
RESULT: {}
COMMAND: POST /session/930502a83f533f2c805315139db51ab5/execute/async - {"script":"<script> [1562 bytes]","args":[{"selector":{"id":"application-managehandovers-display-component---AddNewHO--confirmCreationButton","interaction":{"idSuffix":"BDI-content"}},"wdio_ui5_key":"applicationmanagehandovers-display-component---AddNewHO--confirmCreationButton"}]}
RESULT: {"script":"<script> [1562 bytes]","args":[{"selector":{"id":"application-managehandovers-display-component---AddNewHO--confirmCreationButton","interaction":{"idSuffix":"BDI-content"}},"wdio_ui5_key":"applicationmanagehandovers-display-component---AddNewHO--confirmCreationButton"}]}
RESULT: undefined
COMMAND: POST /session/930502a83f533f2c805315139db51ab5/element - {"using":"xpath","value":"//*[@id=\"application-managehandovers-display-component---AddNewHO--confirmCreationButton\"]"}
RESULT: {"using":"xpath","value":"//*[@id=\"application-managehandovers-display-component---AddNewHO--confirmCreationButton\"]"}
COMMAND: POST /session/930502a83f533f2c805315139db51ab5/element/f.180F90221EFB09AB147AA6F209AA2E58.d.25920CF009F9395F3A79E1D333421ABD.e.4722/click - {}
RESULT: {}
COMMAND: GET /session/930502a83f533f2c805315139db51ab5/screenshot - {}
RESULT: {}
COMMAND: POST /session/930502a83f533f2c805315139db51ab5/element - {"using":"xpath","value":"//button[@data-kt=\"PickingTableConfirmAllButton\"]"}
RESULT: {"using":"xpath","value":"//button[@data-kt=\"PickingTableConfirmAllButton\"]"}
COMMAND: POST /session/930502a83f533f2c805315139db51ab5/elements - {"using":"xpath","value":"//button[@data-kt=\"PickingTableConfirmAllButton\"]"}
RESULT: {"using":"xpath","value":"//button[@data-kt=\"PickingTableConfirmAllButton\"]"}
COMMAND: POST /session/930502a83f533f2c805315139db51ab5/elements - {"using":"xpath","value":"//button[@data-kt=\"PickingTableConfirmAllButton\"]"}
RESULT: {"using":"xpath","value":"//button[@data-kt=\"PickingTableConfirmAllButton\"]"}
COMMAND: POST /session/930502a83f533f2c805315139db51ab5/elements - {"using":"xpath","value":"//button[@data-kt=\"PickingTableConfirmAllButton\"]"}
RESULT: {"using":"xpath","value":"//button[@data-kt=\"PickingTableConfirmAllButton\"]"}
COMMAND: POST /session/930502a83f533f2c805315139db51ab5/element - {"using":"xpath","value":"//button[@data-kt=\"PickingTableConfirmAllButton\"]"}
RESULT: {"using":"xpath","value":"//button[@data-kt=\"PickingTableConfirmAllButton\"]"}
COMMAND: POST /session/930502a83f533f2c805315139db51ab5/element/f.180F90221EFB09AB147AA6F209AA2E58.d.25920CF009F9395F3A79E1D333421ABD.e.4977/click - {}
COMMAND: POST /session/930502a83f533f2c805315139db51ab5/element - {"using":"xpath","value":"//button[@data-kt=\"PickingTableConfirmAllButton\"]"}
RESULT: {"using":"xpath","value":"//button[@data-kt=\"PickingTableConfirmAllButton\"]"}
COMMAND: POST /session/930502a83f533f2c805315139db51ab5/element/f.180F90221EFB09AB147AA6F209AA2E58.d.25920CF009F9395F3A79E1D333421ABD.e.4977/click - {}
COMMAND: POST /session/930502a83f533f2c805315139db51ab5/element - {"using":"xpath","value":"//button[@data-kt=\"PickingTableConfirmAllButton\"]"}
RESULT: {"using":"xpath","value":"//button[@data-kt=\"PickingTableConfirmAllButton\"]"}
COMMAND: POST /session/930502a83f533f2c805315139db51ab5/element/f.180F90221EFB09AB147AA6F209AA2E58.d.25920CF009F9395F3A79E1D333421ABD.e.4994/click - {}
RESULT: {}
COMMAND: GET /session/930502a83f533f2c805315139db51ab5/screenshot - {}
RESULT: {}
COMMAND: POST /session/930502a83f533f2c805315139db51ab5/element - {"using":"xpath","value":"//bdi[contains(text(), \"OK\")]"}
RESULT: {"using":"xpath","value":"//bdi[contains(text(), \"OK\")]"}
COMMAND: POST /session/930502a83f533f2c805315139db51ab5/element/f.180F90221EFB09AB147AA6F209AA2E58.d.25920CF009F9395F3A79E1D333421ABD.e.4997/click - {}
RESULT: {}
COMMAND: GET /session/930502a83f533f2c805315139db51ab5/screenshot - {}
RESULT: {}
COMMAND: POST /session/930502a83f533f2c805315139db51ab5/element - {"using":"xpath","value":"//bdi[contains(text(), \"Issue\")]"}
RESULT: {"using":"xpath","value":"//bdi[contains(text(), \"Issue\")]"}
COMMAND: POST /session/930502a83f533f2c805315139db51ab5/element/f.180F90221EFB09AB147AA6F209AA2E58.d.25920CF009F9395F3A79E1D333421ABD.e.5000/click - {}
RESULT: {}
COMMAND: GET /session/930502a83f533f2c805315139db51ab5/screenshot - {}
RESULT: {}
COMMAND: POST /session/930502a83f533f2c805315139db51ab5/element - {"using":"css selector","value":"#shell-header-logo"}
RESULT: {"using":"css selector","value":"#shell-header-logo"}
COMMAND: POST /session/930502a83f533f2c805315139db51ab5/element/f.180F90221EFB09AB147AA6F209AA2E58.d.25920CF009F9395F3A79E1D333421ABD.e.4051/click - {}
RESULT: {}
COMMAND: GET /session/930502a83f533f2c805315139db51ab5/screenshot - {}
RESULT: {}
]]></system-out>
    </testcase>
  </testsuite>
</testsuites>