<?xml version="1.0" encoding="UTF-8"?>
<testsuites tests="15" failures="3" errors="3" skipped="0">
  <testsuite timestamp="2025-05-07T16:39:38" time="998.552" tests="9" failures="0" errors="0" skipped="0">
    <properties>
      <property name="specId" value="0" />
      <property name="suiteName" value="Prerequisites &amp; test for yard mass return on Yard Overview US131057" />
      <property name="capabilities" value="chrome.135_0_7049_115.windows" />
      <property name="file" value="file:///D:/a/1/s/test/specs/HTR/yard-mass-return.spec.js" />
    </properties>
    <testcase classname="chrome.135_0_7049_115.windows.Prerequisites_&amp;_test_for_yard_mass_return_on_Yard_Overview_US131057" name="Prereq Should create a new yard used for all following tests" time="139.257">
      <system-out><![CDATA[
COMMAND: POST /session/d2b61baf962823bd836e23b68c74a1fc/window/fullscreen - {}
RESULT: {}
COMMAND: POST /session/d2b61baf962823bd836e23b68c74a1fc/execute/async - {"script":"<script> [1562 bytes]","args":[{"selector":{"controlType":"sap.m.GenericTile","properties":{"header":"Manage Yards"}},"wdio_ui5_key":"sapm.GenericTile{\"header\":\"Manage Yards\"}"}]}
RESULT: {"script":"<script> [1562 bytes]","args":[{"selector":{"controlType":"sap.m.GenericTile","properties":{"header":"Manage Yards"}},"wdio_ui5_key":"sapm.GenericTile{\"header\":\"Manage Yards\"}"}]}
RESULT: undefined
COMMAND: POST /session/d2b61baf962823bd836e23b68c74a1fc/element - {"using":"xpath","value":"//*[@id=\"__tile41\"]"}
RESULT: {"using":"xpath","value":"//*[@id=\"__tile41\"]"}
COMMAND: POST /session/d2b61baf962823bd836e23b68c74a1fc/element/f.EF0E81B17C62DBBEF55F8BAE4B803037.d.635AE86F12B5F127BA32045291922DA6.e.160/click - {}
RESULT: {}
COMMAND: POST /session/d2b61baf962823bd836e23b68c74a1fc/element - {"using":"xpath","value":"//button[@data-kt=\"addNewYardOverflowToolbarButton\"]"}
COMMAND: GET /session/d2b61baf962823bd836e23b68c74a1fc/screenshot - {}
RESULT: {"using":"xpath","value":"//button[@data-kt=\"addNewYardOverflowToolbarButton\"]"}
COMMAND: POST /session/d2b61baf962823bd836e23b68c74a1fc/elements - {"using":"xpath","value":"//button[@data-kt=\"addNewYardOverflowToolbarButton\"]"}
RESULT: {}
RESULT: {"using":"xpath","value":"//button[@data-kt=\"addNewYardOverflowToolbarButton\"]"}
COMMAND: POST /session/d2b61baf962823bd836e23b68c74a1fc/elements - {"using":"xpath","value":"//button[@data-kt=\"addNewYardOverflowToolbarButton\"]"}
RESULT: {"using":"xpath","value":"//button[@data-kt=\"addNewYardOverflowToolbarButton\"]"}
COMMAND: POST /session/d2b61baf962823bd836e23b68c74a1fc/elements - {"using":"xpath","value":"//button[@data-kt=\"addNewYardOverflowToolbarButton\"]"}
RESULT: {"using":"xpath","value":"//button[@data-kt=\"addNewYardOverflowToolbarButton\"]"}
COMMAND: POST /session/d2b61baf962823bd836e23b68c74a1fc/elements - {"using":"xpath","value":"//button[@data-kt=\"addNewYardOverflowToolbarButton\"]"}
RESULT: {"using":"xpath","value":"//button[@data-kt=\"addNewYardOverflowToolbarButton\"]"}
COMMAND: POST /session/d2b61baf962823bd836e23b68c74a1fc/elements - {"using":"xpath","value":"//button[@data-kt=\"addNewYardOverflowToolbarButton\"]"}
RESULT: {"using":"xpath","value":"//button[@data-kt=\"addNewYardOverflowToolbarButton\"]"}
COMMAND: POST /session/d2b61baf962823bd836e23b68c74a1fc/elements - {"using":"xpath","value":"//button[@data-kt=\"addNewYardOverflowToolbarButton\"]"}
RESULT: {"using":"xpath","value":"//button[@data-kt=\"addNewYardOverflowToolbarButton\"]"}
COMMAND: POST /session/d2b61baf962823bd836e23b68c74a1fc/elements - {"using":"xpath","value":"//button[@data-kt=\"addNewYardOverflowToolbarButton\"]"}
RESULT: {"using":"xpath","value":"//button[@data-kt=\"addNewYardOverflowToolbarButton\"]"}
COMMAND: POST /session/d2b61baf962823bd836e23b68c74a1fc/elements - {"using":"xpath","value":"//button[@data-kt=\"addNewYardOverflowToolbarButton\"]"}
RESULT: {"using":"xpath","value":"//button[@data-kt=\"addNewYardOverflowToolbarButton\"]"}
COMMAND: POST /session/d2b61baf962823bd836e23b68c74a1fc/elements - {"using":"xpath","value":"//button[@data-kt=\"addNewYardOverflowToolbarButton\"]"}
RESULT: {"using":"xpath","value":"//button[@data-kt=\"addNewYardOverflowToolbarButton\"]"}
COMMAND: POST /session/d2b61baf962823bd836e23b68c74a1fc/elements - {"using":"xpath","value":"//button[@data-kt=\"addNewYardOverflowToolbarButton\"]"}
RESULT: {"using":"xpath","value":"//button[@data-kt=\"addNewYardOverflowToolbarButton\"]"}
COMMAND: POST /session/d2b61baf962823bd836e23b68c74a1fc/elements - {"using":"xpath","value":"//button[@data-kt=\"addNewYardOverflowToolbarButton\"]"}
RESULT: {"using":"xpath","value":"//button[@data-kt=\"addNewYardOverflowToolbarButton\"]"}
COMMAND: POST /session/d2b61baf962823bd836e23b68c74a1fc/elements - {"using":"xpath","value":"//button[@data-kt=\"addNewYardOverflowToolbarButton\"]"}
RESULT: {"using":"xpath","value":"//button[@data-kt=\"addNewYardOverflowToolbarButton\"]"}
COMMAND: POST /session/d2b61baf962823bd836e23b68c74a1fc/elements - {"using":"xpath","value":"//button[@data-kt=\"addNewYardOverflowToolbarButton\"]"}
RESULT: {"using":"xpath","value":"//button[@data-kt=\"addNewYardOverflowToolbarButton\"]"}
COMMAND: POST /session/d2b61baf962823bd836e23b68c74a1fc/elements - {"using":"xpath","value":"//button[@data-kt=\"addNewYardOverflowToolbarButton\"]"}
RESULT: {"using":"xpath","value":"//button[@data-kt=\"addNewYardOverflowToolbarButton\"]"}
COMMAND: POST /session/d2b61baf962823bd836e23b68c74a1fc/elements - {"using":"xpath","value":"//button[@data-kt=\"addNewYardOverflowToolbarButton\"]"}
RESULT: {"using":"xpath","value":"//button[@data-kt=\"addNewYardOverflowToolbarButton\"]"}
COMMAND: POST /session/d2b61baf962823bd836e23b68c74a1fc/elements - {"using":"xpath","value":"//button[@data-kt=\"addNewYardOverflowToolbarButton\"]"}
RESULT: {"using":"xpath","value":"//button[@data-kt=\"addNewYardOverflowToolbarButton\"]"}
COMMAND: POST /session/d2b61baf962823bd836e23b68c74a1fc/elements - {"using":"xpath","value":"//button[@data-kt=\"addNewYardOverflowToolbarButton\"]"}
RESULT: {"using":"xpath","value":"//button[@data-kt=\"addNewYardOverflowToolbarButton\"]"}
COMMAND: POST /session/d2b61baf962823bd836e23b68c74a1fc/elements - {"using":"xpath","value":"//button[@data-kt=\"addNewYardOverflowToolbarButton\"]"}
RESULT: {"using":"xpath","value":"//button[@data-kt=\"addNewYardOverflowToolbarButton\"]"}
COMMAND: POST /session/d2b61baf962823bd836e23b68c74a1fc/elements - {"using":"xpath","value":"//button[@data-kt=\"addNewYardOverflowToolbarButton\"]"}
RESULT: {"using":"xpath","value":"//button[@data-kt=\"addNewYardOverflowToolbarButton\"]"}
COMMAND: POST /session/d2b61baf962823bd836e23b68c74a1fc/elements - {"using":"xpath","value":"//button[@data-kt=\"addNewYardOverflowToolbarButton\"]"}
RESULT: {"using":"xpath","value":"//button[@data-kt=\"addNewYardOverflowToolbarButton\"]"}
COMMAND: POST /session/d2b61baf962823bd836e23b68c74a1fc/elements - {"using":"xpath","value":"//button[@data-kt=\"addNewYardOverflowToolbarButton\"]"}
RESULT: {"using":"xpath","value":"//button[@data-kt=\"addNewYardOverflowToolbarButton\"]"}
COMMAND: POST /session/d2b61baf962823bd836e23b68c74a1fc/elements - {"using":"xpath","value":"//button[@data-kt=\"addNewYardOverflowToolbarButton\"]"}
RESULT: {"using":"xpath","value":"//button[@data-kt=\"addNewYardOverflowToolbarButton\"]"}
COMMAND: POST /session/d2b61baf962823bd836e23b68c74a1fc/elements - {"using":"xpath","value":"//button[@data-kt=\"addNewYardOverflowToolbarButton\"]"}
RESULT: {"using":"xpath","value":"//button[@data-kt=\"addNewYardOverflowToolbarButton\"]"}
COMMAND: POST /session/d2b61baf962823bd836e23b68c74a1fc/elements - {"using":"xpath","value":"//button[@data-kt=\"addNewYardOverflowToolbarButton\"]"}
RESULT: {"using":"xpath","value":"//button[@data-kt=\"addNewYardOverflowToolbarButton\"]"}
COMMAND: POST /session/d2b61baf962823bd836e23b68c74a1fc/elements - {"using":"xpath","value":"//button[@data-kt=\"addNewYardOverflowToolbarButton\"]"}
RESULT: {"using":"xpath","value":"//button[@data-kt=\"addNewYardOverflowToolbarButton\"]"}
COMMAND: POST /session/d2b61baf962823bd836e23b68c74a1fc/elements - {"using":"xpath","value":"//button[@data-kt=\"addNewYardOverflowToolbarButton\"]"}
RESULT: {"using":"xpath","value":"//button[@data-kt=\"addNewYardOverflowToolbarButton\"]"}
COMMAND: POST /session/d2b61baf962823bd836e23b68c74a1fc/elements - {"using":"xpath","value":"//button[@data-kt=\"addNewYardOverflowToolbarButton\"]"}
RESULT: {"using":"xpath","value":"//button[@data-kt=\"addNewYardOverflowToolbarButton\"]"}
COMMAND: POST /session/d2b61baf962823bd836e23b68c74a1fc/elements - {"using":"xpath","value":"//button[@data-kt=\"addNewYardOverflowToolbarButton\"]"}
RESULT: {"using":"xpath","value":"//button[@data-kt=\"addNewYardOverflowToolbarButton\"]"}
COMMAND: POST /session/d2b61baf962823bd836e23b68c74a1fc/elements - {"using":"xpath","value":"//button[@data-kt=\"addNewYardOverflowToolbarButton\"]"}
RESULT: {"using":"xpath","value":"//button[@data-kt=\"addNewYardOverflowToolbarButton\"]"}
COMMAND: POST /session/d2b61baf962823bd836e23b68c74a1fc/elements - {"using":"xpath","value":"//button[@data-kt=\"addNewYardOverflowToolbarButton\"]"}
RESULT: {"using":"xpath","value":"//button[@data-kt=\"addNewYardOverflowToolbarButton\"]"}
COMMAND: POST /session/d2b61baf962823bd836e23b68c74a1fc/elements - {"using":"xpath","value":"//button[@data-kt=\"addNewYardOverflowToolbarButton\"]"}
RESULT: {"using":"xpath","value":"//button[@data-kt=\"addNewYardOverflowToolbarButton\"]"}
COMMAND: POST /session/d2b61baf962823bd836e23b68c74a1fc/elements - {"using":"xpath","value":"//button[@data-kt=\"addNewYardOverflowToolbarButton\"]"}
RESULT: {"using":"xpath","value":"//button[@data-kt=\"addNewYardOverflowToolbarButton\"]"}
COMMAND: POST /session/d2b61baf962823bd836e23b68c74a1fc/elements - {"using":"xpath","value":"//button[@data-kt=\"addNewYardOverflowToolbarButton\"]"}
RESULT: {"using":"xpath","value":"//button[@data-kt=\"addNewYardOverflowToolbarButton\"]"}
COMMAND: POST /session/d2b61baf962823bd836e23b68c74a1fc/elements - {"using":"xpath","value":"//button[@data-kt=\"addNewYardOverflowToolbarButton\"]"}
RESULT: {"using":"xpath","value":"//button[@data-kt=\"addNewYardOverflowToolbarButton\"]"}
COMMAND: POST /session/d2b61baf962823bd836e23b68c74a1fc/elements - {"using":"xpath","value":"//button[@data-kt=\"addNewYardOverflowToolbarButton\"]"}
RESULT: {"using":"xpath","value":"//button[@data-kt=\"addNewYardOverflowToolbarButton\"]"}
COMMAND: POST /session/d2b61baf962823bd836e23b68c74a1fc/elements - {"using":"xpath","value":"//button[@data-kt=\"addNewYardOverflowToolbarButton\"]"}
RESULT: {"using":"xpath","value":"//button[@data-kt=\"addNewYardOverflowToolbarButton\"]"}
COMMAND: POST /session/d2b61baf962823bd836e23b68c74a1fc/elements - {"using":"xpath","value":"//button[@data-kt=\"addNewYardOverflowToolbarButton\"]"}
RESULT: {"using":"xpath","value":"//button[@data-kt=\"addNewYardOverflowToolbarButton\"]"}
COMMAND: POST /session/d2b61baf962823bd836e23b68c74a1fc/elements - {"using":"xpath","value":"//button[@data-kt=\"addNewYardOverflowToolbarButton\"]"}
RESULT: {"using":"xpath","value":"//button[@data-kt=\"addNewYardOverflowToolbarButton\"]"}
COMMAND: POST /session/d2b61baf962823bd836e23b68c74a1fc/elements - {"using":"xpath","value":"//button[@data-kt=\"addNewYardOverflowToolbarButton\"]"}
RESULT: {"using":"xpath","value":"//button[@data-kt=\"addNewYardOverflowToolbarButton\"]"}
COMMAND: POST /session/d2b61baf962823bd836e23b68c74a1fc/elements - {"using":"xpath","value":"//button[@data-kt=\"addNewYardOverflowToolbarButton\"]"}
RESULT: {"using":"xpath","value":"//button[@data-kt=\"addNewYardOverflowToolbarButton\"]"}
COMMAND: POST /session/d2b61baf962823bd836e23b68c74a1fc/elements - {"using":"xpath","value":"//button[@data-kt=\"addNewYardOverflowToolbarButton\"]"}
RESULT: {"using":"xpath","value":"//button[@data-kt=\"addNewYardOverflowToolbarButton\"]"}
COMMAND: POST /session/d2b61baf962823bd836e23b68c74a1fc/elements - {"using":"xpath","value":"//button[@data-kt=\"addNewYardOverflowToolbarButton\"]"}
RESULT: {"using":"xpath","value":"//button[@data-kt=\"addNewYardOverflowToolbarButton\"]"}
COMMAND: POST /session/d2b61baf962823bd836e23b68c74a1fc/elements - {"using":"xpath","value":"//button[@data-kt=\"addNewYardOverflowToolbarButton\"]"}
RESULT: {"using":"xpath","value":"//button[@data-kt=\"addNewYardOverflowToolbarButton\"]"}
COMMAND: POST /session/d2b61baf962823bd836e23b68c74a1fc/elements - {"using":"xpath","value":"//button[@data-kt=\"addNewYardOverflowToolbarButton\"]"}
RESULT: {"using":"xpath","value":"//button[@data-kt=\"addNewYardOverflowToolbarButton\"]"}
COMMAND: POST /session/d2b61baf962823bd836e23b68c74a1fc/elements - {"using":"xpath","value":"//button[@data-kt=\"addNewYardOverflowToolbarButton\"]"}
RESULT: {"using":"xpath","value":"//button[@data-kt=\"addNewYardOverflowToolbarButton\"]"}
COMMAND: POST /session/d2b61baf962823bd836e23b68c74a1fc/elements - {"using":"xpath","value":"//button[@data-kt=\"addNewYardOverflowToolbarButton\"]"}
RESULT: {"using":"xpath","value":"//button[@data-kt=\"addNewYardOverflowToolbarButton\"]"}
COMMAND: POST /session/d2b61baf962823bd836e23b68c74a1fc/elements - {"using":"xpath","value":"//button[@data-kt=\"addNewYardOverflowToolbarButton\"]"}
RESULT: {"using":"xpath","value":"//button[@data-kt=\"addNewYardOverflowToolbarButton\"]"}
COMMAND: POST /session/d2b61baf962823bd836e23b68c74a1fc/elements - {"using":"xpath","value":"//button[@data-kt=\"addNewYardOverflowToolbarButton\"]"}
RESULT: {"using":"xpath","value":"//button[@data-kt=\"addNewYardOverflowToolbarButton\"]"}
COMMAND: POST /session/d2b61baf962823bd836e23b68c74a1fc/elements - {"using":"xpath","value":"//button[@data-kt=\"addNewYardOverflowToolbarButton\"]"}
RESULT: {"using":"xpath","value":"//button[@data-kt=\"addNewYardOverflowToolbarButton\"]"}
COMMAND: POST /session/d2b61baf962823bd836e23b68c74a1fc/elements - {"using":"xpath","value":"//button[@data-kt=\"addNewYardOverflowToolbarButton\"]"}
RESULT: {"using":"xpath","value":"//button[@data-kt=\"addNewYardOverflowToolbarButton\"]"}
COMMAND: POST /session/d2b61baf962823bd836e23b68c74a1fc/elements - {"using":"xpath","value":"//button[@data-kt=\"addNewYardOverflowToolbarButton\"]"}
RESULT: {"using":"xpath","value":"//button[@data-kt=\"addNewYardOverflowToolbarButton\"]"}
COMMAND: POST /session/d2b61baf962823bd836e23b68c74a1fc/elements - {"using":"xpath","value":"//button[@data-kt=\"addNewYardOverflowToolbarButton\"]"}
RESULT: {"using":"xpath","value":"//button[@data-kt=\"addNewYardOverflowToolbarButton\"]"}
COMMAND: POST /session/d2b61baf962823bd836e23b68c74a1fc/elements - {"using":"xpath","value":"//button[@data-kt=\"addNewYardOverflowToolbarButton\"]"}
RESULT: {"using":"xpath","value":"//button[@data-kt=\"addNewYardOverflowToolbarButton\"]"}
COMMAND: POST /session/d2b61baf962823bd836e23b68c74a1fc/elements - {"using":"xpath","value":"//button[@data-kt=\"addNewYardOverflowToolbarButton\"]"}
RESULT: {"using":"xpath","value":"//button[@data-kt=\"addNewYardOverflowToolbarButton\"]"}
COMMAND: POST /session/d2b61baf962823bd836e23b68c74a1fc/elements - {"using":"xpath","value":"//button[@data-kt=\"addNewYardOverflowToolbarButton\"]"}
RESULT: {"using":"xpath","value":"//button[@data-kt=\"addNewYardOverflowToolbarButton\"]"}
COMMAND: POST /session/d2b61baf962823bd836e23b68c74a1fc/elements - {"using":"xpath","value":"//button[@data-kt=\"addNewYardOverflowToolbarButton\"]"}
RESULT: {"using":"xpath","value":"//button[@data-kt=\"addNewYardOverflowToolbarButton\"]"}
COMMAND: POST /session/d2b61baf962823bd836e23b68c74a1fc/elements - {"using":"xpath","value":"//button[@data-kt=\"addNewYardOverflowToolbarButton\"]"}
RESULT: {"using":"xpath","value":"//button[@data-kt=\"addNewYardOverflowToolbarButton\"]"}
COMMAND: POST /session/d2b61baf962823bd836e23b68c74a1fc/elements - {"using":"xpath","value":"//button[@data-kt=\"addNewYardOverflowToolbarButton\"]"}
RESULT: {"using":"xpath","value":"//button[@data-kt=\"addNewYardOverflowToolbarButton\"]"}
COMMAND: POST /session/d2b61baf962823bd836e23b68c74a1fc/elements - {"using":"xpath","value":"//button[@data-kt=\"addNewYardOverflowToolbarButton\"]"}
RESULT: {"using":"xpath","value":"//button[@data-kt=\"addNewYardOverflowToolbarButton\"]"}
COMMAND: POST /session/d2b61baf962823bd836e23b68c74a1fc/elements - {"using":"xpath","value":"//button[@data-kt=\"addNewYardOverflowToolbarButton\"]"}
RESULT: {"using":"xpath","value":"//button[@data-kt=\"addNewYardOverflowToolbarButton\"]"}
COMMAND: POST /session/d2b61baf962823bd836e23b68c74a1fc/elements - {"using":"xpath","value":"//button[@data-kt=\"addNewYardOverflowToolbarButton\"]"}
RESULT: {"using":"xpath","value":"//button[@data-kt=\"addNewYardOverflowToolbarButton\"]"}
COMMAND: POST /session/d2b61baf962823bd836e23b68c74a1fc/elements - {"using":"xpath","value":"//button[@data-kt=\"addNewYardOverflowToolbarButton\"]"}
RESULT: {"using":"xpath","value":"//button[@data-kt=\"addNewYardOverflowToolbarButton\"]"}
COMMAND: POST /session/d2b61baf962823bd836e23b68c74a1fc/elements - {"using":"xpath","value":"//button[@data-kt=\"addNewYardOverflowToolbarButton\"]"}
RESULT: {"using":"xpath","value":"//button[@data-kt=\"addNewYardOverflowToolbarButton\"]"}
COMMAND: POST /session/d2b61baf962823bd836e23b68c74a1fc/elements - {"using":"xpath","value":"//button[@data-kt=\"addNewYardOverflowToolbarButton\"]"}
RESULT: {"using":"xpath","value":"//button[@data-kt=\"addNewYardOverflowToolbarButton\"]"}
COMMAND: POST /session/d2b61baf962823bd836e23b68c74a1fc/elements - {"using":"xpath","value":"//button[@data-kt=\"addNewYardOverflowToolbarButton\"]"}
RESULT: {"using":"xpath","value":"//button[@data-kt=\"addNewYardOverflowToolbarButton\"]"}
COMMAND: POST /session/d2b61baf962823bd836e23b68c74a1fc/element - {"using":"xpath","value":"//button[@data-kt=\"addNewYardOverflowToolbarButton\"]"}
RESULT: {"using":"xpath","value":"//button[@data-kt=\"addNewYardOverflowToolbarButton\"]"}
COMMAND: POST /session/d2b61baf962823bd836e23b68c74a1fc/execute/sync - {"script":"<script> [8489 bytes]","args":[{"element-6066-11e4-a52e-4f735466cecf":"f.EF0E81B17C62DBBEF55F8BAE4B803037.d.635AE86F12B5F127BA32045291922DA6.e.288","ELEMENT":"f.EF0E81B17C62DBBEF55F8BAE4B803037.d.635AE86F12B5F127BA32045291922DA6.e.288"}]}
RESULT: {"script":"<script> [8489 bytes]","args":[{"element-6066-11e4-a52e-4f735466cecf":"f.EF0E81B17C62DBBEF55F8BAE4B803037.d.635AE86F12B5F127BA32045291922DA6.e.288","ELEMENT":"f.EF0E81B17C62DBBEF55F8BAE4B803037.d.635AE86F12B5F127BA32045291922DA6.e.288"}]}
COMMAND: GET /session/d2b61baf962823bd836e23b68c74a1fc/element/f.EF0E81B17C62DBBEF55F8BAE4B803037.d.635AE86F12B5F127BA32045291922DA6.e.288/enabled - {}
COMMAND: GET /session/d2b61baf962823bd836e23b68c74a1fc/screenshot - {}
RESULT: {}
COMMAND: POST /session/d2b61baf962823bd836e23b68c74a1fc/execute/sync - {"script":"<script> [8489 bytes]","args":[{"element-6066-11e4-a52e-4f735466cecf":"f.EF0E81B17C62DBBEF55F8BAE4B803037.d.635AE86F12B5F127BA32045291922DA6.e.288","ELEMENT":"f.EF0E81B17C62DBBEF55F8BAE4B803037.d.635AE86F12B5F127BA32045291922DA6.e.288"}]}
COMMAND: GET /session/d2b61baf962823bd836e23b68c74a1fc/screenshot - {}
RESULT: {}
RESULT: {"script":"<script> [8489 bytes]","args":[{"element-6066-11e4-a52e-4f735466cecf":"f.EF0E81B17C62DBBEF55F8BAE4B803037.d.635AE86F12B5F127BA32045291922DA6.e.288","ELEMENT":"f.EF0E81B17C62DBBEF55F8BAE4B803037.d.635AE86F12B5F127BA32045291922DA6.e.288"}]}
COMMAND: POST /session/d2b61baf962823bd836e23b68c74a1fc/execute/sync - {"script":"<script> [5351 bytes]","args":[{"element-6066-11e4-a52e-4f735466cecf":"f.EF0E81B17C62DBBEF55F8BAE4B803037.d.635AE86F12B5F127BA32045291922DA6.e.288","ELEMENT":"f.EF0E81B17C62DBBEF55F8BAE4B803037.d.635AE86F12B5F127BA32045291922DA6.e.288"}]}
COMMAND: GET /session/d2b61baf962823bd836e23b68c74a1fc/screenshot - {}
RESULT: {}
RESULT: {"script":"<script> [5351 bytes]","args":[{"element-6066-11e4-a52e-4f735466cecf":"f.EF0E81B17C62DBBEF55F8BAE4B803037.d.635AE86F12B5F127BA32045291922DA6.e.288","ELEMENT":"f.EF0E81B17C62DBBEF55F8BAE4B803037.d.635AE86F12B5F127BA32045291922DA6.e.288"}]}
COMMAND: POST /session/d2b61baf962823bd836e23b68c74a1fc/element/f.EF0E81B17C62DBBEF55F8BAE4B803037.d.635AE86F12B5F127BA32045291922DA6.e.288/click - {}
COMMAND: GET /session/d2b61baf962823bd836e23b68c74a1fc/screenshot - {}
RESULT: {}
RESULT: {}
COMMAND: GET /session/d2b61baf962823bd836e23b68c74a1fc/screenshot - {}
COMMAND: POST /session/d2b61baf962823bd836e23b68c74a1fc/element - {"using":"xpath","value":"//input[@id=\"application-manageyards-display-component---NewYard--yardId-inner\"]"}
RESULT: {}
RESULT: {}
RESULT: {"using":"xpath","value":"//input[@id=\"application-manageyards-display-component---NewYard--yardId-inner\"]"}
COMMAND: POST /session/d2b61baf962823bd836e23b68c74a1fc/element - {"using":"xpath","value":"//input[@id=\"application-manageyards-display-component---NewYard--yardId-inner\"]"}
RESULT: {"using":"xpath","value":"//input[@id=\"application-manageyards-display-component---NewYard--yardId-inner\"]"}
COMMAND: POST /session/d2b61baf962823bd836e23b68c74a1fc/execute/async - {"script":"<script> [1562 bytes]","args":[{"selector":{"id":"application-manageyards-display-component---NewYard--addressDetailDetailsName1","interaction":{"idSuffix":"inner"}},"wdio_ui5_key":"applicationmanageyards-display-component---NewYard--addressDetailDetailsName1"}]}
RESULT: {"script":"<script> [1562 bytes]","args":[{"selector":{"id":"application-manageyards-display-component---NewYard--addressDetailDetailsName1","interaction":{"idSuffix":"inner"}},"wdio_ui5_key":"applicationmanageyards-display-component---NewYard--addressDetailDetailsName1"}]}
RESULT: undefined
COMMAND: POST /session/d2b61baf962823bd836e23b68c74a1fc/execute/async - {"script":"<script> [776 bytes]","args":[{"enterText":"Other Yard WDIO","selector":{"id":"application-manageyards-display-component---NewYard--addressDetailDetailsName1","interaction":{"idSuffix":"inner"}},"clearTextFirst":true,"interactionType":"ENTER_TEXT"}]}
RESULT: {"script":"<script> [776 bytes]","args":[{"enterText":"Other Yard WDIO","selector":{"id":"application-manageyards-display-component---NewYard--addressDetailDetailsName1","interaction":{"idSuffix":"inner"}},"clearTextFirst":true,"interactionType":"ENTER_TEXT"}]}
COMMAND: POST /session/d2b61baf962823bd836e23b68c74a1fc/execute/async - {"script":"<script> [1562 bytes]","args":[{"selector":{"id":"application-manageyards-display-component---NewYard--addressDetailDetailsLanguage-arrow"},"wdio_ui5_key":"applicationmanageyards-display-component---NewYard--addressDetailDetailsLanguage-arrow"}]}
RESULT: {"script":"<script> [1562 bytes]","args":[{"selector":{"id":"application-manageyards-display-component---NewYard--addressDetailDetailsLanguage-arrow"},"wdio_ui5_key":"applicationmanageyards-display-component---NewYard--addressDetailDetailsLanguage-arrow"}]}
RESULT: undefined
COMMAND: POST /session/d2b61baf962823bd836e23b68c74a1fc/element - {"using":"xpath","value":"//*[@id=\"application-manageyards-display-component---NewYard--addressDetailDetailsLanguage-arrow\"]"}
RESULT: {"using":"xpath","value":"//*[@id=\"application-manageyards-display-component---NewYard--addressDetailDetailsLanguage-arrow\"]"}
COMMAND: POST /session/d2b61baf962823bd836e23b68c74a1fc/element/f.EF0E81B17C62DBBEF55F8BAE4B803037.d.635AE86F12B5F127BA32045291922DA6.e.713/click - {}
RESULT: {}
COMMAND: POST /session/d2b61baf962823bd836e23b68c74a1fc/element - {"using":"xpath","value":"//span[contains(text(), \"English\")]"}
COMMAND: GET /session/d2b61baf962823bd836e23b68c74a1fc/screenshot - {}
RESULT: {"using":"xpath","value":"//span[contains(text(), \"English\")]"}
COMMAND: POST /session/d2b61baf962823bd836e23b68c74a1fc/element/f.EF0E81B17C62DBBEF55F8BAE4B803037.d.635AE86F12B5F127BA32045291922DA6.e.714/click - {}
RESULT: {}
RESULT: {}
COMMAND: POST /session/d2b61baf962823bd836e23b68c74a1fc/execute/async - {"script":"<script> [1562 bytes]","args":[{"selector":{"id":"application-manageyards-display-component---NewYard--addressDetailDetailsCity1","interaction":{"idSuffix":"inner"}},"wdio_ui5_key":"applicationmanageyards-display-component---NewYard--addressDetailDetailsCity1"}]}
COMMAND: GET /session/d2b61baf962823bd836e23b68c74a1fc/screenshot - {}
RESULT: {"script":"<script> [1562 bytes]","args":[{"selector":{"id":"application-manageyards-display-component---NewYard--addressDetailDetailsCity1","interaction":{"idSuffix":"inner"}},"wdio_ui5_key":"applicationmanageyards-display-component---NewYard--addressDetailDetailsCity1"}]}
RESULT: undefined
COMMAND: POST /session/d2b61baf962823bd836e23b68c74a1fc/execute/async - {"script":"<script> [776 bytes]","args":[{"enterText":"Rosario","selector":{"id":"application-manageyards-display-component---NewYard--addressDetailDetailsCity1","interaction":{"idSuffix":"inner"}},"clearTextFirst":true,"interactionType":"ENTER_TEXT"}]}
RESULT: {}
RESULT: {"script":"<script> [776 bytes]","args":[{"enterText":"Rosario","selector":{"id":"application-manageyards-display-component---NewYard--addressDetailDetailsCity1","interaction":{"idSuffix":"inner"}},"clearTextFirst":true,"interactionType":"ENTER_TEXT"}]}
COMMAND: POST /session/d2b61baf962823bd836e23b68c74a1fc/execute/async - {"script":"<script> [1562 bytes]","args":[{"selector":{"id":"application-manageyards-display-component---NewYard--addressDetailDetailsCountry-arrow"},"wdio_ui5_key":"applicationmanageyards-display-component---NewYard--addressDetailDetailsCountry-arrow"}]}
RESULT: {"script":"<script> [1562 bytes]","args":[{"selector":{"id":"application-manageyards-display-component---NewYard--addressDetailDetailsCountry-arrow"},"wdio_ui5_key":"applicationmanageyards-display-component---NewYard--addressDetailDetailsCountry-arrow"}]}
RESULT: undefined
COMMAND: POST /session/d2b61baf962823bd836e23b68c74a1fc/element - {"using":"xpath","value":"//*[@id=\"application-manageyards-display-component---NewYard--addressDetailDetailsCountry-arrow\"]"}
RESULT: {"using":"xpath","value":"//*[@id=\"application-manageyards-display-component---NewYard--addressDetailDetailsCountry-arrow\"]"}
COMMAND: POST /session/d2b61baf962823bd836e23b68c74a1fc/element/f.EF0E81B17C62DBBEF55F8BAE4B803037.d.635AE86F12B5F127BA32045291922DA6.e.716/click - {}
RESULT: {}
COMMAND: POST /session/d2b61baf962823bd836e23b68c74a1fc/element - {"using":"xpath","value":"//span[contains(text(), \"Argentina\")]"}
COMMAND: GET /session/d2b61baf962823bd836e23b68c74a1fc/screenshot - {}
RESULT: {"using":"xpath","value":"//span[contains(text(), \"Argentina\")]"}
COMMAND: POST /session/d2b61baf962823bd836e23b68c74a1fc/element/f.EF0E81B17C62DBBEF55F8BAE4B803037.d.635AE86F12B5F127BA32045291922DA6.e.718/click - {}
RESULT: {}
RESULT: {}
COMMAND: POST /session/d2b61baf962823bd836e23b68c74a1fc/execute/async - {"script":"<script> [1562 bytes]","args":[{"selector":{"id":"application-manageyards-display-component---NewYard--addressEditDetailsCostObjectCstType-arrow"},"wdio_ui5_key":"applicationmanageyards-display-component---NewYard--addressEditDetailsCostObjectCstType-arrow"}]}
COMMAND: GET /session/d2b61baf962823bd836e23b68c74a1fc/screenshot - {}
RESULT: {"script":"<script> [1562 bytes]","args":[{"selector":{"id":"application-manageyards-display-component---NewYard--addressEditDetailsCostObjectCstType-arrow"},"wdio_ui5_key":"applicationmanageyards-display-component---NewYard--addressEditDetailsCostObjectCstType-arrow"}]}
RESULT: undefined
COMMAND: POST /session/d2b61baf962823bd836e23b68c74a1fc/element - {"using":"xpath","value":"//*[@id=\"application-manageyards-display-component---NewYard--addressEditDetailsCostObjectCstType-arrow\"]"}
RESULT: {}
RESULT: {"using":"xpath","value":"//*[@id=\"application-manageyards-display-component---NewYard--addressEditDetailsCostObjectCstType-arrow\"]"}
COMMAND: POST /session/d2b61baf962823bd836e23b68c74a1fc/element/f.EF0E81B17C62DBBEF55F8BAE4B803037.d.635AE86F12B5F127BA32045291922DA6.e.719/click - {}
RESULT: {}
COMMAND: POST /session/d2b61baf962823bd836e23b68c74a1fc/element - {"using":"xpath","value":"//span[contains(text(), \"Cost Center\")]"}
COMMAND: GET /session/d2b61baf962823bd836e23b68c74a1fc/screenshot - {}
RESULT: {"using":"xpath","value":"//span[contains(text(), \"Cost Center\")]"}
COMMAND: POST /session/d2b61baf962823bd836e23b68c74a1fc/element/f.EF0E81B17C62DBBEF55F8BAE4B803037.d.635AE86F12B5F127BA32045291922DA6.e.720/click - {}
RESULT: {}
RESULT: {}
COMMAND: GET /session/d2b61baf962823bd836e23b68c74a1fc/screenshot - {}
RESULT: {}
COMMAND: POST /session/d2b61baf962823bd836e23b68c74a1fc/element - {"using":"xpath","value":"//span[@id=\"application-manageyards-display-component---NewYard--addressNewCostObjectCstID-vhi\"]"}
RESULT: {"using":"xpath","value":"//span[@id=\"application-manageyards-display-component---NewYard--addressNewCostObjectCstID-vhi\"]"}
COMMAND: POST /session/d2b61baf962823bd836e23b68c74a1fc/execute/sync - {"script":"<script> [8489 bytes]","args":[{"element-6066-11e4-a52e-4f735466cecf":"f.EF0E81B17C62DBBEF55F8BAE4B803037.d.635AE86F12B5F127BA32045291922DA6.e.724","ELEMENT":"f.EF0E81B17C62DBBEF55F8BAE4B803037.d.635AE86F12B5F127BA32045291922DA6.e.724"}]}
RESULT: {"script":"<script> [8489 bytes]","args":[{"element-6066-11e4-a52e-4f735466cecf":"f.EF0E81B17C62DBBEF55F8BAE4B803037.d.635AE86F12B5F127BA32045291922DA6.e.724","ELEMENT":"f.EF0E81B17C62DBBEF55F8BAE4B803037.d.635AE86F12B5F127BA32045291922DA6.e.724"}]}
COMMAND: POST /session/d2b61baf962823bd836e23b68c74a1fc/execute/async - {"script":"<script> [1562 bytes]","args":[{"selector":{"id":"application-manageyards-display-component---NewYard--addressNewCostObjectCstID-vhi"},"wdio_ui5_key":"applicationmanageyards-display-component---NewYard--addressNewCostObjectCstID-vhi"}]}
COMMAND: GET /session/d2b61baf962823bd836e23b68c74a1fc/screenshot - {}
RESULT: {"script":"<script> [1562 bytes]","args":[{"selector":{"id":"application-manageyards-display-component---NewYard--addressNewCostObjectCstID-vhi"},"wdio_ui5_key":"applicationmanageyards-display-component---NewYard--addressNewCostObjectCstID-vhi"}]}
RESULT: undefined
COMMAND: POST /session/d2b61baf962823bd836e23b68c74a1fc/element - {"using":"xpath","value":"//*[@id=\"application-manageyards-display-component---NewYard--addressNewCostObjectCstID-vhi\"]"}
RESULT: {}
RESULT: {"using":"xpath","value":"//*[@id=\"application-manageyards-display-component---NewYard--addressNewCostObjectCstID-vhi\"]"}
COMMAND: POST /session/d2b61baf962823bd836e23b68c74a1fc/element/f.EF0E81B17C62DBBEF55F8BAE4B803037.d.635AE86F12B5F127BA32045291922DA6.e.724/click - {}
RESULT: {}
COMMAND: GET /session/d2b61baf962823bd836e23b68c74a1fc/screenshot - {}
RESULT: {}
COMMAND: POST /session/d2b61baf962823bd836e23b68c74a1fc/execute/async - {"script":"<script> [1562 bytes]","args":[{"selector":{"controlType":"sap.m.SearchField","properties":{"placeholder":"Search"},"searchOpenDialogs":true,"interaction":{"idSuffix":"I"}},"wdio_ui5_key":"sapm.SearchField{\"placeholder\":\"Search\"}"}]}
RESULT: {"script":"<script> [1562 bytes]","args":[{"selector":{"controlType":"sap.m.SearchField","properties":{"placeholder":"Search"},"searchOpenDialogs":true,"interaction":{"idSuffix":"I"}},"wdio_ui5_key":"sapm.SearchField{\"placeholder\":\"Search\"}"}]}
RESULT: undefined
COMMAND: POST /session/d2b61baf962823bd836e23b68c74a1fc/execute/async - {"script":"<script> [776 bytes]","args":[{"enterText":"10001013","selector":{"controlType":"sap.m.SearchField","properties":{"placeholder":"Search"},"searchOpenDialogs":true,"interaction":{"idSuffix":"I"}},"clearTextFirst":true,"interactionType":"ENTER_TEXT"}]}
RESULT: {"script":"<script> [776 bytes]","args":[{"enterText":"10001013","selector":{"controlType":"sap.m.SearchField","properties":{"placeholder":"Search"},"searchOpenDialogs":true,"interaction":{"idSuffix":"I"}},"clearTextFirst":true,"interactionType":"ENTER_TEXT"}]}
COMMAND: POST /session/d2b61baf962823bd836e23b68c74a1fc/actions - {"actions":[{"id":"action1","type":"key","parameters":{},"actions":[{"type":"keyDown","value":"î€‡"},{"type":"pause","duration":10},{"type":"keyUp","value":"î€‡"}]}]}
RESULT: {"actions":[{"id":"action1","type":"key","parameters":{},"actions":[{"type":"keyDown","value":"î€‡"},{"type":"pause","duration":10},{"type":"keyUp","value":"î€‡"}]}]}
COMMAND: GET /session/d2b61baf962823bd836e23b68c74a1fc/screenshot - {}
RESULT: {}
COMMAND: POST /session/d2b61baf962823bd836e23b68c74a1fc/element - {"using":"xpath","value":"//span[contains(text(), \"General Management\")]"}
RESULT: {"using":"xpath","value":"//span[contains(text(), \"General Management\")]"}
COMMAND: POST /session/d2b61baf962823bd836e23b68c74a1fc/element/f.EF0E81B17C62DBBEF55F8BAE4B803037.d.635AE86F12B5F127BA32045291922DA6.e.766/click - {}
RESULT: {}
COMMAND: GET /session/d2b61baf962823bd836e23b68c74a1fc/screenshot - {}
RESULT: {}
COMMAND: POST /session/d2b61baf962823bd836e23b68c74a1fc/element - {"using":"xpath","value":"//bdi[contains(text(), \"OK\")]"}
RESULT: {"using":"xpath","value":"//bdi[contains(text(), \"OK\")]"}
COMMAND: POST /session/d2b61baf962823bd836e23b68c74a1fc/element/f.EF0E81B17C62DBBEF55F8BAE4B803037.d.635AE86F12B5F127BA32045291922DA6.e.767/click - {}
RESULT: {}
COMMAND: GET /session/d2b61baf962823bd836e23b68c74a1fc/screenshot - {}
RESULT: {}
COMMAND: POST /session/d2b61baf962823bd836e23b68c74a1fc/execute/async - {"script":"<script> [1562 bytes]","args":[{"selector":{"id":"application-manageyards-display-component---NewYard--addressEditDetailsCurrency-arrow"},"wdio_ui5_key":"applicationmanageyards-display-component---NewYard--addressEditDetailsCurrency-arrow"}]}
RESULT: {"script":"<script> [1562 bytes]","args":[{"selector":{"id":"application-manageyards-display-component---NewYard--addressEditDetailsCurrency-arrow"},"wdio_ui5_key":"applicationmanageyards-display-component---NewYard--addressEditDetailsCurrency-arrow"}]}
RESULT: undefined
COMMAND: POST /session/d2b61baf962823bd836e23b68c74a1fc/element - {"using":"xpath","value":"//*[@id=\"application-manageyards-display-component---NewYard--addressEditDetailsCurrency-arrow\"]"}
RESULT: {"using":"xpath","value":"//*[@id=\"application-manageyards-display-component---NewYard--addressEditDetailsCurrency-arrow\"]"}
COMMAND: POST /session/d2b61baf962823bd836e23b68c74a1fc/element/f.EF0E81B17C62DBBEF55F8BAE4B803037.d.635AE86F12B5F127BA32045291922DA6.e.770/click - {}
RESULT: {}
COMMAND: POST /session/d2b61baf962823bd836e23b68c74a1fc/element - {"using":"xpath","value":"//span[contains(text(), \"Euro\")]"}
COMMAND: GET /session/d2b61baf962823bd836e23b68c74a1fc/screenshot - {}
RESULT: {"using":"xpath","value":"//span[contains(text(), \"Euro\")]"}
COMMAND: POST /session/d2b61baf962823bd836e23b68c74a1fc/element/f.EF0E81B17C62DBBEF55F8BAE4B803037.d.635AE86F12B5F127BA32045291922DA6.e.771/click - {}
RESULT: {}
RESULT: {}
COMMAND: POST /session/d2b61baf962823bd836e23b68c74a1fc/execute/async - {"script":"<script> [1562 bytes]","args":[{"selector":{"controlType":"sap.m.Input","viewName":"etm.portal.ui.manageyards.view.New","viewId":"application-manageyards-display-component---NewYard","bindingPath":{"path":"","propertyPath":"/CONTROLLING_AREA","modelName":"NewYardModel"},"interaction":{"idSuffix":"inner"}},"wdio_ui5_key":"etmportal.ui.manageyards.view.Newsap.m.Input{\"path\":\"\",\"propertyPath\":\"/CONTROLLING_AREA\",\"modelName\":\"NewYardModel\"}"}]}
COMMAND: GET /session/d2b61baf962823bd836e23b68c74a1fc/screenshot - {}
RESULT: {"script":"<script> [1562 bytes]","args":[{"selector":{"controlType":"sap.m.Input","viewName":"etm.portal.ui.manageyards.view.New","viewId":"application-manageyards-display-component---NewYard","bindingPath":{"path":"","propertyPath":"/CONTROLLING_AREA","modelName":"NewYardModel"},"interaction":{"idSuffix":"inner"}},"wdio_ui5_key":"etmportal.ui.manageyards.view.Newsap.m.Input{\"path\":\"\",\"propertyPath\":\"/CONTROLLING_AREA\",\"modelName\":\"NewYardModel\"}"}]}
RESULT: undefined
COMMAND: POST /session/d2b61baf962823bd836e23b68c74a1fc/execute/async - {"script":"<script> [776 bytes]","args":[{"enterText":"Z001","selector":{"controlType":"sap.m.Input","viewName":"etm.portal.ui.manageyards.view.New","viewId":"application-manageyards-display-component---NewYard","bindingPath":{"path":"","propertyPath":"/CONTROLLING_AREA","modelName":"NewYardModel"},"interaction":{"idSuffix":"inner"}},"clearTextFirst":true,"interactionType":"ENTER_TEXT"}]}
RESULT: {}
RESULT: {"script":"<script> [776 bytes]","args":[{"enterText":"Z001","selector":{"controlType":"sap.m.Input","viewName":"etm.portal.ui.manageyards.view.New","viewId":"application-manageyards-display-component---NewYard","bindingPath":{"path":"","propertyPath":"/CONTROLLING_AREA","modelName":"NewYardModel"},"interaction":{"idSuffix":"inner"}},"clearTextFirst":true,"interactionType":"ENTER_TEXT"}]}
COMMAND: POST /session/d2b61baf962823bd836e23b68c74a1fc/execute/async - {"script":"<script> [1562 bytes]","args":[{"selector":{"id":"application-manageyards-display-component---NewYard--companyCodeComboBox","interaction":{"idSuffix":"inner"}},"wdio_ui5_key":"applicationmanageyards-display-component---NewYard--companyCodeComboBox"}]}
RESULT: {"script":"<script> [1562 bytes]","args":[{"selector":{"id":"application-manageyards-display-component---NewYard--companyCodeComboBox","interaction":{"idSuffix":"inner"}},"wdio_ui5_key":"applicationmanageyards-display-component---NewYard--companyCodeComboBox"}]}
RESULT: undefined
COMMAND: POST /session/d2b61baf962823bd836e23b68c74a1fc/execute/async - {"script":"<script> [776 bytes]","args":[{"enterText":"1000","selector":{"id":"application-manageyards-display-component---NewYard--companyCodeComboBox","interaction":{"idSuffix":"inner"}},"clearTextFirst":true,"interactionType":"ENTER_TEXT"}]}
RESULT: {"script":"<script> [776 bytes]","args":[{"enterText":"1000","selector":{"id":"application-manageyards-display-component---NewYard--companyCodeComboBox","interaction":{"idSuffix":"inner"}},"clearTextFirst":true,"interactionType":"ENTER_TEXT"}]}
COMMAND: POST /session/d2b61baf962823bd836e23b68c74a1fc/execute/async - {"script":"<script> [1562 bytes]","args":[{"selector":{"controlType":"sap.m.Input","viewName":"etm.portal.ui.manageyards.view.New","viewId":"application-manageyards-display-component---NewYard","bindingPath":{"path":"","propertyPath":"/PLANT","modelName":"NewYardModel"},"interaction":{"idSuffix":"inner"}},"wdio_ui5_key":"etmportal.ui.manageyards.view.Newsap.m.Input{\"path\":\"\",\"propertyPath\":\"/PLANT\",\"modelName\":\"NewYardModel\"}"}]}
RESULT: {"script":"<script> [1562 bytes]","args":[{"selector":{"controlType":"sap.m.Input","viewName":"etm.portal.ui.manageyards.view.New","viewId":"application-manageyards-display-component---NewYard","bindingPath":{"path":"","propertyPath":"/PLANT","modelName":"NewYardModel"},"interaction":{"idSuffix":"inner"}},"wdio_ui5_key":"etmportal.ui.manageyards.view.Newsap.m.Input{\"path\":\"\",\"propertyPath\":\"/PLANT\",\"modelName\":\"NewYardModel\"}"}]}
RESULT: undefined
COMMAND: POST /session/d2b61baf962823bd836e23b68c74a1fc/execute/async - {"script":"<script> [776 bytes]","args":[{"enterText":"1001","selector":{"controlType":"sap.m.Input","viewName":"etm.portal.ui.manageyards.view.New","viewId":"application-manageyards-display-component---NewYard","bindingPath":{"path":"","propertyPath":"/PLANT","modelName":"NewYardModel"},"interaction":{"idSuffix":"inner"}},"clearTextFirst":true,"interactionType":"ENTER_TEXT"}]}
RESULT: {"script":"<script> [776 bytes]","args":[{"enterText":"1001","selector":{"controlType":"sap.m.Input","viewName":"etm.portal.ui.manageyards.view.New","viewId":"application-manageyards-display-component---NewYard","bindingPath":{"path":"","propertyPath":"/PLANT","modelName":"NewYardModel"},"interaction":{"idSuffix":"inner"}},"clearTextFirst":true,"interactionType":"ENTER_TEXT"}]}
COMMAND: POST /session/d2b61baf962823bd836e23b68c74a1fc/execute/async - {"script":"<script> [1562 bytes]","args":[{"selector":{"controlType":"sap.m.Input","viewName":"etm.portal.ui.manageyards.view.New","viewId":"application-manageyards-display-component---NewYard","bindingPath":{"path":"","propertyPath":"/SALES_AREA_VKORG","modelName":"NewYardModel"},"interaction":{"idSuffix":"inner"}},"wdio_ui5_key":"etmportal.ui.manageyards.view.Newsap.m.Input{\"path\":\"\",\"propertyPath\":\"/SALES_AREA_VKORG\",\"modelName\":\"NewYardModel\"}"}]}
RESULT: {"script":"<script> [1562 bytes]","args":[{"selector":{"controlType":"sap.m.Input","viewName":"etm.portal.ui.manageyards.view.New","viewId":"application-manageyards-display-component---NewYard","bindingPath":{"path":"","propertyPath":"/SALES_AREA_VKORG","modelName":"NewYardModel"},"interaction":{"idSuffix":"inner"}},"wdio_ui5_key":"etmportal.ui.manageyards.view.Newsap.m.Input{\"path\":\"\",\"propertyPath\":\"/SALES_AREA_VKORG\",\"modelName\":\"NewYardModel\"}"}]}
RESULT: undefined
COMMAND: POST /session/d2b61baf962823bd836e23b68c74a1fc/execute/async - {"script":"<script> [776 bytes]","args":[{"enterText":"C002","selector":{"controlType":"sap.m.Input","viewName":"etm.portal.ui.manageyards.view.New","viewId":"application-manageyards-display-component---NewYard","bindingPath":{"path":"","propertyPath":"/SALES_AREA_VKORG","modelName":"NewYardModel"},"interaction":{"idSuffix":"inner"}},"clearTextFirst":true,"interactionType":"ENTER_TEXT"}]}
RESULT: {"script":"<script> [776 bytes]","args":[{"enterText":"C002","selector":{"controlType":"sap.m.Input","viewName":"etm.portal.ui.manageyards.view.New","viewId":"application-manageyards-display-component---NewYard","bindingPath":{"path":"","propertyPath":"/SALES_AREA_VKORG","modelName":"NewYardModel"},"interaction":{"idSuffix":"inner"}},"clearTextFirst":true,"interactionType":"ENTER_TEXT"}]}
COMMAND: POST /session/d2b61baf962823bd836e23b68c74a1fc/execute/async - {"script":"<script> [1562 bytes]","args":[{"selector":{"controlType":"sap.m.Input","viewName":"etm.portal.ui.manageyards.view.New","viewId":"application-manageyards-display-component---NewYard","bindingPath":{"path":"","propertyPath":"/SALES_AREA_VTWEG","modelName":"NewYardModel"},"interaction":{"idSuffix":"inner"}},"wdio_ui5_key":"etmportal.ui.manageyards.view.Newsap.m.Input{\"path\":\"\",\"propertyPath\":\"/SALES_AREA_VTWEG\",\"modelName\":\"NewYardModel\"}"}]}
RESULT: {"script":"<script> [1562 bytes]","args":[{"selector":{"controlType":"sap.m.Input","viewName":"etm.portal.ui.manageyards.view.New","viewId":"application-manageyards-display-component---NewYard","bindingPath":{"path":"","propertyPath":"/SALES_AREA_VTWEG","modelName":"NewYardModel"},"interaction":{"idSuffix":"inner"}},"wdio_ui5_key":"etmportal.ui.manageyards.view.Newsap.m.Input{\"path\":\"\",\"propertyPath\":\"/SALES_AREA_VTWEG\",\"modelName\":\"NewYardModel\"}"}]}
RESULT: undefined
COMMAND: POST /session/d2b61baf962823bd836e23b68c74a1fc/execute/async - {"script":"<script> [776 bytes]","args":[{"enterText":"C2","selector":{"controlType":"sap.m.Input","viewName":"etm.portal.ui.manageyards.view.New","viewId":"application-manageyards-display-component---NewYard","bindingPath":{"path":"","propertyPath":"/SALES_AREA_VTWEG","modelName":"NewYardModel"},"interaction":{"idSuffix":"inner"}},"clearTextFirst":true,"interactionType":"ENTER_TEXT"}]}
RESULT: {"script":"<script> [776 bytes]","args":[{"enterText":"C2","selector":{"controlType":"sap.m.Input","viewName":"etm.portal.ui.manageyards.view.New","viewId":"application-manageyards-display-component---NewYard","bindingPath":{"path":"","propertyPath":"/SALES_AREA_VTWEG","modelName":"NewYardModel"},"interaction":{"idSuffix":"inner"}},"clearTextFirst":true,"interactionType":"ENTER_TEXT"}]}
COMMAND: POST /session/d2b61baf962823bd836e23b68c74a1fc/execute/async - {"script":"<script> [1562 bytes]","args":[{"selector":{"controlType":"sap.m.Input","viewName":"etm.portal.ui.manageyards.view.New","viewId":"application-manageyards-display-component---NewYard","bindingPath":{"path":"","propertyPath":"/SALES_AREA_SPART","modelName":"NewYardModel"},"interaction":{"idSuffix":"inner"}},"wdio_ui5_key":"etmportal.ui.manageyards.view.Newsap.m.Input{\"path\":\"\",\"propertyPath\":\"/SALES_AREA_SPART\",\"modelName\":\"NewYardModel\"}"}]}
RESULT: {"script":"<script> [1562 bytes]","args":[{"selector":{"controlType":"sap.m.Input","viewName":"etm.portal.ui.manageyards.view.New","viewId":"application-manageyards-display-component---NewYard","bindingPath":{"path":"","propertyPath":"/SALES_AREA_SPART","modelName":"NewYardModel"},"interaction":{"idSuffix":"inner"}},"wdio_ui5_key":"etmportal.ui.manageyards.view.Newsap.m.Input{\"path\":\"\",\"propertyPath\":\"/SALES_AREA_SPART\",\"modelName\":\"NewYardModel\"}"}]}
RESULT: undefined
COMMAND: POST /session/d2b61baf962823bd836e23b68c74a1fc/execute/async - {"script":"<script> [776 bytes]","args":[{"enterText":"C2","selector":{"controlType":"sap.m.Input","viewName":"etm.portal.ui.manageyards.view.New","viewId":"application-manageyards-display-component---NewYard","bindingPath":{"path":"","propertyPath":"/SALES_AREA_SPART","modelName":"NewYardModel"},"interaction":{"idSuffix":"inner"}},"clearTextFirst":true,"interactionType":"ENTER_TEXT"}]}
RESULT: {"script":"<script> [776 bytes]","args":[{"enterText":"C2","selector":{"controlType":"sap.m.Input","viewName":"etm.portal.ui.manageyards.view.New","viewId":"application-manageyards-display-component---NewYard","bindingPath":{"path":"","propertyPath":"/SALES_AREA_SPART","modelName":"NewYardModel"},"interaction":{"idSuffix":"inner"}},"clearTextFirst":true,"interactionType":"ENTER_TEXT"}]}
COMMAND: POST /session/d2b61baf962823bd836e23b68c74a1fc/execute/async - {"script":"<script> [1562 bytes]","args":[{"selector":{"controlType":"sap.m.Input","viewName":"etm.portal.ui.manageyards.view.New","viewId":"application-manageyards-display-component---NewYard","bindingPath":{"path":"","propertyPath":"/SHIP_POINT","modelName":"NewYardModel"},"interaction":{"idSuffix":"inner"}},"wdio_ui5_key":"etmportal.ui.manageyards.view.Newsap.m.Input{\"path\":\"\",\"propertyPath\":\"/SHIP_POINT\",\"modelName\":\"NewYardModel\"}"}]}
RESULT: {"script":"<script> [1562 bytes]","args":[{"selector":{"controlType":"sap.m.Input","viewName":"etm.portal.ui.manageyards.view.New","viewId":"application-manageyards-display-component---NewYard","bindingPath":{"path":"","propertyPath":"/SHIP_POINT","modelName":"NewYardModel"},"interaction":{"idSuffix":"inner"}},"wdio_ui5_key":"etmportal.ui.manageyards.view.Newsap.m.Input{\"path\":\"\",\"propertyPath\":\"/SHIP_POINT\",\"modelName\":\"NewYardModel\"}"}]}
RESULT: undefined
COMMAND: POST /session/d2b61baf962823bd836e23b68c74a1fc/execute/async - {"script":"<script> [776 bytes]","args":[{"enterText":"1710","selector":{"controlType":"sap.m.Input","viewName":"etm.portal.ui.manageyards.view.New","viewId":"application-manageyards-display-component---NewYard","bindingPath":{"path":"","propertyPath":"/SHIP_POINT","modelName":"NewYardModel"},"interaction":{"idSuffix":"inner"}},"clearTextFirst":true,"interactionType":"ENTER_TEXT"}]}
RESULT: {"script":"<script> [776 bytes]","args":[{"enterText":"1710","selector":{"controlType":"sap.m.Input","viewName":"etm.portal.ui.manageyards.view.New","viewId":"application-manageyards-display-component---NewYard","bindingPath":{"path":"","propertyPath":"/SHIP_POINT","modelName":"NewYardModel"},"interaction":{"idSuffix":"inner"}},"clearTextFirst":true,"interactionType":"ENTER_TEXT"}]}
COMMAND: POST /session/d2b61baf962823bd836e23b68c74a1fc/execute/async - {"script":"<script> [1562 bytes]","args":[{"selector":{"controlType":"sap.m.Input","viewName":"etm.portal.ui.manageyards.view.New","viewId":"application-manageyards-display-component---NewYard","bindingPath":{"path":"","propertyPath":"/DELIVERY_TYPE","modelName":"NewYardModel"},"interaction":{"idSuffix":"inner"}},"wdio_ui5_key":"etmportal.ui.manageyards.view.Newsap.m.Input{\"path\":\"\",\"propertyPath\":\"/DELIVERY_TYPE\",\"modelName\":\"NewYardModel\"}"}]}
RESULT: {"script":"<script> [1562 bytes]","args":[{"selector":{"controlType":"sap.m.Input","viewName":"etm.portal.ui.manageyards.view.New","viewId":"application-manageyards-display-component---NewYard","bindingPath":{"path":"","propertyPath":"/DELIVERY_TYPE","modelName":"NewYardModel"},"interaction":{"idSuffix":"inner"}},"wdio_ui5_key":"etmportal.ui.manageyards.view.Newsap.m.Input{\"path\":\"\",\"propertyPath\":\"/DELIVERY_TYPE\",\"modelName\":\"NewYardModel\"}"}]}
RESULT: undefined
COMMAND: POST /session/d2b61baf962823bd836e23b68c74a1fc/execute/async - {"script":"<script> [776 bytes]","args":[{"enterText":"ZL01","selector":{"controlType":"sap.m.Input","viewName":"etm.portal.ui.manageyards.view.New","viewId":"application-manageyards-display-component---NewYard","bindingPath":{"path":"","propertyPath":"/DELIVERY_TYPE","modelName":"NewYardModel"},"interaction":{"idSuffix":"inner"}},"clearTextFirst":true,"interactionType":"ENTER_TEXT"}]}
RESULT: {"script":"<script> [776 bytes]","args":[{"enterText":"ZL01","selector":{"controlType":"sap.m.Input","viewName":"etm.portal.ui.manageyards.view.New","viewId":"application-manageyards-display-component---NewYard","bindingPath":{"path":"","propertyPath":"/DELIVERY_TYPE","modelName":"NewYardModel"},"interaction":{"idSuffix":"inner"}},"clearTextFirst":true,"interactionType":"ENTER_TEXT"}]}
COMMAND: POST /session/d2b61baf962823bd836e23b68c74a1fc/execute/async - {"script":"<script> [1562 bytes]","args":[{"selector":{"controlType":"sap.m.Input","viewName":"etm.portal.ui.manageyards.view.New","viewId":"application-manageyards-display-component---NewYard","bindingPath":{"path":"","propertyPath":"/AUART","modelName":"NewYardModel"},"interaction":{"idSuffix":"inner"}},"wdio_ui5_key":"etmportal.ui.manageyards.view.Newsap.m.Input{\"path\":\"\",\"propertyPath\":\"/AUART\",\"modelName\":\"NewYardModel\"}"}]}
RESULT: {"script":"<script> [1562 bytes]","args":[{"selector":{"controlType":"sap.m.Input","viewName":"etm.portal.ui.manageyards.view.New","viewId":"application-manageyards-display-component---NewYard","bindingPath":{"path":"","propertyPath":"/AUART","modelName":"NewYardModel"},"interaction":{"idSuffix":"inner"}},"wdio_ui5_key":"etmportal.ui.manageyards.view.Newsap.m.Input{\"path\":\"\",\"propertyPath\":\"/AUART\",\"modelName\":\"NewYardModel\"}"}]}
RESULT: undefined
COMMAND: POST /session/d2b61baf962823bd836e23b68c74a1fc/execute/async - {"script":"<script> [776 bytes]","args":[{"enterText":"TA","selector":{"controlType":"sap.m.Input","viewName":"etm.portal.ui.manageyards.view.New","viewId":"application-manageyards-display-component---NewYard","bindingPath":{"path":"","propertyPath":"/AUART","modelName":"NewYardModel"},"interaction":{"idSuffix":"inner"}},"clearTextFirst":true,"interactionType":"ENTER_TEXT"}]}
RESULT: {"script":"<script> [776 bytes]","args":[{"enterText":"TA","selector":{"controlType":"sap.m.Input","viewName":"etm.portal.ui.manageyards.view.New","viewId":"application-manageyards-display-component---NewYard","bindingPath":{"path":"","propertyPath":"/AUART","modelName":"NewYardModel"},"interaction":{"idSuffix":"inner"}},"clearTextFirst":true,"interactionType":"ENTER_TEXT"}]}
COMMAND: POST /session/d2b61baf962823bd836e23b68c74a1fc/element - {"using":"xpath","value":"//button[@data-kt=\"newYardSaveButton\"]"}
RESULT: {"using":"xpath","value":"//button[@data-kt=\"newYardSaveButton\"]"}
COMMAND: POST /session/d2b61baf962823bd836e23b68c74a1fc/element/f.EF0E81B17C62DBBEF55F8BAE4B803037.d.635AE86F12B5F127BA32045291922DA6.e.706/click - {}
RESULT: {}
COMMAND: GET /session/d2b61baf962823bd836e23b68c74a1fc/screenshot - {}
RESULT: {}
COMMAND: POST /session/d2b61baf962823bd836e23b68c74a1fc/element - {"using":"xpath","value":"//header[contains(@id, 'ObjectPageLayout-headerTitle')]/div[1]/div[2]/div[1]/span[1]"}
RESULT: {"using":"xpath","value":"//header[contains(@id, 'ObjectPageLayout-headerTitle')]/div[1]/div[2]/div[1]/span[1]"}
COMMAND: POST /session/d2b61baf962823bd836e23b68c74a1fc/elements - {"using":"xpath","value":"//header[contains(@id, 'ObjectPageLayout-headerTitle')]/div[1]/div[2]/div[1]/span[1]"}
RESULT: {"using":"xpath","value":"//header[contains(@id, 'ObjectPageLayout-headerTitle')]/div[1]/div[2]/div[1]/span[1]"}
COMMAND: POST /session/d2b61baf962823bd836e23b68c74a1fc/execute/sync - {"script":"<script> [56 bytes]","args":[{"element-6066-11e4-a52e-4f735466cecf":"f.EF0E81B17C62DBBEF55F8BAE4B803037.d.635AE86F12B5F127BA32045291922DA6.e.994","ELEMENT":"f.EF0E81B17C62DBBEF55F8BAE4B803037.d.635AE86F12B5F127BA32045291922DA6.e.994"}]}
RESULT: {"script":"<script> [56 bytes]","args":[{"element-6066-11e4-a52e-4f735466cecf":"f.EF0E81B17C62DBBEF55F8BAE4B803037.d.635AE86F12B5F127BA32045291922DA6.e.994","ELEMENT":"f.EF0E81B17C62DBBEF55F8BAE4B803037.d.635AE86F12B5F127BA32045291922DA6.e.994"}]}
COMMAND: GET /session/d2b61baf962823bd836e23b68c74a1fc/screenshot - {}
RESULT: {}
COMMAND: POST /session/d2b61baf962823bd836e23b68c74a1fc/element - {"using":"css selector","value":"#shell-header-logo"}
RESULT: {"using":"css selector","value":"#shell-header-logo"}
COMMAND: POST /session/d2b61baf962823bd836e23b68c74a1fc/element/f.EF0E81B17C62DBBEF55F8BAE4B803037.d.635AE86F12B5F127BA32045291922DA6.e.257/click - {}
RESULT: {}
COMMAND: GET /session/d2b61baf962823bd836e23b68c74a1fc/screenshot - {}
RESULT: {}
COMMAND: POST /session/d2b61baf962823bd836e23b68c74a1fc/execute/sync - {"script":"<script> [299 bytes]","args":[["getModel","getResource"]]}
RESULT: {"script":"<script> [299 bytes]","args":[["getModel","getResource"]]}
COMMAND: GET /session/d2b61baf962823bd836e23b68c74a1fc/screenshot - {}
]]></system-out>
    </testcase>
    <testcase classname="chrome.135_0_7049_115.windows.Prerequisites_&amp;_test_for_yard_mass_return_on_Yard_Overview_US131057" name="Prereq Should create a new partner" time="146.587">
      <system-out><![CDATA[
COMMAND: POST /session/d2b61baf962823bd836e23b68c74a1fc/window/fullscreen - {}
RESULT: {}
RESULT: {}
COMMAND: POST /session/d2b61baf962823bd836e23b68c74a1fc/execute/async - {"script":"<script> [1562 bytes]","args":[{"selector":{"controlType":"sap.m.GenericTile","properties":{"header":"Manage Partners"}},"wdio_ui5_key":"sapm.GenericTile{\"header\":\"Manage Partners\"}"}]}
RESULT: {"script":"<script> [1562 bytes]","args":[{"selector":{"controlType":"sap.m.GenericTile","properties":{"header":"Manage Partners"}},"wdio_ui5_key":"sapm.GenericTile{\"header\":\"Manage Partners\"}"}]}
RESULT: undefined
COMMAND: POST /session/d2b61baf962823bd836e23b68c74a1fc/element - {"using":"xpath","value":"//*[@id=\"__tile38\"]"}
RESULT: {"using":"xpath","value":"//*[@id=\"__tile38\"]"}
COMMAND: POST /session/d2b61baf962823bd836e23b68c74a1fc/element/f.EF0E81B17C62DBBEF55F8BAE4B803037.d.635AE86F12B5F127BA32045291922DA6.e.151/click - {}
RESULT: {}
COMMAND: POST /session/d2b61baf962823bd836e23b68c74a1fc/element - {"using":"xpath","value":"//button[@data-kt=\"addButton\"]"}
COMMAND: GET /session/d2b61baf962823bd836e23b68c74a1fc/screenshot - {}
RESULT: {"using":"xpath","value":"//button[@data-kt=\"addButton\"]"}
COMMAND: POST /session/d2b61baf962823bd836e23b68c74a1fc/elements - {"using":"xpath","value":"//button[@data-kt=\"addButton\"]"}
RESULT: {}
RESULT: {"using":"xpath","value":"//button[@data-kt=\"addButton\"]"}
COMMAND: POST /session/d2b61baf962823bd836e23b68c74a1fc/elements - {"using":"xpath","value":"//button[@data-kt=\"addButton\"]"}
RESULT: {"using":"xpath","value":"//button[@data-kt=\"addButton\"]"}
COMMAND: POST /session/d2b61baf962823bd836e23b68c74a1fc/elements - {"using":"xpath","value":"//button[@data-kt=\"addButton\"]"}
RESULT: {"using":"xpath","value":"//button[@data-kt=\"addButton\"]"}
COMMAND: POST /session/d2b61baf962823bd836e23b68c74a1fc/elements - {"using":"xpath","value":"//button[@data-kt=\"addButton\"]"}
RESULT: {"using":"xpath","value":"//button[@data-kt=\"addButton\"]"}
COMMAND: POST /session/d2b61baf962823bd836e23b68c74a1fc/elements - {"using":"xpath","value":"//button[@data-kt=\"addButton\"]"}
RESULT: {"using":"xpath","value":"//button[@data-kt=\"addButton\"]"}
COMMAND: POST /session/d2b61baf962823bd836e23b68c74a1fc/elements - {"using":"xpath","value":"//button[@data-kt=\"addButton\"]"}
RESULT: {"using":"xpath","value":"//button[@data-kt=\"addButton\"]"}
COMMAND: POST /session/d2b61baf962823bd836e23b68c74a1fc/elements - {"using":"xpath","value":"//button[@data-kt=\"addButton\"]"}
RESULT: {"using":"xpath","value":"//button[@data-kt=\"addButton\"]"}
COMMAND: POST /session/d2b61baf962823bd836e23b68c74a1fc/elements - {"using":"xpath","value":"//button[@data-kt=\"addButton\"]"}
RESULT: {"using":"xpath","value":"//button[@data-kt=\"addButton\"]"}
COMMAND: POST /session/d2b61baf962823bd836e23b68c74a1fc/elements - {"using":"xpath","value":"//button[@data-kt=\"addButton\"]"}
RESULT: {"using":"xpath","value":"//button[@data-kt=\"addButton\"]"}
COMMAND: POST /session/d2b61baf962823bd836e23b68c74a1fc/elements - {"using":"xpath","value":"//button[@data-kt=\"addButton\"]"}
RESULT: {"using":"xpath","value":"//button[@data-kt=\"addButton\"]"}
COMMAND: POST /session/d2b61baf962823bd836e23b68c74a1fc/elements - {"using":"xpath","value":"//button[@data-kt=\"addButton\"]"}
RESULT: {"using":"xpath","value":"//button[@data-kt=\"addButton\"]"}
COMMAND: POST /session/d2b61baf962823bd836e23b68c74a1fc/elements - {"using":"xpath","value":"//button[@data-kt=\"addButton\"]"}
RESULT: {"using":"xpath","value":"//button[@data-kt=\"addButton\"]"}
COMMAND: POST /session/d2b61baf962823bd836e23b68c74a1fc/elements - {"using":"xpath","value":"//button[@data-kt=\"addButton\"]"}
RESULT: {"using":"xpath","value":"//button[@data-kt=\"addButton\"]"}
COMMAND: POST /session/d2b61baf962823bd836e23b68c74a1fc/elements - {"using":"xpath","value":"//button[@data-kt=\"addButton\"]"}
RESULT: {"using":"xpath","value":"//button[@data-kt=\"addButton\"]"}
COMMAND: POST /session/d2b61baf962823bd836e23b68c74a1fc/elements - {"using":"xpath","value":"//button[@data-kt=\"addButton\"]"}
RESULT: {"using":"xpath","value":"//button[@data-kt=\"addButton\"]"}
COMMAND: POST /session/d2b61baf962823bd836e23b68c74a1fc/elements - {"using":"xpath","value":"//button[@data-kt=\"addButton\"]"}
RESULT: {"using":"xpath","value":"//button[@data-kt=\"addButton\"]"}
COMMAND: POST /session/d2b61baf962823bd836e23b68c74a1fc/elements - {"using":"xpath","value":"//button[@data-kt=\"addButton\"]"}
RESULT: {"using":"xpath","value":"//button[@data-kt=\"addButton\"]"}
COMMAND: POST /session/d2b61baf962823bd836e23b68c74a1fc/elements - {"using":"xpath","value":"//button[@data-kt=\"addButton\"]"}
RESULT: {"using":"xpath","value":"//button[@data-kt=\"addButton\"]"}
COMMAND: POST /session/d2b61baf962823bd836e23b68c74a1fc/elements - {"using":"xpath","value":"//button[@data-kt=\"addButton\"]"}
RESULT: {"using":"xpath","value":"//button[@data-kt=\"addButton\"]"}
COMMAND: POST /session/d2b61baf962823bd836e23b68c74a1fc/elements - {"using":"xpath","value":"//button[@data-kt=\"addButton\"]"}
RESULT: {"using":"xpath","value":"//button[@data-kt=\"addButton\"]"}
COMMAND: POST /session/d2b61baf962823bd836e23b68c74a1fc/elements - {"using":"xpath","value":"//button[@data-kt=\"addButton\"]"}
RESULT: {"using":"xpath","value":"//button[@data-kt=\"addButton\"]"}
COMMAND: POST /session/d2b61baf962823bd836e23b68c74a1fc/elements - {"using":"xpath","value":"//button[@data-kt=\"addButton\"]"}
RESULT: {"using":"xpath","value":"//button[@data-kt=\"addButton\"]"}
COMMAND: POST /session/d2b61baf962823bd836e23b68c74a1fc/elements - {"using":"xpath","value":"//button[@data-kt=\"addButton\"]"}
RESULT: {"using":"xpath","value":"//button[@data-kt=\"addButton\"]"}
COMMAND: POST /session/d2b61baf962823bd836e23b68c74a1fc/elements - {"using":"xpath","value":"//button[@data-kt=\"addButton\"]"}
RESULT: {"using":"xpath","value":"//button[@data-kt=\"addButton\"]"}
COMMAND: POST /session/d2b61baf962823bd836e23b68c74a1fc/elements - {"using":"xpath","value":"//button[@data-kt=\"addButton\"]"}
RESULT: {"using":"xpath","value":"//button[@data-kt=\"addButton\"]"}
COMMAND: POST /session/d2b61baf962823bd836e23b68c74a1fc/elements - {"using":"xpath","value":"//button[@data-kt=\"addButton\"]"}
RESULT: {"using":"xpath","value":"//button[@data-kt=\"addButton\"]"}
COMMAND: POST /session/d2b61baf962823bd836e23b68c74a1fc/elements - {"using":"xpath","value":"//button[@data-kt=\"addButton\"]"}
RESULT: {"using":"xpath","value":"//button[@data-kt=\"addButton\"]"}
COMMAND: POST /session/d2b61baf962823bd836e23b68c74a1fc/elements - {"using":"xpath","value":"//button[@data-kt=\"addButton\"]"}
RESULT: {"using":"xpath","value":"//button[@data-kt=\"addButton\"]"}
COMMAND: POST /session/d2b61baf962823bd836e23b68c74a1fc/elements - {"using":"xpath","value":"//button[@data-kt=\"addButton\"]"}
RESULT: {"using":"xpath","value":"//button[@data-kt=\"addButton\"]"}
COMMAND: POST /session/d2b61baf962823bd836e23b68c74a1fc/elements - {"using":"xpath","value":"//button[@data-kt=\"addButton\"]"}
RESULT: {"using":"xpath","value":"//button[@data-kt=\"addButton\"]"}
COMMAND: POST /session/d2b61baf962823bd836e23b68c74a1fc/elements - {"using":"xpath","value":"//button[@data-kt=\"addButton\"]"}
RESULT: {"using":"xpath","value":"//button[@data-kt=\"addButton\"]"}
COMMAND: POST /session/d2b61baf962823bd836e23b68c74a1fc/elements - {"using":"xpath","value":"//button[@data-kt=\"addButton\"]"}
RESULT: {"using":"xpath","value":"//button[@data-kt=\"addButton\"]"}
COMMAND: POST /session/d2b61baf962823bd836e23b68c74a1fc/elements - {"using":"xpath","value":"//button[@data-kt=\"addButton\"]"}
RESULT: {"using":"xpath","value":"//button[@data-kt=\"addButton\"]"}
COMMAND: POST /session/d2b61baf962823bd836e23b68c74a1fc/elements - {"using":"xpath","value":"//button[@data-kt=\"addButton\"]"}
RESULT: {"using":"xpath","value":"//button[@data-kt=\"addButton\"]"}
COMMAND: POST /session/d2b61baf962823bd836e23b68c74a1fc/elements - {"using":"xpath","value":"//button[@data-kt=\"addButton\"]"}
RESULT: {"using":"xpath","value":"//button[@data-kt=\"addButton\"]"}
COMMAND: POST /session/d2b61baf962823bd836e23b68c74a1fc/elements - {"using":"xpath","value":"//button[@data-kt=\"addButton\"]"}
RESULT: {"using":"xpath","value":"//button[@data-kt=\"addButton\"]"}
COMMAND: POST /session/d2b61baf962823bd836e23b68c74a1fc/elements - {"using":"xpath","value":"//button[@data-kt=\"addButton\"]"}
RESULT: {"using":"xpath","value":"//button[@data-kt=\"addButton\"]"}
COMMAND: POST /session/d2b61baf962823bd836e23b68c74a1fc/elements - {"using":"xpath","value":"//button[@data-kt=\"addButton\"]"}
RESULT: {"using":"xpath","value":"//button[@data-kt=\"addButton\"]"}
COMMAND: POST /session/d2b61baf962823bd836e23b68c74a1fc/elements - {"using":"xpath","value":"//button[@data-kt=\"addButton\"]"}
RESULT: {"using":"xpath","value":"//button[@data-kt=\"addButton\"]"}
COMMAND: POST /session/d2b61baf962823bd836e23b68c74a1fc/elements - {"using":"xpath","value":"//button[@data-kt=\"addButton\"]"}
RESULT: {"using":"xpath","value":"//button[@data-kt=\"addButton\"]"}
COMMAND: POST /session/d2b61baf962823bd836e23b68c74a1fc/elements - {"using":"xpath","value":"//button[@data-kt=\"addButton\"]"}
RESULT: {"using":"xpath","value":"//button[@data-kt=\"addButton\"]"}
COMMAND: POST /session/d2b61baf962823bd836e23b68c74a1fc/elements - {"using":"xpath","value":"//button[@data-kt=\"addButton\"]"}
RESULT: {"using":"xpath","value":"//button[@data-kt=\"addButton\"]"}
COMMAND: POST /session/d2b61baf962823bd836e23b68c74a1fc/elements - {"using":"xpath","value":"//button[@data-kt=\"addButton\"]"}
RESULT: {"using":"xpath","value":"//button[@data-kt=\"addButton\"]"}
COMMAND: POST /session/d2b61baf962823bd836e23b68c74a1fc/elements - {"using":"xpath","value":"//button[@data-kt=\"addButton\"]"}
RESULT: {"using":"xpath","value":"//button[@data-kt=\"addButton\"]"}
COMMAND: POST /session/d2b61baf962823bd836e23b68c74a1fc/elements - {"using":"xpath","value":"//button[@data-kt=\"addButton\"]"}
RESULT: {"using":"xpath","value":"//button[@data-kt=\"addButton\"]"}
COMMAND: POST /session/d2b61baf962823bd836e23b68c74a1fc/elements - {"using":"xpath","value":"//button[@data-kt=\"addButton\"]"}
RESULT: {"using":"xpath","value":"//button[@data-kt=\"addButton\"]"}
COMMAND: POST /session/d2b61baf962823bd836e23b68c74a1fc/elements - {"using":"xpath","value":"//button[@data-kt=\"addButton\"]"}
RESULT: {"using":"xpath","value":"//button[@data-kt=\"addButton\"]"}
COMMAND: POST /session/d2b61baf962823bd836e23b68c74a1fc/element - {"using":"xpath","value":"//button[@data-kt=\"addButton\"]"}
RESULT: {"using":"xpath","value":"//button[@data-kt=\"addButton\"]"}
COMMAND: POST /session/d2b61baf962823bd836e23b68c74a1fc/execute/sync - {"script":"<script> [8489 bytes]","args":[{"element-6066-11e4-a52e-4f735466cecf":"f.EF0E81B17C62DBBEF55F8BAE4B803037.d.635AE86F12B5F127BA32045291922DA6.e.1033","ELEMENT":"f.EF0E81B17C62DBBEF55F8BAE4B803037.d.635AE86F12B5F127BA32045291922DA6.e.1033"}]}
RESULT: {"script":"<script> [8489 bytes]","args":[{"element-6066-11e4-a52e-4f735466cecf":"f.EF0E81B17C62DBBEF55F8BAE4B803037.d.635AE86F12B5F127BA32045291922DA6.e.1033","ELEMENT":"f.EF0E81B17C62DBBEF55F8BAE4B803037.d.635AE86F12B5F127BA32045291922DA6.e.1033"}]}
COMMAND: GET /session/d2b61baf962823bd836e23b68c74a1fc/element/f.EF0E81B17C62DBBEF55F8BAE4B803037.d.635AE86F12B5F127BA32045291922DA6.e.1033/enabled - {}
COMMAND: GET /session/d2b61baf962823bd836e23b68c74a1fc/screenshot - {}
RESULT: {}
COMMAND: POST /session/d2b61baf962823bd836e23b68c74a1fc/execute/sync - {"script":"<script> [8489 bytes]","args":[{"element-6066-11e4-a52e-4f735466cecf":"f.EF0E81B17C62DBBEF55F8BAE4B803037.d.635AE86F12B5F127BA32045291922DA6.e.1033","ELEMENT":"f.EF0E81B17C62DBBEF55F8BAE4B803037.d.635AE86F12B5F127BA32045291922DA6.e.1033"}]}
COMMAND: GET /session/d2b61baf962823bd836e23b68c74a1fc/screenshot - {}
RESULT: {}
RESULT: {"script":"<script> [8489 bytes]","args":[{"element-6066-11e4-a52e-4f735466cecf":"f.EF0E81B17C62DBBEF55F8BAE4B803037.d.635AE86F12B5F127BA32045291922DA6.e.1033","ELEMENT":"f.EF0E81B17C62DBBEF55F8BAE4B803037.d.635AE86F12B5F127BA32045291922DA6.e.1033"}]}
COMMAND: POST /session/d2b61baf962823bd836e23b68c74a1fc/execute/sync - {"script":"<script> [5351 bytes]","args":[{"element-6066-11e4-a52e-4f735466cecf":"f.EF0E81B17C62DBBEF55F8BAE4B803037.d.635AE86F12B5F127BA32045291922DA6.e.1033","ELEMENT":"f.EF0E81B17C62DBBEF55F8BAE4B803037.d.635AE86F12B5F127BA32045291922DA6.e.1033"}]}
COMMAND: GET /session/d2b61baf962823bd836e23b68c74a1fc/screenshot - {}
RESULT: {}
RESULT: {"script":"<script> [5351 bytes]","args":[{"element-6066-11e4-a52e-4f735466cecf":"f.EF0E81B17C62DBBEF55F8BAE4B803037.d.635AE86F12B5F127BA32045291922DA6.e.1033","ELEMENT":"f.EF0E81B17C62DBBEF55F8BAE4B803037.d.635AE86F12B5F127BA32045291922DA6.e.1033"}]}
COMMAND: POST /session/d2b61baf962823bd836e23b68c74a1fc/element/f.EF0E81B17C62DBBEF55F8BAE4B803037.d.635AE86F12B5F127BA32045291922DA6.e.1033/click - {}
COMMAND: GET /session/d2b61baf962823bd836e23b68c74a1fc/screenshot - {}
RESULT: {}
RESULT: {}
COMMAND: GET /session/d2b61baf962823bd836e23b68c74a1fc/screenshot - {}
RESULT: {}
RESULT: {}
COMMAND: POST /session/d2b61baf962823bd836e23b68c74a1fc/execute/async - {"script":"<script> [1562 bytes]","args":[{"selector":{"id":"application-managepartners-display-component---NewPartner--addressDetailDetailsName1","interaction":{"idSuffix":"inner"}},"wdio_ui5_key":"applicationmanagepartners-display-component---NewPartner--addressDetailDetailsName1"}]}
RESULT: {"script":"<script> [1562 bytes]","args":[{"selector":{"id":"application-managepartners-display-component---NewPartner--addressDetailDetailsName1","interaction":{"idSuffix":"inner"}},"wdio_ui5_key":"applicationmanagepartners-display-component---NewPartner--addressDetailDetailsName1"}]}
RESULT: undefined
COMMAND: POST /session/d2b61baf962823bd836e23b68c74a1fc/execute/async - {"script":"<script> [776 bytes]","args":[{"enterText":"Intracompany Partner WDIO","selector":{"id":"application-managepartners-display-component---NewPartner--addressDetailDetailsName1","interaction":{"idSuffix":"inner"}},"clearTextFirst":true,"interactionType":"ENTER_TEXT"}]}
RESULT: {"script":"<script> [776 bytes]","args":[{"enterText":"Intracompany Partner WDIO","selector":{"id":"application-managepartners-display-component---NewPartner--addressDetailDetailsName1","interaction":{"idSuffix":"inner"}},"clearTextFirst":true,"interactionType":"ENTER_TEXT"}]}
COMMAND: POST /session/d2b61baf962823bd836e23b68c74a1fc/execute/async - {"script":"<script> [1562 bytes]","args":[{"selector":{"id":"application-managepartners-display-component---NewPartner--addressDetailDetailsLanguage-arrow"},"wdio_ui5_key":"applicationmanagepartners-display-component---NewPartner--addressDetailDetailsLanguage-arrow"}]}
RESULT: {"script":"<script> [1562 bytes]","args":[{"selector":{"id":"application-managepartners-display-component---NewPartner--addressDetailDetailsLanguage-arrow"},"wdio_ui5_key":"applicationmanagepartners-display-component---NewPartner--addressDetailDetailsLanguage-arrow"}]}
RESULT: undefined
COMMAND: POST /session/d2b61baf962823bd836e23b68c74a1fc/element - {"using":"xpath","value":"//*[@id=\"application-managepartners-display-component---NewPartner--addressDetailDetailsLanguage-arrow\"]"}
RESULT: {"using":"xpath","value":"//*[@id=\"application-managepartners-display-component---NewPartner--addressDetailDetailsLanguage-arrow\"]"}
COMMAND: POST /session/d2b61baf962823bd836e23b68c74a1fc/element/f.EF0E81B17C62DBBEF55F8BAE4B803037.d.635AE86F12B5F127BA32045291922DA6.e.1477/click - {}
RESULT: {}
COMMAND: POST /session/d2b61baf962823bd836e23b68c74a1fc/element - {"using":"xpath","value":"//span[contains(text(), \"English\")]"}
COMMAND: GET /session/d2b61baf962823bd836e23b68c74a1fc/screenshot - {}
RESULT: {"using":"xpath","value":"//span[contains(text(), \"English\")]"}
COMMAND: POST /session/d2b61baf962823bd836e23b68c74a1fc/element/f.EF0E81B17C62DBBEF55F8BAE4B803037.d.635AE86F12B5F127BA32045291922DA6.e.1478/click - {}
RESULT: {}
RESULT: {}
COMMAND: GET /session/d2b61baf962823bd836e23b68c74a1fc/screenshot - {}
RESULT: {}
COMMAND: POST /session/d2b61baf962823bd836e23b68c74a1fc/execute/async - {"script":"<script> [1562 bytes]","args":[{"selector":{"id":"application-managepartners-display-component---NewPartner--addressDetailDetailsCity1","interaction":{"idSuffix":"inner"}},"wdio_ui5_key":"applicationmanagepartners-display-component---NewPartner--addressDetailDetailsCity1"}]}
RESULT: {"script":"<script> [1562 bytes]","args":[{"selector":{"id":"application-managepartners-display-component---NewPartner--addressDetailDetailsCity1","interaction":{"idSuffix":"inner"}},"wdio_ui5_key":"applicationmanagepartners-display-component---NewPartner--addressDetailDetailsCity1"}]}
RESULT: undefined
COMMAND: POST /session/d2b61baf962823bd836e23b68c74a1fc/execute/async - {"script":"<script> [776 bytes]","args":[{"enterText":"Rosario","selector":{"id":"application-managepartners-display-component---NewPartner--addressDetailDetailsCity1","interaction":{"idSuffix":"inner"}},"clearTextFirst":true,"interactionType":"ENTER_TEXT"}]}
RESULT: {"script":"<script> [776 bytes]","args":[{"enterText":"Rosario","selector":{"id":"application-managepartners-display-component---NewPartner--addressDetailDetailsCity1","interaction":{"idSuffix":"inner"}},"clearTextFirst":true,"interactionType":"ENTER_TEXT"}]}
COMMAND: POST /session/d2b61baf962823bd836e23b68c74a1fc/execute/async - {"script":"<script> [1562 bytes]","args":[{"selector":{"id":"application-managepartners-display-component---NewPartner--addressDetailDetailsCountry-arrow"},"wdio_ui5_key":"applicationmanagepartners-display-component---NewPartner--addressDetailDetailsCountry-arrow"}]}
RESULT: {"script":"<script> [1562 bytes]","args":[{"selector":{"id":"application-managepartners-display-component---NewPartner--addressDetailDetailsCountry-arrow"},"wdio_ui5_key":"applicationmanagepartners-display-component---NewPartner--addressDetailDetailsCountry-arrow"}]}
RESULT: undefined
COMMAND: POST /session/d2b61baf962823bd836e23b68c74a1fc/element - {"using":"xpath","value":"//*[@id=\"application-managepartners-display-component---NewPartner--addressDetailDetailsCountry-arrow\"]"}
RESULT: {"using":"xpath","value":"//*[@id=\"application-managepartners-display-component---NewPartner--addressDetailDetailsCountry-arrow\"]"}
COMMAND: POST /session/d2b61baf962823bd836e23b68c74a1fc/element/f.EF0E81B17C62DBBEF55F8BAE4B803037.d.635AE86F12B5F127BA32045291922DA6.e.1434/click - {}
RESULT: {}
COMMAND: POST /session/d2b61baf962823bd836e23b68c74a1fc/element - {"using":"xpath","value":"//span[contains(text(), \"Argentina\")]"}
COMMAND: GET /session/d2b61baf962823bd836e23b68c74a1fc/screenshot - {}
RESULT: {"using":"xpath","value":"//span[contains(text(), \"Argentina\")]"}
COMMAND: POST /session/d2b61baf962823bd836e23b68c74a1fc/element/f.EF0E81B17C62DBBEF55F8BAE4B803037.d.635AE86F12B5F127BA32045291922DA6.e.1480/click - {}
RESULT: {}
RESULT: {}
COMMAND: GET /session/d2b61baf962823bd836e23b68c74a1fc/screenshot - {}
RESULT: {}
COMMAND: POST /session/d2b61baf962823bd836e23b68c74a1fc/element - {"using":"xpath","value":"//bdi[contains(text(), \"Commercial\")]"}
RESULT: {"using":"xpath","value":"//bdi[contains(text(), \"Commercial\")]"}
COMMAND: POST /session/d2b61baf962823bd836e23b68c74a1fc/element/f.EF0E81B17C62DBBEF55F8BAE4B803037.d.635AE86F12B5F127BA32045291922DA6.e.1481/click - {}
RESULT: {}
COMMAND: GET /session/d2b61baf962823bd836e23b68c74a1fc/screenshot - {}
RESULT: {}
COMMAND: POST /session/d2b61baf962823bd836e23b68c74a1fc/execute/async - {"script":"<script> [1562 bytes]","args":[{"selector":{"id":"application-managepartners-display-component---NewPartner--partnerDetailInternal-arrow"},"wdio_ui5_key":"applicationmanagepartners-display-component---NewPartner--partnerDetailInternal-arrow"}]}
RESULT: {"script":"<script> [1562 bytes]","args":[{"selector":{"id":"application-managepartners-display-component---NewPartner--partnerDetailInternal-arrow"},"wdio_ui5_key":"applicationmanagepartners-display-component---NewPartner--partnerDetailInternal-arrow"}]}
RESULT: undefined
COMMAND: POST /session/d2b61baf962823bd836e23b68c74a1fc/element - {"using":"xpath","value":"//*[@id=\"application-managepartners-display-component---NewPartner--partnerDetailInternal-arrow\"]"}
RESULT: {"using":"xpath","value":"//*[@id=\"application-managepartners-display-component---NewPartner--partnerDetailInternal-arrow\"]"}
COMMAND: POST /session/d2b61baf962823bd836e23b68c74a1fc/element/f.EF0E81B17C62DBBEF55F8BAE4B803037.d.635AE86F12B5F127BA32045291922DA6.e.1487/click - {}
RESULT: {}
COMMAND: POST /session/d2b61baf962823bd836e23b68c74a1fc/element - {"using":"xpath","value":"//span[contains(text(), \"Affiliated company\")]"}
COMMAND: GET /session/d2b61baf962823bd836e23b68c74a1fc/screenshot - {}
RESULT: {"using":"xpath","value":"//span[contains(text(), \"Affiliated company\")]"}
COMMAND: POST /session/d2b61baf962823bd836e23b68c74a1fc/element/f.EF0E81B17C62DBBEF55F8BAE4B803037.d.635AE86F12B5F127BA32045291922DA6.e.1488/click - {}
RESULT: {}
RESULT: {}
COMMAND: POST /session/d2b61baf962823bd836e23b68c74a1fc/execute/async - {"script":"<script> [1562 bytes]","args":[{"selector":{"id":"application-managepartners-display-component---NewPartner--partnerDetailsCurrency-arrow"},"wdio_ui5_key":"applicationmanagepartners-display-component---NewPartner--partnerDetailsCurrency-arrow"}]}
COMMAND: GET /session/d2b61baf962823bd836e23b68c74a1fc/screenshot - {}
RESULT: {"script":"<script> [1562 bytes]","args":[{"selector":{"id":"application-managepartners-display-component---NewPartner--partnerDetailsCurrency-arrow"},"wdio_ui5_key":"applicationmanagepartners-display-component---NewPartner--partnerDetailsCurrency-arrow"}]}
RESULT: undefined
COMMAND: POST /session/d2b61baf962823bd836e23b68c74a1fc/element - {"using":"xpath","value":"//*[@id=\"application-managepartners-display-component---NewPartner--partnerDetailsCurrency-arrow\"]"}
RESULT: {}
RESULT: {"using":"xpath","value":"//*[@id=\"application-managepartners-display-component---NewPartner--partnerDetailsCurrency-arrow\"]"}
COMMAND: POST /session/d2b61baf962823bd836e23b68c74a1fc/element/f.EF0E81B17C62DBBEF55F8BAE4B803037.d.635AE86F12B5F127BA32045291922DA6.e.1495/click - {}
RESULT: {}
COMMAND: POST /session/d2b61baf962823bd836e23b68c74a1fc/element - {"using":"xpath","value":"//span[contains(text(), \"Euro\")]"}
COMMAND: GET /session/d2b61baf962823bd836e23b68c74a1fc/screenshot - {}
RESULT: {"using":"xpath","value":"//span[contains(text(), \"Euro\")]"}
COMMAND: POST /session/d2b61baf962823bd836e23b68c74a1fc/element/f.EF0E81B17C62DBBEF55F8BAE4B803037.d.635AE86F12B5F127BA32045291922DA6.e.1496/click - {}
RESULT: {}
RESULT: {}
COMMAND: POST /session/d2b61baf962823bd836e23b68c74a1fc/execute/async - {"script":"<script> [1562 bytes]","args":[{"selector":{"id":"application-managepartners-display-component---NewPartner--addressEditDetailsCostObjectCstType-arrow"},"wdio_ui5_key":"applicationmanagepartners-display-component---NewPartner--addressEditDetailsCostObjectCstType-arrow"}]}
COMMAND: GET /session/d2b61baf962823bd836e23b68c74a1fc/screenshot - {}
RESULT: {"script":"<script> [1562 bytes]","args":[{"selector":{"id":"application-managepartners-display-component---NewPartner--addressEditDetailsCostObjectCstType-arrow"},"wdio_ui5_key":"applicationmanagepartners-display-component---NewPartner--addressEditDetailsCostObjectCstType-arrow"}]}
RESULT: undefined
COMMAND: POST /session/d2b61baf962823bd836e23b68c74a1fc/element - {"using":"xpath","value":"//*[@id=\"application-managepartners-display-component---NewPartner--addressEditDetailsCostObjectCstType-arrow\"]"}
RESULT: {}
RESULT: {"using":"xpath","value":"//*[@id=\"application-managepartners-display-component---NewPartner--addressEditDetailsCostObjectCstType-arrow\"]"}
COMMAND: POST /session/d2b61baf962823bd836e23b68c74a1fc/element/f.EF0E81B17C62DBBEF55F8BAE4B803037.d.635AE86F12B5F127BA32045291922DA6.e.1497/click - {}
RESULT: {}
COMMAND: POST /session/d2b61baf962823bd836e23b68c74a1fc/element - {"using":"xpath","value":"//span[contains(text(), \"Cost Center\")]"}
COMMAND: GET /session/d2b61baf962823bd836e23b68c74a1fc/screenshot - {}
RESULT: {"using":"xpath","value":"//span[contains(text(), \"Cost Center\")]"}
COMMAND: POST /session/d2b61baf962823bd836e23b68c74a1fc/element/f.EF0E81B17C62DBBEF55F8BAE4B803037.d.635AE86F12B5F127BA32045291922DA6.e.1498/click - {}
RESULT: {}
RESULT: {}
COMMAND: GET /session/d2b61baf962823bd836e23b68c74a1fc/screenshot - {}
RESULT: {}
COMMAND: POST /session/d2b61baf962823bd836e23b68c74a1fc/element - {"using":"xpath","value":"//span[@id=\"application-managepartners-display-component---NewPartner--addressNewCostObjectCstID-vhi\"]"}
RESULT: {"using":"xpath","value":"//span[@id=\"application-managepartners-display-component---NewPartner--addressNewCostObjectCstID-vhi\"]"}
COMMAND: POST /session/d2b61baf962823bd836e23b68c74a1fc/execute/sync - {"script":"<script> [8489 bytes]","args":[{"element-6066-11e4-a52e-4f735466cecf":"f.EF0E81B17C62DBBEF55F8BAE4B803037.d.635AE86F12B5F127BA32045291922DA6.e.1502","ELEMENT":"f.EF0E81B17C62DBBEF55F8BAE4B803037.d.635AE86F12B5F127BA32045291922DA6.e.1502"}]}
RESULT: {"script":"<script> [8489 bytes]","args":[{"element-6066-11e4-a52e-4f735466cecf":"f.EF0E81B17C62DBBEF55F8BAE4B803037.d.635AE86F12B5F127BA32045291922DA6.e.1502","ELEMENT":"f.EF0E81B17C62DBBEF55F8BAE4B803037.d.635AE86F12B5F127BA32045291922DA6.e.1502"}]}
COMMAND: POST /session/d2b61baf962823bd836e23b68c74a1fc/execute/async - {"script":"<script> [1562 bytes]","args":[{"selector":{"id":"application-managepartners-display-component---NewPartner--addressNewCostObjectCstID-vhi"},"wdio_ui5_key":"applicationmanagepartners-display-component---NewPartner--addressNewCostObjectCstID-vhi"}]}
COMMAND: GET /session/d2b61baf962823bd836e23b68c74a1fc/screenshot - {}
RESULT: {"script":"<script> [1562 bytes]","args":[{"selector":{"id":"application-managepartners-display-component---NewPartner--addressNewCostObjectCstID-vhi"},"wdio_ui5_key":"applicationmanagepartners-display-component---NewPartner--addressNewCostObjectCstID-vhi"}]}
RESULT: undefined
COMMAND: POST /session/d2b61baf962823bd836e23b68c74a1fc/element - {"using":"xpath","value":"//*[@id=\"application-managepartners-display-component---NewPartner--addressNewCostObjectCstID-vhi\"]"}
RESULT: {}
RESULT: {"using":"xpath","value":"//*[@id=\"application-managepartners-display-component---NewPartner--addressNewCostObjectCstID-vhi\"]"}
COMMAND: POST /session/d2b61baf962823bd836e23b68c74a1fc/element/f.EF0E81B17C62DBBEF55F8BAE4B803037.d.635AE86F12B5F127BA32045291922DA6.e.1502/click - {}
RESULT: {}
COMMAND: GET /session/d2b61baf962823bd836e23b68c74a1fc/screenshot - {}
RESULT: {}
RESULT: undefined
COMMAND: POST /session/d2b61baf962823bd836e23b68c74a1fc/execute/async - {"script":"<script> [776 bytes]","args":[{"enterText":"10001013","selector":{"controlType":"sap.m.SearchField","properties":{"placeholder":"Search"},"searchOpenDialogs":true,"interaction":{"idSuffix":"I"}},"clearTextFirst":true,"interactionType":"ENTER_TEXT"}]}
RESULT: {"script":"<script> [776 bytes]","args":[{"enterText":"10001013","selector":{"controlType":"sap.m.SearchField","properties":{"placeholder":"Search"},"searchOpenDialogs":true,"interaction":{"idSuffix":"I"}},"clearTextFirst":true,"interactionType":"ENTER_TEXT"}]}
COMMAND: POST /session/d2b61baf962823bd836e23b68c74a1fc/actions - {"actions":[{"id":"action2","type":"key","parameters":{},"actions":[{"type":"keyDown","value":"î€‡"},{"type":"pause","duration":10},{"type":"keyUp","value":"î€‡"}]}]}
RESULT: {"actions":[{"id":"action2","type":"key","parameters":{},"actions":[{"type":"keyDown","value":"î€‡"},{"type":"pause","duration":10},{"type":"keyUp","value":"î€‡"}]}]}
COMMAND: GET /session/d2b61baf962823bd836e23b68c74a1fc/screenshot - {}
RESULT: {}
COMMAND: POST /session/d2b61baf962823bd836e23b68c74a1fc/element - {"using":"xpath","value":"//span[contains(text(), \"General Management\")]"}
RESULT: {"using":"xpath","value":"//span[contains(text(), \"General Management\")]"}
COMMAND: POST /session/d2b61baf962823bd836e23b68c74a1fc/element/f.EF0E81B17C62DBBEF55F8BAE4B803037.d.635AE86F12B5F127BA32045291922DA6.e.1541/click - {}
RESULT: {}
COMMAND: GET /session/d2b61baf962823bd836e23b68c74a1fc/screenshot - {}
RESULT: {}
COMMAND: POST /session/d2b61baf962823bd836e23b68c74a1fc/element - {"using":"xpath","value":"//bdi[contains(text(), \"OK\")]"}
RESULT: {"using":"xpath","value":"//bdi[contains(text(), \"OK\")]"}
COMMAND: POST /session/d2b61baf962823bd836e23b68c74a1fc/element/f.EF0E81B17C62DBBEF55F8BAE4B803037.d.635AE86F12B5F127BA32045291922DA6.e.1542/click - {}
RESULT: {}
COMMAND: GET /session/d2b61baf962823bd836e23b68c74a1fc/screenshot - {}
RESULT: {}
COMMAND: POST /session/d2b61baf962823bd836e23b68c74a1fc/element - {"using":"xpath","value":"//input[@id=\"application-managepartners-display-component---NewPartner--companyCodeComboBox-inner\"]"}
RESULT: {"using":"xpath","value":"//input[@id=\"application-managepartners-display-component---NewPartner--companyCodeComboBox-inner\"]"}
COMMAND: POST /session/d2b61baf962823bd836e23b68c74a1fc/element/f.EF0E81B17C62DBBEF55F8BAE4B803037.d.635AE86F12B5F127BA32045291922DA6.e.1391/clear - {}
RESULT: {}
COMMAND: POST /session/d2b61baf962823bd836e23b68c74a1fc/element/f.EF0E81B17C62DBBEF55F8BAE4B803037.d.635AE86F12B5F127BA32045291922DA6.e.1391/value - {"text":"1000"}
COMMAND: GET /session/d2b61baf962823bd836e23b68c74a1fc/screenshot - {}
RESULT: {"text":"1000"}
COMMAND: GET /session/d2b61baf962823bd836e23b68c74a1fc/screenshot - {}
RESULT: {}
RESULT: {}
COMMAND: POST /session/d2b61baf962823bd836e23b68c74a1fc/element - {"using":"xpath","value":"//li[.//span[text()= \"1000\"]]"}
RESULT: {"using":"xpath","value":"//li[.//span[text()= \"1000\"]]"}
COMMAND: POST /session/d2b61baf962823bd836e23b68c74a1fc/element/f.EF0E81B17C62DBBEF55F8BAE4B803037.d.635AE86F12B5F127BA32045291922DA6.e.1548/click - {}
RESULT: {}
COMMAND: GET /session/d2b61baf962823bd836e23b68c74a1fc/screenshot - {}
RESULT: {}
COMMAND: POST /session/d2b61baf962823bd836e23b68c74a1fc/execute/async - {"script":"<script> [1562 bytes]","args":[{"selector":{"id":"application-managepartners-display-component---NewPartner--btnAddTableRow-img"},"wdio_ui5_key":"applicationmanagepartners-display-component---NewPartner--btnAddTableRow-img"}]}
RESULT: {"script":"<script> [1562 bytes]","args":[{"selector":{"id":"application-managepartners-display-component---NewPartner--btnAddTableRow-img"},"wdio_ui5_key":"applicationmanagepartners-display-component---NewPartner--btnAddTableRow-img"}]}
RESULT: undefined
COMMAND: POST /session/d2b61baf962823bd836e23b68c74a1fc/element - {"using":"xpath","value":"//*[@id=\"application-managepartners-display-component---NewPartner--btnAddTableRow-img\"]"}
RESULT: {"using":"xpath","value":"//*[@id=\"application-managepartners-display-component---NewPartner--btnAddTableRow-img\"]"}
COMMAND: POST /session/d2b61baf962823bd836e23b68c74a1fc/element/f.EF0E81B17C62DBBEF55F8BAE4B803037.d.635AE86F12B5F127BA32045291922DA6.e.1549/click - {}
RESULT: {}
COMMAND: GET /session/d2b61baf962823bd836e23b68c74a1fc/screenshot - {}
RESULT: {}
COMMAND: POST /session/d2b61baf962823bd836e23b68c74a1fc/element - {"using":"xpath","value":"//input[@id=\"application-managepartners-display-component---NewPartner--assignmentYard-application-managepartners-display-component---NewPartner--assignmentsTable-0-inner\"]"}
RESULT: {"using":"xpath","value":"//input[@id=\"application-managepartners-display-component---NewPartner--assignmentYard-application-managepartners-display-component---NewPartner--assignmentsTable-0-inner\"]"}
COMMAND: POST /session/d2b61baf962823bd836e23b68c74a1fc/element/f.EF0E81B17C62DBBEF55F8BAE4B803037.d.635AE86F12B5F127BA32045291922DA6.e.1552/clear - {}
RESULT: {}
COMMAND: POST /session/d2b61baf962823bd836e23b68c74a1fc/element/f.EF0E81B17C62DBBEF55F8BAE4B803037.d.635AE86F12B5F127BA32045291922DA6.e.1552/value - {"text":"665"}
COMMAND: GET /session/d2b61baf962823bd836e23b68c74a1fc/screenshot - {}
RESULT: {"text":"665"}
COMMAND: GET /session/d2b61baf962823bd836e23b68c74a1fc/screenshot - {}
RESULT: {}
RESULT: {}
COMMAND: POST /session/d2b61baf962823bd836e23b68c74a1fc/element - {"using":"xpath","value":"//li[.//span[text()='665']]"}
RESULT: {"using":"xpath","value":"//li[.//span[text()='665']]"}
COMMAND: POST /session/d2b61baf962823bd836e23b68c74a1fc/element/f.EF0E81B17C62DBBEF55F8BAE4B803037.d.635AE86F12B5F127BA32045291922DA6.e.1562/click - {}
RESULT: {}
COMMAND: GET /session/d2b61baf962823bd836e23b68c74a1fc/screenshot - {}
RESULT: {}
COMMAND: POST /session/d2b61baf962823bd836e23b68c74a1fc/actions - {"actions":[{"id":"action3","type":"key","parameters":{},"actions":[{"type":"keyDown","value":"î€‡"},{"type":"pause","duration":10},{"type":"keyUp","value":"î€‡"}]}]}
RESULT: {"actions":[{"id":"action3","type":"key","parameters":{},"actions":[{"type":"keyDown","value":"î€‡"},{"type":"pause","duration":10},{"type":"keyUp","value":"î€‡"}]}]}
COMMAND: POST /session/d2b61baf962823bd836e23b68c74a1fc/execute/async - {"script":"<script> [1562 bytes]","args":[{"selector":{"id":"application-managepartners-display-component---NewPartner--externalCustomerComboBox-application-managepartners-display-component---NewPartner--assignmentsTable-0-vhi"},"wdio_ui5_key":"applicationmanagepartners-display-component---NewPartner--externalCustomerComboBox-application-managepartners-display-component---NewPartner--assignmentsTable-0-vhi"}]}
COMMAND: GET /session/d2b61baf962823bd836e23b68c74a1fc/screenshot - {}
RESULT: {"script":"<script> [1562 bytes]","args":[{"selector":{"id":"application-managepartners-display-component---NewPartner--externalCustomerComboBox-application-managepartners-display-component---NewPartner--assignmentsTable-0-vhi"},"wdio_ui5_key":"applicationmanagepartners-display-component---NewPartner--externalCustomerComboBox-application-managepartners-display-component---NewPartner--assignmentsTable-0-vhi"}]}
RESULT: undefined
COMMAND: POST /session/d2b61baf962823bd836e23b68c74a1fc/element - {"using":"xpath","value":"//*[@id=\"application-managepartners-display-component---NewPartner--externalCustomerComboBox-application-managepartners-display-component---NewPartner--assignmentsTable-0-vhi\"]"}
RESULT: {}
RESULT: {"using":"xpath","value":"//*[@id=\"application-managepartners-display-component---NewPartner--externalCustomerComboBox-application-managepartners-display-component---NewPartner--assignmentsTable-0-vhi\"]"}
COMMAND: POST /session/d2b61baf962823bd836e23b68c74a1fc/element/f.EF0E81B17C62DBBEF55F8BAE4B803037.d.635AE86F12B5F127BA32045291922DA6.e.1566/click - {}
RESULT: {}
RESULT: undefined
COMMAND: POST /session/d2b61baf962823bd836e23b68c74a1fc/execute/async - {"script":"<script> [776 bytes]","args":[{"enterText":"300003","selector":{"controlType":"sap.m.SearchField","properties":{"placeholder":"Search"},"searchOpenDialogs":true,"interaction":{"idSuffix":"I"}},"clearTextFirst":true,"interactionType":"ENTER_TEXT"}]}
COMMAND: GET /session/d2b61baf962823bd836e23b68c74a1fc/screenshot - {}
RESULT: {"script":"<script> [776 bytes]","args":[{"enterText":"300003","selector":{"controlType":"sap.m.SearchField","properties":{"placeholder":"Search"},"searchOpenDialogs":true,"interaction":{"idSuffix":"I"}},"clearTextFirst":true,"interactionType":"ENTER_TEXT"}]}
COMMAND: POST /session/d2b61baf962823bd836e23b68c74a1fc/actions - {"actions":[{"id":"action4","type":"key","parameters":{},"actions":[{"type":"keyDown","value":"î€‡"},{"type":"pause","duration":10},{"type":"keyUp","value":"î€‡"}]}]}
RESULT: {}
RESULT: {"actions":[{"id":"action4","type":"key","parameters":{},"actions":[{"type":"keyDown","value":"î€‡"},{"type":"pause","duration":10},{"type":"keyUp","value":"î€‡"}]}]}
COMMAND: GET /session/d2b61baf962823bd836e23b68c74a1fc/screenshot - {}
RESULT: {}
COMMAND: POST /session/d2b61baf962823bd836e23b68c74a1fc/element - {"using":"xpath","value":"//span[contains(text(), \"300003\")]"}
RESULT: {"using":"xpath","value":"//span[contains(text(), \"300003\")]"}
COMMAND: POST /session/d2b61baf962823bd836e23b68c74a1fc/element/f.EF0E81B17C62DBBEF55F8BAE4B803037.d.635AE86F12B5F127BA32045291922DA6.e.1584/click - {}
RESULT: {}
COMMAND: GET /session/d2b61baf962823bd836e23b68c74a1fc/screenshot - {}
RESULT: {}
COMMAND: POST /session/d2b61baf962823bd836e23b68c74a1fc/element - {"using":"xpath","value":"//bdi[contains(text(), \"OK\")]"}
RESULT: {"using":"xpath","value":"//bdi[contains(text(), \"OK\")]"}
COMMAND: POST /session/d2b61baf962823bd836e23b68c74a1fc/element/f.EF0E81B17C62DBBEF55F8BAE4B803037.d.635AE86F12B5F127BA32045291922DA6.e.1586/click - {}
RESULT: {}
COMMAND: GET /session/d2b61baf962823bd836e23b68c74a1fc/screenshot - {}
RESULT: {}
COMMAND: POST /session/d2b61baf962823bd836e23b68c74a1fc/execute/async - {"script":"<script> [1562 bytes]","args":[{"selector":{"id":"application-managepartners-display-component---NewPartner--intercompVendorComboBox-application-managepartners-display-component---NewPartner--assignmentsTable-0-vhi"},"wdio_ui5_key":"applicationmanagepartners-display-component---NewPartner--intercompVendorComboBox-application-managepartners-display-component---NewPartner--assignmentsTable-0-vhi"}]}
RESULT: {"script":"<script> [1562 bytes]","args":[{"selector":{"id":"application-managepartners-display-component---NewPartner--intercompVendorComboBox-application-managepartners-display-component---NewPartner--assignmentsTable-0-vhi"},"wdio_ui5_key":"applicationmanagepartners-display-component---NewPartner--intercompVendorComboBox-application-managepartners-display-component---NewPartner--assignmentsTable-0-vhi"}]}
RESULT: undefined
COMMAND: POST /session/d2b61baf962823bd836e23b68c74a1fc/element - {"using":"xpath","value":"//*[@id=\"application-managepartners-display-component---NewPartner--intercompVendorComboBox-application-managepartners-display-component---NewPartner--assignmentsTable-0-vhi\"]"}
RESULT: {"using":"xpath","value":"//*[@id=\"application-managepartners-display-component---NewPartner--intercompVendorComboBox-application-managepartners-display-component---NewPartner--assignmentsTable-0-vhi\"]"}
COMMAND: POST /session/d2b61baf962823bd836e23b68c74a1fc/element/f.EF0E81B17C62DBBEF55F8BAE4B803037.d.635AE86F12B5F127BA32045291922DA6.e.1589/click - {}
RESULT: {}
RESULT: undefined
COMMAND: POST /session/d2b61baf962823bd836e23b68c74a1fc/execute/async - {"script":"<script> [776 bytes]","args":[{"enterText":"100005","selector":{"controlType":"sap.m.SearchField","properties":{"placeholder":"Search"},"searchOpenDialogs":true,"interaction":{"idSuffix":"I"}},"clearTextFirst":true,"interactionType":"ENTER_TEXT"}]}
COMMAND: GET /session/d2b61baf962823bd836e23b68c74a1fc/screenshot - {}
RESULT: {"script":"<script> [776 bytes]","args":[{"enterText":"100005","selector":{"controlType":"sap.m.SearchField","properties":{"placeholder":"Search"},"searchOpenDialogs":true,"interaction":{"idSuffix":"I"}},"clearTextFirst":true,"interactionType":"ENTER_TEXT"}]}
COMMAND: POST /session/d2b61baf962823bd836e23b68c74a1fc/actions - {"actions":[{"id":"action5","type":"key","parameters":{},"actions":[{"type":"keyDown","value":"î€‡"},{"type":"pause","duration":10},{"type":"keyUp","value":"î€‡"}]}]}
RESULT: {}
RESULT: {"actions":[{"id":"action5","type":"key","parameters":{},"actions":[{"type":"keyDown","value":"î€‡"},{"type":"pause","duration":10},{"type":"keyUp","value":"î€‡"}]}]}
COMMAND: GET /session/d2b61baf962823bd836e23b68c74a1fc/screenshot - {}
RESULT: {}
COMMAND: POST /session/d2b61baf962823bd836e23b68c74a1fc/element - {"using":"xpath","value":"//span[contains(text(), \"Penguins - Field/12345 Berlin\")]"}
RESULT: {"using":"xpath","value":"//span[contains(text(), \"Penguins - Field/12345 Berlin\")]"}
COMMAND: POST /session/d2b61baf962823bd836e23b68c74a1fc/element/f.EF0E81B17C62DBBEF55F8BAE4B803037.d.635AE86F12B5F127BA32045291922DA6.e.1608/click - {}
RESULT: {}
COMMAND: GET /session/d2b61baf962823bd836e23b68c74a1fc/screenshot - {}
RESULT: {}
COMMAND: POST /session/d2b61baf962823bd836e23b68c74a1fc/element - {"using":"xpath","value":"//bdi[contains(text(), \"OK\")]"}
RESULT: {"using":"xpath","value":"//bdi[contains(text(), \"OK\")]"}
COMMAND: POST /session/d2b61baf962823bd836e23b68c74a1fc/element/f.EF0E81B17C62DBBEF55F8BAE4B803037.d.635AE86F12B5F127BA32045291922DA6.e.1609/click - {}
RESULT: {}
COMMAND: GET /session/d2b61baf962823bd836e23b68c74a1fc/screenshot - {}
RESULT: {}
COMMAND: POST /session/d2b61baf962823bd836e23b68c74a1fc/element - {"using":"xpath","value":"//button[@data-kt=\"saveButton\"]"}
RESULT: {"using":"xpath","value":"//button[@data-kt=\"saveButton\"]"}
COMMAND: POST /session/d2b61baf962823bd836e23b68c74a1fc/element/f.EF0E81B17C62DBBEF55F8BAE4B803037.d.635AE86F12B5F127BA32045291922DA6.e.1455/click - {}
RESULT: {}
COMMAND: GET /session/d2b61baf962823bd836e23b68c74a1fc/screenshot - {}
RESULT: {}
COMMAND: POST /session/d2b61baf962823bd836e23b68c74a1fc/element - {"using":"xpath","value":"//header[contains(@id, 'ObjectPageLayout-headerTitle')]/div[1]/div[2]/div[2]/span[1]"}
RESULT: {"using":"xpath","value":"//header[contains(@id, 'ObjectPageLayout-headerTitle')]/div[1]/div[2]/div[2]/span[1]"}
COMMAND: POST /session/d2b61baf962823bd836e23b68c74a1fc/elements - {"using":"xpath","value":"//header[contains(@id, 'ObjectPageLayout-headerTitle')]/div[1]/div[2]/div[2]/span[1]"}
RESULT: {"using":"xpath","value":"//header[contains(@id, 'ObjectPageLayout-headerTitle')]/div[1]/div[2]/div[2]/span[1]"}
COMMAND: POST /session/d2b61baf962823bd836e23b68c74a1fc/execute/sync - {"script":"<script> [56 bytes]","args":[{"element-6066-11e4-a52e-4f735466cecf":"f.EF0E81B17C62DBBEF55F8BAE4B803037.d.635AE86F12B5F127BA32045291922DA6.e.1774","ELEMENT":"f.EF0E81B17C62DBBEF55F8BAE4B803037.d.635AE86F12B5F127BA32045291922DA6.e.1774"}]}
RESULT: {"script":"<script> [56 bytes]","args":[{"element-6066-11e4-a52e-4f735466cecf":"f.EF0E81B17C62DBBEF55F8BAE4B803037.d.635AE86F12B5F127BA32045291922DA6.e.1774","ELEMENT":"f.EF0E81B17C62DBBEF55F8BAE4B803037.d.635AE86F12B5F127BA32045291922DA6.e.1774"}]}
COMMAND: POST /session/d2b61baf962823bd836e23b68c74a1fc/element - {"using":"css selector","value":"#shell-header-logo"}
COMMAND: GET /session/d2b61baf962823bd836e23b68c74a1fc/screenshot - {}
RESULT: {"using":"css selector","value":"#shell-header-logo"}
COMMAND: POST /session/d2b61baf962823bd836e23b68c74a1fc/element/f.EF0E81B17C62DBBEF55F8BAE4B803037.d.635AE86F12B5F127BA32045291922DA6.e.999/click - {}
RESULT: {}
RESULT: {}
COMMAND: GET /session/d2b61baf962823bd836e23b68c74a1fc/screenshot - {}
RESULT: {}
COMMAND: POST /session/d2b61baf962823bd836e23b68c74a1fc/execute/sync - {"script":"<script> [299 bytes]","args":[["getModel","getResource"]]}
RESULT: {"script":"<script> [299 bytes]","args":[["getModel","getResource"]]}
]]></system-out>
    </testcase>
    <testcase classname="chrome.135_0_7049_115.windows.Prerequisites_&amp;_test_for_yard_mass_return_on_Yard_Overview_US131057" name="Prereq Should create a new site" time="173.81">
      <system-out><![CDATA[
COMMAND: GET /session/d2b61baf962823bd836e23b68c74a1fc/screenshot - {}
COMMAND: POST /session/d2b61baf962823bd836e23b68c74a1fc/execute/async - {"script":"<script> [1562 bytes]","args":[{"selector":{"controlType":"sap.m.TileContent","bindingPath":{"path":"","propertyPath":"/properties/info"},"ancestor":{"controlType":"sap.m.GenericTile","properties":{"header":"Manage Sites"}}},"wdio_ui5_key":"sapm.TileContent{\"path\":\"\",\"propertyPath\":\"/properties/info\"}{\"controlType\":\"sap.m.GenericTile\",\"properties\":{\"header\":\"Manage Sites\"}}"}]}
RESULT: {}
RESULT: {"script":"<script> [1562 bytes]","args":[{"selector":{"controlType":"sap.m.TileContent","bindingPath":{"path":"","propertyPath":"/properties/info"},"ancestor":{"controlType":"sap.m.GenericTile","properties":{"header":"Manage Sites"}}},"wdio_ui5_key":"sapm.TileContent{\"path\":\"\",\"propertyPath\":\"/properties/info\"}{\"controlType\":\"sap.m.GenericTile\",\"properties\":{\"header\":\"Manage Sites\"}}"}]}
RESULT: undefined
COMMAND: POST /session/d2b61baf962823bd836e23b68c74a1fc/element - {"using":"xpath","value":"//*[@id=\"__xmlview7--numericTileContent\"]"}
RESULT: {"using":"xpath","value":"//*[@id=\"__xmlview7--numericTileContent\"]"}
COMMAND: POST /session/d2b61baf962823bd836e23b68c74a1fc/element/f.EF0E81B17C62DBBEF55F8BAE4B803037.d.635AE86F12B5F127BA32045291922DA6.e.1776/click - {}
RESULT: {}
COMMAND: POST /session/d2b61baf962823bd836e23b68c74a1fc/element - {"using":"xpath","value":"//button[@data-kt=\"addOverflowToolbarButton\"]"}
COMMAND: GET /session/d2b61baf962823bd836e23b68c74a1fc/screenshot - {}
RESULT: {"using":"xpath","value":"//button[@data-kt=\"addOverflowToolbarButton\"]"}
COMMAND: POST /session/d2b61baf962823bd836e23b68c74a1fc/elements - {"using":"xpath","value":"//button[@data-kt=\"addOverflowToolbarButton\"]"}
RESULT: {}
RESULT: {"using":"xpath","value":"//button[@data-kt=\"addOverflowToolbarButton\"]"}
COMMAND: POST /session/d2b61baf962823bd836e23b68c74a1fc/elements - {"using":"xpath","value":"//button[@data-kt=\"addOverflowToolbarButton\"]"}
RESULT: {"using":"xpath","value":"//button[@data-kt=\"addOverflowToolbarButton\"]"}
COMMAND: POST /session/d2b61baf962823bd836e23b68c74a1fc/elements - {"using":"xpath","value":"//button[@data-kt=\"addOverflowToolbarButton\"]"}
RESULT: {"using":"xpath","value":"//button[@data-kt=\"addOverflowToolbarButton\"]"}
COMMAND: POST /session/d2b61baf962823bd836e23b68c74a1fc/elements - {"using":"xpath","value":"//button[@data-kt=\"addOverflowToolbarButton\"]"}
RESULT: {"using":"xpath","value":"//button[@data-kt=\"addOverflowToolbarButton\"]"}
COMMAND: POST /session/d2b61baf962823bd836e23b68c74a1fc/elements - {"using":"xpath","value":"//button[@data-kt=\"addOverflowToolbarButton\"]"}
RESULT: {"using":"xpath","value":"//button[@data-kt=\"addOverflowToolbarButton\"]"}
COMMAND: POST /session/d2b61baf962823bd836e23b68c74a1fc/element - {"using":"xpath","value":"//button[@data-kt=\"addOverflowToolbarButton\"]"}
RESULT: {"using":"xpath","value":"//button[@data-kt=\"addOverflowToolbarButton\"]"}
COMMAND: POST /session/d2b61baf962823bd836e23b68c74a1fc/execute/sync - {"script":"<script> [8489 bytes]","args":[{"element-6066-11e4-a52e-4f735466cecf":"f.EF0E81B17C62DBBEF55F8BAE4B803037.d.635AE86F12B5F127BA32045291922DA6.e.1822","ELEMENT":"f.EF0E81B17C62DBBEF55F8BAE4B803037.d.635AE86F12B5F127BA32045291922DA6.e.1822"}]}
RESULT: {"script":"<script> [8489 bytes]","args":[{"element-6066-11e4-a52e-4f735466cecf":"f.EF0E81B17C62DBBEF55F8BAE4B803037.d.635AE86F12B5F127BA32045291922DA6.e.1822","ELEMENT":"f.EF0E81B17C62DBBEF55F8BAE4B803037.d.635AE86F12B5F127BA32045291922DA6.e.1822"}]}
COMMAND: GET /session/d2b61baf962823bd836e23b68c74a1fc/element/f.EF0E81B17C62DBBEF55F8BAE4B803037.d.635AE86F12B5F127BA32045291922DA6.e.1822/enabled - {}
COMMAND: GET /session/d2b61baf962823bd836e23b68c74a1fc/screenshot - {}
RESULT: {}
COMMAND: POST /session/d2b61baf962823bd836e23b68c74a1fc/execute/sync - {"script":"<script> [8489 bytes]","args":[{"element-6066-11e4-a52e-4f735466cecf":"f.EF0E81B17C62DBBEF55F8BAE4B803037.d.635AE86F12B5F127BA32045291922DA6.e.1822","ELEMENT":"f.EF0E81B17C62DBBEF55F8BAE4B803037.d.635AE86F12B5F127BA32045291922DA6.e.1822"}]}
COMMAND: GET /session/d2b61baf962823bd836e23b68c74a1fc/screenshot - {}
RESULT: {}
RESULT: {"script":"<script> [8489 bytes]","args":[{"element-6066-11e4-a52e-4f735466cecf":"f.EF0E81B17C62DBBEF55F8BAE4B803037.d.635AE86F12B5F127BA32045291922DA6.e.1822","ELEMENT":"f.EF0E81B17C62DBBEF55F8BAE4B803037.d.635AE86F12B5F127BA32045291922DA6.e.1822"}]}
COMMAND: POST /session/d2b61baf962823bd836e23b68c74a1fc/execute/sync - {"script":"<script> [5351 bytes]","args":[{"element-6066-11e4-a52e-4f735466cecf":"f.EF0E81B17C62DBBEF55F8BAE4B803037.d.635AE86F12B5F127BA32045291922DA6.e.1822","ELEMENT":"f.EF0E81B17C62DBBEF55F8BAE4B803037.d.635AE86F12B5F127BA32045291922DA6.e.1822"}]}
COMMAND: GET /session/d2b61baf962823bd836e23b68c74a1fc/screenshot - {}
RESULT: {}
RESULT: {"script":"<script> [5351 bytes]","args":[{"element-6066-11e4-a52e-4f735466cecf":"f.EF0E81B17C62DBBEF55F8BAE4B803037.d.635AE86F12B5F127BA32045291922DA6.e.1822","ELEMENT":"f.EF0E81B17C62DBBEF55F8BAE4B803037.d.635AE86F12B5F127BA32045291922DA6.e.1822"}]}
COMMAND: POST /session/d2b61baf962823bd836e23b68c74a1fc/element/f.EF0E81B17C62DBBEF55F8BAE4B803037.d.635AE86F12B5F127BA32045291922DA6.e.1822/click - {}
COMMAND: GET /session/d2b61baf962823bd836e23b68c74a1fc/screenshot - {}
RESULT: {}
RESULT: {}
COMMAND: GET /session/d2b61baf962823bd836e23b68c74a1fc/screenshot - {}
COMMAND: POST /session/d2b61baf962823bd836e23b68c74a1fc/element - {"using":"xpath","value":"//input[@id=\"application-managesites-display-component---NewSite--siteId-inner\"]"}
RESULT: {}
RESULT: {}
RESULT: {"using":"xpath","value":"//input[@id=\"application-managesites-display-component---NewSite--siteId-inner\"]"}
COMMAND: POST /session/d2b61baf962823bd836e23b68c74a1fc/element - {"using":"xpath","value":"//input[@id=\"application-managesites-display-component---NewSite--siteId-inner\"]"}
RESULT: {"using":"xpath","value":"//input[@id=\"application-managesites-display-component---NewSite--siteId-inner\"]"}
COMMAND: POST /session/d2b61baf962823bd836e23b68c74a1fc/execute/async - {"script":"<script> [1562 bytes]","args":[{"selector":{"id":"application-managesites-display-component---NewSite--addressDetailDetailsName1","interaction":{"idSuffix":"inner"}},"wdio_ui5_key":"applicationmanagesites-display-component---NewSite--addressDetailDetailsName1"}]}
RESULT: {"script":"<script> [1562 bytes]","args":[{"selector":{"id":"application-managesites-display-component---NewSite--addressDetailDetailsName1","interaction":{"idSuffix":"inner"}},"wdio_ui5_key":"applicationmanagesites-display-component---NewSite--addressDetailDetailsName1"}]}
RESULT: undefined
COMMAND: POST /session/d2b61baf962823bd836e23b68c74a1fc/execute/async - {"script":"<script> [776 bytes]","args":[{"enterText":"Intracompany Site wdIO","selector":{"id":"application-managesites-display-component---NewSite--addressDetailDetailsName1","interaction":{"idSuffix":"inner"}},"clearTextFirst":true,"interactionType":"ENTER_TEXT"}]}
RESULT: {"script":"<script> [776 bytes]","args":[{"enterText":"Intracompany Site wdIO","selector":{"id":"application-managesites-display-component---NewSite--addressDetailDetailsName1","interaction":{"idSuffix":"inner"}},"clearTextFirst":true,"interactionType":"ENTER_TEXT"}]}
COMMAND: POST /session/d2b61baf962823bd836e23b68c74a1fc/execute/async - {"script":"<script> [1562 bytes]","args":[{"selector":{"id":"application-managesites-display-component---NewSite--addressDetailDetailsLanguage-arrow"},"wdio_ui5_key":"applicationmanagesites-display-component---NewSite--addressDetailDetailsLanguage-arrow"}]}
RESULT: {"script":"<script> [1562 bytes]","args":[{"selector":{"id":"application-managesites-display-component---NewSite--addressDetailDetailsLanguage-arrow"},"wdio_ui5_key":"applicationmanagesites-display-component---NewSite--addressDetailDetailsLanguage-arrow"}]}
RESULT: undefined
COMMAND: POST /session/d2b61baf962823bd836e23b68c74a1fc/element - {"using":"xpath","value":"//*[@id=\"application-managesites-display-component---NewSite--addressDetailDetailsLanguage-arrow\"]"}
RESULT: {"using":"xpath","value":"//*[@id=\"application-managesites-display-component---NewSite--addressDetailDetailsLanguage-arrow\"]"}
COMMAND: POST /session/d2b61baf962823bd836e23b68c74a1fc/element/f.EF0E81B17C62DBBEF55F8BAE4B803037.d.635AE86F12B5F127BA32045291922DA6.e.2226/click - {}
RESULT: {}
COMMAND: POST /session/d2b61baf962823bd836e23b68c74a1fc/element - {"using":"xpath","value":"//span[contains(text(), \"English\")]"}
COMMAND: GET /session/d2b61baf962823bd836e23b68c74a1fc/screenshot - {}
RESULT: {"using":"xpath","value":"//span[contains(text(), \"English\")]"}
COMMAND: POST /session/d2b61baf962823bd836e23b68c74a1fc/element/f.EF0E81B17C62DBBEF55F8BAE4B803037.d.635AE86F12B5F127BA32045291922DA6.e.2227/click - {}
RESULT: {}
RESULT: {}
COMMAND: POST /session/d2b61baf962823bd836e23b68c74a1fc/execute/async - {"script":"<script> [1562 bytes]","args":[{"selector":{"id":"application-managesites-display-component---NewSite--addressDetailDetailsCity1","interaction":{"idSuffix":"inner"}},"wdio_ui5_key":"applicationmanagesites-display-component---NewSite--addressDetailDetailsCity1"}]}
COMMAND: GET /session/d2b61baf962823bd836e23b68c74a1fc/screenshot - {}
RESULT: {"script":"<script> [1562 bytes]","args":[{"selector":{"id":"application-managesites-display-component---NewSite--addressDetailDetailsCity1","interaction":{"idSuffix":"inner"}},"wdio_ui5_key":"applicationmanagesites-display-component---NewSite--addressDetailDetailsCity1"}]}
RESULT: undefined
COMMAND: POST /session/d2b61baf962823bd836e23b68c74a1fc/execute/async - {"script":"<script> [776 bytes]","args":[{"enterText":"Rosario","selector":{"id":"application-managesites-display-component---NewSite--addressDetailDetailsCity1","interaction":{"idSuffix":"inner"}},"clearTextFirst":true,"interactionType":"ENTER_TEXT"}]}
RESULT: {}
RESULT: {"script":"<script> [776 bytes]","args":[{"enterText":"Rosario","selector":{"id":"application-managesites-display-component---NewSite--addressDetailDetailsCity1","interaction":{"idSuffix":"inner"}},"clearTextFirst":true,"interactionType":"ENTER_TEXT"}]}
COMMAND: POST /session/d2b61baf962823bd836e23b68c74a1fc/execute/async - {"script":"<script> [1562 bytes]","args":[{"selector":{"id":"application-managesites-display-component---NewSite--addressDetailDetailsCountry-arrow"},"wdio_ui5_key":"applicationmanagesites-display-component---NewSite--addressDetailDetailsCountry-arrow"}]}
RESULT: {"script":"<script> [1562 bytes]","args":[{"selector":{"id":"application-managesites-display-component---NewSite--addressDetailDetailsCountry-arrow"},"wdio_ui5_key":"applicationmanagesites-display-component---NewSite--addressDetailDetailsCountry-arrow"}]}
RESULT: undefined
COMMAND: POST /session/d2b61baf962823bd836e23b68c74a1fc/element - {"using":"xpath","value":"//*[@id=\"application-managesites-display-component---NewSite--addressDetailDetailsCountry-arrow\"]"}
RESULT: {"using":"xpath","value":"//*[@id=\"application-managesites-display-component---NewSite--addressDetailDetailsCountry-arrow\"]"}
COMMAND: POST /session/d2b61baf962823bd836e23b68c74a1fc/element/f.EF0E81B17C62DBBEF55F8BAE4B803037.d.635AE86F12B5F127BA32045291922DA6.e.2229/click - {}
RESULT: {}
COMMAND: POST /session/d2b61baf962823bd836e23b68c74a1fc/element - {"using":"xpath","value":"//span[contains(text(), \"Argentina\")]"}
COMMAND: GET /session/d2b61baf962823bd836e23b68c74a1fc/screenshot - {}
RESULT: {"using":"xpath","value":"//span[contains(text(), \"Argentina\")]"}
COMMAND: POST /session/d2b61baf962823bd836e23b68c74a1fc/element/f.EF0E81B17C62DBBEF55F8BAE4B803037.d.635AE86F12B5F127BA32045291922DA6.e.2230/click - {}
RESULT: {}
RESULT: {}
COMMAND: GET /session/d2b61baf962823bd836e23b68c74a1fc/screenshot - {}
RESULT: {}
COMMAND: POST /session/d2b61baf962823bd836e23b68c74a1fc/execute/async - {"script":"<script> [1562 bytes]","args":[{"selector":{"id":"application-managesites-display-component---NewSite--addressEditDetailsCostObjectCstType-arrow"},"wdio_ui5_key":"applicationmanagesites-display-component---NewSite--addressEditDetailsCostObjectCstType-arrow"}]}
RESULT: {"script":"<script> [1562 bytes]","args":[{"selector":{"id":"application-managesites-display-component---NewSite--addressEditDetailsCostObjectCstType-arrow"},"wdio_ui5_key":"applicationmanagesites-display-component---NewSite--addressEditDetailsCostObjectCstType-arrow"}]}
RESULT: undefined
COMMAND: POST /session/d2b61baf962823bd836e23b68c74a1fc/element - {"using":"xpath","value":"//*[@id=\"application-managesites-display-component---NewSite--addressEditDetailsCostObjectCstType-arrow\"]"}
RESULT: {"using":"xpath","value":"//*[@id=\"application-managesites-display-component---NewSite--addressEditDetailsCostObjectCstType-arrow\"]"}
COMMAND: POST /session/d2b61baf962823bd836e23b68c74a1fc/element/f.EF0E81B17C62DBBEF55F8BAE4B803037.d.635AE86F12B5F127BA32045291922DA6.e.2232/click - {}
RESULT: {}
COMMAND: POST /session/d2b61baf962823bd836e23b68c74a1fc/element - {"using":"xpath","value":"//span[contains(text(), \"Cost Center\")]"}
COMMAND: GET /session/d2b61baf962823bd836e23b68c74a1fc/screenshot - {}
RESULT: {"using":"xpath","value":"//span[contains(text(), \"Cost Center\")]"}
COMMAND: POST /session/d2b61baf962823bd836e23b68c74a1fc/element/f.EF0E81B17C62DBBEF55F8BAE4B803037.d.635AE86F12B5F127BA32045291922DA6.e.2233/click - {}
RESULT: {}
RESULT: {}
COMMAND: GET /session/d2b61baf962823bd836e23b68c74a1fc/screenshot - {}
RESULT: {}
COMMAND: POST /session/d2b61baf962823bd836e23b68c74a1fc/element - {"using":"xpath","value":"//span[@id=\"application-managesites-display-component---NewSite--addressNewCostObjectCstID-vhi\"]"}
RESULT: {"using":"xpath","value":"//span[@id=\"application-managesites-display-component---NewSite--addressNewCostObjectCstID-vhi\"]"}
COMMAND: POST /session/d2b61baf962823bd836e23b68c74a1fc/execute/sync - {"script":"<script> [8489 bytes]","args":[{"element-6066-11e4-a52e-4f735466cecf":"f.EF0E81B17C62DBBEF55F8BAE4B803037.d.635AE86F12B5F127BA32045291922DA6.e.2238","ELEMENT":"f.EF0E81B17C62DBBEF55F8BAE4B803037.d.635AE86F12B5F127BA32045291922DA6.e.2238"}]}
RESULT: {"script":"<script> [8489 bytes]","args":[{"element-6066-11e4-a52e-4f735466cecf":"f.EF0E81B17C62DBBEF55F8BAE4B803037.d.635AE86F12B5F127BA32045291922DA6.e.2238","ELEMENT":"f.EF0E81B17C62DBBEF55F8BAE4B803037.d.635AE86F12B5F127BA32045291922DA6.e.2238"}]}
COMMAND: POST /session/d2b61baf962823bd836e23b68c74a1fc/execute/async - {"script":"<script> [1562 bytes]","args":[{"selector":{"id":"application-managesites-display-component---NewSite--addressNewCostObjectCstID-vhi"},"wdio_ui5_key":"applicationmanagesites-display-component---NewSite--addressNewCostObjectCstID-vhi"}]}
COMMAND: GET /session/d2b61baf962823bd836e23b68c74a1fc/screenshot - {}
RESULT: {"script":"<script> [1562 bytes]","args":[{"selector":{"id":"application-managesites-display-component---NewSite--addressNewCostObjectCstID-vhi"},"wdio_ui5_key":"applicationmanagesites-display-component---NewSite--addressNewCostObjectCstID-vhi"}]}
RESULT: undefined
COMMAND: POST /session/d2b61baf962823bd836e23b68c74a1fc/element - {"using":"xpath","value":"//*[@id=\"application-managesites-display-component---NewSite--addressNewCostObjectCstID-vhi\"]"}
RESULT: {}
RESULT: {"using":"xpath","value":"//*[@id=\"application-managesites-display-component---NewSite--addressNewCostObjectCstID-vhi\"]"}
COMMAND: POST /session/d2b61baf962823bd836e23b68c74a1fc/element/f.EF0E81B17C62DBBEF55F8BAE4B803037.d.635AE86F12B5F127BA32045291922DA6.e.2238/click - {}
RESULT: {}
COMMAND: GET /session/d2b61baf962823bd836e23b68c74a1fc/screenshot - {}
RESULT: {}
RESULT: undefined
COMMAND: POST /session/d2b61baf962823bd836e23b68c74a1fc/execute/async - {"script":"<script> [776 bytes]","args":[{"enterText":"10001013","selector":{"controlType":"sap.m.SearchField","properties":{"placeholder":"Search"},"searchOpenDialogs":true,"interaction":{"idSuffix":"I"}},"clearTextFirst":true,"interactionType":"ENTER_TEXT"}]}
RESULT: {"script":"<script> [776 bytes]","args":[{"enterText":"10001013","selector":{"controlType":"sap.m.SearchField","properties":{"placeholder":"Search"},"searchOpenDialogs":true,"interaction":{"idSuffix":"I"}},"clearTextFirst":true,"interactionType":"ENTER_TEXT"}]}
COMMAND: POST /session/d2b61baf962823bd836e23b68c74a1fc/actions - {"actions":[{"id":"action6","type":"key","parameters":{},"actions":[{"type":"keyDown","value":"î€‡"},{"type":"pause","duration":10},{"type":"keyUp","value":"î€‡"}]}]}
RESULT: {"actions":[{"id":"action6","type":"key","parameters":{},"actions":[{"type":"keyDown","value":"î€‡"},{"type":"pause","duration":10},{"type":"keyUp","value":"î€‡"}]}]}
COMMAND: GET /session/d2b61baf962823bd836e23b68c74a1fc/screenshot - {}
RESULT: {}
COMMAND: POST /session/d2b61baf962823bd836e23b68c74a1fc/element - {"using":"xpath","value":"//span[contains(text(), \"General Management\")]"}
RESULT: {"using":"xpath","value":"//span[contains(text(), \"General Management\")]"}
COMMAND: POST /session/d2b61baf962823bd836e23b68c74a1fc/element/f.EF0E81B17C62DBBEF55F8BAE4B803037.d.635AE86F12B5F127BA32045291922DA6.e.2277/click - {}
RESULT: {}
COMMAND: GET /session/d2b61baf962823bd836e23b68c74a1fc/screenshot - {}
RESULT: {}
COMMAND: POST /session/d2b61baf962823bd836e23b68c74a1fc/element - {"using":"xpath","value":"//bdi[contains(text(), \"OK\")]"}
RESULT: {"using":"xpath","value":"//bdi[contains(text(), \"OK\")]"}
COMMAND: POST /session/d2b61baf962823bd836e23b68c74a1fc/element/f.EF0E81B17C62DBBEF55F8BAE4B803037.d.635AE86F12B5F127BA32045291922DA6.e.2278/click - {}
RESULT: {}
COMMAND: GET /session/d2b61baf962823bd836e23b68c74a1fc/screenshot - {}
RESULT: {}
COMMAND: POST /session/d2b61baf962823bd836e23b68c74a1fc/element - {"using":"xpath","value":"//input[@id=\"application-managesites-display-component---NewSite--addressDetailDetailsCalendar-inner\"]"}
RESULT: {"using":"xpath","value":"//input[@id=\"application-managesites-display-component---NewSite--addressDetailDetailsCalendar-inner\"]"}
COMMAND: POST /session/d2b61baf962823bd836e23b68c74a1fc/element/f.EF0E81B17C62DBBEF55F8BAE4B803037.d.635AE86F12B5F127BA32045291922DA6.e.2025/clear - {}
RESULT: {}
COMMAND: POST /session/d2b61baf962823bd836e23b68c74a1fc/element/f.EF0E81B17C62DBBEF55F8BAE4B803037.d.635AE86F12B5F127BA32045291922DA6.e.2025/value - {"text":"Unit"}
COMMAND: GET /session/d2b61baf962823bd836e23b68c74a1fc/screenshot - {}
RESULT: {"text":"Unit"}
COMMAND: GET /session/d2b61baf962823bd836e23b68c74a1fc/screenshot - {}
RESULT: {}
RESULT: {}
COMMAND: POST /session/d2b61baf962823bd836e23b68c74a1fc/actions - {"actions":[{"id":"action7","type":"key","parameters":{},"actions":[{"type":"keyDown","value":"î€‡"},{"type":"pause","duration":10},{"type":"keyUp","value":"î€‡"}]}]}
RESULT: {"actions":[{"id":"action7","type":"key","parameters":{},"actions":[{"type":"keyDown","value":"î€‡"},{"type":"pause","duration":10},{"type":"keyUp","value":"î€‡"}]}]}
COMMAND: POST /session/d2b61baf962823bd836e23b68c74a1fc/element - {"using":"xpath","value":"//input[@id=\"application-managesites-display-component---NewSite--addressDetailDetailsYard-inner\"]"}
COMMAND: GET /session/d2b61baf962823bd836e23b68c74a1fc/screenshot - {}
RESULT: {"using":"xpath","value":"//input[@id=\"application-managesites-display-component---NewSite--addressDetailDetailsYard-inner\"]"}
COMMAND: POST /session/d2b61baf962823bd836e23b68c74a1fc/element/f.EF0E81B17C62DBBEF55F8BAE4B803037.d.635AE86F12B5F127BA32045291922DA6.e.2026/clear - {}
RESULT: {}
RESULT: {}
COMMAND: POST /session/d2b61baf962823bd836e23b68c74a1fc/element/f.EF0E81B17C62DBBEF55F8BAE4B803037.d.635AE86F12B5F127BA32045291922DA6.e.2026/value - {"text":"665"}
COMMAND: GET /session/d2b61baf962823bd836e23b68c74a1fc/screenshot - {}
RESULT: {"text":"665"}
COMMAND: GET /session/d2b61baf962823bd836e23b68c74a1fc/screenshot - {}
RESULT: {}
RESULT: {}
COMMAND: POST /session/d2b61baf962823bd836e23b68c74a1fc/element - {"using":"xpath","value":"//li[.//span[text()='665']]"}
RESULT: {"using":"xpath","value":"//li[.//span[text()='665']]"}
COMMAND: POST /session/d2b61baf962823bd836e23b68c74a1fc/element/f.EF0E81B17C62DBBEF55F8BAE4B803037.d.635AE86F12B5F127BA32045291922DA6.e.2286/click - {}
RESULT: {}
COMMAND: GET /session/d2b61baf962823bd836e23b68c74a1fc/screenshot - {}
RESULT: {}
COMMAND: POST /session/d2b61baf962823bd836e23b68c74a1fc/element - {"using":"xpath","value":"//input[@id=\"application-managesites-display-component---NewSite--addressDetailDetailsPartner-inner\"]"}
RESULT: {"using":"xpath","value":"//input[@id=\"application-managesites-display-component---NewSite--addressDetailDetailsPartner-inner\"]"}
COMMAND: POST /session/d2b61baf962823bd836e23b68c74a1fc/element - {"using":"xpath","value":"//input[@id=\"application-managesites-display-component---NewSite--addressDetailDetailsPartner-inner\"]"}
RESULT: {"using":"xpath","value":"//input[@id=\"application-managesites-display-component---NewSite--addressDetailDetailsPartner-inner\"]"}
COMMAND: POST /session/d2b61baf962823bd836e23b68c74a1fc/element - {"using":"xpath","value":"//button[@data-kt=\"saveButton\"]"}
RESULT: {"using":"xpath","value":"//button[@data-kt=\"saveButton\"]"}
COMMAND: POST /session/d2b61baf962823bd836e23b68c74a1fc/element/f.EF0E81B17C62DBBEF55F8BAE4B803037.d.635AE86F12B5F127BA32045291922DA6.e.2219/click - {}
RESULT: {}
COMMAND: GET /session/d2b61baf962823bd836e23b68c74a1fc/screenshot - {}
COMMAND: POST /session/d2b61baf962823bd836e23b68c74a1fc/element - {"using":"xpath","value":"//header[contains(@id, 'ObjectPageLayout-headerTitle')]/div[1]/div[2]/div[2]/span[1]"}
RESULT: {}
RESULT: {"using":"xpath","value":"//header[contains(@id, 'ObjectPageLayout-headerTitle')]/div[1]/div[2]/div[2]/span[1]"}
COMMAND: POST /session/d2b61baf962823bd836e23b68c74a1fc/elements - {"using":"xpath","value":"//header[contains(@id, 'ObjectPageLayout-headerTitle')]/div[1]/div[2]/div[2]/span[1]"}
RESULT: {"using":"xpath","value":"//header[contains(@id, 'ObjectPageLayout-headerTitle')]/div[1]/div[2]/div[2]/span[1]"}
COMMAND: POST /session/d2b61baf962823bd836e23b68c74a1fc/execute/sync - {"script":"<script> [56 bytes]","args":[{"element-6066-11e4-a52e-4f735466cecf":"f.EF0E81B17C62DBBEF55F8BAE4B803037.d.635AE86F12B5F127BA32045291922DA6.e.2484","ELEMENT":"f.EF0E81B17C62DBBEF55F8BAE4B803037.d.635AE86F12B5F127BA32045291922DA6.e.2484"}]}
RESULT: {"script":"<script> [56 bytes]","args":[{"element-6066-11e4-a52e-4f735466cecf":"f.EF0E81B17C62DBBEF55F8BAE4B803037.d.635AE86F12B5F127BA32045291922DA6.e.2484","ELEMENT":"f.EF0E81B17C62DBBEF55F8BAE4B803037.d.635AE86F12B5F127BA32045291922DA6.e.2484"}]}
COMMAND: POST /session/d2b61baf962823bd836e23b68c74a1fc/element - {"using":"css selector","value":"#shell-header-logo"}
COMMAND: GET /session/d2b61baf962823bd836e23b68c74a1fc/screenshot - {}
RESULT: {"using":"css selector","value":"#shell-header-logo"}
COMMAND: POST /session/d2b61baf962823bd836e23b68c74a1fc/element/f.EF0E81B17C62DBBEF55F8BAE4B803037.d.635AE86F12B5F127BA32045291922DA6.e.1780/click - {}
RESULT: {}
RESULT: {}
COMMAND: GET /session/d2b61baf962823bd836e23b68c74a1fc/screenshot - {}
RESULT: {}
COMMAND: POST /session/d2b61baf962823bd836e23b68c74a1fc/execute/sync - {"script":"<script> [299 bytes]","args":[["getModel","getResource"]]}
RESULT: {"script":"<script> [299 bytes]","args":[["getModel","getResource"]]}
COMMAND: POST /session/d2b61baf962823bd836e23b68c74a1fc/actions - {"actions":[{"id":"action8","type":"key","parameters":{},"actions":[{"type":"keyDown","value":"î€‡"},{"type":"pause","duration":10},{"type":"keyUp","value":"î€‡"}]}]}
COMMAND: GET /session/d2b61baf962823bd836e23b68c74a1fc/screenshot - {}
RESULT: {"actions":[{"id":"action8","type":"key","parameters":{},"actions":[{"type":"keyDown","value":"î€‡"},{"type":"pause","duration":10},{"type":"keyUp","value":"î€‡"}]}]}
COMMAND: GET /session/d2b61baf962823bd836e23b68c74a1fc/screenshot - {}
RESULT: {}
RESULT: {}
COMMAND: POST /session/d2b61baf962823bd836e23b68c74a1fc/refresh - {}
RESULT: {}
COMMAND: GET /session/d2b61baf962823bd836e23b68c74a1fc/screenshot - {}
RESULT: {}
COMMAND: POST /session/d2b61baf962823bd836e23b68c74a1fc/refresh - {}
RESULT: {}
COMMAND: GET /session/d2b61baf962823bd836e23b68c74a1fc/screenshot - {}
RESULT: {}
COMMAND: POST /session/d2b61baf962823bd836e23b68c74a1fc/window/fullscreen - {}
RESULT: {}
COMMAND: POST /session/d2b61baf962823bd836e23b68c74a1fc/execute/async - {"script":"<script> [189 bytes]","args":[]}
RESULT: {"script":"<script> [189 bytes]","args":[]}
COMMAND: POST /session/d2b61baf962823bd836e23b68c74a1fc/execute/async - {"script":"<script> [123 bytes]","args":[]}
RESULT: {"script":"<script> [123 bytes]","args":[]}
COMMAND: POST /session/d2b61baf962823bd836e23b68c74a1fc/timeouts - {"script":"<number>"}
RESULT: {"script":"<number>"}
COMMAND: GET /session/d2b61baf962823bd836e23b68c74a1fc/timeouts - {}
RESULT: {}
RESULT: undefined
COMMAND: POST /session/d2b61baf962823bd836e23b68c74a1fc/execute/async - {"script":"<script> [2676 bytes]","args":[]}
RESULT: {"script":"<script> [2676 bytes]","args":[]}
COMMAND: POST /session/d2b61baf962823bd836e23b68c74a1fc/execute/async - {"script":"<script> [2342 bytes]","args":[{"protocol":"http","hostname":"0.0.0.0","path":"/","capabilities":{"browserName":"chrome","goog:chromeOptions":{"binary":"C:\\Program Files\\Google\\Chrome\\Application\\chrome.exe","args":["--start-maximized"]}},"logLevel":"warn","connectionRetryTimeout":120000,"connectionRetryCount":3,"logLevels":{},"enableDirectConnect":true,"strictSSL":true,"_":"65 more keys: [\"cacheDir\",\"port\",\"requestedCapabilities\",\"automationProtocol\",\"baseUrl\",\"waitforInterval\",\"waitforTimeout\",\"onReload\",\"beforeCommand\",\"afterCommand\",\"rootDir\",\"specs\",\"suites\",\"exclude\",\"groupLogsByTestSpec\",\"excludeDriverLogs\",\"bail\",\"framework\",\"reporters\",\"services\",\"maxInstances\",\"maxInstancesPerCapability\",\"injectGlobals\",\"filesToWatch\",\"execArgv\",\"runnerEnv\",\"runner\",\"shard\",\"specFileRetries\",\"specFileRetriesDelay\",\"specFileRetriesDeferred\",\"reporterSyncInterval\",\"reporterSyncTimeout\",\"cucumberFeaturesWithLineNumbers\",\"autoCompileOpts\",\"mochaOpts\",\"jasmineOpts\",\"cucumberOpts\",\"onPrepare\",\"onWorkerStart\",\"onWorkerEnd\",\"before\",\"beforeSession\",\"beforeSuite\",\"beforeHook\",\"beforeTest\",\"afterTest\",\"afterHook\",\"afterSuite\",\"afterSession\",\"after\",\"onComplete\",\"beforeAssertion\",\"afterAssertion\",\"beforeFeature\",\"beforeScenario\",\"beforeStep\",\"afterStep\",\"afterScenario\",\"afterFeature\",\"_\",\"suite\",\"$0\",\"ignoredWorkerServices\",\"wdi5\"]"}]}
RESULT: {"script":"<script> [2342 bytes]","args":[{"protocol":"http","hostname":"0.0.0.0","path":"/","capabilities":{"browserName":"chrome","goog:chromeOptions":{"binary":"C:\\Program Files\\Google\\Chrome\\Application\\chrome.exe","args":["--start-maximized"]}},"logLevel":"warn","connectionRetryTimeout":120000,"connectionRetryCount":3,"logLevels":{},"enableDirectConnect":true,"strictSSL":true,"_":"65 more keys: [\"cacheDir\",\"port\",\"requestedCapabilities\",\"automationProtocol\",\"baseUrl\",\"waitforInterval\",\"waitforTimeout\",\"onReload\",\"beforeCommand\",\"afterCommand\",\"rootDir\",\"specs\",\"suites\",\"exclude\",\"groupLogsByTestSpec\",\"excludeDriverLogs\",\"bail\",\"framework\",\"reporters\",\"services\",\"maxInstances\",\"maxInstancesPerCapability\",\"injectGlobals\",\"filesToWatch\",\"execArgv\",\"runnerEnv\",\"runner\",\"shard\",\"specFileRetries\",\"specFileRetriesDelay\",\"specFileRetriesDeferred\",\"reporterSyncInterval\",\"reporterSyncTimeout\",\"cucumberFeaturesWithLineNumbers\",\"autoCompileOpts\",\"mochaOpts\",\"jasmineOpts\",\"cucumberOpts\",\"onPrepare\",\"onWorkerStart\",\"onWorkerEnd\",\"before\",\"beforeSession\",\"beforeSuite\",\"beforeHook\",\"beforeTest\",\"afterTest\",\"afterHook\",\"afterSuite\",\"afterSession\",\"after\",\"onComplete\",\"beforeAssertion\",\"afterAssertion\",\"beforeFeature\",\"beforeScenario\",\"beforeStep\",\"afterStep\",\"afterScenario\",\"afterFeature\",\"_\",\"suite\",\"$0\",\"ignoredWorkerServices\",\"wdi5\"]"}]}
COMMAND: POST /session/d2b61baf962823bd836e23b68c74a1fc/execute/async - {"script":"<script> [21126 bytes]","args":[35000]}
RESULT: {"script":"<script> [21126 bytes]","args":[35000]}
COMMAND: POST /session/d2b61baf962823bd836e23b68c74a1fc/window/fullscreen - {}
RESULT: {}
]]></system-out>
    </testcase>
    <testcase classname="chrome.135_0_7049_115.windows.Prerequisites_&amp;_test_for_yard_mass_return_on_Yard_Overview_US131057" name="Prereq Should create a new material" time="130.569">
      <system-out><![CDATA[
COMMAND: POST /session/d2b61baf962823bd836e23b68c74a1fc/execute/async - {"script":"<script> [1562 bytes]","args":[{"selector":{"controlType":"sap.m.GenericTile","properties":{"header":"Manage Resources"}},"wdio_ui5_key":"sapm.GenericTile{\"header\":\"Manage Resources\"}"}]}
RESULT: {"script":"<script> [1562 bytes]","args":[{"selector":{"controlType":"sap.m.GenericTile","properties":{"header":"Manage Resources"}},"wdio_ui5_key":"sapm.GenericTile{\"header\":\"Manage Resources\"}"}]}
RESULT: undefined
COMMAND: POST /session/d2b61baf962823bd836e23b68c74a1fc/element - {"using":"xpath","value":"//*[@id=\"__tile31\"]"}
RESULT: {"using":"xpath","value":"//*[@id=\"__tile31\"]"}
COMMAND: POST /session/d2b61baf962823bd836e23b68c74a1fc/element/f.EF0E81B17C62DBBEF55F8BAE4B803037.d.B5203B68C044A31CCB982F15103AFE7C.e.2632/click - {}
RESULT: {}
COMMAND: POST /session/d2b61baf962823bd836e23b68c74a1fc/element - {"using":"xpath","value":"//button[@data-kt=\"addNewRUOverflowToolbarButton\"]"}
COMMAND: GET /session/d2b61baf962823bd836e23b68c74a1fc/screenshot - {}
RESULT: {"using":"xpath","value":"//button[@data-kt=\"addNewRUOverflowToolbarButton\"]"}
COMMAND: POST /session/d2b61baf962823bd836e23b68c74a1fc/elements - {"using":"xpath","value":"//button[@data-kt=\"addNewRUOverflowToolbarButton\"]"}
RESULT: {}
RESULT: {"using":"xpath","value":"//button[@data-kt=\"addNewRUOverflowToolbarButton\"]"}
COMMAND: POST /session/d2b61baf962823bd836e23b68c74a1fc/elements - {"using":"xpath","value":"//button[@data-kt=\"addNewRUOverflowToolbarButton\"]"}
RESULT: {"using":"xpath","value":"//button[@data-kt=\"addNewRUOverflowToolbarButton\"]"}
COMMAND: POST /session/d2b61baf962823bd836e23b68c74a1fc/elements - {"using":"xpath","value":"//button[@data-kt=\"addNewRUOverflowToolbarButton\"]"}
RESULT: {"using":"xpath","value":"//button[@data-kt=\"addNewRUOverflowToolbarButton\"]"}
COMMAND: POST /session/d2b61baf962823bd836e23b68c74a1fc/elements - {"using":"xpath","value":"//button[@data-kt=\"addNewRUOverflowToolbarButton\"]"}
RESULT: {"using":"xpath","value":"//button[@data-kt=\"addNewRUOverflowToolbarButton\"]"}
COMMAND: POST /session/d2b61baf962823bd836e23b68c74a1fc/elements - {"using":"xpath","value":"//button[@data-kt=\"addNewRUOverflowToolbarButton\"]"}
RESULT: {"using":"xpath","value":"//button[@data-kt=\"addNewRUOverflowToolbarButton\"]"}
COMMAND: POST /session/d2b61baf962823bd836e23b68c74a1fc/elements - {"using":"xpath","value":"//button[@data-kt=\"addNewRUOverflowToolbarButton\"]"}
RESULT: {"using":"xpath","value":"//button[@data-kt=\"addNewRUOverflowToolbarButton\"]"}
COMMAND: POST /session/d2b61baf962823bd836e23b68c74a1fc/elements - {"using":"xpath","value":"//button[@data-kt=\"addNewRUOverflowToolbarButton\"]"}
RESULT: {"using":"xpath","value":"//button[@data-kt=\"addNewRUOverflowToolbarButton\"]"}
COMMAND: POST /session/d2b61baf962823bd836e23b68c74a1fc/elements - {"using":"xpath","value":"//button[@data-kt=\"addNewRUOverflowToolbarButton\"]"}
RESULT: {"using":"xpath","value":"//button[@data-kt=\"addNewRUOverflowToolbarButton\"]"}
COMMAND: POST /session/d2b61baf962823bd836e23b68c74a1fc/elements - {"using":"xpath","value":"//button[@data-kt=\"addNewRUOverflowToolbarButton\"]"}
RESULT: {"using":"xpath","value":"//button[@data-kt=\"addNewRUOverflowToolbarButton\"]"}
COMMAND: POST /session/d2b61baf962823bd836e23b68c74a1fc/elements - {"using":"xpath","value":"//button[@data-kt=\"addNewRUOverflowToolbarButton\"]"}
RESULT: {"using":"xpath","value":"//button[@data-kt=\"addNewRUOverflowToolbarButton\"]"}
COMMAND: POST /session/d2b61baf962823bd836e23b68c74a1fc/elements - {"using":"xpath","value":"//button[@data-kt=\"addNewRUOverflowToolbarButton\"]"}
RESULT: {"using":"xpath","value":"//button[@data-kt=\"addNewRUOverflowToolbarButton\"]"}
COMMAND: POST /session/d2b61baf962823bd836e23b68c74a1fc/elements - {"using":"xpath","value":"//button[@data-kt=\"addNewRUOverflowToolbarButton\"]"}
RESULT: {"using":"xpath","value":"//button[@data-kt=\"addNewRUOverflowToolbarButton\"]"}
COMMAND: POST /session/d2b61baf962823bd836e23b68c74a1fc/elements - {"using":"xpath","value":"//button[@data-kt=\"addNewRUOverflowToolbarButton\"]"}
RESULT: {"using":"xpath","value":"//button[@data-kt=\"addNewRUOverflowToolbarButton\"]"}
COMMAND: POST /session/d2b61baf962823bd836e23b68c74a1fc/elements - {"using":"xpath","value":"//button[@data-kt=\"addNewRUOverflowToolbarButton\"]"}
RESULT: {"using":"xpath","value":"//button[@data-kt=\"addNewRUOverflowToolbarButton\"]"}
COMMAND: POST /session/d2b61baf962823bd836e23b68c74a1fc/elements - {"using":"xpath","value":"//button[@data-kt=\"addNewRUOverflowToolbarButton\"]"}
RESULT: {"using":"xpath","value":"//button[@data-kt=\"addNewRUOverflowToolbarButton\"]"}
COMMAND: POST /session/d2b61baf962823bd836e23b68c74a1fc/elements - {"using":"xpath","value":"//button[@data-kt=\"addNewRUOverflowToolbarButton\"]"}
RESULT: {"using":"xpath","value":"//button[@data-kt=\"addNewRUOverflowToolbarButton\"]"}
COMMAND: POST /session/d2b61baf962823bd836e23b68c74a1fc/elements - {"using":"xpath","value":"//button[@data-kt=\"addNewRUOverflowToolbarButton\"]"}
RESULT: {"using":"xpath","value":"//button[@data-kt=\"addNewRUOverflowToolbarButton\"]"}
COMMAND: POST /session/d2b61baf962823bd836e23b68c74a1fc/elements - {"using":"xpath","value":"//button[@data-kt=\"addNewRUOverflowToolbarButton\"]"}
RESULT: {"using":"xpath","value":"//button[@data-kt=\"addNewRUOverflowToolbarButton\"]"}
COMMAND: POST /session/d2b61baf962823bd836e23b68c74a1fc/elements - {"using":"xpath","value":"//button[@data-kt=\"addNewRUOverflowToolbarButton\"]"}
RESULT: {"using":"xpath","value":"//button[@data-kt=\"addNewRUOverflowToolbarButton\"]"}
COMMAND: POST /session/d2b61baf962823bd836e23b68c74a1fc/elements - {"using":"xpath","value":"//button[@data-kt=\"addNewRUOverflowToolbarButton\"]"}
RESULT: {"using":"xpath","value":"//button[@data-kt=\"addNewRUOverflowToolbarButton\"]"}
COMMAND: POST /session/d2b61baf962823bd836e23b68c74a1fc/elements - {"using":"xpath","value":"//button[@data-kt=\"addNewRUOverflowToolbarButton\"]"}
RESULT: {"using":"xpath","value":"//button[@data-kt=\"addNewRUOverflowToolbarButton\"]"}
COMMAND: POST /session/d2b61baf962823bd836e23b68c74a1fc/elements - {"using":"xpath","value":"//button[@data-kt=\"addNewRUOverflowToolbarButton\"]"}
RESULT: {"using":"xpath","value":"//button[@data-kt=\"addNewRUOverflowToolbarButton\"]"}
COMMAND: POST /session/d2b61baf962823bd836e23b68c74a1fc/elements - {"using":"xpath","value":"//button[@data-kt=\"addNewRUOverflowToolbarButton\"]"}
RESULT: {"using":"xpath","value":"//button[@data-kt=\"addNewRUOverflowToolbarButton\"]"}
COMMAND: POST /session/d2b61baf962823bd836e23b68c74a1fc/elements - {"using":"xpath","value":"//button[@data-kt=\"addNewRUOverflowToolbarButton\"]"}
RESULT: {"using":"xpath","value":"//button[@data-kt=\"addNewRUOverflowToolbarButton\"]"}
COMMAND: POST /session/d2b61baf962823bd836e23b68c74a1fc/elements - {"using":"xpath","value":"//button[@data-kt=\"addNewRUOverflowToolbarButton\"]"}
RESULT: {"using":"xpath","value":"//button[@data-kt=\"addNewRUOverflowToolbarButton\"]"}
COMMAND: POST /session/d2b61baf962823bd836e23b68c74a1fc/elements - {"using":"xpath","value":"//button[@data-kt=\"addNewRUOverflowToolbarButton\"]"}
RESULT: {"using":"xpath","value":"//button[@data-kt=\"addNewRUOverflowToolbarButton\"]"}
COMMAND: POST /session/d2b61baf962823bd836e23b68c74a1fc/elements - {"using":"xpath","value":"//button[@data-kt=\"addNewRUOverflowToolbarButton\"]"}
RESULT: {"using":"xpath","value":"//button[@data-kt=\"addNewRUOverflowToolbarButton\"]"}
COMMAND: POST /session/d2b61baf962823bd836e23b68c74a1fc/elements - {"using":"xpath","value":"//button[@data-kt=\"addNewRUOverflowToolbarButton\"]"}
RESULT: {"using":"xpath","value":"//button[@data-kt=\"addNewRUOverflowToolbarButton\"]"}
COMMAND: POST /session/d2b61baf962823bd836e23b68c74a1fc/elements - {"using":"xpath","value":"//button[@data-kt=\"addNewRUOverflowToolbarButton\"]"}
RESULT: {"using":"xpath","value":"//button[@data-kt=\"addNewRUOverflowToolbarButton\"]"}
COMMAND: POST /session/d2b61baf962823bd836e23b68c74a1fc/elements - {"using":"xpath","value":"//button[@data-kt=\"addNewRUOverflowToolbarButton\"]"}
RESULT: {"using":"xpath","value":"//button[@data-kt=\"addNewRUOverflowToolbarButton\"]"}
COMMAND: POST /session/d2b61baf962823bd836e23b68c74a1fc/elements - {"using":"xpath","value":"//button[@data-kt=\"addNewRUOverflowToolbarButton\"]"}
RESULT: {"using":"xpath","value":"//button[@data-kt=\"addNewRUOverflowToolbarButton\"]"}
COMMAND: POST /session/d2b61baf962823bd836e23b68c74a1fc/elements - {"using":"xpath","value":"//button[@data-kt=\"addNewRUOverflowToolbarButton\"]"}
RESULT: {"using":"xpath","value":"//button[@data-kt=\"addNewRUOverflowToolbarButton\"]"}
COMMAND: POST /session/d2b61baf962823bd836e23b68c74a1fc/elements - {"using":"xpath","value":"//button[@data-kt=\"addNewRUOverflowToolbarButton\"]"}
RESULT: {"using":"xpath","value":"//button[@data-kt=\"addNewRUOverflowToolbarButton\"]"}
COMMAND: POST /session/d2b61baf962823bd836e23b68c74a1fc/elements - {"using":"xpath","value":"//button[@data-kt=\"addNewRUOverflowToolbarButton\"]"}
RESULT: {"using":"xpath","value":"//button[@data-kt=\"addNewRUOverflowToolbarButton\"]"}
COMMAND: POST /session/d2b61baf962823bd836e23b68c74a1fc/elements - {"using":"xpath","value":"//button[@data-kt=\"addNewRUOverflowToolbarButton\"]"}
RESULT: {"using":"xpath","value":"//button[@data-kt=\"addNewRUOverflowToolbarButton\"]"}
COMMAND: POST /session/d2b61baf962823bd836e23b68c74a1fc/elements - {"using":"xpath","value":"//button[@data-kt=\"addNewRUOverflowToolbarButton\"]"}
RESULT: {"using":"xpath","value":"//button[@data-kt=\"addNewRUOverflowToolbarButton\"]"}
COMMAND: POST /session/d2b61baf962823bd836e23b68c74a1fc/element - {"using":"xpath","value":"//button[@data-kt=\"addNewRUOverflowToolbarButton\"]"}
RESULT: {"using":"xpath","value":"//button[@data-kt=\"addNewRUOverflowToolbarButton\"]"}
COMMAND: POST /session/d2b61baf962823bd836e23b68c74a1fc/execute/sync - {"script":"<script> [8489 bytes]","args":[{"element-6066-11e4-a52e-4f735466cecf":"f.EF0E81B17C62DBBEF55F8BAE4B803037.d.B5203B68C044A31CCB982F15103AFE7C.e.2752","ELEMENT":"f.EF0E81B17C62DBBEF55F8BAE4B803037.d.B5203B68C044A31CCB982F15103AFE7C.e.2752"}]}
RESULT: {"script":"<script> [8489 bytes]","args":[{"element-6066-11e4-a52e-4f735466cecf":"f.EF0E81B17C62DBBEF55F8BAE4B803037.d.B5203B68C044A31CCB982F15103AFE7C.e.2752","ELEMENT":"f.EF0E81B17C62DBBEF55F8BAE4B803037.d.B5203B68C044A31CCB982F15103AFE7C.e.2752"}]}
COMMAND: GET /session/d2b61baf962823bd836e23b68c74a1fc/element/f.EF0E81B17C62DBBEF55F8BAE4B803037.d.B5203B68C044A31CCB982F15103AFE7C.e.2752/enabled - {}
COMMAND: GET /session/d2b61baf962823bd836e23b68c74a1fc/screenshot - {}
RESULT: {}
COMMAND: POST /session/d2b61baf962823bd836e23b68c74a1fc/execute/sync - {"script":"<script> [8489 bytes]","args":[{"element-6066-11e4-a52e-4f735466cecf":"f.EF0E81B17C62DBBEF55F8BAE4B803037.d.B5203B68C044A31CCB982F15103AFE7C.e.2752","ELEMENT":"f.EF0E81B17C62DBBEF55F8BAE4B803037.d.B5203B68C044A31CCB982F15103AFE7C.e.2752"}]}
COMMAND: GET /session/d2b61baf962823bd836e23b68c74a1fc/screenshot - {}
RESULT: {}
RESULT: {"script":"<script> [8489 bytes]","args":[{"element-6066-11e4-a52e-4f735466cecf":"f.EF0E81B17C62DBBEF55F8BAE4B803037.d.B5203B68C044A31CCB982F15103AFE7C.e.2752","ELEMENT":"f.EF0E81B17C62DBBEF55F8BAE4B803037.d.B5203B68C044A31CCB982F15103AFE7C.e.2752"}]}
COMMAND: POST /session/d2b61baf962823bd836e23b68c74a1fc/execute/sync - {"script":"<script> [5351 bytes]","args":[{"element-6066-11e4-a52e-4f735466cecf":"f.EF0E81B17C62DBBEF55F8BAE4B803037.d.B5203B68C044A31CCB982F15103AFE7C.e.2752","ELEMENT":"f.EF0E81B17C62DBBEF55F8BAE4B803037.d.B5203B68C044A31CCB982F15103AFE7C.e.2752"}]}
RESULT: {}
RESULT: {"script":"<script> [5351 bytes]","args":[{"element-6066-11e4-a52e-4f735466cecf":"f.EF0E81B17C62DBBEF55F8BAE4B803037.d.B5203B68C044A31CCB982F15103AFE7C.e.2752","ELEMENT":"f.EF0E81B17C62DBBEF55F8BAE4B803037.d.B5203B68C044A31CCB982F15103AFE7C.e.2752"}]}
COMMAND: POST /session/d2b61baf962823bd836e23b68c74a1fc/element/f.EF0E81B17C62DBBEF55F8BAE4B803037.d.B5203B68C044A31CCB982F15103AFE7C.e.2752/click - {}
RESULT: {}
COMMAND: GET /session/d2b61baf962823bd836e23b68c74a1fc/screenshot - {}
COMMAND: GET /session/d2b61baf962823bd836e23b68c74a1fc/screenshot - {}
COMMAND: GET /session/d2b61baf962823bd836e23b68c74a1fc/screenshot - {}
COMMAND: POST /session/d2b61baf962823bd836e23b68c74a1fc/execute/async - {"script":"<script> [1562 bytes]","args":[{"selector":{"id":"application-manageresources-display-component---newResourceUnit--TYPE-arrow"},"wdio_ui5_key":"applicationmanageresources-display-component---newResourceUnit--TYPE-arrow"}]}
RESULT: {}
RESULT: {}
RESULT: {}
RESULT: {"script":"<script> [1562 bytes]","args":[{"selector":{"id":"application-manageresources-display-component---newResourceUnit--TYPE-arrow"},"wdio_ui5_key":"applicationmanageresources-display-component---newResourceUnit--TYPE-arrow"}]}
RESULT: undefined
COMMAND: POST /session/d2b61baf962823bd836e23b68c74a1fc/element - {"using":"xpath","value":"//*[@id=\"application-manageresources-display-component---newResourceUnit--TYPE-arrow\"]"}
RESULT: {"using":"xpath","value":"//*[@id=\"application-manageresources-display-component---newResourceUnit--TYPE-arrow\"]"}
COMMAND: POST /session/d2b61baf962823bd836e23b68c74a1fc/element/f.EF0E81B17C62DBBEF55F8BAE4B803037.d.B5203B68C044A31CCB982F15103AFE7C.e.3097/click - {}
RESULT: {}
COMMAND: POST /session/d2b61baf962823bd836e23b68c74a1fc/element - {"using":"xpath","value":"//input[@id=\"application-manageresources-display-component---newResourceUnit--TYPE-inner\"]"}
COMMAND: GET /session/d2b61baf962823bd836e23b68c74a1fc/screenshot - {}
RESULT: {"using":"xpath","value":"//input[@id=\"application-manageresources-display-component---newResourceUnit--TYPE-inner\"]"}
COMMAND: POST /session/d2b61baf962823bd836e23b68c74a1fc/element/f.EF0E81B17C62DBBEF55F8BAE4B803037.d.B5203B68C044A31CCB982F15103AFE7C.e.3092/clear - {}
RESULT: {}
RESULT: {}
COMMAND: POST /session/d2b61baf962823bd836e23b68c74a1fc/element/f.EF0E81B17C62DBBEF55F8BAE4B803037.d.B5203B68C044A31CCB982F15103AFE7C.e.3092/value - {"text":"Material"}
COMMAND: GET /session/d2b61baf962823bd836e23b68c74a1fc/screenshot - {}
RESULT: {"text":"Material"}
COMMAND: GET /session/d2b61baf962823bd836e23b68c74a1fc/screenshot - {}
RESULT: {}
RESULT: {}
COMMAND: POST /session/d2b61baf962823bd836e23b68c74a1fc/actions - {"actions":[{"id":"action9","type":"key","parameters":{},"actions":[{"type":"keyDown","value":"î€‡"},{"type":"pause","duration":10},{"type":"keyUp","value":"î€‡"}]}]}
RESULT: {"actions":[{"id":"action9","type":"key","parameters":{},"actions":[{"type":"keyDown","value":"î€‡"},{"type":"pause","duration":10},{"type":"keyUp","value":"î€‡"}]}]}
COMMAND: POST /session/d2b61baf962823bd836e23b68c74a1fc/execute/async - {"script":"<script> [1562 bytes]","args":[{"selector":{"id":"application-manageresources-display-component---newResourceUnit--SHORT_TEXT","interaction":{"idSuffix":"inner"}},"wdio_ui5_key":"applicationmanageresources-display-component---newResourceUnit--SHORT_TEXT"}]}
COMMAND: GET /session/d2b61baf962823bd836e23b68c74a1fc/screenshot - {}
RESULT: {"script":"<script> [1562 bytes]","args":[{"selector":{"id":"application-manageresources-display-component---newResourceUnit--SHORT_TEXT","interaction":{"idSuffix":"inner"}},"wdio_ui5_key":"applicationmanageresources-display-component---newResourceUnit--SHORT_TEXT"}]}
RESULT: undefined
COMMAND: POST /session/d2b61baf962823bd836e23b68c74a1fc/execute/async - {"script":"<script> [776 bytes]","args":[{"enterText":"Cement WDIO","selector":{"id":"application-manageresources-display-component---newResourceUnit--SHORT_TEXT","interaction":{"idSuffix":"inner"}},"clearTextFirst":true,"interactionType":"ENTER_TEXT"}]}
RESULT: {}
RESULT: {"script":"<script> [776 bytes]","args":[{"enterText":"Cement WDIO","selector":{"id":"application-manageresources-display-component---newResourceUnit--SHORT_TEXT","interaction":{"idSuffix":"inner"}},"clearTextFirst":true,"interactionType":"ENTER_TEXT"}]}
COMMAND: POST /session/d2b61baf962823bd836e23b68c74a1fc/execute/async - {"script":"<script> [1562 bytes]","args":[{"selector":{"id":"application-manageresources-display-component---newResourceUnit--BASE_UNIT_OF_MEASURE","interaction":{"idSuffix":"inner"}},"wdio_ui5_key":"applicationmanageresources-display-component---newResourceUnit--BASE_UNIT_OF_MEASURE"}]}
RESULT: {"script":"<script> [1562 bytes]","args":[{"selector":{"id":"application-manageresources-display-component---newResourceUnit--BASE_UNIT_OF_MEASURE","interaction":{"idSuffix":"inner"}},"wdio_ui5_key":"applicationmanageresources-display-component---newResourceUnit--BASE_UNIT_OF_MEASURE"}]}
RESULT: undefined
COMMAND: POST /session/d2b61baf962823bd836e23b68c74a1fc/execute/async - {"script":"<script> [776 bytes]","args":[{"enterText":"Piece","selector":{"id":"application-manageresources-display-component---newResourceUnit--BASE_UNIT_OF_MEASURE","interaction":{"idSuffix":"inner"}},"clearTextFirst":true,"interactionType":"ENTER_TEXT"}]}
RESULT: {"script":"<script> [776 bytes]","args":[{"enterText":"Piece","selector":{"id":"application-manageresources-display-component---newResourceUnit--BASE_UNIT_OF_MEASURE","interaction":{"idSuffix":"inner"}},"clearTextFirst":true,"interactionType":"ENTER_TEXT"}]}
COMMAND: POST /session/d2b61baf962823bd836e23b68c74a1fc/execute/async - {"script":"<script> [1562 bytes]","args":[{"selector":{"id":"application-manageresources-display-component---newResourceUnit--WEIGHT_UNIT","interaction":{"idSuffix":"inner"}},"wdio_ui5_key":"applicationmanageresources-display-component---newResourceUnit--WEIGHT_UNIT"}]}
RESULT: {"script":"<script> [1562 bytes]","args":[{"selector":{"id":"application-manageresources-display-component---newResourceUnit--WEIGHT_UNIT","interaction":{"idSuffix":"inner"}},"wdio_ui5_key":"applicationmanageresources-display-component---newResourceUnit--WEIGHT_UNIT"}]}
RESULT: undefined
COMMAND: POST /session/d2b61baf962823bd836e23b68c74a1fc/execute/async - {"script":"<script> [776 bytes]","args":[{"enterText":"Gram","selector":{"id":"application-manageresources-display-component---newResourceUnit--WEIGHT_UNIT","interaction":{"idSuffix":"inner"}},"clearTextFirst":true,"interactionType":"ENTER_TEXT"}]}
RESULT: {"script":"<script> [776 bytes]","args":[{"enterText":"Gram","selector":{"id":"application-manageresources-display-component---newResourceUnit--WEIGHT_UNIT","interaction":{"idSuffix":"inner"}},"clearTextFirst":true,"interactionType":"ENTER_TEXT"}]}
COMMAND: POST /session/d2b61baf962823bd836e23b68c74a1fc/execute/async - {"script":"<script> [1562 bytes]","args":[{"selector":{"id":"application-manageresources-display-component---newResourceUnit--DIMENSION_UNIT","interaction":{"idSuffix":"inner"}},"wdio_ui5_key":"applicationmanageresources-display-component---newResourceUnit--DIMENSION_UNIT"}]}
RESULT: {"script":"<script> [1562 bytes]","args":[{"selector":{"id":"application-manageresources-display-component---newResourceUnit--DIMENSION_UNIT","interaction":{"idSuffix":"inner"}},"wdio_ui5_key":"applicationmanageresources-display-component---newResourceUnit--DIMENSION_UNIT"}]}
RESULT: undefined
COMMAND: POST /session/d2b61baf962823bd836e23b68c74a1fc/execute/async - {"script":"<script> [776 bytes]","args":[{"enterText":"Meter","selector":{"id":"application-manageresources-display-component---newResourceUnit--DIMENSION_UNIT","interaction":{"idSuffix":"inner"}},"clearTextFirst":true,"interactionType":"ENTER_TEXT"}]}
RESULT: {"script":"<script> [776 bytes]","args":[{"enterText":"Meter","selector":{"id":"application-manageresources-display-component---newResourceUnit--DIMENSION_UNIT","interaction":{"idSuffix":"inner"}},"clearTextFirst":true,"interactionType":"ENTER_TEXT"}]}
COMMAND: POST /session/d2b61baf962823bd836e23b68c74a1fc/execute/async - {"script":"<script> [1562 bytes]","args":[{"selector":{"id":"application-manageresources-display-component---newResourceUnit--newRRUPage-anchBar-application-manageresources-display-component---newResourceUnit--control-anchor","interaction":{"idSuffix":"BDI-content"}},"wdio_ui5_key":"applicationmanageresources-display-component---newResourceUnit--newRRUPage-anchBar-application-manageresources-display-component---newResourceUnit--control-anchor"}]}
RESULT: {"script":"<script> [1562 bytes]","args":[{"selector":{"id":"application-manageresources-display-component---newResourceUnit--newRRUPage-anchBar-application-manageresources-display-component---newResourceUnit--control-anchor","interaction":{"idSuffix":"BDI-content"}},"wdio_ui5_key":"applicationmanageresources-display-component---newResourceUnit--newRRUPage-anchBar-application-manageresources-display-component---newResourceUnit--control-anchor"}]}
RESULT: undefined
COMMAND: POST /session/d2b61baf962823bd836e23b68c74a1fc/element - {"using":"xpath","value":"//*[@id=\"application-manageresources-display-component---newResourceUnit--newRRUPage-anchBar-application-manageresources-display-component---newResourceUnit--control-anchor\"]"}
RESULT: {"using":"xpath","value":"//*[@id=\"application-manageresources-display-component---newResourceUnit--newRRUPage-anchBar-application-manageresources-display-component---newResourceUnit--control-anchor\"]"}
COMMAND: POST /session/d2b61baf962823bd836e23b68c74a1fc/element/f.EF0E81B17C62DBBEF55F8BAE4B803037.d.B5203B68C044A31CCB982F15103AFE7C.e.3164/click - {}
RESULT: {}
COMMAND: POST /session/d2b61baf962823bd836e23b68c74a1fc/execute/async - {"script":"<script> [1562 bytes]","args":[{"selector":{"id":"application-manageresources-display-component---newResourceUnit--PLANNING_GROUP","interaction":{"idSuffix":"inner"}},"wdio_ui5_key":"applicationmanageresources-display-component---newResourceUnit--PLANNING_GROUP"}]}
COMMAND: GET /session/d2b61baf962823bd836e23b68c74a1fc/screenshot - {}
RESULT: {"script":"<script> [1562 bytes]","args":[{"selector":{"id":"application-manageresources-display-component---newResourceUnit--PLANNING_GROUP","interaction":{"idSuffix":"inner"}},"wdio_ui5_key":"applicationmanageresources-display-component---newResourceUnit--PLANNING_GROUP"}]}
RESULT: undefined
COMMAND: POST /session/d2b61baf962823bd836e23b68c74a1fc/execute/async - {"script":"<script> [776 bytes]","args":[{"enterText":"Material","selector":{"id":"application-manageresources-display-component---newResourceUnit--PLANNING_GROUP","interaction":{"idSuffix":"inner"}},"clearTextFirst":true,"interactionType":"ENTER_TEXT"}]}
RESULT: {}
RESULT: {"script":"<script> [776 bytes]","args":[{"enterText":"Material","selector":{"id":"application-manageresources-display-component---newResourceUnit--PLANNING_GROUP","interaction":{"idSuffix":"inner"}},"clearTextFirst":true,"interactionType":"ENTER_TEXT"}]}
COMMAND: POST /session/d2b61baf962823bd836e23b68c74a1fc/execute/async - {"script":"<script> [1562 bytes]","args":[{"selector":{"id":"application-manageresources-display-component---newResourceUnit--PLANNING_INDICATOR","interaction":{"idSuffix":"inner"}},"wdio_ui5_key":"applicationmanageresources-display-component---newResourceUnit--PLANNING_INDICATOR"}]}
RESULT: {"script":"<script> [1562 bytes]","args":[{"selector":{"id":"application-manageresources-display-component---newResourceUnit--PLANNING_INDICATOR","interaction":{"idSuffix":"inner"}},"wdio_ui5_key":"applicationmanageresources-display-component---newResourceUnit--PLANNING_INDICATOR"}]}
RESULT: undefined
COMMAND: POST /session/d2b61baf962823bd836e23b68c74a1fc/execute/async - {"script":"<script> [776 bytes]","args":[{"enterText":"10 - infinite","selector":{"id":"application-manageresources-display-component---newResourceUnit--PLANNING_INDICATOR","interaction":{"idSuffix":"inner"}},"clearTextFirst":true,"interactionType":"ENTER_TEXT"}]}
RESULT: {"script":"<script> [776 bytes]","args":[{"enterText":"10 - infinite","selector":{"id":"application-manageresources-display-component---newResourceUnit--PLANNING_INDICATOR","interaction":{"idSuffix":"inner"}},"clearTextFirst":true,"interactionType":"ENTER_TEXT"}]}
COMMAND: POST /session/d2b61baf962823bd836e23b68c74a1fc/element - {"using":"css selector","value":"#application-manageresources-display-component---newResourceUnit--btnAddTimeSegment"}
RESULT: {"using":"css selector","value":"#application-manageresources-display-component---newResourceUnit--btnAddTimeSegment"}
COMMAND: GET /session/d2b61baf962823bd836e23b68c74a1fc/element/f.EF0E81B17C62DBBEF55F8BAE4B803037.d.B5203B68C044A31CCB982F15103AFE7C.e.3172/rect - {}
RESULT: {}
COMMAND: GET /session/d2b61baf962823bd836e23b68c74a1fc/window/rect - {}
RESULT: {}
COMMAND: POST /session/d2b61baf962823bd836e23b68c74a1fc/execute/sync - {"script":"<script> [92 bytes]","args":[]}
RESULT: {"script":"<script> [92 bytes]","args":[]}
COMMAND: POST /session/d2b61baf962823bd836e23b68c74a1fc/actions - {"actions":[{"id":"action10","type":"wheel","parameters":{},"actions":[{"type":"scroll","x":-1888,"y":-32,"deltaX":0,"deltaY":0,"duration":0,"origin":{"element-6066-11e4-a52e-4f735466cecf":"f.EF0E81B17C62DBBEF55F8BAE4B803037.d.B5203B68C044A31CCB982F15103AFE7C.e.3172"}}]}]}
COMMAND: GET /session/d2b61baf962823bd836e23b68c74a1fc/screenshot - {}
RESULT: {}
COMMAND: POST /session/d2b61baf962823bd836e23b68c74a1fc/execute/sync - {"script":"<script> [79 bytes]","args":[{"element-6066-11e4-a52e-4f735466cecf":"f.EF0E81B17C62DBBEF55F8BAE4B803037.d.B5203B68C044A31CCB982F15103AFE7C.e.3172","ELEMENT":"f.EF0E81B17C62DBBEF55F8BAE4B803037.d.B5203B68C044A31CCB982F15103AFE7C.e.3172"},{"block":"start","inline":"nearest"}]}
RESULT: {"script":"<script> [79 bytes]","args":[{"element-6066-11e4-a52e-4f735466cecf":"f.EF0E81B17C62DBBEF55F8BAE4B803037.d.B5203B68C044A31CCB982F15103AFE7C.e.3172","ELEMENT":"f.EF0E81B17C62DBBEF55F8BAE4B803037.d.B5203B68C044A31CCB982F15103AFE7C.e.3172"},{"block":"start","inline":"nearest"}]}
COMMAND: POST /session/d2b61baf962823bd836e23b68c74a1fc/execute/async - {"script":"<script> [1562 bytes]","args":[{"selector":{"id":"application-manageresources-display-component---newResourceUnit--btnAddTimeSegment","interaction":{"idSuffix":"inner"}},"wdio_ui5_key":"applicationmanageresources-display-component---newResourceUnit--btnAddTimeSegment"}]}
COMMAND: GET /session/d2b61baf962823bd836e23b68c74a1fc/screenshot - {}
RESULT: {"script":"<script> [1562 bytes]","args":[{"selector":{"id":"application-manageresources-display-component---newResourceUnit--btnAddTimeSegment","interaction":{"idSuffix":"inner"}},"wdio_ui5_key":"applicationmanageresources-display-component---newResourceUnit--btnAddTimeSegment"}]}
RESULT: undefined
COMMAND: POST /session/d2b61baf962823bd836e23b68c74a1fc/element - {"using":"xpath","value":"//*[@id=\"application-manageresources-display-component---newResourceUnit--btnAddTimeSegment\"]"}
RESULT: {}
RESULT: {"using":"xpath","value":"//*[@id=\"application-manageresources-display-component---newResourceUnit--btnAddTimeSegment\"]"}
COMMAND: POST /session/d2b61baf962823bd836e23b68c74a1fc/element/f.EF0E81B17C62DBBEF55F8BAE4B803037.d.B5203B68C044A31CCB982F15103AFE7C.e.3172/click - {}
RESULT: {}
COMMAND: GET /session/d2b61baf962823bd836e23b68c74a1fc/screenshot - {}
RESULT: {}
COMMAND: POST /session/d2b61baf962823bd836e23b68c74a1fc/element - {"using":"xpath","value":"//input[@id=\"application-manageresources-display-component---newResourceUnit--idRuTSAdmin-application-manageresources-display-component---newResourceUnit--RUTimeSegment-0-inner\"]"}
RESULT: {"using":"xpath","value":"//input[@id=\"application-manageresources-display-component---newResourceUnit--idRuTSAdmin-application-manageresources-display-component---newResourceUnit--RUTimeSegment-0-inner\"]"}
COMMAND: POST /session/d2b61baf962823bd836e23b68c74a1fc/element/f.EF0E81B17C62DBBEF55F8BAE4B803037.d.B5203B68C044A31CCB982F15103AFE7C.e.3177/clear - {}
RESULT: {}
COMMAND: POST /session/d2b61baf962823bd836e23b68c74a1fc/element/f.EF0E81B17C62DBBEF55F8BAE4B803037.d.B5203B68C044A31CCB982F15103AFE7C.e.3177/value - {"text":"665"}
COMMAND: GET /session/d2b61baf962823bd836e23b68c74a1fc/screenshot - {}
RESULT: {"text":"665"}
COMMAND: GET /session/d2b61baf962823bd836e23b68c74a1fc/screenshot - {}
RESULT: {}
RESULT: {}
COMMAND: POST /session/d2b61baf962823bd836e23b68c74a1fc/element - {"using":"xpath","value":"//li[.//span[text()='665']]"}
RESULT: {"using":"xpath","value":"//li[.//span[text()='665']]"}
COMMAND: POST /session/d2b61baf962823bd836e23b68c74a1fc/element/f.EF0E81B17C62DBBEF55F8BAE4B803037.d.B5203B68C044A31CCB982F15103AFE7C.e.3186/click - {}
RESULT: {}
COMMAND: GET /session/d2b61baf962823bd836e23b68c74a1fc/screenshot - {}
RESULT: {}
COMMAND: POST /session/d2b61baf962823bd836e23b68c74a1fc/element - {"using":"xpath","value":"(//span[contains(@id, \"-application-manageresources-display-component---newResourceUnit--RUTimeSegment-0-arrow\")])[2]"}
RESULT: {"using":"xpath","value":"(//span[contains(@id, \"-application-manageresources-display-component---newResourceUnit--RUTimeSegment-0-arrow\")])[2]"}
COMMAND: POST /session/d2b61baf962823bd836e23b68c74a1fc/element/f.EF0E81B17C62DBBEF55F8BAE4B803037.d.B5203B68C044A31CCB982F15103AFE7C.e.3187/click - {}
RESULT: {}
COMMAND: POST /session/d2b61baf962823bd836e23b68c74a1fc/element - {"using":"xpath","value":"//span[contains(text(), \"PM Order\")]"}
COMMAND: GET /session/d2b61baf962823bd836e23b68c74a1fc/screenshot - {}
RESULT: {"using":"xpath","value":"//span[contains(text(), \"PM Order\")]"}
COMMAND: POST /session/d2b61baf962823bd836e23b68c74a1fc/element/f.EF0E81B17C62DBBEF55F8BAE4B803037.d.B5203B68C044A31CCB982F15103AFE7C.e.3188/click - {}
RESULT: {}
RESULT: {}
COMMAND: GET /session/d2b61baf962823bd836e23b68c74a1fc/screenshot - {}
RESULT: {}
COMMAND: POST /session/d2b61baf962823bd836e23b68c74a1fc/element - {"using":"xpath","value":"//td/div/div/div/span[contains(@id, \"newResourceUnit--RUTimeSegment-0-vhi\")][1]"}
RESULT: {"using":"xpath","value":"//td/div/div/div/span[contains(@id, \"newResourceUnit--RUTimeSegment-0-vhi\")][1]"}
COMMAND: GET /session/d2b61baf962823bd836e23b68c74a1fc/element/f.EF0E81B17C62DBBEF55F8BAE4B803037.d.B5203B68C044A31CCB982F15103AFE7C.e.3192/rect - {}
RESULT: {}
COMMAND: GET /session/d2b61baf962823bd836e23b68c74a1fc/window/rect - {}
RESULT: {}
COMMAND: POST /session/d2b61baf962823bd836e23b68c74a1fc/execute/sync - {"script":"<script> [92 bytes]","args":[]}
RESULT: {"script":"<script> [92 bytes]","args":[]}
COMMAND: POST /session/d2b61baf962823bd836e23b68c74a1fc/actions - {"actions":[{"id":"action11","type":"wheel","parameters":{},"actions":[{"type":"scroll","x":-1888,"y":-24,"deltaX":0,"deltaY":0,"duration":0,"origin":{"element-6066-11e4-a52e-4f735466cecf":"f.EF0E81B17C62DBBEF55F8BAE4B803037.d.B5203B68C044A31CCB982F15103AFE7C.e.3192"}}]}]}
COMMAND: GET /session/d2b61baf962823bd836e23b68c74a1fc/screenshot - {}
RESULT: {}
COMMAND: POST /session/d2b61baf962823bd836e23b68c74a1fc/execute/sync - {"script":"<script> [79 bytes]","args":[{"element-6066-11e4-a52e-4f735466cecf":"f.EF0E81B17C62DBBEF55F8BAE4B803037.d.B5203B68C044A31CCB982F15103AFE7C.e.3192","ELEMENT":"f.EF0E81B17C62DBBEF55F8BAE4B803037.d.B5203B68C044A31CCB982F15103AFE7C.e.3192"},{"block":"start","inline":"nearest"}]}
RESULT: {"script":"<script> [79 bytes]","args":[{"element-6066-11e4-a52e-4f735466cecf":"f.EF0E81B17C62DBBEF55F8BAE4B803037.d.B5203B68C044A31CCB982F15103AFE7C.e.3192","ELEMENT":"f.EF0E81B17C62DBBEF55F8BAE4B803037.d.B5203B68C044A31CCB982F15103AFE7C.e.3192"},{"block":"start","inline":"nearest"}]}
COMMAND: GET /session/d2b61baf962823bd836e23b68c74a1fc/screenshot - {}
RESULT: {}
COMMAND: POST /session/d2b61baf962823bd836e23b68c74a1fc/element/f.EF0E81B17C62DBBEF55F8BAE4B803037.d.B5203B68C044A31CCB982F15103AFE7C.e.3192/click - {}
RESULT: {}
COMMAND: GET /session/d2b61baf962823bd836e23b68c74a1fc/screenshot - {}
RESULT: {}
COMMAND: POST /session/d2b61baf962823bd836e23b68c74a1fc/execute/async - {"script":"<script> [1562 bytes]","args":[{"selector":{"controlType":"sap.m.SearchField","properties":{"placeholder":"Search"},"searchOpenDialogs":true,"interaction":{"idSuffix":"I"}},"wdio_ui5_key":"sapm.SearchField{\"placeholder\":\"Search\"}"}]}
RESULT: {"script":"<script> [1562 bytes]","args":[{"selector":{"controlType":"sap.m.SearchField","properties":{"placeholder":"Search"},"searchOpenDialogs":true,"interaction":{"idSuffix":"I"}},"wdio_ui5_key":"sapm.SearchField{\"placeholder\":\"Search\"}"}]}
RESULT: undefined
COMMAND: POST /session/d2b61baf962823bd836e23b68c74a1fc/execute/async - {"script":"<script> [776 bytes]","args":[{"enterText":"4000360","selector":{"controlType":"sap.m.SearchField","properties":{"placeholder":"Search"},"searchOpenDialogs":true,"interaction":{"idSuffix":"I"}},"clearTextFirst":true,"interactionType":"ENTER_TEXT"}]}
RESULT: {"script":"<script> [776 bytes]","args":[{"enterText":"4000360","selector":{"controlType":"sap.m.SearchField","properties":{"placeholder":"Search"},"searchOpenDialogs":true,"interaction":{"idSuffix":"I"}},"clearTextFirst":true,"interactionType":"ENTER_TEXT"}]}
COMMAND: POST /session/d2b61baf962823bd836e23b68c74a1fc/actions - {"actions":[{"id":"action12","type":"key","parameters":{},"actions":[{"type":"keyDown","value":"î€‡"},{"type":"pause","duration":10},{"type":"keyUp","value":"î€‡"}]}]}
RESULT: {"actions":[{"id":"action12","type":"key","parameters":{},"actions":[{"type":"keyDown","value":"î€‡"},{"type":"pause","duration":10},{"type":"keyUp","value":"î€‡"}]}]}
COMMAND: GET /session/d2b61baf962823bd836e23b68c74a1fc/screenshot - {}
RESULT: {}
COMMAND: POST /session/d2b61baf962823bd836e23b68c74a1fc/element - {"using":"xpath","value":"//td/div/span[contains(text(), \"BGL Vehicles\")]"}
RESULT: {"using":"xpath","value":"//td/div/span[contains(text(), \"BGL Vehicles\")]"}
COMMAND: POST /session/d2b61baf962823bd836e23b68c74a1fc/element/f.EF0E81B17C62DBBEF55F8BAE4B803037.d.B5203B68C044A31CCB982F15103AFE7C.e.3213/click - {}
RESULT: {}
COMMAND: GET /session/d2b61baf962823bd836e23b68c74a1fc/screenshot - {}
RESULT: {}
COMMAND: POST /session/d2b61baf962823bd836e23b68c74a1fc/element - {"using":"xpath","value":"//bdi[contains(text(), \"OK\")]"}
RESULT: {"using":"xpath","value":"//bdi[contains(text(), \"OK\")]"}
COMMAND: POST /session/d2b61baf962823bd836e23b68c74a1fc/element/f.EF0E81B17C62DBBEF55F8BAE4B803037.d.B5203B68C044A31CCB982F15103AFE7C.e.3214/click - {}
RESULT: {}
COMMAND: GET /session/d2b61baf962823bd836e23b68c74a1fc/screenshot - {}
RESULT: {}
COMMAND: POST /session/d2b61baf962823bd836e23b68c74a1fc/element - {"using":"xpath","value":"//label[contains(@class, 'sapMLabelRequired') and .//bdi[contains(text(), 'Planned Retirement')]]"}
RESULT: {"using":"xpath","value":"//label[contains(@class, 'sapMLabelRequired') and .//bdi[contains(text(), 'Planned Retirement')]]"}
COMMAND: POST /session/d2b61baf962823bd836e23b68c74a1fc/elements - {"using":"xpath","value":"//label[contains(@class, 'sapMLabelRequired') and .//bdi[contains(text(), 'Planned Retirement')]]"}
RESULT: {"using":"xpath","value":"//label[contains(@class, 'sapMLabelRequired') and .//bdi[contains(text(), 'Planned Retirement')]]"}
COMMAND: POST /session/d2b61baf962823bd836e23b68c74a1fc/element - {"using":"xpath","value":"//button[@data-kt=\"resourceUnitSaveButton\"]"}
RESULT: {"using":"xpath","value":"//button[@data-kt=\"resourceUnitSaveButton\"]"}
COMMAND: POST /session/d2b61baf962823bd836e23b68c74a1fc/element/f.EF0E81B17C62DBBEF55F8BAE4B803037.d.B5203B68C044A31CCB982F15103AFE7C.e.3114/click - {}
RESULT: {}
COMMAND: GET /session/d2b61baf962823bd836e23b68c74a1fc/screenshot - {}
RESULT: {}
COMMAND: POST /session/d2b61baf962823bd836e23b68c74a1fc/element - {"using":"xpath","value":"//bdi[contains(text(), \"Close\")]"}
RESULT: {"using":"xpath","value":"//bdi[contains(text(), \"Close\")]"}
COMMAND: POST /session/d2b61baf962823bd836e23b68c74a1fc/element/f.EF0E81B17C62DBBEF55F8BAE4B803037.d.B5203B68C044A31CCB982F15103AFE7C.e.3220/click - {}
RESULT: {}
COMMAND: GET /session/d2b61baf962823bd836e23b68c74a1fc/screenshot - {}
RESULT: {}
COMMAND: POST /session/d2b61baf962823bd836e23b68c74a1fc/element - {"using":"xpath","value":"//header[contains(@id, 'detailRruPage-headerTitle')]/div[1]/div[2]/div[2]/span[1]"}
RESULT: {"using":"xpath","value":"//header[contains(@id, 'detailRruPage-headerTitle')]/div[1]/div[2]/div[2]/span[1]"}
COMMAND: POST /session/d2b61baf962823bd836e23b68c74a1fc/elements - {"using":"xpath","value":"//header[contains(@id, 'detailRruPage-headerTitle')]/div[1]/div[2]/div[2]/span[1]"}
RESULT: {"using":"xpath","value":"//header[contains(@id, 'detailRruPage-headerTitle')]/div[1]/div[2]/div[2]/span[1]"}
COMMAND: POST /session/d2b61baf962823bd836e23b68c74a1fc/execute/sync - {"script":"<script> [56 bytes]","args":[{"element-6066-11e4-a52e-4f735466cecf":"f.EF0E81B17C62DBBEF55F8BAE4B803037.d.B5203B68C044A31CCB982F15103AFE7C.e.3252","ELEMENT":"f.EF0E81B17C62DBBEF55F8BAE4B803037.d.B5203B68C044A31CCB982F15103AFE7C.e.3252"}]}
RESULT: {"script":"<script> [56 bytes]","args":[{"element-6066-11e4-a52e-4f735466cecf":"f.EF0E81B17C62DBBEF55F8BAE4B803037.d.B5203B68C044A31CCB982F15103AFE7C.e.3252","ELEMENT":"f.EF0E81B17C62DBBEF55F8BAE4B803037.d.B5203B68C044A31CCB982F15103AFE7C.e.3252"}]}
COMMAND: POST /session/d2b61baf962823bd836e23b68c74a1fc/element - {"using":"css selector","value":"#shell-header-logo"}
COMMAND: GET /session/d2b61baf962823bd836e23b68c74a1fc/screenshot - {}
RESULT: {"using":"css selector","value":"#shell-header-logo"}
COMMAND: POST /session/d2b61baf962823bd836e23b68c74a1fc/element/f.EF0E81B17C62DBBEF55F8BAE4B803037.d.B5203B68C044A31CCB982F15103AFE7C.e.2710/click - {}
RESULT: {}
RESULT: {}
COMMAND: GET /session/d2b61baf962823bd836e23b68c74a1fc/screenshot - {}
RESULT: {}
]]></system-out>
    </testcase>
    <testcase classname="chrome.135_0_7049_115.windows.Prerequisites_&amp;_test_for_yard_mass_return_on_Yard_Overview_US131057" name="Prereq Should do stock increase" time="99.691">
      <system-out><![CDATA[
COMMAND: POST /session/d2b61baf962823bd836e23b68c74a1fc/execute/async - {"script":"<script> [1562 bytes]","args":[{"selector":{"controlType":"sap.m.Text","viewName":"etm.portal.ui.managehandoverstile.view.Master","properties":{"text":"Manage Handovers"},"interaction":{"idSuffix":"inner"}},"wdio_ui5_key":"etmportal.ui.managehandoverstile.view.Mastersap.m.Text{\"text\":\"Manage Handovers\"}"}]}
RESULT: {"script":"<script> [1562 bytes]","args":[{"selector":{"controlType":"sap.m.Text","viewName":"etm.portal.ui.managehandoverstile.view.Master","properties":{"text":"Manage Handovers"},"interaction":{"idSuffix":"inner"}},"wdio_ui5_key":"etmportal.ui.managehandoverstile.view.Mastersap.m.Text{\"text\":\"Manage Handovers\"}"}]}
RESULT: undefined
COMMAND: POST /session/d2b61baf962823bd836e23b68c74a1fc/element - {"using":"xpath","value":"//*[@id=\"__tile133-title\"]"}
RESULT: {"using":"xpath","value":"//*[@id=\"__tile133-title\"]"}
COMMAND: POST /session/d2b61baf962823bd836e23b68c74a1fc/element/f.EF0E81B17C62DBBEF55F8BAE4B803037.d.B5203B68C044A31CCB982F15103AFE7C.e.3255/click - {}
RESULT: {}
COMMAND: POST /session/d2b61baf962823bd836e23b68c74a1fc/element - {"using":"xpath","value":"//button[@data-kt=\"masterHOAddButton\"]"}
COMMAND: GET /session/d2b61baf962823bd836e23b68c74a1fc/screenshot - {}
RESULT: {"using":"xpath","value":"//button[@data-kt=\"masterHOAddButton\"]"}
COMMAND: POST /session/d2b61baf962823bd836e23b68c74a1fc/elements - {"using":"xpath","value":"//button[@data-kt=\"masterHOAddButton\"]"}
RESULT: {}
RESULT: {"using":"xpath","value":"//button[@data-kt=\"masterHOAddButton\"]"}
COMMAND: POST /session/d2b61baf962823bd836e23b68c74a1fc/elements - {"using":"xpath","value":"//button[@data-kt=\"masterHOAddButton\"]"}
RESULT: {"using":"xpath","value":"//button[@data-kt=\"masterHOAddButton\"]"}
COMMAND: POST /session/d2b61baf962823bd836e23b68c74a1fc/elements - {"using":"xpath","value":"//button[@data-kt=\"masterHOAddButton\"]"}
RESULT: {"using":"xpath","value":"//button[@data-kt=\"masterHOAddButton\"]"}
COMMAND: POST /session/d2b61baf962823bd836e23b68c74a1fc/elements - {"using":"xpath","value":"//button[@data-kt=\"masterHOAddButton\"]"}
RESULT: {"using":"xpath","value":"//button[@data-kt=\"masterHOAddButton\"]"}
COMMAND: POST /session/d2b61baf962823bd836e23b68c74a1fc/elements - {"using":"xpath","value":"//button[@data-kt=\"masterHOAddButton\"]"}
RESULT: {"using":"xpath","value":"//button[@data-kt=\"masterHOAddButton\"]"}
COMMAND: POST /session/d2b61baf962823bd836e23b68c74a1fc/elements - {"using":"xpath","value":"//button[@data-kt=\"masterHOAddButton\"]"}
RESULT: {"using":"xpath","value":"//button[@data-kt=\"masterHOAddButton\"]"}
COMMAND: POST /session/d2b61baf962823bd836e23b68c74a1fc/elements - {"using":"xpath","value":"//button[@data-kt=\"masterHOAddButton\"]"}
RESULT: {"using":"xpath","value":"//button[@data-kt=\"masterHOAddButton\"]"}
COMMAND: POST /session/d2b61baf962823bd836e23b68c74a1fc/elements - {"using":"xpath","value":"//button[@data-kt=\"masterHOAddButton\"]"}
RESULT: {"using":"xpath","value":"//button[@data-kt=\"masterHOAddButton\"]"}
COMMAND: POST /session/d2b61baf962823bd836e23b68c74a1fc/elements - {"using":"xpath","value":"//button[@data-kt=\"masterHOAddButton\"]"}
RESULT: {"using":"xpath","value":"//button[@data-kt=\"masterHOAddButton\"]"}
COMMAND: POST /session/d2b61baf962823bd836e23b68c74a1fc/elements - {"using":"xpath","value":"//button[@data-kt=\"masterHOAddButton\"]"}
RESULT: {"using":"xpath","value":"//button[@data-kt=\"masterHOAddButton\"]"}
COMMAND: POST /session/d2b61baf962823bd836e23b68c74a1fc/elements - {"using":"xpath","value":"//button[@data-kt=\"masterHOAddButton\"]"}
RESULT: {"using":"xpath","value":"//button[@data-kt=\"masterHOAddButton\"]"}
COMMAND: POST /session/d2b61baf962823bd836e23b68c74a1fc/elements - {"using":"xpath","value":"//button[@data-kt=\"masterHOAddButton\"]"}
RESULT: {"using":"xpath","value":"//button[@data-kt=\"masterHOAddButton\"]"}
COMMAND: POST /session/d2b61baf962823bd836e23b68c74a1fc/elements - {"using":"xpath","value":"//button[@data-kt=\"masterHOAddButton\"]"}
RESULT: {"using":"xpath","value":"//button[@data-kt=\"masterHOAddButton\"]"}
COMMAND: POST /session/d2b61baf962823bd836e23b68c74a1fc/elements - {"using":"xpath","value":"//button[@data-kt=\"masterHOAddButton\"]"}
RESULT: {"using":"xpath","value":"//button[@data-kt=\"masterHOAddButton\"]"}
COMMAND: POST /session/d2b61baf962823bd836e23b68c74a1fc/elements - {"using":"xpath","value":"//button[@data-kt=\"masterHOAddButton\"]"}
RESULT: {"using":"xpath","value":"//button[@data-kt=\"masterHOAddButton\"]"}
COMMAND: POST /session/d2b61baf962823bd836e23b68c74a1fc/elements - {"using":"xpath","value":"//button[@data-kt=\"masterHOAddButton\"]"}
RESULT: {"using":"xpath","value":"//button[@data-kt=\"masterHOAddButton\"]"}
COMMAND: POST /session/d2b61baf962823bd836e23b68c74a1fc/element - {"using":"xpath","value":"//button[@data-kt=\"masterHOAddButton\"]"}
RESULT: {"using":"xpath","value":"//button[@data-kt=\"masterHOAddButton\"]"}
COMMAND: POST /session/d2b61baf962823bd836e23b68c74a1fc/execute/sync - {"script":"<script> [8489 bytes]","args":[{"element-6066-11e4-a52e-4f735466cecf":"f.EF0E81B17C62DBBEF55F8BAE4B803037.d.B5203B68C044A31CCB982F15103AFE7C.e.3286","ELEMENT":"f.EF0E81B17C62DBBEF55F8BAE4B803037.d.B5203B68C044A31CCB982F15103AFE7C.e.3286"}]}
RESULT: {"script":"<script> [8489 bytes]","args":[{"element-6066-11e4-a52e-4f735466cecf":"f.EF0E81B17C62DBBEF55F8BAE4B803037.d.B5203B68C044A31CCB982F15103AFE7C.e.3286","ELEMENT":"f.EF0E81B17C62DBBEF55F8BAE4B803037.d.B5203B68C044A31CCB982F15103AFE7C.e.3286"}]}
COMMAND: GET /session/d2b61baf962823bd836e23b68c74a1fc/element/f.EF0E81B17C62DBBEF55F8BAE4B803037.d.B5203B68C044A31CCB982F15103AFE7C.e.3286/enabled - {}
COMMAND: GET /session/d2b61baf962823bd836e23b68c74a1fc/screenshot - {}
RESULT: {}
COMMAND: POST /session/d2b61baf962823bd836e23b68c74a1fc/execute/sync - {"script":"<script> [8489 bytes]","args":[{"element-6066-11e4-a52e-4f735466cecf":"f.EF0E81B17C62DBBEF55F8BAE4B803037.d.B5203B68C044A31CCB982F15103AFE7C.e.3286","ELEMENT":"f.EF0E81B17C62DBBEF55F8BAE4B803037.d.B5203B68C044A31CCB982F15103AFE7C.e.3286"}]}
COMMAND: GET /session/d2b61baf962823bd836e23b68c74a1fc/screenshot - {}
RESULT: {}
RESULT: {"script":"<script> [8489 bytes]","args":[{"element-6066-11e4-a52e-4f735466cecf":"f.EF0E81B17C62DBBEF55F8BAE4B803037.d.B5203B68C044A31CCB982F15103AFE7C.e.3286","ELEMENT":"f.EF0E81B17C62DBBEF55F8BAE4B803037.d.B5203B68C044A31CCB982F15103AFE7C.e.3286"}]}
COMMAND: POST /session/d2b61baf962823bd836e23b68c74a1fc/execute/sync - {"script":"<script> [5351 bytes]","args":[{"element-6066-11e4-a52e-4f735466cecf":"f.EF0E81B17C62DBBEF55F8BAE4B803037.d.B5203B68C044A31CCB982F15103AFE7C.e.3286","ELEMENT":"f.EF0E81B17C62DBBEF55F8BAE4B803037.d.B5203B68C044A31CCB982F15103AFE7C.e.3286"}]}
COMMAND: GET /session/d2b61baf962823bd836e23b68c74a1fc/screenshot - {}
RESULT: {}
RESULT: {"script":"<script> [5351 bytes]","args":[{"element-6066-11e4-a52e-4f735466cecf":"f.EF0E81B17C62DBBEF55F8BAE4B803037.d.B5203B68C044A31CCB982F15103AFE7C.e.3286","ELEMENT":"f.EF0E81B17C62DBBEF55F8BAE4B803037.d.B5203B68C044A31CCB982F15103AFE7C.e.3286"}]}
COMMAND: POST /session/d2b61baf962823bd836e23b68c74a1fc/element/f.EF0E81B17C62DBBEF55F8BAE4B803037.d.B5203B68C044A31CCB982F15103AFE7C.e.3286/click - {}
COMMAND: GET /session/d2b61baf962823bd836e23b68c74a1fc/screenshot - {}
RESULT: {}
RESULT: {}
COMMAND: GET /session/d2b61baf962823bd836e23b68c74a1fc/screenshot - {}
RESULT: {}
RESULT: {}
COMMAND: POST /session/d2b61baf962823bd836e23b68c74a1fc/element - {"using":"xpath","value":"//span[contains(@id ,\"AddNewHO--typeSelect-arrow\")]"}
RESULT: {"using":"xpath","value":"//span[contains(@id ,\"AddNewHO--typeSelect-arrow\")]"}
COMMAND: POST /session/d2b61baf962823bd836e23b68c74a1fc/element/f.EF0E81B17C62DBBEF55F8BAE4B803037.d.B5203B68C044A31CCB982F15103AFE7C.e.3648/click - {}
RESULT: {}
COMMAND: GET /session/d2b61baf962823bd836e23b68c74a1fc/screenshot - {}
RESULT: {}
COMMAND: POST /session/d2b61baf962823bd836e23b68c74a1fc/element - {"using":"xpath","value":"(//li[contains(text(), \"stock increase yard\")])[1]"}
RESULT: {"using":"xpath","value":"(//li[contains(text(), \"stock increase yard\")])[1]"}
COMMAND: POST /session/d2b61baf962823bd836e23b68c74a1fc/element/f.EF0E81B17C62DBBEF55F8BAE4B803037.d.B5203B68C044A31CCB982F15103AFE7C.e.3649/click - {}
RESULT: {}
COMMAND: GET /session/d2b61baf962823bd836e23b68c74a1fc/screenshot - {}
RESULT: {}
COMMAND: POST /session/d2b61baf962823bd836e23b68c74a1fc/execute/async - {"script":"<script> [1562 bytes]","args":[{"selector":{"id":"application-managehandovers-display-component---AddNewHO--dueDate","interaction":{"idSuffix":"inner"}},"wdio_ui5_key":"applicationmanagehandovers-display-component---AddNewHO--dueDate"}]}
RESULT: {"script":"<script> [1562 bytes]","args":[{"selector":{"id":"application-managehandovers-display-component---AddNewHO--dueDate","interaction":{"idSuffix":"inner"}},"wdio_ui5_key":"applicationmanagehandovers-display-component---AddNewHO--dueDate"}]}
RESULT: undefined
COMMAND: POST /session/d2b61baf962823bd836e23b68c74a1fc/execute/async - {"script":"<script> [6424 bytes]","args":[{"element-6066-11e4-a52e-4f735466cecf":"f.EF0E81B17C62DBBEF55F8BAE4B803037.d.B5203B68C044A31CCB982F15103AFE7C.e.3651"},"setValue",["05/07/2025"]]}
RESULT: {"script":"<script> [6424 bytes]","args":[{"element-6066-11e4-a52e-4f735466cecf":"f.EF0E81B17C62DBBEF55F8BAE4B803037.d.B5203B68C044A31CCB982F15103AFE7C.e.3651"},"setValue",["05/07/2025"]]}
COMMAND: POST /session/d2b61baf962823bd836e23b68c74a1fc/element - {"using":"xpath","value":"//input[@id=\"generalSectionFrg--receiveYard-inner\"]"}
RESULT: {"using":"xpath","value":"//input[@id=\"generalSectionFrg--receiveYard-inner\"]"}
COMMAND: POST /session/d2b61baf962823bd836e23b68c74a1fc/element/f.EF0E81B17C62DBBEF55F8BAE4B803037.d.B5203B68C044A31CCB982F15103AFE7C.e.3657/clear - {}
RESULT: {}
COMMAND: POST /session/d2b61baf962823bd836e23b68c74a1fc/element/f.EF0E81B17C62DBBEF55F8BAE4B803037.d.B5203B68C044A31CCB982F15103AFE7C.e.3657/value - {"text":"665"}
COMMAND: GET /session/d2b61baf962823bd836e23b68c74a1fc/screenshot - {}
RESULT: {"text":"665"}
COMMAND: GET /session/d2b61baf962823bd836e23b68c74a1fc/screenshot - {}
RESULT: {}
RESULT: {}
COMMAND: POST /session/d2b61baf962823bd836e23b68c74a1fc/element - {"using":"xpath","value":"//li[.//span[text()='665']]"}
RESULT: {"using":"xpath","value":"//li[.//span[text()='665']]"}
COMMAND: POST /session/d2b61baf962823bd836e23b68c74a1fc/element/f.EF0E81B17C62DBBEF55F8BAE4B803037.d.B5203B68C044A31CCB982F15103AFE7C.e.3675/click - {}
RESULT: {}
COMMAND: GET /session/d2b61baf962823bd836e23b68c74a1fc/screenshot - {}
RESULT: {}
COMMAND: POST /session/d2b61baf962823bd836e23b68c74a1fc/execute/async - {"script":"<script> [1562 bytes]","args":[{"selector":{"id":"application-managehandovers-display-component---AddNewHO--ObjectPageLayout-anchBar-application-managehandovers-display-component---AddNewHO--section4-anchor","interaction":{"idSuffix":"BDI-content"}},"wdio_ui5_key":"applicationmanagehandovers-display-component---AddNewHO--ObjectPageLayout-anchBar-application-managehandovers-display-component---AddNewHO--section4-anchor"}]}
RESULT: {"script":"<script> [1562 bytes]","args":[{"selector":{"id":"application-managehandovers-display-component---AddNewHO--ObjectPageLayout-anchBar-application-managehandovers-display-component---AddNewHO--section4-anchor","interaction":{"idSuffix":"BDI-content"}},"wdio_ui5_key":"applicationmanagehandovers-display-component---AddNewHO--ObjectPageLayout-anchBar-application-managehandovers-display-component---AddNewHO--section4-anchor"}]}
RESULT: undefined
COMMAND: POST /session/d2b61baf962823bd836e23b68c74a1fc/element - {"using":"xpath","value":"//*[@id=\"application-managehandovers-display-component---AddNewHO--ObjectPageLayout-anchBar-application-managehandovers-display-component---AddNewHO--section4-anchor\"]"}
RESULT: {"using":"xpath","value":"//*[@id=\"application-managehandovers-display-component---AddNewHO--ObjectPageLayout-anchBar-application-managehandovers-display-component---AddNewHO--section4-anchor\"]"}
COMMAND: POST /session/d2b61baf962823bd836e23b68c74a1fc/element/f.EF0E81B17C62DBBEF55F8BAE4B803037.d.B5203B68C044A31CCB982F15103AFE7C.e.3677/click - {}
RESULT: {}
COMMAND: POST /session/d2b61baf962823bd836e23b68c74a1fc/element - {"using":"xpath","value":"//button[@aria-label=\"Add\"]"}
COMMAND: GET /session/d2b61baf962823bd836e23b68c74a1fc/screenshot - {}
RESULT: {"using":"xpath","value":"//button[@aria-label=\"Add\"]"}
COMMAND: POST /session/d2b61baf962823bd836e23b68c74a1fc/element/f.EF0E81B17C62DBBEF55F8BAE4B803037.d.B5203B68C044A31CCB982F15103AFE7C.e.3679/click - {}
RESULT: {}
RESULT: {}
COMMAND: GET /session/d2b61baf962823bd836e23b68c74a1fc/screenshot - {}
COMMAND: POST /session/d2b61baf962823bd836e23b68c74a1fc/execute/async - {"script":"<script> [1562 bytes]","args":[{"selector":{"id":"application-managehandovers-display-component---AddNewHO--smartFilterBar-btnBasicSearch","searchOpenDialogs":true,"interaction":{"idSuffix":"I"}},"wdio_ui5_key":"applicationmanagehandovers-display-component---AddNewHO--smartFilterBar-btnBasicSearch"}]}
RESULT: {}
RESULT: {"script":"<script> [1562 bytes]","args":[{"selector":{"id":"application-managehandovers-display-component---AddNewHO--smartFilterBar-btnBasicSearch","searchOpenDialogs":true,"interaction":{"idSuffix":"I"}},"wdio_ui5_key":"applicationmanagehandovers-display-component---AddNewHO--smartFilterBar-btnBasicSearch"}]}
RESULT: undefined
COMMAND: POST /session/d2b61baf962823bd836e23b68c74a1fc/execute/async - {"script":"<script> [776 bytes]","args":[{"enterText":"200369","selector":{"id":"application-managehandovers-display-component---AddNewHO--smartFilterBar-btnBasicSearch","searchOpenDialogs":true,"interaction":{"idSuffix":"I"}},"clearTextFirst":true,"interactionType":"ENTER_TEXT"}]}
RESULT: {"script":"<script> [776 bytes]","args":[{"enterText":"200369","selector":{"id":"application-managehandovers-display-component---AddNewHO--smartFilterBar-btnBasicSearch","searchOpenDialogs":true,"interaction":{"idSuffix":"I"}},"clearTextFirst":true,"interactionType":"ENTER_TEXT"}]}
COMMAND: POST /session/d2b61baf962823bd836e23b68c74a1fc/actions - {"actions":[{"id":"action13","type":"key","parameters":{},"actions":[{"type":"keyDown","value":"î€‡"},{"type":"pause","duration":10},{"type":"keyUp","value":"î€‡"}]}]}
RESULT: {"actions":[{"id":"action13","type":"key","parameters":{},"actions":[{"type":"keyDown","value":"î€‡"},{"type":"pause","duration":10},{"type":"keyUp","value":"î€‡"}]}]}
COMMAND: GET /session/d2b61baf962823bd836e23b68c74a1fc/screenshot - {}
RESULT: {}
COMMAND: POST /session/d2b61baf962823bd836e23b68c74a1fc/execute/async - {"script":"<script> [1562 bytes]","args":[{"selector":{"id":"application-managehandovers-display-component---AddNewHO--popup-sa","searchOpenDialogs":true,"interaction":{"idSuffix":"CbBg"}},"wdio_ui5_key":"applicationmanagehandovers-display-component---AddNewHO--popup-sa"}]}
RESULT: {"script":"<script> [1562 bytes]","args":[{"selector":{"id":"application-managehandovers-display-component---AddNewHO--popup-sa","searchOpenDialogs":true,"interaction":{"idSuffix":"CbBg"}},"wdio_ui5_key":"applicationmanagehandovers-display-component---AddNewHO--popup-sa"}]}
RESULT: undefined
COMMAND: POST /session/d2b61baf962823bd836e23b68c74a1fc/element - {"using":"xpath","value":"//*[@id=\"application-managehandovers-display-component---AddNewHO--popup-sa\"]"}
RESULT: {"using":"xpath","value":"//*[@id=\"application-managehandovers-display-component---AddNewHO--popup-sa\"]"}
COMMAND: POST /session/d2b61baf962823bd836e23b68c74a1fc/element/f.EF0E81B17C62DBBEF55F8BAE4B803037.d.B5203B68C044A31CCB982F15103AFE7C.e.3834/click - {}
RESULT: {}
COMMAND: GET /session/d2b61baf962823bd836e23b68c74a1fc/screenshot - {}
RESULT: {}
COMMAND: POST /session/d2b61baf962823bd836e23b68c74a1fc/element - {"using":"xpath","value":"//bdi[contains(text(), \"Select\")]"}
RESULT: {"using":"xpath","value":"//bdi[contains(text(), \"Select\")]"}
COMMAND: POST /session/d2b61baf962823bd836e23b68c74a1fc/element/f.EF0E81B17C62DBBEF55F8BAE4B803037.d.B5203B68C044A31CCB982F15103AFE7C.e.3835/click - {}
RESULT: {}
COMMAND: GET /session/d2b61baf962823bd836e23b68c74a1fc/screenshot - {}
RESULT: {}
COMMAND: POST /session/d2b61baf962823bd836e23b68c74a1fc/element - {"using":"xpath","value":"//button[@data-kt=\"AddNewHOSaveButton\"]"}
RESULT: {"using":"xpath","value":"//button[@data-kt=\"AddNewHOSaveButton\"]"}
COMMAND: POST /session/d2b61baf962823bd836e23b68c74a1fc/element/f.EF0E81B17C62DBBEF55F8BAE4B803037.d.B5203B68C044A31CCB982F15103AFE7C.e.3839/click - {}
RESULT: {}
COMMAND: GET /session/d2b61baf962823bd836e23b68c74a1fc/screenshot - {}
COMMAND: POST /session/d2b61baf962823bd836e23b68c74a1fc/execute/async - {"script":"<script> [1562 bytes]","args":[{"selector":{"id":"receiptDatePicker","viewName":"etm.portal.ui.managehandovers.view.DetailExecuteHO","interaction":{"idSuffix":"inner"}},"wdio_ui5_key":"receiptDatePickeretmportal.ui.managehandovers.view.DetailExecuteHO"}]}
RESULT: {}
RESULT: {"script":"<script> [1562 bytes]","args":[{"selector":{"id":"receiptDatePicker","viewName":"etm.portal.ui.managehandovers.view.DetailExecuteHO","interaction":{"idSuffix":"inner"}},"wdio_ui5_key":"receiptDatePickeretmportal.ui.managehandovers.view.DetailExecuteHO"}]}
RESULT: undefined
COMMAND: POST /session/d2b61baf962823bd836e23b68c74a1fc/execute/async - {"script":"<script> [6424 bytes]","args":[{"element-6066-11e4-a52e-4f735466cecf":"f.EF0E81B17C62DBBEF55F8BAE4B803037.d.B5203B68C044A31CCB982F15103AFE7C.e.3869"},"setValue",["05/07/2025"]]}
RESULT: {"script":"<script> [6424 bytes]","args":[{"element-6066-11e4-a52e-4f735466cecf":"f.EF0E81B17C62DBBEF55F8BAE4B803037.d.B5203B68C044A31CCB982F15103AFE7C.e.3869"},"setValue",["05/07/2025"]]}
COMMAND: POST /session/d2b61baf962823bd836e23b68c74a1fc/element - {"using":"xpath","value":"//button[@data-kt=\"PickingTableConfirmAllButton\"]"}
RESULT: {"using":"xpath","value":"//button[@data-kt=\"PickingTableConfirmAllButton\"]"}
COMMAND: POST /session/d2b61baf962823bd836e23b68c74a1fc/element/f.EF0E81B17C62DBBEF55F8BAE4B803037.d.B5203B68C044A31CCB982F15103AFE7C.e.3883/click - {}
RESULT: {}
COMMAND: GET /session/d2b61baf962823bd836e23b68c74a1fc/screenshot - {}
RESULT: {}
COMMAND: POST /session/d2b61baf962823bd836e23b68c74a1fc/element - {"using":"xpath","value":"//bdi[contains(text(), \"OK\")]"}
RESULT: {"using":"xpath","value":"//bdi[contains(text(), \"OK\")]"}
COMMAND: POST /session/d2b61baf962823bd836e23b68c74a1fc/element/f.EF0E81B17C62DBBEF55F8BAE4B803037.d.B5203B68C044A31CCB982F15103AFE7C.e.3885/click - {}
RESULT: {}
COMMAND: GET /session/d2b61baf962823bd836e23b68c74a1fc/screenshot - {}
RESULT: {}
COMMAND: POST /session/d2b61baf962823bd836e23b68c74a1fc/element - {"using":"xpath","value":"(//bdi[contains(text(), \"Receive\")])[2]"}
RESULT: {"using":"xpath","value":"(//bdi[contains(text(), \"Receive\")])[2]"}
COMMAND: POST /session/d2b61baf962823bd836e23b68c74a1fc/element/f.EF0E81B17C62DBBEF55F8BAE4B803037.d.B5203B68C044A31CCB982F15103AFE7C.e.3887/click - {}
RESULT: {}
COMMAND: GET /session/d2b61baf962823bd836e23b68c74a1fc/screenshot - {}
RESULT: {}
COMMAND: POST /session/d2b61baf962823bd836e23b68c74a1fc/element - {"using":"css selector","value":"#shell-header-logo"}
RESULT: {"using":"css selector","value":"#shell-header-logo"}
COMMAND: POST /session/d2b61baf962823bd836e23b68c74a1fc/element/f.EF0E81B17C62DBBEF55F8BAE4B803037.d.B5203B68C044A31CCB982F15103AFE7C.e.3258/click - {}
RESULT: {}
COMMAND: GET /session/d2b61baf962823bd836e23b68c74a1fc/screenshot - {}
RESULT: {}
]]></system-out>
    </testcase>
    <testcase classname="chrome.135_0_7049_115.windows.Prerequisites_&amp;_test_for_yard_mass_return_on_Yard_Overview_US131057" name="Prereq Should create a new contract" time="67.049">
      <system-out><![CDATA[
COMMAND: POST /session/d2b61baf962823bd836e23b68c74a1fc/execute/async - {"script":"<script> [1562 bytes]","args":[{"selector":{"controlType":"sap.m.Text","viewName":"etm.portal.ui.managecontractstile.view.Master","properties":{"text":"Manage Contracts"},"interaction":{"idSuffix":"inner"}},"wdio_ui5_key":"etmportal.ui.managecontractstile.view.Mastersap.m.Text{\"text\":\"Manage Contracts\"}"}]}
RESULT: {"script":"<script> [1562 bytes]","args":[{"selector":{"controlType":"sap.m.Text","viewName":"etm.portal.ui.managecontractstile.view.Master","properties":{"text":"Manage Contracts"},"interaction":{"idSuffix":"inner"}},"wdio_ui5_key":"etmportal.ui.managecontractstile.view.Mastersap.m.Text{\"text\":\"Manage Contracts\"}"}]}
RESULT: undefined
COMMAND: POST /session/d2b61baf962823bd836e23b68c74a1fc/element - {"using":"xpath","value":"//*[@id=\"__tile130-title\"]"}
RESULT: {"using":"xpath","value":"//*[@id=\"__tile130-title\"]"}
COMMAND: POST /session/d2b61baf962823bd836e23b68c74a1fc/element/f.EF0E81B17C62DBBEF55F8BAE4B803037.d.B5203B68C044A31CCB982F15103AFE7C.e.4171/click - {}
RESULT: {}
COMMAND: GET /session/d2b61baf962823bd836e23b68c74a1fc/screenshot - {}
RESULT: {}
COMMAND: POST /session/d2b61baf962823bd836e23b68c74a1fc/element - {"using":"xpath","value":"//button[@data-kt=\"addButton\"]"}
RESULT: {"using":"xpath","value":"//button[@data-kt=\"addButton\"]"}
COMMAND: POST /session/d2b61baf962823bd836e23b68c74a1fc/elements - {"using":"xpath","value":"//button[@data-kt=\"addButton\"]"}
RESULT: {"using":"xpath","value":"//button[@data-kt=\"addButton\"]"}
COMMAND: POST /session/d2b61baf962823bd836e23b68c74a1fc/execute/sync - {"script":"<script> [8489 bytes]","args":[{"element-6066-11e4-a52e-4f735466cecf":"f.EF0E81B17C62DBBEF55F8BAE4B803037.d.B5203B68C044A31CCB982F15103AFE7C.e.4242","ELEMENT":"f.EF0E81B17C62DBBEF55F8BAE4B803037.d.B5203B68C044A31CCB982F15103AFE7C.e.4242"}]}
RESULT: {"script":"<script> [8489 bytes]","args":[{"element-6066-11e4-a52e-4f735466cecf":"f.EF0E81B17C62DBBEF55F8BAE4B803037.d.B5203B68C044A31CCB982F15103AFE7C.e.4242","ELEMENT":"f.EF0E81B17C62DBBEF55F8BAE4B803037.d.B5203B68C044A31CCB982F15103AFE7C.e.4242"}]}
COMMAND: GET /session/d2b61baf962823bd836e23b68c74a1fc/element/f.EF0E81B17C62DBBEF55F8BAE4B803037.d.B5203B68C044A31CCB982F15103AFE7C.e.4242/enabled - {}
COMMAND: GET /session/d2b61baf962823bd836e23b68c74a1fc/screenshot - {}
RESULT: {}
COMMAND: POST /session/d2b61baf962823bd836e23b68c74a1fc/execute/sync - {"script":"<script> [8489 bytes]","args":[{"element-6066-11e4-a52e-4f735466cecf":"f.EF0E81B17C62DBBEF55F8BAE4B803037.d.B5203B68C044A31CCB982F15103AFE7C.e.4242","ELEMENT":"f.EF0E81B17C62DBBEF55F8BAE4B803037.d.B5203B68C044A31CCB982F15103AFE7C.e.4242"}]}
COMMAND: GET /session/d2b61baf962823bd836e23b68c74a1fc/screenshot - {}
RESULT: {}
RESULT: {"script":"<script> [8489 bytes]","args":[{"element-6066-11e4-a52e-4f735466cecf":"f.EF0E81B17C62DBBEF55F8BAE4B803037.d.B5203B68C044A31CCB982F15103AFE7C.e.4242","ELEMENT":"f.EF0E81B17C62DBBEF55F8BAE4B803037.d.B5203B68C044A31CCB982F15103AFE7C.e.4242"}]}
COMMAND: POST /session/d2b61baf962823bd836e23b68c74a1fc/execute/sync - {"script":"<script> [5351 bytes]","args":[{"element-6066-11e4-a52e-4f735466cecf":"f.EF0E81B17C62DBBEF55F8BAE4B803037.d.B5203B68C044A31CCB982F15103AFE7C.e.4242","ELEMENT":"f.EF0E81B17C62DBBEF55F8BAE4B803037.d.B5203B68C044A31CCB982F15103AFE7C.e.4242"}]}
COMMAND: GET /session/d2b61baf962823bd836e23b68c74a1fc/screenshot - {}
RESULT: {}
RESULT: {"script":"<script> [5351 bytes]","args":[{"element-6066-11e4-a52e-4f735466cecf":"f.EF0E81B17C62DBBEF55F8BAE4B803037.d.B5203B68C044A31CCB982F15103AFE7C.e.4242","ELEMENT":"f.EF0E81B17C62DBBEF55F8BAE4B803037.d.B5203B68C044A31CCB982F15103AFE7C.e.4242"}]}
COMMAND: GET /session/d2b61baf962823bd836e23b68c74a1fc/screenshot - {}
RESULT: {}
RESULT: {}
COMMAND: POST /session/d2b61baf962823bd836e23b68c74a1fc/element/f.EF0E81B17C62DBBEF55F8BAE4B803037.d.B5203B68C044A31CCB982F15103AFE7C.e.4242/click - {}
RESULT: {}
COMMAND: GET /session/d2b61baf962823bd836e23b68c74a1fc/screenshot - {}
COMMAND: POST /session/d2b61baf962823bd836e23b68c74a1fc/execute/async - {"script":"<script> [1562 bytes]","args":[{"selector":{"id":"application-managecontracts-display-component---AddNewContract--projectDescription","interaction":{"idSuffix":"inner"}},"wdio_ui5_key":"applicationmanagecontracts-display-component---AddNewContract--projectDescription"}]}
RESULT: {}
RESULT: {"script":"<script> [1562 bytes]","args":[{"selector":{"id":"application-managecontracts-display-component---AddNewContract--projectDescription","interaction":{"idSuffix":"inner"}},"wdio_ui5_key":"applicationmanagecontracts-display-component---AddNewContract--projectDescription"}]}
RESULT: undefined
COMMAND: POST /session/d2b61baf962823bd836e23b68c74a1fc/execute/async - {"script":"<script> [776 bytes]","args":[{"enterText":"Contract WDIO","selector":{"id":"application-managecontracts-display-component---AddNewContract--projectDescription","interaction":{"idSuffix":"inner"}},"clearTextFirst":true,"interactionType":"ENTER_TEXT"}]}
RESULT: {"script":"<script> [776 bytes]","args":[{"enterText":"Contract WDIO","selector":{"id":"application-managecontracts-display-component---AddNewContract--projectDescription","interaction":{"idSuffix":"inner"}},"clearTextFirst":true,"interactionType":"ENTER_TEXT"}]}
COMMAND: POST /session/d2b61baf962823bd836e23b68c74a1fc/element - {"using":"xpath","value":"//input[@id=\"application-managecontracts-display-component---AddNewContract--site-inner\"]"}
RESULT: {"using":"xpath","value":"//input[@id=\"application-managecontracts-display-component---AddNewContract--site-inner\"]"}
COMMAND: POST /session/d2b61baf962823bd836e23b68c74a1fc/element/f.EF0E81B17C62DBBEF55F8BAE4B803037.d.B5203B68C044A31CCB982F15103AFE7C.e.4537/clear - {}
RESULT: {}
COMMAND: POST /session/d2b61baf962823bd836e23b68c74a1fc/element/f.EF0E81B17C62DBBEF55F8BAE4B803037.d.B5203B68C044A31CCB982F15103AFE7C.e.4537/value - {"text":"2494"}
COMMAND: GET /session/d2b61baf962823bd836e23b68c74a1fc/screenshot - {}
RESULT: {"text":"2494"}
COMMAND: GET /session/d2b61baf962823bd836e23b68c74a1fc/screenshot - {}
RESULT: {}
RESULT: {}
COMMAND: POST /session/d2b61baf962823bd836e23b68c74a1fc/element - {"using":"xpath","value":"//li[.//span[text()='2494']]"}
RESULT: {"using":"xpath","value":"//li[.//span[text()='2494']]"}
COMMAND: POST /session/d2b61baf962823bd836e23b68c74a1fc/element/f.EF0E81B17C62DBBEF55F8BAE4B803037.d.B5203B68C044A31CCB982F15103AFE7C.e.4560/click - {}
RESULT: {}
COMMAND: GET /session/d2b61baf962823bd836e23b68c74a1fc/screenshot - {}
RESULT: {}
COMMAND: POST /session/d2b61baf962823bd836e23b68c74a1fc/element - {"using":"xpath","value":"//input[@id=\"application-managecontracts-display-component---AddNewContract--yardId-inner\"]"}
RESULT: {"using":"xpath","value":"//input[@id=\"application-managecontracts-display-component---AddNewContract--yardId-inner\"]"}
COMMAND: GET /session/d2b61baf962823bd836e23b68c74a1fc/element/f.EF0E81B17C62DBBEF55F8BAE4B803037.d.B5203B68C044A31CCB982F15103AFE7C.e.4538/property/value - {}
RESULT: {}
COMMAND: POST /session/d2b61baf962823bd836e23b68c74a1fc/element - {"using":"xpath","value":"//input[@id=\"application-managecontracts-display-component---AddNewContract--customerSelect-inner\"]"}
COMMAND: GET /session/d2b61baf962823bd836e23b68c74a1fc/screenshot - {}
RESULT: {"using":"xpath","value":"//input[@id=\"application-managecontracts-display-component---AddNewContract--customerSelect-inner\"]"}
COMMAND: POST /session/d2b61baf962823bd836e23b68c74a1fc/element/f.EF0E81B17C62DBBEF55F8BAE4B803037.d.B5203B68C044A31CCB982F15103AFE7C.e.4536/clear - {}
RESULT: {}
RESULT: {}
COMMAND: POST /session/d2b61baf962823bd836e23b68c74a1fc/element/f.EF0E81B17C62DBBEF55F8BAE4B803037.d.B5203B68C044A31CCB982F15103AFE7C.e.4536/value - {"text":"1539"}
COMMAND: GET /session/d2b61baf962823bd836e23b68c74a1fc/screenshot - {}
RESULT: {"text":"1539"}
COMMAND: GET /session/d2b61baf962823bd836e23b68c74a1fc/screenshot - {}
RESULT: {}
RESULT: {}
COMMAND: POST /session/d2b61baf962823bd836e23b68c74a1fc/element - {"using":"xpath","value":"//li[.//span[text()='1539']]"}
RESULT: {"using":"xpath","value":"//li[.//span[text()='1539']]"}
COMMAND: POST /session/d2b61baf962823bd836e23b68c74a1fc/element/f.EF0E81B17C62DBBEF55F8BAE4B803037.d.B5203B68C044A31CCB982F15103AFE7C.e.4563/click - {}
RESULT: {}
COMMAND: GET /session/d2b61baf962823bd836e23b68c74a1fc/screenshot - {}
RESULT: {}
COMMAND: POST /session/d2b61baf962823bd836e23b68c74a1fc/element - {"using":"xpath","value":"//button[@data-kt=\"saveButton\"]"}
RESULT: {"using":"xpath","value":"//button[@data-kt=\"saveButton\"]"}
COMMAND: POST /session/d2b61baf962823bd836e23b68c74a1fc/element/f.EF0E81B17C62DBBEF55F8BAE4B803037.d.B5203B68C044A31CCB982F15103AFE7C.e.4553/click - {}
RESULT: {}
COMMAND: GET /session/d2b61baf962823bd836e23b68c74a1fc/screenshot - {}
RESULT: {}
COMMAND: POST /session/d2b61baf962823bd836e23b68c74a1fc/element - {"using":"xpath","value":"//span[contains(@id ,\"contractDetailTitleNoExpanded\")]"}
RESULT: {"using":"xpath","value":"//span[contains(@id ,\"contractDetailTitleNoExpanded\")]"}
COMMAND: POST /session/d2b61baf962823bd836e23b68c74a1fc/elements - {"using":"xpath","value":"//span[contains(@id ,\"contractDetailTitleNoExpanded\")]"}
RESULT: {"using":"xpath","value":"//span[contains(@id ,\"contractDetailTitleNoExpanded\")]"}
COMMAND: POST /session/d2b61baf962823bd836e23b68c74a1fc/execute/sync - {"script":"<script> [56 bytes]","args":[{"element-6066-11e4-a52e-4f735466cecf":"f.EF0E81B17C62DBBEF55F8BAE4B803037.d.B5203B68C044A31CCB982F15103AFE7C.e.4636","ELEMENT":"f.EF0E81B17C62DBBEF55F8BAE4B803037.d.B5203B68C044A31CCB982F15103AFE7C.e.4636"}]}
RESULT: {"script":"<script> [56 bytes]","args":[{"element-6066-11e4-a52e-4f735466cecf":"f.EF0E81B17C62DBBEF55F8BAE4B803037.d.B5203B68C044A31CCB982F15103AFE7C.e.4636","ELEMENT":"f.EF0E81B17C62DBBEF55F8BAE4B803037.d.B5203B68C044A31CCB982F15103AFE7C.e.4636"}]}
COMMAND: GET /session/d2b61baf962823bd836e23b68c74a1fc/screenshot - {}
RESULT: {}
]]></system-out>
    </testcase>
    <testcase classname="chrome.135_0_7049_115.windows.Prerequisites_&amp;_test_for_yard_mass_return_on_Yard_Overview_US131057" name="Prereq Should add created material to contract" time="56.832">
      <system-out><![CDATA[
COMMAND: POST /session/d2b61baf962823bd836e23b68c74a1fc/element - {"using":"xpath","value":"//button[@data-kt=\"contractDetailEditBtnButton\"]"}
RESULT: {"using":"xpath","value":"//button[@data-kt=\"contractDetailEditBtnButton\"]"}
COMMAND: POST /session/d2b61baf962823bd836e23b68c74a1fc/element/f.EF0E81B17C62DBBEF55F8BAE4B803037.d.B5203B68C044A31CCB982F15103AFE7C.e.4638/click - {}
RESULT: {}
COMMAND: GET /session/d2b61baf962823bd836e23b68c74a1fc/screenshot - {}
RESULT: {}
COMMAND: POST /session/d2b61baf962823bd836e23b68c74a1fc/element - {"using":"xpath","value":"(//span[contains(text(), \"Additional Addresses\")])[2]"}
RESULT: {"using":"xpath","value":"(//span[contains(text(), \"Additional Addresses\")])[2]"}
COMMAND: POST /session/d2b61baf962823bd836e23b68c74a1fc/element/f.EF0E81B17C62DBBEF55F8BAE4B803037.d.B5203B68C044A31CCB982F15103AFE7C.e.4696/click - {}
RESULT: {}
COMMAND: GET /session/d2b61baf962823bd836e23b68c74a1fc/screenshot - {}
RESULT: {}
COMMAND: POST /session/d2b61baf962823bd836e23b68c74a1fc/element - {"using":"xpath","value":"//button[@data-kt=\"btnAddTableRowOverflowToolbarButton\"]"}
RESULT: {"using":"xpath","value":"//button[@data-kt=\"btnAddTableRowOverflowToolbarButton\"]"}
COMMAND: POST /session/d2b61baf962823bd836e23b68c74a1fc/element/f.EF0E81B17C62DBBEF55F8BAE4B803037.d.B5203B68C044A31CCB982F15103AFE7C.e.4698/click - {}
RESULT: {}
COMMAND: GET /session/d2b61baf962823bd836e23b68c74a1fc/screenshot - {}
RESULT: {}
COMMAND: POST /session/d2b61baf962823bd836e23b68c74a1fc/element - {"using":"xpath","value":"//div[(text() = 'Standard Entry' or . = 'Standard Entry')]"}
RESULT: {"using":"xpath","value":"//div[(text() = 'Standard Entry' or . = 'Standard Entry')]"}
COMMAND: POST /session/d2b61baf962823bd836e23b68c74a1fc/element/f.EF0E81B17C62DBBEF55F8BAE4B803037.d.B5203B68C044A31CCB982F15103AFE7C.e.4700/click - {}
RESULT: {}
COMMAND: GET /session/d2b61baf962823bd836e23b68c74a1fc/screenshot - {}
RESULT: {}
COMMAND: POST /session/d2b61baf962823bd836e23b68c74a1fc/element - {"using":"xpath","value":"//td[6]/div/div/div/span"}
RESULT: {"using":"xpath","value":"//td[6]/div/div/div/span"}
COMMAND: POST /session/d2b61baf962823bd836e23b68c74a1fc/element/f.EF0E81B17C62DBBEF55F8BAE4B803037.d.B5203B68C044A31CCB982F15103AFE7C.e.4712/click - {}
RESULT: {}
COMMAND: GET /session/d2b61baf962823bd836e23b68c74a1fc/screenshot - {}
RESULT: {}
COMMAND: POST /session/d2b61baf962823bd836e23b68c74a1fc/element - {"using":"xpath","value":"(//span[contains(text(), \"Material\")])"}
RESULT: {"using":"xpath","value":"(//span[contains(text(), \"Material\")])"}
COMMAND: POST /session/d2b61baf962823bd836e23b68c74a1fc/element/f.EF0E81B17C62DBBEF55F8BAE4B803037.d.B5203B68C044A31CCB982F15103AFE7C.e.4713/click - {}
RESULT: {}
COMMAND: GET /session/d2b61baf962823bd836e23b68c74a1fc/screenshot - {}
RESULT: {}
COMMAND: POST /session/d2b61baf962823bd836e23b68c74a1fc/element - {"using":"xpath","value":"//td[7]/div/div/input"}
RESULT: {"using":"xpath","value":"//td[7]/div/div/input"}
COMMAND: POST /session/d2b61baf962823bd836e23b68c74a1fc/element/f.EF0E81B17C62DBBEF55F8BAE4B803037.d.B5203B68C044A31CCB982F15103AFE7C.e.4717/clear - {}
RESULT: {}
COMMAND: POST /session/d2b61baf962823bd836e23b68c74a1fc/element/f.EF0E81B17C62DBBEF55F8BAE4B803037.d.B5203B68C044A31CCB982F15103AFE7C.e.4717/value - {"text":"200369"}
COMMAND: GET /session/d2b61baf962823bd836e23b68c74a1fc/screenshot - {}
RESULT: {"text":"200369"}
COMMAND: GET /session/d2b61baf962823bd836e23b68c74a1fc/screenshot - {}
RESULT: {}
RESULT: {}
COMMAND: POST /session/d2b61baf962823bd836e23b68c74a1fc/actions - {"actions":[{"id":"action14","type":"key","parameters":{},"actions":[{"type":"keyDown","value":"î€‡"},{"type":"pause","duration":10},{"type":"keyUp","value":"î€‡"}]}]}
RESULT: {"actions":[{"id":"action14","type":"key","parameters":{},"actions":[{"type":"keyDown","value":"î€‡"},{"type":"pause","duration":10},{"type":"keyUp","value":"î€‡"}]}]}
COMMAND: GET /session/d2b61baf962823bd836e23b68c74a1fc/screenshot - {}
RESULT: {}
COMMAND: POST /session/d2b61baf962823bd836e23b68c74a1fc/execute/sync - {"script":"<script> [276 bytes]","args":["No pricing information was found"]}
RESULT: {"script":"<script> [276 bytes]","args":["No pricing information was found"]}
COMMAND: POST /session/d2b61baf962823bd836e23b68c74a1fc/element - {"using":"xpath","value":"//bdi[contains(text(), \"OK\")]"}
COMMAND: GET /session/d2b61baf962823bd836e23b68c74a1fc/screenshot - {}
RESULT: {"using":"xpath","value":"//bdi[contains(text(), \"OK\")]"}
COMMAND: POST /session/d2b61baf962823bd836e23b68c74a1fc/element/f.EF0E81B17C62DBBEF55F8BAE4B803037.d.B5203B68C044A31CCB982F15103AFE7C.e.4743/click - {}
RESULT: {}
RESULT: {}
COMMAND: GET /session/d2b61baf962823bd836e23b68c74a1fc/screenshot - {}
RESULT: {}
COMMAND: POST /session/d2b61baf962823bd836e23b68c74a1fc/element - {"using":"xpath","value":"(//button[@data-kt=\"saveButton\"])[2]"}
RESULT: {"using":"xpath","value":"(//button[@data-kt=\"saveButton\"])[2]"}
COMMAND: POST /session/d2b61baf962823bd836e23b68c74a1fc/element/f.EF0E81B17C62DBBEF55F8BAE4B803037.d.B5203B68C044A31CCB982F15103AFE7C.e.4744/click - {}
RESULT: {}
COMMAND: GET /session/d2b61baf962823bd836e23b68c74a1fc/screenshot - {}
RESULT: {}
COMMAND: POST /session/d2b61baf962823bd836e23b68c74a1fc/execute/sync - {"script":"<script> [276 bytes]","args":["Some contract items are having rental validity exceeding header rental validity"]}
RESULT: {"script":"<script> [276 bytes]","args":["Some contract items are having rental validity exceeding header rental validity"]}
COMMAND: GET /session/d2b61baf962823bd836e23b68c74a1fc/screenshot - {}
RESULT: {}
COMMAND: POST /session/d2b61baf962823bd836e23b68c74a1fc/element - {"using":"xpath","value":"//span[contains(@id ,\"contractItemsSmartTable-header-inner\")]"}
RESULT: {"using":"xpath","value":"//span[contains(@id ,\"contractItemsSmartTable-header-inner\")]"}
COMMAND: POST /session/d2b61baf962823bd836e23b68c74a1fc/elements - {"using":"xpath","value":"//span[contains(@id ,\"contractItemsSmartTable-header-inner\")]"}
RESULT: {"using":"xpath","value":"//span[contains(@id ,\"contractItemsSmartTable-header-inner\")]"}
COMMAND: POST /session/d2b61baf962823bd836e23b68c74a1fc/execute/sync - {"script":"<script> [56 bytes]","args":[{"element-6066-11e4-a52e-4f735466cecf":"f.EF0E81B17C62DBBEF55F8BAE4B803037.d.B5203B68C044A31CCB982F15103AFE7C.e.4748","ELEMENT":"f.EF0E81B17C62DBBEF55F8BAE4B803037.d.B5203B68C044A31CCB982F15103AFE7C.e.4748"}]}
RESULT: {"script":"<script> [56 bytes]","args":[{"element-6066-11e4-a52e-4f735466cecf":"f.EF0E81B17C62DBBEF55F8BAE4B803037.d.B5203B68C044A31CCB982F15103AFE7C.e.4748","ELEMENT":"f.EF0E81B17C62DBBEF55F8BAE4B803037.d.B5203B68C044A31CCB982F15103AFE7C.e.4748"}]}
COMMAND: GET /session/d2b61baf962823bd836e23b68c74a1fc/screenshot - {}
]]></system-out>
    </testcase>
    <testcase classname="chrome.135_0_7049_115.windows.Prerequisites_&amp;_test_for_yard_mass_return_on_Yard_Overview_US131057" name="Prerq Should do a provide to site handover" time="60.882">
      <system-out><![CDATA[
COMMAND: POST /session/d2b61baf962823bd836e23b68c74a1fc/element - {"using":"xpath","value":"//button[@data-kt=\"provideButton\"]"}
RESULT: {}
RESULT: {"using":"xpath","value":"//button[@data-kt=\"provideButton\"]"}
COMMAND: POST /session/d2b61baf962823bd836e23b68c74a1fc/element/f.EF0E81B17C62DBBEF55F8BAE4B803037.d.B5203B68C044A31CCB982F15103AFE7C.e.4749/click - {}
RESULT: {}
COMMAND: GET /session/d2b61baf962823bd836e23b68c74a1fc/screenshot - {}
RESULT: {}
RESULT: undefined
COMMAND: POST /session/d2b61baf962823bd836e23b68c74a1fc/execute/async - {"script":"<script> [6424 bytes]","args":[{"element-6066-11e4-a52e-4f735466cecf":"f.EF0E81B17C62DBBEF55F8BAE4B803037.d.B5203B68C044A31CCB982F15103AFE7C.e.3651"},"setValue",["05/07/2025"]]}
COMMAND: POST /session/d2b61baf962823bd836e23b68c74a1fc/execute/async - {"script":"<script> [1562 bytes]","args":[{"selector":{"id":"application-managehandovers-display-component---AddNewHO--dueDate","interaction":{"idSuffix":"inner"}},"wdio_ui5_key":"applicationmanagehandovers-display-component---AddNewHO--dueDate"}]}
RESULT: {"script":"<script> [1562 bytes]","args":[{"selector":{"id":"application-managehandovers-display-component---AddNewHO--dueDate","interaction":{"idSuffix":"inner"}},"wdio_ui5_key":"applicationmanagehandovers-display-component---AddNewHO--dueDate"}]}
COMMAND: POST /session/d2b61baf962823bd836e23b68c74a1fc/execute/async - {"script":"<script> [6424 bytes]","args":[{"element-6066-11e4-a52e-4f735466cecf":"f.EF0E81B17C62DBBEF55F8BAE4B803037.d.B5203B68C044A31CCB982F15103AFE7C.e.4825"},"setValue",["05/07/2025"]]}
RESULT: {"script":"<script> [6424 bytes]","args":[{"element-6066-11e4-a52e-4f735466cecf":"f.EF0E81B17C62DBBEF55F8BAE4B803037.d.B5203B68C044A31CCB982F15103AFE7C.e.4825"},"setValue",["05/07/2025"]]}
COMMAND: POST /session/d2b61baf962823bd836e23b68c74a1fc/element - {"using":"xpath","value":"//bdi[contains(text(), \"Instructions\")]"}
RESULT: {"using":"xpath","value":"//bdi[contains(text(), \"Instructions\")]"}
COMMAND: POST /session/d2b61baf962823bd836e23b68c74a1fc/element/f.EF0E81B17C62DBBEF55F8BAE4B803037.d.B5203B68C044A31CCB982F15103AFE7C.e.5070/click - {}
RESULT: {}
COMMAND: GET /session/d2b61baf962823bd836e23b68c74a1fc/screenshot - {}
RESULT: {}
COMMAND: POST /session/d2b61baf962823bd836e23b68c74a1fc/element - {"using":"xpath","value":"//button[@data-kt=\"AddNewHOProvideAddItemsButton\"]"}
RESULT: {"using":"xpath","value":"//button[@data-kt=\"AddNewHOProvideAddItemsButton\"]"}
COMMAND: POST /session/d2b61baf962823bd836e23b68c74a1fc/element/f.EF0E81B17C62DBBEF55F8BAE4B803037.d.B5203B68C044A31CCB982F15103AFE7C.e.5074/click - {}
RESULT: {}
COMMAND: GET /session/d2b61baf962823bd836e23b68c74a1fc/screenshot - {}
RESULT: {}
RESULT: undefined
COMMAND: POST /session/d2b61baf962823bd836e23b68c74a1fc/element - {"using":"xpath","value":"//*[@id=\"application-managehandovers-display-component---AddNewHO--popup-sa\"]"}
RESULT: {"using":"xpath","value":"//*[@id=\"application-managehandovers-display-component---AddNewHO--popup-sa\"]"}
COMMAND: POST /session/d2b61baf962823bd836e23b68c74a1fc/element/f.EF0E81B17C62DBBEF55F8BAE4B803037.d.B5203B68C044A31CCB982F15103AFE7C.e.5079/click - {}
RESULT: {}
COMMAND: GET /session/d2b61baf962823bd836e23b68c74a1fc/screenshot - {}
RESULT: {}
COMMAND: POST /session/d2b61baf962823bd836e23b68c74a1fc/element - {"using":"xpath","value":"//*[contains(@id ,\"BDI-content\")][contains(text(), \"Select\")]"}
RESULT: {"using":"xpath","value":"//*[contains(@id ,\"BDI-content\")][contains(text(), \"Select\")]"}
COMMAND: POST /session/d2b61baf962823bd836e23b68c74a1fc/element/f.EF0E81B17C62DBBEF55F8BAE4B803037.d.B5203B68C044A31CCB982F15103AFE7C.e.5080/click - {}
RESULT: {}
COMMAND: GET /session/d2b61baf962823bd836e23b68c74a1fc/screenshot - {}
RESULT: {}
COMMAND: POST /session/d2b61baf962823bd836e23b68c74a1fc/execute/async - {"script":"<script> [1562 bytes]","args":[{"selector":{"id":"application-managehandovers-display-component---AddNewHO--confirmCreationButton","interaction":{"idSuffix":"BDI-content"}},"wdio_ui5_key":"applicationmanagehandovers-display-component---AddNewHO--confirmCreationButton"}]}
RESULT: {"script":"<script> [1562 bytes]","args":[{"selector":{"id":"application-managehandovers-display-component---AddNewHO--confirmCreationButton","interaction":{"idSuffix":"BDI-content"}},"wdio_ui5_key":"applicationmanagehandovers-display-component---AddNewHO--confirmCreationButton"}]}
RESULT: undefined
COMMAND: POST /session/d2b61baf962823bd836e23b68c74a1fc/element - {"using":"xpath","value":"//*[@id=\"application-managehandovers-display-component---AddNewHO--confirmCreationButton\"]"}
RESULT: {"using":"xpath","value":"//*[@id=\"application-managehandovers-display-component---AddNewHO--confirmCreationButton\"]"}
COMMAND: POST /session/d2b61baf962823bd836e23b68c74a1fc/element/f.EF0E81B17C62DBBEF55F8BAE4B803037.d.B5203B68C044A31CCB982F15103AFE7C.e.4873/click - {}
RESULT: {}
COMMAND: GET /session/d2b61baf962823bd836e23b68c74a1fc/screenshot - {}
RESULT: {}
COMMAND: POST /session/d2b61baf962823bd836e23b68c74a1fc/element - {"using":"xpath","value":"//button[@data-kt=\"PickingTableConfirmAllButton\"]"}
RESULT: {"using":"xpath","value":"//button[@data-kt=\"PickingTableConfirmAllButton\"]"}
COMMAND: POST /session/d2b61baf962823bd836e23b68c74a1fc/elements - {"using":"xpath","value":"//button[@data-kt=\"PickingTableConfirmAllButton\"]"}
RESULT: {"using":"xpath","value":"//button[@data-kt=\"PickingTableConfirmAllButton\"]"}
COMMAND: POST /session/d2b61baf962823bd836e23b68c74a1fc/elements - {"using":"xpath","value":"//button[@data-kt=\"PickingTableConfirmAllButton\"]"}
RESULT: {"using":"xpath","value":"//button[@data-kt=\"PickingTableConfirmAllButton\"]"}
COMMAND: POST /session/d2b61baf962823bd836e23b68c74a1fc/elements - {"using":"xpath","value":"//button[@data-kt=\"PickingTableConfirmAllButton\"]"}
RESULT: {"using":"xpath","value":"//button[@data-kt=\"PickingTableConfirmAllButton\"]"}
COMMAND: POST /session/d2b61baf962823bd836e23b68c74a1fc/element - {"using":"xpath","value":"//button[@data-kt=\"PickingTableConfirmAllButton\"]"}
RESULT: {"using":"xpath","value":"//button[@data-kt=\"PickingTableConfirmAllButton\"]"}
COMMAND: POST /session/d2b61baf962823bd836e23b68c74a1fc/element/f.EF0E81B17C62DBBEF55F8BAE4B803037.d.B5203B68C044A31CCB982F15103AFE7C.e.5119/click - {}
COMMAND: POST /session/d2b61baf962823bd836e23b68c74a1fc/element - {"using":"xpath","value":"//button[@data-kt=\"PickingTableConfirmAllButton\"]"}
RESULT: {"using":"xpath","value":"//button[@data-kt=\"PickingTableConfirmAllButton\"]"}
COMMAND: POST /session/d2b61baf962823bd836e23b68c74a1fc/element/f.EF0E81B17C62DBBEF55F8BAE4B803037.d.B5203B68C044A31CCB982F15103AFE7C.e.5119/click - {}
COMMAND: POST /session/d2b61baf962823bd836e23b68c74a1fc/element - {"using":"xpath","value":"//button[@data-kt=\"PickingTableConfirmAllButton\"]"}
RESULT: {"using":"xpath","value":"//button[@data-kt=\"PickingTableConfirmAllButton\"]"}
COMMAND: POST /session/d2b61baf962823bd836e23b68c74a1fc/element/f.EF0E81B17C62DBBEF55F8BAE4B803037.d.B5203B68C044A31CCB982F15103AFE7C.e.5136/click - {}
RESULT: {}
COMMAND: GET /session/d2b61baf962823bd836e23b68c74a1fc/screenshot - {}
RESULT: {}
COMMAND: POST /session/d2b61baf962823bd836e23b68c74a1fc/element - {"using":"xpath","value":"//bdi[contains(text(), \"OK\")]"}
RESULT: {"using":"xpath","value":"//bdi[contains(text(), \"OK\")]"}
COMMAND: POST /session/d2b61baf962823bd836e23b68c74a1fc/element/f.EF0E81B17C62DBBEF55F8BAE4B803037.d.B5203B68C044A31CCB982F15103AFE7C.e.5139/click - {}
RESULT: {}
COMMAND: GET /session/d2b61baf962823bd836e23b68c74a1fc/screenshot - {}
RESULT: {}
COMMAND: POST /session/d2b61baf962823bd836e23b68c74a1fc/element - {"using":"xpath","value":"//bdi[contains(text(), \"Issue\")]"}
RESULT: {"using":"xpath","value":"//bdi[contains(text(), \"Issue\")]"}
COMMAND: POST /session/d2b61baf962823bd836e23b68c74a1fc/element/f.EF0E81B17C62DBBEF55F8BAE4B803037.d.B5203B68C044A31CCB982F15103AFE7C.e.5142/click - {}
RESULT: {}
COMMAND: GET /session/d2b61baf962823bd836e23b68c74a1fc/screenshot - {}
RESULT: {}
COMMAND: POST /session/d2b61baf962823bd836e23b68c74a1fc/element - {"using":"css selector","value":"#shell-header-logo"}
RESULT: {"using":"css selector","value":"#shell-header-logo"}
COMMAND: POST /session/d2b61baf962823bd836e23b68c74a1fc/element/f.EF0E81B17C62DBBEF55F8BAE4B803037.d.B5203B68C044A31CCB982F15103AFE7C.e.4174/click - {}
RESULT: {}
COMMAND: GET /session/d2b61baf962823bd836e23b68c74a1fc/screenshot - {}
RESULT: {}
]]></system-out>
    </testcase>
    <testcase classname="chrome.135_0_7049_115.windows.Prerequisites_&amp;_test_for_yard_mass_return_on_Yard_Overview_US131057" name="Should do mass return on Yard Overview US131057" time="58.752">
      <system-out><![CDATA[
COMMAND: POST /session/d2b61baf962823bd836e23b68c74a1fc/execute/async - {"script":"<script> [1562 bytes]","args":[{"selector":{"controlType":"sap.m.GenericTile","properties":{"header":"Yard Overview"}},"wdio_ui5_key":"sapm.GenericTile{\"header\":\"Yard Overview\"}"}]}
RESULT: {"script":"<script> [1562 bytes]","args":[{"selector":{"controlType":"sap.m.GenericTile","properties":{"header":"Yard Overview"}},"wdio_ui5_key":"sapm.GenericTile{\"header\":\"Yard Overview\"}"}]}
RESULT: undefined
COMMAND: POST /session/d2b61baf962823bd836e23b68c74a1fc/element - {"using":"xpath","value":"//*[@id=\"__tile102\"]"}
RESULT: {"using":"xpath","value":"//*[@id=\"__tile102\"]"}
COMMAND: POST /session/d2b61baf962823bd836e23b68c74a1fc/element/f.EF0E81B17C62DBBEF55F8BAE4B803037.d.B5203B68C044A31CCB982F15103AFE7C.e.5317/click - {}
RESULT: {}
COMMAND: GET /session/d2b61baf962823bd836e23b68c74a1fc/screenshot - {}
RESULT: {}
COMMAND: POST /session/d2b61baf962823bd836e23b68c74a1fc/element - {"using":"xpath","value":"//input[contains(@id,\"application-yardoverview-display-component---masterYardInventory--smartFilterBar-btnBasicSearch-I\")]"}
RESULT: {"using":"xpath","value":"//input[contains(@id,\"application-yardoverview-display-component---masterYardInventory--smartFilterBar-btnBasicSearch-I\")]"}
COMMAND: POST /session/d2b61baf962823bd836e23b68c74a1fc/elements - {"using":"xpath","value":"//input[contains(@id,\"application-yardoverview-display-component---masterYardInventory--smartFilterBar-btnBasicSearch-I\")]"}
RESULT: {"using":"xpath","value":"//input[contains(@id,\"application-yardoverview-display-component---masterYardInventory--smartFilterBar-btnBasicSearch-I\")]"}
COMMAND: POST /session/d2b61baf962823bd836e23b68c74a1fc/execute/sync - {"script":"<script> [8489 bytes]","args":[{"element-6066-11e4-a52e-4f735466cecf":"f.EF0E81B17C62DBBEF55F8BAE4B803037.d.B5203B68C044A31CCB982F15103AFE7C.e.5337","ELEMENT":"f.EF0E81B17C62DBBEF55F8BAE4B803037.d.B5203B68C044A31CCB982F15103AFE7C.e.5337"}]}
RESULT: {"script":"<script> [8489 bytes]","args":[{"element-6066-11e4-a52e-4f735466cecf":"f.EF0E81B17C62DBBEF55F8BAE4B803037.d.B5203B68C044A31CCB982F15103AFE7C.e.5337","ELEMENT":"f.EF0E81B17C62DBBEF55F8BAE4B803037.d.B5203B68C044A31CCB982F15103AFE7C.e.5337"}]}
COMMAND: GET /session/d2b61baf962823bd836e23b68c74a1fc/element/f.EF0E81B17C62DBBEF55F8BAE4B803037.d.B5203B68C044A31CCB982F15103AFE7C.e.5337/enabled - {}
COMMAND: GET /session/d2b61baf962823bd836e23b68c74a1fc/screenshot - {}
RESULT: {}
COMMAND: POST /session/d2b61baf962823bd836e23b68c74a1fc/execute/sync - {"script":"<script> [8489 bytes]","args":[{"element-6066-11e4-a52e-4f735466cecf":"f.EF0E81B17C62DBBEF55F8BAE4B803037.d.B5203B68C044A31CCB982F15103AFE7C.e.5337","ELEMENT":"f.EF0E81B17C62DBBEF55F8BAE4B803037.d.B5203B68C044A31CCB982F15103AFE7C.e.5337"}]}
COMMAND: GET /session/d2b61baf962823bd836e23b68c74a1fc/screenshot - {}
RESULT: {}
RESULT: {"script":"<script> [8489 bytes]","args":[{"element-6066-11e4-a52e-4f735466cecf":"f.EF0E81B17C62DBBEF55F8BAE4B803037.d.B5203B68C044A31CCB982F15103AFE7C.e.5337","ELEMENT":"f.EF0E81B17C62DBBEF55F8BAE4B803037.d.B5203B68C044A31CCB982F15103AFE7C.e.5337"}]}
COMMAND: POST /session/d2b61baf962823bd836e23b68c74a1fc/execute/sync - {"script":"<script> [5351 bytes]","args":[{"element-6066-11e4-a52e-4f735466cecf":"f.EF0E81B17C62DBBEF55F8BAE4B803037.d.B5203B68C044A31CCB982F15103AFE7C.e.5337","ELEMENT":"f.EF0E81B17C62DBBEF55F8BAE4B803037.d.B5203B68C044A31CCB982F15103AFE7C.e.5337"}]}
COMMAND: GET /session/d2b61baf962823bd836e23b68c74a1fc/screenshot - {}
RESULT: {}
RESULT: {"script":"<script> [5351 bytes]","args":[{"element-6066-11e4-a52e-4f735466cecf":"f.EF0E81B17C62DBBEF55F8BAE4B803037.d.B5203B68C044A31CCB982F15103AFE7C.e.5337","ELEMENT":"f.EF0E81B17C62DBBEF55F8BAE4B803037.d.B5203B68C044A31CCB982F15103AFE7C.e.5337"}]}
COMMAND: GET /session/d2b61baf962823bd836e23b68c74a1fc/screenshot - {}
RESULT: {}
RESULT: {}
COMMAND: POST /session/d2b61baf962823bd836e23b68c74a1fc/execute/async - {"script":"<script> [1562 bytes]","args":[{"selector":{"id":"application-yardoverview-display-component---masterYardInventory--smartFilterBar-btnBasicSearch","interaction":{"idSuffix":"I"}},"wdio_ui5_key":"applicationyardoverview-display-component---masterYardInventory--smartFilterBar-btnBasicSearch"}]}
RESULT: {"script":"<script> [1562 bytes]","args":[{"selector":{"id":"application-yardoverview-display-component---masterYardInventory--smartFilterBar-btnBasicSearch","interaction":{"idSuffix":"I"}},"wdio_ui5_key":"applicationyardoverview-display-component---masterYardInventory--smartFilterBar-btnBasicSearch"}]}
RESULT: undefined
COMMAND: POST /session/d2b61baf962823bd836e23b68c74a1fc/execute/async - {"script":"<script> [776 bytes]","args":[{"enterText":"665","selector":{"id":"application-yardoverview-display-component---masterYardInventory--smartFilterBar-btnBasicSearch","interaction":{"idSuffix":"I"}},"clearTextFirst":true,"interactionType":"ENTER_TEXT"}]}
RESULT: {"script":"<script> [776 bytes]","args":[{"enterText":"665","selector":{"id":"application-yardoverview-display-component---masterYardInventory--smartFilterBar-btnBasicSearch","interaction":{"idSuffix":"I"}},"clearTextFirst":true,"interactionType":"ENTER_TEXT"}]}
COMMAND: POST /session/d2b61baf962823bd836e23b68c74a1fc/actions - {"actions":[{"id":"action15","type":"key","parameters":{},"actions":[{"type":"keyDown","value":"î€‡"},{"type":"pause","duration":10},{"type":"keyUp","value":"î€‡"}]}]}
RESULT: {"actions":[{"id":"action15","type":"key","parameters":{},"actions":[{"type":"keyDown","value":"î€‡"},{"type":"pause","duration":10},{"type":"keyUp","value":"î€‡"}]}]}
COMMAND: GET /session/d2b61baf962823bd836e23b68c74a1fc/screenshot - {}
RESULT: {}
COMMAND: POST /session/d2b61baf962823bd836e23b68c74a1fc/element - {"using":"xpath","value":"(//span[contains(@id, \"imgNav\")])[1]"}
RESULT: {"using":"xpath","value":"(//span[contains(@id, \"imgNav\")])[1]"}
COMMAND: POST /session/d2b61baf962823bd836e23b68c74a1fc/element/f.EF0E81B17C62DBBEF55F8BAE4B803037.d.B5203B68C044A31CCB982F15103AFE7C.e.5388/click - {}
RESULT: {}
COMMAND: GET /session/d2b61baf962823bd836e23b68c74a1fc/screenshot - {}
COMMAND: POST /session/d2b61baf962823bd836e23b68c74a1fc/execute/async - {"script":"<script> [1562 bytes]","args":[{"selector":{"id":"application-yardoverview-display-component---detailYardInventory--ObjectPageLayout-anchBar-application-yardoverview-display-component---detailYardInventory--openReturnsSection-anchor","interaction":{"idSuffix":"BDI-content"}},"wdio_ui5_key":"applicationyardoverview-display-component---detailYardInventory--ObjectPageLayout-anchBar-application-yardoverview-display-component---detailYardInventory--openReturnsSection-anchor"}]}
RESULT: {}
RESULT: {"script":"<script> [1562 bytes]","args":[{"selector":{"id":"application-yardoverview-display-component---detailYardInventory--ObjectPageLayout-anchBar-application-yardoverview-display-component---detailYardInventory--openReturnsSection-anchor","interaction":{"idSuffix":"BDI-content"}},"wdio_ui5_key":"applicationyardoverview-display-component---detailYardInventory--ObjectPageLayout-anchBar-application-yardoverview-display-component---detailYardInventory--openReturnsSection-anchor"}]}
RESULT: undefined
COMMAND: POST /session/d2b61baf962823bd836e23b68c74a1fc/element - {"using":"xpath","value":"//*[@id=\"application-yardoverview-display-component---detailYardInventory--ObjectPageLayout-anchBar-application-yardoverview-display-component---detailYardInventory--openReturnsSection-anchor\"]"}
RESULT: {"using":"xpath","value":"//*[@id=\"application-yardoverview-display-component---detailYardInventory--ObjectPageLayout-anchBar-application-yardoverview-display-component---detailYardInventory--openReturnsSection-anchor\"]"}
COMMAND: POST /session/d2b61baf962823bd836e23b68c74a1fc/element/f.EF0E81B17C62DBBEF55F8BAE4B803037.d.B5203B68C044A31CCB982F15103AFE7C.e.5480/click - {}
RESULT: {}
COMMAND: GET /session/d2b61baf962823bd836e23b68c74a1fc/screenshot - {}
RESULT: {}
COMMAND: POST /session/d2b61baf962823bd836e23b68c74a1fc/execute/async - {"script":"<script> [1562 bytes]","args":[{"selector":{"id":"application-yardoverview-display-component---detailYardInventory--openReturns-triggerAction-returnBtn","interaction":{"idSuffix":"BDI-content"}},"wdio_ui5_key":"applicationyardoverview-display-component---detailYardInventory--openReturns-triggerAction-returnBtn"}]}
RESULT: {"script":"<script> [1562 bytes]","args":[{"selector":{"id":"application-yardoverview-display-component---detailYardInventory--openReturns-triggerAction-returnBtn","interaction":{"idSuffix":"BDI-content"}},"wdio_ui5_key":"applicationyardoverview-display-component---detailYardInventory--openReturns-triggerAction-returnBtn"}]}
RESULT: undefined
COMMAND: POST /session/d2b61baf962823bd836e23b68c74a1fc/element - {"using":"xpath","value":"//*[@id=\"application-yardoverview-display-component---detailYardInventory--openReturns-triggerAction-returnBtn\"]"}
RESULT: {"using":"xpath","value":"//*[@id=\"application-yardoverview-display-component---detailYardInventory--openReturns-triggerAction-returnBtn\"]"}
COMMAND: POST /session/d2b61baf962823bd836e23b68c74a1fc/element/f.EF0E81B17C62DBBEF55F8BAE4B803037.d.B5203B68C044A31CCB982F15103AFE7C.e.5503/click - {}
RESULT: {}
COMMAND: GET /session/d2b61baf962823bd836e23b68c74a1fc/screenshot - {}
RESULT: {}
COMMAND: POST /session/d2b61baf962823bd836e23b68c74a1fc/element - {"using":"xpath","value":"//div[@id=\"application-yardoverview-display-component---detailYardInventory--customReturnsTable-sa-CbBg\"]"}
RESULT: {"using":"xpath","value":"//div[@id=\"application-yardoverview-display-component---detailYardInventory--customReturnsTable-sa-CbBg\"]"}
COMMAND: POST /session/d2b61baf962823bd836e23b68c74a1fc/execute/sync - {"script":"<script> [8489 bytes]","args":[{"element-6066-11e4-a52e-4f735466cecf":"f.EF0E81B17C62DBBEF55F8BAE4B803037.d.B5203B68C044A31CCB982F15103AFE7C.e.5521","ELEMENT":"f.EF0E81B17C62DBBEF55F8BAE4B803037.d.B5203B68C044A31CCB982F15103AFE7C.e.5521"}]}
RESULT: {"script":"<script> [8489 bytes]","args":[{"element-6066-11e4-a52e-4f735466cecf":"f.EF0E81B17C62DBBEF55F8BAE4B803037.d.B5203B68C044A31CCB982F15103AFE7C.e.5521","ELEMENT":"f.EF0E81B17C62DBBEF55F8BAE4B803037.d.B5203B68C044A31CCB982F15103AFE7C.e.5521"}]}
COMMAND: POST /session/d2b61baf962823bd836e23b68c74a1fc/execute/sync - {"script":"<script> [5351 bytes]","args":[{"element-6066-11e4-a52e-4f735466cecf":"f.EF0E81B17C62DBBEF55F8BAE4B803037.d.B5203B68C044A31CCB982F15103AFE7C.e.5521","ELEMENT":"f.EF0E81B17C62DBBEF55F8BAE4B803037.d.B5203B68C044A31CCB982F15103AFE7C.e.5521"}]}
COMMAND: GET /session/d2b61baf962823bd836e23b68c74a1fc/screenshot - {}
RESULT: {"script":"<script> [5351 bytes]","args":[{"element-6066-11e4-a52e-4f735466cecf":"f.EF0E81B17C62DBBEF55F8BAE4B803037.d.B5203B68C044A31CCB982F15103AFE7C.e.5521","ELEMENT":"f.EF0E81B17C62DBBEF55F8BAE4B803037.d.B5203B68C044A31CCB982F15103AFE7C.e.5521"}]}
COMMAND: POST /session/d2b61baf962823bd836e23b68c74a1fc/element/f.EF0E81B17C62DBBEF55F8BAE4B803037.d.B5203B68C044A31CCB982F15103AFE7C.e.5521/click - {}
COMMAND: GET /session/d2b61baf962823bd836e23b68c74a1fc/screenshot - {}
RESULT: {}
RESULT: {}
COMMAND: GET /session/d2b61baf962823bd836e23b68c74a1fc/screenshot - {}
RESULT: {}
RESULT: {}
COMMAND: POST /session/d2b61baf962823bd836e23b68c74a1fc/actions - {"actions":[{"id":"action16","type":"key","parameters":{},"actions":[{"type":"keyDown","value":"î€‡"},{"type":"pause","duration":10},{"type":"keyUp","value":"î€‡"}]}]}
RESULT: {"actions":[{"id":"action16","type":"key","parameters":{},"actions":[{"type":"keyDown","value":"î€‡"},{"type":"pause","duration":10},{"type":"keyUp","value":"î€‡"}]}]}
COMMAND: POST /session/d2b61baf962823bd836e23b68c74a1fc/element - {"using":"xpath","value":"//bdi[text()=\"Return\"]"}
COMMAND: GET /session/d2b61baf962823bd836e23b68c74a1fc/screenshot - {}
RESULT: {"using":"xpath","value":"//bdi[text()=\"Return\"]"}
COMMAND: POST /session/d2b61baf962823bd836e23b68c74a1fc/execute/sync - {"script":"<script> [8489 bytes]","args":[{"element-6066-11e4-a52e-4f735466cecf":"f.EF0E81B17C62DBBEF55F8BAE4B803037.d.B5203B68C044A31CCB982F15103AFE7C.e.5502","ELEMENT":"f.EF0E81B17C62DBBEF55F8BAE4B803037.d.B5203B68C044A31CCB982F15103AFE7C.e.5502"}]}
RESULT: {}
RESULT: {"script":"<script> [8489 bytes]","args":[{"element-6066-11e4-a52e-4f735466cecf":"f.EF0E81B17C62DBBEF55F8BAE4B803037.d.B5203B68C044A31CCB982F15103AFE7C.e.5502","ELEMENT":"f.EF0E81B17C62DBBEF55F8BAE4B803037.d.B5203B68C044A31CCB982F15103AFE7C.e.5502"}]}
COMMAND: POST /session/d2b61baf962823bd836e23b68c74a1fc/execute/sync - {"script":"<script> [5351 bytes]","args":[{"element-6066-11e4-a52e-4f735466cecf":"f.EF0E81B17C62DBBEF55F8BAE4B803037.d.B5203B68C044A31CCB982F15103AFE7C.e.5502","ELEMENT":"f.EF0E81B17C62DBBEF55F8BAE4B803037.d.B5203B68C044A31CCB982F15103AFE7C.e.5502"}]}
COMMAND: GET /session/d2b61baf962823bd836e23b68c74a1fc/screenshot - {}
RESULT: {"script":"<script> [5351 bytes]","args":[{"element-6066-11e4-a52e-4f735466cecf":"f.EF0E81B17C62DBBEF55F8BAE4B803037.d.B5203B68C044A31CCB982F15103AFE7C.e.5502","ELEMENT":"f.EF0E81B17C62DBBEF55F8BAE4B803037.d.B5203B68C044A31CCB982F15103AFE7C.e.5502"}]}
COMMAND: POST /session/d2b61baf962823bd836e23b68c74a1fc/element/f.EF0E81B17C62DBBEF55F8BAE4B803037.d.B5203B68C044A31CCB982F15103AFE7C.e.5502/click - {}
COMMAND: GET /session/d2b61baf962823bd836e23b68c74a1fc/screenshot - {}
RESULT: {}
RESULT: {}
COMMAND: POST /session/d2b61baf962823bd836e23b68c74a1fc/execute/async - {"script":"<script> [1562 bytes]","args":[{"selector":{"controlType":"sap.m.Text","properties":{"text":"Mass Create Handovers process was executed with success!"},"searchOpenDialogs":true},"wdio_ui5_key":"sapm.Text{\"text\":\"Mass Create Handovers process was executed with success!\"}"}]}
COMMAND: GET /session/d2b61baf962823bd836e23b68c74a1fc/screenshot - {}
RESULT: {}
RESULT: {"script":"<script> [1562 bytes]","args":[{"selector":{"controlType":"sap.m.Text","properties":{"text":"Mass Create Handovers process was executed with success!"},"searchOpenDialogs":true},"wdio_ui5_key":"sapm.Text{\"text\":\"Mass Create Handovers process was executed with success!\"}"}]}
RESULT: undefined
COMMAND: POST /session/d2b61baf962823bd836e23b68c74a1fc/execute/async - {"script":"<script> [6424 bytes]","args":[{"element-6066-11e4-a52e-4f735466cecf":"f.EF0E81B17C62DBBEF55F8BAE4B803037.d.B5203B68C044A31CCB982F15103AFE7C.e.5524"},"getText",[]]}
RESULT: {}
RESULT: {"script":"<script> [6424 bytes]","args":[{"element-6066-11e4-a52e-4f735466cecf":"f.EF0E81B17C62DBBEF55F8BAE4B803037.d.B5203B68C044A31CCB982F15103AFE7C.e.5524"},"getText",[]]}
COMMAND: POST /session/d2b61baf962823bd836e23b68c74a1fc/execute/async - {"script":"<script> [1562 bytes]","args":[{"selector":{"controlType":"sap.m.Button","properties":{"text":"OK"},"searchOpenDialogs":true,"interaction":{"idSuffix":"BDI-content"}},"wdio_ui5_key":"sapm.Button{\"text\":\"OK\"}"}]}
RESULT: {"script":"<script> [1562 bytes]","args":[{"selector":{"controlType":"sap.m.Button","properties":{"text":"OK"},"searchOpenDialogs":true,"interaction":{"idSuffix":"BDI-content"}},"wdio_ui5_key":"sapm.Button{\"text\":\"OK\"}"}]}
RESULT: undefined
COMMAND: POST /session/d2b61baf962823bd836e23b68c74a1fc/element - {"using":"xpath","value":"//*[@id=\"__mbox-btn-6\"]"}
RESULT: {"using":"xpath","value":"//*[@id=\"__mbox-btn-6\"]"}
COMMAND: POST /session/d2b61baf962823bd836e23b68c74a1fc/element/f.EF0E81B17C62DBBEF55F8BAE4B803037.d.B5203B68C044A31CCB982F15103AFE7C.e.5523/click - {}
RESULT: {}
COMMAND: GET /session/d2b61baf962823bd836e23b68c74a1fc/screenshot - {}
RESULT: {}
COMMAND: POST /session/d2b61baf962823bd836e23b68c74a1fc/execute/async - {"script":"<script> [1562 bytes]","args":[{"selector":{"controlType":"sap.m.Text","viewName":"etm.portal.ui.yardoverview.view.Detail","viewId":"application-yardoverview-display-component---detailYardInventory","bindingPath":{"path":"","propertyPath":"STATUS_DESC"}},"wdio_ui5_key":"etmportal.ui.yardoverview.view.Detailsap.m.Text{\"path\":\"\",\"propertyPath\":\"STATUS_DESC\"}"}]}
RESULT: {"script":"<script> [1562 bytes]","args":[{"selector":{"controlType":"sap.m.Text","viewName":"etm.portal.ui.yardoverview.view.Detail","viewId":"application-yardoverview-display-component---detailYardInventory","bindingPath":{"path":"","propertyPath":"STATUS_DESC"}},"wdio_ui5_key":"etmportal.ui.yardoverview.view.Detailsap.m.Text{\"path\":\"\",\"propertyPath\":\"STATUS_DESC\"}"}]}
RESULT: undefined
COMMAND: POST /session/d2b61baf962823bd836e23b68c74a1fc/execute/async - {"script":"<script> [6424 bytes]","args":[{"element-6066-11e4-a52e-4f735466cecf":"f.EF0E81B17C62DBBEF55F8BAE4B803037.d.B5203B68C044A31CCB982F15103AFE7C.e.5526"},"getText",[]]}
RESULT: {"script":"<script> [6424 bytes]","args":[{"element-6066-11e4-a52e-4f735466cecf":"f.EF0E81B17C62DBBEF55F8BAE4B803037.d.B5203B68C044A31CCB982F15103AFE7C.e.5526"},"getText",[]]}
COMMAND: POST /session/d2b61baf962823bd836e23b68c74a1fc/element - {"using":"css selector","value":"#shell-header-logo"}
RESULT: {"using":"css selector","value":"#shell-header-logo"}
COMMAND: POST /session/d2b61baf962823bd836e23b68c74a1fc/element/f.EF0E81B17C62DBBEF55F8BAE4B803037.d.B5203B68C044A31CCB982F15103AFE7C.e.5320/click - {}
RESULT: {}
COMMAND: GET /session/d2b61baf962823bd836e23b68c74a1fc/screenshot - {}
COMMAND: POST /session/d2b61baf962823bd836e23b68c74a1fc/element - {"using":"css selector","value":"#j_username"}
COMMAND: POST /session/d2b61baf962823bd836e23b68c74a1fc/url - {"url":"https://qa-testing-00-live-etm-ui.cfapps.eu10-004.hana.ondemand.com/"}
RESULT: {}
RESULT: {"using":"css selector","value":"#j_username"}
COMMAND: POST /session/d2b61baf962823bd836e23b68c74a1fc/element - {"using":"css selector","value":"#j_username"}
RESULT: {"url":"https://qa-testing-00-live-etm-ui.cfapps.eu10-004.hana.ondemand.com/"}
RESULT: undefined
COMMAND: GET /session/d2b61baf962823bd836e23b68c74a1fc/screenshot - {}
RESULT: {"using":"css selector","value":"#j_username"}
COMMAND: POST /session/d2b61baf962823bd836e23b68c74a1fc/element - {"using":"css selector","value":"#shell-header-logo"}
RESULT: {}
RESULT: {"using":"css selector","value":"#shell-header-logo"}
COMMAND: POST /session/d2b61baf962823bd836e23b68c74a1fc/execute/sync - {"script":"<script> [8489 bytes]","args":[{"element-6066-11e4-a52e-4f735466cecf":"f.EF0E81B17C62DBBEF55F8BAE4B803037.d.FB343F4EBA2A8A144B708E81D56610CB.e.5538","ELEMENT":"f.EF0E81B17C62DBBEF55F8BAE4B803037.d.FB343F4EBA2A8A144B708E81D56610CB.e.5538"}]}
RESULT: {"script":"<script> [8489 bytes]","args":[{"element-6066-11e4-a52e-4f735466cecf":"f.EF0E81B17C62DBBEF55F8BAE4B803037.d.FB343F4EBA2A8A144B708E81D56610CB.e.5538","ELEMENT":"f.EF0E81B17C62DBBEF55F8BAE4B803037.d.FB343F4EBA2A8A144B708E81D56610CB.e.5538"}]}
COMMAND: POST /session/d2b61baf962823bd836e23b68c74a1fc/element - {"using":"css selector","value":"#shell-header-logo"}
COMMAND: GET /session/d2b61baf962823bd836e23b68c74a1fc/screenshot - {}
RESULT: {"using":"css selector","value":"#shell-header-logo"}
COMMAND: POST /session/d2b61baf962823bd836e23b68c74a1fc/execute/sync - {"script":"<script> [8489 bytes]","args":[{"element-6066-11e4-a52e-4f735466cecf":"f.EF0E81B17C62DBBEF55F8BAE4B803037.d.FB343F4EBA2A8A144B708E81D56610CB.e.5538","ELEMENT":"f.EF0E81B17C62DBBEF55F8BAE4B803037.d.FB343F4EBA2A8A144B708E81D56610CB.e.5538"}]}
RESULT: {}
RESULT: {"script":"<script> [8489 bytes]","args":[{"element-6066-11e4-a52e-4f735466cecf":"f.EF0E81B17C62DBBEF55F8BAE4B803037.d.FB343F4EBA2A8A144B708E81D56610CB.e.5538","ELEMENT":"f.EF0E81B17C62DBBEF55F8BAE4B803037.d.FB343F4EBA2A8A144B708E81D56610CB.e.5538"}]}
COMMAND: POST /session/d2b61baf962823bd836e23b68c74a1fc/execute/sync - {"script":"<script> [5351 bytes]","args":[{"element-6066-11e4-a52e-4f735466cecf":"f.EF0E81B17C62DBBEF55F8BAE4B803037.d.FB343F4EBA2A8A144B708E81D56610CB.e.5538","ELEMENT":"f.EF0E81B17C62DBBEF55F8BAE4B803037.d.FB343F4EBA2A8A144B708E81D56610CB.e.5538"}]}
COMMAND: GET /session/d2b61baf962823bd836e23b68c74a1fc/screenshot - {}
RESULT: {"script":"<script> [5351 bytes]","args":[{"element-6066-11e4-a52e-4f735466cecf":"f.EF0E81B17C62DBBEF55F8BAE4B803037.d.FB343F4EBA2A8A144B708E81D56610CB.e.5538","ELEMENT":"f.EF0E81B17C62DBBEF55F8BAE4B803037.d.FB343F4EBA2A8A144B708E81D56610CB.e.5538"}]}
COMMAND: POST /session/d2b61baf962823bd836e23b68c74a1fc/element - {"using":"css selector","value":"#shell-header-logo"}
COMMAND: GET /session/d2b61baf962823bd836e23b68c74a1fc/screenshot - {}
RESULT: {}
RESULT: {"using":"css selector","value":"#shell-header-logo"}
COMMAND: POST /session/d2b61baf962823bd836e23b68c74a1fc/element/f.EF0E81B17C62DBBEF55F8BAE4B803037.d.FB343F4EBA2A8A144B708E81D56610CB.e.5538/click - {}
RESULT: {}
RESULT: {}
COMMAND: GET /session/d2b61baf962823bd836e23b68c74a1fc/screenshot - {}
RESULT: {}
COMMAND: POST /session/d2b61baf962823bd836e23b68c74a1fc/execute/async - {"script":"<script> [189 bytes]","args":[]}
RESULT: {"script":"<script> [189 bytes]","args":[]}
COMMAND: POST /session/d2b61baf962823bd836e23b68c74a1fc/execute/async - {"script":"<script> [123 bytes]","args":[]}
RESULT: {"script":"<script> [123 bytes]","args":[]}
COMMAND: POST /session/d2b61baf962823bd836e23b68c74a1fc/timeouts - {"script":"<number>"}
RESULT: {"script":"<number>"}
COMMAND: GET /session/d2b61baf962823bd836e23b68c74a1fc/timeouts - {}
RESULT: {}
RESULT: undefined
COMMAND: POST /session/d2b61baf962823bd836e23b68c74a1fc/execute/async - {"script":"<script> [2676 bytes]","args":[]}
RESULT: {"script":"<script> [2676 bytes]","args":[]}
COMMAND: POST /session/d2b61baf962823bd836e23b68c74a1fc/execute/async - {"script":"<script> [2342 bytes]","args":[{"protocol":"http","hostname":"0.0.0.0","path":"/","capabilities":{"browserName":"chrome","goog:chromeOptions":{"binary":"C:\\Program Files\\Google\\Chrome\\Application\\chrome.exe","args":["--start-maximized"]}},"logLevel":"warn","connectionRetryTimeout":120000,"connectionRetryCount":3,"logLevels":{},"enableDirectConnect":true,"strictSSL":true,"_":"65 more keys: [\"cacheDir\",\"port\",\"requestedCapabilities\",\"automationProtocol\",\"baseUrl\",\"waitforInterval\",\"waitforTimeout\",\"onReload\",\"beforeCommand\",\"afterCommand\",\"rootDir\",\"specs\",\"suites\",\"exclude\",\"groupLogsByTestSpec\",\"excludeDriverLogs\",\"bail\",\"framework\",\"reporters\",\"services\",\"maxInstances\",\"maxInstancesPerCapability\",\"injectGlobals\",\"filesToWatch\",\"execArgv\",\"runnerEnv\",\"runner\",\"shard\",\"specFileRetries\",\"specFileRetriesDelay\",\"specFileRetriesDeferred\",\"reporterSyncInterval\",\"reporterSyncTimeout\",\"cucumberFeaturesWithLineNumbers\",\"autoCompileOpts\",\"mochaOpts\",\"jasmineOpts\",\"cucumberOpts\",\"onPrepare\",\"onWorkerStart\",\"onWorkerEnd\",\"before\",\"beforeSession\",\"beforeSuite\",\"beforeHook\",\"beforeTest\",\"afterTest\",\"afterHook\",\"afterSuite\",\"afterSession\",\"after\",\"onComplete\",\"beforeAssertion\",\"afterAssertion\",\"beforeFeature\",\"beforeScenario\",\"beforeStep\",\"afterStep\",\"afterScenario\",\"afterFeature\",\"_\",\"suite\",\"$0\",\"ignoredWorkerServices\",\"wdi5\"]"}]}
RESULT: {"script":"<script> [2342 bytes]","args":[{"protocol":"http","hostname":"0.0.0.0","path":"/","capabilities":{"browserName":"chrome","goog:chromeOptions":{"binary":"C:\\Program Files\\Google\\Chrome\\Application\\chrome.exe","args":["--start-maximized"]}},"logLevel":"warn","connectionRetryTimeout":120000,"connectionRetryCount":3,"logLevels":{},"enableDirectConnect":true,"strictSSL":true,"_":"65 more keys: [\"cacheDir\",\"port\",\"requestedCapabilities\",\"automationProtocol\",\"baseUrl\",\"waitforInterval\",\"waitforTimeout\",\"onReload\",\"beforeCommand\",\"afterCommand\",\"rootDir\",\"specs\",\"suites\",\"exclude\",\"groupLogsByTestSpec\",\"excludeDriverLogs\",\"bail\",\"framework\",\"reporters\",\"services\",\"maxInstances\",\"maxInstancesPerCapability\",\"injectGlobals\",\"filesToWatch\",\"execArgv\",\"runnerEnv\",\"runner\",\"shard\",\"specFileRetries\",\"specFileRetriesDelay\",\"specFileRetriesDeferred\",\"reporterSyncInterval\",\"reporterSyncTimeout\",\"cucumberFeaturesWithLineNumbers\",\"autoCompileOpts\",\"mochaOpts\",\"jasmineOpts\",\"cucumberOpts\",\"onPrepare\",\"onWorkerStart\",\"onWorkerEnd\",\"before\",\"beforeSession\",\"beforeSuite\",\"beforeHook\",\"beforeTest\",\"afterTest\",\"afterHook\",\"afterSuite\",\"afterSession\",\"after\",\"onComplete\",\"beforeAssertion\",\"afterAssertion\",\"beforeFeature\",\"beforeScenario\",\"beforeStep\",\"afterStep\",\"afterScenario\",\"afterFeature\",\"_\",\"suite\",\"$0\",\"ignoredWorkerServices\",\"wdi5\"]"}]}
COMMAND: POST /session/d2b61baf962823bd836e23b68c74a1fc/execute/async - {"script":"<script> [21126 bytes]","args":[35000]}
RESULT: {"script":"<script> [21126 bytes]","args":[35000]}
COMMAND: POST /session/d2b61baf962823bd836e23b68c74a1fc/window/maximize - {}
RESULT: {}
COMMAND: POST /session/d2b61baf962823bd836e23b68c74a1fc/execute/async - {"script":"<script> [1562 bytes]","args":[{"selector":{"id":"shell-header","interaction":{"idSuffix":"icon"}},"wdio_ui5_key":"shellheader"}]}
COMMAND: GET /session/d2b61baf962823bd836e23b68c74a1fc/screenshot - {}
RESULT: {"script":"<script> [1562 bytes]","args":[{"selector":{"id":"shell-header","interaction":{"idSuffix":"icon"}},"wdio_ui5_key":"shellheader"}]}
RESULT: undefined
COMMAND: POST /session/d2b61baf962823bd836e23b68c74a1fc/refresh - {}
RESULT: {}
RESULT: {}
COMMAND: GET /session/d2b61baf962823bd836e23b68c74a1fc/screenshot - {}
RESULT: {}
COMMAND: POST /session/d2b61baf962823bd836e23b68c74a1fc/refresh - {}
RESULT: {}
COMMAND: GET /session/d2b61baf962823bd836e23b68c74a1fc/screenshot - {}
RESULT: {}
COMMAND: POST /session/d2b61baf962823bd836e23b68c74a1fc/window/fullscreen - {}
RESULT: {}
COMMAND: POST /session/d2b61baf962823bd836e23b68c74a1fc/execute/async - {"script":"<script> [189 bytes]","args":[]}
RESULT: {"script":"<script> [189 bytes]","args":[]}
COMMAND: POST /session/d2b61baf962823bd836e23b68c74a1fc/execute/async - {"script":"<script> [123 bytes]","args":[]}
RESULT: {"script":"<script> [123 bytes]","args":[]}
COMMAND: POST /session/d2b61baf962823bd836e23b68c74a1fc/timeouts - {"script":"<number>"}
RESULT: {"script":"<number>"}
COMMAND: GET /session/d2b61baf962823bd836e23b68c74a1fc/timeouts - {}
RESULT: {}
RESULT: undefined
COMMAND: POST /session/d2b61baf962823bd836e23b68c74a1fc/execute/async - {"script":"<script> [2676 bytes]","args":[]}
RESULT: {"script":"<script> [2676 bytes]","args":[]}
COMMAND: POST /session/d2b61baf962823bd836e23b68c74a1fc/execute/async - {"script":"<script> [2342 bytes]","args":[{"protocol":"http","hostname":"0.0.0.0","path":"/","capabilities":{"browserName":"chrome","goog:chromeOptions":{"binary":"C:\\Program Files\\Google\\Chrome\\Application\\chrome.exe","args":["--start-maximized"]}},"logLevel":"warn","connectionRetryTimeout":120000,"connectionRetryCount":3,"logLevels":{},"enableDirectConnect":true,"strictSSL":true,"_":"65 more keys: [\"cacheDir\",\"port\",\"requestedCapabilities\",\"automationProtocol\",\"baseUrl\",\"waitforInterval\",\"waitforTimeout\",\"onReload\",\"beforeCommand\",\"afterCommand\",\"rootDir\",\"specs\",\"suites\",\"exclude\",\"groupLogsByTestSpec\",\"excludeDriverLogs\",\"bail\",\"framework\",\"reporters\",\"services\",\"maxInstances\",\"maxInstancesPerCapability\",\"injectGlobals\",\"filesToWatch\",\"execArgv\",\"runnerEnv\",\"runner\",\"shard\",\"specFileRetries\",\"specFileRetriesDelay\",\"specFileRetriesDeferred\",\"reporterSyncInterval\",\"reporterSyncTimeout\",\"cucumberFeaturesWithLineNumbers\",\"autoCompileOpts\",\"mochaOpts\",\"jasmineOpts\",\"cucumberOpts\",\"onPrepare\",\"onWorkerStart\",\"onWorkerEnd\",\"before\",\"beforeSession\",\"beforeSuite\",\"beforeHook\",\"beforeTest\",\"afterTest\",\"afterHook\",\"afterSuite\",\"afterSession\",\"after\",\"onComplete\",\"beforeAssertion\",\"afterAssertion\",\"beforeFeature\",\"beforeScenario\",\"beforeStep\",\"afterStep\",\"afterScenario\",\"afterFeature\",\"_\",\"suite\",\"$0\",\"ignoredWorkerServices\",\"wdi5\"]"}]}
RESULT: {"script":"<script> [2342 bytes]","args":[{"protocol":"http","hostname":"0.0.0.0","path":"/","capabilities":{"browserName":"chrome","goog:chromeOptions":{"binary":"C:\\Program Files\\Google\\Chrome\\Application\\chrome.exe","args":["--start-maximized"]}},"logLevel":"warn","connectionRetryTimeout":120000,"connectionRetryCount":3,"logLevels":{},"enableDirectConnect":true,"strictSSL":true,"_":"65 more keys: [\"cacheDir\",\"port\",\"requestedCapabilities\",\"automationProtocol\",\"baseUrl\",\"waitforInterval\",\"waitforTimeout\",\"onReload\",\"beforeCommand\",\"afterCommand\",\"rootDir\",\"specs\",\"suites\",\"exclude\",\"groupLogsByTestSpec\",\"excludeDriverLogs\",\"bail\",\"framework\",\"reporters\",\"services\",\"maxInstances\",\"maxInstancesPerCapability\",\"injectGlobals\",\"filesToWatch\",\"execArgv\",\"runnerEnv\",\"runner\",\"shard\",\"specFileRetries\",\"specFileRetriesDelay\",\"specFileRetriesDeferred\",\"reporterSyncInterval\",\"reporterSyncTimeout\",\"cucumberFeaturesWithLineNumbers\",\"autoCompileOpts\",\"mochaOpts\",\"jasmineOpts\",\"cucumberOpts\",\"onPrepare\",\"onWorkerStart\",\"onWorkerEnd\",\"before\",\"beforeSession\",\"beforeSuite\",\"beforeHook\",\"beforeTest\",\"afterTest\",\"afterHook\",\"afterSuite\",\"afterSession\",\"after\",\"onComplete\",\"beforeAssertion\",\"afterAssertion\",\"beforeFeature\",\"beforeScenario\",\"beforeStep\",\"afterStep\",\"afterScenario\",\"afterFeature\",\"_\",\"suite\",\"$0\",\"ignoredWorkerServices\",\"wdi5\"]"}]}
COMMAND: POST /session/d2b61baf962823bd836e23b68c74a1fc/execute/async - {"script":"<script> [21126 bytes]","args":[35000]}
RESULT: {"script":"<script> [21126 bytes]","args":[35000]}
COMMAND: POST /session/d2b61baf962823bd836e23b68c74a1fc/window/fullscreen - {}
RESULT: {}
]]></system-out>
    </testcase>
  </testsuite>
  <testsuite timestamp="2025-05-07T16:56:16" time="392.041" tests="6" failures="3" errors="3" skipped="0">
    <properties>
      <property name="specId" value="0" />
      <property name="suiteName" value="Yard Overview Autoplanning US130989" />
      <property name="capabilities" value="chrome.135_0_7049_115.windows" />
      <property name="file" value="file:///D:/a/1/s/test/specs/HTR/yard-overview-autoplanning.spec.js" />
    </properties>
    <testcase classname="chrome.135_0_7049_115.windows.Yard_Overview_Autoplanning_US130989" name="Prereq Should create a new yard used for all following tests" time="0.015">
      <system-out><![CDATA[
COMMAND: POST /session/d2b61baf962823bd836e23b68c74a1fc/window/fullscreen - {}
RESULT: {}
]]></system-out>
    </testcase>
    <testcase classname="chrome.135_0_7049_115.windows.Yard_Overview_Autoplanning_US130989" name="Prereq Should create a new partner" time="0.004" />
    <testcase classname="chrome.135_0_7049_115.windows.Yard_Overview_Autoplanning_US130989" name="Prereq Should create a new site" time="0.004" />
  </testsuite>
</testsuites>