<?xml version="1.0" encoding="UTF-8"?>
<testsuites tests="58" failures="13" errors="13" skipped="0">
  <testsuite timestamp="2025-04-29T17:08:21" time="825.523" tests="11" failures="9" errors="9" skipped="0">
    <properties>
      <property name="specId" value="0" />
      <property name="suiteName" value="Billing confirm US117289" />
      <property name="capabilities" value="chrome.135_0_7049_96.windows" />
      <property name="file" value="file:///D:/a/1/s/test/specs/BTS/billing-confirm.spec.js" />
    </properties>
    <testcase classname="chrome.135_0_7049_96.windows.Billing_confirm_US117289" name="Should create a new yard" time="109.563">
      <system-out><![CDATA[
COMMAND: POST /session/4ca0da1f05d229fab0c05732b1ad37d0/window/fullscreen - {}
RESULT: {}
COMMAND: POST /session/4ca0da1f05d229fab0c05732b1ad37d0/execute/async - {"script":"<script> [1562 bytes]","args":[{"selector":{"controlType":"sap.m.GenericTile","properties":{"header":"Manage Yards"}},"wdio_ui5_key":"sapm.GenericTile{\"header\":\"Manage Yards\"}"}]}
RESULT: {"script":"<script> [1562 bytes]","args":[{"selector":{"controlType":"sap.m.GenericTile","properties":{"header":"Manage Yards"}},"wdio_ui5_key":"sapm.GenericTile{\"header\":\"Manage Yards\"}"}]}
RESULT: undefined
COMMAND: POST /session/4ca0da1f05d229fab0c05732b1ad37d0/element - {"using":"xpath","value":"//*[@id=\"__tile41\"]"}
RESULT: {"using":"xpath","value":"//*[@id=\"__tile41\"]"}
COMMAND: POST /session/4ca0da1f05d229fab0c05732b1ad37d0/element/f.D01EC4AF0A1BFC1E8396569751E97BC9.d.90CB23ED8B87970C8A048A0F8CF55222.e.159/click - {}
RESULT: {}
COMMAND: POST /session/4ca0da1f05d229fab0c05732b1ad37d0/element - {"using":"xpath","value":"//button[@data-kt=\"addNewYardOverflowToolbarButton\"]"}
COMMAND: GET /session/4ca0da1f05d229fab0c05732b1ad37d0/screenshot - {}
RESULT: {"using":"xpath","value":"//button[@data-kt=\"addNewYardOverflowToolbarButton\"]"}
COMMAND: POST /session/4ca0da1f05d229fab0c05732b1ad37d0/elements - {"using":"xpath","value":"//button[@data-kt=\"addNewYardOverflowToolbarButton\"]"}
RESULT: {}
RESULT: {"using":"xpath","value":"//button[@data-kt=\"addNewYardOverflowToolbarButton\"]"}
COMMAND: POST /session/4ca0da1f05d229fab0c05732b1ad37d0/elements - {"using":"xpath","value":"//button[@data-kt=\"addNewYardOverflowToolbarButton\"]"}
RESULT: {"using":"xpath","value":"//button[@data-kt=\"addNewYardOverflowToolbarButton\"]"}
COMMAND: POST /session/4ca0da1f05d229fab0c05732b1ad37d0/elements - {"using":"xpath","value":"//button[@data-kt=\"addNewYardOverflowToolbarButton\"]"}
RESULT: {"using":"xpath","value":"//button[@data-kt=\"addNewYardOverflowToolbarButton\"]"}
COMMAND: POST /session/4ca0da1f05d229fab0c05732b1ad37d0/elements - {"using":"xpath","value":"//button[@data-kt=\"addNewYardOverflowToolbarButton\"]"}
RESULT: {"using":"xpath","value":"//button[@data-kt=\"addNewYardOverflowToolbarButton\"]"}
COMMAND: POST /session/4ca0da1f05d229fab0c05732b1ad37d0/elements - {"using":"xpath","value":"//button[@data-kt=\"addNewYardOverflowToolbarButton\"]"}
RESULT: {"using":"xpath","value":"//button[@data-kt=\"addNewYardOverflowToolbarButton\"]"}
COMMAND: POST /session/4ca0da1f05d229fab0c05732b1ad37d0/elements - {"using":"xpath","value":"//button[@data-kt=\"addNewYardOverflowToolbarButton\"]"}
RESULT: {"using":"xpath","value":"//button[@data-kt=\"addNewYardOverflowToolbarButton\"]"}
COMMAND: POST /session/4ca0da1f05d229fab0c05732b1ad37d0/elements - {"using":"xpath","value":"//button[@data-kt=\"addNewYardOverflowToolbarButton\"]"}
RESULT: {"using":"xpath","value":"//button[@data-kt=\"addNewYardOverflowToolbarButton\"]"}
COMMAND: POST /session/4ca0da1f05d229fab0c05732b1ad37d0/elements - {"using":"xpath","value":"//button[@data-kt=\"addNewYardOverflowToolbarButton\"]"}
RESULT: {"using":"xpath","value":"//button[@data-kt=\"addNewYardOverflowToolbarButton\"]"}
COMMAND: POST /session/4ca0da1f05d229fab0c05732b1ad37d0/elements - {"using":"xpath","value":"//button[@data-kt=\"addNewYardOverflowToolbarButton\"]"}
RESULT: {"using":"xpath","value":"//button[@data-kt=\"addNewYardOverflowToolbarButton\"]"}
COMMAND: POST /session/4ca0da1f05d229fab0c05732b1ad37d0/elements - {"using":"xpath","value":"//button[@data-kt=\"addNewYardOverflowToolbarButton\"]"}
RESULT: {"using":"xpath","value":"//button[@data-kt=\"addNewYardOverflowToolbarButton\"]"}
COMMAND: POST /session/4ca0da1f05d229fab0c05732b1ad37d0/elements - {"using":"xpath","value":"//button[@data-kt=\"addNewYardOverflowToolbarButton\"]"}
RESULT: {"using":"xpath","value":"//button[@data-kt=\"addNewYardOverflowToolbarButton\"]"}
COMMAND: POST /session/4ca0da1f05d229fab0c05732b1ad37d0/elements - {"using":"xpath","value":"//button[@data-kt=\"addNewYardOverflowToolbarButton\"]"}
RESULT: {"using":"xpath","value":"//button[@data-kt=\"addNewYardOverflowToolbarButton\"]"}
COMMAND: POST /session/4ca0da1f05d229fab0c05732b1ad37d0/elements - {"using":"xpath","value":"//button[@data-kt=\"addNewYardOverflowToolbarButton\"]"}
RESULT: {"using":"xpath","value":"//button[@data-kt=\"addNewYardOverflowToolbarButton\"]"}
COMMAND: POST /session/4ca0da1f05d229fab0c05732b1ad37d0/elements - {"using":"xpath","value":"//button[@data-kt=\"addNewYardOverflowToolbarButton\"]"}
RESULT: {"using":"xpath","value":"//button[@data-kt=\"addNewYardOverflowToolbarButton\"]"}
COMMAND: POST /session/4ca0da1f05d229fab0c05732b1ad37d0/elements - {"using":"xpath","value":"//button[@data-kt=\"addNewYardOverflowToolbarButton\"]"}
RESULT: {"using":"xpath","value":"//button[@data-kt=\"addNewYardOverflowToolbarButton\"]"}
COMMAND: POST /session/4ca0da1f05d229fab0c05732b1ad37d0/elements - {"using":"xpath","value":"//button[@data-kt=\"addNewYardOverflowToolbarButton\"]"}
RESULT: {"using":"xpath","value":"//button[@data-kt=\"addNewYardOverflowToolbarButton\"]"}
COMMAND: POST /session/4ca0da1f05d229fab0c05732b1ad37d0/elements - {"using":"xpath","value":"//button[@data-kt=\"addNewYardOverflowToolbarButton\"]"}
RESULT: {"using":"xpath","value":"//button[@data-kt=\"addNewYardOverflowToolbarButton\"]"}
COMMAND: POST /session/4ca0da1f05d229fab0c05732b1ad37d0/elements - {"using":"xpath","value":"//button[@data-kt=\"addNewYardOverflowToolbarButton\"]"}
RESULT: {"using":"xpath","value":"//button[@data-kt=\"addNewYardOverflowToolbarButton\"]"}
COMMAND: POST /session/4ca0da1f05d229fab0c05732b1ad37d0/elements - {"using":"xpath","value":"//button[@data-kt=\"addNewYardOverflowToolbarButton\"]"}
RESULT: {"using":"xpath","value":"//button[@data-kt=\"addNewYardOverflowToolbarButton\"]"}
COMMAND: POST /session/4ca0da1f05d229fab0c05732b1ad37d0/elements - {"using":"xpath","value":"//button[@data-kt=\"addNewYardOverflowToolbarButton\"]"}
RESULT: {"using":"xpath","value":"//button[@data-kt=\"addNewYardOverflowToolbarButton\"]"}
COMMAND: POST /session/4ca0da1f05d229fab0c05732b1ad37d0/elements - {"using":"xpath","value":"//button[@data-kt=\"addNewYardOverflowToolbarButton\"]"}
RESULT: {"using":"xpath","value":"//button[@data-kt=\"addNewYardOverflowToolbarButton\"]"}
COMMAND: POST /session/4ca0da1f05d229fab0c05732b1ad37d0/elements - {"using":"xpath","value":"//button[@data-kt=\"addNewYardOverflowToolbarButton\"]"}
RESULT: {"using":"xpath","value":"//button[@data-kt=\"addNewYardOverflowToolbarButton\"]"}
COMMAND: POST /session/4ca0da1f05d229fab0c05732b1ad37d0/elements - {"using":"xpath","value":"//button[@data-kt=\"addNewYardOverflowToolbarButton\"]"}
RESULT: {"using":"xpath","value":"//button[@data-kt=\"addNewYardOverflowToolbarButton\"]"}
COMMAND: POST /session/4ca0da1f05d229fab0c05732b1ad37d0/elements - {"using":"xpath","value":"//button[@data-kt=\"addNewYardOverflowToolbarButton\"]"}
RESULT: {"using":"xpath","value":"//button[@data-kt=\"addNewYardOverflowToolbarButton\"]"}
COMMAND: POST /session/4ca0da1f05d229fab0c05732b1ad37d0/elements - {"using":"xpath","value":"//button[@data-kt=\"addNewYardOverflowToolbarButton\"]"}
RESULT: {"using":"xpath","value":"//button[@data-kt=\"addNewYardOverflowToolbarButton\"]"}
COMMAND: POST /session/4ca0da1f05d229fab0c05732b1ad37d0/elements - {"using":"xpath","value":"//button[@data-kt=\"addNewYardOverflowToolbarButton\"]"}
RESULT: {"using":"xpath","value":"//button[@data-kt=\"addNewYardOverflowToolbarButton\"]"}
COMMAND: POST /session/4ca0da1f05d229fab0c05732b1ad37d0/elements - {"using":"xpath","value":"//button[@data-kt=\"addNewYardOverflowToolbarButton\"]"}
RESULT: {"using":"xpath","value":"//button[@data-kt=\"addNewYardOverflowToolbarButton\"]"}
COMMAND: POST /session/4ca0da1f05d229fab0c05732b1ad37d0/element - {"using":"xpath","value":"//button[@data-kt=\"addNewYardOverflowToolbarButton\"]"}
RESULT: {"using":"xpath","value":"//button[@data-kt=\"addNewYardOverflowToolbarButton\"]"}
COMMAND: POST /session/4ca0da1f05d229fab0c05732b1ad37d0/execute/sync - {"script":"<script> [8489 bytes]","args":[{"element-6066-11e4-a52e-4f735466cecf":"f.D01EC4AF0A1BFC1E8396569751E97BC9.d.90CB23ED8B87970C8A048A0F8CF55222.e.294","ELEMENT":"f.D01EC4AF0A1BFC1E8396569751E97BC9.d.90CB23ED8B87970C8A048A0F8CF55222.e.294"}]}
RESULT: {"script":"<script> [8489 bytes]","args":[{"element-6066-11e4-a52e-4f735466cecf":"f.D01EC4AF0A1BFC1E8396569751E97BC9.d.90CB23ED8B87970C8A048A0F8CF55222.e.294","ELEMENT":"f.D01EC4AF0A1BFC1E8396569751E97BC9.d.90CB23ED8B87970C8A048A0F8CF55222.e.294"}]}
COMMAND: GET /session/4ca0da1f05d229fab0c05732b1ad37d0/element/f.D01EC4AF0A1BFC1E8396569751E97BC9.d.90CB23ED8B87970C8A048A0F8CF55222.e.294/enabled - {}
COMMAND: GET /session/4ca0da1f05d229fab0c05732b1ad37d0/screenshot - {}
RESULT: {}
COMMAND: POST /session/4ca0da1f05d229fab0c05732b1ad37d0/execute/sync - {"script":"<script> [8489 bytes]","args":[{"element-6066-11e4-a52e-4f735466cecf":"f.D01EC4AF0A1BFC1E8396569751E97BC9.d.90CB23ED8B87970C8A048A0F8CF55222.e.294","ELEMENT":"f.D01EC4AF0A1BFC1E8396569751E97BC9.d.90CB23ED8B87970C8A048A0F8CF55222.e.294"}]}
COMMAND: GET /session/4ca0da1f05d229fab0c05732b1ad37d0/screenshot - {}
RESULT: {}
RESULT: {"script":"<script> [8489 bytes]","args":[{"element-6066-11e4-a52e-4f735466cecf":"f.D01EC4AF0A1BFC1E8396569751E97BC9.d.90CB23ED8B87970C8A048A0F8CF55222.e.294","ELEMENT":"f.D01EC4AF0A1BFC1E8396569751E97BC9.d.90CB23ED8B87970C8A048A0F8CF55222.e.294"}]}
COMMAND: POST /session/4ca0da1f05d229fab0c05732b1ad37d0/execute/sync - {"script":"<script> [5351 bytes]","args":[{"element-6066-11e4-a52e-4f735466cecf":"f.D01EC4AF0A1BFC1E8396569751E97BC9.d.90CB23ED8B87970C8A048A0F8CF55222.e.294","ELEMENT":"f.D01EC4AF0A1BFC1E8396569751E97BC9.d.90CB23ED8B87970C8A048A0F8CF55222.e.294"}]}
COMMAND: GET /session/4ca0da1f05d229fab0c05732b1ad37d0/screenshot - {}
RESULT: {}
RESULT: {"script":"<script> [5351 bytes]","args":[{"element-6066-11e4-a52e-4f735466cecf":"f.D01EC4AF0A1BFC1E8396569751E97BC9.d.90CB23ED8B87970C8A048A0F8CF55222.e.294","ELEMENT":"f.D01EC4AF0A1BFC1E8396569751E97BC9.d.90CB23ED8B87970C8A048A0F8CF55222.e.294"}]}
COMMAND: POST /session/4ca0da1f05d229fab0c05732b1ad37d0/element/f.D01EC4AF0A1BFC1E8396569751E97BC9.d.90CB23ED8B87970C8A048A0F8CF55222.e.294/click - {}
COMMAND: GET /session/4ca0da1f05d229fab0c05732b1ad37d0/screenshot - {}
RESULT: {}
RESULT: {}
COMMAND: GET /session/4ca0da1f05d229fab0c05732b1ad37d0/screenshot - {}
COMMAND: POST /session/4ca0da1f05d229fab0c05732b1ad37d0/element - {"using":"xpath","value":"//input[@id=\"application-manageyards-display-component---NewYard--yardId-inner\"]"}
RESULT: {}
RESULT: {}
RESULT: {"using":"xpath","value":"//input[@id=\"application-manageyards-display-component---NewYard--yardId-inner\"]"}
COMMAND: POST /session/4ca0da1f05d229fab0c05732b1ad37d0/element - {"using":"xpath","value":"//input[@id=\"application-manageyards-display-component---NewYard--yardId-inner\"]"}
RESULT: {"using":"xpath","value":"//input[@id=\"application-manageyards-display-component---NewYard--yardId-inner\"]"}
COMMAND: POST /session/4ca0da1f05d229fab0c05732b1ad37d0/execute/async - {"script":"<script> [1562 bytes]","args":[{"selector":{"id":"application-manageyards-display-component---NewYard--addressDetailDetailsName1","interaction":{"idSuffix":"inner"}},"wdio_ui5_key":"applicationmanageyards-display-component---NewYard--addressDetailDetailsName1"}]}
RESULT: {"script":"<script> [1562 bytes]","args":[{"selector":{"id":"application-manageyards-display-component---NewYard--addressDetailDetailsName1","interaction":{"idSuffix":"inner"}},"wdio_ui5_key":"applicationmanageyards-display-component---NewYard--addressDetailDetailsName1"}]}
RESULT: undefined
COMMAND: POST /session/4ca0da1f05d229fab0c05732b1ad37d0/execute/async - {"script":"<script> [776 bytes]","args":[{"enterText":"Intracompany Yard wdIO","selector":{"id":"application-manageyards-display-component---NewYard--addressDetailDetailsName1","interaction":{"idSuffix":"inner"}},"clearTextFirst":true,"interactionType":"ENTER_TEXT"}]}
RESULT: {"script":"<script> [776 bytes]","args":[{"enterText":"Intracompany Yard wdIO","selector":{"id":"application-manageyards-display-component---NewYard--addressDetailDetailsName1","interaction":{"idSuffix":"inner"}},"clearTextFirst":true,"interactionType":"ENTER_TEXT"}]}
COMMAND: POST /session/4ca0da1f05d229fab0c05732b1ad37d0/execute/async - {"script":"<script> [1562 bytes]","args":[{"selector":{"id":"application-manageyards-display-component---NewYard--addressDetailDetailsLanguage-arrow"},"wdio_ui5_key":"applicationmanageyards-display-component---NewYard--addressDetailDetailsLanguage-arrow"}]}
RESULT: {"script":"<script> [1562 bytes]","args":[{"selector":{"id":"application-manageyards-display-component---NewYard--addressDetailDetailsLanguage-arrow"},"wdio_ui5_key":"applicationmanageyards-display-component---NewYard--addressDetailDetailsLanguage-arrow"}]}
RESULT: undefined
COMMAND: POST /session/4ca0da1f05d229fab0c05732b1ad37d0/element - {"using":"xpath","value":"//*[@id=\"application-manageyards-display-component---NewYard--addressDetailDetailsLanguage-arrow\"]"}
RESULT: {"using":"xpath","value":"//*[@id=\"application-manageyards-display-component---NewYard--addressDetailDetailsLanguage-arrow\"]"}
COMMAND: POST /session/4ca0da1f05d229fab0c05732b1ad37d0/element/f.D01EC4AF0A1BFC1E8396569751E97BC9.d.90CB23ED8B87970C8A048A0F8CF55222.e.724/click - {}
RESULT: {}
COMMAND: POST /session/4ca0da1f05d229fab0c05732b1ad37d0/element - {"using":"xpath","value":"//span[contains(text(), \"English\")]"}
COMMAND: GET /session/4ca0da1f05d229fab0c05732b1ad37d0/screenshot - {}
RESULT: {"using":"xpath","value":"//span[contains(text(), \"English\")]"}
COMMAND: POST /session/4ca0da1f05d229fab0c05732b1ad37d0/element/f.D01EC4AF0A1BFC1E8396569751E97BC9.d.90CB23ED8B87970C8A048A0F8CF55222.e.725/click - {}
RESULT: {}
RESULT: {}
COMMAND: POST /session/4ca0da1f05d229fab0c05732b1ad37d0/execute/async - {"script":"<script> [1562 bytes]","args":[{"selector":{"id":"application-manageyards-display-component---NewYard--addressDetailDetailsCity1","interaction":{"idSuffix":"inner"}},"wdio_ui5_key":"applicationmanageyards-display-component---NewYard--addressDetailDetailsCity1"}]}
COMMAND: GET /session/4ca0da1f05d229fab0c05732b1ad37d0/screenshot - {}
RESULT: {"script":"<script> [1562 bytes]","args":[{"selector":{"id":"application-manageyards-display-component---NewYard--addressDetailDetailsCity1","interaction":{"idSuffix":"inner"}},"wdio_ui5_key":"applicationmanageyards-display-component---NewYard--addressDetailDetailsCity1"}]}
RESULT: undefined
COMMAND: POST /session/4ca0da1f05d229fab0c05732b1ad37d0/execute/async - {"script":"<script> [776 bytes]","args":[{"enterText":"Rosario","selector":{"id":"application-manageyards-display-component---NewYard--addressDetailDetailsCity1","interaction":{"idSuffix":"inner"}},"clearTextFirst":true,"interactionType":"ENTER_TEXT"}]}
RESULT: {}
RESULT: {"script":"<script> [776 bytes]","args":[{"enterText":"Rosario","selector":{"id":"application-manageyards-display-component---NewYard--addressDetailDetailsCity1","interaction":{"idSuffix":"inner"}},"clearTextFirst":true,"interactionType":"ENTER_TEXT"}]}
COMMAND: POST /session/4ca0da1f05d229fab0c05732b1ad37d0/execute/async - {"script":"<script> [1562 bytes]","args":[{"selector":{"id":"application-manageyards-display-component---NewYard--addressDetailDetailsCountry-arrow"},"wdio_ui5_key":"applicationmanageyards-display-component---NewYard--addressDetailDetailsCountry-arrow"}]}
RESULT: {"script":"<script> [1562 bytes]","args":[{"selector":{"id":"application-manageyards-display-component---NewYard--addressDetailDetailsCountry-arrow"},"wdio_ui5_key":"applicationmanageyards-display-component---NewYard--addressDetailDetailsCountry-arrow"}]}
RESULT: undefined
COMMAND: POST /session/4ca0da1f05d229fab0c05732b1ad37d0/element - {"using":"xpath","value":"//*[@id=\"application-manageyards-display-component---NewYard--addressDetailDetailsCountry-arrow\"]"}
RESULT: {"using":"xpath","value":"//*[@id=\"application-manageyards-display-component---NewYard--addressDetailDetailsCountry-arrow\"]"}
COMMAND: POST /session/4ca0da1f05d229fab0c05732b1ad37d0/element/f.D01EC4AF0A1BFC1E8396569751E97BC9.d.90CB23ED8B87970C8A048A0F8CF55222.e.727/click - {}
RESULT: {}
COMMAND: POST /session/4ca0da1f05d229fab0c05732b1ad37d0/element - {"using":"xpath","value":"//span[contains(text(), \"Argentina\")]"}
COMMAND: GET /session/4ca0da1f05d229fab0c05732b1ad37d0/screenshot - {}
RESULT: {"using":"xpath","value":"//span[contains(text(), \"Argentina\")]"}
COMMAND: POST /session/4ca0da1f05d229fab0c05732b1ad37d0/element/f.D01EC4AF0A1BFC1E8396569751E97BC9.d.90CB23ED8B87970C8A048A0F8CF55222.e.729/click - {}
RESULT: {}
RESULT: {}
COMMAND: POST /session/4ca0da1f05d229fab0c05732b1ad37d0/execute/async - {"script":"<script> [1562 bytes]","args":[{"selector":{"id":"application-manageyards-display-component---NewYard--addressEditDetailsCostObjectCstType-arrow"},"wdio_ui5_key":"applicationmanageyards-display-component---NewYard--addressEditDetailsCostObjectCstType-arrow"}]}
COMMAND: GET /session/4ca0da1f05d229fab0c05732b1ad37d0/screenshot - {}
RESULT: {"script":"<script> [1562 bytes]","args":[{"selector":{"id":"application-manageyards-display-component---NewYard--addressEditDetailsCostObjectCstType-arrow"},"wdio_ui5_key":"applicationmanageyards-display-component---NewYard--addressEditDetailsCostObjectCstType-arrow"}]}
RESULT: undefined
COMMAND: POST /session/4ca0da1f05d229fab0c05732b1ad37d0/element - {"using":"xpath","value":"//*[@id=\"application-manageyards-display-component---NewYard--addressEditDetailsCostObjectCstType-arrow\"]"}
RESULT: {}
RESULT: {"using":"xpath","value":"//*[@id=\"application-manageyards-display-component---NewYard--addressEditDetailsCostObjectCstType-arrow\"]"}
COMMAND: POST /session/4ca0da1f05d229fab0c05732b1ad37d0/element/f.D01EC4AF0A1BFC1E8396569751E97BC9.d.90CB23ED8B87970C8A048A0F8CF55222.e.730/click - {}
RESULT: {}
COMMAND: POST /session/4ca0da1f05d229fab0c05732b1ad37d0/element - {"using":"xpath","value":"//span[contains(text(), \"Cost Center\")]"}
COMMAND: GET /session/4ca0da1f05d229fab0c05732b1ad37d0/screenshot - {}
RESULT: {"using":"xpath","value":"//span[contains(text(), \"Cost Center\")]"}
COMMAND: POST /session/4ca0da1f05d229fab0c05732b1ad37d0/element/f.D01EC4AF0A1BFC1E8396569751E97BC9.d.90CB23ED8B87970C8A048A0F8CF55222.e.731/click - {}
RESULT: {}
RESULT: {}
COMMAND: GET /session/4ca0da1f05d229fab0c05732b1ad37d0/screenshot - {}
RESULT: {}
COMMAND: POST /session/4ca0da1f05d229fab0c05732b1ad37d0/element - {"using":"xpath","value":"//span[@id=\"application-manageyards-display-component---NewYard--addressNewCostObjectCstID-vhi\"]"}
RESULT: {"using":"xpath","value":"//span[@id=\"application-manageyards-display-component---NewYard--addressNewCostObjectCstID-vhi\"]"}
COMMAND: POST /session/4ca0da1f05d229fab0c05732b1ad37d0/execute/sync - {"script":"<script> [8489 bytes]","args":[{"element-6066-11e4-a52e-4f735466cecf":"f.D01EC4AF0A1BFC1E8396569751E97BC9.d.90CB23ED8B87970C8A048A0F8CF55222.e.735","ELEMENT":"f.D01EC4AF0A1BFC1E8396569751E97BC9.d.90CB23ED8B87970C8A048A0F8CF55222.e.735"}]}
RESULT: {"script":"<script> [8489 bytes]","args":[{"element-6066-11e4-a52e-4f735466cecf":"f.D01EC4AF0A1BFC1E8396569751E97BC9.d.90CB23ED8B87970C8A048A0F8CF55222.e.735","ELEMENT":"f.D01EC4AF0A1BFC1E8396569751E97BC9.d.90CB23ED8B87970C8A048A0F8CF55222.e.735"}]}
COMMAND: POST /session/4ca0da1f05d229fab0c05732b1ad37d0/execute/async - {"script":"<script> [1562 bytes]","args":[{"selector":{"id":"application-manageyards-display-component---NewYard--addressNewCostObjectCstID-vhi"},"wdio_ui5_key":"applicationmanageyards-display-component---NewYard--addressNewCostObjectCstID-vhi"}]}
COMMAND: GET /session/4ca0da1f05d229fab0c05732b1ad37d0/screenshot - {}
RESULT: {"script":"<script> [1562 bytes]","args":[{"selector":{"id":"application-manageyards-display-component---NewYard--addressNewCostObjectCstID-vhi"},"wdio_ui5_key":"applicationmanageyards-display-component---NewYard--addressNewCostObjectCstID-vhi"}]}
RESULT: undefined
COMMAND: POST /session/4ca0da1f05d229fab0c05732b1ad37d0/element - {"using":"xpath","value":"//*[@id=\"application-manageyards-display-component---NewYard--addressNewCostObjectCstID-vhi\"]"}
RESULT: {}
RESULT: {"using":"xpath","value":"//*[@id=\"application-manageyards-display-component---NewYard--addressNewCostObjectCstID-vhi\"]"}
COMMAND: POST /session/4ca0da1f05d229fab0c05732b1ad37d0/element/f.D01EC4AF0A1BFC1E8396569751E97BC9.d.90CB23ED8B87970C8A048A0F8CF55222.e.735/click - {}
RESULT: {}
COMMAND: GET /session/4ca0da1f05d229fab0c05732b1ad37d0/screenshot - {}
RESULT: {}
COMMAND: POST /session/4ca0da1f05d229fab0c05732b1ad37d0/execute/async - {"script":"<script> [1562 bytes]","args":[{"selector":{"controlType":"sap.m.SearchField","properties":{"placeholder":"Search"},"searchOpenDialogs":true,"interaction":{"idSuffix":"I"}},"wdio_ui5_key":"sapm.SearchField{\"placeholder\":\"Search\"}"}]}
RESULT: {"script":"<script> [1562 bytes]","args":[{"selector":{"controlType":"sap.m.SearchField","properties":{"placeholder":"Search"},"searchOpenDialogs":true,"interaction":{"idSuffix":"I"}},"wdio_ui5_key":"sapm.SearchField{\"placeholder\":\"Search\"}"}]}
RESULT: undefined
COMMAND: POST /session/4ca0da1f05d229fab0c05732b1ad37d0/execute/async - {"script":"<script> [776 bytes]","args":[{"enterText":"10001013","selector":{"controlType":"sap.m.SearchField","properties":{"placeholder":"Search"},"searchOpenDialogs":true,"interaction":{"idSuffix":"I"}},"clearTextFirst":true,"interactionType":"ENTER_TEXT"}]}
RESULT: {"script":"<script> [776 bytes]","args":[{"enterText":"10001013","selector":{"controlType":"sap.m.SearchField","properties":{"placeholder":"Search"},"searchOpenDialogs":true,"interaction":{"idSuffix":"I"}},"clearTextFirst":true,"interactionType":"ENTER_TEXT"}]}
COMMAND: POST /session/4ca0da1f05d229fab0c05732b1ad37d0/actions - {"actions":[{"id":"action1","type":"key","parameters":{},"actions":[{"type":"keyDown","value":"î€‡"},{"type":"pause","duration":10},{"type":"keyUp","value":"î€‡"}]}]}
RESULT: {"actions":[{"id":"action1","type":"key","parameters":{},"actions":[{"type":"keyDown","value":"î€‡"},{"type":"pause","duration":10},{"type":"keyUp","value":"î€‡"}]}]}
COMMAND: GET /session/4ca0da1f05d229fab0c05732b1ad37d0/screenshot - {}
RESULT: {}
COMMAND: POST /session/4ca0da1f05d229fab0c05732b1ad37d0/element - {"using":"xpath","value":"//span[contains(text(), \"General Management\")]"}
RESULT: {"using":"xpath","value":"//span[contains(text(), \"General Management\")]"}
COMMAND: POST /session/4ca0da1f05d229fab0c05732b1ad37d0/element/f.D01EC4AF0A1BFC1E8396569751E97BC9.d.90CB23ED8B87970C8A048A0F8CF55222.e.776/click - {}
RESULT: {}
COMMAND: GET /session/4ca0da1f05d229fab0c05732b1ad37d0/screenshot - {}
RESULT: {}
COMMAND: POST /session/4ca0da1f05d229fab0c05732b1ad37d0/element - {"using":"xpath","value":"//bdi[contains(text(), \"OK\")]"}
RESULT: {"using":"xpath","value":"//bdi[contains(text(), \"OK\")]"}
COMMAND: POST /session/4ca0da1f05d229fab0c05732b1ad37d0/element/f.D01EC4AF0A1BFC1E8396569751E97BC9.d.90CB23ED8B87970C8A048A0F8CF55222.e.777/click - {}
RESULT: {}
COMMAND: GET /session/4ca0da1f05d229fab0c05732b1ad37d0/screenshot - {}
RESULT: {}
COMMAND: POST /session/4ca0da1f05d229fab0c05732b1ad37d0/execute/async - {"script":"<script> [1562 bytes]","args":[{"selector":{"id":"application-manageyards-display-component---NewYard--addressEditDetailsCurrency-arrow"},"wdio_ui5_key":"applicationmanageyards-display-component---NewYard--addressEditDetailsCurrency-arrow"}]}
RESULT: {"script":"<script> [1562 bytes]","args":[{"selector":{"id":"application-manageyards-display-component---NewYard--addressEditDetailsCurrency-arrow"},"wdio_ui5_key":"applicationmanageyards-display-component---NewYard--addressEditDetailsCurrency-arrow"}]}
RESULT: undefined
COMMAND: POST /session/4ca0da1f05d229fab0c05732b1ad37d0/element - {"using":"xpath","value":"//*[@id=\"application-manageyards-display-component---NewYard--addressEditDetailsCurrency-arrow\"]"}
RESULT: {"using":"xpath","value":"//*[@id=\"application-manageyards-display-component---NewYard--addressEditDetailsCurrency-arrow\"]"}
COMMAND: POST /session/4ca0da1f05d229fab0c05732b1ad37d0/element/f.D01EC4AF0A1BFC1E8396569751E97BC9.d.90CB23ED8B87970C8A048A0F8CF55222.e.780/click - {}
RESULT: {}
COMMAND: POST /session/4ca0da1f05d229fab0c05732b1ad37d0/element - {"using":"xpath","value":"//span[contains(text(), \"Euro\")]"}
COMMAND: GET /session/4ca0da1f05d229fab0c05732b1ad37d0/screenshot - {}
RESULT: {"using":"xpath","value":"//span[contains(text(), \"Euro\")]"}
COMMAND: POST /session/4ca0da1f05d229fab0c05732b1ad37d0/element/f.D01EC4AF0A1BFC1E8396569751E97BC9.d.90CB23ED8B87970C8A048A0F8CF55222.e.781/click - {}
RESULT: {}
RESULT: {}
COMMAND: POST /session/4ca0da1f05d229fab0c05732b1ad37d0/execute/async - {"script":"<script> [1562 bytes]","args":[{"selector":{"controlType":"sap.m.Input","viewName":"etm.portal.ui.manageyards.view.New","viewId":"application-manageyards-display-component---NewYard","bindingPath":{"path":"","propertyPath":"/CONTROLLING_AREA","modelName":"NewYardModel"},"interaction":{"idSuffix":"inner"}},"wdio_ui5_key":"etmportal.ui.manageyards.view.Newsap.m.Input{\"path\":\"\",\"propertyPath\":\"/CONTROLLING_AREA\",\"modelName\":\"NewYardModel\"}"}]}
COMMAND: GET /session/4ca0da1f05d229fab0c05732b1ad37d0/screenshot - {}
RESULT: {"script":"<script> [1562 bytes]","args":[{"selector":{"controlType":"sap.m.Input","viewName":"etm.portal.ui.manageyards.view.New","viewId":"application-manageyards-display-component---NewYard","bindingPath":{"path":"","propertyPath":"/CONTROLLING_AREA","modelName":"NewYardModel"},"interaction":{"idSuffix":"inner"}},"wdio_ui5_key":"etmportal.ui.manageyards.view.Newsap.m.Input{\"path\":\"\",\"propertyPath\":\"/CONTROLLING_AREA\",\"modelName\":\"NewYardModel\"}"}]}
RESULT: undefined
COMMAND: POST /session/4ca0da1f05d229fab0c05732b1ad37d0/execute/async - {"script":"<script> [776 bytes]","args":[{"enterText":"Z001","selector":{"controlType":"sap.m.Input","viewName":"etm.portal.ui.manageyards.view.New","viewId":"application-manageyards-display-component---NewYard","bindingPath":{"path":"","propertyPath":"/CONTROLLING_AREA","modelName":"NewYardModel"},"interaction":{"idSuffix":"inner"}},"clearTextFirst":true,"interactionType":"ENTER_TEXT"}]}
RESULT: {}
RESULT: {"script":"<script> [776 bytes]","args":[{"enterText":"Z001","selector":{"controlType":"sap.m.Input","viewName":"etm.portal.ui.manageyards.view.New","viewId":"application-manageyards-display-component---NewYard","bindingPath":{"path":"","propertyPath":"/CONTROLLING_AREA","modelName":"NewYardModel"},"interaction":{"idSuffix":"inner"}},"clearTextFirst":true,"interactionType":"ENTER_TEXT"}]}
COMMAND: POST /session/4ca0da1f05d229fab0c05732b1ad37d0/execute/async - {"script":"<script> [1562 bytes]","args":[{"selector":{"id":"application-manageyards-display-component---NewYard--companyCodeComboBox","interaction":{"idSuffix":"inner"}},"wdio_ui5_key":"applicationmanageyards-display-component---NewYard--companyCodeComboBox"}]}
RESULT: {"script":"<script> [1562 bytes]","args":[{"selector":{"id":"application-manageyards-display-component---NewYard--companyCodeComboBox","interaction":{"idSuffix":"inner"}},"wdio_ui5_key":"applicationmanageyards-display-component---NewYard--companyCodeComboBox"}]}
RESULT: undefined
COMMAND: POST /session/4ca0da1f05d229fab0c05732b1ad37d0/execute/async - {"script":"<script> [776 bytes]","args":[{"enterText":"1000","selector":{"id":"application-manageyards-display-component---NewYard--companyCodeComboBox","interaction":{"idSuffix":"inner"}},"clearTextFirst":true,"interactionType":"ENTER_TEXT"}]}
RESULT: {"script":"<script> [776 bytes]","args":[{"enterText":"1000","selector":{"id":"application-manageyards-display-component---NewYard--companyCodeComboBox","interaction":{"idSuffix":"inner"}},"clearTextFirst":true,"interactionType":"ENTER_TEXT"}]}
COMMAND: POST /session/4ca0da1f05d229fab0c05732b1ad37d0/execute/async - {"script":"<script> [1562 bytes]","args":[{"selector":{"controlType":"sap.m.Input","viewName":"etm.portal.ui.manageyards.view.New","viewId":"application-manageyards-display-component---NewYard","bindingPath":{"path":"","propertyPath":"/PLANT","modelName":"NewYardModel"},"interaction":{"idSuffix":"inner"}},"wdio_ui5_key":"etmportal.ui.manageyards.view.Newsap.m.Input{\"path\":\"\",\"propertyPath\":\"/PLANT\",\"modelName\":\"NewYardModel\"}"}]}
RESULT: {"script":"<script> [1562 bytes]","args":[{"selector":{"controlType":"sap.m.Input","viewName":"etm.portal.ui.manageyards.view.New","viewId":"application-manageyards-display-component---NewYard","bindingPath":{"path":"","propertyPath":"/PLANT","modelName":"NewYardModel"},"interaction":{"idSuffix":"inner"}},"wdio_ui5_key":"etmportal.ui.manageyards.view.Newsap.m.Input{\"path\":\"\",\"propertyPath\":\"/PLANT\",\"modelName\":\"NewYardModel\"}"}]}
RESULT: undefined
COMMAND: POST /session/4ca0da1f05d229fab0c05732b1ad37d0/execute/async - {"script":"<script> [776 bytes]","args":[{"enterText":"1001","selector":{"controlType":"sap.m.Input","viewName":"etm.portal.ui.manageyards.view.New","viewId":"application-manageyards-display-component---NewYard","bindingPath":{"path":"","propertyPath":"/PLANT","modelName":"NewYardModel"},"interaction":{"idSuffix":"inner"}},"clearTextFirst":true,"interactionType":"ENTER_TEXT"}]}
RESULT: {"script":"<script> [776 bytes]","args":[{"enterText":"1001","selector":{"controlType":"sap.m.Input","viewName":"etm.portal.ui.manageyards.view.New","viewId":"application-manageyards-display-component---NewYard","bindingPath":{"path":"","propertyPath":"/PLANT","modelName":"NewYardModel"},"interaction":{"idSuffix":"inner"}},"clearTextFirst":true,"interactionType":"ENTER_TEXT"}]}
COMMAND: POST /session/4ca0da1f05d229fab0c05732b1ad37d0/execute/async - {"script":"<script> [1562 bytes]","args":[{"selector":{"controlType":"sap.m.Input","viewName":"etm.portal.ui.manageyards.view.New","viewId":"application-manageyards-display-component---NewYard","bindingPath":{"path":"","propertyPath":"/SALES_AREA_VKORG","modelName":"NewYardModel"},"interaction":{"idSuffix":"inner"}},"wdio_ui5_key":"etmportal.ui.manageyards.view.Newsap.m.Input{\"path\":\"\",\"propertyPath\":\"/SALES_AREA_VKORG\",\"modelName\":\"NewYardModel\"}"}]}
RESULT: {"script":"<script> [1562 bytes]","args":[{"selector":{"controlType":"sap.m.Input","viewName":"etm.portal.ui.manageyards.view.New","viewId":"application-manageyards-display-component---NewYard","bindingPath":{"path":"","propertyPath":"/SALES_AREA_VKORG","modelName":"NewYardModel"},"interaction":{"idSuffix":"inner"}},"wdio_ui5_key":"etmportal.ui.manageyards.view.Newsap.m.Input{\"path\":\"\",\"propertyPath\":\"/SALES_AREA_VKORG\",\"modelName\":\"NewYardModel\"}"}]}
RESULT: undefined
COMMAND: POST /session/4ca0da1f05d229fab0c05732b1ad37d0/execute/async - {"script":"<script> [776 bytes]","args":[{"enterText":"C002","selector":{"controlType":"sap.m.Input","viewName":"etm.portal.ui.manageyards.view.New","viewId":"application-manageyards-display-component---NewYard","bindingPath":{"path":"","propertyPath":"/SALES_AREA_VKORG","modelName":"NewYardModel"},"interaction":{"idSuffix":"inner"}},"clearTextFirst":true,"interactionType":"ENTER_TEXT"}]}
RESULT: {"script":"<script> [776 bytes]","args":[{"enterText":"C002","selector":{"controlType":"sap.m.Input","viewName":"etm.portal.ui.manageyards.view.New","viewId":"application-manageyards-display-component---NewYard","bindingPath":{"path":"","propertyPath":"/SALES_AREA_VKORG","modelName":"NewYardModel"},"interaction":{"idSuffix":"inner"}},"clearTextFirst":true,"interactionType":"ENTER_TEXT"}]}
COMMAND: POST /session/4ca0da1f05d229fab0c05732b1ad37d0/execute/async - {"script":"<script> [1562 bytes]","args":[{"selector":{"controlType":"sap.m.Input","viewName":"etm.portal.ui.manageyards.view.New","viewId":"application-manageyards-display-component---NewYard","bindingPath":{"path":"","propertyPath":"/SALES_AREA_VTWEG","modelName":"NewYardModel"},"interaction":{"idSuffix":"inner"}},"wdio_ui5_key":"etmportal.ui.manageyards.view.Newsap.m.Input{\"path\":\"\",\"propertyPath\":\"/SALES_AREA_VTWEG\",\"modelName\":\"NewYardModel\"}"}]}
RESULT: {"script":"<script> [1562 bytes]","args":[{"selector":{"controlType":"sap.m.Input","viewName":"etm.portal.ui.manageyards.view.New","viewId":"application-manageyards-display-component---NewYard","bindingPath":{"path":"","propertyPath":"/SALES_AREA_VTWEG","modelName":"NewYardModel"},"interaction":{"idSuffix":"inner"}},"wdio_ui5_key":"etmportal.ui.manageyards.view.Newsap.m.Input{\"path\":\"\",\"propertyPath\":\"/SALES_AREA_VTWEG\",\"modelName\":\"NewYardModel\"}"}]}
RESULT: undefined
COMMAND: POST /session/4ca0da1f05d229fab0c05732b1ad37d0/execute/async - {"script":"<script> [776 bytes]","args":[{"enterText":"C2","selector":{"controlType":"sap.m.Input","viewName":"etm.portal.ui.manageyards.view.New","viewId":"application-manageyards-display-component---NewYard","bindingPath":{"path":"","propertyPath":"/SALES_AREA_VTWEG","modelName":"NewYardModel"},"interaction":{"idSuffix":"inner"}},"clearTextFirst":true,"interactionType":"ENTER_TEXT"}]}
RESULT: {"script":"<script> [776 bytes]","args":[{"enterText":"C2","selector":{"controlType":"sap.m.Input","viewName":"etm.portal.ui.manageyards.view.New","viewId":"application-manageyards-display-component---NewYard","bindingPath":{"path":"","propertyPath":"/SALES_AREA_VTWEG","modelName":"NewYardModel"},"interaction":{"idSuffix":"inner"}},"clearTextFirst":true,"interactionType":"ENTER_TEXT"}]}
COMMAND: POST /session/4ca0da1f05d229fab0c05732b1ad37d0/execute/async - {"script":"<script> [1562 bytes]","args":[{"selector":{"controlType":"sap.m.Input","viewName":"etm.portal.ui.manageyards.view.New","viewId":"application-manageyards-display-component---NewYard","bindingPath":{"path":"","propertyPath":"/SALES_AREA_SPART","modelName":"NewYardModel"},"interaction":{"idSuffix":"inner"}},"wdio_ui5_key":"etmportal.ui.manageyards.view.Newsap.m.Input{\"path\":\"\",\"propertyPath\":\"/SALES_AREA_SPART\",\"modelName\":\"NewYardModel\"}"}]}
RESULT: {"script":"<script> [1562 bytes]","args":[{"selector":{"controlType":"sap.m.Input","viewName":"etm.portal.ui.manageyards.view.New","viewId":"application-manageyards-display-component---NewYard","bindingPath":{"path":"","propertyPath":"/SALES_AREA_SPART","modelName":"NewYardModel"},"interaction":{"idSuffix":"inner"}},"wdio_ui5_key":"etmportal.ui.manageyards.view.Newsap.m.Input{\"path\":\"\",\"propertyPath\":\"/SALES_AREA_SPART\",\"modelName\":\"NewYardModel\"}"}]}
RESULT: undefined
COMMAND: POST /session/4ca0da1f05d229fab0c05732b1ad37d0/execute/async - {"script":"<script> [776 bytes]","args":[{"enterText":"C2","selector":{"controlType":"sap.m.Input","viewName":"etm.portal.ui.manageyards.view.New","viewId":"application-manageyards-display-component---NewYard","bindingPath":{"path":"","propertyPath":"/SALES_AREA_SPART","modelName":"NewYardModel"},"interaction":{"idSuffix":"inner"}},"clearTextFirst":true,"interactionType":"ENTER_TEXT"}]}
RESULT: {"script":"<script> [776 bytes]","args":[{"enterText":"C2","selector":{"controlType":"sap.m.Input","viewName":"etm.portal.ui.manageyards.view.New","viewId":"application-manageyards-display-component---NewYard","bindingPath":{"path":"","propertyPath":"/SALES_AREA_SPART","modelName":"NewYardModel"},"interaction":{"idSuffix":"inner"}},"clearTextFirst":true,"interactionType":"ENTER_TEXT"}]}
COMMAND: POST /session/4ca0da1f05d229fab0c05732b1ad37d0/execute/async - {"script":"<script> [1562 bytes]","args":[{"selector":{"controlType":"sap.m.Input","viewName":"etm.portal.ui.manageyards.view.New","viewId":"application-manageyards-display-component---NewYard","bindingPath":{"path":"","propertyPath":"/SHIP_POINT","modelName":"NewYardModel"},"interaction":{"idSuffix":"inner"}},"wdio_ui5_key":"etmportal.ui.manageyards.view.Newsap.m.Input{\"path\":\"\",\"propertyPath\":\"/SHIP_POINT\",\"modelName\":\"NewYardModel\"}"}]}
RESULT: {"script":"<script> [1562 bytes]","args":[{"selector":{"controlType":"sap.m.Input","viewName":"etm.portal.ui.manageyards.view.New","viewId":"application-manageyards-display-component---NewYard","bindingPath":{"path":"","propertyPath":"/SHIP_POINT","modelName":"NewYardModel"},"interaction":{"idSuffix":"inner"}},"wdio_ui5_key":"etmportal.ui.manageyards.view.Newsap.m.Input{\"path\":\"\",\"propertyPath\":\"/SHIP_POINT\",\"modelName\":\"NewYardModel\"}"}]}
RESULT: undefined
COMMAND: POST /session/4ca0da1f05d229fab0c05732b1ad37d0/execute/async - {"script":"<script> [776 bytes]","args":[{"enterText":"1710","selector":{"controlType":"sap.m.Input","viewName":"etm.portal.ui.manageyards.view.New","viewId":"application-manageyards-display-component---NewYard","bindingPath":{"path":"","propertyPath":"/SHIP_POINT","modelName":"NewYardModel"},"interaction":{"idSuffix":"inner"}},"clearTextFirst":true,"interactionType":"ENTER_TEXT"}]}
RESULT: {"script":"<script> [776 bytes]","args":[{"enterText":"1710","selector":{"controlType":"sap.m.Input","viewName":"etm.portal.ui.manageyards.view.New","viewId":"application-manageyards-display-component---NewYard","bindingPath":{"path":"","propertyPath":"/SHIP_POINT","modelName":"NewYardModel"},"interaction":{"idSuffix":"inner"}},"clearTextFirst":true,"interactionType":"ENTER_TEXT"}]}
COMMAND: POST /session/4ca0da1f05d229fab0c05732b1ad37d0/execute/async - {"script":"<script> [1562 bytes]","args":[{"selector":{"controlType":"sap.m.Input","viewName":"etm.portal.ui.manageyards.view.New","viewId":"application-manageyards-display-component---NewYard","bindingPath":{"path":"","propertyPath":"/DELIVERY_TYPE","modelName":"NewYardModel"},"interaction":{"idSuffix":"inner"}},"wdio_ui5_key":"etmportal.ui.manageyards.view.Newsap.m.Input{\"path\":\"\",\"propertyPath\":\"/DELIVERY_TYPE\",\"modelName\":\"NewYardModel\"}"}]}
RESULT: {"script":"<script> [1562 bytes]","args":[{"selector":{"controlType":"sap.m.Input","viewName":"etm.portal.ui.manageyards.view.New","viewId":"application-manageyards-display-component---NewYard","bindingPath":{"path":"","propertyPath":"/DELIVERY_TYPE","modelName":"NewYardModel"},"interaction":{"idSuffix":"inner"}},"wdio_ui5_key":"etmportal.ui.manageyards.view.Newsap.m.Input{\"path\":\"\",\"propertyPath\":\"/DELIVERY_TYPE\",\"modelName\":\"NewYardModel\"}"}]}
RESULT: undefined
COMMAND: POST /session/4ca0da1f05d229fab0c05732b1ad37d0/execute/async - {"script":"<script> [776 bytes]","args":[{"enterText":"ZL01","selector":{"controlType":"sap.m.Input","viewName":"etm.portal.ui.manageyards.view.New","viewId":"application-manageyards-display-component---NewYard","bindingPath":{"path":"","propertyPath":"/DELIVERY_TYPE","modelName":"NewYardModel"},"interaction":{"idSuffix":"inner"}},"clearTextFirst":true,"interactionType":"ENTER_TEXT"}]}
RESULT: {"script":"<script> [776 bytes]","args":[{"enterText":"ZL01","selector":{"controlType":"sap.m.Input","viewName":"etm.portal.ui.manageyards.view.New","viewId":"application-manageyards-display-component---NewYard","bindingPath":{"path":"","propertyPath":"/DELIVERY_TYPE","modelName":"NewYardModel"},"interaction":{"idSuffix":"inner"}},"clearTextFirst":true,"interactionType":"ENTER_TEXT"}]}
COMMAND: POST /session/4ca0da1f05d229fab0c05732b1ad37d0/execute/async - {"script":"<script> [1562 bytes]","args":[{"selector":{"controlType":"sap.m.Input","viewName":"etm.portal.ui.manageyards.view.New","viewId":"application-manageyards-display-component---NewYard","bindingPath":{"path":"","propertyPath":"/AUART","modelName":"NewYardModel"},"interaction":{"idSuffix":"inner"}},"wdio_ui5_key":"etmportal.ui.manageyards.view.Newsap.m.Input{\"path\":\"\",\"propertyPath\":\"/AUART\",\"modelName\":\"NewYardModel\"}"}]}
RESULT: {"script":"<script> [1562 bytes]","args":[{"selector":{"controlType":"sap.m.Input","viewName":"etm.portal.ui.manageyards.view.New","viewId":"application-manageyards-display-component---NewYard","bindingPath":{"path":"","propertyPath":"/AUART","modelName":"NewYardModel"},"interaction":{"idSuffix":"inner"}},"wdio_ui5_key":"etmportal.ui.manageyards.view.Newsap.m.Input{\"path\":\"\",\"propertyPath\":\"/AUART\",\"modelName\":\"NewYardModel\"}"}]}
RESULT: undefined
COMMAND: POST /session/4ca0da1f05d229fab0c05732b1ad37d0/execute/async - {"script":"<script> [776 bytes]","args":[{"enterText":"TA","selector":{"controlType":"sap.m.Input","viewName":"etm.portal.ui.manageyards.view.New","viewId":"application-manageyards-display-component---NewYard","bindingPath":{"path":"","propertyPath":"/AUART","modelName":"NewYardModel"},"interaction":{"idSuffix":"inner"}},"clearTextFirst":true,"interactionType":"ENTER_TEXT"}]}
RESULT: {"script":"<script> [776 bytes]","args":[{"enterText":"TA","selector":{"controlType":"sap.m.Input","viewName":"etm.portal.ui.manageyards.view.New","viewId":"application-manageyards-display-component---NewYard","bindingPath":{"path":"","propertyPath":"/AUART","modelName":"NewYardModel"},"interaction":{"idSuffix":"inner"}},"clearTextFirst":true,"interactionType":"ENTER_TEXT"}]}
COMMAND: POST /session/4ca0da1f05d229fab0c05732b1ad37d0/element - {"using":"xpath","value":"//button[@data-kt=\"newYardSaveButton\"]"}
RESULT: {"using":"xpath","value":"//button[@data-kt=\"newYardSaveButton\"]"}
COMMAND: POST /session/4ca0da1f05d229fab0c05732b1ad37d0/element/f.D01EC4AF0A1BFC1E8396569751E97BC9.d.90CB23ED8B87970C8A048A0F8CF55222.e.707/click - {}
RESULT: {}
COMMAND: GET /session/4ca0da1f05d229fab0c05732b1ad37d0/screenshot - {}
RESULT: {}
COMMAND: POST /session/4ca0da1f05d229fab0c05732b1ad37d0/element - {"using":"xpath","value":"//header[contains(@id, 'ObjectPageLayout-headerTitle')]/div[1]/div[2]/div[1]/span[1]"}
RESULT: {"using":"xpath","value":"//header[contains(@id, 'ObjectPageLayout-headerTitle')]/div[1]/div[2]/div[1]/span[1]"}
COMMAND: POST /session/4ca0da1f05d229fab0c05732b1ad37d0/elements - {"using":"xpath","value":"//header[contains(@id, 'ObjectPageLayout-headerTitle')]/div[1]/div[2]/div[1]/span[1]"}
RESULT: {"using":"xpath","value":"//header[contains(@id, 'ObjectPageLayout-headerTitle')]/div[1]/div[2]/div[1]/span[1]"}
COMMAND: POST /session/4ca0da1f05d229fab0c05732b1ad37d0/execute/sync - {"script":"<script> [56 bytes]","args":[{"element-6066-11e4-a52e-4f735466cecf":"f.D01EC4AF0A1BFC1E8396569751E97BC9.d.90CB23ED8B87970C8A048A0F8CF55222.e.1007","ELEMENT":"f.D01EC4AF0A1BFC1E8396569751E97BC9.d.90CB23ED8B87970C8A048A0F8CF55222.e.1007"}]}
RESULT: {"script":"<script> [56 bytes]","args":[{"element-6066-11e4-a52e-4f735466cecf":"f.D01EC4AF0A1BFC1E8396569751E97BC9.d.90CB23ED8B87970C8A048A0F8CF55222.e.1007","ELEMENT":"f.D01EC4AF0A1BFC1E8396569751E97BC9.d.90CB23ED8B87970C8A048A0F8CF55222.e.1007"}]}
COMMAND: GET /session/4ca0da1f05d229fab0c05732b1ad37d0/screenshot - {}
RESULT: {}
COMMAND: POST /session/4ca0da1f05d229fab0c05732b1ad37d0/element - {"using":"css selector","value":"#shell-header-logo"}
RESULT: {"using":"css selector","value":"#shell-header-logo"}
COMMAND: POST /session/4ca0da1f05d229fab0c05732b1ad37d0/element/f.D01EC4AF0A1BFC1E8396569751E97BC9.d.90CB23ED8B87970C8A048A0F8CF55222.e.262/click - {}
RESULT: {}
COMMAND: GET /session/4ca0da1f05d229fab0c05732b1ad37d0/screenshot - {}
RESULT: {}
COMMAND: POST /session/4ca0da1f05d229fab0c05732b1ad37d0/execute/sync - {"script":"<script> [299 bytes]","args":[["getModel","getResource"]]}
RESULT: {"script":"<script> [299 bytes]","args":[["getModel","getResource"]]}
COMMAND: GET /session/4ca0da1f05d229fab0c05732b1ad37d0/screenshot - {}
]]></system-out>
    </testcase>
    <testcase classname="chrome.135_0_7049_96.windows.Billing_confirm_US117289" name="Should create a new partner" time="114.921">
      <system-out><![CDATA[
COMMAND: POST /session/4ca0da1f05d229fab0c05732b1ad37d0/window/fullscreen - {}
RESULT: {}
COMMAND: POST /session/4ca0da1f05d229fab0c05732b1ad37d0/execute/async - {"script":"<script> [1562 bytes]","args":[{"selector":{"controlType":"sap.m.GenericTile","properties":{"header":"Manage Partners"}},"wdio_ui5_key":"sapm.GenericTile{\"header\":\"Manage Partners\"}"}]}
RESULT: {}
RESULT: {"script":"<script> [1562 bytes]","args":[{"selector":{"controlType":"sap.m.GenericTile","properties":{"header":"Manage Partners"}},"wdio_ui5_key":"sapm.GenericTile{\"header\":\"Manage Partners\"}"}]}
RESULT: undefined
COMMAND: POST /session/4ca0da1f05d229fab0c05732b1ad37d0/element - {"using":"xpath","value":"//*[@id=\"__tile38\"]"}
RESULT: {"using":"xpath","value":"//*[@id=\"__tile38\"]"}
COMMAND: POST /session/4ca0da1f05d229fab0c05732b1ad37d0/element/f.D01EC4AF0A1BFC1E8396569751E97BC9.d.90CB23ED8B87970C8A048A0F8CF55222.e.150/click - {}
RESULT: {}
COMMAND: POST /session/4ca0da1f05d229fab0c05732b1ad37d0/element - {"using":"xpath","value":"//button[@data-kt=\"addButton\"]"}
COMMAND: GET /session/4ca0da1f05d229fab0c05732b1ad37d0/screenshot - {}
RESULT: {"using":"xpath","value":"//button[@data-kt=\"addButton\"]"}
COMMAND: POST /session/4ca0da1f05d229fab0c05732b1ad37d0/elements - {"using":"xpath","value":"//button[@data-kt=\"addButton\"]"}
RESULT: {}
RESULT: {"using":"xpath","value":"//button[@data-kt=\"addButton\"]"}
COMMAND: POST /session/4ca0da1f05d229fab0c05732b1ad37d0/elements - {"using":"xpath","value":"//button[@data-kt=\"addButton\"]"}
RESULT: {"using":"xpath","value":"//button[@data-kt=\"addButton\"]"}
COMMAND: POST /session/4ca0da1f05d229fab0c05732b1ad37d0/elements - {"using":"xpath","value":"//button[@data-kt=\"addButton\"]"}
RESULT: {"using":"xpath","value":"//button[@data-kt=\"addButton\"]"}
COMMAND: POST /session/4ca0da1f05d229fab0c05732b1ad37d0/elements - {"using":"xpath","value":"//button[@data-kt=\"addButton\"]"}
RESULT: {"using":"xpath","value":"//button[@data-kt=\"addButton\"]"}
COMMAND: POST /session/4ca0da1f05d229fab0c05732b1ad37d0/elements - {"using":"xpath","value":"//button[@data-kt=\"addButton\"]"}
RESULT: {"using":"xpath","value":"//button[@data-kt=\"addButton\"]"}
COMMAND: POST /session/4ca0da1f05d229fab0c05732b1ad37d0/elements - {"using":"xpath","value":"//button[@data-kt=\"addButton\"]"}
RESULT: {"using":"xpath","value":"//button[@data-kt=\"addButton\"]"}
COMMAND: POST /session/4ca0da1f05d229fab0c05732b1ad37d0/elements - {"using":"xpath","value":"//button[@data-kt=\"addButton\"]"}
RESULT: {"using":"xpath","value":"//button[@data-kt=\"addButton\"]"}
COMMAND: POST /session/4ca0da1f05d229fab0c05732b1ad37d0/elements - {"using":"xpath","value":"//button[@data-kt=\"addButton\"]"}
RESULT: {"using":"xpath","value":"//button[@data-kt=\"addButton\"]"}
COMMAND: POST /session/4ca0da1f05d229fab0c05732b1ad37d0/elements - {"using":"xpath","value":"//button[@data-kt=\"addButton\"]"}
RESULT: {"using":"xpath","value":"//button[@data-kt=\"addButton\"]"}
COMMAND: POST /session/4ca0da1f05d229fab0c05732b1ad37d0/elements - {"using":"xpath","value":"//button[@data-kt=\"addButton\"]"}
RESULT: {"using":"xpath","value":"//button[@data-kt=\"addButton\"]"}
COMMAND: POST /session/4ca0da1f05d229fab0c05732b1ad37d0/elements - {"using":"xpath","value":"//button[@data-kt=\"addButton\"]"}
RESULT: {"using":"xpath","value":"//button[@data-kt=\"addButton\"]"}
COMMAND: POST /session/4ca0da1f05d229fab0c05732b1ad37d0/elements - {"using":"xpath","value":"//button[@data-kt=\"addButton\"]"}
RESULT: {"using":"xpath","value":"//button[@data-kt=\"addButton\"]"}
COMMAND: POST /session/4ca0da1f05d229fab0c05732b1ad37d0/elements - {"using":"xpath","value":"//button[@data-kt=\"addButton\"]"}
RESULT: {"using":"xpath","value":"//button[@data-kt=\"addButton\"]"}
COMMAND: POST /session/4ca0da1f05d229fab0c05732b1ad37d0/elements - {"using":"xpath","value":"//button[@data-kt=\"addButton\"]"}
RESULT: {"using":"xpath","value":"//button[@data-kt=\"addButton\"]"}
COMMAND: POST /session/4ca0da1f05d229fab0c05732b1ad37d0/elements - {"using":"xpath","value":"//button[@data-kt=\"addButton\"]"}
RESULT: {"using":"xpath","value":"//button[@data-kt=\"addButton\"]"}
COMMAND: POST /session/4ca0da1f05d229fab0c05732b1ad37d0/elements - {"using":"xpath","value":"//button[@data-kt=\"addButton\"]"}
RESULT: {"using":"xpath","value":"//button[@data-kt=\"addButton\"]"}
COMMAND: POST /session/4ca0da1f05d229fab0c05732b1ad37d0/elements - {"using":"xpath","value":"//button[@data-kt=\"addButton\"]"}
RESULT: {"using":"xpath","value":"//button[@data-kt=\"addButton\"]"}
COMMAND: POST /session/4ca0da1f05d229fab0c05732b1ad37d0/elements - {"using":"xpath","value":"//button[@data-kt=\"addButton\"]"}
RESULT: {"using":"xpath","value":"//button[@data-kt=\"addButton\"]"}
COMMAND: POST /session/4ca0da1f05d229fab0c05732b1ad37d0/element - {"using":"xpath","value":"//button[@data-kt=\"addButton\"]"}
RESULT: {"using":"xpath","value":"//button[@data-kt=\"addButton\"]"}
COMMAND: POST /session/4ca0da1f05d229fab0c05732b1ad37d0/execute/sync - {"script":"<script> [8489 bytes]","args":[{"element-6066-11e4-a52e-4f735466cecf":"f.D01EC4AF0A1BFC1E8396569751E97BC9.d.90CB23ED8B87970C8A048A0F8CF55222.e.1056","ELEMENT":"f.D01EC4AF0A1BFC1E8396569751E97BC9.d.90CB23ED8B87970C8A048A0F8CF55222.e.1056"}]}
RESULT: {"script":"<script> [8489 bytes]","args":[{"element-6066-11e4-a52e-4f735466cecf":"f.D01EC4AF0A1BFC1E8396569751E97BC9.d.90CB23ED8B87970C8A048A0F8CF55222.e.1056","ELEMENT":"f.D01EC4AF0A1BFC1E8396569751E97BC9.d.90CB23ED8B87970C8A048A0F8CF55222.e.1056"}]}
COMMAND: GET /session/4ca0da1f05d229fab0c05732b1ad37d0/element/f.D01EC4AF0A1BFC1E8396569751E97BC9.d.90CB23ED8B87970C8A048A0F8CF55222.e.1056/enabled - {}
COMMAND: GET /session/4ca0da1f05d229fab0c05732b1ad37d0/screenshot - {}
RESULT: {}
COMMAND: POST /session/4ca0da1f05d229fab0c05732b1ad37d0/execute/sync - {"script":"<script> [8489 bytes]","args":[{"element-6066-11e4-a52e-4f735466cecf":"f.D01EC4AF0A1BFC1E8396569751E97BC9.d.90CB23ED8B87970C8A048A0F8CF55222.e.1056","ELEMENT":"f.D01EC4AF0A1BFC1E8396569751E97BC9.d.90CB23ED8B87970C8A048A0F8CF55222.e.1056"}]}
COMMAND: GET /session/4ca0da1f05d229fab0c05732b1ad37d0/screenshot - {}
RESULT: {}
RESULT: {"script":"<script> [8489 bytes]","args":[{"element-6066-11e4-a52e-4f735466cecf":"f.D01EC4AF0A1BFC1E8396569751E97BC9.d.90CB23ED8B87970C8A048A0F8CF55222.e.1056","ELEMENT":"f.D01EC4AF0A1BFC1E8396569751E97BC9.d.90CB23ED8B87970C8A048A0F8CF55222.e.1056"}]}
COMMAND: POST /session/4ca0da1f05d229fab0c05732b1ad37d0/execute/sync - {"script":"<script> [5351 bytes]","args":[{"element-6066-11e4-a52e-4f735466cecf":"f.D01EC4AF0A1BFC1E8396569751E97BC9.d.90CB23ED8B87970C8A048A0F8CF55222.e.1056","ELEMENT":"f.D01EC4AF0A1BFC1E8396569751E97BC9.d.90CB23ED8B87970C8A048A0F8CF55222.e.1056"}]}
COMMAND: GET /session/4ca0da1f05d229fab0c05732b1ad37d0/screenshot - {}
RESULT: {}
RESULT: {"script":"<script> [5351 bytes]","args":[{"element-6066-11e4-a52e-4f735466cecf":"f.D01EC4AF0A1BFC1E8396569751E97BC9.d.90CB23ED8B87970C8A048A0F8CF55222.e.1056","ELEMENT":"f.D01EC4AF0A1BFC1E8396569751E97BC9.d.90CB23ED8B87970C8A048A0F8CF55222.e.1056"}]}
COMMAND: POST /session/4ca0da1f05d229fab0c05732b1ad37d0/element/f.D01EC4AF0A1BFC1E8396569751E97BC9.d.90CB23ED8B87970C8A048A0F8CF55222.e.1056/click - {}
COMMAND: GET /session/4ca0da1f05d229fab0c05732b1ad37d0/screenshot - {}
RESULT: {}
RESULT: {}
COMMAND: GET /session/4ca0da1f05d229fab0c05732b1ad37d0/screenshot - {}
COMMAND: POST /session/4ca0da1f05d229fab0c05732b1ad37d0/execute/async - {"script":"<script> [1562 bytes]","args":[{"selector":{"id":"application-managepartners-display-component---NewPartner--addressDetailDetailsName1","interaction":{"idSuffix":"inner"}},"wdio_ui5_key":"applicationmanagepartners-display-component---NewPartner--addressDetailDetailsName1"}]}
RESULT: {}
RESULT: {}
RESULT: {"script":"<script> [1562 bytes]","args":[{"selector":{"id":"application-managepartners-display-component---NewPartner--addressDetailDetailsName1","interaction":{"idSuffix":"inner"}},"wdio_ui5_key":"applicationmanagepartners-display-component---NewPartner--addressDetailDetailsName1"}]}
RESULT: undefined
COMMAND: POST /session/4ca0da1f05d229fab0c05732b1ad37d0/execute/async - {"script":"<script> [776 bytes]","args":[{"enterText":"Intracompany Partner WDIO","selector":{"id":"application-managepartners-display-component---NewPartner--addressDetailDetailsName1","interaction":{"idSuffix":"inner"}},"clearTextFirst":true,"interactionType":"ENTER_TEXT"}]}
RESULT: {"script":"<script> [776 bytes]","args":[{"enterText":"Intracompany Partner WDIO","selector":{"id":"application-managepartners-display-component---NewPartner--addressDetailDetailsName1","interaction":{"idSuffix":"inner"}},"clearTextFirst":true,"interactionType":"ENTER_TEXT"}]}
COMMAND: POST /session/4ca0da1f05d229fab0c05732b1ad37d0/execute/async - {"script":"<script> [1562 bytes]","args":[{"selector":{"id":"application-managepartners-display-component---NewPartner--addressDetailDetailsLanguage-arrow"},"wdio_ui5_key":"applicationmanagepartners-display-component---NewPartner--addressDetailDetailsLanguage-arrow"}]}
RESULT: {"script":"<script> [1562 bytes]","args":[{"selector":{"id":"application-managepartners-display-component---NewPartner--addressDetailDetailsLanguage-arrow"},"wdio_ui5_key":"applicationmanagepartners-display-component---NewPartner--addressDetailDetailsLanguage-arrow"}]}
RESULT: undefined
COMMAND: POST /session/4ca0da1f05d229fab0c05732b1ad37d0/element - {"using":"xpath","value":"//*[@id=\"application-managepartners-display-component---NewPartner--addressDetailDetailsLanguage-arrow\"]"}
RESULT: {"using":"xpath","value":"//*[@id=\"application-managepartners-display-component---NewPartner--addressDetailDetailsLanguage-arrow\"]"}
COMMAND: POST /session/4ca0da1f05d229fab0c05732b1ad37d0/element/f.D01EC4AF0A1BFC1E8396569751E97BC9.d.90CB23ED8B87970C8A048A0F8CF55222.e.1502/click - {}
RESULT: {}
COMMAND: POST /session/4ca0da1f05d229fab0c05732b1ad37d0/element - {"using":"xpath","value":"//span[contains(text(), \"English\")]"}
COMMAND: GET /session/4ca0da1f05d229fab0c05732b1ad37d0/screenshot - {}
RESULT: {"using":"xpath","value":"//span[contains(text(), \"English\")]"}
COMMAND: POST /session/4ca0da1f05d229fab0c05732b1ad37d0/element/f.D01EC4AF0A1BFC1E8396569751E97BC9.d.90CB23ED8B87970C8A048A0F8CF55222.e.1503/click - {}
RESULT: {}
RESULT: {}
COMMAND: GET /session/4ca0da1f05d229fab0c05732b1ad37d0/screenshot - {}
RESULT: {}
COMMAND: POST /session/4ca0da1f05d229fab0c05732b1ad37d0/execute/async - {"script":"<script> [1562 bytes]","args":[{"selector":{"id":"application-managepartners-display-component---NewPartner--addressDetailDetailsCity1","interaction":{"idSuffix":"inner"}},"wdio_ui5_key":"applicationmanagepartners-display-component---NewPartner--addressDetailDetailsCity1"}]}
RESULT: {"script":"<script> [1562 bytes]","args":[{"selector":{"id":"application-managepartners-display-component---NewPartner--addressDetailDetailsCity1","interaction":{"idSuffix":"inner"}},"wdio_ui5_key":"applicationmanagepartners-display-component---NewPartner--addressDetailDetailsCity1"}]}
RESULT: undefined
COMMAND: POST /session/4ca0da1f05d229fab0c05732b1ad37d0/execute/async - {"script":"<script> [776 bytes]","args":[{"enterText":"Rosario","selector":{"id":"application-managepartners-display-component---NewPartner--addressDetailDetailsCity1","interaction":{"idSuffix":"inner"}},"clearTextFirst":true,"interactionType":"ENTER_TEXT"}]}
RESULT: {"script":"<script> [776 bytes]","args":[{"enterText":"Rosario","selector":{"id":"application-managepartners-display-component---NewPartner--addressDetailDetailsCity1","interaction":{"idSuffix":"inner"}},"clearTextFirst":true,"interactionType":"ENTER_TEXT"}]}
COMMAND: POST /session/4ca0da1f05d229fab0c05732b1ad37d0/execute/async - {"script":"<script> [1562 bytes]","args":[{"selector":{"id":"application-managepartners-display-component---NewPartner--addressDetailDetailsCountry-arrow"},"wdio_ui5_key":"applicationmanagepartners-display-component---NewPartner--addressDetailDetailsCountry-arrow"}]}
RESULT: {"script":"<script> [1562 bytes]","args":[{"selector":{"id":"application-managepartners-display-component---NewPartner--addressDetailDetailsCountry-arrow"},"wdio_ui5_key":"applicationmanagepartners-display-component---NewPartner--addressDetailDetailsCountry-arrow"}]}
RESULT: undefined
COMMAND: POST /session/4ca0da1f05d229fab0c05732b1ad37d0/element - {"using":"xpath","value":"//*[@id=\"application-managepartners-display-component---NewPartner--addressDetailDetailsCountry-arrow\"]"}
RESULT: {"using":"xpath","value":"//*[@id=\"application-managepartners-display-component---NewPartner--addressDetailDetailsCountry-arrow\"]"}
COMMAND: POST /session/4ca0da1f05d229fab0c05732b1ad37d0/element/f.D01EC4AF0A1BFC1E8396569751E97BC9.d.90CB23ED8B87970C8A048A0F8CF55222.e.1489/click - {}
RESULT: {}
COMMAND: POST /session/4ca0da1f05d229fab0c05732b1ad37d0/element - {"using":"xpath","value":"//span[contains(text(), \"Argentina\")]"}
COMMAND: GET /session/4ca0da1f05d229fab0c05732b1ad37d0/screenshot - {}
RESULT: {"using":"xpath","value":"//span[contains(text(), \"Argentina\")]"}
COMMAND: POST /session/4ca0da1f05d229fab0c05732b1ad37d0/element/f.D01EC4AF0A1BFC1E8396569751E97BC9.d.90CB23ED8B87970C8A048A0F8CF55222.e.1505/click - {}
RESULT: {}
RESULT: {}
COMMAND: GET /session/4ca0da1f05d229fab0c05732b1ad37d0/screenshot - {}
RESULT: {}
COMMAND: POST /session/4ca0da1f05d229fab0c05732b1ad37d0/element - {"using":"xpath","value":"//bdi[contains(text(), \"Commercial\")]"}
RESULT: {"using":"xpath","value":"//bdi[contains(text(), \"Commercial\")]"}
COMMAND: POST /session/4ca0da1f05d229fab0c05732b1ad37d0/element/f.D01EC4AF0A1BFC1E8396569751E97BC9.d.90CB23ED8B87970C8A048A0F8CF55222.e.1506/click - {}
RESULT: {}
COMMAND: GET /session/4ca0da1f05d229fab0c05732b1ad37d0/screenshot - {}
RESULT: {}
COMMAND: POST /session/4ca0da1f05d229fab0c05732b1ad37d0/execute/async - {"script":"<script> [1562 bytes]","args":[{"selector":{"id":"application-managepartners-display-component---NewPartner--partnerDetailInternal-arrow"},"wdio_ui5_key":"applicationmanagepartners-display-component---NewPartner--partnerDetailInternal-arrow"}]}
RESULT: {"script":"<script> [1562 bytes]","args":[{"selector":{"id":"application-managepartners-display-component---NewPartner--partnerDetailInternal-arrow"},"wdio_ui5_key":"applicationmanagepartners-display-component---NewPartner--partnerDetailInternal-arrow"}]}
RESULT: undefined
COMMAND: POST /session/4ca0da1f05d229fab0c05732b1ad37d0/element - {"using":"xpath","value":"//*[@id=\"application-managepartners-display-component---NewPartner--partnerDetailInternal-arrow\"]"}
RESULT: {"using":"xpath","value":"//*[@id=\"application-managepartners-display-component---NewPartner--partnerDetailInternal-arrow\"]"}
COMMAND: POST /session/4ca0da1f05d229fab0c05732b1ad37d0/element/f.D01EC4AF0A1BFC1E8396569751E97BC9.d.90CB23ED8B87970C8A048A0F8CF55222.e.1512/click - {}
RESULT: {}
COMMAND: POST /session/4ca0da1f05d229fab0c05732b1ad37d0/element - {"using":"xpath","value":"//span[contains(text(), \"Affiliated company\")]"}
COMMAND: GET /session/4ca0da1f05d229fab0c05732b1ad37d0/screenshot - {}
RESULT: {"using":"xpath","value":"//span[contains(text(), \"Affiliated company\")]"}
COMMAND: POST /session/4ca0da1f05d229fab0c05732b1ad37d0/element/f.D01EC4AF0A1BFC1E8396569751E97BC9.d.90CB23ED8B87970C8A048A0F8CF55222.e.1515/click - {}
RESULT: {}
RESULT: {}
COMMAND: POST /session/4ca0da1f05d229fab0c05732b1ad37d0/execute/async - {"script":"<script> [1562 bytes]","args":[{"selector":{"id":"application-managepartners-display-component---NewPartner--partnerDetailsCurrency-arrow"},"wdio_ui5_key":"applicationmanagepartners-display-component---NewPartner--partnerDetailsCurrency-arrow"}]}
COMMAND: GET /session/4ca0da1f05d229fab0c05732b1ad37d0/screenshot - {}
RESULT: {"script":"<script> [1562 bytes]","args":[{"selector":{"id":"application-managepartners-display-component---NewPartner--partnerDetailsCurrency-arrow"},"wdio_ui5_key":"applicationmanagepartners-display-component---NewPartner--partnerDetailsCurrency-arrow"}]}
RESULT: undefined
COMMAND: POST /session/4ca0da1f05d229fab0c05732b1ad37d0/element - {"using":"xpath","value":"//*[@id=\"application-managepartners-display-component---NewPartner--partnerDetailsCurrency-arrow\"]"}
RESULT: {}
RESULT: {"using":"xpath","value":"//*[@id=\"application-managepartners-display-component---NewPartner--partnerDetailsCurrency-arrow\"]"}
COMMAND: POST /session/4ca0da1f05d229fab0c05732b1ad37d0/element/f.D01EC4AF0A1BFC1E8396569751E97BC9.d.90CB23ED8B87970C8A048A0F8CF55222.e.1522/click - {}
RESULT: {}
COMMAND: POST /session/4ca0da1f05d229fab0c05732b1ad37d0/element - {"using":"xpath","value":"//span[contains(text(), \"Euro\")]"}
COMMAND: GET /session/4ca0da1f05d229fab0c05732b1ad37d0/screenshot - {}
RESULT: {"using":"xpath","value":"//span[contains(text(), \"Euro\")]"}
COMMAND: POST /session/4ca0da1f05d229fab0c05732b1ad37d0/element/f.D01EC4AF0A1BFC1E8396569751E97BC9.d.90CB23ED8B87970C8A048A0F8CF55222.e.1523/click - {}
RESULT: {}
RESULT: {}
COMMAND: POST /session/4ca0da1f05d229fab0c05732b1ad37d0/execute/async - {"script":"<script> [1562 bytes]","args":[{"selector":{"id":"application-managepartners-display-component---NewPartner--addressEditDetailsCostObjectCstType-arrow"},"wdio_ui5_key":"applicationmanagepartners-display-component---NewPartner--addressEditDetailsCostObjectCstType-arrow"}]}
COMMAND: GET /session/4ca0da1f05d229fab0c05732b1ad37d0/screenshot - {}
RESULT: {"script":"<script> [1562 bytes]","args":[{"selector":{"id":"application-managepartners-display-component---NewPartner--addressEditDetailsCostObjectCstType-arrow"},"wdio_ui5_key":"applicationmanagepartners-display-component---NewPartner--addressEditDetailsCostObjectCstType-arrow"}]}
RESULT: undefined
COMMAND: POST /session/4ca0da1f05d229fab0c05732b1ad37d0/element - {"using":"xpath","value":"//*[@id=\"application-managepartners-display-component---NewPartner--addressEditDetailsCostObjectCstType-arrow\"]"}
RESULT: {}
RESULT: {"using":"xpath","value":"//*[@id=\"application-managepartners-display-component---NewPartner--addressEditDetailsCostObjectCstType-arrow\"]"}
COMMAND: POST /session/4ca0da1f05d229fab0c05732b1ad37d0/element/f.D01EC4AF0A1BFC1E8396569751E97BC9.d.90CB23ED8B87970C8A048A0F8CF55222.e.1524/click - {}
RESULT: {}
COMMAND: POST /session/4ca0da1f05d229fab0c05732b1ad37d0/element - {"using":"xpath","value":"//span[contains(text(), \"Cost Center\")]"}
COMMAND: GET /session/4ca0da1f05d229fab0c05732b1ad37d0/screenshot - {}
RESULT: {"using":"xpath","value":"//span[contains(text(), \"Cost Center\")]"}
COMMAND: POST /session/4ca0da1f05d229fab0c05732b1ad37d0/element/f.D01EC4AF0A1BFC1E8396569751E97BC9.d.90CB23ED8B87970C8A048A0F8CF55222.e.1525/click - {}
RESULT: {}
RESULT: {}
COMMAND: GET /session/4ca0da1f05d229fab0c05732b1ad37d0/screenshot - {}
RESULT: {}
COMMAND: POST /session/4ca0da1f05d229fab0c05732b1ad37d0/element - {"using":"xpath","value":"//span[@id=\"application-managepartners-display-component---NewPartner--addressNewCostObjectCstID-vhi\"]"}
RESULT: {"using":"xpath","value":"//span[@id=\"application-managepartners-display-component---NewPartner--addressNewCostObjectCstID-vhi\"]"}
COMMAND: POST /session/4ca0da1f05d229fab0c05732b1ad37d0/execute/sync - {"script":"<script> [8489 bytes]","args":[{"element-6066-11e4-a52e-4f735466cecf":"f.D01EC4AF0A1BFC1E8396569751E97BC9.d.90CB23ED8B87970C8A048A0F8CF55222.e.1529","ELEMENT":"f.D01EC4AF0A1BFC1E8396569751E97BC9.d.90CB23ED8B87970C8A048A0F8CF55222.e.1529"}]}
RESULT: {"script":"<script> [8489 bytes]","args":[{"element-6066-11e4-a52e-4f735466cecf":"f.D01EC4AF0A1BFC1E8396569751E97BC9.d.90CB23ED8B87970C8A048A0F8CF55222.e.1529","ELEMENT":"f.D01EC4AF0A1BFC1E8396569751E97BC9.d.90CB23ED8B87970C8A048A0F8CF55222.e.1529"}]}
COMMAND: POST /session/4ca0da1f05d229fab0c05732b1ad37d0/execute/async - {"script":"<script> [1562 bytes]","args":[{"selector":{"id":"application-managepartners-display-component---NewPartner--addressNewCostObjectCstID-vhi"},"wdio_ui5_key":"applicationmanagepartners-display-component---NewPartner--addressNewCostObjectCstID-vhi"}]}
COMMAND: GET /session/4ca0da1f05d229fab0c05732b1ad37d0/screenshot - {}
RESULT: {"script":"<script> [1562 bytes]","args":[{"selector":{"id":"application-managepartners-display-component---NewPartner--addressNewCostObjectCstID-vhi"},"wdio_ui5_key":"applicationmanagepartners-display-component---NewPartner--addressNewCostObjectCstID-vhi"}]}
RESULT: undefined
COMMAND: POST /session/4ca0da1f05d229fab0c05732b1ad37d0/element - {"using":"xpath","value":"//*[@id=\"application-managepartners-display-component---NewPartner--addressNewCostObjectCstID-vhi\"]"}
RESULT: {}
RESULT: {"using":"xpath","value":"//*[@id=\"application-managepartners-display-component---NewPartner--addressNewCostObjectCstID-vhi\"]"}
COMMAND: POST /session/4ca0da1f05d229fab0c05732b1ad37d0/element/f.D01EC4AF0A1BFC1E8396569751E97BC9.d.90CB23ED8B87970C8A048A0F8CF55222.e.1529/click - {}
RESULT: {}
COMMAND: GET /session/4ca0da1f05d229fab0c05732b1ad37d0/screenshot - {}
RESULT: {}
RESULT: undefined
COMMAND: POST /session/4ca0da1f05d229fab0c05732b1ad37d0/execute/async - {"script":"<script> [776 bytes]","args":[{"enterText":"10001013","selector":{"controlType":"sap.m.SearchField","properties":{"placeholder":"Search"},"searchOpenDialogs":true,"interaction":{"idSuffix":"I"}},"clearTextFirst":true,"interactionType":"ENTER_TEXT"}]}
RESULT: {"script":"<script> [776 bytes]","args":[{"enterText":"10001013","selector":{"controlType":"sap.m.SearchField","properties":{"placeholder":"Search"},"searchOpenDialogs":true,"interaction":{"idSuffix":"I"}},"clearTextFirst":true,"interactionType":"ENTER_TEXT"}]}
COMMAND: POST /session/4ca0da1f05d229fab0c05732b1ad37d0/actions - {"actions":[{"id":"action2","type":"key","parameters":{},"actions":[{"type":"keyDown","value":"î€‡"},{"type":"pause","duration":10},{"type":"keyUp","value":"î€‡"}]}]}
RESULT: {"actions":[{"id":"action2","type":"key","parameters":{},"actions":[{"type":"keyDown","value":"î€‡"},{"type":"pause","duration":10},{"type":"keyUp","value":"î€‡"}]}]}
COMMAND: GET /session/4ca0da1f05d229fab0c05732b1ad37d0/screenshot - {}
RESULT: {}
COMMAND: POST /session/4ca0da1f05d229fab0c05732b1ad37d0/element - {"using":"xpath","value":"//span[contains(text(), \"General Management\")]"}
RESULT: {"using":"xpath","value":"//span[contains(text(), \"General Management\")]"}
COMMAND: POST /session/4ca0da1f05d229fab0c05732b1ad37d0/element/f.D01EC4AF0A1BFC1E8396569751E97BC9.d.90CB23ED8B87970C8A048A0F8CF55222.e.1568/click - {}
RESULT: {}
COMMAND: GET /session/4ca0da1f05d229fab0c05732b1ad37d0/screenshot - {}
RESULT: {}
COMMAND: POST /session/4ca0da1f05d229fab0c05732b1ad37d0/element - {"using":"xpath","value":"//bdi[contains(text(), \"OK\")]"}
RESULT: {"using":"xpath","value":"//bdi[contains(text(), \"OK\")]"}
COMMAND: POST /session/4ca0da1f05d229fab0c05732b1ad37d0/element/f.D01EC4AF0A1BFC1E8396569751E97BC9.d.90CB23ED8B87970C8A048A0F8CF55222.e.1569/click - {}
RESULT: {}
COMMAND: GET /session/4ca0da1f05d229fab0c05732b1ad37d0/screenshot - {}
RESULT: {}
COMMAND: POST /session/4ca0da1f05d229fab0c05732b1ad37d0/element - {"using":"xpath","value":"//input[@id=\"application-managepartners-display-component---NewPartner--companyCodeComboBox-inner\"]"}
RESULT: {"using":"xpath","value":"//input[@id=\"application-managepartners-display-component---NewPartner--companyCodeComboBox-inner\"]"}
COMMAND: POST /session/4ca0da1f05d229fab0c05732b1ad37d0/element/f.D01EC4AF0A1BFC1E8396569751E97BC9.d.90CB23ED8B87970C8A048A0F8CF55222.e.1360/clear - {}
RESULT: {}
COMMAND: POST /session/4ca0da1f05d229fab0c05732b1ad37d0/element/f.D01EC4AF0A1BFC1E8396569751E97BC9.d.90CB23ED8B87970C8A048A0F8CF55222.e.1360/value - {"text":"1000"}
COMMAND: GET /session/4ca0da1f05d229fab0c05732b1ad37d0/screenshot - {}
RESULT: {"text":"1000"}
COMMAND: GET /session/4ca0da1f05d229fab0c05732b1ad37d0/screenshot - {}
RESULT: {}
RESULT: {}
COMMAND: POST /session/4ca0da1f05d229fab0c05732b1ad37d0/element - {"using":"xpath","value":"//span[contains(text(), \"1000\")]"}
RESULT: {"using":"xpath","value":"//span[contains(text(), \"1000\")]"}
COMMAND: POST /session/4ca0da1f05d229fab0c05732b1ad37d0/element/f.D01EC4AF0A1BFC1E8396569751E97BC9.d.90CB23ED8B87970C8A048A0F8CF55222.e.1575/click - {}
RESULT: {}
COMMAND: GET /session/4ca0da1f05d229fab0c05732b1ad37d0/screenshot - {}
RESULT: {}
COMMAND: POST /session/4ca0da1f05d229fab0c05732b1ad37d0/execute/async - {"script":"<script> [1562 bytes]","args":[{"selector":{"id":"application-managepartners-display-component---NewPartner--btnAddTableRow-img"},"wdio_ui5_key":"applicationmanagepartners-display-component---NewPartner--btnAddTableRow-img"}]}
RESULT: {"script":"<script> [1562 bytes]","args":[{"selector":{"id":"application-managepartners-display-component---NewPartner--btnAddTableRow-img"},"wdio_ui5_key":"applicationmanagepartners-display-component---NewPartner--btnAddTableRow-img"}]}
RESULT: undefined
COMMAND: POST /session/4ca0da1f05d229fab0c05732b1ad37d0/element - {"using":"xpath","value":"//*[@id=\"application-managepartners-display-component---NewPartner--btnAddTableRow-img\"]"}
RESULT: {"using":"xpath","value":"//*[@id=\"application-managepartners-display-component---NewPartner--btnAddTableRow-img\"]"}
COMMAND: POST /session/4ca0da1f05d229fab0c05732b1ad37d0/element/f.D01EC4AF0A1BFC1E8396569751E97BC9.d.90CB23ED8B87970C8A048A0F8CF55222.e.1576/click - {}
RESULT: {}
COMMAND: GET /session/4ca0da1f05d229fab0c05732b1ad37d0/screenshot - {}
RESULT: {}
COMMAND: POST /session/4ca0da1f05d229fab0c05732b1ad37d0/element - {"using":"xpath","value":"//input[@id=\"application-managepartners-display-component---NewPartner--assignmentYard-application-managepartners-display-component---NewPartner--assignmentsTable-0-inner\"]"}
RESULT: {"using":"xpath","value":"//input[@id=\"application-managepartners-display-component---NewPartner--assignmentYard-application-managepartners-display-component---NewPartner--assignmentsTable-0-inner\"]"}
COMMAND: POST /session/4ca0da1f05d229fab0c05732b1ad37d0/element/f.D01EC4AF0A1BFC1E8396569751E97BC9.d.90CB23ED8B87970C8A048A0F8CF55222.e.1579/clear - {}
RESULT: {}
COMMAND: POST /session/4ca0da1f05d229fab0c05732b1ad37d0/element/f.D01EC4AF0A1BFC1E8396569751E97BC9.d.90CB23ED8B87970C8A048A0F8CF55222.e.1579/value - {"text":"412"}
COMMAND: GET /session/4ca0da1f05d229fab0c05732b1ad37d0/screenshot - {}
RESULT: {"text":"412"}
COMMAND: GET /session/4ca0da1f05d229fab0c05732b1ad37d0/screenshot - {}
RESULT: {}
RESULT: {}
COMMAND: POST /session/4ca0da1f05d229fab0c05732b1ad37d0/element - {"using":"xpath","value":"//li[.//span[text()='412']]"}
RESULT: {"using":"xpath","value":"//li[.//span[text()='412']]"}
COMMAND: POST /session/4ca0da1f05d229fab0c05732b1ad37d0/element/f.D01EC4AF0A1BFC1E8396569751E97BC9.d.90CB23ED8B87970C8A048A0F8CF55222.e.1588/click - {}
RESULT: {}
COMMAND: GET /session/4ca0da1f05d229fab0c05732b1ad37d0/screenshot - {}
RESULT: {}
COMMAND: POST /session/4ca0da1f05d229fab0c05732b1ad37d0/actions - {"actions":[{"id":"action3","type":"key","parameters":{},"actions":[{"type":"keyDown","value":"î€‡"},{"type":"pause","duration":10},{"type":"keyUp","value":"î€‡"}]}]}
RESULT: {"actions":[{"id":"action3","type":"key","parameters":{},"actions":[{"type":"keyDown","value":"î€‡"},{"type":"pause","duration":10},{"type":"keyUp","value":"î€‡"}]}]}
COMMAND: POST /session/4ca0da1f05d229fab0c05732b1ad37d0/execute/async - {"script":"<script> [1562 bytes]","args":[{"selector":{"id":"application-managepartners-display-component---NewPartner--externalCustomerComboBox-application-managepartners-display-component---NewPartner--assignmentsTable-0-vhi"},"wdio_ui5_key":"applicationmanagepartners-display-component---NewPartner--externalCustomerComboBox-application-managepartners-display-component---NewPartner--assignmentsTable-0-vhi"}]}
COMMAND: GET /session/4ca0da1f05d229fab0c05732b1ad37d0/screenshot - {}
RESULT: {"script":"<script> [1562 bytes]","args":[{"selector":{"id":"application-managepartners-display-component---NewPartner--externalCustomerComboBox-application-managepartners-display-component---NewPartner--assignmentsTable-0-vhi"},"wdio_ui5_key":"applicationmanagepartners-display-component---NewPartner--externalCustomerComboBox-application-managepartners-display-component---NewPartner--assignmentsTable-0-vhi"}]}
RESULT: undefined
COMMAND: POST /session/4ca0da1f05d229fab0c05732b1ad37d0/element - {"using":"xpath","value":"//*[@id=\"application-managepartners-display-component---NewPartner--externalCustomerComboBox-application-managepartners-display-component---NewPartner--assignmentsTable-0-vhi\"]"}
RESULT: {}
RESULT: {"using":"xpath","value":"//*[@id=\"application-managepartners-display-component---NewPartner--externalCustomerComboBox-application-managepartners-display-component---NewPartner--assignmentsTable-0-vhi\"]"}
COMMAND: POST /session/4ca0da1f05d229fab0c05732b1ad37d0/element/f.D01EC4AF0A1BFC1E8396569751E97BC9.d.90CB23ED8B87970C8A048A0F8CF55222.e.1592/click - {}
RESULT: {}
RESULT: undefined
COMMAND: POST /session/4ca0da1f05d229fab0c05732b1ad37d0/execute/async - {"script":"<script> [776 bytes]","args":[{"enterText":"300003","selector":{"controlType":"sap.m.SearchField","properties":{"placeholder":"Search"},"searchOpenDialogs":true,"interaction":{"idSuffix":"I"}},"clearTextFirst":true,"interactionType":"ENTER_TEXT"}]}
COMMAND: GET /session/4ca0da1f05d229fab0c05732b1ad37d0/screenshot - {}
RESULT: {"script":"<script> [776 bytes]","args":[{"enterText":"300003","selector":{"controlType":"sap.m.SearchField","properties":{"placeholder":"Search"},"searchOpenDialogs":true,"interaction":{"idSuffix":"I"}},"clearTextFirst":true,"interactionType":"ENTER_TEXT"}]}
COMMAND: POST /session/4ca0da1f05d229fab0c05732b1ad37d0/actions - {"actions":[{"id":"action4","type":"key","parameters":{},"actions":[{"type":"keyDown","value":"î€‡"},{"type":"pause","duration":10},{"type":"keyUp","value":"î€‡"}]}]}
RESULT: {}
RESULT: {"actions":[{"id":"action4","type":"key","parameters":{},"actions":[{"type":"keyDown","value":"î€‡"},{"type":"pause","duration":10},{"type":"keyUp","value":"î€‡"}]}]}
COMMAND: GET /session/4ca0da1f05d229fab0c05732b1ad37d0/screenshot - {}
RESULT: {}
COMMAND: POST /session/4ca0da1f05d229fab0c05732b1ad37d0/element - {"using":"xpath","value":"//span[contains(text(), \"300003\")]"}
RESULT: {"using":"xpath","value":"//span[contains(text(), \"300003\")]"}
COMMAND: POST /session/4ca0da1f05d229fab0c05732b1ad37d0/element/f.D01EC4AF0A1BFC1E8396569751E97BC9.d.90CB23ED8B87970C8A048A0F8CF55222.e.1611/click - {}
RESULT: {}
COMMAND: GET /session/4ca0da1f05d229fab0c05732b1ad37d0/screenshot - {}
RESULT: {}
COMMAND: POST /session/4ca0da1f05d229fab0c05732b1ad37d0/element - {"using":"xpath","value":"//bdi[contains(text(), \"OK\")]"}
RESULT: {"using":"xpath","value":"//bdi[contains(text(), \"OK\")]"}
COMMAND: POST /session/4ca0da1f05d229fab0c05732b1ad37d0/element/f.D01EC4AF0A1BFC1E8396569751E97BC9.d.90CB23ED8B87970C8A048A0F8CF55222.e.1613/click - {}
RESULT: {}
COMMAND: GET /session/4ca0da1f05d229fab0c05732b1ad37d0/screenshot - {}
RESULT: {}
COMMAND: POST /session/4ca0da1f05d229fab0c05732b1ad37d0/execute/async - {"script":"<script> [1562 bytes]","args":[{"selector":{"id":"application-managepartners-display-component---NewPartner--intercompVendorComboBox-application-managepartners-display-component---NewPartner--assignmentsTable-0-vhi"},"wdio_ui5_key":"applicationmanagepartners-display-component---NewPartner--intercompVendorComboBox-application-managepartners-display-component---NewPartner--assignmentsTable-0-vhi"}]}
RESULT: {"script":"<script> [1562 bytes]","args":[{"selector":{"id":"application-managepartners-display-component---NewPartner--intercompVendorComboBox-application-managepartners-display-component---NewPartner--assignmentsTable-0-vhi"},"wdio_ui5_key":"applicationmanagepartners-display-component---NewPartner--intercompVendorComboBox-application-managepartners-display-component---NewPartner--assignmentsTable-0-vhi"}]}
RESULT: undefined
COMMAND: POST /session/4ca0da1f05d229fab0c05732b1ad37d0/element - {"using":"xpath","value":"//*[@id=\"application-managepartners-display-component---NewPartner--intercompVendorComboBox-application-managepartners-display-component---NewPartner--assignmentsTable-0-vhi\"]"}
RESULT: {"using":"xpath","value":"//*[@id=\"application-managepartners-display-component---NewPartner--intercompVendorComboBox-application-managepartners-display-component---NewPartner--assignmentsTable-0-vhi\"]"}
COMMAND: POST /session/4ca0da1f05d229fab0c05732b1ad37d0/element/f.D01EC4AF0A1BFC1E8396569751E97BC9.d.90CB23ED8B87970C8A048A0F8CF55222.e.1617/click - {}
RESULT: {}
RESULT: undefined
COMMAND: POST /session/4ca0da1f05d229fab0c05732b1ad37d0/execute/async - {"script":"<script> [776 bytes]","args":[{"enterText":"100005","selector":{"controlType":"sap.m.SearchField","properties":{"placeholder":"Search"},"searchOpenDialogs":true,"interaction":{"idSuffix":"I"}},"clearTextFirst":true,"interactionType":"ENTER_TEXT"}]}
COMMAND: GET /session/4ca0da1f05d229fab0c05732b1ad37d0/screenshot - {}
RESULT: {"script":"<script> [776 bytes]","args":[{"enterText":"100005","selector":{"controlType":"sap.m.SearchField","properties":{"placeholder":"Search"},"searchOpenDialogs":true,"interaction":{"idSuffix":"I"}},"clearTextFirst":true,"interactionType":"ENTER_TEXT"}]}
COMMAND: POST /session/4ca0da1f05d229fab0c05732b1ad37d0/actions - {"actions":[{"id":"action5","type":"key","parameters":{},"actions":[{"type":"keyDown","value":"î€‡"},{"type":"pause","duration":10},{"type":"keyUp","value":"î€‡"}]}]}
RESULT: {}
RESULT: {"actions":[{"id":"action5","type":"key","parameters":{},"actions":[{"type":"keyDown","value":"î€‡"},{"type":"pause","duration":10},{"type":"keyUp","value":"î€‡"}]}]}
COMMAND: GET /session/4ca0da1f05d229fab0c05732b1ad37d0/screenshot - {}
RESULT: {}
COMMAND: POST /session/4ca0da1f05d229fab0c05732b1ad37d0/element - {"using":"xpath","value":"//span[contains(text(), \"Penguins - Field/12345 Berlin\")]"}
RESULT: {"using":"xpath","value":"//span[contains(text(), \"Penguins - Field/12345 Berlin\")]"}
COMMAND: POST /session/4ca0da1f05d229fab0c05732b1ad37d0/element/f.D01EC4AF0A1BFC1E8396569751E97BC9.d.90CB23ED8B87970C8A048A0F8CF55222.e.1635/click - {}
RESULT: {}
COMMAND: GET /session/4ca0da1f05d229fab0c05732b1ad37d0/screenshot - {}
RESULT: {}
COMMAND: POST /session/4ca0da1f05d229fab0c05732b1ad37d0/element - {"using":"xpath","value":"//bdi[contains(text(), \"OK\")]"}
RESULT: {"using":"xpath","value":"//bdi[contains(text(), \"OK\")]"}
COMMAND: POST /session/4ca0da1f05d229fab0c05732b1ad37d0/element/f.D01EC4AF0A1BFC1E8396569751E97BC9.d.90CB23ED8B87970C8A048A0F8CF55222.e.1636/click - {}
RESULT: {}
COMMAND: GET /session/4ca0da1f05d229fab0c05732b1ad37d0/screenshot - {}
RESULT: {}
COMMAND: POST /session/4ca0da1f05d229fab0c05732b1ad37d0/element - {"using":"xpath","value":"//button[@data-kt=\"saveButton\"]"}
RESULT: {"using":"xpath","value":"//button[@data-kt=\"saveButton\"]"}
COMMAND: POST /session/4ca0da1f05d229fab0c05732b1ad37d0/element/f.D01EC4AF0A1BFC1E8396569751E97BC9.d.90CB23ED8B87970C8A048A0F8CF55222.e.1415/click - {}
RESULT: {}
COMMAND: GET /session/4ca0da1f05d229fab0c05732b1ad37d0/screenshot - {}
RESULT: {}
COMMAND: POST /session/4ca0da1f05d229fab0c05732b1ad37d0/element - {"using":"xpath","value":"//header[contains(@id, 'ObjectPageLayout-headerTitle')]/div[1]/div[2]/div[2]/span[1]"}
RESULT: {"using":"xpath","value":"//header[contains(@id, 'ObjectPageLayout-headerTitle')]/div[1]/div[2]/div[2]/span[1]"}
COMMAND: POST /session/4ca0da1f05d229fab0c05732b1ad37d0/elements - {"using":"xpath","value":"//header[contains(@id, 'ObjectPageLayout-headerTitle')]/div[1]/div[2]/div[2]/span[1]"}
RESULT: {"using":"xpath","value":"//header[contains(@id, 'ObjectPageLayout-headerTitle')]/div[1]/div[2]/div[2]/span[1]"}
COMMAND: POST /session/4ca0da1f05d229fab0c05732b1ad37d0/execute/sync - {"script":"<script> [56 bytes]","args":[{"element-6066-11e4-a52e-4f735466cecf":"f.D01EC4AF0A1BFC1E8396569751E97BC9.d.90CB23ED8B87970C8A048A0F8CF55222.e.1801","ELEMENT":"f.D01EC4AF0A1BFC1E8396569751E97BC9.d.90CB23ED8B87970C8A048A0F8CF55222.e.1801"}]}
RESULT: {"script":"<script> [56 bytes]","args":[{"element-6066-11e4-a52e-4f735466cecf":"f.D01EC4AF0A1BFC1E8396569751E97BC9.d.90CB23ED8B87970C8A048A0F8CF55222.e.1801","ELEMENT":"f.D01EC4AF0A1BFC1E8396569751E97BC9.d.90CB23ED8B87970C8A048A0F8CF55222.e.1801"}]}
COMMAND: POST /session/4ca0da1f05d229fab0c05732b1ad37d0/element - {"using":"css selector","value":"#shell-header-logo"}
COMMAND: GET /session/4ca0da1f05d229fab0c05732b1ad37d0/screenshot - {}
RESULT: {"using":"css selector","value":"#shell-header-logo"}
COMMAND: POST /session/4ca0da1f05d229fab0c05732b1ad37d0/element/f.D01EC4AF0A1BFC1E8396569751E97BC9.d.90CB23ED8B87970C8A048A0F8CF55222.e.1012/click - {}
RESULT: {}
RESULT: {}
COMMAND: GET /session/4ca0da1f05d229fab0c05732b1ad37d0/screenshot - {}
RESULT: {}
COMMAND: POST /session/4ca0da1f05d229fab0c05732b1ad37d0/execute/sync - {"script":"<script> [299 bytes]","args":[["getModel","getResource"]]}
RESULT: {"script":"<script> [299 bytes]","args":[["getModel","getResource"]]}
]]></system-out>
    </testcase>
  </testsuite>
  <testsuite timestamp="2025-04-29T17:22:06" time="1163.241" tests="14" failures="0" errors="0" skipped="0">
    <properties>
      <property name="specId" value="0" />
      <property name="suiteName" value="Create master data for mixed billing &amp; do billing calculation US151661" />
      <property name="capabilities" value="chrome.135_0_7049_96.windows" />
      <property name="file" value="file:///D:/a/1/s/test/specs/BTS/billing-calculation-mixed.spec.js" />
    </properties>
    <testcase classname="chrome.135_0_7049_96.windows.Create_master_data_for_mixed_billing_&amp;_do_billing_calculation_US151661" name="Should create a new yard" time="95.386">
      <system-out><![CDATA[
COMMAND: POST /session/4ca0da1f05d229fab0c05732b1ad37d0/window/fullscreen - {}
RESULT: {}
COMMAND: POST /session/4ca0da1f05d229fab0c05732b1ad37d0/execute/async - {"script":"<script> [1562 bytes]","args":[{"selector":{"controlType":"sap.m.GenericTile","properties":{"header":"Manage Yards"}},"wdio_ui5_key":"sapm.GenericTile{\"header\":\"Manage Yards\"}"}]}
RESULT: {"script":"<script> [1562 bytes]","args":[{"selector":{"controlType":"sap.m.GenericTile","properties":{"header":"Manage Yards"}},"wdio_ui5_key":"sapm.GenericTile{\"header\":\"Manage Yards\"}"}]}
RESULT: undefined
COMMAND: POST /session/4ca0da1f05d229fab0c05732b1ad37d0/element - {"using":"xpath","value":"//*[@id=\"__tile41\"]"}
RESULT: {"using":"xpath","value":"//*[@id=\"__tile41\"]"}
COMMAND: POST /session/4ca0da1f05d229fab0c05732b1ad37d0/element/f.D01EC4AF0A1BFC1E8396569751E97BC9.d.6FAB658AFB5C813FC76D2F1E66A28DA6.e.2721/click - {}
RESULT: {}
COMMAND: POST /session/4ca0da1f05d229fab0c05732b1ad37d0/element - {"using":"xpath","value":"//button[@data-kt=\"addNewYardOverflowToolbarButton\"]"}
COMMAND: GET /session/4ca0da1f05d229fab0c05732b1ad37d0/screenshot - {}
RESULT: {"using":"xpath","value":"//button[@data-kt=\"addNewYardOverflowToolbarButton\"]"}
COMMAND: POST /session/4ca0da1f05d229fab0c05732b1ad37d0/elements - {"using":"xpath","value":"//button[@data-kt=\"addNewYardOverflowToolbarButton\"]"}
RESULT: {}
RESULT: {"using":"xpath","value":"//button[@data-kt=\"addNewYardOverflowToolbarButton\"]"}
COMMAND: POST /session/4ca0da1f05d229fab0c05732b1ad37d0/elements - {"using":"xpath","value":"//button[@data-kt=\"addNewYardOverflowToolbarButton\"]"}
RESULT: {"using":"xpath","value":"//button[@data-kt=\"addNewYardOverflowToolbarButton\"]"}
COMMAND: POST /session/4ca0da1f05d229fab0c05732b1ad37d0/elements - {"using":"xpath","value":"//button[@data-kt=\"addNewYardOverflowToolbarButton\"]"}
RESULT: {"using":"xpath","value":"//button[@data-kt=\"addNewYardOverflowToolbarButton\"]"}
COMMAND: POST /session/4ca0da1f05d229fab0c05732b1ad37d0/elements - {"using":"xpath","value":"//button[@data-kt=\"addNewYardOverflowToolbarButton\"]"}
RESULT: {"using":"xpath","value":"//button[@data-kt=\"addNewYardOverflowToolbarButton\"]"}
COMMAND: POST /session/4ca0da1f05d229fab0c05732b1ad37d0/elements - {"using":"xpath","value":"//button[@data-kt=\"addNewYardOverflowToolbarButton\"]"}
RESULT: {"using":"xpath","value":"//button[@data-kt=\"addNewYardOverflowToolbarButton\"]"}
COMMAND: POST /session/4ca0da1f05d229fab0c05732b1ad37d0/elements - {"using":"xpath","value":"//button[@data-kt=\"addNewYardOverflowToolbarButton\"]"}
RESULT: {"using":"xpath","value":"//button[@data-kt=\"addNewYardOverflowToolbarButton\"]"}
COMMAND: POST /session/4ca0da1f05d229fab0c05732b1ad37d0/elements - {"using":"xpath","value":"//button[@data-kt=\"addNewYardOverflowToolbarButton\"]"}
RESULT: {"using":"xpath","value":"//button[@data-kt=\"addNewYardOverflowToolbarButton\"]"}
COMMAND: POST /session/4ca0da1f05d229fab0c05732b1ad37d0/elements - {"using":"xpath","value":"//button[@data-kt=\"addNewYardOverflowToolbarButton\"]"}
RESULT: {"using":"xpath","value":"//button[@data-kt=\"addNewYardOverflowToolbarButton\"]"}
COMMAND: POST /session/4ca0da1f05d229fab0c05732b1ad37d0/elements - {"using":"xpath","value":"//button[@data-kt=\"addNewYardOverflowToolbarButton\"]"}
RESULT: {"using":"xpath","value":"//button[@data-kt=\"addNewYardOverflowToolbarButton\"]"}
COMMAND: POST /session/4ca0da1f05d229fab0c05732b1ad37d0/elements - {"using":"xpath","value":"//button[@data-kt=\"addNewYardOverflowToolbarButton\"]"}
RESULT: {"using":"xpath","value":"//button[@data-kt=\"addNewYardOverflowToolbarButton\"]"}
COMMAND: POST /session/4ca0da1f05d229fab0c05732b1ad37d0/elements - {"using":"xpath","value":"//button[@data-kt=\"addNewYardOverflowToolbarButton\"]"}
RESULT: {"using":"xpath","value":"//button[@data-kt=\"addNewYardOverflowToolbarButton\"]"}
COMMAND: POST /session/4ca0da1f05d229fab0c05732b1ad37d0/elements - {"using":"xpath","value":"//button[@data-kt=\"addNewYardOverflowToolbarButton\"]"}
RESULT: {"using":"xpath","value":"//button[@data-kt=\"addNewYardOverflowToolbarButton\"]"}
COMMAND: POST /session/4ca0da1f05d229fab0c05732b1ad37d0/elements - {"using":"xpath","value":"//button[@data-kt=\"addNewYardOverflowToolbarButton\"]"}
RESULT: {"using":"xpath","value":"//button[@data-kt=\"addNewYardOverflowToolbarButton\"]"}
COMMAND: POST /session/4ca0da1f05d229fab0c05732b1ad37d0/elements - {"using":"xpath","value":"//button[@data-kt=\"addNewYardOverflowToolbarButton\"]"}
RESULT: {"using":"xpath","value":"//button[@data-kt=\"addNewYardOverflowToolbarButton\"]"}
COMMAND: POST /session/4ca0da1f05d229fab0c05732b1ad37d0/elements - {"using":"xpath","value":"//button[@data-kt=\"addNewYardOverflowToolbarButton\"]"}
RESULT: {"using":"xpath","value":"//button[@data-kt=\"addNewYardOverflowToolbarButton\"]"}
COMMAND: POST /session/4ca0da1f05d229fab0c05732b1ad37d0/elements - {"using":"xpath","value":"//button[@data-kt=\"addNewYardOverflowToolbarButton\"]"}
RESULT: {"using":"xpath","value":"//button[@data-kt=\"addNewYardOverflowToolbarButton\"]"}
COMMAND: POST /session/4ca0da1f05d229fab0c05732b1ad37d0/elements - {"using":"xpath","value":"//button[@data-kt=\"addNewYardOverflowToolbarButton\"]"}
RESULT: {"using":"xpath","value":"//button[@data-kt=\"addNewYardOverflowToolbarButton\"]"}
COMMAND: POST /session/4ca0da1f05d229fab0c05732b1ad37d0/elements - {"using":"xpath","value":"//button[@data-kt=\"addNewYardOverflowToolbarButton\"]"}
RESULT: {"using":"xpath","value":"//button[@data-kt=\"addNewYardOverflowToolbarButton\"]"}
COMMAND: POST /session/4ca0da1f05d229fab0c05732b1ad37d0/elements - {"using":"xpath","value":"//button[@data-kt=\"addNewYardOverflowToolbarButton\"]"}
RESULT: {"using":"xpath","value":"//button[@data-kt=\"addNewYardOverflowToolbarButton\"]"}
COMMAND: POST /session/4ca0da1f05d229fab0c05732b1ad37d0/elements - {"using":"xpath","value":"//button[@data-kt=\"addNewYardOverflowToolbarButton\"]"}
RESULT: {"using":"xpath","value":"//button[@data-kt=\"addNewYardOverflowToolbarButton\"]"}
COMMAND: POST /session/4ca0da1f05d229fab0c05732b1ad37d0/elements - {"using":"xpath","value":"//button[@data-kt=\"addNewYardOverflowToolbarButton\"]"}
RESULT: {"using":"xpath","value":"//button[@data-kt=\"addNewYardOverflowToolbarButton\"]"}
COMMAND: POST /session/4ca0da1f05d229fab0c05732b1ad37d0/elements - {"using":"xpath","value":"//button[@data-kt=\"addNewYardOverflowToolbarButton\"]"}
RESULT: {"using":"xpath","value":"//button[@data-kt=\"addNewYardOverflowToolbarButton\"]"}
COMMAND: POST /session/4ca0da1f05d229fab0c05732b1ad37d0/elements - {"using":"xpath","value":"//button[@data-kt=\"addNewYardOverflowToolbarButton\"]"}
RESULT: {"using":"xpath","value":"//button[@data-kt=\"addNewYardOverflowToolbarButton\"]"}
COMMAND: POST /session/4ca0da1f05d229fab0c05732b1ad37d0/elements - {"using":"xpath","value":"//button[@data-kt=\"addNewYardOverflowToolbarButton\"]"}
RESULT: {"using":"xpath","value":"//button[@data-kt=\"addNewYardOverflowToolbarButton\"]"}
COMMAND: POST /session/4ca0da1f05d229fab0c05732b1ad37d0/element - {"using":"xpath","value":"//button[@data-kt=\"addNewYardOverflowToolbarButton\"]"}
RESULT: {"using":"xpath","value":"//button[@data-kt=\"addNewYardOverflowToolbarButton\"]"}
COMMAND: POST /session/4ca0da1f05d229fab0c05732b1ad37d0/execute/sync - {"script":"<script> [8489 bytes]","args":[{"element-6066-11e4-a52e-4f735466cecf":"f.D01EC4AF0A1BFC1E8396569751E97BC9.d.6FAB658AFB5C813FC76D2F1E66A28DA6.e.2858","ELEMENT":"f.D01EC4AF0A1BFC1E8396569751E97BC9.d.6FAB658AFB5C813FC76D2F1E66A28DA6.e.2858"}]}
RESULT: {"script":"<script> [8489 bytes]","args":[{"element-6066-11e4-a52e-4f735466cecf":"f.D01EC4AF0A1BFC1E8396569751E97BC9.d.6FAB658AFB5C813FC76D2F1E66A28DA6.e.2858","ELEMENT":"f.D01EC4AF0A1BFC1E8396569751E97BC9.d.6FAB658AFB5C813FC76D2F1E66A28DA6.e.2858"}]}
COMMAND: GET /session/4ca0da1f05d229fab0c05732b1ad37d0/element/f.D01EC4AF0A1BFC1E8396569751E97BC9.d.6FAB658AFB5C813FC76D2F1E66A28DA6.e.2858/enabled - {}
COMMAND: GET /session/4ca0da1f05d229fab0c05732b1ad37d0/screenshot - {}
RESULT: {}
COMMAND: POST /session/4ca0da1f05d229fab0c05732b1ad37d0/execute/sync - {"script":"<script> [8489 bytes]","args":[{"element-6066-11e4-a52e-4f735466cecf":"f.D01EC4AF0A1BFC1E8396569751E97BC9.d.6FAB658AFB5C813FC76D2F1E66A28DA6.e.2858","ELEMENT":"f.D01EC4AF0A1BFC1E8396569751E97BC9.d.6FAB658AFB5C813FC76D2F1E66A28DA6.e.2858"}]}
COMMAND: GET /session/4ca0da1f05d229fab0c05732b1ad37d0/screenshot - {}
RESULT: {}
RESULT: {"script":"<script> [8489 bytes]","args":[{"element-6066-11e4-a52e-4f735466cecf":"f.D01EC4AF0A1BFC1E8396569751E97BC9.d.6FAB658AFB5C813FC76D2F1E66A28DA6.e.2858","ELEMENT":"f.D01EC4AF0A1BFC1E8396569751E97BC9.d.6FAB658AFB5C813FC76D2F1E66A28DA6.e.2858"}]}
COMMAND: POST /session/4ca0da1f05d229fab0c05732b1ad37d0/execute/sync - {"script":"<script> [5351 bytes]","args":[{"element-6066-11e4-a52e-4f735466cecf":"f.D01EC4AF0A1BFC1E8396569751E97BC9.d.6FAB658AFB5C813FC76D2F1E66A28DA6.e.2858","ELEMENT":"f.D01EC4AF0A1BFC1E8396569751E97BC9.d.6FAB658AFB5C813FC76D2F1E66A28DA6.e.2858"}]}
COMMAND: GET /session/4ca0da1f05d229fab0c05732b1ad37d0/screenshot - {}
RESULT: {}
RESULT: {"script":"<script> [5351 bytes]","args":[{"element-6066-11e4-a52e-4f735466cecf":"f.D01EC4AF0A1BFC1E8396569751E97BC9.d.6FAB658AFB5C813FC76D2F1E66A28DA6.e.2858","ELEMENT":"f.D01EC4AF0A1BFC1E8396569751E97BC9.d.6FAB658AFB5C813FC76D2F1E66A28DA6.e.2858"}]}
COMMAND: POST /session/4ca0da1f05d229fab0c05732b1ad37d0/element/f.D01EC4AF0A1BFC1E8396569751E97BC9.d.6FAB658AFB5C813FC76D2F1E66A28DA6.e.2858/click - {}
COMMAND: GET /session/4ca0da1f05d229fab0c05732b1ad37d0/screenshot - {}
RESULT: {}
RESULT: {}
COMMAND: GET /session/4ca0da1f05d229fab0c05732b1ad37d0/screenshot - {}
RESULT: {}
RESULT: {}
COMMAND: POST /session/4ca0da1f05d229fab0c05732b1ad37d0/element - {"using":"xpath","value":"//input[@id=\"application-manageyards-display-component---NewYard--yardId-inner\"]"}
RESULT: {"using":"xpath","value":"//input[@id=\"application-manageyards-display-component---NewYard--yardId-inner\"]"}
COMMAND: POST /session/4ca0da1f05d229fab0c05732b1ad37d0/element - {"using":"xpath","value":"//input[@id=\"application-manageyards-display-component---NewYard--yardId-inner\"]"}
RESULT: {"using":"xpath","value":"//input[@id=\"application-manageyards-display-component---NewYard--yardId-inner\"]"}
COMMAND: POST /session/4ca0da1f05d229fab0c05732b1ad37d0/execute/async - {"script":"<script> [1562 bytes]","args":[{"selector":{"id":"application-manageyards-display-component---NewYard--addressDetailDetailsName1","interaction":{"idSuffix":"inner"}},"wdio_ui5_key":"applicationmanageyards-display-component---NewYard--addressDetailDetailsName1"}]}
RESULT: {"script":"<script> [1562 bytes]","args":[{"selector":{"id":"application-manageyards-display-component---NewYard--addressDetailDetailsName1","interaction":{"idSuffix":"inner"}},"wdio_ui5_key":"applicationmanageyards-display-component---NewYard--addressDetailDetailsName1"}]}
RESULT: undefined
COMMAND: POST /session/4ca0da1f05d229fab0c05732b1ad37d0/execute/async - {"script":"<script> [776 bytes]","args":[{"enterText":"Intercompany Yard wdIO","selector":{"id":"application-manageyards-display-component---NewYard--addressDetailDetailsName1","interaction":{"idSuffix":"inner"}},"clearTextFirst":true,"interactionType":"ENTER_TEXT"}]}
RESULT: {"script":"<script> [776 bytes]","args":[{"enterText":"Intercompany Yard wdIO","selector":{"id":"application-manageyards-display-component---NewYard--addressDetailDetailsName1","interaction":{"idSuffix":"inner"}},"clearTextFirst":true,"interactionType":"ENTER_TEXT"}]}
COMMAND: POST /session/4ca0da1f05d229fab0c05732b1ad37d0/execute/async - {"script":"<script> [1562 bytes]","args":[{"selector":{"id":"application-manageyards-display-component---NewYard--addressDetailDetailsLanguage-arrow"},"wdio_ui5_key":"applicationmanageyards-display-component---NewYard--addressDetailDetailsLanguage-arrow"}]}
RESULT: {"script":"<script> [1562 bytes]","args":[{"selector":{"id":"application-manageyards-display-component---NewYard--addressDetailDetailsLanguage-arrow"},"wdio_ui5_key":"applicationmanageyards-display-component---NewYard--addressDetailDetailsLanguage-arrow"}]}
RESULT: undefined
COMMAND: POST /session/4ca0da1f05d229fab0c05732b1ad37d0/element - {"using":"xpath","value":"//*[@id=\"application-manageyards-display-component---NewYard--addressDetailDetailsLanguage-arrow\"]"}
RESULT: {"using":"xpath","value":"//*[@id=\"application-manageyards-display-component---NewYard--addressDetailDetailsLanguage-arrow\"]"}
COMMAND: POST /session/4ca0da1f05d229fab0c05732b1ad37d0/element/f.D01EC4AF0A1BFC1E8396569751E97BC9.d.6FAB658AFB5C813FC76D2F1E66A28DA6.e.3281/click - {}
RESULT: {}
COMMAND: POST /session/4ca0da1f05d229fab0c05732b1ad37d0/element - {"using":"xpath","value":"//span[contains(text(), \"English\")]"}
COMMAND: GET /session/4ca0da1f05d229fab0c05732b1ad37d0/screenshot - {}
RESULT: {"using":"xpath","value":"//span[contains(text(), \"English\")]"}
COMMAND: POST /session/4ca0da1f05d229fab0c05732b1ad37d0/element/f.D01EC4AF0A1BFC1E8396569751E97BC9.d.6FAB658AFB5C813FC76D2F1E66A28DA6.e.3282/click - {}
RESULT: {}
RESULT: {}
COMMAND: POST /session/4ca0da1f05d229fab0c05732b1ad37d0/execute/async - {"script":"<script> [1562 bytes]","args":[{"selector":{"id":"application-manageyards-display-component---NewYard--addressDetailDetailsCity1","interaction":{"idSuffix":"inner"}},"wdio_ui5_key":"applicationmanageyards-display-component---NewYard--addressDetailDetailsCity1"}]}
COMMAND: GET /session/4ca0da1f05d229fab0c05732b1ad37d0/screenshot - {}
RESULT: {"script":"<script> [1562 bytes]","args":[{"selector":{"id":"application-manageyards-display-component---NewYard--addressDetailDetailsCity1","interaction":{"idSuffix":"inner"}},"wdio_ui5_key":"applicationmanageyards-display-component---NewYard--addressDetailDetailsCity1"}]}
RESULT: undefined
COMMAND: POST /session/4ca0da1f05d229fab0c05732b1ad37d0/execute/async - {"script":"<script> [776 bytes]","args":[{"enterText":"Rosario","selector":{"id":"application-manageyards-display-component---NewYard--addressDetailDetailsCity1","interaction":{"idSuffix":"inner"}},"clearTextFirst":true,"interactionType":"ENTER_TEXT"}]}
RESULT: {}
RESULT: {"script":"<script> [776 bytes]","args":[{"enterText":"Rosario","selector":{"id":"application-manageyards-display-component---NewYard--addressDetailDetailsCity1","interaction":{"idSuffix":"inner"}},"clearTextFirst":true,"interactionType":"ENTER_TEXT"}]}
COMMAND: POST /session/4ca0da1f05d229fab0c05732b1ad37d0/execute/async - {"script":"<script> [1562 bytes]","args":[{"selector":{"id":"application-manageyards-display-component---NewYard--addressDetailDetailsCountry-arrow"},"wdio_ui5_key":"applicationmanageyards-display-component---NewYard--addressDetailDetailsCountry-arrow"}]}
RESULT: {"script":"<script> [1562 bytes]","args":[{"selector":{"id":"application-manageyards-display-component---NewYard--addressDetailDetailsCountry-arrow"},"wdio_ui5_key":"applicationmanageyards-display-component---NewYard--addressDetailDetailsCountry-arrow"}]}
RESULT: undefined
COMMAND: POST /session/4ca0da1f05d229fab0c05732b1ad37d0/element - {"using":"xpath","value":"//*[@id=\"application-manageyards-display-component---NewYard--addressDetailDetailsCountry-arrow\"]"}
RESULT: {"using":"xpath","value":"//*[@id=\"application-manageyards-display-component---NewYard--addressDetailDetailsCountry-arrow\"]"}
COMMAND: POST /session/4ca0da1f05d229fab0c05732b1ad37d0/element/f.D01EC4AF0A1BFC1E8396569751E97BC9.d.6FAB658AFB5C813FC76D2F1E66A28DA6.e.3284/click - {}
RESULT: {}
COMMAND: POST /session/4ca0da1f05d229fab0c05732b1ad37d0/element - {"using":"xpath","value":"//span[contains(text(), \"Argentina\")]"}
COMMAND: GET /session/4ca0da1f05d229fab0c05732b1ad37d0/screenshot - {}
RESULT: {"using":"xpath","value":"//span[contains(text(), \"Argentina\")]"}
COMMAND: POST /session/4ca0da1f05d229fab0c05732b1ad37d0/element/f.D01EC4AF0A1BFC1E8396569751E97BC9.d.6FAB658AFB5C813FC76D2F1E66A28DA6.e.3285/click - {}
RESULT: {}
RESULT: {}
COMMAND: POST /session/4ca0da1f05d229fab0c05732b1ad37d0/execute/async - {"script":"<script> [1562 bytes]","args":[{"selector":{"id":"application-manageyards-display-component---NewYard--addressEditDetailsCostObjectCstType-arrow"},"wdio_ui5_key":"applicationmanageyards-display-component---NewYard--addressEditDetailsCostObjectCstType-arrow"}]}
COMMAND: GET /session/4ca0da1f05d229fab0c05732b1ad37d0/screenshot - {}
RESULT: {"script":"<script> [1562 bytes]","args":[{"selector":{"id":"application-manageyards-display-component---NewYard--addressEditDetailsCostObjectCstType-arrow"},"wdio_ui5_key":"applicationmanageyards-display-component---NewYard--addressEditDetailsCostObjectCstType-arrow"}]}
RESULT: undefined
COMMAND: POST /session/4ca0da1f05d229fab0c05732b1ad37d0/element - {"using":"xpath","value":"//*[@id=\"application-manageyards-display-component---NewYard--addressEditDetailsCostObjectCstType-arrow\"]"}
RESULT: {}
RESULT: {"using":"xpath","value":"//*[@id=\"application-manageyards-display-component---NewYard--addressEditDetailsCostObjectCstType-arrow\"]"}
COMMAND: POST /session/4ca0da1f05d229fab0c05732b1ad37d0/element/f.D01EC4AF0A1BFC1E8396569751E97BC9.d.6FAB658AFB5C813FC76D2F1E66A28DA6.e.3287/click - {}
RESULT: {}
COMMAND: POST /session/4ca0da1f05d229fab0c05732b1ad37d0/element - {"using":"xpath","value":"//span[contains(text(), \"Cost Center\")]"}
COMMAND: GET /session/4ca0da1f05d229fab0c05732b1ad37d0/screenshot - {}
RESULT: {"using":"xpath","value":"//span[contains(text(), \"Cost Center\")]"}
COMMAND: POST /session/4ca0da1f05d229fab0c05732b1ad37d0/element/f.D01EC4AF0A1BFC1E8396569751E97BC9.d.6FAB658AFB5C813FC76D2F1E66A28DA6.e.3288/click - {}
RESULT: {}
RESULT: {}
COMMAND: GET /session/4ca0da1f05d229fab0c05732b1ad37d0/screenshot - {}
RESULT: {}
COMMAND: POST /session/4ca0da1f05d229fab0c05732b1ad37d0/element - {"using":"xpath","value":"//span[@id=\"application-manageyards-display-component---NewYard--addressNewCostObjectCstID-vhi\"]"}
RESULT: {"using":"xpath","value":"//span[@id=\"application-manageyards-display-component---NewYard--addressNewCostObjectCstID-vhi\"]"}
COMMAND: POST /session/4ca0da1f05d229fab0c05732b1ad37d0/execute/sync - {"script":"<script> [8489 bytes]","args":[{"element-6066-11e4-a52e-4f735466cecf":"f.D01EC4AF0A1BFC1E8396569751E97BC9.d.6FAB658AFB5C813FC76D2F1E66A28DA6.e.3292","ELEMENT":"f.D01EC4AF0A1BFC1E8396569751E97BC9.d.6FAB658AFB5C813FC76D2F1E66A28DA6.e.3292"}]}
RESULT: {"script":"<script> [8489 bytes]","args":[{"element-6066-11e4-a52e-4f735466cecf":"f.D01EC4AF0A1BFC1E8396569751E97BC9.d.6FAB658AFB5C813FC76D2F1E66A28DA6.e.3292","ELEMENT":"f.D01EC4AF0A1BFC1E8396569751E97BC9.d.6FAB658AFB5C813FC76D2F1E66A28DA6.e.3292"}]}
COMMAND: POST /session/4ca0da1f05d229fab0c05732b1ad37d0/execute/async - {"script":"<script> [1562 bytes]","args":[{"selector":{"id":"application-manageyards-display-component---NewYard--addressNewCostObjectCstID-vhi"},"wdio_ui5_key":"applicationmanageyards-display-component---NewYard--addressNewCostObjectCstID-vhi"}]}
COMMAND: GET /session/4ca0da1f05d229fab0c05732b1ad37d0/screenshot - {}
RESULT: {"script":"<script> [1562 bytes]","args":[{"selector":{"id":"application-manageyards-display-component---NewYard--addressNewCostObjectCstID-vhi"},"wdio_ui5_key":"applicationmanageyards-display-component---NewYard--addressNewCostObjectCstID-vhi"}]}
RESULT: undefined
COMMAND: POST /session/4ca0da1f05d229fab0c05732b1ad37d0/element - {"using":"xpath","value":"//*[@id=\"application-manageyards-display-component---NewYard--addressNewCostObjectCstID-vhi\"]"}
RESULT: {}
RESULT: {"using":"xpath","value":"//*[@id=\"application-manageyards-display-component---NewYard--addressNewCostObjectCstID-vhi\"]"}
COMMAND: POST /session/4ca0da1f05d229fab0c05732b1ad37d0/element/f.D01EC4AF0A1BFC1E8396569751E97BC9.d.6FAB658AFB5C813FC76D2F1E66A28DA6.e.3292/click - {}
RESULT: {}
COMMAND: GET /session/4ca0da1f05d229fab0c05732b1ad37d0/screenshot - {}
RESULT: {}
COMMAND: POST /session/4ca0da1f05d229fab0c05732b1ad37d0/execute/async - {"script":"<script> [1562 bytes]","args":[{"selector":{"controlType":"sap.m.SearchField","properties":{"placeholder":"Search"},"searchOpenDialogs":true,"interaction":{"idSuffix":"I"}},"wdio_ui5_key":"sapm.SearchField{\"placeholder\":\"Search\"}"}]}
RESULT: {"script":"<script> [1562 bytes]","args":[{"selector":{"controlType":"sap.m.SearchField","properties":{"placeholder":"Search"},"searchOpenDialogs":true,"interaction":{"idSuffix":"I"}},"wdio_ui5_key":"sapm.SearchField{\"placeholder\":\"Search\"}"}]}
RESULT: undefined
COMMAND: POST /session/4ca0da1f05d229fab0c05732b1ad37d0/execute/async - {"script":"<script> [776 bytes]","args":[{"enterText":"10001013","selector":{"controlType":"sap.m.SearchField","properties":{"placeholder":"Search"},"searchOpenDialogs":true,"interaction":{"idSuffix":"I"}},"clearTextFirst":true,"interactionType":"ENTER_TEXT"}]}
RESULT: {"script":"<script> [776 bytes]","args":[{"enterText":"10001013","selector":{"controlType":"sap.m.SearchField","properties":{"placeholder":"Search"},"searchOpenDialogs":true,"interaction":{"idSuffix":"I"}},"clearTextFirst":true,"interactionType":"ENTER_TEXT"}]}
COMMAND: POST /session/4ca0da1f05d229fab0c05732b1ad37d0/actions - {"actions":[{"id":"action9","type":"key","parameters":{},"actions":[{"type":"keyDown","value":"î€‡"},{"type":"pause","duration":10},{"type":"keyUp","value":"î€‡"}]}]}
RESULT: {"actions":[{"id":"action9","type":"key","parameters":{},"actions":[{"type":"keyDown","value":"î€‡"},{"type":"pause","duration":10},{"type":"keyUp","value":"î€‡"}]}]}
COMMAND: GET /session/4ca0da1f05d229fab0c05732b1ad37d0/screenshot - {}
RESULT: {}
COMMAND: POST /session/4ca0da1f05d229fab0c05732b1ad37d0/element - {"using":"xpath","value":"//span[contains(text(), \"General Management\")]"}
RESULT: {"using":"xpath","value":"//span[contains(text(), \"General Management\")]"}
COMMAND: POST /session/4ca0da1f05d229fab0c05732b1ad37d0/element/f.D01EC4AF0A1BFC1E8396569751E97BC9.d.6FAB658AFB5C813FC76D2F1E66A28DA6.e.3332/click - {}
RESULT: {}
COMMAND: GET /session/4ca0da1f05d229fab0c05732b1ad37d0/screenshot - {}
RESULT: {}
COMMAND: POST /session/4ca0da1f05d229fab0c05732b1ad37d0/element - {"using":"xpath","value":"//bdi[contains(text(), \"OK\")]"}
RESULT: {"using":"xpath","value":"//bdi[contains(text(), \"OK\")]"}
COMMAND: POST /session/4ca0da1f05d229fab0c05732b1ad37d0/element/f.D01EC4AF0A1BFC1E8396569751E97BC9.d.6FAB658AFB5C813FC76D2F1E66A28DA6.e.3333/click - {}
RESULT: {}
COMMAND: GET /session/4ca0da1f05d229fab0c05732b1ad37d0/screenshot - {}
RESULT: {}
COMMAND: POST /session/4ca0da1f05d229fab0c05732b1ad37d0/execute/async - {"script":"<script> [1562 bytes]","args":[{"selector":{"id":"application-manageyards-display-component---NewYard--addressEditDetailsCurrency-arrow"},"wdio_ui5_key":"applicationmanageyards-display-component---NewYard--addressEditDetailsCurrency-arrow"}]}
RESULT: {"script":"<script> [1562 bytes]","args":[{"selector":{"id":"application-manageyards-display-component---NewYard--addressEditDetailsCurrency-arrow"},"wdio_ui5_key":"applicationmanageyards-display-component---NewYard--addressEditDetailsCurrency-arrow"}]}
RESULT: undefined
COMMAND: POST /session/4ca0da1f05d229fab0c05732b1ad37d0/element - {"using":"xpath","value":"//*[@id=\"application-manageyards-display-component---NewYard--addressEditDetailsCurrency-arrow\"]"}
RESULT: {"using":"xpath","value":"//*[@id=\"application-manageyards-display-component---NewYard--addressEditDetailsCurrency-arrow\"]"}
COMMAND: POST /session/4ca0da1f05d229fab0c05732b1ad37d0/element/f.D01EC4AF0A1BFC1E8396569751E97BC9.d.6FAB658AFB5C813FC76D2F1E66A28DA6.e.3336/click - {}
RESULT: {}
COMMAND: POST /session/4ca0da1f05d229fab0c05732b1ad37d0/element - {"using":"xpath","value":"//span[contains(text(), \"Euro\")]"}
COMMAND: GET /session/4ca0da1f05d229fab0c05732b1ad37d0/screenshot - {}
RESULT: {"using":"xpath","value":"//span[contains(text(), \"Euro\")]"}
COMMAND: POST /session/4ca0da1f05d229fab0c05732b1ad37d0/element/f.D01EC4AF0A1BFC1E8396569751E97BC9.d.6FAB658AFB5C813FC76D2F1E66A28DA6.e.3337/click - {}
RESULT: {}
RESULT: {}
COMMAND: POST /session/4ca0da1f05d229fab0c05732b1ad37d0/execute/async - {"script":"<script> [1562 bytes]","args":[{"selector":{"controlType":"sap.m.Input","viewName":"etm.portal.ui.manageyards.view.New","viewId":"application-manageyards-display-component---NewYard","bindingPath":{"path":"","propertyPath":"/CONTROLLING_AREA","modelName":"NewYardModel"},"interaction":{"idSuffix":"inner"}},"wdio_ui5_key":"etmportal.ui.manageyards.view.Newsap.m.Input{\"path\":\"\",\"propertyPath\":\"/CONTROLLING_AREA\",\"modelName\":\"NewYardModel\"}"}]}
COMMAND: GET /session/4ca0da1f05d229fab0c05732b1ad37d0/screenshot - {}
RESULT: {"script":"<script> [1562 bytes]","args":[{"selector":{"controlType":"sap.m.Input","viewName":"etm.portal.ui.manageyards.view.New","viewId":"application-manageyards-display-component---NewYard","bindingPath":{"path":"","propertyPath":"/CONTROLLING_AREA","modelName":"NewYardModel"},"interaction":{"idSuffix":"inner"}},"wdio_ui5_key":"etmportal.ui.manageyards.view.Newsap.m.Input{\"path\":\"\",\"propertyPath\":\"/CONTROLLING_AREA\",\"modelName\":\"NewYardModel\"}"}]}
RESULT: undefined
COMMAND: POST /session/4ca0da1f05d229fab0c05732b1ad37d0/execute/async - {"script":"<script> [776 bytes]","args":[{"enterText":"Z001","selector":{"controlType":"sap.m.Input","viewName":"etm.portal.ui.manageyards.view.New","viewId":"application-manageyards-display-component---NewYard","bindingPath":{"path":"","propertyPath":"/CONTROLLING_AREA","modelName":"NewYardModel"},"interaction":{"idSuffix":"inner"}},"clearTextFirst":true,"interactionType":"ENTER_TEXT"}]}
RESULT: {}
RESULT: {"script":"<script> [776 bytes]","args":[{"enterText":"Z001","selector":{"controlType":"sap.m.Input","viewName":"etm.portal.ui.manageyards.view.New","viewId":"application-manageyards-display-component---NewYard","bindingPath":{"path":"","propertyPath":"/CONTROLLING_AREA","modelName":"NewYardModel"},"interaction":{"idSuffix":"inner"}},"clearTextFirst":true,"interactionType":"ENTER_TEXT"}]}
COMMAND: POST /session/4ca0da1f05d229fab0c05732b1ad37d0/execute/async - {"script":"<script> [1562 bytes]","args":[{"selector":{"id":"application-manageyards-display-component---NewYard--companyCodeComboBox","interaction":{"idSuffix":"inner"}},"wdio_ui5_key":"applicationmanageyards-display-component---NewYard--companyCodeComboBox"}]}
RESULT: {"script":"<script> [1562 bytes]","args":[{"selector":{"id":"application-manageyards-display-component---NewYard--companyCodeComboBox","interaction":{"idSuffix":"inner"}},"wdio_ui5_key":"applicationmanageyards-display-component---NewYard--companyCodeComboBox"}]}
RESULT: undefined
COMMAND: POST /session/4ca0da1f05d229fab0c05732b1ad37d0/execute/async - {"script":"<script> [776 bytes]","args":[{"enterText":"1000","selector":{"id":"application-manageyards-display-component---NewYard--companyCodeComboBox","interaction":{"idSuffix":"inner"}},"clearTextFirst":true,"interactionType":"ENTER_TEXT"}]}
RESULT: {"script":"<script> [776 bytes]","args":[{"enterText":"1000","selector":{"id":"application-manageyards-display-component---NewYard--companyCodeComboBox","interaction":{"idSuffix":"inner"}},"clearTextFirst":true,"interactionType":"ENTER_TEXT"}]}
COMMAND: POST /session/4ca0da1f05d229fab0c05732b1ad37d0/execute/async - {"script":"<script> [1562 bytes]","args":[{"selector":{"controlType":"sap.m.Input","viewName":"etm.portal.ui.manageyards.view.New","viewId":"application-manageyards-display-component---NewYard","bindingPath":{"path":"","propertyPath":"/PLANT","modelName":"NewYardModel"},"interaction":{"idSuffix":"inner"}},"wdio_ui5_key":"etmportal.ui.manageyards.view.Newsap.m.Input{\"path\":\"\",\"propertyPath\":\"/PLANT\",\"modelName\":\"NewYardModel\"}"}]}
RESULT: {"script":"<script> [1562 bytes]","args":[{"selector":{"controlType":"sap.m.Input","viewName":"etm.portal.ui.manageyards.view.New","viewId":"application-manageyards-display-component---NewYard","bindingPath":{"path":"","propertyPath":"/PLANT","modelName":"NewYardModel"},"interaction":{"idSuffix":"inner"}},"wdio_ui5_key":"etmportal.ui.manageyards.view.Newsap.m.Input{\"path\":\"\",\"propertyPath\":\"/PLANT\",\"modelName\":\"NewYardModel\"}"}]}
RESULT: undefined
COMMAND: POST /session/4ca0da1f05d229fab0c05732b1ad37d0/execute/async - {"script":"<script> [776 bytes]","args":[{"enterText":"1001","selector":{"controlType":"sap.m.Input","viewName":"etm.portal.ui.manageyards.view.New","viewId":"application-manageyards-display-component---NewYard","bindingPath":{"path":"","propertyPath":"/PLANT","modelName":"NewYardModel"},"interaction":{"idSuffix":"inner"}},"clearTextFirst":true,"interactionType":"ENTER_TEXT"}]}
RESULT: {"script":"<script> [776 bytes]","args":[{"enterText":"1001","selector":{"controlType":"sap.m.Input","viewName":"etm.portal.ui.manageyards.view.New","viewId":"application-manageyards-display-component---NewYard","bindingPath":{"path":"","propertyPath":"/PLANT","modelName":"NewYardModel"},"interaction":{"idSuffix":"inner"}},"clearTextFirst":true,"interactionType":"ENTER_TEXT"}]}
COMMAND: POST /session/4ca0da1f05d229fab0c05732b1ad37d0/execute/async - {"script":"<script> [1562 bytes]","args":[{"selector":{"controlType":"sap.m.Input","viewName":"etm.portal.ui.manageyards.view.New","viewId":"application-manageyards-display-component---NewYard","bindingPath":{"path":"","propertyPath":"/SALES_AREA_VKORG","modelName":"NewYardModel"},"interaction":{"idSuffix":"inner"}},"wdio_ui5_key":"etmportal.ui.manageyards.view.Newsap.m.Input{\"path\":\"\",\"propertyPath\":\"/SALES_AREA_VKORG\",\"modelName\":\"NewYardModel\"}"}]}
RESULT: {"script":"<script> [1562 bytes]","args":[{"selector":{"controlType":"sap.m.Input","viewName":"etm.portal.ui.manageyards.view.New","viewId":"application-manageyards-display-component---NewYard","bindingPath":{"path":"","propertyPath":"/SALES_AREA_VKORG","modelName":"NewYardModel"},"interaction":{"idSuffix":"inner"}},"wdio_ui5_key":"etmportal.ui.manageyards.view.Newsap.m.Input{\"path\":\"\",\"propertyPath\":\"/SALES_AREA_VKORG\",\"modelName\":\"NewYardModel\"}"}]}
RESULT: undefined
COMMAND: POST /session/4ca0da1f05d229fab0c05732b1ad37d0/execute/async - {"script":"<script> [776 bytes]","args":[{"enterText":"C002","selector":{"controlType":"sap.m.Input","viewName":"etm.portal.ui.manageyards.view.New","viewId":"application-manageyards-display-component---NewYard","bindingPath":{"path":"","propertyPath":"/SALES_AREA_VKORG","modelName":"NewYardModel"},"interaction":{"idSuffix":"inner"}},"clearTextFirst":true,"interactionType":"ENTER_TEXT"}]}
RESULT: {"script":"<script> [776 bytes]","args":[{"enterText":"C002","selector":{"controlType":"sap.m.Input","viewName":"etm.portal.ui.manageyards.view.New","viewId":"application-manageyards-display-component---NewYard","bindingPath":{"path":"","propertyPath":"/SALES_AREA_VKORG","modelName":"NewYardModel"},"interaction":{"idSuffix":"inner"}},"clearTextFirst":true,"interactionType":"ENTER_TEXT"}]}
COMMAND: POST /session/4ca0da1f05d229fab0c05732b1ad37d0/execute/async - {"script":"<script> [1562 bytes]","args":[{"selector":{"controlType":"sap.m.Input","viewName":"etm.portal.ui.manageyards.view.New","viewId":"application-manageyards-display-component---NewYard","bindingPath":{"path":"","propertyPath":"/SALES_AREA_VTWEG","modelName":"NewYardModel"},"interaction":{"idSuffix":"inner"}},"wdio_ui5_key":"etmportal.ui.manageyards.view.Newsap.m.Input{\"path\":\"\",\"propertyPath\":\"/SALES_AREA_VTWEG\",\"modelName\":\"NewYardModel\"}"}]}
RESULT: {"script":"<script> [1562 bytes]","args":[{"selector":{"controlType":"sap.m.Input","viewName":"etm.portal.ui.manageyards.view.New","viewId":"application-manageyards-display-component---NewYard","bindingPath":{"path":"","propertyPath":"/SALES_AREA_VTWEG","modelName":"NewYardModel"},"interaction":{"idSuffix":"inner"}},"wdio_ui5_key":"etmportal.ui.manageyards.view.Newsap.m.Input{\"path\":\"\",\"propertyPath\":\"/SALES_AREA_VTWEG\",\"modelName\":\"NewYardModel\"}"}]}
RESULT: undefined
COMMAND: POST /session/4ca0da1f05d229fab0c05732b1ad37d0/execute/async - {"script":"<script> [776 bytes]","args":[{"enterText":"C2","selector":{"controlType":"sap.m.Input","viewName":"etm.portal.ui.manageyards.view.New","viewId":"application-manageyards-display-component---NewYard","bindingPath":{"path":"","propertyPath":"/SALES_AREA_VTWEG","modelName":"NewYardModel"},"interaction":{"idSuffix":"inner"}},"clearTextFirst":true,"interactionType":"ENTER_TEXT"}]}
RESULT: {"script":"<script> [776 bytes]","args":[{"enterText":"C2","selector":{"controlType":"sap.m.Input","viewName":"etm.portal.ui.manageyards.view.New","viewId":"application-manageyards-display-component---NewYard","bindingPath":{"path":"","propertyPath":"/SALES_AREA_VTWEG","modelName":"NewYardModel"},"interaction":{"idSuffix":"inner"}},"clearTextFirst":true,"interactionType":"ENTER_TEXT"}]}
COMMAND: POST /session/4ca0da1f05d229fab0c05732b1ad37d0/execute/async - {"script":"<script> [1562 bytes]","args":[{"selector":{"controlType":"sap.m.Input","viewName":"etm.portal.ui.manageyards.view.New","viewId":"application-manageyards-display-component---NewYard","bindingPath":{"path":"","propertyPath":"/SALES_AREA_SPART","modelName":"NewYardModel"},"interaction":{"idSuffix":"inner"}},"wdio_ui5_key":"etmportal.ui.manageyards.view.Newsap.m.Input{\"path\":\"\",\"propertyPath\":\"/SALES_AREA_SPART\",\"modelName\":\"NewYardModel\"}"}]}
RESULT: {"script":"<script> [1562 bytes]","args":[{"selector":{"controlType":"sap.m.Input","viewName":"etm.portal.ui.manageyards.view.New","viewId":"application-manageyards-display-component---NewYard","bindingPath":{"path":"","propertyPath":"/SALES_AREA_SPART","modelName":"NewYardModel"},"interaction":{"idSuffix":"inner"}},"wdio_ui5_key":"etmportal.ui.manageyards.view.Newsap.m.Input{\"path\":\"\",\"propertyPath\":\"/SALES_AREA_SPART\",\"modelName\":\"NewYardModel\"}"}]}
RESULT: undefined
COMMAND: POST /session/4ca0da1f05d229fab0c05732b1ad37d0/execute/async - {"script":"<script> [776 bytes]","args":[{"enterText":"C2","selector":{"controlType":"sap.m.Input","viewName":"etm.portal.ui.manageyards.view.New","viewId":"application-manageyards-display-component---NewYard","bindingPath":{"path":"","propertyPath":"/SALES_AREA_SPART","modelName":"NewYardModel"},"interaction":{"idSuffix":"inner"}},"clearTextFirst":true,"interactionType":"ENTER_TEXT"}]}
RESULT: {"script":"<script> [776 bytes]","args":[{"enterText":"C2","selector":{"controlType":"sap.m.Input","viewName":"etm.portal.ui.manageyards.view.New","viewId":"application-manageyards-display-component---NewYard","bindingPath":{"path":"","propertyPath":"/SALES_AREA_SPART","modelName":"NewYardModel"},"interaction":{"idSuffix":"inner"}},"clearTextFirst":true,"interactionType":"ENTER_TEXT"}]}
COMMAND: POST /session/4ca0da1f05d229fab0c05732b1ad37d0/execute/async - {"script":"<script> [1562 bytes]","args":[{"selector":{"controlType":"sap.m.Input","viewName":"etm.portal.ui.manageyards.view.New","viewId":"application-manageyards-display-component---NewYard","bindingPath":{"path":"","propertyPath":"/SHIP_POINT","modelName":"NewYardModel"},"interaction":{"idSuffix":"inner"}},"wdio_ui5_key":"etmportal.ui.manageyards.view.Newsap.m.Input{\"path\":\"\",\"propertyPath\":\"/SHIP_POINT\",\"modelName\":\"NewYardModel\"}"}]}
RESULT: {"script":"<script> [1562 bytes]","args":[{"selector":{"controlType":"sap.m.Input","viewName":"etm.portal.ui.manageyards.view.New","viewId":"application-manageyards-display-component---NewYard","bindingPath":{"path":"","propertyPath":"/SHIP_POINT","modelName":"NewYardModel"},"interaction":{"idSuffix":"inner"}},"wdio_ui5_key":"etmportal.ui.manageyards.view.Newsap.m.Input{\"path\":\"\",\"propertyPath\":\"/SHIP_POINT\",\"modelName\":\"NewYardModel\"}"}]}
RESULT: undefined
COMMAND: POST /session/4ca0da1f05d229fab0c05732b1ad37d0/execute/async - {"script":"<script> [776 bytes]","args":[{"enterText":"1710","selector":{"controlType":"sap.m.Input","viewName":"etm.portal.ui.manageyards.view.New","viewId":"application-manageyards-display-component---NewYard","bindingPath":{"path":"","propertyPath":"/SHIP_POINT","modelName":"NewYardModel"},"interaction":{"idSuffix":"inner"}},"clearTextFirst":true,"interactionType":"ENTER_TEXT"}]}
RESULT: {"script":"<script> [776 bytes]","args":[{"enterText":"1710","selector":{"controlType":"sap.m.Input","viewName":"etm.portal.ui.manageyards.view.New","viewId":"application-manageyards-display-component---NewYard","bindingPath":{"path":"","propertyPath":"/SHIP_POINT","modelName":"NewYardModel"},"interaction":{"idSuffix":"inner"}},"clearTextFirst":true,"interactionType":"ENTER_TEXT"}]}
COMMAND: POST /session/4ca0da1f05d229fab0c05732b1ad37d0/execute/async - {"script":"<script> [1562 bytes]","args":[{"selector":{"controlType":"sap.m.Input","viewName":"etm.portal.ui.manageyards.view.New","viewId":"application-manageyards-display-component---NewYard","bindingPath":{"path":"","propertyPath":"/DELIVERY_TYPE","modelName":"NewYardModel"},"interaction":{"idSuffix":"inner"}},"wdio_ui5_key":"etmportal.ui.manageyards.view.Newsap.m.Input{\"path\":\"\",\"propertyPath\":\"/DELIVERY_TYPE\",\"modelName\":\"NewYardModel\"}"}]}
RESULT: {"script":"<script> [1562 bytes]","args":[{"selector":{"controlType":"sap.m.Input","viewName":"etm.portal.ui.manageyards.view.New","viewId":"application-manageyards-display-component---NewYard","bindingPath":{"path":"","propertyPath":"/DELIVERY_TYPE","modelName":"NewYardModel"},"interaction":{"idSuffix":"inner"}},"wdio_ui5_key":"etmportal.ui.manageyards.view.Newsap.m.Input{\"path\":\"\",\"propertyPath\":\"/DELIVERY_TYPE\",\"modelName\":\"NewYardModel\"}"}]}
RESULT: undefined
COMMAND: POST /session/4ca0da1f05d229fab0c05732b1ad37d0/execute/async - {"script":"<script> [776 bytes]","args":[{"enterText":"ZL01","selector":{"controlType":"sap.m.Input","viewName":"etm.portal.ui.manageyards.view.New","viewId":"application-manageyards-display-component---NewYard","bindingPath":{"path":"","propertyPath":"/DELIVERY_TYPE","modelName":"NewYardModel"},"interaction":{"idSuffix":"inner"}},"clearTextFirst":true,"interactionType":"ENTER_TEXT"}]}
RESULT: {"script":"<script> [776 bytes]","args":[{"enterText":"ZL01","selector":{"controlType":"sap.m.Input","viewName":"etm.portal.ui.manageyards.view.New","viewId":"application-manageyards-display-component---NewYard","bindingPath":{"path":"","propertyPath":"/DELIVERY_TYPE","modelName":"NewYardModel"},"interaction":{"idSuffix":"inner"}},"clearTextFirst":true,"interactionType":"ENTER_TEXT"}]}
COMMAND: POST /session/4ca0da1f05d229fab0c05732b1ad37d0/execute/async - {"script":"<script> [1562 bytes]","args":[{"selector":{"controlType":"sap.m.Input","viewName":"etm.portal.ui.manageyards.view.New","viewId":"application-manageyards-display-component---NewYard","bindingPath":{"path":"","propertyPath":"/AUART","modelName":"NewYardModel"},"interaction":{"idSuffix":"inner"}},"wdio_ui5_key":"etmportal.ui.manageyards.view.Newsap.m.Input{\"path\":\"\",\"propertyPath\":\"/AUART\",\"modelName\":\"NewYardModel\"}"}]}
RESULT: {"script":"<script> [1562 bytes]","args":[{"selector":{"controlType":"sap.m.Input","viewName":"etm.portal.ui.manageyards.view.New","viewId":"application-manageyards-display-component---NewYard","bindingPath":{"path":"","propertyPath":"/AUART","modelName":"NewYardModel"},"interaction":{"idSuffix":"inner"}},"wdio_ui5_key":"etmportal.ui.manageyards.view.Newsap.m.Input{\"path\":\"\",\"propertyPath\":\"/AUART\",\"modelName\":\"NewYardModel\"}"}]}
RESULT: undefined
COMMAND: POST /session/4ca0da1f05d229fab0c05732b1ad37d0/execute/async - {"script":"<script> [776 bytes]","args":[{"enterText":"TA","selector":{"controlType":"sap.m.Input","viewName":"etm.portal.ui.manageyards.view.New","viewId":"application-manageyards-display-component---NewYard","bindingPath":{"path":"","propertyPath":"/AUART","modelName":"NewYardModel"},"interaction":{"idSuffix":"inner"}},"clearTextFirst":true,"interactionType":"ENTER_TEXT"}]}
RESULT: {"script":"<script> [776 bytes]","args":[{"enterText":"TA","selector":{"controlType":"sap.m.Input","viewName":"etm.portal.ui.manageyards.view.New","viewId":"application-manageyards-display-component---NewYard","bindingPath":{"path":"","propertyPath":"/AUART","modelName":"NewYardModel"},"interaction":{"idSuffix":"inner"}},"clearTextFirst":true,"interactionType":"ENTER_TEXT"}]}
COMMAND: POST /session/4ca0da1f05d229fab0c05732b1ad37d0/element - {"using":"xpath","value":"//button[@data-kt=\"newYardSaveButton\"]"}
RESULT: {"using":"xpath","value":"//button[@data-kt=\"newYardSaveButton\"]"}
COMMAND: POST /session/4ca0da1f05d229fab0c05732b1ad37d0/element/f.D01EC4AF0A1BFC1E8396569751E97BC9.d.6FAB658AFB5C813FC76D2F1E66A28DA6.e.3264/click - {}
RESULT: {}
COMMAND: GET /session/4ca0da1f05d229fab0c05732b1ad37d0/screenshot - {}
RESULT: {}
COMMAND: POST /session/4ca0da1f05d229fab0c05732b1ad37d0/element - {"using":"xpath","value":"//header[contains(@id, 'ObjectPageLayout-headerTitle')]/div[1]/div[2]/div[1]/span[1]"}
RESULT: {"using":"xpath","value":"//header[contains(@id, 'ObjectPageLayout-headerTitle')]/div[1]/div[2]/div[1]/span[1]"}
COMMAND: POST /session/4ca0da1f05d229fab0c05732b1ad37d0/elements - {"using":"xpath","value":"//header[contains(@id, 'ObjectPageLayout-headerTitle')]/div[1]/div[2]/div[1]/span[1]"}
RESULT: {"using":"xpath","value":"//header[contains(@id, 'ObjectPageLayout-headerTitle')]/div[1]/div[2]/div[1]/span[1]"}
COMMAND: POST /session/4ca0da1f05d229fab0c05732b1ad37d0/execute/sync - {"script":"<script> [56 bytes]","args":[{"element-6066-11e4-a52e-4f735466cecf":"f.D01EC4AF0A1BFC1E8396569751E97BC9.d.6FAB658AFB5C813FC76D2F1E66A28DA6.e.3560","ELEMENT":"f.D01EC4AF0A1BFC1E8396569751E97BC9.d.6FAB658AFB5C813FC76D2F1E66A28DA6.e.3560"}]}
RESULT: {"script":"<script> [56 bytes]","args":[{"element-6066-11e4-a52e-4f735466cecf":"f.D01EC4AF0A1BFC1E8396569751E97BC9.d.6FAB658AFB5C813FC76D2F1E66A28DA6.e.3560","ELEMENT":"f.D01EC4AF0A1BFC1E8396569751E97BC9.d.6FAB658AFB5C813FC76D2F1E66A28DA6.e.3560"}]}
COMMAND: GET /session/4ca0da1f05d229fab0c05732b1ad37d0/screenshot - {}
RESULT: {}
COMMAND: POST /session/4ca0da1f05d229fab0c05732b1ad37d0/element - {"using":"css selector","value":"#shell-header-logo"}
RESULT: {"using":"css selector","value":"#shell-header-logo"}
COMMAND: POST /session/4ca0da1f05d229fab0c05732b1ad37d0/element/f.D01EC4AF0A1BFC1E8396569751E97BC9.d.6FAB658AFB5C813FC76D2F1E66A28DA6.e.2816/click - {}
RESULT: {}
COMMAND: GET /session/4ca0da1f05d229fab0c05732b1ad37d0/screenshot - {}
RESULT: {}
COMMAND: POST /session/4ca0da1f05d229fab0c05732b1ad37d0/execute/sync - {"script":"<script> [299 bytes]","args":[["getModel","getResource"]]}
RESULT: {"script":"<script> [299 bytes]","args":[["getModel","getResource"]]}
]]></system-out>
    </testcase>
    <testcase classname="chrome.135_0_7049_96.windows.Create_master_data_for_mixed_billing_&amp;_do_billing_calculation_US151661" name="Should create a new partner" time="119.632">
      <system-out><![CDATA[
COMMAND: GET /session/4ca0da1f05d229fab0c05732b1ad37d0/screenshot - {}
COMMAND: POST /session/4ca0da1f05d229fab0c05732b1ad37d0/window/fullscreen - {}
RESULT: {}
RESULT: {}
COMMAND: POST /session/4ca0da1f05d229fab0c05732b1ad37d0/execute/async - {"script":"<script> [1562 bytes]","args":[{"selector":{"controlType":"sap.m.GenericTile","properties":{"header":"Manage Partners"}},"wdio_ui5_key":"sapm.GenericTile{\"header\":\"Manage Partners\"}"}]}
RESULT: {"script":"<script> [1562 bytes]","args":[{"selector":{"controlType":"sap.m.GenericTile","properties":{"header":"Manage Partners"}},"wdio_ui5_key":"sapm.GenericTile{\"header\":\"Manage Partners\"}"}]}
RESULT: undefined
COMMAND: POST /session/4ca0da1f05d229fab0c05732b1ad37d0/element - {"using":"xpath","value":"//*[@id=\"__tile38\"]"}
RESULT: {"using":"xpath","value":"//*[@id=\"__tile38\"]"}
COMMAND: POST /session/4ca0da1f05d229fab0c05732b1ad37d0/element/f.D01EC4AF0A1BFC1E8396569751E97BC9.d.6FAB658AFB5C813FC76D2F1E66A28DA6.e.2712/click - {}
RESULT: {}
COMMAND: POST /session/4ca0da1f05d229fab0c05732b1ad37d0/element - {"using":"xpath","value":"//button[@data-kt=\"addButton\"]"}
COMMAND: GET /session/4ca0da1f05d229fab0c05732b1ad37d0/screenshot - {}
RESULT: {"using":"xpath","value":"//button[@data-kt=\"addButton\"]"}
COMMAND: POST /session/4ca0da1f05d229fab0c05732b1ad37d0/elements - {"using":"xpath","value":"//button[@data-kt=\"addButton\"]"}
RESULT: {}
RESULT: {"using":"xpath","value":"//button[@data-kt=\"addButton\"]"}
COMMAND: POST /session/4ca0da1f05d229fab0c05732b1ad37d0/elements - {"using":"xpath","value":"//button[@data-kt=\"addButton\"]"}
RESULT: {"using":"xpath","value":"//button[@data-kt=\"addButton\"]"}
COMMAND: POST /session/4ca0da1f05d229fab0c05732b1ad37d0/elements - {"using":"xpath","value":"//button[@data-kt=\"addButton\"]"}
RESULT: {"using":"xpath","value":"//button[@data-kt=\"addButton\"]"}
COMMAND: POST /session/4ca0da1f05d229fab0c05732b1ad37d0/elements - {"using":"xpath","value":"//button[@data-kt=\"addButton\"]"}
RESULT: {"using":"xpath","value":"//button[@data-kt=\"addButton\"]"}
COMMAND: POST /session/4ca0da1f05d229fab0c05732b1ad37d0/elements - {"using":"xpath","value":"//button[@data-kt=\"addButton\"]"}
RESULT: {"using":"xpath","value":"//button[@data-kt=\"addButton\"]"}
COMMAND: POST /session/4ca0da1f05d229fab0c05732b1ad37d0/elements - {"using":"xpath","value":"//button[@data-kt=\"addButton\"]"}
RESULT: {"using":"xpath","value":"//button[@data-kt=\"addButton\"]"}
COMMAND: POST /session/4ca0da1f05d229fab0c05732b1ad37d0/elements - {"using":"xpath","value":"//button[@data-kt=\"addButton\"]"}
RESULT: {"using":"xpath","value":"//button[@data-kt=\"addButton\"]"}
COMMAND: POST /session/4ca0da1f05d229fab0c05732b1ad37d0/elements - {"using":"xpath","value":"//button[@data-kt=\"addButton\"]"}
RESULT: {"using":"xpath","value":"//button[@data-kt=\"addButton\"]"}
COMMAND: POST /session/4ca0da1f05d229fab0c05732b1ad37d0/elements - {"using":"xpath","value":"//button[@data-kt=\"addButton\"]"}
RESULT: {"using":"xpath","value":"//button[@data-kt=\"addButton\"]"}
COMMAND: POST /session/4ca0da1f05d229fab0c05732b1ad37d0/elements - {"using":"xpath","value":"//button[@data-kt=\"addButton\"]"}
RESULT: {"using":"xpath","value":"//button[@data-kt=\"addButton\"]"}
COMMAND: POST /session/4ca0da1f05d229fab0c05732b1ad37d0/elements - {"using":"xpath","value":"//button[@data-kt=\"addButton\"]"}
RESULT: {"using":"xpath","value":"//button[@data-kt=\"addButton\"]"}
COMMAND: POST /session/4ca0da1f05d229fab0c05732b1ad37d0/elements - {"using":"xpath","value":"//button[@data-kt=\"addButton\"]"}
RESULT: {"using":"xpath","value":"//button[@data-kt=\"addButton\"]"}
COMMAND: POST /session/4ca0da1f05d229fab0c05732b1ad37d0/elements - {"using":"xpath","value":"//button[@data-kt=\"addButton\"]"}
RESULT: {"using":"xpath","value":"//button[@data-kt=\"addButton\"]"}
COMMAND: POST /session/4ca0da1f05d229fab0c05732b1ad37d0/elements - {"using":"xpath","value":"//button[@data-kt=\"addButton\"]"}
RESULT: {"using":"xpath","value":"//button[@data-kt=\"addButton\"]"}
COMMAND: POST /session/4ca0da1f05d229fab0c05732b1ad37d0/elements - {"using":"xpath","value":"//button[@data-kt=\"addButton\"]"}
RESULT: {"using":"xpath","value":"//button[@data-kt=\"addButton\"]"}
COMMAND: POST /session/4ca0da1f05d229fab0c05732b1ad37d0/elements - {"using":"xpath","value":"//button[@data-kt=\"addButton\"]"}
RESULT: {"using":"xpath","value":"//button[@data-kt=\"addButton\"]"}
COMMAND: POST /session/4ca0da1f05d229fab0c05732b1ad37d0/elements - {"using":"xpath","value":"//button[@data-kt=\"addButton\"]"}
RESULT: {"using":"xpath","value":"//button[@data-kt=\"addButton\"]"}
COMMAND: POST /session/4ca0da1f05d229fab0c05732b1ad37d0/elements - {"using":"xpath","value":"//button[@data-kt=\"addButton\"]"}
RESULT: {"using":"xpath","value":"//button[@data-kt=\"addButton\"]"}
COMMAND: POST /session/4ca0da1f05d229fab0c05732b1ad37d0/elements - {"using":"xpath","value":"//button[@data-kt=\"addButton\"]"}
RESULT: {"using":"xpath","value":"//button[@data-kt=\"addButton\"]"}
COMMAND: POST /session/4ca0da1f05d229fab0c05732b1ad37d0/element - {"using":"xpath","value":"//button[@data-kt=\"addButton\"]"}
RESULT: {"using":"xpath","value":"//button[@data-kt=\"addButton\"]"}
COMMAND: POST /session/4ca0da1f05d229fab0c05732b1ad37d0/execute/sync - {"script":"<script> [8489 bytes]","args":[{"element-6066-11e4-a52e-4f735466cecf":"f.D01EC4AF0A1BFC1E8396569751E97BC9.d.6FAB658AFB5C813FC76D2F1E66A28DA6.e.3598","ELEMENT":"f.D01EC4AF0A1BFC1E8396569751E97BC9.d.6FAB658AFB5C813FC76D2F1E66A28DA6.e.3598"}]}
RESULT: {"script":"<script> [8489 bytes]","args":[{"element-6066-11e4-a52e-4f735466cecf":"f.D01EC4AF0A1BFC1E8396569751E97BC9.d.6FAB658AFB5C813FC76D2F1E66A28DA6.e.3598","ELEMENT":"f.D01EC4AF0A1BFC1E8396569751E97BC9.d.6FAB658AFB5C813FC76D2F1E66A28DA6.e.3598"}]}
COMMAND: GET /session/4ca0da1f05d229fab0c05732b1ad37d0/element/f.D01EC4AF0A1BFC1E8396569751E97BC9.d.6FAB658AFB5C813FC76D2F1E66A28DA6.e.3598/enabled - {}
COMMAND: GET /session/4ca0da1f05d229fab0c05732b1ad37d0/screenshot - {}
RESULT: {}
COMMAND: POST /session/4ca0da1f05d229fab0c05732b1ad37d0/execute/sync - {"script":"<script> [8489 bytes]","args":[{"element-6066-11e4-a52e-4f735466cecf":"f.D01EC4AF0A1BFC1E8396569751E97BC9.d.6FAB658AFB5C813FC76D2F1E66A28DA6.e.3598","ELEMENT":"f.D01EC4AF0A1BFC1E8396569751E97BC9.d.6FAB658AFB5C813FC76D2F1E66A28DA6.e.3598"}]}
COMMAND: GET /session/4ca0da1f05d229fab0c05732b1ad37d0/screenshot - {}
RESULT: {}
RESULT: {"script":"<script> [8489 bytes]","args":[{"element-6066-11e4-a52e-4f735466cecf":"f.D01EC4AF0A1BFC1E8396569751E97BC9.d.6FAB658AFB5C813FC76D2F1E66A28DA6.e.3598","ELEMENT":"f.D01EC4AF0A1BFC1E8396569751E97BC9.d.6FAB658AFB5C813FC76D2F1E66A28DA6.e.3598"}]}
COMMAND: POST /session/4ca0da1f05d229fab0c05732b1ad37d0/execute/sync - {"script":"<script> [5351 bytes]","args":[{"element-6066-11e4-a52e-4f735466cecf":"f.D01EC4AF0A1BFC1E8396569751E97BC9.d.6FAB658AFB5C813FC76D2F1E66A28DA6.e.3598","ELEMENT":"f.D01EC4AF0A1BFC1E8396569751E97BC9.d.6FAB658AFB5C813FC76D2F1E66A28DA6.e.3598"}]}
COMMAND: GET /session/4ca0da1f05d229fab0c05732b1ad37d0/screenshot - {}
RESULT: {}
RESULT: {"script":"<script> [5351 bytes]","args":[{"element-6066-11e4-a52e-4f735466cecf":"f.D01EC4AF0A1BFC1E8396569751E97BC9.d.6FAB658AFB5C813FC76D2F1E66A28DA6.e.3598","ELEMENT":"f.D01EC4AF0A1BFC1E8396569751E97BC9.d.6FAB658AFB5C813FC76D2F1E66A28DA6.e.3598"}]}
COMMAND: POST /session/4ca0da1f05d229fab0c05732b1ad37d0/element/f.D01EC4AF0A1BFC1E8396569751E97BC9.d.6FAB658AFB5C813FC76D2F1E66A28DA6.e.3598/click - {}
COMMAND: GET /session/4ca0da1f05d229fab0c05732b1ad37d0/screenshot - {}
RESULT: {}
RESULT: {}
COMMAND: GET /session/4ca0da1f05d229fab0c05732b1ad37d0/screenshot - {}
RESULT: {}
COMMAND: POST /session/4ca0da1f05d229fab0c05732b1ad37d0/execute/async - {"script":"<script> [1562 bytes]","args":[{"selector":{"id":"application-managepartners-display-component---NewPartner--addressDetailDetailsName1","interaction":{"idSuffix":"inner"}},"wdio_ui5_key":"applicationmanagepartners-display-component---NewPartner--addressDetailDetailsName1"}]}
RESULT: {}
RESULT: {"script":"<script> [1562 bytes]","args":[{"selector":{"id":"application-managepartners-display-component---NewPartner--addressDetailDetailsName1","interaction":{"idSuffix":"inner"}},"wdio_ui5_key":"applicationmanagepartners-display-component---NewPartner--addressDetailDetailsName1"}]}
RESULT: undefined
COMMAND: POST /session/4ca0da1f05d229fab0c05732b1ad37d0/execute/async - {"script":"<script> [776 bytes]","args":[{"enterText":"Intercompany Partner WDIO","selector":{"id":"application-managepartners-display-component---NewPartner--addressDetailDetailsName1","interaction":{"idSuffix":"inner"}},"clearTextFirst":true,"interactionType":"ENTER_TEXT"}]}
RESULT: {"script":"<script> [776 bytes]","args":[{"enterText":"Intercompany Partner WDIO","selector":{"id":"application-managepartners-display-component---NewPartner--addressDetailDetailsName1","interaction":{"idSuffix":"inner"}},"clearTextFirst":true,"interactionType":"ENTER_TEXT"}]}
COMMAND: POST /session/4ca0da1f05d229fab0c05732b1ad37d0/execute/async - {"script":"<script> [1562 bytes]","args":[{"selector":{"id":"application-managepartners-display-component---NewPartner--addressDetailDetailsLanguage-arrow"},"wdio_ui5_key":"applicationmanagepartners-display-component---NewPartner--addressDetailDetailsLanguage-arrow"}]}
RESULT: {"script":"<script> [1562 bytes]","args":[{"selector":{"id":"application-managepartners-display-component---NewPartner--addressDetailDetailsLanguage-arrow"},"wdio_ui5_key":"applicationmanagepartners-display-component---NewPartner--addressDetailDetailsLanguage-arrow"}]}
RESULT: undefined
COMMAND: POST /session/4ca0da1f05d229fab0c05732b1ad37d0/element - {"using":"xpath","value":"//*[@id=\"application-managepartners-display-component---NewPartner--addressDetailDetailsLanguage-arrow\"]"}
RESULT: {"using":"xpath","value":"//*[@id=\"application-managepartners-display-component---NewPartner--addressDetailDetailsLanguage-arrow\"]"}
COMMAND: POST /session/4ca0da1f05d229fab0c05732b1ad37d0/element/f.D01EC4AF0A1BFC1E8396569751E97BC9.d.6FAB658AFB5C813FC76D2F1E66A28DA6.e.4042/click - {}
RESULT: {}
COMMAND: POST /session/4ca0da1f05d229fab0c05732b1ad37d0/element - {"using":"xpath","value":"//span[contains(text(), \"English\")]"}
COMMAND: GET /session/4ca0da1f05d229fab0c05732b1ad37d0/screenshot - {}
RESULT: {"using":"xpath","value":"//span[contains(text(), \"English\")]"}
COMMAND: POST /session/4ca0da1f05d229fab0c05732b1ad37d0/element/f.D01EC4AF0A1BFC1E8396569751E97BC9.d.6FAB658AFB5C813FC76D2F1E66A28DA6.e.4043/click - {}
RESULT: {}
RESULT: {}
COMMAND: GET /session/4ca0da1f05d229fab0c05732b1ad37d0/screenshot - {}
RESULT: {}
COMMAND: POST /session/4ca0da1f05d229fab0c05732b1ad37d0/execute/async - {"script":"<script> [1562 bytes]","args":[{"selector":{"id":"application-managepartners-display-component---NewPartner--addressDetailDetailsCity1","interaction":{"idSuffix":"inner"}},"wdio_ui5_key":"applicationmanagepartners-display-component---NewPartner--addressDetailDetailsCity1"}]}
RESULT: {"script":"<script> [1562 bytes]","args":[{"selector":{"id":"application-managepartners-display-component---NewPartner--addressDetailDetailsCity1","interaction":{"idSuffix":"inner"}},"wdio_ui5_key":"applicationmanagepartners-display-component---NewPartner--addressDetailDetailsCity1"}]}
RESULT: undefined
COMMAND: POST /session/4ca0da1f05d229fab0c05732b1ad37d0/execute/async - {"script":"<script> [776 bytes]","args":[{"enterText":"Rosario","selector":{"id":"application-managepartners-display-component---NewPartner--addressDetailDetailsCity1","interaction":{"idSuffix":"inner"}},"clearTextFirst":true,"interactionType":"ENTER_TEXT"}]}
RESULT: {"script":"<script> [776 bytes]","args":[{"enterText":"Rosario","selector":{"id":"application-managepartners-display-component---NewPartner--addressDetailDetailsCity1","interaction":{"idSuffix":"inner"}},"clearTextFirst":true,"interactionType":"ENTER_TEXT"}]}
COMMAND: POST /session/4ca0da1f05d229fab0c05732b1ad37d0/execute/async - {"script":"<script> [1562 bytes]","args":[{"selector":{"id":"application-managepartners-display-component---NewPartner--addressDetailDetailsCountry-arrow"},"wdio_ui5_key":"applicationmanagepartners-display-component---NewPartner--addressDetailDetailsCountry-arrow"}]}
RESULT: {"script":"<script> [1562 bytes]","args":[{"selector":{"id":"application-managepartners-display-component---NewPartner--addressDetailDetailsCountry-arrow"},"wdio_ui5_key":"applicationmanagepartners-display-component---NewPartner--addressDetailDetailsCountry-arrow"}]}
RESULT: undefined
COMMAND: POST /session/4ca0da1f05d229fab0c05732b1ad37d0/element - {"using":"xpath","value":"//*[@id=\"application-managepartners-display-component---NewPartner--addressDetailDetailsCountry-arrow\"]"}
RESULT: {"using":"xpath","value":"//*[@id=\"application-managepartners-display-component---NewPartner--addressDetailDetailsCountry-arrow\"]"}
COMMAND: POST /session/4ca0da1f05d229fab0c05732b1ad37d0/element/f.D01EC4AF0A1BFC1E8396569751E97BC9.d.6FAB658AFB5C813FC76D2F1E66A28DA6.e.4002/click - {}
RESULT: {}
COMMAND: POST /session/4ca0da1f05d229fab0c05732b1ad37d0/element - {"using":"xpath","value":"//span[contains(text(), \"Argentina\")]"}
COMMAND: GET /session/4ca0da1f05d229fab0c05732b1ad37d0/screenshot - {}
RESULT: {"using":"xpath","value":"//span[contains(text(), \"Argentina\")]"}
COMMAND: POST /session/4ca0da1f05d229fab0c05732b1ad37d0/element/f.D01EC4AF0A1BFC1E8396569751E97BC9.d.6FAB658AFB5C813FC76D2F1E66A28DA6.e.4045/click - {}
RESULT: {}
RESULT: {}
COMMAND: GET /session/4ca0da1f05d229fab0c05732b1ad37d0/screenshot - {}
RESULT: {}
COMMAND: POST /session/4ca0da1f05d229fab0c05732b1ad37d0/element - {"using":"xpath","value":"//bdi[contains(text(), \"Commercial\")]"}
RESULT: {"using":"xpath","value":"//bdi[contains(text(), \"Commercial\")]"}
COMMAND: POST /session/4ca0da1f05d229fab0c05732b1ad37d0/element/f.D01EC4AF0A1BFC1E8396569751E97BC9.d.6FAB658AFB5C813FC76D2F1E66A28DA6.e.4046/click - {}
RESULT: {}
COMMAND: GET /session/4ca0da1f05d229fab0c05732b1ad37d0/screenshot - {}
RESULT: {}
COMMAND: POST /session/4ca0da1f05d229fab0c05732b1ad37d0/execute/async - {"script":"<script> [1562 bytes]","args":[{"selector":{"id":"application-managepartners-display-component---NewPartner--partnerDetailInternal-arrow"},"wdio_ui5_key":"applicationmanagepartners-display-component---NewPartner--partnerDetailInternal-arrow"}]}
RESULT: {"script":"<script> [1562 bytes]","args":[{"selector":{"id":"application-managepartners-display-component---NewPartner--partnerDetailInternal-arrow"},"wdio_ui5_key":"applicationmanagepartners-display-component---NewPartner--partnerDetailInternal-arrow"}]}
RESULT: undefined
COMMAND: POST /session/4ca0da1f05d229fab0c05732b1ad37d0/element - {"using":"xpath","value":"//*[@id=\"application-managepartners-display-component---NewPartner--partnerDetailInternal-arrow\"]"}
RESULT: {"using":"xpath","value":"//*[@id=\"application-managepartners-display-component---NewPartner--partnerDetailInternal-arrow\"]"}
COMMAND: POST /session/4ca0da1f05d229fab0c05732b1ad37d0/element/f.D01EC4AF0A1BFC1E8396569751E97BC9.d.6FAB658AFB5C813FC76D2F1E66A28DA6.e.4052/click - {}
RESULT: {}
COMMAND: POST /session/4ca0da1f05d229fab0c05732b1ad37d0/element - {"using":"xpath","value":"//span[contains(text(), \"Affiliated company\")]"}
COMMAND: GET /session/4ca0da1f05d229fab0c05732b1ad37d0/screenshot - {}
RESULT: {"using":"xpath","value":"//span[contains(text(), \"Affiliated company\")]"}
COMMAND: POST /session/4ca0da1f05d229fab0c05732b1ad37d0/element/f.D01EC4AF0A1BFC1E8396569751E97BC9.d.6FAB658AFB5C813FC76D2F1E66A28DA6.e.4055/click - {}
RESULT: {}
RESULT: {}
COMMAND: POST /session/4ca0da1f05d229fab0c05732b1ad37d0/execute/async - {"script":"<script> [1562 bytes]","args":[{"selector":{"id":"application-managepartners-display-component---NewPartner--partnerDetailsCurrency-arrow"},"wdio_ui5_key":"applicationmanagepartners-display-component---NewPartner--partnerDetailsCurrency-arrow"}]}
COMMAND: GET /session/4ca0da1f05d229fab0c05732b1ad37d0/screenshot - {}
RESULT: {"script":"<script> [1562 bytes]","args":[{"selector":{"id":"application-managepartners-display-component---NewPartner--partnerDetailsCurrency-arrow"},"wdio_ui5_key":"applicationmanagepartners-display-component---NewPartner--partnerDetailsCurrency-arrow"}]}
RESULT: undefined
COMMAND: POST /session/4ca0da1f05d229fab0c05732b1ad37d0/element - {"using":"xpath","value":"//*[@id=\"application-managepartners-display-component---NewPartner--partnerDetailsCurrency-arrow\"]"}
RESULT: {}
RESULT: {"using":"xpath","value":"//*[@id=\"application-managepartners-display-component---NewPartner--partnerDetailsCurrency-arrow\"]"}
COMMAND: POST /session/4ca0da1f05d229fab0c05732b1ad37d0/element/f.D01EC4AF0A1BFC1E8396569751E97BC9.d.6FAB658AFB5C813FC76D2F1E66A28DA6.e.4062/click - {}
RESULT: {}
COMMAND: POST /session/4ca0da1f05d229fab0c05732b1ad37d0/element - {"using":"xpath","value":"//span[contains(text(), \"Euro\")]"}
COMMAND: GET /session/4ca0da1f05d229fab0c05732b1ad37d0/screenshot - {}
RESULT: {"using":"xpath","value":"//span[contains(text(), \"Euro\")]"}
COMMAND: POST /session/4ca0da1f05d229fab0c05732b1ad37d0/element/f.D01EC4AF0A1BFC1E8396569751E97BC9.d.6FAB658AFB5C813FC76D2F1E66A28DA6.e.4063/click - {}
RESULT: {}
RESULT: {}
COMMAND: POST /session/4ca0da1f05d229fab0c05732b1ad37d0/execute/async - {"script":"<script> [1562 bytes]","args":[{"selector":{"id":"application-managepartners-display-component---NewPartner--addressEditDetailsCostObjectCstType-arrow"},"wdio_ui5_key":"applicationmanagepartners-display-component---NewPartner--addressEditDetailsCostObjectCstType-arrow"}]}
COMMAND: GET /session/4ca0da1f05d229fab0c05732b1ad37d0/screenshot - {}
RESULT: {"script":"<script> [1562 bytes]","args":[{"selector":{"id":"application-managepartners-display-component---NewPartner--addressEditDetailsCostObjectCstType-arrow"},"wdio_ui5_key":"applicationmanagepartners-display-component---NewPartner--addressEditDetailsCostObjectCstType-arrow"}]}
RESULT: undefined
COMMAND: POST /session/4ca0da1f05d229fab0c05732b1ad37d0/element - {"using":"xpath","value":"//*[@id=\"application-managepartners-display-component---NewPartner--addressEditDetailsCostObjectCstType-arrow\"]"}
RESULT: {}
RESULT: {"using":"xpath","value":"//*[@id=\"application-managepartners-display-component---NewPartner--addressEditDetailsCostObjectCstType-arrow\"]"}
COMMAND: POST /session/4ca0da1f05d229fab0c05732b1ad37d0/element/f.D01EC4AF0A1BFC1E8396569751E97BC9.d.6FAB658AFB5C813FC76D2F1E66A28DA6.e.4064/click - {}
RESULT: {}
COMMAND: POST /session/4ca0da1f05d229fab0c05732b1ad37d0/element - {"using":"xpath","value":"//span[contains(text(), \"Cost Center\")]"}
COMMAND: GET /session/4ca0da1f05d229fab0c05732b1ad37d0/screenshot - {}
RESULT: {"using":"xpath","value":"//span[contains(text(), \"Cost Center\")]"}
COMMAND: POST /session/4ca0da1f05d229fab0c05732b1ad37d0/element/f.D01EC4AF0A1BFC1E8396569751E97BC9.d.6FAB658AFB5C813FC76D2F1E66A28DA6.e.4065/click - {}
RESULT: {}
RESULT: {}
COMMAND: GET /session/4ca0da1f05d229fab0c05732b1ad37d0/screenshot - {}
RESULT: {}
COMMAND: POST /session/4ca0da1f05d229fab0c05732b1ad37d0/element - {"using":"xpath","value":"//span[@id=\"application-managepartners-display-component---NewPartner--addressNewCostObjectCstID-vhi\"]"}
RESULT: {"using":"xpath","value":"//span[@id=\"application-managepartners-display-component---NewPartner--addressNewCostObjectCstID-vhi\"]"}
COMMAND: POST /session/4ca0da1f05d229fab0c05732b1ad37d0/execute/sync - {"script":"<script> [8489 bytes]","args":[{"element-6066-11e4-a52e-4f735466cecf":"f.D01EC4AF0A1BFC1E8396569751E97BC9.d.6FAB658AFB5C813FC76D2F1E66A28DA6.e.4069","ELEMENT":"f.D01EC4AF0A1BFC1E8396569751E97BC9.d.6FAB658AFB5C813FC76D2F1E66A28DA6.e.4069"}]}
RESULT: {"script":"<script> [8489 bytes]","args":[{"element-6066-11e4-a52e-4f735466cecf":"f.D01EC4AF0A1BFC1E8396569751E97BC9.d.6FAB658AFB5C813FC76D2F1E66A28DA6.e.4069","ELEMENT":"f.D01EC4AF0A1BFC1E8396569751E97BC9.d.6FAB658AFB5C813FC76D2F1E66A28DA6.e.4069"}]}
COMMAND: POST /session/4ca0da1f05d229fab0c05732b1ad37d0/execute/async - {"script":"<script> [1562 bytes]","args":[{"selector":{"id":"application-managepartners-display-component---NewPartner--addressNewCostObjectCstID-vhi"},"wdio_ui5_key":"applicationmanagepartners-display-component---NewPartner--addressNewCostObjectCstID-vhi"}]}
COMMAND: GET /session/4ca0da1f05d229fab0c05732b1ad37d0/screenshot - {}
RESULT: {"script":"<script> [1562 bytes]","args":[{"selector":{"id":"application-managepartners-display-component---NewPartner--addressNewCostObjectCstID-vhi"},"wdio_ui5_key":"applicationmanagepartners-display-component---NewPartner--addressNewCostObjectCstID-vhi"}]}
RESULT: undefined
COMMAND: POST /session/4ca0da1f05d229fab0c05732b1ad37d0/element - {"using":"xpath","value":"//*[@id=\"application-managepartners-display-component---NewPartner--addressNewCostObjectCstID-vhi\"]"}
RESULT: {}
RESULT: {"using":"xpath","value":"//*[@id=\"application-managepartners-display-component---NewPartner--addressNewCostObjectCstID-vhi\"]"}
COMMAND: POST /session/4ca0da1f05d229fab0c05732b1ad37d0/element/f.D01EC4AF0A1BFC1E8396569751E97BC9.d.6FAB658AFB5C813FC76D2F1E66A28DA6.e.4069/click - {}
RESULT: {}
COMMAND: GET /session/4ca0da1f05d229fab0c05732b1ad37d0/screenshot - {}
RESULT: {}
RESULT: undefined
COMMAND: POST /session/4ca0da1f05d229fab0c05732b1ad37d0/execute/async - {"script":"<script> [776 bytes]","args":[{"enterText":"10001013","selector":{"controlType":"sap.m.SearchField","properties":{"placeholder":"Search"},"searchOpenDialogs":true,"interaction":{"idSuffix":"I"}},"clearTextFirst":true,"interactionType":"ENTER_TEXT"}]}
RESULT: {"script":"<script> [776 bytes]","args":[{"enterText":"10001013","selector":{"controlType":"sap.m.SearchField","properties":{"placeholder":"Search"},"searchOpenDialogs":true,"interaction":{"idSuffix":"I"}},"clearTextFirst":true,"interactionType":"ENTER_TEXT"}]}
COMMAND: POST /session/4ca0da1f05d229fab0c05732b1ad37d0/actions - {"actions":[{"id":"action10","type":"key","parameters":{},"actions":[{"type":"keyDown","value":"î€‡"},{"type":"pause","duration":10},{"type":"keyUp","value":"î€‡"}]}]}
RESULT: {"actions":[{"id":"action10","type":"key","parameters":{},"actions":[{"type":"keyDown","value":"î€‡"},{"type":"pause","duration":10},{"type":"keyUp","value":"î€‡"}]}]}
COMMAND: GET /session/4ca0da1f05d229fab0c05732b1ad37d0/screenshot - {}
RESULT: {}
COMMAND: POST /session/4ca0da1f05d229fab0c05732b1ad37d0/element - {"using":"xpath","value":"//span[contains(text(), \"General Management\")]"}
RESULT: {"using":"xpath","value":"//span[contains(text(), \"General Management\")]"}
COMMAND: POST /session/4ca0da1f05d229fab0c05732b1ad37d0/element/f.D01EC4AF0A1BFC1E8396569751E97BC9.d.6FAB658AFB5C813FC76D2F1E66A28DA6.e.4106/click - {}
RESULT: {}
COMMAND: GET /session/4ca0da1f05d229fab0c05732b1ad37d0/screenshot - {}
RESULT: {}
COMMAND: POST /session/4ca0da1f05d229fab0c05732b1ad37d0/element - {"using":"xpath","value":"//bdi[contains(text(), \"OK\")]"}
RESULT: {"using":"xpath","value":"//bdi[contains(text(), \"OK\")]"}
COMMAND: POST /session/4ca0da1f05d229fab0c05732b1ad37d0/element/f.D01EC4AF0A1BFC1E8396569751E97BC9.d.6FAB658AFB5C813FC76D2F1E66A28DA6.e.4107/click - {}
RESULT: {}
COMMAND: GET /session/4ca0da1f05d229fab0c05732b1ad37d0/screenshot - {}
RESULT: {}
COMMAND: POST /session/4ca0da1f05d229fab0c05732b1ad37d0/element - {"using":"xpath","value":"//input[@id=\"application-managepartners-display-component---NewPartner--companyCodeComboBox-inner\"]"}
RESULT: {"using":"xpath","value":"//input[@id=\"application-managepartners-display-component---NewPartner--companyCodeComboBox-inner\"]"}
COMMAND: POST /session/4ca0da1f05d229fab0c05732b1ad37d0/element/f.D01EC4AF0A1BFC1E8396569751E97BC9.d.6FAB658AFB5C813FC76D2F1E66A28DA6.e.3908/clear - {}
RESULT: {}
COMMAND: POST /session/4ca0da1f05d229fab0c05732b1ad37d0/element/f.D01EC4AF0A1BFC1E8396569751E97BC9.d.6FAB658AFB5C813FC76D2F1E66A28DA6.e.3908/value - {"text":"C002"}
COMMAND: GET /session/4ca0da1f05d229fab0c05732b1ad37d0/screenshot - {}
RESULT: {"text":"C002"}
COMMAND: GET /session/4ca0da1f05d229fab0c05732b1ad37d0/screenshot - {}
RESULT: {}
RESULT: {}
COMMAND: POST /session/4ca0da1f05d229fab0c05732b1ad37d0/element - {"using":"xpath","value":"//span[contains(text(), \"C002\")]"}
RESULT: {"using":"xpath","value":"//span[contains(text(), \"C002\")]"}
COMMAND: POST /session/4ca0da1f05d229fab0c05732b1ad37d0/element/f.D01EC4AF0A1BFC1E8396569751E97BC9.d.6FAB658AFB5C813FC76D2F1E66A28DA6.e.4113/click - {}
RESULT: {}
COMMAND: GET /session/4ca0da1f05d229fab0c05732b1ad37d0/screenshot - {}
RESULT: {}
COMMAND: POST /session/4ca0da1f05d229fab0c05732b1ad37d0/execute/async - {"script":"<script> [1562 bytes]","args":[{"selector":{"id":"application-managepartners-display-component---NewPartner--btnAddTableRow-img"},"wdio_ui5_key":"applicationmanagepartners-display-component---NewPartner--btnAddTableRow-img"}]}
RESULT: {"script":"<script> [1562 bytes]","args":[{"selector":{"id":"application-managepartners-display-component---NewPartner--btnAddTableRow-img"},"wdio_ui5_key":"applicationmanagepartners-display-component---NewPartner--btnAddTableRow-img"}]}
RESULT: undefined
COMMAND: POST /session/4ca0da1f05d229fab0c05732b1ad37d0/element - {"using":"xpath","value":"//*[@id=\"application-managepartners-display-component---NewPartner--btnAddTableRow-img\"]"}
RESULT: {"using":"xpath","value":"//*[@id=\"application-managepartners-display-component---NewPartner--btnAddTableRow-img\"]"}
COMMAND: POST /session/4ca0da1f05d229fab0c05732b1ad37d0/element/f.D01EC4AF0A1BFC1E8396569751E97BC9.d.6FAB658AFB5C813FC76D2F1E66A28DA6.e.4114/click - {}
RESULT: {}
COMMAND: GET /session/4ca0da1f05d229fab0c05732b1ad37d0/screenshot - {}
RESULT: {}
COMMAND: POST /session/4ca0da1f05d229fab0c05732b1ad37d0/element - {"using":"xpath","value":"//input[@id=\"application-managepartners-display-component---NewPartner--assignmentYard-application-managepartners-display-component---NewPartner--assignmentsTable-0-inner\"]"}
RESULT: {"using":"xpath","value":"//input[@id=\"application-managepartners-display-component---NewPartner--assignmentYard-application-managepartners-display-component---NewPartner--assignmentsTable-0-inner\"]"}
COMMAND: POST /session/4ca0da1f05d229fab0c05732b1ad37d0/element/f.D01EC4AF0A1BFC1E8396569751E97BC9.d.6FAB658AFB5C813FC76D2F1E66A28DA6.e.4117/clear - {}
RESULT: {}
COMMAND: POST /session/4ca0da1f05d229fab0c05732b1ad37d0/element/f.D01EC4AF0A1BFC1E8396569751E97BC9.d.6FAB658AFB5C813FC76D2F1E66A28DA6.e.4117/value - {"text":"414"}
COMMAND: GET /session/4ca0da1f05d229fab0c05732b1ad37d0/screenshot - {}
RESULT: {"text":"414"}
COMMAND: GET /session/4ca0da1f05d229fab0c05732b1ad37d0/screenshot - {}
RESULT: {}
RESULT: {}
COMMAND: POST /session/4ca0da1f05d229fab0c05732b1ad37d0/element - {"using":"xpath","value":"//li[.//span[text()='414']]"}
RESULT: {"using":"xpath","value":"//li[.//span[text()='414']]"}
COMMAND: POST /session/4ca0da1f05d229fab0c05732b1ad37d0/element/f.D01EC4AF0A1BFC1E8396569751E97BC9.d.6FAB658AFB5C813FC76D2F1E66A28DA6.e.4126/click - {}
RESULT: {}
COMMAND: GET /session/4ca0da1f05d229fab0c05732b1ad37d0/screenshot - {}
RESULT: {}
COMMAND: POST /session/4ca0da1f05d229fab0c05732b1ad37d0/actions - {"actions":[{"id":"action11","type":"key","parameters":{},"actions":[{"type":"keyDown","value":"î€‡"},{"type":"pause","duration":10},{"type":"keyUp","value":"î€‡"}]}]}
RESULT: {"actions":[{"id":"action11","type":"key","parameters":{},"actions":[{"type":"keyDown","value":"î€‡"},{"type":"pause","duration":10},{"type":"keyUp","value":"î€‡"}]}]}
COMMAND: POST /session/4ca0da1f05d229fab0c05732b1ad37d0/execute/async - {"script":"<script> [1562 bytes]","args":[{"selector":{"id":"application-managepartners-display-component---NewPartner--externalCustomerComboBox-application-managepartners-display-component---NewPartner--assignmentsTable-0-vhi"},"wdio_ui5_key":"applicationmanagepartners-display-component---NewPartner--externalCustomerComboBox-application-managepartners-display-component---NewPartner--assignmentsTable-0-vhi"}]}
COMMAND: GET /session/4ca0da1f05d229fab0c05732b1ad37d0/screenshot - {}
RESULT: {"script":"<script> [1562 bytes]","args":[{"selector":{"id":"application-managepartners-display-component---NewPartner--externalCustomerComboBox-application-managepartners-display-component---NewPartner--assignmentsTable-0-vhi"},"wdio_ui5_key":"applicationmanagepartners-display-component---NewPartner--externalCustomerComboBox-application-managepartners-display-component---NewPartner--assignmentsTable-0-vhi"}]}
RESULT: undefined
COMMAND: POST /session/4ca0da1f05d229fab0c05732b1ad37d0/element - {"using":"xpath","value":"//*[@id=\"application-managepartners-display-component---NewPartner--externalCustomerComboBox-application-managepartners-display-component---NewPartner--assignmentsTable-0-vhi\"]"}
RESULT: {}
RESULT: {"using":"xpath","value":"//*[@id=\"application-managepartners-display-component---NewPartner--externalCustomerComboBox-application-managepartners-display-component---NewPartner--assignmentsTable-0-vhi\"]"}
COMMAND: POST /session/4ca0da1f05d229fab0c05732b1ad37d0/element/f.D01EC4AF0A1BFC1E8396569751E97BC9.d.6FAB658AFB5C813FC76D2F1E66A28DA6.e.4130/click - {}
RESULT: {}
RESULT: undefined
COMMAND: POST /session/4ca0da1f05d229fab0c05732b1ad37d0/execute/async - {"script":"<script> [776 bytes]","args":[{"enterText":"300003","selector":{"controlType":"sap.m.SearchField","properties":{"placeholder":"Search"},"searchOpenDialogs":true,"interaction":{"idSuffix":"I"}},"clearTextFirst":true,"interactionType":"ENTER_TEXT"}]}
COMMAND: GET /session/4ca0da1f05d229fab0c05732b1ad37d0/screenshot - {}
RESULT: {"script":"<script> [776 bytes]","args":[{"enterText":"300003","selector":{"controlType":"sap.m.SearchField","properties":{"placeholder":"Search"},"searchOpenDialogs":true,"interaction":{"idSuffix":"I"}},"clearTextFirst":true,"interactionType":"ENTER_TEXT"}]}
COMMAND: POST /session/4ca0da1f05d229fab0c05732b1ad37d0/actions - {"actions":[{"id":"action12","type":"key","parameters":{},"actions":[{"type":"keyDown","value":"î€‡"},{"type":"pause","duration":10},{"type":"keyUp","value":"î€‡"}]}]}
RESULT: {}
RESULT: {"actions":[{"id":"action12","type":"key","parameters":{},"actions":[{"type":"keyDown","value":"î€‡"},{"type":"pause","duration":10},{"type":"keyUp","value":"î€‡"}]}]}
COMMAND: GET /session/4ca0da1f05d229fab0c05732b1ad37d0/screenshot - {}
RESULT: {}
COMMAND: POST /session/4ca0da1f05d229fab0c05732b1ad37d0/element - {"using":"xpath","value":"//span[contains(text(), \"300003\")]"}
RESULT: {"using":"xpath","value":"//span[contains(text(), \"300003\")]"}
COMMAND: POST /session/4ca0da1f05d229fab0c05732b1ad37d0/element/f.D01EC4AF0A1BFC1E8396569751E97BC9.d.6FAB658AFB5C813FC76D2F1E66A28DA6.e.4147/click - {}
RESULT: {}
COMMAND: GET /session/4ca0da1f05d229fab0c05732b1ad37d0/screenshot - {}
RESULT: {}
COMMAND: POST /session/4ca0da1f05d229fab0c05732b1ad37d0/element - {"using":"xpath","value":"//bdi[contains(text(), \"OK\")]"}
RESULT: {"using":"xpath","value":"//bdi[contains(text(), \"OK\")]"}
COMMAND: POST /session/4ca0da1f05d229fab0c05732b1ad37d0/element/f.D01EC4AF0A1BFC1E8396569751E97BC9.d.6FAB658AFB5C813FC76D2F1E66A28DA6.e.4149/click - {}
RESULT: {}
COMMAND: GET /session/4ca0da1f05d229fab0c05732b1ad37d0/screenshot - {}
RESULT: {}
COMMAND: POST /session/4ca0da1f05d229fab0c05732b1ad37d0/execute/async - {"script":"<script> [1562 bytes]","args":[{"selector":{"id":"application-managepartners-display-component---NewPartner--intercompVendorComboBox-application-managepartners-display-component---NewPartner--assignmentsTable-0-vhi"},"wdio_ui5_key":"applicationmanagepartners-display-component---NewPartner--intercompVendorComboBox-application-managepartners-display-component---NewPartner--assignmentsTable-0-vhi"}]}
RESULT: {"script":"<script> [1562 bytes]","args":[{"selector":{"id":"application-managepartners-display-component---NewPartner--intercompVendorComboBox-application-managepartners-display-component---NewPartner--assignmentsTable-0-vhi"},"wdio_ui5_key":"applicationmanagepartners-display-component---NewPartner--intercompVendorComboBox-application-managepartners-display-component---NewPartner--assignmentsTable-0-vhi"}]}
RESULT: undefined
COMMAND: POST /session/4ca0da1f05d229fab0c05732b1ad37d0/element - {"using":"xpath","value":"//*[@id=\"application-managepartners-display-component---NewPartner--intercompVendorComboBox-application-managepartners-display-component---NewPartner--assignmentsTable-0-vhi\"]"}
RESULT: {"using":"xpath","value":"//*[@id=\"application-managepartners-display-component---NewPartner--intercompVendorComboBox-application-managepartners-display-component---NewPartner--assignmentsTable-0-vhi\"]"}
COMMAND: POST /session/4ca0da1f05d229fab0c05732b1ad37d0/element/f.D01EC4AF0A1BFC1E8396569751E97BC9.d.6FAB658AFB5C813FC76D2F1E66A28DA6.e.4153/click - {}
RESULT: {}
RESULT: undefined
COMMAND: POST /session/4ca0da1f05d229fab0c05732b1ad37d0/execute/async - {"script":"<script> [776 bytes]","args":[{"enterText":"100005","selector":{"controlType":"sap.m.SearchField","properties":{"placeholder":"Search"},"searchOpenDialogs":true,"interaction":{"idSuffix":"I"}},"clearTextFirst":true,"interactionType":"ENTER_TEXT"}]}
COMMAND: GET /session/4ca0da1f05d229fab0c05732b1ad37d0/screenshot - {}
RESULT: {"script":"<script> [776 bytes]","args":[{"enterText":"100005","selector":{"controlType":"sap.m.SearchField","properties":{"placeholder":"Search"},"searchOpenDialogs":true,"interaction":{"idSuffix":"I"}},"clearTextFirst":true,"interactionType":"ENTER_TEXT"}]}
COMMAND: POST /session/4ca0da1f05d229fab0c05732b1ad37d0/actions - {"actions":[{"id":"action13","type":"key","parameters":{},"actions":[{"type":"keyDown","value":"î€‡"},{"type":"pause","duration":10},{"type":"keyUp","value":"î€‡"}]}]}
RESULT: {}
RESULT: {"actions":[{"id":"action13","type":"key","parameters":{},"actions":[{"type":"keyDown","value":"î€‡"},{"type":"pause","duration":10},{"type":"keyUp","value":"î€‡"}]}]}
COMMAND: GET /session/4ca0da1f05d229fab0c05732b1ad37d0/screenshot - {}
RESULT: {}
COMMAND: POST /session/4ca0da1f05d229fab0c05732b1ad37d0/element - {"using":"xpath","value":"//span[contains(text(), \"Penguins - Field/12345 Berlin\")]"}
RESULT: {"using":"xpath","value":"//span[contains(text(), \"Penguins - Field/12345 Berlin\")]"}
COMMAND: POST /session/4ca0da1f05d229fab0c05732b1ad37d0/element/f.D01EC4AF0A1BFC1E8396569751E97BC9.d.6FAB658AFB5C813FC76D2F1E66A28DA6.e.4171/click - {}
RESULT: {}
COMMAND: GET /session/4ca0da1f05d229fab0c05732b1ad37d0/screenshot - {}
RESULT: {}
COMMAND: POST /session/4ca0da1f05d229fab0c05732b1ad37d0/element - {"using":"xpath","value":"//bdi[contains(text(), \"OK\")]"}
RESULT: {"using":"xpath","value":"//bdi[contains(text(), \"OK\")]"}
COMMAND: POST /session/4ca0da1f05d229fab0c05732b1ad37d0/element/f.D01EC4AF0A1BFC1E8396569751E97BC9.d.6FAB658AFB5C813FC76D2F1E66A28DA6.e.4172/click - {}
RESULT: {}
COMMAND: GET /session/4ca0da1f05d229fab0c05732b1ad37d0/screenshot - {}
RESULT: {}
COMMAND: POST /session/4ca0da1f05d229fab0c05732b1ad37d0/element - {"using":"xpath","value":"//button[@data-kt=\"saveButton\"]"}
RESULT: {"using":"xpath","value":"//button[@data-kt=\"saveButton\"]"}
COMMAND: POST /session/4ca0da1f05d229fab0c05732b1ad37d0/element/f.D01EC4AF0A1BFC1E8396569751E97BC9.d.6FAB658AFB5C813FC76D2F1E66A28DA6.e.4026/click - {}
RESULT: {}
COMMAND: GET /session/4ca0da1f05d229fab0c05732b1ad37d0/screenshot - {}
RESULT: {}
COMMAND: POST /session/4ca0da1f05d229fab0c05732b1ad37d0/element - {"using":"xpath","value":"//header[contains(@id, 'ObjectPageLayout-headerTitle')]/div[1]/div[2]/div[2]/span[1]"}
RESULT: {"using":"xpath","value":"//header[contains(@id, 'ObjectPageLayout-headerTitle')]/div[1]/div[2]/div[2]/span[1]"}
COMMAND: POST /session/4ca0da1f05d229fab0c05732b1ad37d0/elements - {"using":"xpath","value":"//header[contains(@id, 'ObjectPageLayout-headerTitle')]/div[1]/div[2]/div[2]/span[1]"}
RESULT: {"using":"xpath","value":"//header[contains(@id, 'ObjectPageLayout-headerTitle')]/div[1]/div[2]/div[2]/span[1]"}
COMMAND: POST /session/4ca0da1f05d229fab0c05732b1ad37d0/execute/sync - {"script":"<script> [56 bytes]","args":[{"element-6066-11e4-a52e-4f735466cecf":"f.D01EC4AF0A1BFC1E8396569751E97BC9.d.6FAB658AFB5C813FC76D2F1E66A28DA6.e.4337","ELEMENT":"f.D01EC4AF0A1BFC1E8396569751E97BC9.d.6FAB658AFB5C813FC76D2F1E66A28DA6.e.4337"}]}
RESULT: {"script":"<script> [56 bytes]","args":[{"element-6066-11e4-a52e-4f735466cecf":"f.D01EC4AF0A1BFC1E8396569751E97BC9.d.6FAB658AFB5C813FC76D2F1E66A28DA6.e.4337","ELEMENT":"f.D01EC4AF0A1BFC1E8396569751E97BC9.d.6FAB658AFB5C813FC76D2F1E66A28DA6.e.4337"}]}
COMMAND: POST /session/4ca0da1f05d229fab0c05732b1ad37d0/element - {"using":"css selector","value":"#shell-header-logo"}
COMMAND: GET /session/4ca0da1f05d229fab0c05732b1ad37d0/screenshot - {}
RESULT: {"using":"css selector","value":"#shell-header-logo"}
COMMAND: POST /session/4ca0da1f05d229fab0c05732b1ad37d0/element/f.D01EC4AF0A1BFC1E8396569751E97BC9.d.6FAB658AFB5C813FC76D2F1E66A28DA6.e.3564/click - {}
RESULT: {}
RESULT: {}
COMMAND: GET /session/4ca0da1f05d229fab0c05732b1ad37d0/screenshot - {}
RESULT: {}
COMMAND: POST /session/4ca0da1f05d229fab0c05732b1ad37d0/execute/sync - {"script":"<script> [299 bytes]","args":[["getModel","getResource"]]}
RESULT: {"script":"<script> [299 bytes]","args":[["getModel","getResource"]]}
COMMAND: GET /session/4ca0da1f05d229fab0c05732b1ad37d0/screenshot - {}
]]></system-out>
    </testcase>
    <testcase classname="chrome.135_0_7049_96.windows.Create_master_data_for_mixed_billing_&amp;_do_billing_calculation_US151661" name="Should create a new site" time="82.681">
      <system-out><![CDATA[
COMMAND: POST /session/4ca0da1f05d229fab0c05732b1ad37d0/execute/async - {"script":"<script> [1562 bytes]","args":[{"selector":{"controlType":"sap.m.TileContent","bindingPath":{"path":"","propertyPath":"/properties/info"},"ancestor":{"controlType":"sap.m.GenericTile","properties":{"header":"Manage Sites"}}},"wdio_ui5_key":"sapm.TileContent{\"path\":\"\",\"propertyPath\":\"/properties/info\"}{\"controlType\":\"sap.m.GenericTile\",\"properties\":{\"header\":\"Manage Sites\"}}"}]}
RESULT: {}
RESULT: {"script":"<script> [1562 bytes]","args":[{"selector":{"controlType":"sap.m.TileContent","bindingPath":{"path":"","propertyPath":"/properties/info"},"ancestor":{"controlType":"sap.m.GenericTile","properties":{"header":"Manage Sites"}}},"wdio_ui5_key":"sapm.TileContent{\"path\":\"\",\"propertyPath\":\"/properties/info\"}{\"controlType\":\"sap.m.GenericTile\",\"properties\":{\"header\":\"Manage Sites\"}}"}]}
RESULT: undefined
COMMAND: POST /session/4ca0da1f05d229fab0c05732b1ad37d0/element - {"using":"xpath","value":"//*[@id=\"__xmlview7--numericTileContent\"]"}
RESULT: {"using":"xpath","value":"//*[@id=\"__xmlview7--numericTileContent\"]"}
COMMAND: POST /session/4ca0da1f05d229fab0c05732b1ad37d0/element/f.D01EC4AF0A1BFC1E8396569751E97BC9.d.6FAB658AFB5C813FC76D2F1E66A28DA6.e.4339/click - {}
RESULT: {}
COMMAND: POST /session/4ca0da1f05d229fab0c05732b1ad37d0/element - {"using":"xpath","value":"//button[@data-kt=\"addOverflowToolbarButton\"]"}
COMMAND: GET /session/4ca0da1f05d229fab0c05732b1ad37d0/screenshot - {}
RESULT: {"using":"xpath","value":"//button[@data-kt=\"addOverflowToolbarButton\"]"}
COMMAND: POST /session/4ca0da1f05d229fab0c05732b1ad37d0/elements - {"using":"xpath","value":"//button[@data-kt=\"addOverflowToolbarButton\"]"}
RESULT: {}
RESULT: {"using":"xpath","value":"//button[@data-kt=\"addOverflowToolbarButton\"]"}
COMMAND: POST /session/4ca0da1f05d229fab0c05732b1ad37d0/elements - {"using":"xpath","value":"//button[@data-kt=\"addOverflowToolbarButton\"]"}
RESULT: {"using":"xpath","value":"//button[@data-kt=\"addOverflowToolbarButton\"]"}
COMMAND: POST /session/4ca0da1f05d229fab0c05732b1ad37d0/element - {"using":"xpath","value":"//button[@data-kt=\"addOverflowToolbarButton\"]"}
RESULT: {"using":"xpath","value":"//button[@data-kt=\"addOverflowToolbarButton\"]"}
COMMAND: POST /session/4ca0da1f05d229fab0c05732b1ad37d0/execute/sync - {"script":"<script> [8489 bytes]","args":[{"element-6066-11e4-a52e-4f735466cecf":"f.D01EC4AF0A1BFC1E8396569751E97BC9.d.6FAB658AFB5C813FC76D2F1E66A28DA6.e.4385","ELEMENT":"f.D01EC4AF0A1BFC1E8396569751E97BC9.d.6FAB658AFB5C813FC76D2F1E66A28DA6.e.4385"}]}
RESULT: {"script":"<script> [8489 bytes]","args":[{"element-6066-11e4-a52e-4f735466cecf":"f.D01EC4AF0A1BFC1E8396569751E97BC9.d.6FAB658AFB5C813FC76D2F1E66A28DA6.e.4385","ELEMENT":"f.D01EC4AF0A1BFC1E8396569751E97BC9.d.6FAB658AFB5C813FC76D2F1E66A28DA6.e.4385"}]}
COMMAND: GET /session/4ca0da1f05d229fab0c05732b1ad37d0/element/f.D01EC4AF0A1BFC1E8396569751E97BC9.d.6FAB658AFB5C813FC76D2F1E66A28DA6.e.4385/enabled - {}
COMMAND: GET /session/4ca0da1f05d229fab0c05732b1ad37d0/screenshot - {}
RESULT: {}
COMMAND: POST /session/4ca0da1f05d229fab0c05732b1ad37d0/execute/sync - {"script":"<script> [8489 bytes]","args":[{"element-6066-11e4-a52e-4f735466cecf":"f.D01EC4AF0A1BFC1E8396569751E97BC9.d.6FAB658AFB5C813FC76D2F1E66A28DA6.e.4385","ELEMENT":"f.D01EC4AF0A1BFC1E8396569751E97BC9.d.6FAB658AFB5C813FC76D2F1E66A28DA6.e.4385"}]}
COMMAND: GET /session/4ca0da1f05d229fab0c05732b1ad37d0/screenshot - {}
RESULT: {}
RESULT: {"script":"<script> [8489 bytes]","args":[{"element-6066-11e4-a52e-4f735466cecf":"f.D01EC4AF0A1BFC1E8396569751E97BC9.d.6FAB658AFB5C813FC76D2F1E66A28DA6.e.4385","ELEMENT":"f.D01EC4AF0A1BFC1E8396569751E97BC9.d.6FAB658AFB5C813FC76D2F1E66A28DA6.e.4385"}]}
COMMAND: POST /session/4ca0da1f05d229fab0c05732b1ad37d0/execute/sync - {"script":"<script> [5351 bytes]","args":[{"element-6066-11e4-a52e-4f735466cecf":"f.D01EC4AF0A1BFC1E8396569751E97BC9.d.6FAB658AFB5C813FC76D2F1E66A28DA6.e.4385","ELEMENT":"f.D01EC4AF0A1BFC1E8396569751E97BC9.d.6FAB658AFB5C813FC76D2F1E66A28DA6.e.4385"}]}
COMMAND: GET /session/4ca0da1f05d229fab0c05732b1ad37d0/screenshot - {}
RESULT: {}
RESULT: {"script":"<script> [5351 bytes]","args":[{"element-6066-11e4-a52e-4f735466cecf":"f.D01EC4AF0A1BFC1E8396569751E97BC9.d.6FAB658AFB5C813FC76D2F1E66A28DA6.e.4385","ELEMENT":"f.D01EC4AF0A1BFC1E8396569751E97BC9.d.6FAB658AFB5C813FC76D2F1E66A28DA6.e.4385"}]}
COMMAND: POST /session/4ca0da1f05d229fab0c05732b1ad37d0/element/f.D01EC4AF0A1BFC1E8396569751E97BC9.d.6FAB658AFB5C813FC76D2F1E66A28DA6.e.4385/click - {}
COMMAND: GET /session/4ca0da1f05d229fab0c05732b1ad37d0/screenshot - {}
RESULT: {}
RESULT: {}
COMMAND: GET /session/4ca0da1f05d229fab0c05732b1ad37d0/screenshot - {}
RESULT: {}
COMMAND: POST /session/4ca0da1f05d229fab0c05732b1ad37d0/execute/async - {"script":"<script> [1562 bytes]","args":[{"selector":{"id":"application-managesites-display-component---NewSite--addressDetailDetailsName1","interaction":{"idSuffix":"inner"}},"wdio_ui5_key":"applicationmanagesites-display-component---NewSite--addressDetailDetailsName1"}]}
RESULT: {}
RESULT: {"script":"<script> [1562 bytes]","args":[{"selector":{"id":"application-managesites-display-component---NewSite--addressDetailDetailsName1","interaction":{"idSuffix":"inner"}},"wdio_ui5_key":"applicationmanagesites-display-component---NewSite--addressDetailDetailsName1"}]}
RESULT: undefined
COMMAND: POST /session/4ca0da1f05d229fab0c05732b1ad37d0/execute/async - {"script":"<script> [776 bytes]","args":[{"enterText":"Intercompany Site wdIO","selector":{"id":"application-managesites-display-component---NewSite--addressDetailDetailsName1","interaction":{"idSuffix":"inner"}},"clearTextFirst":true,"interactionType":"ENTER_TEXT"}]}
RESULT: {"script":"<script> [776 bytes]","args":[{"enterText":"Intercompany Site wdIO","selector":{"id":"application-managesites-display-component---NewSite--addressDetailDetailsName1","interaction":{"idSuffix":"inner"}},"clearTextFirst":true,"interactionType":"ENTER_TEXT"}]}
COMMAND: POST /session/4ca0da1f05d229fab0c05732b1ad37d0/execute/async - {"script":"<script> [1562 bytes]","args":[{"selector":{"id":"application-managesites-display-component---NewSite--addressDetailDetailsLanguage-arrow"},"wdio_ui5_key":"applicationmanagesites-display-component---NewSite--addressDetailDetailsLanguage-arrow"}]}
RESULT: {"script":"<script> [1562 bytes]","args":[{"selector":{"id":"application-managesites-display-component---NewSite--addressDetailDetailsLanguage-arrow"},"wdio_ui5_key":"applicationmanagesites-display-component---NewSite--addressDetailDetailsLanguage-arrow"}]}
RESULT: undefined
COMMAND: POST /session/4ca0da1f05d229fab0c05732b1ad37d0/element - {"using":"xpath","value":"//*[@id=\"application-managesites-display-component---NewSite--addressDetailDetailsLanguage-arrow\"]"}
RESULT: {"using":"xpath","value":"//*[@id=\"application-managesites-display-component---NewSite--addressDetailDetailsLanguage-arrow\"]"}
COMMAND: POST /session/4ca0da1f05d229fab0c05732b1ad37d0/element/f.D01EC4AF0A1BFC1E8396569751E97BC9.d.6FAB658AFB5C813FC76D2F1E66A28DA6.e.4846/click - {}
RESULT: {}
COMMAND: POST /session/4ca0da1f05d229fab0c05732b1ad37d0/element - {"using":"xpath","value":"//span[contains(text(), \"English\")]"}
COMMAND: GET /session/4ca0da1f05d229fab0c05732b1ad37d0/screenshot - {}
RESULT: {"using":"xpath","value":"//span[contains(text(), \"English\")]"}
COMMAND: POST /session/4ca0da1f05d229fab0c05732b1ad37d0/element/f.D01EC4AF0A1BFC1E8396569751E97BC9.d.6FAB658AFB5C813FC76D2F1E66A28DA6.e.4847/click - {}
RESULT: {}
RESULT: {}
COMMAND: POST /session/4ca0da1f05d229fab0c05732b1ad37d0/execute/async - {"script":"<script> [1562 bytes]","args":[{"selector":{"id":"application-managesites-display-component---NewSite--addressDetailDetailsCity1","interaction":{"idSuffix":"inner"}},"wdio_ui5_key":"applicationmanagesites-display-component---NewSite--addressDetailDetailsCity1"}]}
COMMAND: GET /session/4ca0da1f05d229fab0c05732b1ad37d0/screenshot - {}
RESULT: {"script":"<script> [1562 bytes]","args":[{"selector":{"id":"application-managesites-display-component---NewSite--addressDetailDetailsCity1","interaction":{"idSuffix":"inner"}},"wdio_ui5_key":"applicationmanagesites-display-component---NewSite--addressDetailDetailsCity1"}]}
RESULT: undefined
COMMAND: POST /session/4ca0da1f05d229fab0c05732b1ad37d0/execute/async - {"script":"<script> [776 bytes]","args":[{"enterText":"Rosario","selector":{"id":"application-managesites-display-component---NewSite--addressDetailDetailsCity1","interaction":{"idSuffix":"inner"}},"clearTextFirst":true,"interactionType":"ENTER_TEXT"}]}
RESULT: {}
RESULT: {"script":"<script> [776 bytes]","args":[{"enterText":"Rosario","selector":{"id":"application-managesites-display-component---NewSite--addressDetailDetailsCity1","interaction":{"idSuffix":"inner"}},"clearTextFirst":true,"interactionType":"ENTER_TEXT"}]}
COMMAND: POST /session/4ca0da1f05d229fab0c05732b1ad37d0/execute/async - {"script":"<script> [1562 bytes]","args":[{"selector":{"id":"application-managesites-display-component---NewSite--addressDetailDetailsCountry-arrow"},"wdio_ui5_key":"applicationmanagesites-display-component---NewSite--addressDetailDetailsCountry-arrow"}]}
RESULT: {"script":"<script> [1562 bytes]","args":[{"selector":{"id":"application-managesites-display-component---NewSite--addressDetailDetailsCountry-arrow"},"wdio_ui5_key":"applicationmanagesites-display-component---NewSite--addressDetailDetailsCountry-arrow"}]}
RESULT: undefined
COMMAND: POST /session/4ca0da1f05d229fab0c05732b1ad37d0/element - {"using":"xpath","value":"//*[@id=\"application-managesites-display-component---NewSite--addressDetailDetailsCountry-arrow\"]"}
RESULT: {"using":"xpath","value":"//*[@id=\"application-managesites-display-component---NewSite--addressDetailDetailsCountry-arrow\"]"}
COMMAND: POST /session/4ca0da1f05d229fab0c05732b1ad37d0/element/f.D01EC4AF0A1BFC1E8396569751E97BC9.d.6FAB658AFB5C813FC76D2F1E66A28DA6.e.4849/click - {}
RESULT: {}
COMMAND: POST /session/4ca0da1f05d229fab0c05732b1ad37d0/element - {"using":"xpath","value":"//span[contains(text(), \"Argentina\")]"}
COMMAND: GET /session/4ca0da1f05d229fab0c05732b1ad37d0/screenshot - {}
RESULT: {"using":"xpath","value":"//span[contains(text(), \"Argentina\")]"}
COMMAND: POST /session/4ca0da1f05d229fab0c05732b1ad37d0/element/f.D01EC4AF0A1BFC1E8396569751E97BC9.d.6FAB658AFB5C813FC76D2F1E66A28DA6.e.4850/click - {}
RESULT: {}
RESULT: {}
COMMAND: GET /session/4ca0da1f05d229fab0c05732b1ad37d0/screenshot - {}
RESULT: {}
COMMAND: POST /session/4ca0da1f05d229fab0c05732b1ad37d0/execute/async - {"script":"<script> [1562 bytes]","args":[{"selector":{"id":"application-managesites-display-component---NewSite--addressEditDetailsCostObjectCstType-arrow"},"wdio_ui5_key":"applicationmanagesites-display-component---NewSite--addressEditDetailsCostObjectCstType-arrow"}]}
RESULT: {"script":"<script> [1562 bytes]","args":[{"selector":{"id":"application-managesites-display-component---NewSite--addressEditDetailsCostObjectCstType-arrow"},"wdio_ui5_key":"applicationmanagesites-display-component---NewSite--addressEditDetailsCostObjectCstType-arrow"}]}
RESULT: undefined
COMMAND: POST /session/4ca0da1f05d229fab0c05732b1ad37d0/element - {"using":"xpath","value":"//*[@id=\"application-managesites-display-component---NewSite--addressEditDetailsCostObjectCstType-arrow\"]"}
RESULT: {"using":"xpath","value":"//*[@id=\"application-managesites-display-component---NewSite--addressEditDetailsCostObjectCstType-arrow\"]"}
COMMAND: POST /session/4ca0da1f05d229fab0c05732b1ad37d0/element/f.D01EC4AF0A1BFC1E8396569751E97BC9.d.6FAB658AFB5C813FC76D2F1E66A28DA6.e.4852/click - {}
RESULT: {}
COMMAND: POST /session/4ca0da1f05d229fab0c05732b1ad37d0/element - {"using":"xpath","value":"//span[contains(text(), \"Cost Center\")]"}
COMMAND: GET /session/4ca0da1f05d229fab0c05732b1ad37d0/screenshot - {}
RESULT: {"using":"xpath","value":"//span[contains(text(), \"Cost Center\")]"}
COMMAND: POST /session/4ca0da1f05d229fab0c05732b1ad37d0/element/f.D01EC4AF0A1BFC1E8396569751E97BC9.d.6FAB658AFB5C813FC76D2F1E66A28DA6.e.4854/click - {}
RESULT: {}
RESULT: {}
COMMAND: GET /session/4ca0da1f05d229fab0c05732b1ad37d0/screenshot - {}
RESULT: {}
COMMAND: POST /session/4ca0da1f05d229fab0c05732b1ad37d0/element - {"using":"xpath","value":"//span[@id=\"application-managesites-display-component---NewSite--addressNewCostObjectCstID-vhi\"]"}
RESULT: {"using":"xpath","value":"//span[@id=\"application-managesites-display-component---NewSite--addressNewCostObjectCstID-vhi\"]"}
COMMAND: POST /session/4ca0da1f05d229fab0c05732b1ad37d0/execute/sync - {"script":"<script> [8489 bytes]","args":[{"element-6066-11e4-a52e-4f735466cecf":"f.D01EC4AF0A1BFC1E8396569751E97BC9.d.6FAB658AFB5C813FC76D2F1E66A28DA6.e.4858","ELEMENT":"f.D01EC4AF0A1BFC1E8396569751E97BC9.d.6FAB658AFB5C813FC76D2F1E66A28DA6.e.4858"}]}
RESULT: {"script":"<script> [8489 bytes]","args":[{"element-6066-11e4-a52e-4f735466cecf":"f.D01EC4AF0A1BFC1E8396569751E97BC9.d.6FAB658AFB5C813FC76D2F1E66A28DA6.e.4858","ELEMENT":"f.D01EC4AF0A1BFC1E8396569751E97BC9.d.6FAB658AFB5C813FC76D2F1E66A28DA6.e.4858"}]}
COMMAND: POST /session/4ca0da1f05d229fab0c05732b1ad37d0/execute/async - {"script":"<script> [1562 bytes]","args":[{"selector":{"id":"application-managesites-display-component---NewSite--addressNewCostObjectCstID-vhi"},"wdio_ui5_key":"applicationmanagesites-display-component---NewSite--addressNewCostObjectCstID-vhi"}]}
COMMAND: GET /session/4ca0da1f05d229fab0c05732b1ad37d0/screenshot - {}
RESULT: {"script":"<script> [1562 bytes]","args":[{"selector":{"id":"application-managesites-display-component---NewSite--addressNewCostObjectCstID-vhi"},"wdio_ui5_key":"applicationmanagesites-display-component---NewSite--addressNewCostObjectCstID-vhi"}]}
RESULT: undefined
COMMAND: POST /session/4ca0da1f05d229fab0c05732b1ad37d0/element - {"using":"xpath","value":"//*[@id=\"application-managesites-display-component---NewSite--addressNewCostObjectCstID-vhi\"]"}
RESULT: {}
RESULT: {"using":"xpath","value":"//*[@id=\"application-managesites-display-component---NewSite--addressNewCostObjectCstID-vhi\"]"}
COMMAND: POST /session/4ca0da1f05d229fab0c05732b1ad37d0/element/f.D01EC4AF0A1BFC1E8396569751E97BC9.d.6FAB658AFB5C813FC76D2F1E66A28DA6.e.4858/click - {}
RESULT: {}
COMMAND: GET /session/4ca0da1f05d229fab0c05732b1ad37d0/screenshot - {}
RESULT: {}
RESULT: undefined
COMMAND: POST /session/4ca0da1f05d229fab0c05732b1ad37d0/execute/async - {"script":"<script> [776 bytes]","args":[{"enterText":"10001013","selector":{"controlType":"sap.m.SearchField","properties":{"placeholder":"Search"},"searchOpenDialogs":true,"interaction":{"idSuffix":"I"}},"clearTextFirst":true,"interactionType":"ENTER_TEXT"}]}
RESULT: {"script":"<script> [776 bytes]","args":[{"enterText":"10001013","selector":{"controlType":"sap.m.SearchField","properties":{"placeholder":"Search"},"searchOpenDialogs":true,"interaction":{"idSuffix":"I"}},"clearTextFirst":true,"interactionType":"ENTER_TEXT"}]}
COMMAND: POST /session/4ca0da1f05d229fab0c05732b1ad37d0/actions - {"actions":[{"id":"action14","type":"key","parameters":{},"actions":[{"type":"keyDown","value":"î€‡"},{"type":"pause","duration":10},{"type":"keyUp","value":"î€‡"}]}]}
RESULT: {"actions":[{"id":"action14","type":"key","parameters":{},"actions":[{"type":"keyDown","value":"î€‡"},{"type":"pause","duration":10},{"type":"keyUp","value":"î€‡"}]}]}
COMMAND: GET /session/4ca0da1f05d229fab0c05732b1ad37d0/screenshot - {}
RESULT: {}
COMMAND: POST /session/4ca0da1f05d229fab0c05732b1ad37d0/element - {"using":"xpath","value":"//span[contains(text(), \"General Management\")]"}
RESULT: {"using":"xpath","value":"//span[contains(text(), \"General Management\")]"}
COMMAND: POST /session/4ca0da1f05d229fab0c05732b1ad37d0/element/f.D01EC4AF0A1BFC1E8396569751E97BC9.d.6FAB658AFB5C813FC76D2F1E66A28DA6.e.4897/click - {}
RESULT: {}
COMMAND: GET /session/4ca0da1f05d229fab0c05732b1ad37d0/screenshot - {}
RESULT: {}
COMMAND: POST /session/4ca0da1f05d229fab0c05732b1ad37d0/element - {"using":"xpath","value":"//bdi[contains(text(), \"OK\")]"}
RESULT: {"using":"xpath","value":"//bdi[contains(text(), \"OK\")]"}
COMMAND: POST /session/4ca0da1f05d229fab0c05732b1ad37d0/element/f.D01EC4AF0A1BFC1E8396569751E97BC9.d.6FAB658AFB5C813FC76D2F1E66A28DA6.e.4898/click - {}
RESULT: {}
COMMAND: GET /session/4ca0da1f05d229fab0c05732b1ad37d0/screenshot - {}
RESULT: {}
COMMAND: POST /session/4ca0da1f05d229fab0c05732b1ad37d0/element - {"using":"xpath","value":"//input[@id=\"application-managesites-display-component---NewSite--addressDetailDetailsCalendar-inner\"]"}
RESULT: {"using":"xpath","value":"//input[@id=\"application-managesites-display-component---NewSite--addressDetailDetailsCalendar-inner\"]"}
COMMAND: POST /session/4ca0da1f05d229fab0c05732b1ad37d0/element/f.D01EC4AF0A1BFC1E8396569751E97BC9.d.6FAB658AFB5C813FC76D2F1E66A28DA6.e.4642/clear - {}
RESULT: {}
COMMAND: POST /session/4ca0da1f05d229fab0c05732b1ad37d0/element/f.D01EC4AF0A1BFC1E8396569751E97BC9.d.6FAB658AFB5C813FC76D2F1E66A28DA6.e.4642/value - {"text":"Unit"}
COMMAND: GET /session/4ca0da1f05d229fab0c05732b1ad37d0/screenshot - {}
RESULT: {"text":"Unit"}
COMMAND: GET /session/4ca0da1f05d229fab0c05732b1ad37d0/screenshot - {}
RESULT: {}
RESULT: {}
COMMAND: POST /session/4ca0da1f05d229fab0c05732b1ad37d0/actions - {"actions":[{"id":"action15","type":"key","parameters":{},"actions":[{"type":"keyDown","value":"î€‡"},{"type":"pause","duration":10},{"type":"keyUp","value":"î€‡"}]}]}
RESULT: {"actions":[{"id":"action15","type":"key","parameters":{},"actions":[{"type":"keyDown","value":"î€‡"},{"type":"pause","duration":10},{"type":"keyUp","value":"î€‡"}]}]}
COMMAND: POST /session/4ca0da1f05d229fab0c05732b1ad37d0/element - {"using":"xpath","value":"//input[@id=\"application-managesites-display-component---NewSite--addressDetailDetailsYard-inner\"]"}
COMMAND: GET /session/4ca0da1f05d229fab0c05732b1ad37d0/screenshot - {}
RESULT: {}
RESULT: {"using":"xpath","value":"//input[@id=\"application-managesites-display-component---NewSite--addressDetailDetailsYard-inner\"]"}
COMMAND: POST /session/4ca0da1f05d229fab0c05732b1ad37d0/element/f.D01EC4AF0A1BFC1E8396569751E97BC9.d.6FAB658AFB5C813FC76D2F1E66A28DA6.e.4643/clear - {}
RESULT: {}
COMMAND: POST /session/4ca0da1f05d229fab0c05732b1ad37d0/element/f.D01EC4AF0A1BFC1E8396569751E97BC9.d.6FAB658AFB5C813FC76D2F1E66A28DA6.e.4643/value - {"text":"414"}
COMMAND: GET /session/4ca0da1f05d229fab0c05732b1ad37d0/screenshot - {}
RESULT: {"text":"414"}
COMMAND: GET /session/4ca0da1f05d229fab0c05732b1ad37d0/screenshot - {}
RESULT: {}
RESULT: {}
COMMAND: POST /session/4ca0da1f05d229fab0c05732b1ad37d0/element - {"using":"xpath","value":"//li[.//span[text()='414']]"}
RESULT: {"using":"xpath","value":"//li[.//span[text()='414']]"}
COMMAND: POST /session/4ca0da1f05d229fab0c05732b1ad37d0/element/f.D01EC4AF0A1BFC1E8396569751E97BC9.d.6FAB658AFB5C813FC76D2F1E66A28DA6.e.4906/click - {}
RESULT: {}
COMMAND: GET /session/4ca0da1f05d229fab0c05732b1ad37d0/screenshot - {}
RESULT: {}
COMMAND: POST /session/4ca0da1f05d229fab0c05732b1ad37d0/element - {"using":"xpath","value":"//input[@id=\"application-managesites-display-component---NewSite--addressDetailDetailsPartner-inner\"]"}
RESULT: {"using":"xpath","value":"//input[@id=\"application-managesites-display-component---NewSite--addressDetailDetailsPartner-inner\"]"}
COMMAND: POST /session/4ca0da1f05d229fab0c05732b1ad37d0/element - {"using":"xpath","value":"//input[@id=\"application-managesites-display-component---NewSite--addressDetailDetailsPartner-inner\"]"}
RESULT: {"using":"xpath","value":"//input[@id=\"application-managesites-display-component---NewSite--addressDetailDetailsPartner-inner\"]"}
COMMAND: POST /session/4ca0da1f05d229fab0c05732b1ad37d0/element - {"using":"xpath","value":"//button[@data-kt=\"saveButton\"]"}
RESULT: {"using":"xpath","value":"//button[@data-kt=\"saveButton\"]"}
COMMAND: POST /session/4ca0da1f05d229fab0c05732b1ad37d0/element/f.D01EC4AF0A1BFC1E8396569751E97BC9.d.6FAB658AFB5C813FC76D2F1E66A28DA6.e.4831/click - {}
RESULT: {}
COMMAND: GET /session/4ca0da1f05d229fab0c05732b1ad37d0/screenshot - {}
RESULT: {}
COMMAND: POST /session/4ca0da1f05d229fab0c05732b1ad37d0/element - {"using":"xpath","value":"//header[contains(@id, 'ObjectPageLayout-headerTitle')]/div[1]/div[2]/div[2]/span[1]"}
RESULT: {"using":"xpath","value":"//header[contains(@id, 'ObjectPageLayout-headerTitle')]/div[1]/div[2]/div[2]/span[1]"}
COMMAND: POST /session/4ca0da1f05d229fab0c05732b1ad37d0/elements - {"using":"xpath","value":"//header[contains(@id, 'ObjectPageLayout-headerTitle')]/div[1]/div[2]/div[2]/span[1]"}
RESULT: {"using":"xpath","value":"//header[contains(@id, 'ObjectPageLayout-headerTitle')]/div[1]/div[2]/div[2]/span[1]"}
COMMAND: POST /session/4ca0da1f05d229fab0c05732b1ad37d0/execute/sync - {"script":"<script> [56 bytes]","args":[{"element-6066-11e4-a52e-4f735466cecf":"f.D01EC4AF0A1BFC1E8396569751E97BC9.d.6FAB658AFB5C813FC76D2F1E66A28DA6.e.5106","ELEMENT":"f.D01EC4AF0A1BFC1E8396569751E97BC9.d.6FAB658AFB5C813FC76D2F1E66A28DA6.e.5106"}]}
RESULT: {"script":"<script> [56 bytes]","args":[{"element-6066-11e4-a52e-4f735466cecf":"f.D01EC4AF0A1BFC1E8396569751E97BC9.d.6FAB658AFB5C813FC76D2F1E66A28DA6.e.5106","ELEMENT":"f.D01EC4AF0A1BFC1E8396569751E97BC9.d.6FAB658AFB5C813FC76D2F1E66A28DA6.e.5106"}]}
COMMAND: POST /session/4ca0da1f05d229fab0c05732b1ad37d0/element - {"using":"css selector","value":"#shell-header-logo"}
COMMAND: GET /session/4ca0da1f05d229fab0c05732b1ad37d0/screenshot - {}
RESULT: {"using":"css selector","value":"#shell-header-logo"}
COMMAND: POST /session/4ca0da1f05d229fab0c05732b1ad37d0/element/f.D01EC4AF0A1BFC1E8396569751E97BC9.d.6FAB658AFB5C813FC76D2F1E66A28DA6.e.4343/click - {}
RESULT: {}
RESULT: {}
COMMAND: GET /session/4ca0da1f05d229fab0c05732b1ad37d0/screenshot - {}
RESULT: {}
COMMAND: POST /session/4ca0da1f05d229fab0c05732b1ad37d0/execute/sync - {"script":"<script> [299 bytes]","args":[["getModel","getResource"]]}
RESULT: {"script":"<script> [299 bytes]","args":[["getModel","getResource"]]}
COMMAND: GET /session/4ca0da1f05d229fab0c05732b1ad37d0/screenshot - {}
]]></system-out>
    </testcase>
    <testcase classname="chrome.135_0_7049_96.windows.Create_master_data_for_mixed_billing_&amp;_do_billing_calculation_US151661" name="Should create a new equipment and add a counter to it" time="146.22">
      <system-out><![CDATA[
COMMAND: POST /session/4ca0da1f05d229fab0c05732b1ad37d0/execute/async - {"script":"<script> [1562 bytes]","args":[{"selector":{"controlType":"sap.m.GenericTile","properties":{"header":"Manage Resources"}},"wdio_ui5_key":"sapm.GenericTile{\"header\":\"Manage Resources\"}"}]}
RESULT: {}
RESULT: {"script":"<script> [1562 bytes]","args":[{"selector":{"controlType":"sap.m.GenericTile","properties":{"header":"Manage Resources"}},"wdio_ui5_key":"sapm.GenericTile{\"header\":\"Manage Resources\"}"}]}
RESULT: undefined
COMMAND: POST /session/4ca0da1f05d229fab0c05732b1ad37d0/element - {"using":"xpath","value":"//*[@id=\"__tile39\"]"}
RESULT: {"using":"xpath","value":"//*[@id=\"__tile39\"]"}
COMMAND: POST /session/4ca0da1f05d229fab0c05732b1ad37d0/element/f.D01EC4AF0A1BFC1E8396569751E97BC9.d.6FAB658AFB5C813FC76D2F1E66A28DA6.e.2715/click - {}
RESULT: {}
COMMAND: POST /session/4ca0da1f05d229fab0c05732b1ad37d0/element - {"using":"xpath","value":"//button[@data-kt=\"addNewRUOverflowToolbarButton\"]"}
COMMAND: GET /session/4ca0da1f05d229fab0c05732b1ad37d0/screenshot - {}
RESULT: {"using":"xpath","value":"//button[@data-kt=\"addNewRUOverflowToolbarButton\"]"}
COMMAND: POST /session/4ca0da1f05d229fab0c05732b1ad37d0/elements - {"using":"xpath","value":"//button[@data-kt=\"addNewRUOverflowToolbarButton\"]"}
RESULT: {}
RESULT: {"using":"xpath","value":"//button[@data-kt=\"addNewRUOverflowToolbarButton\"]"}
COMMAND: POST /session/4ca0da1f05d229fab0c05732b1ad37d0/elements - {"using":"xpath","value":"//button[@data-kt=\"addNewRUOverflowToolbarButton\"]"}
RESULT: {"using":"xpath","value":"//button[@data-kt=\"addNewRUOverflowToolbarButton\"]"}
COMMAND: POST /session/4ca0da1f05d229fab0c05732b1ad37d0/elements - {"using":"xpath","value":"//button[@data-kt=\"addNewRUOverflowToolbarButton\"]"}
RESULT: {"using":"xpath","value":"//button[@data-kt=\"addNewRUOverflowToolbarButton\"]"}
COMMAND: POST /session/4ca0da1f05d229fab0c05732b1ad37d0/elements - {"using":"xpath","value":"//button[@data-kt=\"addNewRUOverflowToolbarButton\"]"}
RESULT: {"using":"xpath","value":"//button[@data-kt=\"addNewRUOverflowToolbarButton\"]"}
COMMAND: POST /session/4ca0da1f05d229fab0c05732b1ad37d0/element - {"using":"xpath","value":"//button[@data-kt=\"addNewRUOverflowToolbarButton\"]"}
RESULT: {"using":"xpath","value":"//button[@data-kt=\"addNewRUOverflowToolbarButton\"]"}
COMMAND: POST /session/4ca0da1f05d229fab0c05732b1ad37d0/execute/sync - {"script":"<script> [8489 bytes]","args":[{"element-6066-11e4-a52e-4f735466cecf":"f.D01EC4AF0A1BFC1E8396569751E97BC9.d.6FAB658AFB5C813FC76D2F1E66A28DA6.e.5137","ELEMENT":"f.D01EC4AF0A1BFC1E8396569751E97BC9.d.6FAB658AFB5C813FC76D2F1E66A28DA6.e.5137"}]}
RESULT: {"script":"<script> [8489 bytes]","args":[{"element-6066-11e4-a52e-4f735466cecf":"f.D01EC4AF0A1BFC1E8396569751E97BC9.d.6FAB658AFB5C813FC76D2F1E66A28DA6.e.5137","ELEMENT":"f.D01EC4AF0A1BFC1E8396569751E97BC9.d.6FAB658AFB5C813FC76D2F1E66A28DA6.e.5137"}]}
COMMAND: GET /session/4ca0da1f05d229fab0c05732b1ad37d0/element/f.D01EC4AF0A1BFC1E8396569751E97BC9.d.6FAB658AFB5C813FC76D2F1E66A28DA6.e.5137/enabled - {}
COMMAND: GET /session/4ca0da1f05d229fab0c05732b1ad37d0/screenshot - {}
RESULT: {}
COMMAND: POST /session/4ca0da1f05d229fab0c05732b1ad37d0/execute/sync - {"script":"<script> [8489 bytes]","args":[{"element-6066-11e4-a52e-4f735466cecf":"f.D01EC4AF0A1BFC1E8396569751E97BC9.d.6FAB658AFB5C813FC76D2F1E66A28DA6.e.5137","ELEMENT":"f.D01EC4AF0A1BFC1E8396569751E97BC9.d.6FAB658AFB5C813FC76D2F1E66A28DA6.e.5137"}]}
COMMAND: GET /session/4ca0da1f05d229fab0c05732b1ad37d0/screenshot - {}
RESULT: {}
RESULT: {"script":"<script> [8489 bytes]","args":[{"element-6066-11e4-a52e-4f735466cecf":"f.D01EC4AF0A1BFC1E8396569751E97BC9.d.6FAB658AFB5C813FC76D2F1E66A28DA6.e.5137","ELEMENT":"f.D01EC4AF0A1BFC1E8396569751E97BC9.d.6FAB658AFB5C813FC76D2F1E66A28DA6.e.5137"}]}
COMMAND: POST /session/4ca0da1f05d229fab0c05732b1ad37d0/execute/sync - {"script":"<script> [5351 bytes]","args":[{"element-6066-11e4-a52e-4f735466cecf":"f.D01EC4AF0A1BFC1E8396569751E97BC9.d.6FAB658AFB5C813FC76D2F1E66A28DA6.e.5137","ELEMENT":"f.D01EC4AF0A1BFC1E8396569751E97BC9.d.6FAB658AFB5C813FC76D2F1E66A28DA6.e.5137"}]}
COMMAND: GET /session/4ca0da1f05d229fab0c05732b1ad37d0/screenshot - {}
RESULT: {}
RESULT: {"script":"<script> [5351 bytes]","args":[{"element-6066-11e4-a52e-4f735466cecf":"f.D01EC4AF0A1BFC1E8396569751E97BC9.d.6FAB658AFB5C813FC76D2F1E66A28DA6.e.5137","ELEMENT":"f.D01EC4AF0A1BFC1E8396569751E97BC9.d.6FAB658AFB5C813FC76D2F1E66A28DA6.e.5137"}]}
COMMAND: POST /session/4ca0da1f05d229fab0c05732b1ad37d0/element/f.D01EC4AF0A1BFC1E8396569751E97BC9.d.6FAB658AFB5C813FC76D2F1E66A28DA6.e.5137/click - {}
COMMAND: GET /session/4ca0da1f05d229fab0c05732b1ad37d0/screenshot - {}
RESULT: {}
RESULT: {}
COMMAND: GET /session/4ca0da1f05d229fab0c05732b1ad37d0/screenshot - {}
COMMAND: POST /session/4ca0da1f05d229fab0c05732b1ad37d0/execute/async - {"script":"<script> [1562 bytes]","args":[{"selector":{"id":"application-manageresources-display-component---newResourceUnit--TYPE-arrow"},"wdio_ui5_key":"applicationmanageresources-display-component---newResourceUnit--TYPE-arrow"}]}
RESULT: {}
RESULT: {}
RESULT: {"script":"<script> [1562 bytes]","args":[{"selector":{"id":"application-manageresources-display-component---newResourceUnit--TYPE-arrow"},"wdio_ui5_key":"applicationmanageresources-display-component---newResourceUnit--TYPE-arrow"}]}
RESULT: undefined
COMMAND: POST /session/4ca0da1f05d229fab0c05732b1ad37d0/element - {"using":"xpath","value":"//*[@id=\"application-manageresources-display-component---newResourceUnit--TYPE-arrow\"]"}
RESULT: {"using":"xpath","value":"//*[@id=\"application-manageresources-display-component---newResourceUnit--TYPE-arrow\"]"}
COMMAND: POST /session/4ca0da1f05d229fab0c05732b1ad37d0/element/f.D01EC4AF0A1BFC1E8396569751E97BC9.d.6FAB658AFB5C813FC76D2F1E66A28DA6.e.5502/click - {}
RESULT: {}
COMMAND: POST /session/4ca0da1f05d229fab0c05732b1ad37d0/element - {"using":"xpath","value":"//input[@id=\"application-manageresources-display-component---newResourceUnit--TYPE-inner\"]"}
COMMAND: GET /session/4ca0da1f05d229fab0c05732b1ad37d0/screenshot - {}
RESULT: {"using":"xpath","value":"//input[@id=\"application-manageresources-display-component---newResourceUnit--TYPE-inner\"]"}
COMMAND: POST /session/4ca0da1f05d229fab0c05732b1ad37d0/element/f.D01EC4AF0A1BFC1E8396569751E97BC9.d.6FAB658AFB5C813FC76D2F1E66A28DA6.e.5489/clear - {}
RESULT: {}
RESULT: {}
COMMAND: POST /session/4ca0da1f05d229fab0c05732b1ad37d0/element/f.D01EC4AF0A1BFC1E8396569751E97BC9.d.6FAB658AFB5C813FC76D2F1E66A28DA6.e.5489/value - {"text":"Equipment"}
COMMAND: GET /session/4ca0da1f05d229fab0c05732b1ad37d0/screenshot - {}
RESULT: {"text":"Equipment"}
COMMAND: GET /session/4ca0da1f05d229fab0c05732b1ad37d0/screenshot - {}
RESULT: {}
RESULT: {}
COMMAND: POST /session/4ca0da1f05d229fab0c05732b1ad37d0/actions - {"actions":[{"id":"action16","type":"key","parameters":{},"actions":[{"type":"keyDown","value":"î€‡"},{"type":"pause","duration":10},{"type":"keyUp","value":"î€‡"}]}]}
RESULT: {"actions":[{"id":"action16","type":"key","parameters":{},"actions":[{"type":"keyDown","value":"î€‡"},{"type":"pause","duration":10},{"type":"keyUp","value":"î€‡"}]}]}
COMMAND: POST /session/4ca0da1f05d229fab0c05732b1ad37d0/execute/async - {"script":"<script> [1562 bytes]","args":[{"selector":{"id":"application-manageresources-display-component---newResourceUnit--resourceId","interaction":{"idSuffix":"inner"}},"wdio_ui5_key":"applicationmanageresources-display-component---newResourceUnit--resourceId"}]}
COMMAND: GET /session/4ca0da1f05d229fab0c05732b1ad37d0/screenshot - {}
RESULT: {"script":"<script> [1562 bytes]","args":[{"selector":{"id":"application-manageresources-display-component---newResourceUnit--resourceId","interaction":{"idSuffix":"inner"}},"wdio_ui5_key":"applicationmanageresources-display-component---newResourceUnit--resourceId"}]}
RESULT: undefined
COMMAND: POST /session/4ca0da1f05d229fab0c05732b1ad37d0/execute/async - {"script":"<script> [776 bytes]","args":[{"enterText":"GghteDC2jy","selector":{"id":"application-manageresources-display-component---newResourceUnit--resourceId","interaction":{"idSuffix":"inner"}},"clearTextFirst":true,"interactionType":"ENTER_TEXT"}]}
RESULT: {}
RESULT: {"script":"<script> [776 bytes]","args":[{"enterText":"GghteDC2jy","selector":{"id":"application-manageresources-display-component---newResourceUnit--resourceId","interaction":{"idSuffix":"inner"}},"clearTextFirst":true,"interactionType":"ENTER_TEXT"}]}
COMMAND: POST /session/4ca0da1f05d229fab0c05732b1ad37d0/execute/async - {"script":"<script> [1562 bytes]","args":[{"selector":{"id":"application-manageresources-display-component---newResourceUnit--SHORT_TEXT","interaction":{"idSuffix":"inner"}},"wdio_ui5_key":"applicationmanageresources-display-component---newResourceUnit--SHORT_TEXT"}]}
RESULT: {"script":"<script> [1562 bytes]","args":[{"selector":{"id":"application-manageresources-display-component---newResourceUnit--SHORT_TEXT","interaction":{"idSuffix":"inner"}},"wdio_ui5_key":"applicationmanageresources-display-component---newResourceUnit--SHORT_TEXT"}]}
RESULT: undefined
COMMAND: POST /session/4ca0da1f05d229fab0c05732b1ad37d0/execute/async - {"script":"<script> [776 bytes]","args":[{"enterText":"Intercompany Equipment WDIO","selector":{"id":"application-manageresources-display-component---newResourceUnit--SHORT_TEXT","interaction":{"idSuffix":"inner"}},"clearTextFirst":true,"interactionType":"ENTER_TEXT"}]}
RESULT: {"script":"<script> [776 bytes]","args":[{"enterText":"Intercompany Equipment WDIO","selector":{"id":"application-manageresources-display-component---newResourceUnit--SHORT_TEXT","interaction":{"idSuffix":"inner"}},"clearTextFirst":true,"interactionType":"ENTER_TEXT"}]}
COMMAND: POST /session/4ca0da1f05d229fab0c05732b1ad37d0/execute/async - {"script":"<script> [1562 bytes]","args":[{"selector":{"id":"application-manageresources-display-component---newResourceUnit--BASE_UNIT_OF_MEASURE","interaction":{"idSuffix":"inner"}},"wdio_ui5_key":"applicationmanageresources-display-component---newResourceUnit--BASE_UNIT_OF_MEASURE"}]}
RESULT: {"script":"<script> [1562 bytes]","args":[{"selector":{"id":"application-manageresources-display-component---newResourceUnit--BASE_UNIT_OF_MEASURE","interaction":{"idSuffix":"inner"}},"wdio_ui5_key":"applicationmanageresources-display-component---newResourceUnit--BASE_UNIT_OF_MEASURE"}]}
RESULT: undefined
COMMAND: POST /session/4ca0da1f05d229fab0c05732b1ad37d0/execute/async - {"script":"<script> [776 bytes]","args":[{"enterText":"Piece","selector":{"id":"application-manageresources-display-component---newResourceUnit--BASE_UNIT_OF_MEASURE","interaction":{"idSuffix":"inner"}},"clearTextFirst":true,"interactionType":"ENTER_TEXT"}]}
RESULT: {"script":"<script> [776 bytes]","args":[{"enterText":"Piece","selector":{"id":"application-manageresources-display-component---newResourceUnit--BASE_UNIT_OF_MEASURE","interaction":{"idSuffix":"inner"}},"clearTextFirst":true,"interactionType":"ENTER_TEXT"}]}
COMMAND: POST /session/4ca0da1f05d229fab0c05732b1ad37d0/execute/async - {"script":"<script> [1562 bytes]","args":[{"selector":{"id":"application-manageresources-display-component---newResourceUnit--WEIGHT_UNIT","interaction":{"idSuffix":"inner"}},"wdio_ui5_key":"applicationmanageresources-display-component---newResourceUnit--WEIGHT_UNIT"}]}
RESULT: {"script":"<script> [1562 bytes]","args":[{"selector":{"id":"application-manageresources-display-component---newResourceUnit--WEIGHT_UNIT","interaction":{"idSuffix":"inner"}},"wdio_ui5_key":"applicationmanageresources-display-component---newResourceUnit--WEIGHT_UNIT"}]}
RESULT: undefined
COMMAND: POST /session/4ca0da1f05d229fab0c05732b1ad37d0/execute/async - {"script":"<script> [776 bytes]","args":[{"enterText":"Gram","selector":{"id":"application-manageresources-display-component---newResourceUnit--WEIGHT_UNIT","interaction":{"idSuffix":"inner"}},"clearTextFirst":true,"interactionType":"ENTER_TEXT"}]}
RESULT: {"script":"<script> [776 bytes]","args":[{"enterText":"Gram","selector":{"id":"application-manageresources-display-component---newResourceUnit--WEIGHT_UNIT","interaction":{"idSuffix":"inner"}},"clearTextFirst":true,"interactionType":"ENTER_TEXT"}]}
COMMAND: POST /session/4ca0da1f05d229fab0c05732b1ad37d0/execute/async - {"script":"<script> [1562 bytes]","args":[{"selector":{"id":"application-manageresources-display-component---newResourceUnit--DIMENSION_UNIT","interaction":{"idSuffix":"inner"}},"wdio_ui5_key":"applicationmanageresources-display-component---newResourceUnit--DIMENSION_UNIT"}]}
RESULT: {"script":"<script> [1562 bytes]","args":[{"selector":{"id":"application-manageresources-display-component---newResourceUnit--DIMENSION_UNIT","interaction":{"idSuffix":"inner"}},"wdio_ui5_key":"applicationmanageresources-display-component---newResourceUnit--DIMENSION_UNIT"}]}
RESULT: undefined
COMMAND: POST /session/4ca0da1f05d229fab0c05732b1ad37d0/execute/async - {"script":"<script> [776 bytes]","args":[{"enterText":"Meter","selector":{"id":"application-manageresources-display-component---newResourceUnit--DIMENSION_UNIT","interaction":{"idSuffix":"inner"}},"clearTextFirst":true,"interactionType":"ENTER_TEXT"}]}
RESULT: {"script":"<script> [776 bytes]","args":[{"enterText":"Meter","selector":{"id":"application-manageresources-display-component---newResourceUnit--DIMENSION_UNIT","interaction":{"idSuffix":"inner"}},"clearTextFirst":true,"interactionType":"ENTER_TEXT"}]}
COMMAND: POST /session/4ca0da1f05d229fab0c05732b1ad37d0/execute/async - {"script":"<script> [1562 bytes]","args":[{"selector":{"id":"application-manageresources-display-component---newResourceUnit--newRRUPage-anchBar-application-manageresources-display-component---newResourceUnit--control-anchor","interaction":{"idSuffix":"BDI-content"}},"wdio_ui5_key":"applicationmanageresources-display-component---newResourceUnit--newRRUPage-anchBar-application-manageresources-display-component---newResourceUnit--control-anchor"}]}
RESULT: {"script":"<script> [1562 bytes]","args":[{"selector":{"id":"application-manageresources-display-component---newResourceUnit--newRRUPage-anchBar-application-manageresources-display-component---newResourceUnit--control-anchor","interaction":{"idSuffix":"BDI-content"}},"wdio_ui5_key":"applicationmanageresources-display-component---newResourceUnit--newRRUPage-anchBar-application-manageresources-display-component---newResourceUnit--control-anchor"}]}
RESULT: undefined
COMMAND: POST /session/4ca0da1f05d229fab0c05732b1ad37d0/element - {"using":"xpath","value":"//*[@id=\"application-manageresources-display-component---newResourceUnit--newRRUPage-anchBar-application-manageresources-display-component---newResourceUnit--control-anchor\"]"}
RESULT: {"using":"xpath","value":"//*[@id=\"application-manageresources-display-component---newResourceUnit--newRRUPage-anchBar-application-manageresources-display-component---newResourceUnit--control-anchor\"]"}
COMMAND: POST /session/4ca0da1f05d229fab0c05732b1ad37d0/element/f.D01EC4AF0A1BFC1E8396569751E97BC9.d.6FAB658AFB5C813FC76D2F1E66A28DA6.e.5634/click - {}
RESULT: {}
COMMAND: POST /session/4ca0da1f05d229fab0c05732b1ad37d0/execute/async - {"script":"<script> [1562 bytes]","args":[{"selector":{"id":"application-manageresources-display-component---newResourceUnit--PLANNING_GROUP","interaction":{"idSuffix":"inner"}},"wdio_ui5_key":"applicationmanageresources-display-component---newResourceUnit--PLANNING_GROUP"}]}
COMMAND: GET /session/4ca0da1f05d229fab0c05732b1ad37d0/screenshot - {}
RESULT: {"script":"<script> [1562 bytes]","args":[{"selector":{"id":"application-manageresources-display-component---newResourceUnit--PLANNING_GROUP","interaction":{"idSuffix":"inner"}},"wdio_ui5_key":"applicationmanageresources-display-component---newResourceUnit--PLANNING_GROUP"}]}
RESULT: undefined
COMMAND: POST /session/4ca0da1f05d229fab0c05732b1ad37d0/execute/async - {"script":"<script> [776 bytes]","args":[{"enterText":"Heavy Equi","selector":{"id":"application-manageresources-display-component---newResourceUnit--PLANNING_GROUP","interaction":{"idSuffix":"inner"}},"clearTextFirst":true,"interactionType":"ENTER_TEXT"}]}
RESULT: {}
RESULT: {"script":"<script> [776 bytes]","args":[{"enterText":"Heavy Equi","selector":{"id":"application-manageresources-display-component---newResourceUnit--PLANNING_GROUP","interaction":{"idSuffix":"inner"}},"clearTextFirst":true,"interactionType":"ENTER_TEXT"}]}
COMMAND: POST /session/4ca0da1f05d229fab0c05732b1ad37d0/execute/async - {"script":"<script> [1562 bytes]","args":[{"selector":{"id":"application-manageresources-display-component---newResourceUnit--ITEM_TYPE-arrow"},"wdio_ui5_key":"applicationmanageresources-display-component---newResourceUnit--ITEM_TYPE-arrow"}]}
RESULT: {"script":"<script> [1562 bytes]","args":[{"selector":{"id":"application-manageresources-display-component---newResourceUnit--ITEM_TYPE-arrow"},"wdio_ui5_key":"applicationmanageresources-display-component---newResourceUnit--ITEM_TYPE-arrow"}]}
RESULT: undefined
COMMAND: POST /session/4ca0da1f05d229fab0c05732b1ad37d0/element - {"using":"xpath","value":"//*[@id=\"application-manageresources-display-component---newResourceUnit--ITEM_TYPE-arrow\"]"}
RESULT: {"using":"xpath","value":"//*[@id=\"application-manageresources-display-component---newResourceUnit--ITEM_TYPE-arrow\"]"}
COMMAND: POST /session/4ca0da1f05d229fab0c05732b1ad37d0/element/f.D01EC4AF0A1BFC1E8396569751E97BC9.d.6FAB658AFB5C813FC76D2F1E66A28DA6.e.5641/click - {}
RESULT: {}
COMMAND: POST /session/4ca0da1f05d229fab0c05732b1ad37d0/element - {"using":"xpath","value":"(//span[contains(text(), \"Resource Unit\")])[2]"}
COMMAND: GET /session/4ca0da1f05d229fab0c05732b1ad37d0/screenshot - {}
RESULT: {"using":"xpath","value":"(//span[contains(text(), \"Resource Unit\")])[2]"}
COMMAND: POST /session/4ca0da1f05d229fab0c05732b1ad37d0/element/f.D01EC4AF0A1BFC1E8396569751E97BC9.d.6FAB658AFB5C813FC76D2F1E66A28DA6.e.5642/click - {}
RESULT: {}
RESULT: {}
COMMAND: GET /session/4ca0da1f05d229fab0c05732b1ad37d0/screenshot - {}
RESULT: {}
COMMAND: POST /session/4ca0da1f05d229fab0c05732b1ad37d0/element - {"using":"css selector","value":"#application-manageresources-display-component---newResourceUnit--btnAddTimeSegment"}
RESULT: {"using":"css selector","value":"#application-manageresources-display-component---newResourceUnit--btnAddTimeSegment"}
COMMAND: GET /session/4ca0da1f05d229fab0c05732b1ad37d0/element/f.D01EC4AF0A1BFC1E8396569751E97BC9.d.6FAB658AFB5C813FC76D2F1E66A28DA6.e.5643/rect - {}
RESULT: {}
COMMAND: GET /session/4ca0da1f05d229fab0c05732b1ad37d0/window/rect - {}
RESULT: {}
COMMAND: POST /session/4ca0da1f05d229fab0c05732b1ad37d0/execute/sync - {"script":"<script> [92 bytes]","args":[]}
RESULT: {"script":"<script> [92 bytes]","args":[]}
COMMAND: POST /session/4ca0da1f05d229fab0c05732b1ad37d0/actions - {"actions":[{"id":"action17","type":"wheel","parameters":{},"actions":[{"type":"scroll","x":-1888,"y":-32,"deltaX":0,"deltaY":0,"duration":0,"origin":{"element-6066-11e4-a52e-4f735466cecf":"f.D01EC4AF0A1BFC1E8396569751E97BC9.d.6FAB658AFB5C813FC76D2F1E66A28DA6.e.5643"}}]}]}
COMMAND: GET /session/4ca0da1f05d229fab0c05732b1ad37d0/screenshot - {}
RESULT: {}
COMMAND: POST /session/4ca0da1f05d229fab0c05732b1ad37d0/execute/sync - {"script":"<script> [79 bytes]","args":[{"element-6066-11e4-a52e-4f735466cecf":"f.D01EC4AF0A1BFC1E8396569751E97BC9.d.6FAB658AFB5C813FC76D2F1E66A28DA6.e.5643","ELEMENT":"f.D01EC4AF0A1BFC1E8396569751E97BC9.d.6FAB658AFB5C813FC76D2F1E66A28DA6.e.5643"},{"block":"start","inline":"nearest"}]}
RESULT: {"script":"<script> [79 bytes]","args":[{"element-6066-11e4-a52e-4f735466cecf":"f.D01EC4AF0A1BFC1E8396569751E97BC9.d.6FAB658AFB5C813FC76D2F1E66A28DA6.e.5643","ELEMENT":"f.D01EC4AF0A1BFC1E8396569751E97BC9.d.6FAB658AFB5C813FC76D2F1E66A28DA6.e.5643"},{"block":"start","inline":"nearest"}]}
COMMAND: POST /session/4ca0da1f05d229fab0c05732b1ad37d0/execute/async - {"script":"<script> [1562 bytes]","args":[{"selector":{"id":"application-manageresources-display-component---newResourceUnit--btnAddTimeSegment","interaction":{"idSuffix":"inner"}},"wdio_ui5_key":"applicationmanageresources-display-component---newResourceUnit--btnAddTimeSegment"}]}
COMMAND: GET /session/4ca0da1f05d229fab0c05732b1ad37d0/screenshot - {}
RESULT: {"script":"<script> [1562 bytes]","args":[{"selector":{"id":"application-manageresources-display-component---newResourceUnit--btnAddTimeSegment","interaction":{"idSuffix":"inner"}},"wdio_ui5_key":"applicationmanageresources-display-component---newResourceUnit--btnAddTimeSegment"}]}
RESULT: undefined
COMMAND: POST /session/4ca0da1f05d229fab0c05732b1ad37d0/element - {"using":"xpath","value":"//*[@id=\"application-manageresources-display-component---newResourceUnit--btnAddTimeSegment\"]"}
RESULT: {}
RESULT: {"using":"xpath","value":"//*[@id=\"application-manageresources-display-component---newResourceUnit--btnAddTimeSegment\"]"}
COMMAND: POST /session/4ca0da1f05d229fab0c05732b1ad37d0/element/f.D01EC4AF0A1BFC1E8396569751E97BC9.d.6FAB658AFB5C813FC76D2F1E66A28DA6.e.5643/click - {}
RESULT: {}
COMMAND: GET /session/4ca0da1f05d229fab0c05732b1ad37d0/screenshot - {}
RESULT: {}
COMMAND: POST /session/4ca0da1f05d229fab0c05732b1ad37d0/element - {"using":"xpath","value":"//input[@id=\"application-manageresources-display-component---newResourceUnit--idRuTSAdmin-application-manageresources-display-component---newResourceUnit--RUTimeSegment-0-inner\"]"}
RESULT: {"using":"xpath","value":"//input[@id=\"application-manageresources-display-component---newResourceUnit--idRuTSAdmin-application-manageresources-display-component---newResourceUnit--RUTimeSegment-0-inner\"]"}
COMMAND: POST /session/4ca0da1f05d229fab0c05732b1ad37d0/element/f.D01EC4AF0A1BFC1E8396569751E97BC9.d.6FAB658AFB5C813FC76D2F1E66A28DA6.e.5649/clear - {}
RESULT: {}
COMMAND: POST /session/4ca0da1f05d229fab0c05732b1ad37d0/element/f.D01EC4AF0A1BFC1E8396569751E97BC9.d.6FAB658AFB5C813FC76D2F1E66A28DA6.e.5649/value - {"text":"414"}
COMMAND: GET /session/4ca0da1f05d229fab0c05732b1ad37d0/screenshot - {}
RESULT: {"text":"414"}
COMMAND: GET /session/4ca0da1f05d229fab0c05732b1ad37d0/screenshot - {}
RESULT: {}
RESULT: {}
COMMAND: POST /session/4ca0da1f05d229fab0c05732b1ad37d0/element - {"using":"xpath","value":"//li[.//span[text()='414']]"}
RESULT: {"using":"xpath","value":"//li[.//span[text()='414']]"}
COMMAND: POST /session/4ca0da1f05d229fab0c05732b1ad37d0/element/f.D01EC4AF0A1BFC1E8396569751E97BC9.d.6FAB658AFB5C813FC76D2F1E66A28DA6.e.5661/click - {}
RESULT: {}
COMMAND: GET /session/4ca0da1f05d229fab0c05732b1ad37d0/screenshot - {}
RESULT: {}
COMMAND: POST /session/4ca0da1f05d229fab0c05732b1ad37d0/element - {"using":"xpath","value":"(//span[contains(@id, \"-application-manageresources-display-component---newResourceUnit--RUTimeSegment-0-arrow\")])[6]"}
RESULT: {"using":"xpath","value":"(//span[contains(@id, \"-application-manageresources-display-component---newResourceUnit--RUTimeSegment-0-arrow\")])[6]"}
COMMAND: POST /session/4ca0da1f05d229fab0c05732b1ad37d0/element/f.D01EC4AF0A1BFC1E8396569751E97BC9.d.6FAB658AFB5C813FC76D2F1E66A28DA6.e.5662/click - {}
RESULT: {}
COMMAND: POST /session/4ca0da1f05d229fab0c05732b1ad37d0/element - {"using":"xpath","value":"//span[contains(text(), \"PM Order\")]"}
COMMAND: GET /session/4ca0da1f05d229fab0c05732b1ad37d0/screenshot - {}
RESULT: {"using":"xpath","value":"//span[contains(text(), \"PM Order\")]"}
COMMAND: POST /session/4ca0da1f05d229fab0c05732b1ad37d0/element/f.D01EC4AF0A1BFC1E8396569751E97BC9.d.6FAB658AFB5C813FC76D2F1E66A28DA6.e.5665/click - {}
RESULT: {}
RESULT: {}
COMMAND: GET /session/4ca0da1f05d229fab0c05732b1ad37d0/screenshot - {}
RESULT: {}
COMMAND: POST /session/4ca0da1f05d229fab0c05732b1ad37d0/element - {"using":"xpath","value":"(//span[contains(@id ,\"manageresources-display-component---newResourceUnit--RUTimeSegment-0-vhi\")])[1]"}
RESULT: {"using":"xpath","value":"(//span[contains(@id ,\"manageresources-display-component---newResourceUnit--RUTimeSegment-0-vhi\")])[1]"}
COMMAND: GET /session/4ca0da1f05d229fab0c05732b1ad37d0/element/f.D01EC4AF0A1BFC1E8396569751E97BC9.d.6FAB658AFB5C813FC76D2F1E66A28DA6.e.5669/rect - {}
RESULT: {}
COMMAND: GET /session/4ca0da1f05d229fab0c05732b1ad37d0/window/rect - {}
RESULT: {}
COMMAND: POST /session/4ca0da1f05d229fab0c05732b1ad37d0/execute/sync - {"script":"<script> [92 bytes]","args":[]}
RESULT: {"script":"<script> [92 bytes]","args":[]}
COMMAND: POST /session/4ca0da1f05d229fab0c05732b1ad37d0/actions - {"actions":[{"id":"action18","type":"wheel","parameters":{},"actions":[{"type":"scroll","x":-869,"y":-24,"deltaX":0,"deltaY":0,"duration":0,"origin":{"element-6066-11e4-a52e-4f735466cecf":"f.D01EC4AF0A1BFC1E8396569751E97BC9.d.6FAB658AFB5C813FC76D2F1E66A28DA6.e.5669"}}]}]}
COMMAND: GET /session/4ca0da1f05d229fab0c05732b1ad37d0/screenshot - {}
RESULT: {"actions":[{"id":"action18","type":"wheel","parameters":{},"actions":[{"type":"scroll","x":-869,"y":-24,"deltaX":0,"deltaY":0,"duration":0,"origin":{"element-6066-11e4-a52e-4f735466cecf":"f.D01EC4AF0A1BFC1E8396569751E97BC9.d.6FAB658AFB5C813FC76D2F1E66A28DA6.e.5669"}}]}]}
COMMAND: DELETE /session/4ca0da1f05d229fab0c05732b1ad37d0/actions - {}
COMMAND: GET /session/4ca0da1f05d229fab0c05732b1ad37d0/screenshot - {}
RESULT: {}
RESULT: {}
COMMAND: GET /session/4ca0da1f05d229fab0c05732b1ad37d0/screenshot - {}
RESULT: {}
RESULT: {}
COMMAND: POST /session/4ca0da1f05d229fab0c05732b1ad37d0/element/f.D01EC4AF0A1BFC1E8396569751E97BC9.d.6FAB658AFB5C813FC76D2F1E66A28DA6.e.5669/click - {}
RESULT: {}
COMMAND: GET /session/4ca0da1f05d229fab0c05732b1ad37d0/screenshot - {}
RESULT: {}
RESULT: undefined
COMMAND: POST /session/4ca0da1f05d229fab0c05732b1ad37d0/execute/async - {"script":"<script> [776 bytes]","args":[{"enterText":"4000360","selector":{"controlType":"sap.m.SearchField","properties":{"placeholder":"Search"},"searchOpenDialogs":true,"interaction":{"idSuffix":"I"}},"clearTextFirst":true,"interactionType":"ENTER_TEXT"}]}
RESULT: {"script":"<script> [776 bytes]","args":[{"enterText":"4000360","selector":{"controlType":"sap.m.SearchField","properties":{"placeholder":"Search"},"searchOpenDialogs":true,"interaction":{"idSuffix":"I"}},"clearTextFirst":true,"interactionType":"ENTER_TEXT"}]}
COMMAND: POST /session/4ca0da1f05d229fab0c05732b1ad37d0/actions - {"actions":[{"id":"action19","type":"key","parameters":{},"actions":[{"type":"keyDown","value":"î€‡"},{"type":"pause","duration":10},{"type":"keyUp","value":"î€‡"}]}]}
RESULT: {"actions":[{"id":"action19","type":"key","parameters":{},"actions":[{"type":"keyDown","value":"î€‡"},{"type":"pause","duration":10},{"type":"keyUp","value":"î€‡"}]}]}
COMMAND: GET /session/4ca0da1f05d229fab0c05732b1ad37d0/screenshot - {}
RESULT: {}
COMMAND: POST /session/4ca0da1f05d229fab0c05732b1ad37d0/element - {"using":"xpath","value":"//td/div/span[contains(text(), \"BGL Vehicles\")]"}
RESULT: {"using":"xpath","value":"//td/div/span[contains(text(), \"BGL Vehicles\")]"}
COMMAND: POST /session/4ca0da1f05d229fab0c05732b1ad37d0/element/f.D01EC4AF0A1BFC1E8396569751E97BC9.d.6FAB658AFB5C813FC76D2F1E66A28DA6.e.5688/click - {}
RESULT: {}
COMMAND: GET /session/4ca0da1f05d229fab0c05732b1ad37d0/screenshot - {}
RESULT: {}
COMMAND: POST /session/4ca0da1f05d229fab0c05732b1ad37d0/element - {"using":"xpath","value":"//bdi[contains(text(), \"OK\")]"}
RESULT: {"using":"xpath","value":"//bdi[contains(text(), \"OK\")]"}
COMMAND: POST /session/4ca0da1f05d229fab0c05732b1ad37d0/element/f.D01EC4AF0A1BFC1E8396569751E97BC9.d.6FAB658AFB5C813FC76D2F1E66A28DA6.e.5689/click - {}
RESULT: {}
COMMAND: GET /session/4ca0da1f05d229fab0c05732b1ad37d0/screenshot - {}
RESULT: {}
COMMAND: POST /session/4ca0da1f05d229fab0c05732b1ad37d0/execute/async - {"script":"<script> [1562 bytes]","args":[{"selector":{"id":"application-manageresources-display-component---newResourceUnit--newRRUPage-anchBar-application-manageresources-display-component---newResourceUnit--resource-anchor","interaction":{"idSuffix":"BDI-content"}},"wdio_ui5_key":"applicationmanageresources-display-component---newResourceUnit--newRRUPage-anchBar-application-manageresources-display-component---newResourceUnit--resource-anchor"}]}
RESULT: {"script":"<script> [1562 bytes]","args":[{"selector":{"id":"application-manageresources-display-component---newResourceUnit--newRRUPage-anchBar-application-manageresources-display-component---newResourceUnit--resource-anchor","interaction":{"idSuffix":"BDI-content"}},"wdio_ui5_key":"applicationmanageresources-display-component---newResourceUnit--newRRUPage-anchBar-application-manageresources-display-component---newResourceUnit--resource-anchor"}]}
RESULT: undefined
COMMAND: POST /session/4ca0da1f05d229fab0c05732b1ad37d0/element - {"using":"xpath","value":"//*[@id=\"application-manageresources-display-component---newResourceUnit--newRRUPage-anchBar-application-manageresources-display-component---newResourceUnit--resource-anchor\"]"}
RESULT: {"using":"xpath","value":"//*[@id=\"application-manageresources-display-component---newResourceUnit--newRRUPage-anchBar-application-manageresources-display-component---newResourceUnit--resource-anchor\"]"}
COMMAND: POST /session/4ca0da1f05d229fab0c05732b1ad37d0/element/f.D01EC4AF0A1BFC1E8396569751E97BC9.d.6FAB658AFB5C813FC76D2F1E66A28DA6.e.5693/click - {}
RESULT: {}
COMMAND: POST /session/4ca0da1f05d229fab0c05732b1ad37d0/execute/async - {"script":"<script> [1562 bytes]","args":[{"selector":{"id":"application-manageresources-display-component---newResourceUnit--PLANNED_DELIVERY_DATE","interaction":{"idSuffix":"inner"}},"wdio_ui5_key":"applicationmanageresources-display-component---newResourceUnit--PLANNED_DELIVERY_DATE"}]}
COMMAND: GET /session/4ca0da1f05d229fab0c05732b1ad37d0/screenshot - {}
RESULT: {"script":"<script> [1562 bytes]","args":[{"selector":{"id":"application-manageresources-display-component---newResourceUnit--PLANNED_DELIVERY_DATE","interaction":{"idSuffix":"inner"}},"wdio_ui5_key":"applicationmanageresources-display-component---newResourceUnit--PLANNED_DELIVERY_DATE"}]}
RESULT: undefined
COMMAND: POST /session/4ca0da1f05d229fab0c05732b1ad37d0/execute/async - {"script":"<script> [6424 bytes]","args":[{"element-6066-11e4-a52e-4f735466cecf":"f.D01EC4AF0A1BFC1E8396569751E97BC9.d.6FAB658AFB5C813FC76D2F1E66A28DA6.e.5557"},"setValue",["4/29/25"]]}
RESULT: {}
RESULT: {"script":"<script> [6424 bytes]","args":[{"element-6066-11e4-a52e-4f735466cecf":"f.D01EC4AF0A1BFC1E8396569751E97BC9.d.6FAB658AFB5C813FC76D2F1E66A28DA6.e.5557"},"setValue",["4/29/25"]]}
COMMAND: POST /session/4ca0da1f05d229fab0c05732b1ad37d0/element - {"using":"xpath","value":"//button[@data-kt=\"resourceUnitSaveButton\"]"}
RESULT: {"using":"xpath","value":"//button[@data-kt=\"resourceUnitSaveButton\"]"}
COMMAND: POST /session/4ca0da1f05d229fab0c05732b1ad37d0/element/f.D01EC4AF0A1BFC1E8396569751E97BC9.d.6FAB658AFB5C813FC76D2F1E66A28DA6.e.5518/click - {}
RESULT: {}
COMMAND: GET /session/4ca0da1f05d229fab0c05732b1ad37d0/screenshot - {}
RESULT: {}
COMMAND: POST /session/4ca0da1f05d229fab0c05732b1ad37d0/element - {"using":"xpath","value":"//bdi[contains(text(), \"Close\")]"}
RESULT: {"using":"xpath","value":"//bdi[contains(text(), \"Close\")]"}
COMMAND: POST /session/4ca0da1f05d229fab0c05732b1ad37d0/element/f.D01EC4AF0A1BFC1E8396569751E97BC9.d.6FAB658AFB5C813FC76D2F1E66A28DA6.e.5701/click - {}
RESULT: {}
COMMAND: GET /session/4ca0da1f05d229fab0c05732b1ad37d0/screenshot - {}
RESULT: {}
COMMAND: POST /session/4ca0da1f05d229fab0c05732b1ad37d0/element - {"using":"xpath","value":"//bdi[contains(text(), \"Edit\")]"}
RESULT: {"using":"xpath","value":"//bdi[contains(text(), \"Edit\")]"}
COMMAND: POST /session/4ca0da1f05d229fab0c05732b1ad37d0/execute/sync - {"script":"<script> [8489 bytes]","args":[{"element-6066-11e4-a52e-4f735466cecf":"f.D01EC4AF0A1BFC1E8396569751E97BC9.d.6FAB658AFB5C813FC76D2F1E66A28DA6.e.5754","ELEMENT":"f.D01EC4AF0A1BFC1E8396569751E97BC9.d.6FAB658AFB5C813FC76D2F1E66A28DA6.e.5754"}]}
RESULT: {"script":"<script> [8489 bytes]","args":[{"element-6066-11e4-a52e-4f735466cecf":"f.D01EC4AF0A1BFC1E8396569751E97BC9.d.6FAB658AFB5C813FC76D2F1E66A28DA6.e.5754","ELEMENT":"f.D01EC4AF0A1BFC1E8396569751E97BC9.d.6FAB658AFB5C813FC76D2F1E66A28DA6.e.5754"}]}
COMMAND: POST /session/4ca0da1f05d229fab0c05732b1ad37d0/element/f.D01EC4AF0A1BFC1E8396569751E97BC9.d.6FAB658AFB5C813FC76D2F1E66A28DA6.e.5754/click - {}
COMMAND: GET /session/4ca0da1f05d229fab0c05732b1ad37d0/screenshot - {}
RESULT: {}
COMMAND: GET /session/4ca0da1f05d229fab0c05732b1ad37d0/screenshot - {}
RESULT: {}
RESULT: {}
COMMAND: POST /session/4ca0da1f05d229fab0c05732b1ad37d0/execute/async - {"script":"<script> [1562 bytes]","args":[{"selector":{"id":"application-manageresources-display-component---editResource--editRruPage-anchBar-application-manageresources-display-component---editResource--counters-anchor","interaction":{"idSuffix":"BDI-content"}},"wdio_ui5_key":"applicationmanageresources-display-component---editResource--editRruPage-anchBar-application-manageresources-display-component---editResource--counters-anchor"}]}
RESULT: {"script":"<script> [1562 bytes]","args":[{"selector":{"id":"application-manageresources-display-component---editResource--editRruPage-anchBar-application-manageresources-display-component---editResource--counters-anchor","interaction":{"idSuffix":"BDI-content"}},"wdio_ui5_key":"applicationmanageresources-display-component---editResource--editRruPage-anchBar-application-manageresources-display-component---editResource--counters-anchor"}]}
RESULT: undefined
COMMAND: POST /session/4ca0da1f05d229fab0c05732b1ad37d0/element - {"using":"xpath","value":"//*[@id=\"application-manageresources-display-component---editResource--editRruPage-anchBar-application-manageresources-display-component---editResource--counters-anchor\"]"}
RESULT: {"using":"xpath","value":"//*[@id=\"application-manageresources-display-component---editResource--editRruPage-anchBar-application-manageresources-display-component---editResource--counters-anchor\"]"}
COMMAND: POST /session/4ca0da1f05d229fab0c05732b1ad37d0/element/f.D01EC4AF0A1BFC1E8396569751E97BC9.d.6FAB658AFB5C813FC76D2F1E66A28DA6.e.5868/click - {}
RESULT: {}
COMMAND: GET /session/4ca0da1f05d229fab0c05732b1ad37d0/screenshot - {}
RESULT: {}
COMMAND: POST /session/4ca0da1f05d229fab0c05732b1ad37d0/execute/async - {"script":"<script> [1562 bytes]","args":[{"selector":{"id":"application-manageresources-display-component---editResource--btnAddCounter-img"},"wdio_ui5_key":"applicationmanageresources-display-component---editResource--btnAddCounter-img"}]}
RESULT: {"script":"<script> [1562 bytes]","args":[{"selector":{"id":"application-manageresources-display-component---editResource--btnAddCounter-img"},"wdio_ui5_key":"applicationmanageresources-display-component---editResource--btnAddCounter-img"}]}
RESULT: undefined
COMMAND: POST /session/4ca0da1f05d229fab0c05732b1ad37d0/element - {"using":"xpath","value":"//*[@id=\"application-manageresources-display-component---editResource--btnAddCounter-img\"]"}
RESULT: {"using":"xpath","value":"//*[@id=\"application-manageresources-display-component---editResource--btnAddCounter-img\"]"}
COMMAND: POST /session/4ca0da1f05d229fab0c05732b1ad37d0/element/f.D01EC4AF0A1BFC1E8396569751E97BC9.d.6FAB658AFB5C813FC76D2F1E66A28DA6.e.5902/click - {}
RESULT: {}
COMMAND: POST /session/4ca0da1f05d229fab0c05732b1ad37d0/execute/async - {"script":"<script> [1562 bytes]","args":[{"selector":{"id":"application-manageresources-display-component---editResource--COUNTER_ID-application-manageresources-display-component---editResource--RUCounters-0-arrow"},"wdio_ui5_key":"applicationmanageresources-display-component---editResource--COUNTER_ID-application-manageresources-display-component---editResource--RUCounters-0-arrow"}]}
COMMAND: GET /session/4ca0da1f05d229fab0c05732b1ad37d0/screenshot - {}
RESULT: {"script":"<script> [1562 bytes]","args":[{"selector":{"id":"application-manageresources-display-component---editResource--COUNTER_ID-application-manageresources-display-component---editResource--RUCounters-0-arrow"},"wdio_ui5_key":"applicationmanageresources-display-component---editResource--COUNTER_ID-application-manageresources-display-component---editResource--RUCounters-0-arrow"}]}
RESULT: undefined
COMMAND: POST /session/4ca0da1f05d229fab0c05732b1ad37d0/element - {"using":"xpath","value":"//*[@id=\"application-manageresources-display-component---editResource--COUNTER_ID-application-manageresources-display-component---editResource--RUCounters-0-arrow\"]"}
RESULT: {}
RESULT: {"using":"xpath","value":"//*[@id=\"application-manageresources-display-component---editResource--COUNTER_ID-application-manageresources-display-component---editResource--RUCounters-0-arrow\"]"}
COMMAND: POST /session/4ca0da1f05d229fab0c05732b1ad37d0/element/f.D01EC4AF0A1BFC1E8396569751E97BC9.d.6FAB658AFB5C813FC76D2F1E66A28DA6.e.5907/click - {}
RESULT: {}
COMMAND: POST /session/4ca0da1f05d229fab0c05732b1ad37d0/execute/async - {"script":"<script> [1562 bytes]","args":[{"selector":{"controlType":"sap.m.StandardListItem","viewName":"etm.portal.ui.manageresources.view.EditResource","viewId":"application-manageresources-display-component---editResource","properties":{"title":"fuel"},"searchOpenDialogs":true,"interaction":{"idSuffix":"content"}},"wdio_ui5_key":"etmportal.ui.manageresources.view.EditResourcesap.m.StandardListItem{\"title\":\"fuel\"}"}]}
COMMAND: GET /session/4ca0da1f05d229fab0c05732b1ad37d0/screenshot - {}
RESULT: {"script":"<script> [1562 bytes]","args":[{"selector":{"controlType":"sap.m.StandardListItem","viewName":"etm.portal.ui.manageresources.view.EditResource","viewId":"application-manageresources-display-component---editResource","properties":{"title":"fuel"},"searchOpenDialogs":true,"interaction":{"idSuffix":"content"}},"wdio_ui5_key":"etmportal.ui.manageresources.view.EditResourcesap.m.StandardListItem{\"title\":\"fuel\"}"}]}
RESULT: undefined
COMMAND: POST /session/4ca0da1f05d229fab0c05732b1ad37d0/element - {"using":"xpath","value":"//*[@id=\"__item2380\"]"}
RESULT: {}
RESULT: {"using":"xpath","value":"//*[@id=\"__item2380\"]"}
COMMAND: POST /session/4ca0da1f05d229fab0c05732b1ad37d0/element/f.D01EC4AF0A1BFC1E8396569751E97BC9.d.6FAB658AFB5C813FC76D2F1E66A28DA6.e.5909/click - {}
RESULT: {}
COMMAND: GET /session/4ca0da1f05d229fab0c05732b1ad37d0/screenshot - {}
RESULT: {}
COMMAND: POST /session/4ca0da1f05d229fab0c05732b1ad37d0/element - {"using":"xpath","value":"//button[@data-kt=\"saveButton\"]"}
RESULT: {"using":"xpath","value":"//button[@data-kt=\"saveButton\"]"}
COMMAND: POST /session/4ca0da1f05d229fab0c05732b1ad37d0/element/f.D01EC4AF0A1BFC1E8396569751E97BC9.d.6FAB658AFB5C813FC76D2F1E66A28DA6.e.5910/click - {}
RESULT: {}
COMMAND: GET /session/4ca0da1f05d229fab0c05732b1ad37d0/screenshot - {}
RESULT: {}
COMMAND: POST /session/4ca0da1f05d229fab0c05732b1ad37d0/element - {"using":"xpath","value":"(//button[contains(@id ,\"actionsToolbar-overflowButton\")])[1]"}
RESULT: {"using":"xpath","value":"(//button[contains(@id ,\"actionsToolbar-overflowButton\")])[1]"}
COMMAND: POST /session/4ca0da1f05d229fab0c05732b1ad37d0/element/f.D01EC4AF0A1BFC1E8396569751E97BC9.d.6FAB658AFB5C813FC76D2F1E66A28DA6.e.5923/click - {}
RESULT: {}
COMMAND: GET /session/4ca0da1f05d229fab0c05732b1ad37d0/screenshot - {}
RESULT: {}
COMMAND: POST /session/4ca0da1f05d229fab0c05732b1ad37d0/element - {"using":"xpath","value":"//button[@data-kt=\"priceInfoButton\"]"}
RESULT: {"using":"xpath","value":"//button[@data-kt=\"priceInfoButton\"]"}
COMMAND: POST /session/4ca0da1f05d229fab0c05732b1ad37d0/element/f.D01EC4AF0A1BFC1E8396569751E97BC9.d.6FAB658AFB5C813FC76D2F1E66A28DA6.e.5925/click - {}
RESULT: {}
COMMAND: GET /session/4ca0da1f05d229fab0c05732b1ad37d0/screenshot - {}
RESULT: {}
]]></system-out>
    </testcase>
    <testcase classname="chrome.135_0_7049_96.windows.Create_master_data_for_mixed_billing_&amp;_do_billing_calculation_US151661" name="Should create a TB pricing procedure" time="53.303">
      <system-out><![CDATA[
COMMAND: POST /session/4ca0da1f05d229fab0c05732b1ad37d0/element - {"using":"xpath","value":"//button[@data-kt=\"addButton\"]"}
RESULT: {"using":"xpath","value":"//button[@data-kt=\"addButton\"]"}
COMMAND: POST /session/4ca0da1f05d229fab0c05732b1ad37d0/elements - {"using":"xpath","value":"//button[@data-kt=\"addButton\"]"}
RESULT: {"using":"xpath","value":"//button[@data-kt=\"addButton\"]"}
COMMAND: POST /session/4ca0da1f05d229fab0c05732b1ad37d0/execute/sync - {"script":"<script> [8489 bytes]","args":[{"element-6066-11e4-a52e-4f735466cecf":"f.D01EC4AF0A1BFC1E8396569751E97BC9.d.6FAB658AFB5C813FC76D2F1E66A28DA6.e.5961","ELEMENT":"f.D01EC4AF0A1BFC1E8396569751E97BC9.d.6FAB658AFB5C813FC76D2F1E66A28DA6.e.5961"}]}
RESULT: {"script":"<script> [8489 bytes]","args":[{"element-6066-11e4-a52e-4f735466cecf":"f.D01EC4AF0A1BFC1E8396569751E97BC9.d.6FAB658AFB5C813FC76D2F1E66A28DA6.e.5961","ELEMENT":"f.D01EC4AF0A1BFC1E8396569751E97BC9.d.6FAB658AFB5C813FC76D2F1E66A28DA6.e.5961"}]}
COMMAND: GET /session/4ca0da1f05d229fab0c05732b1ad37d0/element/f.D01EC4AF0A1BFC1E8396569751E97BC9.d.6FAB658AFB5C813FC76D2F1E66A28DA6.e.5961/enabled - {}
COMMAND: GET /session/4ca0da1f05d229fab0c05732b1ad37d0/screenshot - {}
RESULT: {}
COMMAND: POST /session/4ca0da1f05d229fab0c05732b1ad37d0/execute/sync - {"script":"<script> [8489 bytes]","args":[{"element-6066-11e4-a52e-4f735466cecf":"f.D01EC4AF0A1BFC1E8396569751E97BC9.d.6FAB658AFB5C813FC76D2F1E66A28DA6.e.5961","ELEMENT":"f.D01EC4AF0A1BFC1E8396569751E97BC9.d.6FAB658AFB5C813FC76D2F1E66A28DA6.e.5961"}]}
COMMAND: GET /session/4ca0da1f05d229fab0c05732b1ad37d0/screenshot - {}
RESULT: {}
RESULT: {"script":"<script> [8489 bytes]","args":[{"element-6066-11e4-a52e-4f735466cecf":"f.D01EC4AF0A1BFC1E8396569751E97BC9.d.6FAB658AFB5C813FC76D2F1E66A28DA6.e.5961","ELEMENT":"f.D01EC4AF0A1BFC1E8396569751E97BC9.d.6FAB658AFB5C813FC76D2F1E66A28DA6.e.5961"}]}
COMMAND: POST /session/4ca0da1f05d229fab0c05732b1ad37d0/execute/sync - {"script":"<script> [5351 bytes]","args":[{"element-6066-11e4-a52e-4f735466cecf":"f.D01EC4AF0A1BFC1E8396569751E97BC9.d.6FAB658AFB5C813FC76D2F1E66A28DA6.e.5961","ELEMENT":"f.D01EC4AF0A1BFC1E8396569751E97BC9.d.6FAB658AFB5C813FC76D2F1E66A28DA6.e.5961"}]}
COMMAND: GET /session/4ca0da1f05d229fab0c05732b1ad37d0/screenshot - {}
RESULT: {}
RESULT: {"script":"<script> [5351 bytes]","args":[{"element-6066-11e4-a52e-4f735466cecf":"f.D01EC4AF0A1BFC1E8396569751E97BC9.d.6FAB658AFB5C813FC76D2F1E66A28DA6.e.5961","ELEMENT":"f.D01EC4AF0A1BFC1E8396569751E97BC9.d.6FAB658AFB5C813FC76D2F1E66A28DA6.e.5961"}]}
COMMAND: POST /session/4ca0da1f05d229fab0c05732b1ad37d0/element/f.D01EC4AF0A1BFC1E8396569751E97BC9.d.6FAB658AFB5C813FC76D2F1E66A28DA6.e.5961/click - {}
COMMAND: GET /session/4ca0da1f05d229fab0c05732b1ad37d0/screenshot - {}
RESULT: {}
RESULT: {}
COMMAND: GET /session/4ca0da1f05d229fab0c05732b1ad37d0/screenshot - {}
RESULT: {}
RESULT: {}
COMMAND: POST /session/4ca0da1f05d229fab0c05732b1ad37d0/execute/async - {"script":"<script> [1562 bytes]","args":[{"selector":{"controlType":"sap.m.Title","viewName":"etm.portal.ui.managepricingrules.view.NewItem","viewId":"application-managepricingrules-display-component---newInfoPriceItem","properties":{"text":"New Pricing Rules - Item Level"}},"wdio_ui5_key":"etmportal.ui.managepricingrules.view.NewItemsap.m.Title{\"text\":\"New Pricing Rules - Item Level\"}"}]}
RESULT: {"script":"<script> [1562 bytes]","args":[{"selector":{"controlType":"sap.m.Title","viewName":"etm.portal.ui.managepricingrules.view.NewItem","viewId":"application-managepricingrules-display-component---newInfoPriceItem","properties":{"text":"New Pricing Rules - Item Level"}},"wdio_ui5_key":"etmportal.ui.managepricingrules.view.NewItemsap.m.Title{\"text\":\"New Pricing Rules - Item Level\"}"}]}
RESULT: undefined
COMMAND: POST /session/4ca0da1f05d229fab0c05732b1ad37d0/execute/async - {"script":"<script> [6424 bytes]","args":[{"element-6066-11e4-a52e-4f735466cecf":"f.D01EC4AF0A1BFC1E8396569751E97BC9.d.6FAB658AFB5C813FC76D2F1E66A28DA6.e.6122"},"getText",[]]}
RESULT: {"script":"<script> [6424 bytes]","args":[{"element-6066-11e4-a52e-4f735466cecf":"f.D01EC4AF0A1BFC1E8396569751E97BC9.d.6FAB658AFB5C813FC76D2F1E66A28DA6.e.6122"},"getText",[]]}
COMMAND: POST /session/4ca0da1f05d229fab0c05732b1ad37d0/execute/async - {"script":"<script> [1562 bytes]","args":[{"selector":{"id":"application-managepricingrules-display-component---newInfoPriceItem--condValidTo","interaction":{"idSuffix":"inner"}},"wdio_ui5_key":"applicationmanagepricingrules-display-component---newInfoPriceItem--condValidTo"}]}
RESULT: {"script":"<script> [1562 bytes]","args":[{"selector":{"id":"application-managepricingrules-display-component---newInfoPriceItem--condValidTo","interaction":{"idSuffix":"inner"}},"wdio_ui5_key":"applicationmanagepricingrules-display-component---newInfoPriceItem--condValidTo"}]}
RESULT: undefined
COMMAND: POST /session/4ca0da1f05d229fab0c05732b1ad37d0/execute/async - {"script":"<script> [776 bytes]","args":[{"enterText":"12/29/25","selector":{"id":"application-managepricingrules-display-component---newInfoPriceItem--condValidTo","interaction":{"idSuffix":"inner"}},"clearTextFirst":true,"interactionType":"ENTER_TEXT"}]}
RESULT: {"script":"<script> [776 bytes]","args":[{"enterText":"12/29/25","selector":{"id":"application-managepricingrules-display-component---newInfoPriceItem--condValidTo","interaction":{"idSuffix":"inner"}},"clearTextFirst":true,"interactionType":"ENTER_TEXT"}]}
COMMAND: POST /session/4ca0da1f05d229fab0c05732b1ad37d0/execute/async - {"script":"<script> [1562 bytes]","args":[{"selector":{"id":"application-managepricingrules-display-component---newInfoPriceItem--billType-arrow"},"wdio_ui5_key":"applicationmanagepricingrules-display-component---newInfoPriceItem--billType-arrow"}]}
RESULT: {"script":"<script> [1562 bytes]","args":[{"selector":{"id":"application-managepricingrules-display-component---newInfoPriceItem--billType-arrow"},"wdio_ui5_key":"applicationmanagepricingrules-display-component---newInfoPriceItem--billType-arrow"}]}
RESULT: undefined
COMMAND: POST /session/4ca0da1f05d229fab0c05732b1ad37d0/element - {"using":"xpath","value":"//*[@id=\"application-managepricingrules-display-component---newInfoPriceItem--billType-arrow\"]"}
RESULT: {"using":"xpath","value":"//*[@id=\"application-managepricingrules-display-component---newInfoPriceItem--billType-arrow\"]"}
COMMAND: POST /session/4ca0da1f05d229fab0c05732b1ad37d0/element/f.D01EC4AF0A1BFC1E8396569751E97BC9.d.6FAB658AFB5C813FC76D2F1E66A28DA6.e.6124/click - {}
RESULT: {}
COMMAND: POST /session/4ca0da1f05d229fab0c05732b1ad37d0/element - {"using":"xpath","value":"//span[contains(text(), \"TB - Time based\")]"}
COMMAND: GET /session/4ca0da1f05d229fab0c05732b1ad37d0/screenshot - {}
RESULT: {"using":"xpath","value":"//span[contains(text(), \"TB - Time based\")]"}
COMMAND: POST /session/4ca0da1f05d229fab0c05732b1ad37d0/element/f.D01EC4AF0A1BFC1E8396569751E97BC9.d.6FAB658AFB5C813FC76D2F1E66A28DA6.e.6125/click - {}
RESULT: {}
RESULT: {}
COMMAND: POST /session/4ca0da1f05d229fab0c05732b1ad37d0/execute/async - {"script":"<script> [1562 bytes]","args":[{"selector":{"id":"application-managepricingrules-display-component---newInfoPriceItem--priceProc-arrow"},"wdio_ui5_key":"applicationmanagepricingrules-display-component---newInfoPriceItem--priceProc-arrow"}]}
COMMAND: GET /session/4ca0da1f05d229fab0c05732b1ad37d0/screenshot - {}
RESULT: {"script":"<script> [1562 bytes]","args":[{"selector":{"id":"application-managepricingrules-display-component---newInfoPriceItem--priceProc-arrow"},"wdio_ui5_key":"applicationmanagepricingrules-display-component---newInfoPriceItem--priceProc-arrow"}]}
RESULT: undefined
COMMAND: POST /session/4ca0da1f05d229fab0c05732b1ad37d0/element - {"using":"xpath","value":"//*[@id=\"application-managepricingrules-display-component---newInfoPriceItem--priceProc-arrow\"]"}
RESULT: {}
RESULT: {"using":"xpath","value":"//*[@id=\"application-managepricingrules-display-component---newInfoPriceItem--priceProc-arrow\"]"}
COMMAND: POST /session/4ca0da1f05d229fab0c05732b1ad37d0/element/f.D01EC4AF0A1BFC1E8396569751E97BC9.d.6FAB658AFB5C813FC76D2F1E66A28DA6.e.6090/click - {}
RESULT: {}
COMMAND: POST /session/4ca0da1f05d229fab0c05732b1ad37d0/element - {"using":"xpath","value":"//span[contains(text(), \"TB - Time based BGL\")]"}
COMMAND: GET /session/4ca0da1f05d229fab0c05732b1ad37d0/screenshot - {}
RESULT: {"using":"xpath","value":"//span[contains(text(), \"TB - Time based BGL\")]"}
COMMAND: POST /session/4ca0da1f05d229fab0c05732b1ad37d0/element/f.D01EC4AF0A1BFC1E8396569751E97BC9.d.6FAB658AFB5C813FC76D2F1E66A28DA6.e.6126/click - {}
RESULT: {}
RESULT: {}
COMMAND: POST /session/4ca0da1f05d229fab0c05732b1ad37d0/execute/async - {"script":"<script> [1562 bytes]","args":[{"selector":{"id":"application-managepricingrules-display-component---newInfoPriceItem--calcBase-arrow"},"wdio_ui5_key":"applicationmanagepricingrules-display-component---newInfoPriceItem--calcBase-arrow"}]}
COMMAND: GET /session/4ca0da1f05d229fab0c05732b1ad37d0/screenshot - {}
RESULT: {"script":"<script> [1562 bytes]","args":[{"selector":{"id":"application-managepricingrules-display-component---newInfoPriceItem--calcBase-arrow"},"wdio_ui5_key":"applicationmanagepricingrules-display-component---newInfoPriceItem--calcBase-arrow"}]}
RESULT: undefined
COMMAND: POST /session/4ca0da1f05d229fab0c05732b1ad37d0/element - {"using":"xpath","value":"//*[@id=\"application-managepricingrules-display-component---newInfoPriceItem--calcBase-arrow\"]"}
RESULT: {}
RESULT: {"using":"xpath","value":"//*[@id=\"application-managepricingrules-display-component---newInfoPriceItem--calcBase-arrow\"]"}
COMMAND: POST /session/4ca0da1f05d229fab0c05732b1ad37d0/element/f.D01EC4AF0A1BFC1E8396569751E97BC9.d.6FAB658AFB5C813FC76D2F1E66A28DA6.e.6097/click - {}
RESULT: {}
COMMAND: GET /session/4ca0da1f05d229fab0c05732b1ad37d0/screenshot - {}
RESULT: {}
COMMAND: POST /session/4ca0da1f05d229fab0c05732b1ad37d0/element - {"using":"xpath","value":"//span[contains(text(), \"0006 - TB(calendar days)\")]"}
RESULT: {"using":"xpath","value":"//span[contains(text(), \"0006 - TB(calendar days)\")]"}
COMMAND: POST /session/4ca0da1f05d229fab0c05732b1ad37d0/element/f.D01EC4AF0A1BFC1E8396569751E97BC9.d.6FAB658AFB5C813FC76D2F1E66A28DA6.e.6127/click - {}
RESULT: {}
COMMAND: GET /session/4ca0da1f05d229fab0c05732b1ad37d0/screenshot - {}
RESULT: {}
COMMAND: POST /session/4ca0da1f05d229fab0c05732b1ad37d0/execute/async - {"script":"<script> [1562 bytes]","args":[{"selector":{"id":"application-managepricingrules-display-component---newInfoPriceItem--hoursMonth","interaction":{"idSuffix":"inner"}},"wdio_ui5_key":"applicationmanagepricingrules-display-component---newInfoPriceItem--hoursMonth"}]}
RESULT: {"script":"<script> [1562 bytes]","args":[{"selector":{"id":"application-managepricingrules-display-component---newInfoPriceItem--hoursMonth","interaction":{"idSuffix":"inner"}},"wdio_ui5_key":"applicationmanagepricingrules-display-component---newInfoPriceItem--hoursMonth"}]}
RESULT: undefined
COMMAND: POST /session/4ca0da1f05d229fab0c05732b1ad37d0/execute/async - {"script":"<script> [776 bytes]","args":[{"enterText":"160","selector":{"id":"application-managepricingrules-display-component---newInfoPriceItem--hoursMonth","interaction":{"idSuffix":"inner"}},"clearTextFirst":true,"interactionType":"ENTER_TEXT"}]}
RESULT: {"script":"<script> [776 bytes]","args":[{"enterText":"160","selector":{"id":"application-managepricingrules-display-component---newInfoPriceItem--hoursMonth","interaction":{"idSuffix":"inner"}},"clearTextFirst":true,"interactionType":"ENTER_TEXT"}]}
COMMAND: POST /session/4ca0da1f05d229fab0c05732b1ad37d0/execute/async - {"script":"<script> [1562 bytes]","args":[{"selector":{"id":"application-managepricingrules-display-component---newInfoPriceItem--daysMonth","interaction":{"idSuffix":"inner"}},"wdio_ui5_key":"applicationmanagepricingrules-display-component---newInfoPriceItem--daysMonth"}]}
RESULT: {"script":"<script> [1562 bytes]","args":[{"selector":{"id":"application-managepricingrules-display-component---newInfoPriceItem--daysMonth","interaction":{"idSuffix":"inner"}},"wdio_ui5_key":"applicationmanagepricingrules-display-component---newInfoPriceItem--daysMonth"}]}
RESULT: undefined
COMMAND: POST /session/4ca0da1f05d229fab0c05732b1ad37d0/execute/async - {"script":"<script> [776 bytes]","args":[{"enterText":"30","selector":{"id":"application-managepricingrules-display-component---newInfoPriceItem--daysMonth","interaction":{"idSuffix":"inner"}},"clearTextFirst":true,"interactionType":"ENTER_TEXT"}]}
RESULT: {"script":"<script> [776 bytes]","args":[{"enterText":"30","selector":{"id":"application-managepricingrules-display-component---newInfoPriceItem--daysMonth","interaction":{"idSuffix":"inner"}},"clearTextFirst":true,"interactionType":"ENTER_TEXT"}]}
COMMAND: POST /session/4ca0da1f05d229fab0c05732b1ad37d0/element - {"using":"xpath","value":"//button[@data-kt=\"saveNewRuleButton\"]"}
RESULT: {"using":"xpath","value":"//button[@data-kt=\"saveNewRuleButton\"]"}
COMMAND: POST /session/4ca0da1f05d229fab0c05732b1ad37d0/element/f.D01EC4AF0A1BFC1E8396569751E97BC9.d.6FAB658AFB5C813FC76D2F1E66A28DA6.e.6113/click - {}
RESULT: {}
COMMAND: GET /session/4ca0da1f05d229fab0c05732b1ad37d0/screenshot - {}
RESULT: {}
COMMAND: POST /session/4ca0da1f05d229fab0c05732b1ad37d0/execute/async - {"script":"<script> [1562 bytes]","args":[{"selector":{"id":"application-managepricingrules-display-component---priceInfoItem--smartFilterBar-btnBasicSearch","interaction":{"idSuffix":"I"}},"wdio_ui5_key":"applicationmanagepricingrules-display-component---priceInfoItem--smartFilterBar-btnBasicSearch"}]}
RESULT: {"script":"<script> [1562 bytes]","args":[{"selector":{"id":"application-managepricingrules-display-component---priceInfoItem--smartFilterBar-btnBasicSearch","interaction":{"idSuffix":"I"}},"wdio_ui5_key":"applicationmanagepricingrules-display-component---priceInfoItem--smartFilterBar-btnBasicSearch"}]}
RESULT: undefined
COMMAND: POST /session/4ca0da1f05d229fab0c05732b1ad37d0/execute/async - {"script":"<script> [776 bytes]","args":[{"enterText":"GghteDC2jy","selector":{"id":"application-managepricingrules-display-component---priceInfoItem--smartFilterBar-btnBasicSearch","interaction":{"idSuffix":"I"}},"clearTextFirst":true,"interactionType":"ENTER_TEXT"}]}
RESULT: {"script":"<script> [776 bytes]","args":[{"enterText":"GghteDC2jy","selector":{"id":"application-managepricingrules-display-component---priceInfoItem--smartFilterBar-btnBasicSearch","interaction":{"idSuffix":"I"}},"clearTextFirst":true,"interactionType":"ENTER_TEXT"}]}
COMMAND: POST /session/4ca0da1f05d229fab0c05732b1ad37d0/actions - {"actions":[{"id":"action20","type":"key","parameters":{},"actions":[{"type":"keyDown","value":"î€‡"},{"type":"pause","duration":10},{"type":"keyUp","value":"î€‡"}]}]}
RESULT: {"actions":[{"id":"action20","type":"key","parameters":{},"actions":[{"type":"keyDown","value":"î€‡"},{"type":"pause","duration":10},{"type":"keyUp","value":"î€‡"}]}]}
COMMAND: GET /session/4ca0da1f05d229fab0c05732b1ad37d0/screenshot - {}
RESULT: {}
COMMAND: POST /session/4ca0da1f05d229fab0c05732b1ad37d0/element - {"using":"xpath","value":"//span[@id=\"application-managepricingrules-display-component---priceInfoItem--smartTable-header-inner\"]"}
RESULT: {"using":"xpath","value":"//span[@id=\"application-managepricingrules-display-component---priceInfoItem--smartTable-header-inner\"]"}
COMMAND: POST /session/4ca0da1f05d229fab0c05732b1ad37d0/elements - {"using":"xpath","value":"//span[@id=\"application-managepricingrules-display-component---priceInfoItem--smartTable-header-inner\"]"}
RESULT: {"using":"xpath","value":"//span[@id=\"application-managepricingrules-display-component---priceInfoItem--smartTable-header-inner\"]"}
COMMAND: POST /session/4ca0da1f05d229fab0c05732b1ad37d0/execute/sync - {"script":"<script> [56 bytes]","args":[{"element-6066-11e4-a52e-4f735466cecf":"f.D01EC4AF0A1BFC1E8396569751E97BC9.d.6FAB658AFB5C813FC76D2F1E66A28DA6.e.6152","ELEMENT":"f.D01EC4AF0A1BFC1E8396569751E97BC9.d.6FAB658AFB5C813FC76D2F1E66A28DA6.e.6152"}]}
RESULT: {"script":"<script> [56 bytes]","args":[{"element-6066-11e4-a52e-4f735466cecf":"f.D01EC4AF0A1BFC1E8396569751E97BC9.d.6FAB658AFB5C813FC76D2F1E66A28DA6.e.6152","ELEMENT":"f.D01EC4AF0A1BFC1E8396569751E97BC9.d.6FAB658AFB5C813FC76D2F1E66A28DA6.e.6152"}]}
COMMAND: POST /session/4ca0da1f05d229fab0c05732b1ad37d0/element - {"using":"css selector","value":"#shell-header-logo"}
COMMAND: GET /session/4ca0da1f05d229fab0c05732b1ad37d0/screenshot - {}
RESULT: {"using":"css selector","value":"#shell-header-logo"}
COMMAND: POST /session/4ca0da1f05d229fab0c05732b1ad37d0/element/f.D01EC4AF0A1BFC1E8396569751E97BC9.d.6FAB658AFB5C813FC76D2F1E66A28DA6.e.5110/click - {}
RESULT: {}
RESULT: {}
COMMAND: GET /session/4ca0da1f05d229fab0c05732b1ad37d0/screenshot - {}
RESULT: {}
]]></system-out>
    </testcase>
    <testcase classname="chrome.135_0_7049_96.windows.Create_master_data_for_mixed_billing_&amp;_do_billing_calculation_US151661" name="Should add one time condition" time="65.61">
      <system-out><![CDATA[
COMMAND: POST /session/4ca0da1f05d229fab0c05732b1ad37d0/execute/async - {"script":"<script> [1562 bytes]","args":[{"selector":{"controlType":"sap.m.Text","properties":{"text":"Manage Conditions & Prices"},"interaction":{"idSuffix":"inner"}},"wdio_ui5_key":"sapm.Text{\"text\":\"Manage Conditions & Prices\"}"}]}
RESULT: {"script":"<script> [1562 bytes]","args":[{"selector":{"controlType":"sap.m.Text","properties":{"text":"Manage Conditions & Prices"},"interaction":{"idSuffix":"inner"}},"wdio_ui5_key":"sapm.Text{\"text\":\"Manage Conditions & Prices\"}"}]}
RESULT: undefined
COMMAND: POST /session/4ca0da1f05d229fab0c05732b1ad37d0/element - {"using":"xpath","value":"//*[@id=\"__tile53-title\"]"}
RESULT: {"using":"xpath","value":"//*[@id=\"__tile53-title\"]"}
COMMAND: POST /session/4ca0da1f05d229fab0c05732b1ad37d0/element/f.D01EC4AF0A1BFC1E8396569751E97BC9.d.6FAB658AFB5C813FC76D2F1E66A28DA6.e.6155/click - {}
RESULT: {}
COMMAND: POST /session/4ca0da1f05d229fab0c05732b1ad37d0/element - {"using":"xpath","value":"//button[@aria-label=\"Create\"]"}
COMMAND: GET /session/4ca0da1f05d229fab0c05732b1ad37d0/screenshot - {}
RESULT: {"using":"xpath","value":"//button[@aria-label=\"Create\"]"}
COMMAND: POST /session/4ca0da1f05d229fab0c05732b1ad37d0/elements - {"using":"xpath","value":"//button[@aria-label=\"Create\"]"}
RESULT: {}
RESULT: {"using":"xpath","value":"//button[@aria-label=\"Create\"]"}
COMMAND: POST /session/4ca0da1f05d229fab0c05732b1ad37d0/elements - {"using":"xpath","value":"//button[@aria-label=\"Create\"]"}
RESULT: {"using":"xpath","value":"//button[@aria-label=\"Create\"]"}
COMMAND: POST /session/4ca0da1f05d229fab0c05732b1ad37d0/elements - {"using":"xpath","value":"//button[@aria-label=\"Create\"]"}
RESULT: {"using":"xpath","value":"//button[@aria-label=\"Create\"]"}
COMMAND: POST /session/4ca0da1f05d229fab0c05732b1ad37d0/element - {"using":"xpath","value":"//button[@aria-label=\"Create\"]"}
RESULT: {"using":"xpath","value":"//button[@aria-label=\"Create\"]"}
COMMAND: POST /session/4ca0da1f05d229fab0c05732b1ad37d0/execute/sync - {"script":"<script> [8489 bytes]","args":[{"element-6066-11e4-a52e-4f735466cecf":"f.D01EC4AF0A1BFC1E8396569751E97BC9.d.6FAB658AFB5C813FC76D2F1E66A28DA6.e.6189","ELEMENT":"f.D01EC4AF0A1BFC1E8396569751E97BC9.d.6FAB658AFB5C813FC76D2F1E66A28DA6.e.6189"}]}
RESULT: {"script":"<script> [8489 bytes]","args":[{"element-6066-11e4-a52e-4f735466cecf":"f.D01EC4AF0A1BFC1E8396569751E97BC9.d.6FAB658AFB5C813FC76D2F1E66A28DA6.e.6189","ELEMENT":"f.D01EC4AF0A1BFC1E8396569751E97BC9.d.6FAB658AFB5C813FC76D2F1E66A28DA6.e.6189"}]}
COMMAND: GET /session/4ca0da1f05d229fab0c05732b1ad37d0/element/f.D01EC4AF0A1BFC1E8396569751E97BC9.d.6FAB658AFB5C813FC76D2F1E66A28DA6.e.6189/enabled - {}
COMMAND: GET /session/4ca0da1f05d229fab0c05732b1ad37d0/screenshot - {}
RESULT: {}
COMMAND: POST /session/4ca0da1f05d229fab0c05732b1ad37d0/execute/sync - {"script":"<script> [8489 bytes]","args":[{"element-6066-11e4-a52e-4f735466cecf":"f.D01EC4AF0A1BFC1E8396569751E97BC9.d.6FAB658AFB5C813FC76D2F1E66A28DA6.e.6189","ELEMENT":"f.D01EC4AF0A1BFC1E8396569751E97BC9.d.6FAB658AFB5C813FC76D2F1E66A28DA6.e.6189"}]}
COMMAND: GET /session/4ca0da1f05d229fab0c05732b1ad37d0/screenshot - {}
RESULT: {}
RESULT: {"script":"<script> [8489 bytes]","args":[{"element-6066-11e4-a52e-4f735466cecf":"f.D01EC4AF0A1BFC1E8396569751E97BC9.d.6FAB658AFB5C813FC76D2F1E66A28DA6.e.6189","ELEMENT":"f.D01EC4AF0A1BFC1E8396569751E97BC9.d.6FAB658AFB5C813FC76D2F1E66A28DA6.e.6189"}]}
COMMAND: POST /session/4ca0da1f05d229fab0c05732b1ad37d0/execute/sync - {"script":"<script> [5351 bytes]","args":[{"element-6066-11e4-a52e-4f735466cecf":"f.D01EC4AF0A1BFC1E8396569751E97BC9.d.6FAB658AFB5C813FC76D2F1E66A28DA6.e.6189","ELEMENT":"f.D01EC4AF0A1BFC1E8396569751E97BC9.d.6FAB658AFB5C813FC76D2F1E66A28DA6.e.6189"}]}
COMMAND: GET /session/4ca0da1f05d229fab0c05732b1ad37d0/screenshot - {}
RESULT: {}
RESULT: {"script":"<script> [5351 bytes]","args":[{"element-6066-11e4-a52e-4f735466cecf":"f.D01EC4AF0A1BFC1E8396569751E97BC9.d.6FAB658AFB5C813FC76D2F1E66A28DA6.e.6189","ELEMENT":"f.D01EC4AF0A1BFC1E8396569751E97BC9.d.6FAB658AFB5C813FC76D2F1E66A28DA6.e.6189"}]}
COMMAND: POST /session/4ca0da1f05d229fab0c05732b1ad37d0/element/f.D01EC4AF0A1BFC1E8396569751E97BC9.d.6FAB658AFB5C813FC76D2F1E66A28DA6.e.6189/click - {}
COMMAND: GET /session/4ca0da1f05d229fab0c05732b1ad37d0/screenshot - {}
RESULT: {}
RESULT: {}
COMMAND: GET /session/4ca0da1f05d229fab0c05732b1ad37d0/screenshot - {}
RESULT: {}
RESULT: {}
COMMAND: POST /session/4ca0da1f05d229fab0c05732b1ad37d0/actions - {"actions":[{"id":"action21","type":"key","parameters":{},"actions":[{"type":"keyDown","value":"î€‡"},{"type":"pause","duration":10},{"type":"keyUp","value":"î€‡"}]}]}
RESULT: {"actions":[{"id":"action21","type":"key","parameters":{},"actions":[{"type":"keyDown","value":"î€‡"},{"type":"pause","duration":10},{"type":"keyUp","value":"î€‡"}]}]}
COMMAND: GET /session/4ca0da1f05d229fab0c05732b1ad37d0/screenshot - {}
RESULT: {}
COMMAND: POST /session/4ca0da1f05d229fab0c05732b1ad37d0/execute/async - {"script":"<script> [1562 bytes]","args":[{"selector":{"id":"application-manageconditionprice-display-component---newCondition--condBillCond-arrow"},"wdio_ui5_key":"applicationmanageconditionprice-display-component---newCondition--condBillCond-arrow"}]}
RESULT: {"script":"<script> [1562 bytes]","args":[{"selector":{"id":"application-manageconditionprice-display-component---newCondition--condBillCond-arrow"},"wdio_ui5_key":"applicationmanageconditionprice-display-component---newCondition--condBillCond-arrow"}]}
RESULT: undefined
COMMAND: POST /session/4ca0da1f05d229fab0c05732b1ad37d0/element - {"using":"xpath","value":"//*[@id=\"application-manageconditionprice-display-component---newCondition--condBillCond-arrow\"]"}
RESULT: {"using":"xpath","value":"//*[@id=\"application-manageconditionprice-display-component---newCondition--condBillCond-arrow\"]"}
COMMAND: POST /session/4ca0da1f05d229fab0c05732b1ad37d0/element/f.D01EC4AF0A1BFC1E8396569751E97BC9.d.6FAB658AFB5C813FC76D2F1E66A28DA6.e.6366/click - {}
RESULT: {}
COMMAND: GET /session/4ca0da1f05d229fab0c05732b1ad37d0/screenshot - {}
RESULT: {}
COMMAND: POST /session/4ca0da1f05d229fab0c05732b1ad37d0/element - {"using":"xpath","value":"//li[.//span[contains(text(), \"SAPR - Sales price\")]]"}
RESULT: {"using":"xpath","value":"//li[.//span[contains(text(), \"SAPR - Sales price\")]]"}
COMMAND: POST /session/4ca0da1f05d229fab0c05732b1ad37d0/element/f.D01EC4AF0A1BFC1E8396569751E97BC9.d.6FAB658AFB5C813FC76D2F1E66A28DA6.e.6369/click - {}
RESULT: {}
COMMAND: GET /session/4ca0da1f05d229fab0c05732b1ad37d0/screenshot - {}
RESULT: {}
COMMAND: POST /session/4ca0da1f05d229fab0c05732b1ad37d0/execute/async - {"script":"<script> [1562 bytes]","args":[{"selector":{"id":"application-manageconditionprice-display-component---newCondition--condValidTo","interaction":{"idSuffix":"inner"}},"wdio_ui5_key":"applicationmanageconditionprice-display-component---newCondition--condValidTo"}]}
RESULT: {"script":"<script> [1562 bytes]","args":[{"selector":{"id":"application-manageconditionprice-display-component---newCondition--condValidTo","interaction":{"idSuffix":"inner"}},"wdio_ui5_key":"applicationmanageconditionprice-display-component---newCondition--condValidTo"}]}
RESULT: undefined
COMMAND: POST /session/4ca0da1f05d229fab0c05732b1ad37d0/execute/async - {"script":"<script> [776 bytes]","args":[{"enterText":"12/29/25","selector":{"id":"application-manageconditionprice-display-component---newCondition--condValidTo","interaction":{"idSuffix":"inner"}},"clearTextFirst":true,"interactionType":"ENTER_TEXT"}]}
RESULT: {"script":"<script> [776 bytes]","args":[{"enterText":"12/29/25","selector":{"id":"application-manageconditionprice-display-component---newCondition--condValidTo","interaction":{"idSuffix":"inner"}},"clearTextFirst":true,"interactionType":"ENTER_TEXT"}]}
COMMAND: POST /session/4ca0da1f05d229fab0c05732b1ad37d0/element - {"using":"xpath","value":"//input[@id=\"application-manageconditionprice-display-component---newCondition--condRU-inner\"]"}
RESULT: {"using":"xpath","value":"//input[@id=\"application-manageconditionprice-display-component---newCondition--condRU-inner\"]"}
COMMAND: POST /session/4ca0da1f05d229fab0c05732b1ad37d0/element/f.D01EC4AF0A1BFC1E8396569751E97BC9.d.6FAB658AFB5C813FC76D2F1E66A28DA6.e.6230/clear - {}
RESULT: {}
COMMAND: POST /session/4ca0da1f05d229fab0c05732b1ad37d0/element/f.D01EC4AF0A1BFC1E8396569751E97BC9.d.6FAB658AFB5C813FC76D2F1E66A28DA6.e.6230/value - {"text":"GghteDC2jy"}
COMMAND: GET /session/4ca0da1f05d229fab0c05732b1ad37d0/screenshot - {}
RESULT: {"text":"GghteDC2jy"}
COMMAND: GET /session/4ca0da1f05d229fab0c05732b1ad37d0/screenshot - {}
RESULT: {}
RESULT: {}
COMMAND: POST /session/4ca0da1f05d229fab0c05732b1ad37d0/actions - {"actions":[{"id":"action22","type":"key","parameters":{},"actions":[{"type":"keyDown","value":"î€‡"},{"type":"pause","duration":10},{"type":"keyUp","value":"î€‡"}]}]}
RESULT: {"actions":[{"id":"action22","type":"key","parameters":{},"actions":[{"type":"keyDown","value":"î€‡"},{"type":"pause","duration":10},{"type":"keyUp","value":"î€‡"}]}]}
COMMAND: POST /session/4ca0da1f05d229fab0c05732b1ad37d0/execute/async - {"script":"<script> [1562 bytes]","args":[{"selector":{"id":"application-manageconditionprice-display-component---newCondition--condBaseQty","interaction":{"idSuffix":"inner"}},"wdio_ui5_key":"applicationmanageconditionprice-display-component---newCondition--condBaseQty"}]}
COMMAND: GET /session/4ca0da1f05d229fab0c05732b1ad37d0/screenshot - {}
RESULT: {"script":"<script> [1562 bytes]","args":[{"selector":{"id":"application-manageconditionprice-display-component---newCondition--condBaseQty","interaction":{"idSuffix":"inner"}},"wdio_ui5_key":"applicationmanageconditionprice-display-component---newCondition--condBaseQty"}]}
RESULT: undefined
COMMAND: POST /session/4ca0da1f05d229fab0c05732b1ad37d0/execute/async - {"script":"<script> [776 bytes]","args":[{"enterText":"1","selector":{"id":"application-manageconditionprice-display-component---newCondition--condBaseQty","interaction":{"idSuffix":"inner"}},"clearTextFirst":true,"interactionType":"ENTER_TEXT"}]}
RESULT: {}
RESULT: {"script":"<script> [776 bytes]","args":[{"enterText":"1","selector":{"id":"application-manageconditionprice-display-component---newCondition--condBaseQty","interaction":{"idSuffix":"inner"}},"clearTextFirst":true,"interactionType":"ENTER_TEXT"}]}
COMMAND: POST /session/4ca0da1f05d229fab0c05732b1ad37d0/execute/async - {"script":"<script> [1562 bytes]","args":[{"selector":{"id":"application-manageconditionprice-display-component---newCondition--condValue","interaction":{"idSuffix":"inner"}},"wdio_ui5_key":"applicationmanageconditionprice-display-component---newCondition--condValue"}]}
RESULT: {"script":"<script> [1562 bytes]","args":[{"selector":{"id":"application-manageconditionprice-display-component---newCondition--condValue","interaction":{"idSuffix":"inner"}},"wdio_ui5_key":"applicationmanageconditionprice-display-component---newCondition--condValue"}]}
RESULT: undefined
COMMAND: POST /session/4ca0da1f05d229fab0c05732b1ad37d0/execute/async - {"script":"<script> [776 bytes]","args":[{"enterText":"200","selector":{"id":"application-manageconditionprice-display-component---newCondition--condValue","interaction":{"idSuffix":"inner"}},"clearTextFirst":true,"interactionType":"ENTER_TEXT"}]}
RESULT: {"script":"<script> [776 bytes]","args":[{"enterText":"200","selector":{"id":"application-manageconditionprice-display-component---newCondition--condValue","interaction":{"idSuffix":"inner"}},"clearTextFirst":true,"interactionType":"ENTER_TEXT"}]}
COMMAND: POST /session/4ca0da1f05d229fab0c05732b1ad37d0/execute/async - {"script":"<script> [1562 bytes]","args":[{"selector":{"id":"application-manageconditionprice-display-component---newCondition--condCurr-arrow"},"wdio_ui5_key":"applicationmanageconditionprice-display-component---newCondition--condCurr-arrow"}]}
RESULT: {"script":"<script> [1562 bytes]","args":[{"selector":{"id":"application-manageconditionprice-display-component---newCondition--condCurr-arrow"},"wdio_ui5_key":"applicationmanageconditionprice-display-component---newCondition--condCurr-arrow"}]}
RESULT: undefined
COMMAND: POST /session/4ca0da1f05d229fab0c05732b1ad37d0/element - {"using":"xpath","value":"//*[@id=\"application-manageconditionprice-display-component---newCondition--condCurr-arrow\"]"}
RESULT: {"using":"xpath","value":"//*[@id=\"application-manageconditionprice-display-component---newCondition--condCurr-arrow\"]"}
COMMAND: POST /session/4ca0da1f05d229fab0c05732b1ad37d0/element/f.D01EC4AF0A1BFC1E8396569751E97BC9.d.6FAB658AFB5C813FC76D2F1E66A28DA6.e.6337/click - {}
RESULT: {}
COMMAND: POST /session/4ca0da1f05d229fab0c05732b1ad37d0/element - {"using":"xpath","value":"//span[contains(text(), \"Euro\")]"}
COMMAND: GET /session/4ca0da1f05d229fab0c05732b1ad37d0/screenshot - {}
RESULT: {"using":"xpath","value":"//span[contains(text(), \"Euro\")]"}
COMMAND: POST /session/4ca0da1f05d229fab0c05732b1ad37d0/element/f.D01EC4AF0A1BFC1E8396569751E97BC9.d.6FAB658AFB5C813FC76D2F1E66A28DA6.e.6405/click - {}
RESULT: {}
RESULT: {}
COMMAND: POST /session/4ca0da1f05d229fab0c05732b1ad37d0/element - {"using":"xpath","value":"//button[@data-kt=\"saveButton\"]"}
COMMAND: GET /session/4ca0da1f05d229fab0c05732b1ad37d0/screenshot - {}
RESULT: {"using":"xpath","value":"//button[@data-kt=\"saveButton\"]"}
COMMAND: POST /session/4ca0da1f05d229fab0c05732b1ad37d0/element/f.D01EC4AF0A1BFC1E8396569751E97BC9.d.6FAB658AFB5C813FC76D2F1E66A28DA6.e.6338/click - {}
RESULT: {}
RESULT: {}
COMMAND: GET /session/4ca0da1f05d229fab0c05732b1ad37d0/screenshot - {}
RESULT: {}
COMMAND: POST /session/4ca0da1f05d229fab0c05732b1ad37d0/execute/async - {"script":"<script> [1562 bytes]","args":[{"selector":{"id":"application-manageconditionprice-display-component---conditions--smartFilterBar-btnBasicSearch","interaction":{"idSuffix":"I"}},"wdio_ui5_key":"applicationmanageconditionprice-display-component---conditions--smartFilterBar-btnBasicSearch"}]}
RESULT: {"script":"<script> [1562 bytes]","args":[{"selector":{"id":"application-manageconditionprice-display-component---conditions--smartFilterBar-btnBasicSearch","interaction":{"idSuffix":"I"}},"wdio_ui5_key":"applicationmanageconditionprice-display-component---conditions--smartFilterBar-btnBasicSearch"}]}
RESULT: undefined
COMMAND: POST /session/4ca0da1f05d229fab0c05732b1ad37d0/execute/async - {"script":"<script> [776 bytes]","args":[{"enterText":"GghteDC2jy","selector":{"id":"application-manageconditionprice-display-component---conditions--smartFilterBar-btnBasicSearch","interaction":{"idSuffix":"I"}},"clearTextFirst":true,"interactionType":"ENTER_TEXT"}]}
RESULT: {"script":"<script> [776 bytes]","args":[{"enterText":"GghteDC2jy","selector":{"id":"application-manageconditionprice-display-component---conditions--smartFilterBar-btnBasicSearch","interaction":{"idSuffix":"I"}},"clearTextFirst":true,"interactionType":"ENTER_TEXT"}]}
COMMAND: POST /session/4ca0da1f05d229fab0c05732b1ad37d0/actions - {"actions":[{"id":"action23","type":"key","parameters":{},"actions":[{"type":"keyDown","value":"î€‡"},{"type":"pause","duration":10},{"type":"keyUp","value":"î€‡"}]}]}
RESULT: {"actions":[{"id":"action23","type":"key","parameters":{},"actions":[{"type":"keyDown","value":"î€‡"},{"type":"pause","duration":10},{"type":"keyUp","value":"î€‡"}]}]}
COMMAND: GET /session/4ca0da1f05d229fab0c05732b1ad37d0/screenshot - {}
RESULT: {}
COMMAND: POST /session/4ca0da1f05d229fab0c05732b1ad37d0/execute/async - {"script":"<script> [1562 bytes]","args":[{"selector":{"id":"application-manageconditionprice-display-component---conditions--smartFilterBar-filterItemControl_BASIC-BILL_TYPES-vhi"},"wdio_ui5_key":"applicationmanageconditionprice-display-component---conditions--smartFilterBar-filterItemControl_BASIC-BILL_TYPES-vhi"}]}
RESULT: {"script":"<script> [1562 bytes]","args":[{"selector":{"id":"application-manageconditionprice-display-component---conditions--smartFilterBar-filterItemControl_BASIC-BILL_TYPES-vhi"},"wdio_ui5_key":"applicationmanageconditionprice-display-component---conditions--smartFilterBar-filterItemControl_BASIC-BILL_TYPES-vhi"}]}
RESULT: undefined
COMMAND: POST /session/4ca0da1f05d229fab0c05732b1ad37d0/element - {"using":"xpath","value":"//*[@id=\"application-manageconditionprice-display-component---conditions--smartFilterBar-filterItemControl_BASIC-BILL_TYPES-vhi\"]"}
RESULT: {"using":"xpath","value":"//*[@id=\"application-manageconditionprice-display-component---conditions--smartFilterBar-filterItemControl_BASIC-BILL_TYPES-vhi\"]"}
COMMAND: POST /session/4ca0da1f05d229fab0c05732b1ad37d0/element/f.D01EC4AF0A1BFC1E8396569751E97BC9.d.6FAB658AFB5C813FC76D2F1E66A28DA6.e.6511/click - {}
RESULT: {}
COMMAND: POST /session/4ca0da1f05d229fab0c05732b1ad37d0/execute/async - {"script":"<script> [1562 bytes]","args":[{"selector":{"id":"application-manageconditionprice-display-component---conditions--smartFilterBar-filterItemControl_BASIC-BILL_TYPES-valueHelpDialog-smartFilterBar-btnBasicSearch","searchOpenDialogs":true,"interaction":{"idSuffix":"I"}},"wdio_ui5_key":"applicationmanageconditionprice-display-component---conditions--smartFilterBar-filterItemControl_BASIC-BILL_TYPES-valueHelpDialog-smartFilterBar-btnBasicSearch"}]}
COMMAND: GET /session/4ca0da1f05d229fab0c05732b1ad37d0/screenshot - {}
RESULT: {"script":"<script> [1562 bytes]","args":[{"selector":{"id":"application-manageconditionprice-display-component---conditions--smartFilterBar-filterItemControl_BASIC-BILL_TYPES-valueHelpDialog-smartFilterBar-btnBasicSearch","searchOpenDialogs":true,"interaction":{"idSuffix":"I"}},"wdio_ui5_key":"applicationmanageconditionprice-display-component---conditions--smartFilterBar-filterItemControl_BASIC-BILL_TYPES-valueHelpDialog-smartFilterBar-btnBasicSearch"}]}
RESULT: undefined
COMMAND: POST /session/4ca0da1f05d229fab0c05732b1ad37d0/execute/async - {"script":"<script> [776 bytes]","args":[{"enterText":"one","selector":{"id":"application-manageconditionprice-display-component---conditions--smartFilterBar-filterItemControl_BASIC-BILL_TYPES-valueHelpDialog-smartFilterBar-btnBasicSearch","searchOpenDialogs":true,"interaction":{"idSuffix":"I"}},"clearTextFirst":true,"interactionType":"ENTER_TEXT"}]}
RESULT: {}
RESULT: {"script":"<script> [776 bytes]","args":[{"enterText":"one","selector":{"id":"application-manageconditionprice-display-component---conditions--smartFilterBar-filterItemControl_BASIC-BILL_TYPES-valueHelpDialog-smartFilterBar-btnBasicSearch","searchOpenDialogs":true,"interaction":{"idSuffix":"I"}},"clearTextFirst":true,"interactionType":"ENTER_TEXT"}]}
COMMAND: POST /session/4ca0da1f05d229fab0c05732b1ad37d0/actions - {"actions":[{"id":"action24","type":"key","parameters":{},"actions":[{"type":"keyDown","value":"î€‡"},{"type":"pause","duration":10},{"type":"keyUp","value":"î€‡"}]}]}
RESULT: {"actions":[{"id":"action24","type":"key","parameters":{},"actions":[{"type":"keyDown","value":"î€‡"},{"type":"pause","duration":10},{"type":"keyUp","value":"î€‡"}]}]}
COMMAND: GET /session/4ca0da1f05d229fab0c05732b1ad37d0/screenshot - {}
RESULT: {}
COMMAND: POST /session/4ca0da1f05d229fab0c05732b1ad37d0/element - {"using":"xpath","value":"//div[contains(@id, 'application-manageconditionprice-display-component---conditions--smartFilterBar-filterItemControl_BASIC-BILL_TYPES-valueHelpDialog-table-rowsel0')]"}
RESULT: {"using":"xpath","value":"//div[contains(@id, 'application-manageconditionprice-display-component---conditions--smartFilterBar-filterItemControl_BASIC-BILL_TYPES-valueHelpDialog-table-rowsel0')]"}
COMMAND: POST /session/4ca0da1f05d229fab0c05732b1ad37d0/element/f.D01EC4AF0A1BFC1E8396569751E97BC9.d.6FAB658AFB5C813FC76D2F1E66A28DA6.e.6521/click - {}
RESULT: {}
COMMAND: GET /session/4ca0da1f05d229fab0c05732b1ad37d0/screenshot - {}
RESULT: {}
COMMAND: POST /session/4ca0da1f05d229fab0c05732b1ad37d0/element - {"using":"xpath","value":"//bdi[contains(text(), \"OK\")]"}
RESULT: {"using":"xpath","value":"//bdi[contains(text(), \"OK\")]"}
COMMAND: POST /session/4ca0da1f05d229fab0c05732b1ad37d0/element/f.D01EC4AF0A1BFC1E8396569751E97BC9.d.6FAB658AFB5C813FC76D2F1E66A28DA6.e.6523/click - {}
RESULT: {}
COMMAND: GET /session/4ca0da1f05d229fab0c05732b1ad37d0/screenshot - {}
RESULT: {}
COMMAND: POST /session/4ca0da1f05d229fab0c05732b1ad37d0/element - {"using":"xpath","value":"//span[@id=\"application-manageconditionprice-display-component---conditions--smartTable-header-inner\"]"}
RESULT: {"using":"xpath","value":"//span[@id=\"application-manageconditionprice-display-component---conditions--smartTable-header-inner\"]"}
COMMAND: POST /session/4ca0da1f05d229fab0c05732b1ad37d0/elements - {"using":"xpath","value":"//span[@id=\"application-manageconditionprice-display-component---conditions--smartTable-header-inner\"]"}
RESULT: {"using":"xpath","value":"//span[@id=\"application-manageconditionprice-display-component---conditions--smartTable-header-inner\"]"}
COMMAND: POST /session/4ca0da1f05d229fab0c05732b1ad37d0/execute/sync - {"script":"<script> [56 bytes]","args":[{"element-6066-11e4-a52e-4f735466cecf":"f.D01EC4AF0A1BFC1E8396569751E97BC9.d.6FAB658AFB5C813FC76D2F1E66A28DA6.e.6526","ELEMENT":"f.D01EC4AF0A1BFC1E8396569751E97BC9.d.6FAB658AFB5C813FC76D2F1E66A28DA6.e.6526"}]}
RESULT: {"script":"<script> [56 bytes]","args":[{"element-6066-11e4-a52e-4f735466cecf":"f.D01EC4AF0A1BFC1E8396569751E97BC9.d.6FAB658AFB5C813FC76D2F1E66A28DA6.e.6526","ELEMENT":"f.D01EC4AF0A1BFC1E8396569751E97BC9.d.6FAB658AFB5C813FC76D2F1E66A28DA6.e.6526"}]}
COMMAND: POST /session/4ca0da1f05d229fab0c05732b1ad37d0/element - {"using":"css selector","value":"#shell-header-logo"}
COMMAND: GET /session/4ca0da1f05d229fab0c05732b1ad37d0/screenshot - {}
RESULT: {"using":"css selector","value":"#shell-header-logo"}
COMMAND: POST /session/4ca0da1f05d229fab0c05732b1ad37d0/element/f.D01EC4AF0A1BFC1E8396569751E97BC9.d.6FAB658AFB5C813FC76D2F1E66A28DA6.e.6157/click - {}
RESULT: {}
RESULT: {}
COMMAND: GET /session/4ca0da1f05d229fab0c05732b1ad37d0/screenshot - {}
RESULT: {}
]]></system-out>
    </testcase>
    <testcase classname="chrome.135_0_7049_96.windows.Create_master_data_for_mixed_billing_&amp;_do_billing_calculation_US151661" name="Should add performance based condition" time="65.796">
      <system-out><![CDATA[
RESULT: undefined
COMMAND: POST /session/4ca0da1f05d229fab0c05732b1ad37d0/element - {"using":"xpath","value":"//*[@id=\"__tile53-title\"]"}
RESULT: {"using":"xpath","value":"//*[@id=\"__tile53-title\"]"}
COMMAND: POST /session/4ca0da1f05d229fab0c05732b1ad37d0/element/f.D01EC4AF0A1BFC1E8396569751E97BC9.d.6FAB658AFB5C813FC76D2F1E66A28DA6.e.6155/click - {}
RESULT: {}
COMMAND: POST /session/4ca0da1f05d229fab0c05732b1ad37d0/element - {"using":"xpath","value":"//button[@aria-label=\"Create\"]"}
COMMAND: GET /session/4ca0da1f05d229fab0c05732b1ad37d0/screenshot - {}
RESULT: {"using":"xpath","value":"//button[@aria-label=\"Create\"]"}
COMMAND: POST /session/4ca0da1f05d229fab0c05732b1ad37d0/elements - {"using":"xpath","value":"//button[@aria-label=\"Create\"]"}
RESULT: {}
RESULT: {"using":"xpath","value":"//button[@aria-label=\"Create\"]"}
COMMAND: POST /session/4ca0da1f05d229fab0c05732b1ad37d0/execute/sync - {"script":"<script> [8489 bytes]","args":[{"element-6066-11e4-a52e-4f735466cecf":"f.D01EC4AF0A1BFC1E8396569751E97BC9.d.6FAB658AFB5C813FC76D2F1E66A28DA6.e.6569","ELEMENT":"f.D01EC4AF0A1BFC1E8396569751E97BC9.d.6FAB658AFB5C813FC76D2F1E66A28DA6.e.6569"}]}
RESULT: {"script":"<script> [8489 bytes]","args":[{"element-6066-11e4-a52e-4f735466cecf":"f.D01EC4AF0A1BFC1E8396569751E97BC9.d.6FAB658AFB5C813FC76D2F1E66A28DA6.e.6569","ELEMENT":"f.D01EC4AF0A1BFC1E8396569751E97BC9.d.6FAB658AFB5C813FC76D2F1E66A28DA6.e.6569"}]}
COMMAND: GET /session/4ca0da1f05d229fab0c05732b1ad37d0/element/f.D01EC4AF0A1BFC1E8396569751E97BC9.d.6FAB658AFB5C813FC76D2F1E66A28DA6.e.6569/enabled - {}
COMMAND: GET /session/4ca0da1f05d229fab0c05732b1ad37d0/screenshot - {}
RESULT: {}
COMMAND: POST /session/4ca0da1f05d229fab0c05732b1ad37d0/execute/sync - {"script":"<script> [8489 bytes]","args":[{"element-6066-11e4-a52e-4f735466cecf":"f.D01EC4AF0A1BFC1E8396569751E97BC9.d.6FAB658AFB5C813FC76D2F1E66A28DA6.e.6569","ELEMENT":"f.D01EC4AF0A1BFC1E8396569751E97BC9.d.6FAB658AFB5C813FC76D2F1E66A28DA6.e.6569"}]}
COMMAND: GET /session/4ca0da1f05d229fab0c05732b1ad37d0/screenshot - {}
RESULT: {}
RESULT: {"script":"<script> [8489 bytes]","args":[{"element-6066-11e4-a52e-4f735466cecf":"f.D01EC4AF0A1BFC1E8396569751E97BC9.d.6FAB658AFB5C813FC76D2F1E66A28DA6.e.6569","ELEMENT":"f.D01EC4AF0A1BFC1E8396569751E97BC9.d.6FAB658AFB5C813FC76D2F1E66A28DA6.e.6569"}]}
COMMAND: POST /session/4ca0da1f05d229fab0c05732b1ad37d0/execute/sync - {"script":"<script> [5351 bytes]","args":[{"element-6066-11e4-a52e-4f735466cecf":"f.D01EC4AF0A1BFC1E8396569751E97BC9.d.6FAB658AFB5C813FC76D2F1E66A28DA6.e.6569","ELEMENT":"f.D01EC4AF0A1BFC1E8396569751E97BC9.d.6FAB658AFB5C813FC76D2F1E66A28DA6.e.6569"}]}
COMMAND: GET /session/4ca0da1f05d229fab0c05732b1ad37d0/screenshot - {}
RESULT: {}
RESULT: {"script":"<script> [5351 bytes]","args":[{"element-6066-11e4-a52e-4f735466cecf":"f.D01EC4AF0A1BFC1E8396569751E97BC9.d.6FAB658AFB5C813FC76D2F1E66A28DA6.e.6569","ELEMENT":"f.D01EC4AF0A1BFC1E8396569751E97BC9.d.6FAB658AFB5C813FC76D2F1E66A28DA6.e.6569"}]}
COMMAND: POST /session/4ca0da1f05d229fab0c05732b1ad37d0/element/f.D01EC4AF0A1BFC1E8396569751E97BC9.d.6FAB658AFB5C813FC76D2F1E66A28DA6.e.6569/click - {}
COMMAND: GET /session/4ca0da1f05d229fab0c05732b1ad37d0/screenshot - {}
RESULT: {}
RESULT: {}
COMMAND: GET /session/4ca0da1f05d229fab0c05732b1ad37d0/screenshot - {}
RESULT: {}
RESULT: {}
COMMAND: POST /session/4ca0da1f05d229fab0c05732b1ad37d0/actions - {"actions":[{"id":"action25","type":"key","parameters":{},"actions":[{"type":"keyDown","value":"î€‡"},{"type":"pause","duration":10},{"type":"keyUp","value":"î€‡"}]}]}
RESULT: {"actions":[{"id":"action25","type":"key","parameters":{},"actions":[{"type":"keyDown","value":"î€‡"},{"type":"pause","duration":10},{"type":"keyUp","value":"î€‡"}]}]}
COMMAND: GET /session/4ca0da1f05d229fab0c05732b1ad37d0/screenshot - {}
RESULT: undefined
COMMAND: POST /session/4ca0da1f05d229fab0c05732b1ad37d0/element - {"using":"xpath","value":"//*[@id=\"application-manageconditionprice-display-component---newCondition--condBillCond-arrow\"]"}
RESULT: {}
RESULT: {"using":"xpath","value":"//*[@id=\"application-manageconditionprice-display-component---newCondition--condBillCond-arrow\"]"}
COMMAND: POST /session/4ca0da1f05d229fab0c05732b1ad37d0/element/f.D01EC4AF0A1BFC1E8396569751E97BC9.d.6FAB658AFB5C813FC76D2F1E66A28DA6.e.7062/click - {}
RESULT: {}
COMMAND: GET /session/4ca0da1f05d229fab0c05732b1ad37d0/screenshot - {}
RESULT: {}
COMMAND: POST /session/4ca0da1f05d229fab0c05732b1ad37d0/element - {"using":"xpath","value":"//li[.//span[contains(text(), \"PC06 - Performance Price - fuel\")]]"}
RESULT: {"using":"xpath","value":"//li[.//span[contains(text(), \"PC06 - Performance Price - fuel\")]]"}
COMMAND: POST /session/4ca0da1f05d229fab0c05732b1ad37d0/element/f.D01EC4AF0A1BFC1E8396569751E97BC9.d.6FAB658AFB5C813FC76D2F1E66A28DA6.e.7065/click - {}
RESULT: {}
COMMAND: GET /session/4ca0da1f05d229fab0c05732b1ad37d0/screenshot - {}
RESULT: {}
RESULT: undefined
COMMAND: POST /session/4ca0da1f05d229fab0c05732b1ad37d0/execute/async - {"script":"<script> [776 bytes]","args":[{"enterText":"12/29/25","selector":{"id":"application-manageconditionprice-display-component---newCondition--condValidTo","interaction":{"idSuffix":"inner"}},"clearTextFirst":true,"interactionType":"ENTER_TEXT"}]}
RESULT: {"script":"<script> [776 bytes]","args":[{"enterText":"12/29/25","selector":{"id":"application-manageconditionprice-display-component---newCondition--condValidTo","interaction":{"idSuffix":"inner"}},"clearTextFirst":true,"interactionType":"ENTER_TEXT"}]}
COMMAND: POST /session/4ca0da1f05d229fab0c05732b1ad37d0/element - {"using":"xpath","value":"//input[@id=\"application-manageconditionprice-display-component---newCondition--condRU-inner\"]"}
RESULT: {"using":"xpath","value":"//input[@id=\"application-manageconditionprice-display-component---newCondition--condRU-inner\"]"}
COMMAND: POST /session/4ca0da1f05d229fab0c05732b1ad37d0/element/f.D01EC4AF0A1BFC1E8396569751E97BC9.d.6FAB658AFB5C813FC76D2F1E66A28DA6.e.6736/clear - {}
RESULT: {}
COMMAND: POST /session/4ca0da1f05d229fab0c05732b1ad37d0/element/f.D01EC4AF0A1BFC1E8396569751E97BC9.d.6FAB658AFB5C813FC76D2F1E66A28DA6.e.6736/value - {"text":"GghteDC2jy"}
COMMAND: GET /session/4ca0da1f05d229fab0c05732b1ad37d0/screenshot - {}
RESULT: {"text":"GghteDC2jy"}
COMMAND: GET /session/4ca0da1f05d229fab0c05732b1ad37d0/screenshot - {}
RESULT: {}
RESULT: {}
COMMAND: POST /session/4ca0da1f05d229fab0c05732b1ad37d0/actions - {"actions":[{"id":"action26","type":"key","parameters":{},"actions":[{"type":"keyDown","value":"î€‡"},{"type":"pause","duration":10},{"type":"keyUp","value":"î€‡"}]}]}
RESULT: {"actions":[{"id":"action26","type":"key","parameters":{},"actions":[{"type":"keyDown","value":"î€‡"},{"type":"pause","duration":10},{"type":"keyUp","value":"î€‡"}]}]}
RESULT: undefined
COMMAND: POST /session/4ca0da1f05d229fab0c05732b1ad37d0/execute/async - {"script":"<script> [776 bytes]","args":[{"enterText":"1","selector":{"id":"application-manageconditionprice-display-component---newCondition--condBaseQty","interaction":{"idSuffix":"inner"}},"clearTextFirst":true,"interactionType":"ENTER_TEXT"}]}
COMMAND: GET /session/4ca0da1f05d229fab0c05732b1ad37d0/screenshot - {}
RESULT: {"script":"<script> [776 bytes]","args":[{"enterText":"1","selector":{"id":"application-manageconditionprice-display-component---newCondition--condBaseQty","interaction":{"idSuffix":"inner"}},"clearTextFirst":true,"interactionType":"ENTER_TEXT"}]}
RESULT: undefined
COMMAND: POST /session/4ca0da1f05d229fab0c05732b1ad37d0/execute/async - {"script":"<script> [776 bytes]","args":[{"enterText":"10","selector":{"id":"application-manageconditionprice-display-component---newCondition--condValue","interaction":{"idSuffix":"inner"}},"clearTextFirst":true,"interactionType":"ENTER_TEXT"}]}
RESULT: {}
RESULT: {"script":"<script> [776 bytes]","args":[{"enterText":"10","selector":{"id":"application-manageconditionprice-display-component---newCondition--condValue","interaction":{"idSuffix":"inner"}},"clearTextFirst":true,"interactionType":"ENTER_TEXT"}]}
RESULT: undefined
COMMAND: POST /session/4ca0da1f05d229fab0c05732b1ad37d0/element - {"using":"xpath","value":"//*[@id=\"application-manageconditionprice-display-component---newCondition--condCurr-arrow\"]"}
RESULT: {"using":"xpath","value":"//*[@id=\"application-manageconditionprice-display-component---newCondition--condCurr-arrow\"]"}
COMMAND: POST /session/4ca0da1f05d229fab0c05732b1ad37d0/element/f.D01EC4AF0A1BFC1E8396569751E97BC9.d.6FAB658AFB5C813FC76D2F1E66A28DA6.e.7017/click - {}
RESULT: {}
COMMAND: POST /session/4ca0da1f05d229fab0c05732b1ad37d0/element - {"using":"xpath","value":"//span[contains(text(), \"Euro\")]"}
COMMAND: GET /session/4ca0da1f05d229fab0c05732b1ad37d0/screenshot - {}
RESULT: {"using":"xpath","value":"//span[contains(text(), \"Euro\")]"}
COMMAND: POST /session/4ca0da1f05d229fab0c05732b1ad37d0/element/f.D01EC4AF0A1BFC1E8396569751E97BC9.d.6FAB658AFB5C813FC76D2F1E66A28DA6.e.7100/click - {}
RESULT: {}
RESULT: {}
COMMAND: POST /session/4ca0da1f05d229fab0c05732b1ad37d0/element - {"using":"xpath","value":"//button[@data-kt=\"saveButton\"]"}
COMMAND: GET /session/4ca0da1f05d229fab0c05732b1ad37d0/screenshot - {}
RESULT: {"using":"xpath","value":"//button[@data-kt=\"saveButton\"]"}
COMMAND: POST /session/4ca0da1f05d229fab0c05732b1ad37d0/element/f.D01EC4AF0A1BFC1E8396569751E97BC9.d.6FAB658AFB5C813FC76D2F1E66A28DA6.e.7018/click - {}
RESULT: {}
RESULT: {}
COMMAND: GET /session/4ca0da1f05d229fab0c05732b1ad37d0/screenshot - {}
RESULT: {}
RESULT: undefined
COMMAND: POST /session/4ca0da1f05d229fab0c05732b1ad37d0/execute/async - {"script":"<script> [776 bytes]","args":[{"enterText":"GghteDC2jy","selector":{"id":"application-manageconditionprice-display-component---conditions--smartFilterBar-btnBasicSearch","interaction":{"idSuffix":"I"}},"clearTextFirst":true,"interactionType":"ENTER_TEXT"}]}
RESULT: {"script":"<script> [776 bytes]","args":[{"enterText":"GghteDC2jy","selector":{"id":"application-manageconditionprice-display-component---conditions--smartFilterBar-btnBasicSearch","interaction":{"idSuffix":"I"}},"clearTextFirst":true,"interactionType":"ENTER_TEXT"}]}
COMMAND: POST /session/4ca0da1f05d229fab0c05732b1ad37d0/actions - {"actions":[{"id":"action27","type":"key","parameters":{},"actions":[{"type":"keyDown","value":"î€‡"},{"type":"pause","duration":10},{"type":"keyUp","value":"î€‡"}]}]}
RESULT: {"actions":[{"id":"action27","type":"key","parameters":{},"actions":[{"type":"keyDown","value":"î€‡"},{"type":"pause","duration":10},{"type":"keyUp","value":"î€‡"}]}]}
COMMAND: GET /session/4ca0da1f05d229fab0c05732b1ad37d0/screenshot - {}
RESULT: {}
RESULT: undefined
COMMAND: POST /session/4ca0da1f05d229fab0c05732b1ad37d0/element - {"using":"xpath","value":"//*[@id=\"application-manageconditionprice-display-component---conditions--smartFilterBar-filterItemControl_BASIC-BILL_TYPES-vhi\"]"}
RESULT: {"using":"xpath","value":"//*[@id=\"application-manageconditionprice-display-component---conditions--smartFilterBar-filterItemControl_BASIC-BILL_TYPES-vhi\"]"}
COMMAND: POST /session/4ca0da1f05d229fab0c05732b1ad37d0/element/f.D01EC4AF0A1BFC1E8396569751E97BC9.d.6FAB658AFB5C813FC76D2F1E66A28DA6.e.7354/click - {}
RESULT: {}
RESULT: undefined
COMMAND: POST /session/4ca0da1f05d229fab0c05732b1ad37d0/execute/async - {"script":"<script> [776 bytes]","args":[{"enterText":"PB","selector":{"id":"application-manageconditionprice-display-component---conditions--smartFilterBar-filterItemControl_BASIC-BILL_TYPES-valueHelpDialog-smartFilterBar-btnBasicSearch","searchOpenDialogs":true,"interaction":{"idSuffix":"I"}},"clearTextFirst":true,"interactionType":"ENTER_TEXT"}]}
COMMAND: GET /session/4ca0da1f05d229fab0c05732b1ad37d0/screenshot - {}
RESULT: {"script":"<script> [776 bytes]","args":[{"enterText":"PB","selector":{"id":"application-manageconditionprice-display-component---conditions--smartFilterBar-filterItemControl_BASIC-BILL_TYPES-valueHelpDialog-smartFilterBar-btnBasicSearch","searchOpenDialogs":true,"interaction":{"idSuffix":"I"}},"clearTextFirst":true,"interactionType":"ENTER_TEXT"}]}
COMMAND: POST /session/4ca0da1f05d229fab0c05732b1ad37d0/actions - {"actions":[{"id":"action28","type":"key","parameters":{},"actions":[{"type":"keyDown","value":"î€‡"},{"type":"pause","duration":10},{"type":"keyUp","value":"î€‡"}]}]}
RESULT: {}
RESULT: {"actions":[{"id":"action28","type":"key","parameters":{},"actions":[{"type":"keyDown","value":"î€‡"},{"type":"pause","duration":10},{"type":"keyUp","value":"î€‡"}]}]}
COMMAND: GET /session/4ca0da1f05d229fab0c05732b1ad37d0/screenshot - {}
RESULT: {}
COMMAND: POST /session/4ca0da1f05d229fab0c05732b1ad37d0/element - {"using":"xpath","value":"//div[contains(@id, 'application-manageconditionprice-display-component---conditions--smartFilterBar-filterItemControl_BASIC-BILL_TYPES-valueHelpDialog-table-rowsel0')]"}
RESULT: {"using":"xpath","value":"//div[contains(@id, 'application-manageconditionprice-display-component---conditions--smartFilterBar-filterItemControl_BASIC-BILL_TYPES-valueHelpDialog-table-rowsel0')]"}
COMMAND: POST /session/4ca0da1f05d229fab0c05732b1ad37d0/element/f.D01EC4AF0A1BFC1E8396569751E97BC9.d.6FAB658AFB5C813FC76D2F1E66A28DA6.e.7362/click - {}
RESULT: {}
COMMAND: GET /session/4ca0da1f05d229fab0c05732b1ad37d0/screenshot - {}
RESULT: {}
COMMAND: POST /session/4ca0da1f05d229fab0c05732b1ad37d0/element - {"using":"xpath","value":"//bdi[contains(text(), \"OK\")]"}
RESULT: {"using":"xpath","value":"//bdi[contains(text(), \"OK\")]"}
COMMAND: POST /session/4ca0da1f05d229fab0c05732b1ad37d0/element/f.D01EC4AF0A1BFC1E8396569751E97BC9.d.6FAB658AFB5C813FC76D2F1E66A28DA6.e.7364/click - {}
RESULT: {}
COMMAND: GET /session/4ca0da1f05d229fab0c05732b1ad37d0/screenshot - {}
RESULT: {}
COMMAND: POST /session/4ca0da1f05d229fab0c05732b1ad37d0/element - {"using":"xpath","value":"//span[@id=\"application-manageconditionprice-display-component---conditions--smartTable-header-inner\"]"}
RESULT: {"using":"xpath","value":"//span[@id=\"application-manageconditionprice-display-component---conditions--smartTable-header-inner\"]"}
COMMAND: POST /session/4ca0da1f05d229fab0c05732b1ad37d0/elements - {"using":"xpath","value":"//span[@id=\"application-manageconditionprice-display-component---conditions--smartTable-header-inner\"]"}
RESULT: {"using":"xpath","value":"//span[@id=\"application-manageconditionprice-display-component---conditions--smartTable-header-inner\"]"}
COMMAND: POST /session/4ca0da1f05d229fab0c05732b1ad37d0/execute/sync - {"script":"<script> [56 bytes]","args":[{"element-6066-11e4-a52e-4f735466cecf":"f.D01EC4AF0A1BFC1E8396569751E97BC9.d.6FAB658AFB5C813FC76D2F1E66A28DA6.e.7367","ELEMENT":"f.D01EC4AF0A1BFC1E8396569751E97BC9.d.6FAB658AFB5C813FC76D2F1E66A28DA6.e.7367"}]}
RESULT: {"script":"<script> [56 bytes]","args":[{"element-6066-11e4-a52e-4f735466cecf":"f.D01EC4AF0A1BFC1E8396569751E97BC9.d.6FAB658AFB5C813FC76D2F1E66A28DA6.e.7367","ELEMENT":"f.D01EC4AF0A1BFC1E8396569751E97BC9.d.6FAB658AFB5C813FC76D2F1E66A28DA6.e.7367"}]}
COMMAND: POST /session/4ca0da1f05d229fab0c05732b1ad37d0/element - {"using":"css selector","value":"#shell-header-logo"}
COMMAND: GET /session/4ca0da1f05d229fab0c05732b1ad37d0/screenshot - {}
RESULT: {"using":"css selector","value":"#shell-header-logo"}
COMMAND: POST /session/4ca0da1f05d229fab0c05732b1ad37d0/element/f.D01EC4AF0A1BFC1E8396569751E97BC9.d.6FAB658AFB5C813FC76D2F1E66A28DA6.e.6534/click - {}
RESULT: {}
RESULT: {}
COMMAND: GET /session/4ca0da1f05d229fab0c05732b1ad37d0/screenshot - {}
RESULT: {}
]]></system-out>
    </testcase>
    <testcase classname="chrome.135_0_7049_96.windows.Create_master_data_for_mixed_billing_&amp;_do_billing_calculation_US151661" name="Should add time based condition" time="66.582">
      <system-out><![CDATA[
RESULT: undefined
COMMAND: POST /session/4ca0da1f05d229fab0c05732b1ad37d0/element - {"using":"xpath","value":"//*[@id=\"__tile53-title\"]"}
RESULT: {"using":"xpath","value":"//*[@id=\"__tile53-title\"]"}
COMMAND: POST /session/4ca0da1f05d229fab0c05732b1ad37d0/element/f.D01EC4AF0A1BFC1E8396569751E97BC9.d.6FAB658AFB5C813FC76D2F1E66A28DA6.e.6155/click - {}
RESULT: {}
COMMAND: POST /session/4ca0da1f05d229fab0c05732b1ad37d0/element - {"using":"xpath","value":"//button[@aria-label=\"Create\"]"}
COMMAND: GET /session/4ca0da1f05d229fab0c05732b1ad37d0/screenshot - {}
RESULT: {"using":"xpath","value":"//button[@aria-label=\"Create\"]"}
COMMAND: POST /session/4ca0da1f05d229fab0c05732b1ad37d0/elements - {"using":"xpath","value":"//button[@aria-label=\"Create\"]"}
RESULT: {}
RESULT: {"using":"xpath","value":"//button[@aria-label=\"Create\"]"}
COMMAND: POST /session/4ca0da1f05d229fab0c05732b1ad37d0/execute/sync - {"script":"<script> [8489 bytes]","args":[{"element-6066-11e4-a52e-4f735466cecf":"f.D01EC4AF0A1BFC1E8396569751E97BC9.d.6FAB658AFB5C813FC76D2F1E66A28DA6.e.7407","ELEMENT":"f.D01EC4AF0A1BFC1E8396569751E97BC9.d.6FAB658AFB5C813FC76D2F1E66A28DA6.e.7407"}]}
RESULT: {"script":"<script> [8489 bytes]","args":[{"element-6066-11e4-a52e-4f735466cecf":"f.D01EC4AF0A1BFC1E8396569751E97BC9.d.6FAB658AFB5C813FC76D2F1E66A28DA6.e.7407","ELEMENT":"f.D01EC4AF0A1BFC1E8396569751E97BC9.d.6FAB658AFB5C813FC76D2F1E66A28DA6.e.7407"}]}
COMMAND: GET /session/4ca0da1f05d229fab0c05732b1ad37d0/element/f.D01EC4AF0A1BFC1E8396569751E97BC9.d.6FAB658AFB5C813FC76D2F1E66A28DA6.e.7407/enabled - {}
COMMAND: GET /session/4ca0da1f05d229fab0c05732b1ad37d0/screenshot - {}
RESULT: {}
COMMAND: POST /session/4ca0da1f05d229fab0c05732b1ad37d0/execute/sync - {"script":"<script> [8489 bytes]","args":[{"element-6066-11e4-a52e-4f735466cecf":"f.D01EC4AF0A1BFC1E8396569751E97BC9.d.6FAB658AFB5C813FC76D2F1E66A28DA6.e.7407","ELEMENT":"f.D01EC4AF0A1BFC1E8396569751E97BC9.d.6FAB658AFB5C813FC76D2F1E66A28DA6.e.7407"}]}
COMMAND: GET /session/4ca0da1f05d229fab0c05732b1ad37d0/screenshot - {}
RESULT: {}
RESULT: {"script":"<script> [8489 bytes]","args":[{"element-6066-11e4-a52e-4f735466cecf":"f.D01EC4AF0A1BFC1E8396569751E97BC9.d.6FAB658AFB5C813FC76D2F1E66A28DA6.e.7407","ELEMENT":"f.D01EC4AF0A1BFC1E8396569751E97BC9.d.6FAB658AFB5C813FC76D2F1E66A28DA6.e.7407"}]}
COMMAND: POST /session/4ca0da1f05d229fab0c05732b1ad37d0/execute/sync - {"script":"<script> [5351 bytes]","args":[{"element-6066-11e4-a52e-4f735466cecf":"f.D01EC4AF0A1BFC1E8396569751E97BC9.d.6FAB658AFB5C813FC76D2F1E66A28DA6.e.7407","ELEMENT":"f.D01EC4AF0A1BFC1E8396569751E97BC9.d.6FAB658AFB5C813FC76D2F1E66A28DA6.e.7407"}]}
COMMAND: GET /session/4ca0da1f05d229fab0c05732b1ad37d0/screenshot - {}
RESULT: {}
RESULT: {"script":"<script> [5351 bytes]","args":[{"element-6066-11e4-a52e-4f735466cecf":"f.D01EC4AF0A1BFC1E8396569751E97BC9.d.6FAB658AFB5C813FC76D2F1E66A28DA6.e.7407","ELEMENT":"f.D01EC4AF0A1BFC1E8396569751E97BC9.d.6FAB658AFB5C813FC76D2F1E66A28DA6.e.7407"}]}
COMMAND: POST /session/4ca0da1f05d229fab0c05732b1ad37d0/element/f.D01EC4AF0A1BFC1E8396569751E97BC9.d.6FAB658AFB5C813FC76D2F1E66A28DA6.e.7407/click - {}
COMMAND: GET /session/4ca0da1f05d229fab0c05732b1ad37d0/screenshot - {}
RESULT: {}
RESULT: {}
COMMAND: GET /session/4ca0da1f05d229fab0c05732b1ad37d0/screenshot - {}
RESULT: {}
RESULT: {}
COMMAND: POST /session/4ca0da1f05d229fab0c05732b1ad37d0/actions - {"actions":[{"id":"action29","type":"key","parameters":{},"actions":[{"type":"keyDown","value":"î€‡"},{"type":"pause","duration":10},{"type":"keyUp","value":"î€‡"}]}]}
RESULT: {"actions":[{"id":"action29","type":"key","parameters":{},"actions":[{"type":"keyDown","value":"î€‡"},{"type":"pause","duration":10},{"type":"keyUp","value":"î€‡"}]}]}
COMMAND: GET /session/4ca0da1f05d229fab0c05732b1ad37d0/screenshot - {}
RESULT: undefined
COMMAND: POST /session/4ca0da1f05d229fab0c05732b1ad37d0/element - {"using":"xpath","value":"//*[@id=\"application-manageconditionprice-display-component---newCondition--condBillCond-arrow\"]"}
RESULT: {}
RESULT: {"using":"xpath","value":"//*[@id=\"application-manageconditionprice-display-component---newCondition--condBillCond-arrow\"]"}
COMMAND: POST /session/4ca0da1f05d229fab0c05732b1ad37d0/element/f.D01EC4AF0A1BFC1E8396569751E97BC9.d.6FAB658AFB5C813FC76D2F1E66A28DA6.e.7891/click - {}
RESULT: {}
COMMAND: GET /session/4ca0da1f05d229fab0c05732b1ad37d0/screenshot - {}
RESULT: {}
COMMAND: POST /session/4ca0da1f05d229fab0c05732b1ad37d0/element - {"using":"xpath","value":"//li[.//span[contains(text(), \"DISP - D&I special price\")]]"}
RESULT: {"using":"xpath","value":"//li[.//span[contains(text(), \"DISP - D&I special price\")]]"}
COMMAND: POST /session/4ca0da1f05d229fab0c05732b1ad37d0/element/f.D01EC4AF0A1BFC1E8396569751E97BC9.d.6FAB658AFB5C813FC76D2F1E66A28DA6.e.7894/click - {}
RESULT: {}
COMMAND: GET /session/4ca0da1f05d229fab0c05732b1ad37d0/screenshot - {}
RESULT: {}
RESULT: undefined
COMMAND: POST /session/4ca0da1f05d229fab0c05732b1ad37d0/execute/async - {"script":"<script> [776 bytes]","args":[{"enterText":"12/29/25","selector":{"id":"application-manageconditionprice-display-component---newCondition--condValidTo","interaction":{"idSuffix":"inner"}},"clearTextFirst":true,"interactionType":"ENTER_TEXT"}]}
RESULT: {"script":"<script> [776 bytes]","args":[{"enterText":"12/29/25","selector":{"id":"application-manageconditionprice-display-component---newCondition--condValidTo","interaction":{"idSuffix":"inner"}},"clearTextFirst":true,"interactionType":"ENTER_TEXT"}]}
COMMAND: POST /session/4ca0da1f05d229fab0c05732b1ad37d0/element - {"using":"xpath","value":"//input[@id=\"application-manageconditionprice-display-component---newCondition--condRU-inner\"]"}
RESULT: {"using":"xpath","value":"//input[@id=\"application-manageconditionprice-display-component---newCondition--condRU-inner\"]"}
COMMAND: POST /session/4ca0da1f05d229fab0c05732b1ad37d0/element/f.D01EC4AF0A1BFC1E8396569751E97BC9.d.6FAB658AFB5C813FC76D2F1E66A28DA6.e.7608/clear - {}
RESULT: {}
COMMAND: POST /session/4ca0da1f05d229fab0c05732b1ad37d0/element/f.D01EC4AF0A1BFC1E8396569751E97BC9.d.6FAB658AFB5C813FC76D2F1E66A28DA6.e.7608/value - {"text":"GghteDC2jy"}
COMMAND: GET /session/4ca0da1f05d229fab0c05732b1ad37d0/screenshot - {}
RESULT: {"text":"GghteDC2jy"}
COMMAND: GET /session/4ca0da1f05d229fab0c05732b1ad37d0/screenshot - {}
RESULT: {}
RESULT: {}
COMMAND: POST /session/4ca0da1f05d229fab0c05732b1ad37d0/actions - {"actions":[{"id":"action30","type":"key","parameters":{},"actions":[{"type":"keyDown","value":"î€‡"},{"type":"pause","duration":10},{"type":"keyUp","value":"î€‡"}]}]}
RESULT: {"actions":[{"id":"action30","type":"key","parameters":{},"actions":[{"type":"keyDown","value":"î€‡"},{"type":"pause","duration":10},{"type":"keyUp","value":"î€‡"}]}]}
RESULT: undefined
COMMAND: POST /session/4ca0da1f05d229fab0c05732b1ad37d0/execute/async - {"script":"<script> [776 bytes]","args":[{"enterText":"1","selector":{"id":"application-manageconditionprice-display-component---newCondition--condBaseQty","interaction":{"idSuffix":"inner"}},"clearTextFirst":true,"interactionType":"ENTER_TEXT"}]}
COMMAND: GET /session/4ca0da1f05d229fab0c05732b1ad37d0/screenshot - {}
RESULT: {"script":"<script> [776 bytes]","args":[{"enterText":"1","selector":{"id":"application-manageconditionprice-display-component---newCondition--condBaseQty","interaction":{"idSuffix":"inner"}},"clearTextFirst":true,"interactionType":"ENTER_TEXT"}]}
RESULT: undefined
COMMAND: POST /session/4ca0da1f05d229fab0c05732b1ad37d0/execute/async - {"script":"<script> [776 bytes]","args":[{"enterText":"100","selector":{"id":"application-manageconditionprice-display-component---newCondition--condValue","interaction":{"idSuffix":"inner"}},"clearTextFirst":true,"interactionType":"ENTER_TEXT"}]}
RESULT: {}
RESULT: {"script":"<script> [776 bytes]","args":[{"enterText":"100","selector":{"id":"application-manageconditionprice-display-component---newCondition--condValue","interaction":{"idSuffix":"inner"}},"clearTextFirst":true,"interactionType":"ENTER_TEXT"}]}
RESULT: undefined
COMMAND: POST /session/4ca0da1f05d229fab0c05732b1ad37d0/element - {"using":"xpath","value":"//*[@id=\"application-manageconditionprice-display-component---newCondition--condCurr-arrow\"]"}
RESULT: {"using":"xpath","value":"//*[@id=\"application-manageconditionprice-display-component---newCondition--condCurr-arrow\"]"}
COMMAND: POST /session/4ca0da1f05d229fab0c05732b1ad37d0/element/f.D01EC4AF0A1BFC1E8396569751E97BC9.d.6FAB658AFB5C813FC76D2F1E66A28DA6.e.7841/click - {}
RESULT: {}
COMMAND: POST /session/4ca0da1f05d229fab0c05732b1ad37d0/element - {"using":"xpath","value":"//span[contains(text(), \"Euro\")]"}
COMMAND: GET /session/4ca0da1f05d229fab0c05732b1ad37d0/screenshot - {}
RESULT: {"using":"xpath","value":"//span[contains(text(), \"Euro\")]"}
COMMAND: POST /session/4ca0da1f05d229fab0c05732b1ad37d0/element/f.D01EC4AF0A1BFC1E8396569751E97BC9.d.6FAB658AFB5C813FC76D2F1E66A28DA6.e.7929/click - {}
RESULT: {}
RESULT: {}
COMMAND: POST /session/4ca0da1f05d229fab0c05732b1ad37d0/element - {"using":"xpath","value":"//button[@data-kt=\"saveButton\"]"}
COMMAND: GET /session/4ca0da1f05d229fab0c05732b1ad37d0/screenshot - {}
RESULT: {"using":"xpath","value":"//button[@data-kt=\"saveButton\"]"}
COMMAND: POST /session/4ca0da1f05d229fab0c05732b1ad37d0/element/f.D01EC4AF0A1BFC1E8396569751E97BC9.d.6FAB658AFB5C813FC76D2F1E66A28DA6.e.7842/click - {}
RESULT: {}
RESULT: {}
COMMAND: GET /session/4ca0da1f05d229fab0c05732b1ad37d0/screenshot - {}
RESULT: {}
RESULT: undefined
COMMAND: POST /session/4ca0da1f05d229fab0c05732b1ad37d0/execute/async - {"script":"<script> [776 bytes]","args":[{"enterText":"GghteDC2jy","selector":{"id":"application-manageconditionprice-display-component---conditions--smartFilterBar-btnBasicSearch","interaction":{"idSuffix":"I"}},"clearTextFirst":true,"interactionType":"ENTER_TEXT"}]}
RESULT: {"script":"<script> [776 bytes]","args":[{"enterText":"GghteDC2jy","selector":{"id":"application-manageconditionprice-display-component---conditions--smartFilterBar-btnBasicSearch","interaction":{"idSuffix":"I"}},"clearTextFirst":true,"interactionType":"ENTER_TEXT"}]}
COMMAND: POST /session/4ca0da1f05d229fab0c05732b1ad37d0/actions - {"actions":[{"id":"action31","type":"key","parameters":{},"actions":[{"type":"keyDown","value":"î€‡"},{"type":"pause","duration":10},{"type":"keyUp","value":"î€‡"}]}]}
RESULT: {"actions":[{"id":"action31","type":"key","parameters":{},"actions":[{"type":"keyDown","value":"î€‡"},{"type":"pause","duration":10},{"type":"keyUp","value":"î€‡"}]}]}
COMMAND: GET /session/4ca0da1f05d229fab0c05732b1ad37d0/screenshot - {}
RESULT: {}
RESULT: undefined
COMMAND: POST /session/4ca0da1f05d229fab0c05732b1ad37d0/element - {"using":"xpath","value":"//*[@id=\"application-manageconditionprice-display-component---conditions--smartFilterBar-filterItemControl_BASIC-BILL_TYPES-vhi\"]"}
RESULT: {"using":"xpath","value":"//*[@id=\"application-manageconditionprice-display-component---conditions--smartFilterBar-filterItemControl_BASIC-BILL_TYPES-vhi\"]"}
COMMAND: POST /session/4ca0da1f05d229fab0c05732b1ad37d0/element/f.D01EC4AF0A1BFC1E8396569751E97BC9.d.6FAB658AFB5C813FC76D2F1E66A28DA6.e.8155/click - {}
RESULT: {}
RESULT: undefined
COMMAND: POST /session/4ca0da1f05d229fab0c05732b1ad37d0/execute/async - {"script":"<script> [776 bytes]","args":[{"enterText":"TB","selector":{"id":"application-manageconditionprice-display-component---conditions--smartFilterBar-filterItemControl_BASIC-BILL_TYPES-valueHelpDialog-smartFilterBar-btnBasicSearch","searchOpenDialogs":true,"interaction":{"idSuffix":"I"}},"clearTextFirst":true,"interactionType":"ENTER_TEXT"}]}
COMMAND: GET /session/4ca0da1f05d229fab0c05732b1ad37d0/screenshot - {}
RESULT: {"script":"<script> [776 bytes]","args":[{"enterText":"TB","selector":{"id":"application-manageconditionprice-display-component---conditions--smartFilterBar-filterItemControl_BASIC-BILL_TYPES-valueHelpDialog-smartFilterBar-btnBasicSearch","searchOpenDialogs":true,"interaction":{"idSuffix":"I"}},"clearTextFirst":true,"interactionType":"ENTER_TEXT"}]}
COMMAND: POST /session/4ca0da1f05d229fab0c05732b1ad37d0/actions - {"actions":[{"id":"action32","type":"key","parameters":{},"actions":[{"type":"keyDown","value":"î€‡"},{"type":"pause","duration":10},{"type":"keyUp","value":"î€‡"}]}]}
RESULT: {}
RESULT: {"actions":[{"id":"action32","type":"key","parameters":{},"actions":[{"type":"keyDown","value":"î€‡"},{"type":"pause","duration":10},{"type":"keyUp","value":"î€‡"}]}]}
COMMAND: GET /session/4ca0da1f05d229fab0c05732b1ad37d0/screenshot - {}
RESULT: {}
COMMAND: POST /session/4ca0da1f05d229fab0c05732b1ad37d0/element - {"using":"xpath","value":"//div[contains(@id, 'application-manageconditionprice-display-component---conditions--smartFilterBar-filterItemControl_BASIC-BILL_TYPES-valueHelpDialog-table-rowsel0')]"}
RESULT: {"using":"xpath","value":"//div[contains(@id, 'application-manageconditionprice-display-component---conditions--smartFilterBar-filterItemControl_BASIC-BILL_TYPES-valueHelpDialog-table-rowsel0')]"}
COMMAND: POST /session/4ca0da1f05d229fab0c05732b1ad37d0/element/f.D01EC4AF0A1BFC1E8396569751E97BC9.d.6FAB658AFB5C813FC76D2F1E66A28DA6.e.8164/click - {}
RESULT: {}
COMMAND: GET /session/4ca0da1f05d229fab0c05732b1ad37d0/screenshot - {}
RESULT: {}
COMMAND: POST /session/4ca0da1f05d229fab0c05732b1ad37d0/element - {"using":"xpath","value":"//bdi[contains(text(), \"OK\")]"}
RESULT: {"using":"xpath","value":"//bdi[contains(text(), \"OK\")]"}
COMMAND: POST /session/4ca0da1f05d229fab0c05732b1ad37d0/element/f.D01EC4AF0A1BFC1E8396569751E97BC9.d.6FAB658AFB5C813FC76D2F1E66A28DA6.e.8166/click - {}
RESULT: {}
COMMAND: GET /session/4ca0da1f05d229fab0c05732b1ad37d0/screenshot - {}
RESULT: {}
COMMAND: POST /session/4ca0da1f05d229fab0c05732b1ad37d0/element - {"using":"xpath","value":"//span[@id=\"application-manageconditionprice-display-component---conditions--smartTable-header-inner\"]"}
RESULT: {"using":"xpath","value":"//span[@id=\"application-manageconditionprice-display-component---conditions--smartTable-header-inner\"]"}
COMMAND: POST /session/4ca0da1f05d229fab0c05732b1ad37d0/elements - {"using":"xpath","value":"//span[@id=\"application-manageconditionprice-display-component---conditions--smartTable-header-inner\"]"}
RESULT: {"using":"xpath","value":"//span[@id=\"application-manageconditionprice-display-component---conditions--smartTable-header-inner\"]"}
COMMAND: POST /session/4ca0da1f05d229fab0c05732b1ad37d0/execute/sync - {"script":"<script> [56 bytes]","args":[{"element-6066-11e4-a52e-4f735466cecf":"f.D01EC4AF0A1BFC1E8396569751E97BC9.d.6FAB658AFB5C813FC76D2F1E66A28DA6.e.8203","ELEMENT":"f.D01EC4AF0A1BFC1E8396569751E97BC9.d.6FAB658AFB5C813FC76D2F1E66A28DA6.e.8203"}]}
RESULT: {"script":"<script> [56 bytes]","args":[{"element-6066-11e4-a52e-4f735466cecf":"f.D01EC4AF0A1BFC1E8396569751E97BC9.d.6FAB658AFB5C813FC76D2F1E66A28DA6.e.8203","ELEMENT":"f.D01EC4AF0A1BFC1E8396569751E97BC9.d.6FAB658AFB5C813FC76D2F1E66A28DA6.e.8203"}]}
COMMAND: POST /session/4ca0da1f05d229fab0c05732b1ad37d0/element - {"using":"css selector","value":"#shell-header-logo"}
COMMAND: GET /session/4ca0da1f05d229fab0c05732b1ad37d0/screenshot - {}
RESULT: {"using":"css selector","value":"#shell-header-logo"}
COMMAND: POST /session/4ca0da1f05d229fab0c05732b1ad37d0/element/f.D01EC4AF0A1BFC1E8396569751E97BC9.d.6FAB658AFB5C813FC76D2F1E66A28DA6.e.7372/click - {}
RESULT: {}
RESULT: {}
COMMAND: GET /session/4ca0da1f05d229fab0c05732b1ad37d0/screenshot - {}
RESULT: {}
]]></system-out>
    </testcase>
    <testcase classname="chrome.135_0_7049_96.windows.Create_master_data_for_mixed_billing_&amp;_do_billing_calculation_US151661" name="Should do a stock increase handover" time="89.015">
      <system-out><![CDATA[
COMMAND: POST /session/4ca0da1f05d229fab0c05732b1ad37d0/execute/async - {"script":"<script> [1562 bytes]","args":[{"selector":{"controlType":"sap.m.Text","viewName":"etm.portal.ui.managehandoverstile.view.Master","properties":{"text":"Manage Handovers"},"interaction":{"idSuffix":"inner"}},"wdio_ui5_key":"etmportal.ui.managehandoverstile.view.Mastersap.m.Text{\"text\":\"Manage Handovers\"}"}]}
RESULT: {"script":"<script> [1562 bytes]","args":[{"selector":{"controlType":"sap.m.Text","viewName":"etm.portal.ui.managehandoverstile.view.Master","properties":{"text":"Manage Handovers"},"interaction":{"idSuffix":"inner"}},"wdio_ui5_key":"etmportal.ui.managehandoverstile.view.Mastersap.m.Text{\"text\":\"Manage Handovers\"}"}]}
RESULT: undefined
COMMAND: POST /session/4ca0da1f05d229fab0c05732b1ad37d0/element - {"using":"xpath","value":"//*[@id=\"__tile133-title\"]"}
RESULT: {"using":"xpath","value":"//*[@id=\"__tile133-title\"]"}
COMMAND: POST /session/4ca0da1f05d229fab0c05732b1ad37d0/element/f.D01EC4AF0A1BFC1E8396569751E97BC9.d.6FAB658AFB5C813FC76D2F1E66A28DA6.e.8206/click - {}
RESULT: {}
COMMAND: POST /session/4ca0da1f05d229fab0c05732b1ad37d0/element - {"using":"xpath","value":"//button[@data-kt=\"masterHOAddButton\"]"}
COMMAND: GET /session/4ca0da1f05d229fab0c05732b1ad37d0/screenshot - {}
RESULT: {"using":"xpath","value":"//button[@data-kt=\"masterHOAddButton\"]"}
COMMAND: POST /session/4ca0da1f05d229fab0c05732b1ad37d0/elements - {"using":"xpath","value":"//button[@data-kt=\"masterHOAddButton\"]"}
RESULT: {}
RESULT: {"using":"xpath","value":"//button[@data-kt=\"masterHOAddButton\"]"}
COMMAND: POST /session/4ca0da1f05d229fab0c05732b1ad37d0/elements - {"using":"xpath","value":"//button[@data-kt=\"masterHOAddButton\"]"}
RESULT: {"using":"xpath","value":"//button[@data-kt=\"masterHOAddButton\"]"}
COMMAND: POST /session/4ca0da1f05d229fab0c05732b1ad37d0/elements - {"using":"xpath","value":"//button[@data-kt=\"masterHOAddButton\"]"}
RESULT: {"using":"xpath","value":"//button[@data-kt=\"masterHOAddButton\"]"}
COMMAND: POST /session/4ca0da1f05d229fab0c05732b1ad37d0/elements - {"using":"xpath","value":"//button[@data-kt=\"masterHOAddButton\"]"}
RESULT: {"using":"xpath","value":"//button[@data-kt=\"masterHOAddButton\"]"}
COMMAND: POST /session/4ca0da1f05d229fab0c05732b1ad37d0/elements - {"using":"xpath","value":"//button[@data-kt=\"masterHOAddButton\"]"}
RESULT: {"using":"xpath","value":"//button[@data-kt=\"masterHOAddButton\"]"}
COMMAND: POST /session/4ca0da1f05d229fab0c05732b1ad37d0/elements - {"using":"xpath","value":"//button[@data-kt=\"masterHOAddButton\"]"}
RESULT: {"using":"xpath","value":"//button[@data-kt=\"masterHOAddButton\"]"}
COMMAND: POST /session/4ca0da1f05d229fab0c05732b1ad37d0/elements - {"using":"xpath","value":"//button[@data-kt=\"masterHOAddButton\"]"}
RESULT: {"using":"xpath","value":"//button[@data-kt=\"masterHOAddButton\"]"}
COMMAND: POST /session/4ca0da1f05d229fab0c05732b1ad37d0/elements - {"using":"xpath","value":"//button[@data-kt=\"masterHOAddButton\"]"}
RESULT: {"using":"xpath","value":"//button[@data-kt=\"masterHOAddButton\"]"}
COMMAND: POST /session/4ca0da1f05d229fab0c05732b1ad37d0/elements - {"using":"xpath","value":"//button[@data-kt=\"masterHOAddButton\"]"}
RESULT: {"using":"xpath","value":"//button[@data-kt=\"masterHOAddButton\"]"}
COMMAND: POST /session/4ca0da1f05d229fab0c05732b1ad37d0/elements - {"using":"xpath","value":"//button[@data-kt=\"masterHOAddButton\"]"}
RESULT: {"using":"xpath","value":"//button[@data-kt=\"masterHOAddButton\"]"}
COMMAND: POST /session/4ca0da1f05d229fab0c05732b1ad37d0/elements - {"using":"xpath","value":"//button[@data-kt=\"masterHOAddButton\"]"}
RESULT: {"using":"xpath","value":"//button[@data-kt=\"masterHOAddButton\"]"}
COMMAND: POST /session/4ca0da1f05d229fab0c05732b1ad37d0/elements - {"using":"xpath","value":"//button[@data-kt=\"masterHOAddButton\"]"}
RESULT: {"using":"xpath","value":"//button[@data-kt=\"masterHOAddButton\"]"}
COMMAND: POST /session/4ca0da1f05d229fab0c05732b1ad37d0/elements - {"using":"xpath","value":"//button[@data-kt=\"masterHOAddButton\"]"}
RESULT: {"using":"xpath","value":"//button[@data-kt=\"masterHOAddButton\"]"}
COMMAND: POST /session/4ca0da1f05d229fab0c05732b1ad37d0/elements - {"using":"xpath","value":"//button[@data-kt=\"masterHOAddButton\"]"}
RESULT: {"using":"xpath","value":"//button[@data-kt=\"masterHOAddButton\"]"}
COMMAND: POST /session/4ca0da1f05d229fab0c05732b1ad37d0/elements - {"using":"xpath","value":"//button[@data-kt=\"masterHOAddButton\"]"}
RESULT: {"using":"xpath","value":"//button[@data-kt=\"masterHOAddButton\"]"}
COMMAND: POST /session/4ca0da1f05d229fab0c05732b1ad37d0/elements - {"using":"xpath","value":"//button[@data-kt=\"masterHOAddButton\"]"}
RESULT: {"using":"xpath","value":"//button[@data-kt=\"masterHOAddButton\"]"}
COMMAND: POST /session/4ca0da1f05d229fab0c05732b1ad37d0/elements - {"using":"xpath","value":"//button[@data-kt=\"masterHOAddButton\"]"}
RESULT: {"using":"xpath","value":"//button[@data-kt=\"masterHOAddButton\"]"}
COMMAND: POST /session/4ca0da1f05d229fab0c05732b1ad37d0/elements - {"using":"xpath","value":"//button[@data-kt=\"masterHOAddButton\"]"}
RESULT: {"using":"xpath","value":"//button[@data-kt=\"masterHOAddButton\"]"}
COMMAND: POST /session/4ca0da1f05d229fab0c05732b1ad37d0/elements - {"using":"xpath","value":"//button[@data-kt=\"masterHOAddButton\"]"}
RESULT: {"using":"xpath","value":"//button[@data-kt=\"masterHOAddButton\"]"}
COMMAND: POST /session/4ca0da1f05d229fab0c05732b1ad37d0/elements - {"using":"xpath","value":"//button[@data-kt=\"masterHOAddButton\"]"}
RESULT: {"using":"xpath","value":"//button[@data-kt=\"masterHOAddButton\"]"}
COMMAND: POST /session/4ca0da1f05d229fab0c05732b1ad37d0/elements - {"using":"xpath","value":"//button[@data-kt=\"masterHOAddButton\"]"}
RESULT: {"using":"xpath","value":"//button[@data-kt=\"masterHOAddButton\"]"}
COMMAND: POST /session/4ca0da1f05d229fab0c05732b1ad37d0/elements - {"using":"xpath","value":"//button[@data-kt=\"masterHOAddButton\"]"}
RESULT: {"using":"xpath","value":"//button[@data-kt=\"masterHOAddButton\"]"}
COMMAND: POST /session/4ca0da1f05d229fab0c05732b1ad37d0/elements - {"using":"xpath","value":"//button[@data-kt=\"masterHOAddButton\"]"}
RESULT: {"using":"xpath","value":"//button[@data-kt=\"masterHOAddButton\"]"}
COMMAND: POST /session/4ca0da1f05d229fab0c05732b1ad37d0/elements - {"using":"xpath","value":"//button[@data-kt=\"masterHOAddButton\"]"}
RESULT: {"using":"xpath","value":"//button[@data-kt=\"masterHOAddButton\"]"}
COMMAND: POST /session/4ca0da1f05d229fab0c05732b1ad37d0/elements - {"using":"xpath","value":"//button[@data-kt=\"masterHOAddButton\"]"}
RESULT: {"using":"xpath","value":"//button[@data-kt=\"masterHOAddButton\"]"}
COMMAND: POST /session/4ca0da1f05d229fab0c05732b1ad37d0/elements - {"using":"xpath","value":"//button[@data-kt=\"masterHOAddButton\"]"}
RESULT: {"using":"xpath","value":"//button[@data-kt=\"masterHOAddButton\"]"}
COMMAND: POST /session/4ca0da1f05d229fab0c05732b1ad37d0/elements - {"using":"xpath","value":"//button[@data-kt=\"masterHOAddButton\"]"}
RESULT: {"using":"xpath","value":"//button[@data-kt=\"masterHOAddButton\"]"}
COMMAND: POST /session/4ca0da1f05d229fab0c05732b1ad37d0/elements - {"using":"xpath","value":"//button[@data-kt=\"masterHOAddButton\"]"}
RESULT: {"using":"xpath","value":"//button[@data-kt=\"masterHOAddButton\"]"}
COMMAND: POST /session/4ca0da1f05d229fab0c05732b1ad37d0/elements - {"using":"xpath","value":"//button[@data-kt=\"masterHOAddButton\"]"}
RESULT: {"using":"xpath","value":"//button[@data-kt=\"masterHOAddButton\"]"}
COMMAND: POST /session/4ca0da1f05d229fab0c05732b1ad37d0/elements - {"using":"xpath","value":"//button[@data-kt=\"masterHOAddButton\"]"}
RESULT: {"using":"xpath","value":"//button[@data-kt=\"masterHOAddButton\"]"}
COMMAND: POST /session/4ca0da1f05d229fab0c05732b1ad37d0/elements - {"using":"xpath","value":"//button[@data-kt=\"masterHOAddButton\"]"}
RESULT: {"using":"xpath","value":"//button[@data-kt=\"masterHOAddButton\"]"}
COMMAND: POST /session/4ca0da1f05d229fab0c05732b1ad37d0/elements - {"using":"xpath","value":"//button[@data-kt=\"masterHOAddButton\"]"}
RESULT: {"using":"xpath","value":"//button[@data-kt=\"masterHOAddButton\"]"}
COMMAND: POST /session/4ca0da1f05d229fab0c05732b1ad37d0/elements - {"using":"xpath","value":"//button[@data-kt=\"masterHOAddButton\"]"}
RESULT: {"using":"xpath","value":"//button[@data-kt=\"masterHOAddButton\"]"}
COMMAND: POST /session/4ca0da1f05d229fab0c05732b1ad37d0/elements - {"using":"xpath","value":"//button[@data-kt=\"masterHOAddButton\"]"}
RESULT: {"using":"xpath","value":"//button[@data-kt=\"masterHOAddButton\"]"}
COMMAND: POST /session/4ca0da1f05d229fab0c05732b1ad37d0/elements - {"using":"xpath","value":"//button[@data-kt=\"masterHOAddButton\"]"}
RESULT: {"using":"xpath","value":"//button[@data-kt=\"masterHOAddButton\"]"}
COMMAND: POST /session/4ca0da1f05d229fab0c05732b1ad37d0/element - {"using":"xpath","value":"//button[@data-kt=\"masterHOAddButton\"]"}
RESULT: {"using":"xpath","value":"//button[@data-kt=\"masterHOAddButton\"]"}
COMMAND: POST /session/4ca0da1f05d229fab0c05732b1ad37d0/execute/sync - {"script":"<script> [8489 bytes]","args":[{"element-6066-11e4-a52e-4f735466cecf":"f.D01EC4AF0A1BFC1E8396569751E97BC9.d.6FAB658AFB5C813FC76D2F1E66A28DA6.e.8237","ELEMENT":"f.D01EC4AF0A1BFC1E8396569751E97BC9.d.6FAB658AFB5C813FC76D2F1E66A28DA6.e.8237"}]}
RESULT: {"script":"<script> [8489 bytes]","args":[{"element-6066-11e4-a52e-4f735466cecf":"f.D01EC4AF0A1BFC1E8396569751E97BC9.d.6FAB658AFB5C813FC76D2F1E66A28DA6.e.8237","ELEMENT":"f.D01EC4AF0A1BFC1E8396569751E97BC9.d.6FAB658AFB5C813FC76D2F1E66A28DA6.e.8237"}]}
COMMAND: GET /session/4ca0da1f05d229fab0c05732b1ad37d0/element/f.D01EC4AF0A1BFC1E8396569751E97BC9.d.6FAB658AFB5C813FC76D2F1E66A28DA6.e.8237/enabled - {}
COMMAND: GET /session/4ca0da1f05d229fab0c05732b1ad37d0/screenshot - {}
RESULT: {}
COMMAND: POST /session/4ca0da1f05d229fab0c05732b1ad37d0/execute/sync - {"script":"<script> [8489 bytes]","args":[{"element-6066-11e4-a52e-4f735466cecf":"f.D01EC4AF0A1BFC1E8396569751E97BC9.d.6FAB658AFB5C813FC76D2F1E66A28DA6.e.8237","ELEMENT":"f.D01EC4AF0A1BFC1E8396569751E97BC9.d.6FAB658AFB5C813FC76D2F1E66A28DA6.e.8237"}]}
COMMAND: GET /session/4ca0da1f05d229fab0c05732b1ad37d0/screenshot - {}
RESULT: {}
RESULT: {"script":"<script> [8489 bytes]","args":[{"element-6066-11e4-a52e-4f735466cecf":"f.D01EC4AF0A1BFC1E8396569751E97BC9.d.6FAB658AFB5C813FC76D2F1E66A28DA6.e.8237","ELEMENT":"f.D01EC4AF0A1BFC1E8396569751E97BC9.d.6FAB658AFB5C813FC76D2F1E66A28DA6.e.8237"}]}
COMMAND: POST /session/4ca0da1f05d229fab0c05732b1ad37d0/execute/sync - {"script":"<script> [5351 bytes]","args":[{"element-6066-11e4-a52e-4f735466cecf":"f.D01EC4AF0A1BFC1E8396569751E97BC9.d.6FAB658AFB5C813FC76D2F1E66A28DA6.e.8237","ELEMENT":"f.D01EC4AF0A1BFC1E8396569751E97BC9.d.6FAB658AFB5C813FC76D2F1E66A28DA6.e.8237"}]}
COMMAND: GET /session/4ca0da1f05d229fab0c05732b1ad37d0/screenshot - {}
RESULT: {}
RESULT: {"script":"<script> [5351 bytes]","args":[{"element-6066-11e4-a52e-4f735466cecf":"f.D01EC4AF0A1BFC1E8396569751E97BC9.d.6FAB658AFB5C813FC76D2F1E66A28DA6.e.8237","ELEMENT":"f.D01EC4AF0A1BFC1E8396569751E97BC9.d.6FAB658AFB5C813FC76D2F1E66A28DA6.e.8237"}]}
COMMAND: POST /session/4ca0da1f05d229fab0c05732b1ad37d0/element/f.D01EC4AF0A1BFC1E8396569751E97BC9.d.6FAB658AFB5C813FC76D2F1E66A28DA6.e.8237/click - {}
COMMAND: GET /session/4ca0da1f05d229fab0c05732b1ad37d0/screenshot - {}
RESULT: {}
RESULT: {}
COMMAND: GET /session/4ca0da1f05d229fab0c05732b1ad37d0/screenshot - {}
RESULT: {}
RESULT: {}
COMMAND: POST /session/4ca0da1f05d229fab0c05732b1ad37d0/element - {"using":"xpath","value":"//span[contains(@id ,\"AddNewHO--typeSelect-arrow\")]"}
RESULT: {"using":"xpath","value":"//span[contains(@id ,\"AddNewHO--typeSelect-arrow\")]"}
COMMAND: POST /session/4ca0da1f05d229fab0c05732b1ad37d0/element/f.D01EC4AF0A1BFC1E8396569751E97BC9.d.6FAB658AFB5C813FC76D2F1E66A28DA6.e.8376/click - {}
RESULT: {}
COMMAND: GET /session/4ca0da1f05d229fab0c05732b1ad37d0/screenshot - {}
RESULT: {}
COMMAND: POST /session/4ca0da1f05d229fab0c05732b1ad37d0/element - {"using":"xpath","value":"(//li[contains(text(), \"stock increase yard\")])[1]"}
RESULT: {"using":"xpath","value":"(//li[contains(text(), \"stock increase yard\")])[1]"}
COMMAND: POST /session/4ca0da1f05d229fab0c05732b1ad37d0/element/f.D01EC4AF0A1BFC1E8396569751E97BC9.d.6FAB658AFB5C813FC76D2F1E66A28DA6.e.8377/click - {}
RESULT: {}
COMMAND: GET /session/4ca0da1f05d229fab0c05732b1ad37d0/screenshot - {}
RESULT: {}
COMMAND: POST /session/4ca0da1f05d229fab0c05732b1ad37d0/execute/async - {"script":"<script> [1562 bytes]","args":[{"selector":{"id":"application-managehandovers-display-component---AddNewHO--dueDate","interaction":{"idSuffix":"inner"}},"wdio_ui5_key":"applicationmanagehandovers-display-component---AddNewHO--dueDate"}]}
RESULT: {"script":"<script> [1562 bytes]","args":[{"selector":{"id":"application-managehandovers-display-component---AddNewHO--dueDate","interaction":{"idSuffix":"inner"}},"wdio_ui5_key":"applicationmanagehandovers-display-component---AddNewHO--dueDate"}]}
RESULT: undefined
COMMAND: POST /session/4ca0da1f05d229fab0c05732b1ad37d0/execute/async - {"script":"<script> [6424 bytes]","args":[{"element-6066-11e4-a52e-4f735466cecf":"f.D01EC4AF0A1BFC1E8396569751E97BC9.d.6FAB658AFB5C813FC76D2F1E66A28DA6.e.8379"},"setValue",["04/29/2025"]]}
RESULT: {"script":"<script> [6424 bytes]","args":[{"element-6066-11e4-a52e-4f735466cecf":"f.D01EC4AF0A1BFC1E8396569751E97BC9.d.6FAB658AFB5C813FC76D2F1E66A28DA6.e.8379"},"setValue",["04/29/2025"]]}
COMMAND: POST /session/4ca0da1f05d229fab0c05732b1ad37d0/element - {"using":"xpath","value":"//input[@id=\"generalSectionFrg--receiveYard-inner\"]"}
RESULT: {"using":"xpath","value":"//input[@id=\"generalSectionFrg--receiveYard-inner\"]"}
COMMAND: POST /session/4ca0da1f05d229fab0c05732b1ad37d0/element/f.D01EC4AF0A1BFC1E8396569751E97BC9.d.6FAB658AFB5C813FC76D2F1E66A28DA6.e.8385/clear - {}
RESULT: {}
COMMAND: POST /session/4ca0da1f05d229fab0c05732b1ad37d0/element/f.D01EC4AF0A1BFC1E8396569751E97BC9.d.6FAB658AFB5C813FC76D2F1E66A28DA6.e.8385/value - {"text":"414"}
COMMAND: GET /session/4ca0da1f05d229fab0c05732b1ad37d0/screenshot - {}
RESULT: {"text":"414"}
COMMAND: GET /session/4ca0da1f05d229fab0c05732b1ad37d0/screenshot - {}
RESULT: {}
RESULT: {}
COMMAND: POST /session/4ca0da1f05d229fab0c05732b1ad37d0/element - {"using":"xpath","value":"//li[.//span[text()='414']]"}
RESULT: {"using":"xpath","value":"//li[.//span[text()='414']]"}
COMMAND: POST /session/4ca0da1f05d229fab0c05732b1ad37d0/element/f.D01EC4AF0A1BFC1E8396569751E97BC9.d.6FAB658AFB5C813FC76D2F1E66A28DA6.e.8401/click - {}
RESULT: {}
COMMAND: GET /session/4ca0da1f05d229fab0c05732b1ad37d0/screenshot - {}
RESULT: {}
COMMAND: POST /session/4ca0da1f05d229fab0c05732b1ad37d0/execute/async - {"script":"<script> [1562 bytes]","args":[{"selector":{"id":"application-managehandovers-display-component---AddNewHO--ObjectPageLayout-anchBar-application-managehandovers-display-component---AddNewHO--section4-anchor","interaction":{"idSuffix":"BDI-content"}},"wdio_ui5_key":"applicationmanagehandovers-display-component---AddNewHO--ObjectPageLayout-anchBar-application-managehandovers-display-component---AddNewHO--section4-anchor"}]}
RESULT: {"script":"<script> [1562 bytes]","args":[{"selector":{"id":"application-managehandovers-display-component---AddNewHO--ObjectPageLayout-anchBar-application-managehandovers-display-component---AddNewHO--section4-anchor","interaction":{"idSuffix":"BDI-content"}},"wdio_ui5_key":"applicationmanagehandovers-display-component---AddNewHO--ObjectPageLayout-anchBar-application-managehandovers-display-component---AddNewHO--section4-anchor"}]}
RESULT: undefined
COMMAND: POST /session/4ca0da1f05d229fab0c05732b1ad37d0/element - {"using":"xpath","value":"//*[@id=\"application-managehandovers-display-component---AddNewHO--ObjectPageLayout-anchBar-application-managehandovers-display-component---AddNewHO--section4-anchor\"]"}
RESULT: {"using":"xpath","value":"//*[@id=\"application-managehandovers-display-component---AddNewHO--ObjectPageLayout-anchBar-application-managehandovers-display-component---AddNewHO--section4-anchor\"]"}
COMMAND: POST /session/4ca0da1f05d229fab0c05732b1ad37d0/element/f.D01EC4AF0A1BFC1E8396569751E97BC9.d.6FAB658AFB5C813FC76D2F1E66A28DA6.e.8403/click - {}
RESULT: {}
COMMAND: POST /session/4ca0da1f05d229fab0c05732b1ad37d0/element - {"using":"xpath","value":"//button[@aria-label=\"Add\"]"}
COMMAND: GET /session/4ca0da1f05d229fab0c05732b1ad37d0/screenshot - {}
RESULT: {"using":"xpath","value":"//button[@aria-label=\"Add\"]"}
COMMAND: POST /session/4ca0da1f05d229fab0c05732b1ad37d0/element/f.D01EC4AF0A1BFC1E8396569751E97BC9.d.6FAB658AFB5C813FC76D2F1E66A28DA6.e.8405/click - {}
RESULT: {}
RESULT: {}
COMMAND: GET /session/4ca0da1f05d229fab0c05732b1ad37d0/screenshot - {}
RESULT: {}
COMMAND: POST /session/4ca0da1f05d229fab0c05732b1ad37d0/execute/async - {"script":"<script> [1562 bytes]","args":[{"selector":{"id":"application-managehandovers-display-component---AddNewHO--smartFilterBar-btnBasicSearch","searchOpenDialogs":true,"interaction":{"idSuffix":"I"}},"wdio_ui5_key":"applicationmanagehandovers-display-component---AddNewHO--smartFilterBar-btnBasicSearch"}]}
RESULT: {"script":"<script> [1562 bytes]","args":[{"selector":{"id":"application-managehandovers-display-component---AddNewHO--smartFilterBar-btnBasicSearch","searchOpenDialogs":true,"interaction":{"idSuffix":"I"}},"wdio_ui5_key":"applicationmanagehandovers-display-component---AddNewHO--smartFilterBar-btnBasicSearch"}]}
RESULT: undefined
COMMAND: POST /session/4ca0da1f05d229fab0c05732b1ad37d0/execute/async - {"script":"<script> [776 bytes]","args":[{"enterText":"GghteDC2jy","selector":{"id":"application-managehandovers-display-component---AddNewHO--smartFilterBar-btnBasicSearch","searchOpenDialogs":true,"interaction":{"idSuffix":"I"}},"clearTextFirst":true,"interactionType":"ENTER_TEXT"}]}
RESULT: {"script":"<script> [776 bytes]","args":[{"enterText":"GghteDC2jy","selector":{"id":"application-managehandovers-display-component---AddNewHO--smartFilterBar-btnBasicSearch","searchOpenDialogs":true,"interaction":{"idSuffix":"I"}},"clearTextFirst":true,"interactionType":"ENTER_TEXT"}]}
COMMAND: POST /session/4ca0da1f05d229fab0c05732b1ad37d0/actions - {"actions":[{"id":"action33","type":"key","parameters":{},"actions":[{"type":"keyDown","value":"î€‡"},{"type":"pause","duration":10},{"type":"keyUp","value":"î€‡"}]}]}
RESULT: {"actions":[{"id":"action33","type":"key","parameters":{},"actions":[{"type":"keyDown","value":"î€‡"},{"type":"pause","duration":10},{"type":"keyUp","value":"î€‡"}]}]}
COMMAND: GET /session/4ca0da1f05d229fab0c05732b1ad37d0/screenshot - {}
RESULT: {}
COMMAND: POST /session/4ca0da1f05d229fab0c05732b1ad37d0/execute/async - {"script":"<script> [1562 bytes]","args":[{"selector":{"id":"application-managehandovers-display-component---AddNewHO--popup-sa","searchOpenDialogs":true,"interaction":{"idSuffix":"CbBg"}},"wdio_ui5_key":"applicationmanagehandovers-display-component---AddNewHO--popup-sa"}]}
RESULT: {"script":"<script> [1562 bytes]","args":[{"selector":{"id":"application-managehandovers-display-component---AddNewHO--popup-sa","searchOpenDialogs":true,"interaction":{"idSuffix":"CbBg"}},"wdio_ui5_key":"applicationmanagehandovers-display-component---AddNewHO--popup-sa"}]}
RESULT: undefined
COMMAND: POST /session/4ca0da1f05d229fab0c05732b1ad37d0/element - {"using":"xpath","value":"//*[@id=\"application-managehandovers-display-component---AddNewHO--popup-sa\"]"}
RESULT: {"using":"xpath","value":"//*[@id=\"application-managehandovers-display-component---AddNewHO--popup-sa\"]"}
COMMAND: POST /session/4ca0da1f05d229fab0c05732b1ad37d0/element/f.D01EC4AF0A1BFC1E8396569751E97BC9.d.6FAB658AFB5C813FC76D2F1E66A28DA6.e.8561/click - {}
RESULT: {}
COMMAND: GET /session/4ca0da1f05d229fab0c05732b1ad37d0/screenshot - {}
RESULT: {}
COMMAND: POST /session/4ca0da1f05d229fab0c05732b1ad37d0/element - {"using":"xpath","value":"//bdi[contains(text(), \"Select\")]"}
RESULT: {"using":"xpath","value":"//bdi[contains(text(), \"Select\")]"}
COMMAND: POST /session/4ca0da1f05d229fab0c05732b1ad37d0/element/f.D01EC4AF0A1BFC1E8396569751E97BC9.d.6FAB658AFB5C813FC76D2F1E66A28DA6.e.8562/click - {}
RESULT: {}
COMMAND: GET /session/4ca0da1f05d229fab0c05732b1ad37d0/screenshot - {}
RESULT: {}
COMMAND: POST /session/4ca0da1f05d229fab0c05732b1ad37d0/element - {"using":"xpath","value":"//button[@data-kt=\"AddNewHOSaveButton\"]"}
RESULT: {"using":"xpath","value":"//button[@data-kt=\"AddNewHOSaveButton\"]"}
COMMAND: POST /session/4ca0da1f05d229fab0c05732b1ad37d0/element/f.D01EC4AF0A1BFC1E8396569751E97BC9.d.6FAB658AFB5C813FC76D2F1E66A28DA6.e.8566/click - {}
RESULT: {}
COMMAND: GET /session/4ca0da1f05d229fab0c05732b1ad37d0/screenshot - {}
RESULT: {}
COMMAND: POST /session/4ca0da1f05d229fab0c05732b1ad37d0/execute/async - {"script":"<script> [1562 bytes]","args":[{"selector":{"id":"receiptDatePicker","viewName":"etm.portal.ui.managehandovers.view.DetailExecuteHO","interaction":{"idSuffix":"inner"}},"wdio_ui5_key":"receiptDatePickeretmportal.ui.managehandovers.view.DetailExecuteHO"}]}
RESULT: {"script":"<script> [1562 bytes]","args":[{"selector":{"id":"receiptDatePicker","viewName":"etm.portal.ui.managehandovers.view.DetailExecuteHO","interaction":{"idSuffix":"inner"}},"wdio_ui5_key":"receiptDatePickeretmportal.ui.managehandovers.view.DetailExecuteHO"}]}
RESULT: undefined
COMMAND: POST /session/4ca0da1f05d229fab0c05732b1ad37d0/execute/async - {"script":"<script> [6424 bytes]","args":[{"element-6066-11e4-a52e-4f735466cecf":"f.D01EC4AF0A1BFC1E8396569751E97BC9.d.6FAB658AFB5C813FC76D2F1E66A28DA6.e.8598"},"setValue",["04/29/2025"]]}
RESULT: {"script":"<script> [6424 bytes]","args":[{"element-6066-11e4-a52e-4f735466cecf":"f.D01EC4AF0A1BFC1E8396569751E97BC9.d.6FAB658AFB5C813FC76D2F1E66A28DA6.e.8598"},"setValue",["04/29/2025"]]}
COMMAND: POST /session/4ca0da1f05d229fab0c05732b1ad37d0/element - {"using":"xpath","value":"//button[@data-kt=\"PickingTableConfirmAllButton\"]"}
RESULT: {"using":"xpath","value":"//button[@data-kt=\"PickingTableConfirmAllButton\"]"}
COMMAND: POST /session/4ca0da1f05d229fab0c05732b1ad37d0/element/f.D01EC4AF0A1BFC1E8396569751E97BC9.d.6FAB658AFB5C813FC76D2F1E66A28DA6.e.8613/click - {}
RESULT: {}
COMMAND: GET /session/4ca0da1f05d229fab0c05732b1ad37d0/screenshot - {}
RESULT: {}
COMMAND: POST /session/4ca0da1f05d229fab0c05732b1ad37d0/element - {"using":"xpath","value":"//bdi[contains(text(), \"OK\")]"}
RESULT: {"using":"xpath","value":"//bdi[contains(text(), \"OK\")]"}
COMMAND: POST /session/4ca0da1f05d229fab0c05732b1ad37d0/element/f.D01EC4AF0A1BFC1E8396569751E97BC9.d.6FAB658AFB5C813FC76D2F1E66A28DA6.e.8615/click - {}
RESULT: {}
COMMAND: GET /session/4ca0da1f05d229fab0c05732b1ad37d0/screenshot - {}
RESULT: {}
COMMAND: POST /session/4ca0da1f05d229fab0c05732b1ad37d0/element - {"using":"xpath","value":"(//bdi[contains(text(), \"Receive\")])[2]"}
RESULT: {"using":"xpath","value":"(//bdi[contains(text(), \"Receive\")])[2]"}
COMMAND: POST /session/4ca0da1f05d229fab0c05732b1ad37d0/element/f.D01EC4AF0A1BFC1E8396569751E97BC9.d.6FAB658AFB5C813FC76D2F1E66A28DA6.e.8617/click - {}
RESULT: {}
COMMAND: GET /session/4ca0da1f05d229fab0c05732b1ad37d0/screenshot - {}
RESULT: {}
COMMAND: POST /session/4ca0da1f05d229fab0c05732b1ad37d0/element - {"using":"css selector","value":"#shell-header-logo"}
RESULT: {"using":"css selector","value":"#shell-header-logo"}
COMMAND: POST /session/4ca0da1f05d229fab0c05732b1ad37d0/element/f.D01EC4AF0A1BFC1E8396569751E97BC9.d.6FAB658AFB5C813FC76D2F1E66A28DA6.e.8209/click - {}
RESULT: {}
COMMAND: GET /session/4ca0da1f05d229fab0c05732b1ad37d0/screenshot - {}
RESULT: {}
]]></system-out>
    </testcase>
    <testcase classname="chrome.135_0_7049_96.windows.Create_master_data_for_mixed_billing_&amp;_do_billing_calculation_US151661" name="Should create a new contract" time="56.941">
      <system-out><![CDATA[
COMMAND: POST /session/4ca0da1f05d229fab0c05732b1ad37d0/execute/async - {"script":"<script> [1562 bytes]","args":[{"selector":{"controlType":"sap.m.Text","viewName":"etm.portal.ui.managecontractstile.view.Master","properties":{"text":"Manage Contracts"},"interaction":{"idSuffix":"inner"}},"wdio_ui5_key":"etmportal.ui.managecontractstile.view.Mastersap.m.Text{\"text\":\"Manage Contracts\"}"}]}
RESULT: {"script":"<script> [1562 bytes]","args":[{"selector":{"controlType":"sap.m.Text","viewName":"etm.portal.ui.managecontractstile.view.Master","properties":{"text":"Manage Contracts"},"interaction":{"idSuffix":"inner"}},"wdio_ui5_key":"etmportal.ui.managecontractstile.view.Mastersap.m.Text{\"text\":\"Manage Contracts\"}"}]}
RESULT: undefined
COMMAND: POST /session/4ca0da1f05d229fab0c05732b1ad37d0/element - {"using":"xpath","value":"//*[@id=\"__tile130-title\"]"}
RESULT: {"using":"xpath","value":"//*[@id=\"__tile130-title\"]"}
COMMAND: POST /session/4ca0da1f05d229fab0c05732b1ad37d0/element/f.D01EC4AF0A1BFC1E8396569751E97BC9.d.6FAB658AFB5C813FC76D2F1E66A28DA6.e.8788/click - {}
RESULT: {}
COMMAND: GET /session/4ca0da1f05d229fab0c05732b1ad37d0/screenshot - {}
RESULT: {}
COMMAND: POST /session/4ca0da1f05d229fab0c05732b1ad37d0/element - {"using":"xpath","value":"//button[@data-kt=\"addButton\"]"}
RESULT: {"using":"xpath","value":"//button[@data-kt=\"addButton\"]"}
COMMAND: POST /session/4ca0da1f05d229fab0c05732b1ad37d0/elements - {"using":"xpath","value":"//button[@data-kt=\"addButton\"]"}
RESULT: {"using":"xpath","value":"//button[@data-kt=\"addButton\"]"}
COMMAND: POST /session/4ca0da1f05d229fab0c05732b1ad37d0/element - {"using":"xpath","value":"//button[@data-kt=\"addButton\"]"}
RESULT: {"using":"xpath","value":"//button[@data-kt=\"addButton\"]"}
COMMAND: POST /session/4ca0da1f05d229fab0c05732b1ad37d0/execute/sync - {"script":"<script> [8489 bytes]","args":[{"element-6066-11e4-a52e-4f735466cecf":"f.D01EC4AF0A1BFC1E8396569751E97BC9.d.6FAB658AFB5C813FC76D2F1E66A28DA6.e.8867","ELEMENT":"f.D01EC4AF0A1BFC1E8396569751E97BC9.d.6FAB658AFB5C813FC76D2F1E66A28DA6.e.8867"}]}
RESULT: {"script":"<script> [8489 bytes]","args":[{"element-6066-11e4-a52e-4f735466cecf":"f.D01EC4AF0A1BFC1E8396569751E97BC9.d.6FAB658AFB5C813FC76D2F1E66A28DA6.e.8867","ELEMENT":"f.D01EC4AF0A1BFC1E8396569751E97BC9.d.6FAB658AFB5C813FC76D2F1E66A28DA6.e.8867"}]}
COMMAND: GET /session/4ca0da1f05d229fab0c05732b1ad37d0/element/f.D01EC4AF0A1BFC1E8396569751E97BC9.d.6FAB658AFB5C813FC76D2F1E66A28DA6.e.8867/enabled - {}
COMMAND: GET /session/4ca0da1f05d229fab0c05732b1ad37d0/screenshot - {}
RESULT: {}
COMMAND: POST /session/4ca0da1f05d229fab0c05732b1ad37d0/execute/sync - {"script":"<script> [8489 bytes]","args":[{"element-6066-11e4-a52e-4f735466cecf":"f.D01EC4AF0A1BFC1E8396569751E97BC9.d.6FAB658AFB5C813FC76D2F1E66A28DA6.e.8867","ELEMENT":"f.D01EC4AF0A1BFC1E8396569751E97BC9.d.6FAB658AFB5C813FC76D2F1E66A28DA6.e.8867"}]}
COMMAND: GET /session/4ca0da1f05d229fab0c05732b1ad37d0/screenshot - {}
RESULT: {}
RESULT: {"script":"<script> [8489 bytes]","args":[{"element-6066-11e4-a52e-4f735466cecf":"f.D01EC4AF0A1BFC1E8396569751E97BC9.d.6FAB658AFB5C813FC76D2F1E66A28DA6.e.8867","ELEMENT":"f.D01EC4AF0A1BFC1E8396569751E97BC9.d.6FAB658AFB5C813FC76D2F1E66A28DA6.e.8867"}]}
COMMAND: POST /session/4ca0da1f05d229fab0c05732b1ad37d0/execute/sync - {"script":"<script> [5351 bytes]","args":[{"element-6066-11e4-a52e-4f735466cecf":"f.D01EC4AF0A1BFC1E8396569751E97BC9.d.6FAB658AFB5C813FC76D2F1E66A28DA6.e.8867","ELEMENT":"f.D01EC4AF0A1BFC1E8396569751E97BC9.d.6FAB658AFB5C813FC76D2F1E66A28DA6.e.8867"}]}
COMMAND: GET /session/4ca0da1f05d229fab0c05732b1ad37d0/screenshot - {}
RESULT: {}
RESULT: {"script":"<script> [5351 bytes]","args":[{"element-6066-11e4-a52e-4f735466cecf":"f.D01EC4AF0A1BFC1E8396569751E97BC9.d.6FAB658AFB5C813FC76D2F1E66A28DA6.e.8867","ELEMENT":"f.D01EC4AF0A1BFC1E8396569751E97BC9.d.6FAB658AFB5C813FC76D2F1E66A28DA6.e.8867"}]}
COMMAND: GET /session/4ca0da1f05d229fab0c05732b1ad37d0/screenshot - {}
RESULT: {}
RESULT: {}
COMMAND: POST /session/4ca0da1f05d229fab0c05732b1ad37d0/element/f.D01EC4AF0A1BFC1E8396569751E97BC9.d.6FAB658AFB5C813FC76D2F1E66A28DA6.e.8867/click - {}
RESULT: {}
COMMAND: GET /session/4ca0da1f05d229fab0c05732b1ad37d0/screenshot - {}
COMMAND: POST /session/4ca0da1f05d229fab0c05732b1ad37d0/execute/async - {"script":"<script> [1562 bytes]","args":[{"selector":{"id":"application-managecontracts-display-component---AddNewContract--projectDescription","interaction":{"idSuffix":"inner"}},"wdio_ui5_key":"applicationmanagecontracts-display-component---AddNewContract--projectDescription"}]}
RESULT: {}
RESULT: {"script":"<script> [1562 bytes]","args":[{"selector":{"id":"application-managecontracts-display-component---AddNewContract--projectDescription","interaction":{"idSuffix":"inner"}},"wdio_ui5_key":"applicationmanagecontracts-display-component---AddNewContract--projectDescription"}]}
RESULT: undefined
COMMAND: POST /session/4ca0da1f05d229fab0c05732b1ad37d0/execute/async - {"script":"<script> [776 bytes]","args":[{"enterText":"Mixed Contract WDIO","selector":{"id":"application-managecontracts-display-component---AddNewContract--projectDescription","interaction":{"idSuffix":"inner"}},"clearTextFirst":true,"interactionType":"ENTER_TEXT"}]}
RESULT: {"script":"<script> [776 bytes]","args":[{"enterText":"Mixed Contract WDIO","selector":{"id":"application-managecontracts-display-component---AddNewContract--projectDescription","interaction":{"idSuffix":"inner"}},"clearTextFirst":true,"interactionType":"ENTER_TEXT"}]}
COMMAND: POST /session/4ca0da1f05d229fab0c05732b1ad37d0/element - {"using":"xpath","value":"//input[@id=\"application-managecontracts-display-component---AddNewContract--site-inner\"]"}
RESULT: {"using":"xpath","value":"//input[@id=\"application-managecontracts-display-component---AddNewContract--site-inner\"]"}
COMMAND: POST /session/4ca0da1f05d229fab0c05732b1ad37d0/element/f.D01EC4AF0A1BFC1E8396569751E97BC9.d.6FAB658AFB5C813FC76D2F1E66A28DA6.e.9161/clear - {}
RESULT: {}
COMMAND: POST /session/4ca0da1f05d229fab0c05732b1ad37d0/element/f.D01EC4AF0A1BFC1E8396569751E97BC9.d.6FAB658AFB5C813FC76D2F1E66A28DA6.e.9161/value - {"text":"2255"}
COMMAND: GET /session/4ca0da1f05d229fab0c05732b1ad37d0/screenshot - {}
RESULT: {"text":"2255"}
COMMAND: GET /session/4ca0da1f05d229fab0c05732b1ad37d0/screenshot - {}
RESULT: {}
RESULT: {}
COMMAND: POST /session/4ca0da1f05d229fab0c05732b1ad37d0/element - {"using":"xpath","value":"//li[.//span[text()='2255']]"}
RESULT: {"using":"xpath","value":"//li[.//span[text()='2255']]"}
COMMAND: POST /session/4ca0da1f05d229fab0c05732b1ad37d0/element/f.D01EC4AF0A1BFC1E8396569751E97BC9.d.6FAB658AFB5C813FC76D2F1E66A28DA6.e.9186/click - {}
RESULT: {}
COMMAND: GET /session/4ca0da1f05d229fab0c05732b1ad37d0/screenshot - {}
RESULT: {}
COMMAND: POST /session/4ca0da1f05d229fab0c05732b1ad37d0/element - {"using":"xpath","value":"//input[@id=\"application-managecontracts-display-component---AddNewContract--yardId-inner\"]"}
RESULT: {"using":"xpath","value":"//input[@id=\"application-managecontracts-display-component---AddNewContract--yardId-inner\"]"}
COMMAND: GET /session/4ca0da1f05d229fab0c05732b1ad37d0/element/f.D01EC4AF0A1BFC1E8396569751E97BC9.d.6FAB658AFB5C813FC76D2F1E66A28DA6.e.9162/property/value - {}
RESULT: {}
COMMAND: POST /session/4ca0da1f05d229fab0c05732b1ad37d0/element - {"using":"xpath","value":"//input[@id=\"application-managecontracts-display-component---AddNewContract--customerSelect-inner\"]"}
COMMAND: GET /session/4ca0da1f05d229fab0c05732b1ad37d0/screenshot - {}
RESULT: {"using":"xpath","value":"//input[@id=\"application-managecontracts-display-component---AddNewContract--customerSelect-inner\"]"}
COMMAND: POST /session/4ca0da1f05d229fab0c05732b1ad37d0/element/f.D01EC4AF0A1BFC1E8396569751E97BC9.d.6FAB658AFB5C813FC76D2F1E66A28DA6.e.9160/clear - {}
RESULT: {}
RESULT: {}
COMMAND: POST /session/4ca0da1f05d229fab0c05732b1ad37d0/element/f.D01EC4AF0A1BFC1E8396569751E97BC9.d.6FAB658AFB5C813FC76D2F1E66A28DA6.e.9160/value - {"text":"1281"}
COMMAND: GET /session/4ca0da1f05d229fab0c05732b1ad37d0/screenshot - {}
RESULT: {"text":"1281"}
COMMAND: GET /session/4ca0da1f05d229fab0c05732b1ad37d0/screenshot - {}
RESULT: {}
RESULT: {}
COMMAND: POST /session/4ca0da1f05d229fab0c05732b1ad37d0/element - {"using":"xpath","value":"//li[.//span[text()='1281']]"}
RESULT: {"using":"xpath","value":"//li[.//span[text()='1281']]"}
COMMAND: POST /session/4ca0da1f05d229fab0c05732b1ad37d0/element/f.D01EC4AF0A1BFC1E8396569751E97BC9.d.6FAB658AFB5C813FC76D2F1E66A28DA6.e.9189/click - {}
RESULT: {}
COMMAND: GET /session/4ca0da1f05d229fab0c05732b1ad37d0/screenshot - {}
RESULT: {}
COMMAND: POST /session/4ca0da1f05d229fab0c05732b1ad37d0/element - {"using":"xpath","value":"//button[@data-kt=\"saveButton\"]"}
RESULT: {"using":"xpath","value":"//button[@data-kt=\"saveButton\"]"}
COMMAND: POST /session/4ca0da1f05d229fab0c05732b1ad37d0/element/f.D01EC4AF0A1BFC1E8396569751E97BC9.d.6FAB658AFB5C813FC76D2F1E66A28DA6.e.9179/click - {}
RESULT: {}
COMMAND: GET /session/4ca0da1f05d229fab0c05732b1ad37d0/screenshot - {}
RESULT: {}
COMMAND: POST /session/4ca0da1f05d229fab0c05732b1ad37d0/element - {"using":"xpath","value":"//span[contains(@id ,\"contractDetailTitleNoExpanded\")]"}
RESULT: {"using":"xpath","value":"//span[contains(@id ,\"contractDetailTitleNoExpanded\")]"}
COMMAND: POST /session/4ca0da1f05d229fab0c05732b1ad37d0/elements - {"using":"xpath","value":"//span[contains(@id ,\"contractDetailTitleNoExpanded\")]"}
RESULT: {"using":"xpath","value":"//span[contains(@id ,\"contractDetailTitleNoExpanded\")]"}
COMMAND: POST /session/4ca0da1f05d229fab0c05732b1ad37d0/execute/sync - {"script":"<script> [56 bytes]","args":[{"element-6066-11e4-a52e-4f735466cecf":"f.D01EC4AF0A1BFC1E8396569751E97BC9.d.6FAB658AFB5C813FC76D2F1E66A28DA6.e.9258","ELEMENT":"f.D01EC4AF0A1BFC1E8396569751E97BC9.d.6FAB658AFB5C813FC76D2F1E66A28DA6.e.9258"}]}
RESULT: {"script":"<script> [56 bytes]","args":[{"element-6066-11e4-a52e-4f735466cecf":"f.D01EC4AF0A1BFC1E8396569751E97BC9.d.6FAB658AFB5C813FC76D2F1E66A28DA6.e.9258","ELEMENT":"f.D01EC4AF0A1BFC1E8396569751E97BC9.d.6FAB658AFB5C813FC76D2F1E66A28DA6.e.9258"}]}
COMMAND: GET /session/4ca0da1f05d229fab0c05732b1ad37d0/screenshot - {}
RESULT: {}
]]></system-out>
    </testcase>
    <testcase classname="chrome.135_0_7049_96.windows.Create_master_data_for_mixed_billing_&amp;_do_billing_calculation_US151661" name="Should add equipment to the contract" time="53.007">
      <system-out><![CDATA[
COMMAND: POST /session/4ca0da1f05d229fab0c05732b1ad37d0/element - {"using":"xpath","value":"//button[@data-kt=\"contractDetailEditBtnButton\"]"}
RESULT: {"using":"xpath","value":"//button[@data-kt=\"contractDetailEditBtnButton\"]"}
COMMAND: POST /session/4ca0da1f05d229fab0c05732b1ad37d0/element/f.D01EC4AF0A1BFC1E8396569751E97BC9.d.6FAB658AFB5C813FC76D2F1E66A28DA6.e.9261/click - {}
RESULT: {}
COMMAND: GET /session/4ca0da1f05d229fab0c05732b1ad37d0/screenshot - {}
RESULT: {}
COMMAND: POST /session/4ca0da1f05d229fab0c05732b1ad37d0/element - {"using":"xpath","value":"(//span[contains(text(), \"Additional Addresses\")])[2]"}
RESULT: {"using":"xpath","value":"(//span[contains(text(), \"Additional Addresses\")])[2]"}
COMMAND: POST /session/4ca0da1f05d229fab0c05732b1ad37d0/element/f.D01EC4AF0A1BFC1E8396569751E97BC9.d.6FAB658AFB5C813FC76D2F1E66A28DA6.e.9315/click - {}
RESULT: {}
COMMAND: GET /session/4ca0da1f05d229fab0c05732b1ad37d0/screenshot - {}
RESULT: {}
COMMAND: POST /session/4ca0da1f05d229fab0c05732b1ad37d0/element - {"using":"xpath","value":"//button[@data-kt=\"btnAddTableRowOverflowToolbarButton\"]"}
RESULT: {"using":"xpath","value":"//button[@data-kt=\"btnAddTableRowOverflowToolbarButton\"]"}
COMMAND: POST /session/4ca0da1f05d229fab0c05732b1ad37d0/element/f.D01EC4AF0A1BFC1E8396569751E97BC9.d.6FAB658AFB5C813FC76D2F1E66A28DA6.e.9320/click - {}
RESULT: {}
COMMAND: GET /session/4ca0da1f05d229fab0c05732b1ad37d0/screenshot - {}
RESULT: {}
COMMAND: POST /session/4ca0da1f05d229fab0c05732b1ad37d0/element - {"using":"xpath","value":"//div[(text() = 'Standard Entry' or . = 'Standard Entry')]"}
RESULT: {"using":"xpath","value":"//div[(text() = 'Standard Entry' or . = 'Standard Entry')]"}
COMMAND: POST /session/4ca0da1f05d229fab0c05732b1ad37d0/element/f.D01EC4AF0A1BFC1E8396569751E97BC9.d.6FAB658AFB5C813FC76D2F1E66A28DA6.e.9321/click - {}
RESULT: {}
COMMAND: GET /session/4ca0da1f05d229fab0c05732b1ad37d0/screenshot - {}
RESULT: {}
COMMAND: POST /session/4ca0da1f05d229fab0c05732b1ad37d0/element - {"using":"xpath","value":"//td[7]/div/div/input"}
RESULT: {"using":"xpath","value":"//td[7]/div/div/input"}
COMMAND: POST /session/4ca0da1f05d229fab0c05732b1ad37d0/element/f.D01EC4AF0A1BFC1E8396569751E97BC9.d.6FAB658AFB5C813FC76D2F1E66A28DA6.e.9330/clear - {}
RESULT: {}
COMMAND: POST /session/4ca0da1f05d229fab0c05732b1ad37d0/element/f.D01EC4AF0A1BFC1E8396569751E97BC9.d.6FAB658AFB5C813FC76D2F1E66A28DA6.e.9330/value - {"text":"GghteDC2jy"}
COMMAND: GET /session/4ca0da1f05d229fab0c05732b1ad37d0/screenshot - {}
RESULT: {"text":"GghteDC2jy"}
COMMAND: GET /session/4ca0da1f05d229fab0c05732b1ad37d0/screenshot - {}
RESULT: {}
RESULT: {}
COMMAND: POST /session/4ca0da1f05d229fab0c05732b1ad37d0/actions - {"actions":[{"id":"action34","type":"key","parameters":{},"actions":[{"type":"keyDown","value":"î€‡"},{"type":"pause","duration":10},{"type":"keyUp","value":"î€‡"}]}]}
RESULT: {"actions":[{"id":"action34","type":"key","parameters":{},"actions":[{"type":"keyDown","value":"î€‡"},{"type":"pause","duration":10},{"type":"keyUp","value":"î€‡"}]}]}
COMMAND: GET /session/4ca0da1f05d229fab0c05732b1ad37d0/screenshot - {}
RESULT: {}
COMMAND: POST /session/4ca0da1f05d229fab0c05732b1ad37d0/element - {"using":"xpath","value":"(//button[@data-kt=\"saveButton\"])[2]"}
RESULT: {"using":"xpath","value":"(//button[@data-kt=\"saveButton\"])[2]"}
COMMAND: POST /session/4ca0da1f05d229fab0c05732b1ad37d0/element/f.D01EC4AF0A1BFC1E8396569751E97BC9.d.6FAB658AFB5C813FC76D2F1E66A28DA6.e.9345/click - {}
RESULT: {}
COMMAND: GET /session/4ca0da1f05d229fab0c05732b1ad37d0/screenshot - {}
RESULT: {}
COMMAND: POST /session/4ca0da1f05d229fab0c05732b1ad37d0/element - {"using":"xpath","value":"//span[contains(@id ,\"contractItemsSmartTable-header-inner\")]"}
RESULT: {"using":"xpath","value":"//span[contains(@id ,\"contractItemsSmartTable-header-inner\")]"}
COMMAND: POST /session/4ca0da1f05d229fab0c05732b1ad37d0/elements - {"using":"xpath","value":"//span[contains(@id ,\"contractItemsSmartTable-header-inner\")]"}
RESULT: {"using":"xpath","value":"//span[contains(@id ,\"contractItemsSmartTable-header-inner\")]"}
COMMAND: POST /session/4ca0da1f05d229fab0c05732b1ad37d0/execute/sync - {"script":"<script> [56 bytes]","args":[{"element-6066-11e4-a52e-4f735466cecf":"f.D01EC4AF0A1BFC1E8396569751E97BC9.d.6FAB658AFB5C813FC76D2F1E66A28DA6.e.9351","ELEMENT":"f.D01EC4AF0A1BFC1E8396569751E97BC9.d.6FAB658AFB5C813FC76D2F1E66A28DA6.e.9351"}]}
RESULT: {"script":"<script> [56 bytes]","args":[{"element-6066-11e4-a52e-4f735466cecf":"f.D01EC4AF0A1BFC1E8396569751E97BC9.d.6FAB658AFB5C813FC76D2F1E66A28DA6.e.9351","ELEMENT":"f.D01EC4AF0A1BFC1E8396569751E97BC9.d.6FAB658AFB5C813FC76D2F1E66A28DA6.e.9351"}]}
]]></system-out>
    </testcase>
    <testcase classname="chrome.135_0_7049_96.windows.Create_master_data_for_mixed_billing_&amp;_do_billing_calculation_US151661" name="Should do a provide to site handover" time="63.321">
      <system-out><![CDATA[
COMMAND: GET /session/4ca0da1f05d229fab0c05732b1ad37d0/screenshot - {}
COMMAND: POST /session/4ca0da1f05d229fab0c05732b1ad37d0/element - {"using":"xpath","value":"//button[@data-kt=\"provideButton\"]"}
RESULT: {}
RESULT: {"using":"xpath","value":"//button[@data-kt=\"provideButton\"]"}
COMMAND: POST /session/4ca0da1f05d229fab0c05732b1ad37d0/element/f.D01EC4AF0A1BFC1E8396569751E97BC9.d.6FAB658AFB5C813FC76D2F1E66A28DA6.e.9352/click - {}
RESULT: {}
COMMAND: GET /session/4ca0da1f05d229fab0c05732b1ad37d0/screenshot - {}
RESULT: {}
RESULT: undefined
COMMAND: POST /session/4ca0da1f05d229fab0c05732b1ad37d0/execute/async - {"script":"<script> [6424 bytes]","args":[{"element-6066-11e4-a52e-4f735466cecf":"f.D01EC4AF0A1BFC1E8396569751E97BC9.d.6FAB658AFB5C813FC76D2F1E66A28DA6.e.8379"},"setValue",["04/29/2025"]]}
COMMAND: POST /session/4ca0da1f05d229fab0c05732b1ad37d0/execute/async - {"script":"<script> [1562 bytes]","args":[{"selector":{"id":"application-managehandovers-display-component---AddNewHO--dueDate","interaction":{"idSuffix":"inner"}},"wdio_ui5_key":"applicationmanagehandovers-display-component---AddNewHO--dueDate"}]}
RESULT: {"script":"<script> [1562 bytes]","args":[{"selector":{"id":"application-managehandovers-display-component---AddNewHO--dueDate","interaction":{"idSuffix":"inner"}},"wdio_ui5_key":"applicationmanagehandovers-display-component---AddNewHO--dueDate"}]}
COMMAND: POST /session/4ca0da1f05d229fab0c05732b1ad37d0/execute/async - {"script":"<script> [6424 bytes]","args":[{"element-6066-11e4-a52e-4f735466cecf":"f.D01EC4AF0A1BFC1E8396569751E97BC9.d.6FAB658AFB5C813FC76D2F1E66A28DA6.e.9409"},"setValue",["04/29/2025"]]}
RESULT: {"script":"<script> [6424 bytes]","args":[{"element-6066-11e4-a52e-4f735466cecf":"f.D01EC4AF0A1BFC1E8396569751E97BC9.d.6FAB658AFB5C813FC76D2F1E66A28DA6.e.9409"},"setValue",["04/29/2025"]]}
COMMAND: POST /session/4ca0da1f05d229fab0c05732b1ad37d0/element - {"using":"xpath","value":"//bdi[contains(text(), \"Instructions\")]"}
RESULT: {"using":"xpath","value":"//bdi[contains(text(), \"Instructions\")]"}
COMMAND: POST /session/4ca0da1f05d229fab0c05732b1ad37d0/element/f.D01EC4AF0A1BFC1E8396569751E97BC9.d.6FAB658AFB5C813FC76D2F1E66A28DA6.e.9689/click - {}
RESULT: {}
COMMAND: GET /session/4ca0da1f05d229fab0c05732b1ad37d0/screenshot - {}
RESULT: {}
COMMAND: POST /session/4ca0da1f05d229fab0c05732b1ad37d0/element - {"using":"xpath","value":"//button[@data-kt=\"AddNewHOProvideAddItemsButton\"]"}
RESULT: {"using":"xpath","value":"//button[@data-kt=\"AddNewHOProvideAddItemsButton\"]"}
COMMAND: POST /session/4ca0da1f05d229fab0c05732b1ad37d0/element/f.D01EC4AF0A1BFC1E8396569751E97BC9.d.6FAB658AFB5C813FC76D2F1E66A28DA6.e.9693/click - {}
RESULT: {}
COMMAND: GET /session/4ca0da1f05d229fab0c05732b1ad37d0/screenshot - {}
RESULT: {}
RESULT: undefined
COMMAND: POST /session/4ca0da1f05d229fab0c05732b1ad37d0/element - {"using":"xpath","value":"//*[@id=\"application-managehandovers-display-component---AddNewHO--popup-sa\"]"}
RESULT: {"using":"xpath","value":"//*[@id=\"application-managehandovers-display-component---AddNewHO--popup-sa\"]"}
COMMAND: POST /session/4ca0da1f05d229fab0c05732b1ad37d0/element/f.D01EC4AF0A1BFC1E8396569751E97BC9.d.6FAB658AFB5C813FC76D2F1E66A28DA6.e.9708/click - {}
RESULT: {}
COMMAND: GET /session/4ca0da1f05d229fab0c05732b1ad37d0/screenshot - {}
RESULT: {}
COMMAND: POST /session/4ca0da1f05d229fab0c05732b1ad37d0/element - {"using":"xpath","value":"//*[contains(@id ,\"BDI-content\")][contains(text(), \"Select\")]"}
RESULT: {"using":"xpath","value":"//*[contains(@id ,\"BDI-content\")][contains(text(), \"Select\")]"}
COMMAND: POST /session/4ca0da1f05d229fab0c05732b1ad37d0/element/f.D01EC4AF0A1BFC1E8396569751E97BC9.d.6FAB658AFB5C813FC76D2F1E66A28DA6.e.9710/click - {}
RESULT: {}
COMMAND: GET /session/4ca0da1f05d229fab0c05732b1ad37d0/screenshot - {}
RESULT: {}
COMMAND: POST /session/4ca0da1f05d229fab0c05732b1ad37d0/execute/async - {"script":"<script> [1562 bytes]","args":[{"selector":{"id":"application-managehandovers-display-component---AddNewHO--confirmCreationButton","interaction":{"idSuffix":"BDI-content"}},"wdio_ui5_key":"applicationmanagehandovers-display-component---AddNewHO--confirmCreationButton"}]}
RESULT: {"script":"<script> [1562 bytes]","args":[{"selector":{"id":"application-managehandovers-display-component---AddNewHO--confirmCreationButton","interaction":{"idSuffix":"BDI-content"}},"wdio_ui5_key":"applicationmanagehandovers-display-component---AddNewHO--confirmCreationButton"}]}
RESULT: undefined
COMMAND: POST /session/4ca0da1f05d229fab0c05732b1ad37d0/element - {"using":"xpath","value":"//*[@id=\"application-managehandovers-display-component---AddNewHO--confirmCreationButton\"]"}
RESULT: {"using":"xpath","value":"//*[@id=\"application-managehandovers-display-component---AddNewHO--confirmCreationButton\"]"}
COMMAND: POST /session/4ca0da1f05d229fab0c05732b1ad37d0/element/f.D01EC4AF0A1BFC1E8396569751E97BC9.d.6FAB658AFB5C813FC76D2F1E66A28DA6.e.9490/click - {}
RESULT: {}
COMMAND: GET /session/4ca0da1f05d229fab0c05732b1ad37d0/screenshot - {}
RESULT: {}
COMMAND: POST /session/4ca0da1f05d229fab0c05732b1ad37d0/element - {"using":"xpath","value":"//button[@data-kt=\"PickingTableConfirmAllButton\"]"}
RESULT: {"using":"xpath","value":"//button[@data-kt=\"PickingTableConfirmAllButton\"]"}
COMMAND: POST /session/4ca0da1f05d229fab0c05732b1ad37d0/element/f.D01EC4AF0A1BFC1E8396569751E97BC9.d.6FAB658AFB5C813FC76D2F1E66A28DA6.e.9748/click - {}
COMMAND: POST /session/4ca0da1f05d229fab0c05732b1ad37d0/element - {"using":"xpath","value":"//button[@data-kt=\"PickingTableConfirmAllButton\"]"}
RESULT: {"using":"xpath","value":"//button[@data-kt=\"PickingTableConfirmAllButton\"]"}
COMMAND: POST /session/4ca0da1f05d229fab0c05732b1ad37d0/element/f.D01EC4AF0A1BFC1E8396569751E97BC9.d.6FAB658AFB5C813FC76D2F1E66A28DA6.e.9748/click - {}
COMMAND: POST /session/4ca0da1f05d229fab0c05732b1ad37d0/element - {"using":"xpath","value":"//button[@data-kt=\"PickingTableConfirmAllButton\"]"}
RESULT: {"using":"xpath","value":"//button[@data-kt=\"PickingTableConfirmAllButton\"]"}
COMMAND: POST /session/4ca0da1f05d229fab0c05732b1ad37d0/element/f.D01EC4AF0A1BFC1E8396569751E97BC9.d.6FAB658AFB5C813FC76D2F1E66A28DA6.e.9769/click - {}
RESULT: {}
COMMAND: GET /session/4ca0da1f05d229fab0c05732b1ad37d0/screenshot - {}
RESULT: {}
COMMAND: POST /session/4ca0da1f05d229fab0c05732b1ad37d0/element - {"using":"xpath","value":"//bdi[contains(text(), \"OK\")]"}
RESULT: {"using":"xpath","value":"//bdi[contains(text(), \"OK\")]"}
COMMAND: POST /session/4ca0da1f05d229fab0c05732b1ad37d0/element/f.D01EC4AF0A1BFC1E8396569751E97BC9.d.6FAB658AFB5C813FC76D2F1E66A28DA6.e.9773/click - {}
RESULT: {}
COMMAND: GET /session/4ca0da1f05d229fab0c05732b1ad37d0/screenshot - {}
RESULT: {}
COMMAND: POST /session/4ca0da1f05d229fab0c05732b1ad37d0/element - {"using":"xpath","value":"//bdi[contains(text(), \"Ok\")]"}
RESULT: {"using":"xpath","value":"//bdi[contains(text(), \"Ok\")]"}
COMMAND: POST /session/4ca0da1f05d229fab0c05732b1ad37d0/element/f.D01EC4AF0A1BFC1E8396569751E97BC9.d.6FAB658AFB5C813FC76D2F1E66A28DA6.e.9781/click - {}
RESULT: {}
COMMAND: GET /session/4ca0da1f05d229fab0c05732b1ad37d0/screenshot - {}
RESULT: {}
COMMAND: POST /session/4ca0da1f05d229fab0c05732b1ad37d0/element - {"using":"xpath","value":"//bdi[contains(text(), \"Issue\")]"}
RESULT: {"using":"xpath","value":"//bdi[contains(text(), \"Issue\")]"}
COMMAND: POST /session/4ca0da1f05d229fab0c05732b1ad37d0/element/f.D01EC4AF0A1BFC1E8396569751E97BC9.d.6FAB658AFB5C813FC76D2F1E66A28DA6.e.9783/click - {}
RESULT: {}
COMMAND: GET /session/4ca0da1f05d229fab0c05732b1ad37d0/screenshot - {}
RESULT: {}
COMMAND: POST /session/4ca0da1f05d229fab0c05732b1ad37d0/element - {"using":"css selector","value":"#shell-header-logo"}
RESULT: {"using":"css selector","value":"#shell-header-logo"}
COMMAND: POST /session/4ca0da1f05d229fab0c05732b1ad37d0/element/f.D01EC4AF0A1BFC1E8396569751E97BC9.d.6FAB658AFB5C813FC76D2F1E66A28DA6.e.8792/click - {}
RESULT: {}
COMMAND: GET /session/4ca0da1f05d229fab0c05732b1ad37d0/screenshot - {}
RESULT: {}
]]></system-out>
    </testcase>
    <testcase classname="chrome.135_0_7049_96.windows.Create_master_data_for_mixed_billing_&amp;_do_billing_calculation_US151661" name="Should create a few performance documents" time="99.526">
      <system-out><![CDATA[
COMMAND: POST /session/4ca0da1f05d229fab0c05732b1ad37d0/window/fullscreen - {}
RESULT: {}
COMMAND: POST /session/4ca0da1f05d229fab0c05732b1ad37d0/execute/async - {"script":"<script> [1562 bytes]","args":[{"selector":{"controlType":"sap.m.GenericTile","properties":{"header":"Manage States & Performance"}},"wdio_ui5_key":"sapm.GenericTile{\"header\":\"Manage States & Performance\"}"}]}
RESULT: {"script":"<script> [1562 bytes]","args":[{"selector":{"controlType":"sap.m.GenericTile","properties":{"header":"Manage States & Performance"}},"wdio_ui5_key":"sapm.GenericTile{\"header\":\"Manage States & Performance\"}"}]}
RESULT: undefined
COMMAND: POST /session/4ca0da1f05d229fab0c05732b1ad37d0/element - {"using":"xpath","value":"//*[@id=\"__tile56\"]"}
RESULT: {"using":"xpath","value":"//*[@id=\"__tile56\"]"}
COMMAND: POST /session/4ca0da1f05d229fab0c05732b1ad37d0/element/f.D01EC4AF0A1BFC1E8396569751E97BC9.d.6FAB658AFB5C813FC76D2F1E66A28DA6.e.2813/click - {}
RESULT: {}
COMMAND: POST /session/4ca0da1f05d229fab0c05732b1ad37d0/execute/async - {"script":"<script> [1562 bytes]","args":[{"selector":{"id":"application-managestatesandperformance-display-component---stateAndPerform--smartFilterBarResources-btnBasicSearch","interaction":{"idSuffix":"I"}},"wdio_ui5_key":"applicationmanagestatesandperformance-display-component---stateAndPerform--smartFilterBarResources-btnBasicSearch"}]}
COMMAND: GET /session/4ca0da1f05d229fab0c05732b1ad37d0/screenshot - {}
RESULT: {"script":"<script> [1562 bytes]","args":[{"selector":{"id":"application-managestatesandperformance-display-component---stateAndPerform--smartFilterBarResources-btnBasicSearch","interaction":{"idSuffix":"I"}},"wdio_ui5_key":"applicationmanagestatesandperformance-display-component---stateAndPerform--smartFilterBarResources-btnBasicSearch"}]}
RESULT: undefined
COMMAND: POST /session/4ca0da1f05d229fab0c05732b1ad37d0/execute/async - {"script":"<script> [776 bytes]","args":[{"enterText":"GghteDC2jy","selector":{"id":"application-managestatesandperformance-display-component---stateAndPerform--smartFilterBarResources-btnBasicSearch","interaction":{"idSuffix":"I"}},"clearTextFirst":true,"interactionType":"ENTER_TEXT"}]}
RESULT: {}
RESULT: {"script":"<script> [776 bytes]","args":[{"enterText":"GghteDC2jy","selector":{"id":"application-managestatesandperformance-display-component---stateAndPerform--smartFilterBarResources-btnBasicSearch","interaction":{"idSuffix":"I"}},"clearTextFirst":true,"interactionType":"ENTER_TEXT"}]}
COMMAND: POST /session/4ca0da1f05d229fab0c05732b1ad37d0/actions - {"actions":[{"id":"action35","type":"key","parameters":{},"actions":[{"type":"keyDown","value":"î€‡"},{"type":"pause","duration":10},{"type":"keyUp","value":"î€‡"}]}]}
RESULT: {"actions":[{"id":"action35","type":"key","parameters":{},"actions":[{"type":"keyDown","value":"î€‡"},{"type":"pause","duration":10},{"type":"keyUp","value":"î€‡"}]}]}
COMMAND: GET /session/4ca0da1f05d229fab0c05732b1ad37d0/screenshot - {}
RESULT: {}
COMMAND: POST /session/4ca0da1f05d229fab0c05732b1ad37d0/execute/async - {"script":"<script> [1562 bytes]","args":[{"selector":{"id":"application-managestatesandperformance-display-component---stateAndPerform--stateAndPerformResourcesSmartTable-header"},"wdio_ui5_key":"applicationmanagestatesandperformance-display-component---stateAndPerform--stateAndPerformResourcesSmartTable-header"}]}
RESULT: {"script":"<script> [1562 bytes]","args":[{"selector":{"id":"application-managestatesandperformance-display-component---stateAndPerform--stateAndPerformResourcesSmartTable-header"},"wdio_ui5_key":"applicationmanagestatesandperformance-display-component---stateAndPerform--stateAndPerformResourcesSmartTable-header"}]}
RESULT: undefined
COMMAND: POST /session/4ca0da1f05d229fab0c05732b1ad37d0/execute/async - {"script":"<script> [6424 bytes]","args":[{"element-6066-11e4-a52e-4f735466cecf":"f.D01EC4AF0A1BFC1E8396569751E97BC9.d.6FAB658AFB5C813FC76D2F1E66A28DA6.e.10079"},"getText",[]]}
RESULT: {"script":"<script> [6424 bytes]","args":[{"element-6066-11e4-a52e-4f735466cecf":"f.D01EC4AF0A1BFC1E8396569751E97BC9.d.6FAB658AFB5C813FC76D2F1E66A28DA6.e.10079"},"getText",[]]}
COMMAND: POST /session/4ca0da1f05d229fab0c05732b1ad37d0/execute/async - {"script":"<script> [1562 bytes]","args":[{"selector":{"controlType":"sap.ui.core.Icon","viewName":"etm.portal.ui.managestatesandperformance.view.Master","viewId":"application-managestatesandperformance-display-component---stateAndPerform","properties":{"src":{"regex":{"source":"slim\\-arrow\\-right"}}}},"wdio_ui5_key":"etmportal.ui.managestatesandperformance.view.Mastersap.ui.core.Icon{\"src\":{\"regex\":{\"source\":\"slim\\\\-arrow\\\\-right\"}}}"}]}
RESULT: {"script":"<script> [1562 bytes]","args":[{"selector":{"controlType":"sap.ui.core.Icon","viewName":"etm.portal.ui.managestatesandperformance.view.Master","viewId":"application-managestatesandperformance-display-component---stateAndPerform","properties":{"src":{"regex":{"source":"slim\\-arrow\\-right"}}}},"wdio_ui5_key":"etmportal.ui.managestatesandperformance.view.Mastersap.ui.core.Icon{\"src\":{\"regex\":{\"source\":\"slim\\\\-arrow\\\\-right\"}}}"}]}
RESULT: undefined
COMMAND: POST /session/4ca0da1f05d229fab0c05732b1ad37d0/element - {"using":"xpath","value":"//*[@id=\"__item4151-__clone16809-imgNav\"]"}
RESULT: {"using":"xpath","value":"//*[@id=\"__item4151-__clone16809-imgNav\"]"}
COMMAND: POST /session/4ca0da1f05d229fab0c05732b1ad37d0/element/f.D01EC4AF0A1BFC1E8396569751E97BC9.d.6FAB658AFB5C813FC76D2F1E66A28DA6.e.10078/click - {}
RESULT: {}
COMMAND: GET /session/4ca0da1f05d229fab0c05732b1ad37d0/screenshot - {}
RESULT: {}
COMMAND: POST /session/4ca0da1f05d229fab0c05732b1ad37d0/execute/async - {"script":"<script> [1562 bytes]","args":[{"selector":{"controlType":"sap.m.Button","viewName":"etm.portal.ui.managestatesandperformance.view.Detail","viewId":"application-managestatesandperformance-display-component---detailStateAndPerform","properties":{"text":"Performance Documents"}},"wdio_ui5_key":"etmportal.ui.managestatesandperformance.view.Detailsap.m.Button{\"text\":\"Performance Documents\"}"}]}
RESULT: {"script":"<script> [1562 bytes]","args":[{"selector":{"controlType":"sap.m.Button","viewName":"etm.portal.ui.managestatesandperformance.view.Detail","viewId":"application-managestatesandperformance-display-component---detailStateAndPerform","properties":{"text":"Performance Documents"}},"wdio_ui5_key":"etmportal.ui.managestatesandperformance.view.Detailsap.m.Button{\"text\":\"Performance Documents\"}"}]}
RESULT: undefined
COMMAND: POST /session/4ca0da1f05d229fab0c05732b1ad37d0/element - {"using":"xpath","value":"//*[@id=\"__item4174-button\"]"}
RESULT: {"using":"xpath","value":"//*[@id=\"__item4174-button\"]"}
COMMAND: POST /session/4ca0da1f05d229fab0c05732b1ad37d0/element/f.D01EC4AF0A1BFC1E8396569751E97BC9.d.6FAB658AFB5C813FC76D2F1E66A28DA6.e.10121/click - {}
RESULT: {}
COMMAND: POST /session/4ca0da1f05d229fab0c05732b1ad37d0/execute/async - {"script":"<script> [1562 bytes]","args":[{"selector":{"controlType":"sap.m.Button","viewName":"etm.portal.ui.managestatesandperformance.view.Detail","viewId":"application-managestatesandperformance-display-component---detailStateAndPerform","i18NText":{"propertyName":"text","key":"createPerformanceDoc"},"interaction":{"idSuffix":"BDI-content"}},"wdio_ui5_key":"etmportal.ui.managestatesandperformance.view.Detailsap.m.Button{\"propertyName\":\"text\",\"key\":\"createPerformanceDoc\"}"}]}
COMMAND: GET /session/4ca0da1f05d229fab0c05732b1ad37d0/screenshot - {}
RESULT: {"script":"<script> [1562 bytes]","args":[{"selector":{"controlType":"sap.m.Button","viewName":"etm.portal.ui.managestatesandperformance.view.Detail","viewId":"application-managestatesandperformance-display-component---detailStateAndPerform","i18NText":{"propertyName":"text","key":"createPerformanceDoc"},"interaction":{"idSuffix":"BDI-content"}},"wdio_ui5_key":"etmportal.ui.managestatesandperformance.view.Detailsap.m.Button{\"propertyName\":\"text\",\"key\":\"createPerformanceDoc\"}"}]}
RESULT: undefined
COMMAND: POST /session/4ca0da1f05d229fab0c05732b1ad37d0/element - {"using":"xpath","value":"//*[@id=\"__button557\"]"}
RESULT: {}
RESULT: {"using":"xpath","value":"//*[@id=\"__button557\"]"}
COMMAND: POST /session/4ca0da1f05d229fab0c05732b1ad37d0/element/f.D01EC4AF0A1BFC1E8396569751E97BC9.d.6FAB658AFB5C813FC76D2F1E66A28DA6.e.10126/click - {}
RESULT: {}
COMMAND: POST /session/4ca0da1f05d229fab0c05732b1ad37d0/execute/async - {"script":"<script> [1562 bytes]","args":[{"selector":{"id":"application-managestatesandperformance-display-component---detailStateAndPerform--perfDocDatePicker","searchOpenDialogs":true,"interaction":{"idSuffix":"inner"}},"wdio_ui5_key":"applicationmanagestatesandperformance-display-component---detailStateAndPerform--perfDocDatePicker"}]}
COMMAND: GET /session/4ca0da1f05d229fab0c05732b1ad37d0/screenshot - {}
RESULT: {"script":"<script> [1562 bytes]","args":[{"selector":{"id":"application-managestatesandperformance-display-component---detailStateAndPerform--perfDocDatePicker","searchOpenDialogs":true,"interaction":{"idSuffix":"inner"}},"wdio_ui5_key":"applicationmanagestatesandperformance-display-component---detailStateAndPerform--perfDocDatePicker"}]}
RESULT: undefined
COMMAND: POST /session/4ca0da1f05d229fab0c05732b1ad37d0/execute/async - {"script":"<script> [776 bytes]","args":[{"enterText":"05/01/25","selector":{"id":"application-managestatesandperformance-display-component---detailStateAndPerform--perfDocDatePicker","searchOpenDialogs":true,"interaction":{"idSuffix":"inner"}},"clearTextFirst":true,"interactionType":"ENTER_TEXT"}]}
RESULT: {}
RESULT: {"script":"<script> [776 bytes]","args":[{"enterText":"05/01/25","selector":{"id":"application-managestatesandperformance-display-component---detailStateAndPerform--perfDocDatePicker","searchOpenDialogs":true,"interaction":{"idSuffix":"inner"}},"clearTextFirst":true,"interactionType":"ENTER_TEXT"}]}
COMMAND: POST /session/4ca0da1f05d229fab0c05732b1ad37d0/execute/async - {"script":"<script> [1562 bytes]","args":[{"selector":{"id":"application-managestatesandperformance-display-component---detailStateAndPerform--counterValue-input","searchOpenDialogs":true,"interaction":{"idSuffix":"inner"}},"wdio_ui5_key":"applicationmanagestatesandperformance-display-component---detailStateAndPerform--counterValue-input"}]}
RESULT: {"script":"<script> [1562 bytes]","args":[{"selector":{"id":"application-managestatesandperformance-display-component---detailStateAndPerform--counterValue-input","searchOpenDialogs":true,"interaction":{"idSuffix":"inner"}},"wdio_ui5_key":"applicationmanagestatesandperformance-display-component---detailStateAndPerform--counterValue-input"}]}
RESULT: undefined
COMMAND: POST /session/4ca0da1f05d229fab0c05732b1ad37d0/execute/async - {"script":"<script> [776 bytes]","args":[{"enterText":"15.00","selector":{"id":"application-managestatesandperformance-display-component---detailStateAndPerform--counterValue-input","searchOpenDialogs":true,"interaction":{"idSuffix":"inner"}},"clearTextFirst":true,"interactionType":"ENTER_TEXT"}]}
RESULT: {"script":"<script> [776 bytes]","args":[{"enterText":"15.00","selector":{"id":"application-managestatesandperformance-display-component---detailStateAndPerform--counterValue-input","searchOpenDialogs":true,"interaction":{"idSuffix":"inner"}},"clearTextFirst":true,"interactionType":"ENTER_TEXT"}]}
COMMAND: POST /session/4ca0da1f05d229fab0c05732b1ad37d0/execute/async - {"script":"<script> [1562 bytes]","args":[{"selector":{"controlType":"sap.m.Button","viewName":"etm.portal.ui.managestatesandperformance.view.Detail","viewId":"application-managestatesandperformance-display-component---detailStateAndPerform","bindingPath":{"path":"","propertyPath":"/allowAddEdit","modelName":"oScreenModel"},"searchOpenDialogs":true,"interaction":{"idSuffix":"BDI-content"}},"wdio_ui5_key":"etmportal.ui.managestatesandperformance.view.Detailsap.m.Button{\"path\":\"\",\"propertyPath\":\"/allowAddEdit\",\"modelName\":\"oScreenModel\"}"}]}
RESULT: {"script":"<script> [1562 bytes]","args":[{"selector":{"controlType":"sap.m.Button","viewName":"etm.portal.ui.managestatesandperformance.view.Detail","viewId":"application-managestatesandperformance-display-component---detailStateAndPerform","bindingPath":{"path":"","propertyPath":"/allowAddEdit","modelName":"oScreenModel"},"searchOpenDialogs":true,"interaction":{"idSuffix":"BDI-content"}},"wdio_ui5_key":"etmportal.ui.managestatesandperformance.view.Detailsap.m.Button{\"path\":\"\",\"propertyPath\":\"/allowAddEdit\",\"modelName\":\"oScreenModel\"}"}]}
RESULT: undefined
COMMAND: POST /session/4ca0da1f05d229fab0c05732b1ad37d0/element - {"using":"xpath","value":"//*[@id=\"__button564\"]"}
RESULT: {"using":"xpath","value":"//*[@id=\"__button564\"]"}
COMMAND: POST /session/4ca0da1f05d229fab0c05732b1ad37d0/element/f.D01EC4AF0A1BFC1E8396569751E97BC9.d.6FAB658AFB5C813FC76D2F1E66A28DA6.e.10146/click - {}
RESULT: {}
RESULT: undefined
COMMAND: POST /session/4ca0da1f05d229fab0c05732b1ad37d0/element - {"using":"xpath","value":"//*[@id=\"__button557\"]"}
COMMAND: GET /session/4ca0da1f05d229fab0c05732b1ad37d0/screenshot - {}
RESULT: {"using":"xpath","value":"//*[@id=\"__button557\"]"}
COMMAND: POST /session/4ca0da1f05d229fab0c05732b1ad37d0/element/f.D01EC4AF0A1BFC1E8396569751E97BC9.d.6FAB658AFB5C813FC76D2F1E66A28DA6.e.10126/click - {}
RESULT: {}
RESULT: {}
RESULT: undefined
COMMAND: POST /session/4ca0da1f05d229fab0c05732b1ad37d0/execute/async - {"script":"<script> [776 bytes]","args":[{"enterText":"05/05/25","selector":{"id":"application-managestatesandperformance-display-component---detailStateAndPerform--perfDocDatePicker","searchOpenDialogs":true,"interaction":{"idSuffix":"inner"}},"clearTextFirst":true,"interactionType":"ENTER_TEXT"}]}
COMMAND: GET /session/4ca0da1f05d229fab0c05732b1ad37d0/screenshot - {}
RESULT: {"script":"<script> [776 bytes]","args":[{"enterText":"05/05/25","selector":{"id":"application-managestatesandperformance-display-component---detailStateAndPerform--perfDocDatePicker","searchOpenDialogs":true,"interaction":{"idSuffix":"inner"}},"clearTextFirst":true,"interactionType":"ENTER_TEXT"}]}
RESULT: undefined
COMMAND: POST /session/4ca0da1f05d229fab0c05732b1ad37d0/execute/async - {"script":"<script> [776 bytes]","args":[{"enterText":"20.00","selector":{"id":"application-managestatesandperformance-display-component---detailStateAndPerform--counterValue-input","searchOpenDialogs":true,"interaction":{"idSuffix":"inner"}},"clearTextFirst":true,"interactionType":"ENTER_TEXT"}]}
RESULT: {}
RESULT: {"script":"<script> [776 bytes]","args":[{"enterText":"20.00","selector":{"id":"application-managestatesandperformance-display-component---detailStateAndPerform--counterValue-input","searchOpenDialogs":true,"interaction":{"idSuffix":"inner"}},"clearTextFirst":true,"interactionType":"ENTER_TEXT"}]}
COMMAND: POST /session/4ca0da1f05d229fab0c05732b1ad37d0/actions - {"actions":[{"id":"action36","type":"key","parameters":{},"actions":[{"type":"keyDown","value":"î€„"},{"type":"keyDown","value":"î€„"},{"type":"pause","duration":10},{"type":"keyUp","value":"î€„"},{"type":"keyUp","value":"î€„"}]}]}
RESULT: {"actions":[{"id":"action36","type":"key","parameters":{},"actions":[{"type":"keyDown","value":"î€„"},{"type":"keyDown","value":"î€„"},{"type":"pause","duration":10},{"type":"keyUp","value":"î€„"},{"type":"keyUp","value":"î€„"}]}]}
COMMAND: POST /session/4ca0da1f05d229fab0c05732b1ad37d0/actions - {"actions":[{"id":"action37","type":"key","parameters":{},"actions":[{"type":"keyDown","value":"î€‡"},{"type":"pause","duration":10},{"type":"keyUp","value":"î€‡"}]}]}
COMMAND: GET /session/4ca0da1f05d229fab0c05732b1ad37d0/screenshot - {}
RESULT: {"actions":[{"id":"action37","type":"key","parameters":{},"actions":[{"type":"keyDown","value":"î€‡"},{"type":"pause","duration":10},{"type":"keyUp","value":"î€‡"}]}]}
RESULT: undefined
COMMAND: POST /session/4ca0da1f05d229fab0c05732b1ad37d0/element - {"using":"xpath","value":"//*[@id=\"__button564\"]"}
COMMAND: GET /session/4ca0da1f05d229fab0c05732b1ad37d0/screenshot - {}
RESULT: {}
RESULT: {"using":"xpath","value":"//*[@id=\"__button564\"]"}
COMMAND: POST /session/4ca0da1f05d229fab0c05732b1ad37d0/elements - {"using":"xpath","value":"//*[@id=\"__button564\"]"}
RESULT: {}
RESULT: {"using":"xpath","value":"//*[@id=\"__button564\"]"}
COMMAND: POST /session/4ca0da1f05d229fab0c05732b1ad37d0/elements - {"using":"xpath","value":"//*[@id=\"__button564\"]"}
RESULT: {"using":"xpath","value":"//*[@id=\"__button564\"]"}
COMMAND: POST /session/4ca0da1f05d229fab0c05732b1ad37d0/elements - {"using":"xpath","value":"//*[@id=\"__button564\"]"}
RESULT: {"using":"xpath","value":"//*[@id=\"__button564\"]"}
COMMAND: POST /session/4ca0da1f05d229fab0c05732b1ad37d0/elements - {"using":"xpath","value":"//*[@id=\"__button564\"]"}
RESULT: {"using":"xpath","value":"//*[@id=\"__button564\"]"}
COMMAND: POST /session/4ca0da1f05d229fab0c05732b1ad37d0/elements - {"using":"xpath","value":"//*[@id=\"__button564\"]"}
RESULT: {"using":"xpath","value":"//*[@id=\"__button564\"]"}
COMMAND: POST /session/4ca0da1f05d229fab0c05732b1ad37d0/elements - {"using":"xpath","value":"//*[@id=\"__button564\"]"}
RESULT: {"using":"xpath","value":"//*[@id=\"__button564\"]"}
COMMAND: POST /session/4ca0da1f05d229fab0c05732b1ad37d0/elements - {"using":"xpath","value":"//*[@id=\"__button564\"]"}
RESULT: {"using":"xpath","value":"//*[@id=\"__button564\"]"}
COMMAND: POST /session/4ca0da1f05d229fab0c05732b1ad37d0/elements - {"using":"xpath","value":"//*[@id=\"__button564\"]"}
RESULT: {"using":"xpath","value":"//*[@id=\"__button564\"]"}
COMMAND: POST /session/4ca0da1f05d229fab0c05732b1ad37d0/elements - {"using":"xpath","value":"//*[@id=\"__button564\"]"}
RESULT: {"using":"xpath","value":"//*[@id=\"__button564\"]"}
COMMAND: POST /session/4ca0da1f05d229fab0c05732b1ad37d0/elements - {"using":"xpath","value":"//*[@id=\"__button564\"]"}
RESULT: {"using":"xpath","value":"//*[@id=\"__button564\"]"}
COMMAND: POST /session/4ca0da1f05d229fab0c05732b1ad37d0/elements - {"using":"xpath","value":"//*[@id=\"__button564\"]"}
RESULT: {"using":"xpath","value":"//*[@id=\"__button564\"]"}
COMMAND: POST /session/4ca0da1f05d229fab0c05732b1ad37d0/elements - {"using":"xpath","value":"//*[@id=\"__button564\"]"}
RESULT: {"using":"xpath","value":"//*[@id=\"__button564\"]"}
COMMAND: POST /session/4ca0da1f05d229fab0c05732b1ad37d0/elements - {"using":"xpath","value":"//*[@id=\"__button564\"]"}
RESULT: {"using":"xpath","value":"//*[@id=\"__button564\"]"}
COMMAND: POST /session/4ca0da1f05d229fab0c05732b1ad37d0/elements - {"using":"xpath","value":"//*[@id=\"__button564\"]"}
RESULT: {"using":"xpath","value":"//*[@id=\"__button564\"]"}
COMMAND: POST /session/4ca0da1f05d229fab0c05732b1ad37d0/elements - {"using":"xpath","value":"//*[@id=\"__button564\"]"}
RESULT: {"using":"xpath","value":"//*[@id=\"__button564\"]"}
COMMAND: POST /session/4ca0da1f05d229fab0c05732b1ad37d0/elements - {"using":"xpath","value":"//*[@id=\"__button564\"]"}
RESULT: {"using":"xpath","value":"//*[@id=\"__button564\"]"}
COMMAND: POST /session/4ca0da1f05d229fab0c05732b1ad37d0/elements - {"using":"xpath","value":"//*[@id=\"__button564\"]"}
RESULT: {"using":"xpath","value":"//*[@id=\"__button564\"]"}
COMMAND: POST /session/4ca0da1f05d229fab0c05732b1ad37d0/elements - {"using":"xpath","value":"//*[@id=\"__button564\"]"}
RESULT: {"using":"xpath","value":"//*[@id=\"__button564\"]"}
COMMAND: POST /session/4ca0da1f05d229fab0c05732b1ad37d0/elements - {"using":"xpath","value":"//*[@id=\"__button564\"]"}
RESULT: {"using":"xpath","value":"//*[@id=\"__button564\"]"}
COMMAND: POST /session/4ca0da1f05d229fab0c05732b1ad37d0/elements - {"using":"xpath","value":"//*[@id=\"__button564\"]"}
RESULT: {"using":"xpath","value":"//*[@id=\"__button564\"]"}
COMMAND: POST /session/4ca0da1f05d229fab0c05732b1ad37d0/elements - {"using":"xpath","value":"//*[@id=\"__button564\"]"}
RESULT: {"using":"xpath","value":"//*[@id=\"__button564\"]"}
COMMAND: POST /session/4ca0da1f05d229fab0c05732b1ad37d0/elements - {"using":"xpath","value":"//*[@id=\"__button564\"]"}
RESULT: {"using":"xpath","value":"//*[@id=\"__button564\"]"}
COMMAND: POST /session/4ca0da1f05d229fab0c05732b1ad37d0/elements - {"using":"xpath","value":"//*[@id=\"__button564\"]"}
RESULT: {"using":"xpath","value":"//*[@id=\"__button564\"]"}
COMMAND: POST /session/4ca0da1f05d229fab0c05732b1ad37d0/elements - {"using":"xpath","value":"//*[@id=\"__button564\"]"}
RESULT: {"using":"xpath","value":"//*[@id=\"__button564\"]"}
COMMAND: POST /session/4ca0da1f05d229fab0c05732b1ad37d0/elements - {"using":"xpath","value":"//*[@id=\"__button564\"]"}
RESULT: {"using":"xpath","value":"//*[@id=\"__button564\"]"}
COMMAND: POST /session/4ca0da1f05d229fab0c05732b1ad37d0/elements - {"using":"xpath","value":"//*[@id=\"__button564\"]"}
RESULT: {"using":"xpath","value":"//*[@id=\"__button564\"]"}
COMMAND: POST /session/4ca0da1f05d229fab0c05732b1ad37d0/elements - {"using":"xpath","value":"//*[@id=\"__button564\"]"}
RESULT: {"using":"xpath","value":"//*[@id=\"__button564\"]"}
COMMAND: POST /session/4ca0da1f05d229fab0c05732b1ad37d0/elements - {"using":"xpath","value":"//*[@id=\"__button564\"]"}
RESULT: {"using":"xpath","value":"//*[@id=\"__button564\"]"}
COMMAND: POST /session/4ca0da1f05d229fab0c05732b1ad37d0/elements - {"using":"xpath","value":"//*[@id=\"__button564\"]"}
RESULT: {"using":"xpath","value":"//*[@id=\"__button564\"]"}
COMMAND: POST /session/4ca0da1f05d229fab0c05732b1ad37d0/elements - {"using":"xpath","value":"//*[@id=\"__button564\"]"}
RESULT: {"using":"xpath","value":"//*[@id=\"__button564\"]"}
COMMAND: POST /session/4ca0da1f05d229fab0c05732b1ad37d0/elements - {"using":"xpath","value":"//*[@id=\"__button564\"]"}
RESULT: {"using":"xpath","value":"//*[@id=\"__button564\"]"}
COMMAND: POST /session/4ca0da1f05d229fab0c05732b1ad37d0/elements - {"using":"xpath","value":"//*[@id=\"__button564\"]"}
RESULT: {"using":"xpath","value":"//*[@id=\"__button564\"]"}
COMMAND: POST /session/4ca0da1f05d229fab0c05732b1ad37d0/elements - {"using":"xpath","value":"//*[@id=\"__button564\"]"}
RESULT: {"using":"xpath","value":"//*[@id=\"__button564\"]"}
COMMAND: POST /session/4ca0da1f05d229fab0c05732b1ad37d0/elements - {"using":"xpath","value":"//*[@id=\"__button564\"]"}
RESULT: {"using":"xpath","value":"//*[@id=\"__button564\"]"}
COMMAND: POST /session/4ca0da1f05d229fab0c05732b1ad37d0/elements - {"using":"xpath","value":"//*[@id=\"__button564\"]"}
RESULT: {"using":"xpath","value":"//*[@id=\"__button564\"]"}
COMMAND: POST /session/4ca0da1f05d229fab0c05732b1ad37d0/elements - {"using":"xpath","value":"//*[@id=\"__button564\"]"}
RESULT: {"using":"xpath","value":"//*[@id=\"__button564\"]"}
COMMAND: POST /session/4ca0da1f05d229fab0c05732b1ad37d0/elements - {"using":"xpath","value":"//*[@id=\"__button564\"]"}
RESULT: {"using":"xpath","value":"//*[@id=\"__button564\"]"}
COMMAND: POST /session/4ca0da1f05d229fab0c05732b1ad37d0/elements - {"using":"xpath","value":"//*[@id=\"__button564\"]"}
RESULT: {"using":"xpath","value":"//*[@id=\"__button564\"]"}
COMMAND: POST /session/4ca0da1f05d229fab0c05732b1ad37d0/elements - {"using":"xpath","value":"//*[@id=\"__button564\"]"}
RESULT: {"using":"xpath","value":"//*[@id=\"__button564\"]"}
COMMAND: POST /session/4ca0da1f05d229fab0c05732b1ad37d0/elements - {"using":"xpath","value":"//*[@id=\"__button564\"]"}
RESULT: {"using":"xpath","value":"//*[@id=\"__button564\"]"}
COMMAND: POST /session/4ca0da1f05d229fab0c05732b1ad37d0/elements - {"using":"xpath","value":"//*[@id=\"__button564\"]"}
RESULT: {"using":"xpath","value":"//*[@id=\"__button564\"]"}
COMMAND: POST /session/4ca0da1f05d229fab0c05732b1ad37d0/elements - {"using":"xpath","value":"//*[@id=\"__button564\"]"}
RESULT: {"using":"xpath","value":"//*[@id=\"__button564\"]"}
COMMAND: POST /session/4ca0da1f05d229fab0c05732b1ad37d0/elements - {"using":"xpath","value":"//*[@id=\"__button564\"]"}
RESULT: {"using":"xpath","value":"//*[@id=\"__button564\"]"}
COMMAND: POST /session/4ca0da1f05d229fab0c05732b1ad37d0/elements - {"using":"xpath","value":"//*[@id=\"__button564\"]"}
RESULT: {"using":"xpath","value":"//*[@id=\"__button564\"]"}
COMMAND: POST /session/4ca0da1f05d229fab0c05732b1ad37d0/elements - {"using":"xpath","value":"//*[@id=\"__button564\"]"}
RESULT: {"using":"xpath","value":"//*[@id=\"__button564\"]"}
COMMAND: POST /session/4ca0da1f05d229fab0c05732b1ad37d0/elements - {"using":"xpath","value":"//*[@id=\"__button564\"]"}
RESULT: {"using":"xpath","value":"//*[@id=\"__button564\"]"}
COMMAND: POST /session/4ca0da1f05d229fab0c05732b1ad37d0/elements - {"using":"xpath","value":"//*[@id=\"__button564\"]"}
RESULT: {"using":"xpath","value":"//*[@id=\"__button564\"]"}
COMMAND: POST /session/4ca0da1f05d229fab0c05732b1ad37d0/elements - {"using":"xpath","value":"//*[@id=\"__button564\"]"}
RESULT: {"using":"xpath","value":"//*[@id=\"__button564\"]"}
COMMAND: POST /session/4ca0da1f05d229fab0c05732b1ad37d0/elements - {"using":"xpath","value":"//*[@id=\"__button564\"]"}
RESULT: {"using":"xpath","value":"//*[@id=\"__button564\"]"}
COMMAND: POST /session/4ca0da1f05d229fab0c05732b1ad37d0/elements - {"using":"xpath","value":"//*[@id=\"__button564\"]"}
RESULT: {"using":"xpath","value":"//*[@id=\"__button564\"]"}
COMMAND: POST /session/4ca0da1f05d229fab0c05732b1ad37d0/elements - {"using":"xpath","value":"//*[@id=\"__button564\"]"}
RESULT: {"using":"xpath","value":"//*[@id=\"__button564\"]"}
COMMAND: POST /session/4ca0da1f05d229fab0c05732b1ad37d0/elements - {"using":"xpath","value":"//*[@id=\"__button564\"]"}
RESULT: {"using":"xpath","value":"//*[@id=\"__button564\"]"}
COMMAND: POST /session/4ca0da1f05d229fab0c05732b1ad37d0/elements - {"using":"xpath","value":"//*[@id=\"__button564\"]"}
RESULT: {"using":"xpath","value":"//*[@id=\"__button564\"]"}
COMMAND: POST /session/4ca0da1f05d229fab0c05732b1ad37d0/elements - {"using":"xpath","value":"//*[@id=\"__button564\"]"}
RESULT: {"using":"xpath","value":"//*[@id=\"__button564\"]"}
COMMAND: POST /session/4ca0da1f05d229fab0c05732b1ad37d0/elements - {"using":"xpath","value":"//*[@id=\"__button564\"]"}
RESULT: {"using":"xpath","value":"//*[@id=\"__button564\"]"}
COMMAND: POST /session/4ca0da1f05d229fab0c05732b1ad37d0/elements - {"using":"xpath","value":"//*[@id=\"__button564\"]"}
RESULT: {"using":"xpath","value":"//*[@id=\"__button564\"]"}
COMMAND: POST /session/4ca0da1f05d229fab0c05732b1ad37d0/elements - {"using":"xpath","value":"//*[@id=\"__button564\"]"}
RESULT: {"using":"xpath","value":"//*[@id=\"__button564\"]"}
COMMAND: POST /session/4ca0da1f05d229fab0c05732b1ad37d0/elements - {"using":"xpath","value":"//*[@id=\"__button564\"]"}
RESULT: {"using":"xpath","value":"//*[@id=\"__button564\"]"}
COMMAND: POST /session/4ca0da1f05d229fab0c05732b1ad37d0/elements - {"using":"xpath","value":"//*[@id=\"__button564\"]"}
RESULT: {"using":"xpath","value":"//*[@id=\"__button564\"]"}
COMMAND: POST /session/4ca0da1f05d229fab0c05732b1ad37d0/elements - {"using":"xpath","value":"//*[@id=\"__button564\"]"}
RESULT: {"using":"xpath","value":"//*[@id=\"__button564\"]"}
COMMAND: POST /session/4ca0da1f05d229fab0c05732b1ad37d0/elements - {"using":"xpath","value":"//*[@id=\"__button564\"]"}
RESULT: {"using":"xpath","value":"//*[@id=\"__button564\"]"}
COMMAND: POST /session/4ca0da1f05d229fab0c05732b1ad37d0/elements - {"using":"xpath","value":"//*[@id=\"__button564\"]"}
RESULT: {"using":"xpath","value":"//*[@id=\"__button564\"]"}
COMMAND: POST /session/4ca0da1f05d229fab0c05732b1ad37d0/elements - {"using":"xpath","value":"//*[@id=\"__button564\"]"}
RESULT: {"using":"xpath","value":"//*[@id=\"__button564\"]"}
COMMAND: POST /session/4ca0da1f05d229fab0c05732b1ad37d0/elements - {"using":"xpath","value":"//*[@id=\"__button564\"]"}
RESULT: {"using":"xpath","value":"//*[@id=\"__button564\"]"}
COMMAND: POST /session/4ca0da1f05d229fab0c05732b1ad37d0/elements - {"using":"xpath","value":"//*[@id=\"__button564\"]"}
RESULT: {"using":"xpath","value":"//*[@id=\"__button564\"]"}
COMMAND: POST /session/4ca0da1f05d229fab0c05732b1ad37d0/elements - {"using":"xpath","value":"//*[@id=\"__button564\"]"}
RESULT: {"using":"xpath","value":"//*[@id=\"__button564\"]"}
COMMAND: POST /session/4ca0da1f05d229fab0c05732b1ad37d0/elements - {"using":"xpath","value":"//*[@id=\"__button564\"]"}
RESULT: {"using":"xpath","value":"//*[@id=\"__button564\"]"}
COMMAND: POST /session/4ca0da1f05d229fab0c05732b1ad37d0/elements - {"using":"xpath","value":"//*[@id=\"__button564\"]"}
RESULT: {"using":"xpath","value":"//*[@id=\"__button564\"]"}
COMMAND: POST /session/4ca0da1f05d229fab0c05732b1ad37d0/elements - {"using":"xpath","value":"//*[@id=\"__button564\"]"}
RESULT: {"using":"xpath","value":"//*[@id=\"__button564\"]"}
COMMAND: POST /session/4ca0da1f05d229fab0c05732b1ad37d0/elements - {"using":"xpath","value":"//*[@id=\"__button564\"]"}
RESULT: {"using":"xpath","value":"//*[@id=\"__button564\"]"}
COMMAND: POST /session/4ca0da1f05d229fab0c05732b1ad37d0/elements - {"using":"xpath","value":"//*[@id=\"__button564\"]"}
RESULT: {"using":"xpath","value":"//*[@id=\"__button564\"]"}
COMMAND: POST /session/4ca0da1f05d229fab0c05732b1ad37d0/elements - {"using":"xpath","value":"//*[@id=\"__button564\"]"}
RESULT: {"using":"xpath","value":"//*[@id=\"__button564\"]"}
COMMAND: POST /session/4ca0da1f05d229fab0c05732b1ad37d0/elements - {"using":"xpath","value":"//*[@id=\"__button564\"]"}
RESULT: {"using":"xpath","value":"//*[@id=\"__button564\"]"}
COMMAND: POST /session/4ca0da1f05d229fab0c05732b1ad37d0/elements - {"using":"xpath","value":"//*[@id=\"__button564\"]"}
RESULT: {"using":"xpath","value":"//*[@id=\"__button564\"]"}
COMMAND: POST /session/4ca0da1f05d229fab0c05732b1ad37d0/elements - {"using":"xpath","value":"//*[@id=\"__button564\"]"}
RESULT: {"using":"xpath","value":"//*[@id=\"__button564\"]"}
COMMAND: POST /session/4ca0da1f05d229fab0c05732b1ad37d0/elements - {"using":"xpath","value":"//*[@id=\"__button564\"]"}
RESULT: {"using":"xpath","value":"//*[@id=\"__button564\"]"}
COMMAND: POST /session/4ca0da1f05d229fab0c05732b1ad37d0/elements - {"using":"xpath","value":"//*[@id=\"__button564\"]"}
RESULT: {"using":"xpath","value":"//*[@id=\"__button564\"]"}
COMMAND: POST /session/4ca0da1f05d229fab0c05732b1ad37d0/elements - {"using":"xpath","value":"//*[@id=\"__button564\"]"}
RESULT: {"using":"xpath","value":"//*[@id=\"__button564\"]"}
COMMAND: POST /session/4ca0da1f05d229fab0c05732b1ad37d0/elements - {"using":"xpath","value":"//*[@id=\"__button564\"]"}
RESULT: {"using":"xpath","value":"//*[@id=\"__button564\"]"}
COMMAND: POST /session/4ca0da1f05d229fab0c05732b1ad37d0/elements - {"using":"xpath","value":"//*[@id=\"__button564\"]"}
RESULT: {"using":"xpath","value":"//*[@id=\"__button564\"]"}
COMMAND: POST /session/4ca0da1f05d229fab0c05732b1ad37d0/elements - {"using":"xpath","value":"//*[@id=\"__button564\"]"}
RESULT: {"using":"xpath","value":"//*[@id=\"__button564\"]"}
COMMAND: POST /session/4ca0da1f05d229fab0c05732b1ad37d0/elements - {"using":"xpath","value":"//*[@id=\"__button564\"]"}
RESULT: {"using":"xpath","value":"//*[@id=\"__button564\"]"}
COMMAND: POST /session/4ca0da1f05d229fab0c05732b1ad37d0/elements - {"using":"xpath","value":"//*[@id=\"__button564\"]"}
RESULT: {"using":"xpath","value":"//*[@id=\"__button564\"]"}
COMMAND: POST /session/4ca0da1f05d229fab0c05732b1ad37d0/elements - {"using":"xpath","value":"//*[@id=\"__button564\"]"}
RESULT: {"using":"xpath","value":"//*[@id=\"__button564\"]"}
COMMAND: POST /session/4ca0da1f05d229fab0c05732b1ad37d0/elements - {"using":"xpath","value":"//*[@id=\"__button564\"]"}
RESULT: {"using":"xpath","value":"//*[@id=\"__button564\"]"}
COMMAND: POST /session/4ca0da1f05d229fab0c05732b1ad37d0/elements - {"using":"xpath","value":"//*[@id=\"__button564\"]"}
RESULT: {"using":"xpath","value":"//*[@id=\"__button564\"]"}
COMMAND: POST /session/4ca0da1f05d229fab0c05732b1ad37d0/elements - {"using":"xpath","value":"//*[@id=\"__button564\"]"}
RESULT: {"using":"xpath","value":"//*[@id=\"__button564\"]"}
COMMAND: POST /session/4ca0da1f05d229fab0c05732b1ad37d0/elements - {"using":"xpath","value":"//*[@id=\"__button564\"]"}
RESULT: {"using":"xpath","value":"//*[@id=\"__button564\"]"}
COMMAND: POST /session/4ca0da1f05d229fab0c05732b1ad37d0/elements - {"using":"xpath","value":"//*[@id=\"__button564\"]"}
RESULT: {"using":"xpath","value":"//*[@id=\"__button564\"]"}
COMMAND: POST /session/4ca0da1f05d229fab0c05732b1ad37d0/elements - {"using":"xpath","value":"//*[@id=\"__button564\"]"}
RESULT: {"using":"xpath","value":"//*[@id=\"__button564\"]"}
COMMAND: POST /session/4ca0da1f05d229fab0c05732b1ad37d0/elements - {"using":"xpath","value":"//*[@id=\"__button564\"]"}
RESULT: {"using":"xpath","value":"//*[@id=\"__button564\"]"}
COMMAND: POST /session/4ca0da1f05d229fab0c05732b1ad37d0/elements - {"using":"xpath","value":"//*[@id=\"__button564\"]"}
RESULT: {"using":"xpath","value":"//*[@id=\"__button564\"]"}
COMMAND: POST /session/4ca0da1f05d229fab0c05732b1ad37d0/elements - {"using":"xpath","value":"//*[@id=\"__button564\"]"}
RESULT: {"using":"xpath","value":"//*[@id=\"__button564\"]"}
COMMAND: POST /session/4ca0da1f05d229fab0c05732b1ad37d0/elements - {"using":"xpath","value":"//*[@id=\"__button564\"]"}
RESULT: {"using":"xpath","value":"//*[@id=\"__button564\"]"}
COMMAND: POST /session/4ca0da1f05d229fab0c05732b1ad37d0/elements - {"using":"xpath","value":"//*[@id=\"__button564\"]"}
RESULT: {"using":"xpath","value":"//*[@id=\"__button564\"]"}
COMMAND: POST /session/4ca0da1f05d229fab0c05732b1ad37d0/elements - {"using":"xpath","value":"//*[@id=\"__button564\"]"}
RESULT: {"using":"xpath","value":"//*[@id=\"__button564\"]"}
COMMAND: POST /session/4ca0da1f05d229fab0c05732b1ad37d0/elements - {"using":"xpath","value":"//*[@id=\"__button564\"]"}
RESULT: {"using":"xpath","value":"//*[@id=\"__button564\"]"}
COMMAND: POST /session/4ca0da1f05d229fab0c05732b1ad37d0/elements - {"using":"xpath","value":"//*[@id=\"__button564\"]"}
RESULT: {"using":"xpath","value":"//*[@id=\"__button564\"]"}
COMMAND: POST /session/4ca0da1f05d229fab0c05732b1ad37d0/elements - {"using":"xpath","value":"//*[@id=\"__button564\"]"}
RESULT: {"using":"xpath","value":"//*[@id=\"__button564\"]"}
COMMAND: POST /session/4ca0da1f05d229fab0c05732b1ad37d0/elements - {"using":"xpath","value":"//*[@id=\"__button564\"]"}
RESULT: {"using":"xpath","value":"//*[@id=\"__button564\"]"}
COMMAND: POST /session/4ca0da1f05d229fab0c05732b1ad37d0/elements - {"using":"xpath","value":"//*[@id=\"__button564\"]"}
RESULT: {"using":"xpath","value":"//*[@id=\"__button564\"]"}
COMMAND: POST /session/4ca0da1f05d229fab0c05732b1ad37d0/elements - {"using":"xpath","value":"//*[@id=\"__button564\"]"}
RESULT: {"using":"xpath","value":"//*[@id=\"__button564\"]"}
COMMAND: POST /session/4ca0da1f05d229fab0c05732b1ad37d0/elements - {"using":"xpath","value":"//*[@id=\"__button564\"]"}
RESULT: {"using":"xpath","value":"//*[@id=\"__button564\"]"}
COMMAND: POST /session/4ca0da1f05d229fab0c05732b1ad37d0/elements - {"using":"xpath","value":"//*[@id=\"__button564\"]"}
RESULT: {"using":"xpath","value":"//*[@id=\"__button564\"]"}
COMMAND: POST /session/4ca0da1f05d229fab0c05732b1ad37d0/elements - {"using":"xpath","value":"//*[@id=\"__button564\"]"}
RESULT: {"using":"xpath","value":"//*[@id=\"__button564\"]"}
COMMAND: POST /session/4ca0da1f05d229fab0c05732b1ad37d0/elements - {"using":"xpath","value":"//*[@id=\"__button564\"]"}
RESULT: {"using":"xpath","value":"//*[@id=\"__button564\"]"}
COMMAND: POST /session/4ca0da1f05d229fab0c05732b1ad37d0/elements - {"using":"xpath","value":"//*[@id=\"__button564\"]"}
RESULT: {"using":"xpath","value":"//*[@id=\"__button564\"]"}
COMMAND: POST /session/4ca0da1f05d229fab0c05732b1ad37d0/elements - {"using":"xpath","value":"//*[@id=\"__button564\"]"}
RESULT: {"using":"xpath","value":"//*[@id=\"__button564\"]"}
COMMAND: POST /session/4ca0da1f05d229fab0c05732b1ad37d0/elements - {"using":"xpath","value":"//*[@id=\"__button564\"]"}
RESULT: {"using":"xpath","value":"//*[@id=\"__button564\"]"}
COMMAND: POST /session/4ca0da1f05d229fab0c05732b1ad37d0/elements - {"using":"xpath","value":"//*[@id=\"__button564\"]"}
RESULT: {"using":"xpath","value":"//*[@id=\"__button564\"]"}
COMMAND: POST /session/4ca0da1f05d229fab0c05732b1ad37d0/elements - {"using":"xpath","value":"//*[@id=\"__button564\"]"}
RESULT: {"using":"xpath","value":"//*[@id=\"__button564\"]"}
COMMAND: POST /session/4ca0da1f05d229fab0c05732b1ad37d0/elements - {"using":"xpath","value":"//*[@id=\"__button564\"]"}
RESULT: {"using":"xpath","value":"//*[@id=\"__button564\"]"}
COMMAND: POST /session/4ca0da1f05d229fab0c05732b1ad37d0/elements - {"using":"xpath","value":"//*[@id=\"__button564\"]"}
RESULT: {"using":"xpath","value":"//*[@id=\"__button564\"]"}
COMMAND: POST /session/4ca0da1f05d229fab0c05732b1ad37d0/elements - {"using":"xpath","value":"//*[@id=\"__button564\"]"}
RESULT: {"using":"xpath","value":"//*[@id=\"__button564\"]"}
COMMAND: POST /session/4ca0da1f05d229fab0c05732b1ad37d0/elements - {"using":"xpath","value":"//*[@id=\"__button564\"]"}
RESULT: {"using":"xpath","value":"//*[@id=\"__button564\"]"}
COMMAND: POST /session/4ca0da1f05d229fab0c05732b1ad37d0/elements - {"using":"xpath","value":"//*[@id=\"__button564\"]"}
RESULT: {"using":"xpath","value":"//*[@id=\"__button564\"]"}
COMMAND: POST /session/4ca0da1f05d229fab0c05732b1ad37d0/elements - {"using":"xpath","value":"//*[@id=\"__button564\"]"}
RESULT: {"using":"xpath","value":"//*[@id=\"__button564\"]"}
COMMAND: POST /session/4ca0da1f05d229fab0c05732b1ad37d0/elements - {"using":"xpath","value":"//*[@id=\"__button564\"]"}
RESULT: {"using":"xpath","value":"//*[@id=\"__button564\"]"}
COMMAND: POST /session/4ca0da1f05d229fab0c05732b1ad37d0/elements - {"using":"xpath","value":"//*[@id=\"__button564\"]"}
RESULT: {"using":"xpath","value":"//*[@id=\"__button564\"]"}
COMMAND: POST /session/4ca0da1f05d229fab0c05732b1ad37d0/elements - {"using":"xpath","value":"//*[@id=\"__button564\"]"}
RESULT: {"using":"xpath","value":"//*[@id=\"__button564\"]"}
COMMAND: POST /session/4ca0da1f05d229fab0c05732b1ad37d0/elements - {"using":"xpath","value":"//*[@id=\"__button564\"]"}
RESULT: {"using":"xpath","value":"//*[@id=\"__button564\"]"}
COMMAND: POST /session/4ca0da1f05d229fab0c05732b1ad37d0/element - {"using":"css selector","value":"#shell-header-logo"}
RESULT: {"using":"css selector","value":"#shell-header-logo"}
COMMAND: POST /session/4ca0da1f05d229fab0c05732b1ad37d0/execute/sync - {"script":"<script> [8489 bytes]","args":[{"element-6066-11e4-a52e-4f735466cecf":"f.D01EC4AF0A1BFC1E8396569751E97BC9.d.6FAB658AFB5C813FC76D2F1E66A28DA6.e.9966","ELEMENT":"f.D01EC4AF0A1BFC1E8396569751E97BC9.d.6FAB658AFB5C813FC76D2F1E66A28DA6.e.9966"}]}
RESULT: {"script":"<script> [8489 bytes]","args":[{"element-6066-11e4-a52e-4f735466cecf":"f.D01EC4AF0A1BFC1E8396569751E97BC9.d.6FAB658AFB5C813FC76D2F1E66A28DA6.e.9966","ELEMENT":"f.D01EC4AF0A1BFC1E8396569751E97BC9.d.6FAB658AFB5C813FC76D2F1E66A28DA6.e.9966"}]}
COMMAND: POST /session/4ca0da1f05d229fab0c05732b1ad37d0/execute/sync - {"script":"<script> [5351 bytes]","args":[{"element-6066-11e4-a52e-4f735466cecf":"f.D01EC4AF0A1BFC1E8396569751E97BC9.d.6FAB658AFB5C813FC76D2F1E66A28DA6.e.9966","ELEMENT":"f.D01EC4AF0A1BFC1E8396569751E97BC9.d.6FAB658AFB5C813FC76D2F1E66A28DA6.e.9966"}]}
COMMAND: GET /session/4ca0da1f05d229fab0c05732b1ad37d0/screenshot - {}
RESULT: {"script":"<script> [5351 bytes]","args":[{"element-6066-11e4-a52e-4f735466cecf":"f.D01EC4AF0A1BFC1E8396569751E97BC9.d.6FAB658AFB5C813FC76D2F1E66A28DA6.e.9966","ELEMENT":"f.D01EC4AF0A1BFC1E8396569751E97BC9.d.6FAB658AFB5C813FC76D2F1E66A28DA6.e.9966"}]}
COMMAND: POST /session/4ca0da1f05d229fab0c05732b1ad37d0/element/f.D01EC4AF0A1BFC1E8396569751E97BC9.d.6FAB658AFB5C813FC76D2F1E66A28DA6.e.9966/click - {}
COMMAND: GET /session/4ca0da1f05d229fab0c05732b1ad37d0/screenshot - {}
RESULT: {}
RESULT: {}
]]></system-out>
    </testcase>
    <testcase classname="chrome.135_0_7049_96.windows.Create_master_data_for_mixed_billing_&amp;_do_billing_calculation_US151661" name="Should go to Manage Billings and trigger calculation check the conditions applied" time="59.578">
      <system-out><![CDATA[
COMMAND: POST /session/4ca0da1f05d229fab0c05732b1ad37d0/execute/async - {"script":"<script> [1562 bytes]","args":[{"selector":{"controlType":"sap.m.GenericTile","properties":{"header":"Manage Billings"}},"wdio_ui5_key":"sapm.GenericTile{\"header\":\"Manage Billings\"}"}]}
COMMAND: GET /session/4ca0da1f05d229fab0c05732b1ad37d0/screenshot - {}
RESULT: {}
RESULT: {"script":"<script> [1562 bytes]","args":[{"selector":{"controlType":"sap.m.GenericTile","properties":{"header":"Manage Billings"}},"wdio_ui5_key":"sapm.GenericTile{\"header\":\"Manage Billings\"}"}]}
RESULT: undefined
COMMAND: POST /session/4ca0da1f05d229fab0c05732b1ad37d0/element - {"using":"xpath","value":"//*[@id=\"__tile51\"]"}
RESULT: {}
RESULT: {"using":"xpath","value":"//*[@id=\"__tile51\"]"}
COMMAND: POST /session/4ca0da1f05d229fab0c05732b1ad37d0/element/f.D01EC4AF0A1BFC1E8396569751E97BC9.d.6FAB658AFB5C813FC76D2F1E66A28DA6.e.2758/click - {}
RESULT: {}
COMMAND: GET /session/4ca0da1f05d229fab0c05732b1ad37d0/screenshot - {}
RESULT: {}
COMMAND: POST /session/4ca0da1f05d229fab0c05732b1ad37d0/execute/async - {"script":"<script> [1562 bytes]","args":[{"selector":{"id":"application-managebillings-display-component---billRunCalcResult--smartFilterBar-btnBasicSearch","interaction":{"idSuffix":"I"}},"wdio_ui5_key":"applicationmanagebillings-display-component---billRunCalcResult--smartFilterBar-btnBasicSearch"}]}
RESULT: {"script":"<script> [1562 bytes]","args":[{"selector":{"id":"application-managebillings-display-component---billRunCalcResult--smartFilterBar-btnBasicSearch","interaction":{"idSuffix":"I"}},"wdio_ui5_key":"applicationmanagebillings-display-component---billRunCalcResult--smartFilterBar-btnBasicSearch"}]}
RESULT: undefined
COMMAND: POST /session/4ca0da1f05d229fab0c05732b1ad37d0/execute/async - {"script":"<script> [776 bytes]","args":[{"enterText":"10346","selector":{"id":"application-managebillings-display-component---billRunCalcResult--smartFilterBar-btnBasicSearch","interaction":{"idSuffix":"I"}},"clearTextFirst":true,"interactionType":"ENTER_TEXT"}]}
RESULT: {"script":"<script> [776 bytes]","args":[{"enterText":"10346","selector":{"id":"application-managebillings-display-component---billRunCalcResult--smartFilterBar-btnBasicSearch","interaction":{"idSuffix":"I"}},"clearTextFirst":true,"interactionType":"ENTER_TEXT"}]}
COMMAND: POST /session/4ca0da1f05d229fab0c05732b1ad37d0/actions - {"actions":[{"id":"action38","type":"key","parameters":{},"actions":[{"type":"keyDown","value":"î€‡"},{"type":"pause","duration":10},{"type":"keyUp","value":"î€‡"}]}]}
RESULT: {"actions":[{"id":"action38","type":"key","parameters":{},"actions":[{"type":"keyDown","value":"î€‡"},{"type":"pause","duration":10},{"type":"keyUp","value":"î€‡"}]}]}
COMMAND: GET /session/4ca0da1f05d229fab0c05732b1ad37d0/screenshot - {}
RESULT: {}
COMMAND: POST /session/4ca0da1f05d229fab0c05732b1ad37d0/element - {"using":"xpath","value":"//td[@aria-colindex=\"1\"]/div/div[contains(@class, \"sapMCbBg\")]"}
RESULT: {"using":"xpath","value":"//td[@aria-colindex=\"1\"]/div/div[contains(@class, \"sapMCbBg\")]"}
COMMAND: POST /session/4ca0da1f05d229fab0c05732b1ad37d0/element/f.D01EC4AF0A1BFC1E8396569751E97BC9.d.6FAB658AFB5C813FC76D2F1E66A28DA6.e.10375/click - {}
RESULT: {}
COMMAND: GET /session/4ca0da1f05d229fab0c05732b1ad37d0/screenshot - {}
RESULT: {}
COMMAND: POST /session/4ca0da1f05d229fab0c05732b1ad37d0/execute/async - {"script":"<script> [1562 bytes]","args":[{"selector":{"id":"application-managebillings-display-component---billRunCalcResult--contractBillRunDate","interaction":{"idSuffix":"inner"}},"wdio_ui5_key":"applicationmanagebillings-display-component---billRunCalcResult--contractBillRunDate"}]}
RESULT: {"script":"<script> [1562 bytes]","args":[{"selector":{"id":"application-managebillings-display-component---billRunCalcResult--contractBillRunDate","interaction":{"idSuffix":"inner"}},"wdio_ui5_key":"applicationmanagebillings-display-component---billRunCalcResult--contractBillRunDate"}]}
RESULT: undefined
COMMAND: POST /session/4ca0da1f05d229fab0c05732b1ad37d0/execute/async - {"script":"<script> [776 bytes]","args":[{"enterText":"05/29/25","selector":{"id":"application-managebillings-display-component---billRunCalcResult--contractBillRunDate","interaction":{"idSuffix":"inner"}},"clearTextFirst":true,"interactionType":"ENTER_TEXT"}]}
RESULT: {"script":"<script> [776 bytes]","args":[{"enterText":"05/29/25","selector":{"id":"application-managebillings-display-component---billRunCalcResult--contractBillRunDate","interaction":{"idSuffix":"inner"}},"clearTextFirst":true,"interactionType":"ENTER_TEXT"}]}
COMMAND: POST /session/4ca0da1f05d229fab0c05732b1ad37d0/element - {"using":"xpath","value":"//bdi[contains(text(), \"Trigger Calculation\")]"}
RESULT: {"using":"xpath","value":"//bdi[contains(text(), \"Trigger Calculation\")]"}
COMMAND: POST /session/4ca0da1f05d229fab0c05732b1ad37d0/element/f.D01EC4AF0A1BFC1E8396569751E97BC9.d.6FAB658AFB5C813FC76D2F1E66A28DA6.e.10427/click - {}
RESULT: {}
COMMAND: GET /session/4ca0da1f05d229fab0c05732b1ad37d0/screenshot - {}
RESULT: {}
COMMAND: POST /session/4ca0da1f05d229fab0c05732b1ad37d0/element - {"using":"xpath","value":"(//span[contains(@id, \"imgNav\")])[1]"}
RESULT: {"using":"xpath","value":"(//span[contains(@id, \"imgNav\")])[1]"}
COMMAND: POST /session/4ca0da1f05d229fab0c05732b1ad37d0/element/f.D01EC4AF0A1BFC1E8396569751E97BC9.d.6FAB658AFB5C813FC76D2F1E66A28DA6.e.10376/click - {}
RESULT: {}
COMMAND: GET /session/4ca0da1f05d229fab0c05732b1ad37d0/screenshot - {}
RESULT: {}
COMMAND: POST /session/4ca0da1f05d229fab0c05732b1ad37d0/element - {"using":"xpath","value":"//tr/td[6]/div[1]/span[1]/span[1]"}
RESULT: {"using":"xpath","value":"//tr/td[6]/div[1]/span[1]/span[1]"}
COMMAND: GET /session/4ca0da1f05d229fab0c05732b1ad37d0/element/f.D01EC4AF0A1BFC1E8396569751E97BC9.d.6FAB658AFB5C813FC76D2F1E66A28DA6.e.10433/text - {}
RESULT: {}
COMMAND: POST /session/4ca0da1f05d229fab0c05732b1ad37d0/element - {"using":"xpath","value":"(//span[contains(@id, \"imgNav\")])[2]"}
RESULT: {"using":"xpath","value":"(//span[contains(@id, \"imgNav\")])[2]"}
COMMAND: POST /session/4ca0da1f05d229fab0c05732b1ad37d0/element/f.D01EC4AF0A1BFC1E8396569751E97BC9.d.6FAB658AFB5C813FC76D2F1E66A28DA6.e.10434/click - {}
RESULT: {}
COMMAND: POST /session/4ca0da1f05d229fab0c05732b1ad37d0/element - {"using":"xpath","value":"//bdi[contains(text(), \"Business Confirm\")]"}
COMMAND: GET /session/4ca0da1f05d229fab0c05732b1ad37d0/screenshot - {}
RESULT: {"using":"xpath","value":"//bdi[contains(text(), \"Business Confirm\")]"}
COMMAND: POST /session/4ca0da1f05d229fab0c05732b1ad37d0/elements - {"using":"xpath","value":"//bdi[contains(text(), \"Business Confirm\")]"}
RESULT: {}
RESULT: {"using":"xpath","value":"//bdi[contains(text(), \"Business Confirm\")]"}
COMMAND: POST /session/4ca0da1f05d229fab0c05732b1ad37d0/element - {"using":"xpath","value":"//bdi[contains(text(), \"Business Confirm\")]"}
RESULT: {"using":"xpath","value":"//bdi[contains(text(), \"Business Confirm\")]"}
COMMAND: POST /session/4ca0da1f05d229fab0c05732b1ad37d0/element/f.D01EC4AF0A1BFC1E8396569751E97BC9.d.6FAB658AFB5C813FC76D2F1E66A28DA6.e.10491/click - {}
RESULT: {}
COMMAND: POST /session/4ca0da1f05d229fab0c05732b1ad37d0/element - {"using":"css selector","value":"#shell-header-logo"}
COMMAND: GET /session/4ca0da1f05d229fab0c05732b1ad37d0/screenshot - {}
RESULT: {"using":"css selector","value":"#shell-header-logo"}
COMMAND: POST /session/4ca0da1f05d229fab0c05732b1ad37d0/element/f.D01EC4AF0A1BFC1E8396569751E97BC9.d.6FAB658AFB5C813FC76D2F1E66A28DA6.e.10160/click - {}
RESULT: {}
RESULT: {}
COMMAND: GET /session/4ca0da1f05d229fab0c05732b1ad37d0/screenshot - {}
RESULT: {}
COMMAND: POST /session/4ca0da1f05d229fab0c05732b1ad37d0/element - {"using":"css selector","value":"#j_username"}
COMMAND: POST /session/4ca0da1f05d229fab0c05732b1ad37d0/url - {"url":"https://qa-testing-00-live-etm-ui.cfapps.eu10-004.hana.ondemand.com/"}
RESULT: {"using":"css selector","value":"#j_username"}
COMMAND: POST /session/4ca0da1f05d229fab0c05732b1ad37d0/element - {"using":"css selector","value":"#j_username"}
RESULT: {"url":"https://qa-testing-00-live-etm-ui.cfapps.eu10-004.hana.ondemand.com/"}
RESULT: undefined
COMMAND: GET /session/4ca0da1f05d229fab0c05732b1ad37d0/screenshot - {}
RESULT: {"using":"css selector","value":"#j_username"}
COMMAND: POST /session/4ca0da1f05d229fab0c05732b1ad37d0/element - {"using":"css selector","value":"#shell-header-logo"}
RESULT: {}
RESULT: {"using":"css selector","value":"#shell-header-logo"}
COMMAND: POST /session/4ca0da1f05d229fab0c05732b1ad37d0/execute/sync - {"script":"<script> [8489 bytes]","args":[{"element-6066-11e4-a52e-4f735466cecf":"f.D01EC4AF0A1BFC1E8396569751E97BC9.d.6C4FBEB7362D4C783B72FA2FD4EA3FF8.e.10531","ELEMENT":"f.D01EC4AF0A1BFC1E8396569751E97BC9.d.6C4FBEB7362D4C783B72FA2FD4EA3FF8.e.10531"}]}
RESULT: {"script":"<script> [8489 bytes]","args":[{"element-6066-11e4-a52e-4f735466cecf":"f.D01EC4AF0A1BFC1E8396569751E97BC9.d.6C4FBEB7362D4C783B72FA2FD4EA3FF8.e.10531","ELEMENT":"f.D01EC4AF0A1BFC1E8396569751E97BC9.d.6C4FBEB7362D4C783B72FA2FD4EA3FF8.e.10531"}]}
COMMAND: POST /session/4ca0da1f05d229fab0c05732b1ad37d0/element - {"using":"css selector","value":"#shell-header-logo"}
COMMAND: GET /session/4ca0da1f05d229fab0c05732b1ad37d0/screenshot - {}
RESULT: {"using":"css selector","value":"#shell-header-logo"}
COMMAND: POST /session/4ca0da1f05d229fab0c05732b1ad37d0/execute/sync - {"script":"<script> [8489 bytes]","args":[{"element-6066-11e4-a52e-4f735466cecf":"f.D01EC4AF0A1BFC1E8396569751E97BC9.d.6C4FBEB7362D4C783B72FA2FD4EA3FF8.e.10531","ELEMENT":"f.D01EC4AF0A1BFC1E8396569751E97BC9.d.6C4FBEB7362D4C783B72FA2FD4EA3FF8.e.10531"}]}
RESULT: {}
RESULT: {"script":"<script> [8489 bytes]","args":[{"element-6066-11e4-a52e-4f735466cecf":"f.D01EC4AF0A1BFC1E8396569751E97BC9.d.6C4FBEB7362D4C783B72FA2FD4EA3FF8.e.10531","ELEMENT":"f.D01EC4AF0A1BFC1E8396569751E97BC9.d.6C4FBEB7362D4C783B72FA2FD4EA3FF8.e.10531"}]}
COMMAND: POST /session/4ca0da1f05d229fab0c05732b1ad37d0/execute/sync - {"script":"<script> [5351 bytes]","args":[{"element-6066-11e4-a52e-4f735466cecf":"f.D01EC4AF0A1BFC1E8396569751E97BC9.d.6C4FBEB7362D4C783B72FA2FD4EA3FF8.e.10531","ELEMENT":"f.D01EC4AF0A1BFC1E8396569751E97BC9.d.6C4FBEB7362D4C783B72FA2FD4EA3FF8.e.10531"}]}
COMMAND: GET /session/4ca0da1f05d229fab0c05732b1ad37d0/screenshot - {}
RESULT: {"script":"<script> [5351 bytes]","args":[{"element-6066-11e4-a52e-4f735466cecf":"f.D01EC4AF0A1BFC1E8396569751E97BC9.d.6C4FBEB7362D4C783B72FA2FD4EA3FF8.e.10531","ELEMENT":"f.D01EC4AF0A1BFC1E8396569751E97BC9.d.6C4FBEB7362D4C783B72FA2FD4EA3FF8.e.10531"}]}
COMMAND: POST /session/4ca0da1f05d229fab0c05732b1ad37d0/element - {"using":"css selector","value":"#shell-header-logo"}
COMMAND: GET /session/4ca0da1f05d229fab0c05732b1ad37d0/screenshot - {}
RESULT: {}
RESULT: {"using":"css selector","value":"#shell-header-logo"}
COMMAND: POST /session/4ca0da1f05d229fab0c05732b1ad37d0/element/f.D01EC4AF0A1BFC1E8396569751E97BC9.d.6C4FBEB7362D4C783B72FA2FD4EA3FF8.e.10531/click - {}
RESULT: {}
RESULT: {}
COMMAND: GET /session/4ca0da1f05d229fab0c05732b1ad37d0/screenshot - {}
RESULT: {}
COMMAND: POST /session/4ca0da1f05d229fab0c05732b1ad37d0/execute/async - {"script":"<script> [189 bytes]","args":[]}
RESULT: {"script":"<script> [189 bytes]","args":[]}
COMMAND: POST /session/4ca0da1f05d229fab0c05732b1ad37d0/execute/async - {"script":"<script> [123 bytes]","args":[]}
RESULT: {"script":"<script> [123 bytes]","args":[]}
COMMAND: POST /session/4ca0da1f05d229fab0c05732b1ad37d0/timeouts - {"script":"<number>"}
RESULT: {"script":"<number>"}
COMMAND: GET /session/4ca0da1f05d229fab0c05732b1ad37d0/timeouts - {}
RESULT: {}
RESULT: undefined
COMMAND: POST /session/4ca0da1f05d229fab0c05732b1ad37d0/execute/async - {"script":"<script> [2676 bytes]","args":[]}
RESULT: {"script":"<script> [2676 bytes]","args":[]}
COMMAND: POST /session/4ca0da1f05d229fab0c05732b1ad37d0/execute/async - {"script":"<script> [2342 bytes]","args":[{"protocol":"http","hostname":"0.0.0.0","path":"/","capabilities":{"browserName":"chrome","goog:chromeOptions":{"binary":"C:\\Program Files\\Google\\Chrome\\Application\\chrome.exe","args":["--start-maximized"]}},"logLevel":"warn","connectionRetryTimeout":120000,"connectionRetryCount":3,"logLevels":{},"enableDirectConnect":true,"strictSSL":true,"_":"65 more keys: [\"cacheDir\",\"port\",\"requestedCapabilities\",\"automationProtocol\",\"baseUrl\",\"waitforInterval\",\"waitforTimeout\",\"onReload\",\"beforeCommand\",\"afterCommand\",\"rootDir\",\"specs\",\"suites\",\"exclude\",\"groupLogsByTestSpec\",\"excludeDriverLogs\",\"bail\",\"framework\",\"reporters\",\"services\",\"maxInstances\",\"maxInstancesPerCapability\",\"injectGlobals\",\"filesToWatch\",\"execArgv\",\"runnerEnv\",\"runner\",\"shard\",\"specFileRetries\",\"specFileRetriesDelay\",\"specFileRetriesDeferred\",\"reporterSyncInterval\",\"reporterSyncTimeout\",\"cucumberFeaturesWithLineNumbers\",\"autoCompileOpts\",\"mochaOpts\",\"jasmineOpts\",\"cucumberOpts\",\"onPrepare\",\"onWorkerStart\",\"onWorkerEnd\",\"before\",\"beforeSession\",\"beforeSuite\",\"beforeHook\",\"beforeTest\",\"afterTest\",\"afterHook\",\"afterSuite\",\"afterSession\",\"after\",\"onComplete\",\"beforeAssertion\",\"afterAssertion\",\"beforeFeature\",\"beforeScenario\",\"beforeStep\",\"afterStep\",\"afterScenario\",\"afterFeature\",\"_\",\"suite\",\"$0\",\"ignoredWorkerServices\",\"wdi5\"]"}]}
RESULT: {"script":"<script> [2342 bytes]","args":[{"protocol":"http","hostname":"0.0.0.0","path":"/","capabilities":{"browserName":"chrome","goog:chromeOptions":{"binary":"C:\\Program Files\\Google\\Chrome\\Application\\chrome.exe","args":["--start-maximized"]}},"logLevel":"warn","connectionRetryTimeout":120000,"connectionRetryCount":3,"logLevels":{},"enableDirectConnect":true,"strictSSL":true,"_":"65 more keys: [\"cacheDir\",\"port\",\"requestedCapabilities\",\"automationProtocol\",\"baseUrl\",\"waitforInterval\",\"waitforTimeout\",\"onReload\",\"beforeCommand\",\"afterCommand\",\"rootDir\",\"specs\",\"suites\",\"exclude\",\"groupLogsByTestSpec\",\"excludeDriverLogs\",\"bail\",\"framework\",\"reporters\",\"services\",\"maxInstances\",\"maxInstancesPerCapability\",\"injectGlobals\",\"filesToWatch\",\"execArgv\",\"runnerEnv\",\"runner\",\"shard\",\"specFileRetries\",\"specFileRetriesDelay\",\"specFileRetriesDeferred\",\"reporterSyncInterval\",\"reporterSyncTimeout\",\"cucumberFeaturesWithLineNumbers\",\"autoCompileOpts\",\"mochaOpts\",\"jasmineOpts\",\"cucumberOpts\",\"onPrepare\",\"onWorkerStart\",\"onWorkerEnd\",\"before\",\"beforeSession\",\"beforeSuite\",\"beforeHook\",\"beforeTest\",\"afterTest\",\"afterHook\",\"afterSuite\",\"afterSession\",\"after\",\"onComplete\",\"beforeAssertion\",\"afterAssertion\",\"beforeFeature\",\"beforeScenario\",\"beforeStep\",\"afterStep\",\"afterScenario\",\"afterFeature\",\"_\",\"suite\",\"$0\",\"ignoredWorkerServices\",\"wdi5\"]"}]}
COMMAND: POST /session/4ca0da1f05d229fab0c05732b1ad37d0/execute/async - {"script":"<script> [21126 bytes]","args":[35000]}
RESULT: {"script":"<script> [21126 bytes]","args":[35000]}
COMMAND: POST /session/4ca0da1f05d229fab0c05732b1ad37d0/window/maximize - {}
RESULT: {}
COMMAND: POST /session/4ca0da1f05d229fab0c05732b1ad37d0/execute/async - {"script":"<script> [1562 bytes]","args":[{"selector":{"id":"shell-header","interaction":{"idSuffix":"icon"}},"wdio_ui5_key":"shellheader"}]}
COMMAND: GET /session/4ca0da1f05d229fab0c05732b1ad37d0/screenshot - {}
RESULT: {"script":"<script> [1562 bytes]","args":[{"selector":{"id":"shell-header","interaction":{"idSuffix":"icon"}},"wdio_ui5_key":"shellheader"}]}
RESULT: undefined
COMMAND: POST /session/4ca0da1f05d229fab0c05732b1ad37d0/refresh - {}
RESULT: {}
RESULT: {}
COMMAND: GET /session/4ca0da1f05d229fab0c05732b1ad37d0/screenshot - {}
RESULT: {}
COMMAND: POST /session/4ca0da1f05d229fab0c05732b1ad37d0/refresh - {}
RESULT: {}
COMMAND: GET /session/4ca0da1f05d229fab0c05732b1ad37d0/screenshot - {}
RESULT: {}
COMMAND: POST /session/4ca0da1f05d229fab0c05732b1ad37d0/window/fullscreen - {}
RESULT: {}
COMMAND: POST /session/4ca0da1f05d229fab0c05732b1ad37d0/execute/async - {"script":"<script> [189 bytes]","args":[]}
RESULT: {"script":"<script> [189 bytes]","args":[]}
COMMAND: POST /session/4ca0da1f05d229fab0c05732b1ad37d0/execute/async - {"script":"<script> [123 bytes]","args":[]}
RESULT: {"script":"<script> [123 bytes]","args":[]}
COMMAND: POST /session/4ca0da1f05d229fab0c05732b1ad37d0/timeouts - {"script":"<number>"}
RESULT: {"script":"<number>"}
COMMAND: GET /session/4ca0da1f05d229fab0c05732b1ad37d0/timeouts - {}
RESULT: {}
RESULT: undefined
COMMAND: POST /session/4ca0da1f05d229fab0c05732b1ad37d0/execute/async - {"script":"<script> [2676 bytes]","args":[]}
RESULT: {"script":"<script> [2676 bytes]","args":[]}
COMMAND: POST /session/4ca0da1f05d229fab0c05732b1ad37d0/execute/async - {"script":"<script> [2342 bytes]","args":[{"protocol":"http","hostname":"0.0.0.0","path":"/","capabilities":{"browserName":"chrome","goog:chromeOptions":{"binary":"C:\\Program Files\\Google\\Chrome\\Application\\chrome.exe","args":["--start-maximized"]}},"logLevel":"warn","connectionRetryTimeout":120000,"connectionRetryCount":3,"logLevels":{},"enableDirectConnect":true,"strictSSL":true,"_":"65 more keys: [\"cacheDir\",\"port\",\"requestedCapabilities\",\"automationProtocol\",\"baseUrl\",\"waitforInterval\",\"waitforTimeout\",\"onReload\",\"beforeCommand\",\"afterCommand\",\"rootDir\",\"specs\",\"suites\",\"exclude\",\"groupLogsByTestSpec\",\"excludeDriverLogs\",\"bail\",\"framework\",\"reporters\",\"services\",\"maxInstances\",\"maxInstancesPerCapability\",\"injectGlobals\",\"filesToWatch\",\"execArgv\",\"runnerEnv\",\"runner\",\"shard\",\"specFileRetries\",\"specFileRetriesDelay\",\"specFileRetriesDeferred\",\"reporterSyncInterval\",\"reporterSyncTimeout\",\"cucumberFeaturesWithLineNumbers\",\"autoCompileOpts\",\"mochaOpts\",\"jasmineOpts\",\"cucumberOpts\",\"onPrepare\",\"onWorkerStart\",\"onWorkerEnd\",\"before\",\"beforeSession\",\"beforeSuite\",\"beforeHook\",\"beforeTest\",\"afterTest\",\"afterHook\",\"afterSuite\",\"afterSession\",\"after\",\"onComplete\",\"beforeAssertion\",\"afterAssertion\",\"beforeFeature\",\"beforeScenario\",\"beforeStep\",\"afterStep\",\"afterScenario\",\"afterFeature\",\"_\",\"suite\",\"$0\",\"ignoredWorkerServices\",\"wdi5\"]"}]}
RESULT: {"script":"<script> [2342 bytes]","args":[{"protocol":"http","hostname":"0.0.0.0","path":"/","capabilities":{"browserName":"chrome","goog:chromeOptions":{"binary":"C:\\Program Files\\Google\\Chrome\\Application\\chrome.exe","args":["--start-maximized"]}},"logLevel":"warn","connectionRetryTimeout":120000,"connectionRetryCount":3,"logLevels":{},"enableDirectConnect":true,"strictSSL":true,"_":"65 more keys: [\"cacheDir\",\"port\",\"requestedCapabilities\",\"automationProtocol\",\"baseUrl\",\"waitforInterval\",\"waitforTimeout\",\"onReload\",\"beforeCommand\",\"afterCommand\",\"rootDir\",\"specs\",\"suites\",\"exclude\",\"groupLogsByTestSpec\",\"excludeDriverLogs\",\"bail\",\"framework\",\"reporters\",\"services\",\"maxInstances\",\"maxInstancesPerCapability\",\"injectGlobals\",\"filesToWatch\",\"execArgv\",\"runnerEnv\",\"runner\",\"shard\",\"specFileRetries\",\"specFileRetriesDelay\",\"specFileRetriesDeferred\",\"reporterSyncInterval\",\"reporterSyncTimeout\",\"cucumberFeaturesWithLineNumbers\",\"autoCompileOpts\",\"mochaOpts\",\"jasmineOpts\",\"cucumberOpts\",\"onPrepare\",\"onWorkerStart\",\"onWorkerEnd\",\"before\",\"beforeSession\",\"beforeSuite\",\"beforeHook\",\"beforeTest\",\"afterTest\",\"afterHook\",\"afterSuite\",\"afterSession\",\"after\",\"onComplete\",\"beforeAssertion\",\"afterAssertion\",\"beforeFeature\",\"beforeScenario\",\"beforeStep\",\"afterStep\",\"afterScenario\",\"afterFeature\",\"_\",\"suite\",\"$0\",\"ignoredWorkerServices\",\"wdi5\"]"}]}
COMMAND: POST /session/4ca0da1f05d229fab0c05732b1ad37d0/execute/async - {"script":"<script> [21126 bytes]","args":[35000]}
RESULT: {"script":"<script> [21126 bytes]","args":[35000]}
]]></system-out>
    </testcase>
  </testsuite>
  <testsuite timestamp="2025-04-29T17:41:30" time="729.297" tests="13" failures="0" errors="0" skipped="0">
    <properties>
      <property name="specId" value="0" />
      <property name="suiteName" value="Performance based billing (work days) US139742" />
      <property name="capabilities" value="chrome.135_0_7049_96.windows" />
      <property name="file" value="file:///D:/a/1/s/test/specs/BTS/billing-performance-workdays.spec.js" />
    </properties>
    <testcase classname="chrome.135_0_7049_96.windows.Performance_based_billing_(work_days)_US139742" name="Should create a new yard" time="0.011">
      <system-out><![CDATA[
COMMAND: POST /session/4ca0da1f05d229fab0c05732b1ad37d0/window/fullscreen - {}
RESULT: {}
]]></system-out>
    </testcase>
    <testcase classname="chrome.135_0_7049_96.windows.Performance_based_billing_(work_days)_US139742" name="Should create a new partner" time="0.004" />
    <testcase classname="chrome.135_0_7049_96.windows.Performance_based_billing_(work_days)_US139742" name="Should create a new site" time="0.003" />
    <testcase classname="chrome.135_0_7049_96.windows.Performance_based_billing_(work_days)_US139742" name="Should do prerequisite steps add equipment" time="120.879">
      <system-out><![CDATA[
COMMAND: POST /session/4ca0da1f05d229fab0c05732b1ad37d0/execute/async - {"script":"<script> [1562 bytes]","args":[{"selector":{"controlType":"sap.m.GenericTile","properties":{"header":"Manage Resources"}},"wdio_ui5_key":"sapm.GenericTile{\"header\":\"Manage Resources\"}"}]}
RESULT: {"script":"<script> [1562 bytes]","args":[{"selector":{"controlType":"sap.m.GenericTile","properties":{"header":"Manage Resources"}},"wdio_ui5_key":"sapm.GenericTile{\"header\":\"Manage Resources\"}"}]}
RESULT: undefined
COMMAND: POST /session/4ca0da1f05d229fab0c05732b1ad37d0/element - {"using":"xpath","value":"//*[@id=\"__tile39\"]"}
RESULT: {"using":"xpath","value":"//*[@id=\"__tile39\"]"}
COMMAND: POST /session/4ca0da1f05d229fab0c05732b1ad37d0/element/f.D01EC4AF0A1BFC1E8396569751E97BC9.d.3EA7C9E27A74209C19F3F0D1A6A112F5.e.10669/click - {}
RESULT: {}
COMMAND: POST /session/4ca0da1f05d229fab0c05732b1ad37d0/element - {"using":"xpath","value":"//button[@data-kt=\"addNewRUOverflowToolbarButton\"]"}
COMMAND: GET /session/4ca0da1f05d229fab0c05732b1ad37d0/screenshot - {}
RESULT: {"using":"xpath","value":"//button[@data-kt=\"addNewRUOverflowToolbarButton\"]"}
COMMAND: POST /session/4ca0da1f05d229fab0c05732b1ad37d0/elements - {"using":"xpath","value":"//button[@data-kt=\"addNewRUOverflowToolbarButton\"]"}
RESULT: {}
RESULT: {"using":"xpath","value":"//button[@data-kt=\"addNewRUOverflowToolbarButton\"]"}
COMMAND: POST /session/4ca0da1f05d229fab0c05732b1ad37d0/elements - {"using":"xpath","value":"//button[@data-kt=\"addNewRUOverflowToolbarButton\"]"}
RESULT: {"using":"xpath","value":"//button[@data-kt=\"addNewRUOverflowToolbarButton\"]"}
COMMAND: POST /session/4ca0da1f05d229fab0c05732b1ad37d0/elements - {"using":"xpath","value":"//button[@data-kt=\"addNewRUOverflowToolbarButton\"]"}
RESULT: {"using":"xpath","value":"//button[@data-kt=\"addNewRUOverflowToolbarButton\"]"}
COMMAND: POST /session/4ca0da1f05d229fab0c05732b1ad37d0/elements - {"using":"xpath","value":"//button[@data-kt=\"addNewRUOverflowToolbarButton\"]"}
RESULT: {"using":"xpath","value":"//button[@data-kt=\"addNewRUOverflowToolbarButton\"]"}
COMMAND: POST /session/4ca0da1f05d229fab0c05732b1ad37d0/elements - {"using":"xpath","value":"//button[@data-kt=\"addNewRUOverflowToolbarButton\"]"}
RESULT: {"using":"xpath","value":"//button[@data-kt=\"addNewRUOverflowToolbarButton\"]"}
COMMAND: POST /session/4ca0da1f05d229fab0c05732b1ad37d0/elements - {"using":"xpath","value":"//button[@data-kt=\"addNewRUOverflowToolbarButton\"]"}
RESULT: {"using":"xpath","value":"//button[@data-kt=\"addNewRUOverflowToolbarButton\"]"}
COMMAND: POST /session/4ca0da1f05d229fab0c05732b1ad37d0/elements - {"using":"xpath","value":"//button[@data-kt=\"addNewRUOverflowToolbarButton\"]"}
RESULT: {"using":"xpath","value":"//button[@data-kt=\"addNewRUOverflowToolbarButton\"]"}
COMMAND: POST /session/4ca0da1f05d229fab0c05732b1ad37d0/elements - {"using":"xpath","value":"//button[@data-kt=\"addNewRUOverflowToolbarButton\"]"}
RESULT: {"using":"xpath","value":"//button[@data-kt=\"addNewRUOverflowToolbarButton\"]"}
COMMAND: POST /session/4ca0da1f05d229fab0c05732b1ad37d0/elements - {"using":"xpath","value":"//button[@data-kt=\"addNewRUOverflowToolbarButton\"]"}
RESULT: {"using":"xpath","value":"//button[@data-kt=\"addNewRUOverflowToolbarButton\"]"}
COMMAND: POST /session/4ca0da1f05d229fab0c05732b1ad37d0/elements - {"using":"xpath","value":"//button[@data-kt=\"addNewRUOverflowToolbarButton\"]"}
RESULT: {"using":"xpath","value":"//button[@data-kt=\"addNewRUOverflowToolbarButton\"]"}
COMMAND: POST /session/4ca0da1f05d229fab0c05732b1ad37d0/elements - {"using":"xpath","value":"//button[@data-kt=\"addNewRUOverflowToolbarButton\"]"}
RESULT: {"using":"xpath","value":"//button[@data-kt=\"addNewRUOverflowToolbarButton\"]"}
COMMAND: POST /session/4ca0da1f05d229fab0c05732b1ad37d0/elements - {"using":"xpath","value":"//button[@data-kt=\"addNewRUOverflowToolbarButton\"]"}
RESULT: {"using":"xpath","value":"//button[@data-kt=\"addNewRUOverflowToolbarButton\"]"}
COMMAND: POST /session/4ca0da1f05d229fab0c05732b1ad37d0/elements - {"using":"xpath","value":"//button[@data-kt=\"addNewRUOverflowToolbarButton\"]"}
RESULT: {"using":"xpath","value":"//button[@data-kt=\"addNewRUOverflowToolbarButton\"]"}
COMMAND: POST /session/4ca0da1f05d229fab0c05732b1ad37d0/elements - {"using":"xpath","value":"//button[@data-kt=\"addNewRUOverflowToolbarButton\"]"}
RESULT: {"using":"xpath","value":"//button[@data-kt=\"addNewRUOverflowToolbarButton\"]"}
COMMAND: POST /session/4ca0da1f05d229fab0c05732b1ad37d0/elements - {"using":"xpath","value":"//button[@data-kt=\"addNewRUOverflowToolbarButton\"]"}
RESULT: {"using":"xpath","value":"//button[@data-kt=\"addNewRUOverflowToolbarButton\"]"}
COMMAND: POST /session/4ca0da1f05d229fab0c05732b1ad37d0/elements - {"using":"xpath","value":"//button[@data-kt=\"addNewRUOverflowToolbarButton\"]"}
RESULT: {"using":"xpath","value":"//button[@data-kt=\"addNewRUOverflowToolbarButton\"]"}
COMMAND: POST /session/4ca0da1f05d229fab0c05732b1ad37d0/elements - {"using":"xpath","value":"//button[@data-kt=\"addNewRUOverflowToolbarButton\"]"}
RESULT: {"using":"xpath","value":"//button[@data-kt=\"addNewRUOverflowToolbarButton\"]"}
COMMAND: POST /session/4ca0da1f05d229fab0c05732b1ad37d0/elements - {"using":"xpath","value":"//button[@data-kt=\"addNewRUOverflowToolbarButton\"]"}
RESULT: {"using":"xpath","value":"//button[@data-kt=\"addNewRUOverflowToolbarButton\"]"}
COMMAND: POST /session/4ca0da1f05d229fab0c05732b1ad37d0/elements - {"using":"xpath","value":"//button[@data-kt=\"addNewRUOverflowToolbarButton\"]"}
RESULT: {"using":"xpath","value":"//button[@data-kt=\"addNewRUOverflowToolbarButton\"]"}
COMMAND: POST /session/4ca0da1f05d229fab0c05732b1ad37d0/elements - {"using":"xpath","value":"//button[@data-kt=\"addNewRUOverflowToolbarButton\"]"}
RESULT: {"using":"xpath","value":"//button[@data-kt=\"addNewRUOverflowToolbarButton\"]"}
COMMAND: POST /session/4ca0da1f05d229fab0c05732b1ad37d0/elements - {"using":"xpath","value":"//button[@data-kt=\"addNewRUOverflowToolbarButton\"]"}
RESULT: {"using":"xpath","value":"//button[@data-kt=\"addNewRUOverflowToolbarButton\"]"}
COMMAND: POST /session/4ca0da1f05d229fab0c05732b1ad37d0/elements - {"using":"xpath","value":"//button[@data-kt=\"addNewRUOverflowToolbarButton\"]"}
RESULT: {"using":"xpath","value":"//button[@data-kt=\"addNewRUOverflowToolbarButton\"]"}
COMMAND: POST /session/4ca0da1f05d229fab0c05732b1ad37d0/elements - {"using":"xpath","value":"//button[@data-kt=\"addNewRUOverflowToolbarButton\"]"}
RESULT: {"using":"xpath","value":"//button[@data-kt=\"addNewRUOverflowToolbarButton\"]"}
COMMAND: POST /session/4ca0da1f05d229fab0c05732b1ad37d0/element - {"using":"xpath","value":"//button[@data-kt=\"addNewRUOverflowToolbarButton\"]"}
RESULT: {"using":"xpath","value":"//button[@data-kt=\"addNewRUOverflowToolbarButton\"]"}
COMMAND: POST /session/4ca0da1f05d229fab0c05732b1ad37d0/execute/sync - {"script":"<script> [8489 bytes]","args":[{"element-6066-11e4-a52e-4f735466cecf":"f.D01EC4AF0A1BFC1E8396569751E97BC9.d.3EA7C9E27A74209C19F3F0D1A6A112F5.e.10823","ELEMENT":"f.D01EC4AF0A1BFC1E8396569751E97BC9.d.3EA7C9E27A74209C19F3F0D1A6A112F5.e.10823"}]}
RESULT: {"script":"<script> [8489 bytes]","args":[{"element-6066-11e4-a52e-4f735466cecf":"f.D01EC4AF0A1BFC1E8396569751E97BC9.d.3EA7C9E27A74209C19F3F0D1A6A112F5.e.10823","ELEMENT":"f.D01EC4AF0A1BFC1E8396569751E97BC9.d.3EA7C9E27A74209C19F3F0D1A6A112F5.e.10823"}]}
COMMAND: GET /session/4ca0da1f05d229fab0c05732b1ad37d0/element/f.D01EC4AF0A1BFC1E8396569751E97BC9.d.3EA7C9E27A74209C19F3F0D1A6A112F5.e.10823/enabled - {}
COMMAND: GET /session/4ca0da1f05d229fab0c05732b1ad37d0/screenshot - {}
RESULT: {}
COMMAND: POST /session/4ca0da1f05d229fab0c05732b1ad37d0/execute/sync - {"script":"<script> [8489 bytes]","args":[{"element-6066-11e4-a52e-4f735466cecf":"f.D01EC4AF0A1BFC1E8396569751E97BC9.d.3EA7C9E27A74209C19F3F0D1A6A112F5.e.10823","ELEMENT":"f.D01EC4AF0A1BFC1E8396569751E97BC9.d.3EA7C9E27A74209C19F3F0D1A6A112F5.e.10823"}]}
COMMAND: GET /session/4ca0da1f05d229fab0c05732b1ad37d0/screenshot - {}
RESULT: {}
RESULT: {"script":"<script> [8489 bytes]","args":[{"element-6066-11e4-a52e-4f735466cecf":"f.D01EC4AF0A1BFC1E8396569751E97BC9.d.3EA7C9E27A74209C19F3F0D1A6A112F5.e.10823","ELEMENT":"f.D01EC4AF0A1BFC1E8396569751E97BC9.d.3EA7C9E27A74209C19F3F0D1A6A112F5.e.10823"}]}
COMMAND: POST /session/4ca0da1f05d229fab0c05732b1ad37d0/execute/sync - {"script":"<script> [5351 bytes]","args":[{"element-6066-11e4-a52e-4f735466cecf":"f.D01EC4AF0A1BFC1E8396569751E97BC9.d.3EA7C9E27A74209C19F3F0D1A6A112F5.e.10823","ELEMENT":"f.D01EC4AF0A1BFC1E8396569751E97BC9.d.3EA7C9E27A74209C19F3F0D1A6A112F5.e.10823"}]}
COMMAND: GET /session/4ca0da1f05d229fab0c05732b1ad37d0/screenshot - {}
RESULT: {}
RESULT: {"script":"<script> [5351 bytes]","args":[{"element-6066-11e4-a52e-4f735466cecf":"f.D01EC4AF0A1BFC1E8396569751E97BC9.d.3EA7C9E27A74209C19F3F0D1A6A112F5.e.10823","ELEMENT":"f.D01EC4AF0A1BFC1E8396569751E97BC9.d.3EA7C9E27A74209C19F3F0D1A6A112F5.e.10823"}]}
COMMAND: POST /session/4ca0da1f05d229fab0c05732b1ad37d0/element/f.D01EC4AF0A1BFC1E8396569751E97BC9.d.3EA7C9E27A74209C19F3F0D1A6A112F5.e.10823/click - {}
COMMAND: GET /session/4ca0da1f05d229fab0c05732b1ad37d0/screenshot - {}
RESULT: {}
RESULT: {}
COMMAND: GET /session/4ca0da1f05d229fab0c05732b1ad37d0/screenshot - {}
COMMAND: POST /session/4ca0da1f05d229fab0c05732b1ad37d0/execute/async - {"script":"<script> [1562 bytes]","args":[{"selector":{"id":"application-manageresources-display-component---newResourceUnit--TYPE-arrow"},"wdio_ui5_key":"applicationmanageresources-display-component---newResourceUnit--TYPE-arrow"}]}
RESULT: {}
RESULT: {}
RESULT: {"script":"<script> [1562 bytes]","args":[{"selector":{"id":"application-manageresources-display-component---newResourceUnit--TYPE-arrow"},"wdio_ui5_key":"applicationmanageresources-display-component---newResourceUnit--TYPE-arrow"}]}
RESULT: undefined
COMMAND: POST /session/4ca0da1f05d229fab0c05732b1ad37d0/element - {"using":"xpath","value":"//*[@id=\"application-manageresources-display-component---newResourceUnit--TYPE-arrow\"]"}
RESULT: {"using":"xpath","value":"//*[@id=\"application-manageresources-display-component---newResourceUnit--TYPE-arrow\"]"}
COMMAND: POST /session/4ca0da1f05d229fab0c05732b1ad37d0/element/f.D01EC4AF0A1BFC1E8396569751E97BC9.d.3EA7C9E27A74209C19F3F0D1A6A112F5.e.10993/click - {}
RESULT: {}
COMMAND: POST /session/4ca0da1f05d229fab0c05732b1ad37d0/element - {"using":"xpath","value":"//input[@id=\"application-manageresources-display-component---newResourceUnit--TYPE-inner\"]"}
COMMAND: GET /session/4ca0da1f05d229fab0c05732b1ad37d0/screenshot - {}
RESULT: {"using":"xpath","value":"//input[@id=\"application-manageresources-display-component---newResourceUnit--TYPE-inner\"]"}
COMMAND: POST /session/4ca0da1f05d229fab0c05732b1ad37d0/element/f.D01EC4AF0A1BFC1E8396569751E97BC9.d.3EA7C9E27A74209C19F3F0D1A6A112F5.e.10875/clear - {}
RESULT: {}
RESULT: {}
COMMAND: POST /session/4ca0da1f05d229fab0c05732b1ad37d0/element/f.D01EC4AF0A1BFC1E8396569751E97BC9.d.3EA7C9E27A74209C19F3F0D1A6A112F5.e.10875/value - {"text":"Equipment"}
COMMAND: GET /session/4ca0da1f05d229fab0c05732b1ad37d0/screenshot - {}
RESULT: {"text":"Equipment"}
COMMAND: GET /session/4ca0da1f05d229fab0c05732b1ad37d0/screenshot - {}
RESULT: {}
RESULT: {}
COMMAND: POST /session/4ca0da1f05d229fab0c05732b1ad37d0/actions - {"actions":[{"id":"action39","type":"key","parameters":{},"actions":[{"type":"keyDown","value":"î€‡"},{"type":"pause","duration":10},{"type":"keyUp","value":"î€‡"}]}]}
RESULT: {"actions":[{"id":"action39","type":"key","parameters":{},"actions":[{"type":"keyDown","value":"î€‡"},{"type":"pause","duration":10},{"type":"keyUp","value":"î€‡"}]}]}
COMMAND: POST /session/4ca0da1f05d229fab0c05732b1ad37d0/execute/async - {"script":"<script> [1562 bytes]","args":[{"selector":{"id":"application-manageresources-display-component---newResourceUnit--resourceId","interaction":{"idSuffix":"inner"}},"wdio_ui5_key":"applicationmanageresources-display-component---newResourceUnit--resourceId"}]}
COMMAND: GET /session/4ca0da1f05d229fab0c05732b1ad37d0/screenshot - {}
RESULT: {"script":"<script> [1562 bytes]","args":[{"selector":{"id":"application-manageresources-display-component---newResourceUnit--resourceId","interaction":{"idSuffix":"inner"}},"wdio_ui5_key":"applicationmanageresources-display-component---newResourceUnit--resourceId"}]}
RESULT: undefined
COMMAND: POST /session/4ca0da1f05d229fab0c05732b1ad37d0/execute/async - {"script":"<script> [776 bytes]","args":[{"enterText":"Bo0A8M8VDa","selector":{"id":"application-manageresources-display-component---newResourceUnit--resourceId","interaction":{"idSuffix":"inner"}},"clearTextFirst":true,"interactionType":"ENTER_TEXT"}]}
RESULT: {}
RESULT: {"script":"<script> [776 bytes]","args":[{"enterText":"Bo0A8M8VDa","selector":{"id":"application-manageresources-display-component---newResourceUnit--resourceId","interaction":{"idSuffix":"inner"}},"clearTextFirst":true,"interactionType":"ENTER_TEXT"}]}
COMMAND: POST /session/4ca0da1f05d229fab0c05732b1ad37d0/execute/async - {"script":"<script> [1562 bytes]","args":[{"selector":{"id":"application-manageresources-display-component---newResourceUnit--SHORT_TEXT","interaction":{"idSuffix":"inner"}},"wdio_ui5_key":"applicationmanageresources-display-component---newResourceUnit--SHORT_TEXT"}]}
RESULT: {"script":"<script> [1562 bytes]","args":[{"selector":{"id":"application-manageresources-display-component---newResourceUnit--SHORT_TEXT","interaction":{"idSuffix":"inner"}},"wdio_ui5_key":"applicationmanageresources-display-component---newResourceUnit--SHORT_TEXT"}]}
RESULT: undefined
COMMAND: POST /session/4ca0da1f05d229fab0c05732b1ad37d0/execute/async - {"script":"<script> [776 bytes]","args":[{"enterText":"Intercompany Equipment WDIO","selector":{"id":"application-manageresources-display-component---newResourceUnit--SHORT_TEXT","interaction":{"idSuffix":"inner"}},"clearTextFirst":true,"interactionType":"ENTER_TEXT"}]}
RESULT: {"script":"<script> [776 bytes]","args":[{"enterText":"Intercompany Equipment WDIO","selector":{"id":"application-manageresources-display-component---newResourceUnit--SHORT_TEXT","interaction":{"idSuffix":"inner"}},"clearTextFirst":true,"interactionType":"ENTER_TEXT"}]}
COMMAND: POST /session/4ca0da1f05d229fab0c05732b1ad37d0/execute/async - {"script":"<script> [1562 bytes]","args":[{"selector":{"id":"application-manageresources-display-component---newResourceUnit--BASE_UNIT_OF_MEASURE","interaction":{"idSuffix":"inner"}},"wdio_ui5_key":"applicationmanageresources-display-component---newResourceUnit--BASE_UNIT_OF_MEASURE"}]}
RESULT: {"script":"<script> [1562 bytes]","args":[{"selector":{"id":"application-manageresources-display-component---newResourceUnit--BASE_UNIT_OF_MEASURE","interaction":{"idSuffix":"inner"}},"wdio_ui5_key":"applicationmanageresources-display-component---newResourceUnit--BASE_UNIT_OF_MEASURE"}]}
RESULT: undefined
COMMAND: POST /session/4ca0da1f05d229fab0c05732b1ad37d0/execute/async - {"script":"<script> [776 bytes]","args":[{"enterText":"Piece","selector":{"id":"application-manageresources-display-component---newResourceUnit--BASE_UNIT_OF_MEASURE","interaction":{"idSuffix":"inner"}},"clearTextFirst":true,"interactionType":"ENTER_TEXT"}]}
RESULT: {"script":"<script> [776 bytes]","args":[{"enterText":"Piece","selector":{"id":"application-manageresources-display-component---newResourceUnit--BASE_UNIT_OF_MEASURE","interaction":{"idSuffix":"inner"}},"clearTextFirst":true,"interactionType":"ENTER_TEXT"}]}
COMMAND: POST /session/4ca0da1f05d229fab0c05732b1ad37d0/execute/async - {"script":"<script> [1562 bytes]","args":[{"selector":{"id":"application-manageresources-display-component---newResourceUnit--WEIGHT_UNIT","interaction":{"idSuffix":"inner"}},"wdio_ui5_key":"applicationmanageresources-display-component---newResourceUnit--WEIGHT_UNIT"}]}
RESULT: {"script":"<script> [1562 bytes]","args":[{"selector":{"id":"application-manageresources-display-component---newResourceUnit--WEIGHT_UNIT","interaction":{"idSuffix":"inner"}},"wdio_ui5_key":"applicationmanageresources-display-component---newResourceUnit--WEIGHT_UNIT"}]}
RESULT: undefined
COMMAND: POST /session/4ca0da1f05d229fab0c05732b1ad37d0/execute/async - {"script":"<script> [776 bytes]","args":[{"enterText":"Gram","selector":{"id":"application-manageresources-display-component---newResourceUnit--WEIGHT_UNIT","interaction":{"idSuffix":"inner"}},"clearTextFirst":true,"interactionType":"ENTER_TEXT"}]}
RESULT: {"script":"<script> [776 bytes]","args":[{"enterText":"Gram","selector":{"id":"application-manageresources-display-component---newResourceUnit--WEIGHT_UNIT","interaction":{"idSuffix":"inner"}},"clearTextFirst":true,"interactionType":"ENTER_TEXT"}]}
COMMAND: POST /session/4ca0da1f05d229fab0c05732b1ad37d0/execute/async - {"script":"<script> [1562 bytes]","args":[{"selector":{"id":"application-manageresources-display-component---newResourceUnit--DIMENSION_UNIT","interaction":{"idSuffix":"inner"}},"wdio_ui5_key":"applicationmanageresources-display-component---newResourceUnit--DIMENSION_UNIT"}]}
RESULT: {"script":"<script> [1562 bytes]","args":[{"selector":{"id":"application-manageresources-display-component---newResourceUnit--DIMENSION_UNIT","interaction":{"idSuffix":"inner"}},"wdio_ui5_key":"applicationmanageresources-display-component---newResourceUnit--DIMENSION_UNIT"}]}
RESULT: undefined
COMMAND: POST /session/4ca0da1f05d229fab0c05732b1ad37d0/execute/async - {"script":"<script> [776 bytes]","args":[{"enterText":"Meter","selector":{"id":"application-manageresources-display-component---newResourceUnit--DIMENSION_UNIT","interaction":{"idSuffix":"inner"}},"clearTextFirst":true,"interactionType":"ENTER_TEXT"}]}
RESULT: {"script":"<script> [776 bytes]","args":[{"enterText":"Meter","selector":{"id":"application-manageresources-display-component---newResourceUnit--DIMENSION_UNIT","interaction":{"idSuffix":"inner"}},"clearTextFirst":true,"interactionType":"ENTER_TEXT"}]}
COMMAND: POST /session/4ca0da1f05d229fab0c05732b1ad37d0/execute/async - {"script":"<script> [1562 bytes]","args":[{"selector":{"id":"application-manageresources-display-component---newResourceUnit--newRRUPage-anchBar-application-manageresources-display-component---newResourceUnit--control-anchor","interaction":{"idSuffix":"BDI-content"}},"wdio_ui5_key":"applicationmanageresources-display-component---newResourceUnit--newRRUPage-anchBar-application-manageresources-display-component---newResourceUnit--control-anchor"}]}
RESULT: {"script":"<script> [1562 bytes]","args":[{"selector":{"id":"application-manageresources-display-component---newResourceUnit--newRRUPage-anchBar-application-manageresources-display-component---newResourceUnit--control-anchor","interaction":{"idSuffix":"BDI-content"}},"wdio_ui5_key":"applicationmanageresources-display-component---newResourceUnit--newRRUPage-anchBar-application-manageresources-display-component---newResourceUnit--control-anchor"}]}
RESULT: undefined
COMMAND: POST /session/4ca0da1f05d229fab0c05732b1ad37d0/element - {"using":"xpath","value":"//*[@id=\"application-manageresources-display-component---newResourceUnit--newRRUPage-anchBar-application-manageresources-display-component---newResourceUnit--control-anchor\"]"}
RESULT: {"using":"xpath","value":"//*[@id=\"application-manageresources-display-component---newResourceUnit--newRRUPage-anchBar-application-manageresources-display-component---newResourceUnit--control-anchor\"]"}
COMMAND: POST /session/4ca0da1f05d229fab0c05732b1ad37d0/element/f.D01EC4AF0A1BFC1E8396569751E97BC9.d.3EA7C9E27A74209C19F3F0D1A6A112F5.e.11127/click - {}
RESULT: {}
COMMAND: POST /session/4ca0da1f05d229fab0c05732b1ad37d0/execute/async - {"script":"<script> [1562 bytes]","args":[{"selector":{"id":"application-manageresources-display-component---newResourceUnit--PLANNING_GROUP","interaction":{"idSuffix":"inner"}},"wdio_ui5_key":"applicationmanageresources-display-component---newResourceUnit--PLANNING_GROUP"}]}
COMMAND: GET /session/4ca0da1f05d229fab0c05732b1ad37d0/screenshot - {}
RESULT: {"script":"<script> [1562 bytes]","args":[{"selector":{"id":"application-manageresources-display-component---newResourceUnit--PLANNING_GROUP","interaction":{"idSuffix":"inner"}},"wdio_ui5_key":"applicationmanageresources-display-component---newResourceUnit--PLANNING_GROUP"}]}
RESULT: undefined
COMMAND: POST /session/4ca0da1f05d229fab0c05732b1ad37d0/execute/async - {"script":"<script> [776 bytes]","args":[{"enterText":"Heavy Equi","selector":{"id":"application-manageresources-display-component---newResourceUnit--PLANNING_GROUP","interaction":{"idSuffix":"inner"}},"clearTextFirst":true,"interactionType":"ENTER_TEXT"}]}
RESULT: {}
RESULT: {"script":"<script> [776 bytes]","args":[{"enterText":"Heavy Equi","selector":{"id":"application-manageresources-display-component---newResourceUnit--PLANNING_GROUP","interaction":{"idSuffix":"inner"}},"clearTextFirst":true,"interactionType":"ENTER_TEXT"}]}
COMMAND: POST /session/4ca0da1f05d229fab0c05732b1ad37d0/execute/async - {"script":"<script> [1562 bytes]","args":[{"selector":{"id":"application-manageresources-display-component---newResourceUnit--ITEM_TYPE-arrow"},"wdio_ui5_key":"applicationmanageresources-display-component---newResourceUnit--ITEM_TYPE-arrow"}]}
RESULT: {"script":"<script> [1562 bytes]","args":[{"selector":{"id":"application-manageresources-display-component---newResourceUnit--ITEM_TYPE-arrow"},"wdio_ui5_key":"applicationmanageresources-display-component---newResourceUnit--ITEM_TYPE-arrow"}]}
RESULT: undefined
COMMAND: POST /session/4ca0da1f05d229fab0c05732b1ad37d0/element - {"using":"xpath","value":"//*[@id=\"application-manageresources-display-component---newResourceUnit--ITEM_TYPE-arrow\"]"}
RESULT: {"using":"xpath","value":"//*[@id=\"application-manageresources-display-component---newResourceUnit--ITEM_TYPE-arrow\"]"}
COMMAND: POST /session/4ca0da1f05d229fab0c05732b1ad37d0/element/f.D01EC4AF0A1BFC1E8396569751E97BC9.d.3EA7C9E27A74209C19F3F0D1A6A112F5.e.11134/click - {}
RESULT: {}
COMMAND: POST /session/4ca0da1f05d229fab0c05732b1ad37d0/element - {"using":"xpath","value":"(//span[contains(text(), \"Resource Unit\")])[2]"}
COMMAND: GET /session/4ca0da1f05d229fab0c05732b1ad37d0/screenshot - {}
RESULT: {"using":"xpath","value":"(//span[contains(text(), \"Resource Unit\")])[2]"}
COMMAND: POST /session/4ca0da1f05d229fab0c05732b1ad37d0/element/f.D01EC4AF0A1BFC1E8396569751E97BC9.d.3EA7C9E27A74209C19F3F0D1A6A112F5.e.11135/click - {}
RESULT: {}
RESULT: {}
COMMAND: GET /session/4ca0da1f05d229fab0c05732b1ad37d0/screenshot - {}
RESULT: {}
COMMAND: POST /session/4ca0da1f05d229fab0c05732b1ad37d0/element - {"using":"css selector","value":"#application-manageresources-display-component---newResourceUnit--btnAddTimeSegment"}
RESULT: {"using":"css selector","value":"#application-manageresources-display-component---newResourceUnit--btnAddTimeSegment"}
COMMAND: GET /session/4ca0da1f05d229fab0c05732b1ad37d0/element/f.D01EC4AF0A1BFC1E8396569751E97BC9.d.3EA7C9E27A74209C19F3F0D1A6A112F5.e.11136/rect - {}
RESULT: {}
COMMAND: GET /session/4ca0da1f05d229fab0c05732b1ad37d0/window/rect - {}
RESULT: {}
COMMAND: POST /session/4ca0da1f05d229fab0c05732b1ad37d0/execute/sync - {"script":"<script> [92 bytes]","args":[]}
RESULT: {"script":"<script> [92 bytes]","args":[]}
COMMAND: POST /session/4ca0da1f05d229fab0c05732b1ad37d0/actions - {"actions":[{"id":"action40","type":"wheel","parameters":{},"actions":[{"type":"scroll","x":-1888,"y":-32,"deltaX":0,"deltaY":0,"duration":0,"origin":{"element-6066-11e4-a52e-4f735466cecf":"f.D01EC4AF0A1BFC1E8396569751E97BC9.d.3EA7C9E27A74209C19F3F0D1A6A112F5.e.11136"}}]}]}
COMMAND: GET /session/4ca0da1f05d229fab0c05732b1ad37d0/screenshot - {}
RESULT: {}
COMMAND: POST /session/4ca0da1f05d229fab0c05732b1ad37d0/execute/sync - {"script":"<script> [79 bytes]","args":[{"element-6066-11e4-a52e-4f735466cecf":"f.D01EC4AF0A1BFC1E8396569751E97BC9.d.3EA7C9E27A74209C19F3F0D1A6A112F5.e.11136","ELEMENT":"f.D01EC4AF0A1BFC1E8396569751E97BC9.d.3EA7C9E27A74209C19F3F0D1A6A112F5.e.11136"},{"block":"start","inline":"nearest"}]}
RESULT: {"script":"<script> [79 bytes]","args":[{"element-6066-11e4-a52e-4f735466cecf":"f.D01EC4AF0A1BFC1E8396569751E97BC9.d.3EA7C9E27A74209C19F3F0D1A6A112F5.e.11136","ELEMENT":"f.D01EC4AF0A1BFC1E8396569751E97BC9.d.3EA7C9E27A74209C19F3F0D1A6A112F5.e.11136"},{"block":"start","inline":"nearest"}]}
COMMAND: POST /session/4ca0da1f05d229fab0c05732b1ad37d0/execute/async - {"script":"<script> [1562 bytes]","args":[{"selector":{"id":"application-manageresources-display-component---newResourceUnit--btnAddTimeSegment","interaction":{"idSuffix":"inner"}},"wdio_ui5_key":"applicationmanageresources-display-component---newResourceUnit--btnAddTimeSegment"}]}
COMMAND: GET /session/4ca0da1f05d229fab0c05732b1ad37d0/screenshot - {}
RESULT: {"script":"<script> [1562 bytes]","args":[{"selector":{"id":"application-manageresources-display-component---newResourceUnit--btnAddTimeSegment","interaction":{"idSuffix":"inner"}},"wdio_ui5_key":"applicationmanageresources-display-component---newResourceUnit--btnAddTimeSegment"}]}
RESULT: undefined
COMMAND: POST /session/4ca0da1f05d229fab0c05732b1ad37d0/element - {"using":"xpath","value":"//*[@id=\"application-manageresources-display-component---newResourceUnit--btnAddTimeSegment\"]"}
RESULT: {}
RESULT: {"using":"xpath","value":"//*[@id=\"application-manageresources-display-component---newResourceUnit--btnAddTimeSegment\"]"}
COMMAND: POST /session/4ca0da1f05d229fab0c05732b1ad37d0/element/f.D01EC4AF0A1BFC1E8396569751E97BC9.d.3EA7C9E27A74209C19F3F0D1A6A112F5.e.11136/click - {}
RESULT: {}
COMMAND: GET /session/4ca0da1f05d229fab0c05732b1ad37d0/screenshot - {}
RESULT: {}
COMMAND: POST /session/4ca0da1f05d229fab0c05732b1ad37d0/element - {"using":"xpath","value":"//input[@id=\"application-manageresources-display-component---newResourceUnit--idRuTSAdmin-application-manageresources-display-component---newResourceUnit--RUTimeSegment-0-inner\"]"}
RESULT: {"using":"xpath","value":"//input[@id=\"application-manageresources-display-component---newResourceUnit--idRuTSAdmin-application-manageresources-display-component---newResourceUnit--RUTimeSegment-0-inner\"]"}
COMMAND: POST /session/4ca0da1f05d229fab0c05732b1ad37d0/element/f.D01EC4AF0A1BFC1E8396569751E97BC9.d.3EA7C9E27A74209C19F3F0D1A6A112F5.e.11142/clear - {}
RESULT: {}
COMMAND: POST /session/4ca0da1f05d229fab0c05732b1ad37d0/element/f.D01EC4AF0A1BFC1E8396569751E97BC9.d.3EA7C9E27A74209C19F3F0D1A6A112F5.e.11142/value - {"text":"414"}
COMMAND: GET /session/4ca0da1f05d229fab0c05732b1ad37d0/screenshot - {}
RESULT: {"text":"414"}
COMMAND: GET /session/4ca0da1f05d229fab0c05732b1ad37d0/screenshot - {}
RESULT: {}
RESULT: {}
COMMAND: POST /session/4ca0da1f05d229fab0c05732b1ad37d0/element - {"using":"xpath","value":"//li[.//span[text()='414']]"}
RESULT: {"using":"xpath","value":"//li[.//span[text()='414']]"}
COMMAND: POST /session/4ca0da1f05d229fab0c05732b1ad37d0/element/f.D01EC4AF0A1BFC1E8396569751E97BC9.d.3EA7C9E27A74209C19F3F0D1A6A112F5.e.11154/click - {}
RESULT: {}
COMMAND: GET /session/4ca0da1f05d229fab0c05732b1ad37d0/screenshot - {}
RESULT: {}
COMMAND: POST /session/4ca0da1f05d229fab0c05732b1ad37d0/element - {"using":"xpath","value":"(//span[contains(@id, \"-application-manageresources-display-component---newResourceUnit--RUTimeSegment-0-arrow\")])[6]"}
RESULT: {"using":"xpath","value":"(//span[contains(@id, \"-application-manageresources-display-component---newResourceUnit--RUTimeSegment-0-arrow\")])[6]"}
COMMAND: POST /session/4ca0da1f05d229fab0c05732b1ad37d0/element/f.D01EC4AF0A1BFC1E8396569751E97BC9.d.3EA7C9E27A74209C19F3F0D1A6A112F5.e.11155/click - {}
RESULT: {}
COMMAND: POST /session/4ca0da1f05d229fab0c05732b1ad37d0/element - {"using":"xpath","value":"//span[contains(text(), \"PM Order\")]"}
COMMAND: GET /session/4ca0da1f05d229fab0c05732b1ad37d0/screenshot - {}
RESULT: {"using":"xpath","value":"//span[contains(text(), \"PM Order\")]"}
COMMAND: POST /session/4ca0da1f05d229fab0c05732b1ad37d0/element/f.D01EC4AF0A1BFC1E8396569751E97BC9.d.3EA7C9E27A74209C19F3F0D1A6A112F5.e.11158/click - {}
RESULT: {}
RESULT: {}
COMMAND: GET /session/4ca0da1f05d229fab0c05732b1ad37d0/screenshot - {}
RESULT: {}
COMMAND: POST /session/4ca0da1f05d229fab0c05732b1ad37d0/element - {"using":"xpath","value":"(//span[contains(@id ,\"manageresources-display-component---newResourceUnit--RUTimeSegment-0-vhi\")])[1]"}
RESULT: {"using":"xpath","value":"(//span[contains(@id ,\"manageresources-display-component---newResourceUnit--RUTimeSegment-0-vhi\")])[1]"}
COMMAND: GET /session/4ca0da1f05d229fab0c05732b1ad37d0/element/f.D01EC4AF0A1BFC1E8396569751E97BC9.d.3EA7C9E27A74209C19F3F0D1A6A112F5.e.11162/rect - {}
RESULT: {}
COMMAND: GET /session/4ca0da1f05d229fab0c05732b1ad37d0/window/rect - {}
RESULT: {}
COMMAND: POST /session/4ca0da1f05d229fab0c05732b1ad37d0/execute/sync - {"script":"<script> [92 bytes]","args":[]}
RESULT: {"script":"<script> [92 bytes]","args":[]}
COMMAND: POST /session/4ca0da1f05d229fab0c05732b1ad37d0/actions - {"actions":[{"id":"action41","type":"wheel","parameters":{},"actions":[{"type":"scroll","x":-869,"y":-24,"deltaX":0,"deltaY":0,"duration":0,"origin":{"element-6066-11e4-a52e-4f735466cecf":"f.D01EC4AF0A1BFC1E8396569751E97BC9.d.3EA7C9E27A74209C19F3F0D1A6A112F5.e.11162"}}]}]}
COMMAND: GET /session/4ca0da1f05d229fab0c05732b1ad37d0/screenshot - {}
RESULT: {"actions":[{"id":"action41","type":"wheel","parameters":{},"actions":[{"type":"scroll","x":-869,"y":-24,"deltaX":0,"deltaY":0,"duration":0,"origin":{"element-6066-11e4-a52e-4f735466cecf":"f.D01EC4AF0A1BFC1E8396569751E97BC9.d.3EA7C9E27A74209C19F3F0D1A6A112F5.e.11162"}}]}]}
COMMAND: DELETE /session/4ca0da1f05d229fab0c05732b1ad37d0/actions - {}
COMMAND: GET /session/4ca0da1f05d229fab0c05732b1ad37d0/screenshot - {}
RESULT: {}
RESULT: {}
COMMAND: GET /session/4ca0da1f05d229fab0c05732b1ad37d0/screenshot - {}
RESULT: {}
RESULT: {}
COMMAND: POST /session/4ca0da1f05d229fab0c05732b1ad37d0/element/f.D01EC4AF0A1BFC1E8396569751E97BC9.d.3EA7C9E27A74209C19F3F0D1A6A112F5.e.11162/click - {}
RESULT: {}
COMMAND: GET /session/4ca0da1f05d229fab0c05732b1ad37d0/screenshot - {}
RESULT: {}
COMMAND: POST /session/4ca0da1f05d229fab0c05732b1ad37d0/execute/async - {"script":"<script> [1562 bytes]","args":[{"selector":{"controlType":"sap.m.SearchField","properties":{"placeholder":"Search"},"searchOpenDialogs":true,"interaction":{"idSuffix":"I"}},"wdio_ui5_key":"sapm.SearchField{\"placeholder\":\"Search\"}"}]}
RESULT: {"script":"<script> [1562 bytes]","args":[{"selector":{"controlType":"sap.m.SearchField","properties":{"placeholder":"Search"},"searchOpenDialogs":true,"interaction":{"idSuffix":"I"}},"wdio_ui5_key":"sapm.SearchField{\"placeholder\":\"Search\"}"}]}
RESULT: undefined
COMMAND: POST /session/4ca0da1f05d229fab0c05732b1ad37d0/execute/async - {"script":"<script> [776 bytes]","args":[{"enterText":"4000360","selector":{"controlType":"sap.m.SearchField","properties":{"placeholder":"Search"},"searchOpenDialogs":true,"interaction":{"idSuffix":"I"}},"clearTextFirst":true,"interactionType":"ENTER_TEXT"}]}
RESULT: {"script":"<script> [776 bytes]","args":[{"enterText":"4000360","selector":{"controlType":"sap.m.SearchField","properties":{"placeholder":"Search"},"searchOpenDialogs":true,"interaction":{"idSuffix":"I"}},"clearTextFirst":true,"interactionType":"ENTER_TEXT"}]}
COMMAND: POST /session/4ca0da1f05d229fab0c05732b1ad37d0/actions - {"actions":[{"id":"action42","type":"key","parameters":{},"actions":[{"type":"keyDown","value":"î€‡"},{"type":"pause","duration":10},{"type":"keyUp","value":"î€‡"}]}]}
RESULT: {"actions":[{"id":"action42","type":"key","parameters":{},"actions":[{"type":"keyDown","value":"î€‡"},{"type":"pause","duration":10},{"type":"keyUp","value":"î€‡"}]}]}
COMMAND: GET /session/4ca0da1f05d229fab0c05732b1ad37d0/screenshot - {}
RESULT: {}
COMMAND: POST /session/4ca0da1f05d229fab0c05732b1ad37d0/element - {"using":"xpath","value":"//td/div/span[contains(text(), \"BGL Vehicles\")]"}
RESULT: {"using":"xpath","value":"//td/div/span[contains(text(), \"BGL Vehicles\")]"}
COMMAND: POST /session/4ca0da1f05d229fab0c05732b1ad37d0/element/f.D01EC4AF0A1BFC1E8396569751E97BC9.d.3EA7C9E27A74209C19F3F0D1A6A112F5.e.11183/click - {}
RESULT: {}
COMMAND: GET /session/4ca0da1f05d229fab0c05732b1ad37d0/screenshot - {}
RESULT: {}
COMMAND: POST /session/4ca0da1f05d229fab0c05732b1ad37d0/element - {"using":"xpath","value":"//bdi[contains(text(), \"OK\")]"}
RESULT: {"using":"xpath","value":"//bdi[contains(text(), \"OK\")]"}
COMMAND: POST /session/4ca0da1f05d229fab0c05732b1ad37d0/element/f.D01EC4AF0A1BFC1E8396569751E97BC9.d.3EA7C9E27A74209C19F3F0D1A6A112F5.e.11184/click - {}
RESULT: {}
COMMAND: GET /session/4ca0da1f05d229fab0c05732b1ad37d0/screenshot - {}
RESULT: {}
COMMAND: POST /session/4ca0da1f05d229fab0c05732b1ad37d0/execute/async - {"script":"<script> [1562 bytes]","args":[{"selector":{"id":"application-manageresources-display-component---newResourceUnit--newRRUPage-anchBar-application-manageresources-display-component---newResourceUnit--resource-anchor","interaction":{"idSuffix":"BDI-content"}},"wdio_ui5_key":"applicationmanageresources-display-component---newResourceUnit--newRRUPage-anchBar-application-manageresources-display-component---newResourceUnit--resource-anchor"}]}
RESULT: {"script":"<script> [1562 bytes]","args":[{"selector":{"id":"application-manageresources-display-component---newResourceUnit--newRRUPage-anchBar-application-manageresources-display-component---newResourceUnit--resource-anchor","interaction":{"idSuffix":"BDI-content"}},"wdio_ui5_key":"applicationmanageresources-display-component---newResourceUnit--newRRUPage-anchBar-application-manageresources-display-component---newResourceUnit--resource-anchor"}]}
RESULT: undefined
COMMAND: POST /session/4ca0da1f05d229fab0c05732b1ad37d0/element - {"using":"xpath","value":"//*[@id=\"application-manageresources-display-component---newResourceUnit--newRRUPage-anchBar-application-manageresources-display-component---newResourceUnit--resource-anchor\"]"}
RESULT: {"using":"xpath","value":"//*[@id=\"application-manageresources-display-component---newResourceUnit--newRRUPage-anchBar-application-manageresources-display-component---newResourceUnit--resource-anchor\"]"}
COMMAND: POST /session/4ca0da1f05d229fab0c05732b1ad37d0/element/f.D01EC4AF0A1BFC1E8396569751E97BC9.d.3EA7C9E27A74209C19F3F0D1A6A112F5.e.11188/click - {}
RESULT: {}
COMMAND: POST /session/4ca0da1f05d229fab0c05732b1ad37d0/execute/async - {"script":"<script> [1562 bytes]","args":[{"selector":{"id":"application-manageresources-display-component---newResourceUnit--PLANNED_DELIVERY_DATE","interaction":{"idSuffix":"inner"}},"wdio_ui5_key":"applicationmanageresources-display-component---newResourceUnit--PLANNED_DELIVERY_DATE"}]}
COMMAND: GET /session/4ca0da1f05d229fab0c05732b1ad37d0/screenshot - {}
RESULT: {"script":"<script> [1562 bytes]","args":[{"selector":{"id":"application-manageresources-display-component---newResourceUnit--PLANNED_DELIVERY_DATE","interaction":{"idSuffix":"inner"}},"wdio_ui5_key":"applicationmanageresources-display-component---newResourceUnit--PLANNED_DELIVERY_DATE"}]}
RESULT: undefined
COMMAND: POST /session/4ca0da1f05d229fab0c05732b1ad37d0/execute/async - {"script":"<script> [6424 bytes]","args":[{"element-6066-11e4-a52e-4f735466cecf":"f.D01EC4AF0A1BFC1E8396569751E97BC9.d.3EA7C9E27A74209C19F3F0D1A6A112F5.e.11049"},"setValue",["4/29/25"]]}
RESULT: {}
RESULT: {"script":"<script> [6424 bytes]","args":[{"element-6066-11e4-a52e-4f735466cecf":"f.D01EC4AF0A1BFC1E8396569751E97BC9.d.3EA7C9E27A74209C19F3F0D1A6A112F5.e.11049"},"setValue",["4/29/25"]]}
COMMAND: POST /session/4ca0da1f05d229fab0c05732b1ad37d0/element - {"using":"xpath","value":"//button[@data-kt=\"resourceUnitSaveButton\"]"}
RESULT: {"using":"xpath","value":"//button[@data-kt=\"resourceUnitSaveButton\"]"}
COMMAND: POST /session/4ca0da1f05d229fab0c05732b1ad37d0/element/f.D01EC4AF0A1BFC1E8396569751E97BC9.d.3EA7C9E27A74209C19F3F0D1A6A112F5.e.11010/click - {}
RESULT: {}
COMMAND: GET /session/4ca0da1f05d229fab0c05732b1ad37d0/screenshot - {}
RESULT: {}
COMMAND: POST /session/4ca0da1f05d229fab0c05732b1ad37d0/element - {"using":"xpath","value":"//bdi[contains(text(), \"Close\")]"}
RESULT: {"using":"xpath","value":"//bdi[contains(text(), \"Close\")]"}
COMMAND: POST /session/4ca0da1f05d229fab0c05732b1ad37d0/element/f.D01EC4AF0A1BFC1E8396569751E97BC9.d.3EA7C9E27A74209C19F3F0D1A6A112F5.e.11197/click - {}
RESULT: {}
COMMAND: GET /session/4ca0da1f05d229fab0c05732b1ad37d0/screenshot - {}
RESULT: {}
COMMAND: POST /session/4ca0da1f05d229fab0c05732b1ad37d0/element - {"using":"xpath","value":"(//button[contains(@id ,\"actionsToolbar-overflowButton\")])[1]"}
RESULT: {"using":"xpath","value":"(//button[contains(@id ,\"actionsToolbar-overflowButton\")])[1]"}
COMMAND: POST /session/4ca0da1f05d229fab0c05732b1ad37d0/element/f.D01EC4AF0A1BFC1E8396569751E97BC9.d.3EA7C9E27A74209C19F3F0D1A6A112F5.e.11251/click - {}
RESULT: {}
COMMAND: GET /session/4ca0da1f05d229fab0c05732b1ad37d0/screenshot - {}
RESULT: {}
COMMAND: POST /session/4ca0da1f05d229fab0c05732b1ad37d0/element - {"using":"xpath","value":"//button[@data-kt=\"priceInfoButton\"]"}
RESULT: {"using":"xpath","value":"//button[@data-kt=\"priceInfoButton\"]"}
COMMAND: POST /session/4ca0da1f05d229fab0c05732b1ad37d0/element/f.D01EC4AF0A1BFC1E8396569751E97BC9.d.3EA7C9E27A74209C19F3F0D1A6A112F5.e.11255/click - {}
RESULT: {}
COMMAND: GET /session/4ca0da1f05d229fab0c05732b1ad37d0/screenshot - {}
]]></system-out>
    </testcase>
    <testcase classname="chrome.135_0_7049_96.windows.Performance_based_billing_(work_days)_US139742" name="Should create a pricing rule perf based on the equipment" time="48.56">
      <system-out><![CDATA[
COMMAND: POST /session/4ca0da1f05d229fab0c05732b1ad37d0/element - {"using":"xpath","value":"//button[@data-kt=\"addButton\"]"}
RESULT: {}
RESULT: {"using":"xpath","value":"//button[@data-kt=\"addButton\"]"}
COMMAND: POST /session/4ca0da1f05d229fab0c05732b1ad37d0/elements - {"using":"xpath","value":"//button[@data-kt=\"addButton\"]"}
RESULT: {"using":"xpath","value":"//button[@data-kt=\"addButton\"]"}
COMMAND: POST /session/4ca0da1f05d229fab0c05732b1ad37d0/elements - {"using":"xpath","value":"//button[@data-kt=\"addButton\"]"}
RESULT: {"using":"xpath","value":"//button[@data-kt=\"addButton\"]"}
COMMAND: POST /session/4ca0da1f05d229fab0c05732b1ad37d0/element - {"using":"xpath","value":"//button[@data-kt=\"addButton\"]"}
RESULT: {"using":"xpath","value":"//button[@data-kt=\"addButton\"]"}
COMMAND: POST /session/4ca0da1f05d229fab0c05732b1ad37d0/execute/sync - {"script":"<script> [8489 bytes]","args":[{"element-6066-11e4-a52e-4f735466cecf":"f.D01EC4AF0A1BFC1E8396569751E97BC9.d.3EA7C9E27A74209C19F3F0D1A6A112F5.e.11291","ELEMENT":"f.D01EC4AF0A1BFC1E8396569751E97BC9.d.3EA7C9E27A74209C19F3F0D1A6A112F5.e.11291"}]}
RESULT: {"script":"<script> [8489 bytes]","args":[{"element-6066-11e4-a52e-4f735466cecf":"f.D01EC4AF0A1BFC1E8396569751E97BC9.d.3EA7C9E27A74209C19F3F0D1A6A112F5.e.11291","ELEMENT":"f.D01EC4AF0A1BFC1E8396569751E97BC9.d.3EA7C9E27A74209C19F3F0D1A6A112F5.e.11291"}]}
COMMAND: GET /session/4ca0da1f05d229fab0c05732b1ad37d0/element/f.D01EC4AF0A1BFC1E8396569751E97BC9.d.3EA7C9E27A74209C19F3F0D1A6A112F5.e.11291/enabled - {}
COMMAND: GET /session/4ca0da1f05d229fab0c05732b1ad37d0/screenshot - {}
RESULT: {}
COMMAND: POST /session/4ca0da1f05d229fab0c05732b1ad37d0/execute/sync - {"script":"<script> [8489 bytes]","args":[{"element-6066-11e4-a52e-4f735466cecf":"f.D01EC4AF0A1BFC1E8396569751E97BC9.d.3EA7C9E27A74209C19F3F0D1A6A112F5.e.11291","ELEMENT":"f.D01EC4AF0A1BFC1E8396569751E97BC9.d.3EA7C9E27A74209C19F3F0D1A6A112F5.e.11291"}]}
COMMAND: GET /session/4ca0da1f05d229fab0c05732b1ad37d0/screenshot - {}
RESULT: {}
RESULT: {"script":"<script> [8489 bytes]","args":[{"element-6066-11e4-a52e-4f735466cecf":"f.D01EC4AF0A1BFC1E8396569751E97BC9.d.3EA7C9E27A74209C19F3F0D1A6A112F5.e.11291","ELEMENT":"f.D01EC4AF0A1BFC1E8396569751E97BC9.d.3EA7C9E27A74209C19F3F0D1A6A112F5.e.11291"}]}
COMMAND: POST /session/4ca0da1f05d229fab0c05732b1ad37d0/execute/sync - {"script":"<script> [5351 bytes]","args":[{"element-6066-11e4-a52e-4f735466cecf":"f.D01EC4AF0A1BFC1E8396569751E97BC9.d.3EA7C9E27A74209C19F3F0D1A6A112F5.e.11291","ELEMENT":"f.D01EC4AF0A1BFC1E8396569751E97BC9.d.3EA7C9E27A74209C19F3F0D1A6A112F5.e.11291"}]}
COMMAND: GET /session/4ca0da1f05d229fab0c05732b1ad37d0/screenshot - {}
RESULT: {}
RESULT: {"script":"<script> [5351 bytes]","args":[{"element-6066-11e4-a52e-4f735466cecf":"f.D01EC4AF0A1BFC1E8396569751E97BC9.d.3EA7C9E27A74209C19F3F0D1A6A112F5.e.11291","ELEMENT":"f.D01EC4AF0A1BFC1E8396569751E97BC9.d.3EA7C9E27A74209C19F3F0D1A6A112F5.e.11291"}]}
COMMAND: POST /session/4ca0da1f05d229fab0c05732b1ad37d0/element/f.D01EC4AF0A1BFC1E8396569751E97BC9.d.3EA7C9E27A74209C19F3F0D1A6A112F5.e.11291/click - {}
COMMAND: GET /session/4ca0da1f05d229fab0c05732b1ad37d0/screenshot - {}
RESULT: {}
RESULT: {}
COMMAND: GET /session/4ca0da1f05d229fab0c05732b1ad37d0/screenshot - {}
RESULT: {}
RESULT: {}
COMMAND: POST /session/4ca0da1f05d229fab0c05732b1ad37d0/execute/async - {"script":"<script> [1562 bytes]","args":[{"selector":{"controlType":"sap.m.Title","viewName":"etm.portal.ui.managepricingrules.view.NewItem","viewId":"application-managepricingrules-display-component---newInfoPriceItem","properties":{"text":"New Pricing Rules - Item Level"}},"wdio_ui5_key":"etmportal.ui.managepricingrules.view.NewItemsap.m.Title{\"text\":\"New Pricing Rules - Item Level\"}"}]}
RESULT: {"script":"<script> [1562 bytes]","args":[{"selector":{"controlType":"sap.m.Title","viewName":"etm.portal.ui.managepricingrules.view.NewItem","viewId":"application-managepricingrules-display-component---newInfoPriceItem","properties":{"text":"New Pricing Rules - Item Level"}},"wdio_ui5_key":"etmportal.ui.managepricingrules.view.NewItemsap.m.Title{\"text\":\"New Pricing Rules - Item Level\"}"}]}
RESULT: undefined
COMMAND: POST /session/4ca0da1f05d229fab0c05732b1ad37d0/execute/async - {"script":"<script> [6424 bytes]","args":[{"element-6066-11e4-a52e-4f735466cecf":"f.D01EC4AF0A1BFC1E8396569751E97BC9.d.3EA7C9E27A74209C19F3F0D1A6A112F5.e.11449"},"getText",[]]}
RESULT: {"script":"<script> [6424 bytes]","args":[{"element-6066-11e4-a52e-4f735466cecf":"f.D01EC4AF0A1BFC1E8396569751E97BC9.d.3EA7C9E27A74209C19F3F0D1A6A112F5.e.11449"},"getText",[]]}
COMMAND: POST /session/4ca0da1f05d229fab0c05732b1ad37d0/execute/async - {"script":"<script> [1562 bytes]","args":[{"selector":{"id":"application-managepricingrules-display-component---newInfoPriceItem--condValidTo","interaction":{"idSuffix":"inner"}},"wdio_ui5_key":"applicationmanagepricingrules-display-component---newInfoPriceItem--condValidTo"}]}
RESULT: {"script":"<script> [1562 bytes]","args":[{"selector":{"id":"application-managepricingrules-display-component---newInfoPriceItem--condValidTo","interaction":{"idSuffix":"inner"}},"wdio_ui5_key":"applicationmanagepricingrules-display-component---newInfoPriceItem--condValidTo"}]}
RESULT: undefined
COMMAND: POST /session/4ca0da1f05d229fab0c05732b1ad37d0/execute/async - {"script":"<script> [776 bytes]","args":[{"enterText":"12/29/25","selector":{"id":"application-managepricingrules-display-component---newInfoPriceItem--condValidTo","interaction":{"idSuffix":"inner"}},"clearTextFirst":true,"interactionType":"ENTER_TEXT"}]}
RESULT: {"script":"<script> [776 bytes]","args":[{"enterText":"12/29/25","selector":{"id":"application-managepricingrules-display-component---newInfoPriceItem--condValidTo","interaction":{"idSuffix":"inner"}},"clearTextFirst":true,"interactionType":"ENTER_TEXT"}]}
COMMAND: POST /session/4ca0da1f05d229fab0c05732b1ad37d0/execute/async - {"script":"<script> [1562 bytes]","args":[{"selector":{"id":"application-managepricingrules-display-component---newInfoPriceItem--billType-arrow"},"wdio_ui5_key":"applicationmanagepricingrules-display-component---newInfoPriceItem--billType-arrow"}]}
RESULT: {"script":"<script> [1562 bytes]","args":[{"selector":{"id":"application-managepricingrules-display-component---newInfoPriceItem--billType-arrow"},"wdio_ui5_key":"applicationmanagepricingrules-display-component---newInfoPriceItem--billType-arrow"}]}
RESULT: undefined
COMMAND: POST /session/4ca0da1f05d229fab0c05732b1ad37d0/element - {"using":"xpath","value":"//*[@id=\"application-managepricingrules-display-component---newInfoPriceItem--billType-arrow\"]"}
RESULT: {"using":"xpath","value":"//*[@id=\"application-managepricingrules-display-component---newInfoPriceItem--billType-arrow\"]"}
COMMAND: POST /session/4ca0da1f05d229fab0c05732b1ad37d0/element/f.D01EC4AF0A1BFC1E8396569751E97BC9.d.3EA7C9E27A74209C19F3F0D1A6A112F5.e.11451/click - {}
RESULT: {}
COMMAND: POST /session/4ca0da1f05d229fab0c05732b1ad37d0/element - {"using":"xpath","value":"//span[contains(text(), \"PB - Performance based\")]"}
COMMAND: GET /session/4ca0da1f05d229fab0c05732b1ad37d0/screenshot - {}
RESULT: {"using":"xpath","value":"//span[contains(text(), \"PB - Performance based\")]"}
COMMAND: POST /session/4ca0da1f05d229fab0c05732b1ad37d0/element/f.D01EC4AF0A1BFC1E8396569751E97BC9.d.3EA7C9E27A74209C19F3F0D1A6A112F5.e.11452/click - {}
RESULT: {}
RESULT: {}
COMMAND: POST /session/4ca0da1f05d229fab0c05732b1ad37d0/execute/async - {"script":"<script> [1562 bytes]","args":[{"selector":{"id":"application-managepricingrules-display-component---newInfoPriceItem--priceProc-arrow"},"wdio_ui5_key":"applicationmanagepricingrules-display-component---newInfoPriceItem--priceProc-arrow"}]}
COMMAND: GET /session/4ca0da1f05d229fab0c05732b1ad37d0/screenshot - {}
RESULT: {"script":"<script> [1562 bytes]","args":[{"selector":{"id":"application-managepricingrules-display-component---newInfoPriceItem--priceProc-arrow"},"wdio_ui5_key":"applicationmanagepricingrules-display-component---newInfoPriceItem--priceProc-arrow"}]}
RESULT: undefined
COMMAND: POST /session/4ca0da1f05d229fab0c05732b1ad37d0/element - {"using":"xpath","value":"//*[@id=\"application-managepricingrules-display-component---newInfoPriceItem--priceProc-arrow\"]"}
RESULT: {}
RESULT: {"using":"xpath","value":"//*[@id=\"application-managepricingrules-display-component---newInfoPriceItem--priceProc-arrow\"]"}
COMMAND: POST /session/4ca0da1f05d229fab0c05732b1ad37d0/element/f.D01EC4AF0A1BFC1E8396569751E97BC9.d.3EA7C9E27A74209C19F3F0D1A6A112F5.e.11417/click - {}
RESULT: {}
COMMAND: POST /session/4ca0da1f05d229fab0c05732b1ad37d0/element - {"using":"xpath","value":"//span[contains(text(), \"PRF - Performance based\")]"}
COMMAND: GET /session/4ca0da1f05d229fab0c05732b1ad37d0/screenshot - {}
RESULT: {"using":"xpath","value":"//span[contains(text(), \"PRF - Performance based\")]"}
COMMAND: POST /session/4ca0da1f05d229fab0c05732b1ad37d0/element/f.D01EC4AF0A1BFC1E8396569751E97BC9.d.3EA7C9E27A74209C19F3F0D1A6A112F5.e.11453/click - {}
RESULT: {}
RESULT: {}
COMMAND: POST /session/4ca0da1f05d229fab0c05732b1ad37d0/execute/async - {"script":"<script> [1562 bytes]","args":[{"selector":{"id":"application-managepricingrules-display-component---newInfoPriceItem--calcBase-arrow"},"wdio_ui5_key":"applicationmanagepricingrules-display-component---newInfoPriceItem--calcBase-arrow"}]}
COMMAND: GET /session/4ca0da1f05d229fab0c05732b1ad37d0/screenshot - {}
RESULT: {"script":"<script> [1562 bytes]","args":[{"selector":{"id":"application-managepricingrules-display-component---newInfoPriceItem--calcBase-arrow"},"wdio_ui5_key":"applicationmanagepricingrules-display-component---newInfoPriceItem--calcBase-arrow"}]}
RESULT: undefined
COMMAND: POST /session/4ca0da1f05d229fab0c05732b1ad37d0/element - {"using":"xpath","value":"//*[@id=\"application-managepricingrules-display-component---newInfoPriceItem--calcBase-arrow\"]"}
RESULT: {}
RESULT: {"using":"xpath","value":"//*[@id=\"application-managepricingrules-display-component---newInfoPriceItem--calcBase-arrow\"]"}
COMMAND: POST /session/4ca0da1f05d229fab0c05732b1ad37d0/element/f.D01EC4AF0A1BFC1E8396569751E97BC9.d.3EA7C9E27A74209C19F3F0D1A6A112F5.e.11424/click - {}
RESULT: {}
COMMAND: GET /session/4ca0da1f05d229fab0c05732b1ad37d0/screenshot - {}
RESULT: {}
COMMAND: POST /session/4ca0da1f05d229fab0c05732b1ad37d0/element - {"using":"xpath","value":"//span[contains(text(), \"0007 - PB(work days)\")]"}
RESULT: {"using":"xpath","value":"//span[contains(text(), \"0007 - PB(work days)\")]"}
COMMAND: POST /session/4ca0da1f05d229fab0c05732b1ad37d0/element/f.D01EC4AF0A1BFC1E8396569751E97BC9.d.3EA7C9E27A74209C19F3F0D1A6A112F5.e.11454/click - {}
RESULT: {}
COMMAND: GET /session/4ca0da1f05d229fab0c05732b1ad37d0/screenshot - {}
RESULT: {}
COMMAND: POST /session/4ca0da1f05d229fab0c05732b1ad37d0/execute/async - {"script":"<script> [1562 bytes]","args":[{"selector":{"id":"application-managepricingrules-display-component---newInfoPriceItem--hoursMonth","interaction":{"idSuffix":"inner"}},"wdio_ui5_key":"applicationmanagepricingrules-display-component---newInfoPriceItem--hoursMonth"}]}
RESULT: {"script":"<script> [1562 bytes]","args":[{"selector":{"id":"application-managepricingrules-display-component---newInfoPriceItem--hoursMonth","interaction":{"idSuffix":"inner"}},"wdio_ui5_key":"applicationmanagepricingrules-display-component---newInfoPriceItem--hoursMonth"}]}
RESULT: undefined
COMMAND: POST /session/4ca0da1f05d229fab0c05732b1ad37d0/execute/async - {"script":"<script> [776 bytes]","args":[{"enterText":"160","selector":{"id":"application-managepricingrules-display-component---newInfoPriceItem--hoursMonth","interaction":{"idSuffix":"inner"}},"clearTextFirst":true,"interactionType":"ENTER_TEXT"}]}
RESULT: {"script":"<script> [776 bytes]","args":[{"enterText":"160","selector":{"id":"application-managepricingrules-display-component---newInfoPriceItem--hoursMonth","interaction":{"idSuffix":"inner"}},"clearTextFirst":true,"interactionType":"ENTER_TEXT"}]}
COMMAND: POST /session/4ca0da1f05d229fab0c05732b1ad37d0/element - {"using":"xpath","value":"//button[@data-kt=\"saveNewRuleButton\"]"}
RESULT: {"using":"xpath","value":"//button[@data-kt=\"saveNewRuleButton\"]"}
COMMAND: POST /session/4ca0da1f05d229fab0c05732b1ad37d0/element/f.D01EC4AF0A1BFC1E8396569751E97BC9.d.3EA7C9E27A74209C19F3F0D1A6A112F5.e.11440/click - {}
RESULT: {}
COMMAND: GET /session/4ca0da1f05d229fab0c05732b1ad37d0/screenshot - {}
RESULT: {}
COMMAND: POST /session/4ca0da1f05d229fab0c05732b1ad37d0/execute/async - {"script":"<script> [1562 bytes]","args":[{"selector":{"id":"application-managepricingrules-display-component---priceInfoItem--smartFilterBar-btnBasicSearch","interaction":{"idSuffix":"I"}},"wdio_ui5_key":"applicationmanagepricingrules-display-component---priceInfoItem--smartFilterBar-btnBasicSearch"}]}
RESULT: {"script":"<script> [1562 bytes]","args":[{"selector":{"id":"application-managepricingrules-display-component---priceInfoItem--smartFilterBar-btnBasicSearch","interaction":{"idSuffix":"I"}},"wdio_ui5_key":"applicationmanagepricingrules-display-component---priceInfoItem--smartFilterBar-btnBasicSearch"}]}
RESULT: undefined
COMMAND: POST /session/4ca0da1f05d229fab0c05732b1ad37d0/execute/async - {"script":"<script> [776 bytes]","args":[{"enterText":"Bo0A8M8VDa","selector":{"id":"application-managepricingrules-display-component---priceInfoItem--smartFilterBar-btnBasicSearch","interaction":{"idSuffix":"I"}},"clearTextFirst":true,"interactionType":"ENTER_TEXT"}]}
RESULT: {"script":"<script> [776 bytes]","args":[{"enterText":"Bo0A8M8VDa","selector":{"id":"application-managepricingrules-display-component---priceInfoItem--smartFilterBar-btnBasicSearch","interaction":{"idSuffix":"I"}},"clearTextFirst":true,"interactionType":"ENTER_TEXT"}]}
COMMAND: POST /session/4ca0da1f05d229fab0c05732b1ad37d0/actions - {"actions":[{"id":"action43","type":"key","parameters":{},"actions":[{"type":"keyDown","value":"î€‡"},{"type":"pause","duration":10},{"type":"keyUp","value":"î€‡"}]}]}
RESULT: {"actions":[{"id":"action43","type":"key","parameters":{},"actions":[{"type":"keyDown","value":"î€‡"},{"type":"pause","duration":10},{"type":"keyUp","value":"î€‡"}]}]}
COMMAND: GET /session/4ca0da1f05d229fab0c05732b1ad37d0/screenshot - {}
RESULT: {}
COMMAND: POST /session/4ca0da1f05d229fab0c05732b1ad37d0/element - {"using":"xpath","value":"//span[@id=\"application-managepricingrules-display-component---priceInfoItem--smartTable-header-inner\"]"}
RESULT: {"using":"xpath","value":"//span[@id=\"application-managepricingrules-display-component---priceInfoItem--smartTable-header-inner\"]"}
COMMAND: POST /session/4ca0da1f05d229fab0c05732b1ad37d0/elements - {"using":"xpath","value":"//span[@id=\"application-managepricingrules-display-component---priceInfoItem--smartTable-header-inner\"]"}
RESULT: {"using":"xpath","value":"//span[@id=\"application-managepricingrules-display-component---priceInfoItem--smartTable-header-inner\"]"}
COMMAND: POST /session/4ca0da1f05d229fab0c05732b1ad37d0/execute/sync - {"script":"<script> [56 bytes]","args":[{"element-6066-11e4-a52e-4f735466cecf":"f.D01EC4AF0A1BFC1E8396569751E97BC9.d.3EA7C9E27A74209C19F3F0D1A6A112F5.e.11478","ELEMENT":"f.D01EC4AF0A1BFC1E8396569751E97BC9.d.3EA7C9E27A74209C19F3F0D1A6A112F5.e.11478"}]}
RESULT: {"script":"<script> [56 bytes]","args":[{"element-6066-11e4-a52e-4f735466cecf":"f.D01EC4AF0A1BFC1E8396569751E97BC9.d.3EA7C9E27A74209C19F3F0D1A6A112F5.e.11478","ELEMENT":"f.D01EC4AF0A1BFC1E8396569751E97BC9.d.3EA7C9E27A74209C19F3F0D1A6A112F5.e.11478"}]}
COMMAND: POST /session/4ca0da1f05d229fab0c05732b1ad37d0/element - {"using":"css selector","value":"#shell-header-logo"}
COMMAND: GET /session/4ca0da1f05d229fab0c05732b1ad37d0/screenshot - {}
RESULT: {"using":"css selector","value":"#shell-header-logo"}
COMMAND: POST /session/4ca0da1f05d229fab0c05732b1ad37d0/element/f.D01EC4AF0A1BFC1E8396569751E97BC9.d.3EA7C9E27A74209C19F3F0D1A6A112F5.e.10793/click - {}
RESULT: {}
RESULT: {}
COMMAND: GET /session/4ca0da1f05d229fab0c05732b1ad37d0/screenshot - {}
RESULT: {}
]]></system-out>
    </testcase>
    <testcase classname="chrome.135_0_7049_96.windows.Performance_based_billing_(work_days)_US139742" name="Should create a performance based billing condition on the equipment" time="66.453">
      <system-out><![CDATA[
COMMAND: POST /session/4ca0da1f05d229fab0c05732b1ad37d0/execute/async - {"script":"<script> [1562 bytes]","args":[{"selector":{"controlType":"sap.m.Text","properties":{"text":"Manage Conditions & Prices"},"interaction":{"idSuffix":"inner"}},"wdio_ui5_key":"sapm.Text{\"text\":\"Manage Conditions & Prices\"}"}]}
RESULT: {"script":"<script> [1562 bytes]","args":[{"selector":{"controlType":"sap.m.Text","properties":{"text":"Manage Conditions & Prices"},"interaction":{"idSuffix":"inner"}},"wdio_ui5_key":"sapm.Text{\"text\":\"Manage Conditions & Prices\"}"}]}
RESULT: undefined
COMMAND: POST /session/4ca0da1f05d229fab0c05732b1ad37d0/element - {"using":"xpath","value":"//*[@id=\"__tile53-title\"]"}
RESULT: {"using":"xpath","value":"//*[@id=\"__tile53-title\"]"}
COMMAND: POST /session/4ca0da1f05d229fab0c05732b1ad37d0/element/f.D01EC4AF0A1BFC1E8396569751E97BC9.d.3EA7C9E27A74209C19F3F0D1A6A112F5.e.11481/click - {}
RESULT: {}
COMMAND: POST /session/4ca0da1f05d229fab0c05732b1ad37d0/element - {"using":"xpath","value":"//button[@aria-label=\"Create\"]"}
COMMAND: GET /session/4ca0da1f05d229fab0c05732b1ad37d0/screenshot - {}
RESULT: {"using":"xpath","value":"//button[@aria-label=\"Create\"]"}
COMMAND: POST /session/4ca0da1f05d229fab0c05732b1ad37d0/elements - {"using":"xpath","value":"//button[@aria-label=\"Create\"]"}
RESULT: {}
RESULT: {"using":"xpath","value":"//button[@aria-label=\"Create\"]"}
COMMAND: POST /session/4ca0da1f05d229fab0c05732b1ad37d0/elements - {"using":"xpath","value":"//button[@aria-label=\"Create\"]"}
RESULT: {"using":"xpath","value":"//button[@aria-label=\"Create\"]"}
COMMAND: POST /session/4ca0da1f05d229fab0c05732b1ad37d0/element - {"using":"xpath","value":"//button[@aria-label=\"Create\"]"}
RESULT: {"using":"xpath","value":"//button[@aria-label=\"Create\"]"}
COMMAND: POST /session/4ca0da1f05d229fab0c05732b1ad37d0/execute/sync - {"script":"<script> [8489 bytes]","args":[{"element-6066-11e4-a52e-4f735466cecf":"f.D01EC4AF0A1BFC1E8396569751E97BC9.d.3EA7C9E27A74209C19F3F0D1A6A112F5.e.11515","ELEMENT":"f.D01EC4AF0A1BFC1E8396569751E97BC9.d.3EA7C9E27A74209C19F3F0D1A6A112F5.e.11515"}]}
RESULT: {"script":"<script> [8489 bytes]","args":[{"element-6066-11e4-a52e-4f735466cecf":"f.D01EC4AF0A1BFC1E8396569751E97BC9.d.3EA7C9E27A74209C19F3F0D1A6A112F5.e.11515","ELEMENT":"f.D01EC4AF0A1BFC1E8396569751E97BC9.d.3EA7C9E27A74209C19F3F0D1A6A112F5.e.11515"}]}
COMMAND: GET /session/4ca0da1f05d229fab0c05732b1ad37d0/element/f.D01EC4AF0A1BFC1E8396569751E97BC9.d.3EA7C9E27A74209C19F3F0D1A6A112F5.e.11515/enabled - {}
COMMAND: GET /session/4ca0da1f05d229fab0c05732b1ad37d0/screenshot - {}
RESULT: {}
COMMAND: POST /session/4ca0da1f05d229fab0c05732b1ad37d0/execute/sync - {"script":"<script> [8489 bytes]","args":[{"element-6066-11e4-a52e-4f735466cecf":"f.D01EC4AF0A1BFC1E8396569751E97BC9.d.3EA7C9E27A74209C19F3F0D1A6A112F5.e.11515","ELEMENT":"f.D01EC4AF0A1BFC1E8396569751E97BC9.d.3EA7C9E27A74209C19F3F0D1A6A112F5.e.11515"}]}
COMMAND: GET /session/4ca0da1f05d229fab0c05732b1ad37d0/screenshot - {}
RESULT: {}
RESULT: {"script":"<script> [8489 bytes]","args":[{"element-6066-11e4-a52e-4f735466cecf":"f.D01EC4AF0A1BFC1E8396569751E97BC9.d.3EA7C9E27A74209C19F3F0D1A6A112F5.e.11515","ELEMENT":"f.D01EC4AF0A1BFC1E8396569751E97BC9.d.3EA7C9E27A74209C19F3F0D1A6A112F5.e.11515"}]}
COMMAND: POST /session/4ca0da1f05d229fab0c05732b1ad37d0/execute/sync - {"script":"<script> [5351 bytes]","args":[{"element-6066-11e4-a52e-4f735466cecf":"f.D01EC4AF0A1BFC1E8396569751E97BC9.d.3EA7C9E27A74209C19F3F0D1A6A112F5.e.11515","ELEMENT":"f.D01EC4AF0A1BFC1E8396569751E97BC9.d.3EA7C9E27A74209C19F3F0D1A6A112F5.e.11515"}]}
COMMAND: GET /session/4ca0da1f05d229fab0c05732b1ad37d0/screenshot - {}
RESULT: {}
RESULT: {"script":"<script> [5351 bytes]","args":[{"element-6066-11e4-a52e-4f735466cecf":"f.D01EC4AF0A1BFC1E8396569751E97BC9.d.3EA7C9E27A74209C19F3F0D1A6A112F5.e.11515","ELEMENT":"f.D01EC4AF0A1BFC1E8396569751E97BC9.d.3EA7C9E27A74209C19F3F0D1A6A112F5.e.11515"}]}
COMMAND: POST /session/4ca0da1f05d229fab0c05732b1ad37d0/element/f.D01EC4AF0A1BFC1E8396569751E97BC9.d.3EA7C9E27A74209C19F3F0D1A6A112F5.e.11515/click - {}
RESULT: {}
COMMAND: GET /session/4ca0da1f05d229fab0c05732b1ad37d0/screenshot - {}
RESULT: {}
COMMAND: GET /session/4ca0da1f05d229fab0c05732b1ad37d0/screenshot - {}
RESULT: {}
RESULT: {}
COMMAND: POST /session/4ca0da1f05d229fab0c05732b1ad37d0/actions - {"actions":[{"id":"action44","type":"key","parameters":{},"actions":[{"type":"keyDown","value":"î€‡"},{"type":"pause","duration":10},{"type":"keyUp","value":"î€‡"}]}]}
RESULT: {"actions":[{"id":"action44","type":"key","parameters":{},"actions":[{"type":"keyDown","value":"î€‡"},{"type":"pause","duration":10},{"type":"keyUp","value":"î€‡"}]}]}
COMMAND: GET /session/4ca0da1f05d229fab0c05732b1ad37d0/screenshot - {}
RESULT: {}
COMMAND: POST /session/4ca0da1f05d229fab0c05732b1ad37d0/execute/async - {"script":"<script> [1562 bytes]","args":[{"selector":{"id":"application-manageconditionprice-display-component---newCondition--condBillCond-arrow"},"wdio_ui5_key":"applicationmanageconditionprice-display-component---newCondition--condBillCond-arrow"}]}
RESULT: {"script":"<script> [1562 bytes]","args":[{"selector":{"id":"application-manageconditionprice-display-component---newCondition--condBillCond-arrow"},"wdio_ui5_key":"applicationmanageconditionprice-display-component---newCondition--condBillCond-arrow"}]}
RESULT: undefined
COMMAND: POST /session/4ca0da1f05d229fab0c05732b1ad37d0/element - {"using":"xpath","value":"//*[@id=\"application-manageconditionprice-display-component---newCondition--condBillCond-arrow\"]"}
RESULT: {"using":"xpath","value":"//*[@id=\"application-manageconditionprice-display-component---newCondition--condBillCond-arrow\"]"}
COMMAND: POST /session/4ca0da1f05d229fab0c05732b1ad37d0/element/f.D01EC4AF0A1BFC1E8396569751E97BC9.d.3EA7C9E27A74209C19F3F0D1A6A112F5.e.11692/click - {}
RESULT: {}
COMMAND: GET /session/4ca0da1f05d229fab0c05732b1ad37d0/screenshot - {}
RESULT: {}
COMMAND: POST /session/4ca0da1f05d229fab0c05732b1ad37d0/element - {"using":"xpath","value":"//li[.//span[contains(text(), \"PC06 - Performance Price - fuel\")]]"}
RESULT: {"using":"xpath","value":"//li[.//span[contains(text(), \"PC06 - Performance Price - fuel\")]]"}
COMMAND: POST /session/4ca0da1f05d229fab0c05732b1ad37d0/element/f.D01EC4AF0A1BFC1E8396569751E97BC9.d.3EA7C9E27A74209C19F3F0D1A6A112F5.e.11695/click - {}
RESULT: {}
COMMAND: GET /session/4ca0da1f05d229fab0c05732b1ad37d0/screenshot - {}
RESULT: {}
COMMAND: POST /session/4ca0da1f05d229fab0c05732b1ad37d0/execute/async - {"script":"<script> [1562 bytes]","args":[{"selector":{"id":"application-manageconditionprice-display-component---newCondition--condValidTo","interaction":{"idSuffix":"inner"}},"wdio_ui5_key":"applicationmanageconditionprice-display-component---newCondition--condValidTo"}]}
RESULT: {"script":"<script> [1562 bytes]","args":[{"selector":{"id":"application-manageconditionprice-display-component---newCondition--condValidTo","interaction":{"idSuffix":"inner"}},"wdio_ui5_key":"applicationmanageconditionprice-display-component---newCondition--condValidTo"}]}
RESULT: undefined
COMMAND: POST /session/4ca0da1f05d229fab0c05732b1ad37d0/execute/async - {"script":"<script> [776 bytes]","args":[{"enterText":"12/29/25","selector":{"id":"application-manageconditionprice-display-component---newCondition--condValidTo","interaction":{"idSuffix":"inner"}},"clearTextFirst":true,"interactionType":"ENTER_TEXT"}]}
RESULT: {"script":"<script> [776 bytes]","args":[{"enterText":"12/29/25","selector":{"id":"application-manageconditionprice-display-component---newCondition--condValidTo","interaction":{"idSuffix":"inner"}},"clearTextFirst":true,"interactionType":"ENTER_TEXT"}]}
COMMAND: POST /session/4ca0da1f05d229fab0c05732b1ad37d0/element - {"using":"xpath","value":"//input[@id=\"application-manageconditionprice-display-component---newCondition--condRU-inner\"]"}
RESULT: {"using":"xpath","value":"//input[@id=\"application-manageconditionprice-display-component---newCondition--condRU-inner\"]"}
COMMAND: POST /session/4ca0da1f05d229fab0c05732b1ad37d0/element/f.D01EC4AF0A1BFC1E8396569751E97BC9.d.3EA7C9E27A74209C19F3F0D1A6A112F5.e.11557/clear - {}
RESULT: {}
COMMAND: POST /session/4ca0da1f05d229fab0c05732b1ad37d0/element/f.D01EC4AF0A1BFC1E8396569751E97BC9.d.3EA7C9E27A74209C19F3F0D1A6A112F5.e.11557/value - {"text":"Bo0A8M8VDa"}
COMMAND: GET /session/4ca0da1f05d229fab0c05732b1ad37d0/screenshot - {}
RESULT: {"text":"Bo0A8M8VDa"}
COMMAND: GET /session/4ca0da1f05d229fab0c05732b1ad37d0/screenshot - {}
RESULT: {}
RESULT: {}
COMMAND: POST /session/4ca0da1f05d229fab0c05732b1ad37d0/actions - {"actions":[{"id":"action45","type":"key","parameters":{},"actions":[{"type":"keyDown","value":"î€‡"},{"type":"pause","duration":10},{"type":"keyUp","value":"î€‡"}]}]}
RESULT: {"actions":[{"id":"action45","type":"key","parameters":{},"actions":[{"type":"keyDown","value":"î€‡"},{"type":"pause","duration":10},{"type":"keyUp","value":"î€‡"}]}]}
COMMAND: POST /session/4ca0da1f05d229fab0c05732b1ad37d0/execute/async - {"script":"<script> [1562 bytes]","args":[{"selector":{"id":"application-manageconditionprice-display-component---newCondition--condBaseQty","interaction":{"idSuffix":"inner"}},"wdio_ui5_key":"applicationmanageconditionprice-display-component---newCondition--condBaseQty"}]}
COMMAND: GET /session/4ca0da1f05d229fab0c05732b1ad37d0/screenshot - {}
RESULT: {"script":"<script> [1562 bytes]","args":[{"selector":{"id":"application-manageconditionprice-display-component---newCondition--condBaseQty","interaction":{"idSuffix":"inner"}},"wdio_ui5_key":"applicationmanageconditionprice-display-component---newCondition--condBaseQty"}]}
RESULT: undefined
COMMAND: POST /session/4ca0da1f05d229fab0c05732b1ad37d0/execute/async - {"script":"<script> [776 bytes]","args":[{"enterText":"1","selector":{"id":"application-manageconditionprice-display-component---newCondition--condBaseQty","interaction":{"idSuffix":"inner"}},"clearTextFirst":true,"interactionType":"ENTER_TEXT"}]}
RESULT: {}
RESULT: {"script":"<script> [776 bytes]","args":[{"enterText":"1","selector":{"id":"application-manageconditionprice-display-component---newCondition--condBaseQty","interaction":{"idSuffix":"inner"}},"clearTextFirst":true,"interactionType":"ENTER_TEXT"}]}
COMMAND: POST /session/4ca0da1f05d229fab0c05732b1ad37d0/execute/async - {"script":"<script> [1562 bytes]","args":[{"selector":{"id":"application-manageconditionprice-display-component---newCondition--condValue","interaction":{"idSuffix":"inner"}},"wdio_ui5_key":"applicationmanageconditionprice-display-component---newCondition--condValue"}]}
RESULT: {"script":"<script> [1562 bytes]","args":[{"selector":{"id":"application-manageconditionprice-display-component---newCondition--condValue","interaction":{"idSuffix":"inner"}},"wdio_ui5_key":"applicationmanageconditionprice-display-component---newCondition--condValue"}]}
RESULT: undefined
COMMAND: POST /session/4ca0da1f05d229fab0c05732b1ad37d0/execute/async - {"script":"<script> [776 bytes]","args":[{"enterText":"10","selector":{"id":"application-manageconditionprice-display-component---newCondition--condValue","interaction":{"idSuffix":"inner"}},"clearTextFirst":true,"interactionType":"ENTER_TEXT"}]}
RESULT: {"script":"<script> [776 bytes]","args":[{"enterText":"10","selector":{"id":"application-manageconditionprice-display-component---newCondition--condValue","interaction":{"idSuffix":"inner"}},"clearTextFirst":true,"interactionType":"ENTER_TEXT"}]}
COMMAND: POST /session/4ca0da1f05d229fab0c05732b1ad37d0/execute/async - {"script":"<script> [1562 bytes]","args":[{"selector":{"id":"application-manageconditionprice-display-component---newCondition--condCurr-arrow"},"wdio_ui5_key":"applicationmanageconditionprice-display-component---newCondition--condCurr-arrow"}]}
RESULT: {"script":"<script> [1562 bytes]","args":[{"selector":{"id":"application-manageconditionprice-display-component---newCondition--condCurr-arrow"},"wdio_ui5_key":"applicationmanageconditionprice-display-component---newCondition--condCurr-arrow"}]}
RESULT: undefined
COMMAND: POST /session/4ca0da1f05d229fab0c05732b1ad37d0/element - {"using":"xpath","value":"//*[@id=\"application-manageconditionprice-display-component---newCondition--condCurr-arrow\"]"}
RESULT: {"using":"xpath","value":"//*[@id=\"application-manageconditionprice-display-component---newCondition--condCurr-arrow\"]"}
COMMAND: POST /session/4ca0da1f05d229fab0c05732b1ad37d0/element/f.D01EC4AF0A1BFC1E8396569751E97BC9.d.3EA7C9E27A74209C19F3F0D1A6A112F5.e.11669/click - {}
RESULT: {}
COMMAND: POST /session/4ca0da1f05d229fab0c05732b1ad37d0/element - {"using":"xpath","value":"//span[contains(text(), \"Euro\")]"}
COMMAND: GET /session/4ca0da1f05d229fab0c05732b1ad37d0/screenshot - {}
RESULT: {"using":"xpath","value":"//span[contains(text(), \"Euro\")]"}
COMMAND: POST /session/4ca0da1f05d229fab0c05732b1ad37d0/element/f.D01EC4AF0A1BFC1E8396569751E97BC9.d.3EA7C9E27A74209C19F3F0D1A6A112F5.e.11730/click - {}
RESULT: {}
RESULT: {}
COMMAND: POST /session/4ca0da1f05d229fab0c05732b1ad37d0/element - {"using":"xpath","value":"//button[@data-kt=\"saveButton\"]"}
COMMAND: GET /session/4ca0da1f05d229fab0c05732b1ad37d0/screenshot - {}
RESULT: {"using":"xpath","value":"//button[@data-kt=\"saveButton\"]"}
COMMAND: POST /session/4ca0da1f05d229fab0c05732b1ad37d0/element/f.D01EC4AF0A1BFC1E8396569751E97BC9.d.3EA7C9E27A74209C19F3F0D1A6A112F5.e.11670/click - {}
RESULT: {}
RESULT: {}
COMMAND: GET /session/4ca0da1f05d229fab0c05732b1ad37d0/screenshot - {}
RESULT: {}
COMMAND: POST /session/4ca0da1f05d229fab0c05732b1ad37d0/execute/async - {"script":"<script> [1562 bytes]","args":[{"selector":{"id":"application-manageconditionprice-display-component---conditions--smartFilterBar-btnBasicSearch","interaction":{"idSuffix":"I"}},"wdio_ui5_key":"applicationmanageconditionprice-display-component---conditions--smartFilterBar-btnBasicSearch"}]}
RESULT: {"script":"<script> [1562 bytes]","args":[{"selector":{"id":"application-manageconditionprice-display-component---conditions--smartFilterBar-btnBasicSearch","interaction":{"idSuffix":"I"}},"wdio_ui5_key":"applicationmanageconditionprice-display-component---conditions--smartFilterBar-btnBasicSearch"}]}
RESULT: undefined
COMMAND: POST /session/4ca0da1f05d229fab0c05732b1ad37d0/execute/async - {"script":"<script> [776 bytes]","args":[{"enterText":"Bo0A8M8VDa","selector":{"id":"application-manageconditionprice-display-component---conditions--smartFilterBar-btnBasicSearch","interaction":{"idSuffix":"I"}},"clearTextFirst":true,"interactionType":"ENTER_TEXT"}]}
RESULT: {"script":"<script> [776 bytes]","args":[{"enterText":"Bo0A8M8VDa","selector":{"id":"application-manageconditionprice-display-component---conditions--smartFilterBar-btnBasicSearch","interaction":{"idSuffix":"I"}},"clearTextFirst":true,"interactionType":"ENTER_TEXT"}]}
COMMAND: POST /session/4ca0da1f05d229fab0c05732b1ad37d0/actions - {"actions":[{"id":"action46","type":"key","parameters":{},"actions":[{"type":"keyDown","value":"î€‡"},{"type":"pause","duration":10},{"type":"keyUp","value":"î€‡"}]}]}
RESULT: {"actions":[{"id":"action46","type":"key","parameters":{},"actions":[{"type":"keyDown","value":"î€‡"},{"type":"pause","duration":10},{"type":"keyUp","value":"î€‡"}]}]}
COMMAND: GET /session/4ca0da1f05d229fab0c05732b1ad37d0/screenshot - {}
RESULT: {}
COMMAND: POST /session/4ca0da1f05d229fab0c05732b1ad37d0/execute/async - {"script":"<script> [1562 bytes]","args":[{"selector":{"id":"application-manageconditionprice-display-component---conditions--smartFilterBar-filterItemControl_BASIC-BILL_TYPES-vhi"},"wdio_ui5_key":"applicationmanageconditionprice-display-component---conditions--smartFilterBar-filterItemControl_BASIC-BILL_TYPES-vhi"}]}
RESULT: {"script":"<script> [1562 bytes]","args":[{"selector":{"id":"application-manageconditionprice-display-component---conditions--smartFilterBar-filterItemControl_BASIC-BILL_TYPES-vhi"},"wdio_ui5_key":"applicationmanageconditionprice-display-component---conditions--smartFilterBar-filterItemControl_BASIC-BILL_TYPES-vhi"}]}
RESULT: undefined
COMMAND: POST /session/4ca0da1f05d229fab0c05732b1ad37d0/element - {"using":"xpath","value":"//*[@id=\"application-manageconditionprice-display-component---conditions--smartFilterBar-filterItemControl_BASIC-BILL_TYPES-vhi\"]"}
RESULT: {"using":"xpath","value":"//*[@id=\"application-manageconditionprice-display-component---conditions--smartFilterBar-filterItemControl_BASIC-BILL_TYPES-vhi\"]"}
COMMAND: POST /session/4ca0da1f05d229fab0c05732b1ad37d0/element/f.D01EC4AF0A1BFC1E8396569751E97BC9.d.3EA7C9E27A74209C19F3F0D1A6A112F5.e.11746/click - {}
RESULT: {}
COMMAND: POST /session/4ca0da1f05d229fab0c05732b1ad37d0/execute/async - {"script":"<script> [1562 bytes]","args":[{"selector":{"id":"application-manageconditionprice-display-component---conditions--smartFilterBar-filterItemControl_BASIC-BILL_TYPES-valueHelpDialog-smartFilterBar-btnBasicSearch","searchOpenDialogs":true,"interaction":{"idSuffix":"I"}},"wdio_ui5_key":"applicationmanageconditionprice-display-component---conditions--smartFilterBar-filterItemControl_BASIC-BILL_TYPES-valueHelpDialog-smartFilterBar-btnBasicSearch"}]}
COMMAND: GET /session/4ca0da1f05d229fab0c05732b1ad37d0/screenshot - {}
RESULT: {"script":"<script> [1562 bytes]","args":[{"selector":{"id":"application-manageconditionprice-display-component---conditions--smartFilterBar-filterItemControl_BASIC-BILL_TYPES-valueHelpDialog-smartFilterBar-btnBasicSearch","searchOpenDialogs":true,"interaction":{"idSuffix":"I"}},"wdio_ui5_key":"applicationmanageconditionprice-display-component---conditions--smartFilterBar-filterItemControl_BASIC-BILL_TYPES-valueHelpDialog-smartFilterBar-btnBasicSearch"}]}
RESULT: undefined
COMMAND: POST /session/4ca0da1f05d229fab0c05732b1ad37d0/execute/async - {"script":"<script> [776 bytes]","args":[{"enterText":"PB","selector":{"id":"application-manageconditionprice-display-component---conditions--smartFilterBar-filterItemControl_BASIC-BILL_TYPES-valueHelpDialog-smartFilterBar-btnBasicSearch","searchOpenDialogs":true,"interaction":{"idSuffix":"I"}},"clearTextFirst":true,"interactionType":"ENTER_TEXT"}]}
RESULT: {}
RESULT: {"script":"<script> [776 bytes]","args":[{"enterText":"PB","selector":{"id":"application-manageconditionprice-display-component---conditions--smartFilterBar-filterItemControl_BASIC-BILL_TYPES-valueHelpDialog-smartFilterBar-btnBasicSearch","searchOpenDialogs":true,"interaction":{"idSuffix":"I"}},"clearTextFirst":true,"interactionType":"ENTER_TEXT"}]}
COMMAND: POST /session/4ca0da1f05d229fab0c05732b1ad37d0/actions - {"actions":[{"id":"action47","type":"key","parameters":{},"actions":[{"type":"keyDown","value":"î€‡"},{"type":"pause","duration":10},{"type":"keyUp","value":"î€‡"}]}]}
RESULT: {"actions":[{"id":"action47","type":"key","parameters":{},"actions":[{"type":"keyDown","value":"î€‡"},{"type":"pause","duration":10},{"type":"keyUp","value":"î€‡"}]}]}
COMMAND: GET /session/4ca0da1f05d229fab0c05732b1ad37d0/screenshot - {}
RESULT: {}
COMMAND: POST /session/4ca0da1f05d229fab0c05732b1ad37d0/element - {"using":"xpath","value":"//div[contains(@id, 'application-manageconditionprice-display-component---conditions--smartFilterBar-filterItemControl_BASIC-BILL_TYPES-valueHelpDialog-table-rowsel0')]"}
RESULT: {"using":"xpath","value":"//div[contains(@id, 'application-manageconditionprice-display-component---conditions--smartFilterBar-filterItemControl_BASIC-BILL_TYPES-valueHelpDialog-table-rowsel0')]"}
COMMAND: POST /session/4ca0da1f05d229fab0c05732b1ad37d0/element/f.D01EC4AF0A1BFC1E8396569751E97BC9.d.3EA7C9E27A74209C19F3F0D1A6A112F5.e.11755/click - {}
RESULT: {}
COMMAND: GET /session/4ca0da1f05d229fab0c05732b1ad37d0/screenshot - {}
RESULT: {}
COMMAND: POST /session/4ca0da1f05d229fab0c05732b1ad37d0/element - {"using":"xpath","value":"//bdi[contains(text(), \"OK\")]"}
RESULT: {"using":"xpath","value":"//bdi[contains(text(), \"OK\")]"}
COMMAND: POST /session/4ca0da1f05d229fab0c05732b1ad37d0/element/f.D01EC4AF0A1BFC1E8396569751E97BC9.d.3EA7C9E27A74209C19F3F0D1A6A112F5.e.11757/click - {}
RESULT: {}
COMMAND: GET /session/4ca0da1f05d229fab0c05732b1ad37d0/screenshot - {}
RESULT: {}
COMMAND: POST /session/4ca0da1f05d229fab0c05732b1ad37d0/element - {"using":"xpath","value":"//span[@id=\"application-manageconditionprice-display-component---conditions--smartTable-header-inner\"]"}
RESULT: {"using":"xpath","value":"//span[@id=\"application-manageconditionprice-display-component---conditions--smartTable-header-inner\"]"}
COMMAND: POST /session/4ca0da1f05d229fab0c05732b1ad37d0/elements - {"using":"xpath","value":"//span[@id=\"application-manageconditionprice-display-component---conditions--smartTable-header-inner\"]"}
RESULT: {"using":"xpath","value":"//span[@id=\"application-manageconditionprice-display-component---conditions--smartTable-header-inner\"]"}
COMMAND: POST /session/4ca0da1f05d229fab0c05732b1ad37d0/execute/sync - {"script":"<script> [56 bytes]","args":[{"element-6066-11e4-a52e-4f735466cecf":"f.D01EC4AF0A1BFC1E8396569751E97BC9.d.3EA7C9E27A74209C19F3F0D1A6A112F5.e.11760","ELEMENT":"f.D01EC4AF0A1BFC1E8396569751E97BC9.d.3EA7C9E27A74209C19F3F0D1A6A112F5.e.11760"}]}
RESULT: {"script":"<script> [56 bytes]","args":[{"element-6066-11e4-a52e-4f735466cecf":"f.D01EC4AF0A1BFC1E8396569751E97BC9.d.3EA7C9E27A74209C19F3F0D1A6A112F5.e.11760","ELEMENT":"f.D01EC4AF0A1BFC1E8396569751E97BC9.d.3EA7C9E27A74209C19F3F0D1A6A112F5.e.11760"}]}
COMMAND: POST /session/4ca0da1f05d229fab0c05732b1ad37d0/element - {"using":"css selector","value":"#shell-header-logo"}
COMMAND: GET /session/4ca0da1f05d229fab0c05732b1ad37d0/screenshot - {}
RESULT: {"using":"css selector","value":"#shell-header-logo"}
COMMAND: POST /session/4ca0da1f05d229fab0c05732b1ad37d0/element/f.D01EC4AF0A1BFC1E8396569751E97BC9.d.3EA7C9E27A74209C19F3F0D1A6A112F5.e.11483/click - {}
RESULT: {}
RESULT: {}
COMMAND: GET /session/4ca0da1f05d229fab0c05732b1ad37d0/screenshot - {}
RESULT: {}
]]></system-out>
    </testcase>
    <testcase classname="chrome.135_0_7049_96.windows.Performance_based_billing_(work_days)_US139742" name="Should add a counter to the equipment" time="45.59">
      <system-out><![CDATA[
RESULT: undefined
COMMAND: POST /session/4ca0da1f05d229fab0c05732b1ad37d0/element - {"using":"xpath","value":"//*[@id=\"__tile39\"]"}
RESULT: {"using":"xpath","value":"//*[@id=\"__tile39\"]"}
COMMAND: POST /session/4ca0da1f05d229fab0c05732b1ad37d0/element/f.D01EC4AF0A1BFC1E8396569751E97BC9.d.3EA7C9E27A74209C19F3F0D1A6A112F5.e.10669/click - {}
RESULT: {}
COMMAND: POST /session/4ca0da1f05d229fab0c05732b1ad37d0/execute/async - {"script":"<script> [1562 bytes]","args":[{"selector":{"id":"application-manageresources-display-component---masterRU--smartFilterBar-btnBasicSearch","interaction":{"idSuffix":"I"}},"wdio_ui5_key":"applicationmanageresources-display-component---masterRU--smartFilterBar-btnBasicSearch"}]}
COMMAND: GET /session/4ca0da1f05d229fab0c05732b1ad37d0/screenshot - {}
RESULT: {"script":"<script> [1562 bytes]","args":[{"selector":{"id":"application-manageresources-display-component---masterRU--smartFilterBar-btnBasicSearch","interaction":{"idSuffix":"I"}},"wdio_ui5_key":"applicationmanageresources-display-component---masterRU--smartFilterBar-btnBasicSearch"}]}
RESULT: undefined
COMMAND: POST /session/4ca0da1f05d229fab0c05732b1ad37d0/execute/async - {"script":"<script> [776 bytes]","args":[{"enterText":"Bo0A8M8VDa","selector":{"id":"application-manageresources-display-component---masterRU--smartFilterBar-btnBasicSearch","interaction":{"idSuffix":"I"}},"clearTextFirst":true,"interactionType":"ENTER_TEXT"}]}
RESULT: {}
RESULT: {"script":"<script> [776 bytes]","args":[{"enterText":"Bo0A8M8VDa","selector":{"id":"application-manageresources-display-component---masterRU--smartFilterBar-btnBasicSearch","interaction":{"idSuffix":"I"}},"clearTextFirst":true,"interactionType":"ENTER_TEXT"}]}
COMMAND: POST /session/4ca0da1f05d229fab0c05732b1ad37d0/actions - {"actions":[{"id":"action48","type":"key","parameters":{},"actions":[{"type":"keyDown","value":"î€‡"},{"type":"pause","duration":10},{"type":"keyUp","value":"î€‡"}]}]}
RESULT: {"actions":[{"id":"action48","type":"key","parameters":{},"actions":[{"type":"keyDown","value":"î€‡"},{"type":"pause","duration":10},{"type":"keyUp","value":"î€‡"}]}]}
COMMAND: GET /session/4ca0da1f05d229fab0c05732b1ad37d0/screenshot - {}
RESULT: {}
COMMAND: POST /session/4ca0da1f05d229fab0c05732b1ad37d0/execute/async - {"script":"<script> [1562 bytes]","args":[{"selector":{"id":"application-manageresources-display-component---masterRU--smartTable-header"},"wdio_ui5_key":"applicationmanageresources-display-component---masterRU--smartTable-header"}]}
RESULT: {"script":"<script> [1562 bytes]","args":[{"selector":{"id":"application-manageresources-display-component---masterRU--smartTable-header"},"wdio_ui5_key":"applicationmanageresources-display-component---masterRU--smartTable-header"}]}
RESULT: undefined
COMMAND: POST /session/4ca0da1f05d229fab0c05732b1ad37d0/execute/async - {"script":"<script> [6424 bytes]","args":[{"element-6066-11e4-a52e-4f735466cecf":"f.D01EC4AF0A1BFC1E8396569751E97BC9.d.3EA7C9E27A74209C19F3F0D1A6A112F5.e.11959"},"getText",[]]}
RESULT: {"script":"<script> [6424 bytes]","args":[{"element-6066-11e4-a52e-4f735466cecf":"f.D01EC4AF0A1BFC1E8396569751E97BC9.d.3EA7C9E27A74209C19F3F0D1A6A112F5.e.11959"},"getText",[]]}
COMMAND: POST /session/4ca0da1f05d229fab0c05732b1ad37d0/execute/async - {"script":"<script> [1562 bytes]","args":[{"selector":{"controlType":"sap.ui.core.Icon","viewName":"etm.portal.ui.manageresources.view.Master","viewId":"application-manageresources-display-component---masterRU","properties":{"src":{"regex":{"source":"slim\\-arrow\\-right"}}}},"wdio_ui5_key":"etmportal.ui.manageresources.view.Mastersap.ui.core.Icon{\"src\":{\"regex\":{\"source\":\"slim\\\\-arrow\\\\-right\"}}}"}]}
RESULT: {"script":"<script> [1562 bytes]","args":[{"selector":{"controlType":"sap.ui.core.Icon","viewName":"etm.portal.ui.manageresources.view.Master","viewId":"application-manageresources-display-component---masterRU","properties":{"src":{"regex":{"source":"slim\\-arrow\\-right"}}}},"wdio_ui5_key":"etmportal.ui.manageresources.view.Mastersap.ui.core.Icon{\"src\":{\"regex\":{\"source\":\"slim\\\\-arrow\\\\-right\"}}}"}]}
RESULT: undefined
COMMAND: POST /session/4ca0da1f05d229fab0c05732b1ad37d0/element - {"using":"xpath","value":"//*[@id=\"__item910-__clone2319-imgNav\"]"}
RESULT: {"using":"xpath","value":"//*[@id=\"__item910-__clone2319-imgNav\"]"}
COMMAND: POST /session/4ca0da1f05d229fab0c05732b1ad37d0/element/f.D01EC4AF0A1BFC1E8396569751E97BC9.d.3EA7C9E27A74209C19F3F0D1A6A112F5.e.11957/click - {}
RESULT: {}
COMMAND: GET /session/4ca0da1f05d229fab0c05732b1ad37d0/screenshot - {}
COMMAND: POST /session/4ca0da1f05d229fab0c05732b1ad37d0/element - {"using":"xpath","value":"//bdi[contains(text(), \"Edit\")]"}
RESULT: {}
RESULT: {"using":"xpath","value":"//bdi[contains(text(), \"Edit\")]"}
COMMAND: POST /session/4ca0da1f05d229fab0c05732b1ad37d0/execute/sync - {"script":"<script> [8489 bytes]","args":[{"element-6066-11e4-a52e-4f735466cecf":"f.D01EC4AF0A1BFC1E8396569751E97BC9.d.3EA7C9E27A74209C19F3F0D1A6A112F5.e.12056","ELEMENT":"f.D01EC4AF0A1BFC1E8396569751E97BC9.d.3EA7C9E27A74209C19F3F0D1A6A112F5.e.12056"}]}
RESULT: {"script":"<script> [8489 bytes]","args":[{"element-6066-11e4-a52e-4f735466cecf":"f.D01EC4AF0A1BFC1E8396569751E97BC9.d.3EA7C9E27A74209C19F3F0D1A6A112F5.e.12056","ELEMENT":"f.D01EC4AF0A1BFC1E8396569751E97BC9.d.3EA7C9E27A74209C19F3F0D1A6A112F5.e.12056"}]}
COMMAND: POST /session/4ca0da1f05d229fab0c05732b1ad37d0/element/f.D01EC4AF0A1BFC1E8396569751E97BC9.d.3EA7C9E27A74209C19F3F0D1A6A112F5.e.12056/click - {}
COMMAND: GET /session/4ca0da1f05d229fab0c05732b1ad37d0/screenshot - {}
RESULT: {}
COMMAND: GET /session/4ca0da1f05d229fab0c05732b1ad37d0/screenshot - {}
COMMAND: POST /session/4ca0da1f05d229fab0c05732b1ad37d0/execute/async - {"script":"<script> [1562 bytes]","args":[{"selector":{"id":"application-manageresources-display-component---editResource--editRruPage-anchBar-application-manageresources-display-component---editResource--counters-anchor","interaction":{"idSuffix":"BDI-content"}},"wdio_ui5_key":"applicationmanageresources-display-component---editResource--editRruPage-anchBar-application-manageresources-display-component---editResource--counters-anchor"}]}
RESULT: {}
RESULT: {}
RESULT: {"script":"<script> [1562 bytes]","args":[{"selector":{"id":"application-manageresources-display-component---editResource--editRruPage-anchBar-application-manageresources-display-component---editResource--counters-anchor","interaction":{"idSuffix":"BDI-content"}},"wdio_ui5_key":"applicationmanageresources-display-component---editResource--editRruPage-anchBar-application-manageresources-display-component---editResource--counters-anchor"}]}
RESULT: undefined
COMMAND: POST /session/4ca0da1f05d229fab0c05732b1ad37d0/element - {"using":"xpath","value":"//*[@id=\"application-manageresources-display-component---editResource--editRruPage-anchBar-application-manageresources-display-component---editResource--counters-anchor\"]"}
RESULT: {"using":"xpath","value":"//*[@id=\"application-manageresources-display-component---editResource--editRruPage-anchBar-application-manageresources-display-component---editResource--counters-anchor\"]"}
COMMAND: POST /session/4ca0da1f05d229fab0c05732b1ad37d0/element/f.D01EC4AF0A1BFC1E8396569751E97BC9.d.3EA7C9E27A74209C19F3F0D1A6A112F5.e.12214/click - {}
RESULT: {}
COMMAND: GET /session/4ca0da1f05d229fab0c05732b1ad37d0/screenshot - {}
RESULT: {}
COMMAND: POST /session/4ca0da1f05d229fab0c05732b1ad37d0/execute/async - {"script":"<script> [1562 bytes]","args":[{"selector":{"id":"application-manageresources-display-component---editResource--btnAddCounter-img"},"wdio_ui5_key":"applicationmanageresources-display-component---editResource--btnAddCounter-img"}]}
RESULT: {"script":"<script> [1562 bytes]","args":[{"selector":{"id":"application-manageresources-display-component---editResource--btnAddCounter-img"},"wdio_ui5_key":"applicationmanageresources-display-component---editResource--btnAddCounter-img"}]}
RESULT: undefined
COMMAND: POST /session/4ca0da1f05d229fab0c05732b1ad37d0/element - {"using":"xpath","value":"//*[@id=\"application-manageresources-display-component---editResource--btnAddCounter-img\"]"}
RESULT: {"using":"xpath","value":"//*[@id=\"application-manageresources-display-component---editResource--btnAddCounter-img\"]"}
COMMAND: POST /session/4ca0da1f05d229fab0c05732b1ad37d0/element/f.D01EC4AF0A1BFC1E8396569751E97BC9.d.3EA7C9E27A74209C19F3F0D1A6A112F5.e.12221/click - {}
RESULT: {}
COMMAND: POST /session/4ca0da1f05d229fab0c05732b1ad37d0/execute/async - {"script":"<script> [1562 bytes]","args":[{"selector":{"id":"application-manageresources-display-component---editResource--COUNTER_ID-application-manageresources-display-component---editResource--RUCounters-0-arrow"},"wdio_ui5_key":"applicationmanageresources-display-component---editResource--COUNTER_ID-application-manageresources-display-component---editResource--RUCounters-0-arrow"}]}
COMMAND: GET /session/4ca0da1f05d229fab0c05732b1ad37d0/screenshot - {}
RESULT: {"script":"<script> [1562 bytes]","args":[{"selector":{"id":"application-manageresources-display-component---editResource--COUNTER_ID-application-manageresources-display-component---editResource--RUCounters-0-arrow"},"wdio_ui5_key":"applicationmanageresources-display-component---editResource--COUNTER_ID-application-manageresources-display-component---editResource--RUCounters-0-arrow"}]}
RESULT: undefined
COMMAND: POST /session/4ca0da1f05d229fab0c05732b1ad37d0/element - {"using":"xpath","value":"//*[@id=\"application-manageresources-display-component---editResource--COUNTER_ID-application-manageresources-display-component---editResource--RUCounters-0-arrow\"]"}
RESULT: {}
RESULT: {"using":"xpath","value":"//*[@id=\"application-manageresources-display-component---editResource--COUNTER_ID-application-manageresources-display-component---editResource--RUCounters-0-arrow\"]"}
COMMAND: POST /session/4ca0da1f05d229fab0c05732b1ad37d0/element/f.D01EC4AF0A1BFC1E8396569751E97BC9.d.3EA7C9E27A74209C19F3F0D1A6A112F5.e.12234/click - {}
RESULT: {}
COMMAND: POST /session/4ca0da1f05d229fab0c05732b1ad37d0/execute/async - {"script":"<script> [1562 bytes]","args":[{"selector":{"controlType":"sap.m.StandardListItem","viewName":"etm.portal.ui.manageresources.view.EditResource","viewId":"application-manageresources-display-component---editResource","properties":{"title":"fuel"},"searchOpenDialogs":true,"interaction":{"idSuffix":"content"}},"wdio_ui5_key":"etmportal.ui.manageresources.view.EditResourcesap.m.StandardListItem{\"title\":\"fuel\"}"}]}
COMMAND: GET /session/4ca0da1f05d229fab0c05732b1ad37d0/screenshot - {}
RESULT: {"script":"<script> [1562 bytes]","args":[{"selector":{"controlType":"sap.m.StandardListItem","viewName":"etm.portal.ui.manageresources.view.EditResource","viewId":"application-manageresources-display-component---editResource","properties":{"title":"fuel"},"searchOpenDialogs":true,"interaction":{"idSuffix":"content"}},"wdio_ui5_key":"etmportal.ui.manageresources.view.EditResourcesap.m.StandardListItem{\"title\":\"fuel\"}"}]}
RESULT: undefined
COMMAND: POST /session/4ca0da1f05d229fab0c05732b1ad37d0/element - {"using":"xpath","value":"//*[@id=\"__item1215\"]"}
RESULT: {}
RESULT: {"using":"xpath","value":"//*[@id=\"__item1215\"]"}
COMMAND: POST /session/4ca0da1f05d229fab0c05732b1ad37d0/element/f.D01EC4AF0A1BFC1E8396569751E97BC9.d.3EA7C9E27A74209C19F3F0D1A6A112F5.e.12236/click - {}
RESULT: {}
COMMAND: POST /session/4ca0da1f05d229fab0c05732b1ad37d0/execute/async - {"script":"<script> [1562 bytes]","args":[{"selector":{"controlType":"sap.m.Button","viewName":"etm.portal.ui.manageresources.view.EditResource","viewId":"application-manageresources-display-component---editResource","i18NText":{"propertyName":"text","key":"save"},"interaction":{"idSuffix":"BDI-content"}},"wdio_ui5_key":"etmportal.ui.manageresources.view.EditResourcesap.m.Button{\"propertyName\":\"text\",\"key\":\"save\"}"}]}
COMMAND: GET /session/4ca0da1f05d229fab0c05732b1ad37d0/screenshot - {}
RESULT: {"script":"<script> [1562 bytes]","args":[{"selector":{"controlType":"sap.m.Button","viewName":"etm.portal.ui.manageresources.view.EditResource","viewId":"application-manageresources-display-component---editResource","i18NText":{"propertyName":"text","key":"save"},"interaction":{"idSuffix":"BDI-content"}},"wdio_ui5_key":"etmportal.ui.manageresources.view.EditResourcesap.m.Button{\"propertyName\":\"text\",\"key\":\"save\"}"}]}
RESULT: undefined
COMMAND: POST /session/4ca0da1f05d229fab0c05732b1ad37d0/element - {"using":"xpath","value":"//*[@id=\"__button181\"]"}
RESULT: {}
RESULT: {"using":"xpath","value":"//*[@id=\"__button181\"]"}
COMMAND: POST /session/4ca0da1f05d229fab0c05732b1ad37d0/element/f.D01EC4AF0A1BFC1E8396569751E97BC9.d.3EA7C9E27A74209C19F3F0D1A6A112F5.e.12238/click - {}
RESULT: {}
COMMAND: GET /session/4ca0da1f05d229fab0c05732b1ad37d0/screenshot - {}
RESULT: {}
COMMAND: POST /session/4ca0da1f05d229fab0c05732b1ad37d0/element - {"using":"css selector","value":"#shell-header-logo"}
RESULT: {"using":"css selector","value":"#shell-header-logo"}
COMMAND: POST /session/4ca0da1f05d229fab0c05732b1ad37d0/element/f.D01EC4AF0A1BFC1E8396569751E97BC9.d.3EA7C9E27A74209C19F3F0D1A6A112F5.e.11766/click - {}
RESULT: {}
COMMAND: GET /session/4ca0da1f05d229fab0c05732b1ad37d0/screenshot - {}
RESULT: {}
]]></system-out>
    </testcase>
    <testcase classname="chrome.135_0_7049_96.windows.Performance_based_billing_(work_days)_US139742" name="Should do a stock increase on the yard for the equipment" time="77.316">
      <system-out><![CDATA[
COMMAND: POST /session/4ca0da1f05d229fab0c05732b1ad37d0/execute/async - {"script":"<script> [1562 bytes]","args":[{"selector":{"controlType":"sap.m.Text","viewName":"etm.portal.ui.managehandoverstile.view.Master","properties":{"text":"Manage Handovers"},"interaction":{"idSuffix":"inner"}},"wdio_ui5_key":"etmportal.ui.managehandoverstile.view.Mastersap.m.Text{\"text\":\"Manage Handovers\"}"}]}
RESULT: {"script":"<script> [1562 bytes]","args":[{"selector":{"controlType":"sap.m.Text","viewName":"etm.portal.ui.managehandoverstile.view.Master","properties":{"text":"Manage Handovers"},"interaction":{"idSuffix":"inner"}},"wdio_ui5_key":"etmportal.ui.managehandoverstile.view.Mastersap.m.Text{\"text\":\"Manage Handovers\"}"}]}
RESULT: undefined
COMMAND: POST /session/4ca0da1f05d229fab0c05732b1ad37d0/element - {"using":"xpath","value":"//*[@id=\"__tile133-title\"]"}
RESULT: {"using":"xpath","value":"//*[@id=\"__tile133-title\"]"}
COMMAND: POST /session/4ca0da1f05d229fab0c05732b1ad37d0/element/f.D01EC4AF0A1BFC1E8396569751E97BC9.d.3EA7C9E27A74209C19F3F0D1A6A112F5.e.12248/click - {}
RESULT: {}
COMMAND: POST /session/4ca0da1f05d229fab0c05732b1ad37d0/element - {"using":"xpath","value":"//button[@data-kt=\"masterHOAddButton\"]"}
COMMAND: GET /session/4ca0da1f05d229fab0c05732b1ad37d0/screenshot - {}
RESULT: {"using":"xpath","value":"//button[@data-kt=\"masterHOAddButton\"]"}
COMMAND: POST /session/4ca0da1f05d229fab0c05732b1ad37d0/elements - {"using":"xpath","value":"//button[@data-kt=\"masterHOAddButton\"]"}
RESULT: {}
RESULT: {"using":"xpath","value":"//button[@data-kt=\"masterHOAddButton\"]"}
COMMAND: POST /session/4ca0da1f05d229fab0c05732b1ad37d0/elements - {"using":"xpath","value":"//button[@data-kt=\"masterHOAddButton\"]"}
RESULT: {"using":"xpath","value":"//button[@data-kt=\"masterHOAddButton\"]"}
COMMAND: POST /session/4ca0da1f05d229fab0c05732b1ad37d0/elements - {"using":"xpath","value":"//button[@data-kt=\"masterHOAddButton\"]"}
RESULT: {"using":"xpath","value":"//button[@data-kt=\"masterHOAddButton\"]"}
COMMAND: POST /session/4ca0da1f05d229fab0c05732b1ad37d0/elements - {"using":"xpath","value":"//button[@data-kt=\"masterHOAddButton\"]"}
RESULT: {"using":"xpath","value":"//button[@data-kt=\"masterHOAddButton\"]"}
COMMAND: POST /session/4ca0da1f05d229fab0c05732b1ad37d0/elements - {"using":"xpath","value":"//button[@data-kt=\"masterHOAddButton\"]"}
RESULT: {"using":"xpath","value":"//button[@data-kt=\"masterHOAddButton\"]"}
COMMAND: POST /session/4ca0da1f05d229fab0c05732b1ad37d0/elements - {"using":"xpath","value":"//button[@data-kt=\"masterHOAddButton\"]"}
RESULT: {"using":"xpath","value":"//button[@data-kt=\"masterHOAddButton\"]"}
COMMAND: POST /session/4ca0da1f05d229fab0c05732b1ad37d0/elements - {"using":"xpath","value":"//button[@data-kt=\"masterHOAddButton\"]"}
RESULT: {"using":"xpath","value":"//button[@data-kt=\"masterHOAddButton\"]"}
COMMAND: POST /session/4ca0da1f05d229fab0c05732b1ad37d0/elements - {"using":"xpath","value":"//button[@data-kt=\"masterHOAddButton\"]"}
RESULT: {"using":"xpath","value":"//button[@data-kt=\"masterHOAddButton\"]"}
COMMAND: POST /session/4ca0da1f05d229fab0c05732b1ad37d0/elements - {"using":"xpath","value":"//button[@data-kt=\"masterHOAddButton\"]"}
RESULT: {"using":"xpath","value":"//button[@data-kt=\"masterHOAddButton\"]"}
COMMAND: POST /session/4ca0da1f05d229fab0c05732b1ad37d0/elements - {"using":"xpath","value":"//button[@data-kt=\"masterHOAddButton\"]"}
RESULT: {"using":"xpath","value":"//button[@data-kt=\"masterHOAddButton\"]"}
COMMAND: POST /session/4ca0da1f05d229fab0c05732b1ad37d0/elements - {"using":"xpath","value":"//button[@data-kt=\"masterHOAddButton\"]"}
RESULT: {"using":"xpath","value":"//button[@data-kt=\"masterHOAddButton\"]"}
COMMAND: POST /session/4ca0da1f05d229fab0c05732b1ad37d0/elements - {"using":"xpath","value":"//button[@data-kt=\"masterHOAddButton\"]"}
RESULT: {"using":"xpath","value":"//button[@data-kt=\"masterHOAddButton\"]"}
COMMAND: POST /session/4ca0da1f05d229fab0c05732b1ad37d0/elements - {"using":"xpath","value":"//button[@data-kt=\"masterHOAddButton\"]"}
RESULT: {"using":"xpath","value":"//button[@data-kt=\"masterHOAddButton\"]"}
COMMAND: POST /session/4ca0da1f05d229fab0c05732b1ad37d0/elements - {"using":"xpath","value":"//button[@data-kt=\"masterHOAddButton\"]"}
RESULT: {"using":"xpath","value":"//button[@data-kt=\"masterHOAddButton\"]"}
COMMAND: POST /session/4ca0da1f05d229fab0c05732b1ad37d0/element - {"using":"xpath","value":"//button[@data-kt=\"masterHOAddButton\"]"}
RESULT: {"using":"xpath","value":"//button[@data-kt=\"masterHOAddButton\"]"}
COMMAND: POST /session/4ca0da1f05d229fab0c05732b1ad37d0/execute/sync - {"script":"<script> [8489 bytes]","args":[{"element-6066-11e4-a52e-4f735466cecf":"f.D01EC4AF0A1BFC1E8396569751E97BC9.d.3EA7C9E27A74209C19F3F0D1A6A112F5.e.12278","ELEMENT":"f.D01EC4AF0A1BFC1E8396569751E97BC9.d.3EA7C9E27A74209C19F3F0D1A6A112F5.e.12278"}]}
RESULT: {"script":"<script> [8489 bytes]","args":[{"element-6066-11e4-a52e-4f735466cecf":"f.D01EC4AF0A1BFC1E8396569751E97BC9.d.3EA7C9E27A74209C19F3F0D1A6A112F5.e.12278","ELEMENT":"f.D01EC4AF0A1BFC1E8396569751E97BC9.d.3EA7C9E27A74209C19F3F0D1A6A112F5.e.12278"}]}
COMMAND: GET /session/4ca0da1f05d229fab0c05732b1ad37d0/element/f.D01EC4AF0A1BFC1E8396569751E97BC9.d.3EA7C9E27A74209C19F3F0D1A6A112F5.e.12278/enabled - {}
COMMAND: GET /session/4ca0da1f05d229fab0c05732b1ad37d0/screenshot - {}
RESULT: {}
COMMAND: POST /session/4ca0da1f05d229fab0c05732b1ad37d0/execute/sync - {"script":"<script> [8489 bytes]","args":[{"element-6066-11e4-a52e-4f735466cecf":"f.D01EC4AF0A1BFC1E8396569751E97BC9.d.3EA7C9E27A74209C19F3F0D1A6A112F5.e.12278","ELEMENT":"f.D01EC4AF0A1BFC1E8396569751E97BC9.d.3EA7C9E27A74209C19F3F0D1A6A112F5.e.12278"}]}
COMMAND: GET /session/4ca0da1f05d229fab0c05732b1ad37d0/screenshot - {}
RESULT: {}
RESULT: {"script":"<script> [8489 bytes]","args":[{"element-6066-11e4-a52e-4f735466cecf":"f.D01EC4AF0A1BFC1E8396569751E97BC9.d.3EA7C9E27A74209C19F3F0D1A6A112F5.e.12278","ELEMENT":"f.D01EC4AF0A1BFC1E8396569751E97BC9.d.3EA7C9E27A74209C19F3F0D1A6A112F5.e.12278"}]}
COMMAND: POST /session/4ca0da1f05d229fab0c05732b1ad37d0/execute/sync - {"script":"<script> [5351 bytes]","args":[{"element-6066-11e4-a52e-4f735466cecf":"f.D01EC4AF0A1BFC1E8396569751E97BC9.d.3EA7C9E27A74209C19F3F0D1A6A112F5.e.12278","ELEMENT":"f.D01EC4AF0A1BFC1E8396569751E97BC9.d.3EA7C9E27A74209C19F3F0D1A6A112F5.e.12278"}]}
COMMAND: GET /session/4ca0da1f05d229fab0c05732b1ad37d0/screenshot - {}
RESULT: {}
RESULT: {"script":"<script> [5351 bytes]","args":[{"element-6066-11e4-a52e-4f735466cecf":"f.D01EC4AF0A1BFC1E8396569751E97BC9.d.3EA7C9E27A74209C19F3F0D1A6A112F5.e.12278","ELEMENT":"f.D01EC4AF0A1BFC1E8396569751E97BC9.d.3EA7C9E27A74209C19F3F0D1A6A112F5.e.12278"}]}
COMMAND: POST /session/4ca0da1f05d229fab0c05732b1ad37d0/element/f.D01EC4AF0A1BFC1E8396569751E97BC9.d.3EA7C9E27A74209C19F3F0D1A6A112F5.e.12278/click - {}
COMMAND: GET /session/4ca0da1f05d229fab0c05732b1ad37d0/screenshot - {}
RESULT: {}
RESULT: {}
COMMAND: GET /session/4ca0da1f05d229fab0c05732b1ad37d0/screenshot - {}
RESULT: {}
RESULT: {}
COMMAND: POST /session/4ca0da1f05d229fab0c05732b1ad37d0/element - {"using":"xpath","value":"//span[contains(@id ,\"AddNewHO--typeSelect-arrow\")]"}
RESULT: {"using":"xpath","value":"//span[contains(@id ,\"AddNewHO--typeSelect-arrow\")]"}
COMMAND: POST /session/4ca0da1f05d229fab0c05732b1ad37d0/element/f.D01EC4AF0A1BFC1E8396569751E97BC9.d.3EA7C9E27A74209C19F3F0D1A6A112F5.e.12647/click - {}
RESULT: {}
COMMAND: GET /session/4ca0da1f05d229fab0c05732b1ad37d0/screenshot - {}
RESULT: {}
COMMAND: POST /session/4ca0da1f05d229fab0c05732b1ad37d0/element - {"using":"xpath","value":"(//li[contains(text(), \"stock increase yard\")])[1]"}
RESULT: {"using":"xpath","value":"(//li[contains(text(), \"stock increase yard\")])[1]"}
COMMAND: POST /session/4ca0da1f05d229fab0c05732b1ad37d0/element/f.D01EC4AF0A1BFC1E8396569751E97BC9.d.3EA7C9E27A74209C19F3F0D1A6A112F5.e.12648/click - {}
RESULT: {}
COMMAND: GET /session/4ca0da1f05d229fab0c05732b1ad37d0/screenshot - {}
RESULT: {}
COMMAND: POST /session/4ca0da1f05d229fab0c05732b1ad37d0/execute/async - {"script":"<script> [1562 bytes]","args":[{"selector":{"id":"application-managehandovers-display-component---AddNewHO--dueDate","interaction":{"idSuffix":"inner"}},"wdio_ui5_key":"applicationmanagehandovers-display-component---AddNewHO--dueDate"}]}
RESULT: {"script":"<script> [1562 bytes]","args":[{"selector":{"id":"application-managehandovers-display-component---AddNewHO--dueDate","interaction":{"idSuffix":"inner"}},"wdio_ui5_key":"applicationmanagehandovers-display-component---AddNewHO--dueDate"}]}
RESULT: undefined
COMMAND: POST /session/4ca0da1f05d229fab0c05732b1ad37d0/execute/async - {"script":"<script> [6424 bytes]","args":[{"element-6066-11e4-a52e-4f735466cecf":"f.D01EC4AF0A1BFC1E8396569751E97BC9.d.3EA7C9E27A74209C19F3F0D1A6A112F5.e.12650"},"setValue",["04/29/2025"]]}
RESULT: {"script":"<script> [6424 bytes]","args":[{"element-6066-11e4-a52e-4f735466cecf":"f.D01EC4AF0A1BFC1E8396569751E97BC9.d.3EA7C9E27A74209C19F3F0D1A6A112F5.e.12650"},"setValue",["04/29/2025"]]}
COMMAND: POST /session/4ca0da1f05d229fab0c05732b1ad37d0/element - {"using":"xpath","value":"//input[@id=\"generalSectionFrg--receiveYard-inner\"]"}
RESULT: {"using":"xpath","value":"//input[@id=\"generalSectionFrg--receiveYard-inner\"]"}
COMMAND: POST /session/4ca0da1f05d229fab0c05732b1ad37d0/element/f.D01EC4AF0A1BFC1E8396569751E97BC9.d.3EA7C9E27A74209C19F3F0D1A6A112F5.e.12656/clear - {}
RESULT: {}
COMMAND: POST /session/4ca0da1f05d229fab0c05732b1ad37d0/element/f.D01EC4AF0A1BFC1E8396569751E97BC9.d.3EA7C9E27A74209C19F3F0D1A6A112F5.e.12656/value - {"text":"414"}
COMMAND: GET /session/4ca0da1f05d229fab0c05732b1ad37d0/screenshot - {}
RESULT: {"text":"414"}
COMMAND: GET /session/4ca0da1f05d229fab0c05732b1ad37d0/screenshot - {}
RESULT: {}
RESULT: {}
COMMAND: POST /session/4ca0da1f05d229fab0c05732b1ad37d0/element - {"using":"xpath","value":"//li[.//span[text()='414']]"}
RESULT: {"using":"xpath","value":"//li[.//span[text()='414']]"}
COMMAND: POST /session/4ca0da1f05d229fab0c05732b1ad37d0/element/f.D01EC4AF0A1BFC1E8396569751E97BC9.d.3EA7C9E27A74209C19F3F0D1A6A112F5.e.12672/click - {}
RESULT: {}
COMMAND: GET /session/4ca0da1f05d229fab0c05732b1ad37d0/screenshot - {}
RESULT: {}
COMMAND: POST /session/4ca0da1f05d229fab0c05732b1ad37d0/execute/async - {"script":"<script> [1562 bytes]","args":[{"selector":{"id":"application-managehandovers-display-component---AddNewHO--ObjectPageLayout-anchBar-application-managehandovers-display-component---AddNewHO--section4-anchor","interaction":{"idSuffix":"BDI-content"}},"wdio_ui5_key":"applicationmanagehandovers-display-component---AddNewHO--ObjectPageLayout-anchBar-application-managehandovers-display-component---AddNewHO--section4-anchor"}]}
RESULT: {"script":"<script> [1562 bytes]","args":[{"selector":{"id":"application-managehandovers-display-component---AddNewHO--ObjectPageLayout-anchBar-application-managehandovers-display-component---AddNewHO--section4-anchor","interaction":{"idSuffix":"BDI-content"}},"wdio_ui5_key":"applicationmanagehandovers-display-component---AddNewHO--ObjectPageLayout-anchBar-application-managehandovers-display-component---AddNewHO--section4-anchor"}]}
RESULT: undefined
COMMAND: POST /session/4ca0da1f05d229fab0c05732b1ad37d0/element - {"using":"xpath","value":"//*[@id=\"application-managehandovers-display-component---AddNewHO--ObjectPageLayout-anchBar-application-managehandovers-display-component---AddNewHO--section4-anchor\"]"}
RESULT: {"using":"xpath","value":"//*[@id=\"application-managehandovers-display-component---AddNewHO--ObjectPageLayout-anchBar-application-managehandovers-display-component---AddNewHO--section4-anchor\"]"}
COMMAND: POST /session/4ca0da1f05d229fab0c05732b1ad37d0/element/f.D01EC4AF0A1BFC1E8396569751E97BC9.d.3EA7C9E27A74209C19F3F0D1A6A112F5.e.12674/click - {}
RESULT: {}
COMMAND: POST /session/4ca0da1f05d229fab0c05732b1ad37d0/element - {"using":"xpath","value":"//button[@aria-label=\"Add\"]"}
COMMAND: GET /session/4ca0da1f05d229fab0c05732b1ad37d0/screenshot - {}
RESULT: {"using":"xpath","value":"//button[@aria-label=\"Add\"]"}
COMMAND: POST /session/4ca0da1f05d229fab0c05732b1ad37d0/element/f.D01EC4AF0A1BFC1E8396569751E97BC9.d.3EA7C9E27A74209C19F3F0D1A6A112F5.e.12676/click - {}
RESULT: {}
RESULT: {}
COMMAND: GET /session/4ca0da1f05d229fab0c05732b1ad37d0/screenshot - {}
RESULT: {}
COMMAND: POST /session/4ca0da1f05d229fab0c05732b1ad37d0/execute/async - {"script":"<script> [1562 bytes]","args":[{"selector":{"id":"application-managehandovers-display-component---AddNewHO--smartFilterBar-btnBasicSearch","searchOpenDialogs":true,"interaction":{"idSuffix":"I"}},"wdio_ui5_key":"applicationmanagehandovers-display-component---AddNewHO--smartFilterBar-btnBasicSearch"}]}
RESULT: {"script":"<script> [1562 bytes]","args":[{"selector":{"id":"application-managehandovers-display-component---AddNewHO--smartFilterBar-btnBasicSearch","searchOpenDialogs":true,"interaction":{"idSuffix":"I"}},"wdio_ui5_key":"applicationmanagehandovers-display-component---AddNewHO--smartFilterBar-btnBasicSearch"}]}
RESULT: undefined
COMMAND: POST /session/4ca0da1f05d229fab0c05732b1ad37d0/execute/async - {"script":"<script> [776 bytes]","args":[{"enterText":"Bo0A8M8VDa","selector":{"id":"application-managehandovers-display-component---AddNewHO--smartFilterBar-btnBasicSearch","searchOpenDialogs":true,"interaction":{"idSuffix":"I"}},"clearTextFirst":true,"interactionType":"ENTER_TEXT"}]}
RESULT: {"script":"<script> [776 bytes]","args":[{"enterText":"Bo0A8M8VDa","selector":{"id":"application-managehandovers-display-component---AddNewHO--smartFilterBar-btnBasicSearch","searchOpenDialogs":true,"interaction":{"idSuffix":"I"}},"clearTextFirst":true,"interactionType":"ENTER_TEXT"}]}
COMMAND: POST /session/4ca0da1f05d229fab0c05732b1ad37d0/actions - {"actions":[{"id":"action49","type":"key","parameters":{},"actions":[{"type":"keyDown","value":"î€‡"},{"type":"pause","duration":10},{"type":"keyUp","value":"î€‡"}]}]}
RESULT: {"actions":[{"id":"action49","type":"key","parameters":{},"actions":[{"type":"keyDown","value":"î€‡"},{"type":"pause","duration":10},{"type":"keyUp","value":"î€‡"}]}]}
COMMAND: GET /session/4ca0da1f05d229fab0c05732b1ad37d0/screenshot - {}
RESULT: {}
COMMAND: POST /session/4ca0da1f05d229fab0c05732b1ad37d0/execute/async - {"script":"<script> [1562 bytes]","args":[{"selector":{"id":"application-managehandovers-display-component---AddNewHO--popup-sa","searchOpenDialogs":true,"interaction":{"idSuffix":"CbBg"}},"wdio_ui5_key":"applicationmanagehandovers-display-component---AddNewHO--popup-sa"}]}
RESULT: {"script":"<script> [1562 bytes]","args":[{"selector":{"id":"application-managehandovers-display-component---AddNewHO--popup-sa","searchOpenDialogs":true,"interaction":{"idSuffix":"CbBg"}},"wdio_ui5_key":"applicationmanagehandovers-display-component---AddNewHO--popup-sa"}]}
RESULT: undefined
COMMAND: POST /session/4ca0da1f05d229fab0c05732b1ad37d0/element - {"using":"xpath","value":"//*[@id=\"application-managehandovers-display-component---AddNewHO--popup-sa\"]"}
RESULT: {"using":"xpath","value":"//*[@id=\"application-managehandovers-display-component---AddNewHO--popup-sa\"]"}
COMMAND: POST /session/4ca0da1f05d229fab0c05732b1ad37d0/element/f.D01EC4AF0A1BFC1E8396569751E97BC9.d.3EA7C9E27A74209C19F3F0D1A6A112F5.e.12829/click - {}
RESULT: {}
COMMAND: GET /session/4ca0da1f05d229fab0c05732b1ad37d0/screenshot - {}
RESULT: {}
COMMAND: POST /session/4ca0da1f05d229fab0c05732b1ad37d0/element - {"using":"xpath","value":"//bdi[contains(text(), \"Select\")]"}
RESULT: {"using":"xpath","value":"//bdi[contains(text(), \"Select\")]"}
COMMAND: POST /session/4ca0da1f05d229fab0c05732b1ad37d0/element/f.D01EC4AF0A1BFC1E8396569751E97BC9.d.3EA7C9E27A74209C19F3F0D1A6A112F5.e.12830/click - {}
RESULT: {}
COMMAND: GET /session/4ca0da1f05d229fab0c05732b1ad37d0/screenshot - {}
RESULT: {}
COMMAND: POST /session/4ca0da1f05d229fab0c05732b1ad37d0/element - {"using":"xpath","value":"//button[@data-kt=\"AddNewHOSaveButton\"]"}
RESULT: {"using":"xpath","value":"//button[@data-kt=\"AddNewHOSaveButton\"]"}
COMMAND: POST /session/4ca0da1f05d229fab0c05732b1ad37d0/element/f.D01EC4AF0A1BFC1E8396569751E97BC9.d.3EA7C9E27A74209C19F3F0D1A6A112F5.e.12834/click - {}
RESULT: {}
COMMAND: GET /session/4ca0da1f05d229fab0c05732b1ad37d0/screenshot - {}
RESULT: {}
COMMAND: POST /session/4ca0da1f05d229fab0c05732b1ad37d0/execute/async - {"script":"<script> [1562 bytes]","args":[{"selector":{"id":"receiptDatePicker","viewName":"etm.portal.ui.managehandovers.view.DetailExecuteHO","interaction":{"idSuffix":"inner"}},"wdio_ui5_key":"receiptDatePickeretmportal.ui.managehandovers.view.DetailExecuteHO"}]}
RESULT: {"script":"<script> [1562 bytes]","args":[{"selector":{"id":"receiptDatePicker","viewName":"etm.portal.ui.managehandovers.view.DetailExecuteHO","interaction":{"idSuffix":"inner"}},"wdio_ui5_key":"receiptDatePickeretmportal.ui.managehandovers.view.DetailExecuteHO"}]}
RESULT: undefined
COMMAND: POST /session/4ca0da1f05d229fab0c05732b1ad37d0/execute/async - {"script":"<script> [6424 bytes]","args":[{"element-6066-11e4-a52e-4f735466cecf":"f.D01EC4AF0A1BFC1E8396569751E97BC9.d.3EA7C9E27A74209C19F3F0D1A6A112F5.e.12866"},"setValue",["04/29/2025"]]}
RESULT: {"script":"<script> [6424 bytes]","args":[{"element-6066-11e4-a52e-4f735466cecf":"f.D01EC4AF0A1BFC1E8396569751E97BC9.d.3EA7C9E27A74209C19F3F0D1A6A112F5.e.12866"},"setValue",["04/29/2025"]]}
COMMAND: POST /session/4ca0da1f05d229fab0c05732b1ad37d0/element - {"using":"xpath","value":"//button[@data-kt=\"PickingTableConfirmAllButton\"]"}
RESULT: {"using":"xpath","value":"//button[@data-kt=\"PickingTableConfirmAllButton\"]"}
COMMAND: POST /session/4ca0da1f05d229fab0c05732b1ad37d0/element/f.D01EC4AF0A1BFC1E8396569751E97BC9.d.3EA7C9E27A74209C19F3F0D1A6A112F5.e.12881/click - {}
RESULT: {}
COMMAND: GET /session/4ca0da1f05d229fab0c05732b1ad37d0/screenshot - {}
RESULT: {}
COMMAND: POST /session/4ca0da1f05d229fab0c05732b1ad37d0/element - {"using":"xpath","value":"//bdi[contains(text(), \"OK\")]"}
RESULT: {"using":"xpath","value":"//bdi[contains(text(), \"OK\")]"}
COMMAND: POST /session/4ca0da1f05d229fab0c05732b1ad37d0/element/f.D01EC4AF0A1BFC1E8396569751E97BC9.d.3EA7C9E27A74209C19F3F0D1A6A112F5.e.12883/click - {}
RESULT: {}
COMMAND: GET /session/4ca0da1f05d229fab0c05732b1ad37d0/screenshot - {}
RESULT: {}
COMMAND: POST /session/4ca0da1f05d229fab0c05732b1ad37d0/element - {"using":"xpath","value":"(//bdi[contains(text(), \"Receive\")])[2]"}
RESULT: {"using":"xpath","value":"(//bdi[contains(text(), \"Receive\")])[2]"}
COMMAND: POST /session/4ca0da1f05d229fab0c05732b1ad37d0/element/f.D01EC4AF0A1BFC1E8396569751E97BC9.d.3EA7C9E27A74209C19F3F0D1A6A112F5.e.12885/click - {}
RESULT: {}
COMMAND: GET /session/4ca0da1f05d229fab0c05732b1ad37d0/screenshot - {}
RESULT: {}
COMMAND: POST /session/4ca0da1f05d229fab0c05732b1ad37d0/element - {"using":"css selector","value":"#shell-header-logo"}
RESULT: {"using":"css selector","value":"#shell-header-logo"}
COMMAND: POST /session/4ca0da1f05d229fab0c05732b1ad37d0/element/f.D01EC4AF0A1BFC1E8396569751E97BC9.d.3EA7C9E27A74209C19F3F0D1A6A112F5.e.12250/click - {}
RESULT: {}
COMMAND: GET /session/4ca0da1f05d229fab0c05732b1ad37d0/screenshot - {}
RESULT: {}
]]></system-out>
    </testcase>
    <testcase classname="chrome.135_0_7049_96.windows.Performance_based_billing_(work_days)_US139742" name="Should create a new contract" time="56.423">
      <system-out><![CDATA[
COMMAND: POST /session/4ca0da1f05d229fab0c05732b1ad37d0/execute/async - {"script":"<script> [1562 bytes]","args":[{"selector":{"controlType":"sap.m.Text","viewName":"etm.portal.ui.managecontractstile.view.Master","properties":{"text":"Manage Contracts"},"interaction":{"idSuffix":"inner"}},"wdio_ui5_key":"etmportal.ui.managecontractstile.view.Mastersap.m.Text{\"text\":\"Manage Contracts\"}"}]}
RESULT: {"script":"<script> [1562 bytes]","args":[{"selector":{"controlType":"sap.m.Text","viewName":"etm.portal.ui.managecontractstile.view.Master","properties":{"text":"Manage Contracts"},"interaction":{"idSuffix":"inner"}},"wdio_ui5_key":"etmportal.ui.managecontractstile.view.Mastersap.m.Text{\"text\":\"Manage Contracts\"}"}]}
RESULT: undefined
COMMAND: POST /session/4ca0da1f05d229fab0c05732b1ad37d0/element - {"using":"xpath","value":"//*[@id=\"__tile130-title\"]"}
RESULT: {"using":"xpath","value":"//*[@id=\"__tile130-title\"]"}
COMMAND: POST /session/4ca0da1f05d229fab0c05732b1ad37d0/element/f.D01EC4AF0A1BFC1E8396569751E97BC9.d.3EA7C9E27A74209C19F3F0D1A6A112F5.e.13240/click - {}
RESULT: {}
COMMAND: GET /session/4ca0da1f05d229fab0c05732b1ad37d0/screenshot - {}
COMMAND: POST /session/4ca0da1f05d229fab0c05732b1ad37d0/element - {"using":"xpath","value":"//button[@data-kt=\"addButton\"]"}
RESULT: {}
RESULT: {"using":"xpath","value":"//button[@data-kt=\"addButton\"]"}
COMMAND: POST /session/4ca0da1f05d229fab0c05732b1ad37d0/elements - {"using":"xpath","value":"//button[@data-kt=\"addButton\"]"}
RESULT: {"using":"xpath","value":"//button[@data-kt=\"addButton\"]"}
COMMAND: POST /session/4ca0da1f05d229fab0c05732b1ad37d0/execute/sync - {"script":"<script> [8489 bytes]","args":[{"element-6066-11e4-a52e-4f735466cecf":"f.D01EC4AF0A1BFC1E8396569751E97BC9.d.3EA7C9E27A74209C19F3F0D1A6A112F5.e.13311","ELEMENT":"f.D01EC4AF0A1BFC1E8396569751E97BC9.d.3EA7C9E27A74209C19F3F0D1A6A112F5.e.13311"}]}
RESULT: {"script":"<script> [8489 bytes]","args":[{"element-6066-11e4-a52e-4f735466cecf":"f.D01EC4AF0A1BFC1E8396569751E97BC9.d.3EA7C9E27A74209C19F3F0D1A6A112F5.e.13311","ELEMENT":"f.D01EC4AF0A1BFC1E8396569751E97BC9.d.3EA7C9E27A74209C19F3F0D1A6A112F5.e.13311"}]}
COMMAND: GET /session/4ca0da1f05d229fab0c05732b1ad37d0/element/f.D01EC4AF0A1BFC1E8396569751E97BC9.d.3EA7C9E27A74209C19F3F0D1A6A112F5.e.13311/enabled - {}
COMMAND: GET /session/4ca0da1f05d229fab0c05732b1ad37d0/screenshot - {}
RESULT: {}
COMMAND: POST /session/4ca0da1f05d229fab0c05732b1ad37d0/execute/sync - {"script":"<script> [8489 bytes]","args":[{"element-6066-11e4-a52e-4f735466cecf":"f.D01EC4AF0A1BFC1E8396569751E97BC9.d.3EA7C9E27A74209C19F3F0D1A6A112F5.e.13311","ELEMENT":"f.D01EC4AF0A1BFC1E8396569751E97BC9.d.3EA7C9E27A74209C19F3F0D1A6A112F5.e.13311"}]}
COMMAND: GET /session/4ca0da1f05d229fab0c05732b1ad37d0/screenshot - {}
RESULT: {}
RESULT: {"script":"<script> [8489 bytes]","args":[{"element-6066-11e4-a52e-4f735466cecf":"f.D01EC4AF0A1BFC1E8396569751E97BC9.d.3EA7C9E27A74209C19F3F0D1A6A112F5.e.13311","ELEMENT":"f.D01EC4AF0A1BFC1E8396569751E97BC9.d.3EA7C9E27A74209C19F3F0D1A6A112F5.e.13311"}]}
COMMAND: POST /session/4ca0da1f05d229fab0c05732b1ad37d0/execute/sync - {"script":"<script> [5351 bytes]","args":[{"element-6066-11e4-a52e-4f735466cecf":"f.D01EC4AF0A1BFC1E8396569751E97BC9.d.3EA7C9E27A74209C19F3F0D1A6A112F5.e.13311","ELEMENT":"f.D01EC4AF0A1BFC1E8396569751E97BC9.d.3EA7C9E27A74209C19F3F0D1A6A112F5.e.13311"}]}
COMMAND: GET /session/4ca0da1f05d229fab0c05732b1ad37d0/screenshot - {}
RESULT: {}
RESULT: {"script":"<script> [5351 bytes]","args":[{"element-6066-11e4-a52e-4f735466cecf":"f.D01EC4AF0A1BFC1E8396569751E97BC9.d.3EA7C9E27A74209C19F3F0D1A6A112F5.e.13311","ELEMENT":"f.D01EC4AF0A1BFC1E8396569751E97BC9.d.3EA7C9E27A74209C19F3F0D1A6A112F5.e.13311"}]}
COMMAND: GET /session/4ca0da1f05d229fab0c05732b1ad37d0/screenshot - {}
RESULT: {}
RESULT: {}
COMMAND: POST /session/4ca0da1f05d229fab0c05732b1ad37d0/element/f.D01EC4AF0A1BFC1E8396569751E97BC9.d.3EA7C9E27A74209C19F3F0D1A6A112F5.e.13311/click - {}
RESULT: {}
COMMAND: GET /session/4ca0da1f05d229fab0c05732b1ad37d0/screenshot - {}
RESULT: {}
COMMAND: POST /session/4ca0da1f05d229fab0c05732b1ad37d0/execute/async - {"script":"<script> [1562 bytes]","args":[{"selector":{"id":"application-managecontracts-display-component---AddNewContract--projectDescription","interaction":{"idSuffix":"inner"}},"wdio_ui5_key":"applicationmanagecontracts-display-component---AddNewContract--projectDescription"}]}
RESULT: {"script":"<script> [1562 bytes]","args":[{"selector":{"id":"application-managecontracts-display-component---AddNewContract--projectDescription","interaction":{"idSuffix":"inner"}},"wdio_ui5_key":"applicationmanagecontracts-display-component---AddNewContract--projectDescription"}]}
RESULT: undefined
COMMAND: POST /session/4ca0da1f05d229fab0c05732b1ad37d0/execute/async - {"script":"<script> [776 bytes]","args":[{"enterText":"Performance Contract WDIO","selector":{"id":"application-managecontracts-display-component---AddNewContract--projectDescription","interaction":{"idSuffix":"inner"}},"clearTextFirst":true,"interactionType":"ENTER_TEXT"}]}
RESULT: {"script":"<script> [776 bytes]","args":[{"enterText":"Performance Contract WDIO","selector":{"id":"application-managecontracts-display-component---AddNewContract--projectDescription","interaction":{"idSuffix":"inner"}},"clearTextFirst":true,"interactionType":"ENTER_TEXT"}]}
COMMAND: POST /session/4ca0da1f05d229fab0c05732b1ad37d0/element - {"using":"xpath","value":"//input[@id=\"application-managecontracts-display-component---AddNewContract--site-inner\"]"}
RESULT: {"using":"xpath","value":"//input[@id=\"application-managecontracts-display-component---AddNewContract--site-inner\"]"}
COMMAND: POST /session/4ca0da1f05d229fab0c05732b1ad37d0/element/f.D01EC4AF0A1BFC1E8396569751E97BC9.d.3EA7C9E27A74209C19F3F0D1A6A112F5.e.13605/clear - {}
RESULT: {}
COMMAND: POST /session/4ca0da1f05d229fab0c05732b1ad37d0/element/f.D01EC4AF0A1BFC1E8396569751E97BC9.d.3EA7C9E27A74209C19F3F0D1A6A112F5.e.13605/value - {"text":"2255"}
COMMAND: GET /session/4ca0da1f05d229fab0c05732b1ad37d0/screenshot - {}
RESULT: {"text":"2255"}
COMMAND: GET /session/4ca0da1f05d229fab0c05732b1ad37d0/screenshot - {}
RESULT: {}
RESULT: {}
COMMAND: POST /session/4ca0da1f05d229fab0c05732b1ad37d0/element - {"using":"xpath","value":"//li[.//span[text()='2255']]"}
RESULT: {"using":"xpath","value":"//li[.//span[text()='2255']]"}
COMMAND: POST /session/4ca0da1f05d229fab0c05732b1ad37d0/element/f.D01EC4AF0A1BFC1E8396569751E97BC9.d.3EA7C9E27A74209C19F3F0D1A6A112F5.e.13630/click - {}
RESULT: {}
COMMAND: GET /session/4ca0da1f05d229fab0c05732b1ad37d0/screenshot - {}
RESULT: {}
COMMAND: POST /session/4ca0da1f05d229fab0c05732b1ad37d0/element - {"using":"xpath","value":"//input[@id=\"application-managecontracts-display-component---AddNewContract--yardId-inner\"]"}
RESULT: {"using":"xpath","value":"//input[@id=\"application-managecontracts-display-component---AddNewContract--yardId-inner\"]"}
COMMAND: GET /session/4ca0da1f05d229fab0c05732b1ad37d0/element/f.D01EC4AF0A1BFC1E8396569751E97BC9.d.3EA7C9E27A74209C19F3F0D1A6A112F5.e.13606/property/value - {}
RESULT: {}
COMMAND: POST /session/4ca0da1f05d229fab0c05732b1ad37d0/element - {"using":"xpath","value":"//input[@id=\"application-managecontracts-display-component---AddNewContract--customerSelect-inner\"]"}
COMMAND: GET /session/4ca0da1f05d229fab0c05732b1ad37d0/screenshot - {}
RESULT: {"using":"xpath","value":"//input[@id=\"application-managecontracts-display-component---AddNewContract--customerSelect-inner\"]"}
COMMAND: POST /session/4ca0da1f05d229fab0c05732b1ad37d0/element/f.D01EC4AF0A1BFC1E8396569751E97BC9.d.3EA7C9E27A74209C19F3F0D1A6A112F5.e.13604/clear - {}
RESULT: {}
RESULT: {}
COMMAND: POST /session/4ca0da1f05d229fab0c05732b1ad37d0/element/f.D01EC4AF0A1BFC1E8396569751E97BC9.d.3EA7C9E27A74209C19F3F0D1A6A112F5.e.13604/value - {"text":"1281"}
COMMAND: GET /session/4ca0da1f05d229fab0c05732b1ad37d0/screenshot - {}
RESULT: {"text":"1281"}
COMMAND: GET /session/4ca0da1f05d229fab0c05732b1ad37d0/screenshot - {}
RESULT: {}
RESULT: {}
COMMAND: POST /session/4ca0da1f05d229fab0c05732b1ad37d0/element - {"using":"xpath","value":"//li[.//span[text()='1281']]"}
RESULT: {"using":"xpath","value":"//li[.//span[text()='1281']]"}
COMMAND: POST /session/4ca0da1f05d229fab0c05732b1ad37d0/element/f.D01EC4AF0A1BFC1E8396569751E97BC9.d.3EA7C9E27A74209C19F3F0D1A6A112F5.e.13633/click - {}
RESULT: {}
COMMAND: GET /session/4ca0da1f05d229fab0c05732b1ad37d0/screenshot - {}
RESULT: {}
COMMAND: POST /session/4ca0da1f05d229fab0c05732b1ad37d0/element - {"using":"xpath","value":"//button[@data-kt=\"saveButton\"]"}
RESULT: {"using":"xpath","value":"//button[@data-kt=\"saveButton\"]"}
COMMAND: POST /session/4ca0da1f05d229fab0c05732b1ad37d0/element/f.D01EC4AF0A1BFC1E8396569751E97BC9.d.3EA7C9E27A74209C19F3F0D1A6A112F5.e.13623/click - {}
RESULT: {}
COMMAND: GET /session/4ca0da1f05d229fab0c05732b1ad37d0/screenshot - {}
RESULT: {}
COMMAND: POST /session/4ca0da1f05d229fab0c05732b1ad37d0/element - {"using":"xpath","value":"//span[contains(@id ,\"contractDetailTitleNoExpanded\")]"}
RESULT: {"using":"xpath","value":"//span[contains(@id ,\"contractDetailTitleNoExpanded\")]"}
COMMAND: POST /session/4ca0da1f05d229fab0c05732b1ad37d0/elements - {"using":"xpath","value":"//span[contains(@id ,\"contractDetailTitleNoExpanded\")]"}
RESULT: {"using":"xpath","value":"//span[contains(@id ,\"contractDetailTitleNoExpanded\")]"}
COMMAND: POST /session/4ca0da1f05d229fab0c05732b1ad37d0/execute/sync - {"script":"<script> [56 bytes]","args":[{"element-6066-11e4-a52e-4f735466cecf":"f.D01EC4AF0A1BFC1E8396569751E97BC9.d.3EA7C9E27A74209C19F3F0D1A6A112F5.e.13705","ELEMENT":"f.D01EC4AF0A1BFC1E8396569751E97BC9.d.3EA7C9E27A74209C19F3F0D1A6A112F5.e.13705"}]}
RESULT: {"script":"<script> [56 bytes]","args":[{"element-6066-11e4-a52e-4f735466cecf":"f.D01EC4AF0A1BFC1E8396569751E97BC9.d.3EA7C9E27A74209C19F3F0D1A6A112F5.e.13705","ELEMENT":"f.D01EC4AF0A1BFC1E8396569751E97BC9.d.3EA7C9E27A74209C19F3F0D1A6A112F5.e.13705"}]}
COMMAND: GET /session/4ca0da1f05d229fab0c05732b1ad37d0/screenshot - {}
RESULT: {}
]]></system-out>
    </testcase>
    <testcase classname="chrome.135_0_7049_96.windows.Performance_based_billing_(work_days)_US139742" name="Should add equipment to the contract" time="50.873">
      <system-out><![CDATA[
COMMAND: POST /session/4ca0da1f05d229fab0c05732b1ad37d0/element - {"using":"xpath","value":"//button[@data-kt=\"contractDetailEditBtnButton\"]"}
RESULT: {"using":"xpath","value":"//button[@data-kt=\"contractDetailEditBtnButton\"]"}
COMMAND: POST /session/4ca0da1f05d229fab0c05732b1ad37d0/element/f.D01EC4AF0A1BFC1E8396569751E97BC9.d.3EA7C9E27A74209C19F3F0D1A6A112F5.e.13707/click - {}
RESULT: {}
COMMAND: GET /session/4ca0da1f05d229fab0c05732b1ad37d0/screenshot - {}
RESULT: {}
COMMAND: POST /session/4ca0da1f05d229fab0c05732b1ad37d0/element - {"using":"xpath","value":"(//span[contains(text(), \"Additional Addresses\")])[2]"}
RESULT: {"using":"xpath","value":"(//span[contains(text(), \"Additional Addresses\")])[2]"}
COMMAND: POST /session/4ca0da1f05d229fab0c05732b1ad37d0/element/f.D01EC4AF0A1BFC1E8396569751E97BC9.d.3EA7C9E27A74209C19F3F0D1A6A112F5.e.13761/click - {}
RESULT: {}
COMMAND: GET /session/4ca0da1f05d229fab0c05732b1ad37d0/screenshot - {}
RESULT: {}
COMMAND: POST /session/4ca0da1f05d229fab0c05732b1ad37d0/element - {"using":"xpath","value":"//button[@data-kt=\"btnAddTableRowOverflowToolbarButton\"]"}
RESULT: {"using":"xpath","value":"//button[@data-kt=\"btnAddTableRowOverflowToolbarButton\"]"}
COMMAND: POST /session/4ca0da1f05d229fab0c05732b1ad37d0/element/f.D01EC4AF0A1BFC1E8396569751E97BC9.d.3EA7C9E27A74209C19F3F0D1A6A112F5.e.13765/click - {}
RESULT: {}
COMMAND: GET /session/4ca0da1f05d229fab0c05732b1ad37d0/screenshot - {}
RESULT: {}
COMMAND: POST /session/4ca0da1f05d229fab0c05732b1ad37d0/element - {"using":"xpath","value":"//div[(text() = 'Standard Entry' or . = 'Standard Entry')]"}
RESULT: {"using":"xpath","value":"//div[(text() = 'Standard Entry' or . = 'Standard Entry')]"}
COMMAND: POST /session/4ca0da1f05d229fab0c05732b1ad37d0/element/f.D01EC4AF0A1BFC1E8396569751E97BC9.d.3EA7C9E27A74209C19F3F0D1A6A112F5.e.13767/click - {}
RESULT: {}
COMMAND: GET /session/4ca0da1f05d229fab0c05732b1ad37d0/screenshot - {}
RESULT: {}
COMMAND: POST /session/4ca0da1f05d229fab0c05732b1ad37d0/element - {"using":"xpath","value":"//td[7]/div/div/input"}
RESULT: {"using":"xpath","value":"//td[7]/div/div/input"}
COMMAND: POST /session/4ca0da1f05d229fab0c05732b1ad37d0/element/f.D01EC4AF0A1BFC1E8396569751E97BC9.d.3EA7C9E27A74209C19F3F0D1A6A112F5.e.13776/clear - {}
RESULT: {}
COMMAND: POST /session/4ca0da1f05d229fab0c05732b1ad37d0/element/f.D01EC4AF0A1BFC1E8396569751E97BC9.d.3EA7C9E27A74209C19F3F0D1A6A112F5.e.13776/value - {"text":"Bo0A8M8VDa"}
COMMAND: GET /session/4ca0da1f05d229fab0c05732b1ad37d0/screenshot - {}
RESULT: {"text":"Bo0A8M8VDa"}
COMMAND: GET /session/4ca0da1f05d229fab0c05732b1ad37d0/screenshot - {}
RESULT: {}
RESULT: {}
COMMAND: POST /session/4ca0da1f05d229fab0c05732b1ad37d0/actions - {"actions":[{"id":"action50","type":"key","parameters":{},"actions":[{"type":"keyDown","value":"î€‡"},{"type":"pause","duration":10},{"type":"keyUp","value":"î€‡"}]}]}
RESULT: {"actions":[{"id":"action50","type":"key","parameters":{},"actions":[{"type":"keyDown","value":"î€‡"},{"type":"pause","duration":10},{"type":"keyUp","value":"î€‡"}]}]}
COMMAND: GET /session/4ca0da1f05d229fab0c05732b1ad37d0/screenshot - {}
RESULT: {}
COMMAND: POST /session/4ca0da1f05d229fab0c05732b1ad37d0/element - {"using":"xpath","value":"(//button[@data-kt=\"saveButton\"])[2]"}
RESULT: {"using":"xpath","value":"(//button[@data-kt=\"saveButton\"])[2]"}
COMMAND: POST /session/4ca0da1f05d229fab0c05732b1ad37d0/element/f.D01EC4AF0A1BFC1E8396569751E97BC9.d.3EA7C9E27A74209C19F3F0D1A6A112F5.e.13791/click - {}
RESULT: {}
COMMAND: GET /session/4ca0da1f05d229fab0c05732b1ad37d0/screenshot - {}
RESULT: {}
COMMAND: POST /session/4ca0da1f05d229fab0c05732b1ad37d0/element - {"using":"xpath","value":"//span[contains(@id ,\"contractItemsSmartTable-header-inner\")]"}
RESULT: {"using":"xpath","value":"//span[contains(@id ,\"contractItemsSmartTable-header-inner\")]"}
COMMAND: POST /session/4ca0da1f05d229fab0c05732b1ad37d0/elements - {"using":"xpath","value":"//span[contains(@id ,\"contractItemsSmartTable-header-inner\")]"}
RESULT: {"using":"xpath","value":"//span[contains(@id ,\"contractItemsSmartTable-header-inner\")]"}
COMMAND: POST /session/4ca0da1f05d229fab0c05732b1ad37d0/execute/sync - {"script":"<script> [56 bytes]","args":[{"element-6066-11e4-a52e-4f735466cecf":"f.D01EC4AF0A1BFC1E8396569751E97BC9.d.3EA7C9E27A74209C19F3F0D1A6A112F5.e.13797","ELEMENT":"f.D01EC4AF0A1BFC1E8396569751E97BC9.d.3EA7C9E27A74209C19F3F0D1A6A112F5.e.13797"}]}
RESULT: {"script":"<script> [56 bytes]","args":[{"element-6066-11e4-a52e-4f735466cecf":"f.D01EC4AF0A1BFC1E8396569751E97BC9.d.3EA7C9E27A74209C19F3F0D1A6A112F5.e.13797","ELEMENT":"f.D01EC4AF0A1BFC1E8396569751E97BC9.d.3EA7C9E27A74209C19F3F0D1A6A112F5.e.13797"}]}
]]></system-out>
    </testcase>
    <testcase classname="chrome.135_0_7049_96.windows.Performance_based_billing_(work_days)_US139742" name="Should do a provide to site handover" time="59.789">
      <system-out><![CDATA[
COMMAND: POST /session/4ca0da1f05d229fab0c05732b1ad37d0/element - {"using":"xpath","value":"//button[@data-kt=\"provideButton\"]"}
COMMAND: GET /session/4ca0da1f05d229fab0c05732b1ad37d0/screenshot - {}
RESULT: {"using":"xpath","value":"//button[@data-kt=\"provideButton\"]"}
COMMAND: POST /session/4ca0da1f05d229fab0c05732b1ad37d0/element/f.D01EC4AF0A1BFC1E8396569751E97BC9.d.3EA7C9E27A74209C19F3F0D1A6A112F5.e.13798/click - {}
RESULT: {}
RESULT: {}
COMMAND: GET /session/4ca0da1f05d229fab0c05732b1ad37d0/screenshot - {}
RESULT: {}
RESULT: undefined
COMMAND: POST /session/4ca0da1f05d229fab0c05732b1ad37d0/execute/async - {"script":"<script> [6424 bytes]","args":[{"element-6066-11e4-a52e-4f735466cecf":"f.D01EC4AF0A1BFC1E8396569751E97BC9.d.3EA7C9E27A74209C19F3F0D1A6A112F5.e.12650"},"setValue",["04/29/2025"]]}
COMMAND: POST /session/4ca0da1f05d229fab0c05732b1ad37d0/execute/async - {"script":"<script> [1562 bytes]","args":[{"selector":{"id":"application-managehandovers-display-component---AddNewHO--dueDate","interaction":{"idSuffix":"inner"}},"wdio_ui5_key":"applicationmanagehandovers-display-component---AddNewHO--dueDate"}]}
RESULT: {"script":"<script> [1562 bytes]","args":[{"selector":{"id":"application-managehandovers-display-component---AddNewHO--dueDate","interaction":{"idSuffix":"inner"}},"wdio_ui5_key":"applicationmanagehandovers-display-component---AddNewHO--dueDate"}]}
COMMAND: POST /session/4ca0da1f05d229fab0c05732b1ad37d0/execute/async - {"script":"<script> [6424 bytes]","args":[{"element-6066-11e4-a52e-4f735466cecf":"f.D01EC4AF0A1BFC1E8396569751E97BC9.d.3EA7C9E27A74209C19F3F0D1A6A112F5.e.13856"},"setValue",["04/29/2025"]]}
RESULT: {"script":"<script> [6424 bytes]","args":[{"element-6066-11e4-a52e-4f735466cecf":"f.D01EC4AF0A1BFC1E8396569751E97BC9.d.3EA7C9E27A74209C19F3F0D1A6A112F5.e.13856"},"setValue",["04/29/2025"]]}
COMMAND: POST /session/4ca0da1f05d229fab0c05732b1ad37d0/element - {"using":"xpath","value":"//bdi[contains(text(), \"Instructions\")]"}
RESULT: {"using":"xpath","value":"//bdi[contains(text(), \"Instructions\")]"}
COMMAND: POST /session/4ca0da1f05d229fab0c05732b1ad37d0/element/f.D01EC4AF0A1BFC1E8396569751E97BC9.d.3EA7C9E27A74209C19F3F0D1A6A112F5.e.14112/click - {}
RESULT: {}
COMMAND: GET /session/4ca0da1f05d229fab0c05732b1ad37d0/screenshot - {}
RESULT: {}
COMMAND: POST /session/4ca0da1f05d229fab0c05732b1ad37d0/element - {"using":"xpath","value":"//button[@data-kt=\"AddNewHOProvideAddItemsButton\"]"}
RESULT: {"using":"xpath","value":"//button[@data-kt=\"AddNewHOProvideAddItemsButton\"]"}
COMMAND: POST /session/4ca0da1f05d229fab0c05732b1ad37d0/element/f.D01EC4AF0A1BFC1E8396569751E97BC9.d.3EA7C9E27A74209C19F3F0D1A6A112F5.e.14116/click - {}
RESULT: {}
COMMAND: GET /session/4ca0da1f05d229fab0c05732b1ad37d0/screenshot - {}
RESULT: {}
RESULT: undefined
COMMAND: POST /session/4ca0da1f05d229fab0c05732b1ad37d0/element - {"using":"xpath","value":"//*[@id=\"application-managehandovers-display-component---AddNewHO--popup-sa\"]"}
RESULT: {"using":"xpath","value":"//*[@id=\"application-managehandovers-display-component---AddNewHO--popup-sa\"]"}
COMMAND: POST /session/4ca0da1f05d229fab0c05732b1ad37d0/element/f.D01EC4AF0A1BFC1E8396569751E97BC9.d.3EA7C9E27A74209C19F3F0D1A6A112F5.e.14131/click - {}
RESULT: {}
COMMAND: GET /session/4ca0da1f05d229fab0c05732b1ad37d0/screenshot - {}
RESULT: {}
COMMAND: POST /session/4ca0da1f05d229fab0c05732b1ad37d0/element - {"using":"xpath","value":"//*[contains(@id ,\"BDI-content\")][contains(text(), \"Select\")]"}
RESULT: {"using":"xpath","value":"//*[contains(@id ,\"BDI-content\")][contains(text(), \"Select\")]"}
COMMAND: POST /session/4ca0da1f05d229fab0c05732b1ad37d0/element/f.D01EC4AF0A1BFC1E8396569751E97BC9.d.3EA7C9E27A74209C19F3F0D1A6A112F5.e.14133/click - {}
RESULT: {}
COMMAND: GET /session/4ca0da1f05d229fab0c05732b1ad37d0/screenshot - {}
RESULT: {}
COMMAND: POST /session/4ca0da1f05d229fab0c05732b1ad37d0/execute/async - {"script":"<script> [1562 bytes]","args":[{"selector":{"id":"application-managehandovers-display-component---AddNewHO--confirmCreationButton","interaction":{"idSuffix":"BDI-content"}},"wdio_ui5_key":"applicationmanagehandovers-display-component---AddNewHO--confirmCreationButton"}]}
RESULT: {"script":"<script> [1562 bytes]","args":[{"selector":{"id":"application-managehandovers-display-component---AddNewHO--confirmCreationButton","interaction":{"idSuffix":"BDI-content"}},"wdio_ui5_key":"applicationmanagehandovers-display-component---AddNewHO--confirmCreationButton"}]}
RESULT: undefined
COMMAND: POST /session/4ca0da1f05d229fab0c05732b1ad37d0/element - {"using":"xpath","value":"//*[@id=\"application-managehandovers-display-component---AddNewHO--confirmCreationButton\"]"}
RESULT: {"using":"xpath","value":"//*[@id=\"application-managehandovers-display-component---AddNewHO--confirmCreationButton\"]"}
COMMAND: POST /session/4ca0da1f05d229fab0c05732b1ad37d0/element/f.D01EC4AF0A1BFC1E8396569751E97BC9.d.3EA7C9E27A74209C19F3F0D1A6A112F5.e.13922/click - {}
RESULT: {}
COMMAND: GET /session/4ca0da1f05d229fab0c05732b1ad37d0/screenshot - {}
RESULT: {}
COMMAND: POST /session/4ca0da1f05d229fab0c05732b1ad37d0/element - {"using":"xpath","value":"//button[@data-kt=\"PickingTableConfirmAllButton\"]"}
RESULT: {"using":"xpath","value":"//button[@data-kt=\"PickingTableConfirmAllButton\"]"}
COMMAND: POST /session/4ca0da1f05d229fab0c05732b1ad37d0/elements - {"using":"xpath","value":"//button[@data-kt=\"PickingTableConfirmAllButton\"]"}
RESULT: {"using":"xpath","value":"//button[@data-kt=\"PickingTableConfirmAllButton\"]"}
COMMAND: POST /session/4ca0da1f05d229fab0c05732b1ad37d0/elements - {"using":"xpath","value":"//button[@data-kt=\"PickingTableConfirmAllButton\"]"}
RESULT: {"using":"xpath","value":"//button[@data-kt=\"PickingTableConfirmAllButton\"]"}
COMMAND: POST /session/4ca0da1f05d229fab0c05732b1ad37d0/element - {"using":"xpath","value":"//button[@data-kt=\"PickingTableConfirmAllButton\"]"}
RESULT: {"using":"xpath","value":"//button[@data-kt=\"PickingTableConfirmAllButton\"]"}
COMMAND: POST /session/4ca0da1f05d229fab0c05732b1ad37d0/element/f.D01EC4AF0A1BFC1E8396569751E97BC9.d.3EA7C9E27A74209C19F3F0D1A6A112F5.e.14171/click - {}
COMMAND: POST /session/4ca0da1f05d229fab0c05732b1ad37d0/element - {"using":"xpath","value":"//button[@data-kt=\"PickingTableConfirmAllButton\"]"}
RESULT: {"using":"xpath","value":"//button[@data-kt=\"PickingTableConfirmAllButton\"]"}
COMMAND: POST /session/4ca0da1f05d229fab0c05732b1ad37d0/element/f.D01EC4AF0A1BFC1E8396569751E97BC9.d.3EA7C9E27A74209C19F3F0D1A6A112F5.e.14171/click - {}
COMMAND: POST /session/4ca0da1f05d229fab0c05732b1ad37d0/element - {"using":"xpath","value":"//button[@data-kt=\"PickingTableConfirmAllButton\"]"}
RESULT: {"using":"xpath","value":"//button[@data-kt=\"PickingTableConfirmAllButton\"]"}
COMMAND: POST /session/4ca0da1f05d229fab0c05732b1ad37d0/element/f.D01EC4AF0A1BFC1E8396569751E97BC9.d.3EA7C9E27A74209C19F3F0D1A6A112F5.e.14190/click - {}
RESULT: {}
COMMAND: GET /session/4ca0da1f05d229fab0c05732b1ad37d0/screenshot - {}
RESULT: {}
COMMAND: POST /session/4ca0da1f05d229fab0c05732b1ad37d0/element - {"using":"xpath","value":"//bdi[contains(text(), \"OK\")]"}
RESULT: {"using":"xpath","value":"//bdi[contains(text(), \"OK\")]"}
COMMAND: POST /session/4ca0da1f05d229fab0c05732b1ad37d0/element/f.D01EC4AF0A1BFC1E8396569751E97BC9.d.3EA7C9E27A74209C19F3F0D1A6A112F5.e.14195/click - {}
RESULT: {}
COMMAND: GET /session/4ca0da1f05d229fab0c05732b1ad37d0/screenshot - {}
RESULT: {}
COMMAND: POST /session/4ca0da1f05d229fab0c05732b1ad37d0/element - {"using":"xpath","value":"//bdi[contains(text(), \"Ok\")]"}
RESULT: {"using":"xpath","value":"//bdi[contains(text(), \"Ok\")]"}
COMMAND: POST /session/4ca0da1f05d229fab0c05732b1ad37d0/element/f.D01EC4AF0A1BFC1E8396569751E97BC9.d.3EA7C9E27A74209C19F3F0D1A6A112F5.e.14204/click - {}
RESULT: {}
COMMAND: GET /session/4ca0da1f05d229fab0c05732b1ad37d0/screenshot - {}
RESULT: {}
COMMAND: POST /session/4ca0da1f05d229fab0c05732b1ad37d0/element - {"using":"xpath","value":"//bdi[contains(text(), \"Issue\")]"}
RESULT: {"using":"xpath","value":"//bdi[contains(text(), \"Issue\")]"}
COMMAND: POST /session/4ca0da1f05d229fab0c05732b1ad37d0/element/f.D01EC4AF0A1BFC1E8396569751E97BC9.d.3EA7C9E27A74209C19F3F0D1A6A112F5.e.14206/click - {}
RESULT: {}
COMMAND: GET /session/4ca0da1f05d229fab0c05732b1ad37d0/screenshot - {}
RESULT: {}
COMMAND: POST /session/4ca0da1f05d229fab0c05732b1ad37d0/element - {"using":"css selector","value":"#shell-header-logo"}
RESULT: {"using":"css selector","value":"#shell-header-logo"}
COMMAND: POST /session/4ca0da1f05d229fab0c05732b1ad37d0/element/f.D01EC4AF0A1BFC1E8396569751E97BC9.d.3EA7C9E27A74209C19F3F0D1A6A112F5.e.13243/click - {}
RESULT: {}
COMMAND: GET /session/4ca0da1f05d229fab0c05732b1ad37d0/screenshot - {}
RESULT: {}
]]></system-out>
    </testcase>
    <testcase classname="chrome.135_0_7049_96.windows.Performance_based_billing_(work_days)_US139742" name="Should create a few performance documents" time="96.998">
      <system-out><![CDATA[
COMMAND: POST /session/4ca0da1f05d229fab0c05732b1ad37d0/window/fullscreen - {}
RESULT: {}
COMMAND: POST /session/4ca0da1f05d229fab0c05732b1ad37d0/execute/async - {"script":"<script> [1562 bytes]","args":[{"selector":{"controlType":"sap.m.GenericTile","properties":{"header":"Manage States & Performance"}},"wdio_ui5_key":"sapm.GenericTile{\"header\":\"Manage States & Performance\"}"}]}
RESULT: {"script":"<script> [1562 bytes]","args":[{"selector":{"controlType":"sap.m.GenericTile","properties":{"header":"Manage States & Performance"}},"wdio_ui5_key":"sapm.GenericTile{\"header\":\"Manage States & Performance\"}"}]}
RESULT: undefined
COMMAND: POST /session/4ca0da1f05d229fab0c05732b1ad37d0/element - {"using":"xpath","value":"//*[@id=\"__tile56\"]"}
RESULT: {"using":"xpath","value":"//*[@id=\"__tile56\"]"}
COMMAND: POST /session/4ca0da1f05d229fab0c05732b1ad37d0/element/f.D01EC4AF0A1BFC1E8396569751E97BC9.d.3EA7C9E27A74209C19F3F0D1A6A112F5.e.10790/click - {}
RESULT: {}
COMMAND: POST /session/4ca0da1f05d229fab0c05732b1ad37d0/element - {"using":"xpath","value":"//div[@id=\"application-managestatesandperformance-display-component---stateAndPerform--smartFilterBarResources-btnBasicSearch\"]"}
COMMAND: GET /session/4ca0da1f05d229fab0c05732b1ad37d0/screenshot - {}
RESULT: {"using":"xpath","value":"//div[@id=\"application-managestatesandperformance-display-component---stateAndPerform--smartFilterBarResources-btnBasicSearch\"]"}
COMMAND: POST /session/4ca0da1f05d229fab0c05732b1ad37d0/elements - {"using":"xpath","value":"//div[@id=\"application-managestatesandperformance-display-component---stateAndPerform--smartFilterBarResources-btnBasicSearch\"]"}
RESULT: {}
RESULT: {"using":"xpath","value":"//div[@id=\"application-managestatesandperformance-display-component---stateAndPerform--smartFilterBarResources-btnBasicSearch\"]"}
COMMAND: POST /session/4ca0da1f05d229fab0c05732b1ad37d0/execute/sync - {"script":"<script> [8489 bytes]","args":[{"element-6066-11e4-a52e-4f735466cecf":"f.D01EC4AF0A1BFC1E8396569751E97BC9.d.3EA7C9E27A74209C19F3F0D1A6A112F5.e.14455","ELEMENT":"f.D01EC4AF0A1BFC1E8396569751E97BC9.d.3EA7C9E27A74209C19F3F0D1A6A112F5.e.14455"}]}
RESULT: {"script":"<script> [8489 bytes]","args":[{"element-6066-11e4-a52e-4f735466cecf":"f.D01EC4AF0A1BFC1E8396569751E97BC9.d.3EA7C9E27A74209C19F3F0D1A6A112F5.e.14455","ELEMENT":"f.D01EC4AF0A1BFC1E8396569751E97BC9.d.3EA7C9E27A74209C19F3F0D1A6A112F5.e.14455"}]}
COMMAND: GET /session/4ca0da1f05d229fab0c05732b1ad37d0/element/f.D01EC4AF0A1BFC1E8396569751E97BC9.d.3EA7C9E27A74209C19F3F0D1A6A112F5.e.14455/enabled - {}
COMMAND: GET /session/4ca0da1f05d229fab0c05732b1ad37d0/screenshot - {}
RESULT: {}
COMMAND: POST /session/4ca0da1f05d229fab0c05732b1ad37d0/execute/sync - {"script":"<script> [8489 bytes]","args":[{"element-6066-11e4-a52e-4f735466cecf":"f.D01EC4AF0A1BFC1E8396569751E97BC9.d.3EA7C9E27A74209C19F3F0D1A6A112F5.e.14455","ELEMENT":"f.D01EC4AF0A1BFC1E8396569751E97BC9.d.3EA7C9E27A74209C19F3F0D1A6A112F5.e.14455"}]}
COMMAND: GET /session/4ca0da1f05d229fab0c05732b1ad37d0/screenshot - {}
RESULT: {}
RESULT: {"script":"<script> [8489 bytes]","args":[{"element-6066-11e4-a52e-4f735466cecf":"f.D01EC4AF0A1BFC1E8396569751E97BC9.d.3EA7C9E27A74209C19F3F0D1A6A112F5.e.14455","ELEMENT":"f.D01EC4AF0A1BFC1E8396569751E97BC9.d.3EA7C9E27A74209C19F3F0D1A6A112F5.e.14455"}]}
COMMAND: POST /session/4ca0da1f05d229fab0c05732b1ad37d0/execute/sync - {"script":"<script> [5351 bytes]","args":[{"element-6066-11e4-a52e-4f735466cecf":"f.D01EC4AF0A1BFC1E8396569751E97BC9.d.3EA7C9E27A74209C19F3F0D1A6A112F5.e.14455","ELEMENT":"f.D01EC4AF0A1BFC1E8396569751E97BC9.d.3EA7C9E27A74209C19F3F0D1A6A112F5.e.14455"}]}
COMMAND: GET /session/4ca0da1f05d229fab0c05732b1ad37d0/screenshot - {}
RESULT: {}
RESULT: {"script":"<script> [5351 bytes]","args":[{"element-6066-11e4-a52e-4f735466cecf":"f.D01EC4AF0A1BFC1E8396569751E97BC9.d.3EA7C9E27A74209C19F3F0D1A6A112F5.e.14455","ELEMENT":"f.D01EC4AF0A1BFC1E8396569751E97BC9.d.3EA7C9E27A74209C19F3F0D1A6A112F5.e.14455"}]}
COMMAND: POST /session/4ca0da1f05d229fab0c05732b1ad37d0/execute/async - {"script":"<script> [1562 bytes]","args":[{"selector":{"id":"application-managestatesandperformance-display-component---stateAndPerform--smartFilterBarResources-btnBasicSearch","interaction":{"idSuffix":"I"}},"wdio_ui5_key":"applicationmanagestatesandperformance-display-component---stateAndPerform--smartFilterBarResources-btnBasicSearch"}]}
COMMAND: GET /session/4ca0da1f05d229fab0c05732b1ad37d0/screenshot - {}
RESULT: {}
RESULT: {"script":"<script> [1562 bytes]","args":[{"selector":{"id":"application-managestatesandperformance-display-component---stateAndPerform--smartFilterBarResources-btnBasicSearch","interaction":{"idSuffix":"I"}},"wdio_ui5_key":"applicationmanagestatesandperformance-display-component---stateAndPerform--smartFilterBarResources-btnBasicSearch"}]}
RESULT: undefined
COMMAND: POST /session/4ca0da1f05d229fab0c05732b1ad37d0/execute/async - {"script":"<script> [776 bytes]","args":[{"enterText":"Bo0A8M8VDa","selector":{"id":"application-managestatesandperformance-display-component---stateAndPerform--smartFilterBarResources-btnBasicSearch","interaction":{"idSuffix":"I"}},"clearTextFirst":true,"interactionType":"ENTER_TEXT"}]}
RESULT: {}
RESULT: {"script":"<script> [776 bytes]","args":[{"enterText":"Bo0A8M8VDa","selector":{"id":"application-managestatesandperformance-display-component---stateAndPerform--smartFilterBarResources-btnBasicSearch","interaction":{"idSuffix":"I"}},"clearTextFirst":true,"interactionType":"ENTER_TEXT"}]}
COMMAND: POST /session/4ca0da1f05d229fab0c05732b1ad37d0/actions - {"actions":[{"id":"action51","type":"key","parameters":{},"actions":[{"type":"keyDown","value":"î€‡"},{"type":"pause","duration":10},{"type":"keyUp","value":"î€‡"}]}]}
RESULT: {"actions":[{"id":"action51","type":"key","parameters":{},"actions":[{"type":"keyDown","value":"î€‡"},{"type":"pause","duration":10},{"type":"keyUp","value":"î€‡"}]}]}
COMMAND: GET /session/4ca0da1f05d229fab0c05732b1ad37d0/screenshot - {}
RESULT: {}
COMMAND: POST /session/4ca0da1f05d229fab0c05732b1ad37d0/execute/async - {"script":"<script> [1562 bytes]","args":[{"selector":{"id":"application-managestatesandperformance-display-component---stateAndPerform--stateAndPerformResourcesSmartTable-header"},"wdio_ui5_key":"applicationmanagestatesandperformance-display-component---stateAndPerform--stateAndPerformResourcesSmartTable-header"}]}
RESULT: {"script":"<script> [1562 bytes]","args":[{"selector":{"id":"application-managestatesandperformance-display-component---stateAndPerform--stateAndPerformResourcesSmartTable-header"},"wdio_ui5_key":"applicationmanagestatesandperformance-display-component---stateAndPerform--stateAndPerformResourcesSmartTable-header"}]}
RESULT: undefined
COMMAND: POST /session/4ca0da1f05d229fab0c05732b1ad37d0/execute/async - {"script":"<script> [6424 bytes]","args":[{"element-6066-11e4-a52e-4f735466cecf":"f.D01EC4AF0A1BFC1E8396569751E97BC9.d.3EA7C9E27A74209C19F3F0D1A6A112F5.e.14492"},"getText",[]]}
RESULT: {"script":"<script> [6424 bytes]","args":[{"element-6066-11e4-a52e-4f735466cecf":"f.D01EC4AF0A1BFC1E8396569751E97BC9.d.3EA7C9E27A74209C19F3F0D1A6A112F5.e.14492"},"getText",[]]}
COMMAND: POST /session/4ca0da1f05d229fab0c05732b1ad37d0/execute/async - {"script":"<script> [1562 bytes]","args":[{"selector":{"controlType":"sap.ui.core.Icon","viewName":"etm.portal.ui.managestatesandperformance.view.Master","viewId":"application-managestatesandperformance-display-component---stateAndPerform","properties":{"src":{"regex":{"source":"slim\\-arrow\\-right"}}}},"wdio_ui5_key":"etmportal.ui.managestatesandperformance.view.Mastersap.ui.core.Icon{\"src\":{\"regex\":{\"source\":\"slim\\\\-arrow\\\\-right\"}}}"}]}
RESULT: {"script":"<script> [1562 bytes]","args":[{"selector":{"controlType":"sap.ui.core.Icon","viewName":"etm.portal.ui.managestatesandperformance.view.Master","viewId":"application-managestatesandperformance-display-component---stateAndPerform","properties":{"src":{"regex":{"source":"slim\\-arrow\\-right"}}}},"wdio_ui5_key":"etmportal.ui.managestatesandperformance.view.Mastersap.ui.core.Icon{\"src\":{\"regex\":{\"source\":\"slim\\\\-arrow\\\\-right\"}}}"}]}
RESULT: undefined
COMMAND: POST /session/4ca0da1f05d229fab0c05732b1ad37d0/element - {"using":"xpath","value":"//*[@id=\"__item2151-__clone3905-imgNav\"]"}
RESULT: {"using":"xpath","value":"//*[@id=\"__item2151-__clone3905-imgNav\"]"}
COMMAND: POST /session/4ca0da1f05d229fab0c05732b1ad37d0/element/f.D01EC4AF0A1BFC1E8396569751E97BC9.d.3EA7C9E27A74209C19F3F0D1A6A112F5.e.14490/click - {}
RESULT: {}
COMMAND: GET /session/4ca0da1f05d229fab0c05732b1ad37d0/screenshot - {}
RESULT: {}
COMMAND: POST /session/4ca0da1f05d229fab0c05732b1ad37d0/execute/async - {"script":"<script> [1562 bytes]","args":[{"selector":{"controlType":"sap.m.Button","viewName":"etm.portal.ui.managestatesandperformance.view.Detail","viewId":"application-managestatesandperformance-display-component---detailStateAndPerform","properties":{"text":"Performance Documents"}},"wdio_ui5_key":"etmportal.ui.managestatesandperformance.view.Detailsap.m.Button{\"text\":\"Performance Documents\"}"}]}
RESULT: {"script":"<script> [1562 bytes]","args":[{"selector":{"controlType":"sap.m.Button","viewName":"etm.portal.ui.managestatesandperformance.view.Detail","viewId":"application-managestatesandperformance-display-component---detailStateAndPerform","properties":{"text":"Performance Documents"}},"wdio_ui5_key":"etmportal.ui.managestatesandperformance.view.Detailsap.m.Button{\"text\":\"Performance Documents\"}"}]}
RESULT: undefined
COMMAND: POST /session/4ca0da1f05d229fab0c05732b1ad37d0/element - {"using":"xpath","value":"//*[@id=\"__item2174-button\"]"}
RESULT: {"using":"xpath","value":"//*[@id=\"__item2174-button\"]"}
COMMAND: POST /session/4ca0da1f05d229fab0c05732b1ad37d0/element/f.D01EC4AF0A1BFC1E8396569751E97BC9.d.3EA7C9E27A74209C19F3F0D1A6A112F5.e.14536/click - {}
RESULT: {}
COMMAND: POST /session/4ca0da1f05d229fab0c05732b1ad37d0/execute/async - {"script":"<script> [1562 bytes]","args":[{"selector":{"controlType":"sap.m.Button","viewName":"etm.portal.ui.managestatesandperformance.view.Detail","viewId":"application-managestatesandperformance-display-component---detailStateAndPerform","i18NText":{"propertyName":"text","key":"createPerformanceDoc"},"interaction":{"idSuffix":"BDI-content"}},"wdio_ui5_key":"etmportal.ui.managestatesandperformance.view.Detailsap.m.Button{\"propertyName\":\"text\",\"key\":\"createPerformanceDoc\"}"}]}
COMMAND: GET /session/4ca0da1f05d229fab0c05732b1ad37d0/screenshot - {}
RESULT: {}
RESULT: {"script":"<script> [1562 bytes]","args":[{"selector":{"controlType":"sap.m.Button","viewName":"etm.portal.ui.managestatesandperformance.view.Detail","viewId":"application-managestatesandperformance-display-component---detailStateAndPerform","i18NText":{"propertyName":"text","key":"createPerformanceDoc"},"interaction":{"idSuffix":"BDI-content"}},"wdio_ui5_key":"etmportal.ui.managestatesandperformance.view.Detailsap.m.Button{\"propertyName\":\"text\",\"key\":\"createPerformanceDoc\"}"}]}
RESULT: undefined
COMMAND: POST /session/4ca0da1f05d229fab0c05732b1ad37d0/element - {"using":"xpath","value":"//*[@id=\"__button378\"]"}
RESULT: {"using":"xpath","value":"//*[@id=\"__button378\"]"}
COMMAND: POST /session/4ca0da1f05d229fab0c05732b1ad37d0/element/f.D01EC4AF0A1BFC1E8396569751E97BC9.d.3EA7C9E27A74209C19F3F0D1A6A112F5.e.14540/click - {}
RESULT: {}
COMMAND: POST /session/4ca0da1f05d229fab0c05732b1ad37d0/execute/async - {"script":"<script> [1562 bytes]","args":[{"selector":{"id":"application-managestatesandperformance-display-component---detailStateAndPerform--perfDocDatePicker","searchOpenDialogs":true,"interaction":{"idSuffix":"inner"}},"wdio_ui5_key":"applicationmanagestatesandperformance-display-component---detailStateAndPerform--perfDocDatePicker"}]}
COMMAND: GET /session/4ca0da1f05d229fab0c05732b1ad37d0/screenshot - {}
RESULT: {"script":"<script> [1562 bytes]","args":[{"selector":{"id":"application-managestatesandperformance-display-component---detailStateAndPerform--perfDocDatePicker","searchOpenDialogs":true,"interaction":{"idSuffix":"inner"}},"wdio_ui5_key":"applicationmanagestatesandperformance-display-component---detailStateAndPerform--perfDocDatePicker"}]}
RESULT: undefined
COMMAND: POST /session/4ca0da1f05d229fab0c05732b1ad37d0/execute/async - {"script":"<script> [776 bytes]","args":[{"enterText":"05/01/25","selector":{"id":"application-managestatesandperformance-display-component---detailStateAndPerform--perfDocDatePicker","searchOpenDialogs":true,"interaction":{"idSuffix":"inner"}},"clearTextFirst":true,"interactionType":"ENTER_TEXT"}]}
RESULT: {}
RESULT: {"script":"<script> [776 bytes]","args":[{"enterText":"05/01/25","selector":{"id":"application-managestatesandperformance-display-component---detailStateAndPerform--perfDocDatePicker","searchOpenDialogs":true,"interaction":{"idSuffix":"inner"}},"clearTextFirst":true,"interactionType":"ENTER_TEXT"}]}
COMMAND: POST /session/4ca0da1f05d229fab0c05732b1ad37d0/execute/async - {"script":"<script> [1562 bytes]","args":[{"selector":{"id":"application-managestatesandperformance-display-component---detailStateAndPerform--counterValue-input","searchOpenDialogs":true,"interaction":{"idSuffix":"inner"}},"wdio_ui5_key":"applicationmanagestatesandperformance-display-component---detailStateAndPerform--counterValue-input"}]}
RESULT: {"script":"<script> [1562 bytes]","args":[{"selector":{"id":"application-managestatesandperformance-display-component---detailStateAndPerform--counterValue-input","searchOpenDialogs":true,"interaction":{"idSuffix":"inner"}},"wdio_ui5_key":"applicationmanagestatesandperformance-display-component---detailStateAndPerform--counterValue-input"}]}
RESULT: undefined
COMMAND: POST /session/4ca0da1f05d229fab0c05732b1ad37d0/execute/async - {"script":"<script> [776 bytes]","args":[{"enterText":"15.00","selector":{"id":"application-managestatesandperformance-display-component---detailStateAndPerform--counterValue-input","searchOpenDialogs":true,"interaction":{"idSuffix":"inner"}},"clearTextFirst":true,"interactionType":"ENTER_TEXT"}]}
RESULT: {"script":"<script> [776 bytes]","args":[{"enterText":"15.00","selector":{"id":"application-managestatesandperformance-display-component---detailStateAndPerform--counterValue-input","searchOpenDialogs":true,"interaction":{"idSuffix":"inner"}},"clearTextFirst":true,"interactionType":"ENTER_TEXT"}]}
COMMAND: POST /session/4ca0da1f05d229fab0c05732b1ad37d0/execute/async - {"script":"<script> [1562 bytes]","args":[{"selector":{"controlType":"sap.m.Button","viewName":"etm.portal.ui.managestatesandperformance.view.Detail","viewId":"application-managestatesandperformance-display-component---detailStateAndPerform","bindingPath":{"path":"","propertyPath":"/allowAddEdit","modelName":"oScreenModel"},"searchOpenDialogs":true,"interaction":{"idSuffix":"BDI-content"}},"wdio_ui5_key":"etmportal.ui.managestatesandperformance.view.Detailsap.m.Button{\"path\":\"\",\"propertyPath\":\"/allowAddEdit\",\"modelName\":\"oScreenModel\"}"}]}
RESULT: {"script":"<script> [1562 bytes]","args":[{"selector":{"controlType":"sap.m.Button","viewName":"etm.portal.ui.managestatesandperformance.view.Detail","viewId":"application-managestatesandperformance-display-component---detailStateAndPerform","bindingPath":{"path":"","propertyPath":"/allowAddEdit","modelName":"oScreenModel"},"searchOpenDialogs":true,"interaction":{"idSuffix":"BDI-content"}},"wdio_ui5_key":"etmportal.ui.managestatesandperformance.view.Detailsap.m.Button{\"path\":\"\",\"propertyPath\":\"/allowAddEdit\",\"modelName\":\"oScreenModel\"}"}]}
RESULT: undefined
COMMAND: POST /session/4ca0da1f05d229fab0c05732b1ad37d0/element - {"using":"xpath","value":"//*[@id=\"__button385\"]"}
RESULT: {"using":"xpath","value":"//*[@id=\"__button385\"]"}
COMMAND: POST /session/4ca0da1f05d229fab0c05732b1ad37d0/element/f.D01EC4AF0A1BFC1E8396569751E97BC9.d.3EA7C9E27A74209C19F3F0D1A6A112F5.e.14555/click - {}
RESULT: {}
RESULT: undefined
COMMAND: POST /session/4ca0da1f05d229fab0c05732b1ad37d0/element - {"using":"xpath","value":"//*[@id=\"__button378\"]"}
COMMAND: GET /session/4ca0da1f05d229fab0c05732b1ad37d0/screenshot - {}
RESULT: {"using":"xpath","value":"//*[@id=\"__button378\"]"}
COMMAND: POST /session/4ca0da1f05d229fab0c05732b1ad37d0/element/f.D01EC4AF0A1BFC1E8396569751E97BC9.d.3EA7C9E27A74209C19F3F0D1A6A112F5.e.14540/click - {}
RESULT: {}
RESULT: {}
RESULT: undefined
COMMAND: POST /session/4ca0da1f05d229fab0c05732b1ad37d0/execute/async - {"script":"<script> [776 bytes]","args":[{"enterText":"05/05/25","selector":{"id":"application-managestatesandperformance-display-component---detailStateAndPerform--perfDocDatePicker","searchOpenDialogs":true,"interaction":{"idSuffix":"inner"}},"clearTextFirst":true,"interactionType":"ENTER_TEXT"}]}
COMMAND: GET /session/4ca0da1f05d229fab0c05732b1ad37d0/screenshot - {}
RESULT: {"script":"<script> [776 bytes]","args":[{"enterText":"05/05/25","selector":{"id":"application-managestatesandperformance-display-component---detailStateAndPerform--perfDocDatePicker","searchOpenDialogs":true,"interaction":{"idSuffix":"inner"}},"clearTextFirst":true,"interactionType":"ENTER_TEXT"}]}
RESULT: undefined
COMMAND: POST /session/4ca0da1f05d229fab0c05732b1ad37d0/execute/async - {"script":"<script> [776 bytes]","args":[{"enterText":"20.00","selector":{"id":"application-managestatesandperformance-display-component---detailStateAndPerform--counterValue-input","searchOpenDialogs":true,"interaction":{"idSuffix":"inner"}},"clearTextFirst":true,"interactionType":"ENTER_TEXT"}]}
RESULT: {}
RESULT: {"script":"<script> [776 bytes]","args":[{"enterText":"20.00","selector":{"id":"application-managestatesandperformance-display-component---detailStateAndPerform--counterValue-input","searchOpenDialogs":true,"interaction":{"idSuffix":"inner"}},"clearTextFirst":true,"interactionType":"ENTER_TEXT"}]}
COMMAND: POST /session/4ca0da1f05d229fab0c05732b1ad37d0/actions - {"actions":[{"id":"action52","type":"key","parameters":{},"actions":[{"type":"keyDown","value":"î€„"},{"type":"keyDown","value":"î€„"},{"type":"pause","duration":10},{"type":"keyUp","value":"î€„"},{"type":"keyUp","value":"î€„"}]}]}
RESULT: {"actions":[{"id":"action52","type":"key","parameters":{},"actions":[{"type":"keyDown","value":"î€„"},{"type":"keyDown","value":"î€„"},{"type":"pause","duration":10},{"type":"keyUp","value":"î€„"},{"type":"keyUp","value":"î€„"}]}]}
COMMAND: POST /session/4ca0da1f05d229fab0c05732b1ad37d0/actions - {"actions":[{"id":"action53","type":"key","parameters":{},"actions":[{"type":"keyDown","value":"î€‡"},{"type":"pause","duration":10},{"type":"keyUp","value":"î€‡"}]}]}
COMMAND: GET /session/4ca0da1f05d229fab0c05732b1ad37d0/screenshot - {}
RESULT: {"actions":[{"id":"action53","type":"key","parameters":{},"actions":[{"type":"keyDown","value":"î€‡"},{"type":"pause","duration":10},{"type":"keyUp","value":"î€‡"}]}]}
RESULT: undefined
COMMAND: POST /session/4ca0da1f05d229fab0c05732b1ad37d0/element - {"using":"xpath","value":"//*[@id=\"__button385\"]"}
COMMAND: GET /session/4ca0da1f05d229fab0c05732b1ad37d0/screenshot - {}
RESULT: {}
RESULT: {}
RESULT: {"using":"xpath","value":"//*[@id=\"__button385\"]"}
COMMAND: POST /session/4ca0da1f05d229fab0c05732b1ad37d0/elements - {"using":"xpath","value":"//*[@id=\"__button385\"]"}
RESULT: {"using":"xpath","value":"//*[@id=\"__button385\"]"}
COMMAND: POST /session/4ca0da1f05d229fab0c05732b1ad37d0/elements - {"using":"xpath","value":"//*[@id=\"__button385\"]"}
RESULT: {"using":"xpath","value":"//*[@id=\"__button385\"]"}
COMMAND: POST /session/4ca0da1f05d229fab0c05732b1ad37d0/elements - {"using":"xpath","value":"//*[@id=\"__button385\"]"}
RESULT: {"using":"xpath","value":"//*[@id=\"__button385\"]"}
COMMAND: POST /session/4ca0da1f05d229fab0c05732b1ad37d0/elements - {"using":"xpath","value":"//*[@id=\"__button385\"]"}
RESULT: {"using":"xpath","value":"//*[@id=\"__button385\"]"}
COMMAND: POST /session/4ca0da1f05d229fab0c05732b1ad37d0/elements - {"using":"xpath","value":"//*[@id=\"__button385\"]"}
RESULT: {"using":"xpath","value":"//*[@id=\"__button385\"]"}
COMMAND: POST /session/4ca0da1f05d229fab0c05732b1ad37d0/elements - {"using":"xpath","value":"//*[@id=\"__button385\"]"}
RESULT: {"using":"xpath","value":"//*[@id=\"__button385\"]"}
COMMAND: POST /session/4ca0da1f05d229fab0c05732b1ad37d0/elements - {"using":"xpath","value":"//*[@id=\"__button385\"]"}
RESULT: {"using":"xpath","value":"//*[@id=\"__button385\"]"}
COMMAND: POST /session/4ca0da1f05d229fab0c05732b1ad37d0/elements - {"using":"xpath","value":"//*[@id=\"__button385\"]"}
RESULT: {"using":"xpath","value":"//*[@id=\"__button385\"]"}
COMMAND: POST /session/4ca0da1f05d229fab0c05732b1ad37d0/elements - {"using":"xpath","value":"//*[@id=\"__button385\"]"}
RESULT: {"using":"xpath","value":"//*[@id=\"__button385\"]"}
COMMAND: POST /session/4ca0da1f05d229fab0c05732b1ad37d0/elements - {"using":"xpath","value":"//*[@id=\"__button385\"]"}
RESULT: {"using":"xpath","value":"//*[@id=\"__button385\"]"}
COMMAND: POST /session/4ca0da1f05d229fab0c05732b1ad37d0/elements - {"using":"xpath","value":"//*[@id=\"__button385\"]"}
RESULT: {"using":"xpath","value":"//*[@id=\"__button385\"]"}
COMMAND: POST /session/4ca0da1f05d229fab0c05732b1ad37d0/elements - {"using":"xpath","value":"//*[@id=\"__button385\"]"}
RESULT: {"using":"xpath","value":"//*[@id=\"__button385\"]"}
COMMAND: POST /session/4ca0da1f05d229fab0c05732b1ad37d0/elements - {"using":"xpath","value":"//*[@id=\"__button385\"]"}
RESULT: {"using":"xpath","value":"//*[@id=\"__button385\"]"}
COMMAND: POST /session/4ca0da1f05d229fab0c05732b1ad37d0/elements - {"using":"xpath","value":"//*[@id=\"__button385\"]"}
RESULT: {"using":"xpath","value":"//*[@id=\"__button385\"]"}
COMMAND: POST /session/4ca0da1f05d229fab0c05732b1ad37d0/elements - {"using":"xpath","value":"//*[@id=\"__button385\"]"}
RESULT: {"using":"xpath","value":"//*[@id=\"__button385\"]"}
COMMAND: POST /session/4ca0da1f05d229fab0c05732b1ad37d0/elements - {"using":"xpath","value":"//*[@id=\"__button385\"]"}
RESULT: {"using":"xpath","value":"//*[@id=\"__button385\"]"}
COMMAND: POST /session/4ca0da1f05d229fab0c05732b1ad37d0/elements - {"using":"xpath","value":"//*[@id=\"__button385\"]"}
RESULT: {"using":"xpath","value":"//*[@id=\"__button385\"]"}
COMMAND: POST /session/4ca0da1f05d229fab0c05732b1ad37d0/elements - {"using":"xpath","value":"//*[@id=\"__button385\"]"}
RESULT: {"using":"xpath","value":"//*[@id=\"__button385\"]"}
COMMAND: POST /session/4ca0da1f05d229fab0c05732b1ad37d0/elements - {"using":"xpath","value":"//*[@id=\"__button385\"]"}
RESULT: {"using":"xpath","value":"//*[@id=\"__button385\"]"}
COMMAND: POST /session/4ca0da1f05d229fab0c05732b1ad37d0/elements - {"using":"xpath","value":"//*[@id=\"__button385\"]"}
RESULT: {"using":"xpath","value":"//*[@id=\"__button385\"]"}
COMMAND: POST /session/4ca0da1f05d229fab0c05732b1ad37d0/elements - {"using":"xpath","value":"//*[@id=\"__button385\"]"}
RESULT: {"using":"xpath","value":"//*[@id=\"__button385\"]"}
COMMAND: POST /session/4ca0da1f05d229fab0c05732b1ad37d0/elements - {"using":"xpath","value":"//*[@id=\"__button385\"]"}
RESULT: {"using":"xpath","value":"//*[@id=\"__button385\"]"}
COMMAND: POST /session/4ca0da1f05d229fab0c05732b1ad37d0/elements - {"using":"xpath","value":"//*[@id=\"__button385\"]"}
RESULT: {"using":"xpath","value":"//*[@id=\"__button385\"]"}
COMMAND: POST /session/4ca0da1f05d229fab0c05732b1ad37d0/elements - {"using":"xpath","value":"//*[@id=\"__button385\"]"}
RESULT: {"using":"xpath","value":"//*[@id=\"__button385\"]"}
COMMAND: POST /session/4ca0da1f05d229fab0c05732b1ad37d0/elements - {"using":"xpath","value":"//*[@id=\"__button385\"]"}
RESULT: {"using":"xpath","value":"//*[@id=\"__button385\"]"}
COMMAND: POST /session/4ca0da1f05d229fab0c05732b1ad37d0/elements - {"using":"xpath","value":"//*[@id=\"__button385\"]"}
RESULT: {"using":"xpath","value":"//*[@id=\"__button385\"]"}
COMMAND: POST /session/4ca0da1f05d229fab0c05732b1ad37d0/elements - {"using":"xpath","value":"//*[@id=\"__button385\"]"}
RESULT: {"using":"xpath","value":"//*[@id=\"__button385\"]"}
COMMAND: POST /session/4ca0da1f05d229fab0c05732b1ad37d0/elements - {"using":"xpath","value":"//*[@id=\"__button385\"]"}
RESULT: {"using":"xpath","value":"//*[@id=\"__button385\"]"}
COMMAND: POST /session/4ca0da1f05d229fab0c05732b1ad37d0/elements - {"using":"xpath","value":"//*[@id=\"__button385\"]"}
RESULT: {"using":"xpath","value":"//*[@id=\"__button385\"]"}
COMMAND: POST /session/4ca0da1f05d229fab0c05732b1ad37d0/elements - {"using":"xpath","value":"//*[@id=\"__button385\"]"}
RESULT: {"using":"xpath","value":"//*[@id=\"__button385\"]"}
COMMAND: POST /session/4ca0da1f05d229fab0c05732b1ad37d0/elements - {"using":"xpath","value":"//*[@id=\"__button385\"]"}
RESULT: {"using":"xpath","value":"//*[@id=\"__button385\"]"}
COMMAND: POST /session/4ca0da1f05d229fab0c05732b1ad37d0/elements - {"using":"xpath","value":"//*[@id=\"__button385\"]"}
RESULT: {"using":"xpath","value":"//*[@id=\"__button385\"]"}
COMMAND: POST /session/4ca0da1f05d229fab0c05732b1ad37d0/elements - {"using":"xpath","value":"//*[@id=\"__button385\"]"}
RESULT: {"using":"xpath","value":"//*[@id=\"__button385\"]"}
COMMAND: POST /session/4ca0da1f05d229fab0c05732b1ad37d0/elements - {"using":"xpath","value":"//*[@id=\"__button385\"]"}
RESULT: {"using":"xpath","value":"//*[@id=\"__button385\"]"}
COMMAND: POST /session/4ca0da1f05d229fab0c05732b1ad37d0/elements - {"using":"xpath","value":"//*[@id=\"__button385\"]"}
RESULT: {"using":"xpath","value":"//*[@id=\"__button385\"]"}
COMMAND: POST /session/4ca0da1f05d229fab0c05732b1ad37d0/elements - {"using":"xpath","value":"//*[@id=\"__button385\"]"}
RESULT: {"using":"xpath","value":"//*[@id=\"__button385\"]"}
COMMAND: POST /session/4ca0da1f05d229fab0c05732b1ad37d0/elements - {"using":"xpath","value":"//*[@id=\"__button385\"]"}
RESULT: {"using":"xpath","value":"//*[@id=\"__button385\"]"}
COMMAND: POST /session/4ca0da1f05d229fab0c05732b1ad37d0/elements - {"using":"xpath","value":"//*[@id=\"__button385\"]"}
RESULT: {"using":"xpath","value":"//*[@id=\"__button385\"]"}
COMMAND: POST /session/4ca0da1f05d229fab0c05732b1ad37d0/elements - {"using":"xpath","value":"//*[@id=\"__button385\"]"}
RESULT: {"using":"xpath","value":"//*[@id=\"__button385\"]"}
COMMAND: POST /session/4ca0da1f05d229fab0c05732b1ad37d0/elements - {"using":"xpath","value":"//*[@id=\"__button385\"]"}
RESULT: {"using":"xpath","value":"//*[@id=\"__button385\"]"}
COMMAND: POST /session/4ca0da1f05d229fab0c05732b1ad37d0/elements - {"using":"xpath","value":"//*[@id=\"__button385\"]"}
RESULT: {"using":"xpath","value":"//*[@id=\"__button385\"]"}
COMMAND: POST /session/4ca0da1f05d229fab0c05732b1ad37d0/elements - {"using":"xpath","value":"//*[@id=\"__button385\"]"}
RESULT: {"using":"xpath","value":"//*[@id=\"__button385\"]"}
COMMAND: POST /session/4ca0da1f05d229fab0c05732b1ad37d0/elements - {"using":"xpath","value":"//*[@id=\"__button385\"]"}
RESULT: {"using":"xpath","value":"//*[@id=\"__button385\"]"}
COMMAND: POST /session/4ca0da1f05d229fab0c05732b1ad37d0/elements - {"using":"xpath","value":"//*[@id=\"__button385\"]"}
RESULT: {"using":"xpath","value":"//*[@id=\"__button385\"]"}
COMMAND: POST /session/4ca0da1f05d229fab0c05732b1ad37d0/elements - {"using":"xpath","value":"//*[@id=\"__button385\"]"}
RESULT: {"using":"xpath","value":"//*[@id=\"__button385\"]"}
COMMAND: POST /session/4ca0da1f05d229fab0c05732b1ad37d0/elements - {"using":"xpath","value":"//*[@id=\"__button385\"]"}
RESULT: {"using":"xpath","value":"//*[@id=\"__button385\"]"}
COMMAND: POST /session/4ca0da1f05d229fab0c05732b1ad37d0/elements - {"using":"xpath","value":"//*[@id=\"__button385\"]"}
RESULT: {"using":"xpath","value":"//*[@id=\"__button385\"]"}
COMMAND: POST /session/4ca0da1f05d229fab0c05732b1ad37d0/elements - {"using":"xpath","value":"//*[@id=\"__button385\"]"}
RESULT: {"using":"xpath","value":"//*[@id=\"__button385\"]"}
COMMAND: POST /session/4ca0da1f05d229fab0c05732b1ad37d0/elements - {"using":"xpath","value":"//*[@id=\"__button385\"]"}
RESULT: {"using":"xpath","value":"//*[@id=\"__button385\"]"}
COMMAND: POST /session/4ca0da1f05d229fab0c05732b1ad37d0/elements - {"using":"xpath","value":"//*[@id=\"__button385\"]"}
RESULT: {"using":"xpath","value":"//*[@id=\"__button385\"]"}
COMMAND: POST /session/4ca0da1f05d229fab0c05732b1ad37d0/elements - {"using":"xpath","value":"//*[@id=\"__button385\"]"}
RESULT: {"using":"xpath","value":"//*[@id=\"__button385\"]"}
COMMAND: POST /session/4ca0da1f05d229fab0c05732b1ad37d0/elements - {"using":"xpath","value":"//*[@id=\"__button385\"]"}
RESULT: {"using":"xpath","value":"//*[@id=\"__button385\"]"}
COMMAND: POST /session/4ca0da1f05d229fab0c05732b1ad37d0/elements - {"using":"xpath","value":"//*[@id=\"__button385\"]"}
RESULT: {"using":"xpath","value":"//*[@id=\"__button385\"]"}
COMMAND: POST /session/4ca0da1f05d229fab0c05732b1ad37d0/elements - {"using":"xpath","value":"//*[@id=\"__button385\"]"}
RESULT: {"using":"xpath","value":"//*[@id=\"__button385\"]"}
COMMAND: POST /session/4ca0da1f05d229fab0c05732b1ad37d0/elements - {"using":"xpath","value":"//*[@id=\"__button385\"]"}
RESULT: {"using":"xpath","value":"//*[@id=\"__button385\"]"}
COMMAND: POST /session/4ca0da1f05d229fab0c05732b1ad37d0/elements - {"using":"xpath","value":"//*[@id=\"__button385\"]"}
RESULT: {"using":"xpath","value":"//*[@id=\"__button385\"]"}
COMMAND: POST /session/4ca0da1f05d229fab0c05732b1ad37d0/elements - {"using":"xpath","value":"//*[@id=\"__button385\"]"}
RESULT: {"using":"xpath","value":"//*[@id=\"__button385\"]"}
COMMAND: POST /session/4ca0da1f05d229fab0c05732b1ad37d0/elements - {"using":"xpath","value":"//*[@id=\"__button385\"]"}
RESULT: {"using":"xpath","value":"//*[@id=\"__button385\"]"}
COMMAND: POST /session/4ca0da1f05d229fab0c05732b1ad37d0/elements - {"using":"xpath","value":"//*[@id=\"__button385\"]"}
RESULT: {"using":"xpath","value":"//*[@id=\"__button385\"]"}
COMMAND: POST /session/4ca0da1f05d229fab0c05732b1ad37d0/elements - {"using":"xpath","value":"//*[@id=\"__button385\"]"}
RESULT: {"using":"xpath","value":"//*[@id=\"__button385\"]"}
COMMAND: POST /session/4ca0da1f05d229fab0c05732b1ad37d0/elements - {"using":"xpath","value":"//*[@id=\"__button385\"]"}
RESULT: {"using":"xpath","value":"//*[@id=\"__button385\"]"}
COMMAND: POST /session/4ca0da1f05d229fab0c05732b1ad37d0/elements - {"using":"xpath","value":"//*[@id=\"__button385\"]"}
RESULT: {"using":"xpath","value":"//*[@id=\"__button385\"]"}
COMMAND: POST /session/4ca0da1f05d229fab0c05732b1ad37d0/elements - {"using":"xpath","value":"//*[@id=\"__button385\"]"}
RESULT: {"using":"xpath","value":"//*[@id=\"__button385\"]"}
COMMAND: POST /session/4ca0da1f05d229fab0c05732b1ad37d0/elements - {"using":"xpath","value":"//*[@id=\"__button385\"]"}
RESULT: {"using":"xpath","value":"//*[@id=\"__button385\"]"}
COMMAND: POST /session/4ca0da1f05d229fab0c05732b1ad37d0/elements - {"using":"xpath","value":"//*[@id=\"__button385\"]"}
RESULT: {"using":"xpath","value":"//*[@id=\"__button385\"]"}
COMMAND: POST /session/4ca0da1f05d229fab0c05732b1ad37d0/elements - {"using":"xpath","value":"//*[@id=\"__button385\"]"}
RESULT: {"using":"xpath","value":"//*[@id=\"__button385\"]"}
COMMAND: POST /session/4ca0da1f05d229fab0c05732b1ad37d0/elements - {"using":"xpath","value":"//*[@id=\"__button385\"]"}
RESULT: {"using":"xpath","value":"//*[@id=\"__button385\"]"}
COMMAND: POST /session/4ca0da1f05d229fab0c05732b1ad37d0/elements - {"using":"xpath","value":"//*[@id=\"__button385\"]"}
RESULT: {"using":"xpath","value":"//*[@id=\"__button385\"]"}
COMMAND: POST /session/4ca0da1f05d229fab0c05732b1ad37d0/elements - {"using":"xpath","value":"//*[@id=\"__button385\"]"}
RESULT: {"using":"xpath","value":"//*[@id=\"__button385\"]"}
COMMAND: POST /session/4ca0da1f05d229fab0c05732b1ad37d0/elements - {"using":"xpath","value":"//*[@id=\"__button385\"]"}
RESULT: {"using":"xpath","value":"//*[@id=\"__button385\"]"}
COMMAND: POST /session/4ca0da1f05d229fab0c05732b1ad37d0/elements - {"using":"xpath","value":"//*[@id=\"__button385\"]"}
RESULT: {"using":"xpath","value":"//*[@id=\"__button385\"]"}
COMMAND: POST /session/4ca0da1f05d229fab0c05732b1ad37d0/elements - {"using":"xpath","value":"//*[@id=\"__button385\"]"}
RESULT: {"using":"xpath","value":"//*[@id=\"__button385\"]"}
COMMAND: POST /session/4ca0da1f05d229fab0c05732b1ad37d0/elements - {"using":"xpath","value":"//*[@id=\"__button385\"]"}
RESULT: {"using":"xpath","value":"//*[@id=\"__button385\"]"}
COMMAND: POST /session/4ca0da1f05d229fab0c05732b1ad37d0/elements - {"using":"xpath","value":"//*[@id=\"__button385\"]"}
RESULT: {"using":"xpath","value":"//*[@id=\"__button385\"]"}
COMMAND: POST /session/4ca0da1f05d229fab0c05732b1ad37d0/elements - {"using":"xpath","value":"//*[@id=\"__button385\"]"}
RESULT: {"using":"xpath","value":"//*[@id=\"__button385\"]"}
COMMAND: POST /session/4ca0da1f05d229fab0c05732b1ad37d0/elements - {"using":"xpath","value":"//*[@id=\"__button385\"]"}
RESULT: {"using":"xpath","value":"//*[@id=\"__button385\"]"}
COMMAND: POST /session/4ca0da1f05d229fab0c05732b1ad37d0/elements - {"using":"xpath","value":"//*[@id=\"__button385\"]"}
RESULT: {"using":"xpath","value":"//*[@id=\"__button385\"]"}
COMMAND: POST /session/4ca0da1f05d229fab0c05732b1ad37d0/elements - {"using":"xpath","value":"//*[@id=\"__button385\"]"}
RESULT: {"using":"xpath","value":"//*[@id=\"__button385\"]"}
COMMAND: POST /session/4ca0da1f05d229fab0c05732b1ad37d0/elements - {"using":"xpath","value":"//*[@id=\"__button385\"]"}
RESULT: {"using":"xpath","value":"//*[@id=\"__button385\"]"}
COMMAND: POST /session/4ca0da1f05d229fab0c05732b1ad37d0/elements - {"using":"xpath","value":"//*[@id=\"__button385\"]"}
RESULT: {"using":"xpath","value":"//*[@id=\"__button385\"]"}
COMMAND: POST /session/4ca0da1f05d229fab0c05732b1ad37d0/elements - {"using":"xpath","value":"//*[@id=\"__button385\"]"}
RESULT: {"using":"xpath","value":"//*[@id=\"__button385\"]"}
COMMAND: POST /session/4ca0da1f05d229fab0c05732b1ad37d0/elements - {"using":"xpath","value":"//*[@id=\"__button385\"]"}
RESULT: {"using":"xpath","value":"//*[@id=\"__button385\"]"}
COMMAND: POST /session/4ca0da1f05d229fab0c05732b1ad37d0/elements - {"using":"xpath","value":"//*[@id=\"__button385\"]"}
RESULT: {"using":"xpath","value":"//*[@id=\"__button385\"]"}
COMMAND: POST /session/4ca0da1f05d229fab0c05732b1ad37d0/elements - {"using":"xpath","value":"//*[@id=\"__button385\"]"}
RESULT: {"using":"xpath","value":"//*[@id=\"__button385\"]"}
COMMAND: POST /session/4ca0da1f05d229fab0c05732b1ad37d0/elements - {"using":"xpath","value":"//*[@id=\"__button385\"]"}
RESULT: {"using":"xpath","value":"//*[@id=\"__button385\"]"}
COMMAND: POST /session/4ca0da1f05d229fab0c05732b1ad37d0/elements - {"using":"xpath","value":"//*[@id=\"__button385\"]"}
RESULT: {"using":"xpath","value":"//*[@id=\"__button385\"]"}
COMMAND: POST /session/4ca0da1f05d229fab0c05732b1ad37d0/elements - {"using":"xpath","value":"//*[@id=\"__button385\"]"}
RESULT: {"using":"xpath","value":"//*[@id=\"__button385\"]"}
COMMAND: POST /session/4ca0da1f05d229fab0c05732b1ad37d0/elements - {"using":"xpath","value":"//*[@id=\"__button385\"]"}
RESULT: {"using":"xpath","value":"//*[@id=\"__button385\"]"}
COMMAND: POST /session/4ca0da1f05d229fab0c05732b1ad37d0/elements - {"using":"xpath","value":"//*[@id=\"__button385\"]"}
RESULT: {"using":"xpath","value":"//*[@id=\"__button385\"]"}
COMMAND: POST /session/4ca0da1f05d229fab0c05732b1ad37d0/elements - {"using":"xpath","value":"//*[@id=\"__button385\"]"}
RESULT: {"using":"xpath","value":"//*[@id=\"__button385\"]"}
COMMAND: POST /session/4ca0da1f05d229fab0c05732b1ad37d0/elements - {"using":"xpath","value":"//*[@id=\"__button385\"]"}
RESULT: {"using":"xpath","value":"//*[@id=\"__button385\"]"}
COMMAND: POST /session/4ca0da1f05d229fab0c05732b1ad37d0/elements - {"using":"xpath","value":"//*[@id=\"__button385\"]"}
RESULT: {"using":"xpath","value":"//*[@id=\"__button385\"]"}
COMMAND: POST /session/4ca0da1f05d229fab0c05732b1ad37d0/elements - {"using":"xpath","value":"//*[@id=\"__button385\"]"}
RESULT: {"using":"xpath","value":"//*[@id=\"__button385\"]"}
COMMAND: POST /session/4ca0da1f05d229fab0c05732b1ad37d0/elements - {"using":"xpath","value":"//*[@id=\"__button385\"]"}
RESULT: {"using":"xpath","value":"//*[@id=\"__button385\"]"}
COMMAND: POST /session/4ca0da1f05d229fab0c05732b1ad37d0/elements - {"using":"xpath","value":"//*[@id=\"__button385\"]"}
RESULT: {"using":"xpath","value":"//*[@id=\"__button385\"]"}
COMMAND: POST /session/4ca0da1f05d229fab0c05732b1ad37d0/elements - {"using":"xpath","value":"//*[@id=\"__button385\"]"}
RESULT: {"using":"xpath","value":"//*[@id=\"__button385\"]"}
COMMAND: POST /session/4ca0da1f05d229fab0c05732b1ad37d0/elements - {"using":"xpath","value":"//*[@id=\"__button385\"]"}
RESULT: {"using":"xpath","value":"//*[@id=\"__button385\"]"}
COMMAND: POST /session/4ca0da1f05d229fab0c05732b1ad37d0/elements - {"using":"xpath","value":"//*[@id=\"__button385\"]"}
RESULT: {"using":"xpath","value":"//*[@id=\"__button385\"]"}
COMMAND: POST /session/4ca0da1f05d229fab0c05732b1ad37d0/elements - {"using":"xpath","value":"//*[@id=\"__button385\"]"}
RESULT: {"using":"xpath","value":"//*[@id=\"__button385\"]"}
COMMAND: POST /session/4ca0da1f05d229fab0c05732b1ad37d0/elements - {"using":"xpath","value":"//*[@id=\"__button385\"]"}
RESULT: {"using":"xpath","value":"//*[@id=\"__button385\"]"}
COMMAND: POST /session/4ca0da1f05d229fab0c05732b1ad37d0/elements - {"using":"xpath","value":"//*[@id=\"__button385\"]"}
RESULT: {"using":"xpath","value":"//*[@id=\"__button385\"]"}
COMMAND: POST /session/4ca0da1f05d229fab0c05732b1ad37d0/elements - {"using":"xpath","value":"//*[@id=\"__button385\"]"}
RESULT: {"using":"xpath","value":"//*[@id=\"__button385\"]"}
COMMAND: POST /session/4ca0da1f05d229fab0c05732b1ad37d0/elements - {"using":"xpath","value":"//*[@id=\"__button385\"]"}
RESULT: {"using":"xpath","value":"//*[@id=\"__button385\"]"}
COMMAND: POST /session/4ca0da1f05d229fab0c05732b1ad37d0/elements - {"using":"xpath","value":"//*[@id=\"__button385\"]"}
RESULT: {"using":"xpath","value":"//*[@id=\"__button385\"]"}
COMMAND: POST /session/4ca0da1f05d229fab0c05732b1ad37d0/elements - {"using":"xpath","value":"//*[@id=\"__button385\"]"}
RESULT: {"using":"xpath","value":"//*[@id=\"__button385\"]"}
COMMAND: POST /session/4ca0da1f05d229fab0c05732b1ad37d0/elements - {"using":"xpath","value":"//*[@id=\"__button385\"]"}
RESULT: {"using":"xpath","value":"//*[@id=\"__button385\"]"}
COMMAND: POST /session/4ca0da1f05d229fab0c05732b1ad37d0/elements - {"using":"xpath","value":"//*[@id=\"__button385\"]"}
RESULT: {"using":"xpath","value":"//*[@id=\"__button385\"]"}
COMMAND: POST /session/4ca0da1f05d229fab0c05732b1ad37d0/elements - {"using":"xpath","value":"//*[@id=\"__button385\"]"}
RESULT: {"using":"xpath","value":"//*[@id=\"__button385\"]"}
COMMAND: POST /session/4ca0da1f05d229fab0c05732b1ad37d0/elements - {"using":"xpath","value":"//*[@id=\"__button385\"]"}
RESULT: {"using":"xpath","value":"//*[@id=\"__button385\"]"}
COMMAND: POST /session/4ca0da1f05d229fab0c05732b1ad37d0/elements - {"using":"xpath","value":"//*[@id=\"__button385\"]"}
RESULT: {"using":"xpath","value":"//*[@id=\"__button385\"]"}
COMMAND: POST /session/4ca0da1f05d229fab0c05732b1ad37d0/elements - {"using":"xpath","value":"//*[@id=\"__button385\"]"}
RESULT: {"using":"xpath","value":"//*[@id=\"__button385\"]"}
COMMAND: POST /session/4ca0da1f05d229fab0c05732b1ad37d0/elements - {"using":"xpath","value":"//*[@id=\"__button385\"]"}
RESULT: {"using":"xpath","value":"//*[@id=\"__button385\"]"}
COMMAND: POST /session/4ca0da1f05d229fab0c05732b1ad37d0/elements - {"using":"xpath","value":"//*[@id=\"__button385\"]"}
RESULT: {"using":"xpath","value":"//*[@id=\"__button385\"]"}
COMMAND: POST /session/4ca0da1f05d229fab0c05732b1ad37d0/elements - {"using":"xpath","value":"//*[@id=\"__button385\"]"}
RESULT: {"using":"xpath","value":"//*[@id=\"__button385\"]"}
COMMAND: POST /session/4ca0da1f05d229fab0c05732b1ad37d0/elements - {"using":"xpath","value":"//*[@id=\"__button385\"]"}
RESULT: {"using":"xpath","value":"//*[@id=\"__button385\"]"}
COMMAND: POST /session/4ca0da1f05d229fab0c05732b1ad37d0/elements - {"using":"xpath","value":"//*[@id=\"__button385\"]"}
RESULT: {"using":"xpath","value":"//*[@id=\"__button385\"]"}
COMMAND: POST /session/4ca0da1f05d229fab0c05732b1ad37d0/elements - {"using":"xpath","value":"//*[@id=\"__button385\"]"}
RESULT: {"using":"xpath","value":"//*[@id=\"__button385\"]"}
COMMAND: POST /session/4ca0da1f05d229fab0c05732b1ad37d0/elements - {"using":"xpath","value":"//*[@id=\"__button385\"]"}
RESULT: {"using":"xpath","value":"//*[@id=\"__button385\"]"}
COMMAND: POST /session/4ca0da1f05d229fab0c05732b1ad37d0/elements - {"using":"xpath","value":"//*[@id=\"__button385\"]"}
RESULT: {"using":"xpath","value":"//*[@id=\"__button385\"]"}
COMMAND: POST /session/4ca0da1f05d229fab0c05732b1ad37d0/elements - {"using":"xpath","value":"//*[@id=\"__button385\"]"}
RESULT: {"using":"xpath","value":"//*[@id=\"__button385\"]"}
COMMAND: POST /session/4ca0da1f05d229fab0c05732b1ad37d0/elements - {"using":"xpath","value":"//*[@id=\"__button385\"]"}
COMMAND: POST /session/4ca0da1f05d229fab0c05732b1ad37d0/element - {"using":"css selector","value":"#shell-header-logo"}
RESULT: {"using":"xpath","value":"//*[@id=\"__button385\"]"}
RESULT: {"using":"css selector","value":"#shell-header-logo"}
COMMAND: POST /session/4ca0da1f05d229fab0c05732b1ad37d0/execute/sync - {"script":"<script> [8489 bytes]","args":[{"element-6066-11e4-a52e-4f735466cecf":"f.D01EC4AF0A1BFC1E8396569751E97BC9.d.3EA7C9E27A74209C19F3F0D1A6A112F5.e.14389","ELEMENT":"f.D01EC4AF0A1BFC1E8396569751E97BC9.d.3EA7C9E27A74209C19F3F0D1A6A112F5.e.14389"}]}
RESULT: {"script":"<script> [8489 bytes]","args":[{"element-6066-11e4-a52e-4f735466cecf":"f.D01EC4AF0A1BFC1E8396569751E97BC9.d.3EA7C9E27A74209C19F3F0D1A6A112F5.e.14389","ELEMENT":"f.D01EC4AF0A1BFC1E8396569751E97BC9.d.3EA7C9E27A74209C19F3F0D1A6A112F5.e.14389"}]}
COMMAND: POST /session/4ca0da1f05d229fab0c05732b1ad37d0/execute/sync - {"script":"<script> [5351 bytes]","args":[{"element-6066-11e4-a52e-4f735466cecf":"f.D01EC4AF0A1BFC1E8396569751E97BC9.d.3EA7C9E27A74209C19F3F0D1A6A112F5.e.14389","ELEMENT":"f.D01EC4AF0A1BFC1E8396569751E97BC9.d.3EA7C9E27A74209C19F3F0D1A6A112F5.e.14389"}]}
COMMAND: GET /session/4ca0da1f05d229fab0c05732b1ad37d0/screenshot - {}
RESULT: {"script":"<script> [5351 bytes]","args":[{"element-6066-11e4-a52e-4f735466cecf":"f.D01EC4AF0A1BFC1E8396569751E97BC9.d.3EA7C9E27A74209C19F3F0D1A6A112F5.e.14389","ELEMENT":"f.D01EC4AF0A1BFC1E8396569751E97BC9.d.3EA7C9E27A74209C19F3F0D1A6A112F5.e.14389"}]}
COMMAND: POST /session/4ca0da1f05d229fab0c05732b1ad37d0/element/f.D01EC4AF0A1BFC1E8396569751E97BC9.d.3EA7C9E27A74209C19F3F0D1A6A112F5.e.14389/click - {}
COMMAND: GET /session/4ca0da1f05d229fab0c05732b1ad37d0/screenshot - {}
RESULT: {}
RESULT: {}
]]></system-out>
    </testcase>
    <testcase classname="chrome.135_0_7049_96.windows.Performance_based_billing_(work_days)_US139742" name="Should go to Manage Billings and trigger calculation check the conditions applied" time="57.584">
      <system-out><![CDATA[
COMMAND: POST /session/4ca0da1f05d229fab0c05732b1ad37d0/execute/async - {"script":"<script> [1562 bytes]","args":[{"selector":{"controlType":"sap.m.GenericTile","properties":{"header":"Manage Billings"}},"wdio_ui5_key":"sapm.GenericTile{\"header\":\"Manage Billings\"}"}]}
COMMAND: GET /session/4ca0da1f05d229fab0c05732b1ad37d0/screenshot - {}
RESULT: {}
RESULT: {"script":"<script> [1562 bytes]","args":[{"selector":{"controlType":"sap.m.GenericTile","properties":{"header":"Manage Billings"}},"wdio_ui5_key":"sapm.GenericTile{\"header\":\"Manage Billings\"}"}]}
RESULT: undefined
COMMAND: POST /session/4ca0da1f05d229fab0c05732b1ad37d0/element - {"using":"xpath","value":"//*[@id=\"__tile51\"]"}
RESULT: {}
RESULT: {"using":"xpath","value":"//*[@id=\"__tile51\"]"}
COMMAND: POST /session/4ca0da1f05d229fab0c05732b1ad37d0/element/f.D01EC4AF0A1BFC1E8396569751E97BC9.d.3EA7C9E27A74209C19F3F0D1A6A112F5.e.10727/click - {}
RESULT: {}
COMMAND: GET /session/4ca0da1f05d229fab0c05732b1ad37d0/screenshot - {}
COMMAND: POST /session/4ca0da1f05d229fab0c05732b1ad37d0/execute/async - {"script":"<script> [1562 bytes]","args":[{"selector":{"id":"application-managebillings-display-component---billRunCalcResult--smartFilterBar-btnBasicSearch","interaction":{"idSuffix":"I"}},"wdio_ui5_key":"applicationmanagebillings-display-component---billRunCalcResult--smartFilterBar-btnBasicSearch"}]}
RESULT: {}
RESULT: {"script":"<script> [1562 bytes]","args":[{"selector":{"id":"application-managebillings-display-component---billRunCalcResult--smartFilterBar-btnBasicSearch","interaction":{"idSuffix":"I"}},"wdio_ui5_key":"applicationmanagebillings-display-component---billRunCalcResult--smartFilterBar-btnBasicSearch"}]}
RESULT: undefined
COMMAND: POST /session/4ca0da1f05d229fab0c05732b1ad37d0/execute/async - {"script":"<script> [776 bytes]","args":[{"enterText":"10347","selector":{"id":"application-managebillings-display-component---billRunCalcResult--smartFilterBar-btnBasicSearch","interaction":{"idSuffix":"I"}},"clearTextFirst":true,"interactionType":"ENTER_TEXT"}]}
RESULT: {"script":"<script> [776 bytes]","args":[{"enterText":"10347","selector":{"id":"application-managebillings-display-component---billRunCalcResult--smartFilterBar-btnBasicSearch","interaction":{"idSuffix":"I"}},"clearTextFirst":true,"interactionType":"ENTER_TEXT"}]}
COMMAND: POST /session/4ca0da1f05d229fab0c05732b1ad37d0/actions - {"actions":[{"id":"action54","type":"key","parameters":{},"actions":[{"type":"keyDown","value":"î€‡"},{"type":"pause","duration":10},{"type":"keyUp","value":"î€‡"}]}]}
RESULT: {"actions":[{"id":"action54","type":"key","parameters":{},"actions":[{"type":"keyDown","value":"î€‡"},{"type":"pause","duration":10},{"type":"keyUp","value":"î€‡"}]}]}
COMMAND: GET /session/4ca0da1f05d229fab0c05732b1ad37d0/screenshot - {}
RESULT: {}
COMMAND: POST /session/4ca0da1f05d229fab0c05732b1ad37d0/element - {"using":"xpath","value":"//td[@aria-colindex=\"1\"]/div/div[contains(@class, \"sapMCbBg\")]"}
RESULT: {"using":"xpath","value":"//td[@aria-colindex=\"1\"]/div/div[contains(@class, \"sapMCbBg\")]"}
COMMAND: POST /session/4ca0da1f05d229fab0c05732b1ad37d0/element/f.D01EC4AF0A1BFC1E8396569751E97BC9.d.3EA7C9E27A74209C19F3F0D1A6A112F5.e.14777/click - {}
RESULT: {}
COMMAND: GET /session/4ca0da1f05d229fab0c05732b1ad37d0/screenshot - {}
RESULT: {}
COMMAND: POST /session/4ca0da1f05d229fab0c05732b1ad37d0/execute/async - {"script":"<script> [1562 bytes]","args":[{"selector":{"id":"application-managebillings-display-component---billRunCalcResult--contractBillRunDate","interaction":{"idSuffix":"inner"}},"wdio_ui5_key":"applicationmanagebillings-display-component---billRunCalcResult--contractBillRunDate"}]}
RESULT: {"script":"<script> [1562 bytes]","args":[{"selector":{"id":"application-managebillings-display-component---billRunCalcResult--contractBillRunDate","interaction":{"idSuffix":"inner"}},"wdio_ui5_key":"applicationmanagebillings-display-component---billRunCalcResult--contractBillRunDate"}]}
RESULT: undefined
COMMAND: POST /session/4ca0da1f05d229fab0c05732b1ad37d0/execute/async - {"script":"<script> [776 bytes]","args":[{"enterText":"05/29/25","selector":{"id":"application-managebillings-display-component---billRunCalcResult--contractBillRunDate","interaction":{"idSuffix":"inner"}},"clearTextFirst":true,"interactionType":"ENTER_TEXT"}]}
RESULT: {"script":"<script> [776 bytes]","args":[{"enterText":"05/29/25","selector":{"id":"application-managebillings-display-component---billRunCalcResult--contractBillRunDate","interaction":{"idSuffix":"inner"}},"clearTextFirst":true,"interactionType":"ENTER_TEXT"}]}
COMMAND: POST /session/4ca0da1f05d229fab0c05732b1ad37d0/element - {"using":"xpath","value":"//bdi[contains(text(), \"Trigger Calculation\")]"}
RESULT: {"using":"xpath","value":"//bdi[contains(text(), \"Trigger Calculation\")]"}
COMMAND: POST /session/4ca0da1f05d229fab0c05732b1ad37d0/element/f.D01EC4AF0A1BFC1E8396569751E97BC9.d.3EA7C9E27A74209C19F3F0D1A6A112F5.e.14827/click - {}
RESULT: {}
COMMAND: GET /session/4ca0da1f05d229fab0c05732b1ad37d0/screenshot - {}
RESULT: {}
COMMAND: POST /session/4ca0da1f05d229fab0c05732b1ad37d0/element - {"using":"xpath","value":"(//span[contains(@id, \"imgNav\")])[1]"}
RESULT: {"using":"xpath","value":"(//span[contains(@id, \"imgNav\")])[1]"}
COMMAND: POST /session/4ca0da1f05d229fab0c05732b1ad37d0/element/f.D01EC4AF0A1BFC1E8396569751E97BC9.d.3EA7C9E27A74209C19F3F0D1A6A112F5.e.14778/click - {}
RESULT: {}
COMMAND: GET /session/4ca0da1f05d229fab0c05732b1ad37d0/screenshot - {}
RESULT: {}
COMMAND: POST /session/4ca0da1f05d229fab0c05732b1ad37d0/element - {"using":"xpath","value":"//tr/td[6]/div[1]/span[1]/span[1]"}
RESULT: {"using":"xpath","value":"//tr/td[6]/div[1]/span[1]/span[1]"}
COMMAND: GET /session/4ca0da1f05d229fab0c05732b1ad37d0/element/f.D01EC4AF0A1BFC1E8396569751E97BC9.d.3EA7C9E27A74209C19F3F0D1A6A112F5.e.14832/text - {}
RESULT: {}
COMMAND: POST /session/4ca0da1f05d229fab0c05732b1ad37d0/element - {"using":"xpath","value":"(//span[contains(@id, \"imgNav\")])[2]"}
RESULT: {"using":"xpath","value":"(//span[contains(@id, \"imgNav\")])[2]"}
COMMAND: POST /session/4ca0da1f05d229fab0c05732b1ad37d0/element/f.D01EC4AF0A1BFC1E8396569751E97BC9.d.3EA7C9E27A74209C19F3F0D1A6A112F5.e.14833/click - {}
RESULT: {}
COMMAND: POST /session/4ca0da1f05d229fab0c05732b1ad37d0/element - {"using":"xpath","value":"//bdi[contains(text(), \"Business Confirm\")]"}
COMMAND: GET /session/4ca0da1f05d229fab0c05732b1ad37d0/screenshot - {}
RESULT: {"using":"xpath","value":"//bdi[contains(text(), \"Business Confirm\")]"}
COMMAND: POST /session/4ca0da1f05d229fab0c05732b1ad37d0/elements - {"using":"xpath","value":"//bdi[contains(text(), \"Business Confirm\")]"}
RESULT: {}
RESULT: {"using":"xpath","value":"//bdi[contains(text(), \"Business Confirm\")]"}
COMMAND: POST /session/4ca0da1f05d229fab0c05732b1ad37d0/element - {"using":"xpath","value":"//bdi[contains(text(), \"Business Confirm\")]"}
RESULT: {"using":"xpath","value":"//bdi[contains(text(), \"Business Confirm\")]"}
COMMAND: POST /session/4ca0da1f05d229fab0c05732b1ad37d0/element/f.D01EC4AF0A1BFC1E8396569751E97BC9.d.3EA7C9E27A74209C19F3F0D1A6A112F5.e.14835/click - {}
COMMAND: POST /session/4ca0da1f05d229fab0c05732b1ad37d0/element - {"using":"xpath","value":"//bdi[contains(text(), \"Business Confirm\")]"}
RESULT: {"using":"xpath","value":"//bdi[contains(text(), \"Business Confirm\")]"}
COMMAND: POST /session/4ca0da1f05d229fab0c05732b1ad37d0/element/f.D01EC4AF0A1BFC1E8396569751E97BC9.d.3EA7C9E27A74209C19F3F0D1A6A112F5.e.14835/click - {}
COMMAND: POST /session/4ca0da1f05d229fab0c05732b1ad37d0/element - {"using":"xpath","value":"//bdi[contains(text(), \"Business Confirm\")]"}
RESULT: {"using":"xpath","value":"//bdi[contains(text(), \"Business Confirm\")]"}
COMMAND: POST /session/4ca0da1f05d229fab0c05732b1ad37d0/element/f.D01EC4AF0A1BFC1E8396569751E97BC9.d.3EA7C9E27A74209C19F3F0D1A6A112F5.e.14902/click - {}
RESULT: {}
COMMAND: POST /session/4ca0da1f05d229fab0c05732b1ad37d0/element - {"using":"css selector","value":"#shell-header-logo"}
COMMAND: GET /session/4ca0da1f05d229fab0c05732b1ad37d0/screenshot - {}
RESULT: {"using":"css selector","value":"#shell-header-logo"}
COMMAND: POST /session/4ca0da1f05d229fab0c05732b1ad37d0/element/f.D01EC4AF0A1BFC1E8396569751E97BC9.d.3EA7C9E27A74209C19F3F0D1A6A112F5.e.14569/click - {}
RESULT: {}
RESULT: {}
COMMAND: GET /session/4ca0da1f05d229fab0c05732b1ad37d0/screenshot - {}
RESULT: {}
COMMAND: POST /session/4ca0da1f05d229fab0c05732b1ad37d0/element - {"using":"css selector","value":"#j_username"}
COMMAND: POST /session/4ca0da1f05d229fab0c05732b1ad37d0/url - {"url":"https://qa-testing-00-live-etm-ui.cfapps.eu10-004.hana.ondemand.com/"}
RESULT: {"using":"css selector","value":"#j_username"}
COMMAND: POST /session/4ca0da1f05d229fab0c05732b1ad37d0/element - {"using":"css selector","value":"#j_username"}
RESULT: {"url":"https://qa-testing-00-live-etm-ui.cfapps.eu10-004.hana.ondemand.com/"}
RESULT: undefined
COMMAND: GET /session/4ca0da1f05d229fab0c05732b1ad37d0/screenshot - {}
RESULT: {"using":"css selector","value":"#j_username"}
COMMAND: POST /session/4ca0da1f05d229fab0c05732b1ad37d0/element - {"using":"css selector","value":"#shell-header-logo"}
RESULT: {}
RESULT: {"using":"css selector","value":"#shell-header-logo"}
COMMAND: POST /session/4ca0da1f05d229fab0c05732b1ad37d0/execute/sync - {"script":"<script> [8489 bytes]","args":[{"element-6066-11e4-a52e-4f735466cecf":"f.D01EC4AF0A1BFC1E8396569751E97BC9.d.5CF2118BAF3E5AF3C885E2018A9F7142.e.14918","ELEMENT":"f.D01EC4AF0A1BFC1E8396569751E97BC9.d.5CF2118BAF3E5AF3C885E2018A9F7142.e.14918"}]}
RESULT: {"script":"<script> [8489 bytes]","args":[{"element-6066-11e4-a52e-4f735466cecf":"f.D01EC4AF0A1BFC1E8396569751E97BC9.d.5CF2118BAF3E5AF3C885E2018A9F7142.e.14918","ELEMENT":"f.D01EC4AF0A1BFC1E8396569751E97BC9.d.5CF2118BAF3E5AF3C885E2018A9F7142.e.14918"}]}
COMMAND: POST /session/4ca0da1f05d229fab0c05732b1ad37d0/element - {"using":"css selector","value":"#shell-header-logo"}
COMMAND: GET /session/4ca0da1f05d229fab0c05732b1ad37d0/screenshot - {}
RESULT: {"using":"css selector","value":"#shell-header-logo"}
COMMAND: POST /session/4ca0da1f05d229fab0c05732b1ad37d0/execute/sync - {"script":"<script> [8489 bytes]","args":[{"element-6066-11e4-a52e-4f735466cecf":"f.D01EC4AF0A1BFC1E8396569751E97BC9.d.5CF2118BAF3E5AF3C885E2018A9F7142.e.14918","ELEMENT":"f.D01EC4AF0A1BFC1E8396569751E97BC9.d.5CF2118BAF3E5AF3C885E2018A9F7142.e.14918"}]}
RESULT: {}
RESULT: {"script":"<script> [8489 bytes]","args":[{"element-6066-11e4-a52e-4f735466cecf":"f.D01EC4AF0A1BFC1E8396569751E97BC9.d.5CF2118BAF3E5AF3C885E2018A9F7142.e.14918","ELEMENT":"f.D01EC4AF0A1BFC1E8396569751E97BC9.d.5CF2118BAF3E5AF3C885E2018A9F7142.e.14918"}]}
COMMAND: POST /session/4ca0da1f05d229fab0c05732b1ad37d0/execute/sync - {"script":"<script> [5351 bytes]","args":[{"element-6066-11e4-a52e-4f735466cecf":"f.D01EC4AF0A1BFC1E8396569751E97BC9.d.5CF2118BAF3E5AF3C885E2018A9F7142.e.14918","ELEMENT":"f.D01EC4AF0A1BFC1E8396569751E97BC9.d.5CF2118BAF3E5AF3C885E2018A9F7142.e.14918"}]}
COMMAND: GET /session/4ca0da1f05d229fab0c05732b1ad37d0/screenshot - {}
RESULT: {"script":"<script> [5351 bytes]","args":[{"element-6066-11e4-a52e-4f735466cecf":"f.D01EC4AF0A1BFC1E8396569751E97BC9.d.5CF2118BAF3E5AF3C885E2018A9F7142.e.14918","ELEMENT":"f.D01EC4AF0A1BFC1E8396569751E97BC9.d.5CF2118BAF3E5AF3C885E2018A9F7142.e.14918"}]}
COMMAND: POST /session/4ca0da1f05d229fab0c05732b1ad37d0/element - {"using":"css selector","value":"#shell-header-logo"}
COMMAND: GET /session/4ca0da1f05d229fab0c05732b1ad37d0/screenshot - {}
RESULT: {}
RESULT: {"using":"css selector","value":"#shell-header-logo"}
COMMAND: POST /session/4ca0da1f05d229fab0c05732b1ad37d0/element/f.D01EC4AF0A1BFC1E8396569751E97BC9.d.5CF2118BAF3E5AF3C885E2018A9F7142.e.14918/click - {}
RESULT: {}
RESULT: {}
COMMAND: GET /session/4ca0da1f05d229fab0c05732b1ad37d0/screenshot - {}
RESULT: {}
COMMAND: POST /session/4ca0da1f05d229fab0c05732b1ad37d0/execute/async - {"script":"<script> [189 bytes]","args":[]}
RESULT: {"script":"<script> [189 bytes]","args":[]}
COMMAND: POST /session/4ca0da1f05d229fab0c05732b1ad37d0/execute/async - {"script":"<script> [123 bytes]","args":[]}
RESULT: {"script":"<script> [123 bytes]","args":[]}
COMMAND: POST /session/4ca0da1f05d229fab0c05732b1ad37d0/timeouts - {"script":"<number>"}
RESULT: {"script":"<number>"}
COMMAND: GET /session/4ca0da1f05d229fab0c05732b1ad37d0/timeouts - {}
RESULT: {}
RESULT: undefined
COMMAND: POST /session/4ca0da1f05d229fab0c05732b1ad37d0/execute/async - {"script":"<script> [2676 bytes]","args":[]}
RESULT: {"script":"<script> [2676 bytes]","args":[]}
COMMAND: POST /session/4ca0da1f05d229fab0c05732b1ad37d0/execute/async - {"script":"<script> [2342 bytes]","args":[{"protocol":"http","hostname":"0.0.0.0","path":"/","capabilities":{"browserName":"chrome","goog:chromeOptions":{"binary":"C:\\Program Files\\Google\\Chrome\\Application\\chrome.exe","args":["--start-maximized"]}},"logLevel":"warn","connectionRetryTimeout":120000,"connectionRetryCount":3,"logLevels":{},"enableDirectConnect":true,"strictSSL":true,"_":"65 more keys: [\"cacheDir\",\"port\",\"requestedCapabilities\",\"automationProtocol\",\"baseUrl\",\"waitforInterval\",\"waitforTimeout\",\"onReload\",\"beforeCommand\",\"afterCommand\",\"rootDir\",\"specs\",\"suites\",\"exclude\",\"groupLogsByTestSpec\",\"excludeDriverLogs\",\"bail\",\"framework\",\"reporters\",\"services\",\"maxInstances\",\"maxInstancesPerCapability\",\"injectGlobals\",\"filesToWatch\",\"execArgv\",\"runnerEnv\",\"runner\",\"shard\",\"specFileRetries\",\"specFileRetriesDelay\",\"specFileRetriesDeferred\",\"reporterSyncInterval\",\"reporterSyncTimeout\",\"cucumberFeaturesWithLineNumbers\",\"autoCompileOpts\",\"mochaOpts\",\"jasmineOpts\",\"cucumberOpts\",\"onPrepare\",\"onWorkerStart\",\"onWorkerEnd\",\"before\",\"beforeSession\",\"beforeSuite\",\"beforeHook\",\"beforeTest\",\"afterTest\",\"afterHook\",\"afterSuite\",\"afterSession\",\"after\",\"onComplete\",\"beforeAssertion\",\"afterAssertion\",\"beforeFeature\",\"beforeScenario\",\"beforeStep\",\"afterStep\",\"afterScenario\",\"afterFeature\",\"_\",\"suite\",\"$0\",\"ignoredWorkerServices\",\"wdi5\"]"}]}
RESULT: {"script":"<script> [2342 bytes]","args":[{"protocol":"http","hostname":"0.0.0.0","path":"/","capabilities":{"browserName":"chrome","goog:chromeOptions":{"binary":"C:\\Program Files\\Google\\Chrome\\Application\\chrome.exe","args":["--start-maximized"]}},"logLevel":"warn","connectionRetryTimeout":120000,"connectionRetryCount":3,"logLevels":{},"enableDirectConnect":true,"strictSSL":true,"_":"65 more keys: [\"cacheDir\",\"port\",\"requestedCapabilities\",\"automationProtocol\",\"baseUrl\",\"waitforInterval\",\"waitforTimeout\",\"onReload\",\"beforeCommand\",\"afterCommand\",\"rootDir\",\"specs\",\"suites\",\"exclude\",\"groupLogsByTestSpec\",\"excludeDriverLogs\",\"bail\",\"framework\",\"reporters\",\"services\",\"maxInstances\",\"maxInstancesPerCapability\",\"injectGlobals\",\"filesToWatch\",\"execArgv\",\"runnerEnv\",\"runner\",\"shard\",\"specFileRetries\",\"specFileRetriesDelay\",\"specFileRetriesDeferred\",\"reporterSyncInterval\",\"reporterSyncTimeout\",\"cucumberFeaturesWithLineNumbers\",\"autoCompileOpts\",\"mochaOpts\",\"jasmineOpts\",\"cucumberOpts\",\"onPrepare\",\"onWorkerStart\",\"onWorkerEnd\",\"before\",\"beforeSession\",\"beforeSuite\",\"beforeHook\",\"beforeTest\",\"afterTest\",\"afterHook\",\"afterSuite\",\"afterSession\",\"after\",\"onComplete\",\"beforeAssertion\",\"afterAssertion\",\"beforeFeature\",\"beforeScenario\",\"beforeStep\",\"afterStep\",\"afterScenario\",\"afterFeature\",\"_\",\"suite\",\"$0\",\"ignoredWorkerServices\",\"wdi5\"]"}]}
COMMAND: POST /session/4ca0da1f05d229fab0c05732b1ad37d0/execute/async - {"script":"<script> [21126 bytes]","args":[35000]}
RESULT: {"script":"<script> [21126 bytes]","args":[35000]}
COMMAND: POST /session/4ca0da1f05d229fab0c05732b1ad37d0/window/maximize - {}
RESULT: {}
COMMAND: POST /session/4ca0da1f05d229fab0c05732b1ad37d0/execute/async - {"script":"<script> [1562 bytes]","args":[{"selector":{"id":"shell-header","interaction":{"idSuffix":"icon"}},"wdio_ui5_key":"shellheader"}]}
COMMAND: GET /session/4ca0da1f05d229fab0c05732b1ad37d0/screenshot - {}
RESULT: {"script":"<script> [1562 bytes]","args":[{"selector":{"id":"shell-header","interaction":{"idSuffix":"icon"}},"wdio_ui5_key":"shellheader"}]}
RESULT: undefined
COMMAND: POST /session/4ca0da1f05d229fab0c05732b1ad37d0/refresh - {}
RESULT: {}
RESULT: {}
COMMAND: GET /session/4ca0da1f05d229fab0c05732b1ad37d0/screenshot - {}
RESULT: {}
COMMAND: POST /session/4ca0da1f05d229fab0c05732b1ad37d0/refresh - {}
RESULT: {}
COMMAND: GET /session/4ca0da1f05d229fab0c05732b1ad37d0/screenshot - {}
RESULT: {}
COMMAND: POST /session/4ca0da1f05d229fab0c05732b1ad37d0/window/fullscreen - {}
RESULT: {}
COMMAND: POST /session/4ca0da1f05d229fab0c05732b1ad37d0/execute/async - {"script":"<script> [189 bytes]","args":[]}
RESULT: {"script":"<script> [189 bytes]","args":[]}
COMMAND: POST /session/4ca0da1f05d229fab0c05732b1ad37d0/execute/async - {"script":"<script> [123 bytes]","args":[]}
RESULT: {"script":"<script> [123 bytes]","args":[]}
COMMAND: POST /session/4ca0da1f05d229fab0c05732b1ad37d0/timeouts - {"script":"<number>"}
RESULT: {"script":"<number>"}
COMMAND: GET /session/4ca0da1f05d229fab0c05732b1ad37d0/timeouts - {}
RESULT: {}
RESULT: undefined
COMMAND: POST /session/4ca0da1f05d229fab0c05732b1ad37d0/execute/async - {"script":"<script> [2676 bytes]","args":[]}
RESULT: {"script":"<script> [2676 bytes]","args":[]}
COMMAND: POST /session/4ca0da1f05d229fab0c05732b1ad37d0/execute/async - {"script":"<script> [2342 bytes]","args":[{"protocol":"http","hostname":"0.0.0.0","path":"/","capabilities":{"browserName":"chrome","goog:chromeOptions":{"binary":"C:\\Program Files\\Google\\Chrome\\Application\\chrome.exe","args":["--start-maximized"]}},"logLevel":"warn","connectionRetryTimeout":120000,"connectionRetryCount":3,"logLevels":{},"enableDirectConnect":true,"strictSSL":true,"_":"65 more keys: [\"cacheDir\",\"port\",\"requestedCapabilities\",\"automationProtocol\",\"baseUrl\",\"waitforInterval\",\"waitforTimeout\",\"onReload\",\"beforeCommand\",\"afterCommand\",\"rootDir\",\"specs\",\"suites\",\"exclude\",\"groupLogsByTestSpec\",\"excludeDriverLogs\",\"bail\",\"framework\",\"reporters\",\"services\",\"maxInstances\",\"maxInstancesPerCapability\",\"injectGlobals\",\"filesToWatch\",\"execArgv\",\"runnerEnv\",\"runner\",\"shard\",\"specFileRetries\",\"specFileRetriesDelay\",\"specFileRetriesDeferred\",\"reporterSyncInterval\",\"reporterSyncTimeout\",\"cucumberFeaturesWithLineNumbers\",\"autoCompileOpts\",\"mochaOpts\",\"jasmineOpts\",\"cucumberOpts\",\"onPrepare\",\"onWorkerStart\",\"onWorkerEnd\",\"before\",\"beforeSession\",\"beforeSuite\",\"beforeHook\",\"beforeTest\",\"afterTest\",\"afterHook\",\"afterSuite\",\"afterSession\",\"after\",\"onComplete\",\"beforeAssertion\",\"afterAssertion\",\"beforeFeature\",\"beforeScenario\",\"beforeStep\",\"afterStep\",\"afterScenario\",\"afterFeature\",\"_\",\"suite\",\"$0\",\"ignoredWorkerServices\",\"wdi5\"]"}]}
RESULT: {"script":"<script> [2342 bytes]","args":[{"protocol":"http","hostname":"0.0.0.0","path":"/","capabilities":{"browserName":"chrome","goog:chromeOptions":{"binary":"C:\\Program Files\\Google\\Chrome\\Application\\chrome.exe","args":["--start-maximized"]}},"logLevel":"warn","connectionRetryTimeout":120000,"connectionRetryCount":3,"logLevels":{},"enableDirectConnect":true,"strictSSL":true,"_":"65 more keys: [\"cacheDir\",\"port\",\"requestedCapabilities\",\"automationProtocol\",\"baseUrl\",\"waitforInterval\",\"waitforTimeout\",\"onReload\",\"beforeCommand\",\"afterCommand\",\"rootDir\",\"specs\",\"suites\",\"exclude\",\"groupLogsByTestSpec\",\"excludeDriverLogs\",\"bail\",\"framework\",\"reporters\",\"services\",\"maxInstances\",\"maxInstancesPerCapability\",\"injectGlobals\",\"filesToWatch\",\"execArgv\",\"runnerEnv\",\"runner\",\"shard\",\"specFileRetries\",\"specFileRetriesDelay\",\"specFileRetriesDeferred\",\"reporterSyncInterval\",\"reporterSyncTimeout\",\"cucumberFeaturesWithLineNumbers\",\"autoCompileOpts\",\"mochaOpts\",\"jasmineOpts\",\"cucumberOpts\",\"onPrepare\",\"onWorkerStart\",\"onWorkerEnd\",\"before\",\"beforeSession\",\"beforeSuite\",\"beforeHook\",\"beforeTest\",\"afterTest\",\"afterHook\",\"afterSuite\",\"afterSession\",\"after\",\"onComplete\",\"beforeAssertion\",\"afterAssertion\",\"beforeFeature\",\"beforeScenario\",\"beforeStep\",\"afterStep\",\"afterScenario\",\"afterFeature\",\"_\",\"suite\",\"$0\",\"ignoredWorkerServices\",\"wdi5\"]"}]}
COMMAND: POST /session/4ca0da1f05d229fab0c05732b1ad37d0/execute/async - {"script":"<script> [21126 bytes]","args":[35000]}
RESULT: {"script":"<script> [21126 bytes]","args":[35000]}
]]></system-out>
    </testcase>
  </testsuite>
  <testsuite timestamp="2025-04-29T17:53:39" time="1414.931" tests="20" failures="4" errors="4" skipped="0">
    <properties>
      <property name="specId" value="0" />
      <property name="suiteName" value="Billing Calculation - Time based (considering transport times) US139738" />
      <property name="capabilities" value="chrome.135_0_7049_96.windows" />
      <property name="file" value="file:///D:/a/1/s/test/specs/BTS/billing-calculation-transp-times.spec.js" />
    </properties>
    <testcase classname="chrome.135_0_7049_96.windows.Billing_Calculation_-_Time_based_(considering_transport_times)_US139738" name="Should create a new yard" time="0.021">
      <system-out><![CDATA[
COMMAND: POST /session/4ca0da1f05d229fab0c05732b1ad37d0/window/fullscreen - {}
RESULT: {}
]]></system-out>
    </testcase>
    <testcase classname="chrome.135_0_7049_96.windows.Billing_Calculation_-_Time_based_(considering_transport_times)_US139738" name="Should create a new partner" time="0.003" />
    <testcase classname="chrome.135_0_7049_96.windows.Billing_Calculation_-_Time_based_(considering_transport_times)_US139738" name="Should create a new site" time="92.76">
      <system-out><![CDATA[
COMMAND: POST /session/4ca0da1f05d229fab0c05732b1ad37d0/execute/async - {"script":"<script> [1562 bytes]","args":[{"selector":{"controlType":"sap.m.TileContent","bindingPath":{"path":"","propertyPath":"/properties/info"},"ancestor":{"controlType":"sap.m.GenericTile","properties":{"header":"Manage Sites"}}},"wdio_ui5_key":"sapm.TileContent{\"path\":\"\",\"propertyPath\":\"/properties/info\"}{\"controlType\":\"sap.m.GenericTile\",\"properties\":{\"header\":\"Manage Sites\"}}"}]}
RESULT: {"script":"<script> [1562 bytes]","args":[{"selector":{"controlType":"sap.m.TileContent","bindingPath":{"path":"","propertyPath":"/properties/info"},"ancestor":{"controlType":"sap.m.GenericTile","properties":{"header":"Manage Sites"}}},"wdio_ui5_key":"sapm.TileContent{\"path\":\"\",\"propertyPath\":\"/properties/info\"}{\"controlType\":\"sap.m.GenericTile\",\"properties\":{\"header\":\"Manage Sites\"}}"}]}
RESULT: undefined
COMMAND: POST /session/4ca0da1f05d229fab0c05732b1ad37d0/element - {"using":"xpath","value":"//*[@id=\"__xmlview7--numericTileContent\"]"}
RESULT: {"using":"xpath","value":"//*[@id=\"__xmlview7--numericTileContent\"]"}
COMMAND: POST /session/4ca0da1f05d229fab0c05732b1ad37d0/element/f.D01EC4AF0A1BFC1E8396569751E97BC9.d.CBE1541FF67B246439F1D5CB931A8095.e.15193/click - {}
RESULT: {}
COMMAND: POST /session/4ca0da1f05d229fab0c05732b1ad37d0/element - {"using":"xpath","value":"//button[@data-kt=\"addOverflowToolbarButton\"]"}
COMMAND: GET /session/4ca0da1f05d229fab0c05732b1ad37d0/screenshot - {}
RESULT: {"using":"xpath","value":"//button[@data-kt=\"addOverflowToolbarButton\"]"}
COMMAND: POST /session/4ca0da1f05d229fab0c05732b1ad37d0/elements - {"using":"xpath","value":"//button[@data-kt=\"addOverflowToolbarButton\"]"}
RESULT: {}
RESULT: {"using":"xpath","value":"//button[@data-kt=\"addOverflowToolbarButton\"]"}
COMMAND: POST /session/4ca0da1f05d229fab0c05732b1ad37d0/elements - {"using":"xpath","value":"//button[@data-kt=\"addOverflowToolbarButton\"]"}
RESULT: {"using":"xpath","value":"//button[@data-kt=\"addOverflowToolbarButton\"]"}
COMMAND: POST /session/4ca0da1f05d229fab0c05732b1ad37d0/elements - {"using":"xpath","value":"//button[@data-kt=\"addOverflowToolbarButton\"]"}
RESULT: {"using":"xpath","value":"//button[@data-kt=\"addOverflowToolbarButton\"]"}
COMMAND: POST /session/4ca0da1f05d229fab0c05732b1ad37d0/elements - {"using":"xpath","value":"//button[@data-kt=\"addOverflowToolbarButton\"]"}
RESULT: {"using":"xpath","value":"//button[@data-kt=\"addOverflowToolbarButton\"]"}
COMMAND: POST /session/4ca0da1f05d229fab0c05732b1ad37d0/elements - {"using":"xpath","value":"//button[@data-kt=\"addOverflowToolbarButton\"]"}
RESULT: {"using":"xpath","value":"//button[@data-kt=\"addOverflowToolbarButton\"]"}
COMMAND: POST /session/4ca0da1f05d229fab0c05732b1ad37d0/elements - {"using":"xpath","value":"//button[@data-kt=\"addOverflowToolbarButton\"]"}
RESULT: {"using":"xpath","value":"//button[@data-kt=\"addOverflowToolbarButton\"]"}
COMMAND: POST /session/4ca0da1f05d229fab0c05732b1ad37d0/elements - {"using":"xpath","value":"//button[@data-kt=\"addOverflowToolbarButton\"]"}
RESULT: {"using":"xpath","value":"//button[@data-kt=\"addOverflowToolbarButton\"]"}
COMMAND: POST /session/4ca0da1f05d229fab0c05732b1ad37d0/elements - {"using":"xpath","value":"//button[@data-kt=\"addOverflowToolbarButton\"]"}
RESULT: {"using":"xpath","value":"//button[@data-kt=\"addOverflowToolbarButton\"]"}
COMMAND: POST /session/4ca0da1f05d229fab0c05732b1ad37d0/elements - {"using":"xpath","value":"//button[@data-kt=\"addOverflowToolbarButton\"]"}
RESULT: {"using":"xpath","value":"//button[@data-kt=\"addOverflowToolbarButton\"]"}
COMMAND: POST /session/4ca0da1f05d229fab0c05732b1ad37d0/elements - {"using":"xpath","value":"//button[@data-kt=\"addOverflowToolbarButton\"]"}
RESULT: {"using":"xpath","value":"//button[@data-kt=\"addOverflowToolbarButton\"]"}
COMMAND: POST /session/4ca0da1f05d229fab0c05732b1ad37d0/elements - {"using":"xpath","value":"//button[@data-kt=\"addOverflowToolbarButton\"]"}
RESULT: {"using":"xpath","value":"//button[@data-kt=\"addOverflowToolbarButton\"]"}
COMMAND: POST /session/4ca0da1f05d229fab0c05732b1ad37d0/elements - {"using":"xpath","value":"//button[@data-kt=\"addOverflowToolbarButton\"]"}
RESULT: {"using":"xpath","value":"//button[@data-kt=\"addOverflowToolbarButton\"]"}
COMMAND: POST /session/4ca0da1f05d229fab0c05732b1ad37d0/elements - {"using":"xpath","value":"//button[@data-kt=\"addOverflowToolbarButton\"]"}
RESULT: {"using":"xpath","value":"//button[@data-kt=\"addOverflowToolbarButton\"]"}
COMMAND: POST /session/4ca0da1f05d229fab0c05732b1ad37d0/elements - {"using":"xpath","value":"//button[@data-kt=\"addOverflowToolbarButton\"]"}
RESULT: {"using":"xpath","value":"//button[@data-kt=\"addOverflowToolbarButton\"]"}
COMMAND: POST /session/4ca0da1f05d229fab0c05732b1ad37d0/elements - {"using":"xpath","value":"//button[@data-kt=\"addOverflowToolbarButton\"]"}
RESULT: {"using":"xpath","value":"//button[@data-kt=\"addOverflowToolbarButton\"]"}
COMMAND: POST /session/4ca0da1f05d229fab0c05732b1ad37d0/elements - {"using":"xpath","value":"//button[@data-kt=\"addOverflowToolbarButton\"]"}
RESULT: {"using":"xpath","value":"//button[@data-kt=\"addOverflowToolbarButton\"]"}
COMMAND: POST /session/4ca0da1f05d229fab0c05732b1ad37d0/elements - {"using":"xpath","value":"//button[@data-kt=\"addOverflowToolbarButton\"]"}
RESULT: {"using":"xpath","value":"//button[@data-kt=\"addOverflowToolbarButton\"]"}
COMMAND: POST /session/4ca0da1f05d229fab0c05732b1ad37d0/elements - {"using":"xpath","value":"//button[@data-kt=\"addOverflowToolbarButton\"]"}
RESULT: {"using":"xpath","value":"//button[@data-kt=\"addOverflowToolbarButton\"]"}
COMMAND: POST /session/4ca0da1f05d229fab0c05732b1ad37d0/elements - {"using":"xpath","value":"//button[@data-kt=\"addOverflowToolbarButton\"]"}
RESULT: {"using":"xpath","value":"//button[@data-kt=\"addOverflowToolbarButton\"]"}
COMMAND: POST /session/4ca0da1f05d229fab0c05732b1ad37d0/elements - {"using":"xpath","value":"//button[@data-kt=\"addOverflowToolbarButton\"]"}
RESULT: {"using":"xpath","value":"//button[@data-kt=\"addOverflowToolbarButton\"]"}
COMMAND: POST /session/4ca0da1f05d229fab0c05732b1ad37d0/elements - {"using":"xpath","value":"//button[@data-kt=\"addOverflowToolbarButton\"]"}
RESULT: {"using":"xpath","value":"//button[@data-kt=\"addOverflowToolbarButton\"]"}
COMMAND: POST /session/4ca0da1f05d229fab0c05732b1ad37d0/elements - {"using":"xpath","value":"//button[@data-kt=\"addOverflowToolbarButton\"]"}
RESULT: {"using":"xpath","value":"//button[@data-kt=\"addOverflowToolbarButton\"]"}
COMMAND: POST /session/4ca0da1f05d229fab0c05732b1ad37d0/elements - {"using":"xpath","value":"//button[@data-kt=\"addOverflowToolbarButton\"]"}
RESULT: {"using":"xpath","value":"//button[@data-kt=\"addOverflowToolbarButton\"]"}
COMMAND: POST /session/4ca0da1f05d229fab0c05732b1ad37d0/elements - {"using":"xpath","value":"//button[@data-kt=\"addOverflowToolbarButton\"]"}
RESULT: {"using":"xpath","value":"//button[@data-kt=\"addOverflowToolbarButton\"]"}
COMMAND: POST /session/4ca0da1f05d229fab0c05732b1ad37d0/elements - {"using":"xpath","value":"//button[@data-kt=\"addOverflowToolbarButton\"]"}
RESULT: {"using":"xpath","value":"//button[@data-kt=\"addOverflowToolbarButton\"]"}
COMMAND: POST /session/4ca0da1f05d229fab0c05732b1ad37d0/elements - {"using":"xpath","value":"//button[@data-kt=\"addOverflowToolbarButton\"]"}
RESULT: {"using":"xpath","value":"//button[@data-kt=\"addOverflowToolbarButton\"]"}
COMMAND: POST /session/4ca0da1f05d229fab0c05732b1ad37d0/element - {"using":"xpath","value":"//button[@data-kt=\"addOverflowToolbarButton\"]"}
RESULT: {"using":"xpath","value":"//button[@data-kt=\"addOverflowToolbarButton\"]"}
COMMAND: POST /session/4ca0da1f05d229fab0c05732b1ad37d0/execute/sync - {"script":"<script> [8489 bytes]","args":[{"element-6066-11e4-a52e-4f735466cecf":"f.D01EC4AF0A1BFC1E8396569751E97BC9.d.CBE1541FF67B246439F1D5CB931A8095.e.15223","ELEMENT":"f.D01EC4AF0A1BFC1E8396569751E97BC9.d.CBE1541FF67B246439F1D5CB931A8095.e.15223"}]}
RESULT: {"script":"<script> [8489 bytes]","args":[{"element-6066-11e4-a52e-4f735466cecf":"f.D01EC4AF0A1BFC1E8396569751E97BC9.d.CBE1541FF67B246439F1D5CB931A8095.e.15223","ELEMENT":"f.D01EC4AF0A1BFC1E8396569751E97BC9.d.CBE1541FF67B246439F1D5CB931A8095.e.15223"}]}
COMMAND: GET /session/4ca0da1f05d229fab0c05732b1ad37d0/element/f.D01EC4AF0A1BFC1E8396569751E97BC9.d.CBE1541FF67B246439F1D5CB931A8095.e.15223/enabled - {}
COMMAND: GET /session/4ca0da1f05d229fab0c05732b1ad37d0/screenshot - {}
RESULT: {}
COMMAND: POST /session/4ca0da1f05d229fab0c05732b1ad37d0/execute/sync - {"script":"<script> [8489 bytes]","args":[{"element-6066-11e4-a52e-4f735466cecf":"f.D01EC4AF0A1BFC1E8396569751E97BC9.d.CBE1541FF67B246439F1D5CB931A8095.e.15223","ELEMENT":"f.D01EC4AF0A1BFC1E8396569751E97BC9.d.CBE1541FF67B246439F1D5CB931A8095.e.15223"}]}
COMMAND: GET /session/4ca0da1f05d229fab0c05732b1ad37d0/screenshot - {}
RESULT: {}
RESULT: {"script":"<script> [8489 bytes]","args":[{"element-6066-11e4-a52e-4f735466cecf":"f.D01EC4AF0A1BFC1E8396569751E97BC9.d.CBE1541FF67B246439F1D5CB931A8095.e.15223","ELEMENT":"f.D01EC4AF0A1BFC1E8396569751E97BC9.d.CBE1541FF67B246439F1D5CB931A8095.e.15223"}]}
COMMAND: POST /session/4ca0da1f05d229fab0c05732b1ad37d0/execute/sync - {"script":"<script> [5351 bytes]","args":[{"element-6066-11e4-a52e-4f735466cecf":"f.D01EC4AF0A1BFC1E8396569751E97BC9.d.CBE1541FF67B246439F1D5CB931A8095.e.15223","ELEMENT":"f.D01EC4AF0A1BFC1E8396569751E97BC9.d.CBE1541FF67B246439F1D5CB931A8095.e.15223"}]}
COMMAND: GET /session/4ca0da1f05d229fab0c05732b1ad37d0/screenshot - {}
RESULT: {}
RESULT: {"script":"<script> [5351 bytes]","args":[{"element-6066-11e4-a52e-4f735466cecf":"f.D01EC4AF0A1BFC1E8396569751E97BC9.d.CBE1541FF67B246439F1D5CB931A8095.e.15223","ELEMENT":"f.D01EC4AF0A1BFC1E8396569751E97BC9.d.CBE1541FF67B246439F1D5CB931A8095.e.15223"}]}
COMMAND: POST /session/4ca0da1f05d229fab0c05732b1ad37d0/element/f.D01EC4AF0A1BFC1E8396569751E97BC9.d.CBE1541FF67B246439F1D5CB931A8095.e.15223/click - {}
RESULT: {}
COMMAND: GET /session/4ca0da1f05d229fab0c05732b1ad37d0/screenshot - {}
RESULT: {}
COMMAND: GET /session/4ca0da1f05d229fab0c05732b1ad37d0/screenshot - {}
RESULT: {}
RESULT: {}
COMMAND: POST /session/4ca0da1f05d229fab0c05732b1ad37d0/execute/async - {"script":"<script> [1562 bytes]","args":[{"selector":{"id":"application-managesites-display-component---NewSite--addressDetailDetailsName1","interaction":{"idSuffix":"inner"}},"wdio_ui5_key":"applicationmanagesites-display-component---NewSite--addressDetailDetailsName1"}]}
RESULT: {"script":"<script> [1562 bytes]","args":[{"selector":{"id":"application-managesites-display-component---NewSite--addressDetailDetailsName1","interaction":{"idSuffix":"inner"}},"wdio_ui5_key":"applicationmanagesites-display-component---NewSite--addressDetailDetailsName1"}]}
RESULT: undefined
COMMAND: POST /session/4ca0da1f05d229fab0c05732b1ad37d0/execute/async - {"script":"<script> [776 bytes]","args":[{"enterText":"Intracompany Site wdIO","selector":{"id":"application-managesites-display-component---NewSite--addressDetailDetailsName1","interaction":{"idSuffix":"inner"}},"clearTextFirst":true,"interactionType":"ENTER_TEXT"}]}
RESULT: {"script":"<script> [776 bytes]","args":[{"enterText":"Intracompany Site wdIO","selector":{"id":"application-managesites-display-component---NewSite--addressDetailDetailsName1","interaction":{"idSuffix":"inner"}},"clearTextFirst":true,"interactionType":"ENTER_TEXT"}]}
COMMAND: POST /session/4ca0da1f05d229fab0c05732b1ad37d0/execute/async - {"script":"<script> [1562 bytes]","args":[{"selector":{"id":"application-managesites-display-component---NewSite--addressDetailDetailsLanguage-arrow"},"wdio_ui5_key":"applicationmanagesites-display-component---NewSite--addressDetailDetailsLanguage-arrow"}]}
RESULT: {"script":"<script> [1562 bytes]","args":[{"selector":{"id":"application-managesites-display-component---NewSite--addressDetailDetailsLanguage-arrow"},"wdio_ui5_key":"applicationmanagesites-display-component---NewSite--addressDetailDetailsLanguage-arrow"}]}
RESULT: undefined
COMMAND: POST /session/4ca0da1f05d229fab0c05732b1ad37d0/element - {"using":"xpath","value":"//*[@id=\"application-managesites-display-component---NewSite--addressDetailDetailsLanguage-arrow\"]"}
RESULT: {"using":"xpath","value":"//*[@id=\"application-managesites-display-component---NewSite--addressDetailDetailsLanguage-arrow\"]"}
COMMAND: POST /session/4ca0da1f05d229fab0c05732b1ad37d0/element/f.D01EC4AF0A1BFC1E8396569751E97BC9.d.CBE1541FF67B246439F1D5CB931A8095.e.15624/click - {}
RESULT: {}
COMMAND: POST /session/4ca0da1f05d229fab0c05732b1ad37d0/element - {"using":"xpath","value":"//span[contains(text(), \"English\")]"}
COMMAND: GET /session/4ca0da1f05d229fab0c05732b1ad37d0/screenshot - {}
RESULT: {"using":"xpath","value":"//span[contains(text(), \"English\")]"}
COMMAND: POST /session/4ca0da1f05d229fab0c05732b1ad37d0/element/f.D01EC4AF0A1BFC1E8396569751E97BC9.d.CBE1541FF67B246439F1D5CB931A8095.e.15625/click - {}
RESULT: {}
RESULT: {}
COMMAND: POST /session/4ca0da1f05d229fab0c05732b1ad37d0/execute/async - {"script":"<script> [1562 bytes]","args":[{"selector":{"id":"application-managesites-display-component---NewSite--addressDetailDetailsCity1","interaction":{"idSuffix":"inner"}},"wdio_ui5_key":"applicationmanagesites-display-component---NewSite--addressDetailDetailsCity1"}]}
COMMAND: GET /session/4ca0da1f05d229fab0c05732b1ad37d0/screenshot - {}
RESULT: {"script":"<script> [1562 bytes]","args":[{"selector":{"id":"application-managesites-display-component---NewSite--addressDetailDetailsCity1","interaction":{"idSuffix":"inner"}},"wdio_ui5_key":"applicationmanagesites-display-component---NewSite--addressDetailDetailsCity1"}]}
RESULT: undefined
COMMAND: POST /session/4ca0da1f05d229fab0c05732b1ad37d0/execute/async - {"script":"<script> [776 bytes]","args":[{"enterText":"Rosario","selector":{"id":"application-managesites-display-component---NewSite--addressDetailDetailsCity1","interaction":{"idSuffix":"inner"}},"clearTextFirst":true,"interactionType":"ENTER_TEXT"}]}
RESULT: {}
RESULT: {"script":"<script> [776 bytes]","args":[{"enterText":"Rosario","selector":{"id":"application-managesites-display-component---NewSite--addressDetailDetailsCity1","interaction":{"idSuffix":"inner"}},"clearTextFirst":true,"interactionType":"ENTER_TEXT"}]}
COMMAND: POST /session/4ca0da1f05d229fab0c05732b1ad37d0/execute/async - {"script":"<script> [1562 bytes]","args":[{"selector":{"id":"application-managesites-display-component---NewSite--addressDetailDetailsCountry-arrow"},"wdio_ui5_key":"applicationmanagesites-display-component---NewSite--addressDetailDetailsCountry-arrow"}]}
RESULT: {"script":"<script> [1562 bytes]","args":[{"selector":{"id":"application-managesites-display-component---NewSite--addressDetailDetailsCountry-arrow"},"wdio_ui5_key":"applicationmanagesites-display-component---NewSite--addressDetailDetailsCountry-arrow"}]}
RESULT: undefined
COMMAND: POST /session/4ca0da1f05d229fab0c05732b1ad37d0/element - {"using":"xpath","value":"//*[@id=\"application-managesites-display-component---NewSite--addressDetailDetailsCountry-arrow\"]"}
RESULT: {"using":"xpath","value":"//*[@id=\"application-managesites-display-component---NewSite--addressDetailDetailsCountry-arrow\"]"}
COMMAND: POST /session/4ca0da1f05d229fab0c05732b1ad37d0/element/f.D01EC4AF0A1BFC1E8396569751E97BC9.d.CBE1541FF67B246439F1D5CB931A8095.e.15627/click - {}
RESULT: {}
COMMAND: POST /session/4ca0da1f05d229fab0c05732b1ad37d0/element - {"using":"xpath","value":"//span[contains(text(), \"Argentina\")]"}
COMMAND: GET /session/4ca0da1f05d229fab0c05732b1ad37d0/screenshot - {}
RESULT: {"using":"xpath","value":"//span[contains(text(), \"Argentina\")]"}
COMMAND: POST /session/4ca0da1f05d229fab0c05732b1ad37d0/element/f.D01EC4AF0A1BFC1E8396569751E97BC9.d.CBE1541FF67B246439F1D5CB931A8095.e.15629/click - {}
RESULT: {}
RESULT: {}
COMMAND: GET /session/4ca0da1f05d229fab0c05732b1ad37d0/screenshot - {}
RESULT: {}
COMMAND: POST /session/4ca0da1f05d229fab0c05732b1ad37d0/execute/async - {"script":"<script> [1562 bytes]","args":[{"selector":{"id":"application-managesites-display-component---NewSite--addressEditDetailsCostObjectCstType-arrow"},"wdio_ui5_key":"applicationmanagesites-display-component---NewSite--addressEditDetailsCostObjectCstType-arrow"}]}
RESULT: {"script":"<script> [1562 bytes]","args":[{"selector":{"id":"application-managesites-display-component---NewSite--addressEditDetailsCostObjectCstType-arrow"},"wdio_ui5_key":"applicationmanagesites-display-component---NewSite--addressEditDetailsCostObjectCstType-arrow"}]}
RESULT: undefined
COMMAND: POST /session/4ca0da1f05d229fab0c05732b1ad37d0/element - {"using":"xpath","value":"//*[@id=\"application-managesites-display-component---NewSite--addressEditDetailsCostObjectCstType-arrow\"]"}
RESULT: {"using":"xpath","value":"//*[@id=\"application-managesites-display-component---NewSite--addressEditDetailsCostObjectCstType-arrow\"]"}
COMMAND: POST /session/4ca0da1f05d229fab0c05732b1ad37d0/element/f.D01EC4AF0A1BFC1E8396569751E97BC9.d.CBE1541FF67B246439F1D5CB931A8095.e.15630/click - {}
RESULT: {}
COMMAND: POST /session/4ca0da1f05d229fab0c05732b1ad37d0/element - {"using":"xpath","value":"//span[contains(text(), \"Cost Center\")]"}
COMMAND: GET /session/4ca0da1f05d229fab0c05732b1ad37d0/screenshot - {}
RESULT: {"using":"xpath","value":"//span[contains(text(), \"Cost Center\")]"}
COMMAND: POST /session/4ca0da1f05d229fab0c05732b1ad37d0/element/f.D01EC4AF0A1BFC1E8396569751E97BC9.d.CBE1541FF67B246439F1D5CB931A8095.e.15631/click - {}
RESULT: {}
RESULT: {}
COMMAND: GET /session/4ca0da1f05d229fab0c05732b1ad37d0/screenshot - {}
RESULT: {}
COMMAND: POST /session/4ca0da1f05d229fab0c05732b1ad37d0/element - {"using":"xpath","value":"//span[@id=\"application-managesites-display-component---NewSite--addressNewCostObjectCstID-vhi\"]"}
RESULT: {"using":"xpath","value":"//span[@id=\"application-managesites-display-component---NewSite--addressNewCostObjectCstID-vhi\"]"}
COMMAND: POST /session/4ca0da1f05d229fab0c05732b1ad37d0/execute/sync - {"script":"<script> [8489 bytes]","args":[{"element-6066-11e4-a52e-4f735466cecf":"f.D01EC4AF0A1BFC1E8396569751E97BC9.d.CBE1541FF67B246439F1D5CB931A8095.e.15635","ELEMENT":"f.D01EC4AF0A1BFC1E8396569751E97BC9.d.CBE1541FF67B246439F1D5CB931A8095.e.15635"}]}
RESULT: {"script":"<script> [8489 bytes]","args":[{"element-6066-11e4-a52e-4f735466cecf":"f.D01EC4AF0A1BFC1E8396569751E97BC9.d.CBE1541FF67B246439F1D5CB931A8095.e.15635","ELEMENT":"f.D01EC4AF0A1BFC1E8396569751E97BC9.d.CBE1541FF67B246439F1D5CB931A8095.e.15635"}]}
COMMAND: POST /session/4ca0da1f05d229fab0c05732b1ad37d0/execute/async - {"script":"<script> [1562 bytes]","args":[{"selector":{"id":"application-managesites-display-component---NewSite--addressNewCostObjectCstID-vhi"},"wdio_ui5_key":"applicationmanagesites-display-component---NewSite--addressNewCostObjectCstID-vhi"}]}
COMMAND: GET /session/4ca0da1f05d229fab0c05732b1ad37d0/screenshot - {}
RESULT: {"script":"<script> [1562 bytes]","args":[{"selector":{"id":"application-managesites-display-component---NewSite--addressNewCostObjectCstID-vhi"},"wdio_ui5_key":"applicationmanagesites-display-component---NewSite--addressNewCostObjectCstID-vhi"}]}
RESULT: undefined
COMMAND: POST /session/4ca0da1f05d229fab0c05732b1ad37d0/element - {"using":"xpath","value":"//*[@id=\"application-managesites-display-component---NewSite--addressNewCostObjectCstID-vhi\"]"}
RESULT: {}
RESULT: {"using":"xpath","value":"//*[@id=\"application-managesites-display-component---NewSite--addressNewCostObjectCstID-vhi\"]"}
COMMAND: POST /session/4ca0da1f05d229fab0c05732b1ad37d0/element/f.D01EC4AF0A1BFC1E8396569751E97BC9.d.CBE1541FF67B246439F1D5CB931A8095.e.15635/click - {}
RESULT: {}
COMMAND: GET /session/4ca0da1f05d229fab0c05732b1ad37d0/screenshot - {}
RESULT: {}
COMMAND: POST /session/4ca0da1f05d229fab0c05732b1ad37d0/execute/async - {"script":"<script> [1562 bytes]","args":[{"selector":{"controlType":"sap.m.SearchField","properties":{"placeholder":"Search"},"searchOpenDialogs":true,"interaction":{"idSuffix":"I"}},"wdio_ui5_key":"sapm.SearchField{\"placeholder\":\"Search\"}"}]}
RESULT: {"script":"<script> [1562 bytes]","args":[{"selector":{"controlType":"sap.m.SearchField","properties":{"placeholder":"Search"},"searchOpenDialogs":true,"interaction":{"idSuffix":"I"}},"wdio_ui5_key":"sapm.SearchField{\"placeholder\":\"Search\"}"}]}
RESULT: undefined
COMMAND: POST /session/4ca0da1f05d229fab0c05732b1ad37d0/execute/async - {"script":"<script> [776 bytes]","args":[{"enterText":"10001013","selector":{"controlType":"sap.m.SearchField","properties":{"placeholder":"Search"},"searchOpenDialogs":true,"interaction":{"idSuffix":"I"}},"clearTextFirst":true,"interactionType":"ENTER_TEXT"}]}
RESULT: {"script":"<script> [776 bytes]","args":[{"enterText":"10001013","selector":{"controlType":"sap.m.SearchField","properties":{"placeholder":"Search"},"searchOpenDialogs":true,"interaction":{"idSuffix":"I"}},"clearTextFirst":true,"interactionType":"ENTER_TEXT"}]}
COMMAND: POST /session/4ca0da1f05d229fab0c05732b1ad37d0/actions - {"actions":[{"id":"action55","type":"key","parameters":{},"actions":[{"type":"keyDown","value":"î€‡"},{"type":"pause","duration":10},{"type":"keyUp","value":"î€‡"}]}]}
RESULT: {"actions":[{"id":"action55","type":"key","parameters":{},"actions":[{"type":"keyDown","value":"î€‡"},{"type":"pause","duration":10},{"type":"keyUp","value":"î€‡"}]}]}
COMMAND: GET /session/4ca0da1f05d229fab0c05732b1ad37d0/screenshot - {}
RESULT: {}
COMMAND: POST /session/4ca0da1f05d229fab0c05732b1ad37d0/element - {"using":"xpath","value":"//span[contains(text(), \"General Management\")]"}
RESULT: {"using":"xpath","value":"//span[contains(text(), \"General Management\")]"}
COMMAND: POST /session/4ca0da1f05d229fab0c05732b1ad37d0/element/f.D01EC4AF0A1BFC1E8396569751E97BC9.d.CBE1541FF67B246439F1D5CB931A8095.e.15675/click - {}
RESULT: {}
COMMAND: GET /session/4ca0da1f05d229fab0c05732b1ad37d0/screenshot - {}
RESULT: {}
COMMAND: POST /session/4ca0da1f05d229fab0c05732b1ad37d0/element - {"using":"xpath","value":"//bdi[contains(text(), \"OK\")]"}
RESULT: {"using":"xpath","value":"//bdi[contains(text(), \"OK\")]"}
COMMAND: POST /session/4ca0da1f05d229fab0c05732b1ad37d0/element/f.D01EC4AF0A1BFC1E8396569751E97BC9.d.CBE1541FF67B246439F1D5CB931A8095.e.15676/click - {}
RESULT: {}
COMMAND: GET /session/4ca0da1f05d229fab0c05732b1ad37d0/screenshot - {}
RESULT: {}
COMMAND: POST /session/4ca0da1f05d229fab0c05732b1ad37d0/element - {"using":"xpath","value":"//input[@id=\"application-managesites-display-component---NewSite--addressDetailDetailsCalendar-inner\"]"}
RESULT: {"using":"xpath","value":"//input[@id=\"application-managesites-display-component---NewSite--addressDetailDetailsCalendar-inner\"]"}
COMMAND: POST /session/4ca0da1f05d229fab0c05732b1ad37d0/element/f.D01EC4AF0A1BFC1E8396569751E97BC9.d.CBE1541FF67B246439F1D5CB931A8095.e.15423/clear - {}
RESULT: {}
COMMAND: POST /session/4ca0da1f05d229fab0c05732b1ad37d0/element/f.D01EC4AF0A1BFC1E8396569751E97BC9.d.CBE1541FF67B246439F1D5CB931A8095.e.15423/value - {"text":"Unit"}
COMMAND: GET /session/4ca0da1f05d229fab0c05732b1ad37d0/screenshot - {}
RESULT: {"text":"Unit"}
COMMAND: GET /session/4ca0da1f05d229fab0c05732b1ad37d0/screenshot - {}
RESULT: {}
RESULT: {}
COMMAND: POST /session/4ca0da1f05d229fab0c05732b1ad37d0/actions - {"actions":[{"id":"action56","type":"key","parameters":{},"actions":[{"type":"keyDown","value":"î€‡"},{"type":"pause","duration":10},{"type":"keyUp","value":"î€‡"}]}]}
RESULT: {"actions":[{"id":"action56","type":"key","parameters":{},"actions":[{"type":"keyDown","value":"î€‡"},{"type":"pause","duration":10},{"type":"keyUp","value":"î€‡"}]}]}
COMMAND: POST /session/4ca0da1f05d229fab0c05732b1ad37d0/element - {"using":"xpath","value":"//input[@id=\"application-managesites-display-component---NewSite--addressDetailDetailsYard-inner\"]"}
COMMAND: GET /session/4ca0da1f05d229fab0c05732b1ad37d0/screenshot - {}
RESULT: {"using":"xpath","value":"//input[@id=\"application-managesites-display-component---NewSite--addressDetailDetailsYard-inner\"]"}
COMMAND: POST /session/4ca0da1f05d229fab0c05732b1ad37d0/element/f.D01EC4AF0A1BFC1E8396569751E97BC9.d.CBE1541FF67B246439F1D5CB931A8095.e.15424/clear - {}
RESULT: {}
RESULT: {}
COMMAND: POST /session/4ca0da1f05d229fab0c05732b1ad37d0/element/f.D01EC4AF0A1BFC1E8396569751E97BC9.d.CBE1541FF67B246439F1D5CB931A8095.e.15424/value - {"text":"412"}
COMMAND: GET /session/4ca0da1f05d229fab0c05732b1ad37d0/screenshot - {}
RESULT: {"text":"412"}
COMMAND: GET /session/4ca0da1f05d229fab0c05732b1ad37d0/screenshot - {}
RESULT: {}
RESULT: {}
COMMAND: POST /session/4ca0da1f05d229fab0c05732b1ad37d0/element - {"using":"xpath","value":"//li[.//span[text()='412']]"}
RESULT: {"using":"xpath","value":"//li[.//span[text()='412']]"}
COMMAND: POST /session/4ca0da1f05d229fab0c05732b1ad37d0/element/f.D01EC4AF0A1BFC1E8396569751E97BC9.d.CBE1541FF67B246439F1D5CB931A8095.e.15684/click - {}
RESULT: {}
COMMAND: GET /session/4ca0da1f05d229fab0c05732b1ad37d0/screenshot - {}
RESULT: {}
COMMAND: POST /session/4ca0da1f05d229fab0c05732b1ad37d0/element - {"using":"xpath","value":"//input[@id=\"application-managesites-display-component---NewSite--addressDetailDetailsPartner-inner\"]"}
RESULT: {"using":"xpath","value":"//input[@id=\"application-managesites-display-component---NewSite--addressDetailDetailsPartner-inner\"]"}
COMMAND: POST /session/4ca0da1f05d229fab0c05732b1ad37d0/element - {"using":"xpath","value":"//input[@id=\"application-managesites-display-component---NewSite--addressDetailDetailsPartner-inner\"]"}
RESULT: {"using":"xpath","value":"//input[@id=\"application-managesites-display-component---NewSite--addressDetailDetailsPartner-inner\"]"}
COMMAND: POST /session/4ca0da1f05d229fab0c05732b1ad37d0/element - {"using":"xpath","value":"//button[@data-kt=\"saveButton\"]"}
RESULT: {"using":"xpath","value":"//button[@data-kt=\"saveButton\"]"}
COMMAND: POST /session/4ca0da1f05d229fab0c05732b1ad37d0/element/f.D01EC4AF0A1BFC1E8396569751E97BC9.d.CBE1541FF67B246439F1D5CB931A8095.e.15604/click - {}
RESULT: {}
COMMAND: GET /session/4ca0da1f05d229fab0c05732b1ad37d0/screenshot - {}
RESULT: {}
COMMAND: POST /session/4ca0da1f05d229fab0c05732b1ad37d0/element - {"using":"xpath","value":"//header[contains(@id, 'ObjectPageLayout-headerTitle')]/div[1]/div[2]/div[2]/span[1]"}
RESULT: {"using":"xpath","value":"//header[contains(@id, 'ObjectPageLayout-headerTitle')]/div[1]/div[2]/div[2]/span[1]"}
COMMAND: POST /session/4ca0da1f05d229fab0c05732b1ad37d0/elements - {"using":"xpath","value":"//header[contains(@id, 'ObjectPageLayout-headerTitle')]/div[1]/div[2]/div[2]/span[1]"}
RESULT: {"using":"xpath","value":"//header[contains(@id, 'ObjectPageLayout-headerTitle')]/div[1]/div[2]/div[2]/span[1]"}
COMMAND: POST /session/4ca0da1f05d229fab0c05732b1ad37d0/execute/sync - {"script":"<script> [56 bytes]","args":[{"element-6066-11e4-a52e-4f735466cecf":"f.D01EC4AF0A1BFC1E8396569751E97BC9.d.CBE1541FF67B246439F1D5CB931A8095.e.15890","ELEMENT":"f.D01EC4AF0A1BFC1E8396569751E97BC9.d.CBE1541FF67B246439F1D5CB931A8095.e.15890"}]}
RESULT: {"script":"<script> [56 bytes]","args":[{"element-6066-11e4-a52e-4f735466cecf":"f.D01EC4AF0A1BFC1E8396569751E97BC9.d.CBE1541FF67B246439F1D5CB931A8095.e.15890","ELEMENT":"f.D01EC4AF0A1BFC1E8396569751E97BC9.d.CBE1541FF67B246439F1D5CB931A8095.e.15890"}]}
COMMAND: POST /session/4ca0da1f05d229fab0c05732b1ad37d0/element - {"using":"css selector","value":"#shell-header-logo"}
COMMAND: GET /session/4ca0da1f05d229fab0c05732b1ad37d0/screenshot - {}
RESULT: {"using":"css selector","value":"#shell-header-logo"}
COMMAND: POST /session/4ca0da1f05d229fab0c05732b1ad37d0/element/f.D01EC4AF0A1BFC1E8396569751E97BC9.d.CBE1541FF67B246439F1D5CB931A8095.e.15194/click - {}
RESULT: {}
RESULT: {}
COMMAND: GET /session/4ca0da1f05d229fab0c05732b1ad37d0/screenshot - {}
RESULT: {}
COMMAND: POST /session/4ca0da1f05d229fab0c05732b1ad37d0/execute/sync - {"script":"<script> [299 bytes]","args":[["getModel","getResource"]]}
RESULT: {"script":"<script> [299 bytes]","args":[["getModel","getResource"]]}
COMMAND: GET /session/4ca0da1f05d229fab0c05732b1ad37d0/screenshot - {}
]]></system-out>
    </testcase>
    <testcase classname="chrome.135_0_7049_96.windows.Billing_Calculation_-_Time_based_(considering_transport_times)_US139738" name="Should create the 1st equipment" time="114.918">
      <system-out><![CDATA[
COMMAND: POST /session/4ca0da1f05d229fab0c05732b1ad37d0/execute/async - {"script":"<script> [1562 bytes]","args":[{"selector":{"controlType":"sap.m.GenericTile","properties":{"header":"Manage Resources"}},"wdio_ui5_key":"sapm.GenericTile{\"header\":\"Manage Resources\"}"}]}
RESULT: {}
RESULT: {"script":"<script> [1562 bytes]","args":[{"selector":{"controlType":"sap.m.GenericTile","properties":{"header":"Manage Resources"}},"wdio_ui5_key":"sapm.GenericTile{\"header\":\"Manage Resources\"}"}]}
RESULT: undefined
COMMAND: POST /session/4ca0da1f05d229fab0c05732b1ad37d0/element - {"using":"xpath","value":"//*[@id=\"__tile39\"]"}
RESULT: {"using":"xpath","value":"//*[@id=\"__tile39\"]"}
COMMAND: POST /session/4ca0da1f05d229fab0c05732b1ad37d0/element/f.D01EC4AF0A1BFC1E8396569751E97BC9.d.CBE1541FF67B246439F1D5CB931A8095.e.15084/click - {}
RESULT: {}
COMMAND: POST /session/4ca0da1f05d229fab0c05732b1ad37d0/element - {"using":"xpath","value":"//button[@data-kt=\"addNewRUOverflowToolbarButton\"]"}
COMMAND: GET /session/4ca0da1f05d229fab0c05732b1ad37d0/screenshot - {}
RESULT: {"using":"xpath","value":"//button[@data-kt=\"addNewRUOverflowToolbarButton\"]"}
COMMAND: POST /session/4ca0da1f05d229fab0c05732b1ad37d0/elements - {"using":"xpath","value":"//button[@data-kt=\"addNewRUOverflowToolbarButton\"]"}
RESULT: {}
RESULT: {"using":"xpath","value":"//button[@data-kt=\"addNewRUOverflowToolbarButton\"]"}
COMMAND: POST /session/4ca0da1f05d229fab0c05732b1ad37d0/elements - {"using":"xpath","value":"//button[@data-kt=\"addNewRUOverflowToolbarButton\"]"}
RESULT: {"using":"xpath","value":"//button[@data-kt=\"addNewRUOverflowToolbarButton\"]"}
COMMAND: POST /session/4ca0da1f05d229fab0c05732b1ad37d0/elements - {"using":"xpath","value":"//button[@data-kt=\"addNewRUOverflowToolbarButton\"]"}
RESULT: {"using":"xpath","value":"//button[@data-kt=\"addNewRUOverflowToolbarButton\"]"}
COMMAND: POST /session/4ca0da1f05d229fab0c05732b1ad37d0/elements - {"using":"xpath","value":"//button[@data-kt=\"addNewRUOverflowToolbarButton\"]"}
RESULT: {"using":"xpath","value":"//button[@data-kt=\"addNewRUOverflowToolbarButton\"]"}
COMMAND: POST /session/4ca0da1f05d229fab0c05732b1ad37d0/element - {"using":"xpath","value":"//button[@data-kt=\"addNewRUOverflowToolbarButton\"]"}
RESULT: {"using":"xpath","value":"//button[@data-kt=\"addNewRUOverflowToolbarButton\"]"}
COMMAND: POST /session/4ca0da1f05d229fab0c05732b1ad37d0/execute/sync - {"script":"<script> [8489 bytes]","args":[{"element-6066-11e4-a52e-4f735466cecf":"f.D01EC4AF0A1BFC1E8396569751E97BC9.d.CBE1541FF67B246439F1D5CB931A8095.e.15922","ELEMENT":"f.D01EC4AF0A1BFC1E8396569751E97BC9.d.CBE1541FF67B246439F1D5CB931A8095.e.15922"}]}
RESULT: {"script":"<script> [8489 bytes]","args":[{"element-6066-11e4-a52e-4f735466cecf":"f.D01EC4AF0A1BFC1E8396569751E97BC9.d.CBE1541FF67B246439F1D5CB931A8095.e.15922","ELEMENT":"f.D01EC4AF0A1BFC1E8396569751E97BC9.d.CBE1541FF67B246439F1D5CB931A8095.e.15922"}]}
COMMAND: GET /session/4ca0da1f05d229fab0c05732b1ad37d0/element/f.D01EC4AF0A1BFC1E8396569751E97BC9.d.CBE1541FF67B246439F1D5CB931A8095.e.15922/enabled - {}
COMMAND: GET /session/4ca0da1f05d229fab0c05732b1ad37d0/screenshot - {}
RESULT: {}
COMMAND: POST /session/4ca0da1f05d229fab0c05732b1ad37d0/execute/sync - {"script":"<script> [8489 bytes]","args":[{"element-6066-11e4-a52e-4f735466cecf":"f.D01EC4AF0A1BFC1E8396569751E97BC9.d.CBE1541FF67B246439F1D5CB931A8095.e.15922","ELEMENT":"f.D01EC4AF0A1BFC1E8396569751E97BC9.d.CBE1541FF67B246439F1D5CB931A8095.e.15922"}]}
COMMAND: GET /session/4ca0da1f05d229fab0c05732b1ad37d0/screenshot - {}
RESULT: {}
RESULT: {}
RESULT: {"script":"<script> [8489 bytes]","args":[{"element-6066-11e4-a52e-4f735466cecf":"f.D01EC4AF0A1BFC1E8396569751E97BC9.d.CBE1541FF67B246439F1D5CB931A8095.e.15922","ELEMENT":"f.D01EC4AF0A1BFC1E8396569751E97BC9.d.CBE1541FF67B246439F1D5CB931A8095.e.15922"}]}
COMMAND: POST /session/4ca0da1f05d229fab0c05732b1ad37d0/execute/sync - {"script":"<script> [5351 bytes]","args":[{"element-6066-11e4-a52e-4f735466cecf":"f.D01EC4AF0A1BFC1E8396569751E97BC9.d.CBE1541FF67B246439F1D5CB931A8095.e.15922","ELEMENT":"f.D01EC4AF0A1BFC1E8396569751E97BC9.d.CBE1541FF67B246439F1D5CB931A8095.e.15922"}]}
COMMAND: GET /session/4ca0da1f05d229fab0c05732b1ad37d0/screenshot - {}
RESULT: {"script":"<script> [5351 bytes]","args":[{"element-6066-11e4-a52e-4f735466cecf":"f.D01EC4AF0A1BFC1E8396569751E97BC9.d.CBE1541FF67B246439F1D5CB931A8095.e.15922","ELEMENT":"f.D01EC4AF0A1BFC1E8396569751E97BC9.d.CBE1541FF67B246439F1D5CB931A8095.e.15922"}]}
COMMAND: POST /session/4ca0da1f05d229fab0c05732b1ad37d0/element/f.D01EC4AF0A1BFC1E8396569751E97BC9.d.CBE1541FF67B246439F1D5CB931A8095.e.15922/click - {}
COMMAND: GET /session/4ca0da1f05d229fab0c05732b1ad37d0/screenshot - {}
RESULT: {}
RESULT: {}
COMMAND: GET /session/4ca0da1f05d229fab0c05732b1ad37d0/screenshot - {}
RESULT: {}
COMMAND: POST /session/4ca0da1f05d229fab0c05732b1ad37d0/execute/async - {"script":"<script> [1562 bytes]","args":[{"selector":{"id":"application-manageresources-display-component---newResourceUnit--TYPE-arrow"},"wdio_ui5_key":"applicationmanageresources-display-component---newResourceUnit--TYPE-arrow"}]}
RESULT: {}
RESULT: {"script":"<script> [1562 bytes]","args":[{"selector":{"id":"application-manageresources-display-component---newResourceUnit--TYPE-arrow"},"wdio_ui5_key":"applicationmanageresources-display-component---newResourceUnit--TYPE-arrow"}]}
RESULT: undefined
COMMAND: POST /session/4ca0da1f05d229fab0c05732b1ad37d0/element - {"using":"xpath","value":"//*[@id=\"application-manageresources-display-component---newResourceUnit--TYPE-arrow\"]"}
RESULT: {"using":"xpath","value":"//*[@id=\"application-manageresources-display-component---newResourceUnit--TYPE-arrow\"]"}
COMMAND: POST /session/4ca0da1f05d229fab0c05732b1ad37d0/element/f.D01EC4AF0A1BFC1E8396569751E97BC9.d.CBE1541FF67B246439F1D5CB931A8095.e.16290/click - {}
RESULT: {}
COMMAND: POST /session/4ca0da1f05d229fab0c05732b1ad37d0/element - {"using":"xpath","value":"//input[@id=\"application-manageresources-display-component---newResourceUnit--TYPE-inner\"]"}
COMMAND: GET /session/4ca0da1f05d229fab0c05732b1ad37d0/screenshot - {}
RESULT: {"using":"xpath","value":"//input[@id=\"application-manageresources-display-component---newResourceUnit--TYPE-inner\"]"}
COMMAND: POST /session/4ca0da1f05d229fab0c05732b1ad37d0/element/f.D01EC4AF0A1BFC1E8396569751E97BC9.d.CBE1541FF67B246439F1D5CB931A8095.e.16275/clear - {}
RESULT: {}
RESULT: {}
COMMAND: POST /session/4ca0da1f05d229fab0c05732b1ad37d0/element/f.D01EC4AF0A1BFC1E8396569751E97BC9.d.CBE1541FF67B246439F1D5CB931A8095.e.16275/value - {"text":"Equipment"}
COMMAND: GET /session/4ca0da1f05d229fab0c05732b1ad37d0/screenshot - {}
RESULT: {"text":"Equipment"}
COMMAND: GET /session/4ca0da1f05d229fab0c05732b1ad37d0/screenshot - {}
RESULT: {}
RESULT: {}
COMMAND: POST /session/4ca0da1f05d229fab0c05732b1ad37d0/actions - {"actions":[{"id":"action57","type":"key","parameters":{},"actions":[{"type":"keyDown","value":"î€‡"},{"type":"pause","duration":10},{"type":"keyUp","value":"î€‡"}]}]}
RESULT: {"actions":[{"id":"action57","type":"key","parameters":{},"actions":[{"type":"keyDown","value":"î€‡"},{"type":"pause","duration":10},{"type":"keyUp","value":"î€‡"}]}]}
COMMAND: POST /session/4ca0da1f05d229fab0c05732b1ad37d0/execute/async - {"script":"<script> [1562 bytes]","args":[{"selector":{"id":"application-manageresources-display-component---newResourceUnit--resourceId","interaction":{"idSuffix":"inner"}},"wdio_ui5_key":"applicationmanageresources-display-component---newResourceUnit--resourceId"}]}
COMMAND: GET /session/4ca0da1f05d229fab0c05732b1ad37d0/screenshot - {}
RESULT: {"script":"<script> [1562 bytes]","args":[{"selector":{"id":"application-manageresources-display-component---newResourceUnit--resourceId","interaction":{"idSuffix":"inner"}},"wdio_ui5_key":"applicationmanageresources-display-component---newResourceUnit--resourceId"}]}
RESULT: undefined
COMMAND: POST /session/4ca0da1f05d229fab0c05732b1ad37d0/execute/async - {"script":"<script> [776 bytes]","args":[{"enterText":"nAQS2ya6oM","selector":{"id":"application-manageresources-display-component---newResourceUnit--resourceId","interaction":{"idSuffix":"inner"}},"clearTextFirst":true,"interactionType":"ENTER_TEXT"}]}
RESULT: {}
RESULT: {"script":"<script> [776 bytes]","args":[{"enterText":"nAQS2ya6oM","selector":{"id":"application-manageresources-display-component---newResourceUnit--resourceId","interaction":{"idSuffix":"inner"}},"clearTextFirst":true,"interactionType":"ENTER_TEXT"}]}
COMMAND: POST /session/4ca0da1f05d229fab0c05732b1ad37d0/execute/async - {"script":"<script> [1562 bytes]","args":[{"selector":{"id":"application-manageresources-display-component---newResourceUnit--SHORT_TEXT","interaction":{"idSuffix":"inner"}},"wdio_ui5_key":"applicationmanageresources-display-component---newResourceUnit--SHORT_TEXT"}]}
RESULT: {"script":"<script> [1562 bytes]","args":[{"selector":{"id":"application-manageresources-display-component---newResourceUnit--SHORT_TEXT","interaction":{"idSuffix":"inner"}},"wdio_ui5_key":"applicationmanageresources-display-component---newResourceUnit--SHORT_TEXT"}]}
RESULT: undefined
COMMAND: POST /session/4ca0da1f05d229fab0c05732b1ad37d0/execute/async - {"script":"<script> [776 bytes]","args":[{"enterText":"Intercompany Equipment WDIO","selector":{"id":"application-manageresources-display-component---newResourceUnit--SHORT_TEXT","interaction":{"idSuffix":"inner"}},"clearTextFirst":true,"interactionType":"ENTER_TEXT"}]}
RESULT: {"script":"<script> [776 bytes]","args":[{"enterText":"Intercompany Equipment WDIO","selector":{"id":"application-manageresources-display-component---newResourceUnit--SHORT_TEXT","interaction":{"idSuffix":"inner"}},"clearTextFirst":true,"interactionType":"ENTER_TEXT"}]}
COMMAND: POST /session/4ca0da1f05d229fab0c05732b1ad37d0/execute/async - {"script":"<script> [1562 bytes]","args":[{"selector":{"id":"application-manageresources-display-component---newResourceUnit--BASE_UNIT_OF_MEASURE","interaction":{"idSuffix":"inner"}},"wdio_ui5_key":"applicationmanageresources-display-component---newResourceUnit--BASE_UNIT_OF_MEASURE"}]}
RESULT: {"script":"<script> [1562 bytes]","args":[{"selector":{"id":"application-manageresources-display-component---newResourceUnit--BASE_UNIT_OF_MEASURE","interaction":{"idSuffix":"inner"}},"wdio_ui5_key":"applicationmanageresources-display-component---newResourceUnit--BASE_UNIT_OF_MEASURE"}]}
RESULT: undefined
COMMAND: POST /session/4ca0da1f05d229fab0c05732b1ad37d0/execute/async - {"script":"<script> [776 bytes]","args":[{"enterText":"Piece","selector":{"id":"application-manageresources-display-component---newResourceUnit--BASE_UNIT_OF_MEASURE","interaction":{"idSuffix":"inner"}},"clearTextFirst":true,"interactionType":"ENTER_TEXT"}]}
RESULT: {"script":"<script> [776 bytes]","args":[{"enterText":"Piece","selector":{"id":"application-manageresources-display-component---newResourceUnit--BASE_UNIT_OF_MEASURE","interaction":{"idSuffix":"inner"}},"clearTextFirst":true,"interactionType":"ENTER_TEXT"}]}
COMMAND: POST /session/4ca0da1f05d229fab0c05732b1ad37d0/execute/async - {"script":"<script> [1562 bytes]","args":[{"selector":{"id":"application-manageresources-display-component---newResourceUnit--WEIGHT_UNIT","interaction":{"idSuffix":"inner"}},"wdio_ui5_key":"applicationmanageresources-display-component---newResourceUnit--WEIGHT_UNIT"}]}
RESULT: {"script":"<script> [1562 bytes]","args":[{"selector":{"id":"application-manageresources-display-component---newResourceUnit--WEIGHT_UNIT","interaction":{"idSuffix":"inner"}},"wdio_ui5_key":"applicationmanageresources-display-component---newResourceUnit--WEIGHT_UNIT"}]}
RESULT: undefined
COMMAND: POST /session/4ca0da1f05d229fab0c05732b1ad37d0/execute/async - {"script":"<script> [776 bytes]","args":[{"enterText":"Gram","selector":{"id":"application-manageresources-display-component---newResourceUnit--WEIGHT_UNIT","interaction":{"idSuffix":"inner"}},"clearTextFirst":true,"interactionType":"ENTER_TEXT"}]}
RESULT: {"script":"<script> [776 bytes]","args":[{"enterText":"Gram","selector":{"id":"application-manageresources-display-component---newResourceUnit--WEIGHT_UNIT","interaction":{"idSuffix":"inner"}},"clearTextFirst":true,"interactionType":"ENTER_TEXT"}]}
COMMAND: POST /session/4ca0da1f05d229fab0c05732b1ad37d0/execute/async - {"script":"<script> [1562 bytes]","args":[{"selector":{"id":"application-manageresources-display-component---newResourceUnit--DIMENSION_UNIT","interaction":{"idSuffix":"inner"}},"wdio_ui5_key":"applicationmanageresources-display-component---newResourceUnit--DIMENSION_UNIT"}]}
RESULT: {"script":"<script> [1562 bytes]","args":[{"selector":{"id":"application-manageresources-display-component---newResourceUnit--DIMENSION_UNIT","interaction":{"idSuffix":"inner"}},"wdio_ui5_key":"applicationmanageresources-display-component---newResourceUnit--DIMENSION_UNIT"}]}
RESULT: undefined
COMMAND: POST /session/4ca0da1f05d229fab0c05732b1ad37d0/execute/async - {"script":"<script> [776 bytes]","args":[{"enterText":"Meter","selector":{"id":"application-manageresources-display-component---newResourceUnit--DIMENSION_UNIT","interaction":{"idSuffix":"inner"}},"clearTextFirst":true,"interactionType":"ENTER_TEXT"}]}
RESULT: {"script":"<script> [776 bytes]","args":[{"enterText":"Meter","selector":{"id":"application-manageresources-display-component---newResourceUnit--DIMENSION_UNIT","interaction":{"idSuffix":"inner"}},"clearTextFirst":true,"interactionType":"ENTER_TEXT"}]}
COMMAND: POST /session/4ca0da1f05d229fab0c05732b1ad37d0/execute/async - {"script":"<script> [1562 bytes]","args":[{"selector":{"id":"application-manageresources-display-component---newResourceUnit--newRRUPage-anchBar-application-manageresources-display-component---newResourceUnit--control-anchor","interaction":{"idSuffix":"BDI-content"}},"wdio_ui5_key":"applicationmanageresources-display-component---newResourceUnit--newRRUPage-anchBar-application-manageresources-display-component---newResourceUnit--control-anchor"}]}
RESULT: {"script":"<script> [1562 bytes]","args":[{"selector":{"id":"application-manageresources-display-component---newResourceUnit--newRRUPage-anchBar-application-manageresources-display-component---newResourceUnit--control-anchor","interaction":{"idSuffix":"BDI-content"}},"wdio_ui5_key":"applicationmanageresources-display-component---newResourceUnit--newRRUPage-anchBar-application-manageresources-display-component---newResourceUnit--control-anchor"}]}
RESULT: undefined
COMMAND: POST /session/4ca0da1f05d229fab0c05732b1ad37d0/element - {"using":"xpath","value":"//*[@id=\"application-manageresources-display-component---newResourceUnit--newRRUPage-anchBar-application-manageresources-display-component---newResourceUnit--control-anchor\"]"}
RESULT: {"using":"xpath","value":"//*[@id=\"application-manageresources-display-component---newResourceUnit--newRRUPage-anchBar-application-manageresources-display-component---newResourceUnit--control-anchor\"]"}
COMMAND: POST /session/4ca0da1f05d229fab0c05732b1ad37d0/element/f.D01EC4AF0A1BFC1E8396569751E97BC9.d.CBE1541FF67B246439F1D5CB931A8095.e.16422/click - {}
RESULT: {}
COMMAND: POST /session/4ca0da1f05d229fab0c05732b1ad37d0/execute/async - {"script":"<script> [1562 bytes]","args":[{"selector":{"id":"application-manageresources-display-component---newResourceUnit--PLANNING_GROUP","interaction":{"idSuffix":"inner"}},"wdio_ui5_key":"applicationmanageresources-display-component---newResourceUnit--PLANNING_GROUP"}]}
COMMAND: GET /session/4ca0da1f05d229fab0c05732b1ad37d0/screenshot - {}
RESULT: {"script":"<script> [1562 bytes]","args":[{"selector":{"id":"application-manageresources-display-component---newResourceUnit--PLANNING_GROUP","interaction":{"idSuffix":"inner"}},"wdio_ui5_key":"applicationmanageresources-display-component---newResourceUnit--PLANNING_GROUP"}]}
RESULT: undefined
COMMAND: POST /session/4ca0da1f05d229fab0c05732b1ad37d0/execute/async - {"script":"<script> [776 bytes]","args":[{"enterText":"Heavy Equi","selector":{"id":"application-manageresources-display-component---newResourceUnit--PLANNING_GROUP","interaction":{"idSuffix":"inner"}},"clearTextFirst":true,"interactionType":"ENTER_TEXT"}]}
RESULT: {}
RESULT: {"script":"<script> [776 bytes]","args":[{"enterText":"Heavy Equi","selector":{"id":"application-manageresources-display-component---newResourceUnit--PLANNING_GROUP","interaction":{"idSuffix":"inner"}},"clearTextFirst":true,"interactionType":"ENTER_TEXT"}]}
COMMAND: POST /session/4ca0da1f05d229fab0c05732b1ad37d0/execute/async - {"script":"<script> [1562 bytes]","args":[{"selector":{"id":"application-manageresources-display-component---newResourceUnit--ITEM_TYPE-arrow"},"wdio_ui5_key":"applicationmanageresources-display-component---newResourceUnit--ITEM_TYPE-arrow"}]}
RESULT: {"script":"<script> [1562 bytes]","args":[{"selector":{"id":"application-manageresources-display-component---newResourceUnit--ITEM_TYPE-arrow"},"wdio_ui5_key":"applicationmanageresources-display-component---newResourceUnit--ITEM_TYPE-arrow"}]}
RESULT: undefined
COMMAND: POST /session/4ca0da1f05d229fab0c05732b1ad37d0/element - {"using":"xpath","value":"//*[@id=\"application-manageresources-display-component---newResourceUnit--ITEM_TYPE-arrow\"]"}
RESULT: {"using":"xpath","value":"//*[@id=\"application-manageresources-display-component---newResourceUnit--ITEM_TYPE-arrow\"]"}
COMMAND: POST /session/4ca0da1f05d229fab0c05732b1ad37d0/element/f.D01EC4AF0A1BFC1E8396569751E97BC9.d.CBE1541FF67B246439F1D5CB931A8095.e.16429/click - {}
RESULT: {}
COMMAND: POST /session/4ca0da1f05d229fab0c05732b1ad37d0/element - {"using":"xpath","value":"(//span[contains(text(), \"Resource Unit\")])[2]"}
COMMAND: GET /session/4ca0da1f05d229fab0c05732b1ad37d0/screenshot - {}
RESULT: {"using":"xpath","value":"(//span[contains(text(), \"Resource Unit\")])[2]"}
COMMAND: POST /session/4ca0da1f05d229fab0c05732b1ad37d0/element/f.D01EC4AF0A1BFC1E8396569751E97BC9.d.CBE1541FF67B246439F1D5CB931A8095.e.16430/click - {}
RESULT: {}
RESULT: {}
COMMAND: GET /session/4ca0da1f05d229fab0c05732b1ad37d0/screenshot - {}
RESULT: {}
COMMAND: POST /session/4ca0da1f05d229fab0c05732b1ad37d0/element - {"using":"css selector","value":"#application-manageresources-display-component---newResourceUnit--btnAddTimeSegment"}
RESULT: {"using":"css selector","value":"#application-manageresources-display-component---newResourceUnit--btnAddTimeSegment"}
COMMAND: GET /session/4ca0da1f05d229fab0c05732b1ad37d0/element/f.D01EC4AF0A1BFC1E8396569751E97BC9.d.CBE1541FF67B246439F1D5CB931A8095.e.16431/rect - {}
RESULT: {}
COMMAND: GET /session/4ca0da1f05d229fab0c05732b1ad37d0/window/rect - {}
RESULT: {}
COMMAND: POST /session/4ca0da1f05d229fab0c05732b1ad37d0/execute/sync - {"script":"<script> [92 bytes]","args":[]}
RESULT: {"script":"<script> [92 bytes]","args":[]}
COMMAND: POST /session/4ca0da1f05d229fab0c05732b1ad37d0/actions - {"actions":[{"id":"action58","type":"wheel","parameters":{},"actions":[{"type":"scroll","x":-1888,"y":-32,"deltaX":0,"deltaY":0,"duration":0,"origin":{"element-6066-11e4-a52e-4f735466cecf":"f.D01EC4AF0A1BFC1E8396569751E97BC9.d.CBE1541FF67B246439F1D5CB931A8095.e.16431"}}]}]}
COMMAND: GET /session/4ca0da1f05d229fab0c05732b1ad37d0/screenshot - {}
RESULT: {}
COMMAND: POST /session/4ca0da1f05d229fab0c05732b1ad37d0/execute/sync - {"script":"<script> [79 bytes]","args":[{"element-6066-11e4-a52e-4f735466cecf":"f.D01EC4AF0A1BFC1E8396569751E97BC9.d.CBE1541FF67B246439F1D5CB931A8095.e.16431","ELEMENT":"f.D01EC4AF0A1BFC1E8396569751E97BC9.d.CBE1541FF67B246439F1D5CB931A8095.e.16431"},{"block":"start","inline":"nearest"}]}
RESULT: {"script":"<script> [79 bytes]","args":[{"element-6066-11e4-a52e-4f735466cecf":"f.D01EC4AF0A1BFC1E8396569751E97BC9.d.CBE1541FF67B246439F1D5CB931A8095.e.16431","ELEMENT":"f.D01EC4AF0A1BFC1E8396569751E97BC9.d.CBE1541FF67B246439F1D5CB931A8095.e.16431"},{"block":"start","inline":"nearest"}]}
COMMAND: POST /session/4ca0da1f05d229fab0c05732b1ad37d0/execute/async - {"script":"<script> [1562 bytes]","args":[{"selector":{"id":"application-manageresources-display-component---newResourceUnit--btnAddTimeSegment","interaction":{"idSuffix":"inner"}},"wdio_ui5_key":"applicationmanageresources-display-component---newResourceUnit--btnAddTimeSegment"}]}
COMMAND: GET /session/4ca0da1f05d229fab0c05732b1ad37d0/screenshot - {}
RESULT: {"script":"<script> [1562 bytes]","args":[{"selector":{"id":"application-manageresources-display-component---newResourceUnit--btnAddTimeSegment","interaction":{"idSuffix":"inner"}},"wdio_ui5_key":"applicationmanageresources-display-component---newResourceUnit--btnAddTimeSegment"}]}
RESULT: undefined
COMMAND: POST /session/4ca0da1f05d229fab0c05732b1ad37d0/element - {"using":"xpath","value":"//*[@id=\"application-manageresources-display-component---newResourceUnit--btnAddTimeSegment\"]"}
RESULT: {}
RESULT: {"using":"xpath","value":"//*[@id=\"application-manageresources-display-component---newResourceUnit--btnAddTimeSegment\"]"}
COMMAND: POST /session/4ca0da1f05d229fab0c05732b1ad37d0/element/f.D01EC4AF0A1BFC1E8396569751E97BC9.d.CBE1541FF67B246439F1D5CB931A8095.e.16431/click - {}
RESULT: {}
COMMAND: GET /session/4ca0da1f05d229fab0c05732b1ad37d0/screenshot - {}
RESULT: {}
COMMAND: POST /session/4ca0da1f05d229fab0c05732b1ad37d0/element - {"using":"xpath","value":"//input[@id=\"application-manageresources-display-component---newResourceUnit--idRuTSAdmin-application-manageresources-display-component---newResourceUnit--RUTimeSegment-0-inner\"]"}
RESULT: {"using":"xpath","value":"//input[@id=\"application-manageresources-display-component---newResourceUnit--idRuTSAdmin-application-manageresources-display-component---newResourceUnit--RUTimeSegment-0-inner\"]"}
COMMAND: POST /session/4ca0da1f05d229fab0c05732b1ad37d0/element/f.D01EC4AF0A1BFC1E8396569751E97BC9.d.CBE1541FF67B246439F1D5CB931A8095.e.16437/clear - {}
RESULT: {}
COMMAND: POST /session/4ca0da1f05d229fab0c05732b1ad37d0/element/f.D01EC4AF0A1BFC1E8396569751E97BC9.d.CBE1541FF67B246439F1D5CB931A8095.e.16437/value - {"text":"412"}
COMMAND: GET /session/4ca0da1f05d229fab0c05732b1ad37d0/screenshot - {}
RESULT: {"text":"412"}
COMMAND: GET /session/4ca0da1f05d229fab0c05732b1ad37d0/screenshot - {}
RESULT: {}
RESULT: {}
COMMAND: POST /session/4ca0da1f05d229fab0c05732b1ad37d0/element - {"using":"xpath","value":"//li[.//span[text()='412']]"}
RESULT: {"using":"xpath","value":"//li[.//span[text()='412']]"}
COMMAND: POST /session/4ca0da1f05d229fab0c05732b1ad37d0/element/f.D01EC4AF0A1BFC1E8396569751E97BC9.d.CBE1541FF67B246439F1D5CB931A8095.e.16449/click - {}
RESULT: {}
COMMAND: GET /session/4ca0da1f05d229fab0c05732b1ad37d0/screenshot - {}
RESULT: {}
COMMAND: POST /session/4ca0da1f05d229fab0c05732b1ad37d0/element - {"using":"xpath","value":"(//span[contains(@id, \"-application-manageresources-display-component---newResourceUnit--RUTimeSegment-0-arrow\")])[6]"}
RESULT: {"using":"xpath","value":"(//span[contains(@id, \"-application-manageresources-display-component---newResourceUnit--RUTimeSegment-0-arrow\")])[6]"}
COMMAND: POST /session/4ca0da1f05d229fab0c05732b1ad37d0/element/f.D01EC4AF0A1BFC1E8396569751E97BC9.d.CBE1541FF67B246439F1D5CB931A8095.e.16450/click - {}
RESULT: {}
COMMAND: POST /session/4ca0da1f05d229fab0c05732b1ad37d0/element - {"using":"xpath","value":"//span[contains(text(), \"PM Order\")]"}
COMMAND: GET /session/4ca0da1f05d229fab0c05732b1ad37d0/screenshot - {}
RESULT: {"using":"xpath","value":"//span[contains(text(), \"PM Order\")]"}
COMMAND: POST /session/4ca0da1f05d229fab0c05732b1ad37d0/element/f.D01EC4AF0A1BFC1E8396569751E97BC9.d.CBE1541FF67B246439F1D5CB931A8095.e.16453/click - {}
RESULT: {}
RESULT: {}
COMMAND: GET /session/4ca0da1f05d229fab0c05732b1ad37d0/screenshot - {}
RESULT: {}
COMMAND: POST /session/4ca0da1f05d229fab0c05732b1ad37d0/element - {"using":"xpath","value":"(//span[contains(@id ,\"manageresources-display-component---newResourceUnit--RUTimeSegment-0-vhi\")])[1]"}
RESULT: {"using":"xpath","value":"(//span[contains(@id ,\"manageresources-display-component---newResourceUnit--RUTimeSegment-0-vhi\")])[1]"}
COMMAND: GET /session/4ca0da1f05d229fab0c05732b1ad37d0/element/f.D01EC4AF0A1BFC1E8396569751E97BC9.d.CBE1541FF67B246439F1D5CB931A8095.e.16457/rect - {}
RESULT: {}
COMMAND: GET /session/4ca0da1f05d229fab0c05732b1ad37d0/window/rect - {}
RESULT: {}
COMMAND: POST /session/4ca0da1f05d229fab0c05732b1ad37d0/execute/sync - {"script":"<script> [92 bytes]","args":[]}
RESULT: {"script":"<script> [92 bytes]","args":[]}
COMMAND: POST /session/4ca0da1f05d229fab0c05732b1ad37d0/actions - {"actions":[{"id":"action59","type":"wheel","parameters":{},"actions":[{"type":"scroll","x":-869,"y":-24,"deltaX":0,"deltaY":0,"duration":0,"origin":{"element-6066-11e4-a52e-4f735466cecf":"f.D01EC4AF0A1BFC1E8396569751E97BC9.d.CBE1541FF67B246439F1D5CB931A8095.e.16457"}}]}]}
COMMAND: GET /session/4ca0da1f05d229fab0c05732b1ad37d0/screenshot - {}
RESULT: {"actions":[{"id":"action59","type":"wheel","parameters":{},"actions":[{"type":"scroll","x":-869,"y":-24,"deltaX":0,"deltaY":0,"duration":0,"origin":{"element-6066-11e4-a52e-4f735466cecf":"f.D01EC4AF0A1BFC1E8396569751E97BC9.d.CBE1541FF67B246439F1D5CB931A8095.e.16457"}}]}]}
COMMAND: DELETE /session/4ca0da1f05d229fab0c05732b1ad37d0/actions - {}
COMMAND: GET /session/4ca0da1f05d229fab0c05732b1ad37d0/screenshot - {}
RESULT: {}
RESULT: {}
COMMAND: GET /session/4ca0da1f05d229fab0c05732b1ad37d0/screenshot - {}
RESULT: {}
RESULT: {}
COMMAND: POST /session/4ca0da1f05d229fab0c05732b1ad37d0/element/f.D01EC4AF0A1BFC1E8396569751E97BC9.d.CBE1541FF67B246439F1D5CB931A8095.e.16457/click - {}
RESULT: {}
COMMAND: GET /session/4ca0da1f05d229fab0c05732b1ad37d0/screenshot - {}
RESULT: {}
RESULT: undefined
COMMAND: POST /session/4ca0da1f05d229fab0c05732b1ad37d0/execute/async - {"script":"<script> [776 bytes]","args":[{"enterText":"4000360","selector":{"controlType":"sap.m.SearchField","properties":{"placeholder":"Search"},"searchOpenDialogs":true,"interaction":{"idSuffix":"I"}},"clearTextFirst":true,"interactionType":"ENTER_TEXT"}]}
RESULT: {"script":"<script> [776 bytes]","args":[{"enterText":"4000360","selector":{"controlType":"sap.m.SearchField","properties":{"placeholder":"Search"},"searchOpenDialogs":true,"interaction":{"idSuffix":"I"}},"clearTextFirst":true,"interactionType":"ENTER_TEXT"}]}
COMMAND: POST /session/4ca0da1f05d229fab0c05732b1ad37d0/actions - {"actions":[{"id":"action60","type":"key","parameters":{},"actions":[{"type":"keyDown","value":"î€‡"},{"type":"pause","duration":10},{"type":"keyUp","value":"î€‡"}]}]}
RESULT: {"actions":[{"id":"action60","type":"key","parameters":{},"actions":[{"type":"keyDown","value":"î€‡"},{"type":"pause","duration":10},{"type":"keyUp","value":"î€‡"}]}]}
COMMAND: GET /session/4ca0da1f05d229fab0c05732b1ad37d0/screenshot - {}
RESULT: {}
COMMAND: POST /session/4ca0da1f05d229fab0c05732b1ad37d0/element - {"using":"xpath","value":"//td/div/span[contains(text(), \"BGL Vehicles\")]"}
RESULT: {"using":"xpath","value":"//td/div/span[contains(text(), \"BGL Vehicles\")]"}
COMMAND: POST /session/4ca0da1f05d229fab0c05732b1ad37d0/element/f.D01EC4AF0A1BFC1E8396569751E97BC9.d.CBE1541FF67B246439F1D5CB931A8095.e.16476/click - {}
RESULT: {}
COMMAND: GET /session/4ca0da1f05d229fab0c05732b1ad37d0/screenshot - {}
RESULT: {}
COMMAND: POST /session/4ca0da1f05d229fab0c05732b1ad37d0/element - {"using":"xpath","value":"//bdi[contains(text(), \"OK\")]"}
RESULT: {"using":"xpath","value":"//bdi[contains(text(), \"OK\")]"}
COMMAND: POST /session/4ca0da1f05d229fab0c05732b1ad37d0/element/f.D01EC4AF0A1BFC1E8396569751E97BC9.d.CBE1541FF67B246439F1D5CB931A8095.e.16477/click - {}
RESULT: {}
COMMAND: GET /session/4ca0da1f05d229fab0c05732b1ad37d0/screenshot - {}
RESULT: {}
COMMAND: POST /session/4ca0da1f05d229fab0c05732b1ad37d0/execute/async - {"script":"<script> [1562 bytes]","args":[{"selector":{"id":"application-manageresources-display-component---newResourceUnit--newRRUPage-anchBar-application-manageresources-display-component---newResourceUnit--resource-anchor","interaction":{"idSuffix":"BDI-content"}},"wdio_ui5_key":"applicationmanageresources-display-component---newResourceUnit--newRRUPage-anchBar-application-manageresources-display-component---newResourceUnit--resource-anchor"}]}
RESULT: {"script":"<script> [1562 bytes]","args":[{"selector":{"id":"application-manageresources-display-component---newResourceUnit--newRRUPage-anchBar-application-manageresources-display-component---newResourceUnit--resource-anchor","interaction":{"idSuffix":"BDI-content"}},"wdio_ui5_key":"applicationmanageresources-display-component---newResourceUnit--newRRUPage-anchBar-application-manageresources-display-component---newResourceUnit--resource-anchor"}]}
RESULT: undefined
COMMAND: POST /session/4ca0da1f05d229fab0c05732b1ad37d0/element - {"using":"xpath","value":"//*[@id=\"application-manageresources-display-component---newResourceUnit--newRRUPage-anchBar-application-manageresources-display-component---newResourceUnit--resource-anchor\"]"}
RESULT: {"using":"xpath","value":"//*[@id=\"application-manageresources-display-component---newResourceUnit--newRRUPage-anchBar-application-manageresources-display-component---newResourceUnit--resource-anchor\"]"}
COMMAND: POST /session/4ca0da1f05d229fab0c05732b1ad37d0/element/f.D01EC4AF0A1BFC1E8396569751E97BC9.d.CBE1541FF67B246439F1D5CB931A8095.e.16481/click - {}
RESULT: {}
COMMAND: POST /session/4ca0da1f05d229fab0c05732b1ad37d0/execute/async - {"script":"<script> [1562 bytes]","args":[{"selector":{"id":"application-manageresources-display-component---newResourceUnit--PLANNED_DELIVERY_DATE","interaction":{"idSuffix":"inner"}},"wdio_ui5_key":"applicationmanageresources-display-component---newResourceUnit--PLANNED_DELIVERY_DATE"}]}
COMMAND: GET /session/4ca0da1f05d229fab0c05732b1ad37d0/screenshot - {}
RESULT: {"script":"<script> [1562 bytes]","args":[{"selector":{"id":"application-manageresources-display-component---newResourceUnit--PLANNED_DELIVERY_DATE","interaction":{"idSuffix":"inner"}},"wdio_ui5_key":"applicationmanageresources-display-component---newResourceUnit--PLANNED_DELIVERY_DATE"}]}
RESULT: undefined
COMMAND: POST /session/4ca0da1f05d229fab0c05732b1ad37d0/execute/async - {"script":"<script> [6424 bytes]","args":[{"element-6066-11e4-a52e-4f735466cecf":"f.D01EC4AF0A1BFC1E8396569751E97BC9.d.CBE1541FF67B246439F1D5CB931A8095.e.16345"},"setValue",["4/29/25"]]}
RESULT: {}
RESULT: {"script":"<script> [6424 bytes]","args":[{"element-6066-11e4-a52e-4f735466cecf":"f.D01EC4AF0A1BFC1E8396569751E97BC9.d.CBE1541FF67B246439F1D5CB931A8095.e.16345"},"setValue",["4/29/25"]]}
COMMAND: POST /session/4ca0da1f05d229fab0c05732b1ad37d0/element - {"using":"xpath","value":"//button[@data-kt=\"resourceUnitSaveButton\"]"}
RESULT: {"using":"xpath","value":"//button[@data-kt=\"resourceUnitSaveButton\"]"}
COMMAND: POST /session/4ca0da1f05d229fab0c05732b1ad37d0/element/f.D01EC4AF0A1BFC1E8396569751E97BC9.d.CBE1541FF67B246439F1D5CB931A8095.e.16306/click - {}
RESULT: {}
COMMAND: GET /session/4ca0da1f05d229fab0c05732b1ad37d0/screenshot - {}
RESULT: {}
COMMAND: POST /session/4ca0da1f05d229fab0c05732b1ad37d0/element - {"using":"xpath","value":"//bdi[contains(text(), \"Close\")]"}
RESULT: {"using":"xpath","value":"//bdi[contains(text(), \"Close\")]"}
COMMAND: POST /session/4ca0da1f05d229fab0c05732b1ad37d0/element/f.D01EC4AF0A1BFC1E8396569751E97BC9.d.CBE1541FF67B246439F1D5CB931A8095.e.16489/click - {}
RESULT: {}
COMMAND: GET /session/4ca0da1f05d229fab0c05732b1ad37d0/screenshot - {}
RESULT: {}
COMMAND: POST /session/4ca0da1f05d229fab0c05732b1ad37d0/element - {"using":"xpath","value":"(//button[contains(@id ,\"actionsToolbar-overflowButton\")])[1]"}
RESULT: {"using":"xpath","value":"(//button[contains(@id ,\"actionsToolbar-overflowButton\")])[1]"}
COMMAND: POST /session/4ca0da1f05d229fab0c05732b1ad37d0/element/f.D01EC4AF0A1BFC1E8396569751E97BC9.d.CBE1541FF67B246439F1D5CB931A8095.e.16545/click - {}
RESULT: {}
COMMAND: GET /session/4ca0da1f05d229fab0c05732b1ad37d0/screenshot - {}
RESULT: {}
COMMAND: POST /session/4ca0da1f05d229fab0c05732b1ad37d0/element - {"using":"xpath","value":"//button[@data-kt=\"priceInfoButton\"]"}
RESULT: {"using":"xpath","value":"//button[@data-kt=\"priceInfoButton\"]"}
COMMAND: POST /session/4ca0da1f05d229fab0c05732b1ad37d0/element/f.D01EC4AF0A1BFC1E8396569751E97BC9.d.CBE1541FF67B246439F1D5CB931A8095.e.16547/click - {}
RESULT: {}
COMMAND: GET /session/4ca0da1f05d229fab0c05732b1ad37d0/screenshot - {}
RESULT: {}
]]></system-out>
    </testcase>
    <testcase classname="chrome.135_0_7049_96.windows.Billing_Calculation_-_Time_based_(considering_transport_times)_US139738" name="Should create new pricing rule for 1st equipment" time="51.652">
      <system-out><![CDATA[
COMMAND: POST /session/4ca0da1f05d229fab0c05732b1ad37d0/element - {"using":"xpath","value":"//button[@data-kt=\"addButton\"]"}
RESULT: {"using":"xpath","value":"//button[@data-kt=\"addButton\"]"}
COMMAND: POST /session/4ca0da1f05d229fab0c05732b1ad37d0/elements - {"using":"xpath","value":"//button[@data-kt=\"addButton\"]"}
RESULT: {"using":"xpath","value":"//button[@data-kt=\"addButton\"]"}
COMMAND: POST /session/4ca0da1f05d229fab0c05732b1ad37d0/execute/sync - {"script":"<script> [8489 bytes]","args":[{"element-6066-11e4-a52e-4f735466cecf":"f.D01EC4AF0A1BFC1E8396569751E97BC9.d.CBE1541FF67B246439F1D5CB931A8095.e.16583","ELEMENT":"f.D01EC4AF0A1BFC1E8396569751E97BC9.d.CBE1541FF67B246439F1D5CB931A8095.e.16583"}]}
RESULT: {"script":"<script> [8489 bytes]","args":[{"element-6066-11e4-a52e-4f735466cecf":"f.D01EC4AF0A1BFC1E8396569751E97BC9.d.CBE1541FF67B246439F1D5CB931A8095.e.16583","ELEMENT":"f.D01EC4AF0A1BFC1E8396569751E97BC9.d.CBE1541FF67B246439F1D5CB931A8095.e.16583"}]}
COMMAND: GET /session/4ca0da1f05d229fab0c05732b1ad37d0/element/f.D01EC4AF0A1BFC1E8396569751E97BC9.d.CBE1541FF67B246439F1D5CB931A8095.e.16583/enabled - {}
COMMAND: GET /session/4ca0da1f05d229fab0c05732b1ad37d0/screenshot - {}
RESULT: {}
COMMAND: POST /session/4ca0da1f05d229fab0c05732b1ad37d0/execute/sync - {"script":"<script> [8489 bytes]","args":[{"element-6066-11e4-a52e-4f735466cecf":"f.D01EC4AF0A1BFC1E8396569751E97BC9.d.CBE1541FF67B246439F1D5CB931A8095.e.16583","ELEMENT":"f.D01EC4AF0A1BFC1E8396569751E97BC9.d.CBE1541FF67B246439F1D5CB931A8095.e.16583"}]}
COMMAND: GET /session/4ca0da1f05d229fab0c05732b1ad37d0/screenshot - {}
RESULT: {}
RESULT: {"script":"<script> [8489 bytes]","args":[{"element-6066-11e4-a52e-4f735466cecf":"f.D01EC4AF0A1BFC1E8396569751E97BC9.d.CBE1541FF67B246439F1D5CB931A8095.e.16583","ELEMENT":"f.D01EC4AF0A1BFC1E8396569751E97BC9.d.CBE1541FF67B246439F1D5CB931A8095.e.16583"}]}
COMMAND: POST /session/4ca0da1f05d229fab0c05732b1ad37d0/execute/sync - {"script":"<script> [5351 bytes]","args":[{"element-6066-11e4-a52e-4f735466cecf":"f.D01EC4AF0A1BFC1E8396569751E97BC9.d.CBE1541FF67B246439F1D5CB931A8095.e.16583","ELEMENT":"f.D01EC4AF0A1BFC1E8396569751E97BC9.d.CBE1541FF67B246439F1D5CB931A8095.e.16583"}]}
COMMAND: GET /session/4ca0da1f05d229fab0c05732b1ad37d0/screenshot - {}
RESULT: {}
RESULT: {"script":"<script> [5351 bytes]","args":[{"element-6066-11e4-a52e-4f735466cecf":"f.D01EC4AF0A1BFC1E8396569751E97BC9.d.CBE1541FF67B246439F1D5CB931A8095.e.16583","ELEMENT":"f.D01EC4AF0A1BFC1E8396569751E97BC9.d.CBE1541FF67B246439F1D5CB931A8095.e.16583"}]}
COMMAND: POST /session/4ca0da1f05d229fab0c05732b1ad37d0/element/f.D01EC4AF0A1BFC1E8396569751E97BC9.d.CBE1541FF67B246439F1D5CB931A8095.e.16583/click - {}
COMMAND: GET /session/4ca0da1f05d229fab0c05732b1ad37d0/screenshot - {}
RESULT: {}
RESULT: {}
COMMAND: GET /session/4ca0da1f05d229fab0c05732b1ad37d0/screenshot - {}
RESULT: {}
RESULT: {}
COMMAND: POST /session/4ca0da1f05d229fab0c05732b1ad37d0/execute/async - {"script":"<script> [1562 bytes]","args":[{"selector":{"controlType":"sap.m.Title","viewName":"etm.portal.ui.managepricingrules.view.NewItem","viewId":"application-managepricingrules-display-component---newInfoPriceItem","properties":{"text":"New Pricing Rules - Item Level"}},"wdio_ui5_key":"etmportal.ui.managepricingrules.view.NewItemsap.m.Title{\"text\":\"New Pricing Rules - Item Level\"}"}]}
RESULT: {"script":"<script> [1562 bytes]","args":[{"selector":{"controlType":"sap.m.Title","viewName":"etm.portal.ui.managepricingrules.view.NewItem","viewId":"application-managepricingrules-display-component---newInfoPriceItem","properties":{"text":"New Pricing Rules - Item Level"}},"wdio_ui5_key":"etmportal.ui.managepricingrules.view.NewItemsap.m.Title{\"text\":\"New Pricing Rules - Item Level\"}"}]}
RESULT: undefined
COMMAND: POST /session/4ca0da1f05d229fab0c05732b1ad37d0/execute/async - {"script":"<script> [6424 bytes]","args":[{"element-6066-11e4-a52e-4f735466cecf":"f.D01EC4AF0A1BFC1E8396569751E97BC9.d.CBE1541FF67B246439F1D5CB931A8095.e.16656"},"getText",[]]}
RESULT: {"script":"<script> [6424 bytes]","args":[{"element-6066-11e4-a52e-4f735466cecf":"f.D01EC4AF0A1BFC1E8396569751E97BC9.d.CBE1541FF67B246439F1D5CB931A8095.e.16656"},"getText",[]]}
COMMAND: POST /session/4ca0da1f05d229fab0c05732b1ad37d0/execute/async - {"script":"<script> [1562 bytes]","args":[{"selector":{"id":"application-managepricingrules-display-component---newInfoPriceItem--condValidTo","interaction":{"idSuffix":"inner"}},"wdio_ui5_key":"applicationmanagepricingrules-display-component---newInfoPriceItem--condValidTo"}]}
RESULT: {"script":"<script> [1562 bytes]","args":[{"selector":{"id":"application-managepricingrules-display-component---newInfoPriceItem--condValidTo","interaction":{"idSuffix":"inner"}},"wdio_ui5_key":"applicationmanagepricingrules-display-component---newInfoPriceItem--condValidTo"}]}
RESULT: undefined
COMMAND: POST /session/4ca0da1f05d229fab0c05732b1ad37d0/execute/async - {"script":"<script> [776 bytes]","args":[{"enterText":"12/29/25","selector":{"id":"application-managepricingrules-display-component---newInfoPriceItem--condValidTo","interaction":{"idSuffix":"inner"}},"clearTextFirst":true,"interactionType":"ENTER_TEXT"}]}
RESULT: {"script":"<script> [776 bytes]","args":[{"enterText":"12/29/25","selector":{"id":"application-managepricingrules-display-component---newInfoPriceItem--condValidTo","interaction":{"idSuffix":"inner"}},"clearTextFirst":true,"interactionType":"ENTER_TEXT"}]}
COMMAND: POST /session/4ca0da1f05d229fab0c05732b1ad37d0/execute/async - {"script":"<script> [1562 bytes]","args":[{"selector":{"id":"application-managepricingrules-display-component---newInfoPriceItem--billType-arrow"},"wdio_ui5_key":"applicationmanagepricingrules-display-component---newInfoPriceItem--billType-arrow"}]}
RESULT: {"script":"<script> [1562 bytes]","args":[{"selector":{"id":"application-managepricingrules-display-component---newInfoPriceItem--billType-arrow"},"wdio_ui5_key":"applicationmanagepricingrules-display-component---newInfoPriceItem--billType-arrow"}]}
RESULT: undefined
COMMAND: POST /session/4ca0da1f05d229fab0c05732b1ad37d0/element - {"using":"xpath","value":"//*[@id=\"application-managepricingrules-display-component---newInfoPriceItem--billType-arrow\"]"}
RESULT: {"using":"xpath","value":"//*[@id=\"application-managepricingrules-display-component---newInfoPriceItem--billType-arrow\"]"}
COMMAND: POST /session/4ca0da1f05d229fab0c05732b1ad37d0/element/f.D01EC4AF0A1BFC1E8396569751E97BC9.d.CBE1541FF67B246439F1D5CB931A8095.e.16713/click - {}
RESULT: {}
COMMAND: POST /session/4ca0da1f05d229fab0c05732b1ad37d0/element - {"using":"xpath","value":"//span[contains(text(), \"TB - Time based\")]"}
COMMAND: GET /session/4ca0da1f05d229fab0c05732b1ad37d0/screenshot - {}
RESULT: {"using":"xpath","value":"//span[contains(text(), \"TB - Time based\")]"}
COMMAND: POST /session/4ca0da1f05d229fab0c05732b1ad37d0/element/f.D01EC4AF0A1BFC1E8396569751E97BC9.d.CBE1541FF67B246439F1D5CB931A8095.e.16758/click - {}
RESULT: {}
RESULT: {}
COMMAND: POST /session/4ca0da1f05d229fab0c05732b1ad37d0/execute/async - {"script":"<script> [1562 bytes]","args":[{"selector":{"id":"application-managepricingrules-display-component---newInfoPriceItem--priceProc-arrow"},"wdio_ui5_key":"applicationmanagepricingrules-display-component---newInfoPriceItem--priceProc-arrow"}]}
COMMAND: GET /session/4ca0da1f05d229fab0c05732b1ad37d0/screenshot - {}
RESULT: {"script":"<script> [1562 bytes]","args":[{"selector":{"id":"application-managepricingrules-display-component---newInfoPriceItem--priceProc-arrow"},"wdio_ui5_key":"applicationmanagepricingrules-display-component---newInfoPriceItem--priceProc-arrow"}]}
RESULT: undefined
COMMAND: POST /session/4ca0da1f05d229fab0c05732b1ad37d0/element - {"using":"xpath","value":"//*[@id=\"application-managepricingrules-display-component---newInfoPriceItem--priceProc-arrow\"]"}
RESULT: {}
RESULT: {"using":"xpath","value":"//*[@id=\"application-managepricingrules-display-component---newInfoPriceItem--priceProc-arrow\"]"}
COMMAND: POST /session/4ca0da1f05d229fab0c05732b1ad37d0/element/f.D01EC4AF0A1BFC1E8396569751E97BC9.d.CBE1541FF67B246439F1D5CB931A8095.e.16720/click - {}
RESULT: {}
COMMAND: POST /session/4ca0da1f05d229fab0c05732b1ad37d0/element - {"using":"xpath","value":"//span[contains(text(), \"TBS - Time based standard\")]"}
COMMAND: GET /session/4ca0da1f05d229fab0c05732b1ad37d0/screenshot - {}
RESULT: {"using":"xpath","value":"//span[contains(text(), \"TBS - Time based standard\")]"}
COMMAND: POST /session/4ca0da1f05d229fab0c05732b1ad37d0/element/f.D01EC4AF0A1BFC1E8396569751E97BC9.d.CBE1541FF67B246439F1D5CB931A8095.e.16759/click - {}
RESULT: {}
RESULT: {}
COMMAND: POST /session/4ca0da1f05d229fab0c05732b1ad37d0/execute/async - {"script":"<script> [1562 bytes]","args":[{"selector":{"id":"application-managepricingrules-display-component---newInfoPriceItem--calcBase-arrow"},"wdio_ui5_key":"applicationmanagepricingrules-display-component---newInfoPriceItem--calcBase-arrow"}]}
COMMAND: GET /session/4ca0da1f05d229fab0c05732b1ad37d0/screenshot - {}
RESULT: {"script":"<script> [1562 bytes]","args":[{"selector":{"id":"application-managepricingrules-display-component---newInfoPriceItem--calcBase-arrow"},"wdio_ui5_key":"applicationmanagepricingrules-display-component---newInfoPriceItem--calcBase-arrow"}]}
RESULT: undefined
COMMAND: POST /session/4ca0da1f05d229fab0c05732b1ad37d0/element - {"using":"xpath","value":"//*[@id=\"application-managepricingrules-display-component---newInfoPriceItem--calcBase-arrow\"]"}
RESULT: {}
RESULT: {"using":"xpath","value":"//*[@id=\"application-managepricingrules-display-component---newInfoPriceItem--calcBase-arrow\"]"}
COMMAND: POST /session/4ca0da1f05d229fab0c05732b1ad37d0/element/f.D01EC4AF0A1BFC1E8396569751E97BC9.d.CBE1541FF67B246439F1D5CB931A8095.e.16727/click - {}
RESULT: {}
COMMAND: GET /session/4ca0da1f05d229fab0c05732b1ad37d0/screenshot - {}
RESULT: {}
COMMAND: POST /session/4ca0da1f05d229fab0c05732b1ad37d0/element - {"using":"xpath","value":"//span[contains(text(), \"0006 - TB(calendar days)\")]"}
RESULT: {"using":"xpath","value":"//span[contains(text(), \"0006 - TB(calendar days)\")]"}
COMMAND: POST /session/4ca0da1f05d229fab0c05732b1ad37d0/element/f.D01EC4AF0A1BFC1E8396569751E97BC9.d.CBE1541FF67B246439F1D5CB931A8095.e.16760/click - {}
RESULT: {}
COMMAND: GET /session/4ca0da1f05d229fab0c05732b1ad37d0/screenshot - {}
RESULT: {}
COMMAND: POST /session/4ca0da1f05d229fab0c05732b1ad37d0/execute/async - {"script":"<script> [1562 bytes]","args":[{"selector":{"id":"application-managepricingrules-display-component---newInfoPriceItem--daysMonth","interaction":{"idSuffix":"inner"}},"wdio_ui5_key":"applicationmanagepricingrules-display-component---newInfoPriceItem--daysMonth"}]}
RESULT: {"script":"<script> [1562 bytes]","args":[{"selector":{"id":"application-managepricingrules-display-component---newInfoPriceItem--daysMonth","interaction":{"idSuffix":"inner"}},"wdio_ui5_key":"applicationmanagepricingrules-display-component---newInfoPriceItem--daysMonth"}]}
RESULT: undefined
COMMAND: POST /session/4ca0da1f05d229fab0c05732b1ad37d0/execute/async - {"script":"<script> [776 bytes]","args":[{"enterText":"30","selector":{"id":"application-managepricingrules-display-component---newInfoPriceItem--daysMonth","interaction":{"idSuffix":"inner"}},"clearTextFirst":true,"interactionType":"ENTER_TEXT"}]}
RESULT: {"script":"<script> [776 bytes]","args":[{"enterText":"30","selector":{"id":"application-managepricingrules-display-component---newInfoPriceItem--daysMonth","interaction":{"idSuffix":"inner"}},"clearTextFirst":true,"interactionType":"ENTER_TEXT"}]}
COMMAND: POST /session/4ca0da1f05d229fab0c05732b1ad37d0/element - {"using":"xpath","value":"//button[@data-kt=\"saveNewRuleButton\"]"}
RESULT: {"using":"xpath","value":"//button[@data-kt=\"saveNewRuleButton\"]"}
COMMAND: POST /session/4ca0da1f05d229fab0c05732b1ad37d0/element/f.D01EC4AF0A1BFC1E8396569751E97BC9.d.CBE1541FF67B246439F1D5CB931A8095.e.16748/click - {}
RESULT: {}
COMMAND: GET /session/4ca0da1f05d229fab0c05732b1ad37d0/screenshot - {}
RESULT: {}
COMMAND: POST /session/4ca0da1f05d229fab0c05732b1ad37d0/execute/async - {"script":"<script> [1562 bytes]","args":[{"selector":{"id":"application-managepricingrules-display-component---priceInfoItem--smartFilterBar-btnBasicSearch","interaction":{"idSuffix":"I"}},"wdio_ui5_key":"applicationmanagepricingrules-display-component---priceInfoItem--smartFilterBar-btnBasicSearch"}]}
RESULT: {"script":"<script> [1562 bytes]","args":[{"selector":{"id":"application-managepricingrules-display-component---priceInfoItem--smartFilterBar-btnBasicSearch","interaction":{"idSuffix":"I"}},"wdio_ui5_key":"applicationmanagepricingrules-display-component---priceInfoItem--smartFilterBar-btnBasicSearch"}]}
RESULT: undefined
COMMAND: POST /session/4ca0da1f05d229fab0c05732b1ad37d0/execute/async - {"script":"<script> [776 bytes]","args":[{"enterText":"nAQS2ya6oM","selector":{"id":"application-managepricingrules-display-component---priceInfoItem--smartFilterBar-btnBasicSearch","interaction":{"idSuffix":"I"}},"clearTextFirst":true,"interactionType":"ENTER_TEXT"}]}
RESULT: {"script":"<script> [776 bytes]","args":[{"enterText":"nAQS2ya6oM","selector":{"id":"application-managepricingrules-display-component---priceInfoItem--smartFilterBar-btnBasicSearch","interaction":{"idSuffix":"I"}},"clearTextFirst":true,"interactionType":"ENTER_TEXT"}]}
COMMAND: POST /session/4ca0da1f05d229fab0c05732b1ad37d0/actions - {"actions":[{"id":"action61","type":"key","parameters":{},"actions":[{"type":"keyDown","value":"î€‡"},{"type":"pause","duration":10},{"type":"keyUp","value":"î€‡"}]}]}
RESULT: {"actions":[{"id":"action61","type":"key","parameters":{},"actions":[{"type":"keyDown","value":"î€‡"},{"type":"pause","duration":10},{"type":"keyUp","value":"î€‡"}]}]}
COMMAND: GET /session/4ca0da1f05d229fab0c05732b1ad37d0/screenshot - {}
RESULT: {}
COMMAND: POST /session/4ca0da1f05d229fab0c05732b1ad37d0/element - {"using":"xpath","value":"//span[@id=\"application-managepricingrules-display-component---priceInfoItem--smartTable-header-inner\"]"}
RESULT: {"using":"xpath","value":"//span[@id=\"application-managepricingrules-display-component---priceInfoItem--smartTable-header-inner\"]"}
COMMAND: POST /session/4ca0da1f05d229fab0c05732b1ad37d0/elements - {"using":"xpath","value":"//span[@id=\"application-managepricingrules-display-component---priceInfoItem--smartTable-header-inner\"]"}
RESULT: {"using":"xpath","value":"//span[@id=\"application-managepricingrules-display-component---priceInfoItem--smartTable-header-inner\"]"}
COMMAND: POST /session/4ca0da1f05d229fab0c05732b1ad37d0/execute/sync - {"script":"<script> [56 bytes]","args":[{"element-6066-11e4-a52e-4f735466cecf":"f.D01EC4AF0A1BFC1E8396569751E97BC9.d.CBE1541FF67B246439F1D5CB931A8095.e.16784","ELEMENT":"f.D01EC4AF0A1BFC1E8396569751E97BC9.d.CBE1541FF67B246439F1D5CB931A8095.e.16784"}]}
RESULT: {"script":"<script> [56 bytes]","args":[{"element-6066-11e4-a52e-4f735466cecf":"f.D01EC4AF0A1BFC1E8396569751E97BC9.d.CBE1541FF67B246439F1D5CB931A8095.e.16784","ELEMENT":"f.D01EC4AF0A1BFC1E8396569751E97BC9.d.CBE1541FF67B246439F1D5CB931A8095.e.16784"}]}
COMMAND: POST /session/4ca0da1f05d229fab0c05732b1ad37d0/element - {"using":"css selector","value":"#shell-header-logo"}
COMMAND: GET /session/4ca0da1f05d229fab0c05732b1ad37d0/screenshot - {}
RESULT: {"using":"css selector","value":"#shell-header-logo"}
COMMAND: POST /session/4ca0da1f05d229fab0c05732b1ad37d0/element/f.D01EC4AF0A1BFC1E8396569751E97BC9.d.CBE1541FF67B246439F1D5CB931A8095.e.15894/click - {}
RESULT: {}
RESULT: {}
COMMAND: GET /session/4ca0da1f05d229fab0c05732b1ad37d0/screenshot - {}
RESULT: {}
]]></system-out>
    </testcase>
    <testcase classname="chrome.135_0_7049_96.windows.Billing_Calculation_-_Time_based_(considering_transport_times)_US139738" name="Should create new pricing condition for 1st equipment" time="63.855">
      <system-out><![CDATA[
COMMAND: POST /session/4ca0da1f05d229fab0c05732b1ad37d0/execute/async - {"script":"<script> [1562 bytes]","args":[{"selector":{"controlType":"sap.m.Text","properties":{"text":"Manage Conditions & Prices"},"interaction":{"idSuffix":"inner"}},"wdio_ui5_key":"sapm.Text{\"text\":\"Manage Conditions & Prices\"}"}]}
RESULT: {"script":"<script> [1562 bytes]","args":[{"selector":{"controlType":"sap.m.Text","properties":{"text":"Manage Conditions & Prices"},"interaction":{"idSuffix":"inner"}},"wdio_ui5_key":"sapm.Text{\"text\":\"Manage Conditions & Prices\"}"}]}
RESULT: undefined
COMMAND: POST /session/4ca0da1f05d229fab0c05732b1ad37d0/element - {"using":"xpath","value":"//*[@id=\"__tile53-title\"]"}
RESULT: {"using":"xpath","value":"//*[@id=\"__tile53-title\"]"}
COMMAND: POST /session/4ca0da1f05d229fab0c05732b1ad37d0/element/f.D01EC4AF0A1BFC1E8396569751E97BC9.d.CBE1541FF67B246439F1D5CB931A8095.e.16787/click - {}
RESULT: {}
COMMAND: POST /session/4ca0da1f05d229fab0c05732b1ad37d0/element - {"using":"xpath","value":"//button[@aria-label=\"Create\"]"}
COMMAND: GET /session/4ca0da1f05d229fab0c05732b1ad37d0/screenshot - {}
RESULT: {"using":"xpath","value":"//button[@aria-label=\"Create\"]"}
COMMAND: POST /session/4ca0da1f05d229fab0c05732b1ad37d0/elements - {"using":"xpath","value":"//button[@aria-label=\"Create\"]"}
RESULT: {}
RESULT: {"using":"xpath","value":"//button[@aria-label=\"Create\"]"}
COMMAND: POST /session/4ca0da1f05d229fab0c05732b1ad37d0/element - {"using":"xpath","value":"//button[@aria-label=\"Create\"]"}
RESULT: {"using":"xpath","value":"//button[@aria-label=\"Create\"]"}
COMMAND: POST /session/4ca0da1f05d229fab0c05732b1ad37d0/execute/sync - {"script":"<script> [8489 bytes]","args":[{"element-6066-11e4-a52e-4f735466cecf":"f.D01EC4AF0A1BFC1E8396569751E97BC9.d.CBE1541FF67B246439F1D5CB931A8095.e.16821","ELEMENT":"f.D01EC4AF0A1BFC1E8396569751E97BC9.d.CBE1541FF67B246439F1D5CB931A8095.e.16821"}]}
RESULT: {"script":"<script> [8489 bytes]","args":[{"element-6066-11e4-a52e-4f735466cecf":"f.D01EC4AF0A1BFC1E8396569751E97BC9.d.CBE1541FF67B246439F1D5CB931A8095.e.16821","ELEMENT":"f.D01EC4AF0A1BFC1E8396569751E97BC9.d.CBE1541FF67B246439F1D5CB931A8095.e.16821"}]}
COMMAND: GET /session/4ca0da1f05d229fab0c05732b1ad37d0/element/f.D01EC4AF0A1BFC1E8396569751E97BC9.d.CBE1541FF67B246439F1D5CB931A8095.e.16821/enabled - {}
COMMAND: GET /session/4ca0da1f05d229fab0c05732b1ad37d0/screenshot - {}
RESULT: {}
COMMAND: POST /session/4ca0da1f05d229fab0c05732b1ad37d0/execute/sync - {"script":"<script> [8489 bytes]","args":[{"element-6066-11e4-a52e-4f735466cecf":"f.D01EC4AF0A1BFC1E8396569751E97BC9.d.CBE1541FF67B246439F1D5CB931A8095.e.16821","ELEMENT":"f.D01EC4AF0A1BFC1E8396569751E97BC9.d.CBE1541FF67B246439F1D5CB931A8095.e.16821"}]}
COMMAND: GET /session/4ca0da1f05d229fab0c05732b1ad37d0/screenshot - {}
RESULT: {}
RESULT: {"script":"<script> [8489 bytes]","args":[{"element-6066-11e4-a52e-4f735466cecf":"f.D01EC4AF0A1BFC1E8396569751E97BC9.d.CBE1541FF67B246439F1D5CB931A8095.e.16821","ELEMENT":"f.D01EC4AF0A1BFC1E8396569751E97BC9.d.CBE1541FF67B246439F1D5CB931A8095.e.16821"}]}
COMMAND: POST /session/4ca0da1f05d229fab0c05732b1ad37d0/execute/sync - {"script":"<script> [5351 bytes]","args":[{"element-6066-11e4-a52e-4f735466cecf":"f.D01EC4AF0A1BFC1E8396569751E97BC9.d.CBE1541FF67B246439F1D5CB931A8095.e.16821","ELEMENT":"f.D01EC4AF0A1BFC1E8396569751E97BC9.d.CBE1541FF67B246439F1D5CB931A8095.e.16821"}]}
COMMAND: GET /session/4ca0da1f05d229fab0c05732b1ad37d0/screenshot - {}
RESULT: {}
RESULT: {"script":"<script> [5351 bytes]","args":[{"element-6066-11e4-a52e-4f735466cecf":"f.D01EC4AF0A1BFC1E8396569751E97BC9.d.CBE1541FF67B246439F1D5CB931A8095.e.16821","ELEMENT":"f.D01EC4AF0A1BFC1E8396569751E97BC9.d.CBE1541FF67B246439F1D5CB931A8095.e.16821"}]}
COMMAND: POST /session/4ca0da1f05d229fab0c05732b1ad37d0/element/f.D01EC4AF0A1BFC1E8396569751E97BC9.d.CBE1541FF67B246439F1D5CB931A8095.e.16821/click - {}
COMMAND: GET /session/4ca0da1f05d229fab0c05732b1ad37d0/screenshot - {}
RESULT: {}
RESULT: {}
COMMAND: GET /session/4ca0da1f05d229fab0c05732b1ad37d0/screenshot - {}
RESULT: {}
RESULT: {}
COMMAND: POST /session/4ca0da1f05d229fab0c05732b1ad37d0/actions - {"actions":[{"id":"action62","type":"key","parameters":{},"actions":[{"type":"keyDown","value":"î€‡"},{"type":"pause","duration":10},{"type":"keyUp","value":"î€‡"}]}]}
RESULT: {"actions":[{"id":"action62","type":"key","parameters":{},"actions":[{"type":"keyDown","value":"î€‡"},{"type":"pause","duration":10},{"type":"keyUp","value":"î€‡"}]}]}
COMMAND: GET /session/4ca0da1f05d229fab0c05732b1ad37d0/screenshot - {}
RESULT: {}
COMMAND: POST /session/4ca0da1f05d229fab0c05732b1ad37d0/execute/async - {"script":"<script> [1562 bytes]","args":[{"selector":{"id":"application-manageconditionprice-display-component---newCondition--condBillCond-arrow"},"wdio_ui5_key":"applicationmanageconditionprice-display-component---newCondition--condBillCond-arrow"}]}
RESULT: {"script":"<script> [1562 bytes]","args":[{"selector":{"id":"application-manageconditionprice-display-component---newCondition--condBillCond-arrow"},"wdio_ui5_key":"applicationmanageconditionprice-display-component---newCondition--condBillCond-arrow"}]}
RESULT: undefined
COMMAND: POST /session/4ca0da1f05d229fab0c05732b1ad37d0/element - {"using":"xpath","value":"//*[@id=\"application-manageconditionprice-display-component---newCondition--condBillCond-arrow\"]"}
RESULT: {"using":"xpath","value":"//*[@id=\"application-manageconditionprice-display-component---newCondition--condBillCond-arrow\"]"}
COMMAND: POST /session/4ca0da1f05d229fab0c05732b1ad37d0/element/f.D01EC4AF0A1BFC1E8396569751E97BC9.d.CBE1541FF67B246439F1D5CB931A8095.e.16998/click - {}
RESULT: {}
COMMAND: GET /session/4ca0da1f05d229fab0c05732b1ad37d0/screenshot - {}
RESULT: {}
COMMAND: POST /session/4ca0da1f05d229fab0c05732b1ad37d0/element - {"using":"xpath","value":"//li[.//span[contains(text(), \"DISP - D&I special price\")]]"}
RESULT: {"using":"xpath","value":"//li[.//span[contains(text(), \"DISP - D&I special price\")]]"}
COMMAND: POST /session/4ca0da1f05d229fab0c05732b1ad37d0/element/f.D01EC4AF0A1BFC1E8396569751E97BC9.d.CBE1541FF67B246439F1D5CB931A8095.e.17001/click - {}
RESULT: {}
COMMAND: GET /session/4ca0da1f05d229fab0c05732b1ad37d0/screenshot - {}
RESULT: {}
COMMAND: POST /session/4ca0da1f05d229fab0c05732b1ad37d0/execute/async - {"script":"<script> [1562 bytes]","args":[{"selector":{"id":"application-manageconditionprice-display-component---newCondition--condValidTo","interaction":{"idSuffix":"inner"}},"wdio_ui5_key":"applicationmanageconditionprice-display-component---newCondition--condValidTo"}]}
RESULT: {"script":"<script> [1562 bytes]","args":[{"selector":{"id":"application-manageconditionprice-display-component---newCondition--condValidTo","interaction":{"idSuffix":"inner"}},"wdio_ui5_key":"applicationmanageconditionprice-display-component---newCondition--condValidTo"}]}
RESULT: undefined
COMMAND: POST /session/4ca0da1f05d229fab0c05732b1ad37d0/execute/async - {"script":"<script> [776 bytes]","args":[{"enterText":"12/29/25","selector":{"id":"application-manageconditionprice-display-component---newCondition--condValidTo","interaction":{"idSuffix":"inner"}},"clearTextFirst":true,"interactionType":"ENTER_TEXT"}]}
RESULT: {"script":"<script> [776 bytes]","args":[{"enterText":"12/29/25","selector":{"id":"application-manageconditionprice-display-component---newCondition--condValidTo","interaction":{"idSuffix":"inner"}},"clearTextFirst":true,"interactionType":"ENTER_TEXT"}]}
COMMAND: POST /session/4ca0da1f05d229fab0c05732b1ad37d0/element - {"using":"xpath","value":"//input[@id=\"application-manageconditionprice-display-component---newCondition--condRU-inner\"]"}
RESULT: {"using":"xpath","value":"//input[@id=\"application-manageconditionprice-display-component---newCondition--condRU-inner\"]"}
COMMAND: POST /session/4ca0da1f05d229fab0c05732b1ad37d0/element/f.D01EC4AF0A1BFC1E8396569751E97BC9.d.CBE1541FF67B246439F1D5CB931A8095.e.16863/clear - {}
RESULT: {}
COMMAND: POST /session/4ca0da1f05d229fab0c05732b1ad37d0/element/f.D01EC4AF0A1BFC1E8396569751E97BC9.d.CBE1541FF67B246439F1D5CB931A8095.e.16863/value - {"text":"nAQS2ya6oM"}
COMMAND: GET /session/4ca0da1f05d229fab0c05732b1ad37d0/screenshot - {}
RESULT: {"text":"nAQS2ya6oM"}
COMMAND: GET /session/4ca0da1f05d229fab0c05732b1ad37d0/screenshot - {}
RESULT: {}
RESULT: {}
COMMAND: POST /session/4ca0da1f05d229fab0c05732b1ad37d0/actions - {"actions":[{"id":"action63","type":"key","parameters":{},"actions":[{"type":"keyDown","value":"î€‡"},{"type":"pause","duration":10},{"type":"keyUp","value":"î€‡"}]}]}
RESULT: {"actions":[{"id":"action63","type":"key","parameters":{},"actions":[{"type":"keyDown","value":"î€‡"},{"type":"pause","duration":10},{"type":"keyUp","value":"î€‡"}]}]}
COMMAND: POST /session/4ca0da1f05d229fab0c05732b1ad37d0/execute/async - {"script":"<script> [1562 bytes]","args":[{"selector":{"id":"application-manageconditionprice-display-component---newCondition--condBaseQty","interaction":{"idSuffix":"inner"}},"wdio_ui5_key":"applicationmanageconditionprice-display-component---newCondition--condBaseQty"}]}
COMMAND: GET /session/4ca0da1f05d229fab0c05732b1ad37d0/screenshot - {}
RESULT: {"script":"<script> [1562 bytes]","args":[{"selector":{"id":"application-manageconditionprice-display-component---newCondition--condBaseQty","interaction":{"idSuffix":"inner"}},"wdio_ui5_key":"applicationmanageconditionprice-display-component---newCondition--condBaseQty"}]}
RESULT: undefined
COMMAND: POST /session/4ca0da1f05d229fab0c05732b1ad37d0/execute/async - {"script":"<script> [776 bytes]","args":[{"enterText":"1","selector":{"id":"application-manageconditionprice-display-component---newCondition--condBaseQty","interaction":{"idSuffix":"inner"}},"clearTextFirst":true,"interactionType":"ENTER_TEXT"}]}
RESULT: {}
RESULT: {"script":"<script> [776 bytes]","args":[{"enterText":"1","selector":{"id":"application-manageconditionprice-display-component---newCondition--condBaseQty","interaction":{"idSuffix":"inner"}},"clearTextFirst":true,"interactionType":"ENTER_TEXT"}]}
COMMAND: POST /session/4ca0da1f05d229fab0c05732b1ad37d0/execute/async - {"script":"<script> [1562 bytes]","args":[{"selector":{"id":"application-manageconditionprice-display-component---newCondition--condValue","interaction":{"idSuffix":"inner"}},"wdio_ui5_key":"applicationmanageconditionprice-display-component---newCondition--condValue"}]}
RESULT: {"script":"<script> [1562 bytes]","args":[{"selector":{"id":"application-manageconditionprice-display-component---newCondition--condValue","interaction":{"idSuffix":"inner"}},"wdio_ui5_key":"applicationmanageconditionprice-display-component---newCondition--condValue"}]}
RESULT: undefined
COMMAND: POST /session/4ca0da1f05d229fab0c05732b1ad37d0/execute/async - {"script":"<script> [776 bytes]","args":[{"enterText":"100","selector":{"id":"application-manageconditionprice-display-component---newCondition--condValue","interaction":{"idSuffix":"inner"}},"clearTextFirst":true,"interactionType":"ENTER_TEXT"}]}
RESULT: {"script":"<script> [776 bytes]","args":[{"enterText":"100","selector":{"id":"application-manageconditionprice-display-component---newCondition--condValue","interaction":{"idSuffix":"inner"}},"clearTextFirst":true,"interactionType":"ENTER_TEXT"}]}
COMMAND: POST /session/4ca0da1f05d229fab0c05732b1ad37d0/execute/async - {"script":"<script> [1562 bytes]","args":[{"selector":{"id":"application-manageconditionprice-display-component---newCondition--condCurr-arrow"},"wdio_ui5_key":"applicationmanageconditionprice-display-component---newCondition--condCurr-arrow"}]}
RESULT: {"script":"<script> [1562 bytes]","args":[{"selector":{"id":"application-manageconditionprice-display-component---newCondition--condCurr-arrow"},"wdio_ui5_key":"applicationmanageconditionprice-display-component---newCondition--condCurr-arrow"}]}
RESULT: undefined
COMMAND: POST /session/4ca0da1f05d229fab0c05732b1ad37d0/element - {"using":"xpath","value":"//*[@id=\"application-manageconditionprice-display-component---newCondition--condCurr-arrow\"]"}
RESULT: {"using":"xpath","value":"//*[@id=\"application-manageconditionprice-display-component---newCondition--condCurr-arrow\"]"}
COMMAND: POST /session/4ca0da1f05d229fab0c05732b1ad37d0/element/f.D01EC4AF0A1BFC1E8396569751E97BC9.d.CBE1541FF67B246439F1D5CB931A8095.e.16970/click - {}
RESULT: {}
COMMAND: POST /session/4ca0da1f05d229fab0c05732b1ad37d0/element - {"using":"xpath","value":"//span[contains(text(), \"Euro\")]"}
COMMAND: GET /session/4ca0da1f05d229fab0c05732b1ad37d0/screenshot - {}
RESULT: {"using":"xpath","value":"//span[contains(text(), \"Euro\")]"}
COMMAND: POST /session/4ca0da1f05d229fab0c05732b1ad37d0/element/f.D01EC4AF0A1BFC1E8396569751E97BC9.d.CBE1541FF67B246439F1D5CB931A8095.e.17038/click - {}
RESULT: {}
RESULT: {}
COMMAND: POST /session/4ca0da1f05d229fab0c05732b1ad37d0/element - {"using":"xpath","value":"//button[@data-kt=\"saveButton\"]"}
COMMAND: GET /session/4ca0da1f05d229fab0c05732b1ad37d0/screenshot - {}
RESULT: {"using":"xpath","value":"//button[@data-kt=\"saveButton\"]"}
COMMAND: POST /session/4ca0da1f05d229fab0c05732b1ad37d0/element/f.D01EC4AF0A1BFC1E8396569751E97BC9.d.CBE1541FF67B246439F1D5CB931A8095.e.16971/click - {}
RESULT: {}
RESULT: {}
COMMAND: GET /session/4ca0da1f05d229fab0c05732b1ad37d0/screenshot - {}
RESULT: {}
COMMAND: POST /session/4ca0da1f05d229fab0c05732b1ad37d0/execute/async - {"script":"<script> [1562 bytes]","args":[{"selector":{"id":"application-manageconditionprice-display-component---conditions--smartFilterBar-btnBasicSearch","interaction":{"idSuffix":"I"}},"wdio_ui5_key":"applicationmanageconditionprice-display-component---conditions--smartFilterBar-btnBasicSearch"}]}
RESULT: {"script":"<script> [1562 bytes]","args":[{"selector":{"id":"application-manageconditionprice-display-component---conditions--smartFilterBar-btnBasicSearch","interaction":{"idSuffix":"I"}},"wdio_ui5_key":"applicationmanageconditionprice-display-component---conditions--smartFilterBar-btnBasicSearch"}]}
RESULT: undefined
COMMAND: POST /session/4ca0da1f05d229fab0c05732b1ad37d0/execute/async - {"script":"<script> [776 bytes]","args":[{"enterText":"nAQS2ya6oM","selector":{"id":"application-manageconditionprice-display-component---conditions--smartFilterBar-btnBasicSearch","interaction":{"idSuffix":"I"}},"clearTextFirst":true,"interactionType":"ENTER_TEXT"}]}
RESULT: {"script":"<script> [776 bytes]","args":[{"enterText":"nAQS2ya6oM","selector":{"id":"application-manageconditionprice-display-component---conditions--smartFilterBar-btnBasicSearch","interaction":{"idSuffix":"I"}},"clearTextFirst":true,"interactionType":"ENTER_TEXT"}]}
COMMAND: POST /session/4ca0da1f05d229fab0c05732b1ad37d0/actions - {"actions":[{"id":"action64","type":"key","parameters":{},"actions":[{"type":"keyDown","value":"î€‡"},{"type":"pause","duration":10},{"type":"keyUp","value":"î€‡"}]}]}
RESULT: {"actions":[{"id":"action64","type":"key","parameters":{},"actions":[{"type":"keyDown","value":"î€‡"},{"type":"pause","duration":10},{"type":"keyUp","value":"î€‡"}]}]}
COMMAND: GET /session/4ca0da1f05d229fab0c05732b1ad37d0/screenshot - {}
RESULT: {}
COMMAND: POST /session/4ca0da1f05d229fab0c05732b1ad37d0/execute/async - {"script":"<script> [1562 bytes]","args":[{"selector":{"id":"application-manageconditionprice-display-component---conditions--smartFilterBar-filterItemControl_BASIC-BILL_TYPES-vhi"},"wdio_ui5_key":"applicationmanageconditionprice-display-component---conditions--smartFilterBar-filterItemControl_BASIC-BILL_TYPES-vhi"}]}
RESULT: {"script":"<script> [1562 bytes]","args":[{"selector":{"id":"application-manageconditionprice-display-component---conditions--smartFilterBar-filterItemControl_BASIC-BILL_TYPES-vhi"},"wdio_ui5_key":"applicationmanageconditionprice-display-component---conditions--smartFilterBar-filterItemControl_BASIC-BILL_TYPES-vhi"}]}
RESULT: undefined
COMMAND: POST /session/4ca0da1f05d229fab0c05732b1ad37d0/element - {"using":"xpath","value":"//*[@id=\"application-manageconditionprice-display-component---conditions--smartFilterBar-filterItemControl_BASIC-BILL_TYPES-vhi\"]"}
RESULT: {"using":"xpath","value":"//*[@id=\"application-manageconditionprice-display-component---conditions--smartFilterBar-filterItemControl_BASIC-BILL_TYPES-vhi\"]"}
COMMAND: POST /session/4ca0da1f05d229fab0c05732b1ad37d0/element/f.D01EC4AF0A1BFC1E8396569751E97BC9.d.CBE1541FF67B246439F1D5CB931A8095.e.17145/click - {}
RESULT: {}
COMMAND: POST /session/4ca0da1f05d229fab0c05732b1ad37d0/execute/async - {"script":"<script> [1562 bytes]","args":[{"selector":{"id":"application-manageconditionprice-display-component---conditions--smartFilterBar-filterItemControl_BASIC-BILL_TYPES-valueHelpDialog-smartFilterBar-btnBasicSearch","searchOpenDialogs":true,"interaction":{"idSuffix":"I"}},"wdio_ui5_key":"applicationmanageconditionprice-display-component---conditions--smartFilterBar-filterItemControl_BASIC-BILL_TYPES-valueHelpDialog-smartFilterBar-btnBasicSearch"}]}
COMMAND: GET /session/4ca0da1f05d229fab0c05732b1ad37d0/screenshot - {}
RESULT: {"script":"<script> [1562 bytes]","args":[{"selector":{"id":"application-manageconditionprice-display-component---conditions--smartFilterBar-filterItemControl_BASIC-BILL_TYPES-valueHelpDialog-smartFilterBar-btnBasicSearch","searchOpenDialogs":true,"interaction":{"idSuffix":"I"}},"wdio_ui5_key":"applicationmanageconditionprice-display-component---conditions--smartFilterBar-filterItemControl_BASIC-BILL_TYPES-valueHelpDialog-smartFilterBar-btnBasicSearch"}]}
RESULT: undefined
COMMAND: POST /session/4ca0da1f05d229fab0c05732b1ad37d0/execute/async - {"script":"<script> [776 bytes]","args":[{"enterText":"TB","selector":{"id":"application-manageconditionprice-display-component---conditions--smartFilterBar-filterItemControl_BASIC-BILL_TYPES-valueHelpDialog-smartFilterBar-btnBasicSearch","searchOpenDialogs":true,"interaction":{"idSuffix":"I"}},"clearTextFirst":true,"interactionType":"ENTER_TEXT"}]}
RESULT: {}
RESULT: {"script":"<script> [776 bytes]","args":[{"enterText":"TB","selector":{"id":"application-manageconditionprice-display-component---conditions--smartFilterBar-filterItemControl_BASIC-BILL_TYPES-valueHelpDialog-smartFilterBar-btnBasicSearch","searchOpenDialogs":true,"interaction":{"idSuffix":"I"}},"clearTextFirst":true,"interactionType":"ENTER_TEXT"}]}
COMMAND: POST /session/4ca0da1f05d229fab0c05732b1ad37d0/actions - {"actions":[{"id":"action65","type":"key","parameters":{},"actions":[{"type":"keyDown","value":"î€‡"},{"type":"pause","duration":10},{"type":"keyUp","value":"î€‡"}]}]}
RESULT: {"actions":[{"id":"action65","type":"key","parameters":{},"actions":[{"type":"keyDown","value":"î€‡"},{"type":"pause","duration":10},{"type":"keyUp","value":"î€‡"}]}]}
COMMAND: GET /session/4ca0da1f05d229fab0c05732b1ad37d0/screenshot - {}
RESULT: {}
COMMAND: POST /session/4ca0da1f05d229fab0c05732b1ad37d0/element - {"using":"xpath","value":"//div[contains(@id, 'application-manageconditionprice-display-component---conditions--smartFilterBar-filterItemControl_BASIC-BILL_TYPES-valueHelpDialog-table-rowsel0')]"}
RESULT: {"using":"xpath","value":"//div[contains(@id, 'application-manageconditionprice-display-component---conditions--smartFilterBar-filterItemControl_BASIC-BILL_TYPES-valueHelpDialog-table-rowsel0')]"}
COMMAND: POST /session/4ca0da1f05d229fab0c05732b1ad37d0/element/f.D01EC4AF0A1BFC1E8396569751E97BC9.d.CBE1541FF67B246439F1D5CB931A8095.e.17155/click - {}
RESULT: {}
COMMAND: GET /session/4ca0da1f05d229fab0c05732b1ad37d0/screenshot - {}
RESULT: {}
COMMAND: POST /session/4ca0da1f05d229fab0c05732b1ad37d0/element - {"using":"xpath","value":"//bdi[contains(text(), \"OK\")]"}
RESULT: {"using":"xpath","value":"//bdi[contains(text(), \"OK\")]"}
COMMAND: POST /session/4ca0da1f05d229fab0c05732b1ad37d0/element/f.D01EC4AF0A1BFC1E8396569751E97BC9.d.CBE1541FF67B246439F1D5CB931A8095.e.17157/click - {}
RESULT: {}
COMMAND: GET /session/4ca0da1f05d229fab0c05732b1ad37d0/screenshot - {}
RESULT: {}
COMMAND: POST /session/4ca0da1f05d229fab0c05732b1ad37d0/element - {"using":"xpath","value":"//span[@id=\"application-manageconditionprice-display-component---conditions--smartTable-header-inner\"]"}
RESULT: {"using":"xpath","value":"//span[@id=\"application-manageconditionprice-display-component---conditions--smartTable-header-inner\"]"}
COMMAND: POST /session/4ca0da1f05d229fab0c05732b1ad37d0/elements - {"using":"xpath","value":"//span[@id=\"application-manageconditionprice-display-component---conditions--smartTable-header-inner\"]"}
RESULT: {"using":"xpath","value":"//span[@id=\"application-manageconditionprice-display-component---conditions--smartTable-header-inner\"]"}
COMMAND: POST /session/4ca0da1f05d229fab0c05732b1ad37d0/execute/sync - {"script":"<script> [56 bytes]","args":[{"element-6066-11e4-a52e-4f735466cecf":"f.D01EC4AF0A1BFC1E8396569751E97BC9.d.CBE1541FF67B246439F1D5CB931A8095.e.17160","ELEMENT":"f.D01EC4AF0A1BFC1E8396569751E97BC9.d.CBE1541FF67B246439F1D5CB931A8095.e.17160"}]}
RESULT: {"script":"<script> [56 bytes]","args":[{"element-6066-11e4-a52e-4f735466cecf":"f.D01EC4AF0A1BFC1E8396569751E97BC9.d.CBE1541FF67B246439F1D5CB931A8095.e.17160","ELEMENT":"f.D01EC4AF0A1BFC1E8396569751E97BC9.d.CBE1541FF67B246439F1D5CB931A8095.e.17160"}]}
COMMAND: POST /session/4ca0da1f05d229fab0c05732b1ad37d0/element - {"using":"css selector","value":"#shell-header-logo"}
COMMAND: GET /session/4ca0da1f05d229fab0c05732b1ad37d0/screenshot - {}
RESULT: {}
RESULT: {"using":"css selector","value":"#shell-header-logo"}
COMMAND: POST /session/4ca0da1f05d229fab0c05732b1ad37d0/element/f.D01EC4AF0A1BFC1E8396569751E97BC9.d.CBE1541FF67B246439F1D5CB931A8095.e.16789/click - {}
RESULT: {}
COMMAND: GET /session/4ca0da1f05d229fab0c05732b1ad37d0/screenshot - {}
RESULT: {}
]]></system-out>
    </testcase>
    <testcase classname="chrome.135_0_7049_96.windows.Billing_Calculation_-_Time_based_(considering_transport_times)_US139738" name="Should do a stock increase for both equipments" time="80.888">
      <system-out><![CDATA[
COMMAND: POST /session/4ca0da1f05d229fab0c05732b1ad37d0/execute/async - {"script":"<script> [1562 bytes]","args":[{"selector":{"controlType":"sap.m.Text","viewName":"etm.portal.ui.managehandoverstile.view.Master","properties":{"text":"Manage Handovers"},"interaction":{"idSuffix":"inner"}},"wdio_ui5_key":"etmportal.ui.managehandoverstile.view.Mastersap.m.Text{\"text\":\"Manage Handovers\"}"}]}
RESULT: {"script":"<script> [1562 bytes]","args":[{"selector":{"controlType":"sap.m.Text","viewName":"etm.portal.ui.managehandoverstile.view.Master","properties":{"text":"Manage Handovers"},"interaction":{"idSuffix":"inner"}},"wdio_ui5_key":"etmportal.ui.managehandoverstile.view.Mastersap.m.Text{\"text\":\"Manage Handovers\"}"}]}
RESULT: undefined
COMMAND: POST /session/4ca0da1f05d229fab0c05732b1ad37d0/element - {"using":"xpath","value":"//*[@id=\"__tile132-title\"]"}
RESULT: {"using":"xpath","value":"//*[@id=\"__tile132-title\"]"}
COMMAND: POST /session/4ca0da1f05d229fab0c05732b1ad37d0/element/f.D01EC4AF0A1BFC1E8396569751E97BC9.d.CBE1541FF67B246439F1D5CB931A8095.e.17165/click - {}
RESULT: {}
COMMAND: POST /session/4ca0da1f05d229fab0c05732b1ad37d0/element - {"using":"xpath","value":"//button[@data-kt=\"masterHOAddButton\"]"}
COMMAND: GET /session/4ca0da1f05d229fab0c05732b1ad37d0/screenshot - {}
RESULT: {"using":"xpath","value":"//button[@data-kt=\"masterHOAddButton\"]"}
COMMAND: POST /session/4ca0da1f05d229fab0c05732b1ad37d0/elements - {"using":"xpath","value":"//button[@data-kt=\"masterHOAddButton\"]"}
RESULT: {}
RESULT: {"using":"xpath","value":"//button[@data-kt=\"masterHOAddButton\"]"}
COMMAND: POST /session/4ca0da1f05d229fab0c05732b1ad37d0/elements - {"using":"xpath","value":"//button[@data-kt=\"masterHOAddButton\"]"}
RESULT: {"using":"xpath","value":"//button[@data-kt=\"masterHOAddButton\"]"}
COMMAND: POST /session/4ca0da1f05d229fab0c05732b1ad37d0/element - {"using":"xpath","value":"//button[@data-kt=\"masterHOAddButton\"]"}
RESULT: {"using":"xpath","value":"//button[@data-kt=\"masterHOAddButton\"]"}
COMMAND: POST /session/4ca0da1f05d229fab0c05732b1ad37d0/execute/sync - {"script":"<script> [8489 bytes]","args":[{"element-6066-11e4-a52e-4f735466cecf":"f.D01EC4AF0A1BFC1E8396569751E97BC9.d.CBE1541FF67B246439F1D5CB931A8095.e.17184","ELEMENT":"f.D01EC4AF0A1BFC1E8396569751E97BC9.d.CBE1541FF67B246439F1D5CB931A8095.e.17184"}]}
RESULT: {"script":"<script> [8489 bytes]","args":[{"element-6066-11e4-a52e-4f735466cecf":"f.D01EC4AF0A1BFC1E8396569751E97BC9.d.CBE1541FF67B246439F1D5CB931A8095.e.17184","ELEMENT":"f.D01EC4AF0A1BFC1E8396569751E97BC9.d.CBE1541FF67B246439F1D5CB931A8095.e.17184"}]}
COMMAND: GET /session/4ca0da1f05d229fab0c05732b1ad37d0/element/f.D01EC4AF0A1BFC1E8396569751E97BC9.d.CBE1541FF67B246439F1D5CB931A8095.e.17184/enabled - {}
COMMAND: GET /session/4ca0da1f05d229fab0c05732b1ad37d0/screenshot - {}
RESULT: {}
COMMAND: POST /session/4ca0da1f05d229fab0c05732b1ad37d0/execute/sync - {"script":"<script> [8489 bytes]","args":[{"element-6066-11e4-a52e-4f735466cecf":"f.D01EC4AF0A1BFC1E8396569751E97BC9.d.CBE1541FF67B246439F1D5CB931A8095.e.17184","ELEMENT":"f.D01EC4AF0A1BFC1E8396569751E97BC9.d.CBE1541FF67B246439F1D5CB931A8095.e.17184"}]}
COMMAND: GET /session/4ca0da1f05d229fab0c05732b1ad37d0/screenshot - {}
RESULT: {}
RESULT: {"script":"<script> [8489 bytes]","args":[{"element-6066-11e4-a52e-4f735466cecf":"f.D01EC4AF0A1BFC1E8396569751E97BC9.d.CBE1541FF67B246439F1D5CB931A8095.e.17184","ELEMENT":"f.D01EC4AF0A1BFC1E8396569751E97BC9.d.CBE1541FF67B246439F1D5CB931A8095.e.17184"}]}
COMMAND: POST /session/4ca0da1f05d229fab0c05732b1ad37d0/execute/sync - {"script":"<script> [5351 bytes]","args":[{"element-6066-11e4-a52e-4f735466cecf":"f.D01EC4AF0A1BFC1E8396569751E97BC9.d.CBE1541FF67B246439F1D5CB931A8095.e.17184","ELEMENT":"f.D01EC4AF0A1BFC1E8396569751E97BC9.d.CBE1541FF67B246439F1D5CB931A8095.e.17184"}]}
COMMAND: GET /session/4ca0da1f05d229fab0c05732b1ad37d0/screenshot - {}
RESULT: {}
RESULT: {"script":"<script> [5351 bytes]","args":[{"element-6066-11e4-a52e-4f735466cecf":"f.D01EC4AF0A1BFC1E8396569751E97BC9.d.CBE1541FF67B246439F1D5CB931A8095.e.17184","ELEMENT":"f.D01EC4AF0A1BFC1E8396569751E97BC9.d.CBE1541FF67B246439F1D5CB931A8095.e.17184"}]}
COMMAND: POST /session/4ca0da1f05d229fab0c05732b1ad37d0/element/f.D01EC4AF0A1BFC1E8396569751E97BC9.d.CBE1541FF67B246439F1D5CB931A8095.e.17184/click - {}
COMMAND: GET /session/4ca0da1f05d229fab0c05732b1ad37d0/screenshot - {}
RESULT: {}
RESULT: {}
COMMAND: GET /session/4ca0da1f05d229fab0c05732b1ad37d0/screenshot - {}
RESULT: {}
COMMAND: POST /session/4ca0da1f05d229fab0c05732b1ad37d0/element - {"using":"xpath","value":"//span[contains(@id ,\"AddNewHO--typeSelect-arrow\")]"}
RESULT: {}
RESULT: {"using":"xpath","value":"//span[contains(@id ,\"AddNewHO--typeSelect-arrow\")]"}
COMMAND: POST /session/4ca0da1f05d229fab0c05732b1ad37d0/element/f.D01EC4AF0A1BFC1E8396569751E97BC9.d.CBE1541FF67B246439F1D5CB931A8095.e.17543/click - {}
RESULT: {}
COMMAND: GET /session/4ca0da1f05d229fab0c05732b1ad37d0/screenshot - {}
RESULT: {}
COMMAND: POST /session/4ca0da1f05d229fab0c05732b1ad37d0/element - {"using":"xpath","value":"(//li[contains(text(), \"stock increase yard\")])[1]"}
RESULT: {"using":"xpath","value":"(//li[contains(text(), \"stock increase yard\")])[1]"}
COMMAND: POST /session/4ca0da1f05d229fab0c05732b1ad37d0/element/f.D01EC4AF0A1BFC1E8396569751E97BC9.d.CBE1541FF67B246439F1D5CB931A8095.e.17544/click - {}
RESULT: {}
COMMAND: GET /session/4ca0da1f05d229fab0c05732b1ad37d0/screenshot - {}
RESULT: {}
COMMAND: POST /session/4ca0da1f05d229fab0c05732b1ad37d0/execute/async - {"script":"<script> [1562 bytes]","args":[{"selector":{"id":"application-managehandovers-display-component---AddNewHO--dueDate","interaction":{"idSuffix":"inner"}},"wdio_ui5_key":"applicationmanagehandovers-display-component---AddNewHO--dueDate"}]}
RESULT: {"script":"<script> [1562 bytes]","args":[{"selector":{"id":"application-managehandovers-display-component---AddNewHO--dueDate","interaction":{"idSuffix":"inner"}},"wdio_ui5_key":"applicationmanagehandovers-display-component---AddNewHO--dueDate"}]}
RESULT: undefined
COMMAND: POST /session/4ca0da1f05d229fab0c05732b1ad37d0/execute/async - {"script":"<script> [6424 bytes]","args":[{"element-6066-11e4-a52e-4f735466cecf":"f.D01EC4AF0A1BFC1E8396569751E97BC9.d.CBE1541FF67B246439F1D5CB931A8095.e.17546"},"setValue",["04/29/2025"]]}
RESULT: {"script":"<script> [6424 bytes]","args":[{"element-6066-11e4-a52e-4f735466cecf":"f.D01EC4AF0A1BFC1E8396569751E97BC9.d.CBE1541FF67B246439F1D5CB931A8095.e.17546"},"setValue",["04/29/2025"]]}
COMMAND: POST /session/4ca0da1f05d229fab0c05732b1ad37d0/element - {"using":"xpath","value":"//input[@id=\"generalSectionFrg--receiveYard-inner\"]"}
RESULT: {"using":"xpath","value":"//input[@id=\"generalSectionFrg--receiveYard-inner\"]"}
COMMAND: POST /session/4ca0da1f05d229fab0c05732b1ad37d0/element/f.D01EC4AF0A1BFC1E8396569751E97BC9.d.CBE1541FF67B246439F1D5CB931A8095.e.17552/clear - {}
RESULT: {}
COMMAND: POST /session/4ca0da1f05d229fab0c05732b1ad37d0/element/f.D01EC4AF0A1BFC1E8396569751E97BC9.d.CBE1541FF67B246439F1D5CB931A8095.e.17552/value - {"text":"412"}
COMMAND: GET /session/4ca0da1f05d229fab0c05732b1ad37d0/screenshot - {}
RESULT: {"text":"412"}
COMMAND: GET /session/4ca0da1f05d229fab0c05732b1ad37d0/screenshot - {}
RESULT: {}
RESULT: {}
COMMAND: POST /session/4ca0da1f05d229fab0c05732b1ad37d0/element - {"using":"xpath","value":"//li[.//span[text()='412']]"}
RESULT: {"using":"xpath","value":"//li[.//span[text()='412']]"}
COMMAND: POST /session/4ca0da1f05d229fab0c05732b1ad37d0/element/f.D01EC4AF0A1BFC1E8396569751E97BC9.d.CBE1541FF67B246439F1D5CB931A8095.e.17568/click - {}
RESULT: {}
COMMAND: GET /session/4ca0da1f05d229fab0c05732b1ad37d0/screenshot - {}
RESULT: {}
COMMAND: POST /session/4ca0da1f05d229fab0c05732b1ad37d0/execute/async - {"script":"<script> [1562 bytes]","args":[{"selector":{"id":"application-managehandovers-display-component---AddNewHO--ObjectPageLayout-anchBar-application-managehandovers-display-component---AddNewHO--section4-anchor","interaction":{"idSuffix":"BDI-content"}},"wdio_ui5_key":"applicationmanagehandovers-display-component---AddNewHO--ObjectPageLayout-anchBar-application-managehandovers-display-component---AddNewHO--section4-anchor"}]}
RESULT: {"script":"<script> [1562 bytes]","args":[{"selector":{"id":"application-managehandovers-display-component---AddNewHO--ObjectPageLayout-anchBar-application-managehandovers-display-component---AddNewHO--section4-anchor","interaction":{"idSuffix":"BDI-content"}},"wdio_ui5_key":"applicationmanagehandovers-display-component---AddNewHO--ObjectPageLayout-anchBar-application-managehandovers-display-component---AddNewHO--section4-anchor"}]}
RESULT: undefined
COMMAND: POST /session/4ca0da1f05d229fab0c05732b1ad37d0/element - {"using":"xpath","value":"//*[@id=\"application-managehandovers-display-component---AddNewHO--ObjectPageLayout-anchBar-application-managehandovers-display-component---AddNewHO--section4-anchor\"]"}
RESULT: {"using":"xpath","value":"//*[@id=\"application-managehandovers-display-component---AddNewHO--ObjectPageLayout-anchBar-application-managehandovers-display-component---AddNewHO--section4-anchor\"]"}
COMMAND: POST /session/4ca0da1f05d229fab0c05732b1ad37d0/element/f.D01EC4AF0A1BFC1E8396569751E97BC9.d.CBE1541FF67B246439F1D5CB931A8095.e.17570/click - {}
RESULT: {}
COMMAND: POST /session/4ca0da1f05d229fab0c05732b1ad37d0/element - {"using":"xpath","value":"//button[@aria-label=\"Add\"]"}
COMMAND: GET /session/4ca0da1f05d229fab0c05732b1ad37d0/screenshot - {}
RESULT: {"using":"xpath","value":"//button[@aria-label=\"Add\"]"}
COMMAND: POST /session/4ca0da1f05d229fab0c05732b1ad37d0/element/f.D01EC4AF0A1BFC1E8396569751E97BC9.d.CBE1541FF67B246439F1D5CB931A8095.e.17572/click - {}
RESULT: {}
RESULT: {}
COMMAND: GET /session/4ca0da1f05d229fab0c05732b1ad37d0/screenshot - {}
RESULT: {}
COMMAND: POST /session/4ca0da1f05d229fab0c05732b1ad37d0/execute/async - {"script":"<script> [1562 bytes]","args":[{"selector":{"id":"application-managehandovers-display-component---AddNewHO--smartFilterBar-btnBasicSearch","searchOpenDialogs":true,"interaction":{"idSuffix":"I"}},"wdio_ui5_key":"applicationmanagehandovers-display-component---AddNewHO--smartFilterBar-btnBasicSearch"}]}
RESULT: {"script":"<script> [1562 bytes]","args":[{"selector":{"id":"application-managehandovers-display-component---AddNewHO--smartFilterBar-btnBasicSearch","searchOpenDialogs":true,"interaction":{"idSuffix":"I"}},"wdio_ui5_key":"applicationmanagehandovers-display-component---AddNewHO--smartFilterBar-btnBasicSearch"}]}
RESULT: undefined
COMMAND: POST /session/4ca0da1f05d229fab0c05732b1ad37d0/execute/async - {"script":"<script> [776 bytes]","args":[{"enterText":"nAQS2ya6oM","selector":{"id":"application-managehandovers-display-component---AddNewHO--smartFilterBar-btnBasicSearch","searchOpenDialogs":true,"interaction":{"idSuffix":"I"}},"clearTextFirst":true,"interactionType":"ENTER_TEXT"}]}
RESULT: {"script":"<script> [776 bytes]","args":[{"enterText":"nAQS2ya6oM","selector":{"id":"application-managehandovers-display-component---AddNewHO--smartFilterBar-btnBasicSearch","searchOpenDialogs":true,"interaction":{"idSuffix":"I"}},"clearTextFirst":true,"interactionType":"ENTER_TEXT"}]}
COMMAND: POST /session/4ca0da1f05d229fab0c05732b1ad37d0/actions - {"actions":[{"id":"action66","type":"key","parameters":{},"actions":[{"type":"keyDown","value":"î€‡"},{"type":"pause","duration":10},{"type":"keyUp","value":"î€‡"}]}]}
RESULT: {"actions":[{"id":"action66","type":"key","parameters":{},"actions":[{"type":"keyDown","value":"î€‡"},{"type":"pause","duration":10},{"type":"keyUp","value":"î€‡"}]}]}
COMMAND: GET /session/4ca0da1f05d229fab0c05732b1ad37d0/screenshot - {}
RESULT: {}
COMMAND: POST /session/4ca0da1f05d229fab0c05732b1ad37d0/execute/async - {"script":"<script> [1562 bytes]","args":[{"selector":{"id":"application-managehandovers-display-component---AddNewHO--popup-sa","searchOpenDialogs":true,"interaction":{"idSuffix":"CbBg"}},"wdio_ui5_key":"applicationmanagehandovers-display-component---AddNewHO--popup-sa"}]}
RESULT: {"script":"<script> [1562 bytes]","args":[{"selector":{"id":"application-managehandovers-display-component---AddNewHO--popup-sa","searchOpenDialogs":true,"interaction":{"idSuffix":"CbBg"}},"wdio_ui5_key":"applicationmanagehandovers-display-component---AddNewHO--popup-sa"}]}
RESULT: undefined
COMMAND: POST /session/4ca0da1f05d229fab0c05732b1ad37d0/element - {"using":"xpath","value":"//*[@id=\"application-managehandovers-display-component---AddNewHO--popup-sa\"]"}
RESULT: {"using":"xpath","value":"//*[@id=\"application-managehandovers-display-component---AddNewHO--popup-sa\"]"}
COMMAND: POST /session/4ca0da1f05d229fab0c05732b1ad37d0/element/f.D01EC4AF0A1BFC1E8396569751E97BC9.d.CBE1541FF67B246439F1D5CB931A8095.e.17725/click - {}
RESULT: {}
COMMAND: GET /session/4ca0da1f05d229fab0c05732b1ad37d0/screenshot - {}
RESULT: {}
COMMAND: POST /session/4ca0da1f05d229fab0c05732b1ad37d0/element - {"using":"xpath","value":"//bdi[contains(text(), \"Select\")]"}
RESULT: {"using":"xpath","value":"//bdi[contains(text(), \"Select\")]"}
COMMAND: POST /session/4ca0da1f05d229fab0c05732b1ad37d0/element/f.D01EC4AF0A1BFC1E8396569751E97BC9.d.CBE1541FF67B246439F1D5CB931A8095.e.17726/click - {}
RESULT: {}
COMMAND: GET /session/4ca0da1f05d229fab0c05732b1ad37d0/screenshot - {}
RESULT: {}
COMMAND: POST /session/4ca0da1f05d229fab0c05732b1ad37d0/element - {"using":"xpath","value":"//button[@data-kt=\"AddNewHOSaveButton\"]"}
RESULT: {"using":"xpath","value":"//button[@data-kt=\"AddNewHOSaveButton\"]"}
COMMAND: POST /session/4ca0da1f05d229fab0c05732b1ad37d0/element/f.D01EC4AF0A1BFC1E8396569751E97BC9.d.CBE1541FF67B246439F1D5CB931A8095.e.17730/click - {}
RESULT: {}
COMMAND: GET /session/4ca0da1f05d229fab0c05732b1ad37d0/screenshot - {}
RESULT: {}
COMMAND: POST /session/4ca0da1f05d229fab0c05732b1ad37d0/execute/async - {"script":"<script> [1562 bytes]","args":[{"selector":{"id":"receiptDatePicker","viewName":"etm.portal.ui.managehandovers.view.DetailExecuteHO","interaction":{"idSuffix":"inner"}},"wdio_ui5_key":"receiptDatePickeretmportal.ui.managehandovers.view.DetailExecuteHO"}]}
RESULT: {"script":"<script> [1562 bytes]","args":[{"selector":{"id":"receiptDatePicker","viewName":"etm.portal.ui.managehandovers.view.DetailExecuteHO","interaction":{"idSuffix":"inner"}},"wdio_ui5_key":"receiptDatePickeretmportal.ui.managehandovers.view.DetailExecuteHO"}]}
RESULT: undefined
COMMAND: POST /session/4ca0da1f05d229fab0c05732b1ad37d0/execute/async - {"script":"<script> [6424 bytes]","args":[{"element-6066-11e4-a52e-4f735466cecf":"f.D01EC4AF0A1BFC1E8396569751E97BC9.d.CBE1541FF67B246439F1D5CB931A8095.e.17761"},"setValue",["04/29/2025"]]}
RESULT: {"script":"<script> [6424 bytes]","args":[{"element-6066-11e4-a52e-4f735466cecf":"f.D01EC4AF0A1BFC1E8396569751E97BC9.d.CBE1541FF67B246439F1D5CB931A8095.e.17761"},"setValue",["04/29/2025"]]}
COMMAND: POST /session/4ca0da1f05d229fab0c05732b1ad37d0/element - {"using":"xpath","value":"//button[@data-kt=\"PickingTableConfirmAllButton\"]"}
RESULT: {"using":"xpath","value":"//button[@data-kt=\"PickingTableConfirmAllButton\"]"}
COMMAND: POST /session/4ca0da1f05d229fab0c05732b1ad37d0/element/f.D01EC4AF0A1BFC1E8396569751E97BC9.d.CBE1541FF67B246439F1D5CB931A8095.e.17777/click - {}
RESULT: {}
COMMAND: GET /session/4ca0da1f05d229fab0c05732b1ad37d0/screenshot - {}
RESULT: {}
COMMAND: POST /session/4ca0da1f05d229fab0c05732b1ad37d0/element - {"using":"xpath","value":"//bdi[contains(text(), \"OK\")]"}
RESULT: {"using":"xpath","value":"//bdi[contains(text(), \"OK\")]"}
COMMAND: POST /session/4ca0da1f05d229fab0c05732b1ad37d0/element/f.D01EC4AF0A1BFC1E8396569751E97BC9.d.CBE1541FF67B246439F1D5CB931A8095.e.17779/click - {}
RESULT: {}
COMMAND: GET /session/4ca0da1f05d229fab0c05732b1ad37d0/screenshot - {}
RESULT: {}
COMMAND: POST /session/4ca0da1f05d229fab0c05732b1ad37d0/element - {"using":"xpath","value":"(//bdi[contains(text(), \"Receive\")])[2]"}
RESULT: {"using":"xpath","value":"(//bdi[contains(text(), \"Receive\")])[2]"}
COMMAND: POST /session/4ca0da1f05d229fab0c05732b1ad37d0/element/f.D01EC4AF0A1BFC1E8396569751E97BC9.d.CBE1541FF67B246439F1D5CB931A8095.e.17781/click - {}
RESULT: {}
COMMAND: GET /session/4ca0da1f05d229fab0c05732b1ad37d0/screenshot - {}
RESULT: {}
COMMAND: POST /session/4ca0da1f05d229fab0c05732b1ad37d0/element - {"using":"css selector","value":"#shell-header-logo"}
RESULT: {"using":"css selector","value":"#shell-header-logo"}
COMMAND: POST /session/4ca0da1f05d229fab0c05732b1ad37d0/element/f.D01EC4AF0A1BFC1E8396569751E97BC9.d.CBE1541FF67B246439F1D5CB931A8095.e.17167/click - {}
RESULT: {}
COMMAND: GET /session/4ca0da1f05d229fab0c05732b1ad37d0/screenshot - {}
RESULT: {}
]]></system-out>
    </testcase>
    <testcase classname="chrome.135_0_7049_96.windows.Billing_Calculation_-_Time_based_(considering_transport_times)_US139738" name="Should create a new contract" time="53.255">
      <system-out><![CDATA[
COMMAND: POST /session/4ca0da1f05d229fab0c05732b1ad37d0/execute/async - {"script":"<script> [1562 bytes]","args":[{"selector":{"controlType":"sap.m.Text","viewName":"etm.portal.ui.managecontractstile.view.Master","properties":{"text":"Manage Contracts"},"interaction":{"idSuffix":"inner"}},"wdio_ui5_key":"etmportal.ui.managecontractstile.view.Mastersap.m.Text{\"text\":\"Manage Contracts\"}"}]}
RESULT: {"script":"<script> [1562 bytes]","args":[{"selector":{"controlType":"sap.m.Text","viewName":"etm.portal.ui.managecontractstile.view.Master","properties":{"text":"Manage Contracts"},"interaction":{"idSuffix":"inner"}},"wdio_ui5_key":"etmportal.ui.managecontractstile.view.Mastersap.m.Text{\"text\":\"Manage Contracts\"}"}]}
RESULT: undefined
COMMAND: POST /session/4ca0da1f05d229fab0c05732b1ad37d0/element - {"using":"xpath","value":"//*[@id=\"__tile130-title\"]"}
RESULT: {"using":"xpath","value":"//*[@id=\"__tile130-title\"]"}
COMMAND: POST /session/4ca0da1f05d229fab0c05732b1ad37d0/element/f.D01EC4AF0A1BFC1E8396569751E97BC9.d.CBE1541FF67B246439F1D5CB931A8095.e.17955/click - {}
RESULT: {}
COMMAND: GET /session/4ca0da1f05d229fab0c05732b1ad37d0/screenshot - {}
COMMAND: POST /session/4ca0da1f05d229fab0c05732b1ad37d0/element - {"using":"xpath","value":"//button[@data-kt=\"addButton\"]"}
RESULT: {}
RESULT: {"using":"xpath","value":"//button[@data-kt=\"addButton\"]"}
COMMAND: POST /session/4ca0da1f05d229fab0c05732b1ad37d0/elements - {"using":"xpath","value":"//button[@data-kt=\"addButton\"]"}
RESULT: {"using":"xpath","value":"//button[@data-kt=\"addButton\"]"}
COMMAND: POST /session/4ca0da1f05d229fab0c05732b1ad37d0/execute/sync - {"script":"<script> [8489 bytes]","args":[{"element-6066-11e4-a52e-4f735466cecf":"f.D01EC4AF0A1BFC1E8396569751E97BC9.d.CBE1541FF67B246439F1D5CB931A8095.e.18026","ELEMENT":"f.D01EC4AF0A1BFC1E8396569751E97BC9.d.CBE1541FF67B246439F1D5CB931A8095.e.18026"}]}
RESULT: {"script":"<script> [8489 bytes]","args":[{"element-6066-11e4-a52e-4f735466cecf":"f.D01EC4AF0A1BFC1E8396569751E97BC9.d.CBE1541FF67B246439F1D5CB931A8095.e.18026","ELEMENT":"f.D01EC4AF0A1BFC1E8396569751E97BC9.d.CBE1541FF67B246439F1D5CB931A8095.e.18026"}]}
COMMAND: GET /session/4ca0da1f05d229fab0c05732b1ad37d0/element/f.D01EC4AF0A1BFC1E8396569751E97BC9.d.CBE1541FF67B246439F1D5CB931A8095.e.18026/enabled - {}
COMMAND: GET /session/4ca0da1f05d229fab0c05732b1ad37d0/screenshot - {}
RESULT: {}
COMMAND: POST /session/4ca0da1f05d229fab0c05732b1ad37d0/execute/sync - {"script":"<script> [8489 bytes]","args":[{"element-6066-11e4-a52e-4f735466cecf":"f.D01EC4AF0A1BFC1E8396569751E97BC9.d.CBE1541FF67B246439F1D5CB931A8095.e.18026","ELEMENT":"f.D01EC4AF0A1BFC1E8396569751E97BC9.d.CBE1541FF67B246439F1D5CB931A8095.e.18026"}]}
COMMAND: GET /session/4ca0da1f05d229fab0c05732b1ad37d0/screenshot - {}
RESULT: {}
RESULT: {"script":"<script> [8489 bytes]","args":[{"element-6066-11e4-a52e-4f735466cecf":"f.D01EC4AF0A1BFC1E8396569751E97BC9.d.CBE1541FF67B246439F1D5CB931A8095.e.18026","ELEMENT":"f.D01EC4AF0A1BFC1E8396569751E97BC9.d.CBE1541FF67B246439F1D5CB931A8095.e.18026"}]}
COMMAND: POST /session/4ca0da1f05d229fab0c05732b1ad37d0/execute/sync - {"script":"<script> [5351 bytes]","args":[{"element-6066-11e4-a52e-4f735466cecf":"f.D01EC4AF0A1BFC1E8396569751E97BC9.d.CBE1541FF67B246439F1D5CB931A8095.e.18026","ELEMENT":"f.D01EC4AF0A1BFC1E8396569751E97BC9.d.CBE1541FF67B246439F1D5CB931A8095.e.18026"}]}
COMMAND: GET /session/4ca0da1f05d229fab0c05732b1ad37d0/screenshot - {}
RESULT: {}
RESULT: {"script":"<script> [5351 bytes]","args":[{"element-6066-11e4-a52e-4f735466cecf":"f.D01EC4AF0A1BFC1E8396569751E97BC9.d.CBE1541FF67B246439F1D5CB931A8095.e.18026","ELEMENT":"f.D01EC4AF0A1BFC1E8396569751E97BC9.d.CBE1541FF67B246439F1D5CB931A8095.e.18026"}]}
COMMAND: GET /session/4ca0da1f05d229fab0c05732b1ad37d0/screenshot - {}
RESULT: {}
RESULT: {}
COMMAND: POST /session/4ca0da1f05d229fab0c05732b1ad37d0/element/f.D01EC4AF0A1BFC1E8396569751E97BC9.d.CBE1541FF67B246439F1D5CB931A8095.e.18026/click - {}
RESULT: {}
COMMAND: GET /session/4ca0da1f05d229fab0c05732b1ad37d0/screenshot - {}
RESULT: {}
COMMAND: POST /session/4ca0da1f05d229fab0c05732b1ad37d0/execute/async - {"script":"<script> [1562 bytes]","args":[{"selector":{"id":"application-managecontracts-display-component---AddNewContract--projectDescription","interaction":{"idSuffix":"inner"}},"wdio_ui5_key":"applicationmanagecontracts-display-component---AddNewContract--projectDescription"}]}
RESULT: {"script":"<script> [1562 bytes]","args":[{"selector":{"id":"application-managecontracts-display-component---AddNewContract--projectDescription","interaction":{"idSuffix":"inner"}},"wdio_ui5_key":"applicationmanagecontracts-display-component---AddNewContract--projectDescription"}]}
RESULT: undefined
COMMAND: POST /session/4ca0da1f05d229fab0c05732b1ad37d0/execute/async - {"script":"<script> [776 bytes]","args":[{"enterText":"Contract WDIO","selector":{"id":"application-managecontracts-display-component---AddNewContract--projectDescription","interaction":{"idSuffix":"inner"}},"clearTextFirst":true,"interactionType":"ENTER_TEXT"}]}
RESULT: {"script":"<script> [776 bytes]","args":[{"enterText":"Contract WDIO","selector":{"id":"application-managecontracts-display-component---AddNewContract--projectDescription","interaction":{"idSuffix":"inner"}},"clearTextFirst":true,"interactionType":"ENTER_TEXT"}]}
COMMAND: POST /session/4ca0da1f05d229fab0c05732b1ad37d0/element - {"using":"xpath","value":"//input[@id=\"application-managecontracts-display-component---AddNewContract--site-inner\"]"}
RESULT: {"using":"xpath","value":"//input[@id=\"application-managecontracts-display-component---AddNewContract--site-inner\"]"}
COMMAND: POST /session/4ca0da1f05d229fab0c05732b1ad37d0/element/f.D01EC4AF0A1BFC1E8396569751E97BC9.d.CBE1541FF67B246439F1D5CB931A8095.e.18320/clear - {}
RESULT: {}
COMMAND: POST /session/4ca0da1f05d229fab0c05732b1ad37d0/element/f.D01EC4AF0A1BFC1E8396569751E97BC9.d.CBE1541FF67B246439F1D5CB931A8095.e.18320/value - {"text":"2260"}
COMMAND: GET /session/4ca0da1f05d229fab0c05732b1ad37d0/screenshot - {}
RESULT: {"text":"2260"}
COMMAND: GET /session/4ca0da1f05d229fab0c05732b1ad37d0/screenshot - {}
RESULT: {}
RESULT: {}
COMMAND: POST /session/4ca0da1f05d229fab0c05732b1ad37d0/element - {"using":"xpath","value":"//li[.//span[text()='2260']]"}
RESULT: {"using":"xpath","value":"//li[.//span[text()='2260']]"}
COMMAND: POST /session/4ca0da1f05d229fab0c05732b1ad37d0/element/f.D01EC4AF0A1BFC1E8396569751E97BC9.d.CBE1541FF67B246439F1D5CB931A8095.e.18345/click - {}
RESULT: {}
COMMAND: GET /session/4ca0da1f05d229fab0c05732b1ad37d0/screenshot - {}
RESULT: {}
COMMAND: POST /session/4ca0da1f05d229fab0c05732b1ad37d0/element - {"using":"xpath","value":"//input[@id=\"application-managecontracts-display-component---AddNewContract--yardId-inner\"]"}
RESULT: {"using":"xpath","value":"//input[@id=\"application-managecontracts-display-component---AddNewContract--yardId-inner\"]"}
COMMAND: GET /session/4ca0da1f05d229fab0c05732b1ad37d0/element/f.D01EC4AF0A1BFC1E8396569751E97BC9.d.CBE1541FF67B246439F1D5CB931A8095.e.18321/property/value - {}
RESULT: {}
COMMAND: POST /session/4ca0da1f05d229fab0c05732b1ad37d0/element - {"using":"xpath","value":"//input[@id=\"application-managecontracts-display-component---AddNewContract--customerSelect-inner\"]"}
COMMAND: GET /session/4ca0da1f05d229fab0c05732b1ad37d0/screenshot - {}
RESULT: {"using":"xpath","value":"//input[@id=\"application-managecontracts-display-component---AddNewContract--customerSelect-inner\"]"}
COMMAND: POST /session/4ca0da1f05d229fab0c05732b1ad37d0/element/f.D01EC4AF0A1BFC1E8396569751E97BC9.d.CBE1541FF67B246439F1D5CB931A8095.e.18319/clear - {}
RESULT: {}
RESULT: {}
COMMAND: POST /session/4ca0da1f05d229fab0c05732b1ad37d0/element/f.D01EC4AF0A1BFC1E8396569751E97BC9.d.CBE1541FF67B246439F1D5CB931A8095.e.18319/value - {"text":"1279"}
COMMAND: GET /session/4ca0da1f05d229fab0c05732b1ad37d0/screenshot - {}
RESULT: {"text":"1279"}
COMMAND: GET /session/4ca0da1f05d229fab0c05732b1ad37d0/screenshot - {}
RESULT: {}
RESULT: {}
COMMAND: POST /session/4ca0da1f05d229fab0c05732b1ad37d0/element - {"using":"xpath","value":"//li[.//span[text()='1279']]"}
RESULT: {"using":"xpath","value":"//li[.//span[text()='1279']]"}
COMMAND: POST /session/4ca0da1f05d229fab0c05732b1ad37d0/element/f.D01EC4AF0A1BFC1E8396569751E97BC9.d.CBE1541FF67B246439F1D5CB931A8095.e.18348/click - {}
RESULT: {}
COMMAND: GET /session/4ca0da1f05d229fab0c05732b1ad37d0/screenshot - {}
RESULT: {}
COMMAND: POST /session/4ca0da1f05d229fab0c05732b1ad37d0/element - {"using":"xpath","value":"//button[@data-kt=\"saveButton\"]"}
RESULT: {"using":"xpath","value":"//button[@data-kt=\"saveButton\"]"}
COMMAND: POST /session/4ca0da1f05d229fab0c05732b1ad37d0/element/f.D01EC4AF0A1BFC1E8396569751E97BC9.d.CBE1541FF67B246439F1D5CB931A8095.e.18336/click - {}
RESULT: {}
COMMAND: GET /session/4ca0da1f05d229fab0c05732b1ad37d0/screenshot - {}
RESULT: {}
COMMAND: POST /session/4ca0da1f05d229fab0c05732b1ad37d0/element - {"using":"xpath","value":"//span[contains(@id ,\"contractDetailTitleNoExpanded\")]"}
RESULT: {"using":"xpath","value":"//span[contains(@id ,\"contractDetailTitleNoExpanded\")]"}
COMMAND: POST /session/4ca0da1f05d229fab0c05732b1ad37d0/elements - {"using":"xpath","value":"//span[contains(@id ,\"contractDetailTitleNoExpanded\")]"}
RESULT: {"using":"xpath","value":"//span[contains(@id ,\"contractDetailTitleNoExpanded\")]"}
COMMAND: POST /session/4ca0da1f05d229fab0c05732b1ad37d0/execute/sync - {"script":"<script> [56 bytes]","args":[{"element-6066-11e4-a52e-4f735466cecf":"f.D01EC4AF0A1BFC1E8396569751E97BC9.d.CBE1541FF67B246439F1D5CB931A8095.e.18357","ELEMENT":"f.D01EC4AF0A1BFC1E8396569751E97BC9.d.CBE1541FF67B246439F1D5CB931A8095.e.18357"}]}
RESULT: {"script":"<script> [56 bytes]","args":[{"element-6066-11e4-a52e-4f735466cecf":"f.D01EC4AF0A1BFC1E8396569751E97BC9.d.CBE1541FF67B246439F1D5CB931A8095.e.18357","ELEMENT":"f.D01EC4AF0A1BFC1E8396569751E97BC9.d.CBE1541FF67B246439F1D5CB931A8095.e.18357"}]}
COMMAND: GET /session/4ca0da1f05d229fab0c05732b1ad37d0/screenshot - {}
RESULT: {}
]]></system-out>
    </testcase>
    <testcase classname="chrome.135_0_7049_96.windows.Billing_Calculation_-_Time_based_(considering_transport_times)_US139738" name="Should add transport time checkbox on contract details" time="16.401">
      <system-out><![CDATA[
COMMAND: POST /session/4ca0da1f05d229fab0c05732b1ad37d0/element - {"using":"xpath","value":"//button[@data-kt=\"contractDetailEditBtnButton\"]"}
RESULT: {"using":"xpath","value":"//button[@data-kt=\"contractDetailEditBtnButton\"]"}
COMMAND: POST /session/4ca0da1f05d229fab0c05732b1ad37d0/element/f.D01EC4AF0A1BFC1E8396569751E97BC9.d.CBE1541FF67B246439F1D5CB931A8095.e.18358/click - {}
RESULT: {}
COMMAND: GET /session/4ca0da1f05d229fab0c05732b1ad37d0/screenshot - {}
RESULT: {}
COMMAND: POST /session/4ca0da1f05d229fab0c05732b1ad37d0/element - {"using":"xpath","value":"(//span[contains(text(), \"Contract Billing\")])[2]"}
RESULT: {"using":"xpath","value":"(//span[contains(text(), \"Contract Billing\")])[2]"}
COMMAND: POST /session/4ca0da1f05d229fab0c05732b1ad37d0/element/f.D01EC4AF0A1BFC1E8396569751E97BC9.d.CBE1541FF67B246439F1D5CB931A8095.e.18414/click - {}
RESULT: {}
COMMAND: GET /session/4ca0da1f05d229fab0c05732b1ad37d0/screenshot - {}
RESULT: {}
COMMAND: POST /session/4ca0da1f05d229fab0c05732b1ad37d0/element - {"using":"xpath","value":"(//div[contains(@id, \"transportTimesBilled-CbBg\")])"}
RESULT: {"using":"xpath","value":"(//div[contains(@id, \"transportTimesBilled-CbBg\")])"}
COMMAND: POST /session/4ca0da1f05d229fab0c05732b1ad37d0/element/f.D01EC4AF0A1BFC1E8396569751E97BC9.d.CBE1541FF67B246439F1D5CB931A8095.e.18444/click - {}
RESULT: {}
COMMAND: GET /session/4ca0da1f05d229fab0c05732b1ad37d0/screenshot - {}
RESULT: {}
COMMAND: POST /session/4ca0da1f05d229fab0c05732b1ad37d0/element - {"using":"xpath","value":"(//button[@data-kt=\"saveButton\"])[2]"}
RESULT: {"using":"xpath","value":"(//button[@data-kt=\"saveButton\"])[2]"}
COMMAND: POST /session/4ca0da1f05d229fab0c05732b1ad37d0/element/f.D01EC4AF0A1BFC1E8396569751E97BC9.d.CBE1541FF67B246439F1D5CB931A8095.e.18445/click - {}
RESULT: {}
COMMAND: GET /session/4ca0da1f05d229fab0c05732b1ad37d0/screenshot - {}
RESULT: {}
]]></system-out>
    </testcase>
    <testcase classname="chrome.135_0_7049_96.windows.Billing_Calculation_-_Time_based_(considering_transport_times)_US139738" name="Should add created equipment to contract" time="51.377">
      <system-out><![CDATA[
COMMAND: POST /session/4ca0da1f05d229fab0c05732b1ad37d0/element - {"using":"xpath","value":"//button[@data-kt=\"contractDetailEditBtnButton\"]"}
RESULT: {"using":"xpath","value":"//button[@data-kt=\"contractDetailEditBtnButton\"]"}
COMMAND: POST /session/4ca0da1f05d229fab0c05732b1ad37d0/element/f.D01EC4AF0A1BFC1E8396569751E97BC9.d.CBE1541FF67B246439F1D5CB931A8095.e.18358/click - {}
RESULT: {}
COMMAND: GET /session/4ca0da1f05d229fab0c05732b1ad37d0/screenshot - {}
RESULT: {}
COMMAND: POST /session/4ca0da1f05d229fab0c05732b1ad37d0/element - {"using":"xpath","value":"(//span[contains(text(), \"Additional Addresses\")])[2]"}
RESULT: {"using":"xpath","value":"(//span[contains(text(), \"Additional Addresses\")])[2]"}
COMMAND: POST /session/4ca0da1f05d229fab0c05732b1ad37d0/element/f.D01EC4AF0A1BFC1E8396569751E97BC9.d.CBE1541FF67B246439F1D5CB931A8095.e.18462/click - {}
RESULT: {}
COMMAND: GET /session/4ca0da1f05d229fab0c05732b1ad37d0/screenshot - {}
RESULT: {}
COMMAND: POST /session/4ca0da1f05d229fab0c05732b1ad37d0/element - {"using":"xpath","value":"//button[@data-kt=\"btnAddTableRowOverflowToolbarButton\"]"}
RESULT: {"using":"xpath","value":"//button[@data-kt=\"btnAddTableRowOverflowToolbarButton\"]"}
COMMAND: POST /session/4ca0da1f05d229fab0c05732b1ad37d0/element/f.D01EC4AF0A1BFC1E8396569751E97BC9.d.CBE1541FF67B246439F1D5CB931A8095.e.18464/click - {}
RESULT: {}
COMMAND: GET /session/4ca0da1f05d229fab0c05732b1ad37d0/screenshot - {}
RESULT: {}
COMMAND: POST /session/4ca0da1f05d229fab0c05732b1ad37d0/element - {"using":"xpath","value":"//div[(text() = 'Standard Entry' or . = 'Standard Entry')]"}
RESULT: {"using":"xpath","value":"//div[(text() = 'Standard Entry' or . = 'Standard Entry')]"}
COMMAND: POST /session/4ca0da1f05d229fab0c05732b1ad37d0/element/f.D01EC4AF0A1BFC1E8396569751E97BC9.d.CBE1541FF67B246439F1D5CB931A8095.e.18466/click - {}
RESULT: {}
COMMAND: GET /session/4ca0da1f05d229fab0c05732b1ad37d0/screenshot - {}
RESULT: {}
COMMAND: POST /session/4ca0da1f05d229fab0c05732b1ad37d0/element - {"using":"xpath","value":"//td[7]/div/div/input"}
RESULT: {"using":"xpath","value":"//td[7]/div/div/input"}
COMMAND: POST /session/4ca0da1f05d229fab0c05732b1ad37d0/element/f.D01EC4AF0A1BFC1E8396569751E97BC9.d.CBE1541FF67B246439F1D5CB931A8095.e.18475/clear - {}
RESULT: {}
COMMAND: POST /session/4ca0da1f05d229fab0c05732b1ad37d0/element/f.D01EC4AF0A1BFC1E8396569751E97BC9.d.CBE1541FF67B246439F1D5CB931A8095.e.18475/value - {"text":"nAQS2ya6oM"}
COMMAND: GET /session/4ca0da1f05d229fab0c05732b1ad37d0/screenshot - {}
RESULT: {"text":"nAQS2ya6oM"}
COMMAND: GET /session/4ca0da1f05d229fab0c05732b1ad37d0/screenshot - {}
RESULT: {}
RESULT: {}
COMMAND: POST /session/4ca0da1f05d229fab0c05732b1ad37d0/actions - {"actions":[{"id":"action67","type":"key","parameters":{},"actions":[{"type":"keyDown","value":"î€‡"},{"type":"pause","duration":10},{"type":"keyUp","value":"î€‡"}]}]}
RESULT: {"actions":[{"id":"action67","type":"key","parameters":{},"actions":[{"type":"keyDown","value":"î€‡"},{"type":"pause","duration":10},{"type":"keyUp","value":"î€‡"}]}]}
COMMAND: GET /session/4ca0da1f05d229fab0c05732b1ad37d0/screenshot - {}
RESULT: {}
COMMAND: POST /session/4ca0da1f05d229fab0c05732b1ad37d0/element - {"using":"xpath","value":"(//button[@data-kt=\"saveButton\"])[2]"}
RESULT: {"using":"xpath","value":"(//button[@data-kt=\"saveButton\"])[2]"}
COMMAND: POST /session/4ca0da1f05d229fab0c05732b1ad37d0/element/f.D01EC4AF0A1BFC1E8396569751E97BC9.d.CBE1541FF67B246439F1D5CB931A8095.e.18445/click - {}
RESULT: {}
COMMAND: GET /session/4ca0da1f05d229fab0c05732b1ad37d0/screenshot - {}
RESULT: {}
COMMAND: POST /session/4ca0da1f05d229fab0c05732b1ad37d0/element - {"using":"xpath","value":"//span[contains(@id ,\"contractItemsSmartTable-header-inner\")]"}
RESULT: {"using":"xpath","value":"//span[contains(@id ,\"contractItemsSmartTable-header-inner\")]"}
COMMAND: POST /session/4ca0da1f05d229fab0c05732b1ad37d0/elements - {"using":"xpath","value":"//span[contains(@id ,\"contractItemsSmartTable-header-inner\")]"}
RESULT: {"using":"xpath","value":"//span[contains(@id ,\"contractItemsSmartTable-header-inner\")]"}
COMMAND: POST /session/4ca0da1f05d229fab0c05732b1ad37d0/execute/sync - {"script":"<script> [56 bytes]","args":[{"element-6066-11e4-a52e-4f735466cecf":"f.D01EC4AF0A1BFC1E8396569751E97BC9.d.CBE1541FF67B246439F1D5CB931A8095.e.18492","ELEMENT":"f.D01EC4AF0A1BFC1E8396569751E97BC9.d.CBE1541FF67B246439F1D5CB931A8095.e.18492"}]}
RESULT: {"script":"<script> [56 bytes]","args":[{"element-6066-11e4-a52e-4f735466cecf":"f.D01EC4AF0A1BFC1E8396569751E97BC9.d.CBE1541FF67B246439F1D5CB931A8095.e.18492","ELEMENT":"f.D01EC4AF0A1BFC1E8396569751E97BC9.d.CBE1541FF67B246439F1D5CB931A8095.e.18492"}]}
]]></system-out>
    </testcase>
    <testcase classname="chrome.135_0_7049_96.windows.Billing_Calculation_-_Time_based_(considering_transport_times)_US139738" name="Should do a provide to site 2 step" time="126.86">
      <system-out><![CDATA[
COMMAND: POST /session/4ca0da1f05d229fab0c05732b1ad37d0/element - {"using":"xpath","value":"//button[@data-kt=\"provideButton\"]"}
COMMAND: GET /session/4ca0da1f05d229fab0c05732b1ad37d0/screenshot - {}
RESULT: {"using":"xpath","value":"//button[@data-kt=\"provideButton\"]"}
COMMAND: POST /session/4ca0da1f05d229fab0c05732b1ad37d0/element/f.D01EC4AF0A1BFC1E8396569751E97BC9.d.CBE1541FF67B246439F1D5CB931A8095.e.18493/click - {}
RESULT: {}
RESULT: {}
COMMAND: GET /session/4ca0da1f05d229fab0c05732b1ad37d0/screenshot - {}
RESULT: {}
COMMAND: POST /session/4ca0da1f05d229fab0c05732b1ad37d0/element - {"using":"xpath","value":"(//div[contains(@id, \"application-managehandovers-display-component---AddNewHO--oneStep-CbBg\")])"}
RESULT: {"using":"xpath","value":"(//div[contains(@id, \"application-managehandovers-display-component---AddNewHO--oneStep-CbBg\")])"}
COMMAND: POST /session/4ca0da1f05d229fab0c05732b1ad37d0/element/f.D01EC4AF0A1BFC1E8396569751E97BC9.d.CBE1541FF67B246439F1D5CB931A8095.e.18805/click - {}
RESULT: {}
RESULT: undefined
COMMAND: POST /session/4ca0da1f05d229fab0c05732b1ad37d0/execute/async - {"script":"<script> [6424 bytes]","args":[{"element-6066-11e4-a52e-4f735466cecf":"f.D01EC4AF0A1BFC1E8396569751E97BC9.d.CBE1541FF67B246439F1D5CB931A8095.e.17546"},"setValue",["04/29/2025"]]}
COMMAND: GET /session/4ca0da1f05d229fab0c05732b1ad37d0/screenshot - {}
COMMAND: POST /session/4ca0da1f05d229fab0c05732b1ad37d0/execute/async - {"script":"<script> [1562 bytes]","args":[{"selector":{"id":"application-managehandovers-display-component---AddNewHO--dueDate","interaction":{"idSuffix":"inner"}},"wdio_ui5_key":"applicationmanagehandovers-display-component---AddNewHO--dueDate"}]}
RESULT: {}
RESULT: {"script":"<script> [1562 bytes]","args":[{"selector":{"id":"application-managehandovers-display-component---AddNewHO--dueDate","interaction":{"idSuffix":"inner"}},"wdio_ui5_key":"applicationmanagehandovers-display-component---AddNewHO--dueDate"}]}
COMMAND: POST /session/4ca0da1f05d229fab0c05732b1ad37d0/execute/async - {"script":"<script> [6424 bytes]","args":[{"element-6066-11e4-a52e-4f735466cecf":"f.D01EC4AF0A1BFC1E8396569751E97BC9.d.CBE1541FF67B246439F1D5CB931A8095.e.18552"},"setValue",["04/29/2025"]]}
RESULT: {"script":"<script> [6424 bytes]","args":[{"element-6066-11e4-a52e-4f735466cecf":"f.D01EC4AF0A1BFC1E8396569751E97BC9.d.CBE1541FF67B246439F1D5CB931A8095.e.18552"},"setValue",["04/29/2025"]]}
COMMAND: POST /session/4ca0da1f05d229fab0c05732b1ad37d0/element - {"using":"xpath","value":"//bdi[contains(text(), \"Instructions\")]"}
RESULT: {"using":"xpath","value":"//bdi[contains(text(), \"Instructions\")]"}
COMMAND: POST /session/4ca0da1f05d229fab0c05732b1ad37d0/element/f.D01EC4AF0A1BFC1E8396569751E97BC9.d.CBE1541FF67B246439F1D5CB931A8095.e.18807/click - {}
RESULT: {}
COMMAND: GET /session/4ca0da1f05d229fab0c05732b1ad37d0/screenshot - {}
RESULT: {}
COMMAND: POST /session/4ca0da1f05d229fab0c05732b1ad37d0/element - {"using":"xpath","value":"//button[@data-kt=\"AddNewHOProvideAddItemsButton\"]"}
RESULT: {"using":"xpath","value":"//button[@data-kt=\"AddNewHOProvideAddItemsButton\"]"}
COMMAND: POST /session/4ca0da1f05d229fab0c05732b1ad37d0/element/f.D01EC4AF0A1BFC1E8396569751E97BC9.d.CBE1541FF67B246439F1D5CB931A8095.e.18811/click - {}
RESULT: {}
COMMAND: GET /session/4ca0da1f05d229fab0c05732b1ad37d0/screenshot - {}
RESULT: {}
RESULT: undefined
COMMAND: POST /session/4ca0da1f05d229fab0c05732b1ad37d0/element - {"using":"xpath","value":"//*[@id=\"application-managehandovers-display-component---AddNewHO--popup-sa\"]"}
RESULT: {"using":"xpath","value":"//*[@id=\"application-managehandovers-display-component---AddNewHO--popup-sa\"]"}
COMMAND: POST /session/4ca0da1f05d229fab0c05732b1ad37d0/element/f.D01EC4AF0A1BFC1E8396569751E97BC9.d.CBE1541FF67B246439F1D5CB931A8095.e.18826/click - {}
RESULT: {}
COMMAND: GET /session/4ca0da1f05d229fab0c05732b1ad37d0/screenshot - {}
RESULT: {}
COMMAND: POST /session/4ca0da1f05d229fab0c05732b1ad37d0/element - {"using":"xpath","value":"//*[contains(@id ,\"BDI-content\")][contains(text(), \"Select\")]"}
RESULT: {"using":"xpath","value":"//*[contains(@id ,\"BDI-content\")][contains(text(), \"Select\")]"}
COMMAND: POST /session/4ca0da1f05d229fab0c05732b1ad37d0/element/f.D01EC4AF0A1BFC1E8396569751E97BC9.d.CBE1541FF67B246439F1D5CB931A8095.e.18828/click - {}
RESULT: {}
COMMAND: GET /session/4ca0da1f05d229fab0c05732b1ad37d0/screenshot - {}
RESULT: {}
COMMAND: POST /session/4ca0da1f05d229fab0c05732b1ad37d0/execute/async - {"script":"<script> [1562 bytes]","args":[{"selector":{"id":"application-managehandovers-display-component---AddNewHO--confirmCreationButton","interaction":{"idSuffix":"BDI-content"}},"wdio_ui5_key":"applicationmanagehandovers-display-component---AddNewHO--confirmCreationButton"}]}
RESULT: {"script":"<script> [1562 bytes]","args":[{"selector":{"id":"application-managehandovers-display-component---AddNewHO--confirmCreationButton","interaction":{"idSuffix":"BDI-content"}},"wdio_ui5_key":"applicationmanagehandovers-display-component---AddNewHO--confirmCreationButton"}]}
RESULT: undefined
COMMAND: POST /session/4ca0da1f05d229fab0c05732b1ad37d0/element - {"using":"xpath","value":"//*[@id=\"application-managehandovers-display-component---AddNewHO--confirmCreationButton\"]"}
RESULT: {"using":"xpath","value":"//*[@id=\"application-managehandovers-display-component---AddNewHO--confirmCreationButton\"]"}
COMMAND: POST /session/4ca0da1f05d229fab0c05732b1ad37d0/element/f.D01EC4AF0A1BFC1E8396569751E97BC9.d.CBE1541FF67B246439F1D5CB931A8095.e.18632/click - {}
RESULT: {}
COMMAND: GET /session/4ca0da1f05d229fab0c05732b1ad37d0/screenshot - {}
RESULT: {}
COMMAND: POST /session/4ca0da1f05d229fab0c05732b1ad37d0/element - {"using":"xpath","value":"//button[@data-kt=\"PickingTableConfirmAllButton\"]"}
RESULT: {"using":"xpath","value":"//button[@data-kt=\"PickingTableConfirmAllButton\"]"}
COMMAND: POST /session/4ca0da1f05d229fab0c05732b1ad37d0/element/f.D01EC4AF0A1BFC1E8396569751E97BC9.d.CBE1541FF67B246439F1D5CB931A8095.e.18866/click - {}
COMMAND: POST /session/4ca0da1f05d229fab0c05732b1ad37d0/element - {"using":"xpath","value":"//button[@data-kt=\"PickingTableConfirmAllButton\"]"}
RESULT: {"using":"xpath","value":"//button[@data-kt=\"PickingTableConfirmAllButton\"]"}
COMMAND: POST /session/4ca0da1f05d229fab0c05732b1ad37d0/element/f.D01EC4AF0A1BFC1E8396569751E97BC9.d.CBE1541FF67B246439F1D5CB931A8095.e.18866/click - {}
COMMAND: POST /session/4ca0da1f05d229fab0c05732b1ad37d0/element - {"using":"xpath","value":"//button[@data-kt=\"PickingTableConfirmAllButton\"]"}
RESULT: {"using":"xpath","value":"//button[@data-kt=\"PickingTableConfirmAllButton\"]"}
COMMAND: POST /session/4ca0da1f05d229fab0c05732b1ad37d0/element/f.D01EC4AF0A1BFC1E8396569751E97BC9.d.CBE1541FF67B246439F1D5CB931A8095.e.18888/click - {}
RESULT: {}
COMMAND: GET /session/4ca0da1f05d229fab0c05732b1ad37d0/screenshot - {}
RESULT: {}
COMMAND: POST /session/4ca0da1f05d229fab0c05732b1ad37d0/element - {"using":"xpath","value":"//bdi[contains(text(), \"OK\")]"}
RESULT: {"using":"xpath","value":"//bdi[contains(text(), \"OK\")]"}
COMMAND: POST /session/4ca0da1f05d229fab0c05732b1ad37d0/element/f.D01EC4AF0A1BFC1E8396569751E97BC9.d.CBE1541FF67B246439F1D5CB931A8095.e.18892/click - {}
RESULT: {}
COMMAND: GET /session/4ca0da1f05d229fab0c05732b1ad37d0/screenshot - {}
RESULT: {}
COMMAND: POST /session/4ca0da1f05d229fab0c05732b1ad37d0/element - {"using":"xpath","value":"//button[@data-kt=\"execHoPickButton\"]"}
RESULT: {"using":"xpath","value":"//button[@data-kt=\"execHoPickButton\"]"}
COMMAND: POST /session/4ca0da1f05d229fab0c05732b1ad37d0/element/f.D01EC4AF0A1BFC1E8396569751E97BC9.d.CBE1541FF67B246439F1D5CB931A8095.e.18893/click - {}
RESULT: {}
COMMAND: GET /session/4ca0da1f05d229fab0c05732b1ad37d0/screenshot - {}
RESULT: {}
COMMAND: POST /session/4ca0da1f05d229fab0c05732b1ad37d0/element - {"using":"xpath","value":"//span[contains(@id ,\"filterItemControl_BASIC-RECEIVE_CONTRACT-vhi\")]"}
RESULT: {"using":"xpath","value":"//span[contains(@id ,\"filterItemControl_BASIC-RECEIVE_CONTRACT-vhi\")]"}
COMMAND: POST /session/4ca0da1f05d229fab0c05732b1ad37d0/element/f.D01EC4AF0A1BFC1E8396569751E97BC9.d.CBE1541FF67B246439F1D5CB931A8095.e.19181/click - {}
RESULT: {}
COMMAND: GET /session/4ca0da1f05d229fab0c05732b1ad37d0/screenshot - {}
RESULT: {}
COMMAND: POST /session/4ca0da1f05d229fab0c05732b1ad37d0/execute/async - {"script":"<script> [1562 bytes]","args":[{"selector":{"controlType":"sap.m.SearchField","viewName":"etm.portal.ui.managehandovers.view.MasterHO","bindingPath":{"path":"","propertyPath":"/_BASIC_SEARCH_FIELD","modelName":"fi1t3rM0d31"},"searchOpenDialogs":true,"interaction":{"idSuffix":"I"}},"wdio_ui5_key":"etmportal.ui.managehandovers.view.MasterHOsap.m.SearchField{\"path\":\"\",\"propertyPath\":\"/_BASIC_SEARCH_FIELD\",\"modelName\":\"fi1t3rM0d31\"}"}]}
RESULT: {"script":"<script> [1562 bytes]","args":[{"selector":{"controlType":"sap.m.SearchField","viewName":"etm.portal.ui.managehandovers.view.MasterHO","bindingPath":{"path":"","propertyPath":"/_BASIC_SEARCH_FIELD","modelName":"fi1t3rM0d31"},"searchOpenDialogs":true,"interaction":{"idSuffix":"I"}},"wdio_ui5_key":"etmportal.ui.managehandovers.view.MasterHOsap.m.SearchField{\"path\":\"\",\"propertyPath\":\"/_BASIC_SEARCH_FIELD\",\"modelName\":\"fi1t3rM0d31\"}"}]}
RESULT: undefined
COMMAND: POST /session/4ca0da1f05d229fab0c05732b1ad37d0/execute/async - {"script":"<script> [776 bytes]","args":[{"enterText":"10351","selector":{"controlType":"sap.m.SearchField","viewName":"etm.portal.ui.managehandovers.view.MasterHO","bindingPath":{"path":"","propertyPath":"/_BASIC_SEARCH_FIELD","modelName":"fi1t3rM0d31"},"searchOpenDialogs":true,"interaction":{"idSuffix":"I"}},"clearTextFirst":true,"interactionType":"ENTER_TEXT"}]}
RESULT: {"script":"<script> [776 bytes]","args":[{"enterText":"10351","selector":{"controlType":"sap.m.SearchField","viewName":"etm.portal.ui.managehandovers.view.MasterHO","bindingPath":{"path":"","propertyPath":"/_BASIC_SEARCH_FIELD","modelName":"fi1t3rM0d31"},"searchOpenDialogs":true,"interaction":{"idSuffix":"I"}},"clearTextFirst":true,"interactionType":"ENTER_TEXT"}]}
COMMAND: POST /session/4ca0da1f05d229fab0c05732b1ad37d0/actions - {"actions":[{"id":"action68","type":"key","parameters":{},"actions":[{"type":"keyDown","value":"î€‡"},{"type":"pause","duration":10},{"type":"keyUp","value":"î€‡"}]}]}
RESULT: {"actions":[{"id":"action68","type":"key","parameters":{},"actions":[{"type":"keyDown","value":"î€‡"},{"type":"pause","duration":10},{"type":"keyUp","value":"î€‡"}]}]}
COMMAND: GET /session/4ca0da1f05d229fab0c05732b1ad37d0/screenshot - {}
RESULT: {}
COMMAND: POST /session/4ca0da1f05d229fab0c05732b1ad37d0/element - {"using":"xpath","value":"//div[contains(@id, 'filterItemControl_BASIC-RECEIVE_CONTRACT-valueHelpDialog-table-rowsel0')]"}
RESULT: {"using":"xpath","value":"//div[contains(@id, 'filterItemControl_BASIC-RECEIVE_CONTRACT-valueHelpDialog-table-rowsel0')]"}
COMMAND: POST /session/4ca0da1f05d229fab0c05732b1ad37d0/element/f.D01EC4AF0A1BFC1E8396569751E97BC9.d.CBE1541FF67B246439F1D5CB931A8095.e.19190/click - {}
RESULT: {}
COMMAND: GET /session/4ca0da1f05d229fab0c05732b1ad37d0/screenshot - {}
RESULT: {}
COMMAND: POST /session/4ca0da1f05d229fab0c05732b1ad37d0/element - {"using":"xpath","value":"//bdi[contains(text(), \"OK\")]"}
RESULT: {"using":"xpath","value":"//bdi[contains(text(), \"OK\")]"}
COMMAND: POST /session/4ca0da1f05d229fab0c05732b1ad37d0/element/f.D01EC4AF0A1BFC1E8396569751E97BC9.d.CBE1541FF67B246439F1D5CB931A8095.e.19192/click - {}
RESULT: {}
COMMAND: GET /session/4ca0da1f05d229fab0c05732b1ad37d0/screenshot - {}
RESULT: {}
COMMAND: POST /session/4ca0da1f05d229fab0c05732b1ad37d0/element - {"using":"xpath","value":"//span[contains(@id, \"smartTable-header-inner\")]"}
RESULT: {"using":"xpath","value":"//span[contains(@id, \"smartTable-header-inner\")]"}
COMMAND: POST /session/4ca0da1f05d229fab0c05732b1ad37d0/elements - {"using":"xpath","value":"//span[contains(@id, \"smartTable-header-inner\")]"}
RESULT: {"using":"xpath","value":"//span[contains(@id, \"smartTable-header-inner\")]"}
COMMAND: POST /session/4ca0da1f05d229fab0c05732b1ad37d0/execute/sync - {"script":"<script> [56 bytes]","args":[{"element-6066-11e4-a52e-4f735466cecf":"f.D01EC4AF0A1BFC1E8396569751E97BC9.d.CBE1541FF67B246439F1D5CB931A8095.e.19220","ELEMENT":"f.D01EC4AF0A1BFC1E8396569751E97BC9.d.CBE1541FF67B246439F1D5CB931A8095.e.19220"}]}
RESULT: {"script":"<script> [56 bytes]","args":[{"element-6066-11e4-a52e-4f735466cecf":"f.D01EC4AF0A1BFC1E8396569751E97BC9.d.CBE1541FF67B246439F1D5CB931A8095.e.19220","ELEMENT":"f.D01EC4AF0A1BFC1E8396569751E97BC9.d.CBE1541FF67B246439F1D5CB931A8095.e.19220"}]}
COMMAND: POST /session/4ca0da1f05d229fab0c05732b1ad37d0/element - {"using":"xpath","value":"//table[contains(@id, \"customHandovers\")]//tbody/tr[1]/td[2]/span"}
COMMAND: GET /session/4ca0da1f05d229fab0c05732b1ad37d0/screenshot - {}
RESULT: {"using":"xpath","value":"//table[contains(@id, \"customHandovers\")]//tbody/tr[1]/td[2]/span"}
COMMAND: POST /session/4ca0da1f05d229fab0c05732b1ad37d0/execute/sync - {"script":"<script> [56 bytes]","args":[{"element-6066-11e4-a52e-4f735466cecf":"f.D01EC4AF0A1BFC1E8396569751E97BC9.d.CBE1541FF67B246439F1D5CB931A8095.e.19221","ELEMENT":"f.D01EC4AF0A1BFC1E8396569751E97BC9.d.CBE1541FF67B246439F1D5CB931A8095.e.19221"}]}
RESULT: {}
RESULT: {"script":"<script> [56 bytes]","args":[{"element-6066-11e4-a52e-4f735466cecf":"f.D01EC4AF0A1BFC1E8396569751E97BC9.d.CBE1541FF67B246439F1D5CB931A8095.e.19221","ELEMENT":"f.D01EC4AF0A1BFC1E8396569751E97BC9.d.CBE1541FF67B246439F1D5CB931A8095.e.19221"}]}
COMMAND: POST /session/4ca0da1f05d229fab0c05732b1ad37d0/element - {"using":"xpath","value":"(//span[contains(@id, \"imgNav\")])[1]"}
COMMAND: GET /session/4ca0da1f05d229fab0c05732b1ad37d0/screenshot - {}
RESULT: {"using":"xpath","value":"(//span[contains(@id, \"imgNav\")])[1]"}
COMMAND: POST /session/4ca0da1f05d229fab0c05732b1ad37d0/element/f.D01EC4AF0A1BFC1E8396569751E97BC9.d.CBE1541FF67B246439F1D5CB931A8095.e.19218/click - {}
RESULT: {}
RESULT: {}
COMMAND: GET /session/4ca0da1f05d229fab0c05732b1ad37d0/screenshot - {}
RESULT: {}
COMMAND: POST /session/4ca0da1f05d229fab0c05732b1ad37d0/element - {"using":"xpath","value":"//button[@data-kt=\"PickingTableConfirmAllButton\"]"}
RESULT: {"using":"xpath","value":"//button[@data-kt=\"PickingTableConfirmAllButton\"]"}
COMMAND: POST /session/4ca0da1f05d229fab0c05732b1ad37d0/element/f.D01EC4AF0A1BFC1E8396569751E97BC9.d.CBE1541FF67B246439F1D5CB931A8095.e.19261/click - {}
RESULT: {}
COMMAND: GET /session/4ca0da1f05d229fab0c05732b1ad37d0/screenshot - {}
RESULT: {}
COMMAND: POST /session/4ca0da1f05d229fab0c05732b1ad37d0/element - {"using":"xpath","value":"//bdi[contains(text(), \"OK\")]"}
RESULT: {"using":"xpath","value":"//bdi[contains(text(), \"OK\")]"}
COMMAND: POST /session/4ca0da1f05d229fab0c05732b1ad37d0/element/f.D01EC4AF0A1BFC1E8396569751E97BC9.d.CBE1541FF67B246439F1D5CB931A8095.e.19271/click - {}
RESULT: {}
COMMAND: GET /session/4ca0da1f05d229fab0c05732b1ad37d0/screenshot - {}
RESULT: {}
COMMAND: POST /session/4ca0da1f05d229fab0c05732b1ad37d0/element - {"using":"xpath","value":"//button[@data-kt=\"execHoIssueButton\"]"}
RESULT: {"using":"xpath","value":"//button[@data-kt=\"execHoIssueButton\"]"}
COMMAND: POST /session/4ca0da1f05d229fab0c05732b1ad37d0/element/f.D01EC4AF0A1BFC1E8396569751E97BC9.d.CBE1541FF67B246439F1D5CB931A8095.e.19273/click - {}
RESULT: {}
COMMAND: GET /session/4ca0da1f05d229fab0c05732b1ad37d0/screenshot - {}
RESULT: {}
COMMAND: POST /session/4ca0da1f05d229fab0c05732b1ad37d0/element - {"using":"xpath","value":"//input[contains(@id ,\"smartFilterBar-btnBasicSearch-I\")]"}
RESULT: {"using":"xpath","value":"//input[contains(@id ,\"smartFilterBar-btnBasicSearch-I\")]"}
COMMAND: POST /session/4ca0da1f05d229fab0c05732b1ad37d0/elements - {"using":"xpath","value":"//input[contains(@id ,\"smartFilterBar-btnBasicSearch-I\")]"}
RESULT: {"using":"xpath","value":"//input[contains(@id ,\"smartFilterBar-btnBasicSearch-I\")]"}
COMMAND: POST /session/4ca0da1f05d229fab0c05732b1ad37d0/execute/sync - {"script":"<script> [8489 bytes]","args":[{"element-6066-11e4-a52e-4f735466cecf":"f.D01EC4AF0A1BFC1E8396569751E97BC9.d.CBE1541FF67B246439F1D5CB931A8095.e.18551","ELEMENT":"f.D01EC4AF0A1BFC1E8396569751E97BC9.d.CBE1541FF67B246439F1D5CB931A8095.e.18551"}]}
RESULT: {"script":"<script> [8489 bytes]","args":[{"element-6066-11e4-a52e-4f735466cecf":"f.D01EC4AF0A1BFC1E8396569751E97BC9.d.CBE1541FF67B246439F1D5CB931A8095.e.18551","ELEMENT":"f.D01EC4AF0A1BFC1E8396569751E97BC9.d.CBE1541FF67B246439F1D5CB931A8095.e.18551"}]}
COMMAND: GET /session/4ca0da1f05d229fab0c05732b1ad37d0/element/f.D01EC4AF0A1BFC1E8396569751E97BC9.d.CBE1541FF67B246439F1D5CB931A8095.e.18551/enabled - {}
COMMAND: GET /session/4ca0da1f05d229fab0c05732b1ad37d0/screenshot - {}
RESULT: {}
COMMAND: POST /session/4ca0da1f05d229fab0c05732b1ad37d0/element/f.D01EC4AF0A1BFC1E8396569751E97BC9.d.CBE1541FF67B246439F1D5CB931A8095.e.18551/clear - {}
COMMAND: GET /session/4ca0da1f05d229fab0c05732b1ad37d0/screenshot - {}
RESULT: {}
RESULT: {}
COMMAND: POST /session/4ca0da1f05d229fab0c05732b1ad37d0/element/f.D01EC4AF0A1BFC1E8396569751E97BC9.d.CBE1541FF67B246439F1D5CB931A8095.e.18551/value - {"text":"30509"}
COMMAND: GET /session/4ca0da1f05d229fab0c05732b1ad37d0/screenshot - {}
RESULT: {}
RESULT: {"text":"30509"}
COMMAND: GET /session/4ca0da1f05d229fab0c05732b1ad37d0/screenshot - {}
RESULT: {}
RESULT: {}
COMMAND: POST /session/4ca0da1f05d229fab0c05732b1ad37d0/actions - {"actions":[{"id":"action69","type":"key","parameters":{},"actions":[{"type":"keyDown","value":"î€‡"},{"type":"pause","duration":10},{"type":"keyUp","value":"î€‡"}]}]}
RESULT: {"actions":[{"id":"action69","type":"key","parameters":{},"actions":[{"type":"keyDown","value":"î€‡"},{"type":"pause","duration":10},{"type":"keyUp","value":"î€‡"}]}]}
COMMAND: GET /session/4ca0da1f05d229fab0c05732b1ad37d0/screenshot - {}
RESULT: {}
COMMAND: POST /session/4ca0da1f05d229fab0c05732b1ad37d0/element - {"using":"xpath","value":"//span[contains(@id, \"smartTable-header-inner\")]"}
RESULT: {"using":"xpath","value":"//span[contains(@id, \"smartTable-header-inner\")]"}
COMMAND: POST /session/4ca0da1f05d229fab0c05732b1ad37d0/elements - {"using":"xpath","value":"//span[contains(@id, \"smartTable-header-inner\")]"}
RESULT: {"using":"xpath","value":"//span[contains(@id, \"smartTable-header-inner\")]"}
COMMAND: POST /session/4ca0da1f05d229fab0c05732b1ad37d0/execute/sync - {"script":"<script> [56 bytes]","args":[{"element-6066-11e4-a52e-4f735466cecf":"f.D01EC4AF0A1BFC1E8396569751E97BC9.d.CBE1541FF67B246439F1D5CB931A8095.e.19220","ELEMENT":"f.D01EC4AF0A1BFC1E8396569751E97BC9.d.CBE1541FF67B246439F1D5CB931A8095.e.19220"}]}
RESULT: {"script":"<script> [56 bytes]","args":[{"element-6066-11e4-a52e-4f735466cecf":"f.D01EC4AF0A1BFC1E8396569751E97BC9.d.CBE1541FF67B246439F1D5CB931A8095.e.19220","ELEMENT":"f.D01EC4AF0A1BFC1E8396569751E97BC9.d.CBE1541FF67B246439F1D5CB931A8095.e.19220"}]}
COMMAND: POST /session/4ca0da1f05d229fab0c05732b1ad37d0/elements - {"using":"xpath","value":"//thead[contains(@class, \"sapMTableTH\")]/tr/th"}
COMMAND: GET /session/4ca0da1f05d229fab0c05732b1ad37d0/screenshot - {}
RESULT: {"using":"xpath","value":"//thead[contains(@class, \"sapMTableTH\")]/tr/th"}
COMMAND: GET /session/4ca0da1f05d229fab0c05732b1ad37d0/element/f.D01EC4AF0A1BFC1E8396569751E97BC9.d.CBE1541FF67B246439F1D5CB931A8095.e.19310/text - {}
RESULT: {}
RESULT: {}
COMMAND: GET /session/4ca0da1f05d229fab0c05732b1ad37d0/element/f.D01EC4AF0A1BFC1E8396569751E97BC9.d.CBE1541FF67B246439F1D5CB931A8095.e.19311/text - {}
RESULT: {}
COMMAND: GET /session/4ca0da1f05d229fab0c05732b1ad37d0/element/f.D01EC4AF0A1BFC1E8396569751E97BC9.d.CBE1541FF67B246439F1D5CB931A8095.e.18598/text - {}
RESULT: {}
COMMAND: GET /session/4ca0da1f05d229fab0c05732b1ad37d0/element/f.D01EC4AF0A1BFC1E8396569751E97BC9.d.CBE1541FF67B246439F1D5CB931A8095.e.18600/text - {}
RESULT: {}
COMMAND: GET /session/4ca0da1f05d229fab0c05732b1ad37d0/element/f.D01EC4AF0A1BFC1E8396569751E97BC9.d.CBE1541FF67B246439F1D5CB931A8095.e.19276/text - {}
RESULT: {}
COMMAND: GET /session/4ca0da1f05d229fab0c05732b1ad37d0/element/f.D01EC4AF0A1BFC1E8396569751E97BC9.d.CBE1541FF67B246439F1D5CB931A8095.e.19277/text - {}
RESULT: {}
COMMAND: GET /session/4ca0da1f05d229fab0c05732b1ad37d0/element/f.D01EC4AF0A1BFC1E8396569751E97BC9.d.CBE1541FF67B246439F1D5CB931A8095.e.19278/text - {}
RESULT: {}
COMMAND: GET /session/4ca0da1f05d229fab0c05732b1ad37d0/element/f.D01EC4AF0A1BFC1E8396569751E97BC9.d.CBE1541FF67B246439F1D5CB931A8095.e.19279/text - {}
RESULT: {}
COMMAND: GET /session/4ca0da1f05d229fab0c05732b1ad37d0/element/f.D01EC4AF0A1BFC1E8396569751E97BC9.d.CBE1541FF67B246439F1D5CB931A8095.e.19280/text - {}
RESULT: {}
COMMAND: GET /session/4ca0da1f05d229fab0c05732b1ad37d0/element/f.D01EC4AF0A1BFC1E8396569751E97BC9.d.CBE1541FF67B246439F1D5CB931A8095.e.19281/text - {}
RESULT: {}
COMMAND: GET /session/4ca0da1f05d229fab0c05732b1ad37d0/element/f.D01EC4AF0A1BFC1E8396569751E97BC9.d.CBE1541FF67B246439F1D5CB931A8095.e.19282/text - {}
RESULT: {}
COMMAND: GET /session/4ca0da1f05d229fab0c05732b1ad37d0/element/f.D01EC4AF0A1BFC1E8396569751E97BC9.d.CBE1541FF67B246439F1D5CB931A8095.e.19283/text - {}
RESULT: {}
COMMAND: GET /session/4ca0da1f05d229fab0c05732b1ad37d0/element/f.D01EC4AF0A1BFC1E8396569751E97BC9.d.CBE1541FF67B246439F1D5CB931A8095.e.19284/text - {}
RESULT: {}
COMMAND: GET /session/4ca0da1f05d229fab0c05732b1ad37d0/element/f.D01EC4AF0A1BFC1E8396569751E97BC9.d.CBE1541FF67B246439F1D5CB931A8095.e.18601/text - {}
RESULT: {}
COMMAND: POST /session/4ca0da1f05d229fab0c05732b1ad37d0/element - {"using":"xpath","value":"//tbody[contains(@id, \"customHandoversTable-tblBody\")]/tr[1]/td[14]/div/span"}
RESULT: {"using":"xpath","value":"//tbody[contains(@id, \"customHandoversTable-tblBody\")]/tr[1]/td[14]/div/span"}
COMMAND: POST /session/4ca0da1f05d229fab0c05732b1ad37d0/execute/sync - {"script":"<script> [56 bytes]","args":[{"element-6066-11e4-a52e-4f735466cecf":"f.D01EC4AF0A1BFC1E8396569751E97BC9.d.CBE1541FF67B246439F1D5CB931A8095.e.19363","ELEMENT":"f.D01EC4AF0A1BFC1E8396569751E97BC9.d.CBE1541FF67B246439F1D5CB931A8095.e.19363"}]}
RESULT: {"script":"<script> [56 bytes]","args":[{"element-6066-11e4-a52e-4f735466cecf":"f.D01EC4AF0A1BFC1E8396569751E97BC9.d.CBE1541FF67B246439F1D5CB931A8095.e.19363","ELEMENT":"f.D01EC4AF0A1BFC1E8396569751E97BC9.d.CBE1541FF67B246439F1D5CB931A8095.e.19363"}]}
COMMAND: POST /session/4ca0da1f05d229fab0c05732b1ad37d0/element - {"using":"xpath","value":"(//span[contains(@id, \"imgNav\")])[1]"}
COMMAND: GET /session/4ca0da1f05d229fab0c05732b1ad37d0/screenshot - {}
RESULT: {"using":"xpath","value":"(//span[contains(@id, \"imgNav\")])[1]"}
COMMAND: POST /session/4ca0da1f05d229fab0c05732b1ad37d0/element/f.D01EC4AF0A1BFC1E8396569751E97BC9.d.CBE1541FF67B246439F1D5CB931A8095.e.19364/click - {}
RESULT: {}
RESULT: {}
COMMAND: GET /session/4ca0da1f05d229fab0c05732b1ad37d0/screenshot - {}
RESULT: {}
RESULT: undefined
COMMAND: POST /session/4ca0da1f05d229fab0c05732b1ad37d0/execute/async - {"script":"<script> [776 bytes]","args":[{"enterText":"05/06/25","selector":{"id":"receiptDatePicker","viewName":"etm.portal.ui.managehandovers.view.DetailExecuteHO","interaction":{"idSuffix":"inner"}},"clearTextFirst":true,"interactionType":"ENTER_TEXT"}]}
RESULT: {"script":"<script> [776 bytes]","args":[{"enterText":"05/06/25","selector":{"id":"receiptDatePicker","viewName":"etm.portal.ui.managehandovers.view.DetailExecuteHO","interaction":{"idSuffix":"inner"}},"clearTextFirst":true,"interactionType":"ENTER_TEXT"}]}
COMMAND: POST /session/4ca0da1f05d229fab0c05732b1ad37d0/element - {"using":"xpath","value":"//button[@data-kt=\"PickingTableConfirmAllButton\"]"}
RESULT: {"using":"xpath","value":"//button[@data-kt=\"PickingTableConfirmAllButton\"]"}
COMMAND: POST /session/4ca0da1f05d229fab0c05732b1ad37d0/element/f.D01EC4AF0A1BFC1E8396569751E97BC9.d.CBE1541FF67B246439F1D5CB931A8095.e.19383/click - {}
RESULT: {}
COMMAND: GET /session/4ca0da1f05d229fab0c05732b1ad37d0/screenshot - {}
RESULT: {}
COMMAND: POST /session/4ca0da1f05d229fab0c05732b1ad37d0/element - {"using":"xpath","value":"//bdi[contains(text(), \"OK\")]"}
RESULT: {"using":"xpath","value":"//bdi[contains(text(), \"OK\")]"}
COMMAND: POST /session/4ca0da1f05d229fab0c05732b1ad37d0/element/f.D01EC4AF0A1BFC1E8396569751E97BC9.d.CBE1541FF67B246439F1D5CB931A8095.e.19403/click - {}
RESULT: {}
COMMAND: GET /session/4ca0da1f05d229fab0c05732b1ad37d0/screenshot - {}
RESULT: {}
COMMAND: POST /session/4ca0da1f05d229fab0c05732b1ad37d0/element - {"using":"xpath","value":"//button[@data-kt= \"execHoReceiveButton\"]"}
RESULT: {"using":"xpath","value":"//button[@data-kt= \"execHoReceiveButton\"]"}
COMMAND: POST /session/4ca0da1f05d229fab0c05732b1ad37d0/element/f.D01EC4AF0A1BFC1E8396569751E97BC9.d.CBE1541FF67B246439F1D5CB931A8095.e.19404/click - {}
RESULT: {}
COMMAND: GET /session/4ca0da1f05d229fab0c05732b1ad37d0/screenshot - {}
RESULT: {}
COMMAND: POST /session/4ca0da1f05d229fab0c05732b1ad37d0/element - {"using":"xpath","value":"//input[contains(@id ,\"smartFilterBar-btnBasicSearch-I\")]"}
RESULT: {"using":"xpath","value":"//input[contains(@id ,\"smartFilterBar-btnBasicSearch-I\")]"}
COMMAND: POST /session/4ca0da1f05d229fab0c05732b1ad37d0/elements - {"using":"xpath","value":"//input[contains(@id ,\"smartFilterBar-btnBasicSearch-I\")]"}
RESULT: {"using":"xpath","value":"//input[contains(@id ,\"smartFilterBar-btnBasicSearch-I\")]"}
COMMAND: POST /session/4ca0da1f05d229fab0c05732b1ad37d0/execute/sync - {"script":"<script> [8489 bytes]","args":[{"element-6066-11e4-a52e-4f735466cecf":"f.D01EC4AF0A1BFC1E8396569751E97BC9.d.CBE1541FF67B246439F1D5CB931A8095.e.18551","ELEMENT":"f.D01EC4AF0A1BFC1E8396569751E97BC9.d.CBE1541FF67B246439F1D5CB931A8095.e.18551"}]}
RESULT: {"script":"<script> [8489 bytes]","args":[{"element-6066-11e4-a52e-4f735466cecf":"f.D01EC4AF0A1BFC1E8396569751E97BC9.d.CBE1541FF67B246439F1D5CB931A8095.e.18551","ELEMENT":"f.D01EC4AF0A1BFC1E8396569751E97BC9.d.CBE1541FF67B246439F1D5CB931A8095.e.18551"}]}
COMMAND: GET /session/4ca0da1f05d229fab0c05732b1ad37d0/element/f.D01EC4AF0A1BFC1E8396569751E97BC9.d.CBE1541FF67B246439F1D5CB931A8095.e.18551/enabled - {}
COMMAND: GET /session/4ca0da1f05d229fab0c05732b1ad37d0/screenshot - {}
RESULT: {}
COMMAND: POST /session/4ca0da1f05d229fab0c05732b1ad37d0/element/f.D01EC4AF0A1BFC1E8396569751E97BC9.d.CBE1541FF67B246439F1D5CB931A8095.e.18551/clear - {}
COMMAND: GET /session/4ca0da1f05d229fab0c05732b1ad37d0/screenshot - {}
RESULT: {}
RESULT: {}
COMMAND: POST /session/4ca0da1f05d229fab0c05732b1ad37d0/element/f.D01EC4AF0A1BFC1E8396569751E97BC9.d.CBE1541FF67B246439F1D5CB931A8095.e.18551/value - {"text":"30509"}
COMMAND: GET /session/4ca0da1f05d229fab0c05732b1ad37d0/screenshot - {}
RESULT: {}
RESULT: {"text":"30509"}
COMMAND: GET /session/4ca0da1f05d229fab0c05732b1ad37d0/screenshot - {}
RESULT: {}
RESULT: {}
COMMAND: POST /session/4ca0da1f05d229fab0c05732b1ad37d0/actions - {"actions":[{"id":"action70","type":"key","parameters":{},"actions":[{"type":"keyDown","value":"î€‡"},{"type":"pause","duration":10},{"type":"keyUp","value":"î€‡"}]}]}
RESULT: {"actions":[{"id":"action70","type":"key","parameters":{},"actions":[{"type":"keyDown","value":"î€‡"},{"type":"pause","duration":10},{"type":"keyUp","value":"î€‡"}]}]}
COMMAND: GET /session/4ca0da1f05d229fab0c05732b1ad37d0/screenshot - {}
RESULT: {}
COMMAND: POST /session/4ca0da1f05d229fab0c05732b1ad37d0/element - {"using":"xpath","value":"//span[contains(@id, \"smartTable-header-inner\")]"}
RESULT: {"using":"xpath","value":"//span[contains(@id, \"smartTable-header-inner\")]"}
COMMAND: POST /session/4ca0da1f05d229fab0c05732b1ad37d0/elements - {"using":"xpath","value":"//span[contains(@id, \"smartTable-header-inner\")]"}
RESULT: {"using":"xpath","value":"//span[contains(@id, \"smartTable-header-inner\")]"}
COMMAND: POST /session/4ca0da1f05d229fab0c05732b1ad37d0/execute/sync - {"script":"<script> [56 bytes]","args":[{"element-6066-11e4-a52e-4f735466cecf":"f.D01EC4AF0A1BFC1E8396569751E97BC9.d.CBE1541FF67B246439F1D5CB931A8095.e.19220","ELEMENT":"f.D01EC4AF0A1BFC1E8396569751E97BC9.d.CBE1541FF67B246439F1D5CB931A8095.e.19220"}]}
RESULT: {"script":"<script> [56 bytes]","args":[{"element-6066-11e4-a52e-4f735466cecf":"f.D01EC4AF0A1BFC1E8396569751E97BC9.d.CBE1541FF67B246439F1D5CB931A8095.e.19220","ELEMENT":"f.D01EC4AF0A1BFC1E8396569751E97BC9.d.CBE1541FF67B246439F1D5CB931A8095.e.19220"}]}
COMMAND: POST /session/4ca0da1f05d229fab0c05732b1ad37d0/elements - {"using":"xpath","value":"//thead[contains(@class, \"sapMTableTH\")]/tr/th"}
COMMAND: GET /session/4ca0da1f05d229fab0c05732b1ad37d0/screenshot - {}
RESULT: {"using":"xpath","value":"//thead[contains(@class, \"sapMTableTH\")]/tr/th"}
COMMAND: GET /session/4ca0da1f05d229fab0c05732b1ad37d0/element/f.D01EC4AF0A1BFC1E8396569751E97BC9.d.CBE1541FF67B246439F1D5CB931A8095.e.19310/text - {}
RESULT: {}
RESULT: {}
COMMAND: GET /session/4ca0da1f05d229fab0c05732b1ad37d0/element/f.D01EC4AF0A1BFC1E8396569751E97BC9.d.CBE1541FF67B246439F1D5CB931A8095.e.19311/text - {}
RESULT: {}
COMMAND: GET /session/4ca0da1f05d229fab0c05732b1ad37d0/element/f.D01EC4AF0A1BFC1E8396569751E97BC9.d.CBE1541FF67B246439F1D5CB931A8095.e.18598/text - {}
RESULT: {}
COMMAND: GET /session/4ca0da1f05d229fab0c05732b1ad37d0/element/f.D01EC4AF0A1BFC1E8396569751E97BC9.d.CBE1541FF67B246439F1D5CB931A8095.e.18600/text - {}
RESULT: {}
COMMAND: GET /session/4ca0da1f05d229fab0c05732b1ad37d0/element/f.D01EC4AF0A1BFC1E8396569751E97BC9.d.CBE1541FF67B246439F1D5CB931A8095.e.19409/text - {}
RESULT: {}
COMMAND: GET /session/4ca0da1f05d229fab0c05732b1ad37d0/element/f.D01EC4AF0A1BFC1E8396569751E97BC9.d.CBE1541FF67B246439F1D5CB931A8095.e.19410/text - {}
RESULT: {}
COMMAND: GET /session/4ca0da1f05d229fab0c05732b1ad37d0/element/f.D01EC4AF0A1BFC1E8396569751E97BC9.d.CBE1541FF67B246439F1D5CB931A8095.e.19411/text - {}
RESULT: {}
COMMAND: GET /session/4ca0da1f05d229fab0c05732b1ad37d0/element/f.D01EC4AF0A1BFC1E8396569751E97BC9.d.CBE1541FF67B246439F1D5CB931A8095.e.19412/text - {}
RESULT: {}
COMMAND: GET /session/4ca0da1f05d229fab0c05732b1ad37d0/element/f.D01EC4AF0A1BFC1E8396569751E97BC9.d.CBE1541FF67B246439F1D5CB931A8095.e.19413/text - {}
RESULT: {}
COMMAND: GET /session/4ca0da1f05d229fab0c05732b1ad37d0/element/f.D01EC4AF0A1BFC1E8396569751E97BC9.d.CBE1541FF67B246439F1D5CB931A8095.e.19414/text - {}
RESULT: {}
COMMAND: GET /session/4ca0da1f05d229fab0c05732b1ad37d0/element/f.D01EC4AF0A1BFC1E8396569751E97BC9.d.CBE1541FF67B246439F1D5CB931A8095.e.19415/text - {}
RESULT: {}
COMMAND: GET /session/4ca0da1f05d229fab0c05732b1ad37d0/element/f.D01EC4AF0A1BFC1E8396569751E97BC9.d.CBE1541FF67B246439F1D5CB931A8095.e.19416/text - {}
RESULT: {}
COMMAND: GET /session/4ca0da1f05d229fab0c05732b1ad37d0/element/f.D01EC4AF0A1BFC1E8396569751E97BC9.d.CBE1541FF67B246439F1D5CB931A8095.e.19417/text - {}
RESULT: {}
COMMAND: GET /session/4ca0da1f05d229fab0c05732b1ad37d0/element/f.D01EC4AF0A1BFC1E8396569751E97BC9.d.CBE1541FF67B246439F1D5CB931A8095.e.18601/text - {}
RESULT: {}
COMMAND: POST /session/4ca0da1f05d229fab0c05732b1ad37d0/element - {"using":"xpath","value":"//tbody[contains(@id, \"customHandoversTable-tblBody\")]/tr[1]/td[14]/div/span"}
RESULT: {"using":"xpath","value":"//tbody[contains(@id, \"customHandoversTable-tblBody\")]/tr[1]/td[14]/div/span"}
COMMAND: POST /session/4ca0da1f05d229fab0c05732b1ad37d0/execute/sync - {"script":"<script> [56 bytes]","args":[{"element-6066-11e4-a52e-4f735466cecf":"f.D01EC4AF0A1BFC1E8396569751E97BC9.d.CBE1541FF67B246439F1D5CB931A8095.e.19460","ELEMENT":"f.D01EC4AF0A1BFC1E8396569751E97BC9.d.CBE1541FF67B246439F1D5CB931A8095.e.19460"}]}
RESULT: {"script":"<script> [56 bytes]","args":[{"element-6066-11e4-a52e-4f735466cecf":"f.D01EC4AF0A1BFC1E8396569751E97BC9.d.CBE1541FF67B246439F1D5CB931A8095.e.19460","ELEMENT":"f.D01EC4AF0A1BFC1E8396569751E97BC9.d.CBE1541FF67B246439F1D5CB931A8095.e.19460"}]}
COMMAND: POST /session/4ca0da1f05d229fab0c05732b1ad37d0/element - {"using":"css selector","value":"#shell-header-logo"}
COMMAND: GET /session/4ca0da1f05d229fab0c05732b1ad37d0/screenshot - {}
RESULT: {"using":"css selector","value":"#shell-header-logo"}
COMMAND: POST /session/4ca0da1f05d229fab0c05732b1ad37d0/element/f.D01EC4AF0A1BFC1E8396569751E97BC9.d.CBE1541FF67B246439F1D5CB931A8095.e.17958/click - {}
RESULT: {}
RESULT: {}
COMMAND: GET /session/4ca0da1f05d229fab0c05732b1ad37d0/screenshot - {}
RESULT: {}
]]></system-out>
    </testcase>
    <testcase classname="chrome.135_0_7049_96.windows.Billing_Calculation_-_Time_based_(considering_transport_times)_US139738" name="Should navigate to Manage Billings and trigger contract calculation business confirm it" time="55.687">
      <system-out><![CDATA[
COMMAND: POST /session/4ca0da1f05d229fab0c05732b1ad37d0/execute/async - {"script":"<script> [1562 bytes]","args":[{"selector":{"controlType":"sap.m.GenericTile","properties":{"header":"Manage Billings"}},"wdio_ui5_key":"sapm.GenericTile{\"header\":\"Manage Billings\"}"}]}
RESULT: {"script":"<script> [1562 bytes]","args":[{"selector":{"controlType":"sap.m.GenericTile","properties":{"header":"Manage Billings"}},"wdio_ui5_key":"sapm.GenericTile{\"header\":\"Manage Billings\"}"}]}
RESULT: undefined
COMMAND: POST /session/4ca0da1f05d229fab0c05732b1ad37d0/element - {"using":"xpath","value":"//*[@id=\"__tile51\"]"}
RESULT: {"using":"xpath","value":"//*[@id=\"__tile51\"]"}
COMMAND: POST /session/4ca0da1f05d229fab0c05732b1ad37d0/element/f.D01EC4AF0A1BFC1E8396569751E97BC9.d.CBE1541FF67B246439F1D5CB931A8095.e.15127/click - {}
RESULT: {}
COMMAND: GET /session/4ca0da1f05d229fab0c05732b1ad37d0/screenshot - {}
COMMAND: POST /session/4ca0da1f05d229fab0c05732b1ad37d0/execute/async - {"script":"<script> [1562 bytes]","args":[{"selector":{"id":"application-managebillings-display-component---billRunCalcResult--smartFilterBar-btnBasicSearch","interaction":{"idSuffix":"I"}},"wdio_ui5_key":"applicationmanagebillings-display-component---billRunCalcResult--smartFilterBar-btnBasicSearch"}]}
RESULT: {}
RESULT: {"script":"<script> [1562 bytes]","args":[{"selector":{"id":"application-managebillings-display-component---billRunCalcResult--smartFilterBar-btnBasicSearch","interaction":{"idSuffix":"I"}},"wdio_ui5_key":"applicationmanagebillings-display-component---billRunCalcResult--smartFilterBar-btnBasicSearch"}]}
RESULT: undefined
COMMAND: POST /session/4ca0da1f05d229fab0c05732b1ad37d0/execute/async - {"script":"<script> [776 bytes]","args":[{"enterText":"10351","selector":{"id":"application-managebillings-display-component---billRunCalcResult--smartFilterBar-btnBasicSearch","interaction":{"idSuffix":"I"}},"clearTextFirst":true,"interactionType":"ENTER_TEXT"}]}
RESULT: {"script":"<script> [776 bytes]","args":[{"enterText":"10351","selector":{"id":"application-managebillings-display-component---billRunCalcResult--smartFilterBar-btnBasicSearch","interaction":{"idSuffix":"I"}},"clearTextFirst":true,"interactionType":"ENTER_TEXT"}]}
COMMAND: POST /session/4ca0da1f05d229fab0c05732b1ad37d0/actions - {"actions":[{"id":"action71","type":"key","parameters":{},"actions":[{"type":"keyDown","value":"î€‡"},{"type":"pause","duration":10},{"type":"keyUp","value":"î€‡"}]}]}
RESULT: {"actions":[{"id":"action71","type":"key","parameters":{},"actions":[{"type":"keyDown","value":"î€‡"},{"type":"pause","duration":10},{"type":"keyUp","value":"î€‡"}]}]}
COMMAND: GET /session/4ca0da1f05d229fab0c05732b1ad37d0/screenshot - {}
RESULT: {}
COMMAND: POST /session/4ca0da1f05d229fab0c05732b1ad37d0/element - {"using":"xpath","value":"//td[@aria-colindex=\"1\"]/div/div[contains(@class, \"sapMCbBg\")]"}
RESULT: {"using":"xpath","value":"//td[@aria-colindex=\"1\"]/div/div[contains(@class, \"sapMCbBg\")]"}
COMMAND: POST /session/4ca0da1f05d229fab0c05732b1ad37d0/element/f.D01EC4AF0A1BFC1E8396569751E97BC9.d.CBE1541FF67B246439F1D5CB931A8095.e.19676/click - {}
RESULT: {}
COMMAND: GET /session/4ca0da1f05d229fab0c05732b1ad37d0/screenshot - {}
RESULT: {}
COMMAND: POST /session/4ca0da1f05d229fab0c05732b1ad37d0/execute/async - {"script":"<script> [1562 bytes]","args":[{"selector":{"id":"application-managebillings-display-component---billRunCalcResult--contractBillRunDate","interaction":{"idSuffix":"inner"}},"wdio_ui5_key":"applicationmanagebillings-display-component---billRunCalcResult--contractBillRunDate"}]}
RESULT: {"script":"<script> [1562 bytes]","args":[{"selector":{"id":"application-managebillings-display-component---billRunCalcResult--contractBillRunDate","interaction":{"idSuffix":"inner"}},"wdio_ui5_key":"applicationmanagebillings-display-component---billRunCalcResult--contractBillRunDate"}]}
RESULT: undefined
COMMAND: POST /session/4ca0da1f05d229fab0c05732b1ad37d0/execute/async - {"script":"<script> [776 bytes]","args":[{"enterText":"04/29/25","selector":{"id":"application-managebillings-display-component---billRunCalcResult--contractBillRunDate","interaction":{"idSuffix":"inner"}},"clearTextFirst":true,"interactionType":"ENTER_TEXT"}]}
RESULT: {"script":"<script> [776 bytes]","args":[{"enterText":"04/29/25","selector":{"id":"application-managebillings-display-component---billRunCalcResult--contractBillRunDate","interaction":{"idSuffix":"inner"}},"clearTextFirst":true,"interactionType":"ENTER_TEXT"}]}
COMMAND: POST /session/4ca0da1f05d229fab0c05732b1ad37d0/element - {"using":"xpath","value":"//bdi[contains(text(), \"Trigger Calculation\")]"}
RESULT: {"using":"xpath","value":"//bdi[contains(text(), \"Trigger Calculation\")]"}
COMMAND: POST /session/4ca0da1f05d229fab0c05732b1ad37d0/element/f.D01EC4AF0A1BFC1E8396569751E97BC9.d.CBE1541FF67B246439F1D5CB931A8095.e.19728/click - {}
RESULT: {}
COMMAND: GET /session/4ca0da1f05d229fab0c05732b1ad37d0/screenshot - {}
RESULT: {}
COMMAND: POST /session/4ca0da1f05d229fab0c05732b1ad37d0/element - {"using":"xpath","value":"(//span[contains(@id, \"imgNav\")])[1]"}
RESULT: {"using":"xpath","value":"(//span[contains(@id, \"imgNav\")])[1]"}
COMMAND: POST /session/4ca0da1f05d229fab0c05732b1ad37d0/element/f.D01EC4AF0A1BFC1E8396569751E97BC9.d.CBE1541FF67B246439F1D5CB931A8095.e.19677/click - {}
RESULT: {}
COMMAND: GET /session/4ca0da1f05d229fab0c05732b1ad37d0/screenshot - {}
RESULT: {}
COMMAND: POST /session/4ca0da1f05d229fab0c05732b1ad37d0/element - {"using":"xpath","value":"//tr/td[6]/div[1]/span[1]/span[1]"}
RESULT: {"using":"xpath","value":"//tr/td[6]/div[1]/span[1]/span[1]"}
COMMAND: GET /session/4ca0da1f05d229fab0c05732b1ad37d0/element/f.D01EC4AF0A1BFC1E8396569751E97BC9.d.CBE1541FF67B246439F1D5CB931A8095.e.19733/text - {}
RESULT: {}
COMMAND: POST /session/4ca0da1f05d229fab0c05732b1ad37d0/element - {"using":"xpath","value":"(//span[contains(@id, \"imgNav\")])[2]"}
RESULT: {"using":"xpath","value":"(//span[contains(@id, \"imgNav\")])[2]"}
COMMAND: POST /session/4ca0da1f05d229fab0c05732b1ad37d0/element/f.D01EC4AF0A1BFC1E8396569751E97BC9.d.CBE1541FF67B246439F1D5CB931A8095.e.19734/click - {}
RESULT: {}
COMMAND: POST /session/4ca0da1f05d229fab0c05732b1ad37d0/element - {"using":"xpath","value":"//bdi[contains(text(), \"Business Confirm\")]"}
COMMAND: GET /session/4ca0da1f05d229fab0c05732b1ad37d0/screenshot - {}
RESULT: {"using":"xpath","value":"//bdi[contains(text(), \"Business Confirm\")]"}
COMMAND: POST /session/4ca0da1f05d229fab0c05732b1ad37d0/elements - {"using":"xpath","value":"//bdi[contains(text(), \"Business Confirm\")]"}
RESULT: {}
RESULT: {"using":"xpath","value":"//bdi[contains(text(), \"Business Confirm\")]"}
COMMAND: POST /session/4ca0da1f05d229fab0c05732b1ad37d0/element - {"using":"xpath","value":"//bdi[contains(text(), \"Business Confirm\")]"}
RESULT: {"using":"xpath","value":"//bdi[contains(text(), \"Business Confirm\")]"}
COMMAND: POST /session/4ca0da1f05d229fab0c05732b1ad37d0/element/f.D01EC4AF0A1BFC1E8396569751E97BC9.d.CBE1541FF67B246439F1D5CB931A8095.e.19737/click - {}
COMMAND: POST /session/4ca0da1f05d229fab0c05732b1ad37d0/element - {"using":"xpath","value":"//bdi[contains(text(), \"Business Confirm\")]"}
RESULT: {"using":"xpath","value":"//bdi[contains(text(), \"Business Confirm\")]"}
COMMAND: POST /session/4ca0da1f05d229fab0c05732b1ad37d0/element/f.D01EC4AF0A1BFC1E8396569751E97BC9.d.CBE1541FF67B246439F1D5CB931A8095.e.19737/click - {}
COMMAND: POST /session/4ca0da1f05d229fab0c05732b1ad37d0/element - {"using":"xpath","value":"//bdi[contains(text(), \"Business Confirm\")]"}
RESULT: {"using":"xpath","value":"//bdi[contains(text(), \"Business Confirm\")]"}
COMMAND: POST /session/4ca0da1f05d229fab0c05732b1ad37d0/element/f.D01EC4AF0A1BFC1E8396569751E97BC9.d.CBE1541FF67B246439F1D5CB931A8095.e.19787/click - {}
RESULT: {}
COMMAND: POST /session/4ca0da1f05d229fab0c05732b1ad37d0/element - {"using":"css selector","value":"#shell-header-logo"}
COMMAND: GET /session/4ca0da1f05d229fab0c05732b1ad37d0/screenshot - {}
RESULT: {"using":"css selector","value":"#shell-header-logo"}
COMMAND: POST /session/4ca0da1f05d229fab0c05732b1ad37d0/element/f.D01EC4AF0A1BFC1E8396569751E97BC9.d.CBE1541FF67B246439F1D5CB931A8095.e.19464/click - {}
RESULT: {}
RESULT: {}
COMMAND: GET /session/4ca0da1f05d229fab0c05732b1ad37d0/screenshot - {}
RESULT: {}
]]></system-out>
    </testcase>
    <testcase classname="chrome.135_0_7049_96.windows.Billing_Calculation_-_Time_based_(considering_transport_times)_US139738" name="Should transfer the billing all the way to completion" time="91.668">
      <system-out><![CDATA[
COMMAND: POST /session/4ca0da1f05d229fab0c05732b1ad37d0/execute/async - {"script":"<script> [1562 bytes]","args":[{"selector":{"controlType":"sap.m.GenericTile","properties":{"header":"Billing Transfer"}},"wdio_ui5_key":"sapm.GenericTile{\"header\":\"Billing Transfer\"}"}]}
RESULT: {"script":"<script> [1562 bytes]","args":[{"selector":{"controlType":"sap.m.GenericTile","properties":{"header":"Billing Transfer"}},"wdio_ui5_key":"sapm.GenericTile{\"header\":\"Billing Transfer\"}"}]}
RESULT: undefined
COMMAND: POST /session/4ca0da1f05d229fab0c05732b1ad37d0/element - {"using":"xpath","value":"//*[@id=\"__tile50\"]"}
RESULT: {"using":"xpath","value":"//*[@id=\"__tile50\"]"}
COMMAND: POST /session/4ca0da1f05d229fab0c05732b1ad37d0/element/f.D01EC4AF0A1BFC1E8396569751E97BC9.d.CBE1541FF67B246439F1D5CB931A8095.e.15125/click - {}
RESULT: {}
COMMAND: POST /session/4ca0da1f05d229fab0c05732b1ad37d0/element - {"using":"xpath","value":"//input[contains(@id ,\"application-billingtransfer-display-component---billingWorkbench--smartFilterBar-btnBasicSearch\")]"}
COMMAND: GET /session/4ca0da1f05d229fab0c05732b1ad37d0/screenshot - {}
RESULT: {"using":"xpath","value":"//input[contains(@id ,\"application-billingtransfer-display-component---billingWorkbench--smartFilterBar-btnBasicSearch\")]"}
COMMAND: POST /session/4ca0da1f05d229fab0c05732b1ad37d0/elements - {"using":"xpath","value":"//input[contains(@id ,\"application-billingtransfer-display-component---billingWorkbench--smartFilterBar-btnBasicSearch\")]"}
RESULT: {}
RESULT: {"using":"xpath","value":"//input[contains(@id ,\"application-billingtransfer-display-component---billingWorkbench--smartFilterBar-btnBasicSearch\")]"}
COMMAND: POST /session/4ca0da1f05d229fab0c05732b1ad37d0/elements - {"using":"xpath","value":"//input[contains(@id ,\"application-billingtransfer-display-component---billingWorkbench--smartFilterBar-btnBasicSearch\")]"}
RESULT: {"using":"xpath","value":"//input[contains(@id ,\"application-billingtransfer-display-component---billingWorkbench--smartFilterBar-btnBasicSearch\")]"}
COMMAND: POST /session/4ca0da1f05d229fab0c05732b1ad37d0/elements - {"using":"xpath","value":"//input[contains(@id ,\"application-billingtransfer-display-component---billingWorkbench--smartFilterBar-btnBasicSearch\")]"}
RESULT: {"using":"xpath","value":"//input[contains(@id ,\"application-billingtransfer-display-component---billingWorkbench--smartFilterBar-btnBasicSearch\")]"}
COMMAND: POST /session/4ca0da1f05d229fab0c05732b1ad37d0/elements - {"using":"xpath","value":"//input[contains(@id ,\"application-billingtransfer-display-component---billingWorkbench--smartFilterBar-btnBasicSearch\")]"}
RESULT: {"using":"xpath","value":"//input[contains(@id ,\"application-billingtransfer-display-component---billingWorkbench--smartFilterBar-btnBasicSearch\")]"}
COMMAND: POST /session/4ca0da1f05d229fab0c05732b1ad37d0/element - {"using":"xpath","value":"//input[contains(@id ,\"application-billingtransfer-display-component---billingWorkbench--smartFilterBar-btnBasicSearch\")]"}
RESULT: {"using":"xpath","value":"//input[contains(@id ,\"application-billingtransfer-display-component---billingWorkbench--smartFilterBar-btnBasicSearch\")]"}
COMMAND: POST /session/4ca0da1f05d229fab0c05732b1ad37d0/execute/sync - {"script":"<script> [8489 bytes]","args":[{"element-6066-11e4-a52e-4f735466cecf":"f.D01EC4AF0A1BFC1E8396569751E97BC9.d.CBE1541FF67B246439F1D5CB931A8095.e.19814","ELEMENT":"f.D01EC4AF0A1BFC1E8396569751E97BC9.d.CBE1541FF67B246439F1D5CB931A8095.e.19814"}]}
RESULT: {"script":"<script> [8489 bytes]","args":[{"element-6066-11e4-a52e-4f735466cecf":"f.D01EC4AF0A1BFC1E8396569751E97BC9.d.CBE1541FF67B246439F1D5CB931A8095.e.19814","ELEMENT":"f.D01EC4AF0A1BFC1E8396569751E97BC9.d.CBE1541FF67B246439F1D5CB931A8095.e.19814"}]}
COMMAND: GET /session/4ca0da1f05d229fab0c05732b1ad37d0/element/f.D01EC4AF0A1BFC1E8396569751E97BC9.d.CBE1541FF67B246439F1D5CB931A8095.e.19814/enabled - {}
COMMAND: GET /session/4ca0da1f05d229fab0c05732b1ad37d0/screenshot - {}
RESULT: {}
COMMAND: POST /session/4ca0da1f05d229fab0c05732b1ad37d0/element/f.D01EC4AF0A1BFC1E8396569751E97BC9.d.CBE1541FF67B246439F1D5CB931A8095.e.19814/click - {}
COMMAND: GET /session/4ca0da1f05d229fab0c05732b1ad37d0/screenshot - {}
RESULT: {}
RESULT: {}
COMMAND: GET /session/4ca0da1f05d229fab0c05732b1ad37d0/screenshot - {}
RESULT: {}
RESULT: {}
COMMAND: POST /session/4ca0da1f05d229fab0c05732b1ad37d0/element/f.D01EC4AF0A1BFC1E8396569751E97BC9.d.CBE1541FF67B246439F1D5CB931A8095.e.19814/clear - {}
RESULT: {}
COMMAND: POST /session/4ca0da1f05d229fab0c05732b1ad37d0/element/f.D01EC4AF0A1BFC1E8396569751E97BC9.d.CBE1541FF67B246439F1D5CB931A8095.e.19814/value - {"text":"10351"}
COMMAND: GET /session/4ca0da1f05d229fab0c05732b1ad37d0/screenshot - {}
RESULT: {"text":"10351"}
COMMAND: POST /session/4ca0da1f05d229fab0c05732b1ad37d0/actions - {"actions":[{"id":"action72","type":"key","parameters":{},"actions":[{"type":"keyDown","value":"î€‡"},{"type":"pause","duration":10},{"type":"keyUp","value":"î€‡"}]}]}
COMMAND: GET /session/4ca0da1f05d229fab0c05732b1ad37d0/screenshot - {}
RESULT: {}
RESULT: {"actions":[{"id":"action72","type":"key","parameters":{},"actions":[{"type":"keyDown","value":"î€‡"},{"type":"pause","duration":10},{"type":"keyUp","value":"î€‡"}]}]}
COMMAND: GET /session/4ca0da1f05d229fab0c05732b1ad37d0/screenshot - {}
RESULT: {}
RESULT: {}
COMMAND: POST /session/4ca0da1f05d229fab0c05732b1ad37d0/element - {"using":"xpath","value":"//span[contains(@id ,\"application-billingtransfer-display-component---billingWorkbench--smartTableBillingRuns-header-inner\")]"}
RESULT: {"using":"xpath","value":"//span[contains(@id ,\"application-billingtransfer-display-component---billingWorkbench--smartTableBillingRuns-header-inner\")]"}
COMMAND: POST /session/4ca0da1f05d229fab0c05732b1ad37d0/elements - {"using":"xpath","value":"//span[contains(@id ,\"application-billingtransfer-display-component---billingWorkbench--smartTableBillingRuns-header-inner\")]"}
RESULT: {"using":"xpath","value":"//span[contains(@id ,\"application-billingtransfer-display-component---billingWorkbench--smartTableBillingRuns-header-inner\")]"}
COMMAND: POST /session/4ca0da1f05d229fab0c05732b1ad37d0/execute/sync - {"script":"<script> [56 bytes]","args":[{"element-6066-11e4-a52e-4f735466cecf":"f.D01EC4AF0A1BFC1E8396569751E97BC9.d.CBE1541FF67B246439F1D5CB931A8095.e.19975","ELEMENT":"f.D01EC4AF0A1BFC1E8396569751E97BC9.d.CBE1541FF67B246439F1D5CB931A8095.e.19975"}]}
RESULT: {"script":"<script> [56 bytes]","args":[{"element-6066-11e4-a52e-4f735466cecf":"f.D01EC4AF0A1BFC1E8396569751E97BC9.d.CBE1541FF67B246439F1D5CB931A8095.e.19975","ELEMENT":"f.D01EC4AF0A1BFC1E8396569751E97BC9.d.CBE1541FF67B246439F1D5CB931A8095.e.19975"}]}
COMMAND: POST /session/4ca0da1f05d229fab0c05732b1ad37d0/element - {"using":"xpath","value":"//td[@aria-colindex=\"1\"]/div/div[contains(@class, \"sapMCbBg\")]"}
COMMAND: GET /session/4ca0da1f05d229fab0c05732b1ad37d0/screenshot - {}
RESULT: {"using":"xpath","value":"//td[@aria-colindex=\"1\"]/div/div[contains(@class, \"sapMCbBg\")]"}
COMMAND: POST /session/4ca0da1f05d229fab0c05732b1ad37d0/element/f.D01EC4AF0A1BFC1E8396569751E97BC9.d.CBE1541FF67B246439F1D5CB931A8095.e.19966/click - {}
RESULT: {}
RESULT: {}
COMMAND: GET /session/4ca0da1f05d229fab0c05732b1ad37d0/screenshot - {}
RESULT: {}
COMMAND: POST /session/4ca0da1f05d229fab0c05732b1ad37d0/element - {"using":"xpath","value":"//bdi[contains(text(), \"Check\")]"}
RESULT: {"using":"xpath","value":"//bdi[contains(text(), \"Check\")]"}
COMMAND: POST /session/4ca0da1f05d229fab0c05732b1ad37d0/element/f.D01EC4AF0A1BFC1E8396569751E97BC9.d.CBE1541FF67B246439F1D5CB931A8095.e.19976/click - {}
RESULT: {}
COMMAND: GET /session/4ca0da1f05d229fab0c05732b1ad37d0/screenshot - {}
RESULT: {}
COMMAND: POST /session/4ca0da1f05d229fab0c05732b1ad37d0/element - {"using":"xpath","value":"//bdi[contains(text(), \"OK\")]"}
RESULT: {"using":"xpath","value":"//bdi[contains(text(), \"OK\")]"}
COMMAND: POST /session/4ca0da1f05d229fab0c05732b1ad37d0/element/f.D01EC4AF0A1BFC1E8396569751E97BC9.d.CBE1541FF67B246439F1D5CB931A8095.e.19979/click - {}
RESULT: {}
COMMAND: GET /session/4ca0da1f05d229fab0c05732b1ad37d0/screenshot - {}
RESULT: {}
COMMAND: POST /session/4ca0da1f05d229fab0c05732b1ad37d0/element - {"using":"xpath","value":"(//span[contains(text(), \"CO/SD checked\")]/parent::div/preceding-sibling::div/span)[1]"}
RESULT: {"using":"xpath","value":"(//span[contains(text(), \"CO/SD checked\")]/parent::div/preceding-sibling::div/span)[1]"}
COMMAND: POST /session/4ca0da1f05d229fab0c05732b1ad37d0/element/f.D01EC4AF0A1BFC1E8396569751E97BC9.d.CBE1541FF67B246439F1D5CB931A8095.e.19980/click - {}
RESULT: {}
COMMAND: GET /session/4ca0da1f05d229fab0c05732b1ad37d0/screenshot - {}
RESULT: {}
COMMAND: POST /session/4ca0da1f05d229fab0c05732b1ad37d0/element - {"using":"xpath","value":"//input[contains(@id ,\"application-billingtransfer-display-component---billingWorkbench--smartFilterBar-btnBasicSearch\")]"}
RESULT: {"using":"xpath","value":"//input[contains(@id ,\"application-billingtransfer-display-component---billingWorkbench--smartFilterBar-btnBasicSearch\")]"}
COMMAND: POST /session/4ca0da1f05d229fab0c05732b1ad37d0/elements - {"using":"xpath","value":"//input[contains(@id ,\"application-billingtransfer-display-component---billingWorkbench--smartFilterBar-btnBasicSearch\")]"}
RESULT: {"using":"xpath","value":"//input[contains(@id ,\"application-billingtransfer-display-component---billingWorkbench--smartFilterBar-btnBasicSearch\")]"}
COMMAND: POST /session/4ca0da1f05d229fab0c05732b1ad37d0/execute/sync - {"script":"<script> [8489 bytes]","args":[{"element-6066-11e4-a52e-4f735466cecf":"f.D01EC4AF0A1BFC1E8396569751E97BC9.d.CBE1541FF67B246439F1D5CB931A8095.e.19814","ELEMENT":"f.D01EC4AF0A1BFC1E8396569751E97BC9.d.CBE1541FF67B246439F1D5CB931A8095.e.19814"}]}
RESULT: {"script":"<script> [8489 bytes]","args":[{"element-6066-11e4-a52e-4f735466cecf":"f.D01EC4AF0A1BFC1E8396569751E97BC9.d.CBE1541FF67B246439F1D5CB931A8095.e.19814","ELEMENT":"f.D01EC4AF0A1BFC1E8396569751E97BC9.d.CBE1541FF67B246439F1D5CB931A8095.e.19814"}]}
COMMAND: GET /session/4ca0da1f05d229fab0c05732b1ad37d0/element/f.D01EC4AF0A1BFC1E8396569751E97BC9.d.CBE1541FF67B246439F1D5CB931A8095.e.19814/enabled - {}
COMMAND: GET /session/4ca0da1f05d229fab0c05732b1ad37d0/screenshot - {}
RESULT: {}
COMMAND: POST /session/4ca0da1f05d229fab0c05732b1ad37d0/element/f.D01EC4AF0A1BFC1E8396569751E97BC9.d.CBE1541FF67B246439F1D5CB931A8095.e.19814/click - {}
COMMAND: GET /session/4ca0da1f05d229fab0c05732b1ad37d0/screenshot - {}
RESULT: {}
RESULT: {}
COMMAND: GET /session/4ca0da1f05d229fab0c05732b1ad37d0/screenshot - {}
RESULT: {}
RESULT: {}
COMMAND: POST /session/4ca0da1f05d229fab0c05732b1ad37d0/element/f.D01EC4AF0A1BFC1E8396569751E97BC9.d.CBE1541FF67B246439F1D5CB931A8095.e.19814/clear - {}
RESULT: {}
COMMAND: POST /session/4ca0da1f05d229fab0c05732b1ad37d0/element/f.D01EC4AF0A1BFC1E8396569751E97BC9.d.CBE1541FF67B246439F1D5CB931A8095.e.19814/value - {"text":"10351"}
COMMAND: GET /session/4ca0da1f05d229fab0c05732b1ad37d0/screenshot - {}
RESULT: {"text":"10351"}
COMMAND: POST /session/4ca0da1f05d229fab0c05732b1ad37d0/actions - {"actions":[{"id":"action73","type":"key","parameters":{},"actions":[{"type":"keyDown","value":"î€‡"},{"type":"pause","duration":10},{"type":"keyUp","value":"î€‡"}]}]}
COMMAND: GET /session/4ca0da1f05d229fab0c05732b1ad37d0/screenshot - {}
RESULT: {}
RESULT: {"actions":[{"id":"action73","type":"key","parameters":{},"actions":[{"type":"keyDown","value":"î€‡"},{"type":"pause","duration":10},{"type":"keyUp","value":"î€‡"}]}]}
COMMAND: GET /session/4ca0da1f05d229fab0c05732b1ad37d0/screenshot - {}
RESULT: {}
RESULT: {}
COMMAND: POST /session/4ca0da1f05d229fab0c05732b1ad37d0/element - {"using":"xpath","value":"//span[contains(@id ,\"application-billingtransfer-display-component---billingWorkbench--smartTableBillingRuns-header-inner\")]"}
RESULT: {"using":"xpath","value":"//span[contains(@id ,\"application-billingtransfer-display-component---billingWorkbench--smartTableBillingRuns-header-inner\")]"}
COMMAND: POST /session/4ca0da1f05d229fab0c05732b1ad37d0/elements - {"using":"xpath","value":"//span[contains(@id ,\"application-billingtransfer-display-component---billingWorkbench--smartTableBillingRuns-header-inner\")]"}
RESULT: {"using":"xpath","value":"//span[contains(@id ,\"application-billingtransfer-display-component---billingWorkbench--smartTableBillingRuns-header-inner\")]"}
COMMAND: POST /session/4ca0da1f05d229fab0c05732b1ad37d0/execute/sync - {"script":"<script> [56 bytes]","args":[{"element-6066-11e4-a52e-4f735466cecf":"f.D01EC4AF0A1BFC1E8396569751E97BC9.d.CBE1541FF67B246439F1D5CB931A8095.e.19975","ELEMENT":"f.D01EC4AF0A1BFC1E8396569751E97BC9.d.CBE1541FF67B246439F1D5CB931A8095.e.19975"}]}
RESULT: {"script":"<script> [56 bytes]","args":[{"element-6066-11e4-a52e-4f735466cecf":"f.D01EC4AF0A1BFC1E8396569751E97BC9.d.CBE1541FF67B246439F1D5CB931A8095.e.19975","ELEMENT":"f.D01EC4AF0A1BFC1E8396569751E97BC9.d.CBE1541FF67B246439F1D5CB931A8095.e.19975"}]}
COMMAND: GET /session/4ca0da1f05d229fab0c05732b1ad37d0/screenshot - {}
RESULT: {}
COMMAND: POST /session/4ca0da1f05d229fab0c05732b1ad37d0/execute/sync - {"script":"<script> [56 bytes]","args":[{"element-6066-11e4-a52e-4f735466cecf":"f.D01EC4AF0A1BFC1E8396569751E97BC9.d.CBE1541FF67B246439F1D5CB931A8095.e.19975","ELEMENT":"f.D01EC4AF0A1BFC1E8396569751E97BC9.d.CBE1541FF67B246439F1D5CB931A8095.e.19975"}]}
RESULT: {"script":"<script> [56 bytes]","args":[{"element-6066-11e4-a52e-4f735466cecf":"f.D01EC4AF0A1BFC1E8396569751E97BC9.d.CBE1541FF67B246439F1D5CB931A8095.e.19975","ELEMENT":"f.D01EC4AF0A1BFC1E8396569751E97BC9.d.CBE1541FF67B246439F1D5CB931A8095.e.19975"}]}
COMMAND: GET /session/4ca0da1f05d229fab0c05732b1ad37d0/screenshot - {}
RESULT: {}
COMMAND: POST /session/4ca0da1f05d229fab0c05732b1ad37d0/execute/sync - {"script":"<script> [56 bytes]","args":[{"element-6066-11e4-a52e-4f735466cecf":"f.D01EC4AF0A1BFC1E8396569751E97BC9.d.CBE1541FF67B246439F1D5CB931A8095.e.19975","ELEMENT":"f.D01EC4AF0A1BFC1E8396569751E97BC9.d.CBE1541FF67B246439F1D5CB931A8095.e.19975"}]}
RESULT: {"script":"<script> [56 bytes]","args":[{"element-6066-11e4-a52e-4f735466cecf":"f.D01EC4AF0A1BFC1E8396569751E97BC9.d.CBE1541FF67B246439F1D5CB931A8095.e.19975","ELEMENT":"f.D01EC4AF0A1BFC1E8396569751E97BC9.d.CBE1541FF67B246439F1D5CB931A8095.e.19975"}]}
COMMAND: GET /session/4ca0da1f05d229fab0c05732b1ad37d0/screenshot - {}
RESULT: {}
COMMAND: POST /session/4ca0da1f05d229fab0c05732b1ad37d0/execute/sync - {"script":"<script> [56 bytes]","args":[{"element-6066-11e4-a52e-4f735466cecf":"f.D01EC4AF0A1BFC1E8396569751E97BC9.d.CBE1541FF67B246439F1D5CB931A8095.e.19975","ELEMENT":"f.D01EC4AF0A1BFC1E8396569751E97BC9.d.CBE1541FF67B246439F1D5CB931A8095.e.19975"}]}
RESULT: {"script":"<script> [56 bytes]","args":[{"element-6066-11e4-a52e-4f735466cecf":"f.D01EC4AF0A1BFC1E8396569751E97BC9.d.CBE1541FF67B246439F1D5CB931A8095.e.19975","ELEMENT":"f.D01EC4AF0A1BFC1E8396569751E97BC9.d.CBE1541FF67B246439F1D5CB931A8095.e.19975"}]}
COMMAND: GET /session/4ca0da1f05d229fab0c05732b1ad37d0/screenshot - {}
RESULT: {}
COMMAND: POST /session/4ca0da1f05d229fab0c05732b1ad37d0/execute/sync - {"script":"<script> [56 bytes]","args":[{"element-6066-11e4-a52e-4f735466cecf":"f.D01EC4AF0A1BFC1E8396569751E97BC9.d.CBE1541FF67B246439F1D5CB931A8095.e.19975","ELEMENT":"f.D01EC4AF0A1BFC1E8396569751E97BC9.d.CBE1541FF67B246439F1D5CB931A8095.e.19975"}]}
RESULT: {"script":"<script> [56 bytes]","args":[{"element-6066-11e4-a52e-4f735466cecf":"f.D01EC4AF0A1BFC1E8396569751E97BC9.d.CBE1541FF67B246439F1D5CB931A8095.e.19975","ELEMENT":"f.D01EC4AF0A1BFC1E8396569751E97BC9.d.CBE1541FF67B246439F1D5CB931A8095.e.19975"}]}
COMMAND: GET /session/4ca0da1f05d229fab0c05732b1ad37d0/screenshot - {}
RESULT: {}
COMMAND: POST /session/4ca0da1f05d229fab0c05732b1ad37d0/execute/sync - {"script":"<script> [56 bytes]","args":[{"element-6066-11e4-a52e-4f735466cecf":"f.D01EC4AF0A1BFC1E8396569751E97BC9.d.CBE1541FF67B246439F1D5CB931A8095.e.19975","ELEMENT":"f.D01EC4AF0A1BFC1E8396569751E97BC9.d.CBE1541FF67B246439F1D5CB931A8095.e.19975"}]}
RESULT: {"script":"<script> [56 bytes]","args":[{"element-6066-11e4-a52e-4f735466cecf":"f.D01EC4AF0A1BFC1E8396569751E97BC9.d.CBE1541FF67B246439F1D5CB931A8095.e.19975","ELEMENT":"f.D01EC4AF0A1BFC1E8396569751E97BC9.d.CBE1541FF67B246439F1D5CB931A8095.e.19975"}]}
COMMAND: GET /session/4ca0da1f05d229fab0c05732b1ad37d0/screenshot - {}
RESULT: {}
COMMAND: POST /session/4ca0da1f05d229fab0c05732b1ad37d0/execute/sync - {"script":"<script> [56 bytes]","args":[{"element-6066-11e4-a52e-4f735466cecf":"f.D01EC4AF0A1BFC1E8396569751E97BC9.d.CBE1541FF67B246439F1D5CB931A8095.e.19975","ELEMENT":"f.D01EC4AF0A1BFC1E8396569751E97BC9.d.CBE1541FF67B246439F1D5CB931A8095.e.19975"}]}
RESULT: {"script":"<script> [56 bytes]","args":[{"element-6066-11e4-a52e-4f735466cecf":"f.D01EC4AF0A1BFC1E8396569751E97BC9.d.CBE1541FF67B246439F1D5CB931A8095.e.19975","ELEMENT":"f.D01EC4AF0A1BFC1E8396569751E97BC9.d.CBE1541FF67B246439F1D5CB931A8095.e.19975"}]}
COMMAND: GET /session/4ca0da1f05d229fab0c05732b1ad37d0/screenshot - {}
COMMAND: POST /session/4ca0da1f05d229fab0c05732b1ad37d0/execute/sync - {"script":"<script> [56 bytes]","args":[{"element-6066-11e4-a52e-4f735466cecf":"f.D01EC4AF0A1BFC1E8396569751E97BC9.d.CBE1541FF67B246439F1D5CB931A8095.e.19975","ELEMENT":"f.D01EC4AF0A1BFC1E8396569751E97BC9.d.CBE1541FF67B246439F1D5CB931A8095.e.19975"}]}
RESULT: {}
RESULT: {"script":"<script> [56 bytes]","args":[{"element-6066-11e4-a52e-4f735466cecf":"f.D01EC4AF0A1BFC1E8396569751E97BC9.d.CBE1541FF67B246439F1D5CB931A8095.e.19975","ELEMENT":"f.D01EC4AF0A1BFC1E8396569751E97BC9.d.CBE1541FF67B246439F1D5CB931A8095.e.19975"}]}
COMMAND: GET /session/4ca0da1f05d229fab0c05732b1ad37d0/screenshot - {}
RESULT: {}
COMMAND: POST /session/4ca0da1f05d229fab0c05732b1ad37d0/execute/sync - {"script":"<script> [56 bytes]","args":[{"element-6066-11e4-a52e-4f735466cecf":"f.D01EC4AF0A1BFC1E8396569751E97BC9.d.CBE1541FF67B246439F1D5CB931A8095.e.19975","ELEMENT":"f.D01EC4AF0A1BFC1E8396569751E97BC9.d.CBE1541FF67B246439F1D5CB931A8095.e.19975"}]}
RESULT: {"script":"<script> [56 bytes]","args":[{"element-6066-11e4-a52e-4f735466cecf":"f.D01EC4AF0A1BFC1E8396569751E97BC9.d.CBE1541FF67B246439F1D5CB931A8095.e.19975","ELEMENT":"f.D01EC4AF0A1BFC1E8396569751E97BC9.d.CBE1541FF67B246439F1D5CB931A8095.e.19975"}]}
COMMAND: GET /session/4ca0da1f05d229fab0c05732b1ad37d0/screenshot - {}
RESULT: {}
COMMAND: POST /session/4ca0da1f05d229fab0c05732b1ad37d0/execute/sync - {"script":"<script> [56 bytes]","args":[{"element-6066-11e4-a52e-4f735466cecf":"f.D01EC4AF0A1BFC1E8396569751E97BC9.d.CBE1541FF67B246439F1D5CB931A8095.e.19975","ELEMENT":"f.D01EC4AF0A1BFC1E8396569751E97BC9.d.CBE1541FF67B246439F1D5CB931A8095.e.19975"}]}
RESULT: {"script":"<script> [56 bytes]","args":[{"element-6066-11e4-a52e-4f735466cecf":"f.D01EC4AF0A1BFC1E8396569751E97BC9.d.CBE1541FF67B246439F1D5CB931A8095.e.19975","ELEMENT":"f.D01EC4AF0A1BFC1E8396569751E97BC9.d.CBE1541FF67B246439F1D5CB931A8095.e.19975"}]}
COMMAND: GET /session/4ca0da1f05d229fab0c05732b1ad37d0/screenshot - {}
RESULT: {}
COMMAND: POST /session/4ca0da1f05d229fab0c05732b1ad37d0/execute/sync - {"script":"<script> [56 bytes]","args":[{"element-6066-11e4-a52e-4f735466cecf":"f.D01EC4AF0A1BFC1E8396569751E97BC9.d.CBE1541FF67B246439F1D5CB931A8095.e.19975","ELEMENT":"f.D01EC4AF0A1BFC1E8396569751E97BC9.d.CBE1541FF67B246439F1D5CB931A8095.e.19975"}]}
RESULT: {"script":"<script> [56 bytes]","args":[{"element-6066-11e4-a52e-4f735466cecf":"f.D01EC4AF0A1BFC1E8396569751E97BC9.d.CBE1541FF67B246439F1D5CB931A8095.e.19975","ELEMENT":"f.D01EC4AF0A1BFC1E8396569751E97BC9.d.CBE1541FF67B246439F1D5CB931A8095.e.19975"}]}
COMMAND: GET /session/4ca0da1f05d229fab0c05732b1ad37d0/screenshot - {}
RESULT: {}
COMMAND: POST /session/4ca0da1f05d229fab0c05732b1ad37d0/execute/sync - {"script":"<script> [56 bytes]","args":[{"element-6066-11e4-a52e-4f735466cecf":"f.D01EC4AF0A1BFC1E8396569751E97BC9.d.CBE1541FF67B246439F1D5CB931A8095.e.19975","ELEMENT":"f.D01EC4AF0A1BFC1E8396569751E97BC9.d.CBE1541FF67B246439F1D5CB931A8095.e.19975"}]}
RESULT: {"script":"<script> [56 bytes]","args":[{"element-6066-11e4-a52e-4f735466cecf":"f.D01EC4AF0A1BFC1E8396569751E97BC9.d.CBE1541FF67B246439F1D5CB931A8095.e.19975","ELEMENT":"f.D01EC4AF0A1BFC1E8396569751E97BC9.d.CBE1541FF67B246439F1D5CB931A8095.e.19975"}]}
COMMAND: GET /session/4ca0da1f05d229fab0c05732b1ad37d0/screenshot - {}
RESULT: {}
COMMAND: POST /session/4ca0da1f05d229fab0c05732b1ad37d0/execute/sync - {"script":"<script> [56 bytes]","args":[{"element-6066-11e4-a52e-4f735466cecf":"f.D01EC4AF0A1BFC1E8396569751E97BC9.d.CBE1541FF67B246439F1D5CB931A8095.e.19975","ELEMENT":"f.D01EC4AF0A1BFC1E8396569751E97BC9.d.CBE1541FF67B246439F1D5CB931A8095.e.19975"}]}
RESULT: {"script":"<script> [56 bytes]","args":[{"element-6066-11e4-a52e-4f735466cecf":"f.D01EC4AF0A1BFC1E8396569751E97BC9.d.CBE1541FF67B246439F1D5CB931A8095.e.19975","ELEMENT":"f.D01EC4AF0A1BFC1E8396569751E97BC9.d.CBE1541FF67B246439F1D5CB931A8095.e.19975"}]}
COMMAND: GET /session/4ca0da1f05d229fab0c05732b1ad37d0/screenshot - {}
RESULT: {}
COMMAND: POST /session/4ca0da1f05d229fab0c05732b1ad37d0/execute/sync - {"script":"<script> [56 bytes]","args":[{"element-6066-11e4-a52e-4f735466cecf":"f.D01EC4AF0A1BFC1E8396569751E97BC9.d.CBE1541FF67B246439F1D5CB931A8095.e.19975","ELEMENT":"f.D01EC4AF0A1BFC1E8396569751E97BC9.d.CBE1541FF67B246439F1D5CB931A8095.e.19975"}]}
RESULT: {"script":"<script> [56 bytes]","args":[{"element-6066-11e4-a52e-4f735466cecf":"f.D01EC4AF0A1BFC1E8396569751E97BC9.d.CBE1541FF67B246439F1D5CB931A8095.e.19975","ELEMENT":"f.D01EC4AF0A1BFC1E8396569751E97BC9.d.CBE1541FF67B246439F1D5CB931A8095.e.19975"}]}
COMMAND: GET /session/4ca0da1f05d229fab0c05732b1ad37d0/screenshot - {}
RESULT: {}
COMMAND: POST /session/4ca0da1f05d229fab0c05732b1ad37d0/execute/sync - {"script":"<script> [56 bytes]","args":[{"element-6066-11e4-a52e-4f735466cecf":"f.D01EC4AF0A1BFC1E8396569751E97BC9.d.CBE1541FF67B246439F1D5CB931A8095.e.19975","ELEMENT":"f.D01EC4AF0A1BFC1E8396569751E97BC9.d.CBE1541FF67B246439F1D5CB931A8095.e.19975"}]}
RESULT: {"script":"<script> [56 bytes]","args":[{"element-6066-11e4-a52e-4f735466cecf":"f.D01EC4AF0A1BFC1E8396569751E97BC9.d.CBE1541FF67B246439F1D5CB931A8095.e.19975","ELEMENT":"f.D01EC4AF0A1BFC1E8396569751E97BC9.d.CBE1541FF67B246439F1D5CB931A8095.e.19975"}]}
COMMAND: POST /session/4ca0da1f05d229fab0c05732b1ad37d0/element - {"using":"xpath","value":"//td[@aria-colindex=\"1\"]/div/div[contains(@class, \"sapMCbBg\")]"}
COMMAND: GET /session/4ca0da1f05d229fab0c05732b1ad37d0/screenshot - {}
RESULT: {"using":"xpath","value":"//td[@aria-colindex=\"1\"]/div/div[contains(@class, \"sapMCbBg\")]"}
COMMAND: POST /session/4ca0da1f05d229fab0c05732b1ad37d0/element/f.D01EC4AF0A1BFC1E8396569751E97BC9.d.CBE1541FF67B246439F1D5CB931A8095.e.19984/click - {}
RESULT: {}
RESULT: {}
COMMAND: GET /session/4ca0da1f05d229fab0c05732b1ad37d0/screenshot - {}
RESULT: {}
COMMAND: POST /session/4ca0da1f05d229fab0c05732b1ad37d0/element - {"using":"xpath","value":"//bdi[text()=\"Transfer\"]"}
RESULT: {"using":"xpath","value":"//bdi[text()=\"Transfer\"]"}
COMMAND: POST /session/4ca0da1f05d229fab0c05732b1ad37d0/element/f.D01EC4AF0A1BFC1E8396569751E97BC9.d.CBE1541FF67B246439F1D5CB931A8095.e.19985/click - {}
RESULT: {}
COMMAND: GET /session/4ca0da1f05d229fab0c05732b1ad37d0/screenshot - {}
RESULT: {}
COMMAND: POST /session/4ca0da1f05d229fab0c05732b1ad37d0/element - {"using":"xpath","value":"//bdi[contains(text(), \"OK\")]"}
RESULT: {"using":"xpath","value":"//bdi[contains(text(), \"OK\")]"}
COMMAND: POST /session/4ca0da1f05d229fab0c05732b1ad37d0/element/f.D01EC4AF0A1BFC1E8396569751E97BC9.d.CBE1541FF67B246439F1D5CB931A8095.e.19988/click - {}
RESULT: {}
COMMAND: GET /session/4ca0da1f05d229fab0c05732b1ad37d0/screenshot - {}
RESULT: {}
COMMAND: POST /session/4ca0da1f05d229fab0c05732b1ad37d0/element - {"using":"xpath","value":"(//span[contains(text(), \"Completed\")]/parent::div/preceding-sibling::div/span)[1]"}
RESULT: {"using":"xpath","value":"(//span[contains(text(), \"Completed\")]/parent::div/preceding-sibling::div/span)[1]"}
COMMAND: POST /session/4ca0da1f05d229fab0c05732b1ad37d0/element/f.D01EC4AF0A1BFC1E8396569751E97BC9.d.CBE1541FF67B246439F1D5CB931A8095.e.19996/click - {}
RESULT: {}
COMMAND: POST /session/4ca0da1f05d229fab0c05732b1ad37d0/element - {"using":"xpath","value":"//input[contains(@id ,\"application-billingtransfer-display-component---billingWorkbench--smartFilterBar-btnBasicSearch\")]"}
COMMAND: GET /session/4ca0da1f05d229fab0c05732b1ad37d0/screenshot - {}
RESULT: {"using":"xpath","value":"//input[contains(@id ,\"application-billingtransfer-display-component---billingWorkbench--smartFilterBar-btnBasicSearch\")]"}
COMMAND: POST /session/4ca0da1f05d229fab0c05732b1ad37d0/elements - {"using":"xpath","value":"//input[contains(@id ,\"application-billingtransfer-display-component---billingWorkbench--smartFilterBar-btnBasicSearch\")]"}
RESULT: {}
RESULT: {"using":"xpath","value":"//input[contains(@id ,\"application-billingtransfer-display-component---billingWorkbench--smartFilterBar-btnBasicSearch\")]"}
COMMAND: POST /session/4ca0da1f05d229fab0c05732b1ad37d0/execute/sync - {"script":"<script> [8489 bytes]","args":[{"element-6066-11e4-a52e-4f735466cecf":"f.D01EC4AF0A1BFC1E8396569751E97BC9.d.CBE1541FF67B246439F1D5CB931A8095.e.19814","ELEMENT":"f.D01EC4AF0A1BFC1E8396569751E97BC9.d.CBE1541FF67B246439F1D5CB931A8095.e.19814"}]}
RESULT: {"script":"<script> [8489 bytes]","args":[{"element-6066-11e4-a52e-4f735466cecf":"f.D01EC4AF0A1BFC1E8396569751E97BC9.d.CBE1541FF67B246439F1D5CB931A8095.e.19814","ELEMENT":"f.D01EC4AF0A1BFC1E8396569751E97BC9.d.CBE1541FF67B246439F1D5CB931A8095.e.19814"}]}
COMMAND: GET /session/4ca0da1f05d229fab0c05732b1ad37d0/element/f.D01EC4AF0A1BFC1E8396569751E97BC9.d.CBE1541FF67B246439F1D5CB931A8095.e.19814/enabled - {}
COMMAND: GET /session/4ca0da1f05d229fab0c05732b1ad37d0/screenshot - {}
RESULT: {}
COMMAND: POST /session/4ca0da1f05d229fab0c05732b1ad37d0/element/f.D01EC4AF0A1BFC1E8396569751E97BC9.d.CBE1541FF67B246439F1D5CB931A8095.e.19814/click - {}
COMMAND: GET /session/4ca0da1f05d229fab0c05732b1ad37d0/screenshot - {}
RESULT: {}
RESULT: {}
COMMAND: GET /session/4ca0da1f05d229fab0c05732b1ad37d0/screenshot - {}
RESULT: {}
RESULT: {}
COMMAND: POST /session/4ca0da1f05d229fab0c05732b1ad37d0/element/f.D01EC4AF0A1BFC1E8396569751E97BC9.d.CBE1541FF67B246439F1D5CB931A8095.e.19814/clear - {}
RESULT: {}
COMMAND: POST /session/4ca0da1f05d229fab0c05732b1ad37d0/element/f.D01EC4AF0A1BFC1E8396569751E97BC9.d.CBE1541FF67B246439F1D5CB931A8095.e.19814/value - {"text":"10351"}
COMMAND: GET /session/4ca0da1f05d229fab0c05732b1ad37d0/screenshot - {}
RESULT: {"text":"10351"}
COMMAND: POST /session/4ca0da1f05d229fab0c05732b1ad37d0/actions - {"actions":[{"id":"action74","type":"key","parameters":{},"actions":[{"type":"keyDown","value":"î€‡"},{"type":"pause","duration":10},{"type":"keyUp","value":"î€‡"}]}]}
COMMAND: GET /session/4ca0da1f05d229fab0c05732b1ad37d0/screenshot - {}
RESULT: {}
RESULT: {"actions":[{"id":"action74","type":"key","parameters":{},"actions":[{"type":"keyDown","value":"î€‡"},{"type":"pause","duration":10},{"type":"keyUp","value":"î€‡"}]}]}
COMMAND: GET /session/4ca0da1f05d229fab0c05732b1ad37d0/screenshot - {}
RESULT: {}
RESULT: {}
COMMAND: POST /session/4ca0da1f05d229fab0c05732b1ad37d0/element - {"using":"xpath","value":"//span[contains(@id ,\"application-billingtransfer-display-component---billingWorkbench--smartTableBillingRuns-header-inner\")]"}
RESULT: {"using":"xpath","value":"//span[contains(@id ,\"application-billingtransfer-display-component---billingWorkbench--smartTableBillingRuns-header-inner\")]"}
COMMAND: POST /session/4ca0da1f05d229fab0c05732b1ad37d0/elements - {"using":"xpath","value":"//span[contains(@id ,\"application-billingtransfer-display-component---billingWorkbench--smartTableBillingRuns-header-inner\")]"}
RESULT: {"using":"xpath","value":"//span[contains(@id ,\"application-billingtransfer-display-component---billingWorkbench--smartTableBillingRuns-header-inner\")]"}
COMMAND: POST /session/4ca0da1f05d229fab0c05732b1ad37d0/execute/sync - {"script":"<script> [56 bytes]","args":[{"element-6066-11e4-a52e-4f735466cecf":"f.D01EC4AF0A1BFC1E8396569751E97BC9.d.CBE1541FF67B246439F1D5CB931A8095.e.19975","ELEMENT":"f.D01EC4AF0A1BFC1E8396569751E97BC9.d.CBE1541FF67B246439F1D5CB931A8095.e.19975"}]}
RESULT: {"script":"<script> [56 bytes]","args":[{"element-6066-11e4-a52e-4f735466cecf":"f.D01EC4AF0A1BFC1E8396569751E97BC9.d.CBE1541FF67B246439F1D5CB931A8095.e.19975","ELEMENT":"f.D01EC4AF0A1BFC1E8396569751E97BC9.d.CBE1541FF67B246439F1D5CB931A8095.e.19975"}]}
COMMAND: GET /session/4ca0da1f05d229fab0c05732b1ad37d0/screenshot - {}
RESULT: {}
COMMAND: POST /session/4ca0da1f05d229fab0c05732b1ad37d0/execute/sync - {"script":"<script> [56 bytes]","args":[{"element-6066-11e4-a52e-4f735466cecf":"f.D01EC4AF0A1BFC1E8396569751E97BC9.d.CBE1541FF67B246439F1D5CB931A8095.e.19975","ELEMENT":"f.D01EC4AF0A1BFC1E8396569751E97BC9.d.CBE1541FF67B246439F1D5CB931A8095.e.19975"}]}
RESULT: {"script":"<script> [56 bytes]","args":[{"element-6066-11e4-a52e-4f735466cecf":"f.D01EC4AF0A1BFC1E8396569751E97BC9.d.CBE1541FF67B246439F1D5CB931A8095.e.19975","ELEMENT":"f.D01EC4AF0A1BFC1E8396569751E97BC9.d.CBE1541FF67B246439F1D5CB931A8095.e.19975"}]}
COMMAND: GET /session/4ca0da1f05d229fab0c05732b1ad37d0/screenshot - {}
RESULT: {}
COMMAND: POST /session/4ca0da1f05d229fab0c05732b1ad37d0/execute/sync - {"script":"<script> [56 bytes]","args":[{"element-6066-11e4-a52e-4f735466cecf":"f.D01EC4AF0A1BFC1E8396569751E97BC9.d.CBE1541FF67B246439F1D5CB931A8095.e.19975","ELEMENT":"f.D01EC4AF0A1BFC1E8396569751E97BC9.d.CBE1541FF67B246439F1D5CB931A8095.e.19975"}]}
RESULT: {"script":"<script> [56 bytes]","args":[{"element-6066-11e4-a52e-4f735466cecf":"f.D01EC4AF0A1BFC1E8396569751E97BC9.d.CBE1541FF67B246439F1D5CB931A8095.e.19975","ELEMENT":"f.D01EC4AF0A1BFC1E8396569751E97BC9.d.CBE1541FF67B246439F1D5CB931A8095.e.19975"}]}
COMMAND: GET /session/4ca0da1f05d229fab0c05732b1ad37d0/screenshot - {}
RESULT: {}
COMMAND: POST /session/4ca0da1f05d229fab0c05732b1ad37d0/execute/sync - {"script":"<script> [56 bytes]","args":[{"element-6066-11e4-a52e-4f735466cecf":"f.D01EC4AF0A1BFC1E8396569751E97BC9.d.CBE1541FF67B246439F1D5CB931A8095.e.19975","ELEMENT":"f.D01EC4AF0A1BFC1E8396569751E97BC9.d.CBE1541FF67B246439F1D5CB931A8095.e.19975"}]}
RESULT: {"script":"<script> [56 bytes]","args":[{"element-6066-11e4-a52e-4f735466cecf":"f.D01EC4AF0A1BFC1E8396569751E97BC9.d.CBE1541FF67B246439F1D5CB931A8095.e.19975","ELEMENT":"f.D01EC4AF0A1BFC1E8396569751E97BC9.d.CBE1541FF67B246439F1D5CB931A8095.e.19975"}]}
COMMAND: GET /session/4ca0da1f05d229fab0c05732b1ad37d0/screenshot - {}
RESULT: {}
COMMAND: POST /session/4ca0da1f05d229fab0c05732b1ad37d0/execute/sync - {"script":"<script> [56 bytes]","args":[{"element-6066-11e4-a52e-4f735466cecf":"f.D01EC4AF0A1BFC1E8396569751E97BC9.d.CBE1541FF67B246439F1D5CB931A8095.e.19975","ELEMENT":"f.D01EC4AF0A1BFC1E8396569751E97BC9.d.CBE1541FF67B246439F1D5CB931A8095.e.19975"}]}
RESULT: {"script":"<script> [56 bytes]","args":[{"element-6066-11e4-a52e-4f735466cecf":"f.D01EC4AF0A1BFC1E8396569751E97BC9.d.CBE1541FF67B246439F1D5CB931A8095.e.19975","ELEMENT":"f.D01EC4AF0A1BFC1E8396569751E97BC9.d.CBE1541FF67B246439F1D5CB931A8095.e.19975"}]}
COMMAND: GET /session/4ca0da1f05d229fab0c05732b1ad37d0/screenshot - {}
RESULT: {}
COMMAND: POST /session/4ca0da1f05d229fab0c05732b1ad37d0/execute/sync - {"script":"<script> [56 bytes]","args":[{"element-6066-11e4-a52e-4f735466cecf":"f.D01EC4AF0A1BFC1E8396569751E97BC9.d.CBE1541FF67B246439F1D5CB931A8095.e.19975","ELEMENT":"f.D01EC4AF0A1BFC1E8396569751E97BC9.d.CBE1541FF67B246439F1D5CB931A8095.e.19975"}]}
RESULT: {"script":"<script> [56 bytes]","args":[{"element-6066-11e4-a52e-4f735466cecf":"f.D01EC4AF0A1BFC1E8396569751E97BC9.d.CBE1541FF67B246439F1D5CB931A8095.e.19975","ELEMENT":"f.D01EC4AF0A1BFC1E8396569751E97BC9.d.CBE1541FF67B246439F1D5CB931A8095.e.19975"}]}
COMMAND: GET /session/4ca0da1f05d229fab0c05732b1ad37d0/screenshot - {}
RESULT: {}
COMMAND: POST /session/4ca0da1f05d229fab0c05732b1ad37d0/execute/sync - {"script":"<script> [56 bytes]","args":[{"element-6066-11e4-a52e-4f735466cecf":"f.D01EC4AF0A1BFC1E8396569751E97BC9.d.CBE1541FF67B246439F1D5CB931A8095.e.19975","ELEMENT":"f.D01EC4AF0A1BFC1E8396569751E97BC9.d.CBE1541FF67B246439F1D5CB931A8095.e.19975"}]}
RESULT: {"script":"<script> [56 bytes]","args":[{"element-6066-11e4-a52e-4f735466cecf":"f.D01EC4AF0A1BFC1E8396569751E97BC9.d.CBE1541FF67B246439F1D5CB931A8095.e.19975","ELEMENT":"f.D01EC4AF0A1BFC1E8396569751E97BC9.d.CBE1541FF67B246439F1D5CB931A8095.e.19975"}]}
COMMAND: GET /session/4ca0da1f05d229fab0c05732b1ad37d0/screenshot - {}
RESULT: {}
COMMAND: POST /session/4ca0da1f05d229fab0c05732b1ad37d0/execute/sync - {"script":"<script> [56 bytes]","args":[{"element-6066-11e4-a52e-4f735466cecf":"f.D01EC4AF0A1BFC1E8396569751E97BC9.d.CBE1541FF67B246439F1D5CB931A8095.e.19975","ELEMENT":"f.D01EC4AF0A1BFC1E8396569751E97BC9.d.CBE1541FF67B246439F1D5CB931A8095.e.19975"}]}
RESULT: {"script":"<script> [56 bytes]","args":[{"element-6066-11e4-a52e-4f735466cecf":"f.D01EC4AF0A1BFC1E8396569751E97BC9.d.CBE1541FF67B246439F1D5CB931A8095.e.19975","ELEMENT":"f.D01EC4AF0A1BFC1E8396569751E97BC9.d.CBE1541FF67B246439F1D5CB931A8095.e.19975"}]}
COMMAND: GET /session/4ca0da1f05d229fab0c05732b1ad37d0/screenshot - {}
RESULT: {}
COMMAND: POST /session/4ca0da1f05d229fab0c05732b1ad37d0/execute/sync - {"script":"<script> [56 bytes]","args":[{"element-6066-11e4-a52e-4f735466cecf":"f.D01EC4AF0A1BFC1E8396569751E97BC9.d.CBE1541FF67B246439F1D5CB931A8095.e.19975","ELEMENT":"f.D01EC4AF0A1BFC1E8396569751E97BC9.d.CBE1541FF67B246439F1D5CB931A8095.e.19975"}]}
RESULT: {"script":"<script> [56 bytes]","args":[{"element-6066-11e4-a52e-4f735466cecf":"f.D01EC4AF0A1BFC1E8396569751E97BC9.d.CBE1541FF67B246439F1D5CB931A8095.e.19975","ELEMENT":"f.D01EC4AF0A1BFC1E8396569751E97BC9.d.CBE1541FF67B246439F1D5CB931A8095.e.19975"}]}
COMMAND: GET /session/4ca0da1f05d229fab0c05732b1ad37d0/screenshot - {}
RESULT: {}
COMMAND: POST /session/4ca0da1f05d229fab0c05732b1ad37d0/execute/sync - {"script":"<script> [56 bytes]","args":[{"element-6066-11e4-a52e-4f735466cecf":"f.D01EC4AF0A1BFC1E8396569751E97BC9.d.CBE1541FF67B246439F1D5CB931A8095.e.19975","ELEMENT":"f.D01EC4AF0A1BFC1E8396569751E97BC9.d.CBE1541FF67B246439F1D5CB931A8095.e.19975"}]}
RESULT: {"script":"<script> [56 bytes]","args":[{"element-6066-11e4-a52e-4f735466cecf":"f.D01EC4AF0A1BFC1E8396569751E97BC9.d.CBE1541FF67B246439F1D5CB931A8095.e.19975","ELEMENT":"f.D01EC4AF0A1BFC1E8396569751E97BC9.d.CBE1541FF67B246439F1D5CB931A8095.e.19975"}]}
COMMAND: GET /session/4ca0da1f05d229fab0c05732b1ad37d0/screenshot - {}
RESULT: {}
COMMAND: POST /session/4ca0da1f05d229fab0c05732b1ad37d0/execute/sync - {"script":"<script> [56 bytes]","args":[{"element-6066-11e4-a52e-4f735466cecf":"f.D01EC4AF0A1BFC1E8396569751E97BC9.d.CBE1541FF67B246439F1D5CB931A8095.e.19975","ELEMENT":"f.D01EC4AF0A1BFC1E8396569751E97BC9.d.CBE1541FF67B246439F1D5CB931A8095.e.19975"}]}
RESULT: {"script":"<script> [56 bytes]","args":[{"element-6066-11e4-a52e-4f735466cecf":"f.D01EC4AF0A1BFC1E8396569751E97BC9.d.CBE1541FF67B246439F1D5CB931A8095.e.19975","ELEMENT":"f.D01EC4AF0A1BFC1E8396569751E97BC9.d.CBE1541FF67B246439F1D5CB931A8095.e.19975"}]}
COMMAND: GET /session/4ca0da1f05d229fab0c05732b1ad37d0/screenshot - {}
RESULT: {}
COMMAND: POST /session/4ca0da1f05d229fab0c05732b1ad37d0/execute/sync - {"script":"<script> [56 bytes]","args":[{"element-6066-11e4-a52e-4f735466cecf":"f.D01EC4AF0A1BFC1E8396569751E97BC9.d.CBE1541FF67B246439F1D5CB931A8095.e.19975","ELEMENT":"f.D01EC4AF0A1BFC1E8396569751E97BC9.d.CBE1541FF67B246439F1D5CB931A8095.e.19975"}]}
RESULT: {"script":"<script> [56 bytes]","args":[{"element-6066-11e4-a52e-4f735466cecf":"f.D01EC4AF0A1BFC1E8396569751E97BC9.d.CBE1541FF67B246439F1D5CB931A8095.e.19975","ELEMENT":"f.D01EC4AF0A1BFC1E8396569751E97BC9.d.CBE1541FF67B246439F1D5CB931A8095.e.19975"}]}
COMMAND: GET /session/4ca0da1f05d229fab0c05732b1ad37d0/screenshot - {}
RESULT: {}
COMMAND: POST /session/4ca0da1f05d229fab0c05732b1ad37d0/execute/sync - {"script":"<script> [56 bytes]","args":[{"element-6066-11e4-a52e-4f735466cecf":"f.D01EC4AF0A1BFC1E8396569751E97BC9.d.CBE1541FF67B246439F1D5CB931A8095.e.19975","ELEMENT":"f.D01EC4AF0A1BFC1E8396569751E97BC9.d.CBE1541FF67B246439F1D5CB931A8095.e.19975"}]}
RESULT: {"script":"<script> [56 bytes]","args":[{"element-6066-11e4-a52e-4f735466cecf":"f.D01EC4AF0A1BFC1E8396569751E97BC9.d.CBE1541FF67B246439F1D5CB931A8095.e.19975","ELEMENT":"f.D01EC4AF0A1BFC1E8396569751E97BC9.d.CBE1541FF67B246439F1D5CB931A8095.e.19975"}]}
COMMAND: GET /session/4ca0da1f05d229fab0c05732b1ad37d0/screenshot - {}
RESULT: {}
COMMAND: POST /session/4ca0da1f05d229fab0c05732b1ad37d0/execute/sync - {"script":"<script> [56 bytes]","args":[{"element-6066-11e4-a52e-4f735466cecf":"f.D01EC4AF0A1BFC1E8396569751E97BC9.d.CBE1541FF67B246439F1D5CB931A8095.e.19975","ELEMENT":"f.D01EC4AF0A1BFC1E8396569751E97BC9.d.CBE1541FF67B246439F1D5CB931A8095.e.19975"}]}
RESULT: {"script":"<script> [56 bytes]","args":[{"element-6066-11e4-a52e-4f735466cecf":"f.D01EC4AF0A1BFC1E8396569751E97BC9.d.CBE1541FF67B246439F1D5CB931A8095.e.19975","ELEMENT":"f.D01EC4AF0A1BFC1E8396569751E97BC9.d.CBE1541FF67B246439F1D5CB931A8095.e.19975"}]}
COMMAND: GET /session/4ca0da1f05d229fab0c05732b1ad37d0/screenshot - {}
RESULT: {}
COMMAND: POST /session/4ca0da1f05d229fab0c05732b1ad37d0/execute/sync - {"script":"<script> [56 bytes]","args":[{"element-6066-11e4-a52e-4f735466cecf":"f.D01EC4AF0A1BFC1E8396569751E97BC9.d.CBE1541FF67B246439F1D5CB931A8095.e.19975","ELEMENT":"f.D01EC4AF0A1BFC1E8396569751E97BC9.d.CBE1541FF67B246439F1D5CB931A8095.e.19975"}]}
RESULT: {"script":"<script> [56 bytes]","args":[{"element-6066-11e4-a52e-4f735466cecf":"f.D01EC4AF0A1BFC1E8396569751E97BC9.d.CBE1541FF67B246439F1D5CB931A8095.e.19975","ELEMENT":"f.D01EC4AF0A1BFC1E8396569751E97BC9.d.CBE1541FF67B246439F1D5CB931A8095.e.19975"}]}
COMMAND: GET /session/4ca0da1f05d229fab0c05732b1ad37d0/screenshot - {}
RESULT: {}
COMMAND: POST /session/4ca0da1f05d229fab0c05732b1ad37d0/execute/sync - {"script":"<script> [56 bytes]","args":[{"element-6066-11e4-a52e-4f735466cecf":"f.D01EC4AF0A1BFC1E8396569751E97BC9.d.CBE1541FF67B246439F1D5CB931A8095.e.19975","ELEMENT":"f.D01EC4AF0A1BFC1E8396569751E97BC9.d.CBE1541FF67B246439F1D5CB931A8095.e.19975"}]}
RESULT: {"script":"<script> [56 bytes]","args":[{"element-6066-11e4-a52e-4f735466cecf":"f.D01EC4AF0A1BFC1E8396569751E97BC9.d.CBE1541FF67B246439F1D5CB931A8095.e.19975","ELEMENT":"f.D01EC4AF0A1BFC1E8396569751E97BC9.d.CBE1541FF67B246439F1D5CB931A8095.e.19975"}]}
COMMAND: GET /session/4ca0da1f05d229fab0c05732b1ad37d0/screenshot - {}
RESULT: {}
COMMAND: POST /session/4ca0da1f05d229fab0c05732b1ad37d0/execute/sync - {"script":"<script> [56 bytes]","args":[{"element-6066-11e4-a52e-4f735466cecf":"f.D01EC4AF0A1BFC1E8396569751E97BC9.d.CBE1541FF67B246439F1D5CB931A8095.e.19975","ELEMENT":"f.D01EC4AF0A1BFC1E8396569751E97BC9.d.CBE1541FF67B246439F1D5CB931A8095.e.19975"}]}
RESULT: {"script":"<script> [56 bytes]","args":[{"element-6066-11e4-a52e-4f735466cecf":"f.D01EC4AF0A1BFC1E8396569751E97BC9.d.CBE1541FF67B246439F1D5CB931A8095.e.19975","ELEMENT":"f.D01EC4AF0A1BFC1E8396569751E97BC9.d.CBE1541FF67B246439F1D5CB931A8095.e.19975"}]}
COMMAND: GET /session/4ca0da1f05d229fab0c05732b1ad37d0/screenshot - {}
RESULT: {}
COMMAND: POST /session/4ca0da1f05d229fab0c05732b1ad37d0/execute/sync - {"script":"<script> [56 bytes]","args":[{"element-6066-11e4-a52e-4f735466cecf":"f.D01EC4AF0A1BFC1E8396569751E97BC9.d.CBE1541FF67B246439F1D5CB931A8095.e.19975","ELEMENT":"f.D01EC4AF0A1BFC1E8396569751E97BC9.d.CBE1541FF67B246439F1D5CB931A8095.e.19975"}]}
RESULT: {"script":"<script> [56 bytes]","args":[{"element-6066-11e4-a52e-4f735466cecf":"f.D01EC4AF0A1BFC1E8396569751E97BC9.d.CBE1541FF67B246439F1D5CB931A8095.e.19975","ELEMENT":"f.D01EC4AF0A1BFC1E8396569751E97BC9.d.CBE1541FF67B246439F1D5CB931A8095.e.19975"}]}
COMMAND: GET /session/4ca0da1f05d229fab0c05732b1ad37d0/screenshot - {}
RESULT: {}
COMMAND: POST /session/4ca0da1f05d229fab0c05732b1ad37d0/execute/sync - {"script":"<script> [56 bytes]","args":[{"element-6066-11e4-a52e-4f735466cecf":"f.D01EC4AF0A1BFC1E8396569751E97BC9.d.CBE1541FF67B246439F1D5CB931A8095.e.19975","ELEMENT":"f.D01EC4AF0A1BFC1E8396569751E97BC9.d.CBE1541FF67B246439F1D5CB931A8095.e.19975"}]}
RESULT: {"script":"<script> [56 bytes]","args":[{"element-6066-11e4-a52e-4f735466cecf":"f.D01EC4AF0A1BFC1E8396569751E97BC9.d.CBE1541FF67B246439F1D5CB931A8095.e.19975","ELEMENT":"f.D01EC4AF0A1BFC1E8396569751E97BC9.d.CBE1541FF67B246439F1D5CB931A8095.e.19975"}]}
COMMAND: GET /session/4ca0da1f05d229fab0c05732b1ad37d0/screenshot - {}
RESULT: {}
COMMAND: POST /session/4ca0da1f05d229fab0c05732b1ad37d0/execute/sync - {"script":"<script> [56 bytes]","args":[{"element-6066-11e4-a52e-4f735466cecf":"f.D01EC4AF0A1BFC1E8396569751E97BC9.d.CBE1541FF67B246439F1D5CB931A8095.e.19975","ELEMENT":"f.D01EC4AF0A1BFC1E8396569751E97BC9.d.CBE1541FF67B246439F1D5CB931A8095.e.19975"}]}
RESULT: {"script":"<script> [56 bytes]","args":[{"element-6066-11e4-a52e-4f735466cecf":"f.D01EC4AF0A1BFC1E8396569751E97BC9.d.CBE1541FF67B246439F1D5CB931A8095.e.19975","ELEMENT":"f.D01EC4AF0A1BFC1E8396569751E97BC9.d.CBE1541FF67B246439F1D5CB931A8095.e.19975"}]}
COMMAND: GET /session/4ca0da1f05d229fab0c05732b1ad37d0/screenshot - {}
RESULT: {}
COMMAND: POST /session/4ca0da1f05d229fab0c05732b1ad37d0/execute/sync - {"script":"<script> [56 bytes]","args":[{"element-6066-11e4-a52e-4f735466cecf":"f.D01EC4AF0A1BFC1E8396569751E97BC9.d.CBE1541FF67B246439F1D5CB931A8095.e.19975","ELEMENT":"f.D01EC4AF0A1BFC1E8396569751E97BC9.d.CBE1541FF67B246439F1D5CB931A8095.e.19975"}]}
RESULT: {"script":"<script> [56 bytes]","args":[{"element-6066-11e4-a52e-4f735466cecf":"f.D01EC4AF0A1BFC1E8396569751E97BC9.d.CBE1541FF67B246439F1D5CB931A8095.e.19975","ELEMENT":"f.D01EC4AF0A1BFC1E8396569751E97BC9.d.CBE1541FF67B246439F1D5CB931A8095.e.19975"}]}
COMMAND: GET /session/4ca0da1f05d229fab0c05732b1ad37d0/screenshot - {}
RESULT: {}
COMMAND: POST /session/4ca0da1f05d229fab0c05732b1ad37d0/execute/sync - {"script":"<script> [56 bytes]","args":[{"element-6066-11e4-a52e-4f735466cecf":"f.D01EC4AF0A1BFC1E8396569751E97BC9.d.CBE1541FF67B246439F1D5CB931A8095.e.19975","ELEMENT":"f.D01EC4AF0A1BFC1E8396569751E97BC9.d.CBE1541FF67B246439F1D5CB931A8095.e.19975"}]}
RESULT: {"script":"<script> [56 bytes]","args":[{"element-6066-11e4-a52e-4f735466cecf":"f.D01EC4AF0A1BFC1E8396569751E97BC9.d.CBE1541FF67B246439F1D5CB931A8095.e.19975","ELEMENT":"f.D01EC4AF0A1BFC1E8396569751E97BC9.d.CBE1541FF67B246439F1D5CB931A8095.e.19975"}]}
COMMAND: POST /session/4ca0da1f05d229fab0c05732b1ad37d0/element - {"using":"css selector","value":"#shell-header-logo"}
COMMAND: GET /session/4ca0da1f05d229fab0c05732b1ad37d0/screenshot - {}
RESULT: {"using":"css selector","value":"#shell-header-logo"}
COMMAND: POST /session/4ca0da1f05d229fab0c05732b1ad37d0/element/f.D01EC4AF0A1BFC1E8396569751E97BC9.d.CBE1541FF67B246439F1D5CB931A8095.e.19812/click - {}
RESULT: {}
RESULT: {}
COMMAND: GET /session/4ca0da1f05d229fab0c05732b1ad37d0/screenshot - {}
RESULT: {}
]]></system-out>
    </testcase>
    <testcase classname="chrome.135_0_7049_96.windows.Billing_Calculation_-_Time_based_(considering_transport_times)_US139738" name="Should navigate to the contract item check the billed until field value" time="41.03">
      <system-out><![CDATA[
RESULT: undefined
COMMAND: POST /session/4ca0da1f05d229fab0c05732b1ad37d0/element - {"using":"xpath","value":"//*[@id=\"__tile130-title\"]"}
RESULT: {"using":"xpath","value":"//*[@id=\"__tile130-title\"]"}
COMMAND: POST /session/4ca0da1f05d229fab0c05732b1ad37d0/element/f.D01EC4AF0A1BFC1E8396569751E97BC9.d.CBE1541FF67B246439F1D5CB931A8095.e.17955/click - {}
RESULT: {}
COMMAND: GET /session/4ca0da1f05d229fab0c05732b1ad37d0/screenshot - {}
RESULT: {}
COMMAND: POST /session/4ca0da1f05d229fab0c05732b1ad37d0/element - {"using":"xpath","value":"//button[@data-kt=\"addButton\"]"}
RESULT: {"using":"xpath","value":"//button[@data-kt=\"addButton\"]"}
COMMAND: POST /session/4ca0da1f05d229fab0c05732b1ad37d0/elements - {"using":"xpath","value":"//button[@data-kt=\"addButton\"]"}
RESULT: {"using":"xpath","value":"//button[@data-kt=\"addButton\"]"}
COMMAND: POST /session/4ca0da1f05d229fab0c05732b1ad37d0/execute/sync - {"script":"<script> [8489 bytes]","args":[{"element-6066-11e4-a52e-4f735466cecf":"f.D01EC4AF0A1BFC1E8396569751E97BC9.d.CBE1541FF67B246439F1D5CB931A8095.e.20060","ELEMENT":"f.D01EC4AF0A1BFC1E8396569751E97BC9.d.CBE1541FF67B246439F1D5CB931A8095.e.20060"}]}
RESULT: {"script":"<script> [8489 bytes]","args":[{"element-6066-11e4-a52e-4f735466cecf":"f.D01EC4AF0A1BFC1E8396569751E97BC9.d.CBE1541FF67B246439F1D5CB931A8095.e.20060","ELEMENT":"f.D01EC4AF0A1BFC1E8396569751E97BC9.d.CBE1541FF67B246439F1D5CB931A8095.e.20060"}]}
COMMAND: GET /session/4ca0da1f05d229fab0c05732b1ad37d0/element/f.D01EC4AF0A1BFC1E8396569751E97BC9.d.CBE1541FF67B246439F1D5CB931A8095.e.20060/enabled - {}
COMMAND: GET /session/4ca0da1f05d229fab0c05732b1ad37d0/screenshot - {}
RESULT: {}
COMMAND: POST /session/4ca0da1f05d229fab0c05732b1ad37d0/execute/sync - {"script":"<script> [8489 bytes]","args":[{"element-6066-11e4-a52e-4f735466cecf":"f.D01EC4AF0A1BFC1E8396569751E97BC9.d.CBE1541FF67B246439F1D5CB931A8095.e.20060","ELEMENT":"f.D01EC4AF0A1BFC1E8396569751E97BC9.d.CBE1541FF67B246439F1D5CB931A8095.e.20060"}]}
COMMAND: GET /session/4ca0da1f05d229fab0c05732b1ad37d0/screenshot - {}
RESULT: {}
RESULT: {"script":"<script> [8489 bytes]","args":[{"element-6066-11e4-a52e-4f735466cecf":"f.D01EC4AF0A1BFC1E8396569751E97BC9.d.CBE1541FF67B246439F1D5CB931A8095.e.20060","ELEMENT":"f.D01EC4AF0A1BFC1E8396569751E97BC9.d.CBE1541FF67B246439F1D5CB931A8095.e.20060"}]}
COMMAND: POST /session/4ca0da1f05d229fab0c05732b1ad37d0/execute/sync - {"script":"<script> [5351 bytes]","args":[{"element-6066-11e4-a52e-4f735466cecf":"f.D01EC4AF0A1BFC1E8396569751E97BC9.d.CBE1541FF67B246439F1D5CB931A8095.e.20060","ELEMENT":"f.D01EC4AF0A1BFC1E8396569751E97BC9.d.CBE1541FF67B246439F1D5CB931A8095.e.20060"}]}
COMMAND: GET /session/4ca0da1f05d229fab0c05732b1ad37d0/screenshot - {}
RESULT: {}
RESULT: {"script":"<script> [5351 bytes]","args":[{"element-6066-11e4-a52e-4f735466cecf":"f.D01EC4AF0A1BFC1E8396569751E97BC9.d.CBE1541FF67B246439F1D5CB931A8095.e.20060","ELEMENT":"f.D01EC4AF0A1BFC1E8396569751E97BC9.d.CBE1541FF67B246439F1D5CB931A8095.e.20060"}]}
COMMAND: POST /session/4ca0da1f05d229fab0c05732b1ad37d0/element - {"using":"xpath","value":"//input[contains(@id ,\"smartContractFilterBar-btnBasicSearch-I\")]"}
COMMAND: GET /session/4ca0da1f05d229fab0c05732b1ad37d0/screenshot - {}
RESULT: {}
RESULT: {"using":"xpath","value":"//input[contains(@id ,\"smartContractFilterBar-btnBasicSearch-I\")]"}
COMMAND: POST /session/4ca0da1f05d229fab0c05732b1ad37d0/elements - {"using":"xpath","value":"//input[contains(@id ,\"smartContractFilterBar-btnBasicSearch-I\")]"}
RESULT: {}
RESULT: {"using":"xpath","value":"//input[contains(@id ,\"smartContractFilterBar-btnBasicSearch-I\")]"}
COMMAND: POST /session/4ca0da1f05d229fab0c05732b1ad37d0/execute/sync - {"script":"<script> [8489 bytes]","args":[{"element-6066-11e4-a52e-4f735466cecf":"f.D01EC4AF0A1BFC1E8396569751E97BC9.d.CBE1541FF67B246439F1D5CB931A8095.e.20003","ELEMENT":"f.D01EC4AF0A1BFC1E8396569751E97BC9.d.CBE1541FF67B246439F1D5CB931A8095.e.20003"}]}
RESULT: {"script":"<script> [8489 bytes]","args":[{"element-6066-11e4-a52e-4f735466cecf":"f.D01EC4AF0A1BFC1E8396569751E97BC9.d.CBE1541FF67B246439F1D5CB931A8095.e.20003","ELEMENT":"f.D01EC4AF0A1BFC1E8396569751E97BC9.d.CBE1541FF67B246439F1D5CB931A8095.e.20003"}]}
COMMAND: GET /session/4ca0da1f05d229fab0c05732b1ad37d0/element/f.D01EC4AF0A1BFC1E8396569751E97BC9.d.CBE1541FF67B246439F1D5CB931A8095.e.20003/enabled - {}
COMMAND: GET /session/4ca0da1f05d229fab0c05732b1ad37d0/screenshot - {}
RESULT: {}
COMMAND: POST /session/4ca0da1f05d229fab0c05732b1ad37d0/element/f.D01EC4AF0A1BFC1E8396569751E97BC9.d.CBE1541FF67B246439F1D5CB931A8095.e.20003/clear - {}
COMMAND: GET /session/4ca0da1f05d229fab0c05732b1ad37d0/screenshot - {}
RESULT: {}
RESULT: {}
COMMAND: POST /session/4ca0da1f05d229fab0c05732b1ad37d0/element/f.D01EC4AF0A1BFC1E8396569751E97BC9.d.CBE1541FF67B246439F1D5CB931A8095.e.20003/value - {"text":"10351"}
COMMAND: GET /session/4ca0da1f05d229fab0c05732b1ad37d0/screenshot - {}
RESULT: {}
RESULT: {"text":"10351"}
COMMAND: GET /session/4ca0da1f05d229fab0c05732b1ad37d0/screenshot - {}
RESULT: {}
RESULT: {}
COMMAND: POST /session/4ca0da1f05d229fab0c05732b1ad37d0/actions - {"actions":[{"id":"action75","type":"key","parameters":{},"actions":[{"type":"keyDown","value":"î€‡"},{"type":"pause","duration":10},{"type":"keyUp","value":"î€‡"}]}]}
RESULT: {"actions":[{"id":"action75","type":"key","parameters":{},"actions":[{"type":"keyDown","value":"î€‡"},{"type":"pause","duration":10},{"type":"keyUp","value":"î€‡"}]}]}
COMMAND: GET /session/4ca0da1f05d229fab0c05732b1ad37d0/screenshot - {}
RESULT: {}
COMMAND: POST /session/4ca0da1f05d229fab0c05732b1ad37d0/element - {"using":"xpath","value":"//span[contains(@id, \"masterListContractsSmartTable-header-inner\")]"}
RESULT: {"using":"xpath","value":"//span[contains(@id, \"masterListContractsSmartTable-header-inner\")]"}
COMMAND: POST /session/4ca0da1f05d229fab0c05732b1ad37d0/elements - {"using":"xpath","value":"//span[contains(@id, \"masterListContractsSmartTable-header-inner\")]"}
RESULT: {"using":"xpath","value":"//span[contains(@id, \"masterListContractsSmartTable-header-inner\")]"}
COMMAND: POST /session/4ca0da1f05d229fab0c05732b1ad37d0/execute/sync - {"script":"<script> [56 bytes]","args":[{"element-6066-11e4-a52e-4f735466cecf":"f.D01EC4AF0A1BFC1E8396569751E97BC9.d.CBE1541FF67B246439F1D5CB931A8095.e.20285","ELEMENT":"f.D01EC4AF0A1BFC1E8396569751E97BC9.d.CBE1541FF67B246439F1D5CB931A8095.e.20285"}]}
RESULT: {"script":"<script> [56 bytes]","args":[{"element-6066-11e4-a52e-4f735466cecf":"f.D01EC4AF0A1BFC1E8396569751E97BC9.d.CBE1541FF67B246439F1D5CB931A8095.e.20285","ELEMENT":"f.D01EC4AF0A1BFC1E8396569751E97BC9.d.CBE1541FF67B246439F1D5CB931A8095.e.20285"}]}
COMMAND: POST /session/4ca0da1f05d229fab0c05732b1ad37d0/element - {"using":"xpath","value":"(//span[contains(@id, \"imgNav\")])[1]"}
COMMAND: GET /session/4ca0da1f05d229fab0c05732b1ad37d0/screenshot - {}
RESULT: {"using":"xpath","value":"(//span[contains(@id, \"imgNav\")])[1]"}
COMMAND: POST /session/4ca0da1f05d229fab0c05732b1ad37d0/element/f.D01EC4AF0A1BFC1E8396569751E97BC9.d.CBE1541FF67B246439F1D5CB931A8095.e.20284/click - {}
RESULT: {}
RESULT: {}
COMMAND: GET /session/4ca0da1f05d229fab0c05732b1ad37d0/screenshot - {}
RESULT: {}
COMMAND: POST /session/4ca0da1f05d229fab0c05732b1ad37d0/element - {"using":"xpath","value":"//tr[@data-kt=\"productsColumnListItem\"]//td//span[contains(@id, \"imgNav\")][1]"}
RESULT: {"using":"xpath","value":"//tr[@data-kt=\"productsColumnListItem\"]//td//span[contains(@id, \"imgNav\")][1]"}
COMMAND: POST /session/4ca0da1f05d229fab0c05732b1ad37d0/element/f.D01EC4AF0A1BFC1E8396569751E97BC9.d.CBE1541FF67B246439F1D5CB931A8095.e.20410/click - {}
RESULT: {}
COMMAND: GET /session/4ca0da1f05d229fab0c05732b1ad37d0/screenshot - {}
RESULT: {}
COMMAND: POST /session/4ca0da1f05d229fab0c05732b1ad37d0/element - {"using":"xpath","value":"//section[contains(@id, \"application-managecontracts-display-component---BillingItem--ObjectPageLayout-OPHeaderContent\")]/div/div/div/div/div[2]/div/div[2]/span"}
RESULT: {"using":"xpath","value":"//section[contains(@id, \"application-managecontracts-display-component---BillingItem--ObjectPageLayout-OPHeaderContent\")]/div/div/div/div/div[2]/div/div[2]/span"}
COMMAND: POST /session/4ca0da1f05d229fab0c05732b1ad37d0/execute/sync - {"script":"<script> [56 bytes]","args":[{"element-6066-11e4-a52e-4f735466cecf":"f.D01EC4AF0A1BFC1E8396569751E97BC9.d.CBE1541FF67B246439F1D5CB931A8095.e.20552","ELEMENT":"f.D01EC4AF0A1BFC1E8396569751E97BC9.d.CBE1541FF67B246439F1D5CB931A8095.e.20552"}]}
RESULT: {"script":"<script> [56 bytes]","args":[{"element-6066-11e4-a52e-4f735466cecf":"f.D01EC4AF0A1BFC1E8396569751E97BC9.d.CBE1541FF67B246439F1D5CB931A8095.e.20552","ELEMENT":"f.D01EC4AF0A1BFC1E8396569751E97BC9.d.CBE1541FF67B246439F1D5CB931A8095.e.20552"}]}
COMMAND: POST /session/4ca0da1f05d229fab0c05732b1ad37d0/element - {"using":"xpath","value":"//table[contains(@id, \"application-managecontracts-display-component---BillingItem--billingList-listUl\")]//td//*[contains(text(), \"partial billed\")]"}
COMMAND: GET /session/4ca0da1f05d229fab0c05732b1ad37d0/screenshot - {}
RESULT: {"using":"xpath","value":"//table[contains(@id, \"application-managecontracts-display-component---BillingItem--billingList-listUl\")]//td//*[contains(text(), \"partial billed\")]"}
COMMAND: POST /session/4ca0da1f05d229fab0c05732b1ad37d0/execute/sync - {"script":"<script> [56 bytes]","args":[{"element-6066-11e4-a52e-4f735466cecf":"f.D01EC4AF0A1BFC1E8396569751E97BC9.d.CBE1541FF67B246439F1D5CB931A8095.e.20553","ELEMENT":"f.D01EC4AF0A1BFC1E8396569751E97BC9.d.CBE1541FF67B246439F1D5CB931A8095.e.20553"}]}
RESULT: {}
RESULT: {"script":"<script> [56 bytes]","args":[{"element-6066-11e4-a52e-4f735466cecf":"f.D01EC4AF0A1BFC1E8396569751E97BC9.d.CBE1541FF67B246439F1D5CB931A8095.e.20553","ELEMENT":"f.D01EC4AF0A1BFC1E8396569751E97BC9.d.CBE1541FF67B246439F1D5CB931A8095.e.20553"}]}
COMMAND: POST /session/4ca0da1f05d229fab0c05732b1ad37d0/element - {"using":"css selector","value":"#shell-header-logo"}
COMMAND: GET /session/4ca0da1f05d229fab0c05732b1ad37d0/screenshot - {}
RESULT: {"using":"css selector","value":"#shell-header-logo"}
COMMAND: POST /session/4ca0da1f05d229fab0c05732b1ad37d0/element/f.D01EC4AF0A1BFC1E8396569751E97BC9.d.CBE1541FF67B246439F1D5CB931A8095.e.20001/click - {}
RESULT: {}
RESULT: {}
COMMAND: GET /session/4ca0da1f05d229fab0c05732b1ad37d0/screenshot - {}
RESULT: {}
]]></system-out>
    </testcase>
    <testcase classname="chrome.135_0_7049_96.windows.Billing_Calculation_-_Time_based_(considering_transport_times)_US139738" name="Should do a handover return 2 step 7 days after provide or 14 days from today receive it in 21 days" time="163.248">
      <system-out><![CDATA[
RESULT: undefined
COMMAND: POST /session/4ca0da1f05d229fab0c05732b1ad37d0/element - {"using":"xpath","value":"//*[@id=\"__tile130-title\"]"}
RESULT: {"using":"xpath","value":"//*[@id=\"__tile130-title\"]"}
COMMAND: POST /session/4ca0da1f05d229fab0c05732b1ad37d0/element/f.D01EC4AF0A1BFC1E8396569751E97BC9.d.CBE1541FF67B246439F1D5CB931A8095.e.17955/click - {}
RESULT: {}
COMMAND: GET /session/4ca0da1f05d229fab0c05732b1ad37d0/screenshot - {}
RESULT: {}
COMMAND: POST /session/4ca0da1f05d229fab0c05732b1ad37d0/element - {"using":"xpath","value":"//button[@data-kt=\"addButton\"]"}
RESULT: {"using":"xpath","value":"//button[@data-kt=\"addButton\"]"}
COMMAND: POST /session/4ca0da1f05d229fab0c05732b1ad37d0/elements - {"using":"xpath","value":"//button[@data-kt=\"addButton\"]"}
RESULT: {"using":"xpath","value":"//button[@data-kt=\"addButton\"]"}
COMMAND: POST /session/4ca0da1f05d229fab0c05732b1ad37d0/execute/sync - {"script":"<script> [8489 bytes]","args":[{"element-6066-11e4-a52e-4f735466cecf":"f.D01EC4AF0A1BFC1E8396569751E97BC9.d.CBE1541FF67B246439F1D5CB931A8095.e.20624","ELEMENT":"f.D01EC4AF0A1BFC1E8396569751E97BC9.d.CBE1541FF67B246439F1D5CB931A8095.e.20624"}]}
RESULT: {"script":"<script> [8489 bytes]","args":[{"element-6066-11e4-a52e-4f735466cecf":"f.D01EC4AF0A1BFC1E8396569751E97BC9.d.CBE1541FF67B246439F1D5CB931A8095.e.20624","ELEMENT":"f.D01EC4AF0A1BFC1E8396569751E97BC9.d.CBE1541FF67B246439F1D5CB931A8095.e.20624"}]}
COMMAND: GET /session/4ca0da1f05d229fab0c05732b1ad37d0/element/f.D01EC4AF0A1BFC1E8396569751E97BC9.d.CBE1541FF67B246439F1D5CB931A8095.e.20624/enabled - {}
COMMAND: GET /session/4ca0da1f05d229fab0c05732b1ad37d0/screenshot - {}
RESULT: {}
COMMAND: POST /session/4ca0da1f05d229fab0c05732b1ad37d0/execute/sync - {"script":"<script> [8489 bytes]","args":[{"element-6066-11e4-a52e-4f735466cecf":"f.D01EC4AF0A1BFC1E8396569751E97BC9.d.CBE1541FF67B246439F1D5CB931A8095.e.20624","ELEMENT":"f.D01EC4AF0A1BFC1E8396569751E97BC9.d.CBE1541FF67B246439F1D5CB931A8095.e.20624"}]}
COMMAND: GET /session/4ca0da1f05d229fab0c05732b1ad37d0/screenshot - {}
RESULT: {}
RESULT: {"script":"<script> [8489 bytes]","args":[{"element-6066-11e4-a52e-4f735466cecf":"f.D01EC4AF0A1BFC1E8396569751E97BC9.d.CBE1541FF67B246439F1D5CB931A8095.e.20624","ELEMENT":"f.D01EC4AF0A1BFC1E8396569751E97BC9.d.CBE1541FF67B246439F1D5CB931A8095.e.20624"}]}
COMMAND: POST /session/4ca0da1f05d229fab0c05732b1ad37d0/execute/sync - {"script":"<script> [5351 bytes]","args":[{"element-6066-11e4-a52e-4f735466cecf":"f.D01EC4AF0A1BFC1E8396569751E97BC9.d.CBE1541FF67B246439F1D5CB931A8095.e.20624","ELEMENT":"f.D01EC4AF0A1BFC1E8396569751E97BC9.d.CBE1541FF67B246439F1D5CB931A8095.e.20624"}]}
COMMAND: GET /session/4ca0da1f05d229fab0c05732b1ad37d0/screenshot - {}
RESULT: {}
RESULT: {"script":"<script> [5351 bytes]","args":[{"element-6066-11e4-a52e-4f735466cecf":"f.D01EC4AF0A1BFC1E8396569751E97BC9.d.CBE1541FF67B246439F1D5CB931A8095.e.20624","ELEMENT":"f.D01EC4AF0A1BFC1E8396569751E97BC9.d.CBE1541FF67B246439F1D5CB931A8095.e.20624"}]}
COMMAND: GET /session/4ca0da1f05d229fab0c05732b1ad37d0/screenshot - {}
RESULT: {}
RESULT: {}
COMMAND: POST /session/4ca0da1f05d229fab0c05732b1ad37d0/element - {"using":"xpath","value":"//input[contains(@id ,\"smartContractFilterBar-btnBasicSearch-I\")]"}
RESULT: {"using":"xpath","value":"//input[contains(@id ,\"smartContractFilterBar-btnBasicSearch-I\")]"}
COMMAND: POST /session/4ca0da1f05d229fab0c05732b1ad37d0/elements - {"using":"xpath","value":"//input[contains(@id ,\"smartContractFilterBar-btnBasicSearch-I\")]"}
RESULT: {"using":"xpath","value":"//input[contains(@id ,\"smartContractFilterBar-btnBasicSearch-I\")]"}
COMMAND: POST /session/4ca0da1f05d229fab0c05732b1ad37d0/execute/sync - {"script":"<script> [8489 bytes]","args":[{"element-6066-11e4-a52e-4f735466cecf":"f.D01EC4AF0A1BFC1E8396569751E97BC9.d.CBE1541FF67B246439F1D5CB931A8095.e.20559","ELEMENT":"f.D01EC4AF0A1BFC1E8396569751E97BC9.d.CBE1541FF67B246439F1D5CB931A8095.e.20559"}]}
RESULT: {"script":"<script> [8489 bytes]","args":[{"element-6066-11e4-a52e-4f735466cecf":"f.D01EC4AF0A1BFC1E8396569751E97BC9.d.CBE1541FF67B246439F1D5CB931A8095.e.20559","ELEMENT":"f.D01EC4AF0A1BFC1E8396569751E97BC9.d.CBE1541FF67B246439F1D5CB931A8095.e.20559"}]}
COMMAND: GET /session/4ca0da1f05d229fab0c05732b1ad37d0/element/f.D01EC4AF0A1BFC1E8396569751E97BC9.d.CBE1541FF67B246439F1D5CB931A8095.e.20559/enabled - {}
COMMAND: GET /session/4ca0da1f05d229fab0c05732b1ad37d0/screenshot - {}
RESULT: {}
COMMAND: POST /session/4ca0da1f05d229fab0c05732b1ad37d0/element/f.D01EC4AF0A1BFC1E8396569751E97BC9.d.CBE1541FF67B246439F1D5CB931A8095.e.20559/clear - {}
COMMAND: GET /session/4ca0da1f05d229fab0c05732b1ad37d0/screenshot - {}
RESULT: {}
RESULT: {}
COMMAND: POST /session/4ca0da1f05d229fab0c05732b1ad37d0/element/f.D01EC4AF0A1BFC1E8396569751E97BC9.d.CBE1541FF67B246439F1D5CB931A8095.e.20559/value - {"text":"10351"}
COMMAND: GET /session/4ca0da1f05d229fab0c05732b1ad37d0/screenshot - {}
RESULT: {}
RESULT: {"text":"10351"}
COMMAND: GET /session/4ca0da1f05d229fab0c05732b1ad37d0/screenshot - {}
RESULT: {}
RESULT: {}
COMMAND: POST /session/4ca0da1f05d229fab0c05732b1ad37d0/actions - {"actions":[{"id":"action76","type":"key","parameters":{},"actions":[{"type":"keyDown","value":"î€‡"},{"type":"pause","duration":10},{"type":"keyUp","value":"î€‡"}]}]}
RESULT: {"actions":[{"id":"action76","type":"key","parameters":{},"actions":[{"type":"keyDown","value":"î€‡"},{"type":"pause","duration":10},{"type":"keyUp","value":"î€‡"}]}]}
COMMAND: GET /session/4ca0da1f05d229fab0c05732b1ad37d0/screenshot - {}
RESULT: {}
COMMAND: POST /session/4ca0da1f05d229fab0c05732b1ad37d0/element - {"using":"xpath","value":"//span[contains(@id, \"masterListContractsSmartTable-header-inner\")]"}
RESULT: {"using":"xpath","value":"//span[contains(@id, \"masterListContractsSmartTable-header-inner\")]"}
COMMAND: POST /session/4ca0da1f05d229fab0c05732b1ad37d0/elements - {"using":"xpath","value":"//span[contains(@id, \"masterListContractsSmartTable-header-inner\")]"}
RESULT: {"using":"xpath","value":"//span[contains(@id, \"masterListContractsSmartTable-header-inner\")]"}
COMMAND: POST /session/4ca0da1f05d229fab0c05732b1ad37d0/execute/sync - {"script":"<script> [56 bytes]","args":[{"element-6066-11e4-a52e-4f735466cecf":"f.D01EC4AF0A1BFC1E8396569751E97BC9.d.CBE1541FF67B246439F1D5CB931A8095.e.20688","ELEMENT":"f.D01EC4AF0A1BFC1E8396569751E97BC9.d.CBE1541FF67B246439F1D5CB931A8095.e.20688"}]}
RESULT: {"script":"<script> [56 bytes]","args":[{"element-6066-11e4-a52e-4f735466cecf":"f.D01EC4AF0A1BFC1E8396569751E97BC9.d.CBE1541FF67B246439F1D5CB931A8095.e.20688","ELEMENT":"f.D01EC4AF0A1BFC1E8396569751E97BC9.d.CBE1541FF67B246439F1D5CB931A8095.e.20688"}]}
COMMAND: POST /session/4ca0da1f05d229fab0c05732b1ad37d0/element - {"using":"xpath","value":"(//span[contains(@id, \"imgNav\")])[1]"}
COMMAND: GET /session/4ca0da1f05d229fab0c05732b1ad37d0/screenshot - {}
RESULT: {"using":"xpath","value":"(//span[contains(@id, \"imgNav\")])[1]"}
COMMAND: POST /session/4ca0da1f05d229fab0c05732b1ad37d0/element/f.D01EC4AF0A1BFC1E8396569751E97BC9.d.CBE1541FF67B246439F1D5CB931A8095.e.20686/click - {}
RESULT: {}
RESULT: {}
COMMAND: GET /session/4ca0da1f05d229fab0c05732b1ad37d0/screenshot - {}
RESULT: {}
COMMAND: POST /session/4ca0da1f05d229fab0c05732b1ad37d0/element - {"using":"xpath","value":"//button[contains(@id, \"contractDetailReturnButton\")]"}
RESULT: {"using":"xpath","value":"//button[contains(@id, \"contractDetailReturnButton\")]"}
COMMAND: POST /session/4ca0da1f05d229fab0c05732b1ad37d0/element/f.D01EC4AF0A1BFC1E8396569751E97BC9.d.CBE1541FF67B246439F1D5CB931A8095.e.20730/click - {}
RESULT: {}
COMMAND: GET /session/4ca0da1f05d229fab0c05732b1ad37d0/screenshot - {}
RESULT: {}
RESULT: undefined
COMMAND: POST /session/4ca0da1f05d229fab0c05732b1ad37d0/execute/async - {"script":"<script> [776 bytes]","args":[{"enterText":"05/13/25","selector":{"id":"application-managehandovers-display-component---AddNewHO--dueDate","interaction":{"idSuffix":"inner"}},"clearTextFirst":true,"interactionType":"ENTER_TEXT"}]}
RESULT: {"script":"<script> [776 bytes]","args":[{"enterText":"05/13/25","selector":{"id":"application-managehandovers-display-component---AddNewHO--dueDate","interaction":{"idSuffix":"inner"}},"clearTextFirst":true,"interactionType":"ENTER_TEXT"}]}
COMMAND: POST /session/4ca0da1f05d229fab0c05732b1ad37d0/element - {"using":"xpath","value":"//bdi[contains(text(), \"Instructions\")]"}
RESULT: {"using":"xpath","value":"//bdi[contains(text(), \"Instructions\")]"}
COMMAND: POST /session/4ca0da1f05d229fab0c05732b1ad37d0/element/f.D01EC4AF0A1BFC1E8396569751E97BC9.d.CBE1541FF67B246439F1D5CB931A8095.e.21110/click - {}
RESULT: {}
COMMAND: GET /session/4ca0da1f05d229fab0c05732b1ad37d0/screenshot - {}
RESULT: {}
COMMAND: POST /session/4ca0da1f05d229fab0c05732b1ad37d0/element - {"using":"xpath","value":"//button[@data-kt=\"AddNewHOProvideAddItemsButton\"]"}
RESULT: {"using":"xpath","value":"//button[@data-kt=\"AddNewHOProvideAddItemsButton\"]"}
COMMAND: POST /session/4ca0da1f05d229fab0c05732b1ad37d0/element/f.D01EC4AF0A1BFC1E8396569751E97BC9.d.CBE1541FF67B246439F1D5CB931A8095.e.20933/click - {}
RESULT: {}
COMMAND: GET /session/4ca0da1f05d229fab0c05732b1ad37d0/screenshot - {}
RESULT: {}
RESULT: undefined
COMMAND: POST /session/4ca0da1f05d229fab0c05732b1ad37d0/element - {"using":"xpath","value":"//*[@id=\"application-managehandovers-display-component---AddNewHO--popup-sa\"]"}
RESULT: {"using":"xpath","value":"//*[@id=\"application-managehandovers-display-component---AddNewHO--popup-sa\"]"}
COMMAND: POST /session/4ca0da1f05d229fab0c05732b1ad37d0/element/f.D01EC4AF0A1BFC1E8396569751E97BC9.d.CBE1541FF67B246439F1D5CB931A8095.e.21128/click - {}
RESULT: {}
COMMAND: GET /session/4ca0da1f05d229fab0c05732b1ad37d0/screenshot - {}
RESULT: {}
COMMAND: POST /session/4ca0da1f05d229fab0c05732b1ad37d0/element - {"using":"xpath","value":"//*[contains(@id ,\"BDI-content\")][contains(text(), \"Select\")]"}
RESULT: {"using":"xpath","value":"//*[contains(@id ,\"BDI-content\")][contains(text(), \"Select\")]"}
COMMAND: POST /session/4ca0da1f05d229fab0c05732b1ad37d0/element/f.D01EC4AF0A1BFC1E8396569751E97BC9.d.CBE1541FF67B246439F1D5CB931A8095.e.21130/click - {}
RESULT: {}
COMMAND: GET /session/4ca0da1f05d229fab0c05732b1ad37d0/screenshot - {}
RESULT: {}
COMMAND: POST /session/4ca0da1f05d229fab0c05732b1ad37d0/element - {"using":"xpath","value":"(//div[contains(@id, \"application-managehandovers-display-component---AddNewHO--oneStep-CbBg\")])"}
RESULT: {"using":"xpath","value":"(//div[contains(@id, \"application-managehandovers-display-component---AddNewHO--oneStep-CbBg\")])"}
COMMAND: POST /session/4ca0da1f05d229fab0c05732b1ad37d0/element/f.D01EC4AF0A1BFC1E8396569751E97BC9.d.CBE1541FF67B246439F1D5CB931A8095.e.21138/click - {}
RESULT: {}
RESULT: undefined
COMMAND: POST /session/4ca0da1f05d229fab0c05732b1ad37d0/element - {"using":"xpath","value":"//*[@id=\"application-managehandovers-display-component---AddNewHO--confirmCreationButton\"]"}
COMMAND: GET /session/4ca0da1f05d229fab0c05732b1ad37d0/screenshot - {}
RESULT: {"using":"xpath","value":"//*[@id=\"application-managehandovers-display-component---AddNewHO--confirmCreationButton\"]"}
COMMAND: POST /session/4ca0da1f05d229fab0c05732b1ad37d0/element/f.D01EC4AF0A1BFC1E8396569751E97BC9.d.CBE1541FF67B246439F1D5CB931A8095.e.20940/click - {}
RESULT: {}
RESULT: {}
COMMAND: GET /session/4ca0da1f05d229fab0c05732b1ad37d0/screenshot - {}
RESULT: {}
COMMAND: POST /session/4ca0da1f05d229fab0c05732b1ad37d0/element - {"using":"xpath","value":"//button[@data-kt=\"PickingTableConfirmAllButton\"]"}
RESULT: {"using":"xpath","value":"//button[@data-kt=\"PickingTableConfirmAllButton\"]"}
COMMAND: POST /session/4ca0da1f05d229fab0c05732b1ad37d0/element/f.D01EC4AF0A1BFC1E8396569751E97BC9.d.CBE1541FF67B246439F1D5CB931A8095.e.21166/click - {}
COMMAND: POST /session/4ca0da1f05d229fab0c05732b1ad37d0/element - {"using":"xpath","value":"//button[@data-kt=\"PickingTableConfirmAllButton\"]"}
RESULT: {"using":"xpath","value":"//button[@data-kt=\"PickingTableConfirmAllButton\"]"}
COMMAND: POST /session/4ca0da1f05d229fab0c05732b1ad37d0/element/f.D01EC4AF0A1BFC1E8396569751E97BC9.d.CBE1541FF67B246439F1D5CB931A8095.e.21166/click - {}
COMMAND: POST /session/4ca0da1f05d229fab0c05732b1ad37d0/element - {"using":"xpath","value":"//button[@data-kt=\"PickingTableConfirmAllButton\"]"}
RESULT: {"using":"xpath","value":"//button[@data-kt=\"PickingTableConfirmAllButton\"]"}
COMMAND: POST /session/4ca0da1f05d229fab0c05732b1ad37d0/element/f.D01EC4AF0A1BFC1E8396569751E97BC9.d.CBE1541FF67B246439F1D5CB931A8095.e.21191/click - {}
RESULT: {}
COMMAND: GET /session/4ca0da1f05d229fab0c05732b1ad37d0/screenshot - {}
RESULT: {}
COMMAND: POST /session/4ca0da1f05d229fab0c05732b1ad37d0/element - {"using":"xpath","value":"//bdi[contains(text(), \"OK\")]"}
RESULT: {"using":"xpath","value":"//bdi[contains(text(), \"OK\")]"}
COMMAND: POST /session/4ca0da1f05d229fab0c05732b1ad37d0/element/f.D01EC4AF0A1BFC1E8396569751E97BC9.d.CBE1541FF67B246439F1D5CB931A8095.e.21194/click - {}
RESULT: {}
COMMAND: GET /session/4ca0da1f05d229fab0c05732b1ad37d0/screenshot - {}
RESULT: {}
COMMAND: POST /session/4ca0da1f05d229fab0c05732b1ad37d0/element - {"using":"xpath","value":"//button[@data-kt=\"execHoPickButton\"]"}
RESULT: {"using":"xpath","value":"//button[@data-kt=\"execHoPickButton\"]"}
COMMAND: POST /session/4ca0da1f05d229fab0c05732b1ad37d0/element/f.D01EC4AF0A1BFC1E8396569751E97BC9.d.CBE1541FF67B246439F1D5CB931A8095.e.21196/click - {}
RESULT: {}
COMMAND: GET /session/4ca0da1f05d229fab0c05732b1ad37d0/screenshot - {}
RESULT: {}
COMMAND: POST /session/4ca0da1f05d229fab0c05732b1ad37d0/element - {"using":"xpath","value":"//span[contains(@id ,\"filterItemControl_BASIC-SEND_CONTRACT-vhi\")]"}
RESULT: {"using":"xpath","value":"//span[contains(@id ,\"filterItemControl_BASIC-SEND_CONTRACT-vhi\")]"}
COMMAND: POST /session/4ca0da1f05d229fab0c05732b1ad37d0/element/f.D01EC4AF0A1BFC1E8396569751E97BC9.d.CBE1541FF67B246439F1D5CB931A8095.e.21371/click - {}
RESULT: {}
COMMAND: GET /session/4ca0da1f05d229fab0c05732b1ad37d0/screenshot - {}
RESULT: {}
RESULT: undefined
COMMAND: POST /session/4ca0da1f05d229fab0c05732b1ad37d0/execute/async - {"script":"<script> [776 bytes]","args":[{"enterText":"10351","selector":{"controlType":"sap.m.SearchField","viewName":"etm.portal.ui.managehandovers.view.MasterHO","bindingPath":{"path":"","propertyPath":"/_BASIC_SEARCH_FIELD","modelName":"fi1t3rM0d31"},"searchOpenDialogs":true,"interaction":{"idSuffix":"I"}},"clearTextFirst":true,"interactionType":"ENTER_TEXT"}]}
RESULT: {"script":"<script> [776 bytes]","args":[{"enterText":"10351","selector":{"controlType":"sap.m.SearchField","viewName":"etm.portal.ui.managehandovers.view.MasterHO","bindingPath":{"path":"","propertyPath":"/_BASIC_SEARCH_FIELD","modelName":"fi1t3rM0d31"},"searchOpenDialogs":true,"interaction":{"idSuffix":"I"}},"clearTextFirst":true,"interactionType":"ENTER_TEXT"}]}
COMMAND: POST /session/4ca0da1f05d229fab0c05732b1ad37d0/actions - {"actions":[{"id":"action77","type":"key","parameters":{},"actions":[{"type":"keyDown","value":"î€‡"},{"type":"pause","duration":10},{"type":"keyUp","value":"î€‡"}]}]}
RESULT: {"actions":[{"id":"action77","type":"key","parameters":{},"actions":[{"type":"keyDown","value":"î€‡"},{"type":"pause","duration":10},{"type":"keyUp","value":"î€‡"}]}]}
COMMAND: GET /session/4ca0da1f05d229fab0c05732b1ad37d0/screenshot - {}
RESULT: {}
COMMAND: POST /session/4ca0da1f05d229fab0c05732b1ad37d0/element - {"using":"xpath","value":"//div[contains(@id, 'filterItemControl_BASIC-SEND_CONTRACT-valueHelpDialog-table-rowsel0')]"}
RESULT: {"using":"xpath","value":"//div[contains(@id, 'filterItemControl_BASIC-SEND_CONTRACT-valueHelpDialog-table-rowsel0')]"}
COMMAND: POST /session/4ca0da1f05d229fab0c05732b1ad37d0/element/f.D01EC4AF0A1BFC1E8396569751E97BC9.d.CBE1541FF67B246439F1D5CB931A8095.e.21380/click - {}
RESULT: {}
COMMAND: GET /session/4ca0da1f05d229fab0c05732b1ad37d0/screenshot - {}
RESULT: {}
COMMAND: POST /session/4ca0da1f05d229fab0c05732b1ad37d0/element - {"using":"xpath","value":"//bdi[contains(text(), \"OK\")]"}
RESULT: {"using":"xpath","value":"//bdi[contains(text(), \"OK\")]"}
COMMAND: POST /session/4ca0da1f05d229fab0c05732b1ad37d0/element/f.D01EC4AF0A1BFC1E8396569751E97BC9.d.CBE1541FF67B246439F1D5CB931A8095.e.21382/click - {}
RESULT: {}
COMMAND: GET /session/4ca0da1f05d229fab0c05732b1ad37d0/screenshot - {}
RESULT: {}
COMMAND: POST /session/4ca0da1f05d229fab0c05732b1ad37d0/element - {"using":"xpath","value":"//span[contains(@id, \"smartTable-header-inner\")]"}
RESULT: {"using":"xpath","value":"//span[contains(@id, \"smartTable-header-inner\")]"}
COMMAND: POST /session/4ca0da1f05d229fab0c05732b1ad37d0/elements - {"using":"xpath","value":"//span[contains(@id, \"smartTable-header-inner\")]"}
RESULT: {"using":"xpath","value":"//span[contains(@id, \"smartTable-header-inner\")]"}
COMMAND: POST /session/4ca0da1f05d229fab0c05732b1ad37d0/execute/sync - {"script":"<script> [56 bytes]","args":[{"element-6066-11e4-a52e-4f735466cecf":"f.D01EC4AF0A1BFC1E8396569751E97BC9.d.CBE1541FF67B246439F1D5CB931A8095.e.21411","ELEMENT":"f.D01EC4AF0A1BFC1E8396569751E97BC9.d.CBE1541FF67B246439F1D5CB931A8095.e.21411"}]}
RESULT: {"script":"<script> [56 bytes]","args":[{"element-6066-11e4-a52e-4f735466cecf":"f.D01EC4AF0A1BFC1E8396569751E97BC9.d.CBE1541FF67B246439F1D5CB931A8095.e.21411","ELEMENT":"f.D01EC4AF0A1BFC1E8396569751E97BC9.d.CBE1541FF67B246439F1D5CB931A8095.e.21411"}]}
COMMAND: POST /session/4ca0da1f05d229fab0c05732b1ad37d0/element - {"using":"xpath","value":"//table[contains(@id, \"customHandovers\")]//tbody/tr[1]/td[2]/span"}
COMMAND: GET /session/4ca0da1f05d229fab0c05732b1ad37d0/screenshot - {}
RESULT: {"using":"xpath","value":"//table[contains(@id, \"customHandovers\")]//tbody/tr[1]/td[2]/span"}
COMMAND: POST /session/4ca0da1f05d229fab0c05732b1ad37d0/execute/sync - {"script":"<script> [56 bytes]","args":[{"element-6066-11e4-a52e-4f735466cecf":"f.D01EC4AF0A1BFC1E8396569751E97BC9.d.CBE1541FF67B246439F1D5CB931A8095.e.21412","ELEMENT":"f.D01EC4AF0A1BFC1E8396569751E97BC9.d.CBE1541FF67B246439F1D5CB931A8095.e.21412"}]}
RESULT: {}
RESULT: {"script":"<script> [56 bytes]","args":[{"element-6066-11e4-a52e-4f735466cecf":"f.D01EC4AF0A1BFC1E8396569751E97BC9.d.CBE1541FF67B246439F1D5CB931A8095.e.21412","ELEMENT":"f.D01EC4AF0A1BFC1E8396569751E97BC9.d.CBE1541FF67B246439F1D5CB931A8095.e.21412"}]}
COMMAND: POST /session/4ca0da1f05d229fab0c05732b1ad37d0/element - {"using":"xpath","value":"(//span[contains(@id, \"imgNav\")])[1]"}
COMMAND: GET /session/4ca0da1f05d229fab0c05732b1ad37d0/screenshot - {}
RESULT: {"using":"xpath","value":"(//span[contains(@id, \"imgNav\")])[1]"}
COMMAND: POST /session/4ca0da1f05d229fab0c05732b1ad37d0/element/f.D01EC4AF0A1BFC1E8396569751E97BC9.d.CBE1541FF67B246439F1D5CB931A8095.e.21409/click - {}
RESULT: {}
RESULT: {}
COMMAND: GET /session/4ca0da1f05d229fab0c05732b1ad37d0/screenshot - {}
RESULT: {}
COMMAND: POST /session/4ca0da1f05d229fab0c05732b1ad37d0/element - {"using":"xpath","value":"//button[@data-kt=\"PickingTableConfirmAllButton\"]"}
RESULT: {"using":"xpath","value":"//button[@data-kt=\"PickingTableConfirmAllButton\"]"}
COMMAND: POST /session/4ca0da1f05d229fab0c05732b1ad37d0/element/f.D01EC4AF0A1BFC1E8396569751E97BC9.d.CBE1541FF67B246439F1D5CB931A8095.e.21455/click - {}
RESULT: {}
COMMAND: GET /session/4ca0da1f05d229fab0c05732b1ad37d0/screenshot - {}
RESULT: {}
COMMAND: POST /session/4ca0da1f05d229fab0c05732b1ad37d0/element - {"using":"xpath","value":"//bdi[contains(text(), \"OK\")]"}
RESULT: {"using":"xpath","value":"//bdi[contains(text(), \"OK\")]"}
COMMAND: POST /session/4ca0da1f05d229fab0c05732b1ad37d0/element/f.D01EC4AF0A1BFC1E8396569751E97BC9.d.CBE1541FF67B246439F1D5CB931A8095.e.21458/click - {}
RESULT: {}
COMMAND: GET /session/4ca0da1f05d229fab0c05732b1ad37d0/screenshot - {}
RESULT: {}
COMMAND: POST /session/4ca0da1f05d229fab0c05732b1ad37d0/element - {"using":"xpath","value":"//button[@data-kt=\"execHoIssueButton\"]"}
RESULT: {"using":"xpath","value":"//button[@data-kt=\"execHoIssueButton\"]"}
COMMAND: POST /session/4ca0da1f05d229fab0c05732b1ad37d0/element/f.D01EC4AF0A1BFC1E8396569751E97BC9.d.CBE1541FF67B246439F1D5CB931A8095.e.21460/click - {}
RESULT: {}
COMMAND: GET /session/4ca0da1f05d229fab0c05732b1ad37d0/screenshot - {}
RESULT: {}
COMMAND: POST /session/4ca0da1f05d229fab0c05732b1ad37d0/element - {"using":"xpath","value":"//input[contains(@id ,\"smartFilterBar-btnBasicSearch-I\")]"}
RESULT: {"using":"xpath","value":"//input[contains(@id ,\"smartFilterBar-btnBasicSearch-I\")]"}
COMMAND: POST /session/4ca0da1f05d229fab0c05732b1ad37d0/elements - {"using":"xpath","value":"//input[contains(@id ,\"smartFilterBar-btnBasicSearch-I\")]"}
RESULT: {"using":"xpath","value":"//input[contains(@id ,\"smartFilterBar-btnBasicSearch-I\")]"}
COMMAND: POST /session/4ca0da1f05d229fab0c05732b1ad37d0/execute/sync - {"script":"<script> [8489 bytes]","args":[{"element-6066-11e4-a52e-4f735466cecf":"f.D01EC4AF0A1BFC1E8396569751E97BC9.d.CBE1541FF67B246439F1D5CB931A8095.e.20894","ELEMENT":"f.D01EC4AF0A1BFC1E8396569751E97BC9.d.CBE1541FF67B246439F1D5CB931A8095.e.20894"}]}
RESULT: {"script":"<script> [8489 bytes]","args":[{"element-6066-11e4-a52e-4f735466cecf":"f.D01EC4AF0A1BFC1E8396569751E97BC9.d.CBE1541FF67B246439F1D5CB931A8095.e.20894","ELEMENT":"f.D01EC4AF0A1BFC1E8396569751E97BC9.d.CBE1541FF67B246439F1D5CB931A8095.e.20894"}]}
COMMAND: GET /session/4ca0da1f05d229fab0c05732b1ad37d0/element/f.D01EC4AF0A1BFC1E8396569751E97BC9.d.CBE1541FF67B246439F1D5CB931A8095.e.20894/enabled - {}
COMMAND: GET /session/4ca0da1f05d229fab0c05732b1ad37d0/screenshot - {}
RESULT: {}
COMMAND: POST /session/4ca0da1f05d229fab0c05732b1ad37d0/element/f.D01EC4AF0A1BFC1E8396569751E97BC9.d.CBE1541FF67B246439F1D5CB931A8095.e.20894/clear - {}
COMMAND: GET /session/4ca0da1f05d229fab0c05732b1ad37d0/screenshot - {}
RESULT: {}
RESULT: {}
COMMAND: POST /session/4ca0da1f05d229fab0c05732b1ad37d0/element/f.D01EC4AF0A1BFC1E8396569751E97BC9.d.CBE1541FF67B246439F1D5CB931A8095.e.20894/value - {"text":"30510"}
COMMAND: GET /session/4ca0da1f05d229fab0c05732b1ad37d0/screenshot - {}
RESULT: {}
RESULT: {"text":"30510"}
COMMAND: GET /session/4ca0da1f05d229fab0c05732b1ad37d0/screenshot - {}
RESULT: {}
RESULT: {}
COMMAND: POST /session/4ca0da1f05d229fab0c05732b1ad37d0/actions - {"actions":[{"id":"action78","type":"key","parameters":{},"actions":[{"type":"keyDown","value":"î€‡"},{"type":"pause","duration":10},{"type":"keyUp","value":"î€‡"}]}]}
RESULT: {"actions":[{"id":"action78","type":"key","parameters":{},"actions":[{"type":"keyDown","value":"î€‡"},{"type":"pause","duration":10},{"type":"keyUp","value":"î€‡"}]}]}
COMMAND: GET /session/4ca0da1f05d229fab0c05732b1ad37d0/screenshot - {}
RESULT: {}
COMMAND: POST /session/4ca0da1f05d229fab0c05732b1ad37d0/element - {"using":"xpath","value":"//span[contains(@id, \"smartTable-header-inner\")]"}
RESULT: {"using":"xpath","value":"//span[contains(@id, \"smartTable-header-inner\")]"}
COMMAND: POST /session/4ca0da1f05d229fab0c05732b1ad37d0/elements - {"using":"xpath","value":"//span[contains(@id, \"smartTable-header-inner\")]"}
RESULT: {"using":"xpath","value":"//span[contains(@id, \"smartTable-header-inner\")]"}
COMMAND: POST /session/4ca0da1f05d229fab0c05732b1ad37d0/execute/sync - {"script":"<script> [56 bytes]","args":[{"element-6066-11e4-a52e-4f735466cecf":"f.D01EC4AF0A1BFC1E8396569751E97BC9.d.CBE1541FF67B246439F1D5CB931A8095.e.21411","ELEMENT":"f.D01EC4AF0A1BFC1E8396569751E97BC9.d.CBE1541FF67B246439F1D5CB931A8095.e.21411"}]}
RESULT: {"script":"<script> [56 bytes]","args":[{"element-6066-11e4-a52e-4f735466cecf":"f.D01EC4AF0A1BFC1E8396569751E97BC9.d.CBE1541FF67B246439F1D5CB931A8095.e.21411","ELEMENT":"f.D01EC4AF0A1BFC1E8396569751E97BC9.d.CBE1541FF67B246439F1D5CB931A8095.e.21411"}]}
COMMAND: POST /session/4ca0da1f05d229fab0c05732b1ad37d0/elements - {"using":"xpath","value":"//thead[contains(@class, \"sapMTableTH\")]/tr/th"}
COMMAND: GET /session/4ca0da1f05d229fab0c05732b1ad37d0/screenshot - {}
RESULT: {"using":"xpath","value":"//thead[contains(@class, \"sapMTableTH\")]/tr/th"}
COMMAND: GET /session/4ca0da1f05d229fab0c05732b1ad37d0/element/f.D01EC4AF0A1BFC1E8396569751E97BC9.d.CBE1541FF67B246439F1D5CB931A8095.e.21496/text - {}
RESULT: {}
RESULT: {}
COMMAND: GET /session/4ca0da1f05d229fab0c05732b1ad37d0/element/f.D01EC4AF0A1BFC1E8396569751E97BC9.d.CBE1541FF67B246439F1D5CB931A8095.e.21497/text - {}
RESULT: {}
COMMAND: GET /session/4ca0da1f05d229fab0c05732b1ad37d0/element/f.D01EC4AF0A1BFC1E8396569751E97BC9.d.CBE1541FF67B246439F1D5CB931A8095.e.20888/text - {}
RESULT: {}
COMMAND: GET /session/4ca0da1f05d229fab0c05732b1ad37d0/element/f.D01EC4AF0A1BFC1E8396569751E97BC9.d.CBE1541FF67B246439F1D5CB931A8095.e.20890/text - {}
RESULT: {}
COMMAND: GET /session/4ca0da1f05d229fab0c05732b1ad37d0/element/f.D01EC4AF0A1BFC1E8396569751E97BC9.d.CBE1541FF67B246439F1D5CB931A8095.e.21463/text - {}
RESULT: {}
COMMAND: GET /session/4ca0da1f05d229fab0c05732b1ad37d0/element/f.D01EC4AF0A1BFC1E8396569751E97BC9.d.CBE1541FF67B246439F1D5CB931A8095.e.21464/text - {}
RESULT: {}
COMMAND: GET /session/4ca0da1f05d229fab0c05732b1ad37d0/element/f.D01EC4AF0A1BFC1E8396569751E97BC9.d.CBE1541FF67B246439F1D5CB931A8095.e.21465/text - {}
RESULT: {}
COMMAND: GET /session/4ca0da1f05d229fab0c05732b1ad37d0/element/f.D01EC4AF0A1BFC1E8396569751E97BC9.d.CBE1541FF67B246439F1D5CB931A8095.e.21466/text - {}
RESULT: {}
COMMAND: GET /session/4ca0da1f05d229fab0c05732b1ad37d0/element/f.D01EC4AF0A1BFC1E8396569751E97BC9.d.CBE1541FF67B246439F1D5CB931A8095.e.21467/text - {}
RESULT: {}
COMMAND: GET /session/4ca0da1f05d229fab0c05732b1ad37d0/element/f.D01EC4AF0A1BFC1E8396569751E97BC9.d.CBE1541FF67B246439F1D5CB931A8095.e.21468/text - {}
RESULT: {}
COMMAND: GET /session/4ca0da1f05d229fab0c05732b1ad37d0/element/f.D01EC4AF0A1BFC1E8396569751E97BC9.d.CBE1541FF67B246439F1D5CB931A8095.e.21469/text - {}
RESULT: {}
COMMAND: GET /session/4ca0da1f05d229fab0c05732b1ad37d0/element/f.D01EC4AF0A1BFC1E8396569751E97BC9.d.CBE1541FF67B246439F1D5CB931A8095.e.21470/text - {}
RESULT: {}
COMMAND: GET /session/4ca0da1f05d229fab0c05732b1ad37d0/element/f.D01EC4AF0A1BFC1E8396569751E97BC9.d.CBE1541FF67B246439F1D5CB931A8095.e.21471/text - {}
RESULT: {}
COMMAND: GET /session/4ca0da1f05d229fab0c05732b1ad37d0/element/f.D01EC4AF0A1BFC1E8396569751E97BC9.d.CBE1541FF67B246439F1D5CB931A8095.e.20891/text - {}
RESULT: {}
COMMAND: POST /session/4ca0da1f05d229fab0c05732b1ad37d0/element - {"using":"xpath","value":"//tbody[contains(@id, \"customHandoversTable-tblBody\")]/tr[1]/td[14]/div/span"}
RESULT: {"using":"xpath","value":"//tbody[contains(@id, \"customHandoversTable-tblBody\")]/tr[1]/td[14]/div/span"}
COMMAND: POST /session/4ca0da1f05d229fab0c05732b1ad37d0/execute/sync - {"script":"<script> [56 bytes]","args":[{"element-6066-11e4-a52e-4f735466cecf":"f.D01EC4AF0A1BFC1E8396569751E97BC9.d.CBE1541FF67B246439F1D5CB931A8095.e.21550","ELEMENT":"f.D01EC4AF0A1BFC1E8396569751E97BC9.d.CBE1541FF67B246439F1D5CB931A8095.e.21550"}]}
RESULT: {"script":"<script> [56 bytes]","args":[{"element-6066-11e4-a52e-4f735466cecf":"f.D01EC4AF0A1BFC1E8396569751E97BC9.d.CBE1541FF67B246439F1D5CB931A8095.e.21550","ELEMENT":"f.D01EC4AF0A1BFC1E8396569751E97BC9.d.CBE1541FF67B246439F1D5CB931A8095.e.21550"}]}
COMMAND: POST /session/4ca0da1f05d229fab0c05732b1ad37d0/element - {"using":"xpath","value":"(//span[contains(@id, \"imgNav\")])[1]"}
COMMAND: GET /session/4ca0da1f05d229fab0c05732b1ad37d0/screenshot - {}
RESULT: {"using":"xpath","value":"(//span[contains(@id, \"imgNav\")])[1]"}
COMMAND: POST /session/4ca0da1f05d229fab0c05732b1ad37d0/element/f.D01EC4AF0A1BFC1E8396569751E97BC9.d.CBE1541FF67B246439F1D5CB931A8095.e.21551/click - {}
RESULT: {}
RESULT: {}
COMMAND: GET /session/4ca0da1f05d229fab0c05732b1ad37d0/screenshot - {}
RESULT: {}
RESULT: undefined
COMMAND: POST /session/4ca0da1f05d229fab0c05732b1ad37d0/execute/async - {"script":"<script> [776 bytes]","args":[{"enterText":"05/20/25","selector":{"id":"receiptDatePicker","viewName":"etm.portal.ui.managehandovers.view.DetailExecuteHO","interaction":{"idSuffix":"inner"}},"clearTextFirst":true,"interactionType":"ENTER_TEXT"}]}
RESULT: {"script":"<script> [776 bytes]","args":[{"enterText":"05/20/25","selector":{"id":"receiptDatePicker","viewName":"etm.portal.ui.managehandovers.view.DetailExecuteHO","interaction":{"idSuffix":"inner"}},"clearTextFirst":true,"interactionType":"ENTER_TEXT"}]}
COMMAND: POST /session/4ca0da1f05d229fab0c05732b1ad37d0/element - {"using":"xpath","value":"//bdi[contains(text(), \"OK\")]"}
RESULT: {"using":"xpath","value":"//bdi[contains(text(), \"OK\")]"}
COMMAND: POST /session/4ca0da1f05d229fab0c05732b1ad37d0/element/f.D01EC4AF0A1BFC1E8396569751E97BC9.d.CBE1541FF67B246439F1D5CB931A8095.e.21594/click - {}
RESULT: {}
COMMAND: GET /session/4ca0da1f05d229fab0c05732b1ad37d0/screenshot - {}
RESULT: {}
COMMAND: POST /session/4ca0da1f05d229fab0c05732b1ad37d0/element - {"using":"xpath","value":"//button[@data-kt=\"PickingTableConfirmAllButton\"]"}
RESULT: {"using":"xpath","value":"//button[@data-kt=\"PickingTableConfirmAllButton\"]"}
COMMAND: POST /session/4ca0da1f05d229fab0c05732b1ad37d0/element/f.D01EC4AF0A1BFC1E8396569751E97BC9.d.CBE1541FF67B246439F1D5CB931A8095.e.21580/click - {}
RESULT: {}
COMMAND: GET /session/4ca0da1f05d229fab0c05732b1ad37d0/screenshot - {}
RESULT: {}
COMMAND: POST /session/4ca0da1f05d229fab0c05732b1ad37d0/element - {"using":"xpath","value":"//bdi[contains(text(), \"OK\")]"}
RESULT: {"using":"xpath","value":"//bdi[contains(text(), \"OK\")]"}
COMMAND: POST /session/4ca0da1f05d229fab0c05732b1ad37d0/element/f.D01EC4AF0A1BFC1E8396569751E97BC9.d.CBE1541FF67B246439F1D5CB931A8095.e.21608/click - {}
RESULT: {}
COMMAND: GET /session/4ca0da1f05d229fab0c05732b1ad37d0/screenshot - {}
RESULT: {}
COMMAND: POST /session/4ca0da1f05d229fab0c05732b1ad37d0/element - {"using":"xpath","value":"//button[@data-kt= \"execHoReceiveButton\"]"}
RESULT: {"using":"xpath","value":"//button[@data-kt= \"execHoReceiveButton\"]"}
COMMAND: POST /session/4ca0da1f05d229fab0c05732b1ad37d0/element/f.D01EC4AF0A1BFC1E8396569751E97BC9.d.CBE1541FF67B246439F1D5CB931A8095.e.21609/click - {}
RESULT: {}
COMMAND: GET /session/4ca0da1f05d229fab0c05732b1ad37d0/screenshot - {}
RESULT: {}
COMMAND: POST /session/4ca0da1f05d229fab0c05732b1ad37d0/element - {"using":"xpath","value":"//input[contains(@id ,\"smartFilterBar-btnBasicSearch-I\")]"}
RESULT: {"using":"xpath","value":"//input[contains(@id ,\"smartFilterBar-btnBasicSearch-I\")]"}
COMMAND: POST /session/4ca0da1f05d229fab0c05732b1ad37d0/elements - {"using":"xpath","value":"//input[contains(@id ,\"smartFilterBar-btnBasicSearch-I\")]"}
RESULT: {"using":"xpath","value":"//input[contains(@id ,\"smartFilterBar-btnBasicSearch-I\")]"}
COMMAND: POST /session/4ca0da1f05d229fab0c05732b1ad37d0/execute/sync - {"script":"<script> [8489 bytes]","args":[{"element-6066-11e4-a52e-4f735466cecf":"f.D01EC4AF0A1BFC1E8396569751E97BC9.d.CBE1541FF67B246439F1D5CB931A8095.e.20894","ELEMENT":"f.D01EC4AF0A1BFC1E8396569751E97BC9.d.CBE1541FF67B246439F1D5CB931A8095.e.20894"}]}
RESULT: {"script":"<script> [8489 bytes]","args":[{"element-6066-11e4-a52e-4f735466cecf":"f.D01EC4AF0A1BFC1E8396569751E97BC9.d.CBE1541FF67B246439F1D5CB931A8095.e.20894","ELEMENT":"f.D01EC4AF0A1BFC1E8396569751E97BC9.d.CBE1541FF67B246439F1D5CB931A8095.e.20894"}]}
COMMAND: GET /session/4ca0da1f05d229fab0c05732b1ad37d0/element/f.D01EC4AF0A1BFC1E8396569751E97BC9.d.CBE1541FF67B246439F1D5CB931A8095.e.20894/enabled - {}
COMMAND: GET /session/4ca0da1f05d229fab0c05732b1ad37d0/screenshot - {}
RESULT: {}
COMMAND: POST /session/4ca0da1f05d229fab0c05732b1ad37d0/element/f.D01EC4AF0A1BFC1E8396569751E97BC9.d.CBE1541FF67B246439F1D5CB931A8095.e.20894/clear - {}
COMMAND: GET /session/4ca0da1f05d229fab0c05732b1ad37d0/screenshot - {}
RESULT: {}
RESULT: {}
COMMAND: POST /session/4ca0da1f05d229fab0c05732b1ad37d0/element/f.D01EC4AF0A1BFC1E8396569751E97BC9.d.CBE1541FF67B246439F1D5CB931A8095.e.20894/value - {"text":"30510"}
COMMAND: GET /session/4ca0da1f05d229fab0c05732b1ad37d0/screenshot - {}
RESULT: {}
RESULT: {"text":"30510"}
COMMAND: GET /session/4ca0da1f05d229fab0c05732b1ad37d0/screenshot - {}
RESULT: {}
RESULT: {}
COMMAND: POST /session/4ca0da1f05d229fab0c05732b1ad37d0/actions - {"actions":[{"id":"action79","type":"key","parameters":{},"actions":[{"type":"keyDown","value":"î€‡"},{"type":"pause","duration":10},{"type":"keyUp","value":"î€‡"}]}]}
RESULT: {"actions":[{"id":"action79","type":"key","parameters":{},"actions":[{"type":"keyDown","value":"î€‡"},{"type":"pause","duration":10},{"type":"keyUp","value":"î€‡"}]}]}
COMMAND: GET /session/4ca0da1f05d229fab0c05732b1ad37d0/screenshot - {}
RESULT: {}
COMMAND: POST /session/4ca0da1f05d229fab0c05732b1ad37d0/element - {"using":"xpath","value":"//span[contains(@id, \"smartTable-header-inner\")]"}
RESULT: {"using":"xpath","value":"//span[contains(@id, \"smartTable-header-inner\")]"}
COMMAND: POST /session/4ca0da1f05d229fab0c05732b1ad37d0/elements - {"using":"xpath","value":"//span[contains(@id, \"smartTable-header-inner\")]"}
RESULT: {"using":"xpath","value":"//span[contains(@id, \"smartTable-header-inner\")]"}
COMMAND: POST /session/4ca0da1f05d229fab0c05732b1ad37d0/execute/sync - {"script":"<script> [56 bytes]","args":[{"element-6066-11e4-a52e-4f735466cecf":"f.D01EC4AF0A1BFC1E8396569751E97BC9.d.CBE1541FF67B246439F1D5CB931A8095.e.21411","ELEMENT":"f.D01EC4AF0A1BFC1E8396569751E97BC9.d.CBE1541FF67B246439F1D5CB931A8095.e.21411"}]}
RESULT: {"script":"<script> [56 bytes]","args":[{"element-6066-11e4-a52e-4f735466cecf":"f.D01EC4AF0A1BFC1E8396569751E97BC9.d.CBE1541FF67B246439F1D5CB931A8095.e.21411","ELEMENT":"f.D01EC4AF0A1BFC1E8396569751E97BC9.d.CBE1541FF67B246439F1D5CB931A8095.e.21411"}]}
COMMAND: POST /session/4ca0da1f05d229fab0c05732b1ad37d0/elements - {"using":"xpath","value":"//thead[contains(@class, \"sapMTableTH\")]/tr/th"}
COMMAND: GET /session/4ca0da1f05d229fab0c05732b1ad37d0/screenshot - {}
RESULT: {"using":"xpath","value":"//thead[contains(@class, \"sapMTableTH\")]/tr/th"}
COMMAND: GET /session/4ca0da1f05d229fab0c05732b1ad37d0/element/f.D01EC4AF0A1BFC1E8396569751E97BC9.d.CBE1541FF67B246439F1D5CB931A8095.e.21496/text - {}
RESULT: {}
RESULT: {}
COMMAND: GET /session/4ca0da1f05d229fab0c05732b1ad37d0/element/f.D01EC4AF0A1BFC1E8396569751E97BC9.d.CBE1541FF67B246439F1D5CB931A8095.e.21497/text - {}
RESULT: {}
COMMAND: GET /session/4ca0da1f05d229fab0c05732b1ad37d0/element/f.D01EC4AF0A1BFC1E8396569751E97BC9.d.CBE1541FF67B246439F1D5CB931A8095.e.20888/text - {}
RESULT: {}
COMMAND: GET /session/4ca0da1f05d229fab0c05732b1ad37d0/element/f.D01EC4AF0A1BFC1E8396569751E97BC9.d.CBE1541FF67B246439F1D5CB931A8095.e.20890/text - {}
RESULT: {}
COMMAND: GET /session/4ca0da1f05d229fab0c05732b1ad37d0/element/f.D01EC4AF0A1BFC1E8396569751E97BC9.d.CBE1541FF67B246439F1D5CB931A8095.e.21625/text - {}
RESULT: {}
COMMAND: GET /session/4ca0da1f05d229fab0c05732b1ad37d0/element/f.D01EC4AF0A1BFC1E8396569751E97BC9.d.CBE1541FF67B246439F1D5CB931A8095.e.21626/text - {}
RESULT: {}
COMMAND: GET /session/4ca0da1f05d229fab0c05732b1ad37d0/element/f.D01EC4AF0A1BFC1E8396569751E97BC9.d.CBE1541FF67B246439F1D5CB931A8095.e.21627/text - {}
RESULT: {}
COMMAND: GET /session/4ca0da1f05d229fab0c05732b1ad37d0/element/f.D01EC4AF0A1BFC1E8396569751E97BC9.d.CBE1541FF67B246439F1D5CB931A8095.e.21628/text - {}
RESULT: {}
COMMAND: GET /session/4ca0da1f05d229fab0c05732b1ad37d0/element/f.D01EC4AF0A1BFC1E8396569751E97BC9.d.CBE1541FF67B246439F1D5CB931A8095.e.21629/text - {}
RESULT: {}
COMMAND: GET /session/4ca0da1f05d229fab0c05732b1ad37d0/element/f.D01EC4AF0A1BFC1E8396569751E97BC9.d.CBE1541FF67B246439F1D5CB931A8095.e.21630/text - {}
RESULT: {}
COMMAND: GET /session/4ca0da1f05d229fab0c05732b1ad37d0/element/f.D01EC4AF0A1BFC1E8396569751E97BC9.d.CBE1541FF67B246439F1D5CB931A8095.e.21631/text - {}
RESULT: {}
COMMAND: GET /session/4ca0da1f05d229fab0c05732b1ad37d0/element/f.D01EC4AF0A1BFC1E8396569751E97BC9.d.CBE1541FF67B246439F1D5CB931A8095.e.21632/text - {}
RESULT: {}
COMMAND: GET /session/4ca0da1f05d229fab0c05732b1ad37d0/element/f.D01EC4AF0A1BFC1E8396569751E97BC9.d.CBE1541FF67B246439F1D5CB931A8095.e.21633/text - {}
RESULT: {}
COMMAND: GET /session/4ca0da1f05d229fab0c05732b1ad37d0/element/f.D01EC4AF0A1BFC1E8396569751E97BC9.d.CBE1541FF67B246439F1D5CB931A8095.e.20891/text - {}
RESULT: {}
COMMAND: POST /session/4ca0da1f05d229fab0c05732b1ad37d0/element - {"using":"xpath","value":"//tbody[contains(@id, \"customHandoversTable-tblBody\")]/tr[1]/td[14]/div/span"}
RESULT: {"using":"xpath","value":"//tbody[contains(@id, \"customHandoversTable-tblBody\")]/tr[1]/td[14]/div/span"}
COMMAND: POST /session/4ca0da1f05d229fab0c05732b1ad37d0/execute/sync - {"script":"<script> [56 bytes]","args":[{"element-6066-11e4-a52e-4f735466cecf":"f.D01EC4AF0A1BFC1E8396569751E97BC9.d.CBE1541FF67B246439F1D5CB931A8095.e.21665","ELEMENT":"f.D01EC4AF0A1BFC1E8396569751E97BC9.d.CBE1541FF67B246439F1D5CB931A8095.e.21665"}]}
RESULT: {"script":"<script> [56 bytes]","args":[{"element-6066-11e4-a52e-4f735466cecf":"f.D01EC4AF0A1BFC1E8396569751E97BC9.d.CBE1541FF67B246439F1D5CB931A8095.e.21665","ELEMENT":"f.D01EC4AF0A1BFC1E8396569751E97BC9.d.CBE1541FF67B246439F1D5CB931A8095.e.21665"}]}
COMMAND: POST /session/4ca0da1f05d229fab0c05732b1ad37d0/element - {"using":"css selector","value":"#shell-header-logo"}
COMMAND: GET /session/4ca0da1f05d229fab0c05732b1ad37d0/screenshot - {}
RESULT: {"using":"css selector","value":"#shell-header-logo"}
COMMAND: POST /session/4ca0da1f05d229fab0c05732b1ad37d0/element/f.D01EC4AF0A1BFC1E8396569751E97BC9.d.CBE1541FF67B246439F1D5CB931A8095.e.20557/click - {}
RESULT: {}
RESULT: {}
COMMAND: GET /session/4ca0da1f05d229fab0c05732b1ad37d0/screenshot - {}
RESULT: {}
]]></system-out>
    </testcase>
    <testcase classname="chrome.135_0_7049_96.windows.Billing_Calculation_-_Time_based_(considering_transport_times)_US139738" name="Should do another billing run but in around 17 days from today" time="58.748">
      <system-out><![CDATA[
RESULT: undefined
COMMAND: POST /session/4ca0da1f05d229fab0c05732b1ad37d0/element - {"using":"xpath","value":"//*[@id=\"__tile51\"]"}
RESULT: {"using":"xpath","value":"//*[@id=\"__tile51\"]"}
COMMAND: POST /session/4ca0da1f05d229fab0c05732b1ad37d0/element/f.D01EC4AF0A1BFC1E8396569751E97BC9.d.CBE1541FF67B246439F1D5CB931A8095.e.15127/click - {}
RESULT: {}
COMMAND: GET /session/4ca0da1f05d229fab0c05732b1ad37d0/screenshot - {}
RESULT: {}
RESULT: undefined
COMMAND: POST /session/4ca0da1f05d229fab0c05732b1ad37d0/execute/async - {"script":"<script> [776 bytes]","args":[{"enterText":"10351","selector":{"id":"application-managebillings-display-component---billRunCalcResult--smartFilterBar-btnBasicSearch","interaction":{"idSuffix":"I"}},"clearTextFirst":true,"interactionType":"ENTER_TEXT"}]}
RESULT: {"script":"<script> [776 bytes]","args":[{"enterText":"10351","selector":{"id":"application-managebillings-display-component---billRunCalcResult--smartFilterBar-btnBasicSearch","interaction":{"idSuffix":"I"}},"clearTextFirst":true,"interactionType":"ENTER_TEXT"}]}
COMMAND: POST /session/4ca0da1f05d229fab0c05732b1ad37d0/actions - {"actions":[{"id":"action80","type":"key","parameters":{},"actions":[{"type":"keyDown","value":"î€‡"},{"type":"pause","duration":10},{"type":"keyUp","value":"î€‡"}]}]}
RESULT: {"actions":[{"id":"action80","type":"key","parameters":{},"actions":[{"type":"keyDown","value":"î€‡"},{"type":"pause","duration":10},{"type":"keyUp","value":"î€‡"}]}]}
COMMAND: GET /session/4ca0da1f05d229fab0c05732b1ad37d0/screenshot - {}
RESULT: {}
COMMAND: POST /session/4ca0da1f05d229fab0c05732b1ad37d0/element - {"using":"xpath","value":"//td[@aria-colindex=\"1\"]/div/div[contains(@class, \"sapMCbBg\")]"}
RESULT: {"using":"xpath","value":"//td[@aria-colindex=\"1\"]/div/div[contains(@class, \"sapMCbBg\")]"}
COMMAND: POST /session/4ca0da1f05d229fab0c05732b1ad37d0/element/f.D01EC4AF0A1BFC1E8396569751E97BC9.d.CBE1541FF67B246439F1D5CB931A8095.e.21880/click - {}
RESULT: {}
COMMAND: GET /session/4ca0da1f05d229fab0c05732b1ad37d0/screenshot - {}
RESULT: {}
RESULT: undefined
COMMAND: POST /session/4ca0da1f05d229fab0c05732b1ad37d0/execute/async - {"script":"<script> [776 bytes]","args":[{"enterText":"05/16/25","selector":{"id":"application-managebillings-display-component---billRunCalcResult--contractBillRunDate","interaction":{"idSuffix":"inner"}},"clearTextFirst":true,"interactionType":"ENTER_TEXT"}]}
RESULT: {"script":"<script> [776 bytes]","args":[{"enterText":"05/16/25","selector":{"id":"application-managebillings-display-component---billRunCalcResult--contractBillRunDate","interaction":{"idSuffix":"inner"}},"clearTextFirst":true,"interactionType":"ENTER_TEXT"}]}
COMMAND: POST /session/4ca0da1f05d229fab0c05732b1ad37d0/element - {"using":"xpath","value":"//bdi[contains(text(), \"Trigger Calculation\")]"}
RESULT: {"using":"xpath","value":"//bdi[contains(text(), \"Trigger Calculation\")]"}
COMMAND: POST /session/4ca0da1f05d229fab0c05732b1ad37d0/element/f.D01EC4AF0A1BFC1E8396569751E97BC9.d.CBE1541FF67B246439F1D5CB931A8095.e.21931/click - {}
RESULT: {}
COMMAND: GET /session/4ca0da1f05d229fab0c05732b1ad37d0/screenshot - {}
RESULT: {}
COMMAND: POST /session/4ca0da1f05d229fab0c05732b1ad37d0/element - {"using":"xpath","value":"(//span[contains(@id, \"imgNav\")])[1]"}
RESULT: {"using":"xpath","value":"(//span[contains(@id, \"imgNav\")])[1]"}
COMMAND: POST /session/4ca0da1f05d229fab0c05732b1ad37d0/element/f.D01EC4AF0A1BFC1E8396569751E97BC9.d.CBE1541FF67B246439F1D5CB931A8095.e.21881/click - {}
RESULT: {}
COMMAND: GET /session/4ca0da1f05d229fab0c05732b1ad37d0/screenshot - {}
RESULT: {}
COMMAND: POST /session/4ca0da1f05d229fab0c05732b1ad37d0/element - {"using":"xpath","value":"//tr/td[6]/div[1]/span[1]/span[1]"}
RESULT: {"using":"xpath","value":"//tr/td[6]/div[1]/span[1]/span[1]"}
COMMAND: GET /session/4ca0da1f05d229fab0c05732b1ad37d0/element/f.D01EC4AF0A1BFC1E8396569751E97BC9.d.CBE1541FF67B246439F1D5CB931A8095.e.21935/text - {}
RESULT: {}
COMMAND: POST /session/4ca0da1f05d229fab0c05732b1ad37d0/element - {"using":"xpath","value":"(//span[contains(@id, \"imgNav\")])[2]"}
RESULT: {"using":"xpath","value":"(//span[contains(@id, \"imgNav\")])[2]"}
COMMAND: POST /session/4ca0da1f05d229fab0c05732b1ad37d0/element/f.D01EC4AF0A1BFC1E8396569751E97BC9.d.CBE1541FF67B246439F1D5CB931A8095.e.21936/click - {}
RESULT: {}
COMMAND: POST /session/4ca0da1f05d229fab0c05732b1ad37d0/element - {"using":"xpath","value":"//bdi[contains(text(), \"Business Confirm\")]"}
COMMAND: GET /session/4ca0da1f05d229fab0c05732b1ad37d0/screenshot - {}
RESULT: {"using":"xpath","value":"//bdi[contains(text(), \"Business Confirm\")]"}
COMMAND: POST /session/4ca0da1f05d229fab0c05732b1ad37d0/elements - {"using":"xpath","value":"//bdi[contains(text(), \"Business Confirm\")]"}
RESULT: {}
RESULT: {"using":"xpath","value":"//bdi[contains(text(), \"Business Confirm\")]"}
COMMAND: POST /session/4ca0da1f05d229fab0c05732b1ad37d0/elements - {"using":"xpath","value":"//bdi[contains(text(), \"Business Confirm\")]"}
RESULT: {"using":"xpath","value":"//bdi[contains(text(), \"Business Confirm\")]"}
COMMAND: POST /session/4ca0da1f05d229fab0c05732b1ad37d0/element - {"using":"xpath","value":"//bdi[contains(text(), \"Business Confirm\")]"}
RESULT: {"using":"xpath","value":"//bdi[contains(text(), \"Business Confirm\")]"}
COMMAND: POST /session/4ca0da1f05d229fab0c05732b1ad37d0/element/f.D01EC4AF0A1BFC1E8396569751E97BC9.d.CBE1541FF67B246439F1D5CB931A8095.e.21939/click - {}
COMMAND: POST /session/4ca0da1f05d229fab0c05732b1ad37d0/element - {"using":"xpath","value":"//bdi[contains(text(), \"Business Confirm\")]"}
RESULT: {"using":"xpath","value":"//bdi[contains(text(), \"Business Confirm\")]"}
COMMAND: POST /session/4ca0da1f05d229fab0c05732b1ad37d0/element/f.D01EC4AF0A1BFC1E8396569751E97BC9.d.CBE1541FF67B246439F1D5CB931A8095.e.21939/click - {}
COMMAND: POST /session/4ca0da1f05d229fab0c05732b1ad37d0/element - {"using":"xpath","value":"//bdi[contains(text(), \"Business Confirm\")]"}
RESULT: {"using":"xpath","value":"//bdi[contains(text(), \"Business Confirm\")]"}
COMMAND: POST /session/4ca0da1f05d229fab0c05732b1ad37d0/element/f.D01EC4AF0A1BFC1E8396569751E97BC9.d.CBE1541FF67B246439F1D5CB931A8095.e.21973/click - {}
RESULT: {}
COMMAND: POST /session/4ca0da1f05d229fab0c05732b1ad37d0/element - {"using":"css selector","value":"#shell-header-logo"}
COMMAND: GET /session/4ca0da1f05d229fab0c05732b1ad37d0/screenshot - {}
RESULT: {"using":"css selector","value":"#shell-header-logo"}
COMMAND: POST /session/4ca0da1f05d229fab0c05732b1ad37d0/element/f.D01EC4AF0A1BFC1E8396569751E97BC9.d.CBE1541FF67B246439F1D5CB931A8095.e.21669/click - {}
RESULT: {}
RESULT: {}
COMMAND: GET /session/4ca0da1f05d229fab0c05732b1ad37d0/screenshot - {}
RESULT: {}
]]></system-out>
    </testcase>
  </testsuite>
</testsuites>