<?xml version="1.0" encoding="UTF-8"?>
<testsuites tests="23" failures="0" errors="0" skipped="0">
  <testsuite timestamp="2025-05-20T17:49:03" time="1065.671" tests="6" failures="0" errors="0" skipped="0">
    <properties>
      <property name="specId" value="0" />
      <property name="suiteName" value="Standard contract - add contract items by Insert Request US118222" />
      <property name="capabilities" value="chrome.136_0_7103_93.windows" />
      <property name="file" value="file:///D:/a/1/s/test/specs/R2C/standard-contract-add-contract-items-by-insert-request.spec.js" />
    </properties>
    <testcase classname="chrome.136_0_7103_93.windows.Standard_contract_-_add_contract_items_by_Insert_Request_US118222" name="Should create prerequisites yard partner site material and equipment" time="293.327">
      <system-out><![CDATA[
COMMAND: POST /session/4aedcc6e4741b2a879631080b602cb58/execute/async - {"script":"<script> [1562 bytes]","args":[{"selector":{"controlType":"sap.m.GenericTile","properties":{"header":"Manage Yards"}},"wdio_ui5_key":"sapm.GenericTile{\"header\":\"Manage Yards\"}"}]}
RESULT: {"script":"<script> [1562 bytes]","args":[{"selector":{"controlType":"sap.m.GenericTile","properties":{"header":"Manage Yards"}},"wdio_ui5_key":"sapm.GenericTile{\"header\":\"Manage Yards\"}"}]}
RESULT: undefined
COMMAND: POST /session/4aedcc6e4741b2a879631080b602cb58/element - {"using":"xpath","value":"//*[@id=\"__tile41\"]"}
RESULT: {"using":"xpath","value":"//*[@id=\"__tile41\"]"}
COMMAND: POST /session/4aedcc6e4741b2a879631080b602cb58/element/f.0FDC85D955747547727011D182B9DC15.d.C0E1E86EBB0F05B1D90ED46EA290162A.e.115/click - {}
RESULT: {}
COMMAND: GET /session/4aedcc6e4741b2a879631080b602cb58/screenshot - {}
RESULT: {}
COMMAND: POST /session/4aedcc6e4741b2a879631080b602cb58/elements - {"using":"xpath","value":"//span[text()='Error']"}
RESULT: {"using":"xpath","value":"//span[text()='Error']"}
COMMAND: POST /session/4aedcc6e4741b2a879631080b602cb58/execute/async - {"script":"<script> [1562 bytes]","args":[{"selector":{"controlType":"sap.ui.core.Icon","viewName":"etm.portal.ui.manageyards.view.Master","viewId":"application-manageyards-display-component---masterYard","properties":{"src":{"regex":{"source":"add"}}}},"wdio_ui5_key":"etmportal.ui.manageyards.view.Mastersap.ui.core.Icon{\"src\":{\"regex\":{\"source\":\"add\"}}}"}]}
RESULT: {"script":"<script> [1562 bytes]","args":[{"selector":{"controlType":"sap.ui.core.Icon","viewName":"etm.portal.ui.manageyards.view.Master","viewId":"application-manageyards-display-component---masterYard","properties":{"src":{"regex":{"source":"add"}}}},"wdio_ui5_key":"etmportal.ui.manageyards.view.Mastersap.ui.core.Icon{\"src\":{\"regex\":{\"source\":\"add\"}}}"}]}
RESULT: undefined
COMMAND: POST /session/4aedcc6e4741b2a879631080b602cb58/element - {"using":"xpath","value":"//*[@id=\"__button4-img\"]"}
RESULT: {"using":"xpath","value":"//*[@id=\"__button4-img\"]"}
COMMAND: POST /session/4aedcc6e4741b2a879631080b602cb58/element/f.0FDC85D955747547727011D182B9DC15.d.C0E1E86EBB0F05B1D90ED46EA290162A.e.165/click - {}
RESULT: {}
COMMAND: GET /session/4aedcc6e4741b2a879631080b602cb58/screenshot - {}
RESULT: {}
COMMAND: POST /session/4aedcc6e4741b2a879631080b602cb58/execute/async - {"script":"<script> [1562 bytes]","args":[{"selector":{"id":"application-manageyards-display-component---NewYard--yardId","interaction":{"idSuffix":"inner"}},"wdio_ui5_key":"applicationmanageyards-display-component---NewYard--yardId"}]}
RESULT: {"script":"<script> [1562 bytes]","args":[{"selector":{"id":"application-manageyards-display-component---NewYard--yardId","interaction":{"idSuffix":"inner"}},"wdio_ui5_key":"applicationmanageyards-display-component---NewYard--yardId"}]}
RESULT: undefined
COMMAND: POST /session/4aedcc6e4741b2a879631080b602cb58/element - {"using":"xpath","value":"//*[@id=\"application-manageyards-display-component---NewYard--addressDetailDetailsName1-inner\"]"}
RESULT: {"using":"xpath","value":"//*[@id=\"application-manageyards-display-component---NewYard--addressDetailDetailsName1-inner\"]"}
COMMAND: POST /session/4aedcc6e4741b2a879631080b602cb58/element/f.0FDC85D955747547727011D182B9DC15.d.C0E1E86EBB0F05B1D90ED46EA290162A.e.333/clear - {}
RESULT: {}
COMMAND: POST /session/4aedcc6e4741b2a879631080b602cb58/element/f.0FDC85D955747547727011D182B9DC15.d.C0E1E86EBB0F05B1D90ED46EA290162A.e.333/value - {"text":"WebdriverYard1joi9"}
COMMAND: GET /session/4aedcc6e4741b2a879631080b602cb58/screenshot - {}
RESULT: {"text":"WebdriverYard1joi9"}
COMMAND: POST /session/4aedcc6e4741b2a879631080b602cb58/element - {"using":"xpath","value":"//*[@id=\"application-manageyards-display-component---NewYard--addressDetailDetailsLanguage-inner\"]"}
COMMAND: GET /session/4aedcc6e4741b2a879631080b602cb58/screenshot - {}
RESULT: {}
RESULT: {"using":"xpath","value":"//*[@id=\"application-manageyards-display-component---NewYard--addressDetailDetailsLanguage-inner\"]"}
COMMAND: POST /session/4aedcc6e4741b2a879631080b602cb58/element/f.0FDC85D955747547727011D182B9DC15.d.C0E1E86EBB0F05B1D90ED46EA290162A.e.334/clear - {}
RESULT: {}
RESULT: {}
COMMAND: POST /session/4aedcc6e4741b2a879631080b602cb58/element/f.0FDC85D955747547727011D182B9DC15.d.C0E1E86EBB0F05B1D90ED46EA290162A.e.334/value - {"text":"Romanian"}
COMMAND: GET /session/4aedcc6e4741b2a879631080b602cb58/screenshot - {}
RESULT: {"text":"Romanian"}
COMMAND: POST /session/4aedcc6e4741b2a879631080b602cb58/element - {"using":"xpath","value":"//input[contains(@id ,\"application-manageyards-display-component---NewYard--addressDetailDetailsName1-inner\")]"}
COMMAND: GET /session/4aedcc6e4741b2a879631080b602cb58/screenshot - {}
RESULT: {}
RESULT: {"using":"xpath","value":"//input[contains(@id ,\"application-manageyards-display-component---NewYard--addressDetailDetailsName1-inner\")]"}
COMMAND: GET /session/4aedcc6e4741b2a879631080b602cb58/element/f.0FDC85D955747547727011D182B9DC15.d.C0E1E86EBB0F05B1D90ED46EA290162A.e.333/property/value - {}
RESULT: {}
RESULT: {}
COMMAND: GET /session/4aedcc6e4741b2a879631080b602cb58/screenshot - {}
RESULT: {}
COMMAND: POST /session/4aedcc6e4741b2a879631080b602cb58/element - {"using":"xpath","value":"//*[@id=\"application-manageyards-display-component---NewYard--addressDetailDetailsCity1-inner\"]"}
RESULT: {"using":"xpath","value":"//*[@id=\"application-manageyards-display-component---NewYard--addressDetailDetailsCity1-inner\"]"}
COMMAND: POST /session/4aedcc6e4741b2a879631080b602cb58/element/f.0FDC85D955747547727011D182B9DC15.d.C0E1E86EBB0F05B1D90ED46EA290162A.e.336/clear - {}
RESULT: {}
COMMAND: POST /session/4aedcc6e4741b2a879631080b602cb58/element/f.0FDC85D955747547727011D182B9DC15.d.C0E1E86EBB0F05B1D90ED46EA290162A.e.336/value - {"text":"Bucuresti"}
COMMAND: GET /session/4aedcc6e4741b2a879631080b602cb58/screenshot - {}
RESULT: {"text":"Bucuresti"}
COMMAND: GET /session/4aedcc6e4741b2a879631080b602cb58/screenshot - {}
RESULT: {}
RESULT: {}
COMMAND: POST /session/4aedcc6e4741b2a879631080b602cb58/element - {"using":"xpath","value":"//*[@id=\"application-manageyards-display-component---NewYard--addressDetailDetailsCountry-inner\"]"}
RESULT: {"using":"xpath","value":"//*[@id=\"application-manageyards-display-component---NewYard--addressDetailDetailsCountry-inner\"]"}
COMMAND: POST /session/4aedcc6e4741b2a879631080b602cb58/element/f.0FDC85D955747547727011D182B9DC15.d.C0E1E86EBB0F05B1D90ED46EA290162A.e.340/clear - {}
RESULT: {}
COMMAND: POST /session/4aedcc6e4741b2a879631080b602cb58/element/f.0FDC85D955747547727011D182B9DC15.d.C0E1E86EBB0F05B1D90ED46EA290162A.e.340/value - {"text":"Romania"}
COMMAND: GET /session/4aedcc6e4741b2a879631080b602cb58/screenshot - {}
RESULT: {"text":"Romania"}
COMMAND: GET /session/4aedcc6e4741b2a879631080b602cb58/screenshot - {}
RESULT: {}
RESULT: {}
COMMAND: POST /session/4aedcc6e4741b2a879631080b602cb58/element - {"using":"xpath","value":"//div[contains(text(), \"Commercial\")]"}
RESULT: {"using":"xpath","value":"//div[contains(text(), \"Commercial\")]"}
COMMAND: GET /session/4aedcc6e4741b2a879631080b602cb58/element/f.0FDC85D955747547727011D182B9DC15.d.C0E1E86EBB0F05B1D90ED46EA290162A.e.578/rect - {}
RESULT: {}
COMMAND: GET /session/4aedcc6e4741b2a879631080b602cb58/window/rect - {}
RESULT: {}
COMMAND: POST /session/4aedcc6e4741b2a879631080b602cb58/execute/sync - {"script":"<script> [92 bytes]","args":[]}
RESULT: {"script":"<script> [92 bytes]","args":[]}
COMMAND: POST /session/4aedcc6e4741b2a879631080b602cb58/actions - {"actions":[{"id":"action1","type":"wheel","parameters":{},"actions":[{"type":"scroll","x":-1841,"y":-44,"deltaX":0,"deltaY":0,"duration":0,"origin":{"element-6066-11e4-a52e-4f735466cecf":"f.0FDC85D955747547727011D182B9DC15.d.C0E1E86EBB0F05B1D90ED46EA290162A.e.578"}}]}]}
COMMAND: GET /session/4aedcc6e4741b2a879631080b602cb58/screenshot - {}
RESULT: {}
COMMAND: POST /session/4aedcc6e4741b2a879631080b602cb58/execute/sync - {"script":"<script> [79 bytes]","args":[{"element-6066-11e4-a52e-4f735466cecf":"f.0FDC85D955747547727011D182B9DC15.d.C0E1E86EBB0F05B1D90ED46EA290162A.e.578","ELEMENT":"f.0FDC85D955747547727011D182B9DC15.d.C0E1E86EBB0F05B1D90ED46EA290162A.e.578"},{"block":"start","inline":"nearest"}]}
RESULT: {"script":"<script> [79 bytes]","args":[{"element-6066-11e4-a52e-4f735466cecf":"f.0FDC85D955747547727011D182B9DC15.d.C0E1E86EBB0F05B1D90ED46EA290162A.e.578","ELEMENT":"f.0FDC85D955747547727011D182B9DC15.d.C0E1E86EBB0F05B1D90ED46EA290162A.e.578"},{"block":"start","inline":"nearest"}]}
COMMAND: GET /session/4aedcc6e4741b2a879631080b602cb58/screenshot - {}
RESULT: {}
COMMAND: POST /session/4aedcc6e4741b2a879631080b602cb58/execute/async - {"script":"<script> [1562 bytes]","args":[{"selector":{"id":"application-manageyards-display-component---NewYard--addressEditDetailsCostObjectCstType-arrow"},"wdio_ui5_key":"applicationmanageyards-display-component---NewYard--addressEditDetailsCostObjectCstType-arrow"}]}
RESULT: {"script":"<script> [1562 bytes]","args":[{"selector":{"id":"application-manageyards-display-component---NewYard--addressEditDetailsCostObjectCstType-arrow"},"wdio_ui5_key":"applicationmanageyards-display-component---NewYard--addressEditDetailsCostObjectCstType-arrow"}]}
RESULT: undefined
COMMAND: POST /session/4aedcc6e4741b2a879631080b602cb58/element - {"using":"xpath","value":"//*[@id=\"application-manageyards-display-component---NewYard--addressEditDetailsCostObjectCstType-arrow\"]"}
RESULT: {"using":"xpath","value":"//*[@id=\"application-manageyards-display-component---NewYard--addressEditDetailsCostObjectCstType-arrow\"]"}
COMMAND: POST /session/4aedcc6e4741b2a879631080b602cb58/element/f.0FDC85D955747547727011D182B9DC15.d.C0E1E86EBB0F05B1D90ED46EA290162A.e.586/click - {}
RESULT: {}
COMMAND: POST /session/4aedcc6e4741b2a879631080b602cb58/element - {"using":"xpath","value":"//span[contains(text(), \"Cost Center\")]"}
COMMAND: GET /session/4aedcc6e4741b2a879631080b602cb58/screenshot - {}
RESULT: {"using":"xpath","value":"//span[contains(text(), \"Cost Center\")]"}
COMMAND: POST /session/4aedcc6e4741b2a879631080b602cb58/element/f.0FDC85D955747547727011D182B9DC15.d.C0E1E86EBB0F05B1D90ED46EA290162A.e.587/click - {}
RESULT: {}
RESULT: {}
COMMAND: GET /session/4aedcc6e4741b2a879631080b602cb58/screenshot - {}
RESULT: {}
COMMAND: POST /session/4aedcc6e4741b2a879631080b602cb58/execute/async - {"script":"<script> [1562 bytes]","args":[{"selector":{"id":"application-manageyards-display-component---NewYard--addressNewCostObjectCstID-vhi"},"wdio_ui5_key":"applicationmanageyards-display-component---NewYard--addressNewCostObjectCstID-vhi"}]}
RESULT: {"script":"<script> [1562 bytes]","args":[{"selector":{"id":"application-manageyards-display-component---NewYard--addressNewCostObjectCstID-vhi"},"wdio_ui5_key":"applicationmanageyards-display-component---NewYard--addressNewCostObjectCstID-vhi"}]}
RESULT: undefined
COMMAND: POST /session/4aedcc6e4741b2a879631080b602cb58/element - {"using":"xpath","value":"//*[@id=\"application-manageyards-display-component---NewYard--addressNewCostObjectCstID-vhi\"]"}
RESULT: {"using":"xpath","value":"//*[@id=\"application-manageyards-display-component---NewYard--addressNewCostObjectCstID-vhi\"]"}
COMMAND: POST /session/4aedcc6e4741b2a879631080b602cb58/element/f.0FDC85D955747547727011D182B9DC15.d.C0E1E86EBB0F05B1D90ED46EA290162A.e.602/click - {}
RESULT: {}
COMMAND: GET /session/4aedcc6e4741b2a879631080b602cb58/screenshot - {}
RESULT: {}
COMMAND: POST /session/4aedcc6e4741b2a879631080b602cb58/execute/async - {"script":"<script> [1562 bytes]","args":[{"selector":{"controlType":"sap.m.SearchField","properties":{"placeholder":"Search"},"searchOpenDialogs":true,"interaction":{"idSuffix":"I"}},"wdio_ui5_key":"sapm.SearchField{\"placeholder\":\"Search\"}"}]}
RESULT: {"script":"<script> [1562 bytes]","args":[{"selector":{"controlType":"sap.m.SearchField","properties":{"placeholder":"Search"},"searchOpenDialogs":true,"interaction":{"idSuffix":"I"}},"wdio_ui5_key":"sapm.SearchField{\"placeholder\":\"Search\"}"}]}
RESULT: undefined
COMMAND: POST /session/4aedcc6e4741b2a879631080b602cb58/execute/async - {"script":"<script> [776 bytes]","args":[{"enterText":"10001013","selector":{"controlType":"sap.m.SearchField","properties":{"placeholder":"Search"},"searchOpenDialogs":true,"interaction":{"idSuffix":"I"}},"clearTextFirst":true,"interactionType":"ENTER_TEXT"}]}
RESULT: {"script":"<script> [776 bytes]","args":[{"enterText":"10001013","selector":{"controlType":"sap.m.SearchField","properties":{"placeholder":"Search"},"searchOpenDialogs":true,"interaction":{"idSuffix":"I"}},"clearTextFirst":true,"interactionType":"ENTER_TEXT"}]}
COMMAND: POST /session/4aedcc6e4741b2a879631080b602cb58/actions - {"actions":[{"id":"action2","type":"key","parameters":{},"actions":[{"type":"keyDown","value":"î€‡"},{"type":"pause","duration":10},{"type":"keyUp","value":"î€‡"}]}]}
RESULT: {"actions":[{"id":"action2","type":"key","parameters":{},"actions":[{"type":"keyDown","value":"î€‡"},{"type":"pause","duration":10},{"type":"keyUp","value":"î€‡"}]}]}
COMMAND: GET /session/4aedcc6e4741b2a879631080b602cb58/screenshot - {}
RESULT: {}
COMMAND: POST /session/4aedcc6e4741b2a879631080b602cb58/element - {"using":"xpath","value":"//span[contains(text(), \"General Management\")]"}
RESULT: {"using":"xpath","value":"//span[contains(text(), \"General Management\")]"}
COMMAND: POST /session/4aedcc6e4741b2a879631080b602cb58/element/f.0FDC85D955747547727011D182B9DC15.d.C0E1E86EBB0F05B1D90ED46EA290162A.e.643/click - {}
RESULT: {}
COMMAND: GET /session/4aedcc6e4741b2a879631080b602cb58/screenshot - {}
RESULT: {}
COMMAND: POST /session/4aedcc6e4741b2a879631080b602cb58/element - {"using":"xpath","value":"//bdi[contains(text(), \"OK\")]"}
RESULT: {"using":"xpath","value":"//bdi[contains(text(), \"OK\")]"}
COMMAND: POST /session/4aedcc6e4741b2a879631080b602cb58/element/f.0FDC85D955747547727011D182B9DC15.d.C0E1E86EBB0F05B1D90ED46EA290162A.e.644/click - {}
RESULT: {}
COMMAND: GET /session/4aedcc6e4741b2a879631080b602cb58/screenshot - {}
RESULT: {}
COMMAND: POST /session/4aedcc6e4741b2a879631080b602cb58/execute/async - {"script":"<script> [1562 bytes]","args":[{"selector":{"controlType":"sap.m.Button","viewName":"etm.portal.ui.manageyards.view.New","viewId":"application-manageyards-display-component---NewYard","i18NText":{"propertyName":"text","key":"save"},"interaction":{"idSuffix":"inner"}},"wdio_ui5_key":"etmportal.ui.manageyards.view.Newsap.m.Button{\"propertyName\":\"text\",\"key\":\"save\"}"}]}
RESULT: {"script":"<script> [1562 bytes]","args":[{"selector":{"controlType":"sap.m.Button","viewName":"etm.portal.ui.manageyards.view.New","viewId":"application-manageyards-display-component---NewYard","i18NText":{"propertyName":"text","key":"save"},"interaction":{"idSuffix":"inner"}},"wdio_ui5_key":"etmportal.ui.manageyards.view.Newsap.m.Button{\"propertyName\":\"text\",\"key\":\"save\"}"}]}
RESULT: undefined
COMMAND: POST /session/4aedcc6e4741b2a879631080b602cb58/element - {"using":"xpath","value":"//*[@id=\"__button18\"]"}
RESULT: {"using":"xpath","value":"//*[@id=\"__button18\"]"}
COMMAND: POST /session/4aedcc6e4741b2a879631080b602cb58/element/f.0FDC85D955747547727011D182B9DC15.d.C0E1E86EBB0F05B1D90ED46EA290162A.e.532/click - {}
RESULT: {}
COMMAND: GET /session/4aedcc6e4741b2a879631080b602cb58/screenshot - {}
RESULT: {}
COMMAND: POST /session/4aedcc6e4741b2a879631080b602cb58/element - {"using":"xpath","value":"//header/div/div[2]/div[2]/span"}
RESULT: {"using":"xpath","value":"//header/div/div[2]/div[2]/span"}
COMMAND: GET /session/4aedcc6e4741b2a879631080b602cb58/element/f.0FDC85D955747547727011D182B9DC15.d.C0E1E86EBB0F05B1D90ED46EA290162A.e.842/text - {}
RESULT: {}
COMMAND: POST /session/4aedcc6e4741b2a879631080b602cb58/execute/async - {"script":"<script> [1562 bytes]","args":[{"selector":{"controlType":"sap.m.OverflowToolbarButton","viewName":"etm.portal.ui.manageyards.view.Detail","viewId":"application-manageyards-display-component---detailYard","i18NText":{"propertyName":"tooltip","key":"closeColumn"},"interaction":{"idSuffix":"inner"}},"wdio_ui5_key":"etmportal.ui.manageyards.view.Detailsap.m.OverflowToolbarButton{\"propertyName\":\"tooltip\",\"key\":\"closeColumn\"}"}]}
RESULT: {"script":"<script> [1562 bytes]","args":[{"selector":{"controlType":"sap.m.OverflowToolbarButton","viewName":"etm.portal.ui.manageyards.view.Detail","viewId":"application-manageyards-display-component---detailYard","i18NText":{"propertyName":"tooltip","key":"closeColumn"},"interaction":{"idSuffix":"inner"}},"wdio_ui5_key":"etmportal.ui.manageyards.view.Detailsap.m.OverflowToolbarButton{\"propertyName\":\"tooltip\",\"key\":\"closeColumn\"}"}]}
RESULT: undefined
COMMAND: POST /session/4aedcc6e4741b2a879631080b602cb58/element - {"using":"xpath","value":"//*[@id=\"__button40\"]"}
RESULT: {"using":"xpath","value":"//*[@id=\"__button40\"]"}
COMMAND: POST /session/4aedcc6e4741b2a879631080b602cb58/element/f.0FDC85D955747547727011D182B9DC15.d.C0E1E86EBB0F05B1D90ED46EA290162A.e.844/click - {}
RESULT: {}
COMMAND: GET /session/4aedcc6e4741b2a879631080b602cb58/screenshot - {}
RESULT: {}
COMMAND: POST /session/4aedcc6e4741b2a879631080b602cb58/element - {"using":"css selector","value":"#shell-header-logo"}
RESULT: {"using":"css selector","value":"#shell-header-logo"}
COMMAND: POST /session/4aedcc6e4741b2a879631080b602cb58/element/f.0FDC85D955747547727011D182B9DC15.d.C0E1E86EBB0F05B1D90ED46EA290162A.e.118/click - {}
RESULT: {}
COMMAND: GET /session/4aedcc6e4741b2a879631080b602cb58/screenshot - {}
RESULT: {}
COMMAND: POST /session/4aedcc6e4741b2a879631080b602cb58/refresh - {}
RESULT: {}
COMMAND: GET /session/4aedcc6e4741b2a879631080b602cb58/screenshot - {}
RESULT: {}
COMMAND: POST /session/4aedcc6e4741b2a879631080b602cb58/execute/async - {"script":"<script> [189 bytes]","args":[]}
RESULT: {"script":"<script> [189 bytes]","args":[]}
COMMAND: POST /session/4aedcc6e4741b2a879631080b602cb58/execute/async - {"script":"<script> [123 bytes]","args":[]}
RESULT: {"script":"<script> [123 bytes]","args":[]}
COMMAND: POST /session/4aedcc6e4741b2a879631080b602cb58/timeouts - {"script":"<number>"}
RESULT: {"script":"<number>"}
COMMAND: GET /session/4aedcc6e4741b2a879631080b602cb58/timeouts - {}
RESULT: {}
RESULT: undefined
COMMAND: POST /session/4aedcc6e4741b2a879631080b602cb58/execute/async - {"script":"<script> [2676 bytes]","args":[]}
RESULT: {"script":"<script> [2676 bytes]","args":[]}
COMMAND: POST /session/4aedcc6e4741b2a879631080b602cb58/execute/async - {"script":"<script> [2342 bytes]","args":[{"protocol":"http","hostname":"0.0.0.0","path":"/","capabilities":{"browserName":"chrome","goog:chromeOptions":{"binary":"C:\\Program Files\\Google\\Chrome\\Application\\chrome.exe","args":["--start-maximized"]}},"logLevel":"warn","connectionRetryTimeout":120000,"connectionRetryCount":3,"logLevels":{},"enableDirectConnect":true,"strictSSL":true,"_":"65 more keys: [\"cacheDir\",\"port\",\"requestedCapabilities\",\"automationProtocol\",\"baseUrl\",\"waitforInterval\",\"waitforTimeout\",\"onReload\",\"beforeCommand\",\"afterCommand\",\"rootDir\",\"specs\",\"suites\",\"exclude\",\"groupLogsByTestSpec\",\"excludeDriverLogs\",\"bail\",\"framework\",\"reporters\",\"services\",\"maxInstances\",\"maxInstancesPerCapability\",\"injectGlobals\",\"filesToWatch\",\"execArgv\",\"runnerEnv\",\"runner\",\"shard\",\"specFileRetries\",\"specFileRetriesDelay\",\"specFileRetriesDeferred\",\"reporterSyncInterval\",\"reporterSyncTimeout\",\"cucumberFeaturesWithLineNumbers\",\"autoCompileOpts\",\"mochaOpts\",\"jasmineOpts\",\"cucumberOpts\",\"onPrepare\",\"onWorkerStart\",\"onWorkerEnd\",\"before\",\"beforeSession\",\"beforeSuite\",\"beforeHook\",\"beforeTest\",\"afterTest\",\"afterHook\",\"afterSuite\",\"afterSession\",\"after\",\"onComplete\",\"beforeAssertion\",\"afterAssertion\",\"beforeFeature\",\"beforeScenario\",\"beforeStep\",\"afterStep\",\"afterScenario\",\"afterFeature\",\"_\",\"suite\",\"$0\",\"ignoredWorkerServices\",\"wdi5\"]"}]}
RESULT: {"script":"<script> [2342 bytes]","args":[{"protocol":"http","hostname":"0.0.0.0","path":"/","capabilities":{"browserName":"chrome","goog:chromeOptions":{"binary":"C:\\Program Files\\Google\\Chrome\\Application\\chrome.exe","args":["--start-maximized"]}},"logLevel":"warn","connectionRetryTimeout":120000,"connectionRetryCount":3,"logLevels":{},"enableDirectConnect":true,"strictSSL":true,"_":"65 more keys: [\"cacheDir\",\"port\",\"requestedCapabilities\",\"automationProtocol\",\"baseUrl\",\"waitforInterval\",\"waitforTimeout\",\"onReload\",\"beforeCommand\",\"afterCommand\",\"rootDir\",\"specs\",\"suites\",\"exclude\",\"groupLogsByTestSpec\",\"excludeDriverLogs\",\"bail\",\"framework\",\"reporters\",\"services\",\"maxInstances\",\"maxInstancesPerCapability\",\"injectGlobals\",\"filesToWatch\",\"execArgv\",\"runnerEnv\",\"runner\",\"shard\",\"specFileRetries\",\"specFileRetriesDelay\",\"specFileRetriesDeferred\",\"reporterSyncInterval\",\"reporterSyncTimeout\",\"cucumberFeaturesWithLineNumbers\",\"autoCompileOpts\",\"mochaOpts\",\"jasmineOpts\",\"cucumberOpts\",\"onPrepare\",\"onWorkerStart\",\"onWorkerEnd\",\"before\",\"beforeSession\",\"beforeSuite\",\"beforeHook\",\"beforeTest\",\"afterTest\",\"afterHook\",\"afterSuite\",\"afterSession\",\"after\",\"onComplete\",\"beforeAssertion\",\"afterAssertion\",\"beforeFeature\",\"beforeScenario\",\"beforeStep\",\"afterStep\",\"afterScenario\",\"afterFeature\",\"_\",\"suite\",\"$0\",\"ignoredWorkerServices\",\"wdi5\"]"}]}
COMMAND: POST /session/4aedcc6e4741b2a879631080b602cb58/execute/async - {"script":"<script> [21126 bytes]","args":[35000]}
RESULT: {"script":"<script> [21126 bytes]","args":[35000]}
COMMAND: POST /session/4aedcc6e4741b2a879631080b602cb58/execute/async - {"script":"<script> [1562 bytes]","args":[{"selector":{"controlType":"sap.m.GenericTile","properties":{"header":"Manage Partners"}},"wdio_ui5_key":"sapm.GenericTile{\"header\":\"Manage Partners\"}"}]}
RESULT: {"script":"<script> [1562 bytes]","args":[{"selector":{"controlType":"sap.m.GenericTile","properties":{"header":"Manage Partners"}},"wdio_ui5_key":"sapm.GenericTile{\"header\":\"Manage Partners\"}"}]}
RESULT: undefined
COMMAND: POST /session/4aedcc6e4741b2a879631080b602cb58/element - {"using":"xpath","value":"//*[@id=\"__tile38\"]"}
RESULT: {"using":"xpath","value":"//*[@id=\"__tile38\"]"}
COMMAND: POST /session/4aedcc6e4741b2a879631080b602cb58/element/f.0FDC85D955747547727011D182B9DC15.d.4D856B862929646B4B98E03A86F4E84F.e.1196/click - {}
RESULT: {}
COMMAND: GET /session/4aedcc6e4741b2a879631080b602cb58/screenshot - {}
RESULT: {}
COMMAND: POST /session/4aedcc6e4741b2a879631080b602cb58/elements - {"using":"xpath","value":"//span[text()='Error']"}
RESULT: {"using":"xpath","value":"//span[text()='Error']"}
COMMAND: POST /session/4aedcc6e4741b2a879631080b602cb58/execute/async - {"script":"<script> [1562 bytes]","args":[{"selector":{"controlType":"sap.ui.core.Icon","viewName":"etm.portal.ui.managepartners.view.Master","viewId":"application-managepartners-display-component---masterPtm","properties":{"src":{"regex":{"source":"add"}}}},"wdio_ui5_key":"etmportal.ui.managepartners.view.Mastersap.ui.core.Icon{\"src\":{\"regex\":{\"source\":\"add\"}}}"}]}
RESULT: {"script":"<script> [1562 bytes]","args":[{"selector":{"controlType":"sap.ui.core.Icon","viewName":"etm.portal.ui.managepartners.view.Master","viewId":"application-managepartners-display-component---masterPtm","properties":{"src":{"regex":{"source":"add"}}}},"wdio_ui5_key":"etmportal.ui.managepartners.view.Mastersap.ui.core.Icon{\"src\":{\"regex\":{\"source\":\"add\"}}}"}]}
RESULT: undefined
COMMAND: POST /session/4aedcc6e4741b2a879631080b602cb58/element - {"using":"xpath","value":"//*[@id=\"__button4-img\"]"}
RESULT: {"using":"xpath","value":"//*[@id=\"__button4-img\"]"}
COMMAND: POST /session/4aedcc6e4741b2a879631080b602cb58/element/f.0FDC85D955747547727011D182B9DC15.d.4D856B862929646B4B98E03A86F4E84F.e.1247/click - {}
RESULT: {}
COMMAND: GET /session/4aedcc6e4741b2a879631080b602cb58/screenshot - {}
RESULT: {}
COMMAND: POST /session/4aedcc6e4741b2a879631080b602cb58/execute/async - {"script":"<script> [1562 bytes]","args":[{"selector":{"id":"application-managepartners-display-component---NewPartner--partnerId","interaction":{"idSuffix":"inner"}},"wdio_ui5_key":"applicationmanagepartners-display-component---NewPartner--partnerId"}]}
RESULT: {"script":"<script> [1562 bytes]","args":[{"selector":{"id":"application-managepartners-display-component---NewPartner--partnerId","interaction":{"idSuffix":"inner"}},"wdio_ui5_key":"applicationmanagepartners-display-component---NewPartner--partnerId"}]}
RESULT: undefined
COMMAND: POST /session/4aedcc6e4741b2a879631080b602cb58/execute/async - {"script":"<script> [1562 bytes]","args":[{"selector":{"id":"application-managepartners-display-component---NewPartner--addressDetailDetailsName1","interaction":{"idSuffix":"inner"}},"wdio_ui5_key":"applicationmanagepartners-display-component---NewPartner--addressDetailDetailsName1"}]}
RESULT: {"script":"<script> [1562 bytes]","args":[{"selector":{"id":"application-managepartners-display-component---NewPartner--addressDetailDetailsName1","interaction":{"idSuffix":"inner"}},"wdio_ui5_key":"applicationmanagepartners-display-component---NewPartner--addressDetailDetailsName1"}]}
RESULT: undefined
COMMAND: POST /session/4aedcc6e4741b2a879631080b602cb58/execute/async - {"script":"<script> [776 bytes]","args":[{"enterText":"WebdriverPartner8s0tvk","selector":{"id":"application-managepartners-display-component---NewPartner--addressDetailDetailsName1","interaction":{"idSuffix":"inner"}},"clearTextFirst":true,"interactionType":"ENTER_TEXT"}]}
RESULT: {"script":"<script> [776 bytes]","args":[{"enterText":"WebdriverPartner8s0tvk","selector":{"id":"application-managepartners-display-component---NewPartner--addressDetailDetailsName1","interaction":{"idSuffix":"inner"}},"clearTextFirst":true,"interactionType":"ENTER_TEXT"}]}
COMMAND: POST /session/4aedcc6e4741b2a879631080b602cb58/execute/async - {"script":"<script> [1562 bytes]","args":[{"selector":{"id":"application-managepartners-display-component---NewPartner--addressDetailDetailsLanguage","interaction":{"idSuffix":"inner"}},"wdio_ui5_key":"applicationmanagepartners-display-component---NewPartner--addressDetailDetailsLanguage"}]}
RESULT: {"script":"<script> [1562 bytes]","args":[{"selector":{"id":"application-managepartners-display-component---NewPartner--addressDetailDetailsLanguage","interaction":{"idSuffix":"inner"}},"wdio_ui5_key":"applicationmanagepartners-display-component---NewPartner--addressDetailDetailsLanguage"}]}
RESULT: undefined
COMMAND: POST /session/4aedcc6e4741b2a879631080b602cb58/execute/async - {"script":"<script> [776 bytes]","args":[{"enterText":"Romanian","selector":{"id":"application-managepartners-display-component---NewPartner--addressDetailDetailsLanguage","interaction":{"idSuffix":"inner"}},"clearTextFirst":true,"interactionType":"ENTER_TEXT"}]}
RESULT: {"script":"<script> [776 bytes]","args":[{"enterText":"Romanian","selector":{"id":"application-managepartners-display-component---NewPartner--addressDetailDetailsLanguage","interaction":{"idSuffix":"inner"}},"clearTextFirst":true,"interactionType":"ENTER_TEXT"}]}
COMMAND: POST /session/4aedcc6e4741b2a879631080b602cb58/element - {"using":"xpath","value":"//input[contains(@id ,\"application-managepartners-display-component---NewPartner--addressDetailDetailsName1-inner\")]"}
RESULT: {"using":"xpath","value":"//input[contains(@id ,\"application-managepartners-display-component---NewPartner--addressDetailDetailsName1-inner\")]"}
COMMAND: GET /session/4aedcc6e4741b2a879631080b602cb58/element/f.0FDC85D955747547727011D182B9DC15.d.4D856B862929646B4B98E03A86F4E84F.e.1428/property/value - {}
RESULT: {}
COMMAND: POST /session/4aedcc6e4741b2a879631080b602cb58/execute/async - {"script":"<script> [1562 bytes]","args":[{"selector":{"id":"application-managepartners-display-component---NewPartner--addressDetailDetailsCity1","interaction":{"idSuffix":"inner"}},"wdio_ui5_key":"applicationmanagepartners-display-component---NewPartner--addressDetailDetailsCity1"}]}
COMMAND: GET /session/4aedcc6e4741b2a879631080b602cb58/screenshot - {}
RESULT: {"script":"<script> [1562 bytes]","args":[{"selector":{"id":"application-managepartners-display-component---NewPartner--addressDetailDetailsCity1","interaction":{"idSuffix":"inner"}},"wdio_ui5_key":"applicationmanagepartners-display-component---NewPartner--addressDetailDetailsCity1"}]}
RESULT: undefined
COMMAND: POST /session/4aedcc6e4741b2a879631080b602cb58/execute/async - {"script":"<script> [776 bytes]","args":[{"enterText":"Bucharest","selector":{"id":"application-managepartners-display-component---NewPartner--addressDetailDetailsCity1","interaction":{"idSuffix":"inner"}},"clearTextFirst":true,"interactionType":"ENTER_TEXT"}]}
RESULT: {}
RESULT: {"script":"<script> [776 bytes]","args":[{"enterText":"Bucharest","selector":{"id":"application-managepartners-display-component---NewPartner--addressDetailDetailsCity1","interaction":{"idSuffix":"inner"}},"clearTextFirst":true,"interactionType":"ENTER_TEXT"}]}
COMMAND: POST /session/4aedcc6e4741b2a879631080b602cb58/execute/async - {"script":"<script> [1562 bytes]","args":[{"selector":{"id":"application-managepartners-display-component---NewPartner--addressDetailDetailsCountry","interaction":{"idSuffix":"inner"}},"wdio_ui5_key":"applicationmanagepartners-display-component---NewPartner--addressDetailDetailsCountry"}]}
RESULT: {"script":"<script> [1562 bytes]","args":[{"selector":{"id":"application-managepartners-display-component---NewPartner--addressDetailDetailsCountry","interaction":{"idSuffix":"inner"}},"wdio_ui5_key":"applicationmanagepartners-display-component---NewPartner--addressDetailDetailsCountry"}]}
RESULT: undefined
COMMAND: POST /session/4aedcc6e4741b2a879631080b602cb58/execute/async - {"script":"<script> [6424 bytes]","args":[{"element-6066-11e4-a52e-4f735466cecf":"f.0FDC85D955747547727011D182B9DC15.d.4D856B862929646B4B98E03A86F4E84F.e.1435"},"setValue",["Romania"]]}
RESULT: {"script":"<script> [6424 bytes]","args":[{"element-6066-11e4-a52e-4f735466cecf":"f.0FDC85D955747547727011D182B9DC15.d.4D856B862929646B4B98E03A86F4E84F.e.1435"},"setValue",["Romania"]]}
COMMAND: POST /session/4aedcc6e4741b2a879631080b602cb58/execute/async - {"script":"<script> [1562 bytes]","args":[{"selector":{"id":"application-managepartners-display-component---NewPartner--partnerDetailInternal","interaction":{"idSuffix":"inner"}},"wdio_ui5_key":"applicationmanagepartners-display-component---NewPartner--partnerDetailInternal"}]}
RESULT: {"script":"<script> [1562 bytes]","args":[{"selector":{"id":"application-managepartners-display-component---NewPartner--partnerDetailInternal","interaction":{"idSuffix":"inner"}},"wdio_ui5_key":"applicationmanagepartners-display-component---NewPartner--partnerDetailInternal"}]}
RESULT: undefined
COMMAND: POST /session/4aedcc6e4741b2a879631080b602cb58/execute/async - {"script":"<script> [776 bytes]","args":[{"enterText":"External partner","selector":{"id":"application-managepartners-display-component---NewPartner--partnerDetailInternal","interaction":{"idSuffix":"inner"}},"clearTextFirst":true,"interactionType":"ENTER_TEXT"}]}
RESULT: {"script":"<script> [776 bytes]","args":[{"enterText":"External partner","selector":{"id":"application-managepartners-display-component---NewPartner--partnerDetailInternal","interaction":{"idSuffix":"inner"}},"clearTextFirst":true,"interactionType":"ENTER_TEXT"}]}
COMMAND: POST /session/4aedcc6e4741b2a879631080b602cb58/execute/async - {"script":"<script> [1562 bytes]","args":[{"selector":{"id":"application-managepartners-display-component---NewPartner--partnerDetailsCurrency","interaction":{"idSuffix":"inner"}},"wdio_ui5_key":"applicationmanagepartners-display-component---NewPartner--partnerDetailsCurrency"}]}
RESULT: {"script":"<script> [1562 bytes]","args":[{"selector":{"id":"application-managepartners-display-component---NewPartner--partnerDetailsCurrency","interaction":{"idSuffix":"inner"}},"wdio_ui5_key":"applicationmanagepartners-display-component---NewPartner--partnerDetailsCurrency"}]}
RESULT: undefined
COMMAND: POST /session/4aedcc6e4741b2a879631080b602cb58/execute/async - {"script":"<script> [776 bytes]","args":[{"enterText":"Euro","selector":{"id":"application-managepartners-display-component---NewPartner--partnerDetailsCurrency","interaction":{"idSuffix":"inner"}},"clearTextFirst":true,"interactionType":"ENTER_TEXT"}]}
RESULT: {"script":"<script> [776 bytes]","args":[{"enterText":"Euro","selector":{"id":"application-managepartners-display-component---NewPartner--partnerDetailsCurrency","interaction":{"idSuffix":"inner"}},"clearTextFirst":true,"interactionType":"ENTER_TEXT"}]}
COMMAND: POST /session/4aedcc6e4741b2a879631080b602cb58/execute/async - {"script":"<script> [1562 bytes]","args":[{"selector":{"controlType":"sap.m.Button","viewName":"etm.portal.ui.managepartners.view.NewPartner","viewId":"application-managepartners-display-component---NewPartner","properties":{"text":"Commercial"},"interaction":{"idSuffix":"BDI-content"}},"wdio_ui5_key":"etmportal.ui.managepartners.view.NewPartnersap.m.Button{\"text\":\"Commercial\"}"}]}
RESULT: {"script":"<script> [1562 bytes]","args":[{"selector":{"controlType":"sap.m.Button","viewName":"etm.portal.ui.managepartners.view.NewPartner","viewId":"application-managepartners-display-component---NewPartner","properties":{"text":"Commercial"},"interaction":{"idSuffix":"BDI-content"}},"wdio_ui5_key":"etmportal.ui.managepartners.view.NewPartnersap.m.Button{\"text\":\"Commercial\"}"}]}
RESULT: undefined
COMMAND: POST /session/4aedcc6e4741b2a879631080b602cb58/element - {"using":"xpath","value":"//*[@id=\"application-managepartners-display-component---NewPartner--ObjectPageLayout-anchBar-__section5-anchor\"]"}
RESULT: {"using":"xpath","value":"//*[@id=\"application-managepartners-display-component---NewPartner--ObjectPageLayout-anchBar-__section5-anchor\"]"}
COMMAND: POST /session/4aedcc6e4741b2a879631080b602cb58/element/f.0FDC85D955747547727011D182B9DC15.d.4D856B862929646B4B98E03A86F4E84F.e.1672/click - {}
RESULT: {}
COMMAND: GET /session/4aedcc6e4741b2a879631080b602cb58/screenshot - {}
RESULT: {}
COMMAND: POST /session/4aedcc6e4741b2a879631080b602cb58/execute/async - {"script":"<script> [1562 bytes]","args":[{"selector":{"id":"application-managepartners-display-component---NewPartner--btnAddTableRow-img"},"wdio_ui5_key":"applicationmanagepartners-display-component---NewPartner--btnAddTableRow-img"}]}
RESULT: {"script":"<script> [1562 bytes]","args":[{"selector":{"id":"application-managepartners-display-component---NewPartner--btnAddTableRow-img"},"wdio_ui5_key":"applicationmanagepartners-display-component---NewPartner--btnAddTableRow-img"}]}
RESULT: undefined
COMMAND: POST /session/4aedcc6e4741b2a879631080b602cb58/element - {"using":"xpath","value":"//*[@id=\"application-managepartners-display-component---NewPartner--btnAddTableRow-img\"]"}
RESULT: {"using":"xpath","value":"//*[@id=\"application-managepartners-display-component---NewPartner--btnAddTableRow-img\"]"}
COMMAND: POST /session/4aedcc6e4741b2a879631080b602cb58/element/f.0FDC85D955747547727011D182B9DC15.d.4D856B862929646B4B98E03A86F4E84F.e.1680/click - {}
RESULT: {}
COMMAND: POST /session/4aedcc6e4741b2a879631080b602cb58/element - {"using":"xpath","value":"//input[contains(@id ,\"application-managepartners-display-component---NewPartner--assignmentYard-application-managepartners-display-component---NewPartner\")]"}
COMMAND: GET /session/4aedcc6e4741b2a879631080b602cb58/screenshot - {}
RESULT: {"using":"xpath","value":"//input[contains(@id ,\"application-managepartners-display-component---NewPartner--assignmentYard-application-managepartners-display-component---NewPartner\")]"}
COMMAND: POST /session/4aedcc6e4741b2a879631080b602cb58/element/f.0FDC85D955747547727011D182B9DC15.d.4D856B862929646B4B98E03A86F4E84F.e.1683/clear - {}
RESULT: {}
RESULT: {}
COMMAND: POST /session/4aedcc6e4741b2a879631080b602cb58/element/f.0FDC85D955747547727011D182B9DC15.d.4D856B862929646B4B98E03A86F4E84F.e.1683/value - {"text":"WebdriverYard1joi9"}
COMMAND: GET /session/4aedcc6e4741b2a879631080b602cb58/screenshot - {}
RESULT: {"text":"WebdriverYard1joi9"}
COMMAND: GET /session/4aedcc6e4741b2a879631080b602cb58/screenshot - {}
RESULT: {}
RESULT: {}
COMMAND: POST /session/4aedcc6e4741b2a879631080b602cb58/execute/async - {"script":"<script> [1562 bytes]","args":[{"selector":{"controlType":"sap.m.Button","viewName":"etm.portal.ui.managepartners.view.NewPartner","viewId":"application-managepartners-display-component---NewPartner","i18NText":{"propertyName":"text","key":"save"},"interaction":{"idSuffix":"BDI-content"}},"wdio_ui5_key":"etmportal.ui.managepartners.view.NewPartnersap.m.Button{\"propertyName\":\"text\",\"key\":\"save\"}"}]}
RESULT: {"script":"<script> [1562 bytes]","args":[{"selector":{"controlType":"sap.m.Button","viewName":"etm.portal.ui.managepartners.view.NewPartner","viewId":"application-managepartners-display-component---NewPartner","i18NText":{"propertyName":"text","key":"save"},"interaction":{"idSuffix":"BDI-content"}},"wdio_ui5_key":"etmportal.ui.managepartners.view.NewPartnersap.m.Button{\"propertyName\":\"text\",\"key\":\"save\"}"}]}
RESULT: undefined
COMMAND: POST /session/4aedcc6e4741b2a879631080b602cb58/element - {"using":"xpath","value":"//*[@id=\"__button12\"]"}
RESULT: {"using":"xpath","value":"//*[@id=\"__button12\"]"}
COMMAND: POST /session/4aedcc6e4741b2a879631080b602cb58/element/f.0FDC85D955747547727011D182B9DC15.d.4D856B862929646B4B98E03A86F4E84F.e.1586/click - {}
RESULT: {}
COMMAND: GET /session/4aedcc6e4741b2a879631080b602cb58/screenshot - {}
RESULT: {}
COMMAND: POST /session/4aedcc6e4741b2a879631080b602cb58/element - {"using":"xpath","value":"//header/div/div[2]/div[2]/span"}
RESULT: {"using":"xpath","value":"//header/div/div[2]/div[2]/span"}
COMMAND: GET /session/4aedcc6e4741b2a879631080b602cb58/element/f.0FDC85D955747547727011D182B9DC15.d.4D856B862929646B4B98E03A86F4E84F.e.1856/text - {}
RESULT: {}
COMMAND: POST /session/4aedcc6e4741b2a879631080b602cb58/element - {"using":"xpath","value":"//header/div/div/div/div/div/div[2]/div/span"}
RESULT: {"using":"xpath","value":"//header/div/div/div/div/div/div[2]/div/span"}
COMMAND: GET /session/4aedcc6e4741b2a879631080b602cb58/element/f.0FDC85D955747547727011D182B9DC15.d.4D856B862929646B4B98E03A86F4E84F.e.1857/text - {}
RESULT: {}
COMMAND: POST /session/4aedcc6e4741b2a879631080b602cb58/execute/async - {"script":"<script> [1562 bytes]","args":[{"selector":{"id":"application-managepartners-display-component---detailPtm--partnerType"},"wdio_ui5_key":"applicationmanagepartners-display-component---detailPtm--partnerType"}]}
RESULT: {"script":"<script> [1562 bytes]","args":[{"selector":{"id":"application-managepartners-display-component---detailPtm--partnerType"},"wdio_ui5_key":"applicationmanagepartners-display-component---detailPtm--partnerType"}]}
RESULT: undefined
COMMAND: POST /session/4aedcc6e4741b2a879631080b602cb58/execute/async - {"script":"<script> [6424 bytes]","args":[{"element-6066-11e4-a52e-4f735466cecf":"f.0FDC85D955747547727011D182B9DC15.d.4D856B862929646B4B98E03A86F4E84F.e.1858"},"getText",[]]}
RESULT: {"script":"<script> [6424 bytes]","args":[{"element-6066-11e4-a52e-4f735466cecf":"f.0FDC85D955747547727011D182B9DC15.d.4D856B862929646B4B98E03A86F4E84F.e.1858"},"getText",[]]}
COMMAND: POST /session/4aedcc6e4741b2a879631080b602cb58/element - {"using":"css selector","value":"#shell-header-logo"}
RESULT: {"using":"css selector","value":"#shell-header-logo"}
COMMAND: POST /session/4aedcc6e4741b2a879631080b602cb58/element/f.0FDC85D955747547727011D182B9DC15.d.4D856B862929646B4B98E03A86F4E84F.e.1198/click - {}
RESULT: {}
COMMAND: GET /session/4aedcc6e4741b2a879631080b602cb58/screenshot - {}
RESULT: {}
COMMAND: POST /session/4aedcc6e4741b2a879631080b602cb58/execute/async - {"script":"<script> [1562 bytes]","args":[{"selector":{"controlType":"sap.m.GenericTile","properties":{"header":"Manage Sites"}},"wdio_ui5_key":"sapm.GenericTile{\"header\":\"Manage Sites\"}"}]}
RESULT: {"script":"<script> [1562 bytes]","args":[{"selector":{"controlType":"sap.m.GenericTile","properties":{"header":"Manage Sites"}},"wdio_ui5_key":"sapm.GenericTile{\"header\":\"Manage Sites\"}"}]}
RESULT: undefined
COMMAND: POST /session/4aedcc6e4741b2a879631080b602cb58/element - {"using":"xpath","value":"//*[@id=\"__tile40\"]"}
RESULT: {"using":"xpath","value":"//*[@id=\"__tile40\"]"}
COMMAND: POST /session/4aedcc6e4741b2a879631080b602cb58/element/f.0FDC85D955747547727011D182B9DC15.d.4D856B862929646B4B98E03A86F4E84F.e.1860/click - {}
RESULT: {}
COMMAND: GET /session/4aedcc6e4741b2a879631080b602cb58/screenshot - {}
RESULT: {}
COMMAND: POST /session/4aedcc6e4741b2a879631080b602cb58/elements - {"using":"xpath","value":"//span[text()='Error']"}
RESULT: {"using":"xpath","value":"//span[text()='Error']"}
COMMAND: POST /session/4aedcc6e4741b2a879631080b602cb58/execute/async - {"script":"<script> [1562 bytes]","args":[{"selector":{"controlType":"sap.ui.core.Icon","viewName":"etm.portal.ui.managesites.view.Master","viewId":"application-managesites-display-component---masterSite","properties":{"src":{"regex":{"source":"add"}}}},"wdio_ui5_key":"etmportal.ui.managesites.view.Mastersap.ui.core.Icon{\"src\":{\"regex\":{\"source\":\"add\"}}}"}]}
RESULT: {"script":"<script> [1562 bytes]","args":[{"selector":{"controlType":"sap.ui.core.Icon","viewName":"etm.portal.ui.managesites.view.Master","viewId":"application-managesites-display-component---masterSite","properties":{"src":{"regex":{"source":"add"}}}},"wdio_ui5_key":"etmportal.ui.managesites.view.Mastersap.ui.core.Icon{\"src\":{\"regex\":{\"source\":\"add\"}}}"}]}
RESULT: undefined
COMMAND: POST /session/4aedcc6e4741b2a879631080b602cb58/element - {"using":"xpath","value":"//*[@id=\"__button48-img\"]"}
RESULT: {"using":"xpath","value":"//*[@id=\"__button48-img\"]"}
COMMAND: POST /session/4aedcc6e4741b2a879631080b602cb58/element/f.0FDC85D955747547727011D182B9DC15.d.4D856B862929646B4B98E03A86F4E84F.e.1907/click - {}
RESULT: {}
COMMAND: POST /session/4aedcc6e4741b2a879631080b602cb58/execute/async - {"script":"<script> [1562 bytes]","args":[{"selector":{"id":"application-managesites-display-component---NewSite--siteId","interaction":{"idSuffix":"inner"}},"wdio_ui5_key":"applicationmanagesites-display-component---NewSite--siteId"}]}
COMMAND: GET /session/4aedcc6e4741b2a879631080b602cb58/screenshot - {}
RESULT: {"script":"<script> [1562 bytes]","args":[{"selector":{"id":"application-managesites-display-component---NewSite--siteId","interaction":{"idSuffix":"inner"}},"wdio_ui5_key":"applicationmanagesites-display-component---NewSite--siteId"}]}
RESULT: undefined
COMMAND: POST /session/4aedcc6e4741b2a879631080b602cb58/execute/async - {"script":"<script> [1562 bytes]","args":[{"selector":{"id":"application-managesites-display-component---NewSite--addressDetailDetailsName1","interaction":{"idSuffix":"inner"}},"wdio_ui5_key":"applicationmanagesites-display-component---NewSite--addressDetailDetailsName1"}]}
RESULT: {}
RESULT: {"script":"<script> [1562 bytes]","args":[{"selector":{"id":"application-managesites-display-component---NewSite--addressDetailDetailsName1","interaction":{"idSuffix":"inner"}},"wdio_ui5_key":"applicationmanagesites-display-component---NewSite--addressDetailDetailsName1"}]}
RESULT: undefined
COMMAND: POST /session/4aedcc6e4741b2a879631080b602cb58/execute/async - {"script":"<script> [776 bytes]","args":[{"enterText":"WebdriverSitefcng9","selector":{"id":"application-managesites-display-component---NewSite--addressDetailDetailsName1","interaction":{"idSuffix":"inner"}},"clearTextFirst":true,"interactionType":"ENTER_TEXT"}]}
RESULT: {"script":"<script> [776 bytes]","args":[{"enterText":"WebdriverSitefcng9","selector":{"id":"application-managesites-display-component---NewSite--addressDetailDetailsName1","interaction":{"idSuffix":"inner"}},"clearTextFirst":true,"interactionType":"ENTER_TEXT"}]}
COMMAND: POST /session/4aedcc6e4741b2a879631080b602cb58/execute/async - {"script":"<script> [1562 bytes]","args":[{"selector":{"id":"application-managesites-display-component---NewSite--addressDetailDetailsLanguage","interaction":{"idSuffix":"inner"}},"wdio_ui5_key":"applicationmanagesites-display-component---NewSite--addressDetailDetailsLanguage"}]}
RESULT: {"script":"<script> [1562 bytes]","args":[{"selector":{"id":"application-managesites-display-component---NewSite--addressDetailDetailsLanguage","interaction":{"idSuffix":"inner"}},"wdio_ui5_key":"applicationmanagesites-display-component---NewSite--addressDetailDetailsLanguage"}]}
RESULT: undefined
COMMAND: POST /session/4aedcc6e4741b2a879631080b602cb58/execute/async - {"script":"<script> [776 bytes]","args":[{"enterText":"Romanian","selector":{"id":"application-managesites-display-component---NewSite--addressDetailDetailsLanguage","interaction":{"idSuffix":"inner"}},"clearTextFirst":true,"interactionType":"ENTER_TEXT"}]}
RESULT: {"script":"<script> [776 bytes]","args":[{"enterText":"Romanian","selector":{"id":"application-managesites-display-component---NewSite--addressDetailDetailsLanguage","interaction":{"idSuffix":"inner"}},"clearTextFirst":true,"interactionType":"ENTER_TEXT"}]}
COMMAND: POST /session/4aedcc6e4741b2a879631080b602cb58/execute/async - {"script":"<script> [1562 bytes]","args":[{"selector":{"id":"application-managesites-display-component---NewSite--addressDetailDetailsCity1","interaction":{"idSuffix":"inner"}},"wdio_ui5_key":"applicationmanagesites-display-component---NewSite--addressDetailDetailsCity1"}]}
RESULT: {"script":"<script> [1562 bytes]","args":[{"selector":{"id":"application-managesites-display-component---NewSite--addressDetailDetailsCity1","interaction":{"idSuffix":"inner"}},"wdio_ui5_key":"applicationmanagesites-display-component---NewSite--addressDetailDetailsCity1"}]}
RESULT: undefined
COMMAND: POST /session/4aedcc6e4741b2a879631080b602cb58/execute/async - {"script":"<script> [776 bytes]","args":[{"enterText":"Bucharest","selector":{"id":"application-managesites-display-component---NewSite--addressDetailDetailsCity1","interaction":{"idSuffix":"inner"}},"clearTextFirst":true,"interactionType":"ENTER_TEXT"}]}
RESULT: {"script":"<script> [776 bytes]","args":[{"enterText":"Bucharest","selector":{"id":"application-managesites-display-component---NewSite--addressDetailDetailsCity1","interaction":{"idSuffix":"inner"}},"clearTextFirst":true,"interactionType":"ENTER_TEXT"}]}
COMMAND: POST /session/4aedcc6e4741b2a879631080b602cb58/execute/async - {"script":"<script> [1562 bytes]","args":[{"selector":{"id":"application-managesites-display-component---NewSite--addressDetailDetailsCountry","interaction":{"idSuffix":"inner"}},"wdio_ui5_key":"applicationmanagesites-display-component---NewSite--addressDetailDetailsCountry"}]}
RESULT: {"script":"<script> [1562 bytes]","args":[{"selector":{"id":"application-managesites-display-component---NewSite--addressDetailDetailsCountry","interaction":{"idSuffix":"inner"}},"wdio_ui5_key":"applicationmanagesites-display-component---NewSite--addressDetailDetailsCountry"}]}
RESULT: undefined
COMMAND: POST /session/4aedcc6e4741b2a879631080b602cb58/execute/async - {"script":"<script> [776 bytes]","args":[{"enterText":"Romania","selector":{"id":"application-managesites-display-component---NewSite--addressDetailDetailsCountry","interaction":{"idSuffix":"inner"}},"clearTextFirst":true,"interactionType":"ENTER_TEXT"}]}
RESULT: {"script":"<script> [776 bytes]","args":[{"enterText":"Romania","selector":{"id":"application-managesites-display-component---NewSite--addressDetailDetailsCountry","interaction":{"idSuffix":"inner"}},"clearTextFirst":true,"interactionType":"ENTER_TEXT"}]}
COMMAND: POST /session/4aedcc6e4741b2a879631080b602cb58/element - {"using":"css selector","value":"#application-managesites-display-component---NewSite--addressDetailDetailsCalendar-inner"}
RESULT: {"using":"css selector","value":"#application-managesites-display-component---NewSite--addressDetailDetailsCalendar-inner"}
COMMAND: POST /session/4aedcc6e4741b2a879631080b602cb58/element/f.0FDC85D955747547727011D182B9DC15.d.4D856B862929646B4B98E03A86F4E84F.e.2104/clear - {}
RESULT: {}
COMMAND: POST /session/4aedcc6e4741b2a879631080b602cb58/element/f.0FDC85D955747547727011D182B9DC15.d.4D856B862929646B4B98E03A86F4E84F.e.2104/value - {"text":"Germany"}
COMMAND: GET /session/4aedcc6e4741b2a879631080b602cb58/screenshot - {}
RESULT: {"text":"Germany"}
COMMAND: POST /session/4aedcc6e4741b2a879631080b602cb58/execute/async - {"script":"<script> [1562 bytes]","args":[{"selector":{"id":"application-managesites-display-component---NewSite--addressEditDetailsCostObjectCstType-arrow"},"wdio_ui5_key":"applicationmanagesites-display-component---NewSite--addressEditDetailsCostObjectCstType-arrow"}]}
COMMAND: GET /session/4aedcc6e4741b2a879631080b602cb58/screenshot - {}
RESULT: {}
RESULT: {"script":"<script> [1562 bytes]","args":[{"selector":{"id":"application-managesites-display-component---NewSite--addressEditDetailsCostObjectCstType-arrow"},"wdio_ui5_key":"applicationmanagesites-display-component---NewSite--addressEditDetailsCostObjectCstType-arrow"}]}
RESULT: undefined
COMMAND: POST /session/4aedcc6e4741b2a879631080b602cb58/element - {"using":"xpath","value":"//*[@id=\"application-managesites-display-component---NewSite--addressEditDetailsCostObjectCstType-arrow\"]"}
RESULT: {}
RESULT: {"using":"xpath","value":"//*[@id=\"application-managesites-display-component---NewSite--addressEditDetailsCostObjectCstType-arrow\"]"}
COMMAND: POST /session/4aedcc6e4741b2a879631080b602cb58/element/f.0FDC85D955747547727011D182B9DC15.d.4D856B862929646B4B98E03A86F4E84F.e.2299/click - {}
RESULT: {}
COMMAND: POST /session/4aedcc6e4741b2a879631080b602cb58/element - {"using":"xpath","value":"//span[contains(text(), \"Work Breakdown Structure\")]"}
COMMAND: GET /session/4aedcc6e4741b2a879631080b602cb58/screenshot - {}
RESULT: {"using":"xpath","value":"//span[contains(text(), \"Work Breakdown Structure\")]"}
COMMAND: POST /session/4aedcc6e4741b2a879631080b602cb58/element/f.0FDC85D955747547727011D182B9DC15.d.4D856B862929646B4B98E03A86F4E84F.e.2300/click - {}
RESULT: {}
RESULT: {}
COMMAND: GET /session/4aedcc6e4741b2a879631080b602cb58/screenshot - {}
RESULT: {}
COMMAND: POST /session/4aedcc6e4741b2a879631080b602cb58/execute/async - {"script":"<script> [1562 bytes]","args":[{"selector":{"id":"application-managesites-display-component---NewSite--addressNewCostObjectCstID-vhi"},"wdio_ui5_key":"applicationmanagesites-display-component---NewSite--addressNewCostObjectCstID-vhi"}]}
RESULT: {"script":"<script> [1562 bytes]","args":[{"selector":{"id":"application-managesites-display-component---NewSite--addressNewCostObjectCstID-vhi"},"wdio_ui5_key":"applicationmanagesites-display-component---NewSite--addressNewCostObjectCstID-vhi"}]}
RESULT: undefined
COMMAND: POST /session/4aedcc6e4741b2a879631080b602cb58/element - {"using":"xpath","value":"//*[@id=\"application-managesites-display-component---NewSite--addressNewCostObjectCstID-vhi\"]"}
RESULT: {"using":"xpath","value":"//*[@id=\"application-managesites-display-component---NewSite--addressNewCostObjectCstID-vhi\"]"}
COMMAND: POST /session/4aedcc6e4741b2a879631080b602cb58/element/f.0FDC85D955747547727011D182B9DC15.d.4D856B862929646B4B98E03A86F4E84F.e.2304/click - {}
RESULT: {}
COMMAND: GET /session/4aedcc6e4741b2a879631080b602cb58/screenshot - {}
RESULT: {}
COMMAND: POST /session/4aedcc6e4741b2a879631080b602cb58/execute/async - {"script":"<script> [1562 bytes]","args":[{"selector":{"controlType":"sap.m.SearchField","properties":{"placeholder":"Search"},"searchOpenDialogs":true,"interaction":{"idSuffix":"I"}},"wdio_ui5_key":"sapm.SearchField{\"placeholder\":\"Search\"}"}]}
RESULT: {"script":"<script> [1562 bytes]","args":[{"selector":{"controlType":"sap.m.SearchField","properties":{"placeholder":"Search"},"searchOpenDialogs":true,"interaction":{"idSuffix":"I"}},"wdio_ui5_key":"sapm.SearchField{\"placeholder\":\"Search\"}"}]}
RESULT: undefined
COMMAND: POST /session/4aedcc6e4741b2a879631080b602cb58/execute/async - {"script":"<script> [776 bytes]","args":[{"enterText":"A1-000100-01","selector":{"controlType":"sap.m.SearchField","properties":{"placeholder":"Search"},"searchOpenDialogs":true,"interaction":{"idSuffix":"I"}},"clearTextFirst":true,"interactionType":"ENTER_TEXT"}]}
RESULT: {"script":"<script> [776 bytes]","args":[{"enterText":"A1-000100-01","selector":{"controlType":"sap.m.SearchField","properties":{"placeholder":"Search"},"searchOpenDialogs":true,"interaction":{"idSuffix":"I"}},"clearTextFirst":true,"interactionType":"ENTER_TEXT"}]}
COMMAND: POST /session/4aedcc6e4741b2a879631080b602cb58/actions - {"actions":[{"id":"action3","type":"key","parameters":{},"actions":[{"type":"keyDown","value":"î€‡"},{"type":"pause","duration":10},{"type":"keyUp","value":"î€‡"}]}]}
RESULT: {"actions":[{"id":"action3","type":"key","parameters":{},"actions":[{"type":"keyDown","value":"î€‡"},{"type":"pause","duration":10},{"type":"keyUp","value":"î€‡"}]}]}
COMMAND: GET /session/4aedcc6e4741b2a879631080b602cb58/screenshot - {}
RESULT: {}
COMMAND: POST /session/4aedcc6e4741b2a879631080b602cb58/element - {"using":"xpath","value":"//span[contains(text(), \"Template for ETO-Process\")]"}
RESULT: {"using":"xpath","value":"//span[contains(text(), \"Template for ETO-Process\")]"}
COMMAND: POST /session/4aedcc6e4741b2a879631080b602cb58/element/f.0FDC85D955747547727011D182B9DC15.d.4D856B862929646B4B98E03A86F4E84F.e.2325/click - {}
RESULT: {}
COMMAND: GET /session/4aedcc6e4741b2a879631080b602cb58/screenshot - {}
RESULT: {}
COMMAND: POST /session/4aedcc6e4741b2a879631080b602cb58/element - {"using":"xpath","value":"//bdi[contains(text(), \"OK\")]"}
RESULT: {"using":"xpath","value":"//bdi[contains(text(), \"OK\")]"}
COMMAND: POST /session/4aedcc6e4741b2a879631080b602cb58/element/f.0FDC85D955747547727011D182B9DC15.d.4D856B862929646B4B98E03A86F4E84F.e.2326/click - {}
RESULT: {}
COMMAND: GET /session/4aedcc6e4741b2a879631080b602cb58/screenshot - {}
RESULT: {}
COMMAND: POST /session/4aedcc6e4741b2a879631080b602cb58/element - {"using":"xpath","value":"//input[@id=\"application-managesites-display-component---NewSite--addressDetailDetailsYard-inner\"]"}
RESULT: {"using":"xpath","value":"//input[@id=\"application-managesites-display-component---NewSite--addressDetailDetailsYard-inner\"]"}
COMMAND: POST /session/4aedcc6e4741b2a879631080b602cb58/element/f.0FDC85D955747547727011D182B9DC15.d.4D856B862929646B4B98E03A86F4E84F.e.2105/value - {"text":"WebdriverYard1joi9"}
RESULT: {"text":"WebdriverYard1joi9"}
COMMAND: GET /session/4aedcc6e4741b2a879631080b602cb58/screenshot - {}
RESULT: {}
COMMAND: POST /session/4aedcc6e4741b2a879631080b602cb58/actions - {"actions":[{"id":"action4","type":"key","parameters":{},"actions":[{"type":"keyDown","value":"î€‡"},{"type":"pause","duration":10},{"type":"keyUp","value":"î€‡"}]}]}
RESULT: {"actions":[{"id":"action4","type":"key","parameters":{},"actions":[{"type":"keyDown","value":"î€‡"},{"type":"pause","duration":10},{"type":"keyUp","value":"î€‡"}]}]}
COMMAND: GET /session/4aedcc6e4741b2a879631080b602cb58/screenshot - {}
RESULT: {}
COMMAND: POST /session/4aedcc6e4741b2a879631080b602cb58/element - {"using":"xpath","value":"//input[@id=\"application-managesites-display-component---NewSite--addressDetailDetailsPartner-inner\"]"}
RESULT: {"using":"xpath","value":"//input[@id=\"application-managesites-display-component---NewSite--addressDetailDetailsPartner-inner\"]"}
COMMAND: POST /session/4aedcc6e4741b2a879631080b602cb58/elements - {"using":"xpath","value":"//input[@id=\"application-managesites-display-component---NewSite--addressDetailDetailsPartner-inner\"]"}
RESULT: {"using":"xpath","value":"//input[@id=\"application-managesites-display-component---NewSite--addressDetailDetailsPartner-inner\"]"}
COMMAND: POST /session/4aedcc6e4741b2a879631080b602cb58/execute/async - {"script":"<script> [1562 bytes]","args":[{"selector":{"controlType":"sap.m.Button","viewName":"etm.portal.ui.managesites.view.NewSmartSite","viewId":"application-managesites-display-component---NewSite","properties":{"text":"Commercial"},"interaction":{"idSuffix":"BDI-content"}},"wdio_ui5_key":"etmportal.ui.managesites.view.NewSmartSitesap.m.Button{\"text\":\"Commercial\"}"}]}
RESULT: {"script":"<script> [1562 bytes]","args":[{"selector":{"controlType":"sap.m.Button","viewName":"etm.portal.ui.managesites.view.NewSmartSite","viewId":"application-managesites-display-component---NewSite","properties":{"text":"Commercial"},"interaction":{"idSuffix":"BDI-content"}},"wdio_ui5_key":"etmportal.ui.managesites.view.NewSmartSitesap.m.Button{\"text\":\"Commercial\"}"}]}
RESULT: undefined
COMMAND: POST /session/4aedcc6e4741b2a879631080b602cb58/element - {"using":"xpath","value":"//*[@id=\"application-managesites-display-component---NewSite--ObjectPageLayout-anchBar-__section29-anchor\"]"}
RESULT: {"using":"xpath","value":"//*[@id=\"application-managesites-display-component---NewSite--ObjectPageLayout-anchBar-__section29-anchor\"]"}
COMMAND: POST /session/4aedcc6e4741b2a879631080b602cb58/element/f.0FDC85D955747547727011D182B9DC15.d.4D856B862929646B4B98E03A86F4E84F.e.2333/click - {}
RESULT: {}
COMMAND: POST /session/4aedcc6e4741b2a879631080b602cb58/execute/async - {"script":"<script> [1562 bytes]","args":[{"selector":{"controlType":"sap.m.Button","viewName":"etm.portal.ui.managesites.view.NewSmartSite","viewId":"application-managesites-display-component---NewSite","i18NText":{"propertyName":"text","key":"save"},"interaction":{"idSuffix":"BDI-content"}},"wdio_ui5_key":"etmportal.ui.managesites.view.NewSmartSitesap.m.Button{\"propertyName\":\"text\",\"key\":\"save\"}"}]}
COMMAND: GET /session/4aedcc6e4741b2a879631080b602cb58/screenshot - {}
RESULT: {"script":"<script> [1562 bytes]","args":[{"selector":{"controlType":"sap.m.Button","viewName":"etm.portal.ui.managesites.view.NewSmartSite","viewId":"application-managesites-display-component---NewSite","i18NText":{"propertyName":"text","key":"save"},"interaction":{"idSuffix":"BDI-content"}},"wdio_ui5_key":"etmportal.ui.managesites.view.NewSmartSitesap.m.Button{\"propertyName\":\"text\",\"key\":\"save\"}"}]}
RESULT: undefined
COMMAND: POST /session/4aedcc6e4741b2a879631080b602cb58/element - {"using":"xpath","value":"//*[@id=\"__button60\"]"}
RESULT: {}
RESULT: {"using":"xpath","value":"//*[@id=\"__button60\"]"}
COMMAND: POST /session/4aedcc6e4741b2a879631080b602cb58/element/f.0FDC85D955747547727011D182B9DC15.d.4D856B862929646B4B98E03A86F4E84F.e.2241/click - {}
RESULT: {}
COMMAND: GET /session/4aedcc6e4741b2a879631080b602cb58/screenshot - {}
RESULT: {}
COMMAND: POST /session/4aedcc6e4741b2a879631080b602cb58/execute/async - {"script":"<script> [1562 bytes]","args":[{"selector":{"id":"application-managesites-display-component---detailSite--addressDetailDetailsYardText"},"wdio_ui5_key":"applicationmanagesites-display-component---detailSite--addressDetailDetailsYardText"}]}
RESULT: {"script":"<script> [1562 bytes]","args":[{"selector":{"id":"application-managesites-display-component---detailSite--addressDetailDetailsYardText"},"wdio_ui5_key":"applicationmanagesites-display-component---detailSite--addressDetailDetailsYardText"}]}
RESULT: undefined
COMMAND: POST /session/4aedcc6e4741b2a879631080b602cb58/element - {"using":"xpath","value":"//header/div/div[2]/div[2]/span"}
RESULT: {"using":"xpath","value":"//header/div/div[2]/div[2]/span"}
COMMAND: GET /session/4aedcc6e4741b2a879631080b602cb58/element/f.0FDC85D955747547727011D182B9DC15.d.4D856B862929646B4B98E03A86F4E84F.e.2542/text - {}
RESULT: {}
COMMAND: POST /session/4aedcc6e4741b2a879631080b602cb58/element - {"using":"xpath","value":"//header/div/div/div/div/div/div[2]/div/span"}
RESULT: {"using":"xpath","value":"//header/div/div/div/div/div/div[2]/div/span"}
COMMAND: GET /session/4aedcc6e4741b2a879631080b602cb58/element/f.0FDC85D955747547727011D182B9DC15.d.4D856B862929646B4B98E03A86F4E84F.e.2543/text - {}
RESULT: {}
COMMAND: POST /session/4aedcc6e4741b2a879631080b602cb58/element - {"using":"css selector","value":"#shell-header-logo"}
RESULT: {"using":"css selector","value":"#shell-header-logo"}
COMMAND: POST /session/4aedcc6e4741b2a879631080b602cb58/element/f.0FDC85D955747547727011D182B9DC15.d.4D856B862929646B4B98E03A86F4E84F.e.1863/click - {}
RESULT: {}
COMMAND: GET /session/4aedcc6e4741b2a879631080b602cb58/screenshot - {}
RESULT: {}
]]></system-out>
    </testcase>
    <testcase classname="chrome.136_0_7103_93.windows.Standard_contract_-_add_contract_items_by_Insert_Request_US118222" name="Should create 2 new resources and a catalog item" time="380.073">
      <system-out><![CDATA[
COMMAND: POST /session/4aedcc6e4741b2a879631080b602cb58/execute/async - {"script":"<script> [1562 bytes]","args":[{"selector":{"controlType":"sap.m.GenericTile","properties":{"header":"Manage Resources"}},"wdio_ui5_key":"sapm.GenericTile{\"header\":\"Manage Resources\"}"}]}
RESULT: {"script":"<script> [1562 bytes]","args":[{"selector":{"controlType":"sap.m.GenericTile","properties":{"header":"Manage Resources"}},"wdio_ui5_key":"sapm.GenericTile{\"header\":\"Manage Resources\"}"}]}
RESULT: undefined
COMMAND: POST /session/4aedcc6e4741b2a879631080b602cb58/element - {"using":"xpath","value":"//*[@id=\"__tile39\"]"}
RESULT: {"using":"xpath","value":"//*[@id=\"__tile39\"]"}
COMMAND: POST /session/4aedcc6e4741b2a879631080b602cb58/element/f.0FDC85D955747547727011D182B9DC15.d.4D856B862929646B4B98E03A86F4E84F.e.2545/click - {}
RESULT: {}
COMMAND: GET /session/4aedcc6e4741b2a879631080b602cb58/screenshot - {}
RESULT: {}
COMMAND: POST /session/4aedcc6e4741b2a879631080b602cb58/elements - {"using":"xpath","value":"//span[text()='Error']"}
RESULT: {"using":"xpath","value":"//span[text()='Error']"}
COMMAND: POST /session/4aedcc6e4741b2a879631080b602cb58/element - {"using":"xpath","value":"//button[@data-kt=\"addNewRUOverflowToolbarButton\"]"}
RESULT: {"using":"xpath","value":"//button[@data-kt=\"addNewRUOverflowToolbarButton\"]"}
COMMAND: POST /session/4aedcc6e4741b2a879631080b602cb58/execute/sync - {"script":"<script> [8489 bytes]","args":[{"element-6066-11e4-a52e-4f735466cecf":"f.0FDC85D955747547727011D182B9DC15.d.4D856B862929646B4B98E03A86F4E84F.e.2587","ELEMENT":"f.0FDC85D955747547727011D182B9DC15.d.4D856B862929646B4B98E03A86F4E84F.e.2587"}]}
RESULT: {"script":"<script> [8489 bytes]","args":[{"element-6066-11e4-a52e-4f735466cecf":"f.0FDC85D955747547727011D182B9DC15.d.4D856B862929646B4B98E03A86F4E84F.e.2587","ELEMENT":"f.0FDC85D955747547727011D182B9DC15.d.4D856B862929646B4B98E03A86F4E84F.e.2587"}]}
COMMAND: POST /session/4aedcc6e4741b2a879631080b602cb58/element/f.0FDC85D955747547727011D182B9DC15.d.4D856B862929646B4B98E03A86F4E84F.e.2587/click - {}
COMMAND: GET /session/4aedcc6e4741b2a879631080b602cb58/screenshot - {}
RESULT: {}
COMMAND: POST /session/4aedcc6e4741b2a879631080b602cb58/execute/async - {"script":"<script> [1562 bytes]","args":[{"selector":{"id":"application-manageresources-display-component---newResourceUnit--TYPE-arrow"},"wdio_ui5_key":"applicationmanageresources-display-component---newResourceUnit--TYPE-arrow"}]}
COMMAND: GET /session/4aedcc6e4741b2a879631080b602cb58/screenshot - {}
RESULT: {}
RESULT: {"script":"<script> [1562 bytes]","args":[{"selector":{"id":"application-manageresources-display-component---newResourceUnit--TYPE-arrow"},"wdio_ui5_key":"applicationmanageresources-display-component---newResourceUnit--TYPE-arrow"}]}
RESULT: undefined
COMMAND: POST /session/4aedcc6e4741b2a879631080b602cb58/element - {"using":"xpath","value":"//*[@id=\"application-manageresources-display-component---newResourceUnit--TYPE-arrow\"]"}
RESULT: {}
RESULT: {"using":"xpath","value":"//*[@id=\"application-manageresources-display-component---newResourceUnit--TYPE-arrow\"]"}
COMMAND: POST /session/4aedcc6e4741b2a879631080b602cb58/element/f.0FDC85D955747547727011D182B9DC15.d.4D856B862929646B4B98E03A86F4E84F.e.2913/click - {}
RESULT: {}
COMMAND: POST /session/4aedcc6e4741b2a879631080b602cb58/execute/async - {"script":"<script> [1562 bytes]","args":[{"selector":{"controlType":"sap.m.StandardListItem","viewName":"reusables.view.manageresources.NewResourceUnit","viewId":"application-manageresources-display-component---newResourceUnit","properties":{"title":"Material"},"searchOpenDialogs":true,"interaction":{"idSuffix":"titleText"}},"wdio_ui5_key":"reusablesview.manageresources.NewResourceUnitsap.m.StandardListItem{\"title\":\"Material\"}"}]}
COMMAND: GET /session/4aedcc6e4741b2a879631080b602cb58/screenshot - {}
RESULT: {"script":"<script> [1562 bytes]","args":[{"selector":{"controlType":"sap.m.StandardListItem","viewName":"reusables.view.manageresources.NewResourceUnit","viewId":"application-manageresources-display-component---newResourceUnit","properties":{"title":"Material"},"searchOpenDialogs":true,"interaction":{"idSuffix":"titleText"}},"wdio_ui5_key":"reusablesview.manageresources.NewResourceUnitsap.m.StandardListItem{\"title\":\"Material\"}"}]}
RESULT: undefined
COMMAND: POST /session/4aedcc6e4741b2a879631080b602cb58/element - {"using":"xpath","value":"//*[@id=\"__item1163\"]"}
RESULT: {}
RESULT: {"using":"xpath","value":"//*[@id=\"__item1163\"]"}
COMMAND: POST /session/4aedcc6e4741b2a879631080b602cb58/element/f.0FDC85D955747547727011D182B9DC15.d.4D856B862929646B4B98E03A86F4E84F.e.2916/click - {}
RESULT: {}
COMMAND: POST /session/4aedcc6e4741b2a879631080b602cb58/execute/async - {"script":"<script> [1562 bytes]","args":[{"selector":{"id":"application-manageresources-display-component---newResourceUnit--SHORT_TEXT","interaction":{"idSuffix":"inner"}},"wdio_ui5_key":"applicationmanageresources-display-component---newResourceUnit--SHORT_TEXT"}]}
COMMAND: GET /session/4aedcc6e4741b2a879631080b602cb58/screenshot - {}
RESULT: {"script":"<script> [1562 bytes]","args":[{"selector":{"id":"application-manageresources-display-component---newResourceUnit--SHORT_TEXT","interaction":{"idSuffix":"inner"}},"wdio_ui5_key":"applicationmanageresources-display-component---newResourceUnit--SHORT_TEXT"}]}
RESULT: undefined
COMMAND: POST /session/4aedcc6e4741b2a879631080b602cb58/execute/async - {"script":"<script> [776 bytes]","args":[{"enterText":"WebdriverRUR2C00g9k","selector":{"id":"application-manageresources-display-component---newResourceUnit--SHORT_TEXT","interaction":{"idSuffix":"inner"}},"clearTextFirst":true,"interactionType":"ENTER_TEXT"}]}
RESULT: {}
RESULT: {"script":"<script> [776 bytes]","args":[{"enterText":"WebdriverRUR2C00g9k","selector":{"id":"application-manageresources-display-component---newResourceUnit--SHORT_TEXT","interaction":{"idSuffix":"inner"}},"clearTextFirst":true,"interactionType":"ENTER_TEXT"}]}
COMMAND: POST /session/4aedcc6e4741b2a879631080b602cb58/execute/async - {"script":"<script> [1562 bytes]","args":[{"selector":{"id":"application-manageresources-display-component---newResourceUnit--BASE_UNIT_OF_MEASURE-arrow"},"wdio_ui5_key":"applicationmanageresources-display-component---newResourceUnit--BASE_UNIT_OF_MEASURE-arrow"}]}
RESULT: {"script":"<script> [1562 bytes]","args":[{"selector":{"id":"application-manageresources-display-component---newResourceUnit--BASE_UNIT_OF_MEASURE-arrow"},"wdio_ui5_key":"applicationmanageresources-display-component---newResourceUnit--BASE_UNIT_OF_MEASURE-arrow"}]}
RESULT: undefined
COMMAND: POST /session/4aedcc6e4741b2a879631080b602cb58/element - {"using":"xpath","value":"//*[@id=\"application-manageresources-display-component---newResourceUnit--BASE_UNIT_OF_MEASURE-arrow\"]"}
RESULT: {"using":"xpath","value":"//*[@id=\"application-manageresources-display-component---newResourceUnit--BASE_UNIT_OF_MEASURE-arrow\"]"}
COMMAND: POST /session/4aedcc6e4741b2a879631080b602cb58/element/f.0FDC85D955747547727011D182B9DC15.d.4D856B862929646B4B98E03A86F4E84F.e.2970/click - {}
RESULT: {}
COMMAND: POST /session/4aedcc6e4741b2a879631080b602cb58/execute/async - {"script":"<script> [1562 bytes]","args":[{"selector":{"controlType":"sap.m.StandardListItem","viewName":"reusables.view.manageresources.NewResourceUnit","viewId":"application-manageresources-display-component---newResourceUnit","properties":{"title":"Piece"},"searchOpenDialogs":true,"interaction":{"idSuffix":"titleText"}},"wdio_ui5_key":"reusablesview.manageresources.NewResourceUnitsap.m.StandardListItem{\"title\":\"Piece\"}"}]}
COMMAND: GET /session/4aedcc6e4741b2a879631080b602cb58/screenshot - {}
RESULT: {"script":"<script> [1562 bytes]","args":[{"selector":{"controlType":"sap.m.StandardListItem","viewName":"reusables.view.manageresources.NewResourceUnit","viewId":"application-manageresources-display-component---newResourceUnit","properties":{"title":"Piece"},"searchOpenDialogs":true,"interaction":{"idSuffix":"titleText"}},"wdio_ui5_key":"reusablesview.manageresources.NewResourceUnitsap.m.StandardListItem{\"title\":\"Piece\"}"}]}
RESULT: undefined
COMMAND: POST /session/4aedcc6e4741b2a879631080b602cb58/element - {"using":"xpath","value":"//*[@id=\"__item1205\"]"}
RESULT: {}
RESULT: {"using":"xpath","value":"//*[@id=\"__item1205\"]"}
COMMAND: POST /session/4aedcc6e4741b2a879631080b602cb58/element/f.0FDC85D955747547727011D182B9DC15.d.4D856B862929646B4B98E03A86F4E84F.e.2972/click - {}
RESULT: {}
COMMAND: POST /session/4aedcc6e4741b2a879631080b602cb58/element - {"using":"xpath","value":"//input[contains(@id ,\"application-manageresources-display-component---newResourceUnit--SHORT_TEXT-inner\")]"}
COMMAND: GET /session/4aedcc6e4741b2a879631080b602cb58/screenshot - {}
RESULT: {"using":"xpath","value":"//input[contains(@id ,\"application-manageresources-display-component---newResourceUnit--SHORT_TEXT-inner\")]"}
COMMAND: GET /session/4aedcc6e4741b2a879631080b602cb58/element/f.0FDC85D955747547727011D182B9DC15.d.4D856B862929646B4B98E03A86F4E84F.e.2933/property/value - {}
RESULT: {}
RESULT: {}
COMMAND: POST /session/4aedcc6e4741b2a879631080b602cb58/execute/async - {"script":"<script> [1562 bytes]","args":[{"selector":{"id":"application-manageresources-display-component---newResourceUnit--WEIGHT_UNIT-arrow"},"wdio_ui5_key":"applicationmanageresources-display-component---newResourceUnit--WEIGHT_UNIT-arrow"}]}
COMMAND: GET /session/4aedcc6e4741b2a879631080b602cb58/screenshot - {}
RESULT: {"script":"<script> [1562 bytes]","args":[{"selector":{"id":"application-manageresources-display-component---newResourceUnit--WEIGHT_UNIT-arrow"},"wdio_ui5_key":"applicationmanageresources-display-component---newResourceUnit--WEIGHT_UNIT-arrow"}]}
RESULT: undefined
COMMAND: POST /session/4aedcc6e4741b2a879631080b602cb58/element - {"using":"xpath","value":"//*[@id=\"application-manageresources-display-component---newResourceUnit--WEIGHT_UNIT-arrow\"]"}
RESULT: {}
RESULT: {"using":"xpath","value":"//*[@id=\"application-manageresources-display-component---newResourceUnit--WEIGHT_UNIT-arrow\"]"}
COMMAND: POST /session/4aedcc6e4741b2a879631080b602cb58/element/f.0FDC85D955747547727011D182B9DC15.d.4D856B862929646B4B98E03A86F4E84F.e.2973/click - {}
RESULT: {}
COMMAND: POST /session/4aedcc6e4741b2a879631080b602cb58/execute/async - {"script":"<script> [1562 bytes]","args":[{"selector":{"controlType":"sap.m.StandardListItem","viewName":"reusables.view.manageresources.NewResourceUnit","viewId":"application-manageresources-display-component---newResourceUnit","properties":{"title":"Gram"},"searchOpenDialogs":true,"interaction":{"idSuffix":"content"}},"wdio_ui5_key":"reusablesview.manageresources.NewResourceUnitsap.m.StandardListItem{\"title\":\"Gram\"}"}]}
COMMAND: GET /session/4aedcc6e4741b2a879631080b602cb58/screenshot - {}
RESULT: {"script":"<script> [1562 bytes]","args":[{"selector":{"controlType":"sap.m.StandardListItem","viewName":"reusables.view.manageresources.NewResourceUnit","viewId":"application-manageresources-display-component---newResourceUnit","properties":{"title":"Gram"},"searchOpenDialogs":true,"interaction":{"idSuffix":"content"}},"wdio_ui5_key":"reusablesview.manageresources.NewResourceUnitsap.m.StandardListItem{\"title\":\"Gram\"}"}]}
RESULT: undefined
COMMAND: POST /session/4aedcc6e4741b2a879631080b602cb58/element - {"using":"xpath","value":"//*[@id=\"__item1270\"]"}
RESULT: {}
RESULT: {"using":"xpath","value":"//*[@id=\"__item1270\"]"}
COMMAND: POST /session/4aedcc6e4741b2a879631080b602cb58/element/f.0FDC85D955747547727011D182B9DC15.d.4D856B862929646B4B98E03A86F4E84F.e.2975/click - {}
RESULT: {}
COMMAND: POST /session/4aedcc6e4741b2a879631080b602cb58/execute/async - {"script":"<script> [1562 bytes]","args":[{"selector":{"id":"application-manageresources-display-component---newResourceUnit--newRRUPage-OPHeaderContent-collapseBtn-img"},"wdio_ui5_key":"applicationmanageresources-display-component---newResourceUnit--newRRUPage-OPHeaderContent-collapseBtn-img"}]}
COMMAND: GET /session/4aedcc6e4741b2a879631080b602cb58/screenshot - {}
RESULT: {"script":"<script> [1562 bytes]","args":[{"selector":{"id":"application-manageresources-display-component---newResourceUnit--newRRUPage-OPHeaderContent-collapseBtn-img"},"wdio_ui5_key":"applicationmanageresources-display-component---newResourceUnit--newRRUPage-OPHeaderContent-collapseBtn-img"}]}
RESULT: undefined
COMMAND: POST /session/4aedcc6e4741b2a879631080b602cb58/element - {"using":"xpath","value":"//*[@id=\"application-manageresources-display-component---newResourceUnit--newRRUPage-OPHeaderContent-collapseBtn-img\"]"}
RESULT: {}
RESULT: {"using":"xpath","value":"//*[@id=\"application-manageresources-display-component---newResourceUnit--newRRUPage-OPHeaderContent-collapseBtn-img\"]"}
COMMAND: POST /session/4aedcc6e4741b2a879631080b602cb58/element/f.0FDC85D955747547727011D182B9DC15.d.4D856B862929646B4B98E03A86F4E84F.e.2923/click - {}
RESULT: {}
COMMAND: GET /session/4aedcc6e4741b2a879631080b602cb58/screenshot - {}
RESULT: {}
COMMAND: POST /session/4aedcc6e4741b2a879631080b602cb58/element - {"using":"xpath","value":"(//span[contains(@id ,\"application-manageresources-display-component---newResourceUnit--DIMENSION_UNIT-arrow\")])[1]"}
RESULT: {"using":"xpath","value":"(//span[contains(@id ,\"application-manageresources-display-component---newResourceUnit--DIMENSION_UNIT-arrow\")])[1]"}
COMMAND: POST /session/4aedcc6e4741b2a879631080b602cb58/element/f.0FDC85D955747547727011D182B9DC15.d.4D856B862929646B4B98E03A86F4E84F.e.2981/click - {}
RESULT: {}
COMMAND: GET /session/4aedcc6e4741b2a879631080b602cb58/screenshot - {}
RESULT: {}
COMMAND: POST /session/4aedcc6e4741b2a879631080b602cb58/execute/async - {"script":"<script> [1562 bytes]","args":[{"selector":{"controlType":"sap.m.StandardListItem","viewName":"reusables.view.manageresources.NewResourceUnit","viewId":"application-manageresources-display-component---newResourceUnit","properties":{"title":"Centimeter"},"searchOpenDialogs":true,"interaction":{"idSuffix":"titleText"}},"wdio_ui5_key":"reusablesview.manageresources.NewResourceUnitsap.m.StandardListItem{\"title\":\"Centimeter\"}"}]}
RESULT: {"script":"<script> [1562 bytes]","args":[{"selector":{"controlType":"sap.m.StandardListItem","viewName":"reusables.view.manageresources.NewResourceUnit","viewId":"application-manageresources-display-component---newResourceUnit","properties":{"title":"Centimeter"},"searchOpenDialogs":true,"interaction":{"idSuffix":"titleText"}},"wdio_ui5_key":"reusablesview.manageresources.NewResourceUnitsap.m.StandardListItem{\"title\":\"Centimeter\"}"}]}
RESULT: undefined
COMMAND: POST /session/4aedcc6e4741b2a879631080b602cb58/element - {"using":"xpath","value":"//*[@id=\"__item1273\"]"}
RESULT: {"using":"xpath","value":"//*[@id=\"__item1273\"]"}
COMMAND: POST /session/4aedcc6e4741b2a879631080b602cb58/element/f.0FDC85D955747547727011D182B9DC15.d.4D856B862929646B4B98E03A86F4E84F.e.2983/click - {}
RESULT: {}
COMMAND: POST /session/4aedcc6e4741b2a879631080b602cb58/execute/async - {"script":"<script> [1562 bytes]","args":[{"selector":{"id":"application-manageresources-display-component---newResourceUnit--newRRUPage-anchBar-application-manageresources-display-component---newResourceUnit--reference-anchor","interaction":{"idSuffix":"BDI-content"}},"wdio_ui5_key":"applicationmanageresources-display-component---newResourceUnit--newRRUPage-anchBar-application-manageresources-display-component---newResourceUnit--reference-anchor"}]}
COMMAND: GET /session/4aedcc6e4741b2a879631080b602cb58/screenshot - {}
RESULT: {"script":"<script> [1562 bytes]","args":[{"selector":{"id":"application-manageresources-display-component---newResourceUnit--newRRUPage-anchBar-application-manageresources-display-component---newResourceUnit--reference-anchor","interaction":{"idSuffix":"BDI-content"}},"wdio_ui5_key":"applicationmanageresources-display-component---newResourceUnit--newRRUPage-anchBar-application-manageresources-display-component---newResourceUnit--reference-anchor"}]}
RESULT: undefined
COMMAND: POST /session/4aedcc6e4741b2a879631080b602cb58/element - {"using":"xpath","value":"//*[@id=\"application-manageresources-display-component---newResourceUnit--newRRUPage-anchBar-application-manageresources-display-component---newResourceUnit--reference-anchor\"]"}
RESULT: {}
RESULT: {"using":"xpath","value":"//*[@id=\"application-manageresources-display-component---newResourceUnit--newRRUPage-anchBar-application-manageresources-display-component---newResourceUnit--reference-anchor\"]"}
COMMAND: POST /session/4aedcc6e4741b2a879631080b602cb58/element/f.0FDC85D955747547727011D182B9DC15.d.4D856B862929646B4B98E03A86F4E84F.e.2985/click - {}
RESULT: {}
COMMAND: POST /session/4aedcc6e4741b2a879631080b602cb58/execute/async - {"script":"<script> [1562 bytes]","args":[{"selector":{"id":"application-manageresources-display-component---newResourceUnit--PLANNING_GROUP-arrow"},"wdio_ui5_key":"applicationmanageresources-display-component---newResourceUnit--PLANNING_GROUP-arrow"}]}
COMMAND: GET /session/4aedcc6e4741b2a879631080b602cb58/screenshot - {}
RESULT: {"script":"<script> [1562 bytes]","args":[{"selector":{"id":"application-manageresources-display-component---newResourceUnit--PLANNING_GROUP-arrow"},"wdio_ui5_key":"applicationmanageresources-display-component---newResourceUnit--PLANNING_GROUP-arrow"}]}
RESULT: undefined
COMMAND: POST /session/4aedcc6e4741b2a879631080b602cb58/element - {"using":"xpath","value":"//*[@id=\"application-manageresources-display-component---newResourceUnit--PLANNING_GROUP-arrow\"]"}
RESULT: {}
RESULT: {"using":"xpath","value":"//*[@id=\"application-manageresources-display-component---newResourceUnit--PLANNING_GROUP-arrow\"]"}
COMMAND: POST /session/4aedcc6e4741b2a879631080b602cb58/element/f.0FDC85D955747547727011D182B9DC15.d.4D856B862929646B4B98E03A86F4E84F.e.2989/click - {}
RESULT: {}
COMMAND: POST /session/4aedcc6e4741b2a879631080b602cb58/execute/async - {"script":"<script> [1562 bytes]","args":[{"selector":{"controlType":"sap.m.StandardListItem","viewName":"reusables.view.manageresources.NewResourceUnit","viewId":"application-manageresources-display-component---newResourceUnit","properties":{"title":"Heavy Equi"},"searchOpenDialogs":true,"interaction":{"idSuffix":"content"}},"wdio_ui5_key":"reusablesview.manageresources.NewResourceUnitsap.m.StandardListItem{\"title\":\"Heavy Equi\"}"}]}
COMMAND: GET /session/4aedcc6e4741b2a879631080b602cb58/screenshot - {}
RESULT: {"script":"<script> [1562 bytes]","args":[{"selector":{"controlType":"sap.m.StandardListItem","viewName":"reusables.view.manageresources.NewResourceUnit","viewId":"application-manageresources-display-component---newResourceUnit","properties":{"title":"Heavy Equi"},"searchOpenDialogs":true,"interaction":{"idSuffix":"content"}},"wdio_ui5_key":"reusablesview.manageresources.NewResourceUnitsap.m.StandardListItem{\"title\":\"Heavy Equi\"}"}]}
RESULT: undefined
COMMAND: POST /session/4aedcc6e4741b2a879631080b602cb58/element - {"using":"xpath","value":"//*[@id=\"__item1281\"]"}
RESULT: {}
RESULT: {"using":"xpath","value":"//*[@id=\"__item1281\"]"}
COMMAND: POST /session/4aedcc6e4741b2a879631080b602cb58/element/f.0FDC85D955747547727011D182B9DC15.d.4D856B862929646B4B98E03A86F4E84F.e.2991/click - {}
RESULT: {}
COMMAND: GET /session/4aedcc6e4741b2a879631080b602cb58/screenshot - {}
RESULT: {}
COMMAND: POST /session/4aedcc6e4741b2a879631080b602cb58/execute/async - {"script":"<script> [1562 bytes]","args":[{"selector":{"id":"application-manageresources-display-component---newResourceUnit--PLANNING_INDICATOR-arrow"},"wdio_ui5_key":"applicationmanageresources-display-component---newResourceUnit--PLANNING_INDICATOR-arrow"}]}
RESULT: {"script":"<script> [1562 bytes]","args":[{"selector":{"id":"application-manageresources-display-component---newResourceUnit--PLANNING_INDICATOR-arrow"},"wdio_ui5_key":"applicationmanageresources-display-component---newResourceUnit--PLANNING_INDICATOR-arrow"}]}
RESULT: undefined
COMMAND: POST /session/4aedcc6e4741b2a879631080b602cb58/element - {"using":"xpath","value":"//*[@id=\"application-manageresources-display-component---newResourceUnit--PLANNING_INDICATOR-arrow\"]"}
RESULT: {"using":"xpath","value":"//*[@id=\"application-manageresources-display-component---newResourceUnit--PLANNING_INDICATOR-arrow\"]"}
COMMAND: POST /session/4aedcc6e4741b2a879631080b602cb58/element/f.0FDC85D955747547727011D182B9DC15.d.4D856B862929646B4B98E03A86F4E84F.e.2992/click - {}
RESULT: {}
COMMAND: POST /session/4aedcc6e4741b2a879631080b602cb58/execute/async - {"script":"<script> [1562 bytes]","args":[{"selector":{"controlType":"sap.m.StandardListItem","viewName":"reusables.view.manageresources.NewResourceUnit","viewId":"application-manageresources-display-component---newResourceUnit","properties":{"title":"10 - infinite"},"searchOpenDialogs":true,"interaction":{"idSuffix":"content"}},"wdio_ui5_key":"reusablesview.manageresources.NewResourceUnitsap.m.StandardListItem{\"title\":\"10 - infinite\"}"}]}
COMMAND: GET /session/4aedcc6e4741b2a879631080b602cb58/screenshot - {}
RESULT: {"script":"<script> [1562 bytes]","args":[{"selector":{"controlType":"sap.m.StandardListItem","viewName":"reusables.view.manageresources.NewResourceUnit","viewId":"application-manageresources-display-component---newResourceUnit","properties":{"title":"10 - infinite"},"searchOpenDialogs":true,"interaction":{"idSuffix":"content"}},"wdio_ui5_key":"reusablesview.manageresources.NewResourceUnitsap.m.StandardListItem{\"title\":\"10 - infinite\"}"}]}
RESULT: undefined
COMMAND: POST /session/4aedcc6e4741b2a879631080b602cb58/element - {"using":"xpath","value":"//*[@id=\"__item1291\"]"}
RESULT: {}
RESULT: {"using":"xpath","value":"//*[@id=\"__item1291\"]"}
COMMAND: POST /session/4aedcc6e4741b2a879631080b602cb58/element/f.0FDC85D955747547727011D182B9DC15.d.4D856B862929646B4B98E03A86F4E84F.e.2994/click - {}
RESULT: {}
COMMAND: GET /session/4aedcc6e4741b2a879631080b602cb58/screenshot - {}
RESULT: {}
COMMAND: POST /session/4aedcc6e4741b2a879631080b602cb58/element - {"using":"xpath","value":"//bdi[contains(text(), \"Time Segment\")]"}
RESULT: {"using":"xpath","value":"//bdi[contains(text(), \"Time Segment\")]"}
COMMAND: GET /session/4aedcc6e4741b2a879631080b602cb58/element/f.0FDC85D955747547727011D182B9DC15.d.4D856B862929646B4B98E03A86F4E84F.e.2995/rect - {}
RESULT: {}
COMMAND: GET /session/4aedcc6e4741b2a879631080b602cb58/window/rect - {}
RESULT: {}
COMMAND: POST /session/4aedcc6e4741b2a879631080b602cb58/execute/sync - {"script":"<script> [92 bytes]","args":[]}
RESULT: {"script":"<script> [92 bytes]","args":[]}
COMMAND: POST /session/4aedcc6e4741b2a879631080b602cb58/actions - {"actions":[{"id":"action5","type":"wheel","parameters":{},"actions":[{"type":"scroll","x":-1820,"y":-21,"deltaX":0,"deltaY":0,"duration":0,"origin":{"element-6066-11e4-a52e-4f735466cecf":"f.0FDC85D955747547727011D182B9DC15.d.4D856B862929646B4B98E03A86F4E84F.e.2995"}}]}]}
COMMAND: GET /session/4aedcc6e4741b2a879631080b602cb58/screenshot - {}
RESULT: {}
COMMAND: POST /session/4aedcc6e4741b2a879631080b602cb58/execute/sync - {"script":"<script> [79 bytes]","args":[{"element-6066-11e4-a52e-4f735466cecf":"f.0FDC85D955747547727011D182B9DC15.d.4D856B862929646B4B98E03A86F4E84F.e.2995","ELEMENT":"f.0FDC85D955747547727011D182B9DC15.d.4D856B862929646B4B98E03A86F4E84F.e.2995"},{"block":"start","inline":"nearest"}]}
RESULT: {"script":"<script> [79 bytes]","args":[{"element-6066-11e4-a52e-4f735466cecf":"f.0FDC85D955747547727011D182B9DC15.d.4D856B862929646B4B98E03A86F4E84F.e.2995","ELEMENT":"f.0FDC85D955747547727011D182B9DC15.d.4D856B862929646B4B98E03A86F4E84F.e.2995"},{"block":"start","inline":"nearest"}]}
COMMAND: GET /session/4aedcc6e4741b2a879631080b602cb58/screenshot - {}
RESULT: {}
COMMAND: POST /session/4aedcc6e4741b2a879631080b602cb58/element - {"using":"xpath","value":"//span[@id=\"application-manageresources-display-component---newResourceUnit--btnAddTimeSegment-img\"]"}
RESULT: {"using":"xpath","value":"//span[@id=\"application-manageresources-display-component---newResourceUnit--btnAddTimeSegment-img\"]"}
COMMAND: POST /session/4aedcc6e4741b2a879631080b602cb58/execute/sync - {"script":"<script> [8489 bytes]","args":[{"element-6066-11e4-a52e-4f735466cecf":"f.0FDC85D955747547727011D182B9DC15.d.4D856B862929646B4B98E03A86F4E84F.e.2998","ELEMENT":"f.0FDC85D955747547727011D182B9DC15.d.4D856B862929646B4B98E03A86F4E84F.e.2998"}]}
RESULT: {"script":"<script> [8489 bytes]","args":[{"element-6066-11e4-a52e-4f735466cecf":"f.0FDC85D955747547727011D182B9DC15.d.4D856B862929646B4B98E03A86F4E84F.e.2998","ELEMENT":"f.0FDC85D955747547727011D182B9DC15.d.4D856B862929646B4B98E03A86F4E84F.e.2998"}]}
COMMAND: POST /session/4aedcc6e4741b2a879631080b602cb58/element/f.0FDC85D955747547727011D182B9DC15.d.4D856B862929646B4B98E03A86F4E84F.e.2998/click - {}
COMMAND: GET /session/4aedcc6e4741b2a879631080b602cb58/screenshot - {}
RESULT: {}
COMMAND: GET /session/4aedcc6e4741b2a879631080b602cb58/screenshot - {}
COMMAND: POST /session/4aedcc6e4741b2a879631080b602cb58/element - {"using":"xpath","value":"//input[@id=\"application-manageresources-display-component---newResourceUnit--idRuTSAdmin-application-manageresources-display-component---newResourceUnit--RUTimeSegment-0-inner\"]"}
RESULT: {}
RESULT: {}
RESULT: {"using":"xpath","value":"//input[@id=\"application-manageresources-display-component---newResourceUnit--idRuTSAdmin-application-manageresources-display-component---newResourceUnit--RUTimeSegment-0-inner\"]"}
COMMAND: POST /session/4aedcc6e4741b2a879631080b602cb58/element/f.0FDC85D955747547727011D182B9DC15.d.4D856B862929646B4B98E03A86F4E84F.e.3001/clear - {}
RESULT: {}
COMMAND: POST /session/4aedcc6e4741b2a879631080b602cb58/element/f.0FDC85D955747547727011D182B9DC15.d.4D856B862929646B4B98E03A86F4E84F.e.3001/value - {"text":"WebdriverYard1joi9"}
COMMAND: GET /session/4aedcc6e4741b2a879631080b602cb58/screenshot - {}
RESULT: {"text":"WebdriverYard1joi9"}
COMMAND: GET /session/4aedcc6e4741b2a879631080b602cb58/screenshot - {}
RESULT: {}
RESULT: {}
COMMAND: POST /session/4aedcc6e4741b2a879631080b602cb58/actions - {"actions":[{"id":"action6","type":"key","parameters":{},"actions":[{"type":"keyDown","value":"î€‡"},{"type":"pause","duration":10},{"type":"keyUp","value":"î€‡"}]}]}
RESULT: {"actions":[{"id":"action6","type":"key","parameters":{},"actions":[{"type":"keyDown","value":"î€‡"},{"type":"pause","duration":10},{"type":"keyUp","value":"î€‡"}]}]}
COMMAND: GET /session/4aedcc6e4741b2a879631080b602cb58/screenshot - {}
RESULT: {}
COMMAND: POST /session/4aedcc6e4741b2a879631080b602cb58/execute/async - {"script":"<script> [1562 bytes]","args":[{"selector":{"controlType":"sap.m.Button","viewName":"reusables.view.manageresources.NewResourceUnit","viewId":"application-manageresources-display-component---newResourceUnit","i18NText":{"propertyName":"tooltip","key":"save"},"interaction":{"idSuffix":"BDI-content"}},"wdio_ui5_key":"reusablesview.manageresources.NewResourceUnitsap.m.Button{\"propertyName\":\"tooltip\",\"key\":\"save\"}"}]}
RESULT: {"script":"<script> [1562 bytes]","args":[{"selector":{"controlType":"sap.m.Button","viewName":"reusables.view.manageresources.NewResourceUnit","viewId":"application-manageresources-display-component---newResourceUnit","i18NText":{"propertyName":"tooltip","key":"save"},"interaction":{"idSuffix":"BDI-content"}},"wdio_ui5_key":"reusablesview.manageresources.NewResourceUnitsap.m.Button{\"propertyName\":\"tooltip\",\"key\":\"save\"}"}]}
RESULT: undefined
COMMAND: POST /session/4aedcc6e4741b2a879631080b602cb58/element - {"using":"xpath","value":"//*[@id=\"application-manageresources-display-component---newResourceUnit--createRuButton\"]"}
RESULT: {"using":"xpath","value":"//*[@id=\"application-manageresources-display-component---newResourceUnit--createRuButton\"]"}
COMMAND: POST /session/4aedcc6e4741b2a879631080b602cb58/element/f.0FDC85D955747547727011D182B9DC15.d.4D856B862929646B4B98E03A86F4E84F.e.2929/click - {}
RESULT: {}
COMMAND: GET /session/4aedcc6e4741b2a879631080b602cb58/screenshot - {}
RESULT: {}
COMMAND: POST /session/4aedcc6e4741b2a879631080b602cb58/execute/async - {"script":"<script> [1562 bytes]","args":[{"selector":{"controlType":"sap.m.Title","properties":{"text":"Success"},"searchOpenDialogs":true},"wdio_ui5_key":"sapm.Title{\"text\":\"Success\"}"}]}
RESULT: {"script":"<script> [1562 bytes]","args":[{"selector":{"controlType":"sap.m.Title","properties":{"text":"Success"},"searchOpenDialogs":true},"wdio_ui5_key":"sapm.Title{\"text\":\"Success\"}"}]}
RESULT: undefined
COMMAND: POST /session/4aedcc6e4741b2a879631080b602cb58/execute/async - {"script":"<script> [6424 bytes]","args":[{"element-6066-11e4-a52e-4f735466cecf":"f.0FDC85D955747547727011D182B9DC15.d.4D856B862929646B4B98E03A86F4E84F.e.3015"},"getText",[]]}
RESULT: {"script":"<script> [6424 bytes]","args":[{"element-6066-11e4-a52e-4f735466cecf":"f.0FDC85D955747547727011D182B9DC15.d.4D856B862929646B4B98E03A86F4E84F.e.3015"},"getText",[]]}
COMMAND: POST /session/4aedcc6e4741b2a879631080b602cb58/element - {"using":"xpath","value":"//*[contains(@id, '__text') and (contains(text(), 'successfully created') or contains(., 'successfully created'))]"}
RESULT: {"using":"xpath","value":"//*[contains(@id, '__text') and (contains(text(), 'successfully created') or contains(., 'successfully created'))]"}
COMMAND: GET /session/4aedcc6e4741b2a879631080b602cb58/element/f.0FDC85D955747547727011D182B9DC15.d.4D856B862929646B4B98E03A86F4E84F.e.3014/text - {}
RESULT: {}
COMMAND: POST /session/4aedcc6e4741b2a879631080b602cb58/execute/async - {"script":"<script> [1562 bytes]","args":[{"selector":{"controlType":"sap.m.Button","properties":{"text":"Close"},"searchOpenDialogs":true,"interaction":{"idSuffix":"BDI-content"}},"wdio_ui5_key":"sapm.Button{\"text\":\"Close\"}"}]}
RESULT: {"script":"<script> [1562 bytes]","args":[{"selector":{"controlType":"sap.m.Button","properties":{"text":"Close"},"searchOpenDialogs":true,"interaction":{"idSuffix":"BDI-content"}},"wdio_ui5_key":"sapm.Button{\"text\":\"Close\"}"}]}
RESULT: undefined
COMMAND: POST /session/4aedcc6e4741b2a879631080b602cb58/element - {"using":"xpath","value":"//*[@id=\"__mbox-btn-0\"]"}
RESULT: {"using":"xpath","value":"//*[@id=\"__mbox-btn-0\"]"}
COMMAND: POST /session/4aedcc6e4741b2a879631080b602cb58/element/f.0FDC85D955747547727011D182B9DC15.d.4D856B862929646B4B98E03A86F4E84F.e.3012/click - {}
RESULT: {}
COMMAND: GET /session/4aedcc6e4741b2a879631080b602cb58/screenshot - {}
RESULT: {}
COMMAND: POST /session/4aedcc6e4741b2a879631080b602cb58/execute/async - {"script":"<script> [1562 bytes]","args":[{"selector":{"controlType":"sap.ui.core.Icon","viewName":"etm.portal.ui.manageresources.view.Detail","viewId":"application-manageresources-display-component---detailRU","properties":{"src":{"regex":{"source":"overflow"}}}},"wdio_ui5_key":"etmportal.ui.manageresources.view.Detailsap.ui.core.Icon{\"src\":{\"regex\":{\"source\":\"overflow\"}}}"}]}
RESULT: {"script":"<script> [1562 bytes]","args":[{"selector":{"controlType":"sap.ui.core.Icon","viewName":"etm.portal.ui.manageresources.view.Detail","viewId":"application-manageresources-display-component---detailRU","properties":{"src":{"regex":{"source":"overflow"}}}},"wdio_ui5_key":"etmportal.ui.manageresources.view.Detailsap.ui.core.Icon{\"src\":{\"regex\":{\"source\":\"overflow\"}}}"}]}
RESULT: undefined
COMMAND: POST /session/4aedcc6e4741b2a879631080b602cb58/element - {"using":"xpath","value":"//*[@id=\"__title31-_actionsToolbar-overflowButton-img\"]"}
RESULT: {"using":"xpath","value":"//*[@id=\"__title31-_actionsToolbar-overflowButton-img\"]"}
COMMAND: POST /session/4aedcc6e4741b2a879631080b602cb58/element/f.0FDC85D955747547727011D182B9DC15.d.4D856B862929646B4B98E03A86F4E84F.e.3048/click - {}
RESULT: {}
COMMAND: POST /session/4aedcc6e4741b2a879631080b602cb58/execute/async - {"script":"<script> [1562 bytes]","args":[{"selector":{"controlType":"sap.m.Button","viewName":"etm.portal.ui.manageresources.view.Detail","viewId":"application-manageresources-display-component---detailRU","i18NText":{"propertyName":"tooltip","key":"closeColumn"},"searchOpenDialogs":true,"interaction":{"idSuffix":"inner"}},"wdio_ui5_key":"etmportal.ui.manageresources.view.Detailsap.m.Button{\"propertyName\":\"tooltip\",\"key\":\"closeColumn\"}"}]}
COMMAND: GET /session/4aedcc6e4741b2a879631080b602cb58/screenshot - {}
RESULT: {"script":"<script> [1562 bytes]","args":[{"selector":{"controlType":"sap.m.Button","viewName":"etm.portal.ui.manageresources.view.Detail","viewId":"application-manageresources-display-component---detailRU","i18NText":{"propertyName":"tooltip","key":"closeColumn"},"searchOpenDialogs":true,"interaction":{"idSuffix":"inner"}},"wdio_ui5_key":"etmportal.ui.manageresources.view.Detailsap.m.Button{\"propertyName\":\"tooltip\",\"key\":\"closeColumn\"}"}]}
RESULT: undefined
COMMAND: POST /session/4aedcc6e4741b2a879631080b602cb58/element - {"using":"xpath","value":"//*[@id=\"__button137\"]"}
RESULT: {}
RESULT: {"using":"xpath","value":"//*[@id=\"__button137\"]"}
COMMAND: POST /session/4aedcc6e4741b2a879631080b602cb58/element/f.0FDC85D955747547727011D182B9DC15.d.4D856B862929646B4B98E03A86F4E84F.e.3050/click - {}
RESULT: {}
COMMAND: GET /session/4aedcc6e4741b2a879631080b602cb58/screenshot - {}
RESULT: {}
COMMAND: POST /session/4aedcc6e4741b2a879631080b602cb58/refresh - {}
RESULT: {}
COMMAND: GET /session/4aedcc6e4741b2a879631080b602cb58/screenshot - {}
RESULT: {}
COMMAND: POST /session/4aedcc6e4741b2a879631080b602cb58/execute/async - {"script":"<script> [189 bytes]","args":[]}
RESULT: {"script":"<script> [189 bytes]","args":[]}
COMMAND: POST /session/4aedcc6e4741b2a879631080b602cb58/execute/async - {"script":"<script> [123 bytes]","args":[]}
RESULT: {"script":"<script> [123 bytes]","args":[]}
COMMAND: POST /session/4aedcc6e4741b2a879631080b602cb58/timeouts - {"script":"<number>"}
RESULT: {"script":"<number>"}
COMMAND: GET /session/4aedcc6e4741b2a879631080b602cb58/timeouts - {}
RESULT: {}
RESULT: undefined
COMMAND: POST /session/4aedcc6e4741b2a879631080b602cb58/execute/async - {"script":"<script> [2676 bytes]","args":[]}
RESULT: {"script":"<script> [2676 bytes]","args":[]}
COMMAND: POST /session/4aedcc6e4741b2a879631080b602cb58/execute/async - {"script":"<script> [2342 bytes]","args":[{"protocol":"http","hostname":"0.0.0.0","path":"/","capabilities":{"browserName":"chrome","goog:chromeOptions":{"binary":"C:\\Program Files\\Google\\Chrome\\Application\\chrome.exe","args":["--start-maximized"]}},"logLevel":"warn","connectionRetryTimeout":120000,"connectionRetryCount":3,"logLevels":{},"enableDirectConnect":true,"strictSSL":true,"_":"65 more keys: [\"cacheDir\",\"port\",\"requestedCapabilities\",\"automationProtocol\",\"baseUrl\",\"waitforInterval\",\"waitforTimeout\",\"onReload\",\"beforeCommand\",\"afterCommand\",\"rootDir\",\"specs\",\"suites\",\"exclude\",\"groupLogsByTestSpec\",\"excludeDriverLogs\",\"bail\",\"framework\",\"reporters\",\"services\",\"maxInstances\",\"maxInstancesPerCapability\",\"injectGlobals\",\"filesToWatch\",\"execArgv\",\"runnerEnv\",\"runner\",\"shard\",\"specFileRetries\",\"specFileRetriesDelay\",\"specFileRetriesDeferred\",\"reporterSyncInterval\",\"reporterSyncTimeout\",\"cucumberFeaturesWithLineNumbers\",\"autoCompileOpts\",\"mochaOpts\",\"jasmineOpts\",\"cucumberOpts\",\"onPrepare\",\"onWorkerStart\",\"onWorkerEnd\",\"before\",\"beforeSession\",\"beforeSuite\",\"beforeHook\",\"beforeTest\",\"afterTest\",\"afterHook\",\"afterSuite\",\"afterSession\",\"after\",\"onComplete\",\"beforeAssertion\",\"afterAssertion\",\"beforeFeature\",\"beforeScenario\",\"beforeStep\",\"afterStep\",\"afterScenario\",\"afterFeature\",\"_\",\"suite\",\"$0\",\"ignoredWorkerServices\",\"wdi5\"]"}]}
RESULT: {"script":"<script> [2342 bytes]","args":[{"protocol":"http","hostname":"0.0.0.0","path":"/","capabilities":{"browserName":"chrome","goog:chromeOptions":{"binary":"C:\\Program Files\\Google\\Chrome\\Application\\chrome.exe","args":["--start-maximized"]}},"logLevel":"warn","connectionRetryTimeout":120000,"connectionRetryCount":3,"logLevels":{},"enableDirectConnect":true,"strictSSL":true,"_":"65 more keys: [\"cacheDir\",\"port\",\"requestedCapabilities\",\"automationProtocol\",\"baseUrl\",\"waitforInterval\",\"waitforTimeout\",\"onReload\",\"beforeCommand\",\"afterCommand\",\"rootDir\",\"specs\",\"suites\",\"exclude\",\"groupLogsByTestSpec\",\"excludeDriverLogs\",\"bail\",\"framework\",\"reporters\",\"services\",\"maxInstances\",\"maxInstancesPerCapability\",\"injectGlobals\",\"filesToWatch\",\"execArgv\",\"runnerEnv\",\"runner\",\"shard\",\"specFileRetries\",\"specFileRetriesDelay\",\"specFileRetriesDeferred\",\"reporterSyncInterval\",\"reporterSyncTimeout\",\"cucumberFeaturesWithLineNumbers\",\"autoCompileOpts\",\"mochaOpts\",\"jasmineOpts\",\"cucumberOpts\",\"onPrepare\",\"onWorkerStart\",\"onWorkerEnd\",\"before\",\"beforeSession\",\"beforeSuite\",\"beforeHook\",\"beforeTest\",\"afterTest\",\"afterHook\",\"afterSuite\",\"afterSession\",\"after\",\"onComplete\",\"beforeAssertion\",\"afterAssertion\",\"beforeFeature\",\"beforeScenario\",\"beforeStep\",\"afterStep\",\"afterScenario\",\"afterFeature\",\"_\",\"suite\",\"$0\",\"ignoredWorkerServices\",\"wdi5\"]"}]}
COMMAND: POST /session/4aedcc6e4741b2a879631080b602cb58/execute/async - {"script":"<script> [21126 bytes]","args":[35000]}
RESULT: {"script":"<script> [21126 bytes]","args":[35000]}
COMMAND: POST /session/4aedcc6e4741b2a879631080b602cb58/element - {"using":"css selector","value":"#shell-header-logo"}
RESULT: {"using":"css selector","value":"#shell-header-logo"}
COMMAND: POST /session/4aedcc6e4741b2a879631080b602cb58/element/f.0FDC85D955747547727011D182B9DC15.d.5D934F063159C8B6C01A892355F90FC4.e.3224/click - {}
RESULT: {}
COMMAND: GET /session/4aedcc6e4741b2a879631080b602cb58/screenshot - {}
RESULT: {}
COMMAND: POST /session/4aedcc6e4741b2a879631080b602cb58/execute/async - {"script":"<script> [1562 bytes]","args":[{"selector":{"controlType":"sap.m.GenericTile","properties":{"header":"Manage Resources"}},"wdio_ui5_key":"sapm.GenericTile{\"header\":\"Manage Resources\"}"}]}
RESULT: {"script":"<script> [1562 bytes]","args":[{"selector":{"controlType":"sap.m.GenericTile","properties":{"header":"Manage Resources"}},"wdio_ui5_key":"sapm.GenericTile{\"header\":\"Manage Resources\"}"}]}
RESULT: undefined
COMMAND: POST /session/4aedcc6e4741b2a879631080b602cb58/element - {"using":"xpath","value":"//*[@id=\"__tile39\"]"}
RESULT: {"using":"xpath","value":"//*[@id=\"__tile39\"]"}
COMMAND: POST /session/4aedcc6e4741b2a879631080b602cb58/element/f.0FDC85D955747547727011D182B9DC15.d.5D934F063159C8B6C01A892355F90FC4.e.3412/click - {}
RESULT: {}
COMMAND: GET /session/4aedcc6e4741b2a879631080b602cb58/screenshot - {}
RESULT: {}
COMMAND: POST /session/4aedcc6e4741b2a879631080b602cb58/elements - {"using":"xpath","value":"//span[text()='Error']"}
RESULT: {"using":"xpath","value":"//span[text()='Error']"}
COMMAND: POST /session/4aedcc6e4741b2a879631080b602cb58/element - {"using":"xpath","value":"//button[@data-kt=\"addNewRUOverflowToolbarButton\"]"}
RESULT: {"using":"xpath","value":"//button[@data-kt=\"addNewRUOverflowToolbarButton\"]"}
COMMAND: POST /session/4aedcc6e4741b2a879631080b602cb58/execute/sync - {"script":"<script> [8489 bytes]","args":[{"element-6066-11e4-a52e-4f735466cecf":"f.0FDC85D955747547727011D182B9DC15.d.5D934F063159C8B6C01A892355F90FC4.e.3453","ELEMENT":"f.0FDC85D955747547727011D182B9DC15.d.5D934F063159C8B6C01A892355F90FC4.e.3453"}]}
RESULT: {"script":"<script> [8489 bytes]","args":[{"element-6066-11e4-a52e-4f735466cecf":"f.0FDC85D955747547727011D182B9DC15.d.5D934F063159C8B6C01A892355F90FC4.e.3453","ELEMENT":"f.0FDC85D955747547727011D182B9DC15.d.5D934F063159C8B6C01A892355F90FC4.e.3453"}]}
COMMAND: POST /session/4aedcc6e4741b2a879631080b602cb58/element/f.0FDC85D955747547727011D182B9DC15.d.5D934F063159C8B6C01A892355F90FC4.e.3453/click - {}
COMMAND: GET /session/4aedcc6e4741b2a879631080b602cb58/screenshot - {}
RESULT: {}
COMMAND: GET /session/4aedcc6e4741b2a879631080b602cb58/screenshot - {}
RESULT: {}
COMMAND: POST /session/4aedcc6e4741b2a879631080b602cb58/execute/async - {"script":"<script> [1562 bytes]","args":[{"selector":{"id":"application-manageresources-display-component---newResourceUnit--TYPE-arrow"},"wdio_ui5_key":"applicationmanageresources-display-component---newResourceUnit--TYPE-arrow"}]}
RESULT: {}
RESULT: {"script":"<script> [1562 bytes]","args":[{"selector":{"id":"application-manageresources-display-component---newResourceUnit--TYPE-arrow"},"wdio_ui5_key":"applicationmanageresources-display-component---newResourceUnit--TYPE-arrow"}]}
RESULT: undefined
COMMAND: POST /session/4aedcc6e4741b2a879631080b602cb58/element - {"using":"xpath","value":"//*[@id=\"application-manageresources-display-component---newResourceUnit--TYPE-arrow\"]"}
RESULT: {"using":"xpath","value":"//*[@id=\"application-manageresources-display-component---newResourceUnit--TYPE-arrow\"]"}
COMMAND: POST /session/4aedcc6e4741b2a879631080b602cb58/element/f.0FDC85D955747547727011D182B9DC15.d.5D934F063159C8B6C01A892355F90FC4.e.3776/click - {}
RESULT: {}
COMMAND: POST /session/4aedcc6e4741b2a879631080b602cb58/execute/async - {"script":"<script> [1562 bytes]","args":[{"selector":{"controlType":"sap.m.StandardListItem","viewName":"reusables.view.manageresources.NewResourceUnit","viewId":"application-manageresources-display-component---newResourceUnit","properties":{"title":"Equipment"},"searchOpenDialogs":true,"interaction":{"idSuffix":"content"}},"wdio_ui5_key":"reusablesview.manageresources.NewResourceUnitsap.m.StandardListItem{\"title\":\"Equipment\"}"}]}
COMMAND: GET /session/4aedcc6e4741b2a879631080b602cb58/screenshot - {}
RESULT: {"script":"<script> [1562 bytes]","args":[{"selector":{"controlType":"sap.m.StandardListItem","viewName":"reusables.view.manageresources.NewResourceUnit","viewId":"application-manageresources-display-component---newResourceUnit","properties":{"title":"Equipment"},"searchOpenDialogs":true,"interaction":{"idSuffix":"content"}},"wdio_ui5_key":"reusablesview.manageresources.NewResourceUnitsap.m.StandardListItem{\"title\":\"Equipment\"}"}]}
RESULT: undefined
COMMAND: POST /session/4aedcc6e4741b2a879631080b602cb58/element - {"using":"xpath","value":"//*[@id=\"__item180\"]"}
RESULT: {}
RESULT: {"using":"xpath","value":"//*[@id=\"__item180\"]"}
COMMAND: POST /session/4aedcc6e4741b2a879631080b602cb58/element/f.0FDC85D955747547727011D182B9DC15.d.5D934F063159C8B6C01A892355F90FC4.e.3779/click - {}
RESULT: {}
COMMAND: POST /session/4aedcc6e4741b2a879631080b602cb58/execute/async - {"script":"<script> [1562 bytes]","args":[{"selector":{"id":"application-manageresources-display-component---newResourceUnit--resourceId","interaction":{"idSuffix":"inner"}},"wdio_ui5_key":"applicationmanageresources-display-component---newResourceUnit--resourceId"}]}
COMMAND: GET /session/4aedcc6e4741b2a879631080b602cb58/screenshot - {}
RESULT: {"script":"<script> [1562 bytes]","args":[{"selector":{"id":"application-manageresources-display-component---newResourceUnit--resourceId","interaction":{"idSuffix":"inner"}},"wdio_ui5_key":"applicationmanageresources-display-component---newResourceUnit--resourceId"}]}
RESULT: undefined
COMMAND: POST /session/4aedcc6e4741b2a879631080b602cb58/execute/async - {"script":"<script> [776 bytes]","args":[{"enterText":"WdIOR2cEquipt5dwu","selector":{"id":"application-manageresources-display-component---newResourceUnit--resourceId","interaction":{"idSuffix":"inner"}},"clearTextFirst":true,"interactionType":"ENTER_TEXT"}]}
RESULT: {}
RESULT: {"script":"<script> [776 bytes]","args":[{"enterText":"WdIOR2cEquipt5dwu","selector":{"id":"application-manageresources-display-component---newResourceUnit--resourceId","interaction":{"idSuffix":"inner"}},"clearTextFirst":true,"interactionType":"ENTER_TEXT"}]}
COMMAND: POST /session/4aedcc6e4741b2a879631080b602cb58/execute/async - {"script":"<script> [1562 bytes]","args":[{"selector":{"id":"application-manageresources-display-component---newResourceUnit--SHORT_TEXT","interaction":{"idSuffix":"inner"}},"wdio_ui5_key":"applicationmanageresources-display-component---newResourceUnit--SHORT_TEXT"}]}
RESULT: {"script":"<script> [1562 bytes]","args":[{"selector":{"id":"application-manageresources-display-component---newResourceUnit--SHORT_TEXT","interaction":{"idSuffix":"inner"}},"wdio_ui5_key":"applicationmanageresources-display-component---newResourceUnit--SHORT_TEXT"}]}
RESULT: undefined
COMMAND: POST /session/4aedcc6e4741b2a879631080b602cb58/execute/async - {"script":"<script> [776 bytes]","args":[{"enterText":"WdIOR2cEquipt5dwu","selector":{"id":"application-manageresources-display-component---newResourceUnit--SHORT_TEXT","interaction":{"idSuffix":"inner"}},"clearTextFirst":true,"interactionType":"ENTER_TEXT"}]}
RESULT: {"script":"<script> [776 bytes]","args":[{"enterText":"WdIOR2cEquipt5dwu","selector":{"id":"application-manageresources-display-component---newResourceUnit--SHORT_TEXT","interaction":{"idSuffix":"inner"}},"clearTextFirst":true,"interactionType":"ENTER_TEXT"}]}
COMMAND: POST /session/4aedcc6e4741b2a879631080b602cb58/execute/async - {"script":"<script> [1562 bytes]","args":[{"selector":{"id":"application-manageresources-display-component---newResourceUnit--BASE_UNIT_OF_MEASURE","interaction":{"idSuffix":"inner"}},"wdio_ui5_key":"applicationmanageresources-display-component---newResourceUnit--BASE_UNIT_OF_MEASURE"}]}
RESULT: {"script":"<script> [1562 bytes]","args":[{"selector":{"id":"application-manageresources-display-component---newResourceUnit--BASE_UNIT_OF_MEASURE","interaction":{"idSuffix":"inner"}},"wdio_ui5_key":"applicationmanageresources-display-component---newResourceUnit--BASE_UNIT_OF_MEASURE"}]}
RESULT: undefined
COMMAND: POST /session/4aedcc6e4741b2a879631080b602cb58/execute/async - {"script":"<script> [776 bytes]","args":[{"enterText":"Piece","selector":{"id":"application-manageresources-display-component---newResourceUnit--BASE_UNIT_OF_MEASURE","interaction":{"idSuffix":"inner"}},"clearTextFirst":true,"interactionType":"ENTER_TEXT"}]}
RESULT: {"script":"<script> [776 bytes]","args":[{"enterText":"Piece","selector":{"id":"application-manageresources-display-component---newResourceUnit--BASE_UNIT_OF_MEASURE","interaction":{"idSuffix":"inner"}},"clearTextFirst":true,"interactionType":"ENTER_TEXT"}]}
COMMAND: POST /session/4aedcc6e4741b2a879631080b602cb58/execute/async - {"script":"<script> [1562 bytes]","args":[{"selector":{"id":"application-manageresources-display-component---newResourceUnit--WEIGHT_UNIT","interaction":{"idSuffix":"inner"}},"wdio_ui5_key":"applicationmanageresources-display-component---newResourceUnit--WEIGHT_UNIT"}]}
RESULT: {"script":"<script> [1562 bytes]","args":[{"selector":{"id":"application-manageresources-display-component---newResourceUnit--WEIGHT_UNIT","interaction":{"idSuffix":"inner"}},"wdio_ui5_key":"applicationmanageresources-display-component---newResourceUnit--WEIGHT_UNIT"}]}
RESULT: undefined
COMMAND: POST /session/4aedcc6e4741b2a879631080b602cb58/execute/async - {"script":"<script> [776 bytes]","args":[{"enterText":"Gram","selector":{"id":"application-manageresources-display-component---newResourceUnit--WEIGHT_UNIT","interaction":{"idSuffix":"inner"}},"clearTextFirst":true,"interactionType":"ENTER_TEXT"}]}
RESULT: {"script":"<script> [776 bytes]","args":[{"enterText":"Gram","selector":{"id":"application-manageresources-display-component---newResourceUnit--WEIGHT_UNIT","interaction":{"idSuffix":"inner"}},"clearTextFirst":true,"interactionType":"ENTER_TEXT"}]}
COMMAND: POST /session/4aedcc6e4741b2a879631080b602cb58/execute/async - {"script":"<script> [1562 bytes]","args":[{"selector":{"id":"application-manageresources-display-component---newResourceUnit--newRRUPage-OPHeaderContent-collapseBtn-img"},"wdio_ui5_key":"applicationmanageresources-display-component---newResourceUnit--newRRUPage-OPHeaderContent-collapseBtn-img"}]}
RESULT: {"script":"<script> [1562 bytes]","args":[{"selector":{"id":"application-manageresources-display-component---newResourceUnit--newRRUPage-OPHeaderContent-collapseBtn-img"},"wdio_ui5_key":"applicationmanageresources-display-component---newResourceUnit--newRRUPage-OPHeaderContent-collapseBtn-img"}]}
RESULT: undefined
COMMAND: POST /session/4aedcc6e4741b2a879631080b602cb58/element - {"using":"xpath","value":"//*[@id=\"application-manageresources-display-component---newResourceUnit--newRRUPage-OPHeaderContent-collapseBtn-img\"]"}
RESULT: {"using":"xpath","value":"//*[@id=\"application-manageresources-display-component---newResourceUnit--newRRUPage-OPHeaderContent-collapseBtn-img\"]"}
COMMAND: POST /session/4aedcc6e4741b2a879631080b602cb58/element/f.0FDC85D955747547727011D182B9DC15.d.5D934F063159C8B6C01A892355F90FC4.e.3787/click - {}
RESULT: {}
COMMAND: GET /session/4aedcc6e4741b2a879631080b602cb58/screenshot - {}
RESULT: {}
COMMAND: POST /session/4aedcc6e4741b2a879631080b602cb58/element - {"using":"xpath","value":"(//span[contains(@id ,\"application-manageresources-display-component---newResourceUnit--DIMENSION_UNIT-arrow\")])[1]"}
RESULT: {"using":"xpath","value":"(//span[contains(@id ,\"application-manageresources-display-component---newResourceUnit--DIMENSION_UNIT-arrow\")])[1]"}
COMMAND: POST /session/4aedcc6e4741b2a879631080b602cb58/element/f.0FDC85D955747547727011D182B9DC15.d.5D934F063159C8B6C01A892355F90FC4.e.3908/click - {}
RESULT: {}
COMMAND: GET /session/4aedcc6e4741b2a879631080b602cb58/screenshot - {}
RESULT: {}
COMMAND: POST /session/4aedcc6e4741b2a879631080b602cb58/execute/async - {"script":"<script> [1562 bytes]","args":[{"selector":{"controlType":"sap.m.StandardListItem","viewName":"reusables.view.manageresources.NewResourceUnit","viewId":"application-manageresources-display-component---newResourceUnit","properties":{"title":"Centimeter"},"searchOpenDialogs":true,"interaction":{"idSuffix":"titleText"}},"wdio_ui5_key":"reusablesview.manageresources.NewResourceUnitsap.m.StandardListItem{\"title\":\"Centimeter\"}"}]}
RESULT: {"script":"<script> [1562 bytes]","args":[{"selector":{"controlType":"sap.m.StandardListItem","viewName":"reusables.view.manageresources.NewResourceUnit","viewId":"application-manageresources-display-component---newResourceUnit","properties":{"title":"Centimeter"},"searchOpenDialogs":true,"interaction":{"idSuffix":"titleText"}},"wdio_ui5_key":"reusablesview.manageresources.NewResourceUnitsap.m.StandardListItem{\"title\":\"Centimeter\"}"}]}
RESULT: undefined
COMMAND: POST /session/4aedcc6e4741b2a879631080b602cb58/element - {"using":"xpath","value":"//*[@id=\"__item221\"]"}
RESULT: {"using":"xpath","value":"//*[@id=\"__item221\"]"}
COMMAND: POST /session/4aedcc6e4741b2a879631080b602cb58/element/f.0FDC85D955747547727011D182B9DC15.d.5D934F063159C8B6C01A892355F90FC4.e.3912/click - {}
RESULT: {}
COMMAND: GET /session/4aedcc6e4741b2a879631080b602cb58/screenshot - {}
RESULT: {}
COMMAND: POST /session/4aedcc6e4741b2a879631080b602cb58/execute/async - {"script":"<script> [1562 bytes]","args":[{"selector":{"id":"application-manageresources-display-component---newResourceUnit--newRRUPage-anchBar-application-manageresources-display-component---newResourceUnit--control-anchor","interaction":{"idSuffix":"BDI-content"}},"wdio_ui5_key":"applicationmanageresources-display-component---newResourceUnit--newRRUPage-anchBar-application-manageresources-display-component---newResourceUnit--control-anchor"}]}
RESULT: {"script":"<script> [1562 bytes]","args":[{"selector":{"id":"application-manageresources-display-component---newResourceUnit--newRRUPage-anchBar-application-manageresources-display-component---newResourceUnit--control-anchor","interaction":{"idSuffix":"BDI-content"}},"wdio_ui5_key":"applicationmanageresources-display-component---newResourceUnit--newRRUPage-anchBar-application-manageresources-display-component---newResourceUnit--control-anchor"}]}
RESULT: undefined
COMMAND: POST /session/4aedcc6e4741b2a879631080b602cb58/element - {"using":"xpath","value":"//*[@id=\"application-manageresources-display-component---newResourceUnit--newRRUPage-anchBar-application-manageresources-display-component---newResourceUnit--control-anchor\"]"}
RESULT: {"using":"xpath","value":"//*[@id=\"application-manageresources-display-component---newResourceUnit--newRRUPage-anchBar-application-manageresources-display-component---newResourceUnit--control-anchor\"]"}
COMMAND: POST /session/4aedcc6e4741b2a879631080b602cb58/element/f.0FDC85D955747547727011D182B9DC15.d.5D934F063159C8B6C01A892355F90FC4.e.3914/click - {}
RESULT: {}
COMMAND: POST /session/4aedcc6e4741b2a879631080b602cb58/execute/async - {"script":"<script> [1562 bytes]","args":[{"selector":{"id":"application-manageresources-display-component---newResourceUnit--PLANNING_GROUP","interaction":{"idSuffix":"inner"}},"wdio_ui5_key":"applicationmanageresources-display-component---newResourceUnit--PLANNING_GROUP"}]}
COMMAND: GET /session/4aedcc6e4741b2a879631080b602cb58/screenshot - {}
RESULT: {"script":"<script> [1562 bytes]","args":[{"selector":{"id":"application-manageresources-display-component---newResourceUnit--PLANNING_GROUP","interaction":{"idSuffix":"inner"}},"wdio_ui5_key":"applicationmanageresources-display-component---newResourceUnit--PLANNING_GROUP"}]}
RESULT: undefined
COMMAND: POST /session/4aedcc6e4741b2a879631080b602cb58/execute/async - {"script":"<script> [776 bytes]","args":[{"enterText":"Heavy Equi","selector":{"id":"application-manageresources-display-component---newResourceUnit--PLANNING_GROUP","interaction":{"idSuffix":"inner"}},"clearTextFirst":true,"interactionType":"ENTER_TEXT"}]}
RESULT: {}
RESULT: {"script":"<script> [776 bytes]","args":[{"enterText":"Heavy Equi","selector":{"id":"application-manageresources-display-component---newResourceUnit--PLANNING_GROUP","interaction":{"idSuffix":"inner"}},"clearTextFirst":true,"interactionType":"ENTER_TEXT"}]}
COMMAND: POST /session/4aedcc6e4741b2a879631080b602cb58/execute/async - {"script":"<script> [1562 bytes]","args":[{"selector":{"id":"application-manageresources-display-component---newResourceUnit--ITEM_TYPE-arrow"},"wdio_ui5_key":"applicationmanageresources-display-component---newResourceUnit--ITEM_TYPE-arrow"}]}
RESULT: {"script":"<script> [1562 bytes]","args":[{"selector":{"id":"application-manageresources-display-component---newResourceUnit--ITEM_TYPE-arrow"},"wdio_ui5_key":"applicationmanageresources-display-component---newResourceUnit--ITEM_TYPE-arrow"}]}
RESULT: undefined
COMMAND: POST /session/4aedcc6e4741b2a879631080b602cb58/element - {"using":"xpath","value":"//*[@id=\"application-manageresources-display-component---newResourceUnit--ITEM_TYPE-arrow\"]"}
RESULT: {"using":"xpath","value":"//*[@id=\"application-manageresources-display-component---newResourceUnit--ITEM_TYPE-arrow\"]"}
COMMAND: POST /session/4aedcc6e4741b2a879631080b602cb58/element/f.0FDC85D955747547727011D182B9DC15.d.5D934F063159C8B6C01A892355F90FC4.e.3919/click - {}
RESULT: {}
COMMAND: POST /session/4aedcc6e4741b2a879631080b602cb58/execute/async - {"script":"<script> [1562 bytes]","args":[{"selector":{"controlType":"sap.m.StandardListItem","viewName":"reusables.view.manageresources.NewResourceUnit","viewId":"application-manageresources-display-component---newResourceUnit","properties":{"title":"Resource Unit"},"searchOpenDialogs":true,"interaction":{"idSuffix":"titleText"}},"wdio_ui5_key":"reusablesview.manageresources.NewResourceUnitsap.m.StandardListItem{\"title\":\"Resource Unit\"}"}]}
COMMAND: GET /session/4aedcc6e4741b2a879631080b602cb58/screenshot - {}
RESULT: {"script":"<script> [1562 bytes]","args":[{"selector":{"controlType":"sap.m.StandardListItem","viewName":"reusables.view.manageresources.NewResourceUnit","viewId":"application-manageresources-display-component---newResourceUnit","properties":{"title":"Resource Unit"},"searchOpenDialogs":true,"interaction":{"idSuffix":"titleText"}},"wdio_ui5_key":"reusablesview.manageresources.NewResourceUnitsap.m.StandardListItem{\"title\":\"Resource Unit\"}"}]}
RESULT: undefined
COMMAND: POST /session/4aedcc6e4741b2a879631080b602cb58/element - {"using":"xpath","value":"//*[@id=\"__item243\"]"}
RESULT: {}
RESULT: {"using":"xpath","value":"//*[@id=\"__item243\"]"}
COMMAND: POST /session/4aedcc6e4741b2a879631080b602cb58/element/f.0FDC85D955747547727011D182B9DC15.d.5D934F063159C8B6C01A892355F90FC4.e.3921/click - {}
RESULT: {}
COMMAND: POST /session/4aedcc6e4741b2a879631080b602cb58/element - {"using":"xpath","value":"//bdi[contains(text(), \"Time Segment\")]"}
COMMAND: GET /session/4aedcc6e4741b2a879631080b602cb58/screenshot - {}
RESULT: {"using":"xpath","value":"//bdi[contains(text(), \"Time Segment\")]"}
COMMAND: GET /session/4aedcc6e4741b2a879631080b602cb58/element/f.0FDC85D955747547727011D182B9DC15.d.5D934F063159C8B6C01A892355F90FC4.e.3922/rect - {}
RESULT: {}
RESULT: {}
COMMAND: GET /session/4aedcc6e4741b2a879631080b602cb58/window/rect - {}
RESULT: {}
COMMAND: POST /session/4aedcc6e4741b2a879631080b602cb58/execute/sync - {"script":"<script> [92 bytes]","args":[]}
RESULT: {"script":"<script> [92 bytes]","args":[]}
COMMAND: POST /session/4aedcc6e4741b2a879631080b602cb58/actions - {"actions":[{"id":"action7","type":"wheel","parameters":{},"actions":[{"type":"scroll","x":-1820,"y":-21,"deltaX":0,"deltaY":0,"duration":0,"origin":{"element-6066-11e4-a52e-4f735466cecf":"f.0FDC85D955747547727011D182B9DC15.d.5D934F063159C8B6C01A892355F90FC4.e.3922"}}]}]}
COMMAND: GET /session/4aedcc6e4741b2a879631080b602cb58/screenshot - {}
RESULT: {}
COMMAND: POST /session/4aedcc6e4741b2a879631080b602cb58/execute/sync - {"script":"<script> [79 bytes]","args":[{"element-6066-11e4-a52e-4f735466cecf":"f.0FDC85D955747547727011D182B9DC15.d.5D934F063159C8B6C01A892355F90FC4.e.3922","ELEMENT":"f.0FDC85D955747547727011D182B9DC15.d.5D934F063159C8B6C01A892355F90FC4.e.3922"},{"block":"start","inline":"nearest"}]}
RESULT: {"script":"<script> [79 bytes]","args":[{"element-6066-11e4-a52e-4f735466cecf":"f.0FDC85D955747547727011D182B9DC15.d.5D934F063159C8B6C01A892355F90FC4.e.3922","ELEMENT":"f.0FDC85D955747547727011D182B9DC15.d.5D934F063159C8B6C01A892355F90FC4.e.3922"},{"block":"start","inline":"nearest"}]}
COMMAND: POST /session/4aedcc6e4741b2a879631080b602cb58/execute/async - {"script":"<script> [1562 bytes]","args":[{"selector":{"id":"application-manageresources-display-component---newResourceUnit--btnAddTimeSegment-img"},"wdio_ui5_key":"applicationmanageresources-display-component---newResourceUnit--btnAddTimeSegment-img"}]}
COMMAND: GET /session/4aedcc6e4741b2a879631080b602cb58/screenshot - {}
RESULT: {"script":"<script> [1562 bytes]","args":[{"selector":{"id":"application-manageresources-display-component---newResourceUnit--btnAddTimeSegment-img"},"wdio_ui5_key":"applicationmanageresources-display-component---newResourceUnit--btnAddTimeSegment-img"}]}
RESULT: undefined
COMMAND: POST /session/4aedcc6e4741b2a879631080b602cb58/element - {"using":"xpath","value":"//*[@id=\"application-manageresources-display-component---newResourceUnit--btnAddTimeSegment-img\"]"}
RESULT: {}
RESULT: {"using":"xpath","value":"//*[@id=\"application-manageresources-display-component---newResourceUnit--btnAddTimeSegment-img\"]"}
COMMAND: POST /session/4aedcc6e4741b2a879631080b602cb58/element/f.0FDC85D955747547727011D182B9DC15.d.5D934F063159C8B6C01A892355F90FC4.e.3925/click - {}
RESULT: {}
COMMAND: GET /session/4aedcc6e4741b2a879631080b602cb58/screenshot - {}
RESULT: {}
COMMAND: POST /session/4aedcc6e4741b2a879631080b602cb58/element - {"using":"xpath","value":"//input[@id=\"application-manageresources-display-component---newResourceUnit--idRuTSAdmin-application-manageresources-display-component---newResourceUnit--RUTimeSegment-0-inner\"]"}
RESULT: {"using":"xpath","value":"//input[@id=\"application-manageresources-display-component---newResourceUnit--idRuTSAdmin-application-manageresources-display-component---newResourceUnit--RUTimeSegment-0-inner\"]"}
COMMAND: POST /session/4aedcc6e4741b2a879631080b602cb58/element/f.0FDC85D955747547727011D182B9DC15.d.5D934F063159C8B6C01A892355F90FC4.e.3929/clear - {}
RESULT: {}
COMMAND: POST /session/4aedcc6e4741b2a879631080b602cb58/element/f.0FDC85D955747547727011D182B9DC15.d.5D934F063159C8B6C01A892355F90FC4.e.3929/value - {"text":"WebdriverYard1joi9"}
COMMAND: GET /session/4aedcc6e4741b2a879631080b602cb58/screenshot - {}
RESULT: {"text":"WebdriverYard1joi9"}
COMMAND: GET /session/4aedcc6e4741b2a879631080b602cb58/screenshot - {}
RESULT: {}
RESULT: {}
COMMAND: POST /session/4aedcc6e4741b2a879631080b602cb58/actions - {"actions":[{"id":"action8","type":"key","parameters":{},"actions":[{"type":"keyDown","value":"î€‡"},{"type":"pause","duration":10},{"type":"keyUp","value":"î€‡"}]}]}
RESULT: {"actions":[{"id":"action8","type":"key","parameters":{},"actions":[{"type":"keyDown","value":"î€‡"},{"type":"pause","duration":10},{"type":"keyUp","value":"î€‡"}]}]}
COMMAND: POST /session/4aedcc6e4741b2a879631080b602cb58/execute/async - {"script":"<script> [1562 bytes]","args":[{"selector":{"controlType":"sap.ui.core.Icon","viewName":"reusables.view.manageresources.NewResourceUnit","viewId":"application-manageresources-display-component---newResourceUnit","properties":{"src":{"regex":{"source":"slim\\-arrow\\-down"}}},"ancestor":{"controlType":"sap.m.ComboBox","viewName":"reusables.view.manageresources.NewResourceUnit","viewId":"application-manageresources-display-component---newResourceUnit","bindingPath":{"path":"/RESOURCE_UNIT_TIME_SEQUENCES/0","propertyPath":"COST_OBJECT_ADMIN_CST_TYPE","modelName":"oNewRruModel"}}},"wdio_ui5_key":"reusablesview.manageresources.NewResourceUnitsap.ui.core.Icon{\"src\":{\"regex\":{\"source\":\"slim\\\\-arrow\\\\-down\"}}}{\"controlType\":\"sap.m.ComboBox\",\"viewName\":\"reusables.view.manageresources.NewResourceUnit\",\"viewId\":\"application-manageresources-display-component---newResourceUnit\",\"bindingPath\":{\"path\":\"/RESOURCE_UNIT_TIME_SEQUENCES/0\",\"propertyPath\":\"COST_OBJECT_ADMIN_CST_TYPE\",\"modelName\":\"oNewRruModel\"}}"}]}
COMMAND: GET /session/4aedcc6e4741b2a879631080b602cb58/screenshot - {}
RESULT: {"script":"<script> [1562 bytes]","args":[{"selector":{"controlType":"sap.ui.core.Icon","viewName":"reusables.view.manageresources.NewResourceUnit","viewId":"application-manageresources-display-component---newResourceUnit","properties":{"src":{"regex":{"source":"slim\\-arrow\\-down"}}},"ancestor":{"controlType":"sap.m.ComboBox","viewName":"reusables.view.manageresources.NewResourceUnit","viewId":"application-manageresources-display-component---newResourceUnit","bindingPath":{"path":"/RESOURCE_UNIT_TIME_SEQUENCES/0","propertyPath":"COST_OBJECT_ADMIN_CST_TYPE","modelName":"oNewRruModel"}}},"wdio_ui5_key":"reusablesview.manageresources.NewResourceUnitsap.ui.core.Icon{\"src\":{\"regex\":{\"source\":\"slim\\\\-arrow\\\\-down\"}}}{\"controlType\":\"sap.m.ComboBox\",\"viewName\":\"reusables.view.manageresources.NewResourceUnit\",\"viewId\":\"application-manageresources-display-component---newResourceUnit\",\"bindingPath\":{\"path\":\"/RESOURCE_UNIT_TIME_SEQUENCES/0\",\"propertyPath\":\"COST_OBJECT_ADMIN_CST_TYPE\",\"modelName\":\"oNewRruModel\"}}"}]}
RESULT: undefined
COMMAND: POST /session/4aedcc6e4741b2a879631080b602cb58/element - {"using":"xpath","value":"//*[@id=\"__box7-application-manageresources-display-component---newResourceUnit--RUTimeSegment-0-arrow\"]"}
RESULT: {}
RESULT: {"using":"xpath","value":"//*[@id=\"__box7-application-manageresources-display-component---newResourceUnit--RUTimeSegment-0-arrow\"]"}
COMMAND: POST /session/4aedcc6e4741b2a879631080b602cb58/element/f.0FDC85D955747547727011D182B9DC15.d.5D934F063159C8B6C01A892355F90FC4.e.3941/click - {}
RESULT: {}
COMMAND: POST /session/4aedcc6e4741b2a879631080b602cb58/execute/async - {"script":"<script> [1562 bytes]","args":[{"selector":{"controlType":"sap.m.StandardListItem","viewName":"reusables.view.manageresources.NewResourceUnit","viewId":"application-manageresources-display-component---newResourceUnit","properties":{"title":"PM Order"},"searchOpenDialogs":true,"interaction":{"idSuffix":"titleText"}},"wdio_ui5_key":"reusablesview.manageresources.NewResourceUnitsap.m.StandardListItem{\"title\":\"PM Order\"}"}]}
COMMAND: GET /session/4aedcc6e4741b2a879631080b602cb58/screenshot - {}
RESULT: {"script":"<script> [1562 bytes]","args":[{"selector":{"controlType":"sap.m.StandardListItem","viewName":"reusables.view.manageresources.NewResourceUnit","viewId":"application-manageresources-display-component---newResourceUnit","properties":{"title":"PM Order"},"searchOpenDialogs":true,"interaction":{"idSuffix":"titleText"}},"wdio_ui5_key":"reusablesview.manageresources.NewResourceUnitsap.m.StandardListItem{\"title\":\"PM Order\"}"}]}
RESULT: undefined
COMMAND: POST /session/4aedcc6e4741b2a879631080b602cb58/element - {"using":"xpath","value":"//*[@id=\"__item749\"]"}
RESULT: {}
RESULT: {"using":"xpath","value":"//*[@id=\"__item749\"]"}
COMMAND: POST /session/4aedcc6e4741b2a879631080b602cb58/element/f.0FDC85D955747547727011D182B9DC15.d.5D934F063159C8B6C01A892355F90FC4.e.3945/click - {}
RESULT: {}
COMMAND: GET /session/4aedcc6e4741b2a879631080b602cb58/screenshot - {}
RESULT: {}
COMMAND: POST /session/4aedcc6e4741b2a879631080b602cb58/element - {"using":"xpath","value":"(//input[contains(@id ,\"-application-manageresources-display-component---newResourceUnit--RUTimeSegment-0-inner\")])[8]"}
RESULT: {"using":"xpath","value":"(//input[contains(@id ,\"-application-manageresources-display-component---newResourceUnit--RUTimeSegment-0-inner\")])[8]"}
COMMAND: POST /session/4aedcc6e4741b2a879631080b602cb58/element/f.0FDC85D955747547727011D182B9DC15.d.5D934F063159C8B6C01A892355F90FC4.e.3948/clear - {}
RESULT: {}
COMMAND: POST /session/4aedcc6e4741b2a879631080b602cb58/element/f.0FDC85D955747547727011D182B9DC15.d.5D934F063159C8B6C01A892355F90FC4.e.3948/value - {"text":"4000360"}
COMMAND: GET /session/4aedcc6e4741b2a879631080b602cb58/screenshot - {}
RESULT: {"text":"4000360"}
COMMAND: GET /session/4aedcc6e4741b2a879631080b602cb58/screenshot - {}
RESULT: {}
RESULT: {}
COMMAND: POST /session/4aedcc6e4741b2a879631080b602cb58/actions - {"actions":[{"id":"action9","type":"key","parameters":{},"actions":[{"type":"keyDown","value":"î€‡"},{"type":"pause","duration":10},{"type":"keyUp","value":"î€‡"}]}]}
RESULT: {"actions":[{"id":"action9","type":"key","parameters":{},"actions":[{"type":"keyDown","value":"î€‡"},{"type":"pause","duration":10},{"type":"keyUp","value":"î€‡"}]}]}
COMMAND: GET /session/4aedcc6e4741b2a879631080b602cb58/screenshot - {}
RESULT: {}
COMMAND: POST /session/4aedcc6e4741b2a879631080b602cb58/element - {"using":"xpath","value":"//input[contains(@id ,\"application-manageresources-display-component---newResourceUnit--newTimeSegmentFromDatePicker-application-manageresources-display-component---newResourceUnit--RUTimeSegment-0-inner\")]"}
RESULT: {"using":"xpath","value":"//input[contains(@id ,\"application-manageresources-display-component---newResourceUnit--newTimeSegmentFromDatePicker-application-manageresources-display-component---newResourceUnit--RUTimeSegment-0-inner\")]"}
COMMAND: POST /session/4aedcc6e4741b2a879631080b602cb58/element/f.0FDC85D955747547727011D182B9DC15.d.5D934F063159C8B6C01A892355F90FC4.e.3936/clear - {}
RESULT: {}
COMMAND: POST /session/4aedcc6e4741b2a879631080b602cb58/element/f.0FDC85D955747547727011D182B9DC15.d.5D934F063159C8B6C01A892355F90FC4.e.3936/clear - {}
COMMAND: GET /session/4aedcc6e4741b2a879631080b602cb58/screenshot - {}
RESULT: {}
COMMAND: POST /session/4aedcc6e4741b2a879631080b602cb58/element/f.0FDC85D955747547727011D182B9DC15.d.5D934F063159C8B6C01A892355F90FC4.e.3936/value - {"text":"06/20/24"}
COMMAND: GET /session/4aedcc6e4741b2a879631080b602cb58/screenshot - {}
RESULT: {}
RESULT: {"text":"06/20/24"}
COMMAND: POST /session/4aedcc6e4741b2a879631080b602cb58/execute/async - {"script":"<script> [1562 bytes]","args":[{"selector":{"id":"application-manageresources-display-component---newResourceUnit--newRRUPage-anchBar-application-manageresources-display-component---newResourceUnit--resource-anchor","interaction":{"idSuffix":"BDI-content"}},"wdio_ui5_key":"applicationmanageresources-display-component---newResourceUnit--newRRUPage-anchBar-application-manageresources-display-component---newResourceUnit--resource-anchor"}]}
COMMAND: GET /session/4aedcc6e4741b2a879631080b602cb58/screenshot - {}
RESULT: {}
RESULT: {"script":"<script> [1562 bytes]","args":[{"selector":{"id":"application-manageresources-display-component---newResourceUnit--newRRUPage-anchBar-application-manageresources-display-component---newResourceUnit--resource-anchor","interaction":{"idSuffix":"BDI-content"}},"wdio_ui5_key":"applicationmanageresources-display-component---newResourceUnit--newRRUPage-anchBar-application-manageresources-display-component---newResourceUnit--resource-anchor"}]}
RESULT: undefined
COMMAND: POST /session/4aedcc6e4741b2a879631080b602cb58/element - {"using":"xpath","value":"//*[@id=\"application-manageresources-display-component---newResourceUnit--newRRUPage-anchBar-application-manageresources-display-component---newResourceUnit--resource-anchor\"]"}
RESULT: {}
RESULT: {"using":"xpath","value":"//*[@id=\"application-manageresources-display-component---newResourceUnit--newRRUPage-anchBar-application-manageresources-display-component---newResourceUnit--resource-anchor\"]"}
COMMAND: POST /session/4aedcc6e4741b2a879631080b602cb58/element/f.0FDC85D955747547727011D182B9DC15.d.5D934F063159C8B6C01A892355F90FC4.e.3969/click - {}
RESULT: {}
COMMAND: POST /session/4aedcc6e4741b2a879631080b602cb58/execute/async - {"script":"<script> [1562 bytes]","args":[{"selector":{"id":"application-manageresources-display-component---newResourceUnit--PLANNED_DELIVERY_DATE","interaction":{"idSuffix":"inner"}},"wdio_ui5_key":"applicationmanageresources-display-component---newResourceUnit--PLANNED_DELIVERY_DATE"}]}
COMMAND: GET /session/4aedcc6e4741b2a879631080b602cb58/screenshot - {}
RESULT: {"script":"<script> [1562 bytes]","args":[{"selector":{"id":"application-manageresources-display-component---newResourceUnit--PLANNED_DELIVERY_DATE","interaction":{"idSuffix":"inner"}},"wdio_ui5_key":"applicationmanageresources-display-component---newResourceUnit--PLANNED_DELIVERY_DATE"}]}
RESULT: undefined
COMMAND: POST /session/4aedcc6e4741b2a879631080b602cb58/execute/async - {"script":"<script> [6424 bytes]","args":[{"element-6066-11e4-a52e-4f735466cecf":"f.0FDC85D955747547727011D182B9DC15.d.5D934F063159C8B6C01A892355F90FC4.e.3833"},"setValue",["06/20/24"]]}
RESULT: {}
RESULT: {"script":"<script> [6424 bytes]","args":[{"element-6066-11e4-a52e-4f735466cecf":"f.0FDC85D955747547727011D182B9DC15.d.5D934F063159C8B6C01A892355F90FC4.e.3833"},"setValue",["06/20/24"]]}
COMMAND: POST /session/4aedcc6e4741b2a879631080b602cb58/execute/async - {"script":"<script> [1562 bytes]","args":[{"selector":{"id":"application-manageresources-display-component---newResourceUnit--RETIRE_PLANNED_DATE","interaction":{"idSuffix":"inner"}},"wdio_ui5_key":"applicationmanageresources-display-component---newResourceUnit--RETIRE_PLANNED_DATE"}]}
RESULT: {"script":"<script> [1562 bytes]","args":[{"selector":{"id":"application-manageresources-display-component---newResourceUnit--RETIRE_PLANNED_DATE","interaction":{"idSuffix":"inner"}},"wdio_ui5_key":"applicationmanageresources-display-component---newResourceUnit--RETIRE_PLANNED_DATE"}]}
RESULT: undefined
COMMAND: POST /session/4aedcc6e4741b2a879631080b602cb58/execute/async - {"script":"<script> [776 bytes]","args":[{"enterText":"3/14/29","selector":{"id":"application-manageresources-display-component---newResourceUnit--RETIRE_PLANNED_DATE","interaction":{"idSuffix":"inner"}},"clearTextFirst":true,"interactionType":"ENTER_TEXT"}]}
RESULT: {"script":"<script> [776 bytes]","args":[{"enterText":"3/14/29","selector":{"id":"application-manageresources-display-component---newResourceUnit--RETIRE_PLANNED_DATE","interaction":{"idSuffix":"inner"}},"clearTextFirst":true,"interactionType":"ENTER_TEXT"}]}
COMMAND: POST /session/4aedcc6e4741b2a879631080b602cb58/execute/async - {"script":"<script> [1562 bytes]","args":[{"selector":{"controlType":"sap.m.Button","viewName":"reusables.view.manageresources.NewResourceUnit","viewId":"application-manageresources-display-component---newResourceUnit","i18NText":{"propertyName":"tooltip","key":"save"},"interaction":{"idSuffix":"BDI-content"}},"wdio_ui5_key":"reusablesview.manageresources.NewResourceUnitsap.m.Button{\"propertyName\":\"tooltip\",\"key\":\"save\"}"}]}
RESULT: {"script":"<script> [1562 bytes]","args":[{"selector":{"controlType":"sap.m.Button","viewName":"reusables.view.manageresources.NewResourceUnit","viewId":"application-manageresources-display-component---newResourceUnit","i18NText":{"propertyName":"tooltip","key":"save"},"interaction":{"idSuffix":"BDI-content"}},"wdio_ui5_key":"reusablesview.manageresources.NewResourceUnitsap.m.Button{\"propertyName\":\"tooltip\",\"key\":\"save\"}"}]}
RESULT: undefined
COMMAND: POST /session/4aedcc6e4741b2a879631080b602cb58/element - {"using":"xpath","value":"//*[@id=\"application-manageresources-display-component---newResourceUnit--createRuButton\"]"}
RESULT: {"using":"xpath","value":"//*[@id=\"application-manageresources-display-component---newResourceUnit--createRuButton\"]"}
COMMAND: POST /session/4aedcc6e4741b2a879631080b602cb58/element/f.0FDC85D955747547727011D182B9DC15.d.5D934F063159C8B6C01A892355F90FC4.e.3793/click - {}
RESULT: {}
COMMAND: GET /session/4aedcc6e4741b2a879631080b602cb58/screenshot - {}
RESULT: {}
COMMAND: POST /session/4aedcc6e4741b2a879631080b602cb58/execute/async - {"script":"<script> [1562 bytes]","args":[{"selector":{"controlType":"sap.m.Button","properties":{"text":"Close"},"searchOpenDialogs":true,"interaction":{"idSuffix":"inner"}},"wdio_ui5_key":"sapm.Button{\"text\":\"Close\"}"}]}
RESULT: {"script":"<script> [1562 bytes]","args":[{"selector":{"controlType":"sap.m.Button","properties":{"text":"Close"},"searchOpenDialogs":true,"interaction":{"idSuffix":"inner"}},"wdio_ui5_key":"sapm.Button{\"text\":\"Close\"}"}]}
RESULT: undefined
COMMAND: POST /session/4aedcc6e4741b2a879631080b602cb58/element - {"using":"xpath","value":"//*[@id=\"__mbox-btn-0\"]"}
RESULT: {"using":"xpath","value":"//*[@id=\"__mbox-btn-0\"]"}
COMMAND: POST /session/4aedcc6e4741b2a879631080b602cb58/element/f.0FDC85D955747547727011D182B9DC15.d.5D934F063159C8B6C01A892355F90FC4.e.3977/click - {}
RESULT: {}
COMMAND: GET /session/4aedcc6e4741b2a879631080b602cb58/screenshot - {}
RESULT: {}
COMMAND: POST /session/4aedcc6e4741b2a879631080b602cb58/execute/async - {"script":"<script> [1562 bytes]","args":[{"selector":{"controlType":"sap.m.Text","viewName":"etm.portal.ui.manageresources.view.Detail","viewId":"application-manageresources-display-component---detailRU","bindingPath":{"propertyPath":"ID","modelName":"catalogModel"}},"wdio_ui5_key":"etmportal.ui.manageresources.view.Detailsap.m.Text{\"propertyPath\":\"ID\",\"modelName\":\"catalogModel\"}"}]}
RESULT: {"script":"<script> [1562 bytes]","args":[{"selector":{"controlType":"sap.m.Text","viewName":"etm.portal.ui.manageresources.view.Detail","viewId":"application-manageresources-display-component---detailRU","bindingPath":{"propertyPath":"ID","modelName":"catalogModel"}},"wdio_ui5_key":"etmportal.ui.manageresources.view.Detailsap.m.Text{\"propertyPath\":\"ID\",\"modelName\":\"catalogModel\"}"}]}
RESULT: undefined
COMMAND: POST /session/4aedcc6e4741b2a879631080b602cb58/execute/async - {"script":"<script> [6424 bytes]","args":[{"element-6066-11e4-a52e-4f735466cecf":"f.0FDC85D955747547727011D182B9DC15.d.5D934F063159C8B6C01A892355F90FC4.e.4013"},"getText",[]]}
RESULT: {"script":"<script> [6424 bytes]","args":[{"element-6066-11e4-a52e-4f735466cecf":"f.0FDC85D955747547727011D182B9DC15.d.5D934F063159C8B6C01A892355F90FC4.e.4013"},"getText",[]]}
COMMAND: POST /session/4aedcc6e4741b2a879631080b602cb58/element - {"using":"css selector","value":"#shell-header-logo"}
RESULT: {"using":"css selector","value":"#shell-header-logo"}
COMMAND: POST /session/4aedcc6e4741b2a879631080b602cb58/element/f.0FDC85D955747547727011D182B9DC15.d.5D934F063159C8B6C01A892355F90FC4.e.3414/click - {}
RESULT: {}
COMMAND: GET /session/4aedcc6e4741b2a879631080b602cb58/screenshot - {}
RESULT: {}
COMMAND: POST /session/4aedcc6e4741b2a879631080b602cb58/execute/async - {"script":"<script> [1562 bytes]","args":[{"selector":{"controlType":"sap.m.GenericTile","properties":{"header":"Manage Catalogs"}},"wdio_ui5_key":"sapm.GenericTile{\"header\":\"Manage Catalogs\"}"}]}
RESULT: {"script":"<script> [1562 bytes]","args":[{"selector":{"controlType":"sap.m.GenericTile","properties":{"header":"Manage Catalogs"}},"wdio_ui5_key":"sapm.GenericTile{\"header\":\"Manage Catalogs\"}"}]}
RESULT: undefined
COMMAND: POST /session/4aedcc6e4741b2a879631080b602cb58/element - {"using":"xpath","value":"//*[@id=\"__tile37\"]"}
RESULT: {"using":"xpath","value":"//*[@id=\"__tile37\"]"}
COMMAND: POST /session/4aedcc6e4741b2a879631080b602cb58/element/f.0FDC85D955747547727011D182B9DC15.d.5D934F063159C8B6C01A892355F90FC4.e.4015/click - {}
RESULT: {}
COMMAND: GET /session/4aedcc6e4741b2a879631080b602cb58/screenshot - {}
RESULT: {}
COMMAND: POST /session/4aedcc6e4741b2a879631080b602cb58/elements - {"using":"xpath","value":"//span[text()='Error']"}
RESULT: {"using":"xpath","value":"//span[text()='Error']"}
COMMAND: POST /session/4aedcc6e4741b2a879631080b602cb58/execute/async - {"script":"<script> [1562 bytes]","args":[{"selector":{"controlType":"sap.m.Text","viewName":"etm.portal.ui.managecatalogs.view.MasterCatalogs","viewId":"application-managecatalogs-display-component---masterCatalogs","bindingPath":{"path":"/Catalogs('0D7502D073D53A0F1700BE067B89AFF9')","propertyPath":"DESCRIPTION","modelName":"catalogModel"}},"wdio_ui5_key":"etmportal.ui.managecatalogs.view.MasterCatalogssap.m.Text{\"path\":\"/Catalogs('0D7502D073D53A0F1700BE067B89AFF9')\",\"propertyPath\":\"DESCRIPTION\",\"modelName\":\"catalogModel\"}"}]}
RESULT: {"script":"<script> [1562 bytes]","args":[{"selector":{"controlType":"sap.m.Text","viewName":"etm.portal.ui.managecatalogs.view.MasterCatalogs","viewId":"application-managecatalogs-display-component---masterCatalogs","bindingPath":{"path":"/Catalogs('0D7502D073D53A0F1700BE067B89AFF9')","propertyPath":"DESCRIPTION","modelName":"catalogModel"}},"wdio_ui5_key":"etmportal.ui.managecatalogs.view.MasterCatalogssap.m.Text{\"path\":\"/Catalogs('0D7502D073D53A0F1700BE067B89AFF9')\",\"propertyPath\":\"DESCRIPTION\",\"modelName\":\"catalogModel\"}"}]}
RESULT: undefined
COMMAND: POST /session/4aedcc6e4741b2a879631080b602cb58/element - {"using":"xpath","value":"//*[@id=\"__text919-application-managecatalogs-display-component---masterCatalogs--CatalogsTable-11\"]"}
RESULT: {"using":"xpath","value":"//*[@id=\"__text919-application-managecatalogs-display-component---masterCatalogs--CatalogsTable-11\"]"}
COMMAND: POST /session/4aedcc6e4741b2a879631080b602cb58/element/f.0FDC85D955747547727011D182B9DC15.d.5D934F063159C8B6C01A892355F90FC4.e.4085/click - {}
RESULT: {}
COMMAND: POST /session/4aedcc6e4741b2a879631080b602cb58/execute/async - {"script":"<script> [1562 bytes]","args":[{"selector":{"controlType":"sap.ui.layout.HorizontalLayout","viewName":"etm.portal.ui.managecatalogs.view.MasterItems","viewId":"application-managecatalogs-display-component---masterCatalogItems","ancestor":{"id":"application-managecatalogs-display-component---masterCatalogItems--idCatalogItemsTree-rows-row0"}},"wdio_ui5_key":"etmportal.ui.managecatalogs.view.MasterItemssap.ui.layout.HorizontalLayout{\"id\":\"application-managecatalogs-display-component---masterCatalogItems--idCatalogItemsTree-rows-row0\"}"}]}
COMMAND: GET /session/4aedcc6e4741b2a879631080b602cb58/screenshot - {}
RESULT: {"script":"<script> [1562 bytes]","args":[{"selector":{"controlType":"sap.ui.layout.HorizontalLayout","viewName":"etm.portal.ui.managecatalogs.view.MasterItems","viewId":"application-managecatalogs-display-component---masterCatalogItems","ancestor":{"id":"application-managecatalogs-display-component---masterCatalogItems--idCatalogItemsTree-rows-row0"}},"wdio_ui5_key":"etmportal.ui.managecatalogs.view.MasterItemssap.ui.layout.HorizontalLayout{\"id\":\"application-managecatalogs-display-component---masterCatalogItems--idCatalogItemsTree-rows-row0\"}"}]}
RESULT: undefined
COMMAND: POST /session/4aedcc6e4741b2a879631080b602cb58/element - {"using":"xpath","value":"//*[@id=\"__layout279-__clone2088\"]"}
RESULT: {}
RESULT: {"using":"xpath","value":"//*[@id=\"__layout279-__clone2088\"]"}
COMMAND: POST /session/4aedcc6e4741b2a879631080b602cb58/element/f.0FDC85D955747547727011D182B9DC15.d.5D934F063159C8B6C01A892355F90FC4.e.4120/click - {}
RESULT: {}
COMMAND: GET /session/4aedcc6e4741b2a879631080b602cb58/screenshot - {}
COMMAND: POST /session/4aedcc6e4741b2a879631080b602cb58/execute/async - {"script":"<script> [1562 bytes]","args":[{"selector":{"controlType":"sap.m.Button","viewName":"etm.portal.ui.managecatalogs.view.Detail","viewId":"application-managecatalogs-display-component---detailCatalog","i18NText":{"propertyName":"text","key":"edit"},"interaction":{"idSuffix":"BDI-content"}},"wdio_ui5_key":"etmportal.ui.managecatalogs.view.Detailsap.m.Button{\"propertyName\":\"text\",\"key\":\"edit\"}"}]}
RESULT: {}
RESULT: {"script":"<script> [1562 bytes]","args":[{"selector":{"controlType":"sap.m.Button","viewName":"etm.portal.ui.managecatalogs.view.Detail","viewId":"application-managecatalogs-display-component---detailCatalog","i18NText":{"propertyName":"text","key":"edit"},"interaction":{"idSuffix":"BDI-content"}},"wdio_ui5_key":"etmportal.ui.managecatalogs.view.Detailsap.m.Button{\"propertyName\":\"text\",\"key\":\"edit\"}"}]}
RESULT: undefined
COMMAND: POST /session/4aedcc6e4741b2a879631080b602cb58/element - {"using":"xpath","value":"//*[@id=\"__button118\"]"}
RESULT: {"using":"xpath","value":"//*[@id=\"__button118\"]"}
COMMAND: POST /session/4aedcc6e4741b2a879631080b602cb58/element/f.0FDC85D955747547727011D182B9DC15.d.5D934F063159C8B6C01A892355F90FC4.e.4234/click - {}
RESULT: {}
COMMAND: GET /session/4aedcc6e4741b2a879631080b602cb58/screenshot - {}
RESULT: {}
COMMAND: POST /session/4aedcc6e4741b2a879631080b602cb58/element - {"using":"xpath","value":"//bdi[contains(text(), \"Unlock\")]"}
RESULT: {"using":"xpath","value":"//bdi[contains(text(), \"Unlock\")]"}
COMMAND: POST /session/4aedcc6e4741b2a879631080b602cb58/elements - {"using":"xpath","value":"//bdi[contains(text(), \"Unlock\")]"}
RESULT: {"using":"xpath","value":"//bdi[contains(text(), \"Unlock\")]"}
COMMAND: POST /session/4aedcc6e4741b2a879631080b602cb58/execute/async - {"script":"<script> [1562 bytes]","args":[{"selector":{"controlType":"sap.ui.core.Icon","viewName":"etm.portal.ui.managecatalogs.view.Detail","viewId":"application-managecatalogs-display-component---detailCatalog","properties":{"src":{"regex":{"source":"add\\-folder"}}}},"wdio_ui5_key":"etmportal.ui.managecatalogs.view.Detailsap.ui.core.Icon{\"src\":{\"regex\":{\"source\":\"add\\\\-folder\"}}}"}]}
RESULT: {"script":"<script> [1562 bytes]","args":[{"selector":{"controlType":"sap.ui.core.Icon","viewName":"etm.portal.ui.managecatalogs.view.Detail","viewId":"application-managecatalogs-display-component---detailCatalog","properties":{"src":{"regex":{"source":"add\\-folder"}}}},"wdio_ui5_key":"etmportal.ui.managecatalogs.view.Detailsap.ui.core.Icon{\"src\":{\"regex\":{\"source\":\"add\\\\-folder\"}}}"}]}
RESULT: undefined
COMMAND: POST /session/4aedcc6e4741b2a879631080b602cb58/element - {"using":"xpath","value":"//*[@id=\"__button126-img\"]"}
RESULT: {"using":"xpath","value":"//*[@id=\"__button126-img\"]"}
COMMAND: POST /session/4aedcc6e4741b2a879631080b602cb58/element/f.0FDC85D955747547727011D182B9DC15.d.5D934F063159C8B6C01A892355F90FC4.e.4239/click - {}
RESULT: {}
COMMAND: GET /session/4aedcc6e4741b2a879631080b602cb58/screenshot - {}
RESULT: {}
COMMAND: POST /session/4aedcc6e4741b2a879631080b602cb58/execute/async - {"script":"<script> [1562 bytes]","args":[{"selector":{"id":"application-managecatalogs-display-component---detailCatalog--numberInput","searchOpenDialogs":true,"interaction":{"idSuffix":"inner"}},"wdio_ui5_key":"applicationmanagecatalogs-display-component---detailCatalog--numberInput"}]}
RESULT: {"script":"<script> [1562 bytes]","args":[{"selector":{"id":"application-managecatalogs-display-component---detailCatalog--numberInput","searchOpenDialogs":true,"interaction":{"idSuffix":"inner"}},"wdio_ui5_key":"applicationmanagecatalogs-display-component---detailCatalog--numberInput"}]}
RESULT: undefined
COMMAND: POST /session/4aedcc6e4741b2a879631080b602cb58/execute/async - {"script":"<script> [776 bytes]","args":[{"enterText":"Sectionm2b0l","selector":{"id":"application-managecatalogs-display-component---detailCatalog--numberInput","searchOpenDialogs":true,"interaction":{"idSuffix":"inner"}},"clearTextFirst":true,"interactionType":"ENTER_TEXT"}]}
RESULT: {"script":"<script> [776 bytes]","args":[{"enterText":"Sectionm2b0l","selector":{"id":"application-managecatalogs-display-component---detailCatalog--numberInput","searchOpenDialogs":true,"interaction":{"idSuffix":"inner"}},"clearTextFirst":true,"interactionType":"ENTER_TEXT"}]}
COMMAND: POST /session/4aedcc6e4741b2a879631080b602cb58/element - {"using":"css selector","value":"#application-managecatalogs-display-component---detailCatalog--nameInput-inner"}
RESULT: {"using":"css selector","value":"#application-managecatalogs-display-component---detailCatalog--nameInput-inner"}
COMMAND: POST /session/4aedcc6e4741b2a879631080b602cb58/elements - {"using":"css selector","value":"#application-managecatalogs-display-component---detailCatalog--nameInput-inner"}
RESULT: {"using":"css selector","value":"#application-managecatalogs-display-component---detailCatalog--nameInput-inner"}
COMMAND: POST /session/4aedcc6e4741b2a879631080b602cb58/element/f.0FDC85D955747547727011D182B9DC15.d.5D934F063159C8B6C01A892355F90FC4.e.4243/clear - {}
RESULT: {}
COMMAND: POST /session/4aedcc6e4741b2a879631080b602cb58/element/f.0FDC85D955747547727011D182B9DC15.d.5D934F063159C8B6C01A892355F90FC4.e.4243/value - {"text":"Webdriver2pj3u"}
COMMAND: GET /session/4aedcc6e4741b2a879631080b602cb58/screenshot - {}
RESULT: {"text":"Webdriver2pj3u"}
COMMAND: POST /session/4aedcc6e4741b2a879631080b602cb58/execute/async - {"script":"<script> [1562 bytes]","args":[{"selector":{"controlType":"sap.m.Button","viewName":"etm.portal.ui.managecatalogs.view.Detail","viewId":"application-managecatalogs-display-component---detailCatalog","i18NText":{"propertyName":"text","key":"create"},"searchOpenDialogs":true,"interaction":{"idSuffix":"BDI-content"}},"wdio_ui5_key":"etmportal.ui.managecatalogs.view.Detailsap.m.Button{\"propertyName\":\"text\",\"key\":\"create\"}"}]}
COMMAND: GET /session/4aedcc6e4741b2a879631080b602cb58/screenshot - {}
RESULT: {}
RESULT: {"script":"<script> [1562 bytes]","args":[{"selector":{"controlType":"sap.m.Button","viewName":"etm.portal.ui.managecatalogs.view.Detail","viewId":"application-managecatalogs-display-component---detailCatalog","i18NText":{"propertyName":"text","key":"create"},"searchOpenDialogs":true,"interaction":{"idSuffix":"BDI-content"}},"wdio_ui5_key":"etmportal.ui.managecatalogs.view.Detailsap.m.Button{\"propertyName\":\"text\",\"key\":\"create\"}"}]}
RESULT: undefined
COMMAND: POST /session/4aedcc6e4741b2a879631080b602cb58/element - {"using":"xpath","value":"//*[@id=\"__button96\"]"}
RESULT: {}
RESULT: {"using":"xpath","value":"//*[@id=\"__button96\"]"}
COMMAND: POST /session/4aedcc6e4741b2a879631080b602cb58/element/f.0FDC85D955747547727011D182B9DC15.d.5D934F063159C8B6C01A892355F90FC4.e.4248/click - {}
RESULT: {}
COMMAND: GET /session/4aedcc6e4741b2a879631080b602cb58/screenshot - {}
RESULT: {}
COMMAND: POST /session/4aedcc6e4741b2a879631080b602cb58/element - {"using":"xpath","value":"//button[@title=\"Save\"]"}
RESULT: {"using":"xpath","value":"//button[@title=\"Save\"]"}
COMMAND: POST /session/4aedcc6e4741b2a879631080b602cb58/element/f.0FDC85D955747547727011D182B9DC15.d.5D934F063159C8B6C01A892355F90FC4.e.4249/click - {}
RESULT: {}
COMMAND: POST /session/4aedcc6e4741b2a879631080b602cb58/execute/async - {"script":"<script> [1562 bytes]","args":[{"selector":{"controlType":"sap.ui.core.Icon","viewName":"etm.portal.ui.managecatalogs.view.Detail","viewId":"application-managecatalogs-display-component---detailCatalog","properties":{"src":{"regex":{"source":"decline"}}}},"wdio_ui5_key":"etmportal.ui.managecatalogs.view.Detailsap.ui.core.Icon{\"src\":{\"regex\":{\"source\":\"decline\"}}}"}]}
COMMAND: GET /session/4aedcc6e4741b2a879631080b602cb58/screenshot - {}
RESULT: {"script":"<script> [1562 bytes]","args":[{"selector":{"controlType":"sap.ui.core.Icon","viewName":"etm.portal.ui.managecatalogs.view.Detail","viewId":"application-managecatalogs-display-component---detailCatalog","properties":{"src":{"regex":{"source":"decline"}}}},"wdio_ui5_key":"etmportal.ui.managecatalogs.view.Detailsap.ui.core.Icon{\"src\":{\"regex\":{\"source\":\"decline\"}}}"}]}
RESULT: undefined
COMMAND: POST /session/4aedcc6e4741b2a879631080b602cb58/element - {"using":"xpath","value":"//*[@id=\"__button121-img\"]"}
RESULT: {}
RESULT: {"using":"xpath","value":"//*[@id=\"__button121-img\"]"}
COMMAND: POST /session/4aedcc6e4741b2a879631080b602cb58/element/f.0FDC85D955747547727011D182B9DC15.d.5D934F063159C8B6C01A892355F90FC4.e.4254/click - {}
RESULT: {}
COMMAND: GET /session/4aedcc6e4741b2a879631080b602cb58/screenshot - {}
RESULT: {}
COMMAND: POST /session/4aedcc6e4741b2a879631080b602cb58/execute/async - {"script":"<script> [1562 bytes]","args":[{"selector":{"controlType":"sap.ui.core.Icon","viewName":"etm.portal.ui.managecatalogs.view.MasterItems","viewId":"application-managecatalogs-display-component---masterCatalogItems","properties":{"src":{"regex":{"source":"refresh"}}}},"wdio_ui5_key":"etmportal.ui.managecatalogs.view.MasterItemssap.ui.core.Icon{\"src\":{\"regex\":{\"source\":\"refresh\"}}}"}]}
RESULT: {"script":"<script> [1562 bytes]","args":[{"selector":{"controlType":"sap.ui.core.Icon","viewName":"etm.portal.ui.managecatalogs.view.MasterItems","viewId":"application-managecatalogs-display-component---masterCatalogItems","properties":{"src":{"regex":{"source":"refresh"}}}},"wdio_ui5_key":"etmportal.ui.managecatalogs.view.MasterItemssap.ui.core.Icon{\"src\":{\"regex\":{\"source\":\"refresh\"}}}"}]}
RESULT: undefined
COMMAND: POST /session/4aedcc6e4741b2a879631080b602cb58/element - {"using":"xpath","value":"//*[@id=\"__button94-img\"]"}
RESULT: {"using":"xpath","value":"//*[@id=\"__button94-img\"]"}
COMMAND: POST /session/4aedcc6e4741b2a879631080b602cb58/element/f.0FDC85D955747547727011D182B9DC15.d.5D934F063159C8B6C01A892355F90FC4.e.4290/click - {}
RESULT: {}
COMMAND: POST /session/4aedcc6e4741b2a879631080b602cb58/execute/async - {"script":"<script> [1562 bytes]","args":[{"selector":{"id":"application-managecatalogs-display-component---masterCatalogItems--searchItemsField","interaction":{"idSuffix":"I"}},"wdio_ui5_key":"applicationmanagecatalogs-display-component---masterCatalogItems--searchItemsField"}]}
COMMAND: GET /session/4aedcc6e4741b2a879631080b602cb58/screenshot - {}
RESULT: {"script":"<script> [1562 bytes]","args":[{"selector":{"id":"application-managecatalogs-display-component---masterCatalogItems--searchItemsField","interaction":{"idSuffix":"I"}},"wdio_ui5_key":"applicationmanagecatalogs-display-component---masterCatalogItems--searchItemsField"}]}
RESULT: undefined
COMMAND: POST /session/4aedcc6e4741b2a879631080b602cb58/execute/async - {"script":"<script> [776 bytes]","args":[{"enterText":"Webdriver2pj3u","selector":{"id":"application-managecatalogs-display-component---masterCatalogItems--searchItemsField","interaction":{"idSuffix":"I"}},"clearTextFirst":true,"interactionType":"ENTER_TEXT"}]}
RESULT: {}
RESULT: {"script":"<script> [776 bytes]","args":[{"enterText":"Webdriver2pj3u","selector":{"id":"application-managecatalogs-display-component---masterCatalogItems--searchItemsField","interaction":{"idSuffix":"I"}},"clearTextFirst":true,"interactionType":"ENTER_TEXT"}]}
COMMAND: POST /session/4aedcc6e4741b2a879631080b602cb58/actions - {"actions":[{"id":"action10","type":"key","parameters":{},"actions":[{"type":"keyDown","value":"î€‡"},{"type":"pause","duration":10},{"type":"keyUp","value":"î€‡"}]}]}
RESULT: {"actions":[{"id":"action10","type":"key","parameters":{},"actions":[{"type":"keyDown","value":"î€‡"},{"type":"pause","duration":10},{"type":"keyUp","value":"î€‡"}]}]}
COMMAND: POST /session/4aedcc6e4741b2a879631080b602cb58/element - {"using":"xpath","value":"(//span[contains(text(), \"Webdriver2pj3u\")])[1]"}
COMMAND: GET /session/4aedcc6e4741b2a879631080b602cb58/screenshot - {}
RESULT: {"using":"xpath","value":"(//span[contains(text(), \"Webdriver2pj3u\")])[1]"}
COMMAND: POST /session/4aedcc6e4741b2a879631080b602cb58/element/f.0FDC85D955747547727011D182B9DC15.d.5D934F063159C8B6C01A892355F90FC4.e.4293/click - {}
RESULT: {}
RESULT: {}
COMMAND: GET /session/4aedcc6e4741b2a879631080b602cb58/screenshot - {}
RESULT: {}
RESULT: undefined
COMMAND: POST /session/4aedcc6e4741b2a879631080b602cb58/element - {"using":"xpath","value":"//*[@id=\"__button118\"]"}
RESULT: {"using":"xpath","value":"//*[@id=\"__button118\"]"}
COMMAND: POST /session/4aedcc6e4741b2a879631080b602cb58/element/f.0FDC85D955747547727011D182B9DC15.d.5D934F063159C8B6C01A892355F90FC4.e.4361/click - {}
RESULT: {}
COMMAND: GET /session/4aedcc6e4741b2a879631080b602cb58/screenshot - {}
RESULT: {}
RESULT: undefined
COMMAND: POST /session/4aedcc6e4741b2a879631080b602cb58/element - {"using":"xpath","value":"//*[@id=\"__button126-img\"]"}
RESULT: {"using":"xpath","value":"//*[@id=\"__button126-img\"]"}
COMMAND: POST /session/4aedcc6e4741b2a879631080b602cb58/element/f.0FDC85D955747547727011D182B9DC15.d.5D934F063159C8B6C01A892355F90FC4.e.4377/click - {}
RESULT: {}
COMMAND: GET /session/4aedcc6e4741b2a879631080b602cb58/screenshot - {}
RESULT: {}
RESULT: undefined
COMMAND: POST /session/4aedcc6e4741b2a879631080b602cb58/execute/async - {"script":"<script> [776 bytes]","args":[{"enterText":"SecondSection73bm8","selector":{"id":"application-managecatalogs-display-component---detailCatalog--numberInput","searchOpenDialogs":true,"interaction":{"idSuffix":"inner"}},"clearTextFirst":true,"interactionType":"ENTER_TEXT"}]}
RESULT: {"script":"<script> [776 bytes]","args":[{"enterText":"SecondSection73bm8","selector":{"id":"application-managecatalogs-display-component---detailCatalog--numberInput","searchOpenDialogs":true,"interaction":{"idSuffix":"inner"}},"clearTextFirst":true,"interactionType":"ENTER_TEXT"}]}
COMMAND: POST /session/4aedcc6e4741b2a879631080b602cb58/element - {"using":"xpath","value":"//input[contains(@id ,\"application-managecatalogs-display-component---detailCatalog--nameInput-inner\")]"}
RESULT: {"using":"xpath","value":"//input[contains(@id ,\"application-managecatalogs-display-component---detailCatalog--nameInput-inner\")]"}
COMMAND: POST /session/4aedcc6e4741b2a879631080b602cb58/elements - {"using":"xpath","value":"//input[contains(@id ,\"application-managecatalogs-display-component---detailCatalog--nameInput-inner\")]"}
RESULT: {"using":"xpath","value":"//input[contains(@id ,\"application-managecatalogs-display-component---detailCatalog--nameInput-inner\")]"}
COMMAND: POST /session/4aedcc6e4741b2a879631080b602cb58/element/f.0FDC85D955747547727011D182B9DC15.d.5D934F063159C8B6C01A892355F90FC4.e.4381/clear - {}
RESULT: {}
COMMAND: POST /session/4aedcc6e4741b2a879631080b602cb58/element/f.0FDC85D955747547727011D182B9DC15.d.5D934F063159C8B6C01A892355F90FC4.e.4381/value - {"text":"webdriverseconds2ign"}
COMMAND: GET /session/4aedcc6e4741b2a879631080b602cb58/screenshot - {}
RESULT: {"text":"webdriverseconds2ign"}
RESULT: undefined
COMMAND: POST /session/4aedcc6e4741b2a879631080b602cb58/element - {"using":"xpath","value":"//*[@id=\"__button96\"]"}
COMMAND: GET /session/4aedcc6e4741b2a879631080b602cb58/screenshot - {}
RESULT: {}
RESULT: {"using":"xpath","value":"//*[@id=\"__button96\"]"}
COMMAND: POST /session/4aedcc6e4741b2a879631080b602cb58/element/f.0FDC85D955747547727011D182B9DC15.d.5D934F063159C8B6C01A892355F90FC4.e.4385/click - {}
RESULT: {}
RESULT: {}
COMMAND: GET /session/4aedcc6e4741b2a879631080b602cb58/screenshot - {}
RESULT: {}
COMMAND: POST /session/4aedcc6e4741b2a879631080b602cb58/element - {"using":"xpath","value":"//button[@title=\"Save\"]"}
RESULT: {"using":"xpath","value":"//button[@title=\"Save\"]"}
COMMAND: POST /session/4aedcc6e4741b2a879631080b602cb58/element/f.0FDC85D955747547727011D182B9DC15.d.5D934F063159C8B6C01A892355F90FC4.e.4365/click - {}
RESULT: {}
COMMAND: GET /session/4aedcc6e4741b2a879631080b602cb58/screenshot - {}
RESULT: {}
RESULT: undefined
COMMAND: POST /session/4aedcc6e4741b2a879631080b602cb58/element - {"using":"xpath","value":"//*[@id=\"__button121-img\"]"}
RESULT: {"using":"xpath","value":"//*[@id=\"__button121-img\"]"}
COMMAND: POST /session/4aedcc6e4741b2a879631080b602cb58/element/f.0FDC85D955747547727011D182B9DC15.d.5D934F063159C8B6C01A892355F90FC4.e.4389/click - {}
RESULT: {}
COMMAND: GET /session/4aedcc6e4741b2a879631080b602cb58/screenshot - {}
RESULT: {}
RESULT: undefined
COMMAND: POST /session/4aedcc6e4741b2a879631080b602cb58/element - {"using":"xpath","value":"//*[@id=\"__button94-img\"]"}
RESULT: {"using":"xpath","value":"//*[@id=\"__button94-img\"]"}
COMMAND: POST /session/4aedcc6e4741b2a879631080b602cb58/element/f.0FDC85D955747547727011D182B9DC15.d.5D934F063159C8B6C01A892355F90FC4.e.4423/click - {}
RESULT: {}
COMMAND: GET /session/4aedcc6e4741b2a879631080b602cb58/screenshot - {}
RESULT: {}
RESULT: undefined
COMMAND: POST /session/4aedcc6e4741b2a879631080b602cb58/execute/async - {"script":"<script> [776 bytes]","args":[{"enterText":"SecondSection73bm8","selector":{"id":"application-managecatalogs-display-component---masterCatalogItems--searchItemsField","interaction":{"idSuffix":"I"}},"clearTextFirst":true,"interactionType":"ENTER_TEXT"}]}
RESULT: {"script":"<script> [776 bytes]","args":[{"enterText":"SecondSection73bm8","selector":{"id":"application-managecatalogs-display-component---masterCatalogItems--searchItemsField","interaction":{"idSuffix":"I"}},"clearTextFirst":true,"interactionType":"ENTER_TEXT"}]}
COMMAND: POST /session/4aedcc6e4741b2a879631080b602cb58/actions - {"actions":[{"id":"action11","type":"key","parameters":{},"actions":[{"type":"keyDown","value":"î€‡"},{"type":"pause","duration":10},{"type":"keyUp","value":"î€‡"}]}]}
RESULT: {"actions":[{"id":"action11","type":"key","parameters":{},"actions":[{"type":"keyDown","value":"î€‡"},{"type":"pause","duration":10},{"type":"keyUp","value":"î€‡"}]}]}
COMMAND: POST /session/4aedcc6e4741b2a879631080b602cb58/element - {"using":"xpath","value":"(//span[contains(text(), \"SecondSection73bm8\")])[1]"}
COMMAND: GET /session/4aedcc6e4741b2a879631080b602cb58/screenshot - {}
RESULT: {"using":"xpath","value":"(//span[contains(text(), \"SecondSection73bm8\")])[1]"}
COMMAND: POST /session/4aedcc6e4741b2a879631080b602cb58/element/f.0FDC85D955747547727011D182B9DC15.d.5D934F063159C8B6C01A892355F90FC4.e.4426/click - {}
RESULT: {}
RESULT: {}
COMMAND: POST /session/4aedcc6e4741b2a879631080b602cb58/element - {"using":"xpath","value":"(//span[contains(text(), \"SecondSection73bm8\")])[1]"}
COMMAND: GET /session/4aedcc6e4741b2a879631080b602cb58/screenshot - {}
RESULT: {"using":"xpath","value":"(//span[contains(text(), \"SecondSection73bm8\")])[1]"}
COMMAND: GET /session/4aedcc6e4741b2a879631080b602cb58/element/f.0FDC85D955747547727011D182B9DC15.d.5D934F063159C8B6C01A892355F90FC4.e.4426/text - {}
RESULT: {}
COMMAND: POST /session/4aedcc6e4741b2a879631080b602cb58/element - {"using":"xpath","value":"(//span[contains(text(), \"SecondSection73bm8\")])[1]"}
RESULT: {"using":"xpath","value":"(//span[contains(text(), \"SecondSection73bm8\")])[1]"}
COMMAND: GET /session/4aedcc6e4741b2a879631080b602cb58/element/f.0FDC85D955747547727011D182B9DC15.d.5D934F063159C8B6C01A892355F90FC4.e.4426/text - {}
COMMAND: POST /session/4aedcc6e4741b2a879631080b602cb58/element - {"using":"xpath","value":"(//span[contains(text(), \"SecondSection73bm8\")])[1]"}
RESULT: {"using":"xpath","value":"(//span[contains(text(), \"SecondSection73bm8\")])[1]"}
COMMAND: GET /session/4aedcc6e4741b2a879631080b602cb58/element/f.0FDC85D955747547727011D182B9DC15.d.5D934F063159C8B6C01A892355F90FC4.e.4479/text - {}
RESULT: {}
COMMAND: POST /session/4aedcc6e4741b2a879631080b602cb58/refresh - {}
RESULT: {}
COMMAND: GET /session/4aedcc6e4741b2a879631080b602cb58/screenshot - {}
RESULT: {}
COMMAND: POST /session/4aedcc6e4741b2a879631080b602cb58/execute/async - {"script":"<script> [189 bytes]","args":[]}
RESULT: {"script":"<script> [189 bytes]","args":[]}
COMMAND: POST /session/4aedcc6e4741b2a879631080b602cb58/execute/async - {"script":"<script> [123 bytes]","args":[]}
RESULT: {"script":"<script> [123 bytes]","args":[]}
COMMAND: POST /session/4aedcc6e4741b2a879631080b602cb58/timeouts - {"script":"<number>"}
RESULT: {"script":"<number>"}
COMMAND: GET /session/4aedcc6e4741b2a879631080b602cb58/timeouts - {}
RESULT: {}
RESULT: undefined
COMMAND: POST /session/4aedcc6e4741b2a879631080b602cb58/execute/async - {"script":"<script> [2676 bytes]","args":[]}
RESULT: {"script":"<script> [2676 bytes]","args":[]}
COMMAND: POST /session/4aedcc6e4741b2a879631080b602cb58/execute/async - {"script":"<script> [2342 bytes]","args":[{"protocol":"http","hostname":"0.0.0.0","path":"/","capabilities":{"browserName":"chrome","goog:chromeOptions":{"binary":"C:\\Program Files\\Google\\Chrome\\Application\\chrome.exe","args":["--start-maximized"]}},"logLevel":"warn","connectionRetryTimeout":120000,"connectionRetryCount":3,"logLevels":{},"enableDirectConnect":true,"strictSSL":true,"_":"65 more keys: [\"cacheDir\",\"port\",\"requestedCapabilities\",\"automationProtocol\",\"baseUrl\",\"waitforInterval\",\"waitforTimeout\",\"onReload\",\"beforeCommand\",\"afterCommand\",\"rootDir\",\"specs\",\"suites\",\"exclude\",\"groupLogsByTestSpec\",\"excludeDriverLogs\",\"bail\",\"framework\",\"reporters\",\"services\",\"maxInstances\",\"maxInstancesPerCapability\",\"injectGlobals\",\"filesToWatch\",\"execArgv\",\"runnerEnv\",\"runner\",\"shard\",\"specFileRetries\",\"specFileRetriesDelay\",\"specFileRetriesDeferred\",\"reporterSyncInterval\",\"reporterSyncTimeout\",\"cucumberFeaturesWithLineNumbers\",\"autoCompileOpts\",\"mochaOpts\",\"jasmineOpts\",\"cucumberOpts\",\"onPrepare\",\"onWorkerStart\",\"onWorkerEnd\",\"before\",\"beforeSession\",\"beforeSuite\",\"beforeHook\",\"beforeTest\",\"afterTest\",\"afterHook\",\"afterSuite\",\"afterSession\",\"after\",\"onComplete\",\"beforeAssertion\",\"afterAssertion\",\"beforeFeature\",\"beforeScenario\",\"beforeStep\",\"afterStep\",\"afterScenario\",\"afterFeature\",\"_\",\"suite\",\"$0\",\"ignoredWorkerServices\",\"wdi5\"]"}]}
RESULT: {"script":"<script> [2342 bytes]","args":[{"protocol":"http","hostname":"0.0.0.0","path":"/","capabilities":{"browserName":"chrome","goog:chromeOptions":{"binary":"C:\\Program Files\\Google\\Chrome\\Application\\chrome.exe","args":["--start-maximized"]}},"logLevel":"warn","connectionRetryTimeout":120000,"connectionRetryCount":3,"logLevels":{},"enableDirectConnect":true,"strictSSL":true,"_":"65 more keys: [\"cacheDir\",\"port\",\"requestedCapabilities\",\"automationProtocol\",\"baseUrl\",\"waitforInterval\",\"waitforTimeout\",\"onReload\",\"beforeCommand\",\"afterCommand\",\"rootDir\",\"specs\",\"suites\",\"exclude\",\"groupLogsByTestSpec\",\"excludeDriverLogs\",\"bail\",\"framework\",\"reporters\",\"services\",\"maxInstances\",\"maxInstancesPerCapability\",\"injectGlobals\",\"filesToWatch\",\"execArgv\",\"runnerEnv\",\"runner\",\"shard\",\"specFileRetries\",\"specFileRetriesDelay\",\"specFileRetriesDeferred\",\"reporterSyncInterval\",\"reporterSyncTimeout\",\"cucumberFeaturesWithLineNumbers\",\"autoCompileOpts\",\"mochaOpts\",\"jasmineOpts\",\"cucumberOpts\",\"onPrepare\",\"onWorkerStart\",\"onWorkerEnd\",\"before\",\"beforeSession\",\"beforeSuite\",\"beforeHook\",\"beforeTest\",\"afterTest\",\"afterHook\",\"afterSuite\",\"afterSession\",\"after\",\"onComplete\",\"beforeAssertion\",\"afterAssertion\",\"beforeFeature\",\"beforeScenario\",\"beforeStep\",\"afterStep\",\"afterScenario\",\"afterFeature\",\"_\",\"suite\",\"$0\",\"ignoredWorkerServices\",\"wdi5\"]"}]}
COMMAND: POST /session/4aedcc6e4741b2a879631080b602cb58/execute/async - {"script":"<script> [21126 bytes]","args":[35000]}
RESULT: {"script":"<script> [21126 bytes]","args":[35000]}
COMMAND: POST /session/4aedcc6e4741b2a879631080b602cb58/execute/async - {"script":"<script> [1562 bytes]","args":[{"selector":{"controlType":"sap.m.Button","viewName":"etm.portal.ui.managecatalogs.view.Detail","viewId":"application-managecatalogs-display-component---detailCatalog","i18NText":{"propertyName":"text","key":"edit"},"interaction":{"idSuffix":"BDI-content"}},"wdio_ui5_key":"etmportal.ui.managecatalogs.view.Detailsap.m.Button{\"propertyName\":\"text\",\"key\":\"edit\"}"}]}
RESULT: {"script":"<script> [1562 bytes]","args":[{"selector":{"controlType":"sap.m.Button","viewName":"etm.portal.ui.managecatalogs.view.Detail","viewId":"application-managecatalogs-display-component---detailCatalog","i18NText":{"propertyName":"text","key":"edit"},"interaction":{"idSuffix":"BDI-content"}},"wdio_ui5_key":"etmportal.ui.managecatalogs.view.Detailsap.m.Button{\"propertyName\":\"text\",\"key\":\"edit\"}"}]}
RESULT: undefined
COMMAND: POST /session/4aedcc6e4741b2a879631080b602cb58/element - {"using":"xpath","value":"//*[@id=\"__button25\"]"}
RESULT: {"using":"xpath","value":"//*[@id=\"__button25\"]"}
COMMAND: POST /session/4aedcc6e4741b2a879631080b602cb58/element/f.0FDC85D955747547727011D182B9DC15.d.1EC195D894503E3590BBF7A006527613.e.4534/click - {}
RESULT: {}
COMMAND: GET /session/4aedcc6e4741b2a879631080b602cb58/screenshot - {}
RESULT: {}
COMMAND: POST /session/4aedcc6e4741b2a879631080b602cb58/element - {"using":"xpath","value":"//button[contains(@title ,\"Create Catalog Item\")]"}
RESULT: {"using":"xpath","value":"//button[contains(@title ,\"Create Catalog Item\")]"}
COMMAND: POST /session/4aedcc6e4741b2a879631080b602cb58/element/f.0FDC85D955747547727011D182B9DC15.d.1EC195D894503E3590BBF7A006527613.e.4539/click - {}
RESULT: {}
COMMAND: POST /session/4aedcc6e4741b2a879631080b602cb58/execute/async - {"script":"<script> [1562 bytes]","args":[{"selector":{"id":"application-managecatalogs-display-component---detailCatalog--newItemNumberInput","searchOpenDialogs":true,"interaction":{"idSuffix":"inner"}},"wdio_ui5_key":"applicationmanagecatalogs-display-component---detailCatalog--newItemNumberInput"}]}
COMMAND: GET /session/4aedcc6e4741b2a879631080b602cb58/screenshot - {}
RESULT: {"script":"<script> [1562 bytes]","args":[{"selector":{"id":"application-managecatalogs-display-component---detailCatalog--newItemNumberInput","searchOpenDialogs":true,"interaction":{"idSuffix":"inner"}},"wdio_ui5_key":"applicationmanagecatalogs-display-component---detailCatalog--newItemNumberInput"}]}
RESULT: undefined
COMMAND: POST /session/4aedcc6e4741b2a879631080b602cb58/execute/async - {"script":"<script> [776 bytes]","args":[{"enterText":"catalogItemn6eqg","selector":{"id":"application-managecatalogs-display-component---detailCatalog--newItemNumberInput","searchOpenDialogs":true,"interaction":{"idSuffix":"inner"}},"clearTextFirst":true,"interactionType":"ENTER_TEXT"}]}
RESULT: {}
RESULT: {"script":"<script> [776 bytes]","args":[{"enterText":"catalogItemn6eqg","selector":{"id":"application-managecatalogs-display-component---detailCatalog--newItemNumberInput","searchOpenDialogs":true,"interaction":{"idSuffix":"inner"}},"clearTextFirst":true,"interactionType":"ENTER_TEXT"}]}
COMMAND: POST /session/4aedcc6e4741b2a879631080b602cb58/execute/async - {"script":"<script> [1562 bytes]","args":[{"selector":{"controlType":"sap.m.Input","viewName":"etm.portal.ui.managecatalogs.view.Detail","viewId":"application-managecatalogs-display-component---detailCatalog","bindingPath":{"path":"","propertyPath":"/DESCRIPTION"},"searchOpenDialogs":true,"interaction":{"idSuffix":"inner"}},"wdio_ui5_key":"etmportal.ui.managecatalogs.view.Detailsap.m.Input{\"path\":\"\",\"propertyPath\":\"/DESCRIPTION\"}"}]}
RESULT: {"script":"<script> [1562 bytes]","args":[{"selector":{"controlType":"sap.m.Input","viewName":"etm.portal.ui.managecatalogs.view.Detail","viewId":"application-managecatalogs-display-component---detailCatalog","bindingPath":{"path":"","propertyPath":"/DESCRIPTION"},"searchOpenDialogs":true,"interaction":{"idSuffix":"inner"}},"wdio_ui5_key":"etmportal.ui.managecatalogs.view.Detailsap.m.Input{\"path\":\"\",\"propertyPath\":\"/DESCRIPTION\"}"}]}
RESULT: undefined
COMMAND: POST /session/4aedcc6e4741b2a879631080b602cb58/execute/async - {"script":"<script> [776 bytes]","args":[{"enterText":"catalogItemName42g6q","selector":{"controlType":"sap.m.Input","viewName":"etm.portal.ui.managecatalogs.view.Detail","viewId":"application-managecatalogs-display-component---detailCatalog","bindingPath":{"path":"","propertyPath":"/DESCRIPTION"},"searchOpenDialogs":true,"interaction":{"idSuffix":"inner"}},"clearTextFirst":true,"interactionType":"ENTER_TEXT"}]}
RESULT: {"script":"<script> [776 bytes]","args":[{"enterText":"catalogItemName42g6q","selector":{"controlType":"sap.m.Input","viewName":"etm.portal.ui.managecatalogs.view.Detail","viewId":"application-managecatalogs-display-component---detailCatalog","bindingPath":{"path":"","propertyPath":"/DESCRIPTION"},"searchOpenDialogs":true,"interaction":{"idSuffix":"inner"}},"clearTextFirst":true,"interactionType":"ENTER_TEXT"}]}
COMMAND: POST /session/4aedcc6e4741b2a879631080b602cb58/actions - {"actions":[{"id":"action12","type":"key","parameters":{},"actions":[{"type":"keyDown","value":"î€„"},{"type":"pause","duration":10},{"type":"keyUp","value":"î€„"}]}]}
RESULT: {"actions":[{"id":"action12","type":"key","parameters":{},"actions":[{"type":"keyDown","value":"î€„"},{"type":"pause","duration":10},{"type":"keyUp","value":"î€„"}]}]}
COMMAND: GET /session/4aedcc6e4741b2a879631080b602cb58/screenshot - {}
RESULT: {}
COMMAND: POST /session/4aedcc6e4741b2a879631080b602cb58/actions - {"actions":[{"id":"action13","type":"key","parameters":{},"actions":[{"type":"keyDown","value":"î€‡"},{"type":"pause","duration":10},{"type":"keyUp","value":"î€‡"}]}]}
RESULT: {"actions":[{"id":"action13","type":"key","parameters":{},"actions":[{"type":"keyDown","value":"î€‡"},{"type":"pause","duration":10},{"type":"keyUp","value":"î€‡"}]}]}
COMMAND: GET /session/4aedcc6e4741b2a879631080b602cb58/screenshot - {}
RESULT: {}
COMMAND: POST /session/4aedcc6e4741b2a879631080b602cb58/element - {"using":"xpath","value":"//button[@title=\"Save\"]"}
RESULT: {"using":"xpath","value":"//button[@title=\"Save\"]"}
COMMAND: POST /session/4aedcc6e4741b2a879631080b602cb58/element/f.0FDC85D955747547727011D182B9DC15.d.1EC195D894503E3590BBF7A006527613.e.4547/click - {}
RESULT: {}
COMMAND: GET /session/4aedcc6e4741b2a879631080b602cb58/screenshot - {}
RESULT: {}
COMMAND: POST /session/4aedcc6e4741b2a879631080b602cb58/execute/async - {"script":"<script> [1562 bytes]","args":[{"selector":{"controlType":"sap.ui.core.Icon","viewName":"etm.portal.ui.managecatalogs.view.Detail","viewId":"application-managecatalogs-display-component---detailCatalog","properties":{"src":{"regex":{"source":"decline"}}}},"wdio_ui5_key":"etmportal.ui.managecatalogs.view.Detailsap.ui.core.Icon{\"src\":{\"regex\":{\"source\":\"decline\"}}}"}]}
RESULT: {"script":"<script> [1562 bytes]","args":[{"selector":{"controlType":"sap.ui.core.Icon","viewName":"etm.portal.ui.managecatalogs.view.Detail","viewId":"application-managecatalogs-display-component---detailCatalog","properties":{"src":{"regex":{"source":"decline"}}}},"wdio_ui5_key":"etmportal.ui.managecatalogs.view.Detailsap.ui.core.Icon{\"src\":{\"regex\":{\"source\":\"decline\"}}}"}]}
RESULT: undefined
COMMAND: POST /session/4aedcc6e4741b2a879631080b602cb58/element - {"using":"xpath","value":"//*[@id=\"__button28-img\"]"}
RESULT: {"using":"xpath","value":"//*[@id=\"__button28-img\"]"}
COMMAND: POST /session/4aedcc6e4741b2a879631080b602cb58/element/f.0FDC85D955747547727011D182B9DC15.d.1EC195D894503E3590BBF7A006527613.e.4552/click - {}
RESULT: {}
COMMAND: GET /session/4aedcc6e4741b2a879631080b602cb58/screenshot - {}
RESULT: {}
COMMAND: POST /session/4aedcc6e4741b2a879631080b602cb58/execute/async - {"script":"<script> [1562 bytes]","args":[{"selector":{"controlType":"sap.ui.core.Icon","viewName":"etm.portal.ui.managecatalogs.view.MasterItems","viewId":"application-managecatalogs-display-component---masterCatalogItems","properties":{"src":{"regex":{"source":"refresh"}}}},"wdio_ui5_key":"etmportal.ui.managecatalogs.view.MasterItemssap.ui.core.Icon{\"src\":{\"regex\":{\"source\":\"refresh\"}}}"}]}
RESULT: {"script":"<script> [1562 bytes]","args":[{"selector":{"controlType":"sap.ui.core.Icon","viewName":"etm.portal.ui.managecatalogs.view.MasterItems","viewId":"application-managecatalogs-display-component---masterCatalogItems","properties":{"src":{"regex":{"source":"refresh"}}}},"wdio_ui5_key":"etmportal.ui.managecatalogs.view.MasterItemssap.ui.core.Icon{\"src\":{\"regex\":{\"source\":\"refresh\"}}}"}]}
RESULT: undefined
COMMAND: POST /session/4aedcc6e4741b2a879631080b602cb58/element - {"using":"xpath","value":"//*[@id=\"__button1-img\"]"}
RESULT: {"using":"xpath","value":"//*[@id=\"__button1-img\"]"}
COMMAND: POST /session/4aedcc6e4741b2a879631080b602cb58/element/f.0FDC85D955747547727011D182B9DC15.d.1EC195D894503E3590BBF7A006527613.e.4561/click - {}
RESULT: {}
COMMAND: GET /session/4aedcc6e4741b2a879631080b602cb58/screenshot - {}
RESULT: {}
COMMAND: POST /session/4aedcc6e4741b2a879631080b602cb58/execute/async - {"script":"<script> [1562 bytes]","args":[{"selector":{"id":"application-managecatalogs-display-component---masterCatalogItems--searchItemsField","interaction":{"idSuffix":"I"}},"wdio_ui5_key":"applicationmanagecatalogs-display-component---masterCatalogItems--searchItemsField"}]}
RESULT: {"script":"<script> [1562 bytes]","args":[{"selector":{"id":"application-managecatalogs-display-component---masterCatalogItems--searchItemsField","interaction":{"idSuffix":"I"}},"wdio_ui5_key":"applicationmanagecatalogs-display-component---masterCatalogItems--searchItemsField"}]}
RESULT: undefined
COMMAND: POST /session/4aedcc6e4741b2a879631080b602cb58/execute/async - {"script":"<script> [776 bytes]","args":[{"enterText":"catalogItemName42g6q","selector":{"id":"application-managecatalogs-display-component---masterCatalogItems--searchItemsField","interaction":{"idSuffix":"I"}},"clearTextFirst":true,"interactionType":"ENTER_TEXT"}]}
RESULT: {"script":"<script> [776 bytes]","args":[{"enterText":"catalogItemName42g6q","selector":{"id":"application-managecatalogs-display-component---masterCatalogItems--searchItemsField","interaction":{"idSuffix":"I"}},"clearTextFirst":true,"interactionType":"ENTER_TEXT"}]}
COMMAND: POST /session/4aedcc6e4741b2a879631080b602cb58/actions - {"actions":[{"id":"action14","type":"key","parameters":{},"actions":[{"type":"keyDown","value":"î€‡"},{"type":"pause","duration":10},{"type":"keyUp","value":"î€‡"}]}]}
RESULT: {"actions":[{"id":"action14","type":"key","parameters":{},"actions":[{"type":"keyDown","value":"î€‡"},{"type":"pause","duration":10},{"type":"keyUp","value":"î€‡"}]}]}
COMMAND: POST /session/4aedcc6e4741b2a879631080b602cb58/element - {"using":"xpath","value":"(//span[contains(text(), \"catalogItemName42g6q\")])[1]"}
COMMAND: GET /session/4aedcc6e4741b2a879631080b602cb58/screenshot - {}
RESULT: {"using":"xpath","value":"(//span[contains(text(), \"catalogItemName42g6q\")])[1]"}
COMMAND: POST /session/4aedcc6e4741b2a879631080b602cb58/element/f.0FDC85D955747547727011D182B9DC15.d.1EC195D894503E3590BBF7A006527613.e.4598/click - {}
RESULT: {}
RESULT: {}
COMMAND: GET /session/4aedcc6e4741b2a879631080b602cb58/screenshot - {}
RESULT: {}
COMMAND: POST /session/4aedcc6e4741b2a879631080b602cb58/element - {"using":"xpath","value":"//span[contains(text(), \"catalogItemn6eqg\")]"}
RESULT: {"using":"xpath","value":"//span[contains(text(), \"catalogItemn6eqg\")]"}
COMMAND: GET /session/4aedcc6e4741b2a879631080b602cb58/element/f.0FDC85D955747547727011D182B9DC15.d.1EC195D894503E3590BBF7A006527613.e.4662/text - {}
RESULT: {}
]]></system-out>
    </testcase>
    <testcase classname="chrome.136_0_7103_93.windows.Standard_contract_-_add_contract_items_by_Insert_Request_US118222" name="Should assign resources to the catalog item" time="53.004">
      <system-out><![CDATA[
RESULT: undefined
COMMAND: POST /session/4aedcc6e4741b2a879631080b602cb58/element - {"using":"xpath","value":"//*[@id=\"__button25\"]"}
RESULT: {"using":"xpath","value":"//*[@id=\"__button25\"]"}
COMMAND: POST /session/4aedcc6e4741b2a879631080b602cb58/element/f.0FDC85D955747547727011D182B9DC15.d.1EC195D894503E3590BBF7A006527613.e.4663/click - {}
RESULT: {}
COMMAND: GET /session/4aedcc6e4741b2a879631080b602cb58/screenshot - {}
RESULT: {}
COMMAND: POST /session/4aedcc6e4741b2a879631080b602cb58/execute/async - {"script":"<script> [1562 bytes]","args":[{"selector":{"id":"application-managecatalogs-display-component---detailCatalog--BASE_UNIT_OF_MEASURE-arrow"},"wdio_ui5_key":"applicationmanagecatalogs-display-component---detailCatalog--BASE_UNIT_OF_MEASURE-arrow"}]}
RESULT: {"script":"<script> [1562 bytes]","args":[{"selector":{"id":"application-managecatalogs-display-component---detailCatalog--BASE_UNIT_OF_MEASURE-arrow"},"wdio_ui5_key":"applicationmanagecatalogs-display-component---detailCatalog--BASE_UNIT_OF_MEASURE-arrow"}]}
RESULT: undefined
COMMAND: POST /session/4aedcc6e4741b2a879631080b602cb58/element - {"using":"xpath","value":"//*[@id=\"application-managecatalogs-display-component---detailCatalog--BASE_UNIT_OF_MEASURE-arrow\"]"}
RESULT: {"using":"xpath","value":"//*[@id=\"application-managecatalogs-display-component---detailCatalog--BASE_UNIT_OF_MEASURE-arrow\"]"}
COMMAND: POST /session/4aedcc6e4741b2a879631080b602cb58/element/f.0FDC85D955747547727011D182B9DC15.d.1EC195D894503E3590BBF7A006527613.e.4690/click - {}
RESULT: {}
COMMAND: POST /session/4aedcc6e4741b2a879631080b602cb58/execute/async - {"script":"<script> [1562 bytes]","args":[{"selector":{"controlType":"sap.m.StandardListItem","viewName":"etm.portal.ui.managecatalogs.view.Detail","viewId":"application-managecatalogs-display-component---detailCatalog","properties":{"title":"Piece"},"searchOpenDialogs":true,"interaction":{"idSuffix":"titleText"}},"wdio_ui5_key":"etmportal.ui.managecatalogs.view.Detailsap.m.StandardListItem{\"title\":\"Piece\"}"}]}
COMMAND: GET /session/4aedcc6e4741b2a879631080b602cb58/screenshot - {}
RESULT: {"script":"<script> [1562 bytes]","args":[{"selector":{"controlType":"sap.m.StandardListItem","viewName":"etm.portal.ui.managecatalogs.view.Detail","viewId":"application-managecatalogs-display-component---detailCatalog","properties":{"title":"Piece"},"searchOpenDialogs":true,"interaction":{"idSuffix":"titleText"}},"wdio_ui5_key":"etmportal.ui.managecatalogs.view.Detailsap.m.StandardListItem{\"title\":\"Piece\"}"}]}
RESULT: undefined
COMMAND: POST /session/4aedcc6e4741b2a879631080b602cb58/element - {"using":"xpath","value":"//*[@id=\"__item235\"]"}
RESULT: {}
RESULT: {"using":"xpath","value":"//*[@id=\"__item235\"]"}
COMMAND: POST /session/4aedcc6e4741b2a879631080b602cb58/element/f.0FDC85D955747547727011D182B9DC15.d.1EC195D894503E3590BBF7A006527613.e.4692/click - {}
RESULT: {}
COMMAND: POST /session/4aedcc6e4741b2a879631080b602cb58/execute/async - {"script":"<script> [1562 bytes]","args":[{"selector":{"id":"application-managecatalogs-display-component---detailCatalog--ObjectPageLayout-anchBar-application-managecatalogs-display-component---detailCatalog--sectionRUs-anchor","interaction":{"idSuffix":"BDI-content"}},"wdio_ui5_key":"applicationmanagecatalogs-display-component---detailCatalog--ObjectPageLayout-anchBar-application-managecatalogs-display-component---detailCatalog--sectionRUs-anchor"}]}
COMMAND: GET /session/4aedcc6e4741b2a879631080b602cb58/screenshot - {}
RESULT: {"script":"<script> [1562 bytes]","args":[{"selector":{"id":"application-managecatalogs-display-component---detailCatalog--ObjectPageLayout-anchBar-application-managecatalogs-display-component---detailCatalog--sectionRUs-anchor","interaction":{"idSuffix":"BDI-content"}},"wdio_ui5_key":"applicationmanagecatalogs-display-component---detailCatalog--ObjectPageLayout-anchBar-application-managecatalogs-display-component---detailCatalog--sectionRUs-anchor"}]}
RESULT: undefined
COMMAND: POST /session/4aedcc6e4741b2a879631080b602cb58/element - {"using":"xpath","value":"//*[@id=\"application-managecatalogs-display-component---detailCatalog--ObjectPageLayout-anchBar-application-managecatalogs-display-component---detailCatalog--sectionRUs-anchor\"]"}
RESULT: {}
RESULT: {"using":"xpath","value":"//*[@id=\"application-managecatalogs-display-component---detailCatalog--ObjectPageLayout-anchBar-application-managecatalogs-display-component---detailCatalog--sectionRUs-anchor\"]"}
COMMAND: POST /session/4aedcc6e4741b2a879631080b602cb58/element/f.0FDC85D955747547727011D182B9DC15.d.1EC195D894503E3590BBF7A006527613.e.4694/click - {}
RESULT: {}
COMMAND: POST /session/4aedcc6e4741b2a879631080b602cb58/element - {"using":"xpath","value":"//button[contains(@data-kt ,\"catalogItemAssignRuButton\")]"}
COMMAND: GET /session/4aedcc6e4741b2a879631080b602cb58/screenshot - {}
RESULT: {"using":"xpath","value":"//button[contains(@data-kt ,\"catalogItemAssignRuButton\")]"}
COMMAND: POST /session/4aedcc6e4741b2a879631080b602cb58/element/f.0FDC85D955747547727011D182B9DC15.d.1EC195D894503E3590BBF7A006527613.e.4698/click - {}
RESULT: {}
RESULT: {}
COMMAND: GET /session/4aedcc6e4741b2a879631080b602cb58/screenshot - {}
RESULT: {}
COMMAND: POST /session/4aedcc6e4741b2a879631080b602cb58/actions - {"actions":[{"id":"action15","type":"key","parameters":{},"actions":[{"type":"keyDown","value":"î€‡"},{"type":"pause","duration":10},{"type":"keyUp","value":"î€‡"}]}]}
RESULT: {"actions":[{"id":"action15","type":"key","parameters":{},"actions":[{"type":"keyDown","value":"î€‡"},{"type":"pause","duration":10},{"type":"keyUp","value":"î€‡"}]}]}
COMMAND: POST /session/4aedcc6e4741b2a879631080b602cb58/execute/async - {"script":"<script> [1562 bytes]","args":[{"selector":{"id":"application-managecatalogs-display-component---detailCatalog--assignRUSearchField-vhi","searchOpenDialogs":true},"wdio_ui5_key":"applicationmanagecatalogs-display-component---detailCatalog--assignRUSearchField-vhi"}]}
COMMAND: GET /session/4aedcc6e4741b2a879631080b602cb58/screenshot - {}
RESULT: {"script":"<script> [1562 bytes]","args":[{"selector":{"id":"application-managecatalogs-display-component---detailCatalog--assignRUSearchField-vhi","searchOpenDialogs":true},"wdio_ui5_key":"applicationmanagecatalogs-display-component---detailCatalog--assignRUSearchField-vhi"}]}
RESULT: undefined
COMMAND: POST /session/4aedcc6e4741b2a879631080b602cb58/element - {"using":"xpath","value":"//*[@id=\"application-managecatalogs-display-component---detailCatalog--assignRUSearchField-vhi\"]"}
RESULT: {}
RESULT: {"using":"xpath","value":"//*[@id=\"application-managecatalogs-display-component---detailCatalog--assignRUSearchField-vhi\"]"}
COMMAND: POST /session/4aedcc6e4741b2a879631080b602cb58/element/f.0FDC85D955747547727011D182B9DC15.d.1EC195D894503E3590BBF7A006527613.e.4719/click - {}
RESULT: {}
COMMAND: GET /session/4aedcc6e4741b2a879631080b602cb58/screenshot - {}
RESULT: {}
COMMAND: POST /session/4aedcc6e4741b2a879631080b602cb58/element - {"using":"xpath","value":"//input[contains(@id ,\"searchField-I\")]"}
RESULT: {"using":"xpath","value":"//input[contains(@id ,\"searchField-I\")]"}
COMMAND: POST /session/4aedcc6e4741b2a879631080b602cb58/element/f.0FDC85D955747547727011D182B9DC15.d.1EC195D894503E3590BBF7A006527613.e.4723/clear - {}
RESULT: {}
COMMAND: POST /session/4aedcc6e4741b2a879631080b602cb58/element/f.0FDC85D955747547727011D182B9DC15.d.1EC195D894503E3590BBF7A006527613.e.4723/value - {"text":"WdIOR2cEquipt5dwu"}
COMMAND: GET /session/4aedcc6e4741b2a879631080b602cb58/screenshot - {}
RESULT: {"text":"WdIOR2cEquipt5dwu"}
COMMAND: GET /session/4aedcc6e4741b2a879631080b602cb58/screenshot - {}
RESULT: {}
RESULT: {}
COMMAND: POST /session/4aedcc6e4741b2a879631080b602cb58/actions - {"actions":[{"id":"action16","type":"key","parameters":{},"actions":[{"type":"keyDown","value":"î€‡"},{"type":"pause","duration":10},{"type":"keyUp","value":"î€‡"}]}]}
RESULT: {"actions":[{"id":"action16","type":"key","parameters":{},"actions":[{"type":"keyDown","value":"î€‡"},{"type":"pause","duration":10},{"type":"keyUp","value":"î€‡"}]}]}
COMMAND: GET /session/4aedcc6e4741b2a879631080b602cb58/screenshot - {}
RESULT: {}
COMMAND: POST /session/4aedcc6e4741b2a879631080b602cb58/actions - {"actions":[{"id":"action17","type":"key","parameters":{},"actions":[{"type":"keyDown","value":"î€„"},{"type":"pause","duration":10},{"type":"keyUp","value":"î€„"}]}]}
RESULT: {"actions":[{"id":"action17","type":"key","parameters":{},"actions":[{"type":"keyDown","value":"î€„"},{"type":"pause","duration":10},{"type":"keyUp","value":"î€„"}]}]}
COMMAND: GET /session/4aedcc6e4741b2a879631080b602cb58/screenshot - {}
RESULT: {}
COMMAND: POST /session/4aedcc6e4741b2a879631080b602cb58/actions - {"actions":[{"id":"action18","type":"key","parameters":{},"actions":[{"type":"keyDown","value":"î€‡"},{"type":"pause","duration":10},{"type":"keyUp","value":"î€‡"}]}]}
RESULT: {"actions":[{"id":"action18","type":"key","parameters":{},"actions":[{"type":"keyDown","value":"î€‡"},{"type":"pause","duration":10},{"type":"keyUp","value":"î€‡"}]}]}
COMMAND: GET /session/4aedcc6e4741b2a879631080b602cb58/screenshot - {}
RESULT: {}
COMMAND: POST /session/4aedcc6e4741b2a879631080b602cb58/element - {"using":"xpath","value":"//bdi[contains(@id ,\"application-managecatalogs-display-component---detailCatalog--RUAssignmentSaveButton-BDI-content\")]"}
RESULT: {"using":"xpath","value":"//bdi[contains(@id ,\"application-managecatalogs-display-component---detailCatalog--RUAssignmentSaveButton-BDI-content\")]"}
COMMAND: POST /session/4aedcc6e4741b2a879631080b602cb58/element/f.0FDC85D955747547727011D182B9DC15.d.1EC195D894503E3590BBF7A006527613.e.4756/click - {}
RESULT: {}
COMMAND: GET /session/4aedcc6e4741b2a879631080b602cb58/screenshot - {}
RESULT: {}
COMMAND: POST /session/4aedcc6e4741b2a879631080b602cb58/element - {"using":"xpath","value":"//bdi[contains(@id ,\"application-managecatalogs-display-component---detailCatalog--ObjectPageLayout-anchBar-application-managecatalogs-display-component---detailCatalog--sectionRUs-anchor-BDI-content\")]"}
RESULT: {"using":"xpath","value":"//bdi[contains(@id ,\"application-managecatalogs-display-component---detailCatalog--ObjectPageLayout-anchBar-application-managecatalogs-display-component---detailCatalog--sectionRUs-anchor-BDI-content\")]"}
COMMAND: POST /session/4aedcc6e4741b2a879631080b602cb58/element/f.0FDC85D955747547727011D182B9DC15.d.1EC195D894503E3590BBF7A006527613.e.4782/click - {}
RESULT: {}
COMMAND: GET /session/4aedcc6e4741b2a879631080b602cb58/screenshot - {}
RESULT: {}
COMMAND: POST /session/4aedcc6e4741b2a879631080b602cb58/element - {"using":"xpath","value":"//button[contains(@data-kt ,\"catalogItemAssignRuButton\")]"}
RESULT: {"using":"xpath","value":"//button[contains(@data-kt ,\"catalogItemAssignRuButton\")]"}
COMMAND: POST /session/4aedcc6e4741b2a879631080b602cb58/element/f.0FDC85D955747547727011D182B9DC15.d.1EC195D894503E3590BBF7A006527613.e.4698/click - {}
RESULT: {}
COMMAND: GET /session/4aedcc6e4741b2a879631080b602cb58/screenshot - {}
RESULT: {}
COMMAND: POST /session/4aedcc6e4741b2a879631080b602cb58/actions - {"actions":[{"id":"action19","type":"key","parameters":{},"actions":[{"type":"keyDown","value":"î€‡"},{"type":"pause","duration":10},{"type":"keyUp","value":"î€‡"}]}]}
RESULT: {"actions":[{"id":"action19","type":"key","parameters":{},"actions":[{"type":"keyDown","value":"î€‡"},{"type":"pause","duration":10},{"type":"keyUp","value":"î€‡"}]}]}
RESULT: undefined
COMMAND: POST /session/4aedcc6e4741b2a879631080b602cb58/element - {"using":"xpath","value":"//*[@id=\"application-managecatalogs-display-component---detailCatalog--assignRUSearchField-vhi\"]"}
COMMAND: GET /session/4aedcc6e4741b2a879631080b602cb58/screenshot - {}
RESULT: {"using":"xpath","value":"//*[@id=\"application-managecatalogs-display-component---detailCatalog--assignRUSearchField-vhi\"]"}
COMMAND: POST /session/4aedcc6e4741b2a879631080b602cb58/elements - {"using":"xpath","value":"//*[@id=\"application-managecatalogs-display-component---detailCatalog--assignRUSearchField-vhi\"]"}
RESULT: {}
RESULT: {"using":"xpath","value":"//*[@id=\"application-managecatalogs-display-component---detailCatalog--assignRUSearchField-vhi\"]"}
COMMAND: POST /session/4aedcc6e4741b2a879631080b602cb58/element - {"using":"xpath","value":"//*[@id=\"application-managecatalogs-display-component---detailCatalog--assignRUSearchField-vhi\"]"}
RESULT: {"using":"xpath","value":"//*[@id=\"application-managecatalogs-display-component---detailCatalog--assignRUSearchField-vhi\"]"}
COMMAND: POST /session/4aedcc6e4741b2a879631080b602cb58/element/f.0FDC85D955747547727011D182B9DC15.d.1EC195D894503E3590BBF7A006527613.e.4800/click - {}
RESULT: {}
COMMAND: POST /session/4aedcc6e4741b2a879631080b602cb58/execute/async - {"script":"<script> [1562 bytes]","args":[{"selector":{"controlType":"sap.m.SearchField","viewName":"etm.portal.ui.managecatalogs.view.Detail","viewId":"application-managecatalogs-display-component---detailCatalog","searchOpenDialogs":true,"interaction":{"idSuffix":"I"}},"wdio_ui5_key":"etmportal.ui.managecatalogs.view.Detailsap.m.SearchField"}]}
COMMAND: GET /session/4aedcc6e4741b2a879631080b602cb58/screenshot - {}
RESULT: {"script":"<script> [1562 bytes]","args":[{"selector":{"controlType":"sap.m.SearchField","viewName":"etm.portal.ui.managecatalogs.view.Detail","viewId":"application-managecatalogs-display-component---detailCatalog","searchOpenDialogs":true,"interaction":{"idSuffix":"I"}},"wdio_ui5_key":"etmportal.ui.managecatalogs.view.Detailsap.m.SearchField"}]}
RESULT: undefined
COMMAND: POST /session/4aedcc6e4741b2a879631080b602cb58/execute/async - {"script":"<script> [776 bytes]","args":[{"enterText":"WebdriverRUR2C00g9k","selector":{"controlType":"sap.m.SearchField","viewName":"etm.portal.ui.managecatalogs.view.Detail","viewId":"application-managecatalogs-display-component---detailCatalog","searchOpenDialogs":true,"interaction":{"idSuffix":"I"}},"clearTextFirst":true,"interactionType":"ENTER_TEXT"}]}
RESULT: {}
RESULT: {"script":"<script> [776 bytes]","args":[{"enterText":"WebdriverRUR2C00g9k","selector":{"controlType":"sap.m.SearchField","viewName":"etm.portal.ui.managecatalogs.view.Detail","viewId":"application-managecatalogs-display-component---detailCatalog","searchOpenDialogs":true,"interaction":{"idSuffix":"I"}},"clearTextFirst":true,"interactionType":"ENTER_TEXT"}]}
COMMAND: POST /session/4aedcc6e4741b2a879631080b602cb58/actions - {"actions":[{"id":"action20","type":"key","parameters":{},"actions":[{"type":"keyDown","value":"î€‡"},{"type":"pause","duration":10},{"type":"keyUp","value":"î€‡"}]}]}
RESULT: {"actions":[{"id":"action20","type":"key","parameters":{},"actions":[{"type":"keyDown","value":"î€‡"},{"type":"pause","duration":10},{"type":"keyUp","value":"î€‡"}]}]}
COMMAND: GET /session/4aedcc6e4741b2a879631080b602cb58/screenshot - {}
RESULT: {}
COMMAND: POST /session/4aedcc6e4741b2a879631080b602cb58/element - {"using":"xpath","value":"(//span[contains(text(), \"WebdriverRUR2C00g9k\")])[1]"}
RESULT: {"using":"xpath","value":"(//span[contains(text(), \"WebdriverRUR2C00g9k\")])[1]"}
COMMAND: POST /session/4aedcc6e4741b2a879631080b602cb58/element/f.0FDC85D955747547727011D182B9DC15.d.1EC195D894503E3590BBF7A006527613.e.4818/click - {}
RESULT: {}
COMMAND: POST /session/4aedcc6e4741b2a879631080b602cb58/execute/async - {"script":"<script> [1562 bytes]","args":[{"selector":{"id":"application-managecatalogs-display-component---detailCatalog--RUAssignmentSaveButton","searchOpenDialogs":true,"interaction":{"idSuffix":"BDI-content"}},"wdio_ui5_key":"applicationmanagecatalogs-display-component---detailCatalog--RUAssignmentSaveButton"}]}
COMMAND: GET /session/4aedcc6e4741b2a879631080b602cb58/screenshot - {}
RESULT: {"script":"<script> [1562 bytes]","args":[{"selector":{"id":"application-managecatalogs-display-component---detailCatalog--RUAssignmentSaveButton","searchOpenDialogs":true,"interaction":{"idSuffix":"BDI-content"}},"wdio_ui5_key":"applicationmanagecatalogs-display-component---detailCatalog--RUAssignmentSaveButton"}]}
RESULT: undefined
COMMAND: POST /session/4aedcc6e4741b2a879631080b602cb58/element - {"using":"xpath","value":"//*[@id=\"application-managecatalogs-display-component---detailCatalog--RUAssignmentSaveButton\"]"}
RESULT: {}
RESULT: {"using":"xpath","value":"//*[@id=\"application-managecatalogs-display-component---detailCatalog--RUAssignmentSaveButton\"]"}
COMMAND: POST /session/4aedcc6e4741b2a879631080b602cb58/element/f.0FDC85D955747547727011D182B9DC15.d.1EC195D894503E3590BBF7A006527613.e.4821/click - {}
RESULT: {}
COMMAND: GET /session/4aedcc6e4741b2a879631080b602cb58/screenshot - {}
RESULT: {}
COMMAND: POST /session/4aedcc6e4741b2a879631080b602cb58/element - {"using":"xpath","value":"//bdi[contains(text(), \"Save\")]"}
RESULT: {"using":"xpath","value":"//bdi[contains(text(), \"Save\")]"}
COMMAND: POST /session/4aedcc6e4741b2a879631080b602cb58/element/f.0FDC85D955747547727011D182B9DC15.d.1EC195D894503E3590BBF7A006527613.e.4832/click - {}
RESULT: {}
COMMAND: GET /session/4aedcc6e4741b2a879631080b602cb58/screenshot - {}
RESULT: {}
COMMAND: POST /session/4aedcc6e4741b2a879631080b602cb58/element - {"using":"css selector","value":"#shell-header-logo"}
RESULT: {"using":"css selector","value":"#shell-header-logo"}
COMMAND: POST /session/4aedcc6e4741b2a879631080b602cb58/element/f.0FDC85D955747547727011D182B9DC15.d.1EC195D894503E3590BBF7A006527613.e.4486/click - {}
RESULT: {}
COMMAND: GET /session/4aedcc6e4741b2a879631080b602cb58/screenshot - {}
RESULT: {}
]]></system-out>
    </testcase>
    <testcase classname="chrome.136_0_7103_93.windows.Standard_contract_-_add_contract_items_by_Insert_Request_US118222" name="Should create a new contract" time="89.623">
      <system-out><![CDATA[
COMMAND: POST /session/4aedcc6e4741b2a879631080b602cb58/execute/async - {"script":"<script> [1562 bytes]","args":[{"selector":{"controlType":"sap.m.GenericTile","properties":{"header":"Manage Contracts"}},"wdio_ui5_key":"sapm.GenericTile{\"header\":\"Manage Contracts\"}"}]}
RESULT: {"script":"<script> [1562 bytes]","args":[{"selector":{"controlType":"sap.m.GenericTile","properties":{"header":"Manage Contracts"}},"wdio_ui5_key":"sapm.GenericTile{\"header\":\"Manage Contracts\"}"}]}
RESULT: undefined
COMMAND: POST /session/4aedcc6e4741b2a879631080b602cb58/element - {"using":"xpath","value":"//*[@id=\"__tile130\"]"}
RESULT: {"using":"xpath","value":"//*[@id=\"__tile130\"]"}
COMMAND: POST /session/4aedcc6e4741b2a879631080b602cb58/element/f.0FDC85D955747547727011D182B9DC15.d.1EC195D894503E3590BBF7A006527613.e.4866/click - {}
RESULT: {}
COMMAND: GET /session/4aedcc6e4741b2a879631080b602cb58/screenshot - {}
RESULT: {}
COMMAND: POST /session/4aedcc6e4741b2a879631080b602cb58/elements - {"using":"xpath","value":"//span[text()='Error']"}
RESULT: {"using":"xpath","value":"//span[text()='Error']"}
COMMAND: POST /session/4aedcc6e4741b2a879631080b602cb58/element - {"using":"xpath","value":"//button[@data-kt=\"addButton\"]"}
RESULT: {"using":"xpath","value":"//button[@data-kt=\"addButton\"]"}
COMMAND: POST /session/4aedcc6e4741b2a879631080b602cb58/element/f.0FDC85D955747547727011D182B9DC15.d.1EC195D894503E3590BBF7A006527613.e.4914/click - {}
RESULT: {}
COMMAND: GET /session/4aedcc6e4741b2a879631080b602cb58/screenshot - {}
RESULT: {}
COMMAND: POST /session/4aedcc6e4741b2a879631080b602cb58/execute/async - {"script":"<script> [1562 bytes]","args":[{"selector":{"id":"application-managecontracts-display-component---AddNewContract--projectDescription","interaction":{"idSuffix":"inner"}},"wdio_ui5_key":"applicationmanagecontracts-display-component---AddNewContract--projectDescription"}]}
RESULT: {"script":"<script> [1562 bytes]","args":[{"selector":{"id":"application-managecontracts-display-component---AddNewContract--projectDescription","interaction":{"idSuffix":"inner"}},"wdio_ui5_key":"applicationmanagecontracts-display-component---AddNewContract--projectDescription"}]}
RESULT: undefined
COMMAND: POST /session/4aedcc6e4741b2a879631080b602cb58/execute/async - {"script":"<script> [776 bytes]","args":[{"enterText":"WdIOR2ch9ru1","selector":{"id":"application-managecontracts-display-component---AddNewContract--projectDescription","interaction":{"idSuffix":"inner"}},"clearTextFirst":true,"interactionType":"ENTER_TEXT"}]}
RESULT: {"script":"<script> [776 bytes]","args":[{"enterText":"WdIOR2ch9ru1","selector":{"id":"application-managecontracts-display-component---AddNewContract--projectDescription","interaction":{"idSuffix":"inner"}},"clearTextFirst":true,"interactionType":"ENTER_TEXT"}]}
COMMAND: POST /session/4aedcc6e4741b2a879631080b602cb58/element - {"using":"xpath","value":"//input[@id=\"application-managecontracts-display-component---AddNewContract--yardId-inner\"]"}
RESULT: {"using":"xpath","value":"//input[@id=\"application-managecontracts-display-component---AddNewContract--yardId-inner\"]"}
COMMAND: POST /session/4aedcc6e4741b2a879631080b602cb58/element/f.0FDC85D955747547727011D182B9DC15.d.1EC195D894503E3590BBF7A006527613.e.5220/clear - {}
RESULT: {}
COMMAND: POST /session/4aedcc6e4741b2a879631080b602cb58/element/f.0FDC85D955747547727011D182B9DC15.d.1EC195D894503E3590BBF7A006527613.e.5220/value - {"text":"WebdriverYard1joi9"}
COMMAND: GET /session/4aedcc6e4741b2a879631080b602cb58/screenshot - {}
RESULT: {"text":"WebdriverYard1joi9"}
COMMAND: GET /session/4aedcc6e4741b2a879631080b602cb58/screenshot - {}
RESULT: {}
RESULT: {}
COMMAND: POST /session/4aedcc6e4741b2a879631080b602cb58/actions - {"actions":[{"id":"action21","type":"key","parameters":{},"actions":[{"type":"keyDown","value":"î€‡"},{"type":"pause","duration":10},{"type":"keyUp","value":"î€‡"}]}]}
RESULT: {"actions":[{"id":"action21","type":"key","parameters":{},"actions":[{"type":"keyDown","value":"î€‡"},{"type":"pause","duration":10},{"type":"keyUp","value":"î€‡"}]}]}
COMMAND: GET /session/4aedcc6e4741b2a879631080b602cb58/screenshot - {}
RESULT: {}
COMMAND: POST /session/4aedcc6e4741b2a879631080b602cb58/element - {"using":"xpath","value":"//input[@id=\"application-managecontracts-display-component---AddNewContract--customerSelect-inner\"]"}
RESULT: {"using":"xpath","value":"//input[@id=\"application-managecontracts-display-component---AddNewContract--customerSelect-inner\"]"}
COMMAND: POST /session/4aedcc6e4741b2a879631080b602cb58/element/f.0FDC85D955747547727011D182B9DC15.d.1EC195D894503E3590BBF7A006527613.e.5218/clear - {}
RESULT: {}
COMMAND: POST /session/4aedcc6e4741b2a879631080b602cb58/element/f.0FDC85D955747547727011D182B9DC15.d.1EC195D894503E3590BBF7A006527613.e.5218/value - {"text":"WebdriverPartner8s0tvk"}
COMMAND: GET /session/4aedcc6e4741b2a879631080b602cb58/screenshot - {}
RESULT: {"text":"WebdriverPartner8s0tvk"}
COMMAND: GET /session/4aedcc6e4741b2a879631080b602cb58/screenshot - {}
RESULT: {}
RESULT: {}
COMMAND: POST /session/4aedcc6e4741b2a879631080b602cb58/actions - {"actions":[{"id":"action22","type":"key","parameters":{},"actions":[{"type":"keyDown","value":"î€‡"},{"type":"pause","duration":10},{"type":"keyUp","value":"î€‡"}]}]}
RESULT: {"actions":[{"id":"action22","type":"key","parameters":{},"actions":[{"type":"keyDown","value":"î€‡"},{"type":"pause","duration":10},{"type":"keyUp","value":"î€‡"}]}]}
COMMAND: GET /session/4aedcc6e4741b2a879631080b602cb58/screenshot - {}
RESULT: {}
COMMAND: POST /session/4aedcc6e4741b2a879631080b602cb58/element - {"using":"xpath","value":"//input[@id=\"application-managecontracts-display-component---AddNewContract--site-inner\"]"}
RESULT: {"using":"xpath","value":"//input[@id=\"application-managecontracts-display-component---AddNewContract--site-inner\"]"}
COMMAND: POST /session/4aedcc6e4741b2a879631080b602cb58/element/f.0FDC85D955747547727011D182B9DC15.d.1EC195D894503E3590BBF7A006527613.e.5219/clear - {}
RESULT: {}
COMMAND: POST /session/4aedcc6e4741b2a879631080b602cb58/element/f.0FDC85D955747547727011D182B9DC15.d.1EC195D894503E3590BBF7A006527613.e.5219/value - {"text":"WebdriverSitefcng9"}
COMMAND: GET /session/4aedcc6e4741b2a879631080b602cb58/screenshot - {}
RESULT: {"text":"WebdriverSitefcng9"}
COMMAND: GET /session/4aedcc6e4741b2a879631080b602cb58/screenshot - {}
RESULT: {}
RESULT: {}
COMMAND: POST /session/4aedcc6e4741b2a879631080b602cb58/actions - {"actions":[{"id":"action23","type":"key","parameters":{},"actions":[{"type":"keyDown","value":"î€‡"},{"type":"pause","duration":10},{"type":"keyUp","value":"î€‡"}]}]}
RESULT: {"actions":[{"id":"action23","type":"key","parameters":{},"actions":[{"type":"keyDown","value":"î€‡"},{"type":"pause","duration":10},{"type":"keyUp","value":"î€‡"}]}]}
COMMAND: GET /session/4aedcc6e4741b2a879631080b602cb58/screenshot - {}
RESULT: {}
COMMAND: POST /session/4aedcc6e4741b2a879631080b602cb58/element - {"using":"xpath","value":"//button[@data-kt=\"saveButton\"]"}
RESULT: {"using":"xpath","value":"//button[@data-kt=\"saveButton\"]"}
COMMAND: POST /session/4aedcc6e4741b2a879631080b602cb58/element/f.0FDC85D955747547727011D182B9DC15.d.1EC195D894503E3590BBF7A006527613.e.5253/click - {}
RESULT: {}
COMMAND: GET /session/4aedcc6e4741b2a879631080b602cb58/screenshot - {}
RESULT: {}
COMMAND: POST /session/4aedcc6e4741b2a879631080b602cb58/execute/async - {"script":"<script> [1562 bytes]","args":[{"selector":{"id":"contractDetailTitleNoExpanded","viewName":"etm.portal.ui.managecontracts.view.Detail"},"wdio_ui5_key":"contractDetailTitleNoExpandedetmportal.ui.managecontracts.view.Detail"}]}
RESULT: {"script":"<script> [1562 bytes]","args":[{"selector":{"id":"contractDetailTitleNoExpanded","viewName":"etm.portal.ui.managecontracts.view.Detail"},"wdio_ui5_key":"contractDetailTitleNoExpandedetmportal.ui.managecontracts.view.Detail"}]}
RESULT: undefined
COMMAND: POST /session/4aedcc6e4741b2a879631080b602cb58/execute/async - {"script":"<script> [6424 bytes]","args":[{"element-6066-11e4-a52e-4f735466cecf":"f.0FDC85D955747547727011D182B9DC15.d.1EC195D894503E3590BBF7A006527613.e.5261"},"getText",[]]}
RESULT: {"script":"<script> [6424 bytes]","args":[{"element-6066-11e4-a52e-4f735466cecf":"f.0FDC85D955747547727011D182B9DC15.d.1EC195D894503E3590BBF7A006527613.e.5261"},"getText",[]]}
]]></system-out>
    </testcase>
    <testcase classname="chrome.136_0_7103_93.windows.Standard_contract_-_add_contract_items_by_Insert_Request_US118222" name="Should create a new request and plan it" time="160.564">
      <system-out><![CDATA[
COMMAND: POST /session/4aedcc6e4741b2a879631080b602cb58/element - {"using":"css selector","value":"#shell-header-logo"}
RESULT: {"using":"css selector","value":"#shell-header-logo"}
COMMAND: POST /session/4aedcc6e4741b2a879631080b602cb58/element/f.0FDC85D955747547727011D182B9DC15.d.1EC195D894503E3590BBF7A006527613.e.4868/click - {}
RESULT: {}
COMMAND: GET /session/4aedcc6e4741b2a879631080b602cb58/screenshot - {}
RESULT: {}
COMMAND: POST /session/4aedcc6e4741b2a879631080b602cb58/execute/async - {"script":"<script> [1562 bytes]","args":[{"selector":{"controlType":"sap.m.GenericTile","properties":{"header":"Manage Requests"}},"wdio_ui5_key":"sapm.GenericTile{\"header\":\"Manage Requests\"}"}]}
RESULT: {"script":"<script> [1562 bytes]","args":[{"selector":{"controlType":"sap.m.GenericTile","properties":{"header":"Manage Requests"}},"wdio_ui5_key":"sapm.GenericTile{\"header\":\"Manage Requests\"}"}]}
RESULT: undefined
COMMAND: POST /session/4aedcc6e4741b2a879631080b602cb58/element - {"using":"xpath","value":"//*[@id=\"__tile47\"]"}
RESULT: {"using":"xpath","value":"//*[@id=\"__tile47\"]"}
COMMAND: POST /session/4aedcc6e4741b2a879631080b602cb58/element/f.0FDC85D955747547727011D182B9DC15.d.1EC195D894503E3590BBF7A006527613.e.5266/click - {}
RESULT: {}
COMMAND: GET /session/4aedcc6e4741b2a879631080b602cb58/screenshot - {}
RESULT: {}
COMMAND: POST /session/4aedcc6e4741b2a879631080b602cb58/elements - {"using":"xpath","value":"//span[text()='Error']"}
RESULT: {"using":"xpath","value":"//span[text()='Error']"}
COMMAND: POST /session/4aedcc6e4741b2a879631080b602cb58/element - {"using":"xpath","value":"//button[contains(@data-kt ,\"btnCreateNewOverflowToolbarButton\")]"}
COMMAND: POST /session/4aedcc6e4741b2a879631080b602cb58/element - {"using":"xpath","value":"(//span[contains(@class ,\"sapMObjStatusText\")])[1]"}
RESULT: {"using":"xpath","value":"//button[contains(@data-kt ,\"btnCreateNewOverflowToolbarButton\")]"}
COMMAND: POST /session/4aedcc6e4741b2a879631080b602cb58/element/f.0FDC85D955747547727011D182B9DC15.d.1EC195D894503E3590BBF7A006527613.e.5341/click - {}
RESULT: {"using":"xpath","value":"(//span[contains(@class ,\"sapMObjStatusText\")])[1]"}
COMMAND: POST /session/4aedcc6e4741b2a879631080b602cb58/execute/sync - {"script":"<script> [8489 bytes]","args":[{"element-6066-11e4-a52e-4f735466cecf":"f.0FDC85D955747547727011D182B9DC15.d.1EC195D894503E3590BBF7A006527613.e.5623","ELEMENT":"f.0FDC85D955747547727011D182B9DC15.d.1EC195D894503E3590BBF7A006527613.e.5623"}]}
RESULT: {}
COMMAND: GET /session/4aedcc6e4741b2a879631080b602cb58/screenshot - {}
COMMAND: POST /session/4aedcc6e4741b2a879631080b602cb58/element - {"using":"xpath","value":"(//span[contains(@class ,\"sapMObjStatusText\")])[1]"}
RESULT: {}
RESULT: {"using":"xpath","value":"(//span[contains(@class ,\"sapMObjStatusText\")])[1]"}
COMMAND: POST /session/4aedcc6e4741b2a879631080b602cb58/execute/sync - {"script":"<script> [8489 bytes]","args":[{"element-6066-11e4-a52e-4f735466cecf":"f.0FDC85D955747547727011D182B9DC15.d.1EC195D894503E3590BBF7A006527613.e.5894","ELEMENT":"f.0FDC85D955747547727011D182B9DC15.d.1EC195D894503E3590BBF7A006527613.e.5894"}]}
RESULT: {"script":"<script> [8489 bytes]","args":[{"element-6066-11e4-a52e-4f735466cecf":"f.0FDC85D955747547727011D182B9DC15.d.1EC195D894503E3590BBF7A006527613.e.5894","ELEMENT":"f.0FDC85D955747547727011D182B9DC15.d.1EC195D894503E3590BBF7A006527613.e.5894"}]}
COMMAND: GET /session/4aedcc6e4741b2a879631080b602cb58/screenshot - {}
RESULT: {}
COMMAND: POST /session/4aedcc6e4741b2a879631080b602cb58/element - {"using":"xpath","value":"//input[contains(@id ,\"yardId-inner\")]"}
RESULT: {"using":"xpath","value":"//input[contains(@id ,\"yardId-inner\")]"}
COMMAND: POST /session/4aedcc6e4741b2a879631080b602cb58/execute/sync - {"script":"<script> [8489 bytes]","args":[{"element-6066-11e4-a52e-4f735466cecf":"f.0FDC85D955747547727011D182B9DC15.d.1EC195D894503E3590BBF7A006527613.e.5707","ELEMENT":"f.0FDC85D955747547727011D182B9DC15.d.1EC195D894503E3590BBF7A006527613.e.5707"}]}
RESULT: {"script":"<script> [8489 bytes]","args":[{"element-6066-11e4-a52e-4f735466cecf":"f.0FDC85D955747547727011D182B9DC15.d.1EC195D894503E3590BBF7A006527613.e.5707","ELEMENT":"f.0FDC85D955747547727011D182B9DC15.d.1EC195D894503E3590BBF7A006527613.e.5707"}]}
COMMAND: POST /session/4aedcc6e4741b2a879631080b602cb58/element - {"using":"xpath","value":"//input[contains(@id ,\"requestContractNo-inner\")]"}
COMMAND: POST /session/4aedcc6e4741b2a879631080b602cb58/element - {"using":"xpath","value":"//input[contains(@id ,\"requestContractNo-inner\")]"}
COMMAND: GET /session/4aedcc6e4741b2a879631080b602cb58/screenshot - {}
RESULT: {"using":"xpath","value":"//input[contains(@id ,\"requestContractNo-inner\")]"}
COMMAND: GET /session/4aedcc6e4741b2a879631080b602cb58/element/f.0FDC85D955747547727011D182B9DC15.d.1EC195D894503E3590BBF7A006527613.e.5704/enabled - {}
RESULT: {"using":"xpath","value":"//input[contains(@id ,\"requestContractNo-inner\")]"}
COMMAND: POST /session/4aedcc6e4741b2a879631080b602cb58/element/f.0FDC85D955747547727011D182B9DC15.d.1EC195D894503E3590BBF7A006527613.e.5704/value - {"text":"10440"}
RESULT: {}
RESULT: {}
COMMAND: GET /session/4aedcc6e4741b2a879631080b602cb58/screenshot - {}
RESULT: {"text":"10440"}
COMMAND: GET /session/4aedcc6e4741b2a879631080b602cb58/screenshot - {}
RESULT: {}
RESULT: {}
COMMAND: POST /session/4aedcc6e4741b2a879631080b602cb58/actions - {"actions":[{"id":"action24","type":"key","parameters":{},"actions":[{"type":"keyDown","value":"î€‡"},{"type":"pause","duration":10},{"type":"keyUp","value":"î€‡"}]}]}
RESULT: {"actions":[{"id":"action24","type":"key","parameters":{},"actions":[{"type":"keyDown","value":"î€‡"},{"type":"pause","duration":10},{"type":"keyUp","value":"î€‡"}]}]}
COMMAND: GET /session/4aedcc6e4741b2a879631080b602cb58/screenshot - {}
RESULT: {}
COMMAND: POST /session/4aedcc6e4741b2a879631080b602cb58/execute/async - {"script":"<script> [1562 bytes]","args":[{"selector":{"controlType":"sap.ui.core.Icon","viewName":"etm.portal.ui.managerequests.view.NewRequest","properties":{"src":{"regex":{"source":"add"}}}},"wdio_ui5_key":"etmportal.ui.managerequests.view.NewRequestsap.ui.core.Icon{\"src\":{\"regex\":{\"source\":\"add\"}}}"}]}
RESULT: {"script":"<script> [1562 bytes]","args":[{"selector":{"controlType":"sap.ui.core.Icon","viewName":"etm.portal.ui.managerequests.view.NewRequest","properties":{"src":{"regex":{"source":"add"}}}},"wdio_ui5_key":"etmportal.ui.managerequests.view.NewRequestsap.ui.core.Icon{\"src\":{\"regex\":{\"source\":\"add\"}}}"}]}
RESULT: undefined
COMMAND: POST /session/4aedcc6e4741b2a879631080b602cb58/element - {"using":"xpath","value":"//*[@id=\"__xmlview61--btnAddTableRow-img\"]"}
RESULT: {"using":"xpath","value":"//*[@id=\"__xmlview61--btnAddTableRow-img\"]"}
COMMAND: POST /session/4aedcc6e4741b2a879631080b602cb58/element/f.0FDC85D955747547727011D182B9DC15.d.1EC195D894503E3590BBF7A006527613.e.5905/click - {}
RESULT: {}
COMMAND: GET /session/4aedcc6e4741b2a879631080b602cb58/screenshot - {}
RESULT: {}
COMMAND: POST /session/4aedcc6e4741b2a879631080b602cb58/execute/async - {"script":"<script> [1562 bytes]","args":[{"selector":{"controlType":"sap.ui.unified.MenuItem","viewName":"etm.portal.ui.managerequests.view.NewRequest","i18NText":{"propertyName":"text","key":"standardEntry"},"searchOpenDialogs":true,"interaction":{"idSuffix":"txt"}},"wdio_ui5_key":"etmportal.ui.managerequests.view.NewRequestsap.ui.unified.MenuItem{\"propertyName\":\"text\",\"key\":\"standardEntry\"}"}]}
RESULT: {"script":"<script> [1562 bytes]","args":[{"selector":{"controlType":"sap.ui.unified.MenuItem","viewName":"etm.portal.ui.managerequests.view.NewRequest","i18NText":{"propertyName":"text","key":"standardEntry"},"searchOpenDialogs":true,"interaction":{"idSuffix":"txt"}},"wdio_ui5_key":"etmportal.ui.managerequests.view.NewRequestsap.ui.unified.MenuItem{\"propertyName\":\"text\",\"key\":\"standardEntry\"}"}]}
RESULT: undefined
COMMAND: POST /session/4aedcc6e4741b2a879631080b602cb58/element - {"using":"xpath","value":"//*[@id=\"__item2218\"]"}
RESULT: {"using":"xpath","value":"//*[@id=\"__item2218\"]"}
COMMAND: POST /session/4aedcc6e4741b2a879631080b602cb58/element/f.0FDC85D955747547727011D182B9DC15.d.1EC195D894503E3590BBF7A006527613.e.5909/click - {}
RESULT: {}
COMMAND: GET /session/4aedcc6e4741b2a879631080b602cb58/screenshot - {}
RESULT: {}
RESULT: undefined
COMMAND: POST /session/4aedcc6e4741b2a879631080b602cb58/element - {"using":"xpath","value":"//*[@id=\"__xmlview61--btnAddTableRow-img\"]"}
RESULT: {"using":"xpath","value":"//*[@id=\"__xmlview61--btnAddTableRow-img\"]"}
COMMAND: POST /session/4aedcc6e4741b2a879631080b602cb58/element/f.0FDC85D955747547727011D182B9DC15.d.1EC195D894503E3590BBF7A006527613.e.5905/click - {}
RESULT: {}
COMMAND: GET /session/4aedcc6e4741b2a879631080b602cb58/screenshot - {}
RESULT: {}
RESULT: undefined
COMMAND: POST /session/4aedcc6e4741b2a879631080b602cb58/element - {"using":"xpath","value":"//*[@id=\"__item2218\"]"}
RESULT: {"using":"xpath","value":"//*[@id=\"__item2218\"]"}
COMMAND: POST /session/4aedcc6e4741b2a879631080b602cb58/element/f.0FDC85D955747547727011D182B9DC15.d.1EC195D894503E3590BBF7A006527613.e.5921/click - {}
RESULT: {}
COMMAND: GET /session/4aedcc6e4741b2a879631080b602cb58/screenshot - {}
RESULT: {}
COMMAND: POST /session/4aedcc6e4741b2a879631080b602cb58/element - {"using":"xpath","value":"(//input[contains(@id ,\"requestItemsTable-0-inner\")])[1]"}
RESULT: {"using":"xpath","value":"(//input[contains(@id ,\"requestItemsTable-0-inner\")])[1]"}
COMMAND: POST /session/4aedcc6e4741b2a879631080b602cb58/element/f.0FDC85D955747547727011D182B9DC15.d.1EC195D894503E3590BBF7A006527613.e.5911/clear - {}
RESULT: {}
COMMAND: POST /session/4aedcc6e4741b2a879631080b602cb58/element/f.0FDC85D955747547727011D182B9DC15.d.1EC195D894503E3590BBF7A006527613.e.5911/value - {"text":"catalogItemn6eqg"}
COMMAND: GET /session/4aedcc6e4741b2a879631080b602cb58/screenshot - {}
RESULT: {"text":"catalogItemn6eqg"}
COMMAND: GET /session/4aedcc6e4741b2a879631080b602cb58/screenshot - {}
RESULT: {}
RESULT: {}
COMMAND: POST /session/4aedcc6e4741b2a879631080b602cb58/actions - {"actions":[{"id":"action25","type":"key","parameters":{},"actions":[{"type":"keyDown","value":"î€‡"},{"type":"pause","duration":10},{"type":"keyUp","value":"î€‡"}]}]}
RESULT: {"actions":[{"id":"action25","type":"key","parameters":{},"actions":[{"type":"keyDown","value":"î€‡"},{"type":"pause","duration":10},{"type":"keyUp","value":"î€‡"}]}]}
COMMAND: POST /session/4aedcc6e4741b2a879631080b602cb58/element - {"using":"xpath","value":"(//input[contains(@id ,\"requestItemsTable-1-inner\")])[1]"}
COMMAND: GET /session/4aedcc6e4741b2a879631080b602cb58/screenshot - {}
RESULT: {"using":"xpath","value":"(//input[contains(@id ,\"requestItemsTable-1-inner\")])[1]"}
COMMAND: POST /session/4aedcc6e4741b2a879631080b602cb58/element/f.0FDC85D955747547727011D182B9DC15.d.1EC195D894503E3590BBF7A006527613.e.5923/clear - {}
RESULT: {}
RESULT: {}
COMMAND: POST /session/4aedcc6e4741b2a879631080b602cb58/element/f.0FDC85D955747547727011D182B9DC15.d.1EC195D894503E3590BBF7A006527613.e.5923/value - {"text":"catalogItemn6eqg"}
COMMAND: GET /session/4aedcc6e4741b2a879631080b602cb58/screenshot - {}
RESULT: {"text":"catalogItemn6eqg"}
COMMAND: GET /session/4aedcc6e4741b2a879631080b602cb58/screenshot - {}
RESULT: {}
RESULT: {}
COMMAND: POST /session/4aedcc6e4741b2a879631080b602cb58/actions - {"actions":[{"id":"action26","type":"key","parameters":{},"actions":[{"type":"keyDown","value":"î€‡"},{"type":"pause","duration":10},{"type":"keyUp","value":"î€‡"}]}]}
RESULT: {"actions":[{"id":"action26","type":"key","parameters":{},"actions":[{"type":"keyDown","value":"î€‡"},{"type":"pause","duration":10},{"type":"keyUp","value":"î€‡"}]}]}
COMMAND: GET /session/4aedcc6e4741b2a879631080b602cb58/screenshot - {}
RESULT: {}
COMMAND: POST /session/4aedcc6e4741b2a879631080b602cb58/execute/async - {"script":"<script> [1562 bytes]","args":[{"selector":{"controlType":"sap.ui.core.Icon","viewName":"etm.portal.ui.managerequests.view.NewRequest","properties":{"src":{"regex":{"source":"slim\\-arrow\\-down"}}},"ancestor":{"controlType":"sap.m.Button","viewName":"etm.portal.ui.managerequests.view.NewRequest","properties":{"icon":"sap-icon://slim-arrow-down"}}},"wdio_ui5_key":"etmportal.ui.managerequests.view.NewRequestsap.ui.core.Icon{\"src\":{\"regex\":{\"source\":\"slim\\\\-arrow\\\\-down\"}}}{\"controlType\":\"sap.m.Button\",\"viewName\":\"etm.portal.ui.managerequests.view.NewRequest\",\"properties\":{\"icon\":\"sap-icon://slim-arrow-down\"}}"}]}
RESULT: {"script":"<script> [1562 bytes]","args":[{"selector":{"controlType":"sap.ui.core.Icon","viewName":"etm.portal.ui.managerequests.view.NewRequest","properties":{"src":{"regex":{"source":"slim\\-arrow\\-down"}}},"ancestor":{"controlType":"sap.m.Button","viewName":"etm.portal.ui.managerequests.view.NewRequest","properties":{"icon":"sap-icon://slim-arrow-down"}}},"wdio_ui5_key":"etmportal.ui.managerequests.view.NewRequestsap.ui.core.Icon{\"src\":{\"regex\":{\"source\":\"slim\\\\-arrow\\\\-down\"}}}{\"controlType\":\"sap.m.Button\",\"viewName\":\"etm.portal.ui.managerequests.view.NewRequest\",\"properties\":{\"icon\":\"sap-icon://slim-arrow-down\"}}"}]}
RESULT: undefined
COMMAND: POST /session/4aedcc6e4741b2a879631080b602cb58/element - {"using":"xpath","value":"//*[@id=\"__title45-expandBtn-img\"]"}
RESULT: {"using":"xpath","value":"//*[@id=\"__title45-expandBtn-img\"]"}
COMMAND: POST /session/4aedcc6e4741b2a879631080b602cb58/element/f.0FDC85D955747547727011D182B9DC15.d.1EC195D894503E3590BBF7A006527613.e.5943/click - {}
RESULT: {}
COMMAND: POST /session/4aedcc6e4741b2a879631080b602cb58/element - {"using":"xpath","value":"//div[contains(@data-kt ,\"splitAllocationObjectStatus\")]"}
COMMAND: GET /session/4aedcc6e4741b2a879631080b602cb58/screenshot - {}
RESULT: {"using":"xpath","value":"//div[contains(@data-kt ,\"splitAllocationObjectStatus\")]"}
COMMAND: POST /session/4aedcc6e4741b2a879631080b602cb58/elements - {"using":"xpath","value":"//div[contains(@data-kt ,\"splitAllocationObjectStatus\")]"}
RESULT: {}
RESULT: {"using":"xpath","value":"//div[contains(@data-kt ,\"splitAllocationObjectStatus\")]"}
COMMAND: POST /session/4aedcc6e4741b2a879631080b602cb58/execute/async - {"script":"<script> [1562 bytes]","args":[{"selector":{"controlType":"sap.ui.core.Icon","viewName":"etm.portal.ui.managerequests.view.NewRequest","properties":{"src":{"regex":{"source":"message\\-error"}}},"ancestor":{"controlType":"sap.m.ColumnListItem","viewName":"etm.portal.ui.managerequests.view.NewRequest","bindingPath":{"modelName":"newRequestItems","path":"/RequestItems/0"},"ancestor":{"id":"requestItemsTable","viewName":"etm.portal.ui.managerequests.view.NewRequest"}}},"wdio_ui5_key":"etmportal.ui.managerequests.view.NewRequestsap.ui.core.Icon{\"src\":{\"regex\":{\"source\":\"message\\\\-error\"}}}{\"controlType\":\"sap.m.ColumnListItem\",\"viewName\":\"etm.portal.ui.managerequests.view.NewRequest\",\"bindingPath\":{\"modelName\":\"newRequestItems\",\"path\":\"/RequestItems/0\"},\"ancestor\":{\"id\":\"requestItemsTable\",\"viewName\":\"etm.portal.ui.managerequests.view.NewRequest\"}}"}]}
RESULT: {"script":"<script> [1562 bytes]","args":[{"selector":{"controlType":"sap.ui.core.Icon","viewName":"etm.portal.ui.managerequests.view.NewRequest","properties":{"src":{"regex":{"source":"message\\-error"}}},"ancestor":{"controlType":"sap.m.ColumnListItem","viewName":"etm.portal.ui.managerequests.view.NewRequest","bindingPath":{"modelName":"newRequestItems","path":"/RequestItems/0"},"ancestor":{"id":"requestItemsTable","viewName":"etm.portal.ui.managerequests.view.NewRequest"}}},"wdio_ui5_key":"etmportal.ui.managerequests.view.NewRequestsap.ui.core.Icon{\"src\":{\"regex\":{\"source\":\"message\\\\-error\"}}}{\"controlType\":\"sap.m.ColumnListItem\",\"viewName\":\"etm.portal.ui.managerequests.view.NewRequest\",\"bindingPath\":{\"modelName\":\"newRequestItems\",\"path\":\"/RequestItems/0\"},\"ancestor\":{\"id\":\"requestItemsTable\",\"viewName\":\"etm.portal.ui.managerequests.view.NewRequest\"}}"}]}
RESULT: undefined
COMMAND: POST /session/4aedcc6e4741b2a879631080b602cb58/element - {"using":"xpath","value":"//*[@id=\"__status15-__xmlview61--requestItemsTable-0-icon\"]"}
RESULT: {"using":"xpath","value":"//*[@id=\"__status15-__xmlview61--requestItemsTable-0-icon\"]"}
COMMAND: POST /session/4aedcc6e4741b2a879631080b602cb58/element/f.0FDC85D955747547727011D182B9DC15.d.1EC195D894503E3590BBF7A006527613.e.5948/click - {}
RESULT: {}
COMMAND: GET /session/4aedcc6e4741b2a879631080b602cb58/screenshot - {}
RESULT: {}
COMMAND: POST /session/4aedcc6e4741b2a879631080b602cb58/execute/async - {"script":"<script> [1562 bytes]","args":[{"selector":{"id":"costObjectAdminTypeComboBox","viewName":"etm.portal.ui.managerequests.view.NewRequest","searchOpenDialogs":true,"interaction":{"idSuffix":"inner"}},"wdio_ui5_key":"costObjectAdminTypeComboBoxetmportal.ui.managerequests.view.NewRequest"}]}
RESULT: {"script":"<script> [1562 bytes]","args":[{"selector":{"id":"costObjectAdminTypeComboBox","viewName":"etm.portal.ui.managerequests.view.NewRequest","searchOpenDialogs":true,"interaction":{"idSuffix":"inner"}},"wdio_ui5_key":"costObjectAdminTypeComboBoxetmportal.ui.managerequests.view.NewRequest"}]}
RESULT: undefined
COMMAND: POST /session/4aedcc6e4741b2a879631080b602cb58/execute/async - {"script":"<script> [776 bytes]","args":[{"enterText":"Cost Center","selector":{"id":"costObjectAdminTypeComboBox","viewName":"etm.portal.ui.managerequests.view.NewRequest","searchOpenDialogs":true,"interaction":{"idSuffix":"inner"}},"clearTextFirst":true,"interactionType":"ENTER_TEXT"}]}
RESULT: {"script":"<script> [776 bytes]","args":[{"enterText":"Cost Center","selector":{"id":"costObjectAdminTypeComboBox","viewName":"etm.portal.ui.managerequests.view.NewRequest","searchOpenDialogs":true,"interaction":{"idSuffix":"inner"}},"clearTextFirst":true,"interactionType":"ENTER_TEXT"}]}
COMMAND: POST /session/4aedcc6e4741b2a879631080b602cb58/actions - {"actions":[{"id":"action27","type":"key","parameters":{},"actions":[{"type":"keyDown","value":"î€‡"},{"type":"pause","duration":10},{"type":"keyUp","value":"î€‡"}]}]}
RESULT: {"actions":[{"id":"action27","type":"key","parameters":{},"actions":[{"type":"keyDown","value":"î€‡"},{"type":"pause","duration":10},{"type":"keyUp","value":"î€‡"}]}]}
COMMAND: GET /session/4aedcc6e4741b2a879631080b602cb58/screenshot - {}
RESULT: {}
COMMAND: POST /session/4aedcc6e4741b2a879631080b602cb58/execute/async - {"script":"<script> [1562 bytes]","args":[{"selector":{"controlType":"sap.ui.core.Icon","viewName":"etm.portal.ui.managerequests.view.NewRequest","properties":{"src":{"regex":{"source":"value\\-help"}}},"searchOpenDialogs":true},"wdio_ui5_key":"etmportal.ui.managerequests.view.NewRequestsap.ui.core.Icon{\"src\":{\"regex\":{\"source\":\"value\\\\-help\"}}}"}]}
RESULT: {"script":"<script> [1562 bytes]","args":[{"selector":{"controlType":"sap.ui.core.Icon","viewName":"etm.portal.ui.managerequests.view.NewRequest","properties":{"src":{"regex":{"source":"value\\-help"}}},"searchOpenDialogs":true},"wdio_ui5_key":"etmportal.ui.managerequests.view.NewRequestsap.ui.core.Icon{\"src\":{\"regex\":{\"source\":\"value\\\\-help\"}}}"}]}
RESULT: undefined
COMMAND: POST /session/4aedcc6e4741b2a879631080b602cb58/element - {"using":"xpath","value":"//*[@id=\"__xmlview61--costObjectIdComboBox-vhi\"]"}
RESULT: {"using":"xpath","value":"//*[@id=\"__xmlview61--costObjectIdComboBox-vhi\"]"}
COMMAND: POST /session/4aedcc6e4741b2a879631080b602cb58/element/f.0FDC85D955747547727011D182B9DC15.d.1EC195D894503E3590BBF7A006527613.e.5961/click - {}
RESULT: {}
COMMAND: POST /session/4aedcc6e4741b2a879631080b602cb58/execute/async - {"script":"<script> [1562 bytes]","args":[{"selector":{"controlType":"sap.m.SearchField","properties":{"placeholder":"Search"},"searchOpenDialogs":true,"interaction":{"idSuffix":"I"}},"wdio_ui5_key":"sapm.SearchField{\"placeholder\":\"Search\"}"}]}
COMMAND: GET /session/4aedcc6e4741b2a879631080b602cb58/screenshot - {}
RESULT: {"script":"<script> [1562 bytes]","args":[{"selector":{"controlType":"sap.m.SearchField","properties":{"placeholder":"Search"},"searchOpenDialogs":true,"interaction":{"idSuffix":"I"}},"wdio_ui5_key":"sapm.SearchField{\"placeholder\":\"Search\"}"}]}
RESULT: undefined
COMMAND: POST /session/4aedcc6e4741b2a879631080b602cb58/execute/async - {"script":"<script> [776 bytes]","args":[{"enterText":"10001013","selector":{"controlType":"sap.m.SearchField","properties":{"placeholder":"Search"},"searchOpenDialogs":true,"interaction":{"idSuffix":"I"}},"clearTextFirst":true,"interactionType":"ENTER_TEXT"}]}
RESULT: {}
RESULT: {"script":"<script> [776 bytes]","args":[{"enterText":"10001013","selector":{"controlType":"sap.m.SearchField","properties":{"placeholder":"Search"},"searchOpenDialogs":true,"interaction":{"idSuffix":"I"}},"clearTextFirst":true,"interactionType":"ENTER_TEXT"}]}
COMMAND: POST /session/4aedcc6e4741b2a879631080b602cb58/actions - {"actions":[{"id":"action28","type":"key","parameters":{},"actions":[{"type":"keyDown","value":"î€‡"},{"type":"pause","duration":10},{"type":"keyUp","value":"î€‡"}]}]}
RESULT: {"actions":[{"id":"action28","type":"key","parameters":{},"actions":[{"type":"keyDown","value":"î€‡"},{"type":"pause","duration":10},{"type":"keyUp","value":"î€‡"}]}]}
COMMAND: GET /session/4aedcc6e4741b2a879631080b602cb58/screenshot - {}
RESULT: {}
COMMAND: POST /session/4aedcc6e4741b2a879631080b602cb58/element - {"using":"xpath","value":"//span[contains(text(), \"General Management\")]"}
RESULT: {"using":"xpath","value":"//span[contains(text(), \"General Management\")]"}
COMMAND: POST /session/4aedcc6e4741b2a879631080b602cb58/element/f.0FDC85D955747547727011D182B9DC15.d.1EC195D894503E3590BBF7A006527613.e.6001/click - {}
RESULT: {}
COMMAND: GET /session/4aedcc6e4741b2a879631080b602cb58/screenshot - {}
RESULT: {}
COMMAND: POST /session/4aedcc6e4741b2a879631080b602cb58/element - {"using":"xpath","value":"//bdi[contains(text(), \"OK\")]"}
RESULT: {"using":"xpath","value":"//bdi[contains(text(), \"OK\")]"}
COMMAND: POST /session/4aedcc6e4741b2a879631080b602cb58/element/f.0FDC85D955747547727011D182B9DC15.d.1EC195D894503E3590BBF7A006527613.e.6002/click - {}
RESULT: {}
COMMAND: GET /session/4aedcc6e4741b2a879631080b602cb58/screenshot - {}
RESULT: {}
COMMAND: POST /session/4aedcc6e4741b2a879631080b602cb58/element - {"using":"xpath","value":"(//bdi[contains(@id ,\"BDI-content\")][contains(text(), \"Save\")])[1]"}
RESULT: {"using":"xpath","value":"(//bdi[contains(@id ,\"BDI-content\")][contains(text(), \"Save\")])[1]"}
COMMAND: POST /session/4aedcc6e4741b2a879631080b602cb58/element/f.0FDC85D955747547727011D182B9DC15.d.1EC195D894503E3590BBF7A006527613.e.6006/click - {}
RESULT: {}
COMMAND: GET /session/4aedcc6e4741b2a879631080b602cb58/screenshot - {}
RESULT: {}
COMMAND: POST /session/4aedcc6e4741b2a879631080b602cb58/execute/async - {"script":"<script> [1562 bytes]","args":[{"selector":{"controlType":"sap.ui.core.Icon","viewName":"etm.portal.ui.managerequests.view.NewRequest","properties":{"src":{"regex":{"source":"message\\-error"}}},"ancestor":{"controlType":"sap.m.ColumnListItem","viewName":"etm.portal.ui.managerequests.view.NewRequest","bindingPath":{"modelName":"newRequestItems","path":"/RequestItems/1"},"ancestor":{"id":"requestItemsTable","viewName":"etm.portal.ui.managerequests.view.NewRequest"}}},"wdio_ui5_key":"etmportal.ui.managerequests.view.NewRequestsap.ui.core.Icon{\"src\":{\"regex\":{\"source\":\"message\\\\-error\"}}}{\"controlType\":\"sap.m.ColumnListItem\",\"viewName\":\"etm.portal.ui.managerequests.view.NewRequest\",\"bindingPath\":{\"modelName\":\"newRequestItems\",\"path\":\"/RequestItems/1\"},\"ancestor\":{\"id\":\"requestItemsTable\",\"viewName\":\"etm.portal.ui.managerequests.view.NewRequest\"}}"}]}
RESULT: {"script":"<script> [1562 bytes]","args":[{"selector":{"controlType":"sap.ui.core.Icon","viewName":"etm.portal.ui.managerequests.view.NewRequest","properties":{"src":{"regex":{"source":"message\\-error"}}},"ancestor":{"controlType":"sap.m.ColumnListItem","viewName":"etm.portal.ui.managerequests.view.NewRequest","bindingPath":{"modelName":"newRequestItems","path":"/RequestItems/1"},"ancestor":{"id":"requestItemsTable","viewName":"etm.portal.ui.managerequests.view.NewRequest"}}},"wdio_ui5_key":"etmportal.ui.managerequests.view.NewRequestsap.ui.core.Icon{\"src\":{\"regex\":{\"source\":\"message\\\\-error\"}}}{\"controlType\":\"sap.m.ColumnListItem\",\"viewName\":\"etm.portal.ui.managerequests.view.NewRequest\",\"bindingPath\":{\"modelName\":\"newRequestItems\",\"path\":\"/RequestItems/1\"},\"ancestor\":{\"id\":\"requestItemsTable\",\"viewName\":\"etm.portal.ui.managerequests.view.NewRequest\"}}"}]}
RESULT: undefined
COMMAND: POST /session/4aedcc6e4741b2a879631080b602cb58/element - {"using":"xpath","value":"//*[@id=\"__status15-__xmlview61--requestItemsTable-1-icon\"]"}
RESULT: {"using":"xpath","value":"//*[@id=\"__status15-__xmlview61--requestItemsTable-1-icon\"]"}
COMMAND: POST /session/4aedcc6e4741b2a879631080b602cb58/element/f.0FDC85D955747547727011D182B9DC15.d.1EC195D894503E3590BBF7A006527613.e.6009/click - {}
RESULT: {}
COMMAND: GET /session/4aedcc6e4741b2a879631080b602cb58/screenshot - {}
RESULT: {}
RESULT: undefined
COMMAND: POST /session/4aedcc6e4741b2a879631080b602cb58/execute/async - {"script":"<script> [776 bytes]","args":[{"enterText":"Cost Center","selector":{"id":"costObjectAdminTypeComboBox","viewName":"etm.portal.ui.managerequests.view.NewRequest","searchOpenDialogs":true,"interaction":{"idSuffix":"inner"}},"clearTextFirst":true,"interactionType":"ENTER_TEXT"}]}
RESULT: {"script":"<script> [776 bytes]","args":[{"enterText":"Cost Center","selector":{"id":"costObjectAdminTypeComboBox","viewName":"etm.portal.ui.managerequests.view.NewRequest","searchOpenDialogs":true,"interaction":{"idSuffix":"inner"}},"clearTextFirst":true,"interactionType":"ENTER_TEXT"}]}
COMMAND: POST /session/4aedcc6e4741b2a879631080b602cb58/actions - {"actions":[{"id":"action29","type":"key","parameters":{},"actions":[{"type":"keyDown","value":"î€‡"},{"type":"pause","duration":10},{"type":"keyUp","value":"î€‡"}]}]}
RESULT: {"actions":[{"id":"action29","type":"key","parameters":{},"actions":[{"type":"keyDown","value":"î€‡"},{"type":"pause","duration":10},{"type":"keyUp","value":"î€‡"}]}]}
COMMAND: GET /session/4aedcc6e4741b2a879631080b602cb58/screenshot - {}
RESULT: {}
RESULT: undefined
COMMAND: POST /session/4aedcc6e4741b2a879631080b602cb58/element - {"using":"xpath","value":"//*[@id=\"__xmlview61--costObjectIdComboBox-vhi\"]"}
RESULT: {"using":"xpath","value":"//*[@id=\"__xmlview61--costObjectIdComboBox-vhi\"]"}
COMMAND: POST /session/4aedcc6e4741b2a879631080b602cb58/element/f.0FDC85D955747547727011D182B9DC15.d.1EC195D894503E3590BBF7A006527613.e.6019/click - {}
RESULT: {}
RESULT: undefined
COMMAND: POST /session/4aedcc6e4741b2a879631080b602cb58/execute/async - {"script":"<script> [776 bytes]","args":[{"enterText":"10001013","selector":{"controlType":"sap.m.SearchField","properties":{"placeholder":"Search"},"searchOpenDialogs":true,"interaction":{"idSuffix":"I"}},"clearTextFirst":true,"interactionType":"ENTER_TEXT"}]}
COMMAND: GET /session/4aedcc6e4741b2a879631080b602cb58/screenshot - {}
RESULT: {"script":"<script> [776 bytes]","args":[{"enterText":"10001013","selector":{"controlType":"sap.m.SearchField","properties":{"placeholder":"Search"},"searchOpenDialogs":true,"interaction":{"idSuffix":"I"}},"clearTextFirst":true,"interactionType":"ENTER_TEXT"}]}
COMMAND: POST /session/4aedcc6e4741b2a879631080b602cb58/actions - {"actions":[{"id":"action30","type":"key","parameters":{},"actions":[{"type":"keyDown","value":"î€‡"},{"type":"pause","duration":10},{"type":"keyUp","value":"î€‡"}]}]}
RESULT: {}
RESULT: {"actions":[{"id":"action30","type":"key","parameters":{},"actions":[{"type":"keyDown","value":"î€‡"},{"type":"pause","duration":10},{"type":"keyUp","value":"î€‡"}]}]}
COMMAND: GET /session/4aedcc6e4741b2a879631080b602cb58/screenshot - {}
RESULT: {}
COMMAND: POST /session/4aedcc6e4741b2a879631080b602cb58/element - {"using":"xpath","value":"//span[contains(text(), \"General Management\")]"}
RESULT: {"using":"xpath","value":"//span[contains(text(), \"General Management\")]"}
COMMAND: POST /session/4aedcc6e4741b2a879631080b602cb58/element/f.0FDC85D955747547727011D182B9DC15.d.1EC195D894503E3590BBF7A006527613.e.6056/click - {}
RESULT: {}
COMMAND: GET /session/4aedcc6e4741b2a879631080b602cb58/screenshot - {}
RESULT: {}
COMMAND: POST /session/4aedcc6e4741b2a879631080b602cb58/element - {"using":"xpath","value":"//bdi[contains(text(), \"OK\")]"}
RESULT: {"using":"xpath","value":"//bdi[contains(text(), \"OK\")]"}
COMMAND: POST /session/4aedcc6e4741b2a879631080b602cb58/element/f.0FDC85D955747547727011D182B9DC15.d.1EC195D894503E3590BBF7A006527613.e.6057/click - {}
RESULT: {}
COMMAND: GET /session/4aedcc6e4741b2a879631080b602cb58/screenshot - {}
RESULT: {}
COMMAND: POST /session/4aedcc6e4741b2a879631080b602cb58/element - {"using":"xpath","value":"(//bdi[contains(@id ,\"BDI-content\")][contains(text(), \"Save\")])[1]"}
RESULT: {"using":"xpath","value":"(//bdi[contains(@id ,\"BDI-content\")][contains(text(), \"Save\")])[1]"}
COMMAND: POST /session/4aedcc6e4741b2a879631080b602cb58/element/f.0FDC85D955747547727011D182B9DC15.d.1EC195D894503E3590BBF7A006527613.e.6061/click - {}
RESULT: {}
COMMAND: GET /session/4aedcc6e4741b2a879631080b602cb58/screenshot - {}
RESULT: {}
COMMAND: POST /session/4aedcc6e4741b2a879631080b602cb58/execute/async - {"script":"<script> [1562 bytes]","args":[{"selector":{"controlType":"sap.m.Button","viewName":"etm.portal.ui.managerequests.view.NewRequest","i18NText":{"propertyName":"tooltip","key":"save"},"interaction":{"idSuffix":"content"}},"wdio_ui5_key":"etmportal.ui.managerequests.view.NewRequestsap.m.Button{\"propertyName\":\"tooltip\",\"key\":\"save\"}"}]}
RESULT: {"script":"<script> [1562 bytes]","args":[{"selector":{"controlType":"sap.m.Button","viewName":"etm.portal.ui.managerequests.view.NewRequest","i18NText":{"propertyName":"tooltip","key":"save"},"interaction":{"idSuffix":"content"}},"wdio_ui5_key":"etmportal.ui.managerequests.view.NewRequestsap.m.Button{\"propertyName\":\"tooltip\",\"key\":\"save\"}"}]}
RESULT: undefined
COMMAND: POST /session/4aedcc6e4741b2a879631080b602cb58/element - {"using":"xpath","value":"//*[@id=\"__button101\"]"}
RESULT: {"using":"xpath","value":"//*[@id=\"__button101\"]"}
COMMAND: POST /session/4aedcc6e4741b2a879631080b602cb58/element/f.0FDC85D955747547727011D182B9DC15.d.1EC195D894503E3590BBF7A006527613.e.5820/click - {}
RESULT: {}
COMMAND: GET /session/4aedcc6e4741b2a879631080b602cb58/screenshot - {}
RESULT: {}
COMMAND: POST /session/4aedcc6e4741b2a879631080b602cb58/execute/async - {"script":"<script> [1562 bytes]","args":[{"selector":{"controlType":"sap.m.Title","properties":{"text":"Success"},"searchOpenDialogs":true},"wdio_ui5_key":"sapm.Title{\"text\":\"Success\"}"}]}
RESULT: {"script":"<script> [1562 bytes]","args":[{"selector":{"controlType":"sap.m.Title","properties":{"text":"Success"},"searchOpenDialogs":true},"wdio_ui5_key":"sapm.Title{\"text\":\"Success\"}"}]}
RESULT: undefined
COMMAND: POST /session/4aedcc6e4741b2a879631080b602cb58/execute/async - {"script":"<script> [6424 bytes]","args":[{"element-6066-11e4-a52e-4f735466cecf":"f.0FDC85D955747547727011D182B9DC15.d.1EC195D894503E3590BBF7A006527613.e.6067"},"getText",[]]}
RESULT: {"script":"<script> [6424 bytes]","args":[{"element-6066-11e4-a52e-4f735466cecf":"f.0FDC85D955747547727011D182B9DC15.d.1EC195D894503E3590BBF7A006527613.e.6067"},"getText",[]]}
COMMAND: POST /session/4aedcc6e4741b2a879631080b602cb58/execute/async - {"script":"<script> [1562 bytes]","args":[{"selector":{"controlType":"sap.m.Button","properties":{"text":"Close"},"searchOpenDialogs":true,"interaction":{"idSuffix":"BDI-content"}},"wdio_ui5_key":"sapm.Button{\"text\":\"Close\"}"}]}
RESULT: {"script":"<script> [1562 bytes]","args":[{"selector":{"controlType":"sap.m.Button","properties":{"text":"Close"},"searchOpenDialogs":true,"interaction":{"idSuffix":"BDI-content"}},"wdio_ui5_key":"sapm.Button{\"text\":\"Close\"}"}]}
RESULT: undefined
COMMAND: POST /session/4aedcc6e4741b2a879631080b602cb58/element - {"using":"xpath","value":"//*[@id=\"__mbox-btn-4\"]"}
RESULT: {"using":"xpath","value":"//*[@id=\"__mbox-btn-4\"]"}
COMMAND: POST /session/4aedcc6e4741b2a879631080b602cb58/element/f.0FDC85D955747547727011D182B9DC15.d.1EC195D894503E3590BBF7A006527613.e.6066/click - {}
RESULT: {}
COMMAND: GET /session/4aedcc6e4741b2a879631080b602cb58/screenshot - {}
RESULT: {}
COMMAND: POST /session/4aedcc6e4741b2a879631080b602cb58/execute/async - {"script":"<script> [1562 bytes]","args":[{"selector":{"controlType":"sap.m.Text","viewName":"etm.portal.ui.managerequests.view.Detail","bindingPath":{"propertyPath":"NO","modelName":"catalogModel"}},"wdio_ui5_key":"etmportal.ui.managerequests.view.Detailsap.m.Text{\"propertyPath\":\"NO\",\"modelName\":\"catalogModel\"}"}]}
RESULT: {"script":"<script> [1562 bytes]","args":[{"selector":{"controlType":"sap.m.Text","viewName":"etm.portal.ui.managerequests.view.Detail","bindingPath":{"propertyPath":"NO","modelName":"catalogModel"}},"wdio_ui5_key":"etmportal.ui.managerequests.view.Detailsap.m.Text{\"propertyPath\":\"NO\",\"modelName\":\"catalogModel\"}"}]}
RESULT: undefined
COMMAND: POST /session/4aedcc6e4741b2a879631080b602cb58/execute/async - {"script":"<script> [6424 bytes]","args":[{"element-6066-11e4-a52e-4f735466cecf":"f.0FDC85D955747547727011D182B9DC15.d.1EC195D894503E3590BBF7A006527613.e.6198"},"getText",[]]}
RESULT: {"script":"<script> [6424 bytes]","args":[{"element-6066-11e4-a52e-4f735466cecf":"f.0FDC85D955747547727011D182B9DC15.d.1EC195D894503E3590BBF7A006527613.e.6198"},"getText",[]]}
COMMAND: POST /session/4aedcc6e4741b2a879631080b602cb58/execute/async - {"script":"<script> [1562 bytes]","args":[{"selector":{"controlType":"sap.ui.core.Icon","viewName":"etm.portal.ui.managerequests.view.Detail","properties":{"src":{"regex":{"source":"date\\-time"}}},"ancestor":{"controlType":"sap.m.ColumnListItem","viewName":"etm.portal.ui.managerequests.view.Detail","bindingPath":{"path":"/SmartRequestItemsPlanningBoard(ITEM=10m,REQUEST='20180')"},"ancestor":{"id":"requestItemsTable","viewName":"etm.portal.ui.managerequests.view.Detail"}}},"wdio_ui5_key":"etmportal.ui.managerequests.view.Detailsap.ui.core.Icon{\"src\":{\"regex\":{\"source\":\"date\\\\-time\"}}}{\"controlType\":\"sap.m.ColumnListItem\",\"viewName\":\"etm.portal.ui.managerequests.view.Detail\",\"bindingPath\":{\"path\":\"/SmartRequestItemsPlanningBoard(ITEM=10m,REQUEST='20180')\"},\"ancestor\":{\"id\":\"requestItemsTable\",\"viewName\":\"etm.portal.ui.managerequests.view.Detail\"}}"}]}
RESULT: {"script":"<script> [1562 bytes]","args":[{"selector":{"controlType":"sap.ui.core.Icon","viewName":"etm.portal.ui.managerequests.view.Detail","properties":{"src":{"regex":{"source":"date\\-time"}}},"ancestor":{"controlType":"sap.m.ColumnListItem","viewName":"etm.portal.ui.managerequests.view.Detail","bindingPath":{"path":"/SmartRequestItemsPlanningBoard(ITEM=10m,REQUEST='20180')"},"ancestor":{"id":"requestItemsTable","viewName":"etm.portal.ui.managerequests.view.Detail"}}},"wdio_ui5_key":"etmportal.ui.managerequests.view.Detailsap.ui.core.Icon{\"src\":{\"regex\":{\"source\":\"date\\\\-time\"}}}{\"controlType\":\"sap.m.ColumnListItem\",\"viewName\":\"etm.portal.ui.managerequests.view.Detail\",\"bindingPath\":{\"path\":\"/SmartRequestItemsPlanningBoard(ITEM=10m,REQUEST='20180')\"},\"ancestor\":{\"id\":\"requestItemsTable\",\"viewName\":\"etm.portal.ui.managerequests.view.Detail\"}}"}]}
RESULT: undefined
COMMAND: POST /session/4aedcc6e4741b2a879631080b602cb58/element - {"using":"xpath","value":"//*[@id=\"__button129-__clone8376-img\"]"}
RESULT: {"using":"xpath","value":"//*[@id=\"__button129-__clone8376-img\"]"}
COMMAND: POST /session/4aedcc6e4741b2a879631080b602cb58/element/f.0FDC85D955747547727011D182B9DC15.d.1EC195D894503E3590BBF7A006527613.e.6199/click - {}
RESULT: {}
COMMAND: POST /session/4aedcc6e4741b2a879631080b602cb58/execute/async - {"script":"<script> [1562 bytes]","args":[{"selector":{"controlType":"sap.m.Button","viewName":"etm.portal.ui.managerequests.view.Detail","properties":{"text":"Close"},"searchOpenDialogs":true,"interaction":{"idSuffix":"BDI-content"}},"wdio_ui5_key":"etmportal.ui.managerequests.view.Detailsap.m.Button{\"text\":\"Close\"}"}]}
COMMAND: GET /session/4aedcc6e4741b2a879631080b602cb58/screenshot - {}
RESULT: {"script":"<script> [1562 bytes]","args":[{"selector":{"controlType":"sap.m.Button","viewName":"etm.portal.ui.managerequests.view.Detail","properties":{"text":"Close"},"searchOpenDialogs":true,"interaction":{"idSuffix":"BDI-content"}},"wdio_ui5_key":"etmportal.ui.managerequests.view.Detailsap.m.Button{\"text\":\"Close\"}"}]}
RESULT: undefined
COMMAND: POST /session/4aedcc6e4741b2a879631080b602cb58/element - {"using":"xpath","value":"//*[@id=\"__button137\"]"}
RESULT: {}
RESULT: {"using":"xpath","value":"//*[@id=\"__button137\"]"}
COMMAND: POST /session/4aedcc6e4741b2a879631080b602cb58/element/f.0FDC85D955747547727011D182B9DC15.d.1EC195D894503E3590BBF7A006527613.e.6202/click - {}
RESULT: {}
COMMAND: POST /session/4aedcc6e4741b2a879631080b602cb58/execute/async - {"script":"<script> [1562 bytes]","args":[{"selector":{"controlType":"sap.ui.core.Icon","viewName":"etm.portal.ui.managerequests.view.Detail","properties":{"src":{"regex":{"source":"date\\-time"}}},"ancestor":{"controlType":"sap.m.ColumnListItem","viewName":"etm.portal.ui.managerequests.view.Detail","bindingPath":{"path":"/SmartRequestItemsPlanningBoard(ITEM=20m,REQUEST='20180')"},"ancestor":{"id":"requestItemsTable","viewName":"etm.portal.ui.managerequests.view.Detail"}}},"wdio_ui5_key":"etmportal.ui.managerequests.view.Detailsap.ui.core.Icon{\"src\":{\"regex\":{\"source\":\"date\\\\-time\"}}}{\"controlType\":\"sap.m.ColumnListItem\",\"viewName\":\"etm.portal.ui.managerequests.view.Detail\",\"bindingPath\":{\"path\":\"/SmartRequestItemsPlanningBoard(ITEM=20m,REQUEST='20180')\"},\"ancestor\":{\"id\":\"requestItemsTable\",\"viewName\":\"etm.portal.ui.managerequests.view.Detail\"}}"}]}
COMMAND: GET /session/4aedcc6e4741b2a879631080b602cb58/screenshot - {}
RESULT: {"script":"<script> [1562 bytes]","args":[{"selector":{"controlType":"sap.ui.core.Icon","viewName":"etm.portal.ui.managerequests.view.Detail","properties":{"src":{"regex":{"source":"date\\-time"}}},"ancestor":{"controlType":"sap.m.ColumnListItem","viewName":"etm.portal.ui.managerequests.view.Detail","bindingPath":{"path":"/SmartRequestItemsPlanningBoard(ITEM=20m,REQUEST='20180')"},"ancestor":{"id":"requestItemsTable","viewName":"etm.portal.ui.managerequests.view.Detail"}}},"wdio_ui5_key":"etmportal.ui.managerequests.view.Detailsap.ui.core.Icon{\"src\":{\"regex\":{\"source\":\"date\\\\-time\"}}}{\"controlType\":\"sap.m.ColumnListItem\",\"viewName\":\"etm.portal.ui.managerequests.view.Detail\",\"bindingPath\":{\"path\":\"/SmartRequestItemsPlanningBoard(ITEM=20m,REQUEST='20180')\"},\"ancestor\":{\"id\":\"requestItemsTable\",\"viewName\":\"etm.portal.ui.managerequests.view.Detail\"}}"}]}
RESULT: undefined
COMMAND: POST /session/4aedcc6e4741b2a879631080b602cb58/element - {"using":"xpath","value":"//*[@id=\"__button129-__clone8377-img\"]"}
RESULT: {}
RESULT: {"using":"xpath","value":"//*[@id=\"__button129-__clone8377-img\"]"}
COMMAND: POST /session/4aedcc6e4741b2a879631080b602cb58/element/f.0FDC85D955747547727011D182B9DC15.d.1EC195D894503E3590BBF7A006527613.e.6209/click - {}
RESULT: {}
RESULT: undefined
COMMAND: POST /session/4aedcc6e4741b2a879631080b602cb58/element - {"using":"xpath","value":"//*[@id=\"__button137\"]"}
COMMAND: GET /session/4aedcc6e4741b2a879631080b602cb58/screenshot - {}
RESULT: {"using":"xpath","value":"//*[@id=\"__button137\"]"}
COMMAND: POST /session/4aedcc6e4741b2a879631080b602cb58/elements - {"using":"xpath","value":"//*[@id=\"__button137\"]"}
RESULT: {}
RESULT: {"using":"xpath","value":"//*[@id=\"__button137\"]"}
COMMAND: POST /session/4aedcc6e4741b2a879631080b602cb58/element - {"using":"xpath","value":"//*[@id=\"__button137\"]"}
RESULT: {"using":"xpath","value":"//*[@id=\"__button137\"]"}
COMMAND: POST /session/4aedcc6e4741b2a879631080b602cb58/element/f.0FDC85D955747547727011D182B9DC15.d.1EC195D894503E3590BBF7A006527613.e.6216/click - {}
RESULT: {}
COMMAND: POST /session/4aedcc6e4741b2a879631080b602cb58/element - {"using":"css selector","value":"#shell-header-logo"}
COMMAND: GET /session/4aedcc6e4741b2a879631080b602cb58/screenshot - {}
RESULT: {"using":"css selector","value":"#shell-header-logo"}
COMMAND: POST /session/4aedcc6e4741b2a879631080b602cb58/element/f.0FDC85D955747547727011D182B9DC15.d.1EC195D894503E3590BBF7A006527613.e.5270/click - {}
RESULT: {}
RESULT: {}
COMMAND: GET /session/4aedcc6e4741b2a879631080b602cb58/screenshot - {}
RESULT: {}
]]></system-out>
    </testcase>
    <testcase classname="chrome.136_0_7103_93.windows.Standard_contract_-_add_contract_items_by_Insert_Request_US118222" name="Should insert the request into the contract" time="57.406">
      <system-out><![CDATA[
RESULT: undefined
COMMAND: POST /session/4aedcc6e4741b2a879631080b602cb58/element - {"using":"xpath","value":"//*[@id=\"__tile130\"]"}
RESULT: {"using":"xpath","value":"//*[@id=\"__tile130\"]"}
COMMAND: POST /session/4aedcc6e4741b2a879631080b602cb58/element/f.0FDC85D955747547727011D182B9DC15.d.1EC195D894503E3590BBF7A006527613.e.4866/click - {}
RESULT: {}
COMMAND: GET /session/4aedcc6e4741b2a879631080b602cb58/screenshot - {}
RESULT: {}
COMMAND: POST /session/4aedcc6e4741b2a879631080b602cb58/elements - {"using":"xpath","value":"//span[text()='Error']"}
RESULT: {"using":"xpath","value":"//span[text()='Error']"}
COMMAND: POST /session/4aedcc6e4741b2a879631080b602cb58/execute/async - {"script":"<script> [1562 bytes]","args":[{"selector":{"controlType":"sap.m.SearchField","viewName":"etm.portal.ui.managecontracts.view.Master","bindingPath":{"path":"","propertyPath":"/_BASIC_SEARCH_FIELD","modelName":"fi1t3rM0d31"},"interaction":{"idSuffix":"I"}},"wdio_ui5_key":"etmportal.ui.managecontracts.view.Mastersap.m.SearchField{\"path\":\"\",\"propertyPath\":\"/_BASIC_SEARCH_FIELD\",\"modelName\":\"fi1t3rM0d31\"}"}]}
RESULT: {"script":"<script> [1562 bytes]","args":[{"selector":{"controlType":"sap.m.SearchField","viewName":"etm.portal.ui.managecontracts.view.Master","bindingPath":{"path":"","propertyPath":"/_BASIC_SEARCH_FIELD","modelName":"fi1t3rM0d31"},"interaction":{"idSuffix":"I"}},"wdio_ui5_key":"etmportal.ui.managecontracts.view.Mastersap.m.SearchField{\"path\":\"\",\"propertyPath\":\"/_BASIC_SEARCH_FIELD\",\"modelName\":\"fi1t3rM0d31\"}"}]}
RESULT: undefined
COMMAND: POST /session/4aedcc6e4741b2a879631080b602cb58/execute/async - {"script":"<script> [776 bytes]","args":[{"enterText":"10440","selector":{"controlType":"sap.m.SearchField","viewName":"etm.portal.ui.managecontracts.view.Master","bindingPath":{"path":"","propertyPath":"/_BASIC_SEARCH_FIELD","modelName":"fi1t3rM0d31"},"interaction":{"idSuffix":"I"}},"clearTextFirst":true,"interactionType":"ENTER_TEXT"}]}
RESULT: {"script":"<script> [776 bytes]","args":[{"enterText":"10440","selector":{"controlType":"sap.m.SearchField","viewName":"etm.portal.ui.managecontracts.view.Master","bindingPath":{"path":"","propertyPath":"/_BASIC_SEARCH_FIELD","modelName":"fi1t3rM0d31"},"interaction":{"idSuffix":"I"}},"clearTextFirst":true,"interactionType":"ENTER_TEXT"}]}
COMMAND: POST /session/4aedcc6e4741b2a879631080b602cb58/actions - {"actions":[{"id":"action31","type":"key","parameters":{},"actions":[{"type":"keyDown","value":"î€‡"},{"type":"pause","duration":10},{"type":"keyUp","value":"î€‡"}]}]}
RESULT: {"actions":[{"id":"action31","type":"key","parameters":{},"actions":[{"type":"keyDown","value":"î€‡"},{"type":"pause","duration":10},{"type":"keyUp","value":"î€‡"}]}]}
COMMAND: GET /session/4aedcc6e4741b2a879631080b602cb58/screenshot - {}
RESULT: {}
COMMAND: POST /session/4aedcc6e4741b2a879631080b602cb58/execute/async - {"script":"<script> [1562 bytes]","args":[{"selector":{"controlType":"sap.ui.core.Icon","viewName":"etm.portal.ui.managecontracts.view.Master","properties":{"src":{"regex":{"source":"slim\\-arrow\\-right"}}}},"wdio_ui5_key":"etmportal.ui.managecontracts.view.Mastersap.ui.core.Icon{\"src\":{\"regex\":{\"source\":\"slim\\\\-arrow\\\\-right\"}}}"}]}
RESULT: {"script":"<script> [1562 bytes]","args":[{"selector":{"controlType":"sap.ui.core.Icon","viewName":"etm.portal.ui.managecontracts.view.Master","properties":{"src":{"regex":{"source":"slim\\-arrow\\-right"}}}},"wdio_ui5_key":"etmportal.ui.managecontracts.view.Mastersap.ui.core.Icon{\"src\":{\"regex\":{\"source\":\"slim\\\\-arrow\\\\-right\"}}}"}]}
RESULT: undefined
COMMAND: POST /session/4aedcc6e4741b2a879631080b602cb58/element - {"using":"xpath","value":"//*[@id=\"__item2499-__clone8487-imgNav\"]"}
RESULT: {"using":"xpath","value":"//*[@id=\"__item2499-__clone8487-imgNav\"]"}
COMMAND: POST /session/4aedcc6e4741b2a879631080b602cb58/element/f.0FDC85D955747547727011D182B9DC15.d.1EC195D894503E3590BBF7A006527613.e.6329/click - {}
RESULT: {}
COMMAND: POST /session/4aedcc6e4741b2a879631080b602cb58/execute/async - {"script":"<script> [1562 bytes]","args":[{"selector":{"id":"addRequestItemBtn","viewName":"etm.portal.ui.managecontracts.view.Detail","interaction":{"idSuffix":"BDI-content"}},"wdio_ui5_key":"addRequestItemBtnetmportal.ui.managecontracts.view.Detail"}]}
COMMAND: GET /session/4aedcc6e4741b2a879631080b602cb58/screenshot - {}
RESULT: {"script":"<script> [1562 bytes]","args":[{"selector":{"id":"addRequestItemBtn","viewName":"etm.portal.ui.managecontracts.view.Detail","interaction":{"idSuffix":"BDI-content"}},"wdio_ui5_key":"addRequestItemBtnetmportal.ui.managecontracts.view.Detail"}]}
RESULT: undefined
COMMAND: POST /session/4aedcc6e4741b2a879631080b602cb58/element - {"using":"xpath","value":"//*[@id=\"__xmlview64--addRequestItemBtn\"]"}
RESULT: {}
RESULT: {"using":"xpath","value":"//*[@id=\"__xmlview64--addRequestItemBtn\"]"}
COMMAND: POST /session/4aedcc6e4741b2a879631080b602cb58/element/f.0FDC85D955747547727011D182B9DC15.d.1EC195D894503E3590BBF7A006527613.e.6411/click - {}
RESULT: {}
COMMAND: GET /session/4aedcc6e4741b2a879631080b602cb58/screenshot - {}
RESULT: {}
COMMAND: POST /session/4aedcc6e4741b2a879631080b602cb58/element - {"using":"xpath","value":"//div[contains(@id ,\"popupRequestTable-sa-CbBg\")]"}
RESULT: {"using":"xpath","value":"//div[contains(@id ,\"popupRequestTable-sa-CbBg\")]"}
COMMAND: POST /session/4aedcc6e4741b2a879631080b602cb58/element/f.0FDC85D955747547727011D182B9DC15.d.1EC195D894503E3590BBF7A006527613.e.6519/click - {}
RESULT: {}
COMMAND: GET /session/4aedcc6e4741b2a879631080b602cb58/screenshot - {}
RESULT: {}
COMMAND: POST /session/4aedcc6e4741b2a879631080b602cb58/execute/async - {"script":"<script> [1562 bytes]","args":[{"selector":{"controlType":"sap.m.Button","viewName":"etm.portal.ui.managecontracts.view.Detail","i18NText":{"propertyName":"text","key":"selectionDone"},"searchOpenDialogs":true,"interaction":{"idSuffix":"BDI-content"}},"wdio_ui5_key":"etmportal.ui.managecontracts.view.Detailsap.m.Button{\"propertyName\":\"text\",\"key\":\"selectionDone\"}"}]}
RESULT: {"script":"<script> [1562 bytes]","args":[{"selector":{"controlType":"sap.m.Button","viewName":"etm.portal.ui.managecontracts.view.Detail","i18NText":{"propertyName":"text","key":"selectionDone"},"searchOpenDialogs":true,"interaction":{"idSuffix":"BDI-content"}},"wdio_ui5_key":"etmportal.ui.managecontracts.view.Detailsap.m.Button{\"propertyName\":\"text\",\"key\":\"selectionDone\"}"}]}
RESULT: undefined
COMMAND: POST /session/4aedcc6e4741b2a879631080b602cb58/element - {"using":"xpath","value":"//*[@id=\"__button148\"]"}
RESULT: {"using":"xpath","value":"//*[@id=\"__button148\"]"}
COMMAND: POST /session/4aedcc6e4741b2a879631080b602cb58/element/f.0FDC85D955747547727011D182B9DC15.d.1EC195D894503E3590BBF7A006527613.e.6521/click - {}
RESULT: {}
COMMAND: POST /session/4aedcc6e4741b2a879631080b602cb58/execute/async - {"script":"<script> [1562 bytes]","args":[{"selector":{"controlType":"sap.m.Text","properties":{"text":"Started processing request items into the contract."},"searchOpenDialogs":true},"wdio_ui5_key":"sapm.Text{\"text\":\"Started processing request items into the contract.\"}"}]}
COMMAND: GET /session/4aedcc6e4741b2a879631080b602cb58/screenshot - {}
RESULT: {"script":"<script> [1562 bytes]","args":[{"selector":{"controlType":"sap.m.Text","properties":{"text":"Started processing request items into the contract."},"searchOpenDialogs":true},"wdio_ui5_key":"sapm.Text{\"text\":\"Started processing request items into the contract.\"}"}]}
RESULT: undefined
COMMAND: POST /session/4aedcc6e4741b2a879631080b602cb58/execute/async - {"script":"<script> [6424 bytes]","args":[{"element-6066-11e4-a52e-4f735466cecf":"f.0FDC85D955747547727011D182B9DC15.d.1EC195D894503E3590BBF7A006527613.e.6523"},"getText",[]]}
RESULT: {}
RESULT: {"script":"<script> [6424 bytes]","args":[{"element-6066-11e4-a52e-4f735466cecf":"f.0FDC85D955747547727011D182B9DC15.d.1EC195D894503E3590BBF7A006527613.e.6523"},"getText",[]]}
COMMAND: POST /session/4aedcc6e4741b2a879631080b602cb58/execute/async - {"script":"<script> [1562 bytes]","args":[{"selector":{"controlType":"sap.m.Button","properties":{"text":"OK"},"searchOpenDialogs":true,"interaction":{"idSuffix":"inner"}},"wdio_ui5_key":"sapm.Button{\"text\":\"OK\"}"}]}
RESULT: {"script":"<script> [1562 bytes]","args":[{"selector":{"controlType":"sap.m.Button","properties":{"text":"OK"},"searchOpenDialogs":true,"interaction":{"idSuffix":"inner"}},"wdio_ui5_key":"sapm.Button{\"text\":\"OK\"}"}]}
RESULT: undefined
COMMAND: POST /session/4aedcc6e4741b2a879631080b602cb58/element - {"using":"xpath","value":"//*[@id=\"__mbox-btn-5\"]"}
RESULT: {"using":"xpath","value":"//*[@id=\"__mbox-btn-5\"]"}
COMMAND: POST /session/4aedcc6e4741b2a879631080b602cb58/element/f.0FDC85D955747547727011D182B9DC15.d.1EC195D894503E3590BBF7A006527613.e.6522/click - {}
RESULT: {}
COMMAND: POST /session/4aedcc6e4741b2a879631080b602cb58/execute/async - {"script":"<script> [1562 bytes]","args":[{"selector":{"id":"headerBillingItemsTabFilter","viewName":"etm.portal.ui.managecontracts.view.Detail","interaction":{"idSuffix":"text"}},"wdio_ui5_key":"headerBillingItemsTabFilteretmportal.ui.managecontracts.view.Detail"}]}
COMMAND: GET /session/4aedcc6e4741b2a879631080b602cb58/screenshot - {}
RESULT: {}
RESULT: {"script":"<script> [1562 bytes]","args":[{"selector":{"id":"headerBillingItemsTabFilter","viewName":"etm.portal.ui.managecontracts.view.Detail","interaction":{"idSuffix":"text"}},"wdio_ui5_key":"headerBillingItemsTabFilteretmportal.ui.managecontracts.view.Detail"}]}
RESULT: undefined
COMMAND: POST /session/4aedcc6e4741b2a879631080b602cb58/element - {"using":"xpath","value":"//*[@id=\"__xmlview64--headerBillingItemsTabFilter\"]"}
RESULT: {"using":"xpath","value":"//*[@id=\"__xmlview64--headerBillingItemsTabFilter\"]"}
COMMAND: POST /session/4aedcc6e4741b2a879631080b602cb58/element/f.0FDC85D955747547727011D182B9DC15.d.1EC195D894503E3590BBF7A006527613.e.6533/click - {}
RESULT: {}
COMMAND: GET /session/4aedcc6e4741b2a879631080b602cb58/screenshot - {}
RESULT: {}
COMMAND: POST /session/4aedcc6e4741b2a879631080b602cb58/execute/async - {"script":"<script> [1562 bytes]","args":[{"selector":{"controlType":"sap.ui.core.Icon","viewName":"etm.portal.ui.managecontracts.view.Detail","properties":{"src":{"regex":{"source":"synchronize"}}}},"wdio_ui5_key":"etmportal.ui.managecontracts.view.Detailsap.ui.core.Icon{\"src\":{\"regex\":{\"source\":\"synchronize\"}}}"}]}
RESULT: {"script":"<script> [1562 bytes]","args":[{"selector":{"controlType":"sap.ui.core.Icon","viewName":"etm.portal.ui.managecontracts.view.Detail","properties":{"src":{"regex":{"source":"synchronize"}}}},"wdio_ui5_key":"etmportal.ui.managecontracts.view.Detailsap.ui.core.Icon{\"src\":{\"regex\":{\"source\":\"synchronize\"}}}"}]}
RESULT: undefined
COMMAND: POST /session/4aedcc6e4741b2a879631080b602cb58/element - {"using":"xpath","value":"//*[@id=\"__xmlview64--btnToggleUpdate-img\"]"}
RESULT: {"using":"xpath","value":"//*[@id=\"__xmlview64--btnToggleUpdate-img\"]"}
COMMAND: POST /session/4aedcc6e4741b2a879631080b602cb58/element/f.0FDC85D955747547727011D182B9DC15.d.1EC195D894503E3590BBF7A006527613.e.6410/click - {}
RESULT: {}
COMMAND: GET /session/4aedcc6e4741b2a879631080b602cb58/screenshot - {}
RESULT: {}
RESULT: undefined
COMMAND: POST /session/4aedcc6e4741b2a879631080b602cb58/element - {"using":"xpath","value":"//*[@id=\"__xmlview64--headerBillingItemsTabFilter\"]"}
RESULT: {"using":"xpath","value":"//*[@id=\"__xmlview64--headerBillingItemsTabFilter\"]"}
COMMAND: POST /session/4aedcc6e4741b2a879631080b602cb58/element/f.0FDC85D955747547727011D182B9DC15.d.1EC195D894503E3590BBF7A006527613.e.6533/click - {}
RESULT: {}
COMMAND: POST /session/4aedcc6e4741b2a879631080b602cb58/execute/async - {"script":"<script> [1562 bytes]","args":[{"selector":{"controlType":"sap.m.Title","viewName":"etm.portal.ui.managecontracts.view.Detail","properties":{"text":"Contract Items (2)"}},"wdio_ui5_key":"etmportal.ui.managecontracts.view.Detailsap.m.Title{\"text\":\"Contract Items (2)\"}"}]}
COMMAND: GET /session/4aedcc6e4741b2a879631080b602cb58/screenshot - {}
RESULT: {"script":"<script> [1562 bytes]","args":[{"selector":{"controlType":"sap.m.Title","viewName":"etm.portal.ui.managecontracts.view.Detail","properties":{"text":"Contract Items (2)"}},"wdio_ui5_key":"etmportal.ui.managecontracts.view.Detailsap.m.Title{\"text\":\"Contract Items (2)\"}"}]}
RESULT: undefined
COMMAND: POST /session/4aedcc6e4741b2a879631080b602cb58/execute/async - {"script":"<script> [6424 bytes]","args":[{"element-6066-11e4-a52e-4f735466cecf":"f.0FDC85D955747547727011D182B9DC15.d.1EC195D894503E3590BBF7A006527613.e.6541"},"getText",[]]}
RESULT: {}
RESULT: {"script":"<script> [6424 bytes]","args":[{"element-6066-11e4-a52e-4f735466cecf":"f.0FDC85D955747547727011D182B9DC15.d.1EC195D894503E3590BBF7A006527613.e.6541"},"getText",[]]}
COMMAND: POST /session/4aedcc6e4741b2a879631080b602cb58/execute/async - {"script":"<script> [1562 bytes]","args":[{"selector":{"controlType":"sap.m.ObjectStatus","viewName":"etm.portal.ui.managecontracts.view.Detail","bindingPath":{"path":"/SmartContractItems(CONTRACT='10440',ITEM=10m,SUB_ITEM=0m)","propertyPath":"STATUS"}},"wdio_ui5_key":"etmportal.ui.managecontracts.view.Detailsap.m.ObjectStatus{\"path\":\"/SmartContractItems(CONTRACT='10440',ITEM=10m,SUB_ITEM=0m)\",\"propertyPath\":\"STATUS\"}"}]}
RESULT: {"script":"<script> [1562 bytes]","args":[{"selector":{"controlType":"sap.m.ObjectStatus","viewName":"etm.portal.ui.managecontracts.view.Detail","bindingPath":{"path":"/SmartContractItems(CONTRACT='10440',ITEM=10m,SUB_ITEM=0m)","propertyPath":"STATUS"}},"wdio_ui5_key":"etmportal.ui.managecontracts.view.Detailsap.m.ObjectStatus{\"path\":\"/SmartContractItems(CONTRACT='10440',ITEM=10m,SUB_ITEM=0m)\",\"propertyPath\":\"STATUS\"}"}]}
RESULT: undefined
COMMAND: POST /session/4aedcc6e4741b2a879631080b602cb58/execute/async - {"script":"<script> [6424 bytes]","args":[{"element-6066-11e4-a52e-4f735466cecf":"f.0FDC85D955747547727011D182B9DC15.d.1EC195D894503E3590BBF7A006527613.e.6543"},"getText",[]]}
RESULT: {"script":"<script> [6424 bytes]","args":[{"element-6066-11e4-a52e-4f735466cecf":"f.0FDC85D955747547727011D182B9DC15.d.1EC195D894503E3590BBF7A006527613.e.6543"},"getText",[]]}
COMMAND: POST /session/4aedcc6e4741b2a879631080b602cb58/execute/async - {"script":"<script> [1562 bytes]","args":[{"selector":{"controlType":"sap.m.ObjectStatus","viewName":"etm.portal.ui.managecontracts.view.Detail","bindingPath":{"path":"/SmartContractItems(CONTRACT='10440',ITEM=20m,SUB_ITEM=0m)","propertyPath":"STATUS"}},"wdio_ui5_key":"etmportal.ui.managecontracts.view.Detailsap.m.ObjectStatus{\"path\":\"/SmartContractItems(CONTRACT='10440',ITEM=20m,SUB_ITEM=0m)\",\"propertyPath\":\"STATUS\"}"}]}
RESULT: {"script":"<script> [1562 bytes]","args":[{"selector":{"controlType":"sap.m.ObjectStatus","viewName":"etm.portal.ui.managecontracts.view.Detail","bindingPath":{"path":"/SmartContractItems(CONTRACT='10440',ITEM=20m,SUB_ITEM=0m)","propertyPath":"STATUS"}},"wdio_ui5_key":"etmportal.ui.managecontracts.view.Detailsap.m.ObjectStatus{\"path\":\"/SmartContractItems(CONTRACT='10440',ITEM=20m,SUB_ITEM=0m)\",\"propertyPath\":\"STATUS\"}"}]}
RESULT: undefined
COMMAND: POST /session/4aedcc6e4741b2a879631080b602cb58/execute/async - {"script":"<script> [6424 bytes]","args":[{"element-6066-11e4-a52e-4f735466cecf":"f.0FDC85D955747547727011D182B9DC15.d.1EC195D894503E3590BBF7A006527613.e.6544"},"getText",[]]}
RESULT: {"script":"<script> [6424 bytes]","args":[{"element-6066-11e4-a52e-4f735466cecf":"f.0FDC85D955747547727011D182B9DC15.d.1EC195D894503E3590BBF7A006527613.e.6544"},"getText",[]]}
]]></system-out>
    </testcase>
  </testsuite>
  <testsuite timestamp="2025-05-20T18:06:49" time="82.253" tests="1" failures="0" errors="0" skipped="0">
    <properties>
      <property name="specId" value="0" />
      <property name="suiteName" value="Manage contracts - revert request US152962" />
      <property name="capabilities" value="chrome.136_0_7103_93.windows" />
      <property name="file" value="file:///D:/a/1/s/test/specs/R2C/manage-contracts-revert-request.spec.js" />
    </properties>
    <testcase classname="chrome.136_0_7103_93.windows.Manage_contracts_-_revert_request_US152962" name="Should revert the request" time="82.251">
      <system-out><![CDATA[
COMMAND: POST /session/4aedcc6e4741b2a879631080b602cb58/execute/async - {"script":"<script> [1562 bytes]","args":[{"selector":{"id":"revertPlanningBtn","viewName":"etm.portal.ui.managecontracts.view.Detail","interaction":{"idSuffix":"BDI-content"}},"wdio_ui5_key":"revertPlanningBtnetmportal.ui.managecontracts.view.Detail"}]}
RESULT: {"script":"<script> [1562 bytes]","args":[{"selector":{"id":"revertPlanningBtn","viewName":"etm.portal.ui.managecontracts.view.Detail","interaction":{"idSuffix":"BDI-content"}},"wdio_ui5_key":"revertPlanningBtnetmportal.ui.managecontracts.view.Detail"}]}
RESULT: undefined
COMMAND: POST /session/4aedcc6e4741b2a879631080b602cb58/element - {"using":"xpath","value":"//*[@id=\"__xmlview64--revertPlanningBtn\"]"}
RESULT: {"using":"xpath","value":"//*[@id=\"__xmlview64--revertPlanningBtn\"]"}
COMMAND: POST /session/4aedcc6e4741b2a879631080b602cb58/element/f.0FDC85D955747547727011D182B9DC15.d.1EC195D894503E3590BBF7A006527613.e.6414/click - {}
RESULT: {}
COMMAND: POST /session/4aedcc6e4741b2a879631080b602cb58/element - {"using":"xpath","value":"(//div[contains(@id ,\"selectMulti-CbBg\")])[2]"}
COMMAND: GET /session/4aedcc6e4741b2a879631080b602cb58/screenshot - {}
RESULT: {"using":"xpath","value":"(//div[contains(@id ,\"selectMulti-CbBg\")])[2]"}
COMMAND: POST /session/4aedcc6e4741b2a879631080b602cb58/element/f.0FDC85D955747547727011D182B9DC15.d.1EC195D894503E3590BBF7A006527613.e.6590/click - {}
RESULT: {}
RESULT: {}
COMMAND: GET /session/4aedcc6e4741b2a879631080b602cb58/screenshot - {}
RESULT: {}
COMMAND: POST /session/4aedcc6e4741b2a879631080b602cb58/element - {"using":"xpath","value":"//span[contains(@id ,\"executeRevertPlanningBtn-content\")]"}
RESULT: {"using":"xpath","value":"//span[contains(@id ,\"executeRevertPlanningBtn-content\")]"}
COMMAND: POST /session/4aedcc6e4741b2a879631080b602cb58/element/f.0FDC85D955747547727011D182B9DC15.d.1EC195D894503E3590BBF7A006527613.e.6592/click - {}
RESULT: {}
COMMAND: GET /session/4aedcc6e4741b2a879631080b602cb58/screenshot - {}
RESULT: {}
COMMAND: POST /session/4aedcc6e4741b2a879631080b602cb58/actions - {"actions":[{"id":"action32","type":"key","parameters":{},"actions":[{"type":"keyDown","value":"î€‡"},{"type":"pause","duration":10},{"type":"keyUp","value":"î€‡"}]}]}
RESULT: {"actions":[{"id":"action32","type":"key","parameters":{},"actions":[{"type":"keyDown","value":"î€‡"},{"type":"pause","duration":10},{"type":"keyUp","value":"î€‡"}]}]}
COMMAND: GET /session/4aedcc6e4741b2a879631080b602cb58/screenshot - {}
RESULT: {}
COMMAND: POST /session/4aedcc6e4741b2a879631080b602cb58/refresh - {}
RESULT: {}
COMMAND: GET /session/4aedcc6e4741b2a879631080b602cb58/screenshot - {}
RESULT: {}
COMMAND: POST /session/4aedcc6e4741b2a879631080b602cb58/execute/async - {"script":"<script> [189 bytes]","args":[]}
RESULT: {"script":"<script> [189 bytes]","args":[]}
COMMAND: POST /session/4aedcc6e4741b2a879631080b602cb58/execute/async - {"script":"<script> [123 bytes]","args":[]}
RESULT: {"script":"<script> [123 bytes]","args":[]}
COMMAND: POST /session/4aedcc6e4741b2a879631080b602cb58/timeouts - {"script":"<number>"}
RESULT: {"script":"<number>"}
COMMAND: GET /session/4aedcc6e4741b2a879631080b602cb58/timeouts - {}
RESULT: {}
RESULT: undefined
COMMAND: POST /session/4aedcc6e4741b2a879631080b602cb58/execute/async - {"script":"<script> [2676 bytes]","args":[]}
RESULT: {"script":"<script> [2676 bytes]","args":[]}
COMMAND: POST /session/4aedcc6e4741b2a879631080b602cb58/execute/async - {"script":"<script> [2342 bytes]","args":[{"protocol":"http","hostname":"0.0.0.0","path":"/","capabilities":{"browserName":"chrome","goog:chromeOptions":{"binary":"C:\\Program Files\\Google\\Chrome\\Application\\chrome.exe","args":["--start-maximized"]}},"logLevel":"warn","connectionRetryTimeout":120000,"connectionRetryCount":3,"logLevels":{},"enableDirectConnect":true,"strictSSL":true,"_":"65 more keys: [\"cacheDir\",\"port\",\"requestedCapabilities\",\"automationProtocol\",\"baseUrl\",\"waitforInterval\",\"waitforTimeout\",\"onReload\",\"beforeCommand\",\"afterCommand\",\"rootDir\",\"specs\",\"suites\",\"exclude\",\"groupLogsByTestSpec\",\"excludeDriverLogs\",\"bail\",\"framework\",\"reporters\",\"services\",\"maxInstances\",\"maxInstancesPerCapability\",\"injectGlobals\",\"filesToWatch\",\"execArgv\",\"runnerEnv\",\"runner\",\"shard\",\"specFileRetries\",\"specFileRetriesDelay\",\"specFileRetriesDeferred\",\"reporterSyncInterval\",\"reporterSyncTimeout\",\"cucumberFeaturesWithLineNumbers\",\"autoCompileOpts\",\"mochaOpts\",\"jasmineOpts\",\"cucumberOpts\",\"onPrepare\",\"onWorkerStart\",\"onWorkerEnd\",\"before\",\"beforeSession\",\"beforeSuite\",\"beforeHook\",\"beforeTest\",\"afterTest\",\"afterHook\",\"afterSuite\",\"afterSession\",\"after\",\"onComplete\",\"beforeAssertion\",\"afterAssertion\",\"beforeFeature\",\"beforeScenario\",\"beforeStep\",\"afterStep\",\"afterScenario\",\"afterFeature\",\"_\",\"suite\",\"$0\",\"ignoredWorkerServices\",\"wdi5\"]"}]}
RESULT: {"script":"<script> [2342 bytes]","args":[{"protocol":"http","hostname":"0.0.0.0","path":"/","capabilities":{"browserName":"chrome","goog:chromeOptions":{"binary":"C:\\Program Files\\Google\\Chrome\\Application\\chrome.exe","args":["--start-maximized"]}},"logLevel":"warn","connectionRetryTimeout":120000,"connectionRetryCount":3,"logLevels":{},"enableDirectConnect":true,"strictSSL":true,"_":"65 more keys: [\"cacheDir\",\"port\",\"requestedCapabilities\",\"automationProtocol\",\"baseUrl\",\"waitforInterval\",\"waitforTimeout\",\"onReload\",\"beforeCommand\",\"afterCommand\",\"rootDir\",\"specs\",\"suites\",\"exclude\",\"groupLogsByTestSpec\",\"excludeDriverLogs\",\"bail\",\"framework\",\"reporters\",\"services\",\"maxInstances\",\"maxInstancesPerCapability\",\"injectGlobals\",\"filesToWatch\",\"execArgv\",\"runnerEnv\",\"runner\",\"shard\",\"specFileRetries\",\"specFileRetriesDelay\",\"specFileRetriesDeferred\",\"reporterSyncInterval\",\"reporterSyncTimeout\",\"cucumberFeaturesWithLineNumbers\",\"autoCompileOpts\",\"mochaOpts\",\"jasmineOpts\",\"cucumberOpts\",\"onPrepare\",\"onWorkerStart\",\"onWorkerEnd\",\"before\",\"beforeSession\",\"beforeSuite\",\"beforeHook\",\"beforeTest\",\"afterTest\",\"afterHook\",\"afterSuite\",\"afterSession\",\"after\",\"onComplete\",\"beforeAssertion\",\"afterAssertion\",\"beforeFeature\",\"beforeScenario\",\"beforeStep\",\"afterStep\",\"afterScenario\",\"afterFeature\",\"_\",\"suite\",\"$0\",\"ignoredWorkerServices\",\"wdi5\"]"}]}
COMMAND: POST /session/4aedcc6e4741b2a879631080b602cb58/execute/async - {"script":"<script> [21126 bytes]","args":[35000]}
RESULT: {"script":"<script> [21126 bytes]","args":[35000]}
COMMAND: POST /session/4aedcc6e4741b2a879631080b602cb58/execute/async - {"script":"<script> [1562 bytes]","args":[{"selector":{"controlType":"sap.m.Title","viewName":"etm.portal.ui.managecontracts.view.Detail","properties":{"text":"Contract Items (1)"}},"wdio_ui5_key":"etmportal.ui.managecontracts.view.Detailsap.m.Title{\"text\":\"Contract Items (1)\"}"}]}
RESULT: {"script":"<script> [1562 bytes]","args":[{"selector":{"controlType":"sap.m.Title","viewName":"etm.portal.ui.managecontracts.view.Detail","properties":{"text":"Contract Items (1)"}},"wdio_ui5_key":"etmportal.ui.managecontracts.view.Detailsap.m.Title{\"text\":\"Contract Items (1)\"}"}]}
RESULT: undefined
COMMAND: POST /session/4aedcc6e4741b2a879631080b602cb58/execute/async - {"script":"<script> [6424 bytes]","args":[{"element-6066-11e4-a52e-4f735466cecf":"f.0FDC85D955747547727011D182B9DC15.d.21BF3DBC2189CCB05B108C8AA418322E.e.6836"},"getText",[]]}
RESULT: {"script":"<script> [6424 bytes]","args":[{"element-6066-11e4-a52e-4f735466cecf":"f.0FDC85D955747547727011D182B9DC15.d.21BF3DBC2189CCB05B108C8AA418322E.e.6836"},"getText",[]]}
COMMAND: POST /session/4aedcc6e4741b2a879631080b602cb58/execute/async - {"script":"<script> [1562 bytes]","args":[{"selector":{"id":"contractDetailEditBtn","viewName":"etm.portal.ui.managecontracts.view.Detail","interaction":{"idSuffix":"inner"}},"wdio_ui5_key":"contractDetailEditBtnetmportal.ui.managecontracts.view.Detail"}]}
RESULT: {"script":"<script> [1562 bytes]","args":[{"selector":{"id":"contractDetailEditBtn","viewName":"etm.portal.ui.managecontracts.view.Detail","interaction":{"idSuffix":"inner"}},"wdio_ui5_key":"contractDetailEditBtnetmportal.ui.managecontracts.view.Detail"}]}
RESULT: undefined
COMMAND: POST /session/4aedcc6e4741b2a879631080b602cb58/element - {"using":"xpath","value":"//*[@id=\"__xmlview1--contractDetailEditBtn\"]"}
RESULT: {"using":"xpath","value":"//*[@id=\"__xmlview1--contractDetailEditBtn\"]"}
COMMAND: POST /session/4aedcc6e4741b2a879631080b602cb58/element/f.0FDC85D955747547727011D182B9DC15.d.21BF3DBC2189CCB05B108C8AA418322E.e.6664/click - {}
RESULT: {}
COMMAND: GET /session/4aedcc6e4741b2a879631080b602cb58/screenshot - {}
RESULT: {}
COMMAND: POST /session/4aedcc6e4741b2a879631080b602cb58/element - {"using":"xpath","value":"(//span[contains(text(), \"Header Billing Items\")])[2]"}
RESULT: {"using":"xpath","value":"(//span[contains(text(), \"Header Billing Items\")])[2]"}
COMMAND: POST /session/4aedcc6e4741b2a879631080b602cb58/element/f.0FDC85D955747547727011D182B9DC15.d.21BF3DBC2189CCB05B108C8AA418322E.e.6900/click - {}
RESULT: {}
COMMAND: GET /session/4aedcc6e4741b2a879631080b602cb58/screenshot - {}
RESULT: {}
COMMAND: POST /session/4aedcc6e4741b2a879631080b602cb58/element - {"using":"xpath","value":"//div[contains(@id ,\"ProductsTable-sa-CbBg\")]"}
RESULT: {"using":"xpath","value":"//div[contains(@id ,\"ProductsTable-sa-CbBg\")]"}
COMMAND: POST /session/4aedcc6e4741b2a879631080b602cb58/element/f.0FDC85D955747547727011D182B9DC15.d.21BF3DBC2189CCB05B108C8AA418322E.e.6903/click - {}
RESULT: {}
COMMAND: GET /session/4aedcc6e4741b2a879631080b602cb58/screenshot - {}
RESULT: {}
COMMAND: POST /session/4aedcc6e4741b2a879631080b602cb58/execute/async - {"script":"<script> [1562 bytes]","args":[{"selector":{"id":"deleteBtn","viewName":"etm.portal.ui.managecontracts.view.EditContract","interaction":{"idSuffix":"BDI-content"}},"wdio_ui5_key":"deleteBtnetmportal.ui.managecontracts.view.EditContract"}]}
RESULT: {"script":"<script> [1562 bytes]","args":[{"selector":{"id":"deleteBtn","viewName":"etm.portal.ui.managecontracts.view.EditContract","interaction":{"idSuffix":"BDI-content"}},"wdio_ui5_key":"deleteBtnetmportal.ui.managecontracts.view.EditContract"}]}
RESULT: undefined
COMMAND: POST /session/4aedcc6e4741b2a879631080b602cb58/element - {"using":"xpath","value":"//*[@id=\"__xmlview2--deleteBtn\"]"}
RESULT: {"using":"xpath","value":"//*[@id=\"__xmlview2--deleteBtn\"]"}
COMMAND: POST /session/4aedcc6e4741b2a879631080b602cb58/element/f.0FDC85D955747547727011D182B9DC15.d.21BF3DBC2189CCB05B108C8AA418322E.e.6906/click - {}
RESULT: {}
COMMAND: POST /session/4aedcc6e4741b2a879631080b602cb58/element - {"using":"xpath","value":"//bdi[contains(@id ,\"BDI-content\")][contains(text(), \"OK\")]"}
COMMAND: GET /session/4aedcc6e4741b2a879631080b602cb58/screenshot - {}
RESULT: {"using":"xpath","value":"//bdi[contains(@id ,\"BDI-content\")][contains(text(), \"OK\")]"}
COMMAND: POST /session/4aedcc6e4741b2a879631080b602cb58/element/f.0FDC85D955747547727011D182B9DC15.d.21BF3DBC2189CCB05B108C8AA418322E.e.6908/click - {}
RESULT: {}
RESULT: {}
COMMAND: GET /session/4aedcc6e4741b2a879631080b602cb58/screenshot - {}
RESULT: {}
COMMAND: POST /session/4aedcc6e4741b2a879631080b602cb58/element - {"using":"xpath","value":"//bdi[contains(@id ,\"BDI-content\")][contains(text(), \"Save\")]"}
RESULT: {"using":"xpath","value":"//bdi[contains(@id ,\"BDI-content\")][contains(text(), \"Save\")]"}
COMMAND: POST /session/4aedcc6e4741b2a879631080b602cb58/element/f.0FDC85D955747547727011D182B9DC15.d.21BF3DBC2189CCB05B108C8AA418322E.e.6910/click - {}
RESULT: {}
COMMAND: GET /session/4aedcc6e4741b2a879631080b602cb58/screenshot - {}
RESULT: {}
COMMAND: POST /session/4aedcc6e4741b2a879631080b602cb58/element - {"using":"xpath","value":"(//span[contains(text(), \"Header Billing Items\")])[1]"}
RESULT: {"using":"xpath","value":"(//span[contains(text(), \"Header Billing Items\")])[1]"}
COMMAND: POST /session/4aedcc6e4741b2a879631080b602cb58/element/f.0FDC85D955747547727011D182B9DC15.d.21BF3DBC2189CCB05B108C8AA418322E.e.6913/click - {}
RESULT: {}
COMMAND: GET /session/4aedcc6e4741b2a879631080b602cb58/screenshot - {}
RESULT: {}
COMMAND: POST /session/4aedcc6e4741b2a879631080b602cb58/execute/async - {"script":"<script> [1562 bytes]","args":[{"selector":{"controlType":"sap.m.ObjectStatus","viewName":"etm.portal.ui.managecontracts.view.Detail","bindingPath":{"path":"/SmartContractItems(CONTRACT='10440',ITEM=10m,SUB_ITEM=0m)","propertyPath":"STATUS"}},"wdio_ui5_key":"etmportal.ui.managecontracts.view.Detailsap.m.ObjectStatus{\"path\":\"/SmartContractItems(CONTRACT='10440',ITEM=10m,SUB_ITEM=0m)\",\"propertyPath\":\"STATUS\"}"}]}
RESULT: {"script":"<script> [1562 bytes]","args":[{"selector":{"controlType":"sap.m.ObjectStatus","viewName":"etm.portal.ui.managecontracts.view.Detail","bindingPath":{"path":"/SmartContractItems(CONTRACT='10440',ITEM=10m,SUB_ITEM=0m)","propertyPath":"STATUS"}},"wdio_ui5_key":"etmportal.ui.managecontracts.view.Detailsap.m.ObjectStatus{\"path\":\"/SmartContractItems(CONTRACT='10440',ITEM=10m,SUB_ITEM=0m)\",\"propertyPath\":\"STATUS\"}"}]}
RESULT: undefined
COMMAND: POST /session/4aedcc6e4741b2a879631080b602cb58/execute/async - {"script":"<script> [6424 bytes]","args":[{"element-6066-11e4-a52e-4f735466cecf":"f.0FDC85D955747547727011D182B9DC15.d.21BF3DBC2189CCB05B108C8AA418322E.e.6915"},"getText",[]]}
RESULT: {"script":"<script> [6424 bytes]","args":[{"element-6066-11e4-a52e-4f735466cecf":"f.0FDC85D955747547727011D182B9DC15.d.21BF3DBC2189CCB05B108C8AA418322E.e.6915"},"getText",[]]}
COMMAND: POST /session/4aedcc6e4741b2a879631080b602cb58/element - {"using":"css selector","value":"#shell-header-logo"}
RESULT: {"using":"css selector","value":"#shell-header-logo"}
COMMAND: POST /session/4aedcc6e4741b2a879631080b602cb58/element/f.0FDC85D955747547727011D182B9DC15.d.21BF3DBC2189CCB05B108C8AA418322E.e.6753/click - {}
RESULT: {}
COMMAND: GET /session/4aedcc6e4741b2a879631080b602cb58/screenshot - {}
RESULT: {}
COMMAND: POST /session/4aedcc6e4741b2a879631080b602cb58/execute/async - {"script":"<script> [1562 bytes]","args":[{"selector":{"controlType":"sap.m.GenericTile","properties":{"header":"Manage Requests"}},"wdio_ui5_key":"sapm.GenericTile{\"header\":\"Manage Requests\"}"}]}
RESULT: {"script":"<script> [1562 bytes]","args":[{"selector":{"controlType":"sap.m.GenericTile","properties":{"header":"Manage Requests"}},"wdio_ui5_key":"sapm.GenericTile{\"header\":\"Manage Requests\"}"}]}
RESULT: undefined
COMMAND: POST /session/4aedcc6e4741b2a879631080b602cb58/element - {"using":"xpath","value":"//*[@id=\"__tile47\"]"}
RESULT: {"using":"xpath","value":"//*[@id=\"__tile47\"]"}
COMMAND: POST /session/4aedcc6e4741b2a879631080b602cb58/element/f.0FDC85D955747547727011D182B9DC15.d.21BF3DBC2189CCB05B108C8AA418322E.e.6931/click - {}
RESULT: {}
COMMAND: GET /session/4aedcc6e4741b2a879631080b602cb58/screenshot - {}
RESULT: {}
COMMAND: POST /session/4aedcc6e4741b2a879631080b602cb58/execute/async - {"script":"<script> [1562 bytes]","args":[{"selector":{"controlType":"sap.m.SearchField","viewName":"etm.portal.ui.managerequests.view.Master","bindingPath":{"path":"","propertyPath":"/_BASIC_SEARCH_FIELD","modelName":"fi1t3rM0d31"},"interaction":{"idSuffix":"I"}},"wdio_ui5_key":"etmportal.ui.managerequests.view.Mastersap.m.SearchField{\"path\":\"\",\"propertyPath\":\"/_BASIC_SEARCH_FIELD\",\"modelName\":\"fi1t3rM0d31\"}"}]}
RESULT: {"script":"<script> [1562 bytes]","args":[{"selector":{"controlType":"sap.m.SearchField","viewName":"etm.portal.ui.managerequests.view.Master","bindingPath":{"path":"","propertyPath":"/_BASIC_SEARCH_FIELD","modelName":"fi1t3rM0d31"},"interaction":{"idSuffix":"I"}},"wdio_ui5_key":"etmportal.ui.managerequests.view.Mastersap.m.SearchField{\"path\":\"\",\"propertyPath\":\"/_BASIC_SEARCH_FIELD\",\"modelName\":\"fi1t3rM0d31\"}"}]}
RESULT: undefined
COMMAND: POST /session/4aedcc6e4741b2a879631080b602cb58/execute/async - {"script":"<script> [776 bytes]","args":[{"enterText":"20180","selector":{"controlType":"sap.m.SearchField","viewName":"etm.portal.ui.managerequests.view.Master","bindingPath":{"path":"","propertyPath":"/_BASIC_SEARCH_FIELD","modelName":"fi1t3rM0d31"},"interaction":{"idSuffix":"I"}},"clearTextFirst":true,"interactionType":"ENTER_TEXT"}]}
COMMAND: POST /session/4aedcc6e4741b2a879631080b602cb58/elements - {"using":"xpath","value":"//span[text()='Error']"}
RESULT: {"script":"<script> [776 bytes]","args":[{"enterText":"20180","selector":{"controlType":"sap.m.SearchField","viewName":"etm.portal.ui.managerequests.view.Master","bindingPath":{"path":"","propertyPath":"/_BASIC_SEARCH_FIELD","modelName":"fi1t3rM0d31"},"interaction":{"idSuffix":"I"}},"clearTextFirst":true,"interactionType":"ENTER_TEXT"}]}
COMMAND: POST /session/4aedcc6e4741b2a879631080b602cb58/actions - {"actions":[{"id":"action33","type":"key","parameters":{},"actions":[{"type":"keyDown","value":"î€‡"},{"type":"pause","duration":10},{"type":"keyUp","value":"î€‡"}]}]}
RESULT: {"using":"xpath","value":"//span[text()='Error']"}
RESULT: {"actions":[{"id":"action33","type":"key","parameters":{},"actions":[{"type":"keyDown","value":"î€‡"},{"type":"pause","duration":10},{"type":"keyUp","value":"î€‡"}]}]}
COMMAND: GET /session/4aedcc6e4741b2a879631080b602cb58/screenshot - {}
RESULT: {}
COMMAND: POST /session/4aedcc6e4741b2a879631080b602cb58/execute/async - {"script":"<script> [1562 bytes]","args":[{"selector":{"controlType":"sap.m.Text","viewName":"etm.portal.ui.managerequests.view.Master","bindingPath":{"path":"/SmartManageRequests('20180')","propertyPath":"NO"}},"wdio_ui5_key":"etmportal.ui.managerequests.view.Mastersap.m.Text{\"path\":\"/SmartManageRequests('20180')\",\"propertyPath\":\"NO\"}"}]}
RESULT: {"script":"<script> [1562 bytes]","args":[{"selector":{"controlType":"sap.m.Text","viewName":"etm.portal.ui.managerequests.view.Master","bindingPath":{"path":"/SmartManageRequests('20180')","propertyPath":"NO"}},"wdio_ui5_key":"etmportal.ui.managerequests.view.Mastersap.m.Text{\"path\":\"/SmartManageRequests('20180')\",\"propertyPath\":\"NO\"}"}]}
RESULT: undefined
COMMAND: POST /session/4aedcc6e4741b2a879631080b602cb58/element - {"using":"xpath","value":"//*[@id=\"__text463-__clone168\"]"}
RESULT: {"using":"xpath","value":"//*[@id=\"__text463-__clone168\"]"}
COMMAND: POST /session/4aedcc6e4741b2a879631080b602cb58/element/f.0FDC85D955747547727011D182B9DC15.d.21BF3DBC2189CCB05B108C8AA418322E.e.7057/click - {}
RESULT: {}
COMMAND: GET /session/4aedcc6e4741b2a879631080b602cb58/screenshot - {}
RESULT: {}
COMMAND: POST /session/4aedcc6e4741b2a879631080b602cb58/execute/async - {"script":"<script> [1562 bytes]","args":[{"selector":{"controlType":"sap.ui.core.Icon","viewName":"etm.portal.ui.managerequests.view.Detail","properties":{"src":{"regex":{"source":"slim\\-arrow\\-up"}}}},"wdio_ui5_key":"etmportal.ui.managerequests.view.Detailsap.ui.core.Icon{\"src\":{\"regex\":{\"source\":\"slim\\\\-arrow\\\\-up\"}}}"}]}
RESULT: {"script":"<script> [1562 bytes]","args":[{"selector":{"controlType":"sap.ui.core.Icon","viewName":"etm.portal.ui.managerequests.view.Detail","properties":{"src":{"regex":{"source":"slim\\-arrow\\-up"}}}},"wdio_ui5_key":"etmportal.ui.managerequests.view.Detailsap.ui.core.Icon{\"src\":{\"regex\":{\"source\":\"slim\\\\-arrow\\\\-up\"}}}"}]}
RESULT: undefined
COMMAND: POST /session/4aedcc6e4741b2a879631080b602cb58/element - {"using":"xpath","value":"//*[@id=\"__xmlview62--detailRequestPage-OPHeaderContent-collapseBtn-img\"]"}
RESULT: {"using":"xpath","value":"//*[@id=\"__xmlview62--detailRequestPage-OPHeaderContent-collapseBtn-img\"]"}
COMMAND: POST /session/4aedcc6e4741b2a879631080b602cb58/element/f.0FDC85D955747547727011D182B9DC15.d.21BF3DBC2189CCB05B108C8AA418322E.e.7214/click - {}
RESULT: {}
COMMAND: GET /session/4aedcc6e4741b2a879631080b602cb58/screenshot - {}
RESULT: {}
COMMAND: POST /session/4aedcc6e4741b2a879631080b602cb58/execute/async - {"script":"<script> [1562 bytes]","args":[{"selector":{"controlType":"sap.m.Text","viewName":"etm.portal.ui.managerequests.view.Detail","bindingPath":{"path":"/SmartRequestItemsPlanningBoard(ITEM=20m,REQUEST='20180')","propertyPath":"STATUS_DESC"}},"wdio_ui5_key":"etmportal.ui.managerequests.view.Detailsap.m.Text{\"path\":\"/SmartRequestItemsPlanningBoard(ITEM=20m,REQUEST='20180')\",\"propertyPath\":\"STATUS_DESC\"}"}]}
RESULT: {"script":"<script> [1562 bytes]","args":[{"selector":{"controlType":"sap.m.Text","viewName":"etm.portal.ui.managerequests.view.Detail","bindingPath":{"path":"/SmartRequestItemsPlanningBoard(ITEM=20m,REQUEST='20180')","propertyPath":"STATUS_DESC"}},"wdio_ui5_key":"etmportal.ui.managerequests.view.Detailsap.m.Text{\"path\":\"/SmartRequestItemsPlanningBoard(ITEM=20m,REQUEST='20180')\",\"propertyPath\":\"STATUS_DESC\"}"}]}
RESULT: undefined
COMMAND: POST /session/4aedcc6e4741b2a879631080b602cb58/execute/async - {"script":"<script> [6424 bytes]","args":[{"element-6066-11e4-a52e-4f735466cecf":"f.0FDC85D955747547727011D182B9DC15.d.21BF3DBC2189CCB05B108C8AA418322E.e.7261"},"getText",[]]}
RESULT: {"script":"<script> [6424 bytes]","args":[{"element-6066-11e4-a52e-4f735466cecf":"f.0FDC85D955747547727011D182B9DC15.d.21BF3DBC2189CCB05B108C8AA418322E.e.7261"},"getText",[]]}
COMMAND: POST /session/4aedcc6e4741b2a879631080b602cb58/element - {"using":"css selector","value":"#shell-header-logo"}
RESULT: {"using":"css selector","value":"#shell-header-logo"}
COMMAND: POST /session/4aedcc6e4741b2a879631080b602cb58/element/f.0FDC85D955747547727011D182B9DC15.d.21BF3DBC2189CCB05B108C8AA418322E.e.6936/click - {}
RESULT: {}
COMMAND: GET /session/4aedcc6e4741b2a879631080b602cb58/screenshot - {}
RESULT: {}
]]></system-out>
    </testcase>
  </testsuite>
  <testsuite timestamp="2025-05-20T18:08:11" time="242.695" tests="4" failures="0" errors="0" skipped="0">
    <properties>
      <property name="specId" value="0" />
      <property name="suiteName" value="Standard contract close-reopen US111278" />
      <property name="capabilities" value="chrome.136_0_7103_93.windows" />
      <property name="file" value="file:///D:/a/1/s/test/specs/R2C/standard-contract-close-reopen.spec.js" />
    </properties>
    <testcase classname="chrome.136_0_7103_93.windows.Standard_contract_close-reopen_US111278" name="Should create a new contract and add an item" time="138.075">
      <system-out><![CDATA[
COMMAND: POST /session/4aedcc6e4741b2a879631080b602cb58/execute/async - {"script":"<script> [1562 bytes]","args":[{"selector":{"controlType":"sap.m.GenericTile","properties":{"header":"Manage Contracts"}},"wdio_ui5_key":"sapm.GenericTile{\"header\":\"Manage Contracts\"}"}]}
RESULT: {"script":"<script> [1562 bytes]","args":[{"selector":{"controlType":"sap.m.GenericTile","properties":{"header":"Manage Contracts"}},"wdio_ui5_key":"sapm.GenericTile{\"header\":\"Manage Contracts\"}"}]}
RESULT: undefined
COMMAND: POST /session/4aedcc6e4741b2a879631080b602cb58/element - {"using":"xpath","value":"//*[@id=\"__tile130\"]"}
RESULT: {"using":"xpath","value":"//*[@id=\"__tile130\"]"}
COMMAND: POST /session/4aedcc6e4741b2a879631080b602cb58/element/f.0FDC85D955747547727011D182B9DC15.d.21BF3DBC2189CCB05B108C8AA418322E.e.7266/click - {}
RESULT: {}
COMMAND: GET /session/4aedcc6e4741b2a879631080b602cb58/screenshot - {}
RESULT: {}
COMMAND: POST /session/4aedcc6e4741b2a879631080b602cb58/elements - {"using":"xpath","value":"//span[text()='Error']"}
RESULT: {"using":"xpath","value":"//span[text()='Error']"}
COMMAND: POST /session/4aedcc6e4741b2a879631080b602cb58/element - {"using":"xpath","value":"//button[@data-kt=\"addButton\"]"}
RESULT: {"using":"xpath","value":"//button[@data-kt=\"addButton\"]"}
COMMAND: POST /session/4aedcc6e4741b2a879631080b602cb58/element/f.0FDC85D955747547727011D182B9DC15.d.21BF3DBC2189CCB05B108C8AA418322E.e.7314/click - {}
RESULT: {}
COMMAND: GET /session/4aedcc6e4741b2a879631080b602cb58/screenshot - {}
RESULT: {}
COMMAND: POST /session/4aedcc6e4741b2a879631080b602cb58/execute/async - {"script":"<script> [1562 bytes]","args":[{"selector":{"id":"application-managecontracts-display-component---AddNewContract--projectDescription","interaction":{"idSuffix":"inner"}},"wdio_ui5_key":"applicationmanagecontracts-display-component---AddNewContract--projectDescription"}]}
RESULT: {"script":"<script> [1562 bytes]","args":[{"selector":{"id":"application-managecontracts-display-component---AddNewContract--projectDescription","interaction":{"idSuffix":"inner"}},"wdio_ui5_key":"applicationmanagecontracts-display-component---AddNewContract--projectDescription"}]}
RESULT: undefined
COMMAND: POST /session/4aedcc6e4741b2a879631080b602cb58/execute/async - {"script":"<script> [776 bytes]","args":[{"enterText":"WdIOR2ck41w6","selector":{"id":"application-managecontracts-display-component---AddNewContract--projectDescription","interaction":{"idSuffix":"inner"}},"clearTextFirst":true,"interactionType":"ENTER_TEXT"}]}
RESULT: {"script":"<script> [776 bytes]","args":[{"enterText":"WdIOR2ck41w6","selector":{"id":"application-managecontracts-display-component---AddNewContract--projectDescription","interaction":{"idSuffix":"inner"}},"clearTextFirst":true,"interactionType":"ENTER_TEXT"}]}
COMMAND: POST /session/4aedcc6e4741b2a879631080b602cb58/element - {"using":"xpath","value":"//input[@id=\"application-managecontracts-display-component---AddNewContract--yardId-inner\"]"}
RESULT: {"using":"xpath","value":"//input[@id=\"application-managecontracts-display-component---AddNewContract--yardId-inner\"]"}
COMMAND: POST /session/4aedcc6e4741b2a879631080b602cb58/element/f.0FDC85D955747547727011D182B9DC15.d.21BF3DBC2189CCB05B108C8AA418322E.e.7616/clear - {}
RESULT: {}
COMMAND: POST /session/4aedcc6e4741b2a879631080b602cb58/element/f.0FDC85D955747547727011D182B9DC15.d.21BF3DBC2189CCB05B108C8AA418322E.e.7616/value - {"text":"WebdriverYard1joi9"}
COMMAND: GET /session/4aedcc6e4741b2a879631080b602cb58/screenshot - {}
RESULT: {"text":"WebdriverYard1joi9"}
COMMAND: GET /session/4aedcc6e4741b2a879631080b602cb58/screenshot - {}
RESULT: {}
RESULT: {}
COMMAND: POST /session/4aedcc6e4741b2a879631080b602cb58/actions - {"actions":[{"id":"action34","type":"key","parameters":{},"actions":[{"type":"keyDown","value":"î€‡"},{"type":"pause","duration":10},{"type":"keyUp","value":"î€‡"}]}]}
RESULT: {"actions":[{"id":"action34","type":"key","parameters":{},"actions":[{"type":"keyDown","value":"î€‡"},{"type":"pause","duration":10},{"type":"keyUp","value":"î€‡"}]}]}
COMMAND: GET /session/4aedcc6e4741b2a879631080b602cb58/screenshot - {}
RESULT: {}
COMMAND: POST /session/4aedcc6e4741b2a879631080b602cb58/element - {"using":"xpath","value":"//input[@id=\"application-managecontracts-display-component---AddNewContract--customerSelect-inner\"]"}
RESULT: {"using":"xpath","value":"//input[@id=\"application-managecontracts-display-component---AddNewContract--customerSelect-inner\"]"}
COMMAND: POST /session/4aedcc6e4741b2a879631080b602cb58/element/f.0FDC85D955747547727011D182B9DC15.d.21BF3DBC2189CCB05B108C8AA418322E.e.7614/clear - {}
RESULT: {}
COMMAND: POST /session/4aedcc6e4741b2a879631080b602cb58/element/f.0FDC85D955747547727011D182B9DC15.d.21BF3DBC2189CCB05B108C8AA418322E.e.7614/value - {"text":"WebdriverPartner8s0tvk"}
COMMAND: GET /session/4aedcc6e4741b2a879631080b602cb58/screenshot - {}
RESULT: {"text":"WebdriverPartner8s0tvk"}
COMMAND: GET /session/4aedcc6e4741b2a879631080b602cb58/screenshot - {}
RESULT: {}
RESULT: {}
COMMAND: POST /session/4aedcc6e4741b2a879631080b602cb58/actions - {"actions":[{"id":"action35","type":"key","parameters":{},"actions":[{"type":"keyDown","value":"î€‡"},{"type":"pause","duration":10},{"type":"keyUp","value":"î€‡"}]}]}
RESULT: {"actions":[{"id":"action35","type":"key","parameters":{},"actions":[{"type":"keyDown","value":"î€‡"},{"type":"pause","duration":10},{"type":"keyUp","value":"î€‡"}]}]}
COMMAND: GET /session/4aedcc6e4741b2a879631080b602cb58/screenshot - {}
RESULT: {}
COMMAND: POST /session/4aedcc6e4741b2a879631080b602cb58/element - {"using":"xpath","value":"//input[@id=\"application-managecontracts-display-component---AddNewContract--site-inner\"]"}
RESULT: {"using":"xpath","value":"//input[@id=\"application-managecontracts-display-component---AddNewContract--site-inner\"]"}
COMMAND: POST /session/4aedcc6e4741b2a879631080b602cb58/element/f.0FDC85D955747547727011D182B9DC15.d.21BF3DBC2189CCB05B108C8AA418322E.e.7615/clear - {}
RESULT: {}
COMMAND: POST /session/4aedcc6e4741b2a879631080b602cb58/element/f.0FDC85D955747547727011D182B9DC15.d.21BF3DBC2189CCB05B108C8AA418322E.e.7615/value - {"text":"WebdriverSitefcng9"}
COMMAND: GET /session/4aedcc6e4741b2a879631080b602cb58/screenshot - {}
RESULT: {"text":"WebdriverSitefcng9"}
COMMAND: GET /session/4aedcc6e4741b2a879631080b602cb58/screenshot - {}
RESULT: {}
RESULT: {}
COMMAND: POST /session/4aedcc6e4741b2a879631080b602cb58/actions - {"actions":[{"id":"action36","type":"key","parameters":{},"actions":[{"type":"keyDown","value":"î€‡"},{"type":"pause","duration":10},{"type":"keyUp","value":"î€‡"}]}]}
RESULT: {"actions":[{"id":"action36","type":"key","parameters":{},"actions":[{"type":"keyDown","value":"î€‡"},{"type":"pause","duration":10},{"type":"keyUp","value":"î€‡"}]}]}
COMMAND: GET /session/4aedcc6e4741b2a879631080b602cb58/screenshot - {}
RESULT: {}
COMMAND: POST /session/4aedcc6e4741b2a879631080b602cb58/element - {"using":"xpath","value":"//button[@data-kt=\"saveButton\"]"}
RESULT: {"using":"xpath","value":"//button[@data-kt=\"saveButton\"]"}
COMMAND: POST /session/4aedcc6e4741b2a879631080b602cb58/element/f.0FDC85D955747547727011D182B9DC15.d.21BF3DBC2189CCB05B108C8AA418322E.e.7651/click - {}
RESULT: {}
COMMAND: GET /session/4aedcc6e4741b2a879631080b602cb58/screenshot - {}
RESULT: {}
COMMAND: POST /session/4aedcc6e4741b2a879631080b602cb58/execute/async - {"script":"<script> [1562 bytes]","args":[{"selector":{"id":"contractDetailTitleNoExpanded","viewName":"etm.portal.ui.managecontracts.view.Detail"},"wdio_ui5_key":"contractDetailTitleNoExpandedetmportal.ui.managecontracts.view.Detail"}]}
RESULT: {"script":"<script> [1562 bytes]","args":[{"selector":{"id":"contractDetailTitleNoExpanded","viewName":"etm.portal.ui.managecontracts.view.Detail"},"wdio_ui5_key":"contractDetailTitleNoExpandedetmportal.ui.managecontracts.view.Detail"}]}
RESULT: undefined
COMMAND: POST /session/4aedcc6e4741b2a879631080b602cb58/execute/async - {"script":"<script> [6424 bytes]","args":[{"element-6066-11e4-a52e-4f735466cecf":"f.0FDC85D955747547727011D182B9DC15.d.21BF3DBC2189CCB05B108C8AA418322E.e.7725"},"getText",[]]}
RESULT: {"script":"<script> [6424 bytes]","args":[{"element-6066-11e4-a52e-4f735466cecf":"f.0FDC85D955747547727011D182B9DC15.d.21BF3DBC2189CCB05B108C8AA418322E.e.7725"},"getText",[]]}
COMMAND: POST /session/4aedcc6e4741b2a879631080b602cb58/execute/async - {"script":"<script> [1562 bytes]","args":[{"selector":{"id":"closeContractBtn","viewName":"etm.portal.ui.managecontracts.view.Detail"},"wdio_ui5_key":"closeContractBtnetmportal.ui.managecontracts.view.Detail"}]}
RESULT: {"script":"<script> [1562 bytes]","args":[{"selector":{"id":"closeContractBtn","viewName":"etm.portal.ui.managecontracts.view.Detail"},"wdio_ui5_key":"closeContractBtnetmportal.ui.managecontracts.view.Detail"}]}
RESULT: undefined
COMMAND: POST /session/4aedcc6e4741b2a879631080b602cb58/execute/async - {"script":"<script> [6424 bytes]","args":[{"element-6066-11e4-a52e-4f735466cecf":"f.0FDC85D955747547727011D182B9DC15.d.21BF3DBC2189CCB05B108C8AA418322E.e.7726"},"getEnabled",[]]}
RESULT: {"script":"<script> [6424 bytes]","args":[{"element-6066-11e4-a52e-4f735466cecf":"f.0FDC85D955747547727011D182B9DC15.d.21BF3DBC2189CCB05B108C8AA418322E.e.7726"},"getEnabled",[]]}
COMMAND: POST /session/4aedcc6e4741b2a879631080b602cb58/element - {"using":"xpath","value":"//button[@data-kt=\"contractDetailEditBtnButton\"]"}
RESULT: {"using":"xpath","value":"//button[@data-kt=\"contractDetailEditBtnButton\"]"}
COMMAND: POST /session/4aedcc6e4741b2a879631080b602cb58/element/f.0FDC85D955747547727011D182B9DC15.d.21BF3DBC2189CCB05B108C8AA418322E.e.7727/click - {}
RESULT: {}
COMMAND: GET /session/4aedcc6e4741b2a879631080b602cb58/screenshot - {}
RESULT: {}
COMMAND: POST /session/4aedcc6e4741b2a879631080b602cb58/element - {"using":"xpath","value":"(//span[contains(text(), \"Additional Addresses\")])[2]"}
RESULT: {"using":"xpath","value":"(//span[contains(text(), \"Additional Addresses\")])[2]"}
COMMAND: POST /session/4aedcc6e4741b2a879631080b602cb58/element/f.0FDC85D955747547727011D182B9DC15.d.21BF3DBC2189CCB05B108C8AA418322E.e.7784/click - {}
RESULT: {}
COMMAND: GET /session/4aedcc6e4741b2a879631080b602cb58/screenshot - {}
RESULT: {}
COMMAND: POST /session/4aedcc6e4741b2a879631080b602cb58/element - {"using":"xpath","value":"//button[@data-kt=\"btnAddTableRowOverflowToolbarButton\"]"}
RESULT: {"using":"xpath","value":"//button[@data-kt=\"btnAddTableRowOverflowToolbarButton\"]"}
COMMAND: POST /session/4aedcc6e4741b2a879631080b602cb58/element/f.0FDC85D955747547727011D182B9DC15.d.21BF3DBC2189CCB05B108C8AA418322E.e.7786/click - {}
RESULT: {}
COMMAND: GET /session/4aedcc6e4741b2a879631080b602cb58/screenshot - {}
RESULT: {}
COMMAND: POST /session/4aedcc6e4741b2a879631080b602cb58/element - {"using":"xpath","value":"//div[(text() = 'Standard Entry' or . = 'Standard Entry')]"}
RESULT: {"using":"xpath","value":"//div[(text() = 'Standard Entry' or . = 'Standard Entry')]"}
COMMAND: POST /session/4aedcc6e4741b2a879631080b602cb58/element/f.0FDC85D955747547727011D182B9DC15.d.21BF3DBC2189CCB05B108C8AA418322E.e.7788/click - {}
RESULT: {}
COMMAND: POST /session/4aedcc6e4741b2a879631080b602cb58/element - {"using":"xpath","value":"//td[6]/div/div/input[1]"}
COMMAND: GET /session/4aedcc6e4741b2a879631080b602cb58/screenshot - {}
RESULT: {"using":"xpath","value":"//td[6]/div/div/input[1]"}
COMMAND: POST /session/4aedcc6e4741b2a879631080b602cb58/element/f.0FDC85D955747547727011D182B9DC15.d.21BF3DBC2189CCB05B108C8AA418322E.e.7790/click - {}
RESULT: {}
RESULT: {}
COMMAND: POST /session/4aedcc6e4741b2a879631080b602cb58/actions - {"actions":[{"id":"action37","type":"key","parameters":{},"actions":[{"type":"keyDown","value":"î€ƒ"},{"type":"pause","duration":10},{"type":"keyUp","value":"î€ƒ"}]}]}
COMMAND: GET /session/4aedcc6e4741b2a879631080b602cb58/screenshot - {}
RESULT: {"actions":[{"id":"action37","type":"key","parameters":{},"actions":[{"type":"keyDown","value":"î€ƒ"},{"type":"pause","duration":10},{"type":"keyUp","value":"î€ƒ"}]}]}
COMMAND: POST /session/4aedcc6e4741b2a879631080b602cb58/element - {"using":"xpath","value":"//td[6]/div/div/input[1]"}
COMMAND: GET /session/4aedcc6e4741b2a879631080b602cb58/screenshot - {}
RESULT: {}
RESULT: {"using":"xpath","value":"//td[6]/div/div/input[1]"}
COMMAND: POST /session/4aedcc6e4741b2a879631080b602cb58/element/f.0FDC85D955747547727011D182B9DC15.d.21BF3DBC2189CCB05B108C8AA418322E.e.7790/clear - {}
RESULT: {}
RESULT: {}
COMMAND: POST /session/4aedcc6e4741b2a879631080b602cb58/element/f.0FDC85D955747547727011D182B9DC15.d.21BF3DBC2189CCB05B108C8AA418322E.e.7790/value - {"text":"Material"}
COMMAND: GET /session/4aedcc6e4741b2a879631080b602cb58/screenshot - {}
RESULT: {"text":"Material"}
COMMAND: GET /session/4aedcc6e4741b2a879631080b602cb58/screenshot - {}
RESULT: {}
RESULT: {}
COMMAND: POST /session/4aedcc6e4741b2a879631080b602cb58/actions - {"actions":[{"id":"action38","type":"key","parameters":{},"actions":[{"type":"keyDown","value":"î€‡"},{"type":"pause","duration":10},{"type":"keyUp","value":"î€‡"}]}]}
RESULT: {"actions":[{"id":"action38","type":"key","parameters":{},"actions":[{"type":"keyDown","value":"î€‡"},{"type":"pause","duration":10},{"type":"keyUp","value":"î€‡"}]}]}
COMMAND: GET /session/4aedcc6e4741b2a879631080b602cb58/screenshot - {}
RESULT: {}
COMMAND: POST /session/4aedcc6e4741b2a879631080b602cb58/actions - {"actions":[{"id":"action39","type":"key","parameters":{},"actions":[{"type":"keyDown","value":"î€‡"},{"type":"pause","duration":10},{"type":"keyUp","value":"î€‡"}]}]}
RESULT: {"actions":[{"id":"action39","type":"key","parameters":{},"actions":[{"type":"keyDown","value":"î€‡"},{"type":"pause","duration":10},{"type":"keyUp","value":"î€‡"}]}]}
COMMAND: POST /session/4aedcc6e4741b2a879631080b602cb58/element - {"using":"xpath","value":"//td[7]/div/div/input"}
COMMAND: GET /session/4aedcc6e4741b2a879631080b602cb58/screenshot - {}
RESULT: {"using":"xpath","value":"//td[7]/div/div/input"}
COMMAND: POST /session/4aedcc6e4741b2a879631080b602cb58/element/f.0FDC85D955747547727011D182B9DC15.d.21BF3DBC2189CCB05B108C8AA418322E.e.7803/clear - {}
RESULT: {}
RESULT: {}
COMMAND: POST /session/4aedcc6e4741b2a879631080b602cb58/element/f.0FDC85D955747547727011D182B9DC15.d.21BF3DBC2189CCB05B108C8AA418322E.e.7803/value - {"text":"WebdriverRUR2C00g9k"}
COMMAND: GET /session/4aedcc6e4741b2a879631080b602cb58/screenshot - {}
RESULT: {"text":"WebdriverRUR2C00g9k"}
COMMAND: GET /session/4aedcc6e4741b2a879631080b602cb58/screenshot - {}
RESULT: {}
RESULT: {}
COMMAND: POST /session/4aedcc6e4741b2a879631080b602cb58/actions - {"actions":[{"id":"action40","type":"key","parameters":{},"actions":[{"type":"keyDown","value":"î€‡"},{"type":"pause","duration":10},{"type":"keyUp","value":"î€‡"}]}]}
RESULT: {"actions":[{"id":"action40","type":"key","parameters":{},"actions":[{"type":"keyDown","value":"î€‡"},{"type":"pause","duration":10},{"type":"keyUp","value":"î€‡"}]}]}
COMMAND: GET /session/4aedcc6e4741b2a879631080b602cb58/screenshot - {}
RESULT: {}
COMMAND: POST /session/4aedcc6e4741b2a879631080b602cb58/actions - {"actions":[{"id":"action41","type":"key","parameters":{},"actions":[{"type":"keyDown","value":"î€‡"},{"type":"pause","duration":10},{"type":"keyUp","value":"î€‡"}]}]}
RESULT: {"actions":[{"id":"action41","type":"key","parameters":{},"actions":[{"type":"keyDown","value":"î€‡"},{"type":"pause","duration":10},{"type":"keyUp","value":"î€‡"}]}]}
COMMAND: GET /session/4aedcc6e4741b2a879631080b602cb58/screenshot - {}
RESULT: {}
COMMAND: POST /session/4aedcc6e4741b2a879631080b602cb58/element - {"using":"xpath","value":"(//button[@data-kt=\"saveButton\"])[2]"}
RESULT: {"using":"xpath","value":"(//button[@data-kt=\"saveButton\"])[2]"}
COMMAND: POST /session/4aedcc6e4741b2a879631080b602cb58/element/f.0FDC85D955747547727011D182B9DC15.d.21BF3DBC2189CCB05B108C8AA418322E.e.7829/click - {}
RESULT: {}
COMMAND: GET /session/4aedcc6e4741b2a879631080b602cb58/screenshot - {}
RESULT: {}
]]></system-out>
    </testcase>
    <testcase classname="chrome.136_0_7103_93.windows.Standard_contract_close-reopen_US111278" name="It should close the contract" time="20.758">
      <system-out><![CDATA[
RESULT: undefined
COMMAND: POST /session/4aedcc6e4741b2a879631080b602cb58/element - {"using":"xpath","value":"//*[@id=\"__xmlview64--closeContractBtn\"]"}
RESULT: {"using":"xpath","value":"//*[@id=\"__xmlview64--closeContractBtn\"]"}
COMMAND: POST /session/4aedcc6e4741b2a879631080b602cb58/element/f.0FDC85D955747547727011D182B9DC15.d.21BF3DBC2189CCB05B108C8AA418322E.e.7726/click - {}
RESULT: {}
COMMAND: GET /session/4aedcc6e4741b2a879631080b602cb58/screenshot - {}
RESULT: {}
COMMAND: POST /session/4aedcc6e4741b2a879631080b602cb58/element - {"using":"xpath","value":"//span[contains(text(), \"Do you want to close the whole contract?\")]"}
RESULT: {"using":"xpath","value":"//span[contains(text(), \"Do you want to close the whole contract?\")]"}
COMMAND: POST /session/4aedcc6e4741b2a879631080b602cb58/execute/sync - {"script":"<script> [8489 bytes]","args":[{"element-6066-11e4-a52e-4f735466cecf":"f.0FDC85D955747547727011D182B9DC15.d.21BF3DBC2189CCB05B108C8AA418322E.e.7833","ELEMENT":"f.0FDC85D955747547727011D182B9DC15.d.21BF3DBC2189CCB05B108C8AA418322E.e.7833"}]}
RESULT: {"script":"<script> [8489 bytes]","args":[{"element-6066-11e4-a52e-4f735466cecf":"f.0FDC85D955747547727011D182B9DC15.d.21BF3DBC2189CCB05B108C8AA418322E.e.7833","ELEMENT":"f.0FDC85D955747547727011D182B9DC15.d.21BF3DBC2189CCB05B108C8AA418322E.e.7833"}]}
COMMAND: POST /session/4aedcc6e4741b2a879631080b602cb58/element - {"using":"xpath","value":"//bdi[contains(text(), \"OK\")]"}
COMMAND: GET /session/4aedcc6e4741b2a879631080b602cb58/screenshot - {}
RESULT: {"using":"xpath","value":"//bdi[contains(text(), \"OK\")]"}
COMMAND: POST /session/4aedcc6e4741b2a879631080b602cb58/element/f.0FDC85D955747547727011D182B9DC15.d.21BF3DBC2189CCB05B108C8AA418322E.e.7834/click - {}
RESULT: {}
RESULT: {}
COMMAND: GET /session/4aedcc6e4741b2a879631080b602cb58/screenshot - {}
RESULT: {}
COMMAND: POST /session/4aedcc6e4741b2a879631080b602cb58/element - {"using":"xpath","value":"//input[contains(@id ,\"smartContractFilterBar-btnBasicSearch-I\")]"}
RESULT: {"using":"xpath","value":"//input[contains(@id ,\"smartContractFilterBar-btnBasicSearch-I\")]"}
COMMAND: POST /session/4aedcc6e4741b2a879631080b602cb58/element/f.0FDC85D955747547727011D182B9DC15.d.21BF3DBC2189CCB05B108C8AA418322E.e.7277/clear - {}
RESULT: {}
COMMAND: POST /session/4aedcc6e4741b2a879631080b602cb58/element/f.0FDC85D955747547727011D182B9DC15.d.21BF3DBC2189CCB05B108C8AA418322E.e.7277/value - {"text":"10442"}
COMMAND: GET /session/4aedcc6e4741b2a879631080b602cb58/screenshot - {}
RESULT: {"text":"10442"}
COMMAND: POST /session/4aedcc6e4741b2a879631080b602cb58/actions - {"actions":[{"id":"action42","type":"key","parameters":{},"actions":[{"type":"keyDown","value":"î€‡"},{"type":"pause","duration":10},{"type":"keyUp","value":"î€‡"}]}]}
COMMAND: GET /session/4aedcc6e4741b2a879631080b602cb58/screenshot - {}
RESULT: {}
RESULT: {"actions":[{"id":"action42","type":"key","parameters":{},"actions":[{"type":"keyDown","value":"î€‡"},{"type":"pause","duration":10},{"type":"keyUp","value":"î€‡"}]}]}
COMMAND: GET /session/4aedcc6e4741b2a879631080b602cb58/screenshot - {}
RESULT: {}
RESULT: {}
COMMAND: POST /session/4aedcc6e4741b2a879631080b602cb58/execute/async - {"script":"<script> [1562 bytes]","args":[{"selector":{"controlType":"sap.ui.core.Icon","viewName":"etm.portal.ui.managecontracts.view.Master","properties":{"src":{"regex":{"source":"slim\\-arrow\\-right"}}}},"wdio_ui5_key":"etmportal.ui.managecontracts.view.Mastersap.ui.core.Icon{\"src\":{\"regex\":{\"source\":\"slim\\\\-arrow\\\\-right\"}}}"}]}
RESULT: {"script":"<script> [1562 bytes]","args":[{"selector":{"controlType":"sap.ui.core.Icon","viewName":"etm.portal.ui.managecontracts.view.Master","properties":{"src":{"regex":{"source":"slim\\-arrow\\-right"}}}},"wdio_ui5_key":"etmportal.ui.managecontracts.view.Mastersap.ui.core.Icon{\"src\":{\"regex\":{\"source\":\"slim\\\\-arrow\\\\-right\"}}}"}]}
RESULT: undefined
COMMAND: POST /session/4aedcc6e4741b2a879631080b602cb58/element - {"using":"xpath","value":"//*[@id=\"__item126-__clone6350-imgNav\"]"}
RESULT: {"using":"xpath","value":"//*[@id=\"__item126-__clone6350-imgNav\"]"}
COMMAND: POST /session/4aedcc6e4741b2a879631080b602cb58/element/f.0FDC85D955747547727011D182B9DC15.d.21BF3DBC2189CCB05B108C8AA418322E.e.8000/click - {}
RESULT: {}
COMMAND: POST /session/4aedcc6e4741b2a879631080b602cb58/execute/async - {"script":"<script> [1562 bytes]","args":[{"selector":{"controlType":"sap.m.ObjectStatus","viewName":"etm.portal.ui.managecontracts.view.Detail","bindingPath":{"propertyPath":"LINK_TO_LOGISTICAL_STATUS/DESCRIPTION","modelName":"catalogModel"}},"wdio_ui5_key":"etmportal.ui.managecontracts.view.Detailsap.m.ObjectStatus{\"propertyPath\":\"LINK_TO_LOGISTICAL_STATUS/DESCRIPTION\",\"modelName\":\"catalogModel\"}"}]}
COMMAND: GET /session/4aedcc6e4741b2a879631080b602cb58/screenshot - {}
RESULT: {"script":"<script> [1562 bytes]","args":[{"selector":{"controlType":"sap.m.ObjectStatus","viewName":"etm.portal.ui.managecontracts.view.Detail","bindingPath":{"propertyPath":"LINK_TO_LOGISTICAL_STATUS/DESCRIPTION","modelName":"catalogModel"}},"wdio_ui5_key":"etmportal.ui.managecontracts.view.Detailsap.m.ObjectStatus{\"propertyPath\":\"LINK_TO_LOGISTICAL_STATUS/DESCRIPTION\",\"modelName\":\"catalogModel\"}"}]}
RESULT: undefined
COMMAND: POST /session/4aedcc6e4741b2a879631080b602cb58/execute/async - {"script":"<script> [6424 bytes]","args":[{"element-6066-11e4-a52e-4f735466cecf":"f.0FDC85D955747547727011D182B9DC15.d.21BF3DBC2189CCB05B108C8AA418322E.e.8030"},"getText",[]]}
RESULT: {}
RESULT: {"script":"<script> [6424 bytes]","args":[{"element-6066-11e4-a52e-4f735466cecf":"f.0FDC85D955747547727011D182B9DC15.d.21BF3DBC2189CCB05B108C8AA418322E.e.8030"},"getText",[]]}
]]></system-out>
    </testcase>
    <testcase classname="chrome.136_0_7103_93.windows.Standard_contract_close-reopen_US111278" name="Should reopen the contract" time="9.939">
      <system-out><![CDATA[
COMMAND: POST /session/4aedcc6e4741b2a879631080b602cb58/execute/async - {"script":"<script> [1562 bytes]","args":[{"selector":{"id":"openContractBtn","viewName":"etm.portal.ui.managecontracts.view.Detail"},"wdio_ui5_key":"openContractBtnetmportal.ui.managecontracts.view.Detail"}]}
RESULT: {"script":"<script> [1562 bytes]","args":[{"selector":{"id":"openContractBtn","viewName":"etm.portal.ui.managecontracts.view.Detail"},"wdio_ui5_key":"openContractBtnetmportal.ui.managecontracts.view.Detail"}]}
RESULT: undefined
COMMAND: POST /session/4aedcc6e4741b2a879631080b602cb58/execute/async - {"script":"<script> [6424 bytes]","args":[{"element-6066-11e4-a52e-4f735466cecf":"f.0FDC85D955747547727011D182B9DC15.d.21BF3DBC2189CCB05B108C8AA418322E.e.8019"},"getEnabled",[]]}
RESULT: {"script":"<script> [6424 bytes]","args":[{"element-6066-11e4-a52e-4f735466cecf":"f.0FDC85D955747547727011D182B9DC15.d.21BF3DBC2189CCB05B108C8AA418322E.e.8019"},"getEnabled",[]]}
COMMAND: POST /session/4aedcc6e4741b2a879631080b602cb58/element - {"using":"xpath","value":"//bdi[contains(text(), \"Edit\")]"}
RESULT: {"using":"xpath","value":"//bdi[contains(text(), \"Edit\")]"}
COMMAND: POST /session/4aedcc6e4741b2a879631080b602cb58/element - {"using":"xpath","value":"//bdi[contains(text(), \"Edit\")]"}
RESULT: undefined
COMMAND: POST /session/4aedcc6e4741b2a879631080b602cb58/element - {"using":"xpath","value":"//*[@id=\"__xmlview64--openContractBtn\"]"}
RESULT: {"using":"xpath","value":"//bdi[contains(text(), \"Edit\")]"}
RESULT: {"using":"xpath","value":"//*[@id=\"__xmlview64--openContractBtn\"]"}
COMMAND: POST /session/4aedcc6e4741b2a879631080b602cb58/element/f.0FDC85D955747547727011D182B9DC15.d.21BF3DBC2189CCB05B108C8AA418322E.e.8019/click - {}
RESULT: {}
COMMAND: POST /session/4aedcc6e4741b2a879631080b602cb58/execute/async - {"script":"<script> [1562 bytes]","args":[{"selector":{"controlType":"sap.m.Text","properties":{"text":"Contract has been reopened successfully"},"searchOpenDialogs":true},"wdio_ui5_key":"sapm.Text{\"text\":\"Contract has been reopened successfully\"}"}]}
COMMAND: GET /session/4aedcc6e4741b2a879631080b602cb58/screenshot - {}
RESULT: {"script":"<script> [1562 bytes]","args":[{"selector":{"controlType":"sap.m.Text","properties":{"text":"Contract has been reopened successfully"},"searchOpenDialogs":true},"wdio_ui5_key":"sapm.Text{\"text\":\"Contract has been reopened successfully\"}"}]}
RESULT: undefined
COMMAND: POST /session/4aedcc6e4741b2a879631080b602cb58/execute/async - {"script":"<script> [6424 bytes]","args":[{"element-6066-11e4-a52e-4f735466cecf":"f.0FDC85D955747547727011D182B9DC15.d.21BF3DBC2189CCB05B108C8AA418322E.e.8033"},"getText",[]]}
RESULT: {}
RESULT: {"script":"<script> [6424 bytes]","args":[{"element-6066-11e4-a52e-4f735466cecf":"f.0FDC85D955747547727011D182B9DC15.d.21BF3DBC2189CCB05B108C8AA418322E.e.8033"},"getText",[]]}
COMMAND: POST /session/4aedcc6e4741b2a879631080b602cb58/element - {"using":"xpath","value":"//bdi[contains(text(), \"OK\")]"}
RESULT: {"using":"xpath","value":"//bdi[contains(text(), \"OK\")]"}
COMMAND: POST /session/4aedcc6e4741b2a879631080b602cb58/element/f.0FDC85D955747547727011D182B9DC15.d.21BF3DBC2189CCB05B108C8AA418322E.e.8034/click - {}
RESULT: {}
COMMAND: GET /session/4aedcc6e4741b2a879631080b602cb58/screenshot - {}
RESULT: {}
COMMAND: POST /session/4aedcc6e4741b2a879631080b602cb58/element - {"using":"xpath","value":"//bdi[contains(text(), \"Edit\")]"}
RESULT: undefined
COMMAND: POST /session/4aedcc6e4741b2a879631080b602cb58/execute/async - {"script":"<script> [6424 bytes]","args":[{"element-6066-11e4-a52e-4f735466cecf":"f.0FDC85D955747547727011D182B9DC15.d.21BF3DBC2189CCB05B108C8AA418322E.e.7726"},"getEnabled",[]]}
RESULT: {"using":"xpath","value":"//bdi[contains(text(), \"Edit\")]"}
COMMAND: POST /session/4aedcc6e4741b2a879631080b602cb58/execute/sync - {"script":"<script> [8489 bytes]","args":[{"element-6066-11e4-a52e-4f735466cecf":"f.0FDC85D955747547727011D182B9DC15.d.21BF3DBC2189CCB05B108C8AA418322E.e.8035","ELEMENT":"f.0FDC85D955747547727011D182B9DC15.d.21BF3DBC2189CCB05B108C8AA418322E.e.8035"}]}
COMMAND: POST /session/4aedcc6e4741b2a879631080b602cb58/execute/async - {"script":"<script> [1562 bytes]","args":[{"selector":{"id":"closeContractBtn","viewName":"etm.portal.ui.managecontracts.view.Detail"},"wdio_ui5_key":"closeContractBtnetmportal.ui.managecontracts.view.Detail"}]}
RESULT: {"script":"<script> [8489 bytes]","args":[{"element-6066-11e4-a52e-4f735466cecf":"f.0FDC85D955747547727011D182B9DC15.d.21BF3DBC2189CCB05B108C8AA418322E.e.8035","ELEMENT":"f.0FDC85D955747547727011D182B9DC15.d.21BF3DBC2189CCB05B108C8AA418322E.e.8035"}]}
COMMAND: GET /session/4aedcc6e4741b2a879631080b602cb58/screenshot - {}
RESULT: {"script":"<script> [1562 bytes]","args":[{"selector":{"id":"closeContractBtn","viewName":"etm.portal.ui.managecontracts.view.Detail"},"wdio_ui5_key":"closeContractBtnetmportal.ui.managecontracts.view.Detail"}]}
COMMAND: POST /session/4aedcc6e4741b2a879631080b602cb58/execute/async - {"script":"<script> [6424 bytes]","args":[{"element-6066-11e4-a52e-4f735466cecf":"f.0FDC85D955747547727011D182B9DC15.d.21BF3DBC2189CCB05B108C8AA418322E.e.8036"},"getEnabled",[]]}
RESULT: {}
RESULT: {"script":"<script> [6424 bytes]","args":[{"element-6066-11e4-a52e-4f735466cecf":"f.0FDC85D955747547727011D182B9DC15.d.21BF3DBC2189CCB05B108C8AA418322E.e.8036"},"getEnabled",[]]}
]]></system-out>
    </testcase>
    <testcase classname="chrome.136_0_7103_93.windows.Standard_contract_close-reopen_US111278" name="Should verify for multiple statuses that open button is not visible" time="69.996">
      <system-out><![CDATA[
COMMAND: POST /session/4aedcc6e4741b2a879631080b602cb58/execute/async - {"script":"<script> [1562 bytes]","args":[{"selector":{"controlType":"sap.ui.core.Icon","viewName":"etm.portal.ui.managecontracts.view.Detail","properties":{"src":{"regex":{"source":"decline"}}}},"wdio_ui5_key":"etmportal.ui.managecontracts.view.Detailsap.ui.core.Icon{\"src\":{\"regex\":{\"source\":\"decline\"}}}"}]}
RESULT: {"script":"<script> [1562 bytes]","args":[{"selector":{"controlType":"sap.ui.core.Icon","viewName":"etm.portal.ui.managecontracts.view.Detail","properties":{"src":{"regex":{"source":"decline"}}}},"wdio_ui5_key":"etmportal.ui.managecontracts.view.Detailsap.ui.core.Icon{\"src\":{\"regex\":{\"source\":\"decline\"}}}"}]}
RESULT: undefined
COMMAND: POST /session/4aedcc6e4741b2a879631080b602cb58/element - {"using":"xpath","value":"//*[@id=\"__xmlview64--closeColumnBtn-img\"]"}
RESULT: {"using":"xpath","value":"//*[@id=\"__xmlview64--closeColumnBtn-img\"]"}
COMMAND: POST /session/4aedcc6e4741b2a879631080b602cb58/element/f.0FDC85D955747547727011D182B9DC15.d.21BF3DBC2189CCB05B108C8AA418322E.e.8017/click - {}
RESULT: {}
COMMAND: GET /session/4aedcc6e4741b2a879631080b602cb58/screenshot - {}
COMMAND: POST /session/4aedcc6e4741b2a879631080b602cb58/element - {"using":"xpath","value":"//div[contains(@id ,\"smartContractFilterBar-btnBasicSearch-reset\")]"}
RESULT: {}
RESULT: {"using":"xpath","value":"//div[contains(@id ,\"smartContractFilterBar-btnBasicSearch-reset\")]"}
COMMAND: POST /session/4aedcc6e4741b2a879631080b602cb58/element/f.0FDC85D955747547727011D182B9DC15.d.21BF3DBC2189CCB05B108C8AA418322E.e.8018/click - {}
RESULT: {}
COMMAND: GET /session/4aedcc6e4741b2a879631080b602cb58/screenshot - {}
COMMAND: POST /session/4aedcc6e4741b2a879631080b602cb58/execute/async - {"script":"<script> [1562 bytes]","args":[{"selector":{"controlType":"sap.ui.core.Icon","viewName":"etm.portal.ui.managecontracts.view.Master","properties":{"src":{"regex":{"source":"slim\\-arrow\\-down"}}},"ancestor":{"id":"smartContractStatusFilter","viewName":"etm.portal.ui.managecontracts.view.Master"}},"wdio_ui5_key":"etmportal.ui.managecontracts.view.Mastersap.ui.core.Icon{\"src\":{\"regex\":{\"source\":\"slim\\\\-arrow\\\\-down\"}}}{\"id\":\"smartContractStatusFilter\",\"viewName\":\"etm.portal.ui.managecontracts.view.Master\"}"}]}
RESULT: {}
RESULT: {"script":"<script> [1562 bytes]","args":[{"selector":{"controlType":"sap.ui.core.Icon","viewName":"etm.portal.ui.managecontracts.view.Master","properties":{"src":{"regex":{"source":"slim\\-arrow\\-down"}}},"ancestor":{"id":"smartContractStatusFilter","viewName":"etm.portal.ui.managecontracts.view.Master"}},"wdio_ui5_key":"etmportal.ui.managecontracts.view.Mastersap.ui.core.Icon{\"src\":{\"regex\":{\"source\":\"slim\\\\-arrow\\\\-down\"}}}{\"id\":\"smartContractStatusFilter\",\"viewName\":\"etm.portal.ui.managecontracts.view.Master\"}"}]}
RESULT: undefined
COMMAND: POST /session/4aedcc6e4741b2a879631080b602cb58/element - {"using":"xpath","value":"//*[@id=\"__xmlview63--smartContractStatusFilter-arrow\"]"}
RESULT: {"using":"xpath","value":"//*[@id=\"__xmlview63--smartContractStatusFilter-arrow\"]"}
COMMAND: POST /session/4aedcc6e4741b2a879631080b602cb58/element/f.0FDC85D955747547727011D182B9DC15.d.21BF3DBC2189CCB05B108C8AA418322E.e.8080/click - {}
RESULT: {}
COMMAND: POST /session/4aedcc6e4741b2a879631080b602cb58/execute/async - {"script":"<script> [1562 bytes]","args":[{"selector":{"controlType":"sap.m.CheckBox","viewName":"etm.portal.ui.managecontracts.view.Master","properties":{"editable":true},"searchOpenDialogs":true,"ancestor":{"controlType":"sap.m.StandardListItem","viewName":"etm.portal.ui.managecontracts.view.Master","properties":{"title":"partial provided"},"searchOpenDialogs":true},"interaction":{"idSuffix":"CbBg"}},"wdio_ui5_key":"etmportal.ui.managecontracts.view.Mastersap.m.CheckBox{\"editable\":true}{\"controlType\":\"sap.m.StandardListItem\",\"viewName\":\"etm.portal.ui.managecontracts.view.Master\",\"properties\":{\"title\":\"partial provided\"},\"searchOpenDialogs\":true}"}]}
COMMAND: GET /session/4aedcc6e4741b2a879631080b602cb58/screenshot - {}
RESULT: {"script":"<script> [1562 bytes]","args":[{"selector":{"controlType":"sap.m.CheckBox","viewName":"etm.portal.ui.managecontracts.view.Master","properties":{"editable":true},"searchOpenDialogs":true,"ancestor":{"controlType":"sap.m.StandardListItem","viewName":"etm.portal.ui.managecontracts.view.Master","properties":{"title":"partial provided"},"searchOpenDialogs":true},"interaction":{"idSuffix":"CbBg"}},"wdio_ui5_key":"etmportal.ui.managecontracts.view.Mastersap.m.CheckBox{\"editable\":true}{\"controlType\":\"sap.m.StandardListItem\",\"viewName\":\"etm.portal.ui.managecontracts.view.Master\",\"properties\":{\"title\":\"partial provided\"},\"searchOpenDialogs\":true}"}]}
RESULT: undefined
COMMAND: POST /session/4aedcc6e4741b2a879631080b602cb58/element - {"using":"xpath","value":"//*[@id=\"__item2218-selectMulti\"]"}
RESULT: {}
RESULT: {"using":"xpath","value":"//*[@id=\"__item2218-selectMulti\"]"}
COMMAND: POST /session/4aedcc6e4741b2a879631080b602cb58/element/f.0FDC85D955747547727011D182B9DC15.d.21BF3DBC2189CCB05B108C8AA418322E.e.8090/click - {}
RESULT: {}
COMMAND: GET /session/4aedcc6e4741b2a879631080b602cb58/screenshot - {}
RESULT: {}
COMMAND: POST /session/4aedcc6e4741b2a879631080b602cb58/element - {"using":"xpath","value":"(//span[contains(@title ,\"Navigation\")])[2]"}
RESULT: {"using":"xpath","value":"(//span[contains(@title ,\"Navigation\")])[2]"}
COMMAND: POST /session/4aedcc6e4741b2a879631080b602cb58/element/f.0FDC85D955747547727011D182B9DC15.d.21BF3DBC2189CCB05B108C8AA418322E.e.8119/click - {}
RESULT: {}
COMMAND: GET /session/4aedcc6e4741b2a879631080b602cb58/screenshot - {}
RESULT: {}
COMMAND: POST /session/4aedcc6e4741b2a879631080b602cb58/element - {"using":"xpath","value":"//bdi[contains(@id ,\"closeContractBtn-BDI-content\")]"}
RESULT: {"using":"xpath","value":"//bdi[contains(@id ,\"closeContractBtn-BDI-content\")]"}
COMMAND: POST /session/4aedcc6e4741b2a879631080b602cb58/execute/sync - {"script":"<script> [8489 bytes]","args":[{"element-6066-11e4-a52e-4f735466cecf":"f.0FDC85D955747547727011D182B9DC15.d.21BF3DBC2189CCB05B108C8AA418322E.e.8302","ELEMENT":"f.0FDC85D955747547727011D182B9DC15.d.21BF3DBC2189CCB05B108C8AA418322E.e.8302"}]}
RESULT: undefined
COMMAND: POST /session/4aedcc6e4741b2a879631080b602cb58/element - {"using":"xpath","value":"//*[@id=\"__xmlview64--closeColumnBtn-img\"]"}
RESULT: {"using":"xpath","value":"//*[@id=\"__xmlview64--closeColumnBtn-img\"]"}
COMMAND: POST /session/4aedcc6e4741b2a879631080b602cb58/element/f.0FDC85D955747547727011D182B9DC15.d.21BF3DBC2189CCB05B108C8AA418322E.e.8017/click - {}
RESULT: {"script":"<script> [8489 bytes]","args":[{"element-6066-11e4-a52e-4f735466cecf":"f.0FDC85D955747547727011D182B9DC15.d.21BF3DBC2189CCB05B108C8AA418322E.e.8302","ELEMENT":"f.0FDC85D955747547727011D182B9DC15.d.21BF3DBC2189CCB05B108C8AA418322E.e.8302"}]}
COMMAND: GET /session/4aedcc6e4741b2a879631080b602cb58/screenshot - {}
RESULT: {}
COMMAND: GET /session/4aedcc6e4741b2a879631080b602cb58/screenshot - {}
COMMAND: POST /session/4aedcc6e4741b2a879631080b602cb58/execute/sync - {"script":"<script> [8489 bytes]","args":[{"element-6066-11e4-a52e-4f735466cecf":"f.0FDC85D955747547727011D182B9DC15.d.21BF3DBC2189CCB05B108C8AA418322E.e.8302","ELEMENT":"f.0FDC85D955747547727011D182B9DC15.d.21BF3DBC2189CCB05B108C8AA418322E.e.8302"}]}
COMMAND: POST /session/4aedcc6e4741b2a879631080b602cb58/refresh - {}
RESULT: {}
RESULT: {}
RESULT: {"script":"<script> [8489 bytes]","args":[{"element-6066-11e4-a52e-4f735466cecf":"f.0FDC85D955747547727011D182B9DC15.d.21BF3DBC2189CCB05B108C8AA418322E.e.8302","ELEMENT":"f.0FDC85D955747547727011D182B9DC15.d.21BF3DBC2189CCB05B108C8AA418322E.e.8302"}]}
COMMAND: GET /session/4aedcc6e4741b2a879631080b602cb58/screenshot - {}
RESULT: {}
COMMAND: GET /session/4aedcc6e4741b2a879631080b602cb58/screenshot - {}
RESULT: {}
RESULT: {}
COMMAND: POST /session/4aedcc6e4741b2a879631080b602cb58/execute/async - {"script":"<script> [189 bytes]","args":[]}
RESULT: {"script":"<script> [189 bytes]","args":[]}
COMMAND: POST /session/4aedcc6e4741b2a879631080b602cb58/execute/async - {"script":"<script> [123 bytes]","args":[]}
RESULT: {"script":"<script> [123 bytes]","args":[]}
COMMAND: POST /session/4aedcc6e4741b2a879631080b602cb58/timeouts - {"script":"<number>"}
RESULT: {"script":"<number>"}
COMMAND: GET /session/4aedcc6e4741b2a879631080b602cb58/timeouts - {}
RESULT: {}
RESULT: undefined
COMMAND: POST /session/4aedcc6e4741b2a879631080b602cb58/execute/async - {"script":"<script> [2676 bytes]","args":[]}
RESULT: {"script":"<script> [2676 bytes]","args":[]}
COMMAND: POST /session/4aedcc6e4741b2a879631080b602cb58/execute/async - {"script":"<script> [2342 bytes]","args":[{"protocol":"http","hostname":"0.0.0.0","path":"/","capabilities":{"browserName":"chrome","goog:chromeOptions":{"binary":"C:\\Program Files\\Google\\Chrome\\Application\\chrome.exe","args":["--start-maximized"]}},"logLevel":"warn","connectionRetryTimeout":120000,"connectionRetryCount":3,"logLevels":{},"enableDirectConnect":true,"strictSSL":true,"_":"65 more keys: [\"cacheDir\",\"port\",\"requestedCapabilities\",\"automationProtocol\",\"baseUrl\",\"waitforInterval\",\"waitforTimeout\",\"onReload\",\"beforeCommand\",\"afterCommand\",\"rootDir\",\"specs\",\"suites\",\"exclude\",\"groupLogsByTestSpec\",\"excludeDriverLogs\",\"bail\",\"framework\",\"reporters\",\"services\",\"maxInstances\",\"maxInstancesPerCapability\",\"injectGlobals\",\"filesToWatch\",\"execArgv\",\"runnerEnv\",\"runner\",\"shard\",\"specFileRetries\",\"specFileRetriesDelay\",\"specFileRetriesDeferred\",\"reporterSyncInterval\",\"reporterSyncTimeout\",\"cucumberFeaturesWithLineNumbers\",\"autoCompileOpts\",\"mochaOpts\",\"jasmineOpts\",\"cucumberOpts\",\"onPrepare\",\"onWorkerStart\",\"onWorkerEnd\",\"before\",\"beforeSession\",\"beforeSuite\",\"beforeHook\",\"beforeTest\",\"afterTest\",\"afterHook\",\"afterSuite\",\"afterSession\",\"after\",\"onComplete\",\"beforeAssertion\",\"afterAssertion\",\"beforeFeature\",\"beforeScenario\",\"beforeStep\",\"afterStep\",\"afterScenario\",\"afterFeature\",\"_\",\"suite\",\"$0\",\"ignoredWorkerServices\",\"wdi5\"]"}]}
RESULT: {"script":"<script> [2342 bytes]","args":[{"protocol":"http","hostname":"0.0.0.0","path":"/","capabilities":{"browserName":"chrome","goog:chromeOptions":{"binary":"C:\\Program Files\\Google\\Chrome\\Application\\chrome.exe","args":["--start-maximized"]}},"logLevel":"warn","connectionRetryTimeout":120000,"connectionRetryCount":3,"logLevels":{},"enableDirectConnect":true,"strictSSL":true,"_":"65 more keys: [\"cacheDir\",\"port\",\"requestedCapabilities\",\"automationProtocol\",\"baseUrl\",\"waitforInterval\",\"waitforTimeout\",\"onReload\",\"beforeCommand\",\"afterCommand\",\"rootDir\",\"specs\",\"suites\",\"exclude\",\"groupLogsByTestSpec\",\"excludeDriverLogs\",\"bail\",\"framework\",\"reporters\",\"services\",\"maxInstances\",\"maxInstancesPerCapability\",\"injectGlobals\",\"filesToWatch\",\"execArgv\",\"runnerEnv\",\"runner\",\"shard\",\"specFileRetries\",\"specFileRetriesDelay\",\"specFileRetriesDeferred\",\"reporterSyncInterval\",\"reporterSyncTimeout\",\"cucumberFeaturesWithLineNumbers\",\"autoCompileOpts\",\"mochaOpts\",\"jasmineOpts\",\"cucumberOpts\",\"onPrepare\",\"onWorkerStart\",\"onWorkerEnd\",\"before\",\"beforeSession\",\"beforeSuite\",\"beforeHook\",\"beforeTest\",\"afterTest\",\"afterHook\",\"afterSuite\",\"afterSession\",\"after\",\"onComplete\",\"beforeAssertion\",\"afterAssertion\",\"beforeFeature\",\"beforeScenario\",\"beforeStep\",\"afterStep\",\"afterScenario\",\"afterFeature\",\"_\",\"suite\",\"$0\",\"ignoredWorkerServices\",\"wdi5\"]"}]}
COMMAND: POST /session/4aedcc6e4741b2a879631080b602cb58/execute/async - {"script":"<script> [21126 bytes]","args":[35000]}
RESULT: {"script":"<script> [21126 bytes]","args":[35000]}
COMMAND: POST /session/4aedcc6e4741b2a879631080b602cb58/execute/async - {"script":"<script> [1562 bytes]","args":[{"selector":{"controlType":"sap.ui.core.Icon","viewName":"etm.portal.ui.managecontracts.view.Master","properties":{"src":{"regex":{"source":"slim\\-arrow\\-down"}}},"ancestor":{"id":"smartContractStatusFilter","viewName":"etm.portal.ui.managecontracts.view.Master"}},"wdio_ui5_key":"etmportal.ui.managecontracts.view.Mastersap.ui.core.Icon{\"src\":{\"regex\":{\"source\":\"slim\\\\-arrow\\\\-down\"}}}{\"id\":\"smartContractStatusFilter\",\"viewName\":\"etm.portal.ui.managecontracts.view.Master\"}"}]}
RESULT: {"script":"<script> [1562 bytes]","args":[{"selector":{"controlType":"sap.ui.core.Icon","viewName":"etm.portal.ui.managecontracts.view.Master","properties":{"src":{"regex":{"source":"slim\\-arrow\\-down"}}},"ancestor":{"id":"smartContractStatusFilter","viewName":"etm.portal.ui.managecontracts.view.Master"}},"wdio_ui5_key":"etmportal.ui.managecontracts.view.Mastersap.ui.core.Icon{\"src\":{\"regex\":{\"source\":\"slim\\\\-arrow\\\\-down\"}}}{\"id\":\"smartContractStatusFilter\",\"viewName\":\"etm.portal.ui.managecontracts.view.Master\"}"}]}
RESULT: undefined
COMMAND: POST /session/4aedcc6e4741b2a879631080b602cb58/element - {"using":"xpath","value":"//*[@id=\"__xmlview0--smartContractStatusFilter-arrow\"]"}
RESULT: {"using":"xpath","value":"//*[@id=\"__xmlview0--smartContractStatusFilter-arrow\"]"}
COMMAND: POST /session/4aedcc6e4741b2a879631080b602cb58/element/f.0FDC85D955747547727011D182B9DC15.d.53DEC87E16262A3587748E6686EB42EC.e.8491/click - {}
RESULT: {}
COMMAND: GET /session/4aedcc6e4741b2a879631080b602cb58/screenshot - {}
RESULT: {}
COMMAND: POST /session/4aedcc6e4741b2a879631080b602cb58/execute/async - {"script":"<script> [1562 bytes]","args":[{"selector":{"controlType":"sap.m.CheckBox","viewName":"etm.portal.ui.managecontracts.view.Master","properties":{"editable":true},"searchOpenDialogs":true,"ancestor":{"controlType":"sap.m.StandardListItem","viewName":"etm.portal.ui.managecontracts.view.Master","properties":{"title":"partial billed"},"searchOpenDialogs":true},"interaction":{"idSuffix":"CbBg"}},"wdio_ui5_key":"etmportal.ui.managecontracts.view.Mastersap.m.CheckBox{\"editable\":true}{\"controlType\":\"sap.m.StandardListItem\",\"viewName\":\"etm.portal.ui.managecontracts.view.Master\",\"properties\":{\"title\":\"partial billed\"},\"searchOpenDialogs\":true}"}]}
RESULT: {"script":"<script> [1562 bytes]","args":[{"selector":{"controlType":"sap.m.CheckBox","viewName":"etm.portal.ui.managecontracts.view.Master","properties":{"editable":true},"searchOpenDialogs":true,"ancestor":{"controlType":"sap.m.StandardListItem","viewName":"etm.portal.ui.managecontracts.view.Master","properties":{"title":"partial billed"},"searchOpenDialogs":true},"interaction":{"idSuffix":"CbBg"}},"wdio_ui5_key":"etmportal.ui.managecontracts.view.Mastersap.m.CheckBox{\"editable\":true}{\"controlType\":\"sap.m.StandardListItem\",\"viewName\":\"etm.portal.ui.managecontracts.view.Master\",\"properties\":{\"title\":\"partial billed\"},\"searchOpenDialogs\":true}"}]}
RESULT: undefined
COMMAND: POST /session/4aedcc6e4741b2a879631080b602cb58/element - {"using":"xpath","value":"//*[@id=\"__item41-selectMulti\"]"}
RESULT: {"using":"xpath","value":"//*[@id=\"__item41-selectMulti\"]"}
COMMAND: POST /session/4aedcc6e4741b2a879631080b602cb58/element/f.0FDC85D955747547727011D182B9DC15.d.53DEC87E16262A3587748E6686EB42EC.e.8500/click - {}
RESULT: {}
COMMAND: GET /session/4aedcc6e4741b2a879631080b602cb58/screenshot - {}
RESULT: {}
COMMAND: POST /session/4aedcc6e4741b2a879631080b602cb58/element - {"using":"xpath","value":"(//span[contains(@title ,\"Navigation\")])[2]"}
RESULT: {"using":"xpath","value":"(//span[contains(@title ,\"Navigation\")])[2]"}
COMMAND: POST /session/4aedcc6e4741b2a879631080b602cb58/element/f.0FDC85D955747547727011D182B9DC15.d.53DEC87E16262A3587748E6686EB42EC.e.8535/click - {}
RESULT: {}
COMMAND: GET /session/4aedcc6e4741b2a879631080b602cb58/screenshot - {}
RESULT: {}
COMMAND: POST /session/4aedcc6e4741b2a879631080b602cb58/execute/sync - {"script":"<script> [8489 bytes]","args":[{"element-6066-11e4-a52e-4f735466cecf":"f.0FDC85D955747547727011D182B9DC15.d.21BF3DBC2189CCB05B108C8AA418322E.e.8302","ELEMENT":"f.0FDC85D955747547727011D182B9DC15.d.21BF3DBC2189CCB05B108C8AA418322E.e.8302"}]}
COMMAND: POST /session/4aedcc6e4741b2a879631080b602cb58/element - {"using":"css selector","value":"#shell-header-logo"}
COMMAND: POST /session/4aedcc6e4741b2a879631080b602cb58/element - {"using":"xpath","value":"//bdi[contains(@id ,\"closeContractBtn-BDI-content\")]"}
RESULT: {"using":"css selector","value":"#shell-header-logo"}
COMMAND: POST /session/4aedcc6e4741b2a879631080b602cb58/element/f.0FDC85D955747547727011D182B9DC15.d.53DEC87E16262A3587748E6686EB42EC.e.8426/click - {}
RESULT: {"using":"xpath","value":"//bdi[contains(@id ,\"closeContractBtn-BDI-content\")]"}
COMMAND: POST /session/4aedcc6e4741b2a879631080b602cb58/element - {"using":"xpath","value":"//bdi[contains(@id ,\"closeContractBtn-BDI-content\")]"}
RESULT: {}
COMMAND: GET /session/4aedcc6e4741b2a879631080b602cb58/screenshot - {}
RESULT: {"using":"xpath","value":"//bdi[contains(@id ,\"closeContractBtn-BDI-content\")]"}
RESULT: {}
]]></system-out>
    </testcase>
  </testsuite>
  <testsuite timestamp="2025-05-20T18:12:13" time="55.126" tests="1" failures="0" errors="0" skipped="0">
    <properties>
      <property name="specId" value="0" />
      <property name="suiteName" value="Standard contract decline US151279" />
      <property name="capabilities" value="chrome.136_0_7103_93.windows" />
      <property name="file" value="file:///D:/a/1/s/test/specs/R2C/standard-contract-decline.spec.js" />
    </properties>
    <testcase classname="chrome.136_0_7103_93.windows.Standard_contract_decline_US151279" name="Should decline a contract" time="51.863">
      <system-out><![CDATA[
COMMAND: POST /session/4aedcc6e4741b2a879631080b602cb58/execute/async - {"script":"<script> [1562 bytes]","args":[{"selector":{"controlType":"sap.m.GenericTile","properties":{"header":"Manage Contracts"}},"wdio_ui5_key":"sapm.GenericTile{\"header\":\"Manage Contracts\"}"}]}
RESULT: {"script":"<script> [1562 bytes]","args":[{"selector":{"controlType":"sap.m.GenericTile","properties":{"header":"Manage Contracts"}},"wdio_ui5_key":"sapm.GenericTile{\"header\":\"Manage Contracts\"}"}]}
RESULT: undefined
COMMAND: POST /session/4aedcc6e4741b2a879631080b602cb58/element - {"using":"xpath","value":"//*[@id=\"__tile132\"]"}
RESULT: {"using":"xpath","value":"//*[@id=\"__tile132\"]"}
COMMAND: POST /session/4aedcc6e4741b2a879631080b602cb58/element/f.0FDC85D955747547727011D182B9DC15.d.53DEC87E16262A3587748E6686EB42EC.e.8905/click - {}
RESULT: {}
COMMAND: GET /session/4aedcc6e4741b2a879631080b602cb58/screenshot - {}
RESULT: {}
COMMAND: POST /session/4aedcc6e4741b2a879631080b602cb58/element - {"using":"xpath","value":"//input[contains(@id ,\"smartContractFilterBar-btnBasicSearch-I\")]"}
COMMAND: POST /session/4aedcc6e4741b2a879631080b602cb58/elements - {"using":"xpath","value":"//span[text()='Error']"}
RESULT: {"using":"xpath","value":"//input[contains(@id ,\"smartContractFilterBar-btnBasicSearch-I\")]"}
COMMAND: POST /session/4aedcc6e4741b2a879631080b602cb58/element/f.0FDC85D955747547727011D182B9DC15.d.53DEC87E16262A3587748E6686EB42EC.e.8911/clear - {}
RESULT: {"using":"xpath","value":"//span[text()='Error']"}
RESULT: {}
COMMAND: POST /session/4aedcc6e4741b2a879631080b602cb58/element/f.0FDC85D955747547727011D182B9DC15.d.53DEC87E16262A3587748E6686EB42EC.e.8911/value - {"text":"10442"}
COMMAND: GET /session/4aedcc6e4741b2a879631080b602cb58/screenshot - {}
RESULT: {"text":"10442"}
COMMAND: POST /session/4aedcc6e4741b2a879631080b602cb58/actions - {"actions":[{"id":"action43","type":"key","parameters":{},"actions":[{"type":"keyDown","value":"î€‡"},{"type":"pause","duration":10},{"type":"keyUp","value":"î€‡"}]}]}
COMMAND: GET /session/4aedcc6e4741b2a879631080b602cb58/screenshot - {}
RESULT: {}
RESULT: {"actions":[{"id":"action43","type":"key","parameters":{},"actions":[{"type":"keyDown","value":"î€‡"},{"type":"pause","duration":10},{"type":"keyUp","value":"î€‡"}]}]}
COMMAND: GET /session/4aedcc6e4741b2a879631080b602cb58/screenshot - {}
RESULT: {}
RESULT: {}
COMMAND: POST /session/4aedcc6e4741b2a879631080b602cb58/execute/async - {"script":"<script> [1562 bytes]","args":[{"selector":{"controlType":"sap.ui.core.Icon","viewName":"etm.portal.ui.managecontracts.view.Master","properties":{"src":{"regex":{"source":"slim\\-arrow\\-right"}}}},"wdio_ui5_key":"etmportal.ui.managecontracts.view.Mastersap.ui.core.Icon{\"src\":{\"regex\":{\"source\":\"slim\\\\-arrow\\\\-right\"}}}"}]}
RESULT: {"script":"<script> [1562 bytes]","args":[{"selector":{"controlType":"sap.ui.core.Icon","viewName":"etm.portal.ui.managecontracts.view.Master","properties":{"src":{"regex":{"source":"slim\\-arrow\\-right"}}}},"wdio_ui5_key":"etmportal.ui.managecontracts.view.Mastersap.ui.core.Icon{\"src\":{\"regex\":{\"source\":\"slim\\\\-arrow\\\\-right\"}}}"}]}
RESULT: undefined
COMMAND: POST /session/4aedcc6e4741b2a879631080b602cb58/element - {"using":"xpath","value":"//*[@id=\"__item77-__clone222-imgNav\"]"}
RESULT: {"using":"xpath","value":"//*[@id=\"__item77-__clone222-imgNav\"]"}
COMMAND: POST /session/4aedcc6e4741b2a879631080b602cb58/element/f.0FDC85D955747547727011D182B9DC15.d.53DEC87E16262A3587748E6686EB42EC.e.9007/click - {}
RESULT: {}
COMMAND: GET /session/4aedcc6e4741b2a879631080b602cb58/screenshot - {}
RESULT: {}
COMMAND: POST /session/4aedcc6e4741b2a879631080b602cb58/execute/async - {"script":"<script> [1562 bytes]","args":[{"selector":{"id":"cancelContractBtn","viewName":"etm.portal.ui.managecontracts.view.Detail","interaction":{"idSuffix":"BDI-content"}},"wdio_ui5_key":"cancelContractBtnetmportal.ui.managecontracts.view.Detail"}]}
RESULT: {"script":"<script> [1562 bytes]","args":[{"selector":{"id":"cancelContractBtn","viewName":"etm.portal.ui.managecontracts.view.Detail","interaction":{"idSuffix":"BDI-content"}},"wdio_ui5_key":"cancelContractBtnetmportal.ui.managecontracts.view.Detail"}]}
RESULT: undefined
COMMAND: POST /session/4aedcc6e4741b2a879631080b602cb58/element - {"using":"xpath","value":"//*[@id=\"__xmlview61--cancelContractBtn\"]"}
RESULT: {"using":"xpath","value":"//*[@id=\"__xmlview61--cancelContractBtn\"]"}
COMMAND: POST /session/4aedcc6e4741b2a879631080b602cb58/element/f.0FDC85D955747547727011D182B9DC15.d.53DEC87E16262A3587748E6686EB42EC.e.9137/click - {}
RESULT: {}
COMMAND: GET /session/4aedcc6e4741b2a879631080b602cb58/screenshot - {}
RESULT: {}
COMMAND: POST /session/4aedcc6e4741b2a879631080b602cb58/execute/async - {"script":"<script> [1562 bytes]","args":[{"selector":{"controlType":"sap.m.Text","properties":{"text":"Do you want to cancel the whole contract?"},"searchOpenDialogs":true},"wdio_ui5_key":"sapm.Text{\"text\":\"Do you want to cancel the whole contract?\"}"}]}
RESULT: {"script":"<script> [1562 bytes]","args":[{"selector":{"controlType":"sap.m.Text","properties":{"text":"Do you want to cancel the whole contract?"},"searchOpenDialogs":true},"wdio_ui5_key":"sapm.Text{\"text\":\"Do you want to cancel the whole contract?\"}"}]}
RESULT: undefined
COMMAND: POST /session/4aedcc6e4741b2a879631080b602cb58/execute/async - {"script":"<script> [6424 bytes]","args":[{"element-6066-11e4-a52e-4f735466cecf":"f.0FDC85D955747547727011D182B9DC15.d.53DEC87E16262A3587748E6686EB42EC.e.9174"},"getText",[]]}
RESULT: {"script":"<script> [6424 bytes]","args":[{"element-6066-11e4-a52e-4f735466cecf":"f.0FDC85D955747547727011D182B9DC15.d.53DEC87E16262A3587748E6686EB42EC.e.9174"},"getText",[]]}
COMMAND: POST /session/4aedcc6e4741b2a879631080b602cb58/element - {"using":"xpath","value":"//bdi[contains(text(), \"OK\")]"}
RESULT: {"using":"xpath","value":"//bdi[contains(text(), \"OK\")]"}
COMMAND: POST /session/4aedcc6e4741b2a879631080b602cb58/element/f.0FDC85D955747547727011D182B9DC15.d.53DEC87E16262A3587748E6686EB42EC.e.9175/click - {}
RESULT: {}
COMMAND: GET /session/4aedcc6e4741b2a879631080b602cb58/screenshot - {}
RESULT: {}
COMMAND: POST /session/4aedcc6e4741b2a879631080b602cb58/element - {"using":"xpath","value":"//input[contains(@id ,\"smartContractFilterBar-btnBasicSearch-I\")]"}
RESULT: {"using":"xpath","value":"//input[contains(@id ,\"smartContractFilterBar-btnBasicSearch-I\")]"}
COMMAND: POST /session/4aedcc6e4741b2a879631080b602cb58/element/f.0FDC85D955747547727011D182B9DC15.d.53DEC87E16262A3587748E6686EB42EC.e.8911/clear - {}
RESULT: {}
COMMAND: POST /session/4aedcc6e4741b2a879631080b602cb58/element/f.0FDC85D955747547727011D182B9DC15.d.53DEC87E16262A3587748E6686EB42EC.e.8911/value - {"text":"10442"}
COMMAND: GET /session/4aedcc6e4741b2a879631080b602cb58/screenshot - {}
RESULT: {"text":"10442"}
COMMAND: POST /session/4aedcc6e4741b2a879631080b602cb58/actions - {"actions":[{"id":"action44","type":"key","parameters":{},"actions":[{"type":"keyDown","value":"î€‡"},{"type":"pause","duration":10},{"type":"keyUp","value":"î€‡"}]}]}
COMMAND: GET /session/4aedcc6e4741b2a879631080b602cb58/screenshot - {}
RESULT: {}
RESULT: {"actions":[{"id":"action44","type":"key","parameters":{},"actions":[{"type":"keyDown","value":"î€‡"},{"type":"pause","duration":10},{"type":"keyUp","value":"î€‡"}]}]}
COMMAND: GET /session/4aedcc6e4741b2a879631080b602cb58/screenshot - {}
RESULT: {}
RESULT: {}
COMMAND: POST /session/4aedcc6e4741b2a879631080b602cb58/execute/async - {"script":"<script> [1562 bytes]","args":[{"selector":{"controlType":"sap.m.ObjectStatus","viewName":"etm.portal.ui.managecontracts.view.Master","bindingPath":{"path":"/SmartContractHeaders('10442')","propertyPath":"STATUS_DESCRIPTION"}},"wdio_ui5_key":"etmportal.ui.managecontracts.view.Mastersap.m.ObjectStatus{\"path\":\"/SmartContractHeaders('10442')\",\"propertyPath\":\"STATUS_DESCRIPTION\"}"}]}
RESULT: {"script":"<script> [1562 bytes]","args":[{"selector":{"controlType":"sap.m.ObjectStatus","viewName":"etm.portal.ui.managecontracts.view.Master","bindingPath":{"path":"/SmartContractHeaders('10442')","propertyPath":"STATUS_DESCRIPTION"}},"wdio_ui5_key":"etmportal.ui.managecontracts.view.Mastersap.m.ObjectStatus{\"path\":\"/SmartContractHeaders('10442')\",\"propertyPath\":\"STATUS_DESCRIPTION\"}"}]}
RESULT: undefined
COMMAND: POST /session/4aedcc6e4741b2a879631080b602cb58/execute/async - {"script":"<script> [6424 bytes]","args":[{"element-6066-11e4-a52e-4f735466cecf":"f.0FDC85D955747547727011D182B9DC15.d.53DEC87E16262A3587748E6686EB42EC.e.9224"},"getText",[]]}
RESULT: {"script":"<script> [6424 bytes]","args":[{"element-6066-11e4-a52e-4f735466cecf":"f.0FDC85D955747547727011D182B9DC15.d.53DEC87E16262A3587748E6686EB42EC.e.9224"},"getText",[]]}
RESULT: undefined
COMMAND: POST /session/4aedcc6e4741b2a879631080b602cb58/element - {"using":"xpath","value":"//*[@id=\"__item77-__clone222-imgNav\"]"}
RESULT: {"using":"xpath","value":"//*[@id=\"__item77-__clone222-imgNav\"]"}
COMMAND: POST /session/4aedcc6e4741b2a879631080b602cb58/element/f.0FDC85D955747547727011D182B9DC15.d.53DEC87E16262A3587748E6686EB42EC.e.9007/click - {}
RESULT: {}
COMMAND: GET /session/4aedcc6e4741b2a879631080b602cb58/screenshot - {}
RESULT: {}
COMMAND: POST /session/4aedcc6e4741b2a879631080b602cb58/execute/async - {"script":"<script> [1562 bytes]","args":[{"selector":{"controlType":"sap.m.ObjectStatus","viewName":"etm.portal.ui.managecontracts.view.Detail","bindingPath":{"path":"/SmartContractItems(CONTRACT='10442',ITEM=10m,SUB_ITEM=0m)","propertyPath":"STATUS"}},"wdio_ui5_key":"etmportal.ui.managecontracts.view.Detailsap.m.ObjectStatus{\"path\":\"/SmartContractItems(CONTRACT='10442',ITEM=10m,SUB_ITEM=0m)\",\"propertyPath\":\"STATUS\"}"}]}
RESULT: {"script":"<script> [1562 bytes]","args":[{"selector":{"controlType":"sap.m.ObjectStatus","viewName":"etm.portal.ui.managecontracts.view.Detail","bindingPath":{"path":"/SmartContractItems(CONTRACT='10442',ITEM=10m,SUB_ITEM=0m)","propertyPath":"STATUS"}},"wdio_ui5_key":"etmportal.ui.managecontracts.view.Detailsap.m.ObjectStatus{\"path\":\"/SmartContractItems(CONTRACT='10442',ITEM=10m,SUB_ITEM=0m)\",\"propertyPath\":\"STATUS\"}"}]}
RESULT: undefined
COMMAND: POST /session/4aedcc6e4741b2a879631080b602cb58/execute/async - {"script":"<script> [6424 bytes]","args":[{"element-6066-11e4-a52e-4f735466cecf":"f.0FDC85D955747547727011D182B9DC15.d.53DEC87E16262A3587748E6686EB42EC.e.9252"},"getText",[]]}
RESULT: {"script":"<script> [6424 bytes]","args":[{"element-6066-11e4-a52e-4f735466cecf":"f.0FDC85D955747547727011D182B9DC15.d.53DEC87E16262A3587748E6686EB42EC.e.9252"},"getText",[]]}
COMMAND: POST /session/4aedcc6e4741b2a879631080b602cb58/element - {"using":"css selector","value":"#shell-header-logo"}
RESULT: {"using":"css selector","value":"#shell-header-logo"}
COMMAND: POST /session/4aedcc6e4741b2a879631080b602cb58/element/f.0FDC85D955747547727011D182B9DC15.d.53DEC87E16262A3587748E6686EB42EC.e.8907/click - {}
RESULT: {}
COMMAND: GET /session/4aedcc6e4741b2a879631080b602cb58/screenshot - {}
RESULT: {}
]]></system-out>
    </testcase>
  </testsuite>
  <testsuite timestamp="2025-05-20T18:13:09" time="177.464" tests="2" failures="0" errors="0" skipped="0">
    <properties>
      <property name="specId" value="0" />
      <property name="suiteName" value="Insert service into a contract US152956" />
      <property name="capabilities" value="chrome.136_0_7103_93.windows" />
      <property name="file" value="file:///D:/a/1/s/test/specs/R2C/insert-service-into-a-contract.spec.js" />
    </properties>
    <testcase classname="chrome.136_0_7103_93.windows.Insert_service_into_a_contract_US152956" name="Should create a new contract" time="95.164">
      <system-out><![CDATA[
RESULT: undefined
COMMAND: POST /session/4aedcc6e4741b2a879631080b602cb58/element - {"using":"xpath","value":"//*[@id=\"__tile132\"]"}
RESULT: {"using":"xpath","value":"//*[@id=\"__tile132\"]"}
COMMAND: POST /session/4aedcc6e4741b2a879631080b602cb58/element/f.0FDC85D955747547727011D182B9DC15.d.53DEC87E16262A3587748E6686EB42EC.e.8905/click - {}
RESULT: {}
COMMAND: GET /session/4aedcc6e4741b2a879631080b602cb58/screenshot - {}
RESULT: {}
COMMAND: POST /session/4aedcc6e4741b2a879631080b602cb58/elements - {"using":"xpath","value":"//span[text()='Error']"}
RESULT: {"using":"xpath","value":"//span[text()='Error']"}
COMMAND: POST /session/4aedcc6e4741b2a879631080b602cb58/element - {"using":"xpath","value":"//button[@data-kt=\"addButton\"]"}
RESULT: {"using":"xpath","value":"//button[@data-kt=\"addButton\"]"}
COMMAND: POST /session/4aedcc6e4741b2a879631080b602cb58/element/f.0FDC85D955747547727011D182B9DC15.d.53DEC87E16262A3587748E6686EB42EC.e.9305/click - {}
RESULT: {}
COMMAND: GET /session/4aedcc6e4741b2a879631080b602cb58/screenshot - {}
RESULT: {}
COMMAND: POST /session/4aedcc6e4741b2a879631080b602cb58/execute/async - {"script":"<script> [1562 bytes]","args":[{"selector":{"id":"application-managecontracts-display-component---AddNewContract--projectDescription","interaction":{"idSuffix":"inner"}},"wdio_ui5_key":"applicationmanagecontracts-display-component---AddNewContract--projectDescription"}]}
RESULT: {"script":"<script> [1562 bytes]","args":[{"selector":{"id":"application-managecontracts-display-component---AddNewContract--projectDescription","interaction":{"idSuffix":"inner"}},"wdio_ui5_key":"applicationmanagecontracts-display-component---AddNewContract--projectDescription"}]}
RESULT: undefined
COMMAND: POST /session/4aedcc6e4741b2a879631080b602cb58/execute/async - {"script":"<script> [776 bytes]","args":[{"enterText":"WdIOR2c5qo1a","selector":{"id":"application-managecontracts-display-component---AddNewContract--projectDescription","interaction":{"idSuffix":"inner"}},"clearTextFirst":true,"interactionType":"ENTER_TEXT"}]}
RESULT: {"script":"<script> [776 bytes]","args":[{"enterText":"WdIOR2c5qo1a","selector":{"id":"application-managecontracts-display-component---AddNewContract--projectDescription","interaction":{"idSuffix":"inner"}},"clearTextFirst":true,"interactionType":"ENTER_TEXT"}]}
COMMAND: POST /session/4aedcc6e4741b2a879631080b602cb58/element - {"using":"xpath","value":"//input[@id=\"application-managecontracts-display-component---AddNewContract--yardId-inner\"]"}
RESULT: {"using":"xpath","value":"//input[@id=\"application-managecontracts-display-component---AddNewContract--yardId-inner\"]"}
COMMAND: POST /session/4aedcc6e4741b2a879631080b602cb58/element/f.0FDC85D955747547727011D182B9DC15.d.53DEC87E16262A3587748E6686EB42EC.e.9611/clear - {}
RESULT: {}
COMMAND: POST /session/4aedcc6e4741b2a879631080b602cb58/element/f.0FDC85D955747547727011D182B9DC15.d.53DEC87E16262A3587748E6686EB42EC.e.9611/value - {"text":"WebdriverYard1joi9"}
COMMAND: GET /session/4aedcc6e4741b2a879631080b602cb58/screenshot - {}
RESULT: {"text":"WebdriverYard1joi9"}
COMMAND: GET /session/4aedcc6e4741b2a879631080b602cb58/screenshot - {}
RESULT: {}
RESULT: {}
COMMAND: POST /session/4aedcc6e4741b2a879631080b602cb58/actions - {"actions":[{"id":"action45","type":"key","parameters":{},"actions":[{"type":"keyDown","value":"î€‡"},{"type":"pause","duration":10},{"type":"keyUp","value":"î€‡"}]}]}
RESULT: {"actions":[{"id":"action45","type":"key","parameters":{},"actions":[{"type":"keyDown","value":"î€‡"},{"type":"pause","duration":10},{"type":"keyUp","value":"î€‡"}]}]}
COMMAND: GET /session/4aedcc6e4741b2a879631080b602cb58/screenshot - {}
RESULT: {}
COMMAND: POST /session/4aedcc6e4741b2a879631080b602cb58/element - {"using":"xpath","value":"//input[@id=\"application-managecontracts-display-component---AddNewContract--customerSelect-inner\"]"}
RESULT: {"using":"xpath","value":"//input[@id=\"application-managecontracts-display-component---AddNewContract--customerSelect-inner\"]"}
COMMAND: POST /session/4aedcc6e4741b2a879631080b602cb58/element/f.0FDC85D955747547727011D182B9DC15.d.53DEC87E16262A3587748E6686EB42EC.e.9609/clear - {}
RESULT: {}
COMMAND: POST /session/4aedcc6e4741b2a879631080b602cb58/element/f.0FDC85D955747547727011D182B9DC15.d.53DEC87E16262A3587748E6686EB42EC.e.9609/value - {"text":"WebdriverPartner8s0tvk"}
COMMAND: GET /session/4aedcc6e4741b2a879631080b602cb58/screenshot - {}
RESULT: {"text":"WebdriverPartner8s0tvk"}
COMMAND: GET /session/4aedcc6e4741b2a879631080b602cb58/screenshot - {}
RESULT: {}
RESULT: {}
COMMAND: POST /session/4aedcc6e4741b2a879631080b602cb58/actions - {"actions":[{"id":"action46","type":"key","parameters":{},"actions":[{"type":"keyDown","value":"î€‡"},{"type":"pause","duration":10},{"type":"keyUp","value":"î€‡"}]}]}
RESULT: {"actions":[{"id":"action46","type":"key","parameters":{},"actions":[{"type":"keyDown","value":"î€‡"},{"type":"pause","duration":10},{"type":"keyUp","value":"î€‡"}]}]}
COMMAND: GET /session/4aedcc6e4741b2a879631080b602cb58/screenshot - {}
RESULT: {}
COMMAND: POST /session/4aedcc6e4741b2a879631080b602cb58/element - {"using":"xpath","value":"//input[@id=\"application-managecontracts-display-component---AddNewContract--site-inner\"]"}
RESULT: {"using":"xpath","value":"//input[@id=\"application-managecontracts-display-component---AddNewContract--site-inner\"]"}
COMMAND: POST /session/4aedcc6e4741b2a879631080b602cb58/element/f.0FDC85D955747547727011D182B9DC15.d.53DEC87E16262A3587748E6686EB42EC.e.9610/clear - {}
RESULT: {}
COMMAND: POST /session/4aedcc6e4741b2a879631080b602cb58/element/f.0FDC85D955747547727011D182B9DC15.d.53DEC87E16262A3587748E6686EB42EC.e.9610/value - {"text":"WebdriverSitefcng9"}
COMMAND: GET /session/4aedcc6e4741b2a879631080b602cb58/screenshot - {}
RESULT: {"text":"WebdriverSitefcng9"}
COMMAND: GET /session/4aedcc6e4741b2a879631080b602cb58/screenshot - {}
RESULT: {}
RESULT: {}
COMMAND: POST /session/4aedcc6e4741b2a879631080b602cb58/actions - {"actions":[{"id":"action47","type":"key","parameters":{},"actions":[{"type":"keyDown","value":"î€‡"},{"type":"pause","duration":10},{"type":"keyUp","value":"î€‡"}]}]}
RESULT: {"actions":[{"id":"action47","type":"key","parameters":{},"actions":[{"type":"keyDown","value":"î€‡"},{"type":"pause","duration":10},{"type":"keyUp","value":"î€‡"}]}]}
COMMAND: GET /session/4aedcc6e4741b2a879631080b602cb58/screenshot - {}
RESULT: {}
COMMAND: POST /session/4aedcc6e4741b2a879631080b602cb58/element - {"using":"xpath","value":"//button[@data-kt=\"saveButton\"]"}
RESULT: {"using":"xpath","value":"//button[@data-kt=\"saveButton\"]"}
COMMAND: POST /session/4aedcc6e4741b2a879631080b602cb58/element/f.0FDC85D955747547727011D182B9DC15.d.53DEC87E16262A3587748E6686EB42EC.e.9640/click - {}
RESULT: {}
COMMAND: GET /session/4aedcc6e4741b2a879631080b602cb58/screenshot - {}
RESULT: {}
COMMAND: POST /session/4aedcc6e4741b2a879631080b602cb58/execute/async - {"script":"<script> [1562 bytes]","args":[{"selector":{"id":"contractDetailTitleNoExpanded","viewName":"etm.portal.ui.managecontracts.view.Detail"},"wdio_ui5_key":"contractDetailTitleNoExpandedetmportal.ui.managecontracts.view.Detail"}]}
RESULT: {"script":"<script> [1562 bytes]","args":[{"selector":{"id":"contractDetailTitleNoExpanded","viewName":"etm.portal.ui.managecontracts.view.Detail"},"wdio_ui5_key":"contractDetailTitleNoExpandedetmportal.ui.managecontracts.view.Detail"}]}
RESULT: undefined
COMMAND: POST /session/4aedcc6e4741b2a879631080b602cb58/execute/async - {"script":"<script> [6424 bytes]","args":[{"element-6066-11e4-a52e-4f735466cecf":"f.0FDC85D955747547727011D182B9DC15.d.53DEC87E16262A3587748E6686EB42EC.e.9648"},"getText",[]]}
RESULT: {"script":"<script> [6424 bytes]","args":[{"element-6066-11e4-a52e-4f735466cecf":"f.0FDC85D955747547727011D182B9DC15.d.53DEC87E16262A3587748E6686EB42EC.e.9648"},"getText",[]]}
]]></system-out>
    </testcase>
    <testcase classname="chrome.136_0_7103_93.windows.Insert_service_into_a_contract_US152956" name="Should add a service unit and a service group to the contract" time="78.355">
      <system-out><![CDATA[
COMMAND: POST /session/4aedcc6e4741b2a879631080b602cb58/element - {"using":"xpath","value":"//button[@data-kt=\"contractDetailEditBtnButton\"]"}
RESULT: {"using":"xpath","value":"//button[@data-kt=\"contractDetailEditBtnButton\"]"}
COMMAND: POST /session/4aedcc6e4741b2a879631080b602cb58/execute/sync - {"script":"<script> [8489 bytes]","args":[{"element-6066-11e4-a52e-4f735466cecf":"f.0FDC85D955747547727011D182B9DC15.d.53DEC87E16262A3587748E6686EB42EC.e.9649","ELEMENT":"f.0FDC85D955747547727011D182B9DC15.d.53DEC87E16262A3587748E6686EB42EC.e.9649"}]}
RESULT: {"script":"<script> [8489 bytes]","args":[{"element-6066-11e4-a52e-4f735466cecf":"f.0FDC85D955747547727011D182B9DC15.d.53DEC87E16262A3587748E6686EB42EC.e.9649","ELEMENT":"f.0FDC85D955747547727011D182B9DC15.d.53DEC87E16262A3587748E6686EB42EC.e.9649"}]}
COMMAND: POST /session/4aedcc6e4741b2a879631080b602cb58/execute/sync - {"script":"<script> [8489 bytes]","args":[{"element-6066-11e4-a52e-4f735466cecf":"f.0FDC85D955747547727011D182B9DC15.d.53DEC87E16262A3587748E6686EB42EC.e.9649","ELEMENT":"f.0FDC85D955747547727011D182B9DC15.d.53DEC87E16262A3587748E6686EB42EC.e.9649"}]}
COMMAND: GET /session/4aedcc6e4741b2a879631080b602cb58/screenshot - {}
RESULT: {"script":"<script> [8489 bytes]","args":[{"element-6066-11e4-a52e-4f735466cecf":"f.0FDC85D955747547727011D182B9DC15.d.53DEC87E16262A3587748E6686EB42EC.e.9649","ELEMENT":"f.0FDC85D955747547727011D182B9DC15.d.53DEC87E16262A3587748E6686EB42EC.e.9649"}]}
COMMAND: POST /session/4aedcc6e4741b2a879631080b602cb58/execute/sync - {"script":"<script> [5351 bytes]","args":[{"element-6066-11e4-a52e-4f735466cecf":"f.0FDC85D955747547727011D182B9DC15.d.53DEC87E16262A3587748E6686EB42EC.e.9649","ELEMENT":"f.0FDC85D955747547727011D182B9DC15.d.53DEC87E16262A3587748E6686EB42EC.e.9649"}]}
COMMAND: GET /session/4aedcc6e4741b2a879631080b602cb58/screenshot - {}
RESULT: {}
RESULT: {"script":"<script> [5351 bytes]","args":[{"element-6066-11e4-a52e-4f735466cecf":"f.0FDC85D955747547727011D182B9DC15.d.53DEC87E16262A3587748E6686EB42EC.e.9649","ELEMENT":"f.0FDC85D955747547727011D182B9DC15.d.53DEC87E16262A3587748E6686EB42EC.e.9649"}]}
COMMAND: POST /session/4aedcc6e4741b2a879631080b602cb58/element/f.0FDC85D955747547727011D182B9DC15.d.53DEC87E16262A3587748E6686EB42EC.e.9649/click - {}
COMMAND: GET /session/4aedcc6e4741b2a879631080b602cb58/screenshot - {}
RESULT: {}
RESULT: {}
COMMAND: GET /session/4aedcc6e4741b2a879631080b602cb58/screenshot - {}
RESULT: {}
RESULT: {}
COMMAND: POST /session/4aedcc6e4741b2a879631080b602cb58/element - {"using":"xpath","value":"(//span[contains(text(), \"Additional Addresses\")])[2]"}
RESULT: {"using":"xpath","value":"(//span[contains(text(), \"Additional Addresses\")])[2]"}
COMMAND: POST /session/4aedcc6e4741b2a879631080b602cb58/element/f.0FDC85D955747547727011D182B9DC15.d.53DEC87E16262A3587748E6686EB42EC.e.9705/click - {}
RESULT: {}
COMMAND: GET /session/4aedcc6e4741b2a879631080b602cb58/screenshot - {}
RESULT: {}
COMMAND: POST /session/4aedcc6e4741b2a879631080b602cb58/element - {"using":"xpath","value":"//button[@data-kt=\"btnAddTableRowOverflowToolbarButton\"]"}
RESULT: {"using":"xpath","value":"//button[@data-kt=\"btnAddTableRowOverflowToolbarButton\"]"}
COMMAND: POST /session/4aedcc6e4741b2a879631080b602cb58/element/f.0FDC85D955747547727011D182B9DC15.d.53DEC87E16262A3587748E6686EB42EC.e.9709/click - {}
RESULT: {}
COMMAND: GET /session/4aedcc6e4741b2a879631080b602cb58/screenshot - {}
RESULT: {}
COMMAND: POST /session/4aedcc6e4741b2a879631080b602cb58/element - {"using":"xpath","value":"//div[(text() = 'Standard Entry' or . = 'Standard Entry')]"}
RESULT: {"using":"xpath","value":"//div[(text() = 'Standard Entry' or . = 'Standard Entry')]"}
COMMAND: POST /session/4aedcc6e4741b2a879631080b602cb58/element/f.0FDC85D955747547727011D182B9DC15.d.53DEC87E16262A3587748E6686EB42EC.e.9711/click - {}
RESULT: {}
COMMAND: POST /session/4aedcc6e4741b2a879631080b602cb58/element - {"using":"xpath","value":"//button[@data-kt=\"btnAddTableRowOverflowToolbarButton\"]"}
COMMAND: GET /session/4aedcc6e4741b2a879631080b602cb58/screenshot - {}
RESULT: {"using":"xpath","value":"//button[@data-kt=\"btnAddTableRowOverflowToolbarButton\"]"}
COMMAND: POST /session/4aedcc6e4741b2a879631080b602cb58/element/f.0FDC85D955747547727011D182B9DC15.d.53DEC87E16262A3587748E6686EB42EC.e.9709/click - {}
RESULT: {}
RESULT: {}
COMMAND: GET /session/4aedcc6e4741b2a879631080b602cb58/screenshot - {}
RESULT: {}
COMMAND: POST /session/4aedcc6e4741b2a879631080b602cb58/element - {"using":"xpath","value":"//div[(text() = 'Standard Entry' or . = 'Standard Entry')]"}
RESULT: {"using":"xpath","value":"//div[(text() = 'Standard Entry' or . = 'Standard Entry')]"}
COMMAND: POST /session/4aedcc6e4741b2a879631080b602cb58/element/f.0FDC85D955747547727011D182B9DC15.d.53DEC87E16262A3587748E6686EB42EC.e.9723/click - {}
RESULT: {}
COMMAND: POST /session/4aedcc6e4741b2a879631080b602cb58/element - {"using":"xpath","value":"(//td[6]/div/div/input)[1]"}
COMMAND: GET /session/4aedcc6e4741b2a879631080b602cb58/screenshot - {}
RESULT: {"using":"xpath","value":"(//td[6]/div/div/input)[1]"}
COMMAND: POST /session/4aedcc6e4741b2a879631080b602cb58/element/f.0FDC85D955747547727011D182B9DC15.d.53DEC87E16262A3587748E6686EB42EC.e.9725/click - {}
RESULT: {}
RESULT: {}
COMMAND: POST /session/4aedcc6e4741b2a879631080b602cb58/actions - {"actions":[{"id":"action48","type":"key","parameters":{},"actions":[{"type":"keyDown","value":"î€ƒ"},{"type":"pause","duration":10},{"type":"keyUp","value":"î€ƒ"}]}]}
COMMAND: GET /session/4aedcc6e4741b2a879631080b602cb58/screenshot - {}
RESULT: {"actions":[{"id":"action48","type":"key","parameters":{},"actions":[{"type":"keyDown","value":"î€ƒ"},{"type":"pause","duration":10},{"type":"keyUp","value":"î€ƒ"}]}]}
COMMAND: POST /session/4aedcc6e4741b2a879631080b602cb58/element - {"using":"xpath","value":"(//td[6]/div/div/input)[1]"}
COMMAND: GET /session/4aedcc6e4741b2a879631080b602cb58/screenshot - {}
RESULT: {}
RESULT: {"using":"xpath","value":"(//td[6]/div/div/input)[1]"}
COMMAND: POST /session/4aedcc6e4741b2a879631080b602cb58/element/f.0FDC85D955747547727011D182B9DC15.d.53DEC87E16262A3587748E6686EB42EC.e.9725/clear - {}
RESULT: {}
RESULT: {}
COMMAND: POST /session/4aedcc6e4741b2a879631080b602cb58/element/f.0FDC85D955747547727011D182B9DC15.d.53DEC87E16262A3587748E6686EB42EC.e.9725/value - {"text":"Service Unit"}
COMMAND: GET /session/4aedcc6e4741b2a879631080b602cb58/screenshot - {}
RESULT: {"text":"Service Unit"}
COMMAND: GET /session/4aedcc6e4741b2a879631080b602cb58/screenshot - {}
RESULT: {}
RESULT: {}
COMMAND: POST /session/4aedcc6e4741b2a879631080b602cb58/actions - {"actions":[{"id":"action49","type":"key","parameters":{},"actions":[{"type":"keyDown","value":"î€‡"},{"type":"pause","duration":10},{"type":"keyUp","value":"î€‡"}]}]}
RESULT: {"actions":[{"id":"action49","type":"key","parameters":{},"actions":[{"type":"keyDown","value":"î€‡"},{"type":"pause","duration":10},{"type":"keyUp","value":"î€‡"}]}]}
COMMAND: GET /session/4aedcc6e4741b2a879631080b602cb58/screenshot - {}
RESULT: {}
COMMAND: POST /session/4aedcc6e4741b2a879631080b602cb58/actions - {"actions":[{"id":"action50","type":"key","parameters":{},"actions":[{"type":"keyDown","value":"î€‡"},{"type":"pause","duration":10},{"type":"keyUp","value":"î€‡"}]}]}
RESULT: {"actions":[{"id":"action50","type":"key","parameters":{},"actions":[{"type":"keyDown","value":"î€‡"},{"type":"pause","duration":10},{"type":"keyUp","value":"î€‡"}]}]}
COMMAND: POST /session/4aedcc6e4741b2a879631080b602cb58/element - {"using":"xpath","value":"(//td[7]/div/div/input)[1]"}
COMMAND: GET /session/4aedcc6e4741b2a879631080b602cb58/screenshot - {}
RESULT: {"using":"xpath","value":"(//td[7]/div/div/input)[1]"}
COMMAND: POST /session/4aedcc6e4741b2a879631080b602cb58/element/f.0FDC85D955747547727011D182B9DC15.d.53DEC87E16262A3587748E6686EB42EC.e.9741/clear - {}
RESULT: {}
RESULT: {}
COMMAND: POST /session/4aedcc6e4741b2a879631080b602cb58/element/f.0FDC85D955747547727011D182B9DC15.d.53DEC87E16262A3587748E6686EB42EC.e.9741/value - {"text":"1000001"}
COMMAND: GET /session/4aedcc6e4741b2a879631080b602cb58/screenshot - {}
RESULT: {"text":"1000001"}
COMMAND: GET /session/4aedcc6e4741b2a879631080b602cb58/screenshot - {}
RESULT: {}
RESULT: {}
COMMAND: POST /session/4aedcc6e4741b2a879631080b602cb58/actions - {"actions":[{"id":"action51","type":"key","parameters":{},"actions":[{"type":"keyDown","value":"î€‡"},{"type":"pause","duration":10},{"type":"keyUp","value":"î€‡"}]}]}
RESULT: {"actions":[{"id":"action51","type":"key","parameters":{},"actions":[{"type":"keyDown","value":"î€‡"},{"type":"pause","duration":10},{"type":"keyUp","value":"î€‡"}]}]}
COMMAND: GET /session/4aedcc6e4741b2a879631080b602cb58/screenshot - {}
RESULT: {}
COMMAND: POST /session/4aedcc6e4741b2a879631080b602cb58/actions - {"actions":[{"id":"action52","type":"key","parameters":{},"actions":[{"type":"keyDown","value":"î€‡"},{"type":"pause","duration":10},{"type":"keyUp","value":"î€‡"}]}]}
RESULT: {"actions":[{"id":"action52","type":"key","parameters":{},"actions":[{"type":"keyDown","value":"î€‡"},{"type":"pause","duration":10},{"type":"keyUp","value":"î€‡"}]}]}
COMMAND: GET /session/4aedcc6e4741b2a879631080b602cb58/screenshot - {}
RESULT: {}
COMMAND: POST /session/4aedcc6e4741b2a879631080b602cb58/element - {"using":"xpath","value":"(//td[6]/div/div/input)[2]"}
RESULT: {"using":"xpath","value":"(//td[6]/div/div/input)[2]"}
COMMAND: POST /session/4aedcc6e4741b2a879631080b602cb58/element/f.0FDC85D955747547727011D182B9DC15.d.53DEC87E16262A3587748E6686EB42EC.e.9713/click - {}
RESULT: {}
COMMAND: POST /session/4aedcc6e4741b2a879631080b602cb58/actions - {"actions":[{"id":"action53","type":"key","parameters":{},"actions":[{"type":"keyDown","value":"î€ƒ"},{"type":"pause","duration":10},{"type":"keyUp","value":"î€ƒ"}]}]}
COMMAND: GET /session/4aedcc6e4741b2a879631080b602cb58/screenshot - {}
RESULT: {"actions":[{"id":"action53","type":"key","parameters":{},"actions":[{"type":"keyDown","value":"î€ƒ"},{"type":"pause","duration":10},{"type":"keyUp","value":"î€ƒ"}]}]}
COMMAND: POST /session/4aedcc6e4741b2a879631080b602cb58/element - {"using":"xpath","value":"(//td[6]/div/div/input)[2]"}
COMMAND: GET /session/4aedcc6e4741b2a879631080b602cb58/screenshot - {}
RESULT: {}
RESULT: {"using":"xpath","value":"(//td[6]/div/div/input)[2]"}
COMMAND: POST /session/4aedcc6e4741b2a879631080b602cb58/element/f.0FDC85D955747547727011D182B9DC15.d.53DEC87E16262A3587748E6686EB42EC.e.9713/clear - {}
RESULT: {}
RESULT: {}
COMMAND: POST /session/4aedcc6e4741b2a879631080b602cb58/element/f.0FDC85D955747547727011D182B9DC15.d.53DEC87E16262A3587748E6686EB42EC.e.9713/value - {"text":"Service Unit Group"}
COMMAND: GET /session/4aedcc6e4741b2a879631080b602cb58/screenshot - {}
RESULT: {"text":"Service Unit Group"}
COMMAND: GET /session/4aedcc6e4741b2a879631080b602cb58/screenshot - {}
RESULT: {}
RESULT: {}
COMMAND: POST /session/4aedcc6e4741b2a879631080b602cb58/actions - {"actions":[{"id":"action54","type":"key","parameters":{},"actions":[{"type":"keyDown","value":"î€‡"},{"type":"pause","duration":10},{"type":"keyUp","value":"î€‡"}]}]}
RESULT: {"actions":[{"id":"action54","type":"key","parameters":{},"actions":[{"type":"keyDown","value":"î€‡"},{"type":"pause","duration":10},{"type":"keyUp","value":"î€‡"}]}]}
COMMAND: GET /session/4aedcc6e4741b2a879631080b602cb58/screenshot - {}
COMMAND: POST /session/4aedcc6e4741b2a879631080b602cb58/actions - {"actions":[{"id":"action55","type":"key","parameters":{},"actions":[{"type":"keyDown","value":"î€‡"},{"type":"pause","duration":10},{"type":"keyUp","value":"î€‡"}]}]}
RESULT: {}
RESULT: {"actions":[{"id":"action55","type":"key","parameters":{},"actions":[{"type":"keyDown","value":"î€‡"},{"type":"pause","duration":10},{"type":"keyUp","value":"î€‡"}]}]}
COMMAND: POST /session/4aedcc6e4741b2a879631080b602cb58/element - {"using":"xpath","value":"(//td[7]/div/div/input)[2]"}
COMMAND: GET /session/4aedcc6e4741b2a879631080b602cb58/screenshot - {}
RESULT: {"using":"xpath","value":"(//td[7]/div/div/input)[2]"}
COMMAND: POST /session/4aedcc6e4741b2a879631080b602cb58/element/f.0FDC85D955747547727011D182B9DC15.d.53DEC87E16262A3587748E6686EB42EC.e.9770/clear - {}
RESULT: {}
RESULT: {}
COMMAND: POST /session/4aedcc6e4741b2a879631080b602cb58/element/f.0FDC85D955747547727011D182B9DC15.d.53DEC87E16262A3587748E6686EB42EC.e.9770/value - {"text":"1100001"}
COMMAND: GET /session/4aedcc6e4741b2a879631080b602cb58/screenshot - {}
RESULT: {}
RESULT: {"text":"1100001"}
COMMAND: GET /session/4aedcc6e4741b2a879631080b602cb58/screenshot - {}
RESULT: {}
COMMAND: POST /session/4aedcc6e4741b2a879631080b602cb58/actions - {"actions":[{"id":"action56","type":"key","parameters":{},"actions":[{"type":"keyDown","value":"î€‡"},{"type":"pause","duration":10},{"type":"keyUp","value":"î€‡"}]}]}
RESULT: {"actions":[{"id":"action56","type":"key","parameters":{},"actions":[{"type":"keyDown","value":"î€‡"},{"type":"pause","duration":10},{"type":"keyUp","value":"î€‡"}]}]}
COMMAND: GET /session/4aedcc6e4741b2a879631080b602cb58/screenshot - {}
RESULT: {}
COMMAND: POST /session/4aedcc6e4741b2a879631080b602cb58/actions - {"actions":[{"id":"action57","type":"key","parameters":{},"actions":[{"type":"keyDown","value":"î€‡"},{"type":"pause","duration":10},{"type":"keyUp","value":"î€‡"}]}]}
RESULT: {"actions":[{"id":"action57","type":"key","parameters":{},"actions":[{"type":"keyDown","value":"î€‡"},{"type":"pause","duration":10},{"type":"keyUp","value":"î€‡"}]}]}
COMMAND: GET /session/4aedcc6e4741b2a879631080b602cb58/screenshot - {}
RESULT: {}
COMMAND: POST /session/4aedcc6e4741b2a879631080b602cb58/element - {"using":"xpath","value":"(//button[@data-kt=\"saveButton\"])[2]"}
RESULT: {"using":"xpath","value":"(//button[@data-kt=\"saveButton\"])[2]"}
COMMAND: POST /session/4aedcc6e4741b2a879631080b602cb58/element/f.0FDC85D955747547727011D182B9DC15.d.53DEC87E16262A3587748E6686EB42EC.e.9794/click - {}
RESULT: {}
COMMAND: GET /session/4aedcc6e4741b2a879631080b602cb58/screenshot - {}
RESULT: {}
COMMAND: POST /session/4aedcc6e4741b2a879631080b602cb58/element - {"using":"xpath","value":"(//span[contains(text(), \"Additional Addresses\")])[1]"}
RESULT: {"using":"xpath","value":"(//span[contains(text(), \"Additional Addresses\")])[1]"}
COMMAND: POST /session/4aedcc6e4741b2a879631080b602cb58/element/f.0FDC85D955747547727011D182B9DC15.d.53DEC87E16262A3587748E6686EB42EC.e.9797/click - {}
RESULT: {}
COMMAND: GET /session/4aedcc6e4741b2a879631080b602cb58/screenshot - {}
RESULT: {}
COMMAND: POST /session/4aedcc6e4741b2a879631080b602cb58/execute/async - {"script":"<script> [1562 bytes]","args":[{"selector":{"controlType":"sap.m.Title","viewName":"etm.portal.ui.managecontracts.view.Detail","properties":{"text":"Contract Items (2)"}},"wdio_ui5_key":"etmportal.ui.managecontracts.view.Detailsap.m.Title{\"text\":\"Contract Items (2)\"}"}]}
RESULT: {"script":"<script> [1562 bytes]","args":[{"selector":{"controlType":"sap.m.Title","viewName":"etm.portal.ui.managecontracts.view.Detail","properties":{"text":"Contract Items (2)"}},"wdio_ui5_key":"etmportal.ui.managecontracts.view.Detailsap.m.Title{\"text\":\"Contract Items (2)\"}"}]}
RESULT: undefined
COMMAND: POST /session/4aedcc6e4741b2a879631080b602cb58/execute/async - {"script":"<script> [6424 bytes]","args":[{"element-6066-11e4-a52e-4f735466cecf":"f.0FDC85D955747547727011D182B9DC15.d.53DEC87E16262A3587748E6686EB42EC.e.9801"},"getText",[]]}
RESULT: {"script":"<script> [6424 bytes]","args":[{"element-6066-11e4-a52e-4f735466cecf":"f.0FDC85D955747547727011D182B9DC15.d.53DEC87E16262A3587748E6686EB42EC.e.9801"},"getText",[]]}
COMMAND: POST /session/4aedcc6e4741b2a879631080b602cb58/element - {"using":"xpath","value":"(//span[contains(@class ,\"sapMObjStatusText\")])[1]"}
RESULT: {"using":"xpath","value":"(//span[contains(@class ,\"sapMObjStatusText\")])[1]"}
COMMAND: GET /session/4aedcc6e4741b2a879631080b602cb58/element/f.0FDC85D955747547727011D182B9DC15.d.53DEC87E16262A3587748E6686EB42EC.e.9802/text - {}
RESULT: {}
COMMAND: POST /session/4aedcc6e4741b2a879631080b602cb58/element - {"using":"xpath","value":"(//span[contains(@class ,\"sapMObjStatusText\")])[4]"}
RESULT: {"using":"xpath","value":"(//span[contains(@class ,\"sapMObjStatusText\")])[4]"}
COMMAND: GET /session/4aedcc6e4741b2a879631080b602cb58/element/f.0FDC85D955747547727011D182B9DC15.d.53DEC87E16262A3587748E6686EB42EC.e.9803/text - {}
RESULT: {}
COMMAND: POST /session/4aedcc6e4741b2a879631080b602cb58/element - {"using":"css selector","value":"#shell-header-logo"}
RESULT: {"using":"css selector","value":"#shell-header-logo"}
COMMAND: POST /session/4aedcc6e4741b2a879631080b602cb58/element/f.0FDC85D955747547727011D182B9DC15.d.53DEC87E16262A3587748E6686EB42EC.e.9256/click - {}
RESULT: {}
COMMAND: GET /session/4aedcc6e4741b2a879631080b602cb58/screenshot - {}
RESULT: {}
]]></system-out>
    </testcase>
  </testsuite>
  <testsuite timestamp="2025-05-20T18:16:06" time="175.869" tests="2" failures="0" errors="0" skipped="0">
    <properties>
      <property name="specId" value="0" />
      <property name="suiteName" value="Reduced contract US151275" />
      <property name="capabilities" value="chrome.136_0_7103_93.windows" />
      <property name="file" value="file:///D:/a/1/s/test/specs/R2C/reduced-contract-creation.spec.js" />
    </properties>
    <testcase classname="chrome.136_0_7103_93.windows.Reduced_contract_US151275" name="Should create a new reduced contract" time="124.73">
      <system-out><![CDATA[
RESULT: undefined
COMMAND: POST /session/4aedcc6e4741b2a879631080b602cb58/element - {"using":"xpath","value":"//*[@id=\"__tile132\"]"}
RESULT: {"using":"xpath","value":"//*[@id=\"__tile132\"]"}
COMMAND: POST /session/4aedcc6e4741b2a879631080b602cb58/element/f.0FDC85D955747547727011D182B9DC15.d.53DEC87E16262A3587748E6686EB42EC.e.8905/click - {}
RESULT: {}
COMMAND: GET /session/4aedcc6e4741b2a879631080b602cb58/screenshot - {}
RESULT: {}
COMMAND: POST /session/4aedcc6e4741b2a879631080b602cb58/elements - {"using":"xpath","value":"//span[text()='Error']"}
RESULT: {"using":"xpath","value":"//span[text()='Error']"}
COMMAND: POST /session/4aedcc6e4741b2a879631080b602cb58/element - {"using":"xpath","value":"//button[@data-kt=\"addButton\"]"}
RESULT: {"using":"xpath","value":"//button[@data-kt=\"addButton\"]"}
COMMAND: POST /session/4aedcc6e4741b2a879631080b602cb58/element/f.0FDC85D955747547727011D182B9DC15.d.53DEC87E16262A3587748E6686EB42EC.e.9858/click - {}
RESULT: {}
COMMAND: GET /session/4aedcc6e4741b2a879631080b602cb58/screenshot - {}
RESULT: {}
COMMAND: POST /session/4aedcc6e4741b2a879631080b602cb58/refresh - {}
RESULT: {}
COMMAND: GET /session/4aedcc6e4741b2a879631080b602cb58/screenshot - {}
RESULT: {}
COMMAND: POST /session/4aedcc6e4741b2a879631080b602cb58/execute/async - {"script":"<script> [189 bytes]","args":[]}
RESULT: {"script":"<script> [189 bytes]","args":[]}
COMMAND: POST /session/4aedcc6e4741b2a879631080b602cb58/execute/async - {"script":"<script> [123 bytes]","args":[]}
RESULT: {"script":"<script> [123 bytes]","args":[]}
COMMAND: POST /session/4aedcc6e4741b2a879631080b602cb58/timeouts - {"script":"<number>"}
RESULT: {"script":"<number>"}
COMMAND: GET /session/4aedcc6e4741b2a879631080b602cb58/timeouts - {}
RESULT: {}
RESULT: undefined
COMMAND: POST /session/4aedcc6e4741b2a879631080b602cb58/execute/async - {"script":"<script> [2676 bytes]","args":[]}
RESULT: {"script":"<script> [2676 bytes]","args":[]}
COMMAND: POST /session/4aedcc6e4741b2a879631080b602cb58/execute/async - {"script":"<script> [2342 bytes]","args":[{"protocol":"http","hostname":"0.0.0.0","path":"/","capabilities":{"browserName":"chrome","goog:chromeOptions":{"binary":"C:\\Program Files\\Google\\Chrome\\Application\\chrome.exe","args":["--start-maximized"]}},"logLevel":"warn","connectionRetryTimeout":120000,"connectionRetryCount":3,"logLevels":{},"enableDirectConnect":true,"strictSSL":true,"_":"65 more keys: [\"cacheDir\",\"port\",\"requestedCapabilities\",\"automationProtocol\",\"baseUrl\",\"waitforInterval\",\"waitforTimeout\",\"onReload\",\"beforeCommand\",\"afterCommand\",\"rootDir\",\"specs\",\"suites\",\"exclude\",\"groupLogsByTestSpec\",\"excludeDriverLogs\",\"bail\",\"framework\",\"reporters\",\"services\",\"maxInstances\",\"maxInstancesPerCapability\",\"injectGlobals\",\"filesToWatch\",\"execArgv\",\"runnerEnv\",\"runner\",\"shard\",\"specFileRetries\",\"specFileRetriesDelay\",\"specFileRetriesDeferred\",\"reporterSyncInterval\",\"reporterSyncTimeout\",\"cucumberFeaturesWithLineNumbers\",\"autoCompileOpts\",\"mochaOpts\",\"jasmineOpts\",\"cucumberOpts\",\"onPrepare\",\"onWorkerStart\",\"onWorkerEnd\",\"before\",\"beforeSession\",\"beforeSuite\",\"beforeHook\",\"beforeTest\",\"afterTest\",\"afterHook\",\"afterSuite\",\"afterSession\",\"after\",\"onComplete\",\"beforeAssertion\",\"afterAssertion\",\"beforeFeature\",\"beforeScenario\",\"beforeStep\",\"afterStep\",\"afterScenario\",\"afterFeature\",\"_\",\"suite\",\"$0\",\"ignoredWorkerServices\",\"wdi5\"]"}]}
RESULT: {"script":"<script> [2342 bytes]","args":[{"protocol":"http","hostname":"0.0.0.0","path":"/","capabilities":{"browserName":"chrome","goog:chromeOptions":{"binary":"C:\\Program Files\\Google\\Chrome\\Application\\chrome.exe","args":["--start-maximized"]}},"logLevel":"warn","connectionRetryTimeout":120000,"connectionRetryCount":3,"logLevels":{},"enableDirectConnect":true,"strictSSL":true,"_":"65 more keys: [\"cacheDir\",\"port\",\"requestedCapabilities\",\"automationProtocol\",\"baseUrl\",\"waitforInterval\",\"waitforTimeout\",\"onReload\",\"beforeCommand\",\"afterCommand\",\"rootDir\",\"specs\",\"suites\",\"exclude\",\"groupLogsByTestSpec\",\"excludeDriverLogs\",\"bail\",\"framework\",\"reporters\",\"services\",\"maxInstances\",\"maxInstancesPerCapability\",\"injectGlobals\",\"filesToWatch\",\"execArgv\",\"runnerEnv\",\"runner\",\"shard\",\"specFileRetries\",\"specFileRetriesDelay\",\"specFileRetriesDeferred\",\"reporterSyncInterval\",\"reporterSyncTimeout\",\"cucumberFeaturesWithLineNumbers\",\"autoCompileOpts\",\"mochaOpts\",\"jasmineOpts\",\"cucumberOpts\",\"onPrepare\",\"onWorkerStart\",\"onWorkerEnd\",\"before\",\"beforeSession\",\"beforeSuite\",\"beforeHook\",\"beforeTest\",\"afterTest\",\"afterHook\",\"afterSuite\",\"afterSession\",\"after\",\"onComplete\",\"beforeAssertion\",\"afterAssertion\",\"beforeFeature\",\"beforeScenario\",\"beforeStep\",\"afterStep\",\"afterScenario\",\"afterFeature\",\"_\",\"suite\",\"$0\",\"ignoredWorkerServices\",\"wdi5\"]"}]}
COMMAND: POST /session/4aedcc6e4741b2a879631080b602cb58/execute/async - {"script":"<script> [21126 bytes]","args":[35000]}
RESULT: {"script":"<script> [21126 bytes]","args":[35000]}
COMMAND: POST /session/4aedcc6e4741b2a879631080b602cb58/execute/async - {"script":"<script> [1562 bytes]","args":[{"selector":{"id":"application-managecontracts-display-component---AddNewContract--contractType","interaction":{"idSuffix":"arrow"}},"wdio_ui5_key":"applicationmanagecontracts-display-component---AddNewContract--contractType"}]}
RESULT: {"script":"<script> [1562 bytes]","args":[{"selector":{"id":"application-managecontracts-display-component---AddNewContract--contractType","interaction":{"idSuffix":"arrow"}},"wdio_ui5_key":"applicationmanagecontracts-display-component---AddNewContract--contractType"}]}
RESULT: undefined
COMMAND: POST /session/4aedcc6e4741b2a879631080b602cb58/element - {"using":"xpath","value":"//*[@id=\"application-managecontracts-display-component---AddNewContract--contractType\"]"}
RESULT: {"using":"xpath","value":"//*[@id=\"application-managecontracts-display-component---AddNewContract--contractType\"]"}
COMMAND: POST /session/4aedcc6e4741b2a879631080b602cb58/element/f.0FDC85D955747547727011D182B9DC15.d.DD429844C5B3FCB29E078A78C898A104.e.10386/click - {}
RESULT: {}
COMMAND: GET /session/4aedcc6e4741b2a879631080b602cb58/screenshot - {}
RESULT: {}
COMMAND: POST /session/4aedcc6e4741b2a879631080b602cb58/execute/async - {"script":"<script> [1562 bytes]","args":[{"selector":{"controlType":"sap.ui.core.Item","viewName":"etm.portal.ui.managecontracts.view.AddNewContract","viewId":"application-managecontracts-display-component---AddNewContract","bindingPath":{"path":"/ContractTypes('02')","propertyPath":"ID","modelName":"catalogModel"},"searchOpenDialogs":true},"wdio_ui5_key":"etmportal.ui.managecontracts.view.AddNewContractsap.ui.core.Item{\"path\":\"/ContractTypes('02')\",\"propertyPath\":\"ID\",\"modelName\":\"catalogModel\"}"}]}
RESULT: {"script":"<script> [1562 bytes]","args":[{"selector":{"controlType":"sap.ui.core.Item","viewName":"etm.portal.ui.managecontracts.view.AddNewContract","viewId":"application-managecontracts-display-component---AddNewContract","bindingPath":{"path":"/ContractTypes('02')","propertyPath":"ID","modelName":"catalogModel"},"searchOpenDialogs":true},"wdio_ui5_key":"etmportal.ui.managecontracts.view.AddNewContractsap.ui.core.Item{\"path\":\"/ContractTypes('02')\",\"propertyPath\":\"ID\",\"modelName\":\"catalogModel\"}"}]}
RESULT: undefined
COMMAND: POST /session/4aedcc6e4741b2a879631080b602cb58/element - {"using":"xpath","value":"//*[@id=\"__item45-application-managecontracts-display-component---AddNewContract--contractType-1\"]"}
RESULT: {"using":"xpath","value":"//*[@id=\"__item45-application-managecontracts-display-component---AddNewContract--contractType-1\"]"}
COMMAND: POST /session/4aedcc6e4741b2a879631080b602cb58/element/f.0FDC85D955747547727011D182B9DC15.d.DD429844C5B3FCB29E078A78C898A104.e.10387/click - {}
RESULT: {}
COMMAND: GET /session/4aedcc6e4741b2a879631080b602cb58/screenshot - {}
RESULT: {}
COMMAND: POST /session/4aedcc6e4741b2a879631080b602cb58/execute/async - {"script":"<script> [1562 bytes]","args":[{"selector":{"id":"application-managecontracts-display-component---AddNewContract--projectDescription","interaction":{"idSuffix":"inner"}},"wdio_ui5_key":"applicationmanagecontracts-display-component---AddNewContract--projectDescription"}]}
RESULT: {"script":"<script> [1562 bytes]","args":[{"selector":{"id":"application-managecontracts-display-component---AddNewContract--projectDescription","interaction":{"idSuffix":"inner"}},"wdio_ui5_key":"applicationmanagecontracts-display-component---AddNewContract--projectDescription"}]}
RESULT: undefined
COMMAND: POST /session/4aedcc6e4741b2a879631080b602cb58/execute/async - {"script":"<script> [776 bytes]","args":[{"enterText":"WdIOReduceddsspdh","selector":{"id":"application-managecontracts-display-component---AddNewContract--projectDescription","interaction":{"idSuffix":"inner"}},"clearTextFirst":true,"interactionType":"ENTER_TEXT"}]}
RESULT: {"script":"<script> [776 bytes]","args":[{"enterText":"WdIOReduceddsspdh","selector":{"id":"application-managecontracts-display-component---AddNewContract--projectDescription","interaction":{"idSuffix":"inner"}},"clearTextFirst":true,"interactionType":"ENTER_TEXT"}]}
COMMAND: POST /session/4aedcc6e4741b2a879631080b602cb58/element - {"using":"xpath","value":"//input[@id=\"application-managecontracts-display-component---AddNewContract--yardId-inner\"]"}
RESULT: {"using":"xpath","value":"//input[@id=\"application-managecontracts-display-component---AddNewContract--yardId-inner\"]"}
COMMAND: POST /session/4aedcc6e4741b2a879631080b602cb58/element/f.0FDC85D955747547727011D182B9DC15.d.DD429844C5B3FCB29E078A78C898A104.e.10299/clear - {}
RESULT: {}
COMMAND: POST /session/4aedcc6e4741b2a879631080b602cb58/element/f.0FDC85D955747547727011D182B9DC15.d.DD429844C5B3FCB29E078A78C898A104.e.10299/value - {"text":"WebdriverYard1joi9"}
COMMAND: GET /session/4aedcc6e4741b2a879631080b602cb58/screenshot - {}
RESULT: {"text":"WebdriverYard1joi9"}
COMMAND: GET /session/4aedcc6e4741b2a879631080b602cb58/screenshot - {}
RESULT: {}
RESULT: {}
COMMAND: POST /session/4aedcc6e4741b2a879631080b602cb58/actions - {"actions":[{"id":"action58","type":"key","parameters":{},"actions":[{"type":"keyDown","value":"î€‡"},{"type":"pause","duration":10},{"type":"keyUp","value":"î€‡"}]}]}
RESULT: {"actions":[{"id":"action58","type":"key","parameters":{},"actions":[{"type":"keyDown","value":"î€‡"},{"type":"pause","duration":10},{"type":"keyUp","value":"î€‡"}]}]}
COMMAND: GET /session/4aedcc6e4741b2a879631080b602cb58/screenshot - {}
RESULT: {}
COMMAND: POST /session/4aedcc6e4741b2a879631080b602cb58/element - {"using":"xpath","value":"//input[@id=\"application-managecontracts-display-component---AddNewContract--customerSelect-inner\"]"}
RESULT: {"using":"xpath","value":"//input[@id=\"application-managecontracts-display-component---AddNewContract--customerSelect-inner\"]"}
COMMAND: POST /session/4aedcc6e4741b2a879631080b602cb58/element/f.0FDC85D955747547727011D182B9DC15.d.DD429844C5B3FCB29E078A78C898A104.e.10297/clear - {}
RESULT: {}
COMMAND: POST /session/4aedcc6e4741b2a879631080b602cb58/element/f.0FDC85D955747547727011D182B9DC15.d.DD429844C5B3FCB29E078A78C898A104.e.10297/value - {"text":"WebdriverPartner8s0tvk"}
COMMAND: GET /session/4aedcc6e4741b2a879631080b602cb58/screenshot - {}
RESULT: {"text":"WebdriverPartner8s0tvk"}
COMMAND: GET /session/4aedcc6e4741b2a879631080b602cb58/screenshot - {}
RESULT: {}
RESULT: {}
COMMAND: POST /session/4aedcc6e4741b2a879631080b602cb58/actions - {"actions":[{"id":"action59","type":"key","parameters":{},"actions":[{"type":"keyDown","value":"î€‡"},{"type":"pause","duration":10},{"type":"keyUp","value":"î€‡"}]}]}
RESULT: {"actions":[{"id":"action59","type":"key","parameters":{},"actions":[{"type":"keyDown","value":"î€‡"},{"type":"pause","duration":10},{"type":"keyUp","value":"î€‡"}]}]}
COMMAND: GET /session/4aedcc6e4741b2a879631080b602cb58/screenshot - {}
RESULT: {}
COMMAND: POST /session/4aedcc6e4741b2a879631080b602cb58/execute/async - {"script":"<script> [1562 bytes]","args":[{"selector":{"id":"application-managecontracts-display-component---AddNewContract--calendarInput-arrow"},"wdio_ui5_key":"applicationmanagecontracts-display-component---AddNewContract--calendarInput-arrow"}]}
RESULT: {"script":"<script> [1562 bytes]","args":[{"selector":{"id":"application-managecontracts-display-component---AddNewContract--calendarInput-arrow"},"wdio_ui5_key":"applicationmanagecontracts-display-component---AddNewContract--calendarInput-arrow"}]}
RESULT: undefined
COMMAND: POST /session/4aedcc6e4741b2a879631080b602cb58/element - {"using":"xpath","value":"//*[@id=\"application-managecontracts-display-component---AddNewContract--calendarInput-arrow\"]"}
RESULT: {"using":"xpath","value":"//*[@id=\"application-managecontracts-display-component---AddNewContract--calendarInput-arrow\"]"}
COMMAND: POST /session/4aedcc6e4741b2a879631080b602cb58/element/f.0FDC85D955747547727011D182B9DC15.d.DD429844C5B3FCB29E078A78C898A104.e.10269/click - {}
RESULT: {}
COMMAND: GET /session/4aedcc6e4741b2a879631080b602cb58/screenshot - {}
RESULT: {}
COMMAND: POST /session/4aedcc6e4741b2a879631080b602cb58/execute/async - {"script":"<script> [1562 bytes]","args":[{"selector":{"controlType":"sap.m.StandardListItem","viewName":"etm.portal.ui.managecontracts.view.AddNewContract","viewId":"application-managecontracts-display-component---AddNewContract","properties":{"title":"1 - Calendar unit test patch"},"searchOpenDialogs":true,"interaction":{"idSuffix":"titleText"}},"wdio_ui5_key":"etmportal.ui.managecontracts.view.AddNewContractsap.m.StandardListItem{\"title\":\"1 - Calendar unit test patch\"}"}]}
RESULT: {"script":"<script> [1562 bytes]","args":[{"selector":{"controlType":"sap.m.StandardListItem","viewName":"etm.portal.ui.managecontracts.view.AddNewContract","viewId":"application-managecontracts-display-component---AddNewContract","properties":{"title":"1 - Calendar unit test patch"},"searchOpenDialogs":true,"interaction":{"idSuffix":"titleText"}},"wdio_ui5_key":"etmportal.ui.managecontracts.view.AddNewContractsap.m.StandardListItem{\"title\":\"1 - Calendar unit test patch\"}"}]}
RESULT: undefined
COMMAND: POST /session/4aedcc6e4741b2a879631080b602cb58/element - {"using":"xpath","value":"//*[@id=\"__item932\"]"}
RESULT: {"using":"xpath","value":"//*[@id=\"__item932\"]"}
COMMAND: POST /session/4aedcc6e4741b2a879631080b602cb58/element/f.0FDC85D955747547727011D182B9DC15.d.DD429844C5B3FCB29E078A78C898A104.e.10394/click - {}
RESULT: {}
COMMAND: GET /session/4aedcc6e4741b2a879631080b602cb58/screenshot - {}
RESULT: {}
COMMAND: POST /session/4aedcc6e4741b2a879631080b602cb58/execute/async - {"script":"<script> [1562 bytes]","args":[{"selector":{"id":"application-managecontracts-display-component---AddNewContract--streetInput","interaction":{"idSuffix":"inner"}},"wdio_ui5_key":"applicationmanagecontracts-display-component---AddNewContract--streetInput"}]}
RESULT: {"script":"<script> [1562 bytes]","args":[{"selector":{"id":"application-managecontracts-display-component---AddNewContract--streetInput","interaction":{"idSuffix":"inner"}},"wdio_ui5_key":"applicationmanagecontracts-display-component---AddNewContract--streetInput"}]}
RESULT: undefined
COMMAND: POST /session/4aedcc6e4741b2a879631080b602cb58/execute/async - {"script":"<script> [776 bytes]","args":[{"enterText":"StreetWdIO","selector":{"id":"application-managecontracts-display-component---AddNewContract--streetInput","interaction":{"idSuffix":"inner"}},"clearTextFirst":true,"interactionType":"ENTER_TEXT"}]}
RESULT: {"script":"<script> [776 bytes]","args":[{"enterText":"StreetWdIO","selector":{"id":"application-managecontracts-display-component---AddNewContract--streetInput","interaction":{"idSuffix":"inner"}},"clearTextFirst":true,"interactionType":"ENTER_TEXT"}]}
COMMAND: POST /session/4aedcc6e4741b2a879631080b602cb58/execute/async - {"script":"<script> [1562 bytes]","args":[{"selector":{"id":"application-managecontracts-display-component---AddNewContract--numberInput","interaction":{"idSuffix":"inner"}},"wdio_ui5_key":"applicationmanagecontracts-display-component---AddNewContract--numberInput"}]}
RESULT: {"script":"<script> [1562 bytes]","args":[{"selector":{"id":"application-managecontracts-display-component---AddNewContract--numberInput","interaction":{"idSuffix":"inner"}},"wdio_ui5_key":"applicationmanagecontracts-display-component---AddNewContract--numberInput"}]}
RESULT: undefined
COMMAND: POST /session/4aedcc6e4741b2a879631080b602cb58/execute/async - {"script":"<script> [776 bytes]","args":[{"enterText":"3","selector":{"id":"application-managecontracts-display-component---AddNewContract--numberInput","interaction":{"idSuffix":"inner"}},"clearTextFirst":true,"interactionType":"ENTER_TEXT"}]}
RESULT: {"script":"<script> [776 bytes]","args":[{"enterText":"3","selector":{"id":"application-managecontracts-display-component---AddNewContract--numberInput","interaction":{"idSuffix":"inner"}},"clearTextFirst":true,"interactionType":"ENTER_TEXT"}]}
COMMAND: POST /session/4aedcc6e4741b2a879631080b602cb58/execute/async - {"script":"<script> [1562 bytes]","args":[{"selector":{"id":"application-managecontracts-display-component---AddNewContract--cityInput","interaction":{"idSuffix":"inner"}},"wdio_ui5_key":"applicationmanagecontracts-display-component---AddNewContract--cityInput"}]}
RESULT: {"script":"<script> [1562 bytes]","args":[{"selector":{"id":"application-managecontracts-display-component---AddNewContract--cityInput","interaction":{"idSuffix":"inner"}},"wdio_ui5_key":"applicationmanagecontracts-display-component---AddNewContract--cityInput"}]}
RESULT: undefined
COMMAND: POST /session/4aedcc6e4741b2a879631080b602cb58/execute/async - {"script":"<script> [776 bytes]","args":[{"enterText":"Bucharest","selector":{"id":"application-managecontracts-display-component---AddNewContract--cityInput","interaction":{"idSuffix":"inner"}},"clearTextFirst":true,"interactionType":"ENTER_TEXT"}]}
RESULT: {"script":"<script> [776 bytes]","args":[{"enterText":"Bucharest","selector":{"id":"application-managecontracts-display-component---AddNewContract--cityInput","interaction":{"idSuffix":"inner"}},"clearTextFirst":true,"interactionType":"ENTER_TEXT"}]}
COMMAND: POST /session/4aedcc6e4741b2a879631080b602cb58/execute/async - {"script":"<script> [1562 bytes]","args":[{"selector":{"id":"application-managecontracts-display-component---AddNewContract--zipInput","interaction":{"idSuffix":"inner"}},"wdio_ui5_key":"applicationmanagecontracts-display-component---AddNewContract--zipInput"}]}
RESULT: {"script":"<script> [1562 bytes]","args":[{"selector":{"id":"application-managecontracts-display-component---AddNewContract--zipInput","interaction":{"idSuffix":"inner"}},"wdio_ui5_key":"applicationmanagecontracts-display-component---AddNewContract--zipInput"}]}
RESULT: undefined
COMMAND: POST /session/4aedcc6e4741b2a879631080b602cb58/execute/async - {"script":"<script> [776 bytes]","args":[{"enterText":"021210","selector":{"id":"application-managecontracts-display-component---AddNewContract--zipInput","interaction":{"idSuffix":"inner"}},"clearTextFirst":true,"interactionType":"ENTER_TEXT"}]}
RESULT: {"script":"<script> [776 bytes]","args":[{"enterText":"021210","selector":{"id":"application-managecontracts-display-component---AddNewContract--zipInput","interaction":{"idSuffix":"inner"}},"clearTextFirst":true,"interactionType":"ENTER_TEXT"}]}
COMMAND: POST /session/4aedcc6e4741b2a879631080b602cb58/element - {"using":"xpath","value":"//bdi[contains(@id ,\"application-managecontracts-display-component---AddNewContract--saveBtn-BDI-content\")]"}
RESULT: {"using":"xpath","value":"//bdi[contains(@id ,\"application-managecontracts-display-component---AddNewContract--saveBtn-BDI-content\")]"}
COMMAND: POST /session/4aedcc6e4741b2a879631080b602cb58/element/f.0FDC85D955747547727011D182B9DC15.d.DD429844C5B3FCB29E078A78C898A104.e.10399/click - {}
RESULT: {}
COMMAND: GET /session/4aedcc6e4741b2a879631080b602cb58/screenshot - {}
RESULT: {}
COMMAND: POST /session/4aedcc6e4741b2a879631080b602cb58/element - {"using":"xpath","value":"//button[contains(@data-kt ,\"contractDetailEditBtnButton\")]"}
RESULT: {"using":"xpath","value":"//button[contains(@data-kt ,\"contractDetailEditBtnButton\")]"}
COMMAND: POST /session/4aedcc6e4741b2a879631080b602cb58/execute/sync - {"script":"<script> [8489 bytes]","args":[{"element-6066-11e4-a52e-4f735466cecf":"f.0FDC85D955747547727011D182B9DC15.d.DD429844C5B3FCB29E078A78C898A104.e.10459","ELEMENT":"f.0FDC85D955747547727011D182B9DC15.d.DD429844C5B3FCB29E078A78C898A104.e.10459"}]}
RESULT: {"script":"<script> [8489 bytes]","args":[{"element-6066-11e4-a52e-4f735466cecf":"f.0FDC85D955747547727011D182B9DC15.d.DD429844C5B3FCB29E078A78C898A104.e.10459","ELEMENT":"f.0FDC85D955747547727011D182B9DC15.d.DD429844C5B3FCB29E078A78C898A104.e.10459"}]}
COMMAND: POST /session/4aedcc6e4741b2a879631080b602cb58/execute/sync - {"script":"<script> [8489 bytes]","args":[{"element-6066-11e4-a52e-4f735466cecf":"f.0FDC85D955747547727011D182B9DC15.d.DD429844C5B3FCB29E078A78C898A104.e.10459","ELEMENT":"f.0FDC85D955747547727011D182B9DC15.d.DD429844C5B3FCB29E078A78C898A104.e.10459"}]}
COMMAND: GET /session/4aedcc6e4741b2a879631080b602cb58/screenshot - {}
RESULT: {"script":"<script> [8489 bytes]","args":[{"element-6066-11e4-a52e-4f735466cecf":"f.0FDC85D955747547727011D182B9DC15.d.DD429844C5B3FCB29E078A78C898A104.e.10459","ELEMENT":"f.0FDC85D955747547727011D182B9DC15.d.DD429844C5B3FCB29E078A78C898A104.e.10459"}]}
COMMAND: POST /session/4aedcc6e4741b2a879631080b602cb58/execute/sync - {"script":"<script> [5351 bytes]","args":[{"element-6066-11e4-a52e-4f735466cecf":"f.0FDC85D955747547727011D182B9DC15.d.DD429844C5B3FCB29E078A78C898A104.e.10459","ELEMENT":"f.0FDC85D955747547727011D182B9DC15.d.DD429844C5B3FCB29E078A78C898A104.e.10459"}]}
COMMAND: GET /session/4aedcc6e4741b2a879631080b602cb58/screenshot - {}
RESULT: {}
RESULT: {"script":"<script> [5351 bytes]","args":[{"element-6066-11e4-a52e-4f735466cecf":"f.0FDC85D955747547727011D182B9DC15.d.DD429844C5B3FCB29E078A78C898A104.e.10459","ELEMENT":"f.0FDC85D955747547727011D182B9DC15.d.DD429844C5B3FCB29E078A78C898A104.e.10459"}]}
COMMAND: POST /session/4aedcc6e4741b2a879631080b602cb58/execute/async - {"script":"<script> [1562 bytes]","args":[{"selector":{"controlType":"sap.m.Text","viewName":"etm.portal.ui.managecontracts.view.Detail","bindingPath":{"propertyPath":"LINK_TO_C_CONTRACT_TYPES/DESCRIPTION","modelName":"catalogModel"}},"wdio_ui5_key":"etmportal.ui.managecontracts.view.Detailsap.m.Text{\"propertyPath\":\"LINK_TO_C_CONTRACT_TYPES/DESCRIPTION\",\"modelName\":\"catalogModel\"}"}]}
COMMAND: GET /session/4aedcc6e4741b2a879631080b602cb58/screenshot - {}
RESULT: {}
RESULT: {"script":"<script> [1562 bytes]","args":[{"selector":{"controlType":"sap.m.Text","viewName":"etm.portal.ui.managecontracts.view.Detail","bindingPath":{"propertyPath":"LINK_TO_C_CONTRACT_TYPES/DESCRIPTION","modelName":"catalogModel"}},"wdio_ui5_key":"etmportal.ui.managecontracts.view.Detailsap.m.Text{\"propertyPath\":\"LINK_TO_C_CONTRACT_TYPES/DESCRIPTION\",\"modelName\":\"catalogModel\"}"}]}
RESULT: undefined
COMMAND: POST /session/4aedcc6e4741b2a879631080b602cb58/execute/async - {"script":"<script> [6424 bytes]","args":[{"element-6066-11e4-a52e-4f735466cecf":"f.0FDC85D955747547727011D182B9DC15.d.DD429844C5B3FCB29E078A78C898A104.e.10461"},"getText",[]]}
RESULT: {}
RESULT: {"script":"<script> [6424 bytes]","args":[{"element-6066-11e4-a52e-4f735466cecf":"f.0FDC85D955747547727011D182B9DC15.d.DD429844C5B3FCB29E078A78C898A104.e.10461"},"getText",[]]}
COMMAND: POST /session/4aedcc6e4741b2a879631080b602cb58/element/f.0FDC85D955747547727011D182B9DC15.d.DD429844C5B3FCB29E078A78C898A104.e.10459/click - {}
RESULT: {}
COMMAND: GET /session/4aedcc6e4741b2a879631080b602cb58/screenshot - {}
RESULT: {}
]]></system-out>
    </testcase>
    <testcase classname="chrome.136_0_7103_93.windows.Reduced_contract_US151275" name="Should add a RU to the contract" time="46.135">
      <system-out><![CDATA[
COMMAND: POST /session/4aedcc6e4741b2a879631080b602cb58/element - {"using":"xpath","value":"(//span[contains(text(), \"Header Billing Items\")])[2]"}
RESULT: {"using":"xpath","value":"(//span[contains(text(), \"Header Billing Items\")])[2]"}
COMMAND: POST /session/4aedcc6e4741b2a879631080b602cb58/element/f.0FDC85D955747547727011D182B9DC15.d.DD429844C5B3FCB29E078A78C898A104.e.10503/click - {}
RESULT: {}
COMMAND: GET /session/4aedcc6e4741b2a879631080b602cb58/screenshot - {}
RESULT: {}
COMMAND: POST /session/4aedcc6e4741b2a879631080b602cb58/element - {"using":"xpath","value":"//button[@data-kt=\"btnAddTableRowOverflowToolbarButton\"]"}
RESULT: {"using":"xpath","value":"//button[@data-kt=\"btnAddTableRowOverflowToolbarButton\"]"}
COMMAND: POST /session/4aedcc6e4741b2a879631080b602cb58/element/f.0FDC85D955747547727011D182B9DC15.d.DD429844C5B3FCB29E078A78C898A104.e.10506/click - {}
RESULT: {}
COMMAND: GET /session/4aedcc6e4741b2a879631080b602cb58/screenshot - {}
RESULT: {}
COMMAND: POST /session/4aedcc6e4741b2a879631080b602cb58/element - {"using":"xpath","value":"//div[(text() = 'Standard Entry' or . = 'Standard Entry')]"}
RESULT: {"using":"xpath","value":"//div[(text() = 'Standard Entry' or . = 'Standard Entry')]"}
COMMAND: POST /session/4aedcc6e4741b2a879631080b602cb58/element/f.0FDC85D955747547727011D182B9DC15.d.DD429844C5B3FCB29E078A78C898A104.e.10508/click - {}
RESULT: {}
COMMAND: POST /session/4aedcc6e4741b2a879631080b602cb58/element - {"using":"xpath","value":"//td[6]/div/div/input[1]"}
COMMAND: GET /session/4aedcc6e4741b2a879631080b602cb58/screenshot - {}
RESULT: {"using":"xpath","value":"//td[6]/div/div/input[1]"}
COMMAND: POST /session/4aedcc6e4741b2a879631080b602cb58/element/f.0FDC85D955747547727011D182B9DC15.d.DD429844C5B3FCB29E078A78C898A104.e.10510/click - {}
RESULT: {}
RESULT: {}
COMMAND: POST /session/4aedcc6e4741b2a879631080b602cb58/actions - {"actions":[{"id":"action60","type":"key","parameters":{},"actions":[{"type":"keyDown","value":"î€ƒ"},{"type":"pause","duration":10},{"type":"keyUp","value":"î€ƒ"}]}]}
COMMAND: GET /session/4aedcc6e4741b2a879631080b602cb58/screenshot - {}
RESULT: {}
RESULT: {"actions":[{"id":"action60","type":"key","parameters":{},"actions":[{"type":"keyDown","value":"î€ƒ"},{"type":"pause","duration":10},{"type":"keyUp","value":"î€ƒ"}]}]}
COMMAND: POST /session/4aedcc6e4741b2a879631080b602cb58/element - {"using":"xpath","value":"//td[6]/div/div/input[1]"}
COMMAND: GET /session/4aedcc6e4741b2a879631080b602cb58/screenshot - {}
RESULT: {"using":"xpath","value":"//td[6]/div/div/input[1]"}
COMMAND: POST /session/4aedcc6e4741b2a879631080b602cb58/element/f.0FDC85D955747547727011D182B9DC15.d.DD429844C5B3FCB29E078A78C898A104.e.10510/clear - {}
RESULT: {}
RESULT: {}
COMMAND: POST /session/4aedcc6e4741b2a879631080b602cb58/element/f.0FDC85D955747547727011D182B9DC15.d.DD429844C5B3FCB29E078A78C898A104.e.10510/value - {"text":"Material"}
COMMAND: GET /session/4aedcc6e4741b2a879631080b602cb58/screenshot - {}
RESULT: {"text":"Material"}
COMMAND: GET /session/4aedcc6e4741b2a879631080b602cb58/screenshot - {}
RESULT: {}
RESULT: {}
COMMAND: POST /session/4aedcc6e4741b2a879631080b602cb58/actions - {"actions":[{"id":"action61","type":"key","parameters":{},"actions":[{"type":"keyDown","value":"î€‡"},{"type":"pause","duration":10},{"type":"keyUp","value":"î€‡"}]}]}
RESULT: {"actions":[{"id":"action61","type":"key","parameters":{},"actions":[{"type":"keyDown","value":"î€‡"},{"type":"pause","duration":10},{"type":"keyUp","value":"î€‡"}]}]}
COMMAND: GET /session/4aedcc6e4741b2a879631080b602cb58/screenshot - {}
COMMAND: POST /session/4aedcc6e4741b2a879631080b602cb58/actions - {"actions":[{"id":"action62","type":"key","parameters":{},"actions":[{"type":"keyDown","value":"î€‡"},{"type":"pause","duration":10},{"type":"keyUp","value":"î€‡"}]}]}
RESULT: {}
RESULT: {"actions":[{"id":"action62","type":"key","parameters":{},"actions":[{"type":"keyDown","value":"î€‡"},{"type":"pause","duration":10},{"type":"keyUp","value":"î€‡"}]}]}
COMMAND: POST /session/4aedcc6e4741b2a879631080b602cb58/element - {"using":"xpath","value":"//td[7]/div/div/input"}
COMMAND: GET /session/4aedcc6e4741b2a879631080b602cb58/screenshot - {}
RESULT: {"using":"xpath","value":"//td[7]/div/div/input"}
COMMAND: POST /session/4aedcc6e4741b2a879631080b602cb58/element/f.0FDC85D955747547727011D182B9DC15.d.DD429844C5B3FCB29E078A78C898A104.e.10523/clear - {}
RESULT: {}
RESULT: {}
COMMAND: POST /session/4aedcc6e4741b2a879631080b602cb58/element/f.0FDC85D955747547727011D182B9DC15.d.DD429844C5B3FCB29E078A78C898A104.e.10523/value - {"text":"WebdriverRUR2C"}
COMMAND: GET /session/4aedcc6e4741b2a879631080b602cb58/screenshot - {}
RESULT: {"text":"WebdriverRUR2C"}
COMMAND: GET /session/4aedcc6e4741b2a879631080b602cb58/screenshot - {}
RESULT: {}
RESULT: {}
COMMAND: POST /session/4aedcc6e4741b2a879631080b602cb58/actions - {"actions":[{"id":"action63","type":"key","parameters":{},"actions":[{"type":"keyDown","value":"î€‡"},{"type":"pause","duration":10},{"type":"keyUp","value":"î€‡"}]}]}
RESULT: {"actions":[{"id":"action63","type":"key","parameters":{},"actions":[{"type":"keyDown","value":"î€‡"},{"type":"pause","duration":10},{"type":"keyUp","value":"î€‡"}]}]}
COMMAND: GET /session/4aedcc6e4741b2a879631080b602cb58/screenshot - {}
COMMAND: POST /session/4aedcc6e4741b2a879631080b602cb58/actions - {"actions":[{"id":"action64","type":"key","parameters":{},"actions":[{"type":"keyDown","value":"î€‡"},{"type":"pause","duration":10},{"type":"keyUp","value":"î€‡"}]}]}
RESULT: {}
RESULT: {"actions":[{"id":"action64","type":"key","parameters":{},"actions":[{"type":"keyDown","value":"î€‡"},{"type":"pause","duration":10},{"type":"keyUp","value":"î€‡"}]}]}
COMMAND: GET /session/4aedcc6e4741b2a879631080b602cb58/screenshot - {}
RESULT: {}
COMMAND: POST /session/4aedcc6e4741b2a879631080b602cb58/element - {"using":"xpath","value":"(//button[@data-kt=\"saveButton\"])[2]"}
RESULT: {"using":"xpath","value":"(//button[@data-kt=\"saveButton\"])[2]"}
COMMAND: POST /session/4aedcc6e4741b2a879631080b602cb58/element/f.0FDC85D955747547727011D182B9DC15.d.DD429844C5B3FCB29E078A78C898A104.e.10548/click - {}
RESULT: {}
COMMAND: GET /session/4aedcc6e4741b2a879631080b602cb58/screenshot - {}
RESULT: {}
COMMAND: POST /session/4aedcc6e4741b2a879631080b602cb58/element - {"using":"xpath","value":"//button[contains(@data-kt ,\"contractDetailEditBtnButton\")]"}
RESULT: {"using":"xpath","value":"//button[contains(@data-kt ,\"contractDetailEditBtnButton\")]"}
COMMAND: POST /session/4aedcc6e4741b2a879631080b602cb58/execute/sync - {"script":"<script> [8489 bytes]","args":[{"element-6066-11e4-a52e-4f735466cecf":"f.0FDC85D955747547727011D182B9DC15.d.DD429844C5B3FCB29E078A78C898A104.e.10459","ELEMENT":"f.0FDC85D955747547727011D182B9DC15.d.DD429844C5B3FCB29E078A78C898A104.e.10459"}]}
RESULT: {"script":"<script> [8489 bytes]","args":[{"element-6066-11e4-a52e-4f735466cecf":"f.0FDC85D955747547727011D182B9DC15.d.DD429844C5B3FCB29E078A78C898A104.e.10459","ELEMENT":"f.0FDC85D955747547727011D182B9DC15.d.DD429844C5B3FCB29E078A78C898A104.e.10459"}]}
COMMAND: POST /session/4aedcc6e4741b2a879631080b602cb58/execute/sync - {"script":"<script> [8489 bytes]","args":[{"element-6066-11e4-a52e-4f735466cecf":"f.0FDC85D955747547727011D182B9DC15.d.DD429844C5B3FCB29E078A78C898A104.e.10459","ELEMENT":"f.0FDC85D955747547727011D182B9DC15.d.DD429844C5B3FCB29E078A78C898A104.e.10459"}]}
COMMAND: GET /session/4aedcc6e4741b2a879631080b602cb58/screenshot - {}
RESULT: {"script":"<script> [8489 bytes]","args":[{"element-6066-11e4-a52e-4f735466cecf":"f.0FDC85D955747547727011D182B9DC15.d.DD429844C5B3FCB29E078A78C898A104.e.10459","ELEMENT":"f.0FDC85D955747547727011D182B9DC15.d.DD429844C5B3FCB29E078A78C898A104.e.10459"}]}
COMMAND: POST /session/4aedcc6e4741b2a879631080b602cb58/execute/sync - {"script":"<script> [5351 bytes]","args":[{"element-6066-11e4-a52e-4f735466cecf":"f.0FDC85D955747547727011D182B9DC15.d.DD429844C5B3FCB29E078A78C898A104.e.10459","ELEMENT":"f.0FDC85D955747547727011D182B9DC15.d.DD429844C5B3FCB29E078A78C898A104.e.10459"}]}
COMMAND: GET /session/4aedcc6e4741b2a879631080b602cb58/screenshot - {}
RESULT: {}
RESULT: {"script":"<script> [5351 bytes]","args":[{"element-6066-11e4-a52e-4f735466cecf":"f.0FDC85D955747547727011D182B9DC15.d.DD429844C5B3FCB29E078A78C898A104.e.10459","ELEMENT":"f.0FDC85D955747547727011D182B9DC15.d.DD429844C5B3FCB29E078A78C898A104.e.10459"}]}
COMMAND: POST /session/4aedcc6e4741b2a879631080b602cb58/element - {"using":"xpath","value":"(//span[contains(text(), \"Header Billing Items\")])[1]"}
COMMAND: GET /session/4aedcc6e4741b2a879631080b602cb58/screenshot - {}
RESULT: {}
RESULT: {"using":"xpath","value":"(//span[contains(text(), \"Header Billing Items\")])[1]"}
COMMAND: POST /session/4aedcc6e4741b2a879631080b602cb58/element/f.0FDC85D955747547727011D182B9DC15.d.DD429844C5B3FCB29E078A78C898A104.e.10551/click - {}
RESULT: {}
RESULT: {}
COMMAND: GET /session/4aedcc6e4741b2a879631080b602cb58/screenshot - {}
RESULT: {}
COMMAND: POST /session/4aedcc6e4741b2a879631080b602cb58/execute/async - {"script":"<script> [1562 bytes]","args":[{"selector":{"controlType":"sap.m.Title","viewName":"etm.portal.ui.managecontracts.view.Detail","properties":{"text":"Contract Items (1)"}},"wdio_ui5_key":"etmportal.ui.managecontracts.view.Detailsap.m.Title{\"text\":\"Contract Items (1)\"}"}]}
RESULT: {"script":"<script> [1562 bytes]","args":[{"selector":{"controlType":"sap.m.Title","viewName":"etm.portal.ui.managecontracts.view.Detail","properties":{"text":"Contract Items (1)"}},"wdio_ui5_key":"etmportal.ui.managecontracts.view.Detailsap.m.Title{\"text\":\"Contract Items (1)\"}"}]}
RESULT: undefined
COMMAND: POST /session/4aedcc6e4741b2a879631080b602cb58/execute/async - {"script":"<script> [6424 bytes]","args":[{"element-6066-11e4-a52e-4f735466cecf":"f.0FDC85D955747547727011D182B9DC15.d.DD429844C5B3FCB29E078A78C898A104.e.10553"},"getText",[]]}
RESULT: {"script":"<script> [6424 bytes]","args":[{"element-6066-11e4-a52e-4f735466cecf":"f.0FDC85D955747547727011D182B9DC15.d.DD429844C5B3FCB29E078A78C898A104.e.10553"},"getText",[]]}
COMMAND: POST /session/4aedcc6e4741b2a879631080b602cb58/element - {"using":"xpath","value":"(//span[contains(@class ,\"sapMObjStatusText\")])[1]"}
RESULT: {"using":"xpath","value":"(//span[contains(@class ,\"sapMObjStatusText\")])[1]"}
COMMAND: GET /session/4aedcc6e4741b2a879631080b602cb58/element/f.0FDC85D955747547727011D182B9DC15.d.DD429844C5B3FCB29E078A78C898A104.e.10554/text - {}
RESULT: {}
COMMAND: POST /session/4aedcc6e4741b2a879631080b602cb58/refresh - {}
RESULT: {}
COMMAND: GET /session/4aedcc6e4741b2a879631080b602cb58/screenshot - {}
RESULT: {}
COMMAND: POST /session/4aedcc6e4741b2a879631080b602cb58/execute/async - {"script":"<script> [189 bytes]","args":[]}
RESULT: {"script":"<script> [189 bytes]","args":[]}
COMMAND: POST /session/4aedcc6e4741b2a879631080b602cb58/execute/async - {"script":"<script> [123 bytes]","args":[]}
RESULT: {"script":"<script> [123 bytes]","args":[]}
COMMAND: POST /session/4aedcc6e4741b2a879631080b602cb58/timeouts - {"script":"<number>"}
RESULT: {"script":"<number>"}
COMMAND: GET /session/4aedcc6e4741b2a879631080b602cb58/timeouts - {}
RESULT: {}
RESULT: undefined
COMMAND: POST /session/4aedcc6e4741b2a879631080b602cb58/execute/async - {"script":"<script> [2676 bytes]","args":[]}
RESULT: {"script":"<script> [2676 bytes]","args":[]}
COMMAND: POST /session/4aedcc6e4741b2a879631080b602cb58/execute/async - {"script":"<script> [2342 bytes]","args":[{"protocol":"http","hostname":"0.0.0.0","path":"/","capabilities":{"browserName":"chrome","goog:chromeOptions":{"binary":"C:\\Program Files\\Google\\Chrome\\Application\\chrome.exe","args":["--start-maximized"]}},"logLevel":"warn","connectionRetryTimeout":120000,"connectionRetryCount":3,"logLevels":{},"enableDirectConnect":true,"strictSSL":true,"_":"65 more keys: [\"cacheDir\",\"port\",\"requestedCapabilities\",\"automationProtocol\",\"baseUrl\",\"waitforInterval\",\"waitforTimeout\",\"onReload\",\"beforeCommand\",\"afterCommand\",\"rootDir\",\"specs\",\"suites\",\"exclude\",\"groupLogsByTestSpec\",\"excludeDriverLogs\",\"bail\",\"framework\",\"reporters\",\"services\",\"maxInstances\",\"maxInstancesPerCapability\",\"injectGlobals\",\"filesToWatch\",\"execArgv\",\"runnerEnv\",\"runner\",\"shard\",\"specFileRetries\",\"specFileRetriesDelay\",\"specFileRetriesDeferred\",\"reporterSyncInterval\",\"reporterSyncTimeout\",\"cucumberFeaturesWithLineNumbers\",\"autoCompileOpts\",\"mochaOpts\",\"jasmineOpts\",\"cucumberOpts\",\"onPrepare\",\"onWorkerStart\",\"onWorkerEnd\",\"before\",\"beforeSession\",\"beforeSuite\",\"beforeHook\",\"beforeTest\",\"afterTest\",\"afterHook\",\"afterSuite\",\"afterSession\",\"after\",\"onComplete\",\"beforeAssertion\",\"afterAssertion\",\"beforeFeature\",\"beforeScenario\",\"beforeStep\",\"afterStep\",\"afterScenario\",\"afterFeature\",\"_\",\"suite\",\"$0\",\"ignoredWorkerServices\",\"wdi5\"]"}]}
RESULT: {"script":"<script> [2342 bytes]","args":[{"protocol":"http","hostname":"0.0.0.0","path":"/","capabilities":{"browserName":"chrome","goog:chromeOptions":{"binary":"C:\\Program Files\\Google\\Chrome\\Application\\chrome.exe","args":["--start-maximized"]}},"logLevel":"warn","connectionRetryTimeout":120000,"connectionRetryCount":3,"logLevels":{},"enableDirectConnect":true,"strictSSL":true,"_":"65 more keys: [\"cacheDir\",\"port\",\"requestedCapabilities\",\"automationProtocol\",\"baseUrl\",\"waitforInterval\",\"waitforTimeout\",\"onReload\",\"beforeCommand\",\"afterCommand\",\"rootDir\",\"specs\",\"suites\",\"exclude\",\"groupLogsByTestSpec\",\"excludeDriverLogs\",\"bail\",\"framework\",\"reporters\",\"services\",\"maxInstances\",\"maxInstancesPerCapability\",\"injectGlobals\",\"filesToWatch\",\"execArgv\",\"runnerEnv\",\"runner\",\"shard\",\"specFileRetries\",\"specFileRetriesDelay\",\"specFileRetriesDeferred\",\"reporterSyncInterval\",\"reporterSyncTimeout\",\"cucumberFeaturesWithLineNumbers\",\"autoCompileOpts\",\"mochaOpts\",\"jasmineOpts\",\"cucumberOpts\",\"onPrepare\",\"onWorkerStart\",\"onWorkerEnd\",\"before\",\"beforeSession\",\"beforeSuite\",\"beforeHook\",\"beforeTest\",\"afterTest\",\"afterHook\",\"afterSuite\",\"afterSession\",\"after\",\"onComplete\",\"beforeAssertion\",\"afterAssertion\",\"beforeFeature\",\"beforeScenario\",\"beforeStep\",\"afterStep\",\"afterScenario\",\"afterFeature\",\"_\",\"suite\",\"$0\",\"ignoredWorkerServices\",\"wdi5\"]"}]}
COMMAND: POST /session/4aedcc6e4741b2a879631080b602cb58/execute/async - {"script":"<script> [21126 bytes]","args":[35000]}
RESULT: {"script":"<script> [21126 bytes]","args":[35000]}
COMMAND: POST /session/4aedcc6e4741b2a879631080b602cb58/element - {"using":"css selector","value":"#shell-header-logo"}
RESULT: {"using":"css selector","value":"#shell-header-logo"}
COMMAND: POST /session/4aedcc6e4741b2a879631080b602cb58/element/f.0FDC85D955747547727011D182B9DC15.d.EF2EEE71548BB9530EC67F3106963D0B.e.10561/click - {}
RESULT: {}
COMMAND: GET /session/4aedcc6e4741b2a879631080b602cb58/screenshot - {}
]]></system-out>
    </testcase>
  </testsuite>
  <testsuite timestamp="2025-05-20T18:19:02" time="1316.584" tests="7" failures="0" errors="0" skipped="0">
    <properties>
      <property name="specId" value="0" />
      <property name="suiteName" value="E2E - Logistical and commercial statuses" />
      <property name="capabilities" value="chrome.136_0_7103_93.windows" />
      <property name="file" value="file:///D:/a/1/s/test/specs/R2C/E2E-Logistical-and-commercial-status.spec.js" />
    </properties>
    <testcase classname="chrome.136_0_7103_93.windows.E2E_-_Logistical_and_commercial_statuses" name="Should create prerequisites yard partner and site" time="292.426">
      <system-out><![CDATA[
COMMAND: POST /session/4aedcc6e4741b2a879631080b602cb58/execute/async - {"script":"<script> [1562 bytes]","args":[{"selector":{"controlType":"sap.m.GenericTile","properties":{"header":"Manage Yards"}},"wdio_ui5_key":"sapm.GenericTile{\"header\":\"Manage Yards\"}"}]}
RESULT: {}
RESULT: {"script":"<script> [1562 bytes]","args":[{"selector":{"controlType":"sap.m.GenericTile","properties":{"header":"Manage Yards"}},"wdio_ui5_key":"sapm.GenericTile{\"header\":\"Manage Yards\"}"}]}
RESULT: undefined
COMMAND: POST /session/4aedcc6e4741b2a879631080b602cb58/element - {"using":"xpath","value":"//*[@id=\"__tile41\"]"}
RESULT: {"using":"xpath","value":"//*[@id=\"__tile41\"]"}
COMMAND: POST /session/4aedcc6e4741b2a879631080b602cb58/element/f.0FDC85D955747547727011D182B9DC15.d.EF2EEE71548BB9530EC67F3106963D0B.e.10788/click - {}
RESULT: {}
COMMAND: GET /session/4aedcc6e4741b2a879631080b602cb58/screenshot - {}
RESULT: {}
COMMAND: POST /session/4aedcc6e4741b2a879631080b602cb58/elements - {"using":"xpath","value":"//span[text()='Error']"}
RESULT: {"using":"xpath","value":"//span[text()='Error']"}
COMMAND: POST /session/4aedcc6e4741b2a879631080b602cb58/execute/async - {"script":"<script> [1562 bytes]","args":[{"selector":{"controlType":"sap.ui.core.Icon","viewName":"etm.portal.ui.manageyards.view.Master","viewId":"application-manageyards-display-component---masterYard","properties":{"src":{"regex":{"source":"add"}}}},"wdio_ui5_key":"etmportal.ui.manageyards.view.Mastersap.ui.core.Icon{\"src\":{\"regex\":{\"source\":\"add\"}}}"}]}
RESULT: {"script":"<script> [1562 bytes]","args":[{"selector":{"controlType":"sap.ui.core.Icon","viewName":"etm.portal.ui.manageyards.view.Master","viewId":"application-manageyards-display-component---masterYard","properties":{"src":{"regex":{"source":"add"}}}},"wdio_ui5_key":"etmportal.ui.manageyards.view.Mastersap.ui.core.Icon{\"src\":{\"regex\":{\"source\":\"add\"}}}"}]}
RESULT: undefined
COMMAND: POST /session/4aedcc6e4741b2a879631080b602cb58/element - {"using":"xpath","value":"//*[@id=\"__button14-img\"]"}
RESULT: {"using":"xpath","value":"//*[@id=\"__button14-img\"]"}
COMMAND: POST /session/4aedcc6e4741b2a879631080b602cb58/element/f.0FDC85D955747547727011D182B9DC15.d.EF2EEE71548BB9530EC67F3106963D0B.e.10831/click - {}
RESULT: {}
COMMAND: GET /session/4aedcc6e4741b2a879631080b602cb58/screenshot - {}
RESULT: {}
COMMAND: POST /session/4aedcc6e4741b2a879631080b602cb58/execute/async - {"script":"<script> [1562 bytes]","args":[{"selector":{"id":"application-manageyards-display-component---NewYard--yardId","interaction":{"idSuffix":"inner"}},"wdio_ui5_key":"applicationmanageyards-display-component---NewYard--yardId"}]}
RESULT: {"script":"<script> [1562 bytes]","args":[{"selector":{"id":"application-manageyards-display-component---NewYard--yardId","interaction":{"idSuffix":"inner"}},"wdio_ui5_key":"applicationmanageyards-display-component---NewYard--yardId"}]}
RESULT: undefined
COMMAND: POST /session/4aedcc6e4741b2a879631080b602cb58/element - {"using":"xpath","value":"//*[@id=\"application-manageyards-display-component---NewYard--addressDetailDetailsName1-inner\"]"}
RESULT: {"using":"xpath","value":"//*[@id=\"application-manageyards-display-component---NewYard--addressDetailDetailsName1-inner\"]"}
COMMAND: POST /session/4aedcc6e4741b2a879631080b602cb58/element/f.0FDC85D955747547727011D182B9DC15.d.EF2EEE71548BB9530EC67F3106963D0B.e.11153/clear - {}
RESULT: {}
COMMAND: POST /session/4aedcc6e4741b2a879631080b602cb58/element/f.0FDC85D955747547727011D182B9DC15.d.EF2EEE71548BB9530EC67F3106963D0B.e.11153/value - {"text":"WebdriverYardhxx7w"}
COMMAND: GET /session/4aedcc6e4741b2a879631080b602cb58/screenshot - {}
RESULT: {"text":"WebdriverYardhxx7w"}
COMMAND: POST /session/4aedcc6e4741b2a879631080b602cb58/element - {"using":"xpath","value":"//*[@id=\"application-manageyards-display-component---NewYard--addressDetailDetailsLanguage-inner\"]"}
COMMAND: GET /session/4aedcc6e4741b2a879631080b602cb58/screenshot - {}
RESULT: {}
RESULT: {"using":"xpath","value":"//*[@id=\"application-manageyards-display-component---NewYard--addressDetailDetailsLanguage-inner\"]"}
COMMAND: POST /session/4aedcc6e4741b2a879631080b602cb58/element/f.0FDC85D955747547727011D182B9DC15.d.EF2EEE71548BB9530EC67F3106963D0B.e.11154/clear - {}
RESULT: {}
RESULT: {}
COMMAND: POST /session/4aedcc6e4741b2a879631080b602cb58/element/f.0FDC85D955747547727011D182B9DC15.d.EF2EEE71548BB9530EC67F3106963D0B.e.11154/value - {"text":"Romanian"}
COMMAND: GET /session/4aedcc6e4741b2a879631080b602cb58/screenshot - {}
RESULT: {"text":"Romanian"}
COMMAND: POST /session/4aedcc6e4741b2a879631080b602cb58/element - {"using":"xpath","value":"//input[contains(@id ,\"application-manageyards-display-component---NewYard--addressDetailDetailsName1-inner\")]"}
COMMAND: GET /session/4aedcc6e4741b2a879631080b602cb58/screenshot - {}
RESULT: {}
RESULT: {"using":"xpath","value":"//input[contains(@id ,\"application-manageyards-display-component---NewYard--addressDetailDetailsName1-inner\")]"}
COMMAND: GET /session/4aedcc6e4741b2a879631080b602cb58/element/f.0FDC85D955747547727011D182B9DC15.d.EF2EEE71548BB9530EC67F3106963D0B.e.11153/property/value - {}
RESULT: {}
RESULT: {}
COMMAND: GET /session/4aedcc6e4741b2a879631080b602cb58/screenshot - {}
RESULT: {}
COMMAND: POST /session/4aedcc6e4741b2a879631080b602cb58/element - {"using":"xpath","value":"//*[@id=\"application-manageyards-display-component---NewYard--addressDetailDetailsCity1-inner\"]"}
RESULT: {"using":"xpath","value":"//*[@id=\"application-manageyards-display-component---NewYard--addressDetailDetailsCity1-inner\"]"}
COMMAND: POST /session/4aedcc6e4741b2a879631080b602cb58/element/f.0FDC85D955747547727011D182B9DC15.d.EF2EEE71548BB9530EC67F3106963D0B.e.11156/clear - {}
RESULT: {}
COMMAND: POST /session/4aedcc6e4741b2a879631080b602cb58/element/f.0FDC85D955747547727011D182B9DC15.d.EF2EEE71548BB9530EC67F3106963D0B.e.11156/value - {"text":"Bucuresti"}
COMMAND: GET /session/4aedcc6e4741b2a879631080b602cb58/screenshot - {}
RESULT: {"text":"Bucuresti"}
COMMAND: GET /session/4aedcc6e4741b2a879631080b602cb58/screenshot - {}
RESULT: {}
RESULT: {}
COMMAND: POST /session/4aedcc6e4741b2a879631080b602cb58/element - {"using":"xpath","value":"//*[@id=\"application-manageyards-display-component---NewYard--addressDetailDetailsCountry-inner\"]"}
RESULT: {"using":"xpath","value":"//*[@id=\"application-manageyards-display-component---NewYard--addressDetailDetailsCountry-inner\"]"}
COMMAND: POST /session/4aedcc6e4741b2a879631080b602cb58/element/f.0FDC85D955747547727011D182B9DC15.d.EF2EEE71548BB9530EC67F3106963D0B.e.11160/clear - {}
RESULT: {}
COMMAND: POST /session/4aedcc6e4741b2a879631080b602cb58/element/f.0FDC85D955747547727011D182B9DC15.d.EF2EEE71548BB9530EC67F3106963D0B.e.11160/value - {"text":"Romania"}
COMMAND: GET /session/4aedcc6e4741b2a879631080b602cb58/screenshot - {}
RESULT: {"text":"Romania"}
COMMAND: GET /session/4aedcc6e4741b2a879631080b602cb58/screenshot - {}
RESULT: {}
RESULT: {}
COMMAND: POST /session/4aedcc6e4741b2a879631080b602cb58/element - {"using":"xpath","value":"//div[contains(text(), \"Commercial\")]"}
RESULT: {"using":"xpath","value":"//div[contains(text(), \"Commercial\")]"}
COMMAND: GET /session/4aedcc6e4741b2a879631080b602cb58/element/f.0FDC85D955747547727011D182B9DC15.d.EF2EEE71548BB9530EC67F3106963D0B.e.11398/rect - {}
RESULT: {}
COMMAND: GET /session/4aedcc6e4741b2a879631080b602cb58/window/rect - {}
RESULT: {}
COMMAND: POST /session/4aedcc6e4741b2a879631080b602cb58/execute/sync - {"script":"<script> [92 bytes]","args":[]}
RESULT: {"script":"<script> [92 bytes]","args":[]}
COMMAND: POST /session/4aedcc6e4741b2a879631080b602cb58/actions - {"actions":[{"id":"action65","type":"wheel","parameters":{},"actions":[{"type":"scroll","x":-1841,"y":-44,"deltaX":0,"deltaY":0,"duration":0,"origin":{"element-6066-11e4-a52e-4f735466cecf":"f.0FDC85D955747547727011D182B9DC15.d.EF2EEE71548BB9530EC67F3106963D0B.e.11398"}}]}]}
COMMAND: GET /session/4aedcc6e4741b2a879631080b602cb58/screenshot - {}
RESULT: {}
COMMAND: POST /session/4aedcc6e4741b2a879631080b602cb58/execute/sync - {"script":"<script> [79 bytes]","args":[{"element-6066-11e4-a52e-4f735466cecf":"f.0FDC85D955747547727011D182B9DC15.d.EF2EEE71548BB9530EC67F3106963D0B.e.11398","ELEMENT":"f.0FDC85D955747547727011D182B9DC15.d.EF2EEE71548BB9530EC67F3106963D0B.e.11398"},{"block":"start","inline":"nearest"}]}
RESULT: {"script":"<script> [79 bytes]","args":[{"element-6066-11e4-a52e-4f735466cecf":"f.0FDC85D955747547727011D182B9DC15.d.EF2EEE71548BB9530EC67F3106963D0B.e.11398","ELEMENT":"f.0FDC85D955747547727011D182B9DC15.d.EF2EEE71548BB9530EC67F3106963D0B.e.11398"},{"block":"start","inline":"nearest"}]}
COMMAND: GET /session/4aedcc6e4741b2a879631080b602cb58/screenshot - {}
RESULT: {}
COMMAND: POST /session/4aedcc6e4741b2a879631080b602cb58/execute/async - {"script":"<script> [1562 bytes]","args":[{"selector":{"id":"application-manageyards-display-component---NewYard--addressEditDetailsCostObjectCstType-arrow"},"wdio_ui5_key":"applicationmanageyards-display-component---NewYard--addressEditDetailsCostObjectCstType-arrow"}]}
RESULT: {"script":"<script> [1562 bytes]","args":[{"selector":{"id":"application-manageyards-display-component---NewYard--addressEditDetailsCostObjectCstType-arrow"},"wdio_ui5_key":"applicationmanageyards-display-component---NewYard--addressEditDetailsCostObjectCstType-arrow"}]}
RESULT: undefined
COMMAND: POST /session/4aedcc6e4741b2a879631080b602cb58/element - {"using":"xpath","value":"//*[@id=\"application-manageyards-display-component---NewYard--addressEditDetailsCostObjectCstType-arrow\"]"}
RESULT: {"using":"xpath","value":"//*[@id=\"application-manageyards-display-component---NewYard--addressEditDetailsCostObjectCstType-arrow\"]"}
COMMAND: POST /session/4aedcc6e4741b2a879631080b602cb58/element/f.0FDC85D955747547727011D182B9DC15.d.EF2EEE71548BB9530EC67F3106963D0B.e.11406/click - {}
RESULT: {}
COMMAND: POST /session/4aedcc6e4741b2a879631080b602cb58/element - {"using":"xpath","value":"//span[contains(text(), \"Cost Center\")]"}
COMMAND: GET /session/4aedcc6e4741b2a879631080b602cb58/screenshot - {}
RESULT: {"using":"xpath","value":"//span[contains(text(), \"Cost Center\")]"}
COMMAND: POST /session/4aedcc6e4741b2a879631080b602cb58/element/f.0FDC85D955747547727011D182B9DC15.d.EF2EEE71548BB9530EC67F3106963D0B.e.11407/click - {}
RESULT: {}
RESULT: {}
COMMAND: GET /session/4aedcc6e4741b2a879631080b602cb58/screenshot - {}
RESULT: {}
COMMAND: POST /session/4aedcc6e4741b2a879631080b602cb58/execute/async - {"script":"<script> [1562 bytes]","args":[{"selector":{"id":"application-manageyards-display-component---NewYard--addressNewCostObjectCstID-vhi"},"wdio_ui5_key":"applicationmanageyards-display-component---NewYard--addressNewCostObjectCstID-vhi"}]}
RESULT: {"script":"<script> [1562 bytes]","args":[{"selector":{"id":"application-manageyards-display-component---NewYard--addressNewCostObjectCstID-vhi"},"wdio_ui5_key":"applicationmanageyards-display-component---NewYard--addressNewCostObjectCstID-vhi"}]}
RESULT: undefined
COMMAND: POST /session/4aedcc6e4741b2a879631080b602cb58/element - {"using":"xpath","value":"//*[@id=\"application-manageyards-display-component---NewYard--addressNewCostObjectCstID-vhi\"]"}
RESULT: {"using":"xpath","value":"//*[@id=\"application-manageyards-display-component---NewYard--addressNewCostObjectCstID-vhi\"]"}
COMMAND: POST /session/4aedcc6e4741b2a879631080b602cb58/element/f.0FDC85D955747547727011D182B9DC15.d.EF2EEE71548BB9530EC67F3106963D0B.e.11411/click - {}
RESULT: {}
COMMAND: GET /session/4aedcc6e4741b2a879631080b602cb58/screenshot - {}
RESULT: {}
COMMAND: POST /session/4aedcc6e4741b2a879631080b602cb58/execute/async - {"script":"<script> [1562 bytes]","args":[{"selector":{"controlType":"sap.m.SearchField","properties":{"placeholder":"Search"},"searchOpenDialogs":true,"interaction":{"idSuffix":"I"}},"wdio_ui5_key":"sapm.SearchField{\"placeholder\":\"Search\"}"}]}
RESULT: {"script":"<script> [1562 bytes]","args":[{"selector":{"controlType":"sap.m.SearchField","properties":{"placeholder":"Search"},"searchOpenDialogs":true,"interaction":{"idSuffix":"I"}},"wdio_ui5_key":"sapm.SearchField{\"placeholder\":\"Search\"}"}]}
RESULT: undefined
COMMAND: POST /session/4aedcc6e4741b2a879631080b602cb58/execute/async - {"script":"<script> [776 bytes]","args":[{"enterText":"10001013","selector":{"controlType":"sap.m.SearchField","properties":{"placeholder":"Search"},"searchOpenDialogs":true,"interaction":{"idSuffix":"I"}},"clearTextFirst":true,"interactionType":"ENTER_TEXT"}]}
RESULT: {"script":"<script> [776 bytes]","args":[{"enterText":"10001013","selector":{"controlType":"sap.m.SearchField","properties":{"placeholder":"Search"},"searchOpenDialogs":true,"interaction":{"idSuffix":"I"}},"clearTextFirst":true,"interactionType":"ENTER_TEXT"}]}
COMMAND: POST /session/4aedcc6e4741b2a879631080b602cb58/actions - {"actions":[{"id":"action66","type":"key","parameters":{},"actions":[{"type":"keyDown","value":"î€‡"},{"type":"pause","duration":10},{"type":"keyUp","value":"î€‡"}]}]}
RESULT: {"actions":[{"id":"action66","type":"key","parameters":{},"actions":[{"type":"keyDown","value":"î€‡"},{"type":"pause","duration":10},{"type":"keyUp","value":"î€‡"}]}]}
COMMAND: GET /session/4aedcc6e4741b2a879631080b602cb58/screenshot - {}
RESULT: {}
COMMAND: POST /session/4aedcc6e4741b2a879631080b602cb58/element - {"using":"xpath","value":"//span[contains(text(), \"General Management\")]"}
RESULT: {"using":"xpath","value":"//span[contains(text(), \"General Management\")]"}
COMMAND: POST /session/4aedcc6e4741b2a879631080b602cb58/element/f.0FDC85D955747547727011D182B9DC15.d.EF2EEE71548BB9530EC67F3106963D0B.e.11451/click - {}
RESULT: {}
COMMAND: GET /session/4aedcc6e4741b2a879631080b602cb58/screenshot - {}
RESULT: {}
COMMAND: POST /session/4aedcc6e4741b2a879631080b602cb58/element - {"using":"xpath","value":"//bdi[contains(text(), \"OK\")]"}
RESULT: {"using":"xpath","value":"//bdi[contains(text(), \"OK\")]"}
COMMAND: POST /session/4aedcc6e4741b2a879631080b602cb58/element/f.0FDC85D955747547727011D182B9DC15.d.EF2EEE71548BB9530EC67F3106963D0B.e.11452/click - {}
RESULT: {}
COMMAND: GET /session/4aedcc6e4741b2a879631080b602cb58/screenshot - {}
RESULT: {}
COMMAND: POST /session/4aedcc6e4741b2a879631080b602cb58/execute/async - {"script":"<script> [1562 bytes]","args":[{"selector":{"controlType":"sap.m.Button","viewName":"etm.portal.ui.manageyards.view.New","viewId":"application-manageyards-display-component---NewYard","i18NText":{"propertyName":"text","key":"save"},"interaction":{"idSuffix":"inner"}},"wdio_ui5_key":"etmportal.ui.manageyards.view.Newsap.m.Button{\"propertyName\":\"text\",\"key\":\"save\"}"}]}
RESULT: {"script":"<script> [1562 bytes]","args":[{"selector":{"controlType":"sap.m.Button","viewName":"etm.portal.ui.manageyards.view.New","viewId":"application-manageyards-display-component---NewYard","i18NText":{"propertyName":"text","key":"save"},"interaction":{"idSuffix":"inner"}},"wdio_ui5_key":"etmportal.ui.manageyards.view.Newsap.m.Button{\"propertyName\":\"text\",\"key\":\"save\"}"}]}
RESULT: undefined
COMMAND: POST /session/4aedcc6e4741b2a879631080b602cb58/element - {"using":"xpath","value":"//*[@id=\"__button28\"]"}
RESULT: {"using":"xpath","value":"//*[@id=\"__button28\"]"}
COMMAND: POST /session/4aedcc6e4741b2a879631080b602cb58/element/f.0FDC85D955747547727011D182B9DC15.d.EF2EEE71548BB9530EC67F3106963D0B.e.11353/click - {}
RESULT: {}
COMMAND: GET /session/4aedcc6e4741b2a879631080b602cb58/screenshot - {}
RESULT: {}
COMMAND: POST /session/4aedcc6e4741b2a879631080b602cb58/element - {"using":"xpath","value":"//header/div/div[2]/div[2]/span"}
RESULT: {"using":"xpath","value":"//header/div/div[2]/div[2]/span"}
COMMAND: GET /session/4aedcc6e4741b2a879631080b602cb58/element/f.0FDC85D955747547727011D182B9DC15.d.EF2EEE71548BB9530EC67F3106963D0B.e.11649/text - {}
RESULT: {}
COMMAND: POST /session/4aedcc6e4741b2a879631080b602cb58/execute/async - {"script":"<script> [1562 bytes]","args":[{"selector":{"controlType":"sap.m.OverflowToolbarButton","viewName":"etm.portal.ui.manageyards.view.Detail","viewId":"application-manageyards-display-component---detailYard","i18NText":{"propertyName":"tooltip","key":"closeColumn"},"interaction":{"idSuffix":"inner"}},"wdio_ui5_key":"etmportal.ui.manageyards.view.Detailsap.m.OverflowToolbarButton{\"propertyName\":\"tooltip\",\"key\":\"closeColumn\"}"}]}
RESULT: {"script":"<script> [1562 bytes]","args":[{"selector":{"controlType":"sap.m.OverflowToolbarButton","viewName":"etm.portal.ui.manageyards.view.Detail","viewId":"application-manageyards-display-component---detailYard","i18NText":{"propertyName":"tooltip","key":"closeColumn"},"interaction":{"idSuffix":"inner"}},"wdio_ui5_key":"etmportal.ui.manageyards.view.Detailsap.m.OverflowToolbarButton{\"propertyName\":\"tooltip\",\"key\":\"closeColumn\"}"}]}
RESULT: undefined
COMMAND: POST /session/4aedcc6e4741b2a879631080b602cb58/element - {"using":"xpath","value":"//*[@id=\"__button50\"]"}
RESULT: {"using":"xpath","value":"//*[@id=\"__button50\"]"}
COMMAND: POST /session/4aedcc6e4741b2a879631080b602cb58/element/f.0FDC85D955747547727011D182B9DC15.d.EF2EEE71548BB9530EC67F3106963D0B.e.11651/click - {}
RESULT: {}
COMMAND: GET /session/4aedcc6e4741b2a879631080b602cb58/screenshot - {}
RESULT: {}
COMMAND: POST /session/4aedcc6e4741b2a879631080b602cb58/element - {"using":"css selector","value":"#shell-header-logo"}
RESULT: {"using":"css selector","value":"#shell-header-logo"}
COMMAND: POST /session/4aedcc6e4741b2a879631080b602cb58/element/f.0FDC85D955747547727011D182B9DC15.d.EF2EEE71548BB9530EC67F3106963D0B.e.10791/click - {}
RESULT: {}
COMMAND: GET /session/4aedcc6e4741b2a879631080b602cb58/screenshot - {}
RESULT: {}
COMMAND: POST /session/4aedcc6e4741b2a879631080b602cb58/refresh - {}
RESULT: {}
COMMAND: GET /session/4aedcc6e4741b2a879631080b602cb58/screenshot - {}
RESULT: {}
COMMAND: POST /session/4aedcc6e4741b2a879631080b602cb58/execute/async - {"script":"<script> [189 bytes]","args":[]}
RESULT: {"script":"<script> [189 bytes]","args":[]}
COMMAND: POST /session/4aedcc6e4741b2a879631080b602cb58/execute/async - {"script":"<script> [123 bytes]","args":[]}
RESULT: {"script":"<script> [123 bytes]","args":[]}
COMMAND: POST /session/4aedcc6e4741b2a879631080b602cb58/timeouts - {"script":"<number>"}
RESULT: {"script":"<number>"}
COMMAND: GET /session/4aedcc6e4741b2a879631080b602cb58/timeouts - {}
RESULT: {}
RESULT: undefined
COMMAND: POST /session/4aedcc6e4741b2a879631080b602cb58/execute/async - {"script":"<script> [2676 bytes]","args":[]}
RESULT: {"script":"<script> [2676 bytes]","args":[]}
COMMAND: POST /session/4aedcc6e4741b2a879631080b602cb58/execute/async - {"script":"<script> [2342 bytes]","args":[{"protocol":"http","hostname":"0.0.0.0","path":"/","capabilities":{"browserName":"chrome","goog:chromeOptions":{"binary":"C:\\Program Files\\Google\\Chrome\\Application\\chrome.exe","args":["--start-maximized"]}},"logLevel":"warn","connectionRetryTimeout":120000,"connectionRetryCount":3,"logLevels":{},"enableDirectConnect":true,"strictSSL":true,"_":"65 more keys: [\"cacheDir\",\"port\",\"requestedCapabilities\",\"automationProtocol\",\"baseUrl\",\"waitforInterval\",\"waitforTimeout\",\"onReload\",\"beforeCommand\",\"afterCommand\",\"rootDir\",\"specs\",\"suites\",\"exclude\",\"groupLogsByTestSpec\",\"excludeDriverLogs\",\"bail\",\"framework\",\"reporters\",\"services\",\"maxInstances\",\"maxInstancesPerCapability\",\"injectGlobals\",\"filesToWatch\",\"execArgv\",\"runnerEnv\",\"runner\",\"shard\",\"specFileRetries\",\"specFileRetriesDelay\",\"specFileRetriesDeferred\",\"reporterSyncInterval\",\"reporterSyncTimeout\",\"cucumberFeaturesWithLineNumbers\",\"autoCompileOpts\",\"mochaOpts\",\"jasmineOpts\",\"cucumberOpts\",\"onPrepare\",\"onWorkerStart\",\"onWorkerEnd\",\"before\",\"beforeSession\",\"beforeSuite\",\"beforeHook\",\"beforeTest\",\"afterTest\",\"afterHook\",\"afterSuite\",\"afterSession\",\"after\",\"onComplete\",\"beforeAssertion\",\"afterAssertion\",\"beforeFeature\",\"beforeScenario\",\"beforeStep\",\"afterStep\",\"afterScenario\",\"afterFeature\",\"_\",\"suite\",\"$0\",\"ignoredWorkerServices\",\"wdi5\"]"}]}
RESULT: {"script":"<script> [2342 bytes]","args":[{"protocol":"http","hostname":"0.0.0.0","path":"/","capabilities":{"browserName":"chrome","goog:chromeOptions":{"binary":"C:\\Program Files\\Google\\Chrome\\Application\\chrome.exe","args":["--start-maximized"]}},"logLevel":"warn","connectionRetryTimeout":120000,"connectionRetryCount":3,"logLevels":{},"enableDirectConnect":true,"strictSSL":true,"_":"65 more keys: [\"cacheDir\",\"port\",\"requestedCapabilities\",\"automationProtocol\",\"baseUrl\",\"waitforInterval\",\"waitforTimeout\",\"onReload\",\"beforeCommand\",\"afterCommand\",\"rootDir\",\"specs\",\"suites\",\"exclude\",\"groupLogsByTestSpec\",\"excludeDriverLogs\",\"bail\",\"framework\",\"reporters\",\"services\",\"maxInstances\",\"maxInstancesPerCapability\",\"injectGlobals\",\"filesToWatch\",\"execArgv\",\"runnerEnv\",\"runner\",\"shard\",\"specFileRetries\",\"specFileRetriesDelay\",\"specFileRetriesDeferred\",\"reporterSyncInterval\",\"reporterSyncTimeout\",\"cucumberFeaturesWithLineNumbers\",\"autoCompileOpts\",\"mochaOpts\",\"jasmineOpts\",\"cucumberOpts\",\"onPrepare\",\"onWorkerStart\",\"onWorkerEnd\",\"before\",\"beforeSession\",\"beforeSuite\",\"beforeHook\",\"beforeTest\",\"afterTest\",\"afterHook\",\"afterSuite\",\"afterSession\",\"after\",\"onComplete\",\"beforeAssertion\",\"afterAssertion\",\"beforeFeature\",\"beforeScenario\",\"beforeStep\",\"afterStep\",\"afterScenario\",\"afterFeature\",\"_\",\"suite\",\"$0\",\"ignoredWorkerServices\",\"wdi5\"]"}]}
COMMAND: POST /session/4aedcc6e4741b2a879631080b602cb58/execute/async - {"script":"<script> [21126 bytes]","args":[35000]}
RESULT: {"script":"<script> [21126 bytes]","args":[35000]}
COMMAND: POST /session/4aedcc6e4741b2a879631080b602cb58/execute/async - {"script":"<script> [1562 bytes]","args":[{"selector":{"controlType":"sap.m.GenericTile","properties":{"header":"Manage Partners"}},"wdio_ui5_key":"sapm.GenericTile{\"header\":\"Manage Partners\"}"}]}
RESULT: {"script":"<script> [1562 bytes]","args":[{"selector":{"controlType":"sap.m.GenericTile","properties":{"header":"Manage Partners"}},"wdio_ui5_key":"sapm.GenericTile{\"header\":\"Manage Partners\"}"}]}
RESULT: undefined
COMMAND: POST /session/4aedcc6e4741b2a879631080b602cb58/element - {"using":"xpath","value":"//*[@id=\"__tile38\"]"}
RESULT: {"using":"xpath","value":"//*[@id=\"__tile38\"]"}
COMMAND: POST /session/4aedcc6e4741b2a879631080b602cb58/element/f.0FDC85D955747547727011D182B9DC15.d.AA91DECCCAEC2FDE0DFE01B5BE77676D.e.12003/click - {}
RESULT: {}
COMMAND: GET /session/4aedcc6e4741b2a879631080b602cb58/screenshot - {}
RESULT: {}
COMMAND: POST /session/4aedcc6e4741b2a879631080b602cb58/elements - {"using":"xpath","value":"//span[text()='Error']"}
RESULT: {"using":"xpath","value":"//span[text()='Error']"}
COMMAND: POST /session/4aedcc6e4741b2a879631080b602cb58/execute/async - {"script":"<script> [1562 bytes]","args":[{"selector":{"controlType":"sap.ui.core.Icon","viewName":"etm.portal.ui.managepartners.view.Master","viewId":"application-managepartners-display-component---masterPtm","properties":{"src":{"regex":{"source":"add"}}}},"wdio_ui5_key":"etmportal.ui.managepartners.view.Mastersap.ui.core.Icon{\"src\":{\"regex\":{\"source\":\"add\"}}}"}]}
RESULT: {"script":"<script> [1562 bytes]","args":[{"selector":{"controlType":"sap.ui.core.Icon","viewName":"etm.portal.ui.managepartners.view.Master","viewId":"application-managepartners-display-component---masterPtm","properties":{"src":{"regex":{"source":"add"}}}},"wdio_ui5_key":"etmportal.ui.managepartners.view.Mastersap.ui.core.Icon{\"src\":{\"regex\":{\"source\":\"add\"}}}"}]}
RESULT: undefined
COMMAND: POST /session/4aedcc6e4741b2a879631080b602cb58/element - {"using":"xpath","value":"//*[@id=\"__button4-img\"]"}
RESULT: {"using":"xpath","value":"//*[@id=\"__button4-img\"]"}
COMMAND: POST /session/4aedcc6e4741b2a879631080b602cb58/element/f.0FDC85D955747547727011D182B9DC15.d.AA91DECCCAEC2FDE0DFE01B5BE77676D.e.12053/click - {}
RESULT: {}
COMMAND: GET /session/4aedcc6e4741b2a879631080b602cb58/screenshot - {}
RESULT: {}
COMMAND: POST /session/4aedcc6e4741b2a879631080b602cb58/execute/async - {"script":"<script> [1562 bytes]","args":[{"selector":{"id":"application-managepartners-display-component---NewPartner--partnerId","interaction":{"idSuffix":"inner"}},"wdio_ui5_key":"applicationmanagepartners-display-component---NewPartner--partnerId"}]}
RESULT: {"script":"<script> [1562 bytes]","args":[{"selector":{"id":"application-managepartners-display-component---NewPartner--partnerId","interaction":{"idSuffix":"inner"}},"wdio_ui5_key":"applicationmanagepartners-display-component---NewPartner--partnerId"}]}
RESULT: undefined
COMMAND: POST /session/4aedcc6e4741b2a879631080b602cb58/execute/async - {"script":"<script> [1562 bytes]","args":[{"selector":{"id":"application-managepartners-display-component---NewPartner--addressDetailDetailsName1","interaction":{"idSuffix":"inner"}},"wdio_ui5_key":"applicationmanagepartners-display-component---NewPartner--addressDetailDetailsName1"}]}
RESULT: {"script":"<script> [1562 bytes]","args":[{"selector":{"id":"application-managepartners-display-component---NewPartner--addressDetailDetailsName1","interaction":{"idSuffix":"inner"}},"wdio_ui5_key":"applicationmanagepartners-display-component---NewPartner--addressDetailDetailsName1"}]}
RESULT: undefined
COMMAND: POST /session/4aedcc6e4741b2a879631080b602cb58/execute/async - {"script":"<script> [776 bytes]","args":[{"enterText":"WebdriverPartner80au1","selector":{"id":"application-managepartners-display-component---NewPartner--addressDetailDetailsName1","interaction":{"idSuffix":"inner"}},"clearTextFirst":true,"interactionType":"ENTER_TEXT"}]}
RESULT: {"script":"<script> [776 bytes]","args":[{"enterText":"WebdriverPartner80au1","selector":{"id":"application-managepartners-display-component---NewPartner--addressDetailDetailsName1","interaction":{"idSuffix":"inner"}},"clearTextFirst":true,"interactionType":"ENTER_TEXT"}]}
COMMAND: POST /session/4aedcc6e4741b2a879631080b602cb58/execute/async - {"script":"<script> [1562 bytes]","args":[{"selector":{"id":"application-managepartners-display-component---NewPartner--addressDetailDetailsLanguage","interaction":{"idSuffix":"inner"}},"wdio_ui5_key":"applicationmanagepartners-display-component---NewPartner--addressDetailDetailsLanguage"}]}
RESULT: {"script":"<script> [1562 bytes]","args":[{"selector":{"id":"application-managepartners-display-component---NewPartner--addressDetailDetailsLanguage","interaction":{"idSuffix":"inner"}},"wdio_ui5_key":"applicationmanagepartners-display-component---NewPartner--addressDetailDetailsLanguage"}]}
RESULT: undefined
COMMAND: POST /session/4aedcc6e4741b2a879631080b602cb58/execute/async - {"script":"<script> [776 bytes]","args":[{"enterText":"Romanian","selector":{"id":"application-managepartners-display-component---NewPartner--addressDetailDetailsLanguage","interaction":{"idSuffix":"inner"}},"clearTextFirst":true,"interactionType":"ENTER_TEXT"}]}
RESULT: {"script":"<script> [776 bytes]","args":[{"enterText":"Romanian","selector":{"id":"application-managepartners-display-component---NewPartner--addressDetailDetailsLanguage","interaction":{"idSuffix":"inner"}},"clearTextFirst":true,"interactionType":"ENTER_TEXT"}]}
COMMAND: POST /session/4aedcc6e4741b2a879631080b602cb58/element - {"using":"xpath","value":"//input[contains(@id ,\"application-managepartners-display-component---NewPartner--addressDetailDetailsName1-inner\")]"}
RESULT: {"using":"xpath","value":"//input[contains(@id ,\"application-managepartners-display-component---NewPartner--addressDetailDetailsName1-inner\")]"}
COMMAND: GET /session/4aedcc6e4741b2a879631080b602cb58/element/f.0FDC85D955747547727011D182B9DC15.d.AA91DECCCAEC2FDE0DFE01B5BE77676D.e.12238/property/value - {}
RESULT: {}
COMMAND: POST /session/4aedcc6e4741b2a879631080b602cb58/execute/async - {"script":"<script> [1562 bytes]","args":[{"selector":{"id":"application-managepartners-display-component---NewPartner--addressDetailDetailsCity1","interaction":{"idSuffix":"inner"}},"wdio_ui5_key":"applicationmanagepartners-display-component---NewPartner--addressDetailDetailsCity1"}]}
COMMAND: GET /session/4aedcc6e4741b2a879631080b602cb58/screenshot - {}
RESULT: {"script":"<script> [1562 bytes]","args":[{"selector":{"id":"application-managepartners-display-component---NewPartner--addressDetailDetailsCity1","interaction":{"idSuffix":"inner"}},"wdio_ui5_key":"applicationmanagepartners-display-component---NewPartner--addressDetailDetailsCity1"}]}
RESULT: undefined
COMMAND: POST /session/4aedcc6e4741b2a879631080b602cb58/execute/async - {"script":"<script> [776 bytes]","args":[{"enterText":"Bucharest","selector":{"id":"application-managepartners-display-component---NewPartner--addressDetailDetailsCity1","interaction":{"idSuffix":"inner"}},"clearTextFirst":true,"interactionType":"ENTER_TEXT"}]}
RESULT: {}
RESULT: {"script":"<script> [776 bytes]","args":[{"enterText":"Bucharest","selector":{"id":"application-managepartners-display-component---NewPartner--addressDetailDetailsCity1","interaction":{"idSuffix":"inner"}},"clearTextFirst":true,"interactionType":"ENTER_TEXT"}]}
COMMAND: POST /session/4aedcc6e4741b2a879631080b602cb58/execute/async - {"script":"<script> [1562 bytes]","args":[{"selector":{"id":"application-managepartners-display-component---NewPartner--addressDetailDetailsCountry","interaction":{"idSuffix":"inner"}},"wdio_ui5_key":"applicationmanagepartners-display-component---NewPartner--addressDetailDetailsCountry"}]}
RESULT: {"script":"<script> [1562 bytes]","args":[{"selector":{"id":"application-managepartners-display-component---NewPartner--addressDetailDetailsCountry","interaction":{"idSuffix":"inner"}},"wdio_ui5_key":"applicationmanagepartners-display-component---NewPartner--addressDetailDetailsCountry"}]}
RESULT: undefined
COMMAND: POST /session/4aedcc6e4741b2a879631080b602cb58/execute/async - {"script":"<script> [6424 bytes]","args":[{"element-6066-11e4-a52e-4f735466cecf":"f.0FDC85D955747547727011D182B9DC15.d.AA91DECCCAEC2FDE0DFE01B5BE77676D.e.12245"},"setValue",["Romania"]]}
RESULT: {"script":"<script> [6424 bytes]","args":[{"element-6066-11e4-a52e-4f735466cecf":"f.0FDC85D955747547727011D182B9DC15.d.AA91DECCCAEC2FDE0DFE01B5BE77676D.e.12245"},"setValue",["Romania"]]}
COMMAND: POST /session/4aedcc6e4741b2a879631080b602cb58/execute/async - {"script":"<script> [1562 bytes]","args":[{"selector":{"id":"application-managepartners-display-component---NewPartner--partnerDetailInternal","interaction":{"idSuffix":"inner"}},"wdio_ui5_key":"applicationmanagepartners-display-component---NewPartner--partnerDetailInternal"}]}
RESULT: {"script":"<script> [1562 bytes]","args":[{"selector":{"id":"application-managepartners-display-component---NewPartner--partnerDetailInternal","interaction":{"idSuffix":"inner"}},"wdio_ui5_key":"applicationmanagepartners-display-component---NewPartner--partnerDetailInternal"}]}
RESULT: undefined
COMMAND: POST /session/4aedcc6e4741b2a879631080b602cb58/execute/async - {"script":"<script> [776 bytes]","args":[{"enterText":"External partner","selector":{"id":"application-managepartners-display-component---NewPartner--partnerDetailInternal","interaction":{"idSuffix":"inner"}},"clearTextFirst":true,"interactionType":"ENTER_TEXT"}]}
RESULT: {"script":"<script> [776 bytes]","args":[{"enterText":"External partner","selector":{"id":"application-managepartners-display-component---NewPartner--partnerDetailInternal","interaction":{"idSuffix":"inner"}},"clearTextFirst":true,"interactionType":"ENTER_TEXT"}]}
COMMAND: POST /session/4aedcc6e4741b2a879631080b602cb58/execute/async - {"script":"<script> [1562 bytes]","args":[{"selector":{"id":"application-managepartners-display-component---NewPartner--partnerDetailsCurrency","interaction":{"idSuffix":"inner"}},"wdio_ui5_key":"applicationmanagepartners-display-component---NewPartner--partnerDetailsCurrency"}]}
RESULT: {"script":"<script> [1562 bytes]","args":[{"selector":{"id":"application-managepartners-display-component---NewPartner--partnerDetailsCurrency","interaction":{"idSuffix":"inner"}},"wdio_ui5_key":"applicationmanagepartners-display-component---NewPartner--partnerDetailsCurrency"}]}
RESULT: undefined
COMMAND: POST /session/4aedcc6e4741b2a879631080b602cb58/execute/async - {"script":"<script> [776 bytes]","args":[{"enterText":"Euro","selector":{"id":"application-managepartners-display-component---NewPartner--partnerDetailsCurrency","interaction":{"idSuffix":"inner"}},"clearTextFirst":true,"interactionType":"ENTER_TEXT"}]}
RESULT: {"script":"<script> [776 bytes]","args":[{"enterText":"Euro","selector":{"id":"application-managepartners-display-component---NewPartner--partnerDetailsCurrency","interaction":{"idSuffix":"inner"}},"clearTextFirst":true,"interactionType":"ENTER_TEXT"}]}
COMMAND: POST /session/4aedcc6e4741b2a879631080b602cb58/execute/async - {"script":"<script> [1562 bytes]","args":[{"selector":{"controlType":"sap.m.Button","viewName":"etm.portal.ui.managepartners.view.NewPartner","viewId":"application-managepartners-display-component---NewPartner","properties":{"text":"Commercial"},"interaction":{"idSuffix":"BDI-content"}},"wdio_ui5_key":"etmportal.ui.managepartners.view.NewPartnersap.m.Button{\"text\":\"Commercial\"}"}]}
RESULT: {"script":"<script> [1562 bytes]","args":[{"selector":{"controlType":"sap.m.Button","viewName":"etm.portal.ui.managepartners.view.NewPartner","viewId":"application-managepartners-display-component---NewPartner","properties":{"text":"Commercial"},"interaction":{"idSuffix":"BDI-content"}},"wdio_ui5_key":"etmportal.ui.managepartners.view.NewPartnersap.m.Button{\"text\":\"Commercial\"}"}]}
RESULT: undefined
COMMAND: POST /session/4aedcc6e4741b2a879631080b602cb58/element - {"using":"xpath","value":"//*[@id=\"application-managepartners-display-component---NewPartner--ObjectPageLayout-anchBar-__section5-anchor\"]"}
RESULT: {"using":"xpath","value":"//*[@id=\"application-managepartners-display-component---NewPartner--ObjectPageLayout-anchBar-__section5-anchor\"]"}
COMMAND: POST /session/4aedcc6e4741b2a879631080b602cb58/element/f.0FDC85D955747547727011D182B9DC15.d.AA91DECCCAEC2FDE0DFE01B5BE77676D.e.12485/click - {}
RESULT: {}
COMMAND: GET /session/4aedcc6e4741b2a879631080b602cb58/screenshot - {}
RESULT: {}
COMMAND: POST /session/4aedcc6e4741b2a879631080b602cb58/execute/async - {"script":"<script> [1562 bytes]","args":[{"selector":{"id":"application-managepartners-display-component---NewPartner--btnAddTableRow-img"},"wdio_ui5_key":"applicationmanagepartners-display-component---NewPartner--btnAddTableRow-img"}]}
RESULT: {"script":"<script> [1562 bytes]","args":[{"selector":{"id":"application-managepartners-display-component---NewPartner--btnAddTableRow-img"},"wdio_ui5_key":"applicationmanagepartners-display-component---NewPartner--btnAddTableRow-img"}]}
RESULT: undefined
COMMAND: POST /session/4aedcc6e4741b2a879631080b602cb58/element - {"using":"xpath","value":"//*[@id=\"application-managepartners-display-component---NewPartner--btnAddTableRow-img\"]"}
RESULT: {"using":"xpath","value":"//*[@id=\"application-managepartners-display-component---NewPartner--btnAddTableRow-img\"]"}
COMMAND: POST /session/4aedcc6e4741b2a879631080b602cb58/element/f.0FDC85D955747547727011D182B9DC15.d.AA91DECCCAEC2FDE0DFE01B5BE77676D.e.12491/click - {}
RESULT: {}
COMMAND: POST /session/4aedcc6e4741b2a879631080b602cb58/element - {"using":"xpath","value":"//input[contains(@id ,\"application-managepartners-display-component---NewPartner--assignmentYard-application-managepartners-display-component---NewPartner\")]"}
COMMAND: GET /session/4aedcc6e4741b2a879631080b602cb58/screenshot - {}
RESULT: {"using":"xpath","value":"//input[contains(@id ,\"application-managepartners-display-component---NewPartner--assignmentYard-application-managepartners-display-component---NewPartner\")]"}
COMMAND: POST /session/4aedcc6e4741b2a879631080b602cb58/element/f.0FDC85D955747547727011D182B9DC15.d.AA91DECCCAEC2FDE0DFE01B5BE77676D.e.12494/clear - {}
RESULT: {}
RESULT: {}
COMMAND: POST /session/4aedcc6e4741b2a879631080b602cb58/element/f.0FDC85D955747547727011D182B9DC15.d.AA91DECCCAEC2FDE0DFE01B5BE77676D.e.12494/value - {"text":"WebdriverYardhxx7w"}
COMMAND: GET /session/4aedcc6e4741b2a879631080b602cb58/screenshot - {}
RESULT: {"text":"WebdriverYardhxx7w"}
COMMAND: GET /session/4aedcc6e4741b2a879631080b602cb58/screenshot - {}
RESULT: {}
RESULT: {}
COMMAND: POST /session/4aedcc6e4741b2a879631080b602cb58/execute/async - {"script":"<script> [1562 bytes]","args":[{"selector":{"controlType":"sap.m.Button","viewName":"etm.portal.ui.managepartners.view.NewPartner","viewId":"application-managepartners-display-component---NewPartner","i18NText":{"propertyName":"text","key":"save"},"interaction":{"idSuffix":"BDI-content"}},"wdio_ui5_key":"etmportal.ui.managepartners.view.NewPartnersap.m.Button{\"propertyName\":\"text\",\"key\":\"save\"}"}]}
RESULT: {"script":"<script> [1562 bytes]","args":[{"selector":{"controlType":"sap.m.Button","viewName":"etm.portal.ui.managepartners.view.NewPartner","viewId":"application-managepartners-display-component---NewPartner","i18NText":{"propertyName":"text","key":"save"},"interaction":{"idSuffix":"BDI-content"}},"wdio_ui5_key":"etmportal.ui.managepartners.view.NewPartnersap.m.Button{\"propertyName\":\"text\",\"key\":\"save\"}"}]}
RESULT: undefined
COMMAND: POST /session/4aedcc6e4741b2a879631080b602cb58/element - {"using":"xpath","value":"//*[@id=\"__button12\"]"}
RESULT: {"using":"xpath","value":"//*[@id=\"__button12\"]"}
COMMAND: POST /session/4aedcc6e4741b2a879631080b602cb58/element/f.0FDC85D955747547727011D182B9DC15.d.AA91DECCCAEC2FDE0DFE01B5BE77676D.e.12403/click - {}
RESULT: {}
COMMAND: GET /session/4aedcc6e4741b2a879631080b602cb58/screenshot - {}
RESULT: {}
COMMAND: POST /session/4aedcc6e4741b2a879631080b602cb58/element - {"using":"xpath","value":"//header/div/div[2]/div[2]/span"}
RESULT: {"using":"xpath","value":"//header/div/div[2]/div[2]/span"}
COMMAND: GET /session/4aedcc6e4741b2a879631080b602cb58/element/f.0FDC85D955747547727011D182B9DC15.d.AA91DECCCAEC2FDE0DFE01B5BE77676D.e.12662/text - {}
RESULT: {}
COMMAND: POST /session/4aedcc6e4741b2a879631080b602cb58/element - {"using":"xpath","value":"//header/div/div/div/div/div/div[2]/div/span"}
RESULT: {"using":"xpath","value":"//header/div/div/div/div/div/div[2]/div/span"}
COMMAND: GET /session/4aedcc6e4741b2a879631080b602cb58/element/f.0FDC85D955747547727011D182B9DC15.d.AA91DECCCAEC2FDE0DFE01B5BE77676D.e.12663/text - {}
RESULT: {}
COMMAND: POST /session/4aedcc6e4741b2a879631080b602cb58/execute/async - {"script":"<script> [1562 bytes]","args":[{"selector":{"id":"application-managepartners-display-component---detailPtm--partnerType"},"wdio_ui5_key":"applicationmanagepartners-display-component---detailPtm--partnerType"}]}
RESULT: {"script":"<script> [1562 bytes]","args":[{"selector":{"id":"application-managepartners-display-component---detailPtm--partnerType"},"wdio_ui5_key":"applicationmanagepartners-display-component---detailPtm--partnerType"}]}
RESULT: undefined
COMMAND: POST /session/4aedcc6e4741b2a879631080b602cb58/execute/async - {"script":"<script> [6424 bytes]","args":[{"element-6066-11e4-a52e-4f735466cecf":"f.0FDC85D955747547727011D182B9DC15.d.AA91DECCCAEC2FDE0DFE01B5BE77676D.e.12664"},"getText",[]]}
RESULT: {"script":"<script> [6424 bytes]","args":[{"element-6066-11e4-a52e-4f735466cecf":"f.0FDC85D955747547727011D182B9DC15.d.AA91DECCCAEC2FDE0DFE01B5BE77676D.e.12664"},"getText",[]]}
COMMAND: POST /session/4aedcc6e4741b2a879631080b602cb58/element - {"using":"css selector","value":"#shell-header-logo"}
RESULT: {"using":"css selector","value":"#shell-header-logo"}
COMMAND: POST /session/4aedcc6e4741b2a879631080b602cb58/element/f.0FDC85D955747547727011D182B9DC15.d.AA91DECCCAEC2FDE0DFE01B5BE77676D.e.12005/click - {}
RESULT: {}
COMMAND: GET /session/4aedcc6e4741b2a879631080b602cb58/screenshot - {}
RESULT: {}
COMMAND: POST /session/4aedcc6e4741b2a879631080b602cb58/execute/async - {"script":"<script> [1562 bytes]","args":[{"selector":{"controlType":"sap.m.GenericTile","properties":{"header":"Manage Sites"}},"wdio_ui5_key":"sapm.GenericTile{\"header\":\"Manage Sites\"}"}]}
RESULT: {"script":"<script> [1562 bytes]","args":[{"selector":{"controlType":"sap.m.GenericTile","properties":{"header":"Manage Sites"}},"wdio_ui5_key":"sapm.GenericTile{\"header\":\"Manage Sites\"}"}]}
RESULT: undefined
COMMAND: POST /session/4aedcc6e4741b2a879631080b602cb58/element - {"using":"xpath","value":"//*[@id=\"__tile40\"]"}
RESULT: {"using":"xpath","value":"//*[@id=\"__tile40\"]"}
COMMAND: POST /session/4aedcc6e4741b2a879631080b602cb58/element/f.0FDC85D955747547727011D182B9DC15.d.AA91DECCCAEC2FDE0DFE01B5BE77676D.e.12666/click - {}
RESULT: {}
COMMAND: GET /session/4aedcc6e4741b2a879631080b602cb58/screenshot - {}
RESULT: {}
COMMAND: POST /session/4aedcc6e4741b2a879631080b602cb58/elements - {"using":"xpath","value":"//span[text()='Error']"}
RESULT: {"using":"xpath","value":"//span[text()='Error']"}
COMMAND: POST /session/4aedcc6e4741b2a879631080b602cb58/execute/async - {"script":"<script> [1562 bytes]","args":[{"selector":{"controlType":"sap.ui.core.Icon","viewName":"etm.portal.ui.managesites.view.Master","viewId":"application-managesites-display-component---masterSite","properties":{"src":{"regex":{"source":"add"}}}},"wdio_ui5_key":"etmportal.ui.managesites.view.Mastersap.ui.core.Icon{\"src\":{\"regex\":{\"source\":\"add\"}}}"}]}
RESULT: {"script":"<script> [1562 bytes]","args":[{"selector":{"controlType":"sap.ui.core.Icon","viewName":"etm.portal.ui.managesites.view.Master","viewId":"application-managesites-display-component---masterSite","properties":{"src":{"regex":{"source":"add"}}}},"wdio_ui5_key":"etmportal.ui.managesites.view.Mastersap.ui.core.Icon{\"src\":{\"regex\":{\"source\":\"add\"}}}"}]}
RESULT: undefined
COMMAND: POST /session/4aedcc6e4741b2a879631080b602cb58/element - {"using":"xpath","value":"//*[@id=\"__button48-img\"]"}
RESULT: {"using":"xpath","value":"//*[@id=\"__button48-img\"]"}
COMMAND: POST /session/4aedcc6e4741b2a879631080b602cb58/element/f.0FDC85D955747547727011D182B9DC15.d.AA91DECCCAEC2FDE0DFE01B5BE77676D.e.12853/click - {}
RESULT: {}
COMMAND: POST /session/4aedcc6e4741b2a879631080b602cb58/execute/async - {"script":"<script> [1562 bytes]","args":[{"selector":{"id":"application-managesites-display-component---NewSite--siteId","interaction":{"idSuffix":"inner"}},"wdio_ui5_key":"applicationmanagesites-display-component---NewSite--siteId"}]}
COMMAND: GET /session/4aedcc6e4741b2a879631080b602cb58/screenshot - {}
RESULT: {"script":"<script> [1562 bytes]","args":[{"selector":{"id":"application-managesites-display-component---NewSite--siteId","interaction":{"idSuffix":"inner"}},"wdio_ui5_key":"applicationmanagesites-display-component---NewSite--siteId"}]}
RESULT: undefined
COMMAND: POST /session/4aedcc6e4741b2a879631080b602cb58/execute/async - {"script":"<script> [1562 bytes]","args":[{"selector":{"id":"application-managesites-display-component---NewSite--addressDetailDetailsName1","interaction":{"idSuffix":"inner"}},"wdio_ui5_key":"applicationmanagesites-display-component---NewSite--addressDetailDetailsName1"}]}
RESULT: {}
RESULT: {"script":"<script> [1562 bytes]","args":[{"selector":{"id":"application-managesites-display-component---NewSite--addressDetailDetailsName1","interaction":{"idSuffix":"inner"}},"wdio_ui5_key":"applicationmanagesites-display-component---NewSite--addressDetailDetailsName1"}]}
RESULT: undefined
COMMAND: POST /session/4aedcc6e4741b2a879631080b602cb58/execute/async - {"script":"<script> [776 bytes]","args":[{"enterText":"WebdriverSitel6ngh","selector":{"id":"application-managesites-display-component---NewSite--addressDetailDetailsName1","interaction":{"idSuffix":"inner"}},"clearTextFirst":true,"interactionType":"ENTER_TEXT"}]}
RESULT: {"script":"<script> [776 bytes]","args":[{"enterText":"WebdriverSitel6ngh","selector":{"id":"application-managesites-display-component---NewSite--addressDetailDetailsName1","interaction":{"idSuffix":"inner"}},"clearTextFirst":true,"interactionType":"ENTER_TEXT"}]}
COMMAND: POST /session/4aedcc6e4741b2a879631080b602cb58/execute/async - {"script":"<script> [1562 bytes]","args":[{"selector":{"id":"application-managesites-display-component---NewSite--addressDetailDetailsLanguage","interaction":{"idSuffix":"inner"}},"wdio_ui5_key":"applicationmanagesites-display-component---NewSite--addressDetailDetailsLanguage"}]}
RESULT: {"script":"<script> [1562 bytes]","args":[{"selector":{"id":"application-managesites-display-component---NewSite--addressDetailDetailsLanguage","interaction":{"idSuffix":"inner"}},"wdio_ui5_key":"applicationmanagesites-display-component---NewSite--addressDetailDetailsLanguage"}]}
RESULT: undefined
COMMAND: POST /session/4aedcc6e4741b2a879631080b602cb58/execute/async - {"script":"<script> [776 bytes]","args":[{"enterText":"Romanian","selector":{"id":"application-managesites-display-component---NewSite--addressDetailDetailsLanguage","interaction":{"idSuffix":"inner"}},"clearTextFirst":true,"interactionType":"ENTER_TEXT"}]}
RESULT: {"script":"<script> [776 bytes]","args":[{"enterText":"Romanian","selector":{"id":"application-managesites-display-component---NewSite--addressDetailDetailsLanguage","interaction":{"idSuffix":"inner"}},"clearTextFirst":true,"interactionType":"ENTER_TEXT"}]}
COMMAND: POST /session/4aedcc6e4741b2a879631080b602cb58/execute/async - {"script":"<script> [1562 bytes]","args":[{"selector":{"id":"application-managesites-display-component---NewSite--addressDetailDetailsCity1","interaction":{"idSuffix":"inner"}},"wdio_ui5_key":"applicationmanagesites-display-component---NewSite--addressDetailDetailsCity1"}]}
RESULT: {"script":"<script> [1562 bytes]","args":[{"selector":{"id":"application-managesites-display-component---NewSite--addressDetailDetailsCity1","interaction":{"idSuffix":"inner"}},"wdio_ui5_key":"applicationmanagesites-display-component---NewSite--addressDetailDetailsCity1"}]}
RESULT: undefined
COMMAND: POST /session/4aedcc6e4741b2a879631080b602cb58/execute/async - {"script":"<script> [776 bytes]","args":[{"enterText":"Bucharest","selector":{"id":"application-managesites-display-component---NewSite--addressDetailDetailsCity1","interaction":{"idSuffix":"inner"}},"clearTextFirst":true,"interactionType":"ENTER_TEXT"}]}
RESULT: {"script":"<script> [776 bytes]","args":[{"enterText":"Bucharest","selector":{"id":"application-managesites-display-component---NewSite--addressDetailDetailsCity1","interaction":{"idSuffix":"inner"}},"clearTextFirst":true,"interactionType":"ENTER_TEXT"}]}
COMMAND: POST /session/4aedcc6e4741b2a879631080b602cb58/execute/async - {"script":"<script> [1562 bytes]","args":[{"selector":{"id":"application-managesites-display-component---NewSite--addressDetailDetailsCountry","interaction":{"idSuffix":"inner"}},"wdio_ui5_key":"applicationmanagesites-display-component---NewSite--addressDetailDetailsCountry"}]}
RESULT: {"script":"<script> [1562 bytes]","args":[{"selector":{"id":"application-managesites-display-component---NewSite--addressDetailDetailsCountry","interaction":{"idSuffix":"inner"}},"wdio_ui5_key":"applicationmanagesites-display-component---NewSite--addressDetailDetailsCountry"}]}
RESULT: undefined
COMMAND: POST /session/4aedcc6e4741b2a879631080b602cb58/execute/async - {"script":"<script> [776 bytes]","args":[{"enterText":"Romania","selector":{"id":"application-managesites-display-component---NewSite--addressDetailDetailsCountry","interaction":{"idSuffix":"inner"}},"clearTextFirst":true,"interactionType":"ENTER_TEXT"}]}
RESULT: {"script":"<script> [776 bytes]","args":[{"enterText":"Romania","selector":{"id":"application-managesites-display-component---NewSite--addressDetailDetailsCountry","interaction":{"idSuffix":"inner"}},"clearTextFirst":true,"interactionType":"ENTER_TEXT"}]}
COMMAND: POST /session/4aedcc6e4741b2a879631080b602cb58/element - {"using":"css selector","value":"#application-managesites-display-component---NewSite--addressDetailDetailsCalendar-inner"}
RESULT: {"using":"css selector","value":"#application-managesites-display-component---NewSite--addressDetailDetailsCalendar-inner"}
COMMAND: POST /session/4aedcc6e4741b2a879631080b602cb58/element/f.0FDC85D955747547727011D182B9DC15.d.AA91DECCCAEC2FDE0DFE01B5BE77676D.e.13080/clear - {}
RESULT: {}
COMMAND: POST /session/4aedcc6e4741b2a879631080b602cb58/element/f.0FDC85D955747547727011D182B9DC15.d.AA91DECCCAEC2FDE0DFE01B5BE77676D.e.13080/value - {"text":"Germany"}
COMMAND: GET /session/4aedcc6e4741b2a879631080b602cb58/screenshot - {}
RESULT: {"text":"Germany"}
COMMAND: POST /session/4aedcc6e4741b2a879631080b602cb58/execute/async - {"script":"<script> [1562 bytes]","args":[{"selector":{"id":"application-managesites-display-component---NewSite--addressEditDetailsCostObjectCstType-arrow"},"wdio_ui5_key":"applicationmanagesites-display-component---NewSite--addressEditDetailsCostObjectCstType-arrow"}]}
COMMAND: GET /session/4aedcc6e4741b2a879631080b602cb58/screenshot - {}
RESULT: {}
RESULT: {"script":"<script> [1562 bytes]","args":[{"selector":{"id":"application-managesites-display-component---NewSite--addressEditDetailsCostObjectCstType-arrow"},"wdio_ui5_key":"applicationmanagesites-display-component---NewSite--addressEditDetailsCostObjectCstType-arrow"}]}
RESULT: undefined
COMMAND: POST /session/4aedcc6e4741b2a879631080b602cb58/element - {"using":"xpath","value":"//*[@id=\"application-managesites-display-component---NewSite--addressEditDetailsCostObjectCstType-arrow\"]"}
RESULT: {}
RESULT: {"using":"xpath","value":"//*[@id=\"application-managesites-display-component---NewSite--addressEditDetailsCostObjectCstType-arrow\"]"}
COMMAND: POST /session/4aedcc6e4741b2a879631080b602cb58/element/f.0FDC85D955747547727011D182B9DC15.d.AA91DECCCAEC2FDE0DFE01B5BE77676D.e.13280/click - {}
RESULT: {}
COMMAND: POST /session/4aedcc6e4741b2a879631080b602cb58/element - {"using":"xpath","value":"//span[contains(text(), \"Work Breakdown Structure\")]"}
COMMAND: GET /session/4aedcc6e4741b2a879631080b602cb58/screenshot - {}
RESULT: {"using":"xpath","value":"//span[contains(text(), \"Work Breakdown Structure\")]"}
COMMAND: POST /session/4aedcc6e4741b2a879631080b602cb58/element/f.0FDC85D955747547727011D182B9DC15.d.AA91DECCCAEC2FDE0DFE01B5BE77676D.e.13281/click - {}
RESULT: {}
RESULT: {}
COMMAND: GET /session/4aedcc6e4741b2a879631080b602cb58/screenshot - {}
RESULT: {}
COMMAND: POST /session/4aedcc6e4741b2a879631080b602cb58/execute/async - {"script":"<script> [1562 bytes]","args":[{"selector":{"id":"application-managesites-display-component---NewSite--addressNewCostObjectCstID-vhi"},"wdio_ui5_key":"applicationmanagesites-display-component---NewSite--addressNewCostObjectCstID-vhi"}]}
RESULT: {"script":"<script> [1562 bytes]","args":[{"selector":{"id":"application-managesites-display-component---NewSite--addressNewCostObjectCstID-vhi"},"wdio_ui5_key":"applicationmanagesites-display-component---NewSite--addressNewCostObjectCstID-vhi"}]}
RESULT: undefined
COMMAND: POST /session/4aedcc6e4741b2a879631080b602cb58/element - {"using":"xpath","value":"//*[@id=\"application-managesites-display-component---NewSite--addressNewCostObjectCstID-vhi\"]"}
RESULT: {"using":"xpath","value":"//*[@id=\"application-managesites-display-component---NewSite--addressNewCostObjectCstID-vhi\"]"}
COMMAND: POST /session/4aedcc6e4741b2a879631080b602cb58/element/f.0FDC85D955747547727011D182B9DC15.d.AA91DECCCAEC2FDE0DFE01B5BE77676D.e.13285/click - {}
RESULT: {}
COMMAND: GET /session/4aedcc6e4741b2a879631080b602cb58/screenshot - {}
RESULT: {}
COMMAND: POST /session/4aedcc6e4741b2a879631080b602cb58/execute/async - {"script":"<script> [1562 bytes]","args":[{"selector":{"controlType":"sap.m.SearchField","properties":{"placeholder":"Search"},"searchOpenDialogs":true,"interaction":{"idSuffix":"I"}},"wdio_ui5_key":"sapm.SearchField{\"placeholder\":\"Search\"}"}]}
RESULT: {"script":"<script> [1562 bytes]","args":[{"selector":{"controlType":"sap.m.SearchField","properties":{"placeholder":"Search"},"searchOpenDialogs":true,"interaction":{"idSuffix":"I"}},"wdio_ui5_key":"sapm.SearchField{\"placeholder\":\"Search\"}"}]}
RESULT: undefined
COMMAND: POST /session/4aedcc6e4741b2a879631080b602cb58/execute/async - {"script":"<script> [776 bytes]","args":[{"enterText":"A1-000100-01","selector":{"controlType":"sap.m.SearchField","properties":{"placeholder":"Search"},"searchOpenDialogs":true,"interaction":{"idSuffix":"I"}},"clearTextFirst":true,"interactionType":"ENTER_TEXT"}]}
RESULT: {"script":"<script> [776 bytes]","args":[{"enterText":"A1-000100-01","selector":{"controlType":"sap.m.SearchField","properties":{"placeholder":"Search"},"searchOpenDialogs":true,"interaction":{"idSuffix":"I"}},"clearTextFirst":true,"interactionType":"ENTER_TEXT"}]}
COMMAND: POST /session/4aedcc6e4741b2a879631080b602cb58/actions - {"actions":[{"id":"action67","type":"key","parameters":{},"actions":[{"type":"keyDown","value":"î€‡"},{"type":"pause","duration":10},{"type":"keyUp","value":"î€‡"}]}]}
RESULT: {"actions":[{"id":"action67","type":"key","parameters":{},"actions":[{"type":"keyDown","value":"î€‡"},{"type":"pause","duration":10},{"type":"keyUp","value":"î€‡"}]}]}
COMMAND: GET /session/4aedcc6e4741b2a879631080b602cb58/screenshot - {}
RESULT: {}
COMMAND: POST /session/4aedcc6e4741b2a879631080b602cb58/element - {"using":"xpath","value":"//span[contains(text(), \"Template for ETO-Process\")]"}
RESULT: {"using":"xpath","value":"//span[contains(text(), \"Template for ETO-Process\")]"}
COMMAND: POST /session/4aedcc6e4741b2a879631080b602cb58/element/f.0FDC85D955747547727011D182B9DC15.d.AA91DECCCAEC2FDE0DFE01B5BE77676D.e.13304/click - {}
RESULT: {}
COMMAND: GET /session/4aedcc6e4741b2a879631080b602cb58/screenshot - {}
RESULT: {}
COMMAND: POST /session/4aedcc6e4741b2a879631080b602cb58/element - {"using":"xpath","value":"//bdi[contains(text(), \"OK\")]"}
RESULT: {"using":"xpath","value":"//bdi[contains(text(), \"OK\")]"}
COMMAND: POST /session/4aedcc6e4741b2a879631080b602cb58/element/f.0FDC85D955747547727011D182B9DC15.d.AA91DECCCAEC2FDE0DFE01B5BE77676D.e.13305/click - {}
RESULT: {}
COMMAND: GET /session/4aedcc6e4741b2a879631080b602cb58/screenshot - {}
RESULT: {}
COMMAND: POST /session/4aedcc6e4741b2a879631080b602cb58/element - {"using":"xpath","value":"//input[@id=\"application-managesites-display-component---NewSite--addressDetailDetailsYard-inner\"]"}
RESULT: {"using":"xpath","value":"//input[@id=\"application-managesites-display-component---NewSite--addressDetailDetailsYard-inner\"]"}
COMMAND: POST /session/4aedcc6e4741b2a879631080b602cb58/element/f.0FDC85D955747547727011D182B9DC15.d.AA91DECCCAEC2FDE0DFE01B5BE77676D.e.13081/value - {"text":"WebdriverYardhxx7w"}
RESULT: {"text":"WebdriverYardhxx7w"}
COMMAND: GET /session/4aedcc6e4741b2a879631080b602cb58/screenshot - {}
RESULT: {}
COMMAND: POST /session/4aedcc6e4741b2a879631080b602cb58/actions - {"actions":[{"id":"action68","type":"key","parameters":{},"actions":[{"type":"keyDown","value":"î€‡"},{"type":"pause","duration":10},{"type":"keyUp","value":"î€‡"}]}]}
RESULT: {"actions":[{"id":"action68","type":"key","parameters":{},"actions":[{"type":"keyDown","value":"î€‡"},{"type":"pause","duration":10},{"type":"keyUp","value":"î€‡"}]}]}
COMMAND: GET /session/4aedcc6e4741b2a879631080b602cb58/screenshot - {}
RESULT: {}
COMMAND: POST /session/4aedcc6e4741b2a879631080b602cb58/element - {"using":"xpath","value":"//input[@id=\"application-managesites-display-component---NewSite--addressDetailDetailsPartner-inner\"]"}
RESULT: {"using":"xpath","value":"//input[@id=\"application-managesites-display-component---NewSite--addressDetailDetailsPartner-inner\"]"}
COMMAND: POST /session/4aedcc6e4741b2a879631080b602cb58/elements - {"using":"xpath","value":"//input[@id=\"application-managesites-display-component---NewSite--addressDetailDetailsPartner-inner\"]"}
RESULT: {"using":"xpath","value":"//input[@id=\"application-managesites-display-component---NewSite--addressDetailDetailsPartner-inner\"]"}
COMMAND: POST /session/4aedcc6e4741b2a879631080b602cb58/execute/async - {"script":"<script> [1562 bytes]","args":[{"selector":{"controlType":"sap.m.Button","viewName":"etm.portal.ui.managesites.view.NewSmartSite","viewId":"application-managesites-display-component---NewSite","properties":{"text":"Commercial"},"interaction":{"idSuffix":"BDI-content"}},"wdio_ui5_key":"etmportal.ui.managesites.view.NewSmartSitesap.m.Button{\"text\":\"Commercial\"}"}]}
RESULT: {"script":"<script> [1562 bytes]","args":[{"selector":{"controlType":"sap.m.Button","viewName":"etm.portal.ui.managesites.view.NewSmartSite","viewId":"application-managesites-display-component---NewSite","properties":{"text":"Commercial"},"interaction":{"idSuffix":"BDI-content"}},"wdio_ui5_key":"etmportal.ui.managesites.view.NewSmartSitesap.m.Button{\"text\":\"Commercial\"}"}]}
RESULT: undefined
COMMAND: POST /session/4aedcc6e4741b2a879631080b602cb58/element - {"using":"xpath","value":"//*[@id=\"application-managesites-display-component---NewSite--ObjectPageLayout-anchBar-__section29-anchor\"]"}
RESULT: {"using":"xpath","value":"//*[@id=\"application-managesites-display-component---NewSite--ObjectPageLayout-anchBar-__section29-anchor\"]"}
COMMAND: POST /session/4aedcc6e4741b2a879631080b602cb58/element/f.0FDC85D955747547727011D182B9DC15.d.AA91DECCCAEC2FDE0DFE01B5BE77676D.e.13312/click - {}
RESULT: {}
COMMAND: POST /session/4aedcc6e4741b2a879631080b602cb58/execute/async - {"script":"<script> [1562 bytes]","args":[{"selector":{"controlType":"sap.m.Button","viewName":"etm.portal.ui.managesites.view.NewSmartSite","viewId":"application-managesites-display-component---NewSite","i18NText":{"propertyName":"text","key":"save"},"interaction":{"idSuffix":"BDI-content"}},"wdio_ui5_key":"etmportal.ui.managesites.view.NewSmartSitesap.m.Button{\"propertyName\":\"text\",\"key\":\"save\"}"}]}
COMMAND: GET /session/4aedcc6e4741b2a879631080b602cb58/screenshot - {}
RESULT: {"script":"<script> [1562 bytes]","args":[{"selector":{"controlType":"sap.m.Button","viewName":"etm.portal.ui.managesites.view.NewSmartSite","viewId":"application-managesites-display-component---NewSite","i18NText":{"propertyName":"text","key":"save"},"interaction":{"idSuffix":"BDI-content"}},"wdio_ui5_key":"etmportal.ui.managesites.view.NewSmartSitesap.m.Button{\"propertyName\":\"text\",\"key\":\"save\"}"}]}
RESULT: undefined
COMMAND: POST /session/4aedcc6e4741b2a879631080b602cb58/element - {"using":"xpath","value":"//*[@id=\"__button60\"]"}
RESULT: {}
RESULT: {"using":"xpath","value":"//*[@id=\"__button60\"]"}
COMMAND: POST /session/4aedcc6e4741b2a879631080b602cb58/element/f.0FDC85D955747547727011D182B9DC15.d.AA91DECCCAEC2FDE0DFE01B5BE77676D.e.13217/click - {}
RESULT: {}
COMMAND: GET /session/4aedcc6e4741b2a879631080b602cb58/screenshot - {}
RESULT: {}
COMMAND: POST /session/4aedcc6e4741b2a879631080b602cb58/execute/async - {"script":"<script> [1562 bytes]","args":[{"selector":{"id":"application-managesites-display-component---detailSite--addressDetailDetailsYardText"},"wdio_ui5_key":"applicationmanagesites-display-component---detailSite--addressDetailDetailsYardText"}]}
RESULT: {"script":"<script> [1562 bytes]","args":[{"selector":{"id":"application-managesites-display-component---detailSite--addressDetailDetailsYardText"},"wdio_ui5_key":"applicationmanagesites-display-component---detailSite--addressDetailDetailsYardText"}]}
RESULT: undefined
COMMAND: POST /session/4aedcc6e4741b2a879631080b602cb58/element - {"using":"xpath","value":"//header/div/div[2]/div[2]/span"}
RESULT: {"using":"xpath","value":"//header/div/div[2]/div[2]/span"}
COMMAND: GET /session/4aedcc6e4741b2a879631080b602cb58/element/f.0FDC85D955747547727011D182B9DC15.d.AA91DECCCAEC2FDE0DFE01B5BE77676D.e.13520/text - {}
RESULT: {}
COMMAND: POST /session/4aedcc6e4741b2a879631080b602cb58/element - {"using":"xpath","value":"//header/div/div/div/div/div/div[2]/div/span"}
RESULT: {"using":"xpath","value":"//header/div/div/div/div/div/div[2]/div/span"}
COMMAND: GET /session/4aedcc6e4741b2a879631080b602cb58/element/f.0FDC85D955747547727011D182B9DC15.d.AA91DECCCAEC2FDE0DFE01B5BE77676D.e.13521/text - {}
RESULT: {}
COMMAND: POST /session/4aedcc6e4741b2a879631080b602cb58/element - {"using":"css selector","value":"#shell-header-logo"}
RESULT: {"using":"css selector","value":"#shell-header-logo"}
COMMAND: POST /session/4aedcc6e4741b2a879631080b602cb58/element/f.0FDC85D955747547727011D182B9DC15.d.AA91DECCCAEC2FDE0DFE01B5BE77676D.e.12671/click - {}
RESULT: {}
COMMAND: GET /session/4aedcc6e4741b2a879631080b602cb58/screenshot - {}
RESULT: {}
]]></system-out>
    </testcase>
    <testcase classname="chrome.136_0_7103_93.windows.E2E_-_Logistical_and_commercial_statuses" name="It should stock increase the resource" time="205.47">
      <system-out><![CDATA[
COMMAND: POST /session/4aedcc6e4741b2a879631080b602cb58/execute/async - {"script":"<script> [1562 bytes]","args":[{"selector":{"controlType":"sap.m.GenericTile","properties":{"header":"Manage Resources"}},"wdio_ui5_key":"sapm.GenericTile{\"header\":\"Manage Resources\"}"}]}
RESULT: {"script":"<script> [1562 bytes]","args":[{"selector":{"controlType":"sap.m.GenericTile","properties":{"header":"Manage Resources"}},"wdio_ui5_key":"sapm.GenericTile{\"header\":\"Manage Resources\"}"}]}
RESULT: undefined
COMMAND: POST /session/4aedcc6e4741b2a879631080b602cb58/element - {"using":"xpath","value":"//*[@id=\"__tile39\"]"}
RESULT: {"using":"xpath","value":"//*[@id=\"__tile39\"]"}
COMMAND: POST /session/4aedcc6e4741b2a879631080b602cb58/element/f.0FDC85D955747547727011D182B9DC15.d.AA91DECCCAEC2FDE0DFE01B5BE77676D.e.13523/click - {}
RESULT: {}
COMMAND: GET /session/4aedcc6e4741b2a879631080b602cb58/screenshot - {}
RESULT: {}
COMMAND: POST /session/4aedcc6e4741b2a879631080b602cb58/elements - {"using":"xpath","value":"//span[text()='Error']"}
RESULT: {"using":"xpath","value":"//span[text()='Error']"}
COMMAND: POST /session/4aedcc6e4741b2a879631080b602cb58/element - {"using":"xpath","value":"//button[@data-kt=\"addNewRUOverflowToolbarButton\"]"}
RESULT: {"using":"xpath","value":"//button[@data-kt=\"addNewRUOverflowToolbarButton\"]"}
COMMAND: POST /session/4aedcc6e4741b2a879631080b602cb58/execute/sync - {"script":"<script> [8489 bytes]","args":[{"element-6066-11e4-a52e-4f735466cecf":"f.0FDC85D955747547727011D182B9DC15.d.AA91DECCCAEC2FDE0DFE01B5BE77676D.e.13564","ELEMENT":"f.0FDC85D955747547727011D182B9DC15.d.AA91DECCCAEC2FDE0DFE01B5BE77676D.e.13564"}]}
RESULT: {"script":"<script> [8489 bytes]","args":[{"element-6066-11e4-a52e-4f735466cecf":"f.0FDC85D955747547727011D182B9DC15.d.AA91DECCCAEC2FDE0DFE01B5BE77676D.e.13564","ELEMENT":"f.0FDC85D955747547727011D182B9DC15.d.AA91DECCCAEC2FDE0DFE01B5BE77676D.e.13564"}]}
COMMAND: POST /session/4aedcc6e4741b2a879631080b602cb58/element/f.0FDC85D955747547727011D182B9DC15.d.AA91DECCCAEC2FDE0DFE01B5BE77676D.e.13564/click - {}
COMMAND: GET /session/4aedcc6e4741b2a879631080b602cb58/screenshot - {}
RESULT: {}
COMMAND: POST /session/4aedcc6e4741b2a879631080b602cb58/execute/async - {"script":"<script> [1562 bytes]","args":[{"selector":{"id":"application-manageresources-display-component---newResourceUnit--TYPE-arrow"},"wdio_ui5_key":"applicationmanageresources-display-component---newResourceUnit--TYPE-arrow"}]}
COMMAND: GET /session/4aedcc6e4741b2a879631080b602cb58/screenshot - {}
RESULT: {}
RESULT: {"script":"<script> [1562 bytes]","args":[{"selector":{"id":"application-manageresources-display-component---newResourceUnit--TYPE-arrow"},"wdio_ui5_key":"applicationmanageresources-display-component---newResourceUnit--TYPE-arrow"}]}
RESULT: undefined
COMMAND: POST /session/4aedcc6e4741b2a879631080b602cb58/element - {"using":"xpath","value":"//*[@id=\"application-manageresources-display-component---newResourceUnit--TYPE-arrow\"]"}
RESULT: {}
RESULT: {"using":"xpath","value":"//*[@id=\"application-manageresources-display-component---newResourceUnit--TYPE-arrow\"]"}
COMMAND: POST /session/4aedcc6e4741b2a879631080b602cb58/element/f.0FDC85D955747547727011D182B9DC15.d.AA91DECCCAEC2FDE0DFE01B5BE77676D.e.13892/click - {}
RESULT: {}
COMMAND: POST /session/4aedcc6e4741b2a879631080b602cb58/execute/async - {"script":"<script> [1562 bytes]","args":[{"selector":{"controlType":"sap.m.StandardListItem","viewName":"reusables.view.manageresources.NewResourceUnit","viewId":"application-manageresources-display-component---newResourceUnit","properties":{"title":"Material"},"searchOpenDialogs":true,"interaction":{"idSuffix":"titleText"}},"wdio_ui5_key":"reusablesview.manageresources.NewResourceUnitsap.m.StandardListItem{\"title\":\"Material\"}"}]}
COMMAND: GET /session/4aedcc6e4741b2a879631080b602cb58/screenshot - {}
RESULT: {"script":"<script> [1562 bytes]","args":[{"selector":{"controlType":"sap.m.StandardListItem","viewName":"reusables.view.manageresources.NewResourceUnit","viewId":"application-manageresources-display-component---newResourceUnit","properties":{"title":"Material"},"searchOpenDialogs":true,"interaction":{"idSuffix":"titleText"}},"wdio_ui5_key":"reusablesview.manageresources.NewResourceUnitsap.m.StandardListItem{\"title\":\"Material\"}"}]}
RESULT: undefined
COMMAND: POST /session/4aedcc6e4741b2a879631080b602cb58/element - {"using":"xpath","value":"//*[@id=\"__item1160\"]"}
RESULT: {}
RESULT: {"using":"xpath","value":"//*[@id=\"__item1160\"]"}
COMMAND: POST /session/4aedcc6e4741b2a879631080b602cb58/element/f.0FDC85D955747547727011D182B9DC15.d.AA91DECCCAEC2FDE0DFE01B5BE77676D.e.13895/click - {}
RESULT: {}
COMMAND: POST /session/4aedcc6e4741b2a879631080b602cb58/execute/async - {"script":"<script> [1562 bytes]","args":[{"selector":{"id":"application-manageresources-display-component---newResourceUnit--SHORT_TEXT","interaction":{"idSuffix":"inner"}},"wdio_ui5_key":"applicationmanageresources-display-component---newResourceUnit--SHORT_TEXT"}]}
COMMAND: GET /session/4aedcc6e4741b2a879631080b602cb58/screenshot - {}
RESULT: {"script":"<script> [1562 bytes]","args":[{"selector":{"id":"application-manageresources-display-component---newResourceUnit--SHORT_TEXT","interaction":{"idSuffix":"inner"}},"wdio_ui5_key":"applicationmanageresources-display-component---newResourceUnit--SHORT_TEXT"}]}
RESULT: undefined
COMMAND: POST /session/4aedcc6e4741b2a879631080b602cb58/execute/async - {"script":"<script> [776 bytes]","args":[{"enterText":"WebdriverRUR2Ck1ix3","selector":{"id":"application-manageresources-display-component---newResourceUnit--SHORT_TEXT","interaction":{"idSuffix":"inner"}},"clearTextFirst":true,"interactionType":"ENTER_TEXT"}]}
RESULT: {}
RESULT: {"script":"<script> [776 bytes]","args":[{"enterText":"WebdriverRUR2Ck1ix3","selector":{"id":"application-manageresources-display-component---newResourceUnit--SHORT_TEXT","interaction":{"idSuffix":"inner"}},"clearTextFirst":true,"interactionType":"ENTER_TEXT"}]}
COMMAND: POST /session/4aedcc6e4741b2a879631080b602cb58/execute/async - {"script":"<script> [1562 bytes]","args":[{"selector":{"id":"application-manageresources-display-component---newResourceUnit--BASE_UNIT_OF_MEASURE-arrow"},"wdio_ui5_key":"applicationmanageresources-display-component---newResourceUnit--BASE_UNIT_OF_MEASURE-arrow"}]}
RESULT: {"script":"<script> [1562 bytes]","args":[{"selector":{"id":"application-manageresources-display-component---newResourceUnit--BASE_UNIT_OF_MEASURE-arrow"},"wdio_ui5_key":"applicationmanageresources-display-component---newResourceUnit--BASE_UNIT_OF_MEASURE-arrow"}]}
RESULT: undefined
COMMAND: POST /session/4aedcc6e4741b2a879631080b602cb58/element - {"using":"xpath","value":"//*[@id=\"application-manageresources-display-component---newResourceUnit--BASE_UNIT_OF_MEASURE-arrow\"]"}
RESULT: {"using":"xpath","value":"//*[@id=\"application-manageresources-display-component---newResourceUnit--BASE_UNIT_OF_MEASURE-arrow\"]"}
COMMAND: POST /session/4aedcc6e4741b2a879631080b602cb58/element/f.0FDC85D955747547727011D182B9DC15.d.AA91DECCCAEC2FDE0DFE01B5BE77676D.e.13949/click - {}
RESULT: {}
COMMAND: POST /session/4aedcc6e4741b2a879631080b602cb58/execute/async - {"script":"<script> [1562 bytes]","args":[{"selector":{"controlType":"sap.m.StandardListItem","viewName":"reusables.view.manageresources.NewResourceUnit","viewId":"application-manageresources-display-component---newResourceUnit","properties":{"title":"Piece"},"searchOpenDialogs":true,"interaction":{"idSuffix":"titleText"}},"wdio_ui5_key":"reusablesview.manageresources.NewResourceUnitsap.m.StandardListItem{\"title\":\"Piece\"}"}]}
COMMAND: GET /session/4aedcc6e4741b2a879631080b602cb58/screenshot - {}
RESULT: {"script":"<script> [1562 bytes]","args":[{"selector":{"controlType":"sap.m.StandardListItem","viewName":"reusables.view.manageresources.NewResourceUnit","viewId":"application-manageresources-display-component---newResourceUnit","properties":{"title":"Piece"},"searchOpenDialogs":true,"interaction":{"idSuffix":"titleText"}},"wdio_ui5_key":"reusablesview.manageresources.NewResourceUnitsap.m.StandardListItem{\"title\":\"Piece\"}"}]}
RESULT: undefined
COMMAND: POST /session/4aedcc6e4741b2a879631080b602cb58/element - {"using":"xpath","value":"//*[@id=\"__item1202\"]"}
RESULT: {}
RESULT: {"using":"xpath","value":"//*[@id=\"__item1202\"]"}
COMMAND: POST /session/4aedcc6e4741b2a879631080b602cb58/element/f.0FDC85D955747547727011D182B9DC15.d.AA91DECCCAEC2FDE0DFE01B5BE77676D.e.13951/click - {}
RESULT: {}
COMMAND: POST /session/4aedcc6e4741b2a879631080b602cb58/element - {"using":"xpath","value":"//input[contains(@id ,\"application-manageresources-display-component---newResourceUnit--SHORT_TEXT-inner\")]"}
COMMAND: GET /session/4aedcc6e4741b2a879631080b602cb58/screenshot - {}
RESULT: {"using":"xpath","value":"//input[contains(@id ,\"application-manageresources-display-component---newResourceUnit--SHORT_TEXT-inner\")]"}
COMMAND: GET /session/4aedcc6e4741b2a879631080b602cb58/element/f.0FDC85D955747547727011D182B9DC15.d.AA91DECCCAEC2FDE0DFE01B5BE77676D.e.13912/property/value - {}
RESULT: {}
RESULT: {}
COMMAND: POST /session/4aedcc6e4741b2a879631080b602cb58/execute/async - {"script":"<script> [1562 bytes]","args":[{"selector":{"id":"application-manageresources-display-component---newResourceUnit--WEIGHT_UNIT-arrow"},"wdio_ui5_key":"applicationmanageresources-display-component---newResourceUnit--WEIGHT_UNIT-arrow"}]}
COMMAND: GET /session/4aedcc6e4741b2a879631080b602cb58/screenshot - {}
RESULT: {"script":"<script> [1562 bytes]","args":[{"selector":{"id":"application-manageresources-display-component---newResourceUnit--WEIGHT_UNIT-arrow"},"wdio_ui5_key":"applicationmanageresources-display-component---newResourceUnit--WEIGHT_UNIT-arrow"}]}
RESULT: undefined
COMMAND: POST /session/4aedcc6e4741b2a879631080b602cb58/element - {"using":"xpath","value":"//*[@id=\"application-manageresources-display-component---newResourceUnit--WEIGHT_UNIT-arrow\"]"}
RESULT: {}
RESULT: {"using":"xpath","value":"//*[@id=\"application-manageresources-display-component---newResourceUnit--WEIGHT_UNIT-arrow\"]"}
COMMAND: POST /session/4aedcc6e4741b2a879631080b602cb58/element/f.0FDC85D955747547727011D182B9DC15.d.AA91DECCCAEC2FDE0DFE01B5BE77676D.e.13952/click - {}
RESULT: {}
COMMAND: POST /session/4aedcc6e4741b2a879631080b602cb58/execute/async - {"script":"<script> [1562 bytes]","args":[{"selector":{"controlType":"sap.m.StandardListItem","viewName":"reusables.view.manageresources.NewResourceUnit","viewId":"application-manageresources-display-component---newResourceUnit","properties":{"title":"Gram"},"searchOpenDialogs":true,"interaction":{"idSuffix":"content"}},"wdio_ui5_key":"reusablesview.manageresources.NewResourceUnitsap.m.StandardListItem{\"title\":\"Gram\"}"}]}
COMMAND: GET /session/4aedcc6e4741b2a879631080b602cb58/screenshot - {}
RESULT: {"script":"<script> [1562 bytes]","args":[{"selector":{"controlType":"sap.m.StandardListItem","viewName":"reusables.view.manageresources.NewResourceUnit","viewId":"application-manageresources-display-component---newResourceUnit","properties":{"title":"Gram"},"searchOpenDialogs":true,"interaction":{"idSuffix":"content"}},"wdio_ui5_key":"reusablesview.manageresources.NewResourceUnitsap.m.StandardListItem{\"title\":\"Gram\"}"}]}
RESULT: undefined
COMMAND: POST /session/4aedcc6e4741b2a879631080b602cb58/element - {"using":"xpath","value":"//*[@id=\"__item1267\"]"}
RESULT: {}
RESULT: {"using":"xpath","value":"//*[@id=\"__item1267\"]"}
COMMAND: POST /session/4aedcc6e4741b2a879631080b602cb58/element/f.0FDC85D955747547727011D182B9DC15.d.AA91DECCCAEC2FDE0DFE01B5BE77676D.e.13954/click - {}
RESULT: {}
COMMAND: POST /session/4aedcc6e4741b2a879631080b602cb58/execute/async - {"script":"<script> [1562 bytes]","args":[{"selector":{"id":"application-manageresources-display-component---newResourceUnit--newRRUPage-OPHeaderContent-collapseBtn-img"},"wdio_ui5_key":"applicationmanageresources-display-component---newResourceUnit--newRRUPage-OPHeaderContent-collapseBtn-img"}]}
COMMAND: GET /session/4aedcc6e4741b2a879631080b602cb58/screenshot - {}
RESULT: {"script":"<script> [1562 bytes]","args":[{"selector":{"id":"application-manageresources-display-component---newResourceUnit--newRRUPage-OPHeaderContent-collapseBtn-img"},"wdio_ui5_key":"applicationmanageresources-display-component---newResourceUnit--newRRUPage-OPHeaderContent-collapseBtn-img"}]}
RESULT: undefined
COMMAND: POST /session/4aedcc6e4741b2a879631080b602cb58/element - {"using":"xpath","value":"//*[@id=\"application-manageresources-display-component---newResourceUnit--newRRUPage-OPHeaderContent-collapseBtn-img\"]"}
RESULT: {}
RESULT: {"using":"xpath","value":"//*[@id=\"application-manageresources-display-component---newResourceUnit--newRRUPage-OPHeaderContent-collapseBtn-img\"]"}
COMMAND: POST /session/4aedcc6e4741b2a879631080b602cb58/element/f.0FDC85D955747547727011D182B9DC15.d.AA91DECCCAEC2FDE0DFE01B5BE77676D.e.13902/click - {}
RESULT: {}
COMMAND: GET /session/4aedcc6e4741b2a879631080b602cb58/screenshot - {}
RESULT: {}
COMMAND: POST /session/4aedcc6e4741b2a879631080b602cb58/element - {"using":"xpath","value":"(//span[contains(@id ,\"application-manageresources-display-component---newResourceUnit--DIMENSION_UNIT-arrow\")])[1]"}
RESULT: {"using":"xpath","value":"(//span[contains(@id ,\"application-manageresources-display-component---newResourceUnit--DIMENSION_UNIT-arrow\")])[1]"}
COMMAND: POST /session/4aedcc6e4741b2a879631080b602cb58/element/f.0FDC85D955747547727011D182B9DC15.d.AA91DECCCAEC2FDE0DFE01B5BE77676D.e.13960/click - {}
RESULT: {}
COMMAND: GET /session/4aedcc6e4741b2a879631080b602cb58/screenshot - {}
RESULT: {}
COMMAND: POST /session/4aedcc6e4741b2a879631080b602cb58/execute/async - {"script":"<script> [1562 bytes]","args":[{"selector":{"controlType":"sap.m.StandardListItem","viewName":"reusables.view.manageresources.NewResourceUnit","viewId":"application-manageresources-display-component---newResourceUnit","properties":{"title":"Centimeter"},"searchOpenDialogs":true,"interaction":{"idSuffix":"titleText"}},"wdio_ui5_key":"reusablesview.manageresources.NewResourceUnitsap.m.StandardListItem{\"title\":\"Centimeter\"}"}]}
RESULT: {"script":"<script> [1562 bytes]","args":[{"selector":{"controlType":"sap.m.StandardListItem","viewName":"reusables.view.manageresources.NewResourceUnit","viewId":"application-manageresources-display-component---newResourceUnit","properties":{"title":"Centimeter"},"searchOpenDialogs":true,"interaction":{"idSuffix":"titleText"}},"wdio_ui5_key":"reusablesview.manageresources.NewResourceUnitsap.m.StandardListItem{\"title\":\"Centimeter\"}"}]}
RESULT: undefined
COMMAND: POST /session/4aedcc6e4741b2a879631080b602cb58/element - {"using":"xpath","value":"//*[@id=\"__item1270\"]"}
RESULT: {"using":"xpath","value":"//*[@id=\"__item1270\"]"}
COMMAND: POST /session/4aedcc6e4741b2a879631080b602cb58/element/f.0FDC85D955747547727011D182B9DC15.d.AA91DECCCAEC2FDE0DFE01B5BE77676D.e.13962/click - {}
RESULT: {}
COMMAND: POST /session/4aedcc6e4741b2a879631080b602cb58/execute/async - {"script":"<script> [1562 bytes]","args":[{"selector":{"id":"application-manageresources-display-component---newResourceUnit--newRRUPage-anchBar-application-manageresources-display-component---newResourceUnit--reference-anchor","interaction":{"idSuffix":"BDI-content"}},"wdio_ui5_key":"applicationmanageresources-display-component---newResourceUnit--newRRUPage-anchBar-application-manageresources-display-component---newResourceUnit--reference-anchor"}]}
COMMAND: GET /session/4aedcc6e4741b2a879631080b602cb58/screenshot - {}
RESULT: {"script":"<script> [1562 bytes]","args":[{"selector":{"id":"application-manageresources-display-component---newResourceUnit--newRRUPage-anchBar-application-manageresources-display-component---newResourceUnit--reference-anchor","interaction":{"idSuffix":"BDI-content"}},"wdio_ui5_key":"applicationmanageresources-display-component---newResourceUnit--newRRUPage-anchBar-application-manageresources-display-component---newResourceUnit--reference-anchor"}]}
RESULT: undefined
COMMAND: POST /session/4aedcc6e4741b2a879631080b602cb58/element - {"using":"xpath","value":"//*[@id=\"application-manageresources-display-component---newResourceUnit--newRRUPage-anchBar-application-manageresources-display-component---newResourceUnit--reference-anchor\"]"}
RESULT: {}
RESULT: {"using":"xpath","value":"//*[@id=\"application-manageresources-display-component---newResourceUnit--newRRUPage-anchBar-application-manageresources-display-component---newResourceUnit--reference-anchor\"]"}
COMMAND: POST /session/4aedcc6e4741b2a879631080b602cb58/element/f.0FDC85D955747547727011D182B9DC15.d.AA91DECCCAEC2FDE0DFE01B5BE77676D.e.13964/click - {}
RESULT: {}
COMMAND: POST /session/4aedcc6e4741b2a879631080b602cb58/execute/async - {"script":"<script> [1562 bytes]","args":[{"selector":{"id":"application-manageresources-display-component---newResourceUnit--PLANNING_GROUP-arrow"},"wdio_ui5_key":"applicationmanageresources-display-component---newResourceUnit--PLANNING_GROUP-arrow"}]}
COMMAND: GET /session/4aedcc6e4741b2a879631080b602cb58/screenshot - {}
RESULT: {"script":"<script> [1562 bytes]","args":[{"selector":{"id":"application-manageresources-display-component---newResourceUnit--PLANNING_GROUP-arrow"},"wdio_ui5_key":"applicationmanageresources-display-component---newResourceUnit--PLANNING_GROUP-arrow"}]}
RESULT: undefined
COMMAND: POST /session/4aedcc6e4741b2a879631080b602cb58/element - {"using":"xpath","value":"//*[@id=\"application-manageresources-display-component---newResourceUnit--PLANNING_GROUP-arrow\"]"}
RESULT: {}
RESULT: {"using":"xpath","value":"//*[@id=\"application-manageresources-display-component---newResourceUnit--PLANNING_GROUP-arrow\"]"}
COMMAND: POST /session/4aedcc6e4741b2a879631080b602cb58/element/f.0FDC85D955747547727011D182B9DC15.d.AA91DECCCAEC2FDE0DFE01B5BE77676D.e.13968/click - {}
RESULT: {}
COMMAND: POST /session/4aedcc6e4741b2a879631080b602cb58/execute/async - {"script":"<script> [1562 bytes]","args":[{"selector":{"controlType":"sap.m.StandardListItem","viewName":"reusables.view.manageresources.NewResourceUnit","viewId":"application-manageresources-display-component---newResourceUnit","properties":{"title":"Heavy Equi"},"searchOpenDialogs":true,"interaction":{"idSuffix":"content"}},"wdio_ui5_key":"reusablesview.manageresources.NewResourceUnitsap.m.StandardListItem{\"title\":\"Heavy Equi\"}"}]}
COMMAND: GET /session/4aedcc6e4741b2a879631080b602cb58/screenshot - {}
RESULT: {"script":"<script> [1562 bytes]","args":[{"selector":{"controlType":"sap.m.StandardListItem","viewName":"reusables.view.manageresources.NewResourceUnit","viewId":"application-manageresources-display-component---newResourceUnit","properties":{"title":"Heavy Equi"},"searchOpenDialogs":true,"interaction":{"idSuffix":"content"}},"wdio_ui5_key":"reusablesview.manageresources.NewResourceUnitsap.m.StandardListItem{\"title\":\"Heavy Equi\"}"}]}
RESULT: undefined
COMMAND: POST /session/4aedcc6e4741b2a879631080b602cb58/element - {"using":"xpath","value":"//*[@id=\"__item1278\"]"}
RESULT: {}
RESULT: {"using":"xpath","value":"//*[@id=\"__item1278\"]"}
COMMAND: POST /session/4aedcc6e4741b2a879631080b602cb58/element/f.0FDC85D955747547727011D182B9DC15.d.AA91DECCCAEC2FDE0DFE01B5BE77676D.e.13971/click - {}
RESULT: {}
COMMAND: GET /session/4aedcc6e4741b2a879631080b602cb58/screenshot - {}
RESULT: {}
COMMAND: POST /session/4aedcc6e4741b2a879631080b602cb58/execute/async - {"script":"<script> [1562 bytes]","args":[{"selector":{"id":"application-manageresources-display-component---newResourceUnit--PLANNING_INDICATOR-arrow"},"wdio_ui5_key":"applicationmanageresources-display-component---newResourceUnit--PLANNING_INDICATOR-arrow"}]}
RESULT: {"script":"<script> [1562 bytes]","args":[{"selector":{"id":"application-manageresources-display-component---newResourceUnit--PLANNING_INDICATOR-arrow"},"wdio_ui5_key":"applicationmanageresources-display-component---newResourceUnit--PLANNING_INDICATOR-arrow"}]}
RESULT: undefined
COMMAND: POST /session/4aedcc6e4741b2a879631080b602cb58/element - {"using":"xpath","value":"//*[@id=\"application-manageresources-display-component---newResourceUnit--PLANNING_INDICATOR-arrow\"]"}
RESULT: {"using":"xpath","value":"//*[@id=\"application-manageresources-display-component---newResourceUnit--PLANNING_INDICATOR-arrow\"]"}
COMMAND: POST /session/4aedcc6e4741b2a879631080b602cb58/element/f.0FDC85D955747547727011D182B9DC15.d.AA91DECCCAEC2FDE0DFE01B5BE77676D.e.13972/click - {}
RESULT: {}
COMMAND: POST /session/4aedcc6e4741b2a879631080b602cb58/execute/async - {"script":"<script> [1562 bytes]","args":[{"selector":{"controlType":"sap.m.StandardListItem","viewName":"reusables.view.manageresources.NewResourceUnit","viewId":"application-manageresources-display-component---newResourceUnit","properties":{"title":"10 - infinite"},"searchOpenDialogs":true,"interaction":{"idSuffix":"content"}},"wdio_ui5_key":"reusablesview.manageresources.NewResourceUnitsap.m.StandardListItem{\"title\":\"10 - infinite\"}"}]}
COMMAND: GET /session/4aedcc6e4741b2a879631080b602cb58/screenshot - {}
RESULT: {"script":"<script> [1562 bytes]","args":[{"selector":{"controlType":"sap.m.StandardListItem","viewName":"reusables.view.manageresources.NewResourceUnit","viewId":"application-manageresources-display-component---newResourceUnit","properties":{"title":"10 - infinite"},"searchOpenDialogs":true,"interaction":{"idSuffix":"content"}},"wdio_ui5_key":"reusablesview.manageresources.NewResourceUnitsap.m.StandardListItem{\"title\":\"10 - infinite\"}"}]}
RESULT: undefined
COMMAND: POST /session/4aedcc6e4741b2a879631080b602cb58/element - {"using":"xpath","value":"//*[@id=\"__item1288\"]"}
RESULT: {}
RESULT: {"using":"xpath","value":"//*[@id=\"__item1288\"]"}
COMMAND: POST /session/4aedcc6e4741b2a879631080b602cb58/element/f.0FDC85D955747547727011D182B9DC15.d.AA91DECCCAEC2FDE0DFE01B5BE77676D.e.13974/click - {}
RESULT: {}
COMMAND: GET /session/4aedcc6e4741b2a879631080b602cb58/screenshot - {}
RESULT: {}
COMMAND: POST /session/4aedcc6e4741b2a879631080b602cb58/element - {"using":"xpath","value":"//bdi[contains(text(), \"Time Segment\")]"}
RESULT: {"using":"xpath","value":"//bdi[contains(text(), \"Time Segment\")]"}
COMMAND: GET /session/4aedcc6e4741b2a879631080b602cb58/element/f.0FDC85D955747547727011D182B9DC15.d.AA91DECCCAEC2FDE0DFE01B5BE77676D.e.13975/rect - {}
RESULT: {}
COMMAND: GET /session/4aedcc6e4741b2a879631080b602cb58/window/rect - {}
RESULT: {}
COMMAND: POST /session/4aedcc6e4741b2a879631080b602cb58/execute/sync - {"script":"<script> [92 bytes]","args":[]}
RESULT: {"script":"<script> [92 bytes]","args":[]}
COMMAND: POST /session/4aedcc6e4741b2a879631080b602cb58/actions - {"actions":[{"id":"action69","type":"wheel","parameters":{},"actions":[{"type":"scroll","x":-1820,"y":-21,"deltaX":0,"deltaY":0,"duration":0,"origin":{"element-6066-11e4-a52e-4f735466cecf":"f.0FDC85D955747547727011D182B9DC15.d.AA91DECCCAEC2FDE0DFE01B5BE77676D.e.13975"}}]}]}
COMMAND: GET /session/4aedcc6e4741b2a879631080b602cb58/screenshot - {}
RESULT: {}
COMMAND: POST /session/4aedcc6e4741b2a879631080b602cb58/execute/sync - {"script":"<script> [79 bytes]","args":[{"element-6066-11e4-a52e-4f735466cecf":"f.0FDC85D955747547727011D182B9DC15.d.AA91DECCCAEC2FDE0DFE01B5BE77676D.e.13975","ELEMENT":"f.0FDC85D955747547727011D182B9DC15.d.AA91DECCCAEC2FDE0DFE01B5BE77676D.e.13975"},{"block":"start","inline":"nearest"}]}
RESULT: {"script":"<script> [79 bytes]","args":[{"element-6066-11e4-a52e-4f735466cecf":"f.0FDC85D955747547727011D182B9DC15.d.AA91DECCCAEC2FDE0DFE01B5BE77676D.e.13975","ELEMENT":"f.0FDC85D955747547727011D182B9DC15.d.AA91DECCCAEC2FDE0DFE01B5BE77676D.e.13975"},{"block":"start","inline":"nearest"}]}
COMMAND: GET /session/4aedcc6e4741b2a879631080b602cb58/screenshot - {}
RESULT: {}
COMMAND: POST /session/4aedcc6e4741b2a879631080b602cb58/element - {"using":"xpath","value":"//span[@id=\"application-manageresources-display-component---newResourceUnit--btnAddTimeSegment-img\"]"}
RESULT: {"using":"xpath","value":"//span[@id=\"application-manageresources-display-component---newResourceUnit--btnAddTimeSegment-img\"]"}
COMMAND: POST /session/4aedcc6e4741b2a879631080b602cb58/execute/sync - {"script":"<script> [8489 bytes]","args":[{"element-6066-11e4-a52e-4f735466cecf":"f.0FDC85D955747547727011D182B9DC15.d.AA91DECCCAEC2FDE0DFE01B5BE77676D.e.13978","ELEMENT":"f.0FDC85D955747547727011D182B9DC15.d.AA91DECCCAEC2FDE0DFE01B5BE77676D.e.13978"}]}
RESULT: {"script":"<script> [8489 bytes]","args":[{"element-6066-11e4-a52e-4f735466cecf":"f.0FDC85D955747547727011D182B9DC15.d.AA91DECCCAEC2FDE0DFE01B5BE77676D.e.13978","ELEMENT":"f.0FDC85D955747547727011D182B9DC15.d.AA91DECCCAEC2FDE0DFE01B5BE77676D.e.13978"}]}
COMMAND: POST /session/4aedcc6e4741b2a879631080b602cb58/element/f.0FDC85D955747547727011D182B9DC15.d.AA91DECCCAEC2FDE0DFE01B5BE77676D.e.13978/click - {}
COMMAND: GET /session/4aedcc6e4741b2a879631080b602cb58/screenshot - {}
RESULT: {}
COMMAND: GET /session/4aedcc6e4741b2a879631080b602cb58/screenshot - {}
COMMAND: POST /session/4aedcc6e4741b2a879631080b602cb58/element - {"using":"xpath","value":"//input[@id=\"application-manageresources-display-component---newResourceUnit--idRuTSAdmin-application-manageresources-display-component---newResourceUnit--RUTimeSegment-0-inner\"]"}
RESULT: {}
RESULT: {}
RESULT: {"using":"xpath","value":"//input[@id=\"application-manageresources-display-component---newResourceUnit--idRuTSAdmin-application-manageresources-display-component---newResourceUnit--RUTimeSegment-0-inner\"]"}
COMMAND: POST /session/4aedcc6e4741b2a879631080b602cb58/element/f.0FDC85D955747547727011D182B9DC15.d.AA91DECCCAEC2FDE0DFE01B5BE77676D.e.13981/clear - {}
RESULT: {}
COMMAND: POST /session/4aedcc6e4741b2a879631080b602cb58/element/f.0FDC85D955747547727011D182B9DC15.d.AA91DECCCAEC2FDE0DFE01B5BE77676D.e.13981/value - {"text":"WebdriverYardhxx7w"}
COMMAND: GET /session/4aedcc6e4741b2a879631080b602cb58/screenshot - {}
RESULT: {"text":"WebdriverYardhxx7w"}
COMMAND: GET /session/4aedcc6e4741b2a879631080b602cb58/screenshot - {}
RESULT: {}
RESULT: {}
COMMAND: POST /session/4aedcc6e4741b2a879631080b602cb58/actions - {"actions":[{"id":"action70","type":"key","parameters":{},"actions":[{"type":"keyDown","value":"î€‡"},{"type":"pause","duration":10},{"type":"keyUp","value":"î€‡"}]}]}
RESULT: {"actions":[{"id":"action70","type":"key","parameters":{},"actions":[{"type":"keyDown","value":"î€‡"},{"type":"pause","duration":10},{"type":"keyUp","value":"î€‡"}]}]}
COMMAND: GET /session/4aedcc6e4741b2a879631080b602cb58/screenshot - {}
RESULT: {}
COMMAND: POST /session/4aedcc6e4741b2a879631080b602cb58/execute/async - {"script":"<script> [1562 bytes]","args":[{"selector":{"controlType":"sap.m.Button","viewName":"reusables.view.manageresources.NewResourceUnit","viewId":"application-manageresources-display-component---newResourceUnit","i18NText":{"propertyName":"tooltip","key":"save"},"interaction":{"idSuffix":"BDI-content"}},"wdio_ui5_key":"reusablesview.manageresources.NewResourceUnitsap.m.Button{\"propertyName\":\"tooltip\",\"key\":\"save\"}"}]}
RESULT: {"script":"<script> [1562 bytes]","args":[{"selector":{"controlType":"sap.m.Button","viewName":"reusables.view.manageresources.NewResourceUnit","viewId":"application-manageresources-display-component---newResourceUnit","i18NText":{"propertyName":"tooltip","key":"save"},"interaction":{"idSuffix":"BDI-content"}},"wdio_ui5_key":"reusablesview.manageresources.NewResourceUnitsap.m.Button{\"propertyName\":\"tooltip\",\"key\":\"save\"}"}]}
RESULT: undefined
COMMAND: POST /session/4aedcc6e4741b2a879631080b602cb58/element - {"using":"xpath","value":"//*[@id=\"application-manageresources-display-component---newResourceUnit--createRuButton\"]"}
RESULT: {"using":"xpath","value":"//*[@id=\"application-manageresources-display-component---newResourceUnit--createRuButton\"]"}
COMMAND: POST /session/4aedcc6e4741b2a879631080b602cb58/element/f.0FDC85D955747547727011D182B9DC15.d.AA91DECCCAEC2FDE0DFE01B5BE77676D.e.13908/click - {}
RESULT: {}
COMMAND: GET /session/4aedcc6e4741b2a879631080b602cb58/screenshot - {}
RESULT: {}
COMMAND: POST /session/4aedcc6e4741b2a879631080b602cb58/execute/async - {"script":"<script> [1562 bytes]","args":[{"selector":{"controlType":"sap.m.Title","properties":{"text":"Success"},"searchOpenDialogs":true},"wdio_ui5_key":"sapm.Title{\"text\":\"Success\"}"}]}
RESULT: {"script":"<script> [1562 bytes]","args":[{"selector":{"controlType":"sap.m.Title","properties":{"text":"Success"},"searchOpenDialogs":true},"wdio_ui5_key":"sapm.Title{\"text\":\"Success\"}"}]}
RESULT: undefined
COMMAND: POST /session/4aedcc6e4741b2a879631080b602cb58/execute/async - {"script":"<script> [6424 bytes]","args":[{"element-6066-11e4-a52e-4f735466cecf":"f.0FDC85D955747547727011D182B9DC15.d.AA91DECCCAEC2FDE0DFE01B5BE77676D.e.13994"},"getText",[]]}
RESULT: {"script":"<script> [6424 bytes]","args":[{"element-6066-11e4-a52e-4f735466cecf":"f.0FDC85D955747547727011D182B9DC15.d.AA91DECCCAEC2FDE0DFE01B5BE77676D.e.13994"},"getText",[]]}
COMMAND: POST /session/4aedcc6e4741b2a879631080b602cb58/element - {"using":"xpath","value":"//*[contains(@id, '__text') and (contains(text(), 'successfully created') or contains(., 'successfully created'))]"}
RESULT: {"using":"xpath","value":"//*[contains(@id, '__text') and (contains(text(), 'successfully created') or contains(., 'successfully created'))]"}
COMMAND: GET /session/4aedcc6e4741b2a879631080b602cb58/element/f.0FDC85D955747547727011D182B9DC15.d.AA91DECCCAEC2FDE0DFE01B5BE77676D.e.13992/text - {}
RESULT: {}
COMMAND: POST /session/4aedcc6e4741b2a879631080b602cb58/execute/async - {"script":"<script> [1562 bytes]","args":[{"selector":{"controlType":"sap.m.Button","properties":{"text":"Close"},"searchOpenDialogs":true,"interaction":{"idSuffix":"BDI-content"}},"wdio_ui5_key":"sapm.Button{\"text\":\"Close\"}"}]}
RESULT: {"script":"<script> [1562 bytes]","args":[{"selector":{"controlType":"sap.m.Button","properties":{"text":"Close"},"searchOpenDialogs":true,"interaction":{"idSuffix":"BDI-content"}},"wdio_ui5_key":"sapm.Button{\"text\":\"Close\"}"}]}
RESULT: undefined
COMMAND: POST /session/4aedcc6e4741b2a879631080b602cb58/element - {"using":"xpath","value":"//*[@id=\"__mbox-btn-0\"]"}
RESULT: {"using":"xpath","value":"//*[@id=\"__mbox-btn-0\"]"}
COMMAND: POST /session/4aedcc6e4741b2a879631080b602cb58/element/f.0FDC85D955747547727011D182B9DC15.d.AA91DECCCAEC2FDE0DFE01B5BE77676D.e.13991/click - {}
RESULT: {}
COMMAND: GET /session/4aedcc6e4741b2a879631080b602cb58/screenshot - {}
RESULT: {}
COMMAND: POST /session/4aedcc6e4741b2a879631080b602cb58/execute/async - {"script":"<script> [1562 bytes]","args":[{"selector":{"controlType":"sap.ui.core.Icon","viewName":"etm.portal.ui.manageresources.view.Detail","viewId":"application-manageresources-display-component---detailRU","properties":{"src":{"regex":{"source":"overflow"}}}},"wdio_ui5_key":"etmportal.ui.manageresources.view.Detailsap.ui.core.Icon{\"src\":{\"regex\":{\"source\":\"overflow\"}}}"}]}
RESULT: {"script":"<script> [1562 bytes]","args":[{"selector":{"controlType":"sap.ui.core.Icon","viewName":"etm.portal.ui.manageresources.view.Detail","viewId":"application-manageresources-display-component---detailRU","properties":{"src":{"regex":{"source":"overflow"}}}},"wdio_ui5_key":"etmportal.ui.manageresources.view.Detailsap.ui.core.Icon{\"src\":{\"regex\":{\"source\":\"overflow\"}}}"}]}
RESULT: undefined
COMMAND: POST /session/4aedcc6e4741b2a879631080b602cb58/element - {"using":"xpath","value":"//*[@id=\"__title31-_actionsToolbar-overflowButton-img\"]"}
RESULT: {"using":"xpath","value":"//*[@id=\"__title31-_actionsToolbar-overflowButton-img\"]"}
COMMAND: POST /session/4aedcc6e4741b2a879631080b602cb58/element/f.0FDC85D955747547727011D182B9DC15.d.AA91DECCCAEC2FDE0DFE01B5BE77676D.e.14026/click - {}
RESULT: {}
COMMAND: POST /session/4aedcc6e4741b2a879631080b602cb58/execute/async - {"script":"<script> [1562 bytes]","args":[{"selector":{"controlType":"sap.m.Button","viewName":"etm.portal.ui.manageresources.view.Detail","viewId":"application-manageresources-display-component---detailRU","i18NText":{"propertyName":"tooltip","key":"closeColumn"},"searchOpenDialogs":true,"interaction":{"idSuffix":"inner"}},"wdio_ui5_key":"etmportal.ui.manageresources.view.Detailsap.m.Button{\"propertyName\":\"tooltip\",\"key\":\"closeColumn\"}"}]}
COMMAND: GET /session/4aedcc6e4741b2a879631080b602cb58/screenshot - {}
RESULT: {"script":"<script> [1562 bytes]","args":[{"selector":{"controlType":"sap.m.Button","viewName":"etm.portal.ui.manageresources.view.Detail","viewId":"application-manageresources-display-component---detailRU","i18NText":{"propertyName":"tooltip","key":"closeColumn"},"searchOpenDialogs":true,"interaction":{"idSuffix":"inner"}},"wdio_ui5_key":"etmportal.ui.manageresources.view.Detailsap.m.Button{\"propertyName\":\"tooltip\",\"key\":\"closeColumn\"}"}]}
RESULT: undefined
COMMAND: POST /session/4aedcc6e4741b2a879631080b602cb58/element - {"using":"xpath","value":"//*[@id=\"__button137\"]"}
RESULT: {}
RESULT: {"using":"xpath","value":"//*[@id=\"__button137\"]"}
COMMAND: POST /session/4aedcc6e4741b2a879631080b602cb58/element/f.0FDC85D955747547727011D182B9DC15.d.AA91DECCCAEC2FDE0DFE01B5BE77676D.e.14028/click - {}
RESULT: {}
COMMAND: GET /session/4aedcc6e4741b2a879631080b602cb58/screenshot - {}
RESULT: {}
COMMAND: POST /session/4aedcc6e4741b2a879631080b602cb58/refresh - {}
RESULT: {}
COMMAND: GET /session/4aedcc6e4741b2a879631080b602cb58/screenshot - {}
RESULT: {}
COMMAND: POST /session/4aedcc6e4741b2a879631080b602cb58/execute/async - {"script":"<script> [189 bytes]","args":[]}
RESULT: {"script":"<script> [189 bytes]","args":[]}
COMMAND: POST /session/4aedcc6e4741b2a879631080b602cb58/execute/async - {"script":"<script> [123 bytes]","args":[]}
RESULT: {"script":"<script> [123 bytes]","args":[]}
COMMAND: POST /session/4aedcc6e4741b2a879631080b602cb58/timeouts - {"script":"<number>"}
RESULT: {"script":"<number>"}
COMMAND: GET /session/4aedcc6e4741b2a879631080b602cb58/timeouts - {}
RESULT: {}
RESULT: undefined
COMMAND: POST /session/4aedcc6e4741b2a879631080b602cb58/execute/async - {"script":"<script> [2676 bytes]","args":[]}
RESULT: {"script":"<script> [2676 bytes]","args":[]}
COMMAND: POST /session/4aedcc6e4741b2a879631080b602cb58/execute/async - {"script":"<script> [2342 bytes]","args":[{"protocol":"http","hostname":"0.0.0.0","path":"/","capabilities":{"browserName":"chrome","goog:chromeOptions":{"binary":"C:\\Program Files\\Google\\Chrome\\Application\\chrome.exe","args":["--start-maximized"]}},"logLevel":"warn","connectionRetryTimeout":120000,"connectionRetryCount":3,"logLevels":{},"enableDirectConnect":true,"strictSSL":true,"_":"65 more keys: [\"cacheDir\",\"port\",\"requestedCapabilities\",\"automationProtocol\",\"baseUrl\",\"waitforInterval\",\"waitforTimeout\",\"onReload\",\"beforeCommand\",\"afterCommand\",\"rootDir\",\"specs\",\"suites\",\"exclude\",\"groupLogsByTestSpec\",\"excludeDriverLogs\",\"bail\",\"framework\",\"reporters\",\"services\",\"maxInstances\",\"maxInstancesPerCapability\",\"injectGlobals\",\"filesToWatch\",\"execArgv\",\"runnerEnv\",\"runner\",\"shard\",\"specFileRetries\",\"specFileRetriesDelay\",\"specFileRetriesDeferred\",\"reporterSyncInterval\",\"reporterSyncTimeout\",\"cucumberFeaturesWithLineNumbers\",\"autoCompileOpts\",\"mochaOpts\",\"jasmineOpts\",\"cucumberOpts\",\"onPrepare\",\"onWorkerStart\",\"onWorkerEnd\",\"before\",\"beforeSession\",\"beforeSuite\",\"beforeHook\",\"beforeTest\",\"afterTest\",\"afterHook\",\"afterSuite\",\"afterSession\",\"after\",\"onComplete\",\"beforeAssertion\",\"afterAssertion\",\"beforeFeature\",\"beforeScenario\",\"beforeStep\",\"afterStep\",\"afterScenario\",\"afterFeature\",\"_\",\"suite\",\"$0\",\"ignoredWorkerServices\",\"wdi5\"]"}]}
RESULT: {"script":"<script> [2342 bytes]","args":[{"protocol":"http","hostname":"0.0.0.0","path":"/","capabilities":{"browserName":"chrome","goog:chromeOptions":{"binary":"C:\\Program Files\\Google\\Chrome\\Application\\chrome.exe","args":["--start-maximized"]}},"logLevel":"warn","connectionRetryTimeout":120000,"connectionRetryCount":3,"logLevels":{},"enableDirectConnect":true,"strictSSL":true,"_":"65 more keys: [\"cacheDir\",\"port\",\"requestedCapabilities\",\"automationProtocol\",\"baseUrl\",\"waitforInterval\",\"waitforTimeout\",\"onReload\",\"beforeCommand\",\"afterCommand\",\"rootDir\",\"specs\",\"suites\",\"exclude\",\"groupLogsByTestSpec\",\"excludeDriverLogs\",\"bail\",\"framework\",\"reporters\",\"services\",\"maxInstances\",\"maxInstancesPerCapability\",\"injectGlobals\",\"filesToWatch\",\"execArgv\",\"runnerEnv\",\"runner\",\"shard\",\"specFileRetries\",\"specFileRetriesDelay\",\"specFileRetriesDeferred\",\"reporterSyncInterval\",\"reporterSyncTimeout\",\"cucumberFeaturesWithLineNumbers\",\"autoCompileOpts\",\"mochaOpts\",\"jasmineOpts\",\"cucumberOpts\",\"onPrepare\",\"onWorkerStart\",\"onWorkerEnd\",\"before\",\"beforeSession\",\"beforeSuite\",\"beforeHook\",\"beforeTest\",\"afterTest\",\"afterHook\",\"afterSuite\",\"afterSession\",\"after\",\"onComplete\",\"beforeAssertion\",\"afterAssertion\",\"beforeFeature\",\"beforeScenario\",\"beforeStep\",\"afterStep\",\"afterScenario\",\"afterFeature\",\"_\",\"suite\",\"$0\",\"ignoredWorkerServices\",\"wdi5\"]"}]}
COMMAND: POST /session/4aedcc6e4741b2a879631080b602cb58/execute/async - {"script":"<script> [21126 bytes]","args":[35000]}
RESULT: {"script":"<script> [21126 bytes]","args":[35000]}
COMMAND: POST /session/4aedcc6e4741b2a879631080b602cb58/element - {"using":"css selector","value":"#shell-header-logo"}
RESULT: {"using":"css selector","value":"#shell-header-logo"}
COMMAND: POST /session/4aedcc6e4741b2a879631080b602cb58/element/f.0FDC85D955747547727011D182B9DC15.d.992F5CF5BC75E17D1E84797AD97B4823.e.14203/click - {}
RESULT: {}
COMMAND: GET /session/4aedcc6e4741b2a879631080b602cb58/screenshot - {}
RESULT: {}
COMMAND: POST /session/4aedcc6e4741b2a879631080b602cb58/execute/async - {"script":"<script> [1562 bytes]","args":[{"selector":{"controlType":"sap.m.GenericTile","properties":{"header":"Manage Handovers"}},"wdio_ui5_key":"sapm.GenericTile{\"header\":\"Manage Handovers\"}"}]}
RESULT: {"script":"<script> [1562 bytes]","args":[{"selector":{"controlType":"sap.m.GenericTile","properties":{"header":"Manage Handovers"}},"wdio_ui5_key":"sapm.GenericTile{\"header\":\"Manage Handovers\"}"}]}
RESULT: undefined
COMMAND: POST /session/4aedcc6e4741b2a879631080b602cb58/element - {"using":"xpath","value":"//*[@id=\"__tile132\"]"}
RESULT: {"using":"xpath","value":"//*[@id=\"__tile132\"]"}
COMMAND: POST /session/4aedcc6e4741b2a879631080b602cb58/element/f.0FDC85D955747547727011D182B9DC15.d.992F5CF5BC75E17D1E84797AD97B4823.e.14390/click - {}
RESULT: {}
COMMAND: GET /session/4aedcc6e4741b2a879631080b602cb58/screenshot - {}
RESULT: {}
COMMAND: POST /session/4aedcc6e4741b2a879631080b602cb58/elements - {"using":"xpath","value":"//span[text()='Error']"}
RESULT: {"using":"xpath","value":"//span[text()='Error']"}
COMMAND: POST /session/4aedcc6e4741b2a879631080b602cb58/element - {"using":"xpath","value":"//button[@data-kt=\"masterHOAddButton\"]"}
RESULT: {"using":"xpath","value":"//button[@data-kt=\"masterHOAddButton\"]"}
COMMAND: POST /session/4aedcc6e4741b2a879631080b602cb58/execute/sync - {"script":"<script> [8489 bytes]","args":[{"element-6066-11e4-a52e-4f735466cecf":"f.0FDC85D955747547727011D182B9DC15.d.992F5CF5BC75E17D1E84797AD97B4823.e.14431","ELEMENT":"f.0FDC85D955747547727011D182B9DC15.d.992F5CF5BC75E17D1E84797AD97B4823.e.14431"}]}
RESULT: {"script":"<script> [8489 bytes]","args":[{"element-6066-11e4-a52e-4f735466cecf":"f.0FDC85D955747547727011D182B9DC15.d.992F5CF5BC75E17D1E84797AD97B4823.e.14431","ELEMENT":"f.0FDC85D955747547727011D182B9DC15.d.992F5CF5BC75E17D1E84797AD97B4823.e.14431"}]}
COMMAND: POST /session/4aedcc6e4741b2a879631080b602cb58/element/f.0FDC85D955747547727011D182B9DC15.d.992F5CF5BC75E17D1E84797AD97B4823.e.14431/click - {}
COMMAND: GET /session/4aedcc6e4741b2a879631080b602cb58/screenshot - {}
RESULT: {}
COMMAND: GET /session/4aedcc6e4741b2a879631080b602cb58/screenshot - {}
COMMAND: POST /session/4aedcc6e4741b2a879631080b602cb58/element - {"using":"xpath","value":"//span[contains(@id ,\"AddNewHO--typeSelect-arrow\")]"}
RESULT: {}
RESULT: {}
RESULT: {"using":"xpath","value":"//span[contains(@id ,\"AddNewHO--typeSelect-arrow\")]"}
COMMAND: POST /session/4aedcc6e4741b2a879631080b602cb58/element/f.0FDC85D955747547727011D182B9DC15.d.992F5CF5BC75E17D1E84797AD97B4823.e.14721/click - {}
RESULT: {}
COMMAND: GET /session/4aedcc6e4741b2a879631080b602cb58/screenshot - {}
RESULT: {}
COMMAND: POST /session/4aedcc6e4741b2a879631080b602cb58/element - {"using":"xpath","value":"(//li[contains(text(), \"stock increase yard\")])[1]"}
RESULT: {"using":"xpath","value":"(//li[contains(text(), \"stock increase yard\")])[1]"}
COMMAND: POST /session/4aedcc6e4741b2a879631080b602cb58/element/f.0FDC85D955747547727011D182B9DC15.d.992F5CF5BC75E17D1E84797AD97B4823.e.14722/click - {}
RESULT: {}
COMMAND: GET /session/4aedcc6e4741b2a879631080b602cb58/screenshot - {}
RESULT: {}
COMMAND: POST /session/4aedcc6e4741b2a879631080b602cb58/execute/async - {"script":"<script> [1562 bytes]","args":[{"selector":{"id":"application-managehandovers-display-component---AddNewHO--dueDate","interaction":{"idSuffix":"inner"}},"wdio_ui5_key":"applicationmanagehandovers-display-component---AddNewHO--dueDate"}]}
RESULT: {"script":"<script> [1562 bytes]","args":[{"selector":{"id":"application-managehandovers-display-component---AddNewHO--dueDate","interaction":{"idSuffix":"inner"}},"wdio_ui5_key":"applicationmanagehandovers-display-component---AddNewHO--dueDate"}]}
RESULT: undefined
COMMAND: POST /session/4aedcc6e4741b2a879631080b602cb58/execute/async - {"script":"<script> [6424 bytes]","args":[{"element-6066-11e4-a52e-4f735466cecf":"f.0FDC85D955747547727011D182B9DC15.d.992F5CF5BC75E17D1E84797AD97B4823.e.14724"},"setValue",["5/20/25"]]}
RESULT: {"script":"<script> [6424 bytes]","args":[{"element-6066-11e4-a52e-4f735466cecf":"f.0FDC85D955747547727011D182B9DC15.d.992F5CF5BC75E17D1E84797AD97B4823.e.14724"},"setValue",["5/20/25"]]}
COMMAND: POST /session/4aedcc6e4741b2a879631080b602cb58/element - {"using":"xpath","value":"//input[@id=\"generalSectionFrg--receiveYard-inner\"]"}
RESULT: {"using":"xpath","value":"//input[@id=\"generalSectionFrg--receiveYard-inner\"]"}
COMMAND: POST /session/4aedcc6e4741b2a879631080b602cb58/element/f.0FDC85D955747547727011D182B9DC15.d.992F5CF5BC75E17D1E84797AD97B4823.e.14728/clear - {}
RESULT: {}
COMMAND: POST /session/4aedcc6e4741b2a879631080b602cb58/element/f.0FDC85D955747547727011D182B9DC15.d.992F5CF5BC75E17D1E84797AD97B4823.e.14728/value - {"text":"WebdriverYardhxx7w"}
COMMAND: GET /session/4aedcc6e4741b2a879631080b602cb58/screenshot - {}
RESULT: {"text":"WebdriverYardhxx7w"}
COMMAND: GET /session/4aedcc6e4741b2a879631080b602cb58/screenshot - {}
RESULT: {}
RESULT: {}
COMMAND: POST /session/4aedcc6e4741b2a879631080b602cb58/execute/async - {"script":"<script> [1562 bytes]","args":[{"selector":{"id":"application-managehandovers-display-component---AddNewHO--ObjectPageLayout-anchBar-application-managehandovers-display-component---AddNewHO--section4-anchor","interaction":{"idSuffix":"BDI-content"}},"wdio_ui5_key":"applicationmanagehandovers-display-component---AddNewHO--ObjectPageLayout-anchBar-application-managehandovers-display-component---AddNewHO--section4-anchor"}]}
RESULT: {"script":"<script> [1562 bytes]","args":[{"selector":{"id":"application-managehandovers-display-component---AddNewHO--ObjectPageLayout-anchBar-application-managehandovers-display-component---AddNewHO--section4-anchor","interaction":{"idSuffix":"BDI-content"}},"wdio_ui5_key":"applicationmanagehandovers-display-component---AddNewHO--ObjectPageLayout-anchBar-application-managehandovers-display-component---AddNewHO--section4-anchor"}]}
RESULT: undefined
COMMAND: POST /session/4aedcc6e4741b2a879631080b602cb58/element - {"using":"xpath","value":"//*[@id=\"application-managehandovers-display-component---AddNewHO--ObjectPageLayout-anchBar-application-managehandovers-display-component---AddNewHO--section4-anchor\"]"}
RESULT: {"using":"xpath","value":"//*[@id=\"application-managehandovers-display-component---AddNewHO--ObjectPageLayout-anchBar-application-managehandovers-display-component---AddNewHO--section4-anchor\"]"}
COMMAND: POST /session/4aedcc6e4741b2a879631080b602cb58/element/f.0FDC85D955747547727011D182B9DC15.d.992F5CF5BC75E17D1E84797AD97B4823.e.14748/click - {}
RESULT: {}
COMMAND: GET /session/4aedcc6e4741b2a879631080b602cb58/screenshot - {}
RESULT: {}
COMMAND: POST /session/4aedcc6e4741b2a879631080b602cb58/element - {"using":"xpath","value":"//button[@aria-label=\"Add\"]"}
RESULT: {"using":"xpath","value":"//button[@aria-label=\"Add\"]"}
COMMAND: POST /session/4aedcc6e4741b2a879631080b602cb58/element/f.0FDC85D955747547727011D182B9DC15.d.992F5CF5BC75E17D1E84797AD97B4823.e.14752/click - {}
RESULT: {}
COMMAND: GET /session/4aedcc6e4741b2a879631080b602cb58/screenshot - {}
RESULT: {}
COMMAND: POST /session/4aedcc6e4741b2a879631080b602cb58/execute/async - {"script":"<script> [1562 bytes]","args":[{"selector":{"id":"application-managehandovers-display-component---AddNewHO--smartFilterBar-btnBasicSearch","searchOpenDialogs":true,"interaction":{"idSuffix":"I"}},"wdio_ui5_key":"applicationmanagehandovers-display-component---AddNewHO--smartFilterBar-btnBasicSearch"}]}
RESULT: {"script":"<script> [1562 bytes]","args":[{"selector":{"id":"application-managehandovers-display-component---AddNewHO--smartFilterBar-btnBasicSearch","searchOpenDialogs":true,"interaction":{"idSuffix":"I"}},"wdio_ui5_key":"applicationmanagehandovers-display-component---AddNewHO--smartFilterBar-btnBasicSearch"}]}
RESULT: undefined
COMMAND: POST /session/4aedcc6e4741b2a879631080b602cb58/execute/async - {"script":"<script> [776 bytes]","args":[{"enterText":"WebdriverRUR2Ck1ix3","selector":{"id":"application-managehandovers-display-component---AddNewHO--smartFilterBar-btnBasicSearch","searchOpenDialogs":true,"interaction":{"idSuffix":"I"}},"clearTextFirst":true,"interactionType":"ENTER_TEXT"}]}
RESULT: {"script":"<script> [776 bytes]","args":[{"enterText":"WebdriverRUR2Ck1ix3","selector":{"id":"application-managehandovers-display-component---AddNewHO--smartFilterBar-btnBasicSearch","searchOpenDialogs":true,"interaction":{"idSuffix":"I"}},"clearTextFirst":true,"interactionType":"ENTER_TEXT"}]}
COMMAND: POST /session/4aedcc6e4741b2a879631080b602cb58/actions - {"actions":[{"id":"action71","type":"key","parameters":{},"actions":[{"type":"keyDown","value":"î€‡"},{"type":"pause","duration":10},{"type":"keyUp","value":"î€‡"}]}]}
RESULT: {"actions":[{"id":"action71","type":"key","parameters":{},"actions":[{"type":"keyDown","value":"î€‡"},{"type":"pause","duration":10},{"type":"keyUp","value":"î€‡"}]}]}
COMMAND: POST /session/4aedcc6e4741b2a879631080b602cb58/execute/async - {"script":"<script> [1562 bytes]","args":[{"selector":{"id":"application-managehandovers-display-component---AddNewHO--popup-sa","searchOpenDialogs":true,"interaction":{"idSuffix":"CbBg"}},"wdio_ui5_key":"applicationmanagehandovers-display-component---AddNewHO--popup-sa"}]}
COMMAND: GET /session/4aedcc6e4741b2a879631080b602cb58/screenshot - {}
RESULT: {"script":"<script> [1562 bytes]","args":[{"selector":{"id":"application-managehandovers-display-component---AddNewHO--popup-sa","searchOpenDialogs":true,"interaction":{"idSuffix":"CbBg"}},"wdio_ui5_key":"applicationmanagehandovers-display-component---AddNewHO--popup-sa"}]}
RESULT: undefined
COMMAND: POST /session/4aedcc6e4741b2a879631080b602cb58/element - {"using":"xpath","value":"//*[@id=\"application-managehandovers-display-component---AddNewHO--popup-sa\"]"}
RESULT: {}
RESULT: {"using":"xpath","value":"//*[@id=\"application-managehandovers-display-component---AddNewHO--popup-sa\"]"}
COMMAND: POST /session/4aedcc6e4741b2a879631080b602cb58/element/f.0FDC85D955747547727011D182B9DC15.d.992F5CF5BC75E17D1E84797AD97B4823.e.14879/click - {}
RESULT: {}
COMMAND: GET /session/4aedcc6e4741b2a879631080b602cb58/screenshot - {}
RESULT: {}
COMMAND: POST /session/4aedcc6e4741b2a879631080b602cb58/element - {"using":"xpath","value":"//bdi[contains(text(), \"Select\")]"}
RESULT: {"using":"xpath","value":"//bdi[contains(text(), \"Select\")]"}
COMMAND: POST /session/4aedcc6e4741b2a879631080b602cb58/element/f.0FDC85D955747547727011D182B9DC15.d.992F5CF5BC75E17D1E84797AD97B4823.e.14880/click - {}
RESULT: {}
COMMAND: GET /session/4aedcc6e4741b2a879631080b602cb58/screenshot - {}
RESULT: {}
COMMAND: POST /session/4aedcc6e4741b2a879631080b602cb58/execute/async - {"script":"<script> [1562 bytes]","args":[{"selector":{"controlType":"sap.m.Input","viewName":"etm.portal.ui.managehandovers.view.AddNewHO","viewId":"application-managehandovers-display-component---AddNewHO","bindingPath":{"path":"/items/0","propertyPath":"TYPE","modelName":"hoItemsModel"},"interaction":{"idSuffix":"inner"}},"wdio_ui5_key":"etmportal.ui.managehandovers.view.AddNewHOsap.m.Input{\"path\":\"/items/0\",\"propertyPath\":\"TYPE\",\"modelName\":\"hoItemsModel\"}"}]}
RESULT: {"script":"<script> [1562 bytes]","args":[{"selector":{"controlType":"sap.m.Input","viewName":"etm.portal.ui.managehandovers.view.AddNewHO","viewId":"application-managehandovers-display-component---AddNewHO","bindingPath":{"path":"/items/0","propertyPath":"TYPE","modelName":"hoItemsModel"},"interaction":{"idSuffix":"inner"}},"wdio_ui5_key":"etmportal.ui.managehandovers.view.AddNewHOsap.m.Input{\"path\":\"/items/0\",\"propertyPath\":\"TYPE\",\"modelName\":\"hoItemsModel\"}"}]}
RESULT: undefined
COMMAND: POST /session/4aedcc6e4741b2a879631080b602cb58/execute/async - {"script":"<script> [776 bytes]","args":[{"enterText":"100","selector":{"controlType":"sap.m.Input","viewName":"etm.portal.ui.managehandovers.view.AddNewHO","viewId":"application-managehandovers-display-component---AddNewHO","bindingPath":{"path":"/items/0","propertyPath":"TYPE","modelName":"hoItemsModel"},"interaction":{"idSuffix":"inner"}},"clearTextFirst":true,"interactionType":"ENTER_TEXT"}]}
RESULT: {"script":"<script> [776 bytes]","args":[{"enterText":"100","selector":{"controlType":"sap.m.Input","viewName":"etm.portal.ui.managehandovers.view.AddNewHO","viewId":"application-managehandovers-display-component---AddNewHO","bindingPath":{"path":"/items/0","propertyPath":"TYPE","modelName":"hoItemsModel"},"interaction":{"idSuffix":"inner"}},"clearTextFirst":true,"interactionType":"ENTER_TEXT"}]}
COMMAND: POST /session/4aedcc6e4741b2a879631080b602cb58/element - {"using":"xpath","value":"//button[@data-kt=\"AddNewHOSaveButton\"]"}
RESULT: {"using":"xpath","value":"//button[@data-kt=\"AddNewHOSaveButton\"]"}
COMMAND: POST /session/4aedcc6e4741b2a879631080b602cb58/element/f.0FDC85D955747547727011D182B9DC15.d.992F5CF5BC75E17D1E84797AD97B4823.e.14885/click - {}
RESULT: {}
COMMAND: GET /session/4aedcc6e4741b2a879631080b602cb58/screenshot - {}
RESULT: {}
COMMAND: POST /session/4aedcc6e4741b2a879631080b602cb58/execute/async - {"script":"<script> [1562 bytes]","args":[{"selector":{"id":"receiptDatePicker","viewName":"etm.portal.ui.managehandovers.view.DetailExecuteHO","interaction":{"idSuffix":"inner"}},"wdio_ui5_key":"receiptDatePickeretmportal.ui.managehandovers.view.DetailExecuteHO"}]}
RESULT: {"script":"<script> [1562 bytes]","args":[{"selector":{"id":"receiptDatePicker","viewName":"etm.portal.ui.managehandovers.view.DetailExecuteHO","interaction":{"idSuffix":"inner"}},"wdio_ui5_key":"receiptDatePickeretmportal.ui.managehandovers.view.DetailExecuteHO"}]}
RESULT: undefined
COMMAND: POST /session/4aedcc6e4741b2a879631080b602cb58/execute/async - {"script":"<script> [6424 bytes]","args":[{"element-6066-11e4-a52e-4f735466cecf":"f.0FDC85D955747547727011D182B9DC15.d.992F5CF5BC75E17D1E84797AD97B4823.e.14903"},"setValue",["5/20/25"]]}
RESULT: {"script":"<script> [6424 bytes]","args":[{"element-6066-11e4-a52e-4f735466cecf":"f.0FDC85D955747547727011D182B9DC15.d.992F5CF5BC75E17D1E84797AD97B4823.e.14903"},"setValue",["5/20/25"]]}
COMMAND: POST /session/4aedcc6e4741b2a879631080b602cb58/element - {"using":"xpath","value":"//button[@data-kt=\"PickingTableConfirmAllButton\"]"}
RESULT: {"using":"xpath","value":"//button[@data-kt=\"PickingTableConfirmAllButton\"]"}
COMMAND: POST /session/4aedcc6e4741b2a879631080b602cb58/element/f.0FDC85D955747547727011D182B9DC15.d.992F5CF5BC75E17D1E84797AD97B4823.e.14917/click - {}
RESULT: {}
COMMAND: GET /session/4aedcc6e4741b2a879631080b602cb58/screenshot - {}
RESULT: {}
COMMAND: POST /session/4aedcc6e4741b2a879631080b602cb58/element - {"using":"xpath","value":"//bdi[contains(text(), \"OK\")]"}
RESULT: {"using":"xpath","value":"//bdi[contains(text(), \"OK\")]"}
COMMAND: POST /session/4aedcc6e4741b2a879631080b602cb58/element/f.0FDC85D955747547727011D182B9DC15.d.992F5CF5BC75E17D1E84797AD97B4823.e.14919/click - {}
RESULT: {}
COMMAND: GET /session/4aedcc6e4741b2a879631080b602cb58/screenshot - {}
RESULT: {}
COMMAND: POST /session/4aedcc6e4741b2a879631080b602cb58/element - {"using":"xpath","value":"(//bdi[contains(text(), \"Receive\")])[2]"}
RESULT: {"using":"xpath","value":"(//bdi[contains(text(), \"Receive\")])[2]"}
COMMAND: POST /session/4aedcc6e4741b2a879631080b602cb58/element/f.0FDC85D955747547727011D182B9DC15.d.992F5CF5BC75E17D1E84797AD97B4823.e.14921/click - {}
RESULT: {}
COMMAND: GET /session/4aedcc6e4741b2a879631080b602cb58/screenshot - {}
RESULT: {}
COMMAND: POST /session/4aedcc6e4741b2a879631080b602cb58/element - {"using":"css selector","value":"#shell-header-logo"}
RESULT: {"using":"css selector","value":"#shell-header-logo"}
COMMAND: POST /session/4aedcc6e4741b2a879631080b602cb58/element/f.0FDC85D955747547727011D182B9DC15.d.992F5CF5BC75E17D1E84797AD97B4823.e.14393/click - {}
RESULT: {}
]]></system-out>
    </testcase>
    <testcase classname="chrome.136_0_7103_93.windows.E2E_-_Logistical_and_commercial_statuses" name="Should add a pricing rule and a condition to the RU" time="104.405">
      <system-out><![CDATA[
COMMAND: POST /session/4aedcc6e4741b2a879631080b602cb58/execute/async - {"script":"<script> [1562 bytes]","args":[{"selector":{"controlType":"sap.m.GenericTile","properties":{"header":"Manage Pricing Rules"}},"wdio_ui5_key":"sapm.GenericTile{\"header\":\"Manage Pricing Rules\"}"}]}
COMMAND: GET /session/4aedcc6e4741b2a879631080b602cb58/screenshot - {}
RESULT: {"script":"<script> [1562 bytes]","args":[{"selector":{"controlType":"sap.m.GenericTile","properties":{"header":"Manage Pricing Rules"}},"wdio_ui5_key":"sapm.GenericTile{\"header\":\"Manage Pricing Rules\"}"}]}
RESULT: undefined
COMMAND: POST /session/4aedcc6e4741b2a879631080b602cb58/element - {"using":"xpath","value":"//*[@id=\"__tile55\"]"}
RESULT: {}
RESULT: {"using":"xpath","value":"//*[@id=\"__tile55\"]"}
COMMAND: POST /session/4aedcc6e4741b2a879631080b602cb58/element/f.0FDC85D955747547727011D182B9DC15.d.992F5CF5BC75E17D1E84797AD97B4823.e.15151/click - {}
RESULT: {}
COMMAND: GET /session/4aedcc6e4741b2a879631080b602cb58/screenshot - {}
RESULT: {}
COMMAND: POST /session/4aedcc6e4741b2a879631080b602cb58/elements - {"using":"xpath","value":"//span[text()='Error']"}
RESULT: {"using":"xpath","value":"//span[text()='Error']"}
COMMAND: POST /session/4aedcc6e4741b2a879631080b602cb58/execute/async - {"script":"<script> [1562 bytes]","args":[{"selector":{"controlType":"sap.ui.core.Icon","viewName":"etm.portal.ui.managepricingrules.view.MasterHeader","viewId":"application-managepricingrules-display-component---priceInfoHeader","properties":{"src":{"regex":{"source":"activity\\-items"}}}},"wdio_ui5_key":"etmportal.ui.managepricingrules.view.MasterHeadersap.ui.core.Icon{\"src\":{\"regex\":{\"source\":\"activity\\\\-items\"}}}"}]}
RESULT: {"script":"<script> [1562 bytes]","args":[{"selector":{"controlType":"sap.ui.core.Icon","viewName":"etm.portal.ui.managepricingrules.view.MasterHeader","viewId":"application-managepricingrules-display-component---priceInfoHeader","properties":{"src":{"regex":{"source":"activity\\-items"}}}},"wdio_ui5_key":"etmportal.ui.managepricingrules.view.MasterHeadersap.ui.core.Icon{\"src\":{\"regex\":{\"source\":\"activity\\\\-items\"}}}"}]}
RESULT: undefined
COMMAND: POST /session/4aedcc6e4741b2a879631080b602cb58/element - {"using":"xpath","value":"//*[@id=\"__filter22-icon\"]"}
RESULT: {"using":"xpath","value":"//*[@id=\"__filter22-icon\"]"}
COMMAND: POST /session/4aedcc6e4741b2a879631080b602cb58/element/f.0FDC85D955747547727011D182B9DC15.d.992F5CF5BC75E17D1E84797AD97B4823.e.15200/click - {}
RESULT: {}
COMMAND: GET /session/4aedcc6e4741b2a879631080b602cb58/screenshot - {}
RESULT: {}
COMMAND: POST /session/4aedcc6e4741b2a879631080b602cb58/execute/async - {"script":"<script> [1562 bytes]","args":[{"selector":{"controlType":"sap.ui.core.Icon","viewName":"etm.portal.ui.managepricingrules.view.MasterItem","viewId":"application-managepricingrules-display-component---priceInfoItem","properties":{"src":{"regex":{"source":"add"}}}},"wdio_ui5_key":"etmportal.ui.managepricingrules.view.MasterItemsap.ui.core.Icon{\"src\":{\"regex\":{\"source\":\"add\"}}}"}]}
RESULT: {"script":"<script> [1562 bytes]","args":[{"selector":{"controlType":"sap.ui.core.Icon","viewName":"etm.portal.ui.managepricingrules.view.MasterItem","viewId":"application-managepricingrules-display-component---priceInfoItem","properties":{"src":{"regex":{"source":"add"}}}},"wdio_ui5_key":"etmportal.ui.managepricingrules.view.MasterItemsap.ui.core.Icon{\"src\":{\"regex\":{\"source\":\"add\"}}}"}]}
RESULT: undefined
COMMAND: POST /session/4aedcc6e4741b2a879631080b602cb58/element - {"using":"xpath","value":"//*[@id=\"__button73-img\"]"}
RESULT: {"using":"xpath","value":"//*[@id=\"__button73-img\"]"}
COMMAND: POST /session/4aedcc6e4741b2a879631080b602cb58/element/f.0FDC85D955747547727011D182B9DC15.d.992F5CF5BC75E17D1E84797AD97B4823.e.15248/click - {}
RESULT: {}
COMMAND: GET /session/4aedcc6e4741b2a879631080b602cb58/screenshot - {}
RESULT: {}
COMMAND: POST /session/4aedcc6e4741b2a879631080b602cb58/element - {"using":"xpath","value":"//input[@id=\"application-managepricingrules-display-component---newInfoPriceItem--condRU-inner\"]"}
RESULT: {"using":"xpath","value":"//input[@id=\"application-managepricingrules-display-component---newInfoPriceItem--condRU-inner\"]"}
COMMAND: POST /session/4aedcc6e4741b2a879631080b602cb58/element/f.0FDC85D955747547727011D182B9DC15.d.992F5CF5BC75E17D1E84797AD97B4823.e.15459/clear - {}
RESULT: {}
COMMAND: POST /session/4aedcc6e4741b2a879631080b602cb58/element/f.0FDC85D955747547727011D182B9DC15.d.992F5CF5BC75E17D1E84797AD97B4823.e.15459/value - {"text":"WebdriverRUR2Ck1ix3"}
COMMAND: GET /session/4aedcc6e4741b2a879631080b602cb58/screenshot - {}
RESULT: {"text":"WebdriverRUR2Ck1ix3"}
COMMAND: POST /session/4aedcc6e4741b2a879631080b602cb58/execute/async - {"script":"<script> [1562 bytes]","args":[{"selector":{"id":"application-managepricingrules-display-component---newInfoPriceItem--condValidTo","interaction":{"idSuffix":"inner"}},"wdio_ui5_key":"applicationmanagepricingrules-display-component---newInfoPriceItem--condValidTo"}]}
COMMAND: GET /session/4aedcc6e4741b2a879631080b602cb58/screenshot - {}
RESULT: {}
RESULT: {"script":"<script> [1562 bytes]","args":[{"selector":{"id":"application-managepricingrules-display-component---newInfoPriceItem--condValidTo","interaction":{"idSuffix":"inner"}},"wdio_ui5_key":"applicationmanagepricingrules-display-component---newInfoPriceItem--condValidTo"}]}
RESULT: undefined
COMMAND: POST /session/4aedcc6e4741b2a879631080b602cb58/execute/async - {"script":"<script> [776 bytes]","args":[{"enterText":"5/18/33","selector":{"id":"application-managepricingrules-display-component---newInfoPriceItem--condValidTo","interaction":{"idSuffix":"inner"}},"clearTextFirst":true,"interactionType":"ENTER_TEXT"}]}
RESULT: {}
RESULT: {"script":"<script> [776 bytes]","args":[{"enterText":"5/18/33","selector":{"id":"application-managepricingrules-display-component---newInfoPriceItem--condValidTo","interaction":{"idSuffix":"inner"}},"clearTextFirst":true,"interactionType":"ENTER_TEXT"}]}
COMMAND: POST /session/4aedcc6e4741b2a879631080b602cb58/execute/async - {"script":"<script> [1562 bytes]","args":[{"selector":{"id":"application-managepricingrules-display-component---newInfoPriceItem--billType-arrow"},"wdio_ui5_key":"applicationmanagepricingrules-display-component---newInfoPriceItem--billType-arrow"}]}
RESULT: {"script":"<script> [1562 bytes]","args":[{"selector":{"id":"application-managepricingrules-display-component---newInfoPriceItem--billType-arrow"},"wdio_ui5_key":"applicationmanagepricingrules-display-component---newInfoPriceItem--billType-arrow"}]}
RESULT: undefined
COMMAND: POST /session/4aedcc6e4741b2a879631080b602cb58/element - {"using":"xpath","value":"//*[@id=\"application-managepricingrules-display-component---newInfoPriceItem--billType-arrow\"]"}
RESULT: {"using":"xpath","value":"//*[@id=\"application-managepricingrules-display-component---newInfoPriceItem--billType-arrow\"]"}
COMMAND: POST /session/4aedcc6e4741b2a879631080b602cb58/element/f.0FDC85D955747547727011D182B9DC15.d.992F5CF5BC75E17D1E84797AD97B4823.e.15546/click - {}
RESULT: {}
COMMAND: POST /session/4aedcc6e4741b2a879631080b602cb58/element - {"using":"xpath","value":"//span[contains(text(), \"TB - Time based\")]"}
COMMAND: GET /session/4aedcc6e4741b2a879631080b602cb58/screenshot - {}
RESULT: {"using":"xpath","value":"//span[contains(text(), \"TB - Time based\")]"}
COMMAND: POST /session/4aedcc6e4741b2a879631080b602cb58/element/f.0FDC85D955747547727011D182B9DC15.d.992F5CF5BC75E17D1E84797AD97B4823.e.15595/click - {}
RESULT: {}
RESULT: {}
COMMAND: POST /session/4aedcc6e4741b2a879631080b602cb58/execute/async - {"script":"<script> [1562 bytes]","args":[{"selector":{"id":"application-managepricingrules-display-component---newInfoPriceItem--priceProc-arrow"},"wdio_ui5_key":"applicationmanagepricingrules-display-component---newInfoPriceItem--priceProc-arrow"}]}
COMMAND: GET /session/4aedcc6e4741b2a879631080b602cb58/screenshot - {}
RESULT: {"script":"<script> [1562 bytes]","args":[{"selector":{"id":"application-managepricingrules-display-component---newInfoPriceItem--priceProc-arrow"},"wdio_ui5_key":"applicationmanagepricingrules-display-component---newInfoPriceItem--priceProc-arrow"}]}
RESULT: undefined
COMMAND: POST /session/4aedcc6e4741b2a879631080b602cb58/element - {"using":"xpath","value":"//*[@id=\"application-managepricingrules-display-component---newInfoPriceItem--priceProc-arrow\"]"}
RESULT: {}
RESULT: {"using":"xpath","value":"//*[@id=\"application-managepricingrules-display-component---newInfoPriceItem--priceProc-arrow\"]"}
COMMAND: POST /session/4aedcc6e4741b2a879631080b602cb58/element/f.0FDC85D955747547727011D182B9DC15.d.992F5CF5BC75E17D1E84797AD97B4823.e.15553/click - {}
RESULT: {}
COMMAND: POST /session/4aedcc6e4741b2a879631080b602cb58/element - {"using":"xpath","value":"//span[contains(text(), \"TBS - Time based standard\")]"}
COMMAND: GET /session/4aedcc6e4741b2a879631080b602cb58/screenshot - {}
RESULT: {"using":"xpath","value":"//span[contains(text(), \"TBS - Time based standard\")]"}
COMMAND: POST /session/4aedcc6e4741b2a879631080b602cb58/element/f.0FDC85D955747547727011D182B9DC15.d.992F5CF5BC75E17D1E84797AD97B4823.e.15596/click - {}
RESULT: {}
RESULT: {}
COMMAND: POST /session/4aedcc6e4741b2a879631080b602cb58/execute/async - {"script":"<script> [1562 bytes]","args":[{"selector":{"id":"application-managepricingrules-display-component---newInfoPriceItem--calcBase-arrow"},"wdio_ui5_key":"applicationmanagepricingrules-display-component---newInfoPriceItem--calcBase-arrow"}]}
COMMAND: GET /session/4aedcc6e4741b2a879631080b602cb58/screenshot - {}
RESULT: {"script":"<script> [1562 bytes]","args":[{"selector":{"id":"application-managepricingrules-display-component---newInfoPriceItem--calcBase-arrow"},"wdio_ui5_key":"applicationmanagepricingrules-display-component---newInfoPriceItem--calcBase-arrow"}]}
RESULT: undefined
COMMAND: POST /session/4aedcc6e4741b2a879631080b602cb58/element - {"using":"xpath","value":"//*[@id=\"application-managepricingrules-display-component---newInfoPriceItem--calcBase-arrow\"]"}
RESULT: {}
RESULT: {"using":"xpath","value":"//*[@id=\"application-managepricingrules-display-component---newInfoPriceItem--calcBase-arrow\"]"}
COMMAND: POST /session/4aedcc6e4741b2a879631080b602cb58/element/f.0FDC85D955747547727011D182B9DC15.d.992F5CF5BC75E17D1E84797AD97B4823.e.15560/click - {}
RESULT: {}
COMMAND: GET /session/4aedcc6e4741b2a879631080b602cb58/screenshot - {}
RESULT: {}
COMMAND: POST /session/4aedcc6e4741b2a879631080b602cb58/element - {"using":"xpath","value":"//span[contains(text(), \"0006 - TB(calendar days)\")]"}
RESULT: {"using":"xpath","value":"//span[contains(text(), \"0006 - TB(calendar days)\")]"}
COMMAND: POST /session/4aedcc6e4741b2a879631080b602cb58/element/f.0FDC85D955747547727011D182B9DC15.d.992F5CF5BC75E17D1E84797AD97B4823.e.15597/click - {}
RESULT: {}
COMMAND: POST /session/4aedcc6e4741b2a879631080b602cb58/execute/async - {"script":"<script> [1562 bytes]","args":[{"selector":{"id":"application-managepricingrules-display-component---newInfoPriceItem--daysMonth","interaction":{"idSuffix":"inner"}},"wdio_ui5_key":"applicationmanagepricingrules-display-component---newInfoPriceItem--daysMonth"}]}
COMMAND: GET /session/4aedcc6e4741b2a879631080b602cb58/screenshot - {}
RESULT: {"script":"<script> [1562 bytes]","args":[{"selector":{"id":"application-managepricingrules-display-component---newInfoPriceItem--daysMonth","interaction":{"idSuffix":"inner"}},"wdio_ui5_key":"applicationmanagepricingrules-display-component---newInfoPriceItem--daysMonth"}]}
RESULT: undefined
COMMAND: POST /session/4aedcc6e4741b2a879631080b602cb58/execute/async - {"script":"<script> [776 bytes]","args":[{"enterText":"30","selector":{"id":"application-managepricingrules-display-component---newInfoPriceItem--daysMonth","interaction":{"idSuffix":"inner"}},"clearTextFirst":true,"interactionType":"ENTER_TEXT"}]}
RESULT: {}
RESULT: {"script":"<script> [776 bytes]","args":[{"enterText":"30","selector":{"id":"application-managepricingrules-display-component---newInfoPriceItem--daysMonth","interaction":{"idSuffix":"inner"}},"clearTextFirst":true,"interactionType":"ENTER_TEXT"}]}
COMMAND: POST /session/4aedcc6e4741b2a879631080b602cb58/element - {"using":"xpath","value":"//button[@data-kt=\"saveNewRuleButton\"]"}
RESULT: {"using":"xpath","value":"//button[@data-kt=\"saveNewRuleButton\"]"}
COMMAND: POST /session/4aedcc6e4741b2a879631080b602cb58/element/f.0FDC85D955747547727011D182B9DC15.d.992F5CF5BC75E17D1E84797AD97B4823.e.15581/click - {}
RESULT: {}
COMMAND: GET /session/4aedcc6e4741b2a879631080b602cb58/screenshot - {}
RESULT: {}
COMMAND: POST /session/4aedcc6e4741b2a879631080b602cb58/element - {"using":"css selector","value":"#shell-header-logo"}
RESULT: {"using":"css selector","value":"#shell-header-logo"}
COMMAND: POST /session/4aedcc6e4741b2a879631080b602cb58/element/f.0FDC85D955747547727011D182B9DC15.d.992F5CF5BC75E17D1E84797AD97B4823.e.15154/click - {}
RESULT: {}
COMMAND: GET /session/4aedcc6e4741b2a879631080b602cb58/screenshot - {}
RESULT: {}
COMMAND: POST /session/4aedcc6e4741b2a879631080b602cb58/execute/async - {"script":"<script> [1562 bytes]","args":[{"selector":{"controlType":"sap.m.Text","properties":{"text":"Manage Conditions & Prices"},"interaction":{"idSuffix":"inner"}},"wdio_ui5_key":"sapm.Text{\"text\":\"Manage Conditions & Prices\"}"}]}
RESULT: {"script":"<script> [1562 bytes]","args":[{"selector":{"controlType":"sap.m.Text","properties":{"text":"Manage Conditions & Prices"},"interaction":{"idSuffix":"inner"}},"wdio_ui5_key":"sapm.Text{\"text\":\"Manage Conditions & Prices\"}"}]}
RESULT: undefined
COMMAND: POST /session/4aedcc6e4741b2a879631080b602cb58/element - {"using":"xpath","value":"//*[@id=\"__tile53-title\"]"}
RESULT: {"using":"xpath","value":"//*[@id=\"__tile53-title\"]"}
COMMAND: POST /session/4aedcc6e4741b2a879631080b602cb58/element/f.0FDC85D955747547727011D182B9DC15.d.992F5CF5BC75E17D1E84797AD97B4823.e.15616/click - {}
RESULT: {}
COMMAND: GET /session/4aedcc6e4741b2a879631080b602cb58/screenshot - {}
RESULT: {}
COMMAND: POST /session/4aedcc6e4741b2a879631080b602cb58/element - {"using":"xpath","value":"//button[@aria-label=\"Create\"]"}
RESULT: {"using":"xpath","value":"//button[@aria-label=\"Create\"]"}
COMMAND: POST /session/4aedcc6e4741b2a879631080b602cb58/element/f.0FDC85D955747547727011D182B9DC15.d.992F5CF5BC75E17D1E84797AD97B4823.e.15654/click - {}
RESULT: {}
COMMAND: POST /session/4aedcc6e4741b2a879631080b602cb58/actions - {"actions":[{"id":"action72","type":"key","parameters":{},"actions":[{"type":"keyDown","value":"î€‡"},{"type":"pause","duration":10},{"type":"keyUp","value":"î€‡"}]}]}
COMMAND: GET /session/4aedcc6e4741b2a879631080b602cb58/screenshot - {}
RESULT: {"actions":[{"id":"action72","type":"key","parameters":{},"actions":[{"type":"keyDown","value":"î€‡"},{"type":"pause","duration":10},{"type":"keyUp","value":"î€‡"}]}]}
COMMAND: GET /session/4aedcc6e4741b2a879631080b602cb58/screenshot - {}
COMMAND: POST /session/4aedcc6e4741b2a879631080b602cb58/execute/async - {"script":"<script> [1562 bytes]","args":[{"selector":{"id":"application-manageconditionprice-display-component---newCondition--condBillCond-arrow"},"wdio_ui5_key":"applicationmanageconditionprice-display-component---newCondition--condBillCond-arrow"}]}
RESULT: {}
RESULT: {}
RESULT: {"script":"<script> [1562 bytes]","args":[{"selector":{"id":"application-manageconditionprice-display-component---newCondition--condBillCond-arrow"},"wdio_ui5_key":"applicationmanageconditionprice-display-component---newCondition--condBillCond-arrow"}]}
RESULT: undefined
COMMAND: POST /session/4aedcc6e4741b2a879631080b602cb58/element - {"using":"xpath","value":"//*[@id=\"application-manageconditionprice-display-component---newCondition--condBillCond-arrow\"]"}
RESULT: {"using":"xpath","value":"//*[@id=\"application-manageconditionprice-display-component---newCondition--condBillCond-arrow\"]"}
COMMAND: POST /session/4aedcc6e4741b2a879631080b602cb58/element/f.0FDC85D955747547727011D182B9DC15.d.992F5CF5BC75E17D1E84797AD97B4823.e.16120/click - {}
RESULT: {}
COMMAND: POST /session/4aedcc6e4741b2a879631080b602cb58/element - {"using":"xpath","value":"//span[contains(text(), \"DISP - D&I special price\")]"}
COMMAND: GET /session/4aedcc6e4741b2a879631080b602cb58/screenshot - {}
RESULT: {"using":"xpath","value":"//span[contains(text(), \"DISP - D&I special price\")]"}
COMMAND: POST /session/4aedcc6e4741b2a879631080b602cb58/element/f.0FDC85D955747547727011D182B9DC15.d.992F5CF5BC75E17D1E84797AD97B4823.e.16121/click - {}
RESULT: {}
RESULT: {}
COMMAND: POST /session/4aedcc6e4741b2a879631080b602cb58/execute/async - {"script":"<script> [1562 bytes]","args":[{"selector":{"id":"application-manageconditionprice-display-component---newCondition--condValidTo","interaction":{"idSuffix":"inner"}},"wdio_ui5_key":"applicationmanageconditionprice-display-component---newCondition--condValidTo"}]}
COMMAND: GET /session/4aedcc6e4741b2a879631080b602cb58/screenshot - {}
RESULT: {"script":"<script> [1562 bytes]","args":[{"selector":{"id":"application-manageconditionprice-display-component---newCondition--condValidTo","interaction":{"idSuffix":"inner"}},"wdio_ui5_key":"applicationmanageconditionprice-display-component---newCondition--condValidTo"}]}
RESULT: undefined
COMMAND: POST /session/4aedcc6e4741b2a879631080b602cb58/execute/async - {"script":"<script> [776 bytes]","args":[{"enterText":"5/11/33","selector":{"id":"application-manageconditionprice-display-component---newCondition--condValidTo","interaction":{"idSuffix":"inner"}},"clearTextFirst":true,"interactionType":"ENTER_TEXT"}]}
RESULT: {}
RESULT: {"script":"<script> [776 bytes]","args":[{"enterText":"5/11/33","selector":{"id":"application-manageconditionprice-display-component---newCondition--condValidTo","interaction":{"idSuffix":"inner"}},"clearTextFirst":true,"interactionType":"ENTER_TEXT"}]}
COMMAND: POST /session/4aedcc6e4741b2a879631080b602cb58/element - {"using":"xpath","value":"//input[@id=\"application-manageconditionprice-display-component---newCondition--condRU-inner\"]"}
RESULT: {"using":"xpath","value":"//input[@id=\"application-manageconditionprice-display-component---newCondition--condRU-inner\"]"}
COMMAND: POST /session/4aedcc6e4741b2a879631080b602cb58/element/f.0FDC85D955747547727011D182B9DC15.d.992F5CF5BC75E17D1E84797AD97B4823.e.15848/clear - {}
RESULT: {}
COMMAND: POST /session/4aedcc6e4741b2a879631080b602cb58/element/f.0FDC85D955747547727011D182B9DC15.d.992F5CF5BC75E17D1E84797AD97B4823.e.15848/value - {"text":"WebdriverRUR2Ck1ix3"}
COMMAND: GET /session/4aedcc6e4741b2a879631080b602cb58/screenshot - {}
RESULT: {"text":"WebdriverRUR2Ck1ix3"}
COMMAND: GET /session/4aedcc6e4741b2a879631080b602cb58/screenshot - {}
RESULT: {}
RESULT: {}
COMMAND: POST /session/4aedcc6e4741b2a879631080b602cb58/actions - {"actions":[{"id":"action73","type":"key","parameters":{},"actions":[{"type":"keyDown","value":"î€‡"},{"type":"pause","duration":10},{"type":"keyUp","value":"î€‡"}]}]}
RESULT: {"actions":[{"id":"action73","type":"key","parameters":{},"actions":[{"type":"keyDown","value":"î€‡"},{"type":"pause","duration":10},{"type":"keyUp","value":"î€‡"}]}]}
COMMAND: POST /session/4aedcc6e4741b2a879631080b602cb58/execute/async - {"script":"<script> [1562 bytes]","args":[{"selector":{"id":"application-manageconditionprice-display-component---newCondition--condBaseQty","interaction":{"idSuffix":"inner"}},"wdio_ui5_key":"applicationmanageconditionprice-display-component---newCondition--condBaseQty"}]}
COMMAND: GET /session/4aedcc6e4741b2a879631080b602cb58/screenshot - {}
RESULT: {"script":"<script> [1562 bytes]","args":[{"selector":{"id":"application-manageconditionprice-display-component---newCondition--condBaseQty","interaction":{"idSuffix":"inner"}},"wdio_ui5_key":"applicationmanageconditionprice-display-component---newCondition--condBaseQty"}]}
RESULT: undefined
COMMAND: POST /session/4aedcc6e4741b2a879631080b602cb58/execute/async - {"script":"<script> [776 bytes]","args":[{"enterText":"1","selector":{"id":"application-manageconditionprice-display-component---newCondition--condBaseQty","interaction":{"idSuffix":"inner"}},"clearTextFirst":true,"interactionType":"ENTER_TEXT"}]}
RESULT: {}
RESULT: {"script":"<script> [776 bytes]","args":[{"enterText":"1","selector":{"id":"application-manageconditionprice-display-component---newCondition--condBaseQty","interaction":{"idSuffix":"inner"}},"clearTextFirst":true,"interactionType":"ENTER_TEXT"}]}
COMMAND: POST /session/4aedcc6e4741b2a879631080b602cb58/execute/async - {"script":"<script> [1562 bytes]","args":[{"selector":{"id":"application-manageconditionprice-display-component---newCondition--condValue","interaction":{"idSuffix":"inner"}},"wdio_ui5_key":"applicationmanageconditionprice-display-component---newCondition--condValue"}]}
RESULT: {"script":"<script> [1562 bytes]","args":[{"selector":{"id":"application-manageconditionprice-display-component---newCondition--condValue","interaction":{"idSuffix":"inner"}},"wdio_ui5_key":"applicationmanageconditionprice-display-component---newCondition--condValue"}]}
RESULT: undefined
COMMAND: POST /session/4aedcc6e4741b2a879631080b602cb58/execute/async - {"script":"<script> [776 bytes]","args":[{"enterText":"100","selector":{"id":"application-manageconditionprice-display-component---newCondition--condValue","interaction":{"idSuffix":"inner"}},"clearTextFirst":true,"interactionType":"ENTER_TEXT"}]}
RESULT: {"script":"<script> [776 bytes]","args":[{"enterText":"100","selector":{"id":"application-manageconditionprice-display-component---newCondition--condValue","interaction":{"idSuffix":"inner"}},"clearTextFirst":true,"interactionType":"ENTER_TEXT"}]}
COMMAND: POST /session/4aedcc6e4741b2a879631080b602cb58/execute/async - {"script":"<script> [1562 bytes]","args":[{"selector":{"id":"application-manageconditionprice-display-component---newCondition--condCurr-arrow"},"wdio_ui5_key":"applicationmanageconditionprice-display-component---newCondition--condCurr-arrow"}]}
RESULT: {"script":"<script> [1562 bytes]","args":[{"selector":{"id":"application-manageconditionprice-display-component---newCondition--condCurr-arrow"},"wdio_ui5_key":"applicationmanageconditionprice-display-component---newCondition--condCurr-arrow"}]}
RESULT: undefined
COMMAND: POST /session/4aedcc6e4741b2a879631080b602cb58/element - {"using":"xpath","value":"//*[@id=\"application-manageconditionprice-display-component---newCondition--condCurr-arrow\"]"}
RESULT: {"using":"xpath","value":"//*[@id=\"application-manageconditionprice-display-component---newCondition--condCurr-arrow\"]"}
COMMAND: POST /session/4aedcc6e4741b2a879631080b602cb58/element/f.0FDC85D955747547727011D182B9DC15.d.992F5CF5BC75E17D1E84797AD97B4823.e.16079/click - {}
RESULT: {}
COMMAND: POST /session/4aedcc6e4741b2a879631080b602cb58/element - {"using":"xpath","value":"//span[contains(text(), \"Euro\")]"}
COMMAND: GET /session/4aedcc6e4741b2a879631080b602cb58/screenshot - {}
RESULT: {"using":"xpath","value":"//span[contains(text(), \"Euro\")]"}
COMMAND: POST /session/4aedcc6e4741b2a879631080b602cb58/element/f.0FDC85D955747547727011D182B9DC15.d.992F5CF5BC75E17D1E84797AD97B4823.e.16157/click - {}
RESULT: {}
RESULT: {}
COMMAND: POST /session/4aedcc6e4741b2a879631080b602cb58/element - {"using":"xpath","value":"//button[@data-kt=\"saveButton\"]"}
COMMAND: GET /session/4aedcc6e4741b2a879631080b602cb58/screenshot - {}
RESULT: {"using":"xpath","value":"//button[@data-kt=\"saveButton\"]"}
COMMAND: POST /session/4aedcc6e4741b2a879631080b602cb58/element/f.0FDC85D955747547727011D182B9DC15.d.992F5CF5BC75E17D1E84797AD97B4823.e.16080/click - {}
RESULT: {}
RESULT: {}
COMMAND: GET /session/4aedcc6e4741b2a879631080b602cb58/screenshot - {}
RESULT: {}
COMMAND: POST /session/4aedcc6e4741b2a879631080b602cb58/element - {"using":"css selector","value":"#shell-header-logo"}
RESULT: {"using":"css selector","value":"#shell-header-logo"}
COMMAND: POST /session/4aedcc6e4741b2a879631080b602cb58/element/f.0FDC85D955747547727011D182B9DC15.d.992F5CF5BC75E17D1E84797AD97B4823.e.15619/click - {}
RESULT: {}
COMMAND: GET /session/4aedcc6e4741b2a879631080b602cb58/screenshot - {}
RESULT: {}
]]></system-out>
    </testcase>
    <testcase classname="chrome.136_0_7103_93.windows.E2E_-_Logistical_and_commercial_statuses" name="Should create a new contract" time="64.746">
      <system-out><![CDATA[
COMMAND: POST /session/4aedcc6e4741b2a879631080b602cb58/execute/async - {"script":"<script> [1562 bytes]","args":[{"selector":{"controlType":"sap.m.GenericTile","properties":{"header":"Manage Contracts"}},"wdio_ui5_key":"sapm.GenericTile{\"header\":\"Manage Contracts\"}"}]}
RESULT: {"script":"<script> [1562 bytes]","args":[{"selector":{"controlType":"sap.m.GenericTile","properties":{"header":"Manage Contracts"}},"wdio_ui5_key":"sapm.GenericTile{\"header\":\"Manage Contracts\"}"}]}
RESULT: undefined
COMMAND: POST /session/4aedcc6e4741b2a879631080b602cb58/element - {"using":"xpath","value":"//*[@id=\"__tile130\"]"}
RESULT: {"using":"xpath","value":"//*[@id=\"__tile130\"]"}
COMMAND: POST /session/4aedcc6e4741b2a879631080b602cb58/element/f.0FDC85D955747547727011D182B9DC15.d.992F5CF5BC75E17D1E84797AD97B4823.e.16306/click - {}
RESULT: {}
COMMAND: GET /session/4aedcc6e4741b2a879631080b602cb58/screenshot - {}
RESULT: {}
COMMAND: POST /session/4aedcc6e4741b2a879631080b602cb58/elements - {"using":"xpath","value":"//span[text()='Error']"}
RESULT: {"using":"xpath","value":"//span[text()='Error']"}
COMMAND: POST /session/4aedcc6e4741b2a879631080b602cb58/element - {"using":"xpath","value":"//button[@data-kt=\"addButton\"]"}
RESULT: {"using":"xpath","value":"//button[@data-kt=\"addButton\"]"}
COMMAND: POST /session/4aedcc6e4741b2a879631080b602cb58/element/f.0FDC85D955747547727011D182B9DC15.d.992F5CF5BC75E17D1E84797AD97B4823.e.16357/click - {}
RESULT: {}
COMMAND: GET /session/4aedcc6e4741b2a879631080b602cb58/screenshot - {}
COMMAND: POST /session/4aedcc6e4741b2a879631080b602cb58/execute/async - {"script":"<script> [1562 bytes]","args":[{"selector":{"id":"application-managecontracts-display-component---AddNewContract--projectDescription","interaction":{"idSuffix":"inner"}},"wdio_ui5_key":"applicationmanagecontracts-display-component---AddNewContract--projectDescription"}]}
RESULT: {}
RESULT: {"script":"<script> [1562 bytes]","args":[{"selector":{"id":"application-managecontracts-display-component---AddNewContract--projectDescription","interaction":{"idSuffix":"inner"}},"wdio_ui5_key":"applicationmanagecontracts-display-component---AddNewContract--projectDescription"}]}
RESULT: undefined
COMMAND: POST /session/4aedcc6e4741b2a879631080b602cb58/execute/async - {"script":"<script> [776 bytes]","args":[{"enterText":"WdIOR2cgw6fh","selector":{"id":"application-managecontracts-display-component---AddNewContract--projectDescription","interaction":{"idSuffix":"inner"}},"clearTextFirst":true,"interactionType":"ENTER_TEXT"}]}
RESULT: {"script":"<script> [776 bytes]","args":[{"enterText":"WdIOR2cgw6fh","selector":{"id":"application-managecontracts-display-component---AddNewContract--projectDescription","interaction":{"idSuffix":"inner"}},"clearTextFirst":true,"interactionType":"ENTER_TEXT"}]}
COMMAND: POST /session/4aedcc6e4741b2a879631080b602cb58/element - {"using":"xpath","value":"//input[@id=\"application-managecontracts-display-component---AddNewContract--yardId-inner\"]"}
RESULT: {"using":"xpath","value":"//input[@id=\"application-managecontracts-display-component---AddNewContract--yardId-inner\"]"}
COMMAND: POST /session/4aedcc6e4741b2a879631080b602cb58/element/f.0FDC85D955747547727011D182B9DC15.d.992F5CF5BC75E17D1E84797AD97B4823.e.16657/clear - {}
RESULT: {}
COMMAND: POST /session/4aedcc6e4741b2a879631080b602cb58/element/f.0FDC85D955747547727011D182B9DC15.d.992F5CF5BC75E17D1E84797AD97B4823.e.16657/value - {"text":"WebdriverYardhxx7w"}
COMMAND: GET /session/4aedcc6e4741b2a879631080b602cb58/screenshot - {}
RESULT: {"text":"WebdriverYardhxx7w"}
COMMAND: GET /session/4aedcc6e4741b2a879631080b602cb58/screenshot - {}
RESULT: {}
RESULT: {}
COMMAND: POST /session/4aedcc6e4741b2a879631080b602cb58/actions - {"actions":[{"id":"action74","type":"key","parameters":{},"actions":[{"type":"keyDown","value":"î€‡"},{"type":"pause","duration":10},{"type":"keyUp","value":"î€‡"}]}]}
RESULT: {"actions":[{"id":"action74","type":"key","parameters":{},"actions":[{"type":"keyDown","value":"î€‡"},{"type":"pause","duration":10},{"type":"keyUp","value":"î€‡"}]}]}
COMMAND: GET /session/4aedcc6e4741b2a879631080b602cb58/screenshot - {}
RESULT: {}
COMMAND: POST /session/4aedcc6e4741b2a879631080b602cb58/element - {"using":"xpath","value":"//input[@id=\"application-managecontracts-display-component---AddNewContract--customerSelect-inner\"]"}
RESULT: {"using":"xpath","value":"//input[@id=\"application-managecontracts-display-component---AddNewContract--customerSelect-inner\"]"}
COMMAND: POST /session/4aedcc6e4741b2a879631080b602cb58/element/f.0FDC85D955747547727011D182B9DC15.d.992F5CF5BC75E17D1E84797AD97B4823.e.16655/clear - {}
RESULT: {}
COMMAND: POST /session/4aedcc6e4741b2a879631080b602cb58/element/f.0FDC85D955747547727011D182B9DC15.d.992F5CF5BC75E17D1E84797AD97B4823.e.16655/value - {"text":"WebdriverPartner80au1"}
COMMAND: GET /session/4aedcc6e4741b2a879631080b602cb58/screenshot - {}
RESULT: {"text":"WebdriverPartner80au1"}
COMMAND: GET /session/4aedcc6e4741b2a879631080b602cb58/screenshot - {}
RESULT: {}
RESULT: {}
COMMAND: POST /session/4aedcc6e4741b2a879631080b602cb58/actions - {"actions":[{"id":"action75","type":"key","parameters":{},"actions":[{"type":"keyDown","value":"î€‡"},{"type":"pause","duration":10},{"type":"keyUp","value":"î€‡"}]}]}
RESULT: {"actions":[{"id":"action75","type":"key","parameters":{},"actions":[{"type":"keyDown","value":"î€‡"},{"type":"pause","duration":10},{"type":"keyUp","value":"î€‡"}]}]}
COMMAND: GET /session/4aedcc6e4741b2a879631080b602cb58/screenshot - {}
RESULT: {}
COMMAND: POST /session/4aedcc6e4741b2a879631080b602cb58/element - {"using":"xpath","value":"//input[@id=\"application-managecontracts-display-component---AddNewContract--site-inner\"]"}
RESULT: {"using":"xpath","value":"//input[@id=\"application-managecontracts-display-component---AddNewContract--site-inner\"]"}
COMMAND: POST /session/4aedcc6e4741b2a879631080b602cb58/element/f.0FDC85D955747547727011D182B9DC15.d.992F5CF5BC75E17D1E84797AD97B4823.e.16656/clear - {}
RESULT: {}
COMMAND: POST /session/4aedcc6e4741b2a879631080b602cb58/element/f.0FDC85D955747547727011D182B9DC15.d.992F5CF5BC75E17D1E84797AD97B4823.e.16656/value - {"text":"WebdriverSitel6ngh"}
COMMAND: GET /session/4aedcc6e4741b2a879631080b602cb58/screenshot - {}
RESULT: {"text":"WebdriverSitel6ngh"}
RESULT: {}
COMMAND: GET /session/4aedcc6e4741b2a879631080b602cb58/screenshot - {}
RESULT: {}
COMMAND: POST /session/4aedcc6e4741b2a879631080b602cb58/actions - {"actions":[{"id":"action76","type":"key","parameters":{},"actions":[{"type":"keyDown","value":"î€‡"},{"type":"pause","duration":10},{"type":"keyUp","value":"î€‡"}]}]}
RESULT: {"actions":[{"id":"action76","type":"key","parameters":{},"actions":[{"type":"keyDown","value":"î€‡"},{"type":"pause","duration":10},{"type":"keyUp","value":"î€‡"}]}]}
COMMAND: POST /session/4aedcc6e4741b2a879631080b602cb58/element - {"using":"xpath","value":"//button[@data-kt=\"saveButton\"]"}
COMMAND: GET /session/4aedcc6e4741b2a879631080b602cb58/screenshot - {}
RESULT: {"using":"xpath","value":"//button[@data-kt=\"saveButton\"]"}
COMMAND: POST /session/4aedcc6e4741b2a879631080b602cb58/element/f.0FDC85D955747547727011D182B9DC15.d.992F5CF5BC75E17D1E84797AD97B4823.e.16689/click - {}
RESULT: {}
RESULT: {}
COMMAND: GET /session/4aedcc6e4741b2a879631080b602cb58/screenshot - {}
RESULT: {}
COMMAND: POST /session/4aedcc6e4741b2a879631080b602cb58/execute/async - {"script":"<script> [1562 bytes]","args":[{"selector":{"id":"contractDetailTitleNoExpanded","viewName":"etm.portal.ui.managecontracts.view.Detail"},"wdio_ui5_key":"contractDetailTitleNoExpandedetmportal.ui.managecontracts.view.Detail"}]}
RESULT: {"script":"<script> [1562 bytes]","args":[{"selector":{"id":"contractDetailTitleNoExpanded","viewName":"etm.portal.ui.managecontracts.view.Detail"},"wdio_ui5_key":"contractDetailTitleNoExpandedetmportal.ui.managecontracts.view.Detail"}]}
RESULT: undefined
COMMAND: POST /session/4aedcc6e4741b2a879631080b602cb58/execute/async - {"script":"<script> [6424 bytes]","args":[{"element-6066-11e4-a52e-4f735466cecf":"f.0FDC85D955747547727011D182B9DC15.d.992F5CF5BC75E17D1E84797AD97B4823.e.16697"},"getText",[]]}
RESULT: {"script":"<script> [6424 bytes]","args":[{"element-6066-11e4-a52e-4f735466cecf":"f.0FDC85D955747547727011D182B9DC15.d.992F5CF5BC75E17D1E84797AD97B4823.e.16697"},"getText",[]]}
]]></system-out>
    </testcase>
    <testcase classname="chrome.136_0_7103_93.windows.E2E_-_Logistical_and_commercial_statuses" name="Should add materialID to the contract" time="43.71">
      <system-out><![CDATA[
COMMAND: POST /session/4aedcc6e4741b2a879631080b602cb58/element - {"using":"xpath","value":"//button[@data-kt=\"contractDetailEditBtnButton\"]"}
RESULT: {"using":"xpath","value":"//button[@data-kt=\"contractDetailEditBtnButton\"]"}
COMMAND: POST /session/4aedcc6e4741b2a879631080b602cb58/element/f.0FDC85D955747547727011D182B9DC15.d.992F5CF5BC75E17D1E84797AD97B4823.e.16698/click - {}
RESULT: {}
COMMAND: GET /session/4aedcc6e4741b2a879631080b602cb58/screenshot - {}
RESULT: {}
COMMAND: POST /session/4aedcc6e4741b2a879631080b602cb58/element - {"using":"xpath","value":"(//span[contains(text(), \"Additional Addresses\")])[2]"}
RESULT: {"using":"xpath","value":"(//span[contains(text(), \"Additional Addresses\")])[2]"}
COMMAND: POST /session/4aedcc6e4741b2a879631080b602cb58/element/f.0FDC85D955747547727011D182B9DC15.d.992F5CF5BC75E17D1E84797AD97B4823.e.16754/click - {}
RESULT: {}
COMMAND: GET /session/4aedcc6e4741b2a879631080b602cb58/screenshot - {}
RESULT: {}
COMMAND: POST /session/4aedcc6e4741b2a879631080b602cb58/element - {"using":"xpath","value":"//button[@data-kt=\"btnAddTableRowOverflowToolbarButton\"]"}
RESULT: {"using":"xpath","value":"//button[@data-kt=\"btnAddTableRowOverflowToolbarButton\"]"}
COMMAND: POST /session/4aedcc6e4741b2a879631080b602cb58/element/f.0FDC85D955747547727011D182B9DC15.d.992F5CF5BC75E17D1E84797AD97B4823.e.16758/click - {}
RESULT: {}
COMMAND: GET /session/4aedcc6e4741b2a879631080b602cb58/screenshot - {}
RESULT: {}
COMMAND: POST /session/4aedcc6e4741b2a879631080b602cb58/element - {"using":"xpath","value":"//div[(text() = 'Standard Entry' or . = 'Standard Entry')]"}
RESULT: {"using":"xpath","value":"//div[(text() = 'Standard Entry' or . = 'Standard Entry')]"}
COMMAND: POST /session/4aedcc6e4741b2a879631080b602cb58/element/f.0FDC85D955747547727011D182B9DC15.d.992F5CF5BC75E17D1E84797AD97B4823.e.16760/click - {}
RESULT: {}
COMMAND: POST /session/4aedcc6e4741b2a879631080b602cb58/element - {"using":"xpath","value":"//td[6]/div/div/input[1]"}
COMMAND: GET /session/4aedcc6e4741b2a879631080b602cb58/screenshot - {}
RESULT: {"using":"xpath","value":"//td[6]/div/div/input[1]"}
COMMAND: POST /session/4aedcc6e4741b2a879631080b602cb58/element/f.0FDC85D955747547727011D182B9DC15.d.992F5CF5BC75E17D1E84797AD97B4823.e.16762/click - {}
RESULT: {}
RESULT: {}
COMMAND: POST /session/4aedcc6e4741b2a879631080b602cb58/actions - {"actions":[{"id":"action77","type":"key","parameters":{},"actions":[{"type":"keyDown","value":"î€ƒ"},{"type":"pause","duration":10},{"type":"keyUp","value":"î€ƒ"}]}]}
COMMAND: GET /session/4aedcc6e4741b2a879631080b602cb58/screenshot - {}
RESULT: {"actions":[{"id":"action77","type":"key","parameters":{},"actions":[{"type":"keyDown","value":"î€ƒ"},{"type":"pause","duration":10},{"type":"keyUp","value":"î€ƒ"}]}]}
COMMAND: POST /session/4aedcc6e4741b2a879631080b602cb58/element - {"using":"xpath","value":"//td[6]/div/div/input[1]"}
COMMAND: GET /session/4aedcc6e4741b2a879631080b602cb58/screenshot - {}
RESULT: {}
RESULT: {"using":"xpath","value":"//td[6]/div/div/input[1]"}
COMMAND: POST /session/4aedcc6e4741b2a879631080b602cb58/element/f.0FDC85D955747547727011D182B9DC15.d.992F5CF5BC75E17D1E84797AD97B4823.e.16762/clear - {}
RESULT: {}
RESULT: {}
COMMAND: POST /session/4aedcc6e4741b2a879631080b602cb58/element/f.0FDC85D955747547727011D182B9DC15.d.992F5CF5BC75E17D1E84797AD97B4823.e.16762/value - {"text":"Material"}
COMMAND: GET /session/4aedcc6e4741b2a879631080b602cb58/screenshot - {}
RESULT: {"text":"Material"}
COMMAND: GET /session/4aedcc6e4741b2a879631080b602cb58/screenshot - {}
RESULT: {}
RESULT: {}
COMMAND: POST /session/4aedcc6e4741b2a879631080b602cb58/actions - {"actions":[{"id":"action78","type":"key","parameters":{},"actions":[{"type":"keyDown","value":"î€‡"},{"type":"pause","duration":10},{"type":"keyUp","value":"î€‡"}]}]}
RESULT: {"actions":[{"id":"action78","type":"key","parameters":{},"actions":[{"type":"keyDown","value":"î€‡"},{"type":"pause","duration":10},{"type":"keyUp","value":"î€‡"}]}]}
COMMAND: GET /session/4aedcc6e4741b2a879631080b602cb58/screenshot - {}
RESULT: {}
COMMAND: POST /session/4aedcc6e4741b2a879631080b602cb58/actions - {"actions":[{"id":"action79","type":"key","parameters":{},"actions":[{"type":"keyDown","value":"î€‡"},{"type":"pause","duration":10},{"type":"keyUp","value":"î€‡"}]}]}
RESULT: {"actions":[{"id":"action79","type":"key","parameters":{},"actions":[{"type":"keyDown","value":"î€‡"},{"type":"pause","duration":10},{"type":"keyUp","value":"î€‡"}]}]}
COMMAND: POST /session/4aedcc6e4741b2a879631080b602cb58/element - {"using":"xpath","value":"//td[7]/div/div/input"}
COMMAND: GET /session/4aedcc6e4741b2a879631080b602cb58/screenshot - {}
RESULT: {"using":"xpath","value":"//td[7]/div/div/input"}
COMMAND: POST /session/4aedcc6e4741b2a879631080b602cb58/element/f.0FDC85D955747547727011D182B9DC15.d.992F5CF5BC75E17D1E84797AD97B4823.e.16775/clear - {}
RESULT: {}
RESULT: {}
COMMAND: POST /session/4aedcc6e4741b2a879631080b602cb58/element/f.0FDC85D955747547727011D182B9DC15.d.992F5CF5BC75E17D1E84797AD97B4823.e.16775/value - {"text":"WebdriverRUR2Ck1ix3"}
COMMAND: GET /session/4aedcc6e4741b2a879631080b602cb58/screenshot - {}
RESULT: {"text":"WebdriverRUR2Ck1ix3"}
COMMAND: GET /session/4aedcc6e4741b2a879631080b602cb58/screenshot - {}
RESULT: {}
RESULT: {}
COMMAND: POST /session/4aedcc6e4741b2a879631080b602cb58/actions - {"actions":[{"id":"action80","type":"key","parameters":{},"actions":[{"type":"keyDown","value":"î€‡"},{"type":"pause","duration":10},{"type":"keyUp","value":"î€‡"}]}]}
RESULT: {"actions":[{"id":"action80","type":"key","parameters":{},"actions":[{"type":"keyDown","value":"î€‡"},{"type":"pause","duration":10},{"type":"keyUp","value":"î€‡"}]}]}
COMMAND: GET /session/4aedcc6e4741b2a879631080b602cb58/screenshot - {}
COMMAND: POST /session/4aedcc6e4741b2a879631080b602cb58/actions - {"actions":[{"id":"action81","type":"key","parameters":{},"actions":[{"type":"keyDown","value":"î€‡"},{"type":"pause","duration":10},{"type":"keyUp","value":"î€‡"}]}]}
RESULT: {}
RESULT: {"actions":[{"id":"action81","type":"key","parameters":{},"actions":[{"type":"keyDown","value":"î€‡"},{"type":"pause","duration":10},{"type":"keyUp","value":"î€‡"}]}]}
COMMAND: GET /session/4aedcc6e4741b2a879631080b602cb58/screenshot - {}
RESULT: {}
COMMAND: POST /session/4aedcc6e4741b2a879631080b602cb58/element - {"using":"xpath","value":"(//button[@data-kt=\"saveButton\"])[2]"}
RESULT: {"using":"xpath","value":"(//button[@data-kt=\"saveButton\"])[2]"}
COMMAND: POST /session/4aedcc6e4741b2a879631080b602cb58/element/f.0FDC85D955747547727011D182B9DC15.d.992F5CF5BC75E17D1E84797AD97B4823.e.16798/click - {}
RESULT: {}
COMMAND: GET /session/4aedcc6e4741b2a879631080b602cb58/screenshot - {}
RESULT: {}
]]></system-out>
    </testcase>
    <testcase classname="chrome.136_0_7103_93.windows.E2E_-_Logistical_and_commercial_statuses" name="It should follow the handover steps to the status fully provided" time="345.279">
      <system-out><![CDATA[
COMMAND: POST /session/4aedcc6e4741b2a879631080b602cb58/execute/async - {"script":"<script> [1562 bytes]","args":[{"selector":{"id":"contractDetailProvideButton","viewName":"etm.portal.ui.managecontracts.view.Detail","interaction":{"idSuffix":"BDI-content"}},"wdio_ui5_key":"contractDetailProvideButtonetmportal.ui.managecontracts.view.Detail"}]}
RESULT: {"script":"<script> [1562 bytes]","args":[{"selector":{"id":"contractDetailProvideButton","viewName":"etm.portal.ui.managecontracts.view.Detail","interaction":{"idSuffix":"BDI-content"}},"wdio_ui5_key":"contractDetailProvideButtonetmportal.ui.managecontracts.view.Detail"}]}
RESULT: undefined
COMMAND: POST /session/4aedcc6e4741b2a879631080b602cb58/element - {"using":"xpath","value":"//*[@id=\"__xmlview61--contractDetailProvideButton\"]"}
RESULT: {"using":"xpath","value":"//*[@id=\"__xmlview61--contractDetailProvideButton\"]"}
COMMAND: POST /session/4aedcc6e4741b2a879631080b602cb58/element/f.0FDC85D955747547727011D182B9DC15.d.992F5CF5BC75E17D1E84797AD97B4823.e.16803/click - {}
RESULT: {}
COMMAND: GET /session/4aedcc6e4741b2a879631080b602cb58/screenshot - {}
COMMAND: POST /session/4aedcc6e4741b2a879631080b602cb58/execute/async - {"script":"<script> [1562 bytes]","args":[{"selector":{"id":"application-managehandovers-display-component---AddNewHO--oneStep","interaction":{"idSuffix":"CbBg"}},"wdio_ui5_key":"applicationmanagehandovers-display-component---AddNewHO--oneStep"}]}
RESULT: {}
RESULT: {"script":"<script> [1562 bytes]","args":[{"selector":{"id":"application-managehandovers-display-component---AddNewHO--oneStep","interaction":{"idSuffix":"CbBg"}},"wdio_ui5_key":"applicationmanagehandovers-display-component---AddNewHO--oneStep"}]}
RESULT: undefined
COMMAND: POST /session/4aedcc6e4741b2a879631080b602cb58/element - {"using":"xpath","value":"//*[@id=\"application-managehandovers-display-component---AddNewHO--oneStep\"]"}
RESULT: {"using":"xpath","value":"//*[@id=\"application-managehandovers-display-component---AddNewHO--oneStep\"]"}
COMMAND: POST /session/4aedcc6e4741b2a879631080b602cb58/element/f.0FDC85D955747547727011D182B9DC15.d.992F5CF5BC75E17D1E84797AD97B4823.e.16974/click - {}
RESULT: {}
RESULT: undefined
COMMAND: POST /session/4aedcc6e4741b2a879631080b602cb58/execute/async - {"script":"<script> [776 bytes]","args":[{"enterText":"05/20/25","selector":{"id":"application-managehandovers-display-component---AddNewHO--dueDate","interaction":{"idSuffix":"inner"}},"clearTextFirst":true,"interactionType":"ENTER_TEXT"}]}
COMMAND: GET /session/4aedcc6e4741b2a879631080b602cb58/screenshot - {}
RESULT: {"script":"<script> [776 bytes]","args":[{"enterText":"05/20/25","selector":{"id":"application-managehandovers-display-component---AddNewHO--dueDate","interaction":{"idSuffix":"inner"}},"clearTextFirst":true,"interactionType":"ENTER_TEXT"}]}
RESULT: undefined
COMMAND: POST /session/4aedcc6e4741b2a879631080b602cb58/element - {"using":"xpath","value":"//*[@id=\"application-managehandovers-display-component---AddNewHO--ObjectPageLayout-anchBar-application-managehandovers-display-component---AddNewHO--section4-anchor\"]"}
RESULT: {}
RESULT: {"using":"xpath","value":"//*[@id=\"application-managehandovers-display-component---AddNewHO--ObjectPageLayout-anchBar-application-managehandovers-display-component---AddNewHO--section4-anchor\"]"}
COMMAND: POST /session/4aedcc6e4741b2a879631080b602cb58/element/f.0FDC85D955747547727011D182B9DC15.d.992F5CF5BC75E17D1E84797AD97B4823.e.16975/click - {}
RESULT: {}
COMMAND: POST /session/4aedcc6e4741b2a879631080b602cb58/execute/async - {"script":"<script> [1562 bytes]","args":[{"selector":{"controlType":"sap.ui.core.Icon","viewName":"etm.portal.ui.managehandovers.view.AddNewHO","viewId":"application-managehandovers-display-component---AddNewHO","properties":{"src":{"regex":{"source":"add"}}}},"wdio_ui5_key":"etmportal.ui.managehandovers.view.AddNewHOsap.ui.core.Icon{\"src\":{\"regex\":{\"source\":\"add\"}}}"}]}
COMMAND: GET /session/4aedcc6e4741b2a879631080b602cb58/screenshot - {}
RESULT: {"script":"<script> [1562 bytes]","args":[{"selector":{"controlType":"sap.ui.core.Icon","viewName":"etm.portal.ui.managehandovers.view.AddNewHO","viewId":"application-managehandovers-display-component---AddNewHO","properties":{"src":{"regex":{"source":"add"}}}},"wdio_ui5_key":"etmportal.ui.managehandovers.view.AddNewHOsap.ui.core.Icon{\"src\":{\"regex\":{\"source\":\"add\"}}}"}]}
RESULT: undefined
COMMAND: POST /session/4aedcc6e4741b2a879631080b602cb58/element - {"using":"xpath","value":"//*[@id=\"__button166-img\"]"}
RESULT: {}
RESULT: {"using":"xpath","value":"//*[@id=\"__button166-img\"]"}
COMMAND: POST /session/4aedcc6e4741b2a879631080b602cb58/element/f.0FDC85D955747547727011D182B9DC15.d.992F5CF5BC75E17D1E84797AD97B4823.e.16979/click - {}
RESULT: {}
COMMAND: GET /session/4aedcc6e4741b2a879631080b602cb58/screenshot - {}
RESULT: {}
RESULT: undefined
COMMAND: POST /session/4aedcc6e4741b2a879631080b602cb58/element - {"using":"xpath","value":"//*[@id=\"application-managehandovers-display-component---AddNewHO--popup-sa\"]"}
RESULT: {"using":"xpath","value":"//*[@id=\"application-managehandovers-display-component---AddNewHO--popup-sa\"]"}
COMMAND: POST /session/4aedcc6e4741b2a879631080b602cb58/element/f.0FDC85D955747547727011D182B9DC15.d.992F5CF5BC75E17D1E84797AD97B4823.e.16994/click - {}
RESULT: {}
COMMAND: POST /session/4aedcc6e4741b2a879631080b602cb58/execute/async - {"script":"<script> [1562 bytes]","args":[{"selector":{"controlType":"sap.m.Button","viewName":"etm.portal.ui.managehandovers.view.AddNewHO","viewId":"application-managehandovers-display-component---AddNewHO","i18NText":{"propertyName":"text","key":"select"},"searchOpenDialogs":true,"interaction":{"idSuffix":"inner"}},"wdio_ui5_key":"etmportal.ui.managehandovers.view.AddNewHOsap.m.Button{\"propertyName\":\"text\",\"key\":\"select\"}"}]}
COMMAND: GET /session/4aedcc6e4741b2a879631080b602cb58/screenshot - {}
RESULT: {"script":"<script> [1562 bytes]","args":[{"selector":{"controlType":"sap.m.Button","viewName":"etm.portal.ui.managehandovers.view.AddNewHO","viewId":"application-managehandovers-display-component---AddNewHO","i18NText":{"propertyName":"text","key":"select"},"searchOpenDialogs":true,"interaction":{"idSuffix":"inner"}},"wdio_ui5_key":"etmportal.ui.managehandovers.view.AddNewHOsap.m.Button{\"propertyName\":\"text\",\"key\":\"select\"}"}]}
RESULT: undefined
COMMAND: POST /session/4aedcc6e4741b2a879631080b602cb58/element - {"using":"xpath","value":"//*[@id=\"__button169\"]"}
RESULT: {}
RESULT: {"using":"xpath","value":"//*[@id=\"__button169\"]"}
COMMAND: POST /session/4aedcc6e4741b2a879631080b602cb58/element/f.0FDC85D955747547727011D182B9DC15.d.992F5CF5BC75E17D1E84797AD97B4823.e.16997/click - {}
RESULT: {}
COMMAND: POST /session/4aedcc6e4741b2a879631080b602cb58/execute/async - {"script":"<script> [1562 bytes]","args":[{"selector":{"id":"application-managehandovers-display-component---AddNewHO--confirmCreationButton","interaction":{"idSuffix":"BDI-content"}},"wdio_ui5_key":"applicationmanagehandovers-display-component---AddNewHO--confirmCreationButton"}]}
COMMAND: GET /session/4aedcc6e4741b2a879631080b602cb58/screenshot - {}
RESULT: {"script":"<script> [1562 bytes]","args":[{"selector":{"id":"application-managehandovers-display-component---AddNewHO--confirmCreationButton","interaction":{"idSuffix":"BDI-content"}},"wdio_ui5_key":"applicationmanagehandovers-display-component---AddNewHO--confirmCreationButton"}]}
RESULT: undefined
COMMAND: POST /session/4aedcc6e4741b2a879631080b602cb58/element - {"using":"xpath","value":"//*[@id=\"application-managehandovers-display-component---AddNewHO--confirmCreationButton\"]"}
RESULT: {}
RESULT: {"using":"xpath","value":"//*[@id=\"application-managehandovers-display-component---AddNewHO--confirmCreationButton\"]"}
COMMAND: POST /session/4aedcc6e4741b2a879631080b602cb58/element/f.0FDC85D955747547727011D182B9DC15.d.992F5CF5BC75E17D1E84797AD97B4823.e.16937/click - {}
RESULT: {}
COMMAND: GET /session/4aedcc6e4741b2a879631080b602cb58/screenshot - {}
RESULT: {}
COMMAND: POST /session/4aedcc6e4741b2a879631080b602cb58/element - {"using":"xpath","value":"//a[contains(@data-kt ,\"GeneralSectionReceiveContracttLink\")]"}
RESULT: {"using":"xpath","value":"//a[contains(@data-kt ,\"GeneralSectionReceiveContracttLink\")]"}
COMMAND: POST /session/4aedcc6e4741b2a879631080b602cb58/element/f.0FDC85D955747547727011D182B9DC15.d.992F5CF5BC75E17D1E84797AD97B4823.e.17034/click - {}
RESULT: {}
COMMAND: GET /session/4aedcc6e4741b2a879631080b602cb58/screenshot - {}
RESULT: {}
COMMAND: POST /session/4aedcc6e4741b2a879631080b602cb58/element - {"using":"xpath","value":"//a[contains(@data-kt ,\"ContextMenuId2Link\")]"}
RESULT: {"using":"xpath","value":"//a[contains(@data-kt ,\"ContextMenuId2Link\")]"}
COMMAND: POST /session/4aedcc6e4741b2a879631080b602cb58/element/f.0FDC85D955747547727011D182B9DC15.d.992F5CF5BC75E17D1E84797AD97B4823.e.17038/click - {}
RESULT: {}
COMMAND: GET /session/4aedcc6e4741b2a879631080b602cb58/screenshot - {}
RESULT: {}
COMMAND: POST /session/4aedcc6e4741b2a879631080b602cb58/execute/async - {"script":"<script> [1562 bytes]","args":[{"selector":{"controlType":"sap.m.ObjectStatus","viewName":"etm.portal.ui.managecontracts.view.Detail","bindingPath":{"propertyPath":"LINK_TO_LOGISTICAL_STATUS/DESCRIPTION","modelName":"catalogModel"}},"wdio_ui5_key":"etmportal.ui.managecontracts.view.Detailsap.m.ObjectStatus{\"propertyPath\":\"LINK_TO_LOGISTICAL_STATUS/DESCRIPTION\",\"modelName\":\"catalogModel\"}"}]}
RESULT: {"script":"<script> [1562 bytes]","args":[{"selector":{"controlType":"sap.m.ObjectStatus","viewName":"etm.portal.ui.managecontracts.view.Detail","bindingPath":{"propertyPath":"LINK_TO_LOGISTICAL_STATUS/DESCRIPTION","modelName":"catalogModel"}},"wdio_ui5_key":"etmportal.ui.managecontracts.view.Detailsap.m.ObjectStatus{\"propertyPath\":\"LINK_TO_LOGISTICAL_STATUS/DESCRIPTION\",\"modelName\":\"catalogModel\"}"}]}
RESULT: undefined
COMMAND: POST /session/4aedcc6e4741b2a879631080b602cb58/execute/async - {"script":"<script> [6424 bytes]","args":[{"element-6066-11e4-a52e-4f735466cecf":"f.0FDC85D955747547727011D182B9DC15.d.992F5CF5BC75E17D1E84797AD97B4823.e.17270"},"getText",[]]}
RESULT: {"script":"<script> [6424 bytes]","args":[{"element-6066-11e4-a52e-4f735466cecf":"f.0FDC85D955747547727011D182B9DC15.d.992F5CF5BC75E17D1E84797AD97B4823.e.17270"},"getText",[]]}
COMMAND: POST /session/4aedcc6e4741b2a879631080b602cb58/execute/async - {"script":"<script> [1562 bytes]","args":[{"selector":{"controlType":"sap.m.ObjectStatus","viewName":"etm.portal.ui.managecontracts.view.Detail","bindingPath":{"propertyPath":"LINK_TO_COMMERCIAL_STATUS/DESCRIPTION","modelName":"catalogModel"}},"wdio_ui5_key":"etmportal.ui.managecontracts.view.Detailsap.m.ObjectStatus{\"propertyPath\":\"LINK_TO_COMMERCIAL_STATUS/DESCRIPTION\",\"modelName\":\"catalogModel\"}"}]}
RESULT: {"script":"<script> [1562 bytes]","args":[{"selector":{"controlType":"sap.m.ObjectStatus","viewName":"etm.portal.ui.managecontracts.view.Detail","bindingPath":{"propertyPath":"LINK_TO_COMMERCIAL_STATUS/DESCRIPTION","modelName":"catalogModel"}},"wdio_ui5_key":"etmportal.ui.managecontracts.view.Detailsap.m.ObjectStatus{\"propertyPath\":\"LINK_TO_COMMERCIAL_STATUS/DESCRIPTION\",\"modelName\":\"catalogModel\"}"}]}
RESULT: undefined
COMMAND: POST /session/4aedcc6e4741b2a879631080b602cb58/execute/async - {"script":"<script> [6424 bytes]","args":[{"element-6066-11e4-a52e-4f735466cecf":"f.0FDC85D955747547727011D182B9DC15.d.992F5CF5BC75E17D1E84797AD97B4823.e.17271"},"getText",[]]}
RESULT: {"script":"<script> [6424 bytes]","args":[{"element-6066-11e4-a52e-4f735466cecf":"f.0FDC85D955747547727011D182B9DC15.d.992F5CF5BC75E17D1E84797AD97B4823.e.17271"},"getText",[]]}
COMMAND: POST /session/4aedcc6e4741b2a879631080b602cb58/execute/async - {"script":"<script> [1562 bytes]","args":[{"selector":{"id":"backBtn"},"wdio_ui5_key":"backBtn"}]}
RESULT: {"script":"<script> [1562 bytes]","args":[{"selector":{"id":"backBtn"},"wdio_ui5_key":"backBtn"}]}
RESULT: undefined
COMMAND: POST /session/4aedcc6e4741b2a879631080b602cb58/element - {"using":"xpath","value":"//*[@id=\"backBtn\"]"}
RESULT: {"using":"xpath","value":"//*[@id=\"backBtn\"]"}
COMMAND: POST /session/4aedcc6e4741b2a879631080b602cb58/element/f.0FDC85D955747547727011D182B9DC15.d.992F5CF5BC75E17D1E84797AD97B4823.e.17272/click - {}
RESULT: {}
COMMAND: GET /session/4aedcc6e4741b2a879631080b602cb58/screenshot - {}
COMMAND: POST /session/4aedcc6e4741b2a879631080b602cb58/execute/async - {"script":"<script> [1562 bytes]","args":[{"selector":{"controlType":"sap.m.Text","viewName":"etm.portal.ui.managehandovers.view.DetailExecuteHO","bindingPath":{"propertyPath":"NO","modelName":"catalogModel"}},"wdio_ui5_key":"etmportal.ui.managehandovers.view.DetailExecuteHOsap.m.Text{\"propertyPath\":\"NO\",\"modelName\":\"catalogModel\"}"}]}
RESULT: {}
RESULT: {"script":"<script> [1562 bytes]","args":[{"selector":{"controlType":"sap.m.Text","viewName":"etm.portal.ui.managehandovers.view.DetailExecuteHO","bindingPath":{"propertyPath":"NO","modelName":"catalogModel"}},"wdio_ui5_key":"etmportal.ui.managehandovers.view.DetailExecuteHOsap.m.Text{\"propertyPath\":\"NO\",\"modelName\":\"catalogModel\"}"}]}
RESULT: undefined
COMMAND: POST /session/4aedcc6e4741b2a879631080b602cb58/execute/async - {"script":"<script> [6424 bytes]","args":[{"element-6066-11e4-a52e-4f735466cecf":"f.0FDC85D955747547727011D182B9DC15.d.992F5CF5BC75E17D1E84797AD97B4823.e.17404"},"getText",[]]}
RESULT: {"script":"<script> [6424 bytes]","args":[{"element-6066-11e4-a52e-4f735466cecf":"f.0FDC85D955747547727011D182B9DC15.d.992F5CF5BC75E17D1E84797AD97B4823.e.17404"},"getText",[]]}
COMMAND: POST /session/4aedcc6e4741b2a879631080b602cb58/element - {"using":"xpath","value":"//input[contains(@id ,\"issueDatePicker-inner\")]"}
RESULT: {"using":"xpath","value":"//input[contains(@id ,\"issueDatePicker-inner\")]"}
COMMAND: GET /session/4aedcc6e4741b2a879631080b602cb58/element/f.0FDC85D955747547727011D182B9DC15.d.992F5CF5BC75E17D1E84797AD97B4823.e.17386/property/value - {}
RESULT: {}
COMMAND: POST /session/4aedcc6e4741b2a879631080b602cb58/element/f.0FDC85D955747547727011D182B9DC15.d.992F5CF5BC75E17D1E84797AD97B4823.e.17386/clear - {}
COMMAND: GET /session/4aedcc6e4741b2a879631080b602cb58/screenshot - {}
RESULT: {}
COMMAND: POST /session/4aedcc6e4741b2a879631080b602cb58/element/f.0FDC85D955747547727011D182B9DC15.d.992F5CF5BC75E17D1E84797AD97B4823.e.17386/value - {"text":"05/20/25"}
COMMAND: GET /session/4aedcc6e4741b2a879631080b602cb58/screenshot - {}
RESULT: {}
RESULT: {"text":"05/20/25"}
COMMAND: GET /session/4aedcc6e4741b2a879631080b602cb58/screenshot - {}
RESULT: {}
RESULT: {}
COMMAND: POST /session/4aedcc6e4741b2a879631080b602cb58/execute/async - {"script":"<script> [1562 bytes]","args":[{"selector":{"controlType":"sap.m.Button","viewName":"etm.portal.ui.managehandovers.view.DetailExecuteHO","i18NText":{"propertyName":"text","key":"confirmAll"},"interaction":{"idSuffix":"inner"}},"wdio_ui5_key":"etmportal.ui.managehandovers.view.DetailExecuteHOsap.m.Button{\"propertyName\":\"text\",\"key\":\"confirmAll\"}"}]}
RESULT: {"script":"<script> [1562 bytes]","args":[{"selector":{"controlType":"sap.m.Button","viewName":"etm.portal.ui.managehandovers.view.DetailExecuteHO","i18NText":{"propertyName":"text","key":"confirmAll"},"interaction":{"idSuffix":"inner"}},"wdio_ui5_key":"etmportal.ui.managehandovers.view.DetailExecuteHOsap.m.Button{\"propertyName\":\"text\",\"key\":\"confirmAll\"}"}]}
RESULT: undefined
COMMAND: POST /session/4aedcc6e4741b2a879631080b602cb58/element - {"using":"xpath","value":"//*[@id=\"__button249\"]"}
RESULT: {"using":"xpath","value":"//*[@id=\"__button249\"]"}
COMMAND: POST /session/4aedcc6e4741b2a879631080b602cb58/element/f.0FDC85D955747547727011D182B9DC15.d.992F5CF5BC75E17D1E84797AD97B4823.e.17410/click - {}
RESULT: {}
COMMAND: GET /session/4aedcc6e4741b2a879631080b602cb58/screenshot - {}
RESULT: {}
COMMAND: POST /session/4aedcc6e4741b2a879631080b602cb58/actions - {"actions":[{"id":"action82","type":"key","parameters":{},"actions":[{"type":"keyDown","value":"î€‡"},{"type":"pause","duration":10},{"type":"keyUp","value":"î€‡"}]}]}
RESULT: {"actions":[{"id":"action82","type":"key","parameters":{},"actions":[{"type":"keyDown","value":"î€‡"},{"type":"pause","duration":10},{"type":"keyUp","value":"î€‡"}]}]}
COMMAND: GET /session/4aedcc6e4741b2a879631080b602cb58/screenshot - {}
RESULT: {}
RESULT: undefined
COMMAND: POST /session/4aedcc6e4741b2a879631080b602cb58/element - {"using":"xpath","value":"//*[@id=\"__button249\"]"}
RESULT: {"using":"xpath","value":"//*[@id=\"__button249\"]"}
COMMAND: POST /session/4aedcc6e4741b2a879631080b602cb58/element/f.0FDC85D955747547727011D182B9DC15.d.992F5CF5BC75E17D1E84797AD97B4823.e.17410/click - {}
RESULT: {}
COMMAND: GET /session/4aedcc6e4741b2a879631080b602cb58/screenshot - {}
RESULT: {}
COMMAND: POST /session/4aedcc6e4741b2a879631080b602cb58/execute/async - {"script":"<script> [1562 bytes]","args":[{"selector":{"controlType":"sap.m.Button","properties":{"text":"OK"},"searchOpenDialogs":true,"interaction":{"idSuffix":"content"}},"wdio_ui5_key":"sapm.Button{\"text\":\"OK\"}"}]}
RESULT: {"script":"<script> [1562 bytes]","args":[{"selector":{"controlType":"sap.m.Button","properties":{"text":"OK"},"searchOpenDialogs":true,"interaction":{"idSuffix":"content"}},"wdio_ui5_key":"sapm.Button{\"text\":\"OK\"}"}]}
RESULT: undefined
COMMAND: POST /session/4aedcc6e4741b2a879631080b602cb58/element - {"using":"xpath","value":"//*[@id=\"__mbox-btn-4\"]"}
RESULT: {"using":"xpath","value":"//*[@id=\"__mbox-btn-4\"]"}
COMMAND: POST /session/4aedcc6e4741b2a879631080b602cb58/element/f.0FDC85D955747547727011D182B9DC15.d.992F5CF5BC75E17D1E84797AD97B4823.e.17418/click - {}
RESULT: {}
COMMAND: GET /session/4aedcc6e4741b2a879631080b602cb58/screenshot - {}
RESULT: {}
COMMAND: POST /session/4aedcc6e4741b2a879631080b602cb58/element - {"using":"xpath","value":"//button[contains(@data-kt ,\"execHoPickFooterButton\")]"}
RESULT: {"using":"xpath","value":"//button[contains(@data-kt ,\"execHoPickFooterButton\")]"}
COMMAND: POST /session/4aedcc6e4741b2a879631080b602cb58/element/f.0FDC85D955747547727011D182B9DC15.d.992F5CF5BC75E17D1E84797AD97B4823.e.17422/click - {}
RESULT: {}
COMMAND: GET /session/4aedcc6e4741b2a879631080b602cb58/screenshot - {}
RESULT: {}
COMMAND: POST /session/4aedcc6e4741b2a879631080b602cb58/refresh - {}
RESULT: {}
COMMAND: GET /session/4aedcc6e4741b2a879631080b602cb58/screenshot - {}
RESULT: {}
COMMAND: POST /session/4aedcc6e4741b2a879631080b602cb58/refresh - {}
RESULT: {}
COMMAND: GET /session/4aedcc6e4741b2a879631080b602cb58/screenshot - {}
RESULT: {}
COMMAND: POST /session/4aedcc6e4741b2a879631080b602cb58/window/fullscreen - {}
RESULT: {}
COMMAND: POST /session/4aedcc6e4741b2a879631080b602cb58/execute/async - {"script":"<script> [189 bytes]","args":[]}
RESULT: {"script":"<script> [189 bytes]","args":[]}
COMMAND: POST /session/4aedcc6e4741b2a879631080b602cb58/execute/async - {"script":"<script> [123 bytes]","args":[]}
RESULT: {"script":"<script> [123 bytes]","args":[]}
COMMAND: POST /session/4aedcc6e4741b2a879631080b602cb58/timeouts - {"script":"<number>"}
RESULT: {"script":"<number>"}
COMMAND: GET /session/4aedcc6e4741b2a879631080b602cb58/timeouts - {}
RESULT: {}
RESULT: undefined
COMMAND: POST /session/4aedcc6e4741b2a879631080b602cb58/execute/async - {"script":"<script> [2676 bytes]","args":[]}
RESULT: {"script":"<script> [2676 bytes]","args":[]}
COMMAND: POST /session/4aedcc6e4741b2a879631080b602cb58/execute/async - {"script":"<script> [2342 bytes]","args":[{"protocol":"http","hostname":"0.0.0.0","path":"/","capabilities":{"browserName":"chrome","goog:chromeOptions":{"binary":"C:\\Program Files\\Google\\Chrome\\Application\\chrome.exe","args":["--start-maximized"]}},"logLevel":"warn","connectionRetryTimeout":120000,"connectionRetryCount":3,"logLevels":{},"enableDirectConnect":true,"strictSSL":true,"_":"65 more keys: [\"cacheDir\",\"port\",\"requestedCapabilities\",\"automationProtocol\",\"baseUrl\",\"waitforInterval\",\"waitforTimeout\",\"onReload\",\"beforeCommand\",\"afterCommand\",\"rootDir\",\"specs\",\"suites\",\"exclude\",\"groupLogsByTestSpec\",\"excludeDriverLogs\",\"bail\",\"framework\",\"reporters\",\"services\",\"maxInstances\",\"maxInstancesPerCapability\",\"injectGlobals\",\"filesToWatch\",\"execArgv\",\"runnerEnv\",\"runner\",\"shard\",\"specFileRetries\",\"specFileRetriesDelay\",\"specFileRetriesDeferred\",\"reporterSyncInterval\",\"reporterSyncTimeout\",\"cucumberFeaturesWithLineNumbers\",\"autoCompileOpts\",\"mochaOpts\",\"jasmineOpts\",\"cucumberOpts\",\"onPrepare\",\"onWorkerStart\",\"onWorkerEnd\",\"before\",\"beforeSession\",\"beforeSuite\",\"beforeHook\",\"beforeTest\",\"afterTest\",\"afterHook\",\"afterSuite\",\"afterSession\",\"after\",\"onComplete\",\"beforeAssertion\",\"afterAssertion\",\"beforeFeature\",\"beforeScenario\",\"beforeStep\",\"afterStep\",\"afterScenario\",\"afterFeature\",\"_\",\"suite\",\"$0\",\"ignoredWorkerServices\",\"wdi5\"]"}]}
RESULT: {"script":"<script> [2342 bytes]","args":[{"protocol":"http","hostname":"0.0.0.0","path":"/","capabilities":{"browserName":"chrome","goog:chromeOptions":{"binary":"C:\\Program Files\\Google\\Chrome\\Application\\chrome.exe","args":["--start-maximized"]}},"logLevel":"warn","connectionRetryTimeout":120000,"connectionRetryCount":3,"logLevels":{},"enableDirectConnect":true,"strictSSL":true,"_":"65 more keys: [\"cacheDir\",\"port\",\"requestedCapabilities\",\"automationProtocol\",\"baseUrl\",\"waitforInterval\",\"waitforTimeout\",\"onReload\",\"beforeCommand\",\"afterCommand\",\"rootDir\",\"specs\",\"suites\",\"exclude\",\"groupLogsByTestSpec\",\"excludeDriverLogs\",\"bail\",\"framework\",\"reporters\",\"services\",\"maxInstances\",\"maxInstancesPerCapability\",\"injectGlobals\",\"filesToWatch\",\"execArgv\",\"runnerEnv\",\"runner\",\"shard\",\"specFileRetries\",\"specFileRetriesDelay\",\"specFileRetriesDeferred\",\"reporterSyncInterval\",\"reporterSyncTimeout\",\"cucumberFeaturesWithLineNumbers\",\"autoCompileOpts\",\"mochaOpts\",\"jasmineOpts\",\"cucumberOpts\",\"onPrepare\",\"onWorkerStart\",\"onWorkerEnd\",\"before\",\"beforeSession\",\"beforeSuite\",\"beforeHook\",\"beforeTest\",\"afterTest\",\"afterHook\",\"afterSuite\",\"afterSession\",\"after\",\"onComplete\",\"beforeAssertion\",\"afterAssertion\",\"beforeFeature\",\"beforeScenario\",\"beforeStep\",\"afterStep\",\"afterScenario\",\"afterFeature\",\"_\",\"suite\",\"$0\",\"ignoredWorkerServices\",\"wdi5\"]"}]}
COMMAND: POST /session/4aedcc6e4741b2a879631080b602cb58/execute/async - {"script":"<script> [21126 bytes]","args":[35000]}
RESULT: {"script":"<script> [21126 bytes]","args":[35000]}
COMMAND: POST /session/4aedcc6e4741b2a879631080b602cb58/execute/async - {"script":"<script> [1562 bytes]","args":[{"selector":{"controlType":"sap.m.SearchField","viewName":"etm.portal.ui.managehandovers.view.MasterHO","bindingPath":{"path":"","propertyPath":"/_BASIC_SEARCH_FIELD","modelName":"fi1t3rM0d31"},"interaction":{"idSuffix":"I"}},"wdio_ui5_key":"etmportal.ui.managehandovers.view.MasterHOsap.m.SearchField{\"path\":\"\",\"propertyPath\":\"/_BASIC_SEARCH_FIELD\",\"modelName\":\"fi1t3rM0d31\"}"}]}
RESULT: {"script":"<script> [1562 bytes]","args":[{"selector":{"controlType":"sap.m.SearchField","viewName":"etm.portal.ui.managehandovers.view.MasterHO","bindingPath":{"path":"","propertyPath":"/_BASIC_SEARCH_FIELD","modelName":"fi1t3rM0d31"},"interaction":{"idSuffix":"I"}},"wdio_ui5_key":"etmportal.ui.managehandovers.view.MasterHOsap.m.SearchField{\"path\":\"\",\"propertyPath\":\"/_BASIC_SEARCH_FIELD\",\"modelName\":\"fi1t3rM0d31\"}"}]}
RESULT: undefined
COMMAND: POST /session/4aedcc6e4741b2a879631080b602cb58/execute/async - {"script":"<script> [776 bytes]","args":[{"enterText":"30884","selector":{"controlType":"sap.m.SearchField","viewName":"etm.portal.ui.managehandovers.view.MasterHO","bindingPath":{"path":"","propertyPath":"/_BASIC_SEARCH_FIELD","modelName":"fi1t3rM0d31"},"interaction":{"idSuffix":"I"}},"clearTextFirst":true,"interactionType":"ENTER_TEXT"}]}
RESULT: {"script":"<script> [776 bytes]","args":[{"enterText":"30884","selector":{"controlType":"sap.m.SearchField","viewName":"etm.portal.ui.managehandovers.view.MasterHO","bindingPath":{"path":"","propertyPath":"/_BASIC_SEARCH_FIELD","modelName":"fi1t3rM0d31"},"interaction":{"idSuffix":"I"}},"clearTextFirst":true,"interactionType":"ENTER_TEXT"}]}
COMMAND: POST /session/4aedcc6e4741b2a879631080b602cb58/actions - {"actions":[{"id":"action83","type":"key","parameters":{},"actions":[{"type":"keyDown","value":"î€‡"},{"type":"pause","duration":10},{"type":"keyUp","value":"î€‡"}]}]}
RESULT: {"actions":[{"id":"action83","type":"key","parameters":{},"actions":[{"type":"keyDown","value":"î€‡"},{"type":"pause","duration":10},{"type":"keyUp","value":"î€‡"}]}]}
COMMAND: GET /session/4aedcc6e4741b2a879631080b602cb58/screenshot - {}
RESULT: {}
COMMAND: POST /session/4aedcc6e4741b2a879631080b602cb58/execute/async - {"script":"<script> [1562 bytes]","args":[{"selector":{"controlType":"sap.m.Title","viewName":"etm.portal.ui.managehandovers.view.MasterHO","properties":{"text":"Records (1)"}},"wdio_ui5_key":"etmportal.ui.managehandovers.view.MasterHOsap.m.Title{\"text\":\"Records (1)\"}"}]}
RESULT: {"script":"<script> [1562 bytes]","args":[{"selector":{"controlType":"sap.m.Title","viewName":"etm.portal.ui.managehandovers.view.MasterHO","properties":{"text":"Records (1)"}},"wdio_ui5_key":"etmportal.ui.managehandovers.view.MasterHOsap.m.Title{\"text\":\"Records (1)\"}"}]}
RESULT: undefined
COMMAND: POST /session/4aedcc6e4741b2a879631080b602cb58/execute/async - {"script":"<script> [6424 bytes]","args":[{"element-6066-11e4-a52e-4f735466cecf":"f.0FDC85D955747547727011D182B9DC15.d.71ACF6A7AE1CA3BFC711CA590D9D73B9.e.17783"},"getText",[]]}
RESULT: {"script":"<script> [6424 bytes]","args":[{"element-6066-11e4-a52e-4f735466cecf":"f.0FDC85D955747547727011D182B9DC15.d.71ACF6A7AE1CA3BFC711CA590D9D73B9.e.17783"},"getText",[]]}
COMMAND: POST /session/4aedcc6e4741b2a879631080b602cb58/execute/async - {"script":"<script> [1562 bytes]","args":[{"selector":{"controlType":"sap.ui.core.Icon","viewName":"etm.portal.ui.managehandovers.view.MasterHO","properties":{"src":{"regex":{"source":"slim\\-arrow\\-right"}}}},"wdio_ui5_key":"etmportal.ui.managehandovers.view.MasterHOsap.ui.core.Icon{\"src\":{\"regex\":{\"source\":\"slim\\\\-arrow\\\\-right\"}}}"}]}
RESULT: {"script":"<script> [1562 bytes]","args":[{"selector":{"controlType":"sap.ui.core.Icon","viewName":"etm.portal.ui.managehandovers.view.MasterHO","properties":{"src":{"regex":{"source":"slim\\-arrow\\-right"}}}},"wdio_ui5_key":"etmportal.ui.managehandovers.view.MasterHOsap.ui.core.Icon{\"src\":{\"regex\":{\"source\":\"slim\\\\-arrow\\\\-right\"}}}"}]}
RESULT: undefined
COMMAND: POST /session/4aedcc6e4741b2a879631080b602cb58/element - {"using":"xpath","value":"//*[@id=\"__item29-__clone17-imgNav\"]"}
RESULT: {"using":"xpath","value":"//*[@id=\"__item29-__clone17-imgNav\"]"}
COMMAND: POST /session/4aedcc6e4741b2a879631080b602cb58/element/f.0FDC85D955747547727011D182B9DC15.d.71ACF6A7AE1CA3BFC711CA590D9D73B9.e.17782/click - {}
RESULT: {}
COMMAND: GET /session/4aedcc6e4741b2a879631080b602cb58/screenshot - {}
RESULT: {}
COMMAND: POST /session/4aedcc6e4741b2a879631080b602cb58/element - {"using":"xpath","value":"//a[contains(@data-kt ,\"GeneralSectionReceiveContracttLink\")]"}
RESULT: {"using":"xpath","value":"//a[contains(@data-kt ,\"GeneralSectionReceiveContracttLink\")]"}
COMMAND: POST /session/4aedcc6e4741b2a879631080b602cb58/element/f.0FDC85D955747547727011D182B9DC15.d.71ACF6A7AE1CA3BFC711CA590D9D73B9.e.17874/click - {}
RESULT: {}
COMMAND: GET /session/4aedcc6e4741b2a879631080b602cb58/screenshot - {}
RESULT: {}
COMMAND: POST /session/4aedcc6e4741b2a879631080b602cb58/element - {"using":"xpath","value":"//a[contains(@data-kt ,\"ContextMenuId2Link\")]"}
RESULT: {"using":"xpath","value":"//a[contains(@data-kt ,\"ContextMenuId2Link\")]"}
COMMAND: POST /session/4aedcc6e4741b2a879631080b602cb58/element/f.0FDC85D955747547727011D182B9DC15.d.71ACF6A7AE1CA3BFC711CA590D9D73B9.e.17877/click - {}
RESULT: {}
COMMAND: GET /session/4aedcc6e4741b2a879631080b602cb58/screenshot - {}
RESULT: {}
COMMAND: POST /session/4aedcc6e4741b2a879631080b602cb58/execute/async - {"script":"<script> [1562 bytes]","args":[{"selector":{"controlType":"sap.m.ObjectStatus","viewName":"etm.portal.ui.managecontracts.view.Detail","bindingPath":{"propertyPath":"LINK_TO_LOGISTICAL_STATUS/DESCRIPTION","modelName":"catalogModel"}},"wdio_ui5_key":"etmportal.ui.managecontracts.view.Detailsap.m.ObjectStatus{\"propertyPath\":\"LINK_TO_LOGISTICAL_STATUS/DESCRIPTION\",\"modelName\":\"catalogModel\"}"}]}
RESULT: {"script":"<script> [1562 bytes]","args":[{"selector":{"controlType":"sap.m.ObjectStatus","viewName":"etm.portal.ui.managecontracts.view.Detail","bindingPath":{"propertyPath":"LINK_TO_LOGISTICAL_STATUS/DESCRIPTION","modelName":"catalogModel"}},"wdio_ui5_key":"etmportal.ui.managecontracts.view.Detailsap.m.ObjectStatus{\"propertyPath\":\"LINK_TO_LOGISTICAL_STATUS/DESCRIPTION\",\"modelName\":\"catalogModel\"}"}]}
RESULT: undefined
COMMAND: POST /session/4aedcc6e4741b2a879631080b602cb58/execute/async - {"script":"<script> [6424 bytes]","args":[{"element-6066-11e4-a52e-4f735466cecf":"f.0FDC85D955747547727011D182B9DC15.d.71ACF6A7AE1CA3BFC711CA590D9D73B9.e.18108"},"getText",[]]}
RESULT: {"script":"<script> [6424 bytes]","args":[{"element-6066-11e4-a52e-4f735466cecf":"f.0FDC85D955747547727011D182B9DC15.d.71ACF6A7AE1CA3BFC711CA590D9D73B9.e.18108"},"getText",[]]}
COMMAND: POST /session/4aedcc6e4741b2a879631080b602cb58/execute/async - {"script":"<script> [1562 bytes]","args":[{"selector":{"controlType":"sap.m.ObjectStatus","viewName":"etm.portal.ui.managecontracts.view.Detail","bindingPath":{"propertyPath":"LINK_TO_COMMERCIAL_STATUS/DESCRIPTION","modelName":"catalogModel"}},"wdio_ui5_key":"etmportal.ui.managecontracts.view.Detailsap.m.ObjectStatus{\"propertyPath\":\"LINK_TO_COMMERCIAL_STATUS/DESCRIPTION\",\"modelName\":\"catalogModel\"}"}]}
RESULT: {"script":"<script> [1562 bytes]","args":[{"selector":{"controlType":"sap.m.ObjectStatus","viewName":"etm.portal.ui.managecontracts.view.Detail","bindingPath":{"propertyPath":"LINK_TO_COMMERCIAL_STATUS/DESCRIPTION","modelName":"catalogModel"}},"wdio_ui5_key":"etmportal.ui.managecontracts.view.Detailsap.m.ObjectStatus{\"propertyPath\":\"LINK_TO_COMMERCIAL_STATUS/DESCRIPTION\",\"modelName\":\"catalogModel\"}"}]}
RESULT: undefined
COMMAND: POST /session/4aedcc6e4741b2a879631080b602cb58/execute/async - {"script":"<script> [6424 bytes]","args":[{"element-6066-11e4-a52e-4f735466cecf":"f.0FDC85D955747547727011D182B9DC15.d.71ACF6A7AE1CA3BFC711CA590D9D73B9.e.18109"},"getText",[]]}
RESULT: {"script":"<script> [6424 bytes]","args":[{"element-6066-11e4-a52e-4f735466cecf":"f.0FDC85D955747547727011D182B9DC15.d.71ACF6A7AE1CA3BFC711CA590D9D73B9.e.18109"},"getText",[]]}
COMMAND: POST /session/4aedcc6e4741b2a879631080b602cb58/execute/async - {"script":"<script> [1562 bytes]","args":[{"selector":{"id":"backBtn"},"wdio_ui5_key":"backBtn"}]}
RESULT: {"script":"<script> [1562 bytes]","args":[{"selector":{"id":"backBtn"},"wdio_ui5_key":"backBtn"}]}
RESULT: undefined
COMMAND: POST /session/4aedcc6e4741b2a879631080b602cb58/element - {"using":"xpath","value":"//*[@id=\"backBtn\"]"}
RESULT: {"using":"xpath","value":"//*[@id=\"backBtn\"]"}
COMMAND: POST /session/4aedcc6e4741b2a879631080b602cb58/element/f.0FDC85D955747547727011D182B9DC15.d.71ACF6A7AE1CA3BFC711CA590D9D73B9.e.18110/click - {}
RESULT: {}
COMMAND: GET /session/4aedcc6e4741b2a879631080b602cb58/screenshot - {}
COMMAND: POST /session/4aedcc6e4741b2a879631080b602cb58/execute/async - {"script":"<script> [1562 bytes]","args":[{"selector":{"controlType":"sap.m.Button","viewName":"etm.portal.ui.managehandovers.view.DetailExecuteHO","i18NText":{"propertyName":"text","key":"confirmAll"},"interaction":{"idSuffix":"BDI-content"}},"wdio_ui5_key":"etmportal.ui.managehandovers.view.DetailExecuteHOsap.m.Button{\"propertyName\":\"text\",\"key\":\"confirmAll\"}"}]}
RESULT: {}
RESULT: {"script":"<script> [1562 bytes]","args":[{"selector":{"controlType":"sap.m.Button","viewName":"etm.portal.ui.managehandovers.view.DetailExecuteHO","i18NText":{"propertyName":"text","key":"confirmAll"},"interaction":{"idSuffix":"BDI-content"}},"wdio_ui5_key":"etmportal.ui.managehandovers.view.DetailExecuteHOsap.m.Button{\"propertyName\":\"text\",\"key\":\"confirmAll\"}"}]}
RESULT: undefined
COMMAND: POST /session/4aedcc6e4741b2a879631080b602cb58/element - {"using":"xpath","value":"//*[@id=\"__button81\"]"}
RESULT: {"using":"xpath","value":"//*[@id=\"__button81\"]"}
COMMAND: POST /session/4aedcc6e4741b2a879631080b602cb58/element/f.0FDC85D955747547727011D182B9DC15.d.71ACF6A7AE1CA3BFC711CA590D9D73B9.e.18229/click - {}
RESULT: {}
COMMAND: GET /session/4aedcc6e4741b2a879631080b602cb58/screenshot - {}
RESULT: {}
COMMAND: POST /session/4aedcc6e4741b2a879631080b602cb58/execute/async - {"script":"<script> [1562 bytes]","args":[{"selector":{"controlType":"sap.m.Button","properties":{"text":"OK"},"searchOpenDialogs":true,"interaction":{"idSuffix":"inner"}},"wdio_ui5_key":"sapm.Button{\"text\":\"OK\"}"}]}
RESULT: {"script":"<script> [1562 bytes]","args":[{"selector":{"controlType":"sap.m.Button","properties":{"text":"OK"},"searchOpenDialogs":true,"interaction":{"idSuffix":"inner"}},"wdio_ui5_key":"sapm.Button{\"text\":\"OK\"}"}]}
RESULT: undefined
COMMAND: POST /session/4aedcc6e4741b2a879631080b602cb58/element - {"using":"xpath","value":"//*[@id=\"__mbox-btn-0\"]"}
RESULT: {"using":"xpath","value":"//*[@id=\"__mbox-btn-0\"]"}
COMMAND: POST /session/4aedcc6e4741b2a879631080b602cb58/element/f.0FDC85D955747547727011D182B9DC15.d.71ACF6A7AE1CA3BFC711CA590D9D73B9.e.18235/click - {}
RESULT: {}
COMMAND: GET /session/4aedcc6e4741b2a879631080b602cb58/screenshot - {}
RESULT: {}
COMMAND: POST /session/4aedcc6e4741b2a879631080b602cb58/element - {"using":"xpath","value":"//button[contains(@data-kt ,\"execHoIssueFooterButton\")]"}
RESULT: {"using":"xpath","value":"//button[contains(@data-kt ,\"execHoIssueFooterButton\")]"}
COMMAND: POST /session/4aedcc6e4741b2a879631080b602cb58/element/f.0FDC85D955747547727011D182B9DC15.d.71ACF6A7AE1CA3BFC711CA590D9D73B9.e.18238/click - {}
RESULT: {}
COMMAND: GET /session/4aedcc6e4741b2a879631080b602cb58/screenshot - {}
RESULT: {}
COMMAND: POST /session/4aedcc6e4741b2a879631080b602cb58/refresh - {}
RESULT: {}
COMMAND: GET /session/4aedcc6e4741b2a879631080b602cb58/screenshot - {}
RESULT: {}
COMMAND: POST /session/4aedcc6e4741b2a879631080b602cb58/refresh - {}
RESULT: {}
COMMAND: GET /session/4aedcc6e4741b2a879631080b602cb58/screenshot - {}
RESULT: {}
COMMAND: POST /session/4aedcc6e4741b2a879631080b602cb58/window/fullscreen - {}
RESULT: {}
COMMAND: POST /session/4aedcc6e4741b2a879631080b602cb58/execute/async - {"script":"<script> [189 bytes]","args":[]}
RESULT: {"script":"<script> [189 bytes]","args":[]}
COMMAND: POST /session/4aedcc6e4741b2a879631080b602cb58/execute/async - {"script":"<script> [123 bytes]","args":[]}
RESULT: {"script":"<script> [123 bytes]","args":[]}
COMMAND: POST /session/4aedcc6e4741b2a879631080b602cb58/timeouts - {"script":"<number>"}
RESULT: {"script":"<number>"}
COMMAND: GET /session/4aedcc6e4741b2a879631080b602cb58/timeouts - {}
RESULT: {}
RESULT: undefined
COMMAND: POST /session/4aedcc6e4741b2a879631080b602cb58/execute/async - {"script":"<script> [2676 bytes]","args":[]}
RESULT: {"script":"<script> [2676 bytes]","args":[]}
COMMAND: POST /session/4aedcc6e4741b2a879631080b602cb58/execute/async - {"script":"<script> [2342 bytes]","args":[{"protocol":"http","hostname":"0.0.0.0","path":"/","capabilities":{"browserName":"chrome","goog:chromeOptions":{"binary":"C:\\Program Files\\Google\\Chrome\\Application\\chrome.exe","args":["--start-maximized"]}},"logLevel":"warn","connectionRetryTimeout":120000,"connectionRetryCount":3,"logLevels":{},"enableDirectConnect":true,"strictSSL":true,"_":"65 more keys: [\"cacheDir\",\"port\",\"requestedCapabilities\",\"automationProtocol\",\"baseUrl\",\"waitforInterval\",\"waitforTimeout\",\"onReload\",\"beforeCommand\",\"afterCommand\",\"rootDir\",\"specs\",\"suites\",\"exclude\",\"groupLogsByTestSpec\",\"excludeDriverLogs\",\"bail\",\"framework\",\"reporters\",\"services\",\"maxInstances\",\"maxInstancesPerCapability\",\"injectGlobals\",\"filesToWatch\",\"execArgv\",\"runnerEnv\",\"runner\",\"shard\",\"specFileRetries\",\"specFileRetriesDelay\",\"specFileRetriesDeferred\",\"reporterSyncInterval\",\"reporterSyncTimeout\",\"cucumberFeaturesWithLineNumbers\",\"autoCompileOpts\",\"mochaOpts\",\"jasmineOpts\",\"cucumberOpts\",\"onPrepare\",\"onWorkerStart\",\"onWorkerEnd\",\"before\",\"beforeSession\",\"beforeSuite\",\"beforeHook\",\"beforeTest\",\"afterTest\",\"afterHook\",\"afterSuite\",\"afterSession\",\"after\",\"onComplete\",\"beforeAssertion\",\"afterAssertion\",\"beforeFeature\",\"beforeScenario\",\"beforeStep\",\"afterStep\",\"afterScenario\",\"afterFeature\",\"_\",\"suite\",\"$0\",\"ignoredWorkerServices\",\"wdi5\"]"}]}
RESULT: {"script":"<script> [2342 bytes]","args":[{"protocol":"http","hostname":"0.0.0.0","path":"/","capabilities":{"browserName":"chrome","goog:chromeOptions":{"binary":"C:\\Program Files\\Google\\Chrome\\Application\\chrome.exe","args":["--start-maximized"]}},"logLevel":"warn","connectionRetryTimeout":120000,"connectionRetryCount":3,"logLevels":{},"enableDirectConnect":true,"strictSSL":true,"_":"65 more keys: [\"cacheDir\",\"port\",\"requestedCapabilities\",\"automationProtocol\",\"baseUrl\",\"waitforInterval\",\"waitforTimeout\",\"onReload\",\"beforeCommand\",\"afterCommand\",\"rootDir\",\"specs\",\"suites\",\"exclude\",\"groupLogsByTestSpec\",\"excludeDriverLogs\",\"bail\",\"framework\",\"reporters\",\"services\",\"maxInstances\",\"maxInstancesPerCapability\",\"injectGlobals\",\"filesToWatch\",\"execArgv\",\"runnerEnv\",\"runner\",\"shard\",\"specFileRetries\",\"specFileRetriesDelay\",\"specFileRetriesDeferred\",\"reporterSyncInterval\",\"reporterSyncTimeout\",\"cucumberFeaturesWithLineNumbers\",\"autoCompileOpts\",\"mochaOpts\",\"jasmineOpts\",\"cucumberOpts\",\"onPrepare\",\"onWorkerStart\",\"onWorkerEnd\",\"before\",\"beforeSession\",\"beforeSuite\",\"beforeHook\",\"beforeTest\",\"afterTest\",\"afterHook\",\"afterSuite\",\"afterSession\",\"after\",\"onComplete\",\"beforeAssertion\",\"afterAssertion\",\"beforeFeature\",\"beforeScenario\",\"beforeStep\",\"afterStep\",\"afterScenario\",\"afterFeature\",\"_\",\"suite\",\"$0\",\"ignoredWorkerServices\",\"wdi5\"]"}]}
COMMAND: POST /session/4aedcc6e4741b2a879631080b602cb58/execute/async - {"script":"<script> [21126 bytes]","args":[35000]}
RESULT: {"script":"<script> [21126 bytes]","args":[35000]}
COMMAND: POST /session/4aedcc6e4741b2a879631080b602cb58/execute/async - {"script":"<script> [1562 bytes]","args":[{"selector":{"controlType":"sap.m.SearchField","viewName":"etm.portal.ui.managehandovers.view.MasterHO","bindingPath":{"path":"","propertyPath":"/_BASIC_SEARCH_FIELD","modelName":"fi1t3rM0d31"},"interaction":{"idSuffix":"I"}},"wdio_ui5_key":"etmportal.ui.managehandovers.view.MasterHOsap.m.SearchField{\"path\":\"\",\"propertyPath\":\"/_BASIC_SEARCH_FIELD\",\"modelName\":\"fi1t3rM0d31\"}"}]}
RESULT: {"script":"<script> [1562 bytes]","args":[{"selector":{"controlType":"sap.m.SearchField","viewName":"etm.portal.ui.managehandovers.view.MasterHO","bindingPath":{"path":"","propertyPath":"/_BASIC_SEARCH_FIELD","modelName":"fi1t3rM0d31"},"interaction":{"idSuffix":"I"}},"wdio_ui5_key":"etmportal.ui.managehandovers.view.MasterHOsap.m.SearchField{\"path\":\"\",\"propertyPath\":\"/_BASIC_SEARCH_FIELD\",\"modelName\":\"fi1t3rM0d31\"}"}]}
RESULT: undefined
COMMAND: POST /session/4aedcc6e4741b2a879631080b602cb58/execute/async - {"script":"<script> [776 bytes]","args":[{"enterText":"30884","selector":{"controlType":"sap.m.SearchField","viewName":"etm.portal.ui.managehandovers.view.MasterHO","bindingPath":{"path":"","propertyPath":"/_BASIC_SEARCH_FIELD","modelName":"fi1t3rM0d31"},"interaction":{"idSuffix":"I"}},"clearTextFirst":true,"interactionType":"ENTER_TEXT"}]}
RESULT: {"script":"<script> [776 bytes]","args":[{"enterText":"30884","selector":{"controlType":"sap.m.SearchField","viewName":"etm.portal.ui.managehandovers.view.MasterHO","bindingPath":{"path":"","propertyPath":"/_BASIC_SEARCH_FIELD","modelName":"fi1t3rM0d31"},"interaction":{"idSuffix":"I"}},"clearTextFirst":true,"interactionType":"ENTER_TEXT"}]}
COMMAND: POST /session/4aedcc6e4741b2a879631080b602cb58/actions - {"actions":[{"id":"action84","type":"key","parameters":{},"actions":[{"type":"keyDown","value":"î€‡"},{"type":"pause","duration":10},{"type":"keyUp","value":"î€‡"}]}]}
RESULT: {"actions":[{"id":"action84","type":"key","parameters":{},"actions":[{"type":"keyDown","value":"î€‡"},{"type":"pause","duration":10},{"type":"keyUp","value":"î€‡"}]}]}
COMMAND: GET /session/4aedcc6e4741b2a879631080b602cb58/screenshot - {}
RESULT: {}
COMMAND: POST /session/4aedcc6e4741b2a879631080b602cb58/execute/async - {"script":"<script> [1562 bytes]","args":[{"selector":{"controlType":"sap.m.Title","viewName":"etm.portal.ui.managehandovers.view.MasterHO","properties":{"text":"Records (1)"}},"wdio_ui5_key":"etmportal.ui.managehandovers.view.MasterHOsap.m.Title{\"text\":\"Records (1)\"}"}]}
RESULT: {"script":"<script> [1562 bytes]","args":[{"selector":{"controlType":"sap.m.Title","viewName":"etm.portal.ui.managehandovers.view.MasterHO","properties":{"text":"Records (1)"}},"wdio_ui5_key":"etmportal.ui.managehandovers.view.MasterHOsap.m.Title{\"text\":\"Records (1)\"}"}]}
RESULT: undefined
COMMAND: POST /session/4aedcc6e4741b2a879631080b602cb58/execute/async - {"script":"<script> [6424 bytes]","args":[{"element-6066-11e4-a52e-4f735466cecf":"f.0FDC85D955747547727011D182B9DC15.d.037D372B4669071F45136B159EE7ADDB.e.18612"},"getText",[]]}
RESULT: {"script":"<script> [6424 bytes]","args":[{"element-6066-11e4-a52e-4f735466cecf":"f.0FDC85D955747547727011D182B9DC15.d.037D372B4669071F45136B159EE7ADDB.e.18612"},"getText",[]]}
COMMAND: POST /session/4aedcc6e4741b2a879631080b602cb58/execute/async - {"script":"<script> [1562 bytes]","args":[{"selector":{"controlType":"sap.ui.core.Icon","viewName":"etm.portal.ui.managehandovers.view.MasterHO","properties":{"src":{"regex":{"source":"slim\\-arrow\\-right"}}}},"wdio_ui5_key":"etmportal.ui.managehandovers.view.MasterHOsap.ui.core.Icon{\"src\":{\"regex\":{\"source\":\"slim\\\\-arrow\\\\-right\"}}}"}]}
RESULT: {"script":"<script> [1562 bytes]","args":[{"selector":{"controlType":"sap.ui.core.Icon","viewName":"etm.portal.ui.managehandovers.view.MasterHO","properties":{"src":{"regex":{"source":"slim\\-arrow\\-right"}}}},"wdio_ui5_key":"etmportal.ui.managehandovers.view.MasterHOsap.ui.core.Icon{\"src\":{\"regex\":{\"source\":\"slim\\\\-arrow\\\\-right\"}}}"}]}
RESULT: undefined
COMMAND: POST /session/4aedcc6e4741b2a879631080b602cb58/element - {"using":"xpath","value":"//*[@id=\"__item17-__clone17-imgNav\"]"}
RESULT: {"using":"xpath","value":"//*[@id=\"__item17-__clone17-imgNav\"]"}
COMMAND: POST /session/4aedcc6e4741b2a879631080b602cb58/element/f.0FDC85D955747547727011D182B9DC15.d.037D372B4669071F45136B159EE7ADDB.e.18611/click - {}
RESULT: {}
COMMAND: GET /session/4aedcc6e4741b2a879631080b602cb58/screenshot - {}
RESULT: {}
COMMAND: POST /session/4aedcc6e4741b2a879631080b602cb58/execute/async - {"script":"<script> [1562 bytes]","args":[{"selector":{"controlType":"sap.m.ObjectStatus","viewName":"etm.portal.ui.managehandovers.view.DetailExecuteHO","labelFor":{"text":"Status"}},"wdio_ui5_key":"etmportal.ui.managehandovers.view.DetailExecuteHOsap.m.ObjectStatus{\"text\":\"Status\"}"}]}
RESULT: {"script":"<script> [1562 bytes]","args":[{"selector":{"controlType":"sap.m.ObjectStatus","viewName":"etm.portal.ui.managehandovers.view.DetailExecuteHO","labelFor":{"text":"Status"}},"wdio_ui5_key":"etmportal.ui.managehandovers.view.DetailExecuteHOsap.m.ObjectStatus{\"text\":\"Status\"}"}]}
RESULT: undefined
COMMAND: POST /session/4aedcc6e4741b2a879631080b602cb58/execute/async - {"script":"<script> [6424 bytes]","args":[{"element-6066-11e4-a52e-4f735466cecf":"f.0FDC85D955747547727011D182B9DC15.d.037D372B4669071F45136B159EE7ADDB.e.18691"},"getText",[]]}
RESULT: {"script":"<script> [6424 bytes]","args":[{"element-6066-11e4-a52e-4f735466cecf":"f.0FDC85D955747547727011D182B9DC15.d.037D372B4669071F45136B159EE7ADDB.e.18691"},"getText",[]]}
COMMAND: POST /session/4aedcc6e4741b2a879631080b602cb58/execute/async - {"script":"<script> [1562 bytes]","args":[{"selector":{"controlType":"sap.m.Button","viewName":"etm.portal.ui.managehandovers.view.DetailExecuteHO","i18NText":{"propertyName":"text","key":"confirmAll"},"interaction":{"idSuffix":"BDI-content"}},"wdio_ui5_key":"etmportal.ui.managehandovers.view.DetailExecuteHOsap.m.Button{\"propertyName\":\"text\",\"key\":\"confirmAll\"}"}]}
RESULT: {"script":"<script> [1562 bytes]","args":[{"selector":{"controlType":"sap.m.Button","viewName":"etm.portal.ui.managehandovers.view.DetailExecuteHO","i18NText":{"propertyName":"text","key":"confirmAll"},"interaction":{"idSuffix":"BDI-content"}},"wdio_ui5_key":"etmportal.ui.managehandovers.view.DetailExecuteHOsap.m.Button{\"propertyName\":\"text\",\"key\":\"confirmAll\"}"}]}
RESULT: undefined
COMMAND: POST /session/4aedcc6e4741b2a879631080b602cb58/element - {"using":"xpath","value":"//*[@id=\"__button29\"]"}
RESULT: {"using":"xpath","value":"//*[@id=\"__button29\"]"}
COMMAND: POST /session/4aedcc6e4741b2a879631080b602cb58/element/f.0FDC85D955747547727011D182B9DC15.d.037D372B4669071F45136B159EE7ADDB.e.18693/click - {}
RESULT: {}
COMMAND: GET /session/4aedcc6e4741b2a879631080b602cb58/screenshot - {}
RESULT: {}
COMMAND: POST /session/4aedcc6e4741b2a879631080b602cb58/execute/async - {"script":"<script> [1562 bytes]","args":[{"selector":{"controlType":"sap.m.Button","properties":{"text":"OK"},"searchOpenDialogs":true,"interaction":{"idSuffix":"BDI-content"}},"wdio_ui5_key":"sapm.Button{\"text\":\"OK\"}"}]}
RESULT: {"script":"<script> [1562 bytes]","args":[{"selector":{"controlType":"sap.m.Button","properties":{"text":"OK"},"searchOpenDialogs":true,"interaction":{"idSuffix":"BDI-content"}},"wdio_ui5_key":"sapm.Button{\"text\":\"OK\"}"}]}
RESULT: undefined
COMMAND: POST /session/4aedcc6e4741b2a879631080b602cb58/element - {"using":"xpath","value":"//*[@id=\"__mbox-btn-0\"]"}
RESULT: {"using":"xpath","value":"//*[@id=\"__mbox-btn-0\"]"}
COMMAND: POST /session/4aedcc6e4741b2a879631080b602cb58/element/f.0FDC85D955747547727011D182B9DC15.d.037D372B4669071F45136B159EE7ADDB.e.18694/click - {}
RESULT: {}
COMMAND: GET /session/4aedcc6e4741b2a879631080b602cb58/screenshot - {}
RESULT: {}
COMMAND: POST /session/4aedcc6e4741b2a879631080b602cb58/element - {"using":"xpath","value":"//button[contains(@data-kt ,\"execHoReceiveFooterButton\")]"}
RESULT: {"using":"xpath","value":"//button[contains(@data-kt ,\"execHoReceiveFooterButton\")]"}
COMMAND: POST /session/4aedcc6e4741b2a879631080b602cb58/element/f.0FDC85D955747547727011D182B9DC15.d.037D372B4669071F45136B159EE7ADDB.e.18657/click - {}
RESULT: {}
COMMAND: GET /session/4aedcc6e4741b2a879631080b602cb58/screenshot - {}
RESULT: {}
COMMAND: POST /session/4aedcc6e4741b2a879631080b602cb58/refresh - {}
RESULT: {}
COMMAND: GET /session/4aedcc6e4741b2a879631080b602cb58/screenshot - {}
RESULT: {}
COMMAND: POST /session/4aedcc6e4741b2a879631080b602cb58/refresh - {}
RESULT: {}
COMMAND: GET /session/4aedcc6e4741b2a879631080b602cb58/screenshot - {}
RESULT: {}
COMMAND: POST /session/4aedcc6e4741b2a879631080b602cb58/window/fullscreen - {}
RESULT: {}
COMMAND: POST /session/4aedcc6e4741b2a879631080b602cb58/execute/async - {"script":"<script> [189 bytes]","args":[]}
RESULT: {"script":"<script> [189 bytes]","args":[]}
COMMAND: POST /session/4aedcc6e4741b2a879631080b602cb58/execute/async - {"script":"<script> [123 bytes]","args":[]}
RESULT: {"script":"<script> [123 bytes]","args":[]}
COMMAND: POST /session/4aedcc6e4741b2a879631080b602cb58/timeouts - {"script":"<number>"}
RESULT: {"script":"<number>"}
COMMAND: GET /session/4aedcc6e4741b2a879631080b602cb58/timeouts - {}
RESULT: {}
RESULT: undefined
COMMAND: POST /session/4aedcc6e4741b2a879631080b602cb58/execute/async - {"script":"<script> [2676 bytes]","args":[]}
RESULT: {"script":"<script> [2676 bytes]","args":[]}
COMMAND: POST /session/4aedcc6e4741b2a879631080b602cb58/execute/async - {"script":"<script> [2342 bytes]","args":[{"protocol":"http","hostname":"0.0.0.0","path":"/","capabilities":{"browserName":"chrome","goog:chromeOptions":{"binary":"C:\\Program Files\\Google\\Chrome\\Application\\chrome.exe","args":["--start-maximized"]}},"logLevel":"warn","connectionRetryTimeout":120000,"connectionRetryCount":3,"logLevels":{},"enableDirectConnect":true,"strictSSL":true,"_":"65 more keys: [\"cacheDir\",\"port\",\"requestedCapabilities\",\"automationProtocol\",\"baseUrl\",\"waitforInterval\",\"waitforTimeout\",\"onReload\",\"beforeCommand\",\"afterCommand\",\"rootDir\",\"specs\",\"suites\",\"exclude\",\"groupLogsByTestSpec\",\"excludeDriverLogs\",\"bail\",\"framework\",\"reporters\",\"services\",\"maxInstances\",\"maxInstancesPerCapability\",\"injectGlobals\",\"filesToWatch\",\"execArgv\",\"runnerEnv\",\"runner\",\"shard\",\"specFileRetries\",\"specFileRetriesDelay\",\"specFileRetriesDeferred\",\"reporterSyncInterval\",\"reporterSyncTimeout\",\"cucumberFeaturesWithLineNumbers\",\"autoCompileOpts\",\"mochaOpts\",\"jasmineOpts\",\"cucumberOpts\",\"onPrepare\",\"onWorkerStart\",\"onWorkerEnd\",\"before\",\"beforeSession\",\"beforeSuite\",\"beforeHook\",\"beforeTest\",\"afterTest\",\"afterHook\",\"afterSuite\",\"afterSession\",\"after\",\"onComplete\",\"beforeAssertion\",\"afterAssertion\",\"beforeFeature\",\"beforeScenario\",\"beforeStep\",\"afterStep\",\"afterScenario\",\"afterFeature\",\"_\",\"suite\",\"$0\",\"ignoredWorkerServices\",\"wdi5\"]"}]}
RESULT: {"script":"<script> [2342 bytes]","args":[{"protocol":"http","hostname":"0.0.0.0","path":"/","capabilities":{"browserName":"chrome","goog:chromeOptions":{"binary":"C:\\Program Files\\Google\\Chrome\\Application\\chrome.exe","args":["--start-maximized"]}},"logLevel":"warn","connectionRetryTimeout":120000,"connectionRetryCount":3,"logLevels":{},"enableDirectConnect":true,"strictSSL":true,"_":"65 more keys: [\"cacheDir\",\"port\",\"requestedCapabilities\",\"automationProtocol\",\"baseUrl\",\"waitforInterval\",\"waitforTimeout\",\"onReload\",\"beforeCommand\",\"afterCommand\",\"rootDir\",\"specs\",\"suites\",\"exclude\",\"groupLogsByTestSpec\",\"excludeDriverLogs\",\"bail\",\"framework\",\"reporters\",\"services\",\"maxInstances\",\"maxInstancesPerCapability\",\"injectGlobals\",\"filesToWatch\",\"execArgv\",\"runnerEnv\",\"runner\",\"shard\",\"specFileRetries\",\"specFileRetriesDelay\",\"specFileRetriesDeferred\",\"reporterSyncInterval\",\"reporterSyncTimeout\",\"cucumberFeaturesWithLineNumbers\",\"autoCompileOpts\",\"mochaOpts\",\"jasmineOpts\",\"cucumberOpts\",\"onPrepare\",\"onWorkerStart\",\"onWorkerEnd\",\"before\",\"beforeSession\",\"beforeSuite\",\"beforeHook\",\"beforeTest\",\"afterTest\",\"afterHook\",\"afterSuite\",\"afterSession\",\"after\",\"onComplete\",\"beforeAssertion\",\"afterAssertion\",\"beforeFeature\",\"beforeScenario\",\"beforeStep\",\"afterStep\",\"afterScenario\",\"afterFeature\",\"_\",\"suite\",\"$0\",\"ignoredWorkerServices\",\"wdi5\"]"}]}
COMMAND: POST /session/4aedcc6e4741b2a879631080b602cb58/execute/async - {"script":"<script> [21126 bytes]","args":[35000]}
RESULT: {"script":"<script> [21126 bytes]","args":[35000]}
COMMAND: POST /session/4aedcc6e4741b2a879631080b602cb58/execute/async - {"script":"<script> [1562 bytes]","args":[{"selector":{"controlType":"sap.m.SearchField","viewName":"etm.portal.ui.managehandovers.view.MasterHO","bindingPath":{"path":"","propertyPath":"/_BASIC_SEARCH_FIELD","modelName":"fi1t3rM0d31"},"interaction":{"idSuffix":"I"}},"wdio_ui5_key":"etmportal.ui.managehandovers.view.MasterHOsap.m.SearchField{\"path\":\"\",\"propertyPath\":\"/_BASIC_SEARCH_FIELD\",\"modelName\":\"fi1t3rM0d31\"}"}]}
RESULT: {"script":"<script> [1562 bytes]","args":[{"selector":{"controlType":"sap.m.SearchField","viewName":"etm.portal.ui.managehandovers.view.MasterHO","bindingPath":{"path":"","propertyPath":"/_BASIC_SEARCH_FIELD","modelName":"fi1t3rM0d31"},"interaction":{"idSuffix":"I"}},"wdio_ui5_key":"etmportal.ui.managehandovers.view.MasterHOsap.m.SearchField{\"path\":\"\",\"propertyPath\":\"/_BASIC_SEARCH_FIELD\",\"modelName\":\"fi1t3rM0d31\"}"}]}
RESULT: undefined
COMMAND: POST /session/4aedcc6e4741b2a879631080b602cb58/execute/async - {"script":"<script> [776 bytes]","args":[{"enterText":"30884","selector":{"controlType":"sap.m.SearchField","viewName":"etm.portal.ui.managehandovers.view.MasterHO","bindingPath":{"path":"","propertyPath":"/_BASIC_SEARCH_FIELD","modelName":"fi1t3rM0d31"},"interaction":{"idSuffix":"I"}},"clearTextFirst":true,"interactionType":"ENTER_TEXT"}]}
RESULT: {"script":"<script> [776 bytes]","args":[{"enterText":"30884","selector":{"controlType":"sap.m.SearchField","viewName":"etm.portal.ui.managehandovers.view.MasterHO","bindingPath":{"path":"","propertyPath":"/_BASIC_SEARCH_FIELD","modelName":"fi1t3rM0d31"},"interaction":{"idSuffix":"I"}},"clearTextFirst":true,"interactionType":"ENTER_TEXT"}]}
COMMAND: POST /session/4aedcc6e4741b2a879631080b602cb58/actions - {"actions":[{"id":"action85","type":"key","parameters":{},"actions":[{"type":"keyDown","value":"î€‡"},{"type":"pause","duration":10},{"type":"keyUp","value":"î€‡"}]}]}
RESULT: {"actions":[{"id":"action85","type":"key","parameters":{},"actions":[{"type":"keyDown","value":"î€‡"},{"type":"pause","duration":10},{"type":"keyUp","value":"î€‡"}]}]}
COMMAND: GET /session/4aedcc6e4741b2a879631080b602cb58/screenshot - {}
RESULT: {}
COMMAND: POST /session/4aedcc6e4741b2a879631080b602cb58/execute/async - {"script":"<script> [1562 bytes]","args":[{"selector":{"controlType":"sap.m.Title","viewName":"etm.portal.ui.managehandovers.view.MasterHO","properties":{"text":"Records (1)"}},"wdio_ui5_key":"etmportal.ui.managehandovers.view.MasterHOsap.m.Title{\"text\":\"Records (1)\"}"}]}
RESULT: {"script":"<script> [1562 bytes]","args":[{"selector":{"controlType":"sap.m.Title","viewName":"etm.portal.ui.managehandovers.view.MasterHO","properties":{"text":"Records (1)"}},"wdio_ui5_key":"etmportal.ui.managehandovers.view.MasterHOsap.m.Title{\"text\":\"Records (1)\"}"}]}
RESULT: undefined
COMMAND: POST /session/4aedcc6e4741b2a879631080b602cb58/execute/async - {"script":"<script> [6424 bytes]","args":[{"element-6066-11e4-a52e-4f735466cecf":"f.0FDC85D955747547727011D182B9DC15.d.CDB8DE80873DE5B860C688A80E182033.e.18903"},"getText",[]]}
RESULT: {"script":"<script> [6424 bytes]","args":[{"element-6066-11e4-a52e-4f735466cecf":"f.0FDC85D955747547727011D182B9DC15.d.CDB8DE80873DE5B860C688A80E182033.e.18903"},"getText",[]]}
COMMAND: POST /session/4aedcc6e4741b2a879631080b602cb58/execute/async - {"script":"<script> [1562 bytes]","args":[{"selector":{"controlType":"sap.ui.core.Icon","viewName":"etm.portal.ui.managehandovers.view.MasterHO","properties":{"src":{"regex":{"source":"slim\\-arrow\\-right"}}}},"wdio_ui5_key":"etmportal.ui.managehandovers.view.MasterHOsap.ui.core.Icon{\"src\":{\"regex\":{\"source\":\"slim\\\\-arrow\\\\-right\"}}}"}]}
RESULT: {"script":"<script> [1562 bytes]","args":[{"selector":{"controlType":"sap.ui.core.Icon","viewName":"etm.portal.ui.managehandovers.view.MasterHO","properties":{"src":{"regex":{"source":"slim\\-arrow\\-right"}}}},"wdio_ui5_key":"etmportal.ui.managehandovers.view.MasterHOsap.ui.core.Icon{\"src\":{\"regex\":{\"source\":\"slim\\\\-arrow\\\\-right\"}}}"}]}
RESULT: undefined
COMMAND: POST /session/4aedcc6e4741b2a879631080b602cb58/element - {"using":"xpath","value":"//*[@id=\"__item19-__clone18-imgNav\"]"}
RESULT: {"using":"xpath","value":"//*[@id=\"__item19-__clone18-imgNav\"]"}
COMMAND: POST /session/4aedcc6e4741b2a879631080b602cb58/element/f.0FDC85D955747547727011D182B9DC15.d.CDB8DE80873DE5B860C688A80E182033.e.18902/click - {}
RESULT: {}
COMMAND: GET /session/4aedcc6e4741b2a879631080b602cb58/screenshot - {}
RESULT: {}
COMMAND: POST /session/4aedcc6e4741b2a879631080b602cb58/execute/async - {"script":"<script> [1562 bytes]","args":[{"selector":{"controlType":"sap.m.ObjectStatus","viewName":"etm.portal.ui.managehandovers.view.DetailManageHO","viewId":"application-managehandovers-display-component---detailManageHO","labelFor":{"text":"Status"}},"wdio_ui5_key":"etmportal.ui.managehandovers.view.DetailManageHOsap.m.ObjectStatus{\"text\":\"Status\"}"}]}
RESULT: {"script":"<script> [1562 bytes]","args":[{"selector":{"controlType":"sap.m.ObjectStatus","viewName":"etm.portal.ui.managehandovers.view.DetailManageHO","viewId":"application-managehandovers-display-component---detailManageHO","labelFor":{"text":"Status"}},"wdio_ui5_key":"etmportal.ui.managehandovers.view.DetailManageHOsap.m.ObjectStatus{\"text\":\"Status\"}"}]}
RESULT: undefined
COMMAND: POST /session/4aedcc6e4741b2a879631080b602cb58/execute/async - {"script":"<script> [6424 bytes]","args":[{"element-6066-11e4-a52e-4f735466cecf":"f.0FDC85D955747547727011D182B9DC15.d.CDB8DE80873DE5B860C688A80E182033.e.18991"},"getText",[]]}
RESULT: {"script":"<script> [6424 bytes]","args":[{"element-6066-11e4-a52e-4f735466cecf":"f.0FDC85D955747547727011D182B9DC15.d.CDB8DE80873DE5B860C688A80E182033.e.18991"},"getText",[]]}
COMMAND: POST /session/4aedcc6e4741b2a879631080b602cb58/element - {"using":"xpath","value":"//a[contains(@data-kt ,\"GeneralSectionReceiveContracttLink\")]"}
RESULT: {"using":"xpath","value":"//a[contains(@data-kt ,\"GeneralSectionReceiveContracttLink\")]"}
COMMAND: POST /session/4aedcc6e4741b2a879631080b602cb58/element/f.0FDC85D955747547727011D182B9DC15.d.CDB8DE80873DE5B860C688A80E182033.e.18992/click - {}
RESULT: {}
COMMAND: GET /session/4aedcc6e4741b2a879631080b602cb58/screenshot - {}
RESULT: {}
COMMAND: POST /session/4aedcc6e4741b2a879631080b602cb58/element - {"using":"xpath","value":"//a[contains(@data-kt ,\"ContextMenuId2Link\")]"}
RESULT: {"using":"xpath","value":"//a[contains(@data-kt ,\"ContextMenuId2Link\")]"}
COMMAND: POST /session/4aedcc6e4741b2a879631080b602cb58/element/f.0FDC85D955747547727011D182B9DC15.d.CDB8DE80873DE5B860C688A80E182033.e.18995/click - {}
RESULT: {}
COMMAND: GET /session/4aedcc6e4741b2a879631080b602cb58/screenshot - {}
RESULT: {}
COMMAND: POST /session/4aedcc6e4741b2a879631080b602cb58/execute/async - {"script":"<script> [1562 bytes]","args":[{"selector":{"controlType":"sap.m.ObjectStatus","viewName":"etm.portal.ui.managecontracts.view.Detail","bindingPath":{"propertyPath":"LINK_TO_LOGISTICAL_STATUS/DESCRIPTION","modelName":"catalogModel"}},"wdio_ui5_key":"etmportal.ui.managecontracts.view.Detailsap.m.ObjectStatus{\"propertyPath\":\"LINK_TO_LOGISTICAL_STATUS/DESCRIPTION\",\"modelName\":\"catalogModel\"}"}]}
RESULT: {"script":"<script> [1562 bytes]","args":[{"selector":{"controlType":"sap.m.ObjectStatus","viewName":"etm.portal.ui.managecontracts.view.Detail","bindingPath":{"propertyPath":"LINK_TO_LOGISTICAL_STATUS/DESCRIPTION","modelName":"catalogModel"}},"wdio_ui5_key":"etmportal.ui.managecontracts.view.Detailsap.m.ObjectStatus{\"propertyPath\":\"LINK_TO_LOGISTICAL_STATUS/DESCRIPTION\",\"modelName\":\"catalogModel\"}"}]}
RESULT: undefined
COMMAND: POST /session/4aedcc6e4741b2a879631080b602cb58/execute/async - {"script":"<script> [6424 bytes]","args":[{"element-6066-11e4-a52e-4f735466cecf":"f.0FDC85D955747547727011D182B9DC15.d.CDB8DE80873DE5B860C688A80E182033.e.19239"},"getText",[]]}
RESULT: {"script":"<script> [6424 bytes]","args":[{"element-6066-11e4-a52e-4f735466cecf":"f.0FDC85D955747547727011D182B9DC15.d.CDB8DE80873DE5B860C688A80E182033.e.19239"},"getText",[]]}
COMMAND: POST /session/4aedcc6e4741b2a879631080b602cb58/execute/async - {"script":"<script> [1562 bytes]","args":[{"selector":{"controlType":"sap.m.ObjectStatus","viewName":"etm.portal.ui.managecontracts.view.Detail","bindingPath":{"propertyPath":"LINK_TO_COMMERCIAL_STATUS/DESCRIPTION","modelName":"catalogModel"}},"wdio_ui5_key":"etmportal.ui.managecontracts.view.Detailsap.m.ObjectStatus{\"propertyPath\":\"LINK_TO_COMMERCIAL_STATUS/DESCRIPTION\",\"modelName\":\"catalogModel\"}"}]}
RESULT: {"script":"<script> [1562 bytes]","args":[{"selector":{"controlType":"sap.m.ObjectStatus","viewName":"etm.portal.ui.managecontracts.view.Detail","bindingPath":{"propertyPath":"LINK_TO_COMMERCIAL_STATUS/DESCRIPTION","modelName":"catalogModel"}},"wdio_ui5_key":"etmportal.ui.managecontracts.view.Detailsap.m.ObjectStatus{\"propertyPath\":\"LINK_TO_COMMERCIAL_STATUS/DESCRIPTION\",\"modelName\":\"catalogModel\"}"}]}
RESULT: undefined
COMMAND: POST /session/4aedcc6e4741b2a879631080b602cb58/execute/async - {"script":"<script> [6424 bytes]","args":[{"element-6066-11e4-a52e-4f735466cecf":"f.0FDC85D955747547727011D182B9DC15.d.CDB8DE80873DE5B860C688A80E182033.e.19242"},"getText",[]]}
RESULT: {"script":"<script> [6424 bytes]","args":[{"element-6066-11e4-a52e-4f735466cecf":"f.0FDC85D955747547727011D182B9DC15.d.CDB8DE80873DE5B860C688A80E182033.e.19242"},"getText",[]]}
]]></system-out>
    </testcase>
    <testcase classname="chrome.136_0_7103_93.windows.E2E_-_Logistical_and_commercial_statuses" name="It should follow the handover steps to the status fully returned" time="229.077">
      <system-out><![CDATA[
COMMAND: POST /session/4aedcc6e4741b2a879631080b602cb58/execute/async - {"script":"<script> [1562 bytes]","args":[{"selector":{"id":"contractDetailReturnButton","viewName":"etm.portal.ui.managecontracts.view.Detail","interaction":{"idSuffix":"BDI-content"}},"wdio_ui5_key":"contractDetailReturnButtonetmportal.ui.managecontracts.view.Detail"}]}
RESULT: {"script":"<script> [1562 bytes]","args":[{"selector":{"id":"contractDetailReturnButton","viewName":"etm.portal.ui.managecontracts.view.Detail","interaction":{"idSuffix":"BDI-content"}},"wdio_ui5_key":"contractDetailReturnButtonetmportal.ui.managecontracts.view.Detail"}]}
RESULT: undefined
COMMAND: POST /session/4aedcc6e4741b2a879631080b602cb58/element - {"using":"xpath","value":"//*[@id=\"__xmlview2--contractDetailReturnButton\"]"}
RESULT: {"using":"xpath","value":"//*[@id=\"__xmlview2--contractDetailReturnButton\"]"}
COMMAND: POST /session/4aedcc6e4741b2a879631080b602cb58/element/f.0FDC85D955747547727011D182B9DC15.d.CDB8DE80873DE5B860C688A80E182033.e.19096/click - {}
RESULT: {}
COMMAND: POST /session/4aedcc6e4741b2a879631080b602cb58/execute/async - {"script":"<script> [1562 bytes]","args":[{"selector":{"id":"application-managehandovers-display-component---AddNewHO--dueDate","interaction":{"idSuffix":"inner"}},"wdio_ui5_key":"applicationmanagehandovers-display-component---AddNewHO--dueDate"}]}
COMMAND: GET /session/4aedcc6e4741b2a879631080b602cb58/screenshot - {}
RESULT: {"script":"<script> [1562 bytes]","args":[{"selector":{"id":"application-managehandovers-display-component---AddNewHO--dueDate","interaction":{"idSuffix":"inner"}},"wdio_ui5_key":"applicationmanagehandovers-display-component---AddNewHO--dueDate"}]}
RESULT: undefined
COMMAND: POST /session/4aedcc6e4741b2a879631080b602cb58/execute/async - {"script":"<script> [776 bytes]","args":[{"enterText":"05/20/25","selector":{"id":"application-managehandovers-display-component---AddNewHO--dueDate","interaction":{"idSuffix":"inner"}},"clearTextFirst":true,"interactionType":"ENTER_TEXT"}]}
RESULT: {}
RESULT: {"script":"<script> [776 bytes]","args":[{"enterText":"05/20/25","selector":{"id":"application-managehandovers-display-component---AddNewHO--dueDate","interaction":{"idSuffix":"inner"}},"clearTextFirst":true,"interactionType":"ENTER_TEXT"}]}
COMMAND: POST /session/4aedcc6e4741b2a879631080b602cb58/element - {"using":"xpath","value":"//bdi[contains(@id ,\"application-managehandovers-display-component---AddNewHO--ObjectPageLayout-anchBar-application-managehandovers-display-component---AddNewHO--section4-anchor-BDI-content\")]"}
RESULT: {"using":"xpath","value":"//bdi[contains(@id ,\"application-managehandovers-display-component---AddNewHO--ObjectPageLayout-anchBar-application-managehandovers-display-component---AddNewHO--section4-anchor-BDI-content\")]"}
COMMAND: POST /session/4aedcc6e4741b2a879631080b602cb58/element/f.0FDC85D955747547727011D182B9DC15.d.CDB8DE80873DE5B860C688A80E182033.e.19550/click - {}
RESULT: {}
COMMAND: GET /session/4aedcc6e4741b2a879631080b602cb58/screenshot - {}
RESULT: {}
COMMAND: POST /session/4aedcc6e4741b2a879631080b602cb58/element - {"using":"xpath","value":"//button[contains(@data-kt ,\"AddNewHOProvideAddItemsButton\")]"}
RESULT: {"using":"xpath","value":"//button[contains(@data-kt ,\"AddNewHOProvideAddItemsButton\")]"}
COMMAND: POST /session/4aedcc6e4741b2a879631080b602cb58/element/f.0FDC85D955747547727011D182B9DC15.d.CDB8DE80873DE5B860C688A80E182033.e.19356/click - {}
RESULT: {}
COMMAND: GET /session/4aedcc6e4741b2a879631080b602cb58/screenshot - {}
RESULT: {}
COMMAND: POST /session/4aedcc6e4741b2a879631080b602cb58/execute/async - {"script":"<script> [1562 bytes]","args":[{"selector":{"id":"application-managehandovers-display-component---AddNewHO--popup-sa","searchOpenDialogs":true,"interaction":{"idSuffix":"CbBg"}},"wdio_ui5_key":"applicationmanagehandovers-display-component---AddNewHO--popup-sa"}]}
RESULT: {"script":"<script> [1562 bytes]","args":[{"selector":{"id":"application-managehandovers-display-component---AddNewHO--popup-sa","searchOpenDialogs":true,"interaction":{"idSuffix":"CbBg"}},"wdio_ui5_key":"applicationmanagehandovers-display-component---AddNewHO--popup-sa"}]}
RESULT: undefined
COMMAND: POST /session/4aedcc6e4741b2a879631080b602cb58/element - {"using":"xpath","value":"//*[@id=\"application-managehandovers-display-component---AddNewHO--popup-sa\"]"}
RESULT: {"using":"xpath","value":"//*[@id=\"application-managehandovers-display-component---AddNewHO--popup-sa\"]"}
COMMAND: POST /session/4aedcc6e4741b2a879631080b602cb58/element/f.0FDC85D955747547727011D182B9DC15.d.CDB8DE80873DE5B860C688A80E182033.e.19563/click - {}
RESULT: {}
COMMAND: POST /session/4aedcc6e4741b2a879631080b602cb58/execute/async - {"script":"<script> [1562 bytes]","args":[{"selector":{"controlType":"sap.m.Button","viewName":"etm.portal.ui.managehandovers.view.AddNewHO","viewId":"application-managehandovers-display-component---AddNewHO","i18NText":{"propertyName":"text","key":"select"},"searchOpenDialogs":true,"interaction":{"idSuffix":"BDI-content"}},"wdio_ui5_key":"etmportal.ui.managehandovers.view.AddNewHOsap.m.Button{\"propertyName\":\"text\",\"key\":\"select\"}"}]}
COMMAND: GET /session/4aedcc6e4741b2a879631080b602cb58/screenshot - {}
RESULT: {"script":"<script> [1562 bytes]","args":[{"selector":{"controlType":"sap.m.Button","viewName":"etm.portal.ui.managehandovers.view.AddNewHO","viewId":"application-managehandovers-display-component---AddNewHO","i18NText":{"propertyName":"text","key":"select"},"searchOpenDialogs":true,"interaction":{"idSuffix":"BDI-content"}},"wdio_ui5_key":"etmportal.ui.managehandovers.view.AddNewHOsap.m.Button{\"propertyName\":\"text\",\"key\":\"select\"}"}]}
RESULT: undefined
COMMAND: POST /session/4aedcc6e4741b2a879631080b602cb58/element - {"using":"xpath","value":"//*[@id=\"__button56\"]"}
RESULT: {}
RESULT: {"using":"xpath","value":"//*[@id=\"__button56\"]"}
COMMAND: POST /session/4aedcc6e4741b2a879631080b602cb58/element/f.0FDC85D955747547727011D182B9DC15.d.CDB8DE80873DE5B860C688A80E182033.e.19565/click - {}
RESULT: {}
COMMAND: GET /session/4aedcc6e4741b2a879631080b602cb58/screenshot - {}
RESULT: {}
COMMAND: POST /session/4aedcc6e4741b2a879631080b602cb58/execute/async - {"script":"<script> [1562 bytes]","args":[{"selector":{"id":"application-managehandovers-display-component---AddNewHO--confirmCreationButton","interaction":{"idSuffix":"BDI-content"}},"wdio_ui5_key":"applicationmanagehandovers-display-component---AddNewHO--confirmCreationButton"}]}
RESULT: {"script":"<script> [1562 bytes]","args":[{"selector":{"id":"application-managehandovers-display-component---AddNewHO--confirmCreationButton","interaction":{"idSuffix":"BDI-content"}},"wdio_ui5_key":"applicationmanagehandovers-display-component---AddNewHO--confirmCreationButton"}]}
RESULT: undefined
COMMAND: POST /session/4aedcc6e4741b2a879631080b602cb58/element - {"using":"xpath","value":"//*[@id=\"application-managehandovers-display-component---AddNewHO--confirmCreationButton\"]"}
RESULT: {"using":"xpath","value":"//*[@id=\"application-managehandovers-display-component---AddNewHO--confirmCreationButton\"]"}
COMMAND: POST /session/4aedcc6e4741b2a879631080b602cb58/element/f.0FDC85D955747547727011D182B9DC15.d.CDB8DE80873DE5B860C688A80E182033.e.19363/click - {}
RESULT: {}
COMMAND: GET /session/4aedcc6e4741b2a879631080b602cb58/screenshot - {}
RESULT: {}
COMMAND: POST /session/4aedcc6e4741b2a879631080b602cb58/execute/async - {"script":"<script> [1562 bytes]","args":[{"selector":{"controlType":"sap.m.Text","viewName":"etm.portal.ui.managehandovers.view.DetailExecuteHO","bindingPath":{"propertyPath":"NO","modelName":"catalogModel"}},"wdio_ui5_key":"etmportal.ui.managehandovers.view.DetailExecuteHOsap.m.Text{\"propertyPath\":\"NO\",\"modelName\":\"catalogModel\"}"}]}
RESULT: {"script":"<script> [1562 bytes]","args":[{"selector":{"controlType":"sap.m.Text","viewName":"etm.portal.ui.managehandovers.view.DetailExecuteHO","bindingPath":{"propertyPath":"NO","modelName":"catalogModel"}},"wdio_ui5_key":"etmportal.ui.managehandovers.view.DetailExecuteHOsap.m.Text{\"propertyPath\":\"NO\",\"modelName\":\"catalogModel\"}"}]}
RESULT: undefined
COMMAND: POST /session/4aedcc6e4741b2a879631080b602cb58/execute/async - {"script":"<script> [6424 bytes]","args":[{"element-6066-11e4-a52e-4f735466cecf":"f.0FDC85D955747547727011D182B9DC15.d.CDB8DE80873DE5B860C688A80E182033.e.19603"},"getText",[]]}
RESULT: {"script":"<script> [6424 bytes]","args":[{"element-6066-11e4-a52e-4f735466cecf":"f.0FDC85D955747547727011D182B9DC15.d.CDB8DE80873DE5B860C688A80E182033.e.19603"},"getText",[]]}
COMMAND: POST /session/4aedcc6e4741b2a879631080b602cb58/element - {"using":"xpath","value":"//a[contains(@data-kt ,\"GeneralSectionSendContractLink\")]"}
RESULT: {"using":"xpath","value":"//a[contains(@data-kt ,\"GeneralSectionSendContractLink\")]"}
COMMAND: POST /session/4aedcc6e4741b2a879631080b602cb58/element/f.0FDC85D955747547727011D182B9DC15.d.CDB8DE80873DE5B860C688A80E182033.e.19604/click - {}
RESULT: {}
COMMAND: GET /session/4aedcc6e4741b2a879631080b602cb58/screenshot - {}
RESULT: {}
COMMAND: POST /session/4aedcc6e4741b2a879631080b602cb58/element - {"using":"xpath","value":"//a[contains(@data-kt ,\"ContextMenuId2Link\")]"}
RESULT: {"using":"xpath","value":"//a[contains(@data-kt ,\"ContextMenuId2Link\")]"}
COMMAND: POST /session/4aedcc6e4741b2a879631080b602cb58/elements - {"using":"xpath","value":"//a[contains(@data-kt ,\"ContextMenuId2Link\")]"}
RESULT: {"using":"xpath","value":"//a[contains(@data-kt ,\"ContextMenuId2Link\")]"}
COMMAND: POST /session/4aedcc6e4741b2a879631080b602cb58/element/f.0FDC85D955747547727011D182B9DC15.d.CDB8DE80873DE5B860C688A80E182033.e.19606/click - {}
RESULT: {}
COMMAND: GET /session/4aedcc6e4741b2a879631080b602cb58/screenshot - {}
COMMAND: POST /session/4aedcc6e4741b2a879631080b602cb58/execute/async - {"script":"<script> [1562 bytes]","args":[{"selector":{"controlType":"sap.m.Link","viewName":"etm.portal.ui.managehandovers.view.DetailExecuteHO","properties":{"text":"Contract Overview"},"searchOpenDialogs":true},"wdio_ui5_key":"etmportal.ui.managehandovers.view.DetailExecuteHOsap.m.Link{\"text\":\"Contract Overview\"}"}]}
RESULT: {}
RESULT: {"script":"<script> [1562 bytes]","args":[{"selector":{"controlType":"sap.m.Link","viewName":"etm.portal.ui.managehandovers.view.DetailExecuteHO","properties":{"text":"Contract Overview"},"searchOpenDialogs":true},"wdio_ui5_key":"etmportal.ui.managehandovers.view.DetailExecuteHOsap.m.Link{\"text\":\"Contract Overview\"}"}]}
RESULT: undefined
RESULT: undefined
COMMAND: POST /session/4aedcc6e4741b2a879631080b602cb58/execute/async - {"script":"<script> [6424 bytes]","args":[{"element-6066-11e4-a52e-4f735466cecf":"f.0FDC85D955747547727011D182B9DC15.d.CDB8DE80873DE5B860C688A80E182033.e.19239"},"getText",[]]}
COMMAND: POST /session/4aedcc6e4741b2a879631080b602cb58/execute/async - {"script":"<script> [1562 bytes]","args":[{"selector":{"controlType":"sap.m.ObjectStatus","viewName":"etm.portal.ui.managecontracts.view.Detail","bindingPath":{"propertyPath":"LINK_TO_LOGISTICAL_STATUS/DESCRIPTION","modelName":"catalogModel"}},"wdio_ui5_key":"etmportal.ui.managecontracts.view.Detailsap.m.ObjectStatus{\"propertyPath\":\"LINK_TO_LOGISTICAL_STATUS/DESCRIPTION\",\"modelName\":\"catalogModel\"}"}]}
RESULT: {"script":"<script> [1562 bytes]","args":[{"selector":{"controlType":"sap.m.ObjectStatus","viewName":"etm.portal.ui.managecontracts.view.Detail","bindingPath":{"propertyPath":"LINK_TO_LOGISTICAL_STATUS/DESCRIPTION","modelName":"catalogModel"}},"wdio_ui5_key":"etmportal.ui.managecontracts.view.Detailsap.m.ObjectStatus{\"propertyPath\":\"LINK_TO_LOGISTICAL_STATUS/DESCRIPTION\",\"modelName\":\"catalogModel\"}"}]}
COMMAND: POST /session/4aedcc6e4741b2a879631080b602cb58/execute/async - {"script":"<script> [6424 bytes]","args":[{"element-6066-11e4-a52e-4f735466cecf":"f.0FDC85D955747547727011D182B9DC15.d.CDB8DE80873DE5B860C688A80E182033.e.19841"},"getText",[]]}
RESULT: {"script":"<script> [6424 bytes]","args":[{"element-6066-11e4-a52e-4f735466cecf":"f.0FDC85D955747547727011D182B9DC15.d.CDB8DE80873DE5B860C688A80E182033.e.19841"},"getText",[]]}
RESULT: undefined
COMMAND: POST /session/4aedcc6e4741b2a879631080b602cb58/execute/async - {"script":"<script> [6424 bytes]","args":[{"element-6066-11e4-a52e-4f735466cecf":"f.0FDC85D955747547727011D182B9DC15.d.CDB8DE80873DE5B860C688A80E182033.e.19242"},"getText",[]]}
COMMAND: POST /session/4aedcc6e4741b2a879631080b602cb58/execute/async - {"script":"<script> [1562 bytes]","args":[{"selector":{"controlType":"sap.m.ObjectStatus","viewName":"etm.portal.ui.managecontracts.view.Detail","bindingPath":{"propertyPath":"LINK_TO_COMMERCIAL_STATUS/DESCRIPTION","modelName":"catalogModel"}},"wdio_ui5_key":"etmportal.ui.managecontracts.view.Detailsap.m.ObjectStatus{\"propertyPath\":\"LINK_TO_COMMERCIAL_STATUS/DESCRIPTION\",\"modelName\":\"catalogModel\"}"}]}
RESULT: {"script":"<script> [1562 bytes]","args":[{"selector":{"controlType":"sap.m.ObjectStatus","viewName":"etm.portal.ui.managecontracts.view.Detail","bindingPath":{"propertyPath":"LINK_TO_COMMERCIAL_STATUS/DESCRIPTION","modelName":"catalogModel"}},"wdio_ui5_key":"etmportal.ui.managecontracts.view.Detailsap.m.ObjectStatus{\"propertyPath\":\"LINK_TO_COMMERCIAL_STATUS/DESCRIPTION\",\"modelName\":\"catalogModel\"}"}]}
COMMAND: POST /session/4aedcc6e4741b2a879631080b602cb58/execute/async - {"script":"<script> [6424 bytes]","args":[{"element-6066-11e4-a52e-4f735466cecf":"f.0FDC85D955747547727011D182B9DC15.d.CDB8DE80873DE5B860C688A80E182033.e.19842"},"getText",[]]}
RESULT: {"script":"<script> [6424 bytes]","args":[{"element-6066-11e4-a52e-4f735466cecf":"f.0FDC85D955747547727011D182B9DC15.d.CDB8DE80873DE5B860C688A80E182033.e.19842"},"getText",[]]}
COMMAND: POST /session/4aedcc6e4741b2a879631080b602cb58/execute/async - {"script":"<script> [1562 bytes]","args":[{"selector":{"id":"backBtn"},"wdio_ui5_key":"backBtn"}]}
RESULT: {"script":"<script> [1562 bytes]","args":[{"selector":{"id":"backBtn"},"wdio_ui5_key":"backBtn"}]}
RESULT: undefined
COMMAND: POST /session/4aedcc6e4741b2a879631080b602cb58/element - {"using":"xpath","value":"//*[@id=\"backBtn\"]"}
RESULT: {"using":"xpath","value":"//*[@id=\"backBtn\"]"}
COMMAND: POST /session/4aedcc6e4741b2a879631080b602cb58/element/f.0FDC85D955747547727011D182B9DC15.d.CDB8DE80873DE5B860C688A80E182033.e.19843/click - {}
RESULT: {}
COMMAND: GET /session/4aedcc6e4741b2a879631080b602cb58/screenshot - {}
RESULT: {}
COMMAND: POST /session/4aedcc6e4741b2a879631080b602cb58/element - {"using":"xpath","value":"//input[contains(@id ,\"issueDatePicker-inner\")]"}
RESULT: {"using":"xpath","value":"//input[contains(@id ,\"issueDatePicker-inner\")]"}
COMMAND: GET /session/4aedcc6e4741b2a879631080b602cb58/element/f.0FDC85D955747547727011D182B9DC15.d.CDB8DE80873DE5B860C688A80E182033.e.19964/property/value - {}
RESULT: {}
COMMAND: POST /session/4aedcc6e4741b2a879631080b602cb58/element/f.0FDC85D955747547727011D182B9DC15.d.CDB8DE80873DE5B860C688A80E182033.e.19964/clear - {}
COMMAND: GET /session/4aedcc6e4741b2a879631080b602cb58/screenshot - {}
RESULT: {}
COMMAND: POST /session/4aedcc6e4741b2a879631080b602cb58/element/f.0FDC85D955747547727011D182B9DC15.d.CDB8DE80873DE5B860C688A80E182033.e.19964/value - {"text":"05/20/25"}
COMMAND: GET /session/4aedcc6e4741b2a879631080b602cb58/screenshot - {}
RESULT: {}
RESULT: {"text":"05/20/25"}
COMMAND: GET /session/4aedcc6e4741b2a879631080b602cb58/screenshot - {}
RESULT: {}
RESULT: {}
COMMAND: POST /session/4aedcc6e4741b2a879631080b602cb58/execute/async - {"script":"<script> [1562 bytes]","args":[{"selector":{"controlType":"sap.m.Button","viewName":"etm.portal.ui.managehandovers.view.DetailExecuteHO","i18NText":{"propertyName":"text","key":"confirmAll"},"interaction":{"idSuffix":"inner"}},"wdio_ui5_key":"etmportal.ui.managehandovers.view.DetailExecuteHOsap.m.Button{\"propertyName\":\"text\",\"key\":\"confirmAll\"}"}]}
RESULT: {"script":"<script> [1562 bytes]","args":[{"selector":{"controlType":"sap.m.Button","viewName":"etm.portal.ui.managehandovers.view.DetailExecuteHO","i18NText":{"propertyName":"text","key":"confirmAll"},"interaction":{"idSuffix":"inner"}},"wdio_ui5_key":"etmportal.ui.managehandovers.view.DetailExecuteHOsap.m.Button{\"propertyName\":\"text\",\"key\":\"confirmAll\"}"}]}
RESULT: undefined
COMMAND: POST /session/4aedcc6e4741b2a879631080b602cb58/element - {"using":"xpath","value":"//*[@id=\"__button136\"]"}
RESULT: {"using":"xpath","value":"//*[@id=\"__button136\"]"}
COMMAND: POST /session/4aedcc6e4741b2a879631080b602cb58/element/f.0FDC85D955747547727011D182B9DC15.d.CDB8DE80873DE5B860C688A80E182033.e.19988/click - {}
RESULT: {}
COMMAND: GET /session/4aedcc6e4741b2a879631080b602cb58/screenshot - {}
RESULT: {}
COMMAND: POST /session/4aedcc6e4741b2a879631080b602cb58/actions - {"actions":[{"id":"action86","type":"key","parameters":{},"actions":[{"type":"keyDown","value":"î€‡"},{"type":"pause","duration":10},{"type":"keyUp","value":"î€‡"}]}]}
RESULT: {"actions":[{"id":"action86","type":"key","parameters":{},"actions":[{"type":"keyDown","value":"î€‡"},{"type":"pause","duration":10},{"type":"keyUp","value":"î€‡"}]}]}
COMMAND: GET /session/4aedcc6e4741b2a879631080b602cb58/screenshot - {}
RESULT: {}
RESULT: undefined
COMMAND: POST /session/4aedcc6e4741b2a879631080b602cb58/element - {"using":"xpath","value":"//*[@id=\"__button136\"]"}
RESULT: {"using":"xpath","value":"//*[@id=\"__button136\"]"}
COMMAND: POST /session/4aedcc6e4741b2a879631080b602cb58/element/f.0FDC85D955747547727011D182B9DC15.d.CDB8DE80873DE5B860C688A80E182033.e.19988/click - {}
RESULT: {}
COMMAND: GET /session/4aedcc6e4741b2a879631080b602cb58/screenshot - {}
RESULT: {}
COMMAND: POST /session/4aedcc6e4741b2a879631080b602cb58/execute/async - {"script":"<script> [1562 bytes]","args":[{"selector":{"controlType":"sap.m.Button","properties":{"text":"OK"},"searchOpenDialogs":true,"interaction":{"idSuffix":"content"}},"wdio_ui5_key":"sapm.Button{\"text\":\"OK\"}"}]}
RESULT: {"script":"<script> [1562 bytes]","args":[{"selector":{"controlType":"sap.m.Button","properties":{"text":"OK"},"searchOpenDialogs":true,"interaction":{"idSuffix":"content"}},"wdio_ui5_key":"sapm.Button{\"text\":\"OK\"}"}]}
RESULT: undefined
COMMAND: POST /session/4aedcc6e4741b2a879631080b602cb58/element - {"using":"xpath","value":"//*[@id=\"__mbox-btn-2\"]"}
RESULT: {"using":"xpath","value":"//*[@id=\"__mbox-btn-2\"]"}
COMMAND: POST /session/4aedcc6e4741b2a879631080b602cb58/element/f.0FDC85D955747547727011D182B9DC15.d.CDB8DE80873DE5B860C688A80E182033.e.19997/click - {}
RESULT: {}
COMMAND: GET /session/4aedcc6e4741b2a879631080b602cb58/screenshot - {}
RESULT: {}
COMMAND: POST /session/4aedcc6e4741b2a879631080b602cb58/element - {"using":"xpath","value":"//button[contains(@data-kt ,\"execHoIssueFooterButton\")]"}
RESULT: {"using":"xpath","value":"//button[contains(@data-kt ,\"execHoIssueFooterButton\")]"}
COMMAND: POST /session/4aedcc6e4741b2a879631080b602cb58/element/f.0FDC85D955747547727011D182B9DC15.d.CDB8DE80873DE5B860C688A80E182033.e.20001/click - {}
RESULT: {}
COMMAND: GET /session/4aedcc6e4741b2a879631080b602cb58/screenshot - {}
RESULT: {}
COMMAND: POST /session/4aedcc6e4741b2a879631080b602cb58/refresh - {}
RESULT: {}
COMMAND: GET /session/4aedcc6e4741b2a879631080b602cb58/screenshot - {}
RESULT: {}
COMMAND: POST /session/4aedcc6e4741b2a879631080b602cb58/refresh - {}
RESULT: {}
COMMAND: GET /session/4aedcc6e4741b2a879631080b602cb58/screenshot - {}
RESULT: {}
COMMAND: POST /session/4aedcc6e4741b2a879631080b602cb58/window/fullscreen - {}
RESULT: {}
COMMAND: POST /session/4aedcc6e4741b2a879631080b602cb58/execute/async - {"script":"<script> [189 bytes]","args":[]}
RESULT: {"script":"<script> [189 bytes]","args":[]}
COMMAND: POST /session/4aedcc6e4741b2a879631080b602cb58/execute/async - {"script":"<script> [123 bytes]","args":[]}
RESULT: {"script":"<script> [123 bytes]","args":[]}
COMMAND: POST /session/4aedcc6e4741b2a879631080b602cb58/timeouts - {"script":"<number>"}
RESULT: {"script":"<number>"}
COMMAND: GET /session/4aedcc6e4741b2a879631080b602cb58/timeouts - {}
RESULT: {}
RESULT: undefined
COMMAND: POST /session/4aedcc6e4741b2a879631080b602cb58/execute/async - {"script":"<script> [2676 bytes]","args":[]}
RESULT: {"script":"<script> [2676 bytes]","args":[]}
COMMAND: POST /session/4aedcc6e4741b2a879631080b602cb58/execute/async - {"script":"<script> [2342 bytes]","args":[{"protocol":"http","hostname":"0.0.0.0","path":"/","capabilities":{"browserName":"chrome","goog:chromeOptions":{"binary":"C:\\Program Files\\Google\\Chrome\\Application\\chrome.exe","args":["--start-maximized"]}},"logLevel":"warn","connectionRetryTimeout":120000,"connectionRetryCount":3,"logLevels":{},"enableDirectConnect":true,"strictSSL":true,"_":"65 more keys: [\"cacheDir\",\"port\",\"requestedCapabilities\",\"automationProtocol\",\"baseUrl\",\"waitforInterval\",\"waitforTimeout\",\"onReload\",\"beforeCommand\",\"afterCommand\",\"rootDir\",\"specs\",\"suites\",\"exclude\",\"groupLogsByTestSpec\",\"excludeDriverLogs\",\"bail\",\"framework\",\"reporters\",\"services\",\"maxInstances\",\"maxInstancesPerCapability\",\"injectGlobals\",\"filesToWatch\",\"execArgv\",\"runnerEnv\",\"runner\",\"shard\",\"specFileRetries\",\"specFileRetriesDelay\",\"specFileRetriesDeferred\",\"reporterSyncInterval\",\"reporterSyncTimeout\",\"cucumberFeaturesWithLineNumbers\",\"autoCompileOpts\",\"mochaOpts\",\"jasmineOpts\",\"cucumberOpts\",\"onPrepare\",\"onWorkerStart\",\"onWorkerEnd\",\"before\",\"beforeSession\",\"beforeSuite\",\"beforeHook\",\"beforeTest\",\"afterTest\",\"afterHook\",\"afterSuite\",\"afterSession\",\"after\",\"onComplete\",\"beforeAssertion\",\"afterAssertion\",\"beforeFeature\",\"beforeScenario\",\"beforeStep\",\"afterStep\",\"afterScenario\",\"afterFeature\",\"_\",\"suite\",\"$0\",\"ignoredWorkerServices\",\"wdi5\"]"}]}
RESULT: {"script":"<script> [2342 bytes]","args":[{"protocol":"http","hostname":"0.0.0.0","path":"/","capabilities":{"browserName":"chrome","goog:chromeOptions":{"binary":"C:\\Program Files\\Google\\Chrome\\Application\\chrome.exe","args":["--start-maximized"]}},"logLevel":"warn","connectionRetryTimeout":120000,"connectionRetryCount":3,"logLevels":{},"enableDirectConnect":true,"strictSSL":true,"_":"65 more keys: [\"cacheDir\",\"port\",\"requestedCapabilities\",\"automationProtocol\",\"baseUrl\",\"waitforInterval\",\"waitforTimeout\",\"onReload\",\"beforeCommand\",\"afterCommand\",\"rootDir\",\"specs\",\"suites\",\"exclude\",\"groupLogsByTestSpec\",\"excludeDriverLogs\",\"bail\",\"framework\",\"reporters\",\"services\",\"maxInstances\",\"maxInstancesPerCapability\",\"injectGlobals\",\"filesToWatch\",\"execArgv\",\"runnerEnv\",\"runner\",\"shard\",\"specFileRetries\",\"specFileRetriesDelay\",\"specFileRetriesDeferred\",\"reporterSyncInterval\",\"reporterSyncTimeout\",\"cucumberFeaturesWithLineNumbers\",\"autoCompileOpts\",\"mochaOpts\",\"jasmineOpts\",\"cucumberOpts\",\"onPrepare\",\"onWorkerStart\",\"onWorkerEnd\",\"before\",\"beforeSession\",\"beforeSuite\",\"beforeHook\",\"beforeTest\",\"afterTest\",\"afterHook\",\"afterSuite\",\"afterSession\",\"after\",\"onComplete\",\"beforeAssertion\",\"afterAssertion\",\"beforeFeature\",\"beforeScenario\",\"beforeStep\",\"afterStep\",\"afterScenario\",\"afterFeature\",\"_\",\"suite\",\"$0\",\"ignoredWorkerServices\",\"wdi5\"]"}]}
COMMAND: POST /session/4aedcc6e4741b2a879631080b602cb58/execute/async - {"script":"<script> [21126 bytes]","args":[35000]}
RESULT: {"script":"<script> [21126 bytes]","args":[35000]}
COMMAND: POST /session/4aedcc6e4741b2a879631080b602cb58/execute/async - {"script":"<script> [1562 bytes]","args":[{"selector":{"controlType":"sap.m.SearchField","viewName":"etm.portal.ui.managehandovers.view.MasterHO","bindingPath":{"path":"","propertyPath":"/_BASIC_SEARCH_FIELD","modelName":"fi1t3rM0d31"},"interaction":{"idSuffix":"I"}},"wdio_ui5_key":"etmportal.ui.managehandovers.view.MasterHOsap.m.SearchField{\"path\":\"\",\"propertyPath\":\"/_BASIC_SEARCH_FIELD\",\"modelName\":\"fi1t3rM0d31\"}"}]}
RESULT: {"script":"<script> [1562 bytes]","args":[{"selector":{"controlType":"sap.m.SearchField","viewName":"etm.portal.ui.managehandovers.view.MasterHO","bindingPath":{"path":"","propertyPath":"/_BASIC_SEARCH_FIELD","modelName":"fi1t3rM0d31"},"interaction":{"idSuffix":"I"}},"wdio_ui5_key":"etmportal.ui.managehandovers.view.MasterHOsap.m.SearchField{\"path\":\"\",\"propertyPath\":\"/_BASIC_SEARCH_FIELD\",\"modelName\":\"fi1t3rM0d31\"}"}]}
RESULT: undefined
COMMAND: POST /session/4aedcc6e4741b2a879631080b602cb58/execute/async - {"script":"<script> [776 bytes]","args":[{"enterText":"30886","selector":{"controlType":"sap.m.SearchField","viewName":"etm.portal.ui.managehandovers.view.MasterHO","bindingPath":{"path":"","propertyPath":"/_BASIC_SEARCH_FIELD","modelName":"fi1t3rM0d31"},"interaction":{"idSuffix":"I"}},"clearTextFirst":true,"interactionType":"ENTER_TEXT"}]}
RESULT: {"script":"<script> [776 bytes]","args":[{"enterText":"30886","selector":{"controlType":"sap.m.SearchField","viewName":"etm.portal.ui.managehandovers.view.MasterHO","bindingPath":{"path":"","propertyPath":"/_BASIC_SEARCH_FIELD","modelName":"fi1t3rM0d31"},"interaction":{"idSuffix":"I"}},"clearTextFirst":true,"interactionType":"ENTER_TEXT"}]}
COMMAND: POST /session/4aedcc6e4741b2a879631080b602cb58/actions - {"actions":[{"id":"action87","type":"key","parameters":{},"actions":[{"type":"keyDown","value":"î€‡"},{"type":"pause","duration":10},{"type":"keyUp","value":"î€‡"}]}]}
RESULT: {"actions":[{"id":"action87","type":"key","parameters":{},"actions":[{"type":"keyDown","value":"î€‡"},{"type":"pause","duration":10},{"type":"keyUp","value":"î€‡"}]}]}
COMMAND: GET /session/4aedcc6e4741b2a879631080b602cb58/screenshot - {}
RESULT: {}
COMMAND: POST /session/4aedcc6e4741b2a879631080b602cb58/execute/async - {"script":"<script> [1562 bytes]","args":[{"selector":{"controlType":"sap.m.Title","viewName":"etm.portal.ui.managehandovers.view.MasterHO","properties":{"text":"Records (1)"}},"wdio_ui5_key":"etmportal.ui.managehandovers.view.MasterHOsap.m.Title{\"text\":\"Records (1)\"}"}]}
RESULT: {"script":"<script> [1562 bytes]","args":[{"selector":{"controlType":"sap.m.Title","viewName":"etm.portal.ui.managehandovers.view.MasterHO","properties":{"text":"Records (1)"}},"wdio_ui5_key":"etmportal.ui.managehandovers.view.MasterHOsap.m.Title{\"text\":\"Records (1)\"}"}]}
RESULT: undefined
COMMAND: POST /session/4aedcc6e4741b2a879631080b602cb58/execute/async - {"script":"<script> [6424 bytes]","args":[{"element-6066-11e4-a52e-4f735466cecf":"f.0FDC85D955747547727011D182B9DC15.d.C7F489F1048377738331CFE39EAE9264.e.20436"},"getText",[]]}
RESULT: {"script":"<script> [6424 bytes]","args":[{"element-6066-11e4-a52e-4f735466cecf":"f.0FDC85D955747547727011D182B9DC15.d.C7F489F1048377738331CFE39EAE9264.e.20436"},"getText",[]]}
COMMAND: POST /session/4aedcc6e4741b2a879631080b602cb58/execute/async - {"script":"<script> [1562 bytes]","args":[{"selector":{"controlType":"sap.ui.core.Icon","viewName":"etm.portal.ui.managehandovers.view.MasterHO","properties":{"src":{"regex":{"source":"slim\\-arrow\\-right"}}}},"wdio_ui5_key":"etmportal.ui.managehandovers.view.MasterHOsap.ui.core.Icon{\"src\":{\"regex\":{\"source\":\"slim\\\\-arrow\\\\-right\"}}}"}]}
RESULT: {"script":"<script> [1562 bytes]","args":[{"selector":{"controlType":"sap.ui.core.Icon","viewName":"etm.portal.ui.managehandovers.view.MasterHO","properties":{"src":{"regex":{"source":"slim\\-arrow\\-right"}}}},"wdio_ui5_key":"etmportal.ui.managehandovers.view.MasterHOsap.ui.core.Icon{\"src\":{\"regex\":{\"source\":\"slim\\\\-arrow\\\\-right\"}}}"}]}
RESULT: undefined
COMMAND: POST /session/4aedcc6e4741b2a879631080b602cb58/element - {"using":"xpath","value":"//*[@id=\"__item27-__clone17-imgNav\"]"}
RESULT: {"using":"xpath","value":"//*[@id=\"__item27-__clone17-imgNav\"]"}
COMMAND: POST /session/4aedcc6e4741b2a879631080b602cb58/element/f.0FDC85D955747547727011D182B9DC15.d.C7F489F1048377738331CFE39EAE9264.e.20435/click - {}
RESULT: {}
COMMAND: GET /session/4aedcc6e4741b2a879631080b602cb58/screenshot - {}
RESULT: {}
COMMAND: POST /session/4aedcc6e4741b2a879631080b602cb58/execute/async - {"script":"<script> [1562 bytes]","args":[{"selector":{"controlType":"sap.m.ObjectStatus","viewName":"etm.portal.ui.managehandovers.view.DetailManageHO","viewId":"application-managehandovers-display-component---detailManageHO","labelFor":{"text":"Status"}},"wdio_ui5_key":"etmportal.ui.managehandovers.view.DetailManageHOsap.m.ObjectStatus{\"text\":\"Status\"}"}]}
RESULT: {"script":"<script> [1562 bytes]","args":[{"selector":{"controlType":"sap.m.ObjectStatus","viewName":"etm.portal.ui.managehandovers.view.DetailManageHO","viewId":"application-managehandovers-display-component---detailManageHO","labelFor":{"text":"Status"}},"wdio_ui5_key":"etmportal.ui.managehandovers.view.DetailManageHOsap.m.ObjectStatus{\"text\":\"Status\"}"}]}
RESULT: undefined
COMMAND: POST /session/4aedcc6e4741b2a879631080b602cb58/execute/async - {"script":"<script> [6424 bytes]","args":[{"element-6066-11e4-a52e-4f735466cecf":"f.0FDC85D955747547727011D182B9DC15.d.C7F489F1048377738331CFE39EAE9264.e.20517"},"getText",[]]}
RESULT: {"script":"<script> [6424 bytes]","args":[{"element-6066-11e4-a52e-4f735466cecf":"f.0FDC85D955747547727011D182B9DC15.d.C7F489F1048377738331CFE39EAE9264.e.20517"},"getText",[]]}
COMMAND: POST /session/4aedcc6e4741b2a879631080b602cb58/element - {"using":"xpath","value":"//a[contains(@data-kt ,\"GeneralSectionSendContractLink\")]"}
RESULT: {"using":"xpath","value":"//a[contains(@data-kt ,\"GeneralSectionSendContractLink\")]"}
COMMAND: POST /session/4aedcc6e4741b2a879631080b602cb58/element/f.0FDC85D955747547727011D182B9DC15.d.C7F489F1048377738331CFE39EAE9264.e.20518/click - {}
RESULT: {}
COMMAND: GET /session/4aedcc6e4741b2a879631080b602cb58/screenshot - {}
RESULT: {}
COMMAND: POST /session/4aedcc6e4741b2a879631080b602cb58/elements - {"using":"xpath","value":"//a[contains(@data-kt ,\"ContextMenuId2Link\")]"}
RESULT: {"using":"xpath","value":"//a[contains(@data-kt ,\"ContextMenuId2Link\")]"}
COMMAND: POST /session/4aedcc6e4741b2a879631080b602cb58/element/f.0FDC85D955747547727011D182B9DC15.d.CDB8DE80873DE5B860C688A80E182033.e.19606/click - {}
COMMAND: POST /session/4aedcc6e4741b2a879631080b602cb58/element - {"using":"xpath","value":"//a[contains(@data-kt ,\"ContextMenuId2Link\")]"}
RESULT: {"using":"xpath","value":"//a[contains(@data-kt ,\"ContextMenuId2Link\")]"}
COMMAND: POST /session/4aedcc6e4741b2a879631080b602cb58/element/f.0FDC85D955747547727011D182B9DC15.d.CDB8DE80873DE5B860C688A80E182033.e.19606/click - {}
COMMAND: POST /session/4aedcc6e4741b2a879631080b602cb58/element - {"using":"xpath","value":"//a[contains(@data-kt ,\"ContextMenuId2Link\")]"}
RESULT: {"using":"xpath","value":"//a[contains(@data-kt ,\"ContextMenuId2Link\")]"}
COMMAND: POST /session/4aedcc6e4741b2a879631080b602cb58/element/f.0FDC85D955747547727011D182B9DC15.d.C7F489F1048377738331CFE39EAE9264.e.20521/click - {}
RESULT: {}
COMMAND: GET /session/4aedcc6e4741b2a879631080b602cb58/screenshot - {}
RESULT: {}
COMMAND: POST /session/4aedcc6e4741b2a879631080b602cb58/execute/async - {"script":"<script> [1562 bytes]","args":[{"selector":{"controlType":"sap.m.ObjectStatus","viewName":"etm.portal.ui.managecontracts.view.Detail","bindingPath":{"propertyPath":"LINK_TO_COMMERCIAL_STATUS/DESCRIPTION","modelName":"catalogModel"}},"wdio_ui5_key":"etmportal.ui.managecontracts.view.Detailsap.m.ObjectStatus{\"propertyPath\":\"LINK_TO_COMMERCIAL_STATUS/DESCRIPTION\",\"modelName\":\"catalogModel\"}"}]}
RESULT: {"script":"<script> [1562 bytes]","args":[{"selector":{"controlType":"sap.m.ObjectStatus","viewName":"etm.portal.ui.managecontracts.view.Detail","bindingPath":{"propertyPath":"LINK_TO_COMMERCIAL_STATUS/DESCRIPTION","modelName":"catalogModel"}},"wdio_ui5_key":"etmportal.ui.managecontracts.view.Detailsap.m.ObjectStatus{\"propertyPath\":\"LINK_TO_COMMERCIAL_STATUS/DESCRIPTION\",\"modelName\":\"catalogModel\"}"}]}
RESULT: undefined
COMMAND: POST /session/4aedcc6e4741b2a879631080b602cb58/execute/async - {"script":"<script> [6424 bytes]","args":[{"element-6066-11e4-a52e-4f735466cecf":"f.0FDC85D955747547727011D182B9DC15.d.C7F489F1048377738331CFE39EAE9264.e.20752"},"getText",[]]}
RESULT: {"script":"<script> [6424 bytes]","args":[{"element-6066-11e4-a52e-4f735466cecf":"f.0FDC85D955747547727011D182B9DC15.d.C7F489F1048377738331CFE39EAE9264.e.20752"},"getText",[]]}
COMMAND: POST /session/4aedcc6e4741b2a879631080b602cb58/execute/async - {"script":"<script> [1562 bytes]","args":[{"selector":{"controlType":"sap.m.ObjectStatus","viewName":"etm.portal.ui.managecontracts.view.Detail","bindingPath":{"propertyPath":"LINK_TO_LOGISTICAL_STATUS/DESCRIPTION","modelName":"catalogModel"}},"wdio_ui5_key":"etmportal.ui.managecontracts.view.Detailsap.m.ObjectStatus{\"propertyPath\":\"LINK_TO_LOGISTICAL_STATUS/DESCRIPTION\",\"modelName\":\"catalogModel\"}"}]}
RESULT: {"script":"<script> [1562 bytes]","args":[{"selector":{"controlType":"sap.m.ObjectStatus","viewName":"etm.portal.ui.managecontracts.view.Detail","bindingPath":{"propertyPath":"LINK_TO_LOGISTICAL_STATUS/DESCRIPTION","modelName":"catalogModel"}},"wdio_ui5_key":"etmportal.ui.managecontracts.view.Detailsap.m.ObjectStatus{\"propertyPath\":\"LINK_TO_LOGISTICAL_STATUS/DESCRIPTION\",\"modelName\":\"catalogModel\"}"}]}
RESULT: undefined
COMMAND: POST /session/4aedcc6e4741b2a879631080b602cb58/execute/async - {"script":"<script> [6424 bytes]","args":[{"element-6066-11e4-a52e-4f735466cecf":"f.0FDC85D955747547727011D182B9DC15.d.C7F489F1048377738331CFE39EAE9264.e.20753"},"getText",[]]}
RESULT: {"script":"<script> [6424 bytes]","args":[{"element-6066-11e4-a52e-4f735466cecf":"f.0FDC85D955747547727011D182B9DC15.d.C7F489F1048377738331CFE39EAE9264.e.20753"},"getText",[]]}
COMMAND: POST /session/4aedcc6e4741b2a879631080b602cb58/element - {"using":"xpath","value":"//button[@data-kt=\"contractDetailEditBtnButton\"]"}
RESULT: {"using":"xpath","value":"//button[@data-kt=\"contractDetailEditBtnButton\"]"}
COMMAND: POST /session/4aedcc6e4741b2a879631080b602cb58/element/f.0FDC85D955747547727011D182B9DC15.d.C7F489F1048377738331CFE39EAE9264.e.20582/click - {}
RESULT: {}
COMMAND: GET /session/4aedcc6e4741b2a879631080b602cb58/screenshot - {}
RESULT: {}
COMMAND: POST /session/4aedcc6e4741b2a879631080b602cb58/element - {"using":"xpath","value":"(//span[contains(text(), \"Additional Addresses\")])[2]"}
RESULT: {"using":"xpath","value":"(//span[contains(text(), \"Additional Addresses\")])[2]"}
COMMAND: POST /session/4aedcc6e4741b2a879631080b602cb58/element/f.0FDC85D955747547727011D182B9DC15.d.C7F489F1048377738331CFE39EAE9264.e.20813/click - {}
RESULT: {}
COMMAND: GET /session/4aedcc6e4741b2a879631080b602cb58/screenshot - {}
RESULT: {}
COMMAND: POST /session/4aedcc6e4741b2a879631080b602cb58/element - {"using":"xpath","value":"//button[@data-kt=\"btnAddTableRowOverflowToolbarButton\"]"}
RESULT: {"using":"xpath","value":"//button[@data-kt=\"btnAddTableRowOverflowToolbarButton\"]"}
COMMAND: POST /session/4aedcc6e4741b2a879631080b602cb58/element/f.0FDC85D955747547727011D182B9DC15.d.C7F489F1048377738331CFE39EAE9264.e.20815/click - {}
RESULT: {}
COMMAND: GET /session/4aedcc6e4741b2a879631080b602cb58/screenshot - {}
RESULT: {}
COMMAND: POST /session/4aedcc6e4741b2a879631080b602cb58/element - {"using":"xpath","value":"//div[(text() = 'Standard Entry' or . = 'Standard Entry')]"}
RESULT: {"using":"xpath","value":"//div[(text() = 'Standard Entry' or . = 'Standard Entry')]"}
COMMAND: POST /session/4aedcc6e4741b2a879631080b602cb58/element/f.0FDC85D955747547727011D182B9DC15.d.C7F489F1048377738331CFE39EAE9264.e.20817/click - {}
RESULT: {}
COMMAND: POST /session/4aedcc6e4741b2a879631080b602cb58/execute/async - {"script":"<script> [1562 bytes]","args":[{"selector":{"controlType":"sap.ui.core.Icon","viewName":"etm.portal.ui.managecontracts.view.EditContract","properties":{"src":{"regex":{"source":"slim\\-arrow\\-down"}}},"ancestor":{"controlType":"sap.m.ComboBox","viewName":"etm.portal.ui.managecontracts.view.EditContract","bindingPath":{"propertyPath":"RU_TYPE","modelName":"catalogModel"}}},"wdio_ui5_key":"etmportal.ui.managecontracts.view.EditContractsap.ui.core.Icon{\"src\":{\"regex\":{\"source\":\"slim\\\\-arrow\\\\-down\"}}}{\"controlType\":\"sap.m.ComboBox\",\"viewName\":\"etm.portal.ui.managecontracts.view.EditContract\",\"bindingPath\":{\"propertyPath\":\"RU_TYPE\",\"modelName\":\"catalogModel\"}}"}]}
COMMAND: GET /session/4aedcc6e4741b2a879631080b602cb58/screenshot - {}
RESULT: {"script":"<script> [1562 bytes]","args":[{"selector":{"controlType":"sap.ui.core.Icon","viewName":"etm.portal.ui.managecontracts.view.EditContract","properties":{"src":{"regex":{"source":"slim\\-arrow\\-down"}}},"ancestor":{"controlType":"sap.m.ComboBox","viewName":"etm.portal.ui.managecontracts.view.EditContract","bindingPath":{"propertyPath":"RU_TYPE","modelName":"catalogModel"}}},"wdio_ui5_key":"etmportal.ui.managecontracts.view.EditContractsap.ui.core.Icon{\"src\":{\"regex\":{\"source\":\"slim\\\\-arrow\\\\-down\"}}}{\"controlType\":\"sap.m.ComboBox\",\"viewName\":\"etm.portal.ui.managecontracts.view.EditContract\",\"bindingPath\":{\"propertyPath\":\"RU_TYPE\",\"modelName\":\"catalogModel\"}}"}]}
RESULT: undefined
COMMAND: POST /session/4aedcc6e4741b2a879631080b602cb58/element - {"using":"xpath","value":"//*[@id=\"__box19-arrow\"]"}
RESULT: {}
RESULT: {"using":"xpath","value":"//*[@id=\"__box19-arrow\"]"}
COMMAND: POST /session/4aedcc6e4741b2a879631080b602cb58/element/f.0FDC85D955747547727011D182B9DC15.d.C7F489F1048377738331CFE39EAE9264.e.20832/click - {}
RESULT: {}
COMMAND: POST /session/4aedcc6e4741b2a879631080b602cb58/execute/async - {"script":"<script> [1562 bytes]","args":[{"selector":{"controlType":"sap.m.StandardListItem","viewName":"etm.portal.ui.managecontracts.view.EditContract","properties":{"title":"Material"},"searchOpenDialogs":true,"interaction":{"idSuffix":"content"}},"wdio_ui5_key":"etmportal.ui.managecontracts.view.EditContractsap.m.StandardListItem{\"title\":\"Material\"}"}]}
COMMAND: GET /session/4aedcc6e4741b2a879631080b602cb58/screenshot - {}
RESULT: {"script":"<script> [1562 bytes]","args":[{"selector":{"controlType":"sap.m.StandardListItem","viewName":"etm.portal.ui.managecontracts.view.EditContract","properties":{"title":"Material"},"searchOpenDialogs":true,"interaction":{"idSuffix":"content"}},"wdio_ui5_key":"etmportal.ui.managecontracts.view.EditContractsap.m.StandardListItem{\"title\":\"Material\"}"}]}
RESULT: undefined
COMMAND: POST /session/4aedcc6e4741b2a879631080b602cb58/element - {"using":"xpath","value":"//*[@id=\"__item91\"]"}
RESULT: {}
RESULT: {"using":"xpath","value":"//*[@id=\"__item91\"]"}
COMMAND: POST /session/4aedcc6e4741b2a879631080b602cb58/element/f.0FDC85D955747547727011D182B9DC15.d.C7F489F1048377738331CFE39EAE9264.e.20835/click - {}
RESULT: {}
COMMAND: POST /session/4aedcc6e4741b2a879631080b602cb58/element - {"using":"xpath","value":"//td[7]/div/div/input"}
COMMAND: GET /session/4aedcc6e4741b2a879631080b602cb58/screenshot - {}
RESULT: {"using":"xpath","value":"//td[7]/div/div/input"}
COMMAND: POST /session/4aedcc6e4741b2a879631080b602cb58/element/f.0FDC85D955747547727011D182B9DC15.d.C7F489F1048377738331CFE39EAE9264.e.20837/clear - {}
RESULT: {}
RESULT: {}
COMMAND: POST /session/4aedcc6e4741b2a879631080b602cb58/element/f.0FDC85D955747547727011D182B9DC15.d.C7F489F1048377738331CFE39EAE9264.e.20837/value - {"text":"WebdriverRUR2Ck1ix3"}
COMMAND: GET /session/4aedcc6e4741b2a879631080b602cb58/screenshot - {}
RESULT: {"text":"WebdriverRUR2Ck1ix3"}
COMMAND: GET /session/4aedcc6e4741b2a879631080b602cb58/screenshot - {}
RESULT: {}
RESULT: {}
COMMAND: POST /session/4aedcc6e4741b2a879631080b602cb58/actions - {"actions":[{"id":"action88","type":"key","parameters":{},"actions":[{"type":"keyDown","value":"î€‡"},{"type":"pause","duration":10},{"type":"keyUp","value":"î€‡"}]}]}
RESULT: {"actions":[{"id":"action88","type":"key","parameters":{},"actions":[{"type":"keyDown","value":"î€‡"},{"type":"pause","duration":10},{"type":"keyUp","value":"î€‡"}]}]}
COMMAND: GET /session/4aedcc6e4741b2a879631080b602cb58/screenshot - {}
RESULT: {}
COMMAND: POST /session/4aedcc6e4741b2a879631080b602cb58/element - {"using":"xpath","value":"//button[@data-kt=\"saveButton\"]"}
RESULT: {"using":"xpath","value":"//button[@data-kt=\"saveButton\"]"}
COMMAND: POST /session/4aedcc6e4741b2a879631080b602cb58/element/f.0FDC85D955747547727011D182B9DC15.d.C7F489F1048377738331CFE39EAE9264.e.20861/click - {}
RESULT: {}
COMMAND: GET /session/4aedcc6e4741b2a879631080b602cb58/screenshot - {}
RESULT: {}
RESULT: undefined
COMMAND: POST /session/4aedcc6e4741b2a879631080b602cb58/execute/async - {"script":"<script> [6424 bytes]","args":[{"element-6066-11e4-a52e-4f735466cecf":"f.0FDC85D955747547727011D182B9DC15.d.C7F489F1048377738331CFE39EAE9264.e.20753"},"getText",[]]}
RESULT: {"script":"<script> [6424 bytes]","args":[{"element-6066-11e4-a52e-4f735466cecf":"f.0FDC85D955747547727011D182B9DC15.d.C7F489F1048377738331CFE39EAE9264.e.20753"},"getText",[]]}
COMMAND: DELETE /session/4aedcc6e4741b2a879631080b602cb58 - {}
RESULT: {}
]]></system-out>
    </testcase>
  </testsuite>
</testsuites>