<?xml version="1.0" encoding="UTF-8"?>
<testsuites tests="58" failures="4" errors="4" skipped="0">
  <testsuite timestamp="2025-05-20T17:10:21" time="973.09" tests="11" failures="0" errors="0" skipped="0">
    <properties>
      <property name="specId" value="0" />
      <property name="suiteName" value="Billing confirm US117289" />
      <property name="capabilities" value="chrome.136_0_7103_93.windows" />
      <property name="file" value="file:///D:/a/1/s/test/specs/BTS/billing-confirm.spec.js" />
    </properties>
    <testcase classname="chrome.136_0_7103_93.windows.Billing_confirm_US117289" name="Should create a new yard" time="121.13">
      <system-out><![CDATA[
COMMAND: POST /session/3247b862f9661e1dad05ca414f9e55ea/window/fullscreen - {}
RESULT: {}
COMMAND: POST /session/3247b862f9661e1dad05ca414f9e55ea/execute/async - {"script":"<script> [1562 bytes]","args":[{"selector":{"controlType":"sap.m.GenericTile","properties":{"header":"Manage Yards"}},"wdio_ui5_key":"sapm.GenericTile{\"header\":\"Manage Yards\"}"}]}
RESULT: {"script":"<script> [1562 bytes]","args":[{"selector":{"controlType":"sap.m.GenericTile","properties":{"header":"Manage Yards"}},"wdio_ui5_key":"sapm.GenericTile{\"header\":\"Manage Yards\"}"}]}
RESULT: undefined
COMMAND: POST /session/3247b862f9661e1dad05ca414f9e55ea/element - {"using":"xpath","value":"//*[@id=\"__tile41\"]"}
RESULT: {"using":"xpath","value":"//*[@id=\"__tile41\"]"}
COMMAND: POST /session/3247b862f9661e1dad05ca414f9e55ea/element/f.BF6F4EA089F18175CED7BE484E452EA8.d.EE72B5D20D7AE967A9B7A39D515D7449.e.146/click - {}
RESULT: {}
COMMAND: GET /session/3247b862f9661e1dad05ca414f9e55ea/screenshot - {}
RESULT: {}
COMMAND: POST /session/3247b862f9661e1dad05ca414f9e55ea/elements - {"using":"xpath","value":"//span[text()='Error']"}
RESULT: {"using":"xpath","value":"//span[text()='Error']"}
COMMAND: POST /session/3247b862f9661e1dad05ca414f9e55ea/element - {"using":"xpath","value":"//button[@data-kt=\"addNewYardOverflowToolbarButton\"]"}
RESULT: {"using":"xpath","value":"//button[@data-kt=\"addNewYardOverflowToolbarButton\"]"}
COMMAND: POST /session/3247b862f9661e1dad05ca414f9e55ea/elements - {"using":"xpath","value":"//button[@data-kt=\"addNewYardOverflowToolbarButton\"]"}
RESULT: {"using":"xpath","value":"//button[@data-kt=\"addNewYardOverflowToolbarButton\"]"}
COMMAND: POST /session/3247b862f9661e1dad05ca414f9e55ea/execute/sync - {"script":"<script> [8489 bytes]","args":[{"element-6066-11e4-a52e-4f735466cecf":"f.BF6F4EA089F18175CED7BE484E452EA8.d.EE72B5D20D7AE967A9B7A39D515D7449.e.284","ELEMENT":"f.BF6F4EA089F18175CED7BE484E452EA8.d.EE72B5D20D7AE967A9B7A39D515D7449.e.284"}]}
RESULT: {"script":"<script> [8489 bytes]","args":[{"element-6066-11e4-a52e-4f735466cecf":"f.BF6F4EA089F18175CED7BE484E452EA8.d.EE72B5D20D7AE967A9B7A39D515D7449.e.284","ELEMENT":"f.BF6F4EA089F18175CED7BE484E452EA8.d.EE72B5D20D7AE967A9B7A39D515D7449.e.284"}]}
COMMAND: GET /session/3247b862f9661e1dad05ca414f9e55ea/element/f.BF6F4EA089F18175CED7BE484E452EA8.d.EE72B5D20D7AE967A9B7A39D515D7449.e.284/enabled - {}
COMMAND: GET /session/3247b862f9661e1dad05ca414f9e55ea/screenshot - {}
RESULT: {}
COMMAND: POST /session/3247b862f9661e1dad05ca414f9e55ea/execute/sync - {"script":"<script> [8489 bytes]","args":[{"element-6066-11e4-a52e-4f735466cecf":"f.BF6F4EA089F18175CED7BE484E452EA8.d.EE72B5D20D7AE967A9B7A39D515D7449.e.284","ELEMENT":"f.BF6F4EA089F18175CED7BE484E452EA8.d.EE72B5D20D7AE967A9B7A39D515D7449.e.284"}]}
COMMAND: GET /session/3247b862f9661e1dad05ca414f9e55ea/screenshot - {}
RESULT: {}
RESULT: {"script":"<script> [8489 bytes]","args":[{"element-6066-11e4-a52e-4f735466cecf":"f.BF6F4EA089F18175CED7BE484E452EA8.d.EE72B5D20D7AE967A9B7A39D515D7449.e.284","ELEMENT":"f.BF6F4EA089F18175CED7BE484E452EA8.d.EE72B5D20D7AE967A9B7A39D515D7449.e.284"}]}
COMMAND: POST /session/3247b862f9661e1dad05ca414f9e55ea/execute/sync - {"script":"<script> [5351 bytes]","args":[{"element-6066-11e4-a52e-4f735466cecf":"f.BF6F4EA089F18175CED7BE484E452EA8.d.EE72B5D20D7AE967A9B7A39D515D7449.e.284","ELEMENT":"f.BF6F4EA089F18175CED7BE484E452EA8.d.EE72B5D20D7AE967A9B7A39D515D7449.e.284"}]}
COMMAND: GET /session/3247b862f9661e1dad05ca414f9e55ea/screenshot - {}
RESULT: {}
RESULT: {"script":"<script> [5351 bytes]","args":[{"element-6066-11e4-a52e-4f735466cecf":"f.BF6F4EA089F18175CED7BE484E452EA8.d.EE72B5D20D7AE967A9B7A39D515D7449.e.284","ELEMENT":"f.BF6F4EA089F18175CED7BE484E452EA8.d.EE72B5D20D7AE967A9B7A39D515D7449.e.284"}]}
COMMAND: POST /session/3247b862f9661e1dad05ca414f9e55ea/element/f.BF6F4EA089F18175CED7BE484E452EA8.d.EE72B5D20D7AE967A9B7A39D515D7449.e.284/click - {}
COMMAND: GET /session/3247b862f9661e1dad05ca414f9e55ea/screenshot - {}
RESULT: {}
RESULT: {}
COMMAND: GET /session/3247b862f9661e1dad05ca414f9e55ea/screenshot - {}
RESULT: {}
RESULT: {}
COMMAND: POST /session/3247b862f9661e1dad05ca414f9e55ea/element - {"using":"xpath","value":"//input[@id=\"application-manageyards-display-component---NewYard--yardId-inner\"]"}
RESULT: {"using":"xpath","value":"//input[@id=\"application-manageyards-display-component---NewYard--yardId-inner\"]"}
COMMAND: POST /session/3247b862f9661e1dad05ca414f9e55ea/element - {"using":"xpath","value":"//input[@id=\"application-manageyards-display-component---NewYard--yardId-inner\"]"}
RESULT: {"using":"xpath","value":"//input[@id=\"application-manageyards-display-component---NewYard--yardId-inner\"]"}
COMMAND: POST /session/3247b862f9661e1dad05ca414f9e55ea/execute/async - {"script":"<script> [1562 bytes]","args":[{"selector":{"id":"application-manageyards-display-component---NewYard--addressDetailDetailsName1","interaction":{"idSuffix":"inner"}},"wdio_ui5_key":"applicationmanageyards-display-component---NewYard--addressDetailDetailsName1"}]}
RESULT: {"script":"<script> [1562 bytes]","args":[{"selector":{"id":"application-manageyards-display-component---NewYard--addressDetailDetailsName1","interaction":{"idSuffix":"inner"}},"wdio_ui5_key":"applicationmanageyards-display-component---NewYard--addressDetailDetailsName1"}]}
RESULT: undefined
COMMAND: POST /session/3247b862f9661e1dad05ca414f9e55ea/execute/async - {"script":"<script> [776 bytes]","args":[{"enterText":"Intracompany Yard wdIO","selector":{"id":"application-manageyards-display-component---NewYard--addressDetailDetailsName1","interaction":{"idSuffix":"inner"}},"clearTextFirst":true,"interactionType":"ENTER_TEXT"}]}
RESULT: {"script":"<script> [776 bytes]","args":[{"enterText":"Intracompany Yard wdIO","selector":{"id":"application-manageyards-display-component---NewYard--addressDetailDetailsName1","interaction":{"idSuffix":"inner"}},"clearTextFirst":true,"interactionType":"ENTER_TEXT"}]}
COMMAND: POST /session/3247b862f9661e1dad05ca414f9e55ea/execute/async - {"script":"<script> [1562 bytes]","args":[{"selector":{"id":"application-manageyards-display-component---NewYard--addressDetailDetailsLanguage-arrow"},"wdio_ui5_key":"applicationmanageyards-display-component---NewYard--addressDetailDetailsLanguage-arrow"}]}
RESULT: {"script":"<script> [1562 bytes]","args":[{"selector":{"id":"application-manageyards-display-component---NewYard--addressDetailDetailsLanguage-arrow"},"wdio_ui5_key":"applicationmanageyards-display-component---NewYard--addressDetailDetailsLanguage-arrow"}]}
RESULT: undefined
COMMAND: POST /session/3247b862f9661e1dad05ca414f9e55ea/element - {"using":"xpath","value":"//*[@id=\"application-manageyards-display-component---NewYard--addressDetailDetailsLanguage-arrow\"]"}
RESULT: {"using":"xpath","value":"//*[@id=\"application-manageyards-display-component---NewYard--addressDetailDetailsLanguage-arrow\"]"}
COMMAND: POST /session/3247b862f9661e1dad05ca414f9e55ea/element/f.BF6F4EA089F18175CED7BE484E452EA8.d.EE72B5D20D7AE967A9B7A39D515D7449.e.719/click - {}
RESULT: {}
COMMAND: POST /session/3247b862f9661e1dad05ca414f9e55ea/element - {"using":"xpath","value":"//span[contains(text(), \"English\")]"}
COMMAND: GET /session/3247b862f9661e1dad05ca414f9e55ea/screenshot - {}
RESULT: {"using":"xpath","value":"//span[contains(text(), \"English\")]"}
COMMAND: POST /session/3247b862f9661e1dad05ca414f9e55ea/element/f.BF6F4EA089F18175CED7BE484E452EA8.d.EE72B5D20D7AE967A9B7A39D515D7449.e.720/click - {}
RESULT: {}
RESULT: {}
COMMAND: POST /session/3247b862f9661e1dad05ca414f9e55ea/execute/async - {"script":"<script> [1562 bytes]","args":[{"selector":{"id":"application-manageyards-display-component---NewYard--addressDetailDetailsCity1","interaction":{"idSuffix":"inner"}},"wdio_ui5_key":"applicationmanageyards-display-component---NewYard--addressDetailDetailsCity1"}]}
COMMAND: GET /session/3247b862f9661e1dad05ca414f9e55ea/screenshot - {}
RESULT: {"script":"<script> [1562 bytes]","args":[{"selector":{"id":"application-manageyards-display-component---NewYard--addressDetailDetailsCity1","interaction":{"idSuffix":"inner"}},"wdio_ui5_key":"applicationmanageyards-display-component---NewYard--addressDetailDetailsCity1"}]}
RESULT: undefined
COMMAND: POST /session/3247b862f9661e1dad05ca414f9e55ea/execute/async - {"script":"<script> [776 bytes]","args":[{"enterText":"Rosario","selector":{"id":"application-manageyards-display-component---NewYard--addressDetailDetailsCity1","interaction":{"idSuffix":"inner"}},"clearTextFirst":true,"interactionType":"ENTER_TEXT"}]}
RESULT: {}
RESULT: {"script":"<script> [776 bytes]","args":[{"enterText":"Rosario","selector":{"id":"application-manageyards-display-component---NewYard--addressDetailDetailsCity1","interaction":{"idSuffix":"inner"}},"clearTextFirst":true,"interactionType":"ENTER_TEXT"}]}
COMMAND: POST /session/3247b862f9661e1dad05ca414f9e55ea/execute/async - {"script":"<script> [1562 bytes]","args":[{"selector":{"id":"application-manageyards-display-component---NewYard--addressDetailDetailsCountry-arrow"},"wdio_ui5_key":"applicationmanageyards-display-component---NewYard--addressDetailDetailsCountry-arrow"}]}
RESULT: {"script":"<script> [1562 bytes]","args":[{"selector":{"id":"application-manageyards-display-component---NewYard--addressDetailDetailsCountry-arrow"},"wdio_ui5_key":"applicationmanageyards-display-component---NewYard--addressDetailDetailsCountry-arrow"}]}
RESULT: undefined
COMMAND: POST /session/3247b862f9661e1dad05ca414f9e55ea/element - {"using":"xpath","value":"//*[@id=\"application-manageyards-display-component---NewYard--addressDetailDetailsCountry-arrow\"]"}
RESULT: {"using":"xpath","value":"//*[@id=\"application-manageyards-display-component---NewYard--addressDetailDetailsCountry-arrow\"]"}
COMMAND: POST /session/3247b862f9661e1dad05ca414f9e55ea/element/f.BF6F4EA089F18175CED7BE484E452EA8.d.EE72B5D20D7AE967A9B7A39D515D7449.e.722/click - {}
RESULT: {}
COMMAND: POST /session/3247b862f9661e1dad05ca414f9e55ea/element - {"using":"xpath","value":"//span[contains(text(), \"Argentina\")]"}
COMMAND: GET /session/3247b862f9661e1dad05ca414f9e55ea/screenshot - {}
RESULT: {"using":"xpath","value":"//span[contains(text(), \"Argentina\")]"}
COMMAND: POST /session/3247b862f9661e1dad05ca414f9e55ea/element/f.BF6F4EA089F18175CED7BE484E452EA8.d.EE72B5D20D7AE967A9B7A39D515D7449.e.724/click - {}
RESULT: {}
RESULT: {}
COMMAND: POST /session/3247b862f9661e1dad05ca414f9e55ea/execute/async - {"script":"<script> [1562 bytes]","args":[{"selector":{"id":"application-manageyards-display-component---NewYard--addressEditDetailsCostObjectCstType-arrow"},"wdio_ui5_key":"applicationmanageyards-display-component---NewYard--addressEditDetailsCostObjectCstType-arrow"}]}
COMMAND: GET /session/3247b862f9661e1dad05ca414f9e55ea/screenshot - {}
RESULT: {"script":"<script> [1562 bytes]","args":[{"selector":{"id":"application-manageyards-display-component---NewYard--addressEditDetailsCostObjectCstType-arrow"},"wdio_ui5_key":"applicationmanageyards-display-component---NewYard--addressEditDetailsCostObjectCstType-arrow"}]}
RESULT: undefined
COMMAND: POST /session/3247b862f9661e1dad05ca414f9e55ea/element - {"using":"xpath","value":"//*[@id=\"application-manageyards-display-component---NewYard--addressEditDetailsCostObjectCstType-arrow\"]"}
RESULT: {}
RESULT: {"using":"xpath","value":"//*[@id=\"application-manageyards-display-component---NewYard--addressEditDetailsCostObjectCstType-arrow\"]"}
COMMAND: POST /session/3247b862f9661e1dad05ca414f9e55ea/element/f.BF6F4EA089F18175CED7BE484E452EA8.d.EE72B5D20D7AE967A9B7A39D515D7449.e.725/click - {}
RESULT: {}
COMMAND: POST /session/3247b862f9661e1dad05ca414f9e55ea/element - {"using":"xpath","value":"//span[contains(text(), \"Cost Center\")]"}
COMMAND: GET /session/3247b862f9661e1dad05ca414f9e55ea/screenshot - {}
RESULT: {"using":"xpath","value":"//span[contains(text(), \"Cost Center\")]"}
COMMAND: POST /session/3247b862f9661e1dad05ca414f9e55ea/element/f.BF6F4EA089F18175CED7BE484E452EA8.d.EE72B5D20D7AE967A9B7A39D515D7449.e.726/click - {}
RESULT: {}
RESULT: {}
COMMAND: GET /session/3247b862f9661e1dad05ca414f9e55ea/screenshot - {}
RESULT: {}
COMMAND: POST /session/3247b862f9661e1dad05ca414f9e55ea/element - {"using":"xpath","value":"//span[@id=\"application-manageyards-display-component---NewYard--addressNewCostObjectCstID-vhi\"]"}
RESULT: {"using":"xpath","value":"//span[@id=\"application-manageyards-display-component---NewYard--addressNewCostObjectCstID-vhi\"]"}
COMMAND: POST /session/3247b862f9661e1dad05ca414f9e55ea/execute/sync - {"script":"<script> [8489 bytes]","args":[{"element-6066-11e4-a52e-4f735466cecf":"f.BF6F4EA089F18175CED7BE484E452EA8.d.EE72B5D20D7AE967A9B7A39D515D7449.e.730","ELEMENT":"f.BF6F4EA089F18175CED7BE484E452EA8.d.EE72B5D20D7AE967A9B7A39D515D7449.e.730"}]}
RESULT: {"script":"<script> [8489 bytes]","args":[{"element-6066-11e4-a52e-4f735466cecf":"f.BF6F4EA089F18175CED7BE484E452EA8.d.EE72B5D20D7AE967A9B7A39D515D7449.e.730","ELEMENT":"f.BF6F4EA089F18175CED7BE484E452EA8.d.EE72B5D20D7AE967A9B7A39D515D7449.e.730"}]}
COMMAND: POST /session/3247b862f9661e1dad05ca414f9e55ea/execute/async - {"script":"<script> [1562 bytes]","args":[{"selector":{"id":"application-manageyards-display-component---NewYard--addressNewCostObjectCstID-vhi"},"wdio_ui5_key":"applicationmanageyards-display-component---NewYard--addressNewCostObjectCstID-vhi"}]}
COMMAND: GET /session/3247b862f9661e1dad05ca414f9e55ea/screenshot - {}
RESULT: {"script":"<script> [1562 bytes]","args":[{"selector":{"id":"application-manageyards-display-component---NewYard--addressNewCostObjectCstID-vhi"},"wdio_ui5_key":"applicationmanageyards-display-component---NewYard--addressNewCostObjectCstID-vhi"}]}
RESULT: undefined
COMMAND: POST /session/3247b862f9661e1dad05ca414f9e55ea/element - {"using":"xpath","value":"//*[@id=\"application-manageyards-display-component---NewYard--addressNewCostObjectCstID-vhi\"]"}
RESULT: {}
RESULT: {"using":"xpath","value":"//*[@id=\"application-manageyards-display-component---NewYard--addressNewCostObjectCstID-vhi\"]"}
COMMAND: POST /session/3247b862f9661e1dad05ca414f9e55ea/element/f.BF6F4EA089F18175CED7BE484E452EA8.d.EE72B5D20D7AE967A9B7A39D515D7449.e.730/click - {}
RESULT: {}
COMMAND: GET /session/3247b862f9661e1dad05ca414f9e55ea/screenshot - {}
RESULT: {}
COMMAND: POST /session/3247b862f9661e1dad05ca414f9e55ea/execute/async - {"script":"<script> [1562 bytes]","args":[{"selector":{"controlType":"sap.m.SearchField","properties":{"placeholder":"Search"},"searchOpenDialogs":true,"interaction":{"idSuffix":"I"}},"wdio_ui5_key":"sapm.SearchField{\"placeholder\":\"Search\"}"}]}
RESULT: {"script":"<script> [1562 bytes]","args":[{"selector":{"controlType":"sap.m.SearchField","properties":{"placeholder":"Search"},"searchOpenDialogs":true,"interaction":{"idSuffix":"I"}},"wdio_ui5_key":"sapm.SearchField{\"placeholder\":\"Search\"}"}]}
RESULT: undefined
COMMAND: POST /session/3247b862f9661e1dad05ca414f9e55ea/execute/async - {"script":"<script> [776 bytes]","args":[{"enterText":"bauh_b","selector":{"controlType":"sap.m.SearchField","properties":{"placeholder":"Search"},"searchOpenDialogs":true,"interaction":{"idSuffix":"I"}},"clearTextFirst":true,"interactionType":"ENTER_TEXT"}]}
RESULT: {"script":"<script> [776 bytes]","args":[{"enterText":"bauh_b","selector":{"controlType":"sap.m.SearchField","properties":{"placeholder":"Search"},"searchOpenDialogs":true,"interaction":{"idSuffix":"I"}},"clearTextFirst":true,"interactionType":"ENTER_TEXT"}]}
COMMAND: POST /session/3247b862f9661e1dad05ca414f9e55ea/actions - {"actions":[{"id":"action1","type":"key","parameters":{},"actions":[{"type":"keyDown","value":"î€‡"},{"type":"pause","duration":10},{"type":"keyUp","value":"î€‡"}]}]}
RESULT: {"actions":[{"id":"action1","type":"key","parameters":{},"actions":[{"type":"keyDown","value":"î€‡"},{"type":"pause","duration":10},{"type":"keyUp","value":"î€‡"}]}]}
COMMAND: GET /session/3247b862f9661e1dad05ca414f9e55ea/screenshot - {}
RESULT: {}
COMMAND: POST /session/3247b862f9661e1dad05ca414f9e55ea/element - {"using":"xpath","value":"//span[contains(text(), \"Demo Yard\")]"}
RESULT: {"using":"xpath","value":"//span[contains(text(), \"Demo Yard\")]"}
COMMAND: POST /session/3247b862f9661e1dad05ca414f9e55ea/element/f.BF6F4EA089F18175CED7BE484E452EA8.d.EE72B5D20D7AE967A9B7A39D515D7449.e.772/click - {}
RESULT: {}
COMMAND: GET /session/3247b862f9661e1dad05ca414f9e55ea/screenshot - {}
RESULT: {}
COMMAND: POST /session/3247b862f9661e1dad05ca414f9e55ea/element - {"using":"xpath","value":"//bdi[contains(text(), \"OK\")]"}
RESULT: {"using":"xpath","value":"//bdi[contains(text(), \"OK\")]"}
COMMAND: POST /session/3247b862f9661e1dad05ca414f9e55ea/element/f.BF6F4EA089F18175CED7BE484E452EA8.d.EE72B5D20D7AE967A9B7A39D515D7449.e.773/click - {}
RESULT: {}
COMMAND: GET /session/3247b862f9661e1dad05ca414f9e55ea/screenshot - {}
RESULT: {}
COMMAND: POST /session/3247b862f9661e1dad05ca414f9e55ea/execute/async - {"script":"<script> [1562 bytes]","args":[{"selector":{"id":"application-manageyards-display-component---NewYard--addressEditDetailsCurrency-arrow"},"wdio_ui5_key":"applicationmanageyards-display-component---NewYard--addressEditDetailsCurrency-arrow"}]}
RESULT: {"script":"<script> [1562 bytes]","args":[{"selector":{"id":"application-manageyards-display-component---NewYard--addressEditDetailsCurrency-arrow"},"wdio_ui5_key":"applicationmanageyards-display-component---NewYard--addressEditDetailsCurrency-arrow"}]}
RESULT: undefined
COMMAND: POST /session/3247b862f9661e1dad05ca414f9e55ea/element - {"using":"xpath","value":"//*[@id=\"application-manageyards-display-component---NewYard--addressEditDetailsCurrency-arrow\"]"}
RESULT: {"using":"xpath","value":"//*[@id=\"application-manageyards-display-component---NewYard--addressEditDetailsCurrency-arrow\"]"}
COMMAND: POST /session/3247b862f9661e1dad05ca414f9e55ea/element/f.BF6F4EA089F18175CED7BE484E452EA8.d.EE72B5D20D7AE967A9B7A39D515D7449.e.776/click - {}
RESULT: {}
COMMAND: POST /session/3247b862f9661e1dad05ca414f9e55ea/element - {"using":"xpath","value":"//span[contains(text(), \"Euro\")]"}
COMMAND: GET /session/3247b862f9661e1dad05ca414f9e55ea/screenshot - {}
RESULT: {"using":"xpath","value":"//span[contains(text(), \"Euro\")]"}
COMMAND: POST /session/3247b862f9661e1dad05ca414f9e55ea/element/f.BF6F4EA089F18175CED7BE484E452EA8.d.EE72B5D20D7AE967A9B7A39D515D7449.e.777/click - {}
RESULT: {}
RESULT: {}
COMMAND: POST /session/3247b862f9661e1dad05ca414f9e55ea/execute/async - {"script":"<script> [1562 bytes]","args":[{"selector":{"controlType":"sap.m.Input","viewName":"etm.portal.ui.manageyards.view.New","viewId":"application-manageyards-display-component---NewYard","bindingPath":{"path":"","propertyPath":"/CONTROLLING_AREA","modelName":"NewYardModel"},"interaction":{"idSuffix":"inner"}},"wdio_ui5_key":"etmportal.ui.manageyards.view.Newsap.m.Input{\"path\":\"\",\"propertyPath\":\"/CONTROLLING_AREA\",\"modelName\":\"NewYardModel\"}"}]}
COMMAND: GET /session/3247b862f9661e1dad05ca414f9e55ea/screenshot - {}
RESULT: {"script":"<script> [1562 bytes]","args":[{"selector":{"controlType":"sap.m.Input","viewName":"etm.portal.ui.manageyards.view.New","viewId":"application-manageyards-display-component---NewYard","bindingPath":{"path":"","propertyPath":"/CONTROLLING_AREA","modelName":"NewYardModel"},"interaction":{"idSuffix":"inner"}},"wdio_ui5_key":"etmportal.ui.manageyards.view.Newsap.m.Input{\"path\":\"\",\"propertyPath\":\"/CONTROLLING_AREA\",\"modelName\":\"NewYardModel\"}"}]}
RESULT: undefined
COMMAND: POST /session/3247b862f9661e1dad05ca414f9e55ea/execute/async - {"script":"<script> [776 bytes]","args":[{"enterText":"Z001","selector":{"controlType":"sap.m.Input","viewName":"etm.portal.ui.manageyards.view.New","viewId":"application-manageyards-display-component---NewYard","bindingPath":{"path":"","propertyPath":"/CONTROLLING_AREA","modelName":"NewYardModel"},"interaction":{"idSuffix":"inner"}},"clearTextFirst":true,"interactionType":"ENTER_TEXT"}]}
RESULT: {}
RESULT: {"script":"<script> [776 bytes]","args":[{"enterText":"Z001","selector":{"controlType":"sap.m.Input","viewName":"etm.portal.ui.manageyards.view.New","viewId":"application-manageyards-display-component---NewYard","bindingPath":{"path":"","propertyPath":"/CONTROLLING_AREA","modelName":"NewYardModel"},"interaction":{"idSuffix":"inner"}},"clearTextFirst":true,"interactionType":"ENTER_TEXT"}]}
COMMAND: POST /session/3247b862f9661e1dad05ca414f9e55ea/execute/async - {"script":"<script> [1562 bytes]","args":[{"selector":{"id":"application-manageyards-display-component---NewYard--companyCodeComboBox","interaction":{"idSuffix":"inner"}},"wdio_ui5_key":"applicationmanageyards-display-component---NewYard--companyCodeComboBox"}]}
RESULT: {"script":"<script> [1562 bytes]","args":[{"selector":{"id":"application-manageyards-display-component---NewYard--companyCodeComboBox","interaction":{"idSuffix":"inner"}},"wdio_ui5_key":"applicationmanageyards-display-component---NewYard--companyCodeComboBox"}]}
RESULT: undefined
COMMAND: POST /session/3247b862f9661e1dad05ca414f9e55ea/execute/async - {"script":"<script> [776 bytes]","args":[{"enterText":"1000","selector":{"id":"application-manageyards-display-component---NewYard--companyCodeComboBox","interaction":{"idSuffix":"inner"}},"clearTextFirst":true,"interactionType":"ENTER_TEXT"}]}
RESULT: {"script":"<script> [776 bytes]","args":[{"enterText":"1000","selector":{"id":"application-manageyards-display-component---NewYard--companyCodeComboBox","interaction":{"idSuffix":"inner"}},"clearTextFirst":true,"interactionType":"ENTER_TEXT"}]}
COMMAND: POST /session/3247b862f9661e1dad05ca414f9e55ea/execute/async - {"script":"<script> [1562 bytes]","args":[{"selector":{"controlType":"sap.m.Input","viewName":"etm.portal.ui.manageyards.view.New","viewId":"application-manageyards-display-component---NewYard","bindingPath":{"path":"","propertyPath":"/PLANT","modelName":"NewYardModel"},"interaction":{"idSuffix":"inner"}},"wdio_ui5_key":"etmportal.ui.manageyards.view.Newsap.m.Input{\"path\":\"\",\"propertyPath\":\"/PLANT\",\"modelName\":\"NewYardModel\"}"}]}
RESULT: {"script":"<script> [1562 bytes]","args":[{"selector":{"controlType":"sap.m.Input","viewName":"etm.portal.ui.manageyards.view.New","viewId":"application-manageyards-display-component---NewYard","bindingPath":{"path":"","propertyPath":"/PLANT","modelName":"NewYardModel"},"interaction":{"idSuffix":"inner"}},"wdio_ui5_key":"etmportal.ui.manageyards.view.Newsap.m.Input{\"path\":\"\",\"propertyPath\":\"/PLANT\",\"modelName\":\"NewYardModel\"}"}]}
RESULT: undefined
COMMAND: POST /session/3247b862f9661e1dad05ca414f9e55ea/execute/async - {"script":"<script> [776 bytes]","args":[{"enterText":"1001","selector":{"controlType":"sap.m.Input","viewName":"etm.portal.ui.manageyards.view.New","viewId":"application-manageyards-display-component---NewYard","bindingPath":{"path":"","propertyPath":"/PLANT","modelName":"NewYardModel"},"interaction":{"idSuffix":"inner"}},"clearTextFirst":true,"interactionType":"ENTER_TEXT"}]}
RESULT: {"script":"<script> [776 bytes]","args":[{"enterText":"1001","selector":{"controlType":"sap.m.Input","viewName":"etm.portal.ui.manageyards.view.New","viewId":"application-manageyards-display-component---NewYard","bindingPath":{"path":"","propertyPath":"/PLANT","modelName":"NewYardModel"},"interaction":{"idSuffix":"inner"}},"clearTextFirst":true,"interactionType":"ENTER_TEXT"}]}
COMMAND: POST /session/3247b862f9661e1dad05ca414f9e55ea/execute/async - {"script":"<script> [1562 bytes]","args":[{"selector":{"controlType":"sap.m.Input","viewName":"etm.portal.ui.manageyards.view.New","viewId":"application-manageyards-display-component---NewYard","bindingPath":{"path":"","propertyPath":"/SALES_AREA_VKORG","modelName":"NewYardModel"},"interaction":{"idSuffix":"inner"}},"wdio_ui5_key":"etmportal.ui.manageyards.view.Newsap.m.Input{\"path\":\"\",\"propertyPath\":\"/SALES_AREA_VKORG\",\"modelName\":\"NewYardModel\"}"}]}
RESULT: {"script":"<script> [1562 bytes]","args":[{"selector":{"controlType":"sap.m.Input","viewName":"etm.portal.ui.manageyards.view.New","viewId":"application-manageyards-display-component---NewYard","bindingPath":{"path":"","propertyPath":"/SALES_AREA_VKORG","modelName":"NewYardModel"},"interaction":{"idSuffix":"inner"}},"wdio_ui5_key":"etmportal.ui.manageyards.view.Newsap.m.Input{\"path\":\"\",\"propertyPath\":\"/SALES_AREA_VKORG\",\"modelName\":\"NewYardModel\"}"}]}
RESULT: undefined
COMMAND: POST /session/3247b862f9661e1dad05ca414f9e55ea/execute/async - {"script":"<script> [776 bytes]","args":[{"enterText":"C002","selector":{"controlType":"sap.m.Input","viewName":"etm.portal.ui.manageyards.view.New","viewId":"application-manageyards-display-component---NewYard","bindingPath":{"path":"","propertyPath":"/SALES_AREA_VKORG","modelName":"NewYardModel"},"interaction":{"idSuffix":"inner"}},"clearTextFirst":true,"interactionType":"ENTER_TEXT"}]}
RESULT: {"script":"<script> [776 bytes]","args":[{"enterText":"C002","selector":{"controlType":"sap.m.Input","viewName":"etm.portal.ui.manageyards.view.New","viewId":"application-manageyards-display-component---NewYard","bindingPath":{"path":"","propertyPath":"/SALES_AREA_VKORG","modelName":"NewYardModel"},"interaction":{"idSuffix":"inner"}},"clearTextFirst":true,"interactionType":"ENTER_TEXT"}]}
COMMAND: POST /session/3247b862f9661e1dad05ca414f9e55ea/execute/async - {"script":"<script> [1562 bytes]","args":[{"selector":{"controlType":"sap.m.Input","viewName":"etm.portal.ui.manageyards.view.New","viewId":"application-manageyards-display-component---NewYard","bindingPath":{"path":"","propertyPath":"/SALES_AREA_VTWEG","modelName":"NewYardModel"},"interaction":{"idSuffix":"inner"}},"wdio_ui5_key":"etmportal.ui.manageyards.view.Newsap.m.Input{\"path\":\"\",\"propertyPath\":\"/SALES_AREA_VTWEG\",\"modelName\":\"NewYardModel\"}"}]}
RESULT: {"script":"<script> [1562 bytes]","args":[{"selector":{"controlType":"sap.m.Input","viewName":"etm.portal.ui.manageyards.view.New","viewId":"application-manageyards-display-component---NewYard","bindingPath":{"path":"","propertyPath":"/SALES_AREA_VTWEG","modelName":"NewYardModel"},"interaction":{"idSuffix":"inner"}},"wdio_ui5_key":"etmportal.ui.manageyards.view.Newsap.m.Input{\"path\":\"\",\"propertyPath\":\"/SALES_AREA_VTWEG\",\"modelName\":\"NewYardModel\"}"}]}
RESULT: undefined
COMMAND: POST /session/3247b862f9661e1dad05ca414f9e55ea/execute/async - {"script":"<script> [776 bytes]","args":[{"enterText":"C2","selector":{"controlType":"sap.m.Input","viewName":"etm.portal.ui.manageyards.view.New","viewId":"application-manageyards-display-component---NewYard","bindingPath":{"path":"","propertyPath":"/SALES_AREA_VTWEG","modelName":"NewYardModel"},"interaction":{"idSuffix":"inner"}},"clearTextFirst":true,"interactionType":"ENTER_TEXT"}]}
RESULT: {"script":"<script> [776 bytes]","args":[{"enterText":"C2","selector":{"controlType":"sap.m.Input","viewName":"etm.portal.ui.manageyards.view.New","viewId":"application-manageyards-display-component---NewYard","bindingPath":{"path":"","propertyPath":"/SALES_AREA_VTWEG","modelName":"NewYardModel"},"interaction":{"idSuffix":"inner"}},"clearTextFirst":true,"interactionType":"ENTER_TEXT"}]}
COMMAND: POST /session/3247b862f9661e1dad05ca414f9e55ea/execute/async - {"script":"<script> [1562 bytes]","args":[{"selector":{"controlType":"sap.m.Input","viewName":"etm.portal.ui.manageyards.view.New","viewId":"application-manageyards-display-component---NewYard","bindingPath":{"path":"","propertyPath":"/SALES_AREA_SPART","modelName":"NewYardModel"},"interaction":{"idSuffix":"inner"}},"wdio_ui5_key":"etmportal.ui.manageyards.view.Newsap.m.Input{\"path\":\"\",\"propertyPath\":\"/SALES_AREA_SPART\",\"modelName\":\"NewYardModel\"}"}]}
RESULT: {"script":"<script> [1562 bytes]","args":[{"selector":{"controlType":"sap.m.Input","viewName":"etm.portal.ui.manageyards.view.New","viewId":"application-manageyards-display-component---NewYard","bindingPath":{"path":"","propertyPath":"/SALES_AREA_SPART","modelName":"NewYardModel"},"interaction":{"idSuffix":"inner"}},"wdio_ui5_key":"etmportal.ui.manageyards.view.Newsap.m.Input{\"path\":\"\",\"propertyPath\":\"/SALES_AREA_SPART\",\"modelName\":\"NewYardModel\"}"}]}
RESULT: undefined
COMMAND: POST /session/3247b862f9661e1dad05ca414f9e55ea/execute/async - {"script":"<script> [776 bytes]","args":[{"enterText":"C2","selector":{"controlType":"sap.m.Input","viewName":"etm.portal.ui.manageyards.view.New","viewId":"application-manageyards-display-component---NewYard","bindingPath":{"path":"","propertyPath":"/SALES_AREA_SPART","modelName":"NewYardModel"},"interaction":{"idSuffix":"inner"}},"clearTextFirst":true,"interactionType":"ENTER_TEXT"}]}
RESULT: {"script":"<script> [776 bytes]","args":[{"enterText":"C2","selector":{"controlType":"sap.m.Input","viewName":"etm.portal.ui.manageyards.view.New","viewId":"application-manageyards-display-component---NewYard","bindingPath":{"path":"","propertyPath":"/SALES_AREA_SPART","modelName":"NewYardModel"},"interaction":{"idSuffix":"inner"}},"clearTextFirst":true,"interactionType":"ENTER_TEXT"}]}
COMMAND: POST /session/3247b862f9661e1dad05ca414f9e55ea/execute/async - {"script":"<script> [1562 bytes]","args":[{"selector":{"controlType":"sap.m.Input","viewName":"etm.portal.ui.manageyards.view.New","viewId":"application-manageyards-display-component---NewYard","bindingPath":{"path":"","propertyPath":"/SHIP_POINT","modelName":"NewYardModel"},"interaction":{"idSuffix":"inner"}},"wdio_ui5_key":"etmportal.ui.manageyards.view.Newsap.m.Input{\"path\":\"\",\"propertyPath\":\"/SHIP_POINT\",\"modelName\":\"NewYardModel\"}"}]}
RESULT: {"script":"<script> [1562 bytes]","args":[{"selector":{"controlType":"sap.m.Input","viewName":"etm.portal.ui.manageyards.view.New","viewId":"application-manageyards-display-component---NewYard","bindingPath":{"path":"","propertyPath":"/SHIP_POINT","modelName":"NewYardModel"},"interaction":{"idSuffix":"inner"}},"wdio_ui5_key":"etmportal.ui.manageyards.view.Newsap.m.Input{\"path\":\"\",\"propertyPath\":\"/SHIP_POINT\",\"modelName\":\"NewYardModel\"}"}]}
RESULT: undefined
COMMAND: POST /session/3247b862f9661e1dad05ca414f9e55ea/execute/async - {"script":"<script> [776 bytes]","args":[{"enterText":"1710","selector":{"controlType":"sap.m.Input","viewName":"etm.portal.ui.manageyards.view.New","viewId":"application-manageyards-display-component---NewYard","bindingPath":{"path":"","propertyPath":"/SHIP_POINT","modelName":"NewYardModel"},"interaction":{"idSuffix":"inner"}},"clearTextFirst":true,"interactionType":"ENTER_TEXT"}]}
RESULT: {"script":"<script> [776 bytes]","args":[{"enterText":"1710","selector":{"controlType":"sap.m.Input","viewName":"etm.portal.ui.manageyards.view.New","viewId":"application-manageyards-display-component---NewYard","bindingPath":{"path":"","propertyPath":"/SHIP_POINT","modelName":"NewYardModel"},"interaction":{"idSuffix":"inner"}},"clearTextFirst":true,"interactionType":"ENTER_TEXT"}]}
COMMAND: POST /session/3247b862f9661e1dad05ca414f9e55ea/execute/async - {"script":"<script> [1562 bytes]","args":[{"selector":{"controlType":"sap.m.Input","viewName":"etm.portal.ui.manageyards.view.New","viewId":"application-manageyards-display-component---NewYard","bindingPath":{"path":"","propertyPath":"/DELIVERY_TYPE","modelName":"NewYardModel"},"interaction":{"idSuffix":"inner"}},"wdio_ui5_key":"etmportal.ui.manageyards.view.Newsap.m.Input{\"path\":\"\",\"propertyPath\":\"/DELIVERY_TYPE\",\"modelName\":\"NewYardModel\"}"}]}
RESULT: {"script":"<script> [1562 bytes]","args":[{"selector":{"controlType":"sap.m.Input","viewName":"etm.portal.ui.manageyards.view.New","viewId":"application-manageyards-display-component---NewYard","bindingPath":{"path":"","propertyPath":"/DELIVERY_TYPE","modelName":"NewYardModel"},"interaction":{"idSuffix":"inner"}},"wdio_ui5_key":"etmportal.ui.manageyards.view.Newsap.m.Input{\"path\":\"\",\"propertyPath\":\"/DELIVERY_TYPE\",\"modelName\":\"NewYardModel\"}"}]}
RESULT: undefined
COMMAND: POST /session/3247b862f9661e1dad05ca414f9e55ea/execute/async - {"script":"<script> [776 bytes]","args":[{"enterText":"ZL01","selector":{"controlType":"sap.m.Input","viewName":"etm.portal.ui.manageyards.view.New","viewId":"application-manageyards-display-component---NewYard","bindingPath":{"path":"","propertyPath":"/DELIVERY_TYPE","modelName":"NewYardModel"},"interaction":{"idSuffix":"inner"}},"clearTextFirst":true,"interactionType":"ENTER_TEXT"}]}
RESULT: {"script":"<script> [776 bytes]","args":[{"enterText":"ZL01","selector":{"controlType":"sap.m.Input","viewName":"etm.portal.ui.manageyards.view.New","viewId":"application-manageyards-display-component---NewYard","bindingPath":{"path":"","propertyPath":"/DELIVERY_TYPE","modelName":"NewYardModel"},"interaction":{"idSuffix":"inner"}},"clearTextFirst":true,"interactionType":"ENTER_TEXT"}]}
COMMAND: POST /session/3247b862f9661e1dad05ca414f9e55ea/execute/async - {"script":"<script> [1562 bytes]","args":[{"selector":{"controlType":"sap.m.Input","viewName":"etm.portal.ui.manageyards.view.New","viewId":"application-manageyards-display-component---NewYard","bindingPath":{"path":"","propertyPath":"/AUART","modelName":"NewYardModel"},"interaction":{"idSuffix":"inner"}},"wdio_ui5_key":"etmportal.ui.manageyards.view.Newsap.m.Input{\"path\":\"\",\"propertyPath\":\"/AUART\",\"modelName\":\"NewYardModel\"}"}]}
RESULT: {"script":"<script> [1562 bytes]","args":[{"selector":{"controlType":"sap.m.Input","viewName":"etm.portal.ui.manageyards.view.New","viewId":"application-manageyards-display-component---NewYard","bindingPath":{"path":"","propertyPath":"/AUART","modelName":"NewYardModel"},"interaction":{"idSuffix":"inner"}},"wdio_ui5_key":"etmportal.ui.manageyards.view.Newsap.m.Input{\"path\":\"\",\"propertyPath\":\"/AUART\",\"modelName\":\"NewYardModel\"}"}]}
RESULT: undefined
COMMAND: POST /session/3247b862f9661e1dad05ca414f9e55ea/execute/async - {"script":"<script> [776 bytes]","args":[{"enterText":"TA","selector":{"controlType":"sap.m.Input","viewName":"etm.portal.ui.manageyards.view.New","viewId":"application-manageyards-display-component---NewYard","bindingPath":{"path":"","propertyPath":"/AUART","modelName":"NewYardModel"},"interaction":{"idSuffix":"inner"}},"clearTextFirst":true,"interactionType":"ENTER_TEXT"}]}
RESULT: {"script":"<script> [776 bytes]","args":[{"enterText":"TA","selector":{"controlType":"sap.m.Input","viewName":"etm.portal.ui.manageyards.view.New","viewId":"application-manageyards-display-component---NewYard","bindingPath":{"path":"","propertyPath":"/AUART","modelName":"NewYardModel"},"interaction":{"idSuffix":"inner"}},"clearTextFirst":true,"interactionType":"ENTER_TEXT"}]}
COMMAND: POST /session/3247b862f9661e1dad05ca414f9e55ea/element - {"using":"xpath","value":"//button[@data-kt=\"newYardSaveButton\"]"}
RESULT: {"using":"xpath","value":"//button[@data-kt=\"newYardSaveButton\"]"}
COMMAND: POST /session/3247b862f9661e1dad05ca414f9e55ea/element/f.BF6F4EA089F18175CED7BE484E452EA8.d.EE72B5D20D7AE967A9B7A39D515D7449.e.679/click - {}
RESULT: {}
COMMAND: GET /session/3247b862f9661e1dad05ca414f9e55ea/screenshot - {}
RESULT: {}
COMMAND: POST /session/3247b862f9661e1dad05ca414f9e55ea/element - {"using":"xpath","value":"//header[contains(@id, 'ObjectPageLayout-headerTitle')]/div[1]/div[2]/div[1]/span[1]"}
RESULT: {"using":"xpath","value":"//header[contains(@id, 'ObjectPageLayout-headerTitle')]/div[1]/div[2]/div[1]/span[1]"}
COMMAND: POST /session/3247b862f9661e1dad05ca414f9e55ea/elements - {"using":"xpath","value":"//header[contains(@id, 'ObjectPageLayout-headerTitle')]/div[1]/div[2]/div[1]/span[1]"}
RESULT: {"using":"xpath","value":"//header[contains(@id, 'ObjectPageLayout-headerTitle')]/div[1]/div[2]/div[1]/span[1]"}
COMMAND: POST /session/3247b862f9661e1dad05ca414f9e55ea/execute/sync - {"script":"<script> [56 bytes]","args":[{"element-6066-11e4-a52e-4f735466cecf":"f.BF6F4EA089F18175CED7BE484E452EA8.d.EE72B5D20D7AE967A9B7A39D515D7449.e.1002","ELEMENT":"f.BF6F4EA089F18175CED7BE484E452EA8.d.EE72B5D20D7AE967A9B7A39D515D7449.e.1002"}]}
RESULT: {"script":"<script> [56 bytes]","args":[{"element-6066-11e4-a52e-4f735466cecf":"f.BF6F4EA089F18175CED7BE484E452EA8.d.EE72B5D20D7AE967A9B7A39D515D7449.e.1002","ELEMENT":"f.BF6F4EA089F18175CED7BE484E452EA8.d.EE72B5D20D7AE967A9B7A39D515D7449.e.1002"}]}
COMMAND: GET /session/3247b862f9661e1dad05ca414f9e55ea/screenshot - {}
RESULT: {}
COMMAND: POST /session/3247b862f9661e1dad05ca414f9e55ea/element - {"using":"css selector","value":"#shell-header-logo"}
RESULT: {"using":"css selector","value":"#shell-header-logo"}
COMMAND: POST /session/3247b862f9661e1dad05ca414f9e55ea/element/f.BF6F4EA089F18175CED7BE484E452EA8.d.EE72B5D20D7AE967A9B7A39D515D7449.e.253/click - {}
RESULT: {}
COMMAND: GET /session/3247b862f9661e1dad05ca414f9e55ea/screenshot - {}
RESULT: {}
COMMAND: POST /session/3247b862f9661e1dad05ca414f9e55ea/execute/sync - {"script":"<script> [299 bytes]","args":[["getModel","getResource"]]}
RESULT: {"script":"<script> [299 bytes]","args":[["getModel","getResource"]]}
COMMAND: GET /session/3247b862f9661e1dad05ca414f9e55ea/screenshot - {}
]]></system-out>
    </testcase>
    <testcase classname="chrome.136_0_7103_93.windows.Billing_confirm_US117289" name="Should create a new partner" time="130.607">
      <system-out><![CDATA[
COMMAND: POST /session/3247b862f9661e1dad05ca414f9e55ea/window/fullscreen - {}
RESULT: {}
RESULT: {}
COMMAND: POST /session/3247b862f9661e1dad05ca414f9e55ea/execute/async - {"script":"<script> [1562 bytes]","args":[{"selector":{"controlType":"sap.m.GenericTile","properties":{"header":"Manage Partners"}},"wdio_ui5_key":"sapm.GenericTile{\"header\":\"Manage Partners\"}"}]}
RESULT: {"script":"<script> [1562 bytes]","args":[{"selector":{"controlType":"sap.m.GenericTile","properties":{"header":"Manage Partners"}},"wdio_ui5_key":"sapm.GenericTile{\"header\":\"Manage Partners\"}"}]}
RESULT: undefined
COMMAND: POST /session/3247b862f9661e1dad05ca414f9e55ea/element - {"using":"xpath","value":"//*[@id=\"__tile38\"]"}
RESULT: {"using":"xpath","value":"//*[@id=\"__tile38\"]"}
COMMAND: POST /session/3247b862f9661e1dad05ca414f9e55ea/element/f.BF6F4EA089F18175CED7BE484E452EA8.d.EE72B5D20D7AE967A9B7A39D515D7449.e.138/click - {}
RESULT: {}
COMMAND: GET /session/3247b862f9661e1dad05ca414f9e55ea/screenshot - {}
RESULT: {}
COMMAND: POST /session/3247b862f9661e1dad05ca414f9e55ea/elements - {"using":"xpath","value":"//span[text()='Error']"}
RESULT: {"using":"xpath","value":"//span[text()='Error']"}
COMMAND: POST /session/3247b862f9661e1dad05ca414f9e55ea/element - {"using":"xpath","value":"//button[@data-kt=\"addButton\"]"}
RESULT: {"using":"xpath","value":"//button[@data-kt=\"addButton\"]"}
COMMAND: POST /session/3247b862f9661e1dad05ca414f9e55ea/elements - {"using":"xpath","value":"//button[@data-kt=\"addButton\"]"}
RESULT: {"using":"xpath","value":"//button[@data-kt=\"addButton\"]"}
COMMAND: POST /session/3247b862f9661e1dad05ca414f9e55ea/execute/sync - {"script":"<script> [8489 bytes]","args":[{"element-6066-11e4-a52e-4f735466cecf":"f.BF6F4EA089F18175CED7BE484E452EA8.d.EE72B5D20D7AE967A9B7A39D515D7449.e.1051","ELEMENT":"f.BF6F4EA089F18175CED7BE484E452EA8.d.EE72B5D20D7AE967A9B7A39D515D7449.e.1051"}]}
RESULT: {"script":"<script> [8489 bytes]","args":[{"element-6066-11e4-a52e-4f735466cecf":"f.BF6F4EA089F18175CED7BE484E452EA8.d.EE72B5D20D7AE967A9B7A39D515D7449.e.1051","ELEMENT":"f.BF6F4EA089F18175CED7BE484E452EA8.d.EE72B5D20D7AE967A9B7A39D515D7449.e.1051"}]}
COMMAND: GET /session/3247b862f9661e1dad05ca414f9e55ea/element/f.BF6F4EA089F18175CED7BE484E452EA8.d.EE72B5D20D7AE967A9B7A39D515D7449.e.1051/enabled - {}
COMMAND: GET /session/3247b862f9661e1dad05ca414f9e55ea/screenshot - {}
RESULT: {}
COMMAND: POST /session/3247b862f9661e1dad05ca414f9e55ea/execute/sync - {"script":"<script> [8489 bytes]","args":[{"element-6066-11e4-a52e-4f735466cecf":"f.BF6F4EA089F18175CED7BE484E452EA8.d.EE72B5D20D7AE967A9B7A39D515D7449.e.1051","ELEMENT":"f.BF6F4EA089F18175CED7BE484E452EA8.d.EE72B5D20D7AE967A9B7A39D515D7449.e.1051"}]}
COMMAND: GET /session/3247b862f9661e1dad05ca414f9e55ea/screenshot - {}
RESULT: {}
RESULT: {"script":"<script> [8489 bytes]","args":[{"element-6066-11e4-a52e-4f735466cecf":"f.BF6F4EA089F18175CED7BE484E452EA8.d.EE72B5D20D7AE967A9B7A39D515D7449.e.1051","ELEMENT":"f.BF6F4EA089F18175CED7BE484E452EA8.d.EE72B5D20D7AE967A9B7A39D515D7449.e.1051"}]}
COMMAND: POST /session/3247b862f9661e1dad05ca414f9e55ea/execute/sync - {"script":"<script> [5351 bytes]","args":[{"element-6066-11e4-a52e-4f735466cecf":"f.BF6F4EA089F18175CED7BE484E452EA8.d.EE72B5D20D7AE967A9B7A39D515D7449.e.1051","ELEMENT":"f.BF6F4EA089F18175CED7BE484E452EA8.d.EE72B5D20D7AE967A9B7A39D515D7449.e.1051"}]}
COMMAND: GET /session/3247b862f9661e1dad05ca414f9e55ea/screenshot - {}
RESULT: {}
RESULT: {"script":"<script> [5351 bytes]","args":[{"element-6066-11e4-a52e-4f735466cecf":"f.BF6F4EA089F18175CED7BE484E452EA8.d.EE72B5D20D7AE967A9B7A39D515D7449.e.1051","ELEMENT":"f.BF6F4EA089F18175CED7BE484E452EA8.d.EE72B5D20D7AE967A9B7A39D515D7449.e.1051"}]}
COMMAND: POST /session/3247b862f9661e1dad05ca414f9e55ea/element/f.BF6F4EA089F18175CED7BE484E452EA8.d.EE72B5D20D7AE967A9B7A39D515D7449.e.1051/click - {}
COMMAND: GET /session/3247b862f9661e1dad05ca414f9e55ea/screenshot - {}
RESULT: {}
RESULT: {}
COMMAND: GET /session/3247b862f9661e1dad05ca414f9e55ea/screenshot - {}
COMMAND: POST /session/3247b862f9661e1dad05ca414f9e55ea/execute/async - {"script":"<script> [1562 bytes]","args":[{"selector":{"id":"application-managepartners-display-component---NewPartner--addressDetailDetailsName1","interaction":{"idSuffix":"inner"}},"wdio_ui5_key":"applicationmanagepartners-display-component---NewPartner--addressDetailDetailsName1"}]}
RESULT: {}
RESULT: {}
RESULT: {"script":"<script> [1562 bytes]","args":[{"selector":{"id":"application-managepartners-display-component---NewPartner--addressDetailDetailsName1","interaction":{"idSuffix":"inner"}},"wdio_ui5_key":"applicationmanagepartners-display-component---NewPartner--addressDetailDetailsName1"}]}
RESULT: undefined
COMMAND: POST /session/3247b862f9661e1dad05ca414f9e55ea/execute/async - {"script":"<script> [776 bytes]","args":[{"enterText":"Intracompany Partner WDIO","selector":{"id":"application-managepartners-display-component---NewPartner--addressDetailDetailsName1","interaction":{"idSuffix":"inner"}},"clearTextFirst":true,"interactionType":"ENTER_TEXT"}]}
RESULT: {"script":"<script> [776 bytes]","args":[{"enterText":"Intracompany Partner WDIO","selector":{"id":"application-managepartners-display-component---NewPartner--addressDetailDetailsName1","interaction":{"idSuffix":"inner"}},"clearTextFirst":true,"interactionType":"ENTER_TEXT"}]}
COMMAND: POST /session/3247b862f9661e1dad05ca414f9e55ea/execute/async - {"script":"<script> [1562 bytes]","args":[{"selector":{"id":"application-managepartners-display-component---NewPartner--addressDetailDetailsLanguage-arrow"},"wdio_ui5_key":"applicationmanagepartners-display-component---NewPartner--addressDetailDetailsLanguage-arrow"}]}
RESULT: {"script":"<script> [1562 bytes]","args":[{"selector":{"id":"application-managepartners-display-component---NewPartner--addressDetailDetailsLanguage-arrow"},"wdio_ui5_key":"applicationmanagepartners-display-component---NewPartner--addressDetailDetailsLanguage-arrow"}]}
RESULT: undefined
COMMAND: POST /session/3247b862f9661e1dad05ca414f9e55ea/element - {"using":"xpath","value":"//*[@id=\"application-managepartners-display-component---NewPartner--addressDetailDetailsLanguage-arrow\"]"}
RESULT: {"using":"xpath","value":"//*[@id=\"application-managepartners-display-component---NewPartner--addressDetailDetailsLanguage-arrow\"]"}
COMMAND: POST /session/3247b862f9661e1dad05ca414f9e55ea/element/f.BF6F4EA089F18175CED7BE484E452EA8.d.EE72B5D20D7AE967A9B7A39D515D7449.e.1498/click - {}
RESULT: {}
COMMAND: POST /session/3247b862f9661e1dad05ca414f9e55ea/element - {"using":"xpath","value":"//span[contains(text(), \"English\")]"}
COMMAND: GET /session/3247b862f9661e1dad05ca414f9e55ea/screenshot - {}
RESULT: {"using":"xpath","value":"//span[contains(text(), \"English\")]"}
COMMAND: POST /session/3247b862f9661e1dad05ca414f9e55ea/element/f.BF6F4EA089F18175CED7BE484E452EA8.d.EE72B5D20D7AE967A9B7A39D515D7449.e.1499/click - {}
RESULT: {}
RESULT: {}
COMMAND: GET /session/3247b862f9661e1dad05ca414f9e55ea/screenshot - {}
RESULT: {}
COMMAND: POST /session/3247b862f9661e1dad05ca414f9e55ea/execute/async - {"script":"<script> [1562 bytes]","args":[{"selector":{"id":"application-managepartners-display-component---NewPartner--addressDetailDetailsCity1","interaction":{"idSuffix":"inner"}},"wdio_ui5_key":"applicationmanagepartners-display-component---NewPartner--addressDetailDetailsCity1"}]}
RESULT: {"script":"<script> [1562 bytes]","args":[{"selector":{"id":"application-managepartners-display-component---NewPartner--addressDetailDetailsCity1","interaction":{"idSuffix":"inner"}},"wdio_ui5_key":"applicationmanagepartners-display-component---NewPartner--addressDetailDetailsCity1"}]}
RESULT: undefined
COMMAND: POST /session/3247b862f9661e1dad05ca414f9e55ea/execute/async - {"script":"<script> [776 bytes]","args":[{"enterText":"Rosario","selector":{"id":"application-managepartners-display-component---NewPartner--addressDetailDetailsCity1","interaction":{"idSuffix":"inner"}},"clearTextFirst":true,"interactionType":"ENTER_TEXT"}]}
RESULT: {"script":"<script> [776 bytes]","args":[{"enterText":"Rosario","selector":{"id":"application-managepartners-display-component---NewPartner--addressDetailDetailsCity1","interaction":{"idSuffix":"inner"}},"clearTextFirst":true,"interactionType":"ENTER_TEXT"}]}
COMMAND: POST /session/3247b862f9661e1dad05ca414f9e55ea/execute/async - {"script":"<script> [1562 bytes]","args":[{"selector":{"id":"application-managepartners-display-component---NewPartner--addressDetailDetailsCountry-arrow"},"wdio_ui5_key":"applicationmanagepartners-display-component---NewPartner--addressDetailDetailsCountry-arrow"}]}
RESULT: {"script":"<script> [1562 bytes]","args":[{"selector":{"id":"application-managepartners-display-component---NewPartner--addressDetailDetailsCountry-arrow"},"wdio_ui5_key":"applicationmanagepartners-display-component---NewPartner--addressDetailDetailsCountry-arrow"}]}
RESULT: undefined
COMMAND: POST /session/3247b862f9661e1dad05ca414f9e55ea/element - {"using":"xpath","value":"//*[@id=\"application-managepartners-display-component---NewPartner--addressDetailDetailsCountry-arrow\"]"}
RESULT: {"using":"xpath","value":"//*[@id=\"application-managepartners-display-component---NewPartner--addressDetailDetailsCountry-arrow\"]"}
COMMAND: POST /session/3247b862f9661e1dad05ca414f9e55ea/element/f.BF6F4EA089F18175CED7BE484E452EA8.d.EE72B5D20D7AE967A9B7A39D515D7449.e.1485/click - {}
RESULT: {}
COMMAND: POST /session/3247b862f9661e1dad05ca414f9e55ea/element - {"using":"xpath","value":"//span[contains(text(), \"Argentina\")]"}
COMMAND: GET /session/3247b862f9661e1dad05ca414f9e55ea/screenshot - {}
RESULT: {"using":"xpath","value":"//span[contains(text(), \"Argentina\")]"}
COMMAND: POST /session/3247b862f9661e1dad05ca414f9e55ea/element/f.BF6F4EA089F18175CED7BE484E452EA8.d.EE72B5D20D7AE967A9B7A39D515D7449.e.1501/click - {}
RESULT: {}
RESULT: {}
COMMAND: GET /session/3247b862f9661e1dad05ca414f9e55ea/screenshot - {}
RESULT: {}
COMMAND: POST /session/3247b862f9661e1dad05ca414f9e55ea/element - {"using":"xpath","value":"//bdi[contains(text(), \"Commercial\")]"}
RESULT: {"using":"xpath","value":"//bdi[contains(text(), \"Commercial\")]"}
COMMAND: POST /session/3247b862f9661e1dad05ca414f9e55ea/element/f.BF6F4EA089F18175CED7BE484E452EA8.d.EE72B5D20D7AE967A9B7A39D515D7449.e.1502/click - {}
RESULT: {}
COMMAND: GET /session/3247b862f9661e1dad05ca414f9e55ea/screenshot - {}
RESULT: {}
COMMAND: POST /session/3247b862f9661e1dad05ca414f9e55ea/execute/async - {"script":"<script> [1562 bytes]","args":[{"selector":{"id":"application-managepartners-display-component---NewPartner--partnerDetailInternal-arrow"},"wdio_ui5_key":"applicationmanagepartners-display-component---NewPartner--partnerDetailInternal-arrow"}]}
RESULT: {"script":"<script> [1562 bytes]","args":[{"selector":{"id":"application-managepartners-display-component---NewPartner--partnerDetailInternal-arrow"},"wdio_ui5_key":"applicationmanagepartners-display-component---NewPartner--partnerDetailInternal-arrow"}]}
RESULT: undefined
COMMAND: POST /session/3247b862f9661e1dad05ca414f9e55ea/element - {"using":"xpath","value":"//*[@id=\"application-managepartners-display-component---NewPartner--partnerDetailInternal-arrow\"]"}
RESULT: {"using":"xpath","value":"//*[@id=\"application-managepartners-display-component---NewPartner--partnerDetailInternal-arrow\"]"}
COMMAND: POST /session/3247b862f9661e1dad05ca414f9e55ea/element/f.BF6F4EA089F18175CED7BE484E452EA8.d.EE72B5D20D7AE967A9B7A39D515D7449.e.1508/click - {}
RESULT: {}
COMMAND: POST /session/3247b862f9661e1dad05ca414f9e55ea/element - {"using":"xpath","value":"//span[contains(text(), \"Affiliated company\")]"}
COMMAND: GET /session/3247b862f9661e1dad05ca414f9e55ea/screenshot - {}
RESULT: {"using":"xpath","value":"//span[contains(text(), \"Affiliated company\")]"}
COMMAND: POST /session/3247b862f9661e1dad05ca414f9e55ea/element/f.BF6F4EA089F18175CED7BE484E452EA8.d.EE72B5D20D7AE967A9B7A39D515D7449.e.1511/click - {}
RESULT: {}
RESULT: {}
COMMAND: POST /session/3247b862f9661e1dad05ca414f9e55ea/execute/async - {"script":"<script> [1562 bytes]","args":[{"selector":{"id":"application-managepartners-display-component---NewPartner--partnerDetailsCurrency-arrow"},"wdio_ui5_key":"applicationmanagepartners-display-component---NewPartner--partnerDetailsCurrency-arrow"}]}
COMMAND: GET /session/3247b862f9661e1dad05ca414f9e55ea/screenshot - {}
RESULT: {"script":"<script> [1562 bytes]","args":[{"selector":{"id":"application-managepartners-display-component---NewPartner--partnerDetailsCurrency-arrow"},"wdio_ui5_key":"applicationmanagepartners-display-component---NewPartner--partnerDetailsCurrency-arrow"}]}
RESULT: undefined
COMMAND: POST /session/3247b862f9661e1dad05ca414f9e55ea/element - {"using":"xpath","value":"//*[@id=\"application-managepartners-display-component---NewPartner--partnerDetailsCurrency-arrow\"]"}
RESULT: {}
RESULT: {"using":"xpath","value":"//*[@id=\"application-managepartners-display-component---NewPartner--partnerDetailsCurrency-arrow\"]"}
COMMAND: POST /session/3247b862f9661e1dad05ca414f9e55ea/element/f.BF6F4EA089F18175CED7BE484E452EA8.d.EE72B5D20D7AE967A9B7A39D515D7449.e.1518/click - {}
RESULT: {}
COMMAND: POST /session/3247b862f9661e1dad05ca414f9e55ea/element - {"using":"xpath","value":"//span[contains(text(), \"Euro\")]"}
COMMAND: GET /session/3247b862f9661e1dad05ca414f9e55ea/screenshot - {}
RESULT: {"using":"xpath","value":"//span[contains(text(), \"Euro\")]"}
COMMAND: POST /session/3247b862f9661e1dad05ca414f9e55ea/element/f.BF6F4EA089F18175CED7BE484E452EA8.d.EE72B5D20D7AE967A9B7A39D515D7449.e.1519/click - {}
RESULT: {}
RESULT: {}
COMMAND: POST /session/3247b862f9661e1dad05ca414f9e55ea/execute/async - {"script":"<script> [1562 bytes]","args":[{"selector":{"id":"application-managepartners-display-component---NewPartner--addressEditDetailsCostObjectCstType-arrow"},"wdio_ui5_key":"applicationmanagepartners-display-component---NewPartner--addressEditDetailsCostObjectCstType-arrow"}]}
COMMAND: GET /session/3247b862f9661e1dad05ca414f9e55ea/screenshot - {}
RESULT: {"script":"<script> [1562 bytes]","args":[{"selector":{"id":"application-managepartners-display-component---NewPartner--addressEditDetailsCostObjectCstType-arrow"},"wdio_ui5_key":"applicationmanagepartners-display-component---NewPartner--addressEditDetailsCostObjectCstType-arrow"}]}
RESULT: undefined
COMMAND: POST /session/3247b862f9661e1dad05ca414f9e55ea/element - {"using":"xpath","value":"//*[@id=\"application-managepartners-display-component---NewPartner--addressEditDetailsCostObjectCstType-arrow\"]"}
RESULT: {}
RESULT: {"using":"xpath","value":"//*[@id=\"application-managepartners-display-component---NewPartner--addressEditDetailsCostObjectCstType-arrow\"]"}
COMMAND: POST /session/3247b862f9661e1dad05ca414f9e55ea/element/f.BF6F4EA089F18175CED7BE484E452EA8.d.EE72B5D20D7AE967A9B7A39D515D7449.e.1520/click - {}
RESULT: {}
COMMAND: POST /session/3247b862f9661e1dad05ca414f9e55ea/element - {"using":"xpath","value":"//span[contains(text(), \"Cost Center\")]"}
COMMAND: GET /session/3247b862f9661e1dad05ca414f9e55ea/screenshot - {}
RESULT: {"using":"xpath","value":"//span[contains(text(), \"Cost Center\")]"}
COMMAND: POST /session/3247b862f9661e1dad05ca414f9e55ea/element/f.BF6F4EA089F18175CED7BE484E452EA8.d.EE72B5D20D7AE967A9B7A39D515D7449.e.1521/click - {}
RESULT: {}
RESULT: {}
COMMAND: GET /session/3247b862f9661e1dad05ca414f9e55ea/screenshot - {}
RESULT: {}
COMMAND: POST /session/3247b862f9661e1dad05ca414f9e55ea/element - {"using":"xpath","value":"//span[@id=\"application-managepartners-display-component---NewPartner--addressNewCostObjectCstID-vhi\"]"}
RESULT: {"using":"xpath","value":"//span[@id=\"application-managepartners-display-component---NewPartner--addressNewCostObjectCstID-vhi\"]"}
COMMAND: POST /session/3247b862f9661e1dad05ca414f9e55ea/execute/sync - {"script":"<script> [8489 bytes]","args":[{"element-6066-11e4-a52e-4f735466cecf":"f.BF6F4EA089F18175CED7BE484E452EA8.d.EE72B5D20D7AE967A9B7A39D515D7449.e.1525","ELEMENT":"f.BF6F4EA089F18175CED7BE484E452EA8.d.EE72B5D20D7AE967A9B7A39D515D7449.e.1525"}]}
RESULT: {"script":"<script> [8489 bytes]","args":[{"element-6066-11e4-a52e-4f735466cecf":"f.BF6F4EA089F18175CED7BE484E452EA8.d.EE72B5D20D7AE967A9B7A39D515D7449.e.1525","ELEMENT":"f.BF6F4EA089F18175CED7BE484E452EA8.d.EE72B5D20D7AE967A9B7A39D515D7449.e.1525"}]}
COMMAND: POST /session/3247b862f9661e1dad05ca414f9e55ea/execute/async - {"script":"<script> [1562 bytes]","args":[{"selector":{"id":"application-managepartners-display-component---NewPartner--addressNewCostObjectCstID-vhi"},"wdio_ui5_key":"applicationmanagepartners-display-component---NewPartner--addressNewCostObjectCstID-vhi"}]}
COMMAND: GET /session/3247b862f9661e1dad05ca414f9e55ea/screenshot - {}
RESULT: {"script":"<script> [1562 bytes]","args":[{"selector":{"id":"application-managepartners-display-component---NewPartner--addressNewCostObjectCstID-vhi"},"wdio_ui5_key":"applicationmanagepartners-display-component---NewPartner--addressNewCostObjectCstID-vhi"}]}
RESULT: undefined
COMMAND: POST /session/3247b862f9661e1dad05ca414f9e55ea/element - {"using":"xpath","value":"//*[@id=\"application-managepartners-display-component---NewPartner--addressNewCostObjectCstID-vhi\"]"}
RESULT: {}
RESULT: {"using":"xpath","value":"//*[@id=\"application-managepartners-display-component---NewPartner--addressNewCostObjectCstID-vhi\"]"}
COMMAND: POST /session/3247b862f9661e1dad05ca414f9e55ea/element/f.BF6F4EA089F18175CED7BE484E452EA8.d.EE72B5D20D7AE967A9B7A39D515D7449.e.1525/click - {}
RESULT: {}
COMMAND: GET /session/3247b862f9661e1dad05ca414f9e55ea/screenshot - {}
RESULT: {}
RESULT: undefined
COMMAND: POST /session/3247b862f9661e1dad05ca414f9e55ea/execute/async - {"script":"<script> [776 bytes]","args":[{"enterText":"10001013","selector":{"controlType":"sap.m.SearchField","properties":{"placeholder":"Search"},"searchOpenDialogs":true,"interaction":{"idSuffix":"I"}},"clearTextFirst":true,"interactionType":"ENTER_TEXT"}]}
RESULT: {"script":"<script> [776 bytes]","args":[{"enterText":"10001013","selector":{"controlType":"sap.m.SearchField","properties":{"placeholder":"Search"},"searchOpenDialogs":true,"interaction":{"idSuffix":"I"}},"clearTextFirst":true,"interactionType":"ENTER_TEXT"}]}
COMMAND: POST /session/3247b862f9661e1dad05ca414f9e55ea/actions - {"actions":[{"id":"action2","type":"key","parameters":{},"actions":[{"type":"keyDown","value":"î€‡"},{"type":"pause","duration":10},{"type":"keyUp","value":"î€‡"}]}]}
RESULT: {"actions":[{"id":"action2","type":"key","parameters":{},"actions":[{"type":"keyDown","value":"î€‡"},{"type":"pause","duration":10},{"type":"keyUp","value":"î€‡"}]}]}
COMMAND: GET /session/3247b862f9661e1dad05ca414f9e55ea/screenshot - {}
RESULT: {}
COMMAND: POST /session/3247b862f9661e1dad05ca414f9e55ea/element - {"using":"xpath","value":"//span[contains(text(), \"General Management\")]"}
RESULT: {"using":"xpath","value":"//span[contains(text(), \"General Management\")]"}
COMMAND: POST /session/3247b862f9661e1dad05ca414f9e55ea/element/f.BF6F4EA089F18175CED7BE484E452EA8.d.EE72B5D20D7AE967A9B7A39D515D7449.e.1564/click - {}
RESULT: {}
COMMAND: GET /session/3247b862f9661e1dad05ca414f9e55ea/screenshot - {}
RESULT: {}
COMMAND: POST /session/3247b862f9661e1dad05ca414f9e55ea/element - {"using":"xpath","value":"//bdi[contains(text(), \"OK\")]"}
RESULT: {"using":"xpath","value":"//bdi[contains(text(), \"OK\")]"}
COMMAND: POST /session/3247b862f9661e1dad05ca414f9e55ea/element/f.BF6F4EA089F18175CED7BE484E452EA8.d.EE72B5D20D7AE967A9B7A39D515D7449.e.1565/click - {}
RESULT: {}
COMMAND: GET /session/3247b862f9661e1dad05ca414f9e55ea/screenshot - {}
RESULT: {}
COMMAND: POST /session/3247b862f9661e1dad05ca414f9e55ea/element - {"using":"xpath","value":"//input[@id=\"application-managepartners-display-component---NewPartner--companyCodeComboBox-inner\"]"}
RESULT: {"using":"xpath","value":"//input[@id=\"application-managepartners-display-component---NewPartner--companyCodeComboBox-inner\"]"}
COMMAND: POST /session/3247b862f9661e1dad05ca414f9e55ea/element/f.BF6F4EA089F18175CED7BE484E452EA8.d.EE72B5D20D7AE967A9B7A39D515D7449.e.1364/clear - {}
RESULT: {}
COMMAND: POST /session/3247b862f9661e1dad05ca414f9e55ea/element/f.BF6F4EA089F18175CED7BE484E452EA8.d.EE72B5D20D7AE967A9B7A39D515D7449.e.1364/value - {"text":"1000"}
COMMAND: GET /session/3247b862f9661e1dad05ca414f9e55ea/screenshot - {}
RESULT: {"text":"1000"}
COMMAND: GET /session/3247b862f9661e1dad05ca414f9e55ea/screenshot - {}
RESULT: {}
RESULT: {}
COMMAND: POST /session/3247b862f9661e1dad05ca414f9e55ea/element - {"using":"xpath","value":"//li[.//span[text()= \"1000\"]]"}
RESULT: {"using":"xpath","value":"//li[.//span[text()= \"1000\"]]"}
COMMAND: POST /session/3247b862f9661e1dad05ca414f9e55ea/element/f.BF6F4EA089F18175CED7BE484E452EA8.d.EE72B5D20D7AE967A9B7A39D515D7449.e.1571/click - {}
RESULT: {}
COMMAND: GET /session/3247b862f9661e1dad05ca414f9e55ea/screenshot - {}
RESULT: {}
COMMAND: POST /session/3247b862f9661e1dad05ca414f9e55ea/execute/async - {"script":"<script> [1562 bytes]","args":[{"selector":{"id":"application-managepartners-display-component---NewPartner--btnAddTableRow-img"},"wdio_ui5_key":"applicationmanagepartners-display-component---NewPartner--btnAddTableRow-img"}]}
RESULT: {"script":"<script> [1562 bytes]","args":[{"selector":{"id":"application-managepartners-display-component---NewPartner--btnAddTableRow-img"},"wdio_ui5_key":"applicationmanagepartners-display-component---NewPartner--btnAddTableRow-img"}]}
RESULT: undefined
COMMAND: POST /session/3247b862f9661e1dad05ca414f9e55ea/element - {"using":"xpath","value":"//*[@id=\"application-managepartners-display-component---NewPartner--btnAddTableRow-img\"]"}
RESULT: {"using":"xpath","value":"//*[@id=\"application-managepartners-display-component---NewPartner--btnAddTableRow-img\"]"}
COMMAND: POST /session/3247b862f9661e1dad05ca414f9e55ea/element/f.BF6F4EA089F18175CED7BE484E452EA8.d.EE72B5D20D7AE967A9B7A39D515D7449.e.1572/click - {}
RESULT: {}
COMMAND: GET /session/3247b862f9661e1dad05ca414f9e55ea/screenshot - {}
RESULT: {}
COMMAND: POST /session/3247b862f9661e1dad05ca414f9e55ea/element - {"using":"xpath","value":"//input[@id=\"application-managepartners-display-component---NewPartner--assignmentYard-application-managepartners-display-component---NewPartner--assignmentsTable-0-inner\"]"}
RESULT: {"using":"xpath","value":"//input[@id=\"application-managepartners-display-component---NewPartner--assignmentYard-application-managepartners-display-component---NewPartner--assignmentsTable-0-inner\"]"}
COMMAND: POST /session/3247b862f9661e1dad05ca414f9e55ea/element/f.BF6F4EA089F18175CED7BE484E452EA8.d.EE72B5D20D7AE967A9B7A39D515D7449.e.1575/clear - {}
RESULT: {}
COMMAND: POST /session/3247b862f9661e1dad05ca414f9e55ea/element/f.BF6F4EA089F18175CED7BE484E452EA8.d.EE72B5D20D7AE967A9B7A39D515D7449.e.1575/value - {"text":"598"}
COMMAND: GET /session/3247b862f9661e1dad05ca414f9e55ea/screenshot - {}
RESULT: {"text":"598"}
COMMAND: GET /session/3247b862f9661e1dad05ca414f9e55ea/screenshot - {}
RESULT: {}
RESULT: {}
COMMAND: POST /session/3247b862f9661e1dad05ca414f9e55ea/element - {"using":"xpath","value":"//li[.//span[text()='598']]"}
RESULT: {"using":"xpath","value":"//li[.//span[text()='598']]"}
COMMAND: POST /session/3247b862f9661e1dad05ca414f9e55ea/element/f.BF6F4EA089F18175CED7BE484E452EA8.d.EE72B5D20D7AE967A9B7A39D515D7449.e.1584/click - {}
RESULT: {}
COMMAND: GET /session/3247b862f9661e1dad05ca414f9e55ea/screenshot - {}
RESULT: {}
COMMAND: POST /session/3247b862f9661e1dad05ca414f9e55ea/actions - {"actions":[{"id":"action3","type":"key","parameters":{},"actions":[{"type":"keyDown","value":"î€‡"},{"type":"pause","duration":10},{"type":"keyUp","value":"î€‡"}]}]}
RESULT: {"actions":[{"id":"action3","type":"key","parameters":{},"actions":[{"type":"keyDown","value":"î€‡"},{"type":"pause","duration":10},{"type":"keyUp","value":"î€‡"}]}]}
COMMAND: POST /session/3247b862f9661e1dad05ca414f9e55ea/execute/async - {"script":"<script> [1562 bytes]","args":[{"selector":{"id":"application-managepartners-display-component---NewPartner--externalCustomerComboBox-application-managepartners-display-component---NewPartner--assignmentsTable-0-vhi"},"wdio_ui5_key":"applicationmanagepartners-display-component---NewPartner--externalCustomerComboBox-application-managepartners-display-component---NewPartner--assignmentsTable-0-vhi"}]}
COMMAND: GET /session/3247b862f9661e1dad05ca414f9e55ea/screenshot - {}
RESULT: {"script":"<script> [1562 bytes]","args":[{"selector":{"id":"application-managepartners-display-component---NewPartner--externalCustomerComboBox-application-managepartners-display-component---NewPartner--assignmentsTable-0-vhi"},"wdio_ui5_key":"applicationmanagepartners-display-component---NewPartner--externalCustomerComboBox-application-managepartners-display-component---NewPartner--assignmentsTable-0-vhi"}]}
RESULT: undefined
COMMAND: POST /session/3247b862f9661e1dad05ca414f9e55ea/element - {"using":"xpath","value":"//*[@id=\"application-managepartners-display-component---NewPartner--externalCustomerComboBox-application-managepartners-display-component---NewPartner--assignmentsTable-0-vhi\"]"}
RESULT: {}
RESULT: {"using":"xpath","value":"//*[@id=\"application-managepartners-display-component---NewPartner--externalCustomerComboBox-application-managepartners-display-component---NewPartner--assignmentsTable-0-vhi\"]"}
COMMAND: POST /session/3247b862f9661e1dad05ca414f9e55ea/element/f.BF6F4EA089F18175CED7BE484E452EA8.d.EE72B5D20D7AE967A9B7A39D515D7449.e.1588/click - {}
RESULT: {}
RESULT: undefined
COMMAND: POST /session/3247b862f9661e1dad05ca414f9e55ea/execute/async - {"script":"<script> [776 bytes]","args":[{"enterText":"300003","selector":{"controlType":"sap.m.SearchField","properties":{"placeholder":"Search"},"searchOpenDialogs":true,"interaction":{"idSuffix":"I"}},"clearTextFirst":true,"interactionType":"ENTER_TEXT"}]}
COMMAND: GET /session/3247b862f9661e1dad05ca414f9e55ea/screenshot - {}
RESULT: {"script":"<script> [776 bytes]","args":[{"enterText":"300003","selector":{"controlType":"sap.m.SearchField","properties":{"placeholder":"Search"},"searchOpenDialogs":true,"interaction":{"idSuffix":"I"}},"clearTextFirst":true,"interactionType":"ENTER_TEXT"}]}
COMMAND: POST /session/3247b862f9661e1dad05ca414f9e55ea/actions - {"actions":[{"id":"action4","type":"key","parameters":{},"actions":[{"type":"keyDown","value":"î€‡"},{"type":"pause","duration":10},{"type":"keyUp","value":"î€‡"}]}]}
RESULT: {}
RESULT: {"actions":[{"id":"action4","type":"key","parameters":{},"actions":[{"type":"keyDown","value":"î€‡"},{"type":"pause","duration":10},{"type":"keyUp","value":"î€‡"}]}]}
COMMAND: GET /session/3247b862f9661e1dad05ca414f9e55ea/screenshot - {}
RESULT: {}
COMMAND: POST /session/3247b862f9661e1dad05ca414f9e55ea/element - {"using":"xpath","value":"//span[contains(text(), \"300003\")]"}
RESULT: {"using":"xpath","value":"//span[contains(text(), \"300003\")]"}
COMMAND: POST /session/3247b862f9661e1dad05ca414f9e55ea/element/f.BF6F4EA089F18175CED7BE484E452EA8.d.EE72B5D20D7AE967A9B7A39D515D7449.e.1606/click - {}
RESULT: {}
COMMAND: GET /session/3247b862f9661e1dad05ca414f9e55ea/screenshot - {}
RESULT: {}
COMMAND: POST /session/3247b862f9661e1dad05ca414f9e55ea/element - {"using":"xpath","value":"//bdi[contains(text(), \"OK\")]"}
RESULT: {"using":"xpath","value":"//bdi[contains(text(), \"OK\")]"}
COMMAND: POST /session/3247b862f9661e1dad05ca414f9e55ea/element/f.BF6F4EA089F18175CED7BE484E452EA8.d.EE72B5D20D7AE967A9B7A39D515D7449.e.1608/click - {}
RESULT: {}
COMMAND: GET /session/3247b862f9661e1dad05ca414f9e55ea/screenshot - {}
RESULT: {}
COMMAND: POST /session/3247b862f9661e1dad05ca414f9e55ea/execute/async - {"script":"<script> [1562 bytes]","args":[{"selector":{"id":"application-managepartners-display-component---NewPartner--intercompVendorComboBox-application-managepartners-display-component---NewPartner--assignmentsTable-0-vhi"},"wdio_ui5_key":"applicationmanagepartners-display-component---NewPartner--intercompVendorComboBox-application-managepartners-display-component---NewPartner--assignmentsTable-0-vhi"}]}
RESULT: {"script":"<script> [1562 bytes]","args":[{"selector":{"id":"application-managepartners-display-component---NewPartner--intercompVendorComboBox-application-managepartners-display-component---NewPartner--assignmentsTable-0-vhi"},"wdio_ui5_key":"applicationmanagepartners-display-component---NewPartner--intercompVendorComboBox-application-managepartners-display-component---NewPartner--assignmentsTable-0-vhi"}]}
RESULT: undefined
COMMAND: POST /session/3247b862f9661e1dad05ca414f9e55ea/element - {"using":"xpath","value":"//*[@id=\"application-managepartners-display-component---NewPartner--intercompVendorComboBox-application-managepartners-display-component---NewPartner--assignmentsTable-0-vhi\"]"}
RESULT: {"using":"xpath","value":"//*[@id=\"application-managepartners-display-component---NewPartner--intercompVendorComboBox-application-managepartners-display-component---NewPartner--assignmentsTable-0-vhi\"]"}
COMMAND: POST /session/3247b862f9661e1dad05ca414f9e55ea/element/f.BF6F4EA089F18175CED7BE484E452EA8.d.EE72B5D20D7AE967A9B7A39D515D7449.e.1611/click - {}
RESULT: {}
RESULT: undefined
COMMAND: POST /session/3247b862f9661e1dad05ca414f9e55ea/execute/async - {"script":"<script> [776 bytes]","args":[{"enterText":"100005","selector":{"controlType":"sap.m.SearchField","properties":{"placeholder":"Search"},"searchOpenDialogs":true,"interaction":{"idSuffix":"I"}},"clearTextFirst":true,"interactionType":"ENTER_TEXT"}]}
COMMAND: GET /session/3247b862f9661e1dad05ca414f9e55ea/screenshot - {}
RESULT: {"script":"<script> [776 bytes]","args":[{"enterText":"100005","selector":{"controlType":"sap.m.SearchField","properties":{"placeholder":"Search"},"searchOpenDialogs":true,"interaction":{"idSuffix":"I"}},"clearTextFirst":true,"interactionType":"ENTER_TEXT"}]}
COMMAND: POST /session/3247b862f9661e1dad05ca414f9e55ea/actions - {"actions":[{"id":"action5","type":"key","parameters":{},"actions":[{"type":"keyDown","value":"î€‡"},{"type":"pause","duration":10},{"type":"keyUp","value":"î€‡"}]}]}
RESULT: {}
RESULT: {"actions":[{"id":"action5","type":"key","parameters":{},"actions":[{"type":"keyDown","value":"î€‡"},{"type":"pause","duration":10},{"type":"keyUp","value":"î€‡"}]}]}
COMMAND: GET /session/3247b862f9661e1dad05ca414f9e55ea/screenshot - {}
RESULT: {}
COMMAND: POST /session/3247b862f9661e1dad05ca414f9e55ea/element - {"using":"xpath","value":"//span[contains(text(), \"Penguins - Field/12345 Berlin\")]"}
RESULT: {"using":"xpath","value":"//span[contains(text(), \"Penguins - Field/12345 Berlin\")]"}
COMMAND: POST /session/3247b862f9661e1dad05ca414f9e55ea/element/f.BF6F4EA089F18175CED7BE484E452EA8.d.EE72B5D20D7AE967A9B7A39D515D7449.e.1630/click - {}
RESULT: {}
COMMAND: GET /session/3247b862f9661e1dad05ca414f9e55ea/screenshot - {}
RESULT: {}
COMMAND: POST /session/3247b862f9661e1dad05ca414f9e55ea/element - {"using":"xpath","value":"//bdi[contains(text(), \"OK\")]"}
RESULT: {"using":"xpath","value":"//bdi[contains(text(), \"OK\")]"}
COMMAND: POST /session/3247b862f9661e1dad05ca414f9e55ea/element/f.BF6F4EA089F18175CED7BE484E452EA8.d.EE72B5D20D7AE967A9B7A39D515D7449.e.1631/click - {}
RESULT: {}
COMMAND: GET /session/3247b862f9661e1dad05ca414f9e55ea/screenshot - {}
RESULT: {}
COMMAND: POST /session/3247b862f9661e1dad05ca414f9e55ea/element - {"using":"xpath","value":"//button[@data-kt=\"saveButton\"]"}
RESULT: {"using":"xpath","value":"//button[@data-kt=\"saveButton\"]"}
COMMAND: POST /session/3247b862f9661e1dad05ca414f9e55ea/element/f.BF6F4EA089F18175CED7BE484E452EA8.d.EE72B5D20D7AE967A9B7A39D515D7449.e.1397/click - {}
RESULT: {}
COMMAND: GET /session/3247b862f9661e1dad05ca414f9e55ea/screenshot - {}
RESULT: {}
COMMAND: POST /session/3247b862f9661e1dad05ca414f9e55ea/element - {"using":"xpath","value":"//header[contains(@id, 'ObjectPageLayout-headerTitle')]/div[1]/div[2]/div[2]/span[1]"}
RESULT: {"using":"xpath","value":"//header[contains(@id, 'ObjectPageLayout-headerTitle')]/div[1]/div[2]/div[2]/span[1]"}
COMMAND: POST /session/3247b862f9661e1dad05ca414f9e55ea/elements - {"using":"xpath","value":"//header[contains(@id, 'ObjectPageLayout-headerTitle')]/div[1]/div[2]/div[2]/span[1]"}
RESULT: {"using":"xpath","value":"//header[contains(@id, 'ObjectPageLayout-headerTitle')]/div[1]/div[2]/div[2]/span[1]"}
COMMAND: POST /session/3247b862f9661e1dad05ca414f9e55ea/execute/sync - {"script":"<script> [56 bytes]","args":[{"element-6066-11e4-a52e-4f735466cecf":"f.BF6F4EA089F18175CED7BE484E452EA8.d.EE72B5D20D7AE967A9B7A39D515D7449.e.1798","ELEMENT":"f.BF6F4EA089F18175CED7BE484E452EA8.d.EE72B5D20D7AE967A9B7A39D515D7449.e.1798"}]}
RESULT: {"script":"<script> [56 bytes]","args":[{"element-6066-11e4-a52e-4f735466cecf":"f.BF6F4EA089F18175CED7BE484E452EA8.d.EE72B5D20D7AE967A9B7A39D515D7449.e.1798","ELEMENT":"f.BF6F4EA089F18175CED7BE484E452EA8.d.EE72B5D20D7AE967A9B7A39D515D7449.e.1798"}]}
COMMAND: POST /session/3247b862f9661e1dad05ca414f9e55ea/element - {"using":"css selector","value":"#shell-header-logo"}
COMMAND: GET /session/3247b862f9661e1dad05ca414f9e55ea/screenshot - {}
RESULT: {"using":"css selector","value":"#shell-header-logo"}
COMMAND: POST /session/3247b862f9661e1dad05ca414f9e55ea/element/f.BF6F4EA089F18175CED7BE484E452EA8.d.EE72B5D20D7AE967A9B7A39D515D7449.e.1006/click - {}
RESULT: {}
RESULT: {}
COMMAND: GET /session/3247b862f9661e1dad05ca414f9e55ea/screenshot - {}
RESULT: {}
COMMAND: POST /session/3247b862f9661e1dad05ca414f9e55ea/execute/sync - {"script":"<script> [299 bytes]","args":[["getModel","getResource"]]}
RESULT: {"script":"<script> [299 bytes]","args":[["getModel","getResource"]]}
COMMAND: GET /session/3247b862f9661e1dad05ca414f9e55ea/screenshot - {}
]]></system-out>
    </testcase>
    <testcase classname="chrome.136_0_7103_93.windows.Billing_confirm_US117289" name="Should create a new site" time="94.077">
      <system-out><![CDATA[
COMMAND: POST /session/3247b862f9661e1dad05ca414f9e55ea/execute/async - {"script":"<script> [1562 bytes]","args":[{"selector":{"controlType":"sap.m.GenericTile","properties":{"header":"Manage Sites"}},"wdio_ui5_key":"sapm.GenericTile{\"header\":\"Manage Sites\"}"}]}
RESULT: {}
RESULT: {"script":"<script> [1562 bytes]","args":[{"selector":{"controlType":"sap.m.GenericTile","properties":{"header":"Manage Sites"}},"wdio_ui5_key":"sapm.GenericTile{\"header\":\"Manage Sites\"}"}]}
RESULT: undefined
COMMAND: POST /session/3247b862f9661e1dad05ca414f9e55ea/element - {"using":"xpath","value":"//*[@id=\"__tile40\"]"}
RESULT: {"using":"xpath","value":"//*[@id=\"__tile40\"]"}
COMMAND: POST /session/3247b862f9661e1dad05ca414f9e55ea/element/f.BF6F4EA089F18175CED7BE484E452EA8.d.EE72B5D20D7AE967A9B7A39D515D7449.e.129/click - {}
RESULT: {}
COMMAND: GET /session/3247b862f9661e1dad05ca414f9e55ea/screenshot - {}
RESULT: {}
COMMAND: POST /session/3247b862f9661e1dad05ca414f9e55ea/elements - {"using":"xpath","value":"//span[text()='Error']"}
RESULT: {"using":"xpath","value":"//span[text()='Error']"}
COMMAND: POST /session/3247b862f9661e1dad05ca414f9e55ea/element - {"using":"xpath","value":"//button[@data-kt=\"addOverflowToolbarButton\"]"}
RESULT: {"using":"xpath","value":"//button[@data-kt=\"addOverflowToolbarButton\"]"}
COMMAND: POST /session/3247b862f9661e1dad05ca414f9e55ea/elements - {"using":"xpath","value":"//button[@data-kt=\"addOverflowToolbarButton\"]"}
RESULT: {"using":"xpath","value":"//button[@data-kt=\"addOverflowToolbarButton\"]"}
COMMAND: POST /session/3247b862f9661e1dad05ca414f9e55ea/execute/sync - {"script":"<script> [8489 bytes]","args":[{"element-6066-11e4-a52e-4f735466cecf":"f.BF6F4EA089F18175CED7BE484E452EA8.d.EE72B5D20D7AE967A9B7A39D515D7449.e.1844","ELEMENT":"f.BF6F4EA089F18175CED7BE484E452EA8.d.EE72B5D20D7AE967A9B7A39D515D7449.e.1844"}]}
RESULT: {"script":"<script> [8489 bytes]","args":[{"element-6066-11e4-a52e-4f735466cecf":"f.BF6F4EA089F18175CED7BE484E452EA8.d.EE72B5D20D7AE967A9B7A39D515D7449.e.1844","ELEMENT":"f.BF6F4EA089F18175CED7BE484E452EA8.d.EE72B5D20D7AE967A9B7A39D515D7449.e.1844"}]}
COMMAND: GET /session/3247b862f9661e1dad05ca414f9e55ea/element/f.BF6F4EA089F18175CED7BE484E452EA8.d.EE72B5D20D7AE967A9B7A39D515D7449.e.1844/enabled - {}
COMMAND: GET /session/3247b862f9661e1dad05ca414f9e55ea/screenshot - {}
RESULT: {}
COMMAND: POST /session/3247b862f9661e1dad05ca414f9e55ea/execute/sync - {"script":"<script> [8489 bytes]","args":[{"element-6066-11e4-a52e-4f735466cecf":"f.BF6F4EA089F18175CED7BE484E452EA8.d.EE72B5D20D7AE967A9B7A39D515D7449.e.1844","ELEMENT":"f.BF6F4EA089F18175CED7BE484E452EA8.d.EE72B5D20D7AE967A9B7A39D515D7449.e.1844"}]}
COMMAND: GET /session/3247b862f9661e1dad05ca414f9e55ea/screenshot - {}
RESULT: {}
RESULT: {"script":"<script> [8489 bytes]","args":[{"element-6066-11e4-a52e-4f735466cecf":"f.BF6F4EA089F18175CED7BE484E452EA8.d.EE72B5D20D7AE967A9B7A39D515D7449.e.1844","ELEMENT":"f.BF6F4EA089F18175CED7BE484E452EA8.d.EE72B5D20D7AE967A9B7A39D515D7449.e.1844"}]}
COMMAND: POST /session/3247b862f9661e1dad05ca414f9e55ea/execute/sync - {"script":"<script> [5351 bytes]","args":[{"element-6066-11e4-a52e-4f735466cecf":"f.BF6F4EA089F18175CED7BE484E452EA8.d.EE72B5D20D7AE967A9B7A39D515D7449.e.1844","ELEMENT":"f.BF6F4EA089F18175CED7BE484E452EA8.d.EE72B5D20D7AE967A9B7A39D515D7449.e.1844"}]}
COMMAND: GET /session/3247b862f9661e1dad05ca414f9e55ea/screenshot - {}
RESULT: {}
RESULT: {"script":"<script> [5351 bytes]","args":[{"element-6066-11e4-a52e-4f735466cecf":"f.BF6F4EA089F18175CED7BE484E452EA8.d.EE72B5D20D7AE967A9B7A39D515D7449.e.1844","ELEMENT":"f.BF6F4EA089F18175CED7BE484E452EA8.d.EE72B5D20D7AE967A9B7A39D515D7449.e.1844"}]}
COMMAND: POST /session/3247b862f9661e1dad05ca414f9e55ea/element/f.BF6F4EA089F18175CED7BE484E452EA8.d.EE72B5D20D7AE967A9B7A39D515D7449.e.1844/click - {}
COMMAND: GET /session/3247b862f9661e1dad05ca414f9e55ea/screenshot - {}
RESULT: {}
RESULT: {}
COMMAND: GET /session/3247b862f9661e1dad05ca414f9e55ea/screenshot - {}
RESULT: {}
RESULT: {}
COMMAND: POST /session/3247b862f9661e1dad05ca414f9e55ea/element - {"using":"xpath","value":"//input[@id=\"application-managesites-display-component---NewSite--siteId-inner\"]"}
RESULT: {"using":"xpath","value":"//input[@id=\"application-managesites-display-component---NewSite--siteId-inner\"]"}
COMMAND: POST /session/3247b862f9661e1dad05ca414f9e55ea/element - {"using":"xpath","value":"//input[@id=\"application-managesites-display-component---NewSite--siteId-inner\"]"}
RESULT: {"using":"xpath","value":"//input[@id=\"application-managesites-display-component---NewSite--siteId-inner\"]"}
COMMAND: POST /session/3247b862f9661e1dad05ca414f9e55ea/execute/async - {"script":"<script> [1562 bytes]","args":[{"selector":{"id":"application-managesites-display-component---NewSite--addressDetailDetailsName1","interaction":{"idSuffix":"inner"}},"wdio_ui5_key":"applicationmanagesites-display-component---NewSite--addressDetailDetailsName1"}]}
RESULT: {"script":"<script> [1562 bytes]","args":[{"selector":{"id":"application-managesites-display-component---NewSite--addressDetailDetailsName1","interaction":{"idSuffix":"inner"}},"wdio_ui5_key":"applicationmanagesites-display-component---NewSite--addressDetailDetailsName1"}]}
RESULT: undefined
COMMAND: POST /session/3247b862f9661e1dad05ca414f9e55ea/execute/async - {"script":"<script> [776 bytes]","args":[{"enterText":"Intracompany Site wdIO","selector":{"id":"application-managesites-display-component---NewSite--addressDetailDetailsName1","interaction":{"idSuffix":"inner"}},"clearTextFirst":true,"interactionType":"ENTER_TEXT"}]}
RESULT: {"script":"<script> [776 bytes]","args":[{"enterText":"Intracompany Site wdIO","selector":{"id":"application-managesites-display-component---NewSite--addressDetailDetailsName1","interaction":{"idSuffix":"inner"}},"clearTextFirst":true,"interactionType":"ENTER_TEXT"}]}
COMMAND: POST /session/3247b862f9661e1dad05ca414f9e55ea/execute/async - {"script":"<script> [1562 bytes]","args":[{"selector":{"id":"application-managesites-display-component---NewSite--addressDetailDetailsLanguage-arrow"},"wdio_ui5_key":"applicationmanagesites-display-component---NewSite--addressDetailDetailsLanguage-arrow"}]}
RESULT: {"script":"<script> [1562 bytes]","args":[{"selector":{"id":"application-managesites-display-component---NewSite--addressDetailDetailsLanguage-arrow"},"wdio_ui5_key":"applicationmanagesites-display-component---NewSite--addressDetailDetailsLanguage-arrow"}]}
RESULT: undefined
COMMAND: POST /session/3247b862f9661e1dad05ca414f9e55ea/element - {"using":"xpath","value":"//*[@id=\"application-managesites-display-component---NewSite--addressDetailDetailsLanguage-arrow\"]"}
RESULT: {"using":"xpath","value":"//*[@id=\"application-managesites-display-component---NewSite--addressDetailDetailsLanguage-arrow\"]"}
COMMAND: POST /session/3247b862f9661e1dad05ca414f9e55ea/element/f.BF6F4EA089F18175CED7BE484E452EA8.d.EE72B5D20D7AE967A9B7A39D515D7449.e.2478/click - {}
RESULT: {}
COMMAND: POST /session/3247b862f9661e1dad05ca414f9e55ea/element - {"using":"xpath","value":"//span[contains(text(), \"English\")]"}
COMMAND: GET /session/3247b862f9661e1dad05ca414f9e55ea/screenshot - {}
RESULT: {"using":"xpath","value":"//span[contains(text(), \"English\")]"}
COMMAND: POST /session/3247b862f9661e1dad05ca414f9e55ea/element/f.BF6F4EA089F18175CED7BE484E452EA8.d.EE72B5D20D7AE967A9B7A39D515D7449.e.2479/click - {}
RESULT: {}
RESULT: {}
COMMAND: POST /session/3247b862f9661e1dad05ca414f9e55ea/execute/async - {"script":"<script> [1562 bytes]","args":[{"selector":{"id":"application-managesites-display-component---NewSite--addressDetailDetailsCity1","interaction":{"idSuffix":"inner"}},"wdio_ui5_key":"applicationmanagesites-display-component---NewSite--addressDetailDetailsCity1"}]}
COMMAND: GET /session/3247b862f9661e1dad05ca414f9e55ea/screenshot - {}
RESULT: {"script":"<script> [1562 bytes]","args":[{"selector":{"id":"application-managesites-display-component---NewSite--addressDetailDetailsCity1","interaction":{"idSuffix":"inner"}},"wdio_ui5_key":"applicationmanagesites-display-component---NewSite--addressDetailDetailsCity1"}]}
RESULT: undefined
COMMAND: POST /session/3247b862f9661e1dad05ca414f9e55ea/execute/async - {"script":"<script> [776 bytes]","args":[{"enterText":"Rosario","selector":{"id":"application-managesites-display-component---NewSite--addressDetailDetailsCity1","interaction":{"idSuffix":"inner"}},"clearTextFirst":true,"interactionType":"ENTER_TEXT"}]}
RESULT: {}
RESULT: {"script":"<script> [776 bytes]","args":[{"enterText":"Rosario","selector":{"id":"application-managesites-display-component---NewSite--addressDetailDetailsCity1","interaction":{"idSuffix":"inner"}},"clearTextFirst":true,"interactionType":"ENTER_TEXT"}]}
COMMAND: POST /session/3247b862f9661e1dad05ca414f9e55ea/execute/async - {"script":"<script> [1562 bytes]","args":[{"selector":{"id":"application-managesites-display-component---NewSite--addressDetailDetailsCountry-arrow"},"wdio_ui5_key":"applicationmanagesites-display-component---NewSite--addressDetailDetailsCountry-arrow"}]}
RESULT: {"script":"<script> [1562 bytes]","args":[{"selector":{"id":"application-managesites-display-component---NewSite--addressDetailDetailsCountry-arrow"},"wdio_ui5_key":"applicationmanagesites-display-component---NewSite--addressDetailDetailsCountry-arrow"}]}
RESULT: undefined
COMMAND: POST /session/3247b862f9661e1dad05ca414f9e55ea/element - {"using":"xpath","value":"//*[@id=\"application-managesites-display-component---NewSite--addressDetailDetailsCountry-arrow\"]"}
RESULT: {"using":"xpath","value":"//*[@id=\"application-managesites-display-component---NewSite--addressDetailDetailsCountry-arrow\"]"}
COMMAND: POST /session/3247b862f9661e1dad05ca414f9e55ea/element/f.BF6F4EA089F18175CED7BE484E452EA8.d.EE72B5D20D7AE967A9B7A39D515D7449.e.2481/click - {}
RESULT: {}
COMMAND: POST /session/3247b862f9661e1dad05ca414f9e55ea/element - {"using":"xpath","value":"//span[contains(text(), \"Argentina\")]"}
COMMAND: GET /session/3247b862f9661e1dad05ca414f9e55ea/screenshot - {}
RESULT: {"using":"xpath","value":"//span[contains(text(), \"Argentina\")]"}
COMMAND: POST /session/3247b862f9661e1dad05ca414f9e55ea/element/f.BF6F4EA089F18175CED7BE484E452EA8.d.EE72B5D20D7AE967A9B7A39D515D7449.e.2482/click - {}
RESULT: {}
RESULT: {}
COMMAND: GET /session/3247b862f9661e1dad05ca414f9e55ea/screenshot - {}
RESULT: {}
COMMAND: POST /session/3247b862f9661e1dad05ca414f9e55ea/execute/async - {"script":"<script> [1562 bytes]","args":[{"selector":{"id":"application-managesites-display-component---NewSite--addressEditDetailsCostObjectCstType-arrow"},"wdio_ui5_key":"applicationmanagesites-display-component---NewSite--addressEditDetailsCostObjectCstType-arrow"}]}
RESULT: {"script":"<script> [1562 bytes]","args":[{"selector":{"id":"application-managesites-display-component---NewSite--addressEditDetailsCostObjectCstType-arrow"},"wdio_ui5_key":"applicationmanagesites-display-component---NewSite--addressEditDetailsCostObjectCstType-arrow"}]}
RESULT: undefined
COMMAND: POST /session/3247b862f9661e1dad05ca414f9e55ea/element - {"using":"xpath","value":"//*[@id=\"application-managesites-display-component---NewSite--addressEditDetailsCostObjectCstType-arrow\"]"}
RESULT: {"using":"xpath","value":"//*[@id=\"application-managesites-display-component---NewSite--addressEditDetailsCostObjectCstType-arrow\"]"}
COMMAND: POST /session/3247b862f9661e1dad05ca414f9e55ea/element/f.BF6F4EA089F18175CED7BE484E452EA8.d.EE72B5D20D7AE967A9B7A39D515D7449.e.2484/click - {}
RESULT: {}
COMMAND: POST /session/3247b862f9661e1dad05ca414f9e55ea/element - {"using":"xpath","value":"//span[contains(text(), \"Cost Center\")]"}
COMMAND: GET /session/3247b862f9661e1dad05ca414f9e55ea/screenshot - {}
RESULT: {"using":"xpath","value":"//span[contains(text(), \"Cost Center\")]"}
COMMAND: POST /session/3247b862f9661e1dad05ca414f9e55ea/element/f.BF6F4EA089F18175CED7BE484E452EA8.d.EE72B5D20D7AE967A9B7A39D515D7449.e.2485/click - {}
RESULT: {}
RESULT: {}
COMMAND: GET /session/3247b862f9661e1dad05ca414f9e55ea/screenshot - {}
RESULT: {}
COMMAND: POST /session/3247b862f9661e1dad05ca414f9e55ea/element - {"using":"xpath","value":"//span[@id=\"application-managesites-display-component---NewSite--addressNewCostObjectCstID-vhi\"]"}
RESULT: {"using":"xpath","value":"//span[@id=\"application-managesites-display-component---NewSite--addressNewCostObjectCstID-vhi\"]"}
COMMAND: POST /session/3247b862f9661e1dad05ca414f9e55ea/execute/sync - {"script":"<script> [8489 bytes]","args":[{"element-6066-11e4-a52e-4f735466cecf":"f.BF6F4EA089F18175CED7BE484E452EA8.d.EE72B5D20D7AE967A9B7A39D515D7449.e.2490","ELEMENT":"f.BF6F4EA089F18175CED7BE484E452EA8.d.EE72B5D20D7AE967A9B7A39D515D7449.e.2490"}]}
RESULT: {"script":"<script> [8489 bytes]","args":[{"element-6066-11e4-a52e-4f735466cecf":"f.BF6F4EA089F18175CED7BE484E452EA8.d.EE72B5D20D7AE967A9B7A39D515D7449.e.2490","ELEMENT":"f.BF6F4EA089F18175CED7BE484E452EA8.d.EE72B5D20D7AE967A9B7A39D515D7449.e.2490"}]}
COMMAND: POST /session/3247b862f9661e1dad05ca414f9e55ea/execute/async - {"script":"<script> [1562 bytes]","args":[{"selector":{"id":"application-managesites-display-component---NewSite--addressNewCostObjectCstID-vhi"},"wdio_ui5_key":"applicationmanagesites-display-component---NewSite--addressNewCostObjectCstID-vhi"}]}
COMMAND: GET /session/3247b862f9661e1dad05ca414f9e55ea/screenshot - {}
RESULT: {"script":"<script> [1562 bytes]","args":[{"selector":{"id":"application-managesites-display-component---NewSite--addressNewCostObjectCstID-vhi"},"wdio_ui5_key":"applicationmanagesites-display-component---NewSite--addressNewCostObjectCstID-vhi"}]}
RESULT: undefined
COMMAND: POST /session/3247b862f9661e1dad05ca414f9e55ea/element - {"using":"xpath","value":"//*[@id=\"application-managesites-display-component---NewSite--addressNewCostObjectCstID-vhi\"]"}
RESULT: {}
RESULT: {"using":"xpath","value":"//*[@id=\"application-managesites-display-component---NewSite--addressNewCostObjectCstID-vhi\"]"}
COMMAND: POST /session/3247b862f9661e1dad05ca414f9e55ea/element/f.BF6F4EA089F18175CED7BE484E452EA8.d.EE72B5D20D7AE967A9B7A39D515D7449.e.2490/click - {}
RESULT: {}
COMMAND: GET /session/3247b862f9661e1dad05ca414f9e55ea/screenshot - {}
RESULT: {}
RESULT: undefined
COMMAND: POST /session/3247b862f9661e1dad05ca414f9e55ea/execute/async - {"script":"<script> [776 bytes]","args":[{"enterText":"10001013","selector":{"controlType":"sap.m.SearchField","properties":{"placeholder":"Search"},"searchOpenDialogs":true,"interaction":{"idSuffix":"I"}},"clearTextFirst":true,"interactionType":"ENTER_TEXT"}]}
RESULT: {"script":"<script> [776 bytes]","args":[{"enterText":"10001013","selector":{"controlType":"sap.m.SearchField","properties":{"placeholder":"Search"},"searchOpenDialogs":true,"interaction":{"idSuffix":"I"}},"clearTextFirst":true,"interactionType":"ENTER_TEXT"}]}
COMMAND: POST /session/3247b862f9661e1dad05ca414f9e55ea/actions - {"actions":[{"id":"action6","type":"key","parameters":{},"actions":[{"type":"keyDown","value":"î€‡"},{"type":"pause","duration":10},{"type":"keyUp","value":"î€‡"}]}]}
RESULT: {"actions":[{"id":"action6","type":"key","parameters":{},"actions":[{"type":"keyDown","value":"î€‡"},{"type":"pause","duration":10},{"type":"keyUp","value":"î€‡"}]}]}
COMMAND: GET /session/3247b862f9661e1dad05ca414f9e55ea/screenshot - {}
RESULT: {}
COMMAND: POST /session/3247b862f9661e1dad05ca414f9e55ea/element - {"using":"xpath","value":"//span[contains(text(), \"General Management\")]"}
RESULT: {"using":"xpath","value":"//span[contains(text(), \"General Management\")]"}
COMMAND: POST /session/3247b862f9661e1dad05ca414f9e55ea/element/f.BF6F4EA089F18175CED7BE484E452EA8.d.EE72B5D20D7AE967A9B7A39D515D7449.e.2528/click - {}
RESULT: {}
COMMAND: GET /session/3247b862f9661e1dad05ca414f9e55ea/screenshot - {}
RESULT: {}
COMMAND: POST /session/3247b862f9661e1dad05ca414f9e55ea/element - {"using":"xpath","value":"//bdi[contains(text(), \"OK\")]"}
RESULT: {"using":"xpath","value":"//bdi[contains(text(), \"OK\")]"}
COMMAND: POST /session/3247b862f9661e1dad05ca414f9e55ea/element/f.BF6F4EA089F18175CED7BE484E452EA8.d.EE72B5D20D7AE967A9B7A39D515D7449.e.2529/click - {}
RESULT: {}
COMMAND: GET /session/3247b862f9661e1dad05ca414f9e55ea/screenshot - {}
RESULT: {}
COMMAND: POST /session/3247b862f9661e1dad05ca414f9e55ea/element - {"using":"xpath","value":"//input[@id=\"application-managesites-display-component---NewSite--addressDetailDetailsCalendar-inner\"]"}
RESULT: {"using":"xpath","value":"//input[@id=\"application-managesites-display-component---NewSite--addressDetailDetailsCalendar-inner\"]"}
COMMAND: POST /session/3247b862f9661e1dad05ca414f9e55ea/element/f.BF6F4EA089F18175CED7BE484E452EA8.d.EE72B5D20D7AE967A9B7A39D515D7449.e.2282/clear - {}
RESULT: {}
COMMAND: POST /session/3247b862f9661e1dad05ca414f9e55ea/element/f.BF6F4EA089F18175CED7BE484E452EA8.d.EE72B5D20D7AE967A9B7A39D515D7449.e.2282/value - {"text":"Unit"}
COMMAND: GET /session/3247b862f9661e1dad05ca414f9e55ea/screenshot - {}
RESULT: {"text":"Unit"}
COMMAND: GET /session/3247b862f9661e1dad05ca414f9e55ea/screenshot - {}
RESULT: {}
RESULT: {}
COMMAND: POST /session/3247b862f9661e1dad05ca414f9e55ea/actions - {"actions":[{"id":"action7","type":"key","parameters":{},"actions":[{"type":"keyDown","value":"î€‡"},{"type":"pause","duration":10},{"type":"keyUp","value":"î€‡"}]}]}
RESULT: {"actions":[{"id":"action7","type":"key","parameters":{},"actions":[{"type":"keyDown","value":"î€‡"},{"type":"pause","duration":10},{"type":"keyUp","value":"î€‡"}]}]}
COMMAND: POST /session/3247b862f9661e1dad05ca414f9e55ea/element - {"using":"xpath","value":"//input[@id=\"application-managesites-display-component---NewSite--addressDetailDetailsYard-inner\"]"}
COMMAND: GET /session/3247b862f9661e1dad05ca414f9e55ea/screenshot - {}
RESULT: {"using":"xpath","value":"//input[@id=\"application-managesites-display-component---NewSite--addressDetailDetailsYard-inner\"]"}
COMMAND: POST /session/3247b862f9661e1dad05ca414f9e55ea/element/f.BF6F4EA089F18175CED7BE484E452EA8.d.EE72B5D20D7AE967A9B7A39D515D7449.e.2283/clear - {}
RESULT: {}
RESULT: {}
COMMAND: POST /session/3247b862f9661e1dad05ca414f9e55ea/element/f.BF6F4EA089F18175CED7BE484E452EA8.d.EE72B5D20D7AE967A9B7A39D515D7449.e.2283/value - {"text":"598"}
COMMAND: GET /session/3247b862f9661e1dad05ca414f9e55ea/screenshot - {}
RESULT: {"text":"598"}
COMMAND: GET /session/3247b862f9661e1dad05ca414f9e55ea/screenshot - {}
RESULT: {}
RESULT: {}
COMMAND: POST /session/3247b862f9661e1dad05ca414f9e55ea/element - {"using":"xpath","value":"//li[.//span[text()='598']]"}
RESULT: {"using":"xpath","value":"//li[.//span[text()='598']]"}
COMMAND: POST /session/3247b862f9661e1dad05ca414f9e55ea/element/f.BF6F4EA089F18175CED7BE484E452EA8.d.EE72B5D20D7AE967A9B7A39D515D7449.e.2537/click - {}
RESULT: {}
COMMAND: GET /session/3247b862f9661e1dad05ca414f9e55ea/screenshot - {}
RESULT: {}
COMMAND: POST /session/3247b862f9661e1dad05ca414f9e55ea/element - {"using":"xpath","value":"//input[@id=\"application-managesites-display-component---NewSite--addressDetailDetailsPartner-inner\"]"}
RESULT: {"using":"xpath","value":"//input[@id=\"application-managesites-display-component---NewSite--addressDetailDetailsPartner-inner\"]"}
COMMAND: POST /session/3247b862f9661e1dad05ca414f9e55ea/element - {"using":"xpath","value":"//input[@id=\"application-managesites-display-component---NewSite--addressDetailDetailsPartner-inner\"]"}
RESULT: {"using":"xpath","value":"//input[@id=\"application-managesites-display-component---NewSite--addressDetailDetailsPartner-inner\"]"}
COMMAND: POST /session/3247b862f9661e1dad05ca414f9e55ea/element - {"using":"xpath","value":"//button[@data-kt=\"saveButton\"]"}
RESULT: {"using":"xpath","value":"//button[@data-kt=\"saveButton\"]"}
COMMAND: POST /session/3247b862f9661e1dad05ca414f9e55ea/element/f.BF6F4EA089F18175CED7BE484E452EA8.d.EE72B5D20D7AE967A9B7A39D515D7449.e.2414/click - {}
RESULT: {}
COMMAND: GET /session/3247b862f9661e1dad05ca414f9e55ea/screenshot - {}
RESULT: {}
COMMAND: POST /session/3247b862f9661e1dad05ca414f9e55ea/element - {"using":"xpath","value":"//header[contains(@id, 'ObjectPageLayout-headerTitle')]/div[1]/div[2]/div[2]/span[1]"}
RESULT: {"using":"xpath","value":"//header[contains(@id, 'ObjectPageLayout-headerTitle')]/div[1]/div[2]/div[2]/span[1]"}
COMMAND: POST /session/3247b862f9661e1dad05ca414f9e55ea/elements - {"using":"xpath","value":"//header[contains(@id, 'ObjectPageLayout-headerTitle')]/div[1]/div[2]/div[2]/span[1]"}
RESULT: {"using":"xpath","value":"//header[contains(@id, 'ObjectPageLayout-headerTitle')]/div[1]/div[2]/div[2]/span[1]"}
COMMAND: POST /session/3247b862f9661e1dad05ca414f9e55ea/execute/sync - {"script":"<script> [56 bytes]","args":[{"element-6066-11e4-a52e-4f735466cecf":"f.BF6F4EA089F18175CED7BE484E452EA8.d.EE72B5D20D7AE967A9B7A39D515D7449.e.2746","ELEMENT":"f.BF6F4EA089F18175CED7BE484E452EA8.d.EE72B5D20D7AE967A9B7A39D515D7449.e.2746"}]}
RESULT: {"script":"<script> [56 bytes]","args":[{"element-6066-11e4-a52e-4f735466cecf":"f.BF6F4EA089F18175CED7BE484E452EA8.d.EE72B5D20D7AE967A9B7A39D515D7449.e.2746","ELEMENT":"f.BF6F4EA089F18175CED7BE484E452EA8.d.EE72B5D20D7AE967A9B7A39D515D7449.e.2746"}]}
COMMAND: POST /session/3247b862f9661e1dad05ca414f9e55ea/element - {"using":"css selector","value":"#shell-header-logo"}
COMMAND: GET /session/3247b862f9661e1dad05ca414f9e55ea/screenshot - {}
RESULT: {"using":"css selector","value":"#shell-header-logo"}
COMMAND: POST /session/3247b862f9661e1dad05ca414f9e55ea/element/f.BF6F4EA089F18175CED7BE484E452EA8.d.EE72B5D20D7AE967A9B7A39D515D7449.e.1802/click - {}
RESULT: {}
RESULT: {}
COMMAND: GET /session/3247b862f9661e1dad05ca414f9e55ea/screenshot - {}
RESULT: {}
COMMAND: POST /session/3247b862f9661e1dad05ca414f9e55ea/execute/sync - {"script":"<script> [299 bytes]","args":[["getModel","getResource"]]}
RESULT: {"script":"<script> [299 bytes]","args":[["getModel","getResource"]]}
COMMAND: GET /session/3247b862f9661e1dad05ca414f9e55ea/screenshot - {}
]]></system-out>
    </testcase>
    <testcase classname="chrome.136_0_7103_93.windows.Billing_confirm_US117289" name="Should create a new equipment" time="125.404">
      <system-out><![CDATA[
COMMAND: POST /session/3247b862f9661e1dad05ca414f9e55ea/execute/async - {"script":"<script> [1562 bytes]","args":[{"selector":{"controlType":"sap.m.GenericTile","properties":{"header":"Manage Resources"}},"wdio_ui5_key":"sapm.GenericTile{\"header\":\"Manage Resources\"}"}]}
RESULT: {}
RESULT: {"script":"<script> [1562 bytes]","args":[{"selector":{"controlType":"sap.m.GenericTile","properties":{"header":"Manage Resources"}},"wdio_ui5_key":"sapm.GenericTile{\"header\":\"Manage Resources\"}"}]}
RESULT: undefined
COMMAND: POST /session/3247b862f9661e1dad05ca414f9e55ea/element - {"using":"xpath","value":"//*[@id=\"__tile39\"]"}
RESULT: {"using":"xpath","value":"//*[@id=\"__tile39\"]"}
COMMAND: POST /session/3247b862f9661e1dad05ca414f9e55ea/element/f.BF6F4EA089F18175CED7BE484E452EA8.d.EE72B5D20D7AE967A9B7A39D515D7449.e.141/click - {}
RESULT: {}
COMMAND: GET /session/3247b862f9661e1dad05ca414f9e55ea/screenshot - {}
RESULT: {}
COMMAND: POST /session/3247b862f9661e1dad05ca414f9e55ea/elements - {"using":"xpath","value":"//span[text()='Error']"}
RESULT: {"using":"xpath","value":"//span[text()='Error']"}
COMMAND: POST /session/3247b862f9661e1dad05ca414f9e55ea/element - {"using":"xpath","value":"//button[@data-kt=\"addNewRUOverflowToolbarButton\"]"}
RESULT: {"using":"xpath","value":"//button[@data-kt=\"addNewRUOverflowToolbarButton\"]"}
COMMAND: POST /session/3247b862f9661e1dad05ca414f9e55ea/elements - {"using":"xpath","value":"//button[@data-kt=\"addNewRUOverflowToolbarButton\"]"}
RESULT: {"using":"xpath","value":"//button[@data-kt=\"addNewRUOverflowToolbarButton\"]"}
COMMAND: POST /session/3247b862f9661e1dad05ca414f9e55ea/execute/sync - {"script":"<script> [8489 bytes]","args":[{"element-6066-11e4-a52e-4f735466cecf":"f.BF6F4EA089F18175CED7BE484E452EA8.d.EE72B5D20D7AE967A9B7A39D515D7449.e.2780","ELEMENT":"f.BF6F4EA089F18175CED7BE484E452EA8.d.EE72B5D20D7AE967A9B7A39D515D7449.e.2780"}]}
RESULT: {"script":"<script> [8489 bytes]","args":[{"element-6066-11e4-a52e-4f735466cecf":"f.BF6F4EA089F18175CED7BE484E452EA8.d.EE72B5D20D7AE967A9B7A39D515D7449.e.2780","ELEMENT":"f.BF6F4EA089F18175CED7BE484E452EA8.d.EE72B5D20D7AE967A9B7A39D515D7449.e.2780"}]}
COMMAND: GET /session/3247b862f9661e1dad05ca414f9e55ea/element/f.BF6F4EA089F18175CED7BE484E452EA8.d.EE72B5D20D7AE967A9B7A39D515D7449.e.2780/enabled - {}
COMMAND: GET /session/3247b862f9661e1dad05ca414f9e55ea/screenshot - {}
RESULT: {}
COMMAND: POST /session/3247b862f9661e1dad05ca414f9e55ea/execute/sync - {"script":"<script> [8489 bytes]","args":[{"element-6066-11e4-a52e-4f735466cecf":"f.BF6F4EA089F18175CED7BE484E452EA8.d.EE72B5D20D7AE967A9B7A39D515D7449.e.2780","ELEMENT":"f.BF6F4EA089F18175CED7BE484E452EA8.d.EE72B5D20D7AE967A9B7A39D515D7449.e.2780"}]}
COMMAND: GET /session/3247b862f9661e1dad05ca414f9e55ea/screenshot - {}
RESULT: {}
RESULT: {"script":"<script> [8489 bytes]","args":[{"element-6066-11e4-a52e-4f735466cecf":"f.BF6F4EA089F18175CED7BE484E452EA8.d.EE72B5D20D7AE967A9B7A39D515D7449.e.2780","ELEMENT":"f.BF6F4EA089F18175CED7BE484E452EA8.d.EE72B5D20D7AE967A9B7A39D515D7449.e.2780"}]}
COMMAND: POST /session/3247b862f9661e1dad05ca414f9e55ea/execute/sync - {"script":"<script> [5351 bytes]","args":[{"element-6066-11e4-a52e-4f735466cecf":"f.BF6F4EA089F18175CED7BE484E452EA8.d.EE72B5D20D7AE967A9B7A39D515D7449.e.2780","ELEMENT":"f.BF6F4EA089F18175CED7BE484E452EA8.d.EE72B5D20D7AE967A9B7A39D515D7449.e.2780"}]}
COMMAND: GET /session/3247b862f9661e1dad05ca414f9e55ea/screenshot - {}
RESULT: {}
RESULT: {"script":"<script> [5351 bytes]","args":[{"element-6066-11e4-a52e-4f735466cecf":"f.BF6F4EA089F18175CED7BE484E452EA8.d.EE72B5D20D7AE967A9B7A39D515D7449.e.2780","ELEMENT":"f.BF6F4EA089F18175CED7BE484E452EA8.d.EE72B5D20D7AE967A9B7A39D515D7449.e.2780"}]}
COMMAND: POST /session/3247b862f9661e1dad05ca414f9e55ea/element/f.BF6F4EA089F18175CED7BE484E452EA8.d.EE72B5D20D7AE967A9B7A39D515D7449.e.2780/click - {}
COMMAND: GET /session/3247b862f9661e1dad05ca414f9e55ea/screenshot - {}
RESULT: {}
RESULT: {}
COMMAND: GET /session/3247b862f9661e1dad05ca414f9e55ea/screenshot - {}
RESULT: {}
RESULT: {}
COMMAND: POST /session/3247b862f9661e1dad05ca414f9e55ea/execute/async - {"script":"<script> [1562 bytes]","args":[{"selector":{"id":"application-manageresources-display-component---newResourceUnit--TYPE-arrow"},"wdio_ui5_key":"applicationmanageresources-display-component---newResourceUnit--TYPE-arrow"}]}
RESULT: {"script":"<script> [1562 bytes]","args":[{"selector":{"id":"application-manageresources-display-component---newResourceUnit--TYPE-arrow"},"wdio_ui5_key":"applicationmanageresources-display-component---newResourceUnit--TYPE-arrow"}]}
RESULT: undefined
COMMAND: POST /session/3247b862f9661e1dad05ca414f9e55ea/element - {"using":"xpath","value":"//*[@id=\"application-manageresources-display-component---newResourceUnit--TYPE-arrow\"]"}
RESULT: {"using":"xpath","value":"//*[@id=\"application-manageresources-display-component---newResourceUnit--TYPE-arrow\"]"}
COMMAND: POST /session/3247b862f9661e1dad05ca414f9e55ea/element/f.BF6F4EA089F18175CED7BE484E452EA8.d.EE72B5D20D7AE967A9B7A39D515D7449.e.3144/click - {}
RESULT: {}
COMMAND: POST /session/3247b862f9661e1dad05ca414f9e55ea/element - {"using":"xpath","value":"//input[@id=\"application-manageresources-display-component---newResourceUnit--TYPE-inner\"]"}
COMMAND: GET /session/3247b862f9661e1dad05ca414f9e55ea/screenshot - {}
RESULT: {"using":"xpath","value":"//input[@id=\"application-manageresources-display-component---newResourceUnit--TYPE-inner\"]"}
COMMAND: POST /session/3247b862f9661e1dad05ca414f9e55ea/element/f.BF6F4EA089F18175CED7BE484E452EA8.d.EE72B5D20D7AE967A9B7A39D515D7449.e.3134/clear - {}
RESULT: {}
RESULT: {}
COMMAND: POST /session/3247b862f9661e1dad05ca414f9e55ea/element/f.BF6F4EA089F18175CED7BE484E452EA8.d.EE72B5D20D7AE967A9B7A39D515D7449.e.3134/value - {"text":"Equipment"}
COMMAND: GET /session/3247b862f9661e1dad05ca414f9e55ea/screenshot - {}
RESULT: {"text":"Equipment"}
COMMAND: GET /session/3247b862f9661e1dad05ca414f9e55ea/screenshot - {}
RESULT: {}
RESULT: {}
COMMAND: POST /session/3247b862f9661e1dad05ca414f9e55ea/actions - {"actions":[{"id":"action8","type":"key","parameters":{},"actions":[{"type":"keyDown","value":"î€‡"},{"type":"pause","duration":10},{"type":"keyUp","value":"î€‡"}]}]}
RESULT: {"actions":[{"id":"action8","type":"key","parameters":{},"actions":[{"type":"keyDown","value":"î€‡"},{"type":"pause","duration":10},{"type":"keyUp","value":"î€‡"}]}]}
COMMAND: POST /session/3247b862f9661e1dad05ca414f9e55ea/execute/async - {"script":"<script> [1562 bytes]","args":[{"selector":{"id":"application-manageresources-display-component---newResourceUnit--resourceId","interaction":{"idSuffix":"inner"}},"wdio_ui5_key":"applicationmanageresources-display-component---newResourceUnit--resourceId"}]}
COMMAND: GET /session/3247b862f9661e1dad05ca414f9e55ea/screenshot - {}
RESULT: {"script":"<script> [1562 bytes]","args":[{"selector":{"id":"application-manageresources-display-component---newResourceUnit--resourceId","interaction":{"idSuffix":"inner"}},"wdio_ui5_key":"applicationmanageresources-display-component---newResourceUnit--resourceId"}]}
RESULT: undefined
COMMAND: POST /session/3247b862f9661e1dad05ca414f9e55ea/execute/async - {"script":"<script> [776 bytes]","args":[{"enterText":"zpRgaT2sOx","selector":{"id":"application-manageresources-display-component---newResourceUnit--resourceId","interaction":{"idSuffix":"inner"}},"clearTextFirst":true,"interactionType":"ENTER_TEXT"}]}
RESULT: {}
RESULT: {"script":"<script> [776 bytes]","args":[{"enterText":"zpRgaT2sOx","selector":{"id":"application-manageresources-display-component---newResourceUnit--resourceId","interaction":{"idSuffix":"inner"}},"clearTextFirst":true,"interactionType":"ENTER_TEXT"}]}
COMMAND: POST /session/3247b862f9661e1dad05ca414f9e55ea/execute/async - {"script":"<script> [1562 bytes]","args":[{"selector":{"id":"application-manageresources-display-component---newResourceUnit--SHORT_TEXT","interaction":{"idSuffix":"inner"}},"wdio_ui5_key":"applicationmanageresources-display-component---newResourceUnit--SHORT_TEXT"}]}
RESULT: {"script":"<script> [1562 bytes]","args":[{"selector":{"id":"application-manageresources-display-component---newResourceUnit--SHORT_TEXT","interaction":{"idSuffix":"inner"}},"wdio_ui5_key":"applicationmanageresources-display-component---newResourceUnit--SHORT_TEXT"}]}
RESULT: undefined
COMMAND: POST /session/3247b862f9661e1dad05ca414f9e55ea/execute/async - {"script":"<script> [776 bytes]","args":[{"enterText":"Intercompany Equipment WDIO","selector":{"id":"application-manageresources-display-component---newResourceUnit--SHORT_TEXT","interaction":{"idSuffix":"inner"}},"clearTextFirst":true,"interactionType":"ENTER_TEXT"}]}
RESULT: {"script":"<script> [776 bytes]","args":[{"enterText":"Intercompany Equipment WDIO","selector":{"id":"application-manageresources-display-component---newResourceUnit--SHORT_TEXT","interaction":{"idSuffix":"inner"}},"clearTextFirst":true,"interactionType":"ENTER_TEXT"}]}
COMMAND: POST /session/3247b862f9661e1dad05ca414f9e55ea/execute/async - {"script":"<script> [1562 bytes]","args":[{"selector":{"id":"application-manageresources-display-component---newResourceUnit--BASE_UNIT_OF_MEASURE","interaction":{"idSuffix":"inner"}},"wdio_ui5_key":"applicationmanageresources-display-component---newResourceUnit--BASE_UNIT_OF_MEASURE"}]}
RESULT: {"script":"<script> [1562 bytes]","args":[{"selector":{"id":"application-manageresources-display-component---newResourceUnit--BASE_UNIT_OF_MEASURE","interaction":{"idSuffix":"inner"}},"wdio_ui5_key":"applicationmanageresources-display-component---newResourceUnit--BASE_UNIT_OF_MEASURE"}]}
RESULT: undefined
COMMAND: POST /session/3247b862f9661e1dad05ca414f9e55ea/execute/async - {"script":"<script> [776 bytes]","args":[{"enterText":"Piece","selector":{"id":"application-manageresources-display-component---newResourceUnit--BASE_UNIT_OF_MEASURE","interaction":{"idSuffix":"inner"}},"clearTextFirst":true,"interactionType":"ENTER_TEXT"}]}
RESULT: {"script":"<script> [776 bytes]","args":[{"enterText":"Piece","selector":{"id":"application-manageresources-display-component---newResourceUnit--BASE_UNIT_OF_MEASURE","interaction":{"idSuffix":"inner"}},"clearTextFirst":true,"interactionType":"ENTER_TEXT"}]}
COMMAND: POST /session/3247b862f9661e1dad05ca414f9e55ea/execute/async - {"script":"<script> [1562 bytes]","args":[{"selector":{"id":"application-manageresources-display-component---newResourceUnit--WEIGHT_UNIT","interaction":{"idSuffix":"inner"}},"wdio_ui5_key":"applicationmanageresources-display-component---newResourceUnit--WEIGHT_UNIT"}]}
RESULT: {"script":"<script> [1562 bytes]","args":[{"selector":{"id":"application-manageresources-display-component---newResourceUnit--WEIGHT_UNIT","interaction":{"idSuffix":"inner"}},"wdio_ui5_key":"applicationmanageresources-display-component---newResourceUnit--WEIGHT_UNIT"}]}
RESULT: undefined
COMMAND: POST /session/3247b862f9661e1dad05ca414f9e55ea/execute/async - {"script":"<script> [776 bytes]","args":[{"enterText":"Gram","selector":{"id":"application-manageresources-display-component---newResourceUnit--WEIGHT_UNIT","interaction":{"idSuffix":"inner"}},"clearTextFirst":true,"interactionType":"ENTER_TEXT"}]}
RESULT: {"script":"<script> [776 bytes]","args":[{"enterText":"Gram","selector":{"id":"application-manageresources-display-component---newResourceUnit--WEIGHT_UNIT","interaction":{"idSuffix":"inner"}},"clearTextFirst":true,"interactionType":"ENTER_TEXT"}]}
COMMAND: POST /session/3247b862f9661e1dad05ca414f9e55ea/execute/async - {"script":"<script> [1562 bytes]","args":[{"selector":{"id":"application-manageresources-display-component---newResourceUnit--DIMENSION_UNIT","interaction":{"idSuffix":"inner"}},"wdio_ui5_key":"applicationmanageresources-display-component---newResourceUnit--DIMENSION_UNIT"}]}
RESULT: {"script":"<script> [1562 bytes]","args":[{"selector":{"id":"application-manageresources-display-component---newResourceUnit--DIMENSION_UNIT","interaction":{"idSuffix":"inner"}},"wdio_ui5_key":"applicationmanageresources-display-component---newResourceUnit--DIMENSION_UNIT"}]}
RESULT: undefined
COMMAND: POST /session/3247b862f9661e1dad05ca414f9e55ea/execute/async - {"script":"<script> [776 bytes]","args":[{"enterText":"Meter","selector":{"id":"application-manageresources-display-component---newResourceUnit--DIMENSION_UNIT","interaction":{"idSuffix":"inner"}},"clearTextFirst":true,"interactionType":"ENTER_TEXT"}]}
RESULT: {"script":"<script> [776 bytes]","args":[{"enterText":"Meter","selector":{"id":"application-manageresources-display-component---newResourceUnit--DIMENSION_UNIT","interaction":{"idSuffix":"inner"}},"clearTextFirst":true,"interactionType":"ENTER_TEXT"}]}
COMMAND: POST /session/3247b862f9661e1dad05ca414f9e55ea/execute/async - {"script":"<script> [1562 bytes]","args":[{"selector":{"id":"application-manageresources-display-component---newResourceUnit--newRRUPage-anchBar-application-manageresources-display-component---newResourceUnit--control-anchor","interaction":{"idSuffix":"BDI-content"}},"wdio_ui5_key":"applicationmanageresources-display-component---newResourceUnit--newRRUPage-anchBar-application-manageresources-display-component---newResourceUnit--control-anchor"}]}
RESULT: {"script":"<script> [1562 bytes]","args":[{"selector":{"id":"application-manageresources-display-component---newResourceUnit--newRRUPage-anchBar-application-manageresources-display-component---newResourceUnit--control-anchor","interaction":{"idSuffix":"BDI-content"}},"wdio_ui5_key":"applicationmanageresources-display-component---newResourceUnit--newRRUPage-anchBar-application-manageresources-display-component---newResourceUnit--control-anchor"}]}
RESULT: undefined
COMMAND: POST /session/3247b862f9661e1dad05ca414f9e55ea/element - {"using":"xpath","value":"//*[@id=\"application-manageresources-display-component---newResourceUnit--newRRUPage-anchBar-application-manageresources-display-component---newResourceUnit--control-anchor\"]"}
RESULT: {"using":"xpath","value":"//*[@id=\"application-manageresources-display-component---newResourceUnit--newRRUPage-anchBar-application-manageresources-display-component---newResourceUnit--control-anchor\"]"}
COMMAND: POST /session/3247b862f9661e1dad05ca414f9e55ea/element/f.BF6F4EA089F18175CED7BE484E452EA8.d.EE72B5D20D7AE967A9B7A39D515D7449.e.3276/click - {}
RESULT: {}
COMMAND: POST /session/3247b862f9661e1dad05ca414f9e55ea/execute/async - {"script":"<script> [1562 bytes]","args":[{"selector":{"id":"application-manageresources-display-component---newResourceUnit--PLANNING_GROUP","interaction":{"idSuffix":"inner"}},"wdio_ui5_key":"applicationmanageresources-display-component---newResourceUnit--PLANNING_GROUP"}]}
COMMAND: GET /session/3247b862f9661e1dad05ca414f9e55ea/screenshot - {}
RESULT: {"script":"<script> [1562 bytes]","args":[{"selector":{"id":"application-manageresources-display-component---newResourceUnit--PLANNING_GROUP","interaction":{"idSuffix":"inner"}},"wdio_ui5_key":"applicationmanageresources-display-component---newResourceUnit--PLANNING_GROUP"}]}
RESULT: undefined
COMMAND: POST /session/3247b862f9661e1dad05ca414f9e55ea/execute/async - {"script":"<script> [776 bytes]","args":[{"enterText":"Heavy Equi","selector":{"id":"application-manageresources-display-component---newResourceUnit--PLANNING_GROUP","interaction":{"idSuffix":"inner"}},"clearTextFirst":true,"interactionType":"ENTER_TEXT"}]}
RESULT: {}
RESULT: {"script":"<script> [776 bytes]","args":[{"enterText":"Heavy Equi","selector":{"id":"application-manageresources-display-component---newResourceUnit--PLANNING_GROUP","interaction":{"idSuffix":"inner"}},"clearTextFirst":true,"interactionType":"ENTER_TEXT"}]}
COMMAND: POST /session/3247b862f9661e1dad05ca414f9e55ea/execute/async - {"script":"<script> [1562 bytes]","args":[{"selector":{"id":"application-manageresources-display-component---newResourceUnit--ITEM_TYPE-arrow"},"wdio_ui5_key":"applicationmanageresources-display-component---newResourceUnit--ITEM_TYPE-arrow"}]}
RESULT: {"script":"<script> [1562 bytes]","args":[{"selector":{"id":"application-manageresources-display-component---newResourceUnit--ITEM_TYPE-arrow"},"wdio_ui5_key":"applicationmanageresources-display-component---newResourceUnit--ITEM_TYPE-arrow"}]}
RESULT: undefined
COMMAND: POST /session/3247b862f9661e1dad05ca414f9e55ea/element - {"using":"xpath","value":"//*[@id=\"application-manageresources-display-component---newResourceUnit--ITEM_TYPE-arrow\"]"}
RESULT: {"using":"xpath","value":"//*[@id=\"application-manageresources-display-component---newResourceUnit--ITEM_TYPE-arrow\"]"}
COMMAND: POST /session/3247b862f9661e1dad05ca414f9e55ea/element/f.BF6F4EA089F18175CED7BE484E452EA8.d.EE72B5D20D7AE967A9B7A39D515D7449.e.3285/click - {}
RESULT: {}
COMMAND: POST /session/3247b862f9661e1dad05ca414f9e55ea/element - {"using":"xpath","value":"(//span[contains(text(), \"Resource Unit\")])[2]"}
COMMAND: GET /session/3247b862f9661e1dad05ca414f9e55ea/screenshot - {}
RESULT: {"using":"xpath","value":"(//span[contains(text(), \"Resource Unit\")])[2]"}
COMMAND: POST /session/3247b862f9661e1dad05ca414f9e55ea/element/f.BF6F4EA089F18175CED7BE484E452EA8.d.EE72B5D20D7AE967A9B7A39D515D7449.e.3286/click - {}
RESULT: {}
RESULT: {}
COMMAND: GET /session/3247b862f9661e1dad05ca414f9e55ea/screenshot - {}
RESULT: {}
COMMAND: POST /session/3247b862f9661e1dad05ca414f9e55ea/element - {"using":"css selector","value":"#application-manageresources-display-component---newResourceUnit--btnAddTimeSegment"}
RESULT: {"using":"css selector","value":"#application-manageresources-display-component---newResourceUnit--btnAddTimeSegment"}
COMMAND: GET /session/3247b862f9661e1dad05ca414f9e55ea/element/f.BF6F4EA089F18175CED7BE484E452EA8.d.EE72B5D20D7AE967A9B7A39D515D7449.e.3287/rect - {}
RESULT: {}
COMMAND: GET /session/3247b862f9661e1dad05ca414f9e55ea/window/rect - {}
RESULT: {}
COMMAND: POST /session/3247b862f9661e1dad05ca414f9e55ea/execute/sync - {"script":"<script> [92 bytes]","args":[]}
RESULT: {"script":"<script> [92 bytes]","args":[]}
COMMAND: POST /session/3247b862f9661e1dad05ca414f9e55ea/actions - {"actions":[{"id":"action9","type":"wheel","parameters":{},"actions":[{"type":"scroll","x":-1888,"y":-32,"deltaX":0,"deltaY":0,"duration":0,"origin":{"element-6066-11e4-a52e-4f735466cecf":"f.BF6F4EA089F18175CED7BE484E452EA8.d.EE72B5D20D7AE967A9B7A39D515D7449.e.3287"}}]}]}
COMMAND: GET /session/3247b862f9661e1dad05ca414f9e55ea/screenshot - {}
RESULT: {}
COMMAND: POST /session/3247b862f9661e1dad05ca414f9e55ea/execute/sync - {"script":"<script> [79 bytes]","args":[{"element-6066-11e4-a52e-4f735466cecf":"f.BF6F4EA089F18175CED7BE484E452EA8.d.EE72B5D20D7AE967A9B7A39D515D7449.e.3287","ELEMENT":"f.BF6F4EA089F18175CED7BE484E452EA8.d.EE72B5D20D7AE967A9B7A39D515D7449.e.3287"},{"block":"start","inline":"nearest"}]}
RESULT: {"script":"<script> [79 bytes]","args":[{"element-6066-11e4-a52e-4f735466cecf":"f.BF6F4EA089F18175CED7BE484E452EA8.d.EE72B5D20D7AE967A9B7A39D515D7449.e.3287","ELEMENT":"f.BF6F4EA089F18175CED7BE484E452EA8.d.EE72B5D20D7AE967A9B7A39D515D7449.e.3287"},{"block":"start","inline":"nearest"}]}
COMMAND: POST /session/3247b862f9661e1dad05ca414f9e55ea/execute/async - {"script":"<script> [1562 bytes]","args":[{"selector":{"id":"application-manageresources-display-component---newResourceUnit--btnAddTimeSegment","interaction":{"idSuffix":"inner"}},"wdio_ui5_key":"applicationmanageresources-display-component---newResourceUnit--btnAddTimeSegment"}]}
COMMAND: GET /session/3247b862f9661e1dad05ca414f9e55ea/screenshot - {}
RESULT: {"script":"<script> [1562 bytes]","args":[{"selector":{"id":"application-manageresources-display-component---newResourceUnit--btnAddTimeSegment","interaction":{"idSuffix":"inner"}},"wdio_ui5_key":"applicationmanageresources-display-component---newResourceUnit--btnAddTimeSegment"}]}
RESULT: undefined
COMMAND: POST /session/3247b862f9661e1dad05ca414f9e55ea/element - {"using":"xpath","value":"//*[@id=\"application-manageresources-display-component---newResourceUnit--btnAddTimeSegment\"]"}
RESULT: {}
RESULT: {"using":"xpath","value":"//*[@id=\"application-manageresources-display-component---newResourceUnit--btnAddTimeSegment\"]"}
COMMAND: POST /session/3247b862f9661e1dad05ca414f9e55ea/element/f.BF6F4EA089F18175CED7BE484E452EA8.d.EE72B5D20D7AE967A9B7A39D515D7449.e.3287/click - {}
RESULT: {}
COMMAND: GET /session/3247b862f9661e1dad05ca414f9e55ea/screenshot - {}
RESULT: {}
COMMAND: POST /session/3247b862f9661e1dad05ca414f9e55ea/element - {"using":"xpath","value":"//input[@id=\"application-manageresources-display-component---newResourceUnit--idRuTSAdmin-application-manageresources-display-component---newResourceUnit--RUTimeSegment-0-inner\"]"}
RESULT: {"using":"xpath","value":"//input[@id=\"application-manageresources-display-component---newResourceUnit--idRuTSAdmin-application-manageresources-display-component---newResourceUnit--RUTimeSegment-0-inner\"]"}
COMMAND: POST /session/3247b862f9661e1dad05ca414f9e55ea/element/f.BF6F4EA089F18175CED7BE484E452EA8.d.EE72B5D20D7AE967A9B7A39D515D7449.e.3293/clear - {}
RESULT: {}
COMMAND: POST /session/3247b862f9661e1dad05ca414f9e55ea/element/f.BF6F4EA089F18175CED7BE484E452EA8.d.EE72B5D20D7AE967A9B7A39D515D7449.e.3293/value - {"text":"598"}
COMMAND: GET /session/3247b862f9661e1dad05ca414f9e55ea/screenshot - {}
RESULT: {"text":"598"}
COMMAND: GET /session/3247b862f9661e1dad05ca414f9e55ea/screenshot - {}
RESULT: {}
RESULT: {}
COMMAND: POST /session/3247b862f9661e1dad05ca414f9e55ea/element - {"using":"xpath","value":"//li[.//span[text()='598']]"}
RESULT: {"using":"xpath","value":"//li[.//span[text()='598']]"}
COMMAND: POST /session/3247b862f9661e1dad05ca414f9e55ea/element/f.BF6F4EA089F18175CED7BE484E452EA8.d.EE72B5D20D7AE967A9B7A39D515D7449.e.3306/click - {}
RESULT: {}
COMMAND: GET /session/3247b862f9661e1dad05ca414f9e55ea/screenshot - {}
RESULT: {}
COMMAND: POST /session/3247b862f9661e1dad05ca414f9e55ea/element - {"using":"xpath","value":"(//span[contains(@id, \"-application-manageresources-display-component---newResourceUnit--RUTimeSegment-0-arrow\")])[6]"}
RESULT: {"using":"xpath","value":"(//span[contains(@id, \"-application-manageresources-display-component---newResourceUnit--RUTimeSegment-0-arrow\")])[6]"}
COMMAND: POST /session/3247b862f9661e1dad05ca414f9e55ea/element/f.BF6F4EA089F18175CED7BE484E452EA8.d.EE72B5D20D7AE967A9B7A39D515D7449.e.3307/click - {}
RESULT: {}
COMMAND: GET /session/3247b862f9661e1dad05ca414f9e55ea/screenshot - {}
RESULT: {}
COMMAND: POST /session/3247b862f9661e1dad05ca414f9e55ea/element - {"using":"xpath","value":"//span[contains(text(), \"PM Order\")]"}
RESULT: {"using":"xpath","value":"//span[contains(text(), \"PM Order\")]"}
COMMAND: POST /session/3247b862f9661e1dad05ca414f9e55ea/element/f.BF6F4EA089F18175CED7BE484E452EA8.d.EE72B5D20D7AE967A9B7A39D515D7449.e.3310/click - {}
RESULT: {}
COMMAND: GET /session/3247b862f9661e1dad05ca414f9e55ea/screenshot - {}
RESULT: {}
COMMAND: POST /session/3247b862f9661e1dad05ca414f9e55ea/element - {"using":"xpath","value":"(//span[contains(@id ,\"manageresources-display-component---newResourceUnit--RUTimeSegment-0-vhi\")])[1]"}
RESULT: {"using":"xpath","value":"(//span[contains(@id ,\"manageresources-display-component---newResourceUnit--RUTimeSegment-0-vhi\")])[1]"}
COMMAND: GET /session/3247b862f9661e1dad05ca414f9e55ea/element/f.BF6F4EA089F18175CED7BE484E452EA8.d.EE72B5D20D7AE967A9B7A39D515D7449.e.3314/rect - {}
RESULT: {}
COMMAND: GET /session/3247b862f9661e1dad05ca414f9e55ea/window/rect - {}
RESULT: {}
COMMAND: POST /session/3247b862f9661e1dad05ca414f9e55ea/execute/sync - {"script":"<script> [92 bytes]","args":[]}
RESULT: {"script":"<script> [92 bytes]","args":[]}
COMMAND: POST /session/3247b862f9661e1dad05ca414f9e55ea/actions - {"actions":[{"id":"action10","type":"wheel","parameters":{},"actions":[{"type":"scroll","x":-869,"y":-24,"deltaX":0,"deltaY":0,"duration":0,"origin":{"element-6066-11e4-a52e-4f735466cecf":"f.BF6F4EA089F18175CED7BE484E452EA8.d.EE72B5D20D7AE967A9B7A39D515D7449.e.3314"}}]}]}
COMMAND: GET /session/3247b862f9661e1dad05ca414f9e55ea/screenshot - {}
RESULT: {"actions":[{"id":"action10","type":"wheel","parameters":{},"actions":[{"type":"scroll","x":-869,"y":-24,"deltaX":0,"deltaY":0,"duration":0,"origin":{"element-6066-11e4-a52e-4f735466cecf":"f.BF6F4EA089F18175CED7BE484E452EA8.d.EE72B5D20D7AE967A9B7A39D515D7449.e.3314"}}]}]}
COMMAND: DELETE /session/3247b862f9661e1dad05ca414f9e55ea/actions - {}
COMMAND: GET /session/3247b862f9661e1dad05ca414f9e55ea/screenshot - {}
RESULT: {}
RESULT: {}
COMMAND: GET /session/3247b862f9661e1dad05ca414f9e55ea/screenshot - {}
RESULT: {}
RESULT: {}
COMMAND: POST /session/3247b862f9661e1dad05ca414f9e55ea/element/f.BF6F4EA089F18175CED7BE484E452EA8.d.EE72B5D20D7AE967A9B7A39D515D7449.e.3314/click - {}
RESULT: {}
COMMAND: GET /session/3247b862f9661e1dad05ca414f9e55ea/screenshot - {}
RESULT: {}
RESULT: undefined
COMMAND: POST /session/3247b862f9661e1dad05ca414f9e55ea/execute/async - {"script":"<script> [776 bytes]","args":[{"enterText":"4000360","selector":{"controlType":"sap.m.SearchField","properties":{"placeholder":"Search"},"searchOpenDialogs":true,"interaction":{"idSuffix":"I"}},"clearTextFirst":true,"interactionType":"ENTER_TEXT"}]}
RESULT: {"script":"<script> [776 bytes]","args":[{"enterText":"4000360","selector":{"controlType":"sap.m.SearchField","properties":{"placeholder":"Search"},"searchOpenDialogs":true,"interaction":{"idSuffix":"I"}},"clearTextFirst":true,"interactionType":"ENTER_TEXT"}]}
COMMAND: POST /session/3247b862f9661e1dad05ca414f9e55ea/actions - {"actions":[{"id":"action11","type":"key","parameters":{},"actions":[{"type":"keyDown","value":"î€‡"},{"type":"pause","duration":10},{"type":"keyUp","value":"î€‡"}]}]}
RESULT: {"actions":[{"id":"action11","type":"key","parameters":{},"actions":[{"type":"keyDown","value":"î€‡"},{"type":"pause","duration":10},{"type":"keyUp","value":"î€‡"}]}]}
COMMAND: GET /session/3247b862f9661e1dad05ca414f9e55ea/screenshot - {}
RESULT: {}
COMMAND: POST /session/3247b862f9661e1dad05ca414f9e55ea/element - {"using":"xpath","value":"//td/div/span[contains(text(), \"BGL Vehicles\")]"}
RESULT: {"using":"xpath","value":"//td/div/span[contains(text(), \"BGL Vehicles\")]"}
COMMAND: POST /session/3247b862f9661e1dad05ca414f9e55ea/element/f.BF6F4EA089F18175CED7BE484E452EA8.d.EE72B5D20D7AE967A9B7A39D515D7449.e.3333/click - {}
RESULT: {}
COMMAND: GET /session/3247b862f9661e1dad05ca414f9e55ea/screenshot - {}
RESULT: {}
COMMAND: POST /session/3247b862f9661e1dad05ca414f9e55ea/element - {"using":"xpath","value":"//bdi[contains(text(), \"OK\")]"}
RESULT: {"using":"xpath","value":"//bdi[contains(text(), \"OK\")]"}
COMMAND: POST /session/3247b862f9661e1dad05ca414f9e55ea/element/f.BF6F4EA089F18175CED7BE484E452EA8.d.EE72B5D20D7AE967A9B7A39D515D7449.e.3334/click - {}
RESULT: {}
COMMAND: GET /session/3247b862f9661e1dad05ca414f9e55ea/screenshot - {}
RESULT: {}
COMMAND: POST /session/3247b862f9661e1dad05ca414f9e55ea/execute/async - {"script":"<script> [1562 bytes]","args":[{"selector":{"id":"application-manageresources-display-component---newResourceUnit--newRRUPage-anchBar-application-manageresources-display-component---newResourceUnit--resource-anchor","interaction":{"idSuffix":"BDI-content"}},"wdio_ui5_key":"applicationmanageresources-display-component---newResourceUnit--newRRUPage-anchBar-application-manageresources-display-component---newResourceUnit--resource-anchor"}]}
RESULT: {"script":"<script> [1562 bytes]","args":[{"selector":{"id":"application-manageresources-display-component---newResourceUnit--newRRUPage-anchBar-application-manageresources-display-component---newResourceUnit--resource-anchor","interaction":{"idSuffix":"BDI-content"}},"wdio_ui5_key":"applicationmanageresources-display-component---newResourceUnit--newRRUPage-anchBar-application-manageresources-display-component---newResourceUnit--resource-anchor"}]}
RESULT: undefined
COMMAND: POST /session/3247b862f9661e1dad05ca414f9e55ea/element - {"using":"xpath","value":"//*[@id=\"application-manageresources-display-component---newResourceUnit--newRRUPage-anchBar-application-manageresources-display-component---newResourceUnit--resource-anchor\"]"}
RESULT: {"using":"xpath","value":"//*[@id=\"application-manageresources-display-component---newResourceUnit--newRRUPage-anchBar-application-manageresources-display-component---newResourceUnit--resource-anchor\"]"}
COMMAND: POST /session/3247b862f9661e1dad05ca414f9e55ea/element/f.BF6F4EA089F18175CED7BE484E452EA8.d.EE72B5D20D7AE967A9B7A39D515D7449.e.3338/click - {}
RESULT: {}
COMMAND: POST /session/3247b862f9661e1dad05ca414f9e55ea/execute/async - {"script":"<script> [1562 bytes]","args":[{"selector":{"id":"application-manageresources-display-component---newResourceUnit--PLANNED_DELIVERY_DATE","interaction":{"idSuffix":"inner"}},"wdio_ui5_key":"applicationmanageresources-display-component---newResourceUnit--PLANNED_DELIVERY_DATE"}]}
COMMAND: GET /session/3247b862f9661e1dad05ca414f9e55ea/screenshot - {}
RESULT: {"script":"<script> [1562 bytes]","args":[{"selector":{"id":"application-manageresources-display-component---newResourceUnit--PLANNED_DELIVERY_DATE","interaction":{"idSuffix":"inner"}},"wdio_ui5_key":"applicationmanageresources-display-component---newResourceUnit--PLANNED_DELIVERY_DATE"}]}
RESULT: undefined
COMMAND: POST /session/3247b862f9661e1dad05ca414f9e55ea/execute/async - {"script":"<script> [6424 bytes]","args":[{"element-6066-11e4-a52e-4f735466cecf":"f.BF6F4EA089F18175CED7BE484E452EA8.d.EE72B5D20D7AE967A9B7A39D515D7449.e.3200"},"setValue",["5/20/25"]]}
RESULT: {}
RESULT: {"script":"<script> [6424 bytes]","args":[{"element-6066-11e4-a52e-4f735466cecf":"f.BF6F4EA089F18175CED7BE484E452EA8.d.EE72B5D20D7AE967A9B7A39D515D7449.e.3200"},"setValue",["5/20/25"]]}
COMMAND: POST /session/3247b862f9661e1dad05ca414f9e55ea/element - {"using":"xpath","value":"//label[contains(@class, 'sapMLabelRequired') and .//bdi[contains(text(), 'Planned Retirement')]]"}
RESULT: {"using":"xpath","value":"//label[contains(@class, 'sapMLabelRequired') and .//bdi[contains(text(), 'Planned Retirement')]]"}
COMMAND: POST /session/3247b862f9661e1dad05ca414f9e55ea/elements - {"using":"xpath","value":"//label[contains(@class, 'sapMLabelRequired') and .//bdi[contains(text(), 'Planned Retirement')]]"}
RESULT: {"using":"xpath","value":"//label[contains(@class, 'sapMLabelRequired') and .//bdi[contains(text(), 'Planned Retirement')]]"}
COMMAND: POST /session/3247b862f9661e1dad05ca414f9e55ea/element - {"using":"xpath","value":"//button[@data-kt=\"resourceUnitSaveButton\"]"}
RESULT: {"using":"xpath","value":"//button[@data-kt=\"resourceUnitSaveButton\"]"}
COMMAND: POST /session/3247b862f9661e1dad05ca414f9e55ea/element/f.BF6F4EA089F18175CED7BE484E452EA8.d.EE72B5D20D7AE967A9B7A39D515D7449.e.3161/click - {}
RESULT: {}
COMMAND: GET /session/3247b862f9661e1dad05ca414f9e55ea/screenshot - {}
RESULT: {}
COMMAND: POST /session/3247b862f9661e1dad05ca414f9e55ea/element - {"using":"xpath","value":"//bdi[contains(text(), \"Close\")]"}
RESULT: {"using":"xpath","value":"//bdi[contains(text(), \"Close\")]"}
COMMAND: POST /session/3247b862f9661e1dad05ca414f9e55ea/element/f.BF6F4EA089F18175CED7BE484E452EA8.d.EE72B5D20D7AE967A9B7A39D515D7449.e.3348/click - {}
RESULT: {}
COMMAND: GET /session/3247b862f9661e1dad05ca414f9e55ea/screenshot - {}
RESULT: {}
COMMAND: POST /session/3247b862f9661e1dad05ca414f9e55ea/element - {"using":"xpath","value":"(//button[contains(@id ,\"actionsToolbar-overflowButton\")])[1]"}
RESULT: {"using":"xpath","value":"(//button[contains(@id ,\"actionsToolbar-overflowButton\")])[1]"}
COMMAND: POST /session/3247b862f9661e1dad05ca414f9e55ea/element/f.BF6F4EA089F18175CED7BE484E452EA8.d.EE72B5D20D7AE967A9B7A39D515D7449.e.3380/click - {}
RESULT: {}
COMMAND: GET /session/3247b862f9661e1dad05ca414f9e55ea/screenshot - {}
RESULT: {}
COMMAND: POST /session/3247b862f9661e1dad05ca414f9e55ea/element - {"using":"xpath","value":"//button[@data-kt=\"priceInfoButton\"]"}
RESULT: {"using":"xpath","value":"//button[@data-kt=\"priceInfoButton\"]"}
COMMAND: POST /session/3247b862f9661e1dad05ca414f9e55ea/element/f.BF6F4EA089F18175CED7BE484E452EA8.d.EE72B5D20D7AE967A9B7A39D515D7449.e.3382/click - {}
RESULT: {}
COMMAND: GET /session/3247b862f9661e1dad05ca414f9e55ea/screenshot - {}
RESULT: {}
]]></system-out>
    </testcase>
    <testcase classname="chrome.136_0_7103_93.windows.Billing_confirm_US117289" name="Should create new pricing rule" time="51.573">
      <system-out><![CDATA[
COMMAND: POST /session/3247b862f9661e1dad05ca414f9e55ea/element - {"using":"xpath","value":"//button[@data-kt=\"addButton\"]"}
RESULT: {"using":"xpath","value":"//button[@data-kt=\"addButton\"]"}
COMMAND: POST /session/3247b862f9661e1dad05ca414f9e55ea/elements - {"using":"xpath","value":"//button[@data-kt=\"addButton\"]"}
RESULT: {"using":"xpath","value":"//button[@data-kt=\"addButton\"]"}
COMMAND: POST /session/3247b862f9661e1dad05ca414f9e55ea/elements - {"using":"xpath","value":"//button[@data-kt=\"addButton\"]"}
RESULT: {"using":"xpath","value":"//button[@data-kt=\"addButton\"]"}
COMMAND: POST /session/3247b862f9661e1dad05ca414f9e55ea/element - {"using":"xpath","value":"//button[@data-kt=\"addButton\"]"}
RESULT: {"using":"xpath","value":"//button[@data-kt=\"addButton\"]"}
COMMAND: POST /session/3247b862f9661e1dad05ca414f9e55ea/execute/sync - {"script":"<script> [8489 bytes]","args":[{"element-6066-11e4-a52e-4f735466cecf":"f.BF6F4EA089F18175CED7BE484E452EA8.d.EE72B5D20D7AE967A9B7A39D515D7449.e.3418","ELEMENT":"f.BF6F4EA089F18175CED7BE484E452EA8.d.EE72B5D20D7AE967A9B7A39D515D7449.e.3418"}]}
RESULT: {"script":"<script> [8489 bytes]","args":[{"element-6066-11e4-a52e-4f735466cecf":"f.BF6F4EA089F18175CED7BE484E452EA8.d.EE72B5D20D7AE967A9B7A39D515D7449.e.3418","ELEMENT":"f.BF6F4EA089F18175CED7BE484E452EA8.d.EE72B5D20D7AE967A9B7A39D515D7449.e.3418"}]}
COMMAND: GET /session/3247b862f9661e1dad05ca414f9e55ea/element/f.BF6F4EA089F18175CED7BE484E452EA8.d.EE72B5D20D7AE967A9B7A39D515D7449.e.3418/enabled - {}
COMMAND: GET /session/3247b862f9661e1dad05ca414f9e55ea/screenshot - {}
RESULT: {}
COMMAND: POST /session/3247b862f9661e1dad05ca414f9e55ea/execute/sync - {"script":"<script> [8489 bytes]","args":[{"element-6066-11e4-a52e-4f735466cecf":"f.BF6F4EA089F18175CED7BE484E452EA8.d.EE72B5D20D7AE967A9B7A39D515D7449.e.3418","ELEMENT":"f.BF6F4EA089F18175CED7BE484E452EA8.d.EE72B5D20D7AE967A9B7A39D515D7449.e.3418"}]}
COMMAND: GET /session/3247b862f9661e1dad05ca414f9e55ea/screenshot - {}
RESULT: {}
RESULT: {"script":"<script> [8489 bytes]","args":[{"element-6066-11e4-a52e-4f735466cecf":"f.BF6F4EA089F18175CED7BE484E452EA8.d.EE72B5D20D7AE967A9B7A39D515D7449.e.3418","ELEMENT":"f.BF6F4EA089F18175CED7BE484E452EA8.d.EE72B5D20D7AE967A9B7A39D515D7449.e.3418"}]}
COMMAND: POST /session/3247b862f9661e1dad05ca414f9e55ea/execute/sync - {"script":"<script> [5351 bytes]","args":[{"element-6066-11e4-a52e-4f735466cecf":"f.BF6F4EA089F18175CED7BE484E452EA8.d.EE72B5D20D7AE967A9B7A39D515D7449.e.3418","ELEMENT":"f.BF6F4EA089F18175CED7BE484E452EA8.d.EE72B5D20D7AE967A9B7A39D515D7449.e.3418"}]}
COMMAND: GET /session/3247b862f9661e1dad05ca414f9e55ea/screenshot - {}
RESULT: {}
RESULT: {"script":"<script> [5351 bytes]","args":[{"element-6066-11e4-a52e-4f735466cecf":"f.BF6F4EA089F18175CED7BE484E452EA8.d.EE72B5D20D7AE967A9B7A39D515D7449.e.3418","ELEMENT":"f.BF6F4EA089F18175CED7BE484E452EA8.d.EE72B5D20D7AE967A9B7A39D515D7449.e.3418"}]}
COMMAND: POST /session/3247b862f9661e1dad05ca414f9e55ea/element/f.BF6F4EA089F18175CED7BE484E452EA8.d.EE72B5D20D7AE967A9B7A39D515D7449.e.3418/click - {}
COMMAND: GET /session/3247b862f9661e1dad05ca414f9e55ea/screenshot - {}
RESULT: {}
RESULT: {}
COMMAND: GET /session/3247b862f9661e1dad05ca414f9e55ea/screenshot - {}
RESULT: {}
RESULT: {}
COMMAND: POST /session/3247b862f9661e1dad05ca414f9e55ea/execute/async - {"script":"<script> [1562 bytes]","args":[{"selector":{"controlType":"sap.m.Title","viewName":"etm.portal.ui.managepricingrules.view.NewItem","viewId":"application-managepricingrules-display-component---newInfoPriceItem","properties":{"text":"New Pricing Rules - Item Level"}},"wdio_ui5_key":"etmportal.ui.managepricingrules.view.NewItemsap.m.Title{\"text\":\"New Pricing Rules - Item Level\"}"}]}
RESULT: {"script":"<script> [1562 bytes]","args":[{"selector":{"controlType":"sap.m.Title","viewName":"etm.portal.ui.managepricingrules.view.NewItem","viewId":"application-managepricingrules-display-component---newInfoPriceItem","properties":{"text":"New Pricing Rules - Item Level"}},"wdio_ui5_key":"etmportal.ui.managepricingrules.view.NewItemsap.m.Title{\"text\":\"New Pricing Rules - Item Level\"}"}]}
RESULT: undefined
COMMAND: POST /session/3247b862f9661e1dad05ca414f9e55ea/execute/async - {"script":"<script> [6424 bytes]","args":[{"element-6066-11e4-a52e-4f735466cecf":"f.BF6F4EA089F18175CED7BE484E452EA8.d.EE72B5D20D7AE967A9B7A39D515D7449.e.3500"},"getText",[]]}
RESULT: {"script":"<script> [6424 bytes]","args":[{"element-6066-11e4-a52e-4f735466cecf":"f.BF6F4EA089F18175CED7BE484E452EA8.d.EE72B5D20D7AE967A9B7A39D515D7449.e.3500"},"getText",[]]}
COMMAND: POST /session/3247b862f9661e1dad05ca414f9e55ea/execute/async - {"script":"<script> [1562 bytes]","args":[{"selector":{"id":"application-managepricingrules-display-component---newInfoPriceItem--condValidTo","interaction":{"idSuffix":"inner"}},"wdio_ui5_key":"applicationmanagepricingrules-display-component---newInfoPriceItem--condValidTo"}]}
RESULT: {"script":"<script> [1562 bytes]","args":[{"selector":{"id":"application-managepricingrules-display-component---newInfoPriceItem--condValidTo","interaction":{"idSuffix":"inner"}},"wdio_ui5_key":"applicationmanagepricingrules-display-component---newInfoPriceItem--condValidTo"}]}
RESULT: undefined
COMMAND: POST /session/3247b862f9661e1dad05ca414f9e55ea/execute/async - {"script":"<script> [776 bytes]","args":[{"enterText":"1/20/26","selector":{"id":"application-managepricingrules-display-component---newInfoPriceItem--condValidTo","interaction":{"idSuffix":"inner"}},"clearTextFirst":true,"interactionType":"ENTER_TEXT"}]}
RESULT: {"script":"<script> [776 bytes]","args":[{"enterText":"1/20/26","selector":{"id":"application-managepricingrules-display-component---newInfoPriceItem--condValidTo","interaction":{"idSuffix":"inner"}},"clearTextFirst":true,"interactionType":"ENTER_TEXT"}]}
COMMAND: POST /session/3247b862f9661e1dad05ca414f9e55ea/execute/async - {"script":"<script> [1562 bytes]","args":[{"selector":{"id":"application-managepricingrules-display-component---newInfoPriceItem--billType-arrow"},"wdio_ui5_key":"applicationmanagepricingrules-display-component---newInfoPriceItem--billType-arrow"}]}
RESULT: {"script":"<script> [1562 bytes]","args":[{"selector":{"id":"application-managepricingrules-display-component---newInfoPriceItem--billType-arrow"},"wdio_ui5_key":"applicationmanagepricingrules-display-component---newInfoPriceItem--billType-arrow"}]}
RESULT: undefined
COMMAND: POST /session/3247b862f9661e1dad05ca414f9e55ea/element - {"using":"xpath","value":"//*[@id=\"application-managepricingrules-display-component---newInfoPriceItem--billType-arrow\"]"}
RESULT: {"using":"xpath","value":"//*[@id=\"application-managepricingrules-display-component---newInfoPriceItem--billType-arrow\"]"}
COMMAND: POST /session/3247b862f9661e1dad05ca414f9e55ea/element/f.BF6F4EA089F18175CED7BE484E452EA8.d.EE72B5D20D7AE967A9B7A39D515D7449.e.3502/click - {}
RESULT: {}
COMMAND: POST /session/3247b862f9661e1dad05ca414f9e55ea/element - {"using":"xpath","value":"//span[contains(text(), \"TB - Time based\")]"}
COMMAND: GET /session/3247b862f9661e1dad05ca414f9e55ea/screenshot - {}
RESULT: {"using":"xpath","value":"//span[contains(text(), \"TB - Time based\")]"}
COMMAND: POST /session/3247b862f9661e1dad05ca414f9e55ea/element/f.BF6F4EA089F18175CED7BE484E452EA8.d.EE72B5D20D7AE967A9B7A39D515D7449.e.3503/click - {}
RESULT: {}
RESULT: {}
COMMAND: POST /session/3247b862f9661e1dad05ca414f9e55ea/execute/async - {"script":"<script> [1562 bytes]","args":[{"selector":{"id":"application-managepricingrules-display-component---newInfoPriceItem--priceProc-arrow"},"wdio_ui5_key":"applicationmanagepricingrules-display-component---newInfoPriceItem--priceProc-arrow"}]}
COMMAND: GET /session/3247b862f9661e1dad05ca414f9e55ea/screenshot - {}
RESULT: {"script":"<script> [1562 bytes]","args":[{"selector":{"id":"application-managepricingrules-display-component---newInfoPriceItem--priceProc-arrow"},"wdio_ui5_key":"applicationmanagepricingrules-display-component---newInfoPriceItem--priceProc-arrow"}]}
RESULT: undefined
COMMAND: POST /session/3247b862f9661e1dad05ca414f9e55ea/element - {"using":"xpath","value":"//*[@id=\"application-managepricingrules-display-component---newInfoPriceItem--priceProc-arrow\"]"}
RESULT: {}
RESULT: {"using":"xpath","value":"//*[@id=\"application-managepricingrules-display-component---newInfoPriceItem--priceProc-arrow\"]"}
COMMAND: POST /session/3247b862f9661e1dad05ca414f9e55ea/element/f.BF6F4EA089F18175CED7BE484E452EA8.d.EE72B5D20D7AE967A9B7A39D515D7449.e.3504/click - {}
RESULT: {}
COMMAND: POST /session/3247b862f9661e1dad05ca414f9e55ea/element - {"using":"xpath","value":"//span[contains(text(), \"TBS - Time based standard\")]"}
COMMAND: GET /session/3247b862f9661e1dad05ca414f9e55ea/screenshot - {}
RESULT: {"using":"xpath","value":"//span[contains(text(), \"TBS - Time based standard\")]"}
COMMAND: POST /session/3247b862f9661e1dad05ca414f9e55ea/element/f.BF6F4EA089F18175CED7BE484E452EA8.d.EE72B5D20D7AE967A9B7A39D515D7449.e.3505/click - {}
RESULT: {}
RESULT: {}
COMMAND: POST /session/3247b862f9661e1dad05ca414f9e55ea/execute/async - {"script":"<script> [1562 bytes]","args":[{"selector":{"id":"application-managepricingrules-display-component---newInfoPriceItem--calcBase-arrow"},"wdio_ui5_key":"applicationmanagepricingrules-display-component---newInfoPriceItem--calcBase-arrow"}]}
COMMAND: GET /session/3247b862f9661e1dad05ca414f9e55ea/screenshot - {}
RESULT: {"script":"<script> [1562 bytes]","args":[{"selector":{"id":"application-managepricingrules-display-component---newInfoPriceItem--calcBase-arrow"},"wdio_ui5_key":"applicationmanagepricingrules-display-component---newInfoPriceItem--calcBase-arrow"}]}
RESULT: undefined
COMMAND: POST /session/3247b862f9661e1dad05ca414f9e55ea/element - {"using":"xpath","value":"//*[@id=\"application-managepricingrules-display-component---newInfoPriceItem--calcBase-arrow\"]"}
RESULT: {}
RESULT: {"using":"xpath","value":"//*[@id=\"application-managepricingrules-display-component---newInfoPriceItem--calcBase-arrow\"]"}
COMMAND: POST /session/3247b862f9661e1dad05ca414f9e55ea/element/f.BF6F4EA089F18175CED7BE484E452EA8.d.EE72B5D20D7AE967A9B7A39D515D7449.e.3506/click - {}
RESULT: {}
COMMAND: GET /session/3247b862f9661e1dad05ca414f9e55ea/screenshot - {}
RESULT: {}
COMMAND: POST /session/3247b862f9661e1dad05ca414f9e55ea/element - {"using":"xpath","value":"//span[contains(text(), \"0006 - TB(calendar days)\")]"}
RESULT: {"using":"xpath","value":"//span[contains(text(), \"0006 - TB(calendar days)\")]"}
COMMAND: POST /session/3247b862f9661e1dad05ca414f9e55ea/element/f.BF6F4EA089F18175CED7BE484E452EA8.d.EE72B5D20D7AE967A9B7A39D515D7449.e.3507/click - {}
RESULT: {}
COMMAND: GET /session/3247b862f9661e1dad05ca414f9e55ea/screenshot - {}
RESULT: {}
COMMAND: POST /session/3247b862f9661e1dad05ca414f9e55ea/execute/async - {"script":"<script> [1562 bytes]","args":[{"selector":{"id":"application-managepricingrules-display-component---newInfoPriceItem--daysMonth","interaction":{"idSuffix":"inner"}},"wdio_ui5_key":"applicationmanagepricingrules-display-component---newInfoPriceItem--daysMonth"}]}
RESULT: {"script":"<script> [1562 bytes]","args":[{"selector":{"id":"application-managepricingrules-display-component---newInfoPriceItem--daysMonth","interaction":{"idSuffix":"inner"}},"wdio_ui5_key":"applicationmanagepricingrules-display-component---newInfoPriceItem--daysMonth"}]}
RESULT: undefined
COMMAND: POST /session/3247b862f9661e1dad05ca414f9e55ea/execute/async - {"script":"<script> [776 bytes]","args":[{"enterText":"30","selector":{"id":"application-managepricingrules-display-component---newInfoPriceItem--daysMonth","interaction":{"idSuffix":"inner"}},"clearTextFirst":true,"interactionType":"ENTER_TEXT"}]}
RESULT: {"script":"<script> [776 bytes]","args":[{"enterText":"30","selector":{"id":"application-managepricingrules-display-component---newInfoPriceItem--daysMonth","interaction":{"idSuffix":"inner"}},"clearTextFirst":true,"interactionType":"ENTER_TEXT"}]}
COMMAND: POST /session/3247b862f9661e1dad05ca414f9e55ea/element - {"using":"xpath","value":"//button[@data-kt=\"saveNewRuleButton\"]"}
RESULT: {"using":"xpath","value":"//button[@data-kt=\"saveNewRuleButton\"]"}
COMMAND: POST /session/3247b862f9661e1dad05ca414f9e55ea/element/f.BF6F4EA089F18175CED7BE484E452EA8.d.EE72B5D20D7AE967A9B7A39D515D7449.e.3509/click - {}
RESULT: {}
COMMAND: GET /session/3247b862f9661e1dad05ca414f9e55ea/screenshot - {}
RESULT: {}
COMMAND: POST /session/3247b862f9661e1dad05ca414f9e55ea/execute/async - {"script":"<script> [1562 bytes]","args":[{"selector":{"id":"application-managepricingrules-display-component---priceInfoItem--smartFilterBar-btnBasicSearch","interaction":{"idSuffix":"I"}},"wdio_ui5_key":"applicationmanagepricingrules-display-component---priceInfoItem--smartFilterBar-btnBasicSearch"}]}
RESULT: {"script":"<script> [1562 bytes]","args":[{"selector":{"id":"application-managepricingrules-display-component---priceInfoItem--smartFilterBar-btnBasicSearch","interaction":{"idSuffix":"I"}},"wdio_ui5_key":"applicationmanagepricingrules-display-component---priceInfoItem--smartFilterBar-btnBasicSearch"}]}
RESULT: undefined
COMMAND: POST /session/3247b862f9661e1dad05ca414f9e55ea/execute/async - {"script":"<script> [776 bytes]","args":[{"enterText":"zpRgaT2sOx","selector":{"id":"application-managepricingrules-display-component---priceInfoItem--smartFilterBar-btnBasicSearch","interaction":{"idSuffix":"I"}},"clearTextFirst":true,"interactionType":"ENTER_TEXT"}]}
RESULT: {"script":"<script> [776 bytes]","args":[{"enterText":"zpRgaT2sOx","selector":{"id":"application-managepricingrules-display-component---priceInfoItem--smartFilterBar-btnBasicSearch","interaction":{"idSuffix":"I"}},"clearTextFirst":true,"interactionType":"ENTER_TEXT"}]}
COMMAND: POST /session/3247b862f9661e1dad05ca414f9e55ea/actions - {"actions":[{"id":"action12","type":"key","parameters":{},"actions":[{"type":"keyDown","value":"î€‡"},{"type":"pause","duration":10},{"type":"keyUp","value":"î€‡"}]}]}
RESULT: {"actions":[{"id":"action12","type":"key","parameters":{},"actions":[{"type":"keyDown","value":"î€‡"},{"type":"pause","duration":10},{"type":"keyUp","value":"î€‡"}]}]}
COMMAND: GET /session/3247b862f9661e1dad05ca414f9e55ea/screenshot - {}
RESULT: {}
COMMAND: POST /session/3247b862f9661e1dad05ca414f9e55ea/element - {"using":"xpath","value":"//span[@id=\"application-managepricingrules-display-component---priceInfoItem--smartTable-header-inner\"]"}
RESULT: {"using":"xpath","value":"//span[@id=\"application-managepricingrules-display-component---priceInfoItem--smartTable-header-inner\"]"}
COMMAND: POST /session/3247b862f9661e1dad05ca414f9e55ea/elements - {"using":"xpath","value":"//span[@id=\"application-managepricingrules-display-component---priceInfoItem--smartTable-header-inner\"]"}
RESULT: {"using":"xpath","value":"//span[@id=\"application-managepricingrules-display-component---priceInfoItem--smartTable-header-inner\"]"}
COMMAND: POST /session/3247b862f9661e1dad05ca414f9e55ea/execute/sync - {"script":"<script> [56 bytes]","args":[{"element-6066-11e4-a52e-4f735466cecf":"f.BF6F4EA089F18175CED7BE484E452EA8.d.EE72B5D20D7AE967A9B7A39D515D7449.e.3532","ELEMENT":"f.BF6F4EA089F18175CED7BE484E452EA8.d.EE72B5D20D7AE967A9B7A39D515D7449.e.3532"}]}
RESULT: {"script":"<script> [56 bytes]","args":[{"element-6066-11e4-a52e-4f735466cecf":"f.BF6F4EA089F18175CED7BE484E452EA8.d.EE72B5D20D7AE967A9B7A39D515D7449.e.3532","ELEMENT":"f.BF6F4EA089F18175CED7BE484E452EA8.d.EE72B5D20D7AE967A9B7A39D515D7449.e.3532"}]}
COMMAND: POST /session/3247b862f9661e1dad05ca414f9e55ea/element - {"using":"css selector","value":"#shell-header-logo"}
COMMAND: GET /session/3247b862f9661e1dad05ca414f9e55ea/screenshot - {}
RESULT: {"using":"css selector","value":"#shell-header-logo"}
COMMAND: POST /session/3247b862f9661e1dad05ca414f9e55ea/element/f.BF6F4EA089F18175CED7BE484E452EA8.d.EE72B5D20D7AE967A9B7A39D515D7449.e.2750/click - {}
RESULT: {}
RESULT: {}
COMMAND: GET /session/3247b862f9661e1dad05ca414f9e55ea/screenshot - {}
RESULT: {}
]]></system-out>
    </testcase>
    <testcase classname="chrome.136_0_7103_93.windows.Billing_confirm_US117289" name="Should create new condition for equipment" time="70.175">
      <system-out><![CDATA[
COMMAND: POST /session/3247b862f9661e1dad05ca414f9e55ea/execute/async - {"script":"<script> [1562 bytes]","args":[{"selector":{"controlType":"sap.m.GenericTile","properties":{"header":"Manage Conditions & Prices"}},"wdio_ui5_key":"sapm.GenericTile{\"header\":\"Manage Conditions & Prices\"}"}]}
RESULT: {"script":"<script> [1562 bytes]","args":[{"selector":{"controlType":"sap.m.GenericTile","properties":{"header":"Manage Conditions & Prices"}},"wdio_ui5_key":"sapm.GenericTile{\"header\":\"Manage Conditions & Prices\"}"}]}
RESULT: undefined
COMMAND: POST /session/3247b862f9661e1dad05ca414f9e55ea/element - {"using":"xpath","value":"//*[@id=\"__tile53\"]"}
RESULT: {"using":"xpath","value":"//*[@id=\"__tile53\"]"}
COMMAND: POST /session/3247b862f9661e1dad05ca414f9e55ea/element/f.BF6F4EA089F18175CED7BE484E452EA8.d.EE72B5D20D7AE967A9B7A39D515D7449.e.187/click - {}
RESULT: {}
COMMAND: GET /session/3247b862f9661e1dad05ca414f9e55ea/screenshot - {}
RESULT: {}
COMMAND: POST /session/3247b862f9661e1dad05ca414f9e55ea/elements - {"using":"xpath","value":"//span[text()='Error']"}
RESULT: {"using":"xpath","value":"//span[text()='Error']"}
COMMAND: POST /session/3247b862f9661e1dad05ca414f9e55ea/element - {"using":"xpath","value":"//button[@aria-label=\"Create\"]"}
RESULT: {"using":"xpath","value":"//button[@aria-label=\"Create\"]"}
COMMAND: POST /session/3247b862f9661e1dad05ca414f9e55ea/elements - {"using":"xpath","value":"//button[@aria-label=\"Create\"]"}
RESULT: {"using":"xpath","value":"//button[@aria-label=\"Create\"]"}
COMMAND: POST /session/3247b862f9661e1dad05ca414f9e55ea/execute/sync - {"script":"<script> [8489 bytes]","args":[{"element-6066-11e4-a52e-4f735466cecf":"f.BF6F4EA089F18175CED7BE484E452EA8.d.EE72B5D20D7AE967A9B7A39D515D7449.e.3573","ELEMENT":"f.BF6F4EA089F18175CED7BE484E452EA8.d.EE72B5D20D7AE967A9B7A39D515D7449.e.3573"}]}
RESULT: {"script":"<script> [8489 bytes]","args":[{"element-6066-11e4-a52e-4f735466cecf":"f.BF6F4EA089F18175CED7BE484E452EA8.d.EE72B5D20D7AE967A9B7A39D515D7449.e.3573","ELEMENT":"f.BF6F4EA089F18175CED7BE484E452EA8.d.EE72B5D20D7AE967A9B7A39D515D7449.e.3573"}]}
COMMAND: GET /session/3247b862f9661e1dad05ca414f9e55ea/element/f.BF6F4EA089F18175CED7BE484E452EA8.d.EE72B5D20D7AE967A9B7A39D515D7449.e.3573/enabled - {}
COMMAND: GET /session/3247b862f9661e1dad05ca414f9e55ea/screenshot - {}
RESULT: {}
COMMAND: POST /session/3247b862f9661e1dad05ca414f9e55ea/execute/sync - {"script":"<script> [8489 bytes]","args":[{"element-6066-11e4-a52e-4f735466cecf":"f.BF6F4EA089F18175CED7BE484E452EA8.d.EE72B5D20D7AE967A9B7A39D515D7449.e.3573","ELEMENT":"f.BF6F4EA089F18175CED7BE484E452EA8.d.EE72B5D20D7AE967A9B7A39D515D7449.e.3573"}]}
COMMAND: GET /session/3247b862f9661e1dad05ca414f9e55ea/screenshot - {}
RESULT: {}
RESULT: {"script":"<script> [8489 bytes]","args":[{"element-6066-11e4-a52e-4f735466cecf":"f.BF6F4EA089F18175CED7BE484E452EA8.d.EE72B5D20D7AE967A9B7A39D515D7449.e.3573","ELEMENT":"f.BF6F4EA089F18175CED7BE484E452EA8.d.EE72B5D20D7AE967A9B7A39D515D7449.e.3573"}]}
COMMAND: POST /session/3247b862f9661e1dad05ca414f9e55ea/execute/sync - {"script":"<script> [5351 bytes]","args":[{"element-6066-11e4-a52e-4f735466cecf":"f.BF6F4EA089F18175CED7BE484E452EA8.d.EE72B5D20D7AE967A9B7A39D515D7449.e.3573","ELEMENT":"f.BF6F4EA089F18175CED7BE484E452EA8.d.EE72B5D20D7AE967A9B7A39D515D7449.e.3573"}]}
COMMAND: GET /session/3247b862f9661e1dad05ca414f9e55ea/screenshot - {}
RESULT: {}
RESULT: {"script":"<script> [5351 bytes]","args":[{"element-6066-11e4-a52e-4f735466cecf":"f.BF6F4EA089F18175CED7BE484E452EA8.d.EE72B5D20D7AE967A9B7A39D515D7449.e.3573","ELEMENT":"f.BF6F4EA089F18175CED7BE484E452EA8.d.EE72B5D20D7AE967A9B7A39D515D7449.e.3573"}]}
COMMAND: POST /session/3247b862f9661e1dad05ca414f9e55ea/element/f.BF6F4EA089F18175CED7BE484E452EA8.d.EE72B5D20D7AE967A9B7A39D515D7449.e.3573/click - {}
COMMAND: GET /session/3247b862f9661e1dad05ca414f9e55ea/screenshot - {}
RESULT: {}
RESULT: {}
COMMAND: GET /session/3247b862f9661e1dad05ca414f9e55ea/screenshot - {}
RESULT: {}
RESULT: {}
COMMAND: POST /session/3247b862f9661e1dad05ca414f9e55ea/actions - {"actions":[{"id":"action13","type":"key","parameters":{},"actions":[{"type":"keyDown","value":"î€‡"},{"type":"pause","duration":10},{"type":"keyUp","value":"î€‡"}]}]}
RESULT: {"actions":[{"id":"action13","type":"key","parameters":{},"actions":[{"type":"keyDown","value":"î€‡"},{"type":"pause","duration":10},{"type":"keyUp","value":"î€‡"}]}]}
COMMAND: GET /session/3247b862f9661e1dad05ca414f9e55ea/screenshot - {}
RESULT: {}
COMMAND: POST /session/3247b862f9661e1dad05ca414f9e55ea/execute/async - {"script":"<script> [1562 bytes]","args":[{"selector":{"id":"application-manageconditionprice-display-component---newCondition--condBillCond-arrow"},"wdio_ui5_key":"applicationmanageconditionprice-display-component---newCondition--condBillCond-arrow"}]}
RESULT: {"script":"<script> [1562 bytes]","args":[{"selector":{"id":"application-manageconditionprice-display-component---newCondition--condBillCond-arrow"},"wdio_ui5_key":"applicationmanageconditionprice-display-component---newCondition--condBillCond-arrow"}]}
RESULT: undefined
COMMAND: POST /session/3247b862f9661e1dad05ca414f9e55ea/element - {"using":"xpath","value":"//*[@id=\"application-manageconditionprice-display-component---newCondition--condBillCond-arrow\"]"}
RESULT: {"using":"xpath","value":"//*[@id=\"application-manageconditionprice-display-component---newCondition--condBillCond-arrow\"]"}
COMMAND: POST /session/3247b862f9661e1dad05ca414f9e55ea/element/f.BF6F4EA089F18175CED7BE484E452EA8.d.EE72B5D20D7AE967A9B7A39D515D7449.e.3781/click - {}
RESULT: {}
COMMAND: GET /session/3247b862f9661e1dad05ca414f9e55ea/screenshot - {}
RESULT: {}
COMMAND: POST /session/3247b862f9661e1dad05ca414f9e55ea/element - {"using":"xpath","value":"//li[.//span[contains(text(), \"DISP - D&I special price\")]]"}
RESULT: {"using":"xpath","value":"//li[.//span[contains(text(), \"DISP - D&I special price\")]]"}
COMMAND: POST /session/3247b862f9661e1dad05ca414f9e55ea/element/f.BF6F4EA089F18175CED7BE484E452EA8.d.EE72B5D20D7AE967A9B7A39D515D7449.e.3784/click - {}
RESULT: {}
COMMAND: GET /session/3247b862f9661e1dad05ca414f9e55ea/screenshot - {}
RESULT: {}
COMMAND: POST /session/3247b862f9661e1dad05ca414f9e55ea/execute/async - {"script":"<script> [1562 bytes]","args":[{"selector":{"id":"application-manageconditionprice-display-component---newCondition--condValidTo","interaction":{"idSuffix":"inner"}},"wdio_ui5_key":"applicationmanageconditionprice-display-component---newCondition--condValidTo"}]}
RESULT: {"script":"<script> [1562 bytes]","args":[{"selector":{"id":"application-manageconditionprice-display-component---newCondition--condValidTo","interaction":{"idSuffix":"inner"}},"wdio_ui5_key":"applicationmanageconditionprice-display-component---newCondition--condValidTo"}]}
RESULT: undefined
COMMAND: POST /session/3247b862f9661e1dad05ca414f9e55ea/execute/async - {"script":"<script> [776 bytes]","args":[{"enterText":"1/20/26","selector":{"id":"application-manageconditionprice-display-component---newCondition--condValidTo","interaction":{"idSuffix":"inner"}},"clearTextFirst":true,"interactionType":"ENTER_TEXT"}]}
RESULT: {"script":"<script> [776 bytes]","args":[{"enterText":"1/20/26","selector":{"id":"application-manageconditionprice-display-component---newCondition--condValidTo","interaction":{"idSuffix":"inner"}},"clearTextFirst":true,"interactionType":"ENTER_TEXT"}]}
COMMAND: POST /session/3247b862f9661e1dad05ca414f9e55ea/element - {"using":"xpath","value":"//input[@id=\"application-manageconditionprice-display-component---newCondition--condRU-inner\"]"}
RESULT: {"using":"xpath","value":"//input[@id=\"application-manageconditionprice-display-component---newCondition--condRU-inner\"]"}
COMMAND: POST /session/3247b862f9661e1dad05ca414f9e55ea/element/f.BF6F4EA089F18175CED7BE484E452EA8.d.EE72B5D20D7AE967A9B7A39D515D7449.e.3646/clear - {}
RESULT: {}
COMMAND: POST /session/3247b862f9661e1dad05ca414f9e55ea/element/f.BF6F4EA089F18175CED7BE484E452EA8.d.EE72B5D20D7AE967A9B7A39D515D7449.e.3646/value - {"text":"zpRgaT2sOx"}
COMMAND: GET /session/3247b862f9661e1dad05ca414f9e55ea/screenshot - {}
RESULT: {"text":"zpRgaT2sOx"}
COMMAND: GET /session/3247b862f9661e1dad05ca414f9e55ea/screenshot - {}
RESULT: {}
RESULT: {}
COMMAND: POST /session/3247b862f9661e1dad05ca414f9e55ea/actions - {"actions":[{"id":"action14","type":"key","parameters":{},"actions":[{"type":"keyDown","value":"î€‡"},{"type":"pause","duration":10},{"type":"keyUp","value":"î€‡"}]}]}
RESULT: {"actions":[{"id":"action14","type":"key","parameters":{},"actions":[{"type":"keyDown","value":"î€‡"},{"type":"pause","duration":10},{"type":"keyUp","value":"î€‡"}]}]}
COMMAND: POST /session/3247b862f9661e1dad05ca414f9e55ea/execute/async - {"script":"<script> [1562 bytes]","args":[{"selector":{"id":"application-manageconditionprice-display-component---newCondition--condBaseQty","interaction":{"idSuffix":"inner"}},"wdio_ui5_key":"applicationmanageconditionprice-display-component---newCondition--condBaseQty"}]}
COMMAND: GET /session/3247b862f9661e1dad05ca414f9e55ea/screenshot - {}
RESULT: {"script":"<script> [1562 bytes]","args":[{"selector":{"id":"application-manageconditionprice-display-component---newCondition--condBaseQty","interaction":{"idSuffix":"inner"}},"wdio_ui5_key":"applicationmanageconditionprice-display-component---newCondition--condBaseQty"}]}
RESULT: undefined
COMMAND: POST /session/3247b862f9661e1dad05ca414f9e55ea/execute/async - {"script":"<script> [776 bytes]","args":[{"enterText":"1","selector":{"id":"application-manageconditionprice-display-component---newCondition--condBaseQty","interaction":{"idSuffix":"inner"}},"clearTextFirst":true,"interactionType":"ENTER_TEXT"}]}
RESULT: {}
RESULT: {"script":"<script> [776 bytes]","args":[{"enterText":"1","selector":{"id":"application-manageconditionprice-display-component---newCondition--condBaseQty","interaction":{"idSuffix":"inner"}},"clearTextFirst":true,"interactionType":"ENTER_TEXT"}]}
COMMAND: POST /session/3247b862f9661e1dad05ca414f9e55ea/execute/async - {"script":"<script> [1562 bytes]","args":[{"selector":{"id":"application-manageconditionprice-display-component---newCondition--condValue","interaction":{"idSuffix":"inner"}},"wdio_ui5_key":"applicationmanageconditionprice-display-component---newCondition--condValue"}]}
RESULT: {"script":"<script> [1562 bytes]","args":[{"selector":{"id":"application-manageconditionprice-display-component---newCondition--condValue","interaction":{"idSuffix":"inner"}},"wdio_ui5_key":"applicationmanageconditionprice-display-component---newCondition--condValue"}]}
RESULT: undefined
COMMAND: POST /session/3247b862f9661e1dad05ca414f9e55ea/execute/async - {"script":"<script> [776 bytes]","args":[{"enterText":"100","selector":{"id":"application-manageconditionprice-display-component---newCondition--condValue","interaction":{"idSuffix":"inner"}},"clearTextFirst":true,"interactionType":"ENTER_TEXT"}]}
RESULT: {"script":"<script> [776 bytes]","args":[{"enterText":"100","selector":{"id":"application-manageconditionprice-display-component---newCondition--condValue","interaction":{"idSuffix":"inner"}},"clearTextFirst":true,"interactionType":"ENTER_TEXT"}]}
COMMAND: POST /session/3247b862f9661e1dad05ca414f9e55ea/execute/async - {"script":"<script> [1562 bytes]","args":[{"selector":{"id":"application-manageconditionprice-display-component---newCondition--condCurr-arrow"},"wdio_ui5_key":"applicationmanageconditionprice-display-component---newCondition--condCurr-arrow"}]}
RESULT: {"script":"<script> [1562 bytes]","args":[{"selector":{"id":"application-manageconditionprice-display-component---newCondition--condCurr-arrow"},"wdio_ui5_key":"applicationmanageconditionprice-display-component---newCondition--condCurr-arrow"}]}
RESULT: undefined
COMMAND: POST /session/3247b862f9661e1dad05ca414f9e55ea/element - {"using":"xpath","value":"//*[@id=\"application-manageconditionprice-display-component---newCondition--condCurr-arrow\"]"}
RESULT: {"using":"xpath","value":"//*[@id=\"application-manageconditionprice-display-component---newCondition--condCurr-arrow\"]"}
COMMAND: POST /session/3247b862f9661e1dad05ca414f9e55ea/element/f.BF6F4EA089F18175CED7BE484E452EA8.d.EE72B5D20D7AE967A9B7A39D515D7449.e.3762/click - {}
RESULT: {}
COMMAND: POST /session/3247b862f9661e1dad05ca414f9e55ea/element - {"using":"xpath","value":"//span[contains(text(), \"Euro\")]"}
COMMAND: GET /session/3247b862f9661e1dad05ca414f9e55ea/screenshot - {}
RESULT: {"using":"xpath","value":"//span[contains(text(), \"Euro\")]"}
COMMAND: POST /session/3247b862f9661e1dad05ca414f9e55ea/element/f.BF6F4EA089F18175CED7BE484E452EA8.d.EE72B5D20D7AE967A9B7A39D515D7449.e.3821/click - {}
RESULT: {}
RESULT: {}
COMMAND: POST /session/3247b862f9661e1dad05ca414f9e55ea/element - {"using":"xpath","value":"//button[@data-kt=\"saveButton\"]"}
COMMAND: GET /session/3247b862f9661e1dad05ca414f9e55ea/screenshot - {}
RESULT: {"using":"xpath","value":"//button[@data-kt=\"saveButton\"]"}
COMMAND: POST /session/3247b862f9661e1dad05ca414f9e55ea/element/f.BF6F4EA089F18175CED7BE484E452EA8.d.EE72B5D20D7AE967A9B7A39D515D7449.e.3763/click - {}
RESULT: {}
RESULT: {}
COMMAND: GET /session/3247b862f9661e1dad05ca414f9e55ea/screenshot - {}
RESULT: {}
COMMAND: POST /session/3247b862f9661e1dad05ca414f9e55ea/execute/async - {"script":"<script> [1562 bytes]","args":[{"selector":{"id":"application-manageconditionprice-display-component---conditions--smartFilterBar-btnBasicSearch","interaction":{"idSuffix":"I"}},"wdio_ui5_key":"applicationmanageconditionprice-display-component---conditions--smartFilterBar-btnBasicSearch"}]}
RESULT: {"script":"<script> [1562 bytes]","args":[{"selector":{"id":"application-manageconditionprice-display-component---conditions--smartFilterBar-btnBasicSearch","interaction":{"idSuffix":"I"}},"wdio_ui5_key":"applicationmanageconditionprice-display-component---conditions--smartFilterBar-btnBasicSearch"}]}
RESULT: undefined
COMMAND: POST /session/3247b862f9661e1dad05ca414f9e55ea/execute/async - {"script":"<script> [776 bytes]","args":[{"enterText":"zpRgaT2sOx","selector":{"id":"application-manageconditionprice-display-component---conditions--smartFilterBar-btnBasicSearch","interaction":{"idSuffix":"I"}},"clearTextFirst":true,"interactionType":"ENTER_TEXT"}]}
RESULT: {"script":"<script> [776 bytes]","args":[{"enterText":"zpRgaT2sOx","selector":{"id":"application-manageconditionprice-display-component---conditions--smartFilterBar-btnBasicSearch","interaction":{"idSuffix":"I"}},"clearTextFirst":true,"interactionType":"ENTER_TEXT"}]}
COMMAND: POST /session/3247b862f9661e1dad05ca414f9e55ea/actions - {"actions":[{"id":"action15","type":"key","parameters":{},"actions":[{"type":"keyDown","value":"î€‡"},{"type":"pause","duration":10},{"type":"keyUp","value":"î€‡"}]}]}
RESULT: {"actions":[{"id":"action15","type":"key","parameters":{},"actions":[{"type":"keyDown","value":"î€‡"},{"type":"pause","duration":10},{"type":"keyUp","value":"î€‡"}]}]}
COMMAND: GET /session/3247b862f9661e1dad05ca414f9e55ea/screenshot - {}
RESULT: {}
COMMAND: POST /session/3247b862f9661e1dad05ca414f9e55ea/execute/async - {"script":"<script> [1562 bytes]","args":[{"selector":{"id":"application-manageconditionprice-display-component---conditions--smartFilterBar-filterItemControl_BASIC-BILL_TYPES-vhi"},"wdio_ui5_key":"applicationmanageconditionprice-display-component---conditions--smartFilterBar-filterItemControl_BASIC-BILL_TYPES-vhi"}]}
RESULT: {"script":"<script> [1562 bytes]","args":[{"selector":{"id":"application-manageconditionprice-display-component---conditions--smartFilterBar-filterItemControl_BASIC-BILL_TYPES-vhi"},"wdio_ui5_key":"applicationmanageconditionprice-display-component---conditions--smartFilterBar-filterItemControl_BASIC-BILL_TYPES-vhi"}]}
RESULT: undefined
COMMAND: POST /session/3247b862f9661e1dad05ca414f9e55ea/element - {"using":"xpath","value":"//*[@id=\"application-manageconditionprice-display-component---conditions--smartFilterBar-filterItemControl_BASIC-BILL_TYPES-vhi\"]"}
RESULT: {"using":"xpath","value":"//*[@id=\"application-manageconditionprice-display-component---conditions--smartFilterBar-filterItemControl_BASIC-BILL_TYPES-vhi\"]"}
COMMAND: POST /session/3247b862f9661e1dad05ca414f9e55ea/element/f.BF6F4EA089F18175CED7BE484E452EA8.d.EE72B5D20D7AE967A9B7A39D515D7449.e.3927/click - {}
RESULT: {}
COMMAND: POST /session/3247b862f9661e1dad05ca414f9e55ea/execute/async - {"script":"<script> [1562 bytes]","args":[{"selector":{"id":"application-manageconditionprice-display-component---conditions--smartFilterBar-filterItemControl_BASIC-BILL_TYPES-valueHelpDialog-smartFilterBar-btnBasicSearch","searchOpenDialogs":true,"interaction":{"idSuffix":"I"}},"wdio_ui5_key":"applicationmanageconditionprice-display-component---conditions--smartFilterBar-filterItemControl_BASIC-BILL_TYPES-valueHelpDialog-smartFilterBar-btnBasicSearch"}]}
COMMAND: GET /session/3247b862f9661e1dad05ca414f9e55ea/screenshot - {}
RESULT: {"script":"<script> [1562 bytes]","args":[{"selector":{"id":"application-manageconditionprice-display-component---conditions--smartFilterBar-filterItemControl_BASIC-BILL_TYPES-valueHelpDialog-smartFilterBar-btnBasicSearch","searchOpenDialogs":true,"interaction":{"idSuffix":"I"}},"wdio_ui5_key":"applicationmanageconditionprice-display-component---conditions--smartFilterBar-filterItemControl_BASIC-BILL_TYPES-valueHelpDialog-smartFilterBar-btnBasicSearch"}]}
RESULT: undefined
COMMAND: POST /session/3247b862f9661e1dad05ca414f9e55ea/execute/async - {"script":"<script> [776 bytes]","args":[{"enterText":"TB","selector":{"id":"application-manageconditionprice-display-component---conditions--smartFilterBar-filterItemControl_BASIC-BILL_TYPES-valueHelpDialog-smartFilterBar-btnBasicSearch","searchOpenDialogs":true,"interaction":{"idSuffix":"I"}},"clearTextFirst":true,"interactionType":"ENTER_TEXT"}]}
RESULT: {}
RESULT: {"script":"<script> [776 bytes]","args":[{"enterText":"TB","selector":{"id":"application-manageconditionprice-display-component---conditions--smartFilterBar-filterItemControl_BASIC-BILL_TYPES-valueHelpDialog-smartFilterBar-btnBasicSearch","searchOpenDialogs":true,"interaction":{"idSuffix":"I"}},"clearTextFirst":true,"interactionType":"ENTER_TEXT"}]}
COMMAND: POST /session/3247b862f9661e1dad05ca414f9e55ea/actions - {"actions":[{"id":"action16","type":"key","parameters":{},"actions":[{"type":"keyDown","value":"î€‡"},{"type":"pause","duration":10},{"type":"keyUp","value":"î€‡"}]}]}
RESULT: {"actions":[{"id":"action16","type":"key","parameters":{},"actions":[{"type":"keyDown","value":"î€‡"},{"type":"pause","duration":10},{"type":"keyUp","value":"î€‡"}]}]}
COMMAND: GET /session/3247b862f9661e1dad05ca414f9e55ea/screenshot - {}
RESULT: {}
COMMAND: POST /session/3247b862f9661e1dad05ca414f9e55ea/element - {"using":"xpath","value":"//div[contains(@id, 'application-manageconditionprice-display-component---conditions--smartFilterBar-filterItemControl_BASIC-BILL_TYPES-valueHelpDialog-table-rowsel0')]"}
RESULT: {"using":"xpath","value":"//div[contains(@id, 'application-manageconditionprice-display-component---conditions--smartFilterBar-filterItemControl_BASIC-BILL_TYPES-valueHelpDialog-table-rowsel0')]"}
COMMAND: POST /session/3247b862f9661e1dad05ca414f9e55ea/element/f.BF6F4EA089F18175CED7BE484E452EA8.d.EE72B5D20D7AE967A9B7A39D515D7449.e.3937/click - {}
RESULT: {}
COMMAND: GET /session/3247b862f9661e1dad05ca414f9e55ea/screenshot - {}
RESULT: {}
COMMAND: POST /session/3247b862f9661e1dad05ca414f9e55ea/element - {"using":"xpath","value":"//bdi[contains(text(), \"OK\")]"}
RESULT: {"using":"xpath","value":"//bdi[contains(text(), \"OK\")]"}
COMMAND: POST /session/3247b862f9661e1dad05ca414f9e55ea/element/f.BF6F4EA089F18175CED7BE484E452EA8.d.EE72B5D20D7AE967A9B7A39D515D7449.e.3939/click - {}
RESULT: {}
COMMAND: GET /session/3247b862f9661e1dad05ca414f9e55ea/screenshot - {}
RESULT: {}
COMMAND: POST /session/3247b862f9661e1dad05ca414f9e55ea/element - {"using":"xpath","value":"//span[@id=\"application-manageconditionprice-display-component---conditions--smartTable-header-inner\"]"}
RESULT: {"using":"xpath","value":"//span[@id=\"application-manageconditionprice-display-component---conditions--smartTable-header-inner\"]"}
COMMAND: POST /session/3247b862f9661e1dad05ca414f9e55ea/elements - {"using":"xpath","value":"//span[@id=\"application-manageconditionprice-display-component---conditions--smartTable-header-inner\"]"}
RESULT: {"using":"xpath","value":"//span[@id=\"application-manageconditionprice-display-component---conditions--smartTable-header-inner\"]"}
COMMAND: POST /session/3247b862f9661e1dad05ca414f9e55ea/execute/sync - {"script":"<script> [56 bytes]","args":[{"element-6066-11e4-a52e-4f735466cecf":"f.BF6F4EA089F18175CED7BE484E452EA8.d.EE72B5D20D7AE967A9B7A39D515D7449.e.3942","ELEMENT":"f.BF6F4EA089F18175CED7BE484E452EA8.d.EE72B5D20D7AE967A9B7A39D515D7449.e.3942"}]}
RESULT: {"script":"<script> [56 bytes]","args":[{"element-6066-11e4-a52e-4f735466cecf":"f.BF6F4EA089F18175CED7BE484E452EA8.d.EE72B5D20D7AE967A9B7A39D515D7449.e.3942","ELEMENT":"f.BF6F4EA089F18175CED7BE484E452EA8.d.EE72B5D20D7AE967A9B7A39D515D7449.e.3942"}]}
COMMAND: POST /session/3247b862f9661e1dad05ca414f9e55ea/element - {"using":"css selector","value":"#shell-header-logo"}
COMMAND: GET /session/3247b862f9661e1dad05ca414f9e55ea/screenshot - {}
RESULT: {"using":"css selector","value":"#shell-header-logo"}
COMMAND: POST /session/3247b862f9661e1dad05ca414f9e55ea/element/f.BF6F4EA089F18175CED7BE484E452EA8.d.EE72B5D20D7AE967A9B7A39D515D7449.e.3536/click - {}
RESULT: {}
RESULT: {}
COMMAND: GET /session/3247b862f9661e1dad05ca414f9e55ea/screenshot - {}
RESULT: {}
]]></system-out>
    </testcase>
    <testcase classname="chrome.136_0_7103_93.windows.Billing_confirm_US117289" name="Should do a stock increase" time="83.766">
      <system-out><![CDATA[
COMMAND: POST /session/3247b862f9661e1dad05ca414f9e55ea/execute/async - {"script":"<script> [1562 bytes]","args":[{"selector":{"controlType":"sap.m.GenericTile","properties":{"header":"Manage Handovers"}},"wdio_ui5_key":"sapm.GenericTile{\"header\":\"Manage Handovers\"}"}]}
RESULT: {"script":"<script> [1562 bytes]","args":[{"selector":{"controlType":"sap.m.GenericTile","properties":{"header":"Manage Handovers"}},"wdio_ui5_key":"sapm.GenericTile{\"header\":\"Manage Handovers\"}"}]}
RESULT: undefined
COMMAND: POST /session/3247b862f9661e1dad05ca414f9e55ea/element - {"using":"xpath","value":"//*[@id=\"__tile131\"]"}
RESULT: {"using":"xpath","value":"//*[@id=\"__tile131\"]"}
COMMAND: POST /session/3247b862f9661e1dad05ca414f9e55ea/element/f.BF6F4EA089F18175CED7BE484E452EA8.d.EE72B5D20D7AE967A9B7A39D515D7449.e.227/click - {}
RESULT: {}
COMMAND: GET /session/3247b862f9661e1dad05ca414f9e55ea/screenshot - {}
RESULT: {}
COMMAND: POST /session/3247b862f9661e1dad05ca414f9e55ea/elements - {"using":"xpath","value":"//span[text()='Error']"}
RESULT: {"using":"xpath","value":"//span[text()='Error']"}
COMMAND: POST /session/3247b862f9661e1dad05ca414f9e55ea/element - {"using":"xpath","value":"//button[@data-kt=\"masterHOAddButton\"]"}
RESULT: {"using":"xpath","value":"//button[@data-kt=\"masterHOAddButton\"]"}
COMMAND: POST /session/3247b862f9661e1dad05ca414f9e55ea/elements - {"using":"xpath","value":"//button[@data-kt=\"masterHOAddButton\"]"}
RESULT: {"using":"xpath","value":"//button[@data-kt=\"masterHOAddButton\"]"}
COMMAND: POST /session/3247b862f9661e1dad05ca414f9e55ea/execute/sync - {"script":"<script> [8489 bytes]","args":[{"element-6066-11e4-a52e-4f735466cecf":"f.BF6F4EA089F18175CED7BE484E452EA8.d.EE72B5D20D7AE967A9B7A39D515D7449.e.3982","ELEMENT":"f.BF6F4EA089F18175CED7BE484E452EA8.d.EE72B5D20D7AE967A9B7A39D515D7449.e.3982"}]}
RESULT: {"script":"<script> [8489 bytes]","args":[{"element-6066-11e4-a52e-4f735466cecf":"f.BF6F4EA089F18175CED7BE484E452EA8.d.EE72B5D20D7AE967A9B7A39D515D7449.e.3982","ELEMENT":"f.BF6F4EA089F18175CED7BE484E452EA8.d.EE72B5D20D7AE967A9B7A39D515D7449.e.3982"}]}
COMMAND: GET /session/3247b862f9661e1dad05ca414f9e55ea/element/f.BF6F4EA089F18175CED7BE484E452EA8.d.EE72B5D20D7AE967A9B7A39D515D7449.e.3982/enabled - {}
COMMAND: GET /session/3247b862f9661e1dad05ca414f9e55ea/screenshot - {}
RESULT: {}
COMMAND: POST /session/3247b862f9661e1dad05ca414f9e55ea/execute/sync - {"script":"<script> [8489 bytes]","args":[{"element-6066-11e4-a52e-4f735466cecf":"f.BF6F4EA089F18175CED7BE484E452EA8.d.EE72B5D20D7AE967A9B7A39D515D7449.e.3982","ELEMENT":"f.BF6F4EA089F18175CED7BE484E452EA8.d.EE72B5D20D7AE967A9B7A39D515D7449.e.3982"}]}
COMMAND: GET /session/3247b862f9661e1dad05ca414f9e55ea/screenshot - {}
RESULT: {}
RESULT: {"script":"<script> [8489 bytes]","args":[{"element-6066-11e4-a52e-4f735466cecf":"f.BF6F4EA089F18175CED7BE484E452EA8.d.EE72B5D20D7AE967A9B7A39D515D7449.e.3982","ELEMENT":"f.BF6F4EA089F18175CED7BE484E452EA8.d.EE72B5D20D7AE967A9B7A39D515D7449.e.3982"}]}
COMMAND: POST /session/3247b862f9661e1dad05ca414f9e55ea/execute/sync - {"script":"<script> [5351 bytes]","args":[{"element-6066-11e4-a52e-4f735466cecf":"f.BF6F4EA089F18175CED7BE484E452EA8.d.EE72B5D20D7AE967A9B7A39D515D7449.e.3982","ELEMENT":"f.BF6F4EA089F18175CED7BE484E452EA8.d.EE72B5D20D7AE967A9B7A39D515D7449.e.3982"}]}
COMMAND: GET /session/3247b862f9661e1dad05ca414f9e55ea/screenshot - {}
RESULT: {}
RESULT: {"script":"<script> [5351 bytes]","args":[{"element-6066-11e4-a52e-4f735466cecf":"f.BF6F4EA089F18175CED7BE484E452EA8.d.EE72B5D20D7AE967A9B7A39D515D7449.e.3982","ELEMENT":"f.BF6F4EA089F18175CED7BE484E452EA8.d.EE72B5D20D7AE967A9B7A39D515D7449.e.3982"}]}
COMMAND: POST /session/3247b862f9661e1dad05ca414f9e55ea/element/f.BF6F4EA089F18175CED7BE484E452EA8.d.EE72B5D20D7AE967A9B7A39D515D7449.e.3982/click - {}
COMMAND: GET /session/3247b862f9661e1dad05ca414f9e55ea/screenshot - {}
RESULT: {}
RESULT: {}
COMMAND: GET /session/3247b862f9661e1dad05ca414f9e55ea/screenshot - {}
RESULT: {}
RESULT: {}
COMMAND: POST /session/3247b862f9661e1dad05ca414f9e55ea/element - {"using":"xpath","value":"//span[contains(@id ,\"AddNewHO--typeSelect-arrow\")]"}
RESULT: {"using":"xpath","value":"//span[contains(@id ,\"AddNewHO--typeSelect-arrow\")]"}
COMMAND: POST /session/3247b862f9661e1dad05ca414f9e55ea/element/f.BF6F4EA089F18175CED7BE484E452EA8.d.EE72B5D20D7AE967A9B7A39D515D7449.e.4344/click - {}
RESULT: {}
COMMAND: GET /session/3247b862f9661e1dad05ca414f9e55ea/screenshot - {}
RESULT: {}
COMMAND: POST /session/3247b862f9661e1dad05ca414f9e55ea/element - {"using":"xpath","value":"(//li[contains(text(), \"stock increase yard\")])[1]"}
RESULT: {"using":"xpath","value":"(//li[contains(text(), \"stock increase yard\")])[1]"}
COMMAND: POST /session/3247b862f9661e1dad05ca414f9e55ea/element/f.BF6F4EA089F18175CED7BE484E452EA8.d.EE72B5D20D7AE967A9B7A39D515D7449.e.4345/click - {}
RESULT: {}
COMMAND: GET /session/3247b862f9661e1dad05ca414f9e55ea/screenshot - {}
RESULT: {}
COMMAND: POST /session/3247b862f9661e1dad05ca414f9e55ea/execute/async - {"script":"<script> [1562 bytes]","args":[{"selector":{"id":"application-managehandovers-display-component---AddNewHO--dueDate","interaction":{"idSuffix":"inner"}},"wdio_ui5_key":"applicationmanagehandovers-display-component---AddNewHO--dueDate"}]}
RESULT: {"script":"<script> [1562 bytes]","args":[{"selector":{"id":"application-managehandovers-display-component---AddNewHO--dueDate","interaction":{"idSuffix":"inner"}},"wdio_ui5_key":"applicationmanagehandovers-display-component---AddNewHO--dueDate"}]}
RESULT: undefined
COMMAND: POST /session/3247b862f9661e1dad05ca414f9e55ea/execute/async - {"script":"<script> [6424 bytes]","args":[{"element-6066-11e4-a52e-4f735466cecf":"f.BF6F4EA089F18175CED7BE484E452EA8.d.EE72B5D20D7AE967A9B7A39D515D7449.e.4347"},"setValue",["5/20/25"]]}
RESULT: {"script":"<script> [6424 bytes]","args":[{"element-6066-11e4-a52e-4f735466cecf":"f.BF6F4EA089F18175CED7BE484E452EA8.d.EE72B5D20D7AE967A9B7A39D515D7449.e.4347"},"setValue",["5/20/25"]]}
COMMAND: POST /session/3247b862f9661e1dad05ca414f9e55ea/element - {"using":"xpath","value":"//input[@id=\"generalSectionFrg--receiveYard-inner\"]"}
RESULT: {"using":"xpath","value":"//input[@id=\"generalSectionFrg--receiveYard-inner\"]"}
COMMAND: POST /session/3247b862f9661e1dad05ca414f9e55ea/element/f.BF6F4EA089F18175CED7BE484E452EA8.d.EE72B5D20D7AE967A9B7A39D515D7449.e.4351/clear - {}
RESULT: {}
COMMAND: POST /session/3247b862f9661e1dad05ca414f9e55ea/element/f.BF6F4EA089F18175CED7BE484E452EA8.d.EE72B5D20D7AE967A9B7A39D515D7449.e.4351/value - {"text":"598"}
COMMAND: GET /session/3247b862f9661e1dad05ca414f9e55ea/screenshot - {}
RESULT: {"text":"598"}
COMMAND: GET /session/3247b862f9661e1dad05ca414f9e55ea/screenshot - {}
RESULT: {}
RESULT: {}
COMMAND: POST /session/3247b862f9661e1dad05ca414f9e55ea/element - {"using":"xpath","value":"//li[.//span[text()='598']]"}
RESULT: {"using":"xpath","value":"//li[.//span[text()='598']]"}
COMMAND: POST /session/3247b862f9661e1dad05ca414f9e55ea/element/f.BF6F4EA089F18175CED7BE484E452EA8.d.EE72B5D20D7AE967A9B7A39D515D7449.e.4369/click - {}
RESULT: {}
COMMAND: GET /session/3247b862f9661e1dad05ca414f9e55ea/screenshot - {}
RESULT: {}
COMMAND: POST /session/3247b862f9661e1dad05ca414f9e55ea/execute/async - {"script":"<script> [1562 bytes]","args":[{"selector":{"id":"application-managehandovers-display-component---AddNewHO--ObjectPageLayout-anchBar-application-managehandovers-display-component---AddNewHO--section4-anchor","interaction":{"idSuffix":"BDI-content"}},"wdio_ui5_key":"applicationmanagehandovers-display-component---AddNewHO--ObjectPageLayout-anchBar-application-managehandovers-display-component---AddNewHO--section4-anchor"}]}
RESULT: {"script":"<script> [1562 bytes]","args":[{"selector":{"id":"application-managehandovers-display-component---AddNewHO--ObjectPageLayout-anchBar-application-managehandovers-display-component---AddNewHO--section4-anchor","interaction":{"idSuffix":"BDI-content"}},"wdio_ui5_key":"applicationmanagehandovers-display-component---AddNewHO--ObjectPageLayout-anchBar-application-managehandovers-display-component---AddNewHO--section4-anchor"}]}
RESULT: undefined
COMMAND: POST /session/3247b862f9661e1dad05ca414f9e55ea/element - {"using":"xpath","value":"//*[@id=\"application-managehandovers-display-component---AddNewHO--ObjectPageLayout-anchBar-application-managehandovers-display-component---AddNewHO--section4-anchor\"]"}
RESULT: {"using":"xpath","value":"//*[@id=\"application-managehandovers-display-component---AddNewHO--ObjectPageLayout-anchBar-application-managehandovers-display-component---AddNewHO--section4-anchor\"]"}
COMMAND: POST /session/3247b862f9661e1dad05ca414f9e55ea/element/f.BF6F4EA089F18175CED7BE484E452EA8.d.EE72B5D20D7AE967A9B7A39D515D7449.e.4371/click - {}
RESULT: {}
COMMAND: POST /session/3247b862f9661e1dad05ca414f9e55ea/element - {"using":"xpath","value":"//button[@aria-label=\"Add\"]"}
COMMAND: GET /session/3247b862f9661e1dad05ca414f9e55ea/screenshot - {}
RESULT: {"using":"xpath","value":"//button[@aria-label=\"Add\"]"}
COMMAND: POST /session/3247b862f9661e1dad05ca414f9e55ea/element/f.BF6F4EA089F18175CED7BE484E452EA8.d.EE72B5D20D7AE967A9B7A39D515D7449.e.4373/click - {}
RESULT: {}
RESULT: {}
COMMAND: GET /session/3247b862f9661e1dad05ca414f9e55ea/screenshot - {}
RESULT: {}
COMMAND: POST /session/3247b862f9661e1dad05ca414f9e55ea/execute/async - {"script":"<script> [1562 bytes]","args":[{"selector":{"id":"application-managehandovers-display-component---AddNewHO--smartFilterBar-btnBasicSearch","searchOpenDialogs":true,"interaction":{"idSuffix":"I"}},"wdio_ui5_key":"applicationmanagehandovers-display-component---AddNewHO--smartFilterBar-btnBasicSearch"}]}
RESULT: {"script":"<script> [1562 bytes]","args":[{"selector":{"id":"application-managehandovers-display-component---AddNewHO--smartFilterBar-btnBasicSearch","searchOpenDialogs":true,"interaction":{"idSuffix":"I"}},"wdio_ui5_key":"applicationmanagehandovers-display-component---AddNewHO--smartFilterBar-btnBasicSearch"}]}
RESULT: undefined
COMMAND: POST /session/3247b862f9661e1dad05ca414f9e55ea/execute/async - {"script":"<script> [776 bytes]","args":[{"enterText":"zpRgaT2sOx","selector":{"id":"application-managehandovers-display-component---AddNewHO--smartFilterBar-btnBasicSearch","searchOpenDialogs":true,"interaction":{"idSuffix":"I"}},"clearTextFirst":true,"interactionType":"ENTER_TEXT"}]}
RESULT: {"script":"<script> [776 bytes]","args":[{"enterText":"zpRgaT2sOx","selector":{"id":"application-managehandovers-display-component---AddNewHO--smartFilterBar-btnBasicSearch","searchOpenDialogs":true,"interaction":{"idSuffix":"I"}},"clearTextFirst":true,"interactionType":"ENTER_TEXT"}]}
COMMAND: POST /session/3247b862f9661e1dad05ca414f9e55ea/actions - {"actions":[{"id":"action17","type":"key","parameters":{},"actions":[{"type":"keyDown","value":"î€‡"},{"type":"pause","duration":10},{"type":"keyUp","value":"î€‡"}]}]}
RESULT: {"actions":[{"id":"action17","type":"key","parameters":{},"actions":[{"type":"keyDown","value":"î€‡"},{"type":"pause","duration":10},{"type":"keyUp","value":"î€‡"}]}]}
COMMAND: GET /session/3247b862f9661e1dad05ca414f9e55ea/screenshot - {}
RESULT: {}
COMMAND: POST /session/3247b862f9661e1dad05ca414f9e55ea/execute/async - {"script":"<script> [1562 bytes]","args":[{"selector":{"id":"application-managehandovers-display-component---AddNewHO--popup-sa","searchOpenDialogs":true,"interaction":{"idSuffix":"CbBg"}},"wdio_ui5_key":"applicationmanagehandovers-display-component---AddNewHO--popup-sa"}]}
RESULT: {"script":"<script> [1562 bytes]","args":[{"selector":{"id":"application-managehandovers-display-component---AddNewHO--popup-sa","searchOpenDialogs":true,"interaction":{"idSuffix":"CbBg"}},"wdio_ui5_key":"applicationmanagehandovers-display-component---AddNewHO--popup-sa"}]}
RESULT: undefined
COMMAND: POST /session/3247b862f9661e1dad05ca414f9e55ea/element - {"using":"xpath","value":"//*[@id=\"application-managehandovers-display-component---AddNewHO--popup-sa\"]"}
RESULT: {"using":"xpath","value":"//*[@id=\"application-managehandovers-display-component---AddNewHO--popup-sa\"]"}
COMMAND: POST /session/3247b862f9661e1dad05ca414f9e55ea/element/f.BF6F4EA089F18175CED7BE484E452EA8.d.EE72B5D20D7AE967A9B7A39D515D7449.e.4526/click - {}
RESULT: {}
COMMAND: GET /session/3247b862f9661e1dad05ca414f9e55ea/screenshot - {}
RESULT: {}
COMMAND: POST /session/3247b862f9661e1dad05ca414f9e55ea/element - {"using":"xpath","value":"//bdi[contains(text(), \"Select\")]"}
RESULT: {"using":"xpath","value":"//bdi[contains(text(), \"Select\")]"}
COMMAND: POST /session/3247b862f9661e1dad05ca414f9e55ea/element/f.BF6F4EA089F18175CED7BE484E452EA8.d.EE72B5D20D7AE967A9B7A39D515D7449.e.4527/click - {}
RESULT: {}
COMMAND: GET /session/3247b862f9661e1dad05ca414f9e55ea/screenshot - {}
RESULT: {}
COMMAND: POST /session/3247b862f9661e1dad05ca414f9e55ea/element - {"using":"xpath","value":"//button[@data-kt=\"AddNewHOSaveButton\"]"}
RESULT: {"using":"xpath","value":"//button[@data-kt=\"AddNewHOSaveButton\"]"}
COMMAND: POST /session/3247b862f9661e1dad05ca414f9e55ea/element/f.BF6F4EA089F18175CED7BE484E452EA8.d.EE72B5D20D7AE967A9B7A39D515D7449.e.4531/click - {}
RESULT: {}
COMMAND: GET /session/3247b862f9661e1dad05ca414f9e55ea/screenshot - {}
RESULT: {}
COMMAND: POST /session/3247b862f9661e1dad05ca414f9e55ea/execute/async - {"script":"<script> [1562 bytes]","args":[{"selector":{"id":"receiptDatePicker","viewName":"etm.portal.ui.managehandovers.view.DetailExecuteHO","interaction":{"idSuffix":"inner"}},"wdio_ui5_key":"receiptDatePickeretmportal.ui.managehandovers.view.DetailExecuteHO"}]}
RESULT: {"script":"<script> [1562 bytes]","args":[{"selector":{"id":"receiptDatePicker","viewName":"etm.portal.ui.managehandovers.view.DetailExecuteHO","interaction":{"idSuffix":"inner"}},"wdio_ui5_key":"receiptDatePickeretmportal.ui.managehandovers.view.DetailExecuteHO"}]}
RESULT: undefined
COMMAND: POST /session/3247b862f9661e1dad05ca414f9e55ea/execute/async - {"script":"<script> [6424 bytes]","args":[{"element-6066-11e4-a52e-4f735466cecf":"f.BF6F4EA089F18175CED7BE484E452EA8.d.EE72B5D20D7AE967A9B7A39D515D7449.e.4549"},"setValue",["5/20/25"]]}
RESULT: {"script":"<script> [6424 bytes]","args":[{"element-6066-11e4-a52e-4f735466cecf":"f.BF6F4EA089F18175CED7BE484E452EA8.d.EE72B5D20D7AE967A9B7A39D515D7449.e.4549"},"setValue",["5/20/25"]]}
COMMAND: POST /session/3247b862f9661e1dad05ca414f9e55ea/element - {"using":"xpath","value":"//button[@data-kt=\"PickingTableConfirmAllButton\"]"}
RESULT: {"using":"xpath","value":"//button[@data-kt=\"PickingTableConfirmAllButton\"]"}
COMMAND: POST /session/3247b862f9661e1dad05ca414f9e55ea/element/f.BF6F4EA089F18175CED7BE484E452EA8.d.EE72B5D20D7AE967A9B7A39D515D7449.e.4565/click - {}
RESULT: {}
COMMAND: GET /session/3247b862f9661e1dad05ca414f9e55ea/screenshot - {}
RESULT: {}
COMMAND: POST /session/3247b862f9661e1dad05ca414f9e55ea/element - {"using":"xpath","value":"//bdi[contains(text(), \"OK\")]"}
RESULT: {"using":"xpath","value":"//bdi[contains(text(), \"OK\")]"}
COMMAND: POST /session/3247b862f9661e1dad05ca414f9e55ea/element/f.BF6F4EA089F18175CED7BE484E452EA8.d.EE72B5D20D7AE967A9B7A39D515D7449.e.4567/click - {}
RESULT: {}
COMMAND: GET /session/3247b862f9661e1dad05ca414f9e55ea/screenshot - {}
RESULT: {}
COMMAND: POST /session/3247b862f9661e1dad05ca414f9e55ea/element - {"using":"xpath","value":"(//bdi[contains(text(), \"Receive\")])[2]"}
RESULT: {"using":"xpath","value":"(//bdi[contains(text(), \"Receive\")])[2]"}
COMMAND: POST /session/3247b862f9661e1dad05ca414f9e55ea/element/f.BF6F4EA089F18175CED7BE484E452EA8.d.EE72B5D20D7AE967A9B7A39D515D7449.e.4569/click - {}
RESULT: {}
COMMAND: GET /session/3247b862f9661e1dad05ca414f9e55ea/screenshot - {}
RESULT: {}
COMMAND: POST /session/3247b862f9661e1dad05ca414f9e55ea/element - {"using":"css selector","value":"#shell-header-logo"}
RESULT: {"using":"css selector","value":"#shell-header-logo"}
COMMAND: POST /session/3247b862f9661e1dad05ca414f9e55ea/element/f.BF6F4EA089F18175CED7BE484E452EA8.d.EE72B5D20D7AE967A9B7A39D515D7449.e.3949/click - {}
RESULT: {}
COMMAND: GET /session/3247b862f9661e1dad05ca414f9e55ea/screenshot - {}
RESULT: {}
]]></system-out>
    </testcase>
    <testcase classname="chrome.136_0_7103_93.windows.Billing_confirm_US117289" name="Should create a new contract" time="59.983">
      <system-out><![CDATA[
COMMAND: POST /session/3247b862f9661e1dad05ca414f9e55ea/execute/async - {"script":"<script> [1562 bytes]","args":[{"selector":{"controlType":"sap.m.GenericTile","properties":{"header":"Manage Contracts"}},"wdio_ui5_key":"sapm.GenericTile{\"header\":\"Manage Contracts\"}"}]}
RESULT: {"script":"<script> [1562 bytes]","args":[{"selector":{"controlType":"sap.m.GenericTile","properties":{"header":"Manage Contracts"}},"wdio_ui5_key":"sapm.GenericTile{\"header\":\"Manage Contracts\"}"}]}
RESULT: undefined
COMMAND: POST /session/3247b862f9661e1dad05ca414f9e55ea/element - {"using":"xpath","value":"//*[@id=\"__tile130\"]"}
RESULT: {"using":"xpath","value":"//*[@id=\"__tile130\"]"}
COMMAND: POST /session/3247b862f9661e1dad05ca414f9e55ea/element/f.BF6F4EA089F18175CED7BE484E452EA8.d.EE72B5D20D7AE967A9B7A39D515D7449.e.156/click - {}
RESULT: {}
COMMAND: GET /session/3247b862f9661e1dad05ca414f9e55ea/screenshot - {}
RESULT: {}
COMMAND: POST /session/3247b862f9661e1dad05ca414f9e55ea/elements - {"using":"xpath","value":"//span[text()='Error']"}
RESULT: {"using":"xpath","value":"//span[text()='Error']"}
COMMAND: POST /session/3247b862f9661e1dad05ca414f9e55ea/element - {"using":"xpath","value":"//button[@data-kt=\"addButton\"]"}
RESULT: {"using":"xpath","value":"//button[@data-kt=\"addButton\"]"}
COMMAND: POST /session/3247b862f9661e1dad05ca414f9e55ea/elements - {"using":"xpath","value":"//button[@data-kt=\"addButton\"]"}
RESULT: {"using":"xpath","value":"//button[@data-kt=\"addButton\"]"}
COMMAND: POST /session/3247b862f9661e1dad05ca414f9e55ea/execute/sync - {"script":"<script> [8489 bytes]","args":[{"element-6066-11e4-a52e-4f735466cecf":"f.BF6F4EA089F18175CED7BE484E452EA8.d.EE72B5D20D7AE967A9B7A39D515D7449.e.4944","ELEMENT":"f.BF6F4EA089F18175CED7BE484E452EA8.d.EE72B5D20D7AE967A9B7A39D515D7449.e.4944"}]}
RESULT: {"script":"<script> [8489 bytes]","args":[{"element-6066-11e4-a52e-4f735466cecf":"f.BF6F4EA089F18175CED7BE484E452EA8.d.EE72B5D20D7AE967A9B7A39D515D7449.e.4944","ELEMENT":"f.BF6F4EA089F18175CED7BE484E452EA8.d.EE72B5D20D7AE967A9B7A39D515D7449.e.4944"}]}
COMMAND: GET /session/3247b862f9661e1dad05ca414f9e55ea/element/f.BF6F4EA089F18175CED7BE484E452EA8.d.EE72B5D20D7AE967A9B7A39D515D7449.e.4944/enabled - {}
COMMAND: GET /session/3247b862f9661e1dad05ca414f9e55ea/screenshot - {}
RESULT: {}
COMMAND: POST /session/3247b862f9661e1dad05ca414f9e55ea/execute/sync - {"script":"<script> [8489 bytes]","args":[{"element-6066-11e4-a52e-4f735466cecf":"f.BF6F4EA089F18175CED7BE484E452EA8.d.EE72B5D20D7AE967A9B7A39D515D7449.e.4944","ELEMENT":"f.BF6F4EA089F18175CED7BE484E452EA8.d.EE72B5D20D7AE967A9B7A39D515D7449.e.4944"}]}
COMMAND: GET /session/3247b862f9661e1dad05ca414f9e55ea/screenshot - {}
RESULT: {}
RESULT: {"script":"<script> [8489 bytes]","args":[{"element-6066-11e4-a52e-4f735466cecf":"f.BF6F4EA089F18175CED7BE484E452EA8.d.EE72B5D20D7AE967A9B7A39D515D7449.e.4944","ELEMENT":"f.BF6F4EA089F18175CED7BE484E452EA8.d.EE72B5D20D7AE967A9B7A39D515D7449.e.4944"}]}
COMMAND: POST /session/3247b862f9661e1dad05ca414f9e55ea/execute/sync - {"script":"<script> [5351 bytes]","args":[{"element-6066-11e4-a52e-4f735466cecf":"f.BF6F4EA089F18175CED7BE484E452EA8.d.EE72B5D20D7AE967A9B7A39D515D7449.e.4944","ELEMENT":"f.BF6F4EA089F18175CED7BE484E452EA8.d.EE72B5D20D7AE967A9B7A39D515D7449.e.4944"}]}
COMMAND: GET /session/3247b862f9661e1dad05ca414f9e55ea/screenshot - {}
RESULT: {}
RESULT: {"script":"<script> [5351 bytes]","args":[{"element-6066-11e4-a52e-4f735466cecf":"f.BF6F4EA089F18175CED7BE484E452EA8.d.EE72B5D20D7AE967A9B7A39D515D7449.e.4944","ELEMENT":"f.BF6F4EA089F18175CED7BE484E452EA8.d.EE72B5D20D7AE967A9B7A39D515D7449.e.4944"}]}
COMMAND: GET /session/3247b862f9661e1dad05ca414f9e55ea/screenshot - {}
RESULT: {}
RESULT: {}
COMMAND: POST /session/3247b862f9661e1dad05ca414f9e55ea/element/f.BF6F4EA089F18175CED7BE484E452EA8.d.EE72B5D20D7AE967A9B7A39D515D7449.e.4944/click - {}
RESULT: {}
COMMAND: GET /session/3247b862f9661e1dad05ca414f9e55ea/screenshot - {}
RESULT: {}
COMMAND: POST /session/3247b862f9661e1dad05ca414f9e55ea/execute/async - {"script":"<script> [1562 bytes]","args":[{"selector":{"id":"application-managecontracts-display-component---AddNewContract--projectDescription","interaction":{"idSuffix":"inner"}},"wdio_ui5_key":"applicationmanagecontracts-display-component---AddNewContract--projectDescription"}]}
RESULT: {"script":"<script> [1562 bytes]","args":[{"selector":{"id":"application-managecontracts-display-component---AddNewContract--projectDescription","interaction":{"idSuffix":"inner"}},"wdio_ui5_key":"applicationmanagecontracts-display-component---AddNewContract--projectDescription"}]}
RESULT: undefined
COMMAND: POST /session/3247b862f9661e1dad05ca414f9e55ea/execute/async - {"script":"<script> [776 bytes]","args":[{"enterText":"Contract WDIO","selector":{"id":"application-managecontracts-display-component---AddNewContract--projectDescription","interaction":{"idSuffix":"inner"}},"clearTextFirst":true,"interactionType":"ENTER_TEXT"}]}
RESULT: {"script":"<script> [776 bytes]","args":[{"enterText":"Contract WDIO","selector":{"id":"application-managecontracts-display-component---AddNewContract--projectDescription","interaction":{"idSuffix":"inner"}},"clearTextFirst":true,"interactionType":"ENTER_TEXT"}]}
COMMAND: POST /session/3247b862f9661e1dad05ca414f9e55ea/element - {"using":"xpath","value":"//input[@id=\"application-managecontracts-display-component---AddNewContract--site-inner\"]"}
RESULT: {"using":"xpath","value":"//input[@id=\"application-managecontracts-display-component---AddNewContract--site-inner\"]"}
COMMAND: POST /session/3247b862f9661e1dad05ca414f9e55ea/element/f.BF6F4EA089F18175CED7BE484E452EA8.d.EE72B5D20D7AE967A9B7A39D515D7449.e.5300/clear - {}
RESULT: {}
COMMAND: POST /session/3247b862f9661e1dad05ca414f9e55ea/element/f.BF6F4EA089F18175CED7BE484E452EA8.d.EE72B5D20D7AE967A9B7A39D515D7449.e.5300/value - {"text":"2307"}
COMMAND: GET /session/3247b862f9661e1dad05ca414f9e55ea/screenshot - {}
RESULT: {"text":"2307"}
COMMAND: GET /session/3247b862f9661e1dad05ca414f9e55ea/screenshot - {}
RESULT: {}
RESULT: {}
COMMAND: POST /session/3247b862f9661e1dad05ca414f9e55ea/element - {"using":"xpath","value":"//li[.//span[text()='2307']]"}
RESULT: {"using":"xpath","value":"//li[.//span[text()='2307']]"}
COMMAND: POST /session/3247b862f9661e1dad05ca414f9e55ea/element/f.BF6F4EA089F18175CED7BE484E452EA8.d.EE72B5D20D7AE967A9B7A39D515D7449.e.5330/click - {}
RESULT: {}
COMMAND: GET /session/3247b862f9661e1dad05ca414f9e55ea/screenshot - {}
RESULT: {}
COMMAND: POST /session/3247b862f9661e1dad05ca414f9e55ea/element - {"using":"xpath","value":"//input[@id=\"application-managecontracts-display-component---AddNewContract--yardId-inner\"]"}
RESULT: {"using":"xpath","value":"//input[@id=\"application-managecontracts-display-component---AddNewContract--yardId-inner\"]"}
COMMAND: GET /session/3247b862f9661e1dad05ca414f9e55ea/element/f.BF6F4EA089F18175CED7BE484E452EA8.d.EE72B5D20D7AE967A9B7A39D515D7449.e.5301/property/value - {}
RESULT: {}
COMMAND: POST /session/3247b862f9661e1dad05ca414f9e55ea/element - {"using":"xpath","value":"//input[@id=\"application-managecontracts-display-component---AddNewContract--customerSelect-inner\"]"}
COMMAND: GET /session/3247b862f9661e1dad05ca414f9e55ea/screenshot - {}
RESULT: {"using":"xpath","value":"//input[@id=\"application-managecontracts-display-component---AddNewContract--customerSelect-inner\"]"}
COMMAND: POST /session/3247b862f9661e1dad05ca414f9e55ea/element/f.BF6F4EA089F18175CED7BE484E452EA8.d.EE72B5D20D7AE967A9B7A39D515D7449.e.5299/clear - {}
RESULT: {}
RESULT: {}
COMMAND: POST /session/3247b862f9661e1dad05ca414f9e55ea/element/f.BF6F4EA089F18175CED7BE484E452EA8.d.EE72B5D20D7AE967A9B7A39D515D7449.e.5299/value - {"text":"1368"}
COMMAND: GET /session/3247b862f9661e1dad05ca414f9e55ea/screenshot - {}
RESULT: {"text":"1368"}
COMMAND: GET /session/3247b862f9661e1dad05ca414f9e55ea/screenshot - {}
RESULT: {}
RESULT: {}
COMMAND: POST /session/3247b862f9661e1dad05ca414f9e55ea/element - {"using":"xpath","value":"//li[.//span[text()='1368']]"}
RESULT: {"using":"xpath","value":"//li[.//span[text()='1368']]"}
COMMAND: POST /session/3247b862f9661e1dad05ca414f9e55ea/element/f.BF6F4EA089F18175CED7BE484E452EA8.d.EE72B5D20D7AE967A9B7A39D515D7449.e.5333/click - {}
RESULT: {}
COMMAND: GET /session/3247b862f9661e1dad05ca414f9e55ea/screenshot - {}
RESULT: {}
COMMAND: POST /session/3247b862f9661e1dad05ca414f9e55ea/element - {"using":"xpath","value":"//button[@data-kt=\"saveButton\"]"}
RESULT: {"using":"xpath","value":"//button[@data-kt=\"saveButton\"]"}
COMMAND: POST /session/3247b862f9661e1dad05ca414f9e55ea/element/f.BF6F4EA089F18175CED7BE484E452EA8.d.EE72B5D20D7AE967A9B7A39D515D7449.e.5334/click - {}
RESULT: {}
COMMAND: GET /session/3247b862f9661e1dad05ca414f9e55ea/screenshot - {}
RESULT: {}
COMMAND: POST /session/3247b862f9661e1dad05ca414f9e55ea/element - {"using":"xpath","value":"//span[contains(@id ,\"contractDetailTitleNoExpanded\")]"}
RESULT: {"using":"xpath","value":"//span[contains(@id ,\"contractDetailTitleNoExpanded\")]"}
COMMAND: POST /session/3247b862f9661e1dad05ca414f9e55ea/elements - {"using":"xpath","value":"//span[contains(@id ,\"contractDetailTitleNoExpanded\")]"}
RESULT: {"using":"xpath","value":"//span[contains(@id ,\"contractDetailTitleNoExpanded\")]"}
COMMAND: POST /session/3247b862f9661e1dad05ca414f9e55ea/execute/sync - {"script":"<script> [56 bytes]","args":[{"element-6066-11e4-a52e-4f735466cecf":"f.BF6F4EA089F18175CED7BE484E452EA8.d.EE72B5D20D7AE967A9B7A39D515D7449.e.5406","ELEMENT":"f.BF6F4EA089F18175CED7BE484E452EA8.d.EE72B5D20D7AE967A9B7A39D515D7449.e.5406"}]}
RESULT: {"script":"<script> [56 bytes]","args":[{"element-6066-11e4-a52e-4f735466cecf":"f.BF6F4EA089F18175CED7BE484E452EA8.d.EE72B5D20D7AE967A9B7A39D515D7449.e.5406","ELEMENT":"f.BF6F4EA089F18175CED7BE484E452EA8.d.EE72B5D20D7AE967A9B7A39D515D7449.e.5406"}]}
COMMAND: GET /session/3247b862f9661e1dad05ca414f9e55ea/screenshot - {}
RESULT: {}
]]></system-out>
    </testcase>
    <testcase classname="chrome.136_0_7103_93.windows.Billing_confirm_US117289" name="Should add created equipment to contract" time="46.963">
      <system-out><![CDATA[
COMMAND: POST /session/3247b862f9661e1dad05ca414f9e55ea/element - {"using":"xpath","value":"//button[@data-kt=\"contractDetailEditBtnButton\"]"}
RESULT: {"using":"xpath","value":"//button[@data-kt=\"contractDetailEditBtnButton\"]"}
COMMAND: POST /session/3247b862f9661e1dad05ca414f9e55ea/element/f.BF6F4EA089F18175CED7BE484E452EA8.d.EE72B5D20D7AE967A9B7A39D515D7449.e.5408/click - {}
RESULT: {}
COMMAND: GET /session/3247b862f9661e1dad05ca414f9e55ea/screenshot - {}
RESULT: {}
COMMAND: POST /session/3247b862f9661e1dad05ca414f9e55ea/element - {"using":"xpath","value":"(//span[contains(text(), \"Additional Addresses\")])[2]"}
RESULT: {"using":"xpath","value":"(//span[contains(text(), \"Additional Addresses\")])[2]"}
COMMAND: POST /session/3247b862f9661e1dad05ca414f9e55ea/element/f.BF6F4EA089F18175CED7BE484E452EA8.d.EE72B5D20D7AE967A9B7A39D515D7449.e.5464/click - {}
RESULT: {}
COMMAND: GET /session/3247b862f9661e1dad05ca414f9e55ea/screenshot - {}
RESULT: {}
COMMAND: POST /session/3247b862f9661e1dad05ca414f9e55ea/element - {"using":"xpath","value":"//button[@data-kt=\"btnAddTableRowOverflowToolbarButton\"]"}
RESULT: {"using":"xpath","value":"//button[@data-kt=\"btnAddTableRowOverflowToolbarButton\"]"}
COMMAND: POST /session/3247b862f9661e1dad05ca414f9e55ea/element/f.BF6F4EA089F18175CED7BE484E452EA8.d.EE72B5D20D7AE967A9B7A39D515D7449.e.5466/click - {}
RESULT: {}
COMMAND: GET /session/3247b862f9661e1dad05ca414f9e55ea/screenshot - {}
RESULT: {}
COMMAND: POST /session/3247b862f9661e1dad05ca414f9e55ea/element - {"using":"xpath","value":"//div[(text() = 'Standard Entry' or . = 'Standard Entry')]"}
RESULT: {"using":"xpath","value":"//div[(text() = 'Standard Entry' or . = 'Standard Entry')]"}
COMMAND: POST /session/3247b862f9661e1dad05ca414f9e55ea/element/f.BF6F4EA089F18175CED7BE484E452EA8.d.EE72B5D20D7AE967A9B7A39D515D7449.e.5468/click - {}
RESULT: {}
COMMAND: GET /session/3247b862f9661e1dad05ca414f9e55ea/screenshot - {}
RESULT: {}
COMMAND: POST /session/3247b862f9661e1dad05ca414f9e55ea/element - {"using":"xpath","value":"//td[7]/div/div/input"}
RESULT: {"using":"xpath","value":"//td[7]/div/div/input"}
COMMAND: POST /session/3247b862f9661e1dad05ca414f9e55ea/element/f.BF6F4EA089F18175CED7BE484E452EA8.d.EE72B5D20D7AE967A9B7A39D515D7449.e.5477/clear - {}
RESULT: {}
COMMAND: POST /session/3247b862f9661e1dad05ca414f9e55ea/element/f.BF6F4EA089F18175CED7BE484E452EA8.d.EE72B5D20D7AE967A9B7A39D515D7449.e.5477/value - {"text":"zpRgaT2sOx"}
COMMAND: GET /session/3247b862f9661e1dad05ca414f9e55ea/screenshot - {}
RESULT: {"text":"zpRgaT2sOx"}
COMMAND: GET /session/3247b862f9661e1dad05ca414f9e55ea/screenshot - {}
RESULT: {}
RESULT: {}
COMMAND: POST /session/3247b862f9661e1dad05ca414f9e55ea/actions - {"actions":[{"id":"action18","type":"key","parameters":{},"actions":[{"type":"keyDown","value":"î€‡"},{"type":"pause","duration":10},{"type":"keyUp","value":"î€‡"}]}]}
RESULT: {"actions":[{"id":"action18","type":"key","parameters":{},"actions":[{"type":"keyDown","value":"î€‡"},{"type":"pause","duration":10},{"type":"keyUp","value":"î€‡"}]}]}
COMMAND: GET /session/3247b862f9661e1dad05ca414f9e55ea/screenshot - {}
RESULT: {}
COMMAND: POST /session/3247b862f9661e1dad05ca414f9e55ea/execute/sync - {"script":"<script> [276 bytes]","args":["No pricing information was found"]}
RESULT: {"script":"<script> [276 bytes]","args":["No pricing information was found"]}
COMMAND: POST /session/3247b862f9661e1dad05ca414f9e55ea/element - {"using":"xpath","value":"(//button[@data-kt=\"saveButton\"])[2]"}
COMMAND: GET /session/3247b862f9661e1dad05ca414f9e55ea/screenshot - {}
RESULT: {"using":"xpath","value":"(//button[@data-kt=\"saveButton\"])[2]"}
COMMAND: POST /session/3247b862f9661e1dad05ca414f9e55ea/element/f.BF6F4EA089F18175CED7BE484E452EA8.d.EE72B5D20D7AE967A9B7A39D515D7449.e.5492/click - {}
RESULT: {}
RESULT: {}
COMMAND: GET /session/3247b862f9661e1dad05ca414f9e55ea/screenshot - {}
RESULT: {}
COMMAND: POST /session/3247b862f9661e1dad05ca414f9e55ea/execute/sync - {"script":"<script> [276 bytes]","args":["Some contract items are having rental validity exceeding header rental validity"]}
RESULT: {"script":"<script> [276 bytes]","args":["Some contract items are having rental validity exceeding header rental validity"]}
COMMAND: GET /session/3247b862f9661e1dad05ca414f9e55ea/screenshot - {}
RESULT: {}
COMMAND: POST /session/3247b862f9661e1dad05ca414f9e55ea/element - {"using":"xpath","value":"//span[contains(@id ,\"contractItemsSmartTable-header-inner\")]"}
RESULT: {"using":"xpath","value":"//span[contains(@id ,\"contractItemsSmartTable-header-inner\")]"}
COMMAND: POST /session/3247b862f9661e1dad05ca414f9e55ea/elements - {"using":"xpath","value":"//span[contains(@id ,\"contractItemsSmartTable-header-inner\")]"}
RESULT: {"using":"xpath","value":"//span[contains(@id ,\"contractItemsSmartTable-header-inner\")]"}
COMMAND: POST /session/3247b862f9661e1dad05ca414f9e55ea/execute/sync - {"script":"<script> [56 bytes]","args":[{"element-6066-11e4-a52e-4f735466cecf":"f.BF6F4EA089F18175CED7BE484E452EA8.d.EE72B5D20D7AE967A9B7A39D515D7449.e.5498","ELEMENT":"f.BF6F4EA089F18175CED7BE484E452EA8.d.EE72B5D20D7AE967A9B7A39D515D7449.e.5498"}]}
RESULT: {"script":"<script> [56 bytes]","args":[{"element-6066-11e4-a52e-4f735466cecf":"f.BF6F4EA089F18175CED7BE484E452EA8.d.EE72B5D20D7AE967A9B7A39D515D7449.e.5498","ELEMENT":"f.BF6F4EA089F18175CED7BE484E452EA8.d.EE72B5D20D7AE967A9B7A39D515D7449.e.5498"}]}
]]></system-out>
    </testcase>
    <testcase classname="chrome.136_0_7103_93.windows.Billing_confirm_US117289" name="Should do a provide to site handover" time="63.148">
      <system-out><![CDATA[
COMMAND: POST /session/3247b862f9661e1dad05ca414f9e55ea/element - {"using":"xpath","value":"//button[@data-kt=\"provideButton\"]"}
COMMAND: GET /session/3247b862f9661e1dad05ca414f9e55ea/screenshot - {}
RESULT: {"using":"xpath","value":"//button[@data-kt=\"provideButton\"]"}
COMMAND: POST /session/3247b862f9661e1dad05ca414f9e55ea/element/f.BF6F4EA089F18175CED7BE484E452EA8.d.EE72B5D20D7AE967A9B7A39D515D7449.e.5499/click - {}
RESULT: {}
RESULT: {}
COMMAND: GET /session/3247b862f9661e1dad05ca414f9e55ea/screenshot - {}
RESULT: {}
RESULT: undefined
COMMAND: POST /session/3247b862f9661e1dad05ca414f9e55ea/execute/async - {"script":"<script> [6424 bytes]","args":[{"element-6066-11e4-a52e-4f735466cecf":"f.BF6F4EA089F18175CED7BE484E452EA8.d.EE72B5D20D7AE967A9B7A39D515D7449.e.4347"},"setValue",["5/20/25"]]}
COMMAND: POST /session/3247b862f9661e1dad05ca414f9e55ea/execute/async - {"script":"<script> [1562 bytes]","args":[{"selector":{"id":"application-managehandovers-display-component---AddNewHO--dueDate","interaction":{"idSuffix":"inner"}},"wdio_ui5_key":"applicationmanagehandovers-display-component---AddNewHO--dueDate"}]}
RESULT: {"script":"<script> [1562 bytes]","args":[{"selector":{"id":"application-managehandovers-display-component---AddNewHO--dueDate","interaction":{"idSuffix":"inner"}},"wdio_ui5_key":"applicationmanagehandovers-display-component---AddNewHO--dueDate"}]}
COMMAND: POST /session/3247b862f9661e1dad05ca414f9e55ea/execute/async - {"script":"<script> [6424 bytes]","args":[{"element-6066-11e4-a52e-4f735466cecf":"f.BF6F4EA089F18175CED7BE484E452EA8.d.EE72B5D20D7AE967A9B7A39D515D7449.e.5556"},"setValue",["5/20/25"]]}
RESULT: {"script":"<script> [6424 bytes]","args":[{"element-6066-11e4-a52e-4f735466cecf":"f.BF6F4EA089F18175CED7BE484E452EA8.d.EE72B5D20D7AE967A9B7A39D515D7449.e.5556"},"setValue",["5/20/25"]]}
COMMAND: POST /session/3247b862f9661e1dad05ca414f9e55ea/element - {"using":"xpath","value":"//bdi[contains(text(), \"Instructions\")]"}
RESULT: {"using":"xpath","value":"//bdi[contains(text(), \"Instructions\")]"}
COMMAND: POST /session/3247b862f9661e1dad05ca414f9e55ea/element/f.BF6F4EA089F18175CED7BE484E452EA8.d.EE72B5D20D7AE967A9B7A39D515D7449.e.5815/click - {}
RESULT: {}
COMMAND: GET /session/3247b862f9661e1dad05ca414f9e55ea/screenshot - {}
RESULT: {}
COMMAND: POST /session/3247b862f9661e1dad05ca414f9e55ea/element - {"using":"xpath","value":"//button[@data-kt=\"AddNewHOProvideAddItemsButton\"]"}
RESULT: {"using":"xpath","value":"//button[@data-kt=\"AddNewHOProvideAddItemsButton\"]"}
COMMAND: POST /session/3247b862f9661e1dad05ca414f9e55ea/element/f.BF6F4EA089F18175CED7BE484E452EA8.d.EE72B5D20D7AE967A9B7A39D515D7449.e.5819/click - {}
RESULT: {}
COMMAND: GET /session/3247b862f9661e1dad05ca414f9e55ea/screenshot - {}
RESULT: {}
RESULT: undefined
COMMAND: POST /session/3247b862f9661e1dad05ca414f9e55ea/element - {"using":"xpath","value":"//*[@id=\"application-managehandovers-display-component---AddNewHO--popup-sa\"]"}
RESULT: {"using":"xpath","value":"//*[@id=\"application-managehandovers-display-component---AddNewHO--popup-sa\"]"}
COMMAND: POST /session/3247b862f9661e1dad05ca414f9e55ea/element/f.BF6F4EA089F18175CED7BE484E452EA8.d.EE72B5D20D7AE967A9B7A39D515D7449.e.5834/click - {}
RESULT: {}
COMMAND: GET /session/3247b862f9661e1dad05ca414f9e55ea/screenshot - {}
RESULT: {}
COMMAND: POST /session/3247b862f9661e1dad05ca414f9e55ea/element - {"using":"xpath","value":"//*[contains(@id ,\"BDI-content\")][contains(text(), \"Select\")]"}
RESULT: {"using":"xpath","value":"//*[contains(@id ,\"BDI-content\")][contains(text(), \"Select\")]"}
COMMAND: POST /session/3247b862f9661e1dad05ca414f9e55ea/element/f.BF6F4EA089F18175CED7BE484E452EA8.d.EE72B5D20D7AE967A9B7A39D515D7449.e.5836/click - {}
RESULT: {}
COMMAND: GET /session/3247b862f9661e1dad05ca414f9e55ea/screenshot - {}
RESULT: {}
COMMAND: POST /session/3247b862f9661e1dad05ca414f9e55ea/execute/async - {"script":"<script> [1562 bytes]","args":[{"selector":{"id":"application-managehandovers-display-component---AddNewHO--confirmCreationButton","interaction":{"idSuffix":"BDI-content"}},"wdio_ui5_key":"applicationmanagehandovers-display-component---AddNewHO--confirmCreationButton"}]}
RESULT: {"script":"<script> [1562 bytes]","args":[{"selector":{"id":"application-managehandovers-display-component---AddNewHO--confirmCreationButton","interaction":{"idSuffix":"BDI-content"}},"wdio_ui5_key":"applicationmanagehandovers-display-component---AddNewHO--confirmCreationButton"}]}
RESULT: undefined
COMMAND: POST /session/3247b862f9661e1dad05ca414f9e55ea/element - {"using":"xpath","value":"//*[@id=\"application-managehandovers-display-component---AddNewHO--confirmCreationButton\"]"}
RESULT: {"using":"xpath","value":"//*[@id=\"application-managehandovers-display-component---AddNewHO--confirmCreationButton\"]"}
COMMAND: POST /session/3247b862f9661e1dad05ca414f9e55ea/element/f.BF6F4EA089F18175CED7BE484E452EA8.d.EE72B5D20D7AE967A9B7A39D515D7449.e.5626/click - {}
RESULT: {}
COMMAND: GET /session/3247b862f9661e1dad05ca414f9e55ea/screenshot - {}
RESULT: {}
COMMAND: POST /session/3247b862f9661e1dad05ca414f9e55ea/execute/async - {"script":"<script> [1562 bytes]","args":[{"selector":{"id":"issueDatePicker","viewName":"etm.portal.ui.managehandovers.view.DetailExecuteHO","interaction":{"idSuffix":"inner"}},"wdio_ui5_key":"issueDatePickeretmportal.ui.managehandovers.view.DetailExecuteHO"}]}
RESULT: {"script":"<script> [1562 bytes]","args":[{"selector":{"id":"issueDatePicker","viewName":"etm.portal.ui.managehandovers.view.DetailExecuteHO","interaction":{"idSuffix":"inner"}},"wdio_ui5_key":"issueDatePickeretmportal.ui.managehandovers.view.DetailExecuteHO"}]}
RESULT: undefined
COMMAND: POST /session/3247b862f9661e1dad05ca414f9e55ea/execute/async - {"script":"<script> [776 bytes]","args":[{"enterText":"5/20/25","selector":{"id":"issueDatePicker","viewName":"etm.portal.ui.managehandovers.view.DetailExecuteHO","interaction":{"idSuffix":"inner"}},"clearTextFirst":true,"interactionType":"ENTER_TEXT"}]}
RESULT: {"script":"<script> [776 bytes]","args":[{"enterText":"5/20/25","selector":{"id":"issueDatePicker","viewName":"etm.portal.ui.managehandovers.view.DetailExecuteHO","interaction":{"idSuffix":"inner"}},"clearTextFirst":true,"interactionType":"ENTER_TEXT"}]}
COMMAND: POST /session/3247b862f9661e1dad05ca414f9e55ea/element - {"using":"xpath","value":"//bdi[contains(text(), \"OK\")]"}
RESULT: {"using":"xpath","value":"//bdi[contains(text(), \"OK\")]"}
COMMAND: POST /session/3247b862f9661e1dad05ca414f9e55ea/element/f.BF6F4EA089F18175CED7BE484E452EA8.d.EE72B5D20D7AE967A9B7A39D515D7449.e.5902/click - {}
RESULT: {}
COMMAND: GET /session/3247b862f9661e1dad05ca414f9e55ea/screenshot - {}
RESULT: {}
COMMAND: POST /session/3247b862f9661e1dad05ca414f9e55ea/element - {"using":"xpath","value":"//button[@data-kt=\"PickingTableConfirmAllButton\"]"}
RESULT: {"using":"xpath","value":"//button[@data-kt=\"PickingTableConfirmAllButton\"]"}
COMMAND: POST /session/3247b862f9661e1dad05ca414f9e55ea/element/f.BF6F4EA089F18175CED7BE484E452EA8.d.EE72B5D20D7AE967A9B7A39D515D7449.e.5909/click - {}
RESULT: {}
COMMAND: GET /session/3247b862f9661e1dad05ca414f9e55ea/screenshot - {}
RESULT: {}
COMMAND: POST /session/3247b862f9661e1dad05ca414f9e55ea/element - {"using":"xpath","value":"//bdi[contains(text(), \"OK\")]"}
RESULT: {"using":"xpath","value":"//bdi[contains(text(), \"OK\")]"}
COMMAND: POST /session/3247b862f9661e1dad05ca414f9e55ea/element/f.BF6F4EA089F18175CED7BE484E452EA8.d.EE72B5D20D7AE967A9B7A39D515D7449.e.5912/click - {}
RESULT: {}
COMMAND: GET /session/3247b862f9661e1dad05ca414f9e55ea/screenshot - {}
RESULT: {}
COMMAND: POST /session/3247b862f9661e1dad05ca414f9e55ea/element - {"using":"xpath","value":"//bdi[contains(text(), \"Issue\")]"}
RESULT: {"using":"xpath","value":"//bdi[contains(text(), \"Issue\")]"}
COMMAND: POST /session/3247b862f9661e1dad05ca414f9e55ea/element/f.BF6F4EA089F18175CED7BE484E452EA8.d.EE72B5D20D7AE967A9B7A39D515D7449.e.5914/click - {}
RESULT: {}
COMMAND: GET /session/3247b862f9661e1dad05ca414f9e55ea/screenshot - {}
RESULT: {}
COMMAND: POST /session/3247b862f9661e1dad05ca414f9e55ea/element - {"using":"css selector","value":"#shell-header-logo"}
RESULT: {"using":"css selector","value":"#shell-header-logo"}
COMMAND: POST /session/3247b862f9661e1dad05ca414f9e55ea/element/f.BF6F4EA089F18175CED7BE484E452EA8.d.EE72B5D20D7AE967A9B7A39D515D7449.e.4897/click - {}
RESULT: {}
COMMAND: GET /session/3247b862f9661e1dad05ca414f9e55ea/screenshot - {}
RESULT: {}
]]></system-out>
    </testcase>
    <testcase classname="chrome.136_0_7103_93.windows.Billing_confirm_US117289" name="Should trigger calculation" time="75.691">
      <system-out><![CDATA[
COMMAND: POST /session/3247b862f9661e1dad05ca414f9e55ea/execute/async - {"script":"<script> [1562 bytes]","args":[{"selector":{"controlType":"sap.m.GenericTile","properties":{"header":"Manage Billings"}},"wdio_ui5_key":"sapm.GenericTile{\"header\":\"Manage Billings\"}"}]}
RESULT: {"script":"<script> [1562 bytes]","args":[{"selector":{"controlType":"sap.m.GenericTile","properties":{"header":"Manage Billings"}},"wdio_ui5_key":"sapm.GenericTile{\"header\":\"Manage Billings\"}"}]}
RESULT: undefined
COMMAND: POST /session/3247b862f9661e1dad05ca414f9e55ea/element - {"using":"xpath","value":"//*[@id=\"__tile51\"]"}
RESULT: {"using":"xpath","value":"//*[@id=\"__tile51\"]"}
COMMAND: POST /session/3247b862f9661e1dad05ca414f9e55ea/element/f.BF6F4EA089F18175CED7BE484E452EA8.d.EE72B5D20D7AE967A9B7A39D515D7449.e.183/click - {}
RESULT: {}
COMMAND: GET /session/3247b862f9661e1dad05ca414f9e55ea/screenshot - {}
RESULT: {}
COMMAND: POST /session/3247b862f9661e1dad05ca414f9e55ea/elements - {"using":"xpath","value":"//span[text()='Error']"}
RESULT: {"using":"xpath","value":"//span[text()='Error']"}
COMMAND: POST /session/3247b862f9661e1dad05ca414f9e55ea/execute/async - {"script":"<script> [1562 bytes]","args":[{"selector":{"id":"application-managebillings-display-component---billRunCalcResult--smartFilterBar-btnBasicSearch","interaction":{"idSuffix":"I"}},"wdio_ui5_key":"applicationmanagebillings-display-component---billRunCalcResult--smartFilterBar-btnBasicSearch"}]}
RESULT: {"script":"<script> [1562 bytes]","args":[{"selector":{"id":"application-managebillings-display-component---billRunCalcResult--smartFilterBar-btnBasicSearch","interaction":{"idSuffix":"I"}},"wdio_ui5_key":"applicationmanagebillings-display-component---billRunCalcResult--smartFilterBar-btnBasicSearch"}]}
RESULT: undefined
COMMAND: POST /session/3247b862f9661e1dad05ca414f9e55ea/execute/async - {"script":"<script> [776 bytes]","args":[{"enterText":"10434","selector":{"id":"application-managebillings-display-component---billRunCalcResult--smartFilterBar-btnBasicSearch","interaction":{"idSuffix":"I"}},"clearTextFirst":true,"interactionType":"ENTER_TEXT"}]}
RESULT: {"script":"<script> [776 bytes]","args":[{"enterText":"10434","selector":{"id":"application-managebillings-display-component---billRunCalcResult--smartFilterBar-btnBasicSearch","interaction":{"idSuffix":"I"}},"clearTextFirst":true,"interactionType":"ENTER_TEXT"}]}
COMMAND: POST /session/3247b862f9661e1dad05ca414f9e55ea/actions - {"actions":[{"id":"action19","type":"key","parameters":{},"actions":[{"type":"keyDown","value":"î€‡"},{"type":"pause","duration":10},{"type":"keyUp","value":"î€‡"}]}]}
RESULT: {"actions":[{"id":"action19","type":"key","parameters":{},"actions":[{"type":"keyDown","value":"î€‡"},{"type":"pause","duration":10},{"type":"keyUp","value":"î€‡"}]}]}
COMMAND: GET /session/3247b862f9661e1dad05ca414f9e55ea/screenshot - {}
RESULT: {}
COMMAND: POST /session/3247b862f9661e1dad05ca414f9e55ea/element - {"using":"xpath","value":"//td[@aria-colindex=\"1\"]/div/div[contains(@class, \"sapMCbBg\")]"}
RESULT: {"using":"xpath","value":"//td[@aria-colindex=\"1\"]/div/div[contains(@class, \"sapMCbBg\")]"}
COMMAND: POST /session/3247b862f9661e1dad05ca414f9e55ea/element/f.BF6F4EA089F18175CED7BE484E452EA8.d.EE72B5D20D7AE967A9B7A39D515D7449.e.6305/click - {}
RESULT: {}
COMMAND: GET /session/3247b862f9661e1dad05ca414f9e55ea/screenshot - {}
RESULT: {}
COMMAND: POST /session/3247b862f9661e1dad05ca414f9e55ea/execute/async - {"script":"<script> [1562 bytes]","args":[{"selector":{"id":"application-managebillings-display-component---billRunCalcResult--contractBillRunDate","interaction":{"idSuffix":"inner"}},"wdio_ui5_key":"applicationmanagebillings-display-component---billRunCalcResult--contractBillRunDate"}]}
RESULT: {"script":"<script> [1562 bytes]","args":[{"selector":{"id":"application-managebillings-display-component---billRunCalcResult--contractBillRunDate","interaction":{"idSuffix":"inner"}},"wdio_ui5_key":"applicationmanagebillings-display-component---billRunCalcResult--contractBillRunDate"}]}
RESULT: undefined
COMMAND: POST /session/3247b862f9661e1dad05ca414f9e55ea/execute/async - {"script":"<script> [776 bytes]","args":[{"enterText":"6/20/25","selector":{"id":"application-managebillings-display-component---billRunCalcResult--contractBillRunDate","interaction":{"idSuffix":"inner"}},"clearTextFirst":true,"interactionType":"ENTER_TEXT"}]}
RESULT: {"script":"<script> [776 bytes]","args":[{"enterText":"6/20/25","selector":{"id":"application-managebillings-display-component---billRunCalcResult--contractBillRunDate","interaction":{"idSuffix":"inner"}},"clearTextFirst":true,"interactionType":"ENTER_TEXT"}]}
COMMAND: POST /session/3247b862f9661e1dad05ca414f9e55ea/element - {"using":"xpath","value":"//bdi[contains(text(), \"Trigger Calculation\")]"}
RESULT: {"using":"xpath","value":"//bdi[contains(text(), \"Trigger Calculation\")]"}
COMMAND: POST /session/3247b862f9661e1dad05ca414f9e55ea/element/f.BF6F4EA089F18175CED7BE484E452EA8.d.EE72B5D20D7AE967A9B7A39D515D7449.e.6332/click - {}
RESULT: {}
COMMAND: GET /session/3247b862f9661e1dad05ca414f9e55ea/screenshot - {}
RESULT: {}
COMMAND: POST /session/3247b862f9661e1dad05ca414f9e55ea/element - {"using":"xpath","value":"(//span[contains(@id, \"imgNav\")])[1]"}
RESULT: {"using":"xpath","value":"(//span[contains(@id, \"imgNav\")])[1]"}
COMMAND: POST /session/3247b862f9661e1dad05ca414f9e55ea/element/f.BF6F4EA089F18175CED7BE484E452EA8.d.EE72B5D20D7AE967A9B7A39D515D7449.e.6318/click - {}
RESULT: {}
COMMAND: GET /session/3247b862f9661e1dad05ca414f9e55ea/screenshot - {}
RESULT: {}
COMMAND: POST /session/3247b862f9661e1dad05ca414f9e55ea/element - {"using":"xpath","value":"//tr/td[6]/div[1]/span[1]/span[1]"}
RESULT: {"using":"xpath","value":"//tr/td[6]/div[1]/span[1]/span[1]"}
COMMAND: GET /session/3247b862f9661e1dad05ca414f9e55ea/element/f.BF6F4EA089F18175CED7BE484E452EA8.d.EE72B5D20D7AE967A9B7A39D515D7449.e.6338/text - {}
RESULT: {}
COMMAND: POST /session/3247b862f9661e1dad05ca414f9e55ea/element - {"using":"xpath","value":"(//span[contains(@id, \"imgNav\")])[2]"}
RESULT: {"using":"xpath","value":"(//span[contains(@id, \"imgNav\")])[2]"}
COMMAND: POST /session/3247b862f9661e1dad05ca414f9e55ea/element/f.BF6F4EA089F18175CED7BE484E452EA8.d.EE72B5D20D7AE967A9B7A39D515D7449.e.6339/click - {}
RESULT: {}
COMMAND: GET /session/3247b862f9661e1dad05ca414f9e55ea/screenshot - {}
RESULT: {}
COMMAND: POST /session/3247b862f9661e1dad05ca414f9e55ea/element - {"using":"xpath","value":"//bdi[contains(text(), \"Business Confirm\")]"}
RESULT: {"using":"xpath","value":"//bdi[contains(text(), \"Business Confirm\")]"}
COMMAND: POST /session/3247b862f9661e1dad05ca414f9e55ea/element/f.BF6F4EA089F18175CED7BE484E452EA8.d.EE72B5D20D7AE967A9B7A39D515D7449.e.6413/click - {}
RESULT: {}
COMMAND: GET /session/3247b862f9661e1dad05ca414f9e55ea/screenshot - {}
RESULT: {}
COMMAND: POST /session/3247b862f9661e1dad05ca414f9e55ea/element - {"using":"xpath","value":"//bdi[contains(text(), \"Business Confirmed\")]"}
RESULT: {"using":"xpath","value":"//bdi[contains(text(), \"Business Confirmed\")]"}
COMMAND: POST /session/3247b862f9661e1dad05ca414f9e55ea/execute/sync - {"script":"<script> [56 bytes]","args":[{"element-6066-11e4-a52e-4f735466cecf":"f.BF6F4EA089F18175CED7BE484E452EA8.d.EE72B5D20D7AE967A9B7A39D515D7449.e.6413","ELEMENT":"f.BF6F4EA089F18175CED7BE484E452EA8.d.EE72B5D20D7AE967A9B7A39D515D7449.e.6413"}]}
RESULT: {"script":"<script> [56 bytes]","args":[{"element-6066-11e4-a52e-4f735466cecf":"f.BF6F4EA089F18175CED7BE484E452EA8.d.EE72B5D20D7AE967A9B7A39D515D7449.e.6413","ELEMENT":"f.BF6F4EA089F18175CED7BE484E452EA8.d.EE72B5D20D7AE967A9B7A39D515D7449.e.6413"}]}
COMMAND: POST /session/3247b862f9661e1dad05ca414f9e55ea/element - {"using":"css selector","value":"#shell-header-logo"}
COMMAND: GET /session/3247b862f9661e1dad05ca414f9e55ea/screenshot - {}
RESULT: {"using":"css selector","value":"#shell-header-logo"}
COMMAND: POST /session/3247b862f9661e1dad05ca414f9e55ea/element/f.BF6F4EA089F18175CED7BE484E452EA8.d.EE72B5D20D7AE967A9B7A39D515D7449.e.6094/click - {}
RESULT: {}
RESULT: {}
COMMAND: GET /session/3247b862f9661e1dad05ca414f9e55ea/screenshot - {}
RESULT: {}
COMMAND: POST /session/3247b862f9661e1dad05ca414f9e55ea/element - {"using":"css selector","value":"#j_username"}
COMMAND: POST /session/3247b862f9661e1dad05ca414f9e55ea/url - {"url":"https://qa-testing-00-live-etm-ui.cfapps.eu10-004.hana.ondemand.com/"}
RESULT: {"using":"css selector","value":"#j_username"}
COMMAND: POST /session/3247b862f9661e1dad05ca414f9e55ea/element - {"using":"css selector","value":"#j_username"}
RESULT: {"url":"https://qa-testing-00-live-etm-ui.cfapps.eu10-004.hana.ondemand.com/"}
RESULT: undefined
COMMAND: GET /session/3247b862f9661e1dad05ca414f9e55ea/screenshot - {}
RESULT: {"using":"css selector","value":"#j_username"}
COMMAND: POST /session/3247b862f9661e1dad05ca414f9e55ea/element - {"using":"css selector","value":"#shell-header-logo"}
RESULT: {}
RESULT: {"using":"css selector","value":"#shell-header-logo"}
COMMAND: POST /session/3247b862f9661e1dad05ca414f9e55ea/execute/sync - {"script":"<script> [8489 bytes]","args":[{"element-6066-11e4-a52e-4f735466cecf":"f.BF6F4EA089F18175CED7BE484E452EA8.d.257B45DBAE04028BC538AEE08A1A98EC.e.6434","ELEMENT":"f.BF6F4EA089F18175CED7BE484E452EA8.d.257B45DBAE04028BC538AEE08A1A98EC.e.6434"}]}
RESULT: {"script":"<script> [8489 bytes]","args":[{"element-6066-11e4-a52e-4f735466cecf":"f.BF6F4EA089F18175CED7BE484E452EA8.d.257B45DBAE04028BC538AEE08A1A98EC.e.6434","ELEMENT":"f.BF6F4EA089F18175CED7BE484E452EA8.d.257B45DBAE04028BC538AEE08A1A98EC.e.6434"}]}
COMMAND: POST /session/3247b862f9661e1dad05ca414f9e55ea/element - {"using":"css selector","value":"#shell-header-logo"}
COMMAND: GET /session/3247b862f9661e1dad05ca414f9e55ea/screenshot - {}
RESULT: {"using":"css selector","value":"#shell-header-logo"}
COMMAND: POST /session/3247b862f9661e1dad05ca414f9e55ea/execute/sync - {"script":"<script> [8489 bytes]","args":[{"element-6066-11e4-a52e-4f735466cecf":"f.BF6F4EA089F18175CED7BE484E452EA8.d.257B45DBAE04028BC538AEE08A1A98EC.e.6434","ELEMENT":"f.BF6F4EA089F18175CED7BE484E452EA8.d.257B45DBAE04028BC538AEE08A1A98EC.e.6434"}]}
RESULT: {}
RESULT: {"script":"<script> [8489 bytes]","args":[{"element-6066-11e4-a52e-4f735466cecf":"f.BF6F4EA089F18175CED7BE484E452EA8.d.257B45DBAE04028BC538AEE08A1A98EC.e.6434","ELEMENT":"f.BF6F4EA089F18175CED7BE484E452EA8.d.257B45DBAE04028BC538AEE08A1A98EC.e.6434"}]}
COMMAND: POST /session/3247b862f9661e1dad05ca414f9e55ea/execute/sync - {"script":"<script> [5351 bytes]","args":[{"element-6066-11e4-a52e-4f735466cecf":"f.BF6F4EA089F18175CED7BE484E452EA8.d.257B45DBAE04028BC538AEE08A1A98EC.e.6434","ELEMENT":"f.BF6F4EA089F18175CED7BE484E452EA8.d.257B45DBAE04028BC538AEE08A1A98EC.e.6434"}]}
COMMAND: GET /session/3247b862f9661e1dad05ca414f9e55ea/screenshot - {}
RESULT: {"script":"<script> [5351 bytes]","args":[{"element-6066-11e4-a52e-4f735466cecf":"f.BF6F4EA089F18175CED7BE484E452EA8.d.257B45DBAE04028BC538AEE08A1A98EC.e.6434","ELEMENT":"f.BF6F4EA089F18175CED7BE484E452EA8.d.257B45DBAE04028BC538AEE08A1A98EC.e.6434"}]}
COMMAND: POST /session/3247b862f9661e1dad05ca414f9e55ea/element - {"using":"css selector","value":"#shell-header-logo"}
COMMAND: GET /session/3247b862f9661e1dad05ca414f9e55ea/screenshot - {}
RESULT: {}
RESULT: {"using":"css selector","value":"#shell-header-logo"}
COMMAND: POST /session/3247b862f9661e1dad05ca414f9e55ea/element/f.BF6F4EA089F18175CED7BE484E452EA8.d.257B45DBAE04028BC538AEE08A1A98EC.e.6434/click - {}
RESULT: {}
RESULT: {}
COMMAND: GET /session/3247b862f9661e1dad05ca414f9e55ea/screenshot - {}
RESULT: {}
COMMAND: POST /session/3247b862f9661e1dad05ca414f9e55ea/execute/async - {"script":"<script> [189 bytes]","args":[]}
RESULT: {"script":"<script> [189 bytes]","args":[]}
COMMAND: POST /session/3247b862f9661e1dad05ca414f9e55ea/execute/async - {"script":"<script> [123 bytes]","args":[]}
RESULT: {"script":"<script> [123 bytes]","args":[]}
COMMAND: POST /session/3247b862f9661e1dad05ca414f9e55ea/timeouts - {"script":"<number>"}
RESULT: {"script":"<number>"}
COMMAND: GET /session/3247b862f9661e1dad05ca414f9e55ea/timeouts - {}
RESULT: {}
RESULT: undefined
COMMAND: POST /session/3247b862f9661e1dad05ca414f9e55ea/execute/async - {"script":"<script> [2676 bytes]","args":[]}
RESULT: {"script":"<script> [2676 bytes]","args":[]}
COMMAND: POST /session/3247b862f9661e1dad05ca414f9e55ea/execute/async - {"script":"<script> [2342 bytes]","args":[{"protocol":"http","hostname":"0.0.0.0","path":"/","capabilities":{"browserName":"chrome","goog:chromeOptions":{"binary":"C:\\Program Files\\Google\\Chrome\\Application\\chrome.exe","args":["--start-maximized"]}},"logLevel":"warn","connectionRetryTimeout":120000,"connectionRetryCount":3,"logLevels":{},"enableDirectConnect":true,"strictSSL":true,"_":"65 more keys: [\"cacheDir\",\"port\",\"requestedCapabilities\",\"automationProtocol\",\"baseUrl\",\"waitforInterval\",\"waitforTimeout\",\"onReload\",\"beforeCommand\",\"afterCommand\",\"rootDir\",\"specs\",\"suites\",\"exclude\",\"groupLogsByTestSpec\",\"excludeDriverLogs\",\"bail\",\"framework\",\"reporters\",\"services\",\"maxInstances\",\"maxInstancesPerCapability\",\"injectGlobals\",\"filesToWatch\",\"execArgv\",\"runnerEnv\",\"runner\",\"shard\",\"specFileRetries\",\"specFileRetriesDelay\",\"specFileRetriesDeferred\",\"reporterSyncInterval\",\"reporterSyncTimeout\",\"cucumberFeaturesWithLineNumbers\",\"autoCompileOpts\",\"mochaOpts\",\"jasmineOpts\",\"cucumberOpts\",\"onPrepare\",\"onWorkerStart\",\"onWorkerEnd\",\"before\",\"beforeSession\",\"beforeSuite\",\"beforeHook\",\"beforeTest\",\"afterTest\",\"afterHook\",\"afterSuite\",\"afterSession\",\"after\",\"onComplete\",\"beforeAssertion\",\"afterAssertion\",\"beforeFeature\",\"beforeScenario\",\"beforeStep\",\"afterStep\",\"afterScenario\",\"afterFeature\",\"_\",\"suite\",\"$0\",\"ignoredWorkerServices\",\"wdi5\"]"}]}
RESULT: {"script":"<script> [2342 bytes]","args":[{"protocol":"http","hostname":"0.0.0.0","path":"/","capabilities":{"browserName":"chrome","goog:chromeOptions":{"binary":"C:\\Program Files\\Google\\Chrome\\Application\\chrome.exe","args":["--start-maximized"]}},"logLevel":"warn","connectionRetryTimeout":120000,"connectionRetryCount":3,"logLevels":{},"enableDirectConnect":true,"strictSSL":true,"_":"65 more keys: [\"cacheDir\",\"port\",\"requestedCapabilities\",\"automationProtocol\",\"baseUrl\",\"waitforInterval\",\"waitforTimeout\",\"onReload\",\"beforeCommand\",\"afterCommand\",\"rootDir\",\"specs\",\"suites\",\"exclude\",\"groupLogsByTestSpec\",\"excludeDriverLogs\",\"bail\",\"framework\",\"reporters\",\"services\",\"maxInstances\",\"maxInstancesPerCapability\",\"injectGlobals\",\"filesToWatch\",\"execArgv\",\"runnerEnv\",\"runner\",\"shard\",\"specFileRetries\",\"specFileRetriesDelay\",\"specFileRetriesDeferred\",\"reporterSyncInterval\",\"reporterSyncTimeout\",\"cucumberFeaturesWithLineNumbers\",\"autoCompileOpts\",\"mochaOpts\",\"jasmineOpts\",\"cucumberOpts\",\"onPrepare\",\"onWorkerStart\",\"onWorkerEnd\",\"before\",\"beforeSession\",\"beforeSuite\",\"beforeHook\",\"beforeTest\",\"afterTest\",\"afterHook\",\"afterSuite\",\"afterSession\",\"after\",\"onComplete\",\"beforeAssertion\",\"afterAssertion\",\"beforeFeature\",\"beforeScenario\",\"beforeStep\",\"afterStep\",\"afterScenario\",\"afterFeature\",\"_\",\"suite\",\"$0\",\"ignoredWorkerServices\",\"wdi5\"]"}]}
COMMAND: POST /session/3247b862f9661e1dad05ca414f9e55ea/execute/async - {"script":"<script> [21126 bytes]","args":[35000]}
RESULT: {"script":"<script> [21126 bytes]","args":[35000]}
COMMAND: POST /session/3247b862f9661e1dad05ca414f9e55ea/window/maximize - {}
RESULT: {}
COMMAND: POST /session/3247b862f9661e1dad05ca414f9e55ea/execute/async - {"script":"<script> [1562 bytes]","args":[{"selector":{"id":"shell-header","interaction":{"idSuffix":"icon"}},"wdio_ui5_key":"shellheader"}]}
COMMAND: GET /session/3247b862f9661e1dad05ca414f9e55ea/screenshot - {}
RESULT: {"script":"<script> [1562 bytes]","args":[{"selector":{"id":"shell-header","interaction":{"idSuffix":"icon"}},"wdio_ui5_key":"shellheader"}]}
RESULT: undefined
COMMAND: POST /session/3247b862f9661e1dad05ca414f9e55ea/refresh - {}
RESULT: {}
RESULT: {}
COMMAND: GET /session/3247b862f9661e1dad05ca414f9e55ea/screenshot - {}
RESULT: {}
COMMAND: POST /session/3247b862f9661e1dad05ca414f9e55ea/refresh - {}
RESULT: {}
COMMAND: GET /session/3247b862f9661e1dad05ca414f9e55ea/screenshot - {}
RESULT: {}
COMMAND: POST /session/3247b862f9661e1dad05ca414f9e55ea/window/fullscreen - {}
RESULT: {}
COMMAND: POST /session/3247b862f9661e1dad05ca414f9e55ea/execute/async - {"script":"<script> [189 bytes]","args":[]}
RESULT: {"script":"<script> [189 bytes]","args":[]}
COMMAND: POST /session/3247b862f9661e1dad05ca414f9e55ea/execute/async - {"script":"<script> [123 bytes]","args":[]}
RESULT: {"script":"<script> [123 bytes]","args":[]}
COMMAND: POST /session/3247b862f9661e1dad05ca414f9e55ea/timeouts - {"script":"<number>"}
RESULT: {"script":"<number>"}
COMMAND: GET /session/3247b862f9661e1dad05ca414f9e55ea/timeouts - {}
RESULT: {}
RESULT: undefined
COMMAND: POST /session/3247b862f9661e1dad05ca414f9e55ea/execute/async - {"script":"<script> [2676 bytes]","args":[]}
RESULT: {"script":"<script> [2676 bytes]","args":[]}
COMMAND: POST /session/3247b862f9661e1dad05ca414f9e55ea/execute/async - {"script":"<script> [2342 bytes]","args":[{"protocol":"http","hostname":"0.0.0.0","path":"/","capabilities":{"browserName":"chrome","goog:chromeOptions":{"binary":"C:\\Program Files\\Google\\Chrome\\Application\\chrome.exe","args":["--start-maximized"]}},"logLevel":"warn","connectionRetryTimeout":120000,"connectionRetryCount":3,"logLevels":{},"enableDirectConnect":true,"strictSSL":true,"_":"65 more keys: [\"cacheDir\",\"port\",\"requestedCapabilities\",\"automationProtocol\",\"baseUrl\",\"waitforInterval\",\"waitforTimeout\",\"onReload\",\"beforeCommand\",\"afterCommand\",\"rootDir\",\"specs\",\"suites\",\"exclude\",\"groupLogsByTestSpec\",\"excludeDriverLogs\",\"bail\",\"framework\",\"reporters\",\"services\",\"maxInstances\",\"maxInstancesPerCapability\",\"injectGlobals\",\"filesToWatch\",\"execArgv\",\"runnerEnv\",\"runner\",\"shard\",\"specFileRetries\",\"specFileRetriesDelay\",\"specFileRetriesDeferred\",\"reporterSyncInterval\",\"reporterSyncTimeout\",\"cucumberFeaturesWithLineNumbers\",\"autoCompileOpts\",\"mochaOpts\",\"jasmineOpts\",\"cucumberOpts\",\"onPrepare\",\"onWorkerStart\",\"onWorkerEnd\",\"before\",\"beforeSession\",\"beforeSuite\",\"beforeHook\",\"beforeTest\",\"afterTest\",\"afterHook\",\"afterSuite\",\"afterSession\",\"after\",\"onComplete\",\"beforeAssertion\",\"afterAssertion\",\"beforeFeature\",\"beforeScenario\",\"beforeStep\",\"afterStep\",\"afterScenario\",\"afterFeature\",\"_\",\"suite\",\"$0\",\"ignoredWorkerServices\",\"wdi5\"]"}]}
RESULT: {"script":"<script> [2342 bytes]","args":[{"protocol":"http","hostname":"0.0.0.0","path":"/","capabilities":{"browserName":"chrome","goog:chromeOptions":{"binary":"C:\\Program Files\\Google\\Chrome\\Application\\chrome.exe","args":["--start-maximized"]}},"logLevel":"warn","connectionRetryTimeout":120000,"connectionRetryCount":3,"logLevels":{},"enableDirectConnect":true,"strictSSL":true,"_":"65 more keys: [\"cacheDir\",\"port\",\"requestedCapabilities\",\"automationProtocol\",\"baseUrl\",\"waitforInterval\",\"waitforTimeout\",\"onReload\",\"beforeCommand\",\"afterCommand\",\"rootDir\",\"specs\",\"suites\",\"exclude\",\"groupLogsByTestSpec\",\"excludeDriverLogs\",\"bail\",\"framework\",\"reporters\",\"services\",\"maxInstances\",\"maxInstancesPerCapability\",\"injectGlobals\",\"filesToWatch\",\"execArgv\",\"runnerEnv\",\"runner\",\"shard\",\"specFileRetries\",\"specFileRetriesDelay\",\"specFileRetriesDeferred\",\"reporterSyncInterval\",\"reporterSyncTimeout\",\"cucumberFeaturesWithLineNumbers\",\"autoCompileOpts\",\"mochaOpts\",\"jasmineOpts\",\"cucumberOpts\",\"onPrepare\",\"onWorkerStart\",\"onWorkerEnd\",\"before\",\"beforeSession\",\"beforeSuite\",\"beforeHook\",\"beforeTest\",\"afterTest\",\"afterHook\",\"afterSuite\",\"afterSession\",\"after\",\"onComplete\",\"beforeAssertion\",\"afterAssertion\",\"beforeFeature\",\"beforeScenario\",\"beforeStep\",\"afterStep\",\"afterScenario\",\"afterFeature\",\"_\",\"suite\",\"$0\",\"ignoredWorkerServices\",\"wdi5\"]"}]}
COMMAND: POST /session/3247b862f9661e1dad05ca414f9e55ea/execute/async - {"script":"<script> [21126 bytes]","args":[35000]}
RESULT: {"script":"<script> [21126 bytes]","args":[35000]}
]]></system-out>
    </testcase>
  </testsuite>
  <testsuite timestamp="2025-05-20T17:26:34" time="1266.008" tests="14" failures="0" errors="0" skipped="0">
    <properties>
      <property name="specId" value="0" />
      <property name="suiteName" value="Create master data for mixed billing &amp; do billing calculation US151661" />
      <property name="capabilities" value="chrome.136_0_7103_93.windows" />
      <property name="file" value="file:///D:/a/1/s/test/specs/BTS/billing-calculation-mixed.spec.js" />
    </properties>
    <testcase classname="chrome.136_0_7103_93.windows.Create_master_data_for_mixed_billing_&amp;_do_billing_calculation_US151661" name="Should create a new yard" time="116.005">
      <system-out><![CDATA[
COMMAND: POST /session/3247b862f9661e1dad05ca414f9e55ea/window/fullscreen - {}
RESULT: {}
COMMAND: POST /session/3247b862f9661e1dad05ca414f9e55ea/execute/async - {"script":"<script> [1562 bytes]","args":[{"selector":{"controlType":"sap.m.GenericTile","properties":{"header":"Manage Yards"}},"wdio_ui5_key":"sapm.GenericTile{\"header\":\"Manage Yards\"}"}]}
RESULT: {"script":"<script> [1562 bytes]","args":[{"selector":{"controlType":"sap.m.GenericTile","properties":{"header":"Manage Yards"}},"wdio_ui5_key":"sapm.GenericTile{\"header\":\"Manage Yards\"}"}]}
RESULT: undefined
COMMAND: POST /session/3247b862f9661e1dad05ca414f9e55ea/element - {"using":"xpath","value":"//*[@id=\"__tile41\"]"}
RESULT: {"using":"xpath","value":"//*[@id=\"__tile41\"]"}
COMMAND: POST /session/3247b862f9661e1dad05ca414f9e55ea/element/f.BF6F4EA089F18175CED7BE484E452EA8.d.24BFDBBDCCF01EF8CB70A18DCBB43CFF.e.6592/click - {}
RESULT: {}
COMMAND: GET /session/3247b862f9661e1dad05ca414f9e55ea/screenshot - {}
RESULT: {}
COMMAND: POST /session/3247b862f9661e1dad05ca414f9e55ea/elements - {"using":"xpath","value":"//span[text()='Error']"}
RESULT: {"using":"xpath","value":"//span[text()='Error']"}
COMMAND: POST /session/3247b862f9661e1dad05ca414f9e55ea/element - {"using":"xpath","value":"//button[@data-kt=\"addNewYardOverflowToolbarButton\"]"}
RESULT: {"using":"xpath","value":"//button[@data-kt=\"addNewYardOverflowToolbarButton\"]"}
COMMAND: POST /session/3247b862f9661e1dad05ca414f9e55ea/elements - {"using":"xpath","value":"//button[@data-kt=\"addNewYardOverflowToolbarButton\"]"}
RESULT: {"using":"xpath","value":"//button[@data-kt=\"addNewYardOverflowToolbarButton\"]"}
COMMAND: POST /session/3247b862f9661e1dad05ca414f9e55ea/elements - {"using":"xpath","value":"//button[@data-kt=\"addNewYardOverflowToolbarButton\"]"}
RESULT: {"using":"xpath","value":"//button[@data-kt=\"addNewYardOverflowToolbarButton\"]"}
COMMAND: POST /session/3247b862f9661e1dad05ca414f9e55ea/element - {"using":"xpath","value":"//button[@data-kt=\"addNewYardOverflowToolbarButton\"]"}
RESULT: {"using":"xpath","value":"//button[@data-kt=\"addNewYardOverflowToolbarButton\"]"}
COMMAND: POST /session/3247b862f9661e1dad05ca414f9e55ea/execute/sync - {"script":"<script> [8489 bytes]","args":[{"element-6066-11e4-a52e-4f735466cecf":"f.BF6F4EA089F18175CED7BE484E452EA8.d.24BFDBBDCCF01EF8CB70A18DCBB43CFF.e.6728","ELEMENT":"f.BF6F4EA089F18175CED7BE484E452EA8.d.24BFDBBDCCF01EF8CB70A18DCBB43CFF.e.6728"}]}
RESULT: {"script":"<script> [8489 bytes]","args":[{"element-6066-11e4-a52e-4f735466cecf":"f.BF6F4EA089F18175CED7BE484E452EA8.d.24BFDBBDCCF01EF8CB70A18DCBB43CFF.e.6728","ELEMENT":"f.BF6F4EA089F18175CED7BE484E452EA8.d.24BFDBBDCCF01EF8CB70A18DCBB43CFF.e.6728"}]}
COMMAND: GET /session/3247b862f9661e1dad05ca414f9e55ea/element/f.BF6F4EA089F18175CED7BE484E452EA8.d.24BFDBBDCCF01EF8CB70A18DCBB43CFF.e.6728/enabled - {}
COMMAND: GET /session/3247b862f9661e1dad05ca414f9e55ea/screenshot - {}
RESULT: {}
COMMAND: POST /session/3247b862f9661e1dad05ca414f9e55ea/execute/sync - {"script":"<script> [8489 bytes]","args":[{"element-6066-11e4-a52e-4f735466cecf":"f.BF6F4EA089F18175CED7BE484E452EA8.d.24BFDBBDCCF01EF8CB70A18DCBB43CFF.e.6728","ELEMENT":"f.BF6F4EA089F18175CED7BE484E452EA8.d.24BFDBBDCCF01EF8CB70A18DCBB43CFF.e.6728"}]}
COMMAND: GET /session/3247b862f9661e1dad05ca414f9e55ea/screenshot - {}
RESULT: {}
RESULT: {"script":"<script> [8489 bytes]","args":[{"element-6066-11e4-a52e-4f735466cecf":"f.BF6F4EA089F18175CED7BE484E452EA8.d.24BFDBBDCCF01EF8CB70A18DCBB43CFF.e.6728","ELEMENT":"f.BF6F4EA089F18175CED7BE484E452EA8.d.24BFDBBDCCF01EF8CB70A18DCBB43CFF.e.6728"}]}
COMMAND: POST /session/3247b862f9661e1dad05ca414f9e55ea/execute/sync - {"script":"<script> [5351 bytes]","args":[{"element-6066-11e4-a52e-4f735466cecf":"f.BF6F4EA089F18175CED7BE484E452EA8.d.24BFDBBDCCF01EF8CB70A18DCBB43CFF.e.6728","ELEMENT":"f.BF6F4EA089F18175CED7BE484E452EA8.d.24BFDBBDCCF01EF8CB70A18DCBB43CFF.e.6728"}]}
COMMAND: GET /session/3247b862f9661e1dad05ca414f9e55ea/screenshot - {}
RESULT: {}
RESULT: {"script":"<script> [5351 bytes]","args":[{"element-6066-11e4-a52e-4f735466cecf":"f.BF6F4EA089F18175CED7BE484E452EA8.d.24BFDBBDCCF01EF8CB70A18DCBB43CFF.e.6728","ELEMENT":"f.BF6F4EA089F18175CED7BE484E452EA8.d.24BFDBBDCCF01EF8CB70A18DCBB43CFF.e.6728"}]}
COMMAND: POST /session/3247b862f9661e1dad05ca414f9e55ea/element/f.BF6F4EA089F18175CED7BE484E452EA8.d.24BFDBBDCCF01EF8CB70A18DCBB43CFF.e.6728/click - {}
COMMAND: GET /session/3247b862f9661e1dad05ca414f9e55ea/screenshot - {}
RESULT: {}
RESULT: {}
COMMAND: GET /session/3247b862f9661e1dad05ca414f9e55ea/screenshot - {}
RESULT: {}
RESULT: {}
COMMAND: POST /session/3247b862f9661e1dad05ca414f9e55ea/element - {"using":"xpath","value":"//input[@id=\"application-manageyards-display-component---NewYard--yardId-inner\"]"}
RESULT: {"using":"xpath","value":"//input[@id=\"application-manageyards-display-component---NewYard--yardId-inner\"]"}
COMMAND: POST /session/3247b862f9661e1dad05ca414f9e55ea/element - {"using":"xpath","value":"//input[@id=\"application-manageyards-display-component---NewYard--yardId-inner\"]"}
RESULT: {"using":"xpath","value":"//input[@id=\"application-manageyards-display-component---NewYard--yardId-inner\"]"}
COMMAND: POST /session/3247b862f9661e1dad05ca414f9e55ea/execute/async - {"script":"<script> [1562 bytes]","args":[{"selector":{"id":"application-manageyards-display-component---NewYard--addressDetailDetailsName1","interaction":{"idSuffix":"inner"}},"wdio_ui5_key":"applicationmanageyards-display-component---NewYard--addressDetailDetailsName1"}]}
RESULT: {"script":"<script> [1562 bytes]","args":[{"selector":{"id":"application-manageyards-display-component---NewYard--addressDetailDetailsName1","interaction":{"idSuffix":"inner"}},"wdio_ui5_key":"applicationmanageyards-display-component---NewYard--addressDetailDetailsName1"}]}
RESULT: undefined
COMMAND: POST /session/3247b862f9661e1dad05ca414f9e55ea/execute/async - {"script":"<script> [776 bytes]","args":[{"enterText":"Intercompany Yard wdIO","selector":{"id":"application-manageyards-display-component---NewYard--addressDetailDetailsName1","interaction":{"idSuffix":"inner"}},"clearTextFirst":true,"interactionType":"ENTER_TEXT"}]}
RESULT: {"script":"<script> [776 bytes]","args":[{"enterText":"Intercompany Yard wdIO","selector":{"id":"application-manageyards-display-component---NewYard--addressDetailDetailsName1","interaction":{"idSuffix":"inner"}},"clearTextFirst":true,"interactionType":"ENTER_TEXT"}]}
COMMAND: POST /session/3247b862f9661e1dad05ca414f9e55ea/execute/async - {"script":"<script> [1562 bytes]","args":[{"selector":{"id":"application-manageyards-display-component---NewYard--addressDetailDetailsLanguage-arrow"},"wdio_ui5_key":"applicationmanageyards-display-component---NewYard--addressDetailDetailsLanguage-arrow"}]}
RESULT: {"script":"<script> [1562 bytes]","args":[{"selector":{"id":"application-manageyards-display-component---NewYard--addressDetailDetailsLanguage-arrow"},"wdio_ui5_key":"applicationmanageyards-display-component---NewYard--addressDetailDetailsLanguage-arrow"}]}
RESULT: undefined
COMMAND: POST /session/3247b862f9661e1dad05ca414f9e55ea/element - {"using":"xpath","value":"//*[@id=\"application-manageyards-display-component---NewYard--addressDetailDetailsLanguage-arrow\"]"}
RESULT: {"using":"xpath","value":"//*[@id=\"application-manageyards-display-component---NewYard--addressDetailDetailsLanguage-arrow\"]"}
COMMAND: POST /session/3247b862f9661e1dad05ca414f9e55ea/element/f.BF6F4EA089F18175CED7BE484E452EA8.d.24BFDBBDCCF01EF8CB70A18DCBB43CFF.e.7172/click - {}
RESULT: {}
COMMAND: POST /session/3247b862f9661e1dad05ca414f9e55ea/element - {"using":"xpath","value":"//span[contains(text(), \"English\")]"}
COMMAND: GET /session/3247b862f9661e1dad05ca414f9e55ea/screenshot - {}
RESULT: {"using":"xpath","value":"//span[contains(text(), \"English\")]"}
COMMAND: POST /session/3247b862f9661e1dad05ca414f9e55ea/element/f.BF6F4EA089F18175CED7BE484E452EA8.d.24BFDBBDCCF01EF8CB70A18DCBB43CFF.e.7173/click - {}
RESULT: {}
RESULT: {}
COMMAND: POST /session/3247b862f9661e1dad05ca414f9e55ea/execute/async - {"script":"<script> [1562 bytes]","args":[{"selector":{"id":"application-manageyards-display-component---NewYard--addressDetailDetailsCity1","interaction":{"idSuffix":"inner"}},"wdio_ui5_key":"applicationmanageyards-display-component---NewYard--addressDetailDetailsCity1"}]}
COMMAND: GET /session/3247b862f9661e1dad05ca414f9e55ea/screenshot - {}
RESULT: {"script":"<script> [1562 bytes]","args":[{"selector":{"id":"application-manageyards-display-component---NewYard--addressDetailDetailsCity1","interaction":{"idSuffix":"inner"}},"wdio_ui5_key":"applicationmanageyards-display-component---NewYard--addressDetailDetailsCity1"}]}
RESULT: undefined
COMMAND: POST /session/3247b862f9661e1dad05ca414f9e55ea/execute/async - {"script":"<script> [776 bytes]","args":[{"enterText":"Rosario","selector":{"id":"application-manageyards-display-component---NewYard--addressDetailDetailsCity1","interaction":{"idSuffix":"inner"}},"clearTextFirst":true,"interactionType":"ENTER_TEXT"}]}
RESULT: {}
RESULT: {"script":"<script> [776 bytes]","args":[{"enterText":"Rosario","selector":{"id":"application-manageyards-display-component---NewYard--addressDetailDetailsCity1","interaction":{"idSuffix":"inner"}},"clearTextFirst":true,"interactionType":"ENTER_TEXT"}]}
COMMAND: POST /session/3247b862f9661e1dad05ca414f9e55ea/execute/async - {"script":"<script> [1562 bytes]","args":[{"selector":{"id":"application-manageyards-display-component---NewYard--addressDetailDetailsCountry-arrow"},"wdio_ui5_key":"applicationmanageyards-display-component---NewYard--addressDetailDetailsCountry-arrow"}]}
RESULT: {"script":"<script> [1562 bytes]","args":[{"selector":{"id":"application-manageyards-display-component---NewYard--addressDetailDetailsCountry-arrow"},"wdio_ui5_key":"applicationmanageyards-display-component---NewYard--addressDetailDetailsCountry-arrow"}]}
RESULT: undefined
COMMAND: POST /session/3247b862f9661e1dad05ca414f9e55ea/element - {"using":"xpath","value":"//*[@id=\"application-manageyards-display-component---NewYard--addressDetailDetailsCountry-arrow\"]"}
RESULT: {"using":"xpath","value":"//*[@id=\"application-manageyards-display-component---NewYard--addressDetailDetailsCountry-arrow\"]"}
COMMAND: POST /session/3247b862f9661e1dad05ca414f9e55ea/element/f.BF6F4EA089F18175CED7BE484E452EA8.d.24BFDBBDCCF01EF8CB70A18DCBB43CFF.e.7175/click - {}
RESULT: {}
COMMAND: POST /session/3247b862f9661e1dad05ca414f9e55ea/element - {"using":"xpath","value":"//span[contains(text(), \"Argentina\")]"}
COMMAND: GET /session/3247b862f9661e1dad05ca414f9e55ea/screenshot - {}
RESULT: {"using":"xpath","value":"//span[contains(text(), \"Argentina\")]"}
COMMAND: POST /session/3247b862f9661e1dad05ca414f9e55ea/element/f.BF6F4EA089F18175CED7BE484E452EA8.d.24BFDBBDCCF01EF8CB70A18DCBB43CFF.e.7177/click - {}
RESULT: {}
RESULT: {}
COMMAND: POST /session/3247b862f9661e1dad05ca414f9e55ea/execute/async - {"script":"<script> [1562 bytes]","args":[{"selector":{"id":"application-manageyards-display-component---NewYard--addressEditDetailsCostObjectCstType-arrow"},"wdio_ui5_key":"applicationmanageyards-display-component---NewYard--addressEditDetailsCostObjectCstType-arrow"}]}
COMMAND: GET /session/3247b862f9661e1dad05ca414f9e55ea/screenshot - {}
RESULT: {"script":"<script> [1562 bytes]","args":[{"selector":{"id":"application-manageyards-display-component---NewYard--addressEditDetailsCostObjectCstType-arrow"},"wdio_ui5_key":"applicationmanageyards-display-component---NewYard--addressEditDetailsCostObjectCstType-arrow"}]}
RESULT: undefined
COMMAND: POST /session/3247b862f9661e1dad05ca414f9e55ea/element - {"using":"xpath","value":"//*[@id=\"application-manageyards-display-component---NewYard--addressEditDetailsCostObjectCstType-arrow\"]"}
RESULT: {}
RESULT: {"using":"xpath","value":"//*[@id=\"application-manageyards-display-component---NewYard--addressEditDetailsCostObjectCstType-arrow\"]"}
COMMAND: POST /session/3247b862f9661e1dad05ca414f9e55ea/element/f.BF6F4EA089F18175CED7BE484E452EA8.d.24BFDBBDCCF01EF8CB70A18DCBB43CFF.e.7178/click - {}
RESULT: {}
COMMAND: POST /session/3247b862f9661e1dad05ca414f9e55ea/element - {"using":"xpath","value":"//span[contains(text(), \"Cost Center\")]"}
COMMAND: GET /session/3247b862f9661e1dad05ca414f9e55ea/screenshot - {}
RESULT: {"using":"xpath","value":"//span[contains(text(), \"Cost Center\")]"}
COMMAND: POST /session/3247b862f9661e1dad05ca414f9e55ea/element/f.BF6F4EA089F18175CED7BE484E452EA8.d.24BFDBBDCCF01EF8CB70A18DCBB43CFF.e.7179/click - {}
RESULT: {}
RESULT: {}
COMMAND: GET /session/3247b862f9661e1dad05ca414f9e55ea/screenshot - {}
RESULT: {}
COMMAND: POST /session/3247b862f9661e1dad05ca414f9e55ea/element - {"using":"xpath","value":"//span[@id=\"application-manageyards-display-component---NewYard--addressNewCostObjectCstID-vhi\"]"}
RESULT: {"using":"xpath","value":"//span[@id=\"application-manageyards-display-component---NewYard--addressNewCostObjectCstID-vhi\"]"}
COMMAND: POST /session/3247b862f9661e1dad05ca414f9e55ea/execute/sync - {"script":"<script> [8489 bytes]","args":[{"element-6066-11e4-a52e-4f735466cecf":"f.BF6F4EA089F18175CED7BE484E452EA8.d.24BFDBBDCCF01EF8CB70A18DCBB43CFF.e.7183","ELEMENT":"f.BF6F4EA089F18175CED7BE484E452EA8.d.24BFDBBDCCF01EF8CB70A18DCBB43CFF.e.7183"}]}
RESULT: {"script":"<script> [8489 bytes]","args":[{"element-6066-11e4-a52e-4f735466cecf":"f.BF6F4EA089F18175CED7BE484E452EA8.d.24BFDBBDCCF01EF8CB70A18DCBB43CFF.e.7183","ELEMENT":"f.BF6F4EA089F18175CED7BE484E452EA8.d.24BFDBBDCCF01EF8CB70A18DCBB43CFF.e.7183"}]}
COMMAND: POST /session/3247b862f9661e1dad05ca414f9e55ea/execute/async - {"script":"<script> [1562 bytes]","args":[{"selector":{"id":"application-manageyards-display-component---NewYard--addressNewCostObjectCstID-vhi"},"wdio_ui5_key":"applicationmanageyards-display-component---NewYard--addressNewCostObjectCstID-vhi"}]}
COMMAND: GET /session/3247b862f9661e1dad05ca414f9e55ea/screenshot - {}
RESULT: {"script":"<script> [1562 bytes]","args":[{"selector":{"id":"application-manageyards-display-component---NewYard--addressNewCostObjectCstID-vhi"},"wdio_ui5_key":"applicationmanageyards-display-component---NewYard--addressNewCostObjectCstID-vhi"}]}
RESULT: undefined
COMMAND: POST /session/3247b862f9661e1dad05ca414f9e55ea/element - {"using":"xpath","value":"//*[@id=\"application-manageyards-display-component---NewYard--addressNewCostObjectCstID-vhi\"]"}
RESULT: {}
RESULT: {"using":"xpath","value":"//*[@id=\"application-manageyards-display-component---NewYard--addressNewCostObjectCstID-vhi\"]"}
COMMAND: POST /session/3247b862f9661e1dad05ca414f9e55ea/element/f.BF6F4EA089F18175CED7BE484E452EA8.d.24BFDBBDCCF01EF8CB70A18DCBB43CFF.e.7183/click - {}
RESULT: {}
COMMAND: GET /session/3247b862f9661e1dad05ca414f9e55ea/screenshot - {}
RESULT: {}
COMMAND: POST /session/3247b862f9661e1dad05ca414f9e55ea/execute/async - {"script":"<script> [1562 bytes]","args":[{"selector":{"controlType":"sap.m.SearchField","properties":{"placeholder":"Search"},"searchOpenDialogs":true,"interaction":{"idSuffix":"I"}},"wdio_ui5_key":"sapm.SearchField{\"placeholder\":\"Search\"}"}]}
RESULT: {"script":"<script> [1562 bytes]","args":[{"selector":{"controlType":"sap.m.SearchField","properties":{"placeholder":"Search"},"searchOpenDialogs":true,"interaction":{"idSuffix":"I"}},"wdio_ui5_key":"sapm.SearchField{\"placeholder\":\"Search\"}"}]}
RESULT: undefined
COMMAND: POST /session/3247b862f9661e1dad05ca414f9e55ea/execute/async - {"script":"<script> [776 bytes]","args":[{"enterText":"bauh_b","selector":{"controlType":"sap.m.SearchField","properties":{"placeholder":"Search"},"searchOpenDialogs":true,"interaction":{"idSuffix":"I"}},"clearTextFirst":true,"interactionType":"ENTER_TEXT"}]}
RESULT: {"script":"<script> [776 bytes]","args":[{"enterText":"bauh_b","selector":{"controlType":"sap.m.SearchField","properties":{"placeholder":"Search"},"searchOpenDialogs":true,"interaction":{"idSuffix":"I"}},"clearTextFirst":true,"interactionType":"ENTER_TEXT"}]}
COMMAND: POST /session/3247b862f9661e1dad05ca414f9e55ea/actions - {"actions":[{"id":"action20","type":"key","parameters":{},"actions":[{"type":"keyDown","value":"î€‡"},{"type":"pause","duration":10},{"type":"keyUp","value":"î€‡"}]}]}
RESULT: {"actions":[{"id":"action20","type":"key","parameters":{},"actions":[{"type":"keyDown","value":"î€‡"},{"type":"pause","duration":10},{"type":"keyUp","value":"î€‡"}]}]}
COMMAND: GET /session/3247b862f9661e1dad05ca414f9e55ea/screenshot - {}
RESULT: {}
COMMAND: POST /session/3247b862f9661e1dad05ca414f9e55ea/element - {"using":"xpath","value":"//span[contains(text(), \"Demo Yard\")]"}
RESULT: {"using":"xpath","value":"//span[contains(text(), \"Demo Yard\")]"}
COMMAND: POST /session/3247b862f9661e1dad05ca414f9e55ea/element/f.BF6F4EA089F18175CED7BE484E452EA8.d.24BFDBBDCCF01EF8CB70A18DCBB43CFF.e.7224/click - {}
RESULT: {}
COMMAND: GET /session/3247b862f9661e1dad05ca414f9e55ea/screenshot - {}
RESULT: {}
COMMAND: POST /session/3247b862f9661e1dad05ca414f9e55ea/element - {"using":"xpath","value":"//bdi[contains(text(), \"OK\")]"}
RESULT: {"using":"xpath","value":"//bdi[contains(text(), \"OK\")]"}
COMMAND: POST /session/3247b862f9661e1dad05ca414f9e55ea/element/f.BF6F4EA089F18175CED7BE484E452EA8.d.24BFDBBDCCF01EF8CB70A18DCBB43CFF.e.7225/click - {}
RESULT: {}
COMMAND: GET /session/3247b862f9661e1dad05ca414f9e55ea/screenshot - {}
RESULT: {}
COMMAND: POST /session/3247b862f9661e1dad05ca414f9e55ea/execute/async - {"script":"<script> [1562 bytes]","args":[{"selector":{"id":"application-manageyards-display-component---NewYard--addressEditDetailsCurrency-arrow"},"wdio_ui5_key":"applicationmanageyards-display-component---NewYard--addressEditDetailsCurrency-arrow"}]}
RESULT: {"script":"<script> [1562 bytes]","args":[{"selector":{"id":"application-manageyards-display-component---NewYard--addressEditDetailsCurrency-arrow"},"wdio_ui5_key":"applicationmanageyards-display-component---NewYard--addressEditDetailsCurrency-arrow"}]}
RESULT: undefined
COMMAND: POST /session/3247b862f9661e1dad05ca414f9e55ea/element - {"using":"xpath","value":"//*[@id=\"application-manageyards-display-component---NewYard--addressEditDetailsCurrency-arrow\"]"}
RESULT: {"using":"xpath","value":"//*[@id=\"application-manageyards-display-component---NewYard--addressEditDetailsCurrency-arrow\"]"}
COMMAND: POST /session/3247b862f9661e1dad05ca414f9e55ea/element/f.BF6F4EA089F18175CED7BE484E452EA8.d.24BFDBBDCCF01EF8CB70A18DCBB43CFF.e.7228/click - {}
RESULT: {}
COMMAND: POST /session/3247b862f9661e1dad05ca414f9e55ea/element - {"using":"xpath","value":"//span[contains(text(), \"Euro\")]"}
COMMAND: GET /session/3247b862f9661e1dad05ca414f9e55ea/screenshot - {}
RESULT: {"using":"xpath","value":"//span[contains(text(), \"Euro\")]"}
COMMAND: POST /session/3247b862f9661e1dad05ca414f9e55ea/element/f.BF6F4EA089F18175CED7BE484E452EA8.d.24BFDBBDCCF01EF8CB70A18DCBB43CFF.e.7229/click - {}
RESULT: {}
RESULT: {}
COMMAND: POST /session/3247b862f9661e1dad05ca414f9e55ea/execute/async - {"script":"<script> [1562 bytes]","args":[{"selector":{"controlType":"sap.m.Input","viewName":"etm.portal.ui.manageyards.view.New","viewId":"application-manageyards-display-component---NewYard","bindingPath":{"path":"","propertyPath":"/CONTROLLING_AREA","modelName":"NewYardModel"},"interaction":{"idSuffix":"inner"}},"wdio_ui5_key":"etmportal.ui.manageyards.view.Newsap.m.Input{\"path\":\"\",\"propertyPath\":\"/CONTROLLING_AREA\",\"modelName\":\"NewYardModel\"}"}]}
COMMAND: GET /session/3247b862f9661e1dad05ca414f9e55ea/screenshot - {}
RESULT: {"script":"<script> [1562 bytes]","args":[{"selector":{"controlType":"sap.m.Input","viewName":"etm.portal.ui.manageyards.view.New","viewId":"application-manageyards-display-component---NewYard","bindingPath":{"path":"","propertyPath":"/CONTROLLING_AREA","modelName":"NewYardModel"},"interaction":{"idSuffix":"inner"}},"wdio_ui5_key":"etmportal.ui.manageyards.view.Newsap.m.Input{\"path\":\"\",\"propertyPath\":\"/CONTROLLING_AREA\",\"modelName\":\"NewYardModel\"}"}]}
RESULT: undefined
COMMAND: POST /session/3247b862f9661e1dad05ca414f9e55ea/execute/async - {"script":"<script> [776 bytes]","args":[{"enterText":"Z001","selector":{"controlType":"sap.m.Input","viewName":"etm.portal.ui.manageyards.view.New","viewId":"application-manageyards-display-component---NewYard","bindingPath":{"path":"","propertyPath":"/CONTROLLING_AREA","modelName":"NewYardModel"},"interaction":{"idSuffix":"inner"}},"clearTextFirst":true,"interactionType":"ENTER_TEXT"}]}
RESULT: {}
RESULT: {"script":"<script> [776 bytes]","args":[{"enterText":"Z001","selector":{"controlType":"sap.m.Input","viewName":"etm.portal.ui.manageyards.view.New","viewId":"application-manageyards-display-component---NewYard","bindingPath":{"path":"","propertyPath":"/CONTROLLING_AREA","modelName":"NewYardModel"},"interaction":{"idSuffix":"inner"}},"clearTextFirst":true,"interactionType":"ENTER_TEXT"}]}
COMMAND: POST /session/3247b862f9661e1dad05ca414f9e55ea/execute/async - {"script":"<script> [1562 bytes]","args":[{"selector":{"id":"application-manageyards-display-component---NewYard--companyCodeComboBox","interaction":{"idSuffix":"inner"}},"wdio_ui5_key":"applicationmanageyards-display-component---NewYard--companyCodeComboBox"}]}
RESULT: {"script":"<script> [1562 bytes]","args":[{"selector":{"id":"application-manageyards-display-component---NewYard--companyCodeComboBox","interaction":{"idSuffix":"inner"}},"wdio_ui5_key":"applicationmanageyards-display-component---NewYard--companyCodeComboBox"}]}
RESULT: undefined
COMMAND: POST /session/3247b862f9661e1dad05ca414f9e55ea/execute/async - {"script":"<script> [776 bytes]","args":[{"enterText":"1000","selector":{"id":"application-manageyards-display-component---NewYard--companyCodeComboBox","interaction":{"idSuffix":"inner"}},"clearTextFirst":true,"interactionType":"ENTER_TEXT"}]}
RESULT: {"script":"<script> [776 bytes]","args":[{"enterText":"1000","selector":{"id":"application-manageyards-display-component---NewYard--companyCodeComboBox","interaction":{"idSuffix":"inner"}},"clearTextFirst":true,"interactionType":"ENTER_TEXT"}]}
COMMAND: POST /session/3247b862f9661e1dad05ca414f9e55ea/execute/async - {"script":"<script> [1562 bytes]","args":[{"selector":{"controlType":"sap.m.Input","viewName":"etm.portal.ui.manageyards.view.New","viewId":"application-manageyards-display-component---NewYard","bindingPath":{"path":"","propertyPath":"/PLANT","modelName":"NewYardModel"},"interaction":{"idSuffix":"inner"}},"wdio_ui5_key":"etmportal.ui.manageyards.view.Newsap.m.Input{\"path\":\"\",\"propertyPath\":\"/PLANT\",\"modelName\":\"NewYardModel\"}"}]}
RESULT: {"script":"<script> [1562 bytes]","args":[{"selector":{"controlType":"sap.m.Input","viewName":"etm.portal.ui.manageyards.view.New","viewId":"application-manageyards-display-component---NewYard","bindingPath":{"path":"","propertyPath":"/PLANT","modelName":"NewYardModel"},"interaction":{"idSuffix":"inner"}},"wdio_ui5_key":"etmportal.ui.manageyards.view.Newsap.m.Input{\"path\":\"\",\"propertyPath\":\"/PLANT\",\"modelName\":\"NewYardModel\"}"}]}
RESULT: undefined
COMMAND: POST /session/3247b862f9661e1dad05ca414f9e55ea/execute/async - {"script":"<script> [776 bytes]","args":[{"enterText":"1001","selector":{"controlType":"sap.m.Input","viewName":"etm.portal.ui.manageyards.view.New","viewId":"application-manageyards-display-component---NewYard","bindingPath":{"path":"","propertyPath":"/PLANT","modelName":"NewYardModel"},"interaction":{"idSuffix":"inner"}},"clearTextFirst":true,"interactionType":"ENTER_TEXT"}]}
RESULT: {"script":"<script> [776 bytes]","args":[{"enterText":"1001","selector":{"controlType":"sap.m.Input","viewName":"etm.portal.ui.manageyards.view.New","viewId":"application-manageyards-display-component---NewYard","bindingPath":{"path":"","propertyPath":"/PLANT","modelName":"NewYardModel"},"interaction":{"idSuffix":"inner"}},"clearTextFirst":true,"interactionType":"ENTER_TEXT"}]}
COMMAND: POST /session/3247b862f9661e1dad05ca414f9e55ea/execute/async - {"script":"<script> [1562 bytes]","args":[{"selector":{"controlType":"sap.m.Input","viewName":"etm.portal.ui.manageyards.view.New","viewId":"application-manageyards-display-component---NewYard","bindingPath":{"path":"","propertyPath":"/SALES_AREA_VKORG","modelName":"NewYardModel"},"interaction":{"idSuffix":"inner"}},"wdio_ui5_key":"etmportal.ui.manageyards.view.Newsap.m.Input{\"path\":\"\",\"propertyPath\":\"/SALES_AREA_VKORG\",\"modelName\":\"NewYardModel\"}"}]}
RESULT: {"script":"<script> [1562 bytes]","args":[{"selector":{"controlType":"sap.m.Input","viewName":"etm.portal.ui.manageyards.view.New","viewId":"application-manageyards-display-component---NewYard","bindingPath":{"path":"","propertyPath":"/SALES_AREA_VKORG","modelName":"NewYardModel"},"interaction":{"idSuffix":"inner"}},"wdio_ui5_key":"etmportal.ui.manageyards.view.Newsap.m.Input{\"path\":\"\",\"propertyPath\":\"/SALES_AREA_VKORG\",\"modelName\":\"NewYardModel\"}"}]}
RESULT: undefined
COMMAND: POST /session/3247b862f9661e1dad05ca414f9e55ea/execute/async - {"script":"<script> [776 bytes]","args":[{"enterText":"C002","selector":{"controlType":"sap.m.Input","viewName":"etm.portal.ui.manageyards.view.New","viewId":"application-manageyards-display-component---NewYard","bindingPath":{"path":"","propertyPath":"/SALES_AREA_VKORG","modelName":"NewYardModel"},"interaction":{"idSuffix":"inner"}},"clearTextFirst":true,"interactionType":"ENTER_TEXT"}]}
RESULT: {"script":"<script> [776 bytes]","args":[{"enterText":"C002","selector":{"controlType":"sap.m.Input","viewName":"etm.portal.ui.manageyards.view.New","viewId":"application-manageyards-display-component---NewYard","bindingPath":{"path":"","propertyPath":"/SALES_AREA_VKORG","modelName":"NewYardModel"},"interaction":{"idSuffix":"inner"}},"clearTextFirst":true,"interactionType":"ENTER_TEXT"}]}
COMMAND: POST /session/3247b862f9661e1dad05ca414f9e55ea/execute/async - {"script":"<script> [1562 bytes]","args":[{"selector":{"controlType":"sap.m.Input","viewName":"etm.portal.ui.manageyards.view.New","viewId":"application-manageyards-display-component---NewYard","bindingPath":{"path":"","propertyPath":"/SALES_AREA_VTWEG","modelName":"NewYardModel"},"interaction":{"idSuffix":"inner"}},"wdio_ui5_key":"etmportal.ui.manageyards.view.Newsap.m.Input{\"path\":\"\",\"propertyPath\":\"/SALES_AREA_VTWEG\",\"modelName\":\"NewYardModel\"}"}]}
RESULT: {"script":"<script> [1562 bytes]","args":[{"selector":{"controlType":"sap.m.Input","viewName":"etm.portal.ui.manageyards.view.New","viewId":"application-manageyards-display-component---NewYard","bindingPath":{"path":"","propertyPath":"/SALES_AREA_VTWEG","modelName":"NewYardModel"},"interaction":{"idSuffix":"inner"}},"wdio_ui5_key":"etmportal.ui.manageyards.view.Newsap.m.Input{\"path\":\"\",\"propertyPath\":\"/SALES_AREA_VTWEG\",\"modelName\":\"NewYardModel\"}"}]}
RESULT: undefined
COMMAND: POST /session/3247b862f9661e1dad05ca414f9e55ea/execute/async - {"script":"<script> [776 bytes]","args":[{"enterText":"C2","selector":{"controlType":"sap.m.Input","viewName":"etm.portal.ui.manageyards.view.New","viewId":"application-manageyards-display-component---NewYard","bindingPath":{"path":"","propertyPath":"/SALES_AREA_VTWEG","modelName":"NewYardModel"},"interaction":{"idSuffix":"inner"}},"clearTextFirst":true,"interactionType":"ENTER_TEXT"}]}
RESULT: {"script":"<script> [776 bytes]","args":[{"enterText":"C2","selector":{"controlType":"sap.m.Input","viewName":"etm.portal.ui.manageyards.view.New","viewId":"application-manageyards-display-component---NewYard","bindingPath":{"path":"","propertyPath":"/SALES_AREA_VTWEG","modelName":"NewYardModel"},"interaction":{"idSuffix":"inner"}},"clearTextFirst":true,"interactionType":"ENTER_TEXT"}]}
COMMAND: POST /session/3247b862f9661e1dad05ca414f9e55ea/execute/async - {"script":"<script> [1562 bytes]","args":[{"selector":{"controlType":"sap.m.Input","viewName":"etm.portal.ui.manageyards.view.New","viewId":"application-manageyards-display-component---NewYard","bindingPath":{"path":"","propertyPath":"/SALES_AREA_SPART","modelName":"NewYardModel"},"interaction":{"idSuffix":"inner"}},"wdio_ui5_key":"etmportal.ui.manageyards.view.Newsap.m.Input{\"path\":\"\",\"propertyPath\":\"/SALES_AREA_SPART\",\"modelName\":\"NewYardModel\"}"}]}
RESULT: {"script":"<script> [1562 bytes]","args":[{"selector":{"controlType":"sap.m.Input","viewName":"etm.portal.ui.manageyards.view.New","viewId":"application-manageyards-display-component---NewYard","bindingPath":{"path":"","propertyPath":"/SALES_AREA_SPART","modelName":"NewYardModel"},"interaction":{"idSuffix":"inner"}},"wdio_ui5_key":"etmportal.ui.manageyards.view.Newsap.m.Input{\"path\":\"\",\"propertyPath\":\"/SALES_AREA_SPART\",\"modelName\":\"NewYardModel\"}"}]}
RESULT: undefined
COMMAND: POST /session/3247b862f9661e1dad05ca414f9e55ea/execute/async - {"script":"<script> [776 bytes]","args":[{"enterText":"C2","selector":{"controlType":"sap.m.Input","viewName":"etm.portal.ui.manageyards.view.New","viewId":"application-manageyards-display-component---NewYard","bindingPath":{"path":"","propertyPath":"/SALES_AREA_SPART","modelName":"NewYardModel"},"interaction":{"idSuffix":"inner"}},"clearTextFirst":true,"interactionType":"ENTER_TEXT"}]}
RESULT: {"script":"<script> [776 bytes]","args":[{"enterText":"C2","selector":{"controlType":"sap.m.Input","viewName":"etm.portal.ui.manageyards.view.New","viewId":"application-manageyards-display-component---NewYard","bindingPath":{"path":"","propertyPath":"/SALES_AREA_SPART","modelName":"NewYardModel"},"interaction":{"idSuffix":"inner"}},"clearTextFirst":true,"interactionType":"ENTER_TEXT"}]}
COMMAND: POST /session/3247b862f9661e1dad05ca414f9e55ea/execute/async - {"script":"<script> [1562 bytes]","args":[{"selector":{"controlType":"sap.m.Input","viewName":"etm.portal.ui.manageyards.view.New","viewId":"application-manageyards-display-component---NewYard","bindingPath":{"path":"","propertyPath":"/SHIP_POINT","modelName":"NewYardModel"},"interaction":{"idSuffix":"inner"}},"wdio_ui5_key":"etmportal.ui.manageyards.view.Newsap.m.Input{\"path\":\"\",\"propertyPath\":\"/SHIP_POINT\",\"modelName\":\"NewYardModel\"}"}]}
RESULT: {"script":"<script> [1562 bytes]","args":[{"selector":{"controlType":"sap.m.Input","viewName":"etm.portal.ui.manageyards.view.New","viewId":"application-manageyards-display-component---NewYard","bindingPath":{"path":"","propertyPath":"/SHIP_POINT","modelName":"NewYardModel"},"interaction":{"idSuffix":"inner"}},"wdio_ui5_key":"etmportal.ui.manageyards.view.Newsap.m.Input{\"path\":\"\",\"propertyPath\":\"/SHIP_POINT\",\"modelName\":\"NewYardModel\"}"}]}
RESULT: undefined
COMMAND: POST /session/3247b862f9661e1dad05ca414f9e55ea/execute/async - {"script":"<script> [776 bytes]","args":[{"enterText":"1710","selector":{"controlType":"sap.m.Input","viewName":"etm.portal.ui.manageyards.view.New","viewId":"application-manageyards-display-component---NewYard","bindingPath":{"path":"","propertyPath":"/SHIP_POINT","modelName":"NewYardModel"},"interaction":{"idSuffix":"inner"}},"clearTextFirst":true,"interactionType":"ENTER_TEXT"}]}
RESULT: {"script":"<script> [776 bytes]","args":[{"enterText":"1710","selector":{"controlType":"sap.m.Input","viewName":"etm.portal.ui.manageyards.view.New","viewId":"application-manageyards-display-component---NewYard","bindingPath":{"path":"","propertyPath":"/SHIP_POINT","modelName":"NewYardModel"},"interaction":{"idSuffix":"inner"}},"clearTextFirst":true,"interactionType":"ENTER_TEXT"}]}
COMMAND: POST /session/3247b862f9661e1dad05ca414f9e55ea/execute/async - {"script":"<script> [1562 bytes]","args":[{"selector":{"controlType":"sap.m.Input","viewName":"etm.portal.ui.manageyards.view.New","viewId":"application-manageyards-display-component---NewYard","bindingPath":{"path":"","propertyPath":"/DELIVERY_TYPE","modelName":"NewYardModel"},"interaction":{"idSuffix":"inner"}},"wdio_ui5_key":"etmportal.ui.manageyards.view.Newsap.m.Input{\"path\":\"\",\"propertyPath\":\"/DELIVERY_TYPE\",\"modelName\":\"NewYardModel\"}"}]}
RESULT: {"script":"<script> [1562 bytes]","args":[{"selector":{"controlType":"sap.m.Input","viewName":"etm.portal.ui.manageyards.view.New","viewId":"application-manageyards-display-component---NewYard","bindingPath":{"path":"","propertyPath":"/DELIVERY_TYPE","modelName":"NewYardModel"},"interaction":{"idSuffix":"inner"}},"wdio_ui5_key":"etmportal.ui.manageyards.view.Newsap.m.Input{\"path\":\"\",\"propertyPath\":\"/DELIVERY_TYPE\",\"modelName\":\"NewYardModel\"}"}]}
RESULT: undefined
COMMAND: POST /session/3247b862f9661e1dad05ca414f9e55ea/execute/async - {"script":"<script> [776 bytes]","args":[{"enterText":"ZL01","selector":{"controlType":"sap.m.Input","viewName":"etm.portal.ui.manageyards.view.New","viewId":"application-manageyards-display-component---NewYard","bindingPath":{"path":"","propertyPath":"/DELIVERY_TYPE","modelName":"NewYardModel"},"interaction":{"idSuffix":"inner"}},"clearTextFirst":true,"interactionType":"ENTER_TEXT"}]}
RESULT: {"script":"<script> [776 bytes]","args":[{"enterText":"ZL01","selector":{"controlType":"sap.m.Input","viewName":"etm.portal.ui.manageyards.view.New","viewId":"application-manageyards-display-component---NewYard","bindingPath":{"path":"","propertyPath":"/DELIVERY_TYPE","modelName":"NewYardModel"},"interaction":{"idSuffix":"inner"}},"clearTextFirst":true,"interactionType":"ENTER_TEXT"}]}
COMMAND: POST /session/3247b862f9661e1dad05ca414f9e55ea/execute/async - {"script":"<script> [1562 bytes]","args":[{"selector":{"controlType":"sap.m.Input","viewName":"etm.portal.ui.manageyards.view.New","viewId":"application-manageyards-display-component---NewYard","bindingPath":{"path":"","propertyPath":"/AUART","modelName":"NewYardModel"},"interaction":{"idSuffix":"inner"}},"wdio_ui5_key":"etmportal.ui.manageyards.view.Newsap.m.Input{\"path\":\"\",\"propertyPath\":\"/AUART\",\"modelName\":\"NewYardModel\"}"}]}
RESULT: {"script":"<script> [1562 bytes]","args":[{"selector":{"controlType":"sap.m.Input","viewName":"etm.portal.ui.manageyards.view.New","viewId":"application-manageyards-display-component---NewYard","bindingPath":{"path":"","propertyPath":"/AUART","modelName":"NewYardModel"},"interaction":{"idSuffix":"inner"}},"wdio_ui5_key":"etmportal.ui.manageyards.view.Newsap.m.Input{\"path\":\"\",\"propertyPath\":\"/AUART\",\"modelName\":\"NewYardModel\"}"}]}
RESULT: undefined
COMMAND: POST /session/3247b862f9661e1dad05ca414f9e55ea/execute/async - {"script":"<script> [776 bytes]","args":[{"enterText":"TA","selector":{"controlType":"sap.m.Input","viewName":"etm.portal.ui.manageyards.view.New","viewId":"application-manageyards-display-component---NewYard","bindingPath":{"path":"","propertyPath":"/AUART","modelName":"NewYardModel"},"interaction":{"idSuffix":"inner"}},"clearTextFirst":true,"interactionType":"ENTER_TEXT"}]}
RESULT: {"script":"<script> [776 bytes]","args":[{"enterText":"TA","selector":{"controlType":"sap.m.Input","viewName":"etm.portal.ui.manageyards.view.New","viewId":"application-manageyards-display-component---NewYard","bindingPath":{"path":"","propertyPath":"/AUART","modelName":"NewYardModel"},"interaction":{"idSuffix":"inner"}},"clearTextFirst":true,"interactionType":"ENTER_TEXT"}]}
COMMAND: POST /session/3247b862f9661e1dad05ca414f9e55ea/element - {"using":"xpath","value":"//button[@data-kt=\"newYardSaveButton\"]"}
RESULT: {"using":"xpath","value":"//button[@data-kt=\"newYardSaveButton\"]"}
COMMAND: POST /session/3247b862f9661e1dad05ca414f9e55ea/element/f.BF6F4EA089F18175CED7BE484E452EA8.d.24BFDBBDCCF01EF8CB70A18DCBB43CFF.e.7119/click - {}
RESULT: {}
COMMAND: GET /session/3247b862f9661e1dad05ca414f9e55ea/screenshot - {}
RESULT: {}
COMMAND: POST /session/3247b862f9661e1dad05ca414f9e55ea/element - {"using":"xpath","value":"//header[contains(@id, 'ObjectPageLayout-headerTitle')]/div[1]/div[2]/div[1]/span[1]"}
RESULT: {"using":"xpath","value":"//header[contains(@id, 'ObjectPageLayout-headerTitle')]/div[1]/div[2]/div[1]/span[1]"}
COMMAND: POST /session/3247b862f9661e1dad05ca414f9e55ea/elements - {"using":"xpath","value":"//header[contains(@id, 'ObjectPageLayout-headerTitle')]/div[1]/div[2]/div[1]/span[1]"}
RESULT: {"using":"xpath","value":"//header[contains(@id, 'ObjectPageLayout-headerTitle')]/div[1]/div[2]/div[1]/span[1]"}
COMMAND: POST /session/3247b862f9661e1dad05ca414f9e55ea/execute/sync - {"script":"<script> [56 bytes]","args":[{"element-6066-11e4-a52e-4f735466cecf":"f.BF6F4EA089F18175CED7BE484E452EA8.d.24BFDBBDCCF01EF8CB70A18DCBB43CFF.e.7455","ELEMENT":"f.BF6F4EA089F18175CED7BE484E452EA8.d.24BFDBBDCCF01EF8CB70A18DCBB43CFF.e.7455"}]}
RESULT: {"script":"<script> [56 bytes]","args":[{"element-6066-11e4-a52e-4f735466cecf":"f.BF6F4EA089F18175CED7BE484E452EA8.d.24BFDBBDCCF01EF8CB70A18DCBB43CFF.e.7455","ELEMENT":"f.BF6F4EA089F18175CED7BE484E452EA8.d.24BFDBBDCCF01EF8CB70A18DCBB43CFF.e.7455"}]}
COMMAND: GET /session/3247b862f9661e1dad05ca414f9e55ea/screenshot - {}
RESULT: {}
COMMAND: POST /session/3247b862f9661e1dad05ca414f9e55ea/element - {"using":"css selector","value":"#shell-header-logo"}
RESULT: {"using":"css selector","value":"#shell-header-logo"}
COMMAND: POST /session/3247b862f9661e1dad05ca414f9e55ea/element/f.BF6F4EA089F18175CED7BE484E452EA8.d.24BFDBBDCCF01EF8CB70A18DCBB43CFF.e.6698/click - {}
RESULT: {}
COMMAND: GET /session/3247b862f9661e1dad05ca414f9e55ea/screenshot - {}
RESULT: {}
COMMAND: POST /session/3247b862f9661e1dad05ca414f9e55ea/execute/sync - {"script":"<script> [299 bytes]","args":[["getModel","getResource"]]}
RESULT: {"script":"<script> [299 bytes]","args":[["getModel","getResource"]]}
COMMAND: GET /session/3247b862f9661e1dad05ca414f9e55ea/screenshot - {}
]]></system-out>
    </testcase>
    <testcase classname="chrome.136_0_7103_93.windows.Create_master_data_for_mixed_billing_&amp;_do_billing_calculation_US151661" name="Should create a new partner" time="129.838">
      <system-out><![CDATA[
COMMAND: POST /session/3247b862f9661e1dad05ca414f9e55ea/window/fullscreen - {}
RESULT: {}
RESULT: {}
COMMAND: POST /session/3247b862f9661e1dad05ca414f9e55ea/execute/async - {"script":"<script> [1562 bytes]","args":[{"selector":{"controlType":"sap.m.GenericTile","properties":{"header":"Manage Partners"}},"wdio_ui5_key":"sapm.GenericTile{\"header\":\"Manage Partners\"}"}]}
RESULT: {"script":"<script> [1562 bytes]","args":[{"selector":{"controlType":"sap.m.GenericTile","properties":{"header":"Manage Partners"}},"wdio_ui5_key":"sapm.GenericTile{\"header\":\"Manage Partners\"}"}]}
RESULT: undefined
COMMAND: POST /session/3247b862f9661e1dad05ca414f9e55ea/element - {"using":"xpath","value":"//*[@id=\"__tile38\"]"}
RESULT: {"using":"xpath","value":"//*[@id=\"__tile38\"]"}
COMMAND: POST /session/3247b862f9661e1dad05ca414f9e55ea/element/f.BF6F4EA089F18175CED7BE484E452EA8.d.24BFDBBDCCF01EF8CB70A18DCBB43CFF.e.6583/click - {}
RESULT: {}
COMMAND: GET /session/3247b862f9661e1dad05ca414f9e55ea/screenshot - {}
RESULT: {}
COMMAND: POST /session/3247b862f9661e1dad05ca414f9e55ea/elements - {"using":"xpath","value":"//span[text()='Error']"}
RESULT: {"using":"xpath","value":"//span[text()='Error']"}
COMMAND: POST /session/3247b862f9661e1dad05ca414f9e55ea/element - {"using":"xpath","value":"//button[@data-kt=\"addButton\"]"}
RESULT: {"using":"xpath","value":"//button[@data-kt=\"addButton\"]"}
COMMAND: POST /session/3247b862f9661e1dad05ca414f9e55ea/elements - {"using":"xpath","value":"//button[@data-kt=\"addButton\"]"}
RESULT: {"using":"xpath","value":"//button[@data-kt=\"addButton\"]"}
COMMAND: POST /session/3247b862f9661e1dad05ca414f9e55ea/execute/sync - {"script":"<script> [8489 bytes]","args":[{"element-6066-11e4-a52e-4f735466cecf":"f.BF6F4EA089F18175CED7BE484E452EA8.d.24BFDBBDCCF01EF8CB70A18DCBB43CFF.e.7503","ELEMENT":"f.BF6F4EA089F18175CED7BE484E452EA8.d.24BFDBBDCCF01EF8CB70A18DCBB43CFF.e.7503"}]}
RESULT: {"script":"<script> [8489 bytes]","args":[{"element-6066-11e4-a52e-4f735466cecf":"f.BF6F4EA089F18175CED7BE484E452EA8.d.24BFDBBDCCF01EF8CB70A18DCBB43CFF.e.7503","ELEMENT":"f.BF6F4EA089F18175CED7BE484E452EA8.d.24BFDBBDCCF01EF8CB70A18DCBB43CFF.e.7503"}]}
COMMAND: GET /session/3247b862f9661e1dad05ca414f9e55ea/element/f.BF6F4EA089F18175CED7BE484E452EA8.d.24BFDBBDCCF01EF8CB70A18DCBB43CFF.e.7503/enabled - {}
COMMAND: GET /session/3247b862f9661e1dad05ca414f9e55ea/screenshot - {}
RESULT: {}
COMMAND: POST /session/3247b862f9661e1dad05ca414f9e55ea/execute/sync - {"script":"<script> [8489 bytes]","args":[{"element-6066-11e4-a52e-4f735466cecf":"f.BF6F4EA089F18175CED7BE484E452EA8.d.24BFDBBDCCF01EF8CB70A18DCBB43CFF.e.7503","ELEMENT":"f.BF6F4EA089F18175CED7BE484E452EA8.d.24BFDBBDCCF01EF8CB70A18DCBB43CFF.e.7503"}]}
COMMAND: GET /session/3247b862f9661e1dad05ca414f9e55ea/screenshot - {}
RESULT: {}
RESULT: {}
RESULT: {"script":"<script> [8489 bytes]","args":[{"element-6066-11e4-a52e-4f735466cecf":"f.BF6F4EA089F18175CED7BE484E452EA8.d.24BFDBBDCCF01EF8CB70A18DCBB43CFF.e.7503","ELEMENT":"f.BF6F4EA089F18175CED7BE484E452EA8.d.24BFDBBDCCF01EF8CB70A18DCBB43CFF.e.7503"}]}
COMMAND: POST /session/3247b862f9661e1dad05ca414f9e55ea/execute/sync - {"script":"<script> [5351 bytes]","args":[{"element-6066-11e4-a52e-4f735466cecf":"f.BF6F4EA089F18175CED7BE484E452EA8.d.24BFDBBDCCF01EF8CB70A18DCBB43CFF.e.7503","ELEMENT":"f.BF6F4EA089F18175CED7BE484E452EA8.d.24BFDBBDCCF01EF8CB70A18DCBB43CFF.e.7503"}]}
COMMAND: GET /session/3247b862f9661e1dad05ca414f9e55ea/screenshot - {}
RESULT: {"script":"<script> [5351 bytes]","args":[{"element-6066-11e4-a52e-4f735466cecf":"f.BF6F4EA089F18175CED7BE484E452EA8.d.24BFDBBDCCF01EF8CB70A18DCBB43CFF.e.7503","ELEMENT":"f.BF6F4EA089F18175CED7BE484E452EA8.d.24BFDBBDCCF01EF8CB70A18DCBB43CFF.e.7503"}]}
COMMAND: POST /session/3247b862f9661e1dad05ca414f9e55ea/element/f.BF6F4EA089F18175CED7BE484E452EA8.d.24BFDBBDCCF01EF8CB70A18DCBB43CFF.e.7503/click - {}
COMMAND: GET /session/3247b862f9661e1dad05ca414f9e55ea/screenshot - {}
RESULT: {}
RESULT: {}
COMMAND: GET /session/3247b862f9661e1dad05ca414f9e55ea/screenshot - {}
COMMAND: POST /session/3247b862f9661e1dad05ca414f9e55ea/execute/async - {"script":"<script> [1562 bytes]","args":[{"selector":{"id":"application-managepartners-display-component---NewPartner--addressDetailDetailsName1","interaction":{"idSuffix":"inner"}},"wdio_ui5_key":"applicationmanagepartners-display-component---NewPartner--addressDetailDetailsName1"}]}
RESULT: {}
RESULT: {}
RESULT: {"script":"<script> [1562 bytes]","args":[{"selector":{"id":"application-managepartners-display-component---NewPartner--addressDetailDetailsName1","interaction":{"idSuffix":"inner"}},"wdio_ui5_key":"applicationmanagepartners-display-component---NewPartner--addressDetailDetailsName1"}]}
RESULT: undefined
COMMAND: POST /session/3247b862f9661e1dad05ca414f9e55ea/execute/async - {"script":"<script> [776 bytes]","args":[{"enterText":"Intercompany Partner WDIO","selector":{"id":"application-managepartners-display-component---NewPartner--addressDetailDetailsName1","interaction":{"idSuffix":"inner"}},"clearTextFirst":true,"interactionType":"ENTER_TEXT"}]}
RESULT: {"script":"<script> [776 bytes]","args":[{"enterText":"Intercompany Partner WDIO","selector":{"id":"application-managepartners-display-component---NewPartner--addressDetailDetailsName1","interaction":{"idSuffix":"inner"}},"clearTextFirst":true,"interactionType":"ENTER_TEXT"}]}
COMMAND: POST /session/3247b862f9661e1dad05ca414f9e55ea/execute/async - {"script":"<script> [1562 bytes]","args":[{"selector":{"id":"application-managepartners-display-component---NewPartner--addressDetailDetailsLanguage-arrow"},"wdio_ui5_key":"applicationmanagepartners-display-component---NewPartner--addressDetailDetailsLanguage-arrow"}]}
RESULT: {"script":"<script> [1562 bytes]","args":[{"selector":{"id":"application-managepartners-display-component---NewPartner--addressDetailDetailsLanguage-arrow"},"wdio_ui5_key":"applicationmanagepartners-display-component---NewPartner--addressDetailDetailsLanguage-arrow"}]}
RESULT: undefined
COMMAND: POST /session/3247b862f9661e1dad05ca414f9e55ea/element - {"using":"xpath","value":"//*[@id=\"application-managepartners-display-component---NewPartner--addressDetailDetailsLanguage-arrow\"]"}
RESULT: {"using":"xpath","value":"//*[@id=\"application-managepartners-display-component---NewPartner--addressDetailDetailsLanguage-arrow\"]"}
COMMAND: POST /session/3247b862f9661e1dad05ca414f9e55ea/element/f.BF6F4EA089F18175CED7BE484E452EA8.d.24BFDBBDCCF01EF8CB70A18DCBB43CFF.e.7943/click - {}
RESULT: {}
COMMAND: POST /session/3247b862f9661e1dad05ca414f9e55ea/element - {"using":"xpath","value":"//span[contains(text(), \"English\")]"}
COMMAND: GET /session/3247b862f9661e1dad05ca414f9e55ea/screenshot - {}
RESULT: {"using":"xpath","value":"//span[contains(text(), \"English\")]"}
COMMAND: POST /session/3247b862f9661e1dad05ca414f9e55ea/element/f.BF6F4EA089F18175CED7BE484E452EA8.d.24BFDBBDCCF01EF8CB70A18DCBB43CFF.e.7944/click - {}
RESULT: {}
RESULT: {}
COMMAND: GET /session/3247b862f9661e1dad05ca414f9e55ea/screenshot - {}
RESULT: {}
COMMAND: POST /session/3247b862f9661e1dad05ca414f9e55ea/execute/async - {"script":"<script> [1562 bytes]","args":[{"selector":{"id":"application-managepartners-display-component---NewPartner--addressDetailDetailsCity1","interaction":{"idSuffix":"inner"}},"wdio_ui5_key":"applicationmanagepartners-display-component---NewPartner--addressDetailDetailsCity1"}]}
RESULT: {"script":"<script> [1562 bytes]","args":[{"selector":{"id":"application-managepartners-display-component---NewPartner--addressDetailDetailsCity1","interaction":{"idSuffix":"inner"}},"wdio_ui5_key":"applicationmanagepartners-display-component---NewPartner--addressDetailDetailsCity1"}]}
RESULT: undefined
COMMAND: POST /session/3247b862f9661e1dad05ca414f9e55ea/execute/async - {"script":"<script> [776 bytes]","args":[{"enterText":"Rosario","selector":{"id":"application-managepartners-display-component---NewPartner--addressDetailDetailsCity1","interaction":{"idSuffix":"inner"}},"clearTextFirst":true,"interactionType":"ENTER_TEXT"}]}
RESULT: {"script":"<script> [776 bytes]","args":[{"enterText":"Rosario","selector":{"id":"application-managepartners-display-component---NewPartner--addressDetailDetailsCity1","interaction":{"idSuffix":"inner"}},"clearTextFirst":true,"interactionType":"ENTER_TEXT"}]}
COMMAND: POST /session/3247b862f9661e1dad05ca414f9e55ea/execute/async - {"script":"<script> [1562 bytes]","args":[{"selector":{"id":"application-managepartners-display-component---NewPartner--addressDetailDetailsCountry-arrow"},"wdio_ui5_key":"applicationmanagepartners-display-component---NewPartner--addressDetailDetailsCountry-arrow"}]}
RESULT: {"script":"<script> [1562 bytes]","args":[{"selector":{"id":"application-managepartners-display-component---NewPartner--addressDetailDetailsCountry-arrow"},"wdio_ui5_key":"applicationmanagepartners-display-component---NewPartner--addressDetailDetailsCountry-arrow"}]}
RESULT: undefined
COMMAND: POST /session/3247b862f9661e1dad05ca414f9e55ea/element - {"using":"xpath","value":"//*[@id=\"application-managepartners-display-component---NewPartner--addressDetailDetailsCountry-arrow\"]"}
RESULT: {"using":"xpath","value":"//*[@id=\"application-managepartners-display-component---NewPartner--addressDetailDetailsCountry-arrow\"]"}
COMMAND: POST /session/3247b862f9661e1dad05ca414f9e55ea/element/f.BF6F4EA089F18175CED7BE484E452EA8.d.24BFDBBDCCF01EF8CB70A18DCBB43CFF.e.7930/click - {}
RESULT: {}
COMMAND: POST /session/3247b862f9661e1dad05ca414f9e55ea/element - {"using":"xpath","value":"//span[contains(text(), \"Argentina\")]"}
COMMAND: GET /session/3247b862f9661e1dad05ca414f9e55ea/screenshot - {}
RESULT: {"using":"xpath","value":"//span[contains(text(), \"Argentina\")]"}
COMMAND: POST /session/3247b862f9661e1dad05ca414f9e55ea/element/f.BF6F4EA089F18175CED7BE484E452EA8.d.24BFDBBDCCF01EF8CB70A18DCBB43CFF.e.7946/click - {}
RESULT: {}
RESULT: {}
COMMAND: GET /session/3247b862f9661e1dad05ca414f9e55ea/screenshot - {}
RESULT: {}
COMMAND: POST /session/3247b862f9661e1dad05ca414f9e55ea/element - {"using":"xpath","value":"//bdi[contains(text(), \"Commercial\")]"}
RESULT: {"using":"xpath","value":"//bdi[contains(text(), \"Commercial\")]"}
COMMAND: POST /session/3247b862f9661e1dad05ca414f9e55ea/element/f.BF6F4EA089F18175CED7BE484E452EA8.d.24BFDBBDCCF01EF8CB70A18DCBB43CFF.e.7947/click - {}
RESULT: {}
COMMAND: GET /session/3247b862f9661e1dad05ca414f9e55ea/screenshot - {}
RESULT: {}
COMMAND: POST /session/3247b862f9661e1dad05ca414f9e55ea/execute/async - {"script":"<script> [1562 bytes]","args":[{"selector":{"id":"application-managepartners-display-component---NewPartner--partnerDetailInternal-arrow"},"wdio_ui5_key":"applicationmanagepartners-display-component---NewPartner--partnerDetailInternal-arrow"}]}
RESULT: {"script":"<script> [1562 bytes]","args":[{"selector":{"id":"application-managepartners-display-component---NewPartner--partnerDetailInternal-arrow"},"wdio_ui5_key":"applicationmanagepartners-display-component---NewPartner--partnerDetailInternal-arrow"}]}
RESULT: undefined
COMMAND: POST /session/3247b862f9661e1dad05ca414f9e55ea/element - {"using":"xpath","value":"//*[@id=\"application-managepartners-display-component---NewPartner--partnerDetailInternal-arrow\"]"}
RESULT: {"using":"xpath","value":"//*[@id=\"application-managepartners-display-component---NewPartner--partnerDetailInternal-arrow\"]"}
COMMAND: POST /session/3247b862f9661e1dad05ca414f9e55ea/element/f.BF6F4EA089F18175CED7BE484E452EA8.d.24BFDBBDCCF01EF8CB70A18DCBB43CFF.e.7953/click - {}
RESULT: {}
COMMAND: POST /session/3247b862f9661e1dad05ca414f9e55ea/element - {"using":"xpath","value":"//span[contains(text(), \"Affiliated company\")]"}
COMMAND: GET /session/3247b862f9661e1dad05ca414f9e55ea/screenshot - {}
RESULT: {"using":"xpath","value":"//span[contains(text(), \"Affiliated company\")]"}
COMMAND: POST /session/3247b862f9661e1dad05ca414f9e55ea/element/f.BF6F4EA089F18175CED7BE484E452EA8.d.24BFDBBDCCF01EF8CB70A18DCBB43CFF.e.7954/click - {}
RESULT: {}
RESULT: {}
COMMAND: POST /session/3247b862f9661e1dad05ca414f9e55ea/execute/async - {"script":"<script> [1562 bytes]","args":[{"selector":{"id":"application-managepartners-display-component---NewPartner--partnerDetailsCurrency-arrow"},"wdio_ui5_key":"applicationmanagepartners-display-component---NewPartner--partnerDetailsCurrency-arrow"}]}
COMMAND: GET /session/3247b862f9661e1dad05ca414f9e55ea/screenshot - {}
RESULT: {"script":"<script> [1562 bytes]","args":[{"selector":{"id":"application-managepartners-display-component---NewPartner--partnerDetailsCurrency-arrow"},"wdio_ui5_key":"applicationmanagepartners-display-component---NewPartner--partnerDetailsCurrency-arrow"}]}
RESULT: undefined
COMMAND: POST /session/3247b862f9661e1dad05ca414f9e55ea/element - {"using":"xpath","value":"//*[@id=\"application-managepartners-display-component---NewPartner--partnerDetailsCurrency-arrow\"]"}
RESULT: {}
RESULT: {"using":"xpath","value":"//*[@id=\"application-managepartners-display-component---NewPartner--partnerDetailsCurrency-arrow\"]"}
COMMAND: POST /session/3247b862f9661e1dad05ca414f9e55ea/element/f.BF6F4EA089F18175CED7BE484E452EA8.d.24BFDBBDCCF01EF8CB70A18DCBB43CFF.e.7961/click - {}
RESULT: {}
COMMAND: POST /session/3247b862f9661e1dad05ca414f9e55ea/element - {"using":"xpath","value":"//span[contains(text(), \"Euro\")]"}
COMMAND: GET /session/3247b862f9661e1dad05ca414f9e55ea/screenshot - {}
RESULT: {"using":"xpath","value":"//span[contains(text(), \"Euro\")]"}
COMMAND: POST /session/3247b862f9661e1dad05ca414f9e55ea/element/f.BF6F4EA089F18175CED7BE484E452EA8.d.24BFDBBDCCF01EF8CB70A18DCBB43CFF.e.7962/click - {}
RESULT: {}
RESULT: {}
COMMAND: POST /session/3247b862f9661e1dad05ca414f9e55ea/execute/async - {"script":"<script> [1562 bytes]","args":[{"selector":{"id":"application-managepartners-display-component---NewPartner--addressEditDetailsCostObjectCstType-arrow"},"wdio_ui5_key":"applicationmanagepartners-display-component---NewPartner--addressEditDetailsCostObjectCstType-arrow"}]}
COMMAND: GET /session/3247b862f9661e1dad05ca414f9e55ea/screenshot - {}
RESULT: {"script":"<script> [1562 bytes]","args":[{"selector":{"id":"application-managepartners-display-component---NewPartner--addressEditDetailsCostObjectCstType-arrow"},"wdio_ui5_key":"applicationmanagepartners-display-component---NewPartner--addressEditDetailsCostObjectCstType-arrow"}]}
RESULT: undefined
COMMAND: POST /session/3247b862f9661e1dad05ca414f9e55ea/element - {"using":"xpath","value":"//*[@id=\"application-managepartners-display-component---NewPartner--addressEditDetailsCostObjectCstType-arrow\"]"}
RESULT: {}
RESULT: {"using":"xpath","value":"//*[@id=\"application-managepartners-display-component---NewPartner--addressEditDetailsCostObjectCstType-arrow\"]"}
COMMAND: POST /session/3247b862f9661e1dad05ca414f9e55ea/element/f.BF6F4EA089F18175CED7BE484E452EA8.d.24BFDBBDCCF01EF8CB70A18DCBB43CFF.e.7963/click - {}
RESULT: {}
COMMAND: POST /session/3247b862f9661e1dad05ca414f9e55ea/element - {"using":"xpath","value":"//span[contains(text(), \"Cost Center\")]"}
COMMAND: GET /session/3247b862f9661e1dad05ca414f9e55ea/screenshot - {}
RESULT: {"using":"xpath","value":"//span[contains(text(), \"Cost Center\")]"}
COMMAND: POST /session/3247b862f9661e1dad05ca414f9e55ea/element/f.BF6F4EA089F18175CED7BE484E452EA8.d.24BFDBBDCCF01EF8CB70A18DCBB43CFF.e.7964/click - {}
RESULT: {}
RESULT: {}
COMMAND: GET /session/3247b862f9661e1dad05ca414f9e55ea/screenshot - {}
RESULT: {}
COMMAND: POST /session/3247b862f9661e1dad05ca414f9e55ea/element - {"using":"xpath","value":"//span[@id=\"application-managepartners-display-component---NewPartner--addressNewCostObjectCstID-vhi\"]"}
RESULT: {"using":"xpath","value":"//span[@id=\"application-managepartners-display-component---NewPartner--addressNewCostObjectCstID-vhi\"]"}
COMMAND: POST /session/3247b862f9661e1dad05ca414f9e55ea/execute/sync - {"script":"<script> [8489 bytes]","args":[{"element-6066-11e4-a52e-4f735466cecf":"f.BF6F4EA089F18175CED7BE484E452EA8.d.24BFDBBDCCF01EF8CB70A18DCBB43CFF.e.7968","ELEMENT":"f.BF6F4EA089F18175CED7BE484E452EA8.d.24BFDBBDCCF01EF8CB70A18DCBB43CFF.e.7968"}]}
RESULT: {"script":"<script> [8489 bytes]","args":[{"element-6066-11e4-a52e-4f735466cecf":"f.BF6F4EA089F18175CED7BE484E452EA8.d.24BFDBBDCCF01EF8CB70A18DCBB43CFF.e.7968","ELEMENT":"f.BF6F4EA089F18175CED7BE484E452EA8.d.24BFDBBDCCF01EF8CB70A18DCBB43CFF.e.7968"}]}
COMMAND: POST /session/3247b862f9661e1dad05ca414f9e55ea/execute/async - {"script":"<script> [1562 bytes]","args":[{"selector":{"id":"application-managepartners-display-component---NewPartner--addressNewCostObjectCstID-vhi"},"wdio_ui5_key":"applicationmanagepartners-display-component---NewPartner--addressNewCostObjectCstID-vhi"}]}
COMMAND: GET /session/3247b862f9661e1dad05ca414f9e55ea/screenshot - {}
RESULT: {"script":"<script> [1562 bytes]","args":[{"selector":{"id":"application-managepartners-display-component---NewPartner--addressNewCostObjectCstID-vhi"},"wdio_ui5_key":"applicationmanagepartners-display-component---NewPartner--addressNewCostObjectCstID-vhi"}]}
RESULT: undefined
COMMAND: POST /session/3247b862f9661e1dad05ca414f9e55ea/element - {"using":"xpath","value":"//*[@id=\"application-managepartners-display-component---NewPartner--addressNewCostObjectCstID-vhi\"]"}
RESULT: {}
RESULT: {"using":"xpath","value":"//*[@id=\"application-managepartners-display-component---NewPartner--addressNewCostObjectCstID-vhi\"]"}
COMMAND: POST /session/3247b862f9661e1dad05ca414f9e55ea/element/f.BF6F4EA089F18175CED7BE484E452EA8.d.24BFDBBDCCF01EF8CB70A18DCBB43CFF.e.7968/click - {}
RESULT: {}
COMMAND: GET /session/3247b862f9661e1dad05ca414f9e55ea/screenshot - {}
RESULT: {}
RESULT: undefined
COMMAND: POST /session/3247b862f9661e1dad05ca414f9e55ea/execute/async - {"script":"<script> [776 bytes]","args":[{"enterText":"10001013","selector":{"controlType":"sap.m.SearchField","properties":{"placeholder":"Search"},"searchOpenDialogs":true,"interaction":{"idSuffix":"I"}},"clearTextFirst":true,"interactionType":"ENTER_TEXT"}]}
RESULT: {"script":"<script> [776 bytes]","args":[{"enterText":"10001013","selector":{"controlType":"sap.m.SearchField","properties":{"placeholder":"Search"},"searchOpenDialogs":true,"interaction":{"idSuffix":"I"}},"clearTextFirst":true,"interactionType":"ENTER_TEXT"}]}
COMMAND: POST /session/3247b862f9661e1dad05ca414f9e55ea/actions - {"actions":[{"id":"action21","type":"key","parameters":{},"actions":[{"type":"keyDown","value":"î€‡"},{"type":"pause","duration":10},{"type":"keyUp","value":"î€‡"}]}]}
RESULT: {"actions":[{"id":"action21","type":"key","parameters":{},"actions":[{"type":"keyDown","value":"î€‡"},{"type":"pause","duration":10},{"type":"keyUp","value":"î€‡"}]}]}
COMMAND: GET /session/3247b862f9661e1dad05ca414f9e55ea/screenshot - {}
RESULT: {}
COMMAND: POST /session/3247b862f9661e1dad05ca414f9e55ea/element - {"using":"xpath","value":"//span[contains(text(), \"General Management\")]"}
RESULT: {"using":"xpath","value":"//span[contains(text(), \"General Management\")]"}
COMMAND: POST /session/3247b862f9661e1dad05ca414f9e55ea/element/f.BF6F4EA089F18175CED7BE484E452EA8.d.24BFDBBDCCF01EF8CB70A18DCBB43CFF.e.8007/click - {}
RESULT: {}
COMMAND: GET /session/3247b862f9661e1dad05ca414f9e55ea/screenshot - {}
RESULT: {}
COMMAND: POST /session/3247b862f9661e1dad05ca414f9e55ea/element - {"using":"xpath","value":"//bdi[contains(text(), \"OK\")]"}
RESULT: {"using":"xpath","value":"//bdi[contains(text(), \"OK\")]"}
COMMAND: POST /session/3247b862f9661e1dad05ca414f9e55ea/element/f.BF6F4EA089F18175CED7BE484E452EA8.d.24BFDBBDCCF01EF8CB70A18DCBB43CFF.e.8008/click - {}
RESULT: {}
COMMAND: GET /session/3247b862f9661e1dad05ca414f9e55ea/screenshot - {}
RESULT: {}
COMMAND: POST /session/3247b862f9661e1dad05ca414f9e55ea/element - {"using":"xpath","value":"//input[@id=\"application-managepartners-display-component---NewPartner--companyCodeComboBox-inner\"]"}
RESULT: {"using":"xpath","value":"//input[@id=\"application-managepartners-display-component---NewPartner--companyCodeComboBox-inner\"]"}
COMMAND: POST /session/3247b862f9661e1dad05ca414f9e55ea/element/f.BF6F4EA089F18175CED7BE484E452EA8.d.24BFDBBDCCF01EF8CB70A18DCBB43CFF.e.7811/clear - {}
RESULT: {}
COMMAND: POST /session/3247b862f9661e1dad05ca414f9e55ea/element/f.BF6F4EA089F18175CED7BE484E452EA8.d.24BFDBBDCCF01EF8CB70A18DCBB43CFF.e.7811/value - {"text":"C002"}
COMMAND: GET /session/3247b862f9661e1dad05ca414f9e55ea/screenshot - {}
RESULT: {"text":"C002"}
COMMAND: GET /session/3247b862f9661e1dad05ca414f9e55ea/screenshot - {}
RESULT: {}
RESULT: {}
COMMAND: POST /session/3247b862f9661e1dad05ca414f9e55ea/element - {"using":"xpath","value":"//li[.//span[text()= \"C002\"]]"}
RESULT: {"using":"xpath","value":"//li[.//span[text()= \"C002\"]]"}
COMMAND: POST /session/3247b862f9661e1dad05ca414f9e55ea/element/f.BF6F4EA089F18175CED7BE484E452EA8.d.24BFDBBDCCF01EF8CB70A18DCBB43CFF.e.8014/click - {}
RESULT: {}
COMMAND: GET /session/3247b862f9661e1dad05ca414f9e55ea/screenshot - {}
RESULT: {}
COMMAND: POST /session/3247b862f9661e1dad05ca414f9e55ea/execute/async - {"script":"<script> [1562 bytes]","args":[{"selector":{"id":"application-managepartners-display-component---NewPartner--btnAddTableRow-img"},"wdio_ui5_key":"applicationmanagepartners-display-component---NewPartner--btnAddTableRow-img"}]}
RESULT: {"script":"<script> [1562 bytes]","args":[{"selector":{"id":"application-managepartners-display-component---NewPartner--btnAddTableRow-img"},"wdio_ui5_key":"applicationmanagepartners-display-component---NewPartner--btnAddTableRow-img"}]}
RESULT: undefined
COMMAND: POST /session/3247b862f9661e1dad05ca414f9e55ea/element - {"using":"xpath","value":"//*[@id=\"application-managepartners-display-component---NewPartner--btnAddTableRow-img\"]"}
RESULT: {"using":"xpath","value":"//*[@id=\"application-managepartners-display-component---NewPartner--btnAddTableRow-img\"]"}
COMMAND: POST /session/3247b862f9661e1dad05ca414f9e55ea/element/f.BF6F4EA089F18175CED7BE484E452EA8.d.24BFDBBDCCF01EF8CB70A18DCBB43CFF.e.8015/click - {}
RESULT: {}
COMMAND: GET /session/3247b862f9661e1dad05ca414f9e55ea/screenshot - {}
RESULT: {}
COMMAND: POST /session/3247b862f9661e1dad05ca414f9e55ea/element - {"using":"xpath","value":"//input[@id=\"application-managepartners-display-component---NewPartner--assignmentYard-application-managepartners-display-component---NewPartner--assignmentsTable-0-inner\"]"}
RESULT: {"using":"xpath","value":"//input[@id=\"application-managepartners-display-component---NewPartner--assignmentYard-application-managepartners-display-component---NewPartner--assignmentsTable-0-inner\"]"}
COMMAND: POST /session/3247b862f9661e1dad05ca414f9e55ea/element/f.BF6F4EA089F18175CED7BE484E452EA8.d.24BFDBBDCCF01EF8CB70A18DCBB43CFF.e.8018/clear - {}
RESULT: {}
COMMAND: POST /session/3247b862f9661e1dad05ca414f9e55ea/element/f.BF6F4EA089F18175CED7BE484E452EA8.d.24BFDBBDCCF01EF8CB70A18DCBB43CFF.e.8018/value - {"text":"600"}
COMMAND: GET /session/3247b862f9661e1dad05ca414f9e55ea/screenshot - {}
RESULT: {"text":"600"}
COMMAND: GET /session/3247b862f9661e1dad05ca414f9e55ea/screenshot - {}
RESULT: {}
RESULT: {}
COMMAND: POST /session/3247b862f9661e1dad05ca414f9e55ea/element - {"using":"xpath","value":"//li[.//span[text()='600']]"}
RESULT: {"using":"xpath","value":"//li[.//span[text()='600']]"}
COMMAND: POST /session/3247b862f9661e1dad05ca414f9e55ea/element/f.BF6F4EA089F18175CED7BE484E452EA8.d.24BFDBBDCCF01EF8CB70A18DCBB43CFF.e.8027/click - {}
RESULT: {}
COMMAND: GET /session/3247b862f9661e1dad05ca414f9e55ea/screenshot - {}
RESULT: {}
COMMAND: POST /session/3247b862f9661e1dad05ca414f9e55ea/actions - {"actions":[{"id":"action22","type":"key","parameters":{},"actions":[{"type":"keyDown","value":"î€‡"},{"type":"pause","duration":10},{"type":"keyUp","value":"î€‡"}]}]}
RESULT: {"actions":[{"id":"action22","type":"key","parameters":{},"actions":[{"type":"keyDown","value":"î€‡"},{"type":"pause","duration":10},{"type":"keyUp","value":"î€‡"}]}]}
COMMAND: POST /session/3247b862f9661e1dad05ca414f9e55ea/execute/async - {"script":"<script> [1562 bytes]","args":[{"selector":{"id":"application-managepartners-display-component---NewPartner--externalCustomerComboBox-application-managepartners-display-component---NewPartner--assignmentsTable-0-vhi"},"wdio_ui5_key":"applicationmanagepartners-display-component---NewPartner--externalCustomerComboBox-application-managepartners-display-component---NewPartner--assignmentsTable-0-vhi"}]}
COMMAND: GET /session/3247b862f9661e1dad05ca414f9e55ea/screenshot - {}
RESULT: {"script":"<script> [1562 bytes]","args":[{"selector":{"id":"application-managepartners-display-component---NewPartner--externalCustomerComboBox-application-managepartners-display-component---NewPartner--assignmentsTable-0-vhi"},"wdio_ui5_key":"applicationmanagepartners-display-component---NewPartner--externalCustomerComboBox-application-managepartners-display-component---NewPartner--assignmentsTable-0-vhi"}]}
RESULT: undefined
COMMAND: POST /session/3247b862f9661e1dad05ca414f9e55ea/element - {"using":"xpath","value":"//*[@id=\"application-managepartners-display-component---NewPartner--externalCustomerComboBox-application-managepartners-display-component---NewPartner--assignmentsTable-0-vhi\"]"}
RESULT: {}
RESULT: {"using":"xpath","value":"//*[@id=\"application-managepartners-display-component---NewPartner--externalCustomerComboBox-application-managepartners-display-component---NewPartner--assignmentsTable-0-vhi\"]"}
COMMAND: POST /session/3247b862f9661e1dad05ca414f9e55ea/element/f.BF6F4EA089F18175CED7BE484E452EA8.d.24BFDBBDCCF01EF8CB70A18DCBB43CFF.e.8031/click - {}
RESULT: {}
RESULT: undefined
COMMAND: POST /session/3247b862f9661e1dad05ca414f9e55ea/execute/async - {"script":"<script> [776 bytes]","args":[{"enterText":"300003","selector":{"controlType":"sap.m.SearchField","properties":{"placeholder":"Search"},"searchOpenDialogs":true,"interaction":{"idSuffix":"I"}},"clearTextFirst":true,"interactionType":"ENTER_TEXT"}]}
COMMAND: GET /session/3247b862f9661e1dad05ca414f9e55ea/screenshot - {}
RESULT: {"script":"<script> [776 bytes]","args":[{"enterText":"300003","selector":{"controlType":"sap.m.SearchField","properties":{"placeholder":"Search"},"searchOpenDialogs":true,"interaction":{"idSuffix":"I"}},"clearTextFirst":true,"interactionType":"ENTER_TEXT"}]}
COMMAND: POST /session/3247b862f9661e1dad05ca414f9e55ea/actions - {"actions":[{"id":"action23","type":"key","parameters":{},"actions":[{"type":"keyDown","value":"î€‡"},{"type":"pause","duration":10},{"type":"keyUp","value":"î€‡"}]}]}
RESULT: {}
RESULT: {"actions":[{"id":"action23","type":"key","parameters":{},"actions":[{"type":"keyDown","value":"î€‡"},{"type":"pause","duration":10},{"type":"keyUp","value":"î€‡"}]}]}
COMMAND: GET /session/3247b862f9661e1dad05ca414f9e55ea/screenshot - {}
RESULT: {}
COMMAND: POST /session/3247b862f9661e1dad05ca414f9e55ea/element - {"using":"xpath","value":"//span[contains(text(), \"300003\")]"}
RESULT: {"using":"xpath","value":"//span[contains(text(), \"300003\")]"}
COMMAND: POST /session/3247b862f9661e1dad05ca414f9e55ea/element/f.BF6F4EA089F18175CED7BE484E452EA8.d.24BFDBBDCCF01EF8CB70A18DCBB43CFF.e.8048/click - {}
RESULT: {}
COMMAND: GET /session/3247b862f9661e1dad05ca414f9e55ea/screenshot - {}
RESULT: {}
COMMAND: POST /session/3247b862f9661e1dad05ca414f9e55ea/element - {"using":"xpath","value":"//bdi[contains(text(), \"OK\")]"}
RESULT: {"using":"xpath","value":"//bdi[contains(text(), \"OK\")]"}
COMMAND: POST /session/3247b862f9661e1dad05ca414f9e55ea/element/f.BF6F4EA089F18175CED7BE484E452EA8.d.24BFDBBDCCF01EF8CB70A18DCBB43CFF.e.8050/click - {}
RESULT: {}
COMMAND: GET /session/3247b862f9661e1dad05ca414f9e55ea/screenshot - {}
RESULT: {}
COMMAND: POST /session/3247b862f9661e1dad05ca414f9e55ea/execute/async - {"script":"<script> [1562 bytes]","args":[{"selector":{"id":"application-managepartners-display-component---NewPartner--intercompVendorComboBox-application-managepartners-display-component---NewPartner--assignmentsTable-0-vhi"},"wdio_ui5_key":"applicationmanagepartners-display-component---NewPartner--intercompVendorComboBox-application-managepartners-display-component---NewPartner--assignmentsTable-0-vhi"}]}
RESULT: {"script":"<script> [1562 bytes]","args":[{"selector":{"id":"application-managepartners-display-component---NewPartner--intercompVendorComboBox-application-managepartners-display-component---NewPartner--assignmentsTable-0-vhi"},"wdio_ui5_key":"applicationmanagepartners-display-component---NewPartner--intercompVendorComboBox-application-managepartners-display-component---NewPartner--assignmentsTable-0-vhi"}]}
RESULT: undefined
COMMAND: POST /session/3247b862f9661e1dad05ca414f9e55ea/element - {"using":"xpath","value":"//*[@id=\"application-managepartners-display-component---NewPartner--intercompVendorComboBox-application-managepartners-display-component---NewPartner--assignmentsTable-0-vhi\"]"}
RESULT: {"using":"xpath","value":"//*[@id=\"application-managepartners-display-component---NewPartner--intercompVendorComboBox-application-managepartners-display-component---NewPartner--assignmentsTable-0-vhi\"]"}
COMMAND: POST /session/3247b862f9661e1dad05ca414f9e55ea/element/f.BF6F4EA089F18175CED7BE484E452EA8.d.24BFDBBDCCF01EF8CB70A18DCBB43CFF.e.8054/click - {}
RESULT: {}
RESULT: undefined
COMMAND: POST /session/3247b862f9661e1dad05ca414f9e55ea/execute/async - {"script":"<script> [776 bytes]","args":[{"enterText":"100005","selector":{"controlType":"sap.m.SearchField","properties":{"placeholder":"Search"},"searchOpenDialogs":true,"interaction":{"idSuffix":"I"}},"clearTextFirst":true,"interactionType":"ENTER_TEXT"}]}
COMMAND: GET /session/3247b862f9661e1dad05ca414f9e55ea/screenshot - {}
RESULT: {"script":"<script> [776 bytes]","args":[{"enterText":"100005","selector":{"controlType":"sap.m.SearchField","properties":{"placeholder":"Search"},"searchOpenDialogs":true,"interaction":{"idSuffix":"I"}},"clearTextFirst":true,"interactionType":"ENTER_TEXT"}]}
COMMAND: POST /session/3247b862f9661e1dad05ca414f9e55ea/actions - {"actions":[{"id":"action24","type":"key","parameters":{},"actions":[{"type":"keyDown","value":"î€‡"},{"type":"pause","duration":10},{"type":"keyUp","value":"î€‡"}]}]}
RESULT: {}
RESULT: {"actions":[{"id":"action24","type":"key","parameters":{},"actions":[{"type":"keyDown","value":"î€‡"},{"type":"pause","duration":10},{"type":"keyUp","value":"î€‡"}]}]}
COMMAND: GET /session/3247b862f9661e1dad05ca414f9e55ea/screenshot - {}
RESULT: {}
COMMAND: POST /session/3247b862f9661e1dad05ca414f9e55ea/element - {"using":"xpath","value":"//span[contains(text(), \"Penguins - Field/12345 Berlin\")]"}
RESULT: {"using":"xpath","value":"//span[contains(text(), \"Penguins - Field/12345 Berlin\")]"}
COMMAND: POST /session/3247b862f9661e1dad05ca414f9e55ea/element/f.BF6F4EA089F18175CED7BE484E452EA8.d.24BFDBBDCCF01EF8CB70A18DCBB43CFF.e.8070/click - {}
RESULT: {}
COMMAND: GET /session/3247b862f9661e1dad05ca414f9e55ea/screenshot - {}
RESULT: {}
COMMAND: POST /session/3247b862f9661e1dad05ca414f9e55ea/element - {"using":"xpath","value":"//bdi[contains(text(), \"OK\")]"}
RESULT: {"using":"xpath","value":"//bdi[contains(text(), \"OK\")]"}
COMMAND: POST /session/3247b862f9661e1dad05ca414f9e55ea/element/f.BF6F4EA089F18175CED7BE484E452EA8.d.24BFDBBDCCF01EF8CB70A18DCBB43CFF.e.8071/click - {}
RESULT: {}
COMMAND: GET /session/3247b862f9661e1dad05ca414f9e55ea/screenshot - {}
RESULT: {}
COMMAND: POST /session/3247b862f9661e1dad05ca414f9e55ea/element - {"using":"xpath","value":"//button[@data-kt=\"saveButton\"]"}
RESULT: {"using":"xpath","value":"//button[@data-kt=\"saveButton\"]"}
COMMAND: POST /session/3247b862f9661e1dad05ca414f9e55ea/element/f.BF6F4EA089F18175CED7BE484E452EA8.d.24BFDBBDCCF01EF8CB70A18DCBB43CFF.e.7837/click - {}
RESULT: {}
COMMAND: GET /session/3247b862f9661e1dad05ca414f9e55ea/screenshot - {}
RESULT: {}
COMMAND: POST /session/3247b862f9661e1dad05ca414f9e55ea/element - {"using":"xpath","value":"//header[contains(@id, 'ObjectPageLayout-headerTitle')]/div[1]/div[2]/div[2]/span[1]"}
RESULT: {"using":"xpath","value":"//header[contains(@id, 'ObjectPageLayout-headerTitle')]/div[1]/div[2]/div[2]/span[1]"}
COMMAND: POST /session/3247b862f9661e1dad05ca414f9e55ea/elements - {"using":"xpath","value":"//header[contains(@id, 'ObjectPageLayout-headerTitle')]/div[1]/div[2]/div[2]/span[1]"}
RESULT: {"using":"xpath","value":"//header[contains(@id, 'ObjectPageLayout-headerTitle')]/div[1]/div[2]/div[2]/span[1]"}
COMMAND: POST /session/3247b862f9661e1dad05ca414f9e55ea/execute/sync - {"script":"<script> [56 bytes]","args":[{"element-6066-11e4-a52e-4f735466cecf":"f.BF6F4EA089F18175CED7BE484E452EA8.d.24BFDBBDCCF01EF8CB70A18DCBB43CFF.e.8237","ELEMENT":"f.BF6F4EA089F18175CED7BE484E452EA8.d.24BFDBBDCCF01EF8CB70A18DCBB43CFF.e.8237"}]}
RESULT: {"script":"<script> [56 bytes]","args":[{"element-6066-11e4-a52e-4f735466cecf":"f.BF6F4EA089F18175CED7BE484E452EA8.d.24BFDBBDCCF01EF8CB70A18DCBB43CFF.e.8237","ELEMENT":"f.BF6F4EA089F18175CED7BE484E452EA8.d.24BFDBBDCCF01EF8CB70A18DCBB43CFF.e.8237"}]}
COMMAND: POST /session/3247b862f9661e1dad05ca414f9e55ea/element - {"using":"css selector","value":"#shell-header-logo"}
COMMAND: GET /session/3247b862f9661e1dad05ca414f9e55ea/screenshot - {}
RESULT: {"using":"css selector","value":"#shell-header-logo"}
COMMAND: POST /session/3247b862f9661e1dad05ca414f9e55ea/element/f.BF6F4EA089F18175CED7BE484E452EA8.d.24BFDBBDCCF01EF8CB70A18DCBB43CFF.e.7458/click - {}
RESULT: {}
RESULT: {}
COMMAND: GET /session/3247b862f9661e1dad05ca414f9e55ea/screenshot - {}
RESULT: {}
COMMAND: POST /session/3247b862f9661e1dad05ca414f9e55ea/execute/sync - {"script":"<script> [299 bytes]","args":[["getModel","getResource"]]}
RESULT: {"script":"<script> [299 bytes]","args":[["getModel","getResource"]]}
COMMAND: GET /session/3247b862f9661e1dad05ca414f9e55ea/screenshot - {}
]]></system-out>
    </testcase>
    <testcase classname="chrome.136_0_7103_93.windows.Create_master_data_for_mixed_billing_&amp;_do_billing_calculation_US151661" name="Should create a new site" time="144.377">
      <system-out><![CDATA[
COMMAND: POST /session/3247b862f9661e1dad05ca414f9e55ea/execute/async - {"script":"<script> [1562 bytes]","args":[{"selector":{"controlType":"sap.m.GenericTile","properties":{"header":"Manage Sites"}},"wdio_ui5_key":"sapm.GenericTile{\"header\":\"Manage Sites\"}"}]}
RESULT: {}
RESULT: {"script":"<script> [1562 bytes]","args":[{"selector":{"controlType":"sap.m.GenericTile","properties":{"header":"Manage Sites"}},"wdio_ui5_key":"sapm.GenericTile{\"header\":\"Manage Sites\"}"}]}
RESULT: undefined
COMMAND: POST /session/3247b862f9661e1dad05ca414f9e55ea/element - {"using":"xpath","value":"//*[@id=\"__tile40\"]"}
RESULT: {"using":"xpath","value":"//*[@id=\"__tile40\"]"}
COMMAND: POST /session/3247b862f9661e1dad05ca414f9e55ea/element/f.BF6F4EA089F18175CED7BE484E452EA8.d.24BFDBBDCCF01EF8CB70A18DCBB43CFF.e.6589/click - {}
RESULT: {}
COMMAND: GET /session/3247b862f9661e1dad05ca414f9e55ea/screenshot - {}
RESULT: {}
COMMAND: POST /session/3247b862f9661e1dad05ca414f9e55ea/elements - {"using":"xpath","value":"//span[text()='Error']"}
RESULT: {"using":"xpath","value":"//span[text()='Error']"}
COMMAND: POST /session/3247b862f9661e1dad05ca414f9e55ea/element - {"using":"xpath","value":"//button[@data-kt=\"addOverflowToolbarButton\"]"}
RESULT: {"using":"xpath","value":"//button[@data-kt=\"addOverflowToolbarButton\"]"}
COMMAND: POST /session/3247b862f9661e1dad05ca414f9e55ea/elements - {"using":"xpath","value":"//button[@data-kt=\"addOverflowToolbarButton\"]"}
RESULT: {"using":"xpath","value":"//button[@data-kt=\"addOverflowToolbarButton\"]"}
COMMAND: POST /session/3247b862f9661e1dad05ca414f9e55ea/execute/sync - {"script":"<script> [8489 bytes]","args":[{"element-6066-11e4-a52e-4f735466cecf":"f.BF6F4EA089F18175CED7BE484E452EA8.d.24BFDBBDCCF01EF8CB70A18DCBB43CFF.e.8284","ELEMENT":"f.BF6F4EA089F18175CED7BE484E452EA8.d.24BFDBBDCCF01EF8CB70A18DCBB43CFF.e.8284"}]}
RESULT: {"script":"<script> [8489 bytes]","args":[{"element-6066-11e4-a52e-4f735466cecf":"f.BF6F4EA089F18175CED7BE484E452EA8.d.24BFDBBDCCF01EF8CB70A18DCBB43CFF.e.8284","ELEMENT":"f.BF6F4EA089F18175CED7BE484E452EA8.d.24BFDBBDCCF01EF8CB70A18DCBB43CFF.e.8284"}]}
COMMAND: GET /session/3247b862f9661e1dad05ca414f9e55ea/element/f.BF6F4EA089F18175CED7BE484E452EA8.d.24BFDBBDCCF01EF8CB70A18DCBB43CFF.e.8284/enabled - {}
COMMAND: GET /session/3247b862f9661e1dad05ca414f9e55ea/screenshot - {}
RESULT: {}
COMMAND: POST /session/3247b862f9661e1dad05ca414f9e55ea/execute/sync - {"script":"<script> [8489 bytes]","args":[{"element-6066-11e4-a52e-4f735466cecf":"f.BF6F4EA089F18175CED7BE484E452EA8.d.24BFDBBDCCF01EF8CB70A18DCBB43CFF.e.8284","ELEMENT":"f.BF6F4EA089F18175CED7BE484E452EA8.d.24BFDBBDCCF01EF8CB70A18DCBB43CFF.e.8284"}]}
COMMAND: GET /session/3247b862f9661e1dad05ca414f9e55ea/screenshot - {}
RESULT: {}
RESULT: {"script":"<script> [8489 bytes]","args":[{"element-6066-11e4-a52e-4f735466cecf":"f.BF6F4EA089F18175CED7BE484E452EA8.d.24BFDBBDCCF01EF8CB70A18DCBB43CFF.e.8284","ELEMENT":"f.BF6F4EA089F18175CED7BE484E452EA8.d.24BFDBBDCCF01EF8CB70A18DCBB43CFF.e.8284"}]}
COMMAND: POST /session/3247b862f9661e1dad05ca414f9e55ea/execute/sync - {"script":"<script> [5351 bytes]","args":[{"element-6066-11e4-a52e-4f735466cecf":"f.BF6F4EA089F18175CED7BE484E452EA8.d.24BFDBBDCCF01EF8CB70A18DCBB43CFF.e.8284","ELEMENT":"f.BF6F4EA089F18175CED7BE484E452EA8.d.24BFDBBDCCF01EF8CB70A18DCBB43CFF.e.8284"}]}
COMMAND: GET /session/3247b862f9661e1dad05ca414f9e55ea/screenshot - {}
RESULT: {}
RESULT: {"script":"<script> [5351 bytes]","args":[{"element-6066-11e4-a52e-4f735466cecf":"f.BF6F4EA089F18175CED7BE484E452EA8.d.24BFDBBDCCF01EF8CB70A18DCBB43CFF.e.8284","ELEMENT":"f.BF6F4EA089F18175CED7BE484E452EA8.d.24BFDBBDCCF01EF8CB70A18DCBB43CFF.e.8284"}]}
COMMAND: POST /session/3247b862f9661e1dad05ca414f9e55ea/element/f.BF6F4EA089F18175CED7BE484E452EA8.d.24BFDBBDCCF01EF8CB70A18DCBB43CFF.e.8284/click - {}
COMMAND: GET /session/3247b862f9661e1dad05ca414f9e55ea/screenshot - {}
RESULT: {}
RESULT: {}
COMMAND: GET /session/3247b862f9661e1dad05ca414f9e55ea/screenshot - {}
RESULT: {}
COMMAND: POST /session/3247b862f9661e1dad05ca414f9e55ea/element - {"using":"xpath","value":"//input[@id=\"application-managesites-display-component---NewSite--siteId-inner\"]"}
RESULT: {}
RESULT: {"using":"xpath","value":"//input[@id=\"application-managesites-display-component---NewSite--siteId-inner\"]"}
COMMAND: POST /session/3247b862f9661e1dad05ca414f9e55ea/element - {"using":"xpath","value":"//input[@id=\"application-managesites-display-component---NewSite--siteId-inner\"]"}
RESULT: {"using":"xpath","value":"//input[@id=\"application-managesites-display-component---NewSite--siteId-inner\"]"}
COMMAND: POST /session/3247b862f9661e1dad05ca414f9e55ea/execute/async - {"script":"<script> [1562 bytes]","args":[{"selector":{"id":"application-managesites-display-component---NewSite--addressDetailDetailsName1","interaction":{"idSuffix":"inner"}},"wdio_ui5_key":"applicationmanagesites-display-component---NewSite--addressDetailDetailsName1"}]}
RESULT: {"script":"<script> [1562 bytes]","args":[{"selector":{"id":"application-managesites-display-component---NewSite--addressDetailDetailsName1","interaction":{"idSuffix":"inner"}},"wdio_ui5_key":"applicationmanagesites-display-component---NewSite--addressDetailDetailsName1"}]}
RESULT: undefined
COMMAND: POST /session/3247b862f9661e1dad05ca414f9e55ea/execute/async - {"script":"<script> [776 bytes]","args":[{"enterText":"Intercompany Site wdIO","selector":{"id":"application-managesites-display-component---NewSite--addressDetailDetailsName1","interaction":{"idSuffix":"inner"}},"clearTextFirst":true,"interactionType":"ENTER_TEXT"}]}
RESULT: {"script":"<script> [776 bytes]","args":[{"enterText":"Intercompany Site wdIO","selector":{"id":"application-managesites-display-component---NewSite--addressDetailDetailsName1","interaction":{"idSuffix":"inner"}},"clearTextFirst":true,"interactionType":"ENTER_TEXT"}]}
COMMAND: POST /session/3247b862f9661e1dad05ca414f9e55ea/execute/async - {"script":"<script> [1562 bytes]","args":[{"selector":{"id":"application-managesites-display-component---NewSite--addressDetailDetailsLanguage-arrow"},"wdio_ui5_key":"applicationmanagesites-display-component---NewSite--addressDetailDetailsLanguage-arrow"}]}
RESULT: {"script":"<script> [1562 bytes]","args":[{"selector":{"id":"application-managesites-display-component---NewSite--addressDetailDetailsLanguage-arrow"},"wdio_ui5_key":"applicationmanagesites-display-component---NewSite--addressDetailDetailsLanguage-arrow"}]}
RESULT: undefined
COMMAND: POST /session/3247b862f9661e1dad05ca414f9e55ea/element - {"using":"xpath","value":"//*[@id=\"application-managesites-display-component---NewSite--addressDetailDetailsLanguage-arrow\"]"}
RESULT: {"using":"xpath","value":"//*[@id=\"application-managesites-display-component---NewSite--addressDetailDetailsLanguage-arrow\"]"}
COMMAND: POST /session/3247b862f9661e1dad05ca414f9e55ea/element/f.BF6F4EA089F18175CED7BE484E452EA8.d.24BFDBBDCCF01EF8CB70A18DCBB43CFF.e.8681/click - {}
RESULT: {}
COMMAND: POST /session/3247b862f9661e1dad05ca414f9e55ea/element - {"using":"xpath","value":"//span[contains(text(), \"English\")]"}
COMMAND: GET /session/3247b862f9661e1dad05ca414f9e55ea/screenshot - {}
RESULT: {"using":"xpath","value":"//span[contains(text(), \"English\")]"}
COMMAND: POST /session/3247b862f9661e1dad05ca414f9e55ea/element/f.BF6F4EA089F18175CED7BE484E452EA8.d.24BFDBBDCCF01EF8CB70A18DCBB43CFF.e.8682/click - {}
RESULT: {}
RESULT: {}
COMMAND: POST /session/3247b862f9661e1dad05ca414f9e55ea/execute/async - {"script":"<script> [1562 bytes]","args":[{"selector":{"id":"application-managesites-display-component---NewSite--addressDetailDetailsCity1","interaction":{"idSuffix":"inner"}},"wdio_ui5_key":"applicationmanagesites-display-component---NewSite--addressDetailDetailsCity1"}]}
COMMAND: GET /session/3247b862f9661e1dad05ca414f9e55ea/screenshot - {}
RESULT: {"script":"<script> [1562 bytes]","args":[{"selector":{"id":"application-managesites-display-component---NewSite--addressDetailDetailsCity1","interaction":{"idSuffix":"inner"}},"wdio_ui5_key":"applicationmanagesites-display-component---NewSite--addressDetailDetailsCity1"}]}
RESULT: undefined
COMMAND: POST /session/3247b862f9661e1dad05ca414f9e55ea/execute/async - {"script":"<script> [776 bytes]","args":[{"enterText":"Rosario","selector":{"id":"application-managesites-display-component---NewSite--addressDetailDetailsCity1","interaction":{"idSuffix":"inner"}},"clearTextFirst":true,"interactionType":"ENTER_TEXT"}]}
RESULT: {}
RESULT: {"script":"<script> [776 bytes]","args":[{"enterText":"Rosario","selector":{"id":"application-managesites-display-component---NewSite--addressDetailDetailsCity1","interaction":{"idSuffix":"inner"}},"clearTextFirst":true,"interactionType":"ENTER_TEXT"}]}
COMMAND: POST /session/3247b862f9661e1dad05ca414f9e55ea/execute/async - {"script":"<script> [1562 bytes]","args":[{"selector":{"id":"application-managesites-display-component---NewSite--addressDetailDetailsCountry-arrow"},"wdio_ui5_key":"applicationmanagesites-display-component---NewSite--addressDetailDetailsCountry-arrow"}]}
RESULT: {"script":"<script> [1562 bytes]","args":[{"selector":{"id":"application-managesites-display-component---NewSite--addressDetailDetailsCountry-arrow"},"wdio_ui5_key":"applicationmanagesites-display-component---NewSite--addressDetailDetailsCountry-arrow"}]}
RESULT: undefined
COMMAND: POST /session/3247b862f9661e1dad05ca414f9e55ea/element - {"using":"xpath","value":"//*[@id=\"application-managesites-display-component---NewSite--addressDetailDetailsCountry-arrow\"]"}
RESULT: {"using":"xpath","value":"//*[@id=\"application-managesites-display-component---NewSite--addressDetailDetailsCountry-arrow\"]"}
COMMAND: POST /session/3247b862f9661e1dad05ca414f9e55ea/element/f.BF6F4EA089F18175CED7BE484E452EA8.d.24BFDBBDCCF01EF8CB70A18DCBB43CFF.e.8684/click - {}
RESULT: {}
COMMAND: POST /session/3247b862f9661e1dad05ca414f9e55ea/element - {"using":"xpath","value":"//span[contains(text(), \"Argentina\")]"}
COMMAND: GET /session/3247b862f9661e1dad05ca414f9e55ea/screenshot - {}
RESULT: {"using":"xpath","value":"//span[contains(text(), \"Argentina\")]"}
COMMAND: POST /session/3247b862f9661e1dad05ca414f9e55ea/element/f.BF6F4EA089F18175CED7BE484E452EA8.d.24BFDBBDCCF01EF8CB70A18DCBB43CFF.e.8685/click - {}
RESULT: {}
RESULT: {}
COMMAND: GET /session/3247b862f9661e1dad05ca414f9e55ea/screenshot - {}
RESULT: {}
COMMAND: POST /session/3247b862f9661e1dad05ca414f9e55ea/execute/async - {"script":"<script> [1562 bytes]","args":[{"selector":{"id":"application-managesites-display-component---NewSite--addressEditDetailsCostObjectCstType-arrow"},"wdio_ui5_key":"applicationmanagesites-display-component---NewSite--addressEditDetailsCostObjectCstType-arrow"}]}
RESULT: {"script":"<script> [1562 bytes]","args":[{"selector":{"id":"application-managesites-display-component---NewSite--addressEditDetailsCostObjectCstType-arrow"},"wdio_ui5_key":"applicationmanagesites-display-component---NewSite--addressEditDetailsCostObjectCstType-arrow"}]}
RESULT: undefined
COMMAND: POST /session/3247b862f9661e1dad05ca414f9e55ea/element - {"using":"xpath","value":"//*[@id=\"application-managesites-display-component---NewSite--addressEditDetailsCostObjectCstType-arrow\"]"}
RESULT: {"using":"xpath","value":"//*[@id=\"application-managesites-display-component---NewSite--addressEditDetailsCostObjectCstType-arrow\"]"}
COMMAND: POST /session/3247b862f9661e1dad05ca414f9e55ea/element/f.BF6F4EA089F18175CED7BE484E452EA8.d.24BFDBBDCCF01EF8CB70A18DCBB43CFF.e.8687/click - {}
RESULT: {}
COMMAND: POST /session/3247b862f9661e1dad05ca414f9e55ea/element - {"using":"xpath","value":"//span[contains(text(), \"Cost Center\")]"}
COMMAND: GET /session/3247b862f9661e1dad05ca414f9e55ea/screenshot - {}
RESULT: {"using":"xpath","value":"//span[contains(text(), \"Cost Center\")]"}
COMMAND: POST /session/3247b862f9661e1dad05ca414f9e55ea/element/f.BF6F4EA089F18175CED7BE484E452EA8.d.24BFDBBDCCF01EF8CB70A18DCBB43CFF.e.8689/click - {}
RESULT: {}
RESULT: {}
COMMAND: GET /session/3247b862f9661e1dad05ca414f9e55ea/screenshot - {}
RESULT: {}
COMMAND: POST /session/3247b862f9661e1dad05ca414f9e55ea/element - {"using":"xpath","value":"//span[@id=\"application-managesites-display-component---NewSite--addressNewCostObjectCstID-vhi\"]"}
RESULT: {"using":"xpath","value":"//span[@id=\"application-managesites-display-component---NewSite--addressNewCostObjectCstID-vhi\"]"}
COMMAND: POST /session/3247b862f9661e1dad05ca414f9e55ea/execute/sync - {"script":"<script> [8489 bytes]","args":[{"element-6066-11e4-a52e-4f735466cecf":"f.BF6F4EA089F18175CED7BE484E452EA8.d.24BFDBBDCCF01EF8CB70A18DCBB43CFF.e.8693","ELEMENT":"f.BF6F4EA089F18175CED7BE484E452EA8.d.24BFDBBDCCF01EF8CB70A18DCBB43CFF.e.8693"}]}
RESULT: {"script":"<script> [8489 bytes]","args":[{"element-6066-11e4-a52e-4f735466cecf":"f.BF6F4EA089F18175CED7BE484E452EA8.d.24BFDBBDCCF01EF8CB70A18DCBB43CFF.e.8693","ELEMENT":"f.BF6F4EA089F18175CED7BE484E452EA8.d.24BFDBBDCCF01EF8CB70A18DCBB43CFF.e.8693"}]}
COMMAND: POST /session/3247b862f9661e1dad05ca414f9e55ea/execute/async - {"script":"<script> [1562 bytes]","args":[{"selector":{"id":"application-managesites-display-component---NewSite--addressNewCostObjectCstID-vhi"},"wdio_ui5_key":"applicationmanagesites-display-component---NewSite--addressNewCostObjectCstID-vhi"}]}
COMMAND: GET /session/3247b862f9661e1dad05ca414f9e55ea/screenshot - {}
RESULT: {"script":"<script> [1562 bytes]","args":[{"selector":{"id":"application-managesites-display-component---NewSite--addressNewCostObjectCstID-vhi"},"wdio_ui5_key":"applicationmanagesites-display-component---NewSite--addressNewCostObjectCstID-vhi"}]}
RESULT: undefined
COMMAND: POST /session/3247b862f9661e1dad05ca414f9e55ea/element - {"using":"xpath","value":"//*[@id=\"application-managesites-display-component---NewSite--addressNewCostObjectCstID-vhi\"]"}
RESULT: {}
RESULT: {"using":"xpath","value":"//*[@id=\"application-managesites-display-component---NewSite--addressNewCostObjectCstID-vhi\"]"}
COMMAND: POST /session/3247b862f9661e1dad05ca414f9e55ea/element/f.BF6F4EA089F18175CED7BE484E452EA8.d.24BFDBBDCCF01EF8CB70A18DCBB43CFF.e.8693/click - {}
RESULT: {}
COMMAND: GET /session/3247b862f9661e1dad05ca414f9e55ea/screenshot - {}
RESULT: {}
RESULT: undefined
COMMAND: POST /session/3247b862f9661e1dad05ca414f9e55ea/execute/async - {"script":"<script> [776 bytes]","args":[{"enterText":"10001013","selector":{"controlType":"sap.m.SearchField","properties":{"placeholder":"Search"},"searchOpenDialogs":true,"interaction":{"idSuffix":"I"}},"clearTextFirst":true,"interactionType":"ENTER_TEXT"}]}
RESULT: {"script":"<script> [776 bytes]","args":[{"enterText":"10001013","selector":{"controlType":"sap.m.SearchField","properties":{"placeholder":"Search"},"searchOpenDialogs":true,"interaction":{"idSuffix":"I"}},"clearTextFirst":true,"interactionType":"ENTER_TEXT"}]}
COMMAND: POST /session/3247b862f9661e1dad05ca414f9e55ea/actions - {"actions":[{"id":"action25","type":"key","parameters":{},"actions":[{"type":"keyDown","value":"î€‡"},{"type":"pause","duration":10},{"type":"keyUp","value":"î€‡"}]}]}
RESULT: {"actions":[{"id":"action25","type":"key","parameters":{},"actions":[{"type":"keyDown","value":"î€‡"},{"type":"pause","duration":10},{"type":"keyUp","value":"î€‡"}]}]}
COMMAND: GET /session/3247b862f9661e1dad05ca414f9e55ea/screenshot - {}
RESULT: {}
COMMAND: POST /session/3247b862f9661e1dad05ca414f9e55ea/element - {"using":"xpath","value":"//span[contains(text(), \"General Management\")]"}
RESULT: {"using":"xpath","value":"//span[contains(text(), \"General Management\")]"}
COMMAND: POST /session/3247b862f9661e1dad05ca414f9e55ea/element/f.BF6F4EA089F18175CED7BE484E452EA8.d.24BFDBBDCCF01EF8CB70A18DCBB43CFF.e.8732/click - {}
RESULT: {}
COMMAND: GET /session/3247b862f9661e1dad05ca414f9e55ea/screenshot - {}
RESULT: {}
COMMAND: POST /session/3247b862f9661e1dad05ca414f9e55ea/element - {"using":"xpath","value":"//bdi[contains(text(), \"OK\")]"}
RESULT: {"using":"xpath","value":"//bdi[contains(text(), \"OK\")]"}
COMMAND: POST /session/3247b862f9661e1dad05ca414f9e55ea/element/f.BF6F4EA089F18175CED7BE484E452EA8.d.24BFDBBDCCF01EF8CB70A18DCBB43CFF.e.8733/click - {}
RESULT: {}
COMMAND: GET /session/3247b862f9661e1dad05ca414f9e55ea/screenshot - {}
RESULT: {}
COMMAND: POST /session/3247b862f9661e1dad05ca414f9e55ea/element - {"using":"xpath","value":"//input[@id=\"application-managesites-display-component---NewSite--addressDetailDetailsCalendar-inner\"]"}
RESULT: {"using":"xpath","value":"//input[@id=\"application-managesites-display-component---NewSite--addressDetailDetailsCalendar-inner\"]"}
COMMAND: POST /session/3247b862f9661e1dad05ca414f9e55ea/element/f.BF6F4EA089F18175CED7BE484E452EA8.d.24BFDBBDCCF01EF8CB70A18DCBB43CFF.e.8486/clear - {}
RESULT: {}
COMMAND: POST /session/3247b862f9661e1dad05ca414f9e55ea/element/f.BF6F4EA089F18175CED7BE484E452EA8.d.24BFDBBDCCF01EF8CB70A18DCBB43CFF.e.8486/value - {"text":"Unit"}
COMMAND: GET /session/3247b862f9661e1dad05ca414f9e55ea/screenshot - {}
RESULT: {"text":"Unit"}
COMMAND: GET /session/3247b862f9661e1dad05ca414f9e55ea/screenshot - {}
RESULT: {}
RESULT: {}
COMMAND: POST /session/3247b862f9661e1dad05ca414f9e55ea/actions - {"actions":[{"id":"action26","type":"key","parameters":{},"actions":[{"type":"keyDown","value":"î€‡"},{"type":"pause","duration":10},{"type":"keyUp","value":"î€‡"}]}]}
RESULT: {"actions":[{"id":"action26","type":"key","parameters":{},"actions":[{"type":"keyDown","value":"î€‡"},{"type":"pause","duration":10},{"type":"keyUp","value":"î€‡"}]}]}
COMMAND: POST /session/3247b862f9661e1dad05ca414f9e55ea/element - {"using":"xpath","value":"//input[@id=\"application-managesites-display-component---NewSite--addressDetailDetailsYard-inner\"]"}
COMMAND: GET /session/3247b862f9661e1dad05ca414f9e55ea/screenshot - {}
RESULT: {"using":"xpath","value":"//input[@id=\"application-managesites-display-component---NewSite--addressDetailDetailsYard-inner\"]"}
COMMAND: POST /session/3247b862f9661e1dad05ca414f9e55ea/element/f.BF6F4EA089F18175CED7BE484E452EA8.d.24BFDBBDCCF01EF8CB70A18DCBB43CFF.e.8487/clear - {}
RESULT: {}
RESULT: {}
COMMAND: POST /session/3247b862f9661e1dad05ca414f9e55ea/element/f.BF6F4EA089F18175CED7BE484E452EA8.d.24BFDBBDCCF01EF8CB70A18DCBB43CFF.e.8487/value - {"text":"600"}
COMMAND: GET /session/3247b862f9661e1dad05ca414f9e55ea/screenshot - {}
RESULT: {"text":"600"}
COMMAND: GET /session/3247b862f9661e1dad05ca414f9e55ea/screenshot - {}
RESULT: {}
RESULT: {}
COMMAND: POST /session/3247b862f9661e1dad05ca414f9e55ea/element - {"using":"xpath","value":"//li[.//span[text()='600']]"}
RESULT: {"using":"xpath","value":"//li[.//span[text()='600']]"}
COMMAND: POST /session/3247b862f9661e1dad05ca414f9e55ea/element/f.BF6F4EA089F18175CED7BE484E452EA8.d.24BFDBBDCCF01EF8CB70A18DCBB43CFF.e.8741/click - {}
RESULT: {}
COMMAND: GET /session/3247b862f9661e1dad05ca414f9e55ea/screenshot - {}
RESULT: {}
COMMAND: POST /session/3247b862f9661e1dad05ca414f9e55ea/element - {"using":"xpath","value":"//input[@id=\"application-managesites-display-component---NewSite--addressDetailDetailsPartner-inner\"]"}
RESULT: {"using":"xpath","value":"//input[@id=\"application-managesites-display-component---NewSite--addressDetailDetailsPartner-inner\"]"}
COMMAND: POST /session/3247b862f9661e1dad05ca414f9e55ea/element - {"using":"xpath","value":"//input[@id=\"application-managesites-display-component---NewSite--addressDetailDetailsPartner-inner\"]"}
RESULT: {"using":"xpath","value":"//input[@id=\"application-managesites-display-component---NewSite--addressDetailDetailsPartner-inner\"]"}
COMMAND: POST /session/3247b862f9661e1dad05ca414f9e55ea/element - {"using":"xpath","value":"//button[@data-kt=\"saveButton\"]"}
RESULT: {"using":"xpath","value":"//button[@data-kt=\"saveButton\"]"}
COMMAND: POST /session/3247b862f9661e1dad05ca414f9e55ea/element/f.BF6F4EA089F18175CED7BE484E452EA8.d.24BFDBBDCCF01EF8CB70A18DCBB43CFF.e.8621/click - {}
RESULT: {}
COMMAND: GET /session/3247b862f9661e1dad05ca414f9e55ea/screenshot - {}
RESULT: {}
COMMAND: POST /session/3247b862f9661e1dad05ca414f9e55ea/element - {"using":"xpath","value":"//header[contains(@id, 'ObjectPageLayout-headerTitle')]/div[1]/div[2]/div[2]/span[1]"}
RESULT: {"using":"xpath","value":"//header[contains(@id, 'ObjectPageLayout-headerTitle')]/div[1]/div[2]/div[2]/span[1]"}
COMMAND: POST /session/3247b862f9661e1dad05ca414f9e55ea/elements - {"using":"xpath","value":"//header[contains(@id, 'ObjectPageLayout-headerTitle')]/div[1]/div[2]/div[2]/span[1]"}
RESULT: {"using":"xpath","value":"//header[contains(@id, 'ObjectPageLayout-headerTitle')]/div[1]/div[2]/div[2]/span[1]"}
COMMAND: POST /session/3247b862f9661e1dad05ca414f9e55ea/execute/sync - {"script":"<script> [56 bytes]","args":[{"element-6066-11e4-a52e-4f735466cecf":"f.BF6F4EA089F18175CED7BE484E452EA8.d.24BFDBBDCCF01EF8CB70A18DCBB43CFF.e.8948","ELEMENT":"f.BF6F4EA089F18175CED7BE484E452EA8.d.24BFDBBDCCF01EF8CB70A18DCBB43CFF.e.8948"}]}
RESULT: {"script":"<script> [56 bytes]","args":[{"element-6066-11e4-a52e-4f735466cecf":"f.BF6F4EA089F18175CED7BE484E452EA8.d.24BFDBBDCCF01EF8CB70A18DCBB43CFF.e.8948","ELEMENT":"f.BF6F4EA089F18175CED7BE484E452EA8.d.24BFDBBDCCF01EF8CB70A18DCBB43CFF.e.8948"}]}
COMMAND: POST /session/3247b862f9661e1dad05ca414f9e55ea/element - {"using":"css selector","value":"#shell-header-logo"}
COMMAND: GET /session/3247b862f9661e1dad05ca414f9e55ea/screenshot - {}
RESULT: {"using":"css selector","value":"#shell-header-logo"}
COMMAND: POST /session/3247b862f9661e1dad05ca414f9e55ea/element/f.BF6F4EA089F18175CED7BE484E452EA8.d.24BFDBBDCCF01EF8CB70A18DCBB43CFF.e.8241/click - {}
RESULT: {}
RESULT: {}
COMMAND: GET /session/3247b862f9661e1dad05ca414f9e55ea/screenshot - {}
RESULT: {}
COMMAND: POST /session/3247b862f9661e1dad05ca414f9e55ea/execute/sync - {"script":"<script> [299 bytes]","args":[["getModel","getResource"]]}
RESULT: {"script":"<script> [299 bytes]","args":[["getModel","getResource"]]}
COMMAND: POST /session/3247b862f9661e1dad05ca414f9e55ea/actions - {"actions":[{"id":"action27","type":"key","parameters":{},"actions":[{"type":"keyDown","value":"î€‡"},{"type":"pause","duration":10},{"type":"keyUp","value":"î€‡"}]}]}
COMMAND: GET /session/3247b862f9661e1dad05ca414f9e55ea/screenshot - {}
RESULT: {"actions":[{"id":"action27","type":"key","parameters":{},"actions":[{"type":"keyDown","value":"î€‡"},{"type":"pause","duration":10},{"type":"keyUp","value":"î€‡"}]}]}
COMMAND: GET /session/3247b862f9661e1dad05ca414f9e55ea/screenshot - {}
RESULT: {}
RESULT: {}
COMMAND: POST /session/3247b862f9661e1dad05ca414f9e55ea/refresh - {}
RESULT: {}
COMMAND: GET /session/3247b862f9661e1dad05ca414f9e55ea/screenshot - {}
RESULT: {}
COMMAND: POST /session/3247b862f9661e1dad05ca414f9e55ea/refresh - {}
RESULT: {}
COMMAND: GET /session/3247b862f9661e1dad05ca414f9e55ea/screenshot - {}
RESULT: {}
COMMAND: POST /session/3247b862f9661e1dad05ca414f9e55ea/window/fullscreen - {}
RESULT: {}
COMMAND: POST /session/3247b862f9661e1dad05ca414f9e55ea/execute/async - {"script":"<script> [189 bytes]","args":[]}
RESULT: {"script":"<script> [189 bytes]","args":[]}
COMMAND: POST /session/3247b862f9661e1dad05ca414f9e55ea/execute/async - {"script":"<script> [123 bytes]","args":[]}
RESULT: {"script":"<script> [123 bytes]","args":[]}
COMMAND: POST /session/3247b862f9661e1dad05ca414f9e55ea/timeouts - {"script":"<number>"}
RESULT: {"script":"<number>"}
COMMAND: GET /session/3247b862f9661e1dad05ca414f9e55ea/timeouts - {}
RESULT: {}
RESULT: undefined
COMMAND: POST /session/3247b862f9661e1dad05ca414f9e55ea/execute/async - {"script":"<script> [2676 bytes]","args":[]}
RESULT: {"script":"<script> [2676 bytes]","args":[]}
COMMAND: POST /session/3247b862f9661e1dad05ca414f9e55ea/execute/async - {"script":"<script> [2342 bytes]","args":[{"protocol":"http","hostname":"0.0.0.0","path":"/","capabilities":{"browserName":"chrome","goog:chromeOptions":{"binary":"C:\\Program Files\\Google\\Chrome\\Application\\chrome.exe","args":["--start-maximized"]}},"logLevel":"warn","connectionRetryTimeout":120000,"connectionRetryCount":3,"logLevels":{},"enableDirectConnect":true,"strictSSL":true,"_":"65 more keys: [\"cacheDir\",\"port\",\"requestedCapabilities\",\"automationProtocol\",\"baseUrl\",\"waitforInterval\",\"waitforTimeout\",\"onReload\",\"beforeCommand\",\"afterCommand\",\"rootDir\",\"specs\",\"suites\",\"exclude\",\"groupLogsByTestSpec\",\"excludeDriverLogs\",\"bail\",\"framework\",\"reporters\",\"services\",\"maxInstances\",\"maxInstancesPerCapability\",\"injectGlobals\",\"filesToWatch\",\"execArgv\",\"runnerEnv\",\"runner\",\"shard\",\"specFileRetries\",\"specFileRetriesDelay\",\"specFileRetriesDeferred\",\"reporterSyncInterval\",\"reporterSyncTimeout\",\"cucumberFeaturesWithLineNumbers\",\"autoCompileOpts\",\"mochaOpts\",\"jasmineOpts\",\"cucumberOpts\",\"onPrepare\",\"onWorkerStart\",\"onWorkerEnd\",\"before\",\"beforeSession\",\"beforeSuite\",\"beforeHook\",\"beforeTest\",\"afterTest\",\"afterHook\",\"afterSuite\",\"afterSession\",\"after\",\"onComplete\",\"beforeAssertion\",\"afterAssertion\",\"beforeFeature\",\"beforeScenario\",\"beforeStep\",\"afterStep\",\"afterScenario\",\"afterFeature\",\"_\",\"suite\",\"$0\",\"ignoredWorkerServices\",\"wdi5\"]"}]}
RESULT: {"script":"<script> [2342 bytes]","args":[{"protocol":"http","hostname":"0.0.0.0","path":"/","capabilities":{"browserName":"chrome","goog:chromeOptions":{"binary":"C:\\Program Files\\Google\\Chrome\\Application\\chrome.exe","args":["--start-maximized"]}},"logLevel":"warn","connectionRetryTimeout":120000,"connectionRetryCount":3,"logLevels":{},"enableDirectConnect":true,"strictSSL":true,"_":"65 more keys: [\"cacheDir\",\"port\",\"requestedCapabilities\",\"automationProtocol\",\"baseUrl\",\"waitforInterval\",\"waitforTimeout\",\"onReload\",\"beforeCommand\",\"afterCommand\",\"rootDir\",\"specs\",\"suites\",\"exclude\",\"groupLogsByTestSpec\",\"excludeDriverLogs\",\"bail\",\"framework\",\"reporters\",\"services\",\"maxInstances\",\"maxInstancesPerCapability\",\"injectGlobals\",\"filesToWatch\",\"execArgv\",\"runnerEnv\",\"runner\",\"shard\",\"specFileRetries\",\"specFileRetriesDelay\",\"specFileRetriesDeferred\",\"reporterSyncInterval\",\"reporterSyncTimeout\",\"cucumberFeaturesWithLineNumbers\",\"autoCompileOpts\",\"mochaOpts\",\"jasmineOpts\",\"cucumberOpts\",\"onPrepare\",\"onWorkerStart\",\"onWorkerEnd\",\"before\",\"beforeSession\",\"beforeSuite\",\"beforeHook\",\"beforeTest\",\"afterTest\",\"afterHook\",\"afterSuite\",\"afterSession\",\"after\",\"onComplete\",\"beforeAssertion\",\"afterAssertion\",\"beforeFeature\",\"beforeScenario\",\"beforeStep\",\"afterStep\",\"afterScenario\",\"afterFeature\",\"_\",\"suite\",\"$0\",\"ignoredWorkerServices\",\"wdi5\"]"}]}
COMMAND: POST /session/3247b862f9661e1dad05ca414f9e55ea/execute/async - {"script":"<script> [21126 bytes]","args":[35000]}
RESULT: {"script":"<script> [21126 bytes]","args":[35000]}
COMMAND: POST /session/3247b862f9661e1dad05ca414f9e55ea/window/fullscreen - {}
RESULT: {}
]]></system-out>
    </testcase>
    <testcase classname="chrome.136_0_7103_93.windows.Create_master_data_for_mixed_billing_&amp;_do_billing_calculation_US151661" name="Should create a new equipment and add a counter to it" time="156.228">
      <system-out><![CDATA[
COMMAND: POST /session/3247b862f9661e1dad05ca414f9e55ea/execute/async - {"script":"<script> [1562 bytes]","args":[{"selector":{"controlType":"sap.m.GenericTile","properties":{"header":"Manage Resources"}},"wdio_ui5_key":"sapm.GenericTile{\"header\":\"Manage Resources\"}"}]}
RESULT: {"script":"<script> [1562 bytes]","args":[{"selector":{"controlType":"sap.m.GenericTile","properties":{"header":"Manage Resources"}},"wdio_ui5_key":"sapm.GenericTile{\"header\":\"Manage Resources\"}"}]}
RESULT: undefined
COMMAND: POST /session/3247b862f9661e1dad05ca414f9e55ea/element - {"using":"xpath","value":"//*[@id=\"__tile31\"]"}
RESULT: {"using":"xpath","value":"//*[@id=\"__tile31\"]"}
COMMAND: POST /session/3247b862f9661e1dad05ca414f9e55ea/element/f.BF6F4EA089F18175CED7BE484E452EA8.d.84C31930FDF94244653E1ECA3115CDE4.e.9021/click - {}
RESULT: {}
COMMAND: GET /session/3247b862f9661e1dad05ca414f9e55ea/screenshot - {}
RESULT: {}
COMMAND: POST /session/3247b862f9661e1dad05ca414f9e55ea/elements - {"using":"xpath","value":"//span[text()='Error']"}
RESULT: {"using":"xpath","value":"//span[text()='Error']"}
COMMAND: POST /session/3247b862f9661e1dad05ca414f9e55ea/element - {"using":"xpath","value":"//button[@data-kt=\"addNewRUOverflowToolbarButton\"]"}
RESULT: {"using":"xpath","value":"//button[@data-kt=\"addNewRUOverflowToolbarButton\"]"}
COMMAND: POST /session/3247b862f9661e1dad05ca414f9e55ea/elements - {"using":"xpath","value":"//button[@data-kt=\"addNewRUOverflowToolbarButton\"]"}
RESULT: {"using":"xpath","value":"//button[@data-kt=\"addNewRUOverflowToolbarButton\"]"}
COMMAND: POST /session/3247b862f9661e1dad05ca414f9e55ea/execute/sync - {"script":"<script> [8489 bytes]","args":[{"element-6066-11e4-a52e-4f735466cecf":"f.BF6F4EA089F18175CED7BE484E452EA8.d.84C31930FDF94244653E1ECA3115CDE4.e.9140","ELEMENT":"f.BF6F4EA089F18175CED7BE484E452EA8.d.84C31930FDF94244653E1ECA3115CDE4.e.9140"}]}
RESULT: {"script":"<script> [8489 bytes]","args":[{"element-6066-11e4-a52e-4f735466cecf":"f.BF6F4EA089F18175CED7BE484E452EA8.d.84C31930FDF94244653E1ECA3115CDE4.e.9140","ELEMENT":"f.BF6F4EA089F18175CED7BE484E452EA8.d.84C31930FDF94244653E1ECA3115CDE4.e.9140"}]}
COMMAND: GET /session/3247b862f9661e1dad05ca414f9e55ea/element/f.BF6F4EA089F18175CED7BE484E452EA8.d.84C31930FDF94244653E1ECA3115CDE4.e.9140/enabled - {}
COMMAND: GET /session/3247b862f9661e1dad05ca414f9e55ea/screenshot - {}
RESULT: {}
COMMAND: POST /session/3247b862f9661e1dad05ca414f9e55ea/execute/sync - {"script":"<script> [8489 bytes]","args":[{"element-6066-11e4-a52e-4f735466cecf":"f.BF6F4EA089F18175CED7BE484E452EA8.d.84C31930FDF94244653E1ECA3115CDE4.e.9140","ELEMENT":"f.BF6F4EA089F18175CED7BE484E452EA8.d.84C31930FDF94244653E1ECA3115CDE4.e.9140"}]}
COMMAND: GET /session/3247b862f9661e1dad05ca414f9e55ea/screenshot - {}
RESULT: {}
RESULT: {"script":"<script> [8489 bytes]","args":[{"element-6066-11e4-a52e-4f735466cecf":"f.BF6F4EA089F18175CED7BE484E452EA8.d.84C31930FDF94244653E1ECA3115CDE4.e.9140","ELEMENT":"f.BF6F4EA089F18175CED7BE484E452EA8.d.84C31930FDF94244653E1ECA3115CDE4.e.9140"}]}
COMMAND: POST /session/3247b862f9661e1dad05ca414f9e55ea/execute/sync - {"script":"<script> [5351 bytes]","args":[{"element-6066-11e4-a52e-4f735466cecf":"f.BF6F4EA089F18175CED7BE484E452EA8.d.84C31930FDF94244653E1ECA3115CDE4.e.9140","ELEMENT":"f.BF6F4EA089F18175CED7BE484E452EA8.d.84C31930FDF94244653E1ECA3115CDE4.e.9140"}]}
COMMAND: GET /session/3247b862f9661e1dad05ca414f9e55ea/screenshot - {}
RESULT: {}
RESULT: {"script":"<script> [5351 bytes]","args":[{"element-6066-11e4-a52e-4f735466cecf":"f.BF6F4EA089F18175CED7BE484E452EA8.d.84C31930FDF94244653E1ECA3115CDE4.e.9140","ELEMENT":"f.BF6F4EA089F18175CED7BE484E452EA8.d.84C31930FDF94244653E1ECA3115CDE4.e.9140"}]}
COMMAND: POST /session/3247b862f9661e1dad05ca414f9e55ea/element/f.BF6F4EA089F18175CED7BE484E452EA8.d.84C31930FDF94244653E1ECA3115CDE4.e.9140/click - {}
COMMAND: GET /session/3247b862f9661e1dad05ca414f9e55ea/screenshot - {}
RESULT: {}
RESULT: {}
COMMAND: GET /session/3247b862f9661e1dad05ca414f9e55ea/screenshot - {}
RESULT: {}
RESULT: {}
COMMAND: POST /session/3247b862f9661e1dad05ca414f9e55ea/execute/async - {"script":"<script> [1562 bytes]","args":[{"selector":{"id":"application-manageresources-display-component---newResourceUnit--TYPE-arrow"},"wdio_ui5_key":"applicationmanageresources-display-component---newResourceUnit--TYPE-arrow"}]}
RESULT: {"script":"<script> [1562 bytes]","args":[{"selector":{"id":"application-manageresources-display-component---newResourceUnit--TYPE-arrow"},"wdio_ui5_key":"applicationmanageresources-display-component---newResourceUnit--TYPE-arrow"}]}
RESULT: undefined
COMMAND: POST /session/3247b862f9661e1dad05ca414f9e55ea/element - {"using":"xpath","value":"//*[@id=\"application-manageresources-display-component---newResourceUnit--TYPE-arrow\"]"}
RESULT: {"using":"xpath","value":"//*[@id=\"application-manageresources-display-component---newResourceUnit--TYPE-arrow\"]"}
COMMAND: POST /session/3247b862f9661e1dad05ca414f9e55ea/element/f.BF6F4EA089F18175CED7BE484E452EA8.d.84C31930FDF94244653E1ECA3115CDE4.e.9497/click - {}
RESULT: {}
COMMAND: POST /session/3247b862f9661e1dad05ca414f9e55ea/element - {"using":"xpath","value":"//input[@id=\"application-manageresources-display-component---newResourceUnit--TYPE-inner\"]"}
COMMAND: GET /session/3247b862f9661e1dad05ca414f9e55ea/screenshot - {}
RESULT: {"using":"xpath","value":"//input[@id=\"application-manageresources-display-component---newResourceUnit--TYPE-inner\"]"}
COMMAND: POST /session/3247b862f9661e1dad05ca414f9e55ea/element/f.BF6F4EA089F18175CED7BE484E452EA8.d.84C31930FDF94244653E1ECA3115CDE4.e.9478/clear - {}
RESULT: {}
RESULT: {}
COMMAND: POST /session/3247b862f9661e1dad05ca414f9e55ea/element/f.BF6F4EA089F18175CED7BE484E452EA8.d.84C31930FDF94244653E1ECA3115CDE4.e.9478/value - {"text":"Equipment"}
COMMAND: GET /session/3247b862f9661e1dad05ca414f9e55ea/screenshot - {}
RESULT: {"text":"Equipment"}
COMMAND: GET /session/3247b862f9661e1dad05ca414f9e55ea/screenshot - {}
RESULT: {}
RESULT: {}
COMMAND: POST /session/3247b862f9661e1dad05ca414f9e55ea/actions - {"actions":[{"id":"action28","type":"key","parameters":{},"actions":[{"type":"keyDown","value":"î€‡"},{"type":"pause","duration":10},{"type":"keyUp","value":"î€‡"}]}]}
RESULT: {"actions":[{"id":"action28","type":"key","parameters":{},"actions":[{"type":"keyDown","value":"î€‡"},{"type":"pause","duration":10},{"type":"keyUp","value":"î€‡"}]}]}
COMMAND: POST /session/3247b862f9661e1dad05ca414f9e55ea/execute/async - {"script":"<script> [1562 bytes]","args":[{"selector":{"id":"application-manageresources-display-component---newResourceUnit--resourceId","interaction":{"idSuffix":"inner"}},"wdio_ui5_key":"applicationmanageresources-display-component---newResourceUnit--resourceId"}]}
COMMAND: GET /session/3247b862f9661e1dad05ca414f9e55ea/screenshot - {}
RESULT: {"script":"<script> [1562 bytes]","args":[{"selector":{"id":"application-manageresources-display-component---newResourceUnit--resourceId","interaction":{"idSuffix":"inner"}},"wdio_ui5_key":"applicationmanageresources-display-component---newResourceUnit--resourceId"}]}
RESULT: undefined
COMMAND: POST /session/3247b862f9661e1dad05ca414f9e55ea/execute/async - {"script":"<script> [776 bytes]","args":[{"enterText":"1do9StutHf","selector":{"id":"application-manageresources-display-component---newResourceUnit--resourceId","interaction":{"idSuffix":"inner"}},"clearTextFirst":true,"interactionType":"ENTER_TEXT"}]}
RESULT: {}
RESULT: {"script":"<script> [776 bytes]","args":[{"enterText":"1do9StutHf","selector":{"id":"application-manageresources-display-component---newResourceUnit--resourceId","interaction":{"idSuffix":"inner"}},"clearTextFirst":true,"interactionType":"ENTER_TEXT"}]}
COMMAND: POST /session/3247b862f9661e1dad05ca414f9e55ea/execute/async - {"script":"<script> [1562 bytes]","args":[{"selector":{"id":"application-manageresources-display-component---newResourceUnit--SHORT_TEXT","interaction":{"idSuffix":"inner"}},"wdio_ui5_key":"applicationmanageresources-display-component---newResourceUnit--SHORT_TEXT"}]}
RESULT: {"script":"<script> [1562 bytes]","args":[{"selector":{"id":"application-manageresources-display-component---newResourceUnit--SHORT_TEXT","interaction":{"idSuffix":"inner"}},"wdio_ui5_key":"applicationmanageresources-display-component---newResourceUnit--SHORT_TEXT"}]}
RESULT: undefined
COMMAND: POST /session/3247b862f9661e1dad05ca414f9e55ea/execute/async - {"script":"<script> [776 bytes]","args":[{"enterText":"Intercompany Equipment WDIO","selector":{"id":"application-manageresources-display-component---newResourceUnit--SHORT_TEXT","interaction":{"idSuffix":"inner"}},"clearTextFirst":true,"interactionType":"ENTER_TEXT"}]}
RESULT: {"script":"<script> [776 bytes]","args":[{"enterText":"Intercompany Equipment WDIO","selector":{"id":"application-manageresources-display-component---newResourceUnit--SHORT_TEXT","interaction":{"idSuffix":"inner"}},"clearTextFirst":true,"interactionType":"ENTER_TEXT"}]}
COMMAND: POST /session/3247b862f9661e1dad05ca414f9e55ea/execute/async - {"script":"<script> [1562 bytes]","args":[{"selector":{"id":"application-manageresources-display-component---newResourceUnit--BASE_UNIT_OF_MEASURE","interaction":{"idSuffix":"inner"}},"wdio_ui5_key":"applicationmanageresources-display-component---newResourceUnit--BASE_UNIT_OF_MEASURE"}]}
RESULT: {"script":"<script> [1562 bytes]","args":[{"selector":{"id":"application-manageresources-display-component---newResourceUnit--BASE_UNIT_OF_MEASURE","interaction":{"idSuffix":"inner"}},"wdio_ui5_key":"applicationmanageresources-display-component---newResourceUnit--BASE_UNIT_OF_MEASURE"}]}
RESULT: undefined
COMMAND: POST /session/3247b862f9661e1dad05ca414f9e55ea/execute/async - {"script":"<script> [776 bytes]","args":[{"enterText":"Piece","selector":{"id":"application-manageresources-display-component---newResourceUnit--BASE_UNIT_OF_MEASURE","interaction":{"idSuffix":"inner"}},"clearTextFirst":true,"interactionType":"ENTER_TEXT"}]}
RESULT: {"script":"<script> [776 bytes]","args":[{"enterText":"Piece","selector":{"id":"application-manageresources-display-component---newResourceUnit--BASE_UNIT_OF_MEASURE","interaction":{"idSuffix":"inner"}},"clearTextFirst":true,"interactionType":"ENTER_TEXT"}]}
COMMAND: POST /session/3247b862f9661e1dad05ca414f9e55ea/execute/async - {"script":"<script> [1562 bytes]","args":[{"selector":{"id":"application-manageresources-display-component---newResourceUnit--WEIGHT_UNIT","interaction":{"idSuffix":"inner"}},"wdio_ui5_key":"applicationmanageresources-display-component---newResourceUnit--WEIGHT_UNIT"}]}
RESULT: {"script":"<script> [1562 bytes]","args":[{"selector":{"id":"application-manageresources-display-component---newResourceUnit--WEIGHT_UNIT","interaction":{"idSuffix":"inner"}},"wdio_ui5_key":"applicationmanageresources-display-component---newResourceUnit--WEIGHT_UNIT"}]}
RESULT: undefined
COMMAND: POST /session/3247b862f9661e1dad05ca414f9e55ea/execute/async - {"script":"<script> [776 bytes]","args":[{"enterText":"Gram","selector":{"id":"application-manageresources-display-component---newResourceUnit--WEIGHT_UNIT","interaction":{"idSuffix":"inner"}},"clearTextFirst":true,"interactionType":"ENTER_TEXT"}]}
RESULT: {"script":"<script> [776 bytes]","args":[{"enterText":"Gram","selector":{"id":"application-manageresources-display-component---newResourceUnit--WEIGHT_UNIT","interaction":{"idSuffix":"inner"}},"clearTextFirst":true,"interactionType":"ENTER_TEXT"}]}
COMMAND: POST /session/3247b862f9661e1dad05ca414f9e55ea/execute/async - {"script":"<script> [1562 bytes]","args":[{"selector":{"id":"application-manageresources-display-component---newResourceUnit--DIMENSION_UNIT","interaction":{"idSuffix":"inner"}},"wdio_ui5_key":"applicationmanageresources-display-component---newResourceUnit--DIMENSION_UNIT"}]}
RESULT: {"script":"<script> [1562 bytes]","args":[{"selector":{"id":"application-manageresources-display-component---newResourceUnit--DIMENSION_UNIT","interaction":{"idSuffix":"inner"}},"wdio_ui5_key":"applicationmanageresources-display-component---newResourceUnit--DIMENSION_UNIT"}]}
RESULT: undefined
COMMAND: POST /session/3247b862f9661e1dad05ca414f9e55ea/execute/async - {"script":"<script> [776 bytes]","args":[{"enterText":"Meter","selector":{"id":"application-manageresources-display-component---newResourceUnit--DIMENSION_UNIT","interaction":{"idSuffix":"inner"}},"clearTextFirst":true,"interactionType":"ENTER_TEXT"}]}
RESULT: {"script":"<script> [776 bytes]","args":[{"enterText":"Meter","selector":{"id":"application-manageresources-display-component---newResourceUnit--DIMENSION_UNIT","interaction":{"idSuffix":"inner"}},"clearTextFirst":true,"interactionType":"ENTER_TEXT"}]}
COMMAND: POST /session/3247b862f9661e1dad05ca414f9e55ea/execute/async - {"script":"<script> [1562 bytes]","args":[{"selector":{"id":"application-manageresources-display-component---newResourceUnit--newRRUPage-anchBar-application-manageresources-display-component---newResourceUnit--control-anchor","interaction":{"idSuffix":"BDI-content"}},"wdio_ui5_key":"applicationmanageresources-display-component---newResourceUnit--newRRUPage-anchBar-application-manageresources-display-component---newResourceUnit--control-anchor"}]}
RESULT: {"script":"<script> [1562 bytes]","args":[{"selector":{"id":"application-manageresources-display-component---newResourceUnit--newRRUPage-anchBar-application-manageresources-display-component---newResourceUnit--control-anchor","interaction":{"idSuffix":"BDI-content"}},"wdio_ui5_key":"applicationmanageresources-display-component---newResourceUnit--newRRUPage-anchBar-application-manageresources-display-component---newResourceUnit--control-anchor"}]}
RESULT: undefined
COMMAND: POST /session/3247b862f9661e1dad05ca414f9e55ea/element - {"using":"xpath","value":"//*[@id=\"application-manageresources-display-component---newResourceUnit--newRRUPage-anchBar-application-manageresources-display-component---newResourceUnit--control-anchor\"]"}
RESULT: {"using":"xpath","value":"//*[@id=\"application-manageresources-display-component---newResourceUnit--newRRUPage-anchBar-application-manageresources-display-component---newResourceUnit--control-anchor\"]"}
COMMAND: POST /session/3247b862f9661e1dad05ca414f9e55ea/element/f.BF6F4EA089F18175CED7BE484E452EA8.d.84C31930FDF94244653E1ECA3115CDE4.e.9630/click - {}
RESULT: {}
COMMAND: POST /session/3247b862f9661e1dad05ca414f9e55ea/execute/async - {"script":"<script> [1562 bytes]","args":[{"selector":{"id":"application-manageresources-display-component---newResourceUnit--PLANNING_GROUP","interaction":{"idSuffix":"inner"}},"wdio_ui5_key":"applicationmanageresources-display-component---newResourceUnit--PLANNING_GROUP"}]}
COMMAND: GET /session/3247b862f9661e1dad05ca414f9e55ea/screenshot - {}
RESULT: {"script":"<script> [1562 bytes]","args":[{"selector":{"id":"application-manageresources-display-component---newResourceUnit--PLANNING_GROUP","interaction":{"idSuffix":"inner"}},"wdio_ui5_key":"applicationmanageresources-display-component---newResourceUnit--PLANNING_GROUP"}]}
RESULT: undefined
COMMAND: POST /session/3247b862f9661e1dad05ca414f9e55ea/execute/async - {"script":"<script> [776 bytes]","args":[{"enterText":"Heavy Equi","selector":{"id":"application-manageresources-display-component---newResourceUnit--PLANNING_GROUP","interaction":{"idSuffix":"inner"}},"clearTextFirst":true,"interactionType":"ENTER_TEXT"}]}
RESULT: {}
RESULT: {"script":"<script> [776 bytes]","args":[{"enterText":"Heavy Equi","selector":{"id":"application-manageresources-display-component---newResourceUnit--PLANNING_GROUP","interaction":{"idSuffix":"inner"}},"clearTextFirst":true,"interactionType":"ENTER_TEXT"}]}
COMMAND: POST /session/3247b862f9661e1dad05ca414f9e55ea/execute/async - {"script":"<script> [1562 bytes]","args":[{"selector":{"id":"application-manageresources-display-component---newResourceUnit--ITEM_TYPE-arrow"},"wdio_ui5_key":"applicationmanageresources-display-component---newResourceUnit--ITEM_TYPE-arrow"}]}
RESULT: {"script":"<script> [1562 bytes]","args":[{"selector":{"id":"application-manageresources-display-component---newResourceUnit--ITEM_TYPE-arrow"},"wdio_ui5_key":"applicationmanageresources-display-component---newResourceUnit--ITEM_TYPE-arrow"}]}
RESULT: undefined
COMMAND: POST /session/3247b862f9661e1dad05ca414f9e55ea/element - {"using":"xpath","value":"//*[@id=\"application-manageresources-display-component---newResourceUnit--ITEM_TYPE-arrow\"]"}
RESULT: {"using":"xpath","value":"//*[@id=\"application-manageresources-display-component---newResourceUnit--ITEM_TYPE-arrow\"]"}
COMMAND: POST /session/3247b862f9661e1dad05ca414f9e55ea/element/f.BF6F4EA089F18175CED7BE484E452EA8.d.84C31930FDF94244653E1ECA3115CDE4.e.9639/click - {}
RESULT: {}
COMMAND: POST /session/3247b862f9661e1dad05ca414f9e55ea/element - {"using":"xpath","value":"(//span[contains(text(), \"Resource Unit\")])[2]"}
COMMAND: GET /session/3247b862f9661e1dad05ca414f9e55ea/screenshot - {}
RESULT: {"using":"xpath","value":"(//span[contains(text(), \"Resource Unit\")])[2]"}
COMMAND: POST /session/3247b862f9661e1dad05ca414f9e55ea/element/f.BF6F4EA089F18175CED7BE484E452EA8.d.84C31930FDF94244653E1ECA3115CDE4.e.9640/click - {}
RESULT: {}
RESULT: {}
COMMAND: GET /session/3247b862f9661e1dad05ca414f9e55ea/screenshot - {}
RESULT: {}
COMMAND: POST /session/3247b862f9661e1dad05ca414f9e55ea/element - {"using":"css selector","value":"#application-manageresources-display-component---newResourceUnit--btnAddTimeSegment"}
RESULT: {"using":"css selector","value":"#application-manageresources-display-component---newResourceUnit--btnAddTimeSegment"}
COMMAND: GET /session/3247b862f9661e1dad05ca414f9e55ea/element/f.BF6F4EA089F18175CED7BE484E452EA8.d.84C31930FDF94244653E1ECA3115CDE4.e.9641/rect - {}
RESULT: {}
COMMAND: GET /session/3247b862f9661e1dad05ca414f9e55ea/window/rect - {}
RESULT: {}
COMMAND: POST /session/3247b862f9661e1dad05ca414f9e55ea/execute/sync - {"script":"<script> [92 bytes]","args":[]}
RESULT: {"script":"<script> [92 bytes]","args":[]}
COMMAND: POST /session/3247b862f9661e1dad05ca414f9e55ea/actions - {"actions":[{"id":"action29","type":"wheel","parameters":{},"actions":[{"type":"scroll","x":-1888,"y":-32,"deltaX":0,"deltaY":0,"duration":0,"origin":{"element-6066-11e4-a52e-4f735466cecf":"f.BF6F4EA089F18175CED7BE484E452EA8.d.84C31930FDF94244653E1ECA3115CDE4.e.9641"}}]}]}
COMMAND: GET /session/3247b862f9661e1dad05ca414f9e55ea/screenshot - {}
RESULT: {}
COMMAND: POST /session/3247b862f9661e1dad05ca414f9e55ea/execute/sync - {"script":"<script> [79 bytes]","args":[{"element-6066-11e4-a52e-4f735466cecf":"f.BF6F4EA089F18175CED7BE484E452EA8.d.84C31930FDF94244653E1ECA3115CDE4.e.9641","ELEMENT":"f.BF6F4EA089F18175CED7BE484E452EA8.d.84C31930FDF94244653E1ECA3115CDE4.e.9641"},{"block":"start","inline":"nearest"}]}
RESULT: {"script":"<script> [79 bytes]","args":[{"element-6066-11e4-a52e-4f735466cecf":"f.BF6F4EA089F18175CED7BE484E452EA8.d.84C31930FDF94244653E1ECA3115CDE4.e.9641","ELEMENT":"f.BF6F4EA089F18175CED7BE484E452EA8.d.84C31930FDF94244653E1ECA3115CDE4.e.9641"},{"block":"start","inline":"nearest"}]}
COMMAND: POST /session/3247b862f9661e1dad05ca414f9e55ea/execute/async - {"script":"<script> [1562 bytes]","args":[{"selector":{"id":"application-manageresources-display-component---newResourceUnit--btnAddTimeSegment","interaction":{"idSuffix":"inner"}},"wdio_ui5_key":"applicationmanageresources-display-component---newResourceUnit--btnAddTimeSegment"}]}
COMMAND: GET /session/3247b862f9661e1dad05ca414f9e55ea/screenshot - {}
RESULT: {"script":"<script> [1562 bytes]","args":[{"selector":{"id":"application-manageresources-display-component---newResourceUnit--btnAddTimeSegment","interaction":{"idSuffix":"inner"}},"wdio_ui5_key":"applicationmanageresources-display-component---newResourceUnit--btnAddTimeSegment"}]}
RESULT: undefined
COMMAND: POST /session/3247b862f9661e1dad05ca414f9e55ea/element - {"using":"xpath","value":"//*[@id=\"application-manageresources-display-component---newResourceUnit--btnAddTimeSegment\"]"}
RESULT: {}
RESULT: {"using":"xpath","value":"//*[@id=\"application-manageresources-display-component---newResourceUnit--btnAddTimeSegment\"]"}
COMMAND: POST /session/3247b862f9661e1dad05ca414f9e55ea/element/f.BF6F4EA089F18175CED7BE484E452EA8.d.84C31930FDF94244653E1ECA3115CDE4.e.9641/click - {}
RESULT: {}
COMMAND: GET /session/3247b862f9661e1dad05ca414f9e55ea/screenshot - {}
RESULT: {}
COMMAND: POST /session/3247b862f9661e1dad05ca414f9e55ea/element - {"using":"xpath","value":"//input[@id=\"application-manageresources-display-component---newResourceUnit--idRuTSAdmin-application-manageresources-display-component---newResourceUnit--RUTimeSegment-0-inner\"]"}
RESULT: {"using":"xpath","value":"//input[@id=\"application-manageresources-display-component---newResourceUnit--idRuTSAdmin-application-manageresources-display-component---newResourceUnit--RUTimeSegment-0-inner\"]"}
COMMAND: POST /session/3247b862f9661e1dad05ca414f9e55ea/element/f.BF6F4EA089F18175CED7BE484E452EA8.d.84C31930FDF94244653E1ECA3115CDE4.e.9647/clear - {}
RESULT: {}
COMMAND: POST /session/3247b862f9661e1dad05ca414f9e55ea/element/f.BF6F4EA089F18175CED7BE484E452EA8.d.84C31930FDF94244653E1ECA3115CDE4.e.9647/value - {"text":"600"}
COMMAND: GET /session/3247b862f9661e1dad05ca414f9e55ea/screenshot - {}
RESULT: {"text":"600"}
COMMAND: GET /session/3247b862f9661e1dad05ca414f9e55ea/screenshot - {}
RESULT: {}
RESULT: {}
COMMAND: POST /session/3247b862f9661e1dad05ca414f9e55ea/element - {"using":"xpath","value":"//li[.//span[text()='600']]"}
RESULT: {"using":"xpath","value":"//li[.//span[text()='600']]"}
COMMAND: POST /session/3247b862f9661e1dad05ca414f9e55ea/element/f.BF6F4EA089F18175CED7BE484E452EA8.d.84C31930FDF94244653E1ECA3115CDE4.e.9659/click - {}
RESULT: {}
COMMAND: GET /session/3247b862f9661e1dad05ca414f9e55ea/screenshot - {}
RESULT: {}
COMMAND: POST /session/3247b862f9661e1dad05ca414f9e55ea/element - {"using":"xpath","value":"(//span[contains(@id, \"-application-manageresources-display-component---newResourceUnit--RUTimeSegment-0-arrow\")])[6]"}
RESULT: {"using":"xpath","value":"(//span[contains(@id, \"-application-manageresources-display-component---newResourceUnit--RUTimeSegment-0-arrow\")])[6]"}
COMMAND: POST /session/3247b862f9661e1dad05ca414f9e55ea/element/f.BF6F4EA089F18175CED7BE484E452EA8.d.84C31930FDF94244653E1ECA3115CDE4.e.9660/click - {}
RESULT: {}
COMMAND: GET /session/3247b862f9661e1dad05ca414f9e55ea/screenshot - {}
RESULT: {}
COMMAND: POST /session/3247b862f9661e1dad05ca414f9e55ea/element - {"using":"xpath","value":"//span[contains(text(), \"PM Order\")]"}
RESULT: {"using":"xpath","value":"//span[contains(text(), \"PM Order\")]"}
COMMAND: POST /session/3247b862f9661e1dad05ca414f9e55ea/element/f.BF6F4EA089F18175CED7BE484E452EA8.d.84C31930FDF94244653E1ECA3115CDE4.e.9663/click - {}
RESULT: {}
COMMAND: GET /session/3247b862f9661e1dad05ca414f9e55ea/screenshot - {}
RESULT: {}
COMMAND: POST /session/3247b862f9661e1dad05ca414f9e55ea/element - {"using":"xpath","value":"(//span[contains(@id ,\"manageresources-display-component---newResourceUnit--RUTimeSegment-0-vhi\")])[1]"}
RESULT: {"using":"xpath","value":"(//span[contains(@id ,\"manageresources-display-component---newResourceUnit--RUTimeSegment-0-vhi\")])[1]"}
COMMAND: GET /session/3247b862f9661e1dad05ca414f9e55ea/element/f.BF6F4EA089F18175CED7BE484E452EA8.d.84C31930FDF94244653E1ECA3115CDE4.e.9667/rect - {}
RESULT: {}
COMMAND: GET /session/3247b862f9661e1dad05ca414f9e55ea/window/rect - {}
RESULT: {}
COMMAND: POST /session/3247b862f9661e1dad05ca414f9e55ea/execute/sync - {"script":"<script> [92 bytes]","args":[]}
RESULT: {"script":"<script> [92 bytes]","args":[]}
COMMAND: POST /session/3247b862f9661e1dad05ca414f9e55ea/actions - {"actions":[{"id":"action30","type":"wheel","parameters":{},"actions":[{"type":"scroll","x":-869,"y":-24,"deltaX":0,"deltaY":0,"duration":0,"origin":{"element-6066-11e4-a52e-4f735466cecf":"f.BF6F4EA089F18175CED7BE484E452EA8.d.84C31930FDF94244653E1ECA3115CDE4.e.9667"}}]}]}
COMMAND: GET /session/3247b862f9661e1dad05ca414f9e55ea/screenshot - {}
RESULT: {"actions":[{"id":"action30","type":"wheel","parameters":{},"actions":[{"type":"scroll","x":-869,"y":-24,"deltaX":0,"deltaY":0,"duration":0,"origin":{"element-6066-11e4-a52e-4f735466cecf":"f.BF6F4EA089F18175CED7BE484E452EA8.d.84C31930FDF94244653E1ECA3115CDE4.e.9667"}}]}]}
COMMAND: DELETE /session/3247b862f9661e1dad05ca414f9e55ea/actions - {}
COMMAND: GET /session/3247b862f9661e1dad05ca414f9e55ea/screenshot - {}
RESULT: {}
RESULT: {}
COMMAND: GET /session/3247b862f9661e1dad05ca414f9e55ea/screenshot - {}
RESULT: {}
RESULT: {}
COMMAND: POST /session/3247b862f9661e1dad05ca414f9e55ea/element/f.BF6F4EA089F18175CED7BE484E452EA8.d.84C31930FDF94244653E1ECA3115CDE4.e.9667/click - {}
RESULT: {}
COMMAND: GET /session/3247b862f9661e1dad05ca414f9e55ea/screenshot - {}
RESULT: {}
COMMAND: POST /session/3247b862f9661e1dad05ca414f9e55ea/execute/async - {"script":"<script> [1562 bytes]","args":[{"selector":{"controlType":"sap.m.SearchField","properties":{"placeholder":"Search"},"searchOpenDialogs":true,"interaction":{"idSuffix":"I"}},"wdio_ui5_key":"sapm.SearchField{\"placeholder\":\"Search\"}"}]}
RESULT: {"script":"<script> [1562 bytes]","args":[{"selector":{"controlType":"sap.m.SearchField","properties":{"placeholder":"Search"},"searchOpenDialogs":true,"interaction":{"idSuffix":"I"}},"wdio_ui5_key":"sapm.SearchField{\"placeholder\":\"Search\"}"}]}
RESULT: undefined
COMMAND: POST /session/3247b862f9661e1dad05ca414f9e55ea/execute/async - {"script":"<script> [776 bytes]","args":[{"enterText":"4000360","selector":{"controlType":"sap.m.SearchField","properties":{"placeholder":"Search"},"searchOpenDialogs":true,"interaction":{"idSuffix":"I"}},"clearTextFirst":true,"interactionType":"ENTER_TEXT"}]}
RESULT: {"script":"<script> [776 bytes]","args":[{"enterText":"4000360","selector":{"controlType":"sap.m.SearchField","properties":{"placeholder":"Search"},"searchOpenDialogs":true,"interaction":{"idSuffix":"I"}},"clearTextFirst":true,"interactionType":"ENTER_TEXT"}]}
COMMAND: POST /session/3247b862f9661e1dad05ca414f9e55ea/actions - {"actions":[{"id":"action31","type":"key","parameters":{},"actions":[{"type":"keyDown","value":"î€‡"},{"type":"pause","duration":10},{"type":"keyUp","value":"î€‡"}]}]}
RESULT: {"actions":[{"id":"action31","type":"key","parameters":{},"actions":[{"type":"keyDown","value":"î€‡"},{"type":"pause","duration":10},{"type":"keyUp","value":"î€‡"}]}]}
COMMAND: GET /session/3247b862f9661e1dad05ca414f9e55ea/screenshot - {}
RESULT: {}
COMMAND: POST /session/3247b862f9661e1dad05ca414f9e55ea/element - {"using":"xpath","value":"//td/div/span[contains(text(), \"BGL Vehicles\")]"}
RESULT: {"using":"xpath","value":"//td/div/span[contains(text(), \"BGL Vehicles\")]"}
COMMAND: POST /session/3247b862f9661e1dad05ca414f9e55ea/element/f.BF6F4EA089F18175CED7BE484E452EA8.d.84C31930FDF94244653E1ECA3115CDE4.e.9689/click - {}
RESULT: {}
COMMAND: GET /session/3247b862f9661e1dad05ca414f9e55ea/screenshot - {}
RESULT: {}
COMMAND: POST /session/3247b862f9661e1dad05ca414f9e55ea/element - {"using":"xpath","value":"//bdi[contains(text(), \"OK\")]"}
RESULT: {"using":"xpath","value":"//bdi[contains(text(), \"OK\")]"}
COMMAND: POST /session/3247b862f9661e1dad05ca414f9e55ea/element/f.BF6F4EA089F18175CED7BE484E452EA8.d.84C31930FDF94244653E1ECA3115CDE4.e.9690/click - {}
RESULT: {}
COMMAND: GET /session/3247b862f9661e1dad05ca414f9e55ea/screenshot - {}
RESULT: {}
COMMAND: POST /session/3247b862f9661e1dad05ca414f9e55ea/execute/async - {"script":"<script> [1562 bytes]","args":[{"selector":{"id":"application-manageresources-display-component---newResourceUnit--newRRUPage-anchBar-application-manageresources-display-component---newResourceUnit--resource-anchor","interaction":{"idSuffix":"BDI-content"}},"wdio_ui5_key":"applicationmanageresources-display-component---newResourceUnit--newRRUPage-anchBar-application-manageresources-display-component---newResourceUnit--resource-anchor"}]}
RESULT: {"script":"<script> [1562 bytes]","args":[{"selector":{"id":"application-manageresources-display-component---newResourceUnit--newRRUPage-anchBar-application-manageresources-display-component---newResourceUnit--resource-anchor","interaction":{"idSuffix":"BDI-content"}},"wdio_ui5_key":"applicationmanageresources-display-component---newResourceUnit--newRRUPage-anchBar-application-manageresources-display-component---newResourceUnit--resource-anchor"}]}
RESULT: undefined
COMMAND: POST /session/3247b862f9661e1dad05ca414f9e55ea/element - {"using":"xpath","value":"//*[@id=\"application-manageresources-display-component---newResourceUnit--newRRUPage-anchBar-application-manageresources-display-component---newResourceUnit--resource-anchor\"]"}
RESULT: {"using":"xpath","value":"//*[@id=\"application-manageresources-display-component---newResourceUnit--newRRUPage-anchBar-application-manageresources-display-component---newResourceUnit--resource-anchor\"]"}
COMMAND: POST /session/3247b862f9661e1dad05ca414f9e55ea/element/f.BF6F4EA089F18175CED7BE484E452EA8.d.84C31930FDF94244653E1ECA3115CDE4.e.9694/click - {}
RESULT: {}
COMMAND: POST /session/3247b862f9661e1dad05ca414f9e55ea/execute/async - {"script":"<script> [1562 bytes]","args":[{"selector":{"id":"application-manageresources-display-component---newResourceUnit--PLANNED_DELIVERY_DATE","interaction":{"idSuffix":"inner"}},"wdio_ui5_key":"applicationmanageresources-display-component---newResourceUnit--PLANNED_DELIVERY_DATE"}]}
COMMAND: GET /session/3247b862f9661e1dad05ca414f9e55ea/screenshot - {}
RESULT: {"script":"<script> [1562 bytes]","args":[{"selector":{"id":"application-manageresources-display-component---newResourceUnit--PLANNED_DELIVERY_DATE","interaction":{"idSuffix":"inner"}},"wdio_ui5_key":"applicationmanageresources-display-component---newResourceUnit--PLANNED_DELIVERY_DATE"}]}
RESULT: undefined
COMMAND: POST /session/3247b862f9661e1dad05ca414f9e55ea/execute/async - {"script":"<script> [6424 bytes]","args":[{"element-6066-11e4-a52e-4f735466cecf":"f.BF6F4EA089F18175CED7BE484E452EA8.d.84C31930FDF94244653E1ECA3115CDE4.e.9554"},"setValue",["5/20/25"]]}
RESULT: {}
RESULT: {"script":"<script> [6424 bytes]","args":[{"element-6066-11e4-a52e-4f735466cecf":"f.BF6F4EA089F18175CED7BE484E452EA8.d.84C31930FDF94244653E1ECA3115CDE4.e.9554"},"setValue",["5/20/25"]]}
COMMAND: POST /session/3247b862f9661e1dad05ca414f9e55ea/element - {"using":"xpath","value":"//label[contains(@class, 'sapMLabelRequired') and .//bdi[contains(text(), 'Planned Retirement')]]"}
RESULT: {"using":"xpath","value":"//label[contains(@class, 'sapMLabelRequired') and .//bdi[contains(text(), 'Planned Retirement')]]"}
COMMAND: POST /session/3247b862f9661e1dad05ca414f9e55ea/elements - {"using":"xpath","value":"//label[contains(@class, 'sapMLabelRequired') and .//bdi[contains(text(), 'Planned Retirement')]]"}
RESULT: {"using":"xpath","value":"//label[contains(@class, 'sapMLabelRequired') and .//bdi[contains(text(), 'Planned Retirement')]]"}
COMMAND: POST /session/3247b862f9661e1dad05ca414f9e55ea/element - {"using":"xpath","value":"//button[@data-kt=\"resourceUnitSaveButton\"]"}
RESULT: {"using":"xpath","value":"//button[@data-kt=\"resourceUnitSaveButton\"]"}
COMMAND: POST /session/3247b862f9661e1dad05ca414f9e55ea/element/f.BF6F4EA089F18175CED7BE484E452EA8.d.84C31930FDF94244653E1ECA3115CDE4.e.9514/click - {}
RESULT: {}
COMMAND: GET /session/3247b862f9661e1dad05ca414f9e55ea/screenshot - {}
RESULT: {}
COMMAND: POST /session/3247b862f9661e1dad05ca414f9e55ea/element - {"using":"xpath","value":"//bdi[contains(text(), \"Close\")]"}
RESULT: {"using":"xpath","value":"//bdi[contains(text(), \"Close\")]"}
COMMAND: POST /session/3247b862f9661e1dad05ca414f9e55ea/element/f.BF6F4EA089F18175CED7BE484E452EA8.d.84C31930FDF94244653E1ECA3115CDE4.e.9704/click - {}
RESULT: {}
COMMAND: GET /session/3247b862f9661e1dad05ca414f9e55ea/screenshot - {}
RESULT: {}
COMMAND: POST /session/3247b862f9661e1dad05ca414f9e55ea/element - {"using":"xpath","value":"//bdi[contains(text(), \"Edit\")]"}
RESULT: {"using":"xpath","value":"//bdi[contains(text(), \"Edit\")]"}
COMMAND: POST /session/3247b862f9661e1dad05ca414f9e55ea/execute/sync - {"script":"<script> [8489 bytes]","args":[{"element-6066-11e4-a52e-4f735466cecf":"f.BF6F4EA089F18175CED7BE484E452EA8.d.84C31930FDF94244653E1ECA3115CDE4.e.9758","ELEMENT":"f.BF6F4EA089F18175CED7BE484E452EA8.d.84C31930FDF94244653E1ECA3115CDE4.e.9758"}]}
RESULT: {"script":"<script> [8489 bytes]","args":[{"element-6066-11e4-a52e-4f735466cecf":"f.BF6F4EA089F18175CED7BE484E452EA8.d.84C31930FDF94244653E1ECA3115CDE4.e.9758","ELEMENT":"f.BF6F4EA089F18175CED7BE484E452EA8.d.84C31930FDF94244653E1ECA3115CDE4.e.9758"}]}
COMMAND: POST /session/3247b862f9661e1dad05ca414f9e55ea/element/f.BF6F4EA089F18175CED7BE484E452EA8.d.84C31930FDF94244653E1ECA3115CDE4.e.9758/click - {}
COMMAND: GET /session/3247b862f9661e1dad05ca414f9e55ea/screenshot - {}
RESULT: {}
COMMAND: GET /session/3247b862f9661e1dad05ca414f9e55ea/screenshot - {}
RESULT: {}
RESULT: {}
COMMAND: POST /session/3247b862f9661e1dad05ca414f9e55ea/execute/async - {"script":"<script> [1562 bytes]","args":[{"selector":{"id":"application-manageresources-display-component---editResource--editRruPage-anchBar-application-manageresources-display-component---editResource--counters-anchor","interaction":{"idSuffix":"BDI-content"}},"wdio_ui5_key":"applicationmanageresources-display-component---editResource--editRruPage-anchBar-application-manageresources-display-component---editResource--counters-anchor"}]}
RESULT: {"script":"<script> [1562 bytes]","args":[{"selector":{"id":"application-manageresources-display-component---editResource--editRruPage-anchBar-application-manageresources-display-component---editResource--counters-anchor","interaction":{"idSuffix":"BDI-content"}},"wdio_ui5_key":"applicationmanageresources-display-component---editResource--editRruPage-anchBar-application-manageresources-display-component---editResource--counters-anchor"}]}
RESULT: undefined
COMMAND: POST /session/3247b862f9661e1dad05ca414f9e55ea/element - {"using":"xpath","value":"//*[@id=\"application-manageresources-display-component---editResource--editRruPage-anchBar-application-manageresources-display-component---editResource--counters-anchor\"]"}
RESULT: {"using":"xpath","value":"//*[@id=\"application-manageresources-display-component---editResource--editRruPage-anchBar-application-manageresources-display-component---editResource--counters-anchor\"]"}
COMMAND: POST /session/3247b862f9661e1dad05ca414f9e55ea/element/f.BF6F4EA089F18175CED7BE484E452EA8.d.84C31930FDF94244653E1ECA3115CDE4.e.9870/click - {}
RESULT: {}
COMMAND: GET /session/3247b862f9661e1dad05ca414f9e55ea/screenshot - {}
RESULT: {}
COMMAND: POST /session/3247b862f9661e1dad05ca414f9e55ea/execute/async - {"script":"<script> [1562 bytes]","args":[{"selector":{"id":"application-manageresources-display-component---editResource--btnAddCounter-img"},"wdio_ui5_key":"applicationmanageresources-display-component---editResource--btnAddCounter-img"}]}
RESULT: {"script":"<script> [1562 bytes]","args":[{"selector":{"id":"application-manageresources-display-component---editResource--btnAddCounter-img"},"wdio_ui5_key":"applicationmanageresources-display-component---editResource--btnAddCounter-img"}]}
RESULT: undefined
COMMAND: POST /session/3247b862f9661e1dad05ca414f9e55ea/element - {"using":"xpath","value":"//*[@id=\"application-manageresources-display-component---editResource--btnAddCounter-img\"]"}
RESULT: {"using":"xpath","value":"//*[@id=\"application-manageresources-display-component---editResource--btnAddCounter-img\"]"}
COMMAND: POST /session/3247b862f9661e1dad05ca414f9e55ea/element/f.BF6F4EA089F18175CED7BE484E452EA8.d.84C31930FDF94244653E1ECA3115CDE4.e.9904/click - {}
RESULT: {}
COMMAND: POST /session/3247b862f9661e1dad05ca414f9e55ea/execute/async - {"script":"<script> [1562 bytes]","args":[{"selector":{"id":"application-manageresources-display-component---editResource--COUNTER_ID-application-manageresources-display-component---editResource--RUCounters-0-arrow"},"wdio_ui5_key":"applicationmanageresources-display-component---editResource--COUNTER_ID-application-manageresources-display-component---editResource--RUCounters-0-arrow"}]}
COMMAND: GET /session/3247b862f9661e1dad05ca414f9e55ea/screenshot - {}
RESULT: {"script":"<script> [1562 bytes]","args":[{"selector":{"id":"application-manageresources-display-component---editResource--COUNTER_ID-application-manageresources-display-component---editResource--RUCounters-0-arrow"},"wdio_ui5_key":"applicationmanageresources-display-component---editResource--COUNTER_ID-application-manageresources-display-component---editResource--RUCounters-0-arrow"}]}
RESULT: undefined
COMMAND: POST /session/3247b862f9661e1dad05ca414f9e55ea/element - {"using":"xpath","value":"//*[@id=\"application-manageresources-display-component---editResource--COUNTER_ID-application-manageresources-display-component---editResource--RUCounters-0-arrow\"]"}
RESULT: {}
RESULT: {"using":"xpath","value":"//*[@id=\"application-manageresources-display-component---editResource--COUNTER_ID-application-manageresources-display-component---editResource--RUCounters-0-arrow\"]"}
COMMAND: POST /session/3247b862f9661e1dad05ca414f9e55ea/element/f.BF6F4EA089F18175CED7BE484E452EA8.d.84C31930FDF94244653E1ECA3115CDE4.e.9909/click - {}
RESULT: {}
COMMAND: POST /session/3247b862f9661e1dad05ca414f9e55ea/execute/async - {"script":"<script> [1562 bytes]","args":[{"selector":{"controlType":"sap.m.StandardListItem","viewName":"etm.portal.ui.manageresources.view.EditResource","viewId":"application-manageresources-display-component---editResource","properties":{"title":"fuel"},"searchOpenDialogs":true,"interaction":{"idSuffix":"content"}},"wdio_ui5_key":"etmportal.ui.manageresources.view.EditResourcesap.m.StandardListItem{\"title\":\"fuel\"}"}]}
COMMAND: GET /session/3247b862f9661e1dad05ca414f9e55ea/screenshot - {}
RESULT: {"script":"<script> [1562 bytes]","args":[{"selector":{"controlType":"sap.m.StandardListItem","viewName":"etm.portal.ui.manageresources.view.EditResource","viewId":"application-manageresources-display-component---editResource","properties":{"title":"fuel"},"searchOpenDialogs":true,"interaction":{"idSuffix":"content"}},"wdio_ui5_key":"etmportal.ui.manageresources.view.EditResourcesap.m.StandardListItem{\"title\":\"fuel\"}"}]}
RESULT: undefined
COMMAND: POST /session/3247b862f9661e1dad05ca414f9e55ea/element - {"using":"xpath","value":"//*[@id=\"__item1023\"]"}
RESULT: {}
RESULT: {"using":"xpath","value":"//*[@id=\"__item1023\"]"}
COMMAND: POST /session/3247b862f9661e1dad05ca414f9e55ea/element/f.BF6F4EA089F18175CED7BE484E452EA8.d.84C31930FDF94244653E1ECA3115CDE4.e.9911/click - {}
RESULT: {}
COMMAND: GET /session/3247b862f9661e1dad05ca414f9e55ea/screenshot - {}
RESULT: {}
COMMAND: POST /session/3247b862f9661e1dad05ca414f9e55ea/element - {"using":"xpath","value":"//button[@data-kt=\"saveButton\"]"}
RESULT: {"using":"xpath","value":"//button[@data-kt=\"saveButton\"]"}
COMMAND: POST /session/3247b862f9661e1dad05ca414f9e55ea/element/f.BF6F4EA089F18175CED7BE484E452EA8.d.84C31930FDF94244653E1ECA3115CDE4.e.9912/click - {}
RESULT: {}
COMMAND: GET /session/3247b862f9661e1dad05ca414f9e55ea/screenshot - {}
RESULT: {}
COMMAND: POST /session/3247b862f9661e1dad05ca414f9e55ea/element - {"using":"xpath","value":"(//button[contains(@id ,\"actionsToolbar-overflowButton\")])[1]"}
RESULT: {"using":"xpath","value":"(//button[contains(@id ,\"actionsToolbar-overflowButton\")])[1]"}
COMMAND: POST /session/3247b862f9661e1dad05ca414f9e55ea/element/f.BF6F4EA089F18175CED7BE484E452EA8.d.84C31930FDF94244653E1ECA3115CDE4.e.9922/click - {}
RESULT: {}
COMMAND: GET /session/3247b862f9661e1dad05ca414f9e55ea/screenshot - {}
RESULT: {}
COMMAND: POST /session/3247b862f9661e1dad05ca414f9e55ea/element - {"using":"xpath","value":"//button[@data-kt=\"priceInfoButton\"]"}
RESULT: {"using":"xpath","value":"//button[@data-kt=\"priceInfoButton\"]"}
COMMAND: POST /session/3247b862f9661e1dad05ca414f9e55ea/element/f.BF6F4EA089F18175CED7BE484E452EA8.d.84C31930FDF94244653E1ECA3115CDE4.e.9924/click - {}
RESULT: {}
COMMAND: GET /session/3247b862f9661e1dad05ca414f9e55ea/screenshot - {}
RESULT: {}
]]></system-out>
    </testcase>
    <testcase classname="chrome.136_0_7103_93.windows.Create_master_data_for_mixed_billing_&amp;_do_billing_calculation_US151661" name="Should create a TB pricing procedure" time="52.596">
      <system-out><![CDATA[
COMMAND: POST /session/3247b862f9661e1dad05ca414f9e55ea/element - {"using":"xpath","value":"//button[@data-kt=\"addButton\"]"}
RESULT: {"using":"xpath","value":"//button[@data-kt=\"addButton\"]"}
COMMAND: POST /session/3247b862f9661e1dad05ca414f9e55ea/elements - {"using":"xpath","value":"//button[@data-kt=\"addButton\"]"}
RESULT: {"using":"xpath","value":"//button[@data-kt=\"addButton\"]"}
COMMAND: POST /session/3247b862f9661e1dad05ca414f9e55ea/elements - {"using":"xpath","value":"//button[@data-kt=\"addButton\"]"}
RESULT: {"using":"xpath","value":"//button[@data-kt=\"addButton\"]"}
COMMAND: POST /session/3247b862f9661e1dad05ca414f9e55ea/element - {"using":"xpath","value":"//button[@data-kt=\"addButton\"]"}
RESULT: {"using":"xpath","value":"//button[@data-kt=\"addButton\"]"}
COMMAND: POST /session/3247b862f9661e1dad05ca414f9e55ea/execute/sync - {"script":"<script> [8489 bytes]","args":[{"element-6066-11e4-a52e-4f735466cecf":"f.BF6F4EA089F18175CED7BE484E452EA8.d.84C31930FDF94244653E1ECA3115CDE4.e.9960","ELEMENT":"f.BF6F4EA089F18175CED7BE484E452EA8.d.84C31930FDF94244653E1ECA3115CDE4.e.9960"}]}
RESULT: {"script":"<script> [8489 bytes]","args":[{"element-6066-11e4-a52e-4f735466cecf":"f.BF6F4EA089F18175CED7BE484E452EA8.d.84C31930FDF94244653E1ECA3115CDE4.e.9960","ELEMENT":"f.BF6F4EA089F18175CED7BE484E452EA8.d.84C31930FDF94244653E1ECA3115CDE4.e.9960"}]}
COMMAND: GET /session/3247b862f9661e1dad05ca414f9e55ea/element/f.BF6F4EA089F18175CED7BE484E452EA8.d.84C31930FDF94244653E1ECA3115CDE4.e.9960/enabled - {}
COMMAND: GET /session/3247b862f9661e1dad05ca414f9e55ea/screenshot - {}
RESULT: {}
COMMAND: POST /session/3247b862f9661e1dad05ca414f9e55ea/execute/sync - {"script":"<script> [8489 bytes]","args":[{"element-6066-11e4-a52e-4f735466cecf":"f.BF6F4EA089F18175CED7BE484E452EA8.d.84C31930FDF94244653E1ECA3115CDE4.e.9960","ELEMENT":"f.BF6F4EA089F18175CED7BE484E452EA8.d.84C31930FDF94244653E1ECA3115CDE4.e.9960"}]}
COMMAND: GET /session/3247b862f9661e1dad05ca414f9e55ea/screenshot - {}
RESULT: {}
RESULT: {"script":"<script> [8489 bytes]","args":[{"element-6066-11e4-a52e-4f735466cecf":"f.BF6F4EA089F18175CED7BE484E452EA8.d.84C31930FDF94244653E1ECA3115CDE4.e.9960","ELEMENT":"f.BF6F4EA089F18175CED7BE484E452EA8.d.84C31930FDF94244653E1ECA3115CDE4.e.9960"}]}
COMMAND: POST /session/3247b862f9661e1dad05ca414f9e55ea/execute/sync - {"script":"<script> [5351 bytes]","args":[{"element-6066-11e4-a52e-4f735466cecf":"f.BF6F4EA089F18175CED7BE484E452EA8.d.84C31930FDF94244653E1ECA3115CDE4.e.9960","ELEMENT":"f.BF6F4EA089F18175CED7BE484E452EA8.d.84C31930FDF94244653E1ECA3115CDE4.e.9960"}]}
COMMAND: GET /session/3247b862f9661e1dad05ca414f9e55ea/screenshot - {}
RESULT: {}
RESULT: {"script":"<script> [5351 bytes]","args":[{"element-6066-11e4-a52e-4f735466cecf":"f.BF6F4EA089F18175CED7BE484E452EA8.d.84C31930FDF94244653E1ECA3115CDE4.e.9960","ELEMENT":"f.BF6F4EA089F18175CED7BE484E452EA8.d.84C31930FDF94244653E1ECA3115CDE4.e.9960"}]}
COMMAND: POST /session/3247b862f9661e1dad05ca414f9e55ea/element/f.BF6F4EA089F18175CED7BE484E452EA8.d.84C31930FDF94244653E1ECA3115CDE4.e.9960/click - {}
COMMAND: GET /session/3247b862f9661e1dad05ca414f9e55ea/screenshot - {}
RESULT: {}
RESULT: {}
COMMAND: GET /session/3247b862f9661e1dad05ca414f9e55ea/screenshot - {}
RESULT: {}
RESULT: {}
COMMAND: POST /session/3247b862f9661e1dad05ca414f9e55ea/execute/async - {"script":"<script> [1562 bytes]","args":[{"selector":{"controlType":"sap.m.Title","viewName":"etm.portal.ui.managepricingrules.view.NewItem","viewId":"application-managepricingrules-display-component---newInfoPriceItem","properties":{"text":"New Pricing Rules - Item Level"}},"wdio_ui5_key":"etmportal.ui.managepricingrules.view.NewItemsap.m.Title{\"text\":\"New Pricing Rules - Item Level\"}"}]}
RESULT: {"script":"<script> [1562 bytes]","args":[{"selector":{"controlType":"sap.m.Title","viewName":"etm.portal.ui.managepricingrules.view.NewItem","viewId":"application-managepricingrules-display-component---newInfoPriceItem","properties":{"text":"New Pricing Rules - Item Level"}},"wdio_ui5_key":"etmportal.ui.managepricingrules.view.NewItemsap.m.Title{\"text\":\"New Pricing Rules - Item Level\"}"}]}
RESULT: undefined
COMMAND: POST /session/3247b862f9661e1dad05ca414f9e55ea/execute/async - {"script":"<script> [6424 bytes]","args":[{"element-6066-11e4-a52e-4f735466cecf":"f.BF6F4EA089F18175CED7BE484E452EA8.d.84C31930FDF94244653E1ECA3115CDE4.e.10128"},"getText",[]]}
RESULT: {"script":"<script> [6424 bytes]","args":[{"element-6066-11e4-a52e-4f735466cecf":"f.BF6F4EA089F18175CED7BE484E452EA8.d.84C31930FDF94244653E1ECA3115CDE4.e.10128"},"getText",[]]}
COMMAND: POST /session/3247b862f9661e1dad05ca414f9e55ea/execute/async - {"script":"<script> [1562 bytes]","args":[{"selector":{"id":"application-managepricingrules-display-component---newInfoPriceItem--condValidTo","interaction":{"idSuffix":"inner"}},"wdio_ui5_key":"applicationmanagepricingrules-display-component---newInfoPriceItem--condValidTo"}]}
RESULT: {"script":"<script> [1562 bytes]","args":[{"selector":{"id":"application-managepricingrules-display-component---newInfoPriceItem--condValidTo","interaction":{"idSuffix":"inner"}},"wdio_ui5_key":"applicationmanagepricingrules-display-component---newInfoPriceItem--condValidTo"}]}
RESULT: undefined
COMMAND: POST /session/3247b862f9661e1dad05ca414f9e55ea/execute/async - {"script":"<script> [776 bytes]","args":[{"enterText":"1/20/26","selector":{"id":"application-managepricingrules-display-component---newInfoPriceItem--condValidTo","interaction":{"idSuffix":"inner"}},"clearTextFirst":true,"interactionType":"ENTER_TEXT"}]}
RESULT: {"script":"<script> [776 bytes]","args":[{"enterText":"1/20/26","selector":{"id":"application-managepricingrules-display-component---newInfoPriceItem--condValidTo","interaction":{"idSuffix":"inner"}},"clearTextFirst":true,"interactionType":"ENTER_TEXT"}]}
COMMAND: POST /session/3247b862f9661e1dad05ca414f9e55ea/execute/async - {"script":"<script> [1562 bytes]","args":[{"selector":{"id":"application-managepricingrules-display-component---newInfoPriceItem--billType-arrow"},"wdio_ui5_key":"applicationmanagepricingrules-display-component---newInfoPriceItem--billType-arrow"}]}
RESULT: {"script":"<script> [1562 bytes]","args":[{"selector":{"id":"application-managepricingrules-display-component---newInfoPriceItem--billType-arrow"},"wdio_ui5_key":"applicationmanagepricingrules-display-component---newInfoPriceItem--billType-arrow"}]}
RESULT: undefined
COMMAND: POST /session/3247b862f9661e1dad05ca414f9e55ea/element - {"using":"xpath","value":"//*[@id=\"application-managepricingrules-display-component---newInfoPriceItem--billType-arrow\"]"}
RESULT: {"using":"xpath","value":"//*[@id=\"application-managepricingrules-display-component---newInfoPriceItem--billType-arrow\"]"}
COMMAND: POST /session/3247b862f9661e1dad05ca414f9e55ea/element/f.BF6F4EA089F18175CED7BE484E452EA8.d.84C31930FDF94244653E1ECA3115CDE4.e.10090/click - {}
RESULT: {}
COMMAND: POST /session/3247b862f9661e1dad05ca414f9e55ea/element - {"using":"xpath","value":"//span[contains(text(), \"TB - Time based\")]"}
COMMAND: GET /session/3247b862f9661e1dad05ca414f9e55ea/screenshot - {}
RESULT: {"using":"xpath","value":"//span[contains(text(), \"TB - Time based\")]"}
COMMAND: POST /session/3247b862f9661e1dad05ca414f9e55ea/element/f.BF6F4EA089F18175CED7BE484E452EA8.d.84C31930FDF94244653E1ECA3115CDE4.e.10132/click - {}
RESULT: {}
RESULT: {}
COMMAND: POST /session/3247b862f9661e1dad05ca414f9e55ea/execute/async - {"script":"<script> [1562 bytes]","args":[{"selector":{"id":"application-managepricingrules-display-component---newInfoPriceItem--priceProc-arrow"},"wdio_ui5_key":"applicationmanagepricingrules-display-component---newInfoPriceItem--priceProc-arrow"}]}
COMMAND: GET /session/3247b862f9661e1dad05ca414f9e55ea/screenshot - {}
RESULT: {"script":"<script> [1562 bytes]","args":[{"selector":{"id":"application-managepricingrules-display-component---newInfoPriceItem--priceProc-arrow"},"wdio_ui5_key":"applicationmanagepricingrules-display-component---newInfoPriceItem--priceProc-arrow"}]}
RESULT: undefined
COMMAND: POST /session/3247b862f9661e1dad05ca414f9e55ea/element - {"using":"xpath","value":"//*[@id=\"application-managepricingrules-display-component---newInfoPriceItem--priceProc-arrow\"]"}
RESULT: {}
RESULT: {"using":"xpath","value":"//*[@id=\"application-managepricingrules-display-component---newInfoPriceItem--priceProc-arrow\"]"}
COMMAND: POST /session/3247b862f9661e1dad05ca414f9e55ea/element/f.BF6F4EA089F18175CED7BE484E452EA8.d.84C31930FDF94244653E1ECA3115CDE4.e.10097/click - {}
RESULT: {}
COMMAND: POST /session/3247b862f9661e1dad05ca414f9e55ea/element - {"using":"xpath","value":"//span[contains(text(), \"TB - Time based BGL\")]"}
COMMAND: GET /session/3247b862f9661e1dad05ca414f9e55ea/screenshot - {}
RESULT: {"using":"xpath","value":"//span[contains(text(), \"TB - Time based BGL\")]"}
COMMAND: POST /session/3247b862f9661e1dad05ca414f9e55ea/element/f.BF6F4EA089F18175CED7BE484E452EA8.d.84C31930FDF94244653E1ECA3115CDE4.e.10133/click - {}
RESULT: {}
RESULT: {}
COMMAND: POST /session/3247b862f9661e1dad05ca414f9e55ea/execute/async - {"script":"<script> [1562 bytes]","args":[{"selector":{"id":"application-managepricingrules-display-component---newInfoPriceItem--calcBase-arrow"},"wdio_ui5_key":"applicationmanagepricingrules-display-component---newInfoPriceItem--calcBase-arrow"}]}
COMMAND: GET /session/3247b862f9661e1dad05ca414f9e55ea/screenshot - {}
RESULT: {"script":"<script> [1562 bytes]","args":[{"selector":{"id":"application-managepricingrules-display-component---newInfoPriceItem--calcBase-arrow"},"wdio_ui5_key":"applicationmanagepricingrules-display-component---newInfoPriceItem--calcBase-arrow"}]}
RESULT: undefined
COMMAND: POST /session/3247b862f9661e1dad05ca414f9e55ea/element - {"using":"xpath","value":"//*[@id=\"application-managepricingrules-display-component---newInfoPriceItem--calcBase-arrow\"]"}
RESULT: {}
RESULT: {"using":"xpath","value":"//*[@id=\"application-managepricingrules-display-component---newInfoPriceItem--calcBase-arrow\"]"}
COMMAND: POST /session/3247b862f9661e1dad05ca414f9e55ea/element/f.BF6F4EA089F18175CED7BE484E452EA8.d.84C31930FDF94244653E1ECA3115CDE4.e.10104/click - {}
RESULT: {}
COMMAND: GET /session/3247b862f9661e1dad05ca414f9e55ea/screenshot - {}
RESULT: {}
COMMAND: POST /session/3247b862f9661e1dad05ca414f9e55ea/element - {"using":"xpath","value":"//span[contains(text(), \"0006 - TB(calendar days)\")]"}
RESULT: {"using":"xpath","value":"//span[contains(text(), \"0006 - TB(calendar days)\")]"}
COMMAND: POST /session/3247b862f9661e1dad05ca414f9e55ea/element/f.BF6F4EA089F18175CED7BE484E452EA8.d.84C31930FDF94244653E1ECA3115CDE4.e.10134/click - {}
RESULT: {}
COMMAND: GET /session/3247b862f9661e1dad05ca414f9e55ea/screenshot - {}
RESULT: {}
COMMAND: POST /session/3247b862f9661e1dad05ca414f9e55ea/execute/async - {"script":"<script> [1562 bytes]","args":[{"selector":{"id":"application-managepricingrules-display-component---newInfoPriceItem--hoursMonth","interaction":{"idSuffix":"inner"}},"wdio_ui5_key":"applicationmanagepricingrules-display-component---newInfoPriceItem--hoursMonth"}]}
RESULT: {"script":"<script> [1562 bytes]","args":[{"selector":{"id":"application-managepricingrules-display-component---newInfoPriceItem--hoursMonth","interaction":{"idSuffix":"inner"}},"wdio_ui5_key":"applicationmanagepricingrules-display-component---newInfoPriceItem--hoursMonth"}]}
RESULT: undefined
COMMAND: POST /session/3247b862f9661e1dad05ca414f9e55ea/execute/async - {"script":"<script> [776 bytes]","args":[{"enterText":"160","selector":{"id":"application-managepricingrules-display-component---newInfoPriceItem--hoursMonth","interaction":{"idSuffix":"inner"}},"clearTextFirst":true,"interactionType":"ENTER_TEXT"}]}
RESULT: {"script":"<script> [776 bytes]","args":[{"enterText":"160","selector":{"id":"application-managepricingrules-display-component---newInfoPriceItem--hoursMonth","interaction":{"idSuffix":"inner"}},"clearTextFirst":true,"interactionType":"ENTER_TEXT"}]}
COMMAND: POST /session/3247b862f9661e1dad05ca414f9e55ea/execute/async - {"script":"<script> [1562 bytes]","args":[{"selector":{"id":"application-managepricingrules-display-component---newInfoPriceItem--daysMonth","interaction":{"idSuffix":"inner"}},"wdio_ui5_key":"applicationmanagepricingrules-display-component---newInfoPriceItem--daysMonth"}]}
RESULT: {"script":"<script> [1562 bytes]","args":[{"selector":{"id":"application-managepricingrules-display-component---newInfoPriceItem--daysMonth","interaction":{"idSuffix":"inner"}},"wdio_ui5_key":"applicationmanagepricingrules-display-component---newInfoPriceItem--daysMonth"}]}
RESULT: undefined
COMMAND: POST /session/3247b862f9661e1dad05ca414f9e55ea/execute/async - {"script":"<script> [776 bytes]","args":[{"enterText":"30","selector":{"id":"application-managepricingrules-display-component---newInfoPriceItem--daysMonth","interaction":{"idSuffix":"inner"}},"clearTextFirst":true,"interactionType":"ENTER_TEXT"}]}
RESULT: {"script":"<script> [776 bytes]","args":[{"enterText":"30","selector":{"id":"application-managepricingrules-display-component---newInfoPriceItem--daysMonth","interaction":{"idSuffix":"inner"}},"clearTextFirst":true,"interactionType":"ENTER_TEXT"}]}
COMMAND: POST /session/3247b862f9661e1dad05ca414f9e55ea/element - {"using":"xpath","value":"//button[@data-kt=\"saveNewRuleButton\"]"}
RESULT: {"using":"xpath","value":"//button[@data-kt=\"saveNewRuleButton\"]"}
COMMAND: POST /session/3247b862f9661e1dad05ca414f9e55ea/element/f.BF6F4EA089F18175CED7BE484E452EA8.d.84C31930FDF94244653E1ECA3115CDE4.e.10124/click - {}
RESULT: {}
COMMAND: GET /session/3247b862f9661e1dad05ca414f9e55ea/screenshot - {}
RESULT: {}
COMMAND: POST /session/3247b862f9661e1dad05ca414f9e55ea/execute/async - {"script":"<script> [1562 bytes]","args":[{"selector":{"id":"application-managepricingrules-display-component---priceInfoItem--smartFilterBar-btnBasicSearch","interaction":{"idSuffix":"I"}},"wdio_ui5_key":"applicationmanagepricingrules-display-component---priceInfoItem--smartFilterBar-btnBasicSearch"}]}
RESULT: {"script":"<script> [1562 bytes]","args":[{"selector":{"id":"application-managepricingrules-display-component---priceInfoItem--smartFilterBar-btnBasicSearch","interaction":{"idSuffix":"I"}},"wdio_ui5_key":"applicationmanagepricingrules-display-component---priceInfoItem--smartFilterBar-btnBasicSearch"}]}
RESULT: undefined
COMMAND: POST /session/3247b862f9661e1dad05ca414f9e55ea/execute/async - {"script":"<script> [776 bytes]","args":[{"enterText":"1do9StutHf","selector":{"id":"application-managepricingrules-display-component---priceInfoItem--smartFilterBar-btnBasicSearch","interaction":{"idSuffix":"I"}},"clearTextFirst":true,"interactionType":"ENTER_TEXT"}]}
RESULT: {"script":"<script> [776 bytes]","args":[{"enterText":"1do9StutHf","selector":{"id":"application-managepricingrules-display-component---priceInfoItem--smartFilterBar-btnBasicSearch","interaction":{"idSuffix":"I"}},"clearTextFirst":true,"interactionType":"ENTER_TEXT"}]}
COMMAND: POST /session/3247b862f9661e1dad05ca414f9e55ea/actions - {"actions":[{"id":"action32","type":"key","parameters":{},"actions":[{"type":"keyDown","value":"î€‡"},{"type":"pause","duration":10},{"type":"keyUp","value":"î€‡"}]}]}
RESULT: {"actions":[{"id":"action32","type":"key","parameters":{},"actions":[{"type":"keyDown","value":"î€‡"},{"type":"pause","duration":10},{"type":"keyUp","value":"î€‡"}]}]}
COMMAND: GET /session/3247b862f9661e1dad05ca414f9e55ea/screenshot - {}
RESULT: {}
COMMAND: POST /session/3247b862f9661e1dad05ca414f9e55ea/element - {"using":"xpath","value":"//span[@id=\"application-managepricingrules-display-component---priceInfoItem--smartTable-header-inner\"]"}
RESULT: {"using":"xpath","value":"//span[@id=\"application-managepricingrules-display-component---priceInfoItem--smartTable-header-inner\"]"}
COMMAND: POST /session/3247b862f9661e1dad05ca414f9e55ea/elements - {"using":"xpath","value":"//span[@id=\"application-managepricingrules-display-component---priceInfoItem--smartTable-header-inner\"]"}
RESULT: {"using":"xpath","value":"//span[@id=\"application-managepricingrules-display-component---priceInfoItem--smartTable-header-inner\"]"}
COMMAND: POST /session/3247b862f9661e1dad05ca414f9e55ea/execute/sync - {"script":"<script> [56 bytes]","args":[{"element-6066-11e4-a52e-4f735466cecf":"f.BF6F4EA089F18175CED7BE484E452EA8.d.84C31930FDF94244653E1ECA3115CDE4.e.10149","ELEMENT":"f.BF6F4EA089F18175CED7BE484E452EA8.d.84C31930FDF94244653E1ECA3115CDE4.e.10149"}]}
RESULT: {"script":"<script> [56 bytes]","args":[{"element-6066-11e4-a52e-4f735466cecf":"f.BF6F4EA089F18175CED7BE484E452EA8.d.84C31930FDF94244653E1ECA3115CDE4.e.10149","ELEMENT":"f.BF6F4EA089F18175CED7BE484E452EA8.d.84C31930FDF94244653E1ECA3115CDE4.e.10149"}]}
COMMAND: POST /session/3247b862f9661e1dad05ca414f9e55ea/element - {"using":"css selector","value":"#shell-header-logo"}
COMMAND: GET /session/3247b862f9661e1dad05ca414f9e55ea/screenshot - {}
RESULT: {"using":"css selector","value":"#shell-header-logo"}
COMMAND: POST /session/3247b862f9661e1dad05ca414f9e55ea/element/f.BF6F4EA089F18175CED7BE484E452EA8.d.84C31930FDF94244653E1ECA3115CDE4.e.9098/click - {}
RESULT: {}
RESULT: {}
COMMAND: GET /session/3247b862f9661e1dad05ca414f9e55ea/screenshot - {}
RESULT: {}
]]></system-out>
    </testcase>
    <testcase classname="chrome.136_0_7103_93.windows.Create_master_data_for_mixed_billing_&amp;_do_billing_calculation_US151661" name="Should add one time condition" time="63.892">
      <system-out><![CDATA[
COMMAND: POST /session/3247b862f9661e1dad05ca414f9e55ea/execute/async - {"script":"<script> [1562 bytes]","args":[{"selector":{"controlType":"sap.m.GenericTile","properties":{"header":"Manage Conditions & Prices"}},"wdio_ui5_key":"sapm.GenericTile{\"header\":\"Manage Conditions & Prices\"}"}]}
RESULT: {"script":"<script> [1562 bytes]","args":[{"selector":{"controlType":"sap.m.GenericTile","properties":{"header":"Manage Conditions & Prices"}},"wdio_ui5_key":"sapm.GenericTile{\"header\":\"Manage Conditions & Prices\"}"}]}
RESULT: undefined
COMMAND: POST /session/3247b862f9661e1dad05ca414f9e55ea/element - {"using":"xpath","value":"//*[@id=\"__tile93\"]"}
RESULT: {"using":"xpath","value":"//*[@id=\"__tile93\"]"}
COMMAND: POST /session/3247b862f9661e1dad05ca414f9e55ea/element/f.BF6F4EA089F18175CED7BE484E452EA8.d.84C31930FDF94244653E1ECA3115CDE4.e.9084/click - {}
RESULT: {}
COMMAND: GET /session/3247b862f9661e1dad05ca414f9e55ea/screenshot - {}
RESULT: {}
COMMAND: POST /session/3247b862f9661e1dad05ca414f9e55ea/elements - {"using":"xpath","value":"//span[text()='Error']"}
RESULT: {"using":"xpath","value":"//span[text()='Error']"}
COMMAND: POST /session/3247b862f9661e1dad05ca414f9e55ea/element - {"using":"xpath","value":"//button[@aria-label=\"Create\"]"}
RESULT: {"using":"xpath","value":"//button[@aria-label=\"Create\"]"}
COMMAND: POST /session/3247b862f9661e1dad05ca414f9e55ea/elements - {"using":"xpath","value":"//button[@aria-label=\"Create\"]"}
RESULT: {"using":"xpath","value":"//button[@aria-label=\"Create\"]"}
COMMAND: POST /session/3247b862f9661e1dad05ca414f9e55ea/execute/sync - {"script":"<script> [8489 bytes]","args":[{"element-6066-11e4-a52e-4f735466cecf":"f.BF6F4EA089F18175CED7BE484E452EA8.d.84C31930FDF94244653E1ECA3115CDE4.e.10184","ELEMENT":"f.BF6F4EA089F18175CED7BE484E452EA8.d.84C31930FDF94244653E1ECA3115CDE4.e.10184"}]}
RESULT: {"script":"<script> [8489 bytes]","args":[{"element-6066-11e4-a52e-4f735466cecf":"f.BF6F4EA089F18175CED7BE484E452EA8.d.84C31930FDF94244653E1ECA3115CDE4.e.10184","ELEMENT":"f.BF6F4EA089F18175CED7BE484E452EA8.d.84C31930FDF94244653E1ECA3115CDE4.e.10184"}]}
COMMAND: GET /session/3247b862f9661e1dad05ca414f9e55ea/element/f.BF6F4EA089F18175CED7BE484E452EA8.d.84C31930FDF94244653E1ECA3115CDE4.e.10184/enabled - {}
COMMAND: GET /session/3247b862f9661e1dad05ca414f9e55ea/screenshot - {}
RESULT: {}
COMMAND: POST /session/3247b862f9661e1dad05ca414f9e55ea/execute/sync - {"script":"<script> [8489 bytes]","args":[{"element-6066-11e4-a52e-4f735466cecf":"f.BF6F4EA089F18175CED7BE484E452EA8.d.84C31930FDF94244653E1ECA3115CDE4.e.10184","ELEMENT":"f.BF6F4EA089F18175CED7BE484E452EA8.d.84C31930FDF94244653E1ECA3115CDE4.e.10184"}]}
COMMAND: GET /session/3247b862f9661e1dad05ca414f9e55ea/screenshot - {}
RESULT: {}
RESULT: {"script":"<script> [8489 bytes]","args":[{"element-6066-11e4-a52e-4f735466cecf":"f.BF6F4EA089F18175CED7BE484E452EA8.d.84C31930FDF94244653E1ECA3115CDE4.e.10184","ELEMENT":"f.BF6F4EA089F18175CED7BE484E452EA8.d.84C31930FDF94244653E1ECA3115CDE4.e.10184"}]}
COMMAND: POST /session/3247b862f9661e1dad05ca414f9e55ea/execute/sync - {"script":"<script> [5351 bytes]","args":[{"element-6066-11e4-a52e-4f735466cecf":"f.BF6F4EA089F18175CED7BE484E452EA8.d.84C31930FDF94244653E1ECA3115CDE4.e.10184","ELEMENT":"f.BF6F4EA089F18175CED7BE484E452EA8.d.84C31930FDF94244653E1ECA3115CDE4.e.10184"}]}
COMMAND: GET /session/3247b862f9661e1dad05ca414f9e55ea/screenshot - {}
RESULT: {}
RESULT: {"script":"<script> [5351 bytes]","args":[{"element-6066-11e4-a52e-4f735466cecf":"f.BF6F4EA089F18175CED7BE484E452EA8.d.84C31930FDF94244653E1ECA3115CDE4.e.10184","ELEMENT":"f.BF6F4EA089F18175CED7BE484E452EA8.d.84C31930FDF94244653E1ECA3115CDE4.e.10184"}]}
COMMAND: POST /session/3247b862f9661e1dad05ca414f9e55ea/element/f.BF6F4EA089F18175CED7BE484E452EA8.d.84C31930FDF94244653E1ECA3115CDE4.e.10184/click - {}
COMMAND: GET /session/3247b862f9661e1dad05ca414f9e55ea/screenshot - {}
RESULT: {}
RESULT: {}
COMMAND: GET /session/3247b862f9661e1dad05ca414f9e55ea/screenshot - {}
RESULT: {}
RESULT: {}
COMMAND: POST /session/3247b862f9661e1dad05ca414f9e55ea/actions - {"actions":[{"id":"action33","type":"key","parameters":{},"actions":[{"type":"keyDown","value":"î€‡"},{"type":"pause","duration":10},{"type":"keyUp","value":"î€‡"}]}]}
RESULT: {"actions":[{"id":"action33","type":"key","parameters":{},"actions":[{"type":"keyDown","value":"î€‡"},{"type":"pause","duration":10},{"type":"keyUp","value":"î€‡"}]}]}
COMMAND: GET /session/3247b862f9661e1dad05ca414f9e55ea/screenshot - {}
RESULT: {}
COMMAND: POST /session/3247b862f9661e1dad05ca414f9e55ea/execute/async - {"script":"<script> [1562 bytes]","args":[{"selector":{"id":"application-manageconditionprice-display-component---newCondition--condBillCond-arrow"},"wdio_ui5_key":"applicationmanageconditionprice-display-component---newCondition--condBillCond-arrow"}]}
RESULT: {"script":"<script> [1562 bytes]","args":[{"selector":{"id":"application-manageconditionprice-display-component---newCondition--condBillCond-arrow"},"wdio_ui5_key":"applicationmanageconditionprice-display-component---newCondition--condBillCond-arrow"}]}
RESULT: undefined
COMMAND: POST /session/3247b862f9661e1dad05ca414f9e55ea/element - {"using":"xpath","value":"//*[@id=\"application-manageconditionprice-display-component---newCondition--condBillCond-arrow\"]"}
RESULT: {"using":"xpath","value":"//*[@id=\"application-manageconditionprice-display-component---newCondition--condBillCond-arrow\"]"}
COMMAND: POST /session/3247b862f9661e1dad05ca414f9e55ea/element/f.BF6F4EA089F18175CED7BE484E452EA8.d.84C31930FDF94244653E1ECA3115CDE4.e.10363/click - {}
RESULT: {}
COMMAND: GET /session/3247b862f9661e1dad05ca414f9e55ea/screenshot - {}
RESULT: {}
COMMAND: POST /session/3247b862f9661e1dad05ca414f9e55ea/element - {"using":"xpath","value":"//li[.//span[contains(text(), \"SAPR - Sales price\")]]"}
RESULT: {"using":"xpath","value":"//li[.//span[contains(text(), \"SAPR - Sales price\")]]"}
COMMAND: POST /session/3247b862f9661e1dad05ca414f9e55ea/element/f.BF6F4EA089F18175CED7BE484E452EA8.d.84C31930FDF94244653E1ECA3115CDE4.e.10366/click - {}
RESULT: {}
COMMAND: GET /session/3247b862f9661e1dad05ca414f9e55ea/screenshot - {}
RESULT: {}
COMMAND: POST /session/3247b862f9661e1dad05ca414f9e55ea/execute/async - {"script":"<script> [1562 bytes]","args":[{"selector":{"id":"application-manageconditionprice-display-component---newCondition--condValidTo","interaction":{"idSuffix":"inner"}},"wdio_ui5_key":"applicationmanageconditionprice-display-component---newCondition--condValidTo"}]}
RESULT: {"script":"<script> [1562 bytes]","args":[{"selector":{"id":"application-manageconditionprice-display-component---newCondition--condValidTo","interaction":{"idSuffix":"inner"}},"wdio_ui5_key":"applicationmanageconditionprice-display-component---newCondition--condValidTo"}]}
RESULT: undefined
COMMAND: POST /session/3247b862f9661e1dad05ca414f9e55ea/execute/async - {"script":"<script> [776 bytes]","args":[{"enterText":"1/20/26","selector":{"id":"application-manageconditionprice-display-component---newCondition--condValidTo","interaction":{"idSuffix":"inner"}},"clearTextFirst":true,"interactionType":"ENTER_TEXT"}]}
RESULT: {"script":"<script> [776 bytes]","args":[{"enterText":"1/20/26","selector":{"id":"application-manageconditionprice-display-component---newCondition--condValidTo","interaction":{"idSuffix":"inner"}},"clearTextFirst":true,"interactionType":"ENTER_TEXT"}]}
COMMAND: POST /session/3247b862f9661e1dad05ca414f9e55ea/element - {"using":"xpath","value":"//input[@id=\"application-manageconditionprice-display-component---newCondition--condRU-inner\"]"}
RESULT: {"using":"xpath","value":"//input[@id=\"application-manageconditionprice-display-component---newCondition--condRU-inner\"]"}
COMMAND: POST /session/3247b862f9661e1dad05ca414f9e55ea/element/f.BF6F4EA089F18175CED7BE484E452EA8.d.84C31930FDF94244653E1ECA3115CDE4.e.10228/clear - {}
RESULT: {}
COMMAND: POST /session/3247b862f9661e1dad05ca414f9e55ea/element/f.BF6F4EA089F18175CED7BE484E452EA8.d.84C31930FDF94244653E1ECA3115CDE4.e.10228/value - {"text":"1do9StutHf"}
COMMAND: GET /session/3247b862f9661e1dad05ca414f9e55ea/screenshot - {}
RESULT: {"text":"1do9StutHf"}
COMMAND: GET /session/3247b862f9661e1dad05ca414f9e55ea/screenshot - {}
RESULT: {}
RESULT: {}
COMMAND: POST /session/3247b862f9661e1dad05ca414f9e55ea/actions - {"actions":[{"id":"action34","type":"key","parameters":{},"actions":[{"type":"keyDown","value":"î€‡"},{"type":"pause","duration":10},{"type":"keyUp","value":"î€‡"}]}]}
RESULT: {"actions":[{"id":"action34","type":"key","parameters":{},"actions":[{"type":"keyDown","value":"î€‡"},{"type":"pause","duration":10},{"type":"keyUp","value":"î€‡"}]}]}
COMMAND: POST /session/3247b862f9661e1dad05ca414f9e55ea/execute/async - {"script":"<script> [1562 bytes]","args":[{"selector":{"id":"application-manageconditionprice-display-component---newCondition--condBaseQty","interaction":{"idSuffix":"inner"}},"wdio_ui5_key":"applicationmanageconditionprice-display-component---newCondition--condBaseQty"}]}
COMMAND: GET /session/3247b862f9661e1dad05ca414f9e55ea/screenshot - {}
RESULT: {"script":"<script> [1562 bytes]","args":[{"selector":{"id":"application-manageconditionprice-display-component---newCondition--condBaseQty","interaction":{"idSuffix":"inner"}},"wdio_ui5_key":"applicationmanageconditionprice-display-component---newCondition--condBaseQty"}]}
RESULT: undefined
COMMAND: POST /session/3247b862f9661e1dad05ca414f9e55ea/execute/async - {"script":"<script> [776 bytes]","args":[{"enterText":"1","selector":{"id":"application-manageconditionprice-display-component---newCondition--condBaseQty","interaction":{"idSuffix":"inner"}},"clearTextFirst":true,"interactionType":"ENTER_TEXT"}]}
RESULT: {}
RESULT: {"script":"<script> [776 bytes]","args":[{"enterText":"1","selector":{"id":"application-manageconditionprice-display-component---newCondition--condBaseQty","interaction":{"idSuffix":"inner"}},"clearTextFirst":true,"interactionType":"ENTER_TEXT"}]}
COMMAND: POST /session/3247b862f9661e1dad05ca414f9e55ea/execute/async - {"script":"<script> [1562 bytes]","args":[{"selector":{"id":"application-manageconditionprice-display-component---newCondition--condValue","interaction":{"idSuffix":"inner"}},"wdio_ui5_key":"applicationmanageconditionprice-display-component---newCondition--condValue"}]}
RESULT: {"script":"<script> [1562 bytes]","args":[{"selector":{"id":"application-manageconditionprice-display-component---newCondition--condValue","interaction":{"idSuffix":"inner"}},"wdio_ui5_key":"applicationmanageconditionprice-display-component---newCondition--condValue"}]}
RESULT: undefined
COMMAND: POST /session/3247b862f9661e1dad05ca414f9e55ea/execute/async - {"script":"<script> [776 bytes]","args":[{"enterText":"200","selector":{"id":"application-manageconditionprice-display-component---newCondition--condValue","interaction":{"idSuffix":"inner"}},"clearTextFirst":true,"interactionType":"ENTER_TEXT"}]}
RESULT: {"script":"<script> [776 bytes]","args":[{"enterText":"200","selector":{"id":"application-manageconditionprice-display-component---newCondition--condValue","interaction":{"idSuffix":"inner"}},"clearTextFirst":true,"interactionType":"ENTER_TEXT"}]}
COMMAND: POST /session/3247b862f9661e1dad05ca414f9e55ea/execute/async - {"script":"<script> [1562 bytes]","args":[{"selector":{"id":"application-manageconditionprice-display-component---newCondition--condCurr-arrow"},"wdio_ui5_key":"applicationmanageconditionprice-display-component---newCondition--condCurr-arrow"}]}
RESULT: {"script":"<script> [1562 bytes]","args":[{"selector":{"id":"application-manageconditionprice-display-component---newCondition--condCurr-arrow"},"wdio_ui5_key":"applicationmanageconditionprice-display-component---newCondition--condCurr-arrow"}]}
RESULT: undefined
COMMAND: POST /session/3247b862f9661e1dad05ca414f9e55ea/element - {"using":"xpath","value":"//*[@id=\"application-manageconditionprice-display-component---newCondition--condCurr-arrow\"]"}
RESULT: {"using":"xpath","value":"//*[@id=\"application-manageconditionprice-display-component---newCondition--condCurr-arrow\"]"}
COMMAND: POST /session/3247b862f9661e1dad05ca414f9e55ea/element/f.BF6F4EA089F18175CED7BE484E452EA8.d.84C31930FDF94244653E1ECA3115CDE4.e.10336/click - {}
RESULT: {}
COMMAND: POST /session/3247b862f9661e1dad05ca414f9e55ea/element - {"using":"xpath","value":"//span[contains(text(), \"Euro\")]"}
COMMAND: GET /session/3247b862f9661e1dad05ca414f9e55ea/screenshot - {}
RESULT: {"using":"xpath","value":"//span[contains(text(), \"Euro\")]"}
COMMAND: POST /session/3247b862f9661e1dad05ca414f9e55ea/element/f.BF6F4EA089F18175CED7BE484E452EA8.d.84C31930FDF94244653E1ECA3115CDE4.e.10404/click - {}
RESULT: {}
RESULT: {}
COMMAND: POST /session/3247b862f9661e1dad05ca414f9e55ea/element - {"using":"xpath","value":"//button[@data-kt=\"saveButton\"]"}
COMMAND: GET /session/3247b862f9661e1dad05ca414f9e55ea/screenshot - {}
RESULT: {"using":"xpath","value":"//button[@data-kt=\"saveButton\"]"}
COMMAND: POST /session/3247b862f9661e1dad05ca414f9e55ea/element/f.BF6F4EA089F18175CED7BE484E452EA8.d.84C31930FDF94244653E1ECA3115CDE4.e.10337/click - {}
RESULT: {}
RESULT: {}
COMMAND: GET /session/3247b862f9661e1dad05ca414f9e55ea/screenshot - {}
RESULT: {}
COMMAND: POST /session/3247b862f9661e1dad05ca414f9e55ea/execute/async - {"script":"<script> [1562 bytes]","args":[{"selector":{"id":"application-manageconditionprice-display-component---conditions--smartFilterBar-btnBasicSearch","interaction":{"idSuffix":"I"}},"wdio_ui5_key":"applicationmanageconditionprice-display-component---conditions--smartFilterBar-btnBasicSearch"}]}
RESULT: {"script":"<script> [1562 bytes]","args":[{"selector":{"id":"application-manageconditionprice-display-component---conditions--smartFilterBar-btnBasicSearch","interaction":{"idSuffix":"I"}},"wdio_ui5_key":"applicationmanageconditionprice-display-component---conditions--smartFilterBar-btnBasicSearch"}]}
RESULT: undefined
COMMAND: POST /session/3247b862f9661e1dad05ca414f9e55ea/execute/async - {"script":"<script> [776 bytes]","args":[{"enterText":"1do9StutHf","selector":{"id":"application-manageconditionprice-display-component---conditions--smartFilterBar-btnBasicSearch","interaction":{"idSuffix":"I"}},"clearTextFirst":true,"interactionType":"ENTER_TEXT"}]}
RESULT: {"script":"<script> [776 bytes]","args":[{"enterText":"1do9StutHf","selector":{"id":"application-manageconditionprice-display-component---conditions--smartFilterBar-btnBasicSearch","interaction":{"idSuffix":"I"}},"clearTextFirst":true,"interactionType":"ENTER_TEXT"}]}
COMMAND: POST /session/3247b862f9661e1dad05ca414f9e55ea/actions - {"actions":[{"id":"action35","type":"key","parameters":{},"actions":[{"type":"keyDown","value":"î€‡"},{"type":"pause","duration":10},{"type":"keyUp","value":"î€‡"}]}]}
RESULT: {"actions":[{"id":"action35","type":"key","parameters":{},"actions":[{"type":"keyDown","value":"î€‡"},{"type":"pause","duration":10},{"type":"keyUp","value":"î€‡"}]}]}
COMMAND: GET /session/3247b862f9661e1dad05ca414f9e55ea/screenshot - {}
RESULT: {}
COMMAND: POST /session/3247b862f9661e1dad05ca414f9e55ea/execute/async - {"script":"<script> [1562 bytes]","args":[{"selector":{"id":"application-manageconditionprice-display-component---conditions--smartFilterBar-filterItemControl_BASIC-BILL_TYPES-vhi"},"wdio_ui5_key":"applicationmanageconditionprice-display-component---conditions--smartFilterBar-filterItemControl_BASIC-BILL_TYPES-vhi"}]}
RESULT: {"script":"<script> [1562 bytes]","args":[{"selector":{"id":"application-manageconditionprice-display-component---conditions--smartFilterBar-filterItemControl_BASIC-BILL_TYPES-vhi"},"wdio_ui5_key":"applicationmanageconditionprice-display-component---conditions--smartFilterBar-filterItemControl_BASIC-BILL_TYPES-vhi"}]}
RESULT: undefined
COMMAND: POST /session/3247b862f9661e1dad05ca414f9e55ea/element - {"using":"xpath","value":"//*[@id=\"application-manageconditionprice-display-component---conditions--smartFilterBar-filterItemControl_BASIC-BILL_TYPES-vhi\"]"}
RESULT: {"using":"xpath","value":"//*[@id=\"application-manageconditionprice-display-component---conditions--smartFilterBar-filterItemControl_BASIC-BILL_TYPES-vhi\"]"}
COMMAND: POST /session/3247b862f9661e1dad05ca414f9e55ea/element/f.BF6F4EA089F18175CED7BE484E452EA8.d.84C31930FDF94244653E1ECA3115CDE4.e.10511/click - {}
RESULT: {}
COMMAND: POST /session/3247b862f9661e1dad05ca414f9e55ea/execute/async - {"script":"<script> [1562 bytes]","args":[{"selector":{"id":"application-manageconditionprice-display-component---conditions--smartFilterBar-filterItemControl_BASIC-BILL_TYPES-valueHelpDialog-smartFilterBar-btnBasicSearch","searchOpenDialogs":true,"interaction":{"idSuffix":"I"}},"wdio_ui5_key":"applicationmanageconditionprice-display-component---conditions--smartFilterBar-filterItemControl_BASIC-BILL_TYPES-valueHelpDialog-smartFilterBar-btnBasicSearch"}]}
COMMAND: GET /session/3247b862f9661e1dad05ca414f9e55ea/screenshot - {}
RESULT: {"script":"<script> [1562 bytes]","args":[{"selector":{"id":"application-manageconditionprice-display-component---conditions--smartFilterBar-filterItemControl_BASIC-BILL_TYPES-valueHelpDialog-smartFilterBar-btnBasicSearch","searchOpenDialogs":true,"interaction":{"idSuffix":"I"}},"wdio_ui5_key":"applicationmanageconditionprice-display-component---conditions--smartFilterBar-filterItemControl_BASIC-BILL_TYPES-valueHelpDialog-smartFilterBar-btnBasicSearch"}]}
RESULT: undefined
COMMAND: POST /session/3247b862f9661e1dad05ca414f9e55ea/execute/async - {"script":"<script> [776 bytes]","args":[{"enterText":"one","selector":{"id":"application-manageconditionprice-display-component---conditions--smartFilterBar-filterItemControl_BASIC-BILL_TYPES-valueHelpDialog-smartFilterBar-btnBasicSearch","searchOpenDialogs":true,"interaction":{"idSuffix":"I"}},"clearTextFirst":true,"interactionType":"ENTER_TEXT"}]}
RESULT: {}
RESULT: {"script":"<script> [776 bytes]","args":[{"enterText":"one","selector":{"id":"application-manageconditionprice-display-component---conditions--smartFilterBar-filterItemControl_BASIC-BILL_TYPES-valueHelpDialog-smartFilterBar-btnBasicSearch","searchOpenDialogs":true,"interaction":{"idSuffix":"I"}},"clearTextFirst":true,"interactionType":"ENTER_TEXT"}]}
COMMAND: POST /session/3247b862f9661e1dad05ca414f9e55ea/actions - {"actions":[{"id":"action36","type":"key","parameters":{},"actions":[{"type":"keyDown","value":"î€‡"},{"type":"pause","duration":10},{"type":"keyUp","value":"î€‡"}]}]}
RESULT: {"actions":[{"id":"action36","type":"key","parameters":{},"actions":[{"type":"keyDown","value":"î€‡"},{"type":"pause","duration":10},{"type":"keyUp","value":"î€‡"}]}]}
COMMAND: GET /session/3247b862f9661e1dad05ca414f9e55ea/screenshot - {}
RESULT: {}
COMMAND: POST /session/3247b862f9661e1dad05ca414f9e55ea/element - {"using":"xpath","value":"//div[contains(@id, 'application-manageconditionprice-display-component---conditions--smartFilterBar-filterItemControl_BASIC-BILL_TYPES-valueHelpDialog-table-rowsel0')]"}
RESULT: {"using":"xpath","value":"//div[contains(@id, 'application-manageconditionprice-display-component---conditions--smartFilterBar-filterItemControl_BASIC-BILL_TYPES-valueHelpDialog-table-rowsel0')]"}
COMMAND: POST /session/3247b862f9661e1dad05ca414f9e55ea/element/f.BF6F4EA089F18175CED7BE484E452EA8.d.84C31930FDF94244653E1ECA3115CDE4.e.10520/click - {}
RESULT: {}
COMMAND: GET /session/3247b862f9661e1dad05ca414f9e55ea/screenshot - {}
RESULT: {}
COMMAND: POST /session/3247b862f9661e1dad05ca414f9e55ea/element - {"using":"xpath","value":"//bdi[contains(text(), \"OK\")]"}
RESULT: {"using":"xpath","value":"//bdi[contains(text(), \"OK\")]"}
COMMAND: POST /session/3247b862f9661e1dad05ca414f9e55ea/element/f.BF6F4EA089F18175CED7BE484E452EA8.d.84C31930FDF94244653E1ECA3115CDE4.e.10522/click - {}
RESULT: {}
COMMAND: GET /session/3247b862f9661e1dad05ca414f9e55ea/screenshot - {}
RESULT: {}
COMMAND: POST /session/3247b862f9661e1dad05ca414f9e55ea/element - {"using":"xpath","value":"//span[@id=\"application-manageconditionprice-display-component---conditions--smartTable-header-inner\"]"}
RESULT: {"using":"xpath","value":"//span[@id=\"application-manageconditionprice-display-component---conditions--smartTable-header-inner\"]"}
COMMAND: POST /session/3247b862f9661e1dad05ca414f9e55ea/elements - {"using":"xpath","value":"//span[@id=\"application-manageconditionprice-display-component---conditions--smartTable-header-inner\"]"}
RESULT: {"using":"xpath","value":"//span[@id=\"application-manageconditionprice-display-component---conditions--smartTable-header-inner\"]"}
COMMAND: POST /session/3247b862f9661e1dad05ca414f9e55ea/execute/sync - {"script":"<script> [56 bytes]","args":[{"element-6066-11e4-a52e-4f735466cecf":"f.BF6F4EA089F18175CED7BE484E452EA8.d.84C31930FDF94244653E1ECA3115CDE4.e.10525","ELEMENT":"f.BF6F4EA089F18175CED7BE484E452EA8.d.84C31930FDF94244653E1ECA3115CDE4.e.10525"}]}
RESULT: {"script":"<script> [56 bytes]","args":[{"element-6066-11e4-a52e-4f735466cecf":"f.BF6F4EA089F18175CED7BE484E452EA8.d.84C31930FDF94244653E1ECA3115CDE4.e.10525","ELEMENT":"f.BF6F4EA089F18175CED7BE484E452EA8.d.84C31930FDF94244653E1ECA3115CDE4.e.10525"}]}
COMMAND: POST /session/3247b862f9661e1dad05ca414f9e55ea/element - {"using":"css selector","value":"#shell-header-logo"}
COMMAND: GET /session/3247b862f9661e1dad05ca414f9e55ea/screenshot - {}
RESULT: {"using":"css selector","value":"#shell-header-logo"}
COMMAND: POST /session/3247b862f9661e1dad05ca414f9e55ea/element/f.BF6F4EA089F18175CED7BE484E452EA8.d.84C31930FDF94244653E1ECA3115CDE4.e.10152/click - {}
RESULT: {}
RESULT: {}
COMMAND: GET /session/3247b862f9661e1dad05ca414f9e55ea/screenshot - {}
RESULT: {}
]]></system-out>
    </testcase>
    <testcase classname="chrome.136_0_7103_93.windows.Create_master_data_for_mixed_billing_&amp;_do_billing_calculation_US151661" name="Should add performance based condition" time="64.092">
      <system-out><![CDATA[
RESULT: undefined
COMMAND: POST /session/3247b862f9661e1dad05ca414f9e55ea/element - {"using":"xpath","value":"//*[@id=\"__tile93\"]"}
RESULT: {"using":"xpath","value":"//*[@id=\"__tile93\"]"}
COMMAND: POST /session/3247b862f9661e1dad05ca414f9e55ea/element/f.BF6F4EA089F18175CED7BE484E452EA8.d.84C31930FDF94244653E1ECA3115CDE4.e.9084/click - {}
RESULT: {}
COMMAND: GET /session/3247b862f9661e1dad05ca414f9e55ea/screenshot - {}
RESULT: {}
COMMAND: POST /session/3247b862f9661e1dad05ca414f9e55ea/elements - {"using":"xpath","value":"//span[text()='Error']"}
RESULT: {"using":"xpath","value":"//span[text()='Error']"}
COMMAND: POST /session/3247b862f9661e1dad05ca414f9e55ea/element - {"using":"xpath","value":"//button[@aria-label=\"Create\"]"}
RESULT: {"using":"xpath","value":"//button[@aria-label=\"Create\"]"}
COMMAND: POST /session/3247b862f9661e1dad05ca414f9e55ea/elements - {"using":"xpath","value":"//button[@aria-label=\"Create\"]"}
RESULT: {"using":"xpath","value":"//button[@aria-label=\"Create\"]"}
COMMAND: POST /session/3247b862f9661e1dad05ca414f9e55ea/execute/sync - {"script":"<script> [8489 bytes]","args":[{"element-6066-11e4-a52e-4f735466cecf":"f.BF6F4EA089F18175CED7BE484E452EA8.d.84C31930FDF94244653E1ECA3115CDE4.e.10589","ELEMENT":"f.BF6F4EA089F18175CED7BE484E452EA8.d.84C31930FDF94244653E1ECA3115CDE4.e.10589"}]}
RESULT: {"script":"<script> [8489 bytes]","args":[{"element-6066-11e4-a52e-4f735466cecf":"f.BF6F4EA089F18175CED7BE484E452EA8.d.84C31930FDF94244653E1ECA3115CDE4.e.10589","ELEMENT":"f.BF6F4EA089F18175CED7BE484E452EA8.d.84C31930FDF94244653E1ECA3115CDE4.e.10589"}]}
COMMAND: GET /session/3247b862f9661e1dad05ca414f9e55ea/element/f.BF6F4EA089F18175CED7BE484E452EA8.d.84C31930FDF94244653E1ECA3115CDE4.e.10589/enabled - {}
COMMAND: GET /session/3247b862f9661e1dad05ca414f9e55ea/screenshot - {}
RESULT: {}
COMMAND: POST /session/3247b862f9661e1dad05ca414f9e55ea/execute/sync - {"script":"<script> [8489 bytes]","args":[{"element-6066-11e4-a52e-4f735466cecf":"f.BF6F4EA089F18175CED7BE484E452EA8.d.84C31930FDF94244653E1ECA3115CDE4.e.10589","ELEMENT":"f.BF6F4EA089F18175CED7BE484E452EA8.d.84C31930FDF94244653E1ECA3115CDE4.e.10589"}]}
COMMAND: GET /session/3247b862f9661e1dad05ca414f9e55ea/screenshot - {}
RESULT: {}
RESULT: {"script":"<script> [8489 bytes]","args":[{"element-6066-11e4-a52e-4f735466cecf":"f.BF6F4EA089F18175CED7BE484E452EA8.d.84C31930FDF94244653E1ECA3115CDE4.e.10589","ELEMENT":"f.BF6F4EA089F18175CED7BE484E452EA8.d.84C31930FDF94244653E1ECA3115CDE4.e.10589"}]}
COMMAND: POST /session/3247b862f9661e1dad05ca414f9e55ea/execute/sync - {"script":"<script> [5351 bytes]","args":[{"element-6066-11e4-a52e-4f735466cecf":"f.BF6F4EA089F18175CED7BE484E452EA8.d.84C31930FDF94244653E1ECA3115CDE4.e.10589","ELEMENT":"f.BF6F4EA089F18175CED7BE484E452EA8.d.84C31930FDF94244653E1ECA3115CDE4.e.10589"}]}
COMMAND: GET /session/3247b862f9661e1dad05ca414f9e55ea/screenshot - {}
RESULT: {}
RESULT: {"script":"<script> [5351 bytes]","args":[{"element-6066-11e4-a52e-4f735466cecf":"f.BF6F4EA089F18175CED7BE484E452EA8.d.84C31930FDF94244653E1ECA3115CDE4.e.10589","ELEMENT":"f.BF6F4EA089F18175CED7BE484E452EA8.d.84C31930FDF94244653E1ECA3115CDE4.e.10589"}]}
COMMAND: POST /session/3247b862f9661e1dad05ca414f9e55ea/element/f.BF6F4EA089F18175CED7BE484E452EA8.d.84C31930FDF94244653E1ECA3115CDE4.e.10589/click - {}
COMMAND: GET /session/3247b862f9661e1dad05ca414f9e55ea/screenshot - {}
RESULT: {}
RESULT: {}
COMMAND: GET /session/3247b862f9661e1dad05ca414f9e55ea/screenshot - {}
RESULT: {}
RESULT: {}
COMMAND: POST /session/3247b862f9661e1dad05ca414f9e55ea/actions - {"actions":[{"id":"action37","type":"key","parameters":{},"actions":[{"type":"keyDown","value":"î€‡"},{"type":"pause","duration":10},{"type":"keyUp","value":"î€‡"}]}]}
RESULT: {"actions":[{"id":"action37","type":"key","parameters":{},"actions":[{"type":"keyDown","value":"î€‡"},{"type":"pause","duration":10},{"type":"keyUp","value":"î€‡"}]}]}
COMMAND: GET /session/3247b862f9661e1dad05ca414f9e55ea/screenshot - {}
RESULT: {}
RESULT: undefined
COMMAND: POST /session/3247b862f9661e1dad05ca414f9e55ea/element - {"using":"xpath","value":"//*[@id=\"application-manageconditionprice-display-component---newCondition--condBillCond-arrow\"]"}
RESULT: {"using":"xpath","value":"//*[@id=\"application-manageconditionprice-display-component---newCondition--condBillCond-arrow\"]"}
COMMAND: POST /session/3247b862f9661e1dad05ca414f9e55ea/element/f.BF6F4EA089F18175CED7BE484E452EA8.d.84C31930FDF94244653E1ECA3115CDE4.e.11399/click - {}
RESULT: {}
COMMAND: GET /session/3247b862f9661e1dad05ca414f9e55ea/screenshot - {}
RESULT: {}
COMMAND: POST /session/3247b862f9661e1dad05ca414f9e55ea/element - {"using":"xpath","value":"//li[.//span[contains(text(), \"PC06 - Performance Price - fuel\")]]"}
RESULT: {"using":"xpath","value":"//li[.//span[contains(text(), \"PC06 - Performance Price - fuel\")]]"}
COMMAND: POST /session/3247b862f9661e1dad05ca414f9e55ea/element/f.BF6F4EA089F18175CED7BE484E452EA8.d.84C31930FDF94244653E1ECA3115CDE4.e.11402/click - {}
RESULT: {}
COMMAND: GET /session/3247b862f9661e1dad05ca414f9e55ea/screenshot - {}
RESULT: {}
RESULT: undefined
COMMAND: POST /session/3247b862f9661e1dad05ca414f9e55ea/execute/async - {"script":"<script> [776 bytes]","args":[{"enterText":"1/20/26","selector":{"id":"application-manageconditionprice-display-component---newCondition--condValidTo","interaction":{"idSuffix":"inner"}},"clearTextFirst":true,"interactionType":"ENTER_TEXT"}]}
RESULT: {"script":"<script> [776 bytes]","args":[{"enterText":"1/20/26","selector":{"id":"application-manageconditionprice-display-component---newCondition--condValidTo","interaction":{"idSuffix":"inner"}},"clearTextFirst":true,"interactionType":"ENTER_TEXT"}]}
COMMAND: POST /session/3247b862f9661e1dad05ca414f9e55ea/element - {"using":"xpath","value":"//input[@id=\"application-manageconditionprice-display-component---newCondition--condRU-inner\"]"}
RESULT: {"using":"xpath","value":"//input[@id=\"application-manageconditionprice-display-component---newCondition--condRU-inner\"]"}
COMMAND: POST /session/3247b862f9661e1dad05ca414f9e55ea/element/f.BF6F4EA089F18175CED7BE484E452EA8.d.84C31930FDF94244653E1ECA3115CDE4.e.11123/clear - {}
RESULT: {}
COMMAND: POST /session/3247b862f9661e1dad05ca414f9e55ea/element/f.BF6F4EA089F18175CED7BE484E452EA8.d.84C31930FDF94244653E1ECA3115CDE4.e.11123/value - {"text":"1do9StutHf"}
COMMAND: GET /session/3247b862f9661e1dad05ca414f9e55ea/screenshot - {}
RESULT: {"text":"1do9StutHf"}
COMMAND: GET /session/3247b862f9661e1dad05ca414f9e55ea/screenshot - {}
RESULT: {}
RESULT: {}
COMMAND: POST /session/3247b862f9661e1dad05ca414f9e55ea/actions - {"actions":[{"id":"action38","type":"key","parameters":{},"actions":[{"type":"keyDown","value":"î€‡"},{"type":"pause","duration":10},{"type":"keyUp","value":"î€‡"}]}]}
RESULT: {"actions":[{"id":"action38","type":"key","parameters":{},"actions":[{"type":"keyDown","value":"î€‡"},{"type":"pause","duration":10},{"type":"keyUp","value":"î€‡"}]}]}
RESULT: undefined
COMMAND: POST /session/3247b862f9661e1dad05ca414f9e55ea/execute/async - {"script":"<script> [776 bytes]","args":[{"enterText":"1","selector":{"id":"application-manageconditionprice-display-component---newCondition--condBaseQty","interaction":{"idSuffix":"inner"}},"clearTextFirst":true,"interactionType":"ENTER_TEXT"}]}
COMMAND: GET /session/3247b862f9661e1dad05ca414f9e55ea/screenshot - {}
RESULT: {"script":"<script> [776 bytes]","args":[{"enterText":"1","selector":{"id":"application-manageconditionprice-display-component---newCondition--condBaseQty","interaction":{"idSuffix":"inner"}},"clearTextFirst":true,"interactionType":"ENTER_TEXT"}]}
RESULT: undefined
COMMAND: POST /session/3247b862f9661e1dad05ca414f9e55ea/execute/async - {"script":"<script> [776 bytes]","args":[{"enterText":"10","selector":{"id":"application-manageconditionprice-display-component---newCondition--condValue","interaction":{"idSuffix":"inner"}},"clearTextFirst":true,"interactionType":"ENTER_TEXT"}]}
RESULT: {}
RESULT: {"script":"<script> [776 bytes]","args":[{"enterText":"10","selector":{"id":"application-manageconditionprice-display-component---newCondition--condValue","interaction":{"idSuffix":"inner"}},"clearTextFirst":true,"interactionType":"ENTER_TEXT"}]}
RESULT: undefined
COMMAND: POST /session/3247b862f9661e1dad05ca414f9e55ea/element - {"using":"xpath","value":"//*[@id=\"application-manageconditionprice-display-component---newCondition--condCurr-arrow\"]"}
RESULT: {"using":"xpath","value":"//*[@id=\"application-manageconditionprice-display-component---newCondition--condCurr-arrow\"]"}
COMMAND: POST /session/3247b862f9661e1dad05ca414f9e55ea/element/f.BF6F4EA089F18175CED7BE484E452EA8.d.84C31930FDF94244653E1ECA3115CDE4.e.11352/click - {}
RESULT: {}
COMMAND: POST /session/3247b862f9661e1dad05ca414f9e55ea/element - {"using":"xpath","value":"//span[contains(text(), \"Euro\")]"}
COMMAND: GET /session/3247b862f9661e1dad05ca414f9e55ea/screenshot - {}
RESULT: {"using":"xpath","value":"//span[contains(text(), \"Euro\")]"}
COMMAND: POST /session/3247b862f9661e1dad05ca414f9e55ea/element/f.BF6F4EA089F18175CED7BE484E452EA8.d.84C31930FDF94244653E1ECA3115CDE4.e.11436/click - {}
RESULT: {}
RESULT: {}
COMMAND: POST /session/3247b862f9661e1dad05ca414f9e55ea/element - {"using":"xpath","value":"//button[@data-kt=\"saveButton\"]"}
COMMAND: GET /session/3247b862f9661e1dad05ca414f9e55ea/screenshot - {}
RESULT: {"using":"xpath","value":"//button[@data-kt=\"saveButton\"]"}
COMMAND: POST /session/3247b862f9661e1dad05ca414f9e55ea/element/f.BF6F4EA089F18175CED7BE484E452EA8.d.84C31930FDF94244653E1ECA3115CDE4.e.11353/click - {}
RESULT: {}
RESULT: {}
COMMAND: GET /session/3247b862f9661e1dad05ca414f9e55ea/screenshot - {}
RESULT: {}
RESULT: undefined
COMMAND: POST /session/3247b862f9661e1dad05ca414f9e55ea/execute/async - {"script":"<script> [776 bytes]","args":[{"enterText":"1do9StutHf","selector":{"id":"application-manageconditionprice-display-component---conditions--smartFilterBar-btnBasicSearch","interaction":{"idSuffix":"I"}},"clearTextFirst":true,"interactionType":"ENTER_TEXT"}]}
RESULT: {"script":"<script> [776 bytes]","args":[{"enterText":"1do9StutHf","selector":{"id":"application-manageconditionprice-display-component---conditions--smartFilterBar-btnBasicSearch","interaction":{"idSuffix":"I"}},"clearTextFirst":true,"interactionType":"ENTER_TEXT"}]}
COMMAND: POST /session/3247b862f9661e1dad05ca414f9e55ea/actions - {"actions":[{"id":"action39","type":"key","parameters":{},"actions":[{"type":"keyDown","value":"î€‡"},{"type":"pause","duration":10},{"type":"keyUp","value":"î€‡"}]}]}
RESULT: {"actions":[{"id":"action39","type":"key","parameters":{},"actions":[{"type":"keyDown","value":"î€‡"},{"type":"pause","duration":10},{"type":"keyUp","value":"î€‡"}]}]}
COMMAND: GET /session/3247b862f9661e1dad05ca414f9e55ea/screenshot - {}
RESULT: {}
RESULT: undefined
COMMAND: POST /session/3247b862f9661e1dad05ca414f9e55ea/element - {"using":"xpath","value":"//*[@id=\"application-manageconditionprice-display-component---conditions--smartFilterBar-filterItemControl_BASIC-BILL_TYPES-vhi\"]"}
RESULT: {"using":"xpath","value":"//*[@id=\"application-manageconditionprice-display-component---conditions--smartFilterBar-filterItemControl_BASIC-BILL_TYPES-vhi\"]"}
COMMAND: POST /session/3247b862f9661e1dad05ca414f9e55ea/element/f.BF6F4EA089F18175CED7BE484E452EA8.d.84C31930FDF94244653E1ECA3115CDE4.e.11475/click - {}
RESULT: {}
RESULT: undefined
COMMAND: POST /session/3247b862f9661e1dad05ca414f9e55ea/execute/async - {"script":"<script> [776 bytes]","args":[{"enterText":"PB","selector":{"id":"application-manageconditionprice-display-component---conditions--smartFilterBar-filterItemControl_BASIC-BILL_TYPES-valueHelpDialog-smartFilterBar-btnBasicSearch","searchOpenDialogs":true,"interaction":{"idSuffix":"I"}},"clearTextFirst":true,"interactionType":"ENTER_TEXT"}]}
COMMAND: GET /session/3247b862f9661e1dad05ca414f9e55ea/screenshot - {}
RESULT: {"script":"<script> [776 bytes]","args":[{"enterText":"PB","selector":{"id":"application-manageconditionprice-display-component---conditions--smartFilterBar-filterItemControl_BASIC-BILL_TYPES-valueHelpDialog-smartFilterBar-btnBasicSearch","searchOpenDialogs":true,"interaction":{"idSuffix":"I"}},"clearTextFirst":true,"interactionType":"ENTER_TEXT"}]}
COMMAND: POST /session/3247b862f9661e1dad05ca414f9e55ea/actions - {"actions":[{"id":"action40","type":"key","parameters":{},"actions":[{"type":"keyDown","value":"î€‡"},{"type":"pause","duration":10},{"type":"keyUp","value":"î€‡"}]}]}
RESULT: {}
RESULT: {"actions":[{"id":"action40","type":"key","parameters":{},"actions":[{"type":"keyDown","value":"î€‡"},{"type":"pause","duration":10},{"type":"keyUp","value":"î€‡"}]}]}
COMMAND: GET /session/3247b862f9661e1dad05ca414f9e55ea/screenshot - {}
RESULT: {}
COMMAND: POST /session/3247b862f9661e1dad05ca414f9e55ea/element - {"using":"xpath","value":"//div[contains(@id, 'application-manageconditionprice-display-component---conditions--smartFilterBar-filterItemControl_BASIC-BILL_TYPES-valueHelpDialog-table-rowsel0')]"}
RESULT: {"using":"xpath","value":"//div[contains(@id, 'application-manageconditionprice-display-component---conditions--smartFilterBar-filterItemControl_BASIC-BILL_TYPES-valueHelpDialog-table-rowsel0')]"}
COMMAND: POST /session/3247b862f9661e1dad05ca414f9e55ea/element/f.BF6F4EA089F18175CED7BE484E452EA8.d.84C31930FDF94244653E1ECA3115CDE4.e.11483/click - {}
RESULT: {}
COMMAND: GET /session/3247b862f9661e1dad05ca414f9e55ea/screenshot - {}
RESULT: {}
COMMAND: POST /session/3247b862f9661e1dad05ca414f9e55ea/element - {"using":"xpath","value":"//bdi[contains(text(), \"OK\")]"}
RESULT: {"using":"xpath","value":"//bdi[contains(text(), \"OK\")]"}
COMMAND: POST /session/3247b862f9661e1dad05ca414f9e55ea/element/f.BF6F4EA089F18175CED7BE484E452EA8.d.84C31930FDF94244653E1ECA3115CDE4.e.11485/click - {}
RESULT: {}
COMMAND: GET /session/3247b862f9661e1dad05ca414f9e55ea/screenshot - {}
RESULT: {}
COMMAND: POST /session/3247b862f9661e1dad05ca414f9e55ea/element - {"using":"xpath","value":"//span[@id=\"application-manageconditionprice-display-component---conditions--smartTable-header-inner\"]"}
RESULT: {"using":"xpath","value":"//span[@id=\"application-manageconditionprice-display-component---conditions--smartTable-header-inner\"]"}
COMMAND: POST /session/3247b862f9661e1dad05ca414f9e55ea/elements - {"using":"xpath","value":"//span[@id=\"application-manageconditionprice-display-component---conditions--smartTable-header-inner\"]"}
RESULT: {"using":"xpath","value":"//span[@id=\"application-manageconditionprice-display-component---conditions--smartTable-header-inner\"]"}
COMMAND: POST /session/3247b862f9661e1dad05ca414f9e55ea/execute/sync - {"script":"<script> [56 bytes]","args":[{"element-6066-11e4-a52e-4f735466cecf":"f.BF6F4EA089F18175CED7BE484E452EA8.d.84C31930FDF94244653E1ECA3115CDE4.e.11488","ELEMENT":"f.BF6F4EA089F18175CED7BE484E452EA8.d.84C31930FDF94244653E1ECA3115CDE4.e.11488"}]}
RESULT: {"script":"<script> [56 bytes]","args":[{"element-6066-11e4-a52e-4f735466cecf":"f.BF6F4EA089F18175CED7BE484E452EA8.d.84C31930FDF94244653E1ECA3115CDE4.e.11488","ELEMENT":"f.BF6F4EA089F18175CED7BE484E452EA8.d.84C31930FDF94244653E1ECA3115CDE4.e.11488"}]}
COMMAND: POST /session/3247b862f9661e1dad05ca414f9e55ea/element - {"using":"css selector","value":"#shell-header-logo"}
COMMAND: GET /session/3247b862f9661e1dad05ca414f9e55ea/screenshot - {}
RESULT: {"using":"css selector","value":"#shell-header-logo"}
COMMAND: POST /session/3247b862f9661e1dad05ca414f9e55ea/element/f.BF6F4EA089F18175CED7BE484E452EA8.d.84C31930FDF94244653E1ECA3115CDE4.e.10533/click - {}
RESULT: {}
RESULT: {}
COMMAND: GET /session/3247b862f9661e1dad05ca414f9e55ea/screenshot - {}
RESULT: {}
]]></system-out>
    </testcase>
    <testcase classname="chrome.136_0_7103_93.windows.Create_master_data_for_mixed_billing_&amp;_do_billing_calculation_US151661" name="Should add time based condition" time="63.261">
      <system-out><![CDATA[
RESULT: undefined
COMMAND: POST /session/3247b862f9661e1dad05ca414f9e55ea/element - {"using":"xpath","value":"//*[@id=\"__tile93\"]"}
RESULT: {"using":"xpath","value":"//*[@id=\"__tile93\"]"}
COMMAND: POST /session/3247b862f9661e1dad05ca414f9e55ea/element/f.BF6F4EA089F18175CED7BE484E452EA8.d.84C31930FDF94244653E1ECA3115CDE4.e.9084/click - {}
RESULT: {}
COMMAND: GET /session/3247b862f9661e1dad05ca414f9e55ea/screenshot - {}
COMMAND: POST /session/3247b862f9661e1dad05ca414f9e55ea/elements - {"using":"xpath","value":"//span[text()='Error']"}
RESULT: {}
RESULT: {"using":"xpath","value":"//span[text()='Error']"}
COMMAND: POST /session/3247b862f9661e1dad05ca414f9e55ea/element - {"using":"xpath","value":"//button[@aria-label=\"Create\"]"}
RESULT: {"using":"xpath","value":"//button[@aria-label=\"Create\"]"}
COMMAND: POST /session/3247b862f9661e1dad05ca414f9e55ea/elements - {"using":"xpath","value":"//button[@aria-label=\"Create\"]"}
RESULT: {"using":"xpath","value":"//button[@aria-label=\"Create\"]"}
COMMAND: POST /session/3247b862f9661e1dad05ca414f9e55ea/execute/sync - {"script":"<script> [8489 bytes]","args":[{"element-6066-11e4-a52e-4f735466cecf":"f.BF6F4EA089F18175CED7BE484E452EA8.d.84C31930FDF94244653E1ECA3115CDE4.e.11634","ELEMENT":"f.BF6F4EA089F18175CED7BE484E452EA8.d.84C31930FDF94244653E1ECA3115CDE4.e.11634"}]}
RESULT: {"script":"<script> [8489 bytes]","args":[{"element-6066-11e4-a52e-4f735466cecf":"f.BF6F4EA089F18175CED7BE484E452EA8.d.84C31930FDF94244653E1ECA3115CDE4.e.11634","ELEMENT":"f.BF6F4EA089F18175CED7BE484E452EA8.d.84C31930FDF94244653E1ECA3115CDE4.e.11634"}]}
COMMAND: GET /session/3247b862f9661e1dad05ca414f9e55ea/element/f.BF6F4EA089F18175CED7BE484E452EA8.d.84C31930FDF94244653E1ECA3115CDE4.e.11634/enabled - {}
COMMAND: GET /session/3247b862f9661e1dad05ca414f9e55ea/screenshot - {}
RESULT: {}
COMMAND: POST /session/3247b862f9661e1dad05ca414f9e55ea/execute/sync - {"script":"<script> [8489 bytes]","args":[{"element-6066-11e4-a52e-4f735466cecf":"f.BF6F4EA089F18175CED7BE484E452EA8.d.84C31930FDF94244653E1ECA3115CDE4.e.11634","ELEMENT":"f.BF6F4EA089F18175CED7BE484E452EA8.d.84C31930FDF94244653E1ECA3115CDE4.e.11634"}]}
COMMAND: GET /session/3247b862f9661e1dad05ca414f9e55ea/screenshot - {}
RESULT: {}
RESULT: {"script":"<script> [8489 bytes]","args":[{"element-6066-11e4-a52e-4f735466cecf":"f.BF6F4EA089F18175CED7BE484E452EA8.d.84C31930FDF94244653E1ECA3115CDE4.e.11634","ELEMENT":"f.BF6F4EA089F18175CED7BE484E452EA8.d.84C31930FDF94244653E1ECA3115CDE4.e.11634"}]}
COMMAND: POST /session/3247b862f9661e1dad05ca414f9e55ea/execute/sync - {"script":"<script> [5351 bytes]","args":[{"element-6066-11e4-a52e-4f735466cecf":"f.BF6F4EA089F18175CED7BE484E452EA8.d.84C31930FDF94244653E1ECA3115CDE4.e.11634","ELEMENT":"f.BF6F4EA089F18175CED7BE484E452EA8.d.84C31930FDF94244653E1ECA3115CDE4.e.11634"}]}
COMMAND: GET /session/3247b862f9661e1dad05ca414f9e55ea/screenshot - {}
RESULT: {}
RESULT: {"script":"<script> [5351 bytes]","args":[{"element-6066-11e4-a52e-4f735466cecf":"f.BF6F4EA089F18175CED7BE484E452EA8.d.84C31930FDF94244653E1ECA3115CDE4.e.11634","ELEMENT":"f.BF6F4EA089F18175CED7BE484E452EA8.d.84C31930FDF94244653E1ECA3115CDE4.e.11634"}]}
COMMAND: POST /session/3247b862f9661e1dad05ca414f9e55ea/element/f.BF6F4EA089F18175CED7BE484E452EA8.d.84C31930FDF94244653E1ECA3115CDE4.e.11634/click - {}
COMMAND: GET /session/3247b862f9661e1dad05ca414f9e55ea/screenshot - {}
RESULT: {}
RESULT: {}
COMMAND: GET /session/3247b862f9661e1dad05ca414f9e55ea/screenshot - {}
RESULT: {}
RESULT: {}
COMMAND: POST /session/3247b862f9661e1dad05ca414f9e55ea/actions - {"actions":[{"id":"action41","type":"key","parameters":{},"actions":[{"type":"keyDown","value":"î€‡"},{"type":"pause","duration":10},{"type":"keyUp","value":"î€‡"}]}]}
RESULT: {"actions":[{"id":"action41","type":"key","parameters":{},"actions":[{"type":"keyDown","value":"î€‡"},{"type":"pause","duration":10},{"type":"keyUp","value":"î€‡"}]}]}
COMMAND: GET /session/3247b862f9661e1dad05ca414f9e55ea/screenshot - {}
RESULT: undefined
COMMAND: POST /session/3247b862f9661e1dad05ca414f9e55ea/element - {"using":"xpath","value":"//*[@id=\"application-manageconditionprice-display-component---newCondition--condBillCond-arrow\"]"}
RESULT: {}
RESULT: {"using":"xpath","value":"//*[@id=\"application-manageconditionprice-display-component---newCondition--condBillCond-arrow\"]"}
COMMAND: POST /session/3247b862f9661e1dad05ca414f9e55ea/element/f.BF6F4EA089F18175CED7BE484E452EA8.d.84C31930FDF94244653E1ECA3115CDE4.e.12054/click - {}
RESULT: {}
COMMAND: GET /session/3247b862f9661e1dad05ca414f9e55ea/screenshot - {}
RESULT: {}
COMMAND: POST /session/3247b862f9661e1dad05ca414f9e55ea/element - {"using":"xpath","value":"//li[.//span[contains(text(), \"DISP - D&I special price\")]]"}
RESULT: {"using":"xpath","value":"//li[.//span[contains(text(), \"DISP - D&I special price\")]]"}
COMMAND: POST /session/3247b862f9661e1dad05ca414f9e55ea/element/f.BF6F4EA089F18175CED7BE484E452EA8.d.84C31930FDF94244653E1ECA3115CDE4.e.12057/click - {}
RESULT: {}
COMMAND: GET /session/3247b862f9661e1dad05ca414f9e55ea/screenshot - {}
RESULT: {}
RESULT: undefined
COMMAND: POST /session/3247b862f9661e1dad05ca414f9e55ea/execute/async - {"script":"<script> [776 bytes]","args":[{"enterText":"1/20/26","selector":{"id":"application-manageconditionprice-display-component---newCondition--condValidTo","interaction":{"idSuffix":"inner"}},"clearTextFirst":true,"interactionType":"ENTER_TEXT"}]}
RESULT: {"script":"<script> [776 bytes]","args":[{"enterText":"1/20/26","selector":{"id":"application-manageconditionprice-display-component---newCondition--condValidTo","interaction":{"idSuffix":"inner"}},"clearTextFirst":true,"interactionType":"ENTER_TEXT"}]}
COMMAND: POST /session/3247b862f9661e1dad05ca414f9e55ea/element - {"using":"xpath","value":"//input[@id=\"application-manageconditionprice-display-component---newCondition--condRU-inner\"]"}
RESULT: {"using":"xpath","value":"//input[@id=\"application-manageconditionprice-display-component---newCondition--condRU-inner\"]"}
COMMAND: POST /session/3247b862f9661e1dad05ca414f9e55ea/element/f.BF6F4EA089F18175CED7BE484E452EA8.d.84C31930FDF94244653E1ECA3115CDE4.e.11770/clear - {}
RESULT: {}
COMMAND: POST /session/3247b862f9661e1dad05ca414f9e55ea/element/f.BF6F4EA089F18175CED7BE484E452EA8.d.84C31930FDF94244653E1ECA3115CDE4.e.11770/value - {"text":"1do9StutHf"}
COMMAND: GET /session/3247b862f9661e1dad05ca414f9e55ea/screenshot - {}
RESULT: {"text":"1do9StutHf"}
COMMAND: GET /session/3247b862f9661e1dad05ca414f9e55ea/screenshot - {}
RESULT: {}
RESULT: {}
COMMAND: POST /session/3247b862f9661e1dad05ca414f9e55ea/actions - {"actions":[{"id":"action42","type":"key","parameters":{},"actions":[{"type":"keyDown","value":"î€‡"},{"type":"pause","duration":10},{"type":"keyUp","value":"î€‡"}]}]}
RESULT: {"actions":[{"id":"action42","type":"key","parameters":{},"actions":[{"type":"keyDown","value":"î€‡"},{"type":"pause","duration":10},{"type":"keyUp","value":"î€‡"}]}]}
RESULT: undefined
COMMAND: POST /session/3247b862f9661e1dad05ca414f9e55ea/execute/async - {"script":"<script> [776 bytes]","args":[{"enterText":"1","selector":{"id":"application-manageconditionprice-display-component---newCondition--condBaseQty","interaction":{"idSuffix":"inner"}},"clearTextFirst":true,"interactionType":"ENTER_TEXT"}]}
COMMAND: GET /session/3247b862f9661e1dad05ca414f9e55ea/screenshot - {}
RESULT: {"script":"<script> [776 bytes]","args":[{"enterText":"1","selector":{"id":"application-manageconditionprice-display-component---newCondition--condBaseQty","interaction":{"idSuffix":"inner"}},"clearTextFirst":true,"interactionType":"ENTER_TEXT"}]}
RESULT: undefined
COMMAND: POST /session/3247b862f9661e1dad05ca414f9e55ea/execute/async - {"script":"<script> [776 bytes]","args":[{"enterText":"100","selector":{"id":"application-manageconditionprice-display-component---newCondition--condValue","interaction":{"idSuffix":"inner"}},"clearTextFirst":true,"interactionType":"ENTER_TEXT"}]}
RESULT: {}
RESULT: {"script":"<script> [776 bytes]","args":[{"enterText":"100","selector":{"id":"application-manageconditionprice-display-component---newCondition--condValue","interaction":{"idSuffix":"inner"}},"clearTextFirst":true,"interactionType":"ENTER_TEXT"}]}
RESULT: undefined
COMMAND: POST /session/3247b862f9661e1dad05ca414f9e55ea/element - {"using":"xpath","value":"//*[@id=\"application-manageconditionprice-display-component---newCondition--condCurr-arrow\"]"}
RESULT: {"using":"xpath","value":"//*[@id=\"application-manageconditionprice-display-component---newCondition--condCurr-arrow\"]"}
COMMAND: POST /session/3247b862f9661e1dad05ca414f9e55ea/element/f.BF6F4EA089F18175CED7BE484E452EA8.d.84C31930FDF94244653E1ECA3115CDE4.e.12017/click - {}
RESULT: {}
COMMAND: POST /session/3247b862f9661e1dad05ca414f9e55ea/element - {"using":"xpath","value":"//span[contains(text(), \"Euro\")]"}
COMMAND: GET /session/3247b862f9661e1dad05ca414f9e55ea/screenshot - {}
RESULT: {"using":"xpath","value":"//span[contains(text(), \"Euro\")]"}
COMMAND: POST /session/3247b862f9661e1dad05ca414f9e55ea/element/f.BF6F4EA089F18175CED7BE484E452EA8.d.84C31930FDF94244653E1ECA3115CDE4.e.12093/click - {}
RESULT: {}
RESULT: {}
COMMAND: POST /session/3247b862f9661e1dad05ca414f9e55ea/element - {"using":"xpath","value":"//button[@data-kt=\"saveButton\"]"}
COMMAND: GET /session/3247b862f9661e1dad05ca414f9e55ea/screenshot - {}
RESULT: {"using":"xpath","value":"//button[@data-kt=\"saveButton\"]"}
COMMAND: POST /session/3247b862f9661e1dad05ca414f9e55ea/element/f.BF6F4EA089F18175CED7BE484E452EA8.d.84C31930FDF94244653E1ECA3115CDE4.e.12018/click - {}
RESULT: {}
RESULT: {}
COMMAND: GET /session/3247b862f9661e1dad05ca414f9e55ea/screenshot - {}
RESULT: {}
RESULT: undefined
COMMAND: POST /session/3247b862f9661e1dad05ca414f9e55ea/execute/async - {"script":"<script> [776 bytes]","args":[{"enterText":"1do9StutHf","selector":{"id":"application-manageconditionprice-display-component---conditions--smartFilterBar-btnBasicSearch","interaction":{"idSuffix":"I"}},"clearTextFirst":true,"interactionType":"ENTER_TEXT"}]}
RESULT: {"script":"<script> [776 bytes]","args":[{"enterText":"1do9StutHf","selector":{"id":"application-manageconditionprice-display-component---conditions--smartFilterBar-btnBasicSearch","interaction":{"idSuffix":"I"}},"clearTextFirst":true,"interactionType":"ENTER_TEXT"}]}
COMMAND: POST /session/3247b862f9661e1dad05ca414f9e55ea/actions - {"actions":[{"id":"action43","type":"key","parameters":{},"actions":[{"type":"keyDown","value":"î€‡"},{"type":"pause","duration":10},{"type":"keyUp","value":"î€‡"}]}]}
RESULT: {"actions":[{"id":"action43","type":"key","parameters":{},"actions":[{"type":"keyDown","value":"î€‡"},{"type":"pause","duration":10},{"type":"keyUp","value":"î€‡"}]}]}
COMMAND: GET /session/3247b862f9661e1dad05ca414f9e55ea/screenshot - {}
RESULT: {}
RESULT: undefined
COMMAND: POST /session/3247b862f9661e1dad05ca414f9e55ea/element - {"using":"xpath","value":"//*[@id=\"application-manageconditionprice-display-component---conditions--smartFilterBar-filterItemControl_BASIC-BILL_TYPES-vhi\"]"}
RESULT: {"using":"xpath","value":"//*[@id=\"application-manageconditionprice-display-component---conditions--smartFilterBar-filterItemControl_BASIC-BILL_TYPES-vhi\"]"}
COMMAND: POST /session/3247b862f9661e1dad05ca414f9e55ea/element/f.BF6F4EA089F18175CED7BE484E452EA8.d.84C31930FDF94244653E1ECA3115CDE4.e.12320/click - {}
RESULT: {}
RESULT: undefined
COMMAND: POST /session/3247b862f9661e1dad05ca414f9e55ea/execute/async - {"script":"<script> [776 bytes]","args":[{"enterText":"TB","selector":{"id":"application-manageconditionprice-display-component---conditions--smartFilterBar-filterItemControl_BASIC-BILL_TYPES-valueHelpDialog-smartFilterBar-btnBasicSearch","searchOpenDialogs":true,"interaction":{"idSuffix":"I"}},"clearTextFirst":true,"interactionType":"ENTER_TEXT"}]}
COMMAND: GET /session/3247b862f9661e1dad05ca414f9e55ea/screenshot - {}
RESULT: {"script":"<script> [776 bytes]","args":[{"enterText":"TB","selector":{"id":"application-manageconditionprice-display-component---conditions--smartFilterBar-filterItemControl_BASIC-BILL_TYPES-valueHelpDialog-smartFilterBar-btnBasicSearch","searchOpenDialogs":true,"interaction":{"idSuffix":"I"}},"clearTextFirst":true,"interactionType":"ENTER_TEXT"}]}
COMMAND: POST /session/3247b862f9661e1dad05ca414f9e55ea/actions - {"actions":[{"id":"action44","type":"key","parameters":{},"actions":[{"type":"keyDown","value":"î€‡"},{"type":"pause","duration":10},{"type":"keyUp","value":"î€‡"}]}]}
RESULT: {}
RESULT: {"actions":[{"id":"action44","type":"key","parameters":{},"actions":[{"type":"keyDown","value":"î€‡"},{"type":"pause","duration":10},{"type":"keyUp","value":"î€‡"}]}]}
COMMAND: GET /session/3247b862f9661e1dad05ca414f9e55ea/screenshot - {}
RESULT: {}
COMMAND: POST /session/3247b862f9661e1dad05ca414f9e55ea/element - {"using":"xpath","value":"//div[contains(@id, 'application-manageconditionprice-display-component---conditions--smartFilterBar-filterItemControl_BASIC-BILL_TYPES-valueHelpDialog-table-rowsel0')]"}
RESULT: {"using":"xpath","value":"//div[contains(@id, 'application-manageconditionprice-display-component---conditions--smartFilterBar-filterItemControl_BASIC-BILL_TYPES-valueHelpDialog-table-rowsel0')]"}
COMMAND: POST /session/3247b862f9661e1dad05ca414f9e55ea/element/f.BF6F4EA089F18175CED7BE484E452EA8.d.84C31930FDF94244653E1ECA3115CDE4.e.12329/click - {}
RESULT: {}
COMMAND: GET /session/3247b862f9661e1dad05ca414f9e55ea/screenshot - {}
RESULT: {}
COMMAND: POST /session/3247b862f9661e1dad05ca414f9e55ea/element - {"using":"xpath","value":"//bdi[contains(text(), \"OK\")]"}
RESULT: {"using":"xpath","value":"//bdi[contains(text(), \"OK\")]"}
COMMAND: POST /session/3247b862f9661e1dad05ca414f9e55ea/element/f.BF6F4EA089F18175CED7BE484E452EA8.d.84C31930FDF94244653E1ECA3115CDE4.e.12331/click - {}
RESULT: {}
COMMAND: GET /session/3247b862f9661e1dad05ca414f9e55ea/screenshot - {}
RESULT: {}
COMMAND: POST /session/3247b862f9661e1dad05ca414f9e55ea/element - {"using":"xpath","value":"//span[@id=\"application-manageconditionprice-display-component---conditions--smartTable-header-inner\"]"}
RESULT: {"using":"xpath","value":"//span[@id=\"application-manageconditionprice-display-component---conditions--smartTable-header-inner\"]"}
COMMAND: POST /session/3247b862f9661e1dad05ca414f9e55ea/elements - {"using":"xpath","value":"//span[@id=\"application-manageconditionprice-display-component---conditions--smartTable-header-inner\"]"}
RESULT: {"using":"xpath","value":"//span[@id=\"application-manageconditionprice-display-component---conditions--smartTable-header-inner\"]"}
COMMAND: POST /session/3247b862f9661e1dad05ca414f9e55ea/execute/sync - {"script":"<script> [56 bytes]","args":[{"element-6066-11e4-a52e-4f735466cecf":"f.BF6F4EA089F18175CED7BE484E452EA8.d.84C31930FDF94244653E1ECA3115CDE4.e.12368","ELEMENT":"f.BF6F4EA089F18175CED7BE484E452EA8.d.84C31930FDF94244653E1ECA3115CDE4.e.12368"}]}
RESULT: {"script":"<script> [56 bytes]","args":[{"element-6066-11e4-a52e-4f735466cecf":"f.BF6F4EA089F18175CED7BE484E452EA8.d.84C31930FDF94244653E1ECA3115CDE4.e.12368","ELEMENT":"f.BF6F4EA089F18175CED7BE484E452EA8.d.84C31930FDF94244653E1ECA3115CDE4.e.12368"}]}
COMMAND: POST /session/3247b862f9661e1dad05ca414f9e55ea/element - {"using":"css selector","value":"#shell-header-logo"}
COMMAND: GET /session/3247b862f9661e1dad05ca414f9e55ea/screenshot - {}
RESULT: {"using":"css selector","value":"#shell-header-logo"}
COMMAND: POST /session/3247b862f9661e1dad05ca414f9e55ea/element/f.BF6F4EA089F18175CED7BE484E452EA8.d.84C31930FDF94244653E1ECA3115CDE4.e.11493/click - {}
RESULT: {}
RESULT: {}
COMMAND: GET /session/3247b862f9661e1dad05ca414f9e55ea/screenshot - {}
RESULT: {}
]]></system-out>
    </testcase>
    <testcase classname="chrome.136_0_7103_93.windows.Create_master_data_for_mixed_billing_&amp;_do_billing_calculation_US151661" name="Should do a stock increase handover" time="86.723">
      <system-out><![CDATA[
COMMAND: POST /session/3247b862f9661e1dad05ca414f9e55ea/execute/async - {"script":"<script> [1562 bytes]","args":[{"selector":{"controlType":"sap.m.GenericTile","properties":{"header":"Manage Handovers"}},"wdio_ui5_key":"sapm.GenericTile{\"header\":\"Manage Handovers\"}"}]}
RESULT: {"script":"<script> [1562 bytes]","args":[{"selector":{"controlType":"sap.m.GenericTile","properties":{"header":"Manage Handovers"}},"wdio_ui5_key":"sapm.GenericTile{\"header\":\"Manage Handovers\"}"}]}
RESULT: undefined
COMMAND: POST /session/3247b862f9661e1dad05ca414f9e55ea/element - {"using":"xpath","value":"//*[@id=\"__tile133\"]"}
RESULT: {"using":"xpath","value":"//*[@id=\"__tile133\"]"}
COMMAND: POST /session/3247b862f9661e1dad05ca414f9e55ea/element/f.BF6F4EA089F18175CED7BE484E452EA8.d.84C31930FDF94244653E1ECA3115CDE4.e.9048/click - {}
RESULT: {}
COMMAND: GET /session/3247b862f9661e1dad05ca414f9e55ea/screenshot - {}
RESULT: {}
COMMAND: POST /session/3247b862f9661e1dad05ca414f9e55ea/elements - {"using":"xpath","value":"//span[text()='Error']"}
RESULT: {"using":"xpath","value":"//span[text()='Error']"}
COMMAND: POST /session/3247b862f9661e1dad05ca414f9e55ea/element - {"using":"xpath","value":"//button[@data-kt=\"masterHOAddButton\"]"}
RESULT: {"using":"xpath","value":"//button[@data-kt=\"masterHOAddButton\"]"}
COMMAND: POST /session/3247b862f9661e1dad05ca414f9e55ea/elements - {"using":"xpath","value":"//button[@data-kt=\"masterHOAddButton\"]"}
RESULT: {"using":"xpath","value":"//button[@data-kt=\"masterHOAddButton\"]"}
COMMAND: POST /session/3247b862f9661e1dad05ca414f9e55ea/execute/sync - {"script":"<script> [8489 bytes]","args":[{"element-6066-11e4-a52e-4f735466cecf":"f.BF6F4EA089F18175CED7BE484E452EA8.d.84C31930FDF94244653E1ECA3115CDE4.e.12411","ELEMENT":"f.BF6F4EA089F18175CED7BE484E452EA8.d.84C31930FDF94244653E1ECA3115CDE4.e.12411"}]}
RESULT: {"script":"<script> [8489 bytes]","args":[{"element-6066-11e4-a52e-4f735466cecf":"f.BF6F4EA089F18175CED7BE484E452EA8.d.84C31930FDF94244653E1ECA3115CDE4.e.12411","ELEMENT":"f.BF6F4EA089F18175CED7BE484E452EA8.d.84C31930FDF94244653E1ECA3115CDE4.e.12411"}]}
COMMAND: GET /session/3247b862f9661e1dad05ca414f9e55ea/element/f.BF6F4EA089F18175CED7BE484E452EA8.d.84C31930FDF94244653E1ECA3115CDE4.e.12411/enabled - {}
COMMAND: GET /session/3247b862f9661e1dad05ca414f9e55ea/screenshot - {}
RESULT: {}
COMMAND: POST /session/3247b862f9661e1dad05ca414f9e55ea/execute/sync - {"script":"<script> [8489 bytes]","args":[{"element-6066-11e4-a52e-4f735466cecf":"f.BF6F4EA089F18175CED7BE484E452EA8.d.84C31930FDF94244653E1ECA3115CDE4.e.12411","ELEMENT":"f.BF6F4EA089F18175CED7BE484E452EA8.d.84C31930FDF94244653E1ECA3115CDE4.e.12411"}]}
COMMAND: GET /session/3247b862f9661e1dad05ca414f9e55ea/screenshot - {}
RESULT: {}
RESULT: {"script":"<script> [8489 bytes]","args":[{"element-6066-11e4-a52e-4f735466cecf":"f.BF6F4EA089F18175CED7BE484E452EA8.d.84C31930FDF94244653E1ECA3115CDE4.e.12411","ELEMENT":"f.BF6F4EA089F18175CED7BE484E452EA8.d.84C31930FDF94244653E1ECA3115CDE4.e.12411"}]}
COMMAND: POST /session/3247b862f9661e1dad05ca414f9e55ea/execute/sync - {"script":"<script> [5351 bytes]","args":[{"element-6066-11e4-a52e-4f735466cecf":"f.BF6F4EA089F18175CED7BE484E452EA8.d.84C31930FDF94244653E1ECA3115CDE4.e.12411","ELEMENT":"f.BF6F4EA089F18175CED7BE484E452EA8.d.84C31930FDF94244653E1ECA3115CDE4.e.12411"}]}
COMMAND: GET /session/3247b862f9661e1dad05ca414f9e55ea/screenshot - {}
RESULT: {}
RESULT: {"script":"<script> [5351 bytes]","args":[{"element-6066-11e4-a52e-4f735466cecf":"f.BF6F4EA089F18175CED7BE484E452EA8.d.84C31930FDF94244653E1ECA3115CDE4.e.12411","ELEMENT":"f.BF6F4EA089F18175CED7BE484E452EA8.d.84C31930FDF94244653E1ECA3115CDE4.e.12411"}]}
COMMAND: POST /session/3247b862f9661e1dad05ca414f9e55ea/element/f.BF6F4EA089F18175CED7BE484E452EA8.d.84C31930FDF94244653E1ECA3115CDE4.e.12411/click - {}
COMMAND: GET /session/3247b862f9661e1dad05ca414f9e55ea/screenshot - {}
RESULT: {}
RESULT: {}
COMMAND: GET /session/3247b862f9661e1dad05ca414f9e55ea/screenshot - {}
RESULT: {}
COMMAND: POST /session/3247b862f9661e1dad05ca414f9e55ea/element - {"using":"xpath","value":"//span[contains(@id ,\"AddNewHO--typeSelect-arrow\")]"}
RESULT: {}
RESULT: {"using":"xpath","value":"//span[contains(@id ,\"AddNewHO--typeSelect-arrow\")]"}
COMMAND: POST /session/3247b862f9661e1dad05ca414f9e55ea/element/f.BF6F4EA089F18175CED7BE484E452EA8.d.84C31930FDF94244653E1ECA3115CDE4.e.12771/click - {}
RESULT: {}
COMMAND: GET /session/3247b862f9661e1dad05ca414f9e55ea/screenshot - {}
RESULT: {}
COMMAND: POST /session/3247b862f9661e1dad05ca414f9e55ea/element - {"using":"xpath","value":"(//li[contains(text(), \"stock increase yard\")])[1]"}
RESULT: {"using":"xpath","value":"(//li[contains(text(), \"stock increase yard\")])[1]"}
COMMAND: POST /session/3247b862f9661e1dad05ca414f9e55ea/element/f.BF6F4EA089F18175CED7BE484E452EA8.d.84C31930FDF94244653E1ECA3115CDE4.e.12772/click - {}
RESULT: {}
COMMAND: GET /session/3247b862f9661e1dad05ca414f9e55ea/screenshot - {}
RESULT: {}
COMMAND: POST /session/3247b862f9661e1dad05ca414f9e55ea/execute/async - {"script":"<script> [1562 bytes]","args":[{"selector":{"id":"application-managehandovers-display-component---AddNewHO--dueDate","interaction":{"idSuffix":"inner"}},"wdio_ui5_key":"applicationmanagehandovers-display-component---AddNewHO--dueDate"}]}
RESULT: {"script":"<script> [1562 bytes]","args":[{"selector":{"id":"application-managehandovers-display-component---AddNewHO--dueDate","interaction":{"idSuffix":"inner"}},"wdio_ui5_key":"applicationmanagehandovers-display-component---AddNewHO--dueDate"}]}
RESULT: undefined
COMMAND: POST /session/3247b862f9661e1dad05ca414f9e55ea/execute/async - {"script":"<script> [6424 bytes]","args":[{"element-6066-11e4-a52e-4f735466cecf":"f.BF6F4EA089F18175CED7BE484E452EA8.d.84C31930FDF94244653E1ECA3115CDE4.e.12774"},"setValue",["5/20/25"]]}
RESULT: {"script":"<script> [6424 bytes]","args":[{"element-6066-11e4-a52e-4f735466cecf":"f.BF6F4EA089F18175CED7BE484E452EA8.d.84C31930FDF94244653E1ECA3115CDE4.e.12774"},"setValue",["5/20/25"]]}
COMMAND: POST /session/3247b862f9661e1dad05ca414f9e55ea/element - {"using":"xpath","value":"//input[@id=\"generalSectionFrg--receiveYard-inner\"]"}
RESULT: {"using":"xpath","value":"//input[@id=\"generalSectionFrg--receiveYard-inner\"]"}
COMMAND: POST /session/3247b862f9661e1dad05ca414f9e55ea/element/f.BF6F4EA089F18175CED7BE484E452EA8.d.84C31930FDF94244653E1ECA3115CDE4.e.12778/clear - {}
RESULT: {}
COMMAND: POST /session/3247b862f9661e1dad05ca414f9e55ea/element/f.BF6F4EA089F18175CED7BE484E452EA8.d.84C31930FDF94244653E1ECA3115CDE4.e.12778/value - {"text":"600"}
COMMAND: GET /session/3247b862f9661e1dad05ca414f9e55ea/screenshot - {}
RESULT: {"text":"600"}
COMMAND: GET /session/3247b862f9661e1dad05ca414f9e55ea/screenshot - {}
RESULT: {}
RESULT: {}
COMMAND: POST /session/3247b862f9661e1dad05ca414f9e55ea/element - {"using":"xpath","value":"//li[.//span[text()='600']]"}
RESULT: {"using":"xpath","value":"//li[.//span[text()='600']]"}
COMMAND: POST /session/3247b862f9661e1dad05ca414f9e55ea/element/f.BF6F4EA089F18175CED7BE484E452EA8.d.84C31930FDF94244653E1ECA3115CDE4.e.12795/click - {}
RESULT: {}
COMMAND: GET /session/3247b862f9661e1dad05ca414f9e55ea/screenshot - {}
RESULT: {}
COMMAND: POST /session/3247b862f9661e1dad05ca414f9e55ea/execute/async - {"script":"<script> [1562 bytes]","args":[{"selector":{"id":"application-managehandovers-display-component---AddNewHO--ObjectPageLayout-anchBar-application-managehandovers-display-component---AddNewHO--section4-anchor","interaction":{"idSuffix":"BDI-content"}},"wdio_ui5_key":"applicationmanagehandovers-display-component---AddNewHO--ObjectPageLayout-anchBar-application-managehandovers-display-component---AddNewHO--section4-anchor"}]}
RESULT: {"script":"<script> [1562 bytes]","args":[{"selector":{"id":"application-managehandovers-display-component---AddNewHO--ObjectPageLayout-anchBar-application-managehandovers-display-component---AddNewHO--section4-anchor","interaction":{"idSuffix":"BDI-content"}},"wdio_ui5_key":"applicationmanagehandovers-display-component---AddNewHO--ObjectPageLayout-anchBar-application-managehandovers-display-component---AddNewHO--section4-anchor"}]}
RESULT: undefined
COMMAND: POST /session/3247b862f9661e1dad05ca414f9e55ea/element - {"using":"xpath","value":"//*[@id=\"application-managehandovers-display-component---AddNewHO--ObjectPageLayout-anchBar-application-managehandovers-display-component---AddNewHO--section4-anchor\"]"}
RESULT: {"using":"xpath","value":"//*[@id=\"application-managehandovers-display-component---AddNewHO--ObjectPageLayout-anchBar-application-managehandovers-display-component---AddNewHO--section4-anchor\"]"}
COMMAND: POST /session/3247b862f9661e1dad05ca414f9e55ea/element/f.BF6F4EA089F18175CED7BE484E452EA8.d.84C31930FDF94244653E1ECA3115CDE4.e.12797/click - {}
RESULT: {}
COMMAND: POST /session/3247b862f9661e1dad05ca414f9e55ea/element - {"using":"xpath","value":"//button[@aria-label=\"Add\"]"}
COMMAND: GET /session/3247b862f9661e1dad05ca414f9e55ea/screenshot - {}
RESULT: {"using":"xpath","value":"//button[@aria-label=\"Add\"]"}
COMMAND: POST /session/3247b862f9661e1dad05ca414f9e55ea/element/f.BF6F4EA089F18175CED7BE484E452EA8.d.84C31930FDF94244653E1ECA3115CDE4.e.12799/click - {}
RESULT: {}
RESULT: {}
COMMAND: GET /session/3247b862f9661e1dad05ca414f9e55ea/screenshot - {}
RESULT: {}
COMMAND: POST /session/3247b862f9661e1dad05ca414f9e55ea/execute/async - {"script":"<script> [1562 bytes]","args":[{"selector":{"id":"application-managehandovers-display-component---AddNewHO--smartFilterBar-btnBasicSearch","searchOpenDialogs":true,"interaction":{"idSuffix":"I"}},"wdio_ui5_key":"applicationmanagehandovers-display-component---AddNewHO--smartFilterBar-btnBasicSearch"}]}
RESULT: {"script":"<script> [1562 bytes]","args":[{"selector":{"id":"application-managehandovers-display-component---AddNewHO--smartFilterBar-btnBasicSearch","searchOpenDialogs":true,"interaction":{"idSuffix":"I"}},"wdio_ui5_key":"applicationmanagehandovers-display-component---AddNewHO--smartFilterBar-btnBasicSearch"}]}
RESULT: undefined
COMMAND: POST /session/3247b862f9661e1dad05ca414f9e55ea/execute/async - {"script":"<script> [776 bytes]","args":[{"enterText":"1do9StutHf","selector":{"id":"application-managehandovers-display-component---AddNewHO--smartFilterBar-btnBasicSearch","searchOpenDialogs":true,"interaction":{"idSuffix":"I"}},"clearTextFirst":true,"interactionType":"ENTER_TEXT"}]}
RESULT: {"script":"<script> [776 bytes]","args":[{"enterText":"1do9StutHf","selector":{"id":"application-managehandovers-display-component---AddNewHO--smartFilterBar-btnBasicSearch","searchOpenDialogs":true,"interaction":{"idSuffix":"I"}},"clearTextFirst":true,"interactionType":"ENTER_TEXT"}]}
COMMAND: POST /session/3247b862f9661e1dad05ca414f9e55ea/actions - {"actions":[{"id":"action45","type":"key","parameters":{},"actions":[{"type":"keyDown","value":"î€‡"},{"type":"pause","duration":10},{"type":"keyUp","value":"î€‡"}]}]}
RESULT: {"actions":[{"id":"action45","type":"key","parameters":{},"actions":[{"type":"keyDown","value":"î€‡"},{"type":"pause","duration":10},{"type":"keyUp","value":"î€‡"}]}]}
COMMAND: GET /session/3247b862f9661e1dad05ca414f9e55ea/screenshot - {}
RESULT: {}
COMMAND: POST /session/3247b862f9661e1dad05ca414f9e55ea/execute/async - {"script":"<script> [1562 bytes]","args":[{"selector":{"id":"application-managehandovers-display-component---AddNewHO--popup-sa","searchOpenDialogs":true,"interaction":{"idSuffix":"CbBg"}},"wdio_ui5_key":"applicationmanagehandovers-display-component---AddNewHO--popup-sa"}]}
RESULT: {"script":"<script> [1562 bytes]","args":[{"selector":{"id":"application-managehandovers-display-component---AddNewHO--popup-sa","searchOpenDialogs":true,"interaction":{"idSuffix":"CbBg"}},"wdio_ui5_key":"applicationmanagehandovers-display-component---AddNewHO--popup-sa"}]}
RESULT: undefined
COMMAND: POST /session/3247b862f9661e1dad05ca414f9e55ea/element - {"using":"xpath","value":"//*[@id=\"application-managehandovers-display-component---AddNewHO--popup-sa\"]"}
RESULT: {"using":"xpath","value":"//*[@id=\"application-managehandovers-display-component---AddNewHO--popup-sa\"]"}
COMMAND: POST /session/3247b862f9661e1dad05ca414f9e55ea/element/f.BF6F4EA089F18175CED7BE484E452EA8.d.84C31930FDF94244653E1ECA3115CDE4.e.12952/click - {}
RESULT: {}
COMMAND: GET /session/3247b862f9661e1dad05ca414f9e55ea/screenshot - {}
RESULT: {}
COMMAND: POST /session/3247b862f9661e1dad05ca414f9e55ea/element - {"using":"xpath","value":"//bdi[contains(text(), \"Select\")]"}
RESULT: {"using":"xpath","value":"//bdi[contains(text(), \"Select\")]"}
COMMAND: POST /session/3247b862f9661e1dad05ca414f9e55ea/element/f.BF6F4EA089F18175CED7BE484E452EA8.d.84C31930FDF94244653E1ECA3115CDE4.e.12953/click - {}
RESULT: {}
COMMAND: GET /session/3247b862f9661e1dad05ca414f9e55ea/screenshot - {}
RESULT: {}
COMMAND: POST /session/3247b862f9661e1dad05ca414f9e55ea/element - {"using":"xpath","value":"//button[@data-kt=\"AddNewHOSaveButton\"]"}
RESULT: {"using":"xpath","value":"//button[@data-kt=\"AddNewHOSaveButton\"]"}
COMMAND: POST /session/3247b862f9661e1dad05ca414f9e55ea/element/f.BF6F4EA089F18175CED7BE484E452EA8.d.84C31930FDF94244653E1ECA3115CDE4.e.12957/click - {}
RESULT: {}
COMMAND: GET /session/3247b862f9661e1dad05ca414f9e55ea/screenshot - {}
RESULT: {}
COMMAND: POST /session/3247b862f9661e1dad05ca414f9e55ea/execute/async - {"script":"<script> [1562 bytes]","args":[{"selector":{"id":"receiptDatePicker","viewName":"etm.portal.ui.managehandovers.view.DetailExecuteHO","interaction":{"idSuffix":"inner"}},"wdio_ui5_key":"receiptDatePickeretmportal.ui.managehandovers.view.DetailExecuteHO"}]}
RESULT: {"script":"<script> [1562 bytes]","args":[{"selector":{"id":"receiptDatePicker","viewName":"etm.portal.ui.managehandovers.view.DetailExecuteHO","interaction":{"idSuffix":"inner"}},"wdio_ui5_key":"receiptDatePickeretmportal.ui.managehandovers.view.DetailExecuteHO"}]}
RESULT: undefined
COMMAND: POST /session/3247b862f9661e1dad05ca414f9e55ea/execute/async - {"script":"<script> [6424 bytes]","args":[{"element-6066-11e4-a52e-4f735466cecf":"f.BF6F4EA089F18175CED7BE484E452EA8.d.84C31930FDF94244653E1ECA3115CDE4.e.12977"},"setValue",["5/20/25"]]}
RESULT: {"script":"<script> [6424 bytes]","args":[{"element-6066-11e4-a52e-4f735466cecf":"f.BF6F4EA089F18175CED7BE484E452EA8.d.84C31930FDF94244653E1ECA3115CDE4.e.12977"},"setValue",["5/20/25"]]}
COMMAND: POST /session/3247b862f9661e1dad05ca414f9e55ea/element - {"using":"xpath","value":"//button[@data-kt=\"PickingTableConfirmAllButton\"]"}
RESULT: {"using":"xpath","value":"//button[@data-kt=\"PickingTableConfirmAllButton\"]"}
COMMAND: POST /session/3247b862f9661e1dad05ca414f9e55ea/element/f.BF6F4EA089F18175CED7BE484E452EA8.d.84C31930FDF94244653E1ECA3115CDE4.e.12991/click - {}
RESULT: {}
COMMAND: GET /session/3247b862f9661e1dad05ca414f9e55ea/screenshot - {}
RESULT: {}
COMMAND: POST /session/3247b862f9661e1dad05ca414f9e55ea/element - {"using":"xpath","value":"//bdi[contains(text(), \"OK\")]"}
RESULT: {"using":"xpath","value":"//bdi[contains(text(), \"OK\")]"}
COMMAND: POST /session/3247b862f9661e1dad05ca414f9e55ea/element/f.BF6F4EA089F18175CED7BE484E452EA8.d.84C31930FDF94244653E1ECA3115CDE4.e.12993/click - {}
RESULT: {}
COMMAND: GET /session/3247b862f9661e1dad05ca414f9e55ea/screenshot - {}
RESULT: {}
COMMAND: POST /session/3247b862f9661e1dad05ca414f9e55ea/element - {"using":"xpath","value":"(//bdi[contains(text(), \"Receive\")])[2]"}
RESULT: {"using":"xpath","value":"(//bdi[contains(text(), \"Receive\")])[2]"}
COMMAND: POST /session/3247b862f9661e1dad05ca414f9e55ea/element/f.BF6F4EA089F18175CED7BE484E452EA8.d.84C31930FDF94244653E1ECA3115CDE4.e.12995/click - {}
RESULT: {}
COMMAND: GET /session/3247b862f9661e1dad05ca414f9e55ea/screenshot - {}
RESULT: {}
COMMAND: POST /session/3247b862f9661e1dad05ca414f9e55ea/element - {"using":"css selector","value":"#shell-header-logo"}
RESULT: {"using":"css selector","value":"#shell-header-logo"}
COMMAND: POST /session/3247b862f9661e1dad05ca414f9e55ea/element/f.BF6F4EA089F18175CED7BE484E452EA8.d.84C31930FDF94244653E1ECA3115CDE4.e.12372/click - {}
RESULT: {}
COMMAND: GET /session/3247b862f9661e1dad05ca414f9e55ea/screenshot - {}
RESULT: {}
]]></system-out>
    </testcase>
    <testcase classname="chrome.136_0_7103_93.windows.Create_master_data_for_mixed_billing_&amp;_do_billing_calculation_US151661" name="Should create a new contract" time="60.279">
      <system-out><![CDATA[
COMMAND: POST /session/3247b862f9661e1dad05ca414f9e55ea/execute/async - {"script":"<script> [1562 bytes]","args":[{"selector":{"controlType":"sap.m.GenericTile","properties":{"header":"Manage Contracts"}},"wdio_ui5_key":"sapm.GenericTile{\"header\":\"Manage Contracts\"}"}]}
RESULT: {"script":"<script> [1562 bytes]","args":[{"selector":{"controlType":"sap.m.GenericTile","properties":{"header":"Manage Contracts"}},"wdio_ui5_key":"sapm.GenericTile{\"header\":\"Manage Contracts\"}"}]}
RESULT: undefined
COMMAND: POST /session/3247b862f9661e1dad05ca414f9e55ea/element - {"using":"xpath","value":"//*[@id=\"__tile130\"]"}
RESULT: {"using":"xpath","value":"//*[@id=\"__tile130\"]"}
COMMAND: POST /session/3247b862f9661e1dad05ca414f9e55ea/element/f.BF6F4EA089F18175CED7BE484E452EA8.d.84C31930FDF94244653E1ECA3115CDE4.e.9037/click - {}
RESULT: {}
COMMAND: GET /session/3247b862f9661e1dad05ca414f9e55ea/screenshot - {}
RESULT: {}
COMMAND: POST /session/3247b862f9661e1dad05ca414f9e55ea/elements - {"using":"xpath","value":"//span[text()='Error']"}
RESULT: {"using":"xpath","value":"//span[text()='Error']"}
COMMAND: POST /session/3247b862f9661e1dad05ca414f9e55ea/element - {"using":"xpath","value":"//button[@data-kt=\"addButton\"]"}
RESULT: {"using":"xpath","value":"//button[@data-kt=\"addButton\"]"}
COMMAND: POST /session/3247b862f9661e1dad05ca414f9e55ea/elements - {"using":"xpath","value":"//button[@data-kt=\"addButton\"]"}
RESULT: {"using":"xpath","value":"//button[@data-kt=\"addButton\"]"}
COMMAND: POST /session/3247b862f9661e1dad05ca414f9e55ea/execute/sync - {"script":"<script> [8489 bytes]","args":[{"element-6066-11e4-a52e-4f735466cecf":"f.BF6F4EA089F18175CED7BE484E452EA8.d.84C31930FDF94244653E1ECA3115CDE4.e.13215","ELEMENT":"f.BF6F4EA089F18175CED7BE484E452EA8.d.84C31930FDF94244653E1ECA3115CDE4.e.13215"}]}
RESULT: {"script":"<script> [8489 bytes]","args":[{"element-6066-11e4-a52e-4f735466cecf":"f.BF6F4EA089F18175CED7BE484E452EA8.d.84C31930FDF94244653E1ECA3115CDE4.e.13215","ELEMENT":"f.BF6F4EA089F18175CED7BE484E452EA8.d.84C31930FDF94244653E1ECA3115CDE4.e.13215"}]}
COMMAND: GET /session/3247b862f9661e1dad05ca414f9e55ea/element/f.BF6F4EA089F18175CED7BE484E452EA8.d.84C31930FDF94244653E1ECA3115CDE4.e.13215/enabled - {}
COMMAND: GET /session/3247b862f9661e1dad05ca414f9e55ea/screenshot - {}
RESULT: {}
COMMAND: POST /session/3247b862f9661e1dad05ca414f9e55ea/execute/sync - {"script":"<script> [8489 bytes]","args":[{"element-6066-11e4-a52e-4f735466cecf":"f.BF6F4EA089F18175CED7BE484E452EA8.d.84C31930FDF94244653E1ECA3115CDE4.e.13215","ELEMENT":"f.BF6F4EA089F18175CED7BE484E452EA8.d.84C31930FDF94244653E1ECA3115CDE4.e.13215"}]}
COMMAND: GET /session/3247b862f9661e1dad05ca414f9e55ea/screenshot - {}
RESULT: {}
RESULT: {"script":"<script> [8489 bytes]","args":[{"element-6066-11e4-a52e-4f735466cecf":"f.BF6F4EA089F18175CED7BE484E452EA8.d.84C31930FDF94244653E1ECA3115CDE4.e.13215","ELEMENT":"f.BF6F4EA089F18175CED7BE484E452EA8.d.84C31930FDF94244653E1ECA3115CDE4.e.13215"}]}
COMMAND: POST /session/3247b862f9661e1dad05ca414f9e55ea/execute/sync - {"script":"<script> [5351 bytes]","args":[{"element-6066-11e4-a52e-4f735466cecf":"f.BF6F4EA089F18175CED7BE484E452EA8.d.84C31930FDF94244653E1ECA3115CDE4.e.13215","ELEMENT":"f.BF6F4EA089F18175CED7BE484E452EA8.d.84C31930FDF94244653E1ECA3115CDE4.e.13215"}]}
COMMAND: GET /session/3247b862f9661e1dad05ca414f9e55ea/screenshot - {}
RESULT: {}
RESULT: {"script":"<script> [5351 bytes]","args":[{"element-6066-11e4-a52e-4f735466cecf":"f.BF6F4EA089F18175CED7BE484E452EA8.d.84C31930FDF94244653E1ECA3115CDE4.e.13215","ELEMENT":"f.BF6F4EA089F18175CED7BE484E452EA8.d.84C31930FDF94244653E1ECA3115CDE4.e.13215"}]}
COMMAND: GET /session/3247b862f9661e1dad05ca414f9e55ea/screenshot - {}
RESULT: {}
RESULT: {}
COMMAND: POST /session/3247b862f9661e1dad05ca414f9e55ea/element/f.BF6F4EA089F18175CED7BE484E452EA8.d.84C31930FDF94244653E1ECA3115CDE4.e.13215/click - {}
RESULT: {}
COMMAND: GET /session/3247b862f9661e1dad05ca414f9e55ea/screenshot - {}
COMMAND: POST /session/3247b862f9661e1dad05ca414f9e55ea/execute/async - {"script":"<script> [1562 bytes]","args":[{"selector":{"id":"application-managecontracts-display-component---AddNewContract--projectDescription","interaction":{"idSuffix":"inner"}},"wdio_ui5_key":"applicationmanagecontracts-display-component---AddNewContract--projectDescription"}]}
RESULT: {}
RESULT: {"script":"<script> [1562 bytes]","args":[{"selector":{"id":"application-managecontracts-display-component---AddNewContract--projectDescription","interaction":{"idSuffix":"inner"}},"wdio_ui5_key":"applicationmanagecontracts-display-component---AddNewContract--projectDescription"}]}
RESULT: undefined
COMMAND: POST /session/3247b862f9661e1dad05ca414f9e55ea/execute/async - {"script":"<script> [776 bytes]","args":[{"enterText":"Mixed Contract WDIO","selector":{"id":"application-managecontracts-display-component---AddNewContract--projectDescription","interaction":{"idSuffix":"inner"}},"clearTextFirst":true,"interactionType":"ENTER_TEXT"}]}
RESULT: {"script":"<script> [776 bytes]","args":[{"enterText":"Mixed Contract WDIO","selector":{"id":"application-managecontracts-display-component---AddNewContract--projectDescription","interaction":{"idSuffix":"inner"}},"clearTextFirst":true,"interactionType":"ENTER_TEXT"}]}
COMMAND: POST /session/3247b862f9661e1dad05ca414f9e55ea/element - {"using":"xpath","value":"//input[@id=\"application-managecontracts-display-component---AddNewContract--site-inner\"]"}
RESULT: {"using":"xpath","value":"//input[@id=\"application-managecontracts-display-component---AddNewContract--site-inner\"]"}
COMMAND: POST /session/3247b862f9661e1dad05ca414f9e55ea/element/f.BF6F4EA089F18175CED7BE484E452EA8.d.84C31930FDF94244653E1ECA3115CDE4.e.13568/clear - {}
RESULT: {}
COMMAND: POST /session/3247b862f9661e1dad05ca414f9e55ea/element/f.BF6F4EA089F18175CED7BE484E452EA8.d.84C31930FDF94244653E1ECA3115CDE4.e.13568/value - {"text":"2309"}
COMMAND: GET /session/3247b862f9661e1dad05ca414f9e55ea/screenshot - {}
RESULT: {"text":"2309"}
COMMAND: GET /session/3247b862f9661e1dad05ca414f9e55ea/screenshot - {}
RESULT: {}
RESULT: {}
COMMAND: POST /session/3247b862f9661e1dad05ca414f9e55ea/element - {"using":"xpath","value":"//li[.//span[text()='2309']]"}
RESULT: {"using":"xpath","value":"//li[.//span[text()='2309']]"}
COMMAND: POST /session/3247b862f9661e1dad05ca414f9e55ea/element/f.BF6F4EA089F18175CED7BE484E452EA8.d.84C31930FDF94244653E1ECA3115CDE4.e.13601/click - {}
RESULT: {}
COMMAND: GET /session/3247b862f9661e1dad05ca414f9e55ea/screenshot - {}
RESULT: {}
COMMAND: POST /session/3247b862f9661e1dad05ca414f9e55ea/element - {"using":"xpath","value":"//input[@id=\"application-managecontracts-display-component---AddNewContract--yardId-inner\"]"}
RESULT: {"using":"xpath","value":"//input[@id=\"application-managecontracts-display-component---AddNewContract--yardId-inner\"]"}
COMMAND: GET /session/3247b862f9661e1dad05ca414f9e55ea/element/f.BF6F4EA089F18175CED7BE484E452EA8.d.84C31930FDF94244653E1ECA3115CDE4.e.13569/property/value - {}
RESULT: {}
COMMAND: POST /session/3247b862f9661e1dad05ca414f9e55ea/element - {"using":"xpath","value":"//input[@id=\"application-managecontracts-display-component---AddNewContract--customerSelect-inner\"]"}
COMMAND: GET /session/3247b862f9661e1dad05ca414f9e55ea/screenshot - {}
RESULT: {"using":"xpath","value":"//input[@id=\"application-managecontracts-display-component---AddNewContract--customerSelect-inner\"]"}
COMMAND: POST /session/3247b862f9661e1dad05ca414f9e55ea/element/f.BF6F4EA089F18175CED7BE484E452EA8.d.84C31930FDF94244653E1ECA3115CDE4.e.13567/clear - {}
RESULT: {}
RESULT: {}
COMMAND: POST /session/3247b862f9661e1dad05ca414f9e55ea/element/f.BF6F4EA089F18175CED7BE484E452EA8.d.84C31930FDF94244653E1ECA3115CDE4.e.13567/value - {"text":"1370"}
COMMAND: GET /session/3247b862f9661e1dad05ca414f9e55ea/screenshot - {}
RESULT: {"text":"1370"}
COMMAND: GET /session/3247b862f9661e1dad05ca414f9e55ea/screenshot - {}
RESULT: {}
RESULT: {}
COMMAND: POST /session/3247b862f9661e1dad05ca414f9e55ea/element - {"using":"xpath","value":"//li[.//span[text()='1370']]"}
RESULT: {"using":"xpath","value":"//li[.//span[text()='1370']]"}
COMMAND: POST /session/3247b862f9661e1dad05ca414f9e55ea/element/f.BF6F4EA089F18175CED7BE484E452EA8.d.84C31930FDF94244653E1ECA3115CDE4.e.13604/click - {}
RESULT: {}
COMMAND: GET /session/3247b862f9661e1dad05ca414f9e55ea/screenshot - {}
RESULT: {}
COMMAND: POST /session/3247b862f9661e1dad05ca414f9e55ea/element - {"using":"xpath","value":"//button[@data-kt=\"saveButton\"]"}
RESULT: {"using":"xpath","value":"//button[@data-kt=\"saveButton\"]"}
COMMAND: POST /session/3247b862f9661e1dad05ca414f9e55ea/element/f.BF6F4EA089F18175CED7BE484E452EA8.d.84C31930FDF94244653E1ECA3115CDE4.e.13605/click - {}
RESULT: {}
COMMAND: GET /session/3247b862f9661e1dad05ca414f9e55ea/screenshot - {}
RESULT: {}
COMMAND: POST /session/3247b862f9661e1dad05ca414f9e55ea/element - {"using":"xpath","value":"//span[contains(@id ,\"contractDetailTitleNoExpanded\")]"}
RESULT: {"using":"xpath","value":"//span[contains(@id ,\"contractDetailTitleNoExpanded\")]"}
COMMAND: POST /session/3247b862f9661e1dad05ca414f9e55ea/elements - {"using":"xpath","value":"//span[contains(@id ,\"contractDetailTitleNoExpanded\")]"}
RESULT: {"using":"xpath","value":"//span[contains(@id ,\"contractDetailTitleNoExpanded\")]"}
COMMAND: POST /session/3247b862f9661e1dad05ca414f9e55ea/execute/sync - {"script":"<script> [56 bytes]","args":[{"element-6066-11e4-a52e-4f735466cecf":"f.BF6F4EA089F18175CED7BE484E452EA8.d.84C31930FDF94244653E1ECA3115CDE4.e.13674","ELEMENT":"f.BF6F4EA089F18175CED7BE484E452EA8.d.84C31930FDF94244653E1ECA3115CDE4.e.13674"}]}
RESULT: {"script":"<script> [56 bytes]","args":[{"element-6066-11e4-a52e-4f735466cecf":"f.BF6F4EA089F18175CED7BE484E452EA8.d.84C31930FDF94244653E1ECA3115CDE4.e.13674","ELEMENT":"f.BF6F4EA089F18175CED7BE484E452EA8.d.84C31930FDF94244653E1ECA3115CDE4.e.13674"}]}
COMMAND: GET /session/3247b862f9661e1dad05ca414f9e55ea/screenshot - {}
RESULT: {}
]]></system-out>
    </testcase>
    <testcase classname="chrome.136_0_7103_93.windows.Create_master_data_for_mixed_billing_&amp;_do_billing_calculation_US151661" name="Should add equipment to the contract" time="58.106">
      <system-out><![CDATA[
COMMAND: POST /session/3247b862f9661e1dad05ca414f9e55ea/element - {"using":"xpath","value":"//button[@data-kt=\"contractDetailEditBtnButton\"]"}
RESULT: {"using":"xpath","value":"//button[@data-kt=\"contractDetailEditBtnButton\"]"}
COMMAND: POST /session/3247b862f9661e1dad05ca414f9e55ea/element/f.BF6F4EA089F18175CED7BE484E452EA8.d.84C31930FDF94244653E1ECA3115CDE4.e.13677/click - {}
RESULT: {}
COMMAND: GET /session/3247b862f9661e1dad05ca414f9e55ea/screenshot - {}
RESULT: {}
COMMAND: POST /session/3247b862f9661e1dad05ca414f9e55ea/element - {"using":"xpath","value":"(//span[contains(text(), \"Additional Addresses\")])[2]"}
RESULT: {"using":"xpath","value":"(//span[contains(text(), \"Additional Addresses\")])[2]"}
COMMAND: POST /session/3247b862f9661e1dad05ca414f9e55ea/element/f.BF6F4EA089F18175CED7BE484E452EA8.d.84C31930FDF94244653E1ECA3115CDE4.e.13738/click - {}
RESULT: {}
COMMAND: GET /session/3247b862f9661e1dad05ca414f9e55ea/screenshot - {}
RESULT: {}
COMMAND: POST /session/3247b862f9661e1dad05ca414f9e55ea/element - {"using":"xpath","value":"//button[@data-kt=\"btnAddTableRowOverflowToolbarButton\"]"}
RESULT: {"using":"xpath","value":"//button[@data-kt=\"btnAddTableRowOverflowToolbarButton\"]"}
COMMAND: POST /session/3247b862f9661e1dad05ca414f9e55ea/element/f.BF6F4EA089F18175CED7BE484E452EA8.d.84C31930FDF94244653E1ECA3115CDE4.e.13742/click - {}
RESULT: {}
COMMAND: GET /session/3247b862f9661e1dad05ca414f9e55ea/screenshot - {}
RESULT: {}
COMMAND: POST /session/3247b862f9661e1dad05ca414f9e55ea/element - {"using":"xpath","value":"//div[(text() = 'Standard Entry' or . = 'Standard Entry')]"}
RESULT: {"using":"xpath","value":"//div[(text() = 'Standard Entry' or . = 'Standard Entry')]"}
COMMAND: POST /session/3247b862f9661e1dad05ca414f9e55ea/element/f.BF6F4EA089F18175CED7BE484E452EA8.d.84C31930FDF94244653E1ECA3115CDE4.e.13744/click - {}
RESULT: {}
COMMAND: GET /session/3247b862f9661e1dad05ca414f9e55ea/screenshot - {}
RESULT: {}
COMMAND: POST /session/3247b862f9661e1dad05ca414f9e55ea/element - {"using":"xpath","value":"//td[7]/div/div/input"}
RESULT: {"using":"xpath","value":"//td[7]/div/div/input"}
COMMAND: POST /session/3247b862f9661e1dad05ca414f9e55ea/element/f.BF6F4EA089F18175CED7BE484E452EA8.d.84C31930FDF94244653E1ECA3115CDE4.e.13753/clear - {}
RESULT: {}
COMMAND: POST /session/3247b862f9661e1dad05ca414f9e55ea/element/f.BF6F4EA089F18175CED7BE484E452EA8.d.84C31930FDF94244653E1ECA3115CDE4.e.13753/value - {"text":"1do9StutHf"}
COMMAND: GET /session/3247b862f9661e1dad05ca414f9e55ea/screenshot - {}
RESULT: {"text":"1do9StutHf"}
COMMAND: GET /session/3247b862f9661e1dad05ca414f9e55ea/screenshot - {}
RESULT: {}
RESULT: {}
COMMAND: POST /session/3247b862f9661e1dad05ca414f9e55ea/actions - {"actions":[{"id":"action46","type":"key","parameters":{},"actions":[{"type":"keyDown","value":"î€‡"},{"type":"pause","duration":10},{"type":"keyUp","value":"î€‡"}]}]}
RESULT: {"actions":[{"id":"action46","type":"key","parameters":{},"actions":[{"type":"keyDown","value":"î€‡"},{"type":"pause","duration":10},{"type":"keyUp","value":"î€‡"}]}]}
COMMAND: GET /session/3247b862f9661e1dad05ca414f9e55ea/screenshot - {}
RESULT: {}
COMMAND: POST /session/3247b862f9661e1dad05ca414f9e55ea/execute/sync - {"script":"<script> [276 bytes]","args":["No pricing information was found"]}
RESULT: {"script":"<script> [276 bytes]","args":["No pricing information was found"]}
COMMAND: POST /session/3247b862f9661e1dad05ca414f9e55ea/element - {"using":"xpath","value":"(//button[@data-kt=\"saveButton\"])[2]"}
COMMAND: GET /session/3247b862f9661e1dad05ca414f9e55ea/screenshot - {}
RESULT: {"using":"xpath","value":"(//button[@data-kt=\"saveButton\"])[2]"}
COMMAND: POST /session/3247b862f9661e1dad05ca414f9e55ea/element/f.BF6F4EA089F18175CED7BE484E452EA8.d.84C31930FDF94244653E1ECA3115CDE4.e.13768/click - {}
RESULT: {}
RESULT: {}
COMMAND: GET /session/3247b862f9661e1dad05ca414f9e55ea/screenshot - {}
RESULT: {}
COMMAND: POST /session/3247b862f9661e1dad05ca414f9e55ea/execute/sync - {"script":"<script> [276 bytes]","args":["Some contract items are having rental validity exceeding header rental validity"]}
RESULT: {"script":"<script> [276 bytes]","args":["Some contract items are having rental validity exceeding header rental validity"]}
COMMAND: GET /session/3247b862f9661e1dad05ca414f9e55ea/screenshot - {}
RESULT: {}
COMMAND: POST /session/3247b862f9661e1dad05ca414f9e55ea/element - {"using":"xpath","value":"//span[contains(@id ,\"contractItemsSmartTable-header-inner\")]"}
RESULT: {"using":"xpath","value":"//span[contains(@id ,\"contractItemsSmartTable-header-inner\")]"}
COMMAND: POST /session/3247b862f9661e1dad05ca414f9e55ea/elements - {"using":"xpath","value":"//span[contains(@id ,\"contractItemsSmartTable-header-inner\")]"}
RESULT: {"using":"xpath","value":"//span[contains(@id ,\"contractItemsSmartTable-header-inner\")]"}
COMMAND: POST /session/3247b862f9661e1dad05ca414f9e55ea/execute/sync - {"script":"<script> [56 bytes]","args":[{"element-6066-11e4-a52e-4f735466cecf":"f.BF6F4EA089F18175CED7BE484E452EA8.d.84C31930FDF94244653E1ECA3115CDE4.e.13770","ELEMENT":"f.BF6F4EA089F18175CED7BE484E452EA8.d.84C31930FDF94244653E1ECA3115CDE4.e.13770"}]}
RESULT: {"script":"<script> [56 bytes]","args":[{"element-6066-11e4-a52e-4f735466cecf":"f.BF6F4EA089F18175CED7BE484E452EA8.d.84C31930FDF94244653E1ECA3115CDE4.e.13770","ELEMENT":"f.BF6F4EA089F18175CED7BE484E452EA8.d.84C31930FDF94244653E1ECA3115CDE4.e.13770"}]}
COMMAND: GET /session/3247b862f9661e1dad05ca414f9e55ea/screenshot - {}
RESULT: {}
COMMAND: POST /session/3247b862f9661e1dad05ca414f9e55ea/execute/sync - {"script":"<script> [56 bytes]","args":[{"element-6066-11e4-a52e-4f735466cecf":"f.BF6F4EA089F18175CED7BE484E452EA8.d.84C31930FDF94244653E1ECA3115CDE4.e.13770","ELEMENT":"f.BF6F4EA089F18175CED7BE484E452EA8.d.84C31930FDF94244653E1ECA3115CDE4.e.13770"}]}
RESULT: {"script":"<script> [56 bytes]","args":[{"element-6066-11e4-a52e-4f735466cecf":"f.BF6F4EA089F18175CED7BE484E452EA8.d.84C31930FDF94244653E1ECA3115CDE4.e.13770","ELEMENT":"f.BF6F4EA089F18175CED7BE484E452EA8.d.84C31930FDF94244653E1ECA3115CDE4.e.13770"}]}
COMMAND: GET /session/3247b862f9661e1dad05ca414f9e55ea/screenshot - {}
RESULT: {}
COMMAND: POST /session/3247b862f9661e1dad05ca414f9e55ea/execute/sync - {"script":"<script> [56 bytes]","args":[{"element-6066-11e4-a52e-4f735466cecf":"f.BF6F4EA089F18175CED7BE484E452EA8.d.84C31930FDF94244653E1ECA3115CDE4.e.13770","ELEMENT":"f.BF6F4EA089F18175CED7BE484E452EA8.d.84C31930FDF94244653E1ECA3115CDE4.e.13770"}]}
RESULT: {"script":"<script> [56 bytes]","args":[{"element-6066-11e4-a52e-4f735466cecf":"f.BF6F4EA089F18175CED7BE484E452EA8.d.84C31930FDF94244653E1ECA3115CDE4.e.13770","ELEMENT":"f.BF6F4EA089F18175CED7BE484E452EA8.d.84C31930FDF94244653E1ECA3115CDE4.e.13770"}]}
COMMAND: GET /session/3247b862f9661e1dad05ca414f9e55ea/screenshot - {}
RESULT: {}
COMMAND: POST /session/3247b862f9661e1dad05ca414f9e55ea/execute/sync - {"script":"<script> [56 bytes]","args":[{"element-6066-11e4-a52e-4f735466cecf":"f.BF6F4EA089F18175CED7BE484E452EA8.d.84C31930FDF94244653E1ECA3115CDE4.e.13770","ELEMENT":"f.BF6F4EA089F18175CED7BE484E452EA8.d.84C31930FDF94244653E1ECA3115CDE4.e.13770"}]}
RESULT: {"script":"<script> [56 bytes]","args":[{"element-6066-11e4-a52e-4f735466cecf":"f.BF6F4EA089F18175CED7BE484E452EA8.d.84C31930FDF94244653E1ECA3115CDE4.e.13770","ELEMENT":"f.BF6F4EA089F18175CED7BE484E452EA8.d.84C31930FDF94244653E1ECA3115CDE4.e.13770"}]}
COMMAND: GET /session/3247b862f9661e1dad05ca414f9e55ea/screenshot - {}
RESULT: {}
COMMAND: POST /session/3247b862f9661e1dad05ca414f9e55ea/execute/sync - {"script":"<script> [56 bytes]","args":[{"element-6066-11e4-a52e-4f735466cecf":"f.BF6F4EA089F18175CED7BE484E452EA8.d.84C31930FDF94244653E1ECA3115CDE4.e.13770","ELEMENT":"f.BF6F4EA089F18175CED7BE484E452EA8.d.84C31930FDF94244653E1ECA3115CDE4.e.13770"}]}
RESULT: {"script":"<script> [56 bytes]","args":[{"element-6066-11e4-a52e-4f735466cecf":"f.BF6F4EA089F18175CED7BE484E452EA8.d.84C31930FDF94244653E1ECA3115CDE4.e.13770","ELEMENT":"f.BF6F4EA089F18175CED7BE484E452EA8.d.84C31930FDF94244653E1ECA3115CDE4.e.13770"}]}
COMMAND: GET /session/3247b862f9661e1dad05ca414f9e55ea/screenshot - {}
RESULT: {}
COMMAND: POST /session/3247b862f9661e1dad05ca414f9e55ea/execute/sync - {"script":"<script> [56 bytes]","args":[{"element-6066-11e4-a52e-4f735466cecf":"f.BF6F4EA089F18175CED7BE484E452EA8.d.84C31930FDF94244653E1ECA3115CDE4.e.13770","ELEMENT":"f.BF6F4EA089F18175CED7BE484E452EA8.d.84C31930FDF94244653E1ECA3115CDE4.e.13770"}]}
RESULT: {"script":"<script> [56 bytes]","args":[{"element-6066-11e4-a52e-4f735466cecf":"f.BF6F4EA089F18175CED7BE484E452EA8.d.84C31930FDF94244653E1ECA3115CDE4.e.13770","ELEMENT":"f.BF6F4EA089F18175CED7BE484E452EA8.d.84C31930FDF94244653E1ECA3115CDE4.e.13770"}]}
COMMAND: GET /session/3247b862f9661e1dad05ca414f9e55ea/screenshot - {}
RESULT: {}
COMMAND: POST /session/3247b862f9661e1dad05ca414f9e55ea/execute/sync - {"script":"<script> [56 bytes]","args":[{"element-6066-11e4-a52e-4f735466cecf":"f.BF6F4EA089F18175CED7BE484E452EA8.d.84C31930FDF94244653E1ECA3115CDE4.e.13770","ELEMENT":"f.BF6F4EA089F18175CED7BE484E452EA8.d.84C31930FDF94244653E1ECA3115CDE4.e.13770"}]}
RESULT: {"script":"<script> [56 bytes]","args":[{"element-6066-11e4-a52e-4f735466cecf":"f.BF6F4EA089F18175CED7BE484E452EA8.d.84C31930FDF94244653E1ECA3115CDE4.e.13770","ELEMENT":"f.BF6F4EA089F18175CED7BE484E452EA8.d.84C31930FDF94244653E1ECA3115CDE4.e.13770"}]}
COMMAND: GET /session/3247b862f9661e1dad05ca414f9e55ea/screenshot - {}
RESULT: {}
COMMAND: POST /session/3247b862f9661e1dad05ca414f9e55ea/execute/sync - {"script":"<script> [56 bytes]","args":[{"element-6066-11e4-a52e-4f735466cecf":"f.BF6F4EA089F18175CED7BE484E452EA8.d.84C31930FDF94244653E1ECA3115CDE4.e.13770","ELEMENT":"f.BF6F4EA089F18175CED7BE484E452EA8.d.84C31930FDF94244653E1ECA3115CDE4.e.13770"}]}
RESULT: {"script":"<script> [56 bytes]","args":[{"element-6066-11e4-a52e-4f735466cecf":"f.BF6F4EA089F18175CED7BE484E452EA8.d.84C31930FDF94244653E1ECA3115CDE4.e.13770","ELEMENT":"f.BF6F4EA089F18175CED7BE484E452EA8.d.84C31930FDF94244653E1ECA3115CDE4.e.13770"}]}
COMMAND: GET /session/3247b862f9661e1dad05ca414f9e55ea/screenshot - {}
RESULT: {}
COMMAND: POST /session/3247b862f9661e1dad05ca414f9e55ea/execute/sync - {"script":"<script> [56 bytes]","args":[{"element-6066-11e4-a52e-4f735466cecf":"f.BF6F4EA089F18175CED7BE484E452EA8.d.84C31930FDF94244653E1ECA3115CDE4.e.13770","ELEMENT":"f.BF6F4EA089F18175CED7BE484E452EA8.d.84C31930FDF94244653E1ECA3115CDE4.e.13770"}]}
RESULT: {"script":"<script> [56 bytes]","args":[{"element-6066-11e4-a52e-4f735466cecf":"f.BF6F4EA089F18175CED7BE484E452EA8.d.84C31930FDF94244653E1ECA3115CDE4.e.13770","ELEMENT":"f.BF6F4EA089F18175CED7BE484E452EA8.d.84C31930FDF94244653E1ECA3115CDE4.e.13770"}]}
COMMAND: GET /session/3247b862f9661e1dad05ca414f9e55ea/screenshot - {}
RESULT: {}
COMMAND: POST /session/3247b862f9661e1dad05ca414f9e55ea/execute/sync - {"script":"<script> [56 bytes]","args":[{"element-6066-11e4-a52e-4f735466cecf":"f.BF6F4EA089F18175CED7BE484E452EA8.d.84C31930FDF94244653E1ECA3115CDE4.e.13770","ELEMENT":"f.BF6F4EA089F18175CED7BE484E452EA8.d.84C31930FDF94244653E1ECA3115CDE4.e.13770"}]}
RESULT: {"script":"<script> [56 bytes]","args":[{"element-6066-11e4-a52e-4f735466cecf":"f.BF6F4EA089F18175CED7BE484E452EA8.d.84C31930FDF94244653E1ECA3115CDE4.e.13770","ELEMENT":"f.BF6F4EA089F18175CED7BE484E452EA8.d.84C31930FDF94244653E1ECA3115CDE4.e.13770"}]}
COMMAND: GET /session/3247b862f9661e1dad05ca414f9e55ea/screenshot - {}
RESULT: {}
COMMAND: POST /session/3247b862f9661e1dad05ca414f9e55ea/execute/sync - {"script":"<script> [56 bytes]","args":[{"element-6066-11e4-a52e-4f735466cecf":"f.BF6F4EA089F18175CED7BE484E452EA8.d.84C31930FDF94244653E1ECA3115CDE4.e.13770","ELEMENT":"f.BF6F4EA089F18175CED7BE484E452EA8.d.84C31930FDF94244653E1ECA3115CDE4.e.13770"}]}
RESULT: {"script":"<script> [56 bytes]","args":[{"element-6066-11e4-a52e-4f735466cecf":"f.BF6F4EA089F18175CED7BE484E452EA8.d.84C31930FDF94244653E1ECA3115CDE4.e.13770","ELEMENT":"f.BF6F4EA089F18175CED7BE484E452EA8.d.84C31930FDF94244653E1ECA3115CDE4.e.13770"}]}
COMMAND: GET /session/3247b862f9661e1dad05ca414f9e55ea/screenshot - {}
RESULT: {}
COMMAND: POST /session/3247b862f9661e1dad05ca414f9e55ea/execute/sync - {"script":"<script> [56 bytes]","args":[{"element-6066-11e4-a52e-4f735466cecf":"f.BF6F4EA089F18175CED7BE484E452EA8.d.84C31930FDF94244653E1ECA3115CDE4.e.13770","ELEMENT":"f.BF6F4EA089F18175CED7BE484E452EA8.d.84C31930FDF94244653E1ECA3115CDE4.e.13770"}]}
RESULT: {"script":"<script> [56 bytes]","args":[{"element-6066-11e4-a52e-4f735466cecf":"f.BF6F4EA089F18175CED7BE484E452EA8.d.84C31930FDF94244653E1ECA3115CDE4.e.13770","ELEMENT":"f.BF6F4EA089F18175CED7BE484E452EA8.d.84C31930FDF94244653E1ECA3115CDE4.e.13770"}]}
COMMAND: GET /session/3247b862f9661e1dad05ca414f9e55ea/screenshot - {}
RESULT: {}
COMMAND: POST /session/3247b862f9661e1dad05ca414f9e55ea/execute/sync - {"script":"<script> [56 bytes]","args":[{"element-6066-11e4-a52e-4f735466cecf":"f.BF6F4EA089F18175CED7BE484E452EA8.d.84C31930FDF94244653E1ECA3115CDE4.e.13770","ELEMENT":"f.BF6F4EA089F18175CED7BE484E452EA8.d.84C31930FDF94244653E1ECA3115CDE4.e.13770"}]}
RESULT: {"script":"<script> [56 bytes]","args":[{"element-6066-11e4-a52e-4f735466cecf":"f.BF6F4EA089F18175CED7BE484E452EA8.d.84C31930FDF94244653E1ECA3115CDE4.e.13770","ELEMENT":"f.BF6F4EA089F18175CED7BE484E452EA8.d.84C31930FDF94244653E1ECA3115CDE4.e.13770"}]}
COMMAND: GET /session/3247b862f9661e1dad05ca414f9e55ea/screenshot - {}
RESULT: {}
COMMAND: POST /session/3247b862f9661e1dad05ca414f9e55ea/execute/sync - {"script":"<script> [56 bytes]","args":[{"element-6066-11e4-a52e-4f735466cecf":"f.BF6F4EA089F18175CED7BE484E452EA8.d.84C31930FDF94244653E1ECA3115CDE4.e.13770","ELEMENT":"f.BF6F4EA089F18175CED7BE484E452EA8.d.84C31930FDF94244653E1ECA3115CDE4.e.13770"}]}
RESULT: {"script":"<script> [56 bytes]","args":[{"element-6066-11e4-a52e-4f735466cecf":"f.BF6F4EA089F18175CED7BE484E452EA8.d.84C31930FDF94244653E1ECA3115CDE4.e.13770","ELEMENT":"f.BF6F4EA089F18175CED7BE484E452EA8.d.84C31930FDF94244653E1ECA3115CDE4.e.13770"}]}
COMMAND: GET /session/3247b862f9661e1dad05ca414f9e55ea/screenshot - {}
RESULT: {}
COMMAND: POST /session/3247b862f9661e1dad05ca414f9e55ea/execute/sync - {"script":"<script> [56 bytes]","args":[{"element-6066-11e4-a52e-4f735466cecf":"f.BF6F4EA089F18175CED7BE484E452EA8.d.84C31930FDF94244653E1ECA3115CDE4.e.13770","ELEMENT":"f.BF6F4EA089F18175CED7BE484E452EA8.d.84C31930FDF94244653E1ECA3115CDE4.e.13770"}]}
RESULT: {"script":"<script> [56 bytes]","args":[{"element-6066-11e4-a52e-4f735466cecf":"f.BF6F4EA089F18175CED7BE484E452EA8.d.84C31930FDF94244653E1ECA3115CDE4.e.13770","ELEMENT":"f.BF6F4EA089F18175CED7BE484E452EA8.d.84C31930FDF94244653E1ECA3115CDE4.e.13770"}]}
COMMAND: GET /session/3247b862f9661e1dad05ca414f9e55ea/screenshot - {}
RESULT: {}
COMMAND: POST /session/3247b862f9661e1dad05ca414f9e55ea/execute/sync - {"script":"<script> [56 bytes]","args":[{"element-6066-11e4-a52e-4f735466cecf":"f.BF6F4EA089F18175CED7BE484E452EA8.d.84C31930FDF94244653E1ECA3115CDE4.e.13770","ELEMENT":"f.BF6F4EA089F18175CED7BE484E452EA8.d.84C31930FDF94244653E1ECA3115CDE4.e.13770"}]}
RESULT: {"script":"<script> [56 bytes]","args":[{"element-6066-11e4-a52e-4f735466cecf":"f.BF6F4EA089F18175CED7BE484E452EA8.d.84C31930FDF94244653E1ECA3115CDE4.e.13770","ELEMENT":"f.BF6F4EA089F18175CED7BE484E452EA8.d.84C31930FDF94244653E1ECA3115CDE4.e.13770"}]}
COMMAND: GET /session/3247b862f9661e1dad05ca414f9e55ea/screenshot - {}
COMMAND: POST /session/3247b862f9661e1dad05ca414f9e55ea/execute/sync - {"script":"<script> [56 bytes]","args":[{"element-6066-11e4-a52e-4f735466cecf":"f.BF6F4EA089F18175CED7BE484E452EA8.d.84C31930FDF94244653E1ECA3115CDE4.e.13770","ELEMENT":"f.BF6F4EA089F18175CED7BE484E452EA8.d.84C31930FDF94244653E1ECA3115CDE4.e.13770"}]}
RESULT: {}
RESULT: {"script":"<script> [56 bytes]","args":[{"element-6066-11e4-a52e-4f735466cecf":"f.BF6F4EA089F18175CED7BE484E452EA8.d.84C31930FDF94244653E1ECA3115CDE4.e.13770","ELEMENT":"f.BF6F4EA089F18175CED7BE484E452EA8.d.84C31930FDF94244653E1ECA3115CDE4.e.13770"}]}
COMMAND: POST /session/3247b862f9661e1dad05ca414f9e55ea/execute/sync - {"script":"<script> [56 bytes]","args":[{"element-6066-11e4-a52e-4f735466cecf":"f.BF6F4EA089F18175CED7BE484E452EA8.d.84C31930FDF94244653E1ECA3115CDE4.e.13770","ELEMENT":"f.BF6F4EA089F18175CED7BE484E452EA8.d.84C31930FDF94244653E1ECA3115CDE4.e.13770"}]}
COMMAND: GET /session/3247b862f9661e1dad05ca414f9e55ea/screenshot - {}
RESULT: {}
RESULT: {"script":"<script> [56 bytes]","args":[{"element-6066-11e4-a52e-4f735466cecf":"f.BF6F4EA089F18175CED7BE484E452EA8.d.84C31930FDF94244653E1ECA3115CDE4.e.13770","ELEMENT":"f.BF6F4EA089F18175CED7BE484E452EA8.d.84C31930FDF94244653E1ECA3115CDE4.e.13770"}]}
COMMAND: GET /session/3247b862f9661e1dad05ca414f9e55ea/screenshot - {}
COMMAND: POST /session/3247b862f9661e1dad05ca414f9e55ea/execute/sync - {"script":"<script> [56 bytes]","args":[{"element-6066-11e4-a52e-4f735466cecf":"f.BF6F4EA089F18175CED7BE484E452EA8.d.84C31930FDF94244653E1ECA3115CDE4.e.13770","ELEMENT":"f.BF6F4EA089F18175CED7BE484E452EA8.d.84C31930FDF94244653E1ECA3115CDE4.e.13770"}]}
RESULT: {"script":"<script> [56 bytes]","args":[{"element-6066-11e4-a52e-4f735466cecf":"f.BF6F4EA089F18175CED7BE484E452EA8.d.84C31930FDF94244653E1ECA3115CDE4.e.13770","ELEMENT":"f.BF6F4EA089F18175CED7BE484E452EA8.d.84C31930FDF94244653E1ECA3115CDE4.e.13770"}]}
COMMAND: GET /session/3247b862f9661e1dad05ca414f9e55ea/screenshot - {}
COMMAND: POST /session/3247b862f9661e1dad05ca414f9e55ea/execute/sync - {"script":"<script> [56 bytes]","args":[{"element-6066-11e4-a52e-4f735466cecf":"f.BF6F4EA089F18175CED7BE484E452EA8.d.84C31930FDF94244653E1ECA3115CDE4.e.13770","ELEMENT":"f.BF6F4EA089F18175CED7BE484E452EA8.d.84C31930FDF94244653E1ECA3115CDE4.e.13770"}]}
RESULT: {}
RESULT: {"script":"<script> [56 bytes]","args":[{"element-6066-11e4-a52e-4f735466cecf":"f.BF6F4EA089F18175CED7BE484E452EA8.d.84C31930FDF94244653E1ECA3115CDE4.e.13770","ELEMENT":"f.BF6F4EA089F18175CED7BE484E452EA8.d.84C31930FDF94244653E1ECA3115CDE4.e.13770"}]}
]]></system-out>
    </testcase>
    <testcase classname="chrome.136_0_7103_93.windows.Create_master_data_for_mixed_billing_&amp;_do_billing_calculation_US151661" name="Should do a provide to site handover" time="59.065">
      <system-out><![CDATA[
COMMAND: POST /session/3247b862f9661e1dad05ca414f9e55ea/element - {"using":"xpath","value":"//button[@data-kt=\"provideButton\"]"}
COMMAND: GET /session/3247b862f9661e1dad05ca414f9e55ea/screenshot - {}
RESULT: {}
RESULT: {"using":"xpath","value":"//button[@data-kt=\"provideButton\"]"}
COMMAND: POST /session/3247b862f9661e1dad05ca414f9e55ea/element/f.BF6F4EA089F18175CED7BE484E452EA8.d.84C31930FDF94244653E1ECA3115CDE4.e.13775/click - {}
RESULT: {}
RESULT: {}
COMMAND: GET /session/3247b862f9661e1dad05ca414f9e55ea/screenshot - {}
RESULT: undefined
COMMAND: POST /session/3247b862f9661e1dad05ca414f9e55ea/execute/async - {"script":"<script> [6424 bytes]","args":[{"element-6066-11e4-a52e-4f735466cecf":"f.BF6F4EA089F18175CED7BE484E452EA8.d.84C31930FDF94244653E1ECA3115CDE4.e.12774"},"setValue",["5/20/25"]]}
RESULT: {}
COMMAND: POST /session/3247b862f9661e1dad05ca414f9e55ea/execute/async - {"script":"<script> [1562 bytes]","args":[{"selector":{"id":"application-managehandovers-display-component---AddNewHO--dueDate","interaction":{"idSuffix":"inner"}},"wdio_ui5_key":"applicationmanagehandovers-display-component---AddNewHO--dueDate"}]}
RESULT: {"script":"<script> [1562 bytes]","args":[{"selector":{"id":"application-managehandovers-display-component---AddNewHO--dueDate","interaction":{"idSuffix":"inner"}},"wdio_ui5_key":"applicationmanagehandovers-display-component---AddNewHO--dueDate"}]}
COMMAND: POST /session/3247b862f9661e1dad05ca414f9e55ea/execute/async - {"script":"<script> [6424 bytes]","args":[{"element-6066-11e4-a52e-4f735466cecf":"f.BF6F4EA089F18175CED7BE484E452EA8.d.84C31930FDF94244653E1ECA3115CDE4.e.13865"},"setValue",["5/20/25"]]}
RESULT: {"script":"<script> [6424 bytes]","args":[{"element-6066-11e4-a52e-4f735466cecf":"f.BF6F4EA089F18175CED7BE484E452EA8.d.84C31930FDF94244653E1ECA3115CDE4.e.13865"},"setValue",["5/20/25"]]}
COMMAND: POST /session/3247b862f9661e1dad05ca414f9e55ea/element - {"using":"xpath","value":"//bdi[contains(text(), \"Instructions\")]"}
RESULT: {"using":"xpath","value":"//bdi[contains(text(), \"Instructions\")]"}
COMMAND: POST /session/3247b862f9661e1dad05ca414f9e55ea/element/f.BF6F4EA089F18175CED7BE484E452EA8.d.84C31930FDF94244653E1ECA3115CDE4.e.14080/click - {}
RESULT: {}
COMMAND: GET /session/3247b862f9661e1dad05ca414f9e55ea/screenshot - {}
RESULT: {}
COMMAND: POST /session/3247b862f9661e1dad05ca414f9e55ea/element - {"using":"xpath","value":"//button[@data-kt=\"AddNewHOProvideAddItemsButton\"]"}
RESULT: {"using":"xpath","value":"//button[@data-kt=\"AddNewHOProvideAddItemsButton\"]"}
COMMAND: POST /session/3247b862f9661e1dad05ca414f9e55ea/element/f.BF6F4EA089F18175CED7BE484E452EA8.d.84C31930FDF94244653E1ECA3115CDE4.e.14085/click - {}
RESULT: {}
COMMAND: GET /session/3247b862f9661e1dad05ca414f9e55ea/screenshot - {}
RESULT: {}
RESULT: undefined
COMMAND: POST /session/3247b862f9661e1dad05ca414f9e55ea/element - {"using":"xpath","value":"//*[@id=\"application-managehandovers-display-component---AddNewHO--popup-sa\"]"}
RESULT: {"using":"xpath","value":"//*[@id=\"application-managehandovers-display-component---AddNewHO--popup-sa\"]"}
COMMAND: POST /session/3247b862f9661e1dad05ca414f9e55ea/element/f.BF6F4EA089F18175CED7BE484E452EA8.d.84C31930FDF94244653E1ECA3115CDE4.e.14100/click - {}
RESULT: {}
COMMAND: GET /session/3247b862f9661e1dad05ca414f9e55ea/screenshot - {}
RESULT: {}
COMMAND: POST /session/3247b862f9661e1dad05ca414f9e55ea/element - {"using":"xpath","value":"//*[contains(@id ,\"BDI-content\")][contains(text(), \"Select\")]"}
RESULT: {"using":"xpath","value":"//*[contains(@id ,\"BDI-content\")][contains(text(), \"Select\")]"}
COMMAND: POST /session/3247b862f9661e1dad05ca414f9e55ea/element/f.BF6F4EA089F18175CED7BE484E452EA8.d.84C31930FDF94244653E1ECA3115CDE4.e.14101/click - {}
RESULT: {}
COMMAND: GET /session/3247b862f9661e1dad05ca414f9e55ea/screenshot - {}
RESULT: {}
COMMAND: POST /session/3247b862f9661e1dad05ca414f9e55ea/execute/async - {"script":"<script> [1562 bytes]","args":[{"selector":{"id":"application-managehandovers-display-component---AddNewHO--confirmCreationButton","interaction":{"idSuffix":"BDI-content"}},"wdio_ui5_key":"applicationmanagehandovers-display-component---AddNewHO--confirmCreationButton"}]}
RESULT: {"script":"<script> [1562 bytes]","args":[{"selector":{"id":"application-managehandovers-display-component---AddNewHO--confirmCreationButton","interaction":{"idSuffix":"BDI-content"}},"wdio_ui5_key":"applicationmanagehandovers-display-component---AddNewHO--confirmCreationButton"}]}
RESULT: undefined
COMMAND: POST /session/3247b862f9661e1dad05ca414f9e55ea/element - {"using":"xpath","value":"//*[@id=\"application-managehandovers-display-component---AddNewHO--confirmCreationButton\"]"}
RESULT: {"using":"xpath","value":"//*[@id=\"application-managehandovers-display-component---AddNewHO--confirmCreationButton\"]"}
COMMAND: POST /session/3247b862f9661e1dad05ca414f9e55ea/element/f.BF6F4EA089F18175CED7BE484E452EA8.d.84C31930FDF94244653E1ECA3115CDE4.e.13909/click - {}
RESULT: {}
COMMAND: GET /session/3247b862f9661e1dad05ca414f9e55ea/screenshot - {}
RESULT: {}
COMMAND: POST /session/3247b862f9661e1dad05ca414f9e55ea/execute/async - {"script":"<script> [1562 bytes]","args":[{"selector":{"id":"issueDatePicker","viewName":"etm.portal.ui.managehandovers.view.DetailExecuteHO","interaction":{"idSuffix":"inner"}},"wdio_ui5_key":"issueDatePickeretmportal.ui.managehandovers.view.DetailExecuteHO"}]}
RESULT: {"script":"<script> [1562 bytes]","args":[{"selector":{"id":"issueDatePicker","viewName":"etm.portal.ui.managehandovers.view.DetailExecuteHO","interaction":{"idSuffix":"inner"}},"wdio_ui5_key":"issueDatePickeretmportal.ui.managehandovers.view.DetailExecuteHO"}]}
RESULT: undefined
COMMAND: POST /session/3247b862f9661e1dad05ca414f9e55ea/execute/async - {"script":"<script> [776 bytes]","args":[{"enterText":"5/20/25","selector":{"id":"issueDatePicker","viewName":"etm.portal.ui.managehandovers.view.DetailExecuteHO","interaction":{"idSuffix":"inner"}},"clearTextFirst":true,"interactionType":"ENTER_TEXT"}]}
RESULT: {"script":"<script> [776 bytes]","args":[{"enterText":"5/20/25","selector":{"id":"issueDatePicker","viewName":"etm.portal.ui.managehandovers.view.DetailExecuteHO","interaction":{"idSuffix":"inner"}},"clearTextFirst":true,"interactionType":"ENTER_TEXT"}]}
COMMAND: POST /session/3247b862f9661e1dad05ca414f9e55ea/element - {"using":"xpath","value":"//bdi[contains(text(), \"OK\")]"}
RESULT: {"using":"xpath","value":"//bdi[contains(text(), \"OK\")]"}
COMMAND: POST /session/3247b862f9661e1dad05ca414f9e55ea/element/f.BF6F4EA089F18175CED7BE484E452EA8.d.84C31930FDF94244653E1ECA3115CDE4.e.14166/click - {}
RESULT: {}
COMMAND: GET /session/3247b862f9661e1dad05ca414f9e55ea/screenshot - {}
RESULT: {}
COMMAND: POST /session/3247b862f9661e1dad05ca414f9e55ea/element - {"using":"xpath","value":"//button[@data-kt=\"PickingTableConfirmAllButton\"]"}
RESULT: {"using":"xpath","value":"//button[@data-kt=\"PickingTableConfirmAllButton\"]"}
COMMAND: POST /session/3247b862f9661e1dad05ca414f9e55ea/element/f.BF6F4EA089F18175CED7BE484E452EA8.d.84C31930FDF94244653E1ECA3115CDE4.e.14171/click - {}
RESULT: {}
COMMAND: GET /session/3247b862f9661e1dad05ca414f9e55ea/screenshot - {}
RESULT: {}
COMMAND: POST /session/3247b862f9661e1dad05ca414f9e55ea/element - {"using":"xpath","value":"//bdi[contains(text(), \"OK\")]"}
RESULT: {"using":"xpath","value":"//bdi[contains(text(), \"OK\")]"}
COMMAND: POST /session/3247b862f9661e1dad05ca414f9e55ea/element/f.BF6F4EA089F18175CED7BE484E452EA8.d.84C31930FDF94244653E1ECA3115CDE4.e.14175/click - {}
RESULT: {}
COMMAND: GET /session/3247b862f9661e1dad05ca414f9e55ea/screenshot - {}
RESULT: {}
COMMAND: POST /session/3247b862f9661e1dad05ca414f9e55ea/element - {"using":"xpath","value":"//bdi[contains(text(), \"Issue\")]"}
RESULT: {"using":"xpath","value":"//bdi[contains(text(), \"Issue\")]"}
COMMAND: POST /session/3247b862f9661e1dad05ca414f9e55ea/element/f.BF6F4EA089F18175CED7BE484E452EA8.d.84C31930FDF94244653E1ECA3115CDE4.e.14176/click - {}
RESULT: {}
COMMAND: GET /session/3247b862f9661e1dad05ca414f9e55ea/screenshot - {}
RESULT: {}
COMMAND: POST /session/3247b862f9661e1dad05ca414f9e55ea/element - {"using":"css selector","value":"#shell-header-logo"}
RESULT: {"using":"css selector","value":"#shell-header-logo"}
COMMAND: POST /session/3247b862f9661e1dad05ca414f9e55ea/element/f.BF6F4EA089F18175CED7BE484E452EA8.d.84C31930FDF94244653E1ECA3115CDE4.e.13168/click - {}
RESULT: {}
COMMAND: GET /session/3247b862f9661e1dad05ca414f9e55ea/screenshot - {}
RESULT: {}
]]></system-out>
    </testcase>
    <testcase classname="chrome.136_0_7103_93.windows.Create_master_data_for_mixed_billing_&amp;_do_billing_calculation_US151661" name="Should create a few performance documents" time="96.719">
      <system-out><![CDATA[
COMMAND: POST /session/3247b862f9661e1dad05ca414f9e55ea/execute/async - {"script":"<script> [1562 bytes]","args":[{"selector":{"controlType":"sap.m.GenericTile","properties":{"header":"Manage States & Performance"}},"wdio_ui5_key":"sapm.GenericTile{\"header\":\"Manage States & Performance\"}"}]}
RESULT: {"script":"<script> [1562 bytes]","args":[{"selector":{"controlType":"sap.m.GenericTile","properties":{"header":"Manage States & Performance"}},"wdio_ui5_key":"sapm.GenericTile{\"header\":\"Manage States & Performance\"}"}]}
RESULT: undefined
COMMAND: POST /session/3247b862f9661e1dad05ca414f9e55ea/element - {"using":"xpath","value":"//*[@id=\"__tile96\"]"}
RESULT: {"using":"xpath","value":"//*[@id=\"__tile96\"]"}
COMMAND: POST /session/3247b862f9661e1dad05ca414f9e55ea/element/f.BF6F4EA089F18175CED7BE484E452EA8.d.84C31930FDF94244653E1ECA3115CDE4.e.9093/click - {}
RESULT: {}
COMMAND: GET /session/3247b862f9661e1dad05ca414f9e55ea/screenshot - {}
RESULT: {}
COMMAND: POST /session/3247b862f9661e1dad05ca414f9e55ea/elements - {"using":"xpath","value":"//span[text()='Error']"}
RESULT: {"using":"xpath","value":"//span[text()='Error']"}
COMMAND: POST /session/3247b862f9661e1dad05ca414f9e55ea/execute/async - {"script":"<script> [1562 bytes]","args":[{"selector":{"id":"application-managestatesandperformance-display-component---stateAndPerform--smartFilterBarResources-btnBasicSearch","interaction":{"idSuffix":"I"}},"wdio_ui5_key":"applicationmanagestatesandperformance-display-component---stateAndPerform--smartFilterBarResources-btnBasicSearch"}]}
RESULT: {"script":"<script> [1562 bytes]","args":[{"selector":{"id":"application-managestatesandperformance-display-component---stateAndPerform--smartFilterBarResources-btnBasicSearch","interaction":{"idSuffix":"I"}},"wdio_ui5_key":"applicationmanagestatesandperformance-display-component---stateAndPerform--smartFilterBarResources-btnBasicSearch"}]}
RESULT: undefined
COMMAND: POST /session/3247b862f9661e1dad05ca414f9e55ea/execute/async - {"script":"<script> [776 bytes]","args":[{"enterText":"1do9StutHf","selector":{"id":"application-managestatesandperformance-display-component---stateAndPerform--smartFilterBarResources-btnBasicSearch","interaction":{"idSuffix":"I"}},"clearTextFirst":true,"interactionType":"ENTER_TEXT"}]}
RESULT: {"script":"<script> [776 bytes]","args":[{"enterText":"1do9StutHf","selector":{"id":"application-managestatesandperformance-display-component---stateAndPerform--smartFilterBarResources-btnBasicSearch","interaction":{"idSuffix":"I"}},"clearTextFirst":true,"interactionType":"ENTER_TEXT"}]}
COMMAND: POST /session/3247b862f9661e1dad05ca414f9e55ea/actions - {"actions":[{"id":"action47","type":"key","parameters":{},"actions":[{"type":"keyDown","value":"î€‡"},{"type":"pause","duration":10},{"type":"keyUp","value":"î€‡"}]}]}
RESULT: {"actions":[{"id":"action47","type":"key","parameters":{},"actions":[{"type":"keyDown","value":"î€‡"},{"type":"pause","duration":10},{"type":"keyUp","value":"î€‡"}]}]}
COMMAND: GET /session/3247b862f9661e1dad05ca414f9e55ea/screenshot - {}
RESULT: {}
COMMAND: POST /session/3247b862f9661e1dad05ca414f9e55ea/execute/async - {"script":"<script> [1562 bytes]","args":[{"selector":{"id":"application-managestatesandperformance-display-component---stateAndPerform--stateAndPerformResourcesSmartTable-header"},"wdio_ui5_key":"applicationmanagestatesandperformance-display-component---stateAndPerform--stateAndPerformResourcesSmartTable-header"}]}
RESULT: {"script":"<script> [1562 bytes]","args":[{"selector":{"id":"application-managestatesandperformance-display-component---stateAndPerform--stateAndPerformResourcesSmartTable-header"},"wdio_ui5_key":"applicationmanagestatesandperformance-display-component---stateAndPerform--stateAndPerformResourcesSmartTable-header"}]}
RESULT: undefined
COMMAND: POST /session/3247b862f9661e1dad05ca414f9e55ea/execute/async - {"script":"<script> [6424 bytes]","args":[{"element-6066-11e4-a52e-4f735466cecf":"f.BF6F4EA089F18175CED7BE484E452EA8.d.84C31930FDF94244653E1ECA3115CDE4.e.14460"},"getText",[]]}
RESULT: {"script":"<script> [6424 bytes]","args":[{"element-6066-11e4-a52e-4f735466cecf":"f.BF6F4EA089F18175CED7BE484E452EA8.d.84C31930FDF94244653E1ECA3115CDE4.e.14460"},"getText",[]]}
COMMAND: POST /session/3247b862f9661e1dad05ca414f9e55ea/execute/async - {"script":"<script> [1562 bytes]","args":[{"selector":{"controlType":"sap.ui.core.Icon","viewName":"etm.portal.ui.managestatesandperformance.view.Master","viewId":"application-managestatesandperformance-display-component---stateAndPerform","properties":{"src":{"regex":{"source":"slim\\-arrow\\-right"}}}},"wdio_ui5_key":"etmportal.ui.managestatesandperformance.view.Mastersap.ui.core.Icon{\"src\":{\"regex\":{\"source\":\"slim\\\\-arrow\\\\-right\"}}}"}]}
RESULT: {"script":"<script> [1562 bytes]","args":[{"selector":{"controlType":"sap.ui.core.Icon","viewName":"etm.portal.ui.managestatesandperformance.view.Master","viewId":"application-managestatesandperformance-display-component---stateAndPerform","properties":{"src":{"regex":{"source":"slim\\-arrow\\-right"}}}},"wdio_ui5_key":"etmportal.ui.managestatesandperformance.view.Mastersap.ui.core.Icon{\"src\":{\"regex\":{\"source\":\"slim\\\\-arrow\\\\-right\"}}}"}]}
RESULT: undefined
COMMAND: POST /session/3247b862f9661e1dad05ca414f9e55ea/element - {"using":"xpath","value":"//*[@id=\"__item2804-__clone10935-imgNav\"]"}
RESULT: {"using":"xpath","value":"//*[@id=\"__item2804-__clone10935-imgNav\"]"}
COMMAND: POST /session/3247b862f9661e1dad05ca414f9e55ea/element/f.BF6F4EA089F18175CED7BE484E452EA8.d.84C31930FDF94244653E1ECA3115CDE4.e.14459/click - {}
RESULT: {}
COMMAND: GET /session/3247b862f9661e1dad05ca414f9e55ea/screenshot - {}
RESULT: {}
COMMAND: POST /session/3247b862f9661e1dad05ca414f9e55ea/execute/async - {"script":"<script> [1562 bytes]","args":[{"selector":{"controlType":"sap.m.Button","viewName":"etm.portal.ui.managestatesandperformance.view.Detail","viewId":"application-managestatesandperformance-display-component---detailStateAndPerform","properties":{"text":"Performance Documents"}},"wdio_ui5_key":"etmportal.ui.managestatesandperformance.view.Detailsap.m.Button{\"text\":\"Performance Documents\"}"}]}
RESULT: {"script":"<script> [1562 bytes]","args":[{"selector":{"controlType":"sap.m.Button","viewName":"etm.portal.ui.managestatesandperformance.view.Detail","viewId":"application-managestatesandperformance-display-component---detailStateAndPerform","properties":{"text":"Performance Documents"}},"wdio_ui5_key":"etmportal.ui.managestatesandperformance.view.Detailsap.m.Button{\"text\":\"Performance Documents\"}"}]}
RESULT: undefined
COMMAND: POST /session/3247b862f9661e1dad05ca414f9e55ea/element - {"using":"xpath","value":"//*[@id=\"__item2827-button\"]"}
RESULT: {"using":"xpath","value":"//*[@id=\"__item2827-button\"]"}
COMMAND: POST /session/3247b862f9661e1dad05ca414f9e55ea/element/f.BF6F4EA089F18175CED7BE484E452EA8.d.84C31930FDF94244653E1ECA3115CDE4.e.14504/click - {}
RESULT: {}
COMMAND: POST /session/3247b862f9661e1dad05ca414f9e55ea/execute/async - {"script":"<script> [1562 bytes]","args":[{"selector":{"controlType":"sap.m.Button","viewName":"etm.portal.ui.managestatesandperformance.view.Detail","viewId":"application-managestatesandperformance-display-component---detailStateAndPerform","i18NText":{"propertyName":"text","key":"createPerformanceDoc"},"interaction":{"idSuffix":"BDI-content"}},"wdio_ui5_key":"etmportal.ui.managestatesandperformance.view.Detailsap.m.Button{\"propertyName\":\"text\",\"key\":\"createPerformanceDoc\"}"}]}
COMMAND: GET /session/3247b862f9661e1dad05ca414f9e55ea/screenshot - {}
RESULT: {"script":"<script> [1562 bytes]","args":[{"selector":{"controlType":"sap.m.Button","viewName":"etm.portal.ui.managestatesandperformance.view.Detail","viewId":"application-managestatesandperformance-display-component---detailStateAndPerform","i18NText":{"propertyName":"text","key":"createPerformanceDoc"},"interaction":{"idSuffix":"BDI-content"}},"wdio_ui5_key":"etmportal.ui.managestatesandperformance.view.Detailsap.m.Button{\"propertyName\":\"text\",\"key\":\"createPerformanceDoc\"}"}]}
RESULT: undefined
COMMAND: POST /session/3247b862f9661e1dad05ca414f9e55ea/element - {"using":"xpath","value":"//*[@id=\"__button351\"]"}
RESULT: {}
RESULT: {"using":"xpath","value":"//*[@id=\"__button351\"]"}
COMMAND: POST /session/3247b862f9661e1dad05ca414f9e55ea/element/f.BF6F4EA089F18175CED7BE484E452EA8.d.84C31930FDF94244653E1ECA3115CDE4.e.14508/click - {}
RESULT: {}
COMMAND: POST /session/3247b862f9661e1dad05ca414f9e55ea/execute/async - {"script":"<script> [1562 bytes]","args":[{"selector":{"id":"application-managestatesandperformance-display-component---detailStateAndPerform--perfDocDatePicker","searchOpenDialogs":true,"interaction":{"idSuffix":"inner"}},"wdio_ui5_key":"applicationmanagestatesandperformance-display-component---detailStateAndPerform--perfDocDatePicker"}]}
COMMAND: GET /session/3247b862f9661e1dad05ca414f9e55ea/screenshot - {}
RESULT: {"script":"<script> [1562 bytes]","args":[{"selector":{"id":"application-managestatesandperformance-display-component---detailStateAndPerform--perfDocDatePicker","searchOpenDialogs":true,"interaction":{"idSuffix":"inner"}},"wdio_ui5_key":"applicationmanagestatesandperformance-display-component---detailStateAndPerform--perfDocDatePicker"}]}
RESULT: undefined
COMMAND: POST /session/3247b862f9661e1dad05ca414f9e55ea/execute/async - {"script":"<script> [776 bytes]","args":[{"enterText":"5/22/25","selector":{"id":"application-managestatesandperformance-display-component---detailStateAndPerform--perfDocDatePicker","searchOpenDialogs":true,"interaction":{"idSuffix":"inner"}},"clearTextFirst":true,"interactionType":"ENTER_TEXT"}]}
RESULT: {}
RESULT: {"script":"<script> [776 bytes]","args":[{"enterText":"5/22/25","selector":{"id":"application-managestatesandperformance-display-component---detailStateAndPerform--perfDocDatePicker","searchOpenDialogs":true,"interaction":{"idSuffix":"inner"}},"clearTextFirst":true,"interactionType":"ENTER_TEXT"}]}
COMMAND: POST /session/3247b862f9661e1dad05ca414f9e55ea/execute/async - {"script":"<script> [1562 bytes]","args":[{"selector":{"id":"application-managestatesandperformance-display-component---detailStateAndPerform--counterValue-input","searchOpenDialogs":true,"interaction":{"idSuffix":"inner"}},"wdio_ui5_key":"applicationmanagestatesandperformance-display-component---detailStateAndPerform--counterValue-input"}]}
RESULT: {"script":"<script> [1562 bytes]","args":[{"selector":{"id":"application-managestatesandperformance-display-component---detailStateAndPerform--counterValue-input","searchOpenDialogs":true,"interaction":{"idSuffix":"inner"}},"wdio_ui5_key":"applicationmanagestatesandperformance-display-component---detailStateAndPerform--counterValue-input"}]}
RESULT: undefined
COMMAND: POST /session/3247b862f9661e1dad05ca414f9e55ea/execute/async - {"script":"<script> [776 bytes]","args":[{"enterText":"15.00","selector":{"id":"application-managestatesandperformance-display-component---detailStateAndPerform--counterValue-input","searchOpenDialogs":true,"interaction":{"idSuffix":"inner"}},"clearTextFirst":true,"interactionType":"ENTER_TEXT"}]}
RESULT: {"script":"<script> [776 bytes]","args":[{"enterText":"15.00","selector":{"id":"application-managestatesandperformance-display-component---detailStateAndPerform--counterValue-input","searchOpenDialogs":true,"interaction":{"idSuffix":"inner"}},"clearTextFirst":true,"interactionType":"ENTER_TEXT"}]}
COMMAND: POST /session/3247b862f9661e1dad05ca414f9e55ea/execute/async - {"script":"<script> [1562 bytes]","args":[{"selector":{"controlType":"sap.m.Button","viewName":"etm.portal.ui.managestatesandperformance.view.Detail","viewId":"application-managestatesandperformance-display-component---detailStateAndPerform","bindingPath":{"path":"","propertyPath":"/allowAddEdit","modelName":"oScreenModel"},"searchOpenDialogs":true,"interaction":{"idSuffix":"BDI-content"}},"wdio_ui5_key":"etmportal.ui.managestatesandperformance.view.Detailsap.m.Button{\"path\":\"\",\"propertyPath\":\"/allowAddEdit\",\"modelName\":\"oScreenModel\"}"}]}
RESULT: {"script":"<script> [1562 bytes]","args":[{"selector":{"controlType":"sap.m.Button","viewName":"etm.portal.ui.managestatesandperformance.view.Detail","viewId":"application-managestatesandperformance-display-component---detailStateAndPerform","bindingPath":{"path":"","propertyPath":"/allowAddEdit","modelName":"oScreenModel"},"searchOpenDialogs":true,"interaction":{"idSuffix":"BDI-content"}},"wdio_ui5_key":"etmportal.ui.managestatesandperformance.view.Detailsap.m.Button{\"path\":\"\",\"propertyPath\":\"/allowAddEdit\",\"modelName\":\"oScreenModel\"}"}]}
RESULT: undefined
COMMAND: POST /session/3247b862f9661e1dad05ca414f9e55ea/element - {"using":"xpath","value":"//*[@id=\"__button358\"]"}
RESULT: {"using":"xpath","value":"//*[@id=\"__button358\"]"}
COMMAND: POST /session/3247b862f9661e1dad05ca414f9e55ea/element/f.BF6F4EA089F18175CED7BE484E452EA8.d.84C31930FDF94244653E1ECA3115CDE4.e.14528/click - {}
RESULT: {}
RESULT: undefined
COMMAND: POST /session/3247b862f9661e1dad05ca414f9e55ea/element - {"using":"xpath","value":"//*[@id=\"__button351\"]"}
COMMAND: GET /session/3247b862f9661e1dad05ca414f9e55ea/screenshot - {}
RESULT: {"using":"xpath","value":"//*[@id=\"__button351\"]"}
COMMAND: POST /session/3247b862f9661e1dad05ca414f9e55ea/element/f.BF6F4EA089F18175CED7BE484E452EA8.d.84C31930FDF94244653E1ECA3115CDE4.e.14508/click - {}
RESULT: {}
RESULT: {}
RESULT: undefined
COMMAND: POST /session/3247b862f9661e1dad05ca414f9e55ea/execute/async - {"script":"<script> [776 bytes]","args":[{"enterText":"5/26/25","selector":{"id":"application-managestatesandperformance-display-component---detailStateAndPerform--perfDocDatePicker","searchOpenDialogs":true,"interaction":{"idSuffix":"inner"}},"clearTextFirst":true,"interactionType":"ENTER_TEXT"}]}
COMMAND: GET /session/3247b862f9661e1dad05ca414f9e55ea/screenshot - {}
RESULT: {"script":"<script> [776 bytes]","args":[{"enterText":"5/26/25","selector":{"id":"application-managestatesandperformance-display-component---detailStateAndPerform--perfDocDatePicker","searchOpenDialogs":true,"interaction":{"idSuffix":"inner"}},"clearTextFirst":true,"interactionType":"ENTER_TEXT"}]}
RESULT: undefined
COMMAND: POST /session/3247b862f9661e1dad05ca414f9e55ea/execute/async - {"script":"<script> [776 bytes]","args":[{"enterText":"20.00","selector":{"id":"application-managestatesandperformance-display-component---detailStateAndPerform--counterValue-input","searchOpenDialogs":true,"interaction":{"idSuffix":"inner"}},"clearTextFirst":true,"interactionType":"ENTER_TEXT"}]}
RESULT: {}
RESULT: {"script":"<script> [776 bytes]","args":[{"enterText":"20.00","selector":{"id":"application-managestatesandperformance-display-component---detailStateAndPerform--counterValue-input","searchOpenDialogs":true,"interaction":{"idSuffix":"inner"}},"clearTextFirst":true,"interactionType":"ENTER_TEXT"}]}
COMMAND: POST /session/3247b862f9661e1dad05ca414f9e55ea/actions - {"actions":[{"id":"action48","type":"key","parameters":{},"actions":[{"type":"keyDown","value":"î€„"},{"type":"keyDown","value":"î€„"},{"type":"pause","duration":10},{"type":"keyUp","value":"î€„"},{"type":"keyUp","value":"î€„"}]}]}
RESULT: {"actions":[{"id":"action48","type":"key","parameters":{},"actions":[{"type":"keyDown","value":"î€„"},{"type":"keyDown","value":"î€„"},{"type":"pause","duration":10},{"type":"keyUp","value":"î€„"},{"type":"keyUp","value":"î€„"}]}]}
COMMAND: POST /session/3247b862f9661e1dad05ca414f9e55ea/actions - {"actions":[{"id":"action49","type":"key","parameters":{},"actions":[{"type":"keyDown","value":"î€‡"},{"type":"pause","duration":10},{"type":"keyUp","value":"î€‡"}]}]}
COMMAND: GET /session/3247b862f9661e1dad05ca414f9e55ea/screenshot - {}
RESULT: {"actions":[{"id":"action49","type":"key","parameters":{},"actions":[{"type":"keyDown","value":"î€‡"},{"type":"pause","duration":10},{"type":"keyUp","value":"î€‡"}]}]}
RESULT: undefined
COMMAND: POST /session/3247b862f9661e1dad05ca414f9e55ea/element - {"using":"xpath","value":"//*[@id=\"__button358\"]"}
COMMAND: GET /session/3247b862f9661e1dad05ca414f9e55ea/screenshot - {}
RESULT: {}
RESULT: {"using":"xpath","value":"//*[@id=\"__button358\"]"}
COMMAND: POST /session/3247b862f9661e1dad05ca414f9e55ea/elements - {"using":"xpath","value":"//*[@id=\"__button358\"]"}
RESULT: {}
RESULT: {"using":"xpath","value":"//*[@id=\"__button358\"]"}
COMMAND: POST /session/3247b862f9661e1dad05ca414f9e55ea/elements - {"using":"xpath","value":"//*[@id=\"__button358\"]"}
RESULT: {"using":"xpath","value":"//*[@id=\"__button358\"]"}
COMMAND: POST /session/3247b862f9661e1dad05ca414f9e55ea/elements - {"using":"xpath","value":"//*[@id=\"__button358\"]"}
RESULT: {"using":"xpath","value":"//*[@id=\"__button358\"]"}
COMMAND: POST /session/3247b862f9661e1dad05ca414f9e55ea/elements - {"using":"xpath","value":"//*[@id=\"__button358\"]"}
RESULT: {"using":"xpath","value":"//*[@id=\"__button358\"]"}
COMMAND: POST /session/3247b862f9661e1dad05ca414f9e55ea/elements - {"using":"xpath","value":"//*[@id=\"__button358\"]"}
RESULT: {"using":"xpath","value":"//*[@id=\"__button358\"]"}
COMMAND: POST /session/3247b862f9661e1dad05ca414f9e55ea/elements - {"using":"xpath","value":"//*[@id=\"__button358\"]"}
RESULT: {"using":"xpath","value":"//*[@id=\"__button358\"]"}
COMMAND: POST /session/3247b862f9661e1dad05ca414f9e55ea/elements - {"using":"xpath","value":"//*[@id=\"__button358\"]"}
RESULT: {"using":"xpath","value":"//*[@id=\"__button358\"]"}
COMMAND: POST /session/3247b862f9661e1dad05ca414f9e55ea/elements - {"using":"xpath","value":"//*[@id=\"__button358\"]"}
RESULT: {"using":"xpath","value":"//*[@id=\"__button358\"]"}
COMMAND: POST /session/3247b862f9661e1dad05ca414f9e55ea/elements - {"using":"xpath","value":"//*[@id=\"__button358\"]"}
RESULT: {"using":"xpath","value":"//*[@id=\"__button358\"]"}
COMMAND: POST /session/3247b862f9661e1dad05ca414f9e55ea/elements - {"using":"xpath","value":"//*[@id=\"__button358\"]"}
RESULT: {"using":"xpath","value":"//*[@id=\"__button358\"]"}
COMMAND: POST /session/3247b862f9661e1dad05ca414f9e55ea/elements - {"using":"xpath","value":"//*[@id=\"__button358\"]"}
RESULT: {"using":"xpath","value":"//*[@id=\"__button358\"]"}
COMMAND: POST /session/3247b862f9661e1dad05ca414f9e55ea/elements - {"using":"xpath","value":"//*[@id=\"__button358\"]"}
RESULT: {"using":"xpath","value":"//*[@id=\"__button358\"]"}
COMMAND: POST /session/3247b862f9661e1dad05ca414f9e55ea/elements - {"using":"xpath","value":"//*[@id=\"__button358\"]"}
RESULT: {"using":"xpath","value":"//*[@id=\"__button358\"]"}
COMMAND: POST /session/3247b862f9661e1dad05ca414f9e55ea/elements - {"using":"xpath","value":"//*[@id=\"__button358\"]"}
RESULT: {"using":"xpath","value":"//*[@id=\"__button358\"]"}
COMMAND: POST /session/3247b862f9661e1dad05ca414f9e55ea/elements - {"using":"xpath","value":"//*[@id=\"__button358\"]"}
RESULT: {"using":"xpath","value":"//*[@id=\"__button358\"]"}
COMMAND: POST /session/3247b862f9661e1dad05ca414f9e55ea/elements - {"using":"xpath","value":"//*[@id=\"__button358\"]"}
RESULT: {"using":"xpath","value":"//*[@id=\"__button358\"]"}
COMMAND: POST /session/3247b862f9661e1dad05ca414f9e55ea/elements - {"using":"xpath","value":"//*[@id=\"__button358\"]"}
RESULT: {"using":"xpath","value":"//*[@id=\"__button358\"]"}
COMMAND: POST /session/3247b862f9661e1dad05ca414f9e55ea/elements - {"using":"xpath","value":"//*[@id=\"__button358\"]"}
RESULT: {"using":"xpath","value":"//*[@id=\"__button358\"]"}
COMMAND: POST /session/3247b862f9661e1dad05ca414f9e55ea/elements - {"using":"xpath","value":"//*[@id=\"__button358\"]"}
RESULT: {"using":"xpath","value":"//*[@id=\"__button358\"]"}
COMMAND: POST /session/3247b862f9661e1dad05ca414f9e55ea/elements - {"using":"xpath","value":"//*[@id=\"__button358\"]"}
RESULT: {"using":"xpath","value":"//*[@id=\"__button358\"]"}
COMMAND: POST /session/3247b862f9661e1dad05ca414f9e55ea/elements - {"using":"xpath","value":"//*[@id=\"__button358\"]"}
RESULT: {"using":"xpath","value":"//*[@id=\"__button358\"]"}
COMMAND: POST /session/3247b862f9661e1dad05ca414f9e55ea/elements - {"using":"xpath","value":"//*[@id=\"__button358\"]"}
RESULT: {"using":"xpath","value":"//*[@id=\"__button358\"]"}
COMMAND: POST /session/3247b862f9661e1dad05ca414f9e55ea/elements - {"using":"xpath","value":"//*[@id=\"__button358\"]"}
RESULT: {"using":"xpath","value":"//*[@id=\"__button358\"]"}
COMMAND: POST /session/3247b862f9661e1dad05ca414f9e55ea/elements - {"using":"xpath","value":"//*[@id=\"__button358\"]"}
RESULT: {"using":"xpath","value":"//*[@id=\"__button358\"]"}
COMMAND: POST /session/3247b862f9661e1dad05ca414f9e55ea/elements - {"using":"xpath","value":"//*[@id=\"__button358\"]"}
RESULT: {"using":"xpath","value":"//*[@id=\"__button358\"]"}
COMMAND: POST /session/3247b862f9661e1dad05ca414f9e55ea/elements - {"using":"xpath","value":"//*[@id=\"__button358\"]"}
RESULT: {"using":"xpath","value":"//*[@id=\"__button358\"]"}
COMMAND: POST /session/3247b862f9661e1dad05ca414f9e55ea/elements - {"using":"xpath","value":"//*[@id=\"__button358\"]"}
RESULT: {"using":"xpath","value":"//*[@id=\"__button358\"]"}
COMMAND: POST /session/3247b862f9661e1dad05ca414f9e55ea/elements - {"using":"xpath","value":"//*[@id=\"__button358\"]"}
RESULT: {"using":"xpath","value":"//*[@id=\"__button358\"]"}
COMMAND: POST /session/3247b862f9661e1dad05ca414f9e55ea/elements - {"using":"xpath","value":"//*[@id=\"__button358\"]"}
RESULT: {"using":"xpath","value":"//*[@id=\"__button358\"]"}
COMMAND: POST /session/3247b862f9661e1dad05ca414f9e55ea/elements - {"using":"xpath","value":"//*[@id=\"__button358\"]"}
RESULT: {"using":"xpath","value":"//*[@id=\"__button358\"]"}
COMMAND: POST /session/3247b862f9661e1dad05ca414f9e55ea/elements - {"using":"xpath","value":"//*[@id=\"__button358\"]"}
RESULT: {"using":"xpath","value":"//*[@id=\"__button358\"]"}
COMMAND: POST /session/3247b862f9661e1dad05ca414f9e55ea/elements - {"using":"xpath","value":"//*[@id=\"__button358\"]"}
RESULT: {"using":"xpath","value":"//*[@id=\"__button358\"]"}
COMMAND: POST /session/3247b862f9661e1dad05ca414f9e55ea/elements - {"using":"xpath","value":"//*[@id=\"__button358\"]"}
RESULT: {"using":"xpath","value":"//*[@id=\"__button358\"]"}
COMMAND: POST /session/3247b862f9661e1dad05ca414f9e55ea/elements - {"using":"xpath","value":"//*[@id=\"__button358\"]"}
RESULT: {"using":"xpath","value":"//*[@id=\"__button358\"]"}
COMMAND: POST /session/3247b862f9661e1dad05ca414f9e55ea/elements - {"using":"xpath","value":"//*[@id=\"__button358\"]"}
RESULT: {"using":"xpath","value":"//*[@id=\"__button358\"]"}
COMMAND: POST /session/3247b862f9661e1dad05ca414f9e55ea/elements - {"using":"xpath","value":"//*[@id=\"__button358\"]"}
RESULT: {"using":"xpath","value":"//*[@id=\"__button358\"]"}
COMMAND: POST /session/3247b862f9661e1dad05ca414f9e55ea/elements - {"using":"xpath","value":"//*[@id=\"__button358\"]"}
RESULT: {"using":"xpath","value":"//*[@id=\"__button358\"]"}
COMMAND: POST /session/3247b862f9661e1dad05ca414f9e55ea/elements - {"using":"xpath","value":"//*[@id=\"__button358\"]"}
RESULT: {"using":"xpath","value":"//*[@id=\"__button358\"]"}
COMMAND: POST /session/3247b862f9661e1dad05ca414f9e55ea/elements - {"using":"xpath","value":"//*[@id=\"__button358\"]"}
RESULT: {"using":"xpath","value":"//*[@id=\"__button358\"]"}
COMMAND: POST /session/3247b862f9661e1dad05ca414f9e55ea/elements - {"using":"xpath","value":"//*[@id=\"__button358\"]"}
RESULT: {"using":"xpath","value":"//*[@id=\"__button358\"]"}
COMMAND: POST /session/3247b862f9661e1dad05ca414f9e55ea/elements - {"using":"xpath","value":"//*[@id=\"__button358\"]"}
RESULT: {"using":"xpath","value":"//*[@id=\"__button358\"]"}
COMMAND: POST /session/3247b862f9661e1dad05ca414f9e55ea/elements - {"using":"xpath","value":"//*[@id=\"__button358\"]"}
RESULT: {"using":"xpath","value":"//*[@id=\"__button358\"]"}
COMMAND: POST /session/3247b862f9661e1dad05ca414f9e55ea/elements - {"using":"xpath","value":"//*[@id=\"__button358\"]"}
RESULT: {"using":"xpath","value":"//*[@id=\"__button358\"]"}
COMMAND: POST /session/3247b862f9661e1dad05ca414f9e55ea/elements - {"using":"xpath","value":"//*[@id=\"__button358\"]"}
RESULT: {"using":"xpath","value":"//*[@id=\"__button358\"]"}
COMMAND: POST /session/3247b862f9661e1dad05ca414f9e55ea/elements - {"using":"xpath","value":"//*[@id=\"__button358\"]"}
RESULT: {"using":"xpath","value":"//*[@id=\"__button358\"]"}
COMMAND: POST /session/3247b862f9661e1dad05ca414f9e55ea/elements - {"using":"xpath","value":"//*[@id=\"__button358\"]"}
RESULT: {"using":"xpath","value":"//*[@id=\"__button358\"]"}
COMMAND: POST /session/3247b862f9661e1dad05ca414f9e55ea/elements - {"using":"xpath","value":"//*[@id=\"__button358\"]"}
RESULT: {"using":"xpath","value":"//*[@id=\"__button358\"]"}
COMMAND: POST /session/3247b862f9661e1dad05ca414f9e55ea/elements - {"using":"xpath","value":"//*[@id=\"__button358\"]"}
RESULT: {"using":"xpath","value":"//*[@id=\"__button358\"]"}
COMMAND: POST /session/3247b862f9661e1dad05ca414f9e55ea/elements - {"using":"xpath","value":"//*[@id=\"__button358\"]"}
RESULT: {"using":"xpath","value":"//*[@id=\"__button358\"]"}
COMMAND: POST /session/3247b862f9661e1dad05ca414f9e55ea/elements - {"using":"xpath","value":"//*[@id=\"__button358\"]"}
RESULT: {"using":"xpath","value":"//*[@id=\"__button358\"]"}
COMMAND: POST /session/3247b862f9661e1dad05ca414f9e55ea/elements - {"using":"xpath","value":"//*[@id=\"__button358\"]"}
RESULT: {"using":"xpath","value":"//*[@id=\"__button358\"]"}
COMMAND: POST /session/3247b862f9661e1dad05ca414f9e55ea/elements - {"using":"xpath","value":"//*[@id=\"__button358\"]"}
RESULT: {"using":"xpath","value":"//*[@id=\"__button358\"]"}
COMMAND: POST /session/3247b862f9661e1dad05ca414f9e55ea/elements - {"using":"xpath","value":"//*[@id=\"__button358\"]"}
RESULT: {"using":"xpath","value":"//*[@id=\"__button358\"]"}
COMMAND: POST /session/3247b862f9661e1dad05ca414f9e55ea/elements - {"using":"xpath","value":"//*[@id=\"__button358\"]"}
RESULT: {"using":"xpath","value":"//*[@id=\"__button358\"]"}
COMMAND: POST /session/3247b862f9661e1dad05ca414f9e55ea/elements - {"using":"xpath","value":"//*[@id=\"__button358\"]"}
RESULT: {"using":"xpath","value":"//*[@id=\"__button358\"]"}
COMMAND: POST /session/3247b862f9661e1dad05ca414f9e55ea/elements - {"using":"xpath","value":"//*[@id=\"__button358\"]"}
RESULT: {"using":"xpath","value":"//*[@id=\"__button358\"]"}
COMMAND: POST /session/3247b862f9661e1dad05ca414f9e55ea/elements - {"using":"xpath","value":"//*[@id=\"__button358\"]"}
RESULT: {"using":"xpath","value":"//*[@id=\"__button358\"]"}
COMMAND: POST /session/3247b862f9661e1dad05ca414f9e55ea/elements - {"using":"xpath","value":"//*[@id=\"__button358\"]"}
RESULT: {"using":"xpath","value":"//*[@id=\"__button358\"]"}
COMMAND: POST /session/3247b862f9661e1dad05ca414f9e55ea/elements - {"using":"xpath","value":"//*[@id=\"__button358\"]"}
RESULT: {"using":"xpath","value":"//*[@id=\"__button358\"]"}
COMMAND: POST /session/3247b862f9661e1dad05ca414f9e55ea/elements - {"using":"xpath","value":"//*[@id=\"__button358\"]"}
RESULT: {"using":"xpath","value":"//*[@id=\"__button358\"]"}
COMMAND: POST /session/3247b862f9661e1dad05ca414f9e55ea/elements - {"using":"xpath","value":"//*[@id=\"__button358\"]"}
RESULT: {"using":"xpath","value":"//*[@id=\"__button358\"]"}
COMMAND: POST /session/3247b862f9661e1dad05ca414f9e55ea/elements - {"using":"xpath","value":"//*[@id=\"__button358\"]"}
RESULT: {"using":"xpath","value":"//*[@id=\"__button358\"]"}
COMMAND: POST /session/3247b862f9661e1dad05ca414f9e55ea/elements - {"using":"xpath","value":"//*[@id=\"__button358\"]"}
RESULT: {"using":"xpath","value":"//*[@id=\"__button358\"]"}
COMMAND: POST /session/3247b862f9661e1dad05ca414f9e55ea/elements - {"using":"xpath","value":"//*[@id=\"__button358\"]"}
RESULT: {"using":"xpath","value":"//*[@id=\"__button358\"]"}
COMMAND: POST /session/3247b862f9661e1dad05ca414f9e55ea/elements - {"using":"xpath","value":"//*[@id=\"__button358\"]"}
RESULT: {"using":"xpath","value":"//*[@id=\"__button358\"]"}
COMMAND: POST /session/3247b862f9661e1dad05ca414f9e55ea/elements - {"using":"xpath","value":"//*[@id=\"__button358\"]"}
RESULT: {"using":"xpath","value":"//*[@id=\"__button358\"]"}
COMMAND: POST /session/3247b862f9661e1dad05ca414f9e55ea/elements - {"using":"xpath","value":"//*[@id=\"__button358\"]"}
RESULT: {"using":"xpath","value":"//*[@id=\"__button358\"]"}
COMMAND: POST /session/3247b862f9661e1dad05ca414f9e55ea/elements - {"using":"xpath","value":"//*[@id=\"__button358\"]"}
RESULT: {"using":"xpath","value":"//*[@id=\"__button358\"]"}
COMMAND: POST /session/3247b862f9661e1dad05ca414f9e55ea/elements - {"using":"xpath","value":"//*[@id=\"__button358\"]"}
RESULT: {"using":"xpath","value":"//*[@id=\"__button358\"]"}
COMMAND: POST /session/3247b862f9661e1dad05ca414f9e55ea/elements - {"using":"xpath","value":"//*[@id=\"__button358\"]"}
RESULT: {"using":"xpath","value":"//*[@id=\"__button358\"]"}
COMMAND: POST /session/3247b862f9661e1dad05ca414f9e55ea/elements - {"using":"xpath","value":"//*[@id=\"__button358\"]"}
RESULT: {"using":"xpath","value":"//*[@id=\"__button358\"]"}
COMMAND: POST /session/3247b862f9661e1dad05ca414f9e55ea/elements - {"using":"xpath","value":"//*[@id=\"__button358\"]"}
RESULT: {"using":"xpath","value":"//*[@id=\"__button358\"]"}
COMMAND: POST /session/3247b862f9661e1dad05ca414f9e55ea/elements - {"using":"xpath","value":"//*[@id=\"__button358\"]"}
RESULT: {"using":"xpath","value":"//*[@id=\"__button358\"]"}
COMMAND: POST /session/3247b862f9661e1dad05ca414f9e55ea/elements - {"using":"xpath","value":"//*[@id=\"__button358\"]"}
RESULT: {"using":"xpath","value":"//*[@id=\"__button358\"]"}
COMMAND: POST /session/3247b862f9661e1dad05ca414f9e55ea/elements - {"using":"xpath","value":"//*[@id=\"__button358\"]"}
RESULT: {"using":"xpath","value":"//*[@id=\"__button358\"]"}
COMMAND: POST /session/3247b862f9661e1dad05ca414f9e55ea/elements - {"using":"xpath","value":"//*[@id=\"__button358\"]"}
RESULT: {"using":"xpath","value":"//*[@id=\"__button358\"]"}
COMMAND: POST /session/3247b862f9661e1dad05ca414f9e55ea/elements - {"using":"xpath","value":"//*[@id=\"__button358\"]"}
RESULT: {"using":"xpath","value":"//*[@id=\"__button358\"]"}
COMMAND: POST /session/3247b862f9661e1dad05ca414f9e55ea/elements - {"using":"xpath","value":"//*[@id=\"__button358\"]"}
RESULT: {"using":"xpath","value":"//*[@id=\"__button358\"]"}
COMMAND: POST /session/3247b862f9661e1dad05ca414f9e55ea/elements - {"using":"xpath","value":"//*[@id=\"__button358\"]"}
RESULT: {"using":"xpath","value":"//*[@id=\"__button358\"]"}
COMMAND: POST /session/3247b862f9661e1dad05ca414f9e55ea/elements - {"using":"xpath","value":"//*[@id=\"__button358\"]"}
RESULT: {"using":"xpath","value":"//*[@id=\"__button358\"]"}
COMMAND: POST /session/3247b862f9661e1dad05ca414f9e55ea/elements - {"using":"xpath","value":"//*[@id=\"__button358\"]"}
RESULT: {"using":"xpath","value":"//*[@id=\"__button358\"]"}
COMMAND: POST /session/3247b862f9661e1dad05ca414f9e55ea/elements - {"using":"xpath","value":"//*[@id=\"__button358\"]"}
RESULT: {"using":"xpath","value":"//*[@id=\"__button358\"]"}
COMMAND: POST /session/3247b862f9661e1dad05ca414f9e55ea/elements - {"using":"xpath","value":"//*[@id=\"__button358\"]"}
RESULT: {"using":"xpath","value":"//*[@id=\"__button358\"]"}
COMMAND: POST /session/3247b862f9661e1dad05ca414f9e55ea/elements - {"using":"xpath","value":"//*[@id=\"__button358\"]"}
RESULT: {"using":"xpath","value":"//*[@id=\"__button358\"]"}
COMMAND: POST /session/3247b862f9661e1dad05ca414f9e55ea/elements - {"using":"xpath","value":"//*[@id=\"__button358\"]"}
RESULT: {"using":"xpath","value":"//*[@id=\"__button358\"]"}
COMMAND: POST /session/3247b862f9661e1dad05ca414f9e55ea/elements - {"using":"xpath","value":"//*[@id=\"__button358\"]"}
RESULT: {"using":"xpath","value":"//*[@id=\"__button358\"]"}
COMMAND: POST /session/3247b862f9661e1dad05ca414f9e55ea/elements - {"using":"xpath","value":"//*[@id=\"__button358\"]"}
RESULT: {"using":"xpath","value":"//*[@id=\"__button358\"]"}
COMMAND: POST /session/3247b862f9661e1dad05ca414f9e55ea/elements - {"using":"xpath","value":"//*[@id=\"__button358\"]"}
RESULT: {"using":"xpath","value":"//*[@id=\"__button358\"]"}
COMMAND: POST /session/3247b862f9661e1dad05ca414f9e55ea/elements - {"using":"xpath","value":"//*[@id=\"__button358\"]"}
RESULT: {"using":"xpath","value":"//*[@id=\"__button358\"]"}
COMMAND: POST /session/3247b862f9661e1dad05ca414f9e55ea/elements - {"using":"xpath","value":"//*[@id=\"__button358\"]"}
RESULT: {"using":"xpath","value":"//*[@id=\"__button358\"]"}
COMMAND: POST /session/3247b862f9661e1dad05ca414f9e55ea/elements - {"using":"xpath","value":"//*[@id=\"__button358\"]"}
RESULT: {"using":"xpath","value":"//*[@id=\"__button358\"]"}
COMMAND: POST /session/3247b862f9661e1dad05ca414f9e55ea/elements - {"using":"xpath","value":"//*[@id=\"__button358\"]"}
RESULT: {"using":"xpath","value":"//*[@id=\"__button358\"]"}
COMMAND: POST /session/3247b862f9661e1dad05ca414f9e55ea/elements - {"using":"xpath","value":"//*[@id=\"__button358\"]"}
RESULT: {"using":"xpath","value":"//*[@id=\"__button358\"]"}
COMMAND: POST /session/3247b862f9661e1dad05ca414f9e55ea/elements - {"using":"xpath","value":"//*[@id=\"__button358\"]"}
RESULT: {"using":"xpath","value":"//*[@id=\"__button358\"]"}
COMMAND: POST /session/3247b862f9661e1dad05ca414f9e55ea/elements - {"using":"xpath","value":"//*[@id=\"__button358\"]"}
RESULT: {"using":"xpath","value":"//*[@id=\"__button358\"]"}
COMMAND: POST /session/3247b862f9661e1dad05ca414f9e55ea/elements - {"using":"xpath","value":"//*[@id=\"__button358\"]"}
RESULT: {"using":"xpath","value":"//*[@id=\"__button358\"]"}
COMMAND: POST /session/3247b862f9661e1dad05ca414f9e55ea/elements - {"using":"xpath","value":"//*[@id=\"__button358\"]"}
RESULT: {"using":"xpath","value":"//*[@id=\"__button358\"]"}
COMMAND: POST /session/3247b862f9661e1dad05ca414f9e55ea/elements - {"using":"xpath","value":"//*[@id=\"__button358\"]"}
RESULT: {"using":"xpath","value":"//*[@id=\"__button358\"]"}
COMMAND: POST /session/3247b862f9661e1dad05ca414f9e55ea/elements - {"using":"xpath","value":"//*[@id=\"__button358\"]"}
RESULT: {"using":"xpath","value":"//*[@id=\"__button358\"]"}
COMMAND: POST /session/3247b862f9661e1dad05ca414f9e55ea/elements - {"using":"xpath","value":"//*[@id=\"__button358\"]"}
RESULT: {"using":"xpath","value":"//*[@id=\"__button358\"]"}
COMMAND: POST /session/3247b862f9661e1dad05ca414f9e55ea/elements - {"using":"xpath","value":"//*[@id=\"__button358\"]"}
RESULT: {"using":"xpath","value":"//*[@id=\"__button358\"]"}
COMMAND: POST /session/3247b862f9661e1dad05ca414f9e55ea/elements - {"using":"xpath","value":"//*[@id=\"__button358\"]"}
RESULT: {"using":"xpath","value":"//*[@id=\"__button358\"]"}
COMMAND: POST /session/3247b862f9661e1dad05ca414f9e55ea/elements - {"using":"xpath","value":"//*[@id=\"__button358\"]"}
RESULT: {"using":"xpath","value":"//*[@id=\"__button358\"]"}
COMMAND: POST /session/3247b862f9661e1dad05ca414f9e55ea/elements - {"using":"xpath","value":"//*[@id=\"__button358\"]"}
RESULT: {"using":"xpath","value":"//*[@id=\"__button358\"]"}
COMMAND: POST /session/3247b862f9661e1dad05ca414f9e55ea/elements - {"using":"xpath","value":"//*[@id=\"__button358\"]"}
RESULT: {"using":"xpath","value":"//*[@id=\"__button358\"]"}
COMMAND: POST /session/3247b862f9661e1dad05ca414f9e55ea/elements - {"using":"xpath","value":"//*[@id=\"__button358\"]"}
RESULT: {"using":"xpath","value":"//*[@id=\"__button358\"]"}
COMMAND: POST /session/3247b862f9661e1dad05ca414f9e55ea/elements - {"using":"xpath","value":"//*[@id=\"__button358\"]"}
RESULT: {"using":"xpath","value":"//*[@id=\"__button358\"]"}
COMMAND: POST /session/3247b862f9661e1dad05ca414f9e55ea/elements - {"using":"xpath","value":"//*[@id=\"__button358\"]"}
RESULT: {"using":"xpath","value":"//*[@id=\"__button358\"]"}
COMMAND: POST /session/3247b862f9661e1dad05ca414f9e55ea/elements - {"using":"xpath","value":"//*[@id=\"__button358\"]"}
RESULT: {"using":"xpath","value":"//*[@id=\"__button358\"]"}
COMMAND: POST /session/3247b862f9661e1dad05ca414f9e55ea/elements - {"using":"xpath","value":"//*[@id=\"__button358\"]"}
RESULT: {"using":"xpath","value":"//*[@id=\"__button358\"]"}
COMMAND: POST /session/3247b862f9661e1dad05ca414f9e55ea/elements - {"using":"xpath","value":"//*[@id=\"__button358\"]"}
RESULT: {"using":"xpath","value":"//*[@id=\"__button358\"]"}
COMMAND: POST /session/3247b862f9661e1dad05ca414f9e55ea/elements - {"using":"xpath","value":"//*[@id=\"__button358\"]"}
RESULT: {"using":"xpath","value":"//*[@id=\"__button358\"]"}
COMMAND: POST /session/3247b862f9661e1dad05ca414f9e55ea/elements - {"using":"xpath","value":"//*[@id=\"__button358\"]"}
RESULT: {"using":"xpath","value":"//*[@id=\"__button358\"]"}
COMMAND: POST /session/3247b862f9661e1dad05ca414f9e55ea/elements - {"using":"xpath","value":"//*[@id=\"__button358\"]"}
RESULT: {"using":"xpath","value":"//*[@id=\"__button358\"]"}
COMMAND: POST /session/3247b862f9661e1dad05ca414f9e55ea/elements - {"using":"xpath","value":"//*[@id=\"__button358\"]"}
RESULT: {"using":"xpath","value":"//*[@id=\"__button358\"]"}
COMMAND: POST /session/3247b862f9661e1dad05ca414f9e55ea/elements - {"using":"xpath","value":"//*[@id=\"__button358\"]"}
RESULT: {"using":"xpath","value":"//*[@id=\"__button358\"]"}
COMMAND: POST /session/3247b862f9661e1dad05ca414f9e55ea/elements - {"using":"xpath","value":"//*[@id=\"__button358\"]"}
RESULT: {"using":"xpath","value":"//*[@id=\"__button358\"]"}
COMMAND: POST /session/3247b862f9661e1dad05ca414f9e55ea/elements - {"using":"xpath","value":"//*[@id=\"__button358\"]"}
RESULT: {"using":"xpath","value":"//*[@id=\"__button358\"]"}
COMMAND: POST /session/3247b862f9661e1dad05ca414f9e55ea/elements - {"using":"xpath","value":"//*[@id=\"__button358\"]"}
RESULT: {"using":"xpath","value":"//*[@id=\"__button358\"]"}
COMMAND: POST /session/3247b862f9661e1dad05ca414f9e55ea/elements - {"using":"xpath","value":"//*[@id=\"__button358\"]"}
RESULT: {"using":"xpath","value":"//*[@id=\"__button358\"]"}
COMMAND: POST /session/3247b862f9661e1dad05ca414f9e55ea/elements - {"using":"xpath","value":"//*[@id=\"__button358\"]"}
COMMAND: POST /session/3247b862f9661e1dad05ca414f9e55ea/element - {"using":"css selector","value":"#shell-header-logo"}
RESULT: {"using":"xpath","value":"//*[@id=\"__button358\"]"}
RESULT: {"using":"css selector","value":"#shell-header-logo"}
COMMAND: POST /session/3247b862f9661e1dad05ca414f9e55ea/execute/sync - {"script":"<script> [8489 bytes]","args":[{"element-6066-11e4-a52e-4f735466cecf":"f.BF6F4EA089F18175CED7BE484E452EA8.d.84C31930FDF94244653E1ECA3115CDE4.e.14357","ELEMENT":"f.BF6F4EA089F18175CED7BE484E452EA8.d.84C31930FDF94244653E1ECA3115CDE4.e.14357"}]}
RESULT: {"script":"<script> [8489 bytes]","args":[{"element-6066-11e4-a52e-4f735466cecf":"f.BF6F4EA089F18175CED7BE484E452EA8.d.84C31930FDF94244653E1ECA3115CDE4.e.14357","ELEMENT":"f.BF6F4EA089F18175CED7BE484E452EA8.d.84C31930FDF94244653E1ECA3115CDE4.e.14357"}]}
COMMAND: POST /session/3247b862f9661e1dad05ca414f9e55ea/execute/sync - {"script":"<script> [5351 bytes]","args":[{"element-6066-11e4-a52e-4f735466cecf":"f.BF6F4EA089F18175CED7BE484E452EA8.d.84C31930FDF94244653E1ECA3115CDE4.e.14357","ELEMENT":"f.BF6F4EA089F18175CED7BE484E452EA8.d.84C31930FDF94244653E1ECA3115CDE4.e.14357"}]}
COMMAND: GET /session/3247b862f9661e1dad05ca414f9e55ea/screenshot - {}
RESULT: {"script":"<script> [5351 bytes]","args":[{"element-6066-11e4-a52e-4f735466cecf":"f.BF6F4EA089F18175CED7BE484E452EA8.d.84C31930FDF94244653E1ECA3115CDE4.e.14357","ELEMENT":"f.BF6F4EA089F18175CED7BE484E452EA8.d.84C31930FDF94244653E1ECA3115CDE4.e.14357"}]}
COMMAND: POST /session/3247b862f9661e1dad05ca414f9e55ea/element/f.BF6F4EA089F18175CED7BE484E452EA8.d.84C31930FDF94244653E1ECA3115CDE4.e.14357/click - {}
COMMAND: GET /session/3247b862f9661e1dad05ca414f9e55ea/screenshot - {}
RESULT: {}
RESULT: {}
]]></system-out>
    </testcase>
    <testcase classname="chrome.136_0_7103_93.windows.Create_master_data_for_mixed_billing_&amp;_do_billing_calculation_US151661" name="Should go to Manage Billings and trigger calculation check the conditions applied" time="60.051">
      <system-out><![CDATA[
COMMAND: POST /session/3247b862f9661e1dad05ca414f9e55ea/execute/async - {"script":"<script> [1562 bytes]","args":[{"selector":{"controlType":"sap.m.GenericTile","properties":{"header":"Manage Billings"}},"wdio_ui5_key":"sapm.GenericTile{\"header\":\"Manage Billings\"}"}]}
COMMAND: GET /session/3247b862f9661e1dad05ca414f9e55ea/screenshot - {}
RESULT: {}
RESULT: {"script":"<script> [1562 bytes]","args":[{"selector":{"controlType":"sap.m.GenericTile","properties":{"header":"Manage Billings"}},"wdio_ui5_key":"sapm.GenericTile{\"header\":\"Manage Billings\"}"}]}
RESULT: undefined
COMMAND: POST /session/3247b862f9661e1dad05ca414f9e55ea/element - {"using":"xpath","value":"//*[@id=\"__tile91\"]"}
RESULT: {}
RESULT: {"using":"xpath","value":"//*[@id=\"__tile91\"]"}
COMMAND: POST /session/3247b862f9661e1dad05ca414f9e55ea/element/f.BF6F4EA089F18175CED7BE484E452EA8.d.84C31930FDF94244653E1ECA3115CDE4.e.9078/click - {}
RESULT: {}
COMMAND: GET /session/3247b862f9661e1dad05ca414f9e55ea/screenshot - {}
RESULT: {}
COMMAND: POST /session/3247b862f9661e1dad05ca414f9e55ea/elements - {"using":"xpath","value":"//span[text()='Error']"}
RESULT: {"using":"xpath","value":"//span[text()='Error']"}
COMMAND: POST /session/3247b862f9661e1dad05ca414f9e55ea/execute/async - {"script":"<script> [1562 bytes]","args":[{"selector":{"id":"application-managebillings-display-component---billRunCalcResult--smartFilterBar-btnBasicSearch","interaction":{"idSuffix":"I"}},"wdio_ui5_key":"applicationmanagebillings-display-component---billRunCalcResult--smartFilterBar-btnBasicSearch"}]}
RESULT: {"script":"<script> [1562 bytes]","args":[{"selector":{"id":"application-managebillings-display-component---billRunCalcResult--smartFilterBar-btnBasicSearch","interaction":{"idSuffix":"I"}},"wdio_ui5_key":"applicationmanagebillings-display-component---billRunCalcResult--smartFilterBar-btnBasicSearch"}]}
RESULT: undefined
COMMAND: POST /session/3247b862f9661e1dad05ca414f9e55ea/execute/async - {"script":"<script> [776 bytes]","args":[{"enterText":"10437","selector":{"id":"application-managebillings-display-component---billRunCalcResult--smartFilterBar-btnBasicSearch","interaction":{"idSuffix":"I"}},"clearTextFirst":true,"interactionType":"ENTER_TEXT"}]}
RESULT: {"script":"<script> [776 bytes]","args":[{"enterText":"10437","selector":{"id":"application-managebillings-display-component---billRunCalcResult--smartFilterBar-btnBasicSearch","interaction":{"idSuffix":"I"}},"clearTextFirst":true,"interactionType":"ENTER_TEXT"}]}
COMMAND: POST /session/3247b862f9661e1dad05ca414f9e55ea/actions - {"actions":[{"id":"action50","type":"key","parameters":{},"actions":[{"type":"keyDown","value":"î€‡"},{"type":"pause","duration":10},{"type":"keyUp","value":"î€‡"}]}]}
RESULT: {"actions":[{"id":"action50","type":"key","parameters":{},"actions":[{"type":"keyDown","value":"î€‡"},{"type":"pause","duration":10},{"type":"keyUp","value":"î€‡"}]}]}
COMMAND: GET /session/3247b862f9661e1dad05ca414f9e55ea/screenshot - {}
RESULT: {}
COMMAND: POST /session/3247b862f9661e1dad05ca414f9e55ea/element - {"using":"xpath","value":"//td[@aria-colindex=\"1\"]/div/div[contains(@class, \"sapMCbBg\")]"}
RESULT: {"using":"xpath","value":"//td[@aria-colindex=\"1\"]/div/div[contains(@class, \"sapMCbBg\")]"}
COMMAND: POST /session/3247b862f9661e1dad05ca414f9e55ea/element/f.BF6F4EA089F18175CED7BE484E452EA8.d.84C31930FDF94244653E1ECA3115CDE4.e.14759/click - {}
RESULT: {}
COMMAND: GET /session/3247b862f9661e1dad05ca414f9e55ea/screenshot - {}
RESULT: {}
COMMAND: POST /session/3247b862f9661e1dad05ca414f9e55ea/execute/async - {"script":"<script> [1562 bytes]","args":[{"selector":{"id":"application-managebillings-display-component---billRunCalcResult--contractBillRunDate","interaction":{"idSuffix":"inner"}},"wdio_ui5_key":"applicationmanagebillings-display-component---billRunCalcResult--contractBillRunDate"}]}
RESULT: {"script":"<script> [1562 bytes]","args":[{"selector":{"id":"application-managebillings-display-component---billRunCalcResult--contractBillRunDate","interaction":{"idSuffix":"inner"}},"wdio_ui5_key":"applicationmanagebillings-display-component---billRunCalcResult--contractBillRunDate"}]}
RESULT: undefined
COMMAND: POST /session/3247b862f9661e1dad05ca414f9e55ea/execute/async - {"script":"<script> [776 bytes]","args":[{"enterText":"6/20/25","selector":{"id":"application-managebillings-display-component---billRunCalcResult--contractBillRunDate","interaction":{"idSuffix":"inner"}},"clearTextFirst":true,"interactionType":"ENTER_TEXT"}]}
RESULT: {"script":"<script> [776 bytes]","args":[{"enterText":"6/20/25","selector":{"id":"application-managebillings-display-component---billRunCalcResult--contractBillRunDate","interaction":{"idSuffix":"inner"}},"clearTextFirst":true,"interactionType":"ENTER_TEXT"}]}
COMMAND: POST /session/3247b862f9661e1dad05ca414f9e55ea/element - {"using":"xpath","value":"//bdi[contains(text(), \"Trigger Calculation\")]"}
RESULT: {"using":"xpath","value":"//bdi[contains(text(), \"Trigger Calculation\")]"}
COMMAND: POST /session/3247b862f9661e1dad05ca414f9e55ea/element/f.BF6F4EA089F18175CED7BE484E452EA8.d.84C31930FDF94244653E1ECA3115CDE4.e.14809/click - {}
RESULT: {}
COMMAND: GET /session/3247b862f9661e1dad05ca414f9e55ea/screenshot - {}
RESULT: {}
COMMAND: POST /session/3247b862f9661e1dad05ca414f9e55ea/element - {"using":"xpath","value":"(//span[contains(@id, \"imgNav\")])[1]"}
RESULT: {"using":"xpath","value":"(//span[contains(@id, \"imgNav\")])[1]"}
COMMAND: POST /session/3247b862f9661e1dad05ca414f9e55ea/element/f.BF6F4EA089F18175CED7BE484E452EA8.d.84C31930FDF94244653E1ECA3115CDE4.e.14760/click - {}
RESULT: {}
COMMAND: GET /session/3247b862f9661e1dad05ca414f9e55ea/screenshot - {}
RESULT: {}
COMMAND: POST /session/3247b862f9661e1dad05ca414f9e55ea/element - {"using":"xpath","value":"//tr/td[6]/div[1]/span[1]/span[1]"}
RESULT: {"using":"xpath","value":"//tr/td[6]/div[1]/span[1]/span[1]"}
COMMAND: GET /session/3247b862f9661e1dad05ca414f9e55ea/element/f.BF6F4EA089F18175CED7BE484E452EA8.d.84C31930FDF94244653E1ECA3115CDE4.e.14813/text - {}
RESULT: {}
COMMAND: POST /session/3247b862f9661e1dad05ca414f9e55ea/element - {"using":"xpath","value":"(//span[contains(@id, \"imgNav\")])[2]"}
RESULT: {"using":"xpath","value":"(//span[contains(@id, \"imgNav\")])[2]"}
COMMAND: POST /session/3247b862f9661e1dad05ca414f9e55ea/element/f.BF6F4EA089F18175CED7BE484E452EA8.d.84C31930FDF94244653E1ECA3115CDE4.e.14814/click - {}
RESULT: {}
COMMAND: POST /session/3247b862f9661e1dad05ca414f9e55ea/element - {"using":"xpath","value":"//bdi[contains(text(), \"Business Confirm\")]"}
COMMAND: GET /session/3247b862f9661e1dad05ca414f9e55ea/screenshot - {}
RESULT: {"using":"xpath","value":"//bdi[contains(text(), \"Business Confirm\")]"}
COMMAND: POST /session/3247b862f9661e1dad05ca414f9e55ea/elements - {"using":"xpath","value":"//bdi[contains(text(), \"Business Confirm\")]"}
RESULT: {}
RESULT: {"using":"xpath","value":"//bdi[contains(text(), \"Business Confirm\")]"}
COMMAND: POST /session/3247b862f9661e1dad05ca414f9e55ea/element - {"using":"xpath","value":"//bdi[contains(text(), \"Business Confirm\")]"}
RESULT: {"using":"xpath","value":"//bdi[contains(text(), \"Business Confirm\")]"}
COMMAND: POST /session/3247b862f9661e1dad05ca414f9e55ea/element/f.BF6F4EA089F18175CED7BE484E452EA8.d.84C31930FDF94244653E1ECA3115CDE4.e.14866/click - {}
RESULT: {}
COMMAND: POST /session/3247b862f9661e1dad05ca414f9e55ea/element - {"using":"css selector","value":"#shell-header-logo"}
COMMAND: GET /session/3247b862f9661e1dad05ca414f9e55ea/screenshot - {}
RESULT: {"using":"css selector","value":"#shell-header-logo"}
COMMAND: POST /session/3247b862f9661e1dad05ca414f9e55ea/element/f.BF6F4EA089F18175CED7BE484E452EA8.d.84C31930FDF94244653E1ECA3115CDE4.e.14544/click - {}
RESULT: {}
RESULT: {}
COMMAND: GET /session/3247b862f9661e1dad05ca414f9e55ea/screenshot - {}
RESULT: {}
COMMAND: POST /session/3247b862f9661e1dad05ca414f9e55ea/element - {"using":"css selector","value":"#j_username"}
COMMAND: POST /session/3247b862f9661e1dad05ca414f9e55ea/url - {"url":"https://qa-testing-00-live-etm-ui.cfapps.eu10-004.hana.ondemand.com/"}
RESULT: {"using":"css selector","value":"#j_username"}
COMMAND: POST /session/3247b862f9661e1dad05ca414f9e55ea/element - {"using":"css selector","value":"#j_username"}
RESULT: {"url":"https://qa-testing-00-live-etm-ui.cfapps.eu10-004.hana.ondemand.com/"}
RESULT: undefined
COMMAND: GET /session/3247b862f9661e1dad05ca414f9e55ea/screenshot - {}
RESULT: {"using":"css selector","value":"#j_username"}
COMMAND: POST /session/3247b862f9661e1dad05ca414f9e55ea/element - {"using":"css selector","value":"#shell-header-logo"}
RESULT: {}
RESULT: {"using":"css selector","value":"#shell-header-logo"}
COMMAND: POST /session/3247b862f9661e1dad05ca414f9e55ea/execute/sync - {"script":"<script> [8489 bytes]","args":[{"element-6066-11e4-a52e-4f735466cecf":"f.BF6F4EA089F18175CED7BE484E452EA8.d.A329C0D45EAF36AA39C968309E71F560.e.14900","ELEMENT":"f.BF6F4EA089F18175CED7BE484E452EA8.d.A329C0D45EAF36AA39C968309E71F560.e.14900"}]}
RESULT: {"script":"<script> [8489 bytes]","args":[{"element-6066-11e4-a52e-4f735466cecf":"f.BF6F4EA089F18175CED7BE484E452EA8.d.A329C0D45EAF36AA39C968309E71F560.e.14900","ELEMENT":"f.BF6F4EA089F18175CED7BE484E452EA8.d.A329C0D45EAF36AA39C968309E71F560.e.14900"}]}
COMMAND: POST /session/3247b862f9661e1dad05ca414f9e55ea/element - {"using":"css selector","value":"#shell-header-logo"}
COMMAND: GET /session/3247b862f9661e1dad05ca414f9e55ea/screenshot - {}
RESULT: {"using":"css selector","value":"#shell-header-logo"}
COMMAND: POST /session/3247b862f9661e1dad05ca414f9e55ea/execute/sync - {"script":"<script> [8489 bytes]","args":[{"element-6066-11e4-a52e-4f735466cecf":"f.BF6F4EA089F18175CED7BE484E452EA8.d.A329C0D45EAF36AA39C968309E71F560.e.14900","ELEMENT":"f.BF6F4EA089F18175CED7BE484E452EA8.d.A329C0D45EAF36AA39C968309E71F560.e.14900"}]}
RESULT: {}
RESULT: {"script":"<script> [8489 bytes]","args":[{"element-6066-11e4-a52e-4f735466cecf":"f.BF6F4EA089F18175CED7BE484E452EA8.d.A329C0D45EAF36AA39C968309E71F560.e.14900","ELEMENT":"f.BF6F4EA089F18175CED7BE484E452EA8.d.A329C0D45EAF36AA39C968309E71F560.e.14900"}]}
COMMAND: POST /session/3247b862f9661e1dad05ca414f9e55ea/execute/sync - {"script":"<script> [5351 bytes]","args":[{"element-6066-11e4-a52e-4f735466cecf":"f.BF6F4EA089F18175CED7BE484E452EA8.d.A329C0D45EAF36AA39C968309E71F560.e.14900","ELEMENT":"f.BF6F4EA089F18175CED7BE484E452EA8.d.A329C0D45EAF36AA39C968309E71F560.e.14900"}]}
COMMAND: GET /session/3247b862f9661e1dad05ca414f9e55ea/screenshot - {}
RESULT: {"script":"<script> [5351 bytes]","args":[{"element-6066-11e4-a52e-4f735466cecf":"f.BF6F4EA089F18175CED7BE484E452EA8.d.A329C0D45EAF36AA39C968309E71F560.e.14900","ELEMENT":"f.BF6F4EA089F18175CED7BE484E452EA8.d.A329C0D45EAF36AA39C968309E71F560.e.14900"}]}
COMMAND: POST /session/3247b862f9661e1dad05ca414f9e55ea/element - {"using":"css selector","value":"#shell-header-logo"}
COMMAND: GET /session/3247b862f9661e1dad05ca414f9e55ea/screenshot - {}
RESULT: {}
RESULT: {"using":"css selector","value":"#shell-header-logo"}
COMMAND: POST /session/3247b862f9661e1dad05ca414f9e55ea/element/f.BF6F4EA089F18175CED7BE484E452EA8.d.A329C0D45EAF36AA39C968309E71F560.e.14900/click - {}
RESULT: {}
RESULT: {}
COMMAND: GET /session/3247b862f9661e1dad05ca414f9e55ea/screenshot - {}
RESULT: {}
COMMAND: POST /session/3247b862f9661e1dad05ca414f9e55ea/execute/async - {"script":"<script> [189 bytes]","args":[]}
RESULT: {"script":"<script> [189 bytes]","args":[]}
COMMAND: POST /session/3247b862f9661e1dad05ca414f9e55ea/execute/async - {"script":"<script> [123 bytes]","args":[]}
RESULT: {"script":"<script> [123 bytes]","args":[]}
COMMAND: POST /session/3247b862f9661e1dad05ca414f9e55ea/timeouts - {"script":"<number>"}
RESULT: {"script":"<number>"}
COMMAND: GET /session/3247b862f9661e1dad05ca414f9e55ea/timeouts - {}
RESULT: {}
RESULT: undefined
COMMAND: POST /session/3247b862f9661e1dad05ca414f9e55ea/execute/async - {"script":"<script> [2676 bytes]","args":[]}
RESULT: {"script":"<script> [2676 bytes]","args":[]}
COMMAND: POST /session/3247b862f9661e1dad05ca414f9e55ea/execute/async - {"script":"<script> [2342 bytes]","args":[{"protocol":"http","hostname":"0.0.0.0","path":"/","capabilities":{"browserName":"chrome","goog:chromeOptions":{"binary":"C:\\Program Files\\Google\\Chrome\\Application\\chrome.exe","args":["--start-maximized"]}},"logLevel":"warn","connectionRetryTimeout":120000,"connectionRetryCount":3,"logLevels":{},"enableDirectConnect":true,"strictSSL":true,"_":"65 more keys: [\"cacheDir\",\"port\",\"requestedCapabilities\",\"automationProtocol\",\"baseUrl\",\"waitforInterval\",\"waitforTimeout\",\"onReload\",\"beforeCommand\",\"afterCommand\",\"rootDir\",\"specs\",\"suites\",\"exclude\",\"groupLogsByTestSpec\",\"excludeDriverLogs\",\"bail\",\"framework\",\"reporters\",\"services\",\"maxInstances\",\"maxInstancesPerCapability\",\"injectGlobals\",\"filesToWatch\",\"execArgv\",\"runnerEnv\",\"runner\",\"shard\",\"specFileRetries\",\"specFileRetriesDelay\",\"specFileRetriesDeferred\",\"reporterSyncInterval\",\"reporterSyncTimeout\",\"cucumberFeaturesWithLineNumbers\",\"autoCompileOpts\",\"mochaOpts\",\"jasmineOpts\",\"cucumberOpts\",\"onPrepare\",\"onWorkerStart\",\"onWorkerEnd\",\"before\",\"beforeSession\",\"beforeSuite\",\"beforeHook\",\"beforeTest\",\"afterTest\",\"afterHook\",\"afterSuite\",\"afterSession\",\"after\",\"onComplete\",\"beforeAssertion\",\"afterAssertion\",\"beforeFeature\",\"beforeScenario\",\"beforeStep\",\"afterStep\",\"afterScenario\",\"afterFeature\",\"_\",\"suite\",\"$0\",\"ignoredWorkerServices\",\"wdi5\"]"}]}
RESULT: {"script":"<script> [2342 bytes]","args":[{"protocol":"http","hostname":"0.0.0.0","path":"/","capabilities":{"browserName":"chrome","goog:chromeOptions":{"binary":"C:\\Program Files\\Google\\Chrome\\Application\\chrome.exe","args":["--start-maximized"]}},"logLevel":"warn","connectionRetryTimeout":120000,"connectionRetryCount":3,"logLevels":{},"enableDirectConnect":true,"strictSSL":true,"_":"65 more keys: [\"cacheDir\",\"port\",\"requestedCapabilities\",\"automationProtocol\",\"baseUrl\",\"waitforInterval\",\"waitforTimeout\",\"onReload\",\"beforeCommand\",\"afterCommand\",\"rootDir\",\"specs\",\"suites\",\"exclude\",\"groupLogsByTestSpec\",\"excludeDriverLogs\",\"bail\",\"framework\",\"reporters\",\"services\",\"maxInstances\",\"maxInstancesPerCapability\",\"injectGlobals\",\"filesToWatch\",\"execArgv\",\"runnerEnv\",\"runner\",\"shard\",\"specFileRetries\",\"specFileRetriesDelay\",\"specFileRetriesDeferred\",\"reporterSyncInterval\",\"reporterSyncTimeout\",\"cucumberFeaturesWithLineNumbers\",\"autoCompileOpts\",\"mochaOpts\",\"jasmineOpts\",\"cucumberOpts\",\"onPrepare\",\"onWorkerStart\",\"onWorkerEnd\",\"before\",\"beforeSession\",\"beforeSuite\",\"beforeHook\",\"beforeTest\",\"afterTest\",\"afterHook\",\"afterSuite\",\"afterSession\",\"after\",\"onComplete\",\"beforeAssertion\",\"afterAssertion\",\"beforeFeature\",\"beforeScenario\",\"beforeStep\",\"afterStep\",\"afterScenario\",\"afterFeature\",\"_\",\"suite\",\"$0\",\"ignoredWorkerServices\",\"wdi5\"]"}]}
COMMAND: POST /session/3247b862f9661e1dad05ca414f9e55ea/execute/async - {"script":"<script> [21126 bytes]","args":[35000]}
RESULT: {"script":"<script> [21126 bytes]","args":[35000]}
COMMAND: POST /session/3247b862f9661e1dad05ca414f9e55ea/window/maximize - {}
RESULT: {}
COMMAND: POST /session/3247b862f9661e1dad05ca414f9e55ea/execute/async - {"script":"<script> [1562 bytes]","args":[{"selector":{"id":"shell-header","interaction":{"idSuffix":"icon"}},"wdio_ui5_key":"shellheader"}]}
COMMAND: GET /session/3247b862f9661e1dad05ca414f9e55ea/screenshot - {}
RESULT: {"script":"<script> [1562 bytes]","args":[{"selector":{"id":"shell-header","interaction":{"idSuffix":"icon"}},"wdio_ui5_key":"shellheader"}]}
RESULT: undefined
COMMAND: POST /session/3247b862f9661e1dad05ca414f9e55ea/refresh - {}
RESULT: {}
RESULT: {}
COMMAND: GET /session/3247b862f9661e1dad05ca414f9e55ea/screenshot - {}
RESULT: {}
COMMAND: POST /session/3247b862f9661e1dad05ca414f9e55ea/refresh - {}
RESULT: {}
COMMAND: GET /session/3247b862f9661e1dad05ca414f9e55ea/screenshot - {}
RESULT: {}
COMMAND: POST /session/3247b862f9661e1dad05ca414f9e55ea/window/fullscreen - {}
RESULT: {}
COMMAND: POST /session/3247b862f9661e1dad05ca414f9e55ea/execute/async - {"script":"<script> [189 bytes]","args":[]}
RESULT: {"script":"<script> [189 bytes]","args":[]}
COMMAND: POST /session/3247b862f9661e1dad05ca414f9e55ea/execute/async - {"script":"<script> [123 bytes]","args":[]}
RESULT: {"script":"<script> [123 bytes]","args":[]}
COMMAND: POST /session/3247b862f9661e1dad05ca414f9e55ea/timeouts - {"script":"<number>"}
RESULT: {"script":"<number>"}
COMMAND: GET /session/3247b862f9661e1dad05ca414f9e55ea/timeouts - {}
RESULT: {}
RESULT: undefined
COMMAND: POST /session/3247b862f9661e1dad05ca414f9e55ea/execute/async - {"script":"<script> [2676 bytes]","args":[]}
RESULT: {"script":"<script> [2676 bytes]","args":[]}
COMMAND: POST /session/3247b862f9661e1dad05ca414f9e55ea/execute/async - {"script":"<script> [2342 bytes]","args":[{"protocol":"http","hostname":"0.0.0.0","path":"/","capabilities":{"browserName":"chrome","goog:chromeOptions":{"binary":"C:\\Program Files\\Google\\Chrome\\Application\\chrome.exe","args":["--start-maximized"]}},"logLevel":"warn","connectionRetryTimeout":120000,"connectionRetryCount":3,"logLevels":{},"enableDirectConnect":true,"strictSSL":true,"_":"65 more keys: [\"cacheDir\",\"port\",\"requestedCapabilities\",\"automationProtocol\",\"baseUrl\",\"waitforInterval\",\"waitforTimeout\",\"onReload\",\"beforeCommand\",\"afterCommand\",\"rootDir\",\"specs\",\"suites\",\"exclude\",\"groupLogsByTestSpec\",\"excludeDriverLogs\",\"bail\",\"framework\",\"reporters\",\"services\",\"maxInstances\",\"maxInstancesPerCapability\",\"injectGlobals\",\"filesToWatch\",\"execArgv\",\"runnerEnv\",\"runner\",\"shard\",\"specFileRetries\",\"specFileRetriesDelay\",\"specFileRetriesDeferred\",\"reporterSyncInterval\",\"reporterSyncTimeout\",\"cucumberFeaturesWithLineNumbers\",\"autoCompileOpts\",\"mochaOpts\",\"jasmineOpts\",\"cucumberOpts\",\"onPrepare\",\"onWorkerStart\",\"onWorkerEnd\",\"before\",\"beforeSession\",\"beforeSuite\",\"beforeHook\",\"beforeTest\",\"afterTest\",\"afterHook\",\"afterSuite\",\"afterSession\",\"after\",\"onComplete\",\"beforeAssertion\",\"afterAssertion\",\"beforeFeature\",\"beforeScenario\",\"beforeStep\",\"afterStep\",\"afterScenario\",\"afterFeature\",\"_\",\"suite\",\"$0\",\"ignoredWorkerServices\",\"wdi5\"]"}]}
RESULT: {"script":"<script> [2342 bytes]","args":[{"protocol":"http","hostname":"0.0.0.0","path":"/","capabilities":{"browserName":"chrome","goog:chromeOptions":{"binary":"C:\\Program Files\\Google\\Chrome\\Application\\chrome.exe","args":["--start-maximized"]}},"logLevel":"warn","connectionRetryTimeout":120000,"connectionRetryCount":3,"logLevels":{},"enableDirectConnect":true,"strictSSL":true,"_":"65 more keys: [\"cacheDir\",\"port\",\"requestedCapabilities\",\"automationProtocol\",\"baseUrl\",\"waitforInterval\",\"waitforTimeout\",\"onReload\",\"beforeCommand\",\"afterCommand\",\"rootDir\",\"specs\",\"suites\",\"exclude\",\"groupLogsByTestSpec\",\"excludeDriverLogs\",\"bail\",\"framework\",\"reporters\",\"services\",\"maxInstances\",\"maxInstancesPerCapability\",\"injectGlobals\",\"filesToWatch\",\"execArgv\",\"runnerEnv\",\"runner\",\"shard\",\"specFileRetries\",\"specFileRetriesDelay\",\"specFileRetriesDeferred\",\"reporterSyncInterval\",\"reporterSyncTimeout\",\"cucumberFeaturesWithLineNumbers\",\"autoCompileOpts\",\"mochaOpts\",\"jasmineOpts\",\"cucumberOpts\",\"onPrepare\",\"onWorkerStart\",\"onWorkerEnd\",\"before\",\"beforeSession\",\"beforeSuite\",\"beforeHook\",\"beforeTest\",\"afterTest\",\"afterHook\",\"afterSuite\",\"afterSession\",\"after\",\"onComplete\",\"beforeAssertion\",\"afterAssertion\",\"beforeFeature\",\"beforeScenario\",\"beforeStep\",\"afterStep\",\"afterScenario\",\"afterFeature\",\"_\",\"suite\",\"$0\",\"ignoredWorkerServices\",\"wdi5\"]"}]}
COMMAND: POST /session/3247b862f9661e1dad05ca414f9e55ea/execute/async - {"script":"<script> [21126 bytes]","args":[35000]}
RESULT: {"script":"<script> [21126 bytes]","args":[35000]}
]]></system-out>
    </testcase>
  </testsuite>
  <testsuite timestamp="2025-05-20T17:47:40" time="750.09" tests="13" failures="0" errors="0" skipped="0">
    <properties>
      <property name="specId" value="0" />
      <property name="suiteName" value="Performance based billing (work days) US139742" />
      <property name="capabilities" value="chrome.136_0_7103_93.windows" />
      <property name="file" value="file:///D:/a/1/s/test/specs/BTS/billing-performance-workdays.spec.js" />
    </properties>
    <testcase classname="chrome.136_0_7103_93.windows.Performance_based_billing_(work_days)_US139742" name="Should create a new yard" time="0.014">
      <system-out><![CDATA[
COMMAND: POST /session/3247b862f9661e1dad05ca414f9e55ea/window/fullscreen - {}
RESULT: {}
]]></system-out>
    </testcase>
    <testcase classname="chrome.136_0_7103_93.windows.Performance_based_billing_(work_days)_US139742" name="Should create a new partner" time="0.005" />
    <testcase classname="chrome.136_0_7103_93.windows.Performance_based_billing_(work_days)_US139742" name="Should create a new site" time="0.003" />
    <testcase classname="chrome.136_0_7103_93.windows.Performance_based_billing_(work_days)_US139742" name="Should do prerequisite steps add equipment" time="125.796">
      <system-out><![CDATA[
COMMAND: POST /session/3247b862f9661e1dad05ca414f9e55ea/execute/async - {"script":"<script> [1562 bytes]","args":[{"selector":{"controlType":"sap.m.GenericTile","properties":{"header":"Manage Resources"}},"wdio_ui5_key":"sapm.GenericTile{\"header\":\"Manage Resources\"}"}]}
RESULT: {"script":"<script> [1562 bytes]","args":[{"selector":{"controlType":"sap.m.GenericTile","properties":{"header":"Manage Resources"}},"wdio_ui5_key":"sapm.GenericTile{\"header\":\"Manage Resources\"}"}]}
RESULT: undefined
COMMAND: POST /session/3247b862f9661e1dad05ca414f9e55ea/element - {"using":"xpath","value":"//*[@id=\"__tile39\"]"}
RESULT: {"using":"xpath","value":"//*[@id=\"__tile39\"]"}
COMMAND: POST /session/3247b862f9661e1dad05ca414f9e55ea/element/f.BF6F4EA089F18175CED7BE484E452EA8.d.0FAAC125BF80412D7F4421048DADE63F.e.15066/click - {}
RESULT: {}
COMMAND: GET /session/3247b862f9661e1dad05ca414f9e55ea/screenshot - {}
RESULT: {}
COMMAND: POST /session/3247b862f9661e1dad05ca414f9e55ea/elements - {"using":"xpath","value":"//span[text()='Error']"}
RESULT: {"using":"xpath","value":"//span[text()='Error']"}
COMMAND: POST /session/3247b862f9661e1dad05ca414f9e55ea/element - {"using":"xpath","value":"//button[@data-kt=\"addNewRUOverflowToolbarButton\"]"}
RESULT: {"using":"xpath","value":"//button[@data-kt=\"addNewRUOverflowToolbarButton\"]"}
COMMAND: POST /session/3247b862f9661e1dad05ca414f9e55ea/elements - {"using":"xpath","value":"//button[@data-kt=\"addNewRUOverflowToolbarButton\"]"}
RESULT: {"using":"xpath","value":"//button[@data-kt=\"addNewRUOverflowToolbarButton\"]"}
COMMAND: POST /session/3247b862f9661e1dad05ca414f9e55ea/execute/sync - {"script":"<script> [8489 bytes]","args":[{"element-6066-11e4-a52e-4f735466cecf":"f.BF6F4EA089F18175CED7BE484E452EA8.d.0FAAC125BF80412D7F4421048DADE63F.e.15206","ELEMENT":"f.BF6F4EA089F18175CED7BE484E452EA8.d.0FAAC125BF80412D7F4421048DADE63F.e.15206"}]}
RESULT: {"script":"<script> [8489 bytes]","args":[{"element-6066-11e4-a52e-4f735466cecf":"f.BF6F4EA089F18175CED7BE484E452EA8.d.0FAAC125BF80412D7F4421048DADE63F.e.15206","ELEMENT":"f.BF6F4EA089F18175CED7BE484E452EA8.d.0FAAC125BF80412D7F4421048DADE63F.e.15206"}]}
COMMAND: GET /session/3247b862f9661e1dad05ca414f9e55ea/element/f.BF6F4EA089F18175CED7BE484E452EA8.d.0FAAC125BF80412D7F4421048DADE63F.e.15206/enabled - {}
COMMAND: GET /session/3247b862f9661e1dad05ca414f9e55ea/screenshot - {}
RESULT: {}
COMMAND: POST /session/3247b862f9661e1dad05ca414f9e55ea/execute/sync - {"script":"<script> [8489 bytes]","args":[{"element-6066-11e4-a52e-4f735466cecf":"f.BF6F4EA089F18175CED7BE484E452EA8.d.0FAAC125BF80412D7F4421048DADE63F.e.15206","ELEMENT":"f.BF6F4EA089F18175CED7BE484E452EA8.d.0FAAC125BF80412D7F4421048DADE63F.e.15206"}]}
COMMAND: GET /session/3247b862f9661e1dad05ca414f9e55ea/screenshot - {}
RESULT: {}
RESULT: {"script":"<script> [8489 bytes]","args":[{"element-6066-11e4-a52e-4f735466cecf":"f.BF6F4EA089F18175CED7BE484E452EA8.d.0FAAC125BF80412D7F4421048DADE63F.e.15206","ELEMENT":"f.BF6F4EA089F18175CED7BE484E452EA8.d.0FAAC125BF80412D7F4421048DADE63F.e.15206"}]}
COMMAND: POST /session/3247b862f9661e1dad05ca414f9e55ea/execute/sync - {"script":"<script> [5351 bytes]","args":[{"element-6066-11e4-a52e-4f735466cecf":"f.BF6F4EA089F18175CED7BE484E452EA8.d.0FAAC125BF80412D7F4421048DADE63F.e.15206","ELEMENT":"f.BF6F4EA089F18175CED7BE484E452EA8.d.0FAAC125BF80412D7F4421048DADE63F.e.15206"}]}
COMMAND: GET /session/3247b862f9661e1dad05ca414f9e55ea/screenshot - {}
RESULT: {}
RESULT: {"script":"<script> [5351 bytes]","args":[{"element-6066-11e4-a52e-4f735466cecf":"f.BF6F4EA089F18175CED7BE484E452EA8.d.0FAAC125BF80412D7F4421048DADE63F.e.15206","ELEMENT":"f.BF6F4EA089F18175CED7BE484E452EA8.d.0FAAC125BF80412D7F4421048DADE63F.e.15206"}]}
COMMAND: POST /session/3247b862f9661e1dad05ca414f9e55ea/element/f.BF6F4EA089F18175CED7BE484E452EA8.d.0FAAC125BF80412D7F4421048DADE63F.e.15206/click - {}
COMMAND: GET /session/3247b862f9661e1dad05ca414f9e55ea/screenshot - {}
RESULT: {}
RESULT: {}
COMMAND: GET /session/3247b862f9661e1dad05ca414f9e55ea/screenshot - {}
RESULT: {}
RESULT: {}
COMMAND: POST /session/3247b862f9661e1dad05ca414f9e55ea/execute/async - {"script":"<script> [1562 bytes]","args":[{"selector":{"id":"application-manageresources-display-component---newResourceUnit--TYPE-arrow"},"wdio_ui5_key":"applicationmanageresources-display-component---newResourceUnit--TYPE-arrow"}]}
RESULT: {"script":"<script> [1562 bytes]","args":[{"selector":{"id":"application-manageresources-display-component---newResourceUnit--TYPE-arrow"},"wdio_ui5_key":"applicationmanageresources-display-component---newResourceUnit--TYPE-arrow"}]}
RESULT: undefined
COMMAND: POST /session/3247b862f9661e1dad05ca414f9e55ea/element - {"using":"xpath","value":"//*[@id=\"application-manageresources-display-component---newResourceUnit--TYPE-arrow\"]"}
RESULT: {"using":"xpath","value":"//*[@id=\"application-manageresources-display-component---newResourceUnit--TYPE-arrow\"]"}
COMMAND: POST /session/3247b862f9661e1dad05ca414f9e55ea/element/f.BF6F4EA089F18175CED7BE484E452EA8.d.0FAAC125BF80412D7F4421048DADE63F.e.15565/click - {}
RESULT: {}
COMMAND: POST /session/3247b862f9661e1dad05ca414f9e55ea/element - {"using":"xpath","value":"//input[@id=\"application-manageresources-display-component---newResourceUnit--TYPE-inner\"]"}
COMMAND: GET /session/3247b862f9661e1dad05ca414f9e55ea/screenshot - {}
RESULT: {"using":"xpath","value":"//input[@id=\"application-manageresources-display-component---newResourceUnit--TYPE-inner\"]"}
COMMAND: POST /session/3247b862f9661e1dad05ca414f9e55ea/element/f.BF6F4EA089F18175CED7BE484E452EA8.d.0FAAC125BF80412D7F4421048DADE63F.e.15556/clear - {}
RESULT: {}
RESULT: {}
COMMAND: POST /session/3247b862f9661e1dad05ca414f9e55ea/element/f.BF6F4EA089F18175CED7BE484E452EA8.d.0FAAC125BF80412D7F4421048DADE63F.e.15556/value - {"text":"Equipment"}
COMMAND: GET /session/3247b862f9661e1dad05ca414f9e55ea/screenshot - {}
RESULT: {"text":"Equipment"}
COMMAND: GET /session/3247b862f9661e1dad05ca414f9e55ea/screenshot - {}
RESULT: {}
RESULT: {}
COMMAND: POST /session/3247b862f9661e1dad05ca414f9e55ea/actions - {"actions":[{"id":"action51","type":"key","parameters":{},"actions":[{"type":"keyDown","value":"î€‡"},{"type":"pause","duration":10},{"type":"keyUp","value":"î€‡"}]}]}
RESULT: {"actions":[{"id":"action51","type":"key","parameters":{},"actions":[{"type":"keyDown","value":"î€‡"},{"type":"pause","duration":10},{"type":"keyUp","value":"î€‡"}]}]}
COMMAND: POST /session/3247b862f9661e1dad05ca414f9e55ea/execute/async - {"script":"<script> [1562 bytes]","args":[{"selector":{"id":"application-manageresources-display-component---newResourceUnit--resourceId","interaction":{"idSuffix":"inner"}},"wdio_ui5_key":"applicationmanageresources-display-component---newResourceUnit--resourceId"}]}
COMMAND: GET /session/3247b862f9661e1dad05ca414f9e55ea/screenshot - {}
RESULT: {"script":"<script> [1562 bytes]","args":[{"selector":{"id":"application-manageresources-display-component---newResourceUnit--resourceId","interaction":{"idSuffix":"inner"}},"wdio_ui5_key":"applicationmanageresources-display-component---newResourceUnit--resourceId"}]}
RESULT: undefined
COMMAND: POST /session/3247b862f9661e1dad05ca414f9e55ea/execute/async - {"script":"<script> [776 bytes]","args":[{"enterText":"PgvVRfR9HT","selector":{"id":"application-manageresources-display-component---newResourceUnit--resourceId","interaction":{"idSuffix":"inner"}},"clearTextFirst":true,"interactionType":"ENTER_TEXT"}]}
RESULT: {}
RESULT: {"script":"<script> [776 bytes]","args":[{"enterText":"PgvVRfR9HT","selector":{"id":"application-manageresources-display-component---newResourceUnit--resourceId","interaction":{"idSuffix":"inner"}},"clearTextFirst":true,"interactionType":"ENTER_TEXT"}]}
COMMAND: POST /session/3247b862f9661e1dad05ca414f9e55ea/execute/async - {"script":"<script> [1562 bytes]","args":[{"selector":{"id":"application-manageresources-display-component---newResourceUnit--SHORT_TEXT","interaction":{"idSuffix":"inner"}},"wdio_ui5_key":"applicationmanageresources-display-component---newResourceUnit--SHORT_TEXT"}]}
RESULT: {"script":"<script> [1562 bytes]","args":[{"selector":{"id":"application-manageresources-display-component---newResourceUnit--SHORT_TEXT","interaction":{"idSuffix":"inner"}},"wdio_ui5_key":"applicationmanageresources-display-component---newResourceUnit--SHORT_TEXT"}]}
RESULT: undefined
COMMAND: POST /session/3247b862f9661e1dad05ca414f9e55ea/execute/async - {"script":"<script> [776 bytes]","args":[{"enterText":"Intercompany Equipment WDIO","selector":{"id":"application-manageresources-display-component---newResourceUnit--SHORT_TEXT","interaction":{"idSuffix":"inner"}},"clearTextFirst":true,"interactionType":"ENTER_TEXT"}]}
RESULT: {"script":"<script> [776 bytes]","args":[{"enterText":"Intercompany Equipment WDIO","selector":{"id":"application-manageresources-display-component---newResourceUnit--SHORT_TEXT","interaction":{"idSuffix":"inner"}},"clearTextFirst":true,"interactionType":"ENTER_TEXT"}]}
COMMAND: POST /session/3247b862f9661e1dad05ca414f9e55ea/execute/async - {"script":"<script> [1562 bytes]","args":[{"selector":{"id":"application-manageresources-display-component---newResourceUnit--BASE_UNIT_OF_MEASURE","interaction":{"idSuffix":"inner"}},"wdio_ui5_key":"applicationmanageresources-display-component---newResourceUnit--BASE_UNIT_OF_MEASURE"}]}
RESULT: {"script":"<script> [1562 bytes]","args":[{"selector":{"id":"application-manageresources-display-component---newResourceUnit--BASE_UNIT_OF_MEASURE","interaction":{"idSuffix":"inner"}},"wdio_ui5_key":"applicationmanageresources-display-component---newResourceUnit--BASE_UNIT_OF_MEASURE"}]}
RESULT: undefined
COMMAND: POST /session/3247b862f9661e1dad05ca414f9e55ea/execute/async - {"script":"<script> [776 bytes]","args":[{"enterText":"Piece","selector":{"id":"application-manageresources-display-component---newResourceUnit--BASE_UNIT_OF_MEASURE","interaction":{"idSuffix":"inner"}},"clearTextFirst":true,"interactionType":"ENTER_TEXT"}]}
RESULT: {"script":"<script> [776 bytes]","args":[{"enterText":"Piece","selector":{"id":"application-manageresources-display-component---newResourceUnit--BASE_UNIT_OF_MEASURE","interaction":{"idSuffix":"inner"}},"clearTextFirst":true,"interactionType":"ENTER_TEXT"}]}
COMMAND: POST /session/3247b862f9661e1dad05ca414f9e55ea/execute/async - {"script":"<script> [1562 bytes]","args":[{"selector":{"id":"application-manageresources-display-component---newResourceUnit--WEIGHT_UNIT","interaction":{"idSuffix":"inner"}},"wdio_ui5_key":"applicationmanageresources-display-component---newResourceUnit--WEIGHT_UNIT"}]}
RESULT: {"script":"<script> [1562 bytes]","args":[{"selector":{"id":"application-manageresources-display-component---newResourceUnit--WEIGHT_UNIT","interaction":{"idSuffix":"inner"}},"wdio_ui5_key":"applicationmanageresources-display-component---newResourceUnit--WEIGHT_UNIT"}]}
RESULT: undefined
COMMAND: POST /session/3247b862f9661e1dad05ca414f9e55ea/execute/async - {"script":"<script> [776 bytes]","args":[{"enterText":"Gram","selector":{"id":"application-manageresources-display-component---newResourceUnit--WEIGHT_UNIT","interaction":{"idSuffix":"inner"}},"clearTextFirst":true,"interactionType":"ENTER_TEXT"}]}
RESULT: {"script":"<script> [776 bytes]","args":[{"enterText":"Gram","selector":{"id":"application-manageresources-display-component---newResourceUnit--WEIGHT_UNIT","interaction":{"idSuffix":"inner"}},"clearTextFirst":true,"interactionType":"ENTER_TEXT"}]}
COMMAND: POST /session/3247b862f9661e1dad05ca414f9e55ea/execute/async - {"script":"<script> [1562 bytes]","args":[{"selector":{"id":"application-manageresources-display-component---newResourceUnit--DIMENSION_UNIT","interaction":{"idSuffix":"inner"}},"wdio_ui5_key":"applicationmanageresources-display-component---newResourceUnit--DIMENSION_UNIT"}]}
RESULT: {"script":"<script> [1562 bytes]","args":[{"selector":{"id":"application-manageresources-display-component---newResourceUnit--DIMENSION_UNIT","interaction":{"idSuffix":"inner"}},"wdio_ui5_key":"applicationmanageresources-display-component---newResourceUnit--DIMENSION_UNIT"}]}
RESULT: undefined
COMMAND: POST /session/3247b862f9661e1dad05ca414f9e55ea/execute/async - {"script":"<script> [776 bytes]","args":[{"enterText":"Meter","selector":{"id":"application-manageresources-display-component---newResourceUnit--DIMENSION_UNIT","interaction":{"idSuffix":"inner"}},"clearTextFirst":true,"interactionType":"ENTER_TEXT"}]}
RESULT: {"script":"<script> [776 bytes]","args":[{"enterText":"Meter","selector":{"id":"application-manageresources-display-component---newResourceUnit--DIMENSION_UNIT","interaction":{"idSuffix":"inner"}},"clearTextFirst":true,"interactionType":"ENTER_TEXT"}]}
COMMAND: POST /session/3247b862f9661e1dad05ca414f9e55ea/execute/async - {"script":"<script> [1562 bytes]","args":[{"selector":{"id":"application-manageresources-display-component---newResourceUnit--newRRUPage-anchBar-application-manageresources-display-component---newResourceUnit--control-anchor","interaction":{"idSuffix":"BDI-content"}},"wdio_ui5_key":"applicationmanageresources-display-component---newResourceUnit--newRRUPage-anchBar-application-manageresources-display-component---newResourceUnit--control-anchor"}]}
RESULT: {"script":"<script> [1562 bytes]","args":[{"selector":{"id":"application-manageresources-display-component---newResourceUnit--newRRUPage-anchBar-application-manageresources-display-component---newResourceUnit--control-anchor","interaction":{"idSuffix":"BDI-content"}},"wdio_ui5_key":"applicationmanageresources-display-component---newResourceUnit--newRRUPage-anchBar-application-manageresources-display-component---newResourceUnit--control-anchor"}]}
RESULT: undefined
COMMAND: POST /session/3247b862f9661e1dad05ca414f9e55ea/element - {"using":"xpath","value":"//*[@id=\"application-manageresources-display-component---newResourceUnit--newRRUPage-anchBar-application-manageresources-display-component---newResourceUnit--control-anchor\"]"}
RESULT: {"using":"xpath","value":"//*[@id=\"application-manageresources-display-component---newResourceUnit--newRRUPage-anchBar-application-manageresources-display-component---newResourceUnit--control-anchor\"]"}
COMMAND: POST /session/3247b862f9661e1dad05ca414f9e55ea/element/f.BF6F4EA089F18175CED7BE484E452EA8.d.0FAAC125BF80412D7F4421048DADE63F.e.15698/click - {}
RESULT: {}
COMMAND: POST /session/3247b862f9661e1dad05ca414f9e55ea/execute/async - {"script":"<script> [1562 bytes]","args":[{"selector":{"id":"application-manageresources-display-component---newResourceUnit--PLANNING_GROUP","interaction":{"idSuffix":"inner"}},"wdio_ui5_key":"applicationmanageresources-display-component---newResourceUnit--PLANNING_GROUP"}]}
COMMAND: GET /session/3247b862f9661e1dad05ca414f9e55ea/screenshot - {}
RESULT: {"script":"<script> [1562 bytes]","args":[{"selector":{"id":"application-manageresources-display-component---newResourceUnit--PLANNING_GROUP","interaction":{"idSuffix":"inner"}},"wdio_ui5_key":"applicationmanageresources-display-component---newResourceUnit--PLANNING_GROUP"}]}
RESULT: undefined
COMMAND: POST /session/3247b862f9661e1dad05ca414f9e55ea/execute/async - {"script":"<script> [776 bytes]","args":[{"enterText":"Heavy Equi","selector":{"id":"application-manageresources-display-component---newResourceUnit--PLANNING_GROUP","interaction":{"idSuffix":"inner"}},"clearTextFirst":true,"interactionType":"ENTER_TEXT"}]}
RESULT: {}
RESULT: {"script":"<script> [776 bytes]","args":[{"enterText":"Heavy Equi","selector":{"id":"application-manageresources-display-component---newResourceUnit--PLANNING_GROUP","interaction":{"idSuffix":"inner"}},"clearTextFirst":true,"interactionType":"ENTER_TEXT"}]}
COMMAND: POST /session/3247b862f9661e1dad05ca414f9e55ea/execute/async - {"script":"<script> [1562 bytes]","args":[{"selector":{"id":"application-manageresources-display-component---newResourceUnit--ITEM_TYPE-arrow"},"wdio_ui5_key":"applicationmanageresources-display-component---newResourceUnit--ITEM_TYPE-arrow"}]}
RESULT: {"script":"<script> [1562 bytes]","args":[{"selector":{"id":"application-manageresources-display-component---newResourceUnit--ITEM_TYPE-arrow"},"wdio_ui5_key":"applicationmanageresources-display-component---newResourceUnit--ITEM_TYPE-arrow"}]}
RESULT: undefined
COMMAND: POST /session/3247b862f9661e1dad05ca414f9e55ea/element - {"using":"xpath","value":"//*[@id=\"application-manageresources-display-component---newResourceUnit--ITEM_TYPE-arrow\"]"}
RESULT: {"using":"xpath","value":"//*[@id=\"application-manageresources-display-component---newResourceUnit--ITEM_TYPE-arrow\"]"}
COMMAND: POST /session/3247b862f9661e1dad05ca414f9e55ea/element/f.BF6F4EA089F18175CED7BE484E452EA8.d.0FAAC125BF80412D7F4421048DADE63F.e.15707/click - {}
RESULT: {}
COMMAND: POST /session/3247b862f9661e1dad05ca414f9e55ea/element - {"using":"xpath","value":"(//span[contains(text(), \"Resource Unit\")])[2]"}
COMMAND: GET /session/3247b862f9661e1dad05ca414f9e55ea/screenshot - {}
RESULT: {"using":"xpath","value":"(//span[contains(text(), \"Resource Unit\")])[2]"}
COMMAND: POST /session/3247b862f9661e1dad05ca414f9e55ea/element/f.BF6F4EA089F18175CED7BE484E452EA8.d.0FAAC125BF80412D7F4421048DADE63F.e.15708/click - {}
RESULT: {}
RESULT: {}
COMMAND: GET /session/3247b862f9661e1dad05ca414f9e55ea/screenshot - {}
RESULT: {}
COMMAND: POST /session/3247b862f9661e1dad05ca414f9e55ea/element - {"using":"css selector","value":"#application-manageresources-display-component---newResourceUnit--btnAddTimeSegment"}
RESULT: {"using":"css selector","value":"#application-manageresources-display-component---newResourceUnit--btnAddTimeSegment"}
COMMAND: GET /session/3247b862f9661e1dad05ca414f9e55ea/element/f.BF6F4EA089F18175CED7BE484E452EA8.d.0FAAC125BF80412D7F4421048DADE63F.e.15709/rect - {}
RESULT: {}
COMMAND: GET /session/3247b862f9661e1dad05ca414f9e55ea/window/rect - {}
RESULT: {}
COMMAND: POST /session/3247b862f9661e1dad05ca414f9e55ea/execute/sync - {"script":"<script> [92 bytes]","args":[]}
RESULT: {"script":"<script> [92 bytes]","args":[]}
COMMAND: POST /session/3247b862f9661e1dad05ca414f9e55ea/actions - {"actions":[{"id":"action52","type":"wheel","parameters":{},"actions":[{"type":"scroll","x":-1888,"y":-32,"deltaX":0,"deltaY":0,"duration":0,"origin":{"element-6066-11e4-a52e-4f735466cecf":"f.BF6F4EA089F18175CED7BE484E452EA8.d.0FAAC125BF80412D7F4421048DADE63F.e.15709"}}]}]}
COMMAND: GET /session/3247b862f9661e1dad05ca414f9e55ea/screenshot - {}
RESULT: {}
COMMAND: POST /session/3247b862f9661e1dad05ca414f9e55ea/execute/sync - {"script":"<script> [79 bytes]","args":[{"element-6066-11e4-a52e-4f735466cecf":"f.BF6F4EA089F18175CED7BE484E452EA8.d.0FAAC125BF80412D7F4421048DADE63F.e.15709","ELEMENT":"f.BF6F4EA089F18175CED7BE484E452EA8.d.0FAAC125BF80412D7F4421048DADE63F.e.15709"},{"block":"start","inline":"nearest"}]}
RESULT: {"script":"<script> [79 bytes]","args":[{"element-6066-11e4-a52e-4f735466cecf":"f.BF6F4EA089F18175CED7BE484E452EA8.d.0FAAC125BF80412D7F4421048DADE63F.e.15709","ELEMENT":"f.BF6F4EA089F18175CED7BE484E452EA8.d.0FAAC125BF80412D7F4421048DADE63F.e.15709"},{"block":"start","inline":"nearest"}]}
COMMAND: POST /session/3247b862f9661e1dad05ca414f9e55ea/execute/async - {"script":"<script> [1562 bytes]","args":[{"selector":{"id":"application-manageresources-display-component---newResourceUnit--btnAddTimeSegment","interaction":{"idSuffix":"inner"}},"wdio_ui5_key":"applicationmanageresources-display-component---newResourceUnit--btnAddTimeSegment"}]}
COMMAND: GET /session/3247b862f9661e1dad05ca414f9e55ea/screenshot - {}
RESULT: {"script":"<script> [1562 bytes]","args":[{"selector":{"id":"application-manageresources-display-component---newResourceUnit--btnAddTimeSegment","interaction":{"idSuffix":"inner"}},"wdio_ui5_key":"applicationmanageresources-display-component---newResourceUnit--btnAddTimeSegment"}]}
RESULT: undefined
COMMAND: POST /session/3247b862f9661e1dad05ca414f9e55ea/element - {"using":"xpath","value":"//*[@id=\"application-manageresources-display-component---newResourceUnit--btnAddTimeSegment\"]"}
RESULT: {}
RESULT: {"using":"xpath","value":"//*[@id=\"application-manageresources-display-component---newResourceUnit--btnAddTimeSegment\"]"}
COMMAND: POST /session/3247b862f9661e1dad05ca414f9e55ea/element/f.BF6F4EA089F18175CED7BE484E452EA8.d.0FAAC125BF80412D7F4421048DADE63F.e.15709/click - {}
RESULT: {}
COMMAND: GET /session/3247b862f9661e1dad05ca414f9e55ea/screenshot - {}
RESULT: {}
COMMAND: POST /session/3247b862f9661e1dad05ca414f9e55ea/element - {"using":"xpath","value":"//input[@id=\"application-manageresources-display-component---newResourceUnit--idRuTSAdmin-application-manageresources-display-component---newResourceUnit--RUTimeSegment-0-inner\"]"}
RESULT: {"using":"xpath","value":"//input[@id=\"application-manageresources-display-component---newResourceUnit--idRuTSAdmin-application-manageresources-display-component---newResourceUnit--RUTimeSegment-0-inner\"]"}
COMMAND: POST /session/3247b862f9661e1dad05ca414f9e55ea/element/f.BF6F4EA089F18175CED7BE484E452EA8.d.0FAAC125BF80412D7F4421048DADE63F.e.15715/clear - {}
RESULT: {}
COMMAND: POST /session/3247b862f9661e1dad05ca414f9e55ea/element/f.BF6F4EA089F18175CED7BE484E452EA8.d.0FAAC125BF80412D7F4421048DADE63F.e.15715/value - {"text":"600"}
COMMAND: GET /session/3247b862f9661e1dad05ca414f9e55ea/screenshot - {}
RESULT: {"text":"600"}
COMMAND: GET /session/3247b862f9661e1dad05ca414f9e55ea/screenshot - {}
RESULT: {}
RESULT: {}
COMMAND: POST /session/3247b862f9661e1dad05ca414f9e55ea/element - {"using":"xpath","value":"//li[.//span[text()='600']]"}
RESULT: {"using":"xpath","value":"//li[.//span[text()='600']]"}
COMMAND: POST /session/3247b862f9661e1dad05ca414f9e55ea/element/f.BF6F4EA089F18175CED7BE484E452EA8.d.0FAAC125BF80412D7F4421048DADE63F.e.15727/click - {}
RESULT: {}
COMMAND: GET /session/3247b862f9661e1dad05ca414f9e55ea/screenshot - {}
RESULT: {}
COMMAND: POST /session/3247b862f9661e1dad05ca414f9e55ea/element - {"using":"xpath","value":"(//span[contains(@id, \"-application-manageresources-display-component---newResourceUnit--RUTimeSegment-0-arrow\")])[6]"}
RESULT: {"using":"xpath","value":"(//span[contains(@id, \"-application-manageresources-display-component---newResourceUnit--RUTimeSegment-0-arrow\")])[6]"}
COMMAND: POST /session/3247b862f9661e1dad05ca414f9e55ea/element/f.BF6F4EA089F18175CED7BE484E452EA8.d.0FAAC125BF80412D7F4421048DADE63F.e.15728/click - {}
RESULT: {}
COMMAND: GET /session/3247b862f9661e1dad05ca414f9e55ea/screenshot - {}
RESULT: {}
COMMAND: POST /session/3247b862f9661e1dad05ca414f9e55ea/element - {"using":"xpath","value":"//span[contains(text(), \"PM Order\")]"}
RESULT: {"using":"xpath","value":"//span[contains(text(), \"PM Order\")]"}
COMMAND: POST /session/3247b862f9661e1dad05ca414f9e55ea/element/f.BF6F4EA089F18175CED7BE484E452EA8.d.0FAAC125BF80412D7F4421048DADE63F.e.15731/click - {}
RESULT: {}
COMMAND: GET /session/3247b862f9661e1dad05ca414f9e55ea/screenshot - {}
RESULT: {}
COMMAND: POST /session/3247b862f9661e1dad05ca414f9e55ea/element - {"using":"xpath","value":"(//span[contains(@id ,\"manageresources-display-component---newResourceUnit--RUTimeSegment-0-vhi\")])[1]"}
RESULT: {"using":"xpath","value":"(//span[contains(@id ,\"manageresources-display-component---newResourceUnit--RUTimeSegment-0-vhi\")])[1]"}
COMMAND: GET /session/3247b862f9661e1dad05ca414f9e55ea/element/f.BF6F4EA089F18175CED7BE484E452EA8.d.0FAAC125BF80412D7F4421048DADE63F.e.15735/rect - {}
RESULT: {}
COMMAND: GET /session/3247b862f9661e1dad05ca414f9e55ea/window/rect - {}
RESULT: {}
COMMAND: POST /session/3247b862f9661e1dad05ca414f9e55ea/execute/sync - {"script":"<script> [92 bytes]","args":[]}
RESULT: {"script":"<script> [92 bytes]","args":[]}
COMMAND: POST /session/3247b862f9661e1dad05ca414f9e55ea/actions - {"actions":[{"id":"action53","type":"wheel","parameters":{},"actions":[{"type":"scroll","x":-869,"y":-24,"deltaX":0,"deltaY":0,"duration":0,"origin":{"element-6066-11e4-a52e-4f735466cecf":"f.BF6F4EA089F18175CED7BE484E452EA8.d.0FAAC125BF80412D7F4421048DADE63F.e.15735"}}]}]}
COMMAND: GET /session/3247b862f9661e1dad05ca414f9e55ea/screenshot - {}
RESULT: {"actions":[{"id":"action53","type":"wheel","parameters":{},"actions":[{"type":"scroll","x":-869,"y":-24,"deltaX":0,"deltaY":0,"duration":0,"origin":{"element-6066-11e4-a52e-4f735466cecf":"f.BF6F4EA089F18175CED7BE484E452EA8.d.0FAAC125BF80412D7F4421048DADE63F.e.15735"}}]}]}
COMMAND: DELETE /session/3247b862f9661e1dad05ca414f9e55ea/actions - {}
COMMAND: GET /session/3247b862f9661e1dad05ca414f9e55ea/screenshot - {}
RESULT: {}
RESULT: {}
COMMAND: GET /session/3247b862f9661e1dad05ca414f9e55ea/screenshot - {}
RESULT: {}
RESULT: {}
COMMAND: POST /session/3247b862f9661e1dad05ca414f9e55ea/element/f.BF6F4EA089F18175CED7BE484E452EA8.d.0FAAC125BF80412D7F4421048DADE63F.e.15735/click - {}
RESULT: {}
COMMAND: GET /session/3247b862f9661e1dad05ca414f9e55ea/screenshot - {}
RESULT: {}
COMMAND: POST /session/3247b862f9661e1dad05ca414f9e55ea/execute/async - {"script":"<script> [1562 bytes]","args":[{"selector":{"controlType":"sap.m.SearchField","properties":{"placeholder":"Search"},"searchOpenDialogs":true,"interaction":{"idSuffix":"I"}},"wdio_ui5_key":"sapm.SearchField{\"placeholder\":\"Search\"}"}]}
RESULT: {"script":"<script> [1562 bytes]","args":[{"selector":{"controlType":"sap.m.SearchField","properties":{"placeholder":"Search"},"searchOpenDialogs":true,"interaction":{"idSuffix":"I"}},"wdio_ui5_key":"sapm.SearchField{\"placeholder\":\"Search\"}"}]}
RESULT: undefined
COMMAND: POST /session/3247b862f9661e1dad05ca414f9e55ea/execute/async - {"script":"<script> [776 bytes]","args":[{"enterText":"4000360","selector":{"controlType":"sap.m.SearchField","properties":{"placeholder":"Search"},"searchOpenDialogs":true,"interaction":{"idSuffix":"I"}},"clearTextFirst":true,"interactionType":"ENTER_TEXT"}]}
RESULT: {"script":"<script> [776 bytes]","args":[{"enterText":"4000360","selector":{"controlType":"sap.m.SearchField","properties":{"placeholder":"Search"},"searchOpenDialogs":true,"interaction":{"idSuffix":"I"}},"clearTextFirst":true,"interactionType":"ENTER_TEXT"}]}
COMMAND: POST /session/3247b862f9661e1dad05ca414f9e55ea/actions - {"actions":[{"id":"action54","type":"key","parameters":{},"actions":[{"type":"keyDown","value":"î€‡"},{"type":"pause","duration":10},{"type":"keyUp","value":"î€‡"}]}]}
RESULT: {"actions":[{"id":"action54","type":"key","parameters":{},"actions":[{"type":"keyDown","value":"î€‡"},{"type":"pause","duration":10},{"type":"keyUp","value":"î€‡"}]}]}
COMMAND: GET /session/3247b862f9661e1dad05ca414f9e55ea/screenshot - {}
RESULT: {}
COMMAND: POST /session/3247b862f9661e1dad05ca414f9e55ea/element - {"using":"xpath","value":"//td/div/span[contains(text(), \"BGL Vehicles\")]"}
RESULT: {"using":"xpath","value":"//td/div/span[contains(text(), \"BGL Vehicles\")]"}
COMMAND: POST /session/3247b862f9661e1dad05ca414f9e55ea/element/f.BF6F4EA089F18175CED7BE484E452EA8.d.0FAAC125BF80412D7F4421048DADE63F.e.15756/click - {}
RESULT: {}
COMMAND: GET /session/3247b862f9661e1dad05ca414f9e55ea/screenshot - {}
RESULT: {}
COMMAND: POST /session/3247b862f9661e1dad05ca414f9e55ea/element - {"using":"xpath","value":"//bdi[contains(text(), \"OK\")]"}
RESULT: {"using":"xpath","value":"//bdi[contains(text(), \"OK\")]"}
COMMAND: POST /session/3247b862f9661e1dad05ca414f9e55ea/element/f.BF6F4EA089F18175CED7BE484E452EA8.d.0FAAC125BF80412D7F4421048DADE63F.e.15757/click - {}
RESULT: {}
COMMAND: GET /session/3247b862f9661e1dad05ca414f9e55ea/screenshot - {}
RESULT: {}
COMMAND: POST /session/3247b862f9661e1dad05ca414f9e55ea/execute/async - {"script":"<script> [1562 bytes]","args":[{"selector":{"id":"application-manageresources-display-component---newResourceUnit--newRRUPage-anchBar-application-manageresources-display-component---newResourceUnit--resource-anchor","interaction":{"idSuffix":"BDI-content"}},"wdio_ui5_key":"applicationmanageresources-display-component---newResourceUnit--newRRUPage-anchBar-application-manageresources-display-component---newResourceUnit--resource-anchor"}]}
RESULT: {"script":"<script> [1562 bytes]","args":[{"selector":{"id":"application-manageresources-display-component---newResourceUnit--newRRUPage-anchBar-application-manageresources-display-component---newResourceUnit--resource-anchor","interaction":{"idSuffix":"BDI-content"}},"wdio_ui5_key":"applicationmanageresources-display-component---newResourceUnit--newRRUPage-anchBar-application-manageresources-display-component---newResourceUnit--resource-anchor"}]}
RESULT: undefined
COMMAND: POST /session/3247b862f9661e1dad05ca414f9e55ea/element - {"using":"xpath","value":"//*[@id=\"application-manageresources-display-component---newResourceUnit--newRRUPage-anchBar-application-manageresources-display-component---newResourceUnit--resource-anchor\"]"}
RESULT: {"using":"xpath","value":"//*[@id=\"application-manageresources-display-component---newResourceUnit--newRRUPage-anchBar-application-manageresources-display-component---newResourceUnit--resource-anchor\"]"}
COMMAND: POST /session/3247b862f9661e1dad05ca414f9e55ea/element/f.BF6F4EA089F18175CED7BE484E452EA8.d.0FAAC125BF80412D7F4421048DADE63F.e.15761/click - {}
RESULT: {}
COMMAND: POST /session/3247b862f9661e1dad05ca414f9e55ea/execute/async - {"script":"<script> [1562 bytes]","args":[{"selector":{"id":"application-manageresources-display-component---newResourceUnit--PLANNED_DELIVERY_DATE","interaction":{"idSuffix":"inner"}},"wdio_ui5_key":"applicationmanageresources-display-component---newResourceUnit--PLANNED_DELIVERY_DATE"}]}
COMMAND: GET /session/3247b862f9661e1dad05ca414f9e55ea/screenshot - {}
RESULT: {"script":"<script> [1562 bytes]","args":[{"selector":{"id":"application-manageresources-display-component---newResourceUnit--PLANNED_DELIVERY_DATE","interaction":{"idSuffix":"inner"}},"wdio_ui5_key":"applicationmanageresources-display-component---newResourceUnit--PLANNED_DELIVERY_DATE"}]}
RESULT: undefined
COMMAND: POST /session/3247b862f9661e1dad05ca414f9e55ea/execute/async - {"script":"<script> [6424 bytes]","args":[{"element-6066-11e4-a52e-4f735466cecf":"f.BF6F4EA089F18175CED7BE484E452EA8.d.0FAAC125BF80412D7F4421048DADE63F.e.15623"},"setValue",["5/20/25"]]}
RESULT: {}
RESULT: {"script":"<script> [6424 bytes]","args":[{"element-6066-11e4-a52e-4f735466cecf":"f.BF6F4EA089F18175CED7BE484E452EA8.d.0FAAC125BF80412D7F4421048DADE63F.e.15623"},"setValue",["5/20/25"]]}
COMMAND: POST /session/3247b862f9661e1dad05ca414f9e55ea/element - {"using":"xpath","value":"//label[contains(@class, 'sapMLabelRequired') and .//bdi[contains(text(), 'Planned Retirement')]]"}
RESULT: {"using":"xpath","value":"//label[contains(@class, 'sapMLabelRequired') and .//bdi[contains(text(), 'Planned Retirement')]]"}
COMMAND: POST /session/3247b862f9661e1dad05ca414f9e55ea/elements - {"using":"xpath","value":"//label[contains(@class, 'sapMLabelRequired') and .//bdi[contains(text(), 'Planned Retirement')]]"}
RESULT: {"using":"xpath","value":"//label[contains(@class, 'sapMLabelRequired') and .//bdi[contains(text(), 'Planned Retirement')]]"}
COMMAND: POST /session/3247b862f9661e1dad05ca414f9e55ea/element - {"using":"xpath","value":"//button[@data-kt=\"resourceUnitSaveButton\"]"}
RESULT: {"using":"xpath","value":"//button[@data-kt=\"resourceUnitSaveButton\"]"}
COMMAND: POST /session/3247b862f9661e1dad05ca414f9e55ea/element/f.BF6F4EA089F18175CED7BE484E452EA8.d.0FAAC125BF80412D7F4421048DADE63F.e.15584/click - {}
RESULT: {}
COMMAND: GET /session/3247b862f9661e1dad05ca414f9e55ea/screenshot - {}
RESULT: {}
COMMAND: POST /session/3247b862f9661e1dad05ca414f9e55ea/element - {"using":"xpath","value":"//bdi[contains(text(), \"Close\")]"}
RESULT: {"using":"xpath","value":"//bdi[contains(text(), \"Close\")]"}
COMMAND: POST /session/3247b862f9661e1dad05ca414f9e55ea/element/f.BF6F4EA089F18175CED7BE484E452EA8.d.0FAAC125BF80412D7F4421048DADE63F.e.15769/click - {}
RESULT: {}
COMMAND: GET /session/3247b862f9661e1dad05ca414f9e55ea/screenshot - {}
RESULT: {}
COMMAND: POST /session/3247b862f9661e1dad05ca414f9e55ea/element - {"using":"xpath","value":"(//button[contains(@id ,\"actionsToolbar-overflowButton\")])[1]"}
RESULT: {"using":"xpath","value":"(//button[contains(@id ,\"actionsToolbar-overflowButton\")])[1]"}
COMMAND: POST /session/3247b862f9661e1dad05ca414f9e55ea/element/f.BF6F4EA089F18175CED7BE484E452EA8.d.0FAAC125BF80412D7F4421048DADE63F.e.15822/click - {}
RESULT: {}
COMMAND: GET /session/3247b862f9661e1dad05ca414f9e55ea/screenshot - {}
RESULT: {}
COMMAND: POST /session/3247b862f9661e1dad05ca414f9e55ea/element - {"using":"xpath","value":"//button[@data-kt=\"priceInfoButton\"]"}
RESULT: {"using":"xpath","value":"//button[@data-kt=\"priceInfoButton\"]"}
COMMAND: POST /session/3247b862f9661e1dad05ca414f9e55ea/element/f.BF6F4EA089F18175CED7BE484E452EA8.d.0FAAC125BF80412D7F4421048DADE63F.e.15824/click - {}
RESULT: {}
COMMAND: GET /session/3247b862f9661e1dad05ca414f9e55ea/screenshot - {}
RESULT: {}
]]></system-out>
    </testcase>
    <testcase classname="chrome.136_0_7103_93.windows.Performance_based_billing_(work_days)_US139742" name="Should create a pricing rule perf based on the equipment" time="48.357">
      <system-out><![CDATA[
COMMAND: POST /session/3247b862f9661e1dad05ca414f9e55ea/element - {"using":"xpath","value":"//button[@data-kt=\"addButton\"]"}
RESULT: {"using":"xpath","value":"//button[@data-kt=\"addButton\"]"}
COMMAND: POST /session/3247b862f9661e1dad05ca414f9e55ea/elements - {"using":"xpath","value":"//button[@data-kt=\"addButton\"]"}
RESULT: {"using":"xpath","value":"//button[@data-kt=\"addButton\"]"}
COMMAND: POST /session/3247b862f9661e1dad05ca414f9e55ea/elements - {"using":"xpath","value":"//button[@data-kt=\"addButton\"]"}
RESULT: {"using":"xpath","value":"//button[@data-kt=\"addButton\"]"}
COMMAND: POST /session/3247b862f9661e1dad05ca414f9e55ea/element - {"using":"xpath","value":"//button[@data-kt=\"addButton\"]"}
RESULT: {"using":"xpath","value":"//button[@data-kt=\"addButton\"]"}
COMMAND: POST /session/3247b862f9661e1dad05ca414f9e55ea/execute/sync - {"script":"<script> [8489 bytes]","args":[{"element-6066-11e4-a52e-4f735466cecf":"f.BF6F4EA089F18175CED7BE484E452EA8.d.0FAAC125BF80412D7F4421048DADE63F.e.15860","ELEMENT":"f.BF6F4EA089F18175CED7BE484E452EA8.d.0FAAC125BF80412D7F4421048DADE63F.e.15860"}]}
RESULT: {"script":"<script> [8489 bytes]","args":[{"element-6066-11e4-a52e-4f735466cecf":"f.BF6F4EA089F18175CED7BE484E452EA8.d.0FAAC125BF80412D7F4421048DADE63F.e.15860","ELEMENT":"f.BF6F4EA089F18175CED7BE484E452EA8.d.0FAAC125BF80412D7F4421048DADE63F.e.15860"}]}
COMMAND: GET /session/3247b862f9661e1dad05ca414f9e55ea/element/f.BF6F4EA089F18175CED7BE484E452EA8.d.0FAAC125BF80412D7F4421048DADE63F.e.15860/enabled - {}
COMMAND: GET /session/3247b862f9661e1dad05ca414f9e55ea/screenshot - {}
RESULT: {}
COMMAND: POST /session/3247b862f9661e1dad05ca414f9e55ea/execute/sync - {"script":"<script> [8489 bytes]","args":[{"element-6066-11e4-a52e-4f735466cecf":"f.BF6F4EA089F18175CED7BE484E452EA8.d.0FAAC125BF80412D7F4421048DADE63F.e.15860","ELEMENT":"f.BF6F4EA089F18175CED7BE484E452EA8.d.0FAAC125BF80412D7F4421048DADE63F.e.15860"}]}
COMMAND: GET /session/3247b862f9661e1dad05ca414f9e55ea/screenshot - {}
RESULT: {}
RESULT: {"script":"<script> [8489 bytes]","args":[{"element-6066-11e4-a52e-4f735466cecf":"f.BF6F4EA089F18175CED7BE484E452EA8.d.0FAAC125BF80412D7F4421048DADE63F.e.15860","ELEMENT":"f.BF6F4EA089F18175CED7BE484E452EA8.d.0FAAC125BF80412D7F4421048DADE63F.e.15860"}]}
COMMAND: POST /session/3247b862f9661e1dad05ca414f9e55ea/execute/sync - {"script":"<script> [5351 bytes]","args":[{"element-6066-11e4-a52e-4f735466cecf":"f.BF6F4EA089F18175CED7BE484E452EA8.d.0FAAC125BF80412D7F4421048DADE63F.e.15860","ELEMENT":"f.BF6F4EA089F18175CED7BE484E452EA8.d.0FAAC125BF80412D7F4421048DADE63F.e.15860"}]}
COMMAND: GET /session/3247b862f9661e1dad05ca414f9e55ea/screenshot - {}
RESULT: {}
RESULT: {"script":"<script> [5351 bytes]","args":[{"element-6066-11e4-a52e-4f735466cecf":"f.BF6F4EA089F18175CED7BE484E452EA8.d.0FAAC125BF80412D7F4421048DADE63F.e.15860","ELEMENT":"f.BF6F4EA089F18175CED7BE484E452EA8.d.0FAAC125BF80412D7F4421048DADE63F.e.15860"}]}
COMMAND: POST /session/3247b862f9661e1dad05ca414f9e55ea/element/f.BF6F4EA089F18175CED7BE484E452EA8.d.0FAAC125BF80412D7F4421048DADE63F.e.15860/click - {}
COMMAND: GET /session/3247b862f9661e1dad05ca414f9e55ea/screenshot - {}
RESULT: {}
RESULT: {}
COMMAND: GET /session/3247b862f9661e1dad05ca414f9e55ea/screenshot - {}
RESULT: {}
RESULT: {}
COMMAND: POST /session/3247b862f9661e1dad05ca414f9e55ea/execute/async - {"script":"<script> [1562 bytes]","args":[{"selector":{"controlType":"sap.m.Title","viewName":"etm.portal.ui.managepricingrules.view.NewItem","viewId":"application-managepricingrules-display-component---newInfoPriceItem","properties":{"text":"New Pricing Rules - Item Level"}},"wdio_ui5_key":"etmportal.ui.managepricingrules.view.NewItemsap.m.Title{\"text\":\"New Pricing Rules - Item Level\"}"}]}
RESULT: {"script":"<script> [1562 bytes]","args":[{"selector":{"controlType":"sap.m.Title","viewName":"etm.portal.ui.managepricingrules.view.NewItem","viewId":"application-managepricingrules-display-component---newInfoPriceItem","properties":{"text":"New Pricing Rules - Item Level"}},"wdio_ui5_key":"etmportal.ui.managepricingrules.view.NewItemsap.m.Title{\"text\":\"New Pricing Rules - Item Level\"}"}]}
RESULT: undefined
COMMAND: POST /session/3247b862f9661e1dad05ca414f9e55ea/execute/async - {"script":"<script> [6424 bytes]","args":[{"element-6066-11e4-a52e-4f735466cecf":"f.BF6F4EA089F18175CED7BE484E452EA8.d.0FAAC125BF80412D7F4421048DADE63F.e.16031"},"getText",[]]}
RESULT: {"script":"<script> [6424 bytes]","args":[{"element-6066-11e4-a52e-4f735466cecf":"f.BF6F4EA089F18175CED7BE484E452EA8.d.0FAAC125BF80412D7F4421048DADE63F.e.16031"},"getText",[]]}
COMMAND: POST /session/3247b862f9661e1dad05ca414f9e55ea/execute/async - {"script":"<script> [1562 bytes]","args":[{"selector":{"id":"application-managepricingrules-display-component---newInfoPriceItem--condValidTo","interaction":{"idSuffix":"inner"}},"wdio_ui5_key":"applicationmanagepricingrules-display-component---newInfoPriceItem--condValidTo"}]}
RESULT: {"script":"<script> [1562 bytes]","args":[{"selector":{"id":"application-managepricingrules-display-component---newInfoPriceItem--condValidTo","interaction":{"idSuffix":"inner"}},"wdio_ui5_key":"applicationmanagepricingrules-display-component---newInfoPriceItem--condValidTo"}]}
RESULT: undefined
COMMAND: POST /session/3247b862f9661e1dad05ca414f9e55ea/execute/async - {"script":"<script> [776 bytes]","args":[{"enterText":"1/20/26","selector":{"id":"application-managepricingrules-display-component---newInfoPriceItem--condValidTo","interaction":{"idSuffix":"inner"}},"clearTextFirst":true,"interactionType":"ENTER_TEXT"}]}
RESULT: {"script":"<script> [776 bytes]","args":[{"enterText":"1/20/26","selector":{"id":"application-managepricingrules-display-component---newInfoPriceItem--condValidTo","interaction":{"idSuffix":"inner"}},"clearTextFirst":true,"interactionType":"ENTER_TEXT"}]}
COMMAND: POST /session/3247b862f9661e1dad05ca414f9e55ea/execute/async - {"script":"<script> [1562 bytes]","args":[{"selector":{"id":"application-managepricingrules-display-component---newInfoPriceItem--billType-arrow"},"wdio_ui5_key":"applicationmanagepricingrules-display-component---newInfoPriceItem--billType-arrow"}]}
RESULT: {"script":"<script> [1562 bytes]","args":[{"selector":{"id":"application-managepricingrules-display-component---newInfoPriceItem--billType-arrow"},"wdio_ui5_key":"applicationmanagepricingrules-display-component---newInfoPriceItem--billType-arrow"}]}
RESULT: undefined
COMMAND: POST /session/3247b862f9661e1dad05ca414f9e55ea/element - {"using":"xpath","value":"//*[@id=\"application-managepricingrules-display-component---newInfoPriceItem--billType-arrow\"]"}
RESULT: {"using":"xpath","value":"//*[@id=\"application-managepricingrules-display-component---newInfoPriceItem--billType-arrow\"]"}
COMMAND: POST /session/3247b862f9661e1dad05ca414f9e55ea/element/f.BF6F4EA089F18175CED7BE484E452EA8.d.0FAAC125BF80412D7F4421048DADE63F.e.15989/click - {}
RESULT: {}
COMMAND: POST /session/3247b862f9661e1dad05ca414f9e55ea/element - {"using":"xpath","value":"//span[contains(text(), \"PB - Performance based\")]"}
COMMAND: GET /session/3247b862f9661e1dad05ca414f9e55ea/screenshot - {}
RESULT: {"using":"xpath","value":"//span[contains(text(), \"PB - Performance based\")]"}
COMMAND: POST /session/3247b862f9661e1dad05ca414f9e55ea/element/f.BF6F4EA089F18175CED7BE484E452EA8.d.0FAAC125BF80412D7F4421048DADE63F.e.16033/click - {}
RESULT: {}
RESULT: {}
COMMAND: POST /session/3247b862f9661e1dad05ca414f9e55ea/execute/async - {"script":"<script> [1562 bytes]","args":[{"selector":{"id":"application-managepricingrules-display-component---newInfoPriceItem--priceProc-arrow"},"wdio_ui5_key":"applicationmanagepricingrules-display-component---newInfoPriceItem--priceProc-arrow"}]}
COMMAND: GET /session/3247b862f9661e1dad05ca414f9e55ea/screenshot - {}
RESULT: {"script":"<script> [1562 bytes]","args":[{"selector":{"id":"application-managepricingrules-display-component---newInfoPriceItem--priceProc-arrow"},"wdio_ui5_key":"applicationmanagepricingrules-display-component---newInfoPriceItem--priceProc-arrow"}]}
RESULT: undefined
COMMAND: POST /session/3247b862f9661e1dad05ca414f9e55ea/element - {"using":"xpath","value":"//*[@id=\"application-managepricingrules-display-component---newInfoPriceItem--priceProc-arrow\"]"}
RESULT: {}
RESULT: {"using":"xpath","value":"//*[@id=\"application-managepricingrules-display-component---newInfoPriceItem--priceProc-arrow\"]"}
COMMAND: POST /session/3247b862f9661e1dad05ca414f9e55ea/element/f.BF6F4EA089F18175CED7BE484E452EA8.d.0FAAC125BF80412D7F4421048DADE63F.e.15996/click - {}
RESULT: {}
COMMAND: POST /session/3247b862f9661e1dad05ca414f9e55ea/element - {"using":"xpath","value":"//span[contains(text(), \"PRF - Performance based\")]"}
COMMAND: GET /session/3247b862f9661e1dad05ca414f9e55ea/screenshot - {}
RESULT: {"using":"xpath","value":"//span[contains(text(), \"PRF - Performance based\")]"}
COMMAND: POST /session/3247b862f9661e1dad05ca414f9e55ea/element/f.BF6F4EA089F18175CED7BE484E452EA8.d.0FAAC125BF80412D7F4421048DADE63F.e.16034/click - {}
RESULT: {}
RESULT: {}
COMMAND: POST /session/3247b862f9661e1dad05ca414f9e55ea/execute/async - {"script":"<script> [1562 bytes]","args":[{"selector":{"id":"application-managepricingrules-display-component---newInfoPriceItem--calcBase-arrow"},"wdio_ui5_key":"applicationmanagepricingrules-display-component---newInfoPriceItem--calcBase-arrow"}]}
COMMAND: GET /session/3247b862f9661e1dad05ca414f9e55ea/screenshot - {}
RESULT: {"script":"<script> [1562 bytes]","args":[{"selector":{"id":"application-managepricingrules-display-component---newInfoPriceItem--calcBase-arrow"},"wdio_ui5_key":"applicationmanagepricingrules-display-component---newInfoPriceItem--calcBase-arrow"}]}
RESULT: undefined
COMMAND: POST /session/3247b862f9661e1dad05ca414f9e55ea/element - {"using":"xpath","value":"//*[@id=\"application-managepricingrules-display-component---newInfoPriceItem--calcBase-arrow\"]"}
RESULT: {}
RESULT: {"using":"xpath","value":"//*[@id=\"application-managepricingrules-display-component---newInfoPriceItem--calcBase-arrow\"]"}
COMMAND: POST /session/3247b862f9661e1dad05ca414f9e55ea/element/f.BF6F4EA089F18175CED7BE484E452EA8.d.0FAAC125BF80412D7F4421048DADE63F.e.16003/click - {}
RESULT: {}
COMMAND: GET /session/3247b862f9661e1dad05ca414f9e55ea/screenshot - {}
RESULT: {}
COMMAND: POST /session/3247b862f9661e1dad05ca414f9e55ea/element - {"using":"xpath","value":"//span[contains(text(), \"0007 - PB(work days)\")]"}
RESULT: {"using":"xpath","value":"//span[contains(text(), \"0007 - PB(work days)\")]"}
COMMAND: POST /session/3247b862f9661e1dad05ca414f9e55ea/element/f.BF6F4EA089F18175CED7BE484E452EA8.d.0FAAC125BF80412D7F4421048DADE63F.e.16035/click - {}
RESULT: {}
COMMAND: GET /session/3247b862f9661e1dad05ca414f9e55ea/screenshot - {}
RESULT: {}
COMMAND: POST /session/3247b862f9661e1dad05ca414f9e55ea/execute/async - {"script":"<script> [1562 bytes]","args":[{"selector":{"id":"application-managepricingrules-display-component---newInfoPriceItem--hoursMonth","interaction":{"idSuffix":"inner"}},"wdio_ui5_key":"applicationmanagepricingrules-display-component---newInfoPriceItem--hoursMonth"}]}
RESULT: {"script":"<script> [1562 bytes]","args":[{"selector":{"id":"application-managepricingrules-display-component---newInfoPriceItem--hoursMonth","interaction":{"idSuffix":"inner"}},"wdio_ui5_key":"applicationmanagepricingrules-display-component---newInfoPriceItem--hoursMonth"}]}
RESULT: undefined
COMMAND: POST /session/3247b862f9661e1dad05ca414f9e55ea/execute/async - {"script":"<script> [776 bytes]","args":[{"enterText":"160","selector":{"id":"application-managepricingrules-display-component---newInfoPriceItem--hoursMonth","interaction":{"idSuffix":"inner"}},"clearTextFirst":true,"interactionType":"ENTER_TEXT"}]}
RESULT: {"script":"<script> [776 bytes]","args":[{"enterText":"160","selector":{"id":"application-managepricingrules-display-component---newInfoPriceItem--hoursMonth","interaction":{"idSuffix":"inner"}},"clearTextFirst":true,"interactionType":"ENTER_TEXT"}]}
COMMAND: POST /session/3247b862f9661e1dad05ca414f9e55ea/element - {"using":"xpath","value":"//button[@data-kt=\"saveNewRuleButton\"]"}
RESULT: {"using":"xpath","value":"//button[@data-kt=\"saveNewRuleButton\"]"}
COMMAND: POST /session/3247b862f9661e1dad05ca414f9e55ea/element/f.BF6F4EA089F18175CED7BE484E452EA8.d.0FAAC125BF80412D7F4421048DADE63F.e.16023/click - {}
RESULT: {}
COMMAND: GET /session/3247b862f9661e1dad05ca414f9e55ea/screenshot - {}
RESULT: {}
COMMAND: POST /session/3247b862f9661e1dad05ca414f9e55ea/execute/async - {"script":"<script> [1562 bytes]","args":[{"selector":{"id":"application-managepricingrules-display-component---priceInfoItem--smartFilterBar-btnBasicSearch","interaction":{"idSuffix":"I"}},"wdio_ui5_key":"applicationmanagepricingrules-display-component---priceInfoItem--smartFilterBar-btnBasicSearch"}]}
RESULT: {"script":"<script> [1562 bytes]","args":[{"selector":{"id":"application-managepricingrules-display-component---priceInfoItem--smartFilterBar-btnBasicSearch","interaction":{"idSuffix":"I"}},"wdio_ui5_key":"applicationmanagepricingrules-display-component---priceInfoItem--smartFilterBar-btnBasicSearch"}]}
RESULT: undefined
COMMAND: POST /session/3247b862f9661e1dad05ca414f9e55ea/execute/async - {"script":"<script> [776 bytes]","args":[{"enterText":"PgvVRfR9HT","selector":{"id":"application-managepricingrules-display-component---priceInfoItem--smartFilterBar-btnBasicSearch","interaction":{"idSuffix":"I"}},"clearTextFirst":true,"interactionType":"ENTER_TEXT"}]}
RESULT: {"script":"<script> [776 bytes]","args":[{"enterText":"PgvVRfR9HT","selector":{"id":"application-managepricingrules-display-component---priceInfoItem--smartFilterBar-btnBasicSearch","interaction":{"idSuffix":"I"}},"clearTextFirst":true,"interactionType":"ENTER_TEXT"}]}
COMMAND: POST /session/3247b862f9661e1dad05ca414f9e55ea/actions - {"actions":[{"id":"action55","type":"key","parameters":{},"actions":[{"type":"keyDown","value":"î€‡"},{"type":"pause","duration":10},{"type":"keyUp","value":"î€‡"}]}]}
RESULT: {"actions":[{"id":"action55","type":"key","parameters":{},"actions":[{"type":"keyDown","value":"î€‡"},{"type":"pause","duration":10},{"type":"keyUp","value":"î€‡"}]}]}
COMMAND: GET /session/3247b862f9661e1dad05ca414f9e55ea/screenshot - {}
RESULT: {}
COMMAND: POST /session/3247b862f9661e1dad05ca414f9e55ea/element - {"using":"xpath","value":"//span[@id=\"application-managepricingrules-display-component---priceInfoItem--smartTable-header-inner\"]"}
RESULT: {"using":"xpath","value":"//span[@id=\"application-managepricingrules-display-component---priceInfoItem--smartTable-header-inner\"]"}
COMMAND: POST /session/3247b862f9661e1dad05ca414f9e55ea/elements - {"using":"xpath","value":"//span[@id=\"application-managepricingrules-display-component---priceInfoItem--smartTable-header-inner\"]"}
RESULT: {"using":"xpath","value":"//span[@id=\"application-managepricingrules-display-component---priceInfoItem--smartTable-header-inner\"]"}
COMMAND: POST /session/3247b862f9661e1dad05ca414f9e55ea/execute/sync - {"script":"<script> [56 bytes]","args":[{"element-6066-11e4-a52e-4f735466cecf":"f.BF6F4EA089F18175CED7BE484E452EA8.d.0FAAC125BF80412D7F4421048DADE63F.e.16048","ELEMENT":"f.BF6F4EA089F18175CED7BE484E452EA8.d.0FAAC125BF80412D7F4421048DADE63F.e.16048"}]}
RESULT: {"script":"<script> [56 bytes]","args":[{"element-6066-11e4-a52e-4f735466cecf":"f.BF6F4EA089F18175CED7BE484E452EA8.d.0FAAC125BF80412D7F4421048DADE63F.e.16048","ELEMENT":"f.BF6F4EA089F18175CED7BE484E452EA8.d.0FAAC125BF80412D7F4421048DADE63F.e.16048"}]}
COMMAND: POST /session/3247b862f9661e1dad05ca414f9e55ea/element - {"using":"css selector","value":"#shell-header-logo"}
COMMAND: GET /session/3247b862f9661e1dad05ca414f9e55ea/screenshot - {}
RESULT: {"using":"css selector","value":"#shell-header-logo"}
COMMAND: POST /session/3247b862f9661e1dad05ca414f9e55ea/element/f.BF6F4EA089F18175CED7BE484E452EA8.d.0FAAC125BF80412D7F4421048DADE63F.e.15175/click - {}
RESULT: {}
RESULT: {}
COMMAND: GET /session/3247b862f9661e1dad05ca414f9e55ea/screenshot - {}
RESULT: {}
]]></system-out>
    </testcase>
    <testcase classname="chrome.136_0_7103_93.windows.Performance_based_billing_(work_days)_US139742" name="Should create a performance based billing condition on the equipment" time="69.094">
      <system-out><![CDATA[
COMMAND: POST /session/3247b862f9661e1dad05ca414f9e55ea/execute/async - {"script":"<script> [1562 bytes]","args":[{"selector":{"controlType":"sap.m.GenericTile","properties":{"header":"Manage Conditions & Prices"}},"wdio_ui5_key":"sapm.GenericTile{\"header\":\"Manage Conditions & Prices\"}"}]}
RESULT: {"script":"<script> [1562 bytes]","args":[{"selector":{"controlType":"sap.m.GenericTile","properties":{"header":"Manage Conditions & Prices"}},"wdio_ui5_key":"sapm.GenericTile{\"header\":\"Manage Conditions & Prices\"}"}]}
RESULT: undefined
COMMAND: POST /session/3247b862f9661e1dad05ca414f9e55ea/element - {"using":"xpath","value":"//*[@id=\"__tile53\"]"}
RESULT: {"using":"xpath","value":"//*[@id=\"__tile53\"]"}
COMMAND: POST /session/3247b862f9661e1dad05ca414f9e55ea/element/f.BF6F4EA089F18175CED7BE484E452EA8.d.0FAAC125BF80412D7F4421048DADE63F.e.15113/click - {}
RESULT: {}
COMMAND: GET /session/3247b862f9661e1dad05ca414f9e55ea/screenshot - {}
RESULT: {}
COMMAND: POST /session/3247b862f9661e1dad05ca414f9e55ea/elements - {"using":"xpath","value":"//span[text()='Error']"}
RESULT: {"using":"xpath","value":"//span[text()='Error']"}
COMMAND: POST /session/3247b862f9661e1dad05ca414f9e55ea/element - {"using":"xpath","value":"//button[@aria-label=\"Create\"]"}
RESULT: {"using":"xpath","value":"//button[@aria-label=\"Create\"]"}
COMMAND: POST /session/3247b862f9661e1dad05ca414f9e55ea/elements - {"using":"xpath","value":"//button[@aria-label=\"Create\"]"}
RESULT: {"using":"xpath","value":"//button[@aria-label=\"Create\"]"}
COMMAND: POST /session/3247b862f9661e1dad05ca414f9e55ea/execute/sync - {"script":"<script> [8489 bytes]","args":[{"element-6066-11e4-a52e-4f735466cecf":"f.BF6F4EA089F18175CED7BE484E452EA8.d.0FAAC125BF80412D7F4421048DADE63F.e.16083","ELEMENT":"f.BF6F4EA089F18175CED7BE484E452EA8.d.0FAAC125BF80412D7F4421048DADE63F.e.16083"}]}
RESULT: {"script":"<script> [8489 bytes]","args":[{"element-6066-11e4-a52e-4f735466cecf":"f.BF6F4EA089F18175CED7BE484E452EA8.d.0FAAC125BF80412D7F4421048DADE63F.e.16083","ELEMENT":"f.BF6F4EA089F18175CED7BE484E452EA8.d.0FAAC125BF80412D7F4421048DADE63F.e.16083"}]}
COMMAND: GET /session/3247b862f9661e1dad05ca414f9e55ea/element/f.BF6F4EA089F18175CED7BE484E452EA8.d.0FAAC125BF80412D7F4421048DADE63F.e.16083/enabled - {}
COMMAND: GET /session/3247b862f9661e1dad05ca414f9e55ea/screenshot - {}
RESULT: {}
COMMAND: POST /session/3247b862f9661e1dad05ca414f9e55ea/execute/sync - {"script":"<script> [8489 bytes]","args":[{"element-6066-11e4-a52e-4f735466cecf":"f.BF6F4EA089F18175CED7BE484E452EA8.d.0FAAC125BF80412D7F4421048DADE63F.e.16083","ELEMENT":"f.BF6F4EA089F18175CED7BE484E452EA8.d.0FAAC125BF80412D7F4421048DADE63F.e.16083"}]}
COMMAND: GET /session/3247b862f9661e1dad05ca414f9e55ea/screenshot - {}
RESULT: {}
RESULT: {"script":"<script> [8489 bytes]","args":[{"element-6066-11e4-a52e-4f735466cecf":"f.BF6F4EA089F18175CED7BE484E452EA8.d.0FAAC125BF80412D7F4421048DADE63F.e.16083","ELEMENT":"f.BF6F4EA089F18175CED7BE484E452EA8.d.0FAAC125BF80412D7F4421048DADE63F.e.16083"}]}
COMMAND: POST /session/3247b862f9661e1dad05ca414f9e55ea/execute/sync - {"script":"<script> [5351 bytes]","args":[{"element-6066-11e4-a52e-4f735466cecf":"f.BF6F4EA089F18175CED7BE484E452EA8.d.0FAAC125BF80412D7F4421048DADE63F.e.16083","ELEMENT":"f.BF6F4EA089F18175CED7BE484E452EA8.d.0FAAC125BF80412D7F4421048DADE63F.e.16083"}]}
COMMAND: GET /session/3247b862f9661e1dad05ca414f9e55ea/screenshot - {}
RESULT: {}
RESULT: {"script":"<script> [5351 bytes]","args":[{"element-6066-11e4-a52e-4f735466cecf":"f.BF6F4EA089F18175CED7BE484E452EA8.d.0FAAC125BF80412D7F4421048DADE63F.e.16083","ELEMENT":"f.BF6F4EA089F18175CED7BE484E452EA8.d.0FAAC125BF80412D7F4421048DADE63F.e.16083"}]}
COMMAND: POST /session/3247b862f9661e1dad05ca414f9e55ea/element/f.BF6F4EA089F18175CED7BE484E452EA8.d.0FAAC125BF80412D7F4421048DADE63F.e.16083/click - {}
COMMAND: GET /session/3247b862f9661e1dad05ca414f9e55ea/screenshot - {}
RESULT: {}
RESULT: {}
COMMAND: GET /session/3247b862f9661e1dad05ca414f9e55ea/screenshot - {}
RESULT: {}
RESULT: {}
COMMAND: POST /session/3247b862f9661e1dad05ca414f9e55ea/actions - {"actions":[{"id":"action56","type":"key","parameters":{},"actions":[{"type":"keyDown","value":"î€‡"},{"type":"pause","duration":10},{"type":"keyUp","value":"î€‡"}]}]}
RESULT: {"actions":[{"id":"action56","type":"key","parameters":{},"actions":[{"type":"keyDown","value":"î€‡"},{"type":"pause","duration":10},{"type":"keyUp","value":"î€‡"}]}]}
COMMAND: GET /session/3247b862f9661e1dad05ca414f9e55ea/screenshot - {}
RESULT: {}
COMMAND: POST /session/3247b862f9661e1dad05ca414f9e55ea/execute/async - {"script":"<script> [1562 bytes]","args":[{"selector":{"id":"application-manageconditionprice-display-component---newCondition--condBillCond-arrow"},"wdio_ui5_key":"applicationmanageconditionprice-display-component---newCondition--condBillCond-arrow"}]}
RESULT: {"script":"<script> [1562 bytes]","args":[{"selector":{"id":"application-manageconditionprice-display-component---newCondition--condBillCond-arrow"},"wdio_ui5_key":"applicationmanageconditionprice-display-component---newCondition--condBillCond-arrow"}]}
RESULT: undefined
COMMAND: POST /session/3247b862f9661e1dad05ca414f9e55ea/element - {"using":"xpath","value":"//*[@id=\"application-manageconditionprice-display-component---newCondition--condBillCond-arrow\"]"}
RESULT: {"using":"xpath","value":"//*[@id=\"application-manageconditionprice-display-component---newCondition--condBillCond-arrow\"]"}
COMMAND: POST /session/3247b862f9661e1dad05ca414f9e55ea/element/f.BF6F4EA089F18175CED7BE484E452EA8.d.0FAAC125BF80412D7F4421048DADE63F.e.16260/click - {}
RESULT: {}
COMMAND: GET /session/3247b862f9661e1dad05ca414f9e55ea/screenshot - {}
RESULT: {}
COMMAND: POST /session/3247b862f9661e1dad05ca414f9e55ea/element - {"using":"xpath","value":"//li[.//span[contains(text(), \"PC06 - Performance Price - fuel\")]]"}
RESULT: {"using":"xpath","value":"//li[.//span[contains(text(), \"PC06 - Performance Price - fuel\")]]"}
COMMAND: POST /session/3247b862f9661e1dad05ca414f9e55ea/element/f.BF6F4EA089F18175CED7BE484E452EA8.d.0FAAC125BF80412D7F4421048DADE63F.e.16263/click - {}
RESULT: {}
COMMAND: GET /session/3247b862f9661e1dad05ca414f9e55ea/screenshot - {}
RESULT: {}
COMMAND: POST /session/3247b862f9661e1dad05ca414f9e55ea/execute/async - {"script":"<script> [1562 bytes]","args":[{"selector":{"id":"application-manageconditionprice-display-component---newCondition--condValidTo","interaction":{"idSuffix":"inner"}},"wdio_ui5_key":"applicationmanageconditionprice-display-component---newCondition--condValidTo"}]}
RESULT: {"script":"<script> [1562 bytes]","args":[{"selector":{"id":"application-manageconditionprice-display-component---newCondition--condValidTo","interaction":{"idSuffix":"inner"}},"wdio_ui5_key":"applicationmanageconditionprice-display-component---newCondition--condValidTo"}]}
RESULT: undefined
COMMAND: POST /session/3247b862f9661e1dad05ca414f9e55ea/execute/async - {"script":"<script> [776 bytes]","args":[{"enterText":"1/20/26","selector":{"id":"application-manageconditionprice-display-component---newCondition--condValidTo","interaction":{"idSuffix":"inner"}},"clearTextFirst":true,"interactionType":"ENTER_TEXT"}]}
RESULT: {"script":"<script> [776 bytes]","args":[{"enterText":"1/20/26","selector":{"id":"application-manageconditionprice-display-component---newCondition--condValidTo","interaction":{"idSuffix":"inner"}},"clearTextFirst":true,"interactionType":"ENTER_TEXT"}]}
COMMAND: POST /session/3247b862f9661e1dad05ca414f9e55ea/element - {"using":"xpath","value":"//input[@id=\"application-manageconditionprice-display-component---newCondition--condRU-inner\"]"}
RESULT: {"using":"xpath","value":"//input[@id=\"application-manageconditionprice-display-component---newCondition--condRU-inner\"]"}
COMMAND: POST /session/3247b862f9661e1dad05ca414f9e55ea/element/f.BF6F4EA089F18175CED7BE484E452EA8.d.0FAAC125BF80412D7F4421048DADE63F.e.16124/clear - {}
RESULT: {}
COMMAND: POST /session/3247b862f9661e1dad05ca414f9e55ea/element/f.BF6F4EA089F18175CED7BE484E452EA8.d.0FAAC125BF80412D7F4421048DADE63F.e.16124/value - {"text":"PgvVRfR9HT"}
COMMAND: GET /session/3247b862f9661e1dad05ca414f9e55ea/screenshot - {}
RESULT: {"text":"PgvVRfR9HT"}
COMMAND: GET /session/3247b862f9661e1dad05ca414f9e55ea/screenshot - {}
RESULT: {}
RESULT: {}
COMMAND: POST /session/3247b862f9661e1dad05ca414f9e55ea/actions - {"actions":[{"id":"action57","type":"key","parameters":{},"actions":[{"type":"keyDown","value":"î€‡"},{"type":"pause","duration":10},{"type":"keyUp","value":"î€‡"}]}]}
RESULT: {"actions":[{"id":"action57","type":"key","parameters":{},"actions":[{"type":"keyDown","value":"î€‡"},{"type":"pause","duration":10},{"type":"keyUp","value":"î€‡"}]}]}
COMMAND: POST /session/3247b862f9661e1dad05ca414f9e55ea/execute/async - {"script":"<script> [1562 bytes]","args":[{"selector":{"id":"application-manageconditionprice-display-component---newCondition--condBaseQty","interaction":{"idSuffix":"inner"}},"wdio_ui5_key":"applicationmanageconditionprice-display-component---newCondition--condBaseQty"}]}
COMMAND: GET /session/3247b862f9661e1dad05ca414f9e55ea/screenshot - {}
RESULT: {"script":"<script> [1562 bytes]","args":[{"selector":{"id":"application-manageconditionprice-display-component---newCondition--condBaseQty","interaction":{"idSuffix":"inner"}},"wdio_ui5_key":"applicationmanageconditionprice-display-component---newCondition--condBaseQty"}]}
RESULT: undefined
COMMAND: POST /session/3247b862f9661e1dad05ca414f9e55ea/execute/async - {"script":"<script> [776 bytes]","args":[{"enterText":"1","selector":{"id":"application-manageconditionprice-display-component---newCondition--condBaseQty","interaction":{"idSuffix":"inner"}},"clearTextFirst":true,"interactionType":"ENTER_TEXT"}]}
RESULT: {}
RESULT: {"script":"<script> [776 bytes]","args":[{"enterText":"1","selector":{"id":"application-manageconditionprice-display-component---newCondition--condBaseQty","interaction":{"idSuffix":"inner"}},"clearTextFirst":true,"interactionType":"ENTER_TEXT"}]}
COMMAND: POST /session/3247b862f9661e1dad05ca414f9e55ea/execute/async - {"script":"<script> [1562 bytes]","args":[{"selector":{"id":"application-manageconditionprice-display-component---newCondition--condValue","interaction":{"idSuffix":"inner"}},"wdio_ui5_key":"applicationmanageconditionprice-display-component---newCondition--condValue"}]}
RESULT: {"script":"<script> [1562 bytes]","args":[{"selector":{"id":"application-manageconditionprice-display-component---newCondition--condValue","interaction":{"idSuffix":"inner"}},"wdio_ui5_key":"applicationmanageconditionprice-display-component---newCondition--condValue"}]}
RESULT: undefined
COMMAND: POST /session/3247b862f9661e1dad05ca414f9e55ea/execute/async - {"script":"<script> [776 bytes]","args":[{"enterText":"10","selector":{"id":"application-manageconditionprice-display-component---newCondition--condValue","interaction":{"idSuffix":"inner"}},"clearTextFirst":true,"interactionType":"ENTER_TEXT"}]}
RESULT: {"script":"<script> [776 bytes]","args":[{"enterText":"10","selector":{"id":"application-manageconditionprice-display-component---newCondition--condValue","interaction":{"idSuffix":"inner"}},"clearTextFirst":true,"interactionType":"ENTER_TEXT"}]}
COMMAND: POST /session/3247b862f9661e1dad05ca414f9e55ea/execute/async - {"script":"<script> [1562 bytes]","args":[{"selector":{"id":"application-manageconditionprice-display-component---newCondition--condCurr-arrow"},"wdio_ui5_key":"applicationmanageconditionprice-display-component---newCondition--condCurr-arrow"}]}
RESULT: {"script":"<script> [1562 bytes]","args":[{"selector":{"id":"application-manageconditionprice-display-component---newCondition--condCurr-arrow"},"wdio_ui5_key":"applicationmanageconditionprice-display-component---newCondition--condCurr-arrow"}]}
RESULT: undefined
COMMAND: POST /session/3247b862f9661e1dad05ca414f9e55ea/element - {"using":"xpath","value":"//*[@id=\"application-manageconditionprice-display-component---newCondition--condCurr-arrow\"]"}
RESULT: {"using":"xpath","value":"//*[@id=\"application-manageconditionprice-display-component---newCondition--condCurr-arrow\"]"}
COMMAND: POST /session/3247b862f9661e1dad05ca414f9e55ea/element/f.BF6F4EA089F18175CED7BE484E452EA8.d.0FAAC125BF80412D7F4421048DADE63F.e.16240/click - {}
RESULT: {}
COMMAND: POST /session/3247b862f9661e1dad05ca414f9e55ea/element - {"using":"xpath","value":"//span[contains(text(), \"Euro\")]"}
COMMAND: GET /session/3247b862f9661e1dad05ca414f9e55ea/screenshot - {}
RESULT: {"using":"xpath","value":"//span[contains(text(), \"Euro\")]"}
COMMAND: POST /session/3247b862f9661e1dad05ca414f9e55ea/element/f.BF6F4EA089F18175CED7BE484E452EA8.d.0FAAC125BF80412D7F4421048DADE63F.e.16298/click - {}
RESULT: {}
RESULT: {}
COMMAND: POST /session/3247b862f9661e1dad05ca414f9e55ea/element - {"using":"xpath","value":"//button[@data-kt=\"saveButton\"]"}
COMMAND: GET /session/3247b862f9661e1dad05ca414f9e55ea/screenshot - {}
RESULT: {"using":"xpath","value":"//button[@data-kt=\"saveButton\"]"}
COMMAND: POST /session/3247b862f9661e1dad05ca414f9e55ea/element/f.BF6F4EA089F18175CED7BE484E452EA8.d.0FAAC125BF80412D7F4421048DADE63F.e.16241/click - {}
RESULT: {}
RESULT: {}
COMMAND: GET /session/3247b862f9661e1dad05ca414f9e55ea/screenshot - {}
RESULT: {}
COMMAND: POST /session/3247b862f9661e1dad05ca414f9e55ea/execute/async - {"script":"<script> [1562 bytes]","args":[{"selector":{"id":"application-manageconditionprice-display-component---conditions--smartFilterBar-btnBasicSearch","interaction":{"idSuffix":"I"}},"wdio_ui5_key":"applicationmanageconditionprice-display-component---conditions--smartFilterBar-btnBasicSearch"}]}
RESULT: {"script":"<script> [1562 bytes]","args":[{"selector":{"id":"application-manageconditionprice-display-component---conditions--smartFilterBar-btnBasicSearch","interaction":{"idSuffix":"I"}},"wdio_ui5_key":"applicationmanageconditionprice-display-component---conditions--smartFilterBar-btnBasicSearch"}]}
RESULT: undefined
COMMAND: POST /session/3247b862f9661e1dad05ca414f9e55ea/execute/async - {"script":"<script> [776 bytes]","args":[{"enterText":"PgvVRfR9HT","selector":{"id":"application-manageconditionprice-display-component---conditions--smartFilterBar-btnBasicSearch","interaction":{"idSuffix":"I"}},"clearTextFirst":true,"interactionType":"ENTER_TEXT"}]}
RESULT: {"script":"<script> [776 bytes]","args":[{"enterText":"PgvVRfR9HT","selector":{"id":"application-manageconditionprice-display-component---conditions--smartFilterBar-btnBasicSearch","interaction":{"idSuffix":"I"}},"clearTextFirst":true,"interactionType":"ENTER_TEXT"}]}
COMMAND: POST /session/3247b862f9661e1dad05ca414f9e55ea/actions - {"actions":[{"id":"action58","type":"key","parameters":{},"actions":[{"type":"keyDown","value":"î€‡"},{"type":"pause","duration":10},{"type":"keyUp","value":"î€‡"}]}]}
RESULT: {"actions":[{"id":"action58","type":"key","parameters":{},"actions":[{"type":"keyDown","value":"î€‡"},{"type":"pause","duration":10},{"type":"keyUp","value":"î€‡"}]}]}
COMMAND: GET /session/3247b862f9661e1dad05ca414f9e55ea/screenshot - {}
RESULT: {}
COMMAND: POST /session/3247b862f9661e1dad05ca414f9e55ea/execute/async - {"script":"<script> [1562 bytes]","args":[{"selector":{"id":"application-manageconditionprice-display-component---conditions--smartFilterBar-filterItemControl_BASIC-BILL_TYPES-vhi"},"wdio_ui5_key":"applicationmanageconditionprice-display-component---conditions--smartFilterBar-filterItemControl_BASIC-BILL_TYPES-vhi"}]}
RESULT: {"script":"<script> [1562 bytes]","args":[{"selector":{"id":"application-manageconditionprice-display-component---conditions--smartFilterBar-filterItemControl_BASIC-BILL_TYPES-vhi"},"wdio_ui5_key":"applicationmanageconditionprice-display-component---conditions--smartFilterBar-filterItemControl_BASIC-BILL_TYPES-vhi"}]}
RESULT: undefined
COMMAND: POST /session/3247b862f9661e1dad05ca414f9e55ea/element - {"using":"xpath","value":"//*[@id=\"application-manageconditionprice-display-component---conditions--smartFilterBar-filterItemControl_BASIC-BILL_TYPES-vhi\"]"}
RESULT: {"using":"xpath","value":"//*[@id=\"application-manageconditionprice-display-component---conditions--smartFilterBar-filterItemControl_BASIC-BILL_TYPES-vhi\"]"}
COMMAND: POST /session/3247b862f9661e1dad05ca414f9e55ea/element/f.BF6F4EA089F18175CED7BE484E452EA8.d.0FAAC125BF80412D7F4421048DADE63F.e.16314/click - {}
RESULT: {}
COMMAND: POST /session/3247b862f9661e1dad05ca414f9e55ea/execute/async - {"script":"<script> [1562 bytes]","args":[{"selector":{"id":"application-manageconditionprice-display-component---conditions--smartFilterBar-filterItemControl_BASIC-BILL_TYPES-valueHelpDialog-smartFilterBar-btnBasicSearch","searchOpenDialogs":true,"interaction":{"idSuffix":"I"}},"wdio_ui5_key":"applicationmanageconditionprice-display-component---conditions--smartFilterBar-filterItemControl_BASIC-BILL_TYPES-valueHelpDialog-smartFilterBar-btnBasicSearch"}]}
COMMAND: GET /session/3247b862f9661e1dad05ca414f9e55ea/screenshot - {}
RESULT: {"script":"<script> [1562 bytes]","args":[{"selector":{"id":"application-manageconditionprice-display-component---conditions--smartFilterBar-filterItemControl_BASIC-BILL_TYPES-valueHelpDialog-smartFilterBar-btnBasicSearch","searchOpenDialogs":true,"interaction":{"idSuffix":"I"}},"wdio_ui5_key":"applicationmanageconditionprice-display-component---conditions--smartFilterBar-filterItemControl_BASIC-BILL_TYPES-valueHelpDialog-smartFilterBar-btnBasicSearch"}]}
RESULT: undefined
COMMAND: POST /session/3247b862f9661e1dad05ca414f9e55ea/execute/async - {"script":"<script> [776 bytes]","args":[{"enterText":"PB","selector":{"id":"application-manageconditionprice-display-component---conditions--smartFilterBar-filterItemControl_BASIC-BILL_TYPES-valueHelpDialog-smartFilterBar-btnBasicSearch","searchOpenDialogs":true,"interaction":{"idSuffix":"I"}},"clearTextFirst":true,"interactionType":"ENTER_TEXT"}]}
RESULT: {}
RESULT: {"script":"<script> [776 bytes]","args":[{"enterText":"PB","selector":{"id":"application-manageconditionprice-display-component---conditions--smartFilterBar-filterItemControl_BASIC-BILL_TYPES-valueHelpDialog-smartFilterBar-btnBasicSearch","searchOpenDialogs":true,"interaction":{"idSuffix":"I"}},"clearTextFirst":true,"interactionType":"ENTER_TEXT"}]}
COMMAND: POST /session/3247b862f9661e1dad05ca414f9e55ea/actions - {"actions":[{"id":"action59","type":"key","parameters":{},"actions":[{"type":"keyDown","value":"î€‡"},{"type":"pause","duration":10},{"type":"keyUp","value":"î€‡"}]}]}
RESULT: {"actions":[{"id":"action59","type":"key","parameters":{},"actions":[{"type":"keyDown","value":"î€‡"},{"type":"pause","duration":10},{"type":"keyUp","value":"î€‡"}]}]}
COMMAND: GET /session/3247b862f9661e1dad05ca414f9e55ea/screenshot - {}
RESULT: {}
COMMAND: POST /session/3247b862f9661e1dad05ca414f9e55ea/element - {"using":"xpath","value":"//div[contains(@id, 'application-manageconditionprice-display-component---conditions--smartFilterBar-filterItemControl_BASIC-BILL_TYPES-valueHelpDialog-table-rowsel0')]"}
RESULT: {"using":"xpath","value":"//div[contains(@id, 'application-manageconditionprice-display-component---conditions--smartFilterBar-filterItemControl_BASIC-BILL_TYPES-valueHelpDialog-table-rowsel0')]"}
COMMAND: POST /session/3247b862f9661e1dad05ca414f9e55ea/element/f.BF6F4EA089F18175CED7BE484E452EA8.d.0FAAC125BF80412D7F4421048DADE63F.e.16324/click - {}
RESULT: {}
COMMAND: GET /session/3247b862f9661e1dad05ca414f9e55ea/screenshot - {}
RESULT: {}
COMMAND: POST /session/3247b862f9661e1dad05ca414f9e55ea/element - {"using":"xpath","value":"//bdi[contains(text(), \"OK\")]"}
RESULT: {"using":"xpath","value":"//bdi[contains(text(), \"OK\")]"}
COMMAND: POST /session/3247b862f9661e1dad05ca414f9e55ea/element/f.BF6F4EA089F18175CED7BE484E452EA8.d.0FAAC125BF80412D7F4421048DADE63F.e.16326/click - {}
RESULT: {}
COMMAND: GET /session/3247b862f9661e1dad05ca414f9e55ea/screenshot - {}
RESULT: {}
COMMAND: POST /session/3247b862f9661e1dad05ca414f9e55ea/element - {"using":"xpath","value":"//span[@id=\"application-manageconditionprice-display-component---conditions--smartTable-header-inner\"]"}
RESULT: {"using":"xpath","value":"//span[@id=\"application-manageconditionprice-display-component---conditions--smartTable-header-inner\"]"}
COMMAND: POST /session/3247b862f9661e1dad05ca414f9e55ea/elements - {"using":"xpath","value":"//span[@id=\"application-manageconditionprice-display-component---conditions--smartTable-header-inner\"]"}
RESULT: {"using":"xpath","value":"//span[@id=\"application-manageconditionprice-display-component---conditions--smartTable-header-inner\"]"}
COMMAND: POST /session/3247b862f9661e1dad05ca414f9e55ea/execute/sync - {"script":"<script> [56 bytes]","args":[{"element-6066-11e4-a52e-4f735466cecf":"f.BF6F4EA089F18175CED7BE484E452EA8.d.0FAAC125BF80412D7F4421048DADE63F.e.16329","ELEMENT":"f.BF6F4EA089F18175CED7BE484E452EA8.d.0FAAC125BF80412D7F4421048DADE63F.e.16329"}]}
RESULT: {"script":"<script> [56 bytes]","args":[{"element-6066-11e4-a52e-4f735466cecf":"f.BF6F4EA089F18175CED7BE484E452EA8.d.0FAAC125BF80412D7F4421048DADE63F.e.16329","ELEMENT":"f.BF6F4EA089F18175CED7BE484E452EA8.d.0FAAC125BF80412D7F4421048DADE63F.e.16329"}]}
COMMAND: POST /session/3247b862f9661e1dad05ca414f9e55ea/element - {"using":"css selector","value":"#shell-header-logo"}
COMMAND: GET /session/3247b862f9661e1dad05ca414f9e55ea/screenshot - {}
RESULT: {"using":"css selector","value":"#shell-header-logo"}
COMMAND: POST /session/3247b862f9661e1dad05ca414f9e55ea/element/f.BF6F4EA089F18175CED7BE484E452EA8.d.0FAAC125BF80412D7F4421048DADE63F.e.16051/click - {}
RESULT: {}
RESULT: {}
COMMAND: GET /session/3247b862f9661e1dad05ca414f9e55ea/screenshot - {}
RESULT: {}
]]></system-out>
    </testcase>
    <testcase classname="chrome.136_0_7103_93.windows.Performance_based_billing_(work_days)_US139742" name="Should add a counter to the equipment" time="52.186">
      <system-out><![CDATA[
RESULT: undefined
COMMAND: POST /session/3247b862f9661e1dad05ca414f9e55ea/element - {"using":"xpath","value":"//*[@id=\"__tile39\"]"}
RESULT: {"using":"xpath","value":"//*[@id=\"__tile39\"]"}
COMMAND: POST /session/3247b862f9661e1dad05ca414f9e55ea/element/f.BF6F4EA089F18175CED7BE484E452EA8.d.0FAAC125BF80412D7F4421048DADE63F.e.15066/click - {}
RESULT: {}
COMMAND: GET /session/3247b862f9661e1dad05ca414f9e55ea/screenshot - {}
COMMAND: POST /session/3247b862f9661e1dad05ca414f9e55ea/elements - {"using":"xpath","value":"//span[text()='Error']"}
RESULT: {}
RESULT: {"using":"xpath","value":"//span[text()='Error']"}
COMMAND: POST /session/3247b862f9661e1dad05ca414f9e55ea/execute/async - {"script":"<script> [1562 bytes]","args":[{"selector":{"id":"application-manageresources-display-component---masterRU--smartFilterBar-btnBasicSearch","interaction":{"idSuffix":"I"}},"wdio_ui5_key":"applicationmanageresources-display-component---masterRU--smartFilterBar-btnBasicSearch"}]}
RESULT: {"script":"<script> [1562 bytes]","args":[{"selector":{"id":"application-manageresources-display-component---masterRU--smartFilterBar-btnBasicSearch","interaction":{"idSuffix":"I"}},"wdio_ui5_key":"applicationmanageresources-display-component---masterRU--smartFilterBar-btnBasicSearch"}]}
RESULT: undefined
COMMAND: POST /session/3247b862f9661e1dad05ca414f9e55ea/execute/async - {"script":"<script> [776 bytes]","args":[{"enterText":"PgvVRfR9HT","selector":{"id":"application-manageresources-display-component---masterRU--smartFilterBar-btnBasicSearch","interaction":{"idSuffix":"I"}},"clearTextFirst":true,"interactionType":"ENTER_TEXT"}]}
RESULT: {"script":"<script> [776 bytes]","args":[{"enterText":"PgvVRfR9HT","selector":{"id":"application-manageresources-display-component---masterRU--smartFilterBar-btnBasicSearch","interaction":{"idSuffix":"I"}},"clearTextFirst":true,"interactionType":"ENTER_TEXT"}]}
COMMAND: POST /session/3247b862f9661e1dad05ca414f9e55ea/actions - {"actions":[{"id":"action60","type":"key","parameters":{},"actions":[{"type":"keyDown","value":"î€‡"},{"type":"pause","duration":10},{"type":"keyUp","value":"î€‡"}]}]}
RESULT: {"actions":[{"id":"action60","type":"key","parameters":{},"actions":[{"type":"keyDown","value":"î€‡"},{"type":"pause","duration":10},{"type":"keyUp","value":"î€‡"}]}]}
COMMAND: GET /session/3247b862f9661e1dad05ca414f9e55ea/screenshot - {}
RESULT: {}
COMMAND: POST /session/3247b862f9661e1dad05ca414f9e55ea/execute/async - {"script":"<script> [1562 bytes]","args":[{"selector":{"id":"application-manageresources-display-component---masterRU--smartTable-header"},"wdio_ui5_key":"applicationmanageresources-display-component---masterRU--smartTable-header"}]}
RESULT: {"script":"<script> [1562 bytes]","args":[{"selector":{"id":"application-manageresources-display-component---masterRU--smartTable-header"},"wdio_ui5_key":"applicationmanageresources-display-component---masterRU--smartTable-header"}]}
RESULT: undefined
COMMAND: POST /session/3247b862f9661e1dad05ca414f9e55ea/execute/async - {"script":"<script> [6424 bytes]","args":[{"element-6066-11e4-a52e-4f735466cecf":"f.BF6F4EA089F18175CED7BE484E452EA8.d.0FAAC125BF80412D7F4421048DADE63F.e.16517"},"getText",[]]}
RESULT: {"script":"<script> [6424 bytes]","args":[{"element-6066-11e4-a52e-4f735466cecf":"f.BF6F4EA089F18175CED7BE484E452EA8.d.0FAAC125BF80412D7F4421048DADE63F.e.16517"},"getText",[]]}
COMMAND: POST /session/3247b862f9661e1dad05ca414f9e55ea/execute/async - {"script":"<script> [1562 bytes]","args":[{"selector":{"controlType":"sap.ui.core.Icon","viewName":"etm.portal.ui.manageresources.view.Master","viewId":"application-manageresources-display-component---masterRU","properties":{"src":{"regex":{"source":"slim\\-arrow\\-right"}}}},"wdio_ui5_key":"etmportal.ui.manageresources.view.Mastersap.ui.core.Icon{\"src\":{\"regex\":{\"source\":\"slim\\\\-arrow\\\\-right\"}}}"}]}
RESULT: {"script":"<script> [1562 bytes]","args":[{"selector":{"controlType":"sap.ui.core.Icon","viewName":"etm.portal.ui.manageresources.view.Master","viewId":"application-manageresources-display-component---masterRU","properties":{"src":{"regex":{"source":"slim\\-arrow\\-right"}}}},"wdio_ui5_key":"etmportal.ui.manageresources.view.Mastersap.ui.core.Icon{\"src\":{\"regex\":{\"source\":\"slim\\\\-arrow\\\\-right\"}}}"}]}
RESULT: undefined
COMMAND: POST /session/3247b862f9661e1dad05ca414f9e55ea/element - {"using":"xpath","value":"//*[@id=\"__item1097-__clone2807-imgNav\"]"}
RESULT: {"using":"xpath","value":"//*[@id=\"__item1097-__clone2807-imgNav\"]"}
COMMAND: POST /session/3247b862f9661e1dad05ca414f9e55ea/element/f.BF6F4EA089F18175CED7BE484E452EA8.d.0FAAC125BF80412D7F4421048DADE63F.e.16516/click - {}
RESULT: {}
COMMAND: GET /session/3247b862f9661e1dad05ca414f9e55ea/screenshot - {}
RESULT: {}
COMMAND: POST /session/3247b862f9661e1dad05ca414f9e55ea/element - {"using":"xpath","value":"//bdi[contains(text(), \"Edit\")]"}
RESULT: {"using":"xpath","value":"//bdi[contains(text(), \"Edit\")]"}
COMMAND: POST /session/3247b862f9661e1dad05ca414f9e55ea/execute/sync - {"script":"<script> [8489 bytes]","args":[{"element-6066-11e4-a52e-4f735466cecf":"f.BF6F4EA089F18175CED7BE484E452EA8.d.0FAAC125BF80412D7F4421048DADE63F.e.16618","ELEMENT":"f.BF6F4EA089F18175CED7BE484E452EA8.d.0FAAC125BF80412D7F4421048DADE63F.e.16618"}]}
RESULT: {"script":"<script> [8489 bytes]","args":[{"element-6066-11e4-a52e-4f735466cecf":"f.BF6F4EA089F18175CED7BE484E452EA8.d.0FAAC125BF80412D7F4421048DADE63F.e.16618","ELEMENT":"f.BF6F4EA089F18175CED7BE484E452EA8.d.0FAAC125BF80412D7F4421048DADE63F.e.16618"}]}
COMMAND: POST /session/3247b862f9661e1dad05ca414f9e55ea/element/f.BF6F4EA089F18175CED7BE484E452EA8.d.0FAAC125BF80412D7F4421048DADE63F.e.16618/click - {}
COMMAND: GET /session/3247b862f9661e1dad05ca414f9e55ea/screenshot - {}
RESULT: {}
COMMAND: GET /session/3247b862f9661e1dad05ca414f9e55ea/screenshot - {}
RESULT: {}
RESULT: {}
COMMAND: POST /session/3247b862f9661e1dad05ca414f9e55ea/execute/async - {"script":"<script> [1562 bytes]","args":[{"selector":{"id":"application-manageresources-display-component---editResource--editRruPage-anchBar-application-manageresources-display-component---editResource--counters-anchor","interaction":{"idSuffix":"BDI-content"}},"wdio_ui5_key":"applicationmanageresources-display-component---editResource--editRruPage-anchBar-application-manageresources-display-component---editResource--counters-anchor"}]}
RESULT: {"script":"<script> [1562 bytes]","args":[{"selector":{"id":"application-manageresources-display-component---editResource--editRruPage-anchBar-application-manageresources-display-component---editResource--counters-anchor","interaction":{"idSuffix":"BDI-content"}},"wdio_ui5_key":"applicationmanageresources-display-component---editResource--editRruPage-anchBar-application-manageresources-display-component---editResource--counters-anchor"}]}
RESULT: undefined
COMMAND: POST /session/3247b862f9661e1dad05ca414f9e55ea/element - {"using":"xpath","value":"//*[@id=\"application-manageresources-display-component---editResource--editRruPage-anchBar-application-manageresources-display-component---editResource--counters-anchor\"]"}
RESULT: {"using":"xpath","value":"//*[@id=\"application-manageresources-display-component---editResource--editRruPage-anchBar-application-manageresources-display-component---editResource--counters-anchor\"]"}
COMMAND: POST /session/3247b862f9661e1dad05ca414f9e55ea/element/f.BF6F4EA089F18175CED7BE484E452EA8.d.0FAAC125BF80412D7F4421048DADE63F.e.16776/click - {}
RESULT: {}
COMMAND: GET /session/3247b862f9661e1dad05ca414f9e55ea/screenshot - {}
RESULT: {}
COMMAND: POST /session/3247b862f9661e1dad05ca414f9e55ea/execute/async - {"script":"<script> [1562 bytes]","args":[{"selector":{"id":"application-manageresources-display-component---editResource--btnAddCounter-img"},"wdio_ui5_key":"applicationmanageresources-display-component---editResource--btnAddCounter-img"}]}
RESULT: {"script":"<script> [1562 bytes]","args":[{"selector":{"id":"application-manageresources-display-component---editResource--btnAddCounter-img"},"wdio_ui5_key":"applicationmanageresources-display-component---editResource--btnAddCounter-img"}]}
RESULT: undefined
COMMAND: POST /session/3247b862f9661e1dad05ca414f9e55ea/element - {"using":"xpath","value":"//*[@id=\"application-manageresources-display-component---editResource--btnAddCounter-img\"]"}
RESULT: {"using":"xpath","value":"//*[@id=\"application-manageresources-display-component---editResource--btnAddCounter-img\"]"}
COMMAND: POST /session/3247b862f9661e1dad05ca414f9e55ea/element/f.BF6F4EA089F18175CED7BE484E452EA8.d.0FAAC125BF80412D7F4421048DADE63F.e.16781/click - {}
RESULT: {}
COMMAND: POST /session/3247b862f9661e1dad05ca414f9e55ea/execute/async - {"script":"<script> [1562 bytes]","args":[{"selector":{"id":"application-manageresources-display-component---editResource--COUNTER_ID-application-manageresources-display-component---editResource--RUCounters-0-arrow"},"wdio_ui5_key":"applicationmanageresources-display-component---editResource--COUNTER_ID-application-manageresources-display-component---editResource--RUCounters-0-arrow"}]}
COMMAND: GET /session/3247b862f9661e1dad05ca414f9e55ea/screenshot - {}
RESULT: {"script":"<script> [1562 bytes]","args":[{"selector":{"id":"application-manageresources-display-component---editResource--COUNTER_ID-application-manageresources-display-component---editResource--RUCounters-0-arrow"},"wdio_ui5_key":"applicationmanageresources-display-component---editResource--COUNTER_ID-application-manageresources-display-component---editResource--RUCounters-0-arrow"}]}
RESULT: undefined
COMMAND: POST /session/3247b862f9661e1dad05ca414f9e55ea/element - {"using":"xpath","value":"//*[@id=\"application-manageresources-display-component---editResource--COUNTER_ID-application-manageresources-display-component---editResource--RUCounters-0-arrow\"]"}
RESULT: {}
RESULT: {"using":"xpath","value":"//*[@id=\"application-manageresources-display-component---editResource--COUNTER_ID-application-manageresources-display-component---editResource--RUCounters-0-arrow\"]"}
COMMAND: POST /session/3247b862f9661e1dad05ca414f9e55ea/element/f.BF6F4EA089F18175CED7BE484E452EA8.d.0FAAC125BF80412D7F4421048DADE63F.e.16794/click - {}
RESULT: {}
COMMAND: POST /session/3247b862f9661e1dad05ca414f9e55ea/execute/async - {"script":"<script> [1562 bytes]","args":[{"selector":{"controlType":"sap.m.StandardListItem","viewName":"etm.portal.ui.manageresources.view.EditResource","viewId":"application-manageresources-display-component---editResource","properties":{"title":"fuel"},"searchOpenDialogs":true,"interaction":{"idSuffix":"content"}},"wdio_ui5_key":"etmportal.ui.manageresources.view.EditResourcesap.m.StandardListItem{\"title\":\"fuel\"}"}]}
COMMAND: GET /session/3247b862f9661e1dad05ca414f9e55ea/screenshot - {}
RESULT: {"script":"<script> [1562 bytes]","args":[{"selector":{"controlType":"sap.m.StandardListItem","viewName":"etm.portal.ui.manageresources.view.EditResource","viewId":"application-manageresources-display-component---editResource","properties":{"title":"fuel"},"searchOpenDialogs":true,"interaction":{"idSuffix":"content"}},"wdio_ui5_key":"etmportal.ui.manageresources.view.EditResourcesap.m.StandardListItem{\"title\":\"fuel\"}"}]}
RESULT: undefined
COMMAND: POST /session/3247b862f9661e1dad05ca414f9e55ea/element - {"using":"xpath","value":"//*[@id=\"__item1390\"]"}
RESULT: {}
RESULT: {"using":"xpath","value":"//*[@id=\"__item1390\"]"}
COMMAND: POST /session/3247b862f9661e1dad05ca414f9e55ea/element/f.BF6F4EA089F18175CED7BE484E452EA8.d.0FAAC125BF80412D7F4421048DADE63F.e.16796/click - {}
RESULT: {}
COMMAND: POST /session/3247b862f9661e1dad05ca414f9e55ea/execute/async - {"script":"<script> [1562 bytes]","args":[{"selector":{"controlType":"sap.m.Button","viewName":"etm.portal.ui.manageresources.view.EditResource","viewId":"application-manageresources-display-component---editResource","i18NText":{"propertyName":"text","key":"save"},"interaction":{"idSuffix":"BDI-content"}},"wdio_ui5_key":"etmportal.ui.manageresources.view.EditResourcesap.m.Button{\"propertyName\":\"text\",\"key\":\"save\"}"}]}
COMMAND: GET /session/3247b862f9661e1dad05ca414f9e55ea/screenshot - {}
RESULT: {"script":"<script> [1562 bytes]","args":[{"selector":{"controlType":"sap.m.Button","viewName":"etm.portal.ui.manageresources.view.EditResource","viewId":"application-manageresources-display-component---editResource","i18NText":{"propertyName":"text","key":"save"},"interaction":{"idSuffix":"BDI-content"}},"wdio_ui5_key":"etmportal.ui.manageresources.view.EditResourcesap.m.Button{\"propertyName\":\"text\",\"key\":\"save\"}"}]}
RESULT: undefined
COMMAND: POST /session/3247b862f9661e1dad05ca414f9e55ea/element - {"using":"xpath","value":"//*[@id=\"__button166\"]"}
RESULT: {}
RESULT: {"using":"xpath","value":"//*[@id=\"__button166\"]"}
COMMAND: POST /session/3247b862f9661e1dad05ca414f9e55ea/element/f.BF6F4EA089F18175CED7BE484E452EA8.d.0FAAC125BF80412D7F4421048DADE63F.e.16798/click - {}
RESULT: {}
COMMAND: GET /session/3247b862f9661e1dad05ca414f9e55ea/screenshot - {}
RESULT: {}
COMMAND: POST /session/3247b862f9661e1dad05ca414f9e55ea/element - {"using":"css selector","value":"#shell-header-logo"}
RESULT: {"using":"css selector","value":"#shell-header-logo"}
COMMAND: POST /session/3247b862f9661e1dad05ca414f9e55ea/element/f.BF6F4EA089F18175CED7BE484E452EA8.d.0FAAC125BF80412D7F4421048DADE63F.e.16334/click - {}
RESULT: {}
COMMAND: GET /session/3247b862f9661e1dad05ca414f9e55ea/screenshot - {}
RESULT: {}
]]></system-out>
    </testcase>
    <testcase classname="chrome.136_0_7103_93.windows.Performance_based_billing_(work_days)_US139742" name="Should do a stock increase on the yard for the equipment" time="82.166">
      <system-out><![CDATA[
COMMAND: POST /session/3247b862f9661e1dad05ca414f9e55ea/execute/async - {"script":"<script> [1562 bytes]","args":[{"selector":{"controlType":"sap.m.GenericTile","properties":{"header":"Manage Handovers"}},"wdio_ui5_key":"sapm.GenericTile{\"header\":\"Manage Handovers\"}"}]}
RESULT: {"script":"<script> [1562 bytes]","args":[{"selector":{"controlType":"sap.m.GenericTile","properties":{"header":"Manage Handovers"}},"wdio_ui5_key":"sapm.GenericTile{\"header\":\"Manage Handovers\"}"}]}
RESULT: undefined
COMMAND: POST /session/3247b862f9661e1dad05ca414f9e55ea/element - {"using":"xpath","value":"//*[@id=\"__tile132\"]"}
RESULT: {"using":"xpath","value":"//*[@id=\"__tile132\"]"}
COMMAND: POST /session/3247b862f9661e1dad05ca414f9e55ea/element/f.BF6F4EA089F18175CED7BE484E452EA8.d.0FAAC125BF80412D7F4421048DADE63F.e.15151/click - {}
RESULT: {}
COMMAND: GET /session/3247b862f9661e1dad05ca414f9e55ea/screenshot - {}
RESULT: {}
COMMAND: POST /session/3247b862f9661e1dad05ca414f9e55ea/elements - {"using":"xpath","value":"//span[text()='Error']"}
RESULT: {"using":"xpath","value":"//span[text()='Error']"}
COMMAND: POST /session/3247b862f9661e1dad05ca414f9e55ea/element - {"using":"xpath","value":"//button[@data-kt=\"masterHOAddButton\"]"}
RESULT: {"using":"xpath","value":"//button[@data-kt=\"masterHOAddButton\"]"}
COMMAND: POST /session/3247b862f9661e1dad05ca414f9e55ea/elements - {"using":"xpath","value":"//button[@data-kt=\"masterHOAddButton\"]"}
RESULT: {"using":"xpath","value":"//button[@data-kt=\"masterHOAddButton\"]"}
COMMAND: POST /session/3247b862f9661e1dad05ca414f9e55ea/execute/sync - {"script":"<script> [8489 bytes]","args":[{"element-6066-11e4-a52e-4f735466cecf":"f.BF6F4EA089F18175CED7BE484E452EA8.d.0FAAC125BF80412D7F4421048DADE63F.e.16850","ELEMENT":"f.BF6F4EA089F18175CED7BE484E452EA8.d.0FAAC125BF80412D7F4421048DADE63F.e.16850"}]}
RESULT: {"script":"<script> [8489 bytes]","args":[{"element-6066-11e4-a52e-4f735466cecf":"f.BF6F4EA089F18175CED7BE484E452EA8.d.0FAAC125BF80412D7F4421048DADE63F.e.16850","ELEMENT":"f.BF6F4EA089F18175CED7BE484E452EA8.d.0FAAC125BF80412D7F4421048DADE63F.e.16850"}]}
COMMAND: GET /session/3247b862f9661e1dad05ca414f9e55ea/element/f.BF6F4EA089F18175CED7BE484E452EA8.d.0FAAC125BF80412D7F4421048DADE63F.e.16850/enabled - {}
COMMAND: GET /session/3247b862f9661e1dad05ca414f9e55ea/screenshot - {}
RESULT: {}
COMMAND: POST /session/3247b862f9661e1dad05ca414f9e55ea/execute/sync - {"script":"<script> [8489 bytes]","args":[{"element-6066-11e4-a52e-4f735466cecf":"f.BF6F4EA089F18175CED7BE484E452EA8.d.0FAAC125BF80412D7F4421048DADE63F.e.16850","ELEMENT":"f.BF6F4EA089F18175CED7BE484E452EA8.d.0FAAC125BF80412D7F4421048DADE63F.e.16850"}]}
COMMAND: GET /session/3247b862f9661e1dad05ca414f9e55ea/screenshot - {}
RESULT: {}
RESULT: {"script":"<script> [8489 bytes]","args":[{"element-6066-11e4-a52e-4f735466cecf":"f.BF6F4EA089F18175CED7BE484E452EA8.d.0FAAC125BF80412D7F4421048DADE63F.e.16850","ELEMENT":"f.BF6F4EA089F18175CED7BE484E452EA8.d.0FAAC125BF80412D7F4421048DADE63F.e.16850"}]}
COMMAND: POST /session/3247b862f9661e1dad05ca414f9e55ea/execute/sync - {"script":"<script> [5351 bytes]","args":[{"element-6066-11e4-a52e-4f735466cecf":"f.BF6F4EA089F18175CED7BE484E452EA8.d.0FAAC125BF80412D7F4421048DADE63F.e.16850","ELEMENT":"f.BF6F4EA089F18175CED7BE484E452EA8.d.0FAAC125BF80412D7F4421048DADE63F.e.16850"}]}
COMMAND: GET /session/3247b862f9661e1dad05ca414f9e55ea/screenshot - {}
RESULT: {}
RESULT: {"script":"<script> [5351 bytes]","args":[{"element-6066-11e4-a52e-4f735466cecf":"f.BF6F4EA089F18175CED7BE484E452EA8.d.0FAAC125BF80412D7F4421048DADE63F.e.16850","ELEMENT":"f.BF6F4EA089F18175CED7BE484E452EA8.d.0FAAC125BF80412D7F4421048DADE63F.e.16850"}]}
COMMAND: POST /session/3247b862f9661e1dad05ca414f9e55ea/element/f.BF6F4EA089F18175CED7BE484E452EA8.d.0FAAC125BF80412D7F4421048DADE63F.e.16850/click - {}
COMMAND: GET /session/3247b862f9661e1dad05ca414f9e55ea/screenshot - {}
RESULT: {}
RESULT: {}
COMMAND: GET /session/3247b862f9661e1dad05ca414f9e55ea/screenshot - {}
RESULT: {}
RESULT: {}
COMMAND: POST /session/3247b862f9661e1dad05ca414f9e55ea/element - {"using":"xpath","value":"//span[contains(@id ,\"AddNewHO--typeSelect-arrow\")]"}
RESULT: {"using":"xpath","value":"//span[contains(@id ,\"AddNewHO--typeSelect-arrow\")]"}
COMMAND: POST /session/3247b862f9661e1dad05ca414f9e55ea/element/f.BF6F4EA089F18175CED7BE484E452EA8.d.0FAAC125BF80412D7F4421048DADE63F.e.17198/click - {}
RESULT: {}
COMMAND: GET /session/3247b862f9661e1dad05ca414f9e55ea/screenshot - {}
RESULT: {}
COMMAND: POST /session/3247b862f9661e1dad05ca414f9e55ea/element - {"using":"xpath","value":"(//li[contains(text(), \"stock increase yard\")])[1]"}
RESULT: {"using":"xpath","value":"(//li[contains(text(), \"stock increase yard\")])[1]"}
COMMAND: POST /session/3247b862f9661e1dad05ca414f9e55ea/element/f.BF6F4EA089F18175CED7BE484E452EA8.d.0FAAC125BF80412D7F4421048DADE63F.e.17199/click - {}
RESULT: {}
COMMAND: GET /session/3247b862f9661e1dad05ca414f9e55ea/screenshot - {}
RESULT: {}
COMMAND: POST /session/3247b862f9661e1dad05ca414f9e55ea/execute/async - {"script":"<script> [1562 bytes]","args":[{"selector":{"id":"application-managehandovers-display-component---AddNewHO--dueDate","interaction":{"idSuffix":"inner"}},"wdio_ui5_key":"applicationmanagehandovers-display-component---AddNewHO--dueDate"}]}
RESULT: {"script":"<script> [1562 bytes]","args":[{"selector":{"id":"application-managehandovers-display-component---AddNewHO--dueDate","interaction":{"idSuffix":"inner"}},"wdio_ui5_key":"applicationmanagehandovers-display-component---AddNewHO--dueDate"}]}
RESULT: undefined
COMMAND: POST /session/3247b862f9661e1dad05ca414f9e55ea/execute/async - {"script":"<script> [6424 bytes]","args":[{"element-6066-11e4-a52e-4f735466cecf":"f.BF6F4EA089F18175CED7BE484E452EA8.d.0FAAC125BF80412D7F4421048DADE63F.e.17201"},"setValue",["5/20/25"]]}
RESULT: {"script":"<script> [6424 bytes]","args":[{"element-6066-11e4-a52e-4f735466cecf":"f.BF6F4EA089F18175CED7BE484E452EA8.d.0FAAC125BF80412D7F4421048DADE63F.e.17201"},"setValue",["5/20/25"]]}
COMMAND: POST /session/3247b862f9661e1dad05ca414f9e55ea/element - {"using":"xpath","value":"//input[@id=\"generalSectionFrg--receiveYard-inner\"]"}
RESULT: {"using":"xpath","value":"//input[@id=\"generalSectionFrg--receiveYard-inner\"]"}
COMMAND: POST /session/3247b862f9661e1dad05ca414f9e55ea/element/f.BF6F4EA089F18175CED7BE484E452EA8.d.0FAAC125BF80412D7F4421048DADE63F.e.17205/clear - {}
RESULT: {}
COMMAND: POST /session/3247b862f9661e1dad05ca414f9e55ea/element/f.BF6F4EA089F18175CED7BE484E452EA8.d.0FAAC125BF80412D7F4421048DADE63F.e.17205/value - {"text":"600"}
COMMAND: GET /session/3247b862f9661e1dad05ca414f9e55ea/screenshot - {}
RESULT: {"text":"600"}
COMMAND: GET /session/3247b862f9661e1dad05ca414f9e55ea/screenshot - {}
RESULT: {}
RESULT: {}
COMMAND: POST /session/3247b862f9661e1dad05ca414f9e55ea/element - {"using":"xpath","value":"//li[.//span[text()='600']]"}
RESULT: {"using":"xpath","value":"//li[.//span[text()='600']]"}
COMMAND: POST /session/3247b862f9661e1dad05ca414f9e55ea/element/f.BF6F4EA089F18175CED7BE484E452EA8.d.0FAAC125BF80412D7F4421048DADE63F.e.17222/click - {}
RESULT: {}
COMMAND: GET /session/3247b862f9661e1dad05ca414f9e55ea/screenshot - {}
RESULT: {}
COMMAND: POST /session/3247b862f9661e1dad05ca414f9e55ea/execute/async - {"script":"<script> [1562 bytes]","args":[{"selector":{"id":"application-managehandovers-display-component---AddNewHO--ObjectPageLayout-anchBar-application-managehandovers-display-component---AddNewHO--section4-anchor","interaction":{"idSuffix":"BDI-content"}},"wdio_ui5_key":"applicationmanagehandovers-display-component---AddNewHO--ObjectPageLayout-anchBar-application-managehandovers-display-component---AddNewHO--section4-anchor"}]}
RESULT: {"script":"<script> [1562 bytes]","args":[{"selector":{"id":"application-managehandovers-display-component---AddNewHO--ObjectPageLayout-anchBar-application-managehandovers-display-component---AddNewHO--section4-anchor","interaction":{"idSuffix":"BDI-content"}},"wdio_ui5_key":"applicationmanagehandovers-display-component---AddNewHO--ObjectPageLayout-anchBar-application-managehandovers-display-component---AddNewHO--section4-anchor"}]}
RESULT: undefined
COMMAND: POST /session/3247b862f9661e1dad05ca414f9e55ea/element - {"using":"xpath","value":"//*[@id=\"application-managehandovers-display-component---AddNewHO--ObjectPageLayout-anchBar-application-managehandovers-display-component---AddNewHO--section4-anchor\"]"}
RESULT: {"using":"xpath","value":"//*[@id=\"application-managehandovers-display-component---AddNewHO--ObjectPageLayout-anchBar-application-managehandovers-display-component---AddNewHO--section4-anchor\"]"}
COMMAND: POST /session/3247b862f9661e1dad05ca414f9e55ea/element/f.BF6F4EA089F18175CED7BE484E452EA8.d.0FAAC125BF80412D7F4421048DADE63F.e.17224/click - {}
RESULT: {}
COMMAND: POST /session/3247b862f9661e1dad05ca414f9e55ea/element - {"using":"xpath","value":"//button[@aria-label=\"Add\"]"}
COMMAND: GET /session/3247b862f9661e1dad05ca414f9e55ea/screenshot - {}
RESULT: {"using":"xpath","value":"//button[@aria-label=\"Add\"]"}
COMMAND: POST /session/3247b862f9661e1dad05ca414f9e55ea/element/f.BF6F4EA089F18175CED7BE484E452EA8.d.0FAAC125BF80412D7F4421048DADE63F.e.17226/click - {}
RESULT: {}
RESULT: {}
COMMAND: GET /session/3247b862f9661e1dad05ca414f9e55ea/screenshot - {}
RESULT: {}
COMMAND: POST /session/3247b862f9661e1dad05ca414f9e55ea/execute/async - {"script":"<script> [1562 bytes]","args":[{"selector":{"id":"application-managehandovers-display-component---AddNewHO--smartFilterBar-btnBasicSearch","searchOpenDialogs":true,"interaction":{"idSuffix":"I"}},"wdio_ui5_key":"applicationmanagehandovers-display-component---AddNewHO--smartFilterBar-btnBasicSearch"}]}
RESULT: {"script":"<script> [1562 bytes]","args":[{"selector":{"id":"application-managehandovers-display-component---AddNewHO--smartFilterBar-btnBasicSearch","searchOpenDialogs":true,"interaction":{"idSuffix":"I"}},"wdio_ui5_key":"applicationmanagehandovers-display-component---AddNewHO--smartFilterBar-btnBasicSearch"}]}
RESULT: undefined
COMMAND: POST /session/3247b862f9661e1dad05ca414f9e55ea/execute/async - {"script":"<script> [776 bytes]","args":[{"enterText":"PgvVRfR9HT","selector":{"id":"application-managehandovers-display-component---AddNewHO--smartFilterBar-btnBasicSearch","searchOpenDialogs":true,"interaction":{"idSuffix":"I"}},"clearTextFirst":true,"interactionType":"ENTER_TEXT"}]}
RESULT: {"script":"<script> [776 bytes]","args":[{"enterText":"PgvVRfR9HT","selector":{"id":"application-managehandovers-display-component---AddNewHO--smartFilterBar-btnBasicSearch","searchOpenDialogs":true,"interaction":{"idSuffix":"I"}},"clearTextFirst":true,"interactionType":"ENTER_TEXT"}]}
COMMAND: POST /session/3247b862f9661e1dad05ca414f9e55ea/actions - {"actions":[{"id":"action61","type":"key","parameters":{},"actions":[{"type":"keyDown","value":"î€‡"},{"type":"pause","duration":10},{"type":"keyUp","value":"î€‡"}]}]}
RESULT: {"actions":[{"id":"action61","type":"key","parameters":{},"actions":[{"type":"keyDown","value":"î€‡"},{"type":"pause","duration":10},{"type":"keyUp","value":"î€‡"}]}]}
COMMAND: GET /session/3247b862f9661e1dad05ca414f9e55ea/screenshot - {}
RESULT: {}
COMMAND: POST /session/3247b862f9661e1dad05ca414f9e55ea/execute/async - {"script":"<script> [1562 bytes]","args":[{"selector":{"id":"application-managehandovers-display-component---AddNewHO--popup-sa","searchOpenDialogs":true,"interaction":{"idSuffix":"CbBg"}},"wdio_ui5_key":"applicationmanagehandovers-display-component---AddNewHO--popup-sa"}]}
RESULT: {"script":"<script> [1562 bytes]","args":[{"selector":{"id":"application-managehandovers-display-component---AddNewHO--popup-sa","searchOpenDialogs":true,"interaction":{"idSuffix":"CbBg"}},"wdio_ui5_key":"applicationmanagehandovers-display-component---AddNewHO--popup-sa"}]}
RESULT: undefined
COMMAND: POST /session/3247b862f9661e1dad05ca414f9e55ea/element - {"using":"xpath","value":"//*[@id=\"application-managehandovers-display-component---AddNewHO--popup-sa\"]"}
RESULT: {"using":"xpath","value":"//*[@id=\"application-managehandovers-display-component---AddNewHO--popup-sa\"]"}
COMMAND: POST /session/3247b862f9661e1dad05ca414f9e55ea/element/f.BF6F4EA089F18175CED7BE484E452EA8.d.0FAAC125BF80412D7F4421048DADE63F.e.17379/click - {}
RESULT: {}
COMMAND: GET /session/3247b862f9661e1dad05ca414f9e55ea/screenshot - {}
RESULT: {}
COMMAND: POST /session/3247b862f9661e1dad05ca414f9e55ea/element - {"using":"xpath","value":"//bdi[contains(text(), \"Select\")]"}
RESULT: {"using":"xpath","value":"//bdi[contains(text(), \"Select\")]"}
COMMAND: POST /session/3247b862f9661e1dad05ca414f9e55ea/element/f.BF6F4EA089F18175CED7BE484E452EA8.d.0FAAC125BF80412D7F4421048DADE63F.e.17380/click - {}
RESULT: {}
COMMAND: GET /session/3247b862f9661e1dad05ca414f9e55ea/screenshot - {}
RESULT: {}
COMMAND: POST /session/3247b862f9661e1dad05ca414f9e55ea/element - {"using":"xpath","value":"//button[@data-kt=\"AddNewHOSaveButton\"]"}
RESULT: {"using":"xpath","value":"//button[@data-kt=\"AddNewHOSaveButton\"]"}
COMMAND: POST /session/3247b862f9661e1dad05ca414f9e55ea/element/f.BF6F4EA089F18175CED7BE484E452EA8.d.0FAAC125BF80412D7F4421048DADE63F.e.17384/click - {}
RESULT: {}
COMMAND: GET /session/3247b862f9661e1dad05ca414f9e55ea/screenshot - {}
RESULT: {}
COMMAND: POST /session/3247b862f9661e1dad05ca414f9e55ea/execute/async - {"script":"<script> [1562 bytes]","args":[{"selector":{"id":"receiptDatePicker","viewName":"etm.portal.ui.managehandovers.view.DetailExecuteHO","interaction":{"idSuffix":"inner"}},"wdio_ui5_key":"receiptDatePickeretmportal.ui.managehandovers.view.DetailExecuteHO"}]}
RESULT: {"script":"<script> [1562 bytes]","args":[{"selector":{"id":"receiptDatePicker","viewName":"etm.portal.ui.managehandovers.view.DetailExecuteHO","interaction":{"idSuffix":"inner"}},"wdio_ui5_key":"receiptDatePickeretmportal.ui.managehandovers.view.DetailExecuteHO"}]}
RESULT: undefined
COMMAND: POST /session/3247b862f9661e1dad05ca414f9e55ea/execute/async - {"script":"<script> [6424 bytes]","args":[{"element-6066-11e4-a52e-4f735466cecf":"f.BF6F4EA089F18175CED7BE484E452EA8.d.0FAAC125BF80412D7F4421048DADE63F.e.17405"},"setValue",["5/20/25"]]}
RESULT: {"script":"<script> [6424 bytes]","args":[{"element-6066-11e4-a52e-4f735466cecf":"f.BF6F4EA089F18175CED7BE484E452EA8.d.0FAAC125BF80412D7F4421048DADE63F.e.17405"},"setValue",["5/20/25"]]}
COMMAND: POST /session/3247b862f9661e1dad05ca414f9e55ea/element - {"using":"xpath","value":"//button[@data-kt=\"PickingTableConfirmAllButton\"]"}
RESULT: {"using":"xpath","value":"//button[@data-kt=\"PickingTableConfirmAllButton\"]"}
COMMAND: POST /session/3247b862f9661e1dad05ca414f9e55ea/element/f.BF6F4EA089F18175CED7BE484E452EA8.d.0FAAC125BF80412D7F4421048DADE63F.e.17419/click - {}
RESULT: {}
COMMAND: GET /session/3247b862f9661e1dad05ca414f9e55ea/screenshot - {}
RESULT: {}
COMMAND: POST /session/3247b862f9661e1dad05ca414f9e55ea/element - {"using":"xpath","value":"//bdi[contains(text(), \"OK\")]"}
RESULT: {"using":"xpath","value":"//bdi[contains(text(), \"OK\")]"}
COMMAND: POST /session/3247b862f9661e1dad05ca414f9e55ea/element/f.BF6F4EA089F18175CED7BE484E452EA8.d.0FAAC125BF80412D7F4421048DADE63F.e.17421/click - {}
RESULT: {}
COMMAND: GET /session/3247b862f9661e1dad05ca414f9e55ea/screenshot - {}
RESULT: {}
COMMAND: POST /session/3247b862f9661e1dad05ca414f9e55ea/element - {"using":"xpath","value":"(//bdi[contains(text(), \"Receive\")])[2]"}
RESULT: {"using":"xpath","value":"(//bdi[contains(text(), \"Receive\")])[2]"}
COMMAND: POST /session/3247b862f9661e1dad05ca414f9e55ea/element/f.BF6F4EA089F18175CED7BE484E452EA8.d.0FAAC125BF80412D7F4421048DADE63F.e.17423/click - {}
RESULT: {}
COMMAND: GET /session/3247b862f9661e1dad05ca414f9e55ea/screenshot - {}
RESULT: {}
COMMAND: POST /session/3247b862f9661e1dad05ca414f9e55ea/element - {"using":"css selector","value":"#shell-header-logo"}
RESULT: {"using":"css selector","value":"#shell-header-logo"}
COMMAND: POST /session/3247b862f9661e1dad05ca414f9e55ea/element/f.BF6F4EA089F18175CED7BE484E452EA8.d.0FAAC125BF80412D7F4421048DADE63F.e.16811/click - {}
RESULT: {}
COMMAND: GET /session/3247b862f9661e1dad05ca414f9e55ea/screenshot - {}
RESULT: {}
]]></system-out>
    </testcase>
    <testcase classname="chrome.136_0_7103_93.windows.Performance_based_billing_(work_days)_US139742" name="Should create a new contract" time="60.685">
      <system-out><![CDATA[
COMMAND: POST /session/3247b862f9661e1dad05ca414f9e55ea/execute/async - {"script":"<script> [1562 bytes]","args":[{"selector":{"controlType":"sap.m.GenericTile","properties":{"header":"Manage Contracts"}},"wdio_ui5_key":"sapm.GenericTile{\"header\":\"Manage Contracts\"}"}]}
RESULT: {"script":"<script> [1562 bytes]","args":[{"selector":{"controlType":"sap.m.GenericTile","properties":{"header":"Manage Contracts"}},"wdio_ui5_key":"sapm.GenericTile{\"header\":\"Manage Contracts\"}"}]}
RESULT: undefined
COMMAND: POST /session/3247b862f9661e1dad05ca414f9e55ea/element - {"using":"xpath","value":"//*[@id=\"__tile131\"]"}
RESULT: {"using":"xpath","value":"//*[@id=\"__tile131\"]"}
COMMAND: POST /session/3247b862f9661e1dad05ca414f9e55ea/element/f.BF6F4EA089F18175CED7BE484E452EA8.d.0FAAC125BF80412D7F4421048DADE63F.e.15082/click - {}
RESULT: {}
COMMAND: GET /session/3247b862f9661e1dad05ca414f9e55ea/screenshot - {}
RESULT: {}
COMMAND: POST /session/3247b862f9661e1dad05ca414f9e55ea/elements - {"using":"xpath","value":"//span[text()='Error']"}
RESULT: {"using":"xpath","value":"//span[text()='Error']"}
COMMAND: POST /session/3247b862f9661e1dad05ca414f9e55ea/element - {"using":"xpath","value":"//button[@data-kt=\"addButton\"]"}
RESULT: {"using":"xpath","value":"//button[@data-kt=\"addButton\"]"}
COMMAND: POST /session/3247b862f9661e1dad05ca414f9e55ea/elements - {"using":"xpath","value":"//button[@data-kt=\"addButton\"]"}
RESULT: {"using":"xpath","value":"//button[@data-kt=\"addButton\"]"}
COMMAND: POST /session/3247b862f9661e1dad05ca414f9e55ea/execute/sync - {"script":"<script> [8489 bytes]","args":[{"element-6066-11e4-a52e-4f735466cecf":"f.BF6F4EA089F18175CED7BE484E452EA8.d.0FAAC125BF80412D7F4421048DADE63F.e.17642","ELEMENT":"f.BF6F4EA089F18175CED7BE484E452EA8.d.0FAAC125BF80412D7F4421048DADE63F.e.17642"}]}
RESULT: {"script":"<script> [8489 bytes]","args":[{"element-6066-11e4-a52e-4f735466cecf":"f.BF6F4EA089F18175CED7BE484E452EA8.d.0FAAC125BF80412D7F4421048DADE63F.e.17642","ELEMENT":"f.BF6F4EA089F18175CED7BE484E452EA8.d.0FAAC125BF80412D7F4421048DADE63F.e.17642"}]}
COMMAND: GET /session/3247b862f9661e1dad05ca414f9e55ea/element/f.BF6F4EA089F18175CED7BE484E452EA8.d.0FAAC125BF80412D7F4421048DADE63F.e.17642/enabled - {}
COMMAND: GET /session/3247b862f9661e1dad05ca414f9e55ea/screenshot - {}
RESULT: {}
COMMAND: POST /session/3247b862f9661e1dad05ca414f9e55ea/execute/sync - {"script":"<script> [8489 bytes]","args":[{"element-6066-11e4-a52e-4f735466cecf":"f.BF6F4EA089F18175CED7BE484E452EA8.d.0FAAC125BF80412D7F4421048DADE63F.e.17642","ELEMENT":"f.BF6F4EA089F18175CED7BE484E452EA8.d.0FAAC125BF80412D7F4421048DADE63F.e.17642"}]}
COMMAND: GET /session/3247b862f9661e1dad05ca414f9e55ea/screenshot - {}
RESULT: {}
RESULT: {"script":"<script> [8489 bytes]","args":[{"element-6066-11e4-a52e-4f735466cecf":"f.BF6F4EA089F18175CED7BE484E452EA8.d.0FAAC125BF80412D7F4421048DADE63F.e.17642","ELEMENT":"f.BF6F4EA089F18175CED7BE484E452EA8.d.0FAAC125BF80412D7F4421048DADE63F.e.17642"}]}
COMMAND: POST /session/3247b862f9661e1dad05ca414f9e55ea/execute/sync - {"script":"<script> [5351 bytes]","args":[{"element-6066-11e4-a52e-4f735466cecf":"f.BF6F4EA089F18175CED7BE484E452EA8.d.0FAAC125BF80412D7F4421048DADE63F.e.17642","ELEMENT":"f.BF6F4EA089F18175CED7BE484E452EA8.d.0FAAC125BF80412D7F4421048DADE63F.e.17642"}]}
COMMAND: GET /session/3247b862f9661e1dad05ca414f9e55ea/screenshot - {}
RESULT: {}
RESULT: {"script":"<script> [5351 bytes]","args":[{"element-6066-11e4-a52e-4f735466cecf":"f.BF6F4EA089F18175CED7BE484E452EA8.d.0FAAC125BF80412D7F4421048DADE63F.e.17642","ELEMENT":"f.BF6F4EA089F18175CED7BE484E452EA8.d.0FAAC125BF80412D7F4421048DADE63F.e.17642"}]}
COMMAND: GET /session/3247b862f9661e1dad05ca414f9e55ea/screenshot - {}
RESULT: {}
RESULT: {}
COMMAND: POST /session/3247b862f9661e1dad05ca414f9e55ea/element/f.BF6F4EA089F18175CED7BE484E452EA8.d.0FAAC125BF80412D7F4421048DADE63F.e.17642/click - {}
RESULT: {}
COMMAND: GET /session/3247b862f9661e1dad05ca414f9e55ea/screenshot - {}
RESULT: {}
COMMAND: POST /session/3247b862f9661e1dad05ca414f9e55ea/execute/async - {"script":"<script> [1562 bytes]","args":[{"selector":{"id":"application-managecontracts-display-component---AddNewContract--projectDescription","interaction":{"idSuffix":"inner"}},"wdio_ui5_key":"applicationmanagecontracts-display-component---AddNewContract--projectDescription"}]}
RESULT: {"script":"<script> [1562 bytes]","args":[{"selector":{"id":"application-managecontracts-display-component---AddNewContract--projectDescription","interaction":{"idSuffix":"inner"}},"wdio_ui5_key":"applicationmanagecontracts-display-component---AddNewContract--projectDescription"}]}
RESULT: undefined
COMMAND: POST /session/3247b862f9661e1dad05ca414f9e55ea/execute/async - {"script":"<script> [776 bytes]","args":[{"enterText":"Performance Contract WDIO","selector":{"id":"application-managecontracts-display-component---AddNewContract--projectDescription","interaction":{"idSuffix":"inner"}},"clearTextFirst":true,"interactionType":"ENTER_TEXT"}]}
RESULT: {"script":"<script> [776 bytes]","args":[{"enterText":"Performance Contract WDIO","selector":{"id":"application-managecontracts-display-component---AddNewContract--projectDescription","interaction":{"idSuffix":"inner"}},"clearTextFirst":true,"interactionType":"ENTER_TEXT"}]}
COMMAND: POST /session/3247b862f9661e1dad05ca414f9e55ea/element - {"using":"xpath","value":"//input[@id=\"application-managecontracts-display-component---AddNewContract--site-inner\"]"}
RESULT: {"using":"xpath","value":"//input[@id=\"application-managecontracts-display-component---AddNewContract--site-inner\"]"}
COMMAND: POST /session/3247b862f9661e1dad05ca414f9e55ea/element/f.BF6F4EA089F18175CED7BE484E452EA8.d.0FAAC125BF80412D7F4421048DADE63F.e.17995/clear - {}
RESULT: {}
COMMAND: POST /session/3247b862f9661e1dad05ca414f9e55ea/element/f.BF6F4EA089F18175CED7BE484E452EA8.d.0FAAC125BF80412D7F4421048DADE63F.e.17995/value - {"text":"2309"}
COMMAND: GET /session/3247b862f9661e1dad05ca414f9e55ea/screenshot - {}
RESULT: {"text":"2309"}
COMMAND: GET /session/3247b862f9661e1dad05ca414f9e55ea/screenshot - {}
RESULT: {}
RESULT: {}
COMMAND: POST /session/3247b862f9661e1dad05ca414f9e55ea/element - {"using":"xpath","value":"//li[.//span[text()='2309']]"}
RESULT: {"using":"xpath","value":"//li[.//span[text()='2309']]"}
COMMAND: POST /session/3247b862f9661e1dad05ca414f9e55ea/element/f.BF6F4EA089F18175CED7BE484E452EA8.d.0FAAC125BF80412D7F4421048DADE63F.e.18027/click - {}
RESULT: {}
COMMAND: GET /session/3247b862f9661e1dad05ca414f9e55ea/screenshot - {}
RESULT: {}
COMMAND: POST /session/3247b862f9661e1dad05ca414f9e55ea/element - {"using":"xpath","value":"//input[@id=\"application-managecontracts-display-component---AddNewContract--yardId-inner\"]"}
RESULT: {"using":"xpath","value":"//input[@id=\"application-managecontracts-display-component---AddNewContract--yardId-inner\"]"}
COMMAND: GET /session/3247b862f9661e1dad05ca414f9e55ea/element/f.BF6F4EA089F18175CED7BE484E452EA8.d.0FAAC125BF80412D7F4421048DADE63F.e.17996/property/value - {}
RESULT: {}
COMMAND: POST /session/3247b862f9661e1dad05ca414f9e55ea/element - {"using":"xpath","value":"//input[@id=\"application-managecontracts-display-component---AddNewContract--customerSelect-inner\"]"}
COMMAND: GET /session/3247b862f9661e1dad05ca414f9e55ea/screenshot - {}
RESULT: {"using":"xpath","value":"//input[@id=\"application-managecontracts-display-component---AddNewContract--customerSelect-inner\"]"}
COMMAND: POST /session/3247b862f9661e1dad05ca414f9e55ea/element/f.BF6F4EA089F18175CED7BE484E452EA8.d.0FAAC125BF80412D7F4421048DADE63F.e.17994/clear - {}
RESULT: {}
RESULT: {}
COMMAND: POST /session/3247b862f9661e1dad05ca414f9e55ea/element/f.BF6F4EA089F18175CED7BE484E452EA8.d.0FAAC125BF80412D7F4421048DADE63F.e.17994/value - {"text":"1370"}
COMMAND: GET /session/3247b862f9661e1dad05ca414f9e55ea/screenshot - {}
RESULT: {"text":"1370"}
COMMAND: GET /session/3247b862f9661e1dad05ca414f9e55ea/screenshot - {}
RESULT: {}
RESULT: {}
COMMAND: POST /session/3247b862f9661e1dad05ca414f9e55ea/element - {"using":"xpath","value":"//li[.//span[text()='1370']]"}
RESULT: {"using":"xpath","value":"//li[.//span[text()='1370']]"}
COMMAND: POST /session/3247b862f9661e1dad05ca414f9e55ea/element/f.BF6F4EA089F18175CED7BE484E452EA8.d.0FAAC125BF80412D7F4421048DADE63F.e.18030/click - {}
RESULT: {}
COMMAND: GET /session/3247b862f9661e1dad05ca414f9e55ea/screenshot - {}
RESULT: {}
COMMAND: POST /session/3247b862f9661e1dad05ca414f9e55ea/element - {"using":"xpath","value":"//button[@data-kt=\"saveButton\"]"}
RESULT: {"using":"xpath","value":"//button[@data-kt=\"saveButton\"]"}
COMMAND: POST /session/3247b862f9661e1dad05ca414f9e55ea/element/f.BF6F4EA089F18175CED7BE484E452EA8.d.0FAAC125BF80412D7F4421048DADE63F.e.18031/click - {}
RESULT: {}
COMMAND: GET /session/3247b862f9661e1dad05ca414f9e55ea/screenshot - {}
RESULT: {}
COMMAND: POST /session/3247b862f9661e1dad05ca414f9e55ea/element - {"using":"xpath","value":"//span[contains(@id ,\"contractDetailTitleNoExpanded\")]"}
RESULT: {"using":"xpath","value":"//span[contains(@id ,\"contractDetailTitleNoExpanded\")]"}
COMMAND: POST /session/3247b862f9661e1dad05ca414f9e55ea/elements - {"using":"xpath","value":"//span[contains(@id ,\"contractDetailTitleNoExpanded\")]"}
RESULT: {"using":"xpath","value":"//span[contains(@id ,\"contractDetailTitleNoExpanded\")]"}
COMMAND: POST /session/3247b862f9661e1dad05ca414f9e55ea/execute/sync - {"script":"<script> [56 bytes]","args":[{"element-6066-11e4-a52e-4f735466cecf":"f.BF6F4EA089F18175CED7BE484E452EA8.d.0FAAC125BF80412D7F4421048DADE63F.e.18101","ELEMENT":"f.BF6F4EA089F18175CED7BE484E452EA8.d.0FAAC125BF80412D7F4421048DADE63F.e.18101"}]}
RESULT: {"script":"<script> [56 bytes]","args":[{"element-6066-11e4-a52e-4f735466cecf":"f.BF6F4EA089F18175CED7BE484E452EA8.d.0FAAC125BF80412D7F4421048DADE63F.e.18101","ELEMENT":"f.BF6F4EA089F18175CED7BE484E452EA8.d.0FAAC125BF80412D7F4421048DADE63F.e.18101"}]}
COMMAND: GET /session/3247b862f9661e1dad05ca414f9e55ea/screenshot - {}
RESULT: {}
]]></system-out>
    </testcase>
    <testcase classname="chrome.136_0_7103_93.windows.Performance_based_billing_(work_days)_US139742" name="Should add equipment to the contract" time="46.412">
      <system-out><![CDATA[
COMMAND: POST /session/3247b862f9661e1dad05ca414f9e55ea/element - {"using":"xpath","value":"//button[@data-kt=\"contractDetailEditBtnButton\"]"}
RESULT: {"using":"xpath","value":"//button[@data-kt=\"contractDetailEditBtnButton\"]"}
COMMAND: POST /session/3247b862f9661e1dad05ca414f9e55ea/element/f.BF6F4EA089F18175CED7BE484E452EA8.d.0FAAC125BF80412D7F4421048DADE63F.e.18104/click - {}
RESULT: {}
COMMAND: GET /session/3247b862f9661e1dad05ca414f9e55ea/screenshot - {}
RESULT: {}
COMMAND: POST /session/3247b862f9661e1dad05ca414f9e55ea/element - {"using":"xpath","value":"(//span[contains(text(), \"Additional Addresses\")])[2]"}
RESULT: {"using":"xpath","value":"(//span[contains(text(), \"Additional Addresses\")])[2]"}
COMMAND: POST /session/3247b862f9661e1dad05ca414f9e55ea/element/f.BF6F4EA089F18175CED7BE484E452EA8.d.0FAAC125BF80412D7F4421048DADE63F.e.18158/click - {}
RESULT: {}
COMMAND: GET /session/3247b862f9661e1dad05ca414f9e55ea/screenshot - {}
RESULT: {}
COMMAND: POST /session/3247b862f9661e1dad05ca414f9e55ea/element - {"using":"xpath","value":"//button[@data-kt=\"btnAddTableRowOverflowToolbarButton\"]"}
RESULT: {"using":"xpath","value":"//button[@data-kt=\"btnAddTableRowOverflowToolbarButton\"]"}
COMMAND: POST /session/3247b862f9661e1dad05ca414f9e55ea/element/f.BF6F4EA089F18175CED7BE484E452EA8.d.0FAAC125BF80412D7F4421048DADE63F.e.18162/click - {}
RESULT: {}
COMMAND: GET /session/3247b862f9661e1dad05ca414f9e55ea/screenshot - {}
RESULT: {}
COMMAND: POST /session/3247b862f9661e1dad05ca414f9e55ea/element - {"using":"xpath","value":"//div[(text() = 'Standard Entry' or . = 'Standard Entry')]"}
RESULT: {"using":"xpath","value":"//div[(text() = 'Standard Entry' or . = 'Standard Entry')]"}
COMMAND: POST /session/3247b862f9661e1dad05ca414f9e55ea/element/f.BF6F4EA089F18175CED7BE484E452EA8.d.0FAAC125BF80412D7F4421048DADE63F.e.18164/click - {}
RESULT: {}
COMMAND: GET /session/3247b862f9661e1dad05ca414f9e55ea/screenshot - {}
RESULT: {}
COMMAND: POST /session/3247b862f9661e1dad05ca414f9e55ea/element - {"using":"xpath","value":"//td[7]/div/div/input"}
RESULT: {"using":"xpath","value":"//td[7]/div/div/input"}
COMMAND: POST /session/3247b862f9661e1dad05ca414f9e55ea/element/f.BF6F4EA089F18175CED7BE484E452EA8.d.0FAAC125BF80412D7F4421048DADE63F.e.18173/clear - {}
RESULT: {}
COMMAND: POST /session/3247b862f9661e1dad05ca414f9e55ea/element/f.BF6F4EA089F18175CED7BE484E452EA8.d.0FAAC125BF80412D7F4421048DADE63F.e.18173/value - {"text":"PgvVRfR9HT"}
COMMAND: GET /session/3247b862f9661e1dad05ca414f9e55ea/screenshot - {}
RESULT: {"text":"PgvVRfR9HT"}
COMMAND: GET /session/3247b862f9661e1dad05ca414f9e55ea/screenshot - {}
RESULT: {}
RESULT: {}
COMMAND: POST /session/3247b862f9661e1dad05ca414f9e55ea/actions - {"actions":[{"id":"action62","type":"key","parameters":{},"actions":[{"type":"keyDown","value":"î€‡"},{"type":"pause","duration":10},{"type":"keyUp","value":"î€‡"}]}]}
RESULT: {"actions":[{"id":"action62","type":"key","parameters":{},"actions":[{"type":"keyDown","value":"î€‡"},{"type":"pause","duration":10},{"type":"keyUp","value":"î€‡"}]}]}
COMMAND: GET /session/3247b862f9661e1dad05ca414f9e55ea/screenshot - {}
RESULT: {}
COMMAND: POST /session/3247b862f9661e1dad05ca414f9e55ea/execute/sync - {"script":"<script> [276 bytes]","args":["No pricing information was found"]}
RESULT: {"script":"<script> [276 bytes]","args":["No pricing information was found"]}
COMMAND: POST /session/3247b862f9661e1dad05ca414f9e55ea/element - {"using":"xpath","value":"(//button[@data-kt=\"saveButton\"])[2]"}
COMMAND: GET /session/3247b862f9661e1dad05ca414f9e55ea/screenshot - {}
RESULT: {"using":"xpath","value":"(//button[@data-kt=\"saveButton\"])[2]"}
COMMAND: POST /session/3247b862f9661e1dad05ca414f9e55ea/element/f.BF6F4EA089F18175CED7BE484E452EA8.d.0FAAC125BF80412D7F4421048DADE63F.e.18188/click - {}
RESULT: {}
RESULT: {}
COMMAND: GET /session/3247b862f9661e1dad05ca414f9e55ea/screenshot - {}
RESULT: {}
COMMAND: POST /session/3247b862f9661e1dad05ca414f9e55ea/execute/sync - {"script":"<script> [276 bytes]","args":["Some contract items are having rental validity exceeding header rental validity"]}
RESULT: {"script":"<script> [276 bytes]","args":["Some contract items are having rental validity exceeding header rental validity"]}
COMMAND: GET /session/3247b862f9661e1dad05ca414f9e55ea/screenshot - {}
RESULT: {}
COMMAND: POST /session/3247b862f9661e1dad05ca414f9e55ea/element - {"using":"xpath","value":"//span[contains(@id ,\"contractItemsSmartTable-header-inner\")]"}
RESULT: {"using":"xpath","value":"//span[contains(@id ,\"contractItemsSmartTable-header-inner\")]"}
COMMAND: POST /session/3247b862f9661e1dad05ca414f9e55ea/elements - {"using":"xpath","value":"//span[contains(@id ,\"contractItemsSmartTable-header-inner\")]"}
RESULT: {"using":"xpath","value":"//span[contains(@id ,\"contractItemsSmartTable-header-inner\")]"}
COMMAND: POST /session/3247b862f9661e1dad05ca414f9e55ea/execute/sync - {"script":"<script> [56 bytes]","args":[{"element-6066-11e4-a52e-4f735466cecf":"f.BF6F4EA089F18175CED7BE484E452EA8.d.0FAAC125BF80412D7F4421048DADE63F.e.18194","ELEMENT":"f.BF6F4EA089F18175CED7BE484E452EA8.d.0FAAC125BF80412D7F4421048DADE63F.e.18194"}]}
RESULT: {"script":"<script> [56 bytes]","args":[{"element-6066-11e4-a52e-4f735466cecf":"f.BF6F4EA089F18175CED7BE484E452EA8.d.0FAAC125BF80412D7F4421048DADE63F.e.18194","ELEMENT":"f.BF6F4EA089F18175CED7BE484E452EA8.d.0FAAC125BF80412D7F4421048DADE63F.e.18194"}]}
COMMAND: GET /session/3247b862f9661e1dad05ca414f9e55ea/screenshot - {}
]]></system-out>
    </testcase>
    <testcase classname="chrome.136_0_7103_93.windows.Performance_based_billing_(work_days)_US139742" name="Should do a provide to site handover" time="61.382">
      <system-out><![CDATA[
COMMAND: POST /session/3247b862f9661e1dad05ca414f9e55ea/element - {"using":"xpath","value":"//button[@data-kt=\"provideButton\"]"}
RESULT: {}
RESULT: {"using":"xpath","value":"//button[@data-kt=\"provideButton\"]"}
COMMAND: POST /session/3247b862f9661e1dad05ca414f9e55ea/element/f.BF6F4EA089F18175CED7BE484E452EA8.d.0FAAC125BF80412D7F4421048DADE63F.e.18196/click - {}
RESULT: {}
COMMAND: GET /session/3247b862f9661e1dad05ca414f9e55ea/screenshot - {}
RESULT: {}
RESULT: undefined
COMMAND: POST /session/3247b862f9661e1dad05ca414f9e55ea/execute/async - {"script":"<script> [6424 bytes]","args":[{"element-6066-11e4-a52e-4f735466cecf":"f.BF6F4EA089F18175CED7BE484E452EA8.d.0FAAC125BF80412D7F4421048DADE63F.e.17201"},"setValue",["5/20/25"]]}
COMMAND: POST /session/3247b862f9661e1dad05ca414f9e55ea/execute/async - {"script":"<script> [1562 bytes]","args":[{"selector":{"id":"application-managehandovers-display-component---AddNewHO--dueDate","interaction":{"idSuffix":"inner"}},"wdio_ui5_key":"applicationmanagehandovers-display-component---AddNewHO--dueDate"}]}
RESULT: {"script":"<script> [1562 bytes]","args":[{"selector":{"id":"application-managehandovers-display-component---AddNewHO--dueDate","interaction":{"idSuffix":"inner"}},"wdio_ui5_key":"applicationmanagehandovers-display-component---AddNewHO--dueDate"}]}
COMMAND: POST /session/3247b862f9661e1dad05ca414f9e55ea/execute/async - {"script":"<script> [6424 bytes]","args":[{"element-6066-11e4-a52e-4f735466cecf":"f.BF6F4EA089F18175CED7BE484E452EA8.d.0FAAC125BF80412D7F4421048DADE63F.e.18253"},"setValue",["5/20/25"]]}
RESULT: {"script":"<script> [6424 bytes]","args":[{"element-6066-11e4-a52e-4f735466cecf":"f.BF6F4EA089F18175CED7BE484E452EA8.d.0FAAC125BF80412D7F4421048DADE63F.e.18253"},"setValue",["5/20/25"]]}
COMMAND: POST /session/3247b862f9661e1dad05ca414f9e55ea/element - {"using":"xpath","value":"//bdi[contains(text(), \"Instructions\")]"}
RESULT: {"using":"xpath","value":"//bdi[contains(text(), \"Instructions\")]"}
COMMAND: POST /session/3247b862f9661e1dad05ca414f9e55ea/element/f.BF6F4EA089F18175CED7BE484E452EA8.d.0FAAC125BF80412D7F4421048DADE63F.e.18501/click - {}
RESULT: {}
COMMAND: GET /session/3247b862f9661e1dad05ca414f9e55ea/screenshot - {}
RESULT: {}
COMMAND: POST /session/3247b862f9661e1dad05ca414f9e55ea/element - {"using":"xpath","value":"//button[@data-kt=\"AddNewHOProvideAddItemsButton\"]"}
RESULT: {"using":"xpath","value":"//button[@data-kt=\"AddNewHOProvideAddItemsButton\"]"}
COMMAND: POST /session/3247b862f9661e1dad05ca414f9e55ea/element/f.BF6F4EA089F18175CED7BE484E452EA8.d.0FAAC125BF80412D7F4421048DADE63F.e.18505/click - {}
RESULT: {}
COMMAND: GET /session/3247b862f9661e1dad05ca414f9e55ea/screenshot - {}
RESULT: {}
RESULT: undefined
COMMAND: POST /session/3247b862f9661e1dad05ca414f9e55ea/element - {"using":"xpath","value":"//*[@id=\"application-managehandovers-display-component---AddNewHO--popup-sa\"]"}
RESULT: {"using":"xpath","value":"//*[@id=\"application-managehandovers-display-component---AddNewHO--popup-sa\"]"}
COMMAND: POST /session/3247b862f9661e1dad05ca414f9e55ea/element/f.BF6F4EA089F18175CED7BE484E452EA8.d.0FAAC125BF80412D7F4421048DADE63F.e.18520/click - {}
RESULT: {}
COMMAND: GET /session/3247b862f9661e1dad05ca414f9e55ea/screenshot - {}
RESULT: {}
COMMAND: POST /session/3247b862f9661e1dad05ca414f9e55ea/element - {"using":"xpath","value":"//*[contains(@id ,\"BDI-content\")][contains(text(), \"Select\")]"}
RESULT: {"using":"xpath","value":"//*[contains(@id ,\"BDI-content\")][contains(text(), \"Select\")]"}
COMMAND: POST /session/3247b862f9661e1dad05ca414f9e55ea/element/f.BF6F4EA089F18175CED7BE484E452EA8.d.0FAAC125BF80412D7F4421048DADE63F.e.18522/click - {}
RESULT: {}
COMMAND: GET /session/3247b862f9661e1dad05ca414f9e55ea/screenshot - {}
RESULT: {}
COMMAND: POST /session/3247b862f9661e1dad05ca414f9e55ea/execute/async - {"script":"<script> [1562 bytes]","args":[{"selector":{"id":"application-managehandovers-display-component---AddNewHO--confirmCreationButton","interaction":{"idSuffix":"BDI-content"}},"wdio_ui5_key":"applicationmanagehandovers-display-component---AddNewHO--confirmCreationButton"}]}
RESULT: {"script":"<script> [1562 bytes]","args":[{"selector":{"id":"application-managehandovers-display-component---AddNewHO--confirmCreationButton","interaction":{"idSuffix":"BDI-content"}},"wdio_ui5_key":"applicationmanagehandovers-display-component---AddNewHO--confirmCreationButton"}]}
RESULT: undefined
COMMAND: POST /session/3247b862f9661e1dad05ca414f9e55ea/element - {"using":"xpath","value":"//*[@id=\"application-managehandovers-display-component---AddNewHO--confirmCreationButton\"]"}
RESULT: {"using":"xpath","value":"//*[@id=\"application-managehandovers-display-component---AddNewHO--confirmCreationButton\"]"}
COMMAND: POST /session/3247b862f9661e1dad05ca414f9e55ea/element/f.BF6F4EA089F18175CED7BE484E452EA8.d.0FAAC125BF80412D7F4421048DADE63F.e.18331/click - {}
RESULT: {}
COMMAND: GET /session/3247b862f9661e1dad05ca414f9e55ea/screenshot - {}
RESULT: {}
COMMAND: POST /session/3247b862f9661e1dad05ca414f9e55ea/execute/async - {"script":"<script> [1562 bytes]","args":[{"selector":{"id":"issueDatePicker","viewName":"etm.portal.ui.managehandovers.view.DetailExecuteHO","interaction":{"idSuffix":"inner"}},"wdio_ui5_key":"issueDatePickeretmportal.ui.managehandovers.view.DetailExecuteHO"}]}
RESULT: {"script":"<script> [1562 bytes]","args":[{"selector":{"id":"issueDatePicker","viewName":"etm.portal.ui.managehandovers.view.DetailExecuteHO","interaction":{"idSuffix":"inner"}},"wdio_ui5_key":"issueDatePickeretmportal.ui.managehandovers.view.DetailExecuteHO"}]}
RESULT: undefined
COMMAND: POST /session/3247b862f9661e1dad05ca414f9e55ea/execute/async - {"script":"<script> [776 bytes]","args":[{"enterText":"5/20/25","selector":{"id":"issueDatePicker","viewName":"etm.portal.ui.managehandovers.view.DetailExecuteHO","interaction":{"idSuffix":"inner"}},"clearTextFirst":true,"interactionType":"ENTER_TEXT"}]}
RESULT: {"script":"<script> [776 bytes]","args":[{"enterText":"5/20/25","selector":{"id":"issueDatePicker","viewName":"etm.portal.ui.managehandovers.view.DetailExecuteHO","interaction":{"idSuffix":"inner"}},"clearTextFirst":true,"interactionType":"ENTER_TEXT"}]}
COMMAND: POST /session/3247b862f9661e1dad05ca414f9e55ea/element - {"using":"xpath","value":"//bdi[contains(text(), \"OK\")]"}
RESULT: {"using":"xpath","value":"//bdi[contains(text(), \"OK\")]"}
COMMAND: POST /session/3247b862f9661e1dad05ca414f9e55ea/element/f.BF6F4EA089F18175CED7BE484E452EA8.d.0FAAC125BF80412D7F4421048DADE63F.e.18568/click - {}
RESULT: {}
COMMAND: GET /session/3247b862f9661e1dad05ca414f9e55ea/screenshot - {}
RESULT: {}
COMMAND: POST /session/3247b862f9661e1dad05ca414f9e55ea/element - {"using":"xpath","value":"//button[@data-kt=\"PickingTableConfirmAllButton\"]"}
RESULT: {"using":"xpath","value":"//button[@data-kt=\"PickingTableConfirmAllButton\"]"}
COMMAND: POST /session/3247b862f9661e1dad05ca414f9e55ea/element/f.BF6F4EA089F18175CED7BE484E452EA8.d.0FAAC125BF80412D7F4421048DADE63F.e.18575/click - {}
RESULT: {}
COMMAND: GET /session/3247b862f9661e1dad05ca414f9e55ea/screenshot - {}
RESULT: {}
COMMAND: POST /session/3247b862f9661e1dad05ca414f9e55ea/element - {"using":"xpath","value":"//bdi[contains(text(), \"OK\")]"}
RESULT: {"using":"xpath","value":"//bdi[contains(text(), \"OK\")]"}
COMMAND: POST /session/3247b862f9661e1dad05ca414f9e55ea/element/f.BF6F4EA089F18175CED7BE484E452EA8.d.0FAAC125BF80412D7F4421048DADE63F.e.18578/click - {}
RESULT: {}
COMMAND: GET /session/3247b862f9661e1dad05ca414f9e55ea/screenshot - {}
RESULT: {}
COMMAND: POST /session/3247b862f9661e1dad05ca414f9e55ea/element - {"using":"xpath","value":"//bdi[contains(text(), \"Issue\")]"}
RESULT: {"using":"xpath","value":"//bdi[contains(text(), \"Issue\")]"}
COMMAND: POST /session/3247b862f9661e1dad05ca414f9e55ea/element/f.BF6F4EA089F18175CED7BE484E452EA8.d.0FAAC125BF80412D7F4421048DADE63F.e.18580/click - {}
RESULT: {}
COMMAND: GET /session/3247b862f9661e1dad05ca414f9e55ea/screenshot - {}
RESULT: {}
COMMAND: POST /session/3247b862f9661e1dad05ca414f9e55ea/element - {"using":"css selector","value":"#shell-header-logo"}
RESULT: {"using":"css selector","value":"#shell-header-logo"}
COMMAND: POST /session/3247b862f9661e1dad05ca414f9e55ea/element/f.BF6F4EA089F18175CED7BE484E452EA8.d.0FAAC125BF80412D7F4421048DADE63F.e.17595/click - {}
RESULT: {}
COMMAND: GET /session/3247b862f9661e1dad05ca414f9e55ea/screenshot - {}
RESULT: {}
]]></system-out>
    </testcase>
    <testcase classname="chrome.136_0_7103_93.windows.Performance_based_billing_(work_days)_US139742" name="Should create a few performance documents" time="96.062">
      <system-out><![CDATA[
COMMAND: POST /session/3247b862f9661e1dad05ca414f9e55ea/execute/async - {"script":"<script> [1562 bytes]","args":[{"selector":{"controlType":"sap.m.GenericTile","properties":{"header":"Manage States & Performance"}},"wdio_ui5_key":"sapm.GenericTile{\"header\":\"Manage States & Performance\"}"}]}
RESULT: {"script":"<script> [1562 bytes]","args":[{"selector":{"controlType":"sap.m.GenericTile","properties":{"header":"Manage States & Performance"}},"wdio_ui5_key":"sapm.GenericTile{\"header\":\"Manage States & Performance\"}"}]}
RESULT: undefined
COMMAND: POST /session/3247b862f9661e1dad05ca414f9e55ea/element - {"using":"xpath","value":"//*[@id=\"__tile56\"]"}
RESULT: {"using":"xpath","value":"//*[@id=\"__tile56\"]"}
COMMAND: POST /session/3247b862f9661e1dad05ca414f9e55ea/element/f.BF6F4EA089F18175CED7BE484E452EA8.d.0FAAC125BF80412D7F4421048DADE63F.e.15172/click - {}
RESULT: {}
COMMAND: GET /session/3247b862f9661e1dad05ca414f9e55ea/screenshot - {}
RESULT: {}
COMMAND: POST /session/3247b862f9661e1dad05ca414f9e55ea/elements - {"using":"xpath","value":"//span[text()='Error']"}
RESULT: {"using":"xpath","value":"//span[text()='Error']"}
COMMAND: POST /session/3247b862f9661e1dad05ca414f9e55ea/element - {"using":"xpath","value":"//div[@id=\"application-managestatesandperformance-display-component---stateAndPerform--smartFilterBarResources-btnBasicSearch\"]"}
RESULT: {"using":"xpath","value":"//div[@id=\"application-managestatesandperformance-display-component---stateAndPerform--smartFilterBarResources-btnBasicSearch\"]"}
COMMAND: POST /session/3247b862f9661e1dad05ca414f9e55ea/elements - {"using":"xpath","value":"//div[@id=\"application-managestatesandperformance-display-component---stateAndPerform--smartFilterBarResources-btnBasicSearch\"]"}
RESULT: {"using":"xpath","value":"//div[@id=\"application-managestatesandperformance-display-component---stateAndPerform--smartFilterBarResources-btnBasicSearch\"]"}
COMMAND: POST /session/3247b862f9661e1dad05ca414f9e55ea/execute/sync - {"script":"<script> [8489 bytes]","args":[{"element-6066-11e4-a52e-4f735466cecf":"f.BF6F4EA089F18175CED7BE484E452EA8.d.0FAAC125BF80412D7F4421048DADE63F.e.18963","ELEMENT":"f.BF6F4EA089F18175CED7BE484E452EA8.d.0FAAC125BF80412D7F4421048DADE63F.e.18963"}]}
RESULT: {"script":"<script> [8489 bytes]","args":[{"element-6066-11e4-a52e-4f735466cecf":"f.BF6F4EA089F18175CED7BE484E452EA8.d.0FAAC125BF80412D7F4421048DADE63F.e.18963","ELEMENT":"f.BF6F4EA089F18175CED7BE484E452EA8.d.0FAAC125BF80412D7F4421048DADE63F.e.18963"}]}
COMMAND: GET /session/3247b862f9661e1dad05ca414f9e55ea/element/f.BF6F4EA089F18175CED7BE484E452EA8.d.0FAAC125BF80412D7F4421048DADE63F.e.18963/enabled - {}
COMMAND: GET /session/3247b862f9661e1dad05ca414f9e55ea/screenshot - {}
RESULT: {}
COMMAND: POST /session/3247b862f9661e1dad05ca414f9e55ea/execute/sync - {"script":"<script> [8489 bytes]","args":[{"element-6066-11e4-a52e-4f735466cecf":"f.BF6F4EA089F18175CED7BE484E452EA8.d.0FAAC125BF80412D7F4421048DADE63F.e.18963","ELEMENT":"f.BF6F4EA089F18175CED7BE484E452EA8.d.0FAAC125BF80412D7F4421048DADE63F.e.18963"}]}
COMMAND: GET /session/3247b862f9661e1dad05ca414f9e55ea/screenshot - {}
RESULT: {}
RESULT: {"script":"<script> [8489 bytes]","args":[{"element-6066-11e4-a52e-4f735466cecf":"f.BF6F4EA089F18175CED7BE484E452EA8.d.0FAAC125BF80412D7F4421048DADE63F.e.18963","ELEMENT":"f.BF6F4EA089F18175CED7BE484E452EA8.d.0FAAC125BF80412D7F4421048DADE63F.e.18963"}]}
COMMAND: POST /session/3247b862f9661e1dad05ca414f9e55ea/execute/sync - {"script":"<script> [5351 bytes]","args":[{"element-6066-11e4-a52e-4f735466cecf":"f.BF6F4EA089F18175CED7BE484E452EA8.d.0FAAC125BF80412D7F4421048DADE63F.e.18963","ELEMENT":"f.BF6F4EA089F18175CED7BE484E452EA8.d.0FAAC125BF80412D7F4421048DADE63F.e.18963"}]}
COMMAND: GET /session/3247b862f9661e1dad05ca414f9e55ea/screenshot - {}
RESULT: {}
RESULT: {"script":"<script> [5351 bytes]","args":[{"element-6066-11e4-a52e-4f735466cecf":"f.BF6F4EA089F18175CED7BE484E452EA8.d.0FAAC125BF80412D7F4421048DADE63F.e.18963","ELEMENT":"f.BF6F4EA089F18175CED7BE484E452EA8.d.0FAAC125BF80412D7F4421048DADE63F.e.18963"}]}
COMMAND: POST /session/3247b862f9661e1dad05ca414f9e55ea/execute/async - {"script":"<script> [1562 bytes]","args":[{"selector":{"id":"application-managestatesandperformance-display-component---stateAndPerform--smartFilterBarResources-btnBasicSearch","interaction":{"idSuffix":"I"}},"wdio_ui5_key":"applicationmanagestatesandperformance-display-component---stateAndPerform--smartFilterBarResources-btnBasicSearch"}]}
COMMAND: GET /session/3247b862f9661e1dad05ca414f9e55ea/screenshot - {}
RESULT: {}
RESULT: {"script":"<script> [1562 bytes]","args":[{"selector":{"id":"application-managestatesandperformance-display-component---stateAndPerform--smartFilterBarResources-btnBasicSearch","interaction":{"idSuffix":"I"}},"wdio_ui5_key":"applicationmanagestatesandperformance-display-component---stateAndPerform--smartFilterBarResources-btnBasicSearch"}]}
RESULT: undefined
COMMAND: POST /session/3247b862f9661e1dad05ca414f9e55ea/execute/async - {"script":"<script> [776 bytes]","args":[{"enterText":"PgvVRfR9HT","selector":{"id":"application-managestatesandperformance-display-component---stateAndPerform--smartFilterBarResources-btnBasicSearch","interaction":{"idSuffix":"I"}},"clearTextFirst":true,"interactionType":"ENTER_TEXT"}]}
RESULT: {}
RESULT: {"script":"<script> [776 bytes]","args":[{"enterText":"PgvVRfR9HT","selector":{"id":"application-managestatesandperformance-display-component---stateAndPerform--smartFilterBarResources-btnBasicSearch","interaction":{"idSuffix":"I"}},"clearTextFirst":true,"interactionType":"ENTER_TEXT"}]}
COMMAND: POST /session/3247b862f9661e1dad05ca414f9e55ea/actions - {"actions":[{"id":"action63","type":"key","parameters":{},"actions":[{"type":"keyDown","value":"î€‡"},{"type":"pause","duration":10},{"type":"keyUp","value":"î€‡"}]}]}
RESULT: {"actions":[{"id":"action63","type":"key","parameters":{},"actions":[{"type":"keyDown","value":"î€‡"},{"type":"pause","duration":10},{"type":"keyUp","value":"î€‡"}]}]}
COMMAND: GET /session/3247b862f9661e1dad05ca414f9e55ea/screenshot - {}
RESULT: {}
COMMAND: POST /session/3247b862f9661e1dad05ca414f9e55ea/execute/async - {"script":"<script> [1562 bytes]","args":[{"selector":{"id":"application-managestatesandperformance-display-component---stateAndPerform--stateAndPerformResourcesSmartTable-header"},"wdio_ui5_key":"applicationmanagestatesandperformance-display-component---stateAndPerform--stateAndPerformResourcesSmartTable-header"}]}
RESULT: {"script":"<script> [1562 bytes]","args":[{"selector":{"id":"application-managestatesandperformance-display-component---stateAndPerform--stateAndPerformResourcesSmartTable-header"},"wdio_ui5_key":"applicationmanagestatesandperformance-display-component---stateAndPerform--stateAndPerformResourcesSmartTable-header"}]}
RESULT: undefined
COMMAND: POST /session/3247b862f9661e1dad05ca414f9e55ea/execute/async - {"script":"<script> [6424 bytes]","args":[{"element-6066-11e4-a52e-4f735466cecf":"f.BF6F4EA089F18175CED7BE484E452EA8.d.0FAAC125BF80412D7F4421048DADE63F.e.18978"},"getText",[]]}
RESULT: {"script":"<script> [6424 bytes]","args":[{"element-6066-11e4-a52e-4f735466cecf":"f.BF6F4EA089F18175CED7BE484E452EA8.d.0FAAC125BF80412D7F4421048DADE63F.e.18978"},"getText",[]]}
COMMAND: POST /session/3247b862f9661e1dad05ca414f9e55ea/execute/async - {"script":"<script> [1562 bytes]","args":[{"selector":{"controlType":"sap.ui.core.Icon","viewName":"etm.portal.ui.managestatesandperformance.view.Master","viewId":"application-managestatesandperformance-display-component---stateAndPerform","properties":{"src":{"regex":{"source":"slim\\-arrow\\-right"}}}},"wdio_ui5_key":"etmportal.ui.managestatesandperformance.view.Mastersap.ui.core.Icon{\"src\":{\"regex\":{\"source\":\"slim\\\\-arrow\\\\-right\"}}}"}]}
RESULT: {"script":"<script> [1562 bytes]","args":[{"selector":{"controlType":"sap.ui.core.Icon","viewName":"etm.portal.ui.managestatesandperformance.view.Master","viewId":"application-managestatesandperformance-display-component---stateAndPerform","properties":{"src":{"regex":{"source":"slim\\-arrow\\-right"}}}},"wdio_ui5_key":"etmportal.ui.managestatesandperformance.view.Mastersap.ui.core.Icon{\"src\":{\"regex\":{\"source\":\"slim\\\\-arrow\\\\-right\"}}}"}]}
RESULT: undefined
COMMAND: POST /session/3247b862f9661e1dad05ca414f9e55ea/element - {"using":"xpath","value":"//*[@id=\"__item2446-__clone4466-imgNav\"]"}
RESULT: {"using":"xpath","value":"//*[@id=\"__item2446-__clone4466-imgNav\"]"}
COMMAND: POST /session/3247b862f9661e1dad05ca414f9e55ea/element/f.BF6F4EA089F18175CED7BE484E452EA8.d.0FAAC125BF80412D7F4421048DADE63F.e.18977/click - {}
RESULT: {}
COMMAND: GET /session/3247b862f9661e1dad05ca414f9e55ea/screenshot - {}
RESULT: {}
COMMAND: POST /session/3247b862f9661e1dad05ca414f9e55ea/execute/async - {"script":"<script> [1562 bytes]","args":[{"selector":{"controlType":"sap.m.Button","viewName":"etm.portal.ui.managestatesandperformance.view.Detail","viewId":"application-managestatesandperformance-display-component---detailStateAndPerform","properties":{"text":"Performance Documents"}},"wdio_ui5_key":"etmportal.ui.managestatesandperformance.view.Detailsap.m.Button{\"text\":\"Performance Documents\"}"}]}
RESULT: {"script":"<script> [1562 bytes]","args":[{"selector":{"controlType":"sap.m.Button","viewName":"etm.portal.ui.managestatesandperformance.view.Detail","viewId":"application-managestatesandperformance-display-component---detailStateAndPerform","properties":{"text":"Performance Documents"}},"wdio_ui5_key":"etmportal.ui.managestatesandperformance.view.Detailsap.m.Button{\"text\":\"Performance Documents\"}"}]}
RESULT: undefined
COMMAND: POST /session/3247b862f9661e1dad05ca414f9e55ea/element - {"using":"xpath","value":"//*[@id=\"__item2469-button\"]"}
RESULT: {"using":"xpath","value":"//*[@id=\"__item2469-button\"]"}
COMMAND: POST /session/3247b862f9661e1dad05ca414f9e55ea/element/f.BF6F4EA089F18175CED7BE484E452EA8.d.0FAAC125BF80412D7F4421048DADE63F.e.19023/click - {}
RESULT: {}
COMMAND: POST /session/3247b862f9661e1dad05ca414f9e55ea/execute/async - {"script":"<script> [1562 bytes]","args":[{"selector":{"controlType":"sap.m.Button","viewName":"etm.portal.ui.managestatesandperformance.view.Detail","viewId":"application-managestatesandperformance-display-component---detailStateAndPerform","i18NText":{"propertyName":"text","key":"createPerformanceDoc"},"interaction":{"idSuffix":"BDI-content"}},"wdio_ui5_key":"etmportal.ui.managestatesandperformance.view.Detailsap.m.Button{\"propertyName\":\"text\",\"key\":\"createPerformanceDoc\"}"}]}
COMMAND: GET /session/3247b862f9661e1dad05ca414f9e55ea/screenshot - {}
RESULT: {"script":"<script> [1562 bytes]","args":[{"selector":{"controlType":"sap.m.Button","viewName":"etm.portal.ui.managestatesandperformance.view.Detail","viewId":"application-managestatesandperformance-display-component---detailStateAndPerform","i18NText":{"propertyName":"text","key":"createPerformanceDoc"},"interaction":{"idSuffix":"BDI-content"}},"wdio_ui5_key":"etmportal.ui.managestatesandperformance.view.Detailsap.m.Button{\"propertyName\":\"text\",\"key\":\"createPerformanceDoc\"}"}]}
RESULT: undefined
COMMAND: POST /session/3247b862f9661e1dad05ca414f9e55ea/element - {"using":"xpath","value":"//*[@id=\"__button349\"]"}
RESULT: {}
RESULT: {"using":"xpath","value":"//*[@id=\"__button349\"]"}
COMMAND: POST /session/3247b862f9661e1dad05ca414f9e55ea/element/f.BF6F4EA089F18175CED7BE484E452EA8.d.0FAAC125BF80412D7F4421048DADE63F.e.19026/click - {}
RESULT: {}
COMMAND: POST /session/3247b862f9661e1dad05ca414f9e55ea/execute/async - {"script":"<script> [1562 bytes]","args":[{"selector":{"id":"application-managestatesandperformance-display-component---detailStateAndPerform--perfDocDatePicker","searchOpenDialogs":true,"interaction":{"idSuffix":"inner"}},"wdio_ui5_key":"applicationmanagestatesandperformance-display-component---detailStateAndPerform--perfDocDatePicker"}]}
COMMAND: GET /session/3247b862f9661e1dad05ca414f9e55ea/screenshot - {}
RESULT: {"script":"<script> [1562 bytes]","args":[{"selector":{"id":"application-managestatesandperformance-display-component---detailStateAndPerform--perfDocDatePicker","searchOpenDialogs":true,"interaction":{"idSuffix":"inner"}},"wdio_ui5_key":"applicationmanagestatesandperformance-display-component---detailStateAndPerform--perfDocDatePicker"}]}
RESULT: undefined
COMMAND: POST /session/3247b862f9661e1dad05ca414f9e55ea/execute/async - {"script":"<script> [776 bytes]","args":[{"enterText":"5/22/25","selector":{"id":"application-managestatesandperformance-display-component---detailStateAndPerform--perfDocDatePicker","searchOpenDialogs":true,"interaction":{"idSuffix":"inner"}},"clearTextFirst":true,"interactionType":"ENTER_TEXT"}]}
RESULT: {}
RESULT: {"script":"<script> [776 bytes]","args":[{"enterText":"5/22/25","selector":{"id":"application-managestatesandperformance-display-component---detailStateAndPerform--perfDocDatePicker","searchOpenDialogs":true,"interaction":{"idSuffix":"inner"}},"clearTextFirst":true,"interactionType":"ENTER_TEXT"}]}
COMMAND: POST /session/3247b862f9661e1dad05ca414f9e55ea/execute/async - {"script":"<script> [1562 bytes]","args":[{"selector":{"id":"application-managestatesandperformance-display-component---detailStateAndPerform--counterValue-input","searchOpenDialogs":true,"interaction":{"idSuffix":"inner"}},"wdio_ui5_key":"applicationmanagestatesandperformance-display-component---detailStateAndPerform--counterValue-input"}]}
RESULT: {"script":"<script> [1562 bytes]","args":[{"selector":{"id":"application-managestatesandperformance-display-component---detailStateAndPerform--counterValue-input","searchOpenDialogs":true,"interaction":{"idSuffix":"inner"}},"wdio_ui5_key":"applicationmanagestatesandperformance-display-component---detailStateAndPerform--counterValue-input"}]}
RESULT: undefined
COMMAND: POST /session/3247b862f9661e1dad05ca414f9e55ea/execute/async - {"script":"<script> [776 bytes]","args":[{"enterText":"15.00","selector":{"id":"application-managestatesandperformance-display-component---detailStateAndPerform--counterValue-input","searchOpenDialogs":true,"interaction":{"idSuffix":"inner"}},"clearTextFirst":true,"interactionType":"ENTER_TEXT"}]}
RESULT: {"script":"<script> [776 bytes]","args":[{"enterText":"15.00","selector":{"id":"application-managestatesandperformance-display-component---detailStateAndPerform--counterValue-input","searchOpenDialogs":true,"interaction":{"idSuffix":"inner"}},"clearTextFirst":true,"interactionType":"ENTER_TEXT"}]}
COMMAND: POST /session/3247b862f9661e1dad05ca414f9e55ea/execute/async - {"script":"<script> [1562 bytes]","args":[{"selector":{"controlType":"sap.m.Button","viewName":"etm.portal.ui.managestatesandperformance.view.Detail","viewId":"application-managestatesandperformance-display-component---detailStateAndPerform","bindingPath":{"path":"","propertyPath":"/allowAddEdit","modelName":"oScreenModel"},"searchOpenDialogs":true,"interaction":{"idSuffix":"BDI-content"}},"wdio_ui5_key":"etmportal.ui.managestatesandperformance.view.Detailsap.m.Button{\"path\":\"\",\"propertyPath\":\"/allowAddEdit\",\"modelName\":\"oScreenModel\"}"}]}
RESULT: {"script":"<script> [1562 bytes]","args":[{"selector":{"controlType":"sap.m.Button","viewName":"etm.portal.ui.managestatesandperformance.view.Detail","viewId":"application-managestatesandperformance-display-component---detailStateAndPerform","bindingPath":{"path":"","propertyPath":"/allowAddEdit","modelName":"oScreenModel"},"searchOpenDialogs":true,"interaction":{"idSuffix":"BDI-content"}},"wdio_ui5_key":"etmportal.ui.managestatesandperformance.view.Detailsap.m.Button{\"path\":\"\",\"propertyPath\":\"/allowAddEdit\",\"modelName\":\"oScreenModel\"}"}]}
RESULT: undefined
COMMAND: POST /session/3247b862f9661e1dad05ca414f9e55ea/element - {"using":"xpath","value":"//*[@id=\"__button356\"]"}
RESULT: {"using":"xpath","value":"//*[@id=\"__button356\"]"}
COMMAND: POST /session/3247b862f9661e1dad05ca414f9e55ea/element/f.BF6F4EA089F18175CED7BE484E452EA8.d.0FAAC125BF80412D7F4421048DADE63F.e.19046/click - {}
RESULT: {}
RESULT: undefined
COMMAND: POST /session/3247b862f9661e1dad05ca414f9e55ea/element - {"using":"xpath","value":"//*[@id=\"__button349\"]"}
COMMAND: GET /session/3247b862f9661e1dad05ca414f9e55ea/screenshot - {}
RESULT: {"using":"xpath","value":"//*[@id=\"__button349\"]"}
COMMAND: POST /session/3247b862f9661e1dad05ca414f9e55ea/element/f.BF6F4EA089F18175CED7BE484E452EA8.d.0FAAC125BF80412D7F4421048DADE63F.e.19026/click - {}
RESULT: {}
RESULT: {}
RESULT: undefined
COMMAND: POST /session/3247b862f9661e1dad05ca414f9e55ea/execute/async - {"script":"<script> [776 bytes]","args":[{"enterText":"5/26/25","selector":{"id":"application-managestatesandperformance-display-component---detailStateAndPerform--perfDocDatePicker","searchOpenDialogs":true,"interaction":{"idSuffix":"inner"}},"clearTextFirst":true,"interactionType":"ENTER_TEXT"}]}
COMMAND: GET /session/3247b862f9661e1dad05ca414f9e55ea/screenshot - {}
RESULT: {"script":"<script> [776 bytes]","args":[{"enterText":"5/26/25","selector":{"id":"application-managestatesandperformance-display-component---detailStateAndPerform--perfDocDatePicker","searchOpenDialogs":true,"interaction":{"idSuffix":"inner"}},"clearTextFirst":true,"interactionType":"ENTER_TEXT"}]}
RESULT: undefined
COMMAND: POST /session/3247b862f9661e1dad05ca414f9e55ea/execute/async - {"script":"<script> [776 bytes]","args":[{"enterText":"20.00","selector":{"id":"application-managestatesandperformance-display-component---detailStateAndPerform--counterValue-input","searchOpenDialogs":true,"interaction":{"idSuffix":"inner"}},"clearTextFirst":true,"interactionType":"ENTER_TEXT"}]}
RESULT: {}
RESULT: {"script":"<script> [776 bytes]","args":[{"enterText":"20.00","selector":{"id":"application-managestatesandperformance-display-component---detailStateAndPerform--counterValue-input","searchOpenDialogs":true,"interaction":{"idSuffix":"inner"}},"clearTextFirst":true,"interactionType":"ENTER_TEXT"}]}
COMMAND: POST /session/3247b862f9661e1dad05ca414f9e55ea/actions - {"actions":[{"id":"action64","type":"key","parameters":{},"actions":[{"type":"keyDown","value":"î€„"},{"type":"keyDown","value":"î€„"},{"type":"pause","duration":10},{"type":"keyUp","value":"î€„"},{"type":"keyUp","value":"î€„"}]}]}
RESULT: {"actions":[{"id":"action64","type":"key","parameters":{},"actions":[{"type":"keyDown","value":"î€„"},{"type":"keyDown","value":"î€„"},{"type":"pause","duration":10},{"type":"keyUp","value":"î€„"},{"type":"keyUp","value":"î€„"}]}]}
COMMAND: POST /session/3247b862f9661e1dad05ca414f9e55ea/actions - {"actions":[{"id":"action65","type":"key","parameters":{},"actions":[{"type":"keyDown","value":"î€‡"},{"type":"pause","duration":10},{"type":"keyUp","value":"î€‡"}]}]}
COMMAND: GET /session/3247b862f9661e1dad05ca414f9e55ea/screenshot - {}
RESULT: {"actions":[{"id":"action65","type":"key","parameters":{},"actions":[{"type":"keyDown","value":"î€‡"},{"type":"pause","duration":10},{"type":"keyUp","value":"î€‡"}]}]}
RESULT: undefined
COMMAND: POST /session/3247b862f9661e1dad05ca414f9e55ea/element - {"using":"xpath","value":"//*[@id=\"__button356\"]"}
COMMAND: GET /session/3247b862f9661e1dad05ca414f9e55ea/screenshot - {}
RESULT: {}
RESULT: {"using":"xpath","value":"//*[@id=\"__button356\"]"}
COMMAND: POST /session/3247b862f9661e1dad05ca414f9e55ea/elements - {"using":"xpath","value":"//*[@id=\"__button356\"]"}
RESULT: {}
RESULT: {"using":"xpath","value":"//*[@id=\"__button356\"]"}
COMMAND: POST /session/3247b862f9661e1dad05ca414f9e55ea/elements - {"using":"xpath","value":"//*[@id=\"__button356\"]"}
RESULT: {"using":"xpath","value":"//*[@id=\"__button356\"]"}
COMMAND: POST /session/3247b862f9661e1dad05ca414f9e55ea/elements - {"using":"xpath","value":"//*[@id=\"__button356\"]"}
RESULT: {"using":"xpath","value":"//*[@id=\"__button356\"]"}
COMMAND: POST /session/3247b862f9661e1dad05ca414f9e55ea/elements - {"using":"xpath","value":"//*[@id=\"__button356\"]"}
RESULT: {"using":"xpath","value":"//*[@id=\"__button356\"]"}
COMMAND: POST /session/3247b862f9661e1dad05ca414f9e55ea/elements - {"using":"xpath","value":"//*[@id=\"__button356\"]"}
RESULT: {"using":"xpath","value":"//*[@id=\"__button356\"]"}
COMMAND: POST /session/3247b862f9661e1dad05ca414f9e55ea/elements - {"using":"xpath","value":"//*[@id=\"__button356\"]"}
RESULT: {"using":"xpath","value":"//*[@id=\"__button356\"]"}
COMMAND: POST /session/3247b862f9661e1dad05ca414f9e55ea/elements - {"using":"xpath","value":"//*[@id=\"__button356\"]"}
RESULT: {"using":"xpath","value":"//*[@id=\"__button356\"]"}
COMMAND: POST /session/3247b862f9661e1dad05ca414f9e55ea/elements - {"using":"xpath","value":"//*[@id=\"__button356\"]"}
RESULT: {"using":"xpath","value":"//*[@id=\"__button356\"]"}
COMMAND: POST /session/3247b862f9661e1dad05ca414f9e55ea/elements - {"using":"xpath","value":"//*[@id=\"__button356\"]"}
RESULT: {"using":"xpath","value":"//*[@id=\"__button356\"]"}
COMMAND: POST /session/3247b862f9661e1dad05ca414f9e55ea/elements - {"using":"xpath","value":"//*[@id=\"__button356\"]"}
RESULT: {"using":"xpath","value":"//*[@id=\"__button356\"]"}
COMMAND: POST /session/3247b862f9661e1dad05ca414f9e55ea/elements - {"using":"xpath","value":"//*[@id=\"__button356\"]"}
RESULT: {"using":"xpath","value":"//*[@id=\"__button356\"]"}
COMMAND: POST /session/3247b862f9661e1dad05ca414f9e55ea/elements - {"using":"xpath","value":"//*[@id=\"__button356\"]"}
RESULT: {"using":"xpath","value":"//*[@id=\"__button356\"]"}
COMMAND: POST /session/3247b862f9661e1dad05ca414f9e55ea/elements - {"using":"xpath","value":"//*[@id=\"__button356\"]"}
RESULT: {"using":"xpath","value":"//*[@id=\"__button356\"]"}
COMMAND: POST /session/3247b862f9661e1dad05ca414f9e55ea/elements - {"using":"xpath","value":"//*[@id=\"__button356\"]"}
RESULT: {"using":"xpath","value":"//*[@id=\"__button356\"]"}
COMMAND: POST /session/3247b862f9661e1dad05ca414f9e55ea/elements - {"using":"xpath","value":"//*[@id=\"__button356\"]"}
RESULT: {"using":"xpath","value":"//*[@id=\"__button356\"]"}
COMMAND: POST /session/3247b862f9661e1dad05ca414f9e55ea/elements - {"using":"xpath","value":"//*[@id=\"__button356\"]"}
RESULT: {"using":"xpath","value":"//*[@id=\"__button356\"]"}
COMMAND: POST /session/3247b862f9661e1dad05ca414f9e55ea/elements - {"using":"xpath","value":"//*[@id=\"__button356\"]"}
RESULT: {"using":"xpath","value":"//*[@id=\"__button356\"]"}
COMMAND: POST /session/3247b862f9661e1dad05ca414f9e55ea/elements - {"using":"xpath","value":"//*[@id=\"__button356\"]"}
RESULT: {"using":"xpath","value":"//*[@id=\"__button356\"]"}
COMMAND: POST /session/3247b862f9661e1dad05ca414f9e55ea/elements - {"using":"xpath","value":"//*[@id=\"__button356\"]"}
RESULT: {"using":"xpath","value":"//*[@id=\"__button356\"]"}
COMMAND: POST /session/3247b862f9661e1dad05ca414f9e55ea/elements - {"using":"xpath","value":"//*[@id=\"__button356\"]"}
RESULT: {"using":"xpath","value":"//*[@id=\"__button356\"]"}
COMMAND: POST /session/3247b862f9661e1dad05ca414f9e55ea/elements - {"using":"xpath","value":"//*[@id=\"__button356\"]"}
RESULT: {"using":"xpath","value":"//*[@id=\"__button356\"]"}
COMMAND: POST /session/3247b862f9661e1dad05ca414f9e55ea/elements - {"using":"xpath","value":"//*[@id=\"__button356\"]"}
RESULT: {"using":"xpath","value":"//*[@id=\"__button356\"]"}
COMMAND: POST /session/3247b862f9661e1dad05ca414f9e55ea/elements - {"using":"xpath","value":"//*[@id=\"__button356\"]"}
RESULT: {"using":"xpath","value":"//*[@id=\"__button356\"]"}
COMMAND: POST /session/3247b862f9661e1dad05ca414f9e55ea/elements - {"using":"xpath","value":"//*[@id=\"__button356\"]"}
RESULT: {"using":"xpath","value":"//*[@id=\"__button356\"]"}
COMMAND: POST /session/3247b862f9661e1dad05ca414f9e55ea/elements - {"using":"xpath","value":"//*[@id=\"__button356\"]"}
RESULT: {"using":"xpath","value":"//*[@id=\"__button356\"]"}
COMMAND: POST /session/3247b862f9661e1dad05ca414f9e55ea/elements - {"using":"xpath","value":"//*[@id=\"__button356\"]"}
RESULT: {"using":"xpath","value":"//*[@id=\"__button356\"]"}
COMMAND: POST /session/3247b862f9661e1dad05ca414f9e55ea/elements - {"using":"xpath","value":"//*[@id=\"__button356\"]"}
RESULT: {"using":"xpath","value":"//*[@id=\"__button356\"]"}
COMMAND: POST /session/3247b862f9661e1dad05ca414f9e55ea/elements - {"using":"xpath","value":"//*[@id=\"__button356\"]"}
RESULT: {"using":"xpath","value":"//*[@id=\"__button356\"]"}
COMMAND: POST /session/3247b862f9661e1dad05ca414f9e55ea/elements - {"using":"xpath","value":"//*[@id=\"__button356\"]"}
RESULT: {"using":"xpath","value":"//*[@id=\"__button356\"]"}
COMMAND: POST /session/3247b862f9661e1dad05ca414f9e55ea/elements - {"using":"xpath","value":"//*[@id=\"__button356\"]"}
RESULT: {"using":"xpath","value":"//*[@id=\"__button356\"]"}
COMMAND: POST /session/3247b862f9661e1dad05ca414f9e55ea/elements - {"using":"xpath","value":"//*[@id=\"__button356\"]"}
RESULT: {"using":"xpath","value":"//*[@id=\"__button356\"]"}
COMMAND: POST /session/3247b862f9661e1dad05ca414f9e55ea/elements - {"using":"xpath","value":"//*[@id=\"__button356\"]"}
RESULT: {"using":"xpath","value":"//*[@id=\"__button356\"]"}
COMMAND: POST /session/3247b862f9661e1dad05ca414f9e55ea/elements - {"using":"xpath","value":"//*[@id=\"__button356\"]"}
RESULT: {"using":"xpath","value":"//*[@id=\"__button356\"]"}
COMMAND: POST /session/3247b862f9661e1dad05ca414f9e55ea/elements - {"using":"xpath","value":"//*[@id=\"__button356\"]"}
RESULT: {"using":"xpath","value":"//*[@id=\"__button356\"]"}
COMMAND: POST /session/3247b862f9661e1dad05ca414f9e55ea/elements - {"using":"xpath","value":"//*[@id=\"__button356\"]"}
RESULT: {"using":"xpath","value":"//*[@id=\"__button356\"]"}
COMMAND: POST /session/3247b862f9661e1dad05ca414f9e55ea/elements - {"using":"xpath","value":"//*[@id=\"__button356\"]"}
RESULT: {"using":"xpath","value":"//*[@id=\"__button356\"]"}
COMMAND: POST /session/3247b862f9661e1dad05ca414f9e55ea/elements - {"using":"xpath","value":"//*[@id=\"__button356\"]"}
RESULT: {"using":"xpath","value":"//*[@id=\"__button356\"]"}
COMMAND: POST /session/3247b862f9661e1dad05ca414f9e55ea/elements - {"using":"xpath","value":"//*[@id=\"__button356\"]"}
RESULT: {"using":"xpath","value":"//*[@id=\"__button356\"]"}
COMMAND: POST /session/3247b862f9661e1dad05ca414f9e55ea/elements - {"using":"xpath","value":"//*[@id=\"__button356\"]"}
RESULT: {"using":"xpath","value":"//*[@id=\"__button356\"]"}
COMMAND: POST /session/3247b862f9661e1dad05ca414f9e55ea/elements - {"using":"xpath","value":"//*[@id=\"__button356\"]"}
RESULT: {"using":"xpath","value":"//*[@id=\"__button356\"]"}
COMMAND: POST /session/3247b862f9661e1dad05ca414f9e55ea/elements - {"using":"xpath","value":"//*[@id=\"__button356\"]"}
RESULT: {"using":"xpath","value":"//*[@id=\"__button356\"]"}
COMMAND: POST /session/3247b862f9661e1dad05ca414f9e55ea/elements - {"using":"xpath","value":"//*[@id=\"__button356\"]"}
RESULT: {"using":"xpath","value":"//*[@id=\"__button356\"]"}
COMMAND: POST /session/3247b862f9661e1dad05ca414f9e55ea/elements - {"using":"xpath","value":"//*[@id=\"__button356\"]"}
RESULT: {"using":"xpath","value":"//*[@id=\"__button356\"]"}
COMMAND: POST /session/3247b862f9661e1dad05ca414f9e55ea/elements - {"using":"xpath","value":"//*[@id=\"__button356\"]"}
RESULT: {"using":"xpath","value":"//*[@id=\"__button356\"]"}
COMMAND: POST /session/3247b862f9661e1dad05ca414f9e55ea/elements - {"using":"xpath","value":"//*[@id=\"__button356\"]"}
RESULT: {"using":"xpath","value":"//*[@id=\"__button356\"]"}
COMMAND: POST /session/3247b862f9661e1dad05ca414f9e55ea/elements - {"using":"xpath","value":"//*[@id=\"__button356\"]"}
RESULT: {"using":"xpath","value":"//*[@id=\"__button356\"]"}
COMMAND: POST /session/3247b862f9661e1dad05ca414f9e55ea/elements - {"using":"xpath","value":"//*[@id=\"__button356\"]"}
RESULT: {"using":"xpath","value":"//*[@id=\"__button356\"]"}
COMMAND: POST /session/3247b862f9661e1dad05ca414f9e55ea/elements - {"using":"xpath","value":"//*[@id=\"__button356\"]"}
RESULT: {"using":"xpath","value":"//*[@id=\"__button356\"]"}
COMMAND: POST /session/3247b862f9661e1dad05ca414f9e55ea/elements - {"using":"xpath","value":"//*[@id=\"__button356\"]"}
RESULT: {"using":"xpath","value":"//*[@id=\"__button356\"]"}
COMMAND: POST /session/3247b862f9661e1dad05ca414f9e55ea/elements - {"using":"xpath","value":"//*[@id=\"__button356\"]"}
RESULT: {"using":"xpath","value":"//*[@id=\"__button356\"]"}
COMMAND: POST /session/3247b862f9661e1dad05ca414f9e55ea/elements - {"using":"xpath","value":"//*[@id=\"__button356\"]"}
RESULT: {"using":"xpath","value":"//*[@id=\"__button356\"]"}
COMMAND: POST /session/3247b862f9661e1dad05ca414f9e55ea/elements - {"using":"xpath","value":"//*[@id=\"__button356\"]"}
RESULT: {"using":"xpath","value":"//*[@id=\"__button356\"]"}
COMMAND: POST /session/3247b862f9661e1dad05ca414f9e55ea/elements - {"using":"xpath","value":"//*[@id=\"__button356\"]"}
RESULT: {"using":"xpath","value":"//*[@id=\"__button356\"]"}
COMMAND: POST /session/3247b862f9661e1dad05ca414f9e55ea/elements - {"using":"xpath","value":"//*[@id=\"__button356\"]"}
RESULT: {"using":"xpath","value":"//*[@id=\"__button356\"]"}
COMMAND: POST /session/3247b862f9661e1dad05ca414f9e55ea/elements - {"using":"xpath","value":"//*[@id=\"__button356\"]"}
RESULT: {"using":"xpath","value":"//*[@id=\"__button356\"]"}
COMMAND: POST /session/3247b862f9661e1dad05ca414f9e55ea/elements - {"using":"xpath","value":"//*[@id=\"__button356\"]"}
RESULT: {"using":"xpath","value":"//*[@id=\"__button356\"]"}
COMMAND: POST /session/3247b862f9661e1dad05ca414f9e55ea/elements - {"using":"xpath","value":"//*[@id=\"__button356\"]"}
RESULT: {"using":"xpath","value":"//*[@id=\"__button356\"]"}
COMMAND: POST /session/3247b862f9661e1dad05ca414f9e55ea/elements - {"using":"xpath","value":"//*[@id=\"__button356\"]"}
RESULT: {"using":"xpath","value":"//*[@id=\"__button356\"]"}
COMMAND: POST /session/3247b862f9661e1dad05ca414f9e55ea/elements - {"using":"xpath","value":"//*[@id=\"__button356\"]"}
RESULT: {"using":"xpath","value":"//*[@id=\"__button356\"]"}
COMMAND: POST /session/3247b862f9661e1dad05ca414f9e55ea/elements - {"using":"xpath","value":"//*[@id=\"__button356\"]"}
RESULT: {"using":"xpath","value":"//*[@id=\"__button356\"]"}
COMMAND: POST /session/3247b862f9661e1dad05ca414f9e55ea/elements - {"using":"xpath","value":"//*[@id=\"__button356\"]"}
RESULT: {"using":"xpath","value":"//*[@id=\"__button356\"]"}
COMMAND: POST /session/3247b862f9661e1dad05ca414f9e55ea/elements - {"using":"xpath","value":"//*[@id=\"__button356\"]"}
RESULT: {"using":"xpath","value":"//*[@id=\"__button356\"]"}
COMMAND: POST /session/3247b862f9661e1dad05ca414f9e55ea/elements - {"using":"xpath","value":"//*[@id=\"__button356\"]"}
RESULT: {"using":"xpath","value":"//*[@id=\"__button356\"]"}
COMMAND: POST /session/3247b862f9661e1dad05ca414f9e55ea/elements - {"using":"xpath","value":"//*[@id=\"__button356\"]"}
RESULT: {"using":"xpath","value":"//*[@id=\"__button356\"]"}
COMMAND: POST /session/3247b862f9661e1dad05ca414f9e55ea/elements - {"using":"xpath","value":"//*[@id=\"__button356\"]"}
RESULT: {"using":"xpath","value":"//*[@id=\"__button356\"]"}
COMMAND: POST /session/3247b862f9661e1dad05ca414f9e55ea/elements - {"using":"xpath","value":"//*[@id=\"__button356\"]"}
RESULT: {"using":"xpath","value":"//*[@id=\"__button356\"]"}
COMMAND: POST /session/3247b862f9661e1dad05ca414f9e55ea/elements - {"using":"xpath","value":"//*[@id=\"__button356\"]"}
RESULT: {"using":"xpath","value":"//*[@id=\"__button356\"]"}
COMMAND: POST /session/3247b862f9661e1dad05ca414f9e55ea/elements - {"using":"xpath","value":"//*[@id=\"__button356\"]"}
RESULT: {"using":"xpath","value":"//*[@id=\"__button356\"]"}
COMMAND: POST /session/3247b862f9661e1dad05ca414f9e55ea/elements - {"using":"xpath","value":"//*[@id=\"__button356\"]"}
RESULT: {"using":"xpath","value":"//*[@id=\"__button356\"]"}
COMMAND: POST /session/3247b862f9661e1dad05ca414f9e55ea/elements - {"using":"xpath","value":"//*[@id=\"__button356\"]"}
RESULT: {"using":"xpath","value":"//*[@id=\"__button356\"]"}
COMMAND: POST /session/3247b862f9661e1dad05ca414f9e55ea/elements - {"using":"xpath","value":"//*[@id=\"__button356\"]"}
RESULT: {"using":"xpath","value":"//*[@id=\"__button356\"]"}
COMMAND: POST /session/3247b862f9661e1dad05ca414f9e55ea/elements - {"using":"xpath","value":"//*[@id=\"__button356\"]"}
RESULT: {"using":"xpath","value":"//*[@id=\"__button356\"]"}
COMMAND: POST /session/3247b862f9661e1dad05ca414f9e55ea/elements - {"using":"xpath","value":"//*[@id=\"__button356\"]"}
RESULT: {"using":"xpath","value":"//*[@id=\"__button356\"]"}
COMMAND: POST /session/3247b862f9661e1dad05ca414f9e55ea/elements - {"using":"xpath","value":"//*[@id=\"__button356\"]"}
RESULT: {"using":"xpath","value":"//*[@id=\"__button356\"]"}
COMMAND: POST /session/3247b862f9661e1dad05ca414f9e55ea/elements - {"using":"xpath","value":"//*[@id=\"__button356\"]"}
RESULT: {"using":"xpath","value":"//*[@id=\"__button356\"]"}
COMMAND: POST /session/3247b862f9661e1dad05ca414f9e55ea/elements - {"using":"xpath","value":"//*[@id=\"__button356\"]"}
RESULT: {"using":"xpath","value":"//*[@id=\"__button356\"]"}
COMMAND: POST /session/3247b862f9661e1dad05ca414f9e55ea/elements - {"using":"xpath","value":"//*[@id=\"__button356\"]"}
RESULT: {"using":"xpath","value":"//*[@id=\"__button356\"]"}
COMMAND: POST /session/3247b862f9661e1dad05ca414f9e55ea/elements - {"using":"xpath","value":"//*[@id=\"__button356\"]"}
RESULT: {"using":"xpath","value":"//*[@id=\"__button356\"]"}
COMMAND: POST /session/3247b862f9661e1dad05ca414f9e55ea/elements - {"using":"xpath","value":"//*[@id=\"__button356\"]"}
RESULT: {"using":"xpath","value":"//*[@id=\"__button356\"]"}
COMMAND: POST /session/3247b862f9661e1dad05ca414f9e55ea/elements - {"using":"xpath","value":"//*[@id=\"__button356\"]"}
RESULT: {"using":"xpath","value":"//*[@id=\"__button356\"]"}
COMMAND: POST /session/3247b862f9661e1dad05ca414f9e55ea/elements - {"using":"xpath","value":"//*[@id=\"__button356\"]"}
RESULT: {"using":"xpath","value":"//*[@id=\"__button356\"]"}
COMMAND: POST /session/3247b862f9661e1dad05ca414f9e55ea/elements - {"using":"xpath","value":"//*[@id=\"__button356\"]"}
RESULT: {"using":"xpath","value":"//*[@id=\"__button356\"]"}
COMMAND: POST /session/3247b862f9661e1dad05ca414f9e55ea/elements - {"using":"xpath","value":"//*[@id=\"__button356\"]"}
RESULT: {"using":"xpath","value":"//*[@id=\"__button356\"]"}
COMMAND: POST /session/3247b862f9661e1dad05ca414f9e55ea/elements - {"using":"xpath","value":"//*[@id=\"__button356\"]"}
RESULT: {"using":"xpath","value":"//*[@id=\"__button356\"]"}
COMMAND: POST /session/3247b862f9661e1dad05ca414f9e55ea/elements - {"using":"xpath","value":"//*[@id=\"__button356\"]"}
RESULT: {"using":"xpath","value":"//*[@id=\"__button356\"]"}
COMMAND: POST /session/3247b862f9661e1dad05ca414f9e55ea/elements - {"using":"xpath","value":"//*[@id=\"__button356\"]"}
RESULT: {"using":"xpath","value":"//*[@id=\"__button356\"]"}
COMMAND: POST /session/3247b862f9661e1dad05ca414f9e55ea/elements - {"using":"xpath","value":"//*[@id=\"__button356\"]"}
RESULT: {"using":"xpath","value":"//*[@id=\"__button356\"]"}
COMMAND: POST /session/3247b862f9661e1dad05ca414f9e55ea/elements - {"using":"xpath","value":"//*[@id=\"__button356\"]"}
RESULT: {"using":"xpath","value":"//*[@id=\"__button356\"]"}
COMMAND: POST /session/3247b862f9661e1dad05ca414f9e55ea/elements - {"using":"xpath","value":"//*[@id=\"__button356\"]"}
RESULT: {"using":"xpath","value":"//*[@id=\"__button356\"]"}
COMMAND: POST /session/3247b862f9661e1dad05ca414f9e55ea/elements - {"using":"xpath","value":"//*[@id=\"__button356\"]"}
RESULT: {"using":"xpath","value":"//*[@id=\"__button356\"]"}
COMMAND: POST /session/3247b862f9661e1dad05ca414f9e55ea/elements - {"using":"xpath","value":"//*[@id=\"__button356\"]"}
RESULT: {"using":"xpath","value":"//*[@id=\"__button356\"]"}
COMMAND: POST /session/3247b862f9661e1dad05ca414f9e55ea/elements - {"using":"xpath","value":"//*[@id=\"__button356\"]"}
RESULT: {"using":"xpath","value":"//*[@id=\"__button356\"]"}
COMMAND: POST /session/3247b862f9661e1dad05ca414f9e55ea/elements - {"using":"xpath","value":"//*[@id=\"__button356\"]"}
RESULT: {"using":"xpath","value":"//*[@id=\"__button356\"]"}
COMMAND: POST /session/3247b862f9661e1dad05ca414f9e55ea/elements - {"using":"xpath","value":"//*[@id=\"__button356\"]"}
RESULT: {"using":"xpath","value":"//*[@id=\"__button356\"]"}
COMMAND: POST /session/3247b862f9661e1dad05ca414f9e55ea/elements - {"using":"xpath","value":"//*[@id=\"__button356\"]"}
RESULT: {"using":"xpath","value":"//*[@id=\"__button356\"]"}
COMMAND: POST /session/3247b862f9661e1dad05ca414f9e55ea/elements - {"using":"xpath","value":"//*[@id=\"__button356\"]"}
RESULT: {"using":"xpath","value":"//*[@id=\"__button356\"]"}
COMMAND: POST /session/3247b862f9661e1dad05ca414f9e55ea/elements - {"using":"xpath","value":"//*[@id=\"__button356\"]"}
RESULT: {"using":"xpath","value":"//*[@id=\"__button356\"]"}
COMMAND: POST /session/3247b862f9661e1dad05ca414f9e55ea/elements - {"using":"xpath","value":"//*[@id=\"__button356\"]"}
RESULT: {"using":"xpath","value":"//*[@id=\"__button356\"]"}
COMMAND: POST /session/3247b862f9661e1dad05ca414f9e55ea/elements - {"using":"xpath","value":"//*[@id=\"__button356\"]"}
RESULT: {"using":"xpath","value":"//*[@id=\"__button356\"]"}
COMMAND: POST /session/3247b862f9661e1dad05ca414f9e55ea/elements - {"using":"xpath","value":"//*[@id=\"__button356\"]"}
RESULT: {"using":"xpath","value":"//*[@id=\"__button356\"]"}
COMMAND: POST /session/3247b862f9661e1dad05ca414f9e55ea/elements - {"using":"xpath","value":"//*[@id=\"__button356\"]"}
RESULT: {"using":"xpath","value":"//*[@id=\"__button356\"]"}
COMMAND: POST /session/3247b862f9661e1dad05ca414f9e55ea/elements - {"using":"xpath","value":"//*[@id=\"__button356\"]"}
RESULT: {"using":"xpath","value":"//*[@id=\"__button356\"]"}
COMMAND: POST /session/3247b862f9661e1dad05ca414f9e55ea/elements - {"using":"xpath","value":"//*[@id=\"__button356\"]"}
RESULT: {"using":"xpath","value":"//*[@id=\"__button356\"]"}
COMMAND: POST /session/3247b862f9661e1dad05ca414f9e55ea/elements - {"using":"xpath","value":"//*[@id=\"__button356\"]"}
RESULT: {"using":"xpath","value":"//*[@id=\"__button356\"]"}
COMMAND: POST /session/3247b862f9661e1dad05ca414f9e55ea/elements - {"using":"xpath","value":"//*[@id=\"__button356\"]"}
RESULT: {"using":"xpath","value":"//*[@id=\"__button356\"]"}
COMMAND: POST /session/3247b862f9661e1dad05ca414f9e55ea/elements - {"using":"xpath","value":"//*[@id=\"__button356\"]"}
RESULT: {"using":"xpath","value":"//*[@id=\"__button356\"]"}
COMMAND: POST /session/3247b862f9661e1dad05ca414f9e55ea/elements - {"using":"xpath","value":"//*[@id=\"__button356\"]"}
RESULT: {"using":"xpath","value":"//*[@id=\"__button356\"]"}
COMMAND: POST /session/3247b862f9661e1dad05ca414f9e55ea/elements - {"using":"xpath","value":"//*[@id=\"__button356\"]"}
RESULT: {"using":"xpath","value":"//*[@id=\"__button356\"]"}
COMMAND: POST /session/3247b862f9661e1dad05ca414f9e55ea/elements - {"using":"xpath","value":"//*[@id=\"__button356\"]"}
RESULT: {"using":"xpath","value":"//*[@id=\"__button356\"]"}
COMMAND: POST /session/3247b862f9661e1dad05ca414f9e55ea/elements - {"using":"xpath","value":"//*[@id=\"__button356\"]"}
RESULT: {"using":"xpath","value":"//*[@id=\"__button356\"]"}
COMMAND: POST /session/3247b862f9661e1dad05ca414f9e55ea/elements - {"using":"xpath","value":"//*[@id=\"__button356\"]"}
RESULT: {"using":"xpath","value":"//*[@id=\"__button356\"]"}
COMMAND: POST /session/3247b862f9661e1dad05ca414f9e55ea/elements - {"using":"xpath","value":"//*[@id=\"__button356\"]"}
RESULT: {"using":"xpath","value":"//*[@id=\"__button356\"]"}
COMMAND: POST /session/3247b862f9661e1dad05ca414f9e55ea/elements - {"using":"xpath","value":"//*[@id=\"__button356\"]"}
RESULT: {"using":"xpath","value":"//*[@id=\"__button356\"]"}
COMMAND: POST /session/3247b862f9661e1dad05ca414f9e55ea/elements - {"using":"xpath","value":"//*[@id=\"__button356\"]"}
RESULT: {"using":"xpath","value":"//*[@id=\"__button356\"]"}
COMMAND: POST /session/3247b862f9661e1dad05ca414f9e55ea/elements - {"using":"xpath","value":"//*[@id=\"__button356\"]"}
RESULT: {"using":"xpath","value":"//*[@id=\"__button356\"]"}
COMMAND: POST /session/3247b862f9661e1dad05ca414f9e55ea/elements - {"using":"xpath","value":"//*[@id=\"__button356\"]"}
RESULT: {"using":"xpath","value":"//*[@id=\"__button356\"]"}
COMMAND: POST /session/3247b862f9661e1dad05ca414f9e55ea/elements - {"using":"xpath","value":"//*[@id=\"__button356\"]"}
RESULT: {"using":"xpath","value":"//*[@id=\"__button356\"]"}
COMMAND: POST /session/3247b862f9661e1dad05ca414f9e55ea/elements - {"using":"xpath","value":"//*[@id=\"__button356\"]"}
RESULT: {"using":"xpath","value":"//*[@id=\"__button356\"]"}
COMMAND: POST /session/3247b862f9661e1dad05ca414f9e55ea/elements - {"using":"xpath","value":"//*[@id=\"__button356\"]"}
RESULT: {"using":"xpath","value":"//*[@id=\"__button356\"]"}
COMMAND: POST /session/3247b862f9661e1dad05ca414f9e55ea/elements - {"using":"xpath","value":"//*[@id=\"__button356\"]"}
RESULT: {"using":"xpath","value":"//*[@id=\"__button356\"]"}
COMMAND: POST /session/3247b862f9661e1dad05ca414f9e55ea/elements - {"using":"xpath","value":"//*[@id=\"__button356\"]"}
COMMAND: POST /session/3247b862f9661e1dad05ca414f9e55ea/element - {"using":"css selector","value":"#shell-header-logo"}
RESULT: {"using":"xpath","value":"//*[@id=\"__button356\"]"}
RESULT: {"using":"css selector","value":"#shell-header-logo"}
COMMAND: POST /session/3247b862f9661e1dad05ca414f9e55ea/execute/sync - {"script":"<script> [8489 bytes]","args":[{"element-6066-11e4-a52e-4f735466cecf":"f.BF6F4EA089F18175CED7BE484E452EA8.d.0FAAC125BF80412D7F4421048DADE63F.e.18876","ELEMENT":"f.BF6F4EA089F18175CED7BE484E452EA8.d.0FAAC125BF80412D7F4421048DADE63F.e.18876"}]}
RESULT: {"script":"<script> [8489 bytes]","args":[{"element-6066-11e4-a52e-4f735466cecf":"f.BF6F4EA089F18175CED7BE484E452EA8.d.0FAAC125BF80412D7F4421048DADE63F.e.18876","ELEMENT":"f.BF6F4EA089F18175CED7BE484E452EA8.d.0FAAC125BF80412D7F4421048DADE63F.e.18876"}]}
COMMAND: POST /session/3247b862f9661e1dad05ca414f9e55ea/execute/sync - {"script":"<script> [5351 bytes]","args":[{"element-6066-11e4-a52e-4f735466cecf":"f.BF6F4EA089F18175CED7BE484E452EA8.d.0FAAC125BF80412D7F4421048DADE63F.e.18876","ELEMENT":"f.BF6F4EA089F18175CED7BE484E452EA8.d.0FAAC125BF80412D7F4421048DADE63F.e.18876"}]}
COMMAND: GET /session/3247b862f9661e1dad05ca414f9e55ea/screenshot - {}
RESULT: {"script":"<script> [5351 bytes]","args":[{"element-6066-11e4-a52e-4f735466cecf":"f.BF6F4EA089F18175CED7BE484E452EA8.d.0FAAC125BF80412D7F4421048DADE63F.e.18876","ELEMENT":"f.BF6F4EA089F18175CED7BE484E452EA8.d.0FAAC125BF80412D7F4421048DADE63F.e.18876"}]}
COMMAND: POST /session/3247b862f9661e1dad05ca414f9e55ea/element/f.BF6F4EA089F18175CED7BE484E452EA8.d.0FAAC125BF80412D7F4421048DADE63F.e.18876/click - {}
COMMAND: GET /session/3247b862f9661e1dad05ca414f9e55ea/screenshot - {}
RESULT: {}
RESULT: {}
]]></system-out>
    </testcase>
    <testcase classname="chrome.136_0_7103_93.windows.Performance_based_billing_(work_days)_US139742" name="Should go to Manage Billings and trigger calculation check the conditions applied" time="60.896">
      <system-out><![CDATA[
COMMAND: POST /session/3247b862f9661e1dad05ca414f9e55ea/execute/async - {"script":"<script> [1562 bytes]","args":[{"selector":{"controlType":"sap.m.GenericTile","properties":{"header":"Manage Billings"}},"wdio_ui5_key":"sapm.GenericTile{\"header\":\"Manage Billings\"}"}]}
COMMAND: GET /session/3247b862f9661e1dad05ca414f9e55ea/screenshot - {}
RESULT: {}
RESULT: {"script":"<script> [1562 bytes]","args":[{"selector":{"controlType":"sap.m.GenericTile","properties":{"header":"Manage Billings"}},"wdio_ui5_key":"sapm.GenericTile{\"header\":\"Manage Billings\"}"}]}
RESULT: undefined
COMMAND: POST /session/3247b862f9661e1dad05ca414f9e55ea/element - {"using":"xpath","value":"//*[@id=\"__tile51\"]"}
RESULT: {}
RESULT: {"using":"xpath","value":"//*[@id=\"__tile51\"]"}
COMMAND: POST /session/3247b862f9661e1dad05ca414f9e55ea/element/f.BF6F4EA089F18175CED7BE484E452EA8.d.0FAAC125BF80412D7F4421048DADE63F.e.15109/click - {}
RESULT: {}
COMMAND: GET /session/3247b862f9661e1dad05ca414f9e55ea/screenshot - {}
RESULT: {}
COMMAND: POST /session/3247b862f9661e1dad05ca414f9e55ea/elements - {"using":"xpath","value":"//span[text()='Error']"}
RESULT: {"using":"xpath","value":"//span[text()='Error']"}
COMMAND: POST /session/3247b862f9661e1dad05ca414f9e55ea/execute/async - {"script":"<script> [1562 bytes]","args":[{"selector":{"id":"application-managebillings-display-component---billRunCalcResult--smartFilterBar-btnBasicSearch","interaction":{"idSuffix":"I"}},"wdio_ui5_key":"applicationmanagebillings-display-component---billRunCalcResult--smartFilterBar-btnBasicSearch"}]}
RESULT: {"script":"<script> [1562 bytes]","args":[{"selector":{"id":"application-managebillings-display-component---billRunCalcResult--smartFilterBar-btnBasicSearch","interaction":{"idSuffix":"I"}},"wdio_ui5_key":"applicationmanagebillings-display-component---billRunCalcResult--smartFilterBar-btnBasicSearch"}]}
RESULT: undefined
COMMAND: POST /session/3247b862f9661e1dad05ca414f9e55ea/execute/async - {"script":"<script> [776 bytes]","args":[{"enterText":"10438","selector":{"id":"application-managebillings-display-component---billRunCalcResult--smartFilterBar-btnBasicSearch","interaction":{"idSuffix":"I"}},"clearTextFirst":true,"interactionType":"ENTER_TEXT"}]}
RESULT: {"script":"<script> [776 bytes]","args":[{"enterText":"10438","selector":{"id":"application-managebillings-display-component---billRunCalcResult--smartFilterBar-btnBasicSearch","interaction":{"idSuffix":"I"}},"clearTextFirst":true,"interactionType":"ENTER_TEXT"}]}
COMMAND: POST /session/3247b862f9661e1dad05ca414f9e55ea/actions - {"actions":[{"id":"action66","type":"key","parameters":{},"actions":[{"type":"keyDown","value":"î€‡"},{"type":"pause","duration":10},{"type":"keyUp","value":"î€‡"}]}]}
RESULT: {"actions":[{"id":"action66","type":"key","parameters":{},"actions":[{"type":"keyDown","value":"î€‡"},{"type":"pause","duration":10},{"type":"keyUp","value":"î€‡"}]}]}
COMMAND: GET /session/3247b862f9661e1dad05ca414f9e55ea/screenshot - {}
RESULT: {}
COMMAND: POST /session/3247b862f9661e1dad05ca414f9e55ea/element - {"using":"xpath","value":"//td[@aria-colindex=\"1\"]/div/div[contains(@class, \"sapMCbBg\")]"}
RESULT: {"using":"xpath","value":"//td[@aria-colindex=\"1\"]/div/div[contains(@class, \"sapMCbBg\")]"}
COMMAND: POST /session/3247b862f9661e1dad05ca414f9e55ea/element/f.BF6F4EA089F18175CED7BE484E452EA8.d.0FAAC125BF80412D7F4421048DADE63F.e.19274/click - {}
RESULT: {}
COMMAND: GET /session/3247b862f9661e1dad05ca414f9e55ea/screenshot - {}
RESULT: {}
COMMAND: POST /session/3247b862f9661e1dad05ca414f9e55ea/execute/async - {"script":"<script> [1562 bytes]","args":[{"selector":{"id":"application-managebillings-display-component---billRunCalcResult--contractBillRunDate","interaction":{"idSuffix":"inner"}},"wdio_ui5_key":"applicationmanagebillings-display-component---billRunCalcResult--contractBillRunDate"}]}
RESULT: {"script":"<script> [1562 bytes]","args":[{"selector":{"id":"application-managebillings-display-component---billRunCalcResult--contractBillRunDate","interaction":{"idSuffix":"inner"}},"wdio_ui5_key":"applicationmanagebillings-display-component---billRunCalcResult--contractBillRunDate"}]}
RESULT: undefined
COMMAND: POST /session/3247b862f9661e1dad05ca414f9e55ea/execute/async - {"script":"<script> [776 bytes]","args":[{"enterText":"6/20/25","selector":{"id":"application-managebillings-display-component---billRunCalcResult--contractBillRunDate","interaction":{"idSuffix":"inner"}},"clearTextFirst":true,"interactionType":"ENTER_TEXT"}]}
RESULT: {"script":"<script> [776 bytes]","args":[{"enterText":"6/20/25","selector":{"id":"application-managebillings-display-component---billRunCalcResult--contractBillRunDate","interaction":{"idSuffix":"inner"}},"clearTextFirst":true,"interactionType":"ENTER_TEXT"}]}
COMMAND: POST /session/3247b862f9661e1dad05ca414f9e55ea/element - {"using":"xpath","value":"//bdi[contains(text(), \"Trigger Calculation\")]"}
RESULT: {"using":"xpath","value":"//bdi[contains(text(), \"Trigger Calculation\")]"}
COMMAND: POST /session/3247b862f9661e1dad05ca414f9e55ea/element/f.BF6F4EA089F18175CED7BE484E452EA8.d.0FAAC125BF80412D7F4421048DADE63F.e.19323/click - {}
RESULT: {}
COMMAND: GET /session/3247b862f9661e1dad05ca414f9e55ea/screenshot - {}
RESULT: {}
COMMAND: POST /session/3247b862f9661e1dad05ca414f9e55ea/element - {"using":"xpath","value":"(//span[contains(@id, \"imgNav\")])[1]"}
RESULT: {"using":"xpath","value":"(//span[contains(@id, \"imgNav\")])[1]"}
COMMAND: POST /session/3247b862f9661e1dad05ca414f9e55ea/element/f.BF6F4EA089F18175CED7BE484E452EA8.d.0FAAC125BF80412D7F4421048DADE63F.e.19275/click - {}
RESULT: {}
COMMAND: GET /session/3247b862f9661e1dad05ca414f9e55ea/screenshot - {}
RESULT: {}
COMMAND: POST /session/3247b862f9661e1dad05ca414f9e55ea/element - {"using":"xpath","value":"//tr/td[6]/div[1]/span[1]/span[1]"}
RESULT: {"using":"xpath","value":"//tr/td[6]/div[1]/span[1]/span[1]"}
COMMAND: GET /session/3247b862f9661e1dad05ca414f9e55ea/element/f.BF6F4EA089F18175CED7BE484E452EA8.d.0FAAC125BF80412D7F4421048DADE63F.e.19327/text - {}
RESULT: {}
COMMAND: POST /session/3247b862f9661e1dad05ca414f9e55ea/element - {"using":"xpath","value":"(//span[contains(@id, \"imgNav\")])[2]"}
RESULT: {"using":"xpath","value":"(//span[contains(@id, \"imgNav\")])[2]"}
COMMAND: POST /session/3247b862f9661e1dad05ca414f9e55ea/element/f.BF6F4EA089F18175CED7BE484E452EA8.d.0FAAC125BF80412D7F4421048DADE63F.e.19328/click - {}
RESULT: {}
COMMAND: POST /session/3247b862f9661e1dad05ca414f9e55ea/element - {"using":"xpath","value":"//bdi[contains(text(), \"Business Confirm\")]"}
COMMAND: GET /session/3247b862f9661e1dad05ca414f9e55ea/screenshot - {}
RESULT: {"using":"xpath","value":"//bdi[contains(text(), \"Business Confirm\")]"}
COMMAND: POST /session/3247b862f9661e1dad05ca414f9e55ea/elements - {"using":"xpath","value":"//bdi[contains(text(), \"Business Confirm\")]"}
RESULT: {}
RESULT: {"using":"xpath","value":"//bdi[contains(text(), \"Business Confirm\")]"}
COMMAND: POST /session/3247b862f9661e1dad05ca414f9e55ea/element - {"using":"xpath","value":"//bdi[contains(text(), \"Business Confirm\")]"}
RESULT: {"using":"xpath","value":"//bdi[contains(text(), \"Business Confirm\")]"}
COMMAND: POST /session/3247b862f9661e1dad05ca414f9e55ea/element/f.BF6F4EA089F18175CED7BE484E452EA8.d.0FAAC125BF80412D7F4421048DADE63F.e.19371/click - {}
RESULT: {}
COMMAND: POST /session/3247b862f9661e1dad05ca414f9e55ea/element - {"using":"css selector","value":"#shell-header-logo"}
COMMAND: GET /session/3247b862f9661e1dad05ca414f9e55ea/screenshot - {}
RESULT: {"using":"css selector","value":"#shell-header-logo"}
COMMAND: POST /session/3247b862f9661e1dad05ca414f9e55ea/element/f.BF6F4EA089F18175CED7BE484E452EA8.d.0FAAC125BF80412D7F4421048DADE63F.e.19066/click - {}
RESULT: {}
RESULT: {}
COMMAND: GET /session/3247b862f9661e1dad05ca414f9e55ea/screenshot - {}
RESULT: {}
COMMAND: POST /session/3247b862f9661e1dad05ca414f9e55ea/element - {"using":"css selector","value":"#j_username"}
COMMAND: POST /session/3247b862f9661e1dad05ca414f9e55ea/url - {"url":"https://qa-testing-00-live-etm-ui.cfapps.eu10-004.hana.ondemand.com/"}
RESULT: {"using":"css selector","value":"#j_username"}
COMMAND: POST /session/3247b862f9661e1dad05ca414f9e55ea/element - {"using":"css selector","value":"#j_username"}
RESULT: {"url":"https://qa-testing-00-live-etm-ui.cfapps.eu10-004.hana.ondemand.com/"}
RESULT: undefined
COMMAND: GET /session/3247b862f9661e1dad05ca414f9e55ea/screenshot - {}
RESULT: {"using":"css selector","value":"#j_username"}
COMMAND: POST /session/3247b862f9661e1dad05ca414f9e55ea/element - {"using":"css selector","value":"#shell-header-logo"}
RESULT: {}
RESULT: {"using":"css selector","value":"#shell-header-logo"}
COMMAND: POST /session/3247b862f9661e1dad05ca414f9e55ea/execute/sync - {"script":"<script> [8489 bytes]","args":[{"element-6066-11e4-a52e-4f735466cecf":"f.BF6F4EA089F18175CED7BE484E452EA8.d.39512A21EFEDB328001849663FC311B9.e.19400","ELEMENT":"f.BF6F4EA089F18175CED7BE484E452EA8.d.39512A21EFEDB328001849663FC311B9.e.19400"}]}
RESULT: {"script":"<script> [8489 bytes]","args":[{"element-6066-11e4-a52e-4f735466cecf":"f.BF6F4EA089F18175CED7BE484E452EA8.d.39512A21EFEDB328001849663FC311B9.e.19400","ELEMENT":"f.BF6F4EA089F18175CED7BE484E452EA8.d.39512A21EFEDB328001849663FC311B9.e.19400"}]}
COMMAND: POST /session/3247b862f9661e1dad05ca414f9e55ea/element - {"using":"css selector","value":"#shell-header-logo"}
COMMAND: GET /session/3247b862f9661e1dad05ca414f9e55ea/screenshot - {}
RESULT: {"using":"css selector","value":"#shell-header-logo"}
COMMAND: POST /session/3247b862f9661e1dad05ca414f9e55ea/execute/sync - {"script":"<script> [8489 bytes]","args":[{"element-6066-11e4-a52e-4f735466cecf":"f.BF6F4EA089F18175CED7BE484E452EA8.d.39512A21EFEDB328001849663FC311B9.e.19400","ELEMENT":"f.BF6F4EA089F18175CED7BE484E452EA8.d.39512A21EFEDB328001849663FC311B9.e.19400"}]}
RESULT: {}
RESULT: {"script":"<script> [8489 bytes]","args":[{"element-6066-11e4-a52e-4f735466cecf":"f.BF6F4EA089F18175CED7BE484E452EA8.d.39512A21EFEDB328001849663FC311B9.e.19400","ELEMENT":"f.BF6F4EA089F18175CED7BE484E452EA8.d.39512A21EFEDB328001849663FC311B9.e.19400"}]}
COMMAND: POST /session/3247b862f9661e1dad05ca414f9e55ea/execute/sync - {"script":"<script> [5351 bytes]","args":[{"element-6066-11e4-a52e-4f735466cecf":"f.BF6F4EA089F18175CED7BE484E452EA8.d.39512A21EFEDB328001849663FC311B9.e.19400","ELEMENT":"f.BF6F4EA089F18175CED7BE484E452EA8.d.39512A21EFEDB328001849663FC311B9.e.19400"}]}
COMMAND: GET /session/3247b862f9661e1dad05ca414f9e55ea/screenshot - {}
RESULT: {"script":"<script> [5351 bytes]","args":[{"element-6066-11e4-a52e-4f735466cecf":"f.BF6F4EA089F18175CED7BE484E452EA8.d.39512A21EFEDB328001849663FC311B9.e.19400","ELEMENT":"f.BF6F4EA089F18175CED7BE484E452EA8.d.39512A21EFEDB328001849663FC311B9.e.19400"}]}
COMMAND: POST /session/3247b862f9661e1dad05ca414f9e55ea/element - {"using":"css selector","value":"#shell-header-logo"}
COMMAND: GET /session/3247b862f9661e1dad05ca414f9e55ea/screenshot - {}
RESULT: {}
RESULT: {"using":"css selector","value":"#shell-header-logo"}
COMMAND: POST /session/3247b862f9661e1dad05ca414f9e55ea/element/f.BF6F4EA089F18175CED7BE484E452EA8.d.39512A21EFEDB328001849663FC311B9.e.19400/click - {}
RESULT: {}
RESULT: {}
COMMAND: GET /session/3247b862f9661e1dad05ca414f9e55ea/screenshot - {}
RESULT: {}
COMMAND: POST /session/3247b862f9661e1dad05ca414f9e55ea/execute/async - {"script":"<script> [189 bytes]","args":[]}
RESULT: {"script":"<script> [189 bytes]","args":[]}
COMMAND: POST /session/3247b862f9661e1dad05ca414f9e55ea/execute/async - {"script":"<script> [123 bytes]","args":[]}
RESULT: {"script":"<script> [123 bytes]","args":[]}
COMMAND: POST /session/3247b862f9661e1dad05ca414f9e55ea/timeouts - {"script":"<number>"}
RESULT: {"script":"<number>"}
COMMAND: GET /session/3247b862f9661e1dad05ca414f9e55ea/timeouts - {}
RESULT: {}
RESULT: undefined
COMMAND: POST /session/3247b862f9661e1dad05ca414f9e55ea/execute/async - {"script":"<script> [2676 bytes]","args":[]}
RESULT: {"script":"<script> [2676 bytes]","args":[]}
COMMAND: POST /session/3247b862f9661e1dad05ca414f9e55ea/execute/async - {"script":"<script> [2342 bytes]","args":[{"protocol":"http","hostname":"0.0.0.0","path":"/","capabilities":{"browserName":"chrome","goog:chromeOptions":{"binary":"C:\\Program Files\\Google\\Chrome\\Application\\chrome.exe","args":["--start-maximized"]}},"logLevel":"warn","connectionRetryTimeout":120000,"connectionRetryCount":3,"logLevels":{},"enableDirectConnect":true,"strictSSL":true,"_":"65 more keys: [\"cacheDir\",\"port\",\"requestedCapabilities\",\"automationProtocol\",\"baseUrl\",\"waitforInterval\",\"waitforTimeout\",\"onReload\",\"beforeCommand\",\"afterCommand\",\"rootDir\",\"specs\",\"suites\",\"exclude\",\"groupLogsByTestSpec\",\"excludeDriverLogs\",\"bail\",\"framework\",\"reporters\",\"services\",\"maxInstances\",\"maxInstancesPerCapability\",\"injectGlobals\",\"filesToWatch\",\"execArgv\",\"runnerEnv\",\"runner\",\"shard\",\"specFileRetries\",\"specFileRetriesDelay\",\"specFileRetriesDeferred\",\"reporterSyncInterval\",\"reporterSyncTimeout\",\"cucumberFeaturesWithLineNumbers\",\"autoCompileOpts\",\"mochaOpts\",\"jasmineOpts\",\"cucumberOpts\",\"onPrepare\",\"onWorkerStart\",\"onWorkerEnd\",\"before\",\"beforeSession\",\"beforeSuite\",\"beforeHook\",\"beforeTest\",\"afterTest\",\"afterHook\",\"afterSuite\",\"afterSession\",\"after\",\"onComplete\",\"beforeAssertion\",\"afterAssertion\",\"beforeFeature\",\"beforeScenario\",\"beforeStep\",\"afterStep\",\"afterScenario\",\"afterFeature\",\"_\",\"suite\",\"$0\",\"ignoredWorkerServices\",\"wdi5\"]"}]}
RESULT: {"script":"<script> [2342 bytes]","args":[{"protocol":"http","hostname":"0.0.0.0","path":"/","capabilities":{"browserName":"chrome","goog:chromeOptions":{"binary":"C:\\Program Files\\Google\\Chrome\\Application\\chrome.exe","args":["--start-maximized"]}},"logLevel":"warn","connectionRetryTimeout":120000,"connectionRetryCount":3,"logLevels":{},"enableDirectConnect":true,"strictSSL":true,"_":"65 more keys: [\"cacheDir\",\"port\",\"requestedCapabilities\",\"automationProtocol\",\"baseUrl\",\"waitforInterval\",\"waitforTimeout\",\"onReload\",\"beforeCommand\",\"afterCommand\",\"rootDir\",\"specs\",\"suites\",\"exclude\",\"groupLogsByTestSpec\",\"excludeDriverLogs\",\"bail\",\"framework\",\"reporters\",\"services\",\"maxInstances\",\"maxInstancesPerCapability\",\"injectGlobals\",\"filesToWatch\",\"execArgv\",\"runnerEnv\",\"runner\",\"shard\",\"specFileRetries\",\"specFileRetriesDelay\",\"specFileRetriesDeferred\",\"reporterSyncInterval\",\"reporterSyncTimeout\",\"cucumberFeaturesWithLineNumbers\",\"autoCompileOpts\",\"mochaOpts\",\"jasmineOpts\",\"cucumberOpts\",\"onPrepare\",\"onWorkerStart\",\"onWorkerEnd\",\"before\",\"beforeSession\",\"beforeSuite\",\"beforeHook\",\"beforeTest\",\"afterTest\",\"afterHook\",\"afterSuite\",\"afterSession\",\"after\",\"onComplete\",\"beforeAssertion\",\"afterAssertion\",\"beforeFeature\",\"beforeScenario\",\"beforeStep\",\"afterStep\",\"afterScenario\",\"afterFeature\",\"_\",\"suite\",\"$0\",\"ignoredWorkerServices\",\"wdi5\"]"}]}
COMMAND: POST /session/3247b862f9661e1dad05ca414f9e55ea/execute/async - {"script":"<script> [21126 bytes]","args":[35000]}
RESULT: {"script":"<script> [21126 bytes]","args":[35000]}
COMMAND: POST /session/3247b862f9661e1dad05ca414f9e55ea/window/maximize - {}
RESULT: {}
COMMAND: POST /session/3247b862f9661e1dad05ca414f9e55ea/execute/async - {"script":"<script> [1562 bytes]","args":[{"selector":{"id":"shell-header","interaction":{"idSuffix":"icon"}},"wdio_ui5_key":"shellheader"}]}
COMMAND: GET /session/3247b862f9661e1dad05ca414f9e55ea/screenshot - {}
RESULT: {"script":"<script> [1562 bytes]","args":[{"selector":{"id":"shell-header","interaction":{"idSuffix":"icon"}},"wdio_ui5_key":"shellheader"}]}
RESULT: undefined
COMMAND: POST /session/3247b862f9661e1dad05ca414f9e55ea/refresh - {}
RESULT: {}
RESULT: {}
COMMAND: GET /session/3247b862f9661e1dad05ca414f9e55ea/screenshot - {}
RESULT: {}
COMMAND: POST /session/3247b862f9661e1dad05ca414f9e55ea/refresh - {}
RESULT: {}
COMMAND: GET /session/3247b862f9661e1dad05ca414f9e55ea/screenshot - {}
RESULT: {}
COMMAND: POST /session/3247b862f9661e1dad05ca414f9e55ea/window/fullscreen - {}
RESULT: {}
COMMAND: POST /session/3247b862f9661e1dad05ca414f9e55ea/execute/async - {"script":"<script> [189 bytes]","args":[]}
RESULT: {"script":"<script> [189 bytes]","args":[]}
COMMAND: POST /session/3247b862f9661e1dad05ca414f9e55ea/execute/async - {"script":"<script> [123 bytes]","args":[]}
RESULT: {"script":"<script> [123 bytes]","args":[]}
COMMAND: POST /session/3247b862f9661e1dad05ca414f9e55ea/timeouts - {"script":"<number>"}
RESULT: {"script":"<number>"}
COMMAND: GET /session/3247b862f9661e1dad05ca414f9e55ea/timeouts - {}
RESULT: {}
RESULT: undefined
COMMAND: POST /session/3247b862f9661e1dad05ca414f9e55ea/execute/async - {"script":"<script> [2676 bytes]","args":[]}
RESULT: {"script":"<script> [2676 bytes]","args":[]}
COMMAND: POST /session/3247b862f9661e1dad05ca414f9e55ea/execute/async - {"script":"<script> [2342 bytes]","args":[{"protocol":"http","hostname":"0.0.0.0","path":"/","capabilities":{"browserName":"chrome","goog:chromeOptions":{"binary":"C:\\Program Files\\Google\\Chrome\\Application\\chrome.exe","args":["--start-maximized"]}},"logLevel":"warn","connectionRetryTimeout":120000,"connectionRetryCount":3,"logLevels":{},"enableDirectConnect":true,"strictSSL":true,"_":"65 more keys: [\"cacheDir\",\"port\",\"requestedCapabilities\",\"automationProtocol\",\"baseUrl\",\"waitforInterval\",\"waitforTimeout\",\"onReload\",\"beforeCommand\",\"afterCommand\",\"rootDir\",\"specs\",\"suites\",\"exclude\",\"groupLogsByTestSpec\",\"excludeDriverLogs\",\"bail\",\"framework\",\"reporters\",\"services\",\"maxInstances\",\"maxInstancesPerCapability\",\"injectGlobals\",\"filesToWatch\",\"execArgv\",\"runnerEnv\",\"runner\",\"shard\",\"specFileRetries\",\"specFileRetriesDelay\",\"specFileRetriesDeferred\",\"reporterSyncInterval\",\"reporterSyncTimeout\",\"cucumberFeaturesWithLineNumbers\",\"autoCompileOpts\",\"mochaOpts\",\"jasmineOpts\",\"cucumberOpts\",\"onPrepare\",\"onWorkerStart\",\"onWorkerEnd\",\"before\",\"beforeSession\",\"beforeSuite\",\"beforeHook\",\"beforeTest\",\"afterTest\",\"afterHook\",\"afterSuite\",\"afterSession\",\"after\",\"onComplete\",\"beforeAssertion\",\"afterAssertion\",\"beforeFeature\",\"beforeScenario\",\"beforeStep\",\"afterStep\",\"afterScenario\",\"afterFeature\",\"_\",\"suite\",\"$0\",\"ignoredWorkerServices\",\"wdi5\"]"}]}
RESULT: {"script":"<script> [2342 bytes]","args":[{"protocol":"http","hostname":"0.0.0.0","path":"/","capabilities":{"browserName":"chrome","goog:chromeOptions":{"binary":"C:\\Program Files\\Google\\Chrome\\Application\\chrome.exe","args":["--start-maximized"]}},"logLevel":"warn","connectionRetryTimeout":120000,"connectionRetryCount":3,"logLevels":{},"enableDirectConnect":true,"strictSSL":true,"_":"65 more keys: [\"cacheDir\",\"port\",\"requestedCapabilities\",\"automationProtocol\",\"baseUrl\",\"waitforInterval\",\"waitforTimeout\",\"onReload\",\"beforeCommand\",\"afterCommand\",\"rootDir\",\"specs\",\"suites\",\"exclude\",\"groupLogsByTestSpec\",\"excludeDriverLogs\",\"bail\",\"framework\",\"reporters\",\"services\",\"maxInstances\",\"maxInstancesPerCapability\",\"injectGlobals\",\"filesToWatch\",\"execArgv\",\"runnerEnv\",\"runner\",\"shard\",\"specFileRetries\",\"specFileRetriesDelay\",\"specFileRetriesDeferred\",\"reporterSyncInterval\",\"reporterSyncTimeout\",\"cucumberFeaturesWithLineNumbers\",\"autoCompileOpts\",\"mochaOpts\",\"jasmineOpts\",\"cucumberOpts\",\"onPrepare\",\"onWorkerStart\",\"onWorkerEnd\",\"before\",\"beforeSession\",\"beforeSuite\",\"beforeHook\",\"beforeTest\",\"afterTest\",\"afterHook\",\"afterSuite\",\"afterSession\",\"after\",\"onComplete\",\"beforeAssertion\",\"afterAssertion\",\"beforeFeature\",\"beforeScenario\",\"beforeStep\",\"afterStep\",\"afterScenario\",\"afterFeature\",\"_\",\"suite\",\"$0\",\"ignoredWorkerServices\",\"wdi5\"]"}]}
COMMAND: POST /session/3247b862f9661e1dad05ca414f9e55ea/execute/async - {"script":"<script> [21126 bytes]","args":[35000]}
RESULT: {"script":"<script> [21126 bytes]","args":[35000]}
]]></system-out>
    </testcase>
  </testsuite>
  <testsuite timestamp="2025-05-20T18:00:11" time="1405.741" tests="20" failures="4" errors="4" skipped="0">
    <properties>
      <property name="specId" value="0" />
      <property name="suiteName" value="Billing Calculation - Time based (considering transport times) US139738" />
      <property name="capabilities" value="chrome.136_0_7103_93.windows" />
      <property name="file" value="file:///D:/a/1/s/test/specs/BTS/billing-calculation-transp-times.spec.js" />
    </properties>
    <testcase classname="chrome.136_0_7103_93.windows.Billing_Calculation_-_Time_based_(considering_transport_times)_US139738" name="Should create a new yard" time="0.013">
      <system-out><![CDATA[
COMMAND: POST /session/3247b862f9661e1dad05ca414f9e55ea/window/fullscreen - {}
RESULT: {}
]]></system-out>
    </testcase>
    <testcase classname="chrome.136_0_7103_93.windows.Billing_Calculation_-_Time_based_(considering_transport_times)_US139738" name="Should create a new partner" time="0.004" />
    <testcase classname="chrome.136_0_7103_93.windows.Billing_Calculation_-_Time_based_(considering_transport_times)_US139738" name="Should create a new site" time="0.003" />
    <testcase classname="chrome.136_0_7103_93.windows.Billing_Calculation_-_Time_based_(considering_transport_times)_US139738" name="Should create the equipment" time="130.05">
      <system-out><![CDATA[
COMMAND: POST /session/3247b862f9661e1dad05ca414f9e55ea/execute/async - {"script":"<script> [1562 bytes]","args":[{"selector":{"controlType":"sap.m.GenericTile","properties":{"header":"Manage Resources"}},"wdio_ui5_key":"sapm.GenericTile{\"header\":\"Manage Resources\"}"}]}
RESULT: {"script":"<script> [1562 bytes]","args":[{"selector":{"controlType":"sap.m.GenericTile","properties":{"header":"Manage Resources"}},"wdio_ui5_key":"sapm.GenericTile{\"header\":\"Manage Resources\"}"}]}
RESULT: undefined
COMMAND: POST /session/3247b862f9661e1dad05ca414f9e55ea/element - {"using":"xpath","value":"//*[@id=\"__tile39\"]"}
RESULT: {"using":"xpath","value":"//*[@id=\"__tile39\"]"}
COMMAND: POST /session/3247b862f9661e1dad05ca414f9e55ea/element/f.BF6F4EA089F18175CED7BE484E452EA8.d.A44F5E32341FC4C2E825E7F0B851455C.e.19558/click - {}
RESULT: {}
COMMAND: GET /session/3247b862f9661e1dad05ca414f9e55ea/screenshot - {}
RESULT: {}
COMMAND: POST /session/3247b862f9661e1dad05ca414f9e55ea/elements - {"using":"xpath","value":"//span[text()='Error']"}
RESULT: {"using":"xpath","value":"//span[text()='Error']"}
COMMAND: POST /session/3247b862f9661e1dad05ca414f9e55ea/element - {"using":"xpath","value":"//button[@data-kt=\"addNewRUOverflowToolbarButton\"]"}
RESULT: {"using":"xpath","value":"//button[@data-kt=\"addNewRUOverflowToolbarButton\"]"}
COMMAND: POST /session/3247b862f9661e1dad05ca414f9e55ea/elements - {"using":"xpath","value":"//button[@data-kt=\"addNewRUOverflowToolbarButton\"]"}
RESULT: {"using":"xpath","value":"//button[@data-kt=\"addNewRUOverflowToolbarButton\"]"}
COMMAND: POST /session/3247b862f9661e1dad05ca414f9e55ea/elements - {"using":"xpath","value":"//button[@data-kt=\"addNewRUOverflowToolbarButton\"]"}
RESULT: {"using":"xpath","value":"//button[@data-kt=\"addNewRUOverflowToolbarButton\"]"}
COMMAND: POST /session/3247b862f9661e1dad05ca414f9e55ea/elements - {"using":"xpath","value":"//button[@data-kt=\"addNewRUOverflowToolbarButton\"]"}
RESULT: {"using":"xpath","value":"//button[@data-kt=\"addNewRUOverflowToolbarButton\"]"}
COMMAND: POST /session/3247b862f9661e1dad05ca414f9e55ea/elements - {"using":"xpath","value":"//button[@data-kt=\"addNewRUOverflowToolbarButton\"]"}
RESULT: {"using":"xpath","value":"//button[@data-kt=\"addNewRUOverflowToolbarButton\"]"}
COMMAND: POST /session/3247b862f9661e1dad05ca414f9e55ea/element - {"using":"xpath","value":"//button[@data-kt=\"addNewRUOverflowToolbarButton\"]"}
RESULT: {"using":"xpath","value":"//button[@data-kt=\"addNewRUOverflowToolbarButton\"]"}
COMMAND: POST /session/3247b862f9661e1dad05ca414f9e55ea/execute/sync - {"script":"<script> [8489 bytes]","args":[{"element-6066-11e4-a52e-4f735466cecf":"f.BF6F4EA089F18175CED7BE484E452EA8.d.A44F5E32341FC4C2E825E7F0B851455C.e.19693","ELEMENT":"f.BF6F4EA089F18175CED7BE484E452EA8.d.A44F5E32341FC4C2E825E7F0B851455C.e.19693"}]}
RESULT: {"script":"<script> [8489 bytes]","args":[{"element-6066-11e4-a52e-4f735466cecf":"f.BF6F4EA089F18175CED7BE484E452EA8.d.A44F5E32341FC4C2E825E7F0B851455C.e.19693","ELEMENT":"f.BF6F4EA089F18175CED7BE484E452EA8.d.A44F5E32341FC4C2E825E7F0B851455C.e.19693"}]}
COMMAND: GET /session/3247b862f9661e1dad05ca414f9e55ea/element/f.BF6F4EA089F18175CED7BE484E452EA8.d.A44F5E32341FC4C2E825E7F0B851455C.e.19693/enabled - {}
COMMAND: GET /session/3247b862f9661e1dad05ca414f9e55ea/screenshot - {}
RESULT: {}
COMMAND: POST /session/3247b862f9661e1dad05ca414f9e55ea/execute/sync - {"script":"<script> [8489 bytes]","args":[{"element-6066-11e4-a52e-4f735466cecf":"f.BF6F4EA089F18175CED7BE484E452EA8.d.A44F5E32341FC4C2E825E7F0B851455C.e.19693","ELEMENT":"f.BF6F4EA089F18175CED7BE484E452EA8.d.A44F5E32341FC4C2E825E7F0B851455C.e.19693"}]}
COMMAND: GET /session/3247b862f9661e1dad05ca414f9e55ea/screenshot - {}
RESULT: {}
RESULT: {"script":"<script> [8489 bytes]","args":[{"element-6066-11e4-a52e-4f735466cecf":"f.BF6F4EA089F18175CED7BE484E452EA8.d.A44F5E32341FC4C2E825E7F0B851455C.e.19693","ELEMENT":"f.BF6F4EA089F18175CED7BE484E452EA8.d.A44F5E32341FC4C2E825E7F0B851455C.e.19693"}]}
COMMAND: POST /session/3247b862f9661e1dad05ca414f9e55ea/execute/sync - {"script":"<script> [5351 bytes]","args":[{"element-6066-11e4-a52e-4f735466cecf":"f.BF6F4EA089F18175CED7BE484E452EA8.d.A44F5E32341FC4C2E825E7F0B851455C.e.19693","ELEMENT":"f.BF6F4EA089F18175CED7BE484E452EA8.d.A44F5E32341FC4C2E825E7F0B851455C.e.19693"}]}
COMMAND: GET /session/3247b862f9661e1dad05ca414f9e55ea/screenshot - {}
RESULT: {}
RESULT: {"script":"<script> [5351 bytes]","args":[{"element-6066-11e4-a52e-4f735466cecf":"f.BF6F4EA089F18175CED7BE484E452EA8.d.A44F5E32341FC4C2E825E7F0B851455C.e.19693","ELEMENT":"f.BF6F4EA089F18175CED7BE484E452EA8.d.A44F5E32341FC4C2E825E7F0B851455C.e.19693"}]}
COMMAND: POST /session/3247b862f9661e1dad05ca414f9e55ea/element/f.BF6F4EA089F18175CED7BE484E452EA8.d.A44F5E32341FC4C2E825E7F0B851455C.e.19693/click - {}
COMMAND: GET /session/3247b862f9661e1dad05ca414f9e55ea/screenshot - {}
RESULT: {}
RESULT: {}
COMMAND: GET /session/3247b862f9661e1dad05ca414f9e55ea/screenshot - {}
RESULT: {}
RESULT: {}
COMMAND: POST /session/3247b862f9661e1dad05ca414f9e55ea/execute/async - {"script":"<script> [1562 bytes]","args":[{"selector":{"id":"application-manageresources-display-component---newResourceUnit--TYPE-arrow"},"wdio_ui5_key":"applicationmanageresources-display-component---newResourceUnit--TYPE-arrow"}]}
RESULT: {"script":"<script> [1562 bytes]","args":[{"selector":{"id":"application-manageresources-display-component---newResourceUnit--TYPE-arrow"},"wdio_ui5_key":"applicationmanageresources-display-component---newResourceUnit--TYPE-arrow"}]}
RESULT: undefined
COMMAND: POST /session/3247b862f9661e1dad05ca414f9e55ea/element - {"using":"xpath","value":"//*[@id=\"application-manageresources-display-component---newResourceUnit--TYPE-arrow\"]"}
RESULT: {"using":"xpath","value":"//*[@id=\"application-manageresources-display-component---newResourceUnit--TYPE-arrow\"]"}
COMMAND: POST /session/3247b862f9661e1dad05ca414f9e55ea/element/f.BF6F4EA089F18175CED7BE484E452EA8.d.A44F5E32341FC4C2E825E7F0B851455C.e.20061/click - {}
RESULT: {}
COMMAND: POST /session/3247b862f9661e1dad05ca414f9e55ea/element - {"using":"xpath","value":"//input[@id=\"application-manageresources-display-component---newResourceUnit--TYPE-inner\"]"}
COMMAND: GET /session/3247b862f9661e1dad05ca414f9e55ea/screenshot - {}
RESULT: {"using":"xpath","value":"//input[@id=\"application-manageresources-display-component---newResourceUnit--TYPE-inner\"]"}
COMMAND: POST /session/3247b862f9661e1dad05ca414f9e55ea/element/f.BF6F4EA089F18175CED7BE484E452EA8.d.A44F5E32341FC4C2E825E7F0B851455C.e.20051/clear - {}
RESULT: {}
RESULT: {}
COMMAND: POST /session/3247b862f9661e1dad05ca414f9e55ea/element/f.BF6F4EA089F18175CED7BE484E452EA8.d.A44F5E32341FC4C2E825E7F0B851455C.e.20051/value - {"text":"Equipment"}
COMMAND: GET /session/3247b862f9661e1dad05ca414f9e55ea/screenshot - {}
RESULT: {"text":"Equipment"}
COMMAND: GET /session/3247b862f9661e1dad05ca414f9e55ea/screenshot - {}
RESULT: {}
RESULT: {}
COMMAND: POST /session/3247b862f9661e1dad05ca414f9e55ea/actions - {"actions":[{"id":"action67","type":"key","parameters":{},"actions":[{"type":"keyDown","value":"î€‡"},{"type":"pause","duration":10},{"type":"keyUp","value":"î€‡"}]}]}
RESULT: {"actions":[{"id":"action67","type":"key","parameters":{},"actions":[{"type":"keyDown","value":"î€‡"},{"type":"pause","duration":10},{"type":"keyUp","value":"î€‡"}]}]}
COMMAND: POST /session/3247b862f9661e1dad05ca414f9e55ea/execute/async - {"script":"<script> [1562 bytes]","args":[{"selector":{"id":"application-manageresources-display-component---newResourceUnit--resourceId","interaction":{"idSuffix":"inner"}},"wdio_ui5_key":"applicationmanageresources-display-component---newResourceUnit--resourceId"}]}
COMMAND: GET /session/3247b862f9661e1dad05ca414f9e55ea/screenshot - {}
RESULT: {"script":"<script> [1562 bytes]","args":[{"selector":{"id":"application-manageresources-display-component---newResourceUnit--resourceId","interaction":{"idSuffix":"inner"}},"wdio_ui5_key":"applicationmanageresources-display-component---newResourceUnit--resourceId"}]}
RESULT: undefined
COMMAND: POST /session/3247b862f9661e1dad05ca414f9e55ea/execute/async - {"script":"<script> [776 bytes]","args":[{"enterText":"lQPJaN17kQ","selector":{"id":"application-manageresources-display-component---newResourceUnit--resourceId","interaction":{"idSuffix":"inner"}},"clearTextFirst":true,"interactionType":"ENTER_TEXT"}]}
RESULT: {}
RESULT: {"script":"<script> [776 bytes]","args":[{"enterText":"lQPJaN17kQ","selector":{"id":"application-manageresources-display-component---newResourceUnit--resourceId","interaction":{"idSuffix":"inner"}},"clearTextFirst":true,"interactionType":"ENTER_TEXT"}]}
COMMAND: POST /session/3247b862f9661e1dad05ca414f9e55ea/execute/async - {"script":"<script> [1562 bytes]","args":[{"selector":{"id":"application-manageresources-display-component---newResourceUnit--SHORT_TEXT","interaction":{"idSuffix":"inner"}},"wdio_ui5_key":"applicationmanageresources-display-component---newResourceUnit--SHORT_TEXT"}]}
RESULT: {"script":"<script> [1562 bytes]","args":[{"selector":{"id":"application-manageresources-display-component---newResourceUnit--SHORT_TEXT","interaction":{"idSuffix":"inner"}},"wdio_ui5_key":"applicationmanageresources-display-component---newResourceUnit--SHORT_TEXT"}]}
RESULT: undefined
COMMAND: POST /session/3247b862f9661e1dad05ca414f9e55ea/execute/async - {"script":"<script> [776 bytes]","args":[{"enterText":"Intercompany Equipment WDIO","selector":{"id":"application-manageresources-display-component---newResourceUnit--SHORT_TEXT","interaction":{"idSuffix":"inner"}},"clearTextFirst":true,"interactionType":"ENTER_TEXT"}]}
RESULT: {"script":"<script> [776 bytes]","args":[{"enterText":"Intercompany Equipment WDIO","selector":{"id":"application-manageresources-display-component---newResourceUnit--SHORT_TEXT","interaction":{"idSuffix":"inner"}},"clearTextFirst":true,"interactionType":"ENTER_TEXT"}]}
COMMAND: POST /session/3247b862f9661e1dad05ca414f9e55ea/execute/async - {"script":"<script> [1562 bytes]","args":[{"selector":{"id":"application-manageresources-display-component---newResourceUnit--BASE_UNIT_OF_MEASURE","interaction":{"idSuffix":"inner"}},"wdio_ui5_key":"applicationmanageresources-display-component---newResourceUnit--BASE_UNIT_OF_MEASURE"}]}
RESULT: {"script":"<script> [1562 bytes]","args":[{"selector":{"id":"application-manageresources-display-component---newResourceUnit--BASE_UNIT_OF_MEASURE","interaction":{"idSuffix":"inner"}},"wdio_ui5_key":"applicationmanageresources-display-component---newResourceUnit--BASE_UNIT_OF_MEASURE"}]}
RESULT: undefined
COMMAND: POST /session/3247b862f9661e1dad05ca414f9e55ea/execute/async - {"script":"<script> [776 bytes]","args":[{"enterText":"Piece","selector":{"id":"application-manageresources-display-component---newResourceUnit--BASE_UNIT_OF_MEASURE","interaction":{"idSuffix":"inner"}},"clearTextFirst":true,"interactionType":"ENTER_TEXT"}]}
RESULT: {"script":"<script> [776 bytes]","args":[{"enterText":"Piece","selector":{"id":"application-manageresources-display-component---newResourceUnit--BASE_UNIT_OF_MEASURE","interaction":{"idSuffix":"inner"}},"clearTextFirst":true,"interactionType":"ENTER_TEXT"}]}
COMMAND: POST /session/3247b862f9661e1dad05ca414f9e55ea/execute/async - {"script":"<script> [1562 bytes]","args":[{"selector":{"id":"application-manageresources-display-component---newResourceUnit--WEIGHT_UNIT","interaction":{"idSuffix":"inner"}},"wdio_ui5_key":"applicationmanageresources-display-component---newResourceUnit--WEIGHT_UNIT"}]}
RESULT: {"script":"<script> [1562 bytes]","args":[{"selector":{"id":"application-manageresources-display-component---newResourceUnit--WEIGHT_UNIT","interaction":{"idSuffix":"inner"}},"wdio_ui5_key":"applicationmanageresources-display-component---newResourceUnit--WEIGHT_UNIT"}]}
RESULT: undefined
COMMAND: POST /session/3247b862f9661e1dad05ca414f9e55ea/execute/async - {"script":"<script> [776 bytes]","args":[{"enterText":"Gram","selector":{"id":"application-manageresources-display-component---newResourceUnit--WEIGHT_UNIT","interaction":{"idSuffix":"inner"}},"clearTextFirst":true,"interactionType":"ENTER_TEXT"}]}
RESULT: {"script":"<script> [776 bytes]","args":[{"enterText":"Gram","selector":{"id":"application-manageresources-display-component---newResourceUnit--WEIGHT_UNIT","interaction":{"idSuffix":"inner"}},"clearTextFirst":true,"interactionType":"ENTER_TEXT"}]}
COMMAND: POST /session/3247b862f9661e1dad05ca414f9e55ea/execute/async - {"script":"<script> [1562 bytes]","args":[{"selector":{"id":"application-manageresources-display-component---newResourceUnit--DIMENSION_UNIT","interaction":{"idSuffix":"inner"}},"wdio_ui5_key":"applicationmanageresources-display-component---newResourceUnit--DIMENSION_UNIT"}]}
RESULT: {"script":"<script> [1562 bytes]","args":[{"selector":{"id":"application-manageresources-display-component---newResourceUnit--DIMENSION_UNIT","interaction":{"idSuffix":"inner"}},"wdio_ui5_key":"applicationmanageresources-display-component---newResourceUnit--DIMENSION_UNIT"}]}
RESULT: undefined
COMMAND: POST /session/3247b862f9661e1dad05ca414f9e55ea/execute/async - {"script":"<script> [776 bytes]","args":[{"enterText":"Meter","selector":{"id":"application-manageresources-display-component---newResourceUnit--DIMENSION_UNIT","interaction":{"idSuffix":"inner"}},"clearTextFirst":true,"interactionType":"ENTER_TEXT"}]}
RESULT: {"script":"<script> [776 bytes]","args":[{"enterText":"Meter","selector":{"id":"application-manageresources-display-component---newResourceUnit--DIMENSION_UNIT","interaction":{"idSuffix":"inner"}},"clearTextFirst":true,"interactionType":"ENTER_TEXT"}]}
COMMAND: POST /session/3247b862f9661e1dad05ca414f9e55ea/execute/async - {"script":"<script> [1562 bytes]","args":[{"selector":{"id":"application-manageresources-display-component---newResourceUnit--newRRUPage-anchBar-application-manageresources-display-component---newResourceUnit--control-anchor","interaction":{"idSuffix":"BDI-content"}},"wdio_ui5_key":"applicationmanageresources-display-component---newResourceUnit--newRRUPage-anchBar-application-manageresources-display-component---newResourceUnit--control-anchor"}]}
RESULT: {"script":"<script> [1562 bytes]","args":[{"selector":{"id":"application-manageresources-display-component---newResourceUnit--newRRUPage-anchBar-application-manageresources-display-component---newResourceUnit--control-anchor","interaction":{"idSuffix":"BDI-content"}},"wdio_ui5_key":"applicationmanageresources-display-component---newResourceUnit--newRRUPage-anchBar-application-manageresources-display-component---newResourceUnit--control-anchor"}]}
RESULT: undefined
COMMAND: POST /session/3247b862f9661e1dad05ca414f9e55ea/element - {"using":"xpath","value":"//*[@id=\"application-manageresources-display-component---newResourceUnit--newRRUPage-anchBar-application-manageresources-display-component---newResourceUnit--control-anchor\"]"}
RESULT: {"using":"xpath","value":"//*[@id=\"application-manageresources-display-component---newResourceUnit--newRRUPage-anchBar-application-manageresources-display-component---newResourceUnit--control-anchor\"]"}
COMMAND: POST /session/3247b862f9661e1dad05ca414f9e55ea/element/f.BF6F4EA089F18175CED7BE484E452EA8.d.A44F5E32341FC4C2E825E7F0B851455C.e.20192/click - {}
RESULT: {}
COMMAND: POST /session/3247b862f9661e1dad05ca414f9e55ea/execute/async - {"script":"<script> [1562 bytes]","args":[{"selector":{"id":"application-manageresources-display-component---newResourceUnit--PLANNING_GROUP","interaction":{"idSuffix":"inner"}},"wdio_ui5_key":"applicationmanageresources-display-component---newResourceUnit--PLANNING_GROUP"}]}
COMMAND: GET /session/3247b862f9661e1dad05ca414f9e55ea/screenshot - {}
RESULT: {"script":"<script> [1562 bytes]","args":[{"selector":{"id":"application-manageresources-display-component---newResourceUnit--PLANNING_GROUP","interaction":{"idSuffix":"inner"}},"wdio_ui5_key":"applicationmanageresources-display-component---newResourceUnit--PLANNING_GROUP"}]}
RESULT: undefined
COMMAND: POST /session/3247b862f9661e1dad05ca414f9e55ea/execute/async - {"script":"<script> [776 bytes]","args":[{"enterText":"Heavy Equi","selector":{"id":"application-manageresources-display-component---newResourceUnit--PLANNING_GROUP","interaction":{"idSuffix":"inner"}},"clearTextFirst":true,"interactionType":"ENTER_TEXT"}]}
RESULT: {}
RESULT: {"script":"<script> [776 bytes]","args":[{"enterText":"Heavy Equi","selector":{"id":"application-manageresources-display-component---newResourceUnit--PLANNING_GROUP","interaction":{"idSuffix":"inner"}},"clearTextFirst":true,"interactionType":"ENTER_TEXT"}]}
COMMAND: POST /session/3247b862f9661e1dad05ca414f9e55ea/execute/async - {"script":"<script> [1562 bytes]","args":[{"selector":{"id":"application-manageresources-display-component---newResourceUnit--ITEM_TYPE-arrow"},"wdio_ui5_key":"applicationmanageresources-display-component---newResourceUnit--ITEM_TYPE-arrow"}]}
RESULT: {"script":"<script> [1562 bytes]","args":[{"selector":{"id":"application-manageresources-display-component---newResourceUnit--ITEM_TYPE-arrow"},"wdio_ui5_key":"applicationmanageresources-display-component---newResourceUnit--ITEM_TYPE-arrow"}]}
RESULT: undefined
COMMAND: POST /session/3247b862f9661e1dad05ca414f9e55ea/element - {"using":"xpath","value":"//*[@id=\"application-manageresources-display-component---newResourceUnit--ITEM_TYPE-arrow\"]"}
RESULT: {"using":"xpath","value":"//*[@id=\"application-manageresources-display-component---newResourceUnit--ITEM_TYPE-arrow\"]"}
COMMAND: POST /session/3247b862f9661e1dad05ca414f9e55ea/element/f.BF6F4EA089F18175CED7BE484E452EA8.d.A44F5E32341FC4C2E825E7F0B851455C.e.20201/click - {}
RESULT: {}
COMMAND: POST /session/3247b862f9661e1dad05ca414f9e55ea/element - {"using":"xpath","value":"(//span[contains(text(), \"Resource Unit\")])[2]"}
COMMAND: GET /session/3247b862f9661e1dad05ca414f9e55ea/screenshot - {}
RESULT: {"using":"xpath","value":"(//span[contains(text(), \"Resource Unit\")])[2]"}
COMMAND: POST /session/3247b862f9661e1dad05ca414f9e55ea/element/f.BF6F4EA089F18175CED7BE484E452EA8.d.A44F5E32341FC4C2E825E7F0B851455C.e.20202/click - {}
RESULT: {}
RESULT: {}
COMMAND: GET /session/3247b862f9661e1dad05ca414f9e55ea/screenshot - {}
RESULT: {}
COMMAND: POST /session/3247b862f9661e1dad05ca414f9e55ea/element - {"using":"css selector","value":"#application-manageresources-display-component---newResourceUnit--btnAddTimeSegment"}
RESULT: {"using":"css selector","value":"#application-manageresources-display-component---newResourceUnit--btnAddTimeSegment"}
COMMAND: GET /session/3247b862f9661e1dad05ca414f9e55ea/element/f.BF6F4EA089F18175CED7BE484E452EA8.d.A44F5E32341FC4C2E825E7F0B851455C.e.20203/rect - {}
RESULT: {}
COMMAND: GET /session/3247b862f9661e1dad05ca414f9e55ea/window/rect - {}
RESULT: {}
COMMAND: POST /session/3247b862f9661e1dad05ca414f9e55ea/execute/sync - {"script":"<script> [92 bytes]","args":[]}
RESULT: {"script":"<script> [92 bytes]","args":[]}
COMMAND: POST /session/3247b862f9661e1dad05ca414f9e55ea/actions - {"actions":[{"id":"action68","type":"wheel","parameters":{},"actions":[{"type":"scroll","x":-1888,"y":-32,"deltaX":0,"deltaY":0,"duration":0,"origin":{"element-6066-11e4-a52e-4f735466cecf":"f.BF6F4EA089F18175CED7BE484E452EA8.d.A44F5E32341FC4C2E825E7F0B851455C.e.20203"}}]}]}
COMMAND: GET /session/3247b862f9661e1dad05ca414f9e55ea/screenshot - {}
RESULT: {}
COMMAND: POST /session/3247b862f9661e1dad05ca414f9e55ea/execute/sync - {"script":"<script> [79 bytes]","args":[{"element-6066-11e4-a52e-4f735466cecf":"f.BF6F4EA089F18175CED7BE484E452EA8.d.A44F5E32341FC4C2E825E7F0B851455C.e.20203","ELEMENT":"f.BF6F4EA089F18175CED7BE484E452EA8.d.A44F5E32341FC4C2E825E7F0B851455C.e.20203"},{"block":"start","inline":"nearest"}]}
RESULT: {"script":"<script> [79 bytes]","args":[{"element-6066-11e4-a52e-4f735466cecf":"f.BF6F4EA089F18175CED7BE484E452EA8.d.A44F5E32341FC4C2E825E7F0B851455C.e.20203","ELEMENT":"f.BF6F4EA089F18175CED7BE484E452EA8.d.A44F5E32341FC4C2E825E7F0B851455C.e.20203"},{"block":"start","inline":"nearest"}]}
COMMAND: POST /session/3247b862f9661e1dad05ca414f9e55ea/execute/async - {"script":"<script> [1562 bytes]","args":[{"selector":{"id":"application-manageresources-display-component---newResourceUnit--btnAddTimeSegment","interaction":{"idSuffix":"inner"}},"wdio_ui5_key":"applicationmanageresources-display-component---newResourceUnit--btnAddTimeSegment"}]}
COMMAND: GET /session/3247b862f9661e1dad05ca414f9e55ea/screenshot - {}
RESULT: {"script":"<script> [1562 bytes]","args":[{"selector":{"id":"application-manageresources-display-component---newResourceUnit--btnAddTimeSegment","interaction":{"idSuffix":"inner"}},"wdio_ui5_key":"applicationmanageresources-display-component---newResourceUnit--btnAddTimeSegment"}]}
RESULT: undefined
COMMAND: POST /session/3247b862f9661e1dad05ca414f9e55ea/element - {"using":"xpath","value":"//*[@id=\"application-manageresources-display-component---newResourceUnit--btnAddTimeSegment\"]"}
RESULT: {}
RESULT: {"using":"xpath","value":"//*[@id=\"application-manageresources-display-component---newResourceUnit--btnAddTimeSegment\"]"}
COMMAND: POST /session/3247b862f9661e1dad05ca414f9e55ea/element/f.BF6F4EA089F18175CED7BE484E452EA8.d.A44F5E32341FC4C2E825E7F0B851455C.e.20203/click - {}
RESULT: {}
COMMAND: GET /session/3247b862f9661e1dad05ca414f9e55ea/screenshot - {}
RESULT: {}
COMMAND: POST /session/3247b862f9661e1dad05ca414f9e55ea/element - {"using":"xpath","value":"//input[@id=\"application-manageresources-display-component---newResourceUnit--idRuTSAdmin-application-manageresources-display-component---newResourceUnit--RUTimeSegment-0-inner\"]"}
RESULT: {"using":"xpath","value":"//input[@id=\"application-manageresources-display-component---newResourceUnit--idRuTSAdmin-application-manageresources-display-component---newResourceUnit--RUTimeSegment-0-inner\"]"}
COMMAND: POST /session/3247b862f9661e1dad05ca414f9e55ea/element/f.BF6F4EA089F18175CED7BE484E452EA8.d.A44F5E32341FC4C2E825E7F0B851455C.e.20209/clear - {}
RESULT: {}
COMMAND: POST /session/3247b862f9661e1dad05ca414f9e55ea/element/f.BF6F4EA089F18175CED7BE484E452EA8.d.A44F5E32341FC4C2E825E7F0B851455C.e.20209/value - {"text":"598"}
COMMAND: GET /session/3247b862f9661e1dad05ca414f9e55ea/screenshot - {}
RESULT: {"text":"598"}
COMMAND: GET /session/3247b862f9661e1dad05ca414f9e55ea/screenshot - {}
RESULT: {}
RESULT: {}
COMMAND: POST /session/3247b862f9661e1dad05ca414f9e55ea/element - {"using":"xpath","value":"//li[.//span[text()='598']]"}
RESULT: {"using":"xpath","value":"//li[.//span[text()='598']]"}
COMMAND: POST /session/3247b862f9661e1dad05ca414f9e55ea/element/f.BF6F4EA089F18175CED7BE484E452EA8.d.A44F5E32341FC4C2E825E7F0B851455C.e.20221/click - {}
RESULT: {}
COMMAND: GET /session/3247b862f9661e1dad05ca414f9e55ea/screenshot - {}
RESULT: {}
COMMAND: POST /session/3247b862f9661e1dad05ca414f9e55ea/element - {"using":"xpath","value":"(//span[contains(@id, \"-application-manageresources-display-component---newResourceUnit--RUTimeSegment-0-arrow\")])[6]"}
RESULT: {"using":"xpath","value":"(//span[contains(@id, \"-application-manageresources-display-component---newResourceUnit--RUTimeSegment-0-arrow\")])[6]"}
COMMAND: POST /session/3247b862f9661e1dad05ca414f9e55ea/element/f.BF6F4EA089F18175CED7BE484E452EA8.d.A44F5E32341FC4C2E825E7F0B851455C.e.20222/click - {}
RESULT: {}
COMMAND: GET /session/3247b862f9661e1dad05ca414f9e55ea/screenshot - {}
RESULT: {}
COMMAND: POST /session/3247b862f9661e1dad05ca414f9e55ea/element - {"using":"xpath","value":"//span[contains(text(), \"PM Order\")]"}
RESULT: {"using":"xpath","value":"//span[contains(text(), \"PM Order\")]"}
COMMAND: POST /session/3247b862f9661e1dad05ca414f9e55ea/element/f.BF6F4EA089F18175CED7BE484E452EA8.d.A44F5E32341FC4C2E825E7F0B851455C.e.20225/click - {}
RESULT: {}
COMMAND: GET /session/3247b862f9661e1dad05ca414f9e55ea/screenshot - {}
RESULT: {}
COMMAND: POST /session/3247b862f9661e1dad05ca414f9e55ea/element - {"using":"xpath","value":"(//span[contains(@id ,\"manageresources-display-component---newResourceUnit--RUTimeSegment-0-vhi\")])[1]"}
RESULT: {"using":"xpath","value":"(//span[contains(@id ,\"manageresources-display-component---newResourceUnit--RUTimeSegment-0-vhi\")])[1]"}
COMMAND: GET /session/3247b862f9661e1dad05ca414f9e55ea/element/f.BF6F4EA089F18175CED7BE484E452EA8.d.A44F5E32341FC4C2E825E7F0B851455C.e.20229/rect - {}
RESULT: {}
COMMAND: GET /session/3247b862f9661e1dad05ca414f9e55ea/window/rect - {}
RESULT: {}
COMMAND: POST /session/3247b862f9661e1dad05ca414f9e55ea/execute/sync - {"script":"<script> [92 bytes]","args":[]}
RESULT: {"script":"<script> [92 bytes]","args":[]}
COMMAND: POST /session/3247b862f9661e1dad05ca414f9e55ea/actions - {"actions":[{"id":"action69","type":"wheel","parameters":{},"actions":[{"type":"scroll","x":-869,"y":-24,"deltaX":0,"deltaY":0,"duration":0,"origin":{"element-6066-11e4-a52e-4f735466cecf":"f.BF6F4EA089F18175CED7BE484E452EA8.d.A44F5E32341FC4C2E825E7F0B851455C.e.20229"}}]}]}
COMMAND: GET /session/3247b862f9661e1dad05ca414f9e55ea/screenshot - {}
RESULT: {"actions":[{"id":"action69","type":"wheel","parameters":{},"actions":[{"type":"scroll","x":-869,"y":-24,"deltaX":0,"deltaY":0,"duration":0,"origin":{"element-6066-11e4-a52e-4f735466cecf":"f.BF6F4EA089F18175CED7BE484E452EA8.d.A44F5E32341FC4C2E825E7F0B851455C.e.20229"}}]}]}
COMMAND: DELETE /session/3247b862f9661e1dad05ca414f9e55ea/actions - {}
COMMAND: GET /session/3247b862f9661e1dad05ca414f9e55ea/screenshot - {}
RESULT: {}
RESULT: {}
COMMAND: GET /session/3247b862f9661e1dad05ca414f9e55ea/screenshot - {}
RESULT: {}
RESULT: {}
COMMAND: POST /session/3247b862f9661e1dad05ca414f9e55ea/element/f.BF6F4EA089F18175CED7BE484E452EA8.d.A44F5E32341FC4C2E825E7F0B851455C.e.20229/click - {}
RESULT: {}
COMMAND: GET /session/3247b862f9661e1dad05ca414f9e55ea/screenshot - {}
RESULT: {}
COMMAND: POST /session/3247b862f9661e1dad05ca414f9e55ea/execute/async - {"script":"<script> [1562 bytes]","args":[{"selector":{"controlType":"sap.m.SearchField","properties":{"placeholder":"Search"},"searchOpenDialogs":true,"interaction":{"idSuffix":"I"}},"wdio_ui5_key":"sapm.SearchField{\"placeholder\":\"Search\"}"}]}
RESULT: {"script":"<script> [1562 bytes]","args":[{"selector":{"controlType":"sap.m.SearchField","properties":{"placeholder":"Search"},"searchOpenDialogs":true,"interaction":{"idSuffix":"I"}},"wdio_ui5_key":"sapm.SearchField{\"placeholder\":\"Search\"}"}]}
RESULT: undefined
COMMAND: POST /session/3247b862f9661e1dad05ca414f9e55ea/execute/async - {"script":"<script> [776 bytes]","args":[{"enterText":"4000360","selector":{"controlType":"sap.m.SearchField","properties":{"placeholder":"Search"},"searchOpenDialogs":true,"interaction":{"idSuffix":"I"}},"clearTextFirst":true,"interactionType":"ENTER_TEXT"}]}
RESULT: {"script":"<script> [776 bytes]","args":[{"enterText":"4000360","selector":{"controlType":"sap.m.SearchField","properties":{"placeholder":"Search"},"searchOpenDialogs":true,"interaction":{"idSuffix":"I"}},"clearTextFirst":true,"interactionType":"ENTER_TEXT"}]}
COMMAND: POST /session/3247b862f9661e1dad05ca414f9e55ea/actions - {"actions":[{"id":"action70","type":"key","parameters":{},"actions":[{"type":"keyDown","value":"î€‡"},{"type":"pause","duration":10},{"type":"keyUp","value":"î€‡"}]}]}
RESULT: {"actions":[{"id":"action70","type":"key","parameters":{},"actions":[{"type":"keyDown","value":"î€‡"},{"type":"pause","duration":10},{"type":"keyUp","value":"î€‡"}]}]}
COMMAND: GET /session/3247b862f9661e1dad05ca414f9e55ea/screenshot - {}
RESULT: {}
COMMAND: POST /session/3247b862f9661e1dad05ca414f9e55ea/element - {"using":"xpath","value":"//td/div/span[contains(text(), \"BGL Vehicles\")]"}
RESULT: {"using":"xpath","value":"//td/div/span[contains(text(), \"BGL Vehicles\")]"}
COMMAND: POST /session/3247b862f9661e1dad05ca414f9e55ea/element/f.BF6F4EA089F18175CED7BE484E452EA8.d.A44F5E32341FC4C2E825E7F0B851455C.e.20251/click - {}
RESULT: {}
COMMAND: GET /session/3247b862f9661e1dad05ca414f9e55ea/screenshot - {}
RESULT: {}
COMMAND: POST /session/3247b862f9661e1dad05ca414f9e55ea/element - {"using":"xpath","value":"//bdi[contains(text(), \"OK\")]"}
RESULT: {"using":"xpath","value":"//bdi[contains(text(), \"OK\")]"}
COMMAND: POST /session/3247b862f9661e1dad05ca414f9e55ea/element/f.BF6F4EA089F18175CED7BE484E452EA8.d.A44F5E32341FC4C2E825E7F0B851455C.e.20252/click - {}
RESULT: {}
COMMAND: GET /session/3247b862f9661e1dad05ca414f9e55ea/screenshot - {}
RESULT: {}
COMMAND: POST /session/3247b862f9661e1dad05ca414f9e55ea/execute/async - {"script":"<script> [1562 bytes]","args":[{"selector":{"id":"application-manageresources-display-component---newResourceUnit--newRRUPage-anchBar-application-manageresources-display-component---newResourceUnit--resource-anchor","interaction":{"idSuffix":"BDI-content"}},"wdio_ui5_key":"applicationmanageresources-display-component---newResourceUnit--newRRUPage-anchBar-application-manageresources-display-component---newResourceUnit--resource-anchor"}]}
RESULT: {"script":"<script> [1562 bytes]","args":[{"selector":{"id":"application-manageresources-display-component---newResourceUnit--newRRUPage-anchBar-application-manageresources-display-component---newResourceUnit--resource-anchor","interaction":{"idSuffix":"BDI-content"}},"wdio_ui5_key":"applicationmanageresources-display-component---newResourceUnit--newRRUPage-anchBar-application-manageresources-display-component---newResourceUnit--resource-anchor"}]}
RESULT: undefined
COMMAND: POST /session/3247b862f9661e1dad05ca414f9e55ea/element - {"using":"xpath","value":"//*[@id=\"application-manageresources-display-component---newResourceUnit--newRRUPage-anchBar-application-manageresources-display-component---newResourceUnit--resource-anchor\"]"}
RESULT: {"using":"xpath","value":"//*[@id=\"application-manageresources-display-component---newResourceUnit--newRRUPage-anchBar-application-manageresources-display-component---newResourceUnit--resource-anchor\"]"}
COMMAND: POST /session/3247b862f9661e1dad05ca414f9e55ea/element/f.BF6F4EA089F18175CED7BE484E452EA8.d.A44F5E32341FC4C2E825E7F0B851455C.e.20256/click - {}
RESULT: {}
COMMAND: POST /session/3247b862f9661e1dad05ca414f9e55ea/execute/async - {"script":"<script> [1562 bytes]","args":[{"selector":{"id":"application-manageresources-display-component---newResourceUnit--PLANNED_DELIVERY_DATE","interaction":{"idSuffix":"inner"}},"wdio_ui5_key":"applicationmanageresources-display-component---newResourceUnit--PLANNED_DELIVERY_DATE"}]}
COMMAND: GET /session/3247b862f9661e1dad05ca414f9e55ea/screenshot - {}
RESULT: {"script":"<script> [1562 bytes]","args":[{"selector":{"id":"application-manageresources-display-component---newResourceUnit--PLANNED_DELIVERY_DATE","interaction":{"idSuffix":"inner"}},"wdio_ui5_key":"applicationmanageresources-display-component---newResourceUnit--PLANNED_DELIVERY_DATE"}]}
RESULT: undefined
COMMAND: POST /session/3247b862f9661e1dad05ca414f9e55ea/execute/async - {"script":"<script> [6424 bytes]","args":[{"element-6066-11e4-a52e-4f735466cecf":"f.BF6F4EA089F18175CED7BE484E452EA8.d.A44F5E32341FC4C2E825E7F0B851455C.e.20117"},"setValue",["5/20/25"]]}
RESULT: {}
RESULT: {"script":"<script> [6424 bytes]","args":[{"element-6066-11e4-a52e-4f735466cecf":"f.BF6F4EA089F18175CED7BE484E452EA8.d.A44F5E32341FC4C2E825E7F0B851455C.e.20117"},"setValue",["5/20/25"]]}
COMMAND: POST /session/3247b862f9661e1dad05ca414f9e55ea/element - {"using":"xpath","value":"//label[contains(@class, 'sapMLabelRequired') and .//bdi[contains(text(), 'Planned Retirement')]]"}
RESULT: {"using":"xpath","value":"//label[contains(@class, 'sapMLabelRequired') and .//bdi[contains(text(), 'Planned Retirement')]]"}
COMMAND: POST /session/3247b862f9661e1dad05ca414f9e55ea/elements - {"using":"xpath","value":"//label[contains(@class, 'sapMLabelRequired') and .//bdi[contains(text(), 'Planned Retirement')]]"}
RESULT: {"using":"xpath","value":"//label[contains(@class, 'sapMLabelRequired') and .//bdi[contains(text(), 'Planned Retirement')]]"}
COMMAND: POST /session/3247b862f9661e1dad05ca414f9e55ea/element - {"using":"xpath","value":"//button[@data-kt=\"resourceUnitSaveButton\"]"}
RESULT: {"using":"xpath","value":"//button[@data-kt=\"resourceUnitSaveButton\"]"}
COMMAND: POST /session/3247b862f9661e1dad05ca414f9e55ea/element/f.BF6F4EA089F18175CED7BE484E452EA8.d.A44F5E32341FC4C2E825E7F0B851455C.e.20077/click - {}
RESULT: {}
COMMAND: GET /session/3247b862f9661e1dad05ca414f9e55ea/screenshot - {}
RESULT: {}
COMMAND: POST /session/3247b862f9661e1dad05ca414f9e55ea/element - {"using":"xpath","value":"//bdi[contains(text(), \"Close\")]"}
RESULT: {"using":"xpath","value":"//bdi[contains(text(), \"Close\")]"}
COMMAND: POST /session/3247b862f9661e1dad05ca414f9e55ea/element/f.BF6F4EA089F18175CED7BE484E452EA8.d.A44F5E32341FC4C2E825E7F0B851455C.e.20264/click - {}
RESULT: {}
COMMAND: GET /session/3247b862f9661e1dad05ca414f9e55ea/screenshot - {}
RESULT: {}
COMMAND: POST /session/3247b862f9661e1dad05ca414f9e55ea/element - {"using":"xpath","value":"(//button[contains(@id ,\"actionsToolbar-overflowButton\")])[1]"}
RESULT: {"using":"xpath","value":"(//button[contains(@id ,\"actionsToolbar-overflowButton\")])[1]"}
COMMAND: POST /session/3247b862f9661e1dad05ca414f9e55ea/element/f.BF6F4EA089F18175CED7BE484E452EA8.d.A44F5E32341FC4C2E825E7F0B851455C.e.20295/click - {}
RESULT: {}
COMMAND: GET /session/3247b862f9661e1dad05ca414f9e55ea/screenshot - {}
RESULT: {}
COMMAND: POST /session/3247b862f9661e1dad05ca414f9e55ea/element - {"using":"xpath","value":"//button[@data-kt=\"priceInfoButton\"]"}
RESULT: {"using":"xpath","value":"//button[@data-kt=\"priceInfoButton\"]"}
COMMAND: POST /session/3247b862f9661e1dad05ca414f9e55ea/element/f.BF6F4EA089F18175CED7BE484E452EA8.d.A44F5E32341FC4C2E825E7F0B851455C.e.20297/click - {}
RESULT: {}
COMMAND: GET /session/3247b862f9661e1dad05ca414f9e55ea/screenshot - {}
]]></system-out>
    </testcase>
    <testcase classname="chrome.136_0_7103_93.windows.Billing_Calculation_-_Time_based_(considering_transport_times)_US139738" name="Should create new pricing rule for the equipment" time="47.793">
      <system-out><![CDATA[
COMMAND: POST /session/3247b862f9661e1dad05ca414f9e55ea/element - {"using":"xpath","value":"//button[@data-kt=\"addButton\"]"}
RESULT: {}
RESULT: {"using":"xpath","value":"//button[@data-kt=\"addButton\"]"}
COMMAND: POST /session/3247b862f9661e1dad05ca414f9e55ea/elements - {"using":"xpath","value":"//button[@data-kt=\"addButton\"]"}
RESULT: {"using":"xpath","value":"//button[@data-kt=\"addButton\"]"}
COMMAND: POST /session/3247b862f9661e1dad05ca414f9e55ea/execute/sync - {"script":"<script> [8489 bytes]","args":[{"element-6066-11e4-a52e-4f735466cecf":"f.BF6F4EA089F18175CED7BE484E452EA8.d.A44F5E32341FC4C2E825E7F0B851455C.e.20333","ELEMENT":"f.BF6F4EA089F18175CED7BE484E452EA8.d.A44F5E32341FC4C2E825E7F0B851455C.e.20333"}]}
RESULT: {"script":"<script> [8489 bytes]","args":[{"element-6066-11e4-a52e-4f735466cecf":"f.BF6F4EA089F18175CED7BE484E452EA8.d.A44F5E32341FC4C2E825E7F0B851455C.e.20333","ELEMENT":"f.BF6F4EA089F18175CED7BE484E452EA8.d.A44F5E32341FC4C2E825E7F0B851455C.e.20333"}]}
COMMAND: GET /session/3247b862f9661e1dad05ca414f9e55ea/element/f.BF6F4EA089F18175CED7BE484E452EA8.d.A44F5E32341FC4C2E825E7F0B851455C.e.20333/enabled - {}
COMMAND: GET /session/3247b862f9661e1dad05ca414f9e55ea/screenshot - {}
RESULT: {}
COMMAND: POST /session/3247b862f9661e1dad05ca414f9e55ea/execute/sync - {"script":"<script> [8489 bytes]","args":[{"element-6066-11e4-a52e-4f735466cecf":"f.BF6F4EA089F18175CED7BE484E452EA8.d.A44F5E32341FC4C2E825E7F0B851455C.e.20333","ELEMENT":"f.BF6F4EA089F18175CED7BE484E452EA8.d.A44F5E32341FC4C2E825E7F0B851455C.e.20333"}]}
COMMAND: GET /session/3247b862f9661e1dad05ca414f9e55ea/screenshot - {}
RESULT: {}
RESULT: {"script":"<script> [8489 bytes]","args":[{"element-6066-11e4-a52e-4f735466cecf":"f.BF6F4EA089F18175CED7BE484E452EA8.d.A44F5E32341FC4C2E825E7F0B851455C.e.20333","ELEMENT":"f.BF6F4EA089F18175CED7BE484E452EA8.d.A44F5E32341FC4C2E825E7F0B851455C.e.20333"}]}
COMMAND: POST /session/3247b862f9661e1dad05ca414f9e55ea/execute/sync - {"script":"<script> [5351 bytes]","args":[{"element-6066-11e4-a52e-4f735466cecf":"f.BF6F4EA089F18175CED7BE484E452EA8.d.A44F5E32341FC4C2E825E7F0B851455C.e.20333","ELEMENT":"f.BF6F4EA089F18175CED7BE484E452EA8.d.A44F5E32341FC4C2E825E7F0B851455C.e.20333"}]}
COMMAND: GET /session/3247b862f9661e1dad05ca414f9e55ea/screenshot - {}
RESULT: {}
RESULT: {"script":"<script> [5351 bytes]","args":[{"element-6066-11e4-a52e-4f735466cecf":"f.BF6F4EA089F18175CED7BE484E452EA8.d.A44F5E32341FC4C2E825E7F0B851455C.e.20333","ELEMENT":"f.BF6F4EA089F18175CED7BE484E452EA8.d.A44F5E32341FC4C2E825E7F0B851455C.e.20333"}]}
COMMAND: POST /session/3247b862f9661e1dad05ca414f9e55ea/element/f.BF6F4EA089F18175CED7BE484E452EA8.d.A44F5E32341FC4C2E825E7F0B851455C.e.20333/click - {}
COMMAND: GET /session/3247b862f9661e1dad05ca414f9e55ea/screenshot - {}
RESULT: {}
RESULT: {}
COMMAND: GET /session/3247b862f9661e1dad05ca414f9e55ea/screenshot - {}
RESULT: {}
RESULT: {}
COMMAND: POST /session/3247b862f9661e1dad05ca414f9e55ea/execute/async - {"script":"<script> [1562 bytes]","args":[{"selector":{"controlType":"sap.m.Title","viewName":"etm.portal.ui.managepricingrules.view.NewItem","viewId":"application-managepricingrules-display-component---newInfoPriceItem","properties":{"text":"New Pricing Rules - Item Level"}},"wdio_ui5_key":"etmportal.ui.managepricingrules.view.NewItemsap.m.Title{\"text\":\"New Pricing Rules - Item Level\"}"}]}
RESULT: {"script":"<script> [1562 bytes]","args":[{"selector":{"controlType":"sap.m.Title","viewName":"etm.portal.ui.managepricingrules.view.NewItem","viewId":"application-managepricingrules-display-component---newInfoPriceItem","properties":{"text":"New Pricing Rules - Item Level"}},"wdio_ui5_key":"etmportal.ui.managepricingrules.view.NewItemsap.m.Title{\"text\":\"New Pricing Rules - Item Level\"}"}]}
RESULT: undefined
COMMAND: POST /session/3247b862f9661e1dad05ca414f9e55ea/execute/async - {"script":"<script> [6424 bytes]","args":[{"element-6066-11e4-a52e-4f735466cecf":"f.BF6F4EA089F18175CED7BE484E452EA8.d.A44F5E32341FC4C2E825E7F0B851455C.e.20493"},"getText",[]]}
RESULT: {"script":"<script> [6424 bytes]","args":[{"element-6066-11e4-a52e-4f735466cecf":"f.BF6F4EA089F18175CED7BE484E452EA8.d.A44F5E32341FC4C2E825E7F0B851455C.e.20493"},"getText",[]]}
COMMAND: POST /session/3247b862f9661e1dad05ca414f9e55ea/execute/async - {"script":"<script> [1562 bytes]","args":[{"selector":{"id":"application-managepricingrules-display-component---newInfoPriceItem--condValidTo","interaction":{"idSuffix":"inner"}},"wdio_ui5_key":"applicationmanagepricingrules-display-component---newInfoPriceItem--condValidTo"}]}
RESULT: {"script":"<script> [1562 bytes]","args":[{"selector":{"id":"application-managepricingrules-display-component---newInfoPriceItem--condValidTo","interaction":{"idSuffix":"inner"}},"wdio_ui5_key":"applicationmanagepricingrules-display-component---newInfoPriceItem--condValidTo"}]}
RESULT: undefined
COMMAND: POST /session/3247b862f9661e1dad05ca414f9e55ea/execute/async - {"script":"<script> [776 bytes]","args":[{"enterText":"1/20/26","selector":{"id":"application-managepricingrules-display-component---newInfoPriceItem--condValidTo","interaction":{"idSuffix":"inner"}},"clearTextFirst":true,"interactionType":"ENTER_TEXT"}]}
RESULT: {"script":"<script> [776 bytes]","args":[{"enterText":"1/20/26","selector":{"id":"application-managepricingrules-display-component---newInfoPriceItem--condValidTo","interaction":{"idSuffix":"inner"}},"clearTextFirst":true,"interactionType":"ENTER_TEXT"}]}
COMMAND: POST /session/3247b862f9661e1dad05ca414f9e55ea/execute/async - {"script":"<script> [1562 bytes]","args":[{"selector":{"id":"application-managepricingrules-display-component---newInfoPriceItem--billType-arrow"},"wdio_ui5_key":"applicationmanagepricingrules-display-component---newInfoPriceItem--billType-arrow"}]}
RESULT: {"script":"<script> [1562 bytes]","args":[{"selector":{"id":"application-managepricingrules-display-component---newInfoPriceItem--billType-arrow"},"wdio_ui5_key":"applicationmanagepricingrules-display-component---newInfoPriceItem--billType-arrow"}]}
RESULT: undefined
COMMAND: POST /session/3247b862f9661e1dad05ca414f9e55ea/element - {"using":"xpath","value":"//*[@id=\"application-managepricingrules-display-component---newInfoPriceItem--billType-arrow\"]"}
RESULT: {"using":"xpath","value":"//*[@id=\"application-managepricingrules-display-component---newInfoPriceItem--billType-arrow\"]"}
COMMAND: POST /session/3247b862f9661e1dad05ca414f9e55ea/element/f.BF6F4EA089F18175CED7BE484E452EA8.d.A44F5E32341FC4C2E825E7F0B851455C.e.20495/click - {}
RESULT: {}
COMMAND: POST /session/3247b862f9661e1dad05ca414f9e55ea/element - {"using":"xpath","value":"//span[contains(text(), \"TB - Time based\")]"}
COMMAND: GET /session/3247b862f9661e1dad05ca414f9e55ea/screenshot - {}
RESULT: {"using":"xpath","value":"//span[contains(text(), \"TB - Time based\")]"}
COMMAND: POST /session/3247b862f9661e1dad05ca414f9e55ea/element/f.BF6F4EA089F18175CED7BE484E452EA8.d.A44F5E32341FC4C2E825E7F0B851455C.e.20496/click - {}
RESULT: {}
RESULT: {}
COMMAND: POST /session/3247b862f9661e1dad05ca414f9e55ea/execute/async - {"script":"<script> [1562 bytes]","args":[{"selector":{"id":"application-managepricingrules-display-component---newInfoPriceItem--priceProc-arrow"},"wdio_ui5_key":"applicationmanagepricingrules-display-component---newInfoPriceItem--priceProc-arrow"}]}
COMMAND: GET /session/3247b862f9661e1dad05ca414f9e55ea/screenshot - {}
RESULT: {"script":"<script> [1562 bytes]","args":[{"selector":{"id":"application-managepricingrules-display-component---newInfoPriceItem--priceProc-arrow"},"wdio_ui5_key":"applicationmanagepricingrules-display-component---newInfoPriceItem--priceProc-arrow"}]}
RESULT: undefined
COMMAND: POST /session/3247b862f9661e1dad05ca414f9e55ea/element - {"using":"xpath","value":"//*[@id=\"application-managepricingrules-display-component---newInfoPriceItem--priceProc-arrow\"]"}
RESULT: {}
RESULT: {"using":"xpath","value":"//*[@id=\"application-managepricingrules-display-component---newInfoPriceItem--priceProc-arrow\"]"}
COMMAND: POST /session/3247b862f9661e1dad05ca414f9e55ea/element/f.BF6F4EA089F18175CED7BE484E452EA8.d.A44F5E32341FC4C2E825E7F0B851455C.e.20462/click - {}
RESULT: {}
COMMAND: POST /session/3247b862f9661e1dad05ca414f9e55ea/element - {"using":"xpath","value":"//span[contains(text(), \"TBS - Time based standard\")]"}
COMMAND: GET /session/3247b862f9661e1dad05ca414f9e55ea/screenshot - {}
RESULT: {"using":"xpath","value":"//span[contains(text(), \"TBS - Time based standard\")]"}
COMMAND: POST /session/3247b862f9661e1dad05ca414f9e55ea/element/f.BF6F4EA089F18175CED7BE484E452EA8.d.A44F5E32341FC4C2E825E7F0B851455C.e.20497/click - {}
RESULT: {}
RESULT: {}
COMMAND: POST /session/3247b862f9661e1dad05ca414f9e55ea/execute/async - {"script":"<script> [1562 bytes]","args":[{"selector":{"id":"application-managepricingrules-display-component---newInfoPriceItem--calcBase-arrow"},"wdio_ui5_key":"applicationmanagepricingrules-display-component---newInfoPriceItem--calcBase-arrow"}]}
COMMAND: GET /session/3247b862f9661e1dad05ca414f9e55ea/screenshot - {}
RESULT: {"script":"<script> [1562 bytes]","args":[{"selector":{"id":"application-managepricingrules-display-component---newInfoPriceItem--calcBase-arrow"},"wdio_ui5_key":"applicationmanagepricingrules-display-component---newInfoPriceItem--calcBase-arrow"}]}
RESULT: undefined
COMMAND: POST /session/3247b862f9661e1dad05ca414f9e55ea/element - {"using":"xpath","value":"//*[@id=\"application-managepricingrules-display-component---newInfoPriceItem--calcBase-arrow\"]"}
RESULT: {}
RESULT: {"using":"xpath","value":"//*[@id=\"application-managepricingrules-display-component---newInfoPriceItem--calcBase-arrow\"]"}
COMMAND: POST /session/3247b862f9661e1dad05ca414f9e55ea/element/f.BF6F4EA089F18175CED7BE484E452EA8.d.A44F5E32341FC4C2E825E7F0B851455C.e.20469/click - {}
RESULT: {}
COMMAND: GET /session/3247b862f9661e1dad05ca414f9e55ea/screenshot - {}
RESULT: {}
COMMAND: POST /session/3247b862f9661e1dad05ca414f9e55ea/element - {"using":"xpath","value":"//span[contains(text(), \"0006 - TB(calendar days)\")]"}
RESULT: {"using":"xpath","value":"//span[contains(text(), \"0006 - TB(calendar days)\")]"}
COMMAND: POST /session/3247b862f9661e1dad05ca414f9e55ea/element/f.BF6F4EA089F18175CED7BE484E452EA8.d.A44F5E32341FC4C2E825E7F0B851455C.e.20498/click - {}
RESULT: {}
COMMAND: GET /session/3247b862f9661e1dad05ca414f9e55ea/screenshot - {}
RESULT: {}
COMMAND: POST /session/3247b862f9661e1dad05ca414f9e55ea/execute/async - {"script":"<script> [1562 bytes]","args":[{"selector":{"id":"application-managepricingrules-display-component---newInfoPriceItem--daysMonth","interaction":{"idSuffix":"inner"}},"wdio_ui5_key":"applicationmanagepricingrules-display-component---newInfoPriceItem--daysMonth"}]}
RESULT: {"script":"<script> [1562 bytes]","args":[{"selector":{"id":"application-managepricingrules-display-component---newInfoPriceItem--daysMonth","interaction":{"idSuffix":"inner"}},"wdio_ui5_key":"applicationmanagepricingrules-display-component---newInfoPriceItem--daysMonth"}]}
RESULT: undefined
COMMAND: POST /session/3247b862f9661e1dad05ca414f9e55ea/execute/async - {"script":"<script> [776 bytes]","args":[{"enterText":"30","selector":{"id":"application-managepricingrules-display-component---newInfoPriceItem--daysMonth","interaction":{"idSuffix":"inner"}},"clearTextFirst":true,"interactionType":"ENTER_TEXT"}]}
RESULT: {"script":"<script> [776 bytes]","args":[{"enterText":"30","selector":{"id":"application-managepricingrules-display-component---newInfoPriceItem--daysMonth","interaction":{"idSuffix":"inner"}},"clearTextFirst":true,"interactionType":"ENTER_TEXT"}]}
COMMAND: POST /session/3247b862f9661e1dad05ca414f9e55ea/element - {"using":"xpath","value":"//button[@data-kt=\"saveNewRuleButton\"]"}
RESULT: {"using":"xpath","value":"//button[@data-kt=\"saveNewRuleButton\"]"}
COMMAND: POST /session/3247b862f9661e1dad05ca414f9e55ea/element/f.BF6F4EA089F18175CED7BE484E452EA8.d.A44F5E32341FC4C2E825E7F0B851455C.e.20485/click - {}
RESULT: {}
COMMAND: GET /session/3247b862f9661e1dad05ca414f9e55ea/screenshot - {}
RESULT: {}
COMMAND: POST /session/3247b862f9661e1dad05ca414f9e55ea/execute/async - {"script":"<script> [1562 bytes]","args":[{"selector":{"id":"application-managepricingrules-display-component---priceInfoItem--smartFilterBar-btnBasicSearch","interaction":{"idSuffix":"I"}},"wdio_ui5_key":"applicationmanagepricingrules-display-component---priceInfoItem--smartFilterBar-btnBasicSearch"}]}
RESULT: {"script":"<script> [1562 bytes]","args":[{"selector":{"id":"application-managepricingrules-display-component---priceInfoItem--smartFilterBar-btnBasicSearch","interaction":{"idSuffix":"I"}},"wdio_ui5_key":"applicationmanagepricingrules-display-component---priceInfoItem--smartFilterBar-btnBasicSearch"}]}
RESULT: undefined
COMMAND: POST /session/3247b862f9661e1dad05ca414f9e55ea/execute/async - {"script":"<script> [776 bytes]","args":[{"enterText":"lQPJaN17kQ","selector":{"id":"application-managepricingrules-display-component---priceInfoItem--smartFilterBar-btnBasicSearch","interaction":{"idSuffix":"I"}},"clearTextFirst":true,"interactionType":"ENTER_TEXT"}]}
RESULT: {"script":"<script> [776 bytes]","args":[{"enterText":"lQPJaN17kQ","selector":{"id":"application-managepricingrules-display-component---priceInfoItem--smartFilterBar-btnBasicSearch","interaction":{"idSuffix":"I"}},"clearTextFirst":true,"interactionType":"ENTER_TEXT"}]}
COMMAND: POST /session/3247b862f9661e1dad05ca414f9e55ea/actions - {"actions":[{"id":"action71","type":"key","parameters":{},"actions":[{"type":"keyDown","value":"î€‡"},{"type":"pause","duration":10},{"type":"keyUp","value":"î€‡"}]}]}
RESULT: {"actions":[{"id":"action71","type":"key","parameters":{},"actions":[{"type":"keyDown","value":"î€‡"},{"type":"pause","duration":10},{"type":"keyUp","value":"î€‡"}]}]}
COMMAND: GET /session/3247b862f9661e1dad05ca414f9e55ea/screenshot - {}
RESULT: {}
COMMAND: POST /session/3247b862f9661e1dad05ca414f9e55ea/element - {"using":"xpath","value":"//span[@id=\"application-managepricingrules-display-component---priceInfoItem--smartTable-header-inner\"]"}
RESULT: {"using":"xpath","value":"//span[@id=\"application-managepricingrules-display-component---priceInfoItem--smartTable-header-inner\"]"}
COMMAND: POST /session/3247b862f9661e1dad05ca414f9e55ea/elements - {"using":"xpath","value":"//span[@id=\"application-managepricingrules-display-component---priceInfoItem--smartTable-header-inner\"]"}
RESULT: {"using":"xpath","value":"//span[@id=\"application-managepricingrules-display-component---priceInfoItem--smartTable-header-inner\"]"}
COMMAND: POST /session/3247b862f9661e1dad05ca414f9e55ea/execute/sync - {"script":"<script> [56 bytes]","args":[{"element-6066-11e4-a52e-4f735466cecf":"f.BF6F4EA089F18175CED7BE484E452EA8.d.A44F5E32341FC4C2E825E7F0B851455C.e.20523","ELEMENT":"f.BF6F4EA089F18175CED7BE484E452EA8.d.A44F5E32341FC4C2E825E7F0B851455C.e.20523"}]}
RESULT: {"script":"<script> [56 bytes]","args":[{"element-6066-11e4-a52e-4f735466cecf":"f.BF6F4EA089F18175CED7BE484E452EA8.d.A44F5E32341FC4C2E825E7F0B851455C.e.20523","ELEMENT":"f.BF6F4EA089F18175CED7BE484E452EA8.d.A44F5E32341FC4C2E825E7F0B851455C.e.20523"}]}
COMMAND: POST /session/3247b862f9661e1dad05ca414f9e55ea/element - {"using":"css selector","value":"#shell-header-logo"}
COMMAND: GET /session/3247b862f9661e1dad05ca414f9e55ea/screenshot - {}
RESULT: {"using":"css selector","value":"#shell-header-logo"}
COMMAND: POST /session/3247b862f9661e1dad05ca414f9e55ea/element/f.BF6F4EA089F18175CED7BE484E452EA8.d.A44F5E32341FC4C2E825E7F0B851455C.e.19667/click - {}
RESULT: {}
RESULT: {}
COMMAND: GET /session/3247b862f9661e1dad05ca414f9e55ea/screenshot - {}
RESULT: {}
]]></system-out>
    </testcase>
    <testcase classname="chrome.136_0_7103_93.windows.Billing_Calculation_-_Time_based_(considering_transport_times)_US139738" name="Should create new pricing condition for the equipment" time="64.812">
      <system-out><![CDATA[
COMMAND: POST /session/3247b862f9661e1dad05ca414f9e55ea/execute/async - {"script":"<script> [1562 bytes]","args":[{"selector":{"controlType":"sap.m.GenericTile","properties":{"header":"Manage Conditions & Prices"}},"wdio_ui5_key":"sapm.GenericTile{\"header\":\"Manage Conditions & Prices\"}"}]}
RESULT: {"script":"<script> [1562 bytes]","args":[{"selector":{"controlType":"sap.m.GenericTile","properties":{"header":"Manage Conditions & Prices"}},"wdio_ui5_key":"sapm.GenericTile{\"header\":\"Manage Conditions & Prices\"}"}]}
RESULT: undefined
COMMAND: POST /session/3247b862f9661e1dad05ca414f9e55ea/element - {"using":"xpath","value":"//*[@id=\"__tile53\"]"}
RESULT: {"using":"xpath","value":"//*[@id=\"__tile53\"]"}
COMMAND: POST /session/3247b862f9661e1dad05ca414f9e55ea/element/f.BF6F4EA089F18175CED7BE484E452EA8.d.A44F5E32341FC4C2E825E7F0B851455C.e.19605/click - {}
RESULT: {}
COMMAND: GET /session/3247b862f9661e1dad05ca414f9e55ea/screenshot - {}
RESULT: {}
COMMAND: POST /session/3247b862f9661e1dad05ca414f9e55ea/elements - {"using":"xpath","value":"//span[text()='Error']"}
RESULT: {"using":"xpath","value":"//span[text()='Error']"}
COMMAND: POST /session/3247b862f9661e1dad05ca414f9e55ea/element - {"using":"xpath","value":"//button[@aria-label=\"Create\"]"}
RESULT: {"using":"xpath","value":"//button[@aria-label=\"Create\"]"}
COMMAND: POST /session/3247b862f9661e1dad05ca414f9e55ea/elements - {"using":"xpath","value":"//button[@aria-label=\"Create\"]"}
RESULT: {"using":"xpath","value":"//button[@aria-label=\"Create\"]"}
COMMAND: POST /session/3247b862f9661e1dad05ca414f9e55ea/execute/sync - {"script":"<script> [8489 bytes]","args":[{"element-6066-11e4-a52e-4f735466cecf":"f.BF6F4EA089F18175CED7BE484E452EA8.d.A44F5E32341FC4C2E825E7F0B851455C.e.20558","ELEMENT":"f.BF6F4EA089F18175CED7BE484E452EA8.d.A44F5E32341FC4C2E825E7F0B851455C.e.20558"}]}
RESULT: {"script":"<script> [8489 bytes]","args":[{"element-6066-11e4-a52e-4f735466cecf":"f.BF6F4EA089F18175CED7BE484E452EA8.d.A44F5E32341FC4C2E825E7F0B851455C.e.20558","ELEMENT":"f.BF6F4EA089F18175CED7BE484E452EA8.d.A44F5E32341FC4C2E825E7F0B851455C.e.20558"}]}
COMMAND: GET /session/3247b862f9661e1dad05ca414f9e55ea/element/f.BF6F4EA089F18175CED7BE484E452EA8.d.A44F5E32341FC4C2E825E7F0B851455C.e.20558/enabled - {}
COMMAND: GET /session/3247b862f9661e1dad05ca414f9e55ea/screenshot - {}
RESULT: {}
COMMAND: POST /session/3247b862f9661e1dad05ca414f9e55ea/execute/sync - {"script":"<script> [8489 bytes]","args":[{"element-6066-11e4-a52e-4f735466cecf":"f.BF6F4EA089F18175CED7BE484E452EA8.d.A44F5E32341FC4C2E825E7F0B851455C.e.20558","ELEMENT":"f.BF6F4EA089F18175CED7BE484E452EA8.d.A44F5E32341FC4C2E825E7F0B851455C.e.20558"}]}
COMMAND: GET /session/3247b862f9661e1dad05ca414f9e55ea/screenshot - {}
RESULT: {}
RESULT: {"script":"<script> [8489 bytes]","args":[{"element-6066-11e4-a52e-4f735466cecf":"f.BF6F4EA089F18175CED7BE484E452EA8.d.A44F5E32341FC4C2E825E7F0B851455C.e.20558","ELEMENT":"f.BF6F4EA089F18175CED7BE484E452EA8.d.A44F5E32341FC4C2E825E7F0B851455C.e.20558"}]}
COMMAND: POST /session/3247b862f9661e1dad05ca414f9e55ea/execute/sync - {"script":"<script> [5351 bytes]","args":[{"element-6066-11e4-a52e-4f735466cecf":"f.BF6F4EA089F18175CED7BE484E452EA8.d.A44F5E32341FC4C2E825E7F0B851455C.e.20558","ELEMENT":"f.BF6F4EA089F18175CED7BE484E452EA8.d.A44F5E32341FC4C2E825E7F0B851455C.e.20558"}]}
COMMAND: GET /session/3247b862f9661e1dad05ca414f9e55ea/screenshot - {}
RESULT: {}
RESULT: {"script":"<script> [5351 bytes]","args":[{"element-6066-11e4-a52e-4f735466cecf":"f.BF6F4EA089F18175CED7BE484E452EA8.d.A44F5E32341FC4C2E825E7F0B851455C.e.20558","ELEMENT":"f.BF6F4EA089F18175CED7BE484E452EA8.d.A44F5E32341FC4C2E825E7F0B851455C.e.20558"}]}
COMMAND: POST /session/3247b862f9661e1dad05ca414f9e55ea/element/f.BF6F4EA089F18175CED7BE484E452EA8.d.A44F5E32341FC4C2E825E7F0B851455C.e.20558/click - {}
COMMAND: GET /session/3247b862f9661e1dad05ca414f9e55ea/screenshot - {}
RESULT: {}
RESULT: {}
COMMAND: GET /session/3247b862f9661e1dad05ca414f9e55ea/screenshot - {}
RESULT: {}
RESULT: {}
COMMAND: POST /session/3247b862f9661e1dad05ca414f9e55ea/actions - {"actions":[{"id":"action72","type":"key","parameters":{},"actions":[{"type":"keyDown","value":"î€‡"},{"type":"pause","duration":10},{"type":"keyUp","value":"î€‡"}]}]}
RESULT: {"actions":[{"id":"action72","type":"key","parameters":{},"actions":[{"type":"keyDown","value":"î€‡"},{"type":"pause","duration":10},{"type":"keyUp","value":"î€‡"}]}]}
COMMAND: GET /session/3247b862f9661e1dad05ca414f9e55ea/screenshot - {}
RESULT: {}
COMMAND: POST /session/3247b862f9661e1dad05ca414f9e55ea/execute/async - {"script":"<script> [1562 bytes]","args":[{"selector":{"id":"application-manageconditionprice-display-component---newCondition--condBillCond-arrow"},"wdio_ui5_key":"applicationmanageconditionprice-display-component---newCondition--condBillCond-arrow"}]}
RESULT: {"script":"<script> [1562 bytes]","args":[{"selector":{"id":"application-manageconditionprice-display-component---newCondition--condBillCond-arrow"},"wdio_ui5_key":"applicationmanageconditionprice-display-component---newCondition--condBillCond-arrow"}]}
RESULT: undefined
COMMAND: POST /session/3247b862f9661e1dad05ca414f9e55ea/element - {"using":"xpath","value":"//*[@id=\"application-manageconditionprice-display-component---newCondition--condBillCond-arrow\"]"}
RESULT: {"using":"xpath","value":"//*[@id=\"application-manageconditionprice-display-component---newCondition--condBillCond-arrow\"]"}
COMMAND: POST /session/3247b862f9661e1dad05ca414f9e55ea/element/f.BF6F4EA089F18175CED7BE484E452EA8.d.A44F5E32341FC4C2E825E7F0B851455C.e.20735/click - {}
RESULT: {}
COMMAND: GET /session/3247b862f9661e1dad05ca414f9e55ea/screenshot - {}
RESULT: {}
COMMAND: POST /session/3247b862f9661e1dad05ca414f9e55ea/element - {"using":"xpath","value":"//li[.//span[contains(text(), \"DISP - D&I special price\")]]"}
RESULT: {"using":"xpath","value":"//li[.//span[contains(text(), \"DISP - D&I special price\")]]"}
COMMAND: POST /session/3247b862f9661e1dad05ca414f9e55ea/element/f.BF6F4EA089F18175CED7BE484E452EA8.d.A44F5E32341FC4C2E825E7F0B851455C.e.20738/click - {}
RESULT: {}
COMMAND: GET /session/3247b862f9661e1dad05ca414f9e55ea/screenshot - {}
RESULT: {}
COMMAND: POST /session/3247b862f9661e1dad05ca414f9e55ea/execute/async - {"script":"<script> [1562 bytes]","args":[{"selector":{"id":"application-manageconditionprice-display-component---newCondition--condValidTo","interaction":{"idSuffix":"inner"}},"wdio_ui5_key":"applicationmanageconditionprice-display-component---newCondition--condValidTo"}]}
RESULT: {"script":"<script> [1562 bytes]","args":[{"selector":{"id":"application-manageconditionprice-display-component---newCondition--condValidTo","interaction":{"idSuffix":"inner"}},"wdio_ui5_key":"applicationmanageconditionprice-display-component---newCondition--condValidTo"}]}
RESULT: undefined
COMMAND: POST /session/3247b862f9661e1dad05ca414f9e55ea/execute/async - {"script":"<script> [776 bytes]","args":[{"enterText":"1/20/26","selector":{"id":"application-manageconditionprice-display-component---newCondition--condValidTo","interaction":{"idSuffix":"inner"}},"clearTextFirst":true,"interactionType":"ENTER_TEXT"}]}
RESULT: {"script":"<script> [776 bytes]","args":[{"enterText":"1/20/26","selector":{"id":"application-manageconditionprice-display-component---newCondition--condValidTo","interaction":{"idSuffix":"inner"}},"clearTextFirst":true,"interactionType":"ENTER_TEXT"}]}
COMMAND: POST /session/3247b862f9661e1dad05ca414f9e55ea/element - {"using":"xpath","value":"//input[@id=\"application-manageconditionprice-display-component---newCondition--condRU-inner\"]"}
RESULT: {"using":"xpath","value":"//input[@id=\"application-manageconditionprice-display-component---newCondition--condRU-inner\"]"}
COMMAND: POST /session/3247b862f9661e1dad05ca414f9e55ea/element/f.BF6F4EA089F18175CED7BE484E452EA8.d.A44F5E32341FC4C2E825E7F0B851455C.e.20599/clear - {}
RESULT: {}
COMMAND: POST /session/3247b862f9661e1dad05ca414f9e55ea/element/f.BF6F4EA089F18175CED7BE484E452EA8.d.A44F5E32341FC4C2E825E7F0B851455C.e.20599/value - {"text":"lQPJaN17kQ"}
COMMAND: GET /session/3247b862f9661e1dad05ca414f9e55ea/screenshot - {}
RESULT: {"text":"lQPJaN17kQ"}
COMMAND: GET /session/3247b862f9661e1dad05ca414f9e55ea/screenshot - {}
RESULT: {}
RESULT: {}
COMMAND: POST /session/3247b862f9661e1dad05ca414f9e55ea/actions - {"actions":[{"id":"action73","type":"key","parameters":{},"actions":[{"type":"keyDown","value":"î€‡"},{"type":"pause","duration":10},{"type":"keyUp","value":"î€‡"}]}]}
RESULT: {"actions":[{"id":"action73","type":"key","parameters":{},"actions":[{"type":"keyDown","value":"î€‡"},{"type":"pause","duration":10},{"type":"keyUp","value":"î€‡"}]}]}
COMMAND: POST /session/3247b862f9661e1dad05ca414f9e55ea/execute/async - {"script":"<script> [1562 bytes]","args":[{"selector":{"id":"application-manageconditionprice-display-component---newCondition--condBaseQty","interaction":{"idSuffix":"inner"}},"wdio_ui5_key":"applicationmanageconditionprice-display-component---newCondition--condBaseQty"}]}
COMMAND: GET /session/3247b862f9661e1dad05ca414f9e55ea/screenshot - {}
RESULT: {"script":"<script> [1562 bytes]","args":[{"selector":{"id":"application-manageconditionprice-display-component---newCondition--condBaseQty","interaction":{"idSuffix":"inner"}},"wdio_ui5_key":"applicationmanageconditionprice-display-component---newCondition--condBaseQty"}]}
RESULT: undefined
COMMAND: POST /session/3247b862f9661e1dad05ca414f9e55ea/execute/async - {"script":"<script> [776 bytes]","args":[{"enterText":"1","selector":{"id":"application-manageconditionprice-display-component---newCondition--condBaseQty","interaction":{"idSuffix":"inner"}},"clearTextFirst":true,"interactionType":"ENTER_TEXT"}]}
RESULT: {}
RESULT: {"script":"<script> [776 bytes]","args":[{"enterText":"1","selector":{"id":"application-manageconditionprice-display-component---newCondition--condBaseQty","interaction":{"idSuffix":"inner"}},"clearTextFirst":true,"interactionType":"ENTER_TEXT"}]}
COMMAND: POST /session/3247b862f9661e1dad05ca414f9e55ea/execute/async - {"script":"<script> [1562 bytes]","args":[{"selector":{"id":"application-manageconditionprice-display-component---newCondition--condValue","interaction":{"idSuffix":"inner"}},"wdio_ui5_key":"applicationmanageconditionprice-display-component---newCondition--condValue"}]}
RESULT: {"script":"<script> [1562 bytes]","args":[{"selector":{"id":"application-manageconditionprice-display-component---newCondition--condValue","interaction":{"idSuffix":"inner"}},"wdio_ui5_key":"applicationmanageconditionprice-display-component---newCondition--condValue"}]}
RESULT: undefined
COMMAND: POST /session/3247b862f9661e1dad05ca414f9e55ea/execute/async - {"script":"<script> [776 bytes]","args":[{"enterText":"100","selector":{"id":"application-manageconditionprice-display-component---newCondition--condValue","interaction":{"idSuffix":"inner"}},"clearTextFirst":true,"interactionType":"ENTER_TEXT"}]}
RESULT: {"script":"<script> [776 bytes]","args":[{"enterText":"100","selector":{"id":"application-manageconditionprice-display-component---newCondition--condValue","interaction":{"idSuffix":"inner"}},"clearTextFirst":true,"interactionType":"ENTER_TEXT"}]}
COMMAND: POST /session/3247b862f9661e1dad05ca414f9e55ea/execute/async - {"script":"<script> [1562 bytes]","args":[{"selector":{"id":"application-manageconditionprice-display-component---newCondition--condCurr-arrow"},"wdio_ui5_key":"applicationmanageconditionprice-display-component---newCondition--condCurr-arrow"}]}
RESULT: {"script":"<script> [1562 bytes]","args":[{"selector":{"id":"application-manageconditionprice-display-component---newCondition--condCurr-arrow"},"wdio_ui5_key":"applicationmanageconditionprice-display-component---newCondition--condCurr-arrow"}]}
RESULT: undefined
COMMAND: POST /session/3247b862f9661e1dad05ca414f9e55ea/element - {"using":"xpath","value":"//*[@id=\"application-manageconditionprice-display-component---newCondition--condCurr-arrow\"]"}
RESULT: {"using":"xpath","value":"//*[@id=\"application-manageconditionprice-display-component---newCondition--condCurr-arrow\"]"}
COMMAND: POST /session/3247b862f9661e1dad05ca414f9e55ea/element/f.BF6F4EA089F18175CED7BE484E452EA8.d.A44F5E32341FC4C2E825E7F0B851455C.e.20702/click - {}
RESULT: {}
COMMAND: POST /session/3247b862f9661e1dad05ca414f9e55ea/element - {"using":"xpath","value":"//span[contains(text(), \"Euro\")]"}
COMMAND: GET /session/3247b862f9661e1dad05ca414f9e55ea/screenshot - {}
RESULT: {"using":"xpath","value":"//span[contains(text(), \"Euro\")]"}
COMMAND: POST /session/3247b862f9661e1dad05ca414f9e55ea/element/f.BF6F4EA089F18175CED7BE484E452EA8.d.A44F5E32341FC4C2E825E7F0B851455C.e.20775/click - {}
RESULT: {}
RESULT: {}
COMMAND: POST /session/3247b862f9661e1dad05ca414f9e55ea/element - {"using":"xpath","value":"//button[@data-kt=\"saveButton\"]"}
COMMAND: GET /session/3247b862f9661e1dad05ca414f9e55ea/screenshot - {}
RESULT: {"using":"xpath","value":"//button[@data-kt=\"saveButton\"]"}
COMMAND: POST /session/3247b862f9661e1dad05ca414f9e55ea/element/f.BF6F4EA089F18175CED7BE484E452EA8.d.A44F5E32341FC4C2E825E7F0B851455C.e.20703/click - {}
RESULT: {}
RESULT: {}
COMMAND: GET /session/3247b862f9661e1dad05ca414f9e55ea/screenshot - {}
RESULT: {}
COMMAND: POST /session/3247b862f9661e1dad05ca414f9e55ea/execute/async - {"script":"<script> [1562 bytes]","args":[{"selector":{"id":"application-manageconditionprice-display-component---conditions--smartFilterBar-btnBasicSearch","interaction":{"idSuffix":"I"}},"wdio_ui5_key":"applicationmanageconditionprice-display-component---conditions--smartFilterBar-btnBasicSearch"}]}
RESULT: {"script":"<script> [1562 bytes]","args":[{"selector":{"id":"application-manageconditionprice-display-component---conditions--smartFilterBar-btnBasicSearch","interaction":{"idSuffix":"I"}},"wdio_ui5_key":"applicationmanageconditionprice-display-component---conditions--smartFilterBar-btnBasicSearch"}]}
RESULT: undefined
COMMAND: POST /session/3247b862f9661e1dad05ca414f9e55ea/execute/async - {"script":"<script> [776 bytes]","args":[{"enterText":"lQPJaN17kQ","selector":{"id":"application-manageconditionprice-display-component---conditions--smartFilterBar-btnBasicSearch","interaction":{"idSuffix":"I"}},"clearTextFirst":true,"interactionType":"ENTER_TEXT"}]}
RESULT: {"script":"<script> [776 bytes]","args":[{"enterText":"lQPJaN17kQ","selector":{"id":"application-manageconditionprice-display-component---conditions--smartFilterBar-btnBasicSearch","interaction":{"idSuffix":"I"}},"clearTextFirst":true,"interactionType":"ENTER_TEXT"}]}
COMMAND: POST /session/3247b862f9661e1dad05ca414f9e55ea/actions - {"actions":[{"id":"action74","type":"key","parameters":{},"actions":[{"type":"keyDown","value":"î€‡"},{"type":"pause","duration":10},{"type":"keyUp","value":"î€‡"}]}]}
RESULT: {"actions":[{"id":"action74","type":"key","parameters":{},"actions":[{"type":"keyDown","value":"î€‡"},{"type":"pause","duration":10},{"type":"keyUp","value":"î€‡"}]}]}
COMMAND: GET /session/3247b862f9661e1dad05ca414f9e55ea/screenshot - {}
RESULT: {}
COMMAND: POST /session/3247b862f9661e1dad05ca414f9e55ea/execute/async - {"script":"<script> [1562 bytes]","args":[{"selector":{"id":"application-manageconditionprice-display-component---conditions--smartFilterBar-filterItemControl_BASIC-BILL_TYPES-vhi"},"wdio_ui5_key":"applicationmanageconditionprice-display-component---conditions--smartFilterBar-filterItemControl_BASIC-BILL_TYPES-vhi"}]}
RESULT: {"script":"<script> [1562 bytes]","args":[{"selector":{"id":"application-manageconditionprice-display-component---conditions--smartFilterBar-filterItemControl_BASIC-BILL_TYPES-vhi"},"wdio_ui5_key":"applicationmanageconditionprice-display-component---conditions--smartFilterBar-filterItemControl_BASIC-BILL_TYPES-vhi"}]}
RESULT: undefined
COMMAND: POST /session/3247b862f9661e1dad05ca414f9e55ea/element - {"using":"xpath","value":"//*[@id=\"application-manageconditionprice-display-component---conditions--smartFilterBar-filterItemControl_BASIC-BILL_TYPES-vhi\"]"}
RESULT: {"using":"xpath","value":"//*[@id=\"application-manageconditionprice-display-component---conditions--smartFilterBar-filterItemControl_BASIC-BILL_TYPES-vhi\"]"}
COMMAND: POST /session/3247b862f9661e1dad05ca414f9e55ea/element/f.BF6F4EA089F18175CED7BE484E452EA8.d.A44F5E32341FC4C2E825E7F0B851455C.e.20881/click - {}
RESULT: {}
COMMAND: POST /session/3247b862f9661e1dad05ca414f9e55ea/execute/async - {"script":"<script> [1562 bytes]","args":[{"selector":{"id":"application-manageconditionprice-display-component---conditions--smartFilterBar-filterItemControl_BASIC-BILL_TYPES-valueHelpDialog-smartFilterBar-btnBasicSearch","searchOpenDialogs":true,"interaction":{"idSuffix":"I"}},"wdio_ui5_key":"applicationmanageconditionprice-display-component---conditions--smartFilterBar-filterItemControl_BASIC-BILL_TYPES-valueHelpDialog-smartFilterBar-btnBasicSearch"}]}
COMMAND: GET /session/3247b862f9661e1dad05ca414f9e55ea/screenshot - {}
RESULT: {"script":"<script> [1562 bytes]","args":[{"selector":{"id":"application-manageconditionprice-display-component---conditions--smartFilterBar-filterItemControl_BASIC-BILL_TYPES-valueHelpDialog-smartFilterBar-btnBasicSearch","searchOpenDialogs":true,"interaction":{"idSuffix":"I"}},"wdio_ui5_key":"applicationmanageconditionprice-display-component---conditions--smartFilterBar-filterItemControl_BASIC-BILL_TYPES-valueHelpDialog-smartFilterBar-btnBasicSearch"}]}
RESULT: undefined
COMMAND: POST /session/3247b862f9661e1dad05ca414f9e55ea/execute/async - {"script":"<script> [776 bytes]","args":[{"enterText":"TB","selector":{"id":"application-manageconditionprice-display-component---conditions--smartFilterBar-filterItemControl_BASIC-BILL_TYPES-valueHelpDialog-smartFilterBar-btnBasicSearch","searchOpenDialogs":true,"interaction":{"idSuffix":"I"}},"clearTextFirst":true,"interactionType":"ENTER_TEXT"}]}
RESULT: {}
RESULT: {"script":"<script> [776 bytes]","args":[{"enterText":"TB","selector":{"id":"application-manageconditionprice-display-component---conditions--smartFilterBar-filterItemControl_BASIC-BILL_TYPES-valueHelpDialog-smartFilterBar-btnBasicSearch","searchOpenDialogs":true,"interaction":{"idSuffix":"I"}},"clearTextFirst":true,"interactionType":"ENTER_TEXT"}]}
COMMAND: POST /session/3247b862f9661e1dad05ca414f9e55ea/actions - {"actions":[{"id":"action75","type":"key","parameters":{},"actions":[{"type":"keyDown","value":"î€‡"},{"type":"pause","duration":10},{"type":"keyUp","value":"î€‡"}]}]}
RESULT: {"actions":[{"id":"action75","type":"key","parameters":{},"actions":[{"type":"keyDown","value":"î€‡"},{"type":"pause","duration":10},{"type":"keyUp","value":"î€‡"}]}]}
COMMAND: GET /session/3247b862f9661e1dad05ca414f9e55ea/screenshot - {}
RESULT: {}
COMMAND: POST /session/3247b862f9661e1dad05ca414f9e55ea/element - {"using":"xpath","value":"//div[contains(@id, 'application-manageconditionprice-display-component---conditions--smartFilterBar-filterItemControl_BASIC-BILL_TYPES-valueHelpDialog-table-rowsel0')]"}
RESULT: {"using":"xpath","value":"//div[contains(@id, 'application-manageconditionprice-display-component---conditions--smartFilterBar-filterItemControl_BASIC-BILL_TYPES-valueHelpDialog-table-rowsel0')]"}
COMMAND: POST /session/3247b862f9661e1dad05ca414f9e55ea/element/f.BF6F4EA089F18175CED7BE484E452EA8.d.A44F5E32341FC4C2E825E7F0B851455C.e.20890/click - {}
RESULT: {}
COMMAND: GET /session/3247b862f9661e1dad05ca414f9e55ea/screenshot - {}
RESULT: {}
COMMAND: POST /session/3247b862f9661e1dad05ca414f9e55ea/element - {"using":"xpath","value":"//bdi[contains(text(), \"OK\")]"}
RESULT: {"using":"xpath","value":"//bdi[contains(text(), \"OK\")]"}
COMMAND: POST /session/3247b862f9661e1dad05ca414f9e55ea/element/f.BF6F4EA089F18175CED7BE484E452EA8.d.A44F5E32341FC4C2E825E7F0B851455C.e.20892/click - {}
RESULT: {}
COMMAND: GET /session/3247b862f9661e1dad05ca414f9e55ea/screenshot - {}
RESULT: {}
COMMAND: POST /session/3247b862f9661e1dad05ca414f9e55ea/element - {"using":"xpath","value":"//span[@id=\"application-manageconditionprice-display-component---conditions--smartTable-header-inner\"]"}
RESULT: {"using":"xpath","value":"//span[@id=\"application-manageconditionprice-display-component---conditions--smartTable-header-inner\"]"}
COMMAND: POST /session/3247b862f9661e1dad05ca414f9e55ea/elements - {"using":"xpath","value":"//span[@id=\"application-manageconditionprice-display-component---conditions--smartTable-header-inner\"]"}
RESULT: {"using":"xpath","value":"//span[@id=\"application-manageconditionprice-display-component---conditions--smartTable-header-inner\"]"}
COMMAND: POST /session/3247b862f9661e1dad05ca414f9e55ea/execute/sync - {"script":"<script> [56 bytes]","args":[{"element-6066-11e4-a52e-4f735466cecf":"f.BF6F4EA089F18175CED7BE484E452EA8.d.A44F5E32341FC4C2E825E7F0B851455C.e.20895","ELEMENT":"f.BF6F4EA089F18175CED7BE484E452EA8.d.A44F5E32341FC4C2E825E7F0B851455C.e.20895"}]}
RESULT: {"script":"<script> [56 bytes]","args":[{"element-6066-11e4-a52e-4f735466cecf":"f.BF6F4EA089F18175CED7BE484E452EA8.d.A44F5E32341FC4C2E825E7F0B851455C.e.20895","ELEMENT":"f.BF6F4EA089F18175CED7BE484E452EA8.d.A44F5E32341FC4C2E825E7F0B851455C.e.20895"}]}
COMMAND: POST /session/3247b862f9661e1dad05ca414f9e55ea/element - {"using":"css selector","value":"#shell-header-logo"}
COMMAND: GET /session/3247b862f9661e1dad05ca414f9e55ea/screenshot - {}
RESULT: {"using":"css selector","value":"#shell-header-logo"}
COMMAND: POST /session/3247b862f9661e1dad05ca414f9e55ea/element/f.BF6F4EA089F18175CED7BE484E452EA8.d.A44F5E32341FC4C2E825E7F0B851455C.e.20526/click - {}
RESULT: {}
RESULT: {}
COMMAND: GET /session/3247b862f9661e1dad05ca414f9e55ea/screenshot - {}
RESULT: {}
]]></system-out>
    </testcase>
    <testcase classname="chrome.136_0_7103_93.windows.Billing_Calculation_-_Time_based_(considering_transport_times)_US139738" name="Should do a stock increase for the equipment" time="82.855">
      <system-out><![CDATA[
COMMAND: POST /session/3247b862f9661e1dad05ca414f9e55ea/execute/async - {"script":"<script> [1562 bytes]","args":[{"selector":{"controlType":"sap.m.GenericTile","properties":{"header":"Manage Handovers"}},"wdio_ui5_key":"sapm.GenericTile{\"header\":\"Manage Handovers\"}"}]}
RESULT: {"script":"<script> [1562 bytes]","args":[{"selector":{"controlType":"sap.m.GenericTile","properties":{"header":"Manage Handovers"}},"wdio_ui5_key":"sapm.GenericTile{\"header\":\"Manage Handovers\"}"}]}
RESULT: undefined
COMMAND: POST /session/3247b862f9661e1dad05ca414f9e55ea/element - {"using":"xpath","value":"//*[@id=\"__tile132\"]"}
RESULT: {"using":"xpath","value":"//*[@id=\"__tile132\"]"}
COMMAND: POST /session/3247b862f9661e1dad05ca414f9e55ea/element/f.BF6F4EA089F18175CED7BE484E452EA8.d.A44F5E32341FC4C2E825E7F0B851455C.e.19643/click - {}
RESULT: {}
COMMAND: GET /session/3247b862f9661e1dad05ca414f9e55ea/screenshot - {}
RESULT: {}
COMMAND: POST /session/3247b862f9661e1dad05ca414f9e55ea/elements - {"using":"xpath","value":"//span[text()='Error']"}
RESULT: {"using":"xpath","value":"//span[text()='Error']"}
COMMAND: POST /session/3247b862f9661e1dad05ca414f9e55ea/element - {"using":"xpath","value":"//button[@data-kt=\"masterHOAddButton\"]"}
RESULT: {"using":"xpath","value":"//button[@data-kt=\"masterHOAddButton\"]"}
COMMAND: POST /session/3247b862f9661e1dad05ca414f9e55ea/elements - {"using":"xpath","value":"//button[@data-kt=\"masterHOAddButton\"]"}
RESULT: {"using":"xpath","value":"//button[@data-kt=\"masterHOAddButton\"]"}
COMMAND: POST /session/3247b862f9661e1dad05ca414f9e55ea/execute/sync - {"script":"<script> [8489 bytes]","args":[{"element-6066-11e4-a52e-4f735466cecf":"f.BF6F4EA089F18175CED7BE484E452EA8.d.A44F5E32341FC4C2E825E7F0B851455C.e.20940","ELEMENT":"f.BF6F4EA089F18175CED7BE484E452EA8.d.A44F5E32341FC4C2E825E7F0B851455C.e.20940"}]}
RESULT: {"script":"<script> [8489 bytes]","args":[{"element-6066-11e4-a52e-4f735466cecf":"f.BF6F4EA089F18175CED7BE484E452EA8.d.A44F5E32341FC4C2E825E7F0B851455C.e.20940","ELEMENT":"f.BF6F4EA089F18175CED7BE484E452EA8.d.A44F5E32341FC4C2E825E7F0B851455C.e.20940"}]}
COMMAND: GET /session/3247b862f9661e1dad05ca414f9e55ea/element/f.BF6F4EA089F18175CED7BE484E452EA8.d.A44F5E32341FC4C2E825E7F0B851455C.e.20940/enabled - {}
COMMAND: GET /session/3247b862f9661e1dad05ca414f9e55ea/screenshot - {}
RESULT: {}
COMMAND: POST /session/3247b862f9661e1dad05ca414f9e55ea/execute/sync - {"script":"<script> [8489 bytes]","args":[{"element-6066-11e4-a52e-4f735466cecf":"f.BF6F4EA089F18175CED7BE484E452EA8.d.A44F5E32341FC4C2E825E7F0B851455C.e.20940","ELEMENT":"f.BF6F4EA089F18175CED7BE484E452EA8.d.A44F5E32341FC4C2E825E7F0B851455C.e.20940"}]}
COMMAND: GET /session/3247b862f9661e1dad05ca414f9e55ea/screenshot - {}
RESULT: {}
RESULT: {"script":"<script> [8489 bytes]","args":[{"element-6066-11e4-a52e-4f735466cecf":"f.BF6F4EA089F18175CED7BE484E452EA8.d.A44F5E32341FC4C2E825E7F0B851455C.e.20940","ELEMENT":"f.BF6F4EA089F18175CED7BE484E452EA8.d.A44F5E32341FC4C2E825E7F0B851455C.e.20940"}]}
COMMAND: POST /session/3247b862f9661e1dad05ca414f9e55ea/execute/sync - {"script":"<script> [5351 bytes]","args":[{"element-6066-11e4-a52e-4f735466cecf":"f.BF6F4EA089F18175CED7BE484E452EA8.d.A44F5E32341FC4C2E825E7F0B851455C.e.20940","ELEMENT":"f.BF6F4EA089F18175CED7BE484E452EA8.d.A44F5E32341FC4C2E825E7F0B851455C.e.20940"}]}
COMMAND: GET /session/3247b862f9661e1dad05ca414f9e55ea/screenshot - {}
RESULT: {}
RESULT: {"script":"<script> [5351 bytes]","args":[{"element-6066-11e4-a52e-4f735466cecf":"f.BF6F4EA089F18175CED7BE484E452EA8.d.A44F5E32341FC4C2E825E7F0B851455C.e.20940","ELEMENT":"f.BF6F4EA089F18175CED7BE484E452EA8.d.A44F5E32341FC4C2E825E7F0B851455C.e.20940"}]}
COMMAND: POST /session/3247b862f9661e1dad05ca414f9e55ea/element/f.BF6F4EA089F18175CED7BE484E452EA8.d.A44F5E32341FC4C2E825E7F0B851455C.e.20940/click - {}
COMMAND: GET /session/3247b862f9661e1dad05ca414f9e55ea/screenshot - {}
RESULT: {}
RESULT: {}
COMMAND: GET /session/3247b862f9661e1dad05ca414f9e55ea/screenshot - {}
RESULT: {}
RESULT: {}
COMMAND: POST /session/3247b862f9661e1dad05ca414f9e55ea/element - {"using":"xpath","value":"//span[contains(@id ,\"AddNewHO--typeSelect-arrow\")]"}
RESULT: {"using":"xpath","value":"//span[contains(@id ,\"AddNewHO--typeSelect-arrow\")]"}
COMMAND: POST /session/3247b862f9661e1dad05ca414f9e55ea/element/f.BF6F4EA089F18175CED7BE484E452EA8.d.A44F5E32341FC4C2E825E7F0B851455C.e.21297/click - {}
RESULT: {}
COMMAND: GET /session/3247b862f9661e1dad05ca414f9e55ea/screenshot - {}
RESULT: {}
COMMAND: POST /session/3247b862f9661e1dad05ca414f9e55ea/element - {"using":"xpath","value":"(//li[contains(text(), \"stock increase yard\")])[1]"}
RESULT: {"using":"xpath","value":"(//li[contains(text(), \"stock increase yard\")])[1]"}
COMMAND: POST /session/3247b862f9661e1dad05ca414f9e55ea/element/f.BF6F4EA089F18175CED7BE484E452EA8.d.A44F5E32341FC4C2E825E7F0B851455C.e.21298/click - {}
RESULT: {}
COMMAND: GET /session/3247b862f9661e1dad05ca414f9e55ea/screenshot - {}
RESULT: {}
COMMAND: POST /session/3247b862f9661e1dad05ca414f9e55ea/execute/async - {"script":"<script> [1562 bytes]","args":[{"selector":{"id":"application-managehandovers-display-component---AddNewHO--dueDate","interaction":{"idSuffix":"inner"}},"wdio_ui5_key":"applicationmanagehandovers-display-component---AddNewHO--dueDate"}]}
RESULT: {"script":"<script> [1562 bytes]","args":[{"selector":{"id":"application-managehandovers-display-component---AddNewHO--dueDate","interaction":{"idSuffix":"inner"}},"wdio_ui5_key":"applicationmanagehandovers-display-component---AddNewHO--dueDate"}]}
RESULT: undefined
COMMAND: POST /session/3247b862f9661e1dad05ca414f9e55ea/execute/async - {"script":"<script> [6424 bytes]","args":[{"element-6066-11e4-a52e-4f735466cecf":"f.BF6F4EA089F18175CED7BE484E452EA8.d.A44F5E32341FC4C2E825E7F0B851455C.e.21300"},"setValue",["5/20/25"]]}
RESULT: {"script":"<script> [6424 bytes]","args":[{"element-6066-11e4-a52e-4f735466cecf":"f.BF6F4EA089F18175CED7BE484E452EA8.d.A44F5E32341FC4C2E825E7F0B851455C.e.21300"},"setValue",["5/20/25"]]}
COMMAND: POST /session/3247b862f9661e1dad05ca414f9e55ea/element - {"using":"xpath","value":"//input[@id=\"generalSectionFrg--receiveYard-inner\"]"}
RESULT: {"using":"xpath","value":"//input[@id=\"generalSectionFrg--receiveYard-inner\"]"}
COMMAND: POST /session/3247b862f9661e1dad05ca414f9e55ea/element/f.BF6F4EA089F18175CED7BE484E452EA8.d.A44F5E32341FC4C2E825E7F0B851455C.e.21304/clear - {}
RESULT: {}
COMMAND: POST /session/3247b862f9661e1dad05ca414f9e55ea/element/f.BF6F4EA089F18175CED7BE484E452EA8.d.A44F5E32341FC4C2E825E7F0B851455C.e.21304/value - {"text":"598"}
COMMAND: GET /session/3247b862f9661e1dad05ca414f9e55ea/screenshot - {}
RESULT: {"text":"598"}
COMMAND: GET /session/3247b862f9661e1dad05ca414f9e55ea/screenshot - {}
RESULT: {}
RESULT: {}
COMMAND: POST /session/3247b862f9661e1dad05ca414f9e55ea/element - {"using":"xpath","value":"//li[.//span[text()='598']]"}
RESULT: {"using":"xpath","value":"//li[.//span[text()='598']]"}
COMMAND: POST /session/3247b862f9661e1dad05ca414f9e55ea/element/f.BF6F4EA089F18175CED7BE484E452EA8.d.A44F5E32341FC4C2E825E7F0B851455C.e.21322/click - {}
RESULT: {}
COMMAND: GET /session/3247b862f9661e1dad05ca414f9e55ea/screenshot - {}
RESULT: {}
COMMAND: POST /session/3247b862f9661e1dad05ca414f9e55ea/execute/async - {"script":"<script> [1562 bytes]","args":[{"selector":{"id":"application-managehandovers-display-component---AddNewHO--ObjectPageLayout-anchBar-application-managehandovers-display-component---AddNewHO--section4-anchor","interaction":{"idSuffix":"BDI-content"}},"wdio_ui5_key":"applicationmanagehandovers-display-component---AddNewHO--ObjectPageLayout-anchBar-application-managehandovers-display-component---AddNewHO--section4-anchor"}]}
RESULT: {"script":"<script> [1562 bytes]","args":[{"selector":{"id":"application-managehandovers-display-component---AddNewHO--ObjectPageLayout-anchBar-application-managehandovers-display-component---AddNewHO--section4-anchor","interaction":{"idSuffix":"BDI-content"}},"wdio_ui5_key":"applicationmanagehandovers-display-component---AddNewHO--ObjectPageLayout-anchBar-application-managehandovers-display-component---AddNewHO--section4-anchor"}]}
RESULT: undefined
COMMAND: POST /session/3247b862f9661e1dad05ca414f9e55ea/element - {"using":"xpath","value":"//*[@id=\"application-managehandovers-display-component---AddNewHO--ObjectPageLayout-anchBar-application-managehandovers-display-component---AddNewHO--section4-anchor\"]"}
RESULT: {"using":"xpath","value":"//*[@id=\"application-managehandovers-display-component---AddNewHO--ObjectPageLayout-anchBar-application-managehandovers-display-component---AddNewHO--section4-anchor\"]"}
COMMAND: POST /session/3247b862f9661e1dad05ca414f9e55ea/element/f.BF6F4EA089F18175CED7BE484E452EA8.d.A44F5E32341FC4C2E825E7F0B851455C.e.21324/click - {}
RESULT: {}
COMMAND: POST /session/3247b862f9661e1dad05ca414f9e55ea/element - {"using":"xpath","value":"//button[@aria-label=\"Add\"]"}
COMMAND: GET /session/3247b862f9661e1dad05ca414f9e55ea/screenshot - {}
RESULT: {"using":"xpath","value":"//button[@aria-label=\"Add\"]"}
COMMAND: POST /session/3247b862f9661e1dad05ca414f9e55ea/element/f.BF6F4EA089F18175CED7BE484E452EA8.d.A44F5E32341FC4C2E825E7F0B851455C.e.21326/click - {}
RESULT: {}
RESULT: {}
COMMAND: GET /session/3247b862f9661e1dad05ca414f9e55ea/screenshot - {}
RESULT: {}
COMMAND: POST /session/3247b862f9661e1dad05ca414f9e55ea/execute/async - {"script":"<script> [1562 bytes]","args":[{"selector":{"id":"application-managehandovers-display-component---AddNewHO--smartFilterBar-btnBasicSearch","searchOpenDialogs":true,"interaction":{"idSuffix":"I"}},"wdio_ui5_key":"applicationmanagehandovers-display-component---AddNewHO--smartFilterBar-btnBasicSearch"}]}
RESULT: {"script":"<script> [1562 bytes]","args":[{"selector":{"id":"application-managehandovers-display-component---AddNewHO--smartFilterBar-btnBasicSearch","searchOpenDialogs":true,"interaction":{"idSuffix":"I"}},"wdio_ui5_key":"applicationmanagehandovers-display-component---AddNewHO--smartFilterBar-btnBasicSearch"}]}
RESULT: undefined
COMMAND: POST /session/3247b862f9661e1dad05ca414f9e55ea/execute/async - {"script":"<script> [776 bytes]","args":[{"enterText":"lQPJaN17kQ","selector":{"id":"application-managehandovers-display-component---AddNewHO--smartFilterBar-btnBasicSearch","searchOpenDialogs":true,"interaction":{"idSuffix":"I"}},"clearTextFirst":true,"interactionType":"ENTER_TEXT"}]}
RESULT: {"script":"<script> [776 bytes]","args":[{"enterText":"lQPJaN17kQ","selector":{"id":"application-managehandovers-display-component---AddNewHO--smartFilterBar-btnBasicSearch","searchOpenDialogs":true,"interaction":{"idSuffix":"I"}},"clearTextFirst":true,"interactionType":"ENTER_TEXT"}]}
COMMAND: POST /session/3247b862f9661e1dad05ca414f9e55ea/actions - {"actions":[{"id":"action76","type":"key","parameters":{},"actions":[{"type":"keyDown","value":"î€‡"},{"type":"pause","duration":10},{"type":"keyUp","value":"î€‡"}]}]}
RESULT: {"actions":[{"id":"action76","type":"key","parameters":{},"actions":[{"type":"keyDown","value":"î€‡"},{"type":"pause","duration":10},{"type":"keyUp","value":"î€‡"}]}]}
COMMAND: GET /session/3247b862f9661e1dad05ca414f9e55ea/screenshot - {}
RESULT: {}
COMMAND: POST /session/3247b862f9661e1dad05ca414f9e55ea/execute/async - {"script":"<script> [1562 bytes]","args":[{"selector":{"id":"application-managehandovers-display-component---AddNewHO--popup-sa","searchOpenDialogs":true,"interaction":{"idSuffix":"CbBg"}},"wdio_ui5_key":"applicationmanagehandovers-display-component---AddNewHO--popup-sa"}]}
RESULT: {"script":"<script> [1562 bytes]","args":[{"selector":{"id":"application-managehandovers-display-component---AddNewHO--popup-sa","searchOpenDialogs":true,"interaction":{"idSuffix":"CbBg"}},"wdio_ui5_key":"applicationmanagehandovers-display-component---AddNewHO--popup-sa"}]}
RESULT: undefined
COMMAND: POST /session/3247b862f9661e1dad05ca414f9e55ea/element - {"using":"xpath","value":"//*[@id=\"application-managehandovers-display-component---AddNewHO--popup-sa\"]"}
RESULT: {"using":"xpath","value":"//*[@id=\"application-managehandovers-display-component---AddNewHO--popup-sa\"]"}
COMMAND: POST /session/3247b862f9661e1dad05ca414f9e55ea/element/f.BF6F4EA089F18175CED7BE484E452EA8.d.A44F5E32341FC4C2E825E7F0B851455C.e.21479/click - {}
RESULT: {}
COMMAND: GET /session/3247b862f9661e1dad05ca414f9e55ea/screenshot - {}
RESULT: {}
COMMAND: POST /session/3247b862f9661e1dad05ca414f9e55ea/element - {"using":"xpath","value":"//bdi[contains(text(), \"Select\")]"}
RESULT: {"using":"xpath","value":"//bdi[contains(text(), \"Select\")]"}
COMMAND: POST /session/3247b862f9661e1dad05ca414f9e55ea/element/f.BF6F4EA089F18175CED7BE484E452EA8.d.A44F5E32341FC4C2E825E7F0B851455C.e.21480/click - {}
RESULT: {}
COMMAND: GET /session/3247b862f9661e1dad05ca414f9e55ea/screenshot - {}
RESULT: {}
COMMAND: POST /session/3247b862f9661e1dad05ca414f9e55ea/element - {"using":"xpath","value":"//button[@data-kt=\"AddNewHOSaveButton\"]"}
RESULT: {"using":"xpath","value":"//button[@data-kt=\"AddNewHOSaveButton\"]"}
COMMAND: POST /session/3247b862f9661e1dad05ca414f9e55ea/element/f.BF6F4EA089F18175CED7BE484E452EA8.d.A44F5E32341FC4C2E825E7F0B851455C.e.21484/click - {}
RESULT: {}
COMMAND: GET /session/3247b862f9661e1dad05ca414f9e55ea/screenshot - {}
RESULT: {}
COMMAND: POST /session/3247b862f9661e1dad05ca414f9e55ea/execute/async - {"script":"<script> [1562 bytes]","args":[{"selector":{"id":"receiptDatePicker","viewName":"etm.portal.ui.managehandovers.view.DetailExecuteHO","interaction":{"idSuffix":"inner"}},"wdio_ui5_key":"receiptDatePickeretmportal.ui.managehandovers.view.DetailExecuteHO"}]}
RESULT: {"script":"<script> [1562 bytes]","args":[{"selector":{"id":"receiptDatePicker","viewName":"etm.portal.ui.managehandovers.view.DetailExecuteHO","interaction":{"idSuffix":"inner"}},"wdio_ui5_key":"receiptDatePickeretmportal.ui.managehandovers.view.DetailExecuteHO"}]}
RESULT: undefined
COMMAND: POST /session/3247b862f9661e1dad05ca414f9e55ea/execute/async - {"script":"<script> [6424 bytes]","args":[{"element-6066-11e4-a52e-4f735466cecf":"f.BF6F4EA089F18175CED7BE484E452EA8.d.A44F5E32341FC4C2E825E7F0B851455C.e.21505"},"setValue",["5/20/25"]]}
RESULT: {"script":"<script> [6424 bytes]","args":[{"element-6066-11e4-a52e-4f735466cecf":"f.BF6F4EA089F18175CED7BE484E452EA8.d.A44F5E32341FC4C2E825E7F0B851455C.e.21505"},"setValue",["5/20/25"]]}
COMMAND: POST /session/3247b862f9661e1dad05ca414f9e55ea/element - {"using":"xpath","value":"//button[@data-kt=\"PickingTableConfirmAllButton\"]"}
RESULT: {"using":"xpath","value":"//button[@data-kt=\"PickingTableConfirmAllButton\"]"}
COMMAND: POST /session/3247b862f9661e1dad05ca414f9e55ea/element/f.BF6F4EA089F18175CED7BE484E452EA8.d.A44F5E32341FC4C2E825E7F0B851455C.e.21520/click - {}
RESULT: {}
COMMAND: GET /session/3247b862f9661e1dad05ca414f9e55ea/screenshot - {}
RESULT: {}
COMMAND: POST /session/3247b862f9661e1dad05ca414f9e55ea/element - {"using":"xpath","value":"//bdi[contains(text(), \"OK\")]"}
RESULT: {"using":"xpath","value":"//bdi[contains(text(), \"OK\")]"}
COMMAND: POST /session/3247b862f9661e1dad05ca414f9e55ea/element/f.BF6F4EA089F18175CED7BE484E452EA8.d.A44F5E32341FC4C2E825E7F0B851455C.e.21522/click - {}
RESULT: {}
COMMAND: GET /session/3247b862f9661e1dad05ca414f9e55ea/screenshot - {}
RESULT: {}
COMMAND: POST /session/3247b862f9661e1dad05ca414f9e55ea/element - {"using":"xpath","value":"(//bdi[contains(text(), \"Receive\")])[2]"}
RESULT: {"using":"xpath","value":"(//bdi[contains(text(), \"Receive\")])[2]"}
COMMAND: POST /session/3247b862f9661e1dad05ca414f9e55ea/element/f.BF6F4EA089F18175CED7BE484E452EA8.d.A44F5E32341FC4C2E825E7F0B851455C.e.21524/click - {}
RESULT: {}
COMMAND: GET /session/3247b862f9661e1dad05ca414f9e55ea/screenshot - {}
RESULT: {}
COMMAND: POST /session/3247b862f9661e1dad05ca414f9e55ea/element - {"using":"css selector","value":"#shell-header-logo"}
RESULT: {"using":"css selector","value":"#shell-header-logo"}
COMMAND: POST /session/3247b862f9661e1dad05ca414f9e55ea/element/f.BF6F4EA089F18175CED7BE484E452EA8.d.A44F5E32341FC4C2E825E7F0B851455C.e.20901/click - {}
RESULT: {}
COMMAND: GET /session/3247b862f9661e1dad05ca414f9e55ea/screenshot - {}
RESULT: {}
]]></system-out>
    </testcase>
    <testcase classname="chrome.136_0_7103_93.windows.Billing_Calculation_-_Time_based_(considering_transport_times)_US139738" name="Should create a new contract" time="60.388">
      <system-out><![CDATA[
COMMAND: POST /session/3247b862f9661e1dad05ca414f9e55ea/execute/async - {"script":"<script> [1562 bytes]","args":[{"selector":{"controlType":"sap.m.GenericTile","properties":{"header":"Manage Contracts"}},"wdio_ui5_key":"sapm.GenericTile{\"header\":\"Manage Contracts\"}"}]}
RESULT: {"script":"<script> [1562 bytes]","args":[{"selector":{"controlType":"sap.m.GenericTile","properties":{"header":"Manage Contracts"}},"wdio_ui5_key":"sapm.GenericTile{\"header\":\"Manage Contracts\"}"}]}
RESULT: undefined
COMMAND: POST /session/3247b862f9661e1dad05ca414f9e55ea/element - {"using":"xpath","value":"//*[@id=\"__tile133\"]"}
RESULT: {"using":"xpath","value":"//*[@id=\"__tile133\"]"}
COMMAND: POST /session/3247b862f9661e1dad05ca414f9e55ea/element/f.BF6F4EA089F18175CED7BE484E452EA8.d.A44F5E32341FC4C2E825E7F0B851455C.e.19574/click - {}
RESULT: {}
COMMAND: GET /session/3247b862f9661e1dad05ca414f9e55ea/screenshot - {}
RESULT: {}
COMMAND: POST /session/3247b862f9661e1dad05ca414f9e55ea/elements - {"using":"xpath","value":"//span[text()='Error']"}
RESULT: {"using":"xpath","value":"//span[text()='Error']"}
COMMAND: POST /session/3247b862f9661e1dad05ca414f9e55ea/element - {"using":"xpath","value":"//button[@data-kt=\"addButton\"]"}
RESULT: {"using":"xpath","value":"//button[@data-kt=\"addButton\"]"}
COMMAND: POST /session/3247b862f9661e1dad05ca414f9e55ea/elements - {"using":"xpath","value":"//button[@data-kt=\"addButton\"]"}
RESULT: {"using":"xpath","value":"//button[@data-kt=\"addButton\"]"}
COMMAND: POST /session/3247b862f9661e1dad05ca414f9e55ea/execute/sync - {"script":"<script> [8489 bytes]","args":[{"element-6066-11e4-a52e-4f735466cecf":"f.BF6F4EA089F18175CED7BE484E452EA8.d.A44F5E32341FC4C2E825E7F0B851455C.e.21747","ELEMENT":"f.BF6F4EA089F18175CED7BE484E452EA8.d.A44F5E32341FC4C2E825E7F0B851455C.e.21747"}]}
RESULT: {"script":"<script> [8489 bytes]","args":[{"element-6066-11e4-a52e-4f735466cecf":"f.BF6F4EA089F18175CED7BE484E452EA8.d.A44F5E32341FC4C2E825E7F0B851455C.e.21747","ELEMENT":"f.BF6F4EA089F18175CED7BE484E452EA8.d.A44F5E32341FC4C2E825E7F0B851455C.e.21747"}]}
COMMAND: GET /session/3247b862f9661e1dad05ca414f9e55ea/element/f.BF6F4EA089F18175CED7BE484E452EA8.d.A44F5E32341FC4C2E825E7F0B851455C.e.21747/enabled - {}
COMMAND: GET /session/3247b862f9661e1dad05ca414f9e55ea/screenshot - {}
RESULT: {}
COMMAND: POST /session/3247b862f9661e1dad05ca414f9e55ea/execute/sync - {"script":"<script> [8489 bytes]","args":[{"element-6066-11e4-a52e-4f735466cecf":"f.BF6F4EA089F18175CED7BE484E452EA8.d.A44F5E32341FC4C2E825E7F0B851455C.e.21747","ELEMENT":"f.BF6F4EA089F18175CED7BE484E452EA8.d.A44F5E32341FC4C2E825E7F0B851455C.e.21747"}]}
COMMAND: GET /session/3247b862f9661e1dad05ca414f9e55ea/screenshot - {}
RESULT: {}
RESULT: {"script":"<script> [8489 bytes]","args":[{"element-6066-11e4-a52e-4f735466cecf":"f.BF6F4EA089F18175CED7BE484E452EA8.d.A44F5E32341FC4C2E825E7F0B851455C.e.21747","ELEMENT":"f.BF6F4EA089F18175CED7BE484E452EA8.d.A44F5E32341FC4C2E825E7F0B851455C.e.21747"}]}
COMMAND: POST /session/3247b862f9661e1dad05ca414f9e55ea/execute/sync - {"script":"<script> [5351 bytes]","args":[{"element-6066-11e4-a52e-4f735466cecf":"f.BF6F4EA089F18175CED7BE484E452EA8.d.A44F5E32341FC4C2E825E7F0B851455C.e.21747","ELEMENT":"f.BF6F4EA089F18175CED7BE484E452EA8.d.A44F5E32341FC4C2E825E7F0B851455C.e.21747"}]}
COMMAND: GET /session/3247b862f9661e1dad05ca414f9e55ea/screenshot - {}
RESULT: {}
RESULT: {"script":"<script> [5351 bytes]","args":[{"element-6066-11e4-a52e-4f735466cecf":"f.BF6F4EA089F18175CED7BE484E452EA8.d.A44F5E32341FC4C2E825E7F0B851455C.e.21747","ELEMENT":"f.BF6F4EA089F18175CED7BE484E452EA8.d.A44F5E32341FC4C2E825E7F0B851455C.e.21747"}]}
COMMAND: GET /session/3247b862f9661e1dad05ca414f9e55ea/screenshot - {}
RESULT: {}
RESULT: {}
COMMAND: POST /session/3247b862f9661e1dad05ca414f9e55ea/element/f.BF6F4EA089F18175CED7BE484E452EA8.d.A44F5E32341FC4C2E825E7F0B851455C.e.21747/click - {}
RESULT: {}
COMMAND: GET /session/3247b862f9661e1dad05ca414f9e55ea/screenshot - {}
COMMAND: POST /session/3247b862f9661e1dad05ca414f9e55ea/execute/async - {"script":"<script> [1562 bytes]","args":[{"selector":{"id":"application-managecontracts-display-component---AddNewContract--projectDescription","interaction":{"idSuffix":"inner"}},"wdio_ui5_key":"applicationmanagecontracts-display-component---AddNewContract--projectDescription"}]}
RESULT: {}
RESULT: {"script":"<script> [1562 bytes]","args":[{"selector":{"id":"application-managecontracts-display-component---AddNewContract--projectDescription","interaction":{"idSuffix":"inner"}},"wdio_ui5_key":"applicationmanagecontracts-display-component---AddNewContract--projectDescription"}]}
RESULT: undefined
COMMAND: POST /session/3247b862f9661e1dad05ca414f9e55ea/execute/async - {"script":"<script> [776 bytes]","args":[{"enterText":"Contract WDIO","selector":{"id":"application-managecontracts-display-component---AddNewContract--projectDescription","interaction":{"idSuffix":"inner"}},"clearTextFirst":true,"interactionType":"ENTER_TEXT"}]}
RESULT: {"script":"<script> [776 bytes]","args":[{"enterText":"Contract WDIO","selector":{"id":"application-managecontracts-display-component---AddNewContract--projectDescription","interaction":{"idSuffix":"inner"}},"clearTextFirst":true,"interactionType":"ENTER_TEXT"}]}
COMMAND: POST /session/3247b862f9661e1dad05ca414f9e55ea/element - {"using":"xpath","value":"//input[@id=\"application-managecontracts-display-component---AddNewContract--site-inner\"]"}
RESULT: {"using":"xpath","value":"//input[@id=\"application-managecontracts-display-component---AddNewContract--site-inner\"]"}
COMMAND: POST /session/3247b862f9661e1dad05ca414f9e55ea/element/f.BF6F4EA089F18175CED7BE484E452EA8.d.A44F5E32341FC4C2E825E7F0B851455C.e.22131/clear - {}
RESULT: {}
COMMAND: POST /session/3247b862f9661e1dad05ca414f9e55ea/element/f.BF6F4EA089F18175CED7BE484E452EA8.d.A44F5E32341FC4C2E825E7F0B851455C.e.22131/value - {"text":"2307"}
COMMAND: GET /session/3247b862f9661e1dad05ca414f9e55ea/screenshot - {}
RESULT: {"text":"2307"}
COMMAND: GET /session/3247b862f9661e1dad05ca414f9e55ea/screenshot - {}
RESULT: {}
RESULT: {}
COMMAND: POST /session/3247b862f9661e1dad05ca414f9e55ea/element - {"using":"xpath","value":"//li[.//span[text()='2307']]"}
RESULT: {"using":"xpath","value":"//li[.//span[text()='2307']]"}
COMMAND: POST /session/3247b862f9661e1dad05ca414f9e55ea/element/f.BF6F4EA089F18175CED7BE484E452EA8.d.A44F5E32341FC4C2E825E7F0B851455C.e.22166/click - {}
RESULT: {}
COMMAND: GET /session/3247b862f9661e1dad05ca414f9e55ea/screenshot - {}
RESULT: {}
COMMAND: POST /session/3247b862f9661e1dad05ca414f9e55ea/element - {"using":"xpath","value":"//input[@id=\"application-managecontracts-display-component---AddNewContract--yardId-inner\"]"}
RESULT: {"using":"xpath","value":"//input[@id=\"application-managecontracts-display-component---AddNewContract--yardId-inner\"]"}
COMMAND: GET /session/3247b862f9661e1dad05ca414f9e55ea/element/f.BF6F4EA089F18175CED7BE484E452EA8.d.A44F5E32341FC4C2E825E7F0B851455C.e.22132/property/value - {}
RESULT: {}
COMMAND: POST /session/3247b862f9661e1dad05ca414f9e55ea/element - {"using":"xpath","value":"//input[@id=\"application-managecontracts-display-component---AddNewContract--customerSelect-inner\"]"}
COMMAND: GET /session/3247b862f9661e1dad05ca414f9e55ea/screenshot - {}
RESULT: {"using":"xpath","value":"//input[@id=\"application-managecontracts-display-component---AddNewContract--customerSelect-inner\"]"}
COMMAND: POST /session/3247b862f9661e1dad05ca414f9e55ea/element/f.BF6F4EA089F18175CED7BE484E452EA8.d.A44F5E32341FC4C2E825E7F0B851455C.e.22130/clear - {}
RESULT: {}
RESULT: {}
COMMAND: POST /session/3247b862f9661e1dad05ca414f9e55ea/element/f.BF6F4EA089F18175CED7BE484E452EA8.d.A44F5E32341FC4C2E825E7F0B851455C.e.22130/value - {"text":"1368"}
COMMAND: GET /session/3247b862f9661e1dad05ca414f9e55ea/screenshot - {}
RESULT: {"text":"1368"}
COMMAND: GET /session/3247b862f9661e1dad05ca414f9e55ea/screenshot - {}
RESULT: {}
RESULT: {}
COMMAND: POST /session/3247b862f9661e1dad05ca414f9e55ea/element - {"using":"xpath","value":"//li[.//span[text()='1368']]"}
RESULT: {"using":"xpath","value":"//li[.//span[text()='1368']]"}
COMMAND: POST /session/3247b862f9661e1dad05ca414f9e55ea/element/f.BF6F4EA089F18175CED7BE484E452EA8.d.A44F5E32341FC4C2E825E7F0B851455C.e.22169/click - {}
RESULT: {}
COMMAND: GET /session/3247b862f9661e1dad05ca414f9e55ea/screenshot - {}
RESULT: {}
COMMAND: POST /session/3247b862f9661e1dad05ca414f9e55ea/element - {"using":"xpath","value":"//button[@data-kt=\"saveButton\"]"}
RESULT: {"using":"xpath","value":"//button[@data-kt=\"saveButton\"]"}
COMMAND: POST /session/3247b862f9661e1dad05ca414f9e55ea/element/f.BF6F4EA089F18175CED7BE484E452EA8.d.A44F5E32341FC4C2E825E7F0B851455C.e.22170/click - {}
RESULT: {}
COMMAND: GET /session/3247b862f9661e1dad05ca414f9e55ea/screenshot - {}
RESULT: {}
COMMAND: POST /session/3247b862f9661e1dad05ca414f9e55ea/element - {"using":"xpath","value":"//span[contains(@id ,\"contractDetailTitleNoExpanded\")]"}
RESULT: {"using":"xpath","value":"//span[contains(@id ,\"contractDetailTitleNoExpanded\")]"}
COMMAND: POST /session/3247b862f9661e1dad05ca414f9e55ea/elements - {"using":"xpath","value":"//span[contains(@id ,\"contractDetailTitleNoExpanded\")]"}
RESULT: {"using":"xpath","value":"//span[contains(@id ,\"contractDetailTitleNoExpanded\")]"}
COMMAND: POST /session/3247b862f9661e1dad05ca414f9e55ea/execute/sync - {"script":"<script> [56 bytes]","args":[{"element-6066-11e4-a52e-4f735466cecf":"f.BF6F4EA089F18175CED7BE484E452EA8.d.A44F5E32341FC4C2E825E7F0B851455C.e.22201","ELEMENT":"f.BF6F4EA089F18175CED7BE484E452EA8.d.A44F5E32341FC4C2E825E7F0B851455C.e.22201"}]}
RESULT: {"script":"<script> [56 bytes]","args":[{"element-6066-11e4-a52e-4f735466cecf":"f.BF6F4EA089F18175CED7BE484E452EA8.d.A44F5E32341FC4C2E825E7F0B851455C.e.22201","ELEMENT":"f.BF6F4EA089F18175CED7BE484E452EA8.d.A44F5E32341FC4C2E825E7F0B851455C.e.22201"}]}
COMMAND: GET /session/3247b862f9661e1dad05ca414f9e55ea/screenshot - {}
RESULT: {}
]]></system-out>
    </testcase>
    <testcase classname="chrome.136_0_7103_93.windows.Billing_Calculation_-_Time_based_(considering_transport_times)_US139738" name="Should add transport time checkbox on contract details" time="16.087">
      <system-out><![CDATA[
COMMAND: POST /session/3247b862f9661e1dad05ca414f9e55ea/element - {"using":"xpath","value":"//button[@data-kt=\"contractDetailEditBtnButton\"]"}
RESULT: {"using":"xpath","value":"//button[@data-kt=\"contractDetailEditBtnButton\"]"}
COMMAND: POST /session/3247b862f9661e1dad05ca414f9e55ea/element/f.BF6F4EA089F18175CED7BE484E452EA8.d.A44F5E32341FC4C2E825E7F0B851455C.e.22203/click - {}
RESULT: {}
COMMAND: GET /session/3247b862f9661e1dad05ca414f9e55ea/screenshot - {}
RESULT: {}
COMMAND: POST /session/3247b862f9661e1dad05ca414f9e55ea/element - {"using":"xpath","value":"(//span[contains(text(), \"Contract Billing\")])[2]"}
RESULT: {"using":"xpath","value":"(//span[contains(text(), \"Contract Billing\")])[2]"}
COMMAND: POST /session/3247b862f9661e1dad05ca414f9e55ea/element/f.BF6F4EA089F18175CED7BE484E452EA8.d.A44F5E32341FC4C2E825E7F0B851455C.e.22258/click - {}
RESULT: {}
COMMAND: GET /session/3247b862f9661e1dad05ca414f9e55ea/screenshot - {}
RESULT: {}
COMMAND: POST /session/3247b862f9661e1dad05ca414f9e55ea/element - {"using":"xpath","value":"(//div[contains(@id, \"transportTimesBilled-CbBg\")])"}
RESULT: {"using":"xpath","value":"(//div[contains(@id, \"transportTimesBilled-CbBg\")])"}
COMMAND: POST /session/3247b862f9661e1dad05ca414f9e55ea/element/f.BF6F4EA089F18175CED7BE484E452EA8.d.A44F5E32341FC4C2E825E7F0B851455C.e.22289/click - {}
RESULT: {}
COMMAND: GET /session/3247b862f9661e1dad05ca414f9e55ea/screenshot - {}
RESULT: {}
COMMAND: POST /session/3247b862f9661e1dad05ca414f9e55ea/element - {"using":"xpath","value":"(//button[@data-kt=\"saveButton\"])[2]"}
RESULT: {"using":"xpath","value":"(//button[@data-kt=\"saveButton\"])[2]"}
COMMAND: POST /session/3247b862f9661e1dad05ca414f9e55ea/element/f.BF6F4EA089F18175CED7BE484E452EA8.d.A44F5E32341FC4C2E825E7F0B851455C.e.22290/click - {}
RESULT: {}
COMMAND: GET /session/3247b862f9661e1dad05ca414f9e55ea/screenshot - {}
RESULT: {}
]]></system-out>
    </testcase>
    <testcase classname="chrome.136_0_7103_93.windows.Billing_Calculation_-_Time_based_(considering_transport_times)_US139738" name="Should add created equipment to contract" time="46.595">
      <system-out><![CDATA[
COMMAND: POST /session/3247b862f9661e1dad05ca414f9e55ea/element - {"using":"xpath","value":"//button[@data-kt=\"contractDetailEditBtnButton\"]"}
RESULT: {"using":"xpath","value":"//button[@data-kt=\"contractDetailEditBtnButton\"]"}
COMMAND: POST /session/3247b862f9661e1dad05ca414f9e55ea/element/f.BF6F4EA089F18175CED7BE484E452EA8.d.A44F5E32341FC4C2E825E7F0B851455C.e.22203/click - {}
RESULT: {}
COMMAND: GET /session/3247b862f9661e1dad05ca414f9e55ea/screenshot - {}
RESULT: {}
COMMAND: POST /session/3247b862f9661e1dad05ca414f9e55ea/element - {"using":"xpath","value":"(//span[contains(text(), \"Additional Addresses\")])[2]"}
RESULT: {"using":"xpath","value":"(//span[contains(text(), \"Additional Addresses\")])[2]"}
COMMAND: POST /session/3247b862f9661e1dad05ca414f9e55ea/element/f.BF6F4EA089F18175CED7BE484E452EA8.d.A44F5E32341FC4C2E825E7F0B851455C.e.22309/click - {}
RESULT: {}
COMMAND: GET /session/3247b862f9661e1dad05ca414f9e55ea/screenshot - {}
RESULT: {}
COMMAND: POST /session/3247b862f9661e1dad05ca414f9e55ea/element - {"using":"xpath","value":"//button[@data-kt=\"btnAddTableRowOverflowToolbarButton\"]"}
RESULT: {"using":"xpath","value":"//button[@data-kt=\"btnAddTableRowOverflowToolbarButton\"]"}
COMMAND: POST /session/3247b862f9661e1dad05ca414f9e55ea/element/f.BF6F4EA089F18175CED7BE484E452EA8.d.A44F5E32341FC4C2E825E7F0B851455C.e.22311/click - {}
RESULT: {}
COMMAND: GET /session/3247b862f9661e1dad05ca414f9e55ea/screenshot - {}
RESULT: {}
COMMAND: POST /session/3247b862f9661e1dad05ca414f9e55ea/element - {"using":"xpath","value":"//div[(text() = 'Standard Entry' or . = 'Standard Entry')]"}
RESULT: {"using":"xpath","value":"//div[(text() = 'Standard Entry' or . = 'Standard Entry')]"}
COMMAND: POST /session/3247b862f9661e1dad05ca414f9e55ea/element/f.BF6F4EA089F18175CED7BE484E452EA8.d.A44F5E32341FC4C2E825E7F0B851455C.e.22313/click - {}
RESULT: {}
COMMAND: GET /session/3247b862f9661e1dad05ca414f9e55ea/screenshot - {}
RESULT: {}
COMMAND: POST /session/3247b862f9661e1dad05ca414f9e55ea/element - {"using":"xpath","value":"//td[7]/div/div/input"}
RESULT: {"using":"xpath","value":"//td[7]/div/div/input"}
COMMAND: POST /session/3247b862f9661e1dad05ca414f9e55ea/element/f.BF6F4EA089F18175CED7BE484E452EA8.d.A44F5E32341FC4C2E825E7F0B851455C.e.22322/clear - {}
RESULT: {}
COMMAND: POST /session/3247b862f9661e1dad05ca414f9e55ea/element/f.BF6F4EA089F18175CED7BE484E452EA8.d.A44F5E32341FC4C2E825E7F0B851455C.e.22322/value - {"text":"lQPJaN17kQ"}
COMMAND: GET /session/3247b862f9661e1dad05ca414f9e55ea/screenshot - {}
RESULT: {"text":"lQPJaN17kQ"}
COMMAND: GET /session/3247b862f9661e1dad05ca414f9e55ea/screenshot - {}
RESULT: {}
RESULT: {}
COMMAND: POST /session/3247b862f9661e1dad05ca414f9e55ea/actions - {"actions":[{"id":"action77","type":"key","parameters":{},"actions":[{"type":"keyDown","value":"î€‡"},{"type":"pause","duration":10},{"type":"keyUp","value":"î€‡"}]}]}
RESULT: {"actions":[{"id":"action77","type":"key","parameters":{},"actions":[{"type":"keyDown","value":"î€‡"},{"type":"pause","duration":10},{"type":"keyUp","value":"î€‡"}]}]}
COMMAND: GET /session/3247b862f9661e1dad05ca414f9e55ea/screenshot - {}
RESULT: {}
COMMAND: POST /session/3247b862f9661e1dad05ca414f9e55ea/execute/sync - {"script":"<script> [276 bytes]","args":["No pricing information was found"]}
RESULT: {"script":"<script> [276 bytes]","args":["No pricing information was found"]}
COMMAND: POST /session/3247b862f9661e1dad05ca414f9e55ea/element - {"using":"xpath","value":"(//button[@data-kt=\"saveButton\"])[2]"}
COMMAND: GET /session/3247b862f9661e1dad05ca414f9e55ea/screenshot - {}
RESULT: {"using":"xpath","value":"(//button[@data-kt=\"saveButton\"])[2]"}
COMMAND: POST /session/3247b862f9661e1dad05ca414f9e55ea/element/f.BF6F4EA089F18175CED7BE484E452EA8.d.A44F5E32341FC4C2E825E7F0B851455C.e.22290/click - {}
RESULT: {}
RESULT: {}
COMMAND: GET /session/3247b862f9661e1dad05ca414f9e55ea/screenshot - {}
RESULT: {}
COMMAND: POST /session/3247b862f9661e1dad05ca414f9e55ea/execute/sync - {"script":"<script> [276 bytes]","args":["Some contract items are having rental validity exceeding header rental validity"]}
RESULT: {"script":"<script> [276 bytes]","args":["Some contract items are having rental validity exceeding header rental validity"]}
COMMAND: GET /session/3247b862f9661e1dad05ca414f9e55ea/screenshot - {}
RESULT: {}
COMMAND: POST /session/3247b862f9661e1dad05ca414f9e55ea/element - {"using":"xpath","value":"//span[contains(@id ,\"contractItemsSmartTable-header-inner\")]"}
RESULT: {"using":"xpath","value":"//span[contains(@id ,\"contractItemsSmartTable-header-inner\")]"}
COMMAND: POST /session/3247b862f9661e1dad05ca414f9e55ea/elements - {"using":"xpath","value":"//span[contains(@id ,\"contractItemsSmartTable-header-inner\")]"}
RESULT: {"using":"xpath","value":"//span[contains(@id ,\"contractItemsSmartTable-header-inner\")]"}
COMMAND: POST /session/3247b862f9661e1dad05ca414f9e55ea/execute/sync - {"script":"<script> [56 bytes]","args":[{"element-6066-11e4-a52e-4f735466cecf":"f.BF6F4EA089F18175CED7BE484E452EA8.d.A44F5E32341FC4C2E825E7F0B851455C.e.22343","ELEMENT":"f.BF6F4EA089F18175CED7BE484E452EA8.d.A44F5E32341FC4C2E825E7F0B851455C.e.22343"}]}
RESULT: {"script":"<script> [56 bytes]","args":[{"element-6066-11e4-a52e-4f735466cecf":"f.BF6F4EA089F18175CED7BE484E452EA8.d.A44F5E32341FC4C2E825E7F0B851455C.e.22343","ELEMENT":"f.BF6F4EA089F18175CED7BE484E452EA8.d.A44F5E32341FC4C2E825E7F0B851455C.e.22343"}]}
]]></system-out>
    </testcase>
    <testcase classname="chrome.136_0_7103_93.windows.Billing_Calculation_-_Time_based_(considering_transport_times)_US139738" name="Should do a provide to site 2 step" time="150.798">
      <system-out><![CDATA[
COMMAND: POST /session/3247b862f9661e1dad05ca414f9e55ea/element - {"using":"xpath","value":"//button[@data-kt=\"provideButton\"]"}
COMMAND: GET /session/3247b862f9661e1dad05ca414f9e55ea/screenshot - {}
RESULT: {"using":"xpath","value":"//button[@data-kt=\"provideButton\"]"}
COMMAND: POST /session/3247b862f9661e1dad05ca414f9e55ea/element/f.BF6F4EA089F18175CED7BE484E452EA8.d.A44F5E32341FC4C2E825E7F0B851455C.e.22344/click - {}
RESULT: {}
RESULT: {}
COMMAND: GET /session/3247b862f9661e1dad05ca414f9e55ea/screenshot - {}
RESULT: {}
COMMAND: POST /session/3247b862f9661e1dad05ca414f9e55ea/element - {"using":"xpath","value":"(//div[contains(@id, \"application-managehandovers-display-component---AddNewHO--oneStep-CbBg\")])"}
RESULT: {"using":"xpath","value":"(//div[contains(@id, \"application-managehandovers-display-component---AddNewHO--oneStep-CbBg\")])"}
COMMAND: POST /session/3247b862f9661e1dad05ca414f9e55ea/element - {"using":"xpath","value":"(//div[contains(@id, \"application-managehandovers-display-component---AddNewHO--oneStep-CbBg\")])/input"}
RESULT: {"using":"xpath","value":"(//div[contains(@id, \"application-managehandovers-display-component---AddNewHO--oneStep-CbBg\")])/input"}
COMMAND: GET /session/3247b862f9661e1dad05ca414f9e55ea/element/f.BF6F4EA089F18175CED7BE484E452EA8.d.A44F5E32341FC4C2E825E7F0B851455C.e.22436/attribute/checked - {}
RESULT: {}
RESULT: undefined
COMMAND: POST /session/3247b862f9661e1dad05ca414f9e55ea/execute/async - {"script":"<script> [6424 bytes]","args":[{"element-6066-11e4-a52e-4f735466cecf":"f.BF6F4EA089F18175CED7BE484E452EA8.d.A44F5E32341FC4C2E825E7F0B851455C.e.21300"},"setValue",["5/20/25"]]}
COMMAND: POST /session/3247b862f9661e1dad05ca414f9e55ea/element/f.BF6F4EA089F18175CED7BE484E452EA8.d.A44F5E32341FC4C2E825E7F0B851455C.e.22517/click - {}
COMMAND: POST /session/3247b862f9661e1dad05ca414f9e55ea/execute/async - {"script":"<script> [1562 bytes]","args":[{"selector":{"id":"application-managehandovers-display-component---AddNewHO--dueDate","interaction":{"idSuffix":"inner"}},"wdio_ui5_key":"applicationmanagehandovers-display-component---AddNewHO--dueDate"}]}
RESULT: {}
COMMAND: GET /session/3247b862f9661e1dad05ca414f9e55ea/screenshot - {}
RESULT: {"script":"<script> [1562 bytes]","args":[{"selector":{"id":"application-managehandovers-display-component---AddNewHO--dueDate","interaction":{"idSuffix":"inner"}},"wdio_ui5_key":"applicationmanagehandovers-display-component---AddNewHO--dueDate"}]}
COMMAND: POST /session/3247b862f9661e1dad05ca414f9e55ea/execute/async - {"script":"<script> [6424 bytes]","args":[{"element-6066-11e4-a52e-4f735466cecf":"f.BF6F4EA089F18175CED7BE484E452EA8.d.A44F5E32341FC4C2E825E7F0B851455C.e.22434"},"setValue",["5/20/25"]]}
RESULT: {}
RESULT: {"script":"<script> [6424 bytes]","args":[{"element-6066-11e4-a52e-4f735466cecf":"f.BF6F4EA089F18175CED7BE484E452EA8.d.A44F5E32341FC4C2E825E7F0B851455C.e.22434"},"setValue",["5/20/25"]]}
COMMAND: POST /session/3247b862f9661e1dad05ca414f9e55ea/element - {"using":"xpath","value":"//bdi[contains(text(), \"Instructions\")]"}
RESULT: {"using":"xpath","value":"//bdi[contains(text(), \"Instructions\")]"}
COMMAND: POST /session/3247b862f9661e1dad05ca414f9e55ea/element/f.BF6F4EA089F18175CED7BE484E452EA8.d.A44F5E32341FC4C2E825E7F0B851455C.e.22519/click - {}
RESULT: {}
COMMAND: GET /session/3247b862f9661e1dad05ca414f9e55ea/screenshot - {}
RESULT: {}
COMMAND: POST /session/3247b862f9661e1dad05ca414f9e55ea/element - {"using":"xpath","value":"//button[@data-kt=\"AddNewHOProvideAddItemsButton\"]"}
RESULT: {"using":"xpath","value":"//button[@data-kt=\"AddNewHOProvideAddItemsButton\"]"}
COMMAND: POST /session/3247b862f9661e1dad05ca414f9e55ea/element/f.BF6F4EA089F18175CED7BE484E452EA8.d.A44F5E32341FC4C2E825E7F0B851455C.e.22522/click - {}
RESULT: {}
COMMAND: GET /session/3247b862f9661e1dad05ca414f9e55ea/screenshot - {}
RESULT: {}
RESULT: undefined
COMMAND: POST /session/3247b862f9661e1dad05ca414f9e55ea/element - {"using":"xpath","value":"//*[@id=\"application-managehandovers-display-component---AddNewHO--popup-sa\"]"}
RESULT: {"using":"xpath","value":"//*[@id=\"application-managehandovers-display-component---AddNewHO--popup-sa\"]"}
COMMAND: POST /session/3247b862f9661e1dad05ca414f9e55ea/element/f.BF6F4EA089F18175CED7BE484E452EA8.d.A44F5E32341FC4C2E825E7F0B851455C.e.22539/click - {}
RESULT: {}
COMMAND: GET /session/3247b862f9661e1dad05ca414f9e55ea/screenshot - {}
RESULT: {}
COMMAND: POST /session/3247b862f9661e1dad05ca414f9e55ea/element - {"using":"xpath","value":"//*[contains(@id ,\"BDI-content\")][contains(text(), \"Select\")]"}
RESULT: {"using":"xpath","value":"//*[contains(@id ,\"BDI-content\")][contains(text(), \"Select\")]"}
COMMAND: POST /session/3247b862f9661e1dad05ca414f9e55ea/element/f.BF6F4EA089F18175CED7BE484E452EA8.d.A44F5E32341FC4C2E825E7F0B851455C.e.22541/click - {}
RESULT: {}
COMMAND: GET /session/3247b862f9661e1dad05ca414f9e55ea/screenshot - {}
RESULT: {}
COMMAND: POST /session/3247b862f9661e1dad05ca414f9e55ea/execute/async - {"script":"<script> [1562 bytes]","args":[{"selector":{"id":"application-managehandovers-display-component---AddNewHO--confirmCreationButton","interaction":{"idSuffix":"BDI-content"}},"wdio_ui5_key":"applicationmanagehandovers-display-component---AddNewHO--confirmCreationButton"}]}
RESULT: {"script":"<script> [1562 bytes]","args":[{"selector":{"id":"application-managehandovers-display-component---AddNewHO--confirmCreationButton","interaction":{"idSuffix":"BDI-content"}},"wdio_ui5_key":"applicationmanagehandovers-display-component---AddNewHO--confirmCreationButton"}]}
RESULT: undefined
COMMAND: POST /session/3247b862f9661e1dad05ca414f9e55ea/element - {"using":"xpath","value":"//*[@id=\"application-managehandovers-display-component---AddNewHO--confirmCreationButton\"]"}
RESULT: {"using":"xpath","value":"//*[@id=\"application-managehandovers-display-component---AddNewHO--confirmCreationButton\"]"}
COMMAND: POST /session/3247b862f9661e1dad05ca414f9e55ea/element/f.BF6F4EA089F18175CED7BE484E452EA8.d.A44F5E32341FC4C2E825E7F0B851455C.e.22478/click - {}
RESULT: {}
COMMAND: GET /session/3247b862f9661e1dad05ca414f9e55ea/screenshot - {}
RESULT: {}
COMMAND: POST /session/3247b862f9661e1dad05ca414f9e55ea/execute/async - {"script":"<script> [1562 bytes]","args":[{"selector":{"id":"issueDatePicker","viewName":"etm.portal.ui.managehandovers.view.DetailExecuteHO","interaction":{"idSuffix":"inner"}},"wdio_ui5_key":"issueDatePickeretmportal.ui.managehandovers.view.DetailExecuteHO"}]}
RESULT: {"script":"<script> [1562 bytes]","args":[{"selector":{"id":"issueDatePicker","viewName":"etm.portal.ui.managehandovers.view.DetailExecuteHO","interaction":{"idSuffix":"inner"}},"wdio_ui5_key":"issueDatePickeretmportal.ui.managehandovers.view.DetailExecuteHO"}]}
RESULT: undefined
COMMAND: POST /session/3247b862f9661e1dad05ca414f9e55ea/execute/async - {"script":"<script> [776 bytes]","args":[{"enterText":"5/20/25","selector":{"id":"issueDatePicker","viewName":"etm.portal.ui.managehandovers.view.DetailExecuteHO","interaction":{"idSuffix":"inner"}},"clearTextFirst":true,"interactionType":"ENTER_TEXT"}]}
RESULT: {"script":"<script> [776 bytes]","args":[{"enterText":"5/20/25","selector":{"id":"issueDatePicker","viewName":"etm.portal.ui.managehandovers.view.DetailExecuteHO","interaction":{"idSuffix":"inner"}},"clearTextFirst":true,"interactionType":"ENTER_TEXT"}]}
COMMAND: POST /session/3247b862f9661e1dad05ca414f9e55ea/element - {"using":"xpath","value":"//bdi[contains(text(), \"OK\")]"}
RESULT: {"using":"xpath","value":"//bdi[contains(text(), \"OK\")]"}
COMMAND: POST /session/3247b862f9661e1dad05ca414f9e55ea/element/f.BF6F4EA089F18175CED7BE484E452EA8.d.A44F5E32341FC4C2E825E7F0B851455C.e.22587/click - {}
RESULT: {}
COMMAND: GET /session/3247b862f9661e1dad05ca414f9e55ea/screenshot - {}
RESULT: {}
COMMAND: POST /session/3247b862f9661e1dad05ca414f9e55ea/element - {"using":"xpath","value":"//button[@data-kt=\"PickingTableConfirmAllButton\"]"}
RESULT: {"using":"xpath","value":"//button[@data-kt=\"PickingTableConfirmAllButton\"]"}
COMMAND: POST /session/3247b862f9661e1dad05ca414f9e55ea/element/f.BF6F4EA089F18175CED7BE484E452EA8.d.A44F5E32341FC4C2E825E7F0B851455C.e.22594/click - {}
RESULT: {}
COMMAND: GET /session/3247b862f9661e1dad05ca414f9e55ea/screenshot - {}
RESULT: {}
COMMAND: POST /session/3247b862f9661e1dad05ca414f9e55ea/element - {"using":"xpath","value":"//bdi[contains(text(), \"OK\")]"}
RESULT: {"using":"xpath","value":"//bdi[contains(text(), \"OK\")]"}
COMMAND: POST /session/3247b862f9661e1dad05ca414f9e55ea/element/f.BF6F4EA089F18175CED7BE484E452EA8.d.A44F5E32341FC4C2E825E7F0B851455C.e.22597/click - {}
RESULT: {}
COMMAND: GET /session/3247b862f9661e1dad05ca414f9e55ea/screenshot - {}
RESULT: {}
COMMAND: POST /session/3247b862f9661e1dad05ca414f9e55ea/element - {"using":"xpath","value":"//button[@data-kt=\"execHoPickButton\"]"}
RESULT: {"using":"xpath","value":"//button[@data-kt=\"execHoPickButton\"]"}
COMMAND: POST /session/3247b862f9661e1dad05ca414f9e55ea/element/f.BF6F4EA089F18175CED7BE484E452EA8.d.A44F5E32341FC4C2E825E7F0B851455C.e.22599/click - {}
RESULT: {}
COMMAND: GET /session/3247b862f9661e1dad05ca414f9e55ea/screenshot - {}
RESULT: {}
COMMAND: POST /session/3247b862f9661e1dad05ca414f9e55ea/element - {"using":"xpath","value":"//span[contains(@id ,\"filterItemControl_BASIC-RECEIVE_CONTRACT-vhi\")]"}
RESULT: {"using":"xpath","value":"//span[contains(@id ,\"filterItemControl_BASIC-RECEIVE_CONTRACT-vhi\")]"}
COMMAND: POST /session/3247b862f9661e1dad05ca414f9e55ea/element/f.BF6F4EA089F18175CED7BE484E452EA8.d.A44F5E32341FC4C2E825E7F0B851455C.e.22774/click - {}
RESULT: {}
COMMAND: GET /session/3247b862f9661e1dad05ca414f9e55ea/screenshot - {}
RESULT: {}
COMMAND: POST /session/3247b862f9661e1dad05ca414f9e55ea/execute/async - {"script":"<script> [1562 bytes]","args":[{"selector":{"controlType":"sap.m.SearchField","viewName":"etm.portal.ui.managehandovers.view.MasterHO","bindingPath":{"path":"","propertyPath":"/_BASIC_SEARCH_FIELD","modelName":"fi1t3rM0d31"},"searchOpenDialogs":true,"interaction":{"idSuffix":"I"}},"wdio_ui5_key":"etmportal.ui.managehandovers.view.MasterHOsap.m.SearchField{\"path\":\"\",\"propertyPath\":\"/_BASIC_SEARCH_FIELD\",\"modelName\":\"fi1t3rM0d31\"}"}]}
RESULT: {"script":"<script> [1562 bytes]","args":[{"selector":{"controlType":"sap.m.SearchField","viewName":"etm.portal.ui.managehandovers.view.MasterHO","bindingPath":{"path":"","propertyPath":"/_BASIC_SEARCH_FIELD","modelName":"fi1t3rM0d31"},"searchOpenDialogs":true,"interaction":{"idSuffix":"I"}},"wdio_ui5_key":"etmportal.ui.managehandovers.view.MasterHOsap.m.SearchField{\"path\":\"\",\"propertyPath\":\"/_BASIC_SEARCH_FIELD\",\"modelName\":\"fi1t3rM0d31\"}"}]}
RESULT: undefined
COMMAND: POST /session/3247b862f9661e1dad05ca414f9e55ea/execute/async - {"script":"<script> [776 bytes]","args":[{"enterText":"10441","selector":{"controlType":"sap.m.SearchField","viewName":"etm.portal.ui.managehandovers.view.MasterHO","bindingPath":{"path":"","propertyPath":"/_BASIC_SEARCH_FIELD","modelName":"fi1t3rM0d31"},"searchOpenDialogs":true,"interaction":{"idSuffix":"I"}},"clearTextFirst":true,"interactionType":"ENTER_TEXT"}]}
RESULT: {"script":"<script> [776 bytes]","args":[{"enterText":"10441","selector":{"controlType":"sap.m.SearchField","viewName":"etm.portal.ui.managehandovers.view.MasterHO","bindingPath":{"path":"","propertyPath":"/_BASIC_SEARCH_FIELD","modelName":"fi1t3rM0d31"},"searchOpenDialogs":true,"interaction":{"idSuffix":"I"}},"clearTextFirst":true,"interactionType":"ENTER_TEXT"}]}
COMMAND: POST /session/3247b862f9661e1dad05ca414f9e55ea/actions - {"actions":[{"id":"action78","type":"key","parameters":{},"actions":[{"type":"keyDown","value":"î€‡"},{"type":"pause","duration":10},{"type":"keyUp","value":"î€‡"}]}]}
RESULT: {"actions":[{"id":"action78","type":"key","parameters":{},"actions":[{"type":"keyDown","value":"î€‡"},{"type":"pause","duration":10},{"type":"keyUp","value":"î€‡"}]}]}
COMMAND: GET /session/3247b862f9661e1dad05ca414f9e55ea/screenshot - {}
RESULT: {}
COMMAND: POST /session/3247b862f9661e1dad05ca414f9e55ea/element - {"using":"xpath","value":"//div[contains(@id, 'filterItemControl_BASIC-RECEIVE_CONTRACT-valueHelpDialog-table-rowsel0')]"}
RESULT: {"using":"xpath","value":"//div[contains(@id, 'filterItemControl_BASIC-RECEIVE_CONTRACT-valueHelpDialog-table-rowsel0')]"}
COMMAND: POST /session/3247b862f9661e1dad05ca414f9e55ea/element/f.BF6F4EA089F18175CED7BE484E452EA8.d.A44F5E32341FC4C2E825E7F0B851455C.e.22783/click - {}
RESULT: {}
COMMAND: GET /session/3247b862f9661e1dad05ca414f9e55ea/screenshot - {}
RESULT: {}
COMMAND: POST /session/3247b862f9661e1dad05ca414f9e55ea/element - {"using":"xpath","value":"//bdi[contains(text(), \"OK\")]"}
RESULT: {"using":"xpath","value":"//bdi[contains(text(), \"OK\")]"}
COMMAND: POST /session/3247b862f9661e1dad05ca414f9e55ea/element/f.BF6F4EA089F18175CED7BE484E452EA8.d.A44F5E32341FC4C2E825E7F0B851455C.e.22785/click - {}
RESULT: {}
COMMAND: GET /session/3247b862f9661e1dad05ca414f9e55ea/screenshot - {}
RESULT: {}
COMMAND: POST /session/3247b862f9661e1dad05ca414f9e55ea/element - {"using":"xpath","value":"//span[contains(@id, \"smartTable-header-inner\")]"}
RESULT: {"using":"xpath","value":"//span[contains(@id, \"smartTable-header-inner\")]"}
COMMAND: POST /session/3247b862f9661e1dad05ca414f9e55ea/elements - {"using":"xpath","value":"//span[contains(@id, \"smartTable-header-inner\")]"}
RESULT: {"using":"xpath","value":"//span[contains(@id, \"smartTable-header-inner\")]"}
COMMAND: POST /session/3247b862f9661e1dad05ca414f9e55ea/execute/sync - {"script":"<script> [56 bytes]","args":[{"element-6066-11e4-a52e-4f735466cecf":"f.BF6F4EA089F18175CED7BE484E452EA8.d.A44F5E32341FC4C2E825E7F0B851455C.e.22814","ELEMENT":"f.BF6F4EA089F18175CED7BE484E452EA8.d.A44F5E32341FC4C2E825E7F0B851455C.e.22814"}]}
RESULT: {"script":"<script> [56 bytes]","args":[{"element-6066-11e4-a52e-4f735466cecf":"f.BF6F4EA089F18175CED7BE484E452EA8.d.A44F5E32341FC4C2E825E7F0B851455C.e.22814","ELEMENT":"f.BF6F4EA089F18175CED7BE484E452EA8.d.A44F5E32341FC4C2E825E7F0B851455C.e.22814"}]}
COMMAND: POST /session/3247b862f9661e1dad05ca414f9e55ea/element - {"using":"xpath","value":"//table[contains(@id, \"customHandovers\")]//tbody/tr[1]/td[2]/span"}
COMMAND: GET /session/3247b862f9661e1dad05ca414f9e55ea/screenshot - {}
RESULT: {"using":"xpath","value":"//table[contains(@id, \"customHandovers\")]//tbody/tr[1]/td[2]/span"}
COMMAND: POST /session/3247b862f9661e1dad05ca414f9e55ea/execute/sync - {"script":"<script> [56 bytes]","args":[{"element-6066-11e4-a52e-4f735466cecf":"f.BF6F4EA089F18175CED7BE484E452EA8.d.A44F5E32341FC4C2E825E7F0B851455C.e.22815","ELEMENT":"f.BF6F4EA089F18175CED7BE484E452EA8.d.A44F5E32341FC4C2E825E7F0B851455C.e.22815"}]}
RESULT: {}
RESULT: {"script":"<script> [56 bytes]","args":[{"element-6066-11e4-a52e-4f735466cecf":"f.BF6F4EA089F18175CED7BE484E452EA8.d.A44F5E32341FC4C2E825E7F0B851455C.e.22815","ELEMENT":"f.BF6F4EA089F18175CED7BE484E452EA8.d.A44F5E32341FC4C2E825E7F0B851455C.e.22815"}]}
COMMAND: POST /session/3247b862f9661e1dad05ca414f9e55ea/element - {"using":"xpath","value":"(//span[contains(@id, \"imgNav\")])[1]"}
COMMAND: GET /session/3247b862f9661e1dad05ca414f9e55ea/screenshot - {}
RESULT: {"using":"xpath","value":"(//span[contains(@id, \"imgNav\")])[1]"}
COMMAND: POST /session/3247b862f9661e1dad05ca414f9e55ea/element/f.BF6F4EA089F18175CED7BE484E452EA8.d.A44F5E32341FC4C2E825E7F0B851455C.e.22812/click - {}
RESULT: {}
RESULT: {}
COMMAND: GET /session/3247b862f9661e1dad05ca414f9e55ea/screenshot - {}
RESULT: {}
RESULT: undefined
COMMAND: POST /session/3247b862f9661e1dad05ca414f9e55ea/execute/async - {"script":"<script> [776 bytes]","args":[{"enterText":"5/20/25","selector":{"id":"issueDatePicker","viewName":"etm.portal.ui.managehandovers.view.DetailExecuteHO","interaction":{"idSuffix":"inner"}},"clearTextFirst":true,"interactionType":"ENTER_TEXT"}]}
RESULT: {"script":"<script> [776 bytes]","args":[{"enterText":"5/20/25","selector":{"id":"issueDatePicker","viewName":"etm.portal.ui.managehandovers.view.DetailExecuteHO","interaction":{"idSuffix":"inner"}},"clearTextFirst":true,"interactionType":"ENTER_TEXT"}]}
COMMAND: POST /session/3247b862f9661e1dad05ca414f9e55ea/element - {"using":"xpath","value":"//button[@data-kt=\"PickingTableConfirmAllButton\"]"}
RESULT: {"using":"xpath","value":"//button[@data-kt=\"PickingTableConfirmAllButton\"]"}
COMMAND: POST /session/3247b862f9661e1dad05ca414f9e55ea/element/f.BF6F4EA089F18175CED7BE484E452EA8.d.A44F5E32341FC4C2E825E7F0B851455C.e.22833/click - {}
RESULT: {}
COMMAND: GET /session/3247b862f9661e1dad05ca414f9e55ea/screenshot - {}
RESULT: {}
COMMAND: POST /session/3247b862f9661e1dad05ca414f9e55ea/element - {"using":"xpath","value":"//bdi[contains(text(), \"OK\")]"}
RESULT: {"using":"xpath","value":"//bdi[contains(text(), \"OK\")]"}
COMMAND: POST /session/3247b862f9661e1dad05ca414f9e55ea/element/f.BF6F4EA089F18175CED7BE484E452EA8.d.A44F5E32341FC4C2E825E7F0B851455C.e.22861/click - {}
RESULT: {}
COMMAND: GET /session/3247b862f9661e1dad05ca414f9e55ea/screenshot - {}
RESULT: {}
COMMAND: POST /session/3247b862f9661e1dad05ca414f9e55ea/element - {"using":"xpath","value":"//button[@data-kt=\"execHoIssueButton\"]"}
RESULT: {"using":"xpath","value":"//button[@data-kt=\"execHoIssueButton\"]"}
COMMAND: POST /session/3247b862f9661e1dad05ca414f9e55ea/element/f.BF6F4EA089F18175CED7BE484E452EA8.d.A44F5E32341FC4C2E825E7F0B851455C.e.22863/click - {}
RESULT: {}
COMMAND: GET /session/3247b862f9661e1dad05ca414f9e55ea/screenshot - {}
RESULT: {}
COMMAND: POST /session/3247b862f9661e1dad05ca414f9e55ea/element - {"using":"xpath","value":"//input[contains(@id ,\"smartFilterBar-btnBasicSearch-I\")]"}
RESULT: {"using":"xpath","value":"//input[contains(@id ,\"smartFilterBar-btnBasicSearch-I\")]"}
COMMAND: POST /session/3247b862f9661e1dad05ca414f9e55ea/elements - {"using":"xpath","value":"//input[contains(@id ,\"smartFilterBar-btnBasicSearch-I\")]"}
RESULT: {"using":"xpath","value":"//input[contains(@id ,\"smartFilterBar-btnBasicSearch-I\")]"}
COMMAND: POST /session/3247b862f9661e1dad05ca414f9e55ea/execute/sync - {"script":"<script> [8489 bytes]","args":[{"element-6066-11e4-a52e-4f735466cecf":"f.BF6F4EA089F18175CED7BE484E452EA8.d.A44F5E32341FC4C2E825E7F0B851455C.e.22433","ELEMENT":"f.BF6F4EA089F18175CED7BE484E452EA8.d.A44F5E32341FC4C2E825E7F0B851455C.e.22433"}]}
RESULT: {"script":"<script> [8489 bytes]","args":[{"element-6066-11e4-a52e-4f735466cecf":"f.BF6F4EA089F18175CED7BE484E452EA8.d.A44F5E32341FC4C2E825E7F0B851455C.e.22433","ELEMENT":"f.BF6F4EA089F18175CED7BE484E452EA8.d.A44F5E32341FC4C2E825E7F0B851455C.e.22433"}]}
COMMAND: GET /session/3247b862f9661e1dad05ca414f9e55ea/element/f.BF6F4EA089F18175CED7BE484E452EA8.d.A44F5E32341FC4C2E825E7F0B851455C.e.22433/enabled - {}
COMMAND: GET /session/3247b862f9661e1dad05ca414f9e55ea/screenshot - {}
RESULT: {}
COMMAND: POST /session/3247b862f9661e1dad05ca414f9e55ea/element/f.BF6F4EA089F18175CED7BE484E452EA8.d.A44F5E32341FC4C2E825E7F0B851455C.e.22433/clear - {}
COMMAND: GET /session/3247b862f9661e1dad05ca414f9e55ea/screenshot - {}
RESULT: {}
RESULT: {}
COMMAND: POST /session/3247b862f9661e1dad05ca414f9e55ea/element/f.BF6F4EA089F18175CED7BE484E452EA8.d.A44F5E32341FC4C2E825E7F0B851455C.e.22433/value - {"text":"30876"}
COMMAND: GET /session/3247b862f9661e1dad05ca414f9e55ea/screenshot - {}
RESULT: {}
RESULT: {"text":"30876"}
COMMAND: GET /session/3247b862f9661e1dad05ca414f9e55ea/screenshot - {}
RESULT: {}
RESULT: {}
COMMAND: POST /session/3247b862f9661e1dad05ca414f9e55ea/actions - {"actions":[{"id":"action79","type":"key","parameters":{},"actions":[{"type":"keyDown","value":"î€‡"},{"type":"pause","duration":10},{"type":"keyUp","value":"î€‡"}]}]}
RESULT: {"actions":[{"id":"action79","type":"key","parameters":{},"actions":[{"type":"keyDown","value":"î€‡"},{"type":"pause","duration":10},{"type":"keyUp","value":"î€‡"}]}]}
COMMAND: GET /session/3247b862f9661e1dad05ca414f9e55ea/screenshot - {}
RESULT: {}
COMMAND: POST /session/3247b862f9661e1dad05ca414f9e55ea/element - {"using":"xpath","value":"//span[contains(@id, \"smartTable-header-inner\")]"}
RESULT: {"using":"xpath","value":"//span[contains(@id, \"smartTable-header-inner\")]"}
COMMAND: POST /session/3247b862f9661e1dad05ca414f9e55ea/elements - {"using":"xpath","value":"//span[contains(@id, \"smartTable-header-inner\")]"}
RESULT: {"using":"xpath","value":"//span[contains(@id, \"smartTable-header-inner\")]"}
COMMAND: POST /session/3247b862f9661e1dad05ca414f9e55ea/execute/sync - {"script":"<script> [56 bytes]","args":[{"element-6066-11e4-a52e-4f735466cecf":"f.BF6F4EA089F18175CED7BE484E452EA8.d.A44F5E32341FC4C2E825E7F0B851455C.e.22814","ELEMENT":"f.BF6F4EA089F18175CED7BE484E452EA8.d.A44F5E32341FC4C2E825E7F0B851455C.e.22814"}]}
RESULT: {"script":"<script> [56 bytes]","args":[{"element-6066-11e4-a52e-4f735466cecf":"f.BF6F4EA089F18175CED7BE484E452EA8.d.A44F5E32341FC4C2E825E7F0B851455C.e.22814","ELEMENT":"f.BF6F4EA089F18175CED7BE484E452EA8.d.A44F5E32341FC4C2E825E7F0B851455C.e.22814"}]}
COMMAND: POST /session/3247b862f9661e1dad05ca414f9e55ea/elements - {"using":"xpath","value":"//thead[contains(@class, \"sapMTableTH\")]/tr/th"}
COMMAND: GET /session/3247b862f9661e1dad05ca414f9e55ea/screenshot - {}
RESULT: {"using":"xpath","value":"//thead[contains(@class, \"sapMTableTH\")]/tr/th"}
COMMAND: GET /session/3247b862f9661e1dad05ca414f9e55ea/element/f.BF6F4EA089F18175CED7BE484E452EA8.d.A44F5E32341FC4C2E825E7F0B851455C.e.22916/text - {}
RESULT: {}
RESULT: {}
COMMAND: GET /session/3247b862f9661e1dad05ca414f9e55ea/element/f.BF6F4EA089F18175CED7BE484E452EA8.d.A44F5E32341FC4C2E825E7F0B851455C.e.22917/text - {}
RESULT: {}
COMMAND: GET /session/3247b862f9661e1dad05ca414f9e55ea/element/f.BF6F4EA089F18175CED7BE484E452EA8.d.A44F5E32341FC4C2E825E7F0B851455C.e.22427/text - {}
RESULT: {}
COMMAND: GET /session/3247b862f9661e1dad05ca414f9e55ea/element/f.BF6F4EA089F18175CED7BE484E452EA8.d.A44F5E32341FC4C2E825E7F0B851455C.e.22429/text - {}
RESULT: {}
COMMAND: GET /session/3247b862f9661e1dad05ca414f9e55ea/element/f.BF6F4EA089F18175CED7BE484E452EA8.d.A44F5E32341FC4C2E825E7F0B851455C.e.22868/text - {}
RESULT: {}
COMMAND: GET /session/3247b862f9661e1dad05ca414f9e55ea/element/f.BF6F4EA089F18175CED7BE484E452EA8.d.A44F5E32341FC4C2E825E7F0B851455C.e.22869/text - {}
RESULT: {}
COMMAND: GET /session/3247b862f9661e1dad05ca414f9e55ea/element/f.BF6F4EA089F18175CED7BE484E452EA8.d.A44F5E32341FC4C2E825E7F0B851455C.e.22870/text - {}
RESULT: {}
COMMAND: GET /session/3247b862f9661e1dad05ca414f9e55ea/element/f.BF6F4EA089F18175CED7BE484E452EA8.d.A44F5E32341FC4C2E825E7F0B851455C.e.22871/text - {}
RESULT: {}
COMMAND: GET /session/3247b862f9661e1dad05ca414f9e55ea/element/f.BF6F4EA089F18175CED7BE484E452EA8.d.A44F5E32341FC4C2E825E7F0B851455C.e.22872/text - {}
RESULT: {}
COMMAND: GET /session/3247b862f9661e1dad05ca414f9e55ea/element/f.BF6F4EA089F18175CED7BE484E452EA8.d.A44F5E32341FC4C2E825E7F0B851455C.e.22873/text - {}
RESULT: {}
COMMAND: GET /session/3247b862f9661e1dad05ca414f9e55ea/element/f.BF6F4EA089F18175CED7BE484E452EA8.d.A44F5E32341FC4C2E825E7F0B851455C.e.22874/text - {}
RESULT: {}
COMMAND: GET /session/3247b862f9661e1dad05ca414f9e55ea/element/f.BF6F4EA089F18175CED7BE484E452EA8.d.A44F5E32341FC4C2E825E7F0B851455C.e.22875/text - {}
RESULT: {}
COMMAND: GET /session/3247b862f9661e1dad05ca414f9e55ea/element/f.BF6F4EA089F18175CED7BE484E452EA8.d.A44F5E32341FC4C2E825E7F0B851455C.e.22876/text - {}
RESULT: {}
COMMAND: GET /session/3247b862f9661e1dad05ca414f9e55ea/element/f.BF6F4EA089F18175CED7BE484E452EA8.d.A44F5E32341FC4C2E825E7F0B851455C.e.22430/text - {}
RESULT: {}
COMMAND: POST /session/3247b862f9661e1dad05ca414f9e55ea/element - {"using":"xpath","value":"//tbody[contains(@id, \"customHandoversTable-tblBody\")]/tr[1]/td[14]/div/span"}
RESULT: {"using":"xpath","value":"//tbody[contains(@id, \"customHandoversTable-tblBody\")]/tr[1]/td[14]/div/span"}
COMMAND: POST /session/3247b862f9661e1dad05ca414f9e55ea/execute/sync - {"script":"<script> [56 bytes]","args":[{"element-6066-11e4-a52e-4f735466cecf":"f.BF6F4EA089F18175CED7BE484E452EA8.d.A44F5E32341FC4C2E825E7F0B851455C.e.22969","ELEMENT":"f.BF6F4EA089F18175CED7BE484E452EA8.d.A44F5E32341FC4C2E825E7F0B851455C.e.22969"}]}
RESULT: {"script":"<script> [56 bytes]","args":[{"element-6066-11e4-a52e-4f735466cecf":"f.BF6F4EA089F18175CED7BE484E452EA8.d.A44F5E32341FC4C2E825E7F0B851455C.e.22969","ELEMENT":"f.BF6F4EA089F18175CED7BE484E452EA8.d.A44F5E32341FC4C2E825E7F0B851455C.e.22969"}]}
COMMAND: POST /session/3247b862f9661e1dad05ca414f9e55ea/element - {"using":"xpath","value":"(//span[contains(@id, \"imgNav\")])[1]"}
COMMAND: GET /session/3247b862f9661e1dad05ca414f9e55ea/screenshot - {}
RESULT: {"using":"xpath","value":"(//span[contains(@id, \"imgNav\")])[1]"}
COMMAND: POST /session/3247b862f9661e1dad05ca414f9e55ea/element/f.BF6F4EA089F18175CED7BE484E452EA8.d.A44F5E32341FC4C2E825E7F0B851455C.e.22907/click - {}
RESULT: {}
RESULT: {}
COMMAND: GET /session/3247b862f9661e1dad05ca414f9e55ea/screenshot - {}
RESULT: {}
RESULT: undefined
COMMAND: POST /session/3247b862f9661e1dad05ca414f9e55ea/execute/async - {"script":"<script> [776 bytes]","args":[{"enterText":"5/27/25","selector":{"id":"receiptDatePicker","viewName":"etm.portal.ui.managehandovers.view.DetailExecuteHO","interaction":{"idSuffix":"inner"}},"clearTextFirst":true,"interactionType":"ENTER_TEXT"}]}
RESULT: {"script":"<script> [776 bytes]","args":[{"enterText":"5/27/25","selector":{"id":"receiptDatePicker","viewName":"etm.portal.ui.managehandovers.view.DetailExecuteHO","interaction":{"idSuffix":"inner"}},"clearTextFirst":true,"interactionType":"ENTER_TEXT"}]}
COMMAND: POST /session/3247b862f9661e1dad05ca414f9e55ea/element - {"using":"xpath","value":"//bdi[contains(text(), \"OK\")]"}
RESULT: {"using":"xpath","value":"//bdi[contains(text(), \"OK\")]"}
COMMAND: POST /session/3247b862f9661e1dad05ca414f9e55ea/element/f.BF6F4EA089F18175CED7BE484E452EA8.d.A44F5E32341FC4C2E825E7F0B851455C.e.23000/click - {}
RESULT: {}
COMMAND: GET /session/3247b862f9661e1dad05ca414f9e55ea/screenshot - {}
RESULT: {}
COMMAND: POST /session/3247b862f9661e1dad05ca414f9e55ea/element - {"using":"xpath","value":"//button[@data-kt=\"PickingTableConfirmAllButton\"]"}
RESULT: {"using":"xpath","value":"//button[@data-kt=\"PickingTableConfirmAllButton\"]"}
COMMAND: POST /session/3247b862f9661e1dad05ca414f9e55ea/element/f.BF6F4EA089F18175CED7BE484E452EA8.d.A44F5E32341FC4C2E825E7F0B851455C.e.22985/click - {}
RESULT: {}
COMMAND: GET /session/3247b862f9661e1dad05ca414f9e55ea/screenshot - {}
RESULT: {}
COMMAND: POST /session/3247b862f9661e1dad05ca414f9e55ea/element - {"using":"xpath","value":"//bdi[contains(text(), \"OK\")]"}
RESULT: {"using":"xpath","value":"//bdi[contains(text(), \"OK\")]"}
COMMAND: POST /session/3247b862f9661e1dad05ca414f9e55ea/element/f.BF6F4EA089F18175CED7BE484E452EA8.d.A44F5E32341FC4C2E825E7F0B851455C.e.23015/click - {}
RESULT: {}
COMMAND: GET /session/3247b862f9661e1dad05ca414f9e55ea/screenshot - {}
RESULT: {}
COMMAND: POST /session/3247b862f9661e1dad05ca414f9e55ea/element - {"using":"xpath","value":"//button[@data-kt= \"execHoReceiveButton\"]"}
RESULT: {"using":"xpath","value":"//button[@data-kt= \"execHoReceiveButton\"]"}
COMMAND: POST /session/3247b862f9661e1dad05ca414f9e55ea/element/f.BF6F4EA089F18175CED7BE484E452EA8.d.A44F5E32341FC4C2E825E7F0B851455C.e.23016/click - {}
RESULT: {}
COMMAND: GET /session/3247b862f9661e1dad05ca414f9e55ea/screenshot - {}
RESULT: {}
COMMAND: POST /session/3247b862f9661e1dad05ca414f9e55ea/element - {"using":"xpath","value":"//input[contains(@id ,\"smartFilterBar-btnBasicSearch-I\")]"}
RESULT: {"using":"xpath","value":"//input[contains(@id ,\"smartFilterBar-btnBasicSearch-I\")]"}
COMMAND: POST /session/3247b862f9661e1dad05ca414f9e55ea/elements - {"using":"xpath","value":"//input[contains(@id ,\"smartFilterBar-btnBasicSearch-I\")]"}
RESULT: {"using":"xpath","value":"//input[contains(@id ,\"smartFilterBar-btnBasicSearch-I\")]"}
COMMAND: POST /session/3247b862f9661e1dad05ca414f9e55ea/execute/sync - {"script":"<script> [8489 bytes]","args":[{"element-6066-11e4-a52e-4f735466cecf":"f.BF6F4EA089F18175CED7BE484E452EA8.d.A44F5E32341FC4C2E825E7F0B851455C.e.22433","ELEMENT":"f.BF6F4EA089F18175CED7BE484E452EA8.d.A44F5E32341FC4C2E825E7F0B851455C.e.22433"}]}
RESULT: {"script":"<script> [8489 bytes]","args":[{"element-6066-11e4-a52e-4f735466cecf":"f.BF6F4EA089F18175CED7BE484E452EA8.d.A44F5E32341FC4C2E825E7F0B851455C.e.22433","ELEMENT":"f.BF6F4EA089F18175CED7BE484E452EA8.d.A44F5E32341FC4C2E825E7F0B851455C.e.22433"}]}
COMMAND: GET /session/3247b862f9661e1dad05ca414f9e55ea/element/f.BF6F4EA089F18175CED7BE484E452EA8.d.A44F5E32341FC4C2E825E7F0B851455C.e.22433/enabled - {}
COMMAND: GET /session/3247b862f9661e1dad05ca414f9e55ea/screenshot - {}
RESULT: {}
COMMAND: POST /session/3247b862f9661e1dad05ca414f9e55ea/element/f.BF6F4EA089F18175CED7BE484E452EA8.d.A44F5E32341FC4C2E825E7F0B851455C.e.22433/clear - {}
COMMAND: GET /session/3247b862f9661e1dad05ca414f9e55ea/screenshot - {}
RESULT: {}
RESULT: {}
COMMAND: POST /session/3247b862f9661e1dad05ca414f9e55ea/element/f.BF6F4EA089F18175CED7BE484E452EA8.d.A44F5E32341FC4C2E825E7F0B851455C.e.22433/value - {"text":"30876"}
COMMAND: GET /session/3247b862f9661e1dad05ca414f9e55ea/screenshot - {}
RESULT: {}
RESULT: {"text":"30876"}
COMMAND: GET /session/3247b862f9661e1dad05ca414f9e55ea/screenshot - {}
RESULT: {}
RESULT: {}
COMMAND: POST /session/3247b862f9661e1dad05ca414f9e55ea/actions - {"actions":[{"id":"action80","type":"key","parameters":{},"actions":[{"type":"keyDown","value":"î€‡"},{"type":"pause","duration":10},{"type":"keyUp","value":"î€‡"}]}]}
RESULT: {"actions":[{"id":"action80","type":"key","parameters":{},"actions":[{"type":"keyDown","value":"î€‡"},{"type":"pause","duration":10},{"type":"keyUp","value":"î€‡"}]}]}
COMMAND: GET /session/3247b862f9661e1dad05ca414f9e55ea/screenshot - {}
RESULT: {}
COMMAND: POST /session/3247b862f9661e1dad05ca414f9e55ea/element - {"using":"xpath","value":"//span[contains(@id, \"smartTable-header-inner\")]"}
RESULT: {"using":"xpath","value":"//span[contains(@id, \"smartTable-header-inner\")]"}
COMMAND: POST /session/3247b862f9661e1dad05ca414f9e55ea/elements - {"using":"xpath","value":"//span[contains(@id, \"smartTable-header-inner\")]"}
RESULT: {"using":"xpath","value":"//span[contains(@id, \"smartTable-header-inner\")]"}
COMMAND: POST /session/3247b862f9661e1dad05ca414f9e55ea/execute/sync - {"script":"<script> [56 bytes]","args":[{"element-6066-11e4-a52e-4f735466cecf":"f.BF6F4EA089F18175CED7BE484E452EA8.d.A44F5E32341FC4C2E825E7F0B851455C.e.22814","ELEMENT":"f.BF6F4EA089F18175CED7BE484E452EA8.d.A44F5E32341FC4C2E825E7F0B851455C.e.22814"}]}
RESULT: {"script":"<script> [56 bytes]","args":[{"element-6066-11e4-a52e-4f735466cecf":"f.BF6F4EA089F18175CED7BE484E452EA8.d.A44F5E32341FC4C2E825E7F0B851455C.e.22814","ELEMENT":"f.BF6F4EA089F18175CED7BE484E452EA8.d.A44F5E32341FC4C2E825E7F0B851455C.e.22814"}]}
COMMAND: POST /session/3247b862f9661e1dad05ca414f9e55ea/elements - {"using":"xpath","value":"//thead[contains(@class, \"sapMTableTH\")]/tr/th"}
COMMAND: GET /session/3247b862f9661e1dad05ca414f9e55ea/screenshot - {}
RESULT: {"using":"xpath","value":"//thead[contains(@class, \"sapMTableTH\")]/tr/th"}
COMMAND: GET /session/3247b862f9661e1dad05ca414f9e55ea/element/f.BF6F4EA089F18175CED7BE484E452EA8.d.A44F5E32341FC4C2E825E7F0B851455C.e.22916/text - {}
RESULT: {}
RESULT: {}
COMMAND: GET /session/3247b862f9661e1dad05ca414f9e55ea/element/f.BF6F4EA089F18175CED7BE484E452EA8.d.A44F5E32341FC4C2E825E7F0B851455C.e.22917/text - {}
RESULT: {}
COMMAND: GET /session/3247b862f9661e1dad05ca414f9e55ea/element/f.BF6F4EA089F18175CED7BE484E452EA8.d.A44F5E32341FC4C2E825E7F0B851455C.e.22427/text - {}
RESULT: {}
COMMAND: GET /session/3247b862f9661e1dad05ca414f9e55ea/element/f.BF6F4EA089F18175CED7BE484E452EA8.d.A44F5E32341FC4C2E825E7F0B851455C.e.22429/text - {}
RESULT: {}
COMMAND: GET /session/3247b862f9661e1dad05ca414f9e55ea/element/f.BF6F4EA089F18175CED7BE484E452EA8.d.A44F5E32341FC4C2E825E7F0B851455C.e.23021/text - {}
RESULT: {}
COMMAND: GET /session/3247b862f9661e1dad05ca414f9e55ea/element/f.BF6F4EA089F18175CED7BE484E452EA8.d.A44F5E32341FC4C2E825E7F0B851455C.e.23022/text - {}
RESULT: {}
COMMAND: GET /session/3247b862f9661e1dad05ca414f9e55ea/element/f.BF6F4EA089F18175CED7BE484E452EA8.d.A44F5E32341FC4C2E825E7F0B851455C.e.23023/text - {}
RESULT: {}
COMMAND: GET /session/3247b862f9661e1dad05ca414f9e55ea/element/f.BF6F4EA089F18175CED7BE484E452EA8.d.A44F5E32341FC4C2E825E7F0B851455C.e.23024/text - {}
RESULT: {}
COMMAND: GET /session/3247b862f9661e1dad05ca414f9e55ea/element/f.BF6F4EA089F18175CED7BE484E452EA8.d.A44F5E32341FC4C2E825E7F0B851455C.e.23025/text - {}
RESULT: {}
COMMAND: GET /session/3247b862f9661e1dad05ca414f9e55ea/element/f.BF6F4EA089F18175CED7BE484E452EA8.d.A44F5E32341FC4C2E825E7F0B851455C.e.23026/text - {}
RESULT: {}
COMMAND: GET /session/3247b862f9661e1dad05ca414f9e55ea/element/f.BF6F4EA089F18175CED7BE484E452EA8.d.A44F5E32341FC4C2E825E7F0B851455C.e.23027/text - {}
RESULT: {}
COMMAND: GET /session/3247b862f9661e1dad05ca414f9e55ea/element/f.BF6F4EA089F18175CED7BE484E452EA8.d.A44F5E32341FC4C2E825E7F0B851455C.e.23028/text - {}
RESULT: {}
COMMAND: GET /session/3247b862f9661e1dad05ca414f9e55ea/element/f.BF6F4EA089F18175CED7BE484E452EA8.d.A44F5E32341FC4C2E825E7F0B851455C.e.23029/text - {}
RESULT: {}
COMMAND: GET /session/3247b862f9661e1dad05ca414f9e55ea/element/f.BF6F4EA089F18175CED7BE484E452EA8.d.A44F5E32341FC4C2E825E7F0B851455C.e.22430/text - {}
RESULT: {}
COMMAND: POST /session/3247b862f9661e1dad05ca414f9e55ea/element - {"using":"xpath","value":"//tbody[contains(@id, \"customHandoversTable-tblBody\")]/tr[1]/td[14]/div/span"}
RESULT: {"using":"xpath","value":"//tbody[contains(@id, \"customHandoversTable-tblBody\")]/tr[1]/td[14]/div/span"}
COMMAND: POST /session/3247b862f9661e1dad05ca414f9e55ea/execute/sync - {"script":"<script> [56 bytes]","args":[{"element-6066-11e4-a52e-4f735466cecf":"f.BF6F4EA089F18175CED7BE484E452EA8.d.A44F5E32341FC4C2E825E7F0B851455C.e.23070","ELEMENT":"f.BF6F4EA089F18175CED7BE484E452EA8.d.A44F5E32341FC4C2E825E7F0B851455C.e.23070"}]}
RESULT: {"script":"<script> [56 bytes]","args":[{"element-6066-11e4-a52e-4f735466cecf":"f.BF6F4EA089F18175CED7BE484E452EA8.d.A44F5E32341FC4C2E825E7F0B851455C.e.23070","ELEMENT":"f.BF6F4EA089F18175CED7BE484E452EA8.d.A44F5E32341FC4C2E825E7F0B851455C.e.23070"}]}
COMMAND: POST /session/3247b862f9661e1dad05ca414f9e55ea/element - {"using":"css selector","value":"#shell-header-logo"}
COMMAND: GET /session/3247b862f9661e1dad05ca414f9e55ea/screenshot - {}
RESULT: {"using":"css selector","value":"#shell-header-logo"}
COMMAND: POST /session/3247b862f9661e1dad05ca414f9e55ea/element/f.BF6F4EA089F18175CED7BE484E452EA8.d.A44F5E32341FC4C2E825E7F0B851455C.e.21698/click - {}
RESULT: {}
RESULT: {}
COMMAND: GET /session/3247b862f9661e1dad05ca414f9e55ea/screenshot - {}
RESULT: {}
]]></system-out>
    </testcase>
    <testcase classname="chrome.136_0_7103_93.windows.Billing_Calculation_-_Time_based_(considering_transport_times)_US139738" name="Should navigate to Manage Billings and trigger contract calculation business confirm it" time="61.091">
      <system-out><![CDATA[
COMMAND: POST /session/3247b862f9661e1dad05ca414f9e55ea/execute/async - {"script":"<script> [1562 bytes]","args":[{"selector":{"controlType":"sap.m.GenericTile","properties":{"header":"Manage Billings"}},"wdio_ui5_key":"sapm.GenericTile{\"header\":\"Manage Billings\"}"}]}
RESULT: {"script":"<script> [1562 bytes]","args":[{"selector":{"controlType":"sap.m.GenericTile","properties":{"header":"Manage Billings"}},"wdio_ui5_key":"sapm.GenericTile{\"header\":\"Manage Billings\"}"}]}
RESULT: undefined
COMMAND: POST /session/3247b862f9661e1dad05ca414f9e55ea/element - {"using":"xpath","value":"//*[@id=\"__tile51\"]"}
RESULT: {"using":"xpath","value":"//*[@id=\"__tile51\"]"}
COMMAND: POST /session/3247b862f9661e1dad05ca414f9e55ea/element/f.BF6F4EA089F18175CED7BE484E452EA8.d.A44F5E32341FC4C2E825E7F0B851455C.e.19601/click - {}
RESULT: {}
COMMAND: GET /session/3247b862f9661e1dad05ca414f9e55ea/screenshot - {}
RESULT: {}
COMMAND: POST /session/3247b862f9661e1dad05ca414f9e55ea/elements - {"using":"xpath","value":"//span[text()='Error']"}
RESULT: {"using":"xpath","value":"//span[text()='Error']"}
COMMAND: POST /session/3247b862f9661e1dad05ca414f9e55ea/execute/async - {"script":"<script> [1562 bytes]","args":[{"selector":{"id":"application-managebillings-display-component---billRunCalcResult--smartFilterBar-btnBasicSearch","interaction":{"idSuffix":"I"}},"wdio_ui5_key":"applicationmanagebillings-display-component---billRunCalcResult--smartFilterBar-btnBasicSearch"}]}
RESULT: {"script":"<script> [1562 bytes]","args":[{"selector":{"id":"application-managebillings-display-component---billRunCalcResult--smartFilterBar-btnBasicSearch","interaction":{"idSuffix":"I"}},"wdio_ui5_key":"applicationmanagebillings-display-component---billRunCalcResult--smartFilterBar-btnBasicSearch"}]}
RESULT: undefined
COMMAND: POST /session/3247b862f9661e1dad05ca414f9e55ea/execute/async - {"script":"<script> [776 bytes]","args":[{"enterText":"10441","selector":{"id":"application-managebillings-display-component---billRunCalcResult--smartFilterBar-btnBasicSearch","interaction":{"idSuffix":"I"}},"clearTextFirst":true,"interactionType":"ENTER_TEXT"}]}
RESULT: {"script":"<script> [776 bytes]","args":[{"enterText":"10441","selector":{"id":"application-managebillings-display-component---billRunCalcResult--smartFilterBar-btnBasicSearch","interaction":{"idSuffix":"I"}},"clearTextFirst":true,"interactionType":"ENTER_TEXT"}]}
COMMAND: POST /session/3247b862f9661e1dad05ca414f9e55ea/actions - {"actions":[{"id":"action81","type":"key","parameters":{},"actions":[{"type":"keyDown","value":"î€‡"},{"type":"pause","duration":10},{"type":"keyUp","value":"î€‡"}]}]}
RESULT: {"actions":[{"id":"action81","type":"key","parameters":{},"actions":[{"type":"keyDown","value":"î€‡"},{"type":"pause","duration":10},{"type":"keyUp","value":"î€‡"}]}]}
COMMAND: GET /session/3247b862f9661e1dad05ca414f9e55ea/screenshot - {}
RESULT: {}
COMMAND: POST /session/3247b862f9661e1dad05ca414f9e55ea/element - {"using":"xpath","value":"//td[@aria-colindex=\"1\"]/div/div[contains(@class, \"sapMCbBg\")]"}
RESULT: {"using":"xpath","value":"//td[@aria-colindex=\"1\"]/div/div[contains(@class, \"sapMCbBg\")]"}
COMMAND: POST /session/3247b862f9661e1dad05ca414f9e55ea/element/f.BF6F4EA089F18175CED7BE484E452EA8.d.A44F5E32341FC4C2E825E7F0B851455C.e.23287/click - {}
RESULT: {}
COMMAND: GET /session/3247b862f9661e1dad05ca414f9e55ea/screenshot - {}
RESULT: {}
COMMAND: POST /session/3247b862f9661e1dad05ca414f9e55ea/execute/async - {"script":"<script> [1562 bytes]","args":[{"selector":{"id":"application-managebillings-display-component---billRunCalcResult--contractBillRunDate","interaction":{"idSuffix":"inner"}},"wdio_ui5_key":"applicationmanagebillings-display-component---billRunCalcResult--contractBillRunDate"}]}
RESULT: {"script":"<script> [1562 bytes]","args":[{"selector":{"id":"application-managebillings-display-component---billRunCalcResult--contractBillRunDate","interaction":{"idSuffix":"inner"}},"wdio_ui5_key":"applicationmanagebillings-display-component---billRunCalcResult--contractBillRunDate"}]}
RESULT: undefined
COMMAND: POST /session/3247b862f9661e1dad05ca414f9e55ea/execute/async - {"script":"<script> [776 bytes]","args":[{"enterText":"5/20/25","selector":{"id":"application-managebillings-display-component---billRunCalcResult--contractBillRunDate","interaction":{"idSuffix":"inner"}},"clearTextFirst":true,"interactionType":"ENTER_TEXT"}]}
RESULT: {"script":"<script> [776 bytes]","args":[{"enterText":"5/20/25","selector":{"id":"application-managebillings-display-component---billRunCalcResult--contractBillRunDate","interaction":{"idSuffix":"inner"}},"clearTextFirst":true,"interactionType":"ENTER_TEXT"}]}
COMMAND: POST /session/3247b862f9661e1dad05ca414f9e55ea/element - {"using":"xpath","value":"//bdi[contains(text(), \"Trigger Calculation\")]"}
RESULT: {"using":"xpath","value":"//bdi[contains(text(), \"Trigger Calculation\")]"}
COMMAND: POST /session/3247b862f9661e1dad05ca414f9e55ea/element/f.BF6F4EA089F18175CED7BE484E452EA8.d.A44F5E32341FC4C2E825E7F0B851455C.e.23338/click - {}
RESULT: {}
COMMAND: GET /session/3247b862f9661e1dad05ca414f9e55ea/screenshot - {}
RESULT: {}
COMMAND: POST /session/3247b862f9661e1dad05ca414f9e55ea/element - {"using":"xpath","value":"(//span[contains(@id, \"imgNav\")])[1]"}
RESULT: {"using":"xpath","value":"(//span[contains(@id, \"imgNav\")])[1]"}
COMMAND: POST /session/3247b862f9661e1dad05ca414f9e55ea/element/f.BF6F4EA089F18175CED7BE484E452EA8.d.A44F5E32341FC4C2E825E7F0B851455C.e.23288/click - {}
RESULT: {}
COMMAND: GET /session/3247b862f9661e1dad05ca414f9e55ea/screenshot - {}
RESULT: {}
COMMAND: POST /session/3247b862f9661e1dad05ca414f9e55ea/element - {"using":"xpath","value":"//tr/td[6]/div[1]/span[1]/span[1]"}
RESULT: {"using":"xpath","value":"//tr/td[6]/div[1]/span[1]/span[1]"}
COMMAND: GET /session/3247b862f9661e1dad05ca414f9e55ea/element/f.BF6F4EA089F18175CED7BE484E452EA8.d.A44F5E32341FC4C2E825E7F0B851455C.e.23343/text - {}
RESULT: {}
COMMAND: POST /session/3247b862f9661e1dad05ca414f9e55ea/element - {"using":"xpath","value":"(//span[contains(@id, \"imgNav\")])[2]"}
RESULT: {"using":"xpath","value":"(//span[contains(@id, \"imgNav\")])[2]"}
COMMAND: POST /session/3247b862f9661e1dad05ca414f9e55ea/element/f.BF6F4EA089F18175CED7BE484E452EA8.d.A44F5E32341FC4C2E825E7F0B851455C.e.23344/click - {}
RESULT: {}
COMMAND: POST /session/3247b862f9661e1dad05ca414f9e55ea/element - {"using":"xpath","value":"//bdi[contains(text(), \"Business Confirm\")]"}
COMMAND: GET /session/3247b862f9661e1dad05ca414f9e55ea/screenshot - {}
RESULT: {"using":"xpath","value":"//bdi[contains(text(), \"Business Confirm\")]"}
COMMAND: POST /session/3247b862f9661e1dad05ca414f9e55ea/elements - {"using":"xpath","value":"//bdi[contains(text(), \"Business Confirm\")]"}
RESULT: {}
RESULT: {"using":"xpath","value":"//bdi[contains(text(), \"Business Confirm\")]"}
COMMAND: POST /session/3247b862f9661e1dad05ca414f9e55ea/elements - {"using":"xpath","value":"//bdi[contains(text(), \"Business Confirm\")]"}
RESULT: {"using":"xpath","value":"//bdi[contains(text(), \"Business Confirm\")]"}
COMMAND: POST /session/3247b862f9661e1dad05ca414f9e55ea/element - {"using":"xpath","value":"//bdi[contains(text(), \"Business Confirm\")]"}
RESULT: {"using":"xpath","value":"//bdi[contains(text(), \"Business Confirm\")]"}
COMMAND: POST /session/3247b862f9661e1dad05ca414f9e55ea/element/f.BF6F4EA089F18175CED7BE484E452EA8.d.A44F5E32341FC4C2E825E7F0B851455C.e.23382/click - {}
RESULT: {}
COMMAND: POST /session/3247b862f9661e1dad05ca414f9e55ea/element - {"using":"css selector","value":"#shell-header-logo"}
COMMAND: GET /session/3247b862f9661e1dad05ca414f9e55ea/screenshot - {}
RESULT: {"using":"css selector","value":"#shell-header-logo"}
COMMAND: POST /session/3247b862f9661e1dad05ca414f9e55ea/element/f.BF6F4EA089F18175CED7BE484E452EA8.d.A44F5E32341FC4C2E825E7F0B851455C.e.23074/click - {}
RESULT: {}
RESULT: {}
COMMAND: GET /session/3247b862f9661e1dad05ca414f9e55ea/screenshot - {}
RESULT: {}
]]></system-out>
    </testcase>
    <testcase classname="chrome.136_0_7103_93.windows.Billing_Calculation_-_Time_based_(considering_transport_times)_US139738" name="Should transfer the billing all the way to completion" time="78.2">
      <system-out><![CDATA[
COMMAND: POST /session/3247b862f9661e1dad05ca414f9e55ea/execute/async - {"script":"<script> [1562 bytes]","args":[{"selector":{"controlType":"sap.m.GenericTile","properties":{"header":"Billing Transfer"}},"wdio_ui5_key":"sapm.GenericTile{\"header\":\"Billing Transfer\"}"}]}
RESULT: {"script":"<script> [1562 bytes]","args":[{"selector":{"controlType":"sap.m.GenericTile","properties":{"header":"Billing Transfer"}},"wdio_ui5_key":"sapm.GenericTile{\"header\":\"Billing Transfer\"}"}]}
RESULT: undefined
COMMAND: POST /session/3247b862f9661e1dad05ca414f9e55ea/element - {"using":"xpath","value":"//*[@id=\"__tile50\"]"}
RESULT: {"using":"xpath","value":"//*[@id=\"__tile50\"]"}
COMMAND: POST /session/3247b862f9661e1dad05ca414f9e55ea/element/f.BF6F4EA089F18175CED7BE484E452EA8.d.A44F5E32341FC4C2E825E7F0B851455C.e.19599/click - {}
RESULT: {}
COMMAND: GET /session/3247b862f9661e1dad05ca414f9e55ea/screenshot - {}
RESULT: {}
COMMAND: POST /session/3247b862f9661e1dad05ca414f9e55ea/elements - {"using":"xpath","value":"//span[text()='Error']"}
RESULT: {"using":"xpath","value":"//span[text()='Error']"}
COMMAND: POST /session/3247b862f9661e1dad05ca414f9e55ea/element - {"using":"xpath","value":"//input[contains(@id ,\"application-billingtransfer-display-component---billingWorkbench--smartFilterBar-btnBasicSearch\")]"}
RESULT: {"using":"xpath","value":"//input[contains(@id ,\"application-billingtransfer-display-component---billingWorkbench--smartFilterBar-btnBasicSearch\")]"}
COMMAND: POST /session/3247b862f9661e1dad05ca414f9e55ea/elements - {"using":"xpath","value":"//input[contains(@id ,\"application-billingtransfer-display-component---billingWorkbench--smartFilterBar-btnBasicSearch\")]"}
RESULT: {"using":"xpath","value":"//input[contains(@id ,\"application-billingtransfer-display-component---billingWorkbench--smartFilterBar-btnBasicSearch\")]"}
COMMAND: POST /session/3247b862f9661e1dad05ca414f9e55ea/execute/sync - {"script":"<script> [8489 bytes]","args":[{"element-6066-11e4-a52e-4f735466cecf":"f.BF6F4EA089F18175CED7BE484E452EA8.d.A44F5E32341FC4C2E825E7F0B851455C.e.23411","ELEMENT":"f.BF6F4EA089F18175CED7BE484E452EA8.d.A44F5E32341FC4C2E825E7F0B851455C.e.23411"}]}
RESULT: {"script":"<script> [8489 bytes]","args":[{"element-6066-11e4-a52e-4f735466cecf":"f.BF6F4EA089F18175CED7BE484E452EA8.d.A44F5E32341FC4C2E825E7F0B851455C.e.23411","ELEMENT":"f.BF6F4EA089F18175CED7BE484E452EA8.d.A44F5E32341FC4C2E825E7F0B851455C.e.23411"}]}
COMMAND: GET /session/3247b862f9661e1dad05ca414f9e55ea/element/f.BF6F4EA089F18175CED7BE484E452EA8.d.A44F5E32341FC4C2E825E7F0B851455C.e.23411/enabled - {}
COMMAND: GET /session/3247b862f9661e1dad05ca414f9e55ea/screenshot - {}
RESULT: {}
COMMAND: POST /session/3247b862f9661e1dad05ca414f9e55ea/element/f.BF6F4EA089F18175CED7BE484E452EA8.d.A44F5E32341FC4C2E825E7F0B851455C.e.23411/click - {}
COMMAND: GET /session/3247b862f9661e1dad05ca414f9e55ea/screenshot - {}
RESULT: {}
RESULT: {}
COMMAND: GET /session/3247b862f9661e1dad05ca414f9e55ea/screenshot - {}
RESULT: {}
RESULT: {}
COMMAND: POST /session/3247b862f9661e1dad05ca414f9e55ea/element/f.BF6F4EA089F18175CED7BE484E452EA8.d.A44F5E32341FC4C2E825E7F0B851455C.e.23411/clear - {}
RESULT: {}
COMMAND: POST /session/3247b862f9661e1dad05ca414f9e55ea/element/f.BF6F4EA089F18175CED7BE484E452EA8.d.A44F5E32341FC4C2E825E7F0B851455C.e.23411/value - {"text":"10441"}
COMMAND: GET /session/3247b862f9661e1dad05ca414f9e55ea/screenshot - {}
RESULT: {"text":"10441"}
COMMAND: POST /session/3247b862f9661e1dad05ca414f9e55ea/actions - {"actions":[{"id":"action82","type":"key","parameters":{},"actions":[{"type":"keyDown","value":"î€‡"},{"type":"pause","duration":10},{"type":"keyUp","value":"î€‡"}]}]}
COMMAND: GET /session/3247b862f9661e1dad05ca414f9e55ea/screenshot - {}
RESULT: {}
RESULT: {"actions":[{"id":"action82","type":"key","parameters":{},"actions":[{"type":"keyDown","value":"î€‡"},{"type":"pause","duration":10},{"type":"keyUp","value":"î€‡"}]}]}
COMMAND: GET /session/3247b862f9661e1dad05ca414f9e55ea/screenshot - {}
RESULT: {}
RESULT: {}
COMMAND: POST /session/3247b862f9661e1dad05ca414f9e55ea/element - {"using":"xpath","value":"//span[contains(@id ,\"application-billingtransfer-display-component---billingWorkbench--smartTableBillingRuns-header-inner\")]"}
RESULT: {"using":"xpath","value":"//span[contains(@id ,\"application-billingtransfer-display-component---billingWorkbench--smartTableBillingRuns-header-inner\")]"}
COMMAND: POST /session/3247b862f9661e1dad05ca414f9e55ea/elements - {"using":"xpath","value":"//span[contains(@id ,\"application-billingtransfer-display-component---billingWorkbench--smartTableBillingRuns-header-inner\")]"}
RESULT: {"using":"xpath","value":"//span[contains(@id ,\"application-billingtransfer-display-component---billingWorkbench--smartTableBillingRuns-header-inner\")]"}
COMMAND: POST /session/3247b862f9661e1dad05ca414f9e55ea/execute/sync - {"script":"<script> [56 bytes]","args":[{"element-6066-11e4-a52e-4f735466cecf":"f.BF6F4EA089F18175CED7BE484E452EA8.d.A44F5E32341FC4C2E825E7F0B851455C.e.23579","ELEMENT":"f.BF6F4EA089F18175CED7BE484E452EA8.d.A44F5E32341FC4C2E825E7F0B851455C.e.23579"}]}
RESULT: {"script":"<script> [56 bytes]","args":[{"element-6066-11e4-a52e-4f735466cecf":"f.BF6F4EA089F18175CED7BE484E452EA8.d.A44F5E32341FC4C2E825E7F0B851455C.e.23579","ELEMENT":"f.BF6F4EA089F18175CED7BE484E452EA8.d.A44F5E32341FC4C2E825E7F0B851455C.e.23579"}]}
COMMAND: POST /session/3247b862f9661e1dad05ca414f9e55ea/element - {"using":"xpath","value":"//td[@aria-colindex=\"1\"]/div/div[contains(@class, \"sapMCbBg\")]"}
COMMAND: GET /session/3247b862f9661e1dad05ca414f9e55ea/screenshot - {}
RESULT: {"using":"xpath","value":"//td[@aria-colindex=\"1\"]/div/div[contains(@class, \"sapMCbBg\")]"}
COMMAND: POST /session/3247b862f9661e1dad05ca414f9e55ea/element/f.BF6F4EA089F18175CED7BE484E452EA8.d.A44F5E32341FC4C2E825E7F0B851455C.e.23569/click - {}
RESULT: {}
RESULT: {}
COMMAND: GET /session/3247b862f9661e1dad05ca414f9e55ea/screenshot - {}
RESULT: {}
COMMAND: POST /session/3247b862f9661e1dad05ca414f9e55ea/element - {"using":"xpath","value":"//bdi[contains(text(), \"Check\")]"}
RESULT: {"using":"xpath","value":"//bdi[contains(text(), \"Check\")]"}
COMMAND: POST /session/3247b862f9661e1dad05ca414f9e55ea/element/f.BF6F4EA089F18175CED7BE484E452EA8.d.A44F5E32341FC4C2E825E7F0B851455C.e.23580/click - {}
RESULT: {}
COMMAND: GET /session/3247b862f9661e1dad05ca414f9e55ea/screenshot - {}
RESULT: {}
COMMAND: POST /session/3247b862f9661e1dad05ca414f9e55ea/element - {"using":"xpath","value":"//bdi[contains(text(), \"OK\")]"}
RESULT: {"using":"xpath","value":"//bdi[contains(text(), \"OK\")]"}
COMMAND: POST /session/3247b862f9661e1dad05ca414f9e55ea/element/f.BF6F4EA089F18175CED7BE484E452EA8.d.A44F5E32341FC4C2E825E7F0B851455C.e.23583/click - {}
RESULT: {}
COMMAND: GET /session/3247b862f9661e1dad05ca414f9e55ea/screenshot - {}
RESULT: {}
COMMAND: POST /session/3247b862f9661e1dad05ca414f9e55ea/element - {"using":"xpath","value":"(//span[contains(text(), \"CO/SD checked\")]/parent::div/preceding-sibling::div/span)[1]"}
RESULT: {"using":"xpath","value":"(//span[contains(text(), \"CO/SD checked\")]/parent::div/preceding-sibling::div/span)[1]"}
COMMAND: POST /session/3247b862f9661e1dad05ca414f9e55ea/element/f.BF6F4EA089F18175CED7BE484E452EA8.d.A44F5E32341FC4C2E825E7F0B851455C.e.23584/click - {}
RESULT: {}
COMMAND: GET /session/3247b862f9661e1dad05ca414f9e55ea/screenshot - {}
RESULT: {}
COMMAND: POST /session/3247b862f9661e1dad05ca414f9e55ea/element - {"using":"xpath","value":"//input[contains(@id ,\"application-billingtransfer-display-component---billingWorkbench--smartFilterBar-btnBasicSearch\")]"}
RESULT: {"using":"xpath","value":"//input[contains(@id ,\"application-billingtransfer-display-component---billingWorkbench--smartFilterBar-btnBasicSearch\")]"}
COMMAND: POST /session/3247b862f9661e1dad05ca414f9e55ea/elements - {"using":"xpath","value":"//input[contains(@id ,\"application-billingtransfer-display-component---billingWorkbench--smartFilterBar-btnBasicSearch\")]"}
RESULT: {"using":"xpath","value":"//input[contains(@id ,\"application-billingtransfer-display-component---billingWorkbench--smartFilterBar-btnBasicSearch\")]"}
COMMAND: POST /session/3247b862f9661e1dad05ca414f9e55ea/execute/sync - {"script":"<script> [8489 bytes]","args":[{"element-6066-11e4-a52e-4f735466cecf":"f.BF6F4EA089F18175CED7BE484E452EA8.d.A44F5E32341FC4C2E825E7F0B851455C.e.23411","ELEMENT":"f.BF6F4EA089F18175CED7BE484E452EA8.d.A44F5E32341FC4C2E825E7F0B851455C.e.23411"}]}
RESULT: {"script":"<script> [8489 bytes]","args":[{"element-6066-11e4-a52e-4f735466cecf":"f.BF6F4EA089F18175CED7BE484E452EA8.d.A44F5E32341FC4C2E825E7F0B851455C.e.23411","ELEMENT":"f.BF6F4EA089F18175CED7BE484E452EA8.d.A44F5E32341FC4C2E825E7F0B851455C.e.23411"}]}
COMMAND: GET /session/3247b862f9661e1dad05ca414f9e55ea/element/f.BF6F4EA089F18175CED7BE484E452EA8.d.A44F5E32341FC4C2E825E7F0B851455C.e.23411/enabled - {}
COMMAND: GET /session/3247b862f9661e1dad05ca414f9e55ea/screenshot - {}
RESULT: {}
COMMAND: POST /session/3247b862f9661e1dad05ca414f9e55ea/element/f.BF6F4EA089F18175CED7BE484E452EA8.d.A44F5E32341FC4C2E825E7F0B851455C.e.23411/click - {}
COMMAND: GET /session/3247b862f9661e1dad05ca414f9e55ea/screenshot - {}
RESULT: {}
RESULT: {}
COMMAND: GET /session/3247b862f9661e1dad05ca414f9e55ea/screenshot - {}
RESULT: {}
RESULT: {}
COMMAND: POST /session/3247b862f9661e1dad05ca414f9e55ea/element/f.BF6F4EA089F18175CED7BE484E452EA8.d.A44F5E32341FC4C2E825E7F0B851455C.e.23411/clear - {}
RESULT: {}
COMMAND: POST /session/3247b862f9661e1dad05ca414f9e55ea/element/f.BF6F4EA089F18175CED7BE484E452EA8.d.A44F5E32341FC4C2E825E7F0B851455C.e.23411/value - {"text":"10441"}
COMMAND: GET /session/3247b862f9661e1dad05ca414f9e55ea/screenshot - {}
RESULT: {"text":"10441"}
COMMAND: POST /session/3247b862f9661e1dad05ca414f9e55ea/actions - {"actions":[{"id":"action83","type":"key","parameters":{},"actions":[{"type":"keyDown","value":"î€‡"},{"type":"pause","duration":10},{"type":"keyUp","value":"î€‡"}]}]}
COMMAND: GET /session/3247b862f9661e1dad05ca414f9e55ea/screenshot - {}
RESULT: {}
RESULT: {"actions":[{"id":"action83","type":"key","parameters":{},"actions":[{"type":"keyDown","value":"î€‡"},{"type":"pause","duration":10},{"type":"keyUp","value":"î€‡"}]}]}
COMMAND: GET /session/3247b862f9661e1dad05ca414f9e55ea/screenshot - {}
RESULT: {}
RESULT: {}
COMMAND: POST /session/3247b862f9661e1dad05ca414f9e55ea/element - {"using":"xpath","value":"//span[contains(@id ,\"application-billingtransfer-display-component---billingWorkbench--smartTableBillingRuns-header-inner\")]"}
RESULT: {"using":"xpath","value":"//span[contains(@id ,\"application-billingtransfer-display-component---billingWorkbench--smartTableBillingRuns-header-inner\")]"}
COMMAND: POST /session/3247b862f9661e1dad05ca414f9e55ea/elements - {"using":"xpath","value":"//span[contains(@id ,\"application-billingtransfer-display-component---billingWorkbench--smartTableBillingRuns-header-inner\")]"}
RESULT: {"using":"xpath","value":"//span[contains(@id ,\"application-billingtransfer-display-component---billingWorkbench--smartTableBillingRuns-header-inner\")]"}
COMMAND: POST /session/3247b862f9661e1dad05ca414f9e55ea/execute/sync - {"script":"<script> [56 bytes]","args":[{"element-6066-11e4-a52e-4f735466cecf":"f.BF6F4EA089F18175CED7BE484E452EA8.d.A44F5E32341FC4C2E825E7F0B851455C.e.23579","ELEMENT":"f.BF6F4EA089F18175CED7BE484E452EA8.d.A44F5E32341FC4C2E825E7F0B851455C.e.23579"}]}
RESULT: {"script":"<script> [56 bytes]","args":[{"element-6066-11e4-a52e-4f735466cecf":"f.BF6F4EA089F18175CED7BE484E452EA8.d.A44F5E32341FC4C2E825E7F0B851455C.e.23579","ELEMENT":"f.BF6F4EA089F18175CED7BE484E452EA8.d.A44F5E32341FC4C2E825E7F0B851455C.e.23579"}]}
COMMAND: GET /session/3247b862f9661e1dad05ca414f9e55ea/screenshot - {}
RESULT: {}
COMMAND: POST /session/3247b862f9661e1dad05ca414f9e55ea/execute/sync - {"script":"<script> [56 bytes]","args":[{"element-6066-11e4-a52e-4f735466cecf":"f.BF6F4EA089F18175CED7BE484E452EA8.d.A44F5E32341FC4C2E825E7F0B851455C.e.23579","ELEMENT":"f.BF6F4EA089F18175CED7BE484E452EA8.d.A44F5E32341FC4C2E825E7F0B851455C.e.23579"}]}
RESULT: {"script":"<script> [56 bytes]","args":[{"element-6066-11e4-a52e-4f735466cecf":"f.BF6F4EA089F18175CED7BE484E452EA8.d.A44F5E32341FC4C2E825E7F0B851455C.e.23579","ELEMENT":"f.BF6F4EA089F18175CED7BE484E452EA8.d.A44F5E32341FC4C2E825E7F0B851455C.e.23579"}]}
COMMAND: GET /session/3247b862f9661e1dad05ca414f9e55ea/screenshot - {}
COMMAND: POST /session/3247b862f9661e1dad05ca414f9e55ea/execute/sync - {"script":"<script> [56 bytes]","args":[{"element-6066-11e4-a52e-4f735466cecf":"f.BF6F4EA089F18175CED7BE484E452EA8.d.A44F5E32341FC4C2E825E7F0B851455C.e.23579","ELEMENT":"f.BF6F4EA089F18175CED7BE484E452EA8.d.A44F5E32341FC4C2E825E7F0B851455C.e.23579"}]}
RESULT: {}
RESULT: {"script":"<script> [56 bytes]","args":[{"element-6066-11e4-a52e-4f735466cecf":"f.BF6F4EA089F18175CED7BE484E452EA8.d.A44F5E32341FC4C2E825E7F0B851455C.e.23579","ELEMENT":"f.BF6F4EA089F18175CED7BE484E452EA8.d.A44F5E32341FC4C2E825E7F0B851455C.e.23579"}]}
COMMAND: GET /session/3247b862f9661e1dad05ca414f9e55ea/screenshot - {}
COMMAND: POST /session/3247b862f9661e1dad05ca414f9e55ea/execute/sync - {"script":"<script> [56 bytes]","args":[{"element-6066-11e4-a52e-4f735466cecf":"f.BF6F4EA089F18175CED7BE484E452EA8.d.A44F5E32341FC4C2E825E7F0B851455C.e.23579","ELEMENT":"f.BF6F4EA089F18175CED7BE484E452EA8.d.A44F5E32341FC4C2E825E7F0B851455C.e.23579"}]}
RESULT: {}
RESULT: {"script":"<script> [56 bytes]","args":[{"element-6066-11e4-a52e-4f735466cecf":"f.BF6F4EA089F18175CED7BE484E452EA8.d.A44F5E32341FC4C2E825E7F0B851455C.e.23579","ELEMENT":"f.BF6F4EA089F18175CED7BE484E452EA8.d.A44F5E32341FC4C2E825E7F0B851455C.e.23579"}]}
COMMAND: GET /session/3247b862f9661e1dad05ca414f9e55ea/screenshot - {}
RESULT: {}
COMMAND: POST /session/3247b862f9661e1dad05ca414f9e55ea/execute/sync - {"script":"<script> [56 bytes]","args":[{"element-6066-11e4-a52e-4f735466cecf":"f.BF6F4EA089F18175CED7BE484E452EA8.d.A44F5E32341FC4C2E825E7F0B851455C.e.23579","ELEMENT":"f.BF6F4EA089F18175CED7BE484E452EA8.d.A44F5E32341FC4C2E825E7F0B851455C.e.23579"}]}
RESULT: {"script":"<script> [56 bytes]","args":[{"element-6066-11e4-a52e-4f735466cecf":"f.BF6F4EA089F18175CED7BE484E452EA8.d.A44F5E32341FC4C2E825E7F0B851455C.e.23579","ELEMENT":"f.BF6F4EA089F18175CED7BE484E452EA8.d.A44F5E32341FC4C2E825E7F0B851455C.e.23579"}]}
COMMAND: GET /session/3247b862f9661e1dad05ca414f9e55ea/screenshot - {}
RESULT: {}
COMMAND: POST /session/3247b862f9661e1dad05ca414f9e55ea/execute/sync - {"script":"<script> [56 bytes]","args":[{"element-6066-11e4-a52e-4f735466cecf":"f.BF6F4EA089F18175CED7BE484E452EA8.d.A44F5E32341FC4C2E825E7F0B851455C.e.23579","ELEMENT":"f.BF6F4EA089F18175CED7BE484E452EA8.d.A44F5E32341FC4C2E825E7F0B851455C.e.23579"}]}
RESULT: {"script":"<script> [56 bytes]","args":[{"element-6066-11e4-a52e-4f735466cecf":"f.BF6F4EA089F18175CED7BE484E452EA8.d.A44F5E32341FC4C2E825E7F0B851455C.e.23579","ELEMENT":"f.BF6F4EA089F18175CED7BE484E452EA8.d.A44F5E32341FC4C2E825E7F0B851455C.e.23579"}]}
COMMAND: GET /session/3247b862f9661e1dad05ca414f9e55ea/screenshot - {}
RESULT: {}
COMMAND: POST /session/3247b862f9661e1dad05ca414f9e55ea/execute/sync - {"script":"<script> [56 bytes]","args":[{"element-6066-11e4-a52e-4f735466cecf":"f.BF6F4EA089F18175CED7BE484E452EA8.d.A44F5E32341FC4C2E825E7F0B851455C.e.23579","ELEMENT":"f.BF6F4EA089F18175CED7BE484E452EA8.d.A44F5E32341FC4C2E825E7F0B851455C.e.23579"}]}
RESULT: {"script":"<script> [56 bytes]","args":[{"element-6066-11e4-a52e-4f735466cecf":"f.BF6F4EA089F18175CED7BE484E452EA8.d.A44F5E32341FC4C2E825E7F0B851455C.e.23579","ELEMENT":"f.BF6F4EA089F18175CED7BE484E452EA8.d.A44F5E32341FC4C2E825E7F0B851455C.e.23579"}]}
COMMAND: GET /session/3247b862f9661e1dad05ca414f9e55ea/screenshot - {}
RESULT: {}
COMMAND: POST /session/3247b862f9661e1dad05ca414f9e55ea/execute/sync - {"script":"<script> [56 bytes]","args":[{"element-6066-11e4-a52e-4f735466cecf":"f.BF6F4EA089F18175CED7BE484E452EA8.d.A44F5E32341FC4C2E825E7F0B851455C.e.23579","ELEMENT":"f.BF6F4EA089F18175CED7BE484E452EA8.d.A44F5E32341FC4C2E825E7F0B851455C.e.23579"}]}
RESULT: {"script":"<script> [56 bytes]","args":[{"element-6066-11e4-a52e-4f735466cecf":"f.BF6F4EA089F18175CED7BE484E452EA8.d.A44F5E32341FC4C2E825E7F0B851455C.e.23579","ELEMENT":"f.BF6F4EA089F18175CED7BE484E452EA8.d.A44F5E32341FC4C2E825E7F0B851455C.e.23579"}]}
COMMAND: GET /session/3247b862f9661e1dad05ca414f9e55ea/screenshot - {}
RESULT: {}
COMMAND: POST /session/3247b862f9661e1dad05ca414f9e55ea/execute/sync - {"script":"<script> [56 bytes]","args":[{"element-6066-11e4-a52e-4f735466cecf":"f.BF6F4EA089F18175CED7BE484E452EA8.d.A44F5E32341FC4C2E825E7F0B851455C.e.23579","ELEMENT":"f.BF6F4EA089F18175CED7BE484E452EA8.d.A44F5E32341FC4C2E825E7F0B851455C.e.23579"}]}
RESULT: {"script":"<script> [56 bytes]","args":[{"element-6066-11e4-a52e-4f735466cecf":"f.BF6F4EA089F18175CED7BE484E452EA8.d.A44F5E32341FC4C2E825E7F0B851455C.e.23579","ELEMENT":"f.BF6F4EA089F18175CED7BE484E452EA8.d.A44F5E32341FC4C2E825E7F0B851455C.e.23579"}]}
COMMAND: GET /session/3247b862f9661e1dad05ca414f9e55ea/screenshot - {}
RESULT: {}
COMMAND: POST /session/3247b862f9661e1dad05ca414f9e55ea/execute/sync - {"script":"<script> [56 bytes]","args":[{"element-6066-11e4-a52e-4f735466cecf":"f.BF6F4EA089F18175CED7BE484E452EA8.d.A44F5E32341FC4C2E825E7F0B851455C.e.23579","ELEMENT":"f.BF6F4EA089F18175CED7BE484E452EA8.d.A44F5E32341FC4C2E825E7F0B851455C.e.23579"}]}
RESULT: {"script":"<script> [56 bytes]","args":[{"element-6066-11e4-a52e-4f735466cecf":"f.BF6F4EA089F18175CED7BE484E452EA8.d.A44F5E32341FC4C2E825E7F0B851455C.e.23579","ELEMENT":"f.BF6F4EA089F18175CED7BE484E452EA8.d.A44F5E32341FC4C2E825E7F0B851455C.e.23579"}]}
COMMAND: GET /session/3247b862f9661e1dad05ca414f9e55ea/screenshot - {}
RESULT: {}
COMMAND: POST /session/3247b862f9661e1dad05ca414f9e55ea/execute/sync - {"script":"<script> [56 bytes]","args":[{"element-6066-11e4-a52e-4f735466cecf":"f.BF6F4EA089F18175CED7BE484E452EA8.d.A44F5E32341FC4C2E825E7F0B851455C.e.23579","ELEMENT":"f.BF6F4EA089F18175CED7BE484E452EA8.d.A44F5E32341FC4C2E825E7F0B851455C.e.23579"}]}
RESULT: {"script":"<script> [56 bytes]","args":[{"element-6066-11e4-a52e-4f735466cecf":"f.BF6F4EA089F18175CED7BE484E452EA8.d.A44F5E32341FC4C2E825E7F0B851455C.e.23579","ELEMENT":"f.BF6F4EA089F18175CED7BE484E452EA8.d.A44F5E32341FC4C2E825E7F0B851455C.e.23579"}]}
COMMAND: GET /session/3247b862f9661e1dad05ca414f9e55ea/screenshot - {}
RESULT: {}
COMMAND: POST /session/3247b862f9661e1dad05ca414f9e55ea/execute/sync - {"script":"<script> [56 bytes]","args":[{"element-6066-11e4-a52e-4f735466cecf":"f.BF6F4EA089F18175CED7BE484E452EA8.d.A44F5E32341FC4C2E825E7F0B851455C.e.23579","ELEMENT":"f.BF6F4EA089F18175CED7BE484E452EA8.d.A44F5E32341FC4C2E825E7F0B851455C.e.23579"}]}
RESULT: {"script":"<script> [56 bytes]","args":[{"element-6066-11e4-a52e-4f735466cecf":"f.BF6F4EA089F18175CED7BE484E452EA8.d.A44F5E32341FC4C2E825E7F0B851455C.e.23579","ELEMENT":"f.BF6F4EA089F18175CED7BE484E452EA8.d.A44F5E32341FC4C2E825E7F0B851455C.e.23579"}]}
COMMAND: GET /session/3247b862f9661e1dad05ca414f9e55ea/screenshot - {}
RESULT: {}
COMMAND: POST /session/3247b862f9661e1dad05ca414f9e55ea/execute/sync - {"script":"<script> [56 bytes]","args":[{"element-6066-11e4-a52e-4f735466cecf":"f.BF6F4EA089F18175CED7BE484E452EA8.d.A44F5E32341FC4C2E825E7F0B851455C.e.23579","ELEMENT":"f.BF6F4EA089F18175CED7BE484E452EA8.d.A44F5E32341FC4C2E825E7F0B851455C.e.23579"}]}
RESULT: {"script":"<script> [56 bytes]","args":[{"element-6066-11e4-a52e-4f735466cecf":"f.BF6F4EA089F18175CED7BE484E452EA8.d.A44F5E32341FC4C2E825E7F0B851455C.e.23579","ELEMENT":"f.BF6F4EA089F18175CED7BE484E452EA8.d.A44F5E32341FC4C2E825E7F0B851455C.e.23579"}]}
COMMAND: GET /session/3247b862f9661e1dad05ca414f9e55ea/screenshot - {}
RESULT: {}
COMMAND: POST /session/3247b862f9661e1dad05ca414f9e55ea/execute/sync - {"script":"<script> [56 bytes]","args":[{"element-6066-11e4-a52e-4f735466cecf":"f.BF6F4EA089F18175CED7BE484E452EA8.d.A44F5E32341FC4C2E825E7F0B851455C.e.23579","ELEMENT":"f.BF6F4EA089F18175CED7BE484E452EA8.d.A44F5E32341FC4C2E825E7F0B851455C.e.23579"}]}
RESULT: {"script":"<script> [56 bytes]","args":[{"element-6066-11e4-a52e-4f735466cecf":"f.BF6F4EA089F18175CED7BE484E452EA8.d.A44F5E32341FC4C2E825E7F0B851455C.e.23579","ELEMENT":"f.BF6F4EA089F18175CED7BE484E452EA8.d.A44F5E32341FC4C2E825E7F0B851455C.e.23579"}]}
COMMAND: GET /session/3247b862f9661e1dad05ca414f9e55ea/screenshot - {}
RESULT: {}
COMMAND: POST /session/3247b862f9661e1dad05ca414f9e55ea/execute/sync - {"script":"<script> [56 bytes]","args":[{"element-6066-11e4-a52e-4f735466cecf":"f.BF6F4EA089F18175CED7BE484E452EA8.d.A44F5E32341FC4C2E825E7F0B851455C.e.23579","ELEMENT":"f.BF6F4EA089F18175CED7BE484E452EA8.d.A44F5E32341FC4C2E825E7F0B851455C.e.23579"}]}
RESULT: {"script":"<script> [56 bytes]","args":[{"element-6066-11e4-a52e-4f735466cecf":"f.BF6F4EA089F18175CED7BE484E452EA8.d.A44F5E32341FC4C2E825E7F0B851455C.e.23579","ELEMENT":"f.BF6F4EA089F18175CED7BE484E452EA8.d.A44F5E32341FC4C2E825E7F0B851455C.e.23579"}]}
COMMAND: POST /session/3247b862f9661e1dad05ca414f9e55ea/element - {"using":"xpath","value":"//td[@aria-colindex=\"1\"]/div/div[contains(@class, \"sapMCbBg\")]"}
COMMAND: GET /session/3247b862f9661e1dad05ca414f9e55ea/screenshot - {}
RESULT: {"using":"xpath","value":"//td[@aria-colindex=\"1\"]/div/div[contains(@class, \"sapMCbBg\")]"}
COMMAND: POST /session/3247b862f9661e1dad05ca414f9e55ea/element/f.BF6F4EA089F18175CED7BE484E452EA8.d.A44F5E32341FC4C2E825E7F0B851455C.e.23588/click - {}
RESULT: {}
RESULT: {}
COMMAND: GET /session/3247b862f9661e1dad05ca414f9e55ea/screenshot - {}
RESULT: {}
COMMAND: POST /session/3247b862f9661e1dad05ca414f9e55ea/element - {"using":"xpath","value":"//bdi[text()=\"Transfer\"]"}
RESULT: {"using":"xpath","value":"//bdi[text()=\"Transfer\"]"}
COMMAND: POST /session/3247b862f9661e1dad05ca414f9e55ea/element/f.BF6F4EA089F18175CED7BE484E452EA8.d.A44F5E32341FC4C2E825E7F0B851455C.e.23589/click - {}
RESULT: {}
COMMAND: GET /session/3247b862f9661e1dad05ca414f9e55ea/screenshot - {}
RESULT: {}
COMMAND: POST /session/3247b862f9661e1dad05ca414f9e55ea/element - {"using":"xpath","value":"//bdi[contains(text(), \"OK\")]"}
RESULT: {"using":"xpath","value":"//bdi[contains(text(), \"OK\")]"}
COMMAND: POST /session/3247b862f9661e1dad05ca414f9e55ea/element/f.BF6F4EA089F18175CED7BE484E452EA8.d.A44F5E32341FC4C2E825E7F0B851455C.e.23592/click - {}
RESULT: {}
COMMAND: GET /session/3247b862f9661e1dad05ca414f9e55ea/screenshot - {}
RESULT: {}
COMMAND: POST /session/3247b862f9661e1dad05ca414f9e55ea/element - {"using":"xpath","value":"(//span[contains(text(), \"Completed\")]/parent::div/preceding-sibling::div/span)[1]"}
RESULT: {"using":"xpath","value":"(//span[contains(text(), \"Completed\")]/parent::div/preceding-sibling::div/span)[1]"}
COMMAND: POST /session/3247b862f9661e1dad05ca414f9e55ea/element/f.BF6F4EA089F18175CED7BE484E452EA8.d.A44F5E32341FC4C2E825E7F0B851455C.e.23600/click - {}
RESULT: {}
COMMAND: POST /session/3247b862f9661e1dad05ca414f9e55ea/element - {"using":"xpath","value":"//input[contains(@id ,\"application-billingtransfer-display-component---billingWorkbench--smartFilterBar-btnBasicSearch\")]"}
COMMAND: GET /session/3247b862f9661e1dad05ca414f9e55ea/screenshot - {}
RESULT: {"using":"xpath","value":"//input[contains(@id ,\"application-billingtransfer-display-component---billingWorkbench--smartFilterBar-btnBasicSearch\")]"}
COMMAND: POST /session/3247b862f9661e1dad05ca414f9e55ea/elements - {"using":"xpath","value":"//input[contains(@id ,\"application-billingtransfer-display-component---billingWorkbench--smartFilterBar-btnBasicSearch\")]"}
RESULT: {}
RESULT: {"using":"xpath","value":"//input[contains(@id ,\"application-billingtransfer-display-component---billingWorkbench--smartFilterBar-btnBasicSearch\")]"}
COMMAND: POST /session/3247b862f9661e1dad05ca414f9e55ea/execute/sync - {"script":"<script> [8489 bytes]","args":[{"element-6066-11e4-a52e-4f735466cecf":"f.BF6F4EA089F18175CED7BE484E452EA8.d.A44F5E32341FC4C2E825E7F0B851455C.e.23411","ELEMENT":"f.BF6F4EA089F18175CED7BE484E452EA8.d.A44F5E32341FC4C2E825E7F0B851455C.e.23411"}]}
RESULT: {"script":"<script> [8489 bytes]","args":[{"element-6066-11e4-a52e-4f735466cecf":"f.BF6F4EA089F18175CED7BE484E452EA8.d.A44F5E32341FC4C2E825E7F0B851455C.e.23411","ELEMENT":"f.BF6F4EA089F18175CED7BE484E452EA8.d.A44F5E32341FC4C2E825E7F0B851455C.e.23411"}]}
COMMAND: GET /session/3247b862f9661e1dad05ca414f9e55ea/element/f.BF6F4EA089F18175CED7BE484E452EA8.d.A44F5E32341FC4C2E825E7F0B851455C.e.23411/enabled - {}
COMMAND: GET /session/3247b862f9661e1dad05ca414f9e55ea/screenshot - {}
RESULT: {}
COMMAND: POST /session/3247b862f9661e1dad05ca414f9e55ea/element/f.BF6F4EA089F18175CED7BE484E452EA8.d.A44F5E32341FC4C2E825E7F0B851455C.e.23411/click - {}
COMMAND: GET /session/3247b862f9661e1dad05ca414f9e55ea/screenshot - {}
RESULT: {}
RESULT: {}
COMMAND: GET /session/3247b862f9661e1dad05ca414f9e55ea/screenshot - {}
RESULT: {}
RESULT: {}
COMMAND: POST /session/3247b862f9661e1dad05ca414f9e55ea/element/f.BF6F4EA089F18175CED7BE484E452EA8.d.A44F5E32341FC4C2E825E7F0B851455C.e.23411/clear - {}
RESULT: {}
COMMAND: POST /session/3247b862f9661e1dad05ca414f9e55ea/element/f.BF6F4EA089F18175CED7BE484E452EA8.d.A44F5E32341FC4C2E825E7F0B851455C.e.23411/value - {"text":"10441"}
COMMAND: GET /session/3247b862f9661e1dad05ca414f9e55ea/screenshot - {}
RESULT: {"text":"10441"}
COMMAND: POST /session/3247b862f9661e1dad05ca414f9e55ea/actions - {"actions":[{"id":"action84","type":"key","parameters":{},"actions":[{"type":"keyDown","value":"î€‡"},{"type":"pause","duration":10},{"type":"keyUp","value":"î€‡"}]}]}
COMMAND: GET /session/3247b862f9661e1dad05ca414f9e55ea/screenshot - {}
RESULT: {}
RESULT: {}
RESULT: {"actions":[{"id":"action84","type":"key","parameters":{},"actions":[{"type":"keyDown","value":"î€‡"},{"type":"pause","duration":10},{"type":"keyUp","value":"î€‡"}]}]}
COMMAND: GET /session/3247b862f9661e1dad05ca414f9e55ea/screenshot - {}
RESULT: {}
COMMAND: POST /session/3247b862f9661e1dad05ca414f9e55ea/element - {"using":"xpath","value":"//span[contains(@id ,\"application-billingtransfer-display-component---billingWorkbench--smartTableBillingRuns-header-inner\")]"}
RESULT: {"using":"xpath","value":"//span[contains(@id ,\"application-billingtransfer-display-component---billingWorkbench--smartTableBillingRuns-header-inner\")]"}
COMMAND: POST /session/3247b862f9661e1dad05ca414f9e55ea/elements - {"using":"xpath","value":"//span[contains(@id ,\"application-billingtransfer-display-component---billingWorkbench--smartTableBillingRuns-header-inner\")]"}
RESULT: {"using":"xpath","value":"//span[contains(@id ,\"application-billingtransfer-display-component---billingWorkbench--smartTableBillingRuns-header-inner\")]"}
COMMAND: POST /session/3247b862f9661e1dad05ca414f9e55ea/execute/sync - {"script":"<script> [56 bytes]","args":[{"element-6066-11e4-a52e-4f735466cecf":"f.BF6F4EA089F18175CED7BE484E452EA8.d.A44F5E32341FC4C2E825E7F0B851455C.e.23579","ELEMENT":"f.BF6F4EA089F18175CED7BE484E452EA8.d.A44F5E32341FC4C2E825E7F0B851455C.e.23579"}]}
RESULT: {"script":"<script> [56 bytes]","args":[{"element-6066-11e4-a52e-4f735466cecf":"f.BF6F4EA089F18175CED7BE484E452EA8.d.A44F5E32341FC4C2E825E7F0B851455C.e.23579","ELEMENT":"f.BF6F4EA089F18175CED7BE484E452EA8.d.A44F5E32341FC4C2E825E7F0B851455C.e.23579"}]}
COMMAND: GET /session/3247b862f9661e1dad05ca414f9e55ea/screenshot - {}
RESULT: {}
COMMAND: POST /session/3247b862f9661e1dad05ca414f9e55ea/execute/sync - {"script":"<script> [56 bytes]","args":[{"element-6066-11e4-a52e-4f735466cecf":"f.BF6F4EA089F18175CED7BE484E452EA8.d.A44F5E32341FC4C2E825E7F0B851455C.e.23579","ELEMENT":"f.BF6F4EA089F18175CED7BE484E452EA8.d.A44F5E32341FC4C2E825E7F0B851455C.e.23579"}]}
RESULT: {"script":"<script> [56 bytes]","args":[{"element-6066-11e4-a52e-4f735466cecf":"f.BF6F4EA089F18175CED7BE484E452EA8.d.A44F5E32341FC4C2E825E7F0B851455C.e.23579","ELEMENT":"f.BF6F4EA089F18175CED7BE484E452EA8.d.A44F5E32341FC4C2E825E7F0B851455C.e.23579"}]}
COMMAND: GET /session/3247b862f9661e1dad05ca414f9e55ea/screenshot - {}
RESULT: {}
COMMAND: POST /session/3247b862f9661e1dad05ca414f9e55ea/execute/sync - {"script":"<script> [56 bytes]","args":[{"element-6066-11e4-a52e-4f735466cecf":"f.BF6F4EA089F18175CED7BE484E452EA8.d.A44F5E32341FC4C2E825E7F0B851455C.e.23579","ELEMENT":"f.BF6F4EA089F18175CED7BE484E452EA8.d.A44F5E32341FC4C2E825E7F0B851455C.e.23579"}]}
RESULT: {"script":"<script> [56 bytes]","args":[{"element-6066-11e4-a52e-4f735466cecf":"f.BF6F4EA089F18175CED7BE484E452EA8.d.A44F5E32341FC4C2E825E7F0B851455C.e.23579","ELEMENT":"f.BF6F4EA089F18175CED7BE484E452EA8.d.A44F5E32341FC4C2E825E7F0B851455C.e.23579"}]}
COMMAND: GET /session/3247b862f9661e1dad05ca414f9e55ea/screenshot - {}
RESULT: {}
COMMAND: POST /session/3247b862f9661e1dad05ca414f9e55ea/execute/sync - {"script":"<script> [56 bytes]","args":[{"element-6066-11e4-a52e-4f735466cecf":"f.BF6F4EA089F18175CED7BE484E452EA8.d.A44F5E32341FC4C2E825E7F0B851455C.e.23579","ELEMENT":"f.BF6F4EA089F18175CED7BE484E452EA8.d.A44F5E32341FC4C2E825E7F0B851455C.e.23579"}]}
RESULT: {"script":"<script> [56 bytes]","args":[{"element-6066-11e4-a52e-4f735466cecf":"f.BF6F4EA089F18175CED7BE484E452EA8.d.A44F5E32341FC4C2E825E7F0B851455C.e.23579","ELEMENT":"f.BF6F4EA089F18175CED7BE484E452EA8.d.A44F5E32341FC4C2E825E7F0B851455C.e.23579"}]}
COMMAND: GET /session/3247b862f9661e1dad05ca414f9e55ea/screenshot - {}
RESULT: {}
COMMAND: POST /session/3247b862f9661e1dad05ca414f9e55ea/execute/sync - {"script":"<script> [56 bytes]","args":[{"element-6066-11e4-a52e-4f735466cecf":"f.BF6F4EA089F18175CED7BE484E452EA8.d.A44F5E32341FC4C2E825E7F0B851455C.e.23579","ELEMENT":"f.BF6F4EA089F18175CED7BE484E452EA8.d.A44F5E32341FC4C2E825E7F0B851455C.e.23579"}]}
RESULT: {"script":"<script> [56 bytes]","args":[{"element-6066-11e4-a52e-4f735466cecf":"f.BF6F4EA089F18175CED7BE484E452EA8.d.A44F5E32341FC4C2E825E7F0B851455C.e.23579","ELEMENT":"f.BF6F4EA089F18175CED7BE484E452EA8.d.A44F5E32341FC4C2E825E7F0B851455C.e.23579"}]}
COMMAND: GET /session/3247b862f9661e1dad05ca414f9e55ea/screenshot - {}
RESULT: {}
COMMAND: POST /session/3247b862f9661e1dad05ca414f9e55ea/execute/sync - {"script":"<script> [56 bytes]","args":[{"element-6066-11e4-a52e-4f735466cecf":"f.BF6F4EA089F18175CED7BE484E452EA8.d.A44F5E32341FC4C2E825E7F0B851455C.e.23579","ELEMENT":"f.BF6F4EA089F18175CED7BE484E452EA8.d.A44F5E32341FC4C2E825E7F0B851455C.e.23579"}]}
RESULT: {"script":"<script> [56 bytes]","args":[{"element-6066-11e4-a52e-4f735466cecf":"f.BF6F4EA089F18175CED7BE484E452EA8.d.A44F5E32341FC4C2E825E7F0B851455C.e.23579","ELEMENT":"f.BF6F4EA089F18175CED7BE484E452EA8.d.A44F5E32341FC4C2E825E7F0B851455C.e.23579"}]}
COMMAND: POST /session/3247b862f9661e1dad05ca414f9e55ea/element - {"using":"css selector","value":"#shell-header-logo"}
COMMAND: GET /session/3247b862f9661e1dad05ca414f9e55ea/screenshot - {}
RESULT: {"using":"css selector","value":"#shell-header-logo"}
COMMAND: POST /session/3247b862f9661e1dad05ca414f9e55ea/element/f.BF6F4EA089F18175CED7BE484E452EA8.d.A44F5E32341FC4C2E825E7F0B851455C.e.23409/click - {}
RESULT: {}
RESULT: {}
COMMAND: GET /session/3247b862f9661e1dad05ca414f9e55ea/screenshot - {}
RESULT: {}
]]></system-out>
    </testcase>
    <testcase classname="chrome.136_0_7103_93.windows.Billing_Calculation_-_Time_based_(considering_transport_times)_US139738" name="Should navigate to the contract item check the billed until field value" time="47.764">
      <system-out><![CDATA[
RESULT: undefined
COMMAND: POST /session/3247b862f9661e1dad05ca414f9e55ea/element - {"using":"xpath","value":"//*[@id=\"__tile133\"]"}
RESULT: {"using":"xpath","value":"//*[@id=\"__tile133\"]"}
COMMAND: POST /session/3247b862f9661e1dad05ca414f9e55ea/element/f.BF6F4EA089F18175CED7BE484E452EA8.d.A44F5E32341FC4C2E825E7F0B851455C.e.19574/click - {}
RESULT: {}
COMMAND: GET /session/3247b862f9661e1dad05ca414f9e55ea/screenshot - {}
RESULT: {}
COMMAND: POST /session/3247b862f9661e1dad05ca414f9e55ea/elements - {"using":"xpath","value":"//span[text()='Error']"}
RESULT: {"using":"xpath","value":"//span[text()='Error']"}
COMMAND: POST /session/3247b862f9661e1dad05ca414f9e55ea/element - {"using":"xpath","value":"//button[@data-kt=\"addButton\"]"}
RESULT: {"using":"xpath","value":"//button[@data-kt=\"addButton\"]"}
COMMAND: POST /session/3247b862f9661e1dad05ca414f9e55ea/elements - {"using":"xpath","value":"//button[@data-kt=\"addButton\"]"}
RESULT: {"using":"xpath","value":"//button[@data-kt=\"addButton\"]"}
COMMAND: POST /session/3247b862f9661e1dad05ca414f9e55ea/execute/sync - {"script":"<script> [8489 bytes]","args":[{"element-6066-11e4-a52e-4f735466cecf":"f.BF6F4EA089F18175CED7BE484E452EA8.d.A44F5E32341FC4C2E825E7F0B851455C.e.23653","ELEMENT":"f.BF6F4EA089F18175CED7BE484E452EA8.d.A44F5E32341FC4C2E825E7F0B851455C.e.23653"}]}
RESULT: {"script":"<script> [8489 bytes]","args":[{"element-6066-11e4-a52e-4f735466cecf":"f.BF6F4EA089F18175CED7BE484E452EA8.d.A44F5E32341FC4C2E825E7F0B851455C.e.23653","ELEMENT":"f.BF6F4EA089F18175CED7BE484E452EA8.d.A44F5E32341FC4C2E825E7F0B851455C.e.23653"}]}
COMMAND: GET /session/3247b862f9661e1dad05ca414f9e55ea/element/f.BF6F4EA089F18175CED7BE484E452EA8.d.A44F5E32341FC4C2E825E7F0B851455C.e.23653/enabled - {}
COMMAND: GET /session/3247b862f9661e1dad05ca414f9e55ea/screenshot - {}
RESULT: {}
COMMAND: POST /session/3247b862f9661e1dad05ca414f9e55ea/execute/sync - {"script":"<script> [8489 bytes]","args":[{"element-6066-11e4-a52e-4f735466cecf":"f.BF6F4EA089F18175CED7BE484E452EA8.d.A44F5E32341FC4C2E825E7F0B851455C.e.23653","ELEMENT":"f.BF6F4EA089F18175CED7BE484E452EA8.d.A44F5E32341FC4C2E825E7F0B851455C.e.23653"}]}
COMMAND: GET /session/3247b862f9661e1dad05ca414f9e55ea/screenshot - {}
RESULT: {}
RESULT: {"script":"<script> [8489 bytes]","args":[{"element-6066-11e4-a52e-4f735466cecf":"f.BF6F4EA089F18175CED7BE484E452EA8.d.A44F5E32341FC4C2E825E7F0B851455C.e.23653","ELEMENT":"f.BF6F4EA089F18175CED7BE484E452EA8.d.A44F5E32341FC4C2E825E7F0B851455C.e.23653"}]}
COMMAND: POST /session/3247b862f9661e1dad05ca414f9e55ea/execute/sync - {"script":"<script> [5351 bytes]","args":[{"element-6066-11e4-a52e-4f735466cecf":"f.BF6F4EA089F18175CED7BE484E452EA8.d.A44F5E32341FC4C2E825E7F0B851455C.e.23653","ELEMENT":"f.BF6F4EA089F18175CED7BE484E452EA8.d.A44F5E32341FC4C2E825E7F0B851455C.e.23653"}]}
COMMAND: GET /session/3247b862f9661e1dad05ca414f9e55ea/screenshot - {}
RESULT: {}
RESULT: {"script":"<script> [5351 bytes]","args":[{"element-6066-11e4-a52e-4f735466cecf":"f.BF6F4EA089F18175CED7BE484E452EA8.d.A44F5E32341FC4C2E825E7F0B851455C.e.23653","ELEMENT":"f.BF6F4EA089F18175CED7BE484E452EA8.d.A44F5E32341FC4C2E825E7F0B851455C.e.23653"}]}
COMMAND: POST /session/3247b862f9661e1dad05ca414f9e55ea/element - {"using":"xpath","value":"//input[contains(@id ,\"smartContractFilterBar-btnBasicSearch-I\")]"}
COMMAND: GET /session/3247b862f9661e1dad05ca414f9e55ea/screenshot - {}
RESULT: {}
RESULT: {"using":"xpath","value":"//input[contains(@id ,\"smartContractFilterBar-btnBasicSearch-I\")]"}
COMMAND: POST /session/3247b862f9661e1dad05ca414f9e55ea/elements - {"using":"xpath","value":"//input[contains(@id ,\"smartContractFilterBar-btnBasicSearch-I\")]"}
RESULT: {}
RESULT: {"using":"xpath","value":"//input[contains(@id ,\"smartContractFilterBar-btnBasicSearch-I\")]"}
COMMAND: POST /session/3247b862f9661e1dad05ca414f9e55ea/execute/sync - {"script":"<script> [8489 bytes]","args":[{"element-6066-11e4-a52e-4f735466cecf":"f.BF6F4EA089F18175CED7BE484E452EA8.d.A44F5E32341FC4C2E825E7F0B851455C.e.23613","ELEMENT":"f.BF6F4EA089F18175CED7BE484E452EA8.d.A44F5E32341FC4C2E825E7F0B851455C.e.23613"}]}
RESULT: {"script":"<script> [8489 bytes]","args":[{"element-6066-11e4-a52e-4f735466cecf":"f.BF6F4EA089F18175CED7BE484E452EA8.d.A44F5E32341FC4C2E825E7F0B851455C.e.23613","ELEMENT":"f.BF6F4EA089F18175CED7BE484E452EA8.d.A44F5E32341FC4C2E825E7F0B851455C.e.23613"}]}
COMMAND: GET /session/3247b862f9661e1dad05ca414f9e55ea/element/f.BF6F4EA089F18175CED7BE484E452EA8.d.A44F5E32341FC4C2E825E7F0B851455C.e.23613/enabled - {}
COMMAND: GET /session/3247b862f9661e1dad05ca414f9e55ea/screenshot - {}
RESULT: {}
COMMAND: POST /session/3247b862f9661e1dad05ca414f9e55ea/element/f.BF6F4EA089F18175CED7BE484E452EA8.d.A44F5E32341FC4C2E825E7F0B851455C.e.23613/clear - {}
COMMAND: GET /session/3247b862f9661e1dad05ca414f9e55ea/screenshot - {}
RESULT: {}
RESULT: {}
COMMAND: POST /session/3247b862f9661e1dad05ca414f9e55ea/element/f.BF6F4EA089F18175CED7BE484E452EA8.d.A44F5E32341FC4C2E825E7F0B851455C.e.23613/value - {"text":"10441"}
COMMAND: GET /session/3247b862f9661e1dad05ca414f9e55ea/screenshot - {}
RESULT: {}
RESULT: {"text":"10441"}
COMMAND: GET /session/3247b862f9661e1dad05ca414f9e55ea/screenshot - {}
RESULT: {}
RESULT: {}
COMMAND: POST /session/3247b862f9661e1dad05ca414f9e55ea/actions - {"actions":[{"id":"action85","type":"key","parameters":{},"actions":[{"type":"keyDown","value":"î€‡"},{"type":"pause","duration":10},{"type":"keyUp","value":"î€‡"}]}]}
RESULT: {"actions":[{"id":"action85","type":"key","parameters":{},"actions":[{"type":"keyDown","value":"î€‡"},{"type":"pause","duration":10},{"type":"keyUp","value":"î€‡"}]}]}
COMMAND: GET /session/3247b862f9661e1dad05ca414f9e55ea/screenshot - {}
RESULT: {}
COMMAND: POST /session/3247b862f9661e1dad05ca414f9e55ea/element - {"using":"xpath","value":"//span[contains(@id, \"masterListContractsSmartTable-header-inner\")]"}
RESULT: {"using":"xpath","value":"//span[contains(@id, \"masterListContractsSmartTable-header-inner\")]"}
COMMAND: POST /session/3247b862f9661e1dad05ca414f9e55ea/elements - {"using":"xpath","value":"//span[contains(@id, \"masterListContractsSmartTable-header-inner\")]"}
RESULT: {"using":"xpath","value":"//span[contains(@id, \"masterListContractsSmartTable-header-inner\")]"}
COMMAND: POST /session/3247b862f9661e1dad05ca414f9e55ea/execute/sync - {"script":"<script> [56 bytes]","args":[{"element-6066-11e4-a52e-4f735466cecf":"f.BF6F4EA089F18175CED7BE484E452EA8.d.A44F5E32341FC4C2E825E7F0B851455C.e.23709","ELEMENT":"f.BF6F4EA089F18175CED7BE484E452EA8.d.A44F5E32341FC4C2E825E7F0B851455C.e.23709"}]}
RESULT: {"script":"<script> [56 bytes]","args":[{"element-6066-11e4-a52e-4f735466cecf":"f.BF6F4EA089F18175CED7BE484E452EA8.d.A44F5E32341FC4C2E825E7F0B851455C.e.23709","ELEMENT":"f.BF6F4EA089F18175CED7BE484E452EA8.d.A44F5E32341FC4C2E825E7F0B851455C.e.23709"}]}
COMMAND: POST /session/3247b862f9661e1dad05ca414f9e55ea/element - {"using":"xpath","value":"(//span[contains(@id, \"imgNav\")])[1]"}
COMMAND: GET /session/3247b862f9661e1dad05ca414f9e55ea/screenshot - {}
RESULT: {"using":"xpath","value":"(//span[contains(@id, \"imgNav\")])[1]"}
COMMAND: POST /session/3247b862f9661e1dad05ca414f9e55ea/element/f.BF6F4EA089F18175CED7BE484E452EA8.d.A44F5E32341FC4C2E825E7F0B851455C.e.23708/click - {}
RESULT: {}
RESULT: {}
COMMAND: GET /session/3247b862f9661e1dad05ca414f9e55ea/screenshot - {}
RESULT: {}
COMMAND: POST /session/3247b862f9661e1dad05ca414f9e55ea/element - {"using":"xpath","value":"//tr[@data-kt=\"productsColumnListItem\"]//td//span[contains(@id, \"imgNav\")][1]"}
RESULT: {"using":"xpath","value":"//tr[@data-kt=\"productsColumnListItem\"]//td//span[contains(@id, \"imgNav\")][1]"}
COMMAND: POST /session/3247b862f9661e1dad05ca414f9e55ea/element/f.BF6F4EA089F18175CED7BE484E452EA8.d.A44F5E32341FC4C2E825E7F0B851455C.e.23878/click - {}
RESULT: {}
COMMAND: GET /session/3247b862f9661e1dad05ca414f9e55ea/screenshot - {}
RESULT: {}
COMMAND: POST /session/3247b862f9661e1dad05ca414f9e55ea/element - {"using":"xpath","value":"//section[contains(@id, \"application-managecontracts-display-component---BillingItem--ObjectPageLayout-OPHeaderContent\")]/div/div/div/div/div[2]/div/div[2]/span"}
RESULT: {"using":"xpath","value":"//section[contains(@id, \"application-managecontracts-display-component---BillingItem--ObjectPageLayout-OPHeaderContent\")]/div/div/div/div/div[2]/div/div[2]/span"}
COMMAND: POST /session/3247b862f9661e1dad05ca414f9e55ea/execute/sync - {"script":"<script> [56 bytes]","args":[{"element-6066-11e4-a52e-4f735466cecf":"f.BF6F4EA089F18175CED7BE484E452EA8.d.A44F5E32341FC4C2E825E7F0B851455C.e.24015","ELEMENT":"f.BF6F4EA089F18175CED7BE484E452EA8.d.A44F5E32341FC4C2E825E7F0B851455C.e.24015"}]}
RESULT: {"script":"<script> [56 bytes]","args":[{"element-6066-11e4-a52e-4f735466cecf":"f.BF6F4EA089F18175CED7BE484E452EA8.d.A44F5E32341FC4C2E825E7F0B851455C.e.24015","ELEMENT":"f.BF6F4EA089F18175CED7BE484E452EA8.d.A44F5E32341FC4C2E825E7F0B851455C.e.24015"}]}
COMMAND: POST /session/3247b862f9661e1dad05ca414f9e55ea/element - {"using":"xpath","value":"//table[contains(@id, \"application-managecontracts-display-component---BillingItem--billingList-listUl\")]//td//*[contains(text(), \"partial billed\")]"}
COMMAND: GET /session/3247b862f9661e1dad05ca414f9e55ea/screenshot - {}
RESULT: {"using":"xpath","value":"//table[contains(@id, \"application-managecontracts-display-component---BillingItem--billingList-listUl\")]//td//*[contains(text(), \"partial billed\")]"}
COMMAND: POST /session/3247b862f9661e1dad05ca414f9e55ea/execute/sync - {"script":"<script> [56 bytes]","args":[{"element-6066-11e4-a52e-4f735466cecf":"f.BF6F4EA089F18175CED7BE484E452EA8.d.A44F5E32341FC4C2E825E7F0B851455C.e.24016","ELEMENT":"f.BF6F4EA089F18175CED7BE484E452EA8.d.A44F5E32341FC4C2E825E7F0B851455C.e.24016"}]}
RESULT: {}
RESULT: {"script":"<script> [56 bytes]","args":[{"element-6066-11e4-a52e-4f735466cecf":"f.BF6F4EA089F18175CED7BE484E452EA8.d.A44F5E32341FC4C2E825E7F0B851455C.e.24016","ELEMENT":"f.BF6F4EA089F18175CED7BE484E452EA8.d.A44F5E32341FC4C2E825E7F0B851455C.e.24016"}]}
COMMAND: POST /session/3247b862f9661e1dad05ca414f9e55ea/element - {"using":"css selector","value":"#shell-header-logo"}
COMMAND: GET /session/3247b862f9661e1dad05ca414f9e55ea/screenshot - {}
RESULT: {"using":"css selector","value":"#shell-header-logo"}
COMMAND: POST /session/3247b862f9661e1dad05ca414f9e55ea/element/f.BF6F4EA089F18175CED7BE484E452EA8.d.A44F5E32341FC4C2E825E7F0B851455C.e.23604/click - {}
RESULT: {}
RESULT: {}
COMMAND: GET /session/3247b862f9661e1dad05ca414f9e55ea/screenshot - {}
RESULT: {}
]]></system-out>
    </testcase>
    <testcase classname="chrome.136_0_7103_93.windows.Billing_Calculation_-_Time_based_(considering_transport_times)_US139738" name="Should do a handover return 2 step 7 days after provide or 14 days from today receive it in 21 days" time="165.394">
      <system-out><![CDATA[
RESULT: undefined
COMMAND: POST /session/3247b862f9661e1dad05ca414f9e55ea/element - {"using":"xpath","value":"//*[@id=\"__tile133\"]"}
RESULT: {"using":"xpath","value":"//*[@id=\"__tile133\"]"}
COMMAND: POST /session/3247b862f9661e1dad05ca414f9e55ea/element/f.BF6F4EA089F18175CED7BE484E452EA8.d.A44F5E32341FC4C2E825E7F0B851455C.e.19574/click - {}
RESULT: {}
COMMAND: GET /session/3247b862f9661e1dad05ca414f9e55ea/screenshot - {}
RESULT: {}
COMMAND: POST /session/3247b862f9661e1dad05ca414f9e55ea/elements - {"using":"xpath","value":"//span[text()='Error']"}
RESULT: {"using":"xpath","value":"//span[text()='Error']"}
COMMAND: POST /session/3247b862f9661e1dad05ca414f9e55ea/element - {"using":"xpath","value":"//button[@data-kt=\"addButton\"]"}
RESULT: {"using":"xpath","value":"//button[@data-kt=\"addButton\"]"}
COMMAND: POST /session/3247b862f9661e1dad05ca414f9e55ea/elements - {"using":"xpath","value":"//button[@data-kt=\"addButton\"]"}
RESULT: {"using":"xpath","value":"//button[@data-kt=\"addButton\"]"}
COMMAND: POST /session/3247b862f9661e1dad05ca414f9e55ea/execute/sync - {"script":"<script> [8489 bytes]","args":[{"element-6066-11e4-a52e-4f735466cecf":"f.BF6F4EA089F18175CED7BE484E452EA8.d.A44F5E32341FC4C2E825E7F0B851455C.e.24069","ELEMENT":"f.BF6F4EA089F18175CED7BE484E452EA8.d.A44F5E32341FC4C2E825E7F0B851455C.e.24069"}]}
RESULT: {"script":"<script> [8489 bytes]","args":[{"element-6066-11e4-a52e-4f735466cecf":"f.BF6F4EA089F18175CED7BE484E452EA8.d.A44F5E32341FC4C2E825E7F0B851455C.e.24069","ELEMENT":"f.BF6F4EA089F18175CED7BE484E452EA8.d.A44F5E32341FC4C2E825E7F0B851455C.e.24069"}]}
COMMAND: GET /session/3247b862f9661e1dad05ca414f9e55ea/element/f.BF6F4EA089F18175CED7BE484E452EA8.d.A44F5E32341FC4C2E825E7F0B851455C.e.24069/enabled - {}
COMMAND: GET /session/3247b862f9661e1dad05ca414f9e55ea/screenshot - {}
RESULT: {}
COMMAND: POST /session/3247b862f9661e1dad05ca414f9e55ea/execute/sync - {"script":"<script> [8489 bytes]","args":[{"element-6066-11e4-a52e-4f735466cecf":"f.BF6F4EA089F18175CED7BE484E452EA8.d.A44F5E32341FC4C2E825E7F0B851455C.e.24069","ELEMENT":"f.BF6F4EA089F18175CED7BE484E452EA8.d.A44F5E32341FC4C2E825E7F0B851455C.e.24069"}]}
COMMAND: GET /session/3247b862f9661e1dad05ca414f9e55ea/screenshot - {}
RESULT: {}
RESULT: {"script":"<script> [8489 bytes]","args":[{"element-6066-11e4-a52e-4f735466cecf":"f.BF6F4EA089F18175CED7BE484E452EA8.d.A44F5E32341FC4C2E825E7F0B851455C.e.24069","ELEMENT":"f.BF6F4EA089F18175CED7BE484E452EA8.d.A44F5E32341FC4C2E825E7F0B851455C.e.24069"}]}
COMMAND: POST /session/3247b862f9661e1dad05ca414f9e55ea/execute/sync - {"script":"<script> [5351 bytes]","args":[{"element-6066-11e4-a52e-4f735466cecf":"f.BF6F4EA089F18175CED7BE484E452EA8.d.A44F5E32341FC4C2E825E7F0B851455C.e.24069","ELEMENT":"f.BF6F4EA089F18175CED7BE484E452EA8.d.A44F5E32341FC4C2E825E7F0B851455C.e.24069"}]}
COMMAND: GET /session/3247b862f9661e1dad05ca414f9e55ea/screenshot - {}
RESULT: {}
RESULT: {"script":"<script> [5351 bytes]","args":[{"element-6066-11e4-a52e-4f735466cecf":"f.BF6F4EA089F18175CED7BE484E452EA8.d.A44F5E32341FC4C2E825E7F0B851455C.e.24069","ELEMENT":"f.BF6F4EA089F18175CED7BE484E452EA8.d.A44F5E32341FC4C2E825E7F0B851455C.e.24069"}]}
COMMAND: GET /session/3247b862f9661e1dad05ca414f9e55ea/screenshot - {}
RESULT: {}
RESULT: {}
COMMAND: POST /session/3247b862f9661e1dad05ca414f9e55ea/element - {"using":"xpath","value":"//input[contains(@id ,\"smartContractFilterBar-btnBasicSearch-I\")]"}
RESULT: {"using":"xpath","value":"//input[contains(@id ,\"smartContractFilterBar-btnBasicSearch-I\")]"}
COMMAND: POST /session/3247b862f9661e1dad05ca414f9e55ea/elements - {"using":"xpath","value":"//input[contains(@id ,\"smartContractFilterBar-btnBasicSearch-I\")]"}
RESULT: {"using":"xpath","value":"//input[contains(@id ,\"smartContractFilterBar-btnBasicSearch-I\")]"}
COMMAND: POST /session/3247b862f9661e1dad05ca414f9e55ea/execute/sync - {"script":"<script> [8489 bytes]","args":[{"element-6066-11e4-a52e-4f735466cecf":"f.BF6F4EA089F18175CED7BE484E452EA8.d.A44F5E32341FC4C2E825E7F0B851455C.e.24028","ELEMENT":"f.BF6F4EA089F18175CED7BE484E452EA8.d.A44F5E32341FC4C2E825E7F0B851455C.e.24028"}]}
RESULT: {"script":"<script> [8489 bytes]","args":[{"element-6066-11e4-a52e-4f735466cecf":"f.BF6F4EA089F18175CED7BE484E452EA8.d.A44F5E32341FC4C2E825E7F0B851455C.e.24028","ELEMENT":"f.BF6F4EA089F18175CED7BE484E452EA8.d.A44F5E32341FC4C2E825E7F0B851455C.e.24028"}]}
COMMAND: GET /session/3247b862f9661e1dad05ca414f9e55ea/element/f.BF6F4EA089F18175CED7BE484E452EA8.d.A44F5E32341FC4C2E825E7F0B851455C.e.24028/enabled - {}
COMMAND: GET /session/3247b862f9661e1dad05ca414f9e55ea/screenshot - {}
RESULT: {}
COMMAND: POST /session/3247b862f9661e1dad05ca414f9e55ea/element/f.BF6F4EA089F18175CED7BE484E452EA8.d.A44F5E32341FC4C2E825E7F0B851455C.e.24028/clear - {}
COMMAND: GET /session/3247b862f9661e1dad05ca414f9e55ea/screenshot - {}
RESULT: {}
RESULT: {}
COMMAND: POST /session/3247b862f9661e1dad05ca414f9e55ea/element/f.BF6F4EA089F18175CED7BE484E452EA8.d.A44F5E32341FC4C2E825E7F0B851455C.e.24028/value - {"text":"10441"}
COMMAND: GET /session/3247b862f9661e1dad05ca414f9e55ea/screenshot - {}
RESULT: {}
RESULT: {"text":"10441"}
COMMAND: GET /session/3247b862f9661e1dad05ca414f9e55ea/screenshot - {}
RESULT: {}
RESULT: {}
COMMAND: POST /session/3247b862f9661e1dad05ca414f9e55ea/actions - {"actions":[{"id":"action86","type":"key","parameters":{},"actions":[{"type":"keyDown","value":"î€‡"},{"type":"pause","duration":10},{"type":"keyUp","value":"î€‡"}]}]}
RESULT: {"actions":[{"id":"action86","type":"key","parameters":{},"actions":[{"type":"keyDown","value":"î€‡"},{"type":"pause","duration":10},{"type":"keyUp","value":"î€‡"}]}]}
COMMAND: GET /session/3247b862f9661e1dad05ca414f9e55ea/screenshot - {}
RESULT: {}
COMMAND: POST /session/3247b862f9661e1dad05ca414f9e55ea/element - {"using":"xpath","value":"//span[contains(@id, \"masterListContractsSmartTable-header-inner\")]"}
RESULT: {"using":"xpath","value":"//span[contains(@id, \"masterListContractsSmartTable-header-inner\")]"}
COMMAND: POST /session/3247b862f9661e1dad05ca414f9e55ea/elements - {"using":"xpath","value":"//span[contains(@id, \"masterListContractsSmartTable-header-inner\")]"}
RESULT: {"using":"xpath","value":"//span[contains(@id, \"masterListContractsSmartTable-header-inner\")]"}
COMMAND: POST /session/3247b862f9661e1dad05ca414f9e55ea/execute/sync - {"script":"<script> [56 bytes]","args":[{"element-6066-11e4-a52e-4f735466cecf":"f.BF6F4EA089F18175CED7BE484E452EA8.d.A44F5E32341FC4C2E825E7F0B851455C.e.24120","ELEMENT":"f.BF6F4EA089F18175CED7BE484E452EA8.d.A44F5E32341FC4C2E825E7F0B851455C.e.24120"}]}
RESULT: {"script":"<script> [56 bytes]","args":[{"element-6066-11e4-a52e-4f735466cecf":"f.BF6F4EA089F18175CED7BE484E452EA8.d.A44F5E32341FC4C2E825E7F0B851455C.e.24120","ELEMENT":"f.BF6F4EA089F18175CED7BE484E452EA8.d.A44F5E32341FC4C2E825E7F0B851455C.e.24120"}]}
COMMAND: POST /session/3247b862f9661e1dad05ca414f9e55ea/element - {"using":"xpath","value":"(//span[contains(@id, \"imgNav\")])[1]"}
COMMAND: GET /session/3247b862f9661e1dad05ca414f9e55ea/screenshot - {}
RESULT: {"using":"xpath","value":"(//span[contains(@id, \"imgNav\")])[1]"}
COMMAND: POST /session/3247b862f9661e1dad05ca414f9e55ea/element/f.BF6F4EA089F18175CED7BE484E452EA8.d.A44F5E32341FC4C2E825E7F0B851455C.e.24119/click - {}
RESULT: {}
RESULT: {}
COMMAND: GET /session/3247b862f9661e1dad05ca414f9e55ea/screenshot - {}
RESULT: {}
COMMAND: POST /session/3247b862f9661e1dad05ca414f9e55ea/element - {"using":"xpath","value":"//button[contains(@id, \"contractDetailReturnButton\")]"}
RESULT: {"using":"xpath","value":"//button[contains(@id, \"contractDetailReturnButton\")]"}
COMMAND: POST /session/3247b862f9661e1dad05ca414f9e55ea/element/f.BF6F4EA089F18175CED7BE484E452EA8.d.A44F5E32341FC4C2E825E7F0B851455C.e.24256/click - {}
RESULT: {}
COMMAND: GET /session/3247b862f9661e1dad05ca414f9e55ea/screenshot - {}
RESULT: undefined
COMMAND: POST /session/3247b862f9661e1dad05ca414f9e55ea/execute/async - {"script":"<script> [776 bytes]","args":[{"enterText":"6/3/25","selector":{"id":"application-managehandovers-display-component---AddNewHO--dueDate","interaction":{"idSuffix":"inner"}},"clearTextFirst":true,"interactionType":"ENTER_TEXT"}]}
RESULT: {}
RESULT: {"script":"<script> [776 bytes]","args":[{"enterText":"6/3/25","selector":{"id":"application-managehandovers-display-component---AddNewHO--dueDate","interaction":{"idSuffix":"inner"}},"clearTextFirst":true,"interactionType":"ENTER_TEXT"}]}
COMMAND: POST /session/3247b862f9661e1dad05ca414f9e55ea/element - {"using":"xpath","value":"//bdi[contains(text(), \"Instructions\")]"}
RESULT: {"using":"xpath","value":"//bdi[contains(text(), \"Instructions\")]"}
COMMAND: POST /session/3247b862f9661e1dad05ca414f9e55ea/element/f.BF6F4EA089F18175CED7BE484E452EA8.d.A44F5E32341FC4C2E825E7F0B851455C.e.24564/click - {}
RESULT: {}
COMMAND: GET /session/3247b862f9661e1dad05ca414f9e55ea/screenshot - {}
RESULT: {}
COMMAND: POST /session/3247b862f9661e1dad05ca414f9e55ea/element - {"using":"xpath","value":"//button[@data-kt=\"AddNewHOProvideAddItemsButton\"]"}
RESULT: {"using":"xpath","value":"//button[@data-kt=\"AddNewHOProvideAddItemsButton\"]"}
COMMAND: POST /session/3247b862f9661e1dad05ca414f9e55ea/element/f.BF6F4EA089F18175CED7BE484E452EA8.d.A44F5E32341FC4C2E825E7F0B851455C.e.24372/click - {}
RESULT: {}
COMMAND: GET /session/3247b862f9661e1dad05ca414f9e55ea/screenshot - {}
RESULT: {}
RESULT: undefined
COMMAND: POST /session/3247b862f9661e1dad05ca414f9e55ea/element - {"using":"xpath","value":"//*[@id=\"application-managehandovers-display-component---AddNewHO--popup-sa\"]"}
RESULT: {"using":"xpath","value":"//*[@id=\"application-managehandovers-display-component---AddNewHO--popup-sa\"]"}
COMMAND: POST /session/3247b862f9661e1dad05ca414f9e55ea/element/f.BF6F4EA089F18175CED7BE484E452EA8.d.A44F5E32341FC4C2E825E7F0B851455C.e.24584/click - {}
RESULT: {}
COMMAND: GET /session/3247b862f9661e1dad05ca414f9e55ea/screenshot - {}
RESULT: {}
COMMAND: POST /session/3247b862f9661e1dad05ca414f9e55ea/element - {"using":"xpath","value":"//*[contains(@id ,\"BDI-content\")][contains(text(), \"Select\")]"}
RESULT: {"using":"xpath","value":"//*[contains(@id ,\"BDI-content\")][contains(text(), \"Select\")]"}
COMMAND: POST /session/3247b862f9661e1dad05ca414f9e55ea/element/f.BF6F4EA089F18175CED7BE484E452EA8.d.A44F5E32341FC4C2E825E7F0B851455C.e.24586/click - {}
RESULT: {}
COMMAND: GET /session/3247b862f9661e1dad05ca414f9e55ea/screenshot - {}
RESULT: {}
COMMAND: POST /session/3247b862f9661e1dad05ca414f9e55ea/element - {"using":"xpath","value":"(//div[contains(@id, \"application-managehandovers-display-component---AddNewHO--oneStep-CbBg\")])"}
RESULT: {"using":"xpath","value":"(//div[contains(@id, \"application-managehandovers-display-component---AddNewHO--oneStep-CbBg\")])"}
COMMAND: POST /session/3247b862f9661e1dad05ca414f9e55ea/element/f.BF6F4EA089F18175CED7BE484E452EA8.d.A44F5E32341FC4C2E825E7F0B851455C.e.24589/click - {}
RESULT: {}
RESULT: undefined
COMMAND: POST /session/3247b862f9661e1dad05ca414f9e55ea/element - {"using":"xpath","value":"//*[@id=\"application-managehandovers-display-component---AddNewHO--confirmCreationButton\"]"}
COMMAND: GET /session/3247b862f9661e1dad05ca414f9e55ea/screenshot - {}
RESULT: {"using":"xpath","value":"//*[@id=\"application-managehandovers-display-component---AddNewHO--confirmCreationButton\"]"}
COMMAND: POST /session/3247b862f9661e1dad05ca414f9e55ea/element/f.BF6F4EA089F18175CED7BE484E452EA8.d.A44F5E32341FC4C2E825E7F0B851455C.e.24379/click - {}
RESULT: {}
RESULT: {}
COMMAND: GET /session/3247b862f9661e1dad05ca414f9e55ea/screenshot - {}
RESULT: {}
RESULT: undefined
COMMAND: POST /session/3247b862f9661e1dad05ca414f9e55ea/execute/async - {"script":"<script> [776 bytes]","args":[{"enterText":"6/3/25","selector":{"id":"issueDatePicker","viewName":"etm.portal.ui.managehandovers.view.DetailExecuteHO","interaction":{"idSuffix":"inner"}},"clearTextFirst":true,"interactionType":"ENTER_TEXT"}]}
RESULT: {"script":"<script> [776 bytes]","args":[{"enterText":"6/3/25","selector":{"id":"issueDatePicker","viewName":"etm.portal.ui.managehandovers.view.DetailExecuteHO","interaction":{"idSuffix":"inner"}},"clearTextFirst":true,"interactionType":"ENTER_TEXT"}]}
COMMAND: POST /session/3247b862f9661e1dad05ca414f9e55ea/element - {"using":"xpath","value":"//bdi[contains(text(), \"OK\")]"}
RESULT: {"using":"xpath","value":"//bdi[contains(text(), \"OK\")]"}
COMMAND: POST /session/3247b862f9661e1dad05ca414f9e55ea/element/f.BF6F4EA089F18175CED7BE484E452EA8.d.A44F5E32341FC4C2E825E7F0B851455C.e.24634/click - {}
RESULT: {}
COMMAND: GET /session/3247b862f9661e1dad05ca414f9e55ea/screenshot - {}
RESULT: {}
COMMAND: POST /session/3247b862f9661e1dad05ca414f9e55ea/element - {"using":"xpath","value":"//button[@data-kt=\"PickingTableConfirmAllButton\"]"}
RESULT: {"using":"xpath","value":"//button[@data-kt=\"PickingTableConfirmAllButton\"]"}
COMMAND: POST /session/3247b862f9661e1dad05ca414f9e55ea/element/f.BF6F4EA089F18175CED7BE484E452EA8.d.A44F5E32341FC4C2E825E7F0B851455C.e.24641/click - {}
RESULT: {}
COMMAND: GET /session/3247b862f9661e1dad05ca414f9e55ea/screenshot - {}
RESULT: {}
COMMAND: POST /session/3247b862f9661e1dad05ca414f9e55ea/element - {"using":"xpath","value":"//bdi[contains(text(), \"OK\")]"}
RESULT: {"using":"xpath","value":"//bdi[contains(text(), \"OK\")]"}
COMMAND: POST /session/3247b862f9661e1dad05ca414f9e55ea/element/f.BF6F4EA089F18175CED7BE484E452EA8.d.A44F5E32341FC4C2E825E7F0B851455C.e.24645/click - {}
RESULT: {}
COMMAND: GET /session/3247b862f9661e1dad05ca414f9e55ea/screenshot - {}
RESULT: {}
COMMAND: POST /session/3247b862f9661e1dad05ca414f9e55ea/element - {"using":"xpath","value":"//button[@data-kt=\"execHoPickButton\"]"}
RESULT: {"using":"xpath","value":"//button[@data-kt=\"execHoPickButton\"]"}
COMMAND: POST /session/3247b862f9661e1dad05ca414f9e55ea/element/f.BF6F4EA089F18175CED7BE484E452EA8.d.A44F5E32341FC4C2E825E7F0B851455C.e.24646/click - {}
RESULT: {}
COMMAND: GET /session/3247b862f9661e1dad05ca414f9e55ea/screenshot - {}
RESULT: {}
COMMAND: POST /session/3247b862f9661e1dad05ca414f9e55ea/element - {"using":"xpath","value":"//span[contains(@id ,\"filterItemControl_BASIC-SEND_CONTRACT-vhi\")]"}
RESULT: {"using":"xpath","value":"//span[contains(@id ,\"filterItemControl_BASIC-SEND_CONTRACT-vhi\")]"}
COMMAND: POST /session/3247b862f9661e1dad05ca414f9e55ea/element/f.BF6F4EA089F18175CED7BE484E452EA8.d.A44F5E32341FC4C2E825E7F0B851455C.e.24821/click - {}
RESULT: {}
COMMAND: GET /session/3247b862f9661e1dad05ca414f9e55ea/screenshot - {}
RESULT: {}
RESULT: undefined
COMMAND: POST /session/3247b862f9661e1dad05ca414f9e55ea/execute/async - {"script":"<script> [776 bytes]","args":[{"enterText":"10441","selector":{"controlType":"sap.m.SearchField","viewName":"etm.portal.ui.managehandovers.view.MasterHO","bindingPath":{"path":"","propertyPath":"/_BASIC_SEARCH_FIELD","modelName":"fi1t3rM0d31"},"searchOpenDialogs":true,"interaction":{"idSuffix":"I"}},"clearTextFirst":true,"interactionType":"ENTER_TEXT"}]}
RESULT: {"script":"<script> [776 bytes]","args":[{"enterText":"10441","selector":{"controlType":"sap.m.SearchField","viewName":"etm.portal.ui.managehandovers.view.MasterHO","bindingPath":{"path":"","propertyPath":"/_BASIC_SEARCH_FIELD","modelName":"fi1t3rM0d31"},"searchOpenDialogs":true,"interaction":{"idSuffix":"I"}},"clearTextFirst":true,"interactionType":"ENTER_TEXT"}]}
COMMAND: POST /session/3247b862f9661e1dad05ca414f9e55ea/actions - {"actions":[{"id":"action87","type":"key","parameters":{},"actions":[{"type":"keyDown","value":"î€‡"},{"type":"pause","duration":10},{"type":"keyUp","value":"î€‡"}]}]}
RESULT: {"actions":[{"id":"action87","type":"key","parameters":{},"actions":[{"type":"keyDown","value":"î€‡"},{"type":"pause","duration":10},{"type":"keyUp","value":"î€‡"}]}]}
COMMAND: GET /session/3247b862f9661e1dad05ca414f9e55ea/screenshot - {}
RESULT: {}
COMMAND: POST /session/3247b862f9661e1dad05ca414f9e55ea/element - {"using":"xpath","value":"//div[contains(@id, 'filterItemControl_BASIC-SEND_CONTRACT-valueHelpDialog-table-rowsel0')]"}
RESULT: {"using":"xpath","value":"//div[contains(@id, 'filterItemControl_BASIC-SEND_CONTRACT-valueHelpDialog-table-rowsel0')]"}
COMMAND: POST /session/3247b862f9661e1dad05ca414f9e55ea/element/f.BF6F4EA089F18175CED7BE484E452EA8.d.A44F5E32341FC4C2E825E7F0B851455C.e.24828/click - {}
RESULT: {}
COMMAND: GET /session/3247b862f9661e1dad05ca414f9e55ea/screenshot - {}
RESULT: {}
COMMAND: POST /session/3247b862f9661e1dad05ca414f9e55ea/element - {"using":"xpath","value":"//bdi[contains(text(), \"OK\")]"}
RESULT: {"using":"xpath","value":"//bdi[contains(text(), \"OK\")]"}
COMMAND: POST /session/3247b862f9661e1dad05ca414f9e55ea/element/f.BF6F4EA089F18175CED7BE484E452EA8.d.A44F5E32341FC4C2E825E7F0B851455C.e.24830/click - {}
RESULT: {}
COMMAND: GET /session/3247b862f9661e1dad05ca414f9e55ea/screenshot - {}
RESULT: {}
COMMAND: POST /session/3247b862f9661e1dad05ca414f9e55ea/element - {"using":"xpath","value":"//span[contains(@id, \"smartTable-header-inner\")]"}
RESULT: {"using":"xpath","value":"//span[contains(@id, \"smartTable-header-inner\")]"}
COMMAND: POST /session/3247b862f9661e1dad05ca414f9e55ea/elements - {"using":"xpath","value":"//span[contains(@id, \"smartTable-header-inner\")]"}
RESULT: {"using":"xpath","value":"//span[contains(@id, \"smartTable-header-inner\")]"}
COMMAND: POST /session/3247b862f9661e1dad05ca414f9e55ea/execute/sync - {"script":"<script> [56 bytes]","args":[{"element-6066-11e4-a52e-4f735466cecf":"f.BF6F4EA089F18175CED7BE484E452EA8.d.A44F5E32341FC4C2E825E7F0B851455C.e.24858","ELEMENT":"f.BF6F4EA089F18175CED7BE484E452EA8.d.A44F5E32341FC4C2E825E7F0B851455C.e.24858"}]}
RESULT: {"script":"<script> [56 bytes]","args":[{"element-6066-11e4-a52e-4f735466cecf":"f.BF6F4EA089F18175CED7BE484E452EA8.d.A44F5E32341FC4C2E825E7F0B851455C.e.24858","ELEMENT":"f.BF6F4EA089F18175CED7BE484E452EA8.d.A44F5E32341FC4C2E825E7F0B851455C.e.24858"}]}
COMMAND: POST /session/3247b862f9661e1dad05ca414f9e55ea/element - {"using":"xpath","value":"//table[contains(@id, \"customHandovers\")]//tbody/tr[1]/td[2]/span"}
COMMAND: GET /session/3247b862f9661e1dad05ca414f9e55ea/screenshot - {}
RESULT: {"using":"xpath","value":"//table[contains(@id, \"customHandovers\")]//tbody/tr[1]/td[2]/span"}
COMMAND: POST /session/3247b862f9661e1dad05ca414f9e55ea/execute/sync - {"script":"<script> [56 bytes]","args":[{"element-6066-11e4-a52e-4f735466cecf":"f.BF6F4EA089F18175CED7BE484E452EA8.d.A44F5E32341FC4C2E825E7F0B851455C.e.24860","ELEMENT":"f.BF6F4EA089F18175CED7BE484E452EA8.d.A44F5E32341FC4C2E825E7F0B851455C.e.24860"}]}
RESULT: {}
RESULT: {"script":"<script> [56 bytes]","args":[{"element-6066-11e4-a52e-4f735466cecf":"f.BF6F4EA089F18175CED7BE484E452EA8.d.A44F5E32341FC4C2E825E7F0B851455C.e.24860","ELEMENT":"f.BF6F4EA089F18175CED7BE484E452EA8.d.A44F5E32341FC4C2E825E7F0B851455C.e.24860"}]}
COMMAND: POST /session/3247b862f9661e1dad05ca414f9e55ea/element - {"using":"xpath","value":"(//span[contains(@id, \"imgNav\")])[1]"}
COMMAND: GET /session/3247b862f9661e1dad05ca414f9e55ea/screenshot - {}
RESULT: {"using":"xpath","value":"(//span[contains(@id, \"imgNav\")])[1]"}
COMMAND: POST /session/3247b862f9661e1dad05ca414f9e55ea/element/f.BF6F4EA089F18175CED7BE484E452EA8.d.A44F5E32341FC4C2E825E7F0B851455C.e.24857/click - {}
RESULT: {}
RESULT: {}
COMMAND: GET /session/3247b862f9661e1dad05ca414f9e55ea/screenshot - {}
RESULT: {}
RESULT: undefined
COMMAND: POST /session/3247b862f9661e1dad05ca414f9e55ea/execute/async - {"script":"<script> [776 bytes]","args":[{"enterText":"6/3/25","selector":{"id":"issueDatePicker","viewName":"etm.portal.ui.managehandovers.view.DetailExecuteHO","interaction":{"idSuffix":"inner"}},"clearTextFirst":true,"interactionType":"ENTER_TEXT"}]}
RESULT: {"script":"<script> [776 bytes]","args":[{"enterText":"6/3/25","selector":{"id":"issueDatePicker","viewName":"etm.portal.ui.managehandovers.view.DetailExecuteHO","interaction":{"idSuffix":"inner"}},"clearTextFirst":true,"interactionType":"ENTER_TEXT"}]}
COMMAND: POST /session/3247b862f9661e1dad05ca414f9e55ea/element - {"using":"xpath","value":"//button[@data-kt=\"PickingTableConfirmAllButton\"]"}
RESULT: {"using":"xpath","value":"//button[@data-kt=\"PickingTableConfirmAllButton\"]"}
COMMAND: POST /session/3247b862f9661e1dad05ca414f9e55ea/element/f.BF6F4EA089F18175CED7BE484E452EA8.d.A44F5E32341FC4C2E825E7F0B851455C.e.24895/click - {}
RESULT: {}
COMMAND: GET /session/3247b862f9661e1dad05ca414f9e55ea/screenshot - {}
RESULT: {}
COMMAND: POST /session/3247b862f9661e1dad05ca414f9e55ea/element - {"using":"xpath","value":"//bdi[contains(text(), \"OK\")]"}
RESULT: {"using":"xpath","value":"//bdi[contains(text(), \"OK\")]"}
COMMAND: POST /session/3247b862f9661e1dad05ca414f9e55ea/element/f.BF6F4EA089F18175CED7BE484E452EA8.d.A44F5E32341FC4C2E825E7F0B851455C.e.24912/click - {}
RESULT: {}
COMMAND: GET /session/3247b862f9661e1dad05ca414f9e55ea/screenshot - {}
RESULT: {}
COMMAND: POST /session/3247b862f9661e1dad05ca414f9e55ea/element - {"using":"xpath","value":"//button[@data-kt=\"execHoIssueButton\"]"}
RESULT: {"using":"xpath","value":"//button[@data-kt=\"execHoIssueButton\"]"}
COMMAND: POST /session/3247b862f9661e1dad05ca414f9e55ea/element/f.BF6F4EA089F18175CED7BE484E452EA8.d.A44F5E32341FC4C2E825E7F0B851455C.e.24913/click - {}
RESULT: {}
COMMAND: GET /session/3247b862f9661e1dad05ca414f9e55ea/screenshot - {}
RESULT: {}
COMMAND: POST /session/3247b862f9661e1dad05ca414f9e55ea/element - {"using":"xpath","value":"//input[contains(@id ,\"smartFilterBar-btnBasicSearch-I\")]"}
RESULT: {"using":"xpath","value":"//input[contains(@id ,\"smartFilterBar-btnBasicSearch-I\")]"}
COMMAND: POST /session/3247b862f9661e1dad05ca414f9e55ea/elements - {"using":"xpath","value":"//input[contains(@id ,\"smartFilterBar-btnBasicSearch-I\")]"}
RESULT: {"using":"xpath","value":"//input[contains(@id ,\"smartFilterBar-btnBasicSearch-I\")]"}
COMMAND: POST /session/3247b862f9661e1dad05ca414f9e55ea/execute/sync - {"script":"<script> [8489 bytes]","args":[{"element-6066-11e4-a52e-4f735466cecf":"f.BF6F4EA089F18175CED7BE484E452EA8.d.A44F5E32341FC4C2E825E7F0B851455C.e.24337","ELEMENT":"f.BF6F4EA089F18175CED7BE484E452EA8.d.A44F5E32341FC4C2E825E7F0B851455C.e.24337"}]}
RESULT: {"script":"<script> [8489 bytes]","args":[{"element-6066-11e4-a52e-4f735466cecf":"f.BF6F4EA089F18175CED7BE484E452EA8.d.A44F5E32341FC4C2E825E7F0B851455C.e.24337","ELEMENT":"f.BF6F4EA089F18175CED7BE484E452EA8.d.A44F5E32341FC4C2E825E7F0B851455C.e.24337"}]}
COMMAND: GET /session/3247b862f9661e1dad05ca414f9e55ea/element/f.BF6F4EA089F18175CED7BE484E452EA8.d.A44F5E32341FC4C2E825E7F0B851455C.e.24337/enabled - {}
COMMAND: GET /session/3247b862f9661e1dad05ca414f9e55ea/screenshot - {}
RESULT: {}
COMMAND: POST /session/3247b862f9661e1dad05ca414f9e55ea/element/f.BF6F4EA089F18175CED7BE484E452EA8.d.A44F5E32341FC4C2E825E7F0B851455C.e.24337/clear - {}
COMMAND: GET /session/3247b862f9661e1dad05ca414f9e55ea/screenshot - {}
RESULT: {}
RESULT: {}
COMMAND: POST /session/3247b862f9661e1dad05ca414f9e55ea/element/f.BF6F4EA089F18175CED7BE484E452EA8.d.A44F5E32341FC4C2E825E7F0B851455C.e.24337/value - {"text":"30880"}
COMMAND: GET /session/3247b862f9661e1dad05ca414f9e55ea/screenshot - {}
RESULT: {}
RESULT: {"text":"30880"}
COMMAND: GET /session/3247b862f9661e1dad05ca414f9e55ea/screenshot - {}
RESULT: {}
RESULT: {}
COMMAND: POST /session/3247b862f9661e1dad05ca414f9e55ea/actions - {"actions":[{"id":"action88","type":"key","parameters":{},"actions":[{"type":"keyDown","value":"î€‡"},{"type":"pause","duration":10},{"type":"keyUp","value":"î€‡"}]}]}
RESULT: {"actions":[{"id":"action88","type":"key","parameters":{},"actions":[{"type":"keyDown","value":"î€‡"},{"type":"pause","duration":10},{"type":"keyUp","value":"î€‡"}]}]}
COMMAND: GET /session/3247b862f9661e1dad05ca414f9e55ea/screenshot - {}
RESULT: {}
COMMAND: POST /session/3247b862f9661e1dad05ca414f9e55ea/element - {"using":"xpath","value":"//span[contains(@id, \"smartTable-header-inner\")]"}
RESULT: {"using":"xpath","value":"//span[contains(@id, \"smartTable-header-inner\")]"}
COMMAND: POST /session/3247b862f9661e1dad05ca414f9e55ea/elements - {"using":"xpath","value":"//span[contains(@id, \"smartTable-header-inner\")]"}
RESULT: {"using":"xpath","value":"//span[contains(@id, \"smartTable-header-inner\")]"}
COMMAND: POST /session/3247b862f9661e1dad05ca414f9e55ea/execute/sync - {"script":"<script> [56 bytes]","args":[{"element-6066-11e4-a52e-4f735466cecf":"f.BF6F4EA089F18175CED7BE484E452EA8.d.A44F5E32341FC4C2E825E7F0B851455C.e.24858","ELEMENT":"f.BF6F4EA089F18175CED7BE484E452EA8.d.A44F5E32341FC4C2E825E7F0B851455C.e.24858"}]}
RESULT: {"script":"<script> [56 bytes]","args":[{"element-6066-11e4-a52e-4f735466cecf":"f.BF6F4EA089F18175CED7BE484E452EA8.d.A44F5E32341FC4C2E825E7F0B851455C.e.24858","ELEMENT":"f.BF6F4EA089F18175CED7BE484E452EA8.d.A44F5E32341FC4C2E825E7F0B851455C.e.24858"}]}
COMMAND: POST /session/3247b862f9661e1dad05ca414f9e55ea/elements - {"using":"xpath","value":"//thead[contains(@class, \"sapMTableTH\")]/tr/th"}
COMMAND: GET /session/3247b862f9661e1dad05ca414f9e55ea/screenshot - {}
RESULT: {"using":"xpath","value":"//thead[contains(@class, \"sapMTableTH\")]/tr/th"}
COMMAND: GET /session/3247b862f9661e1dad05ca414f9e55ea/element/f.BF6F4EA089F18175CED7BE484E452EA8.d.A44F5E32341FC4C2E825E7F0B851455C.e.24951/text - {}
RESULT: {}
RESULT: {}
COMMAND: GET /session/3247b862f9661e1dad05ca414f9e55ea/element/f.BF6F4EA089F18175CED7BE484E452EA8.d.A44F5E32341FC4C2E825E7F0B851455C.e.24952/text - {}
RESULT: {}
COMMAND: GET /session/3247b862f9661e1dad05ca414f9e55ea/element/f.BF6F4EA089F18175CED7BE484E452EA8.d.A44F5E32341FC4C2E825E7F0B851455C.e.24331/text - {}
RESULT: {}
COMMAND: GET /session/3247b862f9661e1dad05ca414f9e55ea/element/f.BF6F4EA089F18175CED7BE484E452EA8.d.A44F5E32341FC4C2E825E7F0B851455C.e.24333/text - {}
RESULT: {}
COMMAND: GET /session/3247b862f9661e1dad05ca414f9e55ea/element/f.BF6F4EA089F18175CED7BE484E452EA8.d.A44F5E32341FC4C2E825E7F0B851455C.e.24918/text - {}
RESULT: {}
COMMAND: GET /session/3247b862f9661e1dad05ca414f9e55ea/element/f.BF6F4EA089F18175CED7BE484E452EA8.d.A44F5E32341FC4C2E825E7F0B851455C.e.24919/text - {}
RESULT: {}
COMMAND: GET /session/3247b862f9661e1dad05ca414f9e55ea/element/f.BF6F4EA089F18175CED7BE484E452EA8.d.A44F5E32341FC4C2E825E7F0B851455C.e.24920/text - {}
RESULT: {}
COMMAND: GET /session/3247b862f9661e1dad05ca414f9e55ea/element/f.BF6F4EA089F18175CED7BE484E452EA8.d.A44F5E32341FC4C2E825E7F0B851455C.e.24921/text - {}
RESULT: {}
COMMAND: GET /session/3247b862f9661e1dad05ca414f9e55ea/element/f.BF6F4EA089F18175CED7BE484E452EA8.d.A44F5E32341FC4C2E825E7F0B851455C.e.24922/text - {}
RESULT: {}
COMMAND: GET /session/3247b862f9661e1dad05ca414f9e55ea/element/f.BF6F4EA089F18175CED7BE484E452EA8.d.A44F5E32341FC4C2E825E7F0B851455C.e.24923/text - {}
RESULT: {}
COMMAND: GET /session/3247b862f9661e1dad05ca414f9e55ea/element/f.BF6F4EA089F18175CED7BE484E452EA8.d.A44F5E32341FC4C2E825E7F0B851455C.e.24924/text - {}
RESULT: {}
COMMAND: GET /session/3247b862f9661e1dad05ca414f9e55ea/element/f.BF6F4EA089F18175CED7BE484E452EA8.d.A44F5E32341FC4C2E825E7F0B851455C.e.24925/text - {}
RESULT: {}
COMMAND: GET /session/3247b862f9661e1dad05ca414f9e55ea/element/f.BF6F4EA089F18175CED7BE484E452EA8.d.A44F5E32341FC4C2E825E7F0B851455C.e.24926/text - {}
RESULT: {}
COMMAND: GET /session/3247b862f9661e1dad05ca414f9e55ea/element/f.BF6F4EA089F18175CED7BE484E452EA8.d.A44F5E32341FC4C2E825E7F0B851455C.e.24334/text - {}
RESULT: {}
COMMAND: POST /session/3247b862f9661e1dad05ca414f9e55ea/element - {"using":"xpath","value":"//tbody[contains(@id, \"customHandoversTable-tblBody\")]/tr[1]/td[14]/div/span"}
RESULT: {"using":"xpath","value":"//tbody[contains(@id, \"customHandoversTable-tblBody\")]/tr[1]/td[14]/div/span"}
COMMAND: POST /session/3247b862f9661e1dad05ca414f9e55ea/execute/sync - {"script":"<script> [56 bytes]","args":[{"element-6066-11e4-a52e-4f735466cecf":"f.BF6F4EA089F18175CED7BE484E452EA8.d.A44F5E32341FC4C2E825E7F0B851455C.e.25005","ELEMENT":"f.BF6F4EA089F18175CED7BE484E452EA8.d.A44F5E32341FC4C2E825E7F0B851455C.e.25005"}]}
RESULT: {"script":"<script> [56 bytes]","args":[{"element-6066-11e4-a52e-4f735466cecf":"f.BF6F4EA089F18175CED7BE484E452EA8.d.A44F5E32341FC4C2E825E7F0B851455C.e.25005","ELEMENT":"f.BF6F4EA089F18175CED7BE484E452EA8.d.A44F5E32341FC4C2E825E7F0B851455C.e.25005"}]}
COMMAND: POST /session/3247b862f9661e1dad05ca414f9e55ea/element - {"using":"xpath","value":"(//span[contains(@id, \"imgNav\")])[1]"}
COMMAND: GET /session/3247b862f9661e1dad05ca414f9e55ea/screenshot - {}
RESULT: {"using":"xpath","value":"(//span[contains(@id, \"imgNav\")])[1]"}
COMMAND: POST /session/3247b862f9661e1dad05ca414f9e55ea/element/f.BF6F4EA089F18175CED7BE484E452EA8.d.A44F5E32341FC4C2E825E7F0B851455C.e.25006/click - {}
RESULT: {}
RESULT: {}
COMMAND: GET /session/3247b862f9661e1dad05ca414f9e55ea/screenshot - {}
RESULT: {}
RESULT: undefined
COMMAND: POST /session/3247b862f9661e1dad05ca414f9e55ea/execute/async - {"script":"<script> [776 bytes]","args":[{"enterText":"6/10/25","selector":{"id":"receiptDatePicker","viewName":"etm.portal.ui.managehandovers.view.DetailExecuteHO","interaction":{"idSuffix":"inner"}},"clearTextFirst":true,"interactionType":"ENTER_TEXT"}]}
RESULT: {"script":"<script> [776 bytes]","args":[{"enterText":"6/10/25","selector":{"id":"receiptDatePicker","viewName":"etm.portal.ui.managehandovers.view.DetailExecuteHO","interaction":{"idSuffix":"inner"}},"clearTextFirst":true,"interactionType":"ENTER_TEXT"}]}
COMMAND: POST /session/3247b862f9661e1dad05ca414f9e55ea/element - {"using":"xpath","value":"//bdi[contains(text(), \"OK\")]"}
RESULT: {"using":"xpath","value":"//bdi[contains(text(), \"OK\")]"}
COMMAND: POST /session/3247b862f9661e1dad05ca414f9e55ea/element/f.BF6F4EA089F18175CED7BE484E452EA8.d.A44F5E32341FC4C2E825E7F0B851455C.e.25043/click - {}
RESULT: {}
COMMAND: GET /session/3247b862f9661e1dad05ca414f9e55ea/screenshot - {}
RESULT: {}
COMMAND: POST /session/3247b862f9661e1dad05ca414f9e55ea/element - {"using":"xpath","value":"//button[@data-kt=\"PickingTableConfirmAllButton\"]"}
RESULT: {"using":"xpath","value":"//button[@data-kt=\"PickingTableConfirmAllButton\"]"}
COMMAND: POST /session/3247b862f9661e1dad05ca414f9e55ea/element/f.BF6F4EA089F18175CED7BE484E452EA8.d.A44F5E32341FC4C2E825E7F0B851455C.e.25029/click - {}
RESULT: {}
COMMAND: GET /session/3247b862f9661e1dad05ca414f9e55ea/screenshot - {}
RESULT: {}
COMMAND: POST /session/3247b862f9661e1dad05ca414f9e55ea/element - {"using":"xpath","value":"//bdi[contains(text(), \"OK\")]"}
RESULT: {"using":"xpath","value":"//bdi[contains(text(), \"OK\")]"}
COMMAND: POST /session/3247b862f9661e1dad05ca414f9e55ea/element/f.BF6F4EA089F18175CED7BE484E452EA8.d.A44F5E32341FC4C2E825E7F0B851455C.e.25056/click - {}
RESULT: {}
COMMAND: GET /session/3247b862f9661e1dad05ca414f9e55ea/screenshot - {}
RESULT: {}
COMMAND: POST /session/3247b862f9661e1dad05ca414f9e55ea/element - {"using":"xpath","value":"//button[@data-kt= \"execHoReceiveButton\"]"}
RESULT: {"using":"xpath","value":"//button[@data-kt= \"execHoReceiveButton\"]"}
COMMAND: POST /session/3247b862f9661e1dad05ca414f9e55ea/element/f.BF6F4EA089F18175CED7BE484E452EA8.d.A44F5E32341FC4C2E825E7F0B851455C.e.25057/click - {}
RESULT: {}
COMMAND: GET /session/3247b862f9661e1dad05ca414f9e55ea/screenshot - {}
RESULT: {}
COMMAND: POST /session/3247b862f9661e1dad05ca414f9e55ea/element - {"using":"xpath","value":"//input[contains(@id ,\"smartFilterBar-btnBasicSearch-I\")]"}
RESULT: {"using":"xpath","value":"//input[contains(@id ,\"smartFilterBar-btnBasicSearch-I\")]"}
COMMAND: POST /session/3247b862f9661e1dad05ca414f9e55ea/elements - {"using":"xpath","value":"//input[contains(@id ,\"smartFilterBar-btnBasicSearch-I\")]"}
RESULT: {"using":"xpath","value":"//input[contains(@id ,\"smartFilterBar-btnBasicSearch-I\")]"}
COMMAND: POST /session/3247b862f9661e1dad05ca414f9e55ea/execute/sync - {"script":"<script> [8489 bytes]","args":[{"element-6066-11e4-a52e-4f735466cecf":"f.BF6F4EA089F18175CED7BE484E452EA8.d.A44F5E32341FC4C2E825E7F0B851455C.e.24337","ELEMENT":"f.BF6F4EA089F18175CED7BE484E452EA8.d.A44F5E32341FC4C2E825E7F0B851455C.e.24337"}]}
RESULT: {"script":"<script> [8489 bytes]","args":[{"element-6066-11e4-a52e-4f735466cecf":"f.BF6F4EA089F18175CED7BE484E452EA8.d.A44F5E32341FC4C2E825E7F0B851455C.e.24337","ELEMENT":"f.BF6F4EA089F18175CED7BE484E452EA8.d.A44F5E32341FC4C2E825E7F0B851455C.e.24337"}]}
COMMAND: GET /session/3247b862f9661e1dad05ca414f9e55ea/element/f.BF6F4EA089F18175CED7BE484E452EA8.d.A44F5E32341FC4C2E825E7F0B851455C.e.24337/enabled - {}
COMMAND: GET /session/3247b862f9661e1dad05ca414f9e55ea/screenshot - {}
RESULT: {}
COMMAND: POST /session/3247b862f9661e1dad05ca414f9e55ea/element/f.BF6F4EA089F18175CED7BE484E452EA8.d.A44F5E32341FC4C2E825E7F0B851455C.e.24337/clear - {}
COMMAND: GET /session/3247b862f9661e1dad05ca414f9e55ea/screenshot - {}
RESULT: {}
RESULT: {}
COMMAND: POST /session/3247b862f9661e1dad05ca414f9e55ea/element/f.BF6F4EA089F18175CED7BE484E452EA8.d.A44F5E32341FC4C2E825E7F0B851455C.e.24337/value - {"text":"30880"}
COMMAND: GET /session/3247b862f9661e1dad05ca414f9e55ea/screenshot - {}
RESULT: {}
RESULT: {"text":"30880"}
COMMAND: GET /session/3247b862f9661e1dad05ca414f9e55ea/screenshot - {}
RESULT: {}
RESULT: {}
COMMAND: POST /session/3247b862f9661e1dad05ca414f9e55ea/actions - {"actions":[{"id":"action89","type":"key","parameters":{},"actions":[{"type":"keyDown","value":"î€‡"},{"type":"pause","duration":10},{"type":"keyUp","value":"î€‡"}]}]}
RESULT: {"actions":[{"id":"action89","type":"key","parameters":{},"actions":[{"type":"keyDown","value":"î€‡"},{"type":"pause","duration":10},{"type":"keyUp","value":"î€‡"}]}]}
COMMAND: GET /session/3247b862f9661e1dad05ca414f9e55ea/screenshot - {}
RESULT: {}
COMMAND: POST /session/3247b862f9661e1dad05ca414f9e55ea/element - {"using":"xpath","value":"//span[contains(@id, \"smartTable-header-inner\")]"}
RESULT: {"using":"xpath","value":"//span[contains(@id, \"smartTable-header-inner\")]"}
COMMAND: POST /session/3247b862f9661e1dad05ca414f9e55ea/elements - {"using":"xpath","value":"//span[contains(@id, \"smartTable-header-inner\")]"}
RESULT: {"using":"xpath","value":"//span[contains(@id, \"smartTable-header-inner\")]"}
COMMAND: POST /session/3247b862f9661e1dad05ca414f9e55ea/execute/sync - {"script":"<script> [56 bytes]","args":[{"element-6066-11e4-a52e-4f735466cecf":"f.BF6F4EA089F18175CED7BE484E452EA8.d.A44F5E32341FC4C2E825E7F0B851455C.e.24858","ELEMENT":"f.BF6F4EA089F18175CED7BE484E452EA8.d.A44F5E32341FC4C2E825E7F0B851455C.e.24858"}]}
RESULT: {"script":"<script> [56 bytes]","args":[{"element-6066-11e4-a52e-4f735466cecf":"f.BF6F4EA089F18175CED7BE484E452EA8.d.A44F5E32341FC4C2E825E7F0B851455C.e.24858","ELEMENT":"f.BF6F4EA089F18175CED7BE484E452EA8.d.A44F5E32341FC4C2E825E7F0B851455C.e.24858"}]}
COMMAND: POST /session/3247b862f9661e1dad05ca414f9e55ea/elements - {"using":"xpath","value":"//thead[contains(@class, \"sapMTableTH\")]/tr/th"}
COMMAND: GET /session/3247b862f9661e1dad05ca414f9e55ea/screenshot - {}
RESULT: {"using":"xpath","value":"//thead[contains(@class, \"sapMTableTH\")]/tr/th"}
COMMAND: GET /session/3247b862f9661e1dad05ca414f9e55ea/element/f.BF6F4EA089F18175CED7BE484E452EA8.d.A44F5E32341FC4C2E825E7F0B851455C.e.24951/text - {}
RESULT: {}
RESULT: {}
COMMAND: GET /session/3247b862f9661e1dad05ca414f9e55ea/element/f.BF6F4EA089F18175CED7BE484E452EA8.d.A44F5E32341FC4C2E825E7F0B851455C.e.24952/text - {}
RESULT: {}
COMMAND: GET /session/3247b862f9661e1dad05ca414f9e55ea/element/f.BF6F4EA089F18175CED7BE484E452EA8.d.A44F5E32341FC4C2E825E7F0B851455C.e.24331/text - {}
RESULT: {}
COMMAND: GET /session/3247b862f9661e1dad05ca414f9e55ea/element/f.BF6F4EA089F18175CED7BE484E452EA8.d.A44F5E32341FC4C2E825E7F0B851455C.e.24333/text - {}
RESULT: {}
COMMAND: GET /session/3247b862f9661e1dad05ca414f9e55ea/element/f.BF6F4EA089F18175CED7BE484E452EA8.d.A44F5E32341FC4C2E825E7F0B851455C.e.25062/text - {}
RESULT: {}
COMMAND: GET /session/3247b862f9661e1dad05ca414f9e55ea/element/f.BF6F4EA089F18175CED7BE484E452EA8.d.A44F5E32341FC4C2E825E7F0B851455C.e.25063/text - {}
RESULT: {}
COMMAND: GET /session/3247b862f9661e1dad05ca414f9e55ea/element/f.BF6F4EA089F18175CED7BE484E452EA8.d.A44F5E32341FC4C2E825E7F0B851455C.e.25064/text - {}
RESULT: {}
COMMAND: GET /session/3247b862f9661e1dad05ca414f9e55ea/element/f.BF6F4EA089F18175CED7BE484E452EA8.d.A44F5E32341FC4C2E825E7F0B851455C.e.25065/text - {}
RESULT: {}
COMMAND: GET /session/3247b862f9661e1dad05ca414f9e55ea/element/f.BF6F4EA089F18175CED7BE484E452EA8.d.A44F5E32341FC4C2E825E7F0B851455C.e.25066/text - {}
RESULT: {}
COMMAND: GET /session/3247b862f9661e1dad05ca414f9e55ea/element/f.BF6F4EA089F18175CED7BE484E452EA8.d.A44F5E32341FC4C2E825E7F0B851455C.e.25067/text - {}
RESULT: {}
COMMAND: GET /session/3247b862f9661e1dad05ca414f9e55ea/element/f.BF6F4EA089F18175CED7BE484E452EA8.d.A44F5E32341FC4C2E825E7F0B851455C.e.25068/text - {}
RESULT: {}
COMMAND: GET /session/3247b862f9661e1dad05ca414f9e55ea/element/f.BF6F4EA089F18175CED7BE484E452EA8.d.A44F5E32341FC4C2E825E7F0B851455C.e.25069/text - {}
RESULT: {}
COMMAND: GET /session/3247b862f9661e1dad05ca414f9e55ea/element/f.BF6F4EA089F18175CED7BE484E452EA8.d.A44F5E32341FC4C2E825E7F0B851455C.e.25070/text - {}
RESULT: {}
COMMAND: GET /session/3247b862f9661e1dad05ca414f9e55ea/element/f.BF6F4EA089F18175CED7BE484E452EA8.d.A44F5E32341FC4C2E825E7F0B851455C.e.24334/text - {}
RESULT: {}
COMMAND: POST /session/3247b862f9661e1dad05ca414f9e55ea/element - {"using":"xpath","value":"//tbody[contains(@id, \"customHandoversTable-tblBody\")]/tr[1]/td[14]/div/span"}
RESULT: {"using":"xpath","value":"//tbody[contains(@id, \"customHandoversTable-tblBody\")]/tr[1]/td[14]/div/span"}
COMMAND: POST /session/3247b862f9661e1dad05ca414f9e55ea/execute/sync - {"script":"<script> [56 bytes]","args":[{"element-6066-11e4-a52e-4f735466cecf":"f.BF6F4EA089F18175CED7BE484E452EA8.d.A44F5E32341FC4C2E825E7F0B851455C.e.25114","ELEMENT":"f.BF6F4EA089F18175CED7BE484E452EA8.d.A44F5E32341FC4C2E825E7F0B851455C.e.25114"}]}
RESULT: {"script":"<script> [56 bytes]","args":[{"element-6066-11e4-a52e-4f735466cecf":"f.BF6F4EA089F18175CED7BE484E452EA8.d.A44F5E32341FC4C2E825E7F0B851455C.e.25114","ELEMENT":"f.BF6F4EA089F18175CED7BE484E452EA8.d.A44F5E32341FC4C2E825E7F0B851455C.e.25114"}]}
COMMAND: POST /session/3247b862f9661e1dad05ca414f9e55ea/element - {"using":"css selector","value":"#shell-header-logo"}
COMMAND: GET /session/3247b862f9661e1dad05ca414f9e55ea/screenshot - {}
RESULT: {"using":"css selector","value":"#shell-header-logo"}
COMMAND: POST /session/3247b862f9661e1dad05ca414f9e55ea/element/f.BF6F4EA089F18175CED7BE484E452EA8.d.A44F5E32341FC4C2E825E7F0B851455C.e.24019/click - {}
RESULT: {}
RESULT: {}
COMMAND: GET /session/3247b862f9661e1dad05ca414f9e55ea/screenshot - {}
RESULT: {}
]]></system-out>
    </testcase>
    <testcase classname="chrome.136_0_7103_93.windows.Billing_Calculation_-_Time_based_(considering_transport_times)_US139738" name="Should do another billing run but in around 17 days from today" time="65.083">
      <system-out><![CDATA[
RESULT: undefined
COMMAND: POST /session/3247b862f9661e1dad05ca414f9e55ea/element - {"using":"xpath","value":"//*[@id=\"__tile51\"]"}
RESULT: {"using":"xpath","value":"//*[@id=\"__tile51\"]"}
COMMAND: POST /session/3247b862f9661e1dad05ca414f9e55ea/element/f.BF6F4EA089F18175CED7BE484E452EA8.d.A44F5E32341FC4C2E825E7F0B851455C.e.19601/click - {}
RESULT: {}
COMMAND: GET /session/3247b862f9661e1dad05ca414f9e55ea/screenshot - {}
RESULT: {}
COMMAND: POST /session/3247b862f9661e1dad05ca414f9e55ea/elements - {"using":"xpath","value":"//span[text()='Error']"}
RESULT: {"using":"xpath","value":"//span[text()='Error']"}
RESULT: undefined
COMMAND: POST /session/3247b862f9661e1dad05ca414f9e55ea/execute/async - {"script":"<script> [776 bytes]","args":[{"enterText":"10441","selector":{"id":"application-managebillings-display-component---billRunCalcResult--smartFilterBar-btnBasicSearch","interaction":{"idSuffix":"I"}},"clearTextFirst":true,"interactionType":"ENTER_TEXT"}]}
RESULT: {"script":"<script> [776 bytes]","args":[{"enterText":"10441","selector":{"id":"application-managebillings-display-component---billRunCalcResult--smartFilterBar-btnBasicSearch","interaction":{"idSuffix":"I"}},"clearTextFirst":true,"interactionType":"ENTER_TEXT"}]}
COMMAND: POST /session/3247b862f9661e1dad05ca414f9e55ea/actions - {"actions":[{"id":"action90","type":"key","parameters":{},"actions":[{"type":"keyDown","value":"î€‡"},{"type":"pause","duration":10},{"type":"keyUp","value":"î€‡"}]}]}
RESULT: {"actions":[{"id":"action90","type":"key","parameters":{},"actions":[{"type":"keyDown","value":"î€‡"},{"type":"pause","duration":10},{"type":"keyUp","value":"î€‡"}]}]}
COMMAND: GET /session/3247b862f9661e1dad05ca414f9e55ea/screenshot - {}
RESULT: {}
COMMAND: POST /session/3247b862f9661e1dad05ca414f9e55ea/element - {"using":"xpath","value":"//td[@aria-colindex=\"1\"]/div/div[contains(@class, \"sapMCbBg\")]"}
RESULT: {"using":"xpath","value":"//td[@aria-colindex=\"1\"]/div/div[contains(@class, \"sapMCbBg\")]"}
COMMAND: POST /session/3247b862f9661e1dad05ca414f9e55ea/element/f.BF6F4EA089F18175CED7BE484E452EA8.d.A44F5E32341FC4C2E825E7F0B851455C.e.25321/click - {}
RESULT: {}
COMMAND: GET /session/3247b862f9661e1dad05ca414f9e55ea/screenshot - {}
RESULT: {}
RESULT: undefined
COMMAND: POST /session/3247b862f9661e1dad05ca414f9e55ea/execute/async - {"script":"<script> [776 bytes]","args":[{"enterText":"6/6/25","selector":{"id":"application-managebillings-display-component---billRunCalcResult--contractBillRunDate","interaction":{"idSuffix":"inner"}},"clearTextFirst":true,"interactionType":"ENTER_TEXT"}]}
RESULT: {"script":"<script> [776 bytes]","args":[{"enterText":"6/6/25","selector":{"id":"application-managebillings-display-component---billRunCalcResult--contractBillRunDate","interaction":{"idSuffix":"inner"}},"clearTextFirst":true,"interactionType":"ENTER_TEXT"}]}
COMMAND: POST /session/3247b862f9661e1dad05ca414f9e55ea/element - {"using":"xpath","value":"//bdi[contains(text(), \"Trigger Calculation\")]"}
RESULT: {"using":"xpath","value":"//bdi[contains(text(), \"Trigger Calculation\")]"}
COMMAND: POST /session/3247b862f9661e1dad05ca414f9e55ea/element/f.BF6F4EA089F18175CED7BE484E452EA8.d.A44F5E32341FC4C2E825E7F0B851455C.e.25372/click - {}
RESULT: {}
COMMAND: GET /session/3247b862f9661e1dad05ca414f9e55ea/screenshot - {}
RESULT: {}
COMMAND: POST /session/3247b862f9661e1dad05ca414f9e55ea/element - {"using":"xpath","value":"(//span[contains(@id, \"imgNav\")])[1]"}
RESULT: {"using":"xpath","value":"(//span[contains(@id, \"imgNav\")])[1]"}
COMMAND: POST /session/3247b862f9661e1dad05ca414f9e55ea/element/f.BF6F4EA089F18175CED7BE484E452EA8.d.A44F5E32341FC4C2E825E7F0B851455C.e.25322/click - {}
RESULT: {}
COMMAND: GET /session/3247b862f9661e1dad05ca414f9e55ea/screenshot - {}
RESULT: {}
COMMAND: POST /session/3247b862f9661e1dad05ca414f9e55ea/element - {"using":"xpath","value":"//tr/td[6]/div[1]/span[1]/span[1]"}
RESULT: {"using":"xpath","value":"//tr/td[6]/div[1]/span[1]/span[1]"}
COMMAND: GET /session/3247b862f9661e1dad05ca414f9e55ea/element/f.BF6F4EA089F18175CED7BE484E452EA8.d.A44F5E32341FC4C2E825E7F0B851455C.e.25376/text - {}
RESULT: {}
COMMAND: POST /session/3247b862f9661e1dad05ca414f9e55ea/element - {"using":"xpath","value":"(//span[contains(@id, \"imgNav\")])[2]"}
RESULT: {"using":"xpath","value":"(//span[contains(@id, \"imgNav\")])[2]"}
COMMAND: POST /session/3247b862f9661e1dad05ca414f9e55ea/element/f.BF6F4EA089F18175CED7BE484E452EA8.d.A44F5E32341FC4C2E825E7F0B851455C.e.25377/click - {}
RESULT: {}
COMMAND: POST /session/3247b862f9661e1dad05ca414f9e55ea/element - {"using":"xpath","value":"//bdi[contains(text(), \"Business Confirm\")]"}
COMMAND: GET /session/3247b862f9661e1dad05ca414f9e55ea/screenshot - {}
RESULT: {"using":"xpath","value":"//bdi[contains(text(), \"Business Confirm\")]"}
COMMAND: POST /session/3247b862f9661e1dad05ca414f9e55ea/elements - {"using":"xpath","value":"//bdi[contains(text(), \"Business Confirm\")]"}
RESULT: {}
RESULT: {"using":"xpath","value":"//bdi[contains(text(), \"Business Confirm\")]"}
COMMAND: POST /session/3247b862f9661e1dad05ca414f9e55ea/element - {"using":"xpath","value":"//bdi[contains(text(), \"Business Confirm\")]"}
RESULT: {"using":"xpath","value":"//bdi[contains(text(), \"Business Confirm\")]"}
COMMAND: POST /session/3247b862f9661e1dad05ca414f9e55ea/element/f.BF6F4EA089F18175CED7BE484E452EA8.d.A44F5E32341FC4C2E825E7F0B851455C.e.25380/click - {}
RESULT: {}
COMMAND: POST /session/3247b862f9661e1dad05ca414f9e55ea/element - {"using":"css selector","value":"#shell-header-logo"}
COMMAND: GET /session/3247b862f9661e1dad05ca414f9e55ea/screenshot - {}
RESULT: {"using":"css selector","value":"#shell-header-logo"}
COMMAND: POST /session/3247b862f9661e1dad05ca414f9e55ea/element/f.BF6F4EA089F18175CED7BE484E452EA8.d.A44F5E32341FC4C2E825E7F0B851455C.e.25118/click - {}
RESULT: {}
RESULT: {}
COMMAND: GET /session/3247b862f9661e1dad05ca414f9e55ea/screenshot - {}
RESULT: {}
]]></system-out>
    </testcase>
  </testsuite>
</testsuites>