<?xml version="1.0" encoding="UTF-8"?>
<testsuites tests="49" failures="0" errors="0" skipped="0">
  <testsuite timestamp="2025-04-25T15:07:18" time="1731.967" tests="49" failures="0" errors="0" skipped="0">
    <properties>
      <property name="specId" value="0" />
      <property name="suiteName" value="Sanity Tests US104253" />
      <property name="capabilities" value="chrome.135_0_7049_96.windows" />
      <property name="file" value="file:///D:/a/1/s/test/specs/General/sanity.spec.js" />
    </properties>
    <testcase classname="chrome.135_0_7049_96.windows.Sanity_Tests_US104253" name="Should open Manage Partners page" time="33.021">
      <system-out><![CDATA[
COMMAND: POST /session/f7171b6cbff09e3fe27f163b207c7e02/execute/async - {"script":"<script> [1562 bytes]","args":[{"selector":{"controlType":"sap.m.GenericTile","properties":{"header":"Manage Partners"}},"wdio_ui5_key":"sapm.GenericTile{\"header\":\"Manage Partners\"}"}]}
RESULT: {"script":"<script> [1562 bytes]","args":[{"selector":{"controlType":"sap.m.GenericTile","properties":{"header":"Manage Partners"}},"wdio_ui5_key":"sapm.GenericTile{\"header\":\"Manage Partners\"}"}]}
RESULT: undefined
COMMAND: POST /session/f7171b6cbff09e3fe27f163b207c7e02/element - {"using":"xpath","value":"//*[@id=\"__tile38\"]"}
RESULT: {"using":"xpath","value":"//*[@id=\"__tile38\"]"}
COMMAND: POST /session/f7171b6cbff09e3fe27f163b207c7e02/element/f.3E293DF0AA329CA2114D971FFEC9FE37.d.17A6CCFF67756BA471BC2EB9BD5BEE90.e.107/click - {}
RESULT: {}
COMMAND: GET /session/f7171b6cbff09e3fe27f163b207c7e02/screenshot - {}
RESULT: {}
RESULT: undefined
COMMAND: POST /session/f7171b6cbff09e3fe27f163b207c7e02/element - {"using":"xpath","value":"//*[@id=\"__tile38\"]"}
RESULT: {"using":"xpath","value":"//*[@id=\"__tile38\"]"}
COMMAND: POST /session/f7171b6cbff09e3fe27f163b207c7e02/element/f.3E293DF0AA329CA2114D971FFEC9FE37.d.17A6CCFF67756BA471BC2EB9BD5BEE90.e.107/click - {}
RESULT: undefined
COMMAND: POST /session/f7171b6cbff09e3fe27f163b207c7e02/element - {"using":"xpath","value":"//*[@id=\"__tile38\"]"}
RESULT: {"using":"xpath","value":"//*[@id=\"__tile38\"]"}
COMMAND: POST /session/f7171b6cbff09e3fe27f163b207c7e02/element/f.3E293DF0AA329CA2114D971FFEC9FE37.d.17A6CCFF67756BA471BC2EB9BD5BEE90.e.107/click - {}
COMMAND: POST /session/f7171b6cbff09e3fe27f163b207c7e02/execute/async - {"script":"<script> [1562 bytes]","args":[{"selector":{"id":"shellAppTitle"},"wdio_ui5_key":"shellAppTitle"}]}
RESULT: {"script":"<script> [1562 bytes]","args":[{"selector":{"id":"shellAppTitle"},"wdio_ui5_key":"shellAppTitle"}]}
RESULT: undefined
COMMAND: POST /session/f7171b6cbff09e3fe27f163b207c7e02/execute/async - {"script":"<script> [6424 bytes]","args":[{"element-6066-11e4-a52e-4f735466cecf":"f.3E293DF0AA329CA2114D971FFEC9FE37.d.17A6CCFF67756BA471BC2EB9BD5BEE90.e.254"},"getTitle",[]]}
RESULT: {"script":"<script> [6424 bytes]","args":[{"element-6066-11e4-a52e-4f735466cecf":"f.3E293DF0AA329CA2114D971FFEC9FE37.d.17A6CCFF67756BA471BC2EB9BD5BEE90.e.254"},"getTitle",[]]}
COMMAND: POST /session/f7171b6cbff09e3fe27f163b207c7e02/execute/async - {"script":"<script> [1562 bytes]","args":[{"selector":{"id":"backBtn"},"wdio_ui5_key":"backBtn"}]}
RESULT: {"script":"<script> [1562 bytes]","args":[{"selector":{"id":"backBtn"},"wdio_ui5_key":"backBtn"}]}
RESULT: undefined
COMMAND: POST /session/f7171b6cbff09e3fe27f163b207c7e02/element - {"using":"xpath","value":"//*[@id=\"backBtn\"]"}
RESULT: {"using":"xpath","value":"//*[@id=\"backBtn\"]"}
COMMAND: POST /session/f7171b6cbff09e3fe27f163b207c7e02/element/f.3E293DF0AA329CA2114D971FFEC9FE37.d.17A6CCFF67756BA471BC2EB9BD5BEE90.e.255/click - {}
RESULT: {}
COMMAND: GET /session/f7171b6cbff09e3fe27f163b207c7e02/screenshot - {}
RESULT: {}
]]></system-out>
    </testcase>
    <testcase classname="chrome.135_0_7049_96.windows.Sanity_Tests_US104253" name="Should open Manage Sites page" time="36.972">
      <system-out><![CDATA[
COMMAND: POST /session/f7171b6cbff09e3fe27f163b207c7e02/execute/async - {"script":"<script> [1562 bytes]","args":[{"selector":{"controlType":"sap.m.GenericTile","properties":{"header":"Manage Sites"}},"wdio_ui5_key":"sapm.GenericTile{\"header\":\"Manage Sites\"}"}]}
RESULT: {"script":"<script> [1562 bytes]","args":[{"selector":{"controlType":"sap.m.GenericTile","properties":{"header":"Manage Sites"}},"wdio_ui5_key":"sapm.GenericTile{\"header\":\"Manage Sites\"}"}]}
RESULT: undefined
COMMAND: POST /session/f7171b6cbff09e3fe27f163b207c7e02/element - {"using":"xpath","value":"//*[@id=\"__tile40\"]"}
RESULT: {"using":"xpath","value":"//*[@id=\"__tile40\"]"}
COMMAND: POST /session/f7171b6cbff09e3fe27f163b207c7e02/element/f.3E293DF0AA329CA2114D971FFEC9FE37.d.17A6CCFF67756BA471BC2EB9BD5BEE90.e.259/click - {}
RESULT: {}
COMMAND: GET /session/f7171b6cbff09e3fe27f163b207c7e02/screenshot - {}
RESULT: {}
RESULT: undefined
COMMAND: POST /session/f7171b6cbff09e3fe27f163b207c7e02/element - {"using":"xpath","value":"//*[@id=\"__tile40\"]"}
RESULT: {"using":"xpath","value":"//*[@id=\"__tile40\"]"}
COMMAND: POST /session/f7171b6cbff09e3fe27f163b207c7e02/element/f.3E293DF0AA329CA2114D971FFEC9FE37.d.17A6CCFF67756BA471BC2EB9BD5BEE90.e.259/click - {}
RESULT: undefined
COMMAND: POST /session/f7171b6cbff09e3fe27f163b207c7e02/element - {"using":"xpath","value":"//*[@id=\"__tile40\"]"}
RESULT: {"using":"xpath","value":"//*[@id=\"__tile40\"]"}
COMMAND: POST /session/f7171b6cbff09e3fe27f163b207c7e02/element/f.3E293DF0AA329CA2114D971FFEC9FE37.d.17A6CCFF67756BA471BC2EB9BD5BEE90.e.259/click - {}
RESULT: undefined
COMMAND: POST /session/f7171b6cbff09e3fe27f163b207c7e02/execute/async - {"script":"<script> [6424 bytes]","args":[{"element-6066-11e4-a52e-4f735466cecf":"f.3E293DF0AA329CA2114D971FFEC9FE37.d.17A6CCFF67756BA471BC2EB9BD5BEE90.e.254"},"getTitle",[]]}
COMMAND: POST /session/f7171b6cbff09e3fe27f163b207c7e02/execute/async - {"script":"<script> [1562 bytes]","args":[{"selector":{"id":"shellAppTitle"},"wdio_ui5_key":"shellAppTitle"}]}
RESULT: {"script":"<script> [1562 bytes]","args":[{"selector":{"id":"shellAppTitle"},"wdio_ui5_key":"shellAppTitle"}]}
COMMAND: POST /session/f7171b6cbff09e3fe27f163b207c7e02/execute/async - {"script":"<script> [6424 bytes]","args":[{"element-6066-11e4-a52e-4f735466cecf":"f.3E293DF0AA329CA2114D971FFEC9FE37.d.17A6CCFF67756BA471BC2EB9BD5BEE90.e.421"},"getTitle",[]]}
RESULT: {"script":"<script> [6424 bytes]","args":[{"element-6066-11e4-a52e-4f735466cecf":"f.3E293DF0AA329CA2114D971FFEC9FE37.d.17A6CCFF67756BA471BC2EB9BD5BEE90.e.421"},"getTitle",[]]}
RESULT: undefined
COMMAND: POST /session/f7171b6cbff09e3fe27f163b207c7e02/element/f.3E293DF0AA329CA2114D971FFEC9FE37.d.17A6CCFF67756BA471BC2EB9BD5BEE90.e.255/click - {}
RESULT: {}
COMMAND: GET /session/f7171b6cbff09e3fe27f163b207c7e02/screenshot - {}
RESULT: {}
]]></system-out>
    </testcase>
    <testcase classname="chrome.135_0_7049_96.windows.Sanity_Tests_US104253" name="Should open Manage Resources page" time="32.643">
      <system-out><![CDATA[
COMMAND: POST /session/f7171b6cbff09e3fe27f163b207c7e02/execute/async - {"script":"<script> [1562 bytes]","args":[{"selector":{"controlType":"sap.m.GenericTile","properties":{"header":"Manage Resources"}},"wdio_ui5_key":"sapm.GenericTile{\"header\":\"Manage Resources\"}"}]}
RESULT: {"script":"<script> [1562 bytes]","args":[{"selector":{"controlType":"sap.m.GenericTile","properties":{"header":"Manage Resources"}},"wdio_ui5_key":"sapm.GenericTile{\"header\":\"Manage Resources\"}"}]}
RESULT: undefined
COMMAND: POST /session/f7171b6cbff09e3fe27f163b207c7e02/element - {"using":"xpath","value":"//*[@id=\"__tile39\"]"}
RESULT: {"using":"xpath","value":"//*[@id=\"__tile39\"]"}
COMMAND: POST /session/f7171b6cbff09e3fe27f163b207c7e02/element/f.3E293DF0AA329CA2114D971FFEC9FE37.d.17A6CCFF67756BA471BC2EB9BD5BEE90.e.423/click - {}
RESULT: {}
COMMAND: GET /session/f7171b6cbff09e3fe27f163b207c7e02/screenshot - {}
RESULT: {}
RESULT: undefined
COMMAND: POST /session/f7171b6cbff09e3fe27f163b207c7e02/element - {"using":"xpath","value":"//*[@id=\"__tile39\"]"}
RESULT: {"using":"xpath","value":"//*[@id=\"__tile39\"]"}
COMMAND: POST /session/f7171b6cbff09e3fe27f163b207c7e02/element/f.3E293DF0AA329CA2114D971FFEC9FE37.d.17A6CCFF67756BA471BC2EB9BD5BEE90.e.423/click - {}
RESULT: undefined
COMMAND: POST /session/f7171b6cbff09e3fe27f163b207c7e02/element - {"using":"xpath","value":"//*[@id=\"__tile39\"]"}
RESULT: {"using":"xpath","value":"//*[@id=\"__tile39\"]"}
COMMAND: POST /session/f7171b6cbff09e3fe27f163b207c7e02/element/f.3E293DF0AA329CA2114D971FFEC9FE37.d.17A6CCFF67756BA471BC2EB9BD5BEE90.e.423/click - {}
RESULT: undefined
COMMAND: POST /session/f7171b6cbff09e3fe27f163b207c7e02/execute/async - {"script":"<script> [6424 bytes]","args":[{"element-6066-11e4-a52e-4f735466cecf":"f.3E293DF0AA329CA2114D971FFEC9FE37.d.17A6CCFF67756BA471BC2EB9BD5BEE90.e.254"},"getTitle",[]]}
COMMAND: POST /session/f7171b6cbff09e3fe27f163b207c7e02/execute/async - {"script":"<script> [1562 bytes]","args":[{"selector":{"id":"shellAppTitle"},"wdio_ui5_key":"shellAppTitle"}]}
RESULT: {"script":"<script> [1562 bytes]","args":[{"selector":{"id":"shellAppTitle"},"wdio_ui5_key":"shellAppTitle"}]}
COMMAND: POST /session/f7171b6cbff09e3fe27f163b207c7e02/execute/async - {"script":"<script> [6424 bytes]","args":[{"element-6066-11e4-a52e-4f735466cecf":"f.3E293DF0AA329CA2114D971FFEC9FE37.d.17A6CCFF67756BA471BC2EB9BD5BEE90.e.595"},"getTitle",[]]}
RESULT: {"script":"<script> [6424 bytes]","args":[{"element-6066-11e4-a52e-4f735466cecf":"f.3E293DF0AA329CA2114D971FFEC9FE37.d.17A6CCFF67756BA471BC2EB9BD5BEE90.e.595"},"getTitle",[]]}
RESULT: undefined
COMMAND: POST /session/f7171b6cbff09e3fe27f163b207c7e02/element/f.3E293DF0AA329CA2114D971FFEC9FE37.d.17A6CCFF67756BA471BC2EB9BD5BEE90.e.255/click - {}
COMMAND: POST /session/f7171b6cbff09e3fe27f163b207c7e02/element - {"using":"xpath","value":"//*[@id=\"backBtn\"]"}
RESULT: {"using":"xpath","value":"//*[@id=\"backBtn\"]"}
COMMAND: POST /session/f7171b6cbff09e3fe27f163b207c7e02/element/f.3E293DF0AA329CA2114D971FFEC9FE37.d.17A6CCFF67756BA471BC2EB9BD5BEE90.e.255/click - {}
COMMAND: POST /session/f7171b6cbff09e3fe27f163b207c7e02/element - {"using":"xpath","value":"//*[@id=\"backBtn\"]"}
RESULT: {"using":"xpath","value":"//*[@id=\"backBtn\"]"}
COMMAND: POST /session/f7171b6cbff09e3fe27f163b207c7e02/element/f.3E293DF0AA329CA2114D971FFEC9FE37.d.17A6CCFF67756BA471BC2EB9BD5BEE90.e.596/click - {}
RESULT: {}
COMMAND: GET /session/f7171b6cbff09e3fe27f163b207c7e02/screenshot - {}
RESULT: {}
]]></system-out>
    </testcase>
    <testcase classname="chrome.135_0_7049_96.windows.Sanity_Tests_US104253" name="Should open Manage Catalogs page" time="32.456">
      <system-out><![CDATA[
COMMAND: POST /session/f7171b6cbff09e3fe27f163b207c7e02/execute/async - {"script":"<script> [1562 bytes]","args":[{"selector":{"controlType":"sap.m.GenericTile","properties":{"header":"Manage Catalogs"}},"wdio_ui5_key":"sapm.GenericTile{\"header\":\"Manage Catalogs\"}"}]}
RESULT: {"script":"<script> [1562 bytes]","args":[{"selector":{"controlType":"sap.m.GenericTile","properties":{"header":"Manage Catalogs"}},"wdio_ui5_key":"sapm.GenericTile{\"header\":\"Manage Catalogs\"}"}]}
RESULT: undefined
COMMAND: POST /session/f7171b6cbff09e3fe27f163b207c7e02/element - {"using":"xpath","value":"//*[@id=\"__tile37\"]"}
RESULT: {"using":"xpath","value":"//*[@id=\"__tile37\"]"}
COMMAND: POST /session/f7171b6cbff09e3fe27f163b207c7e02/element/f.3E293DF0AA329CA2114D971FFEC9FE37.d.17A6CCFF67756BA471BC2EB9BD5BEE90.e.598/click - {}
RESULT: {}
COMMAND: GET /session/f7171b6cbff09e3fe27f163b207c7e02/screenshot - {}
RESULT: {}
RESULT: undefined
COMMAND: POST /session/f7171b6cbff09e3fe27f163b207c7e02/element - {"using":"xpath","value":"//*[@id=\"__tile37\"]"}
RESULT: {"using":"xpath","value":"//*[@id=\"__tile37\"]"}
COMMAND: POST /session/f7171b6cbff09e3fe27f163b207c7e02/element/f.3E293DF0AA329CA2114D971FFEC9FE37.d.17A6CCFF67756BA471BC2EB9BD5BEE90.e.598/click - {}
RESULT: undefined
COMMAND: POST /session/f7171b6cbff09e3fe27f163b207c7e02/element - {"using":"xpath","value":"//*[@id=\"__tile37\"]"}
RESULT: {"using":"xpath","value":"//*[@id=\"__tile37\"]"}
COMMAND: POST /session/f7171b6cbff09e3fe27f163b207c7e02/element/f.3E293DF0AA329CA2114D971FFEC9FE37.d.17A6CCFF67756BA471BC2EB9BD5BEE90.e.598/click - {}
RESULT: undefined
COMMAND: POST /session/f7171b6cbff09e3fe27f163b207c7e02/execute/async - {"script":"<script> [6424 bytes]","args":[{"element-6066-11e4-a52e-4f735466cecf":"f.3E293DF0AA329CA2114D971FFEC9FE37.d.17A6CCFF67756BA471BC2EB9BD5BEE90.e.254"},"getTitle",[]]}
COMMAND: POST /session/f7171b6cbff09e3fe27f163b207c7e02/execute/async - {"script":"<script> [1562 bytes]","args":[{"selector":{"id":"shellAppTitle"},"wdio_ui5_key":"shellAppTitle"}]}
RESULT: {"script":"<script> [1562 bytes]","args":[{"selector":{"id":"shellAppTitle"},"wdio_ui5_key":"shellAppTitle"}]}
COMMAND: POST /session/f7171b6cbff09e3fe27f163b207c7e02/execute/async - {"script":"<script> [6424 bytes]","args":[{"element-6066-11e4-a52e-4f735466cecf":"f.3E293DF0AA329CA2114D971FFEC9FE37.d.17A6CCFF67756BA471BC2EB9BD5BEE90.e.666"},"getTitle",[]]}
RESULT: {"script":"<script> [6424 bytes]","args":[{"element-6066-11e4-a52e-4f735466cecf":"f.3E293DF0AA329CA2114D971FFEC9FE37.d.17A6CCFF67756BA471BC2EB9BD5BEE90.e.666"},"getTitle",[]]}
RESULT: undefined
COMMAND: POST /session/f7171b6cbff09e3fe27f163b207c7e02/element/f.3E293DF0AA329CA2114D971FFEC9FE37.d.17A6CCFF67756BA471BC2EB9BD5BEE90.e.596/click - {}
RESULT: {}
COMMAND: GET /session/f7171b6cbff09e3fe27f163b207c7e02/screenshot - {}
RESULT: {}
]]></system-out>
    </testcase>
    <testcase classname="chrome.135_0_7049_96.windows.Sanity_Tests_US104253" name="Should open Manage Calendars page" time="32.51">
      <system-out><![CDATA[
COMMAND: POST /session/f7171b6cbff09e3fe27f163b207c7e02/execute/async - {"script":"<script> [1562 bytes]","args":[{"selector":{"controlType":"sap.m.GenericTile","properties":{"header":"Manage Calendars"}},"wdio_ui5_key":"sapm.GenericTile{\"header\":\"Manage Calendars\"}"}]}
RESULT: {"script":"<script> [1562 bytes]","args":[{"selector":{"controlType":"sap.m.GenericTile","properties":{"header":"Manage Calendars"}},"wdio_ui5_key":"sapm.GenericTile{\"header\":\"Manage Calendars\"}"}]}
RESULT: undefined
COMMAND: POST /session/f7171b6cbff09e3fe27f163b207c7e02/element - {"using":"xpath","value":"//*[@id=\"__tile36\"]"}
RESULT: {"using":"xpath","value":"//*[@id=\"__tile36\"]"}
COMMAND: POST /session/f7171b6cbff09e3fe27f163b207c7e02/element/f.3E293DF0AA329CA2114D971FFEC9FE37.d.17A6CCFF67756BA471BC2EB9BD5BEE90.e.669/click - {}
RESULT: {}
COMMAND: GET /session/f7171b6cbff09e3fe27f163b207c7e02/screenshot - {}
RESULT: {}
RESULT: undefined
COMMAND: POST /session/f7171b6cbff09e3fe27f163b207c7e02/element - {"using":"xpath","value":"//*[@id=\"__tile36\"]"}
RESULT: {"using":"xpath","value":"//*[@id=\"__tile36\"]"}
COMMAND: POST /session/f7171b6cbff09e3fe27f163b207c7e02/element/f.3E293DF0AA329CA2114D971FFEC9FE37.d.17A6CCFF67756BA471BC2EB9BD5BEE90.e.669/click - {}
RESULT: undefined
COMMAND: POST /session/f7171b6cbff09e3fe27f163b207c7e02/element - {"using":"xpath","value":"//*[@id=\"__tile36\"]"}
RESULT: {"using":"xpath","value":"//*[@id=\"__tile36\"]"}
COMMAND: POST /session/f7171b6cbff09e3fe27f163b207c7e02/element/f.3E293DF0AA329CA2114D971FFEC9FE37.d.17A6CCFF67756BA471BC2EB9BD5BEE90.e.669/click - {}
RESULT: undefined
COMMAND: POST /session/f7171b6cbff09e3fe27f163b207c7e02/execute/async - {"script":"<script> [6424 bytes]","args":[{"element-6066-11e4-a52e-4f735466cecf":"f.3E293DF0AA329CA2114D971FFEC9FE37.d.17A6CCFF67756BA471BC2EB9BD5BEE90.e.254"},"getTitle",[]]}
COMMAND: POST /session/f7171b6cbff09e3fe27f163b207c7e02/execute/async - {"script":"<script> [1562 bytes]","args":[{"selector":{"id":"shellAppTitle"},"wdio_ui5_key":"shellAppTitle"}]}
RESULT: {"script":"<script> [1562 bytes]","args":[{"selector":{"id":"shellAppTitle"},"wdio_ui5_key":"shellAppTitle"}]}
COMMAND: POST /session/f7171b6cbff09e3fe27f163b207c7e02/execute/async - {"script":"<script> [6424 bytes]","args":[{"element-6066-11e4-a52e-4f735466cecf":"f.3E293DF0AA329CA2114D971FFEC9FE37.d.17A6CCFF67756BA471BC2EB9BD5BEE90.e.805"},"getTitle",[]]}
RESULT: {"script":"<script> [6424 bytes]","args":[{"element-6066-11e4-a52e-4f735466cecf":"f.3E293DF0AA329CA2114D971FFEC9FE37.d.17A6CCFF67756BA471BC2EB9BD5BEE90.e.805"},"getTitle",[]]}
RESULT: undefined
COMMAND: POST /session/f7171b6cbff09e3fe27f163b207c7e02/element/f.3E293DF0AA329CA2114D971FFEC9FE37.d.17A6CCFF67756BA471BC2EB9BD5BEE90.e.596/click - {}
COMMAND: POST /session/f7171b6cbff09e3fe27f163b207c7e02/element - {"using":"xpath","value":"//*[@id=\"backBtn\"]"}
RESULT: {"using":"xpath","value":"//*[@id=\"backBtn\"]"}
COMMAND: POST /session/f7171b6cbff09e3fe27f163b207c7e02/element/f.3E293DF0AA329CA2114D971FFEC9FE37.d.17A6CCFF67756BA471BC2EB9BD5BEE90.e.596/click - {}
COMMAND: POST /session/f7171b6cbff09e3fe27f163b207c7e02/element - {"using":"xpath","value":"//*[@id=\"backBtn\"]"}
RESULT: {"using":"xpath","value":"//*[@id=\"backBtn\"]"}
COMMAND: POST /session/f7171b6cbff09e3fe27f163b207c7e02/element/f.3E293DF0AA329CA2114D971FFEC9FE37.d.17A6CCFF67756BA471BC2EB9BD5BEE90.e.806/click - {}
RESULT: {}
COMMAND: GET /session/f7171b6cbff09e3fe27f163b207c7e02/screenshot - {}
RESULT: {}
]]></system-out>
    </testcase>
    <testcase classname="chrome.135_0_7049_96.windows.Sanity_Tests_US104253" name="Should open Address Management page" time="38.14">
      <system-out><![CDATA[
COMMAND: POST /session/f7171b6cbff09e3fe27f163b207c7e02/execute/async - {"script":"<script> [1562 bytes]","args":[{"selector":{"controlType":"sap.m.GenericTile","properties":{"header":"Address Management"}},"wdio_ui5_key":"sapm.GenericTile{\"header\":\"Address Management\"}"}]}
RESULT: {"script":"<script> [1562 bytes]","args":[{"selector":{"controlType":"sap.m.GenericTile","properties":{"header":"Address Management"}},"wdio_ui5_key":"sapm.GenericTile{\"header\":\"Address Management\"}"}]}
RESULT: undefined
COMMAND: POST /session/f7171b6cbff09e3fe27f163b207c7e02/element - {"using":"xpath","value":"//*[@id=\"__tile33\"]"}
RESULT: {"using":"xpath","value":"//*[@id=\"__tile33\"]"}
COMMAND: POST /session/f7171b6cbff09e3fe27f163b207c7e02/element/f.3E293DF0AA329CA2114D971FFEC9FE37.d.17A6CCFF67756BA471BC2EB9BD5BEE90.e.808/click - {}
RESULT: {}
COMMAND: GET /session/f7171b6cbff09e3fe27f163b207c7e02/screenshot - {}
RESULT: {}
RESULT: undefined
COMMAND: POST /session/f7171b6cbff09e3fe27f163b207c7e02/element - {"using":"xpath","value":"//*[@id=\"__tile33\"]"}
RESULT: {"using":"xpath","value":"//*[@id=\"__tile33\"]"}
COMMAND: POST /session/f7171b6cbff09e3fe27f163b207c7e02/element/f.3E293DF0AA329CA2114D971FFEC9FE37.d.17A6CCFF67756BA471BC2EB9BD5BEE90.e.808/click - {}
RESULT: undefined
COMMAND: POST /session/f7171b6cbff09e3fe27f163b207c7e02/element - {"using":"xpath","value":"//*[@id=\"__tile33\"]"}
RESULT: {"using":"xpath","value":"//*[@id=\"__tile33\"]"}
COMMAND: POST /session/f7171b6cbff09e3fe27f163b207c7e02/element/f.3E293DF0AA329CA2114D971FFEC9FE37.d.17A6CCFF67756BA471BC2EB9BD5BEE90.e.808/click - {}
RESULT: undefined
COMMAND: POST /session/f7171b6cbff09e3fe27f163b207c7e02/execute/async - {"script":"<script> [6424 bytes]","args":[{"element-6066-11e4-a52e-4f735466cecf":"f.3E293DF0AA329CA2114D971FFEC9FE37.d.17A6CCFF67756BA471BC2EB9BD5BEE90.e.254"},"getTitle",[]]}
COMMAND: POST /session/f7171b6cbff09e3fe27f163b207c7e02/execute/async - {"script":"<script> [1562 bytes]","args":[{"selector":{"id":"shellAppTitle"},"wdio_ui5_key":"shellAppTitle"}]}
RESULT: {"script":"<script> [1562 bytes]","args":[{"selector":{"id":"shellAppTitle"},"wdio_ui5_key":"shellAppTitle"}]}
COMMAND: POST /session/f7171b6cbff09e3fe27f163b207c7e02/execute/async - {"script":"<script> [6424 bytes]","args":[{"element-6066-11e4-a52e-4f735466cecf":"f.3E293DF0AA329CA2114D971FFEC9FE37.d.17A6CCFF67756BA471BC2EB9BD5BEE90.e.991"},"getTitle",[]]}
RESULT: {"script":"<script> [6424 bytes]","args":[{"element-6066-11e4-a52e-4f735466cecf":"f.3E293DF0AA329CA2114D971FFEC9FE37.d.17A6CCFF67756BA471BC2EB9BD5BEE90.e.991"},"getTitle",[]]}
RESULT: undefined
COMMAND: POST /session/f7171b6cbff09e3fe27f163b207c7e02/element/f.3E293DF0AA329CA2114D971FFEC9FE37.d.17A6CCFF67756BA471BC2EB9BD5BEE90.e.806/click - {}
RESULT: {}
COMMAND: GET /session/f7171b6cbff09e3fe27f163b207c7e02/screenshot - {}
RESULT: {}
]]></system-out>
    </testcase>
    <testcase classname="chrome.135_0_7049_96.windows.Sanity_Tests_US104253" name="Should open Bill Of Resources page" time="31.397">
      <system-out><![CDATA[
COMMAND: POST /session/f7171b6cbff09e3fe27f163b207c7e02/execute/async - {"script":"<script> [1562 bytes]","args":[{"selector":{"controlType":"sap.m.GenericTile","properties":{"header":"Bill Of Resources"}},"wdio_ui5_key":"sapm.GenericTile{\"header\":\"Bill Of Resources\"}"}]}
RESULT: {"script":"<script> [1562 bytes]","args":[{"selector":{"controlType":"sap.m.GenericTile","properties":{"header":"Bill Of Resources"}},"wdio_ui5_key":"sapm.GenericTile{\"header\":\"Bill Of Resources\"}"}]}
RESULT: undefined
COMMAND: POST /session/f7171b6cbff09e3fe27f163b207c7e02/element - {"using":"xpath","value":"//*[@id=\"__tile34\"]"}
RESULT: {"using":"xpath","value":"//*[@id=\"__tile34\"]"}
COMMAND: POST /session/f7171b6cbff09e3fe27f163b207c7e02/element/f.3E293DF0AA329CA2114D971FFEC9FE37.d.17A6CCFF67756BA471BC2EB9BD5BEE90.e.993/click - {}
RESULT: {}
COMMAND: GET /session/f7171b6cbff09e3fe27f163b207c7e02/screenshot - {}
RESULT: {}
RESULT: undefined
COMMAND: POST /session/f7171b6cbff09e3fe27f163b207c7e02/element - {"using":"xpath","value":"//*[@id=\"__tile34\"]"}
RESULT: {"using":"xpath","value":"//*[@id=\"__tile34\"]"}
COMMAND: POST /session/f7171b6cbff09e3fe27f163b207c7e02/element/f.3E293DF0AA329CA2114D971FFEC9FE37.d.17A6CCFF67756BA471BC2EB9BD5BEE90.e.993/click - {}
RESULT: undefined
COMMAND: POST /session/f7171b6cbff09e3fe27f163b207c7e02/element - {"using":"xpath","value":"//*[@id=\"__tile34\"]"}
RESULT: {"using":"xpath","value":"//*[@id=\"__tile34\"]"}
COMMAND: POST /session/f7171b6cbff09e3fe27f163b207c7e02/element/f.3E293DF0AA329CA2114D971FFEC9FE37.d.17A6CCFF67756BA471BC2EB9BD5BEE90.e.993/click - {}
RESULT: undefined
COMMAND: POST /session/f7171b6cbff09e3fe27f163b207c7e02/execute/async - {"script":"<script> [6424 bytes]","args":[{"element-6066-11e4-a52e-4f735466cecf":"f.3E293DF0AA329CA2114D971FFEC9FE37.d.17A6CCFF67756BA471BC2EB9BD5BEE90.e.254"},"getTitle",[]]}
COMMAND: POST /session/f7171b6cbff09e3fe27f163b207c7e02/execute/async - {"script":"<script> [1562 bytes]","args":[{"selector":{"id":"shellAppTitle"},"wdio_ui5_key":"shellAppTitle"}]}
RESULT: {"script":"<script> [1562 bytes]","args":[{"selector":{"id":"shellAppTitle"},"wdio_ui5_key":"shellAppTitle"}]}
COMMAND: POST /session/f7171b6cbff09e3fe27f163b207c7e02/execute/async - {"script":"<script> [6424 bytes]","args":[{"element-6066-11e4-a52e-4f735466cecf":"f.3E293DF0AA329CA2114D971FFEC9FE37.d.17A6CCFF67756BA471BC2EB9BD5BEE90.e.1087"},"getTitle",[]]}
RESULT: {"script":"<script> [6424 bytes]","args":[{"element-6066-11e4-a52e-4f735466cecf":"f.3E293DF0AA329CA2114D971FFEC9FE37.d.17A6CCFF67756BA471BC2EB9BD5BEE90.e.1087"},"getTitle",[]]}
RESULT: undefined
COMMAND: POST /session/f7171b6cbff09e3fe27f163b207c7e02/element/f.3E293DF0AA329CA2114D971FFEC9FE37.d.17A6CCFF67756BA471BC2EB9BD5BEE90.e.806/click - {}
COMMAND: POST /session/f7171b6cbff09e3fe27f163b207c7e02/element - {"using":"xpath","value":"//*[@id=\"backBtn\"]"}
RESULT: {"using":"xpath","value":"//*[@id=\"backBtn\"]"}
COMMAND: POST /session/f7171b6cbff09e3fe27f163b207c7e02/element/f.3E293DF0AA329CA2114D971FFEC9FE37.d.17A6CCFF67756BA471BC2EB9BD5BEE90.e.806/click - {}
COMMAND: POST /session/f7171b6cbff09e3fe27f163b207c7e02/element - {"using":"xpath","value":"//*[@id=\"backBtn\"]"}
RESULT: {"using":"xpath","value":"//*[@id=\"backBtn\"]"}
COMMAND: POST /session/f7171b6cbff09e3fe27f163b207c7e02/element/f.3E293DF0AA329CA2114D971FFEC9FE37.d.17A6CCFF67756BA471BC2EB9BD5BEE90.e.1088/click - {}
RESULT: {}
COMMAND: GET /session/f7171b6cbff09e3fe27f163b207c7e02/screenshot - {}
RESULT: {}
]]></system-out>
    </testcase>
    <testcase classname="chrome.135_0_7049_96.windows.Sanity_Tests_US104253" name="Should open Manage Yards page" time="30.478">
      <system-out><![CDATA[
COMMAND: POST /session/f7171b6cbff09e3fe27f163b207c7e02/execute/async - {"script":"<script> [1562 bytes]","args":[{"selector":{"controlType":"sap.m.GenericTile","properties":{"header":"Manage Yards"}},"wdio_ui5_key":"sapm.GenericTile{\"header\":\"Manage Yards\"}"}]}
RESULT: {"script":"<script> [1562 bytes]","args":[{"selector":{"controlType":"sap.m.GenericTile","properties":{"header":"Manage Yards"}},"wdio_ui5_key":"sapm.GenericTile{\"header\":\"Manage Yards\"}"}]}
RESULT: undefined
COMMAND: POST /session/f7171b6cbff09e3fe27f163b207c7e02/element - {"using":"xpath","value":"//*[@id=\"__tile41\"]"}
RESULT: {"using":"xpath","value":"//*[@id=\"__tile41\"]"}
COMMAND: POST /session/f7171b6cbff09e3fe27f163b207c7e02/element/f.3E293DF0AA329CA2114D971FFEC9FE37.d.17A6CCFF67756BA471BC2EB9BD5BEE90.e.1090/click - {}
RESULT: {}
COMMAND: GET /session/f7171b6cbff09e3fe27f163b207c7e02/screenshot - {}
RESULT: {}
RESULT: undefined
COMMAND: POST /session/f7171b6cbff09e3fe27f163b207c7e02/element - {"using":"xpath","value":"//*[@id=\"__tile41\"]"}
RESULT: {"using":"xpath","value":"//*[@id=\"__tile41\"]"}
COMMAND: POST /session/f7171b6cbff09e3fe27f163b207c7e02/element/f.3E293DF0AA329CA2114D971FFEC9FE37.d.17A6CCFF67756BA471BC2EB9BD5BEE90.e.1090/click - {}
RESULT: undefined
COMMAND: POST /session/f7171b6cbff09e3fe27f163b207c7e02/element - {"using":"xpath","value":"//*[@id=\"__tile41\"]"}
RESULT: {"using":"xpath","value":"//*[@id=\"__tile41\"]"}
COMMAND: POST /session/f7171b6cbff09e3fe27f163b207c7e02/element/f.3E293DF0AA329CA2114D971FFEC9FE37.d.17A6CCFF67756BA471BC2EB9BD5BEE90.e.1090/click - {}
RESULT: undefined
COMMAND: POST /session/f7171b6cbff09e3fe27f163b207c7e02/execute/async - {"script":"<script> [6424 bytes]","args":[{"element-6066-11e4-a52e-4f735466cecf":"f.3E293DF0AA329CA2114D971FFEC9FE37.d.17A6CCFF67756BA471BC2EB9BD5BEE90.e.254"},"getTitle",[]]}
COMMAND: POST /session/f7171b6cbff09e3fe27f163b207c7e02/execute/async - {"script":"<script> [1562 bytes]","args":[{"selector":{"id":"shellAppTitle"},"wdio_ui5_key":"shellAppTitle"}]}
RESULT: {"script":"<script> [1562 bytes]","args":[{"selector":{"id":"shellAppTitle"},"wdio_ui5_key":"shellAppTitle"}]}
COMMAND: POST /session/f7171b6cbff09e3fe27f163b207c7e02/execute/async - {"script":"<script> [6424 bytes]","args":[{"element-6066-11e4-a52e-4f735466cecf":"f.3E293DF0AA329CA2114D971FFEC9FE37.d.17A6CCFF67756BA471BC2EB9BD5BEE90.e.1274"},"getTitle",[]]}
RESULT: {"script":"<script> [6424 bytes]","args":[{"element-6066-11e4-a52e-4f735466cecf":"f.3E293DF0AA329CA2114D971FFEC9FE37.d.17A6CCFF67756BA471BC2EB9BD5BEE90.e.1274"},"getTitle",[]]}
RESULT: undefined
COMMAND: POST /session/f7171b6cbff09e3fe27f163b207c7e02/element/f.3E293DF0AA329CA2114D971FFEC9FE37.d.17A6CCFF67756BA471BC2EB9BD5BEE90.e.1088/click - {}
RESULT: {}
COMMAND: GET /session/f7171b6cbff09e3fe27f163b207c7e02/screenshot - {}
RESULT: {}
]]></system-out>
    </testcase>
    <testcase classname="chrome.135_0_7049_96.windows.Sanity_Tests_US104253" name="Should open Manage Requests page" time="42.705">
      <system-out><![CDATA[
COMMAND: POST /session/f7171b6cbff09e3fe27f163b207c7e02/execute/async - {"script":"<script> [1562 bytes]","args":[{"selector":{"controlType":"sap.m.GenericTile","properties":{"header":"Manage Requests"}},"wdio_ui5_key":"sapm.GenericTile{\"header\":\"Manage Requests\"}"}]}
RESULT: {"script":"<script> [1562 bytes]","args":[{"selector":{"controlType":"sap.m.GenericTile","properties":{"header":"Manage Requests"}},"wdio_ui5_key":"sapm.GenericTile{\"header\":\"Manage Requests\"}"}]}
RESULT: undefined
COMMAND: POST /session/f7171b6cbff09e3fe27f163b207c7e02/element - {"using":"xpath","value":"//*[@id=\"__tile47\"]"}
RESULT: {"using":"xpath","value":"//*[@id=\"__tile47\"]"}
COMMAND: POST /session/f7171b6cbff09e3fe27f163b207c7e02/element/f.3E293DF0AA329CA2114D971FFEC9FE37.d.17A6CCFF67756BA471BC2EB9BD5BEE90.e.1276/click - {}
RESULT: {}
COMMAND: GET /session/f7171b6cbff09e3fe27f163b207c7e02/screenshot - {}
RESULT: {}
RESULT: undefined
COMMAND: POST /session/f7171b6cbff09e3fe27f163b207c7e02/element - {"using":"xpath","value":"//*[@id=\"__tile47\"]"}
RESULT: {"using":"xpath","value":"//*[@id=\"__tile47\"]"}
COMMAND: POST /session/f7171b6cbff09e3fe27f163b207c7e02/element/f.3E293DF0AA329CA2114D971FFEC9FE37.d.17A6CCFF67756BA471BC2EB9BD5BEE90.e.1276/click - {}
RESULT: undefined
COMMAND: POST /session/f7171b6cbff09e3fe27f163b207c7e02/element - {"using":"xpath","value":"//*[@id=\"__tile47\"]"}
RESULT: {"using":"xpath","value":"//*[@id=\"__tile47\"]"}
COMMAND: POST /session/f7171b6cbff09e3fe27f163b207c7e02/element/f.3E293DF0AA329CA2114D971FFEC9FE37.d.17A6CCFF67756BA471BC2EB9BD5BEE90.e.1276/click - {}
RESULT: undefined
COMMAND: POST /session/f7171b6cbff09e3fe27f163b207c7e02/execute/async - {"script":"<script> [6424 bytes]","args":[{"element-6066-11e4-a52e-4f735466cecf":"f.3E293DF0AA329CA2114D971FFEC9FE37.d.17A6CCFF67756BA471BC2EB9BD5BEE90.e.254"},"getTitle",[]]}
COMMAND: POST /session/f7171b6cbff09e3fe27f163b207c7e02/execute/async - {"script":"<script> [1562 bytes]","args":[{"selector":{"id":"shellAppTitle"},"wdio_ui5_key":"shellAppTitle"}]}
RESULT: {"script":"<script> [1562 bytes]","args":[{"selector":{"id":"shellAppTitle"},"wdio_ui5_key":"shellAppTitle"}]}
COMMAND: POST /session/f7171b6cbff09e3fe27f163b207c7e02/execute/async - {"script":"<script> [6424 bytes]","args":[{"element-6066-11e4-a52e-4f735466cecf":"f.3E293DF0AA329CA2114D971FFEC9FE37.d.17A6CCFF67756BA471BC2EB9BD5BEE90.e.1371"},"getTitle",[]]}
RESULT: {"script":"<script> [6424 bytes]","args":[{"element-6066-11e4-a52e-4f735466cecf":"f.3E293DF0AA329CA2114D971FFEC9FE37.d.17A6CCFF67756BA471BC2EB9BD5BEE90.e.1371"},"getTitle",[]]}
RESULT: undefined
COMMAND: POST /session/f7171b6cbff09e3fe27f163b207c7e02/element/f.3E293DF0AA329CA2114D971FFEC9FE37.d.17A6CCFF67756BA471BC2EB9BD5BEE90.e.1088/click - {}
COMMAND: POST /session/f7171b6cbff09e3fe27f163b207c7e02/element - {"using":"xpath","value":"//*[@id=\"backBtn\"]"}
RESULT: {"using":"xpath","value":"//*[@id=\"backBtn\"]"}
COMMAND: POST /session/f7171b6cbff09e3fe27f163b207c7e02/element/f.3E293DF0AA329CA2114D971FFEC9FE37.d.17A6CCFF67756BA471BC2EB9BD5BEE90.e.1088/click - {}
COMMAND: POST /session/f7171b6cbff09e3fe27f163b207c7e02/element - {"using":"xpath","value":"//*[@id=\"backBtn\"]"}
RESULT: {"using":"xpath","value":"//*[@id=\"backBtn\"]"}
COMMAND: POST /session/f7171b6cbff09e3fe27f163b207c7e02/element/f.3E293DF0AA329CA2114D971FFEC9FE37.d.17A6CCFF67756BA471BC2EB9BD5BEE90.e.1372/click - {}
RESULT: {}
COMMAND: GET /session/f7171b6cbff09e3fe27f163b207c7e02/screenshot - {}
RESULT: {}
]]></system-out>
    </testcase>
    <testcase classname="chrome.135_0_7049_96.windows.Sanity_Tests_US104253" name="Should open Manage Purchasing page" time="30.548">
      <system-out><![CDATA[
COMMAND: POST /session/f7171b6cbff09e3fe27f163b207c7e02/execute/async - {"script":"<script> [1562 bytes]","args":[{"selector":{"controlType":"sap.m.GenericTile","properties":{"header":"Manage Purchasing"}},"wdio_ui5_key":"sapm.GenericTile{\"header\":\"Manage Purchasing\"}"}]}
RESULT: {"script":"<script> [1562 bytes]","args":[{"selector":{"controlType":"sap.m.GenericTile","properties":{"header":"Manage Purchasing"}},"wdio_ui5_key":"sapm.GenericTile{\"header\":\"Manage Purchasing\"}"}]}
RESULT: undefined
COMMAND: POST /session/f7171b6cbff09e3fe27f163b207c7e02/element - {"using":"xpath","value":"//*[@id=\"__tile46\"]"}
RESULT: {"using":"xpath","value":"//*[@id=\"__tile46\"]"}
COMMAND: POST /session/f7171b6cbff09e3fe27f163b207c7e02/element/f.3E293DF0AA329CA2114D971FFEC9FE37.d.17A6CCFF67756BA471BC2EB9BD5BEE90.e.1375/click - {}
RESULT: {}
COMMAND: GET /session/f7171b6cbff09e3fe27f163b207c7e02/screenshot - {}
RESULT: {}
RESULT: undefined
COMMAND: POST /session/f7171b6cbff09e3fe27f163b207c7e02/element - {"using":"xpath","value":"//*[@id=\"__tile46\"]"}
RESULT: {"using":"xpath","value":"//*[@id=\"__tile46\"]"}
COMMAND: POST /session/f7171b6cbff09e3fe27f163b207c7e02/element/f.3E293DF0AA329CA2114D971FFEC9FE37.d.17A6CCFF67756BA471BC2EB9BD5BEE90.e.1375/click - {}
RESULT: undefined
COMMAND: POST /session/f7171b6cbff09e3fe27f163b207c7e02/element - {"using":"xpath","value":"//*[@id=\"__tile46\"]"}
RESULT: {"using":"xpath","value":"//*[@id=\"__tile46\"]"}
COMMAND: POST /session/f7171b6cbff09e3fe27f163b207c7e02/element/f.3E293DF0AA329CA2114D971FFEC9FE37.d.17A6CCFF67756BA471BC2EB9BD5BEE90.e.1375/click - {}
RESULT: undefined
COMMAND: POST /session/f7171b6cbff09e3fe27f163b207c7e02/execute/async - {"script":"<script> [6424 bytes]","args":[{"element-6066-11e4-a52e-4f735466cecf":"f.3E293DF0AA329CA2114D971FFEC9FE37.d.17A6CCFF67756BA471BC2EB9BD5BEE90.e.254"},"getTitle",[]]}
COMMAND: POST /session/f7171b6cbff09e3fe27f163b207c7e02/execute/async - {"script":"<script> [1562 bytes]","args":[{"selector":{"id":"shellAppTitle"},"wdio_ui5_key":"shellAppTitle"}]}
RESULT: {"script":"<script> [1562 bytes]","args":[{"selector":{"id":"shellAppTitle"},"wdio_ui5_key":"shellAppTitle"}]}
COMMAND: POST /session/f7171b6cbff09e3fe27f163b207c7e02/execute/async - {"script":"<script> [6424 bytes]","args":[{"element-6066-11e4-a52e-4f735466cecf":"f.3E293DF0AA329CA2114D971FFEC9FE37.d.17A6CCFF67756BA471BC2EB9BD5BEE90.e.1456"},"getTitle",[]]}
RESULT: {"script":"<script> [6424 bytes]","args":[{"element-6066-11e4-a52e-4f735466cecf":"f.3E293DF0AA329CA2114D971FFEC9FE37.d.17A6CCFF67756BA471BC2EB9BD5BEE90.e.1456"},"getTitle",[]]}
RESULT: undefined
COMMAND: POST /session/f7171b6cbff09e3fe27f163b207c7e02/element/f.3E293DF0AA329CA2114D971FFEC9FE37.d.17A6CCFF67756BA471BC2EB9BD5BEE90.e.1372/click - {}
RESULT: {}
COMMAND: GET /session/f7171b6cbff09e3fe27f163b207c7e02/screenshot - {}
RESULT: {}
]]></system-out>
    </testcase>
    <testcase classname="chrome.135_0_7049_96.windows.Sanity_Tests_US104253" name="Should open Planning Board page" time="35.246">
      <system-out><![CDATA[
COMMAND: POST /session/f7171b6cbff09e3fe27f163b207c7e02/execute/async - {"script":"<script> [1562 bytes]","args":[{"selector":{"controlType":"sap.m.GenericTile","properties":{"header":"Planning Board"}},"wdio_ui5_key":"sapm.GenericTile{\"header\":\"Planning Board\"}"}]}
RESULT: {"script":"<script> [1562 bytes]","args":[{"selector":{"controlType":"sap.m.GenericTile","properties":{"header":"Planning Board"}},"wdio_ui5_key":"sapm.GenericTile{\"header\":\"Planning Board\"}"}]}
RESULT: undefined
COMMAND: POST /session/f7171b6cbff09e3fe27f163b207c7e02/element - {"using":"xpath","value":"//*[@id=\"__tile131\"]"}
RESULT: {"using":"xpath","value":"//*[@id=\"__tile131\"]"}
COMMAND: POST /session/f7171b6cbff09e3fe27f163b207c7e02/element/f.3E293DF0AA329CA2114D971FFEC9FE37.d.17A6CCFF67756BA471BC2EB9BD5BEE90.e.1458/click - {}
RESULT: {}
COMMAND: GET /session/f7171b6cbff09e3fe27f163b207c7e02/screenshot - {}
RESULT: {}
RESULT: undefined
COMMAND: POST /session/f7171b6cbff09e3fe27f163b207c7e02/element - {"using":"xpath","value":"//*[@id=\"__tile131\"]"}
RESULT: {"using":"xpath","value":"//*[@id=\"__tile131\"]"}
COMMAND: POST /session/f7171b6cbff09e3fe27f163b207c7e02/element/f.3E293DF0AA329CA2114D971FFEC9FE37.d.17A6CCFF67756BA471BC2EB9BD5BEE90.e.1458/click - {}
RESULT: undefined
COMMAND: POST /session/f7171b6cbff09e3fe27f163b207c7e02/element - {"using":"xpath","value":"//*[@id=\"__tile131\"]"}
RESULT: {"using":"xpath","value":"//*[@id=\"__tile131\"]"}
COMMAND: POST /session/f7171b6cbff09e3fe27f163b207c7e02/element/f.3E293DF0AA329CA2114D971FFEC9FE37.d.17A6CCFF67756BA471BC2EB9BD5BEE90.e.1458/click - {}
RESULT: undefined
COMMAND: POST /session/f7171b6cbff09e3fe27f163b207c7e02/execute/async - {"script":"<script> [6424 bytes]","args":[{"element-6066-11e4-a52e-4f735466cecf":"f.3E293DF0AA329CA2114D971FFEC9FE37.d.17A6CCFF67756BA471BC2EB9BD5BEE90.e.254"},"getTitle",[]]}
COMMAND: POST /session/f7171b6cbff09e3fe27f163b207c7e02/execute/async - {"script":"<script> [1562 bytes]","args":[{"selector":{"id":"shellAppTitle"},"wdio_ui5_key":"shellAppTitle"}]}
RESULT: {"script":"<script> [1562 bytes]","args":[{"selector":{"id":"shellAppTitle"},"wdio_ui5_key":"shellAppTitle"}]}
COMMAND: POST /session/f7171b6cbff09e3fe27f163b207c7e02/execute/async - {"script":"<script> [6424 bytes]","args":[{"element-6066-11e4-a52e-4f735466cecf":"f.3E293DF0AA329CA2114D971FFEC9FE37.d.17A6CCFF67756BA471BC2EB9BD5BEE90.e.1509"},"getTitle",[]]}
RESULT: {"script":"<script> [6424 bytes]","args":[{"element-6066-11e4-a52e-4f735466cecf":"f.3E293DF0AA329CA2114D971FFEC9FE37.d.17A6CCFF67756BA471BC2EB9BD5BEE90.e.1509"},"getTitle",[]]}
RESULT: undefined
COMMAND: POST /session/f7171b6cbff09e3fe27f163b207c7e02/element/f.3E293DF0AA329CA2114D971FFEC9FE37.d.17A6CCFF67756BA471BC2EB9BD5BEE90.e.1372/click - {}
COMMAND: POST /session/f7171b6cbff09e3fe27f163b207c7e02/element/f.3E293DF0AA329CA2114D971FFEC9FE37.d.17A6CCFF67756BA471BC2EB9BD5BEE90.e.1372/click - {}
COMMAND: POST /session/f7171b6cbff09e3fe27f163b207c7e02/element - {"using":"xpath","value":"//*[@id=\"backBtn\"]"}
COMMAND: POST /session/f7171b6cbff09e3fe27f163b207c7e02/element - {"using":"xpath","value":"//*[@id=\"backBtn\"]"}
RESULT: {"using":"xpath","value":"//*[@id=\"backBtn\"]"}
COMMAND: POST /session/f7171b6cbff09e3fe27f163b207c7e02/element/f.3E293DF0AA329CA2114D971FFEC9FE37.d.17A6CCFF67756BA471BC2EB9BD5BEE90.e.1372/click - {}
RESULT: {"using":"xpath","value":"//*[@id=\"backBtn\"]"}
COMMAND: POST /session/f7171b6cbff09e3fe27f163b207c7e02/element/f.3E293DF0AA329CA2114D971FFEC9FE37.d.17A6CCFF67756BA471BC2EB9BD5BEE90.e.1372/click - {}
COMMAND: POST /session/f7171b6cbff09e3fe27f163b207c7e02/element - {"using":"xpath","value":"//*[@id=\"backBtn\"]"}
COMMAND: POST /session/f7171b6cbff09e3fe27f163b207c7e02/element - {"using":"xpath","value":"//*[@id=\"backBtn\"]"}
RESULT: {"using":"xpath","value":"//*[@id=\"backBtn\"]"}
COMMAND: POST /session/f7171b6cbff09e3fe27f163b207c7e02/element/f.3E293DF0AA329CA2114D971FFEC9FE37.d.17A6CCFF67756BA471BC2EB9BD5BEE90.e.1510/click - {}
RESULT: {"using":"xpath","value":"//*[@id=\"backBtn\"]"}
COMMAND: POST /session/f7171b6cbff09e3fe27f163b207c7e02/element/f.3E293DF0AA329CA2114D971FFEC9FE37.d.17A6CCFF67756BA471BC2EB9BD5BEE90.e.1510/click - {}
RESULT: {}
COMMAND: GET /session/f7171b6cbff09e3fe27f163b207c7e02/screenshot - {}
RESULT: {}
COMMAND: GET /session/f7171b6cbff09e3fe27f163b207c7e02/screenshot - {}
RESULT: {}
RESULT: {}
]]></system-out>
    </testcase>
    <testcase classname="chrome.135_0_7049_96.windows.Sanity_Tests_US104253" name="Should open Manage Contracts page" time="34.687">
      <system-out><![CDATA[
COMMAND: POST /session/f7171b6cbff09e3fe27f163b207c7e02/execute/async - {"script":"<script> [1562 bytes]","args":[{"selector":{"controlType":"sap.m.GenericTile","properties":{"header":"Manage Contracts"}},"wdio_ui5_key":"sapm.GenericTile{\"header\":\"Manage Contracts\"}"}]}
RESULT: {"script":"<script> [1562 bytes]","args":[{"selector":{"controlType":"sap.m.GenericTile","properties":{"header":"Manage Contracts"}},"wdio_ui5_key":"sapm.GenericTile{\"header\":\"Manage Contracts\"}"}]}
RESULT: undefined
COMMAND: POST /session/f7171b6cbff09e3fe27f163b207c7e02/element - {"using":"xpath","value":"//*[@id=\"__tile133\"]"}
RESULT: {"using":"xpath","value":"//*[@id=\"__tile133\"]"}
COMMAND: POST /session/f7171b6cbff09e3fe27f163b207c7e02/element/f.3E293DF0AA329CA2114D971FFEC9FE37.d.17A6CCFF67756BA471BC2EB9BD5BEE90.e.1512/click - {}
RESULT: {}
COMMAND: GET /session/f7171b6cbff09e3fe27f163b207c7e02/screenshot - {}
RESULT: {}
RESULT: undefined
COMMAND: POST /session/f7171b6cbff09e3fe27f163b207c7e02/element - {"using":"xpath","value":"//*[@id=\"__tile133\"]"}
RESULT: {"using":"xpath","value":"//*[@id=\"__tile133\"]"}
COMMAND: POST /session/f7171b6cbff09e3fe27f163b207c7e02/element/f.3E293DF0AA329CA2114D971FFEC9FE37.d.17A6CCFF67756BA471BC2EB9BD5BEE90.e.1512/click - {}
RESULT: undefined
COMMAND: POST /session/f7171b6cbff09e3fe27f163b207c7e02/element - {"using":"xpath","value":"//*[@id=\"__tile133\"]"}
RESULT: {"using":"xpath","value":"//*[@id=\"__tile133\"]"}
COMMAND: POST /session/f7171b6cbff09e3fe27f163b207c7e02/element/f.3E293DF0AA329CA2114D971FFEC9FE37.d.17A6CCFF67756BA471BC2EB9BD5BEE90.e.1512/click - {}
RESULT: undefined
COMMAND: POST /session/f7171b6cbff09e3fe27f163b207c7e02/execute/async - {"script":"<script> [6424 bytes]","args":[{"element-6066-11e4-a52e-4f735466cecf":"f.3E293DF0AA329CA2114D971FFEC9FE37.d.17A6CCFF67756BA471BC2EB9BD5BEE90.e.254"},"getTitle",[]]}
COMMAND: POST /session/f7171b6cbff09e3fe27f163b207c7e02/execute/async - {"script":"<script> [1562 bytes]","args":[{"selector":{"id":"shellAppTitle"},"wdio_ui5_key":"shellAppTitle"}]}
RESULT: {"script":"<script> [1562 bytes]","args":[{"selector":{"id":"shellAppTitle"},"wdio_ui5_key":"shellAppTitle"}]}
COMMAND: POST /session/f7171b6cbff09e3fe27f163b207c7e02/execute/async - {"script":"<script> [6424 bytes]","args":[{"element-6066-11e4-a52e-4f735466cecf":"f.3E293DF0AA329CA2114D971FFEC9FE37.d.17A6CCFF67756BA471BC2EB9BD5BEE90.e.1572"},"getTitle",[]]}
RESULT: {"script":"<script> [6424 bytes]","args":[{"element-6066-11e4-a52e-4f735466cecf":"f.3E293DF0AA329CA2114D971FFEC9FE37.d.17A6CCFF67756BA471BC2EB9BD5BEE90.e.1572"},"getTitle",[]]}
RESULT: undefined
COMMAND: POST /session/f7171b6cbff09e3fe27f163b207c7e02/element/f.3E293DF0AA329CA2114D971FFEC9FE37.d.17A6CCFF67756BA471BC2EB9BD5BEE90.e.1510/click - {}
RESULT: {}
COMMAND: GET /session/f7171b6cbff09e3fe27f163b207c7e02/screenshot - {}
RESULT: {}
]]></system-out>
    </testcase>
    <testcase classname="chrome.135_0_7049_96.windows.Sanity_Tests_US104253" name="Should open Manage Quotations page" time="29.52">
      <system-out><![CDATA[
COMMAND: POST /session/f7171b6cbff09e3fe27f163b207c7e02/execute/async - {"script":"<script> [1562 bytes]","args":[{"selector":{"controlType":"sap.m.GenericTile","properties":{"header":"Manage Quotations"}},"wdio_ui5_key":"sapm.GenericTile{\"header\":\"Manage Quotations\"}"}]}
RESULT: {"script":"<script> [1562 bytes]","args":[{"selector":{"controlType":"sap.m.GenericTile","properties":{"header":"Manage Quotations"}},"wdio_ui5_key":"sapm.GenericTile{\"header\":\"Manage Quotations\"}"}]}
RESULT: undefined
COMMAND: POST /session/f7171b6cbff09e3fe27f163b207c7e02/element - {"using":"xpath","value":"//*[@id=\"__tile132\"]"}
RESULT: {"using":"xpath","value":"//*[@id=\"__tile132\"]"}
COMMAND: POST /session/f7171b6cbff09e3fe27f163b207c7e02/element/f.3E293DF0AA329CA2114D971FFEC9FE37.d.17A6CCFF67756BA471BC2EB9BD5BEE90.e.1574/click - {}
RESULT: {}
COMMAND: GET /session/f7171b6cbff09e3fe27f163b207c7e02/screenshot - {}
RESULT: undefined
COMMAND: POST /session/f7171b6cbff09e3fe27f163b207c7e02/element - {"using":"xpath","value":"//*[@id=\"__tile132\"]"}
RESULT: {}
RESULT: {"using":"xpath","value":"//*[@id=\"__tile132\"]"}
COMMAND: POST /session/f7171b6cbff09e3fe27f163b207c7e02/element/f.3E293DF0AA329CA2114D971FFEC9FE37.d.17A6CCFF67756BA471BC2EB9BD5BEE90.e.1574/click - {}
RESULT: undefined
COMMAND: POST /session/f7171b6cbff09e3fe27f163b207c7e02/element - {"using":"xpath","value":"//*[@id=\"__tile132\"]"}
RESULT: {"using":"xpath","value":"//*[@id=\"__tile132\"]"}
COMMAND: POST /session/f7171b6cbff09e3fe27f163b207c7e02/element/f.3E293DF0AA329CA2114D971FFEC9FE37.d.17A6CCFF67756BA471BC2EB9BD5BEE90.e.1574/click - {}
RESULT: undefined
COMMAND: POST /session/f7171b6cbff09e3fe27f163b207c7e02/execute/async - {"script":"<script> [6424 bytes]","args":[{"element-6066-11e4-a52e-4f735466cecf":"f.3E293DF0AA329CA2114D971FFEC9FE37.d.17A6CCFF67756BA471BC2EB9BD5BEE90.e.254"},"getTitle",[]]}
COMMAND: POST /session/f7171b6cbff09e3fe27f163b207c7e02/execute/async - {"script":"<script> [1562 bytes]","args":[{"selector":{"id":"shellAppTitle"},"wdio_ui5_key":"shellAppTitle"}]}
RESULT: {"script":"<script> [1562 bytes]","args":[{"selector":{"id":"shellAppTitle"},"wdio_ui5_key":"shellAppTitle"}]}
COMMAND: POST /session/f7171b6cbff09e3fe27f163b207c7e02/execute/async - {"script":"<script> [6424 bytes]","args":[{"element-6066-11e4-a52e-4f735466cecf":"f.3E293DF0AA329CA2114D971FFEC9FE37.d.17A6CCFF67756BA471BC2EB9BD5BEE90.e.1667"},"getTitle",[]]}
RESULT: {"script":"<script> [6424 bytes]","args":[{"element-6066-11e4-a52e-4f735466cecf":"f.3E293DF0AA329CA2114D971FFEC9FE37.d.17A6CCFF67756BA471BC2EB9BD5BEE90.e.1667"},"getTitle",[]]}
RESULT: undefined
COMMAND: POST /session/f7171b6cbff09e3fe27f163b207c7e02/element/f.3E293DF0AA329CA2114D971FFEC9FE37.d.17A6CCFF67756BA471BC2EB9BD5BEE90.e.1510/click - {}
COMMAND: POST /session/f7171b6cbff09e3fe27f163b207c7e02/element - {"using":"xpath","value":"//*[@id=\"backBtn\"]"}
RESULT: {"using":"xpath","value":"//*[@id=\"backBtn\"]"}
COMMAND: POST /session/f7171b6cbff09e3fe27f163b207c7e02/element/f.3E293DF0AA329CA2114D971FFEC9FE37.d.17A6CCFF67756BA471BC2EB9BD5BEE90.e.1510/click - {}
COMMAND: POST /session/f7171b6cbff09e3fe27f163b207c7e02/element - {"using":"xpath","value":"//*[@id=\"backBtn\"]"}
RESULT: {"using":"xpath","value":"//*[@id=\"backBtn\"]"}
COMMAND: POST /session/f7171b6cbff09e3fe27f163b207c7e02/element/f.3E293DF0AA329CA2114D971FFEC9FE37.d.17A6CCFF67756BA471BC2EB9BD5BEE90.e.1668/click - {}
RESULT: {}
COMMAND: GET /session/f7171b6cbff09e3fe27f163b207c7e02/screenshot - {}
RESULT: {}
]]></system-out>
    </testcase>
    <testcase classname="chrome.135_0_7049_96.windows.Sanity_Tests_US104253" name="Should open Manage Handovers page" time="34.416">
      <system-out><![CDATA[
COMMAND: POST /session/f7171b6cbff09e3fe27f163b207c7e02/execute/async - {"script":"<script> [1562 bytes]","args":[{"selector":{"controlType":"sap.m.GenericTile","properties":{"header":"Manage Handovers"}},"wdio_ui5_key":"sapm.GenericTile{\"header\":\"Manage Handovers\"}"}]}
RESULT: {"script":"<script> [1562 bytes]","args":[{"selector":{"controlType":"sap.m.GenericTile","properties":{"header":"Manage Handovers"}},"wdio_ui5_key":"sapm.GenericTile{\"header\":\"Manage Handovers\"}"}]}
RESULT: undefined
COMMAND: POST /session/f7171b6cbff09e3fe27f163b207c7e02/element - {"using":"xpath","value":"//*[@id=\"__tile130\"]"}
RESULT: {"using":"xpath","value":"//*[@id=\"__tile130\"]"}
COMMAND: POST /session/f7171b6cbff09e3fe27f163b207c7e02/element/f.3E293DF0AA329CA2114D971FFEC9FE37.d.17A6CCFF67756BA471BC2EB9BD5BEE90.e.1670/click - {}
RESULT: {}
COMMAND: GET /session/f7171b6cbff09e3fe27f163b207c7e02/screenshot - {}
RESULT: {}
RESULT: undefined
COMMAND: POST /session/f7171b6cbff09e3fe27f163b207c7e02/element - {"using":"xpath","value":"//*[@id=\"__tile130\"]"}
RESULT: {"using":"xpath","value":"//*[@id=\"__tile130\"]"}
COMMAND: POST /session/f7171b6cbff09e3fe27f163b207c7e02/element/f.3E293DF0AA329CA2114D971FFEC9FE37.d.17A6CCFF67756BA471BC2EB9BD5BEE90.e.1670/click - {}
RESULT: undefined
COMMAND: POST /session/f7171b6cbff09e3fe27f163b207c7e02/element - {"using":"xpath","value":"//*[@id=\"__tile130\"]"}
RESULT: {"using":"xpath","value":"//*[@id=\"__tile130\"]"}
COMMAND: POST /session/f7171b6cbff09e3fe27f163b207c7e02/element/f.3E293DF0AA329CA2114D971FFEC9FE37.d.17A6CCFF67756BA471BC2EB9BD5BEE90.e.1670/click - {}
RESULT: undefined
COMMAND: POST /session/f7171b6cbff09e3fe27f163b207c7e02/execute/async - {"script":"<script> [6424 bytes]","args":[{"element-6066-11e4-a52e-4f735466cecf":"f.3E293DF0AA329CA2114D971FFEC9FE37.d.17A6CCFF67756BA471BC2EB9BD5BEE90.e.254"},"getTitle",[]]}
COMMAND: POST /session/f7171b6cbff09e3fe27f163b207c7e02/execute/async - {"script":"<script> [1562 bytes]","args":[{"selector":{"id":"shellAppTitle"},"wdio_ui5_key":"shellAppTitle"}]}
RESULT: {"script":"<script> [1562 bytes]","args":[{"selector":{"id":"shellAppTitle"},"wdio_ui5_key":"shellAppTitle"}]}
COMMAND: POST /session/f7171b6cbff09e3fe27f163b207c7e02/execute/async - {"script":"<script> [6424 bytes]","args":[{"element-6066-11e4-a52e-4f735466cecf":"f.3E293DF0AA329CA2114D971FFEC9FE37.d.17A6CCFF67756BA471BC2EB9BD5BEE90.e.1776"},"getTitle",[]]}
RESULT: {"script":"<script> [6424 bytes]","args":[{"element-6066-11e4-a52e-4f735466cecf":"f.3E293DF0AA329CA2114D971FFEC9FE37.d.17A6CCFF67756BA471BC2EB9BD5BEE90.e.1776"},"getTitle",[]]}
RESULT: undefined
COMMAND: POST /session/f7171b6cbff09e3fe27f163b207c7e02/element/f.3E293DF0AA329CA2114D971FFEC9FE37.d.17A6CCFF67756BA471BC2EB9BD5BEE90.e.1668/click - {}
RESULT: {}
COMMAND: GET /session/f7171b6cbff09e3fe27f163b207c7e02/screenshot - {}
RESULT: {}
]]></system-out>
    </testcase>
    <testcase classname="chrome.135_0_7049_96.windows.Sanity_Tests_US104253" name="Should open Delivery Monitor page" time="34.958">
      <system-out><![CDATA[
COMMAND: POST /session/f7171b6cbff09e3fe27f163b207c7e02/execute/async - {"script":"<script> [1562 bytes]","args":[{"selector":{"controlType":"sap.m.GenericTile","properties":{"header":"Delivery Monitor"}},"wdio_ui5_key":"sapm.GenericTile{\"header\":\"Delivery Monitor\"}"}]}
RESULT: {"script":"<script> [1562 bytes]","args":[{"selector":{"controlType":"sap.m.GenericTile","properties":{"header":"Delivery Monitor"}},"wdio_ui5_key":"sapm.GenericTile{\"header\":\"Delivery Monitor\"}"}]}
RESULT: undefined
COMMAND: POST /session/f7171b6cbff09e3fe27f163b207c7e02/element - {"using":"xpath","value":"//*[@id=\"__tile43\"]"}
RESULT: {"using":"xpath","value":"//*[@id=\"__tile43\"]"}
COMMAND: POST /session/f7171b6cbff09e3fe27f163b207c7e02/element/f.3E293DF0AA329CA2114D971FFEC9FE37.d.17A6CCFF67756BA471BC2EB9BD5BEE90.e.1778/click - {}
RESULT: {}
COMMAND: GET /session/f7171b6cbff09e3fe27f163b207c7e02/screenshot - {}
RESULT: {}
RESULT: undefined
COMMAND: POST /session/f7171b6cbff09e3fe27f163b207c7e02/element - {"using":"xpath","value":"//*[@id=\"__tile43\"]"}
RESULT: {"using":"xpath","value":"//*[@id=\"__tile43\"]"}
COMMAND: POST /session/f7171b6cbff09e3fe27f163b207c7e02/element/f.3E293DF0AA329CA2114D971FFEC9FE37.d.17A6CCFF67756BA471BC2EB9BD5BEE90.e.1778/click - {}
RESULT: undefined
COMMAND: POST /session/f7171b6cbff09e3fe27f163b207c7e02/element - {"using":"xpath","value":"//*[@id=\"__tile43\"]"}
RESULT: {"using":"xpath","value":"//*[@id=\"__tile43\"]"}
COMMAND: POST /session/f7171b6cbff09e3fe27f163b207c7e02/element/f.3E293DF0AA329CA2114D971FFEC9FE37.d.17A6CCFF67756BA471BC2EB9BD5BEE90.e.1778/click - {}
RESULT: undefined
COMMAND: POST /session/f7171b6cbff09e3fe27f163b207c7e02/execute/async - {"script":"<script> [6424 bytes]","args":[{"element-6066-11e4-a52e-4f735466cecf":"f.3E293DF0AA329CA2114D971FFEC9FE37.d.17A6CCFF67756BA471BC2EB9BD5BEE90.e.254"},"getTitle",[]]}
COMMAND: POST /session/f7171b6cbff09e3fe27f163b207c7e02/execute/async - {"script":"<script> [1562 bytes]","args":[{"selector":{"id":"shellAppTitle"},"wdio_ui5_key":"shellAppTitle"}]}
RESULT: {"script":"<script> [1562 bytes]","args":[{"selector":{"id":"shellAppTitle"},"wdio_ui5_key":"shellAppTitle"}]}
COMMAND: POST /session/f7171b6cbff09e3fe27f163b207c7e02/execute/async - {"script":"<script> [6424 bytes]","args":[{"element-6066-11e4-a52e-4f735466cecf":"f.3E293DF0AA329CA2114D971FFEC9FE37.d.17A6CCFF67756BA471BC2EB9BD5BEE90.e.1876"},"getTitle",[]]}
RESULT: {"script":"<script> [6424 bytes]","args":[{"element-6066-11e4-a52e-4f735466cecf":"f.3E293DF0AA329CA2114D971FFEC9FE37.d.17A6CCFF67756BA471BC2EB9BD5BEE90.e.1876"},"getTitle",[]]}
RESULT: undefined
COMMAND: POST /session/f7171b6cbff09e3fe27f163b207c7e02/element/f.3E293DF0AA329CA2114D971FFEC9FE37.d.17A6CCFF67756BA471BC2EB9BD5BEE90.e.1668/click - {}
COMMAND: POST /session/f7171b6cbff09e3fe27f163b207c7e02/element - {"using":"xpath","value":"//*[@id=\"backBtn\"]"}
RESULT: {"using":"xpath","value":"//*[@id=\"backBtn\"]"}
COMMAND: POST /session/f7171b6cbff09e3fe27f163b207c7e02/element/f.3E293DF0AA329CA2114D971FFEC9FE37.d.17A6CCFF67756BA471BC2EB9BD5BEE90.e.1668/click - {}
COMMAND: POST /session/f7171b6cbff09e3fe27f163b207c7e02/element - {"using":"xpath","value":"//*[@id=\"backBtn\"]"}
RESULT: {"using":"xpath","value":"//*[@id=\"backBtn\"]"}
COMMAND: POST /session/f7171b6cbff09e3fe27f163b207c7e02/element/f.3E293DF0AA329CA2114D971FFEC9FE37.d.17A6CCFF67756BA471BC2EB9BD5BEE90.e.1877/click - {}
RESULT: {}
COMMAND: GET /session/f7171b6cbff09e3fe27f163b207c7e02/screenshot - {}
RESULT: {}
]]></system-out>
    </testcase>
    <testcase classname="chrome.135_0_7049_96.windows.Sanity_Tests_US104253" name="Should open Manage Calendar Exceptions page" time="33.757">
      <system-out><![CDATA[
COMMAND: POST /session/f7171b6cbff09e3fe27f163b207c7e02/execute/async - {"script":"<script> [1562 bytes]","args":[{"selector":{"controlType":"sap.m.GenericTile","properties":{"header":"Manage Calendar Exceptions"}},"wdio_ui5_key":"sapm.GenericTile{\"header\":\"Manage Calendar Exceptions\"}"}]}
RESULT: {"script":"<script> [1562 bytes]","args":[{"selector":{"controlType":"sap.m.GenericTile","properties":{"header":"Manage Calendar Exceptions"}},"wdio_ui5_key":"sapm.GenericTile{\"header\":\"Manage Calendar Exceptions\"}"}]}
RESULT: undefined
COMMAND: POST /session/f7171b6cbff09e3fe27f163b207c7e02/element - {"using":"xpath","value":"//*[@id=\"__tile52\"]"}
RESULT: {"using":"xpath","value":"//*[@id=\"__tile52\"]"}
COMMAND: POST /session/f7171b6cbff09e3fe27f163b207c7e02/element/f.3E293DF0AA329CA2114D971FFEC9FE37.d.17A6CCFF67756BA471BC2EB9BD5BEE90.e.1879/click - {}
RESULT: {}
COMMAND: GET /session/f7171b6cbff09e3fe27f163b207c7e02/screenshot - {}
RESULT: {}
RESULT: undefined
COMMAND: POST /session/f7171b6cbff09e3fe27f163b207c7e02/element - {"using":"xpath","value":"//*[@id=\"__tile52\"]"}
RESULT: {"using":"xpath","value":"//*[@id=\"__tile52\"]"}
COMMAND: POST /session/f7171b6cbff09e3fe27f163b207c7e02/element/f.3E293DF0AA329CA2114D971FFEC9FE37.d.17A6CCFF67756BA471BC2EB9BD5BEE90.e.1879/click - {}
RESULT: undefined
COMMAND: POST /session/f7171b6cbff09e3fe27f163b207c7e02/element - {"using":"xpath","value":"//*[@id=\"__tile52\"]"}
RESULT: {"using":"xpath","value":"//*[@id=\"__tile52\"]"}
COMMAND: POST /session/f7171b6cbff09e3fe27f163b207c7e02/element/f.3E293DF0AA329CA2114D971FFEC9FE37.d.17A6CCFF67756BA471BC2EB9BD5BEE90.e.1879/click - {}
RESULT: undefined
COMMAND: POST /session/f7171b6cbff09e3fe27f163b207c7e02/execute/async - {"script":"<script> [6424 bytes]","args":[{"element-6066-11e4-a52e-4f735466cecf":"f.3E293DF0AA329CA2114D971FFEC9FE37.d.17A6CCFF67756BA471BC2EB9BD5BEE90.e.254"},"getTitle",[]]}
COMMAND: POST /session/f7171b6cbff09e3fe27f163b207c7e02/execute/async - {"script":"<script> [1562 bytes]","args":[{"selector":{"id":"shellAppTitle"},"wdio_ui5_key":"shellAppTitle"}]}
RESULT: {"script":"<script> [1562 bytes]","args":[{"selector":{"id":"shellAppTitle"},"wdio_ui5_key":"shellAppTitle"}]}
COMMAND: POST /session/f7171b6cbff09e3fe27f163b207c7e02/execute/async - {"script":"<script> [6424 bytes]","args":[{"element-6066-11e4-a52e-4f735466cecf":"f.3E293DF0AA329CA2114D971FFEC9FE37.d.17A6CCFF67756BA471BC2EB9BD5BEE90.e.1944"},"getTitle",[]]}
RESULT: {"script":"<script> [6424 bytes]","args":[{"element-6066-11e4-a52e-4f735466cecf":"f.3E293DF0AA329CA2114D971FFEC9FE37.d.17A6CCFF67756BA471BC2EB9BD5BEE90.e.1944"},"getTitle",[]]}
RESULT: undefined
COMMAND: POST /session/f7171b6cbff09e3fe27f163b207c7e02/element/f.3E293DF0AA329CA2114D971FFEC9FE37.d.17A6CCFF67756BA471BC2EB9BD5BEE90.e.1877/click - {}
RESULT: {}
COMMAND: GET /session/f7171b6cbff09e3fe27f163b207c7e02/screenshot - {}
RESULT: {}
]]></system-out>
    </testcase>
    <testcase classname="chrome.135_0_7049_96.windows.Sanity_Tests_US104253" name="Should open Manage States Performance page" time="33.938">
      <system-out><![CDATA[
COMMAND: POST /session/f7171b6cbff09e3fe27f163b207c7e02/execute/async - {"script":"<script> [1562 bytes]","args":[{"selector":{"controlType":"sap.m.GenericTile","properties":{"header":"Manage States & Performance"}},"wdio_ui5_key":"sapm.GenericTile{\"header\":\"Manage States & Performance\"}"}]}
RESULT: {"script":"<script> [1562 bytes]","args":[{"selector":{"controlType":"sap.m.GenericTile","properties":{"header":"Manage States & Performance"}},"wdio_ui5_key":"sapm.GenericTile{\"header\":\"Manage States & Performance\"}"}]}
RESULT: undefined
COMMAND: POST /session/f7171b6cbff09e3fe27f163b207c7e02/element - {"using":"xpath","value":"//*[@id=\"__tile56\"]"}
RESULT: {"using":"xpath","value":"//*[@id=\"__tile56\"]"}
COMMAND: POST /session/f7171b6cbff09e3fe27f163b207c7e02/element/f.3E293DF0AA329CA2114D971FFEC9FE37.d.17A6CCFF67756BA471BC2EB9BD5BEE90.e.1948/click - {}
RESULT: {}
COMMAND: GET /session/f7171b6cbff09e3fe27f163b207c7e02/screenshot - {}
RESULT: {}
RESULT: undefined
COMMAND: POST /session/f7171b6cbff09e3fe27f163b207c7e02/element - {"using":"xpath","value":"//*[@id=\"__tile56\"]"}
RESULT: {"using":"xpath","value":"//*[@id=\"__tile56\"]"}
COMMAND: POST /session/f7171b6cbff09e3fe27f163b207c7e02/element/f.3E293DF0AA329CA2114D971FFEC9FE37.d.17A6CCFF67756BA471BC2EB9BD5BEE90.e.1948/click - {}
RESULT: undefined
COMMAND: POST /session/f7171b6cbff09e3fe27f163b207c7e02/element - {"using":"xpath","value":"//*[@id=\"__tile56\"]"}
RESULT: {"using":"xpath","value":"//*[@id=\"__tile56\"]"}
COMMAND: POST /session/f7171b6cbff09e3fe27f163b207c7e02/element/f.3E293DF0AA329CA2114D971FFEC9FE37.d.17A6CCFF67756BA471BC2EB9BD5BEE90.e.1948/click - {}
RESULT: undefined
COMMAND: POST /session/f7171b6cbff09e3fe27f163b207c7e02/execute/async - {"script":"<script> [6424 bytes]","args":[{"element-6066-11e4-a52e-4f735466cecf":"f.3E293DF0AA329CA2114D971FFEC9FE37.d.17A6CCFF67756BA471BC2EB9BD5BEE90.e.254"},"getTitle",[]]}
COMMAND: POST /session/f7171b6cbff09e3fe27f163b207c7e02/execute/async - {"script":"<script> [1562 bytes]","args":[{"selector":{"id":"shellAppTitle"},"wdio_ui5_key":"shellAppTitle"}]}
RESULT: {"script":"<script> [1562 bytes]","args":[{"selector":{"id":"shellAppTitle"},"wdio_ui5_key":"shellAppTitle"}]}
COMMAND: POST /session/f7171b6cbff09e3fe27f163b207c7e02/execute/async - {"script":"<script> [6424 bytes]","args":[{"element-6066-11e4-a52e-4f735466cecf":"f.3E293DF0AA329CA2114D971FFEC9FE37.d.17A6CCFF67756BA471BC2EB9BD5BEE90.e.2041"},"getTitle",[]]}
RESULT: {"script":"<script> [6424 bytes]","args":[{"element-6066-11e4-a52e-4f735466cecf":"f.3E293DF0AA329CA2114D971FFEC9FE37.d.17A6CCFF67756BA471BC2EB9BD5BEE90.e.2041"},"getTitle",[]]}
RESULT: undefined
COMMAND: POST /session/f7171b6cbff09e3fe27f163b207c7e02/element/f.3E293DF0AA329CA2114D971FFEC9FE37.d.17A6CCFF67756BA471BC2EB9BD5BEE90.e.1877/click - {}
COMMAND: POST /session/f7171b6cbff09e3fe27f163b207c7e02/element - {"using":"xpath","value":"//*[@id=\"backBtn\"]"}
RESULT: {"using":"xpath","value":"//*[@id=\"backBtn\"]"}
COMMAND: POST /session/f7171b6cbff09e3fe27f163b207c7e02/element/f.3E293DF0AA329CA2114D971FFEC9FE37.d.17A6CCFF67756BA471BC2EB9BD5BEE90.e.1877/click - {}
COMMAND: POST /session/f7171b6cbff09e3fe27f163b207c7e02/element - {"using":"xpath","value":"//*[@id=\"backBtn\"]"}
RESULT: {"using":"xpath","value":"//*[@id=\"backBtn\"]"}
COMMAND: POST /session/f7171b6cbff09e3fe27f163b207c7e02/element/f.3E293DF0AA329CA2114D971FFEC9FE37.d.17A6CCFF67756BA471BC2EB9BD5BEE90.e.2042/click - {}
RESULT: {}
COMMAND: GET /session/f7171b6cbff09e3fe27f163b207c7e02/screenshot - {}
RESULT: {}
]]></system-out>
    </testcase>
    <testcase classname="chrome.135_0_7049_96.windows.Sanity_Tests_US104253" name="Should open Manage Billings page" time="38.165">
      <system-out><![CDATA[
COMMAND: POST /session/f7171b6cbff09e3fe27f163b207c7e02/execute/async - {"script":"<script> [1562 bytes]","args":[{"selector":{"controlType":"sap.m.GenericTile","properties":{"header":"Manage Billings"}},"wdio_ui5_key":"sapm.GenericTile{\"header\":\"Manage Billings\"}"}]}
RESULT: {"script":"<script> [1562 bytes]","args":[{"selector":{"controlType":"sap.m.GenericTile","properties":{"header":"Manage Billings"}},"wdio_ui5_key":"sapm.GenericTile{\"header\":\"Manage Billings\"}"}]}
RESULT: undefined
COMMAND: POST /session/f7171b6cbff09e3fe27f163b207c7e02/element - {"using":"xpath","value":"//*[@id=\"__tile51\"]"}
RESULT: {"using":"xpath","value":"//*[@id=\"__tile51\"]"}
COMMAND: POST /session/f7171b6cbff09e3fe27f163b207c7e02/element/f.3E293DF0AA329CA2114D971FFEC9FE37.d.17A6CCFF67756BA471BC2EB9BD5BEE90.e.2044/click - {}
RESULT: {}
COMMAND: GET /session/f7171b6cbff09e3fe27f163b207c7e02/screenshot - {}
RESULT: {}
RESULT: undefined
COMMAND: POST /session/f7171b6cbff09e3fe27f163b207c7e02/element - {"using":"xpath","value":"//*[@id=\"__tile51\"]"}
RESULT: {"using":"xpath","value":"//*[@id=\"__tile51\"]"}
COMMAND: POST /session/f7171b6cbff09e3fe27f163b207c7e02/element/f.3E293DF0AA329CA2114D971FFEC9FE37.d.17A6CCFF67756BA471BC2EB9BD5BEE90.e.2044/click - {}
RESULT: undefined
COMMAND: POST /session/f7171b6cbff09e3fe27f163b207c7e02/element - {"using":"xpath","value":"//*[@id=\"__tile51\"]"}
RESULT: {"using":"xpath","value":"//*[@id=\"__tile51\"]"}
COMMAND: POST /session/f7171b6cbff09e3fe27f163b207c7e02/element/f.3E293DF0AA329CA2114D971FFEC9FE37.d.17A6CCFF67756BA471BC2EB9BD5BEE90.e.2044/click - {}
RESULT: undefined
COMMAND: POST /session/f7171b6cbff09e3fe27f163b207c7e02/execute/async - {"script":"<script> [6424 bytes]","args":[{"element-6066-11e4-a52e-4f735466cecf":"f.3E293DF0AA329CA2114D971FFEC9FE37.d.17A6CCFF67756BA471BC2EB9BD5BEE90.e.254"},"getTitle",[]]}
COMMAND: POST /session/f7171b6cbff09e3fe27f163b207c7e02/execute/async - {"script":"<script> [1562 bytes]","args":[{"selector":{"id":"shellAppTitle"},"wdio_ui5_key":"shellAppTitle"}]}
RESULT: {"script":"<script> [1562 bytes]","args":[{"selector":{"id":"shellAppTitle"},"wdio_ui5_key":"shellAppTitle"}]}
COMMAND: POST /session/f7171b6cbff09e3fe27f163b207c7e02/execute/async - {"script":"<script> [6424 bytes]","args":[{"element-6066-11e4-a52e-4f735466cecf":"f.3E293DF0AA329CA2114D971FFEC9FE37.d.17A6CCFF67756BA471BC2EB9BD5BEE90.e.2241"},"getTitle",[]]}
RESULT: {"script":"<script> [6424 bytes]","args":[{"element-6066-11e4-a52e-4f735466cecf":"f.3E293DF0AA329CA2114D971FFEC9FE37.d.17A6CCFF67756BA471BC2EB9BD5BEE90.e.2241"},"getTitle",[]]}
RESULT: undefined
COMMAND: POST /session/f7171b6cbff09e3fe27f163b207c7e02/element/f.3E293DF0AA329CA2114D971FFEC9FE37.d.17A6CCFF67756BA471BC2EB9BD5BEE90.e.2042/click - {}
COMMAND: POST /session/f7171b6cbff09e3fe27f163b207c7e02/element/f.3E293DF0AA329CA2114D971FFEC9FE37.d.17A6CCFF67756BA471BC2EB9BD5BEE90.e.2042/click - {}
RESULT: {}
COMMAND: GET /session/f7171b6cbff09e3fe27f163b207c7e02/screenshot - {}
COMMAND: POST /session/f7171b6cbff09e3fe27f163b207c7e02/element - {"using":"xpath","value":"//*[@id=\"backBtn\"]"}
RESULT: {}
RESULT: {"using":"xpath","value":"//*[@id=\"backBtn\"]"}
COMMAND: POST /session/f7171b6cbff09e3fe27f163b207c7e02/elements - {"using":"xpath","value":"//*[@id=\"backBtn\"]"}
RESULT: {"using":"xpath","value":"//*[@id=\"backBtn\"]"}
COMMAND: POST /session/f7171b6cbff09e3fe27f163b207c7e02/elements - {"using":"xpath","value":"//*[@id=\"backBtn\"]"}
RESULT: {"using":"xpath","value":"//*[@id=\"backBtn\"]"}
COMMAND: POST /session/f7171b6cbff09e3fe27f163b207c7e02/elements - {"using":"xpath","value":"//*[@id=\"backBtn\"]"}
RESULT: {"using":"xpath","value":"//*[@id=\"backBtn\"]"}
COMMAND: POST /session/f7171b6cbff09e3fe27f163b207c7e02/elements - {"using":"xpath","value":"//*[@id=\"backBtn\"]"}
RESULT: {"using":"xpath","value":"//*[@id=\"backBtn\"]"}
COMMAND: POST /session/f7171b6cbff09e3fe27f163b207c7e02/elements - {"using":"xpath","value":"//*[@id=\"backBtn\"]"}
RESULT: {"using":"xpath","value":"//*[@id=\"backBtn\"]"}
COMMAND: POST /session/f7171b6cbff09e3fe27f163b207c7e02/elements - {"using":"xpath","value":"//*[@id=\"backBtn\"]"}
RESULT: {"using":"xpath","value":"//*[@id=\"backBtn\"]"}
COMMAND: POST /session/f7171b6cbff09e3fe27f163b207c7e02/elements - {"using":"xpath","value":"//*[@id=\"backBtn\"]"}
RESULT: {"using":"xpath","value":"//*[@id=\"backBtn\"]"}
COMMAND: POST /session/f7171b6cbff09e3fe27f163b207c7e02/elements - {"using":"xpath","value":"//*[@id=\"backBtn\"]"}
RESULT: {"using":"xpath","value":"//*[@id=\"backBtn\"]"}
COMMAND: POST /session/f7171b6cbff09e3fe27f163b207c7e02/elements - {"using":"xpath","value":"//*[@id=\"backBtn\"]"}
RESULT: {"using":"xpath","value":"//*[@id=\"backBtn\"]"}
COMMAND: POST /session/f7171b6cbff09e3fe27f163b207c7e02/elements - {"using":"xpath","value":"//*[@id=\"backBtn\"]"}
RESULT: {"using":"xpath","value":"//*[@id=\"backBtn\"]"}
COMMAND: POST /session/f7171b6cbff09e3fe27f163b207c7e02/elements - {"using":"xpath","value":"//*[@id=\"backBtn\"]"}
RESULT: {"using":"xpath","value":"//*[@id=\"backBtn\"]"}
COMMAND: POST /session/f7171b6cbff09e3fe27f163b207c7e02/elements - {"using":"xpath","value":"//*[@id=\"backBtn\"]"}
RESULT: {"using":"xpath","value":"//*[@id=\"backBtn\"]"}
COMMAND: POST /session/f7171b6cbff09e3fe27f163b207c7e02/elements - {"using":"xpath","value":"//*[@id=\"backBtn\"]"}
RESULT: {"using":"xpath","value":"//*[@id=\"backBtn\"]"}
COMMAND: POST /session/f7171b6cbff09e3fe27f163b207c7e02/elements - {"using":"xpath","value":"//*[@id=\"backBtn\"]"}
RESULT: {"using":"xpath","value":"//*[@id=\"backBtn\"]"}
COMMAND: POST /session/f7171b6cbff09e3fe27f163b207c7e02/elements - {"using":"xpath","value":"//*[@id=\"backBtn\"]"}
RESULT: {"using":"xpath","value":"//*[@id=\"backBtn\"]"}
COMMAND: POST /session/f7171b6cbff09e3fe27f163b207c7e02/elements - {"using":"xpath","value":"//*[@id=\"backBtn\"]"}
RESULT: {"using":"xpath","value":"//*[@id=\"backBtn\"]"}
COMMAND: POST /session/f7171b6cbff09e3fe27f163b207c7e02/elements - {"using":"xpath","value":"//*[@id=\"backBtn\"]"}
RESULT: {"using":"xpath","value":"//*[@id=\"backBtn\"]"}
]]></system-out>
    </testcase>
    <testcase classname="chrome.135_0_7049_96.windows.Sanity_Tests_US104253" name="Should open Manage Conditions Prices page" time="45.142">
      <system-out><![CDATA[
COMMAND: POST /session/f7171b6cbff09e3fe27f163b207c7e02/execute/async - {"script":"<script> [1562 bytes]","args":[{"selector":{"controlType":"sap.m.GenericTile","properties":{"header":"Manage Conditions & Prices"}},"wdio_ui5_key":"sapm.GenericTile{\"header\":\"Manage Conditions & Prices\"}"}]}
COMMAND: POST /session/f7171b6cbff09e3fe27f163b207c7e02/elements - {"using":"xpath","value":"//*[@id=\"backBtn\"]"}
RESULT: {"script":"<script> [1562 bytes]","args":[{"selector":{"controlType":"sap.m.GenericTile","properties":{"header":"Manage Conditions & Prices"}},"wdio_ui5_key":"sapm.GenericTile{\"header\":\"Manage Conditions & Prices\"}"}]}
RESULT: undefined
COMMAND: POST /session/f7171b6cbff09e3fe27f163b207c7e02/element - {"using":"xpath","value":"//*[@id=\"__tile53\"]"}
RESULT: {"using":"xpath","value":"//*[@id=\"backBtn\"]"}
RESULT: {"using":"xpath","value":"//*[@id=\"__tile53\"]"}
COMMAND: POST /session/f7171b6cbff09e3fe27f163b207c7e02/element/f.3E293DF0AA329CA2114D971FFEC9FE37.d.17A6CCFF67756BA471BC2EB9BD5BEE90.e.2243/click - {}
COMMAND: POST /session/f7171b6cbff09e3fe27f163b207c7e02/elements - {"using":"xpath","value":"//*[@id=\"backBtn\"]"}
RESULT: {}
COMMAND: GET /session/f7171b6cbff09e3fe27f163b207c7e02/screenshot - {}
RESULT: {"using":"xpath","value":"//*[@id=\"backBtn\"]"}
COMMAND: POST /session/f7171b6cbff09e3fe27f163b207c7e02/elements - {"using":"xpath","value":"//*[@id=\"backBtn\"]"}
RESULT: {}
RESULT: {"using":"xpath","value":"//*[@id=\"backBtn\"]"}
COMMAND: POST /session/f7171b6cbff09e3fe27f163b207c7e02/elements - {"using":"xpath","value":"//*[@id=\"backBtn\"]"}
RESULT: {"using":"xpath","value":"//*[@id=\"backBtn\"]"}
COMMAND: POST /session/f7171b6cbff09e3fe27f163b207c7e02/elements - {"using":"xpath","value":"//*[@id=\"backBtn\"]"}
RESULT: {"using":"xpath","value":"//*[@id=\"backBtn\"]"}
COMMAND: POST /session/f7171b6cbff09e3fe27f163b207c7e02/elements - {"using":"xpath","value":"//*[@id=\"backBtn\"]"}
RESULT: undefined
COMMAND: POST /session/f7171b6cbff09e3fe27f163b207c7e02/element - {"using":"xpath","value":"//*[@id=\"__tile53\"]"}
RESULT: {"using":"xpath","value":"//*[@id=\"backBtn\"]"}
COMMAND: POST /session/f7171b6cbff09e3fe27f163b207c7e02/element - {"using":"xpath","value":"//*[@id=\"backBtn\"]"}
RESULT: {"using":"xpath","value":"//*[@id=\"__tile53\"]"}
COMMAND: POST /session/f7171b6cbff09e3fe27f163b207c7e02/element/f.3E293DF0AA329CA2114D971FFEC9FE37.d.17A6CCFF67756BA471BC2EB9BD5BEE90.e.2243/click - {}
RESULT: {"using":"xpath","value":"//*[@id=\"backBtn\"]"}
COMMAND: POST /session/f7171b6cbff09e3fe27f163b207c7e02/element/f.3E293DF0AA329CA2114D971FFEC9FE37.d.17A6CCFF67756BA471BC2EB9BD5BEE90.e.2042/click - {}
COMMAND: POST /session/f7171b6cbff09e3fe27f163b207c7e02/element - {"using":"xpath","value":"//*[@id=\"backBtn\"]"}
RESULT: {"using":"xpath","value":"//*[@id=\"backBtn\"]"}
COMMAND: POST /session/f7171b6cbff09e3fe27f163b207c7e02/element/f.3E293DF0AA329CA2114D971FFEC9FE37.d.17A6CCFF67756BA471BC2EB9BD5BEE90.e.2274/click - {}
RESULT: {}
COMMAND: GET /session/f7171b6cbff09e3fe27f163b207c7e02/screenshot - {}
RESULT: {}
RESULT: undefined
COMMAND: POST /session/f7171b6cbff09e3fe27f163b207c7e02/element - {"using":"xpath","value":"//*[@id=\"__tile53\"]"}
COMMAND: GET /session/f7171b6cbff09e3fe27f163b207c7e02/screenshot - {}
RESULT: {}
RESULT: {"using":"xpath","value":"//*[@id=\"__tile53\"]"}
COMMAND: POST /session/f7171b6cbff09e3fe27f163b207c7e02/element/f.3E293DF0AA329CA2114D971FFEC9FE37.d.17A6CCFF67756BA471BC2EB9BD5BEE90.e.2243/click - {}
RESULT: {}
RESULT: undefined
COMMAND: POST /session/f7171b6cbff09e3fe27f163b207c7e02/execute/async - {"script":"<script> [6424 bytes]","args":[{"element-6066-11e4-a52e-4f735466cecf":"f.3E293DF0AA329CA2114D971FFEC9FE37.d.17A6CCFF67756BA471BC2EB9BD5BEE90.e.254"},"getTitle",[]]}
COMMAND: POST /session/f7171b6cbff09e3fe27f163b207c7e02/execute/async - {"script":"<script> [1562 bytes]","args":[{"selector":{"id":"shellAppTitle"},"wdio_ui5_key":"shellAppTitle"}]}
RESULT: {"script":"<script> [1562 bytes]","args":[{"selector":{"id":"shellAppTitle"},"wdio_ui5_key":"shellAppTitle"}]}
COMMAND: POST /session/f7171b6cbff09e3fe27f163b207c7e02/execute/async - {"script":"<script> [6424 bytes]","args":[{"element-6066-11e4-a52e-4f735466cecf":"f.3E293DF0AA329CA2114D971FFEC9FE37.d.17A6CCFF67756BA471BC2EB9BD5BEE90.e.2480"},"getTitle",[]]}
RESULT: {"script":"<script> [6424 bytes]","args":[{"element-6066-11e4-a52e-4f735466cecf":"f.3E293DF0AA329CA2114D971FFEC9FE37.d.17A6CCFF67756BA471BC2EB9BD5BEE90.e.2480"},"getTitle",[]]}
RESULT: undefined
COMMAND: POST /session/f7171b6cbff09e3fe27f163b207c7e02/element/f.3E293DF0AA329CA2114D971FFEC9FE37.d.17A6CCFF67756BA471BC2EB9BD5BEE90.e.2274/click - {}
RESULT: {}
COMMAND: GET /session/f7171b6cbff09e3fe27f163b207c7e02/screenshot - {}
RESULT: {}
]]></system-out>
    </testcase>
    <testcase classname="chrome.135_0_7049_96.windows.Sanity_Tests_US104253" name="Should open Billing Transfer page" time="34.14">
      <system-out><![CDATA[
COMMAND: POST /session/f7171b6cbff09e3fe27f163b207c7e02/execute/async - {"script":"<script> [1562 bytes]","args":[{"selector":{"controlType":"sap.m.GenericTile","properties":{"header":"Billing Transfer"}},"wdio_ui5_key":"sapm.GenericTile{\"header\":\"Billing Transfer\"}"}]}
RESULT: {"script":"<script> [1562 bytes]","args":[{"selector":{"controlType":"sap.m.GenericTile","properties":{"header":"Billing Transfer"}},"wdio_ui5_key":"sapm.GenericTile{\"header\":\"Billing Transfer\"}"}]}
RESULT: undefined
COMMAND: POST /session/f7171b6cbff09e3fe27f163b207c7e02/element - {"using":"xpath","value":"//*[@id=\"__tile50\"]"}
RESULT: {"using":"xpath","value":"//*[@id=\"__tile50\"]"}
COMMAND: POST /session/f7171b6cbff09e3fe27f163b207c7e02/element/f.3E293DF0AA329CA2114D971FFEC9FE37.d.17A6CCFF67756BA471BC2EB9BD5BEE90.e.2482/click - {}
RESULT: {}
COMMAND: GET /session/f7171b6cbff09e3fe27f163b207c7e02/screenshot - {}
RESULT: {}
RESULT: undefined
COMMAND: POST /session/f7171b6cbff09e3fe27f163b207c7e02/element - {"using":"xpath","value":"//*[@id=\"__tile50\"]"}
RESULT: {"using":"xpath","value":"//*[@id=\"__tile50\"]"}
COMMAND: POST /session/f7171b6cbff09e3fe27f163b207c7e02/element/f.3E293DF0AA329CA2114D971FFEC9FE37.d.17A6CCFF67756BA471BC2EB9BD5BEE90.e.2482/click - {}
RESULT: undefined
COMMAND: POST /session/f7171b6cbff09e3fe27f163b207c7e02/element - {"using":"xpath","value":"//*[@id=\"__tile50\"]"}
RESULT: {"using":"xpath","value":"//*[@id=\"__tile50\"]"}
COMMAND: POST /session/f7171b6cbff09e3fe27f163b207c7e02/element/f.3E293DF0AA329CA2114D971FFEC9FE37.d.17A6CCFF67756BA471BC2EB9BD5BEE90.e.2482/click - {}
RESULT: undefined
COMMAND: POST /session/f7171b6cbff09e3fe27f163b207c7e02/execute/async - {"script":"<script> [6424 bytes]","args":[{"element-6066-11e4-a52e-4f735466cecf":"f.3E293DF0AA329CA2114D971FFEC9FE37.d.17A6CCFF67756BA471BC2EB9BD5BEE90.e.254"},"getTitle",[]]}
COMMAND: POST /session/f7171b6cbff09e3fe27f163b207c7e02/execute/async - {"script":"<script> [1562 bytes]","args":[{"selector":{"id":"shellAppTitle"},"wdio_ui5_key":"shellAppTitle"}]}
RESULT: {"script":"<script> [1562 bytes]","args":[{"selector":{"id":"shellAppTitle"},"wdio_ui5_key":"shellAppTitle"}]}
COMMAND: POST /session/f7171b6cbff09e3fe27f163b207c7e02/execute/async - {"script":"<script> [6424 bytes]","args":[{"element-6066-11e4-a52e-4f735466cecf":"f.3E293DF0AA329CA2114D971FFEC9FE37.d.17A6CCFF67756BA471BC2EB9BD5BEE90.e.2595"},"getTitle",[]]}
RESULT: {"script":"<script> [6424 bytes]","args":[{"element-6066-11e4-a52e-4f735466cecf":"f.3E293DF0AA329CA2114D971FFEC9FE37.d.17A6CCFF67756BA471BC2EB9BD5BEE90.e.2595"},"getTitle",[]]}
RESULT: undefined
COMMAND: POST /session/f7171b6cbff09e3fe27f163b207c7e02/element/f.3E293DF0AA329CA2114D971FFEC9FE37.d.17A6CCFF67756BA471BC2EB9BD5BEE90.e.2274/click - {}
COMMAND: POST /session/f7171b6cbff09e3fe27f163b207c7e02/element - {"using":"xpath","value":"//*[@id=\"backBtn\"]"}
RESULT: {"using":"xpath","value":"//*[@id=\"backBtn\"]"}
COMMAND: POST /session/f7171b6cbff09e3fe27f163b207c7e02/element/f.3E293DF0AA329CA2114D971FFEC9FE37.d.17A6CCFF67756BA471BC2EB9BD5BEE90.e.2274/click - {}
COMMAND: POST /session/f7171b6cbff09e3fe27f163b207c7e02/element - {"using":"xpath","value":"//*[@id=\"backBtn\"]"}
RESULT: {"using":"xpath","value":"//*[@id=\"backBtn\"]"}
COMMAND: POST /session/f7171b6cbff09e3fe27f163b207c7e02/element/f.3E293DF0AA329CA2114D971FFEC9FE37.d.17A6CCFF67756BA471BC2EB9BD5BEE90.e.2596/click - {}
RESULT: {}
COMMAND: GET /session/f7171b6cbff09e3fe27f163b207c7e02/screenshot - {}
RESULT: {}
]]></system-out>
    </testcase>
    <testcase classname="chrome.135_0_7049_96.windows.Sanity_Tests_US104253" name="Should open Manage Pricing Rules page" time="38.725">
      <system-out><![CDATA[
COMMAND: POST /session/f7171b6cbff09e3fe27f163b207c7e02/execute/async - {"script":"<script> [1562 bytes]","args":[{"selector":{"controlType":"sap.m.GenericTile","properties":{"header":"Manage Pricing Rules"}},"wdio_ui5_key":"sapm.GenericTile{\"header\":\"Manage Pricing Rules\"}"}]}
RESULT: {"script":"<script> [1562 bytes]","args":[{"selector":{"controlType":"sap.m.GenericTile","properties":{"header":"Manage Pricing Rules"}},"wdio_ui5_key":"sapm.GenericTile{\"header\":\"Manage Pricing Rules\"}"}]}
RESULT: undefined
COMMAND: POST /session/f7171b6cbff09e3fe27f163b207c7e02/element - {"using":"xpath","value":"//*[@id=\"__tile55\"]"}
RESULT: {"using":"xpath","value":"//*[@id=\"__tile55\"]"}
COMMAND: POST /session/f7171b6cbff09e3fe27f163b207c7e02/element/f.3E293DF0AA329CA2114D971FFEC9FE37.d.17A6CCFF67756BA471BC2EB9BD5BEE90.e.2598/click - {}
RESULT: {}
COMMAND: GET /session/f7171b6cbff09e3fe27f163b207c7e02/screenshot - {}
RESULT: {}
RESULT: undefined
COMMAND: POST /session/f7171b6cbff09e3fe27f163b207c7e02/element - {"using":"xpath","value":"//*[@id=\"__tile55\"]"}
RESULT: {"using":"xpath","value":"//*[@id=\"__tile55\"]"}
COMMAND: POST /session/f7171b6cbff09e3fe27f163b207c7e02/element/f.3E293DF0AA329CA2114D971FFEC9FE37.d.17A6CCFF67756BA471BC2EB9BD5BEE90.e.2598/click - {}
RESULT: undefined
COMMAND: POST /session/f7171b6cbff09e3fe27f163b207c7e02/element - {"using":"xpath","value":"//*[@id=\"__tile55\"]"}
RESULT: {"using":"xpath","value":"//*[@id=\"__tile55\"]"}
COMMAND: POST /session/f7171b6cbff09e3fe27f163b207c7e02/element/f.3E293DF0AA329CA2114D971FFEC9FE37.d.17A6CCFF67756BA471BC2EB9BD5BEE90.e.2598/click - {}
RESULT: undefined
COMMAND: POST /session/f7171b6cbff09e3fe27f163b207c7e02/execute/async - {"script":"<script> [6424 bytes]","args":[{"element-6066-11e4-a52e-4f735466cecf":"f.3E293DF0AA329CA2114D971FFEC9FE37.d.17A6CCFF67756BA471BC2EB9BD5BEE90.e.254"},"getTitle",[]]}
COMMAND: POST /session/f7171b6cbff09e3fe27f163b207c7e02/execute/async - {"script":"<script> [1562 bytes]","args":[{"selector":{"id":"shellAppTitle"},"wdio_ui5_key":"shellAppTitle"}]}
RESULT: {"script":"<script> [1562 bytes]","args":[{"selector":{"id":"shellAppTitle"},"wdio_ui5_key":"shellAppTitle"}]}
COMMAND: POST /session/f7171b6cbff09e3fe27f163b207c7e02/execute/async - {"script":"<script> [6424 bytes]","args":[{"element-6066-11e4-a52e-4f735466cecf":"f.3E293DF0AA329CA2114D971FFEC9FE37.d.17A6CCFF67756BA471BC2EB9BD5BEE90.e.2646"},"getTitle",[]]}
RESULT: {"script":"<script> [6424 bytes]","args":[{"element-6066-11e4-a52e-4f735466cecf":"f.3E293DF0AA329CA2114D971FFEC9FE37.d.17A6CCFF67756BA471BC2EB9BD5BEE90.e.2646"},"getTitle",[]]}
RESULT: undefined
COMMAND: POST /session/f7171b6cbff09e3fe27f163b207c7e02/element/f.3E293DF0AA329CA2114D971FFEC9FE37.d.17A6CCFF67756BA471BC2EB9BD5BEE90.e.2596/click - {}
RESULT: {}
COMMAND: GET /session/f7171b6cbff09e3fe27f163b207c7e02/screenshot - {}
RESULT: {}
]]></system-out>
    </testcase>
    <testcase classname="chrome.135_0_7049_96.windows.Sanity_Tests_US104253" name="Should open Manage Price Determination Matrices page" time="33.168">
      <system-out><![CDATA[
COMMAND: POST /session/f7171b6cbff09e3fe27f163b207c7e02/execute/async - {"script":"<script> [1562 bytes]","args":[{"selector":{"controlType":"sap.m.GenericTile","properties":{"header":"Manage Price Determination Matrices"}},"wdio_ui5_key":"sapm.GenericTile{\"header\":\"Manage Price Determination Matrices\"}"}]}
RESULT: {"script":"<script> [1562 bytes]","args":[{"selector":{"controlType":"sap.m.GenericTile","properties":{"header":"Manage Price Determination Matrices"}},"wdio_ui5_key":"sapm.GenericTile{\"header\":\"Manage Price Determination Matrices\"}"}]}
RESULT: undefined
COMMAND: POST /session/f7171b6cbff09e3fe27f163b207c7e02/element - {"using":"xpath","value":"//*[@id=\"__tile54\"]"}
RESULT: {"using":"xpath","value":"//*[@id=\"__tile54\"]"}
COMMAND: POST /session/f7171b6cbff09e3fe27f163b207c7e02/element/f.3E293DF0AA329CA2114D971FFEC9FE37.d.17A6CCFF67756BA471BC2EB9BD5BEE90.e.2648/click - {}
RESULT: {}
COMMAND: GET /session/f7171b6cbff09e3fe27f163b207c7e02/screenshot - {}
RESULT: {}
RESULT: undefined
COMMAND: POST /session/f7171b6cbff09e3fe27f163b207c7e02/element - {"using":"xpath","value":"//*[@id=\"__tile54\"]"}
RESULT: {"using":"xpath","value":"//*[@id=\"__tile54\"]"}
COMMAND: POST /session/f7171b6cbff09e3fe27f163b207c7e02/element/f.3E293DF0AA329CA2114D971FFEC9FE37.d.17A6CCFF67756BA471BC2EB9BD5BEE90.e.2648/click - {}
RESULT: undefined
COMMAND: POST /session/f7171b6cbff09e3fe27f163b207c7e02/element - {"using":"xpath","value":"//*[@id=\"__tile54\"]"}
RESULT: {"using":"xpath","value":"//*[@id=\"__tile54\"]"}
COMMAND: POST /session/f7171b6cbff09e3fe27f163b207c7e02/element/f.3E293DF0AA329CA2114D971FFEC9FE37.d.17A6CCFF67756BA471BC2EB9BD5BEE90.e.2648/click - {}
RESULT: undefined
COMMAND: POST /session/f7171b6cbff09e3fe27f163b207c7e02/execute/async - {"script":"<script> [6424 bytes]","args":[{"element-6066-11e4-a52e-4f735466cecf":"f.3E293DF0AA329CA2114D971FFEC9FE37.d.17A6CCFF67756BA471BC2EB9BD5BEE90.e.254"},"getTitle",[]]}
COMMAND: POST /session/f7171b6cbff09e3fe27f163b207c7e02/execute/async - {"script":"<script> [1562 bytes]","args":[{"selector":{"id":"shellAppTitle"},"wdio_ui5_key":"shellAppTitle"}]}
RESULT: {"script":"<script> [1562 bytes]","args":[{"selector":{"id":"shellAppTitle"},"wdio_ui5_key":"shellAppTitle"}]}
COMMAND: POST /session/f7171b6cbff09e3fe27f163b207c7e02/execute/async - {"script":"<script> [6424 bytes]","args":[{"element-6066-11e4-a52e-4f735466cecf":"f.3E293DF0AA329CA2114D971FFEC9FE37.d.17A6CCFF67756BA471BC2EB9BD5BEE90.e.2747"},"getTitle",[]]}
RESULT: {"script":"<script> [6424 bytes]","args":[{"element-6066-11e4-a52e-4f735466cecf":"f.3E293DF0AA329CA2114D971FFEC9FE37.d.17A6CCFF67756BA471BC2EB9BD5BEE90.e.2747"},"getTitle",[]]}
RESULT: undefined
COMMAND: POST /session/f7171b6cbff09e3fe27f163b207c7e02/element/f.3E293DF0AA329CA2114D971FFEC9FE37.d.17A6CCFF67756BA471BC2EB9BD5BEE90.e.2596/click - {}
COMMAND: POST /session/f7171b6cbff09e3fe27f163b207c7e02/element - {"using":"xpath","value":"//*[@id=\"backBtn\"]"}
RESULT: {"using":"xpath","value":"//*[@id=\"backBtn\"]"}
COMMAND: POST /session/f7171b6cbff09e3fe27f163b207c7e02/element/f.3E293DF0AA329CA2114D971FFEC9FE37.d.17A6CCFF67756BA471BC2EB9BD5BEE90.e.2596/click - {}
COMMAND: POST /session/f7171b6cbff09e3fe27f163b207c7e02/element - {"using":"xpath","value":"//*[@id=\"backBtn\"]"}
RESULT: {"using":"xpath","value":"//*[@id=\"backBtn\"]"}
COMMAND: POST /session/f7171b6cbff09e3fe27f163b207c7e02/element/f.3E293DF0AA329CA2114D971FFEC9FE37.d.17A6CCFF67756BA471BC2EB9BD5BEE90.e.2748/click - {}
RESULT: {}
COMMAND: GET /session/f7171b6cbff09e3fe27f163b207c7e02/screenshot - {}
RESULT: {}
]]></system-out>
    </testcase>
    <testcase classname="chrome.135_0_7049_96.windows.Sanity_Tests_US104253" name="Should open Yard Overview page" time="33.731">
      <system-out><![CDATA[
COMMAND: POST /session/f7171b6cbff09e3fe27f163b207c7e02/execute/async - {"script":"<script> [1562 bytes]","args":[{"selector":{"controlType":"sap.m.GenericTile","properties":{"header":"Yard Overview"}},"wdio_ui5_key":"sapm.GenericTile{\"header\":\"Yard Overview\"}"}]}
RESULT: {"script":"<script> [1562 bytes]","args":[{"selector":{"controlType":"sap.m.GenericTile","properties":{"header":"Yard Overview"}},"wdio_ui5_key":"sapm.GenericTile{\"header\":\"Yard Overview\"}"}]}
RESULT: undefined
COMMAND: POST /session/f7171b6cbff09e3fe27f163b207c7e02/element - {"using":"xpath","value":"//*[@id=\"__tile102\"]"}
RESULT: {"using":"xpath","value":"//*[@id=\"__tile102\"]"}
COMMAND: POST /session/f7171b6cbff09e3fe27f163b207c7e02/element/f.3E293DF0AA329CA2114D971FFEC9FE37.d.17A6CCFF67756BA471BC2EB9BD5BEE90.e.2750/click - {}
RESULT: {}
COMMAND: GET /session/f7171b6cbff09e3fe27f163b207c7e02/screenshot - {}
RESULT: {}
RESULT: undefined
COMMAND: POST /session/f7171b6cbff09e3fe27f163b207c7e02/element - {"using":"xpath","value":"//*[@id=\"__tile102\"]"}
RESULT: {"using":"xpath","value":"//*[@id=\"__tile102\"]"}
COMMAND: POST /session/f7171b6cbff09e3fe27f163b207c7e02/element/f.3E293DF0AA329CA2114D971FFEC9FE37.d.17A6CCFF67756BA471BC2EB9BD5BEE90.e.2750/click - {}
RESULT: undefined
COMMAND: POST /session/f7171b6cbff09e3fe27f163b207c7e02/element - {"using":"xpath","value":"//*[@id=\"__tile102\"]"}
RESULT: {"using":"xpath","value":"//*[@id=\"__tile102\"]"}
COMMAND: POST /session/f7171b6cbff09e3fe27f163b207c7e02/element/f.3E293DF0AA329CA2114D971FFEC9FE37.d.17A6CCFF67756BA471BC2EB9BD5BEE90.e.2750/click - {}
RESULT: undefined
COMMAND: POST /session/f7171b6cbff09e3fe27f163b207c7e02/execute/async - {"script":"<script> [6424 bytes]","args":[{"element-6066-11e4-a52e-4f735466cecf":"f.3E293DF0AA329CA2114D971FFEC9FE37.d.17A6CCFF67756BA471BC2EB9BD5BEE90.e.254"},"getTitle",[]]}
COMMAND: POST /session/f7171b6cbff09e3fe27f163b207c7e02/execute/async - {"script":"<script> [1562 bytes]","args":[{"selector":{"id":"shellAppTitle"},"wdio_ui5_key":"shellAppTitle"}]}
RESULT: {"script":"<script> [1562 bytes]","args":[{"selector":{"id":"shellAppTitle"},"wdio_ui5_key":"shellAppTitle"}]}
COMMAND: POST /session/f7171b6cbff09e3fe27f163b207c7e02/execute/async - {"script":"<script> [6424 bytes]","args":[{"element-6066-11e4-a52e-4f735466cecf":"f.3E293DF0AA329CA2114D971FFEC9FE37.d.17A6CCFF67756BA471BC2EB9BD5BEE90.e.2812"},"getTitle",[]]}
RESULT: {"script":"<script> [6424 bytes]","args":[{"element-6066-11e4-a52e-4f735466cecf":"f.3E293DF0AA329CA2114D971FFEC9FE37.d.17A6CCFF67756BA471BC2EB9BD5BEE90.e.2812"},"getTitle",[]]}
RESULT: undefined
COMMAND: POST /session/f7171b6cbff09e3fe27f163b207c7e02/element/f.3E293DF0AA329CA2114D971FFEC9FE37.d.17A6CCFF67756BA471BC2EB9BD5BEE90.e.2748/click - {}
RESULT: {}
COMMAND: GET /session/f7171b6cbff09e3fe27f163b207c7e02/screenshot - {}
RESULT: {}
]]></system-out>
    </testcase>
    <testcase classname="chrome.135_0_7049_96.windows.Sanity_Tests_US104253" name="Should open Site Overview page" time="38.058">
      <system-out><![CDATA[
COMMAND: POST /session/f7171b6cbff09e3fe27f163b207c7e02/execute/async - {"script":"<script> [1562 bytes]","args":[{"selector":{"controlType":"sap.m.GenericTile","properties":{"header":"Site Overview"}},"wdio_ui5_key":"sapm.GenericTile{\"header\":\"Site Overview\"}"}]}
RESULT: {"script":"<script> [1562 bytes]","args":[{"selector":{"controlType":"sap.m.GenericTile","properties":{"header":"Site Overview"}},"wdio_ui5_key":"sapm.GenericTile{\"header\":\"Site Overview\"}"}]}
RESULT: undefined
COMMAND: POST /session/f7171b6cbff09e3fe27f163b207c7e02/element - {"using":"xpath","value":"//*[@id=\"__tile100\"]"}
RESULT: {"using":"xpath","value":"//*[@id=\"__tile100\"]"}
COMMAND: POST /session/f7171b6cbff09e3fe27f163b207c7e02/element/f.3E293DF0AA329CA2114D971FFEC9FE37.d.17A6CCFF67756BA471BC2EB9BD5BEE90.e.2815/click - {}
RESULT: {}
COMMAND: GET /session/f7171b6cbff09e3fe27f163b207c7e02/screenshot - {}
RESULT: {}
RESULT: undefined
COMMAND: POST /session/f7171b6cbff09e3fe27f163b207c7e02/element - {"using":"xpath","value":"//*[@id=\"__tile100\"]"}
RESULT: {"using":"xpath","value":"//*[@id=\"__tile100\"]"}
COMMAND: POST /session/f7171b6cbff09e3fe27f163b207c7e02/element/f.3E293DF0AA329CA2114D971FFEC9FE37.d.17A6CCFF67756BA471BC2EB9BD5BEE90.e.2815/click - {}
RESULT: undefined
COMMAND: POST /session/f7171b6cbff09e3fe27f163b207c7e02/element - {"using":"xpath","value":"//*[@id=\"__tile100\"]"}
RESULT: {"using":"xpath","value":"//*[@id=\"__tile100\"]"}
COMMAND: POST /session/f7171b6cbff09e3fe27f163b207c7e02/element/f.3E293DF0AA329CA2114D971FFEC9FE37.d.17A6CCFF67756BA471BC2EB9BD5BEE90.e.2815/click - {}
RESULT: undefined
COMMAND: POST /session/f7171b6cbff09e3fe27f163b207c7e02/execute/async - {"script":"<script> [6424 bytes]","args":[{"element-6066-11e4-a52e-4f735466cecf":"f.3E293DF0AA329CA2114D971FFEC9FE37.d.17A6CCFF67756BA471BC2EB9BD5BEE90.e.254"},"getTitle",[]]}
COMMAND: POST /session/f7171b6cbff09e3fe27f163b207c7e02/execute/async - {"script":"<script> [1562 bytes]","args":[{"selector":{"id":"shellAppTitle"},"wdio_ui5_key":"shellAppTitle"}]}
RESULT: {"script":"<script> [1562 bytes]","args":[{"selector":{"id":"shellAppTitle"},"wdio_ui5_key":"shellAppTitle"}]}
COMMAND: POST /session/f7171b6cbff09e3fe27f163b207c7e02/execute/async - {"script":"<script> [6424 bytes]","args":[{"element-6066-11e4-a52e-4f735466cecf":"f.3E293DF0AA329CA2114D971FFEC9FE37.d.17A6CCFF67756BA471BC2EB9BD5BEE90.e.2936"},"getTitle",[]]}
RESULT: {"script":"<script> [6424 bytes]","args":[{"element-6066-11e4-a52e-4f735466cecf":"f.3E293DF0AA329CA2114D971FFEC9FE37.d.17A6CCFF67756BA471BC2EB9BD5BEE90.e.2936"},"getTitle",[]]}
RESULT: undefined
COMMAND: POST /session/f7171b6cbff09e3fe27f163b207c7e02/element/f.3E293DF0AA329CA2114D971FFEC9FE37.d.17A6CCFF67756BA471BC2EB9BD5BEE90.e.2748/click - {}
COMMAND: POST /session/f7171b6cbff09e3fe27f163b207c7e02/element - {"using":"xpath","value":"//*[@id=\"backBtn\"]"}
RESULT: {"using":"xpath","value":"//*[@id=\"backBtn\"]"}
COMMAND: POST /session/f7171b6cbff09e3fe27f163b207c7e02/element/f.3E293DF0AA329CA2114D971FFEC9FE37.d.17A6CCFF67756BA471BC2EB9BD5BEE90.e.2748/click - {}
COMMAND: POST /session/f7171b6cbff09e3fe27f163b207c7e02/element - {"using":"xpath","value":"//*[@id=\"backBtn\"]"}
RESULT: {"using":"xpath","value":"//*[@id=\"backBtn\"]"}
COMMAND: POST /session/f7171b6cbff09e3fe27f163b207c7e02/element/f.3E293DF0AA329CA2114D971FFEC9FE37.d.17A6CCFF67756BA471BC2EB9BD5BEE90.e.2937/click - {}
RESULT: {}
COMMAND: GET /session/f7171b6cbff09e3fe27f163b207c7e02/screenshot - {}
RESULT: {}
]]></system-out>
    </testcase>
    <testcase classname="chrome.135_0_7049_96.windows.Sanity_Tests_US104253" name="Should open Trace Track Resources page" time="32.927">
      <system-out><![CDATA[
COMMAND: POST /session/f7171b6cbff09e3fe27f163b207c7e02/execute/async - {"script":"<script> [1562 bytes]","args":[{"selector":{"controlType":"sap.m.GenericTile","properties":{"header":"Trace & Track Resources"}},"wdio_ui5_key":"sapm.GenericTile{\"header\":\"Trace & Track Resources\"}"}]}
RESULT: {"script":"<script> [1562 bytes]","args":[{"selector":{"controlType":"sap.m.GenericTile","properties":{"header":"Trace & Track Resources"}},"wdio_ui5_key":"sapm.GenericTile{\"header\":\"Trace & Track Resources\"}"}]}
RESULT: undefined
COMMAND: POST /session/f7171b6cbff09e3fe27f163b207c7e02/element - {"using":"xpath","value":"//*[@id=\"__tile101\"]"}
RESULT: {"using":"xpath","value":"//*[@id=\"__tile101\"]"}
COMMAND: POST /session/f7171b6cbff09e3fe27f163b207c7e02/element/f.3E293DF0AA329CA2114D971FFEC9FE37.d.17A6CCFF67756BA471BC2EB9BD5BEE90.e.2939/click - {}
RESULT: {}
COMMAND: GET /session/f7171b6cbff09e3fe27f163b207c7e02/screenshot - {}
RESULT: {}
RESULT: undefined
COMMAND: POST /session/f7171b6cbff09e3fe27f163b207c7e02/element - {"using":"xpath","value":"//*[@id=\"__tile101\"]"}
RESULT: {"using":"xpath","value":"//*[@id=\"__tile101\"]"}
COMMAND: POST /session/f7171b6cbff09e3fe27f163b207c7e02/element/f.3E293DF0AA329CA2114D971FFEC9FE37.d.17A6CCFF67756BA471BC2EB9BD5BEE90.e.2939/click - {}
RESULT: undefined
COMMAND: POST /session/f7171b6cbff09e3fe27f163b207c7e02/element - {"using":"xpath","value":"//*[@id=\"__tile101\"]"}
RESULT: {"using":"xpath","value":"//*[@id=\"__tile101\"]"}
COMMAND: POST /session/f7171b6cbff09e3fe27f163b207c7e02/element/f.3E293DF0AA329CA2114D971FFEC9FE37.d.17A6CCFF67756BA471BC2EB9BD5BEE90.e.2939/click - {}
RESULT: undefined
COMMAND: POST /session/f7171b6cbff09e3fe27f163b207c7e02/execute/async - {"script":"<script> [6424 bytes]","args":[{"element-6066-11e4-a52e-4f735466cecf":"f.3E293DF0AA329CA2114D971FFEC9FE37.d.17A6CCFF67756BA471BC2EB9BD5BEE90.e.254"},"getTitle",[]]}
COMMAND: POST /session/f7171b6cbff09e3fe27f163b207c7e02/execute/async - {"script":"<script> [1562 bytes]","args":[{"selector":{"id":"shellAppTitle"},"wdio_ui5_key":"shellAppTitle"}]}
RESULT: {"script":"<script> [1562 bytes]","args":[{"selector":{"id":"shellAppTitle"},"wdio_ui5_key":"shellAppTitle"}]}
COMMAND: POST /session/f7171b6cbff09e3fe27f163b207c7e02/execute/async - {"script":"<script> [6424 bytes]","args":[{"element-6066-11e4-a52e-4f735466cecf":"f.3E293DF0AA329CA2114D971FFEC9FE37.d.17A6CCFF67756BA471BC2EB9BD5BEE90.e.2975"},"getTitle",[]]}
RESULT: {"script":"<script> [6424 bytes]","args":[{"element-6066-11e4-a52e-4f735466cecf":"f.3E293DF0AA329CA2114D971FFEC9FE37.d.17A6CCFF67756BA471BC2EB9BD5BEE90.e.2975"},"getTitle",[]]}
RESULT: undefined
COMMAND: POST /session/f7171b6cbff09e3fe27f163b207c7e02/element/f.3E293DF0AA329CA2114D971FFEC9FE37.d.17A6CCFF67756BA471BC2EB9BD5BEE90.e.2937/click - {}
RESULT: {}
COMMAND: GET /session/f7171b6cbff09e3fe27f163b207c7e02/screenshot - {}
RESULT: {}
]]></system-out>
    </testcase>
    <testcase classname="chrome.135_0_7049_96.windows.Sanity_Tests_US104253" name="Should open RU Inventory List page" time="35.927">
      <system-out><![CDATA[
COMMAND: POST /session/f7171b6cbff09e3fe27f163b207c7e02/execute/async - {"script":"<script> [1562 bytes]","args":[{"selector":{"controlType":"sap.m.GenericTile","properties":{"header":"RU Inventory List"}},"wdio_ui5_key":"sapm.GenericTile{\"header\":\"RU Inventory List\"}"}]}
RESULT: {"script":"<script> [1562 bytes]","args":[{"selector":{"controlType":"sap.m.GenericTile","properties":{"header":"RU Inventory List"}},"wdio_ui5_key":"sapm.GenericTile{\"header\":\"RU Inventory List\"}"}]}
RESULT: undefined
COMMAND: POST /session/f7171b6cbff09e3fe27f163b207c7e02/element - {"using":"xpath","value":"//*[@id=\"__tile99\"]"}
RESULT: {"using":"xpath","value":"//*[@id=\"__tile99\"]"}
COMMAND: POST /session/f7171b6cbff09e3fe27f163b207c7e02/element/f.3E293DF0AA329CA2114D971FFEC9FE37.d.17A6CCFF67756BA471BC2EB9BD5BEE90.e.2978/click - {}
RESULT: {}
COMMAND: GET /session/f7171b6cbff09e3fe27f163b207c7e02/screenshot - {}
RESULT: {}
RESULT: undefined
COMMAND: POST /session/f7171b6cbff09e3fe27f163b207c7e02/element - {"using":"xpath","value":"//*[@id=\"__tile99\"]"}
RESULT: {"using":"xpath","value":"//*[@id=\"__tile99\"]"}
COMMAND: POST /session/f7171b6cbff09e3fe27f163b207c7e02/element/f.3E293DF0AA329CA2114D971FFEC9FE37.d.17A6CCFF67756BA471BC2EB9BD5BEE90.e.2978/click - {}
RESULT: undefined
COMMAND: POST /session/f7171b6cbff09e3fe27f163b207c7e02/element - {"using":"xpath","value":"//*[@id=\"__tile99\"]"}
RESULT: {"using":"xpath","value":"//*[@id=\"__tile99\"]"}
COMMAND: POST /session/f7171b6cbff09e3fe27f163b207c7e02/element/f.3E293DF0AA329CA2114D971FFEC9FE37.d.17A6CCFF67756BA471BC2EB9BD5BEE90.e.2978/click - {}
RESULT: undefined
COMMAND: POST /session/f7171b6cbff09e3fe27f163b207c7e02/execute/async - {"script":"<script> [6424 bytes]","args":[{"element-6066-11e4-a52e-4f735466cecf":"f.3E293DF0AA329CA2114D971FFEC9FE37.d.17A6CCFF67756BA471BC2EB9BD5BEE90.e.254"},"getTitle",[]]}
COMMAND: POST /session/f7171b6cbff09e3fe27f163b207c7e02/execute/async - {"script":"<script> [1562 bytes]","args":[{"selector":{"id":"shellAppTitle"},"wdio_ui5_key":"shellAppTitle"}]}
RESULT: {"script":"<script> [1562 bytes]","args":[{"selector":{"id":"shellAppTitle"},"wdio_ui5_key":"shellAppTitle"}]}
COMMAND: POST /session/f7171b6cbff09e3fe27f163b207c7e02/execute/async - {"script":"<script> [6424 bytes]","args":[{"element-6066-11e4-a52e-4f735466cecf":"f.3E293DF0AA329CA2114D971FFEC9FE37.d.17A6CCFF67756BA471BC2EB9BD5BEE90.e.3175"},"getTitle",[]]}
RESULT: {"script":"<script> [6424 bytes]","args":[{"element-6066-11e4-a52e-4f735466cecf":"f.3E293DF0AA329CA2114D971FFEC9FE37.d.17A6CCFF67756BA471BC2EB9BD5BEE90.e.3175"},"getTitle",[]]}
RESULT: undefined
COMMAND: POST /session/f7171b6cbff09e3fe27f163b207c7e02/element/f.3E293DF0AA329CA2114D971FFEC9FE37.d.17A6CCFF67756BA471BC2EB9BD5BEE90.e.2937/click - {}
COMMAND: POST /session/f7171b6cbff09e3fe27f163b207c7e02/element - {"using":"xpath","value":"//*[@id=\"backBtn\"]"}
RESULT: {"using":"xpath","value":"//*[@id=\"backBtn\"]"}
COMMAND: POST /session/f7171b6cbff09e3fe27f163b207c7e02/element/f.3E293DF0AA329CA2114D971FFEC9FE37.d.17A6CCFF67756BA471BC2EB9BD5BEE90.e.2937/click - {}
COMMAND: POST /session/f7171b6cbff09e3fe27f163b207c7e02/element - {"using":"xpath","value":"//*[@id=\"backBtn\"]"}
RESULT: {"using":"xpath","value":"//*[@id=\"backBtn\"]"}
COMMAND: POST /session/f7171b6cbff09e3fe27f163b207c7e02/element/f.3E293DF0AA329CA2114D971FFEC9FE37.d.17A6CCFF67756BA471BC2EB9BD5BEE90.e.3176/click - {}
RESULT: {}
COMMAND: GET /session/f7171b6cbff09e3fe27f163b207c7e02/screenshot - {}
RESULT: {}
]]></system-out>
    </testcase>
    <testcase classname="chrome.135_0_7049_96.windows.Sanity_Tests_US104253" name="Should open Contracts Dashboard page" time="35.364">
      <system-out><![CDATA[
COMMAND: POST /session/f7171b6cbff09e3fe27f163b207c7e02/execute/async - {"script":"<script> [1562 bytes]","args":[{"selector":{"controlType":"sap.m.GenericTile","properties":{"header":"Contracts Dashboard"}},"wdio_ui5_key":"sapm.GenericTile{\"header\":\"Contracts Dashboard\"}"}]}
RESULT: {"script":"<script> [1562 bytes]","args":[{"selector":{"controlType":"sap.m.GenericTile","properties":{"header":"Contracts Dashboard"}},"wdio_ui5_key":"sapm.GenericTile{\"header\":\"Contracts Dashboard\"}"}]}
RESULT: undefined
COMMAND: POST /session/f7171b6cbff09e3fe27f163b207c7e02/element - {"using":"xpath","value":"//*[@id=\"__tile97\"]"}
RESULT: {"using":"xpath","value":"//*[@id=\"__tile97\"]"}
COMMAND: POST /session/f7171b6cbff09e3fe27f163b207c7e02/element/f.3E293DF0AA329CA2114D971FFEC9FE37.d.17A6CCFF67756BA471BC2EB9BD5BEE90.e.3178/click - {}
RESULT: {}
COMMAND: GET /session/f7171b6cbff09e3fe27f163b207c7e02/screenshot - {}
RESULT: {}
RESULT: undefined
COMMAND: POST /session/f7171b6cbff09e3fe27f163b207c7e02/element - {"using":"xpath","value":"//*[@id=\"__tile97\"]"}
RESULT: {"using":"xpath","value":"//*[@id=\"__tile97\"]"}
COMMAND: POST /session/f7171b6cbff09e3fe27f163b207c7e02/element/f.3E293DF0AA329CA2114D971FFEC9FE37.d.17A6CCFF67756BA471BC2EB9BD5BEE90.e.3178/click - {}
RESULT: undefined
COMMAND: POST /session/f7171b6cbff09e3fe27f163b207c7e02/element - {"using":"xpath","value":"//*[@id=\"__tile97\"]"}
RESULT: {"using":"xpath","value":"//*[@id=\"__tile97\"]"}
COMMAND: POST /session/f7171b6cbff09e3fe27f163b207c7e02/element/f.3E293DF0AA329CA2114D971FFEC9FE37.d.17A6CCFF67756BA471BC2EB9BD5BEE90.e.3178/click - {}
RESULT: undefined
COMMAND: POST /session/f7171b6cbff09e3fe27f163b207c7e02/execute/async - {"script":"<script> [6424 bytes]","args":[{"element-6066-11e4-a52e-4f735466cecf":"f.3E293DF0AA329CA2114D971FFEC9FE37.d.17A6CCFF67756BA471BC2EB9BD5BEE90.e.254"},"getTitle",[]]}
COMMAND: POST /session/f7171b6cbff09e3fe27f163b207c7e02/execute/async - {"script":"<script> [1562 bytes]","args":[{"selector":{"id":"shellAppTitle"},"wdio_ui5_key":"shellAppTitle"}]}
RESULT: {"script":"<script> [1562 bytes]","args":[{"selector":{"id":"shellAppTitle"},"wdio_ui5_key":"shellAppTitle"}]}
COMMAND: POST /session/f7171b6cbff09e3fe27f163b207c7e02/execute/async - {"script":"<script> [6424 bytes]","args":[{"element-6066-11e4-a52e-4f735466cecf":"f.3E293DF0AA329CA2114D971FFEC9FE37.d.17A6CCFF67756BA471BC2EB9BD5BEE90.e.3198"},"getTitle",[]]}
RESULT: {"script":"<script> [6424 bytes]","args":[{"element-6066-11e4-a52e-4f735466cecf":"f.3E293DF0AA329CA2114D971FFEC9FE37.d.17A6CCFF67756BA471BC2EB9BD5BEE90.e.3198"},"getTitle",[]]}
RESULT: undefined
COMMAND: POST /session/f7171b6cbff09e3fe27f163b207c7e02/element/f.3E293DF0AA329CA2114D971FFEC9FE37.d.17A6CCFF67756BA471BC2EB9BD5BEE90.e.3176/click - {}
RESULT: {}
COMMAND: GET /session/f7171b6cbff09e3fe27f163b207c7e02/screenshot - {}
RESULT: {}
]]></system-out>
    </testcase>
    <testcase classname="chrome.135_0_7049_96.windows.Sanity_Tests_US104253" name="Should open Bin Status Report page" time="34.01">
      <system-out><![CDATA[
COMMAND: POST /session/f7171b6cbff09e3fe27f163b207c7e02/execute/async - {"script":"<script> [1562 bytes]","args":[{"selector":{"controlType":"sap.m.GenericTile","properties":{"header":"Bin Status Report"}},"wdio_ui5_key":"sapm.GenericTile{\"header\":\"Bin Status Report\"}"}]}
RESULT: {"script":"<script> [1562 bytes]","args":[{"selector":{"controlType":"sap.m.GenericTile","properties":{"header":"Bin Status Report"}},"wdio_ui5_key":"sapm.GenericTile{\"header\":\"Bin Status Report\"}"}]}
RESULT: undefined
COMMAND: POST /session/f7171b6cbff09e3fe27f163b207c7e02/element - {"using":"xpath","value":"//*[@id=\"__tile104\"]"}
RESULT: {"using":"xpath","value":"//*[@id=\"__tile104\"]"}
COMMAND: POST /session/f7171b6cbff09e3fe27f163b207c7e02/element/f.3E293DF0AA329CA2114D971FFEC9FE37.d.17A6CCFF67756BA471BC2EB9BD5BEE90.e.3200/click - {}
RESULT: {}
COMMAND: GET /session/f7171b6cbff09e3fe27f163b207c7e02/screenshot - {}
RESULT: {}
RESULT: undefined
COMMAND: POST /session/f7171b6cbff09e3fe27f163b207c7e02/element - {"using":"xpath","value":"//*[@id=\"__tile104\"]"}
RESULT: {"using":"xpath","value":"//*[@id=\"__tile104\"]"}
COMMAND: POST /session/f7171b6cbff09e3fe27f163b207c7e02/element/f.3E293DF0AA329CA2114D971FFEC9FE37.d.17A6CCFF67756BA471BC2EB9BD5BEE90.e.3200/click - {}
RESULT: undefined
COMMAND: POST /session/f7171b6cbff09e3fe27f163b207c7e02/element - {"using":"xpath","value":"//*[@id=\"__tile104\"]"}
RESULT: {"using":"xpath","value":"//*[@id=\"__tile104\"]"}
COMMAND: POST /session/f7171b6cbff09e3fe27f163b207c7e02/element/f.3E293DF0AA329CA2114D971FFEC9FE37.d.17A6CCFF67756BA471BC2EB9BD5BEE90.e.3200/click - {}
RESULT: undefined
COMMAND: POST /session/f7171b6cbff09e3fe27f163b207c7e02/execute/async - {"script":"<script> [6424 bytes]","args":[{"element-6066-11e4-a52e-4f735466cecf":"f.3E293DF0AA329CA2114D971FFEC9FE37.d.17A6CCFF67756BA471BC2EB9BD5BEE90.e.254"},"getTitle",[]]}
COMMAND: POST /session/f7171b6cbff09e3fe27f163b207c7e02/execute/async - {"script":"<script> [1562 bytes]","args":[{"selector":{"id":"shellAppTitle"},"wdio_ui5_key":"shellAppTitle"}]}
RESULT: {"script":"<script> [1562 bytes]","args":[{"selector":{"id":"shellAppTitle"},"wdio_ui5_key":"shellAppTitle"}]}
COMMAND: POST /session/f7171b6cbff09e3fe27f163b207c7e02/execute/async - {"script":"<script> [6424 bytes]","args":[{"element-6066-11e4-a52e-4f735466cecf":"f.3E293DF0AA329CA2114D971FFEC9FE37.d.17A6CCFF67756BA471BC2EB9BD5BEE90.e.3297"},"getTitle",[]]}
RESULT: {"script":"<script> [6424 bytes]","args":[{"element-6066-11e4-a52e-4f735466cecf":"f.3E293DF0AA329CA2114D971FFEC9FE37.d.17A6CCFF67756BA471BC2EB9BD5BEE90.e.3297"},"getTitle",[]]}
RESULT: undefined
COMMAND: POST /session/f7171b6cbff09e3fe27f163b207c7e02/element/f.3E293DF0AA329CA2114D971FFEC9FE37.d.17A6CCFF67756BA471BC2EB9BD5BEE90.e.3176/click - {}
COMMAND: POST /session/f7171b6cbff09e3fe27f163b207c7e02/element - {"using":"xpath","value":"//*[@id=\"backBtn\"]"}
RESULT: {"using":"xpath","value":"//*[@id=\"backBtn\"]"}
COMMAND: POST /session/f7171b6cbff09e3fe27f163b207c7e02/element/f.3E293DF0AA329CA2114D971FFEC9FE37.d.17A6CCFF67756BA471BC2EB9BD5BEE90.e.3176/click - {}
COMMAND: POST /session/f7171b6cbff09e3fe27f163b207c7e02/element - {"using":"xpath","value":"//*[@id=\"backBtn\"]"}
RESULT: {"using":"xpath","value":"//*[@id=\"backBtn\"]"}
COMMAND: POST /session/f7171b6cbff09e3fe27f163b207c7e02/element/f.3E293DF0AA329CA2114D971FFEC9FE37.d.17A6CCFF67756BA471BC2EB9BD5BEE90.e.3298/click - {}
RESULT: {}
COMMAND: GET /session/f7171b6cbff09e3fe27f163b207c7e02/screenshot - {}
RESULT: {}
]]></system-out>
    </testcase>
    <testcase classname="chrome.135_0_7049_96.windows.Sanity_Tests_US104253" name="Should open Manage Warehouse Movements page" time="41.909">
      <system-out><![CDATA[
COMMAND: POST /session/f7171b6cbff09e3fe27f163b207c7e02/execute/async - {"script":"<script> [1562 bytes]","args":[{"selector":{"controlType":"sap.m.GenericTile","properties":{"header":"Manage Warehouse Movements"}},"wdio_ui5_key":"sapm.GenericTile{\"header\":\"Manage Warehouse Movements\"}"}]}
RESULT: {"script":"<script> [1562 bytes]","args":[{"selector":{"controlType":"sap.m.GenericTile","properties":{"header":"Manage Warehouse Movements"}},"wdio_ui5_key":"sapm.GenericTile{\"header\":\"Manage Warehouse Movements\"}"}]}
RESULT: undefined
COMMAND: POST /session/f7171b6cbff09e3fe27f163b207c7e02/element - {"using":"xpath","value":"//*[@id=\"__tile105\"]"}
RESULT: {"using":"xpath","value":"//*[@id=\"__tile105\"]"}
COMMAND: POST /session/f7171b6cbff09e3fe27f163b207c7e02/element/f.3E293DF0AA329CA2114D971FFEC9FE37.d.17A6CCFF67756BA471BC2EB9BD5BEE90.e.3302/click - {}
RESULT: {}
COMMAND: GET /session/f7171b6cbff09e3fe27f163b207c7e02/screenshot - {}
RESULT: {}
RESULT: undefined
COMMAND: POST /session/f7171b6cbff09e3fe27f163b207c7e02/element - {"using":"xpath","value":"//*[@id=\"__tile105\"]"}
RESULT: {"using":"xpath","value":"//*[@id=\"__tile105\"]"}
COMMAND: POST /session/f7171b6cbff09e3fe27f163b207c7e02/element/f.3E293DF0AA329CA2114D971FFEC9FE37.d.17A6CCFF67756BA471BC2EB9BD5BEE90.e.3302/click - {}
RESULT: undefined
COMMAND: POST /session/f7171b6cbff09e3fe27f163b207c7e02/element - {"using":"xpath","value":"//*[@id=\"__tile105\"]"}
RESULT: {"using":"xpath","value":"//*[@id=\"__tile105\"]"}
COMMAND: POST /session/f7171b6cbff09e3fe27f163b207c7e02/element/f.3E293DF0AA329CA2114D971FFEC9FE37.d.17A6CCFF67756BA471BC2EB9BD5BEE90.e.3302/click - {}
RESULT: undefined
COMMAND: POST /session/f7171b6cbff09e3fe27f163b207c7e02/execute/async - {"script":"<script> [6424 bytes]","args":[{"element-6066-11e4-a52e-4f735466cecf":"f.3E293DF0AA329CA2114D971FFEC9FE37.d.17A6CCFF67756BA471BC2EB9BD5BEE90.e.254"},"getTitle",[]]}
COMMAND: POST /session/f7171b6cbff09e3fe27f163b207c7e02/execute/async - {"script":"<script> [1562 bytes]","args":[{"selector":{"id":"shellAppTitle"},"wdio_ui5_key":"shellAppTitle"}]}
RESULT: {"script":"<script> [1562 bytes]","args":[{"selector":{"id":"shellAppTitle"},"wdio_ui5_key":"shellAppTitle"}]}
COMMAND: POST /session/f7171b6cbff09e3fe27f163b207c7e02/execute/async - {"script":"<script> [6424 bytes]","args":[{"element-6066-11e4-a52e-4f735466cecf":"f.3E293DF0AA329CA2114D971FFEC9FE37.d.17A6CCFF67756BA471BC2EB9BD5BEE90.e.3387"},"getTitle",[]]}
RESULT: {"script":"<script> [6424 bytes]","args":[{"element-6066-11e4-a52e-4f735466cecf":"f.3E293DF0AA329CA2114D971FFEC9FE37.d.17A6CCFF67756BA471BC2EB9BD5BEE90.e.3387"},"getTitle",[]]}
RESULT: undefined
COMMAND: POST /session/f7171b6cbff09e3fe27f163b207c7e02/element/f.3E293DF0AA329CA2114D971FFEC9FE37.d.17A6CCFF67756BA471BC2EB9BD5BEE90.e.3298/click - {}
RESULT: {}
COMMAND: GET /session/f7171b6cbff09e3fe27f163b207c7e02/screenshot - {}
RESULT: {}
]]></system-out>
    </testcase>
    <testcase classname="chrome.135_0_7049_96.windows.Sanity_Tests_US104253" name="Should open Bin Inventory List page" time="34.298">
      <system-out><![CDATA[
COMMAND: POST /session/f7171b6cbff09e3fe27f163b207c7e02/execute/async - {"script":"<script> [1562 bytes]","args":[{"selector":{"controlType":"sap.m.GenericTile","properties":{"header":"Bin Inventory List"}},"wdio_ui5_key":"sapm.GenericTile{\"header\":\"Bin Inventory List\"}"}]}
RESULT: {"script":"<script> [1562 bytes]","args":[{"selector":{"controlType":"sap.m.GenericTile","properties":{"header":"Bin Inventory List"}},"wdio_ui5_key":"sapm.GenericTile{\"header\":\"Bin Inventory List\"}"}]}
RESULT: undefined
COMMAND: POST /session/f7171b6cbff09e3fe27f163b207c7e02/element - {"using":"xpath","value":"//*[@id=\"__tile103\"]"}
RESULT: {"using":"xpath","value":"//*[@id=\"__tile103\"]"}
COMMAND: POST /session/f7171b6cbff09e3fe27f163b207c7e02/element/f.3E293DF0AA329CA2114D971FFEC9FE37.d.17A6CCFF67756BA471BC2EB9BD5BEE90.e.3389/click - {}
RESULT: {}
COMMAND: GET /session/f7171b6cbff09e3fe27f163b207c7e02/screenshot - {}
RESULT: {}
RESULT: undefined
COMMAND: POST /session/f7171b6cbff09e3fe27f163b207c7e02/element - {"using":"xpath","value":"//*[@id=\"__tile103\"]"}
RESULT: {"using":"xpath","value":"//*[@id=\"__tile103\"]"}
COMMAND: POST /session/f7171b6cbff09e3fe27f163b207c7e02/element/f.3E293DF0AA329CA2114D971FFEC9FE37.d.17A6CCFF67756BA471BC2EB9BD5BEE90.e.3389/click - {}
RESULT: undefined
COMMAND: POST /session/f7171b6cbff09e3fe27f163b207c7e02/element - {"using":"xpath","value":"//*[@id=\"__tile103\"]"}
RESULT: {"using":"xpath","value":"//*[@id=\"__tile103\"]"}
COMMAND: POST /session/f7171b6cbff09e3fe27f163b207c7e02/element/f.3E293DF0AA329CA2114D971FFEC9FE37.d.17A6CCFF67756BA471BC2EB9BD5BEE90.e.3389/click - {}
RESULT: undefined
COMMAND: POST /session/f7171b6cbff09e3fe27f163b207c7e02/execute/async - {"script":"<script> [6424 bytes]","args":[{"element-6066-11e4-a52e-4f735466cecf":"f.3E293DF0AA329CA2114D971FFEC9FE37.d.17A6CCFF67756BA471BC2EB9BD5BEE90.e.254"},"getTitle",[]]}
COMMAND: POST /session/f7171b6cbff09e3fe27f163b207c7e02/execute/async - {"script":"<script> [1562 bytes]","args":[{"selector":{"id":"shellAppTitle"},"wdio_ui5_key":"shellAppTitle"}]}
RESULT: {"script":"<script> [1562 bytes]","args":[{"selector":{"id":"shellAppTitle"},"wdio_ui5_key":"shellAppTitle"}]}
COMMAND: POST /session/f7171b6cbff09e3fe27f163b207c7e02/execute/async - {"script":"<script> [6424 bytes]","args":[{"element-6066-11e4-a52e-4f735466cecf":"f.3E293DF0AA329CA2114D971FFEC9FE37.d.17A6CCFF67756BA471BC2EB9BD5BEE90.e.3487"},"getTitle",[]]}
RESULT: {"script":"<script> [6424 bytes]","args":[{"element-6066-11e4-a52e-4f735466cecf":"f.3E293DF0AA329CA2114D971FFEC9FE37.d.17A6CCFF67756BA471BC2EB9BD5BEE90.e.3487"},"getTitle",[]]}
RESULT: undefined
COMMAND: POST /session/f7171b6cbff09e3fe27f163b207c7e02/element/f.3E293DF0AA329CA2114D971FFEC9FE37.d.17A6CCFF67756BA471BC2EB9BD5BEE90.e.3298/click - {}
COMMAND: POST /session/f7171b6cbff09e3fe27f163b207c7e02/element - {"using":"xpath","value":"//*[@id=\"backBtn\"]"}
RESULT: {"using":"xpath","value":"//*[@id=\"backBtn\"]"}
COMMAND: POST /session/f7171b6cbff09e3fe27f163b207c7e02/element/f.3E293DF0AA329CA2114D971FFEC9FE37.d.17A6CCFF67756BA471BC2EB9BD5BEE90.e.3298/click - {}
COMMAND: POST /session/f7171b6cbff09e3fe27f163b207c7e02/element - {"using":"xpath","value":"//*[@id=\"backBtn\"]"}
RESULT: {"using":"xpath","value":"//*[@id=\"backBtn\"]"}
COMMAND: POST /session/f7171b6cbff09e3fe27f163b207c7e02/element/f.3E293DF0AA329CA2114D971FFEC9FE37.d.17A6CCFF67756BA471BC2EB9BD5BEE90.e.3488/click - {}
RESULT: {}
COMMAND: GET /session/f7171b6cbff09e3fe27f163b207c7e02/screenshot - {}
RESULT: {}
]]></system-out>
    </testcase>
    <testcase classname="chrome.135_0_7049_96.windows.Sanity_Tests_US104253" name="Should open ISC Templates page" time="34.484">
      <system-out><![CDATA[
COMMAND: POST /session/f7171b6cbff09e3fe27f163b207c7e02/execute/async - {"script":"<script> [1562 bytes]","args":[{"selector":{"controlType":"sap.m.GenericTile","properties":{"header":"ISC Templates"}},"wdio_ui5_key":"sapm.GenericTile{\"header\":\"ISC Templates\"}"}]}
RESULT: {"script":"<script> [1562 bytes]","args":[{"selector":{"controlType":"sap.m.GenericTile","properties":{"header":"ISC Templates"}},"wdio_ui5_key":"sapm.GenericTile{\"header\":\"ISC Templates\"}"}]}
RESULT: undefined
COMMAND: POST /session/f7171b6cbff09e3fe27f163b207c7e02/element - {"using":"xpath","value":"//*[@id=\"__tile111\"]"}
RESULT: {"using":"xpath","value":"//*[@id=\"__tile111\"]"}
COMMAND: POST /session/f7171b6cbff09e3fe27f163b207c7e02/element/f.3E293DF0AA329CA2114D971FFEC9FE37.d.17A6CCFF67756BA471BC2EB9BD5BEE90.e.3490/click - {}
RESULT: {}
COMMAND: GET /session/f7171b6cbff09e3fe27f163b207c7e02/screenshot - {}
RESULT: {}
RESULT: undefined
COMMAND: POST /session/f7171b6cbff09e3fe27f163b207c7e02/element - {"using":"xpath","value":"//*[@id=\"__tile111\"]"}
RESULT: {"using":"xpath","value":"//*[@id=\"__tile111\"]"}
COMMAND: POST /session/f7171b6cbff09e3fe27f163b207c7e02/element/f.3E293DF0AA329CA2114D971FFEC9FE37.d.17A6CCFF67756BA471BC2EB9BD5BEE90.e.3490/click - {}
RESULT: undefined
COMMAND: POST /session/f7171b6cbff09e3fe27f163b207c7e02/element - {"using":"xpath","value":"//*[@id=\"__tile111\"]"}
RESULT: {"using":"xpath","value":"//*[@id=\"__tile111\"]"}
COMMAND: POST /session/f7171b6cbff09e3fe27f163b207c7e02/element/f.3E293DF0AA329CA2114D971FFEC9FE37.d.17A6CCFF67756BA471BC2EB9BD5BEE90.e.3490/click - {}
RESULT: undefined
COMMAND: POST /session/f7171b6cbff09e3fe27f163b207c7e02/execute/async - {"script":"<script> [6424 bytes]","args":[{"element-6066-11e4-a52e-4f735466cecf":"f.3E293DF0AA329CA2114D971FFEC9FE37.d.17A6CCFF67756BA471BC2EB9BD5BEE90.e.254"},"getTitle",[]]}
COMMAND: POST /session/f7171b6cbff09e3fe27f163b207c7e02/execute/async - {"script":"<script> [1562 bytes]","args":[{"selector":{"id":"shellAppTitle"},"wdio_ui5_key":"shellAppTitle"}]}
RESULT: {"script":"<script> [1562 bytes]","args":[{"selector":{"id":"shellAppTitle"},"wdio_ui5_key":"shellAppTitle"}]}
COMMAND: POST /session/f7171b6cbff09e3fe27f163b207c7e02/execute/async - {"script":"<script> [6424 bytes]","args":[{"element-6066-11e4-a52e-4f735466cecf":"f.3E293DF0AA329CA2114D971FFEC9FE37.d.17A6CCFF67756BA471BC2EB9BD5BEE90.e.3557"},"getTitle",[]]}
RESULT: {"script":"<script> [6424 bytes]","args":[{"element-6066-11e4-a52e-4f735466cecf":"f.3E293DF0AA329CA2114D971FFEC9FE37.d.17A6CCFF67756BA471BC2EB9BD5BEE90.e.3557"},"getTitle",[]]}
RESULT: undefined
COMMAND: POST /session/f7171b6cbff09e3fe27f163b207c7e02/element/f.3E293DF0AA329CA2114D971FFEC9FE37.d.17A6CCFF67756BA471BC2EB9BD5BEE90.e.3488/click - {}
RESULT: {}
COMMAND: GET /session/f7171b6cbff09e3fe27f163b207c7e02/screenshot - {}
RESULT: {}
]]></system-out>
    </testcase>
    <testcase classname="chrome.135_0_7049_96.windows.Sanity_Tests_US104253" name="Should open ISC Schedules page" time="33.716">
      <system-out><![CDATA[
COMMAND: POST /session/f7171b6cbff09e3fe27f163b207c7e02/execute/async - {"script":"<script> [1562 bytes]","args":[{"selector":{"controlType":"sap.m.GenericTile","properties":{"header":"ISC Schedules"}},"wdio_ui5_key":"sapm.GenericTile{\"header\":\"ISC Schedules\"}"}]}
RESULT: {"script":"<script> [1562 bytes]","args":[{"selector":{"controlType":"sap.m.GenericTile","properties":{"header":"ISC Schedules"}},"wdio_ui5_key":"sapm.GenericTile{\"header\":\"ISC Schedules\"}"}]}
RESULT: undefined
COMMAND: POST /session/f7171b6cbff09e3fe27f163b207c7e02/element - {"using":"xpath","value":"//*[@id=\"__tile109\"]"}
RESULT: {"using":"xpath","value":"//*[@id=\"__tile109\"]"}
COMMAND: POST /session/f7171b6cbff09e3fe27f163b207c7e02/element/f.3E293DF0AA329CA2114D971FFEC9FE37.d.17A6CCFF67756BA471BC2EB9BD5BEE90.e.3560/click - {}
RESULT: {}
COMMAND: GET /session/f7171b6cbff09e3fe27f163b207c7e02/screenshot - {}
RESULT: {}
RESULT: undefined
COMMAND: POST /session/f7171b6cbff09e3fe27f163b207c7e02/element - {"using":"xpath","value":"//*[@id=\"__tile109\"]"}
RESULT: {"using":"xpath","value":"//*[@id=\"__tile109\"]"}
COMMAND: POST /session/f7171b6cbff09e3fe27f163b207c7e02/element/f.3E293DF0AA329CA2114D971FFEC9FE37.d.17A6CCFF67756BA471BC2EB9BD5BEE90.e.3560/click - {}
RESULT: undefined
COMMAND: POST /session/f7171b6cbff09e3fe27f163b207c7e02/element - {"using":"xpath","value":"//*[@id=\"__tile109\"]"}
RESULT: {"using":"xpath","value":"//*[@id=\"__tile109\"]"}
COMMAND: POST /session/f7171b6cbff09e3fe27f163b207c7e02/element/f.3E293DF0AA329CA2114D971FFEC9FE37.d.17A6CCFF67756BA471BC2EB9BD5BEE90.e.3560/click - {}
RESULT: undefined
COMMAND: POST /session/f7171b6cbff09e3fe27f163b207c7e02/execute/async - {"script":"<script> [6424 bytes]","args":[{"element-6066-11e4-a52e-4f735466cecf":"f.3E293DF0AA329CA2114D971FFEC9FE37.d.17A6CCFF67756BA471BC2EB9BD5BEE90.e.254"},"getTitle",[]]}
COMMAND: POST /session/f7171b6cbff09e3fe27f163b207c7e02/execute/async - {"script":"<script> [1562 bytes]","args":[{"selector":{"id":"shellAppTitle"},"wdio_ui5_key":"shellAppTitle"}]}
RESULT: {"script":"<script> [1562 bytes]","args":[{"selector":{"id":"shellAppTitle"},"wdio_ui5_key":"shellAppTitle"}]}
COMMAND: POST /session/f7171b6cbff09e3fe27f163b207c7e02/execute/async - {"script":"<script> [6424 bytes]","args":[{"element-6066-11e4-a52e-4f735466cecf":"f.3E293DF0AA329CA2114D971FFEC9FE37.d.17A6CCFF67756BA471BC2EB9BD5BEE90.e.3629"},"getTitle",[]]}
RESULT: {"script":"<script> [6424 bytes]","args":[{"element-6066-11e4-a52e-4f735466cecf":"f.3E293DF0AA329CA2114D971FFEC9FE37.d.17A6CCFF67756BA471BC2EB9BD5BEE90.e.3629"},"getTitle",[]]}
RESULT: undefined
COMMAND: POST /session/f7171b6cbff09e3fe27f163b207c7e02/element/f.3E293DF0AA329CA2114D971FFEC9FE37.d.17A6CCFF67756BA471BC2EB9BD5BEE90.e.3488/click - {}
COMMAND: POST /session/f7171b6cbff09e3fe27f163b207c7e02/element - {"using":"xpath","value":"//*[@id=\"backBtn\"]"}
RESULT: {"using":"xpath","value":"//*[@id=\"backBtn\"]"}
COMMAND: POST /session/f7171b6cbff09e3fe27f163b207c7e02/element/f.3E293DF0AA329CA2114D971FFEC9FE37.d.17A6CCFF67756BA471BC2EB9BD5BEE90.e.3488/click - {}
COMMAND: POST /session/f7171b6cbff09e3fe27f163b207c7e02/element - {"using":"xpath","value":"//*[@id=\"backBtn\"]"}
RESULT: {"using":"xpath","value":"//*[@id=\"backBtn\"]"}
COMMAND: POST /session/f7171b6cbff09e3fe27f163b207c7e02/element/f.3E293DF0AA329CA2114D971FFEC9FE37.d.17A6CCFF67756BA471BC2EB9BD5BEE90.e.3630/click - {}
RESULT: {}
COMMAND: GET /session/f7171b6cbff09e3fe27f163b207c7e02/screenshot - {}
RESULT: {}
]]></system-out>
    </testcase>
    <testcase classname="chrome.135_0_7049_96.windows.Sanity_Tests_US104253" name="Should open ISC Dashboard page" time="29.752">
      <system-out><![CDATA[
COMMAND: POST /session/f7171b6cbff09e3fe27f163b207c7e02/execute/async - {"script":"<script> [1562 bytes]","args":[{"selector":{"controlType":"sap.m.GenericTile","properties":{"header":"ISC Dashboard"}},"wdio_ui5_key":"sapm.GenericTile{\"header\":\"ISC Dashboard\"}"}]}
RESULT: {"script":"<script> [1562 bytes]","args":[{"selector":{"controlType":"sap.m.GenericTile","properties":{"header":"ISC Dashboard"}},"wdio_ui5_key":"sapm.GenericTile{\"header\":\"ISC Dashboard\"}"}]}
RESULT: undefined
COMMAND: POST /session/f7171b6cbff09e3fe27f163b207c7e02/element - {"using":"xpath","value":"//*[@id=\"__tile106\"]"}
RESULT: {"using":"xpath","value":"//*[@id=\"__tile106\"]"}
COMMAND: POST /session/f7171b6cbff09e3fe27f163b207c7e02/element/f.3E293DF0AA329CA2114D971FFEC9FE37.d.17A6CCFF67756BA471BC2EB9BD5BEE90.e.3632/click - {}
RESULT: {}
COMMAND: GET /session/f7171b6cbff09e3fe27f163b207c7e02/screenshot - {}
RESULT: {}
RESULT: undefined
COMMAND: POST /session/f7171b6cbff09e3fe27f163b207c7e02/element - {"using":"xpath","value":"//*[@id=\"__tile106\"]"}
RESULT: {"using":"xpath","value":"//*[@id=\"__tile106\"]"}
COMMAND: POST /session/f7171b6cbff09e3fe27f163b207c7e02/element/f.3E293DF0AA329CA2114D971FFEC9FE37.d.17A6CCFF67756BA471BC2EB9BD5BEE90.e.3632/click - {}
RESULT: undefined
COMMAND: POST /session/f7171b6cbff09e3fe27f163b207c7e02/element - {"using":"xpath","value":"//*[@id=\"__tile106\"]"}
RESULT: {"using":"xpath","value":"//*[@id=\"__tile106\"]"}
COMMAND: POST /session/f7171b6cbff09e3fe27f163b207c7e02/element/f.3E293DF0AA329CA2114D971FFEC9FE37.d.17A6CCFF67756BA471BC2EB9BD5BEE90.e.3632/click - {}
RESULT: undefined
COMMAND: POST /session/f7171b6cbff09e3fe27f163b207c7e02/execute/async - {"script":"<script> [6424 bytes]","args":[{"element-6066-11e4-a52e-4f735466cecf":"f.3E293DF0AA329CA2114D971FFEC9FE37.d.17A6CCFF67756BA471BC2EB9BD5BEE90.e.254"},"getTitle",[]]}
COMMAND: POST /session/f7171b6cbff09e3fe27f163b207c7e02/execute/async - {"script":"<script> [1562 bytes]","args":[{"selector":{"id":"shellAppTitle"},"wdio_ui5_key":"shellAppTitle"}]}
RESULT: {"script":"<script> [1562 bytes]","args":[{"selector":{"id":"shellAppTitle"},"wdio_ui5_key":"shellAppTitle"}]}
COMMAND: POST /session/f7171b6cbff09e3fe27f163b207c7e02/execute/async - {"script":"<script> [6424 bytes]","args":[{"element-6066-11e4-a52e-4f735466cecf":"f.3E293DF0AA329CA2114D971FFEC9FE37.d.17A6CCFF67756BA471BC2EB9BD5BEE90.e.3759"},"getTitle",[]]}
RESULT: {"script":"<script> [6424 bytes]","args":[{"element-6066-11e4-a52e-4f735466cecf":"f.3E293DF0AA329CA2114D971FFEC9FE37.d.17A6CCFF67756BA471BC2EB9BD5BEE90.e.3759"},"getTitle",[]]}
RESULT: undefined
COMMAND: POST /session/f7171b6cbff09e3fe27f163b207c7e02/element/f.3E293DF0AA329CA2114D971FFEC9FE37.d.17A6CCFF67756BA471BC2EB9BD5BEE90.e.3630/click - {}
RESULT: {}
COMMAND: GET /session/f7171b6cbff09e3fe27f163b207c7e02/screenshot - {}
RESULT: {}
]]></system-out>
    </testcase>
    <testcase classname="chrome.135_0_7049_96.windows.Sanity_Tests_US104253" name="Should open ISC Orders page" time="35.791">
      <system-out><![CDATA[
COMMAND: POST /session/f7171b6cbff09e3fe27f163b207c7e02/execute/async - {"script":"<script> [1562 bytes]","args":[{"selector":{"controlType":"sap.m.GenericTile","properties":{"header":"ISC Orders"}},"wdio_ui5_key":"sapm.GenericTile{\"header\":\"ISC Orders\"}"}]}
RESULT: {"script":"<script> [1562 bytes]","args":[{"selector":{"controlType":"sap.m.GenericTile","properties":{"header":"ISC Orders"}},"wdio_ui5_key":"sapm.GenericTile{\"header\":\"ISC Orders\"}"}]}
RESULT: undefined
COMMAND: POST /session/f7171b6cbff09e3fe27f163b207c7e02/element - {"using":"xpath","value":"//*[@id=\"__tile108\"]"}
RESULT: {"using":"xpath","value":"//*[@id=\"__tile108\"]"}
COMMAND: POST /session/f7171b6cbff09e3fe27f163b207c7e02/element/f.3E293DF0AA329CA2114D971FFEC9FE37.d.17A6CCFF67756BA471BC2EB9BD5BEE90.e.3761/click - {}
RESULT: {}
COMMAND: GET /session/f7171b6cbff09e3fe27f163b207c7e02/screenshot - {}
RESULT: {}
RESULT: undefined
COMMAND: POST /session/f7171b6cbff09e3fe27f163b207c7e02/element - {"using":"xpath","value":"//*[@id=\"__tile108\"]"}
RESULT: {"using":"xpath","value":"//*[@id=\"__tile108\"]"}
COMMAND: POST /session/f7171b6cbff09e3fe27f163b207c7e02/element/f.3E293DF0AA329CA2114D971FFEC9FE37.d.17A6CCFF67756BA471BC2EB9BD5BEE90.e.3761/click - {}
RESULT: undefined
COMMAND: POST /session/f7171b6cbff09e3fe27f163b207c7e02/element - {"using":"xpath","value":"//*[@id=\"__tile108\"]"}
RESULT: {"using":"xpath","value":"//*[@id=\"__tile108\"]"}
COMMAND: POST /session/f7171b6cbff09e3fe27f163b207c7e02/element/f.3E293DF0AA329CA2114D971FFEC9FE37.d.17A6CCFF67756BA471BC2EB9BD5BEE90.e.3761/click - {}
RESULT: undefined
COMMAND: POST /session/f7171b6cbff09e3fe27f163b207c7e02/execute/async - {"script":"<script> [6424 bytes]","args":[{"element-6066-11e4-a52e-4f735466cecf":"f.3E293DF0AA329CA2114D971FFEC9FE37.d.17A6CCFF67756BA471BC2EB9BD5BEE90.e.254"},"getTitle",[]]}
COMMAND: POST /session/f7171b6cbff09e3fe27f163b207c7e02/execute/async - {"script":"<script> [1562 bytes]","args":[{"selector":{"id":"shellAppTitle"},"wdio_ui5_key":"shellAppTitle"}]}
RESULT: {"script":"<script> [1562 bytes]","args":[{"selector":{"id":"shellAppTitle"},"wdio_ui5_key":"shellAppTitle"}]}
COMMAND: POST /session/f7171b6cbff09e3fe27f163b207c7e02/execute/async - {"script":"<script> [6424 bytes]","args":[{"element-6066-11e4-a52e-4f735466cecf":"f.3E293DF0AA329CA2114D971FFEC9FE37.d.17A6CCFF67756BA471BC2EB9BD5BEE90.e.3866"},"getTitle",[]]}
RESULT: {"script":"<script> [6424 bytes]","args":[{"element-6066-11e4-a52e-4f735466cecf":"f.3E293DF0AA329CA2114D971FFEC9FE37.d.17A6CCFF67756BA471BC2EB9BD5BEE90.e.3866"},"getTitle",[]]}
RESULT: undefined
COMMAND: POST /session/f7171b6cbff09e3fe27f163b207c7e02/element/f.3E293DF0AA329CA2114D971FFEC9FE37.d.17A6CCFF67756BA471BC2EB9BD5BEE90.e.3630/click - {}
COMMAND: POST /session/f7171b6cbff09e3fe27f163b207c7e02/element - {"using":"xpath","value":"//*[@id=\"backBtn\"]"}
RESULT: {"using":"xpath","value":"//*[@id=\"backBtn\"]"}
COMMAND: POST /session/f7171b6cbff09e3fe27f163b207c7e02/element/f.3E293DF0AA329CA2114D971FFEC9FE37.d.17A6CCFF67756BA471BC2EB9BD5BEE90.e.3630/click - {}
COMMAND: POST /session/f7171b6cbff09e3fe27f163b207c7e02/element - {"using":"xpath","value":"//*[@id=\"backBtn\"]"}
RESULT: {"using":"xpath","value":"//*[@id=\"backBtn\"]"}
COMMAND: POST /session/f7171b6cbff09e3fe27f163b207c7e02/element/f.3E293DF0AA329CA2114D971FFEC9FE37.d.17A6CCFF67756BA471BC2EB9BD5BEE90.e.3867/click - {}
RESULT: {}
COMMAND: GET /session/f7171b6cbff09e3fe27f163b207c7e02/screenshot - {}
RESULT: {}
]]></system-out>
    </testcase>
    <testcase classname="chrome.135_0_7049_96.windows.Sanity_Tests_US104253" name="Should open ISC Tasks page" time="35.02">
      <system-out><![CDATA[
COMMAND: POST /session/f7171b6cbff09e3fe27f163b207c7e02/execute/async - {"script":"<script> [1562 bytes]","args":[{"selector":{"controlType":"sap.m.GenericTile","properties":{"header":"ISC Tasks"}},"wdio_ui5_key":"sapm.GenericTile{\"header\":\"ISC Tasks\"}"}]}
RESULT: {"script":"<script> [1562 bytes]","args":[{"selector":{"controlType":"sap.m.GenericTile","properties":{"header":"ISC Tasks"}},"wdio_ui5_key":"sapm.GenericTile{\"header\":\"ISC Tasks\"}"}]}
RESULT: undefined
COMMAND: POST /session/f7171b6cbff09e3fe27f163b207c7e02/element - {"using":"xpath","value":"//*[@id=\"__tile110\"]"}
RESULT: {"using":"xpath","value":"//*[@id=\"__tile110\"]"}
COMMAND: POST /session/f7171b6cbff09e3fe27f163b207c7e02/element/f.3E293DF0AA329CA2114D971FFEC9FE37.d.17A6CCFF67756BA471BC2EB9BD5BEE90.e.3869/click - {}
RESULT: {}
COMMAND: GET /session/f7171b6cbff09e3fe27f163b207c7e02/screenshot - {}
RESULT: {}
RESULT: undefined
COMMAND: POST /session/f7171b6cbff09e3fe27f163b207c7e02/element - {"using":"xpath","value":"//*[@id=\"__tile110\"]"}
RESULT: {"using":"xpath","value":"//*[@id=\"__tile110\"]"}
COMMAND: POST /session/f7171b6cbff09e3fe27f163b207c7e02/element/f.3E293DF0AA329CA2114D971FFEC9FE37.d.17A6CCFF67756BA471BC2EB9BD5BEE90.e.3869/click - {}
RESULT: undefined
COMMAND: POST /session/f7171b6cbff09e3fe27f163b207c7e02/element - {"using":"xpath","value":"//*[@id=\"__tile110\"]"}
RESULT: {"using":"xpath","value":"//*[@id=\"__tile110\"]"}
COMMAND: POST /session/f7171b6cbff09e3fe27f163b207c7e02/element/f.3E293DF0AA329CA2114D971FFEC9FE37.d.17A6CCFF67756BA471BC2EB9BD5BEE90.e.3869/click - {}
RESULT: undefined
COMMAND: POST /session/f7171b6cbff09e3fe27f163b207c7e02/execute/async - {"script":"<script> [6424 bytes]","args":[{"element-6066-11e4-a52e-4f735466cecf":"f.3E293DF0AA329CA2114D971FFEC9FE37.d.17A6CCFF67756BA471BC2EB9BD5BEE90.e.254"},"getTitle",[]]}
COMMAND: POST /session/f7171b6cbff09e3fe27f163b207c7e02/execute/async - {"script":"<script> [1562 bytes]","args":[{"selector":{"id":"shellAppTitle"},"wdio_ui5_key":"shellAppTitle"}]}
RESULT: {"script":"<script> [1562 bytes]","args":[{"selector":{"id":"shellAppTitle"},"wdio_ui5_key":"shellAppTitle"}]}
COMMAND: POST /session/f7171b6cbff09e3fe27f163b207c7e02/execute/async - {"script":"<script> [6424 bytes]","args":[{"element-6066-11e4-a52e-4f735466cecf":"f.3E293DF0AA329CA2114D971FFEC9FE37.d.17A6CCFF67756BA471BC2EB9BD5BEE90.e.3952"},"getTitle",[]]}
RESULT: {"script":"<script> [6424 bytes]","args":[{"element-6066-11e4-a52e-4f735466cecf":"f.3E293DF0AA329CA2114D971FFEC9FE37.d.17A6CCFF67756BA471BC2EB9BD5BEE90.e.3952"},"getTitle",[]]}
RESULT: undefined
COMMAND: POST /session/f7171b6cbff09e3fe27f163b207c7e02/element/f.3E293DF0AA329CA2114D971FFEC9FE37.d.17A6CCFF67756BA471BC2EB9BD5BEE90.e.3867/click - {}
RESULT: {}
COMMAND: GET /session/f7171b6cbff09e3fe27f163b207c7e02/screenshot - {}
RESULT: {}
]]></system-out>
    </testcase>
    <testcase classname="chrome.135_0_7049_96.windows.Sanity_Tests_US104253" name="Should open Manage Resource Logbook page" time="33.571">
      <system-out><![CDATA[
COMMAND: POST /session/f7171b6cbff09e3fe27f163b207c7e02/execute/async - {"script":"<script> [1562 bytes]","args":[{"selector":{"controlType":"sap.m.GenericTile","properties":{"header":"Manage Resource Logbook"}},"wdio_ui5_key":"sapm.GenericTile{\"header\":\"Manage Resource Logbook\"}"}]}
RESULT: {"script":"<script> [1562 bytes]","args":[{"selector":{"controlType":"sap.m.GenericTile","properties":{"header":"Manage Resource Logbook"}},"wdio_ui5_key":"sapm.GenericTile{\"header\":\"Manage Resource Logbook\"}"}]}
RESULT: undefined
COMMAND: POST /session/f7171b6cbff09e3fe27f163b207c7e02/element - {"using":"xpath","value":"//*[@id=\"__tile113\"]"}
RESULT: {"using":"xpath","value":"//*[@id=\"__tile113\"]"}
COMMAND: POST /session/f7171b6cbff09e3fe27f163b207c7e02/element/f.3E293DF0AA329CA2114D971FFEC9FE37.d.17A6CCFF67756BA471BC2EB9BD5BEE90.e.3954/click - {}
RESULT: {}
COMMAND: GET /session/f7171b6cbff09e3fe27f163b207c7e02/screenshot - {}
RESULT: {}
RESULT: undefined
COMMAND: POST /session/f7171b6cbff09e3fe27f163b207c7e02/element - {"using":"xpath","value":"//*[@id=\"__tile113\"]"}
RESULT: {"using":"xpath","value":"//*[@id=\"__tile113\"]"}
COMMAND: POST /session/f7171b6cbff09e3fe27f163b207c7e02/element/f.3E293DF0AA329CA2114D971FFEC9FE37.d.17A6CCFF67756BA471BC2EB9BD5BEE90.e.3954/click - {}
RESULT: undefined
COMMAND: POST /session/f7171b6cbff09e3fe27f163b207c7e02/element - {"using":"xpath","value":"//*[@id=\"__tile113\"]"}
RESULT: {"using":"xpath","value":"//*[@id=\"__tile113\"]"}
COMMAND: POST /session/f7171b6cbff09e3fe27f163b207c7e02/element/f.3E293DF0AA329CA2114D971FFEC9FE37.d.17A6CCFF67756BA471BC2EB9BD5BEE90.e.3954/click - {}
RESULT: undefined
COMMAND: POST /session/f7171b6cbff09e3fe27f163b207c7e02/execute/async - {"script":"<script> [6424 bytes]","args":[{"element-6066-11e4-a52e-4f735466cecf":"f.3E293DF0AA329CA2114D971FFEC9FE37.d.17A6CCFF67756BA471BC2EB9BD5BEE90.e.254"},"getTitle",[]]}
COMMAND: POST /session/f7171b6cbff09e3fe27f163b207c7e02/execute/async - {"script":"<script> [1562 bytes]","args":[{"selector":{"id":"shellAppTitle"},"wdio_ui5_key":"shellAppTitle"}]}
RESULT: {"script":"<script> [1562 bytes]","args":[{"selector":{"id":"shellAppTitle"},"wdio_ui5_key":"shellAppTitle"}]}
COMMAND: POST /session/f7171b6cbff09e3fe27f163b207c7e02/execute/async - {"script":"<script> [6424 bytes]","args":[{"element-6066-11e4-a52e-4f735466cecf":"f.3E293DF0AA329CA2114D971FFEC9FE37.d.17A6CCFF67756BA471BC2EB9BD5BEE90.e.4048"},"getTitle",[]]}
RESULT: {"script":"<script> [6424 bytes]","args":[{"element-6066-11e4-a52e-4f735466cecf":"f.3E293DF0AA329CA2114D971FFEC9FE37.d.17A6CCFF67756BA471BC2EB9BD5BEE90.e.4048"},"getTitle",[]]}
RESULT: undefined
COMMAND: POST /session/f7171b6cbff09e3fe27f163b207c7e02/element/f.3E293DF0AA329CA2114D971FFEC9FE37.d.17A6CCFF67756BA471BC2EB9BD5BEE90.e.3867/click - {}
COMMAND: POST /session/f7171b6cbff09e3fe27f163b207c7e02/element - {"using":"xpath","value":"//*[@id=\"backBtn\"]"}
RESULT: {"using":"xpath","value":"//*[@id=\"backBtn\"]"}
COMMAND: POST /session/f7171b6cbff09e3fe27f163b207c7e02/element/f.3E293DF0AA329CA2114D971FFEC9FE37.d.17A6CCFF67756BA471BC2EB9BD5BEE90.e.3867/click - {}
COMMAND: POST /session/f7171b6cbff09e3fe27f163b207c7e02/element - {"using":"xpath","value":"//*[@id=\"backBtn\"]"}
RESULT: {"using":"xpath","value":"//*[@id=\"backBtn\"]"}
COMMAND: POST /session/f7171b6cbff09e3fe27f163b207c7e02/element/f.3E293DF0AA329CA2114D971FFEC9FE37.d.17A6CCFF67756BA471BC2EB9BD5BEE90.e.4049/click - {}
RESULT: {}
COMMAND: GET /session/f7171b6cbff09e3fe27f163b207c7e02/screenshot - {}
RESULT: {}
]]></system-out>
    </testcase>
    <testcase classname="chrome.135_0_7049_96.windows.Sanity_Tests_US104253" name="Should open Manage Logbook page" time="32.949">
      <system-out><![CDATA[
COMMAND: POST /session/f7171b6cbff09e3fe27f163b207c7e02/execute/async - {"script":"<script> [1562 bytes]","args":[{"selector":{"controlType":"sap.m.GenericTile","properties":{"header":"Manage Logbook"}},"wdio_ui5_key":"sapm.GenericTile{\"header\":\"Manage Logbook\"}"}]}
RESULT: {"script":"<script> [1562 bytes]","args":[{"selector":{"controlType":"sap.m.GenericTile","properties":{"header":"Manage Logbook"}},"wdio_ui5_key":"sapm.GenericTile{\"header\":\"Manage Logbook\"}"}]}
RESULT: undefined
COMMAND: POST /session/f7171b6cbff09e3fe27f163b207c7e02/element - {"using":"xpath","value":"//*[@id=\"__tile112\"]"}
RESULT: {"using":"xpath","value":"//*[@id=\"__tile112\"]"}
COMMAND: POST /session/f7171b6cbff09e3fe27f163b207c7e02/element/f.3E293DF0AA329CA2114D971FFEC9FE37.d.17A6CCFF67756BA471BC2EB9BD5BEE90.e.4051/click - {}
RESULT: {}
COMMAND: GET /session/f7171b6cbff09e3fe27f163b207c7e02/screenshot - {}
RESULT: {}
RESULT: undefined
COMMAND: POST /session/f7171b6cbff09e3fe27f163b207c7e02/element - {"using":"xpath","value":"//*[@id=\"__tile112\"]"}
RESULT: {"using":"xpath","value":"//*[@id=\"__tile112\"]"}
COMMAND: POST /session/f7171b6cbff09e3fe27f163b207c7e02/element/f.3E293DF0AA329CA2114D971FFEC9FE37.d.17A6CCFF67756BA471BC2EB9BD5BEE90.e.4051/click - {}
RESULT: undefined
COMMAND: POST /session/f7171b6cbff09e3fe27f163b207c7e02/element - {"using":"xpath","value":"//*[@id=\"__tile112\"]"}
RESULT: {"using":"xpath","value":"//*[@id=\"__tile112\"]"}
COMMAND: POST /session/f7171b6cbff09e3fe27f163b207c7e02/element/f.3E293DF0AA329CA2114D971FFEC9FE37.d.17A6CCFF67756BA471BC2EB9BD5BEE90.e.4051/click - {}
RESULT: undefined
COMMAND: POST /session/f7171b6cbff09e3fe27f163b207c7e02/execute/async - {"script":"<script> [6424 bytes]","args":[{"element-6066-11e4-a52e-4f735466cecf":"f.3E293DF0AA329CA2114D971FFEC9FE37.d.17A6CCFF67756BA471BC2EB9BD5BEE90.e.254"},"getTitle",[]]}
COMMAND: POST /session/f7171b6cbff09e3fe27f163b207c7e02/execute/async - {"script":"<script> [1562 bytes]","args":[{"selector":{"id":"shellAppTitle"},"wdio_ui5_key":"shellAppTitle"}]}
RESULT: {"script":"<script> [1562 bytes]","args":[{"selector":{"id":"shellAppTitle"},"wdio_ui5_key":"shellAppTitle"}]}
COMMAND: POST /session/f7171b6cbff09e3fe27f163b207c7e02/execute/async - {"script":"<script> [6424 bytes]","args":[{"element-6066-11e4-a52e-4f735466cecf":"f.3E293DF0AA329CA2114D971FFEC9FE37.d.17A6CCFF67756BA471BC2EB9BD5BEE90.e.4126"},"getTitle",[]]}
RESULT: {"script":"<script> [6424 bytes]","args":[{"element-6066-11e4-a52e-4f735466cecf":"f.3E293DF0AA329CA2114D971FFEC9FE37.d.17A6CCFF67756BA471BC2EB9BD5BEE90.e.4126"},"getTitle",[]]}
RESULT: undefined
COMMAND: POST /session/f7171b6cbff09e3fe27f163b207c7e02/element/f.3E293DF0AA329CA2114D971FFEC9FE37.d.17A6CCFF67756BA471BC2EB9BD5BEE90.e.4049/click - {}
RESULT: {}
COMMAND: GET /session/f7171b6cbff09e3fe27f163b207c7e02/screenshot - {}
RESULT: {}
]]></system-out>
    </testcase>
    <testcase classname="chrome.135_0_7049_96.windows.Sanity_Tests_US104253" name="Should open ISC Orders Calendar page" time="34.25">
      <system-out><![CDATA[
COMMAND: POST /session/f7171b6cbff09e3fe27f163b207c7e02/execute/async - {"script":"<script> [1562 bytes]","args":[{"selector":{"controlType":"sap.m.GenericTile","properties":{"header":"ISC Orders Calendar"}},"wdio_ui5_key":"sapm.GenericTile{\"header\":\"ISC Orders Calendar\"}"}]}
RESULT: {"script":"<script> [1562 bytes]","args":[{"selector":{"controlType":"sap.m.GenericTile","properties":{"header":"ISC Orders Calendar"}},"wdio_ui5_key":"sapm.GenericTile{\"header\":\"ISC Orders Calendar\"}"}]}
RESULT: undefined
COMMAND: POST /session/f7171b6cbff09e3fe27f163b207c7e02/element - {"using":"xpath","value":"//*[@id=\"__tile107\"]"}
RESULT: {"using":"xpath","value":"//*[@id=\"__tile107\"]"}
COMMAND: POST /session/f7171b6cbff09e3fe27f163b207c7e02/element/f.3E293DF0AA329CA2114D971FFEC9FE37.d.17A6CCFF67756BA471BC2EB9BD5BEE90.e.4128/click - {}
RESULT: {}
COMMAND: GET /session/f7171b6cbff09e3fe27f163b207c7e02/screenshot - {}
RESULT: {}
RESULT: undefined
COMMAND: POST /session/f7171b6cbff09e3fe27f163b207c7e02/element - {"using":"xpath","value":"//*[@id=\"__tile107\"]"}
RESULT: {"using":"xpath","value":"//*[@id=\"__tile107\"]"}
COMMAND: POST /session/f7171b6cbff09e3fe27f163b207c7e02/element/f.3E293DF0AA329CA2114D971FFEC9FE37.d.17A6CCFF67756BA471BC2EB9BD5BEE90.e.4128/click - {}
RESULT: undefined
COMMAND: POST /session/f7171b6cbff09e3fe27f163b207c7e02/element - {"using":"xpath","value":"//*[@id=\"__tile107\"]"}
RESULT: {"using":"xpath","value":"//*[@id=\"__tile107\"]"}
COMMAND: POST /session/f7171b6cbff09e3fe27f163b207c7e02/element/f.3E293DF0AA329CA2114D971FFEC9FE37.d.17A6CCFF67756BA471BC2EB9BD5BEE90.e.4128/click - {}
RESULT: undefined
COMMAND: POST /session/f7171b6cbff09e3fe27f163b207c7e02/execute/async - {"script":"<script> [6424 bytes]","args":[{"element-6066-11e4-a52e-4f735466cecf":"f.3E293DF0AA329CA2114D971FFEC9FE37.d.17A6CCFF67756BA471BC2EB9BD5BEE90.e.254"},"getTitle",[]]}
COMMAND: POST /session/f7171b6cbff09e3fe27f163b207c7e02/execute/async - {"script":"<script> [1562 bytes]","args":[{"selector":{"id":"shellAppTitle"},"wdio_ui5_key":"shellAppTitle"}]}
RESULT: {"script":"<script> [1562 bytes]","args":[{"selector":{"id":"shellAppTitle"},"wdio_ui5_key":"shellAppTitle"}]}
COMMAND: POST /session/f7171b6cbff09e3fe27f163b207c7e02/execute/async - {"script":"<script> [6424 bytes]","args":[{"element-6066-11e4-a52e-4f735466cecf":"f.3E293DF0AA329CA2114D971FFEC9FE37.d.17A6CCFF67756BA471BC2EB9BD5BEE90.e.4340"},"getTitle",[]]}
RESULT: {"script":"<script> [6424 bytes]","args":[{"element-6066-11e4-a52e-4f735466cecf":"f.3E293DF0AA329CA2114D971FFEC9FE37.d.17A6CCFF67756BA471BC2EB9BD5BEE90.e.4340"},"getTitle",[]]}
RESULT: undefined
COMMAND: POST /session/f7171b6cbff09e3fe27f163b207c7e02/element/f.3E293DF0AA329CA2114D971FFEC9FE37.d.17A6CCFF67756BA471BC2EB9BD5BEE90.e.4049/click - {}
COMMAND: POST /session/f7171b6cbff09e3fe27f163b207c7e02/element - {"using":"xpath","value":"//*[@id=\"backBtn\"]"}
RESULT: {"using":"xpath","value":"//*[@id=\"backBtn\"]"}
COMMAND: POST /session/f7171b6cbff09e3fe27f163b207c7e02/element/f.3E293DF0AA329CA2114D971FFEC9FE37.d.17A6CCFF67756BA471BC2EB9BD5BEE90.e.4049/click - {}
COMMAND: POST /session/f7171b6cbff09e3fe27f163b207c7e02/element - {"using":"xpath","value":"//*[@id=\"backBtn\"]"}
RESULT: {"using":"xpath","value":"//*[@id=\"backBtn\"]"}
COMMAND: POST /session/f7171b6cbff09e3fe27f163b207c7e02/element/f.3E293DF0AA329CA2114D971FFEC9FE37.d.17A6CCFF67756BA471BC2EB9BD5BEE90.e.4341/click - {}
RESULT: {}
COMMAND: GET /session/f7171b6cbff09e3fe27f163b207c7e02/screenshot - {}
RESULT: {}
]]></system-out>
    </testcase>
    <testcase classname="chrome.135_0_7049_96.windows.Sanity_Tests_US104253" name="Should open Configure System page" time="39.53">
      <system-out><![CDATA[
COMMAND: POST /session/f7171b6cbff09e3fe27f163b207c7e02/execute/async - {"script":"<script> [1562 bytes]","args":[{"selector":{"controlType":"sap.m.GenericTile","properties":{"header":"Configure System"}},"wdio_ui5_key":"sapm.GenericTile{\"header\":\"Configure System\"}"}]}
RESULT: {"script":"<script> [1562 bytes]","args":[{"selector":{"controlType":"sap.m.GenericTile","properties":{"header":"Configure System"}},"wdio_ui5_key":"sapm.GenericTile{\"header\":\"Configure System\"}"}]}
RESULT: undefined
COMMAND: POST /session/f7171b6cbff09e3fe27f163b207c7e02/element - {"using":"xpath","value":"//*[@id=\"__tile114\"]"}
RESULT: {"using":"xpath","value":"//*[@id=\"__tile114\"]"}
COMMAND: POST /session/f7171b6cbff09e3fe27f163b207c7e02/element/f.3E293DF0AA329CA2114D971FFEC9FE37.d.17A6CCFF67756BA471BC2EB9BD5BEE90.e.4343/click - {}
RESULT: {}
COMMAND: GET /session/f7171b6cbff09e3fe27f163b207c7e02/screenshot - {}
RESULT: {}
RESULT: undefined
COMMAND: POST /session/f7171b6cbff09e3fe27f163b207c7e02/element - {"using":"xpath","value":"//*[@id=\"__tile114\"]"}
RESULT: {"using":"xpath","value":"//*[@id=\"__tile114\"]"}
COMMAND: POST /session/f7171b6cbff09e3fe27f163b207c7e02/element/f.3E293DF0AA329CA2114D971FFEC9FE37.d.17A6CCFF67756BA471BC2EB9BD5BEE90.e.4343/click - {}
RESULT: undefined
COMMAND: POST /session/f7171b6cbff09e3fe27f163b207c7e02/element - {"using":"xpath","value":"//*[@id=\"__tile114\"]"}
RESULT: {"using":"xpath","value":"//*[@id=\"__tile114\"]"}
COMMAND: POST /session/f7171b6cbff09e3fe27f163b207c7e02/element/f.3E293DF0AA329CA2114D971FFEC9FE37.d.17A6CCFF67756BA471BC2EB9BD5BEE90.e.4343/click - {}
RESULT: undefined
COMMAND: POST /session/f7171b6cbff09e3fe27f163b207c7e02/execute/async - {"script":"<script> [6424 bytes]","args":[{"element-6066-11e4-a52e-4f735466cecf":"f.3E293DF0AA329CA2114D971FFEC9FE37.d.17A6CCFF67756BA471BC2EB9BD5BEE90.e.254"},"getTitle",[]]}
COMMAND: POST /session/f7171b6cbff09e3fe27f163b207c7e02/execute/async - {"script":"<script> [1562 bytes]","args":[{"selector":{"id":"shellAppTitle"},"wdio_ui5_key":"shellAppTitle"}]}
RESULT: {"script":"<script> [1562 bytes]","args":[{"selector":{"id":"shellAppTitle"},"wdio_ui5_key":"shellAppTitle"}]}
COMMAND: POST /session/f7171b6cbff09e3fe27f163b207c7e02/execute/async - {"script":"<script> [6424 bytes]","args":[{"element-6066-11e4-a52e-4f735466cecf":"f.3E293DF0AA329CA2114D971FFEC9FE37.d.17A6CCFF67756BA471BC2EB9BD5BEE90.e.4384"},"getTitle",[]]}
RESULT: {"script":"<script> [6424 bytes]","args":[{"element-6066-11e4-a52e-4f735466cecf":"f.3E293DF0AA329CA2114D971FFEC9FE37.d.17A6CCFF67756BA471BC2EB9BD5BEE90.e.4384"},"getTitle",[]]}
RESULT: undefined
COMMAND: POST /session/f7171b6cbff09e3fe27f163b207c7e02/element/f.3E293DF0AA329CA2114D971FFEC9FE37.d.17A6CCFF67756BA471BC2EB9BD5BEE90.e.4341/click - {}
RESULT: {}
COMMAND: GET /session/f7171b6cbff09e3fe27f163b207c7e02/screenshot - {}
RESULT: {}
]]></system-out>
    </testcase>
    <testcase classname="chrome.135_0_7049_96.windows.Sanity_Tests_US104253" name="Should open Manage Classifications page" time="35.418">
      <system-out><![CDATA[
COMMAND: POST /session/f7171b6cbff09e3fe27f163b207c7e02/execute/async - {"script":"<script> [1562 bytes]","args":[{"selector":{"controlType":"sap.m.GenericTile","properties":{"header":"Manage Classifications"}},"wdio_ui5_key":"sapm.GenericTile{\"header\":\"Manage Classifications\"}"}]}
RESULT: {"script":"<script> [1562 bytes]","args":[{"selector":{"controlType":"sap.m.GenericTile","properties":{"header":"Manage Classifications"}},"wdio_ui5_key":"sapm.GenericTile{\"header\":\"Manage Classifications\"}"}]}
RESULT: undefined
COMMAND: POST /session/f7171b6cbff09e3fe27f163b207c7e02/element - {"using":"xpath","value":"//*[@id=\"__tile115\"]"}
RESULT: {"using":"xpath","value":"//*[@id=\"__tile115\"]"}
COMMAND: POST /session/f7171b6cbff09e3fe27f163b207c7e02/element/f.3E293DF0AA329CA2114D971FFEC9FE37.d.17A6CCFF67756BA471BC2EB9BD5BEE90.e.4388/click - {}
RESULT: {}
COMMAND: GET /session/f7171b6cbff09e3fe27f163b207c7e02/screenshot - {}
RESULT: {}
RESULT: undefined
COMMAND: POST /session/f7171b6cbff09e3fe27f163b207c7e02/element - {"using":"xpath","value":"//*[@id=\"__tile115\"]"}
RESULT: {"using":"xpath","value":"//*[@id=\"__tile115\"]"}
COMMAND: POST /session/f7171b6cbff09e3fe27f163b207c7e02/element/f.3E293DF0AA329CA2114D971FFEC9FE37.d.17A6CCFF67756BA471BC2EB9BD5BEE90.e.4388/click - {}
RESULT: undefined
COMMAND: POST /session/f7171b6cbff09e3fe27f163b207c7e02/element - {"using":"xpath","value":"//*[@id=\"__tile115\"]"}
RESULT: {"using":"xpath","value":"//*[@id=\"__tile115\"]"}
COMMAND: POST /session/f7171b6cbff09e3fe27f163b207c7e02/element/f.3E293DF0AA329CA2114D971FFEC9FE37.d.17A6CCFF67756BA471BC2EB9BD5BEE90.e.4388/click - {}
RESULT: undefined
COMMAND: POST /session/f7171b6cbff09e3fe27f163b207c7e02/execute/async - {"script":"<script> [6424 bytes]","args":[{"element-6066-11e4-a52e-4f735466cecf":"f.3E293DF0AA329CA2114D971FFEC9FE37.d.17A6CCFF67756BA471BC2EB9BD5BEE90.e.254"},"getTitle",[]]}
COMMAND: POST /session/f7171b6cbff09e3fe27f163b207c7e02/execute/async - {"script":"<script> [1562 bytes]","args":[{"selector":{"id":"shellAppTitle"},"wdio_ui5_key":"shellAppTitle"}]}
RESULT: {"script":"<script> [1562 bytes]","args":[{"selector":{"id":"shellAppTitle"},"wdio_ui5_key":"shellAppTitle"}]}
COMMAND: POST /session/f7171b6cbff09e3fe27f163b207c7e02/execute/async - {"script":"<script> [6424 bytes]","args":[{"element-6066-11e4-a52e-4f735466cecf":"f.3E293DF0AA329CA2114D971FFEC9FE37.d.17A6CCFF67756BA471BC2EB9BD5BEE90.e.4477"},"getTitle",[]]}
RESULT: {"script":"<script> [6424 bytes]","args":[{"element-6066-11e4-a52e-4f735466cecf":"f.3E293DF0AA329CA2114D971FFEC9FE37.d.17A6CCFF67756BA471BC2EB9BD5BEE90.e.4477"},"getTitle",[]]}
RESULT: undefined
COMMAND: POST /session/f7171b6cbff09e3fe27f163b207c7e02/element/f.3E293DF0AA329CA2114D971FFEC9FE37.d.17A6CCFF67756BA471BC2EB9BD5BEE90.e.4341/click - {}
COMMAND: POST /session/f7171b6cbff09e3fe27f163b207c7e02/element - {"using":"xpath","value":"//*[@id=\"backBtn\"]"}
RESULT: {"using":"xpath","value":"//*[@id=\"backBtn\"]"}
COMMAND: POST /session/f7171b6cbff09e3fe27f163b207c7e02/element/f.3E293DF0AA329CA2114D971FFEC9FE37.d.17A6CCFF67756BA471BC2EB9BD5BEE90.e.4341/click - {}
COMMAND: POST /session/f7171b6cbff09e3fe27f163b207c7e02/element - {"using":"xpath","value":"//*[@id=\"backBtn\"]"}
RESULT: {"using":"xpath","value":"//*[@id=\"backBtn\"]"}
COMMAND: POST /session/f7171b6cbff09e3fe27f163b207c7e02/element/f.3E293DF0AA329CA2114D971FFEC9FE37.d.17A6CCFF67756BA471BC2EB9BD5BEE90.e.4478/click - {}
RESULT: {}
COMMAND: GET /session/f7171b6cbff09e3fe27f163b207c7e02/screenshot - {}
RESULT: {}
]]></system-out>
    </testcase>
    <testcase classname="chrome.135_0_7049_96.windows.Sanity_Tests_US104253" name="Should open Data Explorer page" time="34.582">
      <system-out><![CDATA[
COMMAND: POST /session/f7171b6cbff09e3fe27f163b207c7e02/execute/async - {"script":"<script> [1562 bytes]","args":[{"selector":{"controlType":"sap.m.GenericTile","properties":{"header":"Data Explorer"}},"wdio_ui5_key":"sapm.GenericTile{\"header\":\"Data Explorer\"}"}]}
RESULT: {"script":"<script> [1562 bytes]","args":[{"selector":{"controlType":"sap.m.GenericTile","properties":{"header":"Data Explorer"}},"wdio_ui5_key":"sapm.GenericTile{\"header\":\"Data Explorer\"}"}]}
RESULT: undefined
COMMAND: POST /session/f7171b6cbff09e3fe27f163b207c7e02/element - {"using":"xpath","value":"//*[@id=\"__tile117\"]"}
RESULT: {"using":"xpath","value":"//*[@id=\"__tile117\"]"}
COMMAND: POST /session/f7171b6cbff09e3fe27f163b207c7e02/element/f.3E293DF0AA329CA2114D971FFEC9FE37.d.17A6CCFF67756BA471BC2EB9BD5BEE90.e.4480/click - {}
RESULT: {}
COMMAND: GET /session/f7171b6cbff09e3fe27f163b207c7e02/screenshot - {}
RESULT: {}
RESULT: undefined
COMMAND: POST /session/f7171b6cbff09e3fe27f163b207c7e02/element - {"using":"xpath","value":"//*[@id=\"__tile117\"]"}
RESULT: {"using":"xpath","value":"//*[@id=\"__tile117\"]"}
COMMAND: POST /session/f7171b6cbff09e3fe27f163b207c7e02/element/f.3E293DF0AA329CA2114D971FFEC9FE37.d.17A6CCFF67756BA471BC2EB9BD5BEE90.e.4480/click - {}
RESULT: undefined
COMMAND: POST /session/f7171b6cbff09e3fe27f163b207c7e02/element - {"using":"xpath","value":"//*[@id=\"__tile117\"]"}
RESULT: {"using":"xpath","value":"//*[@id=\"__tile117\"]"}
COMMAND: POST /session/f7171b6cbff09e3fe27f163b207c7e02/element/f.3E293DF0AA329CA2114D971FFEC9FE37.d.17A6CCFF67756BA471BC2EB9BD5BEE90.e.4480/click - {}
RESULT: undefined
COMMAND: POST /session/f7171b6cbff09e3fe27f163b207c7e02/execute/async - {"script":"<script> [6424 bytes]","args":[{"element-6066-11e4-a52e-4f735466cecf":"f.3E293DF0AA329CA2114D971FFEC9FE37.d.17A6CCFF67756BA471BC2EB9BD5BEE90.e.254"},"getTitle",[]]}
COMMAND: POST /session/f7171b6cbff09e3fe27f163b207c7e02/execute/async - {"script":"<script> [1562 bytes]","args":[{"selector":{"id":"shellAppTitle"},"wdio_ui5_key":"shellAppTitle"}]}
RESULT: {"script":"<script> [1562 bytes]","args":[{"selector":{"id":"shellAppTitle"},"wdio_ui5_key":"shellAppTitle"}]}
COMMAND: POST /session/f7171b6cbff09e3fe27f163b207c7e02/execute/async - {"script":"<script> [6424 bytes]","args":[{"element-6066-11e4-a52e-4f735466cecf":"f.3E293DF0AA329CA2114D971FFEC9FE37.d.17A6CCFF67756BA471BC2EB9BD5BEE90.e.4639"},"getTitle",[]]}
RESULT: {"script":"<script> [6424 bytes]","args":[{"element-6066-11e4-a52e-4f735466cecf":"f.3E293DF0AA329CA2114D971FFEC9FE37.d.17A6CCFF67756BA471BC2EB9BD5BEE90.e.4639"},"getTitle",[]]}
RESULT: undefined
COMMAND: POST /session/f7171b6cbff09e3fe27f163b207c7e02/element/f.3E293DF0AA329CA2114D971FFEC9FE37.d.17A6CCFF67756BA471BC2EB9BD5BEE90.e.4478/click - {}
RESULT: {}
COMMAND: GET /session/f7171b6cbff09e3fe27f163b207c7e02/screenshot - {}
RESULT: {}
]]></system-out>
    </testcase>
    <testcase classname="chrome.135_0_7049_96.windows.Sanity_Tests_US104253" name="Should open Performance Monitor page" time="34.454">
      <system-out><![CDATA[
COMMAND: POST /session/f7171b6cbff09e3fe27f163b207c7e02/execute/async - {"script":"<script> [1562 bytes]","args":[{"selector":{"controlType":"sap.m.GenericTile","properties":{"header":"Performance Monitor"}},"wdio_ui5_key":"sapm.GenericTile{\"header\":\"Performance Monitor\"}"}]}
RESULT: {"script":"<script> [1562 bytes]","args":[{"selector":{"controlType":"sap.m.GenericTile","properties":{"header":"Performance Monitor"}},"wdio_ui5_key":"sapm.GenericTile{\"header\":\"Performance Monitor\"}"}]}
RESULT: undefined
COMMAND: POST /session/f7171b6cbff09e3fe27f163b207c7e02/element - {"using":"xpath","value":"//*[@id=\"__tile116\"]"}
RESULT: {"using":"xpath","value":"//*[@id=\"__tile116\"]"}
COMMAND: POST /session/f7171b6cbff09e3fe27f163b207c7e02/element/f.3E293DF0AA329CA2114D971FFEC9FE37.d.17A6CCFF67756BA471BC2EB9BD5BEE90.e.4641/click - {}
RESULT: {}
COMMAND: GET /session/f7171b6cbff09e3fe27f163b207c7e02/screenshot - {}
RESULT: {}
RESULT: undefined
COMMAND: POST /session/f7171b6cbff09e3fe27f163b207c7e02/element - {"using":"xpath","value":"//*[@id=\"__tile116\"]"}
RESULT: {"using":"xpath","value":"//*[@id=\"__tile116\"]"}
COMMAND: POST /session/f7171b6cbff09e3fe27f163b207c7e02/element/f.3E293DF0AA329CA2114D971FFEC9FE37.d.17A6CCFF67756BA471BC2EB9BD5BEE90.e.4641/click - {}
RESULT: undefined
COMMAND: POST /session/f7171b6cbff09e3fe27f163b207c7e02/element - {"using":"xpath","value":"//*[@id=\"__tile116\"]"}
RESULT: {"using":"xpath","value":"//*[@id=\"__tile116\"]"}
COMMAND: POST /session/f7171b6cbff09e3fe27f163b207c7e02/element/f.3E293DF0AA329CA2114D971FFEC9FE37.d.17A6CCFF67756BA471BC2EB9BD5BEE90.e.4641/click - {}
RESULT: undefined
COMMAND: POST /session/f7171b6cbff09e3fe27f163b207c7e02/execute/async - {"script":"<script> [6424 bytes]","args":[{"element-6066-11e4-a52e-4f735466cecf":"f.3E293DF0AA329CA2114D971FFEC9FE37.d.17A6CCFF67756BA471BC2EB9BD5BEE90.e.254"},"getTitle",[]]}
COMMAND: POST /session/f7171b6cbff09e3fe27f163b207c7e02/execute/async - {"script":"<script> [1562 bytes]","args":[{"selector":{"id":"shellAppTitle"},"wdio_ui5_key":"shellAppTitle"}]}
RESULT: {"script":"<script> [1562 bytes]","args":[{"selector":{"id":"shellAppTitle"},"wdio_ui5_key":"shellAppTitle"}]}
COMMAND: POST /session/f7171b6cbff09e3fe27f163b207c7e02/execute/async - {"script":"<script> [6424 bytes]","args":[{"element-6066-11e4-a52e-4f735466cecf":"f.3E293DF0AA329CA2114D971FFEC9FE37.d.17A6CCFF67756BA471BC2EB9BD5BEE90.e.4681"},"getTitle",[]]}
RESULT: {"script":"<script> [6424 bytes]","args":[{"element-6066-11e4-a52e-4f735466cecf":"f.3E293DF0AA329CA2114D971FFEC9FE37.d.17A6CCFF67756BA471BC2EB9BD5BEE90.e.4681"},"getTitle",[]]}
RESULT: undefined
COMMAND: POST /session/f7171b6cbff09e3fe27f163b207c7e02/element/f.3E293DF0AA329CA2114D971FFEC9FE37.d.17A6CCFF67756BA471BC2EB9BD5BEE90.e.4478/click - {}
COMMAND: POST /session/f7171b6cbff09e3fe27f163b207c7e02/element - {"using":"xpath","value":"//*[@id=\"backBtn\"]"}
RESULT: {"using":"xpath","value":"//*[@id=\"backBtn\"]"}
COMMAND: POST /session/f7171b6cbff09e3fe27f163b207c7e02/element/f.3E293DF0AA329CA2114D971FFEC9FE37.d.17A6CCFF67756BA471BC2EB9BD5BEE90.e.4478/click - {}
COMMAND: POST /session/f7171b6cbff09e3fe27f163b207c7e02/element - {"using":"xpath","value":"//*[@id=\"backBtn\"]"}
RESULT: {"using":"xpath","value":"//*[@id=\"backBtn\"]"}
COMMAND: POST /session/f7171b6cbff09e3fe27f163b207c7e02/element/f.3E293DF0AA329CA2114D971FFEC9FE37.d.17A6CCFF67756BA471BC2EB9BD5BEE90.e.4682/click - {}
RESULT: {}
COMMAND: GET /session/f7171b6cbff09e3fe27f163b207c7e02/screenshot - {}
RESULT: {}
]]></system-out>
    </testcase>
    <testcase classname="chrome.135_0_7049_96.windows.Sanity_Tests_US104253" name="Should open Organizational Model page" time="34.013">
      <system-out><![CDATA[
COMMAND: POST /session/f7171b6cbff09e3fe27f163b207c7e02/execute/async - {"script":"<script> [1562 bytes]","args":[{"selector":{"controlType":"sap.m.GenericTile","properties":{"header":"Organizational Model"}},"wdio_ui5_key":"sapm.GenericTile{\"header\":\"Organizational Model\"}"}]}
RESULT: {"script":"<script> [1562 bytes]","args":[{"selector":{"controlType":"sap.m.GenericTile","properties":{"header":"Organizational Model"}},"wdio_ui5_key":"sapm.GenericTile{\"header\":\"Organizational Model\"}"}]}
RESULT: undefined
COMMAND: POST /session/f7171b6cbff09e3fe27f163b207c7e02/element - {"using":"xpath","value":"//*[@id=\"__tile120\"]"}
RESULT: {"using":"xpath","value":"//*[@id=\"__tile120\"]"}
COMMAND: POST /session/f7171b6cbff09e3fe27f163b207c7e02/element/f.3E293DF0AA329CA2114D971FFEC9FE37.d.17A6CCFF67756BA471BC2EB9BD5BEE90.e.4684/click - {}
RESULT: {}
COMMAND: GET /session/f7171b6cbff09e3fe27f163b207c7e02/screenshot - {}
RESULT: {}
RESULT: undefined
COMMAND: POST /session/f7171b6cbff09e3fe27f163b207c7e02/element - {"using":"xpath","value":"//*[@id=\"__tile120\"]"}
RESULT: {"using":"xpath","value":"//*[@id=\"__tile120\"]"}
COMMAND: POST /session/f7171b6cbff09e3fe27f163b207c7e02/element/f.3E293DF0AA329CA2114D971FFEC9FE37.d.17A6CCFF67756BA471BC2EB9BD5BEE90.e.4684/click - {}
RESULT: undefined
COMMAND: POST /session/f7171b6cbff09e3fe27f163b207c7e02/element - {"using":"xpath","value":"//*[@id=\"__tile120\"]"}
RESULT: {"using":"xpath","value":"//*[@id=\"__tile120\"]"}
COMMAND: POST /session/f7171b6cbff09e3fe27f163b207c7e02/element/f.3E293DF0AA329CA2114D971FFEC9FE37.d.17A6CCFF67756BA471BC2EB9BD5BEE90.e.4684/click - {}
RESULT: undefined
COMMAND: POST /session/f7171b6cbff09e3fe27f163b207c7e02/execute/async - {"script":"<script> [6424 bytes]","args":[{"element-6066-11e4-a52e-4f735466cecf":"f.3E293DF0AA329CA2114D971FFEC9FE37.d.17A6CCFF67756BA471BC2EB9BD5BEE90.e.254"},"getTitle",[]]}
COMMAND: POST /session/f7171b6cbff09e3fe27f163b207c7e02/execute/async - {"script":"<script> [1562 bytes]","args":[{"selector":{"id":"shellAppTitle"},"wdio_ui5_key":"shellAppTitle"}]}
RESULT: {"script":"<script> [1562 bytes]","args":[{"selector":{"id":"shellAppTitle"},"wdio_ui5_key":"shellAppTitle"}]}
COMMAND: POST /session/f7171b6cbff09e3fe27f163b207c7e02/execute/async - {"script":"<script> [6424 bytes]","args":[{"element-6066-11e4-a52e-4f735466cecf":"f.3E293DF0AA329CA2114D971FFEC9FE37.d.17A6CCFF67756BA471BC2EB9BD5BEE90.e.4702"},"getTitle",[]]}
RESULT: {"script":"<script> [6424 bytes]","args":[{"element-6066-11e4-a52e-4f735466cecf":"f.3E293DF0AA329CA2114D971FFEC9FE37.d.17A6CCFF67756BA471BC2EB9BD5BEE90.e.4702"},"getTitle",[]]}
RESULT: undefined
COMMAND: POST /session/f7171b6cbff09e3fe27f163b207c7e02/element/f.3E293DF0AA329CA2114D971FFEC9FE37.d.17A6CCFF67756BA471BC2EB9BD5BEE90.e.4682/click - {}
RESULT: {}
COMMAND: GET /session/f7171b6cbff09e3fe27f163b207c7e02/screenshot - {}
RESULT: {}
]]></system-out>
    </testcase>
    <testcase classname="chrome.135_0_7049_96.windows.Sanity_Tests_US104253" name="Should open Manage Roles page" time="34.071">
      <system-out><![CDATA[
COMMAND: POST /session/f7171b6cbff09e3fe27f163b207c7e02/execute/async - {"script":"<script> [1562 bytes]","args":[{"selector":{"controlType":"sap.m.GenericTile","properties":{"header":"Manage Roles"}},"wdio_ui5_key":"sapm.GenericTile{\"header\":\"Manage Roles\"}"}]}
RESULT: {"script":"<script> [1562 bytes]","args":[{"selector":{"controlType":"sap.m.GenericTile","properties":{"header":"Manage Roles"}},"wdio_ui5_key":"sapm.GenericTile{\"header\":\"Manage Roles\"}"}]}
RESULT: undefined
COMMAND: POST /session/f7171b6cbff09e3fe27f163b207c7e02/element - {"using":"xpath","value":"//*[@id=\"__tile119\"]"}
RESULT: {"using":"xpath","value":"//*[@id=\"__tile119\"]"}
COMMAND: POST /session/f7171b6cbff09e3fe27f163b207c7e02/element/f.3E293DF0AA329CA2114D971FFEC9FE37.d.17A6CCFF67756BA471BC2EB9BD5BEE90.e.4706/click - {}
RESULT: {}
COMMAND: GET /session/f7171b6cbff09e3fe27f163b207c7e02/screenshot - {}
RESULT: {}
RESULT: undefined
COMMAND: POST /session/f7171b6cbff09e3fe27f163b207c7e02/element - {"using":"xpath","value":"//*[@id=\"__tile119\"]"}
RESULT: {"using":"xpath","value":"//*[@id=\"__tile119\"]"}
COMMAND: POST /session/f7171b6cbff09e3fe27f163b207c7e02/element/f.3E293DF0AA329CA2114D971FFEC9FE37.d.17A6CCFF67756BA471BC2EB9BD5BEE90.e.4706/click - {}
RESULT: undefined
COMMAND: POST /session/f7171b6cbff09e3fe27f163b207c7e02/element - {"using":"xpath","value":"//*[@id=\"__tile119\"]"}
RESULT: {"using":"xpath","value":"//*[@id=\"__tile119\"]"}
COMMAND: POST /session/f7171b6cbff09e3fe27f163b207c7e02/element/f.3E293DF0AA329CA2114D971FFEC9FE37.d.17A6CCFF67756BA471BC2EB9BD5BEE90.e.4706/click - {}
RESULT: undefined
COMMAND: POST /session/f7171b6cbff09e3fe27f163b207c7e02/execute/async - {"script":"<script> [6424 bytes]","args":[{"element-6066-11e4-a52e-4f735466cecf":"f.3E293DF0AA329CA2114D971FFEC9FE37.d.17A6CCFF67756BA471BC2EB9BD5BEE90.e.254"},"getTitle",[]]}
COMMAND: POST /session/f7171b6cbff09e3fe27f163b207c7e02/execute/async - {"script":"<script> [1562 bytes]","args":[{"selector":{"id":"shellAppTitle"},"wdio_ui5_key":"shellAppTitle"}]}
RESULT: {"script":"<script> [1562 bytes]","args":[{"selector":{"id":"shellAppTitle"},"wdio_ui5_key":"shellAppTitle"}]}
COMMAND: POST /session/f7171b6cbff09e3fe27f163b207c7e02/execute/async - {"script":"<script> [6424 bytes]","args":[{"element-6066-11e4-a52e-4f735466cecf":"f.3E293DF0AA329CA2114D971FFEC9FE37.d.17A6CCFF67756BA471BC2EB9BD5BEE90.e.4751"},"getTitle",[]]}
RESULT: {"script":"<script> [6424 bytes]","args":[{"element-6066-11e4-a52e-4f735466cecf":"f.3E293DF0AA329CA2114D971FFEC9FE37.d.17A6CCFF67756BA471BC2EB9BD5BEE90.e.4751"},"getTitle",[]]}
RESULT: undefined
COMMAND: POST /session/f7171b6cbff09e3fe27f163b207c7e02/element/f.3E293DF0AA329CA2114D971FFEC9FE37.d.17A6CCFF67756BA471BC2EB9BD5BEE90.e.4682/click - {}
COMMAND: POST /session/f7171b6cbff09e3fe27f163b207c7e02/element - {"using":"xpath","value":"//*[@id=\"backBtn\"]"}
RESULT: {"using":"xpath","value":"//*[@id=\"backBtn\"]"}
COMMAND: POST /session/f7171b6cbff09e3fe27f163b207c7e02/element/f.3E293DF0AA329CA2114D971FFEC9FE37.d.17A6CCFF67756BA471BC2EB9BD5BEE90.e.4682/click - {}
COMMAND: POST /session/f7171b6cbff09e3fe27f163b207c7e02/element - {"using":"xpath","value":"//*[@id=\"backBtn\"]"}
RESULT: {"using":"xpath","value":"//*[@id=\"backBtn\"]"}
COMMAND: POST /session/f7171b6cbff09e3fe27f163b207c7e02/element/f.3E293DF0AA329CA2114D971FFEC9FE37.d.17A6CCFF67756BA471BC2EB9BD5BEE90.e.4752/click - {}
RESULT: {}
COMMAND: GET /session/f7171b6cbff09e3fe27f163b207c7e02/screenshot - {}
RESULT: {}
]]></system-out>
    </testcase>
    <testcase classname="chrome.135_0_7049_96.windows.Sanity_Tests_US104253" name="Should open Authorization Tables page" time="41.17">
      <system-out><![CDATA[
COMMAND: POST /session/f7171b6cbff09e3fe27f163b207c7e02/execute/async - {"script":"<script> [1562 bytes]","args":[{"selector":{"controlType":"sap.m.GenericTile","properties":{"header":"Authorization Tables"}},"wdio_ui5_key":"sapm.GenericTile{\"header\":\"Authorization Tables\"}"}]}
RESULT: {"script":"<script> [1562 bytes]","args":[{"selector":{"controlType":"sap.m.GenericTile","properties":{"header":"Authorization Tables"}},"wdio_ui5_key":"sapm.GenericTile{\"header\":\"Authorization Tables\"}"}]}
RESULT: undefined
COMMAND: POST /session/f7171b6cbff09e3fe27f163b207c7e02/element - {"using":"xpath","value":"//*[@id=\"__tile118\"]"}
RESULT: {"using":"xpath","value":"//*[@id=\"__tile118\"]"}
COMMAND: POST /session/f7171b6cbff09e3fe27f163b207c7e02/element/f.3E293DF0AA329CA2114D971FFEC9FE37.d.17A6CCFF67756BA471BC2EB9BD5BEE90.e.4754/click - {}
RESULT: {}
COMMAND: GET /session/f7171b6cbff09e3fe27f163b207c7e02/screenshot - {}
RESULT: undefined
COMMAND: POST /session/f7171b6cbff09e3fe27f163b207c7e02/element - {"using":"xpath","value":"//*[@id=\"__tile118\"]"}
RESULT: {}
RESULT: {"using":"xpath","value":"//*[@id=\"__tile118\"]"}
COMMAND: POST /session/f7171b6cbff09e3fe27f163b207c7e02/element/f.3E293DF0AA329CA2114D971FFEC9FE37.d.17A6CCFF67756BA471BC2EB9BD5BEE90.e.4754/click - {}
RESULT: undefined
COMMAND: POST /session/f7171b6cbff09e3fe27f163b207c7e02/element - {"using":"xpath","value":"//*[@id=\"__tile118\"]"}
RESULT: {"using":"xpath","value":"//*[@id=\"__tile118\"]"}
COMMAND: POST /session/f7171b6cbff09e3fe27f163b207c7e02/element/f.3E293DF0AA329CA2114D971FFEC9FE37.d.17A6CCFF67756BA471BC2EB9BD5BEE90.e.4754/click - {}
RESULT: undefined
COMMAND: POST /session/f7171b6cbff09e3fe27f163b207c7e02/execute/async - {"script":"<script> [6424 bytes]","args":[{"element-6066-11e4-a52e-4f735466cecf":"f.3E293DF0AA329CA2114D971FFEC9FE37.d.17A6CCFF67756BA471BC2EB9BD5BEE90.e.254"},"getTitle",[]]}
COMMAND: POST /session/f7171b6cbff09e3fe27f163b207c7e02/execute/async - {"script":"<script> [1562 bytes]","args":[{"selector":{"id":"shellAppTitle"},"wdio_ui5_key":"shellAppTitle"}]}
RESULT: {"script":"<script> [1562 bytes]","args":[{"selector":{"id":"shellAppTitle"},"wdio_ui5_key":"shellAppTitle"}]}
COMMAND: POST /session/f7171b6cbff09e3fe27f163b207c7e02/execute/async - {"script":"<script> [6424 bytes]","args":[{"element-6066-11e4-a52e-4f735466cecf":"f.3E293DF0AA329CA2114D971FFEC9FE37.d.17A6CCFF67756BA471BC2EB9BD5BEE90.e.4837"},"getTitle",[]]}
RESULT: {"script":"<script> [6424 bytes]","args":[{"element-6066-11e4-a52e-4f735466cecf":"f.3E293DF0AA329CA2114D971FFEC9FE37.d.17A6CCFF67756BA471BC2EB9BD5BEE90.e.4837"},"getTitle",[]]}
RESULT: undefined
COMMAND: POST /session/f7171b6cbff09e3fe27f163b207c7e02/element/f.3E293DF0AA329CA2114D971FFEC9FE37.d.17A6CCFF67756BA471BC2EB9BD5BEE90.e.4752/click - {}
RESULT: {}
COMMAND: GET /session/f7171b6cbff09e3fe27f163b207c7e02/screenshot - {}
RESULT: {}
]]></system-out>
    </testcase>
    <testcase classname="chrome.135_0_7049_96.windows.Sanity_Tests_US104253" name="Should open User Maintenance page" time="35.174">
      <system-out><![CDATA[
COMMAND: POST /session/f7171b6cbff09e3fe27f163b207c7e02/execute/async - {"script":"<script> [1562 bytes]","args":[{"selector":{"controlType":"sap.m.GenericTile","properties":{"header":"User Maintenance"}},"wdio_ui5_key":"sapm.GenericTile{\"header\":\"User Maintenance\"}"}]}
RESULT: {"script":"<script> [1562 bytes]","args":[{"selector":{"controlType":"sap.m.GenericTile","properties":{"header":"User Maintenance"}},"wdio_ui5_key":"sapm.GenericTile{\"header\":\"User Maintenance\"}"}]}
RESULT: undefined
COMMAND: POST /session/f7171b6cbff09e3fe27f163b207c7e02/element - {"using":"xpath","value":"//*[@id=\"__tile121\"]"}
RESULT: {"using":"xpath","value":"//*[@id=\"__tile121\"]"}
COMMAND: POST /session/f7171b6cbff09e3fe27f163b207c7e02/element/f.3E293DF0AA329CA2114D971FFEC9FE37.d.17A6CCFF67756BA471BC2EB9BD5BEE90.e.4839/click - {}
RESULT: {}
COMMAND: GET /session/f7171b6cbff09e3fe27f163b207c7e02/screenshot - {}
RESULT: {}
RESULT: undefined
COMMAND: POST /session/f7171b6cbff09e3fe27f163b207c7e02/element - {"using":"xpath","value":"//*[@id=\"__tile121\"]"}
RESULT: {"using":"xpath","value":"//*[@id=\"__tile121\"]"}
COMMAND: POST /session/f7171b6cbff09e3fe27f163b207c7e02/element/f.3E293DF0AA329CA2114D971FFEC9FE37.d.17A6CCFF67756BA471BC2EB9BD5BEE90.e.4839/click - {}
RESULT: undefined
COMMAND: POST /session/f7171b6cbff09e3fe27f163b207c7e02/element - {"using":"xpath","value":"//*[@id=\"__tile121\"]"}
RESULT: {"using":"xpath","value":"//*[@id=\"__tile121\"]"}
COMMAND: POST /session/f7171b6cbff09e3fe27f163b207c7e02/element/f.3E293DF0AA329CA2114D971FFEC9FE37.d.17A6CCFF67756BA471BC2EB9BD5BEE90.e.4839/click - {}
RESULT: undefined
COMMAND: POST /session/f7171b6cbff09e3fe27f163b207c7e02/execute/async - {"script":"<script> [6424 bytes]","args":[{"element-6066-11e4-a52e-4f735466cecf":"f.3E293DF0AA329CA2114D971FFEC9FE37.d.17A6CCFF67756BA471BC2EB9BD5BEE90.e.254"},"getTitle",[]]}
COMMAND: POST /session/f7171b6cbff09e3fe27f163b207c7e02/execute/async - {"script":"<script> [1562 bytes]","args":[{"selector":{"id":"shellAppTitle"},"wdio_ui5_key":"shellAppTitle"}]}
RESULT: {"script":"<script> [1562 bytes]","args":[{"selector":{"id":"shellAppTitle"},"wdio_ui5_key":"shellAppTitle"}]}
COMMAND: POST /session/f7171b6cbff09e3fe27f163b207c7e02/execute/async - {"script":"<script> [6424 bytes]","args":[{"element-6066-11e4-a52e-4f735466cecf":"f.3E293DF0AA329CA2114D971FFEC9FE37.d.17A6CCFF67756BA471BC2EB9BD5BEE90.e.4932"},"getTitle",[]]}
RESULT: {"script":"<script> [6424 bytes]","args":[{"element-6066-11e4-a52e-4f735466cecf":"f.3E293DF0AA329CA2114D971FFEC9FE37.d.17A6CCFF67756BA471BC2EB9BD5BEE90.e.4932"},"getTitle",[]]}
RESULT: undefined
COMMAND: POST /session/f7171b6cbff09e3fe27f163b207c7e02/element/f.3E293DF0AA329CA2114D971FFEC9FE37.d.17A6CCFF67756BA471BC2EB9BD5BEE90.e.4752/click - {}
COMMAND: POST /session/f7171b6cbff09e3fe27f163b207c7e02/element - {"using":"xpath","value":"//*[@id=\"backBtn\"]"}
RESULT: {"using":"xpath","value":"//*[@id=\"backBtn\"]"}
COMMAND: POST /session/f7171b6cbff09e3fe27f163b207c7e02/element/f.3E293DF0AA329CA2114D971FFEC9FE37.d.17A6CCFF67756BA471BC2EB9BD5BEE90.e.4752/click - {}
COMMAND: POST /session/f7171b6cbff09e3fe27f163b207c7e02/element - {"using":"xpath","value":"//*[@id=\"backBtn\"]"}
RESULT: {"using":"xpath","value":"//*[@id=\"backBtn\"]"}
COMMAND: POST /session/f7171b6cbff09e3fe27f163b207c7e02/element/f.3E293DF0AA329CA2114D971FFEC9FE37.d.17A6CCFF67756BA471BC2EB9BD5BEE90.e.4933/click - {}
RESULT: {}
COMMAND: GET /session/f7171b6cbff09e3fe27f163b207c7e02/screenshot - {}
RESULT: {}
]]></system-out>
    </testcase>
    <testcase classname="chrome.135_0_7049_96.windows.Sanity_Tests_US104253" name="Should open Schedule Jobs page" time="26.675">
      <system-out><![CDATA[
COMMAND: POST /session/f7171b6cbff09e3fe27f163b207c7e02/execute/async - {"script":"<script> [1562 bytes]","args":[{"selector":{"controlType":"sap.m.GenericTile","properties":{"header":"Schedule Jobs"}},"wdio_ui5_key":"sapm.GenericTile{\"header\":\"Schedule Jobs\"}"}]}
RESULT: {"script":"<script> [1562 bytes]","args":[{"selector":{"controlType":"sap.m.GenericTile","properties":{"header":"Schedule Jobs"}},"wdio_ui5_key":"sapm.GenericTile{\"header\":\"Schedule Jobs\"}"}]}
RESULT: undefined
COMMAND: POST /session/f7171b6cbff09e3fe27f163b207c7e02/element - {"using":"xpath","value":"//*[@id=\"__tile127\"]"}
RESULT: {"using":"xpath","value":"//*[@id=\"__tile127\"]"}
COMMAND: POST /session/f7171b6cbff09e3fe27f163b207c7e02/element/f.3E293DF0AA329CA2114D971FFEC9FE37.d.17A6CCFF67756BA471BC2EB9BD5BEE90.e.4937/click - {}
RESULT: {}
COMMAND: GET /session/f7171b6cbff09e3fe27f163b207c7e02/screenshot - {}
RESULT: {}
RESULT: undefined
COMMAND: POST /session/f7171b6cbff09e3fe27f163b207c7e02/element - {"using":"xpath","value":"//*[@id=\"__tile127\"]"}
RESULT: {"using":"xpath","value":"//*[@id=\"__tile127\"]"}
COMMAND: POST /session/f7171b6cbff09e3fe27f163b207c7e02/element/f.3E293DF0AA329CA2114D971FFEC9FE37.d.17A6CCFF67756BA471BC2EB9BD5BEE90.e.4937/click - {}
RESULT: undefined
COMMAND: POST /session/f7171b6cbff09e3fe27f163b207c7e02/element - {"using":"xpath","value":"//*[@id=\"__tile127\"]"}
RESULT: {"using":"xpath","value":"//*[@id=\"__tile127\"]"}
COMMAND: POST /session/f7171b6cbff09e3fe27f163b207c7e02/element/f.3E293DF0AA329CA2114D971FFEC9FE37.d.17A6CCFF67756BA471BC2EB9BD5BEE90.e.4937/click - {}
RESULT: undefined
COMMAND: POST /session/f7171b6cbff09e3fe27f163b207c7e02/execute/async - {"script":"<script> [6424 bytes]","args":[{"element-6066-11e4-a52e-4f735466cecf":"f.3E293DF0AA329CA2114D971FFEC9FE37.d.17A6CCFF67756BA471BC2EB9BD5BEE90.e.254"},"getTitle",[]]}
COMMAND: POST /session/f7171b6cbff09e3fe27f163b207c7e02/execute/async - {"script":"<script> [1562 bytes]","args":[{"selector":{"id":"shellAppTitle"},"wdio_ui5_key":"shellAppTitle"}]}
RESULT: {"script":"<script> [1562 bytes]","args":[{"selector":{"id":"shellAppTitle"},"wdio_ui5_key":"shellAppTitle"}]}
COMMAND: POST /session/f7171b6cbff09e3fe27f163b207c7e02/execute/async - {"script":"<script> [6424 bytes]","args":[{"element-6066-11e4-a52e-4f735466cecf":"f.3E293DF0AA329CA2114D971FFEC9FE37.d.17A6CCFF67756BA471BC2EB9BD5BEE90.e.4981"},"getTitle",[]]}
RESULT: {"script":"<script> [6424 bytes]","args":[{"element-6066-11e4-a52e-4f735466cecf":"f.3E293DF0AA329CA2114D971FFEC9FE37.d.17A6CCFF67756BA471BC2EB9BD5BEE90.e.4981"},"getTitle",[]]}
RESULT: undefined
COMMAND: POST /session/f7171b6cbff09e3fe27f163b207c7e02/element/f.3E293DF0AA329CA2114D971FFEC9FE37.d.17A6CCFF67756BA471BC2EB9BD5BEE90.e.4933/click - {}
COMMAND: POST /session/f7171b6cbff09e3fe27f163b207c7e02/element/f.3E293DF0AA329CA2114D971FFEC9FE37.d.17A6CCFF67756BA471BC2EB9BD5BEE90.e.4933/click - {}
RESULT: {}
COMMAND: GET /session/f7171b6cbff09e3fe27f163b207c7e02/screenshot - {}
COMMAND: POST /session/f7171b6cbff09e3fe27f163b207c7e02/element - {"using":"xpath","value":"//*[@id=\"backBtn\"]"}
RESULT: {}
RESULT: {"using":"xpath","value":"//*[@id=\"backBtn\"]"}
COMMAND: POST /session/f7171b6cbff09e3fe27f163b207c7e02/elements - {"using":"xpath","value":"//*[@id=\"backBtn\"]"}
RESULT: {"using":"xpath","value":"//*[@id=\"backBtn\"]"}
COMMAND: POST /session/f7171b6cbff09e3fe27f163b207c7e02/elements - {"using":"xpath","value":"//*[@id=\"backBtn\"]"}
RESULT: {"using":"xpath","value":"//*[@id=\"backBtn\"]"}
COMMAND: POST /session/f7171b6cbff09e3fe27f163b207c7e02/elements - {"using":"xpath","value":"//*[@id=\"backBtn\"]"}
RESULT: {"using":"xpath","value":"//*[@id=\"backBtn\"]"}
COMMAND: POST /session/f7171b6cbff09e3fe27f163b207c7e02/elements - {"using":"xpath","value":"//*[@id=\"backBtn\"]"}
RESULT: {"using":"xpath","value":"//*[@id=\"backBtn\"]"}
COMMAND: POST /session/f7171b6cbff09e3fe27f163b207c7e02/elements - {"using":"xpath","value":"//*[@id=\"backBtn\"]"}
RESULT: {"using":"xpath","value":"//*[@id=\"backBtn\"]"}
COMMAND: POST /session/f7171b6cbff09e3fe27f163b207c7e02/elements - {"using":"xpath","value":"//*[@id=\"backBtn\"]"}
RESULT: {"using":"xpath","value":"//*[@id=\"backBtn\"]"}
COMMAND: POST /session/f7171b6cbff09e3fe27f163b207c7e02/elements - {"using":"xpath","value":"//*[@id=\"backBtn\"]"}
RESULT: {"using":"xpath","value":"//*[@id=\"backBtn\"]"}
COMMAND: POST /session/f7171b6cbff09e3fe27f163b207c7e02/elements - {"using":"xpath","value":"//*[@id=\"backBtn\"]"}
RESULT: {"using":"xpath","value":"//*[@id=\"backBtn\"]"}
COMMAND: POST /session/f7171b6cbff09e3fe27f163b207c7e02/elements - {"using":"xpath","value":"//*[@id=\"backBtn\"]"}
RESULT: {"using":"xpath","value":"//*[@id=\"backBtn\"]"}
COMMAND: POST /session/f7171b6cbff09e3fe27f163b207c7e02/elements - {"using":"xpath","value":"//*[@id=\"backBtn\"]"}
RESULT: {"using":"xpath","value":"//*[@id=\"backBtn\"]"}
COMMAND: POST /session/f7171b6cbff09e3fe27f163b207c7e02/elements - {"using":"xpath","value":"//*[@id=\"backBtn\"]"}
RESULT: {"using":"xpath","value":"//*[@id=\"backBtn\"]"}
COMMAND: POST /session/f7171b6cbff09e3fe27f163b207c7e02/elements - {"using":"xpath","value":"//*[@id=\"backBtn\"]"}
RESULT: {"using":"xpath","value":"//*[@id=\"backBtn\"]"}
COMMAND: POST /session/f7171b6cbff09e3fe27f163b207c7e02/elements - {"using":"xpath","value":"//*[@id=\"backBtn\"]"}
RESULT: {"using":"xpath","value":"//*[@id=\"backBtn\"]"}
COMMAND: POST /session/f7171b6cbff09e3fe27f163b207c7e02/elements - {"using":"xpath","value":"//*[@id=\"backBtn\"]"}
RESULT: {"using":"xpath","value":"//*[@id=\"backBtn\"]"}
COMMAND: POST /session/f7171b6cbff09e3fe27f163b207c7e02/elements - {"using":"xpath","value":"//*[@id=\"backBtn\"]"}
RESULT: {"using":"xpath","value":"//*[@id=\"backBtn\"]"}
COMMAND: POST /session/f7171b6cbff09e3fe27f163b207c7e02/elements - {"using":"xpath","value":"//*[@id=\"backBtn\"]"}
RESULT: {"using":"xpath","value":"//*[@id=\"backBtn\"]"}
COMMAND: POST /session/f7171b6cbff09e3fe27f163b207c7e02/elements - {"using":"xpath","value":"//*[@id=\"backBtn\"]"}
RESULT: {"using":"xpath","value":"//*[@id=\"backBtn\"]"}
COMMAND: POST /session/f7171b6cbff09e3fe27f163b207c7e02/elements - {"using":"xpath","value":"//*[@id=\"backBtn\"]"}
RESULT: {"using":"xpath","value":"//*[@id=\"backBtn\"]"}
COMMAND: POST /session/f7171b6cbff09e3fe27f163b207c7e02/elements - {"using":"xpath","value":"//*[@id=\"backBtn\"]"}
RESULT: {"using":"xpath","value":"//*[@id=\"backBtn\"]"}
]]></system-out>
    </testcase>
    <testcase classname="chrome.135_0_7049_96.windows.Sanity_Tests_US104253" name="Should open Jobs Setup page" time="25.911">
      <system-out><![CDATA[
COMMAND: POST /session/f7171b6cbff09e3fe27f163b207c7e02/execute/async - {"script":"<script> [1562 bytes]","args":[{"selector":{"controlType":"sap.m.GenericTile","properties":{"header":"Jobs Setup"}},"wdio_ui5_key":"sapm.GenericTile{\"header\":\"Jobs Setup\"}"}]}
COMMAND: POST /session/f7171b6cbff09e3fe27f163b207c7e02/elements - {"using":"xpath","value":"//*[@id=\"backBtn\"]"}
RESULT: {"script":"<script> [1562 bytes]","args":[{"selector":{"controlType":"sap.m.GenericTile","properties":{"header":"Jobs Setup"}},"wdio_ui5_key":"sapm.GenericTile{\"header\":\"Jobs Setup\"}"}]}
RESULT: undefined
COMMAND: POST /session/f7171b6cbff09e3fe27f163b207c7e02/element - {"using":"xpath","value":"//*[@id=\"__tile128\"]"}
RESULT: {"using":"xpath","value":"//*[@id=\"backBtn\"]"}
RESULT: {"using":"xpath","value":"//*[@id=\"__tile128\"]"}
COMMAND: POST /session/f7171b6cbff09e3fe27f163b207c7e02/element/f.3E293DF0AA329CA2114D971FFEC9FE37.d.17A6CCFF67756BA471BC2EB9BD5BEE90.e.4983/click - {}
COMMAND: POST /session/f7171b6cbff09e3fe27f163b207c7e02/elements - {"using":"xpath","value":"//*[@id=\"backBtn\"]"}
RESULT: {}
COMMAND: GET /session/f7171b6cbff09e3fe27f163b207c7e02/screenshot - {}
RESULT: {"using":"xpath","value":"//*[@id=\"backBtn\"]"}
COMMAND: POST /session/f7171b6cbff09e3fe27f163b207c7e02/elements - {"using":"xpath","value":"//*[@id=\"backBtn\"]"}
RESULT: {}
RESULT: {"using":"xpath","value":"//*[@id=\"backBtn\"]"}
COMMAND: POST /session/f7171b6cbff09e3fe27f163b207c7e02/element - {"using":"xpath","value":"//*[@id=\"backBtn\"]"}
RESULT: {"using":"xpath","value":"//*[@id=\"backBtn\"]"}
COMMAND: POST /session/f7171b6cbff09e3fe27f163b207c7e02/element/f.3E293DF0AA329CA2114D971FFEC9FE37.d.17A6CCFF67756BA471BC2EB9BD5BEE90.e.4933/click - {}
COMMAND: POST /session/f7171b6cbff09e3fe27f163b207c7e02/element - {"using":"xpath","value":"//*[@id=\"backBtn\"]"}
RESULT: {"using":"xpath","value":"//*[@id=\"backBtn\"]"}
COMMAND: POST /session/f7171b6cbff09e3fe27f163b207c7e02/element/f.3E293DF0AA329CA2114D971FFEC9FE37.d.17A6CCFF67756BA471BC2EB9BD5BEE90.e.5038/click - {}
RESULT: {}
COMMAND: GET /session/f7171b6cbff09e3fe27f163b207c7e02/screenshot - {}
RESULT: {}
RESULT: undefined
COMMAND: POST /session/f7171b6cbff09e3fe27f163b207c7e02/element - {"using":"xpath","value":"//*[@id=\"__tile128\"]"}
RESULT: {"using":"xpath","value":"//*[@id=\"__tile128\"]"}
COMMAND: POST /session/f7171b6cbff09e3fe27f163b207c7e02/element/f.3E293DF0AA329CA2114D971FFEC9FE37.d.17A6CCFF67756BA471BC2EB9BD5BEE90.e.4983/click - {}
RESULT: undefined
COMMAND: POST /session/f7171b6cbff09e3fe27f163b207c7e02/element - {"using":"xpath","value":"//*[@id=\"__tile128\"]"}
RESULT: {"using":"xpath","value":"//*[@id=\"__tile128\"]"}
COMMAND: POST /session/f7171b6cbff09e3fe27f163b207c7e02/element/f.3E293DF0AA329CA2114D971FFEC9FE37.d.17A6CCFF67756BA471BC2EB9BD5BEE90.e.4983/click - {}
RESULT: undefined
COMMAND: POST /session/f7171b6cbff09e3fe27f163b207c7e02/execute/async - {"script":"<script> [6424 bytes]","args":[{"element-6066-11e4-a52e-4f735466cecf":"f.3E293DF0AA329CA2114D971FFEC9FE37.d.17A6CCFF67756BA471BC2EB9BD5BEE90.e.254"},"getTitle",[]]}
COMMAND: POST /session/f7171b6cbff09e3fe27f163b207c7e02/execute/async - {"script":"<script> [1562 bytes]","args":[{"selector":{"id":"shellAppTitle"},"wdio_ui5_key":"shellAppTitle"}]}
RESULT: {"script":"<script> [1562 bytes]","args":[{"selector":{"id":"shellAppTitle"},"wdio_ui5_key":"shellAppTitle"}]}
COMMAND: POST /session/f7171b6cbff09e3fe27f163b207c7e02/execute/async - {"script":"<script> [6424 bytes]","args":[{"element-6066-11e4-a52e-4f735466cecf":"f.3E293DF0AA329CA2114D971FFEC9FE37.d.17A6CCFF67756BA471BC2EB9BD5BEE90.e.5177"},"getTitle",[]]}
RESULT: {"script":"<script> [6424 bytes]","args":[{"element-6066-11e4-a52e-4f735466cecf":"f.3E293DF0AA329CA2114D971FFEC9FE37.d.17A6CCFF67756BA471BC2EB9BD5BEE90.e.5177"},"getTitle",[]]}
RESULT: undefined
COMMAND: POST /session/f7171b6cbff09e3fe27f163b207c7e02/element/f.3E293DF0AA329CA2114D971FFEC9FE37.d.17A6CCFF67756BA471BC2EB9BD5BEE90.e.5038/click - {}
COMMAND: POST /session/f7171b6cbff09e3fe27f163b207c7e02/element/f.3E293DF0AA329CA2114D971FFEC9FE37.d.17A6CCFF67756BA471BC2EB9BD5BEE90.e.5038/click - {}
RESULT: {}
COMMAND: GET /session/f7171b6cbff09e3fe27f163b207c7e02/screenshot - {}
RESULT: {}
COMMAND: GET /session/f7171b6cbff09e3fe27f163b207c7e02/screenshot - {}
RESULT: {}
RESULT: {}
]]></system-out>
    </testcase>
    <testcase classname="chrome.135_0_7049_96.windows.Sanity_Tests_US104253" name="Should open Target Systems Configuration page" time="26.92">
      <system-out><![CDATA[
COMMAND: POST /session/f7171b6cbff09e3fe27f163b207c7e02/execute/async - {"script":"<script> [1562 bytes]","args":[{"selector":{"controlType":"sap.m.GenericTile","properties":{"header":"Target Systems Configuration"}},"wdio_ui5_key":"sapm.GenericTile{\"header\":\"Target Systems Configuration\"}"}]}
RESULT: {"script":"<script> [1562 bytes]","args":[{"selector":{"controlType":"sap.m.GenericTile","properties":{"header":"Target Systems Configuration"}},"wdio_ui5_key":"sapm.GenericTile{\"header\":\"Target Systems Configuration\"}"}]}
RESULT: undefined
COMMAND: POST /session/f7171b6cbff09e3fe27f163b207c7e02/element - {"using":"xpath","value":"//*[@id=\"__tile129\"]"}
RESULT: {"using":"xpath","value":"//*[@id=\"__tile129\"]"}
COMMAND: POST /session/f7171b6cbff09e3fe27f163b207c7e02/element/f.3E293DF0AA329CA2114D971FFEC9FE37.d.17A6CCFF67756BA471BC2EB9BD5BEE90.e.5179/click - {}
RESULT: {}
COMMAND: GET /session/f7171b6cbff09e3fe27f163b207c7e02/screenshot - {}
RESULT: {}
RESULT: undefined
COMMAND: POST /session/f7171b6cbff09e3fe27f163b207c7e02/element - {"using":"xpath","value":"//*[@id=\"__tile129\"]"}
RESULT: {"using":"xpath","value":"//*[@id=\"__tile129\"]"}
COMMAND: POST /session/f7171b6cbff09e3fe27f163b207c7e02/element/f.3E293DF0AA329CA2114D971FFEC9FE37.d.17A6CCFF67756BA471BC2EB9BD5BEE90.e.5179/click - {}
RESULT: undefined
COMMAND: POST /session/f7171b6cbff09e3fe27f163b207c7e02/element - {"using":"xpath","value":"//*[@id=\"__tile129\"]"}
RESULT: {"using":"xpath","value":"//*[@id=\"__tile129\"]"}
COMMAND: POST /session/f7171b6cbff09e3fe27f163b207c7e02/element/f.3E293DF0AA329CA2114D971FFEC9FE37.d.17A6CCFF67756BA471BC2EB9BD5BEE90.e.5179/click - {}
RESULT: undefined
COMMAND: POST /session/f7171b6cbff09e3fe27f163b207c7e02/execute/async - {"script":"<script> [6424 bytes]","args":[{"element-6066-11e4-a52e-4f735466cecf":"f.3E293DF0AA329CA2114D971FFEC9FE37.d.17A6CCFF67756BA471BC2EB9BD5BEE90.e.254"},"getTitle",[]]}
COMMAND: POST /session/f7171b6cbff09e3fe27f163b207c7e02/execute/async - {"script":"<script> [1562 bytes]","args":[{"selector":{"id":"shellAppTitle"},"wdio_ui5_key":"shellAppTitle"}]}
RESULT: {"script":"<script> [1562 bytes]","args":[{"selector":{"id":"shellAppTitle"},"wdio_ui5_key":"shellAppTitle"}]}
COMMAND: POST /session/f7171b6cbff09e3fe27f163b207c7e02/execute/async - {"script":"<script> [6424 bytes]","args":[{"element-6066-11e4-a52e-4f735466cecf":"f.3E293DF0AA329CA2114D971FFEC9FE37.d.17A6CCFF67756BA471BC2EB9BD5BEE90.e.5264"},"getTitle",[]]}
RESULT: {"script":"<script> [6424 bytes]","args":[{"element-6066-11e4-a52e-4f735466cecf":"f.3E293DF0AA329CA2114D971FFEC9FE37.d.17A6CCFF67756BA471BC2EB9BD5BEE90.e.5264"},"getTitle",[]]}
RESULT: undefined
COMMAND: POST /session/f7171b6cbff09e3fe27f163b207c7e02/element/f.3E293DF0AA329CA2114D971FFEC9FE37.d.17A6CCFF67756BA471BC2EB9BD5BEE90.e.5038/click - {}
COMMAND: POST /session/f7171b6cbff09e3fe27f163b207c7e02/element/f.3E293DF0AA329CA2114D971FFEC9FE37.d.17A6CCFF67756BA471BC2EB9BD5BEE90.e.5038/click - {}
RESULT: {}
COMMAND: GET /session/f7171b6cbff09e3fe27f163b207c7e02/screenshot - {}
COMMAND: POST /session/f7171b6cbff09e3fe27f163b207c7e02/element - {"using":"xpath","value":"//*[@id=\"backBtn\"]"}
RESULT: {}
RESULT: {"using":"xpath","value":"//*[@id=\"backBtn\"]"}
COMMAND: POST /session/f7171b6cbff09e3fe27f163b207c7e02/elements - {"using":"xpath","value":"//*[@id=\"backBtn\"]"}
RESULT: {"using":"xpath","value":"//*[@id=\"backBtn\"]"}
COMMAND: POST /session/f7171b6cbff09e3fe27f163b207c7e02/elements - {"using":"xpath","value":"//*[@id=\"backBtn\"]"}
RESULT: {"using":"xpath","value":"//*[@id=\"backBtn\"]"}
COMMAND: POST /session/f7171b6cbff09e3fe27f163b207c7e02/elements - {"using":"xpath","value":"//*[@id=\"backBtn\"]"}
RESULT: {"using":"xpath","value":"//*[@id=\"backBtn\"]"}
COMMAND: POST /session/f7171b6cbff09e3fe27f163b207c7e02/elements - {"using":"xpath","value":"//*[@id=\"backBtn\"]"}
RESULT: {"using":"xpath","value":"//*[@id=\"backBtn\"]"}
COMMAND: POST /session/f7171b6cbff09e3fe27f163b207c7e02/elements - {"using":"xpath","value":"//*[@id=\"backBtn\"]"}
RESULT: {"using":"xpath","value":"//*[@id=\"backBtn\"]"}
COMMAND: POST /session/f7171b6cbff09e3fe27f163b207c7e02/elements - {"using":"xpath","value":"//*[@id=\"backBtn\"]"}
RESULT: {"using":"xpath","value":"//*[@id=\"backBtn\"]"}
COMMAND: POST /session/f7171b6cbff09e3fe27f163b207c7e02/elements - {"using":"xpath","value":"//*[@id=\"backBtn\"]"}
RESULT: {"using":"xpath","value":"//*[@id=\"backBtn\"]"}
COMMAND: POST /session/f7171b6cbff09e3fe27f163b207c7e02/elements - {"using":"xpath","value":"//*[@id=\"backBtn\"]"}
RESULT: {"using":"xpath","value":"//*[@id=\"backBtn\"]"}
COMMAND: POST /session/f7171b6cbff09e3fe27f163b207c7e02/elements - {"using":"xpath","value":"//*[@id=\"backBtn\"]"}
RESULT: {"using":"xpath","value":"//*[@id=\"backBtn\"]"}
COMMAND: POST /session/f7171b6cbff09e3fe27f163b207c7e02/elements - {"using":"xpath","value":"//*[@id=\"backBtn\"]"}
RESULT: {"using":"xpath","value":"//*[@id=\"backBtn\"]"}
COMMAND: POST /session/f7171b6cbff09e3fe27f163b207c7e02/elements - {"using":"xpath","value":"//*[@id=\"backBtn\"]"}
RESULT: {"using":"xpath","value":"//*[@id=\"backBtn\"]"}
COMMAND: POST /session/f7171b6cbff09e3fe27f163b207c7e02/elements - {"using":"xpath","value":"//*[@id=\"backBtn\"]"}
RESULT: {"using":"xpath","value":"//*[@id=\"backBtn\"]"}
COMMAND: POST /session/f7171b6cbff09e3fe27f163b207c7e02/elements - {"using":"xpath","value":"//*[@id=\"backBtn\"]"}
RESULT: {"using":"xpath","value":"//*[@id=\"backBtn\"]"}
COMMAND: POST /session/f7171b6cbff09e3fe27f163b207c7e02/elements - {"using":"xpath","value":"//*[@id=\"backBtn\"]"}
RESULT: {"using":"xpath","value":"//*[@id=\"backBtn\"]"}
COMMAND: POST /session/f7171b6cbff09e3fe27f163b207c7e02/elements - {"using":"xpath","value":"//*[@id=\"backBtn\"]"}
RESULT: {"using":"xpath","value":"//*[@id=\"backBtn\"]"}
COMMAND: POST /session/f7171b6cbff09e3fe27f163b207c7e02/elements - {"using":"xpath","value":"//*[@id=\"backBtn\"]"}
RESULT: {"using":"xpath","value":"//*[@id=\"backBtn\"]"}
COMMAND: POST /session/f7171b6cbff09e3fe27f163b207c7e02/elements - {"using":"xpath","value":"//*[@id=\"backBtn\"]"}
RESULT: {"using":"xpath","value":"//*[@id=\"backBtn\"]"}
COMMAND: POST /session/f7171b6cbff09e3fe27f163b207c7e02/elements - {"using":"xpath","value":"//*[@id=\"backBtn\"]"}
RESULT: {"using":"xpath","value":"//*[@id=\"backBtn\"]"}
COMMAND: POST /session/f7171b6cbff09e3fe27f163b207c7e02/elements - {"using":"xpath","value":"//*[@id=\"backBtn\"]"}
RESULT: {"using":"xpath","value":"//*[@id=\"backBtn\"]"}
COMMAND: POST /session/f7171b6cbff09e3fe27f163b207c7e02/elements - {"using":"xpath","value":"//*[@id=\"backBtn\"]"}
RESULT: {"using":"xpath","value":"//*[@id=\"backBtn\"]"}
COMMAND: POST /session/f7171b6cbff09e3fe27f163b207c7e02/elements - {"using":"xpath","value":"//*[@id=\"backBtn\"]"}
RESULT: {"using":"xpath","value":"//*[@id=\"backBtn\"]"}
COMMAND: POST /session/f7171b6cbff09e3fe27f163b207c7e02/elements - {"using":"xpath","value":"//*[@id=\"backBtn\"]"}
RESULT: {"using":"xpath","value":"//*[@id=\"backBtn\"]"}
COMMAND: POST /session/f7171b6cbff09e3fe27f163b207c7e02/elements - {"using":"xpath","value":"//*[@id=\"backBtn\"]"}
RESULT: {"using":"xpath","value":"//*[@id=\"backBtn\"]"}
COMMAND: POST /session/f7171b6cbff09e3fe27f163b207c7e02/elements - {"using":"xpath","value":"//*[@id=\"backBtn\"]"}
RESULT: {"using":"xpath","value":"//*[@id=\"backBtn\"]"}
COMMAND: POST /session/f7171b6cbff09e3fe27f163b207c7e02/elements - {"using":"xpath","value":"//*[@id=\"backBtn\"]"}
RESULT: {"using":"xpath","value":"//*[@id=\"backBtn\"]"}
COMMAND: POST /session/f7171b6cbff09e3fe27f163b207c7e02/elements - {"using":"xpath","value":"//*[@id=\"backBtn\"]"}
RESULT: {"using":"xpath","value":"//*[@id=\"backBtn\"]"}
COMMAND: POST /session/f7171b6cbff09e3fe27f163b207c7e02/elements - {"using":"xpath","value":"//*[@id=\"backBtn\"]"}
RESULT: {"using":"xpath","value":"//*[@id=\"backBtn\"]"}
COMMAND: POST /session/f7171b6cbff09e3fe27f163b207c7e02/elements - {"using":"xpath","value":"//*[@id=\"backBtn\"]"}
RESULT: {"using":"xpath","value":"//*[@id=\"backBtn\"]"}
COMMAND: POST /session/f7171b6cbff09e3fe27f163b207c7e02/elements - {"using":"xpath","value":"//*[@id=\"backBtn\"]"}
RESULT: {"using":"xpath","value":"//*[@id=\"backBtn\"]"}
COMMAND: POST /session/f7171b6cbff09e3fe27f163b207c7e02/elements - {"using":"xpath","value":"//*[@id=\"backBtn\"]"}
RESULT: {"using":"xpath","value":"//*[@id=\"backBtn\"]"}
COMMAND: POST /session/f7171b6cbff09e3fe27f163b207c7e02/elements - {"using":"xpath","value":"//*[@id=\"backBtn\"]"}
RESULT: {"using":"xpath","value":"//*[@id=\"backBtn\"]"}
COMMAND: POST /session/f7171b6cbff09e3fe27f163b207c7e02/elements - {"using":"xpath","value":"//*[@id=\"backBtn\"]"}
RESULT: {"using":"xpath","value":"//*[@id=\"backBtn\"]"}
COMMAND: POST /session/f7171b6cbff09e3fe27f163b207c7e02/elements - {"using":"xpath","value":"//*[@id=\"backBtn\"]"}
RESULT: {"using":"xpath","value":"//*[@id=\"backBtn\"]"}
COMMAND: POST /session/f7171b6cbff09e3fe27f163b207c7e02/elements - {"using":"xpath","value":"//*[@id=\"backBtn\"]"}
RESULT: {"using":"xpath","value":"//*[@id=\"backBtn\"]"}
COMMAND: POST /session/f7171b6cbff09e3fe27f163b207c7e02/elements - {"using":"xpath","value":"//*[@id=\"backBtn\"]"}
RESULT: {"using":"xpath","value":"//*[@id=\"backBtn\"]"}
COMMAND: POST /session/f7171b6cbff09e3fe27f163b207c7e02/elements - {"using":"xpath","value":"//*[@id=\"backBtn\"]"}
RESULT: {"using":"xpath","value":"//*[@id=\"backBtn\"]"}
COMMAND: POST /session/f7171b6cbff09e3fe27f163b207c7e02/elements - {"using":"xpath","value":"//*[@id=\"backBtn\"]"}
RESULT: {"using":"xpath","value":"//*[@id=\"backBtn\"]"}
COMMAND: POST /session/f7171b6cbff09e3fe27f163b207c7e02/elements - {"using":"xpath","value":"//*[@id=\"backBtn\"]"}
RESULT: {"using":"xpath","value":"//*[@id=\"backBtn\"]"}
COMMAND: POST /session/f7171b6cbff09e3fe27f163b207c7e02/elements - {"using":"xpath","value":"//*[@id=\"backBtn\"]"}
RESULT: {"using":"xpath","value":"//*[@id=\"backBtn\"]"}
COMMAND: DELETE /session/f7171b6cbff09e3fe27f163b207c7e02 - {}
COMMAND: POST /session/f7171b6cbff09e3fe27f163b207c7e02/elements - {"using":"xpath","value":"//*[@id=\"backBtn\"]"}
RESULT: {}
]]></system-out>
    </testcase>
  </testsuite>
</testsuites>