<?xml version="1.0" encoding="UTF-8"?>
<testsuites tests="14" failures="0" errors="0" skipped="0">
  <testsuite timestamp="2025-04-23T06:38:08" time="1046.494" tests="6" failures="0" errors="0" skipped="0">
    <properties>
      <property name="specId" value="0"/>
      <property name="suiteName" value="Standard contract - add contract items by Insert Request US118222"/>
      <property name="capabilities" value="chrome.135_0_7049_42.windows"/>
      <property name="file" value="file:///D:/a/1/s/test/specs/R2C/standard-contract-add-contract-items-by-insert-request.spec.js"/>
    </properties>
    <testcase classname="chrome.135_0_7049_42.windows.Standard_contract_-_add_contract_items_by_Insert_Request_US118222" name="Should create prerequisites yard partner site material and equipment" time="299.936">
      <system-out><![CDATA[
COMMAND: POST /session/37ca3b759bac6faaed564aba4deb3c32/execute/async - {"script":"<script> [1562 bytes]","args":[{"selector":{"controlType":"sap.m.GenericTile","properties":{"header":"Manage Yards"}},"wdio_ui5_key":"sapm.GenericTile{\"header\":\"Manage Yards\"}"}]}
RESULT: {"script":"<script> [1562 bytes]","args":[{"selector":{"controlType":"sap.m.GenericTile","properties":{"header":"Manage Yards"}},"wdio_ui5_key":"sapm.GenericTile{\"header\":\"Manage Yards\"}"}]}
RESULT: undefined
COMMAND: POST /session/37ca3b759bac6faaed564aba4deb3c32/element - {"using":"xpath","value":"//*[@id=\"__tile41\"]"}
RESULT: {"using":"xpath","value":"//*[@id=\"__tile41\"]"}
COMMAND: POST /session/37ca3b759bac6faaed564aba4deb3c32/element/f.8D9121E00EF4972596309C37326D000A.d.58B93D8EC8403DDCF20CB2DA31406E90.e.119/click - {}
RESULT: {}
COMMAND: GET /session/37ca3b759bac6faaed564aba4deb3c32/screenshot - {}
RESULT: {}
COMMAND: POST /session/37ca3b759bac6faaed564aba4deb3c32/execute/async - {"script":"<script> [1562 bytes]","args":[{"selector":{"controlType":"sap.ui.core.Icon","viewName":"etm.portal.ui.manageyards.view.Master","viewId":"application-manageyards-display-component---masterYard","properties":{"src":{"regex":{"source":"add"}}}},"wdio_ui5_key":"etmportal.ui.manageyards.view.Mastersap.ui.core.Icon{\"src\":{\"regex\":{\"source\":\"add\"}}}"}]}
RESULT: {"script":"<script> [1562 bytes]","args":[{"selector":{"controlType":"sap.ui.core.Icon","viewName":"etm.portal.ui.manageyards.view.Master","viewId":"application-manageyards-display-component---masterYard","properties":{"src":{"regex":{"source":"add"}}}},"wdio_ui5_key":"etmportal.ui.manageyards.view.Mastersap.ui.core.Icon{\"src\":{\"regex\":{\"source\":\"add\"}}}"}]}
RESULT: undefined
COMMAND: POST /session/37ca3b759bac6faaed564aba4deb3c32/element - {"using":"xpath","value":"//*[@id=\"__button4-img\"]"}
RESULT: {"using":"xpath","value":"//*[@id=\"__button4-img\"]"}
COMMAND: POST /session/37ca3b759bac6faaed564aba4deb3c32/element/f.8D9121E00EF4972596309C37326D000A.d.58B93D8EC8403DDCF20CB2DA31406E90.e.166/click - {}
RESULT: {}
COMMAND: GET /session/37ca3b759bac6faaed564aba4deb3c32/screenshot - {}
RESULT: {}
COMMAND: POST /session/37ca3b759bac6faaed564aba4deb3c32/execute/async - {"script":"<script> [1562 bytes]","args":[{"selector":{"id":"application-manageyards-display-component---NewYard--yardId","interaction":{"idSuffix":"inner"}},"wdio_ui5_key":"applicationmanageyards-display-component---NewYard--yardId"}]}
RESULT: {"script":"<script> [1562 bytes]","args":[{"selector":{"id":"application-manageyards-display-component---NewYard--yardId","interaction":{"idSuffix":"inner"}},"wdio_ui5_key":"applicationmanageyards-display-component---NewYard--yardId"}]}
RESULT: undefined
COMMAND: POST /session/37ca3b759bac6faaed564aba4deb3c32/element - {"using":"xpath","value":"//*[@id=\"application-manageyards-display-component---NewYard--addressDetailDetailsName1-inner\"]"}
RESULT: {"using":"xpath","value":"//*[@id=\"application-manageyards-display-component---NewYard--addressDetailDetailsName1-inner\"]"}
COMMAND: POST /session/37ca3b759bac6faaed564aba4deb3c32/element/f.8D9121E00EF4972596309C37326D000A.d.58B93D8EC8403DDCF20CB2DA31406E90.e.380/clear - {}
RESULT: {}
COMMAND: POST /session/37ca3b759bac6faaed564aba4deb3c32/element/f.8D9121E00EF4972596309C37326D000A.d.58B93D8EC8403DDCF20CB2DA31406E90.e.380/value - {"text":"WebdriverYardg5c4aj"}
COMMAND: GET /session/37ca3b759bac6faaed564aba4deb3c32/screenshot - {}
RESULT: {"text":"WebdriverYardg5c4aj"}
COMMAND: POST /session/37ca3b759bac6faaed564aba4deb3c32/element - {"using":"xpath","value":"//*[@id=\"application-manageyards-display-component---NewYard--addressDetailDetailsLanguage-inner\"]"}
COMMAND: GET /session/37ca3b759bac6faaed564aba4deb3c32/screenshot - {}
RESULT: {}
RESULT: {"using":"xpath","value":"//*[@id=\"application-manageyards-display-component---NewYard--addressDetailDetailsLanguage-inner\"]"}
COMMAND: POST /session/37ca3b759bac6faaed564aba4deb3c32/element/f.8D9121E00EF4972596309C37326D000A.d.58B93D8EC8403DDCF20CB2DA31406E90.e.381/clear - {}
RESULT: {}
RESULT: {}
COMMAND: POST /session/37ca3b759bac6faaed564aba4deb3c32/element/f.8D9121E00EF4972596309C37326D000A.d.58B93D8EC8403DDCF20CB2DA31406E90.e.381/value - {"text":"Romanian"}
COMMAND: GET /session/37ca3b759bac6faaed564aba4deb3c32/screenshot - {}
RESULT: {"text":"Romanian"}
COMMAND: POST /session/37ca3b759bac6faaed564aba4deb3c32/element - {"using":"xpath","value":"//input[contains(@id ,\"application-manageyards-display-component---NewYard--addressDetailDetailsName1-inner\")]"}
COMMAND: GET /session/37ca3b759bac6faaed564aba4deb3c32/screenshot - {}
RESULT: {}
RESULT: {"using":"xpath","value":"//input[contains(@id ,\"application-manageyards-display-component---NewYard--addressDetailDetailsName1-inner\")]"}
COMMAND: GET /session/37ca3b759bac6faaed564aba4deb3c32/element/f.8D9121E00EF4972596309C37326D000A.d.58B93D8EC8403DDCF20CB2DA31406E90.e.380/property/value - {}
RESULT: {}
RESULT: {}
COMMAND: GET /session/37ca3b759bac6faaed564aba4deb3c32/screenshot - {}
RESULT: {}
COMMAND: POST /session/37ca3b759bac6faaed564aba4deb3c32/element - {"using":"xpath","value":"//*[@id=\"application-manageyards-display-component---NewYard--addressDetailDetailsCity1-inner\"]"}
RESULT: {"using":"xpath","value":"//*[@id=\"application-manageyards-display-component---NewYard--addressDetailDetailsCity1-inner\"]"}
COMMAND: POST /session/37ca3b759bac6faaed564aba4deb3c32/element/f.8D9121E00EF4972596309C37326D000A.d.58B93D8EC8403DDCF20CB2DA31406E90.e.383/clear - {}
RESULT: {}
COMMAND: POST /session/37ca3b759bac6faaed564aba4deb3c32/element/f.8D9121E00EF4972596309C37326D000A.d.58B93D8EC8403DDCF20CB2DA31406E90.e.383/value - {"text":"Bucuresti"}
COMMAND: GET /session/37ca3b759bac6faaed564aba4deb3c32/screenshot - {}
RESULT: {"text":"Bucuresti"}
COMMAND: GET /session/37ca3b759bac6faaed564aba4deb3c32/screenshot - {}
RESULT: {}
RESULT: {}
COMMAND: POST /session/37ca3b759bac6faaed564aba4deb3c32/element - {"using":"xpath","value":"//*[@id=\"application-manageyards-display-component---NewYard--addressDetailDetailsCountry-inner\"]"}
RESULT: {"using":"xpath","value":"//*[@id=\"application-manageyards-display-component---NewYard--addressDetailDetailsCountry-inner\"]"}
COMMAND: POST /session/37ca3b759bac6faaed564aba4deb3c32/element/f.8D9121E00EF4972596309C37326D000A.d.58B93D8EC8403DDCF20CB2DA31406E90.e.387/clear - {}
RESULT: {}
COMMAND: POST /session/37ca3b759bac6faaed564aba4deb3c32/element/f.8D9121E00EF4972596309C37326D000A.d.58B93D8EC8403DDCF20CB2DA31406E90.e.387/value - {"text":"Romania"}
COMMAND: GET /session/37ca3b759bac6faaed564aba4deb3c32/screenshot - {}
RESULT: {"text":"Romania"}
COMMAND: GET /session/37ca3b759bac6faaed564aba4deb3c32/screenshot - {}
RESULT: {}
RESULT: {}
COMMAND: POST /session/37ca3b759bac6faaed564aba4deb3c32/element - {"using":"xpath","value":"//div[contains(text(), \"Commercial\")]"}
RESULT: {"using":"xpath","value":"//div[contains(text(), \"Commercial\")]"}
COMMAND: GET /session/37ca3b759bac6faaed564aba4deb3c32/element/f.8D9121E00EF4972596309C37326D000A.d.58B93D8EC8403DDCF20CB2DA31406E90.e.575/rect - {}
RESULT: {}
COMMAND: GET /session/37ca3b759bac6faaed564aba4deb3c32/window/rect - {}
RESULT: {}
COMMAND: POST /session/37ca3b759bac6faaed564aba4deb3c32/execute/sync - {"script":"<script> [92 bytes]","args":[]}
RESULT: {"script":"<script> [92 bytes]","args":[]}
COMMAND: POST /session/37ca3b759bac6faaed564aba4deb3c32/actions - {"actions":[{"id":"action1","type":"wheel","parameters":{},"actions":[{"type":"scroll","x":-1841,"y":-44,"deltaX":0,"deltaY":0,"duration":0,"origin":{"element-6066-11e4-a52e-4f735466cecf":"f.8D9121E00EF4972596309C37326D000A.d.58B93D8EC8403DDCF20CB2DA31406E90.e.575"}}]}]}
COMMAND: GET /session/37ca3b759bac6faaed564aba4deb3c32/screenshot - {}
RESULT: {}
COMMAND: POST /session/37ca3b759bac6faaed564aba4deb3c32/execute/sync - {"script":"<script> [79 bytes]","args":[{"element-6066-11e4-a52e-4f735466cecf":"f.8D9121E00EF4972596309C37326D000A.d.58B93D8EC8403DDCF20CB2DA31406E90.e.575","ELEMENT":"f.8D9121E00EF4972596309C37326D000A.d.58B93D8EC8403DDCF20CB2DA31406E90.e.575"},{"block":"start","inline":"nearest"}]}
RESULT: {"script":"<script> [79 bytes]","args":[{"element-6066-11e4-a52e-4f735466cecf":"f.8D9121E00EF4972596309C37326D000A.d.58B93D8EC8403DDCF20CB2DA31406E90.e.575","ELEMENT":"f.8D9121E00EF4972596309C37326D000A.d.58B93D8EC8403DDCF20CB2DA31406E90.e.575"},{"block":"start","inline":"nearest"}]}
COMMAND: GET /session/37ca3b759bac6faaed564aba4deb3c32/screenshot - {}
RESULT: {}
COMMAND: POST /session/37ca3b759bac6faaed564aba4deb3c32/execute/async - {"script":"<script> [1562 bytes]","args":[{"selector":{"id":"application-manageyards-display-component---NewYard--addressEditDetailsCostObjectCstType-arrow"},"wdio_ui5_key":"applicationmanageyards-display-component---NewYard--addressEditDetailsCostObjectCstType-arrow"}]}
RESULT: {"script":"<script> [1562 bytes]","args":[{"selector":{"id":"application-manageyards-display-component---NewYard--addressEditDetailsCostObjectCstType-arrow"},"wdio_ui5_key":"applicationmanageyards-display-component---NewYard--addressEditDetailsCostObjectCstType-arrow"}]}
RESULT: undefined
COMMAND: POST /session/37ca3b759bac6faaed564aba4deb3c32/element - {"using":"xpath","value":"//*[@id=\"application-manageyards-display-component---NewYard--addressEditDetailsCostObjectCstType-arrow\"]"}
RESULT: {"using":"xpath","value":"//*[@id=\"application-manageyards-display-component---NewYard--addressEditDetailsCostObjectCstType-arrow\"]"}
COMMAND: POST /session/37ca3b759bac6faaed564aba4deb3c32/element/f.8D9121E00EF4972596309C37326D000A.d.58B93D8EC8403DDCF20CB2DA31406E90.e.583/click - {}
RESULT: {}
COMMAND: POST /session/37ca3b759bac6faaed564aba4deb3c32/element - {"using":"xpath","value":"//span[contains(text(), \"Cost Center\")]"}
COMMAND: GET /session/37ca3b759bac6faaed564aba4deb3c32/screenshot - {}
RESULT: {"using":"xpath","value":"//span[contains(text(), \"Cost Center\")]"}
COMMAND: POST /session/37ca3b759bac6faaed564aba4deb3c32/element/f.8D9121E00EF4972596309C37326D000A.d.58B93D8EC8403DDCF20CB2DA31406E90.e.584/click - {}
RESULT: {}
RESULT: {}
COMMAND: GET /session/37ca3b759bac6faaed564aba4deb3c32/screenshot - {}
RESULT: {}
COMMAND: POST /session/37ca3b759bac6faaed564aba4deb3c32/execute/async - {"script":"<script> [1562 bytes]","args":[{"selector":{"id":"application-manageyards-display-component---NewYard--addressNewCostObjectCstID-vhi"},"wdio_ui5_key":"applicationmanageyards-display-component---NewYard--addressNewCostObjectCstID-vhi"}]}
RESULT: {"script":"<script> [1562 bytes]","args":[{"selector":{"id":"application-manageyards-display-component---NewYard--addressNewCostObjectCstID-vhi"},"wdio_ui5_key":"applicationmanageyards-display-component---NewYard--addressNewCostObjectCstID-vhi"}]}
RESULT: undefined
COMMAND: POST /session/37ca3b759bac6faaed564aba4deb3c32/element - {"using":"xpath","value":"//*[@id=\"application-manageyards-display-component---NewYard--addressNewCostObjectCstID-vhi\"]"}
RESULT: {"using":"xpath","value":"//*[@id=\"application-manageyards-display-component---NewYard--addressNewCostObjectCstID-vhi\"]"}
COMMAND: POST /session/37ca3b759bac6faaed564aba4deb3c32/element/f.8D9121E00EF4972596309C37326D000A.d.58B93D8EC8403DDCF20CB2DA31406E90.e.598/click - {}
RESULT: {}
COMMAND: GET /session/37ca3b759bac6faaed564aba4deb3c32/screenshot - {}
RESULT: {}
COMMAND: POST /session/37ca3b759bac6faaed564aba4deb3c32/execute/async - {"script":"<script> [1562 bytes]","args":[{"selector":{"controlType":"sap.m.SearchField","properties":{"placeholder":"Search"},"searchOpenDialogs":true,"interaction":{"idSuffix":"I"}},"wdio_ui5_key":"sapm.SearchField{\"placeholder\":\"Search\"}"}]}
RESULT: {"script":"<script> [1562 bytes]","args":[{"selector":{"controlType":"sap.m.SearchField","properties":{"placeholder":"Search"},"searchOpenDialogs":true,"interaction":{"idSuffix":"I"}},"wdio_ui5_key":"sapm.SearchField{\"placeholder\":\"Search\"}"}]}
RESULT: undefined
COMMAND: POST /session/37ca3b759bac6faaed564aba4deb3c32/execute/async - {"script":"<script> [776 bytes]","args":[{"enterText":"10001013","selector":{"controlType":"sap.m.SearchField","properties":{"placeholder":"Search"},"searchOpenDialogs":true,"interaction":{"idSuffix":"I"}},"clearTextFirst":true,"interactionType":"ENTER_TEXT"}]}
RESULT: {"script":"<script> [776 bytes]","args":[{"enterText":"10001013","selector":{"controlType":"sap.m.SearchField","properties":{"placeholder":"Search"},"searchOpenDialogs":true,"interaction":{"idSuffix":"I"}},"clearTextFirst":true,"interactionType":"ENTER_TEXT"}]}
COMMAND: POST /session/37ca3b759bac6faaed564aba4deb3c32/actions - {"actions":[{"id":"action2","type":"key","parameters":{},"actions":[{"type":"keyDown","value":""},{"type":"pause","duration":10},{"type":"keyUp","value":""}]}]}
RESULT: {"actions":[{"id":"action2","type":"key","parameters":{},"actions":[{"type":"keyDown","value":""},{"type":"pause","duration":10},{"type":"keyUp","value":""}]}]}
COMMAND: GET /session/37ca3b759bac6faaed564aba4deb3c32/screenshot - {}
RESULT: {}
COMMAND: POST /session/37ca3b759bac6faaed564aba4deb3c32/element - {"using":"xpath","value":"//span[contains(text(), \"General Management\")]"}
RESULT: {"using":"xpath","value":"//span[contains(text(), \"General Management\")]"}
COMMAND: POST /session/37ca3b759bac6faaed564aba4deb3c32/element/f.8D9121E00EF4972596309C37326D000A.d.58B93D8EC8403DDCF20CB2DA31406E90.e.639/click - {}
RESULT: {}
COMMAND: GET /session/37ca3b759bac6faaed564aba4deb3c32/screenshot - {}
RESULT: {}
COMMAND: POST /session/37ca3b759bac6faaed564aba4deb3c32/element - {"using":"xpath","value":"//bdi[contains(text(), \"OK\")]"}
RESULT: {"using":"xpath","value":"//bdi[contains(text(), \"OK\")]"}
COMMAND: POST /session/37ca3b759bac6faaed564aba4deb3c32/element/f.8D9121E00EF4972596309C37326D000A.d.58B93D8EC8403DDCF20CB2DA31406E90.e.640/click - {}
RESULT: {}
COMMAND: GET /session/37ca3b759bac6faaed564aba4deb3c32/screenshot - {}
RESULT: {}
COMMAND: POST /session/37ca3b759bac6faaed564aba4deb3c32/execute/async - {"script":"<script> [1562 bytes]","args":[{"selector":{"controlType":"sap.m.Button","viewName":"etm.portal.ui.manageyards.view.New","viewId":"application-manageyards-display-component---NewYard","i18NText":{"propertyName":"text","key":"save"},"interaction":{"idSuffix":"inner"}},"wdio_ui5_key":"etmportal.ui.manageyards.view.Newsap.m.Button{\"propertyName\":\"text\",\"key\":\"save\"}"}]}
RESULT: {"script":"<script> [1562 bytes]","args":[{"selector":{"controlType":"sap.m.Button","viewName":"etm.portal.ui.manageyards.view.New","viewId":"application-manageyards-display-component---NewYard","i18NText":{"propertyName":"text","key":"save"},"interaction":{"idSuffix":"inner"}},"wdio_ui5_key":"etmportal.ui.manageyards.view.Newsap.m.Button{\"propertyName\":\"text\",\"key\":\"save\"}"}]}
RESULT: undefined
COMMAND: POST /session/37ca3b759bac6faaed564aba4deb3c32/element - {"using":"xpath","value":"//*[@id=\"__button18\"]"}
RESULT: {"using":"xpath","value":"//*[@id=\"__button18\"]"}
COMMAND: POST /session/37ca3b759bac6faaed564aba4deb3c32/element/f.8D9121E00EF4972596309C37326D000A.d.58B93D8EC8403DDCF20CB2DA31406E90.e.555/click - {}
RESULT: {}
COMMAND: GET /session/37ca3b759bac6faaed564aba4deb3c32/screenshot - {}
RESULT: {}
COMMAND: POST /session/37ca3b759bac6faaed564aba4deb3c32/element - {"using":"xpath","value":"//header/div/div[2]/div[2]/span"}
RESULT: {"using":"xpath","value":"//header/div/div[2]/div[2]/span"}
COMMAND: GET /session/37ca3b759bac6faaed564aba4deb3c32/element/f.8D9121E00EF4972596309C37326D000A.d.58B93D8EC8403DDCF20CB2DA31406E90.e.840/text - {}
RESULT: {}
COMMAND: POST /session/37ca3b759bac6faaed564aba4deb3c32/execute/async - {"script":"<script> [1562 bytes]","args":[{"selector":{"controlType":"sap.m.OverflowToolbarButton","viewName":"etm.portal.ui.manageyards.view.Detail","viewId":"application-manageyards-display-component---detailYard","i18NText":{"propertyName":"tooltip","key":"closeColumn"},"interaction":{"idSuffix":"inner"}},"wdio_ui5_key":"etmportal.ui.manageyards.view.Detailsap.m.OverflowToolbarButton{\"propertyName\":\"tooltip\",\"key\":\"closeColumn\"}"}]}
RESULT: {"script":"<script> [1562 bytes]","args":[{"selector":{"controlType":"sap.m.OverflowToolbarButton","viewName":"etm.portal.ui.manageyards.view.Detail","viewId":"application-manageyards-display-component---detailYard","i18NText":{"propertyName":"tooltip","key":"closeColumn"},"interaction":{"idSuffix":"inner"}},"wdio_ui5_key":"etmportal.ui.manageyards.view.Detailsap.m.OverflowToolbarButton{\"propertyName\":\"tooltip\",\"key\":\"closeColumn\"}"}]}
RESULT: undefined
COMMAND: POST /session/37ca3b759bac6faaed564aba4deb3c32/element - {"using":"xpath","value":"//*[@id=\"__button42\"]"}
RESULT: {"using":"xpath","value":"//*[@id=\"__button42\"]"}
COMMAND: POST /session/37ca3b759bac6faaed564aba4deb3c32/element/f.8D9121E00EF4972596309C37326D000A.d.58B93D8EC8403DDCF20CB2DA31406E90.e.842/click - {}
RESULT: {}
COMMAND: GET /session/37ca3b759bac6faaed564aba4deb3c32/screenshot - {}
RESULT: {}
COMMAND: POST /session/37ca3b759bac6faaed564aba4deb3c32/element - {"using":"css selector","value":"#shell-header-logo"}
RESULT: {"using":"css selector","value":"#shell-header-logo"}
COMMAND: POST /session/37ca3b759bac6faaed564aba4deb3c32/element/f.8D9121E00EF4972596309C37326D000A.d.58B93D8EC8403DDCF20CB2DA31406E90.e.121/click - {}
RESULT: {}
COMMAND: GET /session/37ca3b759bac6faaed564aba4deb3c32/screenshot - {}
RESULT: {}
COMMAND: POST /session/37ca3b759bac6faaed564aba4deb3c32/refresh - {}
RESULT: {}
COMMAND: GET /session/37ca3b759bac6faaed564aba4deb3c32/screenshot - {}
RESULT: {}
COMMAND: POST /session/37ca3b759bac6faaed564aba4deb3c32/execute/async - {"script":"<script> [189 bytes]","args":[]}
RESULT: {"script":"<script> [189 bytes]","args":[]}
COMMAND: POST /session/37ca3b759bac6faaed564aba4deb3c32/execute/async - {"script":"<script> [123 bytes]","args":[]}
RESULT: {"script":"<script> [123 bytes]","args":[]}
COMMAND: POST /session/37ca3b759bac6faaed564aba4deb3c32/timeouts - {"script":"<number>"}
RESULT: {"script":"<number>"}
COMMAND: GET /session/37ca3b759bac6faaed564aba4deb3c32/timeouts - {}
RESULT: {}
RESULT: undefined
COMMAND: POST /session/37ca3b759bac6faaed564aba4deb3c32/execute/async - {"script":"<script> [2676 bytes]","args":[]}
RESULT: {"script":"<script> [2676 bytes]","args":[]}
COMMAND: POST /session/37ca3b759bac6faaed564aba4deb3c32/execute/async - {"script":"<script> [2342 bytes]","args":[{"protocol":"http","hostname":"0.0.0.0","path":"/","capabilities":{"browserName":"chrome","goog:chromeOptions":{"binary":"C:\\Program Files\\Google\\Chrome\\Application\\chrome.exe","args":["--start-maximized"]}},"logLevel":"warn","connectionRetryTimeout":120000,"connectionRetryCount":3,"logLevels":{},"enableDirectConnect":true,"strictSSL":true,"_":"65 more keys: [\"cacheDir\",\"port\",\"requestedCapabilities\",\"automationProtocol\",\"baseUrl\",\"waitforInterval\",\"waitforTimeout\",\"onReload\",\"beforeCommand\",\"afterCommand\",\"rootDir\",\"specs\",\"suites\",\"exclude\",\"groupLogsByTestSpec\",\"excludeDriverLogs\",\"bail\",\"framework\",\"reporters\",\"services\",\"maxInstances\",\"maxInstancesPerCapability\",\"injectGlobals\",\"filesToWatch\",\"execArgv\",\"runnerEnv\",\"runner\",\"shard\",\"specFileRetries\",\"specFileRetriesDelay\",\"specFileRetriesDeferred\",\"reporterSyncInterval\",\"reporterSyncTimeout\",\"cucumberFeaturesWithLineNumbers\",\"autoCompileOpts\",\"mochaOpts\",\"jasmineOpts\",\"cucumberOpts\",\"onPrepare\",\"onWorkerStart\",\"onWorkerEnd\",\"before\",\"beforeSession\",\"beforeSuite\",\"beforeHook\",\"beforeTest\",\"afterTest\",\"afterHook\",\"afterSuite\",\"afterSession\",\"after\",\"onComplete\",\"beforeAssertion\",\"afterAssertion\",\"beforeFeature\",\"beforeScenario\",\"beforeStep\",\"afterStep\",\"afterScenario\",\"afterFeature\",\"_\",\"suite\",\"$0\",\"ignoredWorkerServices\",\"wdi5\"]"}]}
RESULT: {"script":"<script> [2342 bytes]","args":[{"protocol":"http","hostname":"0.0.0.0","path":"/","capabilities":{"browserName":"chrome","goog:chromeOptions":{"binary":"C:\\Program Files\\Google\\Chrome\\Application\\chrome.exe","args":["--start-maximized"]}},"logLevel":"warn","connectionRetryTimeout":120000,"connectionRetryCount":3,"logLevels":{},"enableDirectConnect":true,"strictSSL":true,"_":"65 more keys: [\"cacheDir\",\"port\",\"requestedCapabilities\",\"automationProtocol\",\"baseUrl\",\"waitforInterval\",\"waitforTimeout\",\"onReload\",\"beforeCommand\",\"afterCommand\",\"rootDir\",\"specs\",\"suites\",\"exclude\",\"groupLogsByTestSpec\",\"excludeDriverLogs\",\"bail\",\"framework\",\"reporters\",\"services\",\"maxInstances\",\"maxInstancesPerCapability\",\"injectGlobals\",\"filesToWatch\",\"execArgv\",\"runnerEnv\",\"runner\",\"shard\",\"specFileRetries\",\"specFileRetriesDelay\",\"specFileRetriesDeferred\",\"reporterSyncInterval\",\"reporterSyncTimeout\",\"cucumberFeaturesWithLineNumbers\",\"autoCompileOpts\",\"mochaOpts\",\"jasmineOpts\",\"cucumberOpts\",\"onPrepare\",\"onWorkerStart\",\"onWorkerEnd\",\"before\",\"beforeSession\",\"beforeSuite\",\"beforeHook\",\"beforeTest\",\"afterTest\",\"afterHook\",\"afterSuite\",\"afterSession\",\"after\",\"onComplete\",\"beforeAssertion\",\"afterAssertion\",\"beforeFeature\",\"beforeScenario\",\"beforeStep\",\"afterStep\",\"afterScenario\",\"afterFeature\",\"_\",\"suite\",\"$0\",\"ignoredWorkerServices\",\"wdi5\"]"}]}
COMMAND: POST /session/37ca3b759bac6faaed564aba4deb3c32/execute/async - {"script":"<script> [21126 bytes]","args":[35000]}
RESULT: {"script":"<script> [21126 bytes]","args":[35000]}
COMMAND: POST /session/37ca3b759bac6faaed564aba4deb3c32/execute/async - {"script":"<script> [1562 bytes]","args":[{"selector":{"controlType":"sap.m.GenericTile","properties":{"header":"Manage Partners"}},"wdio_ui5_key":"sapm.GenericTile{\"header\":\"Manage Partners\"}"}]}
RESULT: {"script":"<script> [1562 bytes]","args":[{"selector":{"controlType":"sap.m.GenericTile","properties":{"header":"Manage Partners"}},"wdio_ui5_key":"sapm.GenericTile{\"header\":\"Manage Partners\"}"}]}
RESULT: undefined
COMMAND: POST /session/37ca3b759bac6faaed564aba4deb3c32/element - {"using":"xpath","value":"//*[@id=\"__tile38\"]"}
RESULT: {"using":"xpath","value":"//*[@id=\"__tile38\"]"}
COMMAND: POST /session/37ca3b759bac6faaed564aba4deb3c32/element/f.8D9121E00EF4972596309C37326D000A.d.104EFDBCF84AE6B1E92FA0F325FB3188.e.1193/click - {}
RESULT: {}
COMMAND: GET /session/37ca3b759bac6faaed564aba4deb3c32/screenshot - {}
RESULT: {}
COMMAND: POST /session/37ca3b759bac6faaed564aba4deb3c32/execute/async - {"script":"<script> [1562 bytes]","args":[{"selector":{"controlType":"sap.ui.core.Icon","viewName":"etm.portal.ui.managepartners.view.Master","viewId":"application-managepartners-display-component---masterPtm","properties":{"src":{"regex":{"source":"add"}}}},"wdio_ui5_key":"etmportal.ui.managepartners.view.Mastersap.ui.core.Icon{\"src\":{\"regex\":{\"source\":\"add\"}}}"}]}
RESULT: {"script":"<script> [1562 bytes]","args":[{"selector":{"controlType":"sap.ui.core.Icon","viewName":"etm.portal.ui.managepartners.view.Master","viewId":"application-managepartners-display-component---masterPtm","properties":{"src":{"regex":{"source":"add"}}}},"wdio_ui5_key":"etmportal.ui.managepartners.view.Mastersap.ui.core.Icon{\"src\":{\"regex\":{\"source\":\"add\"}}}"}]}
RESULT: undefined
COMMAND: POST /session/37ca3b759bac6faaed564aba4deb3c32/element - {"using":"xpath","value":"//*[@id=\"__button4-img\"]"}
RESULT: {"using":"xpath","value":"//*[@id=\"__button4-img\"]"}
COMMAND: POST /session/37ca3b759bac6faaed564aba4deb3c32/element/f.8D9121E00EF4972596309C37326D000A.d.104EFDBCF84AE6B1E92FA0F325FB3188.e.1243/click - {}
RESULT: {}
COMMAND: GET /session/37ca3b759bac6faaed564aba4deb3c32/screenshot - {}
RESULT: {}
COMMAND: POST /session/37ca3b759bac6faaed564aba4deb3c32/execute/async - {"script":"<script> [1562 bytes]","args":[{"selector":{"id":"application-managepartners-display-component---NewPartner--partnerId","interaction":{"idSuffix":"inner"}},"wdio_ui5_key":"applicationmanagepartners-display-component---NewPartner--partnerId"}]}
RESULT: {"script":"<script> [1562 bytes]","args":[{"selector":{"id":"application-managepartners-display-component---NewPartner--partnerId","interaction":{"idSuffix":"inner"}},"wdio_ui5_key":"applicationmanagepartners-display-component---NewPartner--partnerId"}]}
RESULT: undefined
COMMAND: POST /session/37ca3b759bac6faaed564aba4deb3c32/execute/async - {"script":"<script> [1562 bytes]","args":[{"selector":{"id":"application-managepartners-display-component---NewPartner--addressDetailDetailsName1","interaction":{"idSuffix":"inner"}},"wdio_ui5_key":"applicationmanagepartners-display-component---NewPartner--addressDetailDetailsName1"}]}
RESULT: {"script":"<script> [1562 bytes]","args":[{"selector":{"id":"application-managepartners-display-component---NewPartner--addressDetailDetailsName1","interaction":{"idSuffix":"inner"}},"wdio_ui5_key":"applicationmanagepartners-display-component---NewPartner--addressDetailDetailsName1"}]}
RESULT: undefined
COMMAND: POST /session/37ca3b759bac6faaed564aba4deb3c32/execute/async - {"script":"<script> [776 bytes]","args":[{"enterText":"WebdriverPartnerryx8a","selector":{"id":"application-managepartners-display-component---NewPartner--addressDetailDetailsName1","interaction":{"idSuffix":"inner"}},"clearTextFirst":true,"interactionType":"ENTER_TEXT"}]}
RESULT: {"script":"<script> [776 bytes]","args":[{"enterText":"WebdriverPartnerryx8a","selector":{"id":"application-managepartners-display-component---NewPartner--addressDetailDetailsName1","interaction":{"idSuffix":"inner"}},"clearTextFirst":true,"interactionType":"ENTER_TEXT"}]}
COMMAND: POST /session/37ca3b759bac6faaed564aba4deb3c32/execute/async - {"script":"<script> [1562 bytes]","args":[{"selector":{"id":"application-managepartners-display-component---NewPartner--addressDetailDetailsLanguage","interaction":{"idSuffix":"inner"}},"wdio_ui5_key":"applicationmanagepartners-display-component---NewPartner--addressDetailDetailsLanguage"}]}
RESULT: {"script":"<script> [1562 bytes]","args":[{"selector":{"id":"application-managepartners-display-component---NewPartner--addressDetailDetailsLanguage","interaction":{"idSuffix":"inner"}},"wdio_ui5_key":"applicationmanagepartners-display-component---NewPartner--addressDetailDetailsLanguage"}]}
RESULT: undefined
COMMAND: POST /session/37ca3b759bac6faaed564aba4deb3c32/execute/async - {"script":"<script> [776 bytes]","args":[{"enterText":"Romanian","selector":{"id":"application-managepartners-display-component---NewPartner--addressDetailDetailsLanguage","interaction":{"idSuffix":"inner"}},"clearTextFirst":true,"interactionType":"ENTER_TEXT"}]}
RESULT: {"script":"<script> [776 bytes]","args":[{"enterText":"Romanian","selector":{"id":"application-managepartners-display-component---NewPartner--addressDetailDetailsLanguage","interaction":{"idSuffix":"inner"}},"clearTextFirst":true,"interactionType":"ENTER_TEXT"}]}
COMMAND: POST /session/37ca3b759bac6faaed564aba4deb3c32/element - {"using":"xpath","value":"//input[contains(@id ,\"application-managepartners-display-component---NewPartner--addressDetailDetailsName1-inner\")]"}
RESULT: {"using":"xpath","value":"//input[contains(@id ,\"application-managepartners-display-component---NewPartner--addressDetailDetailsName1-inner\")]"}
COMMAND: GET /session/37ca3b759bac6faaed564aba4deb3c32/element/f.8D9121E00EF4972596309C37326D000A.d.104EFDBCF84AE6B1E92FA0F325FB3188.e.1415/property/value - {}
RESULT: {}
COMMAND: POST /session/37ca3b759bac6faaed564aba4deb3c32/execute/async - {"script":"<script> [1562 bytes]","args":[{"selector":{"id":"application-managepartners-display-component---NewPartner--addressDetailDetailsCity1","interaction":{"idSuffix":"inner"}},"wdio_ui5_key":"applicationmanagepartners-display-component---NewPartner--addressDetailDetailsCity1"}]}
COMMAND: GET /session/37ca3b759bac6faaed564aba4deb3c32/screenshot - {}
RESULT: {"script":"<script> [1562 bytes]","args":[{"selector":{"id":"application-managepartners-display-component---NewPartner--addressDetailDetailsCity1","interaction":{"idSuffix":"inner"}},"wdio_ui5_key":"applicationmanagepartners-display-component---NewPartner--addressDetailDetailsCity1"}]}
RESULT: undefined
COMMAND: POST /session/37ca3b759bac6faaed564aba4deb3c32/execute/async - {"script":"<script> [776 bytes]","args":[{"enterText":"Bucharest","selector":{"id":"application-managepartners-display-component---NewPartner--addressDetailDetailsCity1","interaction":{"idSuffix":"inner"}},"clearTextFirst":true,"interactionType":"ENTER_TEXT"}]}
RESULT: {}
RESULT: {"script":"<script> [776 bytes]","args":[{"enterText":"Bucharest","selector":{"id":"application-managepartners-display-component---NewPartner--addressDetailDetailsCity1","interaction":{"idSuffix":"inner"}},"clearTextFirst":true,"interactionType":"ENTER_TEXT"}]}
COMMAND: POST /session/37ca3b759bac6faaed564aba4deb3c32/execute/async - {"script":"<script> [1562 bytes]","args":[{"selector":{"id":"application-managepartners-display-component---NewPartner--addressDetailDetailsCountry","interaction":{"idSuffix":"inner"}},"wdio_ui5_key":"applicationmanagepartners-display-component---NewPartner--addressDetailDetailsCountry"}]}
RESULT: {"script":"<script> [1562 bytes]","args":[{"selector":{"id":"application-managepartners-display-component---NewPartner--addressDetailDetailsCountry","interaction":{"idSuffix":"inner"}},"wdio_ui5_key":"applicationmanagepartners-display-component---NewPartner--addressDetailDetailsCountry"}]}
RESULT: undefined
COMMAND: POST /session/37ca3b759bac6faaed564aba4deb3c32/execute/async - {"script":"<script> [6424 bytes]","args":[{"element-6066-11e4-a52e-4f735466cecf":"f.8D9121E00EF4972596309C37326D000A.d.104EFDBCF84AE6B1E92FA0F325FB3188.e.1422"},"setValue",["Romania"]]}
RESULT: {"script":"<script> [6424 bytes]","args":[{"element-6066-11e4-a52e-4f735466cecf":"f.8D9121E00EF4972596309C37326D000A.d.104EFDBCF84AE6B1E92FA0F325FB3188.e.1422"},"setValue",["Romania"]]}
COMMAND: POST /session/37ca3b759bac6faaed564aba4deb3c32/execute/async - {"script":"<script> [1562 bytes]","args":[{"selector":{"id":"application-managepartners-display-component---NewPartner--partnerDetailInternal","interaction":{"idSuffix":"inner"}},"wdio_ui5_key":"applicationmanagepartners-display-component---NewPartner--partnerDetailInternal"}]}
RESULT: {"script":"<script> [1562 bytes]","args":[{"selector":{"id":"application-managepartners-display-component---NewPartner--partnerDetailInternal","interaction":{"idSuffix":"inner"}},"wdio_ui5_key":"applicationmanagepartners-display-component---NewPartner--partnerDetailInternal"}]}
RESULT: undefined
COMMAND: POST /session/37ca3b759bac6faaed564aba4deb3c32/execute/async - {"script":"<script> [776 bytes]","args":[{"enterText":"External partner","selector":{"id":"application-managepartners-display-component---NewPartner--partnerDetailInternal","interaction":{"idSuffix":"inner"}},"clearTextFirst":true,"interactionType":"ENTER_TEXT"}]}
RESULT: {"script":"<script> [776 bytes]","args":[{"enterText":"External partner","selector":{"id":"application-managepartners-display-component---NewPartner--partnerDetailInternal","interaction":{"idSuffix":"inner"}},"clearTextFirst":true,"interactionType":"ENTER_TEXT"}]}
COMMAND: POST /session/37ca3b759bac6faaed564aba4deb3c32/execute/async - {"script":"<script> [1562 bytes]","args":[{"selector":{"id":"application-managepartners-display-component---NewPartner--partnerDetailsCurrency","interaction":{"idSuffix":"inner"}},"wdio_ui5_key":"applicationmanagepartners-display-component---NewPartner--partnerDetailsCurrency"}]}
RESULT: {"script":"<script> [1562 bytes]","args":[{"selector":{"id":"application-managepartners-display-component---NewPartner--partnerDetailsCurrency","interaction":{"idSuffix":"inner"}},"wdio_ui5_key":"applicationmanagepartners-display-component---NewPartner--partnerDetailsCurrency"}]}
RESULT: undefined
COMMAND: POST /session/37ca3b759bac6faaed564aba4deb3c32/execute/async - {"script":"<script> [776 bytes]","args":[{"enterText":"Euro","selector":{"id":"application-managepartners-display-component---NewPartner--partnerDetailsCurrency","interaction":{"idSuffix":"inner"}},"clearTextFirst":true,"interactionType":"ENTER_TEXT"}]}
RESULT: {"script":"<script> [776 bytes]","args":[{"enterText":"Euro","selector":{"id":"application-managepartners-display-component---NewPartner--partnerDetailsCurrency","interaction":{"idSuffix":"inner"}},"clearTextFirst":true,"interactionType":"ENTER_TEXT"}]}
COMMAND: POST /session/37ca3b759bac6faaed564aba4deb3c32/execute/async - {"script":"<script> [1562 bytes]","args":[{"selector":{"controlType":"sap.m.Button","viewName":"etm.portal.ui.managepartners.view.NewPartner","viewId":"application-managepartners-display-component---NewPartner","properties":{"text":"Commercial"},"interaction":{"idSuffix":"BDI-content"}},"wdio_ui5_key":"etmportal.ui.managepartners.view.NewPartnersap.m.Button{\"text\":\"Commercial\"}"}]}
RESULT: {"script":"<script> [1562 bytes]","args":[{"selector":{"controlType":"sap.m.Button","viewName":"etm.portal.ui.managepartners.view.NewPartner","viewId":"application-managepartners-display-component---NewPartner","properties":{"text":"Commercial"},"interaction":{"idSuffix":"BDI-content"}},"wdio_ui5_key":"etmportal.ui.managepartners.view.NewPartnersap.m.Button{\"text\":\"Commercial\"}"}]}
RESULT: undefined
COMMAND: POST /session/37ca3b759bac6faaed564aba4deb3c32/element - {"using":"xpath","value":"//*[@id=\"application-managepartners-display-component---NewPartner--ObjectPageLayout-anchBar-__section5-anchor\"]"}
RESULT: {"using":"xpath","value":"//*[@id=\"application-managepartners-display-component---NewPartner--ObjectPageLayout-anchBar-__section5-anchor\"]"}
COMMAND: POST /session/37ca3b759bac6faaed564aba4deb3c32/element/f.8D9121E00EF4972596309C37326D000A.d.104EFDBCF84AE6B1E92FA0F325FB3188.e.1662/click - {}
RESULT: {}
COMMAND: GET /session/37ca3b759bac6faaed564aba4deb3c32/screenshot - {}
RESULT: {}
COMMAND: POST /session/37ca3b759bac6faaed564aba4deb3c32/execute/async - {"script":"<script> [1562 bytes]","args":[{"selector":{"id":"application-managepartners-display-component---NewPartner--btnAddTableRow-img"},"wdio_ui5_key":"applicationmanagepartners-display-component---NewPartner--btnAddTableRow-img"}]}
RESULT: {"script":"<script> [1562 bytes]","args":[{"selector":{"id":"application-managepartners-display-component---NewPartner--btnAddTableRow-img"},"wdio_ui5_key":"applicationmanagepartners-display-component---NewPartner--btnAddTableRow-img"}]}
RESULT: undefined
COMMAND: POST /session/37ca3b759bac6faaed564aba4deb3c32/element - {"using":"xpath","value":"//*[@id=\"application-managepartners-display-component---NewPartner--btnAddTableRow-img\"]"}
RESULT: {"using":"xpath","value":"//*[@id=\"application-managepartners-display-component---NewPartner--btnAddTableRow-img\"]"}
COMMAND: POST /session/37ca3b759bac6faaed564aba4deb3c32/element/f.8D9121E00EF4972596309C37326D000A.d.104EFDBCF84AE6B1E92FA0F325FB3188.e.1668/click - {}
RESULT: {}
COMMAND: POST /session/37ca3b759bac6faaed564aba4deb3c32/element - {"using":"xpath","value":"//input[contains(@id ,\"application-managepartners-display-component---NewPartner--assignmentYard-application-managepartners-display-component---NewPartner\")]"}
COMMAND: GET /session/37ca3b759bac6faaed564aba4deb3c32/screenshot - {}
RESULT: {"using":"xpath","value":"//input[contains(@id ,\"application-managepartners-display-component---NewPartner--assignmentYard-application-managepartners-display-component---NewPartner\")]"}
COMMAND: POST /session/37ca3b759bac6faaed564aba4deb3c32/element/f.8D9121E00EF4972596309C37326D000A.d.104EFDBCF84AE6B1E92FA0F325FB3188.e.1671/clear - {}
RESULT: {}
RESULT: {}
COMMAND: POST /session/37ca3b759bac6faaed564aba4deb3c32/element/f.8D9121E00EF4972596309C37326D000A.d.104EFDBCF84AE6B1E92FA0F325FB3188.e.1671/value - {"text":"705"}
COMMAND: GET /session/37ca3b759bac6faaed564aba4deb3c32/screenshot - {}
RESULT: {"text":"705"}
COMMAND: GET /session/37ca3b759bac6faaed564aba4deb3c32/screenshot - {}
RESULT: {}
RESULT: {}
COMMAND: POST /session/37ca3b759bac6faaed564aba4deb3c32/execute/async - {"script":"<script> [1562 bytes]","args":[{"selector":{"controlType":"sap.m.Button","viewName":"etm.portal.ui.managepartners.view.NewPartner","viewId":"application-managepartners-display-component---NewPartner","i18NText":{"propertyName":"text","key":"save"},"interaction":{"idSuffix":"BDI-content"}},"wdio_ui5_key":"etmportal.ui.managepartners.view.NewPartnersap.m.Button{\"propertyName\":\"text\",\"key\":\"save\"}"}]}
RESULT: {"script":"<script> [1562 bytes]","args":[{"selector":{"controlType":"sap.m.Button","viewName":"etm.portal.ui.managepartners.view.NewPartner","viewId":"application-managepartners-display-component---NewPartner","i18NText":{"propertyName":"text","key":"save"},"interaction":{"idSuffix":"BDI-content"}},"wdio_ui5_key":"etmportal.ui.managepartners.view.NewPartnersap.m.Button{\"propertyName\":\"text\",\"key\":\"save\"}"}]}
RESULT: undefined
COMMAND: POST /session/37ca3b759bac6faaed564aba4deb3c32/element - {"using":"xpath","value":"//*[@id=\"__button12\"]"}
RESULT: {"using":"xpath","value":"//*[@id=\"__button12\"]"}
COMMAND: POST /session/37ca3b759bac6faaed564aba4deb3c32/element/f.8D9121E00EF4972596309C37326D000A.d.104EFDBCF84AE6B1E92FA0F325FB3188.e.1602/click - {}
RESULT: {}
COMMAND: GET /session/37ca3b759bac6faaed564aba4deb3c32/screenshot - {}
RESULT: {}
COMMAND: POST /session/37ca3b759bac6faaed564aba4deb3c32/element - {"using":"xpath","value":"//header/div/div[2]/div[2]/span"}
RESULT: {"using":"xpath","value":"//header/div/div[2]/div[2]/span"}
COMMAND: GET /session/37ca3b759bac6faaed564aba4deb3c32/element/f.8D9121E00EF4972596309C37326D000A.d.104EFDBCF84AE6B1E92FA0F325FB3188.e.1839/text - {}
RESULT: {}
COMMAND: POST /session/37ca3b759bac6faaed564aba4deb3c32/element - {"using":"xpath","value":"//header/div/div/div/div/div/div[2]/div/span"}
RESULT: {"using":"xpath","value":"//header/div/div/div/div/div/div[2]/div/span"}
COMMAND: GET /session/37ca3b759bac6faaed564aba4deb3c32/element/f.8D9121E00EF4972596309C37326D000A.d.104EFDBCF84AE6B1E92FA0F325FB3188.e.1840/text - {}
RESULT: {}
COMMAND: POST /session/37ca3b759bac6faaed564aba4deb3c32/execute/async - {"script":"<script> [1562 bytes]","args":[{"selector":{"id":"application-managepartners-display-component---detailPtm--partnerType"},"wdio_ui5_key":"applicationmanagepartners-display-component---detailPtm--partnerType"}]}
RESULT: {"script":"<script> [1562 bytes]","args":[{"selector":{"id":"application-managepartners-display-component---detailPtm--partnerType"},"wdio_ui5_key":"applicationmanagepartners-display-component---detailPtm--partnerType"}]}
RESULT: undefined
COMMAND: POST /session/37ca3b759bac6faaed564aba4deb3c32/execute/async - {"script":"<script> [6424 bytes]","args":[{"element-6066-11e4-a52e-4f735466cecf":"f.8D9121E00EF4972596309C37326D000A.d.104EFDBCF84AE6B1E92FA0F325FB3188.e.1841"},"getText",[]]}
RESULT: {"script":"<script> [6424 bytes]","args":[{"element-6066-11e4-a52e-4f735466cecf":"f.8D9121E00EF4972596309C37326D000A.d.104EFDBCF84AE6B1E92FA0F325FB3188.e.1841"},"getText",[]]}
COMMAND: POST /session/37ca3b759bac6faaed564aba4deb3c32/element - {"using":"css selector","value":"#shell-header-logo"}
RESULT: {"using":"css selector","value":"#shell-header-logo"}
COMMAND: POST /session/37ca3b759bac6faaed564aba4deb3c32/element/f.8D9121E00EF4972596309C37326D000A.d.104EFDBCF84AE6B1E92FA0F325FB3188.e.1195/click - {}
RESULT: {}
COMMAND: GET /session/37ca3b759bac6faaed564aba4deb3c32/screenshot - {}
RESULT: {}
COMMAND: POST /session/37ca3b759bac6faaed564aba4deb3c32/execute/async - {"script":"<script> [1562 bytes]","args":[{"selector":{"controlType":"sap.m.GenericTile","properties":{"header":"Manage Sites"}},"wdio_ui5_key":"sapm.GenericTile{\"header\":\"Manage Sites\"}"}]}
RESULT: {"script":"<script> [1562 bytes]","args":[{"selector":{"controlType":"sap.m.GenericTile","properties":{"header":"Manage Sites"}},"wdio_ui5_key":"sapm.GenericTile{\"header\":\"Manage Sites\"}"}]}
RESULT: undefined
COMMAND: POST /session/37ca3b759bac6faaed564aba4deb3c32/element - {"using":"xpath","value":"//*[@id=\"__tile40\"]"}
RESULT: {"using":"xpath","value":"//*[@id=\"__tile40\"]"}
COMMAND: POST /session/37ca3b759bac6faaed564aba4deb3c32/element/f.8D9121E00EF4972596309C37326D000A.d.104EFDBCF84AE6B1E92FA0F325FB3188.e.1843/click - {}
RESULT: {}
COMMAND: GET /session/37ca3b759bac6faaed564aba4deb3c32/screenshot - {}
RESULT: {}
COMMAND: POST /session/37ca3b759bac6faaed564aba4deb3c32/execute/async - {"script":"<script> [1562 bytes]","args":[{"selector":{"controlType":"sap.ui.core.Icon","viewName":"etm.portal.ui.managesites.view.Master","viewId":"application-managesites-display-component---masterSite","properties":{"src":{"regex":{"source":"add"}}}},"wdio_ui5_key":"etmportal.ui.managesites.view.Mastersap.ui.core.Icon{\"src\":{\"regex\":{\"source\":\"add\"}}}"}]}
RESULT: {"script":"<script> [1562 bytes]","args":[{"selector":{"controlType":"sap.ui.core.Icon","viewName":"etm.portal.ui.managesites.view.Master","viewId":"application-managesites-display-component---masterSite","properties":{"src":{"regex":{"source":"add"}}}},"wdio_ui5_key":"etmportal.ui.managesites.view.Mastersap.ui.core.Icon{\"src\":{\"regex\":{\"source\":\"add\"}}}"}]}
RESULT: undefined
COMMAND: POST /session/37ca3b759bac6faaed564aba4deb3c32/element - {"using":"xpath","value":"//*[@id=\"__button52-img\"]"}
RESULT: {"using":"xpath","value":"//*[@id=\"__button52-img\"]"}
COMMAND: POST /session/37ca3b759bac6faaed564aba4deb3c32/element/f.8D9121E00EF4972596309C37326D000A.d.104EFDBCF84AE6B1E92FA0F325FB3188.e.1893/click - {}
RESULT: {}
COMMAND: POST /session/37ca3b759bac6faaed564aba4deb3c32/execute/async - {"script":"<script> [1562 bytes]","args":[{"selector":{"id":"application-managesites-display-component---NewSite--siteId","interaction":{"idSuffix":"inner"}},"wdio_ui5_key":"applicationmanagesites-display-component---NewSite--siteId"}]}
COMMAND: GET /session/37ca3b759bac6faaed564aba4deb3c32/screenshot - {}
RESULT: {"script":"<script> [1562 bytes]","args":[{"selector":{"id":"application-managesites-display-component---NewSite--siteId","interaction":{"idSuffix":"inner"}},"wdio_ui5_key":"applicationmanagesites-display-component---NewSite--siteId"}]}
RESULT: undefined
COMMAND: POST /session/37ca3b759bac6faaed564aba4deb3c32/execute/async - {"script":"<script> [1562 bytes]","args":[{"selector":{"id":"application-managesites-display-component---NewSite--addressDetailDetailsName1","interaction":{"idSuffix":"inner"}},"wdio_ui5_key":"applicationmanagesites-display-component---NewSite--addressDetailDetailsName1"}]}
RESULT: {}
RESULT: {"script":"<script> [1562 bytes]","args":[{"selector":{"id":"application-managesites-display-component---NewSite--addressDetailDetailsName1","interaction":{"idSuffix":"inner"}},"wdio_ui5_key":"applicationmanagesites-display-component---NewSite--addressDetailDetailsName1"}]}
RESULT: undefined
COMMAND: POST /session/37ca3b759bac6faaed564aba4deb3c32/execute/async - {"script":"<script> [776 bytes]","args":[{"enterText":"WebdriverSitevpzc4","selector":{"id":"application-managesites-display-component---NewSite--addressDetailDetailsName1","interaction":{"idSuffix":"inner"}},"clearTextFirst":true,"interactionType":"ENTER_TEXT"}]}
RESULT: {"script":"<script> [776 bytes]","args":[{"enterText":"WebdriverSitevpzc4","selector":{"id":"application-managesites-display-component---NewSite--addressDetailDetailsName1","interaction":{"idSuffix":"inner"}},"clearTextFirst":true,"interactionType":"ENTER_TEXT"}]}
COMMAND: POST /session/37ca3b759bac6faaed564aba4deb3c32/execute/async - {"script":"<script> [1562 bytes]","args":[{"selector":{"id":"application-managesites-display-component---NewSite--addressDetailDetailsLanguage","interaction":{"idSuffix":"inner"}},"wdio_ui5_key":"applicationmanagesites-display-component---NewSite--addressDetailDetailsLanguage"}]}
RESULT: {"script":"<script> [1562 bytes]","args":[{"selector":{"id":"application-managesites-display-component---NewSite--addressDetailDetailsLanguage","interaction":{"idSuffix":"inner"}},"wdio_ui5_key":"applicationmanagesites-display-component---NewSite--addressDetailDetailsLanguage"}]}
RESULT: undefined
COMMAND: POST /session/37ca3b759bac6faaed564aba4deb3c32/execute/async - {"script":"<script> [776 bytes]","args":[{"enterText":"Romanian","selector":{"id":"application-managesites-display-component---NewSite--addressDetailDetailsLanguage","interaction":{"idSuffix":"inner"}},"clearTextFirst":true,"interactionType":"ENTER_TEXT"}]}
RESULT: {"script":"<script> [776 bytes]","args":[{"enterText":"Romanian","selector":{"id":"application-managesites-display-component---NewSite--addressDetailDetailsLanguage","interaction":{"idSuffix":"inner"}},"clearTextFirst":true,"interactionType":"ENTER_TEXT"}]}
COMMAND: POST /session/37ca3b759bac6faaed564aba4deb3c32/execute/async - {"script":"<script> [1562 bytes]","args":[{"selector":{"id":"application-managesites-display-component---NewSite--addressDetailDetailsCity1","interaction":{"idSuffix":"inner"}},"wdio_ui5_key":"applicationmanagesites-display-component---NewSite--addressDetailDetailsCity1"}]}
RESULT: {"script":"<script> [1562 bytes]","args":[{"selector":{"id":"application-managesites-display-component---NewSite--addressDetailDetailsCity1","interaction":{"idSuffix":"inner"}},"wdio_ui5_key":"applicationmanagesites-display-component---NewSite--addressDetailDetailsCity1"}]}
RESULT: undefined
COMMAND: POST /session/37ca3b759bac6faaed564aba4deb3c32/execute/async - {"script":"<script> [776 bytes]","args":[{"enterText":"Bucharest","selector":{"id":"application-managesites-display-component---NewSite--addressDetailDetailsCity1","interaction":{"idSuffix":"inner"}},"clearTextFirst":true,"interactionType":"ENTER_TEXT"}]}
RESULT: {"script":"<script> [776 bytes]","args":[{"enterText":"Bucharest","selector":{"id":"application-managesites-display-component---NewSite--addressDetailDetailsCity1","interaction":{"idSuffix":"inner"}},"clearTextFirst":true,"interactionType":"ENTER_TEXT"}]}
COMMAND: POST /session/37ca3b759bac6faaed564aba4deb3c32/execute/async - {"script":"<script> [1562 bytes]","args":[{"selector":{"id":"application-managesites-display-component---NewSite--addressDetailDetailsCountry","interaction":{"idSuffix":"inner"}},"wdio_ui5_key":"applicationmanagesites-display-component---NewSite--addressDetailDetailsCountry"}]}
RESULT: {"script":"<script> [1562 bytes]","args":[{"selector":{"id":"application-managesites-display-component---NewSite--addressDetailDetailsCountry","interaction":{"idSuffix":"inner"}},"wdio_ui5_key":"applicationmanagesites-display-component---NewSite--addressDetailDetailsCountry"}]}
RESULT: undefined
COMMAND: POST /session/37ca3b759bac6faaed564aba4deb3c32/execute/async - {"script":"<script> [776 bytes]","args":[{"enterText":"Romania","selector":{"id":"application-managesites-display-component---NewSite--addressDetailDetailsCountry","interaction":{"idSuffix":"inner"}},"clearTextFirst":true,"interactionType":"ENTER_TEXT"}]}
RESULT: {"script":"<script> [776 bytes]","args":[{"enterText":"Romania","selector":{"id":"application-managesites-display-component---NewSite--addressDetailDetailsCountry","interaction":{"idSuffix":"inner"}},"clearTextFirst":true,"interactionType":"ENTER_TEXT"}]}
COMMAND: POST /session/37ca3b759bac6faaed564aba4deb3c32/element - {"using":"css selector","value":"#application-managesites-display-component---NewSite--addressDetailDetailsCalendar-inner"}
RESULT: {"using":"css selector","value":"#application-managesites-display-component---NewSite--addressDetailDetailsCalendar-inner"}
COMMAND: POST /session/37ca3b759bac6faaed564aba4deb3c32/element/f.8D9121E00EF4972596309C37326D000A.d.104EFDBCF84AE6B1E92FA0F325FB3188.e.2279/clear - {}
RESULT: {}
COMMAND: POST /session/37ca3b759bac6faaed564aba4deb3c32/element/f.8D9121E00EF4972596309C37326D000A.d.104EFDBCF84AE6B1E92FA0F325FB3188.e.2279/value - {"text":"Germany"}
COMMAND: GET /session/37ca3b759bac6faaed564aba4deb3c32/screenshot - {}
RESULT: {"text":"Germany"}
COMMAND: POST /session/37ca3b759bac6faaed564aba4deb3c32/execute/async - {"script":"<script> [1562 bytes]","args":[{"selector":{"id":"application-managesites-display-component---NewSite--addressEditDetailsCostObjectCstType-arrow"},"wdio_ui5_key":"applicationmanagesites-display-component---NewSite--addressEditDetailsCostObjectCstType-arrow"}]}
COMMAND: GET /session/37ca3b759bac6faaed564aba4deb3c32/screenshot - {}
RESULT: {}
RESULT: {"script":"<script> [1562 bytes]","args":[{"selector":{"id":"application-managesites-display-component---NewSite--addressEditDetailsCostObjectCstType-arrow"},"wdio_ui5_key":"applicationmanagesites-display-component---NewSite--addressEditDetailsCostObjectCstType-arrow"}]}
RESULT: undefined
COMMAND: POST /session/37ca3b759bac6faaed564aba4deb3c32/element - {"using":"xpath","value":"//*[@id=\"application-managesites-display-component---NewSite--addressEditDetailsCostObjectCstType-arrow\"]"}
RESULT: {}
RESULT: {"using":"xpath","value":"//*[@id=\"application-managesites-display-component---NewSite--addressEditDetailsCostObjectCstType-arrow\"]"}
COMMAND: POST /session/37ca3b759bac6faaed564aba4deb3c32/element/f.8D9121E00EF4972596309C37326D000A.d.104EFDBCF84AE6B1E92FA0F325FB3188.e.2476/click - {}
RESULT: {}
COMMAND: POST /session/37ca3b759bac6faaed564aba4deb3c32/element - {"using":"xpath","value":"//span[contains(text(), \"Work Breakdown Structure\")]"}
COMMAND: GET /session/37ca3b759bac6faaed564aba4deb3c32/screenshot - {}
RESULT: {"using":"xpath","value":"//span[contains(text(), \"Work Breakdown Structure\")]"}
COMMAND: POST /session/37ca3b759bac6faaed564aba4deb3c32/element/f.8D9121E00EF4972596309C37326D000A.d.104EFDBCF84AE6B1E92FA0F325FB3188.e.2478/click - {}
RESULT: {}
RESULT: {}
COMMAND: GET /session/37ca3b759bac6faaed564aba4deb3c32/screenshot - {}
RESULT: {}
COMMAND: POST /session/37ca3b759bac6faaed564aba4deb3c32/execute/async - {"script":"<script> [1562 bytes]","args":[{"selector":{"id":"application-managesites-display-component---NewSite--addressNewCostObjectCstID-vhi"},"wdio_ui5_key":"applicationmanagesites-display-component---NewSite--addressNewCostObjectCstID-vhi"}]}
RESULT: {"script":"<script> [1562 bytes]","args":[{"selector":{"id":"application-managesites-display-component---NewSite--addressNewCostObjectCstID-vhi"},"wdio_ui5_key":"applicationmanagesites-display-component---NewSite--addressNewCostObjectCstID-vhi"}]}
RESULT: undefined
COMMAND: POST /session/37ca3b759bac6faaed564aba4deb3c32/element - {"using":"xpath","value":"//*[@id=\"application-managesites-display-component---NewSite--addressNewCostObjectCstID-vhi\"]"}
RESULT: {"using":"xpath","value":"//*[@id=\"application-managesites-display-component---NewSite--addressNewCostObjectCstID-vhi\"]"}
COMMAND: POST /session/37ca3b759bac6faaed564aba4deb3c32/element/f.8D9121E00EF4972596309C37326D000A.d.104EFDBCF84AE6B1E92FA0F325FB3188.e.2481/click - {}
RESULT: {}
COMMAND: GET /session/37ca3b759bac6faaed564aba4deb3c32/screenshot - {}
RESULT: {}
COMMAND: POST /session/37ca3b759bac6faaed564aba4deb3c32/execute/async - {"script":"<script> [1562 bytes]","args":[{"selector":{"controlType":"sap.m.SearchField","properties":{"placeholder":"Search"},"searchOpenDialogs":true,"interaction":{"idSuffix":"I"}},"wdio_ui5_key":"sapm.SearchField{\"placeholder\":\"Search\"}"}]}
RESULT: {"script":"<script> [1562 bytes]","args":[{"selector":{"controlType":"sap.m.SearchField","properties":{"placeholder":"Search"},"searchOpenDialogs":true,"interaction":{"idSuffix":"I"}},"wdio_ui5_key":"sapm.SearchField{\"placeholder\":\"Search\"}"}]}
RESULT: undefined
COMMAND: POST /session/37ca3b759bac6faaed564aba4deb3c32/execute/async - {"script":"<script> [776 bytes]","args":[{"enterText":"A1-000100-01","selector":{"controlType":"sap.m.SearchField","properties":{"placeholder":"Search"},"searchOpenDialogs":true,"interaction":{"idSuffix":"I"}},"clearTextFirst":true,"interactionType":"ENTER_TEXT"}]}
RESULT: {"script":"<script> [776 bytes]","args":[{"enterText":"A1-000100-01","selector":{"controlType":"sap.m.SearchField","properties":{"placeholder":"Search"},"searchOpenDialogs":true,"interaction":{"idSuffix":"I"}},"clearTextFirst":true,"interactionType":"ENTER_TEXT"}]}
COMMAND: POST /session/37ca3b759bac6faaed564aba4deb3c32/actions - {"actions":[{"id":"action3","type":"key","parameters":{},"actions":[{"type":"keyDown","value":""},{"type":"pause","duration":10},{"type":"keyUp","value":""}]}]}
RESULT: {"actions":[{"id":"action3","type":"key","parameters":{},"actions":[{"type":"keyDown","value":""},{"type":"pause","duration":10},{"type":"keyUp","value":""}]}]}
COMMAND: GET /session/37ca3b759bac6faaed564aba4deb3c32/screenshot - {}
RESULT: {}
COMMAND: POST /session/37ca3b759bac6faaed564aba4deb3c32/element - {"using":"xpath","value":"//span[contains(text(), \"Template for ETO-Process\")]"}
RESULT: {"using":"xpath","value":"//span[contains(text(), \"Template for ETO-Process\")]"}
COMMAND: POST /session/37ca3b759bac6faaed564aba4deb3c32/element/f.8D9121E00EF4972596309C37326D000A.d.104EFDBCF84AE6B1E92FA0F325FB3188.e.2501/click - {}
RESULT: {}
COMMAND: GET /session/37ca3b759bac6faaed564aba4deb3c32/screenshot - {}
RESULT: {}
COMMAND: POST /session/37ca3b759bac6faaed564aba4deb3c32/element - {"using":"xpath","value":"//bdi[contains(text(), \"OK\")]"}
RESULT: {"using":"xpath","value":"//bdi[contains(text(), \"OK\")]"}
COMMAND: POST /session/37ca3b759bac6faaed564aba4deb3c32/element/f.8D9121E00EF4972596309C37326D000A.d.104EFDBCF84AE6B1E92FA0F325FB3188.e.2502/click - {}
RESULT: {}
COMMAND: GET /session/37ca3b759bac6faaed564aba4deb3c32/screenshot - {}
RESULT: {}
COMMAND: POST /session/37ca3b759bac6faaed564aba4deb3c32/element - {"using":"xpath","value":"//input[@id=\"application-managesites-display-component---NewSite--addressDetailDetailsYard-inner\"]"}
RESULT: {"using":"xpath","value":"//input[@id=\"application-managesites-display-component---NewSite--addressDetailDetailsYard-inner\"]"}
COMMAND: POST /session/37ca3b759bac6faaed564aba4deb3c32/element/f.8D9121E00EF4972596309C37326D000A.d.104EFDBCF84AE6B1E92FA0F325FB3188.e.2280/value - {"text":"705"}
RESULT: {"text":"705"}
COMMAND: GET /session/37ca3b759bac6faaed564aba4deb3c32/screenshot - {}
RESULT: {}
COMMAND: POST /session/37ca3b759bac6faaed564aba4deb3c32/actions - {"actions":[{"id":"action4","type":"key","parameters":{},"actions":[{"type":"keyDown","value":""},{"type":"pause","duration":10},{"type":"keyUp","value":""}]}]}
RESULT: {"actions":[{"id":"action4","type":"key","parameters":{},"actions":[{"type":"keyDown","value":""},{"type":"pause","duration":10},{"type":"keyUp","value":""}]}]}
COMMAND: GET /session/37ca3b759bac6faaed564aba4deb3c32/screenshot - {}
RESULT: {}
COMMAND: POST /session/37ca3b759bac6faaed564aba4deb3c32/element - {"using":"xpath","value":"//input[@id=\"application-managesites-display-component---NewSite--addressDetailDetailsPartner-inner\"]"}
RESULT: {"using":"xpath","value":"//input[@id=\"application-managesites-display-component---NewSite--addressDetailDetailsPartner-inner\"]"}
COMMAND: POST /session/37ca3b759bac6faaed564aba4deb3c32/elements - {"using":"xpath","value":"//input[@id=\"application-managesites-display-component---NewSite--addressDetailDetailsPartner-inner\"]"}
RESULT: {"using":"xpath","value":"//input[@id=\"application-managesites-display-component---NewSite--addressDetailDetailsPartner-inner\"]"}
COMMAND: POST /session/37ca3b759bac6faaed564aba4deb3c32/execute/async - {"script":"<script> [1562 bytes]","args":[{"selector":{"controlType":"sap.m.Button","viewName":"etm.portal.ui.managesites.view.NewSmartSite","viewId":"application-managesites-display-component---NewSite","properties":{"text":"Commercial"},"interaction":{"idSuffix":"BDI-content"}},"wdio_ui5_key":"etmportal.ui.managesites.view.NewSmartSitesap.m.Button{\"text\":\"Commercial\"}"}]}
RESULT: {"script":"<script> [1562 bytes]","args":[{"selector":{"controlType":"sap.m.Button","viewName":"etm.portal.ui.managesites.view.NewSmartSite","viewId":"application-managesites-display-component---NewSite","properties":{"text":"Commercial"},"interaction":{"idSuffix":"BDI-content"}},"wdio_ui5_key":"etmportal.ui.managesites.view.NewSmartSitesap.m.Button{\"text\":\"Commercial\"}"}]}
RESULT: undefined
COMMAND: POST /session/37ca3b759bac6faaed564aba4deb3c32/element - {"using":"xpath","value":"//*[@id=\"application-managesites-display-component---NewSite--ObjectPageLayout-anchBar-__section31-anchor\"]"}
RESULT: {"using":"xpath","value":"//*[@id=\"application-managesites-display-component---NewSite--ObjectPageLayout-anchBar-__section31-anchor\"]"}
COMMAND: POST /session/37ca3b759bac6faaed564aba4deb3c32/element/f.8D9121E00EF4972596309C37326D000A.d.104EFDBCF84AE6B1E92FA0F325FB3188.e.2509/click - {}
RESULT: {}
COMMAND: POST /session/37ca3b759bac6faaed564aba4deb3c32/execute/async - {"script":"<script> [1562 bytes]","args":[{"selector":{"controlType":"sap.m.Button","viewName":"etm.portal.ui.managesites.view.NewSmartSite","viewId":"application-managesites-display-component---NewSite","i18NText":{"propertyName":"text","key":"save"},"interaction":{"idSuffix":"BDI-content"}},"wdio_ui5_key":"etmportal.ui.managesites.view.NewSmartSitesap.m.Button{\"propertyName\":\"text\",\"key\":\"save\"}"}]}
COMMAND: GET /session/37ca3b759bac6faaed564aba4deb3c32/screenshot - {}
RESULT: {"script":"<script> [1562 bytes]","args":[{"selector":{"controlType":"sap.m.Button","viewName":"etm.portal.ui.managesites.view.NewSmartSite","viewId":"application-managesites-display-component---NewSite","i18NText":{"propertyName":"text","key":"save"},"interaction":{"idSuffix":"BDI-content"}},"wdio_ui5_key":"etmportal.ui.managesites.view.NewSmartSitesap.m.Button{\"propertyName\":\"text\",\"key\":\"save\"}"}]}
RESULT: undefined
COMMAND: POST /session/37ca3b759bac6faaed564aba4deb3c32/element - {"using":"xpath","value":"//*[@id=\"__button64\"]"}
RESULT: {}
RESULT: {"using":"xpath","value":"//*[@id=\"__button64\"]"}
COMMAND: POST /session/37ca3b759bac6faaed564aba4deb3c32/element/f.8D9121E00EF4972596309C37326D000A.d.104EFDBCF84AE6B1E92FA0F325FB3188.e.2455/click - {}
RESULT: {}
COMMAND: GET /session/37ca3b759bac6faaed564aba4deb3c32/screenshot - {}
RESULT: {}
COMMAND: POST /session/37ca3b759bac6faaed564aba4deb3c32/execute/async - {"script":"<script> [1562 bytes]","args":[{"selector":{"id":"application-managesites-display-component---detailSite--addressDetailDetailsYardText"},"wdio_ui5_key":"applicationmanagesites-display-component---detailSite--addressDetailDetailsYardText"}]}
RESULT: {"script":"<script> [1562 bytes]","args":[{"selector":{"id":"application-managesites-display-component---detailSite--addressDetailDetailsYardText"},"wdio_ui5_key":"applicationmanagesites-display-component---detailSite--addressDetailDetailsYardText"}]}
RESULT: undefined
COMMAND: POST /session/37ca3b759bac6faaed564aba4deb3c32/element - {"using":"xpath","value":"//header/div/div[2]/div[2]/span"}
RESULT: {"using":"xpath","value":"//header/div/div[2]/div[2]/span"}
COMMAND: GET /session/37ca3b759bac6faaed564aba4deb3c32/element/f.8D9121E00EF4972596309C37326D000A.d.104EFDBCF84AE6B1E92FA0F325FB3188.e.2716/text - {}
RESULT: {}
COMMAND: POST /session/37ca3b759bac6faaed564aba4deb3c32/element - {"using":"xpath","value":"//header/div/div/div/div/div/div[2]/div/span"}
RESULT: {"using":"xpath","value":"//header/div/div/div/div/div/div[2]/div/span"}
COMMAND: GET /session/37ca3b759bac6faaed564aba4deb3c32/element/f.8D9121E00EF4972596309C37326D000A.d.104EFDBCF84AE6B1E92FA0F325FB3188.e.2717/text - {}
RESULT: {}
COMMAND: POST /session/37ca3b759bac6faaed564aba4deb3c32/element - {"using":"css selector","value":"#shell-header-logo"}
RESULT: {"using":"css selector","value":"#shell-header-logo"}
COMMAND: POST /session/37ca3b759bac6faaed564aba4deb3c32/element/f.8D9121E00EF4972596309C37326D000A.d.104EFDBCF84AE6B1E92FA0F325FB3188.e.1848/click - {}
RESULT: {}
COMMAND: GET /session/37ca3b759bac6faaed564aba4deb3c32/screenshot - {}
RESULT: {}
]]></system-out>
    </testcase>
    <testcase classname="chrome.135_0_7049_42.windows.Standard_contract_-_add_contract_items_by_Insert_Request_US118222" name="Should create 2 new resources and a catalog item" time="373.983">
      <system-out><![CDATA[
COMMAND: POST /session/37ca3b759bac6faaed564aba4deb3c32/execute/async - {"script":"<script> [1562 bytes]","args":[{"selector":{"controlType":"sap.m.GenericTile","properties":{"header":"Manage Resources"}},"wdio_ui5_key":"sapm.GenericTile{\"header\":\"Manage Resources\"}"}]}
RESULT: {"script":"<script> [1562 bytes]","args":[{"selector":{"controlType":"sap.m.GenericTile","properties":{"header":"Manage Resources"}},"wdio_ui5_key":"sapm.GenericTile{\"header\":\"Manage Resources\"}"}]}
RESULT: undefined
COMMAND: POST /session/37ca3b759bac6faaed564aba4deb3c32/element - {"using":"xpath","value":"//*[@id=\"__tile39\"]"}
RESULT: {"using":"xpath","value":"//*[@id=\"__tile39\"]"}
COMMAND: POST /session/37ca3b759bac6faaed564aba4deb3c32/element/f.8D9121E00EF4972596309C37326D000A.d.104EFDBCF84AE6B1E92FA0F325FB3188.e.2719/click - {}
RESULT: {}
COMMAND: GET /session/37ca3b759bac6faaed564aba4deb3c32/screenshot - {}
RESULT: {}
COMMAND: POST /session/37ca3b759bac6faaed564aba4deb3c32/element - {"using":"xpath","value":"//button[@data-kt=\"addNewRUOverflowToolbarButton\"]"}
RESULT: undefined
RESULT: undefined
RESULT: {"using":"xpath","value":"//button[@data-kt=\"addNewRUOverflowToolbarButton\"]"}
COMMAND: POST /session/37ca3b759bac6faaed564aba4deb3c32/element - {"using":"xpath","value":"//button[@data-kt=\"addNewRUOverflowToolbarButton\"]"}
RESULT: {"using":"xpath","value":"//button[@data-kt=\"addNewRUOverflowToolbarButton\"]"}
COMMAND: POST /session/37ca3b759bac6faaed564aba4deb3c32/element - {"using":"xpath","value":"//button[@data-kt=\"addNewRUOverflowToolbarButton\"]"}
RESULT: {"using":"xpath","value":"//button[@data-kt=\"addNewRUOverflowToolbarButton\"]"}
COMMAND: POST /session/37ca3b759bac6faaed564aba4deb3c32/element - {"using":"xpath","value":"//button[@data-kt=\"addNewRUOverflowToolbarButton\"]"}
RESULT: {"using":"xpath","value":"//button[@data-kt=\"addNewRUOverflowToolbarButton\"]"}
COMMAND: POST /session/37ca3b759bac6faaed564aba4deb3c32/execute/sync - {"script":"<script> [8489 bytes]","args":[{"element-6066-11e4-a52e-4f735466cecf":"f.8D9121E00EF4972596309C37326D000A.d.104EFDBCF84AE6B1E92FA0F325FB3188.e.2752","ELEMENT":"f.8D9121E00EF4972596309C37326D000A.d.104EFDBCF84AE6B1E92FA0F325FB3188.e.2752"}]}
RESULT: {"script":"<script> [8489 bytes]","args":[{"element-6066-11e4-a52e-4f735466cecf":"f.8D9121E00EF4972596309C37326D000A.d.104EFDBCF84AE6B1E92FA0F325FB3188.e.2752","ELEMENT":"f.8D9121E00EF4972596309C37326D000A.d.104EFDBCF84AE6B1E92FA0F325FB3188.e.2752"}]}
COMMAND: POST /session/37ca3b759bac6faaed564aba4deb3c32/element/f.8D9121E00EF4972596309C37326D000A.d.104EFDBCF84AE6B1E92FA0F325FB3188.e.2752/click - {}
COMMAND: GET /session/37ca3b759bac6faaed564aba4deb3c32/screenshot - {}
RESULT: {}
COMMAND: POST /session/37ca3b759bac6faaed564aba4deb3c32/execute/async - {"script":"<script> [1562 bytes]","args":[{"selector":{"id":"application-manageresources-display-component---newResourceUnit--TYPE-arrow"},"wdio_ui5_key":"applicationmanageresources-display-component---newResourceUnit--TYPE-arrow"}]}
COMMAND: GET /session/37ca3b759bac6faaed564aba4deb3c32/screenshot - {}
RESULT: {}
RESULT: {"script":"<script> [1562 bytes]","args":[{"selector":{"id":"application-manageresources-display-component---newResourceUnit--TYPE-arrow"},"wdio_ui5_key":"applicationmanageresources-display-component---newResourceUnit--TYPE-arrow"}]}
RESULT: undefined
COMMAND: POST /session/37ca3b759bac6faaed564aba4deb3c32/element - {"using":"xpath","value":"//*[@id=\"application-manageresources-display-component---newResourceUnit--TYPE-arrow\"]"}
RESULT: {}
RESULT: {"using":"xpath","value":"//*[@id=\"application-manageresources-display-component---newResourceUnit--TYPE-arrow\"]"}
COMMAND: POST /session/37ca3b759bac6faaed564aba4deb3c32/element/f.8D9121E00EF4972596309C37326D000A.d.104EFDBCF84AE6B1E92FA0F325FB3188.e.3101/click - {}
RESULT: {}
COMMAND: POST /session/37ca3b759bac6faaed564aba4deb3c32/execute/async - {"script":"<script> [1562 bytes]","args":[{"selector":{"controlType":"sap.m.StandardListItem","viewName":"reusables.view.manageresources.NewResourceUnit","viewId":"application-manageresources-display-component---newResourceUnit","properties":{"title":"Material"},"searchOpenDialogs":true,"interaction":{"idSuffix":"titleText"}},"wdio_ui5_key":"reusablesview.manageresources.NewResourceUnitsap.m.StandardListItem{\"title\":\"Material\"}"}]}
COMMAND: GET /session/37ca3b759bac6faaed564aba4deb3c32/screenshot - {}
RESULT: {"script":"<script> [1562 bytes]","args":[{"selector":{"controlType":"sap.m.StandardListItem","viewName":"reusables.view.manageresources.NewResourceUnit","viewId":"application-manageresources-display-component---newResourceUnit","properties":{"title":"Material"},"searchOpenDialogs":true,"interaction":{"idSuffix":"titleText"}},"wdio_ui5_key":"reusablesview.manageresources.NewResourceUnitsap.m.StandardListItem{\"title\":\"Material\"}"}]}
RESULT: undefined
COMMAND: POST /session/37ca3b759bac6faaed564aba4deb3c32/element - {"using":"xpath","value":"//*[@id=\"__item1296\"]"}
RESULT: {}
RESULT: {"using":"xpath","value":"//*[@id=\"__item1296\"]"}
COMMAND: POST /session/37ca3b759bac6faaed564aba4deb3c32/element/f.8D9121E00EF4972596309C37326D000A.d.104EFDBCF84AE6B1E92FA0F325FB3188.e.3104/click - {}
RESULT: {}
COMMAND: POST /session/37ca3b759bac6faaed564aba4deb3c32/execute/async - {"script":"<script> [1562 bytes]","args":[{"selector":{"id":"application-manageresources-display-component---newResourceUnit--SHORT_TEXT","interaction":{"idSuffix":"inner"}},"wdio_ui5_key":"applicationmanageresources-display-component---newResourceUnit--SHORT_TEXT"}]}
COMMAND: GET /session/37ca3b759bac6faaed564aba4deb3c32/screenshot - {}
RESULT: {"script":"<script> [1562 bytes]","args":[{"selector":{"id":"application-manageresources-display-component---newResourceUnit--SHORT_TEXT","interaction":{"idSuffix":"inner"}},"wdio_ui5_key":"applicationmanageresources-display-component---newResourceUnit--SHORT_TEXT"}]}
RESULT: undefined
COMMAND: POST /session/37ca3b759bac6faaed564aba4deb3c32/execute/async - {"script":"<script> [776 bytes]","args":[{"enterText":"WebdriverRUR2Czjikb","selector":{"id":"application-manageresources-display-component---newResourceUnit--SHORT_TEXT","interaction":{"idSuffix":"inner"}},"clearTextFirst":true,"interactionType":"ENTER_TEXT"}]}
RESULT: {}
RESULT: {"script":"<script> [776 bytes]","args":[{"enterText":"WebdriverRUR2Czjikb","selector":{"id":"application-manageresources-display-component---newResourceUnit--SHORT_TEXT","interaction":{"idSuffix":"inner"}},"clearTextFirst":true,"interactionType":"ENTER_TEXT"}]}
COMMAND: POST /session/37ca3b759bac6faaed564aba4deb3c32/execute/async - {"script":"<script> [1562 bytes]","args":[{"selector":{"id":"application-manageresources-display-component---newResourceUnit--BASE_UNIT_OF_MEASURE-arrow"},"wdio_ui5_key":"applicationmanageresources-display-component---newResourceUnit--BASE_UNIT_OF_MEASURE-arrow"}]}
RESULT: {"script":"<script> [1562 bytes]","args":[{"selector":{"id":"application-manageresources-display-component---newResourceUnit--BASE_UNIT_OF_MEASURE-arrow"},"wdio_ui5_key":"applicationmanageresources-display-component---newResourceUnit--BASE_UNIT_OF_MEASURE-arrow"}]}
RESULT: undefined
COMMAND: POST /session/37ca3b759bac6faaed564aba4deb3c32/element - {"using":"xpath","value":"//*[@id=\"application-manageresources-display-component---newResourceUnit--BASE_UNIT_OF_MEASURE-arrow\"]"}
RESULT: {"using":"xpath","value":"//*[@id=\"application-manageresources-display-component---newResourceUnit--BASE_UNIT_OF_MEASURE-arrow\"]"}
COMMAND: POST /session/37ca3b759bac6faaed564aba4deb3c32/element/f.8D9121E00EF4972596309C37326D000A.d.104EFDBCF84AE6B1E92FA0F325FB3188.e.3161/click - {}
RESULT: {}
COMMAND: POST /session/37ca3b759bac6faaed564aba4deb3c32/execute/async - {"script":"<script> [1562 bytes]","args":[{"selector":{"controlType":"sap.m.StandardListItem","viewName":"reusables.view.manageresources.NewResourceUnit","viewId":"application-manageresources-display-component---newResourceUnit","properties":{"title":"Piece"},"searchOpenDialogs":true,"interaction":{"idSuffix":"titleText"}},"wdio_ui5_key":"reusablesview.manageresources.NewResourceUnitsap.m.StandardListItem{\"title\":\"Piece\"}"}]}
COMMAND: GET /session/37ca3b759bac6faaed564aba4deb3c32/screenshot - {}
RESULT: {"script":"<script> [1562 bytes]","args":[{"selector":{"controlType":"sap.m.StandardListItem","viewName":"reusables.view.manageresources.NewResourceUnit","viewId":"application-manageresources-display-component---newResourceUnit","properties":{"title":"Piece"},"searchOpenDialogs":true,"interaction":{"idSuffix":"titleText"}},"wdio_ui5_key":"reusablesview.manageresources.NewResourceUnitsap.m.StandardListItem{\"title\":\"Piece\"}"}]}
RESULT: undefined
COMMAND: POST /session/37ca3b759bac6faaed564aba4deb3c32/element - {"using":"xpath","value":"//*[@id=\"__item1340\"]"}
RESULT: {}
RESULT: {"using":"xpath","value":"//*[@id=\"__item1340\"]"}
COMMAND: POST /session/37ca3b759bac6faaed564aba4deb3c32/element/f.8D9121E00EF4972596309C37326D000A.d.104EFDBCF84AE6B1E92FA0F325FB3188.e.3163/click - {}
RESULT: {}
COMMAND: POST /session/37ca3b759bac6faaed564aba4deb3c32/element - {"using":"xpath","value":"//input[contains(@id ,\"application-manageresources-display-component---newResourceUnit--SHORT_TEXT-inner\")]"}
COMMAND: GET /session/37ca3b759bac6faaed564aba4deb3c32/screenshot - {}
RESULT: {"using":"xpath","value":"//input[contains(@id ,\"application-manageresources-display-component---newResourceUnit--SHORT_TEXT-inner\")]"}
COMMAND: GET /session/37ca3b759bac6faaed564aba4deb3c32/element/f.8D9121E00EF4972596309C37326D000A.d.104EFDBCF84AE6B1E92FA0F325FB3188.e.3122/property/value - {}
RESULT: {}
RESULT: {}
COMMAND: POST /session/37ca3b759bac6faaed564aba4deb3c32/execute/async - {"script":"<script> [1562 bytes]","args":[{"selector":{"id":"application-manageresources-display-component---newResourceUnit--WEIGHT_UNIT-arrow"},"wdio_ui5_key":"applicationmanageresources-display-component---newResourceUnit--WEIGHT_UNIT-arrow"}]}
COMMAND: GET /session/37ca3b759bac6faaed564aba4deb3c32/screenshot - {}
RESULT: {"script":"<script> [1562 bytes]","args":[{"selector":{"id":"application-manageresources-display-component---newResourceUnit--WEIGHT_UNIT-arrow"},"wdio_ui5_key":"applicationmanageresources-display-component---newResourceUnit--WEIGHT_UNIT-arrow"}]}
RESULT: undefined
COMMAND: POST /session/37ca3b759bac6faaed564aba4deb3c32/element - {"using":"xpath","value":"//*[@id=\"application-manageresources-display-component---newResourceUnit--WEIGHT_UNIT-arrow\"]"}
RESULT: {}
RESULT: {"using":"xpath","value":"//*[@id=\"application-manageresources-display-component---newResourceUnit--WEIGHT_UNIT-arrow\"]"}
COMMAND: POST /session/37ca3b759bac6faaed564aba4deb3c32/element/f.8D9121E00EF4972596309C37326D000A.d.104EFDBCF84AE6B1E92FA0F325FB3188.e.3164/click - {}
RESULT: {}
COMMAND: POST /session/37ca3b759bac6faaed564aba4deb3c32/execute/async - {"script":"<script> [1562 bytes]","args":[{"selector":{"controlType":"sap.m.StandardListItem","viewName":"reusables.view.manageresources.NewResourceUnit","viewId":"application-manageresources-display-component---newResourceUnit","properties":{"title":"Gram"},"searchOpenDialogs":true,"interaction":{"idSuffix":"content"}},"wdio_ui5_key":"reusablesview.manageresources.NewResourceUnitsap.m.StandardListItem{\"title\":\"Gram\"}"}]}
COMMAND: GET /session/37ca3b759bac6faaed564aba4deb3c32/screenshot - {}
RESULT: {"script":"<script> [1562 bytes]","args":[{"selector":{"controlType":"sap.m.StandardListItem","viewName":"reusables.view.manageresources.NewResourceUnit","viewId":"application-manageresources-display-component---newResourceUnit","properties":{"title":"Gram"},"searchOpenDialogs":true,"interaction":{"idSuffix":"content"}},"wdio_ui5_key":"reusablesview.manageresources.NewResourceUnitsap.m.StandardListItem{\"title\":\"Gram\"}"}]}
RESULT: undefined
COMMAND: POST /session/37ca3b759bac6faaed564aba4deb3c32/element - {"using":"xpath","value":"//*[@id=\"__item1405\"]"}
RESULT: {}
RESULT: {"using":"xpath","value":"//*[@id=\"__item1405\"]"}
COMMAND: POST /session/37ca3b759bac6faaed564aba4deb3c32/element/f.8D9121E00EF4972596309C37326D000A.d.104EFDBCF84AE6B1E92FA0F325FB3188.e.3166/click - {}
RESULT: {}
COMMAND: POST /session/37ca3b759bac6faaed564aba4deb3c32/execute/async - {"script":"<script> [1562 bytes]","args":[{"selector":{"id":"application-manageresources-display-component---newResourceUnit--newRRUPage-OPHeaderContent-collapseBtn-img"},"wdio_ui5_key":"applicationmanageresources-display-component---newResourceUnit--newRRUPage-OPHeaderContent-collapseBtn-img"}]}
COMMAND: GET /session/37ca3b759bac6faaed564aba4deb3c32/screenshot - {}
RESULT: {"script":"<script> [1562 bytes]","args":[{"selector":{"id":"application-manageresources-display-component---newResourceUnit--newRRUPage-OPHeaderContent-collapseBtn-img"},"wdio_ui5_key":"applicationmanageresources-display-component---newResourceUnit--newRRUPage-OPHeaderContent-collapseBtn-img"}]}
RESULT: undefined
COMMAND: POST /session/37ca3b759bac6faaed564aba4deb3c32/element - {"using":"xpath","value":"//*[@id=\"application-manageresources-display-component---newResourceUnit--newRRUPage-OPHeaderContent-collapseBtn-img\"]"}
RESULT: {}
RESULT: {"using":"xpath","value":"//*[@id=\"application-manageresources-display-component---newResourceUnit--newRRUPage-OPHeaderContent-collapseBtn-img\"]"}
COMMAND: POST /session/37ca3b759bac6faaed564aba4deb3c32/element/f.8D9121E00EF4972596309C37326D000A.d.104EFDBCF84AE6B1E92FA0F325FB3188.e.3112/click - {}
RESULT: {}
COMMAND: GET /session/37ca3b759bac6faaed564aba4deb3c32/screenshot - {}
RESULT: {}
COMMAND: POST /session/37ca3b759bac6faaed564aba4deb3c32/element - {"using":"xpath","value":"(//span[contains(@id ,\"application-manageresources-display-component---newResourceUnit--DIMENSION_UNIT-arrow\")])[1]"}
RESULT: {"using":"xpath","value":"(//span[contains(@id ,\"application-manageresources-display-component---newResourceUnit--DIMENSION_UNIT-arrow\")])[1]"}
COMMAND: POST /session/37ca3b759bac6faaed564aba4deb3c32/element/f.8D9121E00EF4972596309C37326D000A.d.104EFDBCF84AE6B1E92FA0F325FB3188.e.3170/click - {}
RESULT: {}
COMMAND: GET /session/37ca3b759bac6faaed564aba4deb3c32/screenshot - {}
RESULT: {}
COMMAND: POST /session/37ca3b759bac6faaed564aba4deb3c32/execute/async - {"script":"<script> [1562 bytes]","args":[{"selector":{"controlType":"sap.m.StandardListItem","viewName":"reusables.view.manageresources.NewResourceUnit","viewId":"application-manageresources-display-component---newResourceUnit","properties":{"title":"Centimeter"},"searchOpenDialogs":true,"interaction":{"idSuffix":"titleText"}},"wdio_ui5_key":"reusablesview.manageresources.NewResourceUnitsap.m.StandardListItem{\"title\":\"Centimeter\"}"}]}
RESULT: {"script":"<script> [1562 bytes]","args":[{"selector":{"controlType":"sap.m.StandardListItem","viewName":"reusables.view.manageresources.NewResourceUnit","viewId":"application-manageresources-display-component---newResourceUnit","properties":{"title":"Centimeter"},"searchOpenDialogs":true,"interaction":{"idSuffix":"titleText"}},"wdio_ui5_key":"reusablesview.manageresources.NewResourceUnitsap.m.StandardListItem{\"title\":\"Centimeter\"}"}]}
RESULT: undefined
COMMAND: POST /session/37ca3b759bac6faaed564aba4deb3c32/element - {"using":"xpath","value":"//*[@id=\"__item1408\"]"}
RESULT: {"using":"xpath","value":"//*[@id=\"__item1408\"]"}
COMMAND: POST /session/37ca3b759bac6faaed564aba4deb3c32/element/f.8D9121E00EF4972596309C37326D000A.d.104EFDBCF84AE6B1E92FA0F325FB3188.e.3174/click - {}
RESULT: {}
COMMAND: POST /session/37ca3b759bac6faaed564aba4deb3c32/execute/async - {"script":"<script> [1562 bytes]","args":[{"selector":{"id":"application-manageresources-display-component---newResourceUnit--newRRUPage-anchBar-application-manageresources-display-component---newResourceUnit--reference-anchor","interaction":{"idSuffix":"BDI-content"}},"wdio_ui5_key":"applicationmanageresources-display-component---newResourceUnit--newRRUPage-anchBar-application-manageresources-display-component---newResourceUnit--reference-anchor"}]}
COMMAND: GET /session/37ca3b759bac6faaed564aba4deb3c32/screenshot - {}
RESULT: {"script":"<script> [1562 bytes]","args":[{"selector":{"id":"application-manageresources-display-component---newResourceUnit--newRRUPage-anchBar-application-manageresources-display-component---newResourceUnit--reference-anchor","interaction":{"idSuffix":"BDI-content"}},"wdio_ui5_key":"applicationmanageresources-display-component---newResourceUnit--newRRUPage-anchBar-application-manageresources-display-component---newResourceUnit--reference-anchor"}]}
RESULT: undefined
COMMAND: POST /session/37ca3b759bac6faaed564aba4deb3c32/element - {"using":"xpath","value":"//*[@id=\"application-manageresources-display-component---newResourceUnit--newRRUPage-anchBar-application-manageresources-display-component---newResourceUnit--reference-anchor\"]"}
RESULT: {}
RESULT: {"using":"xpath","value":"//*[@id=\"application-manageresources-display-component---newResourceUnit--newRRUPage-anchBar-application-manageresources-display-component---newResourceUnit--reference-anchor\"]"}
COMMAND: POST /session/37ca3b759bac6faaed564aba4deb3c32/element/f.8D9121E00EF4972596309C37326D000A.d.104EFDBCF84AE6B1E92FA0F325FB3188.e.3176/click - {}
RESULT: {}
COMMAND: POST /session/37ca3b759bac6faaed564aba4deb3c32/execute/async - {"script":"<script> [1562 bytes]","args":[{"selector":{"id":"application-manageresources-display-component---newResourceUnit--PLANNING_GROUP-arrow"},"wdio_ui5_key":"applicationmanageresources-display-component---newResourceUnit--PLANNING_GROUP-arrow"}]}
COMMAND: GET /session/37ca3b759bac6faaed564aba4deb3c32/screenshot - {}
RESULT: {"script":"<script> [1562 bytes]","args":[{"selector":{"id":"application-manageresources-display-component---newResourceUnit--PLANNING_GROUP-arrow"},"wdio_ui5_key":"applicationmanageresources-display-component---newResourceUnit--PLANNING_GROUP-arrow"}]}
RESULT: undefined
COMMAND: POST /session/37ca3b759bac6faaed564aba4deb3c32/element - {"using":"xpath","value":"//*[@id=\"application-manageresources-display-component---newResourceUnit--PLANNING_GROUP-arrow\"]"}
RESULT: {}
RESULT: {"using":"xpath","value":"//*[@id=\"application-manageresources-display-component---newResourceUnit--PLANNING_GROUP-arrow\"]"}
COMMAND: POST /session/37ca3b759bac6faaed564aba4deb3c32/element/f.8D9121E00EF4972596309C37326D000A.d.104EFDBCF84AE6B1E92FA0F325FB3188.e.3180/click - {}
RESULT: {}
COMMAND: POST /session/37ca3b759bac6faaed564aba4deb3c32/execute/async - {"script":"<script> [1562 bytes]","args":[{"selector":{"controlType":"sap.m.StandardListItem","viewName":"reusables.view.manageresources.NewResourceUnit","viewId":"application-manageresources-display-component---newResourceUnit","properties":{"title":"Heavy Equi"},"searchOpenDialogs":true,"interaction":{"idSuffix":"content"}},"wdio_ui5_key":"reusablesview.manageresources.NewResourceUnitsap.m.StandardListItem{\"title\":\"Heavy Equi\"}"}]}
COMMAND: GET /session/37ca3b759bac6faaed564aba4deb3c32/screenshot - {}
RESULT: {"script":"<script> [1562 bytes]","args":[{"selector":{"controlType":"sap.m.StandardListItem","viewName":"reusables.view.manageresources.NewResourceUnit","viewId":"application-manageresources-display-component---newResourceUnit","properties":{"title":"Heavy Equi"},"searchOpenDialogs":true,"interaction":{"idSuffix":"content"}},"wdio_ui5_key":"reusablesview.manageresources.NewResourceUnitsap.m.StandardListItem{\"title\":\"Heavy Equi\"}"}]}
RESULT: undefined
COMMAND: POST /session/37ca3b759bac6faaed564aba4deb3c32/element - {"using":"xpath","value":"//*[@id=\"__item1416\"]"}
RESULT: {}
RESULT: {"using":"xpath","value":"//*[@id=\"__item1416\"]"}
COMMAND: POST /session/37ca3b759bac6faaed564aba4deb3c32/element/f.8D9121E00EF4972596309C37326D000A.d.104EFDBCF84AE6B1E92FA0F325FB3188.e.3182/click - {}
RESULT: {}
COMMAND: GET /session/37ca3b759bac6faaed564aba4deb3c32/screenshot - {}
RESULT: {}
COMMAND: POST /session/37ca3b759bac6faaed564aba4deb3c32/execute/async - {"script":"<script> [1562 bytes]","args":[{"selector":{"id":"application-manageresources-display-component---newResourceUnit--PLANNING_INDICATOR-arrow"},"wdio_ui5_key":"applicationmanageresources-display-component---newResourceUnit--PLANNING_INDICATOR-arrow"}]}
RESULT: {"script":"<script> [1562 bytes]","args":[{"selector":{"id":"application-manageresources-display-component---newResourceUnit--PLANNING_INDICATOR-arrow"},"wdio_ui5_key":"applicationmanageresources-display-component---newResourceUnit--PLANNING_INDICATOR-arrow"}]}
RESULT: undefined
COMMAND: POST /session/37ca3b759bac6faaed564aba4deb3c32/element - {"using":"xpath","value":"//*[@id=\"application-manageresources-display-component---newResourceUnit--PLANNING_INDICATOR-arrow\"]"}
RESULT: {"using":"xpath","value":"//*[@id=\"application-manageresources-display-component---newResourceUnit--PLANNING_INDICATOR-arrow\"]"}
COMMAND: POST /session/37ca3b759bac6faaed564aba4deb3c32/element/f.8D9121E00EF4972596309C37326D000A.d.104EFDBCF84AE6B1E92FA0F325FB3188.e.3183/click - {}
RESULT: {}
COMMAND: POST /session/37ca3b759bac6faaed564aba4deb3c32/execute/async - {"script":"<script> [1562 bytes]","args":[{"selector":{"controlType":"sap.m.StandardListItem","viewName":"reusables.view.manageresources.NewResourceUnit","viewId":"application-manageresources-display-component---newResourceUnit","properties":{"title":"10 - infinite"},"searchOpenDialogs":true,"interaction":{"idSuffix":"content"}},"wdio_ui5_key":"reusablesview.manageresources.NewResourceUnitsap.m.StandardListItem{\"title\":\"10 - infinite\"}"}]}
COMMAND: GET /session/37ca3b759bac6faaed564aba4deb3c32/screenshot - {}
RESULT: {"script":"<script> [1562 bytes]","args":[{"selector":{"controlType":"sap.m.StandardListItem","viewName":"reusables.view.manageresources.NewResourceUnit","viewId":"application-manageresources-display-component---newResourceUnit","properties":{"title":"10 - infinite"},"searchOpenDialogs":true,"interaction":{"idSuffix":"content"}},"wdio_ui5_key":"reusablesview.manageresources.NewResourceUnitsap.m.StandardListItem{\"title\":\"10 - infinite\"}"}]}
RESULT: undefined
COMMAND: POST /session/37ca3b759bac6faaed564aba4deb3c32/element - {"using":"xpath","value":"//*[@id=\"__item1426\"]"}
RESULT: {}
RESULT: {"using":"xpath","value":"//*[@id=\"__item1426\"]"}
COMMAND: POST /session/37ca3b759bac6faaed564aba4deb3c32/element/f.8D9121E00EF4972596309C37326D000A.d.104EFDBCF84AE6B1E92FA0F325FB3188.e.3185/click - {}
RESULT: {}
COMMAND: GET /session/37ca3b759bac6faaed564aba4deb3c32/screenshot - {}
RESULT: {}
COMMAND: POST /session/37ca3b759bac6faaed564aba4deb3c32/element - {"using":"xpath","value":"//bdi[contains(text(), \"Time Segment\")]"}
RESULT: {"using":"xpath","value":"//bdi[contains(text(), \"Time Segment\")]"}
COMMAND: GET /session/37ca3b759bac6faaed564aba4deb3c32/element/f.8D9121E00EF4972596309C37326D000A.d.104EFDBCF84AE6B1E92FA0F325FB3188.e.3186/rect - {}
RESULT: {}
COMMAND: GET /session/37ca3b759bac6faaed564aba4deb3c32/window/rect - {}
RESULT: {}
COMMAND: POST /session/37ca3b759bac6faaed564aba4deb3c32/execute/sync - {"script":"<script> [92 bytes]","args":[]}
RESULT: {"script":"<script> [92 bytes]","args":[]}
COMMAND: POST /session/37ca3b759bac6faaed564aba4deb3c32/actions - {"actions":[{"id":"action5","type":"wheel","parameters":{},"actions":[{"type":"scroll","x":-1820,"y":-21,"deltaX":0,"deltaY":0,"duration":0,"origin":{"element-6066-11e4-a52e-4f735466cecf":"f.8D9121E00EF4972596309C37326D000A.d.104EFDBCF84AE6B1E92FA0F325FB3188.e.3186"}}]}]}
COMMAND: GET /session/37ca3b759bac6faaed564aba4deb3c32/screenshot - {}
RESULT: {}
COMMAND: POST /session/37ca3b759bac6faaed564aba4deb3c32/execute/sync - {"script":"<script> [79 bytes]","args":[{"element-6066-11e4-a52e-4f735466cecf":"f.8D9121E00EF4972596309C37326D000A.d.104EFDBCF84AE6B1E92FA0F325FB3188.e.3186","ELEMENT":"f.8D9121E00EF4972596309C37326D000A.d.104EFDBCF84AE6B1E92FA0F325FB3188.e.3186"},{"block":"start","inline":"nearest"}]}
RESULT: {"script":"<script> [79 bytes]","args":[{"element-6066-11e4-a52e-4f735466cecf":"f.8D9121E00EF4972596309C37326D000A.d.104EFDBCF84AE6B1E92FA0F325FB3188.e.3186","ELEMENT":"f.8D9121E00EF4972596309C37326D000A.d.104EFDBCF84AE6B1E92FA0F325FB3188.e.3186"},{"block":"start","inline":"nearest"}]}
COMMAND: GET /session/37ca3b759bac6faaed564aba4deb3c32/screenshot - {}
RESULT: {}
COMMAND: POST /session/37ca3b759bac6faaed564aba4deb3c32/element - {"using":"xpath","value":"//span[@id=\"application-manageresources-display-component---newResourceUnit--btnAddTimeSegment-img\"]"}
RESULT: {"using":"xpath","value":"//span[@id=\"application-manageresources-display-component---newResourceUnit--btnAddTimeSegment-img\"]"}
COMMAND: POST /session/37ca3b759bac6faaed564aba4deb3c32/execute/sync - {"script":"<script> [8489 bytes]","args":[{"element-6066-11e4-a52e-4f735466cecf":"f.8D9121E00EF4972596309C37326D000A.d.104EFDBCF84AE6B1E92FA0F325FB3188.e.3189","ELEMENT":"f.8D9121E00EF4972596309C37326D000A.d.104EFDBCF84AE6B1E92FA0F325FB3188.e.3189"}]}
RESULT: {"script":"<script> [8489 bytes]","args":[{"element-6066-11e4-a52e-4f735466cecf":"f.8D9121E00EF4972596309C37326D000A.d.104EFDBCF84AE6B1E92FA0F325FB3188.e.3189","ELEMENT":"f.8D9121E00EF4972596309C37326D000A.d.104EFDBCF84AE6B1E92FA0F325FB3188.e.3189"}]}
COMMAND: POST /session/37ca3b759bac6faaed564aba4deb3c32/element/f.8D9121E00EF4972596309C37326D000A.d.104EFDBCF84AE6B1E92FA0F325FB3188.e.3189/click - {}
COMMAND: GET /session/37ca3b759bac6faaed564aba4deb3c32/screenshot - {}
RESULT: {}
COMMAND: GET /session/37ca3b759bac6faaed564aba4deb3c32/screenshot - {}
COMMAND: POST /session/37ca3b759bac6faaed564aba4deb3c32/element - {"using":"xpath","value":"//input[@id=\"application-manageresources-display-component---newResourceUnit--idRuTSAdmin-application-manageresources-display-component---newResourceUnit--RUTimeSegment-0-inner\"]"}
RESULT: {}
RESULT: {}
RESULT: {"using":"xpath","value":"//input[@id=\"application-manageresources-display-component---newResourceUnit--idRuTSAdmin-application-manageresources-display-component---newResourceUnit--RUTimeSegment-0-inner\"]"}
COMMAND: POST /session/37ca3b759bac6faaed564aba4deb3c32/element/f.8D9121E00EF4972596309C37326D000A.d.104EFDBCF84AE6B1E92FA0F325FB3188.e.3192/clear - {}
RESULT: {}
COMMAND: POST /session/37ca3b759bac6faaed564aba4deb3c32/element/f.8D9121E00EF4972596309C37326D000A.d.104EFDBCF84AE6B1E92FA0F325FB3188.e.3192/value - {"text":"WebdriverYardg5c4aj"}
COMMAND: GET /session/37ca3b759bac6faaed564aba4deb3c32/screenshot - {}
RESULT: {"text":"WebdriverYardg5c4aj"}
COMMAND: GET /session/37ca3b759bac6faaed564aba4deb3c32/screenshot - {}
RESULT: {}
RESULT: {}
COMMAND: POST /session/37ca3b759bac6faaed564aba4deb3c32/actions - {"actions":[{"id":"action6","type":"key","parameters":{},"actions":[{"type":"keyDown","value":""},{"type":"pause","duration":10},{"type":"keyUp","value":""}]}]}
RESULT: {"actions":[{"id":"action6","type":"key","parameters":{},"actions":[{"type":"keyDown","value":""},{"type":"pause","duration":10},{"type":"keyUp","value":""}]}]}
COMMAND: GET /session/37ca3b759bac6faaed564aba4deb3c32/screenshot - {}
RESULT: {}
COMMAND: POST /session/37ca3b759bac6faaed564aba4deb3c32/execute/async - {"script":"<script> [1562 bytes]","args":[{"selector":{"controlType":"sap.m.Button","viewName":"reusables.view.manageresources.NewResourceUnit","viewId":"application-manageresources-display-component---newResourceUnit","i18NText":{"propertyName":"tooltip","key":"save"},"interaction":{"idSuffix":"BDI-content"}},"wdio_ui5_key":"reusablesview.manageresources.NewResourceUnitsap.m.Button{\"propertyName\":\"tooltip\",\"key\":\"save\"}"}]}
RESULT: {"script":"<script> [1562 bytes]","args":[{"selector":{"controlType":"sap.m.Button","viewName":"reusables.view.manageresources.NewResourceUnit","viewId":"application-manageresources-display-component---newResourceUnit","i18NText":{"propertyName":"tooltip","key":"save"},"interaction":{"idSuffix":"BDI-content"}},"wdio_ui5_key":"reusablesview.manageresources.NewResourceUnitsap.m.Button{\"propertyName\":\"tooltip\",\"key\":\"save\"}"}]}
RESULT: undefined
COMMAND: POST /session/37ca3b759bac6faaed564aba4deb3c32/element - {"using":"xpath","value":"//*[@id=\"application-manageresources-display-component---newResourceUnit--createRuButton\"]"}
RESULT: {"using":"xpath","value":"//*[@id=\"application-manageresources-display-component---newResourceUnit--createRuButton\"]"}
COMMAND: POST /session/37ca3b759bac6faaed564aba4deb3c32/element/f.8D9121E00EF4972596309C37326D000A.d.104EFDBCF84AE6B1E92FA0F325FB3188.e.3118/click - {}
RESULT: {}
COMMAND: GET /session/37ca3b759bac6faaed564aba4deb3c32/screenshot - {}
RESULT: {}
COMMAND: POST /session/37ca3b759bac6faaed564aba4deb3c32/execute/async - {"script":"<script> [1562 bytes]","args":[{"selector":{"controlType":"sap.m.Title","properties":{"text":"Success"},"searchOpenDialogs":true},"wdio_ui5_key":"sapm.Title{\"text\":\"Success\"}"}]}
RESULT: {"script":"<script> [1562 bytes]","args":[{"selector":{"controlType":"sap.m.Title","properties":{"text":"Success"},"searchOpenDialogs":true},"wdio_ui5_key":"sapm.Title{\"text\":\"Success\"}"}]}
RESULT: undefined
COMMAND: POST /session/37ca3b759bac6faaed564aba4deb3c32/execute/async - {"script":"<script> [6424 bytes]","args":[{"element-6066-11e4-a52e-4f735466cecf":"f.8D9121E00EF4972596309C37326D000A.d.104EFDBCF84AE6B1E92FA0F325FB3188.e.3207"},"getText",[]]}
RESULT: {"script":"<script> [6424 bytes]","args":[{"element-6066-11e4-a52e-4f735466cecf":"f.8D9121E00EF4972596309C37326D000A.d.104EFDBCF84AE6B1E92FA0F325FB3188.e.3207"},"getText",[]]}
COMMAND: POST /session/37ca3b759bac6faaed564aba4deb3c32/element - {"using":"xpath","value":"//*[contains(@id, '__text') and (contains(text(), 'successfully created') or contains(., 'successfully created'))]"}
RESULT: {"using":"xpath","value":"//*[contains(@id, '__text') and (contains(text(), 'successfully created') or contains(., 'successfully created'))]"}
COMMAND: GET /session/37ca3b759bac6faaed564aba4deb3c32/element/f.8D9121E00EF4972596309C37326D000A.d.104EFDBCF84AE6B1E92FA0F325FB3188.e.3205/text - {}
RESULT: {}
COMMAND: POST /session/37ca3b759bac6faaed564aba4deb3c32/execute/async - {"script":"<script> [1562 bytes]","args":[{"selector":{"controlType":"sap.m.Button","properties":{"text":"Close"},"searchOpenDialogs":true,"interaction":{"idSuffix":"BDI-content"}},"wdio_ui5_key":"sapm.Button{\"text\":\"Close\"}"}]}
RESULT: {"script":"<script> [1562 bytes]","args":[{"selector":{"controlType":"sap.m.Button","properties":{"text":"Close"},"searchOpenDialogs":true,"interaction":{"idSuffix":"BDI-content"}},"wdio_ui5_key":"sapm.Button{\"text\":\"Close\"}"}]}
RESULT: undefined
COMMAND: POST /session/37ca3b759bac6faaed564aba4deb3c32/element - {"using":"xpath","value":"//*[@id=\"__mbox-btn-0\"]"}
RESULT: {"using":"xpath","value":"//*[@id=\"__mbox-btn-0\"]"}
COMMAND: POST /session/37ca3b759bac6faaed564aba4deb3c32/element/f.8D9121E00EF4972596309C37326D000A.d.104EFDBCF84AE6B1E92FA0F325FB3188.e.3204/click - {}
RESULT: {}
COMMAND: GET /session/37ca3b759bac6faaed564aba4deb3c32/screenshot - {}
RESULT: {}
COMMAND: POST /session/37ca3b759bac6faaed564aba4deb3c32/execute/async - {"script":"<script> [1562 bytes]","args":[{"selector":{"controlType":"sap.ui.core.Icon","viewName":"etm.portal.ui.manageresources.view.Detail","viewId":"application-manageresources-display-component---detailRU","properties":{"src":{"regex":{"source":"overflow"}}}},"wdio_ui5_key":"etmportal.ui.manageresources.view.Detailsap.ui.core.Icon{\"src\":{\"regex\":{\"source\":\"overflow\"}}}"}]}
RESULT: {"script":"<script> [1562 bytes]","args":[{"selector":{"controlType":"sap.ui.core.Icon","viewName":"etm.portal.ui.manageresources.view.Detail","viewId":"application-manageresources-display-component---detailRU","properties":{"src":{"regex":{"source":"overflow"}}}},"wdio_ui5_key":"etmportal.ui.manageresources.view.Detailsap.ui.core.Icon{\"src\":{\"regex\":{\"source\":\"overflow\"}}}"}]}
RESULT: undefined
COMMAND: POST /session/37ca3b759bac6faaed564aba4deb3c32/element - {"using":"xpath","value":"//*[@id=\"__title36-_actionsToolbar-overflowButton-img\"]"}
RESULT: {"using":"xpath","value":"//*[@id=\"__title36-_actionsToolbar-overflowButton-img\"]"}
COMMAND: POST /session/37ca3b759bac6faaed564aba4deb3c32/element/f.8D9121E00EF4972596309C37326D000A.d.104EFDBCF84AE6B1E92FA0F325FB3188.e.3237/click - {}
RESULT: {}
COMMAND: POST /session/37ca3b759bac6faaed564aba4deb3c32/execute/async - {"script":"<script> [1562 bytes]","args":[{"selector":{"controlType":"sap.m.Button","viewName":"etm.portal.ui.manageresources.view.Detail","viewId":"application-manageresources-display-component---detailRU","i18NText":{"propertyName":"tooltip","key":"closeColumn"},"searchOpenDialogs":true,"interaction":{"idSuffix":"inner"}},"wdio_ui5_key":"etmportal.ui.manageresources.view.Detailsap.m.Button{\"propertyName\":\"tooltip\",\"key\":\"closeColumn\"}"}]}
COMMAND: GET /session/37ca3b759bac6faaed564aba4deb3c32/screenshot - {}
RESULT: {"script":"<script> [1562 bytes]","args":[{"selector":{"controlType":"sap.m.Button","viewName":"etm.portal.ui.manageresources.view.Detail","viewId":"application-manageresources-display-component---detailRU","i18NText":{"propertyName":"tooltip","key":"closeColumn"},"searchOpenDialogs":true,"interaction":{"idSuffix":"inner"}},"wdio_ui5_key":"etmportal.ui.manageresources.view.Detailsap.m.Button{\"propertyName\":\"tooltip\",\"key\":\"closeColumn\"}"}]}
RESULT: undefined
COMMAND: POST /session/37ca3b759bac6faaed564aba4deb3c32/element - {"using":"xpath","value":"//*[@id=\"__button147\"]"}
RESULT: {}
RESULT: {"using":"xpath","value":"//*[@id=\"__button147\"]"}
COMMAND: POST /session/37ca3b759bac6faaed564aba4deb3c32/element/f.8D9121E00EF4972596309C37326D000A.d.104EFDBCF84AE6B1E92FA0F325FB3188.e.3239/click - {}
RESULT: {}
COMMAND: GET /session/37ca3b759bac6faaed564aba4deb3c32/screenshot - {}
RESULT: {}
COMMAND: POST /session/37ca3b759bac6faaed564aba4deb3c32/refresh - {}
RESULT: {}
COMMAND: GET /session/37ca3b759bac6faaed564aba4deb3c32/screenshot - {}
RESULT: undefined
RESULT: undefined
RESULT: {}
COMMAND: POST /session/37ca3b759bac6faaed564aba4deb3c32/execute/async - {"script":"<script> [189 bytes]","args":[]}
RESULT: {"script":"<script> [189 bytes]","args":[]}
COMMAND: POST /session/37ca3b759bac6faaed564aba4deb3c32/execute/async - {"script":"<script> [123 bytes]","args":[]}
RESULT: {"script":"<script> [123 bytes]","args":[]}
COMMAND: POST /session/37ca3b759bac6faaed564aba4deb3c32/timeouts - {"script":"<number>"}
RESULT: {"script":"<number>"}
COMMAND: GET /session/37ca3b759bac6faaed564aba4deb3c32/timeouts - {}
RESULT: {}
RESULT: undefined
COMMAND: POST /session/37ca3b759bac6faaed564aba4deb3c32/execute/async - {"script":"<script> [2676 bytes]","args":[]}
RESULT: {"script":"<script> [2676 bytes]","args":[]}
COMMAND: POST /session/37ca3b759bac6faaed564aba4deb3c32/execute/async - {"script":"<script> [2342 bytes]","args":[{"protocol":"http","hostname":"0.0.0.0","path":"/","capabilities":{"browserName":"chrome","goog:chromeOptions":{"binary":"C:\\Program Files\\Google\\Chrome\\Application\\chrome.exe","args":["--start-maximized"]}},"logLevel":"warn","connectionRetryTimeout":120000,"connectionRetryCount":3,"logLevels":{},"enableDirectConnect":true,"strictSSL":true,"_":"65 more keys: [\"cacheDir\",\"port\",\"requestedCapabilities\",\"automationProtocol\",\"baseUrl\",\"waitforInterval\",\"waitforTimeout\",\"onReload\",\"beforeCommand\",\"afterCommand\",\"rootDir\",\"specs\",\"suites\",\"exclude\",\"groupLogsByTestSpec\",\"excludeDriverLogs\",\"bail\",\"framework\",\"reporters\",\"services\",\"maxInstances\",\"maxInstancesPerCapability\",\"injectGlobals\",\"filesToWatch\",\"execArgv\",\"runnerEnv\",\"runner\",\"shard\",\"specFileRetries\",\"specFileRetriesDelay\",\"specFileRetriesDeferred\",\"reporterSyncInterval\",\"reporterSyncTimeout\",\"cucumberFeaturesWithLineNumbers\",\"autoCompileOpts\",\"mochaOpts\",\"jasmineOpts\",\"cucumberOpts\",\"onPrepare\",\"onWorkerStart\",\"onWorkerEnd\",\"before\",\"beforeSession\",\"beforeSuite\",\"beforeHook\",\"beforeTest\",\"afterTest\",\"afterHook\",\"afterSuite\",\"afterSession\",\"after\",\"onComplete\",\"beforeAssertion\",\"afterAssertion\",\"beforeFeature\",\"beforeScenario\",\"beforeStep\",\"afterStep\",\"afterScenario\",\"afterFeature\",\"_\",\"suite\",\"$0\",\"ignoredWorkerServices\",\"wdi5\"]"}]}
RESULT: {"script":"<script> [2342 bytes]","args":[{"protocol":"http","hostname":"0.0.0.0","path":"/","capabilities":{"browserName":"chrome","goog:chromeOptions":{"binary":"C:\\Program Files\\Google\\Chrome\\Application\\chrome.exe","args":["--start-maximized"]}},"logLevel":"warn","connectionRetryTimeout":120000,"connectionRetryCount":3,"logLevels":{},"enableDirectConnect":true,"strictSSL":true,"_":"65 more keys: [\"cacheDir\",\"port\",\"requestedCapabilities\",\"automationProtocol\",\"baseUrl\",\"waitforInterval\",\"waitforTimeout\",\"onReload\",\"beforeCommand\",\"afterCommand\",\"rootDir\",\"specs\",\"suites\",\"exclude\",\"groupLogsByTestSpec\",\"excludeDriverLogs\",\"bail\",\"framework\",\"reporters\",\"services\",\"maxInstances\",\"maxInstancesPerCapability\",\"injectGlobals\",\"filesToWatch\",\"execArgv\",\"runnerEnv\",\"runner\",\"shard\",\"specFileRetries\",\"specFileRetriesDelay\",\"specFileRetriesDeferred\",\"reporterSyncInterval\",\"reporterSyncTimeout\",\"cucumberFeaturesWithLineNumbers\",\"autoCompileOpts\",\"mochaOpts\",\"jasmineOpts\",\"cucumberOpts\",\"onPrepare\",\"onWorkerStart\",\"onWorkerEnd\",\"before\",\"beforeSession\",\"beforeSuite\",\"beforeHook\",\"beforeTest\",\"afterTest\",\"afterHook\",\"afterSuite\",\"afterSession\",\"after\",\"onComplete\",\"beforeAssertion\",\"afterAssertion\",\"beforeFeature\",\"beforeScenario\",\"beforeStep\",\"afterStep\",\"afterScenario\",\"afterFeature\",\"_\",\"suite\",\"$0\",\"ignoredWorkerServices\",\"wdi5\"]"}]}
COMMAND: POST /session/37ca3b759bac6faaed564aba4deb3c32/execute/async - {"script":"<script> [21126 bytes]","args":[35000]}
RESULT: {"script":"<script> [21126 bytes]","args":[35000]}
COMMAND: POST /session/37ca3b759bac6faaed564aba4deb3c32/element - {"using":"css selector","value":"#shell-header-logo"}
RESULT: {"using":"css selector","value":"#shell-header-logo"}
COMMAND: POST /session/37ca3b759bac6faaed564aba4deb3c32/element/f.8D9121E00EF4972596309C37326D000A.d.E2BA9F46DCD903688155A6A66A5B760A.e.3268/click - {}
RESULT: {}
COMMAND: GET /session/37ca3b759bac6faaed564aba4deb3c32/screenshot - {}
RESULT: {}
COMMAND: POST /session/37ca3b759bac6faaed564aba4deb3c32/execute/async - {"script":"<script> [1562 bytes]","args":[{"selector":{"controlType":"sap.m.GenericTile","properties":{"header":"Manage Resources"}},"wdio_ui5_key":"sapm.GenericTile{\"header\":\"Manage Resources\"}"}]}
RESULT: {"script":"<script> [1562 bytes]","args":[{"selector":{"controlType":"sap.m.GenericTile","properties":{"header":"Manage Resources"}},"wdio_ui5_key":"sapm.GenericTile{\"header\":\"Manage Resources\"}"}]}
RESULT: undefined
COMMAND: POST /session/37ca3b759bac6faaed564aba4deb3c32/element - {"using":"xpath","value":"//*[@id=\"__tile39\"]"}
RESULT: {"using":"xpath","value":"//*[@id=\"__tile39\"]"}
COMMAND: POST /session/37ca3b759bac6faaed564aba4deb3c32/element/f.8D9121E00EF4972596309C37326D000A.d.E2BA9F46DCD903688155A6A66A5B760A.e.3454/click - {}
RESULT: undefined
RESULT: undefined
RESULT: {}
COMMAND: GET /session/37ca3b759bac6faaed564aba4deb3c32/screenshot - {}
RESULT: {}
COMMAND: POST /session/37ca3b759bac6faaed564aba4deb3c32/element - {"using":"xpath","value":"//button[@data-kt=\"addNewRUOverflowToolbarButton\"]"}
RESULT: {"using":"xpath","value":"//button[@data-kt=\"addNewRUOverflowToolbarButton\"]"}
COMMAND: POST /session/37ca3b759bac6faaed564aba4deb3c32/execute/sync - {"script":"<script> [8489 bytes]","args":[{"element-6066-11e4-a52e-4f735466cecf":"f.8D9121E00EF4972596309C37326D000A.d.E2BA9F46DCD903688155A6A66A5B760A.e.3525","ELEMENT":"f.8D9121E00EF4972596309C37326D000A.d.E2BA9F46DCD903688155A6A66A5B760A.e.3525"}]}
RESULT: {"script":"<script> [8489 bytes]","args":[{"element-6066-11e4-a52e-4f735466cecf":"f.8D9121E00EF4972596309C37326D000A.d.E2BA9F46DCD903688155A6A66A5B760A.e.3525","ELEMENT":"f.8D9121E00EF4972596309C37326D000A.d.E2BA9F46DCD903688155A6A66A5B760A.e.3525"}]}
COMMAND: POST /session/37ca3b759bac6faaed564aba4deb3c32/element/f.8D9121E00EF4972596309C37326D000A.d.E2BA9F46DCD903688155A6A66A5B760A.e.3525/click - {}
COMMAND: GET /session/37ca3b759bac6faaed564aba4deb3c32/screenshot - {}
RESULT: {}
COMMAND: GET /session/37ca3b759bac6faaed564aba4deb3c32/screenshot - {}
RESULT: {}
COMMAND: POST /session/37ca3b759bac6faaed564aba4deb3c32/execute/async - {"script":"<script> [1562 bytes]","args":[{"selector":{"id":"application-manageresources-display-component---newResourceUnit--TYPE-arrow"},"wdio_ui5_key":"applicationmanageresources-display-component---newResourceUnit--TYPE-arrow"}]}
RESULT: {}
RESULT: {"script":"<script> [1562 bytes]","args":[{"selector":{"id":"application-manageresources-display-component---newResourceUnit--TYPE-arrow"},"wdio_ui5_key":"applicationmanageresources-display-component---newResourceUnit--TYPE-arrow"}]}
RESULT: undefined
COMMAND: POST /session/37ca3b759bac6faaed564aba4deb3c32/element - {"using":"xpath","value":"//*[@id=\"application-manageresources-display-component---newResourceUnit--TYPE-arrow\"]"}
RESULT: {"using":"xpath","value":"//*[@id=\"application-manageresources-display-component---newResourceUnit--TYPE-arrow\"]"}
COMMAND: POST /session/37ca3b759bac6faaed564aba4deb3c32/element/f.8D9121E00EF4972596309C37326D000A.d.E2BA9F46DCD903688155A6A66A5B760A.e.3848/click - {}
RESULT: {}
COMMAND: POST /session/37ca3b759bac6faaed564aba4deb3c32/execute/async - {"script":"<script> [1562 bytes]","args":[{"selector":{"controlType":"sap.m.StandardListItem","viewName":"reusables.view.manageresources.NewResourceUnit","viewId":"application-manageresources-display-component---newResourceUnit","properties":{"title":"Equipment"},"searchOpenDialogs":true,"interaction":{"idSuffix":"content"}},"wdio_ui5_key":"reusablesview.manageresources.NewResourceUnitsap.m.StandardListItem{\"title\":\"Equipment\"}"}]}
COMMAND: GET /session/37ca3b759bac6faaed564aba4deb3c32/screenshot - {}
RESULT: {"script":"<script> [1562 bytes]","args":[{"selector":{"controlType":"sap.m.StandardListItem","viewName":"reusables.view.manageresources.NewResourceUnit","viewId":"application-manageresources-display-component---newResourceUnit","properties":{"title":"Equipment"},"searchOpenDialogs":true,"interaction":{"idSuffix":"content"}},"wdio_ui5_key":"reusablesview.manageresources.NewResourceUnitsap.m.StandardListItem{\"title\":\"Equipment\"}"}]}
RESULT: undefined
COMMAND: POST /session/37ca3b759bac6faaed564aba4deb3c32/element - {"using":"xpath","value":"//*[@id=\"__item181\"]"}
RESULT: {}
RESULT: {"using":"xpath","value":"//*[@id=\"__item181\"]"}
COMMAND: POST /session/37ca3b759bac6faaed564aba4deb3c32/element/f.8D9121E00EF4972596309C37326D000A.d.E2BA9F46DCD903688155A6A66A5B760A.e.3851/click - {}
RESULT: {}
COMMAND: POST /session/37ca3b759bac6faaed564aba4deb3c32/execute/async - {"script":"<script> [1562 bytes]","args":[{"selector":{"id":"application-manageresources-display-component---newResourceUnit--resourceId","interaction":{"idSuffix":"inner"}},"wdio_ui5_key":"applicationmanageresources-display-component---newResourceUnit--resourceId"}]}
COMMAND: GET /session/37ca3b759bac6faaed564aba4deb3c32/screenshot - {}
RESULT: {"script":"<script> [1562 bytes]","args":[{"selector":{"id":"application-manageresources-display-component---newResourceUnit--resourceId","interaction":{"idSuffix":"inner"}},"wdio_ui5_key":"applicationmanageresources-display-component---newResourceUnit--resourceId"}]}
RESULT: undefined
COMMAND: POST /session/37ca3b759bac6faaed564aba4deb3c32/execute/async - {"script":"<script> [776 bytes]","args":[{"enterText":"WdIOR2cEquipa6yrgk","selector":{"id":"application-manageresources-display-component---newResourceUnit--resourceId","interaction":{"idSuffix":"inner"}},"clearTextFirst":true,"interactionType":"ENTER_TEXT"}]}
RESULT: {}
RESULT: {"script":"<script> [776 bytes]","args":[{"enterText":"WdIOR2cEquipa6yrgk","selector":{"id":"application-manageresources-display-component---newResourceUnit--resourceId","interaction":{"idSuffix":"inner"}},"clearTextFirst":true,"interactionType":"ENTER_TEXT"}]}
COMMAND: POST /session/37ca3b759bac6faaed564aba4deb3c32/execute/async - {"script":"<script> [1562 bytes]","args":[{"selector":{"id":"application-manageresources-display-component---newResourceUnit--SHORT_TEXT","interaction":{"idSuffix":"inner"}},"wdio_ui5_key":"applicationmanageresources-display-component---newResourceUnit--SHORT_TEXT"}]}
RESULT: {"script":"<script> [1562 bytes]","args":[{"selector":{"id":"application-manageresources-display-component---newResourceUnit--SHORT_TEXT","interaction":{"idSuffix":"inner"}},"wdio_ui5_key":"applicationmanageresources-display-component---newResourceUnit--SHORT_TEXT"}]}
RESULT: undefined
COMMAND: POST /session/37ca3b759bac6faaed564aba4deb3c32/execute/async - {"script":"<script> [776 bytes]","args":[{"enterText":"WdIOR2cEquipa6yrgk","selector":{"id":"application-manageresources-display-component---newResourceUnit--SHORT_TEXT","interaction":{"idSuffix":"inner"}},"clearTextFirst":true,"interactionType":"ENTER_TEXT"}]}
RESULT: {"script":"<script> [776 bytes]","args":[{"enterText":"WdIOR2cEquipa6yrgk","selector":{"id":"application-manageresources-display-component---newResourceUnit--SHORT_TEXT","interaction":{"idSuffix":"inner"}},"clearTextFirst":true,"interactionType":"ENTER_TEXT"}]}
COMMAND: POST /session/37ca3b759bac6faaed564aba4deb3c32/execute/async - {"script":"<script> [1562 bytes]","args":[{"selector":{"id":"application-manageresources-display-component---newResourceUnit--BASE_UNIT_OF_MEASURE","interaction":{"idSuffix":"inner"}},"wdio_ui5_key":"applicationmanageresources-display-component---newResourceUnit--BASE_UNIT_OF_MEASURE"}]}
RESULT: {"script":"<script> [1562 bytes]","args":[{"selector":{"id":"application-manageresources-display-component---newResourceUnit--BASE_UNIT_OF_MEASURE","interaction":{"idSuffix":"inner"}},"wdio_ui5_key":"applicationmanageresources-display-component---newResourceUnit--BASE_UNIT_OF_MEASURE"}]}
RESULT: undefined
COMMAND: POST /session/37ca3b759bac6faaed564aba4deb3c32/execute/async - {"script":"<script> [776 bytes]","args":[{"enterText":"Piece","selector":{"id":"application-manageresources-display-component---newResourceUnit--BASE_UNIT_OF_MEASURE","interaction":{"idSuffix":"inner"}},"clearTextFirst":true,"interactionType":"ENTER_TEXT"}]}
RESULT: {"script":"<script> [776 bytes]","args":[{"enterText":"Piece","selector":{"id":"application-manageresources-display-component---newResourceUnit--BASE_UNIT_OF_MEASURE","interaction":{"idSuffix":"inner"}},"clearTextFirst":true,"interactionType":"ENTER_TEXT"}]}
COMMAND: POST /session/37ca3b759bac6faaed564aba4deb3c32/execute/async - {"script":"<script> [1562 bytes]","args":[{"selector":{"id":"application-manageresources-display-component---newResourceUnit--WEIGHT_UNIT","interaction":{"idSuffix":"inner"}},"wdio_ui5_key":"applicationmanageresources-display-component---newResourceUnit--WEIGHT_UNIT"}]}
RESULT: {"script":"<script> [1562 bytes]","args":[{"selector":{"id":"application-manageresources-display-component---newResourceUnit--WEIGHT_UNIT","interaction":{"idSuffix":"inner"}},"wdio_ui5_key":"applicationmanageresources-display-component---newResourceUnit--WEIGHT_UNIT"}]}
RESULT: undefined
COMMAND: POST /session/37ca3b759bac6faaed564aba4deb3c32/execute/async - {"script":"<script> [776 bytes]","args":[{"enterText":"Gram","selector":{"id":"application-manageresources-display-component---newResourceUnit--WEIGHT_UNIT","interaction":{"idSuffix":"inner"}},"clearTextFirst":true,"interactionType":"ENTER_TEXT"}]}
RESULT: {"script":"<script> [776 bytes]","args":[{"enterText":"Gram","selector":{"id":"application-manageresources-display-component---newResourceUnit--WEIGHT_UNIT","interaction":{"idSuffix":"inner"}},"clearTextFirst":true,"interactionType":"ENTER_TEXT"}]}
COMMAND: POST /session/37ca3b759bac6faaed564aba4deb3c32/execute/async - {"script":"<script> [1562 bytes]","args":[{"selector":{"id":"application-manageresources-display-component---newResourceUnit--newRRUPage-OPHeaderContent-collapseBtn-img"},"wdio_ui5_key":"applicationmanageresources-display-component---newResourceUnit--newRRUPage-OPHeaderContent-collapseBtn-img"}]}
RESULT: {"script":"<script> [1562 bytes]","args":[{"selector":{"id":"application-manageresources-display-component---newResourceUnit--newRRUPage-OPHeaderContent-collapseBtn-img"},"wdio_ui5_key":"applicationmanageresources-display-component---newResourceUnit--newRRUPage-OPHeaderContent-collapseBtn-img"}]}
RESULT: undefined
COMMAND: POST /session/37ca3b759bac6faaed564aba4deb3c32/element - {"using":"xpath","value":"//*[@id=\"application-manageresources-display-component---newResourceUnit--newRRUPage-OPHeaderContent-collapseBtn-img\"]"}
RESULT: {"using":"xpath","value":"//*[@id=\"application-manageresources-display-component---newResourceUnit--newRRUPage-OPHeaderContent-collapseBtn-img\"]"}
COMMAND: POST /session/37ca3b759bac6faaed564aba4deb3c32/element/f.8D9121E00EF4972596309C37326D000A.d.E2BA9F46DCD903688155A6A66A5B760A.e.3860/click - {}
RESULT: {}
COMMAND: GET /session/37ca3b759bac6faaed564aba4deb3c32/screenshot - {}
RESULT: {}
COMMAND: POST /session/37ca3b759bac6faaed564aba4deb3c32/element - {"using":"xpath","value":"(//span[contains(@id ,\"application-manageresources-display-component---newResourceUnit--DIMENSION_UNIT-arrow\")])[1]"}
RESULT: {"using":"xpath","value":"(//span[contains(@id ,\"application-manageresources-display-component---newResourceUnit--DIMENSION_UNIT-arrow\")])[1]"}
COMMAND: POST /session/37ca3b759bac6faaed564aba4deb3c32/element/f.8D9121E00EF4972596309C37326D000A.d.E2BA9F46DCD903688155A6A66A5B760A.e.3982/click - {}
RESULT: {}
COMMAND: GET /session/37ca3b759bac6faaed564aba4deb3c32/screenshot - {}
RESULT: {}
COMMAND: POST /session/37ca3b759bac6faaed564aba4deb3c32/execute/async - {"script":"<script> [1562 bytes]","args":[{"selector":{"controlType":"sap.m.StandardListItem","viewName":"reusables.view.manageresources.NewResourceUnit","viewId":"application-manageresources-display-component---newResourceUnit","properties":{"title":"Centimeter"},"searchOpenDialogs":true,"interaction":{"idSuffix":"titleText"}},"wdio_ui5_key":"reusablesview.manageresources.NewResourceUnitsap.m.StandardListItem{\"title\":\"Centimeter\"}"}]}
RESULT: {"script":"<script> [1562 bytes]","args":[{"selector":{"controlType":"sap.m.StandardListItem","viewName":"reusables.view.manageresources.NewResourceUnit","viewId":"application-manageresources-display-component---newResourceUnit","properties":{"title":"Centimeter"},"searchOpenDialogs":true,"interaction":{"idSuffix":"titleText"}},"wdio_ui5_key":"reusablesview.manageresources.NewResourceUnitsap.m.StandardListItem{\"title\":\"Centimeter\"}"}]}
RESULT: undefined
COMMAND: POST /session/37ca3b759bac6faaed564aba4deb3c32/element - {"using":"xpath","value":"//*[@id=\"__item224\"]"}
RESULT: {"using":"xpath","value":"//*[@id=\"__item224\"]"}
COMMAND: POST /session/37ca3b759bac6faaed564aba4deb3c32/element/f.8D9121E00EF4972596309C37326D000A.d.E2BA9F46DCD903688155A6A66A5B760A.e.3986/click - {}
RESULT: {}
COMMAND: GET /session/37ca3b759bac6faaed564aba4deb3c32/screenshot - {}
RESULT: {}
COMMAND: POST /session/37ca3b759bac6faaed564aba4deb3c32/execute/async - {"script":"<script> [1562 bytes]","args":[{"selector":{"id":"application-manageresources-display-component---newResourceUnit--newRRUPage-anchBar-application-manageresources-display-component---newResourceUnit--control-anchor","interaction":{"idSuffix":"BDI-content"}},"wdio_ui5_key":"applicationmanageresources-display-component---newResourceUnit--newRRUPage-anchBar-application-manageresources-display-component---newResourceUnit--control-anchor"}]}
RESULT: {"script":"<script> [1562 bytes]","args":[{"selector":{"id":"application-manageresources-display-component---newResourceUnit--newRRUPage-anchBar-application-manageresources-display-component---newResourceUnit--control-anchor","interaction":{"idSuffix":"BDI-content"}},"wdio_ui5_key":"applicationmanageresources-display-component---newResourceUnit--newRRUPage-anchBar-application-manageresources-display-component---newResourceUnit--control-anchor"}]}
RESULT: undefined
COMMAND: POST /session/37ca3b759bac6faaed564aba4deb3c32/element - {"using":"xpath","value":"//*[@id=\"application-manageresources-display-component---newResourceUnit--newRRUPage-anchBar-application-manageresources-display-component---newResourceUnit--control-anchor\"]"}
RESULT: {"using":"xpath","value":"//*[@id=\"application-manageresources-display-component---newResourceUnit--newRRUPage-anchBar-application-manageresources-display-component---newResourceUnit--control-anchor\"]"}
COMMAND: POST /session/37ca3b759bac6faaed564aba4deb3c32/element/f.8D9121E00EF4972596309C37326D000A.d.E2BA9F46DCD903688155A6A66A5B760A.e.3988/click - {}
RESULT: {}
COMMAND: POST /session/37ca3b759bac6faaed564aba4deb3c32/execute/async - {"script":"<script> [1562 bytes]","args":[{"selector":{"id":"application-manageresources-display-component---newResourceUnit--PLANNING_GROUP","interaction":{"idSuffix":"inner"}},"wdio_ui5_key":"applicationmanageresources-display-component---newResourceUnit--PLANNING_GROUP"}]}
COMMAND: GET /session/37ca3b759bac6faaed564aba4deb3c32/screenshot - {}
RESULT: {"script":"<script> [1562 bytes]","args":[{"selector":{"id":"application-manageresources-display-component---newResourceUnit--PLANNING_GROUP","interaction":{"idSuffix":"inner"}},"wdio_ui5_key":"applicationmanageresources-display-component---newResourceUnit--PLANNING_GROUP"}]}
RESULT: undefined
COMMAND: POST /session/37ca3b759bac6faaed564aba4deb3c32/execute/async - {"script":"<script> [776 bytes]","args":[{"enterText":"Heavy Equi","selector":{"id":"application-manageresources-display-component---newResourceUnit--PLANNING_GROUP","interaction":{"idSuffix":"inner"}},"clearTextFirst":true,"interactionType":"ENTER_TEXT"}]}
RESULT: {}
RESULT: {"script":"<script> [776 bytes]","args":[{"enterText":"Heavy Equi","selector":{"id":"application-manageresources-display-component---newResourceUnit--PLANNING_GROUP","interaction":{"idSuffix":"inner"}},"clearTextFirst":true,"interactionType":"ENTER_TEXT"}]}
COMMAND: POST /session/37ca3b759bac6faaed564aba4deb3c32/execute/async - {"script":"<script> [1562 bytes]","args":[{"selector":{"id":"application-manageresources-display-component---newResourceUnit--ITEM_TYPE-arrow"},"wdio_ui5_key":"applicationmanageresources-display-component---newResourceUnit--ITEM_TYPE-arrow"}]}
RESULT: {"script":"<script> [1562 bytes]","args":[{"selector":{"id":"application-manageresources-display-component---newResourceUnit--ITEM_TYPE-arrow"},"wdio_ui5_key":"applicationmanageresources-display-component---newResourceUnit--ITEM_TYPE-arrow"}]}
RESULT: undefined
COMMAND: POST /session/37ca3b759bac6faaed564aba4deb3c32/element - {"using":"xpath","value":"//*[@id=\"application-manageresources-display-component---newResourceUnit--ITEM_TYPE-arrow\"]"}
RESULT: {"using":"xpath","value":"//*[@id=\"application-manageresources-display-component---newResourceUnit--ITEM_TYPE-arrow\"]"}
COMMAND: POST /session/37ca3b759bac6faaed564aba4deb3c32/element/f.8D9121E00EF4972596309C37326D000A.d.E2BA9F46DCD903688155A6A66A5B760A.e.3993/click - {}
RESULT: {}
COMMAND: POST /session/37ca3b759bac6faaed564aba4deb3c32/execute/async - {"script":"<script> [1562 bytes]","args":[{"selector":{"controlType":"sap.m.StandardListItem","viewName":"reusables.view.manageresources.NewResourceUnit","viewId":"application-manageresources-display-component---newResourceUnit","properties":{"title":"Resource Unit"},"searchOpenDialogs":true,"interaction":{"idSuffix":"titleText"}},"wdio_ui5_key":"reusablesview.manageresources.NewResourceUnitsap.m.StandardListItem{\"title\":\"Resource Unit\"}"}]}
COMMAND: GET /session/37ca3b759bac6faaed564aba4deb3c32/screenshot - {}
RESULT: {"script":"<script> [1562 bytes]","args":[{"selector":{"controlType":"sap.m.StandardListItem","viewName":"reusables.view.manageresources.NewResourceUnit","viewId":"application-manageresources-display-component---newResourceUnit","properties":{"title":"Resource Unit"},"searchOpenDialogs":true,"interaction":{"idSuffix":"titleText"}},"wdio_ui5_key":"reusablesview.manageresources.NewResourceUnitsap.m.StandardListItem{\"title\":\"Resource Unit\"}"}]}
RESULT: undefined
COMMAND: POST /session/37ca3b759bac6faaed564aba4deb3c32/element - {"using":"xpath","value":"//*[@id=\"__item246\"]"}
RESULT: {}
RESULT: {"using":"xpath","value":"//*[@id=\"__item246\"]"}
COMMAND: POST /session/37ca3b759bac6faaed564aba4deb3c32/element/f.8D9121E00EF4972596309C37326D000A.d.E2BA9F46DCD903688155A6A66A5B760A.e.3995/click - {}
RESULT: {}
COMMAND: POST /session/37ca3b759bac6faaed564aba4deb3c32/element - {"using":"xpath","value":"//bdi[contains(text(), \"Time Segment\")]"}
COMMAND: GET /session/37ca3b759bac6faaed564aba4deb3c32/screenshot - {}
RESULT: {"using":"xpath","value":"//bdi[contains(text(), \"Time Segment\")]"}
COMMAND: GET /session/37ca3b759bac6faaed564aba4deb3c32/element/f.8D9121E00EF4972596309C37326D000A.d.E2BA9F46DCD903688155A6A66A5B760A.e.3996/rect - {}
RESULT: {}
RESULT: {}
COMMAND: GET /session/37ca3b759bac6faaed564aba4deb3c32/window/rect - {}
RESULT: {}
COMMAND: POST /session/37ca3b759bac6faaed564aba4deb3c32/execute/sync - {"script":"<script> [92 bytes]","args":[]}
RESULT: {"script":"<script> [92 bytes]","args":[]}
COMMAND: POST /session/37ca3b759bac6faaed564aba4deb3c32/actions - {"actions":[{"id":"action7","type":"wheel","parameters":{},"actions":[{"type":"scroll","x":-1820,"y":-21,"deltaX":0,"deltaY":0,"duration":0,"origin":{"element-6066-11e4-a52e-4f735466cecf":"f.8D9121E00EF4972596309C37326D000A.d.E2BA9F46DCD903688155A6A66A5B760A.e.3996"}}]}]}
COMMAND: GET /session/37ca3b759bac6faaed564aba4deb3c32/screenshot - {}
RESULT: {}
COMMAND: POST /session/37ca3b759bac6faaed564aba4deb3c32/execute/sync - {"script":"<script> [79 bytes]","args":[{"element-6066-11e4-a52e-4f735466cecf":"f.8D9121E00EF4972596309C37326D000A.d.E2BA9F46DCD903688155A6A66A5B760A.e.3996","ELEMENT":"f.8D9121E00EF4972596309C37326D000A.d.E2BA9F46DCD903688155A6A66A5B760A.e.3996"},{"block":"start","inline":"nearest"}]}
RESULT: {"script":"<script> [79 bytes]","args":[{"element-6066-11e4-a52e-4f735466cecf":"f.8D9121E00EF4972596309C37326D000A.d.E2BA9F46DCD903688155A6A66A5B760A.e.3996","ELEMENT":"f.8D9121E00EF4972596309C37326D000A.d.E2BA9F46DCD903688155A6A66A5B760A.e.3996"},{"block":"start","inline":"nearest"}]}
COMMAND: POST /session/37ca3b759bac6faaed564aba4deb3c32/execute/async - {"script":"<script> [1562 bytes]","args":[{"selector":{"id":"application-manageresources-display-component---newResourceUnit--btnAddTimeSegment-img"},"wdio_ui5_key":"applicationmanageresources-display-component---newResourceUnit--btnAddTimeSegment-img"}]}
COMMAND: GET /session/37ca3b759bac6faaed564aba4deb3c32/screenshot - {}
RESULT: {"script":"<script> [1562 bytes]","args":[{"selector":{"id":"application-manageresources-display-component---newResourceUnit--btnAddTimeSegment-img"},"wdio_ui5_key":"applicationmanageresources-display-component---newResourceUnit--btnAddTimeSegment-img"}]}
RESULT: undefined
COMMAND: POST /session/37ca3b759bac6faaed564aba4deb3c32/element - {"using":"xpath","value":"//*[@id=\"application-manageresources-display-component---newResourceUnit--btnAddTimeSegment-img\"]"}
RESULT: {}
RESULT: {"using":"xpath","value":"//*[@id=\"application-manageresources-display-component---newResourceUnit--btnAddTimeSegment-img\"]"}
COMMAND: POST /session/37ca3b759bac6faaed564aba4deb3c32/element/f.8D9121E00EF4972596309C37326D000A.d.E2BA9F46DCD903688155A6A66A5B760A.e.3997/click - {}
RESULT: {}
COMMAND: GET /session/37ca3b759bac6faaed564aba4deb3c32/screenshot - {}
COMMAND: POST /session/37ca3b759bac6faaed564aba4deb3c32/element - {"using":"xpath","value":"//input[@id=\"application-manageresources-display-component---newResourceUnit--idRuTSAdmin-application-manageresources-display-component---newResourceUnit--RUTimeSegment-0-inner\"]"}
RESULT: {}
RESULT: {"using":"xpath","value":"//input[@id=\"application-manageresources-display-component---newResourceUnit--idRuTSAdmin-application-manageresources-display-component---newResourceUnit--RUTimeSegment-0-inner\"]"}
COMMAND: POST /session/37ca3b759bac6faaed564aba4deb3c32/element/f.8D9121E00EF4972596309C37326D000A.d.E2BA9F46DCD903688155A6A66A5B760A.e.4003/clear - {}
RESULT: {}
COMMAND: POST /session/37ca3b759bac6faaed564aba4deb3c32/element/f.8D9121E00EF4972596309C37326D000A.d.E2BA9F46DCD903688155A6A66A5B760A.e.4003/value - {"text":"WebdriverYardg5c4aj"}
COMMAND: GET /session/37ca3b759bac6faaed564aba4deb3c32/screenshot - {}
RESULT: {"text":"WebdriverYardg5c4aj"}
COMMAND: GET /session/37ca3b759bac6faaed564aba4deb3c32/screenshot - {}
RESULT: {}
RESULT: {}
COMMAND: POST /session/37ca3b759bac6faaed564aba4deb3c32/actions - {"actions":[{"id":"action8","type":"key","parameters":{},"actions":[{"type":"keyDown","value":""},{"type":"pause","duration":10},{"type":"keyUp","value":""}]}]}
RESULT: {"actions":[{"id":"action8","type":"key","parameters":{},"actions":[{"type":"keyDown","value":""},{"type":"pause","duration":10},{"type":"keyUp","value":""}]}]}
COMMAND: POST /session/37ca3b759bac6faaed564aba4deb3c32/execute/async - {"script":"<script> [1562 bytes]","args":[{"selector":{"controlType":"sap.ui.core.Icon","viewName":"reusables.view.manageresources.NewResourceUnit","viewId":"application-manageresources-display-component---newResourceUnit","properties":{"src":{"regex":{"source":"slim\\-arrow\\-down"}}},"ancestor":{"controlType":"sap.m.ComboBox","viewName":"reusables.view.manageresources.NewResourceUnit","viewId":"application-manageresources-display-component---newResourceUnit","bindingPath":{"path":"/RESOURCE_UNIT_TIME_SEQUENCES/0","propertyPath":"COST_OBJECT_ADMIN_CST_TYPE","modelName":"oNewRruModel"}}},"wdio_ui5_key":"reusablesview.manageresources.NewResourceUnitsap.ui.core.Icon{\"src\":{\"regex\":{\"source\":\"slim\\\\-arrow\\\\-down\"}}}{\"controlType\":\"sap.m.ComboBox\",\"viewName\":\"reusables.view.manageresources.NewResourceUnit\",\"viewId\":\"application-manageresources-display-component---newResourceUnit\",\"bindingPath\":{\"path\":\"/RESOURCE_UNIT_TIME_SEQUENCES/0\",\"propertyPath\":\"COST_OBJECT_ADMIN_CST_TYPE\",\"modelName\":\"oNewRruModel\"}}"}]}
COMMAND: GET /session/37ca3b759bac6faaed564aba4deb3c32/screenshot - {}
RESULT: {"script":"<script> [1562 bytes]","args":[{"selector":{"controlType":"sap.ui.core.Icon","viewName":"reusables.view.manageresources.NewResourceUnit","viewId":"application-manageresources-display-component---newResourceUnit","properties":{"src":{"regex":{"source":"slim\\-arrow\\-down"}}},"ancestor":{"controlType":"sap.m.ComboBox","viewName":"reusables.view.manageresources.NewResourceUnit","viewId":"application-manageresources-display-component---newResourceUnit","bindingPath":{"path":"/RESOURCE_UNIT_TIME_SEQUENCES/0","propertyPath":"COST_OBJECT_ADMIN_CST_TYPE","modelName":"oNewRruModel"}}},"wdio_ui5_key":"reusablesview.manageresources.NewResourceUnitsap.ui.core.Icon{\"src\":{\"regex\":{\"source\":\"slim\\\\-arrow\\\\-down\"}}}{\"controlType\":\"sap.m.ComboBox\",\"viewName\":\"reusables.view.manageresources.NewResourceUnit\",\"viewId\":\"application-manageresources-display-component---newResourceUnit\",\"bindingPath\":{\"path\":\"/RESOURCE_UNIT_TIME_SEQUENCES/0\",\"propertyPath\":\"COST_OBJECT_ADMIN_CST_TYPE\",\"modelName\":\"oNewRruModel\"}}"}]}
RESULT: undefined
COMMAND: POST /session/37ca3b759bac6faaed564aba4deb3c32/element - {"using":"xpath","value":"//*[@id=\"__box7-application-manageresources-display-component---newResourceUnit--RUTimeSegment-0-arrow\"]"}
RESULT: {}
RESULT: {"using":"xpath","value":"//*[@id=\"__box7-application-manageresources-display-component---newResourceUnit--RUTimeSegment-0-arrow\"]"}
COMMAND: POST /session/37ca3b759bac6faaed564aba4deb3c32/element/f.8D9121E00EF4972596309C37326D000A.d.E2BA9F46DCD903688155A6A66A5B760A.e.4018/click - {}
RESULT: {}
COMMAND: POST /session/37ca3b759bac6faaed564aba4deb3c32/execute/async - {"script":"<script> [1562 bytes]","args":[{"selector":{"controlType":"sap.m.StandardListItem","viewName":"reusables.view.manageresources.NewResourceUnit","viewId":"application-manageresources-display-component---newResourceUnit","properties":{"title":"PM Order"},"searchOpenDialogs":true,"interaction":{"idSuffix":"titleText"}},"wdio_ui5_key":"reusablesview.manageresources.NewResourceUnitsap.m.StandardListItem{\"title\":\"PM Order\"}"}]}
COMMAND: GET /session/37ca3b759bac6faaed564aba4deb3c32/screenshot - {}
RESULT: {"script":"<script> [1562 bytes]","args":[{"selector":{"controlType":"sap.m.StandardListItem","viewName":"reusables.view.manageresources.NewResourceUnit","viewId":"application-manageresources-display-component---newResourceUnit","properties":{"title":"PM Order"},"searchOpenDialogs":true,"interaction":{"idSuffix":"titleText"}},"wdio_ui5_key":"reusablesview.manageresources.NewResourceUnitsap.m.StandardListItem{\"title\":\"PM Order\"}"}]}
RESULT: undefined
COMMAND: POST /session/37ca3b759bac6faaed564aba4deb3c32/element - {"using":"xpath","value":"//*[@id=\"__item1092\"]"}
RESULT: {}
RESULT: {"using":"xpath","value":"//*[@id=\"__item1092\"]"}
COMMAND: POST /session/37ca3b759bac6faaed564aba4deb3c32/element/f.8D9121E00EF4972596309C37326D000A.d.E2BA9F46DCD903688155A6A66A5B760A.e.4022/click - {}
RESULT: {}
COMMAND: POST /session/37ca3b759bac6faaed564aba4deb3c32/element - {"using":"xpath","value":"(//input[contains(@id ,\"-application-manageresources-display-component---newResourceUnit--RUTimeSegment-0-inner\")])[8]"}
COMMAND: GET /session/37ca3b759bac6faaed564aba4deb3c32/screenshot - {}
RESULT: {"using":"xpath","value":"(//input[contains(@id ,\"-application-manageresources-display-component---newResourceUnit--RUTimeSegment-0-inner\")])[8]"}
COMMAND: POST /session/37ca3b759bac6faaed564aba4deb3c32/element/f.8D9121E00EF4972596309C37326D000A.d.E2BA9F46DCD903688155A6A66A5B760A.e.4009/clear - {}
RESULT: {}
COMMAND: POST /session/37ca3b759bac6faaed564aba4deb3c32/element - {"using":"xpath","value":"(//input[contains(@id ,\"-application-manageresources-display-component---newResourceUnit--RUTimeSegment-0-inner\")])[8]"}
RESULT: {"using":"xpath","value":"(//input[contains(@id ,\"-application-manageresources-display-component---newResourceUnit--RUTimeSegment-0-inner\")])[8]"}
COMMAND: POST /session/37ca3b759bac6faaed564aba4deb3c32/element/f.8D9121E00EF4972596309C37326D000A.d.E2BA9F46DCD903688155A6A66A5B760A.e.4009/clear - {}
COMMAND: POST /session/37ca3b759bac6faaed564aba4deb3c32/element - {"using":"xpath","value":"(//input[contains(@id ,\"-application-manageresources-display-component---newResourceUnit--RUTimeSegment-0-inner\")])[8]"}
RESULT: {"using":"xpath","value":"(//input[contains(@id ,\"-application-manageresources-display-component---newResourceUnit--RUTimeSegment-0-inner\")])[8]"}
COMMAND: POST /session/37ca3b759bac6faaed564aba4deb3c32/element/f.8D9121E00EF4972596309C37326D000A.d.E2BA9F46DCD903688155A6A66A5B760A.e.4024/clear - {}
RESULT: {}
COMMAND: POST /session/37ca3b759bac6faaed564aba4deb3c32/element/f.8D9121E00EF4972596309C37326D000A.d.E2BA9F46DCD903688155A6A66A5B760A.e.4024/value - {"text":"4000360"}
COMMAND: GET /session/37ca3b759bac6faaed564aba4deb3c32/screenshot - {}
COMMAND: POST /session/37ca3b759bac6faaed564aba4deb3c32/element - {"using":"xpath","value":"(//input[contains(@id ,\"-application-manageresources-display-component---newResourceUnit--RUTimeSegment-0-inner\")])[8]"}
RESULT: {}
RESULT: {"using":"xpath","value":"(//input[contains(@id ,\"-application-manageresources-display-component---newResourceUnit--RUTimeSegment-0-inner\")])[8]"}
COMMAND: POST /session/37ca3b759bac6faaed564aba4deb3c32/element/f.8D9121E00EF4972596309C37326D000A.d.E2BA9F46DCD903688155A6A66A5B760A.e.4024/value - {"text":"4000360"}
COMMAND: POST /session/37ca3b759bac6faaed564aba4deb3c32/element - {"using":"xpath","value":"(//input[contains(@id ,\"-application-manageresources-display-component---newResourceUnit--RUTimeSegment-0-inner\")])[8]"}
RESULT: {"using":"xpath","value":"(//input[contains(@id ,\"-application-manageresources-display-component---newResourceUnit--RUTimeSegment-0-inner\")])[8]"}
COMMAND: POST /session/37ca3b759bac6faaed564aba4deb3c32/element/f.8D9121E00EF4972596309C37326D000A.d.E2BA9F46DCD903688155A6A66A5B760A.e.4026/value - {"text":"4000360"}
RESULT: {"text":"4000360"}
COMMAND: GET /session/37ca3b759bac6faaed564aba4deb3c32/screenshot - {}
RESULT: {}
COMMAND: POST /session/37ca3b759bac6faaed564aba4deb3c32/actions - {"actions":[{"id":"action9","type":"key","parameters":{},"actions":[{"type":"keyDown","value":""},{"type":"pause","duration":10},{"type":"keyUp","value":""}]}]}
RESULT: {"actions":[{"id":"action9","type":"key","parameters":{},"actions":[{"type":"keyDown","value":""},{"type":"pause","duration":10},{"type":"keyUp","value":""}]}]}
COMMAND: GET /session/37ca3b759bac6faaed564aba4deb3c32/screenshot - {}
RESULT: {}
COMMAND: POST /session/37ca3b759bac6faaed564aba4deb3c32/element - {"using":"xpath","value":"//input[contains(@id ,\"application-manageresources-display-component---newResourceUnit--newTimeSegmentFromDatePicker-application-manageresources-display-component---newResourceUnit--RUTimeSegment-0-inner\")]"}
RESULT: {"using":"xpath","value":"//input[contains(@id ,\"application-manageresources-display-component---newResourceUnit--newTimeSegmentFromDatePicker-application-manageresources-display-component---newResourceUnit--RUTimeSegment-0-inner\")]"}
COMMAND: POST /session/37ca3b759bac6faaed564aba4deb3c32/element/f.8D9121E00EF4972596309C37326D000A.d.E2BA9F46DCD903688155A6A66A5B760A.e.4010/clear - {}
RESULT: {}
COMMAND: POST /session/37ca3b759bac6faaed564aba4deb3c32/element/f.8D9121E00EF4972596309C37326D000A.d.E2BA9F46DCD903688155A6A66A5B760A.e.4010/clear - {}
COMMAND: GET /session/37ca3b759bac6faaed564aba4deb3c32/screenshot - {}
RESULT: {}
COMMAND: POST /session/37ca3b759bac6faaed564aba4deb3c32/element/f.8D9121E00EF4972596309C37326D000A.d.E2BA9F46DCD903688155A6A66A5B760A.e.4010/value - {"text":"05/23/24"}
COMMAND: GET /session/37ca3b759bac6faaed564aba4deb3c32/screenshot - {}
RESULT: {}
RESULT: {"text":"05/23/24"}
COMMAND: POST /session/37ca3b759bac6faaed564aba4deb3c32/execute/async - {"script":"<script> [1562 bytes]","args":[{"selector":{"id":"application-manageresources-display-component---newResourceUnit--newRRUPage-anchBar-application-manageresources-display-component---newResourceUnit--resource-anchor","interaction":{"idSuffix":"BDI-content"}},"wdio_ui5_key":"applicationmanageresources-display-component---newResourceUnit--newRRUPage-anchBar-application-manageresources-display-component---newResourceUnit--resource-anchor"}]}
COMMAND: GET /session/37ca3b759bac6faaed564aba4deb3c32/screenshot - {}
RESULT: {}
RESULT: {"script":"<script> [1562 bytes]","args":[{"selector":{"id":"application-manageresources-display-component---newResourceUnit--newRRUPage-anchBar-application-manageresources-display-component---newResourceUnit--resource-anchor","interaction":{"idSuffix":"BDI-content"}},"wdio_ui5_key":"applicationmanageresources-display-component---newResourceUnit--newRRUPage-anchBar-application-manageresources-display-component---newResourceUnit--resource-anchor"}]}
RESULT: undefined
COMMAND: POST /session/37ca3b759bac6faaed564aba4deb3c32/element - {"using":"xpath","value":"//*[@id=\"application-manageresources-display-component---newResourceUnit--newRRUPage-anchBar-application-manageresources-display-component---newResourceUnit--resource-anchor\"]"}
RESULT: {}
RESULT: {"using":"xpath","value":"//*[@id=\"application-manageresources-display-component---newResourceUnit--newRRUPage-anchBar-application-manageresources-display-component---newResourceUnit--resource-anchor\"]"}
COMMAND: POST /session/37ca3b759bac6faaed564aba4deb3c32/element/f.8D9121E00EF4972596309C37326D000A.d.E2BA9F46DCD903688155A6A66A5B760A.e.4047/click - {}
RESULT: {}
COMMAND: POST /session/37ca3b759bac6faaed564aba4deb3c32/execute/async - {"script":"<script> [1562 bytes]","args":[{"selector":{"id":"application-manageresources-display-component---newResourceUnit--PLANNED_DELIVERY_DATE","interaction":{"idSuffix":"inner"}},"wdio_ui5_key":"applicationmanageresources-display-component---newResourceUnit--PLANNED_DELIVERY_DATE"}]}
COMMAND: GET /session/37ca3b759bac6faaed564aba4deb3c32/screenshot - {}
RESULT: {"script":"<script> [1562 bytes]","args":[{"selector":{"id":"application-manageresources-display-component---newResourceUnit--PLANNED_DELIVERY_DATE","interaction":{"idSuffix":"inner"}},"wdio_ui5_key":"applicationmanageresources-display-component---newResourceUnit--PLANNED_DELIVERY_DATE"}]}
RESULT: undefined
COMMAND: POST /session/37ca3b759bac6faaed564aba4deb3c32/execute/async - {"script":"<script> [6424 bytes]","args":[{"element-6066-11e4-a52e-4f735466cecf":"f.8D9121E00EF4972596309C37326D000A.d.E2BA9F46DCD903688155A6A66A5B760A.e.3905"},"setValue",["05/23/24"]]}
RESULT: {}
RESULT: {"script":"<script> [6424 bytes]","args":[{"element-6066-11e4-a52e-4f735466cecf":"f.8D9121E00EF4972596309C37326D000A.d.E2BA9F46DCD903688155A6A66A5B760A.e.3905"},"setValue",["05/23/24"]]}
COMMAND: POST /session/37ca3b759bac6faaed564aba4deb3c32/execute/async - {"script":"<script> [1562 bytes]","args":[{"selector":{"id":"application-manageresources-display-component---newResourceUnit--RETIRE_PLANNED_DATE","interaction":{"idSuffix":"inner"}},"wdio_ui5_key":"applicationmanageresources-display-component---newResourceUnit--RETIRE_PLANNED_DATE"}]}
RESULT: {"script":"<script> [1562 bytes]","args":[{"selector":{"id":"application-manageresources-display-component---newResourceUnit--RETIRE_PLANNED_DATE","interaction":{"idSuffix":"inner"}},"wdio_ui5_key":"applicationmanageresources-display-component---newResourceUnit--RETIRE_PLANNED_DATE"}]}
RESULT: undefined
COMMAND: POST /session/37ca3b759bac6faaed564aba4deb3c32/execute/async - {"script":"<script> [776 bytes]","args":[{"enterText":"3/14/29","selector":{"id":"application-manageresources-display-component---newResourceUnit--RETIRE_PLANNED_DATE","interaction":{"idSuffix":"inner"}},"clearTextFirst":true,"interactionType":"ENTER_TEXT"}]}
RESULT: {"script":"<script> [776 bytes]","args":[{"enterText":"3/14/29","selector":{"id":"application-manageresources-display-component---newResourceUnit--RETIRE_PLANNED_DATE","interaction":{"idSuffix":"inner"}},"clearTextFirst":true,"interactionType":"ENTER_TEXT"}]}
COMMAND: POST /session/37ca3b759bac6faaed564aba4deb3c32/execute/async - {"script":"<script> [1562 bytes]","args":[{"selector":{"controlType":"sap.m.Button","viewName":"reusables.view.manageresources.NewResourceUnit","viewId":"application-manageresources-display-component---newResourceUnit","i18NText":{"propertyName":"tooltip","key":"save"},"interaction":{"idSuffix":"BDI-content"}},"wdio_ui5_key":"reusablesview.manageresources.NewResourceUnitsap.m.Button{\"propertyName\":\"tooltip\",\"key\":\"save\"}"}]}
RESULT: {"script":"<script> [1562 bytes]","args":[{"selector":{"controlType":"sap.m.Button","viewName":"reusables.view.manageresources.NewResourceUnit","viewId":"application-manageresources-display-component---newResourceUnit","i18NText":{"propertyName":"tooltip","key":"save"},"interaction":{"idSuffix":"BDI-content"}},"wdio_ui5_key":"reusablesview.manageresources.NewResourceUnitsap.m.Button{\"propertyName\":\"tooltip\",\"key\":\"save\"}"}]}
RESULT: undefined
COMMAND: POST /session/37ca3b759bac6faaed564aba4deb3c32/element - {"using":"xpath","value":"//*[@id=\"application-manageresources-display-component---newResourceUnit--createRuButton\"]"}
RESULT: {"using":"xpath","value":"//*[@id=\"application-manageresources-display-component---newResourceUnit--createRuButton\"]"}
COMMAND: POST /session/37ca3b759bac6faaed564aba4deb3c32/element/f.8D9121E00EF4972596309C37326D000A.d.E2BA9F46DCD903688155A6A66A5B760A.e.3866/click - {}
RESULT: {}
COMMAND: GET /session/37ca3b759bac6faaed564aba4deb3c32/screenshot - {}
RESULT: {}
COMMAND: POST /session/37ca3b759bac6faaed564aba4deb3c32/execute/async - {"script":"<script> [1562 bytes]","args":[{"selector":{"controlType":"sap.m.Button","properties":{"text":"Close"},"searchOpenDialogs":true,"interaction":{"idSuffix":"inner"}},"wdio_ui5_key":"sapm.Button{\"text\":\"Close\"}"}]}
RESULT: {"script":"<script> [1562 bytes]","args":[{"selector":{"controlType":"sap.m.Button","properties":{"text":"Close"},"searchOpenDialogs":true,"interaction":{"idSuffix":"inner"}},"wdio_ui5_key":"sapm.Button{\"text\":\"Close\"}"}]}
RESULT: undefined
COMMAND: POST /session/37ca3b759bac6faaed564aba4deb3c32/element - {"using":"xpath","value":"//*[@id=\"__mbox-btn-0\"]"}
RESULT: {"using":"xpath","value":"//*[@id=\"__mbox-btn-0\"]"}
COMMAND: POST /session/37ca3b759bac6faaed564aba4deb3c32/element/f.8D9121E00EF4972596309C37326D000A.d.E2BA9F46DCD903688155A6A66A5B760A.e.4057/click - {}
RESULT: {}
COMMAND: GET /session/37ca3b759bac6faaed564aba4deb3c32/screenshot - {}
RESULT: {}
COMMAND: POST /session/37ca3b759bac6faaed564aba4deb3c32/execute/async - {"script":"<script> [1562 bytes]","args":[{"selector":{"controlType":"sap.m.Text","viewName":"etm.portal.ui.manageresources.view.Detail","viewId":"application-manageresources-display-component---detailRU","bindingPath":{"propertyPath":"ID","modelName":"catalogModel"}},"wdio_ui5_key":"etmportal.ui.manageresources.view.Detailsap.m.Text{\"propertyPath\":\"ID\",\"modelName\":\"catalogModel\"}"}]}
RESULT: {"script":"<script> [1562 bytes]","args":[{"selector":{"controlType":"sap.m.Text","viewName":"etm.portal.ui.manageresources.view.Detail","viewId":"application-manageresources-display-component---detailRU","bindingPath":{"propertyPath":"ID","modelName":"catalogModel"}},"wdio_ui5_key":"etmportal.ui.manageresources.view.Detailsap.m.Text{\"propertyPath\":\"ID\",\"modelName\":\"catalogModel\"}"}]}
RESULT: undefined
COMMAND: POST /session/37ca3b759bac6faaed564aba4deb3c32/execute/async - {"script":"<script> [6424 bytes]","args":[{"element-6066-11e4-a52e-4f735466cecf":"f.8D9121E00EF4972596309C37326D000A.d.E2BA9F46DCD903688155A6A66A5B760A.e.4114"},"getText",[]]}
RESULT: {"script":"<script> [6424 bytes]","args":[{"element-6066-11e4-a52e-4f735466cecf":"f.8D9121E00EF4972596309C37326D000A.d.E2BA9F46DCD903688155A6A66A5B760A.e.4114"},"getText",[]]}
COMMAND: POST /session/37ca3b759bac6faaed564aba4deb3c32/element - {"using":"css selector","value":"#shell-header-logo"}
RESULT: {"using":"css selector","value":"#shell-header-logo"}
COMMAND: POST /session/37ca3b759bac6faaed564aba4deb3c32/element/f.8D9121E00EF4972596309C37326D000A.d.E2BA9F46DCD903688155A6A66A5B760A.e.3467/click - {}
RESULT: {}
COMMAND: GET /session/37ca3b759bac6faaed564aba4deb3c32/screenshot - {}
RESULT: {}
COMMAND: POST /session/37ca3b759bac6faaed564aba4deb3c32/execute/async - {"script":"<script> [1562 bytes]","args":[{"selector":{"controlType":"sap.m.GenericTile","properties":{"header":"Manage Catalogs"}},"wdio_ui5_key":"sapm.GenericTile{\"header\":\"Manage Catalogs\"}"}]}
RESULT: {"script":"<script> [1562 bytes]","args":[{"selector":{"controlType":"sap.m.GenericTile","properties":{"header":"Manage Catalogs"}},"wdio_ui5_key":"sapm.GenericTile{\"header\":\"Manage Catalogs\"}"}]}
RESULT: undefined
COMMAND: POST /session/37ca3b759bac6faaed564aba4deb3c32/element - {"using":"xpath","value":"//*[@id=\"__tile37\"]"}
RESULT: {"using":"xpath","value":"//*[@id=\"__tile37\"]"}
COMMAND: POST /session/37ca3b759bac6faaed564aba4deb3c32/element/f.8D9121E00EF4972596309C37326D000A.d.E2BA9F46DCD903688155A6A66A5B760A.e.4116/click - {}
RESULT: {}
COMMAND: GET /session/37ca3b759bac6faaed564aba4deb3c32/screenshot - {}
RESULT: {}
COMMAND: POST /session/37ca3b759bac6faaed564aba4deb3c32/execute/async - {"script":"<script> [1562 bytes]","args":[{"selector":{"controlType":"sap.m.Text","viewName":"etm.portal.ui.managecatalogs.view.MasterCatalogs","viewId":"application-managecatalogs-display-component---masterCatalogs","bindingPath":{"path":"/Catalogs('0D7502D073D53A0F1700BE067B89AFF9')","propertyPath":"DESCRIPTION","modelName":"catalogModel"}},"wdio_ui5_key":"etmportal.ui.managecatalogs.view.MasterCatalogssap.m.Text{\"path\":\"/Catalogs('0D7502D073D53A0F1700BE067B89AFF9')\",\"propertyPath\":\"DESCRIPTION\",\"modelName\":\"catalogModel\"}"}]}
RESULT: {"script":"<script> [1562 bytes]","args":[{"selector":{"controlType":"sap.m.Text","viewName":"etm.portal.ui.managecatalogs.view.MasterCatalogs","viewId":"application-managecatalogs-display-component---masterCatalogs","bindingPath":{"path":"/Catalogs('0D7502D073D53A0F1700BE067B89AFF9')","propertyPath":"DESCRIPTION","modelName":"catalogModel"}},"wdio_ui5_key":"etmportal.ui.managecatalogs.view.MasterCatalogssap.m.Text{\"path\":\"/Catalogs('0D7502D073D53A0F1700BE067B89AFF9')\",\"propertyPath\":\"DESCRIPTION\",\"modelName\":\"catalogModel\"}"}]}
RESULT: undefined
COMMAND: POST /session/37ca3b759bac6faaed564aba4deb3c32/element - {"using":"xpath","value":"//*[@id=\"__text939-application-managecatalogs-display-component---masterCatalogs--CatalogsTable-11\"]"}
RESULT: {"using":"xpath","value":"//*[@id=\"__text939-application-managecatalogs-display-component---masterCatalogs--CatalogsTable-11\"]"}
COMMAND: POST /session/37ca3b759bac6faaed564aba4deb3c32/element/f.8D9121E00EF4972596309C37326D000A.d.E2BA9F46DCD903688155A6A66A5B760A.e.4185/click - {}
RESULT: {}
COMMAND: POST /session/37ca3b759bac6faaed564aba4deb3c32/execute/async - {"script":"<script> [1562 bytes]","args":[{"selector":{"controlType":"sap.ui.layout.HorizontalLayout","viewName":"etm.portal.ui.managecatalogs.view.MasterItems","viewId":"application-managecatalogs-display-component---masterCatalogItems","ancestor":{"id":"application-managecatalogs-display-component---masterCatalogItems--idCatalogItemsTree-rows-row0"}},"wdio_ui5_key":"etmportal.ui.managecatalogs.view.MasterItemssap.ui.layout.HorizontalLayout{\"id\":\"application-managecatalogs-display-component---masterCatalogItems--idCatalogItemsTree-rows-row0\"}"}]}
COMMAND: GET /session/37ca3b759bac6faaed564aba4deb3c32/screenshot - {}
RESULT: {"script":"<script> [1562 bytes]","args":[{"selector":{"controlType":"sap.ui.layout.HorizontalLayout","viewName":"etm.portal.ui.managecatalogs.view.MasterItems","viewId":"application-managecatalogs-display-component---masterCatalogItems","ancestor":{"id":"application-managecatalogs-display-component---masterCatalogItems--idCatalogItemsTree-rows-row0"}},"wdio_ui5_key":"etmportal.ui.managecatalogs.view.MasterItemssap.ui.layout.HorizontalLayout{\"id\":\"application-managecatalogs-display-component---masterCatalogItems--idCatalogItemsTree-rows-row0\"}"}]}
RESULT: undefined
COMMAND: POST /session/37ca3b759bac6faaed564aba4deb3c32/element - {"using":"xpath","value":"//*[@id=\"__layout280-__clone3177\"]"}
RESULT: {}
RESULT: {"using":"xpath","value":"//*[@id=\"__layout280-__clone3177\"]"}
COMMAND: POST /session/37ca3b759bac6faaed564aba4deb3c32/element/f.8D9121E00EF4972596309C37326D000A.d.E2BA9F46DCD903688155A6A66A5B760A.e.4220/click - {}
RESULT: {}
COMMAND: GET /session/37ca3b759bac6faaed564aba4deb3c32/screenshot - {}
COMMAND: POST /session/37ca3b759bac6faaed564aba4deb3c32/execute/async - {"script":"<script> [1562 bytes]","args":[{"selector":{"controlType":"sap.m.Button","viewName":"etm.portal.ui.managecatalogs.view.Detail","viewId":"application-managecatalogs-display-component---detailCatalog","i18NText":{"propertyName":"text","key":"edit"},"interaction":{"idSuffix":"BDI-content"}},"wdio_ui5_key":"etmportal.ui.managecatalogs.view.Detailsap.m.Button{\"propertyName\":\"text\",\"key\":\"edit\"}"}]}
RESULT: {}
RESULT: {"script":"<script> [1562 bytes]","args":[{"selector":{"controlType":"sap.m.Button","viewName":"etm.portal.ui.managecatalogs.view.Detail","viewId":"application-managecatalogs-display-component---detailCatalog","i18NText":{"propertyName":"text","key":"edit"},"interaction":{"idSuffix":"BDI-content"}},"wdio_ui5_key":"etmportal.ui.managecatalogs.view.Detailsap.m.Button{\"propertyName\":\"text\",\"key\":\"edit\"}"}]}
RESULT: undefined
COMMAND: POST /session/37ca3b759bac6faaed564aba4deb3c32/element - {"using":"xpath","value":"//*[@id=\"__button122\"]"}
RESULT: {"using":"xpath","value":"//*[@id=\"__button122\"]"}
COMMAND: POST /session/37ca3b759bac6faaed564aba4deb3c32/element/f.8D9121E00EF4972596309C37326D000A.d.E2BA9F46DCD903688155A6A66A5B760A.e.4345/click - {}
RESULT: {}
COMMAND: GET /session/37ca3b759bac6faaed564aba4deb3c32/screenshot - {}
RESULT: {}
COMMAND: POST /session/37ca3b759bac6faaed564aba4deb3c32/element - {"using":"xpath","value":"//bdi[contains(text(), \"Unlock\")]"}
RESULT: {"using":"xpath","value":"//bdi[contains(text(), \"Unlock\")]"}
COMMAND: POST /session/37ca3b759bac6faaed564aba4deb3c32/elements - {"using":"xpath","value":"//bdi[contains(text(), \"Unlock\")]"}
RESULT: {"using":"xpath","value":"//bdi[contains(text(), \"Unlock\")]"}
COMMAND: POST /session/37ca3b759bac6faaed564aba4deb3c32/execute/async - {"script":"<script> [1562 bytes]","args":[{"selector":{"controlType":"sap.ui.core.Icon","viewName":"etm.portal.ui.managecatalogs.view.Detail","viewId":"application-managecatalogs-display-component---detailCatalog","properties":{"src":{"regex":{"source":"add\\-folder"}}}},"wdio_ui5_key":"etmportal.ui.managecatalogs.view.Detailsap.ui.core.Icon{\"src\":{\"regex\":{\"source\":\"add\\\\-folder\"}}}"}]}
RESULT: {"script":"<script> [1562 bytes]","args":[{"selector":{"controlType":"sap.ui.core.Icon","viewName":"etm.portal.ui.managecatalogs.view.Detail","viewId":"application-managecatalogs-display-component---detailCatalog","properties":{"src":{"regex":{"source":"add\\-folder"}}}},"wdio_ui5_key":"etmportal.ui.managecatalogs.view.Detailsap.ui.core.Icon{\"src\":{\"regex\":{\"source\":\"add\\\\-folder\"}}}"}]}
RESULT: undefined
COMMAND: POST /session/37ca3b759bac6faaed564aba4deb3c32/element - {"using":"xpath","value":"//*[@id=\"__button130-img\"]"}
RESULT: {"using":"xpath","value":"//*[@id=\"__button130-img\"]"}
COMMAND: POST /session/37ca3b759bac6faaed564aba4deb3c32/element/f.8D9121E00EF4972596309C37326D000A.d.E2BA9F46DCD903688155A6A66A5B760A.e.4358/click - {}
RESULT: {}
COMMAND: GET /session/37ca3b759bac6faaed564aba4deb3c32/screenshot - {}
RESULT: {}
COMMAND: POST /session/37ca3b759bac6faaed564aba4deb3c32/execute/async - {"script":"<script> [1562 bytes]","args":[{"selector":{"id":"application-managecatalogs-display-component---detailCatalog--numberInput","searchOpenDialogs":true,"interaction":{"idSuffix":"inner"}},"wdio_ui5_key":"applicationmanagecatalogs-display-component---detailCatalog--numberInput"}]}
RESULT: {"script":"<script> [1562 bytes]","args":[{"selector":{"id":"application-managecatalogs-display-component---detailCatalog--numberInput","searchOpenDialogs":true,"interaction":{"idSuffix":"inner"}},"wdio_ui5_key":"applicationmanagecatalogs-display-component---detailCatalog--numberInput"}]}
RESULT: undefined
COMMAND: POST /session/37ca3b759bac6faaed564aba4deb3c32/execute/async - {"script":"<script> [776 bytes]","args":[{"enterText":"Sectionnwwoh","selector":{"id":"application-managecatalogs-display-component---detailCatalog--numberInput","searchOpenDialogs":true,"interaction":{"idSuffix":"inner"}},"clearTextFirst":true,"interactionType":"ENTER_TEXT"}]}
RESULT: {"script":"<script> [776 bytes]","args":[{"enterText":"Sectionnwwoh","selector":{"id":"application-managecatalogs-display-component---detailCatalog--numberInput","searchOpenDialogs":true,"interaction":{"idSuffix":"inner"}},"clearTextFirst":true,"interactionType":"ENTER_TEXT"}]}
COMMAND: POST /session/37ca3b759bac6faaed564aba4deb3c32/element - {"using":"css selector","value":"#application-managecatalogs-display-component---detailCatalog--nameInput-inner"}
RESULT: {"using":"css selector","value":"#application-managecatalogs-display-component---detailCatalog--nameInput-inner"}
COMMAND: POST /session/37ca3b759bac6faaed564aba4deb3c32/elements - {"using":"css selector","value":"#application-managecatalogs-display-component---detailCatalog--nameInput-inner"}
RESULT: {"using":"css selector","value":"#application-managecatalogs-display-component---detailCatalog--nameInput-inner"}
COMMAND: POST /session/37ca3b759bac6faaed564aba4deb3c32/element/f.8D9121E00EF4972596309C37326D000A.d.E2BA9F46DCD903688155A6A66A5B760A.e.4362/clear - {}
RESULT: {}
COMMAND: POST /session/37ca3b759bac6faaed564aba4deb3c32/element/f.8D9121E00EF4972596309C37326D000A.d.E2BA9F46DCD903688155A6A66A5B760A.e.4362/value - {"text":"Webdriverw3ot"}
COMMAND: GET /session/37ca3b759bac6faaed564aba4deb3c32/screenshot - {}
RESULT: {"text":"Webdriverw3ot"}
COMMAND: POST /session/37ca3b759bac6faaed564aba4deb3c32/execute/async - {"script":"<script> [1562 bytes]","args":[{"selector":{"controlType":"sap.m.Button","viewName":"etm.portal.ui.managecatalogs.view.Detail","viewId":"application-managecatalogs-display-component---detailCatalog","i18NText":{"propertyName":"text","key":"create"},"searchOpenDialogs":true,"interaction":{"idSuffix":"BDI-content"}},"wdio_ui5_key":"etmportal.ui.managecatalogs.view.Detailsap.m.Button{\"propertyName\":\"text\",\"key\":\"create\"}"}]}
COMMAND: GET /session/37ca3b759bac6faaed564aba4deb3c32/screenshot - {}
RESULT: {}
RESULT: {"script":"<script> [1562 bytes]","args":[{"selector":{"controlType":"sap.m.Button","viewName":"etm.portal.ui.managecatalogs.view.Detail","viewId":"application-managecatalogs-display-component---detailCatalog","i18NText":{"propertyName":"text","key":"create"},"searchOpenDialogs":true,"interaction":{"idSuffix":"BDI-content"}},"wdio_ui5_key":"etmportal.ui.managecatalogs.view.Detailsap.m.Button{\"propertyName\":\"text\",\"key\":\"create\"}"}]}
RESULT: undefined
COMMAND: POST /session/37ca3b759bac6faaed564aba4deb3c32/element - {"using":"xpath","value":"//*[@id=\"__button100\"]"}
RESULT: {}
RESULT: {"using":"xpath","value":"//*[@id=\"__button100\"]"}
COMMAND: POST /session/37ca3b759bac6faaed564aba4deb3c32/element/f.8D9121E00EF4972596309C37326D000A.d.E2BA9F46DCD903688155A6A66A5B760A.e.4367/click - {}
RESULT: {}
COMMAND: GET /session/37ca3b759bac6faaed564aba4deb3c32/screenshot - {}
RESULT: {}
COMMAND: POST /session/37ca3b759bac6faaed564aba4deb3c32/element - {"using":"xpath","value":"//button[@title=\"Save\"]"}
RESULT: {"using":"xpath","value":"//button[@title=\"Save\"]"}
COMMAND: POST /session/37ca3b759bac6faaed564aba4deb3c32/element/f.8D9121E00EF4972596309C37326D000A.d.E2BA9F46DCD903688155A6A66A5B760A.e.4368/click - {}
RESULT: {}
COMMAND: POST /session/37ca3b759bac6faaed564aba4deb3c32/execute/async - {"script":"<script> [1562 bytes]","args":[{"selector":{"controlType":"sap.ui.core.Icon","viewName":"etm.portal.ui.managecatalogs.view.Detail","viewId":"application-managecatalogs-display-component---detailCatalog","properties":{"src":{"regex":{"source":"decline"}}}},"wdio_ui5_key":"etmportal.ui.managecatalogs.view.Detailsap.ui.core.Icon{\"src\":{\"regex\":{\"source\":\"decline\"}}}"}]}
COMMAND: GET /session/37ca3b759bac6faaed564aba4deb3c32/screenshot - {}
RESULT: {"script":"<script> [1562 bytes]","args":[{"selector":{"controlType":"sap.ui.core.Icon","viewName":"etm.portal.ui.managecatalogs.view.Detail","viewId":"application-managecatalogs-display-component---detailCatalog","properties":{"src":{"regex":{"source":"decline"}}}},"wdio_ui5_key":"etmportal.ui.managecatalogs.view.Detailsap.ui.core.Icon{\"src\":{\"regex\":{\"source\":\"decline\"}}}"}]}
RESULT: undefined
COMMAND: POST /session/37ca3b759bac6faaed564aba4deb3c32/element - {"using":"xpath","value":"//*[@id=\"__button125-img\"]"}
RESULT: {}
RESULT: {"using":"xpath","value":"//*[@id=\"__button125-img\"]"}
COMMAND: POST /session/37ca3b759bac6faaed564aba4deb3c32/element/f.8D9121E00EF4972596309C37326D000A.d.E2BA9F46DCD903688155A6A66A5B760A.e.4380/click - {}
RESULT: {}
COMMAND: GET /session/37ca3b759bac6faaed564aba4deb3c32/screenshot - {}
RESULT: {}
COMMAND: POST /session/37ca3b759bac6faaed564aba4deb3c32/execute/async - {"script":"<script> [1562 bytes]","args":[{"selector":{"controlType":"sap.ui.core.Icon","viewName":"etm.portal.ui.managecatalogs.view.MasterItems","viewId":"application-managecatalogs-display-component---masterCatalogItems","properties":{"src":{"regex":{"source":"refresh"}}}},"wdio_ui5_key":"etmportal.ui.managecatalogs.view.MasterItemssap.ui.core.Icon{\"src\":{\"regex\":{\"source\":\"refresh\"}}}"}]}
RESULT: {"script":"<script> [1562 bytes]","args":[{"selector":{"controlType":"sap.ui.core.Icon","viewName":"etm.portal.ui.managecatalogs.view.MasterItems","viewId":"application-managecatalogs-display-component---masterCatalogItems","properties":{"src":{"regex":{"source":"refresh"}}}},"wdio_ui5_key":"etmportal.ui.managecatalogs.view.MasterItemssap.ui.core.Icon{\"src\":{\"regex\":{\"source\":\"refresh\"}}}"}]}
RESULT: undefined
COMMAND: POST /session/37ca3b759bac6faaed564aba4deb3c32/element - {"using":"xpath","value":"//*[@id=\"__button98-img\"]"}
RESULT: {"using":"xpath","value":"//*[@id=\"__button98-img\"]"}
COMMAND: POST /session/37ca3b759bac6faaed564aba4deb3c32/element/f.8D9121E00EF4972596309C37326D000A.d.E2BA9F46DCD903688155A6A66A5B760A.e.4414/click - {}
RESULT: {}
COMMAND: POST /session/37ca3b759bac6faaed564aba4deb3c32/execute/async - {"script":"<script> [1562 bytes]","args":[{"selector":{"id":"application-managecatalogs-display-component---masterCatalogItems--searchItemsField","interaction":{"idSuffix":"I"}},"wdio_ui5_key":"applicationmanagecatalogs-display-component---masterCatalogItems--searchItemsField"}]}
COMMAND: GET /session/37ca3b759bac6faaed564aba4deb3c32/screenshot - {}
RESULT: {"script":"<script> [1562 bytes]","args":[{"selector":{"id":"application-managecatalogs-display-component---masterCatalogItems--searchItemsField","interaction":{"idSuffix":"I"}},"wdio_ui5_key":"applicationmanagecatalogs-display-component---masterCatalogItems--searchItemsField"}]}
RESULT: undefined
COMMAND: POST /session/37ca3b759bac6faaed564aba4deb3c32/execute/async - {"script":"<script> [776 bytes]","args":[{"enterText":"Webdriverw3ot","selector":{"id":"application-managecatalogs-display-component---masterCatalogItems--searchItemsField","interaction":{"idSuffix":"I"}},"clearTextFirst":true,"interactionType":"ENTER_TEXT"}]}
RESULT: {}
RESULT: {"script":"<script> [776 bytes]","args":[{"enterText":"Webdriverw3ot","selector":{"id":"application-managecatalogs-display-component---masterCatalogItems--searchItemsField","interaction":{"idSuffix":"I"}},"clearTextFirst":true,"interactionType":"ENTER_TEXT"}]}
COMMAND: POST /session/37ca3b759bac6faaed564aba4deb3c32/actions - {"actions":[{"id":"action10","type":"key","parameters":{},"actions":[{"type":"keyDown","value":""},{"type":"pause","duration":10},{"type":"keyUp","value":""}]}]}
RESULT: {"actions":[{"id":"action10","type":"key","parameters":{},"actions":[{"type":"keyDown","value":""},{"type":"pause","duration":10},{"type":"keyUp","value":""}]}]}
COMMAND: POST /session/37ca3b759bac6faaed564aba4deb3c32/element - {"using":"xpath","value":"(//span[contains(text(), \"Webdriverw3ot\")])[1]"}
COMMAND: GET /session/37ca3b759bac6faaed564aba4deb3c32/screenshot - {}
RESULT: {"using":"xpath","value":"(//span[contains(text(), \"Webdriverw3ot\")])[1]"}
COMMAND: POST /session/37ca3b759bac6faaed564aba4deb3c32/element/f.8D9121E00EF4972596309C37326D000A.d.E2BA9F46DCD903688155A6A66A5B760A.e.4417/click - {}
RESULT: {}
RESULT: {}
COMMAND: GET /session/37ca3b759bac6faaed564aba4deb3c32/screenshot - {}
RESULT: {}
RESULT: undefined
COMMAND: POST /session/37ca3b759bac6faaed564aba4deb3c32/element - {"using":"xpath","value":"//*[@id=\"__button122\"]"}
RESULT: {"using":"xpath","value":"//*[@id=\"__button122\"]"}
COMMAND: POST /session/37ca3b759bac6faaed564aba4deb3c32/element/f.8D9121E00EF4972596309C37326D000A.d.E2BA9F46DCD903688155A6A66A5B760A.e.4450/click - {}
RESULT: {}
COMMAND: GET /session/37ca3b759bac6faaed564aba4deb3c32/screenshot - {}
RESULT: {}
RESULT: undefined
COMMAND: POST /session/37ca3b759bac6faaed564aba4deb3c32/element - {"using":"xpath","value":"//*[@id=\"__button130-img\"]"}
RESULT: {"using":"xpath","value":"//*[@id=\"__button130-img\"]"}
COMMAND: POST /session/37ca3b759bac6faaed564aba4deb3c32/element/f.8D9121E00EF4972596309C37326D000A.d.E2BA9F46DCD903688155A6A66A5B760A.e.4504/click - {}
RESULT: {}
COMMAND: GET /session/37ca3b759bac6faaed564aba4deb3c32/screenshot - {}
RESULT: {}
RESULT: undefined
COMMAND: POST /session/37ca3b759bac6faaed564aba4deb3c32/execute/async - {"script":"<script> [776 bytes]","args":[{"enterText":"SecondSectionlh4eif","selector":{"id":"application-managecatalogs-display-component---detailCatalog--numberInput","searchOpenDialogs":true,"interaction":{"idSuffix":"inner"}},"clearTextFirst":true,"interactionType":"ENTER_TEXT"}]}
RESULT: {"script":"<script> [776 bytes]","args":[{"enterText":"SecondSectionlh4eif","selector":{"id":"application-managecatalogs-display-component---detailCatalog--numberInput","searchOpenDialogs":true,"interaction":{"idSuffix":"inner"}},"clearTextFirst":true,"interactionType":"ENTER_TEXT"}]}
COMMAND: POST /session/37ca3b759bac6faaed564aba4deb3c32/element - {"using":"xpath","value":"//input[contains(@id ,\"application-managecatalogs-display-component---detailCatalog--nameInput-inner\")]"}
RESULT: {"using":"xpath","value":"//input[contains(@id ,\"application-managecatalogs-display-component---detailCatalog--nameInput-inner\")]"}
COMMAND: POST /session/37ca3b759bac6faaed564aba4deb3c32/elements - {"using":"xpath","value":"//input[contains(@id ,\"application-managecatalogs-display-component---detailCatalog--nameInput-inner\")]"}
RESULT: {"using":"xpath","value":"//input[contains(@id ,\"application-managecatalogs-display-component---detailCatalog--nameInput-inner\")]"}
COMMAND: POST /session/37ca3b759bac6faaed564aba4deb3c32/element/f.8D9121E00EF4972596309C37326D000A.d.E2BA9F46DCD903688155A6A66A5B760A.e.4508/clear - {}
RESULT: {}
COMMAND: POST /session/37ca3b759bac6faaed564aba4deb3c32/element/f.8D9121E00EF4972596309C37326D000A.d.E2BA9F46DCD903688155A6A66A5B760A.e.4508/value - {"text":"webdriversecondl1yyo"}
COMMAND: GET /session/37ca3b759bac6faaed564aba4deb3c32/screenshot - {}
RESULT: {"text":"webdriversecondl1yyo"}
RESULT: undefined
COMMAND: POST /session/37ca3b759bac6faaed564aba4deb3c32/element - {"using":"xpath","value":"//*[@id=\"__button100\"]"}
COMMAND: GET /session/37ca3b759bac6faaed564aba4deb3c32/screenshot - {}
RESULT: {}
RESULT: {"using":"xpath","value":"//*[@id=\"__button100\"]"}
COMMAND: POST /session/37ca3b759bac6faaed564aba4deb3c32/element/f.8D9121E00EF4972596309C37326D000A.d.E2BA9F46DCD903688155A6A66A5B760A.e.4512/click - {}
RESULT: {}
RESULT: {}
COMMAND: GET /session/37ca3b759bac6faaed564aba4deb3c32/screenshot - {}
RESULT: {}
COMMAND: POST /session/37ca3b759bac6faaed564aba4deb3c32/element - {"using":"xpath","value":"//button[@title=\"Save\"]"}
RESULT: {"using":"xpath","value":"//button[@title=\"Save\"]"}
COMMAND: POST /session/37ca3b759bac6faaed564aba4deb3c32/element/f.8D9121E00EF4972596309C37326D000A.d.E2BA9F46DCD903688155A6A66A5B760A.e.4489/click - {}
RESULT: {}
COMMAND: GET /session/37ca3b759bac6faaed564aba4deb3c32/screenshot - {}
RESULT: {}
RESULT: undefined
COMMAND: POST /session/37ca3b759bac6faaed564aba4deb3c32/element - {"using":"xpath","value":"//*[@id=\"__button125-img\"]"}
RESULT: {"using":"xpath","value":"//*[@id=\"__button125-img\"]"}
COMMAND: POST /session/37ca3b759bac6faaed564aba4deb3c32/element/f.8D9121E00EF4972596309C37326D000A.d.E2BA9F46DCD903688155A6A66A5B760A.e.4457/click - {}
RESULT: {}
COMMAND: GET /session/37ca3b759bac6faaed564aba4deb3c32/screenshot - {}
RESULT: {}
RESULT: undefined
COMMAND: POST /session/37ca3b759bac6faaed564aba4deb3c32/element - {"using":"xpath","value":"//*[@id=\"__button98-img\"]"}
RESULT: {"using":"xpath","value":"//*[@id=\"__button98-img\"]"}
COMMAND: POST /session/37ca3b759bac6faaed564aba4deb3c32/element/f.8D9121E00EF4972596309C37326D000A.d.E2BA9F46DCD903688155A6A66A5B760A.e.4550/click - {}
RESULT: {}
COMMAND: GET /session/37ca3b759bac6faaed564aba4deb3c32/screenshot - {}
RESULT: {}
RESULT: undefined
COMMAND: POST /session/37ca3b759bac6faaed564aba4deb3c32/execute/async - {"script":"<script> [776 bytes]","args":[{"enterText":"SecondSectionlh4eif","selector":{"id":"application-managecatalogs-display-component---masterCatalogItems--searchItemsField","interaction":{"idSuffix":"I"}},"clearTextFirst":true,"interactionType":"ENTER_TEXT"}]}
RESULT: {"script":"<script> [776 bytes]","args":[{"enterText":"SecondSectionlh4eif","selector":{"id":"application-managecatalogs-display-component---masterCatalogItems--searchItemsField","interaction":{"idSuffix":"I"}},"clearTextFirst":true,"interactionType":"ENTER_TEXT"}]}
COMMAND: POST /session/37ca3b759bac6faaed564aba4deb3c32/actions - {"actions":[{"id":"action11","type":"key","parameters":{},"actions":[{"type":"keyDown","value":""},{"type":"pause","duration":10},{"type":"keyUp","value":""}]}]}
RESULT: {"actions":[{"id":"action11","type":"key","parameters":{},"actions":[{"type":"keyDown","value":""},{"type":"pause","duration":10},{"type":"keyUp","value":""}]}]}
COMMAND: POST /session/37ca3b759bac6faaed564aba4deb3c32/element - {"using":"xpath","value":"(//span[contains(text(), \"SecondSectionlh4eif\")])[1]"}
COMMAND: GET /session/37ca3b759bac6faaed564aba4deb3c32/screenshot - {}
RESULT: {"using":"xpath","value":"(//span[contains(text(), \"SecondSectionlh4eif\")])[1]"}
COMMAND: POST /session/37ca3b759bac6faaed564aba4deb3c32/element/f.8D9121E00EF4972596309C37326D000A.d.E2BA9F46DCD903688155A6A66A5B760A.e.4553/click - {}
RESULT: {}
RESULT: {}
COMMAND: POST /session/37ca3b759bac6faaed564aba4deb3c32/element - {"using":"xpath","value":"(//span[contains(text(), \"SecondSectionlh4eif\")])[1]"}
COMMAND: GET /session/37ca3b759bac6faaed564aba4deb3c32/screenshot - {}
RESULT: {"using":"xpath","value":"(//span[contains(text(), \"SecondSectionlh4eif\")])[1]"}
COMMAND: GET /session/37ca3b759bac6faaed564aba4deb3c32/element/f.8D9121E00EF4972596309C37326D000A.d.E2BA9F46DCD903688155A6A66A5B760A.e.4553/text - {}
RESULT: {}
COMMAND: POST /session/37ca3b759bac6faaed564aba4deb3c32/element - {"using":"xpath","value":"(//span[contains(text(), \"SecondSectionlh4eif\")])[1]"}
RESULT: {"using":"xpath","value":"(//span[contains(text(), \"SecondSectionlh4eif\")])[1]"}
COMMAND: GET /session/37ca3b759bac6faaed564aba4deb3c32/element/f.8D9121E00EF4972596309C37326D000A.d.E2BA9F46DCD903688155A6A66A5B760A.e.4553/text - {}
COMMAND: POST /session/37ca3b759bac6faaed564aba4deb3c32/element - {"using":"xpath","value":"(//span[contains(text(), \"SecondSectionlh4eif\")])[1]"}
RESULT: {"using":"xpath","value":"(//span[contains(text(), \"SecondSectionlh4eif\")])[1]"}
COMMAND: GET /session/37ca3b759bac6faaed564aba4deb3c32/element/f.8D9121E00EF4972596309C37326D000A.d.E2BA9F46DCD903688155A6A66A5B760A.e.4610/text - {}
RESULT: {}
COMMAND: POST /session/37ca3b759bac6faaed564aba4deb3c32/refresh - {}
RESULT: {}
COMMAND: GET /session/37ca3b759bac6faaed564aba4deb3c32/screenshot - {}
RESULT: {}
COMMAND: POST /session/37ca3b759bac6faaed564aba4deb3c32/execute/async - {"script":"<script> [189 bytes]","args":[]}
RESULT: {"script":"<script> [189 bytes]","args":[]}
COMMAND: POST /session/37ca3b759bac6faaed564aba4deb3c32/execute/async - {"script":"<script> [123 bytes]","args":[]}
RESULT: {"script":"<script> [123 bytes]","args":[]}
COMMAND: POST /session/37ca3b759bac6faaed564aba4deb3c32/timeouts - {"script":"<number>"}
RESULT: {"script":"<number>"}
COMMAND: GET /session/37ca3b759bac6faaed564aba4deb3c32/timeouts - {}
RESULT: {}
RESULT: undefined
COMMAND: POST /session/37ca3b759bac6faaed564aba4deb3c32/execute/async - {"script":"<script> [2676 bytes]","args":[]}
RESULT: {"script":"<script> [2676 bytes]","args":[]}
COMMAND: POST /session/37ca3b759bac6faaed564aba4deb3c32/execute/async - {"script":"<script> [2342 bytes]","args":[{"protocol":"http","hostname":"0.0.0.0","path":"/","capabilities":{"browserName":"chrome","goog:chromeOptions":{"binary":"C:\\Program Files\\Google\\Chrome\\Application\\chrome.exe","args":["--start-maximized"]}},"logLevel":"warn","connectionRetryTimeout":120000,"connectionRetryCount":3,"logLevels":{},"enableDirectConnect":true,"strictSSL":true,"_":"65 more keys: [\"cacheDir\",\"port\",\"requestedCapabilities\",\"automationProtocol\",\"baseUrl\",\"waitforInterval\",\"waitforTimeout\",\"onReload\",\"beforeCommand\",\"afterCommand\",\"rootDir\",\"specs\",\"suites\",\"exclude\",\"groupLogsByTestSpec\",\"excludeDriverLogs\",\"bail\",\"framework\",\"reporters\",\"services\",\"maxInstances\",\"maxInstancesPerCapability\",\"injectGlobals\",\"filesToWatch\",\"execArgv\",\"runnerEnv\",\"runner\",\"shard\",\"specFileRetries\",\"specFileRetriesDelay\",\"specFileRetriesDeferred\",\"reporterSyncInterval\",\"reporterSyncTimeout\",\"cucumberFeaturesWithLineNumbers\",\"autoCompileOpts\",\"mochaOpts\",\"jasmineOpts\",\"cucumberOpts\",\"onPrepare\",\"onWorkerStart\",\"onWorkerEnd\",\"before\",\"beforeSession\",\"beforeSuite\",\"beforeHook\",\"beforeTest\",\"afterTest\",\"afterHook\",\"afterSuite\",\"afterSession\",\"after\",\"onComplete\",\"beforeAssertion\",\"afterAssertion\",\"beforeFeature\",\"beforeScenario\",\"beforeStep\",\"afterStep\",\"afterScenario\",\"afterFeature\",\"_\",\"suite\",\"$0\",\"ignoredWorkerServices\",\"wdi5\"]"}]}
RESULT: {"script":"<script> [2342 bytes]","args":[{"protocol":"http","hostname":"0.0.0.0","path":"/","capabilities":{"browserName":"chrome","goog:chromeOptions":{"binary":"C:\\Program Files\\Google\\Chrome\\Application\\chrome.exe","args":["--start-maximized"]}},"logLevel":"warn","connectionRetryTimeout":120000,"connectionRetryCount":3,"logLevels":{},"enableDirectConnect":true,"strictSSL":true,"_":"65 more keys: [\"cacheDir\",\"port\",\"requestedCapabilities\",\"automationProtocol\",\"baseUrl\",\"waitforInterval\",\"waitforTimeout\",\"onReload\",\"beforeCommand\",\"afterCommand\",\"rootDir\",\"specs\",\"suites\",\"exclude\",\"groupLogsByTestSpec\",\"excludeDriverLogs\",\"bail\",\"framework\",\"reporters\",\"services\",\"maxInstances\",\"maxInstancesPerCapability\",\"injectGlobals\",\"filesToWatch\",\"execArgv\",\"runnerEnv\",\"runner\",\"shard\",\"specFileRetries\",\"specFileRetriesDelay\",\"specFileRetriesDeferred\",\"reporterSyncInterval\",\"reporterSyncTimeout\",\"cucumberFeaturesWithLineNumbers\",\"autoCompileOpts\",\"mochaOpts\",\"jasmineOpts\",\"cucumberOpts\",\"onPrepare\",\"onWorkerStart\",\"onWorkerEnd\",\"before\",\"beforeSession\",\"beforeSuite\",\"beforeHook\",\"beforeTest\",\"afterTest\",\"afterHook\",\"afterSuite\",\"afterSession\",\"after\",\"onComplete\",\"beforeAssertion\",\"afterAssertion\",\"beforeFeature\",\"beforeScenario\",\"beforeStep\",\"afterStep\",\"afterScenario\",\"afterFeature\",\"_\",\"suite\",\"$0\",\"ignoredWorkerServices\",\"wdi5\"]"}]}
COMMAND: POST /session/37ca3b759bac6faaed564aba4deb3c32/execute/async - {"script":"<script> [21126 bytes]","args":[35000]}
RESULT: {"script":"<script> [21126 bytes]","args":[35000]}
COMMAND: POST /session/37ca3b759bac6faaed564aba4deb3c32/execute/async - {"script":"<script> [1562 bytes]","args":[{"selector":{"controlType":"sap.m.Button","viewName":"etm.portal.ui.managecatalogs.view.Detail","viewId":"application-managecatalogs-display-component---detailCatalog","i18NText":{"propertyName":"text","key":"edit"},"interaction":{"idSuffix":"BDI-content"}},"wdio_ui5_key":"etmportal.ui.managecatalogs.view.Detailsap.m.Button{\"propertyName\":\"text\",\"key\":\"edit\"}"}]}
RESULT: {"script":"<script> [1562 bytes]","args":[{"selector":{"controlType":"sap.m.Button","viewName":"etm.portal.ui.managecatalogs.view.Detail","viewId":"application-managecatalogs-display-component---detailCatalog","i18NText":{"propertyName":"text","key":"edit"},"interaction":{"idSuffix":"BDI-content"}},"wdio_ui5_key":"etmportal.ui.managecatalogs.view.Detailsap.m.Button{\"propertyName\":\"text\",\"key\":\"edit\"}"}]}
RESULT: undefined
COMMAND: POST /session/37ca3b759bac6faaed564aba4deb3c32/element - {"using":"xpath","value":"//*[@id=\"__button25\"]"}
RESULT: {"using":"xpath","value":"//*[@id=\"__button25\"]"}
COMMAND: POST /session/37ca3b759bac6faaed564aba4deb3c32/element/f.8D9121E00EF4972596309C37326D000A.d.556C8DFBE1B3727C1FC938F95AD6D074.e.4730/click - {}
RESULT: {}
COMMAND: GET /session/37ca3b759bac6faaed564aba4deb3c32/screenshot - {}
RESULT: {}
COMMAND: POST /session/37ca3b759bac6faaed564aba4deb3c32/element - {"using":"xpath","value":"//button[contains(@title ,\"Create Catalog Item\")]"}
RESULT: {"using":"xpath","value":"//button[contains(@title ,\"Create Catalog Item\")]"}
COMMAND: POST /session/37ca3b759bac6faaed564aba4deb3c32/element/f.8D9121E00EF4972596309C37326D000A.d.556C8DFBE1B3727C1FC938F95AD6D074.e.4737/click - {}
RESULT: {}
COMMAND: POST /session/37ca3b759bac6faaed564aba4deb3c32/execute/async - {"script":"<script> [1562 bytes]","args":[{"selector":{"id":"application-managecatalogs-display-component---detailCatalog--newItemNumberInput","searchOpenDialogs":true,"interaction":{"idSuffix":"inner"}},"wdio_ui5_key":"applicationmanagecatalogs-display-component---detailCatalog--newItemNumberInput"}]}
COMMAND: GET /session/37ca3b759bac6faaed564aba4deb3c32/screenshot - {}
RESULT: {"script":"<script> [1562 bytes]","args":[{"selector":{"id":"application-managecatalogs-display-component---detailCatalog--newItemNumberInput","searchOpenDialogs":true,"interaction":{"idSuffix":"inner"}},"wdio_ui5_key":"applicationmanagecatalogs-display-component---detailCatalog--newItemNumberInput"}]}
RESULT: undefined
COMMAND: POST /session/37ca3b759bac6faaed564aba4deb3c32/execute/async - {"script":"<script> [776 bytes]","args":[{"enterText":"catalogItemjpqul","selector":{"id":"application-managecatalogs-display-component---detailCatalog--newItemNumberInput","searchOpenDialogs":true,"interaction":{"idSuffix":"inner"}},"clearTextFirst":true,"interactionType":"ENTER_TEXT"}]}
RESULT: {}
RESULT: {"script":"<script> [776 bytes]","args":[{"enterText":"catalogItemjpqul","selector":{"id":"application-managecatalogs-display-component---detailCatalog--newItemNumberInput","searchOpenDialogs":true,"interaction":{"idSuffix":"inner"}},"clearTextFirst":true,"interactionType":"ENTER_TEXT"}]}
COMMAND: POST /session/37ca3b759bac6faaed564aba4deb3c32/execute/async - {"script":"<script> [1562 bytes]","args":[{"selector":{"controlType":"sap.m.Input","viewName":"etm.portal.ui.managecatalogs.view.Detail","viewId":"application-managecatalogs-display-component---detailCatalog","bindingPath":{"path":"","propertyPath":"/DESCRIPTION"},"searchOpenDialogs":true,"interaction":{"idSuffix":"inner"}},"wdio_ui5_key":"etmportal.ui.managecatalogs.view.Detailsap.m.Input{\"path\":\"\",\"propertyPath\":\"/DESCRIPTION\"}"}]}
RESULT: {"script":"<script> [1562 bytes]","args":[{"selector":{"controlType":"sap.m.Input","viewName":"etm.portal.ui.managecatalogs.view.Detail","viewId":"application-managecatalogs-display-component---detailCatalog","bindingPath":{"path":"","propertyPath":"/DESCRIPTION"},"searchOpenDialogs":true,"interaction":{"idSuffix":"inner"}},"wdio_ui5_key":"etmportal.ui.managecatalogs.view.Detailsap.m.Input{\"path\":\"\",\"propertyPath\":\"/DESCRIPTION\"}"}]}
RESULT: undefined
COMMAND: POST /session/37ca3b759bac6faaed564aba4deb3c32/execute/async - {"script":"<script> [776 bytes]","args":[{"enterText":"catalogItemNamephbxy","selector":{"controlType":"sap.m.Input","viewName":"etm.portal.ui.managecatalogs.view.Detail","viewId":"application-managecatalogs-display-component---detailCatalog","bindingPath":{"path":"","propertyPath":"/DESCRIPTION"},"searchOpenDialogs":true,"interaction":{"idSuffix":"inner"}},"clearTextFirst":true,"interactionType":"ENTER_TEXT"}]}
RESULT: {"script":"<script> [776 bytes]","args":[{"enterText":"catalogItemNamephbxy","selector":{"controlType":"sap.m.Input","viewName":"etm.portal.ui.managecatalogs.view.Detail","viewId":"application-managecatalogs-display-component---detailCatalog","bindingPath":{"path":"","propertyPath":"/DESCRIPTION"},"searchOpenDialogs":true,"interaction":{"idSuffix":"inner"}},"clearTextFirst":true,"interactionType":"ENTER_TEXT"}]}
COMMAND: POST /session/37ca3b759bac6faaed564aba4deb3c32/actions - {"actions":[{"id":"action12","type":"key","parameters":{},"actions":[{"type":"keyDown","value":""},{"type":"pause","duration":10},{"type":"keyUp","value":""}]}]}
RESULT: {"actions":[{"id":"action12","type":"key","parameters":{},"actions":[{"type":"keyDown","value":""},{"type":"pause","duration":10},{"type":"keyUp","value":""}]}]}
COMMAND: GET /session/37ca3b759bac6faaed564aba4deb3c32/screenshot - {}
RESULT: {}
COMMAND: POST /session/37ca3b759bac6faaed564aba4deb3c32/actions - {"actions":[{"id":"action13","type":"key","parameters":{},"actions":[{"type":"keyDown","value":""},{"type":"pause","duration":10},{"type":"keyUp","value":""}]}]}
RESULT: {"actions":[{"id":"action13","type":"key","parameters":{},"actions":[{"type":"keyDown","value":""},{"type":"pause","duration":10},{"type":"keyUp","value":""}]}]}
COMMAND: GET /session/37ca3b759bac6faaed564aba4deb3c32/screenshot - {}
RESULT: {}
COMMAND: POST /session/37ca3b759bac6faaed564aba4deb3c32/element - {"using":"xpath","value":"//button[@title=\"Save\"]"}
RESULT: {"using":"xpath","value":"//button[@title=\"Save\"]"}
COMMAND: POST /session/37ca3b759bac6faaed564aba4deb3c32/element/f.8D9121E00EF4972596309C37326D000A.d.556C8DFBE1B3727C1FC938F95AD6D074.e.4746/click - {}
RESULT: {}
COMMAND: GET /session/37ca3b759bac6faaed564aba4deb3c32/screenshot - {}
RESULT: {}
COMMAND: POST /session/37ca3b759bac6faaed564aba4deb3c32/execute/async - {"script":"<script> [1562 bytes]","args":[{"selector":{"controlType":"sap.ui.core.Icon","viewName":"etm.portal.ui.managecatalogs.view.Detail","viewId":"application-managecatalogs-display-component---detailCatalog","properties":{"src":{"regex":{"source":"decline"}}}},"wdio_ui5_key":"etmportal.ui.managecatalogs.view.Detailsap.ui.core.Icon{\"src\":{\"regex\":{\"source\":\"decline\"}}}"}]}
RESULT: {"script":"<script> [1562 bytes]","args":[{"selector":{"controlType":"sap.ui.core.Icon","viewName":"etm.portal.ui.managecatalogs.view.Detail","viewId":"application-managecatalogs-display-component---detailCatalog","properties":{"src":{"regex":{"source":"decline"}}}},"wdio_ui5_key":"etmportal.ui.managecatalogs.view.Detailsap.ui.core.Icon{\"src\":{\"regex\":{\"source\":\"decline\"}}}"}]}
RESULT: undefined
COMMAND: POST /session/37ca3b759bac6faaed564aba4deb3c32/element - {"using":"xpath","value":"//*[@id=\"__button28-img\"]"}
RESULT: {"using":"xpath","value":"//*[@id=\"__button28-img\"]"}
COMMAND: POST /session/37ca3b759bac6faaed564aba4deb3c32/element/f.8D9121E00EF4972596309C37326D000A.d.556C8DFBE1B3727C1FC938F95AD6D074.e.4752/click - {}
RESULT: {}
COMMAND: GET /session/37ca3b759bac6faaed564aba4deb3c32/screenshot - {}
RESULT: {}
COMMAND: POST /session/37ca3b759bac6faaed564aba4deb3c32/execute/async - {"script":"<script> [1562 bytes]","args":[{"selector":{"controlType":"sap.ui.core.Icon","viewName":"etm.portal.ui.managecatalogs.view.MasterItems","viewId":"application-managecatalogs-display-component---masterCatalogItems","properties":{"src":{"regex":{"source":"refresh"}}}},"wdio_ui5_key":"etmportal.ui.managecatalogs.view.MasterItemssap.ui.core.Icon{\"src\":{\"regex\":{\"source\":\"refresh\"}}}"}]}
RESULT: {"script":"<script> [1562 bytes]","args":[{"selector":{"controlType":"sap.ui.core.Icon","viewName":"etm.portal.ui.managecatalogs.view.MasterItems","viewId":"application-managecatalogs-display-component---masterCatalogItems","properties":{"src":{"regex":{"source":"refresh"}}}},"wdio_ui5_key":"etmportal.ui.managecatalogs.view.MasterItemssap.ui.core.Icon{\"src\":{\"regex\":{\"source\":\"refresh\"}}}"}]}
RESULT: undefined
COMMAND: POST /session/37ca3b759bac6faaed564aba4deb3c32/element - {"using":"xpath","value":"//*[@id=\"__button1-img\"]"}
RESULT: {"using":"xpath","value":"//*[@id=\"__button1-img\"]"}
COMMAND: POST /session/37ca3b759bac6faaed564aba4deb3c32/element/f.8D9121E00EF4972596309C37326D000A.d.556C8DFBE1B3727C1FC938F95AD6D074.e.4786/click - {}
RESULT: {}
COMMAND: GET /session/37ca3b759bac6faaed564aba4deb3c32/screenshot - {}
RESULT: {}
COMMAND: POST /session/37ca3b759bac6faaed564aba4deb3c32/execute/async - {"script":"<script> [1562 bytes]","args":[{"selector":{"id":"application-managecatalogs-display-component---masterCatalogItems--searchItemsField","interaction":{"idSuffix":"I"}},"wdio_ui5_key":"applicationmanagecatalogs-display-component---masterCatalogItems--searchItemsField"}]}
RESULT: {"script":"<script> [1562 bytes]","args":[{"selector":{"id":"application-managecatalogs-display-component---masterCatalogItems--searchItemsField","interaction":{"idSuffix":"I"}},"wdio_ui5_key":"applicationmanagecatalogs-display-component---masterCatalogItems--searchItemsField"}]}
RESULT: undefined
COMMAND: POST /session/37ca3b759bac6faaed564aba4deb3c32/execute/async - {"script":"<script> [776 bytes]","args":[{"enterText":"catalogItemNamephbxy","selector":{"id":"application-managecatalogs-display-component---masterCatalogItems--searchItemsField","interaction":{"idSuffix":"I"}},"clearTextFirst":true,"interactionType":"ENTER_TEXT"}]}
RESULT: {"script":"<script> [776 bytes]","args":[{"enterText":"catalogItemNamephbxy","selector":{"id":"application-managecatalogs-display-component---masterCatalogItems--searchItemsField","interaction":{"idSuffix":"I"}},"clearTextFirst":true,"interactionType":"ENTER_TEXT"}]}
COMMAND: POST /session/37ca3b759bac6faaed564aba4deb3c32/actions - {"actions":[{"id":"action14","type":"key","parameters":{},"actions":[{"type":"keyDown","value":""},{"type":"pause","duration":10},{"type":"keyUp","value":""}]}]}
RESULT: {"actions":[{"id":"action14","type":"key","parameters":{},"actions":[{"type":"keyDown","value":""},{"type":"pause","duration":10},{"type":"keyUp","value":""}]}]}
COMMAND: POST /session/37ca3b759bac6faaed564aba4deb3c32/element - {"using":"xpath","value":"(//span[contains(text(), \"catalogItemNamephbxy\")])[1]"}
COMMAND: GET /session/37ca3b759bac6faaed564aba4deb3c32/screenshot - {}
RESULT: {"using":"xpath","value":"(//span[contains(text(), \"catalogItemNamephbxy\")])[1]"}
COMMAND: POST /session/37ca3b759bac6faaed564aba4deb3c32/element/f.8D9121E00EF4972596309C37326D000A.d.556C8DFBE1B3727C1FC938F95AD6D074.e.4793/click - {}
RESULT: {}
RESULT: {}
COMMAND: GET /session/37ca3b759bac6faaed564aba4deb3c32/screenshot - {}
RESULT: {}
COMMAND: POST /session/37ca3b759bac6faaed564aba4deb3c32/element - {"using":"xpath","value":"//span[contains(text(), \"catalogItemjpqul\")]"}
RESULT: {"using":"xpath","value":"//span[contains(text(), \"catalogItemjpqul\")]"}
COMMAND: GET /session/37ca3b759bac6faaed564aba4deb3c32/element/f.8D9121E00EF4972596309C37326D000A.d.556C8DFBE1B3727C1FC938F95AD6D074.e.4856/text - {}
RESULT: {}
]]></system-out>
    </testcase>
    <testcase classname="chrome.135_0_7049_42.windows.Standard_contract_-_add_contract_items_by_Insert_Request_US118222" name="Should assign resources to the catalog item" time="57.524">
      <system-out><![CDATA[
RESULT: undefined
COMMAND: POST /session/37ca3b759bac6faaed564aba4deb3c32/element - {"using":"xpath","value":"//*[@id=\"__button25\"]"}
RESULT: {"using":"xpath","value":"//*[@id=\"__button25\"]"}
COMMAND: POST /session/37ca3b759bac6faaed564aba4deb3c32/element/f.8D9121E00EF4972596309C37326D000A.d.556C8DFBE1B3727C1FC938F95AD6D074.e.4857/click - {}
RESULT: {}
COMMAND: GET /session/37ca3b759bac6faaed564aba4deb3c32/screenshot - {}
RESULT: {}
COMMAND: POST /session/37ca3b759bac6faaed564aba4deb3c32/execute/async - {"script":"<script> [1562 bytes]","args":[{"selector":{"id":"application-managecatalogs-display-component---detailCatalog--BASE_UNIT_OF_MEASURE-arrow"},"wdio_ui5_key":"applicationmanagecatalogs-display-component---detailCatalog--BASE_UNIT_OF_MEASURE-arrow"}]}
RESULT: {"script":"<script> [1562 bytes]","args":[{"selector":{"id":"application-managecatalogs-display-component---detailCatalog--BASE_UNIT_OF_MEASURE-arrow"},"wdio_ui5_key":"applicationmanagecatalogs-display-component---detailCatalog--BASE_UNIT_OF_MEASURE-arrow"}]}
RESULT: undefined
COMMAND: POST /session/37ca3b759bac6faaed564aba4deb3c32/element - {"using":"xpath","value":"//*[@id=\"application-managecatalogs-display-component---detailCatalog--BASE_UNIT_OF_MEASURE-arrow\"]"}
RESULT: {"using":"xpath","value":"//*[@id=\"application-managecatalogs-display-component---detailCatalog--BASE_UNIT_OF_MEASURE-arrow\"]"}
COMMAND: POST /session/37ca3b759bac6faaed564aba4deb3c32/element/f.8D9121E00EF4972596309C37326D000A.d.556C8DFBE1B3727C1FC938F95AD6D074.e.4878/click - {}
RESULT: {}
COMMAND: POST /session/37ca3b759bac6faaed564aba4deb3c32/execute/async - {"script":"<script> [1562 bytes]","args":[{"selector":{"controlType":"sap.m.StandardListItem","viewName":"etm.portal.ui.managecatalogs.view.Detail","viewId":"application-managecatalogs-display-component---detailCatalog","properties":{"title":"Piece"},"searchOpenDialogs":true,"interaction":{"idSuffix":"titleText"}},"wdio_ui5_key":"etmportal.ui.managecatalogs.view.Detailsap.m.StandardListItem{\"title\":\"Piece\"}"}]}
COMMAND: GET /session/37ca3b759bac6faaed564aba4deb3c32/screenshot - {}
RESULT: {"script":"<script> [1562 bytes]","args":[{"selector":{"controlType":"sap.m.StandardListItem","viewName":"etm.portal.ui.managecatalogs.view.Detail","viewId":"application-managecatalogs-display-component---detailCatalog","properties":{"title":"Piece"},"searchOpenDialogs":true,"interaction":{"idSuffix":"titleText"}},"wdio_ui5_key":"etmportal.ui.managecatalogs.view.Detailsap.m.StandardListItem{\"title\":\"Piece\"}"}]}
RESULT: undefined
COMMAND: POST /session/37ca3b759bac6faaed564aba4deb3c32/element - {"using":"xpath","value":"//*[@id=\"__item239\"]"}
RESULT: {}
RESULT: {"using":"xpath","value":"//*[@id=\"__item239\"]"}
COMMAND: POST /session/37ca3b759bac6faaed564aba4deb3c32/element/f.8D9121E00EF4972596309C37326D000A.d.556C8DFBE1B3727C1FC938F95AD6D074.e.4880/click - {}
RESULT: {}
COMMAND: POST /session/37ca3b759bac6faaed564aba4deb3c32/execute/async - {"script":"<script> [1562 bytes]","args":[{"selector":{"id":"application-managecatalogs-display-component---detailCatalog--ObjectPageLayout-anchBar-application-managecatalogs-display-component---detailCatalog--sectionRUs-anchor","interaction":{"idSuffix":"BDI-content"}},"wdio_ui5_key":"applicationmanagecatalogs-display-component---detailCatalog--ObjectPageLayout-anchBar-application-managecatalogs-display-component---detailCatalog--sectionRUs-anchor"}]}
COMMAND: GET /session/37ca3b759bac6faaed564aba4deb3c32/screenshot - {}
RESULT: {"script":"<script> [1562 bytes]","args":[{"selector":{"id":"application-managecatalogs-display-component---detailCatalog--ObjectPageLayout-anchBar-application-managecatalogs-display-component---detailCatalog--sectionRUs-anchor","interaction":{"idSuffix":"BDI-content"}},"wdio_ui5_key":"applicationmanagecatalogs-display-component---detailCatalog--ObjectPageLayout-anchBar-application-managecatalogs-display-component---detailCatalog--sectionRUs-anchor"}]}
RESULT: undefined
COMMAND: POST /session/37ca3b759bac6faaed564aba4deb3c32/element - {"using":"xpath","value":"//*[@id=\"application-managecatalogs-display-component---detailCatalog--ObjectPageLayout-anchBar-application-managecatalogs-display-component---detailCatalog--sectionRUs-anchor\"]"}
RESULT: {}
RESULT: {"using":"xpath","value":"//*[@id=\"application-managecatalogs-display-component---detailCatalog--ObjectPageLayout-anchBar-application-managecatalogs-display-component---detailCatalog--sectionRUs-anchor\"]"}
COMMAND: POST /session/37ca3b759bac6faaed564aba4deb3c32/element/f.8D9121E00EF4972596309C37326D000A.d.556C8DFBE1B3727C1FC938F95AD6D074.e.4882/click - {}
RESULT: {}
COMMAND: POST /session/37ca3b759bac6faaed564aba4deb3c32/element - {"using":"xpath","value":"//button[contains(@data-kt ,\"catalogItemAssignRuButton\")]"}
COMMAND: GET /session/37ca3b759bac6faaed564aba4deb3c32/screenshot - {}
RESULT: {"using":"xpath","value":"//button[contains(@data-kt ,\"catalogItemAssignRuButton\")]"}
COMMAND: POST /session/37ca3b759bac6faaed564aba4deb3c32/element/f.8D9121E00EF4972596309C37326D000A.d.556C8DFBE1B3727C1FC938F95AD6D074.e.4888/click - {}
RESULT: {}
RESULT: {}
COMMAND: GET /session/37ca3b759bac6faaed564aba4deb3c32/screenshot - {}
RESULT: {}
COMMAND: POST /session/37ca3b759bac6faaed564aba4deb3c32/actions - {"actions":[{"id":"action15","type":"key","parameters":{},"actions":[{"type":"keyDown","value":""},{"type":"pause","duration":10},{"type":"keyUp","value":""}]}]}
RESULT: {"actions":[{"id":"action15","type":"key","parameters":{},"actions":[{"type":"keyDown","value":""},{"type":"pause","duration":10},{"type":"keyUp","value":""}]}]}
COMMAND: POST /session/37ca3b759bac6faaed564aba4deb3c32/execute/async - {"script":"<script> [1562 bytes]","args":[{"selector":{"id":"application-managecatalogs-display-component---detailCatalog--assignRUSearchField-vhi","searchOpenDialogs":true},"wdio_ui5_key":"applicationmanagecatalogs-display-component---detailCatalog--assignRUSearchField-vhi"}]}
COMMAND: GET /session/37ca3b759bac6faaed564aba4deb3c32/screenshot - {}
RESULT: {"script":"<script> [1562 bytes]","args":[{"selector":{"id":"application-managecatalogs-display-component---detailCatalog--assignRUSearchField-vhi","searchOpenDialogs":true},"wdio_ui5_key":"applicationmanagecatalogs-display-component---detailCatalog--assignRUSearchField-vhi"}]}
RESULT: undefined
COMMAND: POST /session/37ca3b759bac6faaed564aba4deb3c32/element - {"using":"xpath","value":"//*[@id=\"application-managecatalogs-display-component---detailCatalog--assignRUSearchField-vhi\"]"}
RESULT: {}
RESULT: {"using":"xpath","value":"//*[@id=\"application-managecatalogs-display-component---detailCatalog--assignRUSearchField-vhi\"]"}
COMMAND: POST /session/37ca3b759bac6faaed564aba4deb3c32/element/f.8D9121E00EF4972596309C37326D000A.d.556C8DFBE1B3727C1FC938F95AD6D074.e.4909/click - {}
RESULT: {}
COMMAND: GET /session/37ca3b759bac6faaed564aba4deb3c32/screenshot - {}
RESULT: {}
COMMAND: POST /session/37ca3b759bac6faaed564aba4deb3c32/element - {"using":"xpath","value":"//input[contains(@id ,\"searchField-I\")]"}
RESULT: {"using":"xpath","value":"//input[contains(@id ,\"searchField-I\")]"}
COMMAND: POST /session/37ca3b759bac6faaed564aba4deb3c32/element/f.8D9121E00EF4972596309C37326D000A.d.556C8DFBE1B3727C1FC938F95AD6D074.e.4911/clear - {}
RESULT: {}
COMMAND: POST /session/37ca3b759bac6faaed564aba4deb3c32/element/f.8D9121E00EF4972596309C37326D000A.d.556C8DFBE1B3727C1FC938F95AD6D074.e.4911/value - {"text":"WdIOR2cEquipa6yrgk"}
COMMAND: GET /session/37ca3b759bac6faaed564aba4deb3c32/screenshot - {}
RESULT: {"text":"WdIOR2cEquipa6yrgk"}
COMMAND: GET /session/37ca3b759bac6faaed564aba4deb3c32/screenshot - {}
RESULT: {}
RESULT: {}
COMMAND: POST /session/37ca3b759bac6faaed564aba4deb3c32/actions - {"actions":[{"id":"action16","type":"key","parameters":{},"actions":[{"type":"keyDown","value":""},{"type":"pause","duration":10},{"type":"keyUp","value":""}]}]}
RESULT: {"actions":[{"id":"action16","type":"key","parameters":{},"actions":[{"type":"keyDown","value":""},{"type":"pause","duration":10},{"type":"keyUp","value":""}]}]}
COMMAND: GET /session/37ca3b759bac6faaed564aba4deb3c32/screenshot - {}
RESULT: {}
COMMAND: POST /session/37ca3b759bac6faaed564aba4deb3c32/actions - {"actions":[{"id":"action17","type":"key","parameters":{},"actions":[{"type":"keyDown","value":""},{"type":"pause","duration":10},{"type":"keyUp","value":""}]}]}
RESULT: {"actions":[{"id":"action17","type":"key","parameters":{},"actions":[{"type":"keyDown","value":""},{"type":"pause","duration":10},{"type":"keyUp","value":""}]}]}
COMMAND: GET /session/37ca3b759bac6faaed564aba4deb3c32/screenshot - {}
RESULT: {}
COMMAND: POST /session/37ca3b759bac6faaed564aba4deb3c32/actions - {"actions":[{"id":"action18","type":"key","parameters":{},"actions":[{"type":"keyDown","value":""},{"type":"pause","duration":10},{"type":"keyUp","value":""}]}]}
RESULT: {"actions":[{"id":"action18","type":"key","parameters":{},"actions":[{"type":"keyDown","value":""},{"type":"pause","duration":10},{"type":"keyUp","value":""}]}]}
COMMAND: GET /session/37ca3b759bac6faaed564aba4deb3c32/screenshot - {}
RESULT: {}
COMMAND: POST /session/37ca3b759bac6faaed564aba4deb3c32/element - {"using":"xpath","value":"//bdi[contains(@id ,\"application-managecatalogs-display-component---detailCatalog--RUAssignmentSaveButton-BDI-content\")]"}
RESULT: {"using":"xpath","value":"//bdi[contains(@id ,\"application-managecatalogs-display-component---detailCatalog--RUAssignmentSaveButton-BDI-content\")]"}
COMMAND: POST /session/37ca3b759bac6faaed564aba4deb3c32/element/f.8D9121E00EF4972596309C37326D000A.d.556C8DFBE1B3727C1FC938F95AD6D074.e.4948/click - {}
RESULT: {}
COMMAND: GET /session/37ca3b759bac6faaed564aba4deb3c32/screenshot - {}
RESULT: {}
RESULT: undefined
COMMAND: POST /session/37ca3b759bac6faaed564aba4deb3c32/element - {"using":"xpath","value":"//*[@id=\"application-managecatalogs-display-component---detailCatalog--ObjectPageLayout-anchBar-application-managecatalogs-display-component---detailCatalog--sectionRUs-anchor\"]"}
RESULT: {"using":"xpath","value":"//*[@id=\"application-managecatalogs-display-component---detailCatalog--ObjectPageLayout-anchBar-application-managecatalogs-display-component---detailCatalog--sectionRUs-anchor\"]"}
COMMAND: POST /session/37ca3b759bac6faaed564aba4deb3c32/elements - {"using":"xpath","value":"//*[@id=\"application-managecatalogs-display-component---detailCatalog--ObjectPageLayout-anchBar-application-managecatalogs-display-component---detailCatalog--sectionRUs-anchor\"]"}
RESULT: {"using":"xpath","value":"//*[@id=\"application-managecatalogs-display-component---detailCatalog--ObjectPageLayout-anchBar-application-managecatalogs-display-component---detailCatalog--sectionRUs-anchor\"]"}
COMMAND: POST /session/37ca3b759bac6faaed564aba4deb3c32/elements - {"using":"xpath","value":"//*[@id=\"application-managecatalogs-display-component---detailCatalog--ObjectPageLayout-anchBar-application-managecatalogs-display-component---detailCatalog--sectionRUs-anchor\"]"}
RESULT: {"using":"xpath","value":"//*[@id=\"application-managecatalogs-display-component---detailCatalog--ObjectPageLayout-anchBar-application-managecatalogs-display-component---detailCatalog--sectionRUs-anchor\"]"}
COMMAND: POST /session/37ca3b759bac6faaed564aba4deb3c32/element - {"using":"xpath","value":"//*[@id=\"application-managecatalogs-display-component---detailCatalog--ObjectPageLayout-anchBar-application-managecatalogs-display-component---detailCatalog--sectionRUs-anchor\"]"}
RESULT: {"using":"xpath","value":"//*[@id=\"application-managecatalogs-display-component---detailCatalog--ObjectPageLayout-anchBar-application-managecatalogs-display-component---detailCatalog--sectionRUs-anchor\"]"}
COMMAND: POST /session/37ca3b759bac6faaed564aba4deb3c32/element/f.8D9121E00EF4972596309C37326D000A.d.556C8DFBE1B3727C1FC938F95AD6D074.e.4985/click - {}
RESULT: {}
COMMAND: GET /session/37ca3b759bac6faaed564aba4deb3c32/screenshot - {}
RESULT: {}
COMMAND: POST /session/37ca3b759bac6faaed564aba4deb3c32/element - {"using":"xpath","value":"//button[contains(@data-kt ,\"catalogItemAssignRuButton\")]"}
RESULT: {"using":"xpath","value":"//button[contains(@data-kt ,\"catalogItemAssignRuButton\")]"}
COMMAND: POST /session/37ca3b759bac6faaed564aba4deb3c32/element/f.8D9121E00EF4972596309C37326D000A.d.556C8DFBE1B3727C1FC938F95AD6D074.e.4996/click - {}
RESULT: {}
COMMAND: GET /session/37ca3b759bac6faaed564aba4deb3c32/screenshot - {}
RESULT: {}
COMMAND: POST /session/37ca3b759bac6faaed564aba4deb3c32/actions - {"actions":[{"id":"action19","type":"key","parameters":{},"actions":[{"type":"keyDown","value":""},{"type":"pause","duration":10},{"type":"keyUp","value":""}]}]}
RESULT: {"actions":[{"id":"action19","type":"key","parameters":{},"actions":[{"type":"keyDown","value":""},{"type":"pause","duration":10},{"type":"keyUp","value":""}]}]}
RESULT: undefined
COMMAND: POST /session/37ca3b759bac6faaed564aba4deb3c32/element - {"using":"xpath","value":"//*[@id=\"application-managecatalogs-display-component---detailCatalog--assignRUSearchField-vhi\"]"}
COMMAND: GET /session/37ca3b759bac6faaed564aba4deb3c32/screenshot - {}
RESULT: {"using":"xpath","value":"//*[@id=\"application-managecatalogs-display-component---detailCatalog--assignRUSearchField-vhi\"]"}
COMMAND: POST /session/37ca3b759bac6faaed564aba4deb3c32/elements - {"using":"xpath","value":"//*[@id=\"application-managecatalogs-display-component---detailCatalog--assignRUSearchField-vhi\"]"}
RESULT: {}
RESULT: {"using":"xpath","value":"//*[@id=\"application-managecatalogs-display-component---detailCatalog--assignRUSearchField-vhi\"]"}
COMMAND: POST /session/37ca3b759bac6faaed564aba4deb3c32/element - {"using":"xpath","value":"//*[@id=\"application-managecatalogs-display-component---detailCatalog--assignRUSearchField-vhi\"]"}
RESULT: {"using":"xpath","value":"//*[@id=\"application-managecatalogs-display-component---detailCatalog--assignRUSearchField-vhi\"]"}
COMMAND: POST /session/37ca3b759bac6faaed564aba4deb3c32/element/f.8D9121E00EF4972596309C37326D000A.d.556C8DFBE1B3727C1FC938F95AD6D074.e.5014/click - {}
RESULT: {}
COMMAND: POST /session/37ca3b759bac6faaed564aba4deb3c32/execute/async - {"script":"<script> [1562 bytes]","args":[{"selector":{"controlType":"sap.m.SearchField","viewName":"etm.portal.ui.managecatalogs.view.Detail","viewId":"application-managecatalogs-display-component---detailCatalog","searchOpenDialogs":true,"interaction":{"idSuffix":"I"}},"wdio_ui5_key":"etmportal.ui.managecatalogs.view.Detailsap.m.SearchField"}]}
COMMAND: GET /session/37ca3b759bac6faaed564aba4deb3c32/screenshot - {}
RESULT: {"script":"<script> [1562 bytes]","args":[{"selector":{"controlType":"sap.m.SearchField","viewName":"etm.portal.ui.managecatalogs.view.Detail","viewId":"application-managecatalogs-display-component---detailCatalog","searchOpenDialogs":true,"interaction":{"idSuffix":"I"}},"wdio_ui5_key":"etmportal.ui.managecatalogs.view.Detailsap.m.SearchField"}]}
RESULT: undefined
COMMAND: POST /session/37ca3b759bac6faaed564aba4deb3c32/execute/async - {"script":"<script> [776 bytes]","args":[{"enterText":"WebdriverRUR2Czjikb","selector":{"controlType":"sap.m.SearchField","viewName":"etm.portal.ui.managecatalogs.view.Detail","viewId":"application-managecatalogs-display-component---detailCatalog","searchOpenDialogs":true,"interaction":{"idSuffix":"I"}},"clearTextFirst":true,"interactionType":"ENTER_TEXT"}]}
RESULT: {}
RESULT: {"script":"<script> [776 bytes]","args":[{"enterText":"WebdriverRUR2Czjikb","selector":{"controlType":"sap.m.SearchField","viewName":"etm.portal.ui.managecatalogs.view.Detail","viewId":"application-managecatalogs-display-component---detailCatalog","searchOpenDialogs":true,"interaction":{"idSuffix":"I"}},"clearTextFirst":true,"interactionType":"ENTER_TEXT"}]}
COMMAND: POST /session/37ca3b759bac6faaed564aba4deb3c32/actions - {"actions":[{"id":"action20","type":"key","parameters":{},"actions":[{"type":"keyDown","value":""},{"type":"pause","duration":10},{"type":"keyUp","value":""}]}]}
RESULT: {"actions":[{"id":"action20","type":"key","parameters":{},"actions":[{"type":"keyDown","value":""},{"type":"pause","duration":10},{"type":"keyUp","value":""}]}]}
COMMAND: GET /session/37ca3b759bac6faaed564aba4deb3c32/screenshot - {}
RESULT: {}
COMMAND: POST /session/37ca3b759bac6faaed564aba4deb3c32/element - {"using":"xpath","value":"(//span[contains(text(), \"WebdriverRUR2Czjikb\")])[1]"}
RESULT: {"using":"xpath","value":"(//span[contains(text(), \"WebdriverRUR2Czjikb\")])[1]"}
COMMAND: POST /session/37ca3b759bac6faaed564aba4deb3c32/element/f.8D9121E00EF4972596309C37326D000A.d.556C8DFBE1B3727C1FC938F95AD6D074.e.5030/click - {}
RESULT: {}
COMMAND: POST /session/37ca3b759bac6faaed564aba4deb3c32/execute/async - {"script":"<script> [1562 bytes]","args":[{"selector":{"id":"application-managecatalogs-display-component---detailCatalog--RUAssignmentSaveButton","searchOpenDialogs":true,"interaction":{"idSuffix":"BDI-content"}},"wdio_ui5_key":"applicationmanagecatalogs-display-component---detailCatalog--RUAssignmentSaveButton"}]}
COMMAND: GET /session/37ca3b759bac6faaed564aba4deb3c32/screenshot - {}
RESULT: {"script":"<script> [1562 bytes]","args":[{"selector":{"id":"application-managecatalogs-display-component---detailCatalog--RUAssignmentSaveButton","searchOpenDialogs":true,"interaction":{"idSuffix":"BDI-content"}},"wdio_ui5_key":"applicationmanagecatalogs-display-component---detailCatalog--RUAssignmentSaveButton"}]}
RESULT: undefined
COMMAND: POST /session/37ca3b759bac6faaed564aba4deb3c32/element - {"using":"xpath","value":"//*[@id=\"application-managecatalogs-display-component---detailCatalog--RUAssignmentSaveButton\"]"}
RESULT: {}
RESULT: {"using":"xpath","value":"//*[@id=\"application-managecatalogs-display-component---detailCatalog--RUAssignmentSaveButton\"]"}
COMMAND: POST /session/37ca3b759bac6faaed564aba4deb3c32/element/f.8D9121E00EF4972596309C37326D000A.d.556C8DFBE1B3727C1FC938F95AD6D074.e.5033/click - {}
RESULT: {}
COMMAND: GET /session/37ca3b759bac6faaed564aba4deb3c32/screenshot - {}
RESULT: {}
COMMAND: POST /session/37ca3b759bac6faaed564aba4deb3c32/element - {"using":"xpath","value":"//bdi[contains(text(), \"Save\")]"}
RESULT: {"using":"xpath","value":"//bdi[contains(text(), \"Save\")]"}
COMMAND: POST /session/37ca3b759bac6faaed564aba4deb3c32/element/f.8D9121E00EF4972596309C37326D000A.d.556C8DFBE1B3727C1FC938F95AD6D074.e.5058/click - {}
RESULT: {}
COMMAND: GET /session/37ca3b759bac6faaed564aba4deb3c32/screenshot - {}
RESULT: {}
COMMAND: POST /session/37ca3b759bac6faaed564aba4deb3c32/element - {"using":"css selector","value":"#shell-header-logo"}
RESULT: {"using":"css selector","value":"#shell-header-logo"}
COMMAND: POST /session/37ca3b759bac6faaed564aba4deb3c32/element/f.8D9121E00EF4972596309C37326D000A.d.556C8DFBE1B3727C1FC938F95AD6D074.e.4630/click - {}
RESULT: {}
COMMAND: GET /session/37ca3b759bac6faaed564aba4deb3c32/screenshot - {}
RESULT: {}
]]></system-out>
    </testcase>
    <testcase classname="chrome.135_0_7049_42.windows.Standard_contract_-_add_contract_items_by_Insert_Request_US118222" name="Should create a new contract" time="77.06">
      <system-out><![CDATA[
COMMAND: POST /session/37ca3b759bac6faaed564aba4deb3c32/execute/async - {"script":"<script> [1562 bytes]","args":[{"selector":{"controlType":"sap.m.Text","viewName":"etm.portal.ui.managecontractstile.view.Master","properties":{"text":"Manage Contracts"},"interaction":{"idSuffix":"inner"}},"wdio_ui5_key":"etmportal.ui.managecontractstile.view.Mastersap.m.Text{\"text\":\"Manage Contracts\"}"}]}
RESULT: {"script":"<script> [1562 bytes]","args":[{"selector":{"controlType":"sap.m.Text","viewName":"etm.portal.ui.managecontractstile.view.Master","properties":{"text":"Manage Contracts"},"interaction":{"idSuffix":"inner"}},"wdio_ui5_key":"etmportal.ui.managecontractstile.view.Mastersap.m.Text{\"text\":\"Manage Contracts\"}"}]}
RESULT: undefined
COMMAND: POST /session/37ca3b759bac6faaed564aba4deb3c32/element - {"using":"xpath","value":"//*[@id=\"__tile133-title\"]"}
RESULT: {"using":"xpath","value":"//*[@id=\"__tile133-title\"]"}
COMMAND: POST /session/37ca3b759bac6faaed564aba4deb3c32/element/f.8D9121E00EF4972596309C37326D000A.d.556C8DFBE1B3727C1FC938F95AD6D074.e.5101/click - {}
RESULT: {}
COMMAND: GET /session/37ca3b759bac6faaed564aba4deb3c32/screenshot - {}
RESULT: {}
RESULT: undefined
COMMAND: POST /session/37ca3b759bac6faaed564aba4deb3c32/element - {"using":"xpath","value":"//button[@data-kt=\"addButton\"]"}
RESULT: {"using":"xpath","value":"//button[@data-kt=\"addButton\"]"}
COMMAND: POST /session/37ca3b759bac6faaed564aba4deb3c32/element/f.8D9121E00EF4972596309C37326D000A.d.556C8DFBE1B3727C1FC938F95AD6D074.e.5152/click - {}
RESULT: {}
COMMAND: GET /session/37ca3b759bac6faaed564aba4deb3c32/screenshot - {}
COMMAND: POST /session/37ca3b759bac6faaed564aba4deb3c32/execute/async - {"script":"<script> [1562 bytes]","args":[{"selector":{"id":"application-managecontracts-display-component---AddNewContract--projectDescription","interaction":{"idSuffix":"inner"}},"wdio_ui5_key":"applicationmanagecontracts-display-component---AddNewContract--projectDescription"}]}
RESULT: {}
RESULT: {"script":"<script> [1562 bytes]","args":[{"selector":{"id":"application-managecontracts-display-component---AddNewContract--projectDescription","interaction":{"idSuffix":"inner"}},"wdio_ui5_key":"applicationmanagecontracts-display-component---AddNewContract--projectDescription"}]}
RESULT: undefined
COMMAND: POST /session/37ca3b759bac6faaed564aba4deb3c32/execute/async - {"script":"<script> [776 bytes]","args":[{"enterText":"WdIOR2cevv95","selector":{"id":"application-managecontracts-display-component---AddNewContract--projectDescription","interaction":{"idSuffix":"inner"}},"clearTextFirst":true,"interactionType":"ENTER_TEXT"}]}
RESULT: {"script":"<script> [776 bytes]","args":[{"enterText":"WdIOR2cevv95","selector":{"id":"application-managecontracts-display-component---AddNewContract--projectDescription","interaction":{"idSuffix":"inner"}},"clearTextFirst":true,"interactionType":"ENTER_TEXT"}]}
COMMAND: POST /session/37ca3b759bac6faaed564aba4deb3c32/element - {"using":"xpath","value":"//input[@id=\"application-managecontracts-display-component---AddNewContract--yardId-inner\"]"}
RESULT: {"using":"xpath","value":"//input[@id=\"application-managecontracts-display-component---AddNewContract--yardId-inner\"]"}
COMMAND: POST /session/37ca3b759bac6faaed564aba4deb3c32/element/f.8D9121E00EF4972596309C37326D000A.d.556C8DFBE1B3727C1FC938F95AD6D074.e.5435/clear - {}
RESULT: {}
COMMAND: POST /session/37ca3b759bac6faaed564aba4deb3c32/element/f.8D9121E00EF4972596309C37326D000A.d.556C8DFBE1B3727C1FC938F95AD6D074.e.5435/value - {"text":"WebdriverYardg5c4aj"}
COMMAND: GET /session/37ca3b759bac6faaed564aba4deb3c32/screenshot - {}
RESULT: {"text":"WebdriverYardg5c4aj"}
COMMAND: GET /session/37ca3b759bac6faaed564aba4deb3c32/screenshot - {}
RESULT: {}
RESULT: {}
COMMAND: POST /session/37ca3b759bac6faaed564aba4deb3c32/actions - {"actions":[{"id":"action21","type":"key","parameters":{},"actions":[{"type":"keyDown","value":""},{"type":"pause","duration":10},{"type":"keyUp","value":""}]}]}
RESULT: {"actions":[{"id":"action21","type":"key","parameters":{},"actions":[{"type":"keyDown","value":""},{"type":"pause","duration":10},{"type":"keyUp","value":""}]}]}
COMMAND: GET /session/37ca3b759bac6faaed564aba4deb3c32/screenshot - {}
RESULT: {}
COMMAND: POST /session/37ca3b759bac6faaed564aba4deb3c32/element - {"using":"xpath","value":"//input[@id=\"application-managecontracts-display-component---AddNewContract--customerSelect-inner\"]"}
RESULT: {"using":"xpath","value":"//input[@id=\"application-managecontracts-display-component---AddNewContract--customerSelect-inner\"]"}
COMMAND: POST /session/37ca3b759bac6faaed564aba4deb3c32/element/f.8D9121E00EF4972596309C37326D000A.d.556C8DFBE1B3727C1FC938F95AD6D074.e.5433/clear - {}
RESULT: {}
COMMAND: POST /session/37ca3b759bac6faaed564aba4deb3c32/element/f.8D9121E00EF4972596309C37326D000A.d.556C8DFBE1B3727C1FC938F95AD6D074.e.5433/value - {"text":"WebdriverPartnerryx8a"}
COMMAND: GET /session/37ca3b759bac6faaed564aba4deb3c32/screenshot - {}
RESULT: {"text":"WebdriverPartnerryx8a"}
COMMAND: GET /session/37ca3b759bac6faaed564aba4deb3c32/screenshot - {}
RESULT: {}
RESULT: {}
COMMAND: POST /session/37ca3b759bac6faaed564aba4deb3c32/actions - {"actions":[{"id":"action22","type":"key","parameters":{},"actions":[{"type":"keyDown","value":""},{"type":"pause","duration":10},{"type":"keyUp","value":""}]}]}
RESULT: {"actions":[{"id":"action22","type":"key","parameters":{},"actions":[{"type":"keyDown","value":""},{"type":"pause","duration":10},{"type":"keyUp","value":""}]}]}
COMMAND: GET /session/37ca3b759bac6faaed564aba4deb3c32/screenshot - {}
RESULT: {}
COMMAND: POST /session/37ca3b759bac6faaed564aba4deb3c32/element - {"using":"xpath","value":"//input[@id=\"application-managecontracts-display-component---AddNewContract--site-inner\"]"}
RESULT: {"using":"xpath","value":"//input[@id=\"application-managecontracts-display-component---AddNewContract--site-inner\"]"}
COMMAND: POST /session/37ca3b759bac6faaed564aba4deb3c32/element/f.8D9121E00EF4972596309C37326D000A.d.556C8DFBE1B3727C1FC938F95AD6D074.e.5434/clear - {}
RESULT: {}
COMMAND: POST /session/37ca3b759bac6faaed564aba4deb3c32/element/f.8D9121E00EF4972596309C37326D000A.d.556C8DFBE1B3727C1FC938F95AD6D074.e.5434/value - {"text":"WebdriverSitevpzc4"}
COMMAND: GET /session/37ca3b759bac6faaed564aba4deb3c32/screenshot - {}
RESULT: {"text":"WebdriverSitevpzc4"}
COMMAND: GET /session/37ca3b759bac6faaed564aba4deb3c32/screenshot - {}
RESULT: {}
RESULT: {}
COMMAND: POST /session/37ca3b759bac6faaed564aba4deb3c32/actions - {"actions":[{"id":"action23","type":"key","parameters":{},"actions":[{"type":"keyDown","value":""},{"type":"pause","duration":10},{"type":"keyUp","value":""}]}]}
RESULT: {"actions":[{"id":"action23","type":"key","parameters":{},"actions":[{"type":"keyDown","value":""},{"type":"pause","duration":10},{"type":"keyUp","value":""}]}]}
COMMAND: POST /session/37ca3b759bac6faaed564aba4deb3c32/element - {"using":"xpath","value":"//button[@data-kt=\"saveButton\"]"}
COMMAND: GET /session/37ca3b759bac6faaed564aba4deb3c32/screenshot - {}
RESULT: {"using":"xpath","value":"//button[@data-kt=\"saveButton\"]"}
COMMAND: POST /session/37ca3b759bac6faaed564aba4deb3c32/element/f.8D9121E00EF4972596309C37326D000A.d.556C8DFBE1B3727C1FC938F95AD6D074.e.5451/click - {}
RESULT: {}
RESULT: {}
COMMAND: GET /session/37ca3b759bac6faaed564aba4deb3c32/screenshot - {}
RESULT: {}
COMMAND: POST /session/37ca3b759bac6faaed564aba4deb3c32/execute/async - {"script":"<script> [1562 bytes]","args":[{"selector":{"id":"contractDetailTitleNoExpanded","viewName":"etm.portal.ui.managecontracts.view.Detail"},"wdio_ui5_key":"contractDetailTitleNoExpandedetmportal.ui.managecontracts.view.Detail"}]}
RESULT: {"script":"<script> [1562 bytes]","args":[{"selector":{"id":"contractDetailTitleNoExpanded","viewName":"etm.portal.ui.managecontracts.view.Detail"},"wdio_ui5_key":"contractDetailTitleNoExpandedetmportal.ui.managecontracts.view.Detail"}]}
RESULT: undefined
COMMAND: POST /session/37ca3b759bac6faaed564aba4deb3c32/execute/async - {"script":"<script> [6424 bytes]","args":[{"element-6066-11e4-a52e-4f735466cecf":"f.8D9121E00EF4972596309C37326D000A.d.556C8DFBE1B3727C1FC938F95AD6D074.e.5467"},"getText",[]]}
RESULT: {"script":"<script> [6424 bytes]","args":[{"element-6066-11e4-a52e-4f735466cecf":"f.8D9121E00EF4972596309C37326D000A.d.556C8DFBE1B3727C1FC938F95AD6D074.e.5467"},"getText",[]]}
]]></system-out>
    </testcase>
    <testcase classname="chrome.135_0_7049_42.windows.Standard_contract_-_add_contract_items_by_Insert_Request_US118222" name="Should create a new request and plan it" time="146.27">
      <system-out><![CDATA[
COMMAND: POST /session/37ca3b759bac6faaed564aba4deb3c32/element - {"using":"css selector","value":"#shell-header-logo"}
RESULT: {"using":"css selector","value":"#shell-header-logo"}
COMMAND: POST /session/37ca3b759bac6faaed564aba4deb3c32/element/f.8D9121E00EF4972596309C37326D000A.d.556C8DFBE1B3727C1FC938F95AD6D074.e.5103/click - {}
RESULT: {}
COMMAND: GET /session/37ca3b759bac6faaed564aba4deb3c32/screenshot - {}
RESULT: {}
COMMAND: POST /session/37ca3b759bac6faaed564aba4deb3c32/execute/async - {"script":"<script> [1562 bytes]","args":[{"selector":{"controlType":"sap.m.GenericTile","properties":{"header":"Manage Requests"}},"wdio_ui5_key":"sapm.GenericTile{\"header\":\"Manage Requests\"}"}]}
RESULT: {"script":"<script> [1562 bytes]","args":[{"selector":{"controlType":"sap.m.GenericTile","properties":{"header":"Manage Requests"}},"wdio_ui5_key":"sapm.GenericTile{\"header\":\"Manage Requests\"}"}]}
RESULT: undefined
COMMAND: POST /session/37ca3b759bac6faaed564aba4deb3c32/element - {"using":"xpath","value":"//*[@id=\"__tile47\"]"}
RESULT: {"using":"xpath","value":"//*[@id=\"__tile47\"]"}
COMMAND: POST /session/37ca3b759bac6faaed564aba4deb3c32/element/f.8D9121E00EF4972596309C37326D000A.d.556C8DFBE1B3727C1FC938F95AD6D074.e.5472/click - {}
RESULT: {}
COMMAND: GET /session/37ca3b759bac6faaed564aba4deb3c32/screenshot - {}
RESULT: {}
COMMAND: POST /session/37ca3b759bac6faaed564aba4deb3c32/element - {"using":"xpath","value":"//button[contains(@data-kt ,\"btnCreateNewOverflowToolbarButton\")]"}
COMMAND: POST /session/37ca3b759bac6faaed564aba4deb3c32/element - {"using":"xpath","value":"(//span[contains(@class ,\"sapMObjStatusText\")])[1]"}
RESULT: {"using":"xpath","value":"//button[contains(@data-kt ,\"btnCreateNewOverflowToolbarButton\")]"}
COMMAND: POST /session/37ca3b759bac6faaed564aba4deb3c32/element/f.8D9121E00EF4972596309C37326D000A.d.556C8DFBE1B3727C1FC938F95AD6D074.e.5511/click - {}
RESULT: {"using":"xpath","value":"(//span[contains(@class ,\"sapMObjStatusText\")])[1]"}
COMMAND: POST /session/37ca3b759bac6faaed564aba4deb3c32/execute/sync - {"script":"<script> [8489 bytes]","args":[{"element-6066-11e4-a52e-4f735466cecf":"f.8D9121E00EF4972596309C37326D000A.d.556C8DFBE1B3727C1FC938F95AD6D074.e.5579","ELEMENT":"f.8D9121E00EF4972596309C37326D000A.d.556C8DFBE1B3727C1FC938F95AD6D074.e.5579"}]}
RESULT: {}
COMMAND: GET /session/37ca3b759bac6faaed564aba4deb3c32/screenshot - {}
RESULT: {"script":"<script> [8489 bytes]","args":[{"element-6066-11e4-a52e-4f735466cecf":"f.8D9121E00EF4972596309C37326D000A.d.556C8DFBE1B3727C1FC938F95AD6D074.e.5579","ELEMENT":"f.8D9121E00EF4972596309C37326D000A.d.556C8DFBE1B3727C1FC938F95AD6D074.e.5579"}]}
COMMAND: GET /session/37ca3b759bac6faaed564aba4deb3c32/screenshot - {}
RESULT: {}
RESULT: {}
COMMAND: POST /session/37ca3b759bac6faaed564aba4deb3c32/element - {"using":"xpath","value":"//input[contains(@id ,\"requestContractNo-inner\")]"}
COMMAND: POST /session/37ca3b759bac6faaed564aba4deb3c32/element - {"using":"xpath","value":"//input[contains(@id ,\"yardId-inner\")]"}
RESULT: {"using":"xpath","value":"//input[contains(@id ,\"requestContractNo-inner\")]"}
COMMAND: POST /session/37ca3b759bac6faaed564aba4deb3c32/element/f.8D9121E00EF4972596309C37326D000A.d.556C8DFBE1B3727C1FC938F95AD6D074.e.5767/value - {"text":"10581"}
RESULT: {"using":"xpath","value":"//input[contains(@id ,\"yardId-inner\")]"}
COMMAND: GET /session/37ca3b759bac6faaed564aba4deb3c32/element/f.8D9121E00EF4972596309C37326D000A.d.556C8DFBE1B3727C1FC938F95AD6D074.e.5772/enabled - {}
RESULT: {"text":"10581"}
COMMAND: GET /session/37ca3b759bac6faaed564aba4deb3c32/screenshot - {}
RESULT: {}
COMMAND: GET /session/37ca3b759bac6faaed564aba4deb3c32/screenshot - {}
RESULT: {}
RESULT: {}
COMMAND: POST /session/37ca3b759bac6faaed564aba4deb3c32/actions - {"actions":[{"id":"action24","type":"key","parameters":{},"actions":[{"type":"keyDown","value":""},{"type":"pause","duration":10},{"type":"keyUp","value":""}]}]}
RESULT: {"actions":[{"id":"action24","type":"key","parameters":{},"actions":[{"type":"keyDown","value":""},{"type":"pause","duration":10},{"type":"keyUp","value":""}]}]}
COMMAND: GET /session/37ca3b759bac6faaed564aba4deb3c32/screenshot - {}
RESULT: {}
COMMAND: POST /session/37ca3b759bac6faaed564aba4deb3c32/execute/async - {"script":"<script> [1562 bytes]","args":[{"selector":{"controlType":"sap.ui.core.Icon","viewName":"etm.portal.ui.managerequests.view.NewRequest","properties":{"src":{"regex":{"source":"add"}}}},"wdio_ui5_key":"etmportal.ui.managerequests.view.NewRequestsap.ui.core.Icon{\"src\":{\"regex\":{\"source\":\"add\"}}}"}]}
RESULT: {"script":"<script> [1562 bytes]","args":[{"selector":{"controlType":"sap.ui.core.Icon","viewName":"etm.portal.ui.managerequests.view.NewRequest","properties":{"src":{"regex":{"source":"add"}}}},"wdio_ui5_key":"etmportal.ui.managerequests.view.NewRequestsap.ui.core.Icon{\"src\":{\"regex\":{\"source\":\"add\"}}}"}]}
RESULT: undefined
COMMAND: POST /session/37ca3b759bac6faaed564aba4deb3c32/element - {"using":"xpath","value":"//*[@id=\"__xmlview61--btnAddTableRow-img\"]"}
RESULT: {"using":"xpath","value":"//*[@id=\"__xmlview61--btnAddTableRow-img\"]"}
COMMAND: POST /session/37ca3b759bac6faaed564aba4deb3c32/element/f.8D9121E00EF4972596309C37326D000A.d.556C8DFBE1B3727C1FC938F95AD6D074.e.5746/click - {}
RESULT: {}
COMMAND: GET /session/37ca3b759bac6faaed564aba4deb3c32/screenshot - {}
RESULT: {}
COMMAND: POST /session/37ca3b759bac6faaed564aba4deb3c32/execute/async - {"script":"<script> [1562 bytes]","args":[{"selector":{"controlType":"sap.ui.unified.MenuItem","viewName":"etm.portal.ui.managerequests.view.NewRequest","i18NText":{"propertyName":"text","key":"standardEntry"},"searchOpenDialogs":true,"interaction":{"idSuffix":"txt"}},"wdio_ui5_key":"etmportal.ui.managerequests.view.NewRequestsap.ui.unified.MenuItem{\"propertyName\":\"text\",\"key\":\"standardEntry\"}"}]}
RESULT: {"script":"<script> [1562 bytes]","args":[{"selector":{"controlType":"sap.ui.unified.MenuItem","viewName":"etm.portal.ui.managerequests.view.NewRequest","i18NText":{"propertyName":"text","key":"standardEntry"},"searchOpenDialogs":true,"interaction":{"idSuffix":"txt"}},"wdio_ui5_key":"etmportal.ui.managerequests.view.NewRequestsap.ui.unified.MenuItem{\"propertyName\":\"text\",\"key\":\"standardEntry\"}"}]}
RESULT: undefined
COMMAND: POST /session/37ca3b759bac6faaed564aba4deb3c32/element - {"using":"xpath","value":"//*[@id=\"__item4165\"]"}
RESULT: {"using":"xpath","value":"//*[@id=\"__item4165\"]"}
COMMAND: POST /session/37ca3b759bac6faaed564aba4deb3c32/element/f.8D9121E00EF4972596309C37326D000A.d.556C8DFBE1B3727C1FC938F95AD6D074.e.5931/click - {}
RESULT: {}
COMMAND: GET /session/37ca3b759bac6faaed564aba4deb3c32/screenshot - {}
RESULT: {}
RESULT: undefined
COMMAND: POST /session/37ca3b759bac6faaed564aba4deb3c32/element - {"using":"xpath","value":"//*[@id=\"__xmlview61--btnAddTableRow-img\"]"}
RESULT: {"using":"xpath","value":"//*[@id=\"__xmlview61--btnAddTableRow-img\"]"}
COMMAND: POST /session/37ca3b759bac6faaed564aba4deb3c32/element/f.8D9121E00EF4972596309C37326D000A.d.556C8DFBE1B3727C1FC938F95AD6D074.e.5746/click - {}
RESULT: {}
COMMAND: GET /session/37ca3b759bac6faaed564aba4deb3c32/screenshot - {}
RESULT: {}
RESULT: undefined
COMMAND: POST /session/37ca3b759bac6faaed564aba4deb3c32/element - {"using":"xpath","value":"//*[@id=\"__item4165\"]"}
RESULT: {"using":"xpath","value":"//*[@id=\"__item4165\"]"}
COMMAND: POST /session/37ca3b759bac6faaed564aba4deb3c32/element/f.8D9121E00EF4972596309C37326D000A.d.556C8DFBE1B3727C1FC938F95AD6D074.e.5943/click - {}
RESULT: {}
COMMAND: GET /session/37ca3b759bac6faaed564aba4deb3c32/screenshot - {}
RESULT: {}
COMMAND: POST /session/37ca3b759bac6faaed564aba4deb3c32/element - {"using":"xpath","value":"(//input[contains(@id ,\"requestItemsTable-0-inner\")])[1]"}
RESULT: {"using":"xpath","value":"(//input[contains(@id ,\"requestItemsTable-0-inner\")])[1]"}
COMMAND: POST /session/37ca3b759bac6faaed564aba4deb3c32/element/f.8D9121E00EF4972596309C37326D000A.d.556C8DFBE1B3727C1FC938F95AD6D074.e.5933/clear - {}
RESULT: {}
COMMAND: POST /session/37ca3b759bac6faaed564aba4deb3c32/element/f.8D9121E00EF4972596309C37326D000A.d.556C8DFBE1B3727C1FC938F95AD6D074.e.5933/value - {"text":"catalogItemjpqul"}
COMMAND: GET /session/37ca3b759bac6faaed564aba4deb3c32/screenshot - {}
RESULT: {"text":"catalogItemjpqul"}
COMMAND: GET /session/37ca3b759bac6faaed564aba4deb3c32/screenshot - {}
RESULT: {}
RESULT: {}
COMMAND: POST /session/37ca3b759bac6faaed564aba4deb3c32/actions - {"actions":[{"id":"action25","type":"key","parameters":{},"actions":[{"type":"keyDown","value":""},{"type":"pause","duration":10},{"type":"keyUp","value":""}]}]}
RESULT: {"actions":[{"id":"action25","type":"key","parameters":{},"actions":[{"type":"keyDown","value":""},{"type":"pause","duration":10},{"type":"keyUp","value":""}]}]}
COMMAND: POST /session/37ca3b759bac6faaed564aba4deb3c32/element - {"using":"xpath","value":"(//input[contains(@id ,\"requestItemsTable-1-inner\")])[1]"}
COMMAND: GET /session/37ca3b759bac6faaed564aba4deb3c32/screenshot - {}
RESULT: {"using":"xpath","value":"(//input[contains(@id ,\"requestItemsTable-1-inner\")])[1]"}
COMMAND: POST /session/37ca3b759bac6faaed564aba4deb3c32/element/f.8D9121E00EF4972596309C37326D000A.d.556C8DFBE1B3727C1FC938F95AD6D074.e.5945/clear - {}
RESULT: {}
RESULT: {}
COMMAND: POST /session/37ca3b759bac6faaed564aba4deb3c32/element/f.8D9121E00EF4972596309C37326D000A.d.556C8DFBE1B3727C1FC938F95AD6D074.e.5945/value - {"text":"catalogItemjpqul"}
COMMAND: GET /session/37ca3b759bac6faaed564aba4deb3c32/screenshot - {}
RESULT: {"text":"catalogItemjpqul"}
COMMAND: GET /session/37ca3b759bac6faaed564aba4deb3c32/screenshot - {}
RESULT: {}
RESULT: {}
COMMAND: POST /session/37ca3b759bac6faaed564aba4deb3c32/actions - {"actions":[{"id":"action26","type":"key","parameters":{},"actions":[{"type":"keyDown","value":""},{"type":"pause","duration":10},{"type":"keyUp","value":""}]}]}
RESULT: {"actions":[{"id":"action26","type":"key","parameters":{},"actions":[{"type":"keyDown","value":""},{"type":"pause","duration":10},{"type":"keyUp","value":""}]}]}
COMMAND: GET /session/37ca3b759bac6faaed564aba4deb3c32/screenshot - {}
RESULT: {}
COMMAND: POST /session/37ca3b759bac6faaed564aba4deb3c32/execute/async - {"script":"<script> [1562 bytes]","args":[{"selector":{"controlType":"sap.ui.core.Icon","viewName":"etm.portal.ui.managerequests.view.NewRequest","properties":{"src":{"regex":{"source":"slim\\-arrow\\-down"}}},"ancestor":{"controlType":"sap.m.Button","viewName":"etm.portal.ui.managerequests.view.NewRequest","properties":{"icon":"sap-icon://slim-arrow-down"}}},"wdio_ui5_key":"etmportal.ui.managerequests.view.NewRequestsap.ui.core.Icon{\"src\":{\"regex\":{\"source\":\"slim\\\\-arrow\\\\-down\"}}}{\"controlType\":\"sap.m.Button\",\"viewName\":\"etm.portal.ui.managerequests.view.NewRequest\",\"properties\":{\"icon\":\"sap-icon://slim-arrow-down\"}}"}]}
RESULT: {"script":"<script> [1562 bytes]","args":[{"selector":{"controlType":"sap.ui.core.Icon","viewName":"etm.portal.ui.managerequests.view.NewRequest","properties":{"src":{"regex":{"source":"slim\\-arrow\\-down"}}},"ancestor":{"controlType":"sap.m.Button","viewName":"etm.portal.ui.managerequests.view.NewRequest","properties":{"icon":"sap-icon://slim-arrow-down"}}},"wdio_ui5_key":"etmportal.ui.managerequests.view.NewRequestsap.ui.core.Icon{\"src\":{\"regex\":{\"source\":\"slim\\\\-arrow\\\\-down\"}}}{\"controlType\":\"sap.m.Button\",\"viewName\":\"etm.portal.ui.managerequests.view.NewRequest\",\"properties\":{\"icon\":\"sap-icon://slim-arrow-down\"}}"}]}
RESULT: undefined
COMMAND: POST /session/37ca3b759bac6faaed564aba4deb3c32/element - {"using":"xpath","value":"//*[@id=\"__title48-expandBtn-img\"]"}
RESULT: {"using":"xpath","value":"//*[@id=\"__title48-expandBtn-img\"]"}
COMMAND: POST /session/37ca3b759bac6faaed564aba4deb3c32/element/f.8D9121E00EF4972596309C37326D000A.d.556C8DFBE1B3727C1FC938F95AD6D074.e.5965/click - {}
RESULT: {}
COMMAND: POST /session/37ca3b759bac6faaed564aba4deb3c32/element - {"using":"xpath","value":"//div[contains(@data-kt ,\"splitAllocationObjectStatus\")]"}
COMMAND: GET /session/37ca3b759bac6faaed564aba4deb3c32/screenshot - {}
RESULT: {"using":"xpath","value":"//div[contains(@data-kt ,\"splitAllocationObjectStatus\")]"}
COMMAND: POST /session/37ca3b759bac6faaed564aba4deb3c32/elements - {"using":"xpath","value":"//div[contains(@data-kt ,\"splitAllocationObjectStatus\")]"}
RESULT: {}
RESULT: {"using":"xpath","value":"//div[contains(@data-kt ,\"splitAllocationObjectStatus\")]"}
COMMAND: POST /session/37ca3b759bac6faaed564aba4deb3c32/execute/async - {"script":"<script> [1562 bytes]","args":[{"selector":{"controlType":"sap.ui.core.Icon","viewName":"etm.portal.ui.managerequests.view.NewRequest","properties":{"src":{"regex":{"source":"message\\-error"}}},"ancestor":{"controlType":"sap.m.ColumnListItem","viewName":"etm.portal.ui.managerequests.view.NewRequest","bindingPath":{"modelName":"newRequestItems","path":"/RequestItems/0"},"ancestor":{"id":"requestItemsTable","viewName":"etm.portal.ui.managerequests.view.NewRequest"}}},"wdio_ui5_key":"etmportal.ui.managerequests.view.NewRequestsap.ui.core.Icon{\"src\":{\"regex\":{\"source\":\"message\\\\-error\"}}}{\"controlType\":\"sap.m.ColumnListItem\",\"viewName\":\"etm.portal.ui.managerequests.view.NewRequest\",\"bindingPath\":{\"modelName\":\"newRequestItems\",\"path\":\"/RequestItems/0\"},\"ancestor\":{\"id\":\"requestItemsTable\",\"viewName\":\"etm.portal.ui.managerequests.view.NewRequest\"}}"}]}
RESULT: {"script":"<script> [1562 bytes]","args":[{"selector":{"controlType":"sap.ui.core.Icon","viewName":"etm.portal.ui.managerequests.view.NewRequest","properties":{"src":{"regex":{"source":"message\\-error"}}},"ancestor":{"controlType":"sap.m.ColumnListItem","viewName":"etm.portal.ui.managerequests.view.NewRequest","bindingPath":{"modelName":"newRequestItems","path":"/RequestItems/0"},"ancestor":{"id":"requestItemsTable","viewName":"etm.portal.ui.managerequests.view.NewRequest"}}},"wdio_ui5_key":"etmportal.ui.managerequests.view.NewRequestsap.ui.core.Icon{\"src\":{\"regex\":{\"source\":\"message\\\\-error\"}}}{\"controlType\":\"sap.m.ColumnListItem\",\"viewName\":\"etm.portal.ui.managerequests.view.NewRequest\",\"bindingPath\":{\"modelName\":\"newRequestItems\",\"path\":\"/RequestItems/0\"},\"ancestor\":{\"id\":\"requestItemsTable\",\"viewName\":\"etm.portal.ui.managerequests.view.NewRequest\"}}"}]}
RESULT: undefined
COMMAND: POST /session/37ca3b759bac6faaed564aba4deb3c32/element - {"using":"xpath","value":"//*[@id=\"__status15-__xmlview61--requestItemsTable-0-icon\"]"}
RESULT: {"using":"xpath","value":"//*[@id=\"__status15-__xmlview61--requestItemsTable-0-icon\"]"}
COMMAND: POST /session/37ca3b759bac6faaed564aba4deb3c32/element/f.8D9121E00EF4972596309C37326D000A.d.556C8DFBE1B3727C1FC938F95AD6D074.e.5972/click - {}
RESULT: {}
COMMAND: GET /session/37ca3b759bac6faaed564aba4deb3c32/screenshot - {}
RESULT: {}
COMMAND: POST /session/37ca3b759bac6faaed564aba4deb3c32/execute/async - {"script":"<script> [1562 bytes]","args":[{"selector":{"id":"costObjectAdminTypeComboBox","viewName":"etm.portal.ui.managerequests.view.NewRequest","searchOpenDialogs":true,"interaction":{"idSuffix":"inner"}},"wdio_ui5_key":"costObjectAdminTypeComboBoxetmportal.ui.managerequests.view.NewRequest"}]}
RESULT: {"script":"<script> [1562 bytes]","args":[{"selector":{"id":"costObjectAdminTypeComboBox","viewName":"etm.portal.ui.managerequests.view.NewRequest","searchOpenDialogs":true,"interaction":{"idSuffix":"inner"}},"wdio_ui5_key":"costObjectAdminTypeComboBoxetmportal.ui.managerequests.view.NewRequest"}]}
RESULT: undefined
COMMAND: POST /session/37ca3b759bac6faaed564aba4deb3c32/execute/async - {"script":"<script> [776 bytes]","args":[{"enterText":"Cost Center","selector":{"id":"costObjectAdminTypeComboBox","viewName":"etm.portal.ui.managerequests.view.NewRequest","searchOpenDialogs":true,"interaction":{"idSuffix":"inner"}},"clearTextFirst":true,"interactionType":"ENTER_TEXT"}]}
RESULT: {"script":"<script> [776 bytes]","args":[{"enterText":"Cost Center","selector":{"id":"costObjectAdminTypeComboBox","viewName":"etm.portal.ui.managerequests.view.NewRequest","searchOpenDialogs":true,"interaction":{"idSuffix":"inner"}},"clearTextFirst":true,"interactionType":"ENTER_TEXT"}]}
COMMAND: POST /session/37ca3b759bac6faaed564aba4deb3c32/actions - {"actions":[{"id":"action27","type":"key","parameters":{},"actions":[{"type":"keyDown","value":""},{"type":"pause","duration":10},{"type":"keyUp","value":""}]}]}
RESULT: {"actions":[{"id":"action27","type":"key","parameters":{},"actions":[{"type":"keyDown","value":""},{"type":"pause","duration":10},{"type":"keyUp","value":""}]}]}
COMMAND: GET /session/37ca3b759bac6faaed564aba4deb3c32/screenshot - {}
RESULT: {}
COMMAND: POST /session/37ca3b759bac6faaed564aba4deb3c32/execute/async - {"script":"<script> [1562 bytes]","args":[{"selector":{"controlType":"sap.ui.core.Icon","viewName":"etm.portal.ui.managerequests.view.NewRequest","properties":{"src":{"regex":{"source":"value\\-help"}}},"searchOpenDialogs":true},"wdio_ui5_key":"etmportal.ui.managerequests.view.NewRequestsap.ui.core.Icon{\"src\":{\"regex\":{\"source\":\"value\\\\-help\"}}}"}]}
RESULT: {"script":"<script> [1562 bytes]","args":[{"selector":{"controlType":"sap.ui.core.Icon","viewName":"etm.portal.ui.managerequests.view.NewRequest","properties":{"src":{"regex":{"source":"value\\-help"}}},"searchOpenDialogs":true},"wdio_ui5_key":"etmportal.ui.managerequests.view.NewRequestsap.ui.core.Icon{\"src\":{\"regex\":{\"source\":\"value\\\\-help\"}}}"}]}
RESULT: undefined
COMMAND: POST /session/37ca3b759bac6faaed564aba4deb3c32/element - {"using":"xpath","value":"//*[@id=\"__xmlview61--costObjectIdComboBox-vhi\"]"}
RESULT: {"using":"xpath","value":"//*[@id=\"__xmlview61--costObjectIdComboBox-vhi\"]"}
COMMAND: POST /session/37ca3b759bac6faaed564aba4deb3c32/element/f.8D9121E00EF4972596309C37326D000A.d.556C8DFBE1B3727C1FC938F95AD6D074.e.5983/click - {}
RESULT: {}
COMMAND: POST /session/37ca3b759bac6faaed564aba4deb3c32/execute/async - {"script":"<script> [1562 bytes]","args":[{"selector":{"controlType":"sap.m.SearchField","properties":{"placeholder":"Search"},"searchOpenDialogs":true,"interaction":{"idSuffix":"I"}},"wdio_ui5_key":"sapm.SearchField{\"placeholder\":\"Search\"}"}]}
COMMAND: GET /session/37ca3b759bac6faaed564aba4deb3c32/screenshot - {}
RESULT: {"script":"<script> [1562 bytes]","args":[{"selector":{"controlType":"sap.m.SearchField","properties":{"placeholder":"Search"},"searchOpenDialogs":true,"interaction":{"idSuffix":"I"}},"wdio_ui5_key":"sapm.SearchField{\"placeholder\":\"Search\"}"}]}
RESULT: undefined
COMMAND: POST /session/37ca3b759bac6faaed564aba4deb3c32/execute/async - {"script":"<script> [776 bytes]","args":[{"enterText":"10001013","selector":{"controlType":"sap.m.SearchField","properties":{"placeholder":"Search"},"searchOpenDialogs":true,"interaction":{"idSuffix":"I"}},"clearTextFirst":true,"interactionType":"ENTER_TEXT"}]}
RESULT: {}
RESULT: {"script":"<script> [776 bytes]","args":[{"enterText":"10001013","selector":{"controlType":"sap.m.SearchField","properties":{"placeholder":"Search"},"searchOpenDialogs":true,"interaction":{"idSuffix":"I"}},"clearTextFirst":true,"interactionType":"ENTER_TEXT"}]}
COMMAND: POST /session/37ca3b759bac6faaed564aba4deb3c32/actions - {"actions":[{"id":"action28","type":"key","parameters":{},"actions":[{"type":"keyDown","value":""},{"type":"pause","duration":10},{"type":"keyUp","value":""}]}]}
RESULT: {"actions":[{"id":"action28","type":"key","parameters":{},"actions":[{"type":"keyDown","value":""},{"type":"pause","duration":10},{"type":"keyUp","value":""}]}]}
COMMAND: GET /session/37ca3b759bac6faaed564aba4deb3c32/screenshot - {}
RESULT: {}
COMMAND: POST /session/37ca3b759bac6faaed564aba4deb3c32/element - {"using":"xpath","value":"//span[contains(text(), \"General Management\")]"}
RESULT: {"using":"xpath","value":"//span[contains(text(), \"General Management\")]"}
COMMAND: POST /session/37ca3b759bac6faaed564aba4deb3c32/element/f.8D9121E00EF4972596309C37326D000A.d.556C8DFBE1B3727C1FC938F95AD6D074.e.6024/click - {}
RESULT: {}
COMMAND: GET /session/37ca3b759bac6faaed564aba4deb3c32/screenshot - {}
RESULT: {}
COMMAND: POST /session/37ca3b759bac6faaed564aba4deb3c32/element - {"using":"xpath","value":"//bdi[contains(text(), \"OK\")]"}
RESULT: {"using":"xpath","value":"//bdi[contains(text(), \"OK\")]"}
COMMAND: POST /session/37ca3b759bac6faaed564aba4deb3c32/element/f.8D9121E00EF4972596309C37326D000A.d.556C8DFBE1B3727C1FC938F95AD6D074.e.6025/click - {}
RESULT: {}
COMMAND: GET /session/37ca3b759bac6faaed564aba4deb3c32/screenshot - {}
RESULT: {}
COMMAND: POST /session/37ca3b759bac6faaed564aba4deb3c32/element - {"using":"xpath","value":"(//bdi[contains(@id ,\"BDI-content\")][contains(text(), \"Save\")])[1]"}
RESULT: {"using":"xpath","value":"(//bdi[contains(@id ,\"BDI-content\")][contains(text(), \"Save\")])[1]"}
COMMAND: POST /session/37ca3b759bac6faaed564aba4deb3c32/element/f.8D9121E00EF4972596309C37326D000A.d.556C8DFBE1B3727C1FC938F95AD6D074.e.6029/click - {}
RESULT: {}
COMMAND: GET /session/37ca3b759bac6faaed564aba4deb3c32/screenshot - {}
RESULT: {}
COMMAND: POST /session/37ca3b759bac6faaed564aba4deb3c32/execute/async - {"script":"<script> [1562 bytes]","args":[{"selector":{"controlType":"sap.ui.core.Icon","viewName":"etm.portal.ui.managerequests.view.NewRequest","properties":{"src":{"regex":{"source":"message\\-error"}}},"ancestor":{"controlType":"sap.m.ColumnListItem","viewName":"etm.portal.ui.managerequests.view.NewRequest","bindingPath":{"modelName":"newRequestItems","path":"/RequestItems/1"},"ancestor":{"id":"requestItemsTable","viewName":"etm.portal.ui.managerequests.view.NewRequest"}}},"wdio_ui5_key":"etmportal.ui.managerequests.view.NewRequestsap.ui.core.Icon{\"src\":{\"regex\":{\"source\":\"message\\\\-error\"}}}{\"controlType\":\"sap.m.ColumnListItem\",\"viewName\":\"etm.portal.ui.managerequests.view.NewRequest\",\"bindingPath\":{\"modelName\":\"newRequestItems\",\"path\":\"/RequestItems/1\"},\"ancestor\":{\"id\":\"requestItemsTable\",\"viewName\":\"etm.portal.ui.managerequests.view.NewRequest\"}}"}]}
RESULT: {"script":"<script> [1562 bytes]","args":[{"selector":{"controlType":"sap.ui.core.Icon","viewName":"etm.portal.ui.managerequests.view.NewRequest","properties":{"src":{"regex":{"source":"message\\-error"}}},"ancestor":{"controlType":"sap.m.ColumnListItem","viewName":"etm.portal.ui.managerequests.view.NewRequest","bindingPath":{"modelName":"newRequestItems","path":"/RequestItems/1"},"ancestor":{"id":"requestItemsTable","viewName":"etm.portal.ui.managerequests.view.NewRequest"}}},"wdio_ui5_key":"etmportal.ui.managerequests.view.NewRequestsap.ui.core.Icon{\"src\":{\"regex\":{\"source\":\"message\\\\-error\"}}}{\"controlType\":\"sap.m.ColumnListItem\",\"viewName\":\"etm.portal.ui.managerequests.view.NewRequest\",\"bindingPath\":{\"modelName\":\"newRequestItems\",\"path\":\"/RequestItems/1\"},\"ancestor\":{\"id\":\"requestItemsTable\",\"viewName\":\"etm.portal.ui.managerequests.view.NewRequest\"}}"}]}
RESULT: undefined
COMMAND: POST /session/37ca3b759bac6faaed564aba4deb3c32/element - {"using":"xpath","value":"//*[@id=\"__status15-__xmlview61--requestItemsTable-1-icon\"]"}
RESULT: {"using":"xpath","value":"//*[@id=\"__status15-__xmlview61--requestItemsTable-1-icon\"]"}
COMMAND: POST /session/37ca3b759bac6faaed564aba4deb3c32/element/f.8D9121E00EF4972596309C37326D000A.d.556C8DFBE1B3727C1FC938F95AD6D074.e.6032/click - {}
RESULT: {}
COMMAND: GET /session/37ca3b759bac6faaed564aba4deb3c32/screenshot - {}
RESULT: {}
RESULT: undefined
COMMAND: POST /session/37ca3b759bac6faaed564aba4deb3c32/execute/async - {"script":"<script> [776 bytes]","args":[{"enterText":"Cost Center","selector":{"id":"costObjectAdminTypeComboBox","viewName":"etm.portal.ui.managerequests.view.NewRequest","searchOpenDialogs":true,"interaction":{"idSuffix":"inner"}},"clearTextFirst":true,"interactionType":"ENTER_TEXT"}]}
RESULT: {"script":"<script> [776 bytes]","args":[{"enterText":"Cost Center","selector":{"id":"costObjectAdminTypeComboBox","viewName":"etm.portal.ui.managerequests.view.NewRequest","searchOpenDialogs":true,"interaction":{"idSuffix":"inner"}},"clearTextFirst":true,"interactionType":"ENTER_TEXT"}]}
COMMAND: POST /session/37ca3b759bac6faaed564aba4deb3c32/actions - {"actions":[{"id":"action29","type":"key","parameters":{},"actions":[{"type":"keyDown","value":""},{"type":"pause","duration":10},{"type":"keyUp","value":""}]}]}
RESULT: {"actions":[{"id":"action29","type":"key","parameters":{},"actions":[{"type":"keyDown","value":""},{"type":"pause","duration":10},{"type":"keyUp","value":""}]}]}
COMMAND: GET /session/37ca3b759bac6faaed564aba4deb3c32/screenshot - {}
RESULT: {}
RESULT: undefined
COMMAND: POST /session/37ca3b759bac6faaed564aba4deb3c32/element - {"using":"xpath","value":"//*[@id=\"__xmlview61--costObjectIdComboBox-vhi\"]"}
RESULT: {"using":"xpath","value":"//*[@id=\"__xmlview61--costObjectIdComboBox-vhi\"]"}
COMMAND: POST /session/37ca3b759bac6faaed564aba4deb3c32/element/f.8D9121E00EF4972596309C37326D000A.d.556C8DFBE1B3727C1FC938F95AD6D074.e.6041/click - {}
RESULT: {}
RESULT: undefined
COMMAND: POST /session/37ca3b759bac6faaed564aba4deb3c32/execute/async - {"script":"<script> [776 bytes]","args":[{"enterText":"10001013","selector":{"controlType":"sap.m.SearchField","properties":{"placeholder":"Search"},"searchOpenDialogs":true,"interaction":{"idSuffix":"I"}},"clearTextFirst":true,"interactionType":"ENTER_TEXT"}]}
COMMAND: GET /session/37ca3b759bac6faaed564aba4deb3c32/screenshot - {}
RESULT: {"script":"<script> [776 bytes]","args":[{"enterText":"10001013","selector":{"controlType":"sap.m.SearchField","properties":{"placeholder":"Search"},"searchOpenDialogs":true,"interaction":{"idSuffix":"I"}},"clearTextFirst":true,"interactionType":"ENTER_TEXT"}]}
COMMAND: POST /session/37ca3b759bac6faaed564aba4deb3c32/actions - {"actions":[{"id":"action30","type":"key","parameters":{},"actions":[{"type":"keyDown","value":""},{"type":"pause","duration":10},{"type":"keyUp","value":""}]}]}
RESULT: {}
RESULT: {"actions":[{"id":"action30","type":"key","parameters":{},"actions":[{"type":"keyDown","value":""},{"type":"pause","duration":10},{"type":"keyUp","value":""}]}]}
COMMAND: GET /session/37ca3b759bac6faaed564aba4deb3c32/screenshot - {}
RESULT: {}
COMMAND: POST /session/37ca3b759bac6faaed564aba4deb3c32/element - {"using":"xpath","value":"//span[contains(text(), \"General Management\")]"}
RESULT: {"using":"xpath","value":"//span[contains(text(), \"General Management\")]"}
COMMAND: POST /session/37ca3b759bac6faaed564aba4deb3c32/element/f.8D9121E00EF4972596309C37326D000A.d.556C8DFBE1B3727C1FC938F95AD6D074.e.6079/click - {}
RESULT: {}
COMMAND: GET /session/37ca3b759bac6faaed564aba4deb3c32/screenshot - {}
RESULT: {}
COMMAND: POST /session/37ca3b759bac6faaed564aba4deb3c32/element - {"using":"xpath","value":"//bdi[contains(text(), \"OK\")]"}
RESULT: {"using":"xpath","value":"//bdi[contains(text(), \"OK\")]"}
COMMAND: POST /session/37ca3b759bac6faaed564aba4deb3c32/element/f.8D9121E00EF4972596309C37326D000A.d.556C8DFBE1B3727C1FC938F95AD6D074.e.6080/click - {}
RESULT: {}
COMMAND: GET /session/37ca3b759bac6faaed564aba4deb3c32/screenshot - {}
RESULT: {}
COMMAND: POST /session/37ca3b759bac6faaed564aba4deb3c32/element - {"using":"xpath","value":"(//bdi[contains(@id ,\"BDI-content\")][contains(text(), \"Save\")])[1]"}
RESULT: {"using":"xpath","value":"(//bdi[contains(@id ,\"BDI-content\")][contains(text(), \"Save\")])[1]"}
COMMAND: POST /session/37ca3b759bac6faaed564aba4deb3c32/element/f.8D9121E00EF4972596309C37326D000A.d.556C8DFBE1B3727C1FC938F95AD6D074.e.6084/click - {}
RESULT: {}
COMMAND: GET /session/37ca3b759bac6faaed564aba4deb3c32/screenshot - {}
RESULT: {}
COMMAND: POST /session/37ca3b759bac6faaed564aba4deb3c32/execute/async - {"script":"<script> [1562 bytes]","args":[{"selector":{"controlType":"sap.m.Button","viewName":"etm.portal.ui.managerequests.view.NewRequest","i18NText":{"propertyName":"tooltip","key":"save"},"interaction":{"idSuffix":"content"}},"wdio_ui5_key":"etmportal.ui.managerequests.view.NewRequestsap.m.Button{\"propertyName\":\"tooltip\",\"key\":\"save\"}"}]}
RESULT: {"script":"<script> [1562 bytes]","args":[{"selector":{"controlType":"sap.m.Button","viewName":"etm.portal.ui.managerequests.view.NewRequest","i18NText":{"propertyName":"tooltip","key":"save"},"interaction":{"idSuffix":"content"}},"wdio_ui5_key":"etmportal.ui.managerequests.view.NewRequestsap.m.Button{\"propertyName\":\"tooltip\",\"key\":\"save\"}"}]}
RESULT: undefined
COMMAND: POST /session/37ca3b759bac6faaed564aba4deb3c32/element - {"using":"xpath","value":"//*[@id=\"__button105\"]"}
RESULT: {"using":"xpath","value":"//*[@id=\"__button105\"]"}
COMMAND: POST /session/37ca3b759bac6faaed564aba4deb3c32/element/f.8D9121E00EF4972596309C37326D000A.d.556C8DFBE1B3727C1FC938F95AD6D074.e.5871/click - {}
RESULT: {}
COMMAND: GET /session/37ca3b759bac6faaed564aba4deb3c32/screenshot - {}
RESULT: {}
COMMAND: POST /session/37ca3b759bac6faaed564aba4deb3c32/execute/async - {"script":"<script> [1562 bytes]","args":[{"selector":{"controlType":"sap.m.Title","properties":{"text":"Success"},"searchOpenDialogs":true},"wdio_ui5_key":"sapm.Title{\"text\":\"Success\"}"}]}
RESULT: {"script":"<script> [1562 bytes]","args":[{"selector":{"controlType":"sap.m.Title","properties":{"text":"Success"},"searchOpenDialogs":true},"wdio_ui5_key":"sapm.Title{\"text\":\"Success\"}"}]}
RESULT: undefined
COMMAND: POST /session/37ca3b759bac6faaed564aba4deb3c32/execute/async - {"script":"<script> [6424 bytes]","args":[{"element-6066-11e4-a52e-4f735466cecf":"f.8D9121E00EF4972596309C37326D000A.d.556C8DFBE1B3727C1FC938F95AD6D074.e.6091"},"getText",[]]}
RESULT: {"script":"<script> [6424 bytes]","args":[{"element-6066-11e4-a52e-4f735466cecf":"f.8D9121E00EF4972596309C37326D000A.d.556C8DFBE1B3727C1FC938F95AD6D074.e.6091"},"getText",[]]}
COMMAND: POST /session/37ca3b759bac6faaed564aba4deb3c32/execute/async - {"script":"<script> [1562 bytes]","args":[{"selector":{"controlType":"sap.m.Button","properties":{"text":"Close"},"searchOpenDialogs":true,"interaction":{"idSuffix":"BDI-content"}},"wdio_ui5_key":"sapm.Button{\"text\":\"Close\"}"}]}
RESULT: {"script":"<script> [1562 bytes]","args":[{"selector":{"controlType":"sap.m.Button","properties":{"text":"Close"},"searchOpenDialogs":true,"interaction":{"idSuffix":"BDI-content"}},"wdio_ui5_key":"sapm.Button{\"text\":\"Close\"}"}]}
RESULT: undefined
COMMAND: POST /session/37ca3b759bac6faaed564aba4deb3c32/element - {"using":"xpath","value":"//*[@id=\"__mbox-btn-4\"]"}
RESULT: {"using":"xpath","value":"//*[@id=\"__mbox-btn-4\"]"}
COMMAND: POST /session/37ca3b759bac6faaed564aba4deb3c32/element/f.8D9121E00EF4972596309C37326D000A.d.556C8DFBE1B3727C1FC938F95AD6D074.e.6089/click - {}
RESULT: {}
COMMAND: GET /session/37ca3b759bac6faaed564aba4deb3c32/screenshot - {}
RESULT: {}
COMMAND: POST /session/37ca3b759bac6faaed564aba4deb3c32/execute/async - {"script":"<script> [1562 bytes]","args":[{"selector":{"controlType":"sap.m.Text","viewName":"etm.portal.ui.managerequests.view.Detail","bindingPath":{"propertyPath":"NO","modelName":"catalogModel"}},"wdio_ui5_key":"etmportal.ui.managerequests.view.Detailsap.m.Text{\"propertyPath\":\"NO\",\"modelName\":\"catalogModel\"}"}]}
RESULT: {"script":"<script> [1562 bytes]","args":[{"selector":{"controlType":"sap.m.Text","viewName":"etm.portal.ui.managerequests.view.Detail","bindingPath":{"propertyPath":"NO","modelName":"catalogModel"}},"wdio_ui5_key":"etmportal.ui.managerequests.view.Detailsap.m.Text{\"propertyPath\":\"NO\",\"modelName\":\"catalogModel\"}"}]}
RESULT: undefined
COMMAND: POST /session/37ca3b759bac6faaed564aba4deb3c32/execute/async - {"script":"<script> [6424 bytes]","args":[{"element-6066-11e4-a52e-4f735466cecf":"f.8D9121E00EF4972596309C37326D000A.d.556C8DFBE1B3727C1FC938F95AD6D074.e.6219"},"getText",[]]}
RESULT: {"script":"<script> [6424 bytes]","args":[{"element-6066-11e4-a52e-4f735466cecf":"f.8D9121E00EF4972596309C37326D000A.d.556C8DFBE1B3727C1FC938F95AD6D074.e.6219"},"getText",[]]}
COMMAND: POST /session/37ca3b759bac6faaed564aba4deb3c32/execute/async - {"script":"<script> [1562 bytes]","args":[{"selector":{"controlType":"sap.ui.core.Icon","viewName":"etm.portal.ui.managerequests.view.Detail","properties":{"src":{"regex":{"source":"date\\-time"}}},"ancestor":{"controlType":"sap.m.ColumnListItem","viewName":"etm.portal.ui.managerequests.view.Detail","bindingPath":{"path":"/SmartRequestItemsPlanningBoard(ITEM=10m,REQUEST='20310')"},"ancestor":{"id":"requestItemsTable","viewName":"etm.portal.ui.managerequests.view.Detail"}}},"wdio_ui5_key":"etmportal.ui.managerequests.view.Detailsap.ui.core.Icon{\"src\":{\"regex\":{\"source\":\"date\\\\-time\"}}}{\"controlType\":\"sap.m.ColumnListItem\",\"viewName\":\"etm.portal.ui.managerequests.view.Detail\",\"bindingPath\":{\"path\":\"/SmartRequestItemsPlanningBoard(ITEM=10m,REQUEST='20310')\"},\"ancestor\":{\"id\":\"requestItemsTable\",\"viewName\":\"etm.portal.ui.managerequests.view.Detail\"}}"}]}
RESULT: {"script":"<script> [1562 bytes]","args":[{"selector":{"controlType":"sap.ui.core.Icon","viewName":"etm.portal.ui.managerequests.view.Detail","properties":{"src":{"regex":{"source":"date\\-time"}}},"ancestor":{"controlType":"sap.m.ColumnListItem","viewName":"etm.portal.ui.managerequests.view.Detail","bindingPath":{"path":"/SmartRequestItemsPlanningBoard(ITEM=10m,REQUEST='20310')"},"ancestor":{"id":"requestItemsTable","viewName":"etm.portal.ui.managerequests.view.Detail"}}},"wdio_ui5_key":"etmportal.ui.managerequests.view.Detailsap.ui.core.Icon{\"src\":{\"regex\":{\"source\":\"date\\\\-time\"}}}{\"controlType\":\"sap.m.ColumnListItem\",\"viewName\":\"etm.portal.ui.managerequests.view.Detail\",\"bindingPath\":{\"path\":\"/SmartRequestItemsPlanningBoard(ITEM=10m,REQUEST='20310')\"},\"ancestor\":{\"id\":\"requestItemsTable\",\"viewName\":\"etm.portal.ui.managerequests.view.Detail\"}}"}]}
RESULT: undefined
COMMAND: POST /session/37ca3b759bac6faaed564aba4deb3c32/element - {"using":"xpath","value":"//*[@id=\"__button135-__clone16201-img\"]"}
RESULT: {"using":"xpath","value":"//*[@id=\"__button135-__clone16201-img\"]"}
COMMAND: POST /session/37ca3b759bac6faaed564aba4deb3c32/element/f.8D9121E00EF4972596309C37326D000A.d.556C8DFBE1B3727C1FC938F95AD6D074.e.6220/click - {}
RESULT: {}
COMMAND: POST /session/37ca3b759bac6faaed564aba4deb3c32/execute/async - {"script":"<script> [1562 bytes]","args":[{"selector":{"controlType":"sap.m.Button","viewName":"etm.portal.ui.managerequests.view.Detail","properties":{"text":"Close"},"searchOpenDialogs":true,"interaction":{"idSuffix":"BDI-content"}},"wdio_ui5_key":"etmportal.ui.managerequests.view.Detailsap.m.Button{\"text\":\"Close\"}"}]}
COMMAND: GET /session/37ca3b759bac6faaed564aba4deb3c32/screenshot - {}
RESULT: {"script":"<script> [1562 bytes]","args":[{"selector":{"controlType":"sap.m.Button","viewName":"etm.portal.ui.managerequests.view.Detail","properties":{"text":"Close"},"searchOpenDialogs":true,"interaction":{"idSuffix":"BDI-content"}},"wdio_ui5_key":"etmportal.ui.managerequests.view.Detailsap.m.Button{\"text\":\"Close\"}"}]}
RESULT: undefined
COMMAND: POST /session/37ca3b759bac6faaed564aba4deb3c32/element - {"using":"xpath","value":"//*[@id=\"__button145\"]"}
RESULT: {}
RESULT: {"using":"xpath","value":"//*[@id=\"__button145\"]"}
COMMAND: POST /session/37ca3b759bac6faaed564aba4deb3c32/element/f.8D9121E00EF4972596309C37326D000A.d.556C8DFBE1B3727C1FC938F95AD6D074.e.6223/click - {}
RESULT: {}
COMMAND: POST /session/37ca3b759bac6faaed564aba4deb3c32/execute/async - {"script":"<script> [1562 bytes]","args":[{"selector":{"controlType":"sap.ui.core.Icon","viewName":"etm.portal.ui.managerequests.view.Detail","properties":{"src":{"regex":{"source":"date\\-time"}}},"ancestor":{"controlType":"sap.m.ColumnListItem","viewName":"etm.portal.ui.managerequests.view.Detail","bindingPath":{"path":"/SmartRequestItemsPlanningBoard(ITEM=20m,REQUEST='20310')"},"ancestor":{"id":"requestItemsTable","viewName":"etm.portal.ui.managerequests.view.Detail"}}},"wdio_ui5_key":"etmportal.ui.managerequests.view.Detailsap.ui.core.Icon{\"src\":{\"regex\":{\"source\":\"date\\\\-time\"}}}{\"controlType\":\"sap.m.ColumnListItem\",\"viewName\":\"etm.portal.ui.managerequests.view.Detail\",\"bindingPath\":{\"path\":\"/SmartRequestItemsPlanningBoard(ITEM=20m,REQUEST='20310')\"},\"ancestor\":{\"id\":\"requestItemsTable\",\"viewName\":\"etm.portal.ui.managerequests.view.Detail\"}}"}]}
COMMAND: GET /session/37ca3b759bac6faaed564aba4deb3c32/screenshot - {}
RESULT: {"script":"<script> [1562 bytes]","args":[{"selector":{"controlType":"sap.ui.core.Icon","viewName":"etm.portal.ui.managerequests.view.Detail","properties":{"src":{"regex":{"source":"date\\-time"}}},"ancestor":{"controlType":"sap.m.ColumnListItem","viewName":"etm.portal.ui.managerequests.view.Detail","bindingPath":{"path":"/SmartRequestItemsPlanningBoard(ITEM=20m,REQUEST='20310')"},"ancestor":{"id":"requestItemsTable","viewName":"etm.portal.ui.managerequests.view.Detail"}}},"wdio_ui5_key":"etmportal.ui.managerequests.view.Detailsap.ui.core.Icon{\"src\":{\"regex\":{\"source\":\"date\\\\-time\"}}}{\"controlType\":\"sap.m.ColumnListItem\",\"viewName\":\"etm.portal.ui.managerequests.view.Detail\",\"bindingPath\":{\"path\":\"/SmartRequestItemsPlanningBoard(ITEM=20m,REQUEST='20310')\"},\"ancestor\":{\"id\":\"requestItemsTable\",\"viewName\":\"etm.portal.ui.managerequests.view.Detail\"}}"}]}
RESULT: undefined
COMMAND: POST /session/37ca3b759bac6faaed564aba4deb3c32/element - {"using":"xpath","value":"//*[@id=\"__button135-__clone16202-img\"]"}
RESULT: {}
RESULT: {"using":"xpath","value":"//*[@id=\"__button135-__clone16202-img\"]"}
COMMAND: POST /session/37ca3b759bac6faaed564aba4deb3c32/element/f.8D9121E00EF4972596309C37326D000A.d.556C8DFBE1B3727C1FC938F95AD6D074.e.6230/click - {}
RESULT: {}
RESULT: undefined
COMMAND: POST /session/37ca3b759bac6faaed564aba4deb3c32/element - {"using":"xpath","value":"//*[@id=\"__button145\"]"}
COMMAND: GET /session/37ca3b759bac6faaed564aba4deb3c32/screenshot - {}
RESULT: {"using":"xpath","value":"//*[@id=\"__button145\"]"}
COMMAND: POST /session/37ca3b759bac6faaed564aba4deb3c32/elements - {"using":"xpath","value":"//*[@id=\"__button145\"]"}
RESULT: {}
RESULT: {"using":"xpath","value":"//*[@id=\"__button145\"]"}
COMMAND: POST /session/37ca3b759bac6faaed564aba4deb3c32/element - {"using":"xpath","value":"//*[@id=\"__button145\"]"}
RESULT: {"using":"xpath","value":"//*[@id=\"__button145\"]"}
COMMAND: POST /session/37ca3b759bac6faaed564aba4deb3c32/element/f.8D9121E00EF4972596309C37326D000A.d.556C8DFBE1B3727C1FC938F95AD6D074.e.6234/click - {}
RESULT: {}
COMMAND: POST /session/37ca3b759bac6faaed564aba4deb3c32/element - {"using":"css selector","value":"#shell-header-logo"}
COMMAND: GET /session/37ca3b759bac6faaed564aba4deb3c32/screenshot - {}
RESULT: {"using":"css selector","value":"#shell-header-logo"}
COMMAND: POST /session/37ca3b759bac6faaed564aba4deb3c32/element/f.8D9121E00EF4972596309C37326D000A.d.556C8DFBE1B3727C1FC938F95AD6D074.e.5477/click - {}
RESULT: {}
RESULT: {}
COMMAND: GET /session/37ca3b759bac6faaed564aba4deb3c32/screenshot - {}
RESULT: {}
]]></system-out>
    </testcase>
    <testcase classname="chrome.135_0_7049_42.windows.Standard_contract_-_add_contract_items_by_Insert_Request_US118222" name="Should insert the request into the contract" time="56.709">
      <system-out><![CDATA[
COMMAND: POST /session/37ca3b759bac6faaed564aba4deb3c32/execute/async - {"script":"<script> [1562 bytes]","args":[{"selector":{"controlType":"sap.m.GenericTile","properties":{"header":"Manage Contracts"}},"wdio_ui5_key":"sapm.GenericTile{\"header\":\"Manage Contracts\"}"}]}
RESULT: {"script":"<script> [1562 bytes]","args":[{"selector":{"controlType":"sap.m.GenericTile","properties":{"header":"Manage Contracts"}},"wdio_ui5_key":"sapm.GenericTile{\"header\":\"Manage Contracts\"}"}]}
RESULT: undefined
COMMAND: POST /session/37ca3b759bac6faaed564aba4deb3c32/element - {"using":"xpath","value":"//*[@id=\"__tile133\"]"}
RESULT: {"using":"xpath","value":"//*[@id=\"__tile133\"]"}
COMMAND: POST /session/37ca3b759bac6faaed564aba4deb3c32/element/f.8D9121E00EF4972596309C37326D000A.d.556C8DFBE1B3727C1FC938F95AD6D074.e.6248/click - {}
RESULT: undefined
RESULT: undefined
RESULT: {}
COMMAND: GET /session/37ca3b759bac6faaed564aba4deb3c32/screenshot - {}
RESULT: {}
COMMAND: POST /session/37ca3b759bac6faaed564aba4deb3c32/execute/async - {"script":"<script> [1562 bytes]","args":[{"selector":{"controlType":"sap.m.SearchField","viewName":"etm.portal.ui.managecontracts.view.Master","bindingPath":{"path":"","propertyPath":"/_BASIC_SEARCH_FIELD","modelName":"fi1t3rM0d31"},"interaction":{"idSuffix":"I"}},"wdio_ui5_key":"etmportal.ui.managecontracts.view.Mastersap.m.SearchField{\"path\":\"\",\"propertyPath\":\"/_BASIC_SEARCH_FIELD\",\"modelName\":\"fi1t3rM0d31\"}"}]}
RESULT: {"script":"<script> [1562 bytes]","args":[{"selector":{"controlType":"sap.m.SearchField","viewName":"etm.portal.ui.managecontracts.view.Master","bindingPath":{"path":"","propertyPath":"/_BASIC_SEARCH_FIELD","modelName":"fi1t3rM0d31"},"interaction":{"idSuffix":"I"}},"wdio_ui5_key":"etmportal.ui.managecontracts.view.Mastersap.m.SearchField{\"path\":\"\",\"propertyPath\":\"/_BASIC_SEARCH_FIELD\",\"modelName\":\"fi1t3rM0d31\"}"}]}
RESULT: undefined
COMMAND: POST /session/37ca3b759bac6faaed564aba4deb3c32/execute/async - {"script":"<script> [776 bytes]","args":[{"enterText":"10581","selector":{"controlType":"sap.m.SearchField","viewName":"etm.portal.ui.managecontracts.view.Master","bindingPath":{"path":"","propertyPath":"/_BASIC_SEARCH_FIELD","modelName":"fi1t3rM0d31"},"interaction":{"idSuffix":"I"}},"clearTextFirst":true,"interactionType":"ENTER_TEXT"}]}
RESULT: {"script":"<script> [776 bytes]","args":[{"enterText":"10581","selector":{"controlType":"sap.m.SearchField","viewName":"etm.portal.ui.managecontracts.view.Master","bindingPath":{"path":"","propertyPath":"/_BASIC_SEARCH_FIELD","modelName":"fi1t3rM0d31"},"interaction":{"idSuffix":"I"}},"clearTextFirst":true,"interactionType":"ENTER_TEXT"}]}
COMMAND: POST /session/37ca3b759bac6faaed564aba4deb3c32/actions - {"actions":[{"id":"action31","type":"key","parameters":{},"actions":[{"type":"keyDown","value":""},{"type":"pause","duration":10},{"type":"keyUp","value":""}]}]}
RESULT: {"actions":[{"id":"action31","type":"key","parameters":{},"actions":[{"type":"keyDown","value":""},{"type":"pause","duration":10},{"type":"keyUp","value":""}]}]}
COMMAND: GET /session/37ca3b759bac6faaed564aba4deb3c32/screenshot - {}
RESULT: {}
COMMAND: POST /session/37ca3b759bac6faaed564aba4deb3c32/execute/async - {"script":"<script> [1562 bytes]","args":[{"selector":{"controlType":"sap.ui.core.Icon","viewName":"etm.portal.ui.managecontracts.view.Master","properties":{"src":{"regex":{"source":"slim\\-arrow\\-right"}}}},"wdio_ui5_key":"etmportal.ui.managecontracts.view.Mastersap.ui.core.Icon{\"src\":{\"regex\":{\"source\":\"slim\\\\-arrow\\\\-right\"}}}"}]}
RESULT: {"script":"<script> [1562 bytes]","args":[{"selector":{"controlType":"sap.ui.core.Icon","viewName":"etm.portal.ui.managecontracts.view.Master","properties":{"src":{"regex":{"source":"slim\\-arrow\\-right"}}}},"wdio_ui5_key":"etmportal.ui.managecontracts.view.Mastersap.ui.core.Icon{\"src\":{\"regex\":{\"source\":\"slim\\\\-arrow\\\\-right\"}}}"}]}
RESULT: undefined
COMMAND: POST /session/37ca3b759bac6faaed564aba4deb3c32/element - {"using":"xpath","value":"//*[@id=\"__item4452-__clone16311-imgNav\"]"}
RESULT: {"using":"xpath","value":"//*[@id=\"__item4452-__clone16311-imgNav\"]"}
COMMAND: POST /session/37ca3b759bac6faaed564aba4deb3c32/element/f.8D9121E00EF4972596309C37326D000A.d.556C8DFBE1B3727C1FC938F95AD6D074.e.6521/click - {}
RESULT: {}
COMMAND: POST /session/37ca3b759bac6faaed564aba4deb3c32/execute/async - {"script":"<script> [1562 bytes]","args":[{"selector":{"id":"addRequestItemBtn","viewName":"etm.portal.ui.managecontracts.view.Detail","interaction":{"idSuffix":"BDI-content"}},"wdio_ui5_key":"addRequestItemBtnetmportal.ui.managecontracts.view.Detail"}]}
COMMAND: GET /session/37ca3b759bac6faaed564aba4deb3c32/screenshot - {}
RESULT: {"script":"<script> [1562 bytes]","args":[{"selector":{"id":"addRequestItemBtn","viewName":"etm.portal.ui.managecontracts.view.Detail","interaction":{"idSuffix":"BDI-content"}},"wdio_ui5_key":"addRequestItemBtnetmportal.ui.managecontracts.view.Detail"}]}
RESULT: undefined
COMMAND: POST /session/37ca3b759bac6faaed564aba4deb3c32/element - {"using":"xpath","value":"//*[@id=\"__xmlview64--addRequestItemBtn\"]"}
RESULT: {}
RESULT: {"using":"xpath","value":"//*[@id=\"__xmlview64--addRequestItemBtn\"]"}
COMMAND: POST /session/37ca3b759bac6faaed564aba4deb3c32/element/f.8D9121E00EF4972596309C37326D000A.d.556C8DFBE1B3727C1FC938F95AD6D074.e.6576/click - {}
RESULT: {}
COMMAND: GET /session/37ca3b759bac6faaed564aba4deb3c32/screenshot - {}
RESULT: {}
COMMAND: POST /session/37ca3b759bac6faaed564aba4deb3c32/element - {"using":"xpath","value":"//div[contains(@id ,\"popupRequestTable-sa-CbBg\")]"}
RESULT: {"using":"xpath","value":"//div[contains(@id ,\"popupRequestTable-sa-CbBg\")]"}
COMMAND: POST /session/37ca3b759bac6faaed564aba4deb3c32/element/f.8D9121E00EF4972596309C37326D000A.d.556C8DFBE1B3727C1FC938F95AD6D074.e.6696/click - {}
RESULT: {}
COMMAND: GET /session/37ca3b759bac6faaed564aba4deb3c32/screenshot - {}
RESULT: {}
COMMAND: POST /session/37ca3b759bac6faaed564aba4deb3c32/execute/async - {"script":"<script> [1562 bytes]","args":[{"selector":{"controlType":"sap.m.Button","viewName":"etm.portal.ui.managecontracts.view.Detail","i18NText":{"propertyName":"text","key":"selectionDone"},"searchOpenDialogs":true,"interaction":{"idSuffix":"BDI-content"}},"wdio_ui5_key":"etmportal.ui.managecontracts.view.Detailsap.m.Button{\"propertyName\":\"text\",\"key\":\"selectionDone\"}"}]}
RESULT: {"script":"<script> [1562 bytes]","args":[{"selector":{"controlType":"sap.m.Button","viewName":"etm.portal.ui.managecontracts.view.Detail","i18NText":{"propertyName":"text","key":"selectionDone"},"searchOpenDialogs":true,"interaction":{"idSuffix":"BDI-content"}},"wdio_ui5_key":"etmportal.ui.managecontracts.view.Detailsap.m.Button{\"propertyName\":\"text\",\"key\":\"selectionDone\"}"}]}
RESULT: undefined
COMMAND: POST /session/37ca3b759bac6faaed564aba4deb3c32/element - {"using":"xpath","value":"//*[@id=\"__button157\"]"}
RESULT: {"using":"xpath","value":"//*[@id=\"__button157\"]"}
COMMAND: POST /session/37ca3b759bac6faaed564aba4deb3c32/element/f.8D9121E00EF4972596309C37326D000A.d.556C8DFBE1B3727C1FC938F95AD6D074.e.6699/click - {}
RESULT: {}
COMMAND: POST /session/37ca3b759bac6faaed564aba4deb3c32/execute/async - {"script":"<script> [1562 bytes]","args":[{"selector":{"controlType":"sap.m.Text","properties":{"text":"Started processing request items into the contract."},"searchOpenDialogs":true},"wdio_ui5_key":"sapm.Text{\"text\":\"Started processing request items into the contract.\"}"}]}
COMMAND: GET /session/37ca3b759bac6faaed564aba4deb3c32/screenshot - {}
RESULT: {"script":"<script> [1562 bytes]","args":[{"selector":{"controlType":"sap.m.Text","properties":{"text":"Started processing request items into the contract."},"searchOpenDialogs":true},"wdio_ui5_key":"sapm.Text{\"text\":\"Started processing request items into the contract.\"}"}]}
RESULT: undefined
COMMAND: POST /session/37ca3b759bac6faaed564aba4deb3c32/execute/async - {"script":"<script> [6424 bytes]","args":[{"element-6066-11e4-a52e-4f735466cecf":"f.8D9121E00EF4972596309C37326D000A.d.556C8DFBE1B3727C1FC938F95AD6D074.e.6701"},"getText",[]]}
RESULT: {}
RESULT: {"script":"<script> [6424 bytes]","args":[{"element-6066-11e4-a52e-4f735466cecf":"f.8D9121E00EF4972596309C37326D000A.d.556C8DFBE1B3727C1FC938F95AD6D074.e.6701"},"getText",[]]}
COMMAND: POST /session/37ca3b759bac6faaed564aba4deb3c32/execute/async - {"script":"<script> [1562 bytes]","args":[{"selector":{"controlType":"sap.m.Button","properties":{"text":"OK"},"searchOpenDialogs":true,"interaction":{"idSuffix":"inner"}},"wdio_ui5_key":"sapm.Button{\"text\":\"OK\"}"}]}
RESULT: {"script":"<script> [1562 bytes]","args":[{"selector":{"controlType":"sap.m.Button","properties":{"text":"OK"},"searchOpenDialogs":true,"interaction":{"idSuffix":"inner"}},"wdio_ui5_key":"sapm.Button{\"text\":\"OK\"}"}]}
RESULT: undefined
COMMAND: POST /session/37ca3b759bac6faaed564aba4deb3c32/element - {"using":"xpath","value":"//*[@id=\"__mbox-btn-5\"]"}
RESULT: {"using":"xpath","value":"//*[@id=\"__mbox-btn-5\"]"}
COMMAND: POST /session/37ca3b759bac6faaed564aba4deb3c32/element/f.8D9121E00EF4972596309C37326D000A.d.556C8DFBE1B3727C1FC938F95AD6D074.e.6700/click - {}
RESULT: {}
COMMAND: POST /session/37ca3b759bac6faaed564aba4deb3c32/execute/async - {"script":"<script> [1562 bytes]","args":[{"selector":{"id":"headerBillingItemsTabFilter","viewName":"etm.portal.ui.managecontracts.view.Detail","interaction":{"idSuffix":"text"}},"wdio_ui5_key":"headerBillingItemsTabFilteretmportal.ui.managecontracts.view.Detail"}]}
COMMAND: GET /session/37ca3b759bac6faaed564aba4deb3c32/screenshot - {}
RESULT: {"script":"<script> [1562 bytes]","args":[{"selector":{"id":"headerBillingItemsTabFilter","viewName":"etm.portal.ui.managecontracts.view.Detail","interaction":{"idSuffix":"text"}},"wdio_ui5_key":"headerBillingItemsTabFilteretmportal.ui.managecontracts.view.Detail"}]}
RESULT: undefined
COMMAND: POST /session/37ca3b759bac6faaed564aba4deb3c32/element - {"using":"xpath","value":"//*[@id=\"__xmlview64--headerBillingItemsTabFilter\"]"}
RESULT: {}
RESULT: {"using":"xpath","value":"//*[@id=\"__xmlview64--headerBillingItemsTabFilter\"]"}
COMMAND: POST /session/37ca3b759bac6faaed564aba4deb3c32/element/f.8D9121E00EF4972596309C37326D000A.d.556C8DFBE1B3727C1FC938F95AD6D074.e.6711/click - {}
RESULT: {}
COMMAND: GET /session/37ca3b759bac6faaed564aba4deb3c32/screenshot - {}
RESULT: {}
COMMAND: POST /session/37ca3b759bac6faaed564aba4deb3c32/execute/async - {"script":"<script> [1562 bytes]","args":[{"selector":{"controlType":"sap.ui.core.Icon","viewName":"etm.portal.ui.managecontracts.view.Detail","properties":{"src":{"regex":{"source":"synchronize"}}}},"wdio_ui5_key":"etmportal.ui.managecontracts.view.Detailsap.ui.core.Icon{\"src\":{\"regex\":{\"source\":\"synchronize\"}}}"}]}
RESULT: {"script":"<script> [1562 bytes]","args":[{"selector":{"controlType":"sap.ui.core.Icon","viewName":"etm.portal.ui.managecontracts.view.Detail","properties":{"src":{"regex":{"source":"synchronize"}}}},"wdio_ui5_key":"etmportal.ui.managecontracts.view.Detailsap.ui.core.Icon{\"src\":{\"regex\":{\"source\":\"synchronize\"}}}"}]}
RESULT: undefined
COMMAND: POST /session/37ca3b759bac6faaed564aba4deb3c32/element - {"using":"xpath","value":"//*[@id=\"__xmlview64--btnToggleUpdate-img\"]"}
RESULT: {"using":"xpath","value":"//*[@id=\"__xmlview64--btnToggleUpdate-img\"]"}
COMMAND: POST /session/37ca3b759bac6faaed564aba4deb3c32/element/f.8D9121E00EF4972596309C37326D000A.d.556C8DFBE1B3727C1FC938F95AD6D074.e.6575/click - {}
RESULT: {}
COMMAND: GET /session/37ca3b759bac6faaed564aba4deb3c32/screenshot - {}
RESULT: {}
RESULT: undefined
COMMAND: POST /session/37ca3b759bac6faaed564aba4deb3c32/element - {"using":"xpath","value":"//*[@id=\"__xmlview64--headerBillingItemsTabFilter\"]"}
RESULT: {"using":"xpath","value":"//*[@id=\"__xmlview64--headerBillingItemsTabFilter\"]"}
COMMAND: POST /session/37ca3b759bac6faaed564aba4deb3c32/element/f.8D9121E00EF4972596309C37326D000A.d.556C8DFBE1B3727C1FC938F95AD6D074.e.6711/click - {}
RESULT: {}
COMMAND: POST /session/37ca3b759bac6faaed564aba4deb3c32/execute/async - {"script":"<script> [1562 bytes]","args":[{"selector":{"controlType":"sap.m.Title","viewName":"etm.portal.ui.managecontracts.view.Detail","properties":{"text":"Contract Items (2)"}},"wdio_ui5_key":"etmportal.ui.managecontracts.view.Detailsap.m.Title{\"text\":\"Contract Items (2)\"}"}]}
COMMAND: GET /session/37ca3b759bac6faaed564aba4deb3c32/screenshot - {}
RESULT: {"script":"<script> [1562 bytes]","args":[{"selector":{"controlType":"sap.m.Title","viewName":"etm.portal.ui.managecontracts.view.Detail","properties":{"text":"Contract Items (2)"}},"wdio_ui5_key":"etmportal.ui.managecontracts.view.Detailsap.m.Title{\"text\":\"Contract Items (2)\"}"}]}
RESULT: undefined
COMMAND: POST /session/37ca3b759bac6faaed564aba4deb3c32/execute/async - {"script":"<script> [6424 bytes]","args":[{"element-6066-11e4-a52e-4f735466cecf":"f.8D9121E00EF4972596309C37326D000A.d.556C8DFBE1B3727C1FC938F95AD6D074.e.6719"},"getText",[]]}
RESULT: {}
RESULT: {"script":"<script> [6424 bytes]","args":[{"element-6066-11e4-a52e-4f735466cecf":"f.8D9121E00EF4972596309C37326D000A.d.556C8DFBE1B3727C1FC938F95AD6D074.e.6719"},"getText",[]]}
COMMAND: POST /session/37ca3b759bac6faaed564aba4deb3c32/execute/async - {"script":"<script> [1562 bytes]","args":[{"selector":{"controlType":"sap.m.ObjectStatus","viewName":"etm.portal.ui.managecontracts.view.Detail","bindingPath":{"path":"/SmartContractItems(CONTRACT='10581',ITEM=10m,SUB_ITEM=0m)","propertyPath":"STATUS"}},"wdio_ui5_key":"etmportal.ui.managecontracts.view.Detailsap.m.ObjectStatus{\"path\":\"/SmartContractItems(CONTRACT='10581',ITEM=10m,SUB_ITEM=0m)\",\"propertyPath\":\"STATUS\"}"}]}
RESULT: {"script":"<script> [1562 bytes]","args":[{"selector":{"controlType":"sap.m.ObjectStatus","viewName":"etm.portal.ui.managecontracts.view.Detail","bindingPath":{"path":"/SmartContractItems(CONTRACT='10581',ITEM=10m,SUB_ITEM=0m)","propertyPath":"STATUS"}},"wdio_ui5_key":"etmportal.ui.managecontracts.view.Detailsap.m.ObjectStatus{\"path\":\"/SmartContractItems(CONTRACT='10581',ITEM=10m,SUB_ITEM=0m)\",\"propertyPath\":\"STATUS\"}"}]}
RESULT: undefined
COMMAND: POST /session/37ca3b759bac6faaed564aba4deb3c32/execute/async - {"script":"<script> [6424 bytes]","args":[{"element-6066-11e4-a52e-4f735466cecf":"f.8D9121E00EF4972596309C37326D000A.d.556C8DFBE1B3727C1FC938F95AD6D074.e.6721"},"getText",[]]}
RESULT: {"script":"<script> [6424 bytes]","args":[{"element-6066-11e4-a52e-4f735466cecf":"f.8D9121E00EF4972596309C37326D000A.d.556C8DFBE1B3727C1FC938F95AD6D074.e.6721"},"getText",[]]}
COMMAND: POST /session/37ca3b759bac6faaed564aba4deb3c32/execute/async - {"script":"<script> [1562 bytes]","args":[{"selector":{"controlType":"sap.m.ObjectStatus","viewName":"etm.portal.ui.managecontracts.view.Detail","bindingPath":{"path":"/SmartContractItems(CONTRACT='10581',ITEM=20m,SUB_ITEM=0m)","propertyPath":"STATUS"}},"wdio_ui5_key":"etmportal.ui.managecontracts.view.Detailsap.m.ObjectStatus{\"path\":\"/SmartContractItems(CONTRACT='10581',ITEM=20m,SUB_ITEM=0m)\",\"propertyPath\":\"STATUS\"}"}]}
RESULT: {"script":"<script> [1562 bytes]","args":[{"selector":{"controlType":"sap.m.ObjectStatus","viewName":"etm.portal.ui.managecontracts.view.Detail","bindingPath":{"path":"/SmartContractItems(CONTRACT='10581',ITEM=20m,SUB_ITEM=0m)","propertyPath":"STATUS"}},"wdio_ui5_key":"etmportal.ui.managecontracts.view.Detailsap.m.ObjectStatus{\"path\":\"/SmartContractItems(CONTRACT='10581',ITEM=20m,SUB_ITEM=0m)\",\"propertyPath\":\"STATUS\"}"}]}
RESULT: undefined
COMMAND: POST /session/37ca3b759bac6faaed564aba4deb3c32/execute/async - {"script":"<script> [6424 bytes]","args":[{"element-6066-11e4-a52e-4f735466cecf":"f.8D9121E00EF4972596309C37326D000A.d.556C8DFBE1B3727C1FC938F95AD6D074.e.6722"},"getText",[]]}
RESULT: {"script":"<script> [6424 bytes]","args":[{"element-6066-11e4-a52e-4f735466cecf":"f.8D9121E00EF4972596309C37326D000A.d.556C8DFBE1B3727C1FC938F95AD6D074.e.6722"},"getText",[]]}
]]></system-out>
    </testcase>
  </testsuite>
  <testsuite timestamp="2025-04-23T06:55:35" time="85.978" tests="1" failures="0" errors="0" skipped="0">
    <properties>
      <property name="specId" value="0"/>
      <property name="suiteName" value="Manage contracts - revert request US152962"/>
      <property name="capabilities" value="chrome.135_0_7049_42.windows"/>
      <property name="file" value="file:///D:/a/1/s/test/specs/R2C/manage-contracts-revert-request.spec.js"/>
    </properties>
    <testcase classname="chrome.135_0_7049_42.windows.Manage_contracts_-_revert_request_US152962" name="Should revert the request" time="85.976">
      <system-out><![CDATA[
COMMAND: POST /session/37ca3b759bac6faaed564aba4deb3c32/execute/async - {"script":"<script> [1562 bytes]","args":[{"selector":{"id":"revertPlanningBtn","viewName":"etm.portal.ui.managecontracts.view.Detail","interaction":{"idSuffix":"BDI-content"}},"wdio_ui5_key":"revertPlanningBtnetmportal.ui.managecontracts.view.Detail"}]}
RESULT: {"script":"<script> [1562 bytes]","args":[{"selector":{"id":"revertPlanningBtn","viewName":"etm.portal.ui.managecontracts.view.Detail","interaction":{"idSuffix":"BDI-content"}},"wdio_ui5_key":"revertPlanningBtnetmportal.ui.managecontracts.view.Detail"}]}
RESULT: undefined
COMMAND: POST /session/37ca3b759bac6faaed564aba4deb3c32/element - {"using":"xpath","value":"//*[@id=\"__xmlview64--revertPlanningBtn\"]"}
RESULT: {"using":"xpath","value":"//*[@id=\"__xmlview64--revertPlanningBtn\"]"}
COMMAND: POST /session/37ca3b759bac6faaed564aba4deb3c32/element/f.8D9121E00EF4972596309C37326D000A.d.556C8DFBE1B3727C1FC938F95AD6D074.e.6579/click - {}
RESULT: {}
COMMAND: POST /session/37ca3b759bac6faaed564aba4deb3c32/element - {"using":"xpath","value":"(//div[contains(@id ,\"selectMulti-CbBg\")])[2]"}
COMMAND: GET /session/37ca3b759bac6faaed564aba4deb3c32/screenshot - {}
RESULT: {"using":"xpath","value":"(//div[contains(@id ,\"selectMulti-CbBg\")])[2]"}
COMMAND: POST /session/37ca3b759bac6faaed564aba4deb3c32/element/f.8D9121E00EF4972596309C37326D000A.d.556C8DFBE1B3727C1FC938F95AD6D074.e.6769/click - {}
RESULT: {}
RESULT: {}
COMMAND: GET /session/37ca3b759bac6faaed564aba4deb3c32/screenshot - {}
RESULT: {}
COMMAND: POST /session/37ca3b759bac6faaed564aba4deb3c32/element - {"using":"xpath","value":"//span[contains(@id ,\"executeRevertPlanningBtn-content\")]"}
RESULT: {"using":"xpath","value":"//span[contains(@id ,\"executeRevertPlanningBtn-content\")]"}
COMMAND: POST /session/37ca3b759bac6faaed564aba4deb3c32/element/f.8D9121E00EF4972596309C37326D000A.d.556C8DFBE1B3727C1FC938F95AD6D074.e.6770/click - {}
RESULT: {}
COMMAND: GET /session/37ca3b759bac6faaed564aba4deb3c32/screenshot - {}
RESULT: {}
COMMAND: POST /session/37ca3b759bac6faaed564aba4deb3c32/actions - {"actions":[{"id":"action32","type":"key","parameters":{},"actions":[{"type":"keyDown","value":""},{"type":"pause","duration":10},{"type":"keyUp","value":""}]}]}
RESULT: {"actions":[{"id":"action32","type":"key","parameters":{},"actions":[{"type":"keyDown","value":""},{"type":"pause","duration":10},{"type":"keyUp","value":""}]}]}
COMMAND: GET /session/37ca3b759bac6faaed564aba4deb3c32/screenshot - {}
RESULT: {}
COMMAND: POST /session/37ca3b759bac6faaed564aba4deb3c32/refresh - {}
RESULT: {}
COMMAND: GET /session/37ca3b759bac6faaed564aba4deb3c32/screenshot - {}
RESULT: undefined
RESULT: undefined
RESULT: {}
COMMAND: POST /session/37ca3b759bac6faaed564aba4deb3c32/execute/async - {"script":"<script> [189 bytes]","args":[]}
RESULT: {"script":"<script> [189 bytes]","args":[]}
COMMAND: POST /session/37ca3b759bac6faaed564aba4deb3c32/execute/async - {"script":"<script> [123 bytes]","args":[]}
RESULT: {"script":"<script> [123 bytes]","args":[]}
COMMAND: POST /session/37ca3b759bac6faaed564aba4deb3c32/timeouts - {"script":"<number>"}
RESULT: {"script":"<number>"}
COMMAND: GET /session/37ca3b759bac6faaed564aba4deb3c32/timeouts - {}
RESULT: {}
RESULT: undefined
COMMAND: POST /session/37ca3b759bac6faaed564aba4deb3c32/execute/async - {"script":"<script> [2676 bytes]","args":[]}
RESULT: {"script":"<script> [2676 bytes]","args":[]}
COMMAND: POST /session/37ca3b759bac6faaed564aba4deb3c32/execute/async - {"script":"<script> [2342 bytes]","args":[{"protocol":"http","hostname":"0.0.0.0","path":"/","capabilities":{"browserName":"chrome","goog:chromeOptions":{"binary":"C:\\Program Files\\Google\\Chrome\\Application\\chrome.exe","args":["--start-maximized"]}},"logLevel":"warn","connectionRetryTimeout":120000,"connectionRetryCount":3,"logLevels":{},"enableDirectConnect":true,"strictSSL":true,"_":"65 more keys: [\"cacheDir\",\"port\",\"requestedCapabilities\",\"automationProtocol\",\"baseUrl\",\"waitforInterval\",\"waitforTimeout\",\"onReload\",\"beforeCommand\",\"afterCommand\",\"rootDir\",\"specs\",\"suites\",\"exclude\",\"groupLogsByTestSpec\",\"excludeDriverLogs\",\"bail\",\"framework\",\"reporters\",\"services\",\"maxInstances\",\"maxInstancesPerCapability\",\"injectGlobals\",\"filesToWatch\",\"execArgv\",\"runnerEnv\",\"runner\",\"shard\",\"specFileRetries\",\"specFileRetriesDelay\",\"specFileRetriesDeferred\",\"reporterSyncInterval\",\"reporterSyncTimeout\",\"cucumberFeaturesWithLineNumbers\",\"autoCompileOpts\",\"mochaOpts\",\"jasmineOpts\",\"cucumberOpts\",\"onPrepare\",\"onWorkerStart\",\"onWorkerEnd\",\"before\",\"beforeSession\",\"beforeSuite\",\"beforeHook\",\"beforeTest\",\"afterTest\",\"afterHook\",\"afterSuite\",\"afterSession\",\"after\",\"onComplete\",\"beforeAssertion\",\"afterAssertion\",\"beforeFeature\",\"beforeScenario\",\"beforeStep\",\"afterStep\",\"afterScenario\",\"afterFeature\",\"_\",\"suite\",\"$0\",\"ignoredWorkerServices\",\"wdi5\"]"}]}
RESULT: {"script":"<script> [2342 bytes]","args":[{"protocol":"http","hostname":"0.0.0.0","path":"/","capabilities":{"browserName":"chrome","goog:chromeOptions":{"binary":"C:\\Program Files\\Google\\Chrome\\Application\\chrome.exe","args":["--start-maximized"]}},"logLevel":"warn","connectionRetryTimeout":120000,"connectionRetryCount":3,"logLevels":{},"enableDirectConnect":true,"strictSSL":true,"_":"65 more keys: [\"cacheDir\",\"port\",\"requestedCapabilities\",\"automationProtocol\",\"baseUrl\",\"waitforInterval\",\"waitforTimeout\",\"onReload\",\"beforeCommand\",\"afterCommand\",\"rootDir\",\"specs\",\"suites\",\"exclude\",\"groupLogsByTestSpec\",\"excludeDriverLogs\",\"bail\",\"framework\",\"reporters\",\"services\",\"maxInstances\",\"maxInstancesPerCapability\",\"injectGlobals\",\"filesToWatch\",\"execArgv\",\"runnerEnv\",\"runner\",\"shard\",\"specFileRetries\",\"specFileRetriesDelay\",\"specFileRetriesDeferred\",\"reporterSyncInterval\",\"reporterSyncTimeout\",\"cucumberFeaturesWithLineNumbers\",\"autoCompileOpts\",\"mochaOpts\",\"jasmineOpts\",\"cucumberOpts\",\"onPrepare\",\"onWorkerStart\",\"onWorkerEnd\",\"before\",\"beforeSession\",\"beforeSuite\",\"beforeHook\",\"beforeTest\",\"afterTest\",\"afterHook\",\"afterSuite\",\"afterSession\",\"after\",\"onComplete\",\"beforeAssertion\",\"afterAssertion\",\"beforeFeature\",\"beforeScenario\",\"beforeStep\",\"afterStep\",\"afterScenario\",\"afterFeature\",\"_\",\"suite\",\"$0\",\"ignoredWorkerServices\",\"wdi5\"]"}]}
COMMAND: POST /session/37ca3b759bac6faaed564aba4deb3c32/execute/async - {"script":"<script> [21126 bytes]","args":[35000]}
RESULT: {"script":"<script> [21126 bytes]","args":[35000]}
COMMAND: POST /session/37ca3b759bac6faaed564aba4deb3c32/execute/async - {"script":"<script> [1562 bytes]","args":[{"selector":{"controlType":"sap.m.Title","viewName":"etm.portal.ui.managecontracts.view.Detail","properties":{"text":"Contract Items (1)"}},"wdio_ui5_key":"etmportal.ui.managecontracts.view.Detailsap.m.Title{\"text\":\"Contract Items (1)\"}"}]}
RESULT: {"script":"<script> [1562 bytes]","args":[{"selector":{"controlType":"sap.m.Title","viewName":"etm.portal.ui.managecontracts.view.Detail","properties":{"text":"Contract Items (1)"}},"wdio_ui5_key":"etmportal.ui.managecontracts.view.Detailsap.m.Title{\"text\":\"Contract Items (1)\"}"}]}
RESULT: undefined
COMMAND: POST /session/37ca3b759bac6faaed564aba4deb3c32/execute/async - {"script":"<script> [6424 bytes]","args":[{"element-6066-11e4-a52e-4f735466cecf":"f.8D9121E00EF4972596309C37326D000A.d.30A2EF7E180B4E6E6E8AA449283B530F.e.7005"},"getText",[]]}
RESULT: {"script":"<script> [6424 bytes]","args":[{"element-6066-11e4-a52e-4f735466cecf":"f.8D9121E00EF4972596309C37326D000A.d.30A2EF7E180B4E6E6E8AA449283B530F.e.7005"},"getText",[]]}
COMMAND: POST /session/37ca3b759bac6faaed564aba4deb3c32/execute/async - {"script":"<script> [1562 bytes]","args":[{"selector":{"id":"contractDetailEditBtn","viewName":"etm.portal.ui.managecontracts.view.Detail","interaction":{"idSuffix":"inner"}},"wdio_ui5_key":"contractDetailEditBtnetmportal.ui.managecontracts.view.Detail"}]}
RESULT: {"script":"<script> [1562 bytes]","args":[{"selector":{"id":"contractDetailEditBtn","viewName":"etm.portal.ui.managecontracts.view.Detail","interaction":{"idSuffix":"inner"}},"wdio_ui5_key":"contractDetailEditBtnetmportal.ui.managecontracts.view.Detail"}]}
RESULT: undefined
COMMAND: POST /session/37ca3b759bac6faaed564aba4deb3c32/element - {"using":"xpath","value":"//*[@id=\"__xmlview1--contractDetailEditBtn\"]"}
RESULT: {"using":"xpath","value":"//*[@id=\"__xmlview1--contractDetailEditBtn\"]"}
COMMAND: POST /session/37ca3b759bac6faaed564aba4deb3c32/element/f.8D9121E00EF4972596309C37326D000A.d.30A2EF7E180B4E6E6E8AA449283B530F.e.7007/click - {}
RESULT: {}
COMMAND: GET /session/37ca3b759bac6faaed564aba4deb3c32/screenshot - {}
RESULT: {}
COMMAND: POST /session/37ca3b759bac6faaed564aba4deb3c32/element - {"using":"xpath","value":"(//span[contains(text(), \"Header Billing Items\")])[2]"}
RESULT: {"using":"xpath","value":"(//span[contains(text(), \"Header Billing Items\")])[2]"}
COMMAND: POST /session/37ca3b759bac6faaed564aba4deb3c32/element/f.8D9121E00EF4972596309C37326D000A.d.30A2EF7E180B4E6E6E8AA449283B530F.e.7070/click - {}
RESULT: {}
COMMAND: GET /session/37ca3b759bac6faaed564aba4deb3c32/screenshot - {}
RESULT: {}
COMMAND: POST /session/37ca3b759bac6faaed564aba4deb3c32/element - {"using":"xpath","value":"//div[contains(@id ,\"ProductsTable-sa-CbBg\")]"}
RESULT: {"using":"xpath","value":"//div[contains(@id ,\"ProductsTable-sa-CbBg\")]"}
COMMAND: POST /session/37ca3b759bac6faaed564aba4deb3c32/element/f.8D9121E00EF4972596309C37326D000A.d.30A2EF7E180B4E6E6E8AA449283B530F.e.7074/click - {}
RESULT: {}
COMMAND: GET /session/37ca3b759bac6faaed564aba4deb3c32/screenshot - {}
RESULT: {}
COMMAND: POST /session/37ca3b759bac6faaed564aba4deb3c32/execute/async - {"script":"<script> [1562 bytes]","args":[{"selector":{"id":"deleteBtn","viewName":"etm.portal.ui.managecontracts.view.EditContract","interaction":{"idSuffix":"BDI-content"}},"wdio_ui5_key":"deleteBtnetmportal.ui.managecontracts.view.EditContract"}]}
RESULT: {"script":"<script> [1562 bytes]","args":[{"selector":{"id":"deleteBtn","viewName":"etm.portal.ui.managecontracts.view.EditContract","interaction":{"idSuffix":"BDI-content"}},"wdio_ui5_key":"deleteBtnetmportal.ui.managecontracts.view.EditContract"}]}
RESULT: undefined
COMMAND: POST /session/37ca3b759bac6faaed564aba4deb3c32/element - {"using":"xpath","value":"//*[@id=\"__xmlview2--deleteBtn\"]"}
RESULT: {"using":"xpath","value":"//*[@id=\"__xmlview2--deleteBtn\"]"}
COMMAND: POST /session/37ca3b759bac6faaed564aba4deb3c32/element/f.8D9121E00EF4972596309C37326D000A.d.30A2EF7E180B4E6E6E8AA449283B530F.e.7076/click - {}
RESULT: {}
COMMAND: POST /session/37ca3b759bac6faaed564aba4deb3c32/element - {"using":"xpath","value":"//bdi[contains(@id ,\"BDI-content\")][contains(text(), \"OK\")]"}
COMMAND: GET /session/37ca3b759bac6faaed564aba4deb3c32/screenshot - {}
RESULT: {"using":"xpath","value":"//bdi[contains(@id ,\"BDI-content\")][contains(text(), \"OK\")]"}
COMMAND: POST /session/37ca3b759bac6faaed564aba4deb3c32/element/f.8D9121E00EF4972596309C37326D000A.d.30A2EF7E180B4E6E6E8AA449283B530F.e.7078/click - {}
RESULT: {}
RESULT: {}
COMMAND: GET /session/37ca3b759bac6faaed564aba4deb3c32/screenshot - {}
RESULT: {}
COMMAND: POST /session/37ca3b759bac6faaed564aba4deb3c32/element - {"using":"xpath","value":"//bdi[contains(@id ,\"BDI-content\")][contains(text(), \"Save\")]"}
RESULT: {"using":"xpath","value":"//bdi[contains(@id ,\"BDI-content\")][contains(text(), \"Save\")]"}
COMMAND: POST /session/37ca3b759bac6faaed564aba4deb3c32/element/f.8D9121E00EF4972596309C37326D000A.d.30A2EF7E180B4E6E6E8AA449283B530F.e.7080/click - {}
RESULT: {}
COMMAND: GET /session/37ca3b759bac6faaed564aba4deb3c32/screenshot - {}
RESULT: {}
COMMAND: POST /session/37ca3b759bac6faaed564aba4deb3c32/element - {"using":"xpath","value":"(//span[contains(text(), \"Header Billing Items\")])[1]"}
RESULT: {"using":"xpath","value":"(//span[contains(text(), \"Header Billing Items\")])[1]"}
COMMAND: POST /session/37ca3b759bac6faaed564aba4deb3c32/element/f.8D9121E00EF4972596309C37326D000A.d.30A2EF7E180B4E6E6E8AA449283B530F.e.7083/click - {}
RESULT: {}
COMMAND: GET /session/37ca3b759bac6faaed564aba4deb3c32/screenshot - {}
RESULT: {}
COMMAND: POST /session/37ca3b759bac6faaed564aba4deb3c32/execute/async - {"script":"<script> [1562 bytes]","args":[{"selector":{"controlType":"sap.m.ObjectStatus","viewName":"etm.portal.ui.managecontracts.view.Detail","bindingPath":{"path":"/SmartContractItems(CONTRACT='10581',ITEM=10m,SUB_ITEM=0m)","propertyPath":"STATUS"}},"wdio_ui5_key":"etmportal.ui.managecontracts.view.Detailsap.m.ObjectStatus{\"path\":\"/SmartContractItems(CONTRACT='10581',ITEM=10m,SUB_ITEM=0m)\",\"propertyPath\":\"STATUS\"}"}]}
RESULT: {"script":"<script> [1562 bytes]","args":[{"selector":{"controlType":"sap.m.ObjectStatus","viewName":"etm.portal.ui.managecontracts.view.Detail","bindingPath":{"path":"/SmartContractItems(CONTRACT='10581',ITEM=10m,SUB_ITEM=0m)","propertyPath":"STATUS"}},"wdio_ui5_key":"etmportal.ui.managecontracts.view.Detailsap.m.ObjectStatus{\"path\":\"/SmartContractItems(CONTRACT='10581',ITEM=10m,SUB_ITEM=0m)\",\"propertyPath\":\"STATUS\"}"}]}
RESULT: undefined
COMMAND: POST /session/37ca3b759bac6faaed564aba4deb3c32/execute/async - {"script":"<script> [6424 bytes]","args":[{"element-6066-11e4-a52e-4f735466cecf":"f.8D9121E00EF4972596309C37326D000A.d.30A2EF7E180B4E6E6E8AA449283B530F.e.7087"},"getText",[]]}
RESULT: {"script":"<script> [6424 bytes]","args":[{"element-6066-11e4-a52e-4f735466cecf":"f.8D9121E00EF4972596309C37326D000A.d.30A2EF7E180B4E6E6E8AA449283B530F.e.7087"},"getText",[]]}
COMMAND: POST /session/37ca3b759bac6faaed564aba4deb3c32/element - {"using":"css selector","value":"#shell-header-logo"}
RESULT: {"using":"css selector","value":"#shell-header-logo"}
COMMAND: POST /session/37ca3b759bac6faaed564aba4deb3c32/element/f.8D9121E00EF4972596309C37326D000A.d.30A2EF7E180B4E6E6E8AA449283B530F.e.6950/click - {}
RESULT: {}
COMMAND: GET /session/37ca3b759bac6faaed564aba4deb3c32/screenshot - {}
RESULT: {}
COMMAND: POST /session/37ca3b759bac6faaed564aba4deb3c32/execute/async - {"script":"<script> [1562 bytes]","args":[{"selector":{"controlType":"sap.m.GenericTile","properties":{"header":"Manage Requests"}},"wdio_ui5_key":"sapm.GenericTile{\"header\":\"Manage Requests\"}"}]}
RESULT: {"script":"<script> [1562 bytes]","args":[{"selector":{"controlType":"sap.m.GenericTile","properties":{"header":"Manage Requests"}},"wdio_ui5_key":"sapm.GenericTile{\"header\":\"Manage Requests\"}"}]}
RESULT: undefined
COMMAND: POST /session/37ca3b759bac6faaed564aba4deb3c32/element - {"using":"xpath","value":"//*[@id=\"__tile47\"]"}
RESULT: {"using":"xpath","value":"//*[@id=\"__tile47\"]"}
COMMAND: POST /session/37ca3b759bac6faaed564aba4deb3c32/element/f.8D9121E00EF4972596309C37326D000A.d.30A2EF7E180B4E6E6E8AA449283B530F.e.7102/click - {}
RESULT: {}
COMMAND: GET /session/37ca3b759bac6faaed564aba4deb3c32/screenshot - {}
RESULT: {}
COMMAND: POST /session/37ca3b759bac6faaed564aba4deb3c32/execute/async - {"script":"<script> [1562 bytes]","args":[{"selector":{"controlType":"sap.m.SearchField","viewName":"etm.portal.ui.managerequests.view.Master","bindingPath":{"path":"","propertyPath":"/_BASIC_SEARCH_FIELD","modelName":"fi1t3rM0d31"},"interaction":{"idSuffix":"I"}},"wdio_ui5_key":"etmportal.ui.managerequests.view.Mastersap.m.SearchField{\"path\":\"\",\"propertyPath\":\"/_BASIC_SEARCH_FIELD\",\"modelName\":\"fi1t3rM0d31\"}"}]}
RESULT: {"script":"<script> [1562 bytes]","args":[{"selector":{"controlType":"sap.m.SearchField","viewName":"etm.portal.ui.managerequests.view.Master","bindingPath":{"path":"","propertyPath":"/_BASIC_SEARCH_FIELD","modelName":"fi1t3rM0d31"},"interaction":{"idSuffix":"I"}},"wdio_ui5_key":"etmportal.ui.managerequests.view.Mastersap.m.SearchField{\"path\":\"\",\"propertyPath\":\"/_BASIC_SEARCH_FIELD\",\"modelName\":\"fi1t3rM0d31\"}"}]}
RESULT: undefined
COMMAND: POST /session/37ca3b759bac6faaed564aba4deb3c32/execute/async - {"script":"<script> [776 bytes]","args":[{"enterText":"20310","selector":{"controlType":"sap.m.SearchField","viewName":"etm.portal.ui.managerequests.view.Master","bindingPath":{"path":"","propertyPath":"/_BASIC_SEARCH_FIELD","modelName":"fi1t3rM0d31"},"interaction":{"idSuffix":"I"}},"clearTextFirst":true,"interactionType":"ENTER_TEXT"}]}
RESULT: {"script":"<script> [776 bytes]","args":[{"enterText":"20310","selector":{"controlType":"sap.m.SearchField","viewName":"etm.portal.ui.managerequests.view.Master","bindingPath":{"path":"","propertyPath":"/_BASIC_SEARCH_FIELD","modelName":"fi1t3rM0d31"},"interaction":{"idSuffix":"I"}},"clearTextFirst":true,"interactionType":"ENTER_TEXT"}]}
COMMAND: POST /session/37ca3b759bac6faaed564aba4deb3c32/actions - {"actions":[{"id":"action33","type":"key","parameters":{},"actions":[{"type":"keyDown","value":""},{"type":"pause","duration":10},{"type":"keyUp","value":""}]}]}
RESULT: {"actions":[{"id":"action33","type":"key","parameters":{},"actions":[{"type":"keyDown","value":""},{"type":"pause","duration":10},{"type":"keyUp","value":""}]}]}
COMMAND: GET /session/37ca3b759bac6faaed564aba4deb3c32/screenshot - {}
RESULT: {}
COMMAND: POST /session/37ca3b759bac6faaed564aba4deb3c32/execute/async - {"script":"<script> [1562 bytes]","args":[{"selector":{"controlType":"sap.m.Text","viewName":"etm.portal.ui.managerequests.view.Master","bindingPath":{"path":"/SmartManageRequests('20310')","propertyPath":"NO"}},"wdio_ui5_key":"etmportal.ui.managerequests.view.Mastersap.m.Text{\"path\":\"/SmartManageRequests('20310')\",\"propertyPath\":\"NO\"}"}]}
RESULT: {"script":"<script> [1562 bytes]","args":[{"selector":{"controlType":"sap.m.Text","viewName":"etm.portal.ui.managerequests.view.Master","bindingPath":{"path":"/SmartManageRequests('20310')","propertyPath":"NO"}},"wdio_ui5_key":"etmportal.ui.managerequests.view.Mastersap.m.Text{\"path\":\"/SmartManageRequests('20310')\",\"propertyPath\":\"NO\"}"}]}
RESULT: undefined
COMMAND: POST /session/37ca3b759bac6faaed564aba4deb3c32/element - {"using":"xpath","value":"//*[@id=\"__text464-__clone172\"]"}
RESULT: {"using":"xpath","value":"//*[@id=\"__text464-__clone172\"]"}
COMMAND: POST /session/37ca3b759bac6faaed564aba4deb3c32/element/f.8D9121E00EF4972596309C37326D000A.d.30A2EF7E180B4E6E6E8AA449283B530F.e.7235/click - {}
RESULT: {}
COMMAND: GET /session/37ca3b759bac6faaed564aba4deb3c32/screenshot - {}
RESULT: {}
COMMAND: POST /session/37ca3b759bac6faaed564aba4deb3c32/execute/async - {"script":"<script> [1562 bytes]","args":[{"selector":{"controlType":"sap.ui.core.Icon","viewName":"etm.portal.ui.managerequests.view.Detail","properties":{"src":{"regex":{"source":"slim\\-arrow\\-up"}}}},"wdio_ui5_key":"etmportal.ui.managerequests.view.Detailsap.ui.core.Icon{\"src\":{\"regex\":{\"source\":\"slim\\\\-arrow\\\\-up\"}}}"}]}
RESULT: {"script":"<script> [1562 bytes]","args":[{"selector":{"controlType":"sap.ui.core.Icon","viewName":"etm.portal.ui.managerequests.view.Detail","properties":{"src":{"regex":{"source":"slim\\-arrow\\-up"}}}},"wdio_ui5_key":"etmportal.ui.managerequests.view.Detailsap.ui.core.Icon{\"src\":{\"regex\":{\"source\":\"slim\\\\-arrow\\\\-up\"}}}"}]}
RESULT: undefined
COMMAND: POST /session/37ca3b759bac6faaed564aba4deb3c32/element - {"using":"xpath","value":"//*[@id=\"__xmlview62--detailRequestPage-OPHeaderContent-collapseBtn-img\"]"}
RESULT: {"using":"xpath","value":"//*[@id=\"__xmlview62--detailRequestPage-OPHeaderContent-collapseBtn-img\"]"}
COMMAND: POST /session/37ca3b759bac6faaed564aba4deb3c32/element/f.8D9121E00EF4972596309C37326D000A.d.30A2EF7E180B4E6E6E8AA449283B530F.e.7392/click - {}
RESULT: {}
COMMAND: GET /session/37ca3b759bac6faaed564aba4deb3c32/screenshot - {}
RESULT: {}
COMMAND: POST /session/37ca3b759bac6faaed564aba4deb3c32/execute/async - {"script":"<script> [1562 bytes]","args":[{"selector":{"controlType":"sap.m.Text","viewName":"etm.portal.ui.managerequests.view.Detail","bindingPath":{"path":"/SmartRequestItemsPlanningBoard(ITEM=20m,REQUEST='20310')","propertyPath":"STATUS_DESC"}},"wdio_ui5_key":"etmportal.ui.managerequests.view.Detailsap.m.Text{\"path\":\"/SmartRequestItemsPlanningBoard(ITEM=20m,REQUEST='20310')\",\"propertyPath\":\"STATUS_DESC\"}"}]}
RESULT: {"script":"<script> [1562 bytes]","args":[{"selector":{"controlType":"sap.m.Text","viewName":"etm.portal.ui.managerequests.view.Detail","bindingPath":{"path":"/SmartRequestItemsPlanningBoard(ITEM=20m,REQUEST='20310')","propertyPath":"STATUS_DESC"}},"wdio_ui5_key":"etmportal.ui.managerequests.view.Detailsap.m.Text{\"path\":\"/SmartRequestItemsPlanningBoard(ITEM=20m,REQUEST='20310')\",\"propertyPath\":\"STATUS_DESC\"}"}]}
RESULT: undefined
COMMAND: POST /session/37ca3b759bac6faaed564aba4deb3c32/execute/async - {"script":"<script> [6424 bytes]","args":[{"element-6066-11e4-a52e-4f735466cecf":"f.8D9121E00EF4972596309C37326D000A.d.30A2EF7E180B4E6E6E8AA449283B530F.e.7442"},"getText",[]]}
RESULT: {"script":"<script> [6424 bytes]","args":[{"element-6066-11e4-a52e-4f735466cecf":"f.8D9121E00EF4972596309C37326D000A.d.30A2EF7E180B4E6E6E8AA449283B530F.e.7442"},"getText",[]]}
COMMAND: POST /session/37ca3b759bac6faaed564aba4deb3c32/element - {"using":"css selector","value":"#shell-header-logo"}
RESULT: {"using":"css selector","value":"#shell-header-logo"}
COMMAND: POST /session/37ca3b759bac6faaed564aba4deb3c32/element/f.8D9121E00EF4972596309C37326D000A.d.30A2EF7E180B4E6E6E8AA449283B530F.e.7106/click - {}
RESULT: {}
COMMAND: GET /session/37ca3b759bac6faaed564aba4deb3c32/screenshot - {}
RESULT: {}
]]></system-out>
    </testcase>
  </testsuite>
  <testsuite timestamp="2025-04-23T06:57:01" time="238.679" tests="4" failures="0" errors="0" skipped="0">
    <properties>
      <property name="specId" value="0"/>
      <property name="suiteName" value="Standard contract close-reopen US111278"/>
      <property name="capabilities" value="chrome.135_0_7049_42.windows"/>
      <property name="file" value="file:///D:/a/1/s/test/specs/R2C/standard-contract-close-reopen.spec.js"/>
    </properties>
    <testcase classname="chrome.135_0_7049_42.windows.Standard_contract_close-reopen_US111278" name="Should create a new contract and add an item" time="135.549">
      <system-out><![CDATA[
COMMAND: POST /session/37ca3b759bac6faaed564aba4deb3c32/execute/async - {"script":"<script> [1562 bytes]","args":[{"selector":{"controlType":"sap.m.Text","viewName":"etm.portal.ui.managecontractstile.view.Master","properties":{"text":"Manage Contracts"},"interaction":{"idSuffix":"inner"}},"wdio_ui5_key":"etmportal.ui.managecontractstile.view.Mastersap.m.Text{\"text\":\"Manage Contracts\"}"}]}
RESULT: {"script":"<script> [1562 bytes]","args":[{"selector":{"controlType":"sap.m.Text","viewName":"etm.portal.ui.managecontractstile.view.Master","properties":{"text":"Manage Contracts"},"interaction":{"idSuffix":"inner"}},"wdio_ui5_key":"etmportal.ui.managecontractstile.view.Mastersap.m.Text{\"text\":\"Manage Contracts\"}"}]}
RESULT: undefined
COMMAND: POST /session/37ca3b759bac6faaed564aba4deb3c32/element - {"using":"xpath","value":"//*[@id=\"__tile130-title\"]"}
RESULT: {"using":"xpath","value":"//*[@id=\"__tile130-title\"]"}
COMMAND: POST /session/37ca3b759bac6faaed564aba4deb3c32/element/f.8D9121E00EF4972596309C37326D000A.d.30A2EF7E180B4E6E6E8AA449283B530F.e.7446/click - {}
RESULT: undefined
RESULT: undefined
RESULT: {}
COMMAND: GET /session/37ca3b759bac6faaed564aba4deb3c32/screenshot - {}
RESULT: {}
COMMAND: POST /session/37ca3b759bac6faaed564aba4deb3c32/element - {"using":"xpath","value":"//button[@data-kt=\"addButton\"]"}
RESULT: {"using":"xpath","value":"//button[@data-kt=\"addButton\"]"}
COMMAND: POST /session/37ca3b759bac6faaed564aba4deb3c32/element/f.8D9121E00EF4972596309C37326D000A.d.30A2EF7E180B4E6E6E8AA449283B530F.e.7516/click - {}
RESULT: {}
COMMAND: GET /session/37ca3b759bac6faaed564aba4deb3c32/screenshot - {}
COMMAND: POST /session/37ca3b759bac6faaed564aba4deb3c32/execute/async - {"script":"<script> [1562 bytes]","args":[{"selector":{"id":"application-managecontracts-display-component---AddNewContract--projectDescription","interaction":{"idSuffix":"inner"}},"wdio_ui5_key":"applicationmanagecontracts-display-component---AddNewContract--projectDescription"}]}
RESULT: {}
RESULT: {"script":"<script> [1562 bytes]","args":[{"selector":{"id":"application-managecontracts-display-component---AddNewContract--projectDescription","interaction":{"idSuffix":"inner"}},"wdio_ui5_key":"applicationmanagecontracts-display-component---AddNewContract--projectDescription"}]}
RESULT: undefined
COMMAND: POST /session/37ca3b759bac6faaed564aba4deb3c32/execute/async - {"script":"<script> [776 bytes]","args":[{"enterText":"WdIOR2cxd4go","selector":{"id":"application-managecontracts-display-component---AddNewContract--projectDescription","interaction":{"idSuffix":"inner"}},"clearTextFirst":true,"interactionType":"ENTER_TEXT"}]}
RESULT: {"script":"<script> [776 bytes]","args":[{"enterText":"WdIOR2cxd4go","selector":{"id":"application-managecontracts-display-component---AddNewContract--projectDescription","interaction":{"idSuffix":"inner"}},"clearTextFirst":true,"interactionType":"ENTER_TEXT"}]}
COMMAND: POST /session/37ca3b759bac6faaed564aba4deb3c32/element - {"using":"xpath","value":"//input[@id=\"application-managecontracts-display-component---AddNewContract--yardId-inner\"]"}
RESULT: {"using":"xpath","value":"//input[@id=\"application-managecontracts-display-component---AddNewContract--yardId-inner\"]"}
COMMAND: POST /session/37ca3b759bac6faaed564aba4deb3c32/element/f.8D9121E00EF4972596309C37326D000A.d.30A2EF7E180B4E6E6E8AA449283B530F.e.7792/clear - {}
RESULT: {}
COMMAND: POST /session/37ca3b759bac6faaed564aba4deb3c32/element/f.8D9121E00EF4972596309C37326D000A.d.30A2EF7E180B4E6E6E8AA449283B530F.e.7792/value - {"text":"WebdriverYardg5c4aj"}
COMMAND: GET /session/37ca3b759bac6faaed564aba4deb3c32/screenshot - {}
RESULT: {"text":"WebdriverYardg5c4aj"}
COMMAND: GET /session/37ca3b759bac6faaed564aba4deb3c32/screenshot - {}
RESULT: {}
RESULT: {}
COMMAND: POST /session/37ca3b759bac6faaed564aba4deb3c32/actions - {"actions":[{"id":"action34","type":"key","parameters":{},"actions":[{"type":"keyDown","value":""},{"type":"pause","duration":10},{"type":"keyUp","value":""}]}]}
RESULT: {"actions":[{"id":"action34","type":"key","parameters":{},"actions":[{"type":"keyDown","value":""},{"type":"pause","duration":10},{"type":"keyUp","value":""}]}]}
COMMAND: GET /session/37ca3b759bac6faaed564aba4deb3c32/screenshot - {}
RESULT: {}
COMMAND: POST /session/37ca3b759bac6faaed564aba4deb3c32/element - {"using":"xpath","value":"//input[@id=\"application-managecontracts-display-component---AddNewContract--customerSelect-inner\"]"}
RESULT: {"using":"xpath","value":"//input[@id=\"application-managecontracts-display-component---AddNewContract--customerSelect-inner\"]"}
COMMAND: POST /session/37ca3b759bac6faaed564aba4deb3c32/element/f.8D9121E00EF4972596309C37326D000A.d.30A2EF7E180B4E6E6E8AA449283B530F.e.7790/clear - {}
RESULT: {}
COMMAND: POST /session/37ca3b759bac6faaed564aba4deb3c32/element/f.8D9121E00EF4972596309C37326D000A.d.30A2EF7E180B4E6E6E8AA449283B530F.e.7790/value - {"text":"WebdriverPartnerryx8a"}
COMMAND: GET /session/37ca3b759bac6faaed564aba4deb3c32/screenshot - {}
RESULT: {"text":"WebdriverPartnerryx8a"}
COMMAND: GET /session/37ca3b759bac6faaed564aba4deb3c32/screenshot - {}
RESULT: {}
RESULT: {}
COMMAND: POST /session/37ca3b759bac6faaed564aba4deb3c32/actions - {"actions":[{"id":"action35","type":"key","parameters":{},"actions":[{"type":"keyDown","value":""},{"type":"pause","duration":10},{"type":"keyUp","value":""}]}]}
RESULT: {"actions":[{"id":"action35","type":"key","parameters":{},"actions":[{"type":"keyDown","value":""},{"type":"pause","duration":10},{"type":"keyUp","value":""}]}]}
COMMAND: GET /session/37ca3b759bac6faaed564aba4deb3c32/screenshot - {}
RESULT: {}
COMMAND: POST /session/37ca3b759bac6faaed564aba4deb3c32/element - {"using":"xpath","value":"//input[@id=\"application-managecontracts-display-component---AddNewContract--site-inner\"]"}
RESULT: {"using":"xpath","value":"//input[@id=\"application-managecontracts-display-component---AddNewContract--site-inner\"]"}
COMMAND: POST /session/37ca3b759bac6faaed564aba4deb3c32/element/f.8D9121E00EF4972596309C37326D000A.d.30A2EF7E180B4E6E6E8AA449283B530F.e.7791/clear - {}
RESULT: {}
COMMAND: POST /session/37ca3b759bac6faaed564aba4deb3c32/element/f.8D9121E00EF4972596309C37326D000A.d.30A2EF7E180B4E6E6E8AA449283B530F.e.7791/value - {"text":"WebdriverSitevpzc4"}
COMMAND: GET /session/37ca3b759bac6faaed564aba4deb3c32/screenshot - {}
RESULT: {"text":"WebdriverSitevpzc4"}
COMMAND: GET /session/37ca3b759bac6faaed564aba4deb3c32/screenshot - {}
RESULT: {}
RESULT: {}
COMMAND: POST /session/37ca3b759bac6faaed564aba4deb3c32/actions - {"actions":[{"id":"action36","type":"key","parameters":{},"actions":[{"type":"keyDown","value":""},{"type":"pause","duration":10},{"type":"keyUp","value":""}]}]}
RESULT: {"actions":[{"id":"action36","type":"key","parameters":{},"actions":[{"type":"keyDown","value":""},{"type":"pause","duration":10},{"type":"keyUp","value":""}]}]}
COMMAND: POST /session/37ca3b759bac6faaed564aba4deb3c32/element - {"using":"xpath","value":"//button[@data-kt=\"saveButton\"]"}
COMMAND: GET /session/37ca3b759bac6faaed564aba4deb3c32/screenshot - {}
RESULT: {"using":"xpath","value":"//button[@data-kt=\"saveButton\"]"}
COMMAND: POST /session/37ca3b759bac6faaed564aba4deb3c32/element/f.8D9121E00EF4972596309C37326D000A.d.30A2EF7E180B4E6E6E8AA449283B530F.e.7808/click - {}
RESULT: {}
RESULT: {}
COMMAND: GET /session/37ca3b759bac6faaed564aba4deb3c32/screenshot - {}
RESULT: {}
COMMAND: POST /session/37ca3b759bac6faaed564aba4deb3c32/execute/async - {"script":"<script> [1562 bytes]","args":[{"selector":{"id":"contractDetailTitleNoExpanded","viewName":"etm.portal.ui.managecontracts.view.Detail"},"wdio_ui5_key":"contractDetailTitleNoExpandedetmportal.ui.managecontracts.view.Detail"}]}
RESULT: {"script":"<script> [1562 bytes]","args":[{"selector":{"id":"contractDetailTitleNoExpanded","viewName":"etm.portal.ui.managecontracts.view.Detail"},"wdio_ui5_key":"contractDetailTitleNoExpandedetmportal.ui.managecontracts.view.Detail"}]}
RESULT: undefined
COMMAND: POST /session/37ca3b759bac6faaed564aba4deb3c32/execute/async - {"script":"<script> [6424 bytes]","args":[{"element-6066-11e4-a52e-4f735466cecf":"f.8D9121E00EF4972596309C37326D000A.d.30A2EF7E180B4E6E6E8AA449283B530F.e.7828"},"getText",[]]}
RESULT: {"script":"<script> [6424 bytes]","args":[{"element-6066-11e4-a52e-4f735466cecf":"f.8D9121E00EF4972596309C37326D000A.d.30A2EF7E180B4E6E6E8AA449283B530F.e.7828"},"getText",[]]}
COMMAND: POST /session/37ca3b759bac6faaed564aba4deb3c32/execute/async - {"script":"<script> [1562 bytes]","args":[{"selector":{"id":"closeContractBtn","viewName":"etm.portal.ui.managecontracts.view.Detail"},"wdio_ui5_key":"closeContractBtnetmportal.ui.managecontracts.view.Detail"}]}
RESULT: {"script":"<script> [1562 bytes]","args":[{"selector":{"id":"closeContractBtn","viewName":"etm.portal.ui.managecontracts.view.Detail"},"wdio_ui5_key":"closeContractBtnetmportal.ui.managecontracts.view.Detail"}]}
RESULT: undefined
COMMAND: POST /session/37ca3b759bac6faaed564aba4deb3c32/execute/async - {"script":"<script> [6424 bytes]","args":[{"element-6066-11e4-a52e-4f735466cecf":"f.8D9121E00EF4972596309C37326D000A.d.30A2EF7E180B4E6E6E8AA449283B530F.e.7829"},"getEnabled",[]]}
RESULT: {"script":"<script> [6424 bytes]","args":[{"element-6066-11e4-a52e-4f735466cecf":"f.8D9121E00EF4972596309C37326D000A.d.30A2EF7E180B4E6E6E8AA449283B530F.e.7829"},"getEnabled",[]]}
COMMAND: POST /session/37ca3b759bac6faaed564aba4deb3c32/element - {"using":"xpath","value":"//button[@data-kt=\"contractDetailEditBtnButton\"]"}
RESULT: {"using":"xpath","value":"//button[@data-kt=\"contractDetailEditBtnButton\"]"}
COMMAND: POST /session/37ca3b759bac6faaed564aba4deb3c32/element/f.8D9121E00EF4972596309C37326D000A.d.30A2EF7E180B4E6E6E8AA449283B530F.e.7830/click - {}
RESULT: {}
COMMAND: GET /session/37ca3b759bac6faaed564aba4deb3c32/screenshot - {}
RESULT: {}
COMMAND: POST /session/37ca3b759bac6faaed564aba4deb3c32/element - {"using":"xpath","value":"(//span[contains(text(), \"Additional Addresses\")])[2]"}
RESULT: {"using":"xpath","value":"(//span[contains(text(), \"Additional Addresses\")])[2]"}
COMMAND: POST /session/37ca3b759bac6faaed564aba4deb3c32/element/f.8D9121E00EF4972596309C37326D000A.d.30A2EF7E180B4E6E6E8AA449283B530F.e.7886/click - {}
RESULT: {}
COMMAND: GET /session/37ca3b759bac6faaed564aba4deb3c32/screenshot - {}
RESULT: {}
COMMAND: POST /session/37ca3b759bac6faaed564aba4deb3c32/element - {"using":"xpath","value":"//button[@data-kt=\"btnAddTableRowOverflowToolbarButton\"]"}
RESULT: {"using":"xpath","value":"//button[@data-kt=\"btnAddTableRowOverflowToolbarButton\"]"}
COMMAND: POST /session/37ca3b759bac6faaed564aba4deb3c32/element/f.8D9121E00EF4972596309C37326D000A.d.30A2EF7E180B4E6E6E8AA449283B530F.e.7891/click - {}
RESULT: {}
COMMAND: GET /session/37ca3b759bac6faaed564aba4deb3c32/screenshot - {}
RESULT: {}
COMMAND: POST /session/37ca3b759bac6faaed564aba4deb3c32/element - {"using":"xpath","value":"//div[(text() = 'Standard Entry' or . = 'Standard Entry')]"}
RESULT: {"using":"xpath","value":"//div[(text() = 'Standard Entry' or . = 'Standard Entry')]"}
COMMAND: POST /session/37ca3b759bac6faaed564aba4deb3c32/element/f.8D9121E00EF4972596309C37326D000A.d.30A2EF7E180B4E6E6E8AA449283B530F.e.7892/click - {}
RESULT: {}
COMMAND: POST /session/37ca3b759bac6faaed564aba4deb3c32/element - {"using":"xpath","value":"//td[6]/div/div/input[1]"}
COMMAND: GET /session/37ca3b759bac6faaed564aba4deb3c32/screenshot - {}
RESULT: {"using":"xpath","value":"//td[6]/div/div/input[1]"}
COMMAND: POST /session/37ca3b759bac6faaed564aba4deb3c32/element/f.8D9121E00EF4972596309C37326D000A.d.30A2EF7E180B4E6E6E8AA449283B530F.e.7894/click - {}
RESULT: {}
RESULT: {}
COMMAND: POST /session/37ca3b759bac6faaed564aba4deb3c32/actions - {"actions":[{"id":"action37","type":"key","parameters":{},"actions":[{"type":"keyDown","value":""},{"type":"pause","duration":10},{"type":"keyUp","value":""}]}]}
COMMAND: GET /session/37ca3b759bac6faaed564aba4deb3c32/screenshot - {}
RESULT: {"actions":[{"id":"action37","type":"key","parameters":{},"actions":[{"type":"keyDown","value":""},{"type":"pause","duration":10},{"type":"keyUp","value":""}]}]}
COMMAND: POST /session/37ca3b759bac6faaed564aba4deb3c32/element - {"using":"xpath","value":"//td[6]/div/div/input[1]"}
COMMAND: GET /session/37ca3b759bac6faaed564aba4deb3c32/screenshot - {}
RESULT: {}
RESULT: {"using":"xpath","value":"//td[6]/div/div/input[1]"}
COMMAND: POST /session/37ca3b759bac6faaed564aba4deb3c32/element/f.8D9121E00EF4972596309C37326D000A.d.30A2EF7E180B4E6E6E8AA449283B530F.e.7894/clear - {}
RESULT: {}
RESULT: {}
COMMAND: POST /session/37ca3b759bac6faaed564aba4deb3c32/element/f.8D9121E00EF4972596309C37326D000A.d.30A2EF7E180B4E6E6E8AA449283B530F.e.7894/value - {"text":"Material"}
COMMAND: GET /session/37ca3b759bac6faaed564aba4deb3c32/screenshot - {}
RESULT: {"text":"Material"}
COMMAND: GET /session/37ca3b759bac6faaed564aba4deb3c32/screenshot - {}
RESULT: {}
RESULT: {}
COMMAND: POST /session/37ca3b759bac6faaed564aba4deb3c32/actions - {"actions":[{"id":"action38","type":"key","parameters":{},"actions":[{"type":"keyDown","value":""},{"type":"pause","duration":10},{"type":"keyUp","value":""}]}]}
RESULT: {"actions":[{"id":"action38","type":"key","parameters":{},"actions":[{"type":"keyDown","value":""},{"type":"pause","duration":10},{"type":"keyUp","value":""}]}]}
COMMAND: GET /session/37ca3b759bac6faaed564aba4deb3c32/screenshot - {}
RESULT: {}
COMMAND: POST /session/37ca3b759bac6faaed564aba4deb3c32/actions - {"actions":[{"id":"action39","type":"key","parameters":{},"actions":[{"type":"keyDown","value":""},{"type":"pause","duration":10},{"type":"keyUp","value":""}]}]}
RESULT: {"actions":[{"id":"action39","type":"key","parameters":{},"actions":[{"type":"keyDown","value":""},{"type":"pause","duration":10},{"type":"keyUp","value":""}]}]}
COMMAND: POST /session/37ca3b759bac6faaed564aba4deb3c32/element - {"using":"xpath","value":"//td[7]/div/div/input"}
COMMAND: GET /session/37ca3b759bac6faaed564aba4deb3c32/screenshot - {}
RESULT: {"using":"xpath","value":"//td[7]/div/div/input"}
COMMAND: POST /session/37ca3b759bac6faaed564aba4deb3c32/element/f.8D9121E00EF4972596309C37326D000A.d.30A2EF7E180B4E6E6E8AA449283B530F.e.7907/clear - {}
RESULT: {}
RESULT: {}
COMMAND: POST /session/37ca3b759bac6faaed564aba4deb3c32/element/f.8D9121E00EF4972596309C37326D000A.d.30A2EF7E180B4E6E6E8AA449283B530F.e.7907/value - {"text":"WebdriverRUR2Czjikb"}
COMMAND: GET /session/37ca3b759bac6faaed564aba4deb3c32/screenshot - {}
RESULT: {"text":"WebdriverRUR2Czjikb"}
COMMAND: GET /session/37ca3b759bac6faaed564aba4deb3c32/screenshot - {}
RESULT: {}
RESULT: {}
COMMAND: POST /session/37ca3b759bac6faaed564aba4deb3c32/actions - {"actions":[{"id":"action40","type":"key","parameters":{},"actions":[{"type":"keyDown","value":""},{"type":"pause","duration":10},{"type":"keyUp","value":""}]}]}
RESULT: {"actions":[{"id":"action40","type":"key","parameters":{},"actions":[{"type":"keyDown","value":""},{"type":"pause","duration":10},{"type":"keyUp","value":""}]}]}
COMMAND: GET /session/37ca3b759bac6faaed564aba4deb3c32/screenshot - {}
RESULT: {}
COMMAND: POST /session/37ca3b759bac6faaed564aba4deb3c32/actions - {"actions":[{"id":"action41","type":"key","parameters":{},"actions":[{"type":"keyDown","value":""},{"type":"pause","duration":10},{"type":"keyUp","value":""}]}]}
RESULT: {"actions":[{"id":"action41","type":"key","parameters":{},"actions":[{"type":"keyDown","value":""},{"type":"pause","duration":10},{"type":"keyUp","value":""}]}]}
COMMAND: GET /session/37ca3b759bac6faaed564aba4deb3c32/screenshot - {}
RESULT: {}
COMMAND: POST /session/37ca3b759bac6faaed564aba4deb3c32/element - {"using":"xpath","value":"(//button[@data-kt=\"saveButton\"])[2]"}
RESULT: {"using":"xpath","value":"(//button[@data-kt=\"saveButton\"])[2]"}
COMMAND: POST /session/37ca3b759bac6faaed564aba4deb3c32/element/f.8D9121E00EF4972596309C37326D000A.d.30A2EF7E180B4E6E6E8AA449283B530F.e.7933/click - {}
RESULT: {}
COMMAND: GET /session/37ca3b759bac6faaed564aba4deb3c32/screenshot - {}
RESULT: {}
]]></system-out>
    </testcase>
    <testcase classname="chrome.135_0_7049_42.windows.Standard_contract_close-reopen_US111278" name="It should close the contract" time="21.224">
      <system-out><![CDATA[
RESULT: undefined
COMMAND: POST /session/37ca3b759bac6faaed564aba4deb3c32/element - {"using":"xpath","value":"//*[@id=\"__xmlview64--closeContractBtn\"]"}
RESULT: {"using":"xpath","value":"//*[@id=\"__xmlview64--closeContractBtn\"]"}
COMMAND: POST /session/37ca3b759bac6faaed564aba4deb3c32/element/f.8D9121E00EF4972596309C37326D000A.d.30A2EF7E180B4E6E6E8AA449283B530F.e.7829/click - {}
RESULT: {}
COMMAND: GET /session/37ca3b759bac6faaed564aba4deb3c32/screenshot - {}
RESULT: {}
COMMAND: POST /session/37ca3b759bac6faaed564aba4deb3c32/element - {"using":"xpath","value":"//span[contains(text(), \"Do you want to close the whole contract?\")]"}
RESULT: {"using":"xpath","value":"//span[contains(text(), \"Do you want to close the whole contract?\")]"}
COMMAND: POST /session/37ca3b759bac6faaed564aba4deb3c32/execute/sync - {"script":"<script> [8489 bytes]","args":[{"element-6066-11e4-a52e-4f735466cecf":"f.8D9121E00EF4972596309C37326D000A.d.30A2EF7E180B4E6E6E8AA449283B530F.e.7937","ELEMENT":"f.8D9121E00EF4972596309C37326D000A.d.30A2EF7E180B4E6E6E8AA449283B530F.e.7937"}]}
RESULT: {"script":"<script> [8489 bytes]","args":[{"element-6066-11e4-a52e-4f735466cecf":"f.8D9121E00EF4972596309C37326D000A.d.30A2EF7E180B4E6E6E8AA449283B530F.e.7937","ELEMENT":"f.8D9121E00EF4972596309C37326D000A.d.30A2EF7E180B4E6E6E8AA449283B530F.e.7937"}]}
COMMAND: POST /session/37ca3b759bac6faaed564aba4deb3c32/element - {"using":"xpath","value":"//bdi[contains(text(), \"OK\")]"}
COMMAND: GET /session/37ca3b759bac6faaed564aba4deb3c32/screenshot - {}
RESULT: {"using":"xpath","value":"//bdi[contains(text(), \"OK\")]"}
COMMAND: POST /session/37ca3b759bac6faaed564aba4deb3c32/element/f.8D9121E00EF4972596309C37326D000A.d.30A2EF7E180B4E6E6E8AA449283B530F.e.7938/click - {}
RESULT: {}
RESULT: {}
COMMAND: GET /session/37ca3b759bac6faaed564aba4deb3c32/screenshot - {}
RESULT: {}
COMMAND: POST /session/37ca3b759bac6faaed564aba4deb3c32/element - {"using":"xpath","value":"//input[contains(@id ,\"smartContractFilterBar-btnBasicSearch-I\")]"}
RESULT: {"using":"xpath","value":"//input[contains(@id ,\"smartContractFilterBar-btnBasicSearch-I\")]"}
COMMAND: POST /session/37ca3b759bac6faaed564aba4deb3c32/element/f.8D9121E00EF4972596309C37326D000A.d.30A2EF7E180B4E6E6E8AA449283B530F.e.7451/clear - {}
RESULT: {}
COMMAND: POST /session/37ca3b759bac6faaed564aba4deb3c32/element/f.8D9121E00EF4972596309C37326D000A.d.30A2EF7E180B4E6E6E8AA449283B530F.e.7451/value - {"text":"10583"}
COMMAND: GET /session/37ca3b759bac6faaed564aba4deb3c32/screenshot - {}
RESULT: {"text":"10583"}
COMMAND: POST /session/37ca3b759bac6faaed564aba4deb3c32/actions - {"actions":[{"id":"action42","type":"key","parameters":{},"actions":[{"type":"keyDown","value":""},{"type":"pause","duration":10},{"type":"keyUp","value":""}]}]}
COMMAND: GET /session/37ca3b759bac6faaed564aba4deb3c32/screenshot - {}
RESULT: {}
RESULT: {"actions":[{"id":"action42","type":"key","parameters":{},"actions":[{"type":"keyDown","value":""},{"type":"pause","duration":10},{"type":"keyUp","value":""}]}]}
COMMAND: GET /session/37ca3b759bac6faaed564aba4deb3c32/screenshot - {}
RESULT: {}
RESULT: {}
COMMAND: POST /session/37ca3b759bac6faaed564aba4deb3c32/execute/async - {"script":"<script> [1562 bytes]","args":[{"selector":{"controlType":"sap.ui.core.Icon","viewName":"etm.portal.ui.managecontracts.view.Master","properties":{"src":{"regex":{"source":"slim\\-arrow\\-right"}}}},"wdio_ui5_key":"etmportal.ui.managecontracts.view.Mastersap.ui.core.Icon{\"src\":{\"regex\":{\"source\":\"slim\\\\-arrow\\\\-right\"}}}"}]}
RESULT: {"script":"<script> [1562 bytes]","args":[{"selector":{"controlType":"sap.ui.core.Icon","viewName":"etm.portal.ui.managecontracts.view.Master","properties":{"src":{"regex":{"source":"slim\\-arrow\\-right"}}}},"wdio_ui5_key":"etmportal.ui.managecontracts.view.Mastersap.ui.core.Icon{\"src\":{\"regex\":{\"source\":\"slim\\\\-arrow\\\\-right\"}}}"}]}
RESULT: undefined
COMMAND: POST /session/37ca3b759bac6faaed564aba4deb3c32/element - {"using":"xpath","value":"//*[@id=\"__item129-__clone7933-imgNav\"]"}
RESULT: {"using":"xpath","value":"//*[@id=\"__item129-__clone7933-imgNav\"]"}
COMMAND: POST /session/37ca3b759bac6faaed564aba4deb3c32/element/f.8D9121E00EF4972596309C37326D000A.d.30A2EF7E180B4E6E6E8AA449283B530F.e.8156/click - {}
RESULT: {}
COMMAND: POST /session/37ca3b759bac6faaed564aba4deb3c32/execute/async - {"script":"<script> [1562 bytes]","args":[{"selector":{"controlType":"sap.m.ObjectStatus","viewName":"etm.portal.ui.managecontracts.view.Detail","bindingPath":{"propertyPath":"LINK_TO_LOGISTICAL_STATUS/DESCRIPTION","modelName":"catalogModel"}},"wdio_ui5_key":"etmportal.ui.managecontracts.view.Detailsap.m.ObjectStatus{\"propertyPath\":\"LINK_TO_LOGISTICAL_STATUS/DESCRIPTION\",\"modelName\":\"catalogModel\"}"}]}
COMMAND: GET /session/37ca3b759bac6faaed564aba4deb3c32/screenshot - {}
RESULT: {"script":"<script> [1562 bytes]","args":[{"selector":{"controlType":"sap.m.ObjectStatus","viewName":"etm.portal.ui.managecontracts.view.Detail","bindingPath":{"propertyPath":"LINK_TO_LOGISTICAL_STATUS/DESCRIPTION","modelName":"catalogModel"}},"wdio_ui5_key":"etmportal.ui.managecontracts.view.Detailsap.m.ObjectStatus{\"propertyPath\":\"LINK_TO_LOGISTICAL_STATUS/DESCRIPTION\",\"modelName\":\"catalogModel\"}"}]}
RESULT: undefined
COMMAND: POST /session/37ca3b759bac6faaed564aba4deb3c32/execute/async - {"script":"<script> [6424 bytes]","args":[{"element-6066-11e4-a52e-4f735466cecf":"f.8D9121E00EF4972596309C37326D000A.d.30A2EF7E180B4E6E6E8AA449283B530F.e.8199"},"getText",[]]}
RESULT: {}
RESULT: {"script":"<script> [6424 bytes]","args":[{"element-6066-11e4-a52e-4f735466cecf":"f.8D9121E00EF4972596309C37326D000A.d.30A2EF7E180B4E6E6E8AA449283B530F.e.8199"},"getText",[]]}
]]></system-out>
    </testcase>
    <testcase classname="chrome.135_0_7049_42.windows.Standard_contract_close-reopen_US111278" name="Should reopen the contract" time="10.642">
      <system-out><![CDATA[
COMMAND: POST /session/37ca3b759bac6faaed564aba4deb3c32/execute/async - {"script":"<script> [1562 bytes]","args":[{"selector":{"id":"openContractBtn","viewName":"etm.portal.ui.managecontracts.view.Detail"},"wdio_ui5_key":"openContractBtnetmportal.ui.managecontracts.view.Detail"}]}
RESULT: {"script":"<script> [1562 bytes]","args":[{"selector":{"id":"openContractBtn","viewName":"etm.portal.ui.managecontracts.view.Detail"},"wdio_ui5_key":"openContractBtnetmportal.ui.managecontracts.view.Detail"}]}
RESULT: undefined
COMMAND: POST /session/37ca3b759bac6faaed564aba4deb3c32/execute/async - {"script":"<script> [6424 bytes]","args":[{"element-6066-11e4-a52e-4f735466cecf":"f.8D9121E00EF4972596309C37326D000A.d.30A2EF7E180B4E6E6E8AA449283B530F.e.8177"},"getEnabled",[]]}
RESULT: {"script":"<script> [6424 bytes]","args":[{"element-6066-11e4-a52e-4f735466cecf":"f.8D9121E00EF4972596309C37326D000A.d.30A2EF7E180B4E6E6E8AA449283B530F.e.8177"},"getEnabled",[]]}
COMMAND: POST /session/37ca3b759bac6faaed564aba4deb3c32/element - {"using":"xpath","value":"//bdi[contains(text(), \"Edit\")]"}
RESULT: {"using":"xpath","value":"//bdi[contains(text(), \"Edit\")]"}
COMMAND: POST /session/37ca3b759bac6faaed564aba4deb3c32/element - {"using":"xpath","value":"//bdi[contains(text(), \"Edit\")]"}
RESULT: undefined
COMMAND: POST /session/37ca3b759bac6faaed564aba4deb3c32/element - {"using":"xpath","value":"//*[@id=\"__xmlview64--openContractBtn\"]"}
RESULT: {"using":"xpath","value":"//bdi[contains(text(), \"Edit\")]"}
RESULT: {"using":"xpath","value":"//*[@id=\"__xmlview64--openContractBtn\"]"}
COMMAND: POST /session/37ca3b759bac6faaed564aba4deb3c32/element/f.8D9121E00EF4972596309C37326D000A.d.30A2EF7E180B4E6E6E8AA449283B530F.e.8177/click - {}
RESULT: {}
COMMAND: POST /session/37ca3b759bac6faaed564aba4deb3c32/execute/async - {"script":"<script> [1562 bytes]","args":[{"selector":{"controlType":"sap.m.Text","properties":{"text":"Contract has been reopened successfully"},"searchOpenDialogs":true},"wdio_ui5_key":"sapm.Text{\"text\":\"Contract has been reopened successfully\"}"}]}
COMMAND: GET /session/37ca3b759bac6faaed564aba4deb3c32/screenshot - {}
RESULT: {"script":"<script> [1562 bytes]","args":[{"selector":{"controlType":"sap.m.Text","properties":{"text":"Contract has been reopened successfully"},"searchOpenDialogs":true},"wdio_ui5_key":"sapm.Text{\"text\":\"Contract has been reopened successfully\"}"}]}
RESULT: undefined
COMMAND: POST /session/37ca3b759bac6faaed564aba4deb3c32/execute/async - {"script":"<script> [6424 bytes]","args":[{"element-6066-11e4-a52e-4f735466cecf":"f.8D9121E00EF4972596309C37326D000A.d.30A2EF7E180B4E6E6E8AA449283B530F.e.8202"},"getText",[]]}
RESULT: {}
RESULT: {"script":"<script> [6424 bytes]","args":[{"element-6066-11e4-a52e-4f735466cecf":"f.8D9121E00EF4972596309C37326D000A.d.30A2EF7E180B4E6E6E8AA449283B530F.e.8202"},"getText",[]]}
COMMAND: POST /session/37ca3b759bac6faaed564aba4deb3c32/element - {"using":"xpath","value":"//bdi[contains(text(), \"OK\")]"}
RESULT: {"using":"xpath","value":"//bdi[contains(text(), \"OK\")]"}
COMMAND: POST /session/37ca3b759bac6faaed564aba4deb3c32/element/f.8D9121E00EF4972596309C37326D000A.d.30A2EF7E180B4E6E6E8AA449283B530F.e.8203/click - {}
RESULT: {}
COMMAND: GET /session/37ca3b759bac6faaed564aba4deb3c32/screenshot - {}
RESULT: {}
COMMAND: POST /session/37ca3b759bac6faaed564aba4deb3c32/element - {"using":"xpath","value":"//bdi[contains(text(), \"Edit\")]"}
RESULT: undefined
COMMAND: POST /session/37ca3b759bac6faaed564aba4deb3c32/execute/async - {"script":"<script> [6424 bytes]","args":[{"element-6066-11e4-a52e-4f735466cecf":"f.8D9121E00EF4972596309C37326D000A.d.30A2EF7E180B4E6E6E8AA449283B530F.e.7829"},"getEnabled",[]]}
RESULT: {"using":"xpath","value":"//bdi[contains(text(), \"Edit\")]"}
COMMAND: POST /session/37ca3b759bac6faaed564aba4deb3c32/execute/sync - {"script":"<script> [8489 bytes]","args":[{"element-6066-11e4-a52e-4f735466cecf":"f.8D9121E00EF4972596309C37326D000A.d.30A2EF7E180B4E6E6E8AA449283B530F.e.8204","ELEMENT":"f.8D9121E00EF4972596309C37326D000A.d.30A2EF7E180B4E6E6E8AA449283B530F.e.8204"}]}
COMMAND: POST /session/37ca3b759bac6faaed564aba4deb3c32/execute/async - {"script":"<script> [1562 bytes]","args":[{"selector":{"id":"closeContractBtn","viewName":"etm.portal.ui.managecontracts.view.Detail"},"wdio_ui5_key":"closeContractBtnetmportal.ui.managecontracts.view.Detail"}]}
RESULT: {"script":"<script> [8489 bytes]","args":[{"element-6066-11e4-a52e-4f735466cecf":"f.8D9121E00EF4972596309C37326D000A.d.30A2EF7E180B4E6E6E8AA449283B530F.e.8204","ELEMENT":"f.8D9121E00EF4972596309C37326D000A.d.30A2EF7E180B4E6E6E8AA449283B530F.e.8204"}]}
COMMAND: GET /session/37ca3b759bac6faaed564aba4deb3c32/screenshot - {}
RESULT: {"script":"<script> [1562 bytes]","args":[{"selector":{"id":"closeContractBtn","viewName":"etm.portal.ui.managecontracts.view.Detail"},"wdio_ui5_key":"closeContractBtnetmportal.ui.managecontracts.view.Detail"}]}
COMMAND: POST /session/37ca3b759bac6faaed564aba4deb3c32/execute/async - {"script":"<script> [6424 bytes]","args":[{"element-6066-11e4-a52e-4f735466cecf":"f.8D9121E00EF4972596309C37326D000A.d.30A2EF7E180B4E6E6E8AA449283B530F.e.8205"},"getEnabled",[]]}
RESULT: {}
RESULT: {"script":"<script> [6424 bytes]","args":[{"element-6066-11e4-a52e-4f735466cecf":"f.8D9121E00EF4972596309C37326D000A.d.30A2EF7E180B4E6E6E8AA449283B530F.e.8205"},"getEnabled",[]]}
]]></system-out>
    </testcase>
    <testcase classname="chrome.135_0_7049_42.windows.Standard_contract_close-reopen_US111278" name="Should verify for multiple statuses that open button is not visible" time="67.389">
      <system-out><![CDATA[
COMMAND: POST /session/37ca3b759bac6faaed564aba4deb3c32/execute/async - {"script":"<script> [1562 bytes]","args":[{"selector":{"controlType":"sap.ui.core.Icon","viewName":"etm.portal.ui.managecontracts.view.Detail","properties":{"src":{"regex":{"source":"decline"}}}},"wdio_ui5_key":"etmportal.ui.managecontracts.view.Detailsap.ui.core.Icon{\"src\":{\"regex\":{\"source\":\"decline\"}}}"}]}
RESULT: {"script":"<script> [1562 bytes]","args":[{"selector":{"controlType":"sap.ui.core.Icon","viewName":"etm.portal.ui.managecontracts.view.Detail","properties":{"src":{"regex":{"source":"decline"}}}},"wdio_ui5_key":"etmportal.ui.managecontracts.view.Detailsap.ui.core.Icon{\"src\":{\"regex\":{\"source\":\"decline\"}}}"}]}
RESULT: undefined
COMMAND: POST /session/37ca3b759bac6faaed564aba4deb3c32/element - {"using":"xpath","value":"//*[@id=\"__xmlview64--closeColumnBtn-img\"]"}
RESULT: {"using":"xpath","value":"//*[@id=\"__xmlview64--closeColumnBtn-img\"]"}
COMMAND: POST /session/37ca3b759bac6faaed564aba4deb3c32/element/f.8D9121E00EF4972596309C37326D000A.d.30A2EF7E180B4E6E6E8AA449283B530F.e.8173/click - {}
RESULT: {}
COMMAND: GET /session/37ca3b759bac6faaed564aba4deb3c32/screenshot - {}
COMMAND: POST /session/37ca3b759bac6faaed564aba4deb3c32/element - {"using":"xpath","value":"//div[contains(@id ,\"smartContractFilterBar-btnBasicSearch-reset\")]"}
RESULT: {}
RESULT: {"using":"xpath","value":"//div[contains(@id ,\"smartContractFilterBar-btnBasicSearch-reset\")]"}
COMMAND: POST /session/37ca3b759bac6faaed564aba4deb3c32/element/f.8D9121E00EF4972596309C37326D000A.d.30A2EF7E180B4E6E6E8AA449283B530F.e.8178/click - {}
RESULT: {}
COMMAND: GET /session/37ca3b759bac6faaed564aba4deb3c32/screenshot - {}
COMMAND: POST /session/37ca3b759bac6faaed564aba4deb3c32/execute/async - {"script":"<script> [1562 bytes]","args":[{"selector":{"controlType":"sap.ui.core.Icon","viewName":"etm.portal.ui.managecontracts.view.Master","properties":{"src":{"regex":{"source":"slim\\-arrow\\-down"}}},"ancestor":{"id":"smartContractStatusFilter","viewName":"etm.portal.ui.managecontracts.view.Master"}},"wdio_ui5_key":"etmportal.ui.managecontracts.view.Mastersap.ui.core.Icon{\"src\":{\"regex\":{\"source\":\"slim\\\\-arrow\\\\-down\"}}}{\"id\":\"smartContractStatusFilter\",\"viewName\":\"etm.portal.ui.managecontracts.view.Master\"}"}]}
RESULT: {}
RESULT: {"script":"<script> [1562 bytes]","args":[{"selector":{"controlType":"sap.ui.core.Icon","viewName":"etm.portal.ui.managecontracts.view.Master","properties":{"src":{"regex":{"source":"slim\\-arrow\\-down"}}},"ancestor":{"id":"smartContractStatusFilter","viewName":"etm.portal.ui.managecontracts.view.Master"}},"wdio_ui5_key":"etmportal.ui.managecontracts.view.Mastersap.ui.core.Icon{\"src\":{\"regex\":{\"source\":\"slim\\\\-arrow\\\\-down\"}}}{\"id\":\"smartContractStatusFilter\",\"viewName\":\"etm.portal.ui.managecontracts.view.Master\"}"}]}
RESULT: undefined
COMMAND: POST /session/37ca3b759bac6faaed564aba4deb3c32/element - {"using":"xpath","value":"//*[@id=\"__xmlview63--smartContractStatusFilter-arrow\"]"}
RESULT: {"using":"xpath","value":"//*[@id=\"__xmlview63--smartContractStatusFilter-arrow\"]"}
COMMAND: POST /session/37ca3b759bac6faaed564aba4deb3c32/element/f.8D9121E00EF4972596309C37326D000A.d.30A2EF7E180B4E6E6E8AA449283B530F.e.8251/click - {}
RESULT: {}
COMMAND: POST /session/37ca3b759bac6faaed564aba4deb3c32/execute/async - {"script":"<script> [1562 bytes]","args":[{"selector":{"controlType":"sap.m.CheckBox","viewName":"etm.portal.ui.managecontracts.view.Master","properties":{"editable":true},"searchOpenDialogs":true,"ancestor":{"controlType":"sap.m.StandardListItem","viewName":"etm.portal.ui.managecontracts.view.Master","properties":{"title":"partial provided"},"searchOpenDialogs":true},"interaction":{"idSuffix":"CbBg"}},"wdio_ui5_key":"etmportal.ui.managecontracts.view.Mastersap.m.CheckBox{\"editable\":true}{\"controlType\":\"sap.m.StandardListItem\",\"viewName\":\"etm.portal.ui.managecontracts.view.Master\",\"properties\":{\"title\":\"partial provided\"},\"searchOpenDialogs\":true}"}]}
COMMAND: GET /session/37ca3b759bac6faaed564aba4deb3c32/screenshot - {}
RESULT: {"script":"<script> [1562 bytes]","args":[{"selector":{"controlType":"sap.m.CheckBox","viewName":"etm.portal.ui.managecontracts.view.Master","properties":{"editable":true},"searchOpenDialogs":true,"ancestor":{"controlType":"sap.m.StandardListItem","viewName":"etm.portal.ui.managecontracts.view.Master","properties":{"title":"partial provided"},"searchOpenDialogs":true},"interaction":{"idSuffix":"CbBg"}},"wdio_ui5_key":"etmportal.ui.managecontracts.view.Mastersap.m.CheckBox{\"editable\":true}{\"controlType\":\"sap.m.StandardListItem\",\"viewName\":\"etm.portal.ui.managecontracts.view.Master\",\"properties\":{\"title\":\"partial provided\"},\"searchOpenDialogs\":true}"}]}
RESULT: undefined
COMMAND: POST /session/37ca3b759bac6faaed564aba4deb3c32/element - {"using":"xpath","value":"//*[@id=\"__item3015-selectMulti\"]"}
RESULT: {}
RESULT: {"using":"xpath","value":"//*[@id=\"__item3015-selectMulti\"]"}
COMMAND: POST /session/37ca3b759bac6faaed564aba4deb3c32/element/f.8D9121E00EF4972596309C37326D000A.d.30A2EF7E180B4E6E6E8AA449283B530F.e.8262/click - {}
RESULT: {}
COMMAND: GET /session/37ca3b759bac6faaed564aba4deb3c32/screenshot - {}
RESULT: {}
COMMAND: POST /session/37ca3b759bac6faaed564aba4deb3c32/element - {"using":"xpath","value":"(//span[contains(@title ,\"Navigation\")])[2]"}
RESULT: {"using":"xpath","value":"(//span[contains(@title ,\"Navigation\")])[2]"}
COMMAND: POST /session/37ca3b759bac6faaed564aba4deb3c32/element/f.8D9121E00EF4972596309C37326D000A.d.30A2EF7E180B4E6E6E8AA449283B530F.e.8283/click - {}
RESULT: {}
COMMAND: GET /session/37ca3b759bac6faaed564aba4deb3c32/screenshot - {}
RESULT: {}
COMMAND: POST /session/37ca3b759bac6faaed564aba4deb3c32/element - {"using":"xpath","value":"//bdi[contains(@id ,\"closeContractBtn-BDI-content\")]"}
RESULT: {"using":"xpath","value":"//bdi[contains(@id ,\"closeContractBtn-BDI-content\")]"}
COMMAND: POST /session/37ca3b759bac6faaed564aba4deb3c32/element - {"using":"xpath","value":"//bdi[contains(@id ,\"closeContractBtn-BDI-content\")]"}
RESULT: undefined
COMMAND: POST /session/37ca3b759bac6faaed564aba4deb3c32/element - {"using":"xpath","value":"//*[@id=\"__xmlview64--closeColumnBtn-img\"]"}
RESULT: {"using":"xpath","value":"//bdi[contains(@id ,\"closeContractBtn-BDI-content\")]"}
RESULT: {"using":"xpath","value":"//*[@id=\"__xmlview64--closeColumnBtn-img\"]"}
COMMAND: POST /session/37ca3b759bac6faaed564aba4deb3c32/element/f.8D9121E00EF4972596309C37326D000A.d.30A2EF7E180B4E6E6E8AA449283B530F.e.8173/click - {}
RESULT: {}
COMMAND: GET /session/37ca3b759bac6faaed564aba4deb3c32/screenshot - {}
RESULT: {}
COMMAND: POST /session/37ca3b759bac6faaed564aba4deb3c32/refresh - {}
RESULT: {}
COMMAND: GET /session/37ca3b759bac6faaed564aba4deb3c32/screenshot - {}
RESULT: {}
RESULT: undefined
RESULT: undefined
COMMAND: POST /session/37ca3b759bac6faaed564aba4deb3c32/execute/async - {"script":"<script> [189 bytes]","args":[]}
RESULT: {"script":"<script> [189 bytes]","args":[]}
COMMAND: POST /session/37ca3b759bac6faaed564aba4deb3c32/execute/async - {"script":"<script> [123 bytes]","args":[]}
RESULT: {"script":"<script> [123 bytes]","args":[]}
COMMAND: POST /session/37ca3b759bac6faaed564aba4deb3c32/timeouts - {"script":"<number>"}
RESULT: {"script":"<number>"}
COMMAND: GET /session/37ca3b759bac6faaed564aba4deb3c32/timeouts - {}
RESULT: {}
RESULT: undefined
COMMAND: POST /session/37ca3b759bac6faaed564aba4deb3c32/execute/async - {"script":"<script> [2676 bytes]","args":[]}
RESULT: {"script":"<script> [2676 bytes]","args":[]}
COMMAND: POST /session/37ca3b759bac6faaed564aba4deb3c32/execute/async - {"script":"<script> [2342 bytes]","args":[{"protocol":"http","hostname":"0.0.0.0","path":"/","capabilities":{"browserName":"chrome","goog:chromeOptions":{"binary":"C:\\Program Files\\Google\\Chrome\\Application\\chrome.exe","args":["--start-maximized"]}},"logLevel":"warn","connectionRetryTimeout":120000,"connectionRetryCount":3,"logLevels":{},"enableDirectConnect":true,"strictSSL":true,"_":"65 more keys: [\"cacheDir\",\"port\",\"requestedCapabilities\",\"automationProtocol\",\"baseUrl\",\"waitforInterval\",\"waitforTimeout\",\"onReload\",\"beforeCommand\",\"afterCommand\",\"rootDir\",\"specs\",\"suites\",\"exclude\",\"groupLogsByTestSpec\",\"excludeDriverLogs\",\"bail\",\"framework\",\"reporters\",\"services\",\"maxInstances\",\"maxInstancesPerCapability\",\"injectGlobals\",\"filesToWatch\",\"execArgv\",\"runnerEnv\",\"runner\",\"shard\",\"specFileRetries\",\"specFileRetriesDelay\",\"specFileRetriesDeferred\",\"reporterSyncInterval\",\"reporterSyncTimeout\",\"cucumberFeaturesWithLineNumbers\",\"autoCompileOpts\",\"mochaOpts\",\"jasmineOpts\",\"cucumberOpts\",\"onPrepare\",\"onWorkerStart\",\"onWorkerEnd\",\"before\",\"beforeSession\",\"beforeSuite\",\"beforeHook\",\"beforeTest\",\"afterTest\",\"afterHook\",\"afterSuite\",\"afterSession\",\"after\",\"onComplete\",\"beforeAssertion\",\"afterAssertion\",\"beforeFeature\",\"beforeScenario\",\"beforeStep\",\"afterStep\",\"afterScenario\",\"afterFeature\",\"_\",\"suite\",\"$0\",\"ignoredWorkerServices\",\"wdi5\"]"}]}
RESULT: {"script":"<script> [2342 bytes]","args":[{"protocol":"http","hostname":"0.0.0.0","path":"/","capabilities":{"browserName":"chrome","goog:chromeOptions":{"binary":"C:\\Program Files\\Google\\Chrome\\Application\\chrome.exe","args":["--start-maximized"]}},"logLevel":"warn","connectionRetryTimeout":120000,"connectionRetryCount":3,"logLevels":{},"enableDirectConnect":true,"strictSSL":true,"_":"65 more keys: [\"cacheDir\",\"port\",\"requestedCapabilities\",\"automationProtocol\",\"baseUrl\",\"waitforInterval\",\"waitforTimeout\",\"onReload\",\"beforeCommand\",\"afterCommand\",\"rootDir\",\"specs\",\"suites\",\"exclude\",\"groupLogsByTestSpec\",\"excludeDriverLogs\",\"bail\",\"framework\",\"reporters\",\"services\",\"maxInstances\",\"maxInstancesPerCapability\",\"injectGlobals\",\"filesToWatch\",\"execArgv\",\"runnerEnv\",\"runner\",\"shard\",\"specFileRetries\",\"specFileRetriesDelay\",\"specFileRetriesDeferred\",\"reporterSyncInterval\",\"reporterSyncTimeout\",\"cucumberFeaturesWithLineNumbers\",\"autoCompileOpts\",\"mochaOpts\",\"jasmineOpts\",\"cucumberOpts\",\"onPrepare\",\"onWorkerStart\",\"onWorkerEnd\",\"before\",\"beforeSession\",\"beforeSuite\",\"beforeHook\",\"beforeTest\",\"afterTest\",\"afterHook\",\"afterSuite\",\"afterSession\",\"after\",\"onComplete\",\"beforeAssertion\",\"afterAssertion\",\"beforeFeature\",\"beforeScenario\",\"beforeStep\",\"afterStep\",\"afterScenario\",\"afterFeature\",\"_\",\"suite\",\"$0\",\"ignoredWorkerServices\",\"wdi5\"]"}]}
COMMAND: POST /session/37ca3b759bac6faaed564aba4deb3c32/execute/async - {"script":"<script> [21126 bytes]","args":[35000]}
RESULT: {"script":"<script> [21126 bytes]","args":[35000]}
COMMAND: POST /session/37ca3b759bac6faaed564aba4deb3c32/execute/async - {"script":"<script> [1562 bytes]","args":[{"selector":{"controlType":"sap.ui.core.Icon","viewName":"etm.portal.ui.managecontracts.view.Master","properties":{"src":{"regex":{"source":"slim\\-arrow\\-down"}}},"ancestor":{"id":"smartContractStatusFilter","viewName":"etm.portal.ui.managecontracts.view.Master"}},"wdio_ui5_key":"etmportal.ui.managecontracts.view.Mastersap.ui.core.Icon{\"src\":{\"regex\":{\"source\":\"slim\\\\-arrow\\\\-down\"}}}{\"id\":\"smartContractStatusFilter\",\"viewName\":\"etm.portal.ui.managecontracts.view.Master\"}"}]}
RESULT: {"script":"<script> [1562 bytes]","args":[{"selector":{"controlType":"sap.ui.core.Icon","viewName":"etm.portal.ui.managecontracts.view.Master","properties":{"src":{"regex":{"source":"slim\\-arrow\\-down"}}},"ancestor":{"id":"smartContractStatusFilter","viewName":"etm.portal.ui.managecontracts.view.Master"}},"wdio_ui5_key":"etmportal.ui.managecontracts.view.Mastersap.ui.core.Icon{\"src\":{\"regex\":{\"source\":\"slim\\\\-arrow\\\\-down\"}}}{\"id\":\"smartContractStatusFilter\",\"viewName\":\"etm.portal.ui.managecontracts.view.Master\"}"}]}
RESULT: undefined
COMMAND: POST /session/37ca3b759bac6faaed564aba4deb3c32/element - {"using":"xpath","value":"//*[@id=\"__xmlview0--smartContractStatusFilter-arrow\"]"}
RESULT: {"using":"xpath","value":"//*[@id=\"__xmlview0--smartContractStatusFilter-arrow\"]"}
COMMAND: POST /session/37ca3b759bac6faaed564aba4deb3c32/element/f.8D9121E00EF4972596309C37326D000A.d.ED100E87FF9ACAC54A197F060D761B8D.e.8674/click - {}
RESULT: {}
COMMAND: GET /session/37ca3b759bac6faaed564aba4deb3c32/screenshot - {}
RESULT: {}
COMMAND: POST /session/37ca3b759bac6faaed564aba4deb3c32/execute/async - {"script":"<script> [1562 bytes]","args":[{"selector":{"controlType":"sap.m.CheckBox","viewName":"etm.portal.ui.managecontracts.view.Master","properties":{"editable":true},"searchOpenDialogs":true,"ancestor":{"controlType":"sap.m.StandardListItem","viewName":"etm.portal.ui.managecontracts.view.Master","properties":{"title":"partial billed"},"searchOpenDialogs":true},"interaction":{"idSuffix":"CbBg"}},"wdio_ui5_key":"etmportal.ui.managecontracts.view.Mastersap.m.CheckBox{\"editable\":true}{\"controlType\":\"sap.m.StandardListItem\",\"viewName\":\"etm.portal.ui.managecontracts.view.Master\",\"properties\":{\"title\":\"partial billed\"},\"searchOpenDialogs\":true}"}]}
RESULT: {"script":"<script> [1562 bytes]","args":[{"selector":{"controlType":"sap.m.CheckBox","viewName":"etm.portal.ui.managecontracts.view.Master","properties":{"editable":true},"searchOpenDialogs":true,"ancestor":{"controlType":"sap.m.StandardListItem","viewName":"etm.portal.ui.managecontracts.view.Master","properties":{"title":"partial billed"},"searchOpenDialogs":true},"interaction":{"idSuffix":"CbBg"}},"wdio_ui5_key":"etmportal.ui.managecontracts.view.Mastersap.m.CheckBox{\"editable\":true}{\"controlType\":\"sap.m.StandardListItem\",\"viewName\":\"etm.portal.ui.managecontracts.view.Master\",\"properties\":{\"title\":\"partial billed\"},\"searchOpenDialogs\":true}"}]}
RESULT: undefined
COMMAND: POST /session/37ca3b759bac6faaed564aba4deb3c32/element - {"using":"xpath","value":"//*[@id=\"__item41-selectMulti\"]"}
RESULT: {"using":"xpath","value":"//*[@id=\"__item41-selectMulti\"]"}
COMMAND: POST /session/37ca3b759bac6faaed564aba4deb3c32/element/f.8D9121E00EF4972596309C37326D000A.d.ED100E87FF9ACAC54A197F060D761B8D.e.8684/click - {}
RESULT: {}
COMMAND: GET /session/37ca3b759bac6faaed564aba4deb3c32/screenshot - {}
RESULT: {}
COMMAND: POST /session/37ca3b759bac6faaed564aba4deb3c32/element - {"using":"xpath","value":"(//span[contains(@title ,\"Navigation\")])[2]"}
RESULT: {"using":"xpath","value":"(//span[contains(@title ,\"Navigation\")])[2]"}
COMMAND: POST /session/37ca3b759bac6faaed564aba4deb3c32/element/f.8D9121E00EF4972596309C37326D000A.d.ED100E87FF9ACAC54A197F060D761B8D.e.8721/click - {}
RESULT: {}
COMMAND: GET /session/37ca3b759bac6faaed564aba4deb3c32/screenshot - {}
RESULT: {}
COMMAND: POST /session/37ca3b759bac6faaed564aba4deb3c32/element - {"using":"xpath","value":"//bdi[contains(@id ,\"closeContractBtn-BDI-content\")]"}
COMMAND: POST /session/37ca3b759bac6faaed564aba4deb3c32/element - {"using":"css selector","value":"#shell-header-logo"}
RESULT: {"using":"xpath","value":"//bdi[contains(@id ,\"closeContractBtn-BDI-content\")]"}
RESULT: {"using":"css selector","value":"#shell-header-logo"}
COMMAND: POST /session/37ca3b759bac6faaed564aba4deb3c32/element/f.8D9121E00EF4972596309C37326D000A.d.ED100E87FF9ACAC54A197F060D761B8D.e.8650/click - {}
RESULT: {}
COMMAND: GET /session/37ca3b759bac6faaed564aba4deb3c32/screenshot - {}
RESULT: {}
]]></system-out>
    </testcase>
  </testsuite>
  <testsuite timestamp="2025-04-23T07:00:59" time="58.186" tests="1" failures="0" errors="0" skipped="0">
    <properties>
      <property name="specId" value="0"/>
      <property name="suiteName" value="Standard contract decline US151279"/>
      <property name="capabilities" value="chrome.135_0_7049_42.windows"/>
      <property name="file" value="file:///D:/a/1/s/test/specs/R2C/standard-contract-decline.spec.js"/>
    </properties>
    <testcase classname="chrome.135_0_7049_42.windows.Standard_contract_decline_US151279" name="Should decline a contract" time="54.869">
      <system-out><![CDATA[
COMMAND: POST /session/37ca3b759bac6faaed564aba4deb3c32/execute/async - {"script":"<script> [1562 bytes]","args":[{"selector":{"controlType":"sap.m.GenericTile","properties":{"header":"Manage Contracts"}},"wdio_ui5_key":"sapm.GenericTile{\"header\":\"Manage Contracts\"}"}]}
RESULT: {"script":"<script> [1562 bytes]","args":[{"selector":{"controlType":"sap.m.GenericTile","properties":{"header":"Manage Contracts"}},"wdio_ui5_key":"sapm.GenericTile{\"header\":\"Manage Contracts\"}"}]}
RESULT: undefined
COMMAND: POST /session/37ca3b759bac6faaed564aba4deb3c32/element - {"using":"xpath","value":"//*[@id=\"__tile130\"]"}
RESULT: {"using":"xpath","value":"//*[@id=\"__tile130\"]"}
COMMAND: POST /session/37ca3b759bac6faaed564aba4deb3c32/element/f.8D9121E00EF4972596309C37326D000A.d.ED100E87FF9ACAC54A197F060D761B8D.e.9059/click - {}
RESULT: {}
COMMAND: GET /session/37ca3b759bac6faaed564aba4deb3c32/screenshot - {}
COMMAND: POST /session/37ca3b759bac6faaed564aba4deb3c32/element - {"using":"xpath","value":"//input[contains(@id ,\"smartContractFilterBar-btnBasicSearch-I\")]"}
RESULT: undefined
RESULT: undefined
RESULT: {}
RESULT: {"using":"xpath","value":"//input[contains(@id ,\"smartContractFilterBar-btnBasicSearch-I\")]"}
COMMAND: POST /session/37ca3b759bac6faaed564aba4deb3c32/element/f.8D9121E00EF4972596309C37326D000A.d.ED100E87FF9ACAC54A197F060D761B8D.e.9072/clear - {}
RESULT: {}
COMMAND: POST /session/37ca3b759bac6faaed564aba4deb3c32/element/f.8D9121E00EF4972596309C37326D000A.d.ED100E87FF9ACAC54A197F060D761B8D.e.9072/value - {"text":"10583"}
COMMAND: GET /session/37ca3b759bac6faaed564aba4deb3c32/screenshot - {}
RESULT: {"text":"10583"}
COMMAND: POST /session/37ca3b759bac6faaed564aba4deb3c32/actions - {"actions":[{"id":"action43","type":"key","parameters":{},"actions":[{"type":"keyDown","value":""},{"type":"pause","duration":10},{"type":"keyUp","value":""}]}]}
COMMAND: GET /session/37ca3b759bac6faaed564aba4deb3c32/screenshot - {}
RESULT: {}
RESULT: {"actions":[{"id":"action43","type":"key","parameters":{},"actions":[{"type":"keyDown","value":""},{"type":"pause","duration":10},{"type":"keyUp","value":""}]}]}
COMMAND: GET /session/37ca3b759bac6faaed564aba4deb3c32/screenshot - {}
RESULT: {}
RESULT: {}
COMMAND: POST /session/37ca3b759bac6faaed564aba4deb3c32/execute/async - {"script":"<script> [1562 bytes]","args":[{"selector":{"controlType":"sap.ui.core.Icon","viewName":"etm.portal.ui.managecontracts.view.Master","properties":{"src":{"regex":{"source":"slim\\-arrow\\-right"}}}},"wdio_ui5_key":"etmportal.ui.managecontracts.view.Mastersap.ui.core.Icon{\"src\":{\"regex\":{\"source\":\"slim\\\\-arrow\\\\-right\"}}}"}]}
RESULT: {"script":"<script> [1562 bytes]","args":[{"selector":{"controlType":"sap.ui.core.Icon","viewName":"etm.portal.ui.managecontracts.view.Master","properties":{"src":{"regex":{"source":"slim\\-arrow\\-right"}}}},"wdio_ui5_key":"etmportal.ui.managecontracts.view.Mastersap.ui.core.Icon{\"src\":{\"regex\":{\"source\":\"slim\\\\-arrow\\\\-right\"}}}"}]}
RESULT: undefined
COMMAND: POST /session/37ca3b759bac6faaed564aba4deb3c32/element - {"using":"xpath","value":"//*[@id=\"__item80-__clone235-imgNav\"]"}
RESULT: {"using":"xpath","value":"//*[@id=\"__item80-__clone235-imgNav\"]"}
COMMAND: POST /session/37ca3b759bac6faaed564aba4deb3c32/element/f.8D9121E00EF4972596309C37326D000A.d.ED100E87FF9ACAC54A197F060D761B8D.e.9170/click - {}
RESULT: {}
COMMAND: GET /session/37ca3b759bac6faaed564aba4deb3c32/screenshot - {}
RESULT: {}
COMMAND: POST /session/37ca3b759bac6faaed564aba4deb3c32/execute/async - {"script":"<script> [1562 bytes]","args":[{"selector":{"id":"cancelContractBtn","viewName":"etm.portal.ui.managecontracts.view.Detail","interaction":{"idSuffix":"BDI-content"}},"wdio_ui5_key":"cancelContractBtnetmportal.ui.managecontracts.view.Detail"}]}
RESULT: {"script":"<script> [1562 bytes]","args":[{"selector":{"id":"cancelContractBtn","viewName":"etm.portal.ui.managecontracts.view.Detail","interaction":{"idSuffix":"BDI-content"}},"wdio_ui5_key":"cancelContractBtnetmportal.ui.managecontracts.view.Detail"}]}
RESULT: undefined
COMMAND: POST /session/37ca3b759bac6faaed564aba4deb3c32/element - {"using":"xpath","value":"//*[@id=\"__xmlview61--cancelContractBtn\"]"}
RESULT: {"using":"xpath","value":"//*[@id=\"__xmlview61--cancelContractBtn\"]"}
COMMAND: POST /session/37ca3b759bac6faaed564aba4deb3c32/element/f.8D9121E00EF4972596309C37326D000A.d.ED100E87FF9ACAC54A197F060D761B8D.e.9297/click - {}
RESULT: {}
COMMAND: GET /session/37ca3b759bac6faaed564aba4deb3c32/screenshot - {}
RESULT: {}
COMMAND: POST /session/37ca3b759bac6faaed564aba4deb3c32/execute/async - {"script":"<script> [1562 bytes]","args":[{"selector":{"controlType":"sap.m.Text","properties":{"text":"Do you want to cancel the whole contract?"},"searchOpenDialogs":true},"wdio_ui5_key":"sapm.Text{\"text\":\"Do you want to cancel the whole contract?\"}"}]}
RESULT: {"script":"<script> [1562 bytes]","args":[{"selector":{"controlType":"sap.m.Text","properties":{"text":"Do you want to cancel the whole contract?"},"searchOpenDialogs":true},"wdio_ui5_key":"sapm.Text{\"text\":\"Do you want to cancel the whole contract?\"}"}]}
RESULT: undefined
COMMAND: POST /session/37ca3b759bac6faaed564aba4deb3c32/execute/async - {"script":"<script> [6424 bytes]","args":[{"element-6066-11e4-a52e-4f735466cecf":"f.8D9121E00EF4972596309C37326D000A.d.ED100E87FF9ACAC54A197F060D761B8D.e.9301"},"getText",[]]}
RESULT: {"script":"<script> [6424 bytes]","args":[{"element-6066-11e4-a52e-4f735466cecf":"f.8D9121E00EF4972596309C37326D000A.d.ED100E87FF9ACAC54A197F060D761B8D.e.9301"},"getText",[]]}
COMMAND: POST /session/37ca3b759bac6faaed564aba4deb3c32/element - {"using":"xpath","value":"//bdi[contains(text(), \"OK\")]"}
RESULT: {"using":"xpath","value":"//bdi[contains(text(), \"OK\")]"}
COMMAND: POST /session/37ca3b759bac6faaed564aba4deb3c32/element/f.8D9121E00EF4972596309C37326D000A.d.ED100E87FF9ACAC54A197F060D761B8D.e.9302/click - {}
RESULT: {}
COMMAND: GET /session/37ca3b759bac6faaed564aba4deb3c32/screenshot - {}
RESULT: {}
COMMAND: POST /session/37ca3b759bac6faaed564aba4deb3c32/element - {"using":"xpath","value":"//input[contains(@id ,\"smartContractFilterBar-btnBasicSearch-I\")]"}
RESULT: {"using":"xpath","value":"//input[contains(@id ,\"smartContractFilterBar-btnBasicSearch-I\")]"}
COMMAND: POST /session/37ca3b759bac6faaed564aba4deb3c32/element/f.8D9121E00EF4972596309C37326D000A.d.ED100E87FF9ACAC54A197F060D761B8D.e.9072/clear - {}
RESULT: {}
COMMAND: POST /session/37ca3b759bac6faaed564aba4deb3c32/element/f.8D9121E00EF4972596309C37326D000A.d.ED100E87FF9ACAC54A197F060D761B8D.e.9072/value - {"text":"10583"}
COMMAND: GET /session/37ca3b759bac6faaed564aba4deb3c32/screenshot - {}
RESULT: {"text":"10583"}
COMMAND: POST /session/37ca3b759bac6faaed564aba4deb3c32/actions - {"actions":[{"id":"action44","type":"key","parameters":{},"actions":[{"type":"keyDown","value":""},{"type":"pause","duration":10},{"type":"keyUp","value":""}]}]}
COMMAND: GET /session/37ca3b759bac6faaed564aba4deb3c32/screenshot - {}
RESULT: {}
RESULT: {"actions":[{"id":"action44","type":"key","parameters":{},"actions":[{"type":"keyDown","value":""},{"type":"pause","duration":10},{"type":"keyUp","value":""}]}]}
COMMAND: GET /session/37ca3b759bac6faaed564aba4deb3c32/screenshot - {}
RESULT: {}
RESULT: {}
COMMAND: POST /session/37ca3b759bac6faaed564aba4deb3c32/execute/async - {"script":"<script> [1562 bytes]","args":[{"selector":{"controlType":"sap.m.ObjectStatus","viewName":"etm.portal.ui.managecontracts.view.Master","bindingPath":{"path":"/SmartContractHeaders('10583')","propertyPath":"STATUS_DESCRIPTION"}},"wdio_ui5_key":"etmportal.ui.managecontracts.view.Mastersap.m.ObjectStatus{\"path\":\"/SmartContractHeaders('10583')\",\"propertyPath\":\"STATUS_DESCRIPTION\"}"}]}
RESULT: {"script":"<script> [1562 bytes]","args":[{"selector":{"controlType":"sap.m.ObjectStatus","viewName":"etm.portal.ui.managecontracts.view.Master","bindingPath":{"path":"/SmartContractHeaders('10583')","propertyPath":"STATUS_DESCRIPTION"}},"wdio_ui5_key":"etmportal.ui.managecontracts.view.Mastersap.m.ObjectStatus{\"path\":\"/SmartContractHeaders('10583')\",\"propertyPath\":\"STATUS_DESCRIPTION\"}"}]}
RESULT: undefined
COMMAND: POST /session/37ca3b759bac6faaed564aba4deb3c32/execute/async - {"script":"<script> [6424 bytes]","args":[{"element-6066-11e4-a52e-4f735466cecf":"f.8D9121E00EF4972596309C37326D000A.d.ED100E87FF9ACAC54A197F060D761B8D.e.9357"},"getText",[]]}
RESULT: {"script":"<script> [6424 bytes]","args":[{"element-6066-11e4-a52e-4f735466cecf":"f.8D9121E00EF4972596309C37326D000A.d.ED100E87FF9ACAC54A197F060D761B8D.e.9357"},"getText",[]]}
RESULT: undefined
COMMAND: POST /session/37ca3b759bac6faaed564aba4deb3c32/element - {"using":"xpath","value":"//*[@id=\"__item80-__clone235-imgNav\"]"}
RESULT: {"using":"xpath","value":"//*[@id=\"__item80-__clone235-imgNav\"]"}
COMMAND: POST /session/37ca3b759bac6faaed564aba4deb3c32/element/f.8D9121E00EF4972596309C37326D000A.d.ED100E87FF9ACAC54A197F060D761B8D.e.9170/click - {}
RESULT: {}
COMMAND: GET /session/37ca3b759bac6faaed564aba4deb3c32/screenshot - {}
RESULT: {}
COMMAND: POST /session/37ca3b759bac6faaed564aba4deb3c32/execute/async - {"script":"<script> [1562 bytes]","args":[{"selector":{"controlType":"sap.m.ObjectStatus","viewName":"etm.portal.ui.managecontracts.view.Detail","bindingPath":{"path":"/SmartContractItems(CONTRACT='10583',ITEM=10m,SUB_ITEM=0m)","propertyPath":"STATUS"}},"wdio_ui5_key":"etmportal.ui.managecontracts.view.Detailsap.m.ObjectStatus{\"path\":\"/SmartContractItems(CONTRACT='10583',ITEM=10m,SUB_ITEM=0m)\",\"propertyPath\":\"STATUS\"}"}]}
RESULT: {"script":"<script> [1562 bytes]","args":[{"selector":{"controlType":"sap.m.ObjectStatus","viewName":"etm.portal.ui.managecontracts.view.Detail","bindingPath":{"path":"/SmartContractItems(CONTRACT='10583',ITEM=10m,SUB_ITEM=0m)","propertyPath":"STATUS"}},"wdio_ui5_key":"etmportal.ui.managecontracts.view.Detailsap.m.ObjectStatus{\"path\":\"/SmartContractItems(CONTRACT='10583',ITEM=10m,SUB_ITEM=0m)\",\"propertyPath\":\"STATUS\"}"}]}
RESULT: undefined
COMMAND: POST /session/37ca3b759bac6faaed564aba4deb3c32/execute/async - {"script":"<script> [6424 bytes]","args":[{"element-6066-11e4-a52e-4f735466cecf":"f.8D9121E00EF4972596309C37326D000A.d.ED100E87FF9ACAC54A197F060D761B8D.e.9385"},"getText",[]]}
RESULT: {"script":"<script> [6424 bytes]","args":[{"element-6066-11e4-a52e-4f735466cecf":"f.8D9121E00EF4972596309C37326D000A.d.ED100E87FF9ACAC54A197F060D761B8D.e.9385"},"getText",[]]}
COMMAND: POST /session/37ca3b759bac6faaed564aba4deb3c32/element - {"using":"css selector","value":"#shell-header-logo"}
RESULT: {"using":"css selector","value":"#shell-header-logo"}
COMMAND: POST /session/37ca3b759bac6faaed564aba4deb3c32/element/f.8D9121E00EF4972596309C37326D000A.d.ED100E87FF9ACAC54A197F060D761B8D.e.9061/click - {}
RESULT: {}
COMMAND: GET /session/37ca3b759bac6faaed564aba4deb3c32/screenshot - {}
RESULT: {}
]]></system-out>
    </testcase>
  </testsuite>
  <testsuite timestamp="2025-04-23T07:01:58" time="140.226" tests="2" failures="0" errors="0" skipped="0">
    <properties>
      <property name="specId" value="0"/>
      <property name="suiteName" value="Insert service into a contract US152956"/>
      <property name="capabilities" value="chrome.135_0_7049_42.windows"/>
      <property name="file" value="file:///D:/a/1/s/test/specs/R2C/insert-service-into-a-contract.spec.js"/>
    </properties>
    <testcase classname="chrome.135_0_7049_42.windows.Insert_service_into_a_contract_US152956" name="Should create a new contract" time="0.007">
      <system-out><![CDATA[
COMMAND: POST /session/37ca3b759bac6faaed564aba4deb3c32/execute/async - {"script":"<script> [1562 bytes]","args":[{"selector":{"controlType":"sap.m.Text","viewName":"etm.portal.ui.managecontractstile.view.Master","properties":{"text":"Manage Contracts"},"interaction":{"idSuffix":"inner"}},"wdio_ui5_key":"etmportal.ui.managecontractstile.view.Mastersap.m.Text{\"text\":\"Manage Contracts\"}"}]}
]]></system-out>
    </testcase>
    <testcase classname="chrome.135_0_7049_42.windows.Insert_service_into_a_contract_US152956" name="Should add a service unit and a service group to the contract" time="136.368">
      <system-out><![CDATA[
RESULT: {"script":"<script> [1562 bytes]","args":[{"selector":{"controlType":"sap.m.Text","viewName":"etm.portal.ui.managecontractstile.view.Master","properties":{"text":"Manage Contracts"},"interaction":{"idSuffix":"inner"}},"wdio_ui5_key":"etmportal.ui.managecontractstile.view.Mastersap.m.Text{\"text\":\"Manage Contracts\"}"}]}
RESULT: undefined
COMMAND: POST /session/37ca3b759bac6faaed564aba4deb3c32/element - {"using":"xpath","value":"//*[@id=\"__tile130-title\"]"}
RESULT: {"using":"xpath","value":"//*[@id=\"__tile130-title\"]"}
COMMAND: POST /session/37ca3b759bac6faaed564aba4deb3c32/element/f.8D9121E00EF4972596309C37326D000A.d.ED100E87FF9ACAC54A197F060D761B8D.e.9389/click - {}
RESULT: {}
COMMAND: GET /session/37ca3b759bac6faaed564aba4deb3c32/screenshot - {}
COMMAND: POST /session/37ca3b759bac6faaed564aba4deb3c32/element - {"using":"xpath","value":"//button[@data-kt=\"contractDetailEditBtnButton\"]"}
RESULT: {}
RESULT: {"using":"xpath","value":"//button[@data-kt=\"contractDetailEditBtnButton\"]"}
COMMAND: POST /session/37ca3b759bac6faaed564aba4deb3c32/elements - {"using":"xpath","value":"//button[@data-kt=\"contractDetailEditBtnButton\"]"}
RESULT: {"using":"xpath","value":"//button[@data-kt=\"contractDetailEditBtnButton\"]"}
RESULT: undefined
COMMAND: POST /session/37ca3b759bac6faaed564aba4deb3c32/elements - {"using":"xpath","value":"//button[@data-kt=\"contractDetailEditBtnButton\"]"}
COMMAND: POST /session/37ca3b759bac6faaed564aba4deb3c32/element - {"using":"xpath","value":"//button[@data-kt=\"addButton\"]"}
RESULT: {"using":"xpath","value":"//button[@data-kt=\"contractDetailEditBtnButton\"]"}
COMMAND: POST /session/37ca3b759bac6faaed564aba4deb3c32/elements - {"using":"xpath","value":"//button[@data-kt=\"contractDetailEditBtnButton\"]"}
RESULT: {"using":"xpath","value":"//button[@data-kt=\"addButton\"]"}
COMMAND: POST /session/37ca3b759bac6faaed564aba4deb3c32/element/f.8D9121E00EF4972596309C37326D000A.d.ED100E87FF9ACAC54A197F060D761B8D.e.9431/click - {}
RESULT: {"using":"xpath","value":"//button[@data-kt=\"contractDetailEditBtnButton\"]"}
COMMAND: POST /session/37ca3b759bac6faaed564aba4deb3c32/elements - {"using":"xpath","value":"//button[@data-kt=\"contractDetailEditBtnButton\"]"}
RESULT: {}
COMMAND: GET /session/37ca3b759bac6faaed564aba4deb3c32/screenshot - {}
RESULT: {"using":"xpath","value":"//button[@data-kt=\"contractDetailEditBtnButton\"]"}
COMMAND: POST /session/37ca3b759bac6faaed564aba4deb3c32/elements - {"using":"xpath","value":"//button[@data-kt=\"contractDetailEditBtnButton\"]"}
RESULT: {}
RESULT: {"using":"xpath","value":"//button[@data-kt=\"contractDetailEditBtnButton\"]"}
COMMAND: POST /session/37ca3b759bac6faaed564aba4deb3c32/elements - {"using":"xpath","value":"//button[@data-kt=\"contractDetailEditBtnButton\"]"}
RESULT: {"using":"xpath","value":"//button[@data-kt=\"contractDetailEditBtnButton\"]"}
COMMAND: POST /session/37ca3b759bac6faaed564aba4deb3c32/elements - {"using":"xpath","value":"//button[@data-kt=\"contractDetailEditBtnButton\"]"}
RESULT: {"using":"xpath","value":"//button[@data-kt=\"contractDetailEditBtnButton\"]"}
COMMAND: POST /session/37ca3b759bac6faaed564aba4deb3c32/elements - {"using":"xpath","value":"//button[@data-kt=\"contractDetailEditBtnButton\"]"}
RESULT: {"using":"xpath","value":"//button[@data-kt=\"contractDetailEditBtnButton\"]"}
COMMAND: POST /session/37ca3b759bac6faaed564aba4deb3c32/elements - {"using":"xpath","value":"//button[@data-kt=\"contractDetailEditBtnButton\"]"}
RESULT: {"using":"xpath","value":"//button[@data-kt=\"contractDetailEditBtnButton\"]"}
COMMAND: POST /session/37ca3b759bac6faaed564aba4deb3c32/elements - {"using":"xpath","value":"//button[@data-kt=\"contractDetailEditBtnButton\"]"}
RESULT: {"using":"xpath","value":"//button[@data-kt=\"contractDetailEditBtnButton\"]"}
COMMAND: POST /session/37ca3b759bac6faaed564aba4deb3c32/elements - {"using":"xpath","value":"//button[@data-kt=\"contractDetailEditBtnButton\"]"}
RESULT: {"using":"xpath","value":"//button[@data-kt=\"contractDetailEditBtnButton\"]"}
COMMAND: POST /session/37ca3b759bac6faaed564aba4deb3c32/elements - {"using":"xpath","value":"//button[@data-kt=\"contractDetailEditBtnButton\"]"}
RESULT: {"using":"xpath","value":"//button[@data-kt=\"contractDetailEditBtnButton\"]"}
COMMAND: POST /session/37ca3b759bac6faaed564aba4deb3c32/elements - {"using":"xpath","value":"//button[@data-kt=\"contractDetailEditBtnButton\"]"}
RESULT: {"using":"xpath","value":"//button[@data-kt=\"contractDetailEditBtnButton\"]"}
COMMAND: POST /session/37ca3b759bac6faaed564aba4deb3c32/elements - {"using":"xpath","value":"//button[@data-kt=\"contractDetailEditBtnButton\"]"}
RESULT: {"using":"xpath","value":"//button[@data-kt=\"contractDetailEditBtnButton\"]"}
COMMAND: POST /session/37ca3b759bac6faaed564aba4deb3c32/elements - {"using":"xpath","value":"//button[@data-kt=\"contractDetailEditBtnButton\"]"}
RESULT: {"using":"xpath","value":"//button[@data-kt=\"contractDetailEditBtnButton\"]"}
COMMAND: POST /session/37ca3b759bac6faaed564aba4deb3c32/elements - {"using":"xpath","value":"//button[@data-kt=\"contractDetailEditBtnButton\"]"}
RESULT: {"using":"xpath","value":"//button[@data-kt=\"contractDetailEditBtnButton\"]"}
COMMAND: POST /session/37ca3b759bac6faaed564aba4deb3c32/elements - {"using":"xpath","value":"//button[@data-kt=\"contractDetailEditBtnButton\"]"}
RESULT: {"using":"xpath","value":"//button[@data-kt=\"contractDetailEditBtnButton\"]"}
COMMAND: POST /session/37ca3b759bac6faaed564aba4deb3c32/elements - {"using":"xpath","value":"//button[@data-kt=\"contractDetailEditBtnButton\"]"}
RESULT: {"using":"xpath","value":"//button[@data-kt=\"contractDetailEditBtnButton\"]"}
COMMAND: POST /session/37ca3b759bac6faaed564aba4deb3c32/elements - {"using":"xpath","value":"//button[@data-kt=\"contractDetailEditBtnButton\"]"}
RESULT: {"using":"xpath","value":"//button[@data-kt=\"contractDetailEditBtnButton\"]"}
COMMAND: POST /session/37ca3b759bac6faaed564aba4deb3c32/elements - {"using":"xpath","value":"//button[@data-kt=\"contractDetailEditBtnButton\"]"}
RESULT: {"using":"xpath","value":"//button[@data-kt=\"contractDetailEditBtnButton\"]"}
COMMAND: POST /session/37ca3b759bac6faaed564aba4deb3c32/elements - {"using":"xpath","value":"//button[@data-kt=\"contractDetailEditBtnButton\"]"}
RESULT: {"using":"xpath","value":"//button[@data-kt=\"contractDetailEditBtnButton\"]"}
COMMAND: POST /session/37ca3b759bac6faaed564aba4deb3c32/elements - {"using":"xpath","value":"//button[@data-kt=\"contractDetailEditBtnButton\"]"}
RESULT: {"using":"xpath","value":"//button[@data-kt=\"contractDetailEditBtnButton\"]"}
COMMAND: POST /session/37ca3b759bac6faaed564aba4deb3c32/elements - {"using":"xpath","value":"//button[@data-kt=\"contractDetailEditBtnButton\"]"}
RESULT: {"using":"xpath","value":"//button[@data-kt=\"contractDetailEditBtnButton\"]"}
COMMAND: POST /session/37ca3b759bac6faaed564aba4deb3c32/elements - {"using":"xpath","value":"//button[@data-kt=\"contractDetailEditBtnButton\"]"}
RESULT: {"using":"xpath","value":"//button[@data-kt=\"contractDetailEditBtnButton\"]"}
COMMAND: POST /session/37ca3b759bac6faaed564aba4deb3c32/elements - {"using":"xpath","value":"//button[@data-kt=\"contractDetailEditBtnButton\"]"}
RESULT: {"using":"xpath","value":"//button[@data-kt=\"contractDetailEditBtnButton\"]"}
COMMAND: POST /session/37ca3b759bac6faaed564aba4deb3c32/elements - {"using":"xpath","value":"//button[@data-kt=\"contractDetailEditBtnButton\"]"}
RESULT: {"using":"xpath","value":"//button[@data-kt=\"contractDetailEditBtnButton\"]"}
COMMAND: POST /session/37ca3b759bac6faaed564aba4deb3c32/elements - {"using":"xpath","value":"//button[@data-kt=\"contractDetailEditBtnButton\"]"}
RESULT: {"using":"xpath","value":"//button[@data-kt=\"contractDetailEditBtnButton\"]"}
COMMAND: POST /session/37ca3b759bac6faaed564aba4deb3c32/elements - {"using":"xpath","value":"//button[@data-kt=\"contractDetailEditBtnButton\"]"}
RESULT: {"using":"xpath","value":"//button[@data-kt=\"contractDetailEditBtnButton\"]"}
COMMAND: POST /session/37ca3b759bac6faaed564aba4deb3c32/elements - {"using":"xpath","value":"//button[@data-kt=\"contractDetailEditBtnButton\"]"}
RESULT: {"using":"xpath","value":"//button[@data-kt=\"contractDetailEditBtnButton\"]"}
COMMAND: POST /session/37ca3b759bac6faaed564aba4deb3c32/elements - {"using":"xpath","value":"//button[@data-kt=\"contractDetailEditBtnButton\"]"}
RESULT: {"using":"xpath","value":"//button[@data-kt=\"contractDetailEditBtnButton\"]"}
COMMAND: POST /session/37ca3b759bac6faaed564aba4deb3c32/elements - {"using":"xpath","value":"//button[@data-kt=\"contractDetailEditBtnButton\"]"}
RESULT: {"using":"xpath","value":"//button[@data-kt=\"contractDetailEditBtnButton\"]"}
COMMAND: POST /session/37ca3b759bac6faaed564aba4deb3c32/elements - {"using":"xpath","value":"//button[@data-kt=\"contractDetailEditBtnButton\"]"}
RESULT: {"using":"xpath","value":"//button[@data-kt=\"contractDetailEditBtnButton\"]"}
COMMAND: POST /session/37ca3b759bac6faaed564aba4deb3c32/elements - {"using":"xpath","value":"//button[@data-kt=\"contractDetailEditBtnButton\"]"}
RESULT: {"using":"xpath","value":"//button[@data-kt=\"contractDetailEditBtnButton\"]"}
COMMAND: POST /session/37ca3b759bac6faaed564aba4deb3c32/elements - {"using":"xpath","value":"//button[@data-kt=\"contractDetailEditBtnButton\"]"}
RESULT: {"using":"xpath","value":"//button[@data-kt=\"contractDetailEditBtnButton\"]"}
COMMAND: POST /session/37ca3b759bac6faaed564aba4deb3c32/elements - {"using":"xpath","value":"//button[@data-kt=\"contractDetailEditBtnButton\"]"}
RESULT: {"using":"xpath","value":"//button[@data-kt=\"contractDetailEditBtnButton\"]"}
COMMAND: POST /session/37ca3b759bac6faaed564aba4deb3c32/elements - {"using":"xpath","value":"//button[@data-kt=\"contractDetailEditBtnButton\"]"}
RESULT: {"using":"xpath","value":"//button[@data-kt=\"contractDetailEditBtnButton\"]"}
COMMAND: POST /session/37ca3b759bac6faaed564aba4deb3c32/elements - {"using":"xpath","value":"//button[@data-kt=\"contractDetailEditBtnButton\"]"}
RESULT: {"using":"xpath","value":"//button[@data-kt=\"contractDetailEditBtnButton\"]"}
COMMAND: POST /session/37ca3b759bac6faaed564aba4deb3c32/elements - {"using":"xpath","value":"//button[@data-kt=\"contractDetailEditBtnButton\"]"}
RESULT: {"using":"xpath","value":"//button[@data-kt=\"contractDetailEditBtnButton\"]"}
COMMAND: POST /session/37ca3b759bac6faaed564aba4deb3c32/elements - {"using":"xpath","value":"//button[@data-kt=\"contractDetailEditBtnButton\"]"}
COMMAND: POST /session/37ca3b759bac6faaed564aba4deb3c32/execute/async - {"script":"<script> [1562 bytes]","args":[{"selector":{"id":"application-managecontracts-display-component---AddNewContract--projectDescription","interaction":{"idSuffix":"inner"}},"wdio_ui5_key":"applicationmanagecontracts-display-component---AddNewContract--projectDescription"}]}
RESULT: {"using":"xpath","value":"//button[@data-kt=\"contractDetailEditBtnButton\"]"}
COMMAND: POST /session/37ca3b759bac6faaed564aba4deb3c32/elements - {"using":"xpath","value":"//button[@data-kt=\"contractDetailEditBtnButton\"]"}
RESULT: {"script":"<script> [1562 bytes]","args":[{"selector":{"id":"application-managecontracts-display-component---AddNewContract--projectDescription","interaction":{"idSuffix":"inner"}},"wdio_ui5_key":"applicationmanagecontracts-display-component---AddNewContract--projectDescription"}]}
RESULT: undefined
COMMAND: POST /session/37ca3b759bac6faaed564aba4deb3c32/execute/async - {"script":"<script> [776 bytes]","args":[{"enterText":"WdIOR2c8qn1xk","selector":{"id":"application-managecontracts-display-component---AddNewContract--projectDescription","interaction":{"idSuffix":"inner"}},"clearTextFirst":true,"interactionType":"ENTER_TEXT"}]}
RESULT: {"using":"xpath","value":"//button[@data-kt=\"contractDetailEditBtnButton\"]"}
COMMAND: POST /session/37ca3b759bac6faaed564aba4deb3c32/elements - {"using":"xpath","value":"//button[@data-kt=\"contractDetailEditBtnButton\"]"}
RESULT: {"script":"<script> [776 bytes]","args":[{"enterText":"WdIOR2c8qn1xk","selector":{"id":"application-managecontracts-display-component---AddNewContract--projectDescription","interaction":{"idSuffix":"inner"}},"clearTextFirst":true,"interactionType":"ENTER_TEXT"}]}
COMMAND: POST /session/37ca3b759bac6faaed564aba4deb3c32/element - {"using":"xpath","value":"//input[@id=\"application-managecontracts-display-component---AddNewContract--yardId-inner\"]"}
RESULT: {"using":"xpath","value":"//button[@data-kt=\"contractDetailEditBtnButton\"]"}
COMMAND: POST /session/37ca3b759bac6faaed564aba4deb3c32/elements - {"using":"xpath","value":"//button[@data-kt=\"contractDetailEditBtnButton\"]"}
RESULT: {"using":"xpath","value":"//input[@id=\"application-managecontracts-display-component---AddNewContract--yardId-inner\"]"}
COMMAND: POST /session/37ca3b759bac6faaed564aba4deb3c32/element/f.8D9121E00EF4972596309C37326D000A.d.ED100E87FF9ACAC54A197F060D761B8D.e.9726/clear - {}
RESULT: {"using":"xpath","value":"//button[@data-kt=\"contractDetailEditBtnButton\"]"}
COMMAND: POST /session/37ca3b759bac6faaed564aba4deb3c32/elements - {"using":"xpath","value":"//button[@data-kt=\"contractDetailEditBtnButton\"]"}
RESULT: {}
COMMAND: POST /session/37ca3b759bac6faaed564aba4deb3c32/element/f.8D9121E00EF4972596309C37326D000A.d.ED100E87FF9ACAC54A197F060D761B8D.e.9726/value - {"text":"WebdriverYardg5c4aj"}
COMMAND: GET /session/37ca3b759bac6faaed564aba4deb3c32/screenshot - {}
RESULT: {"using":"xpath","value":"//button[@data-kt=\"contractDetailEditBtnButton\"]"}
COMMAND: POST /session/37ca3b759bac6faaed564aba4deb3c32/elements - {"using":"xpath","value":"//button[@data-kt=\"contractDetailEditBtnButton\"]"}
RESULT: {"text":"WebdriverYardg5c4aj"}
COMMAND: GET /session/37ca3b759bac6faaed564aba4deb3c32/screenshot - {}
RESULT: {}
RESULT: {"using":"xpath","value":"//button[@data-kt=\"contractDetailEditBtnButton\"]"}
COMMAND: POST /session/37ca3b759bac6faaed564aba4deb3c32/elements - {"using":"xpath","value":"//button[@data-kt=\"contractDetailEditBtnButton\"]"}
RESULT: {}
RESULT: {"using":"xpath","value":"//button[@data-kt=\"contractDetailEditBtnButton\"]"}
COMMAND: POST /session/37ca3b759bac6faaed564aba4deb3c32/elements - {"using":"xpath","value":"//button[@data-kt=\"contractDetailEditBtnButton\"]"}
RESULT: {"using":"xpath","value":"//button[@data-kt=\"contractDetailEditBtnButton\"]"}
COMMAND: POST /session/37ca3b759bac6faaed564aba4deb3c32/elements - {"using":"xpath","value":"//button[@data-kt=\"contractDetailEditBtnButton\"]"}
RESULT: {"using":"xpath","value":"//button[@data-kt=\"contractDetailEditBtnButton\"]"}
COMMAND: POST /session/37ca3b759bac6faaed564aba4deb3c32/elements - {"using":"xpath","value":"//button[@data-kt=\"contractDetailEditBtnButton\"]"}
RESULT: {"using":"xpath","value":"//button[@data-kt=\"contractDetailEditBtnButton\"]"}
COMMAND: POST /session/37ca3b759bac6faaed564aba4deb3c32/elements - {"using":"xpath","value":"//button[@data-kt=\"contractDetailEditBtnButton\"]"}
RESULT: {"using":"xpath","value":"//button[@data-kt=\"contractDetailEditBtnButton\"]"}
COMMAND: POST /session/37ca3b759bac6faaed564aba4deb3c32/elements - {"using":"xpath","value":"//button[@data-kt=\"contractDetailEditBtnButton\"]"}
RESULT: {"using":"xpath","value":"//button[@data-kt=\"contractDetailEditBtnButton\"]"}
COMMAND: POST /session/37ca3b759bac6faaed564aba4deb3c32/elements - {"using":"xpath","value":"//button[@data-kt=\"contractDetailEditBtnButton\"]"}
RESULT: {"using":"xpath","value":"//button[@data-kt=\"contractDetailEditBtnButton\"]"}
COMMAND: POST /session/37ca3b759bac6faaed564aba4deb3c32/elements - {"using":"xpath","value":"//button[@data-kt=\"contractDetailEditBtnButton\"]"}
RESULT: {"using":"xpath","value":"//button[@data-kt=\"contractDetailEditBtnButton\"]"}
COMMAND: POST /session/37ca3b759bac6faaed564aba4deb3c32/elements - {"using":"xpath","value":"//button[@data-kt=\"contractDetailEditBtnButton\"]"}
RESULT: {"using":"xpath","value":"//button[@data-kt=\"contractDetailEditBtnButton\"]"}
COMMAND: POST /session/37ca3b759bac6faaed564aba4deb3c32/elements - {"using":"xpath","value":"//button[@data-kt=\"contractDetailEditBtnButton\"]"}
RESULT: {"using":"xpath","value":"//button[@data-kt=\"contractDetailEditBtnButton\"]"}
COMMAND: POST /session/37ca3b759bac6faaed564aba4deb3c32/elements - {"using":"xpath","value":"//button[@data-kt=\"contractDetailEditBtnButton\"]"}
RESULT: {"using":"xpath","value":"//button[@data-kt=\"contractDetailEditBtnButton\"]"}
COMMAND: POST /session/37ca3b759bac6faaed564aba4deb3c32/elements - {"using":"xpath","value":"//button[@data-kt=\"contractDetailEditBtnButton\"]"}
RESULT: {"using":"xpath","value":"//button[@data-kt=\"contractDetailEditBtnButton\"]"}
COMMAND: POST /session/37ca3b759bac6faaed564aba4deb3c32/elements - {"using":"xpath","value":"//button[@data-kt=\"contractDetailEditBtnButton\"]"}
RESULT: {"using":"xpath","value":"//button[@data-kt=\"contractDetailEditBtnButton\"]"}
COMMAND: POST /session/37ca3b759bac6faaed564aba4deb3c32/elements - {"using":"xpath","value":"//button[@data-kt=\"contractDetailEditBtnButton\"]"}
RESULT: {"using":"xpath","value":"//button[@data-kt=\"contractDetailEditBtnButton\"]"}
COMMAND: POST /session/37ca3b759bac6faaed564aba4deb3c32/elements - {"using":"xpath","value":"//button[@data-kt=\"contractDetailEditBtnButton\"]"}
RESULT: {"using":"xpath","value":"//button[@data-kt=\"contractDetailEditBtnButton\"]"}
COMMAND: POST /session/37ca3b759bac6faaed564aba4deb3c32/elements - {"using":"xpath","value":"//button[@data-kt=\"contractDetailEditBtnButton\"]"}
RESULT: {"using":"xpath","value":"//button[@data-kt=\"contractDetailEditBtnButton\"]"}
COMMAND: POST /session/37ca3b759bac6faaed564aba4deb3c32/elements - {"using":"xpath","value":"//button[@data-kt=\"contractDetailEditBtnButton\"]"}
RESULT: {"using":"xpath","value":"//button[@data-kt=\"contractDetailEditBtnButton\"]"}
COMMAND: POST /session/37ca3b759bac6faaed564aba4deb3c32/elements - {"using":"xpath","value":"//button[@data-kt=\"contractDetailEditBtnButton\"]"}
RESULT: {"using":"xpath","value":"//button[@data-kt=\"contractDetailEditBtnButton\"]"}
COMMAND: POST /session/37ca3b759bac6faaed564aba4deb3c32/elements - {"using":"xpath","value":"//button[@data-kt=\"contractDetailEditBtnButton\"]"}
RESULT: {"using":"xpath","value":"//button[@data-kt=\"contractDetailEditBtnButton\"]"}
COMMAND: POST /session/37ca3b759bac6faaed564aba4deb3c32/elements - {"using":"xpath","value":"//button[@data-kt=\"contractDetailEditBtnButton\"]"}
RESULT: {"using":"xpath","value":"//button[@data-kt=\"contractDetailEditBtnButton\"]"}
COMMAND: POST /session/37ca3b759bac6faaed564aba4deb3c32/elements - {"using":"xpath","value":"//button[@data-kt=\"contractDetailEditBtnButton\"]"}
RESULT: {"using":"xpath","value":"//button[@data-kt=\"contractDetailEditBtnButton\"]"}
COMMAND: POST /session/37ca3b759bac6faaed564aba4deb3c32/elements - {"using":"xpath","value":"//button[@data-kt=\"contractDetailEditBtnButton\"]"}
RESULT: {"using":"xpath","value":"//button[@data-kt=\"contractDetailEditBtnButton\"]"}
COMMAND: POST /session/37ca3b759bac6faaed564aba4deb3c32/elements - {"using":"xpath","value":"//button[@data-kt=\"contractDetailEditBtnButton\"]"}
RESULT: {"using":"xpath","value":"//button[@data-kt=\"contractDetailEditBtnButton\"]"}
COMMAND: POST /session/37ca3b759bac6faaed564aba4deb3c32/elements - {"using":"xpath","value":"//button[@data-kt=\"contractDetailEditBtnButton\"]"}
RESULT: {"using":"xpath","value":"//button[@data-kt=\"contractDetailEditBtnButton\"]"}
COMMAND: POST /session/37ca3b759bac6faaed564aba4deb3c32/elements - {"using":"xpath","value":"//button[@data-kt=\"contractDetailEditBtnButton\"]"}
RESULT: {"using":"xpath","value":"//button[@data-kt=\"contractDetailEditBtnButton\"]"}
COMMAND: POST /session/37ca3b759bac6faaed564aba4deb3c32/elements - {"using":"xpath","value":"//button[@data-kt=\"contractDetailEditBtnButton\"]"}
RESULT: {"using":"xpath","value":"//button[@data-kt=\"contractDetailEditBtnButton\"]"}
COMMAND: POST /session/37ca3b759bac6faaed564aba4deb3c32/actions - {"actions":[{"id":"action45","type":"key","parameters":{},"actions":[{"type":"keyDown","value":""},{"type":"pause","duration":10},{"type":"keyUp","value":""}]}]}
RESULT: {"actions":[{"id":"action45","type":"key","parameters":{},"actions":[{"type":"keyDown","value":""},{"type":"pause","duration":10},{"type":"keyUp","value":""}]}]}
COMMAND: POST /session/37ca3b759bac6faaed564aba4deb3c32/elements - {"using":"xpath","value":"//button[@data-kt=\"contractDetailEditBtnButton\"]"}
COMMAND: GET /session/37ca3b759bac6faaed564aba4deb3c32/screenshot - {}
RESULT: {"using":"xpath","value":"//button[@data-kt=\"contractDetailEditBtnButton\"]"}
RESULT: {}
COMMAND: POST /session/37ca3b759bac6faaed564aba4deb3c32/elements - {"using":"xpath","value":"//button[@data-kt=\"contractDetailEditBtnButton\"]"}
RESULT: {"using":"xpath","value":"//button[@data-kt=\"contractDetailEditBtnButton\"]"}
COMMAND: POST /session/37ca3b759bac6faaed564aba4deb3c32/elements - {"using":"xpath","value":"//button[@data-kt=\"contractDetailEditBtnButton\"]"}
RESULT: {"using":"xpath","value":"//button[@data-kt=\"contractDetailEditBtnButton\"]"}
COMMAND: POST /session/37ca3b759bac6faaed564aba4deb3c32/elements - {"using":"xpath","value":"//button[@data-kt=\"contractDetailEditBtnButton\"]"}
RESULT: {"using":"xpath","value":"//button[@data-kt=\"contractDetailEditBtnButton\"]"}
COMMAND: POST /session/37ca3b759bac6faaed564aba4deb3c32/element - {"using":"xpath","value":"//input[@id=\"application-managecontracts-display-component---AddNewContract--customerSelect-inner\"]"}
COMMAND: POST /session/37ca3b759bac6faaed564aba4deb3c32/elements - {"using":"xpath","value":"//button[@data-kt=\"contractDetailEditBtnButton\"]"}
RESULT: {"using":"xpath","value":"//input[@id=\"application-managecontracts-display-component---AddNewContract--customerSelect-inner\"]"}
COMMAND: POST /session/37ca3b759bac6faaed564aba4deb3c32/element/f.8D9121E00EF4972596309C37326D000A.d.ED100E87FF9ACAC54A197F060D761B8D.e.9724/clear - {}
RESULT: {"using":"xpath","value":"//button[@data-kt=\"contractDetailEditBtnButton\"]"}
COMMAND: POST /session/37ca3b759bac6faaed564aba4deb3c32/elements - {"using":"xpath","value":"//button[@data-kt=\"contractDetailEditBtnButton\"]"}
RESULT: {}
COMMAND: POST /session/37ca3b759bac6faaed564aba4deb3c32/element/f.8D9121E00EF4972596309C37326D000A.d.ED100E87FF9ACAC54A197F060D761B8D.e.9724/value - {"text":"WebdriverPartnerryx8a"}
COMMAND: GET /session/37ca3b759bac6faaed564aba4deb3c32/screenshot - {}
RESULT: {"using":"xpath","value":"//button[@data-kt=\"contractDetailEditBtnButton\"]"}
COMMAND: POST /session/37ca3b759bac6faaed564aba4deb3c32/elements - {"using":"xpath","value":"//button[@data-kt=\"contractDetailEditBtnButton\"]"}
RESULT: {"text":"WebdriverPartnerryx8a"}
COMMAND: GET /session/37ca3b759bac6faaed564aba4deb3c32/screenshot - {}
RESULT: {}
RESULT: {"using":"xpath","value":"//button[@data-kt=\"contractDetailEditBtnButton\"]"}
COMMAND: POST /session/37ca3b759bac6faaed564aba4deb3c32/elements - {"using":"xpath","value":"//button[@data-kt=\"contractDetailEditBtnButton\"]"}
RESULT: {}
RESULT: {"using":"xpath","value":"//button[@data-kt=\"contractDetailEditBtnButton\"]"}
COMMAND: POST /session/37ca3b759bac6faaed564aba4deb3c32/elements - {"using":"xpath","value":"//button[@data-kt=\"contractDetailEditBtnButton\"]"}
RESULT: {"using":"xpath","value":"//button[@data-kt=\"contractDetailEditBtnButton\"]"}
COMMAND: POST /session/37ca3b759bac6faaed564aba4deb3c32/elements - {"using":"xpath","value":"//button[@data-kt=\"contractDetailEditBtnButton\"]"}
RESULT: {"using":"xpath","value":"//button[@data-kt=\"contractDetailEditBtnButton\"]"}
COMMAND: POST /session/37ca3b759bac6faaed564aba4deb3c32/elements - {"using":"xpath","value":"//button[@data-kt=\"contractDetailEditBtnButton\"]"}
RESULT: {"using":"xpath","value":"//button[@data-kt=\"contractDetailEditBtnButton\"]"}
COMMAND: POST /session/37ca3b759bac6faaed564aba4deb3c32/elements - {"using":"xpath","value":"//button[@data-kt=\"contractDetailEditBtnButton\"]"}
RESULT: {"using":"xpath","value":"//button[@data-kt=\"contractDetailEditBtnButton\"]"}
COMMAND: POST /session/37ca3b759bac6faaed564aba4deb3c32/elements - {"using":"xpath","value":"//button[@data-kt=\"contractDetailEditBtnButton\"]"}
RESULT: {"using":"xpath","value":"//button[@data-kt=\"contractDetailEditBtnButton\"]"}
COMMAND: POST /session/37ca3b759bac6faaed564aba4deb3c32/elements - {"using":"xpath","value":"//button[@data-kt=\"contractDetailEditBtnButton\"]"}
RESULT: {"using":"xpath","value":"//button[@data-kt=\"contractDetailEditBtnButton\"]"}
COMMAND: POST /session/37ca3b759bac6faaed564aba4deb3c32/elements - {"using":"xpath","value":"//button[@data-kt=\"contractDetailEditBtnButton\"]"}
RESULT: {"using":"xpath","value":"//button[@data-kt=\"contractDetailEditBtnButton\"]"}
COMMAND: POST /session/37ca3b759bac6faaed564aba4deb3c32/elements - {"using":"xpath","value":"//button[@data-kt=\"contractDetailEditBtnButton\"]"}
RESULT: {"using":"xpath","value":"//button[@data-kt=\"contractDetailEditBtnButton\"]"}
COMMAND: POST /session/37ca3b759bac6faaed564aba4deb3c32/actions - {"actions":[{"id":"action46","type":"key","parameters":{},"actions":[{"type":"keyDown","value":""},{"type":"pause","duration":10},{"type":"keyUp","value":""}]}]}
RESULT: {"actions":[{"id":"action46","type":"key","parameters":{},"actions":[{"type":"keyDown","value":""},{"type":"pause","duration":10},{"type":"keyUp","value":""}]}]}
COMMAND: GET /session/37ca3b759bac6faaed564aba4deb3c32/screenshot - {}
RESULT: {}
COMMAND: POST /session/37ca3b759bac6faaed564aba4deb3c32/elements - {"using":"xpath","value":"//button[@data-kt=\"contractDetailEditBtnButton\"]"}
RESULT: {"using":"xpath","value":"//button[@data-kt=\"contractDetailEditBtnButton\"]"}
COMMAND: POST /session/37ca3b759bac6faaed564aba4deb3c32/elements - {"using":"xpath","value":"//button[@data-kt=\"contractDetailEditBtnButton\"]"}
RESULT: {"using":"xpath","value":"//button[@data-kt=\"contractDetailEditBtnButton\"]"}
COMMAND: POST /session/37ca3b759bac6faaed564aba4deb3c32/elements - {"using":"xpath","value":"//button[@data-kt=\"contractDetailEditBtnButton\"]"}
RESULT: {"using":"xpath","value":"//button[@data-kt=\"contractDetailEditBtnButton\"]"}
COMMAND: POST /session/37ca3b759bac6faaed564aba4deb3c32/elements - {"using":"xpath","value":"//button[@data-kt=\"contractDetailEditBtnButton\"]"}
RESULT: {"using":"xpath","value":"//button[@data-kt=\"contractDetailEditBtnButton\"]"}
COMMAND: POST /session/37ca3b759bac6faaed564aba4deb3c32/element - {"using":"xpath","value":"//input[@id=\"application-managecontracts-display-component---AddNewContract--site-inner\"]"}
RESULT: {"using":"xpath","value":"//input[@id=\"application-managecontracts-display-component---AddNewContract--site-inner\"]"}
COMMAND: POST /session/37ca3b759bac6faaed564aba4deb3c32/element/f.8D9121E00EF4972596309C37326D000A.d.ED100E87FF9ACAC54A197F060D761B8D.e.9725/clear - {}
RESULT: {}
COMMAND: POST /session/37ca3b759bac6faaed564aba4deb3c32/element/f.8D9121E00EF4972596309C37326D000A.d.ED100E87FF9ACAC54A197F060D761B8D.e.9725/value - {"text":"WebdriverSitevpzc4"}
COMMAND: GET /session/37ca3b759bac6faaed564aba4deb3c32/screenshot - {}
COMMAND: POST /session/37ca3b759bac6faaed564aba4deb3c32/elements - {"using":"xpath","value":"//button[@data-kt=\"contractDetailEditBtnButton\"]"}
RESULT: {"text":"WebdriverSitevpzc4"}
COMMAND: GET /session/37ca3b759bac6faaed564aba4deb3c32/screenshot - {}
RESULT: {}
RESULT: {"using":"xpath","value":"//button[@data-kt=\"contractDetailEditBtnButton\"]"}
COMMAND: POST /session/37ca3b759bac6faaed564aba4deb3c32/elements - {"using":"xpath","value":"//button[@data-kt=\"contractDetailEditBtnButton\"]"}
RESULT: {}
RESULT: {"using":"xpath","value":"//button[@data-kt=\"contractDetailEditBtnButton\"]"}
COMMAND: POST /session/37ca3b759bac6faaed564aba4deb3c32/elements - {"using":"xpath","value":"//button[@data-kt=\"contractDetailEditBtnButton\"]"}
RESULT: {"using":"xpath","value":"//button[@data-kt=\"contractDetailEditBtnButton\"]"}
COMMAND: POST /session/37ca3b759bac6faaed564aba4deb3c32/elements - {"using":"xpath","value":"//button[@data-kt=\"contractDetailEditBtnButton\"]"}
RESULT: {"using":"xpath","value":"//button[@data-kt=\"contractDetailEditBtnButton\"]"}
COMMAND: POST /session/37ca3b759bac6faaed564aba4deb3c32/elements - {"using":"xpath","value":"//button[@data-kt=\"contractDetailEditBtnButton\"]"}
RESULT: {"using":"xpath","value":"//button[@data-kt=\"contractDetailEditBtnButton\"]"}
COMMAND: POST /session/37ca3b759bac6faaed564aba4deb3c32/elements - {"using":"xpath","value":"//button[@data-kt=\"contractDetailEditBtnButton\"]"}
RESULT: {"using":"xpath","value":"//button[@data-kt=\"contractDetailEditBtnButton\"]"}
COMMAND: POST /session/37ca3b759bac6faaed564aba4deb3c32/elements - {"using":"xpath","value":"//button[@data-kt=\"contractDetailEditBtnButton\"]"}
RESULT: {"using":"xpath","value":"//button[@data-kt=\"contractDetailEditBtnButton\"]"}
COMMAND: POST /session/37ca3b759bac6faaed564aba4deb3c32/elements - {"using":"xpath","value":"//button[@data-kt=\"contractDetailEditBtnButton\"]"}
RESULT: {"using":"xpath","value":"//button[@data-kt=\"contractDetailEditBtnButton\"]"}
COMMAND: POST /session/37ca3b759bac6faaed564aba4deb3c32/elements - {"using":"xpath","value":"//button[@data-kt=\"contractDetailEditBtnButton\"]"}
RESULT: {"using":"xpath","value":"//button[@data-kt=\"contractDetailEditBtnButton\"]"}
COMMAND: POST /session/37ca3b759bac6faaed564aba4deb3c32/actions - {"actions":[{"id":"action47","type":"key","parameters":{},"actions":[{"type":"keyDown","value":""},{"type":"pause","duration":10},{"type":"keyUp","value":""}]}]}
RESULT: {"actions":[{"id":"action47","type":"key","parameters":{},"actions":[{"type":"keyDown","value":""},{"type":"pause","duration":10},{"type":"keyUp","value":""}]}]}
COMMAND: POST /session/37ca3b759bac6faaed564aba4deb3c32/element - {"using":"xpath","value":"//button[@data-kt=\"saveButton\"]"}
COMMAND: GET /session/37ca3b759bac6faaed564aba4deb3c32/screenshot - {}
RESULT: {"using":"xpath","value":"//button[@data-kt=\"saveButton\"]"}
COMMAND: POST /session/37ca3b759bac6faaed564aba4deb3c32/element/f.8D9121E00EF4972596309C37326D000A.d.ED100E87FF9ACAC54A197F060D761B8D.e.9745/click - {}
COMMAND: POST /session/37ca3b759bac6faaed564aba4deb3c32/elements - {"using":"xpath","value":"//button[@data-kt=\"contractDetailEditBtnButton\"]"}
RESULT: {}
RESULT: {}
COMMAND: GET /session/37ca3b759bac6faaed564aba4deb3c32/screenshot - {}
RESULT: {"using":"xpath","value":"//button[@data-kt=\"contractDetailEditBtnButton\"]"}
COMMAND: POST /session/37ca3b759bac6faaed564aba4deb3c32/elements - {"using":"xpath","value":"//button[@data-kt=\"contractDetailEditBtnButton\"]"}
RESULT: {}
RESULT: {"using":"xpath","value":"//button[@data-kt=\"contractDetailEditBtnButton\"]"}
COMMAND: POST /session/37ca3b759bac6faaed564aba4deb3c32/element - {"using":"xpath","value":"//button[@data-kt=\"contractDetailEditBtnButton\"]"}
RESULT: {"using":"xpath","value":"//button[@data-kt=\"contractDetailEditBtnButton\"]"}
COMMAND: POST /session/37ca3b759bac6faaed564aba4deb3c32/element/f.8D9121E00EF4972596309C37326D000A.d.ED100E87FF9ACAC54A197F060D761B8D.e.9763/click - {}
RESULT: {}
COMMAND: GET /session/37ca3b759bac6faaed564aba4deb3c32/screenshot - {}
RESULT: {}
COMMAND: POST /session/37ca3b759bac6faaed564aba4deb3c32/element - {"using":"xpath","value":"(//span[contains(text(), \"Additional Addresses\")])[2]"}
RESULT: {"using":"xpath","value":"(//span[contains(text(), \"Additional Addresses\")])[2]"}
COMMAND: POST /session/37ca3b759bac6faaed564aba4deb3c32/element/f.8D9121E00EF4972596309C37326D000A.d.ED100E87FF9ACAC54A197F060D761B8D.e.9882/click - {}
RESULT: {}
COMMAND: GET /session/37ca3b759bac6faaed564aba4deb3c32/screenshot - {}
RESULT: {}
COMMAND: POST /session/37ca3b759bac6faaed564aba4deb3c32/element - {"using":"xpath","value":"//button[@data-kt=\"btnAddTableRowOverflowToolbarButton\"]"}
RESULT: {"using":"xpath","value":"//button[@data-kt=\"btnAddTableRowOverflowToolbarButton\"]"}
COMMAND: POST /session/37ca3b759bac6faaed564aba4deb3c32/element/f.8D9121E00EF4972596309C37326D000A.d.ED100E87FF9ACAC54A197F060D761B8D.e.9886/click - {}
RESULT: {}
COMMAND: GET /session/37ca3b759bac6faaed564aba4deb3c32/screenshot - {}
RESULT: {}
COMMAND: POST /session/37ca3b759bac6faaed564aba4deb3c32/element - {"using":"xpath","value":"//div[(text() = 'Standard Entry' or . = 'Standard Entry')]"}
RESULT: {"using":"xpath","value":"//div[(text() = 'Standard Entry' or . = 'Standard Entry')]"}
COMMAND: POST /session/37ca3b759bac6faaed564aba4deb3c32/element/f.8D9121E00EF4972596309C37326D000A.d.ED100E87FF9ACAC54A197F060D761B8D.e.9888/click - {}
RESULT: {}
COMMAND: POST /session/37ca3b759bac6faaed564aba4deb3c32/element - {"using":"xpath","value":"//button[@data-kt=\"btnAddTableRowOverflowToolbarButton\"]"}
COMMAND: GET /session/37ca3b759bac6faaed564aba4deb3c32/screenshot - {}
RESULT: {"using":"xpath","value":"//button[@data-kt=\"btnAddTableRowOverflowToolbarButton\"]"}
COMMAND: POST /session/37ca3b759bac6faaed564aba4deb3c32/element/f.8D9121E00EF4972596309C37326D000A.d.ED100E87FF9ACAC54A197F060D761B8D.e.9886/click - {}
COMMAND: POST /session/37ca3b759bac6faaed564aba4deb3c32/execute/async - {"script":"<script> [1562 bytes]","args":[{"selector":{"id":"contractDetailTitleNoExpanded","viewName":"etm.portal.ui.managecontracts.view.Detail"},"wdio_ui5_key":"contractDetailTitleNoExpandedetmportal.ui.managecontracts.view.Detail"}]}
RESULT: {}
RESULT: {}
COMMAND: GET /session/37ca3b759bac6faaed564aba4deb3c32/screenshot - {}
RESULT: {"script":"<script> [1562 bytes]","args":[{"selector":{"id":"contractDetailTitleNoExpanded","viewName":"etm.portal.ui.managecontracts.view.Detail"},"wdio_ui5_key":"contractDetailTitleNoExpandedetmportal.ui.managecontracts.view.Detail"}]}
RESULT: undefined
RESULT: {}
COMMAND: POST /session/37ca3b759bac6faaed564aba4deb3c32/element - {"using":"xpath","value":"//div[(text() = 'Standard Entry' or . = 'Standard Entry')]"}
RESULT: {"using":"xpath","value":"//div[(text() = 'Standard Entry' or . = 'Standard Entry')]"}
COMMAND: POST /session/37ca3b759bac6faaed564aba4deb3c32/element/f.8D9121E00EF4972596309C37326D000A.d.ED100E87FF9ACAC54A197F060D761B8D.e.9900/click - {}
RESULT: {}
COMMAND: POST /session/37ca3b759bac6faaed564aba4deb3c32/element - {"using":"xpath","value":"(//td[6]/div/div/input)[1]"}
COMMAND: GET /session/37ca3b759bac6faaed564aba4deb3c32/screenshot - {}
RESULT: {"using":"xpath","value":"(//td[6]/div/div/input)[1]"}
COMMAND: POST /session/37ca3b759bac6faaed564aba4deb3c32/element/f.8D9121E00EF4972596309C37326D000A.d.ED100E87FF9ACAC54A197F060D761B8D.e.9902/click - {}
RESULT: {}
RESULT: {}
COMMAND: POST /session/37ca3b759bac6faaed564aba4deb3c32/actions - {"actions":[{"id":"action48","type":"key","parameters":{},"actions":[{"type":"keyDown","value":""},{"type":"pause","duration":10},{"type":"keyUp","value":""}]}]}
COMMAND: GET /session/37ca3b759bac6faaed564aba4deb3c32/screenshot - {}
RESULT: {"actions":[{"id":"action48","type":"key","parameters":{},"actions":[{"type":"keyDown","value":""},{"type":"pause","duration":10},{"type":"keyUp","value":""}]}]}
COMMAND: POST /session/37ca3b759bac6faaed564aba4deb3c32/element - {"using":"xpath","value":"(//td[6]/div/div/input)[1]"}
COMMAND: GET /session/37ca3b759bac6faaed564aba4deb3c32/screenshot - {}
RESULT: {}
RESULT: {}
RESULT: {"using":"xpath","value":"(//td[6]/div/div/input)[1]"}
COMMAND: POST /session/37ca3b759bac6faaed564aba4deb3c32/element/f.8D9121E00EF4972596309C37326D000A.d.ED100E87FF9ACAC54A197F060D761B8D.e.9902/clear - {}
RESULT: {}
COMMAND: POST /session/37ca3b759bac6faaed564aba4deb3c32/element/f.8D9121E00EF4972596309C37326D000A.d.ED100E87FF9ACAC54A197F060D761B8D.e.9902/value - {"text":"Service Unit"}
COMMAND: GET /session/37ca3b759bac6faaed564aba4deb3c32/screenshot - {}
RESULT: {"text":"Service Unit"}
COMMAND: GET /session/37ca3b759bac6faaed564aba4deb3c32/screenshot - {}
RESULT: {}
RESULT: {}
COMMAND: POST /session/37ca3b759bac6faaed564aba4deb3c32/actions - {"actions":[{"id":"action49","type":"key","parameters":{},"actions":[{"type":"keyDown","value":""},{"type":"pause","duration":10},{"type":"keyUp","value":""}]}]}
RESULT: {"actions":[{"id":"action49","type":"key","parameters":{},"actions":[{"type":"keyDown","value":""},{"type":"pause","duration":10},{"type":"keyUp","value":""}]}]}
COMMAND: GET /session/37ca3b759bac6faaed564aba4deb3c32/screenshot - {}
RESULT: {}
COMMAND: POST /session/37ca3b759bac6faaed564aba4deb3c32/actions - {"actions":[{"id":"action50","type":"key","parameters":{},"actions":[{"type":"keyDown","value":""},{"type":"pause","duration":10},{"type":"keyUp","value":""}]}]}
RESULT: {"actions":[{"id":"action50","type":"key","parameters":{},"actions":[{"type":"keyDown","value":""},{"type":"pause","duration":10},{"type":"keyUp","value":""}]}]}
COMMAND: POST /session/37ca3b759bac6faaed564aba4deb3c32/element - {"using":"xpath","value":"(//td[7]/div/div/input)[1]"}
COMMAND: GET /session/37ca3b759bac6faaed564aba4deb3c32/screenshot - {}
RESULT: {"using":"xpath","value":"(//td[7]/div/div/input)[1]"}
COMMAND: POST /session/37ca3b759bac6faaed564aba4deb3c32/element/f.8D9121E00EF4972596309C37326D000A.d.ED100E87FF9ACAC54A197F060D761B8D.e.9918/clear - {}
RESULT: {}
RESULT: {}
COMMAND: POST /session/37ca3b759bac6faaed564aba4deb3c32/element/f.8D9121E00EF4972596309C37326D000A.d.ED100E87FF9ACAC54A197F060D761B8D.e.9918/value - {"text":"1000001"}
COMMAND: GET /session/37ca3b759bac6faaed564aba4deb3c32/screenshot - {}
RESULT: {"text":"1000001"}
COMMAND: GET /session/37ca3b759bac6faaed564aba4deb3c32/screenshot - {}
RESULT: {}
RESULT: {}
COMMAND: POST /session/37ca3b759bac6faaed564aba4deb3c32/actions - {"actions":[{"id":"action51","type":"key","parameters":{},"actions":[{"type":"keyDown","value":""},{"type":"pause","duration":10},{"type":"keyUp","value":""}]}]}
RESULT: {"actions":[{"id":"action51","type":"key","parameters":{},"actions":[{"type":"keyDown","value":""},{"type":"pause","duration":10},{"type":"keyUp","value":""}]}]}
COMMAND: GET /session/37ca3b759bac6faaed564aba4deb3c32/screenshot - {}
RESULT: {}
COMMAND: POST /session/37ca3b759bac6faaed564aba4deb3c32/actions - {"actions":[{"id":"action52","type":"key","parameters":{},"actions":[{"type":"keyDown","value":""},{"type":"pause","duration":10},{"type":"keyUp","value":""}]}]}
RESULT: {"actions":[{"id":"action52","type":"key","parameters":{},"actions":[{"type":"keyDown","value":""},{"type":"pause","duration":10},{"type":"keyUp","value":""}]}]}
COMMAND: GET /session/37ca3b759bac6faaed564aba4deb3c32/screenshot - {}
RESULT: {}
COMMAND: POST /session/37ca3b759bac6faaed564aba4deb3c32/element - {"using":"xpath","value":"(//td[6]/div/div/input)[2]"}
RESULT: {"using":"xpath","value":"(//td[6]/div/div/input)[2]"}
COMMAND: POST /session/37ca3b759bac6faaed564aba4deb3c32/element/f.8D9121E00EF4972596309C37326D000A.d.ED100E87FF9ACAC54A197F060D761B8D.e.9890/click - {}
RESULT: {}
COMMAND: POST /session/37ca3b759bac6faaed564aba4deb3c32/actions - {"actions":[{"id":"action53","type":"key","parameters":{},"actions":[{"type":"keyDown","value":""},{"type":"pause","duration":10},{"type":"keyUp","value":""}]}]}
COMMAND: GET /session/37ca3b759bac6faaed564aba4deb3c32/screenshot - {}
RESULT: {"actions":[{"id":"action53","type":"key","parameters":{},"actions":[{"type":"keyDown","value":""},{"type":"pause","duration":10},{"type":"keyUp","value":""}]}]}
COMMAND: POST /session/37ca3b759bac6faaed564aba4deb3c32/element - {"using":"xpath","value":"(//td[6]/div/div/input)[2]"}
COMMAND: GET /session/37ca3b759bac6faaed564aba4deb3c32/screenshot - {}
RESULT: {}
RESULT: {"using":"xpath","value":"(//td[6]/div/div/input)[2]"}
COMMAND: POST /session/37ca3b759bac6faaed564aba4deb3c32/element/f.8D9121E00EF4972596309C37326D000A.d.ED100E87FF9ACAC54A197F060D761B8D.e.9890/clear - {}
RESULT: {}
RESULT: {}
COMMAND: POST /session/37ca3b759bac6faaed564aba4deb3c32/element/f.8D9121E00EF4972596309C37326D000A.d.ED100E87FF9ACAC54A197F060D761B8D.e.9890/value - {"text":"Service Unit Group"}
COMMAND: GET /session/37ca3b759bac6faaed564aba4deb3c32/screenshot - {}
RESULT: {"text":"Service Unit Group"}
COMMAND: GET /session/37ca3b759bac6faaed564aba4deb3c32/screenshot - {}
RESULT: {}
RESULT: {}
COMMAND: POST /session/37ca3b759bac6faaed564aba4deb3c32/actions - {"actions":[{"id":"action54","type":"key","parameters":{},"actions":[{"type":"keyDown","value":""},{"type":"pause","duration":10},{"type":"keyUp","value":""}]}]}
RESULT: {"actions":[{"id":"action54","type":"key","parameters":{},"actions":[{"type":"keyDown","value":""},{"type":"pause","duration":10},{"type":"keyUp","value":""}]}]}
COMMAND: GET /session/37ca3b759bac6faaed564aba4deb3c32/screenshot - {}
RESULT: {}
COMMAND: POST /session/37ca3b759bac6faaed564aba4deb3c32/actions - {"actions":[{"id":"action55","type":"key","parameters":{},"actions":[{"type":"keyDown","value":""},{"type":"pause","duration":10},{"type":"keyUp","value":""}]}]}
RESULT: {"actions":[{"id":"action55","type":"key","parameters":{},"actions":[{"type":"keyDown","value":""},{"type":"pause","duration":10},{"type":"keyUp","value":""}]}]}
COMMAND: POST /session/37ca3b759bac6faaed564aba4deb3c32/element - {"using":"xpath","value":"(//td[7]/div/div/input)[2]"}
COMMAND: GET /session/37ca3b759bac6faaed564aba4deb3c32/screenshot - {}
RESULT: {"using":"xpath","value":"(//td[7]/div/div/input)[2]"}
COMMAND: POST /session/37ca3b759bac6faaed564aba4deb3c32/element/f.8D9121E00EF4972596309C37326D000A.d.ED100E87FF9ACAC54A197F060D761B8D.e.9947/clear - {}
RESULT: {}
RESULT: {}
COMMAND: POST /session/37ca3b759bac6faaed564aba4deb3c32/element/f.8D9121E00EF4972596309C37326D000A.d.ED100E87FF9ACAC54A197F060D761B8D.e.9947/value - {"text":"1100001"}
COMMAND: GET /session/37ca3b759bac6faaed564aba4deb3c32/screenshot - {}
RESULT: {"text":"1100001"}
COMMAND: GET /session/37ca3b759bac6faaed564aba4deb3c32/screenshot - {}
RESULT: {}
RESULT: {}
COMMAND: POST /session/37ca3b759bac6faaed564aba4deb3c32/actions - {"actions":[{"id":"action56","type":"key","parameters":{},"actions":[{"type":"keyDown","value":""},{"type":"pause","duration":10},{"type":"keyUp","value":""}]}]}
RESULT: {"actions":[{"id":"action56","type":"key","parameters":{},"actions":[{"type":"keyDown","value":""},{"type":"pause","duration":10},{"type":"keyUp","value":""}]}]}
COMMAND: GET /session/37ca3b759bac6faaed564aba4deb3c32/screenshot - {}
RESULT: {}
COMMAND: POST /session/37ca3b759bac6faaed564aba4deb3c32/actions - {"actions":[{"id":"action57","type":"key","parameters":{},"actions":[{"type":"keyDown","value":""},{"type":"pause","duration":10},{"type":"keyUp","value":""}]}]}
RESULT: {"actions":[{"id":"action57","type":"key","parameters":{},"actions":[{"type":"keyDown","value":""},{"type":"pause","duration":10},{"type":"keyUp","value":""}]}]}
COMMAND: GET /session/37ca3b759bac6faaed564aba4deb3c32/screenshot - {}
RESULT: {}
COMMAND: POST /session/37ca3b759bac6faaed564aba4deb3c32/element - {"using":"xpath","value":"(//button[@data-kt=\"saveButton\"])[2]"}
RESULT: {"using":"xpath","value":"(//button[@data-kt=\"saveButton\"])[2]"}
COMMAND: POST /session/37ca3b759bac6faaed564aba4deb3c32/element/f.8D9121E00EF4972596309C37326D000A.d.ED100E87FF9ACAC54A197F060D761B8D.e.9971/click - {}
RESULT: {}
COMMAND: GET /session/37ca3b759bac6faaed564aba4deb3c32/screenshot - {}
RESULT: {}
COMMAND: POST /session/37ca3b759bac6faaed564aba4deb3c32/element - {"using":"xpath","value":"(//span[contains(text(), \"Additional Addresses\")])[1]"}
RESULT: {"using":"xpath","value":"(//span[contains(text(), \"Additional Addresses\")])[1]"}
COMMAND: POST /session/37ca3b759bac6faaed564aba4deb3c32/element/f.8D9121E00EF4972596309C37326D000A.d.ED100E87FF9ACAC54A197F060D761B8D.e.9974/click - {}
RESULT: {}
COMMAND: GET /session/37ca3b759bac6faaed564aba4deb3c32/screenshot - {}
RESULT: {}
COMMAND: POST /session/37ca3b759bac6faaed564aba4deb3c32/execute/async - {"script":"<script> [1562 bytes]","args":[{"selector":{"controlType":"sap.m.Title","viewName":"etm.portal.ui.managecontracts.view.Detail","properties":{"text":"Contract Items (2)"}},"wdio_ui5_key":"etmportal.ui.managecontracts.view.Detailsap.m.Title{\"text\":\"Contract Items (2)\"}"}]}
RESULT: {"script":"<script> [1562 bytes]","args":[{"selector":{"controlType":"sap.m.Title","viewName":"etm.portal.ui.managecontracts.view.Detail","properties":{"text":"Contract Items (2)"}},"wdio_ui5_key":"etmportal.ui.managecontracts.view.Detailsap.m.Title{\"text\":\"Contract Items (2)\"}"}]}
RESULT: undefined
COMMAND: POST /session/37ca3b759bac6faaed564aba4deb3c32/execute/async - {"script":"<script> [6424 bytes]","args":[{"element-6066-11e4-a52e-4f735466cecf":"f.8D9121E00EF4972596309C37326D000A.d.ED100E87FF9ACAC54A197F060D761B8D.e.9976"},"getText",[]]}
RESULT: {"script":"<script> [6424 bytes]","args":[{"element-6066-11e4-a52e-4f735466cecf":"f.8D9121E00EF4972596309C37326D000A.d.ED100E87FF9ACAC54A197F060D761B8D.e.9976"},"getText",[]]}
COMMAND: POST /session/37ca3b759bac6faaed564aba4deb3c32/element - {"using":"xpath","value":"(//span[contains(@class ,\"sapMObjStatusText\")])[1]"}
RESULT: {"using":"xpath","value":"(//span[contains(@class ,\"sapMObjStatusText\")])[1]"}
COMMAND: GET /session/37ca3b759bac6faaed564aba4deb3c32/element/f.8D9121E00EF4972596309C37326D000A.d.ED100E87FF9ACAC54A197F060D761B8D.e.9977/text - {}
RESULT: {}
COMMAND: POST /session/37ca3b759bac6faaed564aba4deb3c32/element - {"using":"xpath","value":"(//span[contains(@class ,\"sapMObjStatusText\")])[4]"}
RESULT: {"using":"xpath","value":"(//span[contains(@class ,\"sapMObjStatusText\")])[4]"}
COMMAND: GET /session/37ca3b759bac6faaed564aba4deb3c32/element/f.8D9121E00EF4972596309C37326D000A.d.ED100E87FF9ACAC54A197F060D761B8D.e.9978/text - {}
RESULT: {}
COMMAND: DELETE /session/37ca3b759bac6faaed564aba4deb3c32 - {}
RESULT: {}
]]></system-out>
    </testcase>
  </testsuite>
</testsuites>