<?xml version="1.0" encoding="UTF-8"?>
<testsuites tests="4" failures="0" errors="0" skipped="0">
  <testsuite timestamp="2025-06-14T16:48:42" time="435.104" tests="4" failures="0" errors="0" skipped="0">
    <properties>
      <property name="specId" value="0"/>
      <property name="suiteName" value="ISC Create schedule with time schedule with counter US138269"/>
      <property name="capabilities" value="chrome.137_0_7151_69.windows"/>
      <property name="file" value="file:///D:/a/1/s/test/specs/ISC/create-schedule-with-time-schedule-with-counter.spec.js"/>
    </properties>
    <testcase classname="chrome.137_0_7151_69.windows.ISC_Create_schedule_with_time_schedule_with_counter_US138269" name="Should create a new RU with counter" time="155.484">
      <system-out><![CDATA[
COMMAND: POST /session/f0f6a376d10a5af2c006db447d8ba641/execute/async - {"script":"<script> [1562 bytes]","args":[{"selector":{"controlType":"sap.m.GenericTile","properties":{"header":"Manage Resources"}},"wdio_ui5_key":"sapm.GenericTile{\"header\":\"Manage Resources\"}"}]}
RESULT: {"script":"<script> [1562 bytes]","args":[{"selector":{"controlType":"sap.m.GenericTile","properties":{"header":"Manage Resources"}},"wdio_ui5_key":"sapm.GenericTile{\"header\":\"Manage Resources\"}"}]}
RESULT: undefined
COMMAND: POST /session/f0f6a376d10a5af2c006db447d8ba641/element - {"using":"xpath","value":"//*[@id=\"__tile40\"]"}
RESULT: {"using":"xpath","value":"//*[@id=\"__tile40\"]"}
COMMAND: POST /session/f0f6a376d10a5af2c006db447d8ba641/element/f.1CC92DAD619AF174DC2D43D5A1BB0063.d.8DD15622D7F92B13A745CDDE76495B5E.e.116/click - {}
RESULT: {}
COMMAND: GET /session/f0f6a376d10a5af2c006db447d8ba641/screenshot - {}
RESULT: {}
COMMAND: POST /session/f0f6a376d10a5af2c006db447d8ba641/elements - {"using":"xpath","value":"//span[text()='Error']"}
RESULT: {"using":"xpath","value":"//span[text()='Error']"}
COMMAND: POST /session/f0f6a376d10a5af2c006db447d8ba641/execute/async - {"script":"<script> [1562 bytes]","args":[{"selector":{"controlType":"sap.ui.core.Icon","viewName":"etm.portal.ui.manageresources.view.Master","viewId":"application-manageresources-display-component---masterRU","properties":{"src":{"regex":{"source":"add"}}}},"wdio_ui5_key":"etmportal.ui.manageresources.view.Mastersap.ui.core.Icon{\"src\":{\"regex\":{\"source\":\"add\"}}}"}]}
RESULT: {"script":"<script> [1562 bytes]","args":[{"selector":{"controlType":"sap.ui.core.Icon","viewName":"etm.portal.ui.manageresources.view.Master","viewId":"application-manageresources-display-component---masterRU","properties":{"src":{"regex":{"source":"add"}}}},"wdio_ui5_key":"etmportal.ui.manageresources.view.Mastersap.ui.core.Icon{\"src\":{\"regex\":{\"source\":\"add\"}}}"}]}
RESULT: undefined
COMMAND: POST /session/f0f6a376d10a5af2c006db447d8ba641/element - {"using":"xpath","value":"//*[@id=\"__button5-img\"]"}
RESULT: {"using":"xpath","value":"//*[@id=\"__button5-img\"]"}
COMMAND: POST /session/f0f6a376d10a5af2c006db447d8ba641/element/f.1CC92DAD619AF174DC2D43D5A1BB0063.d.8DD15622D7F92B13A745CDDE76495B5E.e.162/click - {}
RESULT: {}
COMMAND: GET /session/f0f6a376d10a5af2c006db447d8ba641/screenshot - {}
COMMAND: POST /session/f0f6a376d10a5af2c006db447d8ba641/execute/async - {"script":"<script> [1562 bytes]","args":[{"selector":{"id":"application-manageresources-display-component---newResourceUnit--TYPE-arrow"},"wdio_ui5_key":"applicationmanageresources-display-component---newResourceUnit--TYPE-arrow"}]}
RESULT: {}
RESULT: {"script":"<script> [1562 bytes]","args":[{"selector":{"id":"application-manageresources-display-component---newResourceUnit--TYPE-arrow"},"wdio_ui5_key":"applicationmanageresources-display-component---newResourceUnit--TYPE-arrow"}]}
RESULT: undefined
COMMAND: POST /session/f0f6a376d10a5af2c006db447d8ba641/element - {"using":"xpath","value":"//*[@id=\"application-manageresources-display-component---newResourceUnit--TYPE-arrow\"]"}
RESULT: {"using":"xpath","value":"//*[@id=\"application-manageresources-display-component---newResourceUnit--TYPE-arrow\"]"}
COMMAND: POST /session/f0f6a376d10a5af2c006db447d8ba641/element/f.1CC92DAD619AF174DC2D43D5A1BB0063.d.8DD15622D7F92B13A745CDDE76495B5E.e.473/click - {}
RESULT: {}
COMMAND: POST /session/f0f6a376d10a5af2c006db447d8ba641/execute/async - {"script":"<script> [1562 bytes]","args":[{"selector":{"controlType":"sap.m.StandardListItem","viewName":"reusables.view.manageresources.NewResourceUnit","viewId":"application-manageresources-display-component---newResourceUnit","properties":{"title":"Equipment"},"searchOpenDialogs":true,"interaction":{"idSuffix":"content"}},"wdio_ui5_key":"reusablesview.manageresources.NewResourceUnitsap.m.StandardListItem{\"title\":\"Equipment\"}"}]}
COMMAND: GET /session/f0f6a376d10a5af2c006db447d8ba641/screenshot - {}
RESULT: {"script":"<script> [1562 bytes]","args":[{"selector":{"controlType":"sap.m.StandardListItem","viewName":"reusables.view.manageresources.NewResourceUnit","viewId":"application-manageresources-display-component---newResourceUnit","properties":{"title":"Equipment"},"searchOpenDialogs":true,"interaction":{"idSuffix":"content"}},"wdio_ui5_key":"reusablesview.manageresources.NewResourceUnitsap.m.StandardListItem{\"title\":\"Equipment\"}"}]}
RESULT: undefined
COMMAND: POST /session/f0f6a376d10a5af2c006db447d8ba641/element - {"using":"xpath","value":"//*[@id=\"__item145\"]"}
RESULT: {}
RESULT: {"using":"xpath","value":"//*[@id=\"__item145\"]"}
COMMAND: POST /session/f0f6a376d10a5af2c006db447d8ba641/element/f.1CC92DAD619AF174DC2D43D5A1BB0063.d.8DD15622D7F92B13A745CDDE76495B5E.e.476/click - {}
RESULT: {}
COMMAND: POST /session/f0f6a376d10a5af2c006db447d8ba641/execute/async - {"script":"<script> [1562 bytes]","args":[{"selector":{"id":"application-manageresources-display-component---newResourceUnit--resourceId","interaction":{"idSuffix":"inner"}},"wdio_ui5_key":"applicationmanageresources-display-component---newResourceUnit--resourceId"}]}
COMMAND: GET /session/f0f6a376d10a5af2c006db447d8ba641/screenshot - {}
RESULT: {"script":"<script> [1562 bytes]","args":[{"selector":{"id":"application-manageresources-display-component---newResourceUnit--resourceId","interaction":{"idSuffix":"inner"}},"wdio_ui5_key":"applicationmanageresources-display-component---newResourceUnit--resourceId"}]}
RESULT: undefined
COMMAND: POST /session/f0f6a376d10a5af2c006db447d8ba641/execute/async - {"script":"<script> [776 bytes]","args":[{"enterText":"EquipmentCounteriepmq","selector":{"id":"application-manageresources-display-component---newResourceUnit--resourceId","interaction":{"idSuffix":"inner"}},"clearTextFirst":true,"interactionType":"ENTER_TEXT"}]}
RESULT: {}
RESULT: {"script":"<script> [776 bytes]","args":[{"enterText":"EquipmentCounteriepmq","selector":{"id":"application-manageresources-display-component---newResourceUnit--resourceId","interaction":{"idSuffix":"inner"}},"clearTextFirst":true,"interactionType":"ENTER_TEXT"}]}
COMMAND: POST /session/f0f6a376d10a5af2c006db447d8ba641/execute/async - {"script":"<script> [1562 bytes]","args":[{"selector":{"id":"application-manageresources-display-component---newResourceUnit--SHORT_TEXT","interaction":{"idSuffix":"inner"}},"wdio_ui5_key":"applicationmanageresources-display-component---newResourceUnit--SHORT_TEXT"}]}
RESULT: {"script":"<script> [1562 bytes]","args":[{"selector":{"id":"application-manageresources-display-component---newResourceUnit--SHORT_TEXT","interaction":{"idSuffix":"inner"}},"wdio_ui5_key":"applicationmanageresources-display-component---newResourceUnit--SHORT_TEXT"}]}
RESULT: undefined
COMMAND: POST /session/f0f6a376d10a5af2c006db447d8ba641/execute/async - {"script":"<script> [776 bytes]","args":[{"enterText":"EquipmentCounteriepmq","selector":{"id":"application-manageresources-display-component---newResourceUnit--SHORT_TEXT","interaction":{"idSuffix":"inner"}},"clearTextFirst":true,"interactionType":"ENTER_TEXT"}]}
RESULT: {"script":"<script> [776 bytes]","args":[{"enterText":"EquipmentCounteriepmq","selector":{"id":"application-manageresources-display-component---newResourceUnit--SHORT_TEXT","interaction":{"idSuffix":"inner"}},"clearTextFirst":true,"interactionType":"ENTER_TEXT"}]}
COMMAND: POST /session/f0f6a376d10a5af2c006db447d8ba641/execute/async - {"script":"<script> [1562 bytes]","args":[{"selector":{"id":"application-manageresources-display-component---newResourceUnit--BASE_UNIT_OF_MEASURE","interaction":{"idSuffix":"inner"}},"wdio_ui5_key":"applicationmanageresources-display-component---newResourceUnit--BASE_UNIT_OF_MEASURE"}]}
RESULT: {"script":"<script> [1562 bytes]","args":[{"selector":{"id":"application-manageresources-display-component---newResourceUnit--BASE_UNIT_OF_MEASURE","interaction":{"idSuffix":"inner"}},"wdio_ui5_key":"applicationmanageresources-display-component---newResourceUnit--BASE_UNIT_OF_MEASURE"}]}
RESULT: undefined
COMMAND: POST /session/f0f6a376d10a5af2c006db447d8ba641/execute/async - {"script":"<script> [776 bytes]","args":[{"enterText":"Piece","selector":{"id":"application-manageresources-display-component---newResourceUnit--BASE_UNIT_OF_MEASURE","interaction":{"idSuffix":"inner"}},"clearTextFirst":true,"interactionType":"ENTER_TEXT"}]}
RESULT: {"script":"<script> [776 bytes]","args":[{"enterText":"Piece","selector":{"id":"application-manageresources-display-component---newResourceUnit--BASE_UNIT_OF_MEASURE","interaction":{"idSuffix":"inner"}},"clearTextFirst":true,"interactionType":"ENTER_TEXT"}]}
COMMAND: POST /session/f0f6a376d10a5af2c006db447d8ba641/execute/async - {"script":"<script> [1562 bytes]","args":[{"selector":{"id":"application-manageresources-display-component---newResourceUnit--WEIGHT_UNIT","interaction":{"idSuffix":"inner"}},"wdio_ui5_key":"applicationmanageresources-display-component---newResourceUnit--WEIGHT_UNIT"}]}
RESULT: {"script":"<script> [1562 bytes]","args":[{"selector":{"id":"application-manageresources-display-component---newResourceUnit--WEIGHT_UNIT","interaction":{"idSuffix":"inner"}},"wdio_ui5_key":"applicationmanageresources-display-component---newResourceUnit--WEIGHT_UNIT"}]}
RESULT: undefined
COMMAND: POST /session/f0f6a376d10a5af2c006db447d8ba641/execute/async - {"script":"<script> [776 bytes]","args":[{"enterText":"Gram","selector":{"id":"application-manageresources-display-component---newResourceUnit--WEIGHT_UNIT","interaction":{"idSuffix":"inner"}},"clearTextFirst":true,"interactionType":"ENTER_TEXT"}]}
RESULT: {"script":"<script> [776 bytes]","args":[{"enterText":"Gram","selector":{"id":"application-manageresources-display-component---newResourceUnit--WEIGHT_UNIT","interaction":{"idSuffix":"inner"}},"clearTextFirst":true,"interactionType":"ENTER_TEXT"}]}
COMMAND: POST /session/f0f6a376d10a5af2c006db447d8ba641/execute/async - {"script":"<script> [1562 bytes]","args":[{"selector":{"id":"application-manageresources-display-component---newResourceUnit--newRRUPage-OPHeaderContent-collapseBtn-img"},"wdio_ui5_key":"applicationmanageresources-display-component---newResourceUnit--newRRUPage-OPHeaderContent-collapseBtn-img"}]}
RESULT: {"script":"<script> [1562 bytes]","args":[{"selector":{"id":"application-manageresources-display-component---newResourceUnit--newRRUPage-OPHeaderContent-collapseBtn-img"},"wdio_ui5_key":"applicationmanageresources-display-component---newResourceUnit--newRRUPage-OPHeaderContent-collapseBtn-img"}]}
RESULT: undefined
COMMAND: POST /session/f0f6a376d10a5af2c006db447d8ba641/element - {"using":"xpath","value":"//*[@id=\"application-manageresources-display-component---newResourceUnit--newRRUPage-OPHeaderContent-collapseBtn-img\"]"}
RESULT: {"using":"xpath","value":"//*[@id=\"application-manageresources-display-component---newResourceUnit--newRRUPage-OPHeaderContent-collapseBtn-img\"]"}
COMMAND: POST /session/f0f6a376d10a5af2c006db447d8ba641/element/f.1CC92DAD619AF174DC2D43D5A1BB0063.d.8DD15622D7F92B13A745CDDE76495B5E.e.484/click - {}
RESULT: {}
COMMAND: GET /session/f0f6a376d10a5af2c006db447d8ba641/screenshot - {}
RESULT: {}
COMMAND: POST /session/f0f6a376d10a5af2c006db447d8ba641/element - {"using":"xpath","value":"(//span[contains(@id ,\"application-manageresources-display-component---newResourceUnit--DIMENSION_UNIT-arrow\")])[1]"}
RESULT: {"using":"xpath","value":"(//span[contains(@id ,\"application-manageresources-display-component---newResourceUnit--DIMENSION_UNIT-arrow\")])[1]"}
COMMAND: POST /session/f0f6a376d10a5af2c006db447d8ba641/element/f.1CC92DAD619AF174DC2D43D5A1BB0063.d.8DD15622D7F92B13A745CDDE76495B5E.e.633/click - {}
RESULT: {}
COMMAND: GET /session/f0f6a376d10a5af2c006db447d8ba641/screenshot - {}
RESULT: {}
COMMAND: POST /session/f0f6a376d10a5af2c006db447d8ba641/execute/async - {"script":"<script> [1562 bytes]","args":[{"selector":{"controlType":"sap.m.StandardListItem","viewName":"reusables.view.manageresources.NewResourceUnit","viewId":"application-manageresources-display-component---newResourceUnit","properties":{"title":"Centimeter"},"searchOpenDialogs":true,"interaction":{"idSuffix":"titleText"}},"wdio_ui5_key":"reusablesview.manageresources.NewResourceUnitsap.m.StandardListItem{\"title\":\"Centimeter\"}"}]}
RESULT: {"script":"<script> [1562 bytes]","args":[{"selector":{"controlType":"sap.m.StandardListItem","viewName":"reusables.view.manageresources.NewResourceUnit","viewId":"application-manageresources-display-component---newResourceUnit","properties":{"title":"Centimeter"},"searchOpenDialogs":true,"interaction":{"idSuffix":"titleText"}},"wdio_ui5_key":"reusablesview.manageresources.NewResourceUnitsap.m.StandardListItem{\"title\":\"Centimeter\"}"}]}
RESULT: undefined
COMMAND: POST /session/f0f6a376d10a5af2c006db447d8ba641/element - {"using":"xpath","value":"//*[@id=\"__item203\"]"}
RESULT: {"using":"xpath","value":"//*[@id=\"__item203\"]"}
COMMAND: POST /session/f0f6a376d10a5af2c006db447d8ba641/element/f.1CC92DAD619AF174DC2D43D5A1BB0063.d.8DD15622D7F92B13A745CDDE76495B5E.e.635/click - {}
RESULT: {}
COMMAND: GET /session/f0f6a376d10a5af2c006db447d8ba641/screenshot - {}
RESULT: {}
COMMAND: POST /session/f0f6a376d10a5af2c006db447d8ba641/execute/async - {"script":"<script> [1562 bytes]","args":[{"selector":{"id":"application-manageresources-display-component---newResourceUnit--newRRUPage-anchBar-application-manageresources-display-component---newResourceUnit--control-anchor","interaction":{"idSuffix":"BDI-content"}},"wdio_ui5_key":"applicationmanageresources-display-component---newResourceUnit--newRRUPage-anchBar-application-manageresources-display-component---newResourceUnit--control-anchor"}]}
RESULT: {"script":"<script> [1562 bytes]","args":[{"selector":{"id":"application-manageresources-display-component---newResourceUnit--newRRUPage-anchBar-application-manageresources-display-component---newResourceUnit--control-anchor","interaction":{"idSuffix":"BDI-content"}},"wdio_ui5_key":"applicationmanageresources-display-component---newResourceUnit--newRRUPage-anchBar-application-manageresources-display-component---newResourceUnit--control-anchor"}]}
RESULT: undefined
COMMAND: POST /session/f0f6a376d10a5af2c006db447d8ba641/element - {"using":"xpath","value":"//*[@id=\"application-manageresources-display-component---newResourceUnit--newRRUPage-anchBar-application-manageresources-display-component---newResourceUnit--control-anchor\"]"}
RESULT: {"using":"xpath","value":"//*[@id=\"application-manageresources-display-component---newResourceUnit--newRRUPage-anchBar-application-manageresources-display-component---newResourceUnit--control-anchor\"]"}
COMMAND: POST /session/f0f6a376d10a5af2c006db447d8ba641/element/f.1CC92DAD619AF174DC2D43D5A1BB0063.d.8DD15622D7F92B13A745CDDE76495B5E.e.637/click - {}
RESULT: {}
COMMAND: POST /session/f0f6a376d10a5af2c006db447d8ba641/execute/async - {"script":"<script> [1562 bytes]","args":[{"selector":{"id":"application-manageresources-display-component---newResourceUnit--PLANNING_GROUP","interaction":{"idSuffix":"inner"}},"wdio_ui5_key":"applicationmanageresources-display-component---newResourceUnit--PLANNING_GROUP"}]}
COMMAND: GET /session/f0f6a376d10a5af2c006db447d8ba641/screenshot - {}
RESULT: {"script":"<script> [1562 bytes]","args":[{"selector":{"id":"application-manageresources-display-component---newResourceUnit--PLANNING_GROUP","interaction":{"idSuffix":"inner"}},"wdio_ui5_key":"applicationmanageresources-display-component---newResourceUnit--PLANNING_GROUP"}]}
RESULT: undefined
COMMAND: POST /session/f0f6a376d10a5af2c006db447d8ba641/execute/async - {"script":"<script> [776 bytes]","args":[{"enterText":"Heavy Equi","selector":{"id":"application-manageresources-display-component---newResourceUnit--PLANNING_GROUP","interaction":{"idSuffix":"inner"}},"clearTextFirst":true,"interactionType":"ENTER_TEXT"}]}
RESULT: {}
RESULT: {"script":"<script> [776 bytes]","args":[{"enterText":"Heavy Equi","selector":{"id":"application-manageresources-display-component---newResourceUnit--PLANNING_GROUP","interaction":{"idSuffix":"inner"}},"clearTextFirst":true,"interactionType":"ENTER_TEXT"}]}
COMMAND: POST /session/f0f6a376d10a5af2c006db447d8ba641/execute/async - {"script":"<script> [1562 bytes]","args":[{"selector":{"id":"application-manageresources-display-component---newResourceUnit--ITEM_TYPE-arrow"},"wdio_ui5_key":"applicationmanageresources-display-component---newResourceUnit--ITEM_TYPE-arrow"}]}
RESULT: {"script":"<script> [1562 bytes]","args":[{"selector":{"id":"application-manageresources-display-component---newResourceUnit--ITEM_TYPE-arrow"},"wdio_ui5_key":"applicationmanageresources-display-component---newResourceUnit--ITEM_TYPE-arrow"}]}
RESULT: undefined
COMMAND: POST /session/f0f6a376d10a5af2c006db447d8ba641/element - {"using":"xpath","value":"//*[@id=\"application-manageresources-display-component---newResourceUnit--ITEM_TYPE-arrow\"]"}
RESULT: {"using":"xpath","value":"//*[@id=\"application-manageresources-display-component---newResourceUnit--ITEM_TYPE-arrow\"]"}
COMMAND: POST /session/f0f6a376d10a5af2c006db447d8ba641/element/f.1CC92DAD619AF174DC2D43D5A1BB0063.d.8DD15622D7F92B13A745CDDE76495B5E.e.642/click - {}
RESULT: {}
COMMAND: POST /session/f0f6a376d10a5af2c006db447d8ba641/execute/async - {"script":"<script> [1562 bytes]","args":[{"selector":{"controlType":"sap.m.StandardListItem","viewName":"reusables.view.manageresources.NewResourceUnit","viewId":"application-manageresources-display-component---newResourceUnit","properties":{"title":"Resource Unit"},"searchOpenDialogs":true,"interaction":{"idSuffix":"titleText"}},"wdio_ui5_key":"reusablesview.manageresources.NewResourceUnitsap.m.StandardListItem{\"title\":\"Resource Unit\"}"}]}
COMMAND: GET /session/f0f6a376d10a5af2c006db447d8ba641/screenshot - {}
RESULT: {"script":"<script> [1562 bytes]","args":[{"selector":{"controlType":"sap.m.StandardListItem","viewName":"reusables.view.manageresources.NewResourceUnit","viewId":"application-manageresources-display-component---newResourceUnit","properties":{"title":"Resource Unit"},"searchOpenDialogs":true,"interaction":{"idSuffix":"titleText"}},"wdio_ui5_key":"reusablesview.manageresources.NewResourceUnitsap.m.StandardListItem{\"title\":\"Resource Unit\"}"}]}
RESULT: undefined
COMMAND: POST /session/f0f6a376d10a5af2c006db447d8ba641/element - {"using":"xpath","value":"//*[@id=\"__item225\"]"}
RESULT: {}
RESULT: {"using":"xpath","value":"//*[@id=\"__item225\"]"}
COMMAND: POST /session/f0f6a376d10a5af2c006db447d8ba641/element/f.1CC92DAD619AF174DC2D43D5A1BB0063.d.8DD15622D7F92B13A745CDDE76495B5E.e.644/click - {}
RESULT: {}
COMMAND: POST /session/f0f6a376d10a5af2c006db447d8ba641/element - {"using":"xpath","value":"//bdi[contains(text(), \"Time Segment\")]"}
COMMAND: GET /session/f0f6a376d10a5af2c006db447d8ba641/screenshot - {}
RESULT: {"using":"xpath","value":"//bdi[contains(text(), \"Time Segment\")]"}
COMMAND: GET /session/f0f6a376d10a5af2c006db447d8ba641/element/f.1CC92DAD619AF174DC2D43D5A1BB0063.d.8DD15622D7F92B13A745CDDE76495B5E.e.652/rect - {}
RESULT: {}
RESULT: {}
COMMAND: GET /session/f0f6a376d10a5af2c006db447d8ba641/window/rect - {}
RESULT: {}
COMMAND: POST /session/f0f6a376d10a5af2c006db447d8ba641/execute/sync - {"script":"<script> [92 bytes]","args":[]}
RESULT: {"script":"<script> [92 bytes]","args":[]}
COMMAND: POST /session/f0f6a376d10a5af2c006db447d8ba641/actions - {"actions":[{"id":"action1","type":"wheel","parameters":{},"actions":[{"type":"scroll","x":-1820,"y":-21,"deltaX":0,"deltaY":0,"duration":0,"origin":{"element-6066-11e4-a52e-4f735466cecf":"f.1CC92DAD619AF174DC2D43D5A1BB0063.d.8DD15622D7F92B13A745CDDE76495B5E.e.652"}}]}]}
COMMAND: GET /session/f0f6a376d10a5af2c006db447d8ba641/screenshot - {}
RESULT: {}
COMMAND: POST /session/f0f6a376d10a5af2c006db447d8ba641/execute/sync - {"script":"<script> [79 bytes]","args":[{"element-6066-11e4-a52e-4f735466cecf":"f.1CC92DAD619AF174DC2D43D5A1BB0063.d.8DD15622D7F92B13A745CDDE76495B5E.e.652","ELEMENT":"f.1CC92DAD619AF174DC2D43D5A1BB0063.d.8DD15622D7F92B13A745CDDE76495B5E.e.652"},{"block":"start","inline":"nearest"}]}
RESULT: {"script":"<script> [79 bytes]","args":[{"element-6066-11e4-a52e-4f735466cecf":"f.1CC92DAD619AF174DC2D43D5A1BB0063.d.8DD15622D7F92B13A745CDDE76495B5E.e.652","ELEMENT":"f.1CC92DAD619AF174DC2D43D5A1BB0063.d.8DD15622D7F92B13A745CDDE76495B5E.e.652"},{"block":"start","inline":"nearest"}]}
COMMAND: POST /session/f0f6a376d10a5af2c006db447d8ba641/execute/async - {"script":"<script> [1562 bytes]","args":[{"selector":{"id":"application-manageresources-display-component---newResourceUnit--btnAddTimeSegment-img"},"wdio_ui5_key":"applicationmanageresources-display-component---newResourceUnit--btnAddTimeSegment-img"}]}
COMMAND: GET /session/f0f6a376d10a5af2c006db447d8ba641/screenshot - {}
RESULT: {"script":"<script> [1562 bytes]","args":[{"selector":{"id":"application-manageresources-display-component---newResourceUnit--btnAddTimeSegment-img"},"wdio_ui5_key":"applicationmanageresources-display-component---newResourceUnit--btnAddTimeSegment-img"}]}
RESULT: undefined
COMMAND: POST /session/f0f6a376d10a5af2c006db447d8ba641/element - {"using":"xpath","value":"//*[@id=\"application-manageresources-display-component---newResourceUnit--btnAddTimeSegment-img\"]"}
RESULT: {}
RESULT: {"using":"xpath","value":"//*[@id=\"application-manageresources-display-component---newResourceUnit--btnAddTimeSegment-img\"]"}
COMMAND: POST /session/f0f6a376d10a5af2c006db447d8ba641/element/f.1CC92DAD619AF174DC2D43D5A1BB0063.d.8DD15622D7F92B13A745CDDE76495B5E.e.653/click - {}
RESULT: {}
COMMAND: POST /session/f0f6a376d10a5af2c006db447d8ba641/element - {"using":"xpath","value":"//input[@id=\"application-manageresources-display-component---newResourceUnit--idRuTSAdmin-application-manageresources-display-component---newResourceUnit--RUTimeSegment-0-inner\"]"}
COMMAND: GET /session/f0f6a376d10a5af2c006db447d8ba641/screenshot - {}
RESULT: {"using":"xpath","value":"//input[@id=\"application-manageresources-display-component---newResourceUnit--idRuTSAdmin-application-manageresources-display-component---newResourceUnit--RUTimeSegment-0-inner\"]"}
COMMAND: POST /session/f0f6a376d10a5af2c006db447d8ba641/element/f.1CC92DAD619AF174DC2D43D5A1BB0063.d.8DD15622D7F92B13A745CDDE76495B5E.e.659/clear - {}
RESULT: {}
RESULT: {}
COMMAND: POST /session/f0f6a376d10a5af2c006db447d8ba641/element/f.1CC92DAD619AF174DC2D43D5A1BB0063.d.8DD15622D7F92B13A745CDDE76495B5E.e.659/value - {"text":"Webdriver Yard"}
COMMAND: GET /session/f0f6a376d10a5af2c006db447d8ba641/screenshot - {}
RESULT: {"text":"Webdriver Yard"}
COMMAND: GET /session/f0f6a376d10a5af2c006db447d8ba641/screenshot - {}
RESULT: {}
RESULT: {}
COMMAND: POST /session/f0f6a376d10a5af2c006db447d8ba641/actions - {"actions":[{"id":"action2","type":"key","parameters":{},"actions":[{"type":"keyDown","value":""},{"type":"pause","duration":10},{"type":"keyUp","value":""}]}]}
RESULT: {"actions":[{"id":"action2","type":"key","parameters":{},"actions":[{"type":"keyDown","value":""},{"type":"pause","duration":10},{"type":"keyUp","value":""}]}]}
COMMAND: POST /session/f0f6a376d10a5af2c006db447d8ba641/execute/async - {"script":"<script> [1562 bytes]","args":[{"selector":{"controlType":"sap.ui.core.Icon","viewName":"reusables.view.manageresources.NewResourceUnit","viewId":"application-manageresources-display-component---newResourceUnit","properties":{"src":{"regex":{"source":"slim\\-arrow\\-down"}}},"ancestor":{"controlType":"sap.m.ComboBox","viewName":"reusables.view.manageresources.NewResourceUnit","viewId":"application-manageresources-display-component---newResourceUnit","bindingPath":{"path":"/RESOURCE_UNIT_TIME_SEQUENCES/0","propertyPath":"COST_OBJECT_ADMIN_CST_TYPE","modelName":"oNewRruModel"}}},"wdio_ui5_key":"reusablesview.manageresources.NewResourceUnitsap.ui.core.Icon{\"src\":{\"regex\":{\"source\":\"slim\\\\-arrow\\\\-down\"}}}{\"controlType\":\"sap.m.ComboBox\",\"viewName\":\"reusables.view.manageresources.NewResourceUnit\",\"viewId\":\"application-manageresources-display-component---newResourceUnit\",\"bindingPath\":{\"path\":\"/RESOURCE_UNIT_TIME_SEQUENCES/0\",\"propertyPath\":\"COST_OBJECT_ADMIN_CST_TYPE\",\"modelName\":\"oNewRruModel\"}}"}]}
COMMAND: GET /session/f0f6a376d10a5af2c006db447d8ba641/screenshot - {}
RESULT: {"script":"<script> [1562 bytes]","args":[{"selector":{"controlType":"sap.ui.core.Icon","viewName":"reusables.view.manageresources.NewResourceUnit","viewId":"application-manageresources-display-component---newResourceUnit","properties":{"src":{"regex":{"source":"slim\\-arrow\\-down"}}},"ancestor":{"controlType":"sap.m.ComboBox","viewName":"reusables.view.manageresources.NewResourceUnit","viewId":"application-manageresources-display-component---newResourceUnit","bindingPath":{"path":"/RESOURCE_UNIT_TIME_SEQUENCES/0","propertyPath":"COST_OBJECT_ADMIN_CST_TYPE","modelName":"oNewRruModel"}}},"wdio_ui5_key":"reusablesview.manageresources.NewResourceUnitsap.ui.core.Icon{\"src\":{\"regex\":{\"source\":\"slim\\\\-arrow\\\\-down\"}}}{\"controlType\":\"sap.m.ComboBox\",\"viewName\":\"reusables.view.manageresources.NewResourceUnit\",\"viewId\":\"application-manageresources-display-component---newResourceUnit\",\"bindingPath\":{\"path\":\"/RESOURCE_UNIT_TIME_SEQUENCES/0\",\"propertyPath\":\"COST_OBJECT_ADMIN_CST_TYPE\",\"modelName\":\"oNewRruModel\"}}"}]}
RESULT: undefined
COMMAND: POST /session/f0f6a376d10a5af2c006db447d8ba641/element - {"using":"xpath","value":"//*[@id=\"__box5-application-manageresources-display-component---newResourceUnit--RUTimeSegment-0-arrow\"]"}
RESULT: {}
RESULT: {"using":"xpath","value":"//*[@id=\"__box5-application-manageresources-display-component---newResourceUnit--RUTimeSegment-0-arrow\"]"}
COMMAND: POST /session/f0f6a376d10a5af2c006db447d8ba641/element/f.1CC92DAD619AF174DC2D43D5A1BB0063.d.8DD15622D7F92B13A745CDDE76495B5E.e.671/click - {}
RESULT: {}
COMMAND: POST /session/f0f6a376d10a5af2c006db447d8ba641/execute/async - {"script":"<script> [1562 bytes]","args":[{"selector":{"controlType":"sap.m.StandardListItem","viewName":"reusables.view.manageresources.NewResourceUnit","viewId":"application-manageresources-display-component---newResourceUnit","properties":{"title":"PM Order"},"searchOpenDialogs":true,"interaction":{"idSuffix":"titleText"}},"wdio_ui5_key":"reusablesview.manageresources.NewResourceUnitsap.m.StandardListItem{\"title\":\"PM Order\"}"}]}
COMMAND: GET /session/f0f6a376d10a5af2c006db447d8ba641/screenshot - {}
RESULT: {"script":"<script> [1562 bytes]","args":[{"selector":{"controlType":"sap.m.StandardListItem","viewName":"reusables.view.manageresources.NewResourceUnit","viewId":"application-manageresources-display-component---newResourceUnit","properties":{"title":"PM Order"},"searchOpenDialogs":true,"interaction":{"idSuffix":"titleText"}},"wdio_ui5_key":"reusablesview.manageresources.NewResourceUnitsap.m.StandardListItem{\"title\":\"PM Order\"}"}]}
RESULT: undefined
COMMAND: POST /session/f0f6a376d10a5af2c006db447d8ba641/element - {"using":"xpath","value":"//*[@id=\"__item403\"]"}
RESULT: {}
RESULT: {"using":"xpath","value":"//*[@id=\"__item403\"]"}
COMMAND: POST /session/f0f6a376d10a5af2c006db447d8ba641/element/f.1CC92DAD619AF174DC2D43D5A1BB0063.d.8DD15622D7F92B13A745CDDE76495B5E.e.675/click - {}
RESULT: {}
COMMAND: GET /session/f0f6a376d10a5af2c006db447d8ba641/screenshot - {}
RESULT: {}
COMMAND: POST /session/f0f6a376d10a5af2c006db447d8ba641/element - {"using":"xpath","value":"(//input[contains(@id ,\"-application-manageresources-display-component---newResourceUnit--RUTimeSegment-0-inner\")])[8]"}
RESULT: {"using":"xpath","value":"(//input[contains(@id ,\"-application-manageresources-display-component---newResourceUnit--RUTimeSegment-0-inner\")])[8]"}
COMMAND: POST /session/f0f6a376d10a5af2c006db447d8ba641/element/f.1CC92DAD619AF174DC2D43D5A1BB0063.d.8DD15622D7F92B13A745CDDE76495B5E.e.678/clear - {}
RESULT: {}
COMMAND: POST /session/f0f6a376d10a5af2c006db447d8ba641/element/f.1CC92DAD619AF174DC2D43D5A1BB0063.d.8DD15622D7F92B13A745CDDE76495B5E.e.678/value - {"text":"4000360"}
COMMAND: GET /session/f0f6a376d10a5af2c006db447d8ba641/screenshot - {}
RESULT: {"text":"4000360"}
COMMAND: GET /session/f0f6a376d10a5af2c006db447d8ba641/screenshot - {}
RESULT: {}
RESULT: {}
COMMAND: POST /session/f0f6a376d10a5af2c006db447d8ba641/actions - {"actions":[{"id":"action3","type":"key","parameters":{},"actions":[{"type":"keyDown","value":""},{"type":"pause","duration":10},{"type":"keyUp","value":""}]}]}
RESULT: {"actions":[{"id":"action3","type":"key","parameters":{},"actions":[{"type":"keyDown","value":""},{"type":"pause","duration":10},{"type":"keyUp","value":""}]}]}
COMMAND: GET /session/f0f6a376d10a5af2c006db447d8ba641/screenshot - {}
RESULT: {}
COMMAND: POST /session/f0f6a376d10a5af2c006db447d8ba641/element - {"using":"xpath","value":"//input[contains(@id ,\"application-manageresources-display-component---newResourceUnit--newTimeSegmentFromDatePicker-application-manageresources-display-component---newResourceUnit--RUTimeSegment-0-inner\")]"}
RESULT: {"using":"xpath","value":"//input[contains(@id ,\"application-manageresources-display-component---newResourceUnit--newTimeSegmentFromDatePicker-application-manageresources-display-component---newResourceUnit--RUTimeSegment-0-inner\")]"}
COMMAND: POST /session/f0f6a376d10a5af2c006db447d8ba641/element/f.1CC92DAD619AF174DC2D43D5A1BB0063.d.8DD15622D7F92B13A745CDDE76495B5E.e.666/clear - {}
RESULT: {}
COMMAND: POST /session/f0f6a376d10a5af2c006db447d8ba641/element/f.1CC92DAD619AF174DC2D43D5A1BB0063.d.8DD15622D7F92B13A745CDDE76495B5E.e.666/clear - {}
COMMAND: GET /session/f0f6a376d10a5af2c006db447d8ba641/screenshot - {}
RESULT: {}
COMMAND: POST /session/f0f6a376d10a5af2c006db447d8ba641/element/f.1CC92DAD619AF174DC2D43D5A1BB0063.d.8DD15622D7F92B13A745CDDE76495B5E.e.666/value - {"text":"07/27/24"}
COMMAND: GET /session/f0f6a376d10a5af2c006db447d8ba641/screenshot - {}
RESULT: {}
RESULT: {"text":"07/27/24"}
COMMAND: POST /session/f0f6a376d10a5af2c006db447d8ba641/execute/async - {"script":"<script> [1562 bytes]","args":[{"selector":{"id":"application-manageresources-display-component---newResourceUnit--newRRUPage-anchBar-application-manageresources-display-component---newResourceUnit--resource-anchor","interaction":{"idSuffix":"BDI-content"}},"wdio_ui5_key":"applicationmanageresources-display-component---newResourceUnit--newRRUPage-anchBar-application-manageresources-display-component---newResourceUnit--resource-anchor"}]}
COMMAND: GET /session/f0f6a376d10a5af2c006db447d8ba641/screenshot - {}
RESULT: {}
RESULT: {"script":"<script> [1562 bytes]","args":[{"selector":{"id":"application-manageresources-display-component---newResourceUnit--newRRUPage-anchBar-application-manageresources-display-component---newResourceUnit--resource-anchor","interaction":{"idSuffix":"BDI-content"}},"wdio_ui5_key":"applicationmanageresources-display-component---newResourceUnit--newRRUPage-anchBar-application-manageresources-display-component---newResourceUnit--resource-anchor"}]}
RESULT: undefined
COMMAND: POST /session/f0f6a376d10a5af2c006db447d8ba641/element - {"using":"xpath","value":"//*[@id=\"application-manageresources-display-component---newResourceUnit--newRRUPage-anchBar-application-manageresources-display-component---newResourceUnit--resource-anchor\"]"}
RESULT: {}
RESULT: {"using":"xpath","value":"//*[@id=\"application-manageresources-display-component---newResourceUnit--newRRUPage-anchBar-application-manageresources-display-component---newResourceUnit--resource-anchor\"]"}
COMMAND: POST /session/f0f6a376d10a5af2c006db447d8ba641/element/f.1CC92DAD619AF174DC2D43D5A1BB0063.d.8DD15622D7F92B13A745CDDE76495B5E.e.700/click - {}
RESULT: {}
COMMAND: POST /session/f0f6a376d10a5af2c006db447d8ba641/execute/async - {"script":"<script> [1562 bytes]","args":[{"selector":{"id":"application-manageresources-display-component---newResourceUnit--PLANNED_DELIVERY_DATE","interaction":{"idSuffix":"inner"}},"wdio_ui5_key":"applicationmanageresources-display-component---newResourceUnit--PLANNED_DELIVERY_DATE"}]}
COMMAND: GET /session/f0f6a376d10a5af2c006db447d8ba641/screenshot - {}
RESULT: {"script":"<script> [1562 bytes]","args":[{"selector":{"id":"application-manageresources-display-component---newResourceUnit--PLANNED_DELIVERY_DATE","interaction":{"idSuffix":"inner"}},"wdio_ui5_key":"applicationmanageresources-display-component---newResourceUnit--PLANNED_DELIVERY_DATE"}]}
RESULT: undefined
COMMAND: POST /session/f0f6a376d10a5af2c006db447d8ba641/execute/async - {"script":"<script> [6424 bytes]","args":[{"element-6066-11e4-a52e-4f735466cecf":"f.1CC92DAD619AF174DC2D43D5A1BB0063.d.8DD15622D7F92B13A745CDDE76495B5E.e.531"},"setValue",["07/27/24"]]}
RESULT: {}
RESULT: {"script":"<script> [6424 bytes]","args":[{"element-6066-11e4-a52e-4f735466cecf":"f.1CC92DAD619AF174DC2D43D5A1BB0063.d.8DD15622D7F92B13A745CDDE76495B5E.e.531"},"setValue",["07/27/24"]]}
COMMAND: POST /session/f0f6a376d10a5af2c006db447d8ba641/execute/async - {"script":"<script> [1562 bytes]","args":[{"selector":{"id":"application-manageresources-display-component---newResourceUnit--RETIRE_PLANNED_DATE","interaction":{"idSuffix":"inner"}},"wdio_ui5_key":"applicationmanageresources-display-component---newResourceUnit--RETIRE_PLANNED_DATE"}]}
RESULT: {"script":"<script> [1562 bytes]","args":[{"selector":{"id":"application-manageresources-display-component---newResourceUnit--RETIRE_PLANNED_DATE","interaction":{"idSuffix":"inner"}},"wdio_ui5_key":"applicationmanageresources-display-component---newResourceUnit--RETIRE_PLANNED_DATE"}]}
RESULT: undefined
COMMAND: POST /session/f0f6a376d10a5af2c006db447d8ba641/execute/async - {"script":"<script> [776 bytes]","args":[{"enterText":"3/14/29","selector":{"id":"application-manageresources-display-component---newResourceUnit--RETIRE_PLANNED_DATE","interaction":{"idSuffix":"inner"}},"clearTextFirst":true,"interactionType":"ENTER_TEXT"}]}
RESULT: {"script":"<script> [776 bytes]","args":[{"enterText":"3/14/29","selector":{"id":"application-manageresources-display-component---newResourceUnit--RETIRE_PLANNED_DATE","interaction":{"idSuffix":"inner"}},"clearTextFirst":true,"interactionType":"ENTER_TEXT"}]}
COMMAND: POST /session/f0f6a376d10a5af2c006db447d8ba641/execute/async - {"script":"<script> [1562 bytes]","args":[{"selector":{"controlType":"sap.m.Button","viewName":"reusables.view.manageresources.NewResourceUnit","viewId":"application-manageresources-display-component---newResourceUnit","i18NText":{"propertyName":"tooltip","key":"save"},"interaction":{"idSuffix":"BDI-content"}},"wdio_ui5_key":"reusablesview.manageresources.NewResourceUnitsap.m.Button{\"propertyName\":\"tooltip\",\"key\":\"save\"}"}]}
RESULT: {"script":"<script> [1562 bytes]","args":[{"selector":{"controlType":"sap.m.Button","viewName":"reusables.view.manageresources.NewResourceUnit","viewId":"application-manageresources-display-component---newResourceUnit","i18NText":{"propertyName":"tooltip","key":"save"},"interaction":{"idSuffix":"BDI-content"}},"wdio_ui5_key":"reusablesview.manageresources.NewResourceUnitsap.m.Button{\"propertyName\":\"tooltip\",\"key\":\"save\"}"}]}
RESULT: undefined
COMMAND: POST /session/f0f6a376d10a5af2c006db447d8ba641/element - {"using":"xpath","value":"//*[@id=\"application-manageresources-display-component---newResourceUnit--createRuButton\"]"}
RESULT: {"using":"xpath","value":"//*[@id=\"application-manageresources-display-component---newResourceUnit--createRuButton\"]"}
COMMAND: POST /session/f0f6a376d10a5af2c006db447d8ba641/element/f.1CC92DAD619AF174DC2D43D5A1BB0063.d.8DD15622D7F92B13A745CDDE76495B5E.e.490/click - {}
RESULT: {}
COMMAND: GET /session/f0f6a376d10a5af2c006db447d8ba641/screenshot - {}
RESULT: {}
COMMAND: POST /session/f0f6a376d10a5af2c006db447d8ba641/execute/async - {"script":"<script> [1562 bytes]","args":[{"selector":{"controlType":"sap.m.Button","properties":{"text":"Close"},"searchOpenDialogs":true,"interaction":{"idSuffix":"inner"}},"wdio_ui5_key":"sapm.Button{\"text\":\"Close\"}"}]}
RESULT: {"script":"<script> [1562 bytes]","args":[{"selector":{"controlType":"sap.m.Button","properties":{"text":"Close"},"searchOpenDialogs":true,"interaction":{"idSuffix":"inner"}},"wdio_ui5_key":"sapm.Button{\"text\":\"Close\"}"}]}
RESULT: undefined
COMMAND: POST /session/f0f6a376d10a5af2c006db447d8ba641/element - {"using":"xpath","value":"//*[@id=\"__mbox-btn-0\"]"}
RESULT: {"using":"xpath","value":"//*[@id=\"__mbox-btn-0\"]"}
COMMAND: POST /session/f0f6a376d10a5af2c006db447d8ba641/element/f.1CC92DAD619AF174DC2D43D5A1BB0063.d.8DD15622D7F92B13A745CDDE76495B5E.e.710/click - {}
RESULT: {}
COMMAND: GET /session/f0f6a376d10a5af2c006db447d8ba641/screenshot - {}
COMMAND: POST /session/f0f6a376d10a5af2c006db447d8ba641/execute/async - {"script":"<script> [1562 bytes]","args":[{"selector":{"controlType":"sap.m.Text","viewName":"etm.portal.ui.manageresources.view.Detail","viewId":"application-manageresources-display-component---detailRU","bindingPath":{"propertyPath":"ID","modelName":"catalogModel"}},"wdio_ui5_key":"etmportal.ui.manageresources.view.Detailsap.m.Text{\"propertyPath\":\"ID\",\"modelName\":\"catalogModel\"}"}]}
RESULT: {}
RESULT: {"script":"<script> [1562 bytes]","args":[{"selector":{"controlType":"sap.m.Text","viewName":"etm.portal.ui.manageresources.view.Detail","viewId":"application-manageresources-display-component---detailRU","bindingPath":{"propertyPath":"ID","modelName":"catalogModel"}},"wdio_ui5_key":"etmportal.ui.manageresources.view.Detailsap.m.Text{\"propertyPath\":\"ID\",\"modelName\":\"catalogModel\"}"}]}
RESULT: undefined
COMMAND: POST /session/f0f6a376d10a5af2c006db447d8ba641/execute/async - {"script":"<script> [6424 bytes]","args":[{"element-6066-11e4-a52e-4f735466cecf":"f.1CC92DAD619AF174DC2D43D5A1BB0063.d.8DD15622D7F92B13A745CDDE76495B5E.e.768"},"getText",[]]}
RESULT: {"script":"<script> [6424 bytes]","args":[{"element-6066-11e4-a52e-4f735466cecf":"f.1CC92DAD619AF174DC2D43D5A1BB0063.d.8DD15622D7F92B13A745CDDE76495B5E.e.768"},"getText",[]]}
COMMAND: POST /session/f0f6a376d10a5af2c006db447d8ba641/element - {"using":"xpath","value":"//*[text()=\"Edit\"]"}
RESULT: {"using":"xpath","value":"//*[text()=\"Edit\"]"}
COMMAND: POST /session/f0f6a376d10a5af2c006db447d8ba641/execute/sync - {"script":"<script> [8489 bytes]","args":[{"element-6066-11e4-a52e-4f735466cecf":"f.1CC92DAD619AF174DC2D43D5A1BB0063.d.8DD15622D7F92B13A745CDDE76495B5E.e.769","ELEMENT":"f.1CC92DAD619AF174DC2D43D5A1BB0063.d.8DD15622D7F92B13A745CDDE76495B5E.e.769"}]}
RESULT: {"script":"<script> [8489 bytes]","args":[{"element-6066-11e4-a52e-4f735466cecf":"f.1CC92DAD619AF174DC2D43D5A1BB0063.d.8DD15622D7F92B13A745CDDE76495B5E.e.769","ELEMENT":"f.1CC92DAD619AF174DC2D43D5A1BB0063.d.8DD15622D7F92B13A745CDDE76495B5E.e.769"}]}
COMMAND: POST /session/f0f6a376d10a5af2c006db447d8ba641/execute/sync - {"script":"<script> [5351 bytes]","args":[{"element-6066-11e4-a52e-4f735466cecf":"f.1CC92DAD619AF174DC2D43D5A1BB0063.d.8DD15622D7F92B13A745CDDE76495B5E.e.769","ELEMENT":"f.1CC92DAD619AF174DC2D43D5A1BB0063.d.8DD15622D7F92B13A745CDDE76495B5E.e.769"}]}
COMMAND: GET /session/f0f6a376d10a5af2c006db447d8ba641/screenshot - {}
RESULT: {"script":"<script> [5351 bytes]","args":[{"element-6066-11e4-a52e-4f735466cecf":"f.1CC92DAD619AF174DC2D43D5A1BB0063.d.8DD15622D7F92B13A745CDDE76495B5E.e.769","ELEMENT":"f.1CC92DAD619AF174DC2D43D5A1BB0063.d.8DD15622D7F92B13A745CDDE76495B5E.e.769"}]}
COMMAND: POST /session/f0f6a376d10a5af2c006db447d8ba641/element/f.1CC92DAD619AF174DC2D43D5A1BB0063.d.8DD15622D7F92B13A745CDDE76495B5E.e.769/click - {}
COMMAND: GET /session/f0f6a376d10a5af2c006db447d8ba641/screenshot - {}
RESULT: {}
RESULT: {}
COMMAND: GET /session/f0f6a376d10a5af2c006db447d8ba641/screenshot - {}
RESULT: {}
RESULT: {}
COMMAND: POST /session/f0f6a376d10a5af2c006db447d8ba641/element - {"using":"xpath","value":"//div[contains(@id ,\"application-manageresources-display-component---editResource--counters-title\")]"}
RESULT: {"using":"xpath","value":"//div[contains(@id ,\"application-manageresources-display-component---editResource--counters-title\")]"}
COMMAND: GET /session/f0f6a376d10a5af2c006db447d8ba641/element/f.1CC92DAD619AF174DC2D43D5A1BB0063.d.8DD15622D7F92B13A745CDDE76495B5E.e.907/rect - {}
RESULT: {}
COMMAND: GET /session/f0f6a376d10a5af2c006db447d8ba641/window/rect - {}
RESULT: {}
COMMAND: POST /session/f0f6a376d10a5af2c006db447d8ba641/execute/sync - {"script":"<script> [92 bytes]","args":[]}
RESULT: {"script":"<script> [92 bytes]","args":[]}
COMMAND: POST /session/f0f6a376d10a5af2c006db447d8ba641/actions - {"actions":[{"id":"action4","type":"wheel","parameters":{},"actions":[{"type":"scroll","x":-1864,"y":2104,"deltaX":0,"deltaY":0,"duration":0,"origin":{"element-6066-11e4-a52e-4f735466cecf":"f.1CC92DAD619AF174DC2D43D5A1BB0063.d.8DD15622D7F92B13A745CDDE76495B5E.e.907"}}]}]}
COMMAND: GET /session/f0f6a376d10a5af2c006db447d8ba641/screenshot - {}
RESULT: {}
COMMAND: POST /session/f0f6a376d10a5af2c006db447d8ba641/execute/sync - {"script":"<script> [79 bytes]","args":[{"element-6066-11e4-a52e-4f735466cecf":"f.1CC92DAD619AF174DC2D43D5A1BB0063.d.8DD15622D7F92B13A745CDDE76495B5E.e.907","ELEMENT":"f.1CC92DAD619AF174DC2D43D5A1BB0063.d.8DD15622D7F92B13A745CDDE76495B5E.e.907"},{"block":"start","inline":"nearest"}]}
RESULT: {"script":"<script> [79 bytes]","args":[{"element-6066-11e4-a52e-4f735466cecf":"f.1CC92DAD619AF174DC2D43D5A1BB0063.d.8DD15622D7F92B13A745CDDE76495B5E.e.907","ELEMENT":"f.1CC92DAD619AF174DC2D43D5A1BB0063.d.8DD15622D7F92B13A745CDDE76495B5E.e.907"},{"block":"start","inline":"nearest"}]}
COMMAND: POST /session/f0f6a376d10a5af2c006db447d8ba641/execute/async - {"script":"<script> [1562 bytes]","args":[{"selector":{"id":"application-manageresources-display-component---editResource--btnAddCounter-img"},"wdio_ui5_key":"applicationmanageresources-display-component---editResource--btnAddCounter-img"}]}
COMMAND: GET /session/f0f6a376d10a5af2c006db447d8ba641/screenshot - {}
RESULT: {"script":"<script> [1562 bytes]","args":[{"selector":{"id":"application-manageresources-display-component---editResource--btnAddCounter-img"},"wdio_ui5_key":"applicationmanageresources-display-component---editResource--btnAddCounter-img"}]}
RESULT: undefined
COMMAND: POST /session/f0f6a376d10a5af2c006db447d8ba641/element - {"using":"xpath","value":"//*[@id=\"application-manageresources-display-component---editResource--btnAddCounter-img\"]"}
RESULT: {}
RESULT: {"using":"xpath","value":"//*[@id=\"application-manageresources-display-component---editResource--btnAddCounter-img\"]"}
COMMAND: POST /session/f0f6a376d10a5af2c006db447d8ba641/element/f.1CC92DAD619AF174DC2D43D5A1BB0063.d.8DD15622D7F92B13A745CDDE76495B5E.e.916/click - {}
RESULT: {}
COMMAND: GET /session/f0f6a376d10a5af2c006db447d8ba641/screenshot - {}
RESULT: {}
COMMAND: POST /session/f0f6a376d10a5af2c006db447d8ba641/execute/async - {"script":"<script> [1562 bytes]","args":[{"selector":{"id":"application-manageresources-display-component---editResource--HAND_OVER_TYPE-application-manageresources-display-component---editResource--RUCounters-0","interaction":{"idSuffix":"CbBg"}},"wdio_ui5_key":"applicationmanageresources-display-component---editResource--HAND_OVER_TYPE-application-manageresources-display-component---editResource--RUCounters-0"}]}
RESULT: {"script":"<script> [1562 bytes]","args":[{"selector":{"id":"application-manageresources-display-component---editResource--HAND_OVER_TYPE-application-manageresources-display-component---editResource--RUCounters-0","interaction":{"idSuffix":"CbBg"}},"wdio_ui5_key":"applicationmanageresources-display-component---editResource--HAND_OVER_TYPE-application-manageresources-display-component---editResource--RUCounters-0"}]}
RESULT: undefined
COMMAND: POST /session/f0f6a376d10a5af2c006db447d8ba641/element - {"using":"xpath","value":"//*[@id=\"application-manageresources-display-component---editResource--HAND_OVER_TYPE-application-manageresources-display-component---editResource--RUCounters-0\"]"}
RESULT: {"using":"xpath","value":"//*[@id=\"application-manageresources-display-component---editResource--HAND_OVER_TYPE-application-manageresources-display-component---editResource--RUCounters-0\"]"}
COMMAND: POST /session/f0f6a376d10a5af2c006db447d8ba641/element/f.1CC92DAD619AF174DC2D43D5A1BB0063.d.8DD15622D7F92B13A745CDDE76495B5E.e.922/click - {}
RESULT: {}
COMMAND: POST /session/f0f6a376d10a5af2c006db447d8ba641/execute/async - {"script":"<script> [1562 bytes]","args":[{"selector":{"controlType":"sap.m.Button","viewName":"etm.portal.ui.manageresources.view.EditResource","viewId":"application-manageresources-display-component---editResource","i18NText":{"propertyName":"text","key":"save"},"interaction":{"idSuffix":"BDI-content"}},"wdio_ui5_key":"etmportal.ui.manageresources.view.EditResourcesap.m.Button{\"propertyName\":\"text\",\"key\":\"save\"}"}]}
COMMAND: GET /session/f0f6a376d10a5af2c006db447d8ba641/screenshot - {}
RESULT: {"script":"<script> [1562 bytes]","args":[{"selector":{"controlType":"sap.m.Button","viewName":"etm.portal.ui.manageresources.view.EditResource","viewId":"application-manageresources-display-component---editResource","i18NText":{"propertyName":"text","key":"save"},"interaction":{"idSuffix":"BDI-content"}},"wdio_ui5_key":"etmportal.ui.manageresources.view.EditResourcesap.m.Button{\"propertyName\":\"text\",\"key\":\"save\"}"}]}
RESULT: undefined
COMMAND: POST /session/f0f6a376d10a5af2c006db447d8ba641/element - {"using":"xpath","value":"//*[@id=\"__button102\"]"}
RESULT: {}
RESULT: {"using":"xpath","value":"//*[@id=\"__button102\"]"}
COMMAND: POST /session/f0f6a376d10a5af2c006db447d8ba641/element/f.1CC92DAD619AF174DC2D43D5A1BB0063.d.8DD15622D7F92B13A745CDDE76495B5E.e.924/click - {}
RESULT: {}
COMMAND: GET /session/f0f6a376d10a5af2c006db447d8ba641/screenshot - {}
COMMAND: POST /session/f0f6a376d10a5af2c006db447d8ba641/element - {"using":"css selector","value":"#shell-header-logo"}
RESULT: {}
RESULT: {"using":"css selector","value":"#shell-header-logo"}
COMMAND: POST /session/f0f6a376d10a5af2c006db447d8ba641/element/f.1CC92DAD619AF174DC2D43D5A1BB0063.d.8DD15622D7F92B13A745CDDE76495B5E.e.118/click - {}
RESULT: {}
COMMAND: GET /session/f0f6a376d10a5af2c006db447d8ba641/screenshot - {}
RESULT: {}
]]></system-out>
    </testcase>
    <testcase classname="chrome.137_0_7151_69.windows.ISC_Create_schedule_with_time_schedule_with_counter_US138269" name="Should do a stock increase and add the first counter" time="86.726">
      <system-out><![CDATA[
COMMAND: POST /session/f0f6a376d10a5af2c006db447d8ba641/execute/async - {"script":"<script> [1562 bytes]","args":[{"selector":{"controlType":"sap.m.Text","viewName":"etm.portal.ui.managehandoverstile.view.Master","properties":{"text":"Manage Handovers"},"interaction":{"idSuffix":"inner"}},"wdio_ui5_key":"etmportal.ui.managehandoverstile.view.Mastersap.m.Text{\"text\":\"Manage Handovers\"}"}]}
RESULT: {"script":"<script> [1562 bytes]","args":[{"selector":{"controlType":"sap.m.Text","viewName":"etm.portal.ui.managehandoverstile.view.Master","properties":{"text":"Manage Handovers"},"interaction":{"idSuffix":"inner"}},"wdio_ui5_key":"etmportal.ui.managehandoverstile.view.Mastersap.m.Text{\"text\":\"Manage Handovers\"}"}]}
RESULT: undefined
COMMAND: POST /session/f0f6a376d10a5af2c006db447d8ba641/element - {"using":"xpath","value":"//*[@id=\"__tile134-title\"]"}
RESULT: {"using":"xpath","value":"//*[@id=\"__tile134-title\"]"}
COMMAND: POST /session/f0f6a376d10a5af2c006db447d8ba641/element/f.1CC92DAD619AF174DC2D43D5A1BB0063.d.8DD15622D7F92B13A745CDDE76495B5E.e.939/click - {}
RESULT: {}
COMMAND: GET /session/f0f6a376d10a5af2c006db447d8ba641/screenshot - {}
RESULT: {}
COMMAND: POST /session/f0f6a376d10a5af2c006db447d8ba641/execute/async - {"script":"<script> [1562 bytes]","args":[{"selector":{"controlType":"sap.ui.core.Icon","viewName":"etm.portal.ui.managehandovers.view.MasterHO","properties":{"src":{"regex":{"source":"add"}}}},"wdio_ui5_key":"etmportal.ui.managehandovers.view.MasterHOsap.ui.core.Icon{\"src\":{\"regex\":{\"source\":\"add\"}}}"}]}
RESULT: {"script":"<script> [1562 bytes]","args":[{"selector":{"controlType":"sap.ui.core.Icon","viewName":"etm.portal.ui.managehandovers.view.MasterHO","properties":{"src":{"regex":{"source":"add"}}}},"wdio_ui5_key":"etmportal.ui.managehandovers.view.MasterHOsap.ui.core.Icon{\"src\":{\"regex\":{\"source\":\"add\"}}}"}]}
RESULT: undefined
COMMAND: POST /session/f0f6a376d10a5af2c006db447d8ba641/element - {"using":"xpath","value":"//*[@id=\"__button146-img\"]"}
RESULT: {"using":"xpath","value":"//*[@id=\"__button146-img\"]"}
COMMAND: POST /session/f0f6a376d10a5af2c006db447d8ba641/element/f.1CC92DAD619AF174DC2D43D5A1BB0063.d.8DD15622D7F92B13A745CDDE76495B5E.e.982/click - {}
RESULT: {}
COMMAND: POST /session/f0f6a376d10a5af2c006db447d8ba641/execute/async - {"script":"<script> [1562 bytes]","args":[{"selector":{"id":"application-managehandovers-display-component---AddNewHO--typeSelect","interaction":{"idSuffix":"arrow"}},"wdio_ui5_key":"applicationmanagehandovers-display-component---AddNewHO--typeSelect"}]}
COMMAND: GET /session/f0f6a376d10a5af2c006db447d8ba641/screenshot - {}
RESULT: {"script":"<script> [1562 bytes]","args":[{"selector":{"id":"application-managehandovers-display-component---AddNewHO--typeSelect","interaction":{"idSuffix":"arrow"}},"wdio_ui5_key":"applicationmanagehandovers-display-component---AddNewHO--typeSelect"}]}
RESULT: undefined
COMMAND: POST /session/f0f6a376d10a5af2c006db447d8ba641/element - {"using":"xpath","value":"//*[@id=\"application-managehandovers-display-component---AddNewHO--typeSelect\"]"}
RESULT: {}
RESULT: {"using":"xpath","value":"//*[@id=\"application-managehandovers-display-component---AddNewHO--typeSelect\"]"}
COMMAND: POST /session/f0f6a376d10a5af2c006db447d8ba641/element/f.1CC92DAD619AF174DC2D43D5A1BB0063.d.8DD15622D7F92B13A745CDDE76495B5E.e.1271/click - {}
RESULT: {}
COMMAND: POST /session/f0f6a376d10a5af2c006db447d8ba641/execute/async - {"script":"<script> [1562 bytes]","args":[{"selector":{"controlType":"sap.ui.core.Item","viewName":"etm.portal.ui.managehandovers.view.AddNewHO","viewId":"application-managehandovers-display-component---AddNewHO","bindingPath":{"path":"/HandOverTypes('100')","propertyPath":"ID","modelName":"catalogModel"},"searchOpenDialogs":true},"wdio_ui5_key":"etmportal.ui.managehandovers.view.AddNewHOsap.ui.core.Item{\"path\":\"/HandOverTypes('100')\",\"propertyPath\":\"ID\",\"modelName\":\"catalogModel\"}"}]}
COMMAND: GET /session/f0f6a376d10a5af2c006db447d8ba641/screenshot - {}
RESULT: {"script":"<script> [1562 bytes]","args":[{"selector":{"controlType":"sap.ui.core.Item","viewName":"etm.portal.ui.managehandovers.view.AddNewHO","viewId":"application-managehandovers-display-component---AddNewHO","bindingPath":{"path":"/HandOverTypes('100')","propertyPath":"ID","modelName":"catalogModel"},"searchOpenDialogs":true},"wdio_ui5_key":"etmportal.ui.managehandovers.view.AddNewHOsap.ui.core.Item{\"path\":\"/HandOverTypes('100')\",\"propertyPath\":\"ID\",\"modelName\":\"catalogModel\"}"}]}
RESULT: undefined
COMMAND: POST /session/f0f6a376d10a5af2c006db447d8ba641/element - {"using":"xpath","value":"//*[@id=\"__item947-application-managehandovers-display-component---AddNewHO--typeSelect-1\"]"}
RESULT: {}
RESULT: {"using":"xpath","value":"//*[@id=\"__item947-application-managehandovers-display-component---AddNewHO--typeSelect-1\"]"}
COMMAND: POST /session/f0f6a376d10a5af2c006db447d8ba641/element/f.1CC92DAD619AF174DC2D43D5A1BB0063.d.8DD15622D7F92B13A745CDDE76495B5E.e.1272/click - {}
RESULT: {}
COMMAND: POST /session/f0f6a376d10a5af2c006db447d8ba641/execute/async - {"script":"<script> [1562 bytes]","args":[{"selector":{"id":"application-managehandovers-display-component---AddNewHO--dueDate","interaction":{"idSuffix":"inner"}},"wdio_ui5_key":"applicationmanagehandovers-display-component---AddNewHO--dueDate"}]}
COMMAND: GET /session/f0f6a376d10a5af2c006db447d8ba641/screenshot - {}
RESULT: {"script":"<script> [1562 bytes]","args":[{"selector":{"id":"application-managehandovers-display-component---AddNewHO--dueDate","interaction":{"idSuffix":"inner"}},"wdio_ui5_key":"applicationmanagehandovers-display-component---AddNewHO--dueDate"}]}
RESULT: undefined
COMMAND: POST /session/f0f6a376d10a5af2c006db447d8ba641/execute/async - {"script":"<script> [6424 bytes]","args":[{"element-6066-11e4-a52e-4f735466cecf":"f.1CC92DAD619AF174DC2D43D5A1BB0063.d.8DD15622D7F92B13A745CDDE76495B5E.e.1275"},"setValue",["07/27/24"]]}
RESULT: {}
RESULT: {"script":"<script> [6424 bytes]","args":[{"element-6066-11e4-a52e-4f735466cecf":"f.1CC92DAD619AF174DC2D43D5A1BB0063.d.8DD15622D7F92B13A745CDDE76495B5E.e.1275"},"setValue",["07/27/24"]]}
COMMAND: POST /session/f0f6a376d10a5af2c006db447d8ba641/element - {"using":"xpath","value":"//input[@id=\"generalSectionFrg--receiveYard-inner\"]"}
RESULT: {"using":"xpath","value":"//input[@id=\"generalSectionFrg--receiveYard-inner\"]"}
COMMAND: POST /session/f0f6a376d10a5af2c006db447d8ba641/element/f.1CC92DAD619AF174DC2D43D5A1BB0063.d.8DD15622D7F92B13A745CDDE76495B5E.e.1281/clear - {}
RESULT: {}
COMMAND: POST /session/f0f6a376d10a5af2c006db447d8ba641/element/f.1CC92DAD619AF174DC2D43D5A1BB0063.d.8DD15622D7F92B13A745CDDE76495B5E.e.1281/value - {"text":"Webdriver Yard"}
COMMAND: GET /session/f0f6a376d10a5af2c006db447d8ba641/screenshot - {}
RESULT: {"text":"Webdriver Yard"}
COMMAND: GET /session/f0f6a376d10a5af2c006db447d8ba641/screenshot - {}
RESULT: {}
RESULT: {}
COMMAND: POST /session/f0f6a376d10a5af2c006db447d8ba641/execute/async - {"script":"<script> [1562 bytes]","args":[{"selector":{"id":"application-managehandovers-display-component---AddNewHO--ObjectPageLayout-anchBar-application-managehandovers-display-component---AddNewHO--section4-anchor","interaction":{"idSuffix":"BDI-content"}},"wdio_ui5_key":"applicationmanagehandovers-display-component---AddNewHO--ObjectPageLayout-anchBar-application-managehandovers-display-component---AddNewHO--section4-anchor"}]}
RESULT: {"script":"<script> [1562 bytes]","args":[{"selector":{"id":"application-managehandovers-display-component---AddNewHO--ObjectPageLayout-anchBar-application-managehandovers-display-component---AddNewHO--section4-anchor","interaction":{"idSuffix":"BDI-content"}},"wdio_ui5_key":"applicationmanagehandovers-display-component---AddNewHO--ObjectPageLayout-anchBar-application-managehandovers-display-component---AddNewHO--section4-anchor"}]}
RESULT: undefined
COMMAND: POST /session/f0f6a376d10a5af2c006db447d8ba641/element - {"using":"xpath","value":"//*[@id=\"application-managehandovers-display-component---AddNewHO--ObjectPageLayout-anchBar-application-managehandovers-display-component---AddNewHO--section4-anchor\"]"}
RESULT: {"using":"xpath","value":"//*[@id=\"application-managehandovers-display-component---AddNewHO--ObjectPageLayout-anchBar-application-managehandovers-display-component---AddNewHO--section4-anchor\"]"}
COMMAND: POST /session/f0f6a376d10a5af2c006db447d8ba641/element/f.1CC92DAD619AF174DC2D43D5A1BB0063.d.8DD15622D7F92B13A745CDDE76495B5E.e.1301/click - {}
RESULT: {}
COMMAND: POST /session/f0f6a376d10a5af2c006db447d8ba641/execute/async - {"script":"<script> [1562 bytes]","args":[{"selector":{"controlType":"sap.ui.core.Icon","viewName":"etm.portal.ui.managehandovers.view.AddNewHO","viewId":"application-managehandovers-display-component---AddNewHO","properties":{"src":{"regex":{"source":"add"}}}},"wdio_ui5_key":"etmportal.ui.managehandovers.view.AddNewHOsap.ui.core.Icon{\"src\":{\"regex\":{\"source\":\"add\"}}}"}]}
COMMAND: GET /session/f0f6a376d10a5af2c006db447d8ba641/screenshot - {}
RESULT: {"script":"<script> [1562 bytes]","args":[{"selector":{"controlType":"sap.ui.core.Icon","viewName":"etm.portal.ui.managehandovers.view.AddNewHO","viewId":"application-managehandovers-display-component---AddNewHO","properties":{"src":{"regex":{"source":"add"}}}},"wdio_ui5_key":"etmportal.ui.managehandovers.view.AddNewHOsap.ui.core.Icon{\"src\":{\"regex\":{\"source\":\"add\"}}}"}]}
RESULT: undefined
COMMAND: POST /session/f0f6a376d10a5af2c006db447d8ba641/element - {"using":"xpath","value":"//*[@id=\"__button167-img\"]"}
RESULT: {}
RESULT: {"using":"xpath","value":"//*[@id=\"__button167-img\"]"}
COMMAND: POST /session/f0f6a376d10a5af2c006db447d8ba641/element/f.1CC92DAD619AF174DC2D43D5A1BB0063.d.8DD15622D7F92B13A745CDDE76495B5E.e.1305/click - {}
RESULT: {}
COMMAND: POST /session/f0f6a376d10a5af2c006db447d8ba641/execute/async - {"script":"<script> [1562 bytes]","args":[{"selector":{"id":"application-managehandovers-display-component---AddNewHO--smartFilterBar-btnBasicSearch","searchOpenDialogs":true,"interaction":{"idSuffix":"I"}},"wdio_ui5_key":"applicationmanagehandovers-display-component---AddNewHO--smartFilterBar-btnBasicSearch"}]}
COMMAND: GET /session/f0f6a376d10a5af2c006db447d8ba641/screenshot - {}
RESULT: {"script":"<script> [1562 bytes]","args":[{"selector":{"id":"application-managehandovers-display-component---AddNewHO--smartFilterBar-btnBasicSearch","searchOpenDialogs":true,"interaction":{"idSuffix":"I"}},"wdio_ui5_key":"applicationmanagehandovers-display-component---AddNewHO--smartFilterBar-btnBasicSearch"}]}
RESULT: undefined
COMMAND: POST /session/f0f6a376d10a5af2c006db447d8ba641/execute/async - {"script":"<script> [776 bytes]","args":[{"enterText":"EquipmentCounteriepmq","selector":{"id":"application-managehandovers-display-component---AddNewHO--smartFilterBar-btnBasicSearch","searchOpenDialogs":true,"interaction":{"idSuffix":"I"}},"clearTextFirst":true,"interactionType":"ENTER_TEXT"}]}
RESULT: {}
RESULT: {"script":"<script> [776 bytes]","args":[{"enterText":"EquipmentCounteriepmq","selector":{"id":"application-managehandovers-display-component---AddNewHO--smartFilterBar-btnBasicSearch","searchOpenDialogs":true,"interaction":{"idSuffix":"I"}},"clearTextFirst":true,"interactionType":"ENTER_TEXT"}]}
COMMAND: POST /session/f0f6a376d10a5af2c006db447d8ba641/actions - {"actions":[{"id":"action5","type":"key","parameters":{},"actions":[{"type":"keyDown","value":""},{"type":"pause","duration":10},{"type":"keyUp","value":""}]}]}
RESULT: {"actions":[{"id":"action5","type":"key","parameters":{},"actions":[{"type":"keyDown","value":""},{"type":"pause","duration":10},{"type":"keyUp","value":""}]}]}
COMMAND: POST /session/f0f6a376d10a5af2c006db447d8ba641/execute/async - {"script":"<script> [1562 bytes]","args":[{"selector":{"id":"application-managehandovers-display-component---AddNewHO--popup-sa","searchOpenDialogs":true,"interaction":{"idSuffix":"CbBg"}},"wdio_ui5_key":"applicationmanagehandovers-display-component---AddNewHO--popup-sa"}]}
COMMAND: GET /session/f0f6a376d10a5af2c006db447d8ba641/screenshot - {}
RESULT: {"script":"<script> [1562 bytes]","args":[{"selector":{"id":"application-managehandovers-display-component---AddNewHO--popup-sa","searchOpenDialogs":true,"interaction":{"idSuffix":"CbBg"}},"wdio_ui5_key":"applicationmanagehandovers-display-component---AddNewHO--popup-sa"}]}
RESULT: undefined
COMMAND: POST /session/f0f6a376d10a5af2c006db447d8ba641/element - {"using":"xpath","value":"//*[@id=\"application-managehandovers-display-component---AddNewHO--popup-sa\"]"}
RESULT: {}
RESULT: {"using":"xpath","value":"//*[@id=\"application-managehandovers-display-component---AddNewHO--popup-sa\"]"}
COMMAND: POST /session/f0f6a376d10a5af2c006db447d8ba641/element/f.1CC92DAD619AF174DC2D43D5A1BB0063.d.8DD15622D7F92B13A745CDDE76495B5E.e.1391/click - {}
RESULT: {}
COMMAND: POST /session/f0f6a376d10a5af2c006db447d8ba641/execute/async - {"script":"<script> [1562 bytes]","args":[{"selector":{"controlType":"sap.m.Button","viewName":"etm.portal.ui.managehandovers.view.AddNewHO","viewId":"application-managehandovers-display-component---AddNewHO","i18NText":{"propertyName":"text","key":"select"},"searchOpenDialogs":true,"interaction":{"idSuffix":"BDI-content"}},"wdio_ui5_key":"etmportal.ui.managehandovers.view.AddNewHOsap.m.Button{\"propertyName\":\"text\",\"key\":\"select\"}"}]}
COMMAND: GET /session/f0f6a376d10a5af2c006db447d8ba641/screenshot - {}
RESULT: {"script":"<script> [1562 bytes]","args":[{"selector":{"controlType":"sap.m.Button","viewName":"etm.portal.ui.managehandovers.view.AddNewHO","viewId":"application-managehandovers-display-component---AddNewHO","i18NText":{"propertyName":"text","key":"select"},"searchOpenDialogs":true,"interaction":{"idSuffix":"BDI-content"}},"wdio_ui5_key":"etmportal.ui.managehandovers.view.AddNewHOsap.m.Button{\"propertyName\":\"text\",\"key\":\"select\"}"}]}
RESULT: undefined
COMMAND: POST /session/f0f6a376d10a5af2c006db447d8ba641/element - {"using":"xpath","value":"//*[@id=\"__button170\"]"}
RESULT: {}
RESULT: {"using":"xpath","value":"//*[@id=\"__button170\"]"}
COMMAND: POST /session/f0f6a376d10a5af2c006db447d8ba641/element/f.1CC92DAD619AF174DC2D43D5A1BB0063.d.8DD15622D7F92B13A745CDDE76495B5E.e.1393/click - {}
RESULT: {}
COMMAND: POST /session/f0f6a376d10a5af2c006db447d8ba641/execute/async - {"script":"<script> [1562 bytes]","args":[{"selector":{"id":"application-managehandovers-display-component---AddNewHO--confirmCreationButton","interaction":{"idSuffix":"BDI-content"}},"wdio_ui5_key":"applicationmanagehandovers-display-component---AddNewHO--confirmCreationButton"}]}
COMMAND: GET /session/f0f6a376d10a5af2c006db447d8ba641/screenshot - {}
RESULT: {"script":"<script> [1562 bytes]","args":[{"selector":{"id":"application-managehandovers-display-component---AddNewHO--confirmCreationButton","interaction":{"idSuffix":"BDI-content"}},"wdio_ui5_key":"applicationmanagehandovers-display-component---AddNewHO--confirmCreationButton"}]}
RESULT: undefined
COMMAND: POST /session/f0f6a376d10a5af2c006db447d8ba641/element - {"using":"xpath","value":"//*[@id=\"application-managehandovers-display-component---AddNewHO--confirmCreationButton\"]"}
RESULT: {}
RESULT: {"using":"xpath","value":"//*[@id=\"application-managehandovers-display-component---AddNewHO--confirmCreationButton\"]"}
COMMAND: POST /session/f0f6a376d10a5af2c006db447d8ba641/element/f.1CC92DAD619AF174DC2D43D5A1BB0063.d.8DD15622D7F92B13A745CDDE76495B5E.e.1397/click - {}
RESULT: {}
COMMAND: GET /session/f0f6a376d10a5af2c006db447d8ba641/screenshot - {}
RESULT: {}
COMMAND: POST /session/f0f6a376d10a5af2c006db447d8ba641/execute/async - {"script":"<script> [1562 bytes]","args":[{"selector":{"id":"receiptDatePicker","viewName":"etm.portal.ui.managehandovers.view.DetailExecuteHO","interaction":{"idSuffix":"inner"}},"wdio_ui5_key":"receiptDatePickeretmportal.ui.managehandovers.view.DetailExecuteHO"}]}
RESULT: {"script":"<script> [1562 bytes]","args":[{"selector":{"id":"receiptDatePicker","viewName":"etm.portal.ui.managehandovers.view.DetailExecuteHO","interaction":{"idSuffix":"inner"}},"wdio_ui5_key":"receiptDatePickeretmportal.ui.managehandovers.view.DetailExecuteHO"}]}
RESULT: undefined
COMMAND: POST /session/f0f6a376d10a5af2c006db447d8ba641/execute/async - {"script":"<script> [6424 bytes]","args":[{"element-6066-11e4-a52e-4f735466cecf":"f.1CC92DAD619AF174DC2D43D5A1BB0063.d.8DD15622D7F92B13A745CDDE76495B5E.e.1425"},"setValue",["07/27/24"]]}
RESULT: {"script":"<script> [6424 bytes]","args":[{"element-6066-11e4-a52e-4f735466cecf":"f.1CC92DAD619AF174DC2D43D5A1BB0063.d.8DD15622D7F92B13A745CDDE76495B5E.e.1425"},"setValue",["07/27/24"]]}
COMMAND: POST /session/f0f6a376d10a5af2c006db447d8ba641/actions - {"actions":[{"id":"action6","type":"key","parameters":{},"actions":[{"type":"keyDown","value":""},{"type":"pause","duration":10},{"type":"keyUp","value":""}]}]}
RESULT: {"actions":[{"id":"action6","type":"key","parameters":{},"actions":[{"type":"keyDown","value":""},{"type":"pause","duration":10},{"type":"keyUp","value":""}]}]}
COMMAND: POST /session/f0f6a376d10a5af2c006db447d8ba641/element - {"using":"xpath","value":"//span[contains(@aria-label ,\"Status Icon\")]"}
COMMAND: GET /session/f0f6a376d10a5af2c006db447d8ba641/screenshot - {}
RESULT: {"using":"xpath","value":"//span[contains(@aria-label ,\"Status Icon\")]"}
COMMAND: POST /session/f0f6a376d10a5af2c006db447d8ba641/element/f.1CC92DAD619AF174DC2D43D5A1BB0063.d.8DD15622D7F92B13A745CDDE76495B5E.e.1441/click - {}
RESULT: {}
RESULT: {}
COMMAND: GET /session/f0f6a376d10a5af2c006db447d8ba641/screenshot - {}
RESULT: {}
COMMAND: POST /session/f0f6a376d10a5af2c006db447d8ba641/execute/async - {"script":"<script> [1562 bytes]","args":[{"selector":{"controlType":"sap.m.NumericInput","viewName":"etm.portal.ui.managehandovers.view.DetailExecuteHO","properties":{"value":"0.00"},"searchOpenDialogs":true,"interaction":{"idSuffix":"inner"}},"wdio_ui5_key":"etmportal.ui.managehandovers.view.DetailExecuteHOsap.m.NumericInput{\"value\":\"0.00\"}"}]}
RESULT: {"script":"<script> [1562 bytes]","args":[{"selector":{"controlType":"sap.m.NumericInput","viewName":"etm.portal.ui.managehandovers.view.DetailExecuteHO","properties":{"value":"0.00"},"searchOpenDialogs":true,"interaction":{"idSuffix":"inner"}},"wdio_ui5_key":"etmportal.ui.managehandovers.view.DetailExecuteHOsap.m.NumericInput{\"value\":\"0.00\"}"}]}
RESULT: undefined
COMMAND: POST /session/f0f6a376d10a5af2c006db447d8ba641/execute/async - {"script":"<script> [776 bytes]","args":[{"enterText":"10","selector":{"controlType":"sap.m.NumericInput","viewName":"etm.portal.ui.managehandovers.view.DetailExecuteHO","properties":{"value":"0.00"},"searchOpenDialogs":true,"interaction":{"idSuffix":"inner"}},"clearTextFirst":true,"interactionType":"ENTER_TEXT"}]}
RESULT: {"script":"<script> [776 bytes]","args":[{"enterText":"10","selector":{"controlType":"sap.m.NumericInput","viewName":"etm.portal.ui.managehandovers.view.DetailExecuteHO","properties":{"value":"0.00"},"searchOpenDialogs":true,"interaction":{"idSuffix":"inner"}},"clearTextFirst":true,"interactionType":"ENTER_TEXT"}]}
COMMAND: POST /session/f0f6a376d10a5af2c006db447d8ba641/execute/async - {"script":"<script> [1562 bytes]","args":[{"selector":{"controlType":"sap.m.Button","viewName":"etm.portal.ui.managehandovers.view.DetailExecuteHO","properties":{"text":"Ok"},"searchOpenDialogs":true,"interaction":{"idSuffix":"BDI-content"}},"wdio_ui5_key":"etmportal.ui.managehandovers.view.DetailExecuteHOsap.m.Button{\"text\":\"Ok\"}"}]}
RESULT: {"script":"<script> [1562 bytes]","args":[{"selector":{"controlType":"sap.m.Button","viewName":"etm.portal.ui.managehandovers.view.DetailExecuteHO","properties":{"text":"Ok"},"searchOpenDialogs":true,"interaction":{"idSuffix":"BDI-content"}},"wdio_ui5_key":"etmportal.ui.managehandovers.view.DetailExecuteHOsap.m.Button{\"text\":\"Ok\"}"}]}
RESULT: undefined
COMMAND: POST /session/f0f6a376d10a5af2c006db447d8ba641/element - {"using":"xpath","value":"//*[@id=\"__button212\"]"}
RESULT: {"using":"xpath","value":"//*[@id=\"__button212\"]"}
COMMAND: POST /session/f0f6a376d10a5af2c006db447d8ba641/element/f.1CC92DAD619AF174DC2D43D5A1BB0063.d.8DD15622D7F92B13A745CDDE76495B5E.e.1446/click - {}
RESULT: {}
COMMAND: GET /session/f0f6a376d10a5af2c006db447d8ba641/screenshot - {}
RESULT: {}
COMMAND: POST /session/f0f6a376d10a5af2c006db447d8ba641/execute/async - {"script":"<script> [1562 bytes]","args":[{"selector":{"controlType":"sap.m.ToggleButton","viewName":"etm.portal.ui.managehandovers.view.DetailExecuteHO","i18NText":{"propertyName":"text","key":"confirm"},"interaction":{"idSuffix":"content"}},"wdio_ui5_key":"etmportal.ui.managehandovers.view.DetailExecuteHOsap.m.ToggleButton{\"propertyName\":\"text\",\"key\":\"confirm\"}"}]}
RESULT: {"script":"<script> [1562 bytes]","args":[{"selector":{"controlType":"sap.m.ToggleButton","viewName":"etm.portal.ui.managehandovers.view.DetailExecuteHO","i18NText":{"propertyName":"text","key":"confirm"},"interaction":{"idSuffix":"content"}},"wdio_ui5_key":"etmportal.ui.managehandovers.view.DetailExecuteHOsap.m.ToggleButton{\"propertyName\":\"text\",\"key\":\"confirm\"}"}]}
RESULT: undefined
COMMAND: POST /session/f0f6a376d10a5af2c006db447d8ba641/element - {"using":"xpath","value":"//*[@id=\"__button207\"]"}
RESULT: {"using":"xpath","value":"//*[@id=\"__button207\"]"}
COMMAND: POST /session/f0f6a376d10a5af2c006db447d8ba641/element/f.1CC92DAD619AF174DC2D43D5A1BB0063.d.8DD15622D7F92B13A745CDDE76495B5E.e.1453/click - {}
RESULT: {}
COMMAND: GET /session/f0f6a376d10a5af2c006db447d8ba641/screenshot - {}
RESULT: {}
COMMAND: POST /session/f0f6a376d10a5af2c006db447d8ba641/element - {"using":"xpath","value":"//button[contains(@data-kt ,\"execHoReceiveFooterButton\")]"}
RESULT: {"using":"xpath","value":"//button[contains(@data-kt ,\"execHoReceiveFooterButton\")]"}
COMMAND: POST /session/f0f6a376d10a5af2c006db447d8ba641/element/f.1CC92DAD619AF174DC2D43D5A1BB0063.d.8DD15622D7F92B13A745CDDE76495B5E.e.1455/click - {}
RESULT: {}
COMMAND: GET /session/f0f6a376d10a5af2c006db447d8ba641/screenshot - {}
RESULT: {}
COMMAND: POST /session/f0f6a376d10a5af2c006db447d8ba641/element - {"using":"xpath","value":"//bdi[text()=\"Close\"]"}
RESULT: {"using":"xpath","value":"//bdi[text()=\"Close\"]"}
COMMAND: POST /session/f0f6a376d10a5af2c006db447d8ba641/elements - {"using":"xpath","value":"//bdi[text()=\"Close\"]"}
RESULT: {"using":"xpath","value":"//bdi[text()=\"Close\"]"}
COMMAND: POST /session/f0f6a376d10a5af2c006db447d8ba641/element - {"using":"css selector","value":"#shell-header-logo"}
RESULT: {"using":"css selector","value":"#shell-header-logo"}
COMMAND: POST /session/f0f6a376d10a5af2c006db447d8ba641/execute/sync - {"script":"<script> [8489 bytes]","args":[{"element-6066-11e4-a52e-4f735466cecf":"f.1CC92DAD619AF174DC2D43D5A1BB0063.d.8DD15622D7F92B13A745CDDE76495B5E.e.942","ELEMENT":"f.1CC92DAD619AF174DC2D43D5A1BB0063.d.8DD15622D7F92B13A745CDDE76495B5E.e.942"}]}
RESULT: {"script":"<script> [8489 bytes]","args":[{"element-6066-11e4-a52e-4f735466cecf":"f.1CC92DAD619AF174DC2D43D5A1BB0063.d.8DD15622D7F92B13A745CDDE76495B5E.e.942","ELEMENT":"f.1CC92DAD619AF174DC2D43D5A1BB0063.d.8DD15622D7F92B13A745CDDE76495B5E.e.942"}]}
COMMAND: POST /session/f0f6a376d10a5af2c006db447d8ba641/execute/sync - {"script":"<script> [8489 bytes]","args":[{"element-6066-11e4-a52e-4f735466cecf":"f.1CC92DAD619AF174DC2D43D5A1BB0063.d.8DD15622D7F92B13A745CDDE76495B5E.e.942","ELEMENT":"f.1CC92DAD619AF174DC2D43D5A1BB0063.d.8DD15622D7F92B13A745CDDE76495B5E.e.942"}]}
COMMAND: GET /session/f0f6a376d10a5af2c006db447d8ba641/screenshot - {}
RESULT: {"script":"<script> [8489 bytes]","args":[{"element-6066-11e4-a52e-4f735466cecf":"f.1CC92DAD619AF174DC2D43D5A1BB0063.d.8DD15622D7F92B13A745CDDE76495B5E.e.942","ELEMENT":"f.1CC92DAD619AF174DC2D43D5A1BB0063.d.8DD15622D7F92B13A745CDDE76495B5E.e.942"}]}
COMMAND: POST /session/f0f6a376d10a5af2c006db447d8ba641/execute/sync - {"script":"<script> [5351 bytes]","args":[{"element-6066-11e4-a52e-4f735466cecf":"f.1CC92DAD619AF174DC2D43D5A1BB0063.d.8DD15622D7F92B13A745CDDE76495B5E.e.942","ELEMENT":"f.1CC92DAD619AF174DC2D43D5A1BB0063.d.8DD15622D7F92B13A745CDDE76495B5E.e.942"}]}
COMMAND: GET /session/f0f6a376d10a5af2c006db447d8ba641/screenshot - {}
RESULT: {}
RESULT: {"script":"<script> [5351 bytes]","args":[{"element-6066-11e4-a52e-4f735466cecf":"f.1CC92DAD619AF174DC2D43D5A1BB0063.d.8DD15622D7F92B13A745CDDE76495B5E.e.942","ELEMENT":"f.1CC92DAD619AF174DC2D43D5A1BB0063.d.8DD15622D7F92B13A745CDDE76495B5E.e.942"}]}
COMMAND: POST /session/f0f6a376d10a5af2c006db447d8ba641/element/f.1CC92DAD619AF174DC2D43D5A1BB0063.d.8DD15622D7F92B13A745CDDE76495B5E.e.942/click - {}
COMMAND: GET /session/f0f6a376d10a5af2c006db447d8ba641/screenshot - {}
RESULT: {}
RESULT: {}
COMMAND: GET /session/f0f6a376d10a5af2c006db447d8ba641/screenshot - {}
RESULT: {}
RESULT: {}
]]></system-out>
    </testcase>
    <testcase classname="chrome.137_0_7151_69.windows.ISC_Create_schedule_with_time_schedule_with_counter_US138269" name="Should create a new schedule with counter" time="79.528">
      <system-out><![CDATA[
COMMAND: POST /session/f0f6a376d10a5af2c006db447d8ba641/execute/async - {"script":"<script> [1562 bytes]","args":[{"selector":{"controlType":"sap.m.Text","properties":{"text":"ISC Schedules"},"interaction":{"idSuffix":"inner"}},"wdio_ui5_key":"sapm.Text{\"text\":\"ISC Schedules\"}"}]}
RESULT: {"script":"<script> [1562 bytes]","args":[{"selector":{"controlType":"sap.m.Text","properties":{"text":"ISC Schedules"},"interaction":{"idSuffix":"inner"}},"wdio_ui5_key":"sapm.Text{\"text\":\"ISC Schedules\"}"}]}
RESULT: undefined
COMMAND: POST /session/f0f6a376d10a5af2c006db447d8ba641/element - {"using":"xpath","value":"//*[@id=\"__tile110-title\"]"}
RESULT: {"using":"xpath","value":"//*[@id=\"__tile110-title\"]"}
COMMAND: POST /session/f0f6a376d10a5af2c006db447d8ba641/element/f.1CC92DAD619AF174DC2D43D5A1BB0063.d.8DD15622D7F92B13A745CDDE76495B5E.e.1602/click - {}
RESULT: {}
COMMAND: GET /session/f0f6a376d10a5af2c006db447d8ba641/screenshot - {}
RESULT: {}
COMMAND: POST /session/f0f6a376d10a5af2c006db447d8ba641/execute/async - {"script":"<script> [1562 bytes]","args":[{"selector":{"controlType":"sap.ui.core.Icon","viewName":"etm.portal.ui.iscschedules.view.Master","viewId":"application-iscschedules-display-component---scheduleList","properties":{"src":{"regex":{"source":"add"}}}},"wdio_ui5_key":"etmportal.ui.iscschedules.view.Mastersap.ui.core.Icon{\"src\":{\"regex\":{\"source\":\"add\"}}}"}]}
RESULT: {"script":"<script> [1562 bytes]","args":[{"selector":{"controlType":"sap.ui.core.Icon","viewName":"etm.portal.ui.iscschedules.view.Master","viewId":"application-iscschedules-display-component---scheduleList","properties":{"src":{"regex":{"source":"add"}}}},"wdio_ui5_key":"etmportal.ui.iscschedules.view.Mastersap.ui.core.Icon{\"src\":{\"regex\":{\"source\":\"add\"}}}"}]}
RESULT: undefined
COMMAND: POST /session/f0f6a376d10a5af2c006db447d8ba641/element - {"using":"xpath","value":"//*[@id=\"application-iscschedules-display-component---scheduleList--createScheduleButton-img\"]"}
RESULT: {"using":"xpath","value":"//*[@id=\"application-iscschedules-display-component---scheduleList--createScheduleButton-img\"]"}
COMMAND: POST /session/f0f6a376d10a5af2c006db447d8ba641/element/f.1CC92DAD619AF174DC2D43D5A1BB0063.d.8DD15622D7F92B13A745CDDE76495B5E.e.1644/click - {}
RESULT: {}
COMMAND: POST /session/f0f6a376d10a5af2c006db447d8ba641/execute/async - {"script":"<script> [1562 bytes]","args":[{"selector":{"id":"application-iscschedules-display-component---createSchedule--inputTitle","interaction":{"idSuffix":"inner"}},"wdio_ui5_key":"applicationiscschedules-display-component---createSchedule--inputTitle"}]}
COMMAND: GET /session/f0f6a376d10a5af2c006db447d8ba641/screenshot - {}
RESULT: {"script":"<script> [1562 bytes]","args":[{"selector":{"id":"application-iscschedules-display-component---createSchedule--inputTitle","interaction":{"idSuffix":"inner"}},"wdio_ui5_key":"applicationiscschedules-display-component---createSchedule--inputTitle"}]}
RESULT: undefined
COMMAND: POST /session/f0f6a376d10a5af2c006db447d8ba641/execute/async - {"script":"<script> [776 bytes]","args":[{"enterText":"CounterScheduleiepmq","selector":{"id":"application-iscschedules-display-component---createSchedule--inputTitle","interaction":{"idSuffix":"inner"}},"clearTextFirst":true,"interactionType":"ENTER_TEXT"}]}
RESULT: {}
RESULT: {"script":"<script> [776 bytes]","args":[{"enterText":"CounterScheduleiepmq","selector":{"id":"application-iscschedules-display-component---createSchedule--inputTitle","interaction":{"idSuffix":"inner"}},"clearTextFirst":true,"interactionType":"ENTER_TEXT"}]}
COMMAND: POST /session/f0f6a376d10a5af2c006db447d8ba641/execute/async - {"script":"<script> [1562 bytes]","args":[{"selector":{"id":"application-iscschedules-display-component---createSchedule--inputDesc","interaction":{"idSuffix":"inner"}},"wdio_ui5_key":"applicationiscschedules-display-component---createSchedule--inputDesc"}]}
RESULT: {"script":"<script> [1562 bytes]","args":[{"selector":{"id":"application-iscschedules-display-component---createSchedule--inputDesc","interaction":{"idSuffix":"inner"}},"wdio_ui5_key":"applicationiscschedules-display-component---createSchedule--inputDesc"}]}
RESULT: undefined
COMMAND: POST /session/f0f6a376d10a5af2c006db447d8ba641/execute/async - {"script":"<script> [776 bytes]","args":[{"enterText":"CounterScheduleiepmq","selector":{"id":"application-iscschedules-display-component---createSchedule--inputDesc","interaction":{"idSuffix":"inner"}},"clearTextFirst":true,"interactionType":"ENTER_TEXT"}]}
RESULT: {"script":"<script> [776 bytes]","args":[{"enterText":"CounterScheduleiepmq","selector":{"id":"application-iscschedules-display-component---createSchedule--inputDesc","interaction":{"idSuffix":"inner"}},"clearTextFirst":true,"interactionType":"ENTER_TEXT"}]}
COMMAND: POST /session/f0f6a376d10a5af2c006db447d8ba641/execute/async - {"script":"<script> [1562 bytes]","args":[{"selector":{"id":"application-iscschedules-display-component---createSchedule--resourceValue-vhi"},"wdio_ui5_key":"applicationiscschedules-display-component---createSchedule--resourceValue-vhi"}]}
RESULT: {"script":"<script> [1562 bytes]","args":[{"selector":{"id":"application-iscschedules-display-component---createSchedule--resourceValue-vhi"},"wdio_ui5_key":"applicationiscschedules-display-component---createSchedule--resourceValue-vhi"}]}
RESULT: undefined
COMMAND: POST /session/f0f6a376d10a5af2c006db447d8ba641/element - {"using":"xpath","value":"//*[@id=\"application-iscschedules-display-component---createSchedule--resourceValue-vhi\"]"}
RESULT: {"using":"xpath","value":"//*[@id=\"application-iscschedules-display-component---createSchedule--resourceValue-vhi\"]"}
COMMAND: POST /session/f0f6a376d10a5af2c006db447d8ba641/element/f.1CC92DAD619AF174DC2D43D5A1BB0063.d.8DD15622D7F92B13A745CDDE76495B5E.e.1930/click - {}
RESULT: {}
COMMAND: GET /session/f0f6a376d10a5af2c006db447d8ba641/screenshot - {}
RESULT: {}
COMMAND: POST /session/f0f6a376d10a5af2c006db447d8ba641/element - {"using":"xpath","value":"//input[contains(@id ,\"application-iscschedules-display-component---createSchedule--resourceValue-valueHelpDialog-smartFilterBar-btnBasicSearch-I\")]"}
RESULT: {"using":"xpath","value":"//input[contains(@id ,\"application-iscschedules-display-component---createSchedule--resourceValue-valueHelpDialog-smartFilterBar-btnBasicSearch-I\")]"}
COMMAND: POST /session/f0f6a376d10a5af2c006db447d8ba641/element/f.1CC92DAD619AF174DC2D43D5A1BB0063.d.8DD15622D7F92B13A745CDDE76495B5E.e.1946/clear - {}
RESULT: {}
COMMAND: POST /session/f0f6a376d10a5af2c006db447d8ba641/element/f.1CC92DAD619AF174DC2D43D5A1BB0063.d.8DD15622D7F92B13A745CDDE76495B5E.e.1946/value - {"text":"EquipmentCounteriepmq"}
COMMAND: GET /session/f0f6a376d10a5af2c006db447d8ba641/screenshot - {}
RESULT: {"text":"EquipmentCounteriepmq"}
COMMAND: GET /session/f0f6a376d10a5af2c006db447d8ba641/screenshot - {}
RESULT: {}
RESULT: {}
COMMAND: POST /session/f0f6a376d10a5af2c006db447d8ba641/actions - {"actions":[{"id":"action7","type":"key","parameters":{},"actions":[{"type":"keyDown","value":""},{"type":"pause","duration":10},{"type":"keyUp","value":""}]}]}
RESULT: {"actions":[{"id":"action7","type":"key","parameters":{},"actions":[{"type":"keyDown","value":""},{"type":"pause","duration":10},{"type":"keyUp","value":""}]}]}
COMMAND: GET /session/f0f6a376d10a5af2c006db447d8ba641/screenshot - {}
RESULT: {}
COMMAND: POST /session/f0f6a376d10a5af2c006db447d8ba641/element - {"using":"xpath","value":"(//span[contains(text(), \"EquipmentCounteriepmq\")])[1]"}
RESULT: {"using":"xpath","value":"(//span[contains(text(), \"EquipmentCounteriepmq\")])[1]"}
COMMAND: POST /session/f0f6a376d10a5af2c006db447d8ba641/element/f.1CC92DAD619AF174DC2D43D5A1BB0063.d.8DD15622D7F92B13A745CDDE76495B5E.e.1959/click - {}
RESULT: {}
COMMAND: GET /session/f0f6a376d10a5af2c006db447d8ba641/screenshot - {}
RESULT: {}
COMMAND: POST /session/f0f6a376d10a5af2c006db447d8ba641/element - {"using":"xpath","value":"//bdi[contains(@id ,\"anchBar-application-iscschedules-display-component---createSchedule--templateUnitSection-anchor-BDI-content\")]"}
RESULT: {"using":"xpath","value":"//bdi[contains(@id ,\"anchBar-application-iscschedules-display-component---createSchedule--templateUnitSection-anchor-BDI-content\")]"}
COMMAND: POST /session/f0f6a376d10a5af2c006db447d8ba641/element/f.1CC92DAD619AF174DC2D43D5A1BB0063.d.8DD15622D7F92B13A745CDDE76495B5E.e.1965/click - {}
RESULT: {}
COMMAND: POST /session/f0f6a376d10a5af2c006db447d8ba641/execute/async - {"script":"<script> [1562 bytes]","args":[{"selector":{"id":"application-iscschedules-display-component---createSchedule--extendSchedule-arrow"},"wdio_ui5_key":"applicationiscschedules-display-component---createSchedule--extendSchedule-arrow"}]}
COMMAND: GET /session/f0f6a376d10a5af2c006db447d8ba641/screenshot - {}
RESULT: {"script":"<script> [1562 bytes]","args":[{"selector":{"id":"application-iscschedules-display-component---createSchedule--extendSchedule-arrow"},"wdio_ui5_key":"applicationiscschedules-display-component---createSchedule--extendSchedule-arrow"}]}
RESULT: undefined
COMMAND: POST /session/f0f6a376d10a5af2c006db447d8ba641/element - {"using":"xpath","value":"//*[@id=\"application-iscschedules-display-component---createSchedule--extendSchedule-arrow\"]"}
RESULT: {}
RESULT: {"using":"xpath","value":"//*[@id=\"application-iscschedules-display-component---createSchedule--extendSchedule-arrow\"]"}
COMMAND: POST /session/f0f6a376d10a5af2c006db447d8ba641/element/f.1CC92DAD619AF174DC2D43D5A1BB0063.d.8DD15622D7F92B13A745CDDE76495B5E.e.2004/click - {}
RESULT: {}
COMMAND: POST /session/f0f6a376d10a5af2c006db447d8ba641/execute/async - {"script":"<script> [1562 bytes]","args":[{"selector":{"controlType":"sap.m.StandardListItem","viewName":"etm.portal.ui.iscschedules.view.New","viewId":"application-iscschedules-display-component---createSchedule","properties":{"title":"Performance"},"searchOpenDialogs":true,"interaction":{"idSuffix":"titleText"}},"wdio_ui5_key":"etmportal.ui.iscschedules.view.Newsap.m.StandardListItem{\"title\":\"Performance\"}"}]}
COMMAND: GET /session/f0f6a376d10a5af2c006db447d8ba641/screenshot - {}
RESULT: {"script":"<script> [1562 bytes]","args":[{"selector":{"controlType":"sap.m.StandardListItem","viewName":"etm.portal.ui.iscschedules.view.New","viewId":"application-iscschedules-display-component---createSchedule","properties":{"title":"Performance"},"searchOpenDialogs":true,"interaction":{"idSuffix":"titleText"}},"wdio_ui5_key":"etmportal.ui.iscschedules.view.Newsap.m.StandardListItem{\"title\":\"Performance\"}"}]}
RESULT: undefined
COMMAND: POST /session/f0f6a376d10a5af2c006db447d8ba641/element - {"using":"xpath","value":"//*[@id=\"__item1211\"]"}
RESULT: {}
RESULT: {"using":"xpath","value":"//*[@id=\"__item1211\"]"}
COMMAND: POST /session/f0f6a376d10a5af2c006db447d8ba641/element/f.1CC92DAD619AF174DC2D43D5A1BB0063.d.8DD15622D7F92B13A745CDDE76495B5E.e.2007/click - {}
RESULT: {}
COMMAND: POST /session/f0f6a376d10a5af2c006db447d8ba641/execute/async - {"script":"<script> [1562 bytes]","args":[{"selector":{"id":"application-iscschedules-display-component---createSchedule--durationInput","interaction":{"idSuffix":"inner"}},"wdio_ui5_key":"applicationiscschedules-display-component---createSchedule--durationInput"}]}
COMMAND: GET /session/f0f6a376d10a5af2c006db447d8ba641/screenshot - {}
RESULT: {"script":"<script> [1562 bytes]","args":[{"selector":{"id":"application-iscschedules-display-component---createSchedule--durationInput","interaction":{"idSuffix":"inner"}},"wdio_ui5_key":"applicationiscschedules-display-component---createSchedule--durationInput"}]}
RESULT: undefined
COMMAND: POST /session/f0f6a376d10a5af2c006db447d8ba641/execute/async - {"script":"<script> [776 bytes]","args":[{"enterText":"1","selector":{"id":"application-iscschedules-display-component---createSchedule--durationInput","interaction":{"idSuffix":"inner"}},"clearTextFirst":true,"interactionType":"ENTER_TEXT"}]}
RESULT: {}
RESULT: {"script":"<script> [776 bytes]","args":[{"enterText":"1","selector":{"id":"application-iscschedules-display-component---createSchedule--durationInput","interaction":{"idSuffix":"inner"}},"clearTextFirst":true,"interactionType":"ENTER_TEXT"}]}
COMMAND: POST /session/f0f6a376d10a5af2c006db447d8ba641/execute/async - {"script":"<script> [1562 bytes]","args":[{"selector":{"id":"application-iscschedules-display-component---createSchedule--durationDimension","interaction":{"idSuffix":"inner"}},"wdio_ui5_key":"applicationiscschedules-display-component---createSchedule--durationDimension"}]}
RESULT: {"script":"<script> [1562 bytes]","args":[{"selector":{"id":"application-iscschedules-display-component---createSchedule--durationDimension","interaction":{"idSuffix":"inner"}},"wdio_ui5_key":"applicationiscschedules-display-component---createSchedule--durationDimension"}]}
RESULT: undefined
COMMAND: POST /session/f0f6a376d10a5af2c006db447d8ba641/execute/async - {"script":"<script> [776 bytes]","args":[{"enterText":"Hours","selector":{"id":"application-iscschedules-display-component---createSchedule--durationDimension","interaction":{"idSuffix":"inner"}},"clearTextFirst":true,"interactionType":"ENTER_TEXT"}]}
RESULT: {"script":"<script> [776 bytes]","args":[{"enterText":"Hours","selector":{"id":"application-iscschedules-display-component---createSchedule--durationDimension","interaction":{"idSuffix":"inner"}},"clearTextFirst":true,"interactionType":"ENTER_TEXT"}]}
COMMAND: POST /session/f0f6a376d10a5af2c006db447d8ba641/execute/async - {"script":"<script> [1562 bytes]","args":[{"selector":{"id":"application-iscschedules-display-component---createSchedule--ruCounters-arrow"},"wdio_ui5_key":"applicationiscschedules-display-component---createSchedule--ruCounters-arrow"}]}
RESULT: {"script":"<script> [1562 bytes]","args":[{"selector":{"id":"application-iscschedules-display-component---createSchedule--ruCounters-arrow"},"wdio_ui5_key":"applicationiscschedules-display-component---createSchedule--ruCounters-arrow"}]}
RESULT: undefined
COMMAND: POST /session/f0f6a376d10a5af2c006db447d8ba641/element - {"using":"xpath","value":"//*[@id=\"application-iscschedules-display-component---createSchedule--ruCounters-arrow\"]"}
RESULT: {"using":"xpath","value":"//*[@id=\"application-iscschedules-display-component---createSchedule--ruCounters-arrow\"]"}
COMMAND: POST /session/f0f6a376d10a5af2c006db447d8ba641/element/f.1CC92DAD619AF174DC2D43D5A1BB0063.d.8DD15622D7F92B13A745CDDE76495B5E.e.2042/click - {}
RESULT: {}
COMMAND: POST /session/f0f6a376d10a5af2c006db447d8ba641/actions - {"actions":[{"id":"action8","type":"key","parameters":{},"actions":[{"type":"keyDown","value":""},{"type":"pause","duration":10},{"type":"keyUp","value":""}]}]}
COMMAND: GET /session/f0f6a376d10a5af2c006db447d8ba641/screenshot - {}
RESULT: {"actions":[{"id":"action8","type":"key","parameters":{},"actions":[{"type":"keyDown","value":""},{"type":"pause","duration":10},{"type":"keyUp","value":""}]}]}
COMMAND: POST /session/f0f6a376d10a5af2c006db447d8ba641/actions - {"actions":[{"id":"action9","type":"key","parameters":{},"actions":[{"type":"keyDown","value":""},{"type":"pause","duration":10},{"type":"keyUp","value":""}]}]}
COMMAND: GET /session/f0f6a376d10a5af2c006db447d8ba641/screenshot - {}
RESULT: {}
RESULT: {"actions":[{"id":"action9","type":"key","parameters":{},"actions":[{"type":"keyDown","value":""},{"type":"pause","duration":10},{"type":"keyUp","value":""}]}]}
COMMAND: GET /session/f0f6a376d10a5af2c006db447d8ba641/screenshot - {}
RESULT: {}
RESULT: {}
COMMAND: POST /session/f0f6a376d10a5af2c006db447d8ba641/execute/async - {"script":"<script> [1562 bytes]","args":[{"selector":{"id":"application-iscschedules-display-component---createSchedule--actualCrtValue"},"wdio_ui5_key":"applicationiscschedules-display-component---createSchedule--actualCrtValue"}]}
RESULT: {"script":"<script> [1562 bytes]","args":[{"selector":{"id":"application-iscschedules-display-component---createSchedule--actualCrtValue"},"wdio_ui5_key":"applicationiscschedules-display-component---createSchedule--actualCrtValue"}]}
RESULT: undefined
COMMAND: POST /session/f0f6a376d10a5af2c006db447d8ba641/execute/async - {"script":"<script> [6424 bytes]","args":[{"element-6066-11e4-a52e-4f735466cecf":"f.1CC92DAD619AF174DC2D43D5A1BB0063.d.8DD15622D7F92B13A745CDDE76495B5E.e.2033"},"getValue",[]]}
RESULT: {"script":"<script> [6424 bytes]","args":[{"element-6066-11e4-a52e-4f735466cecf":"f.1CC92DAD619AF174DC2D43D5A1BB0063.d.8DD15622D7F92B13A745CDDE76495B5E.e.2033"},"getValue",[]]}
RESULT: undefined
COMMAND: POST /session/f0f6a376d10a5af2c006db447d8ba641/execute/async - {"script":"<script> [776 bytes]","args":[{"enterText":"1","selector":{"id":"application-iscschedules-display-component---createSchedule--durationInput","interaction":{"idSuffix":"inner"}},"clearTextFirst":true,"interactionType":"ENTER_TEXT"}]}
RESULT: {"script":"<script> [776 bytes]","args":[{"enterText":"1","selector":{"id":"application-iscschedules-display-component---createSchedule--durationInput","interaction":{"idSuffix":"inner"}},"clearTextFirst":true,"interactionType":"ENTER_TEXT"}]}
COMMAND: POST /session/f0f6a376d10a5af2c006db447d8ba641/execute/async - {"script":"<script> [1562 bytes]","args":[{"selector":{"id":"application-iscschedules-display-component---createSchedule--durationDimension-arrow"},"wdio_ui5_key":"applicationiscschedules-display-component---createSchedule--durationDimension-arrow"}]}
RESULT: {"script":"<script> [1562 bytes]","args":[{"selector":{"id":"application-iscschedules-display-component---createSchedule--durationDimension-arrow"},"wdio_ui5_key":"applicationiscschedules-display-component---createSchedule--durationDimension-arrow"}]}
RESULT: undefined
COMMAND: POST /session/f0f6a376d10a5af2c006db447d8ba641/element - {"using":"xpath","value":"//*[@id=\"application-iscschedules-display-component---createSchedule--durationDimension-arrow\"]"}
RESULT: {"using":"xpath","value":"//*[@id=\"application-iscschedules-display-component---createSchedule--durationDimension-arrow\"]"}
COMMAND: POST /session/f0f6a376d10a5af2c006db447d8ba641/element/f.1CC92DAD619AF174DC2D43D5A1BB0063.d.8DD15622D7F92B13A745CDDE76495B5E.e.2047/click - {}
RESULT: {}
COMMAND: POST /session/f0f6a376d10a5af2c006db447d8ba641/execute/async - {"script":"<script> [1562 bytes]","args":[{"selector":{"controlType":"sap.m.StandardListItem","viewName":"etm.portal.ui.iscschedules.view.New","viewId":"application-iscschedules-display-component---createSchedule","properties":{"title":"Hours"},"searchOpenDialogs":true,"interaction":{"idSuffix":"content"}},"wdio_ui5_key":"etmportal.ui.iscschedules.view.Newsap.m.StandardListItem{\"title\":\"Hours\"}"}]}
COMMAND: GET /session/f0f6a376d10a5af2c006db447d8ba641/screenshot - {}
RESULT: {"script":"<script> [1562 bytes]","args":[{"selector":{"controlType":"sap.m.StandardListItem","viewName":"etm.portal.ui.iscschedules.view.New","viewId":"application-iscschedules-display-component---createSchedule","properties":{"title":"Hours"},"searchOpenDialogs":true,"interaction":{"idSuffix":"content"}},"wdio_ui5_key":"etmportal.ui.iscschedules.view.Newsap.m.StandardListItem{\"title\":\"Hours\"}"}]}
RESULT: undefined
COMMAND: POST /session/f0f6a376d10a5af2c006db447d8ba641/element - {"using":"xpath","value":"//*[@id=\"__item1213\"]"}
RESULT: {}
RESULT: {"using":"xpath","value":"//*[@id=\"__item1213\"]"}
COMMAND: POST /session/f0f6a376d10a5af2c006db447d8ba641/element/f.1CC92DAD619AF174DC2D43D5A1BB0063.d.8DD15622D7F92B13A745CDDE76495B5E.e.2049/click - {}
RESULT: {}
COMMAND: GET /session/f0f6a376d10a5af2c006db447d8ba641/screenshot - {}
RESULT: {}
COMMAND: POST /session/f0f6a376d10a5af2c006db447d8ba641/element - {"using":"xpath","value":"//bdi[contains(@id ,\"application-iscschedules-display-component---createSchedule--saveScheduleButton-BDI-content\")]"}
RESULT: {"using":"xpath","value":"//bdi[contains(@id ,\"application-iscschedules-display-component---createSchedule--saveScheduleButton-BDI-content\")]"}
COMMAND: POST /session/f0f6a376d10a5af2c006db447d8ba641/element/f.1CC92DAD619AF174DC2D43D5A1BB0063.d.8DD15622D7F92B13A745CDDE76495B5E.e.2050/click - {}
RESULT: {}
COMMAND: GET /session/f0f6a376d10a5af2c006db447d8ba641/screenshot - {}
RESULT: {}
COMMAND: POST /session/f0f6a376d10a5af2c006db447d8ba641/element - {"using":"xpath","value":"//bdi[contains(@id ,\"BDI-content\")][contains(text(), \"OK\")]"}
RESULT: {"using":"xpath","value":"//bdi[contains(@id ,\"BDI-content\")][contains(text(), \"OK\")]"}
COMMAND: POST /session/f0f6a376d10a5af2c006db447d8ba641/element/f.1CC92DAD619AF174DC2D43D5A1BB0063.d.8DD15622D7F92B13A745CDDE76495B5E.e.2053/click - {}
RESULT: {}
COMMAND: GET /session/f0f6a376d10a5af2c006db447d8ba641/screenshot - {}
RESULT: {}
COMMAND: POST /session/f0f6a376d10a5af2c006db447d8ba641/element - {"using":"css selector","value":"#shell-header-logo"}
RESULT: {"using":"css selector","value":"#shell-header-logo"}
COMMAND: POST /session/f0f6a376d10a5af2c006db447d8ba641/element/f.1CC92DAD619AF174DC2D43D5A1BB0063.d.8DD15622D7F92B13A745CDDE76495B5E.e.1607/click - {}
RESULT: {}
COMMAND: GET /session/f0f6a376d10a5af2c006db447d8ba641/screenshot - {}
RESULT: {}
]]></system-out>
    </testcase>
    <testcase classname="chrome.137_0_7151_69.windows.ISC_Create_schedule_with_time_schedule_with_counter_US138269" name="Update the counter in states and perf and verify if the changes are reflected in the schedule" time="79.557">
      <system-out><![CDATA[
COMMAND: POST /session/f0f6a376d10a5af2c006db447d8ba641/execute/async - {"script":"<script> [1562 bytes]","args":[{"selector":{"controlType":"sap.m.GenericTile","properties":{"header":"Manage States & Performance"}},"wdio_ui5_key":"sapm.GenericTile{\"header\":\"Manage States & Performance\"}"}]}
RESULT: {"script":"<script> [1562 bytes]","args":[{"selector":{"controlType":"sap.m.GenericTile","properties":{"header":"Manage States & Performance"}},"wdio_ui5_key":"sapm.GenericTile{\"header\":\"Manage States & Performance\"}"}]}
RESULT: undefined
COMMAND: POST /session/f0f6a376d10a5af2c006db447d8ba641/element - {"using":"xpath","value":"//*[@id=\"__tile58\"]"}
RESULT: {"using":"xpath","value":"//*[@id=\"__tile58\"]"}
COMMAND: POST /session/f0f6a376d10a5af2c006db447d8ba641/element/f.1CC92DAD619AF174DC2D43D5A1BB0063.d.8DD15622D7F92B13A745CDDE76495B5E.e.2119/click - {}
RESULT: {}
COMMAND: GET /session/f0f6a376d10a5af2c006db447d8ba641/screenshot - {}
RESULT: {}
COMMAND: POST /session/f0f6a376d10a5af2c006db447d8ba641/elements - {"using":"xpath","value":"//span[text()='Error']"}
RESULT: {"using":"xpath","value":"//span[text()='Error']"}
COMMAND: POST /session/f0f6a376d10a5af2c006db447d8ba641/execute/async - {"script":"<script> [1562 bytes]","args":[{"selector":{"id":"application-managestatesandperformance-display-component---stateAndPerform--smartFilterBarResources-btnBasicSearch","interaction":{"idSuffix":"I"}},"wdio_ui5_key":"applicationmanagestatesandperformance-display-component---stateAndPerform--smartFilterBarResources-btnBasicSearch"}]}
RESULT: {"script":"<script> [1562 bytes]","args":[{"selector":{"id":"application-managestatesandperformance-display-component---stateAndPerform--smartFilterBarResources-btnBasicSearch","interaction":{"idSuffix":"I"}},"wdio_ui5_key":"applicationmanagestatesandperformance-display-component---stateAndPerform--smartFilterBarResources-btnBasicSearch"}]}
RESULT: undefined
COMMAND: POST /session/f0f6a376d10a5af2c006db447d8ba641/execute/async - {"script":"<script> [776 bytes]","args":[{"enterText":"EquipmentCounteriepmq","selector":{"id":"application-managestatesandperformance-display-component---stateAndPerform--smartFilterBarResources-btnBasicSearch","interaction":{"idSuffix":"I"}},"clearTextFirst":true,"interactionType":"ENTER_TEXT"}]}
RESULT: {"script":"<script> [776 bytes]","args":[{"enterText":"EquipmentCounteriepmq","selector":{"id":"application-managestatesandperformance-display-component---stateAndPerform--smartFilterBarResources-btnBasicSearch","interaction":{"idSuffix":"I"}},"clearTextFirst":true,"interactionType":"ENTER_TEXT"}]}
COMMAND: POST /session/f0f6a376d10a5af2c006db447d8ba641/actions - {"actions":[{"id":"action10","type":"key","parameters":{},"actions":[{"type":"keyDown","value":""},{"type":"pause","duration":10},{"type":"keyUp","value":""}]}]}
RESULT: {"actions":[{"id":"action10","type":"key","parameters":{},"actions":[{"type":"keyDown","value":""},{"type":"pause","duration":10},{"type":"keyUp","value":""}]}]}
COMMAND: POST /session/f0f6a376d10a5af2c006db447d8ba641/execute/async - {"script":"<script> [1562 bytes]","args":[{"selector":{"controlType":"sap.ui.core.Icon","viewName":"etm.portal.ui.managestatesandperformance.view.Master","viewId":"application-managestatesandperformance-display-component---stateAndPerform","properties":{"src":{"regex":{"source":"slim\\-arrow\\-right"}}}},"wdio_ui5_key":"etmportal.ui.managestatesandperformance.view.Mastersap.ui.core.Icon{\"src\":{\"regex\":{\"source\":\"slim\\\\-arrow\\\\-right\"}}}"}]}
COMMAND: GET /session/f0f6a376d10a5af2c006db447d8ba641/screenshot - {}
RESULT: {"script":"<script> [1562 bytes]","args":[{"selector":{"controlType":"sap.ui.core.Icon","viewName":"etm.portal.ui.managestatesandperformance.view.Master","viewId":"application-managestatesandperformance-display-component---stateAndPerform","properties":{"src":{"regex":{"source":"slim\\-arrow\\-right"}}}},"wdio_ui5_key":"etmportal.ui.managestatesandperformance.view.Mastersap.ui.core.Icon{\"src\":{\"regex\":{\"source\":\"slim\\\\-arrow\\\\-right\"}}}"}]}
RESULT: undefined
COMMAND: POST /session/f0f6a376d10a5af2c006db447d8ba641/element - {"using":"xpath","value":"//*[@id=\"__item1236-__clone1883-imgNav\"]"}
RESULT: {}
RESULT: {"using":"xpath","value":"//*[@id=\"__item1236-__clone1883-imgNav\"]"}
COMMAND: POST /session/f0f6a376d10a5af2c006db447d8ba641/element/f.1CC92DAD619AF174DC2D43D5A1BB0063.d.8DD15622D7F92B13A745CDDE76495B5E.e.2236/click - {}
RESULT: {}
COMMAND: POST /session/f0f6a376d10a5af2c006db447d8ba641/execute/async - {"script":"<script> [1562 bytes]","args":[{"selector":{"controlType":"sap.m.Button","viewName":"etm.portal.ui.managestatesandperformance.view.Detail","viewId":"application-managestatesandperformance-display-component---detailStateAndPerform","properties":{"text":"Performance Documents"}},"wdio_ui5_key":"etmportal.ui.managestatesandperformance.view.Detailsap.m.Button{\"text\":\"Performance Documents\"}"}]}
COMMAND: GET /session/f0f6a376d10a5af2c006db447d8ba641/screenshot - {}
RESULT: {"script":"<script> [1562 bytes]","args":[{"selector":{"controlType":"sap.m.Button","viewName":"etm.portal.ui.managestatesandperformance.view.Detail","viewId":"application-managestatesandperformance-display-component---detailStateAndPerform","properties":{"text":"Performance Documents"}},"wdio_ui5_key":"etmportal.ui.managestatesandperformance.view.Detailsap.m.Button{\"text\":\"Performance Documents\"}"}]}
RESULT: undefined
COMMAND: POST /session/f0f6a376d10a5af2c006db447d8ba641/element - {"using":"xpath","value":"//*[@id=\"__item1259-button\"]"}
RESULT: {}
RESULT: {"using":"xpath","value":"//*[@id=\"__item1259-button\"]"}
COMMAND: POST /session/f0f6a376d10a5af2c006db447d8ba641/element/f.1CC92DAD619AF174DC2D43D5A1BB0063.d.8DD15622D7F92B13A745CDDE76495B5E.e.2281/click - {}
RESULT: {}
COMMAND: POST /session/f0f6a376d10a5af2c006db447d8ba641/execute/async - {"script":"<script> [1562 bytes]","args":[{"selector":{"controlType":"sap.m.Button","viewName":"etm.portal.ui.managestatesandperformance.view.Detail","viewId":"application-managestatesandperformance-display-component---detailStateAndPerform","i18NText":{"propertyName":"text","key":"createPerformanceDoc"},"interaction":{"idSuffix":"BDI-content"}},"wdio_ui5_key":"etmportal.ui.managestatesandperformance.view.Detailsap.m.Button{\"propertyName\":\"text\",\"key\":\"createPerformanceDoc\"}"}]}
COMMAND: GET /session/f0f6a376d10a5af2c006db447d8ba641/screenshot - {}
RESULT: {"script":"<script> [1562 bytes]","args":[{"selector":{"controlType":"sap.m.Button","viewName":"etm.portal.ui.managestatesandperformance.view.Detail","viewId":"application-managestatesandperformance-display-component---detailStateAndPerform","i18NText":{"propertyName":"text","key":"createPerformanceDoc"},"interaction":{"idSuffix":"BDI-content"}},"wdio_ui5_key":"etmportal.ui.managestatesandperformance.view.Detailsap.m.Button{\"propertyName\":\"text\",\"key\":\"createPerformanceDoc\"}"}]}
RESULT: undefined
COMMAND: POST /session/f0f6a376d10a5af2c006db447d8ba641/element - {"using":"xpath","value":"//*[@id=\"__button265\"]"}
RESULT: {}
RESULT: {"using":"xpath","value":"//*[@id=\"__button265\"]"}
COMMAND: POST /session/f0f6a376d10a5af2c006db447d8ba641/element/f.1CC92DAD619AF174DC2D43D5A1BB0063.d.8DD15622D7F92B13A745CDDE76495B5E.e.2285/click - {}
RESULT: {}
COMMAND: POST /session/f0f6a376d10a5af2c006db447d8ba641/execute/async - {"script":"<script> [1562 bytes]","args":[{"selector":{"id":"application-managestatesandperformance-display-component---detailStateAndPerform--perfDocDatePicker","searchOpenDialogs":true,"interaction":{"idSuffix":"inner"}},"wdio_ui5_key":"applicationmanagestatesandperformance-display-component---detailStateAndPerform--perfDocDatePicker"}]}
COMMAND: GET /session/f0f6a376d10a5af2c006db447d8ba641/screenshot - {}
RESULT: {"script":"<script> [1562 bytes]","args":[{"selector":{"id":"application-managestatesandperformance-display-component---detailStateAndPerform--perfDocDatePicker","searchOpenDialogs":true,"interaction":{"idSuffix":"inner"}},"wdio_ui5_key":"applicationmanagestatesandperformance-display-component---detailStateAndPerform--perfDocDatePicker"}]}
RESULT: undefined
COMMAND: POST /session/f0f6a376d10a5af2c006db447d8ba641/execute/async - {"script":"<script> [776 bytes]","args":[{"enterText":"07/27/24","selector":{"id":"application-managestatesandperformance-display-component---detailStateAndPerform--perfDocDatePicker","searchOpenDialogs":true,"interaction":{"idSuffix":"inner"}},"clearTextFirst":true,"interactionType":"ENTER_TEXT"}]}
RESULT: {}
RESULT: {"script":"<script> [776 bytes]","args":[{"enterText":"07/27/24","selector":{"id":"application-managestatesandperformance-display-component---detailStateAndPerform--perfDocDatePicker","searchOpenDialogs":true,"interaction":{"idSuffix":"inner"}},"clearTextFirst":true,"interactionType":"ENTER_TEXT"}]}
COMMAND: POST /session/f0f6a376d10a5af2c006db447d8ba641/execute/async - {"script":"<script> [1562 bytes]","args":[{"selector":{"id":"application-managestatesandperformance-display-component---detailStateAndPerform--counterValue-input","searchOpenDialogs":true,"interaction":{"idSuffix":"inner"}},"wdio_ui5_key":"applicationmanagestatesandperformance-display-component---detailStateAndPerform--counterValue-input"}]}
RESULT: {"script":"<script> [1562 bytes]","args":[{"selector":{"id":"application-managestatesandperformance-display-component---detailStateAndPerform--counterValue-input","searchOpenDialogs":true,"interaction":{"idSuffix":"inner"}},"wdio_ui5_key":"applicationmanagestatesandperformance-display-component---detailStateAndPerform--counterValue-input"}]}
RESULT: undefined
COMMAND: POST /session/f0f6a376d10a5af2c006db447d8ba641/execute/async - {"script":"<script> [776 bytes]","args":[{"enterText":"30","selector":{"id":"application-managestatesandperformance-display-component---detailStateAndPerform--counterValue-input","searchOpenDialogs":true,"interaction":{"idSuffix":"inner"}},"clearTextFirst":true,"interactionType":"ENTER_TEXT"}]}
RESULT: {"script":"<script> [776 bytes]","args":[{"enterText":"30","selector":{"id":"application-managestatesandperformance-display-component---detailStateAndPerform--counterValue-input","searchOpenDialogs":true,"interaction":{"idSuffix":"inner"}},"clearTextFirst":true,"interactionType":"ENTER_TEXT"}]}
COMMAND: POST /session/f0f6a376d10a5af2c006db447d8ba641/execute/async - {"script":"<script> [1562 bytes]","args":[{"selector":{"controlType":"sap.m.Button","viewName":"etm.portal.ui.managestatesandperformance.view.Detail","viewId":"application-managestatesandperformance-display-component---detailStateAndPerform","bindingPath":{"path":"","propertyPath":"/allowAddEdit","modelName":"oScreenModel"},"searchOpenDialogs":true,"interaction":{"idSuffix":"BDI-content"}},"wdio_ui5_key":"etmportal.ui.managestatesandperformance.view.Detailsap.m.Button{\"path\":\"\",\"propertyPath\":\"/allowAddEdit\",\"modelName\":\"oScreenModel\"}"}]}
RESULT: {"script":"<script> [1562 bytes]","args":[{"selector":{"controlType":"sap.m.Button","viewName":"etm.portal.ui.managestatesandperformance.view.Detail","viewId":"application-managestatesandperformance-display-component---detailStateAndPerform","bindingPath":{"path":"","propertyPath":"/allowAddEdit","modelName":"oScreenModel"},"searchOpenDialogs":true,"interaction":{"idSuffix":"BDI-content"}},"wdio_ui5_key":"etmportal.ui.managestatesandperformance.view.Detailsap.m.Button{\"path\":\"\",\"propertyPath\":\"/allowAddEdit\",\"modelName\":\"oScreenModel\"}"}]}
RESULT: undefined
COMMAND: POST /session/f0f6a376d10a5af2c006db447d8ba641/element - {"using":"xpath","value":"//*[@id=\"__button272\"]"}
RESULT: {"using":"xpath","value":"//*[@id=\"__button272\"]"}
COMMAND: POST /session/f0f6a376d10a5af2c006db447d8ba641/element/f.1CC92DAD619AF174DC2D43D5A1BB0063.d.8DD15622D7F92B13A745CDDE76495B5E.e.2308/click - {}
RESULT: {}
COMMAND: POST /session/f0f6a376d10a5af2c006db447d8ba641/element - {"using":"css selector","value":"#shell-header-logo"}
COMMAND: GET /session/f0f6a376d10a5af2c006db447d8ba641/screenshot - {}
RESULT: {"using":"css selector","value":"#shell-header-logo"}
COMMAND: POST /session/f0f6a376d10a5af2c006db447d8ba641/element/f.1CC92DAD619AF174DC2D43D5A1BB0063.d.8DD15622D7F92B13A745CDDE76495B5E.e.2124/click - {}
RESULT: {}
RESULT: {}
COMMAND: GET /session/f0f6a376d10a5af2c006db447d8ba641/screenshot - {}
RESULT: {}
COMMAND: POST /session/f0f6a376d10a5af2c006db447d8ba641/execute/async - {"script":"<script> [1562 bytes]","args":[{"selector":{"controlType":"sap.m.GenericTile","properties":{"header":"ISC Schedules"}},"wdio_ui5_key":"sapm.GenericTile{\"header\":\"ISC Schedules\"}"}]}
RESULT: {"script":"<script> [1562 bytes]","args":[{"selector":{"controlType":"sap.m.GenericTile","properties":{"header":"ISC Schedules"}},"wdio_ui5_key":"sapm.GenericTile{\"header\":\"ISC Schedules\"}"}]}
RESULT: undefined
COMMAND: POST /session/f0f6a376d10a5af2c006db447d8ba641/element - {"using":"xpath","value":"//*[@id=\"__tile110\"]"}
RESULT: {"using":"xpath","value":"//*[@id=\"__tile110\"]"}
COMMAND: POST /session/f0f6a376d10a5af2c006db447d8ba641/element/f.1CC92DAD619AF174DC2D43D5A1BB0063.d.8DD15622D7F92B13A745CDDE76495B5E.e.2311/click - {}
RESULT: {}
COMMAND: GET /session/f0f6a376d10a5af2c006db447d8ba641/screenshot - {}
RESULT: {}
COMMAND: POST /session/f0f6a376d10a5af2c006db447d8ba641/elements - {"using":"xpath","value":"//span[text()='Error']"}
RESULT: {"using":"xpath","value":"//span[text()='Error']"}
COMMAND: POST /session/f0f6a376d10a5af2c006db447d8ba641/execute/async - {"script":"<script> [1562 bytes]","args":[{"selector":{"id":"application-iscschedules-display-component---scheduleList--smartFilterBar-btnBasicSearch","interaction":{"idSuffix":"I"}},"wdio_ui5_key":"applicationiscschedules-display-component---scheduleList--smartFilterBar-btnBasicSearch"}]}
RESULT: {"script":"<script> [1562 bytes]","args":[{"selector":{"id":"application-iscschedules-display-component---scheduleList--smartFilterBar-btnBasicSearch","interaction":{"idSuffix":"I"}},"wdio_ui5_key":"applicationiscschedules-display-component---scheduleList--smartFilterBar-btnBasicSearch"}]}
RESULT: undefined
COMMAND: POST /session/f0f6a376d10a5af2c006db447d8ba641/execute/async - {"script":"<script> [776 bytes]","args":[{"enterText":"CounterScheduleiepmq","selector":{"id":"application-iscschedules-display-component---scheduleList--smartFilterBar-btnBasicSearch","interaction":{"idSuffix":"I"}},"clearTextFirst":true,"interactionType":"ENTER_TEXT"}]}
RESULT: {"script":"<script> [776 bytes]","args":[{"enterText":"CounterScheduleiepmq","selector":{"id":"application-iscschedules-display-component---scheduleList--smartFilterBar-btnBasicSearch","interaction":{"idSuffix":"I"}},"clearTextFirst":true,"interactionType":"ENTER_TEXT"}]}
COMMAND: POST /session/f0f6a376d10a5af2c006db447d8ba641/actions - {"actions":[{"id":"action11","type":"key","parameters":{},"actions":[{"type":"keyDown","value":""},{"type":"pause","duration":10},{"type":"keyUp","value":""}]}]}
RESULT: {"actions":[{"id":"action11","type":"key","parameters":{},"actions":[{"type":"keyDown","value":""},{"type":"pause","duration":10},{"type":"keyUp","value":""}]}]}
COMMAND: POST /session/f0f6a376d10a5af2c006db447d8ba641/execute/async - {"script":"<script> [1562 bytes]","args":[{"selector":{"controlType":"sap.ui.core.Icon","viewName":"etm.portal.ui.iscschedules.view.Master","viewId":"application-iscschedules-display-component---scheduleList","properties":{"src":{"regex":{"source":"slim\\-arrow\\-right"}}}},"wdio_ui5_key":"etmportal.ui.iscschedules.view.Mastersap.ui.core.Icon{\"src\":{\"regex\":{\"source\":\"slim\\\\-arrow\\\\-right\"}}}"}]}
COMMAND: GET /session/f0f6a376d10a5af2c006db447d8ba641/screenshot - {}
RESULT: {"script":"<script> [1562 bytes]","args":[{"selector":{"controlType":"sap.ui.core.Icon","viewName":"etm.portal.ui.iscschedules.view.Master","viewId":"application-iscschedules-display-component---scheduleList","properties":{"src":{"regex":{"source":"slim\\-arrow\\-right"}}}},"wdio_ui5_key":"etmportal.ui.iscschedules.view.Mastersap.ui.core.Icon{\"src\":{\"regex\":{\"source\":\"slim\\\\-arrow\\\\-right\"}}}"}]}
RESULT: undefined
COMMAND: POST /session/f0f6a376d10a5af2c006db447d8ba641/element - {"using":"xpath","value":"//*[@id=\"__item1290-__clone1906-imgNav\"]"}
RESULT: {}
RESULT: {"using":"xpath","value":"//*[@id=\"__item1290-__clone1906-imgNav\"]"}
COMMAND: POST /session/f0f6a376d10a5af2c006db447d8ba641/element/f.1CC92DAD619AF174DC2D43D5A1BB0063.d.8DD15622D7F92B13A745CDDE76495B5E.e.2397/click - {}
RESULT: {}
COMMAND: GET /session/f0f6a376d10a5af2c006db447d8ba641/screenshot - {}
RESULT: {}
COMMAND: POST /session/f0f6a376d10a5af2c006db447d8ba641/element - {"using":"xpath","value":"//bdi[contains(@id ,\"anchBar-application-iscschedules-display-component---displaySchedule--templateUnitSection-anchor-BDI-content\")]"}
RESULT: {"using":"xpath","value":"//bdi[contains(@id ,\"anchBar-application-iscschedules-display-component---displaySchedule--templateUnitSection-anchor-BDI-content\")]"}
COMMAND: POST /session/f0f6a376d10a5af2c006db447d8ba641/element/f.1CC92DAD619AF174DC2D43D5A1BB0063.d.8DD15622D7F92B13A745CDDE76495B5E.e.2519/click - {}
RESULT: {}
COMMAND: POST /session/f0f6a376d10a5af2c006db447d8ba641/execute/async - {"script":"<script> [1562 bytes]","args":[{"selector":{"id":"application-iscschedules-display-component---displaySchedule--actualCrtValue"},"wdio_ui5_key":"applicationiscschedules-display-component---displaySchedule--actualCrtValue"}]}
COMMAND: GET /session/f0f6a376d10a5af2c006db447d8ba641/screenshot - {}
RESULT: {"script":"<script> [1562 bytes]","args":[{"selector":{"id":"application-iscschedules-display-component---displaySchedule--actualCrtValue"},"wdio_ui5_key":"applicationiscschedules-display-component---displaySchedule--actualCrtValue"}]}
RESULT: undefined
COMMAND: POST /session/f0f6a376d10a5af2c006db447d8ba641/execute/async - {"script":"<script> [6424 bytes]","args":[{"element-6066-11e4-a52e-4f735466cecf":"f.1CC92DAD619AF174DC2D43D5A1BB0063.d.8DD15622D7F92B13A745CDDE76495B5E.e.2525"},"getNumber",[]]}
RESULT: {}
RESULT: {"script":"<script> [6424 bytes]","args":[{"element-6066-11e4-a52e-4f735466cecf":"f.1CC92DAD619AF174DC2D43D5A1BB0063.d.8DD15622D7F92B13A745CDDE76495B5E.e.2525"},"getNumber",[]]}
COMMAND: DELETE /session/f0f6a376d10a5af2c006db447d8ba641 - {}
RESULT: {}
]]></system-out>
    </testcase>
  </testsuite>
</testsuites>