<?xml version="1.0" encoding="UTF-8"?>
<testsuites tests="9" failures="0" errors="0" skipped="0">
  <testsuite timestamp="2025-05-30T16:07:45" time="858.726" tests="4" failures="0" errors="0" skipped="0">
    <properties>
      <property name="specId" value="0"/>
      <property name="suiteName" value="Webshop - Hyperlinks visible and working properly  US139085"/>
      <property name="capabilities" value="chrome.136_0_7103_93.windows"/>
      <property name="file" value="file:///D:/a/1/s/test/specs/R2C/webshop-hyperlinks-yard-site.spec.js"/>
    </properties>
    <testcase classname="chrome.136_0_7103_93.windows.Webshop_-_Hyperlinks_visible_and_working_properly__US139085" name="Should create prerequisites for webshop suite" time="293.277">
      <system-out><![CDATA[
COMMAND: POST /session/1d0e84f34d2a035f0d5ceb5061c1d98c/execute/async - {"script":"<script> [1562 bytes]","args":[{"selector":{"controlType":"sap.m.GenericTile","properties":{"header":"Manage Yards"}},"wdio_ui5_key":"sapm.GenericTile{\"header\":\"Manage Yards\"}"}]}
RESULT: {"script":"<script> [1562 bytes]","args":[{"selector":{"controlType":"sap.m.GenericTile","properties":{"header":"Manage Yards"}},"wdio_ui5_key":"sapm.GenericTile{\"header\":\"Manage Yards\"}"}]}
RESULT: undefined
COMMAND: POST /session/1d0e84f34d2a035f0d5ceb5061c1d98c/element - {"using":"xpath","value":"//*[@id=\"__tile41\"]"}
RESULT: {"using":"xpath","value":"//*[@id=\"__tile41\"]"}
COMMAND: POST /session/1d0e84f34d2a035f0d5ceb5061c1d98c/element/f.F6EA384F60A395BEF55DE869336FE185.d.18A129AB1837E0E1E4963CCA8DF47184.e.118/click - {}
RESULT: {}
COMMAND: GET /session/1d0e84f34d2a035f0d5ceb5061c1d98c/screenshot - {}
RESULT: {}
COMMAND: POST /session/1d0e84f34d2a035f0d5ceb5061c1d98c/elements - {"using":"xpath","value":"//span[text()='Error']"}
RESULT: {"using":"xpath","value":"//span[text()='Error']"}
COMMAND: POST /session/1d0e84f34d2a035f0d5ceb5061c1d98c/execute/async - {"script":"<script> [1562 bytes]","args":[{"selector":{"controlType":"sap.ui.core.Icon","viewName":"etm.portal.ui.manageyards.view.Master","viewId":"application-manageyards-display-component---masterYard","properties":{"src":{"regex":{"source":"add"}}}},"wdio_ui5_key":"etmportal.ui.manageyards.view.Mastersap.ui.core.Icon{\"src\":{\"regex\":{\"source\":\"add\"}}}"}]}
RESULT: {"script":"<script> [1562 bytes]","args":[{"selector":{"controlType":"sap.ui.core.Icon","viewName":"etm.portal.ui.manageyards.view.Master","viewId":"application-manageyards-display-component---masterYard","properties":{"src":{"regex":{"source":"add"}}}},"wdio_ui5_key":"etmportal.ui.manageyards.view.Mastersap.ui.core.Icon{\"src\":{\"regex\":{\"source\":\"add\"}}}"}]}
RESULT: undefined
COMMAND: POST /session/1d0e84f34d2a035f0d5ceb5061c1d98c/element - {"using":"xpath","value":"//*[@id=\"__button4-img\"]"}
RESULT: {"using":"xpath","value":"//*[@id=\"__button4-img\"]"}
COMMAND: POST /session/1d0e84f34d2a035f0d5ceb5061c1d98c/element/f.F6EA384F60A395BEF55DE869336FE185.d.18A129AB1837E0E1E4963CCA8DF47184.e.166/click - {}
RESULT: {}
COMMAND: GET /session/1d0e84f34d2a035f0d5ceb5061c1d98c/screenshot - {}
RESULT: {}
COMMAND: POST /session/1d0e84f34d2a035f0d5ceb5061c1d98c/execute/async - {"script":"<script> [1562 bytes]","args":[{"selector":{"id":"application-manageyards-display-component---NewYard--yardId","interaction":{"idSuffix":"inner"}},"wdio_ui5_key":"applicationmanageyards-display-component---NewYard--yardId"}]}
RESULT: {"script":"<script> [1562 bytes]","args":[{"selector":{"id":"application-manageyards-display-component---NewYard--yardId","interaction":{"idSuffix":"inner"}},"wdio_ui5_key":"applicationmanageyards-display-component---NewYard--yardId"}]}
RESULT: undefined
COMMAND: POST /session/1d0e84f34d2a035f0d5ceb5061c1d98c/element - {"using":"xpath","value":"//*[@id=\"application-manageyards-display-component---NewYard--addressDetailDetailsName1-inner\"]"}
RESULT: {"using":"xpath","value":"//*[@id=\"application-manageyards-display-component---NewYard--addressDetailDetailsName1-inner\"]"}
COMMAND: POST /session/1d0e84f34d2a035f0d5ceb5061c1d98c/element/f.F6EA384F60A395BEF55DE869336FE185.d.18A129AB1837E0E1E4963CCA8DF47184.e.377/clear - {}
RESULT: {}
COMMAND: POST /session/1d0e84f34d2a035f0d5ceb5061c1d98c/element/f.F6EA384F60A395BEF55DE869336FE185.d.18A129AB1837E0E1E4963CCA8DF47184.e.377/value - {"text":"WebdriverYard3n8g7"}
COMMAND: GET /session/1d0e84f34d2a035f0d5ceb5061c1d98c/screenshot - {}
RESULT: {"text":"WebdriverYard3n8g7"}
COMMAND: POST /session/1d0e84f34d2a035f0d5ceb5061c1d98c/element - {"using":"xpath","value":"//*[@id=\"application-manageyards-display-component---NewYard--addressDetailDetailsLanguage-inner\"]"}
COMMAND: GET /session/1d0e84f34d2a035f0d5ceb5061c1d98c/screenshot - {}
RESULT: {}
RESULT: {"using":"xpath","value":"//*[@id=\"application-manageyards-display-component---NewYard--addressDetailDetailsLanguage-inner\"]"}
COMMAND: POST /session/1d0e84f34d2a035f0d5ceb5061c1d98c/element/f.F6EA384F60A395BEF55DE869336FE185.d.18A129AB1837E0E1E4963CCA8DF47184.e.378/clear - {}
RESULT: {}
RESULT: {}
COMMAND: POST /session/1d0e84f34d2a035f0d5ceb5061c1d98c/element/f.F6EA384F60A395BEF55DE869336FE185.d.18A129AB1837E0E1E4963CCA8DF47184.e.378/value - {"text":"Romanian"}
COMMAND: GET /session/1d0e84f34d2a035f0d5ceb5061c1d98c/screenshot - {}
RESULT: {"text":"Romanian"}
COMMAND: POST /session/1d0e84f34d2a035f0d5ceb5061c1d98c/element - {"using":"xpath","value":"//input[contains(@id ,\"application-manageyards-display-component---NewYard--addressDetailDetailsName1-inner\")]"}
COMMAND: GET /session/1d0e84f34d2a035f0d5ceb5061c1d98c/screenshot - {}
RESULT: {}
RESULT: {"using":"xpath","value":"//input[contains(@id ,\"application-manageyards-display-component---NewYard--addressDetailDetailsName1-inner\")]"}
COMMAND: GET /session/1d0e84f34d2a035f0d5ceb5061c1d98c/element/f.F6EA384F60A395BEF55DE869336FE185.d.18A129AB1837E0E1E4963CCA8DF47184.e.377/property/value - {}
RESULT: {}
RESULT: {}
COMMAND: GET /session/1d0e84f34d2a035f0d5ceb5061c1d98c/screenshot - {}
RESULT: {}
COMMAND: POST /session/1d0e84f34d2a035f0d5ceb5061c1d98c/element - {"using":"xpath","value":"//*[@id=\"application-manageyards-display-component---NewYard--addressDetailDetailsCity1-inner\"]"}
RESULT: {"using":"xpath","value":"//*[@id=\"application-manageyards-display-component---NewYard--addressDetailDetailsCity1-inner\"]"}
COMMAND: POST /session/1d0e84f34d2a035f0d5ceb5061c1d98c/element/f.F6EA384F60A395BEF55DE869336FE185.d.18A129AB1837E0E1E4963CCA8DF47184.e.380/clear - {}
RESULT: {}
COMMAND: POST /session/1d0e84f34d2a035f0d5ceb5061c1d98c/element/f.F6EA384F60A395BEF55DE869336FE185.d.18A129AB1837E0E1E4963CCA8DF47184.e.380/value - {"text":"Bucuresti"}
COMMAND: GET /session/1d0e84f34d2a035f0d5ceb5061c1d98c/screenshot - {}
RESULT: {"text":"Bucuresti"}
COMMAND: GET /session/1d0e84f34d2a035f0d5ceb5061c1d98c/screenshot - {}
RESULT: {}
RESULT: {}
COMMAND: POST /session/1d0e84f34d2a035f0d5ceb5061c1d98c/element - {"using":"xpath","value":"//*[@id=\"application-manageyards-display-component---NewYard--addressDetailDetailsCountry-inner\"]"}
RESULT: {"using":"xpath","value":"//*[@id=\"application-manageyards-display-component---NewYard--addressDetailDetailsCountry-inner\"]"}
COMMAND: POST /session/1d0e84f34d2a035f0d5ceb5061c1d98c/element/f.F6EA384F60A395BEF55DE869336FE185.d.18A129AB1837E0E1E4963CCA8DF47184.e.384/clear - {}
RESULT: {}
COMMAND: POST /session/1d0e84f34d2a035f0d5ceb5061c1d98c/element/f.F6EA384F60A395BEF55DE869336FE185.d.18A129AB1837E0E1E4963CCA8DF47184.e.384/value - {"text":"Romania"}
COMMAND: GET /session/1d0e84f34d2a035f0d5ceb5061c1d98c/screenshot - {}
RESULT: {"text":"Romania"}
COMMAND: GET /session/1d0e84f34d2a035f0d5ceb5061c1d98c/screenshot - {}
RESULT: {}
RESULT: {}
COMMAND: POST /session/1d0e84f34d2a035f0d5ceb5061c1d98c/element - {"using":"xpath","value":"//div[contains(text(), \"Commercial\")]"}
RESULT: {"using":"xpath","value":"//div[contains(text(), \"Commercial\")]"}
COMMAND: GET /session/1d0e84f34d2a035f0d5ceb5061c1d98c/element/f.F6EA384F60A395BEF55DE869336FE185.d.18A129AB1837E0E1E4963CCA8DF47184.e.578/rect - {}
RESULT: {}
COMMAND: GET /session/1d0e84f34d2a035f0d5ceb5061c1d98c/window/rect - {}
RESULT: {}
COMMAND: POST /session/1d0e84f34d2a035f0d5ceb5061c1d98c/execute/sync - {"script":"<script> [92 bytes]","args":[]}
RESULT: {"script":"<script> [92 bytes]","args":[]}
COMMAND: POST /session/1d0e84f34d2a035f0d5ceb5061c1d98c/actions - {"actions":[{"id":"action1","type":"wheel","parameters":{},"actions":[{"type":"scroll","x":-1841,"y":-44,"deltaX":0,"deltaY":0,"duration":0,"origin":{"element-6066-11e4-a52e-4f735466cecf":"f.F6EA384F60A395BEF55DE869336FE185.d.18A129AB1837E0E1E4963CCA8DF47184.e.578"}}]}]}
COMMAND: GET /session/1d0e84f34d2a035f0d5ceb5061c1d98c/screenshot - {}
RESULT: {}
COMMAND: POST /session/1d0e84f34d2a035f0d5ceb5061c1d98c/execute/sync - {"script":"<script> [79 bytes]","args":[{"element-6066-11e4-a52e-4f735466cecf":"f.F6EA384F60A395BEF55DE869336FE185.d.18A129AB1837E0E1E4963CCA8DF47184.e.578","ELEMENT":"f.F6EA384F60A395BEF55DE869336FE185.d.18A129AB1837E0E1E4963CCA8DF47184.e.578"},{"block":"start","inline":"nearest"}]}
RESULT: {"script":"<script> [79 bytes]","args":[{"element-6066-11e4-a52e-4f735466cecf":"f.F6EA384F60A395BEF55DE869336FE185.d.18A129AB1837E0E1E4963CCA8DF47184.e.578","ELEMENT":"f.F6EA384F60A395BEF55DE869336FE185.d.18A129AB1837E0E1E4963CCA8DF47184.e.578"},{"block":"start","inline":"nearest"}]}
COMMAND: GET /session/1d0e84f34d2a035f0d5ceb5061c1d98c/screenshot - {}
RESULT: {}
COMMAND: POST /session/1d0e84f34d2a035f0d5ceb5061c1d98c/execute/async - {"script":"<script> [1562 bytes]","args":[{"selector":{"id":"application-manageyards-display-component---NewYard--addressEditDetailsCostObjectCstType-arrow"},"wdio_ui5_key":"applicationmanageyards-display-component---NewYard--addressEditDetailsCostObjectCstType-arrow"}]}
RESULT: {"script":"<script> [1562 bytes]","args":[{"selector":{"id":"application-manageyards-display-component---NewYard--addressEditDetailsCostObjectCstType-arrow"},"wdio_ui5_key":"applicationmanageyards-display-component---NewYard--addressEditDetailsCostObjectCstType-arrow"}]}
RESULT: undefined
COMMAND: POST /session/1d0e84f34d2a035f0d5ceb5061c1d98c/element - {"using":"xpath","value":"//*[@id=\"application-manageyards-display-component---NewYard--addressEditDetailsCostObjectCstType-arrow\"]"}
RESULT: {"using":"xpath","value":"//*[@id=\"application-manageyards-display-component---NewYard--addressEditDetailsCostObjectCstType-arrow\"]"}
COMMAND: POST /session/1d0e84f34d2a035f0d5ceb5061c1d98c/element/f.F6EA384F60A395BEF55DE869336FE185.d.18A129AB1837E0E1E4963CCA8DF47184.e.586/click - {}
RESULT: {}
COMMAND: POST /session/1d0e84f34d2a035f0d5ceb5061c1d98c/element - {"using":"xpath","value":"//span[contains(text(), \"Cost Center\")]"}
COMMAND: GET /session/1d0e84f34d2a035f0d5ceb5061c1d98c/screenshot - {}
RESULT: {"using":"xpath","value":"//span[contains(text(), \"Cost Center\")]"}
COMMAND: POST /session/1d0e84f34d2a035f0d5ceb5061c1d98c/element/f.F6EA384F60A395BEF55DE869336FE185.d.18A129AB1837E0E1E4963CCA8DF47184.e.587/click - {}
RESULT: {}
RESULT: {}
COMMAND: GET /session/1d0e84f34d2a035f0d5ceb5061c1d98c/screenshot - {}
RESULT: {}
COMMAND: POST /session/1d0e84f34d2a035f0d5ceb5061c1d98c/execute/async - {"script":"<script> [1562 bytes]","args":[{"selector":{"id":"application-manageyards-display-component---NewYard--addressNewCostObjectCstID-vhi"},"wdio_ui5_key":"applicationmanageyards-display-component---NewYard--addressNewCostObjectCstID-vhi"}]}
RESULT: {"script":"<script> [1562 bytes]","args":[{"selector":{"id":"application-manageyards-display-component---NewYard--addressNewCostObjectCstID-vhi"},"wdio_ui5_key":"applicationmanageyards-display-component---NewYard--addressNewCostObjectCstID-vhi"}]}
RESULT: undefined
COMMAND: POST /session/1d0e84f34d2a035f0d5ceb5061c1d98c/element - {"using":"xpath","value":"//*[@id=\"application-manageyards-display-component---NewYard--addressNewCostObjectCstID-vhi\"]"}
RESULT: {"using":"xpath","value":"//*[@id=\"application-manageyards-display-component---NewYard--addressNewCostObjectCstID-vhi\"]"}
COMMAND: POST /session/1d0e84f34d2a035f0d5ceb5061c1d98c/element/f.F6EA384F60A395BEF55DE869336FE185.d.18A129AB1837E0E1E4963CCA8DF47184.e.591/click - {}
RESULT: {}
COMMAND: GET /session/1d0e84f34d2a035f0d5ceb5061c1d98c/screenshot - {}
RESULT: {}
COMMAND: POST /session/1d0e84f34d2a035f0d5ceb5061c1d98c/execute/async - {"script":"<script> [1562 bytes]","args":[{"selector":{"controlType":"sap.m.SearchField","properties":{"placeholder":"Search"},"searchOpenDialogs":true,"interaction":{"idSuffix":"I"}},"wdio_ui5_key":"sapm.SearchField{\"placeholder\":\"Search\"}"}]}
RESULT: {"script":"<script> [1562 bytes]","args":[{"selector":{"controlType":"sap.m.SearchField","properties":{"placeholder":"Search"},"searchOpenDialogs":true,"interaction":{"idSuffix":"I"}},"wdio_ui5_key":"sapm.SearchField{\"placeholder\":\"Search\"}"}]}
RESULT: undefined
COMMAND: POST /session/1d0e84f34d2a035f0d5ceb5061c1d98c/execute/async - {"script":"<script> [776 bytes]","args":[{"enterText":"10001013","selector":{"controlType":"sap.m.SearchField","properties":{"placeholder":"Search"},"searchOpenDialogs":true,"interaction":{"idSuffix":"I"}},"clearTextFirst":true,"interactionType":"ENTER_TEXT"}]}
RESULT: {"script":"<script> [776 bytes]","args":[{"enterText":"10001013","selector":{"controlType":"sap.m.SearchField","properties":{"placeholder":"Search"},"searchOpenDialogs":true,"interaction":{"idSuffix":"I"}},"clearTextFirst":true,"interactionType":"ENTER_TEXT"}]}
COMMAND: POST /session/1d0e84f34d2a035f0d5ceb5061c1d98c/actions - {"actions":[{"id":"action2","type":"key","parameters":{},"actions":[{"type":"keyDown","value":""},{"type":"pause","duration":10},{"type":"keyUp","value":""}]}]}
RESULT: {"actions":[{"id":"action2","type":"key","parameters":{},"actions":[{"type":"keyDown","value":""},{"type":"pause","duration":10},{"type":"keyUp","value":""}]}]}
COMMAND: GET /session/1d0e84f34d2a035f0d5ceb5061c1d98c/screenshot - {}
RESULT: {}
COMMAND: POST /session/1d0e84f34d2a035f0d5ceb5061c1d98c/element - {"using":"xpath","value":"//span[contains(text(), \"General Management\")]"}
RESULT: {"using":"xpath","value":"//span[contains(text(), \"General Management\")]"}
COMMAND: POST /session/1d0e84f34d2a035f0d5ceb5061c1d98c/element/f.F6EA384F60A395BEF55DE869336FE185.d.18A129AB1837E0E1E4963CCA8DF47184.e.632/click - {}
RESULT: {}
COMMAND: GET /session/1d0e84f34d2a035f0d5ceb5061c1d98c/screenshot - {}
RESULT: {}
COMMAND: POST /session/1d0e84f34d2a035f0d5ceb5061c1d98c/element - {"using":"xpath","value":"//bdi[contains(text(), \"OK\")]"}
RESULT: {"using":"xpath","value":"//bdi[contains(text(), \"OK\")]"}
COMMAND: POST /session/1d0e84f34d2a035f0d5ceb5061c1d98c/element/f.F6EA384F60A395BEF55DE869336FE185.d.18A129AB1837E0E1E4963CCA8DF47184.e.633/click - {}
RESULT: {}
COMMAND: GET /session/1d0e84f34d2a035f0d5ceb5061c1d98c/screenshot - {}
RESULT: {}
COMMAND: POST /session/1d0e84f34d2a035f0d5ceb5061c1d98c/execute/async - {"script":"<script> [1562 bytes]","args":[{"selector":{"controlType":"sap.m.Button","viewName":"etm.portal.ui.manageyards.view.New","viewId":"application-manageyards-display-component---NewYard","i18NText":{"propertyName":"text","key":"save"},"interaction":{"idSuffix":"inner"}},"wdio_ui5_key":"etmportal.ui.manageyards.view.Newsap.m.Button{\"propertyName\":\"text\",\"key\":\"save\"}"}]}
RESULT: {"script":"<script> [1562 bytes]","args":[{"selector":{"controlType":"sap.m.Button","viewName":"etm.portal.ui.manageyards.view.New","viewId":"application-manageyards-display-component---NewYard","i18NText":{"propertyName":"text","key":"save"},"interaction":{"idSuffix":"inner"}},"wdio_ui5_key":"etmportal.ui.manageyards.view.Newsap.m.Button{\"propertyName\":\"text\",\"key\":\"save\"}"}]}
RESULT: undefined
COMMAND: POST /session/1d0e84f34d2a035f0d5ceb5061c1d98c/element - {"using":"xpath","value":"//*[@id=\"__button18\"]"}
RESULT: {"using":"xpath","value":"//*[@id=\"__button18\"]"}
COMMAND: POST /session/1d0e84f34d2a035f0d5ceb5061c1d98c/element/f.F6EA384F60A395BEF55DE869336FE185.d.18A129AB1837E0E1E4963CCA8DF47184.e.557/click - {}
RESULT: {}
COMMAND: GET /session/1d0e84f34d2a035f0d5ceb5061c1d98c/screenshot - {}
RESULT: {}
COMMAND: POST /session/1d0e84f34d2a035f0d5ceb5061c1d98c/element - {"using":"xpath","value":"//header/div/div[2]/div[2]/span"}
RESULT: {"using":"xpath","value":"//header/div/div[2]/div[2]/span"}
COMMAND: GET /session/1d0e84f34d2a035f0d5ceb5061c1d98c/element/f.F6EA384F60A395BEF55DE869336FE185.d.18A129AB1837E0E1E4963CCA8DF47184.e.830/text - {}
RESULT: {}
COMMAND: POST /session/1d0e84f34d2a035f0d5ceb5061c1d98c/execute/async - {"script":"<script> [1562 bytes]","args":[{"selector":{"controlType":"sap.m.OverflowToolbarButton","viewName":"etm.portal.ui.manageyards.view.Detail","viewId":"application-manageyards-display-component---detailYard","i18NText":{"propertyName":"tooltip","key":"closeColumn"},"interaction":{"idSuffix":"inner"}},"wdio_ui5_key":"etmportal.ui.manageyards.view.Detailsap.m.OverflowToolbarButton{\"propertyName\":\"tooltip\",\"key\":\"closeColumn\"}"}]}
RESULT: {"script":"<script> [1562 bytes]","args":[{"selector":{"controlType":"sap.m.OverflowToolbarButton","viewName":"etm.portal.ui.manageyards.view.Detail","viewId":"application-manageyards-display-component---detailYard","i18NText":{"propertyName":"tooltip","key":"closeColumn"},"interaction":{"idSuffix":"inner"}},"wdio_ui5_key":"etmportal.ui.manageyards.view.Detailsap.m.OverflowToolbarButton{\"propertyName\":\"tooltip\",\"key\":\"closeColumn\"}"}]}
RESULT: undefined
COMMAND: POST /session/1d0e84f34d2a035f0d5ceb5061c1d98c/element - {"using":"xpath","value":"//*[@id=\"__button42\"]"}
RESULT: {"using":"xpath","value":"//*[@id=\"__button42\"]"}
COMMAND: POST /session/1d0e84f34d2a035f0d5ceb5061c1d98c/element/f.F6EA384F60A395BEF55DE869336FE185.d.18A129AB1837E0E1E4963CCA8DF47184.e.832/click - {}
RESULT: {}
COMMAND: GET /session/1d0e84f34d2a035f0d5ceb5061c1d98c/screenshot - {}
RESULT: {}
COMMAND: POST /session/1d0e84f34d2a035f0d5ceb5061c1d98c/element - {"using":"css selector","value":"#shell-header-logo"}
RESULT: {"using":"css selector","value":"#shell-header-logo"}
COMMAND: POST /session/1d0e84f34d2a035f0d5ceb5061c1d98c/element/f.F6EA384F60A395BEF55DE869336FE185.d.18A129AB1837E0E1E4963CCA8DF47184.e.120/click - {}
RESULT: {}
COMMAND: GET /session/1d0e84f34d2a035f0d5ceb5061c1d98c/screenshot - {}
RESULT: {}
COMMAND: POST /session/1d0e84f34d2a035f0d5ceb5061c1d98c/refresh - {}
RESULT: {}
COMMAND: GET /session/1d0e84f34d2a035f0d5ceb5061c1d98c/screenshot - {}
RESULT: {}
COMMAND: POST /session/1d0e84f34d2a035f0d5ceb5061c1d98c/execute/async - {"script":"<script> [189 bytes]","args":[]}
RESULT: {"script":"<script> [189 bytes]","args":[]}
COMMAND: POST /session/1d0e84f34d2a035f0d5ceb5061c1d98c/execute/async - {"script":"<script> [123 bytes]","args":[]}
RESULT: {"script":"<script> [123 bytes]","args":[]}
COMMAND: POST /session/1d0e84f34d2a035f0d5ceb5061c1d98c/timeouts - {"script":"<number>"}
RESULT: {"script":"<number>"}
COMMAND: GET /session/1d0e84f34d2a035f0d5ceb5061c1d98c/timeouts - {}
RESULT: {}
RESULT: undefined
COMMAND: POST /session/1d0e84f34d2a035f0d5ceb5061c1d98c/execute/async - {"script":"<script> [2676 bytes]","args":[]}
RESULT: {"script":"<script> [2676 bytes]","args":[]}
COMMAND: POST /session/1d0e84f34d2a035f0d5ceb5061c1d98c/execute/async - {"script":"<script> [2342 bytes]","args":[{"protocol":"http","hostname":"0.0.0.0","path":"/","capabilities":{"browserName":"chrome","goog:chromeOptions":{"binary":"C:\\Program Files\\Google\\Chrome\\Application\\chrome.exe","args":["--start-maximized"]}},"logLevel":"warn","connectionRetryTimeout":120000,"connectionRetryCount":3,"logLevels":{},"enableDirectConnect":true,"strictSSL":true,"_":"65 more keys: [\"cacheDir\",\"port\",\"requestedCapabilities\",\"automationProtocol\",\"baseUrl\",\"waitforInterval\",\"waitforTimeout\",\"onReload\",\"beforeCommand\",\"afterCommand\",\"rootDir\",\"specs\",\"suites\",\"exclude\",\"groupLogsByTestSpec\",\"excludeDriverLogs\",\"bail\",\"framework\",\"reporters\",\"services\",\"maxInstances\",\"maxInstancesPerCapability\",\"injectGlobals\",\"filesToWatch\",\"execArgv\",\"runnerEnv\",\"runner\",\"shard\",\"specFileRetries\",\"specFileRetriesDelay\",\"specFileRetriesDeferred\",\"reporterSyncInterval\",\"reporterSyncTimeout\",\"cucumberFeaturesWithLineNumbers\",\"autoCompileOpts\",\"mochaOpts\",\"jasmineOpts\",\"cucumberOpts\",\"onPrepare\",\"onWorkerStart\",\"onWorkerEnd\",\"before\",\"beforeSession\",\"beforeSuite\",\"beforeHook\",\"beforeTest\",\"afterTest\",\"afterHook\",\"afterSuite\",\"afterSession\",\"after\",\"onComplete\",\"beforeAssertion\",\"afterAssertion\",\"beforeFeature\",\"beforeScenario\",\"beforeStep\",\"afterStep\",\"afterScenario\",\"afterFeature\",\"_\",\"suite\",\"$0\",\"ignoredWorkerServices\",\"wdi5\"]"}]}
RESULT: {"script":"<script> [2342 bytes]","args":[{"protocol":"http","hostname":"0.0.0.0","path":"/","capabilities":{"browserName":"chrome","goog:chromeOptions":{"binary":"C:\\Program Files\\Google\\Chrome\\Application\\chrome.exe","args":["--start-maximized"]}},"logLevel":"warn","connectionRetryTimeout":120000,"connectionRetryCount":3,"logLevels":{},"enableDirectConnect":true,"strictSSL":true,"_":"65 more keys: [\"cacheDir\",\"port\",\"requestedCapabilities\",\"automationProtocol\",\"baseUrl\",\"waitforInterval\",\"waitforTimeout\",\"onReload\",\"beforeCommand\",\"afterCommand\",\"rootDir\",\"specs\",\"suites\",\"exclude\",\"groupLogsByTestSpec\",\"excludeDriverLogs\",\"bail\",\"framework\",\"reporters\",\"services\",\"maxInstances\",\"maxInstancesPerCapability\",\"injectGlobals\",\"filesToWatch\",\"execArgv\",\"runnerEnv\",\"runner\",\"shard\",\"specFileRetries\",\"specFileRetriesDelay\",\"specFileRetriesDeferred\",\"reporterSyncInterval\",\"reporterSyncTimeout\",\"cucumberFeaturesWithLineNumbers\",\"autoCompileOpts\",\"mochaOpts\",\"jasmineOpts\",\"cucumberOpts\",\"onPrepare\",\"onWorkerStart\",\"onWorkerEnd\",\"before\",\"beforeSession\",\"beforeSuite\",\"beforeHook\",\"beforeTest\",\"afterTest\",\"afterHook\",\"afterSuite\",\"afterSession\",\"after\",\"onComplete\",\"beforeAssertion\",\"afterAssertion\",\"beforeFeature\",\"beforeScenario\",\"beforeStep\",\"afterStep\",\"afterScenario\",\"afterFeature\",\"_\",\"suite\",\"$0\",\"ignoredWorkerServices\",\"wdi5\"]"}]}
COMMAND: POST /session/1d0e84f34d2a035f0d5ceb5061c1d98c/execute/async - {"script":"<script> [21126 bytes]","args":[35000]}
RESULT: {"script":"<script> [21126 bytes]","args":[35000]}
COMMAND: POST /session/1d0e84f34d2a035f0d5ceb5061c1d98c/execute/async - {"script":"<script> [1562 bytes]","args":[{"selector":{"controlType":"sap.m.GenericTile","properties":{"header":"Manage Sites"}},"wdio_ui5_key":"sapm.GenericTile{\"header\":\"Manage Sites\"}"}]}
RESULT: {"script":"<script> [1562 bytes]","args":[{"selector":{"controlType":"sap.m.GenericTile","properties":{"header":"Manage Sites"}},"wdio_ui5_key":"sapm.GenericTile{\"header\":\"Manage Sites\"}"}]}
RESULT: undefined
COMMAND: POST /session/1d0e84f34d2a035f0d5ceb5061c1d98c/element - {"using":"xpath","value":"//*[@id=\"__tile40\"]"}
RESULT: {"using":"xpath","value":"//*[@id=\"__tile40\"]"}
COMMAND: POST /session/1d0e84f34d2a035f0d5ceb5061c1d98c/element/f.F6EA384F60A395BEF55DE869336FE185.d.82B44E779EF0F952EEEF51C0690D1CEF.e.1185/click - {}
RESULT: {}
COMMAND: GET /session/1d0e84f34d2a035f0d5ceb5061c1d98c/screenshot - {}
RESULT: {}
COMMAND: POST /session/1d0e84f34d2a035f0d5ceb5061c1d98c/elements - {"using":"xpath","value":"//span[text()='Error']"}
RESULT: {"using":"xpath","value":"//span[text()='Error']"}
COMMAND: POST /session/1d0e84f34d2a035f0d5ceb5061c1d98c/execute/async - {"script":"<script> [1562 bytes]","args":[{"selector":{"controlType":"sap.ui.core.Icon","viewName":"etm.portal.ui.managesites.view.Master","viewId":"application-managesites-display-component---masterSite","properties":{"src":{"regex":{"source":"add"}}}},"wdio_ui5_key":"etmportal.ui.managesites.view.Mastersap.ui.core.Icon{\"src\":{\"regex\":{\"source\":\"add\"}}}"}]}
RESULT: {"script":"<script> [1562 bytes]","args":[{"selector":{"controlType":"sap.ui.core.Icon","viewName":"etm.portal.ui.managesites.view.Master","viewId":"application-managesites-display-component---masterSite","properties":{"src":{"regex":{"source":"add"}}}},"wdio_ui5_key":"etmportal.ui.managesites.view.Mastersap.ui.core.Icon{\"src\":{\"regex\":{\"source\":\"add\"}}}"}]}
RESULT: undefined
COMMAND: POST /session/1d0e84f34d2a035f0d5ceb5061c1d98c/element - {"using":"xpath","value":"//*[@id=\"__button4-img\"]"}
RESULT: {"using":"xpath","value":"//*[@id=\"__button4-img\"]"}
COMMAND: POST /session/1d0e84f34d2a035f0d5ceb5061c1d98c/element/f.F6EA384F60A395BEF55DE869336FE185.d.82B44E779EF0F952EEEF51C0690D1CEF.e.1235/click - {}
RESULT: {}
COMMAND: POST /session/1d0e84f34d2a035f0d5ceb5061c1d98c/execute/async - {"script":"<script> [1562 bytes]","args":[{"selector":{"id":"application-managesites-display-component---NewSite--siteId","interaction":{"idSuffix":"inner"}},"wdio_ui5_key":"applicationmanagesites-display-component---NewSite--siteId"}]}
COMMAND: GET /session/1d0e84f34d2a035f0d5ceb5061c1d98c/screenshot - {}
RESULT: {"script":"<script> [1562 bytes]","args":[{"selector":{"id":"application-managesites-display-component---NewSite--siteId","interaction":{"idSuffix":"inner"}},"wdio_ui5_key":"applicationmanagesites-display-component---NewSite--siteId"}]}
RESULT: undefined
COMMAND: POST /session/1d0e84f34d2a035f0d5ceb5061c1d98c/execute/async - {"script":"<script> [1562 bytes]","args":[{"selector":{"id":"application-managesites-display-component---NewSite--addressDetailDetailsName1","interaction":{"idSuffix":"inner"}},"wdio_ui5_key":"applicationmanagesites-display-component---NewSite--addressDetailDetailsName1"}]}
RESULT: {}
RESULT: {"script":"<script> [1562 bytes]","args":[{"selector":{"id":"application-managesites-display-component---NewSite--addressDetailDetailsName1","interaction":{"idSuffix":"inner"}},"wdio_ui5_key":"applicationmanagesites-display-component---NewSite--addressDetailDetailsName1"}]}
RESULT: undefined
COMMAND: POST /session/1d0e84f34d2a035f0d5ceb5061c1d98c/execute/async - {"script":"<script> [776 bytes]","args":[{"enterText":"WebdriverSiterxp1s","selector":{"id":"application-managesites-display-component---NewSite--addressDetailDetailsName1","interaction":{"idSuffix":"inner"}},"clearTextFirst":true,"interactionType":"ENTER_TEXT"}]}
RESULT: {"script":"<script> [776 bytes]","args":[{"enterText":"WebdriverSiterxp1s","selector":{"id":"application-managesites-display-component---NewSite--addressDetailDetailsName1","interaction":{"idSuffix":"inner"}},"clearTextFirst":true,"interactionType":"ENTER_TEXT"}]}
COMMAND: POST /session/1d0e84f34d2a035f0d5ceb5061c1d98c/execute/async - {"script":"<script> [1562 bytes]","args":[{"selector":{"id":"application-managesites-display-component---NewSite--addressDetailDetailsLanguage","interaction":{"idSuffix":"inner"}},"wdio_ui5_key":"applicationmanagesites-display-component---NewSite--addressDetailDetailsLanguage"}]}
RESULT: {"script":"<script> [1562 bytes]","args":[{"selector":{"id":"application-managesites-display-component---NewSite--addressDetailDetailsLanguage","interaction":{"idSuffix":"inner"}},"wdio_ui5_key":"applicationmanagesites-display-component---NewSite--addressDetailDetailsLanguage"}]}
RESULT: undefined
COMMAND: POST /session/1d0e84f34d2a035f0d5ceb5061c1d98c/execute/async - {"script":"<script> [776 bytes]","args":[{"enterText":"Romanian","selector":{"id":"application-managesites-display-component---NewSite--addressDetailDetailsLanguage","interaction":{"idSuffix":"inner"}},"clearTextFirst":true,"interactionType":"ENTER_TEXT"}]}
RESULT: {"script":"<script> [776 bytes]","args":[{"enterText":"Romanian","selector":{"id":"application-managesites-display-component---NewSite--addressDetailDetailsLanguage","interaction":{"idSuffix":"inner"}},"clearTextFirst":true,"interactionType":"ENTER_TEXT"}]}
COMMAND: POST /session/1d0e84f34d2a035f0d5ceb5061c1d98c/execute/async - {"script":"<script> [1562 bytes]","args":[{"selector":{"id":"application-managesites-display-component---NewSite--addressDetailDetailsCity1","interaction":{"idSuffix":"inner"}},"wdio_ui5_key":"applicationmanagesites-display-component---NewSite--addressDetailDetailsCity1"}]}
RESULT: {"script":"<script> [1562 bytes]","args":[{"selector":{"id":"application-managesites-display-component---NewSite--addressDetailDetailsCity1","interaction":{"idSuffix":"inner"}},"wdio_ui5_key":"applicationmanagesites-display-component---NewSite--addressDetailDetailsCity1"}]}
RESULT: undefined
COMMAND: POST /session/1d0e84f34d2a035f0d5ceb5061c1d98c/execute/async - {"script":"<script> [776 bytes]","args":[{"enterText":"Bucharest","selector":{"id":"application-managesites-display-component---NewSite--addressDetailDetailsCity1","interaction":{"idSuffix":"inner"}},"clearTextFirst":true,"interactionType":"ENTER_TEXT"}]}
RESULT: {"script":"<script> [776 bytes]","args":[{"enterText":"Bucharest","selector":{"id":"application-managesites-display-component---NewSite--addressDetailDetailsCity1","interaction":{"idSuffix":"inner"}},"clearTextFirst":true,"interactionType":"ENTER_TEXT"}]}
COMMAND: POST /session/1d0e84f34d2a035f0d5ceb5061c1d98c/execute/async - {"script":"<script> [1562 bytes]","args":[{"selector":{"id":"application-managesites-display-component---NewSite--addressDetailDetailsCountry","interaction":{"idSuffix":"inner"}},"wdio_ui5_key":"applicationmanagesites-display-component---NewSite--addressDetailDetailsCountry"}]}
RESULT: {"script":"<script> [1562 bytes]","args":[{"selector":{"id":"application-managesites-display-component---NewSite--addressDetailDetailsCountry","interaction":{"idSuffix":"inner"}},"wdio_ui5_key":"applicationmanagesites-display-component---NewSite--addressDetailDetailsCountry"}]}
RESULT: undefined
COMMAND: POST /session/1d0e84f34d2a035f0d5ceb5061c1d98c/execute/async - {"script":"<script> [776 bytes]","args":[{"enterText":"Romania","selector":{"id":"application-managesites-display-component---NewSite--addressDetailDetailsCountry","interaction":{"idSuffix":"inner"}},"clearTextFirst":true,"interactionType":"ENTER_TEXT"}]}
RESULT: {"script":"<script> [776 bytes]","args":[{"enterText":"Romania","selector":{"id":"application-managesites-display-component---NewSite--addressDetailDetailsCountry","interaction":{"idSuffix":"inner"}},"clearTextFirst":true,"interactionType":"ENTER_TEXT"}]}
COMMAND: POST /session/1d0e84f34d2a035f0d5ceb5061c1d98c/element - {"using":"css selector","value":"#application-managesites-display-component---NewSite--addressDetailDetailsCalendar-inner"}
RESULT: {"using":"css selector","value":"#application-managesites-display-component---NewSite--addressDetailDetailsCalendar-inner"}
COMMAND: POST /session/1d0e84f34d2a035f0d5ceb5061c1d98c/element/f.F6EA384F60A395BEF55DE869336FE185.d.82B44E779EF0F952EEEF51C0690D1CEF.e.1414/clear - {}
RESULT: {}
COMMAND: POST /session/1d0e84f34d2a035f0d5ceb5061c1d98c/element/f.F6EA384F60A395BEF55DE869336FE185.d.82B44E779EF0F952EEEF51C0690D1CEF.e.1414/value - {"text":"Germany"}
COMMAND: GET /session/1d0e84f34d2a035f0d5ceb5061c1d98c/screenshot - {}
RESULT: {"text":"Germany"}
COMMAND: POST /session/1d0e84f34d2a035f0d5ceb5061c1d98c/execute/async - {"script":"<script> [1562 bytes]","args":[{"selector":{"id":"application-managesites-display-component---NewSite--addressEditDetailsCostObjectCstType-arrow"},"wdio_ui5_key":"applicationmanagesites-display-component---NewSite--addressEditDetailsCostObjectCstType-arrow"}]}
COMMAND: GET /session/1d0e84f34d2a035f0d5ceb5061c1d98c/screenshot - {}
RESULT: {}
RESULT: {"script":"<script> [1562 bytes]","args":[{"selector":{"id":"application-managesites-display-component---NewSite--addressEditDetailsCostObjectCstType-arrow"},"wdio_ui5_key":"applicationmanagesites-display-component---NewSite--addressEditDetailsCostObjectCstType-arrow"}]}
RESULT: undefined
COMMAND: POST /session/1d0e84f34d2a035f0d5ceb5061c1d98c/element - {"using":"xpath","value":"//*[@id=\"application-managesites-display-component---NewSite--addressEditDetailsCostObjectCstType-arrow\"]"}
RESULT: {}
RESULT: {"using":"xpath","value":"//*[@id=\"application-managesites-display-component---NewSite--addressEditDetailsCostObjectCstType-arrow\"]"}
COMMAND: POST /session/1d0e84f34d2a035f0d5ceb5061c1d98c/element/f.F6EA384F60A395BEF55DE869336FE185.d.82B44E779EF0F952EEEF51C0690D1CEF.e.1617/click - {}
RESULT: {}
COMMAND: POST /session/1d0e84f34d2a035f0d5ceb5061c1d98c/element - {"using":"xpath","value":"//span[contains(text(), \"Work Breakdown Structure\")]"}
COMMAND: GET /session/1d0e84f34d2a035f0d5ceb5061c1d98c/screenshot - {}
RESULT: {"using":"xpath","value":"//span[contains(text(), \"Work Breakdown Structure\")]"}
COMMAND: POST /session/1d0e84f34d2a035f0d5ceb5061c1d98c/element/f.F6EA384F60A395BEF55DE869336FE185.d.82B44E779EF0F952EEEF51C0690D1CEF.e.1618/click - {}
RESULT: {}
RESULT: {}
COMMAND: GET /session/1d0e84f34d2a035f0d5ceb5061c1d98c/screenshot - {}
RESULT: {}
COMMAND: POST /session/1d0e84f34d2a035f0d5ceb5061c1d98c/execute/async - {"script":"<script> [1562 bytes]","args":[{"selector":{"id":"application-managesites-display-component---NewSite--addressNewCostObjectCstID-vhi"},"wdio_ui5_key":"applicationmanagesites-display-component---NewSite--addressNewCostObjectCstID-vhi"}]}
RESULT: {"script":"<script> [1562 bytes]","args":[{"selector":{"id":"application-managesites-display-component---NewSite--addressNewCostObjectCstID-vhi"},"wdio_ui5_key":"applicationmanagesites-display-component---NewSite--addressNewCostObjectCstID-vhi"}]}
RESULT: undefined
COMMAND: POST /session/1d0e84f34d2a035f0d5ceb5061c1d98c/element - {"using":"xpath","value":"//*[@id=\"application-managesites-display-component---NewSite--addressNewCostObjectCstID-vhi\"]"}
RESULT: {"using":"xpath","value":"//*[@id=\"application-managesites-display-component---NewSite--addressNewCostObjectCstID-vhi\"]"}
COMMAND: POST /session/1d0e84f34d2a035f0d5ceb5061c1d98c/element/f.F6EA384F60A395BEF55DE869336FE185.d.82B44E779EF0F952EEEF51C0690D1CEF.e.1622/click - {}
RESULT: {}
COMMAND: GET /session/1d0e84f34d2a035f0d5ceb5061c1d98c/screenshot - {}
RESULT: {}
COMMAND: POST /session/1d0e84f34d2a035f0d5ceb5061c1d98c/execute/async - {"script":"<script> [1562 bytes]","args":[{"selector":{"controlType":"sap.m.SearchField","properties":{"placeholder":"Search"},"searchOpenDialogs":true,"interaction":{"idSuffix":"I"}},"wdio_ui5_key":"sapm.SearchField{\"placeholder\":\"Search\"}"}]}
RESULT: {"script":"<script> [1562 bytes]","args":[{"selector":{"controlType":"sap.m.SearchField","properties":{"placeholder":"Search"},"searchOpenDialogs":true,"interaction":{"idSuffix":"I"}},"wdio_ui5_key":"sapm.SearchField{\"placeholder\":\"Search\"}"}]}
RESULT: undefined
COMMAND: POST /session/1d0e84f34d2a035f0d5ceb5061c1d98c/execute/async - {"script":"<script> [776 bytes]","args":[{"enterText":"A1-000100-01","selector":{"controlType":"sap.m.SearchField","properties":{"placeholder":"Search"},"searchOpenDialogs":true,"interaction":{"idSuffix":"I"}},"clearTextFirst":true,"interactionType":"ENTER_TEXT"}]}
RESULT: {"script":"<script> [776 bytes]","args":[{"enterText":"A1-000100-01","selector":{"controlType":"sap.m.SearchField","properties":{"placeholder":"Search"},"searchOpenDialogs":true,"interaction":{"idSuffix":"I"}},"clearTextFirst":true,"interactionType":"ENTER_TEXT"}]}
COMMAND: POST /session/1d0e84f34d2a035f0d5ceb5061c1d98c/actions - {"actions":[{"id":"action3","type":"key","parameters":{},"actions":[{"type":"keyDown","value":""},{"type":"pause","duration":10},{"type":"keyUp","value":""}]}]}
RESULT: {"actions":[{"id":"action3","type":"key","parameters":{},"actions":[{"type":"keyDown","value":""},{"type":"pause","duration":10},{"type":"keyUp","value":""}]}]}
COMMAND: GET /session/1d0e84f34d2a035f0d5ceb5061c1d98c/screenshot - {}
RESULT: {}
COMMAND: POST /session/1d0e84f34d2a035f0d5ceb5061c1d98c/element - {"using":"xpath","value":"//span[contains(text(), \"Template for ETO-Process\")]"}
RESULT: {"using":"xpath","value":"//span[contains(text(), \"Template for ETO-Process\")]"}
COMMAND: POST /session/1d0e84f34d2a035f0d5ceb5061c1d98c/element/f.F6EA384F60A395BEF55DE869336FE185.d.82B44E779EF0F952EEEF51C0690D1CEF.e.1642/click - {}
RESULT: {}
COMMAND: GET /session/1d0e84f34d2a035f0d5ceb5061c1d98c/screenshot - {}
RESULT: {}
COMMAND: POST /session/1d0e84f34d2a035f0d5ceb5061c1d98c/element - {"using":"xpath","value":"//bdi[contains(text(), \"OK\")]"}
RESULT: {"using":"xpath","value":"//bdi[contains(text(), \"OK\")]"}
COMMAND: POST /session/1d0e84f34d2a035f0d5ceb5061c1d98c/element/f.F6EA384F60A395BEF55DE869336FE185.d.82B44E779EF0F952EEEF51C0690D1CEF.e.1643/click - {}
RESULT: {}
COMMAND: GET /session/1d0e84f34d2a035f0d5ceb5061c1d98c/screenshot - {}
RESULT: {}
COMMAND: POST /session/1d0e84f34d2a035f0d5ceb5061c1d98c/element - {"using":"xpath","value":"//input[@id=\"application-managesites-display-component---NewSite--addressDetailDetailsYard-inner\"]"}
RESULT: {"using":"xpath","value":"//input[@id=\"application-managesites-display-component---NewSite--addressDetailDetailsYard-inner\"]"}
COMMAND: POST /session/1d0e84f34d2a035f0d5ceb5061c1d98c/element/f.F6EA384F60A395BEF55DE869336FE185.d.82B44E779EF0F952EEEF51C0690D1CEF.e.1415/value - {"text":"WebdriverYard3n8g7"}
RESULT: {"text":"WebdriverYard3n8g7"}
COMMAND: GET /session/1d0e84f34d2a035f0d5ceb5061c1d98c/screenshot - {}
RESULT: {}
COMMAND: POST /session/1d0e84f34d2a035f0d5ceb5061c1d98c/actions - {"actions":[{"id":"action4","type":"key","parameters":{},"actions":[{"type":"keyDown","value":""},{"type":"pause","duration":10},{"type":"keyUp","value":""}]}]}
RESULT: {"actions":[{"id":"action4","type":"key","parameters":{},"actions":[{"type":"keyDown","value":""},{"type":"pause","duration":10},{"type":"keyUp","value":""}]}]}
COMMAND: GET /session/1d0e84f34d2a035f0d5ceb5061c1d98c/screenshot - {}
RESULT: {}
COMMAND: POST /session/1d0e84f34d2a035f0d5ceb5061c1d98c/element - {"using":"xpath","value":"//input[@id=\"application-managesites-display-component---NewSite--addressDetailDetailsPartner-inner\"]"}
RESULT: {"using":"xpath","value":"//input[@id=\"application-managesites-display-component---NewSite--addressDetailDetailsPartner-inner\"]"}
COMMAND: POST /session/1d0e84f34d2a035f0d5ceb5061c1d98c/elements - {"using":"xpath","value":"//input[@id=\"application-managesites-display-component---NewSite--addressDetailDetailsPartner-inner\"]"}
RESULT: {"using":"xpath","value":"//input[@id=\"application-managesites-display-component---NewSite--addressDetailDetailsPartner-inner\"]"}
COMMAND: POST /session/1d0e84f34d2a035f0d5ceb5061c1d98c/execute/async - {"script":"<script> [1562 bytes]","args":[{"selector":{"controlType":"sap.m.Button","viewName":"etm.portal.ui.managesites.view.NewSmartSite","viewId":"application-managesites-display-component---NewSite","properties":{"text":"Commercial"},"interaction":{"idSuffix":"BDI-content"}},"wdio_ui5_key":"etmportal.ui.managesites.view.NewSmartSitesap.m.Button{\"text\":\"Commercial\"}"}]}
RESULT: {"script":"<script> [1562 bytes]","args":[{"selector":{"controlType":"sap.m.Button","viewName":"etm.portal.ui.managesites.view.NewSmartSite","viewId":"application-managesites-display-component---NewSite","properties":{"text":"Commercial"},"interaction":{"idSuffix":"BDI-content"}},"wdio_ui5_key":"etmportal.ui.managesites.view.NewSmartSitesap.m.Button{\"text\":\"Commercial\"}"}]}
RESULT: undefined
COMMAND: POST /session/1d0e84f34d2a035f0d5ceb5061c1d98c/element - {"using":"xpath","value":"//*[@id=\"application-managesites-display-component---NewSite--ObjectPageLayout-anchBar-__section5-anchor\"]"}
RESULT: {"using":"xpath","value":"//*[@id=\"application-managesites-display-component---NewSite--ObjectPageLayout-anchBar-__section5-anchor\"]"}
COMMAND: POST /session/1d0e84f34d2a035f0d5ceb5061c1d98c/element/f.F6EA384F60A395BEF55DE869336FE185.d.82B44E779EF0F952EEEF51C0690D1CEF.e.1650/click - {}
RESULT: {}
COMMAND: POST /session/1d0e84f34d2a035f0d5ceb5061c1d98c/execute/async - {"script":"<script> [1562 bytes]","args":[{"selector":{"controlType":"sap.m.Button","viewName":"etm.portal.ui.managesites.view.NewSmartSite","viewId":"application-managesites-display-component---NewSite","i18NText":{"propertyName":"text","key":"save"},"interaction":{"idSuffix":"BDI-content"}},"wdio_ui5_key":"etmportal.ui.managesites.view.NewSmartSitesap.m.Button{\"propertyName\":\"text\",\"key\":\"save\"}"}]}
COMMAND: GET /session/1d0e84f34d2a035f0d5ceb5061c1d98c/screenshot - {}
RESULT: {"script":"<script> [1562 bytes]","args":[{"selector":{"controlType":"sap.m.Button","viewName":"etm.portal.ui.managesites.view.NewSmartSite","viewId":"application-managesites-display-component---NewSite","i18NText":{"propertyName":"text","key":"save"},"interaction":{"idSuffix":"BDI-content"}},"wdio_ui5_key":"etmportal.ui.managesites.view.NewSmartSitesap.m.Button{\"propertyName\":\"text\",\"key\":\"save\"}"}]}
RESULT: undefined
COMMAND: POST /session/1d0e84f34d2a035f0d5ceb5061c1d98c/element - {"using":"xpath","value":"//*[@id=\"__button16\"]"}
RESULT: {}
RESULT: {"using":"xpath","value":"//*[@id=\"__button16\"]"}
COMMAND: POST /session/1d0e84f34d2a035f0d5ceb5061c1d98c/element/f.F6EA384F60A395BEF55DE869336FE185.d.82B44E779EF0F952EEEF51C0690D1CEF.e.1567/click - {}
RESULT: {}
COMMAND: GET /session/1d0e84f34d2a035f0d5ceb5061c1d98c/screenshot - {}
RESULT: {}
COMMAND: POST /session/1d0e84f34d2a035f0d5ceb5061c1d98c/execute/async - {"script":"<script> [1562 bytes]","args":[{"selector":{"id":"application-managesites-display-component---detailSite--addressDetailDetailsYardText"},"wdio_ui5_key":"applicationmanagesites-display-component---detailSite--addressDetailDetailsYardText"}]}
RESULT: {"script":"<script> [1562 bytes]","args":[{"selector":{"id":"application-managesites-display-component---detailSite--addressDetailDetailsYardText"},"wdio_ui5_key":"applicationmanagesites-display-component---detailSite--addressDetailDetailsYardText"}]}
RESULT: undefined
COMMAND: POST /session/1d0e84f34d2a035f0d5ceb5061c1d98c/element - {"using":"xpath","value":"//header/div/div[2]/div[2]/span"}
RESULT: {"using":"xpath","value":"//header/div/div[2]/div[2]/span"}
COMMAND: GET /session/1d0e84f34d2a035f0d5ceb5061c1d98c/element/f.F6EA384F60A395BEF55DE869336FE185.d.82B44E779EF0F952EEEF51C0690D1CEF.e.1858/text - {}
RESULT: {}
COMMAND: POST /session/1d0e84f34d2a035f0d5ceb5061c1d98c/element - {"using":"xpath","value":"//header/div/div/div/div/div/div[2]/div/span"}
RESULT: {"using":"xpath","value":"//header/div/div/div/div/div/div[2]/div/span"}
COMMAND: GET /session/1d0e84f34d2a035f0d5ceb5061c1d98c/element/f.F6EA384F60A395BEF55DE869336FE185.d.82B44E779EF0F952EEEF51C0690D1CEF.e.1859/text - {}
RESULT: {}
COMMAND: POST /session/1d0e84f34d2a035f0d5ceb5061c1d98c/element - {"using":"css selector","value":"#shell-header-logo"}
RESULT: {"using":"css selector","value":"#shell-header-logo"}
COMMAND: POST /session/1d0e84f34d2a035f0d5ceb5061c1d98c/element/f.F6EA384F60A395BEF55DE869336FE185.d.82B44E779EF0F952EEEF51C0690D1CEF.e.1188/click - {}
RESULT: {}
COMMAND: GET /session/1d0e84f34d2a035f0d5ceb5061c1d98c/screenshot - {}
RESULT: {}
COMMAND: POST /session/1d0e84f34d2a035f0d5ceb5061c1d98c/execute/async - {"script":"<script> [1562 bytes]","args":[{"selector":{"controlType":"sap.m.GenericTile","properties":{"header":"Manage Partners"}},"wdio_ui5_key":"sapm.GenericTile{\"header\":\"Manage Partners\"}"}]}
RESULT: {"script":"<script> [1562 bytes]","args":[{"selector":{"controlType":"sap.m.GenericTile","properties":{"header":"Manage Partners"}},"wdio_ui5_key":"sapm.GenericTile{\"header\":\"Manage Partners\"}"}]}
RESULT: undefined
COMMAND: POST /session/1d0e84f34d2a035f0d5ceb5061c1d98c/element - {"using":"xpath","value":"//*[@id=\"__tile38\"]"}
RESULT: {"using":"xpath","value":"//*[@id=\"__tile38\"]"}
COMMAND: POST /session/1d0e84f34d2a035f0d5ceb5061c1d98c/element/f.F6EA384F60A395BEF55DE869336FE185.d.82B44E779EF0F952EEEF51C0690D1CEF.e.1861/click - {}
RESULT: {}
COMMAND: GET /session/1d0e84f34d2a035f0d5ceb5061c1d98c/screenshot - {}
RESULT: {}
COMMAND: POST /session/1d0e84f34d2a035f0d5ceb5061c1d98c/elements - {"using":"xpath","value":"//span[text()='Error']"}
RESULT: {"using":"xpath","value":"//span[text()='Error']"}
COMMAND: POST /session/1d0e84f34d2a035f0d5ceb5061c1d98c/execute/async - {"script":"<script> [1562 bytes]","args":[{"selector":{"controlType":"sap.ui.core.Icon","viewName":"etm.portal.ui.managepartners.view.Master","viewId":"application-managepartners-display-component---masterPtm","properties":{"src":{"regex":{"source":"add"}}}},"wdio_ui5_key":"etmportal.ui.managepartners.view.Mastersap.ui.core.Icon{\"src\":{\"regex\":{\"source\":\"add\"}}}"}]}
RESULT: {"script":"<script> [1562 bytes]","args":[{"selector":{"controlType":"sap.ui.core.Icon","viewName":"etm.portal.ui.managepartners.view.Master","viewId":"application-managepartners-display-component---masterPtm","properties":{"src":{"regex":{"source":"add"}}}},"wdio_ui5_key":"etmportal.ui.managepartners.view.Mastersap.ui.core.Icon{\"src\":{\"regex\":{\"source\":\"add\"}}}"}]}
RESULT: undefined
COMMAND: POST /session/1d0e84f34d2a035f0d5ceb5061c1d98c/element - {"using":"xpath","value":"//*[@id=\"__button60-img\"]"}
RESULT: {"using":"xpath","value":"//*[@id=\"__button60-img\"]"}
COMMAND: POST /session/1d0e84f34d2a035f0d5ceb5061c1d98c/element/f.F6EA384F60A395BEF55DE869336FE185.d.82B44E779EF0F952EEEF51C0690D1CEF.e.1912/click - {}
RESULT: {}
COMMAND: GET /session/1d0e84f34d2a035f0d5ceb5061c1d98c/screenshot - {}
RESULT: {}
COMMAND: POST /session/1d0e84f34d2a035f0d5ceb5061c1d98c/execute/async - {"script":"<script> [1562 bytes]","args":[{"selector":{"id":"application-managepartners-display-component---NewPartner--partnerId","interaction":{"idSuffix":"inner"}},"wdio_ui5_key":"applicationmanagepartners-display-component---NewPartner--partnerId"}]}
RESULT: {"script":"<script> [1562 bytes]","args":[{"selector":{"id":"application-managepartners-display-component---NewPartner--partnerId","interaction":{"idSuffix":"inner"}},"wdio_ui5_key":"applicationmanagepartners-display-component---NewPartner--partnerId"}]}
RESULT: undefined
COMMAND: POST /session/1d0e84f34d2a035f0d5ceb5061c1d98c/execute/async - {"script":"<script> [1562 bytes]","args":[{"selector":{"id":"application-managepartners-display-component---NewPartner--addressDetailDetailsName1","interaction":{"idSuffix":"inner"}},"wdio_ui5_key":"applicationmanagepartners-display-component---NewPartner--addressDetailDetailsName1"}]}
RESULT: {"script":"<script> [1562 bytes]","args":[{"selector":{"id":"application-managepartners-display-component---NewPartner--addressDetailDetailsName1","interaction":{"idSuffix":"inner"}},"wdio_ui5_key":"applicationmanagepartners-display-component---NewPartner--addressDetailDetailsName1"}]}
RESULT: undefined
COMMAND: POST /session/1d0e84f34d2a035f0d5ceb5061c1d98c/execute/async - {"script":"<script> [776 bytes]","args":[{"enterText":"WebdriverPartnercvdh8","selector":{"id":"application-managepartners-display-component---NewPartner--addressDetailDetailsName1","interaction":{"idSuffix":"inner"}},"clearTextFirst":true,"interactionType":"ENTER_TEXT"}]}
RESULT: {"script":"<script> [776 bytes]","args":[{"enterText":"WebdriverPartnercvdh8","selector":{"id":"application-managepartners-display-component---NewPartner--addressDetailDetailsName1","interaction":{"idSuffix":"inner"}},"clearTextFirst":true,"interactionType":"ENTER_TEXT"}]}
COMMAND: POST /session/1d0e84f34d2a035f0d5ceb5061c1d98c/execute/async - {"script":"<script> [1562 bytes]","args":[{"selector":{"id":"application-managepartners-display-component---NewPartner--addressDetailDetailsLanguage","interaction":{"idSuffix":"inner"}},"wdio_ui5_key":"applicationmanagepartners-display-component---NewPartner--addressDetailDetailsLanguage"}]}
RESULT: {"script":"<script> [1562 bytes]","args":[{"selector":{"id":"application-managepartners-display-component---NewPartner--addressDetailDetailsLanguage","interaction":{"idSuffix":"inner"}},"wdio_ui5_key":"applicationmanagepartners-display-component---NewPartner--addressDetailDetailsLanguage"}]}
RESULT: undefined
COMMAND: POST /session/1d0e84f34d2a035f0d5ceb5061c1d98c/execute/async - {"script":"<script> [776 bytes]","args":[{"enterText":"Romanian","selector":{"id":"application-managepartners-display-component---NewPartner--addressDetailDetailsLanguage","interaction":{"idSuffix":"inner"}},"clearTextFirst":true,"interactionType":"ENTER_TEXT"}]}
RESULT: {"script":"<script> [776 bytes]","args":[{"enterText":"Romanian","selector":{"id":"application-managepartners-display-component---NewPartner--addressDetailDetailsLanguage","interaction":{"idSuffix":"inner"}},"clearTextFirst":true,"interactionType":"ENTER_TEXT"}]}
COMMAND: POST /session/1d0e84f34d2a035f0d5ceb5061c1d98c/element - {"using":"xpath","value":"//input[contains(@id ,\"application-managepartners-display-component---NewPartner--addressDetailDetailsName1-inner\")]"}
RESULT: {"using":"xpath","value":"//input[contains(@id ,\"application-managepartners-display-component---NewPartner--addressDetailDetailsName1-inner\")]"}
COMMAND: GET /session/1d0e84f34d2a035f0d5ceb5061c1d98c/element/f.F6EA384F60A395BEF55DE869336FE185.d.82B44E779EF0F952EEEF51C0690D1CEF.e.2084/property/value - {}
RESULT: {}
COMMAND: POST /session/1d0e84f34d2a035f0d5ceb5061c1d98c/execute/async - {"script":"<script> [1562 bytes]","args":[{"selector":{"id":"application-managepartners-display-component---NewPartner--addressDetailDetailsCity1","interaction":{"idSuffix":"inner"}},"wdio_ui5_key":"applicationmanagepartners-display-component---NewPartner--addressDetailDetailsCity1"}]}
COMMAND: GET /session/1d0e84f34d2a035f0d5ceb5061c1d98c/screenshot - {}
RESULT: {"script":"<script> [1562 bytes]","args":[{"selector":{"id":"application-managepartners-display-component---NewPartner--addressDetailDetailsCity1","interaction":{"idSuffix":"inner"}},"wdio_ui5_key":"applicationmanagepartners-display-component---NewPartner--addressDetailDetailsCity1"}]}
RESULT: undefined
COMMAND: POST /session/1d0e84f34d2a035f0d5ceb5061c1d98c/execute/async - {"script":"<script> [776 bytes]","args":[{"enterText":"Bucharest","selector":{"id":"application-managepartners-display-component---NewPartner--addressDetailDetailsCity1","interaction":{"idSuffix":"inner"}},"clearTextFirst":true,"interactionType":"ENTER_TEXT"}]}
RESULT: {}
RESULT: {"script":"<script> [776 bytes]","args":[{"enterText":"Bucharest","selector":{"id":"application-managepartners-display-component---NewPartner--addressDetailDetailsCity1","interaction":{"idSuffix":"inner"}},"clearTextFirst":true,"interactionType":"ENTER_TEXT"}]}
COMMAND: POST /session/1d0e84f34d2a035f0d5ceb5061c1d98c/execute/async - {"script":"<script> [1562 bytes]","args":[{"selector":{"id":"application-managepartners-display-component---NewPartner--addressDetailDetailsCountry","interaction":{"idSuffix":"inner"}},"wdio_ui5_key":"applicationmanagepartners-display-component---NewPartner--addressDetailDetailsCountry"}]}
RESULT: {"script":"<script> [1562 bytes]","args":[{"selector":{"id":"application-managepartners-display-component---NewPartner--addressDetailDetailsCountry","interaction":{"idSuffix":"inner"}},"wdio_ui5_key":"applicationmanagepartners-display-component---NewPartner--addressDetailDetailsCountry"}]}
RESULT: undefined
COMMAND: POST /session/1d0e84f34d2a035f0d5ceb5061c1d98c/execute/async - {"script":"<script> [6424 bytes]","args":[{"element-6066-11e4-a52e-4f735466cecf":"f.F6EA384F60A395BEF55DE869336FE185.d.82B44E779EF0F952EEEF51C0690D1CEF.e.2091"},"setValue",["Romania"]]}
RESULT: {"script":"<script> [6424 bytes]","args":[{"element-6066-11e4-a52e-4f735466cecf":"f.F6EA384F60A395BEF55DE869336FE185.d.82B44E779EF0F952EEEF51C0690D1CEF.e.2091"},"setValue",["Romania"]]}
COMMAND: POST /session/1d0e84f34d2a035f0d5ceb5061c1d98c/execute/async - {"script":"<script> [1562 bytes]","args":[{"selector":{"id":"application-managepartners-display-component---NewPartner--partnerDetailInternal","interaction":{"idSuffix":"inner"}},"wdio_ui5_key":"applicationmanagepartners-display-component---NewPartner--partnerDetailInternal"}]}
RESULT: {"script":"<script> [1562 bytes]","args":[{"selector":{"id":"application-managepartners-display-component---NewPartner--partnerDetailInternal","interaction":{"idSuffix":"inner"}},"wdio_ui5_key":"applicationmanagepartners-display-component---NewPartner--partnerDetailInternal"}]}
RESULT: undefined
COMMAND: POST /session/1d0e84f34d2a035f0d5ceb5061c1d98c/execute/async - {"script":"<script> [776 bytes]","args":[{"enterText":"External partner","selector":{"id":"application-managepartners-display-component---NewPartner--partnerDetailInternal","interaction":{"idSuffix":"inner"}},"clearTextFirst":true,"interactionType":"ENTER_TEXT"}]}
RESULT: {"script":"<script> [776 bytes]","args":[{"enterText":"External partner","selector":{"id":"application-managepartners-display-component---NewPartner--partnerDetailInternal","interaction":{"idSuffix":"inner"}},"clearTextFirst":true,"interactionType":"ENTER_TEXT"}]}
COMMAND: POST /session/1d0e84f34d2a035f0d5ceb5061c1d98c/execute/async - {"script":"<script> [1562 bytes]","args":[{"selector":{"id":"application-managepartners-display-component---NewPartner--partnerDetailsCurrency","interaction":{"idSuffix":"inner"}},"wdio_ui5_key":"applicationmanagepartners-display-component---NewPartner--partnerDetailsCurrency"}]}
RESULT: {"script":"<script> [1562 bytes]","args":[{"selector":{"id":"application-managepartners-display-component---NewPartner--partnerDetailsCurrency","interaction":{"idSuffix":"inner"}},"wdio_ui5_key":"applicationmanagepartners-display-component---NewPartner--partnerDetailsCurrency"}]}
RESULT: undefined
COMMAND: POST /session/1d0e84f34d2a035f0d5ceb5061c1d98c/execute/async - {"script":"<script> [776 bytes]","args":[{"enterText":"Euro","selector":{"id":"application-managepartners-display-component---NewPartner--partnerDetailsCurrency","interaction":{"idSuffix":"inner"}},"clearTextFirst":true,"interactionType":"ENTER_TEXT"}]}
RESULT: {"script":"<script> [776 bytes]","args":[{"enterText":"Euro","selector":{"id":"application-managepartners-display-component---NewPartner--partnerDetailsCurrency","interaction":{"idSuffix":"inner"}},"clearTextFirst":true,"interactionType":"ENTER_TEXT"}]}
COMMAND: POST /session/1d0e84f34d2a035f0d5ceb5061c1d98c/execute/async - {"script":"<script> [1562 bytes]","args":[{"selector":{"controlType":"sap.m.Button","viewName":"etm.portal.ui.managepartners.view.NewPartner","viewId":"application-managepartners-display-component---NewPartner","properties":{"text":"Commercial"},"interaction":{"idSuffix":"BDI-content"}},"wdio_ui5_key":"etmportal.ui.managepartners.view.NewPartnersap.m.Button{\"text\":\"Commercial\"}"}]}
RESULT: {"script":"<script> [1562 bytes]","args":[{"selector":{"controlType":"sap.m.Button","viewName":"etm.portal.ui.managepartners.view.NewPartner","viewId":"application-managepartners-display-component---NewPartner","properties":{"text":"Commercial"},"interaction":{"idSuffix":"BDI-content"}},"wdio_ui5_key":"etmportal.ui.managepartners.view.NewPartnersap.m.Button{\"text\":\"Commercial\"}"}]}
RESULT: undefined
COMMAND: POST /session/1d0e84f34d2a035f0d5ceb5061c1d98c/element - {"using":"xpath","value":"//*[@id=\"application-managepartners-display-component---NewPartner--ObjectPageLayout-anchBar-__section29-anchor\"]"}
RESULT: {"using":"xpath","value":"//*[@id=\"application-managepartners-display-component---NewPartner--ObjectPageLayout-anchBar-__section29-anchor\"]"}
COMMAND: POST /session/1d0e84f34d2a035f0d5ceb5061c1d98c/element/f.F6EA384F60A395BEF55DE869336FE185.d.82B44E779EF0F952EEEF51C0690D1CEF.e.2342/click - {}
RESULT: {}
COMMAND: GET /session/1d0e84f34d2a035f0d5ceb5061c1d98c/screenshot - {}
RESULT: {}
COMMAND: POST /session/1d0e84f34d2a035f0d5ceb5061c1d98c/execute/async - {"script":"<script> [1562 bytes]","args":[{"selector":{"id":"application-managepartners-display-component---NewPartner--btnAddTableRow-img"},"wdio_ui5_key":"applicationmanagepartners-display-component---NewPartner--btnAddTableRow-img"}]}
RESULT: {"script":"<script> [1562 bytes]","args":[{"selector":{"id":"application-managepartners-display-component---NewPartner--btnAddTableRow-img"},"wdio_ui5_key":"applicationmanagepartners-display-component---NewPartner--btnAddTableRow-img"}]}
RESULT: undefined
COMMAND: POST /session/1d0e84f34d2a035f0d5ceb5061c1d98c/element - {"using":"xpath","value":"//*[@id=\"application-managepartners-display-component---NewPartner--btnAddTableRow-img\"]"}
RESULT: {"using":"xpath","value":"//*[@id=\"application-managepartners-display-component---NewPartner--btnAddTableRow-img\"]"}
COMMAND: POST /session/1d0e84f34d2a035f0d5ceb5061c1d98c/element/f.F6EA384F60A395BEF55DE869336FE185.d.82B44E779EF0F952EEEF51C0690D1CEF.e.2348/click - {}
RESULT: {}
COMMAND: POST /session/1d0e84f34d2a035f0d5ceb5061c1d98c/element - {"using":"xpath","value":"//input[contains(@id ,\"application-managepartners-display-component---NewPartner--assignmentYard-application-managepartners-display-component---NewPartner\")]"}
COMMAND: GET /session/1d0e84f34d2a035f0d5ceb5061c1d98c/screenshot - {}
RESULT: {"using":"xpath","value":"//input[contains(@id ,\"application-managepartners-display-component---NewPartner--assignmentYard-application-managepartners-display-component---NewPartner\")]"}
COMMAND: POST /session/1d0e84f34d2a035f0d5ceb5061c1d98c/element/f.F6EA384F60A395BEF55DE869336FE185.d.82B44E779EF0F952EEEF51C0690D1CEF.e.2351/clear - {}
RESULT: {}
RESULT: {}
COMMAND: POST /session/1d0e84f34d2a035f0d5ceb5061c1d98c/element/f.F6EA384F60A395BEF55DE869336FE185.d.82B44E779EF0F952EEEF51C0690D1CEF.e.2351/value - {"text":"WebdriverYard3n8g7"}
COMMAND: GET /session/1d0e84f34d2a035f0d5ceb5061c1d98c/screenshot - {}
RESULT: {"text":"WebdriverYard3n8g7"}
COMMAND: GET /session/1d0e84f34d2a035f0d5ceb5061c1d98c/screenshot - {}
RESULT: {}
RESULT: {}
COMMAND: POST /session/1d0e84f34d2a035f0d5ceb5061c1d98c/execute/async - {"script":"<script> [1562 bytes]","args":[{"selector":{"controlType":"sap.m.Button","viewName":"etm.portal.ui.managepartners.view.NewPartner","viewId":"application-managepartners-display-component---NewPartner","i18NText":{"propertyName":"text","key":"save"},"interaction":{"idSuffix":"BDI-content"}},"wdio_ui5_key":"etmportal.ui.managepartners.view.NewPartnersap.m.Button{\"propertyName\":\"text\",\"key\":\"save\"}"}]}
RESULT: {"script":"<script> [1562 bytes]","args":[{"selector":{"controlType":"sap.m.Button","viewName":"etm.portal.ui.managepartners.view.NewPartner","viewId":"application-managepartners-display-component---NewPartner","i18NText":{"propertyName":"text","key":"save"},"interaction":{"idSuffix":"BDI-content"}},"wdio_ui5_key":"etmportal.ui.managepartners.view.NewPartnersap.m.Button{\"propertyName\":\"text\",\"key\":\"save\"}"}]}
RESULT: undefined
COMMAND: POST /session/1d0e84f34d2a035f0d5ceb5061c1d98c/element - {"using":"xpath","value":"//*[@id=\"__button68\"]"}
RESULT: {"using":"xpath","value":"//*[@id=\"__button68\"]"}
COMMAND: POST /session/1d0e84f34d2a035f0d5ceb5061c1d98c/element/f.F6EA384F60A395BEF55DE869336FE185.d.82B44E779EF0F952EEEF51C0690D1CEF.e.2282/click - {}
RESULT: {}
COMMAND: GET /session/1d0e84f34d2a035f0d5ceb5061c1d98c/screenshot - {}
RESULT: {}
COMMAND: POST /session/1d0e84f34d2a035f0d5ceb5061c1d98c/element - {"using":"xpath","value":"//header/div/div[2]/div[2]/span"}
RESULT: {"using":"xpath","value":"//header/div/div[2]/div[2]/span"}
COMMAND: GET /session/1d0e84f34d2a035f0d5ceb5061c1d98c/element/f.F6EA384F60A395BEF55DE869336FE185.d.82B44E779EF0F952EEEF51C0690D1CEF.e.2524/text - {}
RESULT: {}
COMMAND: POST /session/1d0e84f34d2a035f0d5ceb5061c1d98c/element - {"using":"xpath","value":"//header/div/div/div/div/div/div[2]/div/span"}
RESULT: {"using":"xpath","value":"//header/div/div/div/div/div/div[2]/div/span"}
COMMAND: GET /session/1d0e84f34d2a035f0d5ceb5061c1d98c/element/f.F6EA384F60A395BEF55DE869336FE185.d.82B44E779EF0F952EEEF51C0690D1CEF.e.2525/text - {}
RESULT: {}
COMMAND: POST /session/1d0e84f34d2a035f0d5ceb5061c1d98c/execute/async - {"script":"<script> [1562 bytes]","args":[{"selector":{"id":"application-managepartners-display-component---detailPtm--partnerType"},"wdio_ui5_key":"applicationmanagepartners-display-component---detailPtm--partnerType"}]}
RESULT: {"script":"<script> [1562 bytes]","args":[{"selector":{"id":"application-managepartners-display-component---detailPtm--partnerType"},"wdio_ui5_key":"applicationmanagepartners-display-component---detailPtm--partnerType"}]}
RESULT: undefined
COMMAND: POST /session/1d0e84f34d2a035f0d5ceb5061c1d98c/execute/async - {"script":"<script> [6424 bytes]","args":[{"element-6066-11e4-a52e-4f735466cecf":"f.F6EA384F60A395BEF55DE869336FE185.d.82B44E779EF0F952EEEF51C0690D1CEF.e.2526"},"getText",[]]}
RESULT: {"script":"<script> [6424 bytes]","args":[{"element-6066-11e4-a52e-4f735466cecf":"f.F6EA384F60A395BEF55DE869336FE185.d.82B44E779EF0F952EEEF51C0690D1CEF.e.2526"},"getText",[]]}
COMMAND: POST /session/1d0e84f34d2a035f0d5ceb5061c1d98c/element - {"using":"css selector","value":"#shell-header-logo"}
RESULT: {"using":"css selector","value":"#shell-header-logo"}
COMMAND: POST /session/1d0e84f34d2a035f0d5ceb5061c1d98c/element/f.F6EA384F60A395BEF55DE869336FE185.d.82B44E779EF0F952EEEF51C0690D1CEF.e.1864/click - {}
RESULT: {}
COMMAND: GET /session/1d0e84f34d2a035f0d5ceb5061c1d98c/screenshot - {}
RESULT: {}
]]></system-out>
    </testcase>
    <testcase classname="chrome.136_0_7103_93.windows.Webshop_-_Hyperlinks_visible_and_working_properly__US139085" name="Should create a new contract" time="105.928">
      <system-out><![CDATA[
COMMAND: POST /session/1d0e84f34d2a035f0d5ceb5061c1d98c/execute/async - {"script":"<script> [1562 bytes]","args":[{"selector":{"controlType":"sap.m.GenericTile","properties":{"header":"Manage Contracts"}},"wdio_ui5_key":"sapm.GenericTile{\"header\":\"Manage Contracts\"}"}]}
RESULT: {"script":"<script> [1562 bytes]","args":[{"selector":{"controlType":"sap.m.GenericTile","properties":{"header":"Manage Contracts"}},"wdio_ui5_key":"sapm.GenericTile{\"header\":\"Manage Contracts\"}"}]}
RESULT: undefined
COMMAND: POST /session/1d0e84f34d2a035f0d5ceb5061c1d98c/element - {"using":"xpath","value":"//*[@id=\"__tile130\"]"}
RESULT: {"using":"xpath","value":"//*[@id=\"__tile130\"]"}
COMMAND: POST /session/1d0e84f34d2a035f0d5ceb5061c1d98c/element/f.F6EA384F60A395BEF55DE869336FE185.d.82B44E779EF0F952EEEF51C0690D1CEF.e.2528/click - {}
RESULT: {}
COMMAND: GET /session/1d0e84f34d2a035f0d5ceb5061c1d98c/screenshot - {}
RESULT: {}
COMMAND: POST /session/1d0e84f34d2a035f0d5ceb5061c1d98c/elements - {"using":"xpath","value":"//span[text()='Error']"}
RESULT: {"using":"xpath","value":"//span[text()='Error']"}
COMMAND: POST /session/1d0e84f34d2a035f0d5ceb5061c1d98c/element - {"using":"xpath","value":"//button[@data-kt=\"addButton\"]"}
RESULT: {"using":"xpath","value":"//button[@data-kt=\"addButton\"]"}
COMMAND: POST /session/1d0e84f34d2a035f0d5ceb5061c1d98c/element/f.F6EA384F60A395BEF55DE869336FE185.d.82B44E779EF0F952EEEF51C0690D1CEF.e.2576/click - {}
RESULT: {}
COMMAND: GET /session/1d0e84f34d2a035f0d5ceb5061c1d98c/screenshot - {}
RESULT: {}
COMMAND: POST /session/1d0e84f34d2a035f0d5ceb5061c1d98c/execute/async - {"script":"<script> [1562 bytes]","args":[{"selector":{"id":"application-managecontracts-display-component---AddNewContract--projectDescription","interaction":{"idSuffix":"inner"}},"wdio_ui5_key":"applicationmanagecontracts-display-component---AddNewContract--projectDescription"}]}
RESULT: {"script":"<script> [1562 bytes]","args":[{"selector":{"id":"application-managecontracts-display-component---AddNewContract--projectDescription","interaction":{"idSuffix":"inner"}},"wdio_ui5_key":"applicationmanagecontracts-display-component---AddNewContract--projectDescription"}]}
RESULT: undefined
COMMAND: POST /session/1d0e84f34d2a035f0d5ceb5061c1d98c/execute/async - {"script":"<script> [776 bytes]","args":[{"enterText":"WdIOTestntde9","selector":{"id":"application-managecontracts-display-component---AddNewContract--projectDescription","interaction":{"idSuffix":"inner"}},"clearTextFirst":true,"interactionType":"ENTER_TEXT"}]}
RESULT: {"script":"<script> [776 bytes]","args":[{"enterText":"WdIOTestntde9","selector":{"id":"application-managecontracts-display-component---AddNewContract--projectDescription","interaction":{"idSuffix":"inner"}},"clearTextFirst":true,"interactionType":"ENTER_TEXT"}]}
COMMAND: POST /session/1d0e84f34d2a035f0d5ceb5061c1d98c/element - {"using":"xpath","value":"//input[@id=\"application-managecontracts-display-component---AddNewContract--yardId-inner\"]"}
RESULT: {"using":"xpath","value":"//input[@id=\"application-managecontracts-display-component---AddNewContract--yardId-inner\"]"}
COMMAND: POST /session/1d0e84f34d2a035f0d5ceb5061c1d98c/element/f.F6EA384F60A395BEF55DE869336FE185.d.82B44E779EF0F952EEEF51C0690D1CEF.e.2841/clear - {}
RESULT: {}
COMMAND: POST /session/1d0e84f34d2a035f0d5ceb5061c1d98c/element/f.F6EA384F60A395BEF55DE869336FE185.d.82B44E779EF0F952EEEF51C0690D1CEF.e.2841/value - {"text":"WebdriverYard3n8g7"}
COMMAND: GET /session/1d0e84f34d2a035f0d5ceb5061c1d98c/screenshot - {}
RESULT: {"text":"WebdriverYard3n8g7"}
COMMAND: GET /session/1d0e84f34d2a035f0d5ceb5061c1d98c/screenshot - {}
RESULT: {}
RESULT: {}
COMMAND: POST /session/1d0e84f34d2a035f0d5ceb5061c1d98c/actions - {"actions":[{"id":"action5","type":"key","parameters":{},"actions":[{"type":"keyDown","value":""},{"type":"pause","duration":10},{"type":"keyUp","value":""}]}]}
RESULT: {"actions":[{"id":"action5","type":"key","parameters":{},"actions":[{"type":"keyDown","value":""},{"type":"pause","duration":10},{"type":"keyUp","value":""}]}]}
COMMAND: GET /session/1d0e84f34d2a035f0d5ceb5061c1d98c/screenshot - {}
RESULT: {}
COMMAND: POST /session/1d0e84f34d2a035f0d5ceb5061c1d98c/element - {"using":"xpath","value":"//input[@id=\"application-managecontracts-display-component---AddNewContract--customerSelect-inner\"]"}
RESULT: {"using":"xpath","value":"//input[@id=\"application-managecontracts-display-component---AddNewContract--customerSelect-inner\"]"}
COMMAND: POST /session/1d0e84f34d2a035f0d5ceb5061c1d98c/element/f.F6EA384F60A395BEF55DE869336FE185.d.82B44E779EF0F952EEEF51C0690D1CEF.e.2839/clear - {}
RESULT: {}
COMMAND: POST /session/1d0e84f34d2a035f0d5ceb5061c1d98c/element/f.F6EA384F60A395BEF55DE869336FE185.d.82B44E779EF0F952EEEF51C0690D1CEF.e.2839/value - {"text":"WebdriverPartnercvdh8"}
COMMAND: GET /session/1d0e84f34d2a035f0d5ceb5061c1d98c/screenshot - {}
RESULT: {"text":"WebdriverPartnercvdh8"}
COMMAND: GET /session/1d0e84f34d2a035f0d5ceb5061c1d98c/screenshot - {}
RESULT: {}
RESULT: {}
COMMAND: POST /session/1d0e84f34d2a035f0d5ceb5061c1d98c/actions - {"actions":[{"id":"action6","type":"key","parameters":{},"actions":[{"type":"keyDown","value":""},{"type":"pause","duration":10},{"type":"keyUp","value":""}]}]}
RESULT: {"actions":[{"id":"action6","type":"key","parameters":{},"actions":[{"type":"keyDown","value":""},{"type":"pause","duration":10},{"type":"keyUp","value":""}]}]}
COMMAND: GET /session/1d0e84f34d2a035f0d5ceb5061c1d98c/screenshot - {}
RESULT: {}
COMMAND: POST /session/1d0e84f34d2a035f0d5ceb5061c1d98c/element - {"using":"xpath","value":"//input[@id=\"application-managecontracts-display-component---AddNewContract--site-inner\"]"}
RESULT: {"using":"xpath","value":"//input[@id=\"application-managecontracts-display-component---AddNewContract--site-inner\"]"}
COMMAND: POST /session/1d0e84f34d2a035f0d5ceb5061c1d98c/element/f.F6EA384F60A395BEF55DE869336FE185.d.82B44E779EF0F952EEEF51C0690D1CEF.e.2840/clear - {}
RESULT: {}
COMMAND: POST /session/1d0e84f34d2a035f0d5ceb5061c1d98c/element/f.F6EA384F60A395BEF55DE869336FE185.d.82B44E779EF0F952EEEF51C0690D1CEF.e.2840/value - {"text":"WebdriverSiterxp1s"}
COMMAND: GET /session/1d0e84f34d2a035f0d5ceb5061c1d98c/screenshot - {}
RESULT: {"text":"WebdriverSiterxp1s"}
COMMAND: GET /session/1d0e84f34d2a035f0d5ceb5061c1d98c/screenshot - {}
RESULT: {}
RESULT: {}
COMMAND: POST /session/1d0e84f34d2a035f0d5ceb5061c1d98c/actions - {"actions":[{"id":"action7","type":"key","parameters":{},"actions":[{"type":"keyDown","value":""},{"type":"pause","duration":10},{"type":"keyUp","value":""}]}]}
RESULT: {"actions":[{"id":"action7","type":"key","parameters":{},"actions":[{"type":"keyDown","value":""},{"type":"pause","duration":10},{"type":"keyUp","value":""}]}]}
COMMAND: GET /session/1d0e84f34d2a035f0d5ceb5061c1d98c/screenshot - {}
RESULT: {}
COMMAND: POST /session/1d0e84f34d2a035f0d5ceb5061c1d98c/element - {"using":"xpath","value":"//button[@data-kt=\"saveButton\"]"}
RESULT: {"using":"xpath","value":"//button[@data-kt=\"saveButton\"]"}
COMMAND: POST /session/1d0e84f34d2a035f0d5ceb5061c1d98c/element/f.F6EA384F60A395BEF55DE869336FE185.d.82B44E779EF0F952EEEF51C0690D1CEF.e.2919/click - {}
RESULT: {}
COMMAND: GET /session/1d0e84f34d2a035f0d5ceb5061c1d98c/screenshot - {}
RESULT: {}
COMMAND: POST /session/1d0e84f34d2a035f0d5ceb5061c1d98c/execute/async - {"script":"<script> [1562 bytes]","args":[{"selector":{"id":"contractDetailTitleNoExpanded","viewName":"etm.portal.ui.managecontracts.view.Detail"},"wdio_ui5_key":"contractDetailTitleNoExpandedetmportal.ui.managecontracts.view.Detail"}]}
RESULT: {"script":"<script> [1562 bytes]","args":[{"selector":{"id":"contractDetailTitleNoExpanded","viewName":"etm.portal.ui.managecontracts.view.Detail"},"wdio_ui5_key":"contractDetailTitleNoExpandedetmportal.ui.managecontracts.view.Detail"}]}
RESULT: undefined
COMMAND: POST /session/1d0e84f34d2a035f0d5ceb5061c1d98c/execute/async - {"script":"<script> [6424 bytes]","args":[{"element-6066-11e4-a52e-4f735466cecf":"f.F6EA384F60A395BEF55DE869336FE185.d.82B44E779EF0F952EEEF51C0690D1CEF.e.3002"},"getText",[]]}
RESULT: {"script":"<script> [6424 bytes]","args":[{"element-6066-11e4-a52e-4f735466cecf":"f.F6EA384F60A395BEF55DE869336FE185.d.82B44E779EF0F952EEEF51C0690D1CEF.e.3002"},"getText",[]]}
COMMAND: POST /session/1d0e84f34d2a035f0d5ceb5061c1d98c/element - {"using":"css selector","value":"#shell-header-logo"}
RESULT: {"using":"css selector","value":"#shell-header-logo"}
COMMAND: POST /session/1d0e84f34d2a035f0d5ceb5061c1d98c/element/f.F6EA384F60A395BEF55DE869336FE185.d.82B44E779EF0F952EEEF51C0690D1CEF.e.2530/click - {}
RESULT: {}
COMMAND: GET /session/1d0e84f34d2a035f0d5ceb5061c1d98c/screenshot - {}
RESULT: {}
]]></system-out>
    </testcase>
    <testcase classname="chrome.136_0_7103_93.windows.Webshop_-_Hyperlinks_visible_and_working_properly__US139085" name="Should create a new webshop request and verify yard hyperlinks" time="226.408">
      <system-out><![CDATA[
COMMAND: POST /session/1d0e84f34d2a035f0d5ceb5061c1d98c/execute/async - {"script":"<script> [1562 bytes]","args":[{"selector":{"controlType":"sap.m.GenericTile","properties":{"header":"Webshop"}},"wdio_ui5_key":"sapm.GenericTile{\"header\":\"Webshop\"}"}]}
RESULT: {"script":"<script> [1562 bytes]","args":[{"selector":{"controlType":"sap.m.GenericTile","properties":{"header":"Webshop"}},"wdio_ui5_key":"sapm.GenericTile{\"header\":\"Webshop\"}"}]}
RESULT: undefined
COMMAND: POST /session/1d0e84f34d2a035f0d5ceb5061c1d98c/element - {"using":"xpath","value":"//*[@id=\"__tile49\"]"}
RESULT: {"using":"xpath","value":"//*[@id=\"__tile49\"]"}
COMMAND: POST /session/1d0e84f34d2a035f0d5ceb5061c1d98c/element/f.F6EA384F60A395BEF55DE869336FE185.d.82B44E779EF0F952EEEF51C0690D1CEF.e.3005/click - {}
RESULT: {}
COMMAND: GET /session/1d0e84f34d2a035f0d5ceb5061c1d98c/screenshot - {}
RESULT: {}
COMMAND: POST /session/1d0e84f34d2a035f0d5ceb5061c1d98c/elements - {"using":"xpath","value":"//span[text()='Error']"}
RESULT: {"using":"xpath","value":"//span[text()='Error']"}
COMMAND: POST /session/1d0e84f34d2a035f0d5ceb5061c1d98c/element - {"using":"css selector","value":"#requestCreationDialog--createRequestPopUp-title-inner"}
RESULT: {"using":"css selector","value":"#requestCreationDialog--createRequestPopUp-title-inner"}
COMMAND: POST /session/1d0e84f34d2a035f0d5ceb5061c1d98c/execute/sync - {"script":"<script> [8489 bytes]","args":[{"element-6066-11e4-a52e-4f735466cecf":"f.F6EA384F60A395BEF55DE869336FE185.d.82B44E779EF0F952EEEF51C0690D1CEF.e.3032","ELEMENT":"f.F6EA384F60A395BEF55DE869336FE185.d.82B44E779EF0F952EEEF51C0690D1CEF.e.3032"}]}
RESULT: {"script":"<script> [8489 bytes]","args":[{"element-6066-11e4-a52e-4f735466cecf":"f.F6EA384F60A395BEF55DE869336FE185.d.82B44E779EF0F952EEEF51C0690D1CEF.e.3032","ELEMENT":"f.F6EA384F60A395BEF55DE869336FE185.d.82B44E779EF0F952EEEF51C0690D1CEF.e.3032"}]}
COMMAND: GET /session/1d0e84f34d2a035f0d5ceb5061c1d98c/element/f.F6EA384F60A395BEF55DE869336FE185.d.82B44E779EF0F952EEEF51C0690D1CEF.e.3032/enabled - {}
COMMAND: GET /session/1d0e84f34d2a035f0d5ceb5061c1d98c/screenshot - {}
RESULT: {}
COMMAND: POST /session/1d0e84f34d2a035f0d5ceb5061c1d98c/execute/async - {"script":"<script> [1562 bytes]","args":[{"selector":{"id":"requestCreationDialog--requestName","searchOpenDialogs":true,"interaction":{"idSuffix":"inner"}},"wdio_ui5_key":"requestCreationDialogrequestName"}]}
COMMAND: GET /session/1d0e84f34d2a035f0d5ceb5061c1d98c/screenshot - {}
RESULT: {}
RESULT: {"script":"<script> [1562 bytes]","args":[{"selector":{"id":"requestCreationDialog--requestName","searchOpenDialogs":true,"interaction":{"idSuffix":"inner"}},"wdio_ui5_key":"requestCreationDialogrequestName"}]}
RESULT: undefined
COMMAND: POST /session/1d0e84f34d2a035f0d5ceb5061c1d98c/execute/async - {"script":"<script> [776 bytes]","args":[{"enterText":"WebdriverTest","selector":{"id":"requestCreationDialog--requestName","searchOpenDialogs":true,"interaction":{"idSuffix":"inner"}},"clearTextFirst":true,"interactionType":"ENTER_TEXT"}]}
RESULT: {}
RESULT: {"script":"<script> [776 bytes]","args":[{"enterText":"WebdriverTest","selector":{"id":"requestCreationDialog--requestName","searchOpenDialogs":true,"interaction":{"idSuffix":"inner"}},"clearTextFirst":true,"interactionType":"ENTER_TEXT"}]}
COMMAND: POST /session/1d0e84f34d2a035f0d5ceb5061c1d98c/element - {"using":"xpath","value":"//input[contains(@id ,\"requestCreationDialog--contract-inner\")]"}
RESULT: {"using":"xpath","value":"//input[contains(@id ,\"requestCreationDialog--contract-inner\")]"}
COMMAND: POST /session/1d0e84f34d2a035f0d5ceb5061c1d98c/element/f.F6EA384F60A395BEF55DE869336FE185.d.82B44E779EF0F952EEEF51C0690D1CEF.e.3018/clear - {}
RESULT: {}
COMMAND: POST /session/1d0e84f34d2a035f0d5ceb5061c1d98c/element/f.F6EA384F60A395BEF55DE869336FE185.d.82B44E779EF0F952EEEF51C0690D1CEF.e.3018/value - {"text":"10406"}
COMMAND: GET /session/1d0e84f34d2a035f0d5ceb5061c1d98c/screenshot - {}
RESULT: {}
RESULT: {"text":"10406"}
COMMAND: GET /session/1d0e84f34d2a035f0d5ceb5061c1d98c/screenshot - {}
RESULT: {}
COMMAND: POST /session/1d0e84f34d2a035f0d5ceb5061c1d98c/actions - {"actions":[{"id":"action8","type":"key","parameters":{},"actions":[{"type":"keyDown","value":""},{"type":"pause","duration":10},{"type":"keyUp","value":""}]}]}
RESULT: {"actions":[{"id":"action8","type":"key","parameters":{},"actions":[{"type":"keyDown","value":""},{"type":"pause","duration":10},{"type":"keyUp","value":""}]}]}
COMMAND: GET /session/1d0e84f34d2a035f0d5ceb5061c1d98c/screenshot - {}
RESULT: {}
COMMAND: POST /session/1d0e84f34d2a035f0d5ceb5061c1d98c/element - {"using":"xpath","value":"//input[contains(@id ,\"requestCreationDialog--contract-inner\")]"}
RESULT: {"using":"xpath","value":"//input[contains(@id ,\"requestCreationDialog--contract-inner\")]"}
COMMAND: GET /session/1d0e84f34d2a035f0d5ceb5061c1d98c/element/f.F6EA384F60A395BEF55DE869336FE185.d.82B44E779EF0F952EEEF51C0690D1CEF.e.3018/property/value - {}
RESULT: {}
COMMAND: POST /session/1d0e84f34d2a035f0d5ceb5061c1d98c/element - {"using":"xpath","value":"//input[contains(@id ,\"requestCreationDialog--contract-inner\")]"}
COMMAND: GET /session/1d0e84f34d2a035f0d5ceb5061c1d98c/screenshot - {}
RESULT: {"using":"xpath","value":"//input[contains(@id ,\"requestCreationDialog--contract-inner\")]"}
COMMAND: POST /session/1d0e84f34d2a035f0d5ceb5061c1d98c/execute/async - {"script":"<script> [1562 bytes]","args":[{"selector":{"id":"requestCreationDialog--okButton","searchOpenDialogs":true,"interaction":{"idSuffix":"BDI-content"}},"wdio_ui5_key":"requestCreationDialogokButton"}]}
RESULT: {}
RESULT: {"script":"<script> [1562 bytes]","args":[{"selector":{"id":"requestCreationDialog--okButton","searchOpenDialogs":true,"interaction":{"idSuffix":"BDI-content"}},"wdio_ui5_key":"requestCreationDialogokButton"}]}
RESULT: undefined
COMMAND: POST /session/1d0e84f34d2a035f0d5ceb5061c1d98c/element - {"using":"xpath","value":"//*[@id=\"requestCreationDialog--okButton\"]"}
RESULT: {"using":"xpath","value":"//*[@id=\"requestCreationDialog--okButton\"]"}
COMMAND: POST /session/1d0e84f34d2a035f0d5ceb5061c1d98c/element/f.F6EA384F60A395BEF55DE869336FE185.d.82B44E779EF0F952EEEF51C0690D1CEF.e.3042/click - {}
RESULT: {}
COMMAND: GET /session/1d0e84f34d2a035f0d5ceb5061c1d98c/screenshot - {}
RESULT: {}
COMMAND: POST /session/1d0e84f34d2a035f0d5ceb5061c1d98c/element - {"using":"xpath","value":"//input[contains(@id ,\"searchFiledId-I\")]"}
RESULT: {"using":"xpath","value":"//input[contains(@id ,\"searchFiledId-I\")]"}
COMMAND: POST /session/1d0e84f34d2a035f0d5ceb5061c1d98c/element/f.F6EA384F60A395BEF55DE869336FE185.d.82B44E779EF0F952EEEF51C0690D1CEF.e.3010/value - {"text":"Dri-Prime CD150M Diesel Pump"}
RESULT: {"text":"Dri-Prime CD150M Diesel Pump"}
COMMAND: POST /session/1d0e84f34d2a035f0d5ceb5061c1d98c/actions - {"actions":[{"id":"action9","type":"key","parameters":{},"actions":[{"type":"keyDown","value":""},{"type":"pause","duration":10},{"type":"keyUp","value":""}]}]}
COMMAND: GET /session/1d0e84f34d2a035f0d5ceb5061c1d98c/screenshot - {}
RESULT: {"actions":[{"id":"action9","type":"key","parameters":{},"actions":[{"type":"keyDown","value":""},{"type":"pause","duration":10},{"type":"keyUp","value":""}]}]}
COMMAND: GET /session/1d0e84f34d2a035f0d5ceb5061c1d98c/screenshot - {}
RESULT: {}
RESULT: {}
COMMAND: POST /session/1d0e84f34d2a035f0d5ceb5061c1d98c/element - {"using":"xpath","value":"//span[contains(@id ,\"subTitle\")][contains(text(), \"Dri-Prime CD150M Diesel Pump\")]"}
RESULT: {"using":"xpath","value":"//span[contains(@id ,\"subTitle\")][contains(text(), \"Dri-Prime CD150M Diesel Pump\")]"}
COMMAND: POST /session/1d0e84f34d2a035f0d5ceb5061c1d98c/element/f.F6EA384F60A395BEF55DE869336FE185.d.82B44E779EF0F952EEEF51C0690D1CEF.e.3049/click - {}
RESULT: {}
COMMAND: GET /session/1d0e84f34d2a035f0d5ceb5061c1d98c/screenshot - {}
RESULT: {}
COMMAND: POST /session/1d0e84f34d2a035f0d5ceb5061c1d98c/execute/async - {"script":"<script> [1562 bytes]","args":[{"selector":{"controlType":"sap.m.Button","viewName":"etm.portal.ui.webshop.view.Homepage","i18NText":{"propertyName":"text","key":"addToRequest"},"interaction":{"idSuffix":"BDI-content"}},"wdio_ui5_key":"etmportal.ui.webshop.view.Homepagesap.m.Button{\"propertyName\":\"text\",\"key\":\"addToRequest\"}"}]}
RESULT: {"script":"<script> [1562 bytes]","args":[{"selector":{"controlType":"sap.m.Button","viewName":"etm.portal.ui.webshop.view.Homepage","i18NText":{"propertyName":"text","key":"addToRequest"},"interaction":{"idSuffix":"BDI-content"}},"wdio_ui5_key":"etmportal.ui.webshop.view.Homepagesap.m.Button{\"propertyName\":\"text\",\"key\":\"addToRequest\"}"}]}
RESULT: undefined
COMMAND: POST /session/1d0e84f34d2a035f0d5ceb5061c1d98c/element - {"using":"xpath","value":"//*[@id=\"__button134\"]"}
RESULT: {"using":"xpath","value":"//*[@id=\"__button134\"]"}
COMMAND: POST /session/1d0e84f34d2a035f0d5ceb5061c1d98c/element/f.F6EA384F60A395BEF55DE869336FE185.d.82B44E779EF0F952EEEF51C0690D1CEF.e.3065/click - {}
RESULT: {}
COMMAND: GET /session/1d0e84f34d2a035f0d5ceb5061c1d98c/screenshot - {}
RESULT: {}
COMMAND: POST /session/1d0e84f34d2a035f0d5ceb5061c1d98c/element - {"using":"xpath","value":"//*[contains(@id ,\"activeCartId-BDI-content\")]"}
RESULT: {"using":"xpath","value":"//*[contains(@id ,\"activeCartId-BDI-content\")]"}
COMMAND: POST /session/1d0e84f34d2a035f0d5ceb5061c1d98c/element/f.F6EA384F60A395BEF55DE869336FE185.d.82B44E779EF0F952EEEF51C0690D1CEF.e.3072/click - {}
RESULT: {}
COMMAND: GET /session/1d0e84f34d2a035f0d5ceb5061c1d98c/screenshot - {}
RESULT: {}
COMMAND: POST /session/1d0e84f34d2a035f0d5ceb5061c1d98c/element - {"using":"xpath","value":"//bdi[contains(text(), \"Check out my request\")]"}
RESULT: {"using":"xpath","value":"//bdi[contains(text(), \"Check out my request\")]"}
COMMAND: POST /session/1d0e84f34d2a035f0d5ceb5061c1d98c/element/f.F6EA384F60A395BEF55DE869336FE185.d.82B44E779EF0F952EEEF51C0690D1CEF.e.3074/click - {}
RESULT: {}
COMMAND: GET /session/1d0e84f34d2a035f0d5ceb5061c1d98c/screenshot - {}
RESULT: {}
COMMAND: POST /session/1d0e84f34d2a035f0d5ceb5061c1d98c/element - {"using":"xpath","value":"//*[contains(@data-kt ,\"webshopDetailYardLink\")]"}
RESULT: {"using":"xpath","value":"//*[contains(@data-kt ,\"webshopDetailYardLink\")]"}
COMMAND: POST /session/1d0e84f34d2a035f0d5ceb5061c1d98c/element/f.F6EA384F60A395BEF55DE869336FE185.d.82B44E779EF0F952EEEF51C0690D1CEF.e.3127/click - {}
RESULT: {}
COMMAND: POST /session/1d0e84f34d2a035f0d5ceb5061c1d98c/element - {"using":"xpath","value":"//*[contains(@data-kt ,\"ContextMenuId2Link\")][contains(text(), \"Yard Overview\")]"}
COMMAND: GET /session/1d0e84f34d2a035f0d5ceb5061c1d98c/screenshot - {}
RESULT: {"using":"xpath","value":"//*[contains(@data-kt ,\"ContextMenuId2Link\")][contains(text(), \"Yard Overview\")]"}
COMMAND: POST /session/1d0e84f34d2a035f0d5ceb5061c1d98c/execute/sync - {"script":"<script> [8489 bytes]","args":[{"element-6066-11e4-a52e-4f735466cecf":"f.F6EA384F60A395BEF55DE869336FE185.d.82B44E779EF0F952EEEF51C0690D1CEF.e.3130","ELEMENT":"f.F6EA384F60A395BEF55DE869336FE185.d.82B44E779EF0F952EEEF51C0690D1CEF.e.3130"}]}
COMMAND: POST /session/1d0e84f34d2a035f0d5ceb5061c1d98c/element - {"using":"xpath","value":"//*[contains(@data-kt ,\"ContextMenuId3Link\")][contains(text(), \"Yard Main Address\")]"}
RESULT: {}
RESULT: {"script":"<script> [8489 bytes]","args":[{"element-6066-11e4-a52e-4f735466cecf":"f.F6EA384F60A395BEF55DE869336FE185.d.82B44E779EF0F952EEEF51C0690D1CEF.e.3130","ELEMENT":"f.F6EA384F60A395BEF55DE869336FE185.d.82B44E779EF0F952EEEF51C0690D1CEF.e.3130"}]}
COMMAND: GET /session/1d0e84f34d2a035f0d5ceb5061c1d98c/screenshot - {}
RESULT: {"using":"xpath","value":"//*[contains(@data-kt ,\"ContextMenuId3Link\")][contains(text(), \"Yard Main Address\")]"}
COMMAND: POST /session/1d0e84f34d2a035f0d5ceb5061c1d98c/execute/sync - {"script":"<script> [8489 bytes]","args":[{"element-6066-11e4-a52e-4f735466cecf":"f.F6EA384F60A395BEF55DE869336FE185.d.82B44E779EF0F952EEEF51C0690D1CEF.e.3131","ELEMENT":"f.F6EA384F60A395BEF55DE869336FE185.d.82B44E779EF0F952EEEF51C0690D1CEF.e.3131"}]}
COMMAND: POST /session/1d0e84f34d2a035f0d5ceb5061c1d98c/element - {"using":"xpath","value":"//*[contains(@data-kt ,\"ContextMenuId2Link\")][contains(text(), \"Yard Overview\")]"}
RESULT: {}
RESULT: {"using":"xpath","value":"//*[contains(@data-kt ,\"ContextMenuId2Link\")][contains(text(), \"Yard Overview\")]"}
COMMAND: POST /session/1d0e84f34d2a035f0d5ceb5061c1d98c/element/f.F6EA384F60A395BEF55DE869336FE185.d.82B44E779EF0F952EEEF51C0690D1CEF.e.3130/click - {}
RESULT: {"script":"<script> [8489 bytes]","args":[{"element-6066-11e4-a52e-4f735466cecf":"f.F6EA384F60A395BEF55DE869336FE185.d.82B44E779EF0F952EEEF51C0690D1CEF.e.3131","ELEMENT":"f.F6EA384F60A395BEF55DE869336FE185.d.82B44E779EF0F952EEEF51C0690D1CEF.e.3131"}]}
COMMAND: GET /session/1d0e84f34d2a035f0d5ceb5061c1d98c/screenshot - {}
RESULT: {}
COMMAND: GET /session/1d0e84f34d2a035f0d5ceb5061c1d98c/screenshot - {}
RESULT: {}
RESULT: {}
COMMAND: POST /session/1d0e84f34d2a035f0d5ceb5061c1d98c/execute/async - {"script":"<script> [1562 bytes]","args":[{"selector":{"id":"shellAppTitle"},"wdio_ui5_key":"shellAppTitle"}]}
RESULT: {"script":"<script> [1562 bytes]","args":[{"selector":{"id":"shellAppTitle"},"wdio_ui5_key":"shellAppTitle"}]}
RESULT: undefined
COMMAND: POST /session/1d0e84f34d2a035f0d5ceb5061c1d98c/execute/async - {"script":"<script> [6424 bytes]","args":[{"element-6066-11e4-a52e-4f735466cecf":"f.F6EA384F60A395BEF55DE869336FE185.d.82B44E779EF0F952EEEF51C0690D1CEF.e.3263"},"getTitle",[]]}
RESULT: {"script":"<script> [6424 bytes]","args":[{"element-6066-11e4-a52e-4f735466cecf":"f.F6EA384F60A395BEF55DE869336FE185.d.82B44E779EF0F952EEEF51C0690D1CEF.e.3263"},"getTitle",[]]}
COMMAND: POST /session/1d0e84f34d2a035f0d5ceb5061c1d98c/element - {"using":"xpath","value":"//span[contains(@id ,\"title\")][contains(text(), \"WebdriverYard3n8g7\")]"}
RESULT: {"using":"xpath","value":"//span[contains(@id ,\"title\")][contains(text(), \"WebdriverYard3n8g7\")]"}
COMMAND: POST /session/1d0e84f34d2a035f0d5ceb5061c1d98c/execute/sync - {"script":"<script> [8489 bytes]","args":[{"element-6066-11e4-a52e-4f735466cecf":"f.F6EA384F60A395BEF55DE869336FE185.d.82B44E779EF0F952EEEF51C0690D1CEF.e.3264","ELEMENT":"f.F6EA384F60A395BEF55DE869336FE185.d.82B44E779EF0F952EEEF51C0690D1CEF.e.3264"}]}
COMMAND: POST /session/1d0e84f34d2a035f0d5ceb5061c1d98c/execute/async - {"script":"<script> [1562 bytes]","args":[{"selector":{"id":"backBtn"},"wdio_ui5_key":"backBtn"}]}
RESULT: {"script":"<script> [8489 bytes]","args":[{"element-6066-11e4-a52e-4f735466cecf":"f.F6EA384F60A395BEF55DE869336FE185.d.82B44E779EF0F952EEEF51C0690D1CEF.e.3264","ELEMENT":"f.F6EA384F60A395BEF55DE869336FE185.d.82B44E779EF0F952EEEF51C0690D1CEF.e.3264"}]}
COMMAND: GET /session/1d0e84f34d2a035f0d5ceb5061c1d98c/screenshot - {}
RESULT: {"script":"<script> [1562 bytes]","args":[{"selector":{"id":"backBtn"},"wdio_ui5_key":"backBtn"}]}
RESULT: undefined
COMMAND: POST /session/1d0e84f34d2a035f0d5ceb5061c1d98c/element - {"using":"xpath","value":"//*[@id=\"backBtn\"]"}
COMMAND: POST /session/1d0e84f34d2a035f0d5ceb5061c1d98c/execute/sync - {"script":"<script> [8489 bytes]","args":[{"element-6066-11e4-a52e-4f735466cecf":"f.F6EA384F60A395BEF55DE869336FE185.d.82B44E779EF0F952EEEF51C0690D1CEF.e.3264","ELEMENT":"f.F6EA384F60A395BEF55DE869336FE185.d.82B44E779EF0F952EEEF51C0690D1CEF.e.3264"}]}
RESULT: {}
RESULT: {"using":"xpath","value":"//*[@id=\"backBtn\"]"}
COMMAND: POST /session/1d0e84f34d2a035f0d5ceb5061c1d98c/element/f.F6EA384F60A395BEF55DE869336FE185.d.82B44E779EF0F952EEEF51C0690D1CEF.e.3265/click - {}
RESULT: {"script":"<script> [8489 bytes]","args":[{"element-6066-11e4-a52e-4f735466cecf":"f.F6EA384F60A395BEF55DE869336FE185.d.82B44E779EF0F952EEEF51C0690D1CEF.e.3264","ELEMENT":"f.F6EA384F60A395BEF55DE869336FE185.d.82B44E779EF0F952EEEF51C0690D1CEF.e.3264"}]}
COMMAND: GET /session/1d0e84f34d2a035f0d5ceb5061c1d98c/screenshot - {}
RESULT: {}
COMMAND: GET /session/1d0e84f34d2a035f0d5ceb5061c1d98c/screenshot - {}
COMMAND: POST /session/1d0e84f34d2a035f0d5ceb5061c1d98c/execute/sync - {"script":"<script> [8489 bytes]","args":[{"element-6066-11e4-a52e-4f735466cecf":"f.F6EA384F60A395BEF55DE869336FE185.d.82B44E779EF0F952EEEF51C0690D1CEF.e.3264","ELEMENT":"f.F6EA384F60A395BEF55DE869336FE185.d.82B44E779EF0F952EEEF51C0690D1CEF.e.3264"}]}
RESULT: {}
RESULT: {}
COMMAND: POST /session/1d0e84f34d2a035f0d5ceb5061c1d98c/element - {"using":"xpath","value":"//span[contains(@id ,\"title\")][contains(text(), \"WebdriverYard3n8g7\")]"}
RESULT: {"using":"xpath","value":"//span[contains(@id ,\"title\")][contains(text(), \"WebdriverYard3n8g7\")]"}
COMMAND: POST /session/1d0e84f34d2a035f0d5ceb5061c1d98c/element - {"using":"xpath","value":"//span[contains(@id ,\"title\")][contains(text(), \"WebdriverYard3n8g7\")]"}
RESULT: {"using":"xpath","value":"//span[contains(@id ,\"title\")][contains(text(), \"WebdriverYard3n8g7\")]"}
COMMAND: POST /session/1d0e84f34d2a035f0d5ceb5061c1d98c/element - {"using":"xpath","value":"//span[contains(@id ,\"title\")][contains(text(), \"WebdriverYard3n8g7\")]"}
RESULT: {"using":"xpath","value":"//span[contains(@id ,\"title\")][contains(text(), \"WebdriverYard3n8g7\")]"}
COMMAND: POST /session/1d0e84f34d2a035f0d5ceb5061c1d98c/element - {"using":"xpath","value":"//span[contains(@id ,\"title\")][contains(text(), \"WebdriverYard3n8g7\")]"}
RESULT: {"using":"xpath","value":"//span[contains(@id ,\"title\")][contains(text(), \"WebdriverYard3n8g7\")]"}
COMMAND: POST /session/1d0e84f34d2a035f0d5ceb5061c1d98c/element - {"using":"xpath","value":"//*[contains(@data-kt ,\"webshopDetailYardLink\")]"}
RESULT: {"using":"xpath","value":"//*[contains(@data-kt ,\"webshopDetailYardLink\")]"}
COMMAND: POST /session/1d0e84f34d2a035f0d5ceb5061c1d98c/execute/sync - {"script":"<script> [8489 bytes]","args":[{"element-6066-11e4-a52e-4f735466cecf":"f.F6EA384F60A395BEF55DE869336FE185.d.82B44E779EF0F952EEEF51C0690D1CEF.e.3416","ELEMENT":"f.F6EA384F60A395BEF55DE869336FE185.d.82B44E779EF0F952EEEF51C0690D1CEF.e.3416"}]}
RESULT: {"script":"<script> [8489 bytes]","args":[{"element-6066-11e4-a52e-4f735466cecf":"f.F6EA384F60A395BEF55DE869336FE185.d.82B44E779EF0F952EEEF51C0690D1CEF.e.3416","ELEMENT":"f.F6EA384F60A395BEF55DE869336FE185.d.82B44E779EF0F952EEEF51C0690D1CEF.e.3416"}]}
COMMAND: POST /session/1d0e84f34d2a035f0d5ceb5061c1d98c/execute/sync - {"script":"<script> [5351 bytes]","args":[{"element-6066-11e4-a52e-4f735466cecf":"f.F6EA384F60A395BEF55DE869336FE185.d.82B44E779EF0F952EEEF51C0690D1CEF.e.3416","ELEMENT":"f.F6EA384F60A395BEF55DE869336FE185.d.82B44E779EF0F952EEEF51C0690D1CEF.e.3416"}]}
COMMAND: GET /session/1d0e84f34d2a035f0d5ceb5061c1d98c/screenshot - {}
COMMAND: POST /session/1d0e84f34d2a035f0d5ceb5061c1d98c/element - {"using":"xpath","value":"//span[contains(@id ,\"title\")][contains(text(), \"WebdriverYard3n8g7\")]"}
RESULT: {"script":"<script> [5351 bytes]","args":[{"element-6066-11e4-a52e-4f735466cecf":"f.F6EA384F60A395BEF55DE869336FE185.d.82B44E779EF0F952EEEF51C0690D1CEF.e.3416","ELEMENT":"f.F6EA384F60A395BEF55DE869336FE185.d.82B44E779EF0F952EEEF51C0690D1CEF.e.3416"}]}
COMMAND: GET /session/1d0e84f34d2a035f0d5ceb5061c1d98c/screenshot - {}
RESULT: {}
RESULT: {"using":"xpath","value":"//span[contains(@id ,\"title\")][contains(text(), \"WebdriverYard3n8g7\")]"}
COMMAND: POST /session/1d0e84f34d2a035f0d5ceb5061c1d98c/execute/sync - {"script":"<script> [8489 bytes]","args":[{"element-6066-11e4-a52e-4f735466cecf":"f.F6EA384F60A395BEF55DE869336FE185.d.82B44E779EF0F952EEEF51C0690D1CEF.e.3416","ELEMENT":"f.F6EA384F60A395BEF55DE869336FE185.d.82B44E779EF0F952EEEF51C0690D1CEF.e.3416"}]}
RESULT: {}
RESULT: {"script":"<script> [8489 bytes]","args":[{"element-6066-11e4-a52e-4f735466cecf":"f.F6EA384F60A395BEF55DE869336FE185.d.82B44E779EF0F952EEEF51C0690D1CEF.e.3416","ELEMENT":"f.F6EA384F60A395BEF55DE869336FE185.d.82B44E779EF0F952EEEF51C0690D1CEF.e.3416"}]}
COMMAND: POST /session/1d0e84f34d2a035f0d5ceb5061c1d98c/execute/sync - {"script":"<script> [5351 bytes]","args":[{"element-6066-11e4-a52e-4f735466cecf":"f.F6EA384F60A395BEF55DE869336FE185.d.82B44E779EF0F952EEEF51C0690D1CEF.e.3416","ELEMENT":"f.F6EA384F60A395BEF55DE869336FE185.d.82B44E779EF0F952EEEF51C0690D1CEF.e.3416"}]}
COMMAND: GET /session/1d0e84f34d2a035f0d5ceb5061c1d98c/screenshot - {}
RESULT: {"script":"<script> [5351 bytes]","args":[{"element-6066-11e4-a52e-4f735466cecf":"f.F6EA384F60A395BEF55DE869336FE185.d.82B44E779EF0F952EEEF51C0690D1CEF.e.3416","ELEMENT":"f.F6EA384F60A395BEF55DE869336FE185.d.82B44E779EF0F952EEEF51C0690D1CEF.e.3416"}]}
COMMAND: GET /session/1d0e84f34d2a035f0d5ceb5061c1d98c/screenshot - {}
COMMAND: POST /session/1d0e84f34d2a035f0d5ceb5061c1d98c/element - {"using":"xpath","value":"//span[contains(@id ,\"title\")][contains(text(), \"WebdriverYard3n8g7\")]"}
RESULT: {}
COMMAND: POST /session/1d0e84f34d2a035f0d5ceb5061c1d98c/execute/sync - {"script":"<script> [8489 bytes]","args":[{"element-6066-11e4-a52e-4f735466cecf":"f.F6EA384F60A395BEF55DE869336FE185.d.82B44E779EF0F952EEEF51C0690D1CEF.e.3416","ELEMENT":"f.F6EA384F60A395BEF55DE869336FE185.d.82B44E779EF0F952EEEF51C0690D1CEF.e.3416"}]}
RESULT: {}
RESULT: {"using":"xpath","value":"//span[contains(@id ,\"title\")][contains(text(), \"WebdriverYard3n8g7\")]"}
RESULT: {"script":"<script> [8489 bytes]","args":[{"element-6066-11e4-a52e-4f735466cecf":"f.F6EA384F60A395BEF55DE869336FE185.d.82B44E779EF0F952EEEF51C0690D1CEF.e.3416","ELEMENT":"f.F6EA384F60A395BEF55DE869336FE185.d.82B44E779EF0F952EEEF51C0690D1CEF.e.3416"}]}
COMMAND: POST /session/1d0e84f34d2a035f0d5ceb5061c1d98c/execute/sync - {"script":"<script> [5351 bytes]","args":[{"element-6066-11e4-a52e-4f735466cecf":"f.F6EA384F60A395BEF55DE869336FE185.d.82B44E779EF0F952EEEF51C0690D1CEF.e.3416","ELEMENT":"f.F6EA384F60A395BEF55DE869336FE185.d.82B44E779EF0F952EEEF51C0690D1CEF.e.3416"}]}
COMMAND: GET /session/1d0e84f34d2a035f0d5ceb5061c1d98c/screenshot - {}
RESULT: {"script":"<script> [5351 bytes]","args":[{"element-6066-11e4-a52e-4f735466cecf":"f.F6EA384F60A395BEF55DE869336FE185.d.82B44E779EF0F952EEEF51C0690D1CEF.e.3416","ELEMENT":"f.F6EA384F60A395BEF55DE869336FE185.d.82B44E779EF0F952EEEF51C0690D1CEF.e.3416"}]}
COMMAND: GET /session/1d0e84f34d2a035f0d5ceb5061c1d98c/screenshot - {}
COMMAND: POST /session/1d0e84f34d2a035f0d5ceb5061c1d98c/execute/sync - {"script":"<script> [8489 bytes]","args":[{"element-6066-11e4-a52e-4f735466cecf":"f.F6EA384F60A395BEF55DE869336FE185.d.82B44E779EF0F952EEEF51C0690D1CEF.e.3416","ELEMENT":"f.F6EA384F60A395BEF55DE869336FE185.d.82B44E779EF0F952EEEF51C0690D1CEF.e.3416"}]}
COMMAND: POST /session/1d0e84f34d2a035f0d5ceb5061c1d98c/element - {"using":"xpath","value":"//span[contains(@id ,\"title\")][contains(text(), \"WebdriverYard3n8g7\")]"}
RESULT: {}
RESULT: {}
RESULT: {"script":"<script> [8489 bytes]","args":[{"element-6066-11e4-a52e-4f735466cecf":"f.F6EA384F60A395BEF55DE869336FE185.d.82B44E779EF0F952EEEF51C0690D1CEF.e.3416","ELEMENT":"f.F6EA384F60A395BEF55DE869336FE185.d.82B44E779EF0F952EEEF51C0690D1CEF.e.3416"}]}
COMMAND: POST /session/1d0e84f34d2a035f0d5ceb5061c1d98c/execute/sync - {"script":"<script> [5351 bytes]","args":[{"element-6066-11e4-a52e-4f735466cecf":"f.F6EA384F60A395BEF55DE869336FE185.d.82B44E779EF0F952EEEF51C0690D1CEF.e.3416","ELEMENT":"f.F6EA384F60A395BEF55DE869336FE185.d.82B44E779EF0F952EEEF51C0690D1CEF.e.3416"}]}
COMMAND: GET /session/1d0e84f34d2a035f0d5ceb5061c1d98c/screenshot - {}
RESULT: {"using":"xpath","value":"//span[contains(@id ,\"title\")][contains(text(), \"WebdriverYard3n8g7\")]"}
RESULT: {"script":"<script> [5351 bytes]","args":[{"element-6066-11e4-a52e-4f735466cecf":"f.F6EA384F60A395BEF55DE869336FE185.d.82B44E779EF0F952EEEF51C0690D1CEF.e.3416","ELEMENT":"f.F6EA384F60A395BEF55DE869336FE185.d.82B44E779EF0F952EEEF51C0690D1CEF.e.3416"}]}
COMMAND: POST /session/1d0e84f34d2a035f0d5ceb5061c1d98c/execute/sync - {"script":"<script> [8489 bytes]","args":[{"element-6066-11e4-a52e-4f735466cecf":"f.F6EA384F60A395BEF55DE869336FE185.d.82B44E779EF0F952EEEF51C0690D1CEF.e.3416","ELEMENT":"f.F6EA384F60A395BEF55DE869336FE185.d.82B44E779EF0F952EEEF51C0690D1CEF.e.3416"}]}
COMMAND: GET /session/1d0e84f34d2a035f0d5ceb5061c1d98c/screenshot - {}
RESULT: {}
RESULT: {"script":"<script> [8489 bytes]","args":[{"element-6066-11e4-a52e-4f735466cecf":"f.F6EA384F60A395BEF55DE869336FE185.d.82B44E779EF0F952EEEF51C0690D1CEF.e.3416","ELEMENT":"f.F6EA384F60A395BEF55DE869336FE185.d.82B44E779EF0F952EEEF51C0690D1CEF.e.3416"}]}
COMMAND: POST /session/1d0e84f34d2a035f0d5ceb5061c1d98c/execute/sync - {"script":"<script> [5351 bytes]","args":[{"element-6066-11e4-a52e-4f735466cecf":"f.F6EA384F60A395BEF55DE869336FE185.d.82B44E779EF0F952EEEF51C0690D1CEF.e.3416","ELEMENT":"f.F6EA384F60A395BEF55DE869336FE185.d.82B44E779EF0F952EEEF51C0690D1CEF.e.3416"}]}
COMMAND: GET /session/1d0e84f34d2a035f0d5ceb5061c1d98c/screenshot - {}
RESULT: {}
RESULT: {"script":"<script> [5351 bytes]","args":[{"element-6066-11e4-a52e-4f735466cecf":"f.F6EA384F60A395BEF55DE869336FE185.d.82B44E779EF0F952EEEF51C0690D1CEF.e.3416","ELEMENT":"f.F6EA384F60A395BEF55DE869336FE185.d.82B44E779EF0F952EEEF51C0690D1CEF.e.3416"}]}
COMMAND: POST /session/1d0e84f34d2a035f0d5ceb5061c1d98c/execute/sync - {"script":"<script> [8489 bytes]","args":[{"element-6066-11e4-a52e-4f735466cecf":"f.F6EA384F60A395BEF55DE869336FE185.d.82B44E779EF0F952EEEF51C0690D1CEF.e.3416","ELEMENT":"f.F6EA384F60A395BEF55DE869336FE185.d.82B44E779EF0F952EEEF51C0690D1CEF.e.3416"}]}
COMMAND: GET /session/1d0e84f34d2a035f0d5ceb5061c1d98c/screenshot - {}
COMMAND: POST /session/1d0e84f34d2a035f0d5ceb5061c1d98c/element - {"using":"xpath","value":"//span[contains(@id ,\"title\")][contains(text(), \"WebdriverYard3n8g7\")]"}
RESULT: {}
RESULT: {"script":"<script> [8489 bytes]","args":[{"element-6066-11e4-a52e-4f735466cecf":"f.F6EA384F60A395BEF55DE869336FE185.d.82B44E779EF0F952EEEF51C0690D1CEF.e.3416","ELEMENT":"f.F6EA384F60A395BEF55DE869336FE185.d.82B44E779EF0F952EEEF51C0690D1CEF.e.3416"}]}
COMMAND: POST /session/1d0e84f34d2a035f0d5ceb5061c1d98c/execute/sync - {"script":"<script> [5351 bytes]","args":[{"element-6066-11e4-a52e-4f735466cecf":"f.F6EA384F60A395BEF55DE869336FE185.d.82B44E779EF0F952EEEF51C0690D1CEF.e.3416","ELEMENT":"f.F6EA384F60A395BEF55DE869336FE185.d.82B44E779EF0F952EEEF51C0690D1CEF.e.3416"}]}
COMMAND: GET /session/1d0e84f34d2a035f0d5ceb5061c1d98c/screenshot - {}
RESULT: {}
RESULT: {"using":"xpath","value":"//span[contains(@id ,\"title\")][contains(text(), \"WebdriverYard3n8g7\")]"}
RESULT: {"script":"<script> [5351 bytes]","args":[{"element-6066-11e4-a52e-4f735466cecf":"f.F6EA384F60A395BEF55DE869336FE185.d.82B44E779EF0F952EEEF51C0690D1CEF.e.3416","ELEMENT":"f.F6EA384F60A395BEF55DE869336FE185.d.82B44E779EF0F952EEEF51C0690D1CEF.e.3416"}]}
COMMAND: POST /session/1d0e84f34d2a035f0d5ceb5061c1d98c/element - {"using":"xpath","value":"//*[contains(@data-kt ,\"webshopDetailYardLink\")]"}
COMMAND: GET /session/1d0e84f34d2a035f0d5ceb5061c1d98c/screenshot - {}
RESULT: {}
RESULT: {"using":"xpath","value":"//*[contains(@data-kt ,\"webshopDetailYardLink\")]"}
COMMAND: POST /session/1d0e84f34d2a035f0d5ceb5061c1d98c/element/f.F6EA384F60A395BEF55DE869336FE185.d.82B44E779EF0F952EEEF51C0690D1CEF.e.3416/click - {}
RESULT: {}
COMMAND: POST /session/1d0e84f34d2a035f0d5ceb5061c1d98c/element - {"using":"xpath","value":"//span[contains(@id ,\"title\")][contains(text(), \"WebdriverYard3n8g7\")]"}
RESULT: {}
COMMAND: GET /session/1d0e84f34d2a035f0d5ceb5061c1d98c/screenshot - {}
RESULT: {"using":"xpath","value":"//span[contains(@id ,\"title\")][contains(text(), \"WebdriverYard3n8g7\")]"}
COMMAND: POST /session/1d0e84f34d2a035f0d5ceb5061c1d98c/execute/sync - {"script":"<script> [8489 bytes]","args":[{"element-6066-11e4-a52e-4f735466cecf":"f.F6EA384F60A395BEF55DE869336FE185.d.82B44E779EF0F952EEEF51C0690D1CEF.e.3435","ELEMENT":"f.F6EA384F60A395BEF55DE869336FE185.d.82B44E779EF0F952EEEF51C0690D1CEF.e.3435"}]}
RESULT: {}
RESULT: {"script":"<script> [8489 bytes]","args":[{"element-6066-11e4-a52e-4f735466cecf":"f.F6EA384F60A395BEF55DE869336FE185.d.82B44E779EF0F952EEEF51C0690D1CEF.e.3435","ELEMENT":"f.F6EA384F60A395BEF55DE869336FE185.d.82B44E779EF0F952EEEF51C0690D1CEF.e.3435"}]}
COMMAND: GET /session/1d0e84f34d2a035f0d5ceb5061c1d98c/screenshot - {}
RESULT: {}
COMMAND: POST /session/1d0e84f34d2a035f0d5ceb5061c1d98c/element - {"using":"xpath","value":"//*[contains(@data-kt ,\"ContextMenuId3Link\")][contains(text(), \"Yard Main Address\")]"}
RESULT: {"using":"xpath","value":"//*[contains(@data-kt ,\"ContextMenuId3Link\")][contains(text(), \"Yard Main Address\")]"}
COMMAND: POST /session/1d0e84f34d2a035f0d5ceb5061c1d98c/element/f.F6EA384F60A395BEF55DE869336FE185.d.82B44E779EF0F952EEEF51C0690D1CEF.e.3437/click - {}
RESULT: {}
COMMAND: GET /session/1d0e84f34d2a035f0d5ceb5061c1d98c/screenshot - {}
RESULT: {}
COMMAND: POST /session/1d0e84f34d2a035f0d5ceb5061c1d98c/execute/async - {"script":"<script> [1562 bytes]","args":[{"selector":{"id":"application-addressmanagement-display-component---masterAdm--title1"},"wdio_ui5_key":"applicationaddressmanagement-display-component---masterAdm--title1"}]}
RESULT: {"script":"<script> [1562 bytes]","args":[{"selector":{"id":"application-addressmanagement-display-component---masterAdm--title1"},"wdio_ui5_key":"applicationaddressmanagement-display-component---masterAdm--title1"}]}
RESULT: undefined
COMMAND: POST /session/1d0e84f34d2a035f0d5ceb5061c1d98c/execute/async - {"script":"<script> [6424 bytes]","args":[{"element-6066-11e4-a52e-4f735466cecf":"f.F6EA384F60A395BEF55DE869336FE185.d.82B44E779EF0F952EEEF51C0690D1CEF.e.3712"},"getText",[]]}
RESULT: {"script":"<script> [6424 bytes]","args":[{"element-6066-11e4-a52e-4f735466cecf":"f.F6EA384F60A395BEF55DE869336FE185.d.82B44E779EF0F952EEEF51C0690D1CEF.e.3712"},"getText",[]]}
COMMAND: POST /session/1d0e84f34d2a035f0d5ceb5061c1d98c/element - {"using":"xpath","value":"//span[contains(text(), \"WebdriverYardjjtihg\")][contains(@id ,\"application-addressmanagement-display-component---detailAdm--addressDetailDetailsName1\")]"}
RESULT: {"using":"xpath","value":"//span[contains(text(), \"WebdriverYardjjtihg\")][contains(@id ,\"application-addressmanagement-display-component---detailAdm--addressDetailDetailsName1\")]"}
COMMAND: POST /session/1d0e84f34d2a035f0d5ceb5061c1d98c/element - {"using":"xpath","value":"//span[contains(text(), \"WebdriverYardjjtihg\")][contains(@id ,\"application-addressmanagement-display-component---detailAdm--addressDetailDetailsName1\")]"}
RESULT: undefined
COMMAND: POST /session/1d0e84f34d2a035f0d5ceb5061c1d98c/element - {"using":"xpath","value":"//*[@id=\"backBtn\"]"}
RESULT: {"using":"xpath","value":"//span[contains(text(), \"WebdriverYardjjtihg\")][contains(@id ,\"application-addressmanagement-display-component---detailAdm--addressDetailDetailsName1\")]"}
RESULT: {"using":"xpath","value":"//*[@id=\"backBtn\"]"}
COMMAND: POST /session/1d0e84f34d2a035f0d5ceb5061c1d98c/element/f.F6EA384F60A395BEF55DE869336FE185.d.82B44E779EF0F952EEEF51C0690D1CEF.e.3265/click - {}
RESULT: {}
COMMAND: GET /session/1d0e84f34d2a035f0d5ceb5061c1d98c/screenshot - {}
COMMAND: POST /session/1d0e84f34d2a035f0d5ceb5061c1d98c/element - {"using":"xpath","value":"//span[contains(text(), \"WebdriverYardjjtihg\")][contains(@id ,\"application-addressmanagement-display-component---detailAdm--addressDetailDetailsName1\")]"}
RESULT: {}
RESULT: {"using":"xpath","value":"//span[contains(text(), \"WebdriverYardjjtihg\")][contains(@id ,\"application-addressmanagement-display-component---detailAdm--addressDetailDetailsName1\")]"}
COMMAND: POST /session/1d0e84f34d2a035f0d5ceb5061c1d98c/element - {"using":"xpath","value":"//span[contains(text(), \"WebdriverYardjjtihg\")][contains(@id ,\"application-addressmanagement-display-component---detailAdm--addressDetailDetailsName1\")]"}
RESULT: {"using":"xpath","value":"//span[contains(text(), \"WebdriverYardjjtihg\")][contains(@id ,\"application-addressmanagement-display-component---detailAdm--addressDetailDetailsName1\")]"}
COMMAND: POST /session/1d0e84f34d2a035f0d5ceb5061c1d98c/element - {"using":"xpath","value":"//span[contains(text(), \"WebdriverYardjjtihg\")][contains(@id ,\"application-addressmanagement-display-component---detailAdm--addressDetailDetailsName1\")]"}
RESULT: {"using":"xpath","value":"//span[contains(text(), \"WebdriverYardjjtihg\")][contains(@id ,\"application-addressmanagement-display-component---detailAdm--addressDetailDetailsName1\")]"}
COMMAND: POST /session/1d0e84f34d2a035f0d5ceb5061c1d98c/element - {"using":"xpath","value":"//span[contains(text(), \"WebdriverYardjjtihg\")][contains(@id ,\"application-addressmanagement-display-component---detailAdm--addressDetailDetailsName1\")]"}
RESULT: {"using":"xpath","value":"//span[contains(text(), \"WebdriverYardjjtihg\")][contains(@id ,\"application-addressmanagement-display-component---detailAdm--addressDetailDetailsName1\")]"}
COMMAND: POST /session/1d0e84f34d2a035f0d5ceb5061c1d98c/element - {"using":"xpath","value":"//span[contains(text(), \"WebdriverYardjjtihg\")][contains(@id ,\"application-addressmanagement-display-component---detailAdm--addressDetailDetailsName1\")]"}
RESULT: {"using":"xpath","value":"//span[contains(text(), \"WebdriverYardjjtihg\")][contains(@id ,\"application-addressmanagement-display-component---detailAdm--addressDetailDetailsName1\")]"}
COMMAND: POST /session/1d0e84f34d2a035f0d5ceb5061c1d98c/element - {"using":"xpath","value":"//span[contains(text(), \"WebdriverYardjjtihg\")][contains(@id ,\"application-addressmanagement-display-component---detailAdm--addressDetailDetailsName1\")]"}
RESULT: {"using":"xpath","value":"//span[contains(text(), \"WebdriverYardjjtihg\")][contains(@id ,\"application-addressmanagement-display-component---detailAdm--addressDetailDetailsName1\")]"}
COMMAND: POST /session/1d0e84f34d2a035f0d5ceb5061c1d98c/element - {"using":"xpath","value":"//span[contains(text(), \"WebdriverYardjjtihg\")][contains(@id ,\"application-addressmanagement-display-component---detailAdm--addressDetailDetailsName1\")]"}
RESULT: {"using":"xpath","value":"//span[contains(text(), \"WebdriverYardjjtihg\")][contains(@id ,\"application-addressmanagement-display-component---detailAdm--addressDetailDetailsName1\")]"}
COMMAND: POST /session/1d0e84f34d2a035f0d5ceb5061c1d98c/element - {"using":"xpath","value":"//span[contains(text(), \"WebdriverYardjjtihg\")][contains(@id ,\"application-addressmanagement-display-component---detailAdm--addressDetailDetailsName1\")]"}
RESULT: {"using":"xpath","value":"//span[contains(text(), \"WebdriverYardjjtihg\")][contains(@id ,\"application-addressmanagement-display-component---detailAdm--addressDetailDetailsName1\")]"}
COMMAND: POST /session/1d0e84f34d2a035f0d5ceb5061c1d98c/element - {"using":"xpath","value":"//span[contains(text(), \"WebdriverYardjjtihg\")][contains(@id ,\"application-addressmanagement-display-component---detailAdm--addressDetailDetailsName1\")]"}
RESULT: {"using":"xpath","value":"//span[contains(text(), \"WebdriverYardjjtihg\")][contains(@id ,\"application-addressmanagement-display-component---detailAdm--addressDetailDetailsName1\")]"}
COMMAND: POST /session/1d0e84f34d2a035f0d5ceb5061c1d98c/element - {"using":"xpath","value":"//span[contains(text(), \"WebdriverYardjjtihg\")][contains(@id ,\"application-addressmanagement-display-component---detailAdm--addressDetailDetailsName1\")]"}
RESULT: {"using":"xpath","value":"//span[contains(text(), \"WebdriverYardjjtihg\")][contains(@id ,\"application-addressmanagement-display-component---detailAdm--addressDetailDetailsName1\")]"}
COMMAND: POST /session/1d0e84f34d2a035f0d5ceb5061c1d98c/element - {"using":"xpath","value":"//span[contains(text(), \"WebdriverYardjjtihg\")][contains(@id ,\"application-addressmanagement-display-component---detailAdm--addressDetailDetailsName1\")]"}
RESULT: {"using":"xpath","value":"//span[contains(text(), \"WebdriverYardjjtihg\")][contains(@id ,\"application-addressmanagement-display-component---detailAdm--addressDetailDetailsName1\")]"}
COMMAND: POST /session/1d0e84f34d2a035f0d5ceb5061c1d98c/element - {"using":"xpath","value":"//span[contains(text(), \"WebdriverYardjjtihg\")][contains(@id ,\"application-addressmanagement-display-component---detailAdm--addressDetailDetailsName1\")]"}
RESULT: {"using":"xpath","value":"//span[contains(text(), \"WebdriverYardjjtihg\")][contains(@id ,\"application-addressmanagement-display-component---detailAdm--addressDetailDetailsName1\")]"}
COMMAND: POST /session/1d0e84f34d2a035f0d5ceb5061c1d98c/element - {"using":"xpath","value":"//span[contains(text(), \"WebdriverYardjjtihg\")][contains(@id ,\"application-addressmanagement-display-component---detailAdm--addressDetailDetailsName1\")]"}
RESULT: {"using":"xpath","value":"//span[contains(text(), \"WebdriverYardjjtihg\")][contains(@id ,\"application-addressmanagement-display-component---detailAdm--addressDetailDetailsName1\")]"}
COMMAND: POST /session/1d0e84f34d2a035f0d5ceb5061c1d98c/element - {"using":"xpath","value":"//span[contains(text(), \"WebdriverYardjjtihg\")][contains(@id ,\"application-addressmanagement-display-component---detailAdm--addressDetailDetailsName1\")]"}
RESULT: {"using":"xpath","value":"//span[contains(text(), \"WebdriverYardjjtihg\")][contains(@id ,\"application-addressmanagement-display-component---detailAdm--addressDetailDetailsName1\")]"}
COMMAND: POST /session/1d0e84f34d2a035f0d5ceb5061c1d98c/execute/sync - {"script":"<script> [8489 bytes]","args":[{"element-6066-11e4-a52e-4f735466cecf":"f.F6EA384F60A395BEF55DE869336FE185.d.82B44E779EF0F952EEEF51C0690D1CEF.e.3416","ELEMENT":"f.F6EA384F60A395BEF55DE869336FE185.d.82B44E779EF0F952EEEF51C0690D1CEF.e.3416"}]}
COMMAND: POST /session/1d0e84f34d2a035f0d5ceb5061c1d98c/element - {"using":"xpath","value":"//*[contains(@data-kt ,\"webshopDetailYardLink\")]"}
RESULT: {"using":"xpath","value":"//*[contains(@data-kt ,\"webshopDetailYardLink\")]"}
COMMAND: POST /session/1d0e84f34d2a035f0d5ceb5061c1d98c/execute/sync - {"script":"<script> [8489 bytes]","args":[{"element-6066-11e4-a52e-4f735466cecf":"f.F6EA384F60A395BEF55DE869336FE185.d.82B44E779EF0F952EEEF51C0690D1CEF.e.3860","ELEMENT":"f.F6EA384F60A395BEF55DE869336FE185.d.82B44E779EF0F952EEEF51C0690D1CEF.e.3860"}]}
RESULT: {"script":"<script> [8489 bytes]","args":[{"element-6066-11e4-a52e-4f735466cecf":"f.F6EA384F60A395BEF55DE869336FE185.d.82B44E779EF0F952EEEF51C0690D1CEF.e.3860","ELEMENT":"f.F6EA384F60A395BEF55DE869336FE185.d.82B44E779EF0F952EEEF51C0690D1CEF.e.3860"}]}
COMMAND: POST /session/1d0e84f34d2a035f0d5ceb5061c1d98c/execute/sync - {"script":"<script> [5351 bytes]","args":[{"element-6066-11e4-a52e-4f735466cecf":"f.F6EA384F60A395BEF55DE869336FE185.d.82B44E779EF0F952EEEF51C0690D1CEF.e.3860","ELEMENT":"f.F6EA384F60A395BEF55DE869336FE185.d.82B44E779EF0F952EEEF51C0690D1CEF.e.3860"}]}
COMMAND: GET /session/1d0e84f34d2a035f0d5ceb5061c1d98c/screenshot - {}
RESULT: {"script":"<script> [5351 bytes]","args":[{"element-6066-11e4-a52e-4f735466cecf":"f.F6EA384F60A395BEF55DE869336FE185.d.82B44E779EF0F952EEEF51C0690D1CEF.e.3860","ELEMENT":"f.F6EA384F60A395BEF55DE869336FE185.d.82B44E779EF0F952EEEF51C0690D1CEF.e.3860"}]}
COMMAND: POST /session/1d0e84f34d2a035f0d5ceb5061c1d98c/element - {"using":"xpath","value":"//*[contains(@data-kt ,\"webshopDetailYardLink\")]"}
COMMAND: GET /session/1d0e84f34d2a035f0d5ceb5061c1d98c/screenshot - {}
COMMAND: POST /session/1d0e84f34d2a035f0d5ceb5061c1d98c/element - {"using":"xpath","value":"//span[contains(text(), \"WebdriverYardjjtihg\")][contains(@id ,\"application-addressmanagement-display-component---detailAdm--addressDetailDetailsName1\")]"}
RESULT: {}
RESULT: {"using":"xpath","value":"//*[contains(@data-kt ,\"webshopDetailYardLink\")]"}
COMMAND: POST /session/1d0e84f34d2a035f0d5ceb5061c1d98c/element/f.F6EA384F60A395BEF55DE869336FE185.d.82B44E779EF0F952EEEF51C0690D1CEF.e.3860/click - {}
RESULT: {}
RESULT: {"using":"xpath","value":"//span[contains(text(), \"WebdriverYardjjtihg\")][contains(@id ,\"application-addressmanagement-display-component---detailAdm--addressDetailDetailsName1\")]"}
RESULT: {}
COMMAND: GET /session/1d0e84f34d2a035f0d5ceb5061c1d98c/screenshot - {}
RESULT: {}
COMMAND: POST /session/1d0e84f34d2a035f0d5ceb5061c1d98c/element - {"using":"xpath","value":"//span[contains(text(), \"WebdriverYardjjtihg\")][contains(@id ,\"application-addressmanagement-display-component---detailAdm--addressDetailDetailsName1\")]"}
RESULT: {"using":"xpath","value":"//span[contains(text(), \"WebdriverYardjjtihg\")][contains(@id ,\"application-addressmanagement-display-component---detailAdm--addressDetailDetailsName1\")]"}
COMMAND: POST /session/1d0e84f34d2a035f0d5ceb5061c1d98c/element - {"using":"xpath","value":"//span[contains(text(), \"WebdriverYardjjtihg\")][contains(@id ,\"application-addressmanagement-display-component---detailAdm--addressDetailDetailsName1\")]"}
RESULT: {"using":"xpath","value":"//span[contains(text(), \"WebdriverYardjjtihg\")][contains(@id ,\"application-addressmanagement-display-component---detailAdm--addressDetailDetailsName1\")]"}
COMMAND: POST /session/1d0e84f34d2a035f0d5ceb5061c1d98c/element - {"using":"xpath","value":"//span[contains(text(), \"WebdriverYardjjtihg\")][contains(@id ,\"application-addressmanagement-display-component---detailAdm--addressDetailDetailsName1\")]"}
RESULT: {"using":"xpath","value":"//span[contains(text(), \"WebdriverYardjjtihg\")][contains(@id ,\"application-addressmanagement-display-component---detailAdm--addressDetailDetailsName1\")]"}
COMMAND: POST /session/1d0e84f34d2a035f0d5ceb5061c1d98c/element - {"using":"xpath","value":"//span[contains(text(), \"WebdriverYardjjtihg\")][contains(@id ,\"application-addressmanagement-display-component---detailAdm--addressDetailDetailsName1\")]"}
RESULT: {"using":"xpath","value":"//span[contains(text(), \"WebdriverYardjjtihg\")][contains(@id ,\"application-addressmanagement-display-component---detailAdm--addressDetailDetailsName1\")]"}
COMMAND: POST /session/1d0e84f34d2a035f0d5ceb5061c1d98c/element - {"using":"xpath","value":"//button[contains(@data-kt ,\"ContextMenuExternalId2Link\")]"}
RESULT: {"using":"xpath","value":"//button[contains(@data-kt ,\"ContextMenuExternalId2Link\")]"}
COMMAND: POST /session/1d0e84f34d2a035f0d5ceb5061c1d98c/element/f.F6EA384F60A395BEF55DE869336FE185.d.82B44E779EF0F952EEEF51C0690D1CEF.e.3862/click - {}
RESULT: {}
COMMAND: GET /session/1d0e84f34d2a035f0d5ceb5061c1d98c/screenshot - {}
COMMAND: POST /session/1d0e84f34d2a035f0d5ceb5061c1d98c/element - {"using":"xpath","value":"//span[contains(text(), \"WebdriverYardjjtihg\")][contains(@id ,\"application-addressmanagement-display-component---detailAdm--addressDetailDetailsName1\")]"}
RESULT: {}
RESULT: {"using":"xpath","value":"//span[contains(text(), \"WebdriverYardjjtihg\")][contains(@id ,\"application-addressmanagement-display-component---detailAdm--addressDetailDetailsName1\")]"}
COMMAND: POST /session/1d0e84f34d2a035f0d5ceb5061c1d98c/element - {"using":"xpath","value":"//span[contains(text(), \"WebdriverYardjjtihg\")][contains(@id ,\"application-addressmanagement-display-component---detailAdm--addressDetailDetailsName1\")]"}
RESULT: {"using":"xpath","value":"//span[contains(text(), \"WebdriverYardjjtihg\")][contains(@id ,\"application-addressmanagement-display-component---detailAdm--addressDetailDetailsName1\")]"}
COMMAND: POST /session/1d0e84f34d2a035f0d5ceb5061c1d98c/element - {"using":"xpath","value":"//span[contains(text(), \"WebdriverYardjjtihg\")][contains(@id ,\"application-addressmanagement-display-component---detailAdm--addressDetailDetailsName1\")]"}
RESULT: {"using":"xpath","value":"//span[contains(text(), \"WebdriverYardjjtihg\")][contains(@id ,\"application-addressmanagement-display-component---detailAdm--addressDetailDetailsName1\")]"}
COMMAND: POST /session/1d0e84f34d2a035f0d5ceb5061c1d98c/element - {"using":"xpath","value":"//span[contains(text(), \"WebdriverYardjjtihg\")][contains(@id ,\"application-addressmanagement-display-component---detailAdm--addressDetailDetailsName1\")]"}
RESULT: {"using":"xpath","value":"//span[contains(text(), \"WebdriverYardjjtihg\")][contains(@id ,\"application-addressmanagement-display-component---detailAdm--addressDetailDetailsName1\")]"}
COMMAND: POST /session/1d0e84f34d2a035f0d5ceb5061c1d98c/element - {"using":"xpath","value":"//span[contains(text(), \"WebdriverYardjjtihg\")][contains(@id ,\"application-addressmanagement-display-component---detailAdm--addressDetailDetailsName1\")]"}
RESULT: {"using":"xpath","value":"//span[contains(text(), \"WebdriverYardjjtihg\")][contains(@id ,\"application-addressmanagement-display-component---detailAdm--addressDetailDetailsName1\")]"}
COMMAND: POST /session/1d0e84f34d2a035f0d5ceb5061c1d98c/element - {"using":"xpath","value":"//span[contains(text(), \"WebdriverYardjjtihg\")][contains(@id ,\"application-addressmanagement-display-component---detailAdm--addressDetailDetailsName1\")]"}
RESULT: {"using":"xpath","value":"//span[contains(text(), \"WebdriverYardjjtihg\")][contains(@id ,\"application-addressmanagement-display-component---detailAdm--addressDetailDetailsName1\")]"}
COMMAND: POST /session/1d0e84f34d2a035f0d5ceb5061c1d98c/element - {"using":"xpath","value":"//span[contains(text(), \"WebdriverYardjjtihg\")][contains(@id ,\"application-addressmanagement-display-component---detailAdm--addressDetailDetailsName1\")]"}
RESULT: {"using":"xpath","value":"//span[contains(text(), \"WebdriverYardjjtihg\")][contains(@id ,\"application-addressmanagement-display-component---detailAdm--addressDetailDetailsName1\")]"}
COMMAND: POST /session/1d0e84f34d2a035f0d5ceb5061c1d98c/element - {"using":"xpath","value":"//span[contains(text(), \"WebdriverYardjjtihg\")][contains(@id ,\"application-addressmanagement-display-component---detailAdm--addressDetailDetailsName1\")]"}
RESULT: {"using":"xpath","value":"//span[contains(text(), \"WebdriverYardjjtihg\")][contains(@id ,\"application-addressmanagement-display-component---detailAdm--addressDetailDetailsName1\")]"}
COMMAND: POST /session/1d0e84f34d2a035f0d5ceb5061c1d98c/element - {"using":"xpath","value":"//span[contains(text(), \"WebdriverYardjjtihg\")][contains(@id ,\"application-addressmanagement-display-component---detailAdm--addressDetailDetailsName1\")]"}
RESULT: {"using":"xpath","value":"//span[contains(text(), \"WebdriverYardjjtihg\")][contains(@id ,\"application-addressmanagement-display-component---detailAdm--addressDetailDetailsName1\")]"}
COMMAND: GET /session/1d0e84f34d2a035f0d5ceb5061c1d98c/window/handles - {}
RESULT: {}
COMMAND: POST /session/1d0e84f34d2a035f0d5ceb5061c1d98c/window - {"handle":"8EFE20DF3268F98D5D81EB3776484EF3"}
RESULT: {"handle":"8EFE20DF3268F98D5D81EB3776484EF3"}
COMMAND: GET /session/1d0e84f34d2a035f0d5ceb5061c1d98c/url - {}
COMMAND: POST /session/1d0e84f34d2a035f0d5ceb5061c1d98c/element - {"using":"xpath","value":"//span[contains(text(), \"WebdriverYardjjtihg\")][contains(@id ,\"application-addressmanagement-display-component---detailAdm--addressDetailDetailsName1\")]"}
RESULT: {}
COMMAND: GET /session/1d0e84f34d2a035f0d5ceb5061c1d98c/screenshot - {}
RESULT: {"using":"xpath","value":"//span[contains(text(), \"WebdriverYardjjtihg\")][contains(@id ,\"application-addressmanagement-display-component---detailAdm--addressDetailDetailsName1\")]"}
RESULT: {}
COMMAND: POST /session/1d0e84f34d2a035f0d5ceb5061c1d98c/element - {"using":"xpath","value":"//span[contains(text(), \"WebdriverYardjjtihg\")][contains(@id ,\"application-addressmanagement-display-component---detailAdm--addressDetailDetailsName1\")]"}
RESULT: {"using":"xpath","value":"//span[contains(text(), \"WebdriverYardjjtihg\")][contains(@id ,\"application-addressmanagement-display-component---detailAdm--addressDetailDetailsName1\")]"}
COMMAND: POST /session/1d0e84f34d2a035f0d5ceb5061c1d98c/element - {"using":"xpath","value":"//span[contains(text(), \"WebdriverYardjjtihg\")][contains(@id ,\"application-addressmanagement-display-component---detailAdm--addressDetailDetailsName1\")]"}
RESULT: {"using":"xpath","value":"//span[contains(text(), \"WebdriverYardjjtihg\")][contains(@id ,\"application-addressmanagement-display-component---detailAdm--addressDetailDetailsName1\")]"}
COMMAND: POST /session/1d0e84f34d2a035f0d5ceb5061c1d98c/element - {"using":"xpath","value":"//span[contains(text(), \"WebdriverYardjjtihg\")][contains(@id ,\"application-addressmanagement-display-component---detailAdm--addressDetailDetailsName1\")]"}
RESULT: {"using":"xpath","value":"//span[contains(text(), \"WebdriverYardjjtihg\")][contains(@id ,\"application-addressmanagement-display-component---detailAdm--addressDetailDetailsName1\")]"}
COMMAND: POST /session/1d0e84f34d2a035f0d5ceb5061c1d98c/element - {"using":"xpath","value":"//span[contains(text(), \"WebdriverYardjjtihg\")][contains(@id ,\"application-addressmanagement-display-component---detailAdm--addressDetailDetailsName1\")]"}
RESULT: {"using":"xpath","value":"//span[contains(text(), \"WebdriverYardjjtihg\")][contains(@id ,\"application-addressmanagement-display-component---detailAdm--addressDetailDetailsName1\")]"}
COMMAND: POST /session/1d0e84f34d2a035f0d5ceb5061c1d98c/element - {"using":"xpath","value":"//span[contains(text(), \"WebdriverYardjjtihg\")][contains(@id ,\"application-addressmanagement-display-component---detailAdm--addressDetailDetailsName1\")]"}
RESULT: {"using":"xpath","value":"//span[contains(text(), \"WebdriverYardjjtihg\")][contains(@id ,\"application-addressmanagement-display-component---detailAdm--addressDetailDetailsName1\")]"}
COMMAND: POST /session/1d0e84f34d2a035f0d5ceb5061c1d98c/element - {"using":"xpath","value":"//span[contains(text(), \"WebdriverYardjjtihg\")][contains(@id ,\"application-addressmanagement-display-component---detailAdm--addressDetailDetailsName1\")]"}
RESULT: {"using":"xpath","value":"//span[contains(text(), \"WebdriverYardjjtihg\")][contains(@id ,\"application-addressmanagement-display-component---detailAdm--addressDetailDetailsName1\")]"}
COMMAND: POST /session/1d0e84f34d2a035f0d5ceb5061c1d98c/element - {"using":"xpath","value":"//span[contains(text(), \"WebdriverYardjjtihg\")][contains(@id ,\"application-addressmanagement-display-component---detailAdm--addressDetailDetailsName1\")]"}
RESULT: {"using":"xpath","value":"//span[contains(text(), \"WebdriverYardjjtihg\")][contains(@id ,\"application-addressmanagement-display-component---detailAdm--addressDetailDetailsName1\")]"}
COMMAND: POST /session/1d0e84f34d2a035f0d5ceb5061c1d98c/element - {"using":"xpath","value":"//span[contains(text(), \"WebdriverYardjjtihg\")][contains(@id ,\"application-addressmanagement-display-component---detailAdm--addressDetailDetailsName1\")]"}
RESULT: {"using":"xpath","value":"//span[contains(text(), \"WebdriverYardjjtihg\")][contains(@id ,\"application-addressmanagement-display-component---detailAdm--addressDetailDetailsName1\")]"}
COMMAND: POST /session/1d0e84f34d2a035f0d5ceb5061c1d98c/element - {"using":"xpath","value":"//span[contains(text(), \"WebdriverYardjjtihg\")][contains(@id ,\"application-addressmanagement-display-component---detailAdm--addressDetailDetailsName1\")]"}
RESULT: {"using":"xpath","value":"//span[contains(text(), \"WebdriverYardjjtihg\")][contains(@id ,\"application-addressmanagement-display-component---detailAdm--addressDetailDetailsName1\")]"}
COMMAND: POST /session/1d0e84f34d2a035f0d5ceb5061c1d98c/element - {"using":"xpath","value":"//span[contains(text(), \"WebdriverYardjjtihg\")][contains(@id ,\"application-addressmanagement-display-component---detailAdm--addressDetailDetailsName1\")]"}
RESULT: {"using":"xpath","value":"//span[contains(text(), \"WebdriverYardjjtihg\")][contains(@id ,\"application-addressmanagement-display-component---detailAdm--addressDetailDetailsName1\")]"}
COMMAND: POST /session/1d0e84f34d2a035f0d5ceb5061c1d98c/element - {"using":"xpath","value":"//span[contains(text(), \"WebdriverYardjjtihg\")][contains(@id ,\"application-addressmanagement-display-component---detailAdm--addressDetailDetailsName1\")]"}
RESULT: {"using":"xpath","value":"//span[contains(text(), \"WebdriverYardjjtihg\")][contains(@id ,\"application-addressmanagement-display-component---detailAdm--addressDetailDetailsName1\")]"}
COMMAND: POST /session/1d0e84f34d2a035f0d5ceb5061c1d98c/element - {"using":"xpath","value":"//span[contains(text(), \"WebdriverYardjjtihg\")][contains(@id ,\"application-addressmanagement-display-component---detailAdm--addressDetailDetailsName1\")]"}
RESULT: {"using":"xpath","value":"//span[contains(text(), \"WebdriverYardjjtihg\")][contains(@id ,\"application-addressmanagement-display-component---detailAdm--addressDetailDetailsName1\")]"}
COMMAND: POST /session/1d0e84f34d2a035f0d5ceb5061c1d98c/element - {"using":"xpath","value":"//span[contains(text(), \"WebdriverYardjjtihg\")][contains(@id ,\"application-addressmanagement-display-component---detailAdm--addressDetailDetailsName1\")]"}
RESULT: {"using":"xpath","value":"//span[contains(text(), \"WebdriverYardjjtihg\")][contains(@id ,\"application-addressmanagement-display-component---detailAdm--addressDetailDetailsName1\")]"}
COMMAND: POST /session/1d0e84f34d2a035f0d5ceb5061c1d98c/execute/sync - {"script":"<script> [8489 bytes]","args":[{"element-6066-11e4-a52e-4f735466cecf":"f.F6EA384F60A395BEF55DE869336FE185.d.82B44E779EF0F952EEEF51C0690D1CEF.e.3435","ELEMENT":"f.F6EA384F60A395BEF55DE869336FE185.d.82B44E779EF0F952EEEF51C0690D1CEF.e.3435"}]}
COMMAND: DELETE /session/1d0e84f34d2a035f0d5ceb5061c1d98c/window - {}
RESULT: {}
COMMAND: POST /session/1d0e84f34d2a035f0d5ceb5061c1d98c/window - {"handle":"F6EA384F60A395BEF55DE869336FE185"}
RESULT: {"handle":"F6EA384F60A395BEF55DE869336FE185"}
COMMAND: GET /session/1d0e84f34d2a035f0d5ceb5061c1d98c/url - {}
RESULT: {}
COMMAND: POST /session/1d0e84f34d2a035f0d5ceb5061c1d98c/element - {"using":"xpath","value":"//span[contains(@id ,\"title\")][contains(text(), \"WebdriverYard3n8g7\")]"}
COMMAND: GET /session/1d0e84f34d2a035f0d5ceb5061c1d98c/screenshot - {}
COMMAND: POST /session/1d0e84f34d2a035f0d5ceb5061c1d98c/element - {"using":"xpath","value":"//span[contains(text(), \"WebdriverYardjjtihg\")][contains(@id ,\"application-addressmanagement-display-component---detailAdm--addressDetailDetailsName1\")]"}
RESULT: {"using":"xpath","value":"//span[contains(@id ,\"title\")][contains(text(), \"WebdriverYard3n8g7\")]"}
COMMAND: POST /session/1d0e84f34d2a035f0d5ceb5061c1d98c/execute/sync - {"script":"<script> [8489 bytes]","args":[{"element-6066-11e4-a52e-4f735466cecf":"f.F6EA384F60A395BEF55DE869336FE185.d.82B44E779EF0F952EEEF51C0690D1CEF.e.3892","ELEMENT":"f.F6EA384F60A395BEF55DE869336FE185.d.82B44E779EF0F952EEEF51C0690D1CEF.e.3892"}]}
RESULT: {}
RESULT: {"using":"xpath","value":"//span[contains(text(), \"WebdriverYardjjtihg\")][contains(@id ,\"application-addressmanagement-display-component---detailAdm--addressDetailDetailsName1\")]"}
RESULT: {"script":"<script> [8489 bytes]","args":[{"element-6066-11e4-a52e-4f735466cecf":"f.F6EA384F60A395BEF55DE869336FE185.d.82B44E779EF0F952EEEF51C0690D1CEF.e.3892","ELEMENT":"f.F6EA384F60A395BEF55DE869336FE185.d.82B44E779EF0F952EEEF51C0690D1CEF.e.3892"}]}
COMMAND: GET /session/1d0e84f34d2a035f0d5ceb5061c1d98c/screenshot - {}
RESULT: {}
COMMAND: POST /session/1d0e84f34d2a035f0d5ceb5061c1d98c/element - {"using":"xpath","value":"//span[contains(text(), \"WebdriverYardjjtihg\")][contains(@id ,\"application-addressmanagement-display-component---detailAdm--addressDetailDetailsName1\")]"}
RESULT: {"using":"xpath","value":"//span[contains(text(), \"WebdriverYardjjtihg\")][contains(@id ,\"application-addressmanagement-display-component---detailAdm--addressDetailDetailsName1\")]"}
COMMAND: POST /session/1d0e84f34d2a035f0d5ceb5061c1d98c/element - {"using":"xpath","value":"//span[contains(text(), \"WebdriverYardjjtihg\")][contains(@id ,\"application-addressmanagement-display-component---detailAdm--addressDetailDetailsName1\")]"}
RESULT: {"using":"xpath","value":"//span[contains(text(), \"WebdriverYardjjtihg\")][contains(@id ,\"application-addressmanagement-display-component---detailAdm--addressDetailDetailsName1\")]"}
COMMAND: POST /session/1d0e84f34d2a035f0d5ceb5061c1d98c/element - {"using":"xpath","value":"//span[contains(text(), \"WebdriverYardjjtihg\")][contains(@id ,\"application-addressmanagement-display-component---detailAdm--addressDetailDetailsName1\")]"}
RESULT: {"using":"xpath","value":"//span[contains(text(), \"WebdriverYardjjtihg\")][contains(@id ,\"application-addressmanagement-display-component---detailAdm--addressDetailDetailsName1\")]"}
COMMAND: POST /session/1d0e84f34d2a035f0d5ceb5061c1d98c/element - {"using":"xpath","value":"//span[contains(text(), \"WebdriverYardjjtihg\")][contains(@id ,\"application-addressmanagement-display-component---detailAdm--addressDetailDetailsName1\")]"}
RESULT: {"using":"xpath","value":"//span[contains(text(), \"WebdriverYardjjtihg\")][contains(@id ,\"application-addressmanagement-display-component---detailAdm--addressDetailDetailsName1\")]"}
COMMAND: POST /session/1d0e84f34d2a035f0d5ceb5061c1d98c/element - {"using":"xpath","value":"//span[contains(text(), \"WebdriverYardjjtihg\")][contains(@id ,\"application-addressmanagement-display-component---detailAdm--addressDetailDetailsName1\")]"}
RESULT: {"using":"xpath","value":"//span[contains(text(), \"WebdriverYardjjtihg\")][contains(@id ,\"application-addressmanagement-display-component---detailAdm--addressDetailDetailsName1\")]"}
COMMAND: POST /session/1d0e84f34d2a035f0d5ceb5061c1d98c/element - {"using":"xpath","value":"//span[contains(text(), \"WebdriverYardjjtihg\")][contains(@id ,\"application-addressmanagement-display-component---detailAdm--addressDetailDetailsName1\")]"}
RESULT: {"using":"xpath","value":"//span[contains(text(), \"WebdriverYardjjtihg\")][contains(@id ,\"application-addressmanagement-display-component---detailAdm--addressDetailDetailsName1\")]"}
COMMAND: POST /session/1d0e84f34d2a035f0d5ceb5061c1d98c/element - {"using":"xpath","value":"//span[contains(text(), \"WebdriverYardjjtihg\")][contains(@id ,\"application-addressmanagement-display-component---detailAdm--addressDetailDetailsName1\")]"}
RESULT: {"using":"xpath","value":"//span[contains(text(), \"WebdriverYardjjtihg\")][contains(@id ,\"application-addressmanagement-display-component---detailAdm--addressDetailDetailsName1\")]"}
COMMAND: POST /session/1d0e84f34d2a035f0d5ceb5061c1d98c/element - {"using":"xpath","value":"//span[contains(text(), \"WebdriverYardjjtihg\")][contains(@id ,\"application-addressmanagement-display-component---detailAdm--addressDetailDetailsName1\")]"}
RESULT: {"using":"xpath","value":"//span[contains(text(), \"WebdriverYardjjtihg\")][contains(@id ,\"application-addressmanagement-display-component---detailAdm--addressDetailDetailsName1\")]"}
COMMAND: POST /session/1d0e84f34d2a035f0d5ceb5061c1d98c/element - {"using":"xpath","value":"//button[contains(@data-kt ,\"ContextMenuExternalId3Link\")]"}
RESULT: {"using":"xpath","value":"//button[contains(@data-kt ,\"ContextMenuExternalId3Link\")]"}
COMMAND: POST /session/1d0e84f34d2a035f0d5ceb5061c1d98c/element/f.F6EA384F60A395BEF55DE869336FE185.d.82B44E779EF0F952EEEF51C0690D1CEF.e.3893/click - {}
COMMAND: POST /session/1d0e84f34d2a035f0d5ceb5061c1d98c/element - {"using":"xpath","value":"//span[contains(text(), \"WebdriverYardjjtihg\")][contains(@id ,\"application-addressmanagement-display-component---detailAdm--addressDetailDetailsName1\")]"}
RESULT: {}
COMMAND: GET /session/1d0e84f34d2a035f0d5ceb5061c1d98c/screenshot - {}
RESULT: {"using":"xpath","value":"//span[contains(text(), \"WebdriverYardjjtihg\")][contains(@id ,\"application-addressmanagement-display-component---detailAdm--addressDetailDetailsName1\")]"}
RESULT: {}
COMMAND: POST /session/1d0e84f34d2a035f0d5ceb5061c1d98c/element - {"using":"xpath","value":"//span[contains(text(), \"WebdriverYardjjtihg\")][contains(@id ,\"application-addressmanagement-display-component---detailAdm--addressDetailDetailsName1\")]"}
RESULT: {"using":"xpath","value":"//span[contains(text(), \"WebdriverYardjjtihg\")][contains(@id ,\"application-addressmanagement-display-component---detailAdm--addressDetailDetailsName1\")]"}
COMMAND: POST /session/1d0e84f34d2a035f0d5ceb5061c1d98c/element - {"using":"xpath","value":"//span[contains(text(), \"WebdriverYardjjtihg\")][contains(@id ,\"application-addressmanagement-display-component---detailAdm--addressDetailDetailsName1\")]"}
RESULT: {"using":"xpath","value":"//span[contains(text(), \"WebdriverYardjjtihg\")][contains(@id ,\"application-addressmanagement-display-component---detailAdm--addressDetailDetailsName1\")]"}
COMMAND: POST /session/1d0e84f34d2a035f0d5ceb5061c1d98c/element - {"using":"xpath","value":"//span[contains(text(), \"WebdriverYardjjtihg\")][contains(@id ,\"application-addressmanagement-display-component---detailAdm--addressDetailDetailsName1\")]"}
RESULT: {"using":"xpath","value":"//span[contains(text(), \"WebdriverYardjjtihg\")][contains(@id ,\"application-addressmanagement-display-component---detailAdm--addressDetailDetailsName1\")]"}
COMMAND: POST /session/1d0e84f34d2a035f0d5ceb5061c1d98c/element - {"using":"xpath","value":"//span[contains(text(), \"WebdriverYardjjtihg\")][contains(@id ,\"application-addressmanagement-display-component---detailAdm--addressDetailDetailsName1\")]"}
RESULT: {"using":"xpath","value":"//span[contains(text(), \"WebdriverYardjjtihg\")][contains(@id ,\"application-addressmanagement-display-component---detailAdm--addressDetailDetailsName1\")]"}
COMMAND: POST /session/1d0e84f34d2a035f0d5ceb5061c1d98c/element - {"using":"xpath","value":"//span[contains(text(), \"WebdriverYardjjtihg\")][contains(@id ,\"application-addressmanagement-display-component---detailAdm--addressDetailDetailsName1\")]"}
RESULT: {"using":"xpath","value":"//span[contains(text(), \"WebdriverYardjjtihg\")][contains(@id ,\"application-addressmanagement-display-component---detailAdm--addressDetailDetailsName1\")]"}
COMMAND: POST /session/1d0e84f34d2a035f0d5ceb5061c1d98c/element - {"using":"xpath","value":"//span[contains(text(), \"WebdriverYardjjtihg\")][contains(@id ,\"application-addressmanagement-display-component---detailAdm--addressDetailDetailsName1\")]"}
RESULT: {"using":"xpath","value":"//span[contains(text(), \"WebdriverYardjjtihg\")][contains(@id ,\"application-addressmanagement-display-component---detailAdm--addressDetailDetailsName1\")]"}
COMMAND: POST /session/1d0e84f34d2a035f0d5ceb5061c1d98c/element - {"using":"xpath","value":"//span[contains(text(), \"WebdriverYardjjtihg\")][contains(@id ,\"application-addressmanagement-display-component---detailAdm--addressDetailDetailsName1\")]"}
RESULT: {"using":"xpath","value":"//span[contains(text(), \"WebdriverYardjjtihg\")][contains(@id ,\"application-addressmanagement-display-component---detailAdm--addressDetailDetailsName1\")]"}
COMMAND: POST /session/1d0e84f34d2a035f0d5ceb5061c1d98c/element - {"using":"xpath","value":"//span[contains(text(), \"WebdriverYardjjtihg\")][contains(@id ,\"application-addressmanagement-display-component---detailAdm--addressDetailDetailsName1\")]"}
RESULT: {"using":"xpath","value":"//span[contains(text(), \"WebdriverYardjjtihg\")][contains(@id ,\"application-addressmanagement-display-component---detailAdm--addressDetailDetailsName1\")]"}
COMMAND: POST /session/1d0e84f34d2a035f0d5ceb5061c1d98c/element - {"using":"xpath","value":"//span[contains(text(), \"WebdriverYardjjtihg\")][contains(@id ,\"application-addressmanagement-display-component---detailAdm--addressDetailDetailsName1\")]"}
RESULT: {"using":"xpath","value":"//span[contains(text(), \"WebdriverYardjjtihg\")][contains(@id ,\"application-addressmanagement-display-component---detailAdm--addressDetailDetailsName1\")]"}
COMMAND: POST /session/1d0e84f34d2a035f0d5ceb5061c1d98c/element - {"using":"xpath","value":"//span[contains(text(), \"WebdriverYardjjtihg\")][contains(@id ,\"application-addressmanagement-display-component---detailAdm--addressDetailDetailsName1\")]"}
RESULT: {"using":"xpath","value":"//span[contains(text(), \"WebdriverYardjjtihg\")][contains(@id ,\"application-addressmanagement-display-component---detailAdm--addressDetailDetailsName1\")]"}
COMMAND: POST /session/1d0e84f34d2a035f0d5ceb5061c1d98c/element - {"using":"xpath","value":"//span[contains(text(), \"WebdriverYardjjtihg\")][contains(@id ,\"application-addressmanagement-display-component---detailAdm--addressDetailDetailsName1\")]"}
RESULT: {"using":"xpath","value":"//span[contains(text(), \"WebdriverYardjjtihg\")][contains(@id ,\"application-addressmanagement-display-component---detailAdm--addressDetailDetailsName1\")]"}
COMMAND: GET /session/1d0e84f34d2a035f0d5ceb5061c1d98c/window/handles - {}
RESULT: {}
COMMAND: POST /session/1d0e84f34d2a035f0d5ceb5061c1d98c/window - {"handle":"DBD69D2FFA6D161C29557814B70637DE"}
RESULT: {"handle":"DBD69D2FFA6D161C29557814B70637DE"}
COMMAND: GET /session/1d0e84f34d2a035f0d5ceb5061c1d98c/url - {}
RESULT: {}
COMMAND: GET /session/1d0e84f34d2a035f0d5ceb5061c1d98c/screenshot - {}
RESULT: {}
COMMAND: POST /session/1d0e84f34d2a035f0d5ceb5061c1d98c/element - {"using":"xpath","value":"//span[contains(text(), \"WebdriverYardjjtihg\")][contains(@id ,\"application-addressmanagement-display-component---detailAdm--addressDetailDetailsName1\")]"}
COMMAND: DELETE /session/1d0e84f34d2a035f0d5ceb5061c1d98c/window - {}
RESULT: {}
COMMAND: POST /session/1d0e84f34d2a035f0d5ceb5061c1d98c/window - {"handle":"F6EA384F60A395BEF55DE869336FE185"}
RESULT: {"handle":"F6EA384F60A395BEF55DE869336FE185"}
COMMAND: GET /session/1d0e84f34d2a035f0d5ceb5061c1d98c/url - {}
RESULT: {"using":"xpath","value":"//span[contains(text(), \"WebdriverYardjjtihg\")][contains(@id ,\"application-addressmanagement-display-component---detailAdm--addressDetailDetailsName1\")]"}
RESULT: {}
COMMAND: GET /session/1d0e84f34d2a035f0d5ceb5061c1d98c/screenshot - {}
RESULT: {}
COMMAND: POST /session/1d0e84f34d2a035f0d5ceb5061c1d98c/element - {"using":"xpath","value":"//span[contains(text(), \"WebdriverYardjjtihg\")][contains(@id ,\"application-addressmanagement-display-component---detailAdm--addressDetailDetailsName1\")]"}
RESULT: {"using":"xpath","value":"//span[contains(text(), \"WebdriverYardjjtihg\")][contains(@id ,\"application-addressmanagement-display-component---detailAdm--addressDetailDetailsName1\")]"}
COMMAND: POST /session/1d0e84f34d2a035f0d5ceb5061c1d98c/element - {"using":"xpath","value":"//span[contains(text(), \"WebdriverYardjjtihg\")][contains(@id ,\"application-addressmanagement-display-component---detailAdm--addressDetailDetailsName1\")]"}
RESULT: {"using":"xpath","value":"//span[contains(text(), \"WebdriverYardjjtihg\")][contains(@id ,\"application-addressmanagement-display-component---detailAdm--addressDetailDetailsName1\")]"}
COMMAND: POST /session/1d0e84f34d2a035f0d5ceb5061c1d98c/element - {"using":"xpath","value":"//span[contains(text(), \"WebdriverYardjjtihg\")][contains(@id ,\"application-addressmanagement-display-component---detailAdm--addressDetailDetailsName1\")]"}
RESULT: {"using":"xpath","value":"//span[contains(text(), \"WebdriverYardjjtihg\")][contains(@id ,\"application-addressmanagement-display-component---detailAdm--addressDetailDetailsName1\")]"}
COMMAND: POST /session/1d0e84f34d2a035f0d5ceb5061c1d98c/element - {"using":"xpath","value":"//span[contains(text(), \"WebdriverYardjjtihg\")][contains(@id ,\"application-addressmanagement-display-component---detailAdm--addressDetailDetailsName1\")]"}
RESULT: {"using":"xpath","value":"//span[contains(text(), \"WebdriverYardjjtihg\")][contains(@id ,\"application-addressmanagement-display-component---detailAdm--addressDetailDetailsName1\")]"}
COMMAND: POST /session/1d0e84f34d2a035f0d5ceb5061c1d98c/element - {"using":"xpath","value":"//span[contains(text(), \"WebdriverYardjjtihg\")][contains(@id ,\"application-addressmanagement-display-component---detailAdm--addressDetailDetailsName1\")]"}
RESULT: {"using":"xpath","value":"//span[contains(text(), \"WebdriverYardjjtihg\")][contains(@id ,\"application-addressmanagement-display-component---detailAdm--addressDetailDetailsName1\")]"}
COMMAND: POST /session/1d0e84f34d2a035f0d5ceb5061c1d98c/element - {"using":"xpath","value":"//span[contains(text(), \"WebdriverYardjjtihg\")][contains(@id ,\"application-addressmanagement-display-component---detailAdm--addressDetailDetailsName1\")]"}
RESULT: {"using":"xpath","value":"//span[contains(text(), \"WebdriverYardjjtihg\")][contains(@id ,\"application-addressmanagement-display-component---detailAdm--addressDetailDetailsName1\")]"}
COMMAND: POST /session/1d0e84f34d2a035f0d5ceb5061c1d98c/element - {"using":"xpath","value":"//span[contains(text(), \"WebdriverYardjjtihg\")][contains(@id ,\"application-addressmanagement-display-component---detailAdm--addressDetailDetailsName1\")]"}
RESULT: {"using":"xpath","value":"//span[contains(text(), \"WebdriverYardjjtihg\")][contains(@id ,\"application-addressmanagement-display-component---detailAdm--addressDetailDetailsName1\")]"}
COMMAND: POST /session/1d0e84f34d2a035f0d5ceb5061c1d98c/element - {"using":"xpath","value":"//span[contains(text(), \"WebdriverYardjjtihg\")][contains(@id ,\"application-addressmanagement-display-component---detailAdm--addressDetailDetailsName1\")]"}
RESULT: {"using":"xpath","value":"//span[contains(text(), \"WebdriverYardjjtihg\")][contains(@id ,\"application-addressmanagement-display-component---detailAdm--addressDetailDetailsName1\")]"}
COMMAND: POST /session/1d0e84f34d2a035f0d5ceb5061c1d98c/element - {"using":"xpath","value":"//span[contains(text(), \"WebdriverYardjjtihg\")][contains(@id ,\"application-addressmanagement-display-component---detailAdm--addressDetailDetailsName1\")]"}
RESULT: {"using":"xpath","value":"//span[contains(text(), \"WebdriverYardjjtihg\")][contains(@id ,\"application-addressmanagement-display-component---detailAdm--addressDetailDetailsName1\")]"}
]]></system-out>
    </testcase>
    <testcase classname="chrome.136_0_7103_93.windows.Webshop_-_Hyperlinks_visible_and_working_properly__US139085" name="Shpuld verify site hyperlinks" time="203.841">
      <system-out><![CDATA[
COMMAND: POST /session/1d0e84f34d2a035f0d5ceb5061c1d98c/element - {"using":"xpath","value":"//*[contains(@data-kt ,\"webshopDetailSiteLink\")]"}
RESULT: {"using":"xpath","value":"//*[contains(@data-kt ,\"webshopDetailSiteLink\")]"}
COMMAND: POST /session/1d0e84f34d2a035f0d5ceb5061c1d98c/execute/sync - {"script":"<script> [8489 bytes]","args":[{"element-6066-11e4-a52e-4f735466cecf":"f.F6EA384F60A395BEF55DE869336FE185.d.82B44E779EF0F952EEEF51C0690D1CEF.e.4100","ELEMENT":"f.F6EA384F60A395BEF55DE869336FE185.d.82B44E779EF0F952EEEF51C0690D1CEF.e.4100"}]}
COMMAND: POST /session/1d0e84f34d2a035f0d5ceb5061c1d98c/element - {"using":"xpath","value":"//span[contains(text(), \"WebdriverYardjjtihg\")][contains(@id ,\"application-addressmanagement-display-component---detailAdm--addressDetailDetailsName1\")]"}
RESULT: {"script":"<script> [8489 bytes]","args":[{"element-6066-11e4-a52e-4f735466cecf":"f.F6EA384F60A395BEF55DE869336FE185.d.82B44E779EF0F952EEEF51C0690D1CEF.e.4100","ELEMENT":"f.F6EA384F60A395BEF55DE869336FE185.d.82B44E779EF0F952EEEF51C0690D1CEF.e.4100"}]}
COMMAND: POST /session/1d0e84f34d2a035f0d5ceb5061c1d98c/execute/sync - {"script":"<script> [5351 bytes]","args":[{"element-6066-11e4-a52e-4f735466cecf":"f.F6EA384F60A395BEF55DE869336FE185.d.82B44E779EF0F952EEEF51C0690D1CEF.e.4100","ELEMENT":"f.F6EA384F60A395BEF55DE869336FE185.d.82B44E779EF0F952EEEF51C0690D1CEF.e.4100"}]}
COMMAND: GET /session/1d0e84f34d2a035f0d5ceb5061c1d98c/screenshot - {}
RESULT: {"using":"xpath","value":"//span[contains(text(), \"WebdriverYardjjtihg\")][contains(@id ,\"application-addressmanagement-display-component---detailAdm--addressDetailDetailsName1\")]"}
RESULT: {"script":"<script> [5351 bytes]","args":[{"element-6066-11e4-a52e-4f735466cecf":"f.F6EA384F60A395BEF55DE869336FE185.d.82B44E779EF0F952EEEF51C0690D1CEF.e.4100","ELEMENT":"f.F6EA384F60A395BEF55DE869336FE185.d.82B44E779EF0F952EEEF51C0690D1CEF.e.4100"}]}
COMMAND: POST /session/1d0e84f34d2a035f0d5ceb5061c1d98c/element - {"using":"xpath","value":"//*[contains(@data-kt ,\"webshopDetailSiteLink\")]"}
COMMAND: GET /session/1d0e84f34d2a035f0d5ceb5061c1d98c/screenshot - {}
COMMAND: POST /session/1d0e84f34d2a035f0d5ceb5061c1d98c/element - {"using":"xpath","value":"//span[contains(text(), \"WebdriverYardjjtihg\")][contains(@id ,\"application-addressmanagement-display-component---detailAdm--addressDetailDetailsName1\")]"}
RESULT: {}
RESULT: {"using":"xpath","value":"//*[contains(@data-kt ,\"webshopDetailSiteLink\")]"}
COMMAND: POST /session/1d0e84f34d2a035f0d5ceb5061c1d98c/element/f.F6EA384F60A395BEF55DE869336FE185.d.82B44E779EF0F952EEEF51C0690D1CEF.e.4100/click - {}
RESULT: {}
RESULT: {"using":"xpath","value":"//span[contains(text(), \"WebdriverYardjjtihg\")][contains(@id ,\"application-addressmanagement-display-component---detailAdm--addressDetailDetailsName1\")]"}
RESULT: {}
COMMAND: GET /session/1d0e84f34d2a035f0d5ceb5061c1d98c/screenshot - {}
RESULT: {}
COMMAND: POST /session/1d0e84f34d2a035f0d5ceb5061c1d98c/element - {"using":"xpath","value":"//span[contains(text(), \"WebdriverYardjjtihg\")][contains(@id ,\"application-addressmanagement-display-component---detailAdm--addressDetailDetailsName1\")]"}
RESULT: {"using":"xpath","value":"//span[contains(text(), \"WebdriverYardjjtihg\")][contains(@id ,\"application-addressmanagement-display-component---detailAdm--addressDetailDetailsName1\")]"}
COMMAND: POST /session/1d0e84f34d2a035f0d5ceb5061c1d98c/element - {"using":"xpath","value":"//span[contains(text(), \"WebdriverYardjjtihg\")][contains(@id ,\"application-addressmanagement-display-component---detailAdm--addressDetailDetailsName1\")]"}
RESULT: {"using":"xpath","value":"//span[contains(text(), \"WebdriverYardjjtihg\")][contains(@id ,\"application-addressmanagement-display-component---detailAdm--addressDetailDetailsName1\")]"}
COMMAND: POST /session/1d0e84f34d2a035f0d5ceb5061c1d98c/element - {"using":"xpath","value":"//span[contains(text(), \"WebdriverYardjjtihg\")][contains(@id ,\"application-addressmanagement-display-component---detailAdm--addressDetailDetailsName1\")]"}
RESULT: {"using":"xpath","value":"//span[contains(text(), \"WebdriverYardjjtihg\")][contains(@id ,\"application-addressmanagement-display-component---detailAdm--addressDetailDetailsName1\")]"}
COMMAND: POST /session/1d0e84f34d2a035f0d5ceb5061c1d98c/element - {"using":"xpath","value":"//span[contains(text(), \"WebdriverYardjjtihg\")][contains(@id ,\"application-addressmanagement-display-component---detailAdm--addressDetailDetailsName1\")]"}
RESULT: {"using":"xpath","value":"//span[contains(text(), \"WebdriverYardjjtihg\")][contains(@id ,\"application-addressmanagement-display-component---detailAdm--addressDetailDetailsName1\")]"}
COMMAND: POST /session/1d0e84f34d2a035f0d5ceb5061c1d98c/element - {"using":"xpath","value":"//*[contains(@data-kt ,\"ContextMenuIdLink\")][contains(text(), \"Manage Site\")]"}
RESULT: {"using":"xpath","value":"//*[contains(@data-kt ,\"ContextMenuIdLink\")][contains(text(), \"Manage Site\")]"}
COMMAND: POST /session/1d0e84f34d2a035f0d5ceb5061c1d98c/execute/sync - {"script":"<script> [8489 bytes]","args":[{"element-6066-11e4-a52e-4f735466cecf":"f.F6EA384F60A395BEF55DE869336FE185.d.82B44E779EF0F952EEEF51C0690D1CEF.e.4102","ELEMENT":"f.F6EA384F60A395BEF55DE869336FE185.d.82B44E779EF0F952EEEF51C0690D1CEF.e.4102"}]}
COMMAND: POST /session/1d0e84f34d2a035f0d5ceb5061c1d98c/element - {"using":"xpath","value":"//*[contains(@data-kt ,\"ContextMenuId2Link\")][contains(text(), \"Site Overview\")]"}
RESULT: {"using":"xpath","value":"//*[contains(@data-kt ,\"ContextMenuId2Link\")][contains(text(), \"Site Overview\")]"}
COMMAND: POST /session/1d0e84f34d2a035f0d5ceb5061c1d98c/execute/sync - {"script":"<script> [8489 bytes]","args":[{"element-6066-11e4-a52e-4f735466cecf":"f.F6EA384F60A395BEF55DE869336FE185.d.82B44E779EF0F952EEEF51C0690D1CEF.e.4103","ELEMENT":"f.F6EA384F60A395BEF55DE869336FE185.d.82B44E779EF0F952EEEF51C0690D1CEF.e.4103"}]}
COMMAND: POST /session/1d0e84f34d2a035f0d5ceb5061c1d98c/element - {"using":"xpath","value":"//*[contains(@data-kt ,\"ContextMenuId3Link\")][contains(text(), \"Site Main Address\")]"}
RESULT: {"script":"<script> [8489 bytes]","args":[{"element-6066-11e4-a52e-4f735466cecf":"f.F6EA384F60A395BEF55DE869336FE185.d.82B44E779EF0F952EEEF51C0690D1CEF.e.4102","ELEMENT":"f.F6EA384F60A395BEF55DE869336FE185.d.82B44E779EF0F952EEEF51C0690D1CEF.e.4102"}]}
COMMAND: GET /session/1d0e84f34d2a035f0d5ceb5061c1d98c/screenshot - {}
RESULT: {"script":"<script> [8489 bytes]","args":[{"element-6066-11e4-a52e-4f735466cecf":"f.F6EA384F60A395BEF55DE869336FE185.d.82B44E779EF0F952EEEF51C0690D1CEF.e.4103","ELEMENT":"f.F6EA384F60A395BEF55DE869336FE185.d.82B44E779EF0F952EEEF51C0690D1CEF.e.4103"}]}
COMMAND: GET /session/1d0e84f34d2a035f0d5ceb5061c1d98c/screenshot - {}
RESULT: {"using":"xpath","value":"//*[contains(@data-kt ,\"ContextMenuId3Link\")][contains(text(), \"Site Main Address\")]"}
COMMAND: POST /session/1d0e84f34d2a035f0d5ceb5061c1d98c/execute/sync - {"script":"<script> [8489 bytes]","args":[{"element-6066-11e4-a52e-4f735466cecf":"f.F6EA384F60A395BEF55DE869336FE185.d.82B44E779EF0F952EEEF51C0690D1CEF.e.4104","ELEMENT":"f.F6EA384F60A395BEF55DE869336FE185.d.82B44E779EF0F952EEEF51C0690D1CEF.e.4104"}]}
COMMAND: POST /session/1d0e84f34d2a035f0d5ceb5061c1d98c/element/f.F6EA384F60A395BEF55DE869336FE185.d.82B44E779EF0F952EEEF51C0690D1CEF.e.4102/click - {}
RESULT: {}
COMMAND: POST /session/1d0e84f34d2a035f0d5ceb5061c1d98c/element - {"using":"xpath","value":"//span[contains(text(), \"WebdriverYardjjtihg\")][contains(@id ,\"application-addressmanagement-display-component---detailAdm--addressDetailDetailsName1\")]"}
RESULT: {}
RESULT: {"script":"<script> [8489 bytes]","args":[{"element-6066-11e4-a52e-4f735466cecf":"f.F6EA384F60A395BEF55DE869336FE185.d.82B44E779EF0F952EEEF51C0690D1CEF.e.4104","ELEMENT":"f.F6EA384F60A395BEF55DE869336FE185.d.82B44E779EF0F952EEEF51C0690D1CEF.e.4104"}]}
COMMAND: GET /session/1d0e84f34d2a035f0d5ceb5061c1d98c/screenshot - {}
RESULT: {}
COMMAND: GET /session/1d0e84f34d2a035f0d5ceb5061c1d98c/screenshot - {}
RESULT: {"using":"xpath","value":"//span[contains(text(), \"WebdriverYardjjtihg\")][contains(@id ,\"application-addressmanagement-display-component---detailAdm--addressDetailDetailsName1\")]"}
COMMAND: POST /session/1d0e84f34d2a035f0d5ceb5061c1d98c/element - {"using":"xpath","value":"//span[contains(text(), \"WebdriverYardjjtihg\")][contains(@id ,\"application-addressmanagement-display-component---detailAdm--addressDetailDetailsName1\")]"}
RESULT: {}
RESULT: {}
RESULT: {"using":"xpath","value":"//span[contains(text(), \"WebdriverYardjjtihg\")][contains(@id ,\"application-addressmanagement-display-component---detailAdm--addressDetailDetailsName1\")]"}
COMMAND: POST /session/1d0e84f34d2a035f0d5ceb5061c1d98c/element - {"using":"xpath","value":"//span[contains(text(), \"WebdriverYardjjtihg\")][contains(@id ,\"application-addressmanagement-display-component---detailAdm--addressDetailDetailsName1\")]"}
RESULT: {"using":"xpath","value":"//span[contains(text(), \"WebdriverYardjjtihg\")][contains(@id ,\"application-addressmanagement-display-component---detailAdm--addressDetailDetailsName1\")]"}
COMMAND: POST /session/1d0e84f34d2a035f0d5ceb5061c1d98c/element - {"using":"xpath","value":"//span[contains(text(), \"WebdriverYardjjtihg\")][contains(@id ,\"application-addressmanagement-display-component---detailAdm--addressDetailDetailsName1\")]"}
RESULT: {"using":"xpath","value":"//span[contains(text(), \"WebdriverYardjjtihg\")][contains(@id ,\"application-addressmanagement-display-component---detailAdm--addressDetailDetailsName1\")]"}
COMMAND: POST /session/1d0e84f34d2a035f0d5ceb5061c1d98c/element - {"using":"xpath","value":"//span[contains(text(), \"WebdriverYardjjtihg\")][contains(@id ,\"application-addressmanagement-display-component---detailAdm--addressDetailDetailsName1\")]"}
RESULT: {"using":"xpath","value":"//span[contains(text(), \"WebdriverYardjjtihg\")][contains(@id ,\"application-addressmanagement-display-component---detailAdm--addressDetailDetailsName1\")]"}
COMMAND: POST /session/1d0e84f34d2a035f0d5ceb5061c1d98c/element - {"using":"xpath","value":"//span[contains(text(), \"WebdriverYardjjtihg\")][contains(@id ,\"application-addressmanagement-display-component---detailAdm--addressDetailDetailsName1\")]"}
RESULT: {"using":"xpath","value":"//span[contains(text(), \"WebdriverYardjjtihg\")][contains(@id ,\"application-addressmanagement-display-component---detailAdm--addressDetailDetailsName1\")]"}
COMMAND: POST /session/1d0e84f34d2a035f0d5ceb5061c1d98c/element - {"using":"xpath","value":"//span[contains(text(), \"WebdriverYardjjtihg\")][contains(@id ,\"application-addressmanagement-display-component---detailAdm--addressDetailDetailsName1\")]"}
RESULT: {"using":"xpath","value":"//span[contains(text(), \"WebdriverYardjjtihg\")][contains(@id ,\"application-addressmanagement-display-component---detailAdm--addressDetailDetailsName1\")]"}
COMMAND: POST /session/1d0e84f34d2a035f0d5ceb5061c1d98c/element - {"using":"xpath","value":"//span[contains(text(), \"WebdriverYardjjtihg\")][contains(@id ,\"application-addressmanagement-display-component---detailAdm--addressDetailDetailsName1\")]"}
RESULT: {"using":"xpath","value":"//span[contains(text(), \"WebdriverYardjjtihg\")][contains(@id ,\"application-addressmanagement-display-component---detailAdm--addressDetailDetailsName1\")]"}
COMMAND: POST /session/1d0e84f34d2a035f0d5ceb5061c1d98c/element - {"using":"xpath","value":"//span[contains(text(), \"WebdriverYardjjtihg\")][contains(@id ,\"application-addressmanagement-display-component---detailAdm--addressDetailDetailsName1\")]"}
RESULT: {"using":"xpath","value":"//span[contains(text(), \"WebdriverYardjjtihg\")][contains(@id ,\"application-addressmanagement-display-component---detailAdm--addressDetailDetailsName1\")]"}
COMMAND: POST /session/1d0e84f34d2a035f0d5ceb5061c1d98c/element - {"using":"xpath","value":"//span[contains(text(), \"WebdriverYardjjtihg\")][contains(@id ,\"application-addressmanagement-display-component---detailAdm--addressDetailDetailsName1\")]"}
RESULT: {"using":"xpath","value":"//span[contains(text(), \"WebdriverYardjjtihg\")][contains(@id ,\"application-addressmanagement-display-component---detailAdm--addressDetailDetailsName1\")]"}
COMMAND: POST /session/1d0e84f34d2a035f0d5ceb5061c1d98c/element - {"using":"xpath","value":"//span[contains(text(), \"WebdriverYardjjtihg\")][contains(@id ,\"application-addressmanagement-display-component---detailAdm--addressDetailDetailsName1\")]"}
RESULT: {"using":"xpath","value":"//span[contains(text(), \"WebdriverYardjjtihg\")][contains(@id ,\"application-addressmanagement-display-component---detailAdm--addressDetailDetailsName1\")]"}
COMMAND: POST /session/1d0e84f34d2a035f0d5ceb5061c1d98c/element - {"using":"xpath","value":"//span[contains(text(), \"WebdriverYardjjtihg\")][contains(@id ,\"application-addressmanagement-display-component---detailAdm--addressDetailDetailsName1\")]"}
RESULT: {"using":"xpath","value":"//span[contains(text(), \"WebdriverYardjjtihg\")][contains(@id ,\"application-addressmanagement-display-component---detailAdm--addressDetailDetailsName1\")]"}
COMMAND: POST /session/1d0e84f34d2a035f0d5ceb5061c1d98c/element - {"using":"xpath","value":"//span[contains(text(), \"WebdriverYardjjtihg\")][contains(@id ,\"application-addressmanagement-display-component---detailAdm--addressDetailDetailsName1\")]"}
RESULT: {"using":"xpath","value":"//span[contains(text(), \"WebdriverYardjjtihg\")][contains(@id ,\"application-addressmanagement-display-component---detailAdm--addressDetailDetailsName1\")]"}
COMMAND: POST /session/1d0e84f34d2a035f0d5ceb5061c1d98c/execute/async - {"script":"<script> [1562 bytes]","args":[{"selector":{"controlType":"sap.m.Title","viewName":"etm.portal.ui.managesites.view.Master","viewId":"application-managesites-display-component---masterSite","i18NText":{"propertyName":"text","key":"sites"}},"wdio_ui5_key":"etmportal.ui.managesites.view.Mastersap.m.Title{\"propertyName\":\"text\",\"key\":\"sites\"}"}]}
COMMAND: POST /session/1d0e84f34d2a035f0d5ceb5061c1d98c/element - {"using":"xpath","value":"//span[contains(text(), \"WebdriverYardjjtihg\")][contains(@id ,\"application-addressmanagement-display-component---detailAdm--addressDetailDetailsName1\")]"}
RESULT: {"script":"<script> [1562 bytes]","args":[{"selector":{"controlType":"sap.m.Title","viewName":"etm.portal.ui.managesites.view.Master","viewId":"application-managesites-display-component---masterSite","i18NText":{"propertyName":"text","key":"sites"}},"wdio_ui5_key":"etmportal.ui.managesites.view.Mastersap.m.Title{\"propertyName\":\"text\",\"key\":\"sites\"}"}]}
RESULT: undefined
COMMAND: POST /session/1d0e84f34d2a035f0d5ceb5061c1d98c/execute/async - {"script":"<script> [6424 bytes]","args":[{"element-6066-11e4-a52e-4f735466cecf":"f.F6EA384F60A395BEF55DE869336FE185.d.82B44E779EF0F952EEEF51C0690D1CEF.e.4397"},"getText",[]]}
RESULT: {"using":"xpath","value":"//span[contains(text(), \"WebdriverYardjjtihg\")][contains(@id ,\"application-addressmanagement-display-component---detailAdm--addressDetailDetailsName1\")]"}
RESULT: {"script":"<script> [6424 bytes]","args":[{"element-6066-11e4-a52e-4f735466cecf":"f.F6EA384F60A395BEF55DE869336FE185.d.82B44E779EF0F952EEEF51C0690D1CEF.e.4397"},"getText",[]]}
COMMAND: POST /session/1d0e84f34d2a035f0d5ceb5061c1d98c/execute/async - {"script":"<script> [1562 bytes]","args":[{"selector":{"id":"application-managesites-display-component---detailSite--addressDetailDetailsName1"},"wdio_ui5_key":"applicationmanagesites-display-component---detailSite--addressDetailDetailsName1"}]}
COMMAND: POST /session/1d0e84f34d2a035f0d5ceb5061c1d98c/element - {"using":"xpath","value":"//span[contains(text(), \"WebdriverYardjjtihg\")][contains(@id ,\"application-addressmanagement-display-component---detailAdm--addressDetailDetailsName1\")]"}
RESULT: {"script":"<script> [1562 bytes]","args":[{"selector":{"id":"application-managesites-display-component---detailSite--addressDetailDetailsName1"},"wdio_ui5_key":"applicationmanagesites-display-component---detailSite--addressDetailDetailsName1"}]}
RESULT: undefined
COMMAND: POST /session/1d0e84f34d2a035f0d5ceb5061c1d98c/execute/async - {"script":"<script> [6424 bytes]","args":[{"element-6066-11e4-a52e-4f735466cecf":"f.F6EA384F60A395BEF55DE869336FE185.d.82B44E779EF0F952EEEF51C0690D1CEF.e.4154"},"getValue",[]]}
RESULT: {"using":"xpath","value":"//span[contains(text(), \"WebdriverYardjjtihg\")][contains(@id ,\"application-addressmanagement-display-component---detailAdm--addressDetailDetailsName1\")]"}
RESULT: {"script":"<script> [6424 bytes]","args":[{"element-6066-11e4-a52e-4f735466cecf":"f.F6EA384F60A395BEF55DE869336FE185.d.82B44E779EF0F952EEEF51C0690D1CEF.e.4154"},"getValue",[]]}
RESULT: undefined
COMMAND: POST /session/1d0e84f34d2a035f0d5ceb5061c1d98c/element - {"using":"xpath","value":"//*[@id=\"backBtn\"]"}
RESULT: {"using":"xpath","value":"//*[@id=\"backBtn\"]"}
COMMAND: POST /session/1d0e84f34d2a035f0d5ceb5061c1d98c/element/f.F6EA384F60A395BEF55DE869336FE185.d.82B44E779EF0F952EEEF51C0690D1CEF.e.3265/click - {}
COMMAND: POST /session/1d0e84f34d2a035f0d5ceb5061c1d98c/element - {"using":"xpath","value":"//span[contains(text(), \"WebdriverYardjjtihg\")][contains(@id ,\"application-addressmanagement-display-component---detailAdm--addressDetailDetailsName1\")]"}
RESULT: {}
COMMAND: GET /session/1d0e84f34d2a035f0d5ceb5061c1d98c/screenshot - {}
RESULT: {"using":"xpath","value":"//span[contains(text(), \"WebdriverYardjjtihg\")][contains(@id ,\"application-addressmanagement-display-component---detailAdm--addressDetailDetailsName1\")]"}
COMMAND: POST /session/1d0e84f34d2a035f0d5ceb5061c1d98c/element - {"using":"xpath","value":"//span[contains(text(), \"WebdriverYardjjtihg\")][contains(@id ,\"application-addressmanagement-display-component---detailAdm--addressDetailDetailsName1\")]"}
RESULT: {}
RESULT: {"using":"xpath","value":"//span[contains(text(), \"WebdriverYardjjtihg\")][contains(@id ,\"application-addressmanagement-display-component---detailAdm--addressDetailDetailsName1\")]"}
COMMAND: POST /session/1d0e84f34d2a035f0d5ceb5061c1d98c/element - {"using":"xpath","value":"//span[contains(text(), \"WebdriverYardjjtihg\")][contains(@id ,\"application-addressmanagement-display-component---detailAdm--addressDetailDetailsName1\")]"}
RESULT: {"using":"xpath","value":"//span[contains(text(), \"WebdriverYardjjtihg\")][contains(@id ,\"application-addressmanagement-display-component---detailAdm--addressDetailDetailsName1\")]"}
COMMAND: POST /session/1d0e84f34d2a035f0d5ceb5061c1d98c/element - {"using":"xpath","value":"//span[contains(text(), \"WebdriverYardjjtihg\")][contains(@id ,\"application-addressmanagement-display-component---detailAdm--addressDetailDetailsName1\")]"}
RESULT: {"using":"xpath","value":"//span[contains(text(), \"WebdriverYardjjtihg\")][contains(@id ,\"application-addressmanagement-display-component---detailAdm--addressDetailDetailsName1\")]"}
COMMAND: POST /session/1d0e84f34d2a035f0d5ceb5061c1d98c/element - {"using":"xpath","value":"//span[contains(text(), \"WebdriverYardjjtihg\")][contains(@id ,\"application-addressmanagement-display-component---detailAdm--addressDetailDetailsName1\")]"}
RESULT: {"using":"xpath","value":"//span[contains(text(), \"WebdriverYardjjtihg\")][contains(@id ,\"application-addressmanagement-display-component---detailAdm--addressDetailDetailsName1\")]"}
COMMAND: POST /session/1d0e84f34d2a035f0d5ceb5061c1d98c/element - {"using":"xpath","value":"//span[contains(text(), \"WebdriverYardjjtihg\")][contains(@id ,\"application-addressmanagement-display-component---detailAdm--addressDetailDetailsName1\")]"}
RESULT: {"using":"xpath","value":"//span[contains(text(), \"WebdriverYardjjtihg\")][contains(@id ,\"application-addressmanagement-display-component---detailAdm--addressDetailDetailsName1\")]"}
COMMAND: POST /session/1d0e84f34d2a035f0d5ceb5061c1d98c/execute/sync - {"script":"<script> [8489 bytes]","args":[{"element-6066-11e4-a52e-4f735466cecf":"f.F6EA384F60A395BEF55DE869336FE185.d.82B44E779EF0F952EEEF51C0690D1CEF.e.4100","ELEMENT":"f.F6EA384F60A395BEF55DE869336FE185.d.82B44E779EF0F952EEEF51C0690D1CEF.e.4100"}]}
COMMAND: POST /session/1d0e84f34d2a035f0d5ceb5061c1d98c/element - {"using":"xpath","value":"//*[contains(@data-kt ,\"webshopDetailSiteLink\")]"}
RESULT: {"using":"xpath","value":"//*[contains(@data-kt ,\"webshopDetailSiteLink\")]"}
COMMAND: POST /session/1d0e84f34d2a035f0d5ceb5061c1d98c/execute/sync - {"script":"<script> [8489 bytes]","args":[{"element-6066-11e4-a52e-4f735466cecf":"f.F6EA384F60A395BEF55DE869336FE185.d.82B44E779EF0F952EEEF51C0690D1CEF.e.4534","ELEMENT":"f.F6EA384F60A395BEF55DE869336FE185.d.82B44E779EF0F952EEEF51C0690D1CEF.e.4534"}]}
COMMAND: POST /session/1d0e84f34d2a035f0d5ceb5061c1d98c/element - {"using":"xpath","value":"//span[contains(text(), \"WebdriverYardjjtihg\")][contains(@id ,\"application-addressmanagement-display-component---detailAdm--addressDetailDetailsName1\")]"}
RESULT: {"script":"<script> [8489 bytes]","args":[{"element-6066-11e4-a52e-4f735466cecf":"f.F6EA384F60A395BEF55DE869336FE185.d.82B44E779EF0F952EEEF51C0690D1CEF.e.4534","ELEMENT":"f.F6EA384F60A395BEF55DE869336FE185.d.82B44E779EF0F952EEEF51C0690D1CEF.e.4534"}]}
COMMAND: POST /session/1d0e84f34d2a035f0d5ceb5061c1d98c/execute/sync - {"script":"<script> [8489 bytes]","args":[{"element-6066-11e4-a52e-4f735466cecf":"f.F6EA384F60A395BEF55DE869336FE185.d.82B44E779EF0F952EEEF51C0690D1CEF.e.4534","ELEMENT":"f.F6EA384F60A395BEF55DE869336FE185.d.82B44E779EF0F952EEEF51C0690D1CEF.e.4534"}]}
COMMAND: GET /session/1d0e84f34d2a035f0d5ceb5061c1d98c/screenshot - {}
RESULT: {"using":"xpath","value":"//span[contains(text(), \"WebdriverYardjjtihg\")][contains(@id ,\"application-addressmanagement-display-component---detailAdm--addressDetailDetailsName1\")]"}
RESULT: {"script":"<script> [8489 bytes]","args":[{"element-6066-11e4-a52e-4f735466cecf":"f.F6EA384F60A395BEF55DE869336FE185.d.82B44E779EF0F952EEEF51C0690D1CEF.e.4534","ELEMENT":"f.F6EA384F60A395BEF55DE869336FE185.d.82B44E779EF0F952EEEF51C0690D1CEF.e.4534"}]}
COMMAND: GET /session/1d0e84f34d2a035f0d5ceb5061c1d98c/screenshot - {}
COMMAND: POST /session/1d0e84f34d2a035f0d5ceb5061c1d98c/execute/sync - {"script":"<script> [8489 bytes]","args":[{"element-6066-11e4-a52e-4f735466cecf":"f.F6EA384F60A395BEF55DE869336FE185.d.82B44E779EF0F952EEEF51C0690D1CEF.e.4534","ELEMENT":"f.F6EA384F60A395BEF55DE869336FE185.d.82B44E779EF0F952EEEF51C0690D1CEF.e.4534"}]}
COMMAND: POST /session/1d0e84f34d2a035f0d5ceb5061c1d98c/element - {"using":"xpath","value":"//span[contains(text(), \"WebdriverYardjjtihg\")][contains(@id ,\"application-addressmanagement-display-component---detailAdm--addressDetailDetailsName1\")]"}
RESULT: {}
RESULT: {}
RESULT: {"script":"<script> [8489 bytes]","args":[{"element-6066-11e4-a52e-4f735466cecf":"f.F6EA384F60A395BEF55DE869336FE185.d.82B44E779EF0F952EEEF51C0690D1CEF.e.4534","ELEMENT":"f.F6EA384F60A395BEF55DE869336FE185.d.82B44E779EF0F952EEEF51C0690D1CEF.e.4534"}]}
COMMAND: POST /session/1d0e84f34d2a035f0d5ceb5061c1d98c/execute/sync - {"script":"<script> [5351 bytes]","args":[{"element-6066-11e4-a52e-4f735466cecf":"f.F6EA384F60A395BEF55DE869336FE185.d.82B44E779EF0F952EEEF51C0690D1CEF.e.4534","ELEMENT":"f.F6EA384F60A395BEF55DE869336FE185.d.82B44E779EF0F952EEEF51C0690D1CEF.e.4534"}]}
COMMAND: GET /session/1d0e84f34d2a035f0d5ceb5061c1d98c/screenshot - {}
RESULT: {"using":"xpath","value":"//span[contains(text(), \"WebdriverYardjjtihg\")][contains(@id ,\"application-addressmanagement-display-component---detailAdm--addressDetailDetailsName1\")]"}
RESULT: {"script":"<script> [5351 bytes]","args":[{"element-6066-11e4-a52e-4f735466cecf":"f.F6EA384F60A395BEF55DE869336FE185.d.82B44E779EF0F952EEEF51C0690D1CEF.e.4534","ELEMENT":"f.F6EA384F60A395BEF55DE869336FE185.d.82B44E779EF0F952EEEF51C0690D1CEF.e.4534"}]}
COMMAND: POST /session/1d0e84f34d2a035f0d5ceb5061c1d98c/execute/sync - {"script":"<script> [8489 bytes]","args":[{"element-6066-11e4-a52e-4f735466cecf":"f.F6EA384F60A395BEF55DE869336FE185.d.82B44E779EF0F952EEEF51C0690D1CEF.e.4534","ELEMENT":"f.F6EA384F60A395BEF55DE869336FE185.d.82B44E779EF0F952EEEF51C0690D1CEF.e.4534"}]}
COMMAND: GET /session/1d0e84f34d2a035f0d5ceb5061c1d98c/screenshot - {}
COMMAND: POST /session/1d0e84f34d2a035f0d5ceb5061c1d98c/element - {"using":"xpath","value":"//span[contains(text(), \"WebdriverYardjjtihg\")][contains(@id ,\"application-addressmanagement-display-component---detailAdm--addressDetailDetailsName1\")]"}
RESULT: {}
RESULT: {"script":"<script> [8489 bytes]","args":[{"element-6066-11e4-a52e-4f735466cecf":"f.F6EA384F60A395BEF55DE869336FE185.d.82B44E779EF0F952EEEF51C0690D1CEF.e.4534","ELEMENT":"f.F6EA384F60A395BEF55DE869336FE185.d.82B44E779EF0F952EEEF51C0690D1CEF.e.4534"}]}
COMMAND: POST /session/1d0e84f34d2a035f0d5ceb5061c1d98c/execute/sync - {"script":"<script> [5351 bytes]","args":[{"element-6066-11e4-a52e-4f735466cecf":"f.F6EA384F60A395BEF55DE869336FE185.d.82B44E779EF0F952EEEF51C0690D1CEF.e.4534","ELEMENT":"f.F6EA384F60A395BEF55DE869336FE185.d.82B44E779EF0F952EEEF51C0690D1CEF.e.4534"}]}
COMMAND: GET /session/1d0e84f34d2a035f0d5ceb5061c1d98c/screenshot - {}
RESULT: {}
RESULT: {"using":"xpath","value":"//span[contains(text(), \"WebdriverYardjjtihg\")][contains(@id ,\"application-addressmanagement-display-component---detailAdm--addressDetailDetailsName1\")]"}
RESULT: {"script":"<script> [5351 bytes]","args":[{"element-6066-11e4-a52e-4f735466cecf":"f.F6EA384F60A395BEF55DE869336FE185.d.82B44E779EF0F952EEEF51C0690D1CEF.e.4534","ELEMENT":"f.F6EA384F60A395BEF55DE869336FE185.d.82B44E779EF0F952EEEF51C0690D1CEF.e.4534"}]}
COMMAND: POST /session/1d0e84f34d2a035f0d5ceb5061c1d98c/element - {"using":"xpath","value":"//*[contains(@data-kt ,\"webshopDetailSiteLink\")]"}
RESULT: {}
RESULT: {"using":"xpath","value":"//*[contains(@data-kt ,\"webshopDetailSiteLink\")]"}
COMMAND: POST /session/1d0e84f34d2a035f0d5ceb5061c1d98c/element/f.F6EA384F60A395BEF55DE869336FE185.d.82B44E779EF0F952EEEF51C0690D1CEF.e.4534/click - {}
RESULT: {}
COMMAND: GET /session/1d0e84f34d2a035f0d5ceb5061c1d98c/screenshot - {}
COMMAND: GET /session/1d0e84f34d2a035f0d5ceb5061c1d98c/screenshot - {}
RESULT: {}
COMMAND: POST /session/1d0e84f34d2a035f0d5ceb5061c1d98c/element - {"using":"xpath","value":"//span[contains(text(), \"WebdriverYardjjtihg\")][contains(@id ,\"application-addressmanagement-display-component---detailAdm--addressDetailDetailsName1\")]"}
RESULT: {}
RESULT: {"using":"xpath","value":"//span[contains(text(), \"WebdriverYardjjtihg\")][contains(@id ,\"application-addressmanagement-display-component---detailAdm--addressDetailDetailsName1\")]"}
COMMAND: POST /session/1d0e84f34d2a035f0d5ceb5061c1d98c/element - {"using":"xpath","value":"//span[contains(text(), \"WebdriverYardjjtihg\")][contains(@id ,\"application-addressmanagement-display-component---detailAdm--addressDetailDetailsName1\")]"}
RESULT: {"using":"xpath","value":"//span[contains(text(), \"WebdriverYardjjtihg\")][contains(@id ,\"application-addressmanagement-display-component---detailAdm--addressDetailDetailsName1\")]"}
COMMAND: POST /session/1d0e84f34d2a035f0d5ceb5061c1d98c/element - {"using":"xpath","value":"//span[contains(text(), \"WebdriverYardjjtihg\")][contains(@id ,\"application-addressmanagement-display-component---detailAdm--addressDetailDetailsName1\")]"}
RESULT: {"using":"xpath","value":"//span[contains(text(), \"WebdriverYardjjtihg\")][contains(@id ,\"application-addressmanagement-display-component---detailAdm--addressDetailDetailsName1\")]"}
COMMAND: POST /session/1d0e84f34d2a035f0d5ceb5061c1d98c/element - {"using":"xpath","value":"//span[contains(text(), \"WebdriverYardjjtihg\")][contains(@id ,\"application-addressmanagement-display-component---detailAdm--addressDetailDetailsName1\")]"}
RESULT: {"using":"xpath","value":"//span[contains(text(), \"WebdriverYardjjtihg\")][contains(@id ,\"application-addressmanagement-display-component---detailAdm--addressDetailDetailsName1\")]"}
COMMAND: POST /session/1d0e84f34d2a035f0d5ceb5061c1d98c/element/f.F6EA384F60A395BEF55DE869336FE185.d.82B44E779EF0F952EEEF51C0690D1CEF.e.4103/click - {}
COMMAND: POST /session/1d0e84f34d2a035f0d5ceb5061c1d98c/element - {"using":"xpath","value":"//*[contains(@data-kt ,\"ContextMenuId2Link\")][contains(text(), \"Site Overview\")]"}
RESULT: {"using":"xpath","value":"//*[contains(@data-kt ,\"ContextMenuId2Link\")][contains(text(), \"Site Overview\")]"}
COMMAND: POST /session/1d0e84f34d2a035f0d5ceb5061c1d98c/element/f.F6EA384F60A395BEF55DE869336FE185.d.82B44E779EF0F952EEEF51C0690D1CEF.e.4103/click - {}
COMMAND: POST /session/1d0e84f34d2a035f0d5ceb5061c1d98c/element - {"using":"xpath","value":"//*[contains(@data-kt ,\"ContextMenuId2Link\")][contains(text(), \"Site Overview\")]"}
RESULT: {"using":"xpath","value":"//*[contains(@data-kt ,\"ContextMenuId2Link\")][contains(text(), \"Site Overview\")]"}
COMMAND: POST /session/1d0e84f34d2a035f0d5ceb5061c1d98c/element/f.F6EA384F60A395BEF55DE869336FE185.d.82B44E779EF0F952EEEF51C0690D1CEF.e.4587/click - {}
RESULT: {}
COMMAND: GET /session/1d0e84f34d2a035f0d5ceb5061c1d98c/screenshot - {}
RESULT: {}
COMMAND: POST /session/1d0e84f34d2a035f0d5ceb5061c1d98c/element - {"using":"xpath","value":"//span[contains(text(), \"WebdriverYardjjtihg\")][contains(@id ,\"application-addressmanagement-display-component---detailAdm--addressDetailDetailsName1\")]"}
RESULT: {"using":"xpath","value":"//span[contains(text(), \"WebdriverYardjjtihg\")][contains(@id ,\"application-addressmanagement-display-component---detailAdm--addressDetailDetailsName1\")]"}
COMMAND: POST /session/1d0e84f34d2a035f0d5ceb5061c1d98c/element - {"using":"xpath","value":"//span[contains(text(), \"WebdriverYardjjtihg\")][contains(@id ,\"application-addressmanagement-display-component---detailAdm--addressDetailDetailsName1\")]"}
RESULT: {"using":"xpath","value":"//span[contains(text(), \"WebdriverYardjjtihg\")][contains(@id ,\"application-addressmanagement-display-component---detailAdm--addressDetailDetailsName1\")]"}
COMMAND: POST /session/1d0e84f34d2a035f0d5ceb5061c1d98c/element - {"using":"xpath","value":"//span[contains(text(), \"WebdriverYardjjtihg\")][contains(@id ,\"application-addressmanagement-display-component---detailAdm--addressDetailDetailsName1\")]"}
RESULT: {"using":"xpath","value":"//span[contains(text(), \"WebdriverYardjjtihg\")][contains(@id ,\"application-addressmanagement-display-component---detailAdm--addressDetailDetailsName1\")]"}
RESULT: undefined
COMMAND: POST /session/1d0e84f34d2a035f0d5ceb5061c1d98c/execute/async - {"script":"<script> [6424 bytes]","args":[{"element-6066-11e4-a52e-4f735466cecf":"f.F6EA384F60A395BEF55DE869336FE185.d.82B44E779EF0F952EEEF51C0690D1CEF.e.3263"},"getTitle",[]]}
COMMAND: POST /session/1d0e84f34d2a035f0d5ceb5061c1d98c/execute/async - {"script":"<script> [1562 bytes]","args":[{"selector":{"id":"shellAppTitle"},"wdio_ui5_key":"shellAppTitle"}]}
RESULT: {"script":"<script> [1562 bytes]","args":[{"selector":{"id":"shellAppTitle"},"wdio_ui5_key":"shellAppTitle"}]}
COMMAND: POST /session/1d0e84f34d2a035f0d5ceb5061c1d98c/execute/async - {"script":"<script> [6424 bytes]","args":[{"element-6066-11e4-a52e-4f735466cecf":"f.F6EA384F60A395BEF55DE869336FE185.d.82B44E779EF0F952EEEF51C0690D1CEF.e.4614"},"getTitle",[]]}
RESULT: {"script":"<script> [6424 bytes]","args":[{"element-6066-11e4-a52e-4f735466cecf":"f.F6EA384F60A395BEF55DE869336FE185.d.82B44E779EF0F952EEEF51C0690D1CEF.e.4614"},"getTitle",[]]}
COMMAND: POST /session/1d0e84f34d2a035f0d5ceb5061c1d98c/element - {"using":"xpath","value":"(//span[contains(text(), \"WebdriverSiterxp1s\")])[2]"}
RESULT: {"using":"xpath","value":"(//span[contains(text(), \"WebdriverSiterxp1s\")])[2]"}
COMMAND: POST /session/1d0e84f34d2a035f0d5ceb5061c1d98c/execute/sync - {"script":"<script> [8489 bytes]","args":[{"element-6066-11e4-a52e-4f735466cecf":"f.F6EA384F60A395BEF55DE869336FE185.d.82B44E779EF0F952EEEF51C0690D1CEF.e.4615","ELEMENT":"f.F6EA384F60A395BEF55DE869336FE185.d.82B44E779EF0F952EEEF51C0690D1CEF.e.4615"}]}
RESULT: undefined
COMMAND: POST /session/1d0e84f34d2a035f0d5ceb5061c1d98c/element - {"using":"xpath","value":"//*[@id=\"backBtn\"]"}
RESULT: {"script":"<script> [8489 bytes]","args":[{"element-6066-11e4-a52e-4f735466cecf":"f.F6EA384F60A395BEF55DE869336FE185.d.82B44E779EF0F952EEEF51C0690D1CEF.e.4615","ELEMENT":"f.F6EA384F60A395BEF55DE869336FE185.d.82B44E779EF0F952EEEF51C0690D1CEF.e.4615"}]}
COMMAND: GET /session/1d0e84f34d2a035f0d5ceb5061c1d98c/screenshot - {}
RESULT: {"using":"xpath","value":"//*[@id=\"backBtn\"]"}
COMMAND: POST /session/1d0e84f34d2a035f0d5ceb5061c1d98c/element/f.F6EA384F60A395BEF55DE869336FE185.d.82B44E779EF0F952EEEF51C0690D1CEF.e.3265/click - {}
RESULT: {}
RESULT: {}
COMMAND: GET /session/1d0e84f34d2a035f0d5ceb5061c1d98c/screenshot - {}
RESULT: {}
COMMAND: POST /session/1d0e84f34d2a035f0d5ceb5061c1d98c/execute/sync - {"script":"<script> [8489 bytes]","args":[{"element-6066-11e4-a52e-4f735466cecf":"f.F6EA384F60A395BEF55DE869336FE185.d.82B44E779EF0F952EEEF51C0690D1CEF.e.4534","ELEMENT":"f.F6EA384F60A395BEF55DE869336FE185.d.82B44E779EF0F952EEEF51C0690D1CEF.e.4534"}]}
COMMAND: POST /session/1d0e84f34d2a035f0d5ceb5061c1d98c/element - {"using":"xpath","value":"//*[contains(@data-kt ,\"webshopDetailSiteLink\")]"}
RESULT: {"using":"xpath","value":"//*[contains(@data-kt ,\"webshopDetailSiteLink\")]"}
COMMAND: POST /session/1d0e84f34d2a035f0d5ceb5061c1d98c/execute/sync - {"script":"<script> [8489 bytes]","args":[{"element-6066-11e4-a52e-4f735466cecf":"f.F6EA384F60A395BEF55DE869336FE185.d.82B44E779EF0F952EEEF51C0690D1CEF.e.4746","ELEMENT":"f.F6EA384F60A395BEF55DE869336FE185.d.82B44E779EF0F952EEEF51C0690D1CEF.e.4746"}]}
RESULT: {"script":"<script> [8489 bytes]","args":[{"element-6066-11e4-a52e-4f735466cecf":"f.F6EA384F60A395BEF55DE869336FE185.d.82B44E779EF0F952EEEF51C0690D1CEF.e.4746","ELEMENT":"f.F6EA384F60A395BEF55DE869336FE185.d.82B44E779EF0F952EEEF51C0690D1CEF.e.4746"}]}
COMMAND: POST /session/1d0e84f34d2a035f0d5ceb5061c1d98c/execute/sync - {"script":"<script> [5351 bytes]","args":[{"element-6066-11e4-a52e-4f735466cecf":"f.F6EA384F60A395BEF55DE869336FE185.d.82B44E779EF0F952EEEF51C0690D1CEF.e.4746","ELEMENT":"f.F6EA384F60A395BEF55DE869336FE185.d.82B44E779EF0F952EEEF51C0690D1CEF.e.4746"}]}
COMMAND: GET /session/1d0e84f34d2a035f0d5ceb5061c1d98c/screenshot - {}
RESULT: {"script":"<script> [5351 bytes]","args":[{"element-6066-11e4-a52e-4f735466cecf":"f.F6EA384F60A395BEF55DE869336FE185.d.82B44E779EF0F952EEEF51C0690D1CEF.e.4746","ELEMENT":"f.F6EA384F60A395BEF55DE869336FE185.d.82B44E779EF0F952EEEF51C0690D1CEF.e.4746"}]}
COMMAND: POST /session/1d0e84f34d2a035f0d5ceb5061c1d98c/element - {"using":"xpath","value":"//*[contains(@data-kt ,\"webshopDetailSiteLink\")]"}
COMMAND: GET /session/1d0e84f34d2a035f0d5ceb5061c1d98c/screenshot - {}
RESULT: {}
RESULT: {"using":"xpath","value":"//*[contains(@data-kt ,\"webshopDetailSiteLink\")]"}
COMMAND: POST /session/1d0e84f34d2a035f0d5ceb5061c1d98c/element/f.F6EA384F60A395BEF55DE869336FE185.d.82B44E779EF0F952EEEF51C0690D1CEF.e.4746/click - {}
RESULT: {}
RESULT: {}
COMMAND: GET /session/1d0e84f34d2a035f0d5ceb5061c1d98c/screenshot - {}
RESULT: {}
COMMAND: POST /session/1d0e84f34d2a035f0d5ceb5061c1d98c/element/f.F6EA384F60A395BEF55DE869336FE185.d.82B44E779EF0F952EEEF51C0690D1CEF.e.4104/click - {}
COMMAND: POST /session/1d0e84f34d2a035f0d5ceb5061c1d98c/element - {"using":"xpath","value":"//*[contains(@data-kt ,\"ContextMenuId3Link\")][contains(text(), \"Site Main Address\")]"}
RESULT: {"using":"xpath","value":"//*[contains(@data-kt ,\"ContextMenuId3Link\")][contains(text(), \"Site Main Address\")]"}
COMMAND: POST /session/1d0e84f34d2a035f0d5ceb5061c1d98c/element/f.F6EA384F60A395BEF55DE869336FE185.d.82B44E779EF0F952EEEF51C0690D1CEF.e.4104/click - {}
COMMAND: POST /session/1d0e84f34d2a035f0d5ceb5061c1d98c/element - {"using":"xpath","value":"//*[contains(@data-kt ,\"ContextMenuId3Link\")][contains(text(), \"Site Main Address\")]"}
RESULT: {"using":"xpath","value":"//*[contains(@data-kt ,\"ContextMenuId3Link\")][contains(text(), \"Site Main Address\")]"}
COMMAND: POST /session/1d0e84f34d2a035f0d5ceb5061c1d98c/element/f.F6EA384F60A395BEF55DE869336FE185.d.82B44E779EF0F952EEEF51C0690D1CEF.e.4748/click - {}
RESULT: {}
COMMAND: GET /session/1d0e84f34d2a035f0d5ceb5061c1d98c/screenshot - {}
RESULT: {}
COMMAND: POST /session/1d0e84f34d2a035f0d5ceb5061c1d98c/element - {"using":"xpath","value":"//span[contains(@id ,\"application-addressmanagement-display-component---masterAdm--title1-inner\")]"}
RESULT: {"using":"xpath","value":"//span[contains(@id ,\"application-addressmanagement-display-component---masterAdm--title1-inner\")]"}
COMMAND: GET /session/1d0e84f34d2a035f0d5ceb5061c1d98c/element/f.F6EA384F60A395BEF55DE869336FE185.d.82B44E779EF0F952EEEF51C0690D1CEF.e.4952/text - {}
RESULT: {}
COMMAND: POST /session/1d0e84f34d2a035f0d5ceb5061c1d98c/element - {"using":"xpath","value":"//span[contains(@id ,\"application-addressmanagement-display-component---detailAdm--addressDetailDetailsName1\")][contains(text(), \"WebdriverSiterxp1s\")]"}
RESULT: {"using":"xpath","value":"//span[contains(@id ,\"application-addressmanagement-display-component---detailAdm--addressDetailDetailsName1\")][contains(text(), \"WebdriverSiterxp1s\")]"}
COMMAND: POST /session/1d0e84f34d2a035f0d5ceb5061c1d98c/execute/sync - {"script":"<script> [8489 bytes]","args":[{"element-6066-11e4-a52e-4f735466cecf":"f.F6EA384F60A395BEF55DE869336FE185.d.82B44E779EF0F952EEEF51C0690D1CEF.e.4953","ELEMENT":"f.F6EA384F60A395BEF55DE869336FE185.d.82B44E779EF0F952EEEF51C0690D1CEF.e.4953"}]}
RESULT: undefined
COMMAND: POST /session/1d0e84f34d2a035f0d5ceb5061c1d98c/element - {"using":"xpath","value":"//*[@id=\"backBtn\"]"}
RESULT: {"script":"<script> [8489 bytes]","args":[{"element-6066-11e4-a52e-4f735466cecf":"f.F6EA384F60A395BEF55DE869336FE185.d.82B44E779EF0F952EEEF51C0690D1CEF.e.4953","ELEMENT":"f.F6EA384F60A395BEF55DE869336FE185.d.82B44E779EF0F952EEEF51C0690D1CEF.e.4953"}]}
COMMAND: GET /session/1d0e84f34d2a035f0d5ceb5061c1d98c/screenshot - {}
RESULT: {"using":"xpath","value":"//*[@id=\"backBtn\"]"}
COMMAND: POST /session/1d0e84f34d2a035f0d5ceb5061c1d98c/element/f.F6EA384F60A395BEF55DE869336FE185.d.82B44E779EF0F952EEEF51C0690D1CEF.e.3265/click - {}
RESULT: {}
RESULT: {}
COMMAND: GET /session/1d0e84f34d2a035f0d5ceb5061c1d98c/screenshot - {}
RESULT: {}
COMMAND: POST /session/1d0e84f34d2a035f0d5ceb5061c1d98c/execute/sync - {"script":"<script> [8489 bytes]","args":[{"element-6066-11e4-a52e-4f735466cecf":"f.F6EA384F60A395BEF55DE869336FE185.d.82B44E779EF0F952EEEF51C0690D1CEF.e.4746","ELEMENT":"f.F6EA384F60A395BEF55DE869336FE185.d.82B44E779EF0F952EEEF51C0690D1CEF.e.4746"}]}
COMMAND: POST /session/1d0e84f34d2a035f0d5ceb5061c1d98c/element - {"using":"xpath","value":"//*[contains(@data-kt ,\"webshopDetailSiteLink\")]"}
RESULT: {"using":"xpath","value":"//*[contains(@data-kt ,\"webshopDetailSiteLink\")]"}
COMMAND: POST /session/1d0e84f34d2a035f0d5ceb5061c1d98c/execute/sync - {"script":"<script> [8489 bytes]","args":[{"element-6066-11e4-a52e-4f735466cecf":"f.F6EA384F60A395BEF55DE869336FE185.d.82B44E779EF0F952EEEF51C0690D1CEF.e.5087","ELEMENT":"f.F6EA384F60A395BEF55DE869336FE185.d.82B44E779EF0F952EEEF51C0690D1CEF.e.5087"}]}
RESULT: {"script":"<script> [8489 bytes]","args":[{"element-6066-11e4-a52e-4f735466cecf":"f.F6EA384F60A395BEF55DE869336FE185.d.82B44E779EF0F952EEEF51C0690D1CEF.e.5087","ELEMENT":"f.F6EA384F60A395BEF55DE869336FE185.d.82B44E779EF0F952EEEF51C0690D1CEF.e.5087"}]}
COMMAND: POST /session/1d0e84f34d2a035f0d5ceb5061c1d98c/execute/sync - {"script":"<script> [5351 bytes]","args":[{"element-6066-11e4-a52e-4f735466cecf":"f.F6EA384F60A395BEF55DE869336FE185.d.82B44E779EF0F952EEEF51C0690D1CEF.e.5087","ELEMENT":"f.F6EA384F60A395BEF55DE869336FE185.d.82B44E779EF0F952EEEF51C0690D1CEF.e.5087"}]}
COMMAND: GET /session/1d0e84f34d2a035f0d5ceb5061c1d98c/screenshot - {}
RESULT: {"script":"<script> [5351 bytes]","args":[{"element-6066-11e4-a52e-4f735466cecf":"f.F6EA384F60A395BEF55DE869336FE185.d.82B44E779EF0F952EEEF51C0690D1CEF.e.5087","ELEMENT":"f.F6EA384F60A395BEF55DE869336FE185.d.82B44E779EF0F952EEEF51C0690D1CEF.e.5087"}]}
COMMAND: POST /session/1d0e84f34d2a035f0d5ceb5061c1d98c/element - {"using":"xpath","value":"//*[contains(@data-kt ,\"webshopDetailSiteLink\")]"}
COMMAND: GET /session/1d0e84f34d2a035f0d5ceb5061c1d98c/screenshot - {}
RESULT: {}
RESULT: {"using":"xpath","value":"//*[contains(@data-kt ,\"webshopDetailSiteLink\")]"}
COMMAND: POST /session/1d0e84f34d2a035f0d5ceb5061c1d98c/element/f.F6EA384F60A395BEF55DE869336FE185.d.82B44E779EF0F952EEEF51C0690D1CEF.e.5087/click - {}
RESULT: {}
RESULT: {}
COMMAND: GET /session/1d0e84f34d2a035f0d5ceb5061c1d98c/screenshot - {}
RESULT: {}
COMMAND: POST /session/1d0e84f34d2a035f0d5ceb5061c1d98c/element - {"using":"xpath","value":"//button[contains(@data-kt ,\"ContextMenuIdExternalLink\")]"}
RESULT: {"using":"xpath","value":"//button[contains(@data-kt ,\"ContextMenuIdExternalLink\")]"}
COMMAND: POST /session/1d0e84f34d2a035f0d5ceb5061c1d98c/element/f.F6EA384F60A395BEF55DE869336FE185.d.82B44E779EF0F952EEEF51C0690D1CEF.e.5088/click - {}
RESULT: {}
COMMAND: GET /session/1d0e84f34d2a035f0d5ceb5061c1d98c/screenshot - {}
RESULT: {}
COMMAND: GET /session/1d0e84f34d2a035f0d5ceb5061c1d98c/window/handles - {}
RESULT: {}
COMMAND: POST /session/1d0e84f34d2a035f0d5ceb5061c1d98c/window - {"handle":"5D7BF13239D3FB386F48468C81297AFE"}
RESULT: {"handle":"5D7BF13239D3FB386F48468C81297AFE"}
COMMAND: GET /session/1d0e84f34d2a035f0d5ceb5061c1d98c/url - {}
RESULT: {}
COMMAND: GET /session/1d0e84f34d2a035f0d5ceb5061c1d98c/screenshot - {}
COMMAND: DELETE /session/1d0e84f34d2a035f0d5ceb5061c1d98c/window - {}
RESULT: {}
RESULT: {}
COMMAND: POST /session/1d0e84f34d2a035f0d5ceb5061c1d98c/window - {"handle":"F6EA384F60A395BEF55DE869336FE185"}
RESULT: {"handle":"F6EA384F60A395BEF55DE869336FE185"}
COMMAND: GET /session/1d0e84f34d2a035f0d5ceb5061c1d98c/url - {}
RESULT: {}
COMMAND: GET /session/1d0e84f34d2a035f0d5ceb5061c1d98c/screenshot - {}
RESULT: {}
COMMAND: POST /session/1d0e84f34d2a035f0d5ceb5061c1d98c/element - {"using":"xpath","value":"//button[contains(@data-kt ,\"ContextMenuExternalId2Link\")]"}
RESULT: {"using":"xpath","value":"//button[contains(@data-kt ,\"ContextMenuExternalId2Link\")]"}
COMMAND: POST /session/1d0e84f34d2a035f0d5ceb5061c1d98c/element/f.F6EA384F60A395BEF55DE869336FE185.d.82B44E779EF0F952EEEF51C0690D1CEF.e.5242/click - {}
RESULT: {}
COMMAND: GET /session/1d0e84f34d2a035f0d5ceb5061c1d98c/screenshot - {}
RESULT: {}
COMMAND: GET /session/1d0e84f34d2a035f0d5ceb5061c1d98c/window/handles - {}
RESULT: {}
COMMAND: POST /session/1d0e84f34d2a035f0d5ceb5061c1d98c/window - {"handle":"FE6B31B3595CAF6B27F71601FA6267FE"}
RESULT: {"handle":"FE6B31B3595CAF6B27F71601FA6267FE"}
COMMAND: GET /session/1d0e84f34d2a035f0d5ceb5061c1d98c/url - {}
RESULT: {}
COMMAND: GET /session/1d0e84f34d2a035f0d5ceb5061c1d98c/screenshot - {}
RESULT: {}
COMMAND: POST /session/1d0e84f34d2a035f0d5ceb5061c1d98c/execute/sync - {"script":"<script> [8489 bytes]","args":[{"element-6066-11e4-a52e-4f735466cecf":"f.F6EA384F60A395BEF55DE869336FE185.d.82B44E779EF0F952EEEF51C0690D1CEF.e.4615","ELEMENT":"f.F6EA384F60A395BEF55DE869336FE185.d.82B44E779EF0F952EEEF51C0690D1CEF.e.4615"}]}
COMMAND: DELETE /session/1d0e84f34d2a035f0d5ceb5061c1d98c/window - {}
RESULT: {}
COMMAND: POST /session/1d0e84f34d2a035f0d5ceb5061c1d98c/window - {"handle":"F6EA384F60A395BEF55DE869336FE185"}
RESULT: {"handle":"F6EA384F60A395BEF55DE869336FE185"}
COMMAND: GET /session/1d0e84f34d2a035f0d5ceb5061c1d98c/url - {}
COMMAND: POST /session/1d0e84f34d2a035f0d5ceb5061c1d98c/element - {"using":"xpath","value":"(//span[contains(text(), \"WebdriverSiterxp1s\")])[2]"}
RESULT: {}
COMMAND: GET /session/1d0e84f34d2a035f0d5ceb5061c1d98c/screenshot - {}
RESULT: {"using":"xpath","value":"(//span[contains(text(), \"WebdriverSiterxp1s\")])[2]"}
COMMAND: POST /session/1d0e84f34d2a035f0d5ceb5061c1d98c/element - {"using":"xpath","value":"(//span[contains(text(), \"WebdriverSiterxp1s\")])[2]"}
RESULT: {}
RESULT: {"using":"xpath","value":"(//span[contains(text(), \"WebdriverSiterxp1s\")])[2]"}
COMMAND: POST /session/1d0e84f34d2a035f0d5ceb5061c1d98c/element - {"using":"xpath","value":"(//span[contains(text(), \"WebdriverSiterxp1s\")])[2]"}
RESULT: {"using":"xpath","value":"(//span[contains(text(), \"WebdriverSiterxp1s\")])[2]"}
COMMAND: POST /session/1d0e84f34d2a035f0d5ceb5061c1d98c/element - {"using":"xpath","value":"(//span[contains(text(), \"WebdriverSiterxp1s\")])[2]"}
RESULT: {"using":"xpath","value":"(//span[contains(text(), \"WebdriverSiterxp1s\")])[2]"}
COMMAND: POST /session/1d0e84f34d2a035f0d5ceb5061c1d98c/element - {"using":"xpath","value":"(//span[contains(text(), \"WebdriverSiterxp1s\")])[2]"}
RESULT: {"using":"xpath","value":"(//span[contains(text(), \"WebdriverSiterxp1s\")])[2]"}
COMMAND: POST /session/1d0e84f34d2a035f0d5ceb5061c1d98c/element - {"using":"xpath","value":"(//span[contains(text(), \"WebdriverSiterxp1s\")])[2]"}
RESULT: {"using":"xpath","value":"(//span[contains(text(), \"WebdriverSiterxp1s\")])[2]"}
COMMAND: POST /session/1d0e84f34d2a035f0d5ceb5061c1d98c/element - {"using":"xpath","value":"(//span[contains(text(), \"WebdriverSiterxp1s\")])[2]"}
RESULT: {"using":"xpath","value":"(//span[contains(text(), \"WebdriverSiterxp1s\")])[2]"}
COMMAND: POST /session/1d0e84f34d2a035f0d5ceb5061c1d98c/element - {"using":"xpath","value":"(//span[contains(text(), \"WebdriverSiterxp1s\")])[2]"}
RESULT: {"using":"xpath","value":"(//span[contains(text(), \"WebdriverSiterxp1s\")])[2]"}
COMMAND: POST /session/1d0e84f34d2a035f0d5ceb5061c1d98c/element - {"using":"xpath","value":"(//span[contains(text(), \"WebdriverSiterxp1s\")])[2]"}
RESULT: {"using":"xpath","value":"(//span[contains(text(), \"WebdriverSiterxp1s\")])[2]"}
COMMAND: POST /session/1d0e84f34d2a035f0d5ceb5061c1d98c/element - {"using":"xpath","value":"(//span[contains(text(), \"WebdriverSiterxp1s\")])[2]"}
RESULT: {"using":"xpath","value":"(//span[contains(text(), \"WebdriverSiterxp1s\")])[2]"}
COMMAND: POST /session/1d0e84f34d2a035f0d5ceb5061c1d98c/element - {"using":"xpath","value":"(//span[contains(text(), \"WebdriverSiterxp1s\")])[2]"}
RESULT: {"using":"xpath","value":"(//span[contains(text(), \"WebdriverSiterxp1s\")])[2]"}
COMMAND: POST /session/1d0e84f34d2a035f0d5ceb5061c1d98c/execute/sync - {"script":"<script> [8489 bytes]","args":[{"element-6066-11e4-a52e-4f735466cecf":"f.F6EA384F60A395BEF55DE869336FE185.d.82B44E779EF0F952EEEF51C0690D1CEF.e.5087","ELEMENT":"f.F6EA384F60A395BEF55DE869336FE185.d.82B44E779EF0F952EEEF51C0690D1CEF.e.5087"}]}
RESULT: {"script":"<script> [8489 bytes]","args":[{"element-6066-11e4-a52e-4f735466cecf":"f.F6EA384F60A395BEF55DE869336FE185.d.82B44E779EF0F952EEEF51C0690D1CEF.e.5087","ELEMENT":"f.F6EA384F60A395BEF55DE869336FE185.d.82B44E779EF0F952EEEF51C0690D1CEF.e.5087"}]}
COMMAND: POST /session/1d0e84f34d2a035f0d5ceb5061c1d98c/execute/sync - {"script":"<script> [5351 bytes]","args":[{"element-6066-11e4-a52e-4f735466cecf":"f.F6EA384F60A395BEF55DE869336FE185.d.82B44E779EF0F952EEEF51C0690D1CEF.e.5087","ELEMENT":"f.F6EA384F60A395BEF55DE869336FE185.d.82B44E779EF0F952EEEF51C0690D1CEF.e.5087"}]}
COMMAND: GET /session/1d0e84f34d2a035f0d5ceb5061c1d98c/screenshot - {}
RESULT: {"script":"<script> [5351 bytes]","args":[{"element-6066-11e4-a52e-4f735466cecf":"f.F6EA384F60A395BEF55DE869336FE185.d.82B44E779EF0F952EEEF51C0690D1CEF.e.5087","ELEMENT":"f.F6EA384F60A395BEF55DE869336FE185.d.82B44E779EF0F952EEEF51C0690D1CEF.e.5087"}]}
COMMAND: POST /session/1d0e84f34d2a035f0d5ceb5061c1d98c/element - {"using":"xpath","value":"//*[contains(@data-kt ,\"webshopDetailSiteLink\")]"}
COMMAND: GET /session/1d0e84f34d2a035f0d5ceb5061c1d98c/screenshot - {}
RESULT: {}
RESULT: {"using":"xpath","value":"//*[contains(@data-kt ,\"webshopDetailSiteLink\")]"}
COMMAND: POST /session/1d0e84f34d2a035f0d5ceb5061c1d98c/element/f.F6EA384F60A395BEF55DE869336FE185.d.82B44E779EF0F952EEEF51C0690D1CEF.e.5087/click - {}
RESULT: {}
COMMAND: POST /session/1d0e84f34d2a035f0d5ceb5061c1d98c/element - {"using":"xpath","value":"(//span[contains(text(), \"WebdriverSiterxp1s\")])[2]"}
RESULT: {}
COMMAND: GET /session/1d0e84f34d2a035f0d5ceb5061c1d98c/screenshot - {}
RESULT: {"using":"xpath","value":"(//span[contains(text(), \"WebdriverSiterxp1s\")])[2]"}
COMMAND: POST /session/1d0e84f34d2a035f0d5ceb5061c1d98c/execute/sync - {"script":"<script> [8489 bytes]","args":[{"element-6066-11e4-a52e-4f735466cecf":"f.F6EA384F60A395BEF55DE869336FE185.d.82B44E779EF0F952EEEF51C0690D1CEF.e.5257","ELEMENT":"f.F6EA384F60A395BEF55DE869336FE185.d.82B44E779EF0F952EEEF51C0690D1CEF.e.5257"}]}
RESULT: {}
RESULT: {"script":"<script> [8489 bytes]","args":[{"element-6066-11e4-a52e-4f735466cecf":"f.F6EA384F60A395BEF55DE869336FE185.d.82B44E779EF0F952EEEF51C0690D1CEF.e.5257","ELEMENT":"f.F6EA384F60A395BEF55DE869336FE185.d.82B44E779EF0F952EEEF51C0690D1CEF.e.5257"}]}
COMMAND: GET /session/1d0e84f34d2a035f0d5ceb5061c1d98c/screenshot - {}
RESULT: {}
COMMAND: POST /session/1d0e84f34d2a035f0d5ceb5061c1d98c/element - {"using":"xpath","value":"(//button[contains(@data-kt ,\"ContextMenuExternalId3Link\")])[2]"}
RESULT: {"using":"xpath","value":"(//button[contains(@data-kt ,\"ContextMenuExternalId3Link\")])[2]"}
COMMAND: POST /session/1d0e84f34d2a035f0d5ceb5061c1d98c/element/f.F6EA384F60A395BEF55DE869336FE185.d.82B44E779EF0F952EEEF51C0690D1CEF.e.5258/click - {}
RESULT: {}
COMMAND: GET /session/1d0e84f34d2a035f0d5ceb5061c1d98c/screenshot - {}
RESULT: {}
COMMAND: GET /session/1d0e84f34d2a035f0d5ceb5061c1d98c/window/handles - {}
RESULT: {}
COMMAND: POST /session/1d0e84f34d2a035f0d5ceb5061c1d98c/window - {"handle":"A206C0E6D1642B5D713A9B724678136A"}
RESULT: {"handle":"A206C0E6D1642B5D713A9B724678136A"}
COMMAND: GET /session/1d0e84f34d2a035f0d5ceb5061c1d98c/url - {}
RESULT: {}
COMMAND: POST /session/1d0e84f34d2a035f0d5ceb5061c1d98c/execute/sync - {"script":"<script> [8489 bytes]","args":[{"element-6066-11e4-a52e-4f735466cecf":"f.F6EA384F60A395BEF55DE869336FE185.d.82B44E779EF0F952EEEF51C0690D1CEF.e.4953","ELEMENT":"f.F6EA384F60A395BEF55DE869336FE185.d.82B44E779EF0F952EEEF51C0690D1CEF.e.4953"}]}
COMMAND: GET /session/1d0e84f34d2a035f0d5ceb5061c1d98c/screenshot - {}
RESULT: {"script":"<script> [8489 bytes]","args":[{"element-6066-11e4-a52e-4f735466cecf":"f.F6EA384F60A395BEF55DE869336FE185.d.82B44E779EF0F952EEEF51C0690D1CEF.e.4953","ELEMENT":"f.F6EA384F60A395BEF55DE869336FE185.d.82B44E779EF0F952EEEF51C0690D1CEF.e.4953"}]}
COMMAND: GET /session/1d0e84f34d2a035f0d5ceb5061c1d98c/screenshot - {}
COMMAND: POST /session/1d0e84f34d2a035f0d5ceb5061c1d98c/execute/sync - {"script":"<script> [8489 bytes]","args":[{"element-6066-11e4-a52e-4f735466cecf":"f.F6EA384F60A395BEF55DE869336FE185.d.82B44E779EF0F952EEEF51C0690D1CEF.e.4953","ELEMENT":"f.F6EA384F60A395BEF55DE869336FE185.d.82B44E779EF0F952EEEF51C0690D1CEF.e.4953"}]}
RESULT: {}
RESULT: {}
RESULT: {"script":"<script> [8489 bytes]","args":[{"element-6066-11e4-a52e-4f735466cecf":"f.F6EA384F60A395BEF55DE869336FE185.d.82B44E779EF0F952EEEF51C0690D1CEF.e.4953","ELEMENT":"f.F6EA384F60A395BEF55DE869336FE185.d.82B44E779EF0F952EEEF51C0690D1CEF.e.4953"}]}
COMMAND: GET /session/1d0e84f34d2a035f0d5ceb5061c1d98c/screenshot - {}
RESULT: {}
COMMAND: POST /session/1d0e84f34d2a035f0d5ceb5061c1d98c/execute/sync - {"script":"<script> [8489 bytes]","args":[{"element-6066-11e4-a52e-4f735466cecf":"f.F6EA384F60A395BEF55DE869336FE185.d.82B44E779EF0F952EEEF51C0690D1CEF.e.4953","ELEMENT":"f.F6EA384F60A395BEF55DE869336FE185.d.82B44E779EF0F952EEEF51C0690D1CEF.e.4953"}]}
RESULT: {"script":"<script> [8489 bytes]","args":[{"element-6066-11e4-a52e-4f735466cecf":"f.F6EA384F60A395BEF55DE869336FE185.d.82B44E779EF0F952EEEF51C0690D1CEF.e.4953","ELEMENT":"f.F6EA384F60A395BEF55DE869336FE185.d.82B44E779EF0F952EEEF51C0690D1CEF.e.4953"}]}
COMMAND: GET /session/1d0e84f34d2a035f0d5ceb5061c1d98c/screenshot - {}
RESULT: {}
COMMAND: POST /session/1d0e84f34d2a035f0d5ceb5061c1d98c/execute/sync - {"script":"<script> [8489 bytes]","args":[{"element-6066-11e4-a52e-4f735466cecf":"f.F6EA384F60A395BEF55DE869336FE185.d.82B44E779EF0F952EEEF51C0690D1CEF.e.4953","ELEMENT":"f.F6EA384F60A395BEF55DE869336FE185.d.82B44E779EF0F952EEEF51C0690D1CEF.e.4953"}]}
RESULT: {"script":"<script> [8489 bytes]","args":[{"element-6066-11e4-a52e-4f735466cecf":"f.F6EA384F60A395BEF55DE869336FE185.d.82B44E779EF0F952EEEF51C0690D1CEF.e.4953","ELEMENT":"f.F6EA384F60A395BEF55DE869336FE185.d.82B44E779EF0F952EEEF51C0690D1CEF.e.4953"}]}
COMMAND: GET /session/1d0e84f34d2a035f0d5ceb5061c1d98c/screenshot - {}
RESULT: {}
COMMAND: POST /session/1d0e84f34d2a035f0d5ceb5061c1d98c/execute/sync - {"script":"<script> [8489 bytes]","args":[{"element-6066-11e4-a52e-4f735466cecf":"f.F6EA384F60A395BEF55DE869336FE185.d.82B44E779EF0F952EEEF51C0690D1CEF.e.4953","ELEMENT":"f.F6EA384F60A395BEF55DE869336FE185.d.82B44E779EF0F952EEEF51C0690D1CEF.e.4953"}]}
RESULT: {"script":"<script> [8489 bytes]","args":[{"element-6066-11e4-a52e-4f735466cecf":"f.F6EA384F60A395BEF55DE869336FE185.d.82B44E779EF0F952EEEF51C0690D1CEF.e.4953","ELEMENT":"f.F6EA384F60A395BEF55DE869336FE185.d.82B44E779EF0F952EEEF51C0690D1CEF.e.4953"}]}
COMMAND: GET /session/1d0e84f34d2a035f0d5ceb5061c1d98c/screenshot - {}
RESULT: {}
COMMAND: POST /session/1d0e84f34d2a035f0d5ceb5061c1d98c/execute/sync - {"script":"<script> [8489 bytes]","args":[{"element-6066-11e4-a52e-4f735466cecf":"f.F6EA384F60A395BEF55DE869336FE185.d.82B44E779EF0F952EEEF51C0690D1CEF.e.4953","ELEMENT":"f.F6EA384F60A395BEF55DE869336FE185.d.82B44E779EF0F952EEEF51C0690D1CEF.e.4953"}]}
RESULT: {"script":"<script> [8489 bytes]","args":[{"element-6066-11e4-a52e-4f735466cecf":"f.F6EA384F60A395BEF55DE869336FE185.d.82B44E779EF0F952EEEF51C0690D1CEF.e.4953","ELEMENT":"f.F6EA384F60A395BEF55DE869336FE185.d.82B44E779EF0F952EEEF51C0690D1CEF.e.4953"}]}
COMMAND: GET /session/1d0e84f34d2a035f0d5ceb5061c1d98c/screenshot - {}
RESULT: {}
COMMAND: POST /session/1d0e84f34d2a035f0d5ceb5061c1d98c/execute/sync - {"script":"<script> [8489 bytes]","args":[{"element-6066-11e4-a52e-4f735466cecf":"f.F6EA384F60A395BEF55DE869336FE185.d.82B44E779EF0F952EEEF51C0690D1CEF.e.4953","ELEMENT":"f.F6EA384F60A395BEF55DE869336FE185.d.82B44E779EF0F952EEEF51C0690D1CEF.e.4953"}]}
RESULT: {"script":"<script> [8489 bytes]","args":[{"element-6066-11e4-a52e-4f735466cecf":"f.F6EA384F60A395BEF55DE869336FE185.d.82B44E779EF0F952EEEF51C0690D1CEF.e.4953","ELEMENT":"f.F6EA384F60A395BEF55DE869336FE185.d.82B44E779EF0F952EEEF51C0690D1CEF.e.4953"}]}
COMMAND: GET /session/1d0e84f34d2a035f0d5ceb5061c1d98c/screenshot - {}
RESULT: {}
COMMAND: POST /session/1d0e84f34d2a035f0d5ceb5061c1d98c/execute/sync - {"script":"<script> [8489 bytes]","args":[{"element-6066-11e4-a52e-4f735466cecf":"f.F6EA384F60A395BEF55DE869336FE185.d.82B44E779EF0F952EEEF51C0690D1CEF.e.4953","ELEMENT":"f.F6EA384F60A395BEF55DE869336FE185.d.82B44E779EF0F952EEEF51C0690D1CEF.e.4953"}]}
RESULT: {"script":"<script> [8489 bytes]","args":[{"element-6066-11e4-a52e-4f735466cecf":"f.F6EA384F60A395BEF55DE869336FE185.d.82B44E779EF0F952EEEF51C0690D1CEF.e.4953","ELEMENT":"f.F6EA384F60A395BEF55DE869336FE185.d.82B44E779EF0F952EEEF51C0690D1CEF.e.4953"}]}
COMMAND: GET /session/1d0e84f34d2a035f0d5ceb5061c1d98c/screenshot - {}
RESULT: {}
COMMAND: POST /session/1d0e84f34d2a035f0d5ceb5061c1d98c/execute/sync - {"script":"<script> [8489 bytes]","args":[{"element-6066-11e4-a52e-4f735466cecf":"f.F6EA384F60A395BEF55DE869336FE185.d.82B44E779EF0F952EEEF51C0690D1CEF.e.4953","ELEMENT":"f.F6EA384F60A395BEF55DE869336FE185.d.82B44E779EF0F952EEEF51C0690D1CEF.e.4953"}]}
RESULT: {"script":"<script> [8489 bytes]","args":[{"element-6066-11e4-a52e-4f735466cecf":"f.F6EA384F60A395BEF55DE869336FE185.d.82B44E779EF0F952EEEF51C0690D1CEF.e.4953","ELEMENT":"f.F6EA384F60A395BEF55DE869336FE185.d.82B44E779EF0F952EEEF51C0690D1CEF.e.4953"}]}
COMMAND: GET /session/1d0e84f34d2a035f0d5ceb5061c1d98c/screenshot - {}
RESULT: {}
COMMAND: DELETE /session/1d0e84f34d2a035f0d5ceb5061c1d98c/window - {}
COMMAND: POST /session/1d0e84f34d2a035f0d5ceb5061c1d98c/execute/sync - {"script":"<script> [8489 bytes]","args":[{"element-6066-11e4-a52e-4f735466cecf":"f.F6EA384F60A395BEF55DE869336FE185.d.82B44E779EF0F952EEEF51C0690D1CEF.e.4953","ELEMENT":"f.F6EA384F60A395BEF55DE869336FE185.d.82B44E779EF0F952EEEF51C0690D1CEF.e.4953"}]}
RESULT: {}
COMMAND: POST /session/1d0e84f34d2a035f0d5ceb5061c1d98c/window - {"handle":"F6EA384F60A395BEF55DE869336FE185"}
RESULT: {"handle":"F6EA384F60A395BEF55DE869336FE185"}
COMMAND: GET /session/1d0e84f34d2a035f0d5ceb5061c1d98c/url - {}
COMMAND: POST /session/1d0e84f34d2a035f0d5ceb5061c1d98c/element - {"using":"xpath","value":"//span[contains(@id ,\"application-addressmanagement-display-component---detailAdm--addressDetailDetailsName1\")][contains(text(), \"WebdriverSiterxp1s\")]"}
RESULT: {}
COMMAND: GET /session/1d0e84f34d2a035f0d5ceb5061c1d98c/screenshot - {}
RESULT: {"using":"xpath","value":"//span[contains(@id ,\"application-addressmanagement-display-component---detailAdm--addressDetailDetailsName1\")][contains(text(), \"WebdriverSiterxp1s\")]"}
COMMAND: POST /session/1d0e84f34d2a035f0d5ceb5061c1d98c/element - {"using":"xpath","value":"//span[contains(@id ,\"application-addressmanagement-display-component---detailAdm--addressDetailDetailsName1\")][contains(text(), \"WebdriverSiterxp1s\")]"}
RESULT: {}
RESULT: {"using":"xpath","value":"//span[contains(@id ,\"application-addressmanagement-display-component---detailAdm--addressDetailDetailsName1\")][contains(text(), \"WebdriverSiterxp1s\")]"}
COMMAND: POST /session/1d0e84f34d2a035f0d5ceb5061c1d98c/element - {"using":"xpath","value":"//span[contains(@id ,\"application-addressmanagement-display-component---detailAdm--addressDetailDetailsName1\")][contains(text(), \"WebdriverSiterxp1s\")]"}
RESULT: {"using":"xpath","value":"//span[contains(@id ,\"application-addressmanagement-display-component---detailAdm--addressDetailDetailsName1\")][contains(text(), \"WebdriverSiterxp1s\")]"}
COMMAND: POST /session/1d0e84f34d2a035f0d5ceb5061c1d98c/element - {"using":"xpath","value":"//span[contains(@id ,\"application-addressmanagement-display-component---detailAdm--addressDetailDetailsName1\")][contains(text(), \"WebdriverSiterxp1s\")]"}
RESULT: {"using":"xpath","value":"//span[contains(@id ,\"application-addressmanagement-display-component---detailAdm--addressDetailDetailsName1\")][contains(text(), \"WebdriverSiterxp1s\")]"}
COMMAND: POST /session/1d0e84f34d2a035f0d5ceb5061c1d98c/element - {"using":"xpath","value":"//span[contains(@id ,\"application-addressmanagement-display-component---detailAdm--addressDetailDetailsName1\")][contains(text(), \"WebdriverSiterxp1s\")]"}
RESULT: {"using":"xpath","value":"//span[contains(@id ,\"application-addressmanagement-display-component---detailAdm--addressDetailDetailsName1\")][contains(text(), \"WebdriverSiterxp1s\")]"}
COMMAND: POST /session/1d0e84f34d2a035f0d5ceb5061c1d98c/element - {"using":"xpath","value":"//span[contains(@id ,\"application-addressmanagement-display-component---detailAdm--addressDetailDetailsName1\")][contains(text(), \"WebdriverSiterxp1s\")]"}
RESULT: {"using":"xpath","value":"//span[contains(@id ,\"application-addressmanagement-display-component---detailAdm--addressDetailDetailsName1\")][contains(text(), \"WebdriverSiterxp1s\")]"}
COMMAND: POST /session/1d0e84f34d2a035f0d5ceb5061c1d98c/element - {"using":"xpath","value":"//span[contains(@id ,\"application-addressmanagement-display-component---detailAdm--addressDetailDetailsName1\")][contains(text(), \"WebdriverSiterxp1s\")]"}
RESULT: {"using":"xpath","value":"//span[contains(@id ,\"application-addressmanagement-display-component---detailAdm--addressDetailDetailsName1\")][contains(text(), \"WebdriverSiterxp1s\")]"}
COMMAND: POST /session/1d0e84f34d2a035f0d5ceb5061c1d98c/element - {"using":"xpath","value":"//span[contains(@id ,\"application-addressmanagement-display-component---detailAdm--addressDetailDetailsName1\")][contains(text(), \"WebdriverSiterxp1s\")]"}
RESULT: {"using":"xpath","value":"//span[contains(@id ,\"application-addressmanagement-display-component---detailAdm--addressDetailDetailsName1\")][contains(text(), \"WebdriverSiterxp1s\")]"}
COMMAND: POST /session/1d0e84f34d2a035f0d5ceb5061c1d98c/element - {"using":"xpath","value":"//span[contains(@id ,\"application-addressmanagement-display-component---detailAdm--addressDetailDetailsName1\")][contains(text(), \"WebdriverSiterxp1s\")]"}
RESULT: {"using":"xpath","value":"//span[contains(@id ,\"application-addressmanagement-display-component---detailAdm--addressDetailDetailsName1\")][contains(text(), \"WebdriverSiterxp1s\")]"}
COMMAND: POST /session/1d0e84f34d2a035f0d5ceb5061c1d98c/element - {"using":"xpath","value":"//span[contains(@id ,\"application-addressmanagement-display-component---detailAdm--addressDetailDetailsName1\")][contains(text(), \"WebdriverSiterxp1s\")]"}
RESULT: {"using":"xpath","value":"//span[contains(@id ,\"application-addressmanagement-display-component---detailAdm--addressDetailDetailsName1\")][contains(text(), \"WebdriverSiterxp1s\")]"}
]]></system-out>
    </testcase>
  </testsuite>
  <testsuite timestamp="2025-05-30T16:22:04" time="236.311" tests="2" failures="0" errors="0" skipped="0">
    <properties>
      <property name="specId" value="0"/>
      <property name="suiteName" value="Webshop - Hyperlinks visible and working properly  US139085"/>
      <property name="capabilities" value="chrome.136_0_7103_93.windows"/>
      <property name="file" value="file:///D:/a/1/s/test/specs/R2C/webshop-hyperlinks-partner-address-contract-item.spec.js"/>
    </properties>
    <testcase classname="chrome.136_0_7103_93.windows.Webshop_-_Hyperlinks_visible_and_working_properly__US139085" name="Should verify the customer and address hyperlinks" time="146.81">
      <system-out><![CDATA[
COMMAND: POST /session/1d0e84f34d2a035f0d5ceb5061c1d98c/element - {"using":"xpath","value":"//*[contains(@data-kt ,\"webshopDetailAddressLink\")]"}
RESULT: {"using":"xpath","value":"//*[contains(@data-kt ,\"webshopDetailAddressLink\")]"}
COMMAND: POST /session/1d0e84f34d2a035f0d5ceb5061c1d98c/execute/sync - {"script":"<script> [8489 bytes]","args":[{"element-6066-11e4-a52e-4f735466cecf":"f.F6EA384F60A395BEF55DE869336FE185.d.82B44E779EF0F952EEEF51C0690D1CEF.e.5460","ELEMENT":"f.F6EA384F60A395BEF55DE869336FE185.d.82B44E779EF0F952EEEF51C0690D1CEF.e.5460"}]}
RESULT: {"script":"<script> [8489 bytes]","args":[{"element-6066-11e4-a52e-4f735466cecf":"f.F6EA384F60A395BEF55DE869336FE185.d.82B44E779EF0F952EEEF51C0690D1CEF.e.5460","ELEMENT":"f.F6EA384F60A395BEF55DE869336FE185.d.82B44E779EF0F952EEEF51C0690D1CEF.e.5460"}]}
COMMAND: POST /session/1d0e84f34d2a035f0d5ceb5061c1d98c/execute/sync - {"script":"<script> [5351 bytes]","args":[{"element-6066-11e4-a52e-4f735466cecf":"f.F6EA384F60A395BEF55DE869336FE185.d.82B44E779EF0F952EEEF51C0690D1CEF.e.5460","ELEMENT":"f.F6EA384F60A395BEF55DE869336FE185.d.82B44E779EF0F952EEEF51C0690D1CEF.e.5460"}]}
COMMAND: GET /session/1d0e84f34d2a035f0d5ceb5061c1d98c/screenshot - {}
RESULT: {"script":"<script> [5351 bytes]","args":[{"element-6066-11e4-a52e-4f735466cecf":"f.F6EA384F60A395BEF55DE869336FE185.d.82B44E779EF0F952EEEF51C0690D1CEF.e.5460","ELEMENT":"f.F6EA384F60A395BEF55DE869336FE185.d.82B44E779EF0F952EEEF51C0690D1CEF.e.5460"}]}
COMMAND: GET /session/1d0e84f34d2a035f0d5ceb5061c1d98c/screenshot - {}
RESULT: {}
COMMAND: POST /session/1d0e84f34d2a035f0d5ceb5061c1d98c/element - {"using":"xpath","value":"//span[contains(@id ,\"application-addressmanagement-display-component---detailAdm--addressDetailDetailsName1\")][contains(text(), \"WebdriverSiterxp1s\")]"}
RESULT: {}
RESULT: {"using":"xpath","value":"//span[contains(@id ,\"application-addressmanagement-display-component---detailAdm--addressDetailDetailsName1\")][contains(text(), \"WebdriverSiterxp1s\")]"}
COMMAND: POST /session/1d0e84f34d2a035f0d5ceb5061c1d98c/element - {"using":"xpath","value":"//span[contains(@id ,\"application-addressmanagement-display-component---detailAdm--addressDetailDetailsName1\")][contains(text(), \"WebdriverSiterxp1s\")]"}
RESULT: {"using":"xpath","value":"//span[contains(@id ,\"application-addressmanagement-display-component---detailAdm--addressDetailDetailsName1\")][contains(text(), \"WebdriverSiterxp1s\")]"}
COMMAND: POST /session/1d0e84f34d2a035f0d5ceb5061c1d98c/element - {"using":"xpath","value":"//span[contains(@id ,\"application-addressmanagement-display-component---detailAdm--addressDetailDetailsName1\")][contains(text(), \"WebdriverSiterxp1s\")]"}
RESULT: {"using":"xpath","value":"//span[contains(@id ,\"application-addressmanagement-display-component---detailAdm--addressDetailDetailsName1\")][contains(text(), \"WebdriverSiterxp1s\")]"}
COMMAND: POST /session/1d0e84f34d2a035f0d5ceb5061c1d98c/element - {"using":"xpath","value":"//span[contains(@id ,\"application-addressmanagement-display-component---detailAdm--addressDetailDetailsName1\")][contains(text(), \"WebdriverSiterxp1s\")]"}
RESULT: {"using":"xpath","value":"//span[contains(@id ,\"application-addressmanagement-display-component---detailAdm--addressDetailDetailsName1\")][contains(text(), \"WebdriverSiterxp1s\")]"}
COMMAND: POST /session/1d0e84f34d2a035f0d5ceb5061c1d98c/element - {"using":"xpath","value":"//span[contains(@id ,\"application-addressmanagement-display-component---detailAdm--addressDetailDetailsName1\")][contains(text(), \"WebdriverSiterxp1s\")]"}
RESULT: {"using":"xpath","value":"//span[contains(@id ,\"application-addressmanagement-display-component---detailAdm--addressDetailDetailsName1\")][contains(text(), \"WebdriverSiterxp1s\")]"}
COMMAND: POST /session/1d0e84f34d2a035f0d5ceb5061c1d98c/element - {"using":"xpath","value":"//span[contains(@id ,\"application-addressmanagement-display-component---detailAdm--addressDetailDetailsName1\")][contains(text(), \"WebdriverSiterxp1s\")]"}
RESULT: {"using":"xpath","value":"//span[contains(@id ,\"application-addressmanagement-display-component---detailAdm--addressDetailDetailsName1\")][contains(text(), \"WebdriverSiterxp1s\")]"}
COMMAND: POST /session/1d0e84f34d2a035f0d5ceb5061c1d98c/element - {"using":"xpath","value":"//span[contains(@id ,\"application-addressmanagement-display-component---detailAdm--addressDetailDetailsName1\")][contains(text(), \"WebdriverSiterxp1s\")]"}
RESULT: {"using":"xpath","value":"//span[contains(@id ,\"application-addressmanagement-display-component---detailAdm--addressDetailDetailsName1\")][contains(text(), \"WebdriverSiterxp1s\")]"}
COMMAND: POST /session/1d0e84f34d2a035f0d5ceb5061c1d98c/element - {"using":"xpath","value":"//span[contains(@id ,\"application-addressmanagement-display-component---detailAdm--addressDetailDetailsName1\")][contains(text(), \"WebdriverSiterxp1s\")]"}
RESULT: {"using":"xpath","value":"//span[contains(@id ,\"application-addressmanagement-display-component---detailAdm--addressDetailDetailsName1\")][contains(text(), \"WebdriverSiterxp1s\")]"}
COMMAND: POST /session/1d0e84f34d2a035f0d5ceb5061c1d98c/element - {"using":"xpath","value":"//span[contains(@id ,\"application-addressmanagement-display-component---detailAdm--addressDetailDetailsName1\")][contains(text(), \"WebdriverSiterxp1s\")]"}
RESULT: {"using":"xpath","value":"//span[contains(@id ,\"application-addressmanagement-display-component---detailAdm--addressDetailDetailsName1\")][contains(text(), \"WebdriverSiterxp1s\")]"}
COMMAND: POST /session/1d0e84f34d2a035f0d5ceb5061c1d98c/element - {"using":"xpath","value":"//*[contains(@data-kt ,\"webshopDetailAddressLink\")]"}
RESULT: {"using":"xpath","value":"//*[contains(@data-kt ,\"webshopDetailAddressLink\")]"}
COMMAND: POST /session/1d0e84f34d2a035f0d5ceb5061c1d98c/element/f.F6EA384F60A395BEF55DE869336FE185.d.82B44E779EF0F952EEEF51C0690D1CEF.e.5460/click - {}
COMMAND: POST /session/1d0e84f34d2a035f0d5ceb5061c1d98c/element - {"using":"xpath","value":"//span[contains(@id ,\"application-addressmanagement-display-component---detailAdm--addressDetailDetailsName1\")][contains(text(), \"WebdriverSiterxp1s\")]"}
RESULT: {}
COMMAND: GET /session/1d0e84f34d2a035f0d5ceb5061c1d98c/screenshot - {}
RESULT: {"using":"xpath","value":"//span[contains(@id ,\"application-addressmanagement-display-component---detailAdm--addressDetailDetailsName1\")][contains(text(), \"WebdriverSiterxp1s\")]"}
RESULT: {}
COMMAND: POST /session/1d0e84f34d2a035f0d5ceb5061c1d98c/element - {"using":"xpath","value":"//span[contains(@id ,\"application-addressmanagement-display-component---detailAdm--addressDetailDetailsName1\")][contains(text(), \"WebdriverSiterxp1s\")]"}
RESULT: {"using":"xpath","value":"//span[contains(@id ,\"application-addressmanagement-display-component---detailAdm--addressDetailDetailsName1\")][contains(text(), \"WebdriverSiterxp1s\")]"}
COMMAND: POST /session/1d0e84f34d2a035f0d5ceb5061c1d98c/element - {"using":"xpath","value":"//span[contains(@id ,\"application-addressmanagement-display-component---detailAdm--addressDetailDetailsName1\")][contains(text(), \"WebdriverSiterxp1s\")]"}
RESULT: {"using":"xpath","value":"//span[contains(@id ,\"application-addressmanagement-display-component---detailAdm--addressDetailDetailsName1\")][contains(text(), \"WebdriverSiterxp1s\")]"}
COMMAND: POST /session/1d0e84f34d2a035f0d5ceb5061c1d98c/element - {"using":"xpath","value":"//span[contains(@id ,\"application-addressmanagement-display-component---detailAdm--addressDetailDetailsName1\")][contains(text(), \"WebdriverSiterxp1s\")]"}
RESULT: {"using":"xpath","value":"//span[contains(@id ,\"application-addressmanagement-display-component---detailAdm--addressDetailDetailsName1\")][contains(text(), \"WebdriverSiterxp1s\")]"}
COMMAND: POST /session/1d0e84f34d2a035f0d5ceb5061c1d98c/element - {"using":"xpath","value":"//*[contains(@data-kt ,\"ContextMenuId2Link\")][contains(text(), \"Address Overview\")]"}
RESULT: {"using":"xpath","value":"//*[contains(@data-kt ,\"ContextMenuId2Link\")][contains(text(), \"Address Overview\")]"}
COMMAND: POST /session/1d0e84f34d2a035f0d5ceb5061c1d98c/execute/sync - {"script":"<script> [8489 bytes]","args":[{"element-6066-11e4-a52e-4f735466cecf":"f.F6EA384F60A395BEF55DE869336FE185.d.82B44E779EF0F952EEEF51C0690D1CEF.e.5462","ELEMENT":"f.F6EA384F60A395BEF55DE869336FE185.d.82B44E779EF0F952EEEF51C0690D1CEF.e.5462"}]}
COMMAND: POST /session/1d0e84f34d2a035f0d5ceb5061c1d98c/element - {"using":"xpath","value":"//*[contains(@data-kt ,\"ContextMenuId2Link\")][contains(text(), \"Address Overview\")]"}
RESULT: {"script":"<script> [8489 bytes]","args":[{"element-6066-11e4-a52e-4f735466cecf":"f.F6EA384F60A395BEF55DE869336FE185.d.82B44E779EF0F952EEEF51C0690D1CEF.e.5462","ELEMENT":"f.F6EA384F60A395BEF55DE869336FE185.d.82B44E779EF0F952EEEF51C0690D1CEF.e.5462"}]}
COMMAND: GET /session/1d0e84f34d2a035f0d5ceb5061c1d98c/screenshot - {}
RESULT: {"using":"xpath","value":"//*[contains(@data-kt ,\"ContextMenuId2Link\")][contains(text(), \"Address Overview\")]"}
COMMAND: POST /session/1d0e84f34d2a035f0d5ceb5061c1d98c/element/f.F6EA384F60A395BEF55DE869336FE185.d.82B44E779EF0F952EEEF51C0690D1CEF.e.5462/click - {}
COMMAND: POST /session/1d0e84f34d2a035f0d5ceb5061c1d98c/element - {"using":"xpath","value":"//span[contains(@id ,\"application-addressmanagement-display-component---detailAdm--addressDetailDetailsName1\")][contains(text(), \"WebdriverSiterxp1s\")]"}
RESULT: {}
RESULT: {}
COMMAND: GET /session/1d0e84f34d2a035f0d5ceb5061c1d98c/screenshot - {}
RESULT: {"using":"xpath","value":"//span[contains(@id ,\"application-addressmanagement-display-component---detailAdm--addressDetailDetailsName1\")][contains(text(), \"WebdriverSiterxp1s\")]"}
COMMAND: POST /session/1d0e84f34d2a035f0d5ceb5061c1d98c/element - {"using":"xpath","value":"//span[contains(@id ,\"application-addressmanagement-display-component---detailAdm--addressDetailDetailsName1\")][contains(text(), \"WebdriverSiterxp1s\")]"}
RESULT: {}
RESULT: {"using":"xpath","value":"//span[contains(@id ,\"application-addressmanagement-display-component---detailAdm--addressDetailDetailsName1\")][contains(text(), \"WebdriverSiterxp1s\")]"}
COMMAND: POST /session/1d0e84f34d2a035f0d5ceb5061c1d98c/execute/sync - {"script":"<script> [8489 bytes]","args":[{"element-6066-11e4-a52e-4f735466cecf":"f.F6EA384F60A395BEF55DE869336FE185.d.82B44E779EF0F952EEEF51C0690D1CEF.e.5663","ELEMENT":"f.F6EA384F60A395BEF55DE869336FE185.d.82B44E779EF0F952EEEF51C0690D1CEF.e.5663"}]}
RESULT: {"script":"<script> [8489 bytes]","args":[{"element-6066-11e4-a52e-4f735466cecf":"f.F6EA384F60A395BEF55DE869336FE185.d.82B44E779EF0F952EEEF51C0690D1CEF.e.5663","ELEMENT":"f.F6EA384F60A395BEF55DE869336FE185.d.82B44E779EF0F952EEEF51C0690D1CEF.e.5663"}]}
COMMAND: GET /session/1d0e84f34d2a035f0d5ceb5061c1d98c/screenshot - {}
RESULT: {}
RESULT: undefined
COMMAND: POST /session/1d0e84f34d2a035f0d5ceb5061c1d98c/execute/async - {"script":"<script> [6424 bytes]","args":[{"element-6066-11e4-a52e-4f735466cecf":"f.F6EA384F60A395BEF55DE869336FE185.d.82B44E779EF0F952EEEF51C0690D1CEF.e.3263"},"getTitle",[]]}
COMMAND: POST /session/1d0e84f34d2a035f0d5ceb5061c1d98c/execute/async - {"script":"<script> [1562 bytes]","args":[{"selector":{"id":"shellAppTitle"},"wdio_ui5_key":"shellAppTitle"}]}
RESULT: {"script":"<script> [1562 bytes]","args":[{"selector":{"id":"shellAppTitle"},"wdio_ui5_key":"shellAppTitle"}]}
COMMAND: POST /session/1d0e84f34d2a035f0d5ceb5061c1d98c/execute/async - {"script":"<script> [6424 bytes]","args":[{"element-6066-11e4-a52e-4f735466cecf":"f.F6EA384F60A395BEF55DE869336FE185.d.82B44E779EF0F952EEEF51C0690D1CEF.e.5664"},"getTitle",[]]}
RESULT: {"script":"<script> [6424 bytes]","args":[{"element-6066-11e4-a52e-4f735466cecf":"f.F6EA384F60A395BEF55DE869336FE185.d.82B44E779EF0F952EEEF51C0690D1CEF.e.5664"},"getTitle",[]]}
COMMAND: POST /session/1d0e84f34d2a035f0d5ceb5061c1d98c/element - {"using":"xpath","value":"//span[contains(@id ,\"application-addressmanagement-display-component---detailAdm--addressDetailDetailsName1\")][contains(text(), \"WebdriverSiterxp1s\")]"}
RESULT: {"using":"xpath","value":"//span[contains(@id ,\"application-addressmanagement-display-component---detailAdm--addressDetailDetailsName1\")][contains(text(), \"WebdriverSiterxp1s\")]"}
COMMAND: POST /session/1d0e84f34d2a035f0d5ceb5061c1d98c/execute/sync - {"script":"<script> [8489 bytes]","args":[{"element-6066-11e4-a52e-4f735466cecf":"f.F6EA384F60A395BEF55DE869336FE185.d.82B44E779EF0F952EEEF51C0690D1CEF.e.5663","ELEMENT":"f.F6EA384F60A395BEF55DE869336FE185.d.82B44E779EF0F952EEEF51C0690D1CEF.e.5663"}]}
RESULT: undefined
COMMAND: POST /session/1d0e84f34d2a035f0d5ceb5061c1d98c/element - {"using":"xpath","value":"//*[@id=\"backBtn\"]"}
RESULT: {"using":"xpath","value":"//*[@id=\"backBtn\"]"}
COMMAND: POST /session/1d0e84f34d2a035f0d5ceb5061c1d98c/element/f.F6EA384F60A395BEF55DE869336FE185.d.82B44E779EF0F952EEEF51C0690D1CEF.e.3265/click - {}
RESULT: {"script":"<script> [8489 bytes]","args":[{"element-6066-11e4-a52e-4f735466cecf":"f.F6EA384F60A395BEF55DE869336FE185.d.82B44E779EF0F952EEEF51C0690D1CEF.e.5663","ELEMENT":"f.F6EA384F60A395BEF55DE869336FE185.d.82B44E779EF0F952EEEF51C0690D1CEF.e.5663"}]}
COMMAND: GET /session/1d0e84f34d2a035f0d5ceb5061c1d98c/screenshot - {}
RESULT: {}
COMMAND: GET /session/1d0e84f34d2a035f0d5ceb5061c1d98c/screenshot - {}
RESULT: {}
COMMAND: POST /session/1d0e84f34d2a035f0d5ceb5061c1d98c/execute/sync - {"script":"<script> [8489 bytes]","args":[{"element-6066-11e4-a52e-4f735466cecf":"f.F6EA384F60A395BEF55DE869336FE185.d.82B44E779EF0F952EEEF51C0690D1CEF.e.5460","ELEMENT":"f.F6EA384F60A395BEF55DE869336FE185.d.82B44E779EF0F952EEEF51C0690D1CEF.e.5460"}]}
RESULT: {}
COMMAND: POST /session/1d0e84f34d2a035f0d5ceb5061c1d98c/element - {"using":"xpath","value":"//*[contains(@data-kt ,\"webshopDetailAddressLink\")]"}
RESULT: {"using":"xpath","value":"//*[contains(@data-kt ,\"webshopDetailAddressLink\")]"}
COMMAND: POST /session/1d0e84f34d2a035f0d5ceb5061c1d98c/execute/sync - {"script":"<script> [8489 bytes]","args":[{"element-6066-11e4-a52e-4f735466cecf":"f.F6EA384F60A395BEF55DE869336FE185.d.82B44E779EF0F952EEEF51C0690D1CEF.e.5796","ELEMENT":"f.F6EA384F60A395BEF55DE869336FE185.d.82B44E779EF0F952EEEF51C0690D1CEF.e.5796"}]}
RESULT: {"script":"<script> [8489 bytes]","args":[{"element-6066-11e4-a52e-4f735466cecf":"f.F6EA384F60A395BEF55DE869336FE185.d.82B44E779EF0F952EEEF51C0690D1CEF.e.5796","ELEMENT":"f.F6EA384F60A395BEF55DE869336FE185.d.82B44E779EF0F952EEEF51C0690D1CEF.e.5796"}]}
COMMAND: POST /session/1d0e84f34d2a035f0d5ceb5061c1d98c/execute/sync - {"script":"<script> [5351 bytes]","args":[{"element-6066-11e4-a52e-4f735466cecf":"f.F6EA384F60A395BEF55DE869336FE185.d.82B44E779EF0F952EEEF51C0690D1CEF.e.5796","ELEMENT":"f.F6EA384F60A395BEF55DE869336FE185.d.82B44E779EF0F952EEEF51C0690D1CEF.e.5796"}]}
COMMAND: GET /session/1d0e84f34d2a035f0d5ceb5061c1d98c/screenshot - {}
RESULT: {"script":"<script> [5351 bytes]","args":[{"element-6066-11e4-a52e-4f735466cecf":"f.F6EA384F60A395BEF55DE869336FE185.d.82B44E779EF0F952EEEF51C0690D1CEF.e.5796","ELEMENT":"f.F6EA384F60A395BEF55DE869336FE185.d.82B44E779EF0F952EEEF51C0690D1CEF.e.5796"}]}
COMMAND: POST /session/1d0e84f34d2a035f0d5ceb5061c1d98c/element - {"using":"xpath","value":"//*[contains(@data-kt ,\"webshopDetailAddressLink\")]"}
COMMAND: GET /session/1d0e84f34d2a035f0d5ceb5061c1d98c/screenshot - {}
RESULT: {}
RESULT: {"using":"xpath","value":"//*[contains(@data-kt ,\"webshopDetailAddressLink\")]"}
COMMAND: POST /session/1d0e84f34d2a035f0d5ceb5061c1d98c/element/f.F6EA384F60A395BEF55DE869336FE185.d.82B44E779EF0F952EEEF51C0690D1CEF.e.5796/click - {}
RESULT: {}
RESULT: {}
COMMAND: GET /session/1d0e84f34d2a035f0d5ceb5061c1d98c/screenshot - {}
RESULT: {}
COMMAND: POST /session/1d0e84f34d2a035f0d5ceb5061c1d98c/element - {"using":"xpath","value":"//button[contains(@data-kt ,\"ContextMenuExternalId2Link\")]"}
RESULT: {"using":"xpath","value":"//button[contains(@data-kt ,\"ContextMenuExternalId2Link\")]"}
COMMAND: POST /session/1d0e84f34d2a035f0d5ceb5061c1d98c/element/f.F6EA384F60A395BEF55DE869336FE185.d.82B44E779EF0F952EEEF51C0690D1CEF.e.5797/click - {}
RESULT: {}
COMMAND: GET /session/1d0e84f34d2a035f0d5ceb5061c1d98c/screenshot - {}
RESULT: {}
COMMAND: GET /session/1d0e84f34d2a035f0d5ceb5061c1d98c/window/handles - {}
RESULT: {}
COMMAND: POST /session/1d0e84f34d2a035f0d5ceb5061c1d98c/window - {"handle":"06475E6636EE1AD502BBDA8FCD64A207"}
RESULT: {"handle":"06475E6636EE1AD502BBDA8FCD64A207"}
COMMAND: GET /session/1d0e84f34d2a035f0d5ceb5061c1d98c/url - {}
RESULT: {}
COMMAND: GET /session/1d0e84f34d2a035f0d5ceb5061c1d98c/screenshot - {}
RESULT: {}
COMMAND: POST /session/1d0e84f34d2a035f0d5ceb5061c1d98c/execute/sync - {"script":"<script> [8489 bytes]","args":[{"element-6066-11e4-a52e-4f735466cecf":"f.F6EA384F60A395BEF55DE869336FE185.d.82B44E779EF0F952EEEF51C0690D1CEF.e.5663","ELEMENT":"f.F6EA384F60A395BEF55DE869336FE185.d.82B44E779EF0F952EEEF51C0690D1CEF.e.5663"}]}
COMMAND: DELETE /session/1d0e84f34d2a035f0d5ceb5061c1d98c/window - {}
RESULT: {}
COMMAND: POST /session/1d0e84f34d2a035f0d5ceb5061c1d98c/window - {"handle":"F6EA384F60A395BEF55DE869336FE185"}
RESULT: {"handle":"F6EA384F60A395BEF55DE869336FE185"}
COMMAND: GET /session/1d0e84f34d2a035f0d5ceb5061c1d98c/url - {}
COMMAND: POST /session/1d0e84f34d2a035f0d5ceb5061c1d98c/element - {"using":"xpath","value":"//span[contains(@id ,\"application-addressmanagement-display-component---detailAdm--addressDetailDetailsName1\")][contains(text(), \"WebdriverSiterxp1s\")]"}
RESULT: {}
COMMAND: GET /session/1d0e84f34d2a035f0d5ceb5061c1d98c/screenshot - {}
RESULT: {"using":"xpath","value":"//span[contains(@id ,\"application-addressmanagement-display-component---detailAdm--addressDetailDetailsName1\")][contains(text(), \"WebdriverSiterxp1s\")]"}
COMMAND: POST /session/1d0e84f34d2a035f0d5ceb5061c1d98c/element - {"using":"xpath","value":"//span[contains(@id ,\"application-addressmanagement-display-component---detailAdm--addressDetailDetailsName1\")][contains(text(), \"WebdriverSiterxp1s\")]"}
RESULT: {}
RESULT: {"using":"xpath","value":"//span[contains(@id ,\"application-addressmanagement-display-component---detailAdm--addressDetailDetailsName1\")][contains(text(), \"WebdriverSiterxp1s\")]"}
COMMAND: POST /session/1d0e84f34d2a035f0d5ceb5061c1d98c/element - {"using":"xpath","value":"//span[contains(@id ,\"application-addressmanagement-display-component---detailAdm--addressDetailDetailsName1\")][contains(text(), \"WebdriverSiterxp1s\")]"}
RESULT: {"using":"xpath","value":"//span[contains(@id ,\"application-addressmanagement-display-component---detailAdm--addressDetailDetailsName1\")][contains(text(), \"WebdriverSiterxp1s\")]"}
COMMAND: POST /session/1d0e84f34d2a035f0d5ceb5061c1d98c/element - {"using":"xpath","value":"//span[contains(@id ,\"application-addressmanagement-display-component---detailAdm--addressDetailDetailsName1\")][contains(text(), \"WebdriverSiterxp1s\")]"}
RESULT: {"using":"xpath","value":"//span[contains(@id ,\"application-addressmanagement-display-component---detailAdm--addressDetailDetailsName1\")][contains(text(), \"WebdriverSiterxp1s\")]"}
COMMAND: POST /session/1d0e84f34d2a035f0d5ceb5061c1d98c/element - {"using":"xpath","value":"//span[contains(@id ,\"application-addressmanagement-display-component---detailAdm--addressDetailDetailsName1\")][contains(text(), \"WebdriverSiterxp1s\")]"}
RESULT: {"using":"xpath","value":"//span[contains(@id ,\"application-addressmanagement-display-component---detailAdm--addressDetailDetailsName1\")][contains(text(), \"WebdriverSiterxp1s\")]"}
COMMAND: POST /session/1d0e84f34d2a035f0d5ceb5061c1d98c/element - {"using":"xpath","value":"//span[contains(@id ,\"application-addressmanagement-display-component---detailAdm--addressDetailDetailsName1\")][contains(text(), \"WebdriverSiterxp1s\")]"}
RESULT: {"using":"xpath","value":"//span[contains(@id ,\"application-addressmanagement-display-component---detailAdm--addressDetailDetailsName1\")][contains(text(), \"WebdriverSiterxp1s\")]"}
COMMAND: POST /session/1d0e84f34d2a035f0d5ceb5061c1d98c/element - {"using":"xpath","value":"//*[contains(@data-kt ,\"webshopDetailCustomerLink\")]"}
COMMAND: POST /session/1d0e84f34d2a035f0d5ceb5061c1d98c/element - {"using":"xpath","value":"//span[contains(@id ,\"application-addressmanagement-display-component---detailAdm--addressDetailDetailsName1\")][contains(text(), \"WebdriverSiterxp1s\")]"}
RESULT: {"using":"xpath","value":"//*[contains(@data-kt ,\"webshopDetailCustomerLink\")]"}
COMMAND: POST /session/1d0e84f34d2a035f0d5ceb5061c1d98c/execute/sync - {"script":"<script> [8489 bytes]","args":[{"element-6066-11e4-a52e-4f735466cecf":"f.F6EA384F60A395BEF55DE869336FE185.d.82B44E779EF0F952EEEF51C0690D1CEF.e.6005","ELEMENT":"f.F6EA384F60A395BEF55DE869336FE185.d.82B44E779EF0F952EEEF51C0690D1CEF.e.6005"}]}
RESULT: {"using":"xpath","value":"//span[contains(@id ,\"application-addressmanagement-display-component---detailAdm--addressDetailDetailsName1\")][contains(text(), \"WebdriverSiterxp1s\")]"}
RESULT: {"script":"<script> [8489 bytes]","args":[{"element-6066-11e4-a52e-4f735466cecf":"f.F6EA384F60A395BEF55DE869336FE185.d.82B44E779EF0F952EEEF51C0690D1CEF.e.6005","ELEMENT":"f.F6EA384F60A395BEF55DE869336FE185.d.82B44E779EF0F952EEEF51C0690D1CEF.e.6005"}]}
COMMAND: POST /session/1d0e84f34d2a035f0d5ceb5061c1d98c/execute/sync - {"script":"<script> [5351 bytes]","args":[{"element-6066-11e4-a52e-4f735466cecf":"f.F6EA384F60A395BEF55DE869336FE185.d.82B44E779EF0F952EEEF51C0690D1CEF.e.6005","ELEMENT":"f.F6EA384F60A395BEF55DE869336FE185.d.82B44E779EF0F952EEEF51C0690D1CEF.e.6005"}]}
COMMAND: GET /session/1d0e84f34d2a035f0d5ceb5061c1d98c/screenshot - {}
RESULT: {"script":"<script> [5351 bytes]","args":[{"element-6066-11e4-a52e-4f735466cecf":"f.F6EA384F60A395BEF55DE869336FE185.d.82B44E779EF0F952EEEF51C0690D1CEF.e.6005","ELEMENT":"f.F6EA384F60A395BEF55DE869336FE185.d.82B44E779EF0F952EEEF51C0690D1CEF.e.6005"}]}
COMMAND: POST /session/1d0e84f34d2a035f0d5ceb5061c1d98c/element - {"using":"xpath","value":"//*[contains(@data-kt ,\"webshopDetailCustomerLink\")]"}
COMMAND: GET /session/1d0e84f34d2a035f0d5ceb5061c1d98c/screenshot - {}
RESULT: {}
RESULT: {"using":"xpath","value":"//*[contains(@data-kt ,\"webshopDetailCustomerLink\")]"}
COMMAND: POST /session/1d0e84f34d2a035f0d5ceb5061c1d98c/element/f.F6EA384F60A395BEF55DE869336FE185.d.82B44E779EF0F952EEEF51C0690D1CEF.e.6005/click - {}
RESULT: {}
COMMAND: POST /session/1d0e84f34d2a035f0d5ceb5061c1d98c/element - {"using":"xpath","value":"//span[contains(@id ,\"application-addressmanagement-display-component---detailAdm--addressDetailDetailsName1\")][contains(text(), \"WebdriverSiterxp1s\")]"}
RESULT: {}
COMMAND: GET /session/1d0e84f34d2a035f0d5ceb5061c1d98c/screenshot - {}
RESULT: {"using":"xpath","value":"//span[contains(@id ,\"application-addressmanagement-display-component---detailAdm--addressDetailDetailsName1\")][contains(text(), \"WebdriverSiterxp1s\")]"}
RESULT: {}
COMMAND: POST /session/1d0e84f34d2a035f0d5ceb5061c1d98c/element - {"using":"xpath","value":"//span[contains(@id ,\"application-addressmanagement-display-component---detailAdm--addressDetailDetailsName1\")][contains(text(), \"WebdriverSiterxp1s\")]"}
RESULT: {"using":"xpath","value":"//span[contains(@id ,\"application-addressmanagement-display-component---detailAdm--addressDetailDetailsName1\")][contains(text(), \"WebdriverSiterxp1s\")]"}
COMMAND: POST /session/1d0e84f34d2a035f0d5ceb5061c1d98c/element - {"using":"xpath","value":"//span[contains(@id ,\"application-addressmanagement-display-component---detailAdm--addressDetailDetailsName1\")][contains(text(), \"WebdriverSiterxp1s\")]"}
RESULT: {"using":"xpath","value":"//span[contains(@id ,\"application-addressmanagement-display-component---detailAdm--addressDetailDetailsName1\")][contains(text(), \"WebdriverSiterxp1s\")]"}
COMMAND: POST /session/1d0e84f34d2a035f0d5ceb5061c1d98c/element - {"using":"xpath","value":"//span[contains(@id ,\"application-addressmanagement-display-component---detailAdm--addressDetailDetailsName1\")][contains(text(), \"WebdriverSiterxp1s\")]"}
RESULT: {"using":"xpath","value":"//span[contains(@id ,\"application-addressmanagement-display-component---detailAdm--addressDetailDetailsName1\")][contains(text(), \"WebdriverSiterxp1s\")]"}
COMMAND: POST /session/1d0e84f34d2a035f0d5ceb5061c1d98c/element - {"using":"xpath","value":"//*[contains(@data-kt ,\"ContextMenuId2Link\")][contains(text(), \"Partner Overview\")]"}
RESULT: {"using":"xpath","value":"//*[contains(@data-kt ,\"ContextMenuId2Link\")][contains(text(), \"Partner Overview\")]"}
COMMAND: POST /session/1d0e84f34d2a035f0d5ceb5061c1d98c/execute/sync - {"script":"<script> [8489 bytes]","args":[{"element-6066-11e4-a52e-4f735466cecf":"f.F6EA384F60A395BEF55DE869336FE185.d.82B44E779EF0F952EEEF51C0690D1CEF.e.6007","ELEMENT":"f.F6EA384F60A395BEF55DE869336FE185.d.82B44E779EF0F952EEEF51C0690D1CEF.e.6007"}]}
COMMAND: POST /session/1d0e84f34d2a035f0d5ceb5061c1d98c/element - {"using":"xpath","value":"//*[contains(@data-kt ,\"ContextMenuId2Link\")][contains(text(), \"Partner Overview\")]"}
RESULT: {"script":"<script> [8489 bytes]","args":[{"element-6066-11e4-a52e-4f735466cecf":"f.F6EA384F60A395BEF55DE869336FE185.d.82B44E779EF0F952EEEF51C0690D1CEF.e.6007","ELEMENT":"f.F6EA384F60A395BEF55DE869336FE185.d.82B44E779EF0F952EEEF51C0690D1CEF.e.6007"}]}
COMMAND: GET /session/1d0e84f34d2a035f0d5ceb5061c1d98c/screenshot - {}
RESULT: {"using":"xpath","value":"//*[contains(@data-kt ,\"ContextMenuId2Link\")][contains(text(), \"Partner Overview\")]"}
COMMAND: POST /session/1d0e84f34d2a035f0d5ceb5061c1d98c/element/f.F6EA384F60A395BEF55DE869336FE185.d.82B44E779EF0F952EEEF51C0690D1CEF.e.6007/click - {}
COMMAND: POST /session/1d0e84f34d2a035f0d5ceb5061c1d98c/element - {"using":"xpath","value":"//span[contains(@id ,\"application-addressmanagement-display-component---detailAdm--addressDetailDetailsName1\")][contains(text(), \"WebdriverSiterxp1s\")]"}
RESULT: {}
RESULT: {}
COMMAND: GET /session/1d0e84f34d2a035f0d5ceb5061c1d98c/screenshot - {}
RESULT: {"using":"xpath","value":"//span[contains(@id ,\"application-addressmanagement-display-component---detailAdm--addressDetailDetailsName1\")][contains(text(), \"WebdriverSiterxp1s\")]"}
COMMAND: POST /session/1d0e84f34d2a035f0d5ceb5061c1d98c/element - {"using":"xpath","value":"//span[contains(@id ,\"application-addressmanagement-display-component---detailAdm--addressDetailDetailsName1\")][contains(text(), \"WebdriverSiterxp1s\")]"}
RESULT: {}
RESULT: {"using":"xpath","value":"//span[contains(@id ,\"application-addressmanagement-display-component---detailAdm--addressDetailDetailsName1\")][contains(text(), \"WebdriverSiterxp1s\")]"}
COMMAND: POST /session/1d0e84f34d2a035f0d5ceb5061c1d98c/element - {"using":"xpath","value":"//span[contains(@id ,\"application-addressmanagement-display-component---detailAdm--addressDetailDetailsName1\")][contains(text(), \"WebdriverSiterxp1s\")]"}
RESULT: {"using":"xpath","value":"//span[contains(@id ,\"application-addressmanagement-display-component---detailAdm--addressDetailDetailsName1\")][contains(text(), \"WebdriverSiterxp1s\")]"}
COMMAND: POST /session/1d0e84f34d2a035f0d5ceb5061c1d98c/element - {"using":"xpath","value":"//span[contains(@id ,\"application-addressmanagement-display-component---detailAdm--addressDetailDetailsName1\")][contains(text(), \"WebdriverSiterxp1s\")]"}
RESULT: {"using":"xpath","value":"//span[contains(@id ,\"application-addressmanagement-display-component---detailAdm--addressDetailDetailsName1\")][contains(text(), \"WebdriverSiterxp1s\")]"}
COMMAND: POST /session/1d0e84f34d2a035f0d5ceb5061c1d98c/element - {"using":"xpath","value":"//span[contains(@id ,\"application-addressmanagement-display-component---detailAdm--addressDetailDetailsName1\")][contains(text(), \"WebdriverSiterxp1s\")]"}
RESULT: {"using":"xpath","value":"//span[contains(@id ,\"application-addressmanagement-display-component---detailAdm--addressDetailDetailsName1\")][contains(text(), \"WebdriverSiterxp1s\")]"}
COMMAND: POST /session/1d0e84f34d2a035f0d5ceb5061c1d98c/element - {"using":"xpath","value":"//span[contains(@id ,\"application-addressmanagement-display-component---detailAdm--addressDetailDetailsName1\")][contains(text(), \"WebdriverSiterxp1s\")]"}
RESULT: {"using":"xpath","value":"//span[contains(@id ,\"application-addressmanagement-display-component---detailAdm--addressDetailDetailsName1\")][contains(text(), \"WebdriverSiterxp1s\")]"}
COMMAND: POST /session/1d0e84f34d2a035f0d5ceb5061c1d98c/element - {"using":"xpath","value":"//span[contains(@id ,\"application-addressmanagement-display-component---detailAdm--addressDetailDetailsName1\")][contains(text(), \"WebdriverSiterxp1s\")]"}
RESULT: {"using":"xpath","value":"//span[contains(@id ,\"application-addressmanagement-display-component---detailAdm--addressDetailDetailsName1\")][contains(text(), \"WebdriverSiterxp1s\")]"}
COMMAND: POST /session/1d0e84f34d2a035f0d5ceb5061c1d98c/element - {"using":"xpath","value":"//span[contains(@id ,\"application-addressmanagement-display-component---detailAdm--addressDetailDetailsName1\")][contains(text(), \"WebdriverSiterxp1s\")]"}
RESULT: {"using":"xpath","value":"//span[contains(@id ,\"application-addressmanagement-display-component---detailAdm--addressDetailDetailsName1\")][contains(text(), \"WebdriverSiterxp1s\")]"}
COMMAND: POST /session/1d0e84f34d2a035f0d5ceb5061c1d98c/element - {"using":"xpath","value":"//span[contains(@id ,\"application-addressmanagement-display-component---detailAdm--addressDetailDetailsName1\")][contains(text(), \"WebdriverSiterxp1s\")]"}
RESULT: {"using":"xpath","value":"//span[contains(@id ,\"application-addressmanagement-display-component---detailAdm--addressDetailDetailsName1\")][contains(text(), \"WebdriverSiterxp1s\")]"}
COMMAND: POST /session/1d0e84f34d2a035f0d5ceb5061c1d98c/element - {"using":"xpath","value":"//span[contains(@id ,\"application-addressmanagement-display-component---detailAdm--addressDetailDetailsName1\")][contains(text(), \"WebdriverSiterxp1s\")]"}
RESULT: {"using":"xpath","value":"//span[contains(@id ,\"application-addressmanagement-display-component---detailAdm--addressDetailDetailsName1\")][contains(text(), \"WebdriverSiterxp1s\")]"}
COMMAND: POST /session/1d0e84f34d2a035f0d5ceb5061c1d98c/element - {"using":"xpath","value":"//span[contains(@id ,\"application-addressmanagement-display-component---detailAdm--addressDetailDetailsName1\")][contains(text(), \"WebdriverSiterxp1s\")]"}
RESULT: {"using":"xpath","value":"//span[contains(@id ,\"application-addressmanagement-display-component---detailAdm--addressDetailDetailsName1\")][contains(text(), \"WebdriverSiterxp1s\")]"}
RESULT: undefined
COMMAND: POST /session/1d0e84f34d2a035f0d5ceb5061c1d98c/execute/async - {"script":"<script> [6424 bytes]","args":[{"element-6066-11e4-a52e-4f735466cecf":"f.F6EA384F60A395BEF55DE869336FE185.d.82B44E779EF0F952EEEF51C0690D1CEF.e.3263"},"getTitle",[]]}
COMMAND: POST /session/1d0e84f34d2a035f0d5ceb5061c1d98c/execute/async - {"script":"<script> [1562 bytes]","args":[{"selector":{"id":"shellAppTitle"},"wdio_ui5_key":"shellAppTitle"}]}
COMMAND: POST /session/1d0e84f34d2a035f0d5ceb5061c1d98c/element - {"using":"xpath","value":"//span[contains(@id ,\"application-addressmanagement-display-component---detailAdm--addressDetailDetailsName1\")][contains(text(), \"WebdriverSiterxp1s\")]"}
RESULT: {"script":"<script> [1562 bytes]","args":[{"selector":{"id":"shellAppTitle"},"wdio_ui5_key":"shellAppTitle"}]}
COMMAND: POST /session/1d0e84f34d2a035f0d5ceb5061c1d98c/execute/async - {"script":"<script> [6424 bytes]","args":[{"element-6066-11e4-a52e-4f735466cecf":"f.F6EA384F60A395BEF55DE869336FE185.d.82B44E779EF0F952EEEF51C0690D1CEF.e.6252"},"getTitle",[]]}
RESULT: {"using":"xpath","value":"//span[contains(@id ,\"application-addressmanagement-display-component---detailAdm--addressDetailDetailsName1\")][contains(text(), \"WebdriverSiterxp1s\")]"}
RESULT: {"script":"<script> [6424 bytes]","args":[{"element-6066-11e4-a52e-4f735466cecf":"f.F6EA384F60A395BEF55DE869336FE185.d.82B44E779EF0F952EEEF51C0690D1CEF.e.6252"},"getTitle",[]]}
COMMAND: POST /session/1d0e84f34d2a035f0d5ceb5061c1d98c/element - {"using":"xpath","value":"//span[contains(@id ,\"title\")][contains(text(), \"WebdriverPartnercvdh8\")]"}
RESULT: {"using":"xpath","value":"//span[contains(@id ,\"title\")][contains(text(), \"WebdriverPartnercvdh8\")]"}
COMMAND: POST /session/1d0e84f34d2a035f0d5ceb5061c1d98c/execute/sync - {"script":"<script> [8489 bytes]","args":[{"element-6066-11e4-a52e-4f735466cecf":"f.F6EA384F60A395BEF55DE869336FE185.d.82B44E779EF0F952EEEF51C0690D1CEF.e.6253","ELEMENT":"f.F6EA384F60A395BEF55DE869336FE185.d.82B44E779EF0F952EEEF51C0690D1CEF.e.6253"}]}
RESULT: undefined
COMMAND: POST /session/1d0e84f34d2a035f0d5ceb5061c1d98c/element - {"using":"xpath","value":"//*[@id=\"backBtn\"]"}
RESULT: {"script":"<script> [8489 bytes]","args":[{"element-6066-11e4-a52e-4f735466cecf":"f.F6EA384F60A395BEF55DE869336FE185.d.82B44E779EF0F952EEEF51C0690D1CEF.e.6253","ELEMENT":"f.F6EA384F60A395BEF55DE869336FE185.d.82B44E779EF0F952EEEF51C0690D1CEF.e.6253"}]}
COMMAND: GET /session/1d0e84f34d2a035f0d5ceb5061c1d98c/screenshot - {}
COMMAND: POST /session/1d0e84f34d2a035f0d5ceb5061c1d98c/element - {"using":"xpath","value":"//span[contains(@id ,\"application-addressmanagement-display-component---detailAdm--addressDetailDetailsName1\")][contains(text(), \"WebdriverSiterxp1s\")]"}
RESULT: {"using":"xpath","value":"//*[@id=\"backBtn\"]"}
COMMAND: POST /session/1d0e84f34d2a035f0d5ceb5061c1d98c/element/f.F6EA384F60A395BEF55DE869336FE185.d.82B44E779EF0F952EEEF51C0690D1CEF.e.3265/click - {}
RESULT: {}
RESULT: {"using":"xpath","value":"//span[contains(@id ,\"application-addressmanagement-display-component---detailAdm--addressDetailDetailsName1\")][contains(text(), \"WebdriverSiterxp1s\")]"}
RESULT: {}
COMMAND: GET /session/1d0e84f34d2a035f0d5ceb5061c1d98c/screenshot - {}
COMMAND: POST /session/1d0e84f34d2a035f0d5ceb5061c1d98c/execute/sync - {"script":"<script> [8489 bytes]","args":[{"element-6066-11e4-a52e-4f735466cecf":"f.F6EA384F60A395BEF55DE869336FE185.d.82B44E779EF0F952EEEF51C0690D1CEF.e.6253","ELEMENT":"f.F6EA384F60A395BEF55DE869336FE185.d.82B44E779EF0F952EEEF51C0690D1CEF.e.6253"}]}
RESULT: {}
RESULT: {"script":"<script> [8489 bytes]","args":[{"element-6066-11e4-a52e-4f735466cecf":"f.F6EA384F60A395BEF55DE869336FE185.d.82B44E779EF0F952EEEF51C0690D1CEF.e.6253","ELEMENT":"f.F6EA384F60A395BEF55DE869336FE185.d.82B44E779EF0F952EEEF51C0690D1CEF.e.6253"}]}
COMMAND: GET /session/1d0e84f34d2a035f0d5ceb5061c1d98c/screenshot - {}
COMMAND: POST /session/1d0e84f34d2a035f0d5ceb5061c1d98c/element - {"using":"xpath","value":"//span[contains(@id ,\"application-addressmanagement-display-component---detailAdm--addressDetailDetailsName1\")][contains(text(), \"WebdriverSiterxp1s\")]"}
COMMAND: POST /session/1d0e84f34d2a035f0d5ceb5061c1d98c/execute/sync - {"script":"<script> [8489 bytes]","args":[{"element-6066-11e4-a52e-4f735466cecf":"f.F6EA384F60A395BEF55DE869336FE185.d.82B44E779EF0F952EEEF51C0690D1CEF.e.6253","ELEMENT":"f.F6EA384F60A395BEF55DE869336FE185.d.82B44E779EF0F952EEEF51C0690D1CEF.e.6253"}]}
RESULT: {}
RESULT: {"using":"xpath","value":"//span[contains(@id ,\"application-addressmanagement-display-component---detailAdm--addressDetailDetailsName1\")][contains(text(), \"WebdriverSiterxp1s\")]"}
COMMAND: POST /session/1d0e84f34d2a035f0d5ceb5061c1d98c/element - {"using":"xpath","value":"//span[contains(@id ,\"title\")][contains(text(), \"WebdriverPartnercvdh8\")]"}
RESULT: {"using":"xpath","value":"//span[contains(@id ,\"title\")][contains(text(), \"WebdriverPartnercvdh8\")]"}
COMMAND: POST /session/1d0e84f34d2a035f0d5ceb5061c1d98c/element - {"using":"xpath","value":"//span[contains(@id ,\"title\")][contains(text(), \"WebdriverPartnercvdh8\")]"}
RESULT: {"using":"xpath","value":"//span[contains(@id ,\"title\")][contains(text(), \"WebdriverPartnercvdh8\")]"}
COMMAND: POST /session/1d0e84f34d2a035f0d5ceb5061c1d98c/element - {"using":"xpath","value":"//span[contains(@id ,\"application-addressmanagement-display-component---detailAdm--addressDetailDetailsName1\")][contains(text(), \"WebdriverSiterxp1s\")]"}
RESULT: {"using":"xpath","value":"//span[contains(@id ,\"application-addressmanagement-display-component---detailAdm--addressDetailDetailsName1\")][contains(text(), \"WebdriverSiterxp1s\")]"}
COMMAND: POST /session/1d0e84f34d2a035f0d5ceb5061c1d98c/element - {"using":"xpath","value":"//span[contains(@id ,\"title\")][contains(text(), \"WebdriverPartnercvdh8\")]"}
COMMAND: POST /session/1d0e84f34d2a035f0d5ceb5061c1d98c/element - {"using":"xpath","value":"//span[contains(@id ,\"application-addressmanagement-display-component---detailAdm--addressDetailDetailsName1\")][contains(text(), \"WebdriverSiterxp1s\")]"}
RESULT: {"using":"xpath","value":"//span[contains(@id ,\"title\")][contains(text(), \"WebdriverPartnercvdh8\")]"}
RESULT: {"using":"xpath","value":"//span[contains(@id ,\"application-addressmanagement-display-component---detailAdm--addressDetailDetailsName1\")][contains(text(), \"WebdriverSiterxp1s\")]"}
COMMAND: POST /session/1d0e84f34d2a035f0d5ceb5061c1d98c/element - {"using":"xpath","value":"//span[contains(@id ,\"title\")][contains(text(), \"WebdriverPartnercvdh8\")]"}
COMMAND: POST /session/1d0e84f34d2a035f0d5ceb5061c1d98c/element - {"using":"xpath","value":"//span[contains(@id ,\"application-addressmanagement-display-component---detailAdm--addressDetailDetailsName1\")][contains(text(), \"WebdriverSiterxp1s\")]"}
RESULT: {"using":"xpath","value":"//span[contains(@id ,\"title\")][contains(text(), \"WebdriverPartnercvdh8\")]"}
RESULT: {"using":"xpath","value":"//span[contains(@id ,\"application-addressmanagement-display-component---detailAdm--addressDetailDetailsName1\")][contains(text(), \"WebdriverSiterxp1s\")]"}
COMMAND: POST /session/1d0e84f34d2a035f0d5ceb5061c1d98c/element - {"using":"xpath","value":"//span[contains(@id ,\"title\")][contains(text(), \"WebdriverPartnercvdh8\")]"}
COMMAND: POST /session/1d0e84f34d2a035f0d5ceb5061c1d98c/element - {"using":"xpath","value":"//span[contains(@id ,\"application-addressmanagement-display-component---detailAdm--addressDetailDetailsName1\")][contains(text(), \"WebdriverSiterxp1s\")]"}
RESULT: {"using":"xpath","value":"//span[contains(@id ,\"title\")][contains(text(), \"WebdriverPartnercvdh8\")]"}
RESULT: {"using":"xpath","value":"//span[contains(@id ,\"application-addressmanagement-display-component---detailAdm--addressDetailDetailsName1\")][contains(text(), \"WebdriverSiterxp1s\")]"}
COMMAND: POST /session/1d0e84f34d2a035f0d5ceb5061c1d98c/element - {"using":"xpath","value":"//span[contains(@id ,\"title\")][contains(text(), \"WebdriverPartnercvdh8\")]"}
COMMAND: POST /session/1d0e84f34d2a035f0d5ceb5061c1d98c/element - {"using":"xpath","value":"//span[contains(@id ,\"application-addressmanagement-display-component---detailAdm--addressDetailDetailsName1\")][contains(text(), \"WebdriverSiterxp1s\")]"}
RESULT: {"using":"xpath","value":"//span[contains(@id ,\"title\")][contains(text(), \"WebdriverPartnercvdh8\")]"}
RESULT: {"using":"xpath","value":"//span[contains(@id ,\"application-addressmanagement-display-component---detailAdm--addressDetailDetailsName1\")][contains(text(), \"WebdriverSiterxp1s\")]"}
COMMAND: POST /session/1d0e84f34d2a035f0d5ceb5061c1d98c/element - {"using":"xpath","value":"//span[contains(@id ,\"title\")][contains(text(), \"WebdriverPartnercvdh8\")]"}
RESULT: {"using":"xpath","value":"//span[contains(@id ,\"title\")][contains(text(), \"WebdriverPartnercvdh8\")]"}
COMMAND: POST /session/1d0e84f34d2a035f0d5ceb5061c1d98c/element - {"using":"xpath","value":"//span[contains(@id ,\"application-addressmanagement-display-component---detailAdm--addressDetailDetailsName1\")][contains(text(), \"WebdriverSiterxp1s\")]"}
RESULT: {"using":"xpath","value":"//span[contains(@id ,\"application-addressmanagement-display-component---detailAdm--addressDetailDetailsName1\")][contains(text(), \"WebdriverSiterxp1s\")]"}
COMMAND: POST /session/1d0e84f34d2a035f0d5ceb5061c1d98c/element - {"using":"xpath","value":"//span[contains(@id ,\"title\")][contains(text(), \"WebdriverPartnercvdh8\")]"}
RESULT: {"using":"xpath","value":"//span[contains(@id ,\"title\")][contains(text(), \"WebdriverPartnercvdh8\")]"}
COMMAND: POST /session/1d0e84f34d2a035f0d5ceb5061c1d98c/element - {"using":"xpath","value":"//span[contains(@id ,\"application-addressmanagement-display-component---detailAdm--addressDetailDetailsName1\")][contains(text(), \"WebdriverSiterxp1s\")]"}
RESULT: {"using":"xpath","value":"//span[contains(@id ,\"application-addressmanagement-display-component---detailAdm--addressDetailDetailsName1\")][contains(text(), \"WebdriverSiterxp1s\")]"}
COMMAND: POST /session/1d0e84f34d2a035f0d5ceb5061c1d98c/element - {"using":"xpath","value":"//span[contains(@id ,\"title\")][contains(text(), \"WebdriverPartnercvdh8\")]"}
RESULT: {"using":"xpath","value":"//span[contains(@id ,\"title\")][contains(text(), \"WebdriverPartnercvdh8\")]"}
COMMAND: POST /session/1d0e84f34d2a035f0d5ceb5061c1d98c/element - {"using":"xpath","value":"//span[contains(@id ,\"application-addressmanagement-display-component---detailAdm--addressDetailDetailsName1\")][contains(text(), \"WebdriverSiterxp1s\")]"}
RESULT: {"using":"xpath","value":"//span[contains(@id ,\"application-addressmanagement-display-component---detailAdm--addressDetailDetailsName1\")][contains(text(), \"WebdriverSiterxp1s\")]"}
COMMAND: POST /session/1d0e84f34d2a035f0d5ceb5061c1d98c/element - {"using":"xpath","value":"//span[contains(@id ,\"title\")][contains(text(), \"WebdriverPartnercvdh8\")]"}
RESULT: {"using":"xpath","value":"//span[contains(@id ,\"title\")][contains(text(), \"WebdriverPartnercvdh8\")]"}
COMMAND: POST /session/1d0e84f34d2a035f0d5ceb5061c1d98c/element - {"using":"xpath","value":"//span[contains(@id ,\"application-addressmanagement-display-component---detailAdm--addressDetailDetailsName1\")][contains(text(), \"WebdriverSiterxp1s\")]"}
RESULT: {"using":"xpath","value":"//span[contains(@id ,\"application-addressmanagement-display-component---detailAdm--addressDetailDetailsName1\")][contains(text(), \"WebdriverSiterxp1s\")]"}
COMMAND: POST /session/1d0e84f34d2a035f0d5ceb5061c1d98c/element - {"using":"xpath","value":"//span[contains(@id ,\"title\")][contains(text(), \"WebdriverPartnercvdh8\")]"}
RESULT: {"using":"xpath","value":"//span[contains(@id ,\"title\")][contains(text(), \"WebdriverPartnercvdh8\")]"}
COMMAND: POST /session/1d0e84f34d2a035f0d5ceb5061c1d98c/element - {"using":"xpath","value":"//span[contains(@id ,\"application-addressmanagement-display-component---detailAdm--addressDetailDetailsName1\")][contains(text(), \"WebdriverSiterxp1s\")]"}
RESULT: {"using":"xpath","value":"//span[contains(@id ,\"application-addressmanagement-display-component---detailAdm--addressDetailDetailsName1\")][contains(text(), \"WebdriverSiterxp1s\")]"}
COMMAND: POST /session/1d0e84f34d2a035f0d5ceb5061c1d98c/element - {"using":"xpath","value":"//span[contains(@id ,\"title\")][contains(text(), \"WebdriverPartnercvdh8\")]"}
RESULT: {"using":"xpath","value":"//span[contains(@id ,\"title\")][contains(text(), \"WebdriverPartnercvdh8\")]"}
COMMAND: POST /session/1d0e84f34d2a035f0d5ceb5061c1d98c/element - {"using":"xpath","value":"//span[contains(@id ,\"application-addressmanagement-display-component---detailAdm--addressDetailDetailsName1\")][contains(text(), \"WebdriverSiterxp1s\")]"}
RESULT: {"using":"xpath","value":"//span[contains(@id ,\"application-addressmanagement-display-component---detailAdm--addressDetailDetailsName1\")][contains(text(), \"WebdriverSiterxp1s\")]"}
COMMAND: POST /session/1d0e84f34d2a035f0d5ceb5061c1d98c/element - {"using":"xpath","value":"//span[contains(@id ,\"title\")][contains(text(), \"WebdriverPartnercvdh8\")]"}
RESULT: {"using":"xpath","value":"//span[contains(@id ,\"title\")][contains(text(), \"WebdriverPartnercvdh8\")]"}
COMMAND: POST /session/1d0e84f34d2a035f0d5ceb5061c1d98c/element - {"using":"xpath","value":"//span[contains(@id ,\"application-addressmanagement-display-component---detailAdm--addressDetailDetailsName1\")][contains(text(), \"WebdriverSiterxp1s\")]"}
RESULT: {"using":"xpath","value":"//span[contains(@id ,\"application-addressmanagement-display-component---detailAdm--addressDetailDetailsName1\")][contains(text(), \"WebdriverSiterxp1s\")]"}
COMMAND: POST /session/1d0e84f34d2a035f0d5ceb5061c1d98c/element - {"using":"xpath","value":"//span[contains(@id ,\"title\")][contains(text(), \"WebdriverPartnercvdh8\")]"}
RESULT: {"using":"xpath","value":"//span[contains(@id ,\"title\")][contains(text(), \"WebdriverPartnercvdh8\")]"}
COMMAND: POST /session/1d0e84f34d2a035f0d5ceb5061c1d98c/element - {"using":"xpath","value":"//span[contains(@id ,\"application-addressmanagement-display-component---detailAdm--addressDetailDetailsName1\")][contains(text(), \"WebdriverSiterxp1s\")]"}
RESULT: {"using":"xpath","value":"//span[contains(@id ,\"application-addressmanagement-display-component---detailAdm--addressDetailDetailsName1\")][contains(text(), \"WebdriverSiterxp1s\")]"}
COMMAND: POST /session/1d0e84f34d2a035f0d5ceb5061c1d98c/element - {"using":"xpath","value":"//span[contains(@id ,\"title\")][contains(text(), \"WebdriverPartnercvdh8\")]"}
COMMAND: POST /session/1d0e84f34d2a035f0d5ceb5061c1d98c/element - {"using":"xpath","value":"//span[contains(@id ,\"application-addressmanagement-display-component---detailAdm--addressDetailDetailsName1\")][contains(text(), \"WebdriverSiterxp1s\")]"}
RESULT: {"using":"xpath","value":"//span[contains(@id ,\"title\")][contains(text(), \"WebdriverPartnercvdh8\")]"}
RESULT: {"using":"xpath","value":"//span[contains(@id ,\"application-addressmanagement-display-component---detailAdm--addressDetailDetailsName1\")][contains(text(), \"WebdriverSiterxp1s\")]"}
COMMAND: POST /session/1d0e84f34d2a035f0d5ceb5061c1d98c/execute/sync - {"script":"<script> [8489 bytes]","args":[{"element-6066-11e4-a52e-4f735466cecf":"f.F6EA384F60A395BEF55DE869336FE185.d.82B44E779EF0F952EEEF51C0690D1CEF.e.6005","ELEMENT":"f.F6EA384F60A395BEF55DE869336FE185.d.82B44E779EF0F952EEEF51C0690D1CEF.e.6005"}]}
COMMAND: POST /session/1d0e84f34d2a035f0d5ceb5061c1d98c/element - {"using":"xpath","value":"//*[contains(@data-kt ,\"webshopDetailCustomerLink\")]"}
RESULT: {"using":"xpath","value":"//*[contains(@data-kt ,\"webshopDetailCustomerLink\")]"}
COMMAND: POST /session/1d0e84f34d2a035f0d5ceb5061c1d98c/execute/sync - {"script":"<script> [8489 bytes]","args":[{"element-6066-11e4-a52e-4f735466cecf":"f.F6EA384F60A395BEF55DE869336FE185.d.82B44E779EF0F952EEEF51C0690D1CEF.e.6423","ELEMENT":"f.F6EA384F60A395BEF55DE869336FE185.d.82B44E779EF0F952EEEF51C0690D1CEF.e.6423"}]}
RESULT: {"script":"<script> [8489 bytes]","args":[{"element-6066-11e4-a52e-4f735466cecf":"f.F6EA384F60A395BEF55DE869336FE185.d.82B44E779EF0F952EEEF51C0690D1CEF.e.6423","ELEMENT":"f.F6EA384F60A395BEF55DE869336FE185.d.82B44E779EF0F952EEEF51C0690D1CEF.e.6423"}]}
COMMAND: POST /session/1d0e84f34d2a035f0d5ceb5061c1d98c/execute/sync - {"script":"<script> [5351 bytes]","args":[{"element-6066-11e4-a52e-4f735466cecf":"f.F6EA384F60A395BEF55DE869336FE185.d.82B44E779EF0F952EEEF51C0690D1CEF.e.6423","ELEMENT":"f.F6EA384F60A395BEF55DE869336FE185.d.82B44E779EF0F952EEEF51C0690D1CEF.e.6423"}]}
COMMAND: POST /session/1d0e84f34d2a035f0d5ceb5061c1d98c/element - {"using":"xpath","value":"//span[contains(@id ,\"title\")][contains(text(), \"WebdriverPartnercvdh8\")]"}
COMMAND: POST /session/1d0e84f34d2a035f0d5ceb5061c1d98c/element - {"using":"xpath","value":"//span[contains(@id ,\"application-addressmanagement-display-component---detailAdm--addressDetailDetailsName1\")][contains(text(), \"WebdriverSiterxp1s\")]"}
COMMAND: GET /session/1d0e84f34d2a035f0d5ceb5061c1d98c/screenshot - {}
RESULT: {"script":"<script> [5351 bytes]","args":[{"element-6066-11e4-a52e-4f735466cecf":"f.F6EA384F60A395BEF55DE869336FE185.d.82B44E779EF0F952EEEF51C0690D1CEF.e.6423","ELEMENT":"f.F6EA384F60A395BEF55DE869336FE185.d.82B44E779EF0F952EEEF51C0690D1CEF.e.6423"}]}
COMMAND: POST /session/1d0e84f34d2a035f0d5ceb5061c1d98c/element - {"using":"xpath","value":"//*[contains(@data-kt ,\"webshopDetailCustomerLink\")]"}
COMMAND: GET /session/1d0e84f34d2a035f0d5ceb5061c1d98c/screenshot - {}
RESULT: {"using":"xpath","value":"//span[contains(@id ,\"title\")][contains(text(), \"WebdriverPartnercvdh8\")]"}
RESULT: {"using":"xpath","value":"//span[contains(@id ,\"application-addressmanagement-display-component---detailAdm--addressDetailDetailsName1\")][contains(text(), \"WebdriverSiterxp1s\")]"}
RESULT: {}
RESULT: {"using":"xpath","value":"//*[contains(@data-kt ,\"webshopDetailCustomerLink\")]"}
COMMAND: POST /session/1d0e84f34d2a035f0d5ceb5061c1d98c/element/f.F6EA384F60A395BEF55DE869336FE185.d.82B44E779EF0F952EEEF51C0690D1CEF.e.6423/click - {}
COMMAND: POST /session/1d0e84f34d2a035f0d5ceb5061c1d98c/element - {"using":"xpath","value":"//span[contains(@id ,\"title\")][contains(text(), \"WebdriverPartnercvdh8\")]"}
RESULT: {}
COMMAND: POST /session/1d0e84f34d2a035f0d5ceb5061c1d98c/element - {"using":"xpath","value":"//span[contains(@id ,\"application-addressmanagement-display-component---detailAdm--addressDetailDetailsName1\")][contains(text(), \"WebdriverSiterxp1s\")]"}
RESULT: {}
COMMAND: GET /session/1d0e84f34d2a035f0d5ceb5061c1d98c/screenshot - {}
RESULT: {"using":"xpath","value":"//span[contains(@id ,\"title\")][contains(text(), \"WebdriverPartnercvdh8\")]"}
COMMAND: POST /session/1d0e84f34d2a035f0d5ceb5061c1d98c/execute/sync - {"script":"<script> [8489 bytes]","args":[{"element-6066-11e4-a52e-4f735466cecf":"f.F6EA384F60A395BEF55DE869336FE185.d.82B44E779EF0F952EEEF51C0690D1CEF.e.6426","ELEMENT":"f.F6EA384F60A395BEF55DE869336FE185.d.82B44E779EF0F952EEEF51C0690D1CEF.e.6426"}]}
RESULT: {"using":"xpath","value":"//span[contains(@id ,\"application-addressmanagement-display-component---detailAdm--addressDetailDetailsName1\")][contains(text(), \"WebdriverSiterxp1s\")]"}
RESULT: {}
RESULT: {"script":"<script> [8489 bytes]","args":[{"element-6066-11e4-a52e-4f735466cecf":"f.F6EA384F60A395BEF55DE869336FE185.d.82B44E779EF0F952EEEF51C0690D1CEF.e.6426","ELEMENT":"f.F6EA384F60A395BEF55DE869336FE185.d.82B44E779EF0F952EEEF51C0690D1CEF.e.6426"}]}
COMMAND: GET /session/1d0e84f34d2a035f0d5ceb5061c1d98c/screenshot - {}
RESULT: {}
COMMAND: POST /session/1d0e84f34d2a035f0d5ceb5061c1d98c/element - {"using":"xpath","value":"//span[contains(@id ,\"application-addressmanagement-display-component---detailAdm--addressDetailDetailsName1\")][contains(text(), \"WebdriverSiterxp1s\")]"}
RESULT: {"using":"xpath","value":"//span[contains(@id ,\"application-addressmanagement-display-component---detailAdm--addressDetailDetailsName1\")][contains(text(), \"WebdriverSiterxp1s\")]"}
COMMAND: POST /session/1d0e84f34d2a035f0d5ceb5061c1d98c/element - {"using":"xpath","value":"//span[contains(@id ,\"application-addressmanagement-display-component---detailAdm--addressDetailDetailsName1\")][contains(text(), \"WebdriverSiterxp1s\")]"}
RESULT: {"using":"xpath","value":"//span[contains(@id ,\"application-addressmanagement-display-component---detailAdm--addressDetailDetailsName1\")][contains(text(), \"WebdriverSiterxp1s\")]"}
COMMAND: POST /session/1d0e84f34d2a035f0d5ceb5061c1d98c/element - {"using":"xpath","value":"//span[contains(@id ,\"application-addressmanagement-display-component---detailAdm--addressDetailDetailsName1\")][contains(text(), \"WebdriverSiterxp1s\")]"}
RESULT: {"using":"xpath","value":"//span[contains(@id ,\"application-addressmanagement-display-component---detailAdm--addressDetailDetailsName1\")][contains(text(), \"WebdriverSiterxp1s\")]"}
COMMAND: POST /session/1d0e84f34d2a035f0d5ceb5061c1d98c/element - {"using":"xpath","value":"//button[contains(@data-kt ,\"ContextMenuExternalId2Link\")]"}
RESULT: {"using":"xpath","value":"//button[contains(@data-kt ,\"ContextMenuExternalId2Link\")]"}
COMMAND: POST /session/1d0e84f34d2a035f0d5ceb5061c1d98c/element/f.F6EA384F60A395BEF55DE869336FE185.d.82B44E779EF0F952EEEF51C0690D1CEF.e.6425/click - {}
COMMAND: POST /session/1d0e84f34d2a035f0d5ceb5061c1d98c/element - {"using":"xpath","value":"//span[contains(@id ,\"application-addressmanagement-display-component---detailAdm--addressDetailDetailsName1\")][contains(text(), \"WebdriverSiterxp1s\")]"}
RESULT: {}
COMMAND: GET /session/1d0e84f34d2a035f0d5ceb5061c1d98c/screenshot - {}
RESULT: {"using":"xpath","value":"//span[contains(@id ,\"application-addressmanagement-display-component---detailAdm--addressDetailDetailsName1\")][contains(text(), \"WebdriverSiterxp1s\")]"}
RESULT: {}
COMMAND: POST /session/1d0e84f34d2a035f0d5ceb5061c1d98c/element - {"using":"xpath","value":"//span[contains(@id ,\"application-addressmanagement-display-component---detailAdm--addressDetailDetailsName1\")][contains(text(), \"WebdriverSiterxp1s\")]"}
RESULT: {"using":"xpath","value":"//span[contains(@id ,\"application-addressmanagement-display-component---detailAdm--addressDetailDetailsName1\")][contains(text(), \"WebdriverSiterxp1s\")]"}
COMMAND: POST /session/1d0e84f34d2a035f0d5ceb5061c1d98c/element - {"using":"xpath","value":"//span[contains(@id ,\"application-addressmanagement-display-component---detailAdm--addressDetailDetailsName1\")][contains(text(), \"WebdriverSiterxp1s\")]"}
RESULT: {"using":"xpath","value":"//span[contains(@id ,\"application-addressmanagement-display-component---detailAdm--addressDetailDetailsName1\")][contains(text(), \"WebdriverSiterxp1s\")]"}
COMMAND: POST /session/1d0e84f34d2a035f0d5ceb5061c1d98c/element - {"using":"xpath","value":"//span[contains(@id ,\"application-addressmanagement-display-component---detailAdm--addressDetailDetailsName1\")][contains(text(), \"WebdriverSiterxp1s\")]"}
RESULT: {"using":"xpath","value":"//span[contains(@id ,\"application-addressmanagement-display-component---detailAdm--addressDetailDetailsName1\")][contains(text(), \"WebdriverSiterxp1s\")]"}
COMMAND: POST /session/1d0e84f34d2a035f0d5ceb5061c1d98c/element - {"using":"xpath","value":"//span[contains(@id ,\"application-addressmanagement-display-component---detailAdm--addressDetailDetailsName1\")][contains(text(), \"WebdriverSiterxp1s\")]"}
RESULT: {"using":"xpath","value":"//span[contains(@id ,\"application-addressmanagement-display-component---detailAdm--addressDetailDetailsName1\")][contains(text(), \"WebdriverSiterxp1s\")]"}
COMMAND: POST /session/1d0e84f34d2a035f0d5ceb5061c1d98c/element - {"using":"xpath","value":"//span[contains(@id ,\"application-addressmanagement-display-component---detailAdm--addressDetailDetailsName1\")][contains(text(), \"WebdriverSiterxp1s\")]"}
RESULT: {"using":"xpath","value":"//span[contains(@id ,\"application-addressmanagement-display-component---detailAdm--addressDetailDetailsName1\")][contains(text(), \"WebdriverSiterxp1s\")]"}
COMMAND: POST /session/1d0e84f34d2a035f0d5ceb5061c1d98c/element - {"using":"xpath","value":"//span[contains(@id ,\"application-addressmanagement-display-component---detailAdm--addressDetailDetailsName1\")][contains(text(), \"WebdriverSiterxp1s\")]"}
RESULT: {"using":"xpath","value":"//span[contains(@id ,\"application-addressmanagement-display-component---detailAdm--addressDetailDetailsName1\")][contains(text(), \"WebdriverSiterxp1s\")]"}
COMMAND: POST /session/1d0e84f34d2a035f0d5ceb5061c1d98c/element - {"using":"xpath","value":"//span[contains(@id ,\"application-addressmanagement-display-component---detailAdm--addressDetailDetailsName1\")][contains(text(), \"WebdriverSiterxp1s\")]"}
RESULT: {"using":"xpath","value":"//span[contains(@id ,\"application-addressmanagement-display-component---detailAdm--addressDetailDetailsName1\")][contains(text(), \"WebdriverSiterxp1s\")]"}
COMMAND: POST /session/1d0e84f34d2a035f0d5ceb5061c1d98c/element - {"using":"xpath","value":"//span[contains(@id ,\"application-addressmanagement-display-component---detailAdm--addressDetailDetailsName1\")][contains(text(), \"WebdriverSiterxp1s\")]"}
RESULT: {"using":"xpath","value":"//span[contains(@id ,\"application-addressmanagement-display-component---detailAdm--addressDetailDetailsName1\")][contains(text(), \"WebdriverSiterxp1s\")]"}
COMMAND: POST /session/1d0e84f34d2a035f0d5ceb5061c1d98c/element - {"using":"xpath","value":"//span[contains(@id ,\"application-addressmanagement-display-component---detailAdm--addressDetailDetailsName1\")][contains(text(), \"WebdriverSiterxp1s\")]"}
COMMAND: GET /session/1d0e84f34d2a035f0d5ceb5061c1d98c/window/handles - {}
RESULT: {"using":"xpath","value":"//span[contains(@id ,\"application-addressmanagement-display-component---detailAdm--addressDetailDetailsName1\")][contains(text(), \"WebdriverSiterxp1s\")]"}
RESULT: {}
COMMAND: POST /session/1d0e84f34d2a035f0d5ceb5061c1d98c/window - {"handle":"286FF28130CAC1475EE5B34EDE89DA91"}
COMMAND: POST /session/1d0e84f34d2a035f0d5ceb5061c1d98c/element - {"using":"xpath","value":"//span[contains(@id ,\"application-addressmanagement-display-component---detailAdm--addressDetailDetailsName1\")][contains(text(), \"WebdriverSiterxp1s\")]"}
RESULT: {"handle":"286FF28130CAC1475EE5B34EDE89DA91"}
COMMAND: GET /session/1d0e84f34d2a035f0d5ceb5061c1d98c/url - {}
RESULT: {"using":"xpath","value":"//span[contains(@id ,\"application-addressmanagement-display-component---detailAdm--addressDetailDetailsName1\")][contains(text(), \"WebdriverSiterxp1s\")]"}
RESULT: {}
COMMAND: GET /session/1d0e84f34d2a035f0d5ceb5061c1d98c/screenshot - {}
RESULT: {}
COMMAND: POST /session/1d0e84f34d2a035f0d5ceb5061c1d98c/element - {"using":"xpath","value":"//span[contains(@id ,\"application-addressmanagement-display-component---detailAdm--addressDetailDetailsName1\")][contains(text(), \"WebdriverSiterxp1s\")]"}
RESULT: {"using":"xpath","value":"//span[contains(@id ,\"application-addressmanagement-display-component---detailAdm--addressDetailDetailsName1\")][contains(text(), \"WebdriverSiterxp1s\")]"}
COMMAND: POST /session/1d0e84f34d2a035f0d5ceb5061c1d98c/element - {"using":"xpath","value":"//span[contains(@id ,\"application-addressmanagement-display-component---detailAdm--addressDetailDetailsName1\")][contains(text(), \"WebdriverSiterxp1s\")]"}
RESULT: {"using":"xpath","value":"//span[contains(@id ,\"application-addressmanagement-display-component---detailAdm--addressDetailDetailsName1\")][contains(text(), \"WebdriverSiterxp1s\")]"}
COMMAND: POST /session/1d0e84f34d2a035f0d5ceb5061c1d98c/execute/sync - {"script":"<script> [8489 bytes]","args":[{"element-6066-11e4-a52e-4f735466cecf":"f.F6EA384F60A395BEF55DE869336FE185.d.82B44E779EF0F952EEEF51C0690D1CEF.e.6426","ELEMENT":"f.F6EA384F60A395BEF55DE869336FE185.d.82B44E779EF0F952EEEF51C0690D1CEF.e.6426"}]}
COMMAND: DELETE /session/1d0e84f34d2a035f0d5ceb5061c1d98c/window - {}
RESULT: {}
COMMAND: POST /session/1d0e84f34d2a035f0d5ceb5061c1d98c/window - {"handle":"F6EA384F60A395BEF55DE869336FE185"}
RESULT: {"handle":"F6EA384F60A395BEF55DE869336FE185"}
COMMAND: GET /session/1d0e84f34d2a035f0d5ceb5061c1d98c/url - {}
RESULT: {"script":"<script> [8489 bytes]","args":[{"element-6066-11e4-a52e-4f735466cecf":"f.F6EA384F60A395BEF55DE869336FE185.d.82B44E779EF0F952EEEF51C0690D1CEF.e.6426","ELEMENT":"f.F6EA384F60A395BEF55DE869336FE185.d.82B44E779EF0F952EEEF51C0690D1CEF.e.6426"}]}
COMMAND: GET /session/1d0e84f34d2a035f0d5ceb5061c1d98c/screenshot - {}
RESULT: {}
COMMAND: GET /session/1d0e84f34d2a035f0d5ceb5061c1d98c/screenshot - {}
RESULT: {}
RESULT: {}
]]></system-out>
    </testcase>
    <testcase classname="chrome.136_0_7103_93.windows.Webshop_-_Hyperlinks_visible_and_working_properly__US139085" name="Should verify the contract and catalog item hyperlinks" time="89.495">
      <system-out><![CDATA[
COMMAND: POST /session/1d0e84f34d2a035f0d5ceb5061c1d98c/element - {"using":"xpath","value":"//*[contains(@data-kt ,\"webshopDetailContractLink\")]"}
RESULT: {"using":"xpath","value":"//*[contains(@data-kt ,\"webshopDetailContractLink\")]"}
COMMAND: POST /session/1d0e84f34d2a035f0d5ceb5061c1d98c/execute/sync - {"script":"<script> [8489 bytes]","args":[{"element-6066-11e4-a52e-4f735466cecf":"f.F6EA384F60A395BEF55DE869336FE185.d.82B44E779EF0F952EEEF51C0690D1CEF.e.6647","ELEMENT":"f.F6EA384F60A395BEF55DE869336FE185.d.82B44E779EF0F952EEEF51C0690D1CEF.e.6647"}]}
RESULT: {"script":"<script> [8489 bytes]","args":[{"element-6066-11e4-a52e-4f735466cecf":"f.F6EA384F60A395BEF55DE869336FE185.d.82B44E779EF0F952EEEF51C0690D1CEF.e.6647","ELEMENT":"f.F6EA384F60A395BEF55DE869336FE185.d.82B44E779EF0F952EEEF51C0690D1CEF.e.6647"}]}
COMMAND: POST /session/1d0e84f34d2a035f0d5ceb5061c1d98c/execute/sync - {"script":"<script> [5351 bytes]","args":[{"element-6066-11e4-a52e-4f735466cecf":"f.F6EA384F60A395BEF55DE869336FE185.d.82B44E779EF0F952EEEF51C0690D1CEF.e.6647","ELEMENT":"f.F6EA384F60A395BEF55DE869336FE185.d.82B44E779EF0F952EEEF51C0690D1CEF.e.6647"}]}
COMMAND: GET /session/1d0e84f34d2a035f0d5ceb5061c1d98c/screenshot - {}
RESULT: {"script":"<script> [5351 bytes]","args":[{"element-6066-11e4-a52e-4f735466cecf":"f.F6EA384F60A395BEF55DE869336FE185.d.82B44E779EF0F952EEEF51C0690D1CEF.e.6647","ELEMENT":"f.F6EA384F60A395BEF55DE869336FE185.d.82B44E779EF0F952EEEF51C0690D1CEF.e.6647"}]}
COMMAND: POST /session/1d0e84f34d2a035f0d5ceb5061c1d98c/element - {"using":"xpath","value":"//*[contains(@data-kt ,\"webshopDetailContractLink\")]"}
COMMAND: GET /session/1d0e84f34d2a035f0d5ceb5061c1d98c/screenshot - {}
RESULT: {}
RESULT: {"using":"xpath","value":"//*[contains(@data-kt ,\"webshopDetailContractLink\")]"}
COMMAND: POST /session/1d0e84f34d2a035f0d5ceb5061c1d98c/element/f.F6EA384F60A395BEF55DE869336FE185.d.82B44E779EF0F952EEEF51C0690D1CEF.e.6647/click - {}
RESULT: {}
RESULT: {}
COMMAND: GET /session/1d0e84f34d2a035f0d5ceb5061c1d98c/screenshot - {}
RESULT: {}
COMMAND: POST /session/1d0e84f34d2a035f0d5ceb5061c1d98c/element - {"using":"xpath","value":"//*[contains(@data-kt ,\"ContextMenuId2Link\")][contains(text(), \"Contract Overview\")]"}
RESULT: {"using":"xpath","value":"//*[contains(@data-kt ,\"ContextMenuId2Link\")][contains(text(), \"Contract Overview\")]"}
COMMAND: POST /session/1d0e84f34d2a035f0d5ceb5061c1d98c/execute/sync - {"script":"<script> [8489 bytes]","args":[{"element-6066-11e4-a52e-4f735466cecf":"f.F6EA384F60A395BEF55DE869336FE185.d.82B44E779EF0F952EEEF51C0690D1CEF.e.6649","ELEMENT":"f.F6EA384F60A395BEF55DE869336FE185.d.82B44E779EF0F952EEEF51C0690D1CEF.e.6649"}]}
COMMAND: POST /session/1d0e84f34d2a035f0d5ceb5061c1d98c/element - {"using":"xpath","value":"//*[contains(@data-kt ,\"ContextMenuId2Link\")][contains(text(), \"Contract Overview\")]"}
RESULT: {"script":"<script> [8489 bytes]","args":[{"element-6066-11e4-a52e-4f735466cecf":"f.F6EA384F60A395BEF55DE869336FE185.d.82B44E779EF0F952EEEF51C0690D1CEF.e.6649","ELEMENT":"f.F6EA384F60A395BEF55DE869336FE185.d.82B44E779EF0F952EEEF51C0690D1CEF.e.6649"}]}
COMMAND: GET /session/1d0e84f34d2a035f0d5ceb5061c1d98c/screenshot - {}
RESULT: {"using":"xpath","value":"//*[contains(@data-kt ,\"ContextMenuId2Link\")][contains(text(), \"Contract Overview\")]"}
COMMAND: POST /session/1d0e84f34d2a035f0d5ceb5061c1d98c/element/f.F6EA384F60A395BEF55DE869336FE185.d.82B44E779EF0F952EEEF51C0690D1CEF.e.6649/click - {}
RESULT: {}
RESULT: {}
COMMAND: GET /session/1d0e84f34d2a035f0d5ceb5061c1d98c/screenshot - {}
RESULT: {}
RESULT: undefined
COMMAND: POST /session/1d0e84f34d2a035f0d5ceb5061c1d98c/execute/async - {"script":"<script> [6424 bytes]","args":[{"element-6066-11e4-a52e-4f735466cecf":"f.F6EA384F60A395BEF55DE869336FE185.d.82B44E779EF0F952EEEF51C0690D1CEF.e.3263"},"getTitle",[]]}
COMMAND: POST /session/1d0e84f34d2a035f0d5ceb5061c1d98c/execute/async - {"script":"<script> [1562 bytes]","args":[{"selector":{"id":"shellAppTitle"},"wdio_ui5_key":"shellAppTitle"}]}
RESULT: {"script":"<script> [1562 bytes]","args":[{"selector":{"id":"shellAppTitle"},"wdio_ui5_key":"shellAppTitle"}]}
COMMAND: POST /session/1d0e84f34d2a035f0d5ceb5061c1d98c/execute/async - {"script":"<script> [6424 bytes]","args":[{"element-6066-11e4-a52e-4f735466cecf":"f.F6EA384F60A395BEF55DE869336FE185.d.82B44E779EF0F952EEEF51C0690D1CEF.e.6871"},"getTitle",[]]}
RESULT: {"script":"<script> [6424 bytes]","args":[{"element-6066-11e4-a52e-4f735466cecf":"f.F6EA384F60A395BEF55DE869336FE185.d.82B44E779EF0F952EEEF51C0690D1CEF.e.6871"},"getTitle",[]]}
COMMAND: POST /session/1d0e84f34d2a035f0d5ceb5061c1d98c/element - {"using":"xpath","value":"//span[contains(@id ,\"contractDetailTitleNoExpanded\")][contains(text(), \"10406\")]"}
RESULT: {"using":"xpath","value":"//span[contains(@id ,\"contractDetailTitleNoExpanded\")][contains(text(), \"10406\")]"}
COMMAND: POST /session/1d0e84f34d2a035f0d5ceb5061c1d98c/execute/sync - {"script":"<script> [8489 bytes]","args":[{"element-6066-11e4-a52e-4f735466cecf":"f.F6EA384F60A395BEF55DE869336FE185.d.82B44E779EF0F952EEEF51C0690D1CEF.e.6872","ELEMENT":"f.F6EA384F60A395BEF55DE869336FE185.d.82B44E779EF0F952EEEF51C0690D1CEF.e.6872"}]}
RESULT: undefined
COMMAND: POST /session/1d0e84f34d2a035f0d5ceb5061c1d98c/element - {"using":"xpath","value":"//*[@id=\"backBtn\"]"}
RESULT: {"using":"xpath","value":"//*[@id=\"backBtn\"]"}
COMMAND: POST /session/1d0e84f34d2a035f0d5ceb5061c1d98c/element/f.F6EA384F60A395BEF55DE869336FE185.d.82B44E779EF0F952EEEF51C0690D1CEF.e.3265/click - {}
RESULT: {"script":"<script> [8489 bytes]","args":[{"element-6066-11e4-a52e-4f735466cecf":"f.F6EA384F60A395BEF55DE869336FE185.d.82B44E779EF0F952EEEF51C0690D1CEF.e.6872","ELEMENT":"f.F6EA384F60A395BEF55DE869336FE185.d.82B44E779EF0F952EEEF51C0690D1CEF.e.6872"}]}
COMMAND: GET /session/1d0e84f34d2a035f0d5ceb5061c1d98c/screenshot - {}
RESULT: {}
COMMAND: GET /session/1d0e84f34d2a035f0d5ceb5061c1d98c/screenshot - {}
RESULT: {}
RESULT: {}
COMMAND: POST /session/1d0e84f34d2a035f0d5ceb5061c1d98c/execute/sync - {"script":"<script> [8489 bytes]","args":[{"element-6066-11e4-a52e-4f735466cecf":"f.F6EA384F60A395BEF55DE869336FE185.d.82B44E779EF0F952EEEF51C0690D1CEF.e.6647","ELEMENT":"f.F6EA384F60A395BEF55DE869336FE185.d.82B44E779EF0F952EEEF51C0690D1CEF.e.6647"}]}
COMMAND: POST /session/1d0e84f34d2a035f0d5ceb5061c1d98c/element - {"using":"xpath","value":"//*[contains(@data-kt ,\"webshopDetailContractLink\")]"}
RESULT: {"using":"xpath","value":"//*[contains(@data-kt ,\"webshopDetailContractLink\")]"}
COMMAND: POST /session/1d0e84f34d2a035f0d5ceb5061c1d98c/execute/sync - {"script":"<script> [8489 bytes]","args":[{"element-6066-11e4-a52e-4f735466cecf":"f.F6EA384F60A395BEF55DE869336FE185.d.82B44E779EF0F952EEEF51C0690D1CEF.e.7054","ELEMENT":"f.F6EA384F60A395BEF55DE869336FE185.d.82B44E779EF0F952EEEF51C0690D1CEF.e.7054"}]}
RESULT: {"script":"<script> [8489 bytes]","args":[{"element-6066-11e4-a52e-4f735466cecf":"f.F6EA384F60A395BEF55DE869336FE185.d.82B44E779EF0F952EEEF51C0690D1CEF.e.7054","ELEMENT":"f.F6EA384F60A395BEF55DE869336FE185.d.82B44E779EF0F952EEEF51C0690D1CEF.e.7054"}]}
COMMAND: POST /session/1d0e84f34d2a035f0d5ceb5061c1d98c/execute/sync - {"script":"<script> [5351 bytes]","args":[{"element-6066-11e4-a52e-4f735466cecf":"f.F6EA384F60A395BEF55DE869336FE185.d.82B44E779EF0F952EEEF51C0690D1CEF.e.7054","ELEMENT":"f.F6EA384F60A395BEF55DE869336FE185.d.82B44E779EF0F952EEEF51C0690D1CEF.e.7054"}]}
COMMAND: GET /session/1d0e84f34d2a035f0d5ceb5061c1d98c/screenshot - {}
RESULT: {"script":"<script> [5351 bytes]","args":[{"element-6066-11e4-a52e-4f735466cecf":"f.F6EA384F60A395BEF55DE869336FE185.d.82B44E779EF0F952EEEF51C0690D1CEF.e.7054","ELEMENT":"f.F6EA384F60A395BEF55DE869336FE185.d.82B44E779EF0F952EEEF51C0690D1CEF.e.7054"}]}
COMMAND: POST /session/1d0e84f34d2a035f0d5ceb5061c1d98c/element - {"using":"xpath","value":"//*[contains(@data-kt ,\"webshopDetailContractLink\")]"}
COMMAND: GET /session/1d0e84f34d2a035f0d5ceb5061c1d98c/screenshot - {}
RESULT: {}
RESULT: {"using":"xpath","value":"//*[contains(@data-kt ,\"webshopDetailContractLink\")]"}
COMMAND: POST /session/1d0e84f34d2a035f0d5ceb5061c1d98c/element/f.F6EA384F60A395BEF55DE869336FE185.d.82B44E779EF0F952EEEF51C0690D1CEF.e.7054/click - {}
RESULT: {}
RESULT: {}
COMMAND: GET /session/1d0e84f34d2a035f0d5ceb5061c1d98c/screenshot - {}
RESULT: {}
COMMAND: POST /session/1d0e84f34d2a035f0d5ceb5061c1d98c/element - {"using":"xpath","value":"//button[contains(@data-kt ,\"ContextMenuExternalId2Link\")]"}
RESULT: {"using":"xpath","value":"//button[contains(@data-kt ,\"ContextMenuExternalId2Link\")]"}
COMMAND: POST /session/1d0e84f34d2a035f0d5ceb5061c1d98c/element/f.F6EA384F60A395BEF55DE869336FE185.d.82B44E779EF0F952EEEF51C0690D1CEF.e.7055/click - {}
RESULT: {}
COMMAND: GET /session/1d0e84f34d2a035f0d5ceb5061c1d98c/screenshot - {}
RESULT: {}
COMMAND: GET /session/1d0e84f34d2a035f0d5ceb5061c1d98c/window/handles - {}
RESULT: {}
COMMAND: POST /session/1d0e84f34d2a035f0d5ceb5061c1d98c/window - {"handle":"23E7F5BC5AEE6151CC656182A74EBA7E"}
RESULT: {"handle":"23E7F5BC5AEE6151CC656182A74EBA7E"}
COMMAND: GET /session/1d0e84f34d2a035f0d5ceb5061c1d98c/url - {}
RESULT: {}
COMMAND: GET /session/1d0e84f34d2a035f0d5ceb5061c1d98c/screenshot - {}
RESULT: {}
COMMAND: POST /session/1d0e84f34d2a035f0d5ceb5061c1d98c/execute/sync - {"script":"<script> [8489 bytes]","args":[{"element-6066-11e4-a52e-4f735466cecf":"f.F6EA384F60A395BEF55DE869336FE185.d.82B44E779EF0F952EEEF51C0690D1CEF.e.6872","ELEMENT":"f.F6EA384F60A395BEF55DE869336FE185.d.82B44E779EF0F952EEEF51C0690D1CEF.e.6872"}]}
COMMAND: DELETE /session/1d0e84f34d2a035f0d5ceb5061c1d98c/window - {}
RESULT: {}
COMMAND: POST /session/1d0e84f34d2a035f0d5ceb5061c1d98c/window - {"handle":"F6EA384F60A395BEF55DE869336FE185"}
RESULT: {"handle":"F6EA384F60A395BEF55DE869336FE185"}
COMMAND: GET /session/1d0e84f34d2a035f0d5ceb5061c1d98c/url - {}
COMMAND: POST /session/1d0e84f34d2a035f0d5ceb5061c1d98c/element - {"using":"xpath","value":"//span[contains(@id ,\"contractDetailTitleNoExpanded\")][contains(text(), \"10406\")]"}
RESULT: {}
COMMAND: GET /session/1d0e84f34d2a035f0d5ceb5061c1d98c/screenshot - {}
RESULT: {"using":"xpath","value":"//span[contains(@id ,\"contractDetailTitleNoExpanded\")][contains(text(), \"10406\")]"}
COMMAND: POST /session/1d0e84f34d2a035f0d5ceb5061c1d98c/element - {"using":"xpath","value":"//span[contains(@id ,\"contractDetailTitleNoExpanded\")][contains(text(), \"10406\")]"}
RESULT: {}
RESULT: {"using":"xpath","value":"//span[contains(@id ,\"contractDetailTitleNoExpanded\")][contains(text(), \"10406\")]"}
COMMAND: POST /session/1d0e84f34d2a035f0d5ceb5061c1d98c/element - {"using":"xpath","value":"//span[contains(@id ,\"contractDetailTitleNoExpanded\")][contains(text(), \"10406\")]"}
RESULT: {"using":"xpath","value":"//span[contains(@id ,\"contractDetailTitleNoExpanded\")][contains(text(), \"10406\")]"}
COMMAND: POST /session/1d0e84f34d2a035f0d5ceb5061c1d98c/element - {"using":"xpath","value":"//span[contains(@id ,\"contractDetailTitleNoExpanded\")][contains(text(), \"10406\")]"}
RESULT: {"using":"xpath","value":"//span[contains(@id ,\"contractDetailTitleNoExpanded\")][contains(text(), \"10406\")]"}
COMMAND: POST /session/1d0e84f34d2a035f0d5ceb5061c1d98c/element - {"using":"xpath","value":"//span[contains(@id ,\"contractDetailTitleNoExpanded\")][contains(text(), \"10406\")]"}
RESULT: {"using":"xpath","value":"//span[contains(@id ,\"contractDetailTitleNoExpanded\")][contains(text(), \"10406\")]"}
COMMAND: POST /session/1d0e84f34d2a035f0d5ceb5061c1d98c/element - {"using":"xpath","value":"//span[contains(@id ,\"contractDetailTitleNoExpanded\")][contains(text(), \"10406\")]"}
RESULT: {"using":"xpath","value":"//span[contains(@id ,\"contractDetailTitleNoExpanded\")][contains(text(), \"10406\")]"}
COMMAND: POST /session/1d0e84f34d2a035f0d5ceb5061c1d98c/element - {"using":"xpath","value":"//span[contains(@id ,\"contractDetailTitleNoExpanded\")][contains(text(), \"10406\")]"}
RESULT: {"using":"xpath","value":"//span[contains(@id ,\"contractDetailTitleNoExpanded\")][contains(text(), \"10406\")]"}
COMMAND: POST /session/1d0e84f34d2a035f0d5ceb5061c1d98c/element - {"using":"xpath","value":"//span[contains(@id ,\"contractDetailTitleNoExpanded\")][contains(text(), \"10406\")]"}
RESULT: {"using":"xpath","value":"//span[contains(@id ,\"contractDetailTitleNoExpanded\")][contains(text(), \"10406\")]"}
COMMAND: POST /session/1d0e84f34d2a035f0d5ceb5061c1d98c/element - {"using":"xpath","value":"//span[contains(@id ,\"contractDetailTitleNoExpanded\")][contains(text(), \"10406\")]"}
RESULT: {"using":"xpath","value":"//span[contains(@id ,\"contractDetailTitleNoExpanded\")][contains(text(), \"10406\")]"}
COMMAND: POST /session/1d0e84f34d2a035f0d5ceb5061c1d98c/element - {"using":"xpath","value":"//span[contains(@id ,\"contractDetailTitleNoExpanded\")][contains(text(), \"10406\")]"}
RESULT: {"using":"xpath","value":"//span[contains(@id ,\"contractDetailTitleNoExpanded\")][contains(text(), \"10406\")]"}
COMMAND: POST /session/1d0e84f34d2a035f0d5ceb5061c1d98c/element - {"using":"xpath","value":"//*[contains(@data-kt ,\"webshopDetailCatalogItemLink\")]"}
RESULT: {"using":"xpath","value":"//*[contains(@data-kt ,\"webshopDetailCatalogItemLink\")]"}
COMMAND: POST /session/1d0e84f34d2a035f0d5ceb5061c1d98c/execute/sync - {"script":"<script> [8489 bytes]","args":[{"element-6066-11e4-a52e-4f735466cecf":"f.F6EA384F60A395BEF55DE869336FE185.d.82B44E779EF0F952EEEF51C0690D1CEF.e.7010","ELEMENT":"f.F6EA384F60A395BEF55DE869336FE185.d.82B44E779EF0F952EEEF51C0690D1CEF.e.7010"}]}
RESULT: {"script":"<script> [8489 bytes]","args":[{"element-6066-11e4-a52e-4f735466cecf":"f.F6EA384F60A395BEF55DE869336FE185.d.82B44E779EF0F952EEEF51C0690D1CEF.e.7010","ELEMENT":"f.F6EA384F60A395BEF55DE869336FE185.d.82B44E779EF0F952EEEF51C0690D1CEF.e.7010"}]}
COMMAND: POST /session/1d0e84f34d2a035f0d5ceb5061c1d98c/execute/sync - {"script":"<script> [5351 bytes]","args":[{"element-6066-11e4-a52e-4f735466cecf":"f.F6EA384F60A395BEF55DE869336FE185.d.82B44E779EF0F952EEEF51C0690D1CEF.e.7010","ELEMENT":"f.F6EA384F60A395BEF55DE869336FE185.d.82B44E779EF0F952EEEF51C0690D1CEF.e.7010"}]}
COMMAND: GET /session/1d0e84f34d2a035f0d5ceb5061c1d98c/screenshot - {}
RESULT: {"script":"<script> [5351 bytes]","args":[{"element-6066-11e4-a52e-4f735466cecf":"f.F6EA384F60A395BEF55DE869336FE185.d.82B44E779EF0F952EEEF51C0690D1CEF.e.7010","ELEMENT":"f.F6EA384F60A395BEF55DE869336FE185.d.82B44E779EF0F952EEEF51C0690D1CEF.e.7010"}]}
COMMAND: POST /session/1d0e84f34d2a035f0d5ceb5061c1d98c/element - {"using":"xpath","value":"//*[contains(@data-kt ,\"webshopDetailCatalogItemLink\")]"}
COMMAND: GET /session/1d0e84f34d2a035f0d5ceb5061c1d98c/screenshot - {}
RESULT: {}
RESULT: {"using":"xpath","value":"//*[contains(@data-kt ,\"webshopDetailCatalogItemLink\")]"}
COMMAND: POST /session/1d0e84f34d2a035f0d5ceb5061c1d98c/element/f.F6EA384F60A395BEF55DE869336FE185.d.82B44E779EF0F952EEEF51C0690D1CEF.e.7010/click - {}
COMMAND: POST /session/1d0e84f34d2a035f0d5ceb5061c1d98c/element - {"using":"xpath","value":"//span[contains(@id ,\"contractDetailTitleNoExpanded\")][contains(text(), \"10406\")]"}
RESULT: {}
RESULT: {}
COMMAND: GET /session/1d0e84f34d2a035f0d5ceb5061c1d98c/screenshot - {}
RESULT: {"using":"xpath","value":"//span[contains(@id ,\"contractDetailTitleNoExpanded\")][contains(text(), \"10406\")]"}
RESULT: {}
COMMAND: POST /session/1d0e84f34d2a035f0d5ceb5061c1d98c/element - {"using":"xpath","value":"//span[contains(@id ,\"contractDetailTitleNoExpanded\")][contains(text(), \"10406\")]"}
RESULT: {"using":"xpath","value":"//span[contains(@id ,\"contractDetailTitleNoExpanded\")][contains(text(), \"10406\")]"}
COMMAND: POST /session/1d0e84f34d2a035f0d5ceb5061c1d98c/element - {"using":"xpath","value":"//span[contains(@id ,\"contractDetailTitleNoExpanded\")][contains(text(), \"10406\")]"}
RESULT: {"using":"xpath","value":"//span[contains(@id ,\"contractDetailTitleNoExpanded\")][contains(text(), \"10406\")]"}
COMMAND: POST /session/1d0e84f34d2a035f0d5ceb5061c1d98c/element - {"using":"xpath","value":"//span[contains(@id ,\"contractDetailTitleNoExpanded\")][contains(text(), \"10406\")]"}
RESULT: {"using":"xpath","value":"//span[contains(@id ,\"contractDetailTitleNoExpanded\")][contains(text(), \"10406\")]"}
COMMAND: POST /session/1d0e84f34d2a035f0d5ceb5061c1d98c/element - {"using":"xpath","value":"//span[contains(@id ,\"contractDetailTitleNoExpanded\")][contains(text(), \"10406\")]"}
RESULT: {"using":"xpath","value":"//span[contains(@id ,\"contractDetailTitleNoExpanded\")][contains(text(), \"10406\")]"}
COMMAND: POST /session/1d0e84f34d2a035f0d5ceb5061c1d98c/element - {"using":"xpath","value":"//span[contains(@id ,\"contractDetailTitleNoExpanded\")][contains(text(), \"10406\")]"}
RESULT: {"using":"xpath","value":"//span[contains(@id ,\"contractDetailTitleNoExpanded\")][contains(text(), \"10406\")]"}
COMMAND: POST /session/1d0e84f34d2a035f0d5ceb5061c1d98c/element - {"using":"xpath","value":"//span[contains(@id ,\"contractDetailTitleNoExpanded\")][contains(text(), \"10406\")]"}
RESULT: {"using":"xpath","value":"//span[contains(@id ,\"contractDetailTitleNoExpanded\")][contains(text(), \"10406\")]"}
COMMAND: POST /session/1d0e84f34d2a035f0d5ceb5061c1d98c/element - {"using":"xpath","value":"//span[contains(@id ,\"contractDetailTitleNoExpanded\")][contains(text(), \"10406\")]"}
RESULT: {"using":"xpath","value":"//span[contains(@id ,\"contractDetailTitleNoExpanded\")][contains(text(), \"10406\")]"}
COMMAND: POST /session/1d0e84f34d2a035f0d5ceb5061c1d98c/element - {"using":"xpath","value":"(//span[contains(text(), \"Dri-Prime CD150M Diesel Pump\")])[2]"}
RESULT: {"using":"xpath","value":"(//span[contains(text(), \"Dri-Prime CD150M Diesel Pump\")])[2]"}
COMMAND: POST /session/1d0e84f34d2a035f0d5ceb5061c1d98c/execute/sync - {"script":"<script> [8489 bytes]","args":[{"element-6066-11e4-a52e-4f735466cecf":"f.F6EA384F60A395BEF55DE869336FE185.d.82B44E779EF0F952EEEF51C0690D1CEF.e.7087","ELEMENT":"f.F6EA384F60A395BEF55DE869336FE185.d.82B44E779EF0F952EEEF51C0690D1CEF.e.7087"}]}
COMMAND: POST /session/1d0e84f34d2a035f0d5ceb5061c1d98c/element - {"using":"xpath","value":"(//span[contains(text(), \"Description\")])[1]"}
RESULT: {"script":"<script> [8489 bytes]","args":[{"element-6066-11e4-a52e-4f735466cecf":"f.F6EA384F60A395BEF55DE869336FE185.d.82B44E779EF0F952EEEF51C0690D1CEF.e.7087","ELEMENT":"f.F6EA384F60A395BEF55DE869336FE185.d.82B44E779EF0F952EEEF51C0690D1CEF.e.7087"}]}
COMMAND: GET /session/1d0e84f34d2a035f0d5ceb5061c1d98c/screenshot - {}
RESULT: {"using":"xpath","value":"(//span[contains(text(), \"Description\")])[1]"}
COMMAND: GET /session/1d0e84f34d2a035f0d5ceb5061c1d98c/element/f.F6EA384F60A395BEF55DE869336FE185.d.82B44E779EF0F952EEEF51C0690D1CEF.e.7088/rect - {}
RESULT: {}
RESULT: {}
COMMAND: GET /session/1d0e84f34d2a035f0d5ceb5061c1d98c/window/rect - {}
RESULT: {}
COMMAND: POST /session/1d0e84f34d2a035f0d5ceb5061c1d98c/execute/sync - {"script":"<script> [92 bytes]","args":[]}
RESULT: {"script":"<script> [92 bytes]","args":[]}
COMMAND: POST /session/1d0e84f34d2a035f0d5ceb5061c1d98c/actions - {"actions":[{"id":"action10","type":"wheel","parameters":{},"actions":[{"type":"scroll","x":-1833,"y":-23,"deltaX":0,"deltaY":0,"duration":0,"origin":{"element-6066-11e4-a52e-4f735466cecf":"f.F6EA384F60A395BEF55DE869336FE185.d.82B44E779EF0F952EEEF51C0690D1CEF.e.7088"}}]}]}
COMMAND: GET /session/1d0e84f34d2a035f0d5ceb5061c1d98c/screenshot - {}
COMMAND: POST /session/1d0e84f34d2a035f0d5ceb5061c1d98c/element - {"using":"xpath","value":"//span[contains(@id ,\"contractDetailTitleNoExpanded\")][contains(text(), \"10406\")]"}
RESULT: {}
RESULT: {"using":"xpath","value":"//span[contains(@id ,\"contractDetailTitleNoExpanded\")][contains(text(), \"10406\")]"}
COMMAND: POST /session/1d0e84f34d2a035f0d5ceb5061c1d98c/execute/sync - {"script":"<script> [79 bytes]","args":[{"element-6066-11e4-a52e-4f735466cecf":"f.F6EA384F60A395BEF55DE869336FE185.d.82B44E779EF0F952EEEF51C0690D1CEF.e.7088","ELEMENT":"f.F6EA384F60A395BEF55DE869336FE185.d.82B44E779EF0F952EEEF51C0690D1CEF.e.7088"},{"block":"start","inline":"nearest"}]}
RESULT: {"script":"<script> [79 bytes]","args":[{"element-6066-11e4-a52e-4f735466cecf":"f.F6EA384F60A395BEF55DE869336FE185.d.82B44E779EF0F952EEEF51C0690D1CEF.e.7088","ELEMENT":"f.F6EA384F60A395BEF55DE869336FE185.d.82B44E779EF0F952EEEF51C0690D1CEF.e.7088"},{"block":"start","inline":"nearest"}]}
COMMAND: GET /session/1d0e84f34d2a035f0d5ceb5061c1d98c/screenshot - {}
RESULT: {}
COMMAND: POST /session/1d0e84f34d2a035f0d5ceb5061c1d98c/element - {"using":"xpath","value":"//span[contains(@id ,\"contractDetailTitleNoExpanded\")][contains(text(), \"10406\")]"}
RESULT: {"using":"xpath","value":"//span[contains(@id ,\"contractDetailTitleNoExpanded\")][contains(text(), \"10406\")]"}
COMMAND: POST /session/1d0e84f34d2a035f0d5ceb5061c1d98c/element - {"using":"xpath","value":"//span[contains(@id ,\"contractDetailTitleNoExpanded\")][contains(text(), \"10406\")]"}
RESULT: {"using":"xpath","value":"//span[contains(@id ,\"contractDetailTitleNoExpanded\")][contains(text(), \"10406\")]"}
COMMAND: POST /session/1d0e84f34d2a035f0d5ceb5061c1d98c/element - {"using":"xpath","value":"//span[contains(@id ,\"contractDetailTitleNoExpanded\")][contains(text(), \"10406\")]"}
RESULT: {"using":"xpath","value":"//span[contains(@id ,\"contractDetailTitleNoExpanded\")][contains(text(), \"10406\")]"}
COMMAND: POST /session/1d0e84f34d2a035f0d5ceb5061c1d98c/element - {"using":"xpath","value":"//span[contains(@id ,\"contractDetailTitleNoExpanded\")][contains(text(), \"10406\")]"}
RESULT: {"using":"xpath","value":"//span[contains(@id ,\"contractDetailTitleNoExpanded\")][contains(text(), \"10406\")]"}
COMMAND: POST /session/1d0e84f34d2a035f0d5ceb5061c1d98c/element - {"using":"xpath","value":"//span[contains(@id ,\"contractDetailTitleNoExpanded\")][contains(text(), \"10406\")]"}
RESULT: {"using":"xpath","value":"//span[contains(@id ,\"contractDetailTitleNoExpanded\")][contains(text(), \"10406\")]"}
COMMAND: POST /session/1d0e84f34d2a035f0d5ceb5061c1d98c/element - {"using":"xpath","value":"(//textarea[@rows=\"15\"])[1]"}
RESULT: {"using":"xpath","value":"(//textarea[@rows=\"15\"])[1]"}
COMMAND: POST /session/1d0e84f34d2a035f0d5ceb5061c1d98c/execute/sync - {"script":"<script> [8489 bytes]","args":[{"element-6066-11e4-a52e-4f735466cecf":"f.F6EA384F60A395BEF55DE869336FE185.d.82B44E779EF0F952EEEF51C0690D1CEF.e.7086","ELEMENT":"f.F6EA384F60A395BEF55DE869336FE185.d.82B44E779EF0F952EEEF51C0690D1CEF.e.7086"}]}
RESULT: {"script":"<script> [8489 bytes]","args":[{"element-6066-11e4-a52e-4f735466cecf":"f.F6EA384F60A395BEF55DE869336FE185.d.82B44E779EF0F952EEEF51C0690D1CEF.e.7086","ELEMENT":"f.F6EA384F60A395BEF55DE869336FE185.d.82B44E779EF0F952EEEF51C0690D1CEF.e.7086"}]}
COMMAND: GET /session/1d0e84f34d2a035f0d5ceb5061c1d98c/screenshot - {}
COMMAND: POST /session/1d0e84f34d2a035f0d5ceb5061c1d98c/element - {"using":"xpath","value":"//span[contains(@id ,\"contractDetailTitleNoExpanded\")][contains(text(), \"10406\")]"}
RESULT: {}
RESULT: {"using":"xpath","value":"//span[contains(@id ,\"contractDetailTitleNoExpanded\")][contains(text(), \"10406\")]"}
COMMAND: POST /session/1d0e84f34d2a035f0d5ceb5061c1d98c/element - {"using":"xpath","value":"//span[contains(@id ,\"contractDetailTitleNoExpanded\")][contains(text(), \"10406\")]"}
RESULT: {"using":"xpath","value":"//span[contains(@id ,\"contractDetailTitleNoExpanded\")][contains(text(), \"10406\")]"}
COMMAND: POST /session/1d0e84f34d2a035f0d5ceb5061c1d98c/element - {"using":"xpath","value":"//span[contains(@id ,\"contractDetailTitleNoExpanded\")][contains(text(), \"10406\")]"}
RESULT: {"using":"xpath","value":"//span[contains(@id ,\"contractDetailTitleNoExpanded\")][contains(text(), \"10406\")]"}
COMMAND: POST /session/1d0e84f34d2a035f0d5ceb5061c1d98c/element - {"using":"xpath","value":"//span[contains(@id ,\"contractDetailTitleNoExpanded\")][contains(text(), \"10406\")]"}
RESULT: {"using":"xpath","value":"//span[contains(@id ,\"contractDetailTitleNoExpanded\")][contains(text(), \"10406\")]"}
COMMAND: POST /session/1d0e84f34d2a035f0d5ceb5061c1d98c/element - {"using":"xpath","value":"//span[contains(@id ,\"contractDetailTitleNoExpanded\")][contains(text(), \"10406\")]"}
RESULT: {"using":"xpath","value":"//span[contains(@id ,\"contractDetailTitleNoExpanded\")][contains(text(), \"10406\")]"}
COMMAND: POST /session/1d0e84f34d2a035f0d5ceb5061c1d98c/element - {"using":"xpath","value":"//span[contains(@id ,\"contractDetailTitleNoExpanded\")][contains(text(), \"10406\")]"}
RESULT: {"using":"xpath","value":"//span[contains(@id ,\"contractDetailTitleNoExpanded\")][contains(text(), \"10406\")]"}
COMMAND: POST /session/1d0e84f34d2a035f0d5ceb5061c1d98c/element - {"using":"xpath","value":"//span[contains(@id ,\"contractDetailTitleNoExpanded\")][contains(text(), \"10406\")]"}
RESULT: {"using":"xpath","value":"//span[contains(@id ,\"contractDetailTitleNoExpanded\")][contains(text(), \"10406\")]"}
COMMAND: POST /session/1d0e84f34d2a035f0d5ceb5061c1d98c/element - {"using":"xpath","value":"//span[contains(@id ,\"contractDetailTitleNoExpanded\")][contains(text(), \"10406\")]"}
RESULT: {"using":"xpath","value":"//span[contains(@id ,\"contractDetailTitleNoExpanded\")][contains(text(), \"10406\")]"}
COMMAND: POST /session/1d0e84f34d2a035f0d5ceb5061c1d98c/element - {"using":"xpath","value":"//span[contains(@id ,\"contractDetailTitleNoExpanded\")][contains(text(), \"10406\")]"}
RESULT: {"using":"xpath","value":"//span[contains(@id ,\"contractDetailTitleNoExpanded\")][contains(text(), \"10406\")]"}
COMMAND: POST /session/1d0e84f34d2a035f0d5ceb5061c1d98c/element - {"using":"xpath","value":"//span[contains(@id ,\"contractDetailTitleNoExpanded\")][contains(text(), \"10406\")]"}
RESULT: {"using":"xpath","value":"//span[contains(@id ,\"contractDetailTitleNoExpanded\")][contains(text(), \"10406\")]"}
COMMAND: POST /session/1d0e84f34d2a035f0d5ceb5061c1d98c/execute/async - {"script":"<script> [1562 bytes]","args":[{"selector":{"controlType":"sap.tnt.NavigationListItem","viewName":"etm.portal.ui.webshop.view.RequestDetail","i18NText":{"propertyName":"text","key":"exit"},"interaction":{"idSuffix":"a"}},"wdio_ui5_key":"etmportal.ui.webshop.view.RequestDetailsap.tnt.NavigationListItem{\"propertyName\":\"text\",\"key\":\"exit\"}"}]}
COMMAND: POST /session/1d0e84f34d2a035f0d5ceb5061c1d98c/element - {"using":"xpath","value":"//span[contains(@id ,\"contractDetailTitleNoExpanded\")][contains(text(), \"10406\")]"}
RESULT: {"script":"<script> [1562 bytes]","args":[{"selector":{"controlType":"sap.tnt.NavigationListItem","viewName":"etm.portal.ui.webshop.view.RequestDetail","i18NText":{"propertyName":"text","key":"exit"},"interaction":{"idSuffix":"a"}},"wdio_ui5_key":"etmportal.ui.webshop.view.RequestDetailsap.tnt.NavigationListItem{\"propertyName\":\"text\",\"key\":\"exit\"}"}]}
RESULT: undefined
COMMAND: POST /session/1d0e84f34d2a035f0d5ceb5061c1d98c/element - {"using":"xpath","value":"//*[@id=\"__item3867\"]"}
RESULT: {"using":"xpath","value":"//span[contains(@id ,\"contractDetailTitleNoExpanded\")][contains(text(), \"10406\")]"}
RESULT: {"using":"xpath","value":"//*[@id=\"__item3867\"]"}
COMMAND: POST /session/1d0e84f34d2a035f0d5ceb5061c1d98c/element/f.F6EA384F60A395BEF55DE869336FE185.d.82B44E779EF0F952EEEF51C0690D1CEF.e.7094/click - {}
COMMAND: POST /session/1d0e84f34d2a035f0d5ceb5061c1d98c/element - {"using":"xpath","value":"//span[contains(@id ,\"contractDetailTitleNoExpanded\")][contains(text(), \"10406\")]"}
RESULT: {}
COMMAND: GET /session/1d0e84f34d2a035f0d5ceb5061c1d98c/screenshot - {}
RESULT: {"using":"xpath","value":"//span[contains(@id ,\"contractDetailTitleNoExpanded\")][contains(text(), \"10406\")]"}
RESULT: {}
COMMAND: POST /session/1d0e84f34d2a035f0d5ceb5061c1d98c/element - {"using":"xpath","value":"//span[contains(@id ,\"contractDetailTitleNoExpanded\")][contains(text(), \"10406\")]"}
RESULT: {"using":"xpath","value":"//span[contains(@id ,\"contractDetailTitleNoExpanded\")][contains(text(), \"10406\")]"}
COMMAND: POST /session/1d0e84f34d2a035f0d5ceb5061c1d98c/element - {"using":"xpath","value":"//span[contains(@id ,\"contractDetailTitleNoExpanded\")][contains(text(), \"10406\")]"}
RESULT: {"using":"xpath","value":"//span[contains(@id ,\"contractDetailTitleNoExpanded\")][contains(text(), \"10406\")]"}
COMMAND: POST /session/1d0e84f34d2a035f0d5ceb5061c1d98c/element - {"using":"xpath","value":"//span[contains(@id ,\"contractDetailTitleNoExpanded\")][contains(text(), \"10406\")]"}
RESULT: {"using":"xpath","value":"//span[contains(@id ,\"contractDetailTitleNoExpanded\")][contains(text(), \"10406\")]"}
COMMAND: POST /session/1d0e84f34d2a035f0d5ceb5061c1d98c/element - {"using":"xpath","value":"//span[contains(@id ,\"contractDetailTitleNoExpanded\")][contains(text(), \"10406\")]"}
RESULT: {"using":"xpath","value":"//span[contains(@id ,\"contractDetailTitleNoExpanded\")][contains(text(), \"10406\")]"}
COMMAND: POST /session/1d0e84f34d2a035f0d5ceb5061c1d98c/element - {"using":"xpath","value":"//span[contains(@id ,\"contractDetailTitleNoExpanded\")][contains(text(), \"10406\")]"}
RESULT: {"using":"xpath","value":"//span[contains(@id ,\"contractDetailTitleNoExpanded\")][contains(text(), \"10406\")]"}
COMMAND: POST /session/1d0e84f34d2a035f0d5ceb5061c1d98c/element - {"using":"xpath","value":"//span[contains(@id ,\"contractDetailTitleNoExpanded\")][contains(text(), \"10406\")]"}
RESULT: {"using":"xpath","value":"//span[contains(@id ,\"contractDetailTitleNoExpanded\")][contains(text(), \"10406\")]"}
COMMAND: POST /session/1d0e84f34d2a035f0d5ceb5061c1d98c/element - {"using":"css selector","value":"#shell-header-logo"}
RESULT: {"using":"css selector","value":"#shell-header-logo"}
COMMAND: POST /session/1d0e84f34d2a035f0d5ceb5061c1d98c/element/f.F6EA384F60A395BEF55DE869336FE185.d.82B44E779EF0F952EEEF51C0690D1CEF.e.3265/click - {}
COMMAND: POST /session/1d0e84f34d2a035f0d5ceb5061c1d98c/element - {"using":"xpath","value":"//span[contains(@id ,\"contractDetailTitleNoExpanded\")][contains(text(), \"10406\")]"}
RESULT: {}
COMMAND: GET /session/1d0e84f34d2a035f0d5ceb5061c1d98c/screenshot - {}
RESULT: {"using":"xpath","value":"//span[contains(@id ,\"contractDetailTitleNoExpanded\")][contains(text(), \"10406\")]"}
RESULT: {}
COMMAND: POST /session/1d0e84f34d2a035f0d5ceb5061c1d98c/element - {"using":"xpath","value":"//span[contains(@id ,\"contractDetailTitleNoExpanded\")][contains(text(), \"10406\")]"}
RESULT: {"using":"xpath","value":"//span[contains(@id ,\"contractDetailTitleNoExpanded\")][contains(text(), \"10406\")]"}
COMMAND: POST /session/1d0e84f34d2a035f0d5ceb5061c1d98c/element - {"using":"xpath","value":"//span[contains(@id ,\"contractDetailTitleNoExpanded\")][contains(text(), \"10406\")]"}
RESULT: {"using":"xpath","value":"//span[contains(@id ,\"contractDetailTitleNoExpanded\")][contains(text(), \"10406\")]"}
COMMAND: POST /session/1d0e84f34d2a035f0d5ceb5061c1d98c/element - {"using":"xpath","value":"//span[contains(@id ,\"contractDetailTitleNoExpanded\")][contains(text(), \"10406\")]"}
RESULT: {"using":"xpath","value":"//span[contains(@id ,\"contractDetailTitleNoExpanded\")][contains(text(), \"10406\")]"}
COMMAND: POST /session/1d0e84f34d2a035f0d5ceb5061c1d98c/element - {"using":"xpath","value":"//span[contains(@id ,\"contractDetailTitleNoExpanded\")][contains(text(), \"10406\")]"}
RESULT: {"using":"xpath","value":"//span[contains(@id ,\"contractDetailTitleNoExpanded\")][contains(text(), \"10406\")]"}
COMMAND: POST /session/1d0e84f34d2a035f0d5ceb5061c1d98c/element - {"using":"xpath","value":"//span[contains(@id ,\"contractDetailTitleNoExpanded\")][contains(text(), \"10406\")]"}
RESULT: {"using":"xpath","value":"//span[contains(@id ,\"contractDetailTitleNoExpanded\")][contains(text(), \"10406\")]"}
]]></system-out>
    </testcase>
  </testsuite>
  <testsuite timestamp="2025-05-30T16:26:00" time="75.797" tests="1" failures="0" errors="0" skipped="0">
    <properties>
      <property name="specId" value="0"/>
      <property name="suiteName" value="Add items into the basket without creating a request US151315"/>
      <property name="capabilities" value="chrome.136_0_7103_93.windows"/>
      <property name="file" value="file:///D:/a/1/s/test/specs/R2C/add-items-into-basket-wo-creating-a-request.spec.js"/>
    </properties>
    <testcase classname="chrome.136_0_7103_93.windows.Add_items_into_the_basket_without_creating_a_request_US151315" name="Should verify if a catalog item can be added without creating a request" time="72.622">
      <system-out><![CDATA[
RESULT: undefined
COMMAND: POST /session/1d0e84f34d2a035f0d5ceb5061c1d98c/element - {"using":"xpath","value":"//*[@id=\"__tile49\"]"}
RESULT: {"using":"xpath","value":"//*[@id=\"__tile49\"]"}
COMMAND: POST /session/1d0e84f34d2a035f0d5ceb5061c1d98c/element/f.F6EA384F60A395BEF55DE869336FE185.d.82B44E779EF0F952EEEF51C0690D1CEF.e.3005/click - {}
COMMAND: POST /session/1d0e84f34d2a035f0d5ceb5061c1d98c/element - {"using":"xpath","value":"//span[contains(@id ,\"contractDetailTitleNoExpanded\")][contains(text(), \"10406\")]"}
RESULT: {}
COMMAND: GET /session/1d0e84f34d2a035f0d5ceb5061c1d98c/screenshot - {}
RESULT: {"using":"xpath","value":"//span[contains(@id ,\"contractDetailTitleNoExpanded\")][contains(text(), \"10406\")]"}
RESULT: {}
COMMAND: POST /session/1d0e84f34d2a035f0d5ceb5061c1d98c/element - {"using":"xpath","value":"//span[contains(@id ,\"contractDetailTitleNoExpanded\")][contains(text(), \"10406\")]"}
RESULT: {"using":"xpath","value":"//span[contains(@id ,\"contractDetailTitleNoExpanded\")][contains(text(), \"10406\")]"}
COMMAND: POST /session/1d0e84f34d2a035f0d5ceb5061c1d98c/element - {"using":"xpath","value":"//span[contains(@id ,\"contractDetailTitleNoExpanded\")][contains(text(), \"10406\")]"}
COMMAND: POST /session/1d0e84f34d2a035f0d5ceb5061c1d98c/elements - {"using":"xpath","value":"//span[text()='Error']"}
RESULT: {"using":"xpath","value":"//span[contains(@id ,\"contractDetailTitleNoExpanded\")][contains(text(), \"10406\")]"}
RESULT: {"using":"xpath","value":"//span[text()='Error']"}
COMMAND: POST /session/1d0e84f34d2a035f0d5ceb5061c1d98c/element - {"using":"xpath","value":"//span[contains(@id ,\"contractDetailTitleNoExpanded\")][contains(text(), \"10406\")]"}
RESULT: {"using":"xpath","value":"//span[contains(@id ,\"contractDetailTitleNoExpanded\")][contains(text(), \"10406\")]"}
COMMAND: POST /session/1d0e84f34d2a035f0d5ceb5061c1d98c/element - {"using":"xpath","value":"//span[contains(@id ,\"contractDetailTitleNoExpanded\")][contains(text(), \"10406\")]"}
RESULT: {"using":"xpath","value":"//span[contains(@id ,\"contractDetailTitleNoExpanded\")][contains(text(), \"10406\")]"}
COMMAND: POST /session/1d0e84f34d2a035f0d5ceb5061c1d98c/element - {"using":"xpath","value":"//span[contains(@id ,\"contractDetailTitleNoExpanded\")][contains(text(), \"10406\")]"}
RESULT: {"using":"xpath","value":"//span[contains(@id ,\"contractDetailTitleNoExpanded\")][contains(text(), \"10406\")]"}
COMMAND: POST /session/1d0e84f34d2a035f0d5ceb5061c1d98c/element - {"using":"xpath","value":"//span[contains(@id ,\"contractDetailTitleNoExpanded\")][contains(text(), \"10406\")]"}
RESULT: {"using":"xpath","value":"//span[contains(@id ,\"contractDetailTitleNoExpanded\")][contains(text(), \"10406\")]"}
COMMAND: POST /session/1d0e84f34d2a035f0d5ceb5061c1d98c/element - {"using":"xpath","value":"//span[contains(@id ,\"contractDetailTitleNoExpanded\")][contains(text(), \"10406\")]"}
RESULT: {"using":"xpath","value":"//span[contains(@id ,\"contractDetailTitleNoExpanded\")][contains(text(), \"10406\")]"}
COMMAND: POST /session/1d0e84f34d2a035f0d5ceb5061c1d98c/element - {"using":"xpath","value":"//span[contains(@id ,\"contractDetailTitleNoExpanded\")][contains(text(), \"10406\")]"}
RESULT: {"using":"xpath","value":"//span[contains(@id ,\"contractDetailTitleNoExpanded\")][contains(text(), \"10406\")]"}
COMMAND: POST /session/1d0e84f34d2a035f0d5ceb5061c1d98c/element - {"using":"xpath","value":"//span[contains(@id ,\"contractDetailTitleNoExpanded\")][contains(text(), \"10406\")]"}
RESULT: {"using":"xpath","value":"//span[contains(@id ,\"contractDetailTitleNoExpanded\")][contains(text(), \"10406\")]"}
COMMAND: POST /session/1d0e84f34d2a035f0d5ceb5061c1d98c/element - {"using":"xpath","value":"//span[contains(@id ,\"contractDetailTitleNoExpanded\")][contains(text(), \"10406\")]"}
RESULT: {"using":"xpath","value":"//span[contains(@id ,\"contractDetailTitleNoExpanded\")][contains(text(), \"10406\")]"}
COMMAND: POST /session/1d0e84f34d2a035f0d5ceb5061c1d98c/element - {"using":"xpath","value":"//span[contains(@id ,\"contractDetailTitleNoExpanded\")][contains(text(), \"10406\")]"}
RESULT: {"using":"xpath","value":"//span[contains(@id ,\"contractDetailTitleNoExpanded\")][contains(text(), \"10406\")]"}
COMMAND: POST /session/1d0e84f34d2a035f0d5ceb5061c1d98c/element - {"using":"xpath","value":"//span[contains(@id ,\"contractDetailTitleNoExpanded\")][contains(text(), \"10406\")]"}
RESULT: {"using":"xpath","value":"//span[contains(@id ,\"contractDetailTitleNoExpanded\")][contains(text(), \"10406\")]"}
COMMAND: POST /session/1d0e84f34d2a035f0d5ceb5061c1d98c/element - {"using":"xpath","value":"//span[contains(@id ,\"contractDetailTitleNoExpanded\")][contains(text(), \"10406\")]"}
RESULT: {"using":"xpath","value":"//span[contains(@id ,\"contractDetailTitleNoExpanded\")][contains(text(), \"10406\")]"}
COMMAND: POST /session/1d0e84f34d2a035f0d5ceb5061c1d98c/element - {"using":"xpath","value":"//span[contains(@id ,\"contractDetailTitleNoExpanded\")][contains(text(), \"10406\")]"}
RESULT: {"using":"xpath","value":"//span[contains(@id ,\"contractDetailTitleNoExpanded\")][contains(text(), \"10406\")]"}
COMMAND: POST /session/1d0e84f34d2a035f0d5ceb5061c1d98c/element - {"using":"css selector","value":"#requestCreationDialog--createRequestPopUp-title-inner"}
RESULT: {"using":"css selector","value":"#requestCreationDialog--createRequestPopUp-title-inner"}
COMMAND: POST /session/1d0e84f34d2a035f0d5ceb5061c1d98c/execute/sync - {"script":"<script> [8489 bytes]","args":[{"element-6066-11e4-a52e-4f735466cecf":"f.F6EA384F60A395BEF55DE869336FE185.d.82B44E779EF0F952EEEF51C0690D1CEF.e.7196","ELEMENT":"f.F6EA384F60A395BEF55DE869336FE185.d.82B44E779EF0F952EEEF51C0690D1CEF.e.7196"}]}
RESULT: {"script":"<script> [8489 bytes]","args":[{"element-6066-11e4-a52e-4f735466cecf":"f.F6EA384F60A395BEF55DE869336FE185.d.82B44E779EF0F952EEEF51C0690D1CEF.e.7196","ELEMENT":"f.F6EA384F60A395BEF55DE869336FE185.d.82B44E779EF0F952EEEF51C0690D1CEF.e.7196"}]}
COMMAND: GET /session/1d0e84f34d2a035f0d5ceb5061c1d98c/element/f.F6EA384F60A395BEF55DE869336FE185.d.82B44E779EF0F952EEEF51C0690D1CEF.e.7196/enabled - {}
COMMAND: GET /session/1d0e84f34d2a035f0d5ceb5061c1d98c/screenshot - {}
RESULT: {}
COMMAND: POST /session/1d0e84f34d2a035f0d5ceb5061c1d98c/element - {"using":"xpath","value":"//span[contains(@id ,\"requestCreationDialog--cancelButton-content\")]"}
COMMAND: GET /session/1d0e84f34d2a035f0d5ceb5061c1d98c/screenshot - {}
RESULT: {}
RESULT: {"using":"xpath","value":"//span[contains(@id ,\"requestCreationDialog--cancelButton-content\")]"}
COMMAND: POST /session/1d0e84f34d2a035f0d5ceb5061c1d98c/element/f.F6EA384F60A395BEF55DE869336FE185.d.82B44E779EF0F952EEEF51C0690D1CEF.e.7197/click - {}
RESULT: {}
RESULT: {}
COMMAND: GET /session/1d0e84f34d2a035f0d5ceb5061c1d98c/screenshot - {}
RESULT: {}
COMMAND: POST /session/1d0e84f34d2a035f0d5ceb5061c1d98c/element - {"using":"xpath","value":"//input[contains(@id ,\"searchFiledId-I\")]"}
RESULT: {"using":"xpath","value":"//input[contains(@id ,\"searchFiledId-I\")]"}
COMMAND: POST /session/1d0e84f34d2a035f0d5ceb5061c1d98c/element/f.F6EA384F60A395BEF55DE869336FE185.d.82B44E779EF0F952EEEF51C0690D1CEF.e.7097/value - {"text":"Dri-Prime CD150M Diesel Pump"}
RESULT: {"text":"Dri-Prime CD150M Diesel Pump"}
COMMAND: POST /session/1d0e84f34d2a035f0d5ceb5061c1d98c/actions - {"actions":[{"id":"action11","type":"key","parameters":{},"actions":[{"type":"keyDown","value":""},{"type":"pause","duration":10},{"type":"keyUp","value":""}]}]}
COMMAND: GET /session/1d0e84f34d2a035f0d5ceb5061c1d98c/screenshot - {}
RESULT: {"actions":[{"id":"action11","type":"key","parameters":{},"actions":[{"type":"keyDown","value":""},{"type":"pause","duration":10},{"type":"keyUp","value":""}]}]}
COMMAND: GET /session/1d0e84f34d2a035f0d5ceb5061c1d98c/screenshot - {}
RESULT: {}
RESULT: {}
COMMAND: POST /session/1d0e84f34d2a035f0d5ceb5061c1d98c/element - {"using":"xpath","value":"//span[contains(@id ,\"subTitle\")][contains(text(), \"Dri-Prime CD150M Diesel Pump\")]"}
RESULT: {"using":"xpath","value":"//span[contains(@id ,\"subTitle\")][contains(text(), \"Dri-Prime CD150M Diesel Pump\")]"}
COMMAND: POST /session/1d0e84f34d2a035f0d5ceb5061c1d98c/element/f.F6EA384F60A395BEF55DE869336FE185.d.82B44E779EF0F952EEEF51C0690D1CEF.e.7203/click - {}
RESULT: {}
COMMAND: GET /session/1d0e84f34d2a035f0d5ceb5061c1d98c/screenshot - {}
RESULT: {}
COMMAND: POST /session/1d0e84f34d2a035f0d5ceb5061c1d98c/element - {"using":"xpath","value":"//bdi[contains(text(), \"Add to Request\")]"}
RESULT: {"using":"xpath","value":"//bdi[contains(text(), \"Add to Request\")]"}
COMMAND: POST /session/1d0e84f34d2a035f0d5ceb5061c1d98c/element/f.F6EA384F60A395BEF55DE869336FE185.d.82B44E779EF0F952EEEF51C0690D1CEF.e.7214/click - {}
RESULT: {}
COMMAND: POST /session/1d0e84f34d2a035f0d5ceb5061c1d98c/element - {"using":"xpath","value":"//div[contains(@class ,\"sapMMessageToast sapUiSelectable sapContrast sapContrastPlus sapUiUserSelectable\")]"}
COMMAND: GET /session/1d0e84f34d2a035f0d5ceb5061c1d98c/screenshot - {}
RESULT: {"using":"xpath","value":"//div[contains(@class ,\"sapMMessageToast sapUiSelectable sapContrast sapContrastPlus sapUiUserSelectable\")]"}
COMMAND: POST /session/1d0e84f34d2a035f0d5ceb5061c1d98c/execute/sync - {"script":"<script> [8489 bytes]","args":[{"element-6066-11e4-a52e-4f735466cecf":"f.F6EA384F60A395BEF55DE869336FE185.d.82B44E779EF0F952EEEF51C0690D1CEF.e.7218","ELEMENT":"f.F6EA384F60A395BEF55DE869336FE185.d.82B44E779EF0F952EEEF51C0690D1CEF.e.7218"}]}
RESULT: {}
RESULT: {"script":"<script> [8489 bytes]","args":[{"element-6066-11e4-a52e-4f735466cecf":"f.F6EA384F60A395BEF55DE869336FE185.d.82B44E779EF0F952EEEF51C0690D1CEF.e.7218","ELEMENT":"f.F6EA384F60A395BEF55DE869336FE185.d.82B44E779EF0F952EEEF51C0690D1CEF.e.7218"}]}
COMMAND: GET /session/1d0e84f34d2a035f0d5ceb5061c1d98c/element/f.F6EA384F60A395BEF55DE869336FE185.d.82B44E779EF0F952EEEF51C0690D1CEF.e.7218/text - {}
COMMAND: GET /session/1d0e84f34d2a035f0d5ceb5061c1d98c/screenshot - {}
RESULT: {}
RESULT: {}
COMMAND: POST /session/1d0e84f34d2a035f0d5ceb5061c1d98c/element - {"using":"xpath","value":"//bdi[contains(@id ,\"activeCartId-BDI-content\")]"}
RESULT: {"using":"xpath","value":"//bdi[contains(@id ,\"activeCartId-BDI-content\")]"}
COMMAND: GET /session/1d0e84f34d2a035f0d5ceb5061c1d98c/element/f.F6EA384F60A395BEF55DE869336FE185.d.82B44E779EF0F952EEEF51C0690D1CEF.e.7219/text - {}
RESULT: {}
COMMAND: POST /session/1d0e84f34d2a035f0d5ceb5061c1d98c/element - {"using":"xpath","value":"//li[@title=\"Exit\"]"}
RESULT: {"using":"xpath","value":"//li[@title=\"Exit\"]"}
COMMAND: POST /session/1d0e84f34d2a035f0d5ceb5061c1d98c/element/f.F6EA384F60A395BEF55DE869336FE185.d.82B44E779EF0F952EEEF51C0690D1CEF.e.7176/click - {}
RESULT: {}
COMMAND: GET /session/1d0e84f34d2a035f0d5ceb5061c1d98c/screenshot - {}
RESULT: {}
COMMAND: POST /session/1d0e84f34d2a035f0d5ceb5061c1d98c/element - {"using":"css selector","value":"#shell-header-logo"}
RESULT: {"using":"css selector","value":"#shell-header-logo"}
COMMAND: POST /session/1d0e84f34d2a035f0d5ceb5061c1d98c/element/f.F6EA384F60A395BEF55DE869336FE185.d.82B44E779EF0F952EEEF51C0690D1CEF.e.7229/click - {}
RESULT: {}
COMMAND: GET /session/1d0e84f34d2a035f0d5ceb5061c1d98c/screenshot - {}
RESULT: {}
]]></system-out>
    </testcase>
  </testsuite>
  <testsuite timestamp="2025-05-30T16:27:16" time="133.826" tests="1" failures="0" errors="0" skipped="0">
    <properties>
      <property name="specId" value="0"/>
      <property name="suiteName" value=" Webshop - Request management - Verifying the Master List - Filtering /Sorting - Deleting - Creating US151314"/>
      <property name="capabilities" value="chrome.136_0_7103_93.windows"/>
      <property name="file" value="file:///D:/a/1/s/test/specs/R2C/webshop-request-management-verify-master-list.spec.js"/>
    </properties>
    <testcase classname="chrome.136_0_7103_93.windows._Webshop_-_Request_management_-_Verifying_the_Master_List_-_Filtering_/Sorting_-_Deleting_-_Creating_US151314" name="Should navigate to request management in webshop and verify the filters" time="130.616">
      <system-out><![CDATA[
RESULT: undefined
COMMAND: POST /session/1d0e84f34d2a035f0d5ceb5061c1d98c/element - {"using":"xpath","value":"//*[@id=\"__tile49\"]"}
RESULT: {"using":"xpath","value":"//*[@id=\"__tile49\"]"}
COMMAND: POST /session/1d0e84f34d2a035f0d5ceb5061c1d98c/element/f.F6EA384F60A395BEF55DE869336FE185.d.82B44E779EF0F952EEEF51C0690D1CEF.e.3005/click - {}
RESULT: {}
COMMAND: GET /session/1d0e84f34d2a035f0d5ceb5061c1d98c/screenshot - {}
COMMAND: POST /session/1d0e84f34d2a035f0d5ceb5061c1d98c/elements - {"using":"xpath","value":"//span[text()='Error']"}
RESULT: {}
RESULT: {"using":"xpath","value":"//span[text()='Error']"}
COMMAND: POST /session/1d0e84f34d2a035f0d5ceb5061c1d98c/execute/async - {"script":"<script> [1562 bytes]","args":[{"selector":{"id":"requestCreationDialog--cancelButton","searchOpenDialogs":true,"interaction":{"idSuffix":"BDI-content"}},"wdio_ui5_key":"requestCreationDialogcancelButton"}]}
RESULT: {"script":"<script> [1562 bytes]","args":[{"selector":{"id":"requestCreationDialog--cancelButton","searchOpenDialogs":true,"interaction":{"idSuffix":"BDI-content"}},"wdio_ui5_key":"requestCreationDialogcancelButton"}]}
RESULT: undefined
COMMAND: POST /session/1d0e84f34d2a035f0d5ceb5061c1d98c/element - {"using":"xpath","value":"//*[@id=\"requestCreationDialog--cancelButton\"]"}
RESULT: {"using":"xpath","value":"//*[@id=\"requestCreationDialog--cancelButton\"]"}
COMMAND: POST /session/1d0e84f34d2a035f0d5ceb5061c1d98c/element/f.F6EA384F60A395BEF55DE869336FE185.d.82B44E779EF0F952EEEF51C0690D1CEF.e.7282/click - {}
RESULT: {}
COMMAND: GET /session/1d0e84f34d2a035f0d5ceb5061c1d98c/screenshot - {}
RESULT: {}
COMMAND: POST /session/1d0e84f34d2a035f0d5ceb5061c1d98c/execute/async - {"script":"<script> [1562 bytes]","args":[{"selector":{"controlType":"sap.tnt.NavigationListItem","viewName":"etm.portal.ui.webshop.view.Homepage","i18NText":{"propertyName":"text","key":"requestsManagement"},"interaction":{"idSuffix":"a"}},"wdio_ui5_key":"etmportal.ui.webshop.view.Homepagesap.tnt.NavigationListItem{\"propertyName\":\"text\",\"key\":\"requestsManagement\"}"}]}
RESULT: {"script":"<script> [1562 bytes]","args":[{"selector":{"controlType":"sap.tnt.NavigationListItem","viewName":"etm.portal.ui.webshop.view.Homepage","i18NText":{"propertyName":"text","key":"requestsManagement"},"interaction":{"idSuffix":"a"}},"wdio_ui5_key":"etmportal.ui.webshop.view.Homepagesap.tnt.NavigationListItem{\"propertyName\":\"text\",\"key\":\"requestsManagement\"}"}]}
RESULT: undefined
COMMAND: POST /session/1d0e84f34d2a035f0d5ceb5061c1d98c/element - {"using":"xpath","value":"//*[@id=\"__item3939\"]"}
RESULT: {"using":"xpath","value":"//*[@id=\"__item3939\"]"}
COMMAND: POST /session/1d0e84f34d2a035f0d5ceb5061c1d98c/element/f.F6EA384F60A395BEF55DE869336FE185.d.82B44E779EF0F952EEEF51C0690D1CEF.e.7284/click - {}
RESULT: {}
COMMAND: GET /session/1d0e84f34d2a035f0d5ceb5061c1d98c/screenshot - {}
RESULT: {}
COMMAND: POST /session/1d0e84f34d2a035f0d5ceb5061c1d98c/element - {"using":"xpath","value":"//input[contains(@id ,\"smartFilterBar-btnBasicSearch-I\")]"}
RESULT: {"using":"xpath","value":"//input[contains(@id ,\"smartFilterBar-btnBasicSearch-I\")]"}
COMMAND: POST /session/1d0e84f34d2a035f0d5ceb5061c1d98c/element/f.F6EA384F60A395BEF55DE869336FE185.d.82B44E779EF0F952EEEF51C0690D1CEF.e.7289/clear - {}
RESULT: {}
COMMAND: POST /session/1d0e84f34d2a035f0d5ceb5061c1d98c/element/f.F6EA384F60A395BEF55DE869336FE185.d.82B44E779EF0F952EEEF51C0690D1CEF.e.7289/value - {"text":"20001"}
COMMAND: GET /session/1d0e84f34d2a035f0d5ceb5061c1d98c/screenshot - {}
RESULT: {"text":"20001"}
COMMAND: GET /session/1d0e84f34d2a035f0d5ceb5061c1d98c/screenshot - {}
RESULT: {}
RESULT: {}
COMMAND: POST /session/1d0e84f34d2a035f0d5ceb5061c1d98c/actions - {"actions":[{"id":"action12","type":"key","parameters":{},"actions":[{"type":"keyDown","value":""},{"type":"pause","duration":10},{"type":"keyUp","value":""}]}]}
RESULT: {"actions":[{"id":"action12","type":"key","parameters":{},"actions":[{"type":"keyDown","value":""},{"type":"pause","duration":10},{"type":"keyUp","value":""}]}]}
COMMAND: GET /session/1d0e84f34d2a035f0d5ceb5061c1d98c/screenshot - {}
RESULT: {}
COMMAND: POST /session/1d0e84f34d2a035f0d5ceb5061c1d98c/execute/async - {"script":"<script> [1562 bytes]","args":[{"selector":{"controlType":"sap.m.Title","viewName":"etm.portal.ui.webshop.view.RequestMaster","properties":{"text":"Records (1)"}},"wdio_ui5_key":"etmportal.ui.webshop.view.RequestMastersap.m.Title{\"text\":\"Records (1)\"}"}]}
RESULT: {"script":"<script> [1562 bytes]","args":[{"selector":{"controlType":"sap.m.Title","viewName":"etm.portal.ui.webshop.view.RequestMaster","properties":{"text":"Records (1)"}},"wdio_ui5_key":"etmportal.ui.webshop.view.RequestMastersap.m.Title{\"text\":\"Records (1)\"}"}]}
RESULT: undefined
COMMAND: POST /session/1d0e84f34d2a035f0d5ceb5061c1d98c/execute/async - {"script":"<script> [6424 bytes]","args":[{"element-6066-11e4-a52e-4f735466cecf":"f.F6EA384F60A395BEF55DE869336FE185.d.82B44E779EF0F952EEEF51C0690D1CEF.e.7333"},"getText",[]]}
RESULT: {"script":"<script> [6424 bytes]","args":[{"element-6066-11e4-a52e-4f735466cecf":"f.F6EA384F60A395BEF55DE869336FE185.d.82B44E779EF0F952EEEF51C0690D1CEF.e.7333"},"getText",[]]}
COMMAND: POST /session/1d0e84f34d2a035f0d5ceb5061c1d98c/element - {"using":"xpath","value":"//div[contains(@id ,\"smartFilterBar-btnBasicSearch-reset\")]"}
RESULT: {"using":"xpath","value":"//div[contains(@id ,\"smartFilterBar-btnBasicSearch-reset\")]"}
COMMAND: POST /session/1d0e84f34d2a035f0d5ceb5061c1d98c/element/f.F6EA384F60A395BEF55DE869336FE185.d.82B44E779EF0F952EEEF51C0690D1CEF.e.7334/click - {}
RESULT: {}
COMMAND: GET /session/1d0e84f34d2a035f0d5ceb5061c1d98c/screenshot - {}
COMMAND: POST /session/1d0e84f34d2a035f0d5ceb5061c1d98c/element - {"using":"xpath","value":"//input[contains(@id ,\"smartStatusFilter-inner\")]"}
RESULT: {}
RESULT: {"using":"xpath","value":"//input[contains(@id ,\"smartStatusFilter-inner\")]"}
COMMAND: POST /session/1d0e84f34d2a035f0d5ceb5061c1d98c/element/f.F6EA384F60A395BEF55DE869336FE185.d.82B44E779EF0F952EEEF51C0690D1CEF.e.7294/clear - {}
RESULT: {}
COMMAND: POST /session/1d0e84f34d2a035f0d5ceb5061c1d98c/element/f.F6EA384F60A395BEF55DE869336FE185.d.82B44E779EF0F952EEEF51C0690D1CEF.e.7294/value - {"text":"draft"}
COMMAND: GET /session/1d0e84f34d2a035f0d5ceb5061c1d98c/screenshot - {}
RESULT: {"text":"draft"}
COMMAND: GET /session/1d0e84f34d2a035f0d5ceb5061c1d98c/screenshot - {}
RESULT: {}
RESULT: {}
COMMAND: POST /session/1d0e84f34d2a035f0d5ceb5061c1d98c/actions - {"actions":[{"id":"action13","type":"key","parameters":{},"actions":[{"type":"keyDown","value":""},{"type":"pause","duration":10},{"type":"keyUp","value":""}]}]}
RESULT: {"actions":[{"id":"action13","type":"key","parameters":{},"actions":[{"type":"keyDown","value":""},{"type":"pause","duration":10},{"type":"keyUp","value":""}]}]}
COMMAND: GET /session/1d0e84f34d2a035f0d5ceb5061c1d98c/screenshot - {}
RESULT: {}
COMMAND: POST /session/1d0e84f34d2a035f0d5ceb5061c1d98c/execute/async - {"script":"<script> [1562 bytes]","args":[{"selector":{"controlType":"sap.m.ObjectStatus","viewName":"etm.portal.ui.webshop.view.RequestMaster","bindingPath":{"propertyPath":"STATUS_DESCRIPTION"}},"wdio_ui5_key":"etmportal.ui.webshop.view.RequestMastersap.m.ObjectStatus{\"propertyPath\":\"STATUS_DESCRIPTION\"}"}]}
RESULT: {"script":"<script> [1562 bytes]","args":[{"selector":{"controlType":"sap.m.ObjectStatus","viewName":"etm.portal.ui.webshop.view.RequestMaster","bindingPath":{"propertyPath":"STATUS_DESCRIPTION"}},"wdio_ui5_key":"etmportal.ui.webshop.view.RequestMastersap.m.ObjectStatus{\"propertyPath\":\"STATUS_DESCRIPTION\"}"}]}
RESULT: undefined
COMMAND: POST /session/1d0e84f34d2a035f0d5ceb5061c1d98c/execute/async - {"script":"<script> [6424 bytes]","args":[{"element-6066-11e4-a52e-4f735466cecf":"f.F6EA384F60A395BEF55DE869336FE185.d.82B44E779EF0F952EEEF51C0690D1CEF.e.7414"},"getText",[]]}
RESULT: {"script":"<script> [6424 bytes]","args":[{"element-6066-11e4-a52e-4f735466cecf":"f.F6EA384F60A395BEF55DE869336FE185.d.82B44E779EF0F952EEEF51C0690D1CEF.e.7414"},"getText",[]]}
COMMAND: POST /session/1d0e84f34d2a035f0d5ceb5061c1d98c/element - {"using":"xpath","value":"//span[contains(@title ,\"Remove\")]"}
RESULT: {"using":"xpath","value":"//span[contains(@title ,\"Remove\")]"}
COMMAND: POST /session/1d0e84f34d2a035f0d5ceb5061c1d98c/element/f.F6EA384F60A395BEF55DE869336FE185.d.82B44E779EF0F952EEEF51C0690D1CEF.e.7415/click - {}
RESULT: {}
COMMAND: GET /session/1d0e84f34d2a035f0d5ceb5061c1d98c/screenshot - {}
COMMAND: POST /session/1d0e84f34d2a035f0d5ceb5061c1d98c/element - {"using":"xpath","value":"//input[contains(@id ,\"smartStatusFilter-inner\")]"}
RESULT: {}
RESULT: {"using":"xpath","value":"//input[contains(@id ,\"smartStatusFilter-inner\")]"}
COMMAND: POST /session/1d0e84f34d2a035f0d5ceb5061c1d98c/element/f.F6EA384F60A395BEF55DE869336FE185.d.82B44E779EF0F952EEEF51C0690D1CEF.e.7294/clear - {}
RESULT: {}
COMMAND: POST /session/1d0e84f34d2a035f0d5ceb5061c1d98c/element/f.F6EA384F60A395BEF55DE869336FE185.d.82B44E779EF0F952EEEF51C0690D1CEF.e.7294/value - {"text":"created"}
COMMAND: GET /session/1d0e84f34d2a035f0d5ceb5061c1d98c/screenshot - {}
RESULT: {"text":"created"}
COMMAND: GET /session/1d0e84f34d2a035f0d5ceb5061c1d98c/screenshot - {}
RESULT: {}
RESULT: {}
COMMAND: POST /session/1d0e84f34d2a035f0d5ceb5061c1d98c/actions - {"actions":[{"id":"action14","type":"key","parameters":{},"actions":[{"type":"keyDown","value":""},{"type":"pause","duration":10},{"type":"keyUp","value":""}]}]}
RESULT: {"actions":[{"id":"action14","type":"key","parameters":{},"actions":[{"type":"keyDown","value":""},{"type":"pause","duration":10},{"type":"keyUp","value":""}]}]}
COMMAND: GET /session/1d0e84f34d2a035f0d5ceb5061c1d98c/screenshot - {}
RESULT: {}
RESULT: undefined
COMMAND: POST /session/1d0e84f34d2a035f0d5ceb5061c1d98c/execute/async - {"script":"<script> [6424 bytes]","args":[{"element-6066-11e4-a52e-4f735466cecf":"f.F6EA384F60A395BEF55DE869336FE185.d.82B44E779EF0F952EEEF51C0690D1CEF.e.7414"},"getText",[]]}
COMMAND: POST /session/1d0e84f34d2a035f0d5ceb5061c1d98c/execute/async - {"script":"<script> [1562 bytes]","args":[{"selector":{"controlType":"sap.m.ObjectStatus","viewName":"etm.portal.ui.webshop.view.RequestMaster","bindingPath":{"propertyPath":"STATUS_DESCRIPTION"}},"wdio_ui5_key":"etmportal.ui.webshop.view.RequestMastersap.m.ObjectStatus{\"propertyPath\":\"STATUS_DESCRIPTION\"}"}]}
RESULT: {"script":"<script> [1562 bytes]","args":[{"selector":{"controlType":"sap.m.ObjectStatus","viewName":"etm.portal.ui.webshop.view.RequestMaster","bindingPath":{"propertyPath":"STATUS_DESCRIPTION"}},"wdio_ui5_key":"etmportal.ui.webshop.view.RequestMastersap.m.ObjectStatus{\"propertyPath\":\"STATUS_DESCRIPTION\"}"}]}
COMMAND: POST /session/1d0e84f34d2a035f0d5ceb5061c1d98c/execute/async - {"script":"<script> [6424 bytes]","args":[{"element-6066-11e4-a52e-4f735466cecf":"f.F6EA384F60A395BEF55DE869336FE185.d.82B44E779EF0F952EEEF51C0690D1CEF.e.7472"},"getText",[]]}
RESULT: {"script":"<script> [6424 bytes]","args":[{"element-6066-11e4-a52e-4f735466cecf":"f.F6EA384F60A395BEF55DE869336FE185.d.82B44E779EF0F952EEEF51C0690D1CEF.e.7472"},"getText",[]]}
COMMAND: POST /session/1d0e84f34d2a035f0d5ceb5061c1d98c/element - {"using":"xpath","value":"//span[contains(@title ,\"Remove\")]"}
RESULT: {"using":"xpath","value":"//span[contains(@title ,\"Remove\")]"}
COMMAND: POST /session/1d0e84f34d2a035f0d5ceb5061c1d98c/element/f.F6EA384F60A395BEF55DE869336FE185.d.82B44E779EF0F952EEEF51C0690D1CEF.e.7473/click - {}
RESULT: {}
COMMAND: GET /session/1d0e84f34d2a035f0d5ceb5061c1d98c/screenshot - {}
COMMAND: POST /session/1d0e84f34d2a035f0d5ceb5061c1d98c/execute/async - {"script":"<script> [1562 bytes]","args":[{"selector":{"controlType":"sap.m.Button","viewName":"etm.portal.ui.webshop.view.RequestMaster","properties":{"text":"Filters (1)"},"interaction":{"idSuffix":"BDI-content"}},"wdio_ui5_key":"etmportal.ui.webshop.view.RequestMastersap.m.Button{\"text\":\"Filters (1)\"}"}]}
RESULT: {}
RESULT: {"script":"<script> [1562 bytes]","args":[{"selector":{"controlType":"sap.m.Button","viewName":"etm.portal.ui.webshop.view.RequestMaster","properties":{"text":"Filters (1)"},"interaction":{"idSuffix":"BDI-content"}},"wdio_ui5_key":"etmportal.ui.webshop.view.RequestMastersap.m.Button{\"text\":\"Filters (1)\"}"}]}
RESULT: undefined
COMMAND: POST /session/1d0e84f34d2a035f0d5ceb5061c1d98c/element - {"using":"xpath","value":"//*[@id=\"__xmlview74--smartFilterBar-btnFilters\"]"}
RESULT: {"using":"xpath","value":"//*[@id=\"__xmlview74--smartFilterBar-btnFilters\"]"}
COMMAND: POST /session/1d0e84f34d2a035f0d5ceb5061c1d98c/element/f.F6EA384F60A395BEF55DE869336FE185.d.82B44E779EF0F952EEEF51C0690D1CEF.e.7326/click - {}
RESULT: {}
COMMAND: GET /session/1d0e84f34d2a035f0d5ceb5061c1d98c/screenshot - {}
RESULT: {}
COMMAND: POST /session/1d0e84f34d2a035f0d5ceb5061c1d98c/element - {"using":"xpath","value":"//input[contains(@id ,\"searchField-I\")]"}
RESULT: {"using":"xpath","value":"//input[contains(@id ,\"searchField-I\")]"}
COMMAND: POST /session/1d0e84f34d2a035f0d5ceb5061c1d98c/element/f.F6EA384F60A395BEF55DE869336FE185.d.82B44E779EF0F952EEEF51C0690D1CEF.e.7522/clear - {}
RESULT: {}
COMMAND: POST /session/1d0e84f34d2a035f0d5ceb5061c1d98c/element/f.F6EA384F60A395BEF55DE869336FE185.d.82B44E779EF0F952EEEF51C0690D1CEF.e.7522/value - {"text":"tags"}
COMMAND: GET /session/1d0e84f34d2a035f0d5ceb5061c1d98c/screenshot - {}
RESULT: {"text":"tags"}
COMMAND: GET /session/1d0e84f34d2a035f0d5ceb5061c1d98c/screenshot - {}
RESULT: {}
RESULT: {}
COMMAND: POST /session/1d0e84f34d2a035f0d5ceb5061c1d98c/element - {"using":"xpath","value":"(//div[contains(@id ,\"selectMulti\")][@role=\"checkbox\"])[8]"}
RESULT: {"using":"xpath","value":"(//div[contains(@id ,\"selectMulti\")][@role=\"checkbox\"])[8]"}
COMMAND: POST /session/1d0e84f34d2a035f0d5ceb5061c1d98c/element/f.F6EA384F60A395BEF55DE869336FE185.d.82B44E779EF0F952EEEF51C0690D1CEF.e.7534/click - {}
RESULT: {}
COMMAND: GET /session/1d0e84f34d2a035f0d5ceb5061c1d98c/screenshot - {}
RESULT: {}
COMMAND: POST /session/1d0e84f34d2a035f0d5ceb5061c1d98c/execute/async - {"script":"<script> [1562 bytes]","args":[{"selector":{"controlType":"sap.m.Button","viewName":"etm.portal.ui.webshop.view.RequestMaster","properties":{"text":"OK"},"searchOpenDialogs":true,"interaction":{"idSuffix":"BDI-content"}},"wdio_ui5_key":"etmportal.ui.webshop.view.RequestMastersap.m.Button{\"text\":\"OK\"}"}]}
RESULT: {"script":"<script> [1562 bytes]","args":[{"selector":{"controlType":"sap.m.Button","viewName":"etm.portal.ui.webshop.view.RequestMaster","properties":{"text":"OK"},"searchOpenDialogs":true,"interaction":{"idSuffix":"BDI-content"}},"wdio_ui5_key":"etmportal.ui.webshop.view.RequestMastersap.m.Button{\"text\":\"OK\"}"}]}
RESULT: undefined
COMMAND: POST /session/1d0e84f34d2a035f0d5ceb5061c1d98c/element - {"using":"xpath","value":"//*[@id=\"__xmlview74--smartFilterBar-adapt-filters-dialog-confirmBtn\"]"}
RESULT: {"using":"xpath","value":"//*[@id=\"__xmlview74--smartFilterBar-adapt-filters-dialog-confirmBtn\"]"}
COMMAND: POST /session/1d0e84f34d2a035f0d5ceb5061c1d98c/element/f.F6EA384F60A395BEF55DE869336FE185.d.82B44E779EF0F952EEEF51C0690D1CEF.e.7538/click - {}
RESULT: {}
COMMAND: GET /session/1d0e84f34d2a035f0d5ceb5061c1d98c/screenshot - {}
RESULT: {}
COMMAND: POST /session/1d0e84f34d2a035f0d5ceb5061c1d98c/element - {"using":"xpath","value":"//input[contains(@id ,\"smartFilterBar-filterItemControlA_-ALL_TAGS-inner\")]"}
RESULT: {"using":"xpath","value":"//input[contains(@id ,\"smartFilterBar-filterItemControlA_-ALL_TAGS-inner\")]"}
COMMAND: POST /session/1d0e84f34d2a035f0d5ceb5061c1d98c/element/f.F6EA384F60A395BEF55DE869336FE185.d.82B44E779EF0F952EEEF51C0690D1CEF.e.7546/clear - {}
RESULT: {}
COMMAND: POST /session/1d0e84f34d2a035f0d5ceb5061c1d98c/element/f.F6EA384F60A395BEF55DE869336FE185.d.82B44E779EF0F952EEEF51C0690D1CEF.e.7546/value - {"text":"tag1"}
COMMAND: GET /session/1d0e84f34d2a035f0d5ceb5061c1d98c/screenshot - {}
RESULT: {"text":"tag1"}
COMMAND: GET /session/1d0e84f34d2a035f0d5ceb5061c1d98c/screenshot - {}
RESULT: {}
RESULT: {}
COMMAND: POST /session/1d0e84f34d2a035f0d5ceb5061c1d98c/actions - {"actions":[{"id":"action15","type":"key","parameters":{},"actions":[{"type":"keyDown","value":""},{"type":"pause","duration":10},{"type":"keyUp","value":""}]}]}
RESULT: {"actions":[{"id":"action15","type":"key","parameters":{},"actions":[{"type":"keyDown","value":""},{"type":"pause","duration":10},{"type":"keyUp","value":""}]}]}
COMMAND: GET /session/1d0e84f34d2a035f0d5ceb5061c1d98c/screenshot - {}
RESULT: {}
RESULT: undefined
COMMAND: POST /session/1d0e84f34d2a035f0d5ceb5061c1d98c/execute/async - {"script":"<script> [6424 bytes]","args":[{"element-6066-11e4-a52e-4f735466cecf":"f.F6EA384F60A395BEF55DE869336FE185.d.82B44E779EF0F952EEEF51C0690D1CEF.e.7333"},"getText",[]]}
RESULT: {"script":"<script> [6424 bytes]","args":[{"element-6066-11e4-a52e-4f735466cecf":"f.F6EA384F60A395BEF55DE869336FE185.d.82B44E779EF0F952EEEF51C0690D1CEF.e.7333"},"getText",[]]}
COMMAND: POST /session/1d0e84f34d2a035f0d5ceb5061c1d98c/execute/async - {"script":"<script> [1562 bytes]","args":[{"selector":{"controlType":"sap.ui.core.Icon","viewName":"etm.portal.ui.webshop.view.RequestMaster","properties":{"src":{"regex":{"source":"action\\-settings"}}}},"wdio_ui5_key":"etmportal.ui.webshop.view.RequestMastersap.ui.core.Icon{\"src\":{\"regex\":{\"source\":\"action\\\\-settings\"}}}"}]}
RESULT: {"script":"<script> [1562 bytes]","args":[{"selector":{"controlType":"sap.ui.core.Icon","viewName":"etm.portal.ui.webshop.view.RequestMaster","properties":{"src":{"regex":{"source":"action\\-settings"}}}},"wdio_ui5_key":"etmportal.ui.webshop.view.RequestMastersap.ui.core.Icon{\"src\":{\"regex\":{\"source\":\"action\\\\-settings\"}}}"}]}
RESULT: undefined
COMMAND: POST /session/1d0e84f34d2a035f0d5ceb5061c1d98c/element - {"using":"xpath","value":"//*[@id=\"__xmlview74--smartTable-btnPersonalisation-img\"]"}
RESULT: {"using":"xpath","value":"//*[@id=\"__xmlview74--smartTable-btnPersonalisation-img\"]"}
COMMAND: POST /session/1d0e84f34d2a035f0d5ceb5061c1d98c/element/f.F6EA384F60A395BEF55DE869336FE185.d.82B44E779EF0F952EEEF51C0690D1CEF.e.7340/click - {}
RESULT: {}
COMMAND: GET /session/1d0e84f34d2a035f0d5ceb5061c1d98c/screenshot - {}
RESULT: {}
COMMAND: POST /session/1d0e84f34d2a035f0d5ceb5061c1d98c/element - {"using":"xpath","value":"//input[contains(@id ,\"searchField-I\")]"}
RESULT: {"using":"xpath","value":"//input[contains(@id ,\"searchField-I\")]"}
COMMAND: POST /session/1d0e84f34d2a035f0d5ceb5061c1d98c/element/f.F6EA384F60A395BEF55DE869336FE185.d.82B44E779EF0F952EEEF51C0690D1CEF.e.7575/clear - {}
RESULT: {}
COMMAND: POST /session/1d0e84f34d2a035f0d5ceb5061c1d98c/element/f.F6EA384F60A395BEF55DE869336FE185.d.82B44E779EF0F952EEEF51C0690D1CEF.e.7575/value - {"text":"tags"}
COMMAND: GET /session/1d0e84f34d2a035f0d5ceb5061c1d98c/screenshot - {}
RESULT: {"text":"tags"}
COMMAND: GET /session/1d0e84f34d2a035f0d5ceb5061c1d98c/screenshot - {}
RESULT: {}
RESULT: {}
COMMAND: POST /session/1d0e84f34d2a035f0d5ceb5061c1d98c/element - {"using":"xpath","value":"(//div[contains(@id ,\"selectMulti\")][@role=\"checkbox\"])[8]"}
RESULT: {"using":"xpath","value":"(//div[contains(@id ,\"selectMulti\")][@role=\"checkbox\"])[8]"}
COMMAND: POST /session/1d0e84f34d2a035f0d5ceb5061c1d98c/element/f.F6EA384F60A395BEF55DE869336FE185.d.82B44E779EF0F952EEEF51C0690D1CEF.e.7615/click - {}
RESULT: {}
COMMAND: GET /session/1d0e84f34d2a035f0d5ceb5061c1d98c/screenshot - {}
RESULT: {}
COMMAND: POST /session/1d0e84f34d2a035f0d5ceb5061c1d98c/element - {"using":"xpath","value":"//div[contains(@id ,\"searchField-reset\")]"}
RESULT: {"using":"xpath","value":"//div[contains(@id ,\"searchField-reset\")]"}
COMMAND: POST /session/1d0e84f34d2a035f0d5ceb5061c1d98c/element - {"using":"xpath","value":"//input[contains(@id ,\"searchField-I\")]"}
RESULT: {"using":"xpath","value":"//input[contains(@id ,\"searchField-I\")]"}
COMMAND: POST /session/1d0e84f34d2a035f0d5ceb5061c1d98c/element/f.F6EA384F60A395BEF55DE869336FE185.d.82B44E779EF0F952EEEF51C0690D1CEF.e.7575/clear - {}
RESULT: {}
COMMAND: POST /session/1d0e84f34d2a035f0d5ceb5061c1d98c/element/f.F6EA384F60A395BEF55DE869336FE185.d.82B44E779EF0F952EEEF51C0690D1CEF.e.7575/value - {"text":"status"}
COMMAND: GET /session/1d0e84f34d2a035f0d5ceb5061c1d98c/screenshot - {}
RESULT: {"text":"status"}
COMMAND: GET /session/1d0e84f34d2a035f0d5ceb5061c1d98c/screenshot - {}
RESULT: {}
RESULT: {}
COMMAND: POST /session/1d0e84f34d2a035f0d5ceb5061c1d98c/element - {"using":"xpath","value":"(//div[contains(@id ,\"selectMulti\")][@role=\"checkbox\"])[8]"}
RESULT: {"using":"xpath","value":"(//div[contains(@id ,\"selectMulti\")][@role=\"checkbox\"])[8]"}
COMMAND: POST /session/1d0e84f34d2a035f0d5ceb5061c1d98c/element/f.F6EA384F60A395BEF55DE869336FE185.d.82B44E779EF0F952EEEF51C0690D1CEF.e.7615/click - {}
RESULT: {}
COMMAND: GET /session/1d0e84f34d2a035f0d5ceb5061c1d98c/screenshot - {}
RESULT: {}
COMMAND: POST /session/1d0e84f34d2a035f0d5ceb5061c1d98c/element - {"using":"xpath","value":"//bdi[contains(@id ,\"confirmBtn-BDI-content\")]"}
RESULT: {"using":"xpath","value":"//bdi[contains(@id ,\"confirmBtn-BDI-content\")]"}
COMMAND: POST /session/1d0e84f34d2a035f0d5ceb5061c1d98c/element/f.F6EA384F60A395BEF55DE869336FE185.d.82B44E779EF0F952EEEF51C0690D1CEF.e.7619/click - {}
RESULT: {}
COMMAND: GET /session/1d0e84f34d2a035f0d5ceb5061c1d98c/screenshot - {}
RESULT: {}
COMMAND: POST /session/1d0e84f34d2a035f0d5ceb5061c1d98c/element - {"using":"xpath","value":"(//span[contains(text(), \"Status\")])[2]"}
RESULT: {"using":"xpath","value":"(//span[contains(text(), \"Status\")])[2]"}
COMMAND: POST /session/1d0e84f34d2a035f0d5ceb5061c1d98c/element - {"using":"xpath","value":"(//span[contains(text(), \"Status\")])[2]"}
RESULT: {"using":"xpath","value":"(//span[contains(text(), \"Status\")])[2]"}
COMMAND: POST /session/1d0e84f34d2a035f0d5ceb5061c1d98c/element - {"using":"xpath","value":"(//bdi[contains(text(), \"Tags\")])[2]"}
RESULT: {"using":"xpath","value":"(//bdi[contains(text(), \"Tags\")])[2]"}
COMMAND: POST /session/1d0e84f34d2a035f0d5ceb5061c1d98c/execute/sync - {"script":"<script> [8489 bytes]","args":[{"element-6066-11e4-a52e-4f735466cecf":"f.F6EA384F60A395BEF55DE869336FE185.d.82B44E779EF0F952EEEF51C0690D1CEF.e.7626","ELEMENT":"f.F6EA384F60A395BEF55DE869336FE185.d.82B44E779EF0F952EEEF51C0690D1CEF.e.7626"}]}
RESULT: {"script":"<script> [8489 bytes]","args":[{"element-6066-11e4-a52e-4f735466cecf":"f.F6EA384F60A395BEF55DE869336FE185.d.82B44E779EF0F952EEEF51C0690D1CEF.e.7626","ELEMENT":"f.F6EA384F60A395BEF55DE869336FE185.d.82B44E779EF0F952EEEF51C0690D1CEF.e.7626"}]}
COMMAND: POST /session/1d0e84f34d2a035f0d5ceb5061c1d98c/element - {"using":"xpath","value":"//span[contains(@title ,\"Remove\")]"}
COMMAND: GET /session/1d0e84f34d2a035f0d5ceb5061c1d98c/screenshot - {}
RESULT: {"using":"xpath","value":"//span[contains(@title ,\"Remove\")]"}
COMMAND: POST /session/1d0e84f34d2a035f0d5ceb5061c1d98c/element/f.F6EA384F60A395BEF55DE869336FE185.d.82B44E779EF0F952EEEF51C0690D1CEF.e.7627/click - {}
RESULT: {}
RESULT: {}
COMMAND: GET /session/1d0e84f34d2a035f0d5ceb5061c1d98c/screenshot - {}
RESULT: {}
COMMAND: POST /session/1d0e84f34d2a035f0d5ceb5061c1d98c/element - {"using":"xpath","value":"//button[contains(@id ,\"btnDeleteRequest\")]"}
RESULT: {"using":"xpath","value":"//button[contains(@id ,\"btnDeleteRequest\")]"}
COMMAND: POST /session/1d0e84f34d2a035f0d5ceb5061c1d98c/element - {"using":"xpath","value":"//button[contains(@id ,\"btnDeleteRequest\")]"}
RESULT: {"using":"xpath","value":"//button[contains(@id ,\"btnDeleteRequest\")]"}
COMMAND: POST /session/1d0e84f34d2a035f0d5ceb5061c1d98c/element - {"using":"xpath","value":"(//span[contains(text(), \"Draft\")])[1]"}
RESULT: {"using":"xpath","value":"(//span[contains(text(), \"Draft\")])[1]"}
COMMAND: POST /session/1d0e84f34d2a035f0d5ceb5061c1d98c/element/f.F6EA384F60A395BEF55DE869336FE185.d.82B44E779EF0F952EEEF51C0690D1CEF.e.7651/click - {}
RESULT: {}
COMMAND: GET /session/1d0e84f34d2a035f0d5ceb5061c1d98c/screenshot - {}
RESULT: {}
COMMAND: POST /session/1d0e84f34d2a035f0d5ceb5061c1d98c/element - {"using":"xpath","value":"//button[contains(@id ,\"btnDeleteRequest\")]"}
RESULT: {"using":"xpath","value":"//button[contains(@id ,\"btnDeleteRequest\")]"}
COMMAND: POST /session/1d0e84f34d2a035f0d5ceb5061c1d98c/execute/sync - {"script":"<script> [8489 bytes]","args":[{"element-6066-11e4-a52e-4f735466cecf":"f.F6EA384F60A395BEF55DE869336FE185.d.82B44E779EF0F952EEEF51C0690D1CEF.e.7682","ELEMENT":"f.F6EA384F60A395BEF55DE869336FE185.d.82B44E779EF0F952EEEF51C0690D1CEF.e.7682"}]}
RESULT: {"script":"<script> [8489 bytes]","args":[{"element-6066-11e4-a52e-4f735466cecf":"f.F6EA384F60A395BEF55DE869336FE185.d.82B44E779EF0F952EEEF51C0690D1CEF.e.7682","ELEMENT":"f.F6EA384F60A395BEF55DE869336FE185.d.82B44E779EF0F952EEEF51C0690D1CEF.e.7682"}]}
COMMAND: POST /session/1d0e84f34d2a035f0d5ceb5061c1d98c/element - {"using":"xpath","value":"(//span[contains(text(), \"Proposal\")])[1]"}
COMMAND: GET /session/1d0e84f34d2a035f0d5ceb5061c1d98c/screenshot - {}
RESULT: {"using":"xpath","value":"(//span[contains(text(), \"Proposal\")])[1]"}
COMMAND: POST /session/1d0e84f34d2a035f0d5ceb5061c1d98c/element/f.F6EA384F60A395BEF55DE869336FE185.d.82B44E779EF0F952EEEF51C0690D1CEF.e.7725/click - {}
RESULT: {}
RESULT: {}
COMMAND: GET /session/1d0e84f34d2a035f0d5ceb5061c1d98c/screenshot - {}
RESULT: {}
COMMAND: POST /session/1d0e84f34d2a035f0d5ceb5061c1d98c/execute/sync - {"script":"<script> [8489 bytes]","args":[{"element-6066-11e4-a52e-4f735466cecf":"f.F6EA384F60A395BEF55DE869336FE185.d.82B44E779EF0F952EEEF51C0690D1CEF.e.7682","ELEMENT":"f.F6EA384F60A395BEF55DE869336FE185.d.82B44E779EF0F952EEEF51C0690D1CEF.e.7682"}]}
RESULT: {"script":"<script> [8489 bytes]","args":[{"element-6066-11e4-a52e-4f735466cecf":"f.F6EA384F60A395BEF55DE869336FE185.d.82B44E779EF0F952EEEF51C0690D1CEF.e.7682","ELEMENT":"f.F6EA384F60A395BEF55DE869336FE185.d.82B44E779EF0F952EEEF51C0690D1CEF.e.7682"}]}
COMMAND: POST /session/1d0e84f34d2a035f0d5ceb5061c1d98c/element - {"using":"xpath","value":"//li[contains(@data-kt ,\"exitWebshopNavigationListItem\")]"}
COMMAND: GET /session/1d0e84f34d2a035f0d5ceb5061c1d98c/screenshot - {}
RESULT: {"using":"xpath","value":"//li[contains(@data-kt ,\"exitWebshopNavigationListItem\")]"}
COMMAND: POST /session/1d0e84f34d2a035f0d5ceb5061c1d98c/element/f.F6EA384F60A395BEF55DE869336FE185.d.82B44E779EF0F952EEEF51C0690D1CEF.e.7802/click - {}
RESULT: {}
RESULT: {}
COMMAND: GET /session/1d0e84f34d2a035f0d5ceb5061c1d98c/screenshot - {}
RESULT: {}
]]></system-out>
    </testcase>
  </testsuite>
  <testsuite timestamp="2025-05-30T16:29:30" time="259.736" tests="1" failures="0" errors="0" skipped="0">
    <properties>
      <property name="specId" value="0"/>
      <property name="suiteName" value="Webshop edit draft change dates pickup and delete items  US151281"/>
      <property name="capabilities" value="chrome.136_0_7103_93.windows"/>
      <property name="file" value="file:///D:/a/1/s/test/specs/R2C/webshop-edit-draft-dates-pickup-delete-items.spec.js"/>
    </properties>
    <testcase classname="chrome.136_0_7103_93.windows.Webshop_edit_draft_change_dates_pickup_and_delete_items__US151281" name="Should create a new draft and add the catalog items" time="259.733">
      <system-out><![CDATA[
RESULT: undefined
COMMAND: POST /session/1d0e84f34d2a035f0d5ceb5061c1d98c/element - {"using":"xpath","value":"//*[@id=\"__tile49\"]"}
RESULT: {"using":"xpath","value":"//*[@id=\"__tile49\"]"}
COMMAND: POST /session/1d0e84f34d2a035f0d5ceb5061c1d98c/element/f.F6EA384F60A395BEF55DE869336FE185.d.82B44E779EF0F952EEEF51C0690D1CEF.e.3005/click - {}
RESULT: {}
COMMAND: GET /session/1d0e84f34d2a035f0d5ceb5061c1d98c/screenshot - {}
RESULT: {}
COMMAND: POST /session/1d0e84f34d2a035f0d5ceb5061c1d98c/elements - {"using":"xpath","value":"//span[text()='Error']"}
RESULT: {"using":"xpath","value":"//span[text()='Error']"}
COMMAND: POST /session/1d0e84f34d2a035f0d5ceb5061c1d98c/element - {"using":"css selector","value":"#requestCreationDialog--createRequestPopUp-title-inner"}
RESULT: {"using":"css selector","value":"#requestCreationDialog--createRequestPopUp-title-inner"}
COMMAND: POST /session/1d0e84f34d2a035f0d5ceb5061c1d98c/execute/sync - {"script":"<script> [8489 bytes]","args":[{"element-6066-11e4-a52e-4f735466cecf":"f.F6EA384F60A395BEF55DE869336FE185.d.82B44E779EF0F952EEEF51C0690D1CEF.e.7851","ELEMENT":"f.F6EA384F60A395BEF55DE869336FE185.d.82B44E779EF0F952EEEF51C0690D1CEF.e.7851"}]}
RESULT: {"script":"<script> [8489 bytes]","args":[{"element-6066-11e4-a52e-4f735466cecf":"f.F6EA384F60A395BEF55DE869336FE185.d.82B44E779EF0F952EEEF51C0690D1CEF.e.7851","ELEMENT":"f.F6EA384F60A395BEF55DE869336FE185.d.82B44E779EF0F952EEEF51C0690D1CEF.e.7851"}]}
COMMAND: GET /session/1d0e84f34d2a035f0d5ceb5061c1d98c/element/f.F6EA384F60A395BEF55DE869336FE185.d.82B44E779EF0F952EEEF51C0690D1CEF.e.7851/enabled - {}
COMMAND: GET /session/1d0e84f34d2a035f0d5ceb5061c1d98c/screenshot - {}
RESULT: {}
RESULT: undefined
COMMAND: POST /session/1d0e84f34d2a035f0d5ceb5061c1d98c/execute/async - {"script":"<script> [776 bytes]","args":[{"enterText":"WebdriverTest","selector":{"id":"requestCreationDialog--requestName","searchOpenDialogs":true,"interaction":{"idSuffix":"inner"}},"clearTextFirst":true,"interactionType":"ENTER_TEXT"}]}
COMMAND: GET /session/1d0e84f34d2a035f0d5ceb5061c1d98c/screenshot - {}
RESULT: {}
RESULT: {"script":"<script> [776 bytes]","args":[{"enterText":"WebdriverTest","selector":{"id":"requestCreationDialog--requestName","searchOpenDialogs":true,"interaction":{"idSuffix":"inner"}},"clearTextFirst":true,"interactionType":"ENTER_TEXT"}]}
COMMAND: POST /session/1d0e84f34d2a035f0d5ceb5061c1d98c/element - {"using":"xpath","value":"//input[contains(@id ,\"requestCreationDialog--contract-inner\")]"}
RESULT: {}
RESULT: {"using":"xpath","value":"//input[contains(@id ,\"requestCreationDialog--contract-inner\")]"}
COMMAND: POST /session/1d0e84f34d2a035f0d5ceb5061c1d98c/element/f.F6EA384F60A395BEF55DE869336FE185.d.82B44E779EF0F952EEEF51C0690D1CEF.e.7837/clear - {}
RESULT: {}
COMMAND: POST /session/1d0e84f34d2a035f0d5ceb5061c1d98c/element/f.F6EA384F60A395BEF55DE869336FE185.d.82B44E779EF0F952EEEF51C0690D1CEF.e.7837/value - {"text":"10406"}
COMMAND: GET /session/1d0e84f34d2a035f0d5ceb5061c1d98c/screenshot - {}
RESULT: {"text":"10406"}
COMMAND: GET /session/1d0e84f34d2a035f0d5ceb5061c1d98c/screenshot - {}
RESULT: {}
RESULT: {}
COMMAND: POST /session/1d0e84f34d2a035f0d5ceb5061c1d98c/actions - {"actions":[{"id":"action16","type":"key","parameters":{},"actions":[{"type":"keyDown","value":""},{"type":"pause","duration":10},{"type":"keyUp","value":""}]}]}
RESULT: {"actions":[{"id":"action16","type":"key","parameters":{},"actions":[{"type":"keyDown","value":""},{"type":"pause","duration":10},{"type":"keyUp","value":""}]}]}
COMMAND: GET /session/1d0e84f34d2a035f0d5ceb5061c1d98c/screenshot - {}
RESULT: {}
COMMAND: POST /session/1d0e84f34d2a035f0d5ceb5061c1d98c/element - {"using":"xpath","value":"//input[contains(@id ,\"requestCreationDialog--contract-inner\")]"}
RESULT: {"using":"xpath","value":"//input[contains(@id ,\"requestCreationDialog--contract-inner\")]"}
COMMAND: GET /session/1d0e84f34d2a035f0d5ceb5061c1d98c/element/f.F6EA384F60A395BEF55DE869336FE185.d.82B44E779EF0F952EEEF51C0690D1CEF.e.7837/property/value - {}
RESULT: {}
COMMAND: POST /session/1d0e84f34d2a035f0d5ceb5061c1d98c/element - {"using":"xpath","value":"//input[contains(@id ,\"requestCreationDialog--contract-inner\")]"}
COMMAND: GET /session/1d0e84f34d2a035f0d5ceb5061c1d98c/screenshot - {}
RESULT: {"using":"xpath","value":"//input[contains(@id ,\"requestCreationDialog--contract-inner\")]"}
RESULT: undefined
COMMAND: POST /session/1d0e84f34d2a035f0d5ceb5061c1d98c/element - {"using":"xpath","value":"//*[@id=\"requestCreationDialog--okButton\"]"}
RESULT: {}
RESULT: {"using":"xpath","value":"//*[@id=\"requestCreationDialog--okButton\"]"}
COMMAND: POST /session/1d0e84f34d2a035f0d5ceb5061c1d98c/element/f.F6EA384F60A395BEF55DE869336FE185.d.82B44E779EF0F952EEEF51C0690D1CEF.e.7858/click - {}
RESULT: {}
COMMAND: GET /session/1d0e84f34d2a035f0d5ceb5061c1d98c/screenshot - {}
RESULT: {}
COMMAND: POST /session/1d0e84f34d2a035f0d5ceb5061c1d98c/element - {"using":"xpath","value":"//input[contains(@id ,\"searchFiledId-I\")]"}
RESULT: {"using":"xpath","value":"//input[contains(@id ,\"searchFiledId-I\")]"}
COMMAND: POST /session/1d0e84f34d2a035f0d5ceb5061c1d98c/element/f.F6EA384F60A395BEF55DE869336FE185.d.82B44E779EF0F952EEEF51C0690D1CEF.e.7806/value - {"text":"Dri-Prime CD150M Diesel Pump"}
RESULT: {"text":"Dri-Prime CD150M Diesel Pump"}
COMMAND: POST /session/1d0e84f34d2a035f0d5ceb5061c1d98c/actions - {"actions":[{"id":"action17","type":"key","parameters":{},"actions":[{"type":"keyDown","value":""},{"type":"pause","duration":10},{"type":"keyUp","value":""}]}]}
COMMAND: GET /session/1d0e84f34d2a035f0d5ceb5061c1d98c/screenshot - {}
RESULT: {"actions":[{"id":"action17","type":"key","parameters":{},"actions":[{"type":"keyDown","value":""},{"type":"pause","duration":10},{"type":"keyUp","value":""}]}]}
COMMAND: GET /session/1d0e84f34d2a035f0d5ceb5061c1d98c/screenshot - {}
RESULT: {}
RESULT: {}
COMMAND: POST /session/1d0e84f34d2a035f0d5ceb5061c1d98c/element - {"using":"xpath","value":"//span[contains(@id ,\"subTitle\")][contains(text(), \"Dri-Prime CD150M Diesel Pump\")]"}
RESULT: {"using":"xpath","value":"//span[contains(@id ,\"subTitle\")][contains(text(), \"Dri-Prime CD150M Diesel Pump\")]"}
COMMAND: POST /session/1d0e84f34d2a035f0d5ceb5061c1d98c/element/f.F6EA384F60A395BEF55DE869336FE185.d.82B44E779EF0F952EEEF51C0690D1CEF.e.7865/click - {}
RESULT: {}
COMMAND: GET /session/1d0e84f34d2a035f0d5ceb5061c1d98c/screenshot - {}
RESULT: {}
COMMAND: POST /session/1d0e84f34d2a035f0d5ceb5061c1d98c/element - {"using":"xpath","value":"//bdi[contains(text(), \"Add to Request\")]"}
RESULT: {"using":"xpath","value":"//bdi[contains(text(), \"Add to Request\")]"}
COMMAND: POST /session/1d0e84f34d2a035f0d5ceb5061c1d98c/element/f.F6EA384F60A395BEF55DE869336FE185.d.82B44E779EF0F952EEEF51C0690D1CEF.e.7878/click - {}
RESULT: {}
COMMAND: GET /session/1d0e84f34d2a035f0d5ceb5061c1d98c/screenshot - {}
RESULT: {}
COMMAND: POST /session/1d0e84f34d2a035f0d5ceb5061c1d98c/element/f.F6EA384F60A395BEF55DE869336FE185.d.82B44E779EF0F952EEEF51C0690D1CEF.e.7878/click - {}
RESULT: {}
COMMAND: GET /session/1d0e84f34d2a035f0d5ceb5061c1d98c/screenshot - {}
RESULT: {}
COMMAND: POST /session/1d0e84f34d2a035f0d5ceb5061c1d98c/element - {"using":"xpath","value":"//*[contains(@id ,\"activeCartId-BDI-content\")]"}
RESULT: {"using":"xpath","value":"//*[contains(@id ,\"activeCartId-BDI-content\")]"}
COMMAND: POST /session/1d0e84f34d2a035f0d5ceb5061c1d98c/element/f.F6EA384F60A395BEF55DE869336FE185.d.82B44E779EF0F952EEEF51C0690D1CEF.e.7888/click - {}
RESULT: {}
COMMAND: GET /session/1d0e84f34d2a035f0d5ceb5061c1d98c/screenshot - {}
RESULT: {}
COMMAND: POST /session/1d0e84f34d2a035f0d5ceb5061c1d98c/element - {"using":"xpath","value":"//bdi[contains(text(), \"Check out my request\")]"}
RESULT: {"using":"xpath","value":"//bdi[contains(text(), \"Check out my request\")]"}
COMMAND: POST /session/1d0e84f34d2a035f0d5ceb5061c1d98c/element/f.F6EA384F60A395BEF55DE869336FE185.d.82B44E779EF0F952EEEF51C0690D1CEF.e.7890/click - {}
RESULT: {}
COMMAND: GET /session/1d0e84f34d2a035f0d5ceb5061c1d98c/screenshot - {}
RESULT: {}
COMMAND: POST /session/1d0e84f34d2a035f0d5ceb5061c1d98c/element - {"using":"xpath","value":"//div[contains(@data-kt ,\"characteristicsObjectStatus\")]"}
RESULT: {"using":"xpath","value":"//div[contains(@data-kt ,\"characteristicsObjectStatus\")]"}
COMMAND: POST /session/1d0e84f34d2a035f0d5ceb5061c1d98c/element/f.F6EA384F60A395BEF55DE869336FE185.d.82B44E779EF0F952EEEF51C0690D1CEF.e.7910/click - {}
RESULT: {}
COMMAND: GET /session/1d0e84f34d2a035f0d5ceb5061c1d98c/screenshot - {}
RESULT: {}
COMMAND: POST /session/1d0e84f34d2a035f0d5ceb5061c1d98c/element - {"using":"xpath","value":"//input[contains(@id ,\"costObjectAdminTypeComboBox-inner\")]"}
RESULT: {"using":"xpath","value":"//input[contains(@id ,\"costObjectAdminTypeComboBox-inner\")]"}
COMMAND: POST /session/1d0e84f34d2a035f0d5ceb5061c1d98c/element/f.F6EA384F60A395BEF55DE869336FE185.d.82B44E779EF0F952EEEF51C0690D1CEF.e.7912/clear - {}
RESULT: {}
COMMAND: POST /session/1d0e84f34d2a035f0d5ceb5061c1d98c/element/f.F6EA384F60A395BEF55DE869336FE185.d.82B44E779EF0F952EEEF51C0690D1CEF.e.7912/value - {"text":"Cost Center"}
COMMAND: GET /session/1d0e84f34d2a035f0d5ceb5061c1d98c/screenshot - {}
RESULT: {"text":"Cost Center"}
COMMAND: GET /session/1d0e84f34d2a035f0d5ceb5061c1d98c/screenshot - {}
RESULT: {}
RESULT: {}
COMMAND: POST /session/1d0e84f34d2a035f0d5ceb5061c1d98c/actions - {"actions":[{"id":"action18","type":"key","parameters":{},"actions":[{"type":"keyDown","value":""},{"type":"pause","duration":10},{"type":"keyUp","value":""}]}]}
RESULT: {"actions":[{"id":"action18","type":"key","parameters":{},"actions":[{"type":"keyDown","value":""},{"type":"pause","duration":10},{"type":"keyUp","value":""}]}]}
COMMAND: GET /session/1d0e84f34d2a035f0d5ceb5061c1d98c/screenshot - {}
RESULT: {}
COMMAND: POST /session/1d0e84f34d2a035f0d5ceb5061c1d98c/element - {"using":"xpath","value":"//input[contains(@id ,\"costObjectIdComboBox-inner\")]"}
RESULT: {"using":"xpath","value":"//input[contains(@id ,\"costObjectIdComboBox-inner\")]"}
COMMAND: POST /session/1d0e84f34d2a035f0d5ceb5061c1d98c/element/f.F6EA384F60A395BEF55DE869336FE185.d.82B44E779EF0F952EEEF51C0690D1CEF.e.7922/clear - {}
RESULT: {}
COMMAND: POST /session/1d0e84f34d2a035f0d5ceb5061c1d98c/element/f.F6EA384F60A395BEF55DE869336FE185.d.82B44E779EF0F952EEEF51C0690D1CEF.e.7922/value - {"text":"Vigra"}
COMMAND: GET /session/1d0e84f34d2a035f0d5ceb5061c1d98c/screenshot - {}
RESULT: {"text":"Vigra"}
COMMAND: GET /session/1d0e84f34d2a035f0d5ceb5061c1d98c/screenshot - {}
RESULT: {}
RESULT: {}
COMMAND: POST /session/1d0e84f34d2a035f0d5ceb5061c1d98c/actions - {"actions":[{"id":"action19","type":"key","parameters":{},"actions":[{"type":"keyDown","value":""},{"type":"pause","duration":10},{"type":"keyUp","value":""}]}]}
RESULT: {"actions":[{"id":"action19","type":"key","parameters":{},"actions":[{"type":"keyDown","value":""},{"type":"pause","duration":10},{"type":"keyUp","value":""}]}]}
COMMAND: GET /session/1d0e84f34d2a035f0d5ceb5061c1d98c/screenshot - {}
RESULT: {}
COMMAND: POST /session/1d0e84f34d2a035f0d5ceb5061c1d98c/element - {"using":"xpath","value":"//bdi[contains(text(), \"Save\")]"}
RESULT: {"using":"xpath","value":"//bdi[contains(text(), \"Save\")]"}
COMMAND: POST /session/1d0e84f34d2a035f0d5ceb5061c1d98c/element/f.F6EA384F60A395BEF55DE869336FE185.d.82B44E779EF0F952EEEF51C0690D1CEF.e.7927/click - {}
RESULT: {}
COMMAND: GET /session/1d0e84f34d2a035f0d5ceb5061c1d98c/screenshot - {}
RESULT: {}
COMMAND: POST /session/1d0e84f34d2a035f0d5ceb5061c1d98c/element - {"using":"xpath","value":"(//div[contains(@data-kt ,\"characteristicsObjectStatus\")])[2]"}
RESULT: {"using":"xpath","value":"(//div[contains(@data-kt ,\"characteristicsObjectStatus\")])[2]"}
COMMAND: POST /session/1d0e84f34d2a035f0d5ceb5061c1d98c/element/f.F6EA384F60A395BEF55DE869336FE185.d.82B44E779EF0F952EEEF51C0690D1CEF.e.7931/click - {}
RESULT: {}
COMMAND: GET /session/1d0e84f34d2a035f0d5ceb5061c1d98c/screenshot - {}
RESULT: {}
COMMAND: POST /session/1d0e84f34d2a035f0d5ceb5061c1d98c/element - {"using":"xpath","value":"//input[contains(@id ,\"costObjectAdminTypeComboBox-inner\")]"}
RESULT: {"using":"xpath","value":"//input[contains(@id ,\"costObjectAdminTypeComboBox-inner\")]"}
COMMAND: POST /session/1d0e84f34d2a035f0d5ceb5061c1d98c/element/f.F6EA384F60A395BEF55DE869336FE185.d.82B44E779EF0F952EEEF51C0690D1CEF.e.7932/clear - {}
RESULT: {}
COMMAND: POST /session/1d0e84f34d2a035f0d5ceb5061c1d98c/element/f.F6EA384F60A395BEF55DE869336FE185.d.82B44E779EF0F952EEEF51C0690D1CEF.e.7932/value - {"text":"Cost Center"}
COMMAND: GET /session/1d0e84f34d2a035f0d5ceb5061c1d98c/screenshot - {}
RESULT: {"text":"Cost Center"}
COMMAND: GET /session/1d0e84f34d2a035f0d5ceb5061c1d98c/screenshot - {}
RESULT: {}
RESULT: {}
COMMAND: POST /session/1d0e84f34d2a035f0d5ceb5061c1d98c/actions - {"actions":[{"id":"action20","type":"key","parameters":{},"actions":[{"type":"keyDown","value":""},{"type":"pause","duration":10},{"type":"keyUp","value":""}]}]}
RESULT: {"actions":[{"id":"action20","type":"key","parameters":{},"actions":[{"type":"keyDown","value":""},{"type":"pause","duration":10},{"type":"keyUp","value":""}]}]}
COMMAND: GET /session/1d0e84f34d2a035f0d5ceb5061c1d98c/screenshot - {}
RESULT: {}
COMMAND: POST /session/1d0e84f34d2a035f0d5ceb5061c1d98c/element - {"using":"xpath","value":"//input[contains(@id ,\"costObjectIdComboBox-inner\")]"}
RESULT: {"using":"xpath","value":"//input[contains(@id ,\"costObjectIdComboBox-inner\")]"}
COMMAND: POST /session/1d0e84f34d2a035f0d5ceb5061c1d98c/element/f.F6EA384F60A395BEF55DE869336FE185.d.82B44E779EF0F952EEEF51C0690D1CEF.e.7942/clear - {}
RESULT: {}
COMMAND: POST /session/1d0e84f34d2a035f0d5ceb5061c1d98c/element/f.F6EA384F60A395BEF55DE869336FE185.d.82B44E779EF0F952EEEF51C0690D1CEF.e.7942/value - {"text":"Vigra"}
COMMAND: GET /session/1d0e84f34d2a035f0d5ceb5061c1d98c/screenshot - {}
RESULT: {"text":"Vigra"}
COMMAND: GET /session/1d0e84f34d2a035f0d5ceb5061c1d98c/screenshot - {}
RESULT: {}
RESULT: {}
COMMAND: POST /session/1d0e84f34d2a035f0d5ceb5061c1d98c/actions - {"actions":[{"id":"action21","type":"key","parameters":{},"actions":[{"type":"keyDown","value":""},{"type":"pause","duration":10},{"type":"keyUp","value":""}]}]}
RESULT: {"actions":[{"id":"action21","type":"key","parameters":{},"actions":[{"type":"keyDown","value":""},{"type":"pause","duration":10},{"type":"keyUp","value":""}]}]}
COMMAND: GET /session/1d0e84f34d2a035f0d5ceb5061c1d98c/screenshot - {}
RESULT: {}
COMMAND: POST /session/1d0e84f34d2a035f0d5ceb5061c1d98c/element - {"using":"xpath","value":"//bdi[contains(text(), \"Save\")]"}
RESULT: {"using":"xpath","value":"//bdi[contains(text(), \"Save\")]"}
COMMAND: POST /session/1d0e84f34d2a035f0d5ceb5061c1d98c/element/f.F6EA384F60A395BEF55DE869336FE185.d.82B44E779EF0F952EEEF51C0690D1CEF.e.7947/click - {}
RESULT: {}
COMMAND: GET /session/1d0e84f34d2a035f0d5ceb5061c1d98c/screenshot - {}
RESULT: {}
COMMAND: POST /session/1d0e84f34d2a035f0d5ceb5061c1d98c/element - {"using":"xpath","value":"(//header/div[1]/div[3]/div/span)[1]"}
RESULT: {"using":"xpath","value":"(//header/div[1]/div[3]/div/span)[1]"}
COMMAND: POST /session/1d0e84f34d2a035f0d5ceb5061c1d98c/execute/sync - {"script":"<script> [149 bytes]","args":[{"element-6066-11e4-a52e-4f735466cecf":"f.F6EA384F60A395BEF55DE869336FE185.d.82B44E779EF0F952EEEF51C0690D1CEF.e.7968","ELEMENT":"f.F6EA384F60A395BEF55DE869336FE185.d.82B44E779EF0F952EEEF51C0690D1CEF.e.7968"},false]}
RESULT: {"script":"<script> [149 bytes]","args":[{"element-6066-11e4-a52e-4f735466cecf":"f.F6EA384F60A395BEF55DE869336FE185.d.82B44E779EF0F952EEEF51C0690D1CEF.e.7968","ELEMENT":"f.F6EA384F60A395BEF55DE869336FE185.d.82B44E779EF0F952EEEF51C0690D1CEF.e.7968"},false]}
COMMAND: POST /session/1d0e84f34d2a035f0d5ceb5061c1d98c/execute/async - {"script":"<script> [1562 bytes]","args":[{"selector":{"id":"pickUpSwitchHeader","viewName":"etm.portal.ui.webshop.view.RequestDetail","interaction":{"idSuffix":"textoff"}},"wdio_ui5_key":"pickUpSwitchHeaderetmportal.ui.webshop.view.RequestDetail"}]}
COMMAND: GET /session/1d0e84f34d2a035f0d5ceb5061c1d98c/screenshot - {}
RESULT: {"script":"<script> [1562 bytes]","args":[{"selector":{"id":"pickUpSwitchHeader","viewName":"etm.portal.ui.webshop.view.RequestDetail","interaction":{"idSuffix":"textoff"}},"wdio_ui5_key":"pickUpSwitchHeaderetmportal.ui.webshop.view.RequestDetail"}]}
RESULT: undefined
COMMAND: POST /session/1d0e84f34d2a035f0d5ceb5061c1d98c/element - {"using":"xpath","value":"//*[@id=\"__xmlview76--pickUpSwitchHeader\"]"}
RESULT: {}
RESULT: {"using":"xpath","value":"//*[@id=\"__xmlview76--pickUpSwitchHeader\"]"}
COMMAND: POST /session/1d0e84f34d2a035f0d5ceb5061c1d98c/element/f.F6EA384F60A395BEF55DE869336FE185.d.82B44E779EF0F952EEEF51C0690D1CEF.e.7970/click - {}
RESULT: {}
COMMAND: GET /session/1d0e84f34d2a035f0d5ceb5061c1d98c/screenshot - {}
RESULT: {}
COMMAND: POST /session/1d0e84f34d2a035f0d5ceb5061c1d98c/execute/async - {"script":"<script> [1562 bytes]","args":[{"selector":{"controlType":"sap.m.Button","viewName":"etm.portal.ui.webshop.view.RequestDetail","bindingPath":{"path":"/RequestItems(REQUEST='20183',ITEM=10m)","propertyPath":"STATUS"}},"wdio_ui5_key":"etmportal.ui.webshop.view.RequestDetailsap.m.Button{\"path\":\"/RequestItems(REQUEST='20183',ITEM=10m)\",\"propertyPath\":\"STATUS\"}"}]}
RESULT: {"script":"<script> [1562 bytes]","args":[{"selector":{"controlType":"sap.m.Button","viewName":"etm.portal.ui.webshop.view.RequestDetail","bindingPath":{"path":"/RequestItems(REQUEST='20183',ITEM=10m)","propertyPath":"STATUS"}},"wdio_ui5_key":"etmportal.ui.webshop.view.RequestDetailsap.m.Button{\"path\":\"/RequestItems(REQUEST='20183',ITEM=10m)\",\"propertyPath\":\"STATUS\"}"}]}
RESULT: undefined
COMMAND: POST /session/1d0e84f34d2a035f0d5ceb5061c1d98c/execute/async - {"script":"<script> [6424 bytes]","args":[{"element-6066-11e4-a52e-4f735466cecf":"f.F6EA384F60A395BEF55DE869336FE185.d.82B44E779EF0F952EEEF51C0690D1CEF.e.7974"},"getType",[]]}
RESULT: {"script":"<script> [6424 bytes]","args":[{"element-6066-11e4-a52e-4f735466cecf":"f.F6EA384F60A395BEF55DE869336FE185.d.82B44E779EF0F952EEEF51C0690D1CEF.e.7974"},"getType",[]]}
COMMAND: POST /session/1d0e84f34d2a035f0d5ceb5061c1d98c/execute/async - {"script":"<script> [1562 bytes]","args":[{"selector":{"controlType":"sap.m.Button","viewName":"etm.portal.ui.webshop.view.RequestDetail","bindingPath":{"path":"/RequestItems(REQUEST='20183',ITEM=20m)","propertyPath":"STATUS"}},"wdio_ui5_key":"etmportal.ui.webshop.view.RequestDetailsap.m.Button{\"path\":\"/RequestItems(REQUEST='20183',ITEM=20m)\",\"propertyPath\":\"STATUS\"}"}]}
RESULT: {"script":"<script> [1562 bytes]","args":[{"selector":{"controlType":"sap.m.Button","viewName":"etm.portal.ui.webshop.view.RequestDetail","bindingPath":{"path":"/RequestItems(REQUEST='20183',ITEM=20m)","propertyPath":"STATUS"}},"wdio_ui5_key":"etmportal.ui.webshop.view.RequestDetailsap.m.Button{\"path\":\"/RequestItems(REQUEST='20183',ITEM=20m)\",\"propertyPath\":\"STATUS\"}"}]}
RESULT: undefined
COMMAND: POST /session/1d0e84f34d2a035f0d5ceb5061c1d98c/execute/async - {"script":"<script> [6424 bytes]","args":[{"element-6066-11e4-a52e-4f735466cecf":"f.F6EA384F60A395BEF55DE869336FE185.d.82B44E779EF0F952EEEF51C0690D1CEF.e.7975"},"getType",[]]}
RESULT: {"script":"<script> [6424 bytes]","args":[{"element-6066-11e4-a52e-4f735466cecf":"f.F6EA384F60A395BEF55DE869336FE185.d.82B44E779EF0F952EEEF51C0690D1CEF.e.7975"},"getType",[]]}
RESULT: undefined
COMMAND: POST /session/1d0e84f34d2a035f0d5ceb5061c1d98c/element - {"using":"xpath","value":"//*[@id=\"__xmlview76--pickUpItemButton-__clone34148\"]"}
RESULT: {"using":"xpath","value":"//*[@id=\"__xmlview76--pickUpItemButton-__clone34148\"]"}
COMMAND: POST /session/1d0e84f34d2a035f0d5ceb5061c1d98c/element/f.F6EA384F60A395BEF55DE869336FE185.d.82B44E779EF0F952EEEF51C0690D1CEF.e.7974/click - {}
RESULT: {}
COMMAND: GET /session/1d0e84f34d2a035f0d5ceb5061c1d98c/screenshot - {}
RESULT: {}
COMMAND: POST /session/1d0e84f34d2a035f0d5ceb5061c1d98c/element - {"using":"xpath","value":"//span[contains(@class ,\"sapMBtnInner sapMBtnHoverable sapMFocusable sapMBtnText sapMBtnDefault\")][contains(@id ,\"pickUpItemButton\")]"}
RESULT: {"using":"xpath","value":"//span[contains(@class ,\"sapMBtnInner sapMBtnHoverable sapMFocusable sapMBtnText sapMBtnDefault\")][contains(@id ,\"pickUpItemButton\")]"}
COMMAND: POST /session/1d0e84f34d2a035f0d5ceb5061c1d98c/execute/sync - {"script":"<script> [8489 bytes]","args":[{"element-6066-11e4-a52e-4f735466cecf":"f.F6EA384F60A395BEF55DE869336FE185.d.82B44E779EF0F952EEEF51C0690D1CEF.e.7976","ELEMENT":"f.F6EA384F60A395BEF55DE869336FE185.d.82B44E779EF0F952EEEF51C0690D1CEF.e.7976"}]}
RESULT: undefined
COMMAND: POST /session/1d0e84f34d2a035f0d5ceb5061c1d98c/execute/async - {"script":"<script> [6424 bytes]","args":[{"element-6066-11e4-a52e-4f735466cecf":"f.F6EA384F60A395BEF55DE869336FE185.d.82B44E779EF0F952EEEF51C0690D1CEF.e.7969"},"getState",[]]}
RESULT: {"script":"<script> [8489 bytes]","args":[{"element-6066-11e4-a52e-4f735466cecf":"f.F6EA384F60A395BEF55DE869336FE185.d.82B44E779EF0F952EEEF51C0690D1CEF.e.7976","ELEMENT":"f.F6EA384F60A395BEF55DE869336FE185.d.82B44E779EF0F952EEEF51C0690D1CEF.e.7976"}]}
COMMAND: GET /session/1d0e84f34d2a035f0d5ceb5061c1d98c/screenshot - {}
RESULT: {"script":"<script> [6424 bytes]","args":[{"element-6066-11e4-a52e-4f735466cecf":"f.F6EA384F60A395BEF55DE869336FE185.d.82B44E779EF0F952EEEF51C0690D1CEF.e.7969"},"getState",[]]}
COMMAND: POST /session/1d0e84f34d2a035f0d5ceb5061c1d98c/execute/async - {"script":"<script> [1562 bytes]","args":[{"selector":{"id":"editRequest","viewName":"etm.portal.ui.webshop.view.RequestDetail","interaction":{"idSuffix":"BDI-content"}},"wdio_ui5_key":"editRequestetmportal.ui.webshop.view.RequestDetail"}]}
COMMAND: POST /session/1d0e84f34d2a035f0d5ceb5061c1d98c/execute/sync - {"script":"<script> [8489 bytes]","args":[{"element-6066-11e4-a52e-4f735466cecf":"f.F6EA384F60A395BEF55DE869336FE185.d.82B44E779EF0F952EEEF51C0690D1CEF.e.7976","ELEMENT":"f.F6EA384F60A395BEF55DE869336FE185.d.82B44E779EF0F952EEEF51C0690D1CEF.e.7976"}]}
RESULT: {}
RESULT: {"script":"<script> [1562 bytes]","args":[{"selector":{"id":"editRequest","viewName":"etm.portal.ui.webshop.view.RequestDetail","interaction":{"idSuffix":"BDI-content"}},"wdio_ui5_key":"editRequestetmportal.ui.webshop.view.RequestDetail"}]}
RESULT: undefined
COMMAND: POST /session/1d0e84f34d2a035f0d5ceb5061c1d98c/element - {"using":"xpath","value":"//*[@id=\"__xmlview76--editRequest\"]"}
RESULT: {"script":"<script> [8489 bytes]","args":[{"element-6066-11e4-a52e-4f735466cecf":"f.F6EA384F60A395BEF55DE869336FE185.d.82B44E779EF0F952EEEF51C0690D1CEF.e.7976","ELEMENT":"f.F6EA384F60A395BEF55DE869336FE185.d.82B44E779EF0F952EEEF51C0690D1CEF.e.7976"}]}
COMMAND: GET /session/1d0e84f34d2a035f0d5ceb5061c1d98c/screenshot - {}
RESULT: {"using":"xpath","value":"//*[@id=\"__xmlview76--editRequest\"]"}
COMMAND: POST /session/1d0e84f34d2a035f0d5ceb5061c1d98c/element/f.F6EA384F60A395BEF55DE869336FE185.d.82B44E779EF0F952EEEF51C0690D1CEF.e.7978/click - {}
RESULT: {}
RESULT: {}
COMMAND: GET /session/1d0e84f34d2a035f0d5ceb5061c1d98c/screenshot - {}
COMMAND: POST /session/1d0e84f34d2a035f0d5ceb5061c1d98c/execute/sync - {"script":"<script> [8489 bytes]","args":[{"element-6066-11e4-a52e-4f735466cecf":"f.F6EA384F60A395BEF55DE869336FE185.d.82B44E779EF0F952EEEF51C0690D1CEF.e.7976","ELEMENT":"f.F6EA384F60A395BEF55DE869336FE185.d.82B44E779EF0F952EEEF51C0690D1CEF.e.7976"}]}
RESULT: {}
RESULT: {"script":"<script> [8489 bytes]","args":[{"element-6066-11e4-a52e-4f735466cecf":"f.F6EA384F60A395BEF55DE869336FE185.d.82B44E779EF0F952EEEF51C0690D1CEF.e.7976","ELEMENT":"f.F6EA384F60A395BEF55DE869336FE185.d.82B44E779EF0F952EEEF51C0690D1CEF.e.7976"}]}
COMMAND: GET /session/1d0e84f34d2a035f0d5ceb5061c1d98c/screenshot - {}
RESULT: {}
COMMAND: POST /session/1d0e84f34d2a035f0d5ceb5061c1d98c/execute/sync - {"script":"<script> [8489 bytes]","args":[{"element-6066-11e4-a52e-4f735466cecf":"f.F6EA384F60A395BEF55DE869336FE185.d.82B44E779EF0F952EEEF51C0690D1CEF.e.7976","ELEMENT":"f.F6EA384F60A395BEF55DE869336FE185.d.82B44E779EF0F952EEEF51C0690D1CEF.e.7976"}]}
RESULT: {"script":"<script> [8489 bytes]","args":[{"element-6066-11e4-a52e-4f735466cecf":"f.F6EA384F60A395BEF55DE869336FE185.d.82B44E779EF0F952EEEF51C0690D1CEF.e.7976","ELEMENT":"f.F6EA384F60A395BEF55DE869336FE185.d.82B44E779EF0F952EEEF51C0690D1CEF.e.7976"}]}
COMMAND: GET /session/1d0e84f34d2a035f0d5ceb5061c1d98c/screenshot - {}
RESULT: {}
COMMAND: POST /session/1d0e84f34d2a035f0d5ceb5061c1d98c/execute/sync - {"script":"<script> [8489 bytes]","args":[{"element-6066-11e4-a52e-4f735466cecf":"f.F6EA384F60A395BEF55DE869336FE185.d.82B44E779EF0F952EEEF51C0690D1CEF.e.7976","ELEMENT":"f.F6EA384F60A395BEF55DE869336FE185.d.82B44E779EF0F952EEEF51C0690D1CEF.e.7976"}]}
RESULT: {"script":"<script> [8489 bytes]","args":[{"element-6066-11e4-a52e-4f735466cecf":"f.F6EA384F60A395BEF55DE869336FE185.d.82B44E779EF0F952EEEF51C0690D1CEF.e.7976","ELEMENT":"f.F6EA384F60A395BEF55DE869336FE185.d.82B44E779EF0F952EEEF51C0690D1CEF.e.7976"}]}
COMMAND: GET /session/1d0e84f34d2a035f0d5ceb5061c1d98c/screenshot - {}
RESULT: {}
COMMAND: POST /session/1d0e84f34d2a035f0d5ceb5061c1d98c/element - {"using":"xpath","value":"//input[contains(@id ,\"startDate\")]"}
RESULT: {"using":"xpath","value":"//input[contains(@id ,\"startDate\")]"}
COMMAND: POST /session/1d0e84f34d2a035f0d5ceb5061c1d98c/element/f.F6EA384F60A395BEF55DE869336FE185.d.82B44E779EF0F952EEEF51C0690D1CEF.e.7992/click - {}
RESULT: {}
COMMAND: POST /session/1d0e84f34d2a035f0d5ceb5061c1d98c/actions - {"actions":[{"id":"action22","type":"key","parameters":{},"actions":[{"type":"keyDown","value":""},{"type":"keyDown","value":"a"},{"type":"pause","duration":10},{"type":"keyUp","value":""},{"type":"keyUp","value":"a"}]}]}
COMMAND: GET /session/1d0e84f34d2a035f0d5ceb5061c1d98c/screenshot - {}
RESULT: {"actions":[{"id":"action22","type":"key","parameters":{},"actions":[{"type":"keyDown","value":""},{"type":"keyDown","value":"a"},{"type":"pause","duration":10},{"type":"keyUp","value":""},{"type":"keyUp","value":"a"}]}]}
COMMAND: POST /session/1d0e84f34d2a035f0d5ceb5061c1d98c/actions - {"actions":[{"id":"action23","type":"key","parameters":{},"actions":[{"type":"keyDown","value":""},{"type":"pause","duration":10},{"type":"keyUp","value":""}]}]}
COMMAND: GET /session/1d0e84f34d2a035f0d5ceb5061c1d98c/screenshot - {}
RESULT: {}
RESULT: {"actions":[{"id":"action23","type":"key","parameters":{},"actions":[{"type":"keyDown","value":""},{"type":"pause","duration":10},{"type":"keyUp","value":""}]}]}
COMMAND: GET /session/1d0e84f34d2a035f0d5ceb5061c1d98c/screenshot - {}
RESULT: {}
RESULT: {}
COMMAND: POST /session/1d0e84f34d2a035f0d5ceb5061c1d98c/element/f.F6EA384F60A395BEF55DE869336FE185.d.82B44E779EF0F952EEEF51C0690D1CEF.e.7992/clear - {}
RESULT: {}
COMMAND: POST /session/1d0e84f34d2a035f0d5ceb5061c1d98c/element/f.F6EA384F60A395BEF55DE869336FE185.d.82B44E779EF0F952EEEF51C0690D1CEF.e.7992/value - {"text":"6/6/25"}
COMMAND: GET /session/1d0e84f34d2a035f0d5ceb5061c1d98c/screenshot - {}
RESULT: {}
RESULT: {"text":"6/6/25"}
COMMAND: POST /session/1d0e84f34d2a035f0d5ceb5061c1d98c/actions - {"actions":[{"id":"action24","type":"key","parameters":{},"actions":[{"type":"keyDown","value":""},{"type":"pause","duration":10},{"type":"keyUp","value":""}]}]}
COMMAND: GET /session/1d0e84f34d2a035f0d5ceb5061c1d98c/screenshot - {}
RESULT: {"actions":[{"id":"action24","type":"key","parameters":{},"actions":[{"type":"keyDown","value":""},{"type":"pause","duration":10},{"type":"keyUp","value":""}]}]}
COMMAND: GET /session/1d0e84f34d2a035f0d5ceb5061c1d98c/screenshot - {}
RESULT: {}
RESULT: {}
COMMAND: POST /session/1d0e84f34d2a035f0d5ceb5061c1d98c/element - {"using":"xpath","value":"//input[contains(@id ,\"endDate\")]"}
RESULT: {"using":"xpath","value":"//input[contains(@id ,\"endDate\")]"}
COMMAND: GET /session/1d0e84f34d2a035f0d5ceb5061c1d98c/element/f.F6EA384F60A395BEF55DE869336FE185.d.82B44E779EF0F952EEEF51C0690D1CEF.e.7995/property/value - {}
RESULT: {}
COMMAND: POST /session/1d0e84f34d2a035f0d5ceb5061c1d98c/execute/async - {"script":"<script> [1562 bytes]","args":[{"selector":{"controlType":"sap.ui.core.Icon","viewName":"etm.portal.ui.webshop.view.RequestEdit","properties":{"src":{"regex":{"source":"action\\-settings"}}}},"wdio_ui5_key":"etmportal.ui.webshop.view.RequestEditsap.ui.core.Icon{\"src\":{\"regex\":{\"source\":\"action\\\\-settings\"}}}"}]}
COMMAND: GET /session/1d0e84f34d2a035f0d5ceb5061c1d98c/screenshot - {}
RESULT: {"script":"<script> [1562 bytes]","args":[{"selector":{"controlType":"sap.ui.core.Icon","viewName":"etm.portal.ui.webshop.view.RequestEdit","properties":{"src":{"regex":{"source":"action\\-settings"}}}},"wdio_ui5_key":"etmportal.ui.webshop.view.RequestEditsap.ui.core.Icon{\"src\":{\"regex\":{\"source\":\"action\\\\-settings\"}}}"}]}
RESULT: undefined
COMMAND: POST /session/1d0e84f34d2a035f0d5ceb5061c1d98c/element - {"using":"xpath","value":"//*[@id=\"__xmlview77--smartTable-btnPersonalisation-img\"]"}
RESULT: {}
RESULT: {"using":"xpath","value":"//*[@id=\"__xmlview77--smartTable-btnPersonalisation-img\"]"}
COMMAND: POST /session/1d0e84f34d2a035f0d5ceb5061c1d98c/element/f.F6EA384F60A395BEF55DE869336FE185.d.82B44E779EF0F952EEEF51C0690D1CEF.e.8025/click - {}
RESULT: {}
COMMAND: POST /session/1d0e84f34d2a035f0d5ceb5061c1d98c/element - {"using":"xpath","value":"//input[contains(@id ,\"searchField-I\")]"}
COMMAND: GET /session/1d0e84f34d2a035f0d5ceb5061c1d98c/screenshot - {}
RESULT: {"using":"xpath","value":"//input[contains(@id ,\"searchField-I\")]"}
COMMAND: POST /session/1d0e84f34d2a035f0d5ceb5061c1d98c/element/f.F6EA384F60A395BEF55DE869336FE185.d.82B44E779EF0F952EEEF51C0690D1CEF.e.8031/clear - {}
RESULT: {}
RESULT: {}
COMMAND: POST /session/1d0e84f34d2a035f0d5ceb5061c1d98c/element/f.F6EA384F60A395BEF55DE869336FE185.d.82B44E779EF0F952EEEF51C0690D1CEF.e.8031/value - {"text":"time"}
COMMAND: GET /session/1d0e84f34d2a035f0d5ceb5061c1d98c/screenshot - {}
RESULT: {"text":"time"}
COMMAND: GET /session/1d0e84f34d2a035f0d5ceb5061c1d98c/screenshot - {}
RESULT: {}
RESULT: {}
COMMAND: POST /session/1d0e84f34d2a035f0d5ceb5061c1d98c/element - {"using":"xpath","value":"//div[contains(@id ,\"innerSelectionPanelTable-sa-CbBg\")]"}
RESULT: {"using":"xpath","value":"//div[contains(@id ,\"innerSelectionPanelTable-sa-CbBg\")]"}
COMMAND: POST /session/1d0e84f34d2a035f0d5ceb5061c1d98c/element/f.F6EA384F60A395BEF55DE869336FE185.d.82B44E779EF0F952EEEF51C0690D1CEF.e.8053/click - {}
RESULT: {}
COMMAND: POST /session/1d0e84f34d2a035f0d5ceb5061c1d98c/element - {"using":"xpath","value":"//bdi[contains(text(), \"OK\")]"}
COMMAND: GET /session/1d0e84f34d2a035f0d5ceb5061c1d98c/screenshot - {}
RESULT: {"using":"xpath","value":"//bdi[contains(text(), \"OK\")]"}
COMMAND: POST /session/1d0e84f34d2a035f0d5ceb5061c1d98c/element/f.F6EA384F60A395BEF55DE869336FE185.d.82B44E779EF0F952EEEF51C0690D1CEF.e.8054/click - {}
RESULT: {}
RESULT: {}
COMMAND: GET /session/1d0e84f34d2a035f0d5ceb5061c1d98c/screenshot - {}
RESULT: {}
COMMAND: POST /session/1d0e84f34d2a035f0d5ceb5061c1d98c/execute/async - {"script":"<script> [1562 bytes]","args":[{"selector":{"controlType":"sap.m.CheckBox","viewName":"etm.portal.ui.webshop.view.RequestEdit","properties":{"editable":true},"ancestor":{"controlType":"sap.m.ColumnListItem","viewName":"etm.portal.ui.webshop.view.RequestEdit","bindingPath":{"path":"/RequestItems(REQUEST='20183',ITEM=10m)"},"ancestor":{"id":"customTable","viewName":"etm.portal.ui.webshop.view.RequestEdit"}},"interaction":{"idSuffix":"CbBg"}},"wdio_ui5_key":"etmportal.ui.webshop.view.RequestEditsap.m.CheckBox{\"editable\":true}{\"controlType\":\"sap.m.ColumnListItem\",\"viewName\":\"etm.portal.ui.webshop.view.RequestEdit\",\"bindingPath\":{\"path\":\"/RequestItems(REQUEST='20183',ITEM=10m)\"},\"ancestor\":{\"id\":\"customTable\",\"viewName\":\"etm.portal.ui.webshop.view.RequestEdit\"}}"}]}
RESULT: {"script":"<script> [1562 bytes]","args":[{"selector":{"controlType":"sap.m.CheckBox","viewName":"etm.portal.ui.webshop.view.RequestEdit","properties":{"editable":true},"ancestor":{"controlType":"sap.m.ColumnListItem","viewName":"etm.portal.ui.webshop.view.RequestEdit","bindingPath":{"path":"/RequestItems(REQUEST='20183',ITEM=10m)"},"ancestor":{"id":"customTable","viewName":"etm.portal.ui.webshop.view.RequestEdit"}},"interaction":{"idSuffix":"CbBg"}},"wdio_ui5_key":"etmportal.ui.webshop.view.RequestEditsap.m.CheckBox{\"editable\":true}{\"controlType\":\"sap.m.ColumnListItem\",\"viewName\":\"etm.portal.ui.webshop.view.RequestEdit\",\"bindingPath\":{\"path\":\"/RequestItems(REQUEST='20183',ITEM=10m)\"},\"ancestor\":{\"id\":\"customTable\",\"viewName\":\"etm.portal.ui.webshop.view.RequestEdit\"}}"}]}
RESULT: undefined
COMMAND: POST /session/1d0e84f34d2a035f0d5ceb5061c1d98c/element - {"using":"xpath","value":"//*[@id=\"__item4872-__clone34559-selectMulti\"]"}
RESULT: {"using":"xpath","value":"//*[@id=\"__item4872-__clone34559-selectMulti\"]"}
COMMAND: POST /session/1d0e84f34d2a035f0d5ceb5061c1d98c/element/f.F6EA384F60A395BEF55DE869336FE185.d.82B44E779EF0F952EEEF51C0690D1CEF.e.8093/click - {}
RESULT: {}
COMMAND: POST /session/1d0e84f34d2a035f0d5ceb5061c1d98c/execute/async - {"script":"<script> [1562 bytes]","args":[{"selector":{"controlType":"sap.m.Button","viewName":"etm.portal.ui.webshop.view.RequestEdit","i18NText":{"propertyName":"text","key":"update"},"interaction":{"idSuffix":"BDI-content"}},"wdio_ui5_key":"etmportal.ui.webshop.view.RequestEditsap.m.Button{\"propertyName\":\"text\",\"key\":\"update\"}"}]}
COMMAND: GET /session/1d0e84f34d2a035f0d5ceb5061c1d98c/screenshot - {}
RESULT: {"script":"<script> [1562 bytes]","args":[{"selector":{"controlType":"sap.m.Button","viewName":"etm.portal.ui.webshop.view.RequestEdit","i18NText":{"propertyName":"text","key":"update"},"interaction":{"idSuffix":"BDI-content"}},"wdio_ui5_key":"etmportal.ui.webshop.view.RequestEditsap.m.Button{\"propertyName\":\"text\",\"key\":\"update\"}"}]}
RESULT: undefined
COMMAND: POST /session/1d0e84f34d2a035f0d5ceb5061c1d98c/element - {"using":"xpath","value":"//*[@id=\"__button480\"]"}
RESULT: {}
RESULT: {"using":"xpath","value":"//*[@id=\"__button480\"]"}
COMMAND: POST /session/1d0e84f34d2a035f0d5ceb5061c1d98c/element/f.F6EA384F60A395BEF55DE869336FE185.d.82B44E779EF0F952EEEF51C0690D1CEF.e.8095/click - {}
RESULT: {}
COMMAND: POST /session/1d0e84f34d2a035f0d5ceb5061c1d98c/element - {"using":"xpath","value":"(//input[contains(@id ,\"startDateRI\")])[1]"}
COMMAND: GET /session/1d0e84f34d2a035f0d5ceb5061c1d98c/screenshot - {}
RESULT: {"using":"xpath","value":"(//input[contains(@id ,\"startDateRI\")])[1]"}
COMMAND: GET /session/1d0e84f34d2a035f0d5ceb5061c1d98c/element/f.F6EA384F60A395BEF55DE869336FE185.d.82B44E779EF0F952EEEF51C0690D1CEF.e.8082/property/value - {}
RESULT: {}
RESULT: {}
RESULT: undefined
COMMAND: POST /session/1d0e84f34d2a035f0d5ceb5061c1d98c/element - {"using":"xpath","value":"//*[@id=\"__item4872-__clone34559-selectMulti\"]"}
COMMAND: GET /session/1d0e84f34d2a035f0d5ceb5061c1d98c/screenshot - {}
RESULT: {"using":"xpath","value":"//*[@id=\"__item4872-__clone34559-selectMulti\"]"}
COMMAND: POST /session/1d0e84f34d2a035f0d5ceb5061c1d98c/element/f.F6EA384F60A395BEF55DE869336FE185.d.82B44E779EF0F952EEEF51C0690D1CEF.e.8093/click - {}
RESULT: {}
RESULT: {}
COMMAND: POST /session/1d0e84f34d2a035f0d5ceb5061c1d98c/execute/async - {"script":"<script> [1562 bytes]","args":[{"selector":{"controlType":"sap.m.CheckBox","viewName":"etm.portal.ui.webshop.view.RequestEdit","properties":{"editable":true},"ancestor":{"controlType":"sap.m.ColumnListItem","viewName":"etm.portal.ui.webshop.view.RequestEdit","bindingPath":{"path":"/RequestItems(REQUEST='20183',ITEM=20m)"},"ancestor":{"id":"customTable","viewName":"etm.portal.ui.webshop.view.RequestEdit"}},"interaction":{"idSuffix":"CbBg"}},"wdio_ui5_key":"etmportal.ui.webshop.view.RequestEditsap.m.CheckBox{\"editable\":true}{\"controlType\":\"sap.m.ColumnListItem\",\"viewName\":\"etm.portal.ui.webshop.view.RequestEdit\",\"bindingPath\":{\"path\":\"/RequestItems(REQUEST='20183',ITEM=20m)\"},\"ancestor\":{\"id\":\"customTable\",\"viewName\":\"etm.portal.ui.webshop.view.RequestEdit\"}}"}]}
COMMAND: GET /session/1d0e84f34d2a035f0d5ceb5061c1d98c/screenshot - {}
RESULT: {"script":"<script> [1562 bytes]","args":[{"selector":{"controlType":"sap.m.CheckBox","viewName":"etm.portal.ui.webshop.view.RequestEdit","properties":{"editable":true},"ancestor":{"controlType":"sap.m.ColumnListItem","viewName":"etm.portal.ui.webshop.view.RequestEdit","bindingPath":{"path":"/RequestItems(REQUEST='20183',ITEM=20m)"},"ancestor":{"id":"customTable","viewName":"etm.portal.ui.webshop.view.RequestEdit"}},"interaction":{"idSuffix":"CbBg"}},"wdio_ui5_key":"etmportal.ui.webshop.view.RequestEditsap.m.CheckBox{\"editable\":true}{\"controlType\":\"sap.m.ColumnListItem\",\"viewName\":\"etm.portal.ui.webshop.view.RequestEdit\",\"bindingPath\":{\"path\":\"/RequestItems(REQUEST='20183',ITEM=20m)\"},\"ancestor\":{\"id\":\"customTable\",\"viewName\":\"etm.portal.ui.webshop.view.RequestEdit\"}}"}]}
RESULT: undefined
COMMAND: POST /session/1d0e84f34d2a035f0d5ceb5061c1d98c/element - {"using":"xpath","value":"//*[@id=\"__item4872-__clone34560-selectMulti\"]"}
RESULT: {}
RESULT: {"using":"xpath","value":"//*[@id=\"__item4872-__clone34560-selectMulti\"]"}
COMMAND: POST /session/1d0e84f34d2a035f0d5ceb5061c1d98c/element/f.F6EA384F60A395BEF55DE869336FE185.d.82B44E779EF0F952EEEF51C0690D1CEF.e.8098/click - {}
RESULT: {}
COMMAND: POST /session/1d0e84f34d2a035f0d5ceb5061c1d98c/execute/async - {"script":"<script> [1562 bytes]","args":[{"selector":{"controlType":"sap.ui.core.Icon","viewName":"etm.portal.ui.webshop.view.RequestEdit","properties":{"src":{"regex":{"source":"delete"}}}},"wdio_ui5_key":"etmportal.ui.webshop.view.RequestEditsap.ui.core.Icon{\"src\":{\"regex\":{\"source\":\"delete\"}}}"}]}
COMMAND: GET /session/1d0e84f34d2a035f0d5ceb5061c1d98c/screenshot - {}
RESULT: {"script":"<script> [1562 bytes]","args":[{"selector":{"controlType":"sap.ui.core.Icon","viewName":"etm.portal.ui.webshop.view.RequestEdit","properties":{"src":{"regex":{"source":"delete"}}}},"wdio_ui5_key":"etmportal.ui.webshop.view.RequestEditsap.ui.core.Icon{\"src\":{\"regex\":{\"source\":\"delete\"}}}"}]}
RESULT: undefined
COMMAND: POST /session/1d0e84f34d2a035f0d5ceb5061c1d98c/element - {"using":"xpath","value":"//*[@id=\"__xmlview77--deleteItem-img\"]"}
RESULT: {}
RESULT: {"using":"xpath","value":"//*[@id=\"__xmlview77--deleteItem-img\"]"}
COMMAND: POST /session/1d0e84f34d2a035f0d5ceb5061c1d98c/element/f.F6EA384F60A395BEF55DE869336FE185.d.82B44E779EF0F952EEEF51C0690D1CEF.e.8099/click - {}
RESULT: {}
COMMAND: GET /session/1d0e84f34d2a035f0d5ceb5061c1d98c/screenshot - {}
RESULT: {}
COMMAND: POST /session/1d0e84f34d2a035f0d5ceb5061c1d98c/execute/async - {"script":"<script> [1562 bytes]","args":[{"selector":{"controlType":"sap.m.Button","properties":{"text":"OK"},"searchOpenDialogs":true,"interaction":{"idSuffix":"BDI-content"}},"wdio_ui5_key":"sapm.Button{\"text\":\"OK\"}"}]}
RESULT: {"script":"<script> [1562 bytes]","args":[{"selector":{"controlType":"sap.m.Button","properties":{"text":"OK"},"searchOpenDialogs":true,"interaction":{"idSuffix":"BDI-content"}},"wdio_ui5_key":"sapm.Button{\"text\":\"OK\"}"}]}
RESULT: undefined
COMMAND: POST /session/1d0e84f34d2a035f0d5ceb5061c1d98c/element - {"using":"xpath","value":"//*[@id=\"__mbox-btn-0\"]"}
RESULT: {"using":"xpath","value":"//*[@id=\"__mbox-btn-0\"]"}
COMMAND: POST /session/1d0e84f34d2a035f0d5ceb5061c1d98c/element/f.F6EA384F60A395BEF55DE869336FE185.d.82B44E779EF0F952EEEF51C0690D1CEF.e.8101/click - {}
RESULT: {}
COMMAND: GET /session/1d0e84f34d2a035f0d5ceb5061c1d98c/screenshot - {}
RESULT: {}
COMMAND: POST /session/1d0e84f34d2a035f0d5ceb5061c1d98c/execute/async - {"script":"<script> [1562 bytes]","args":[{"selector":{"id":"saveButtonId","viewName":"etm.portal.ui.webshop.view.RequestEdit","interaction":{"idSuffix":"BDI-content"}},"wdio_ui5_key":"saveButtonIdetmportal.ui.webshop.view.RequestEdit"}]}
RESULT: {"script":"<script> [1562 bytes]","args":[{"selector":{"id":"saveButtonId","viewName":"etm.portal.ui.webshop.view.RequestEdit","interaction":{"idSuffix":"BDI-content"}},"wdio_ui5_key":"saveButtonIdetmportal.ui.webshop.view.RequestEdit"}]}
RESULT: undefined
COMMAND: POST /session/1d0e84f34d2a035f0d5ceb5061c1d98c/element - {"using":"xpath","value":"//*[@id=\"__xmlview77--saveButtonId\"]"}
RESULT: {"using":"xpath","value":"//*[@id=\"__xmlview77--saveButtonId\"]"}
COMMAND: POST /session/1d0e84f34d2a035f0d5ceb5061c1d98c/element/f.F6EA384F60A395BEF55DE869336FE185.d.82B44E779EF0F952EEEF51C0690D1CEF.e.8109/click - {}
RESULT: {}
COMMAND: GET /session/1d0e84f34d2a035f0d5ceb5061c1d98c/screenshot - {}
RESULT: {}
COMMAND: POST /session/1d0e84f34d2a035f0d5ceb5061c1d98c/execute/async - {"script":"<script> [1562 bytes]","args":[{"selector":{"controlType":"sap.m.Title","viewName":"etm.portal.ui.webshop.view.RequestDetail","properties":{"text":"Items (1)"}},"wdio_ui5_key":"etmportal.ui.webshop.view.RequestDetailsap.m.Title{\"text\":\"Items (1)\"}"}]}
RESULT: {"script":"<script> [1562 bytes]","args":[{"selector":{"controlType":"sap.m.Title","viewName":"etm.portal.ui.webshop.view.RequestDetail","properties":{"text":"Items (1)"}},"wdio_ui5_key":"etmportal.ui.webshop.view.RequestDetailsap.m.Title{\"text\":\"Items (1)\"}"}]}
RESULT: undefined
COMMAND: POST /session/1d0e84f34d2a035f0d5ceb5061c1d98c/execute/async - {"script":"<script> [6424 bytes]","args":[{"element-6066-11e4-a52e-4f735466cecf":"f.F6EA384F60A395BEF55DE869336FE185.d.82B44E779EF0F952EEEF51C0690D1CEF.e.8135"},"getText",[]]}
RESULT: {"script":"<script> [6424 bytes]","args":[{"element-6066-11e4-a52e-4f735466cecf":"f.F6EA384F60A395BEF55DE869336FE185.d.82B44E779EF0F952EEEF51C0690D1CEF.e.8135"},"getText",[]]}
COMMAND: POST /session/1d0e84f34d2a035f0d5ceb5061c1d98c/execute/async - {"script":"<script> [1562 bytes]","args":[{"selector":{"controlType":"sap.m.Text","viewName":"etm.portal.ui.webshop.view.RequestDetail","bindingPath":{"path":"/RequestHeaders(NO='20183')","propertyPath":"END_DATE","modelName":"catalogModel"}},"wdio_ui5_key":"etmportal.ui.webshop.view.RequestDetailsap.m.Text{\"path\":\"/RequestHeaders(NO='20183')\",\"propertyPath\":\"END_DATE\",\"modelName\":\"catalogModel\"}"}]}
RESULT: {"script":"<script> [1562 bytes]","args":[{"selector":{"controlType":"sap.m.Text","viewName":"etm.portal.ui.webshop.view.RequestDetail","bindingPath":{"path":"/RequestHeaders(NO='20183')","propertyPath":"END_DATE","modelName":"catalogModel"}},"wdio_ui5_key":"etmportal.ui.webshop.view.RequestDetailsap.m.Text{\"path\":\"/RequestHeaders(NO='20183')\",\"propertyPath\":\"END_DATE\",\"modelName\":\"catalogModel\"}"}]}
RESULT: undefined
COMMAND: POST /session/1d0e84f34d2a035f0d5ceb5061c1d98c/execute/async - {"script":"<script> [1562 bytes]","args":[{"selector":{"controlType":"sap.m.Text","viewName":"etm.portal.ui.webshop.view.RequestDetail","bindingPath":{"path":"/RequestHeaders(NO='20183')","propertyPath":"START_DATE","modelName":"catalogModel"}},"wdio_ui5_key":"etmportal.ui.webshop.view.RequestDetailsap.m.Text{\"path\":\"/RequestHeaders(NO='20183')\",\"propertyPath\":\"START_DATE\",\"modelName\":\"catalogModel\"}"}]}
RESULT: {"script":"<script> [1562 bytes]","args":[{"selector":{"controlType":"sap.m.Text","viewName":"etm.portal.ui.webshop.view.RequestDetail","bindingPath":{"path":"/RequestHeaders(NO='20183')","propertyPath":"START_DATE","modelName":"catalogModel"}},"wdio_ui5_key":"etmportal.ui.webshop.view.RequestDetailsap.m.Text{\"path\":\"/RequestHeaders(NO='20183')\",\"propertyPath\":\"START_DATE\",\"modelName\":\"catalogModel\"}"}]}
RESULT: undefined
COMMAND: POST /session/1d0e84f34d2a035f0d5ceb5061c1d98c/execute/async - {"script":"<script> [6424 bytes]","args":[{"element-6066-11e4-a52e-4f735466cecf":"f.F6EA384F60A395BEF55DE869336FE185.d.82B44E779EF0F952EEEF51C0690D1CEF.e.8137"},"getText",[]]}
RESULT: {"script":"<script> [6424 bytes]","args":[{"element-6066-11e4-a52e-4f735466cecf":"f.F6EA384F60A395BEF55DE869336FE185.d.82B44E779EF0F952EEEF51C0690D1CEF.e.8137"},"getText",[]]}
RESULT: undefined
COMMAND: POST /session/1d0e84f34d2a035f0d5ceb5061c1d98c/execute/async - {"script":"<script> [6424 bytes]","args":[{"element-6066-11e4-a52e-4f735466cecf":"f.F6EA384F60A395BEF55DE869336FE185.d.82B44E779EF0F952EEEF51C0690D1CEF.e.8136"},"getText",[]]}
RESULT: {"script":"<script> [6424 bytes]","args":[{"element-6066-11e4-a52e-4f735466cecf":"f.F6EA384F60A395BEF55DE869336FE185.d.82B44E779EF0F952EEEF51C0690D1CEF.e.8136"},"getText",[]]}
COMMAND: POST /session/1d0e84f34d2a035f0d5ceb5061c1d98c/refresh - {}
RESULT: {}
COMMAND: GET /session/1d0e84f34d2a035f0d5ceb5061c1d98c/screenshot - {}
RESULT: {}
COMMAND: POST /session/1d0e84f34d2a035f0d5ceb5061c1d98c/execute/async - {"script":"<script> [189 bytes]","args":[]}
RESULT: {"script":"<script> [189 bytes]","args":[]}
COMMAND: POST /session/1d0e84f34d2a035f0d5ceb5061c1d98c/execute/async - {"script":"<script> [123 bytes]","args":[]}
RESULT: {"script":"<script> [123 bytes]","args":[]}
COMMAND: POST /session/1d0e84f34d2a035f0d5ceb5061c1d98c/timeouts - {"script":"<number>"}
RESULT: {"script":"<number>"}
COMMAND: GET /session/1d0e84f34d2a035f0d5ceb5061c1d98c/timeouts - {}
RESULT: {}
RESULT: undefined
COMMAND: POST /session/1d0e84f34d2a035f0d5ceb5061c1d98c/execute/async - {"script":"<script> [2676 bytes]","args":[]}
RESULT: {"script":"<script> [2676 bytes]","args":[]}
COMMAND: POST /session/1d0e84f34d2a035f0d5ceb5061c1d98c/execute/async - {"script":"<script> [2342 bytes]","args":[{"protocol":"http","hostname":"0.0.0.0","path":"/","capabilities":{"browserName":"chrome","goog:chromeOptions":{"binary":"C:\\Program Files\\Google\\Chrome\\Application\\chrome.exe","args":["--start-maximized"]}},"logLevel":"warn","connectionRetryTimeout":120000,"connectionRetryCount":3,"logLevels":{},"enableDirectConnect":true,"strictSSL":true,"_":"65 more keys: [\"cacheDir\",\"port\",\"requestedCapabilities\",\"automationProtocol\",\"baseUrl\",\"waitforInterval\",\"waitforTimeout\",\"onReload\",\"beforeCommand\",\"afterCommand\",\"rootDir\",\"specs\",\"suites\",\"exclude\",\"groupLogsByTestSpec\",\"excludeDriverLogs\",\"bail\",\"framework\",\"reporters\",\"services\",\"maxInstances\",\"maxInstancesPerCapability\",\"injectGlobals\",\"filesToWatch\",\"execArgv\",\"runnerEnv\",\"runner\",\"shard\",\"specFileRetries\",\"specFileRetriesDelay\",\"specFileRetriesDeferred\",\"reporterSyncInterval\",\"reporterSyncTimeout\",\"cucumberFeaturesWithLineNumbers\",\"autoCompileOpts\",\"mochaOpts\",\"jasmineOpts\",\"cucumberOpts\",\"onPrepare\",\"onWorkerStart\",\"onWorkerEnd\",\"before\",\"beforeSession\",\"beforeSuite\",\"beforeHook\",\"beforeTest\",\"afterTest\",\"afterHook\",\"afterSuite\",\"afterSession\",\"after\",\"onComplete\",\"beforeAssertion\",\"afterAssertion\",\"beforeFeature\",\"beforeScenario\",\"beforeStep\",\"afterStep\",\"afterScenario\",\"afterFeature\",\"_\",\"suite\",\"$0\",\"ignoredWorkerServices\",\"wdi5\"]"}]}
RESULT: {"script":"<script> [2342 bytes]","args":[{"protocol":"http","hostname":"0.0.0.0","path":"/","capabilities":{"browserName":"chrome","goog:chromeOptions":{"binary":"C:\\Program Files\\Google\\Chrome\\Application\\chrome.exe","args":["--start-maximized"]}},"logLevel":"warn","connectionRetryTimeout":120000,"connectionRetryCount":3,"logLevels":{},"enableDirectConnect":true,"strictSSL":true,"_":"65 more keys: [\"cacheDir\",\"port\",\"requestedCapabilities\",\"automationProtocol\",\"baseUrl\",\"waitforInterval\",\"waitforTimeout\",\"onReload\",\"beforeCommand\",\"afterCommand\",\"rootDir\",\"specs\",\"suites\",\"exclude\",\"groupLogsByTestSpec\",\"excludeDriverLogs\",\"bail\",\"framework\",\"reporters\",\"services\",\"maxInstances\",\"maxInstancesPerCapability\",\"injectGlobals\",\"filesToWatch\",\"execArgv\",\"runnerEnv\",\"runner\",\"shard\",\"specFileRetries\",\"specFileRetriesDelay\",\"specFileRetriesDeferred\",\"reporterSyncInterval\",\"reporterSyncTimeout\",\"cucumberFeaturesWithLineNumbers\",\"autoCompileOpts\",\"mochaOpts\",\"jasmineOpts\",\"cucumberOpts\",\"onPrepare\",\"onWorkerStart\",\"onWorkerEnd\",\"before\",\"beforeSession\",\"beforeSuite\",\"beforeHook\",\"beforeTest\",\"afterTest\",\"afterHook\",\"afterSuite\",\"afterSession\",\"after\",\"onComplete\",\"beforeAssertion\",\"afterAssertion\",\"beforeFeature\",\"beforeScenario\",\"beforeStep\",\"afterStep\",\"afterScenario\",\"afterFeature\",\"_\",\"suite\",\"$0\",\"ignoredWorkerServices\",\"wdi5\"]"}]}
COMMAND: POST /session/1d0e84f34d2a035f0d5ceb5061c1d98c/execute/async - {"script":"<script> [21126 bytes]","args":[35000]}
RESULT: {"script":"<script> [21126 bytes]","args":[35000]}
COMMAND: POST /session/1d0e84f34d2a035f0d5ceb5061c1d98c/element - {"using":"xpath","value":"//li[contains(@title ,\"Exit\")]"}
RESULT: {"using":"xpath","value":"//li[contains(@title ,\"Exit\")]"}
COMMAND: POST /session/1d0e84f34d2a035f0d5ceb5061c1d98c/element/f.F6EA384F60A395BEF55DE869336FE185.d.32AB49DA005EE5876F1114F22D280E50.e.8239/click - {}
RESULT: {}
COMMAND: GET /session/1d0e84f34d2a035f0d5ceb5061c1d98c/screenshot - {}
RESULT: {}
COMMAND: DELETE /session/1d0e84f34d2a035f0d5ceb5061c1d98c - {}
RESULT: {}
]]></system-out>
    </testcase>
  </testsuite>
</testsuites>