<?xml version="1.0" encoding="UTF-8"?>
<testsuites tests="24" failures="0" errors="0" skipped="0">
  <testsuite timestamp="2025-05-21T15:43:41" time="724.088" tests="5" failures="0" errors="0" skipped="0">
    <properties>
      <property name="specId" value="0"/>
      <property name="suiteName" value="Manage Requests Tags Tests US120163"/>
      <property name="capabilities" value="chrome.136_0_7103_93.windows"/>
      <property name="file" value="file:///D:/a/1/s/test/specs/R2C/create-request-Tags.spec.js"/>
    </properties>
    <testcase classname="chrome.136_0_7103_93.windows.Manage_Requests_Tags_Tests_US120163" name="Should create a new yard" time="134.982">
      <system-out><![CDATA[
COMMAND: POST /session/3a666e1e6263059a660801b53c4ba30d/execute/async - {"script":"<script> [1562 bytes]","args":[{"selector":{"controlType":"sap.m.GenericTile","properties":{"header":"Manage Yards"}},"wdio_ui5_key":"sapm.GenericTile{\"header\":\"Manage Yards\"}"}]}
RESULT: {"script":"<script> [1562 bytes]","args":[{"selector":{"controlType":"sap.m.GenericTile","properties":{"header":"Manage Yards"}},"wdio_ui5_key":"sapm.GenericTile{\"header\":\"Manage Yards\"}"}]}
RESULT: undefined
COMMAND: POST /session/3a666e1e6263059a660801b53c4ba30d/element - {"using":"xpath","value":"//*[@id=\"__tile41\"]"}
RESULT: {"using":"xpath","value":"//*[@id=\"__tile41\"]"}
COMMAND: POST /session/3a666e1e6263059a660801b53c4ba30d/element/f.35BA612EB9C2194724D060812FEF357B.d.AF80694E310BCFD26893A45F260E7236.e.120/click - {}
RESULT: {}
COMMAND: GET /session/3a666e1e6263059a660801b53c4ba30d/screenshot - {}
RESULT: {}
COMMAND: POST /session/3a666e1e6263059a660801b53c4ba30d/elements - {"using":"xpath","value":"//span[text()='Error']"}
RESULT: {"using":"xpath","value":"//span[text()='Error']"}
COMMAND: POST /session/3a666e1e6263059a660801b53c4ba30d/execute/async - {"script":"<script> [1562 bytes]","args":[{"selector":{"controlType":"sap.ui.core.Icon","viewName":"etm.portal.ui.manageyards.view.Master","viewId":"application-manageyards-display-component---masterYard","properties":{"src":{"regex":{"source":"add"}}}},"wdio_ui5_key":"etmportal.ui.manageyards.view.Mastersap.ui.core.Icon{\"src\":{\"regex\":{\"source\":\"add\"}}}"}]}
RESULT: {"script":"<script> [1562 bytes]","args":[{"selector":{"controlType":"sap.ui.core.Icon","viewName":"etm.portal.ui.manageyards.view.Master","viewId":"application-manageyards-display-component---masterYard","properties":{"src":{"regex":{"source":"add"}}}},"wdio_ui5_key":"etmportal.ui.manageyards.view.Mastersap.ui.core.Icon{\"src\":{\"regex\":{\"source\":\"add\"}}}"}]}
RESULT: undefined
COMMAND: POST /session/3a666e1e6263059a660801b53c4ba30d/element - {"using":"xpath","value":"//*[@id=\"__button4-img\"]"}
RESULT: {"using":"xpath","value":"//*[@id=\"__button4-img\"]"}
COMMAND: POST /session/3a666e1e6263059a660801b53c4ba30d/element/f.35BA612EB9C2194724D060812FEF357B.d.AF80694E310BCFD26893A45F260E7236.e.168/click - {}
RESULT: {}
COMMAND: GET /session/3a666e1e6263059a660801b53c4ba30d/screenshot - {}
RESULT: {}
COMMAND: POST /session/3a666e1e6263059a660801b53c4ba30d/execute/async - {"script":"<script> [1562 bytes]","args":[{"selector":{"id":"application-manageyards-display-component---NewYard--yardId","interaction":{"idSuffix":"inner"}},"wdio_ui5_key":"applicationmanageyards-display-component---NewYard--yardId"}]}
RESULT: {"script":"<script> [1562 bytes]","args":[{"selector":{"id":"application-manageyards-display-component---NewYard--yardId","interaction":{"idSuffix":"inner"}},"wdio_ui5_key":"applicationmanageyards-display-component---NewYard--yardId"}]}
RESULT: undefined
COMMAND: POST /session/3a666e1e6263059a660801b53c4ba30d/element - {"using":"xpath","value":"//*[@id=\"application-manageyards-display-component---NewYard--addressDetailDetailsName1-inner\"]"}
RESULT: {"using":"xpath","value":"//*[@id=\"application-manageyards-display-component---NewYard--addressDetailDetailsName1-inner\"]"}
COMMAND: POST /session/3a666e1e6263059a660801b53c4ba30d/element/f.35BA612EB9C2194724D060812FEF357B.d.AF80694E310BCFD26893A45F260E7236.e.337/clear - {}
RESULT: {}
COMMAND: POST /session/3a666e1e6263059a660801b53c4ba30d/element/f.35BA612EB9C2194724D060812FEF357B.d.AF80694E310BCFD26893A45F260E7236.e.337/value - {"text":"WebdriverYardv16ue"}
COMMAND: GET /session/3a666e1e6263059a660801b53c4ba30d/screenshot - {}
RESULT: {"text":"WebdriverYardv16ue"}
COMMAND: POST /session/3a666e1e6263059a660801b53c4ba30d/element - {"using":"xpath","value":"//*[@id=\"application-manageyards-display-component---NewYard--addressDetailDetailsLanguage-inner\"]"}
COMMAND: GET /session/3a666e1e6263059a660801b53c4ba30d/screenshot - {}
RESULT: {}
RESULT: {"using":"xpath","value":"//*[@id=\"application-manageyards-display-component---NewYard--addressDetailDetailsLanguage-inner\"]"}
COMMAND: POST /session/3a666e1e6263059a660801b53c4ba30d/element/f.35BA612EB9C2194724D060812FEF357B.d.AF80694E310BCFD26893A45F260E7236.e.338/clear - {}
RESULT: {}
RESULT: {}
COMMAND: POST /session/3a666e1e6263059a660801b53c4ba30d/element/f.35BA612EB9C2194724D060812FEF357B.d.AF80694E310BCFD26893A45F260E7236.e.338/value - {"text":"Romanian"}
COMMAND: GET /session/3a666e1e6263059a660801b53c4ba30d/screenshot - {}
RESULT: {"text":"Romanian"}
COMMAND: POST /session/3a666e1e6263059a660801b53c4ba30d/element - {"using":"xpath","value":"//input[contains(@id ,\"application-manageyards-display-component---NewYard--addressDetailDetailsName1-inner\")]"}
COMMAND: GET /session/3a666e1e6263059a660801b53c4ba30d/screenshot - {}
RESULT: {}
RESULT: {"using":"xpath","value":"//input[contains(@id ,\"application-manageyards-display-component---NewYard--addressDetailDetailsName1-inner\")]"}
COMMAND: GET /session/3a666e1e6263059a660801b53c4ba30d/element/f.35BA612EB9C2194724D060812FEF357B.d.AF80694E310BCFD26893A45F260E7236.e.337/property/value - {}
RESULT: {}
RESULT: {}
COMMAND: GET /session/3a666e1e6263059a660801b53c4ba30d/screenshot - {}
RESULT: {}
COMMAND: POST /session/3a666e1e6263059a660801b53c4ba30d/element - {"using":"xpath","value":"//*[@id=\"application-manageyards-display-component---NewYard--addressDetailDetailsCity1-inner\"]"}
RESULT: {"using":"xpath","value":"//*[@id=\"application-manageyards-display-component---NewYard--addressDetailDetailsCity1-inner\"]"}
COMMAND: POST /session/3a666e1e6263059a660801b53c4ba30d/element/f.35BA612EB9C2194724D060812FEF357B.d.AF80694E310BCFD26893A45F260E7236.e.340/clear - {}
RESULT: {}
COMMAND: POST /session/3a666e1e6263059a660801b53c4ba30d/element/f.35BA612EB9C2194724D060812FEF357B.d.AF80694E310BCFD26893A45F260E7236.e.340/value - {"text":"Bucuresti"}
COMMAND: GET /session/3a666e1e6263059a660801b53c4ba30d/screenshot - {}
RESULT: {"text":"Bucuresti"}
COMMAND: GET /session/3a666e1e6263059a660801b53c4ba30d/screenshot - {}
RESULT: {}
RESULT: {}
COMMAND: POST /session/3a666e1e6263059a660801b53c4ba30d/element - {"using":"xpath","value":"//*[@id=\"application-manageyards-display-component---NewYard--addressDetailDetailsCountry-inner\"]"}
RESULT: {"using":"xpath","value":"//*[@id=\"application-manageyards-display-component---NewYard--addressDetailDetailsCountry-inner\"]"}
COMMAND: POST /session/3a666e1e6263059a660801b53c4ba30d/element/f.35BA612EB9C2194724D060812FEF357B.d.AF80694E310BCFD26893A45F260E7236.e.344/clear - {}
RESULT: {}
COMMAND: POST /session/3a666e1e6263059a660801b53c4ba30d/element/f.35BA612EB9C2194724D060812FEF357B.d.AF80694E310BCFD26893A45F260E7236.e.344/value - {"text":"Romania"}
COMMAND: GET /session/3a666e1e6263059a660801b53c4ba30d/screenshot - {}
RESULT: {"text":"Romania"}
COMMAND: GET /session/3a666e1e6263059a660801b53c4ba30d/screenshot - {}
RESULT: {}
RESULT: {}
COMMAND: POST /session/3a666e1e6263059a660801b53c4ba30d/element - {"using":"xpath","value":"//div[contains(text(), \"Commercial\")]"}
RESULT: {"using":"xpath","value":"//div[contains(text(), \"Commercial\")]"}
COMMAND: GET /session/3a666e1e6263059a660801b53c4ba30d/element/f.35BA612EB9C2194724D060812FEF357B.d.AF80694E310BCFD26893A45F260E7236.e.587/rect - {}
RESULT: {}
COMMAND: GET /session/3a666e1e6263059a660801b53c4ba30d/window/rect - {}
RESULT: {}
COMMAND: POST /session/3a666e1e6263059a660801b53c4ba30d/execute/sync - {"script":"<script> [92 bytes]","args":[]}
RESULT: {"script":"<script> [92 bytes]","args":[]}
COMMAND: POST /session/3a666e1e6263059a660801b53c4ba30d/actions - {"actions":[{"id":"action1","type":"wheel","parameters":{},"actions":[{"type":"scroll","x":-1841,"y":-44,"deltaX":0,"deltaY":0,"duration":0,"origin":{"element-6066-11e4-a52e-4f735466cecf":"f.35BA612EB9C2194724D060812FEF357B.d.AF80694E310BCFD26893A45F260E7236.e.587"}}]}]}
COMMAND: GET /session/3a666e1e6263059a660801b53c4ba30d/screenshot - {}
RESULT: {}
COMMAND: POST /session/3a666e1e6263059a660801b53c4ba30d/execute/sync - {"script":"<script> [79 bytes]","args":[{"element-6066-11e4-a52e-4f735466cecf":"f.35BA612EB9C2194724D060812FEF357B.d.AF80694E310BCFD26893A45F260E7236.e.587","ELEMENT":"f.35BA612EB9C2194724D060812FEF357B.d.AF80694E310BCFD26893A45F260E7236.e.587"},{"block":"start","inline":"nearest"}]}
RESULT: {"script":"<script> [79 bytes]","args":[{"element-6066-11e4-a52e-4f735466cecf":"f.35BA612EB9C2194724D060812FEF357B.d.AF80694E310BCFD26893A45F260E7236.e.587","ELEMENT":"f.35BA612EB9C2194724D060812FEF357B.d.AF80694E310BCFD26893A45F260E7236.e.587"},{"block":"start","inline":"nearest"}]}
COMMAND: GET /session/3a666e1e6263059a660801b53c4ba30d/screenshot - {}
RESULT: {}
COMMAND: POST /session/3a666e1e6263059a660801b53c4ba30d/execute/async - {"script":"<script> [1562 bytes]","args":[{"selector":{"id":"application-manageyards-display-component---NewYard--addressEditDetailsCostObjectCstType-arrow"},"wdio_ui5_key":"applicationmanageyards-display-component---NewYard--addressEditDetailsCostObjectCstType-arrow"}]}
RESULT: {"script":"<script> [1562 bytes]","args":[{"selector":{"id":"application-manageyards-display-component---NewYard--addressEditDetailsCostObjectCstType-arrow"},"wdio_ui5_key":"applicationmanageyards-display-component---NewYard--addressEditDetailsCostObjectCstType-arrow"}]}
RESULT: undefined
COMMAND: POST /session/3a666e1e6263059a660801b53c4ba30d/element - {"using":"xpath","value":"//*[@id=\"application-manageyards-display-component---NewYard--addressEditDetailsCostObjectCstType-arrow\"]"}
RESULT: {"using":"xpath","value":"//*[@id=\"application-manageyards-display-component---NewYard--addressEditDetailsCostObjectCstType-arrow\"]"}
COMMAND: POST /session/3a666e1e6263059a660801b53c4ba30d/element/f.35BA612EB9C2194724D060812FEF357B.d.AF80694E310BCFD26893A45F260E7236.e.595/click - {}
RESULT: {}
COMMAND: POST /session/3a666e1e6263059a660801b53c4ba30d/element - {"using":"xpath","value":"//span[contains(text(), \"Cost Center\")]"}
COMMAND: GET /session/3a666e1e6263059a660801b53c4ba30d/screenshot - {}
RESULT: {"using":"xpath","value":"//span[contains(text(), \"Cost Center\")]"}
COMMAND: POST /session/3a666e1e6263059a660801b53c4ba30d/element/f.35BA612EB9C2194724D060812FEF357B.d.AF80694E310BCFD26893A45F260E7236.e.596/click - {}
RESULT: {}
RESULT: {}
COMMAND: GET /session/3a666e1e6263059a660801b53c4ba30d/screenshot - {}
RESULT: {}
COMMAND: POST /session/3a666e1e6263059a660801b53c4ba30d/execute/async - {"script":"<script> [1562 bytes]","args":[{"selector":{"id":"application-manageyards-display-component---NewYard--addressNewCostObjectCstID-vhi"},"wdio_ui5_key":"applicationmanageyards-display-component---NewYard--addressNewCostObjectCstID-vhi"}]}
RESULT: {"script":"<script> [1562 bytes]","args":[{"selector":{"id":"application-manageyards-display-component---NewYard--addressNewCostObjectCstID-vhi"},"wdio_ui5_key":"applicationmanageyards-display-component---NewYard--addressNewCostObjectCstID-vhi"}]}
RESULT: undefined
COMMAND: POST /session/3a666e1e6263059a660801b53c4ba30d/element - {"using":"xpath","value":"//*[@id=\"application-manageyards-display-component---NewYard--addressNewCostObjectCstID-vhi\"]"}
RESULT: {"using":"xpath","value":"//*[@id=\"application-manageyards-display-component---NewYard--addressNewCostObjectCstID-vhi\"]"}
COMMAND: POST /session/3a666e1e6263059a660801b53c4ba30d/element/f.35BA612EB9C2194724D060812FEF357B.d.AF80694E310BCFD26893A45F260E7236.e.600/click - {}
RESULT: {}
COMMAND: GET /session/3a666e1e6263059a660801b53c4ba30d/screenshot - {}
RESULT: {}
COMMAND: POST /session/3a666e1e6263059a660801b53c4ba30d/execute/async - {"script":"<script> [1562 bytes]","args":[{"selector":{"controlType":"sap.m.SearchField","properties":{"placeholder":"Search"},"searchOpenDialogs":true,"interaction":{"idSuffix":"I"}},"wdio_ui5_key":"sapm.SearchField{\"placeholder\":\"Search\"}"}]}
RESULT: {"script":"<script> [1562 bytes]","args":[{"selector":{"controlType":"sap.m.SearchField","properties":{"placeholder":"Search"},"searchOpenDialogs":true,"interaction":{"idSuffix":"I"}},"wdio_ui5_key":"sapm.SearchField{\"placeholder\":\"Search\"}"}]}
RESULT: undefined
COMMAND: POST /session/3a666e1e6263059a660801b53c4ba30d/execute/async - {"script":"<script> [776 bytes]","args":[{"enterText":"10001013","selector":{"controlType":"sap.m.SearchField","properties":{"placeholder":"Search"},"searchOpenDialogs":true,"interaction":{"idSuffix":"I"}},"clearTextFirst":true,"interactionType":"ENTER_TEXT"}]}
RESULT: {"script":"<script> [776 bytes]","args":[{"enterText":"10001013","selector":{"controlType":"sap.m.SearchField","properties":{"placeholder":"Search"},"searchOpenDialogs":true,"interaction":{"idSuffix":"I"}},"clearTextFirst":true,"interactionType":"ENTER_TEXT"}]}
COMMAND: POST /session/3a666e1e6263059a660801b53c4ba30d/actions - {"actions":[{"id":"action2","type":"key","parameters":{},"actions":[{"type":"keyDown","value":""},{"type":"pause","duration":10},{"type":"keyUp","value":""}]}]}
RESULT: {"actions":[{"id":"action2","type":"key","parameters":{},"actions":[{"type":"keyDown","value":""},{"type":"pause","duration":10},{"type":"keyUp","value":""}]}]}
COMMAND: GET /session/3a666e1e6263059a660801b53c4ba30d/screenshot - {}
RESULT: {}
COMMAND: POST /session/3a666e1e6263059a660801b53c4ba30d/element - {"using":"xpath","value":"//span[contains(text(), \"General Management\")]"}
RESULT: {"using":"xpath","value":"//span[contains(text(), \"General Management\")]"}
COMMAND: POST /session/3a666e1e6263059a660801b53c4ba30d/element/f.35BA612EB9C2194724D060812FEF357B.d.AF80694E310BCFD26893A45F260E7236.e.640/click - {}
RESULT: {}
COMMAND: GET /session/3a666e1e6263059a660801b53c4ba30d/screenshot - {}
RESULT: {}
COMMAND: POST /session/3a666e1e6263059a660801b53c4ba30d/element - {"using":"xpath","value":"//bdi[contains(text(), \"OK\")]"}
RESULT: {"using":"xpath","value":"//bdi[contains(text(), \"OK\")]"}
COMMAND: POST /session/3a666e1e6263059a660801b53c4ba30d/element/f.35BA612EB9C2194724D060812FEF357B.d.AF80694E310BCFD26893A45F260E7236.e.641/click - {}
RESULT: {}
COMMAND: GET /session/3a666e1e6263059a660801b53c4ba30d/screenshot - {}
RESULT: {}
COMMAND: POST /session/3a666e1e6263059a660801b53c4ba30d/execute/async - {"script":"<script> [1562 bytes]","args":[{"selector":{"controlType":"sap.m.Button","viewName":"etm.portal.ui.manageyards.view.New","viewId":"application-manageyards-display-component---NewYard","i18NText":{"propertyName":"text","key":"save"},"interaction":{"idSuffix":"inner"}},"wdio_ui5_key":"etmportal.ui.manageyards.view.Newsap.m.Button{\"propertyName\":\"text\",\"key\":\"save\"}"}]}
RESULT: {"script":"<script> [1562 bytes]","args":[{"selector":{"controlType":"sap.m.Button","viewName":"etm.portal.ui.manageyards.view.New","viewId":"application-manageyards-display-component---NewYard","i18NText":{"propertyName":"text","key":"save"},"interaction":{"idSuffix":"inner"}},"wdio_ui5_key":"etmportal.ui.manageyards.view.Newsap.m.Button{\"propertyName\":\"text\",\"key\":\"save\"}"}]}
RESULT: undefined
COMMAND: POST /session/3a666e1e6263059a660801b53c4ba30d/element - {"using":"xpath","value":"//*[@id=\"__button18\"]"}
RESULT: {"using":"xpath","value":"//*[@id=\"__button18\"]"}
COMMAND: POST /session/3a666e1e6263059a660801b53c4ba30d/element/f.35BA612EB9C2194724D060812FEF357B.d.AF80694E310BCFD26893A45F260E7236.e.550/click - {}
RESULT: {}
COMMAND: GET /session/3a666e1e6263059a660801b53c4ba30d/screenshot - {}
RESULT: {}
COMMAND: POST /session/3a666e1e6263059a660801b53c4ba30d/element - {"using":"xpath","value":"//header/div/div[2]/div[2]/span"}
RESULT: {"using":"xpath","value":"//header/div/div[2]/div[2]/span"}
COMMAND: GET /session/3a666e1e6263059a660801b53c4ba30d/element/f.35BA612EB9C2194724D060812FEF357B.d.AF80694E310BCFD26893A45F260E7236.e.837/text - {}
RESULT: {}
COMMAND: POST /session/3a666e1e6263059a660801b53c4ba30d/execute/async - {"script":"<script> [1562 bytes]","args":[{"selector":{"controlType":"sap.m.OverflowToolbarButton","viewName":"etm.portal.ui.manageyards.view.Detail","viewId":"application-manageyards-display-component---detailYard","i18NText":{"propertyName":"tooltip","key":"closeColumn"},"interaction":{"idSuffix":"inner"}},"wdio_ui5_key":"etmportal.ui.manageyards.view.Detailsap.m.OverflowToolbarButton{\"propertyName\":\"tooltip\",\"key\":\"closeColumn\"}"}]}
RESULT: {"script":"<script> [1562 bytes]","args":[{"selector":{"controlType":"sap.m.OverflowToolbarButton","viewName":"etm.portal.ui.manageyards.view.Detail","viewId":"application-manageyards-display-component---detailYard","i18NText":{"propertyName":"tooltip","key":"closeColumn"},"interaction":{"idSuffix":"inner"}},"wdio_ui5_key":"etmportal.ui.manageyards.view.Detailsap.m.OverflowToolbarButton{\"propertyName\":\"tooltip\",\"key\":\"closeColumn\"}"}]}
RESULT: undefined
COMMAND: POST /session/3a666e1e6263059a660801b53c4ba30d/element - {"using":"xpath","value":"//*[@id=\"__button40\"]"}
RESULT: {"using":"xpath","value":"//*[@id=\"__button40\"]"}
COMMAND: POST /session/3a666e1e6263059a660801b53c4ba30d/element/f.35BA612EB9C2194724D060812FEF357B.d.AF80694E310BCFD26893A45F260E7236.e.839/click - {}
RESULT: {}
COMMAND: GET /session/3a666e1e6263059a660801b53c4ba30d/screenshot - {}
RESULT: {}
COMMAND: POST /session/3a666e1e6263059a660801b53c4ba30d/element - {"using":"css selector","value":"#shell-header-logo"}
RESULT: {"using":"css selector","value":"#shell-header-logo"}
COMMAND: POST /session/3a666e1e6263059a660801b53c4ba30d/element/f.35BA612EB9C2194724D060812FEF357B.d.AF80694E310BCFD26893A45F260E7236.e.123/click - {}
RESULT: {}
COMMAND: GET /session/3a666e1e6263059a660801b53c4ba30d/screenshot - {}
RESULT: {}
COMMAND: POST /session/3a666e1e6263059a660801b53c4ba30d/refresh - {}
RESULT: {}
COMMAND: GET /session/3a666e1e6263059a660801b53c4ba30d/screenshot - {}
RESULT: {}
COMMAND: POST /session/3a666e1e6263059a660801b53c4ba30d/execute/async - {"script":"<script> [189 bytes]","args":[]}
RESULT: {"script":"<script> [189 bytes]","args":[]}
COMMAND: POST /session/3a666e1e6263059a660801b53c4ba30d/execute/async - {"script":"<script> [123 bytes]","args":[]}
RESULT: {"script":"<script> [123 bytes]","args":[]}
COMMAND: POST /session/3a666e1e6263059a660801b53c4ba30d/timeouts - {"script":"<number>"}
RESULT: {"script":"<number>"}
COMMAND: GET /session/3a666e1e6263059a660801b53c4ba30d/timeouts - {}
RESULT: {}
RESULT: undefined
COMMAND: POST /session/3a666e1e6263059a660801b53c4ba30d/execute/async - {"script":"<script> [2676 bytes]","args":[]}
RESULT: {"script":"<script> [2676 bytes]","args":[]}
COMMAND: POST /session/3a666e1e6263059a660801b53c4ba30d/execute/async - {"script":"<script> [2342 bytes]","args":[{"protocol":"http","hostname":"0.0.0.0","path":"/","capabilities":{"browserName":"chrome","goog:chromeOptions":{"binary":"C:\\Program Files\\Google\\Chrome\\Application\\chrome.exe","args":["--start-maximized"]}},"logLevel":"warn","connectionRetryTimeout":120000,"connectionRetryCount":3,"logLevels":{},"enableDirectConnect":true,"strictSSL":true,"_":"65 more keys: [\"cacheDir\",\"port\",\"requestedCapabilities\",\"automationProtocol\",\"baseUrl\",\"waitforInterval\",\"waitforTimeout\",\"onReload\",\"beforeCommand\",\"afterCommand\",\"rootDir\",\"specs\",\"suites\",\"exclude\",\"groupLogsByTestSpec\",\"excludeDriverLogs\",\"bail\",\"framework\",\"reporters\",\"services\",\"maxInstances\",\"maxInstancesPerCapability\",\"injectGlobals\",\"filesToWatch\",\"execArgv\",\"runnerEnv\",\"runner\",\"shard\",\"specFileRetries\",\"specFileRetriesDelay\",\"specFileRetriesDeferred\",\"reporterSyncInterval\",\"reporterSyncTimeout\",\"cucumberFeaturesWithLineNumbers\",\"autoCompileOpts\",\"mochaOpts\",\"jasmineOpts\",\"cucumberOpts\",\"onPrepare\",\"onWorkerStart\",\"onWorkerEnd\",\"before\",\"beforeSession\",\"beforeSuite\",\"beforeHook\",\"beforeTest\",\"afterTest\",\"afterHook\",\"afterSuite\",\"afterSession\",\"after\",\"onComplete\",\"beforeAssertion\",\"afterAssertion\",\"beforeFeature\",\"beforeScenario\",\"beforeStep\",\"afterStep\",\"afterScenario\",\"afterFeature\",\"_\",\"suite\",\"$0\",\"ignoredWorkerServices\",\"wdi5\"]"}]}
RESULT: {"script":"<script> [2342 bytes]","args":[{"protocol":"http","hostname":"0.0.0.0","path":"/","capabilities":{"browserName":"chrome","goog:chromeOptions":{"binary":"C:\\Program Files\\Google\\Chrome\\Application\\chrome.exe","args":["--start-maximized"]}},"logLevel":"warn","connectionRetryTimeout":120000,"connectionRetryCount":3,"logLevels":{},"enableDirectConnect":true,"strictSSL":true,"_":"65 more keys: [\"cacheDir\",\"port\",\"requestedCapabilities\",\"automationProtocol\",\"baseUrl\",\"waitforInterval\",\"waitforTimeout\",\"onReload\",\"beforeCommand\",\"afterCommand\",\"rootDir\",\"specs\",\"suites\",\"exclude\",\"groupLogsByTestSpec\",\"excludeDriverLogs\",\"bail\",\"framework\",\"reporters\",\"services\",\"maxInstances\",\"maxInstancesPerCapability\",\"injectGlobals\",\"filesToWatch\",\"execArgv\",\"runnerEnv\",\"runner\",\"shard\",\"specFileRetries\",\"specFileRetriesDelay\",\"specFileRetriesDeferred\",\"reporterSyncInterval\",\"reporterSyncTimeout\",\"cucumberFeaturesWithLineNumbers\",\"autoCompileOpts\",\"mochaOpts\",\"jasmineOpts\",\"cucumberOpts\",\"onPrepare\",\"onWorkerStart\",\"onWorkerEnd\",\"before\",\"beforeSession\",\"beforeSuite\",\"beforeHook\",\"beforeTest\",\"afterTest\",\"afterHook\",\"afterSuite\",\"afterSession\",\"after\",\"onComplete\",\"beforeAssertion\",\"afterAssertion\",\"beforeFeature\",\"beforeScenario\",\"beforeStep\",\"afterStep\",\"afterScenario\",\"afterFeature\",\"_\",\"suite\",\"$0\",\"ignoredWorkerServices\",\"wdi5\"]"}]}
COMMAND: POST /session/3a666e1e6263059a660801b53c4ba30d/execute/async - {"script":"<script> [21126 bytes]","args":[35000]}
RESULT: {"script":"<script> [21126 bytes]","args":[35000]}
]]></system-out>
    </testcase>
    <testcase classname="chrome.136_0_7103_93.windows.Manage_Requests_Tags_Tests_US120163" name="Should create a new partner" time="93.028">
      <system-out><![CDATA[
COMMAND: POST /session/3a666e1e6263059a660801b53c4ba30d/execute/async - {"script":"<script> [1562 bytes]","args":[{"selector":{"controlType":"sap.m.GenericTile","properties":{"header":"Manage Partners"}},"wdio_ui5_key":"sapm.GenericTile{\"header\":\"Manage Partners\"}"}]}
RESULT: {"script":"<script> [1562 bytes]","args":[{"selector":{"controlType":"sap.m.GenericTile","properties":{"header":"Manage Partners"}},"wdio_ui5_key":"sapm.GenericTile{\"header\":\"Manage Partners\"}"}]}
RESULT: undefined
COMMAND: POST /session/3a666e1e6263059a660801b53c4ba30d/element - {"using":"xpath","value":"//*[@id=\"__tile38\"]"}
RESULT: {"using":"xpath","value":"//*[@id=\"__tile38\"]"}
COMMAND: POST /session/3a666e1e6263059a660801b53c4ba30d/element/f.35BA612EB9C2194724D060812FEF357B.d.6D8F36EF40FE62712525E364A0581AB0.e.1183/click - {}
RESULT: {}
COMMAND: GET /session/3a666e1e6263059a660801b53c4ba30d/screenshot - {}
RESULT: {}
COMMAND: POST /session/3a666e1e6263059a660801b53c4ba30d/elements - {"using":"xpath","value":"//span[text()='Error']"}
RESULT: {"using":"xpath","value":"//span[text()='Error']"}
COMMAND: POST /session/3a666e1e6263059a660801b53c4ba30d/execute/async - {"script":"<script> [1562 bytes]","args":[{"selector":{"controlType":"sap.ui.core.Icon","viewName":"etm.portal.ui.managepartners.view.Master","viewId":"application-managepartners-display-component---masterPtm","properties":{"src":{"regex":{"source":"add"}}}},"wdio_ui5_key":"etmportal.ui.managepartners.view.Mastersap.ui.core.Icon{\"src\":{\"regex\":{\"source\":\"add\"}}}"}]}
RESULT: {"script":"<script> [1562 bytes]","args":[{"selector":{"controlType":"sap.ui.core.Icon","viewName":"etm.portal.ui.managepartners.view.Master","viewId":"application-managepartners-display-component---masterPtm","properties":{"src":{"regex":{"source":"add"}}}},"wdio_ui5_key":"etmportal.ui.managepartners.view.Mastersap.ui.core.Icon{\"src\":{\"regex\":{\"source\":\"add\"}}}"}]}
RESULT: undefined
COMMAND: POST /session/3a666e1e6263059a660801b53c4ba30d/element - {"using":"xpath","value":"//*[@id=\"__button4-img\"]"}
RESULT: {"using":"xpath","value":"//*[@id=\"__button4-img\"]"}
COMMAND: POST /session/3a666e1e6263059a660801b53c4ba30d/element/f.35BA612EB9C2194724D060812FEF357B.d.6D8F36EF40FE62712525E364A0581AB0.e.1233/click - {}
RESULT: {}
COMMAND: GET /session/3a666e1e6263059a660801b53c4ba30d/screenshot - {}
COMMAND: POST /session/3a666e1e6263059a660801b53c4ba30d/execute/async - {"script":"<script> [1562 bytes]","args":[{"selector":{"id":"application-managepartners-display-component---NewPartner--partnerId","interaction":{"idSuffix":"inner"}},"wdio_ui5_key":"applicationmanagepartners-display-component---NewPartner--partnerId"}]}
RESULT: {}
RESULT: {"script":"<script> [1562 bytes]","args":[{"selector":{"id":"application-managepartners-display-component---NewPartner--partnerId","interaction":{"idSuffix":"inner"}},"wdio_ui5_key":"applicationmanagepartners-display-component---NewPartner--partnerId"}]}
RESULT: undefined
COMMAND: POST /session/3a666e1e6263059a660801b53c4ba30d/execute/async - {"script":"<script> [1562 bytes]","args":[{"selector":{"id":"application-managepartners-display-component---NewPartner--addressDetailDetailsName1","interaction":{"idSuffix":"inner"}},"wdio_ui5_key":"applicationmanagepartners-display-component---NewPartner--addressDetailDetailsName1"}]}
RESULT: {"script":"<script> [1562 bytes]","args":[{"selector":{"id":"application-managepartners-display-component---NewPartner--addressDetailDetailsName1","interaction":{"idSuffix":"inner"}},"wdio_ui5_key":"applicationmanagepartners-display-component---NewPartner--addressDetailDetailsName1"}]}
RESULT: undefined
COMMAND: POST /session/3a666e1e6263059a660801b53c4ba30d/execute/async - {"script":"<script> [776 bytes]","args":[{"enterText":"WebdriverPartner1231fg","selector":{"id":"application-managepartners-display-component---NewPartner--addressDetailDetailsName1","interaction":{"idSuffix":"inner"}},"clearTextFirst":true,"interactionType":"ENTER_TEXT"}]}
RESULT: {"script":"<script> [776 bytes]","args":[{"enterText":"WebdriverPartner1231fg","selector":{"id":"application-managepartners-display-component---NewPartner--addressDetailDetailsName1","interaction":{"idSuffix":"inner"}},"clearTextFirst":true,"interactionType":"ENTER_TEXT"}]}
COMMAND: POST /session/3a666e1e6263059a660801b53c4ba30d/execute/async - {"script":"<script> [1562 bytes]","args":[{"selector":{"id":"application-managepartners-display-component---NewPartner--addressDetailDetailsLanguage","interaction":{"idSuffix":"inner"}},"wdio_ui5_key":"applicationmanagepartners-display-component---NewPartner--addressDetailDetailsLanguage"}]}
RESULT: {"script":"<script> [1562 bytes]","args":[{"selector":{"id":"application-managepartners-display-component---NewPartner--addressDetailDetailsLanguage","interaction":{"idSuffix":"inner"}},"wdio_ui5_key":"applicationmanagepartners-display-component---NewPartner--addressDetailDetailsLanguage"}]}
RESULT: undefined
COMMAND: POST /session/3a666e1e6263059a660801b53c4ba30d/execute/async - {"script":"<script> [776 bytes]","args":[{"enterText":"Romanian","selector":{"id":"application-managepartners-display-component---NewPartner--addressDetailDetailsLanguage","interaction":{"idSuffix":"inner"}},"clearTextFirst":true,"interactionType":"ENTER_TEXT"}]}
RESULT: {"script":"<script> [776 bytes]","args":[{"enterText":"Romanian","selector":{"id":"application-managepartners-display-component---NewPartner--addressDetailDetailsLanguage","interaction":{"idSuffix":"inner"}},"clearTextFirst":true,"interactionType":"ENTER_TEXT"}]}
COMMAND: POST /session/3a666e1e6263059a660801b53c4ba30d/element - {"using":"xpath","value":"//input[contains(@id ,\"application-managepartners-display-component---NewPartner--addressDetailDetailsName1-inner\")]"}
RESULT: {"using":"xpath","value":"//input[contains(@id ,\"application-managepartners-display-component---NewPartner--addressDetailDetailsName1-inner\")]"}
COMMAND: GET /session/3a666e1e6263059a660801b53c4ba30d/element/f.35BA612EB9C2194724D060812FEF357B.d.6D8F36EF40FE62712525E364A0581AB0.e.1373/property/value - {}
RESULT: {}
COMMAND: POST /session/3a666e1e6263059a660801b53c4ba30d/execute/async - {"script":"<script> [1562 bytes]","args":[{"selector":{"id":"application-managepartners-display-component---NewPartner--addressDetailDetailsCity1","interaction":{"idSuffix":"inner"}},"wdio_ui5_key":"applicationmanagepartners-display-component---NewPartner--addressDetailDetailsCity1"}]}
COMMAND: GET /session/3a666e1e6263059a660801b53c4ba30d/screenshot - {}
RESULT: {"script":"<script> [1562 bytes]","args":[{"selector":{"id":"application-managepartners-display-component---NewPartner--addressDetailDetailsCity1","interaction":{"idSuffix":"inner"}},"wdio_ui5_key":"applicationmanagepartners-display-component---NewPartner--addressDetailDetailsCity1"}]}
RESULT: undefined
COMMAND: POST /session/3a666e1e6263059a660801b53c4ba30d/execute/async - {"script":"<script> [776 bytes]","args":[{"enterText":"Bucharest","selector":{"id":"application-managepartners-display-component---NewPartner--addressDetailDetailsCity1","interaction":{"idSuffix":"inner"}},"clearTextFirst":true,"interactionType":"ENTER_TEXT"}]}
RESULT: {}
RESULT: {"script":"<script> [776 bytes]","args":[{"enterText":"Bucharest","selector":{"id":"application-managepartners-display-component---NewPartner--addressDetailDetailsCity1","interaction":{"idSuffix":"inner"}},"clearTextFirst":true,"interactionType":"ENTER_TEXT"}]}
COMMAND: POST /session/3a666e1e6263059a660801b53c4ba30d/execute/async - {"script":"<script> [1562 bytes]","args":[{"selector":{"id":"application-managepartners-display-component---NewPartner--addressDetailDetailsCountry","interaction":{"idSuffix":"inner"}},"wdio_ui5_key":"applicationmanagepartners-display-component---NewPartner--addressDetailDetailsCountry"}]}
RESULT: {"script":"<script> [1562 bytes]","args":[{"selector":{"id":"application-managepartners-display-component---NewPartner--addressDetailDetailsCountry","interaction":{"idSuffix":"inner"}},"wdio_ui5_key":"applicationmanagepartners-display-component---NewPartner--addressDetailDetailsCountry"}]}
RESULT: undefined
COMMAND: POST /session/3a666e1e6263059a660801b53c4ba30d/execute/async - {"script":"<script> [6424 bytes]","args":[{"element-6066-11e4-a52e-4f735466cecf":"f.35BA612EB9C2194724D060812FEF357B.d.6D8F36EF40FE62712525E364A0581AB0.e.1380"},"setValue",["Romania"]]}
RESULT: {"script":"<script> [6424 bytes]","args":[{"element-6066-11e4-a52e-4f735466cecf":"f.35BA612EB9C2194724D060812FEF357B.d.6D8F36EF40FE62712525E364A0581AB0.e.1380"},"setValue",["Romania"]]}
COMMAND: POST /session/3a666e1e6263059a660801b53c4ba30d/execute/async - {"script":"<script> [1562 bytes]","args":[{"selector":{"id":"application-managepartners-display-component---NewPartner--partnerDetailInternal","interaction":{"idSuffix":"inner"}},"wdio_ui5_key":"applicationmanagepartners-display-component---NewPartner--partnerDetailInternal"}]}
RESULT: {"script":"<script> [1562 bytes]","args":[{"selector":{"id":"application-managepartners-display-component---NewPartner--partnerDetailInternal","interaction":{"idSuffix":"inner"}},"wdio_ui5_key":"applicationmanagepartners-display-component---NewPartner--partnerDetailInternal"}]}
RESULT: undefined
COMMAND: POST /session/3a666e1e6263059a660801b53c4ba30d/execute/async - {"script":"<script> [776 bytes]","args":[{"enterText":"External partner","selector":{"id":"application-managepartners-display-component---NewPartner--partnerDetailInternal","interaction":{"idSuffix":"inner"}},"clearTextFirst":true,"interactionType":"ENTER_TEXT"}]}
RESULT: {"script":"<script> [776 bytes]","args":[{"enterText":"External partner","selector":{"id":"application-managepartners-display-component---NewPartner--partnerDetailInternal","interaction":{"idSuffix":"inner"}},"clearTextFirst":true,"interactionType":"ENTER_TEXT"}]}
COMMAND: POST /session/3a666e1e6263059a660801b53c4ba30d/execute/async - {"script":"<script> [1562 bytes]","args":[{"selector":{"id":"application-managepartners-display-component---NewPartner--partnerDetailsCurrency","interaction":{"idSuffix":"inner"}},"wdio_ui5_key":"applicationmanagepartners-display-component---NewPartner--partnerDetailsCurrency"}]}
RESULT: {"script":"<script> [1562 bytes]","args":[{"selector":{"id":"application-managepartners-display-component---NewPartner--partnerDetailsCurrency","interaction":{"idSuffix":"inner"}},"wdio_ui5_key":"applicationmanagepartners-display-component---NewPartner--partnerDetailsCurrency"}]}
RESULT: undefined
COMMAND: POST /session/3a666e1e6263059a660801b53c4ba30d/execute/async - {"script":"<script> [776 bytes]","args":[{"enterText":"Euro","selector":{"id":"application-managepartners-display-component---NewPartner--partnerDetailsCurrency","interaction":{"idSuffix":"inner"}},"clearTextFirst":true,"interactionType":"ENTER_TEXT"}]}
RESULT: {"script":"<script> [776 bytes]","args":[{"enterText":"Euro","selector":{"id":"application-managepartners-display-component---NewPartner--partnerDetailsCurrency","interaction":{"idSuffix":"inner"}},"clearTextFirst":true,"interactionType":"ENTER_TEXT"}]}
COMMAND: POST /session/3a666e1e6263059a660801b53c4ba30d/execute/async - {"script":"<script> [1562 bytes]","args":[{"selector":{"controlType":"sap.m.Button","viewName":"etm.portal.ui.managepartners.view.NewPartner","viewId":"application-managepartners-display-component---NewPartner","properties":{"text":"Commercial"},"interaction":{"idSuffix":"BDI-content"}},"wdio_ui5_key":"etmportal.ui.managepartners.view.NewPartnersap.m.Button{\"text\":\"Commercial\"}"}]}
RESULT: {"script":"<script> [1562 bytes]","args":[{"selector":{"controlType":"sap.m.Button","viewName":"etm.portal.ui.managepartners.view.NewPartner","viewId":"application-managepartners-display-component---NewPartner","properties":{"text":"Commercial"},"interaction":{"idSuffix":"BDI-content"}},"wdio_ui5_key":"etmportal.ui.managepartners.view.NewPartnersap.m.Button{\"text\":\"Commercial\"}"}]}
RESULT: undefined
COMMAND: POST /session/3a666e1e6263059a660801b53c4ba30d/element - {"using":"xpath","value":"//*[@id=\"application-managepartners-display-component---NewPartner--ObjectPageLayout-anchBar-__section5-anchor\"]"}
RESULT: {"using":"xpath","value":"//*[@id=\"application-managepartners-display-component---NewPartner--ObjectPageLayout-anchBar-__section5-anchor\"]"}
COMMAND: POST /session/3a666e1e6263059a660801b53c4ba30d/element/f.35BA612EB9C2194724D060812FEF357B.d.6D8F36EF40FE62712525E364A0581AB0.e.1662/click - {}
RESULT: {}
COMMAND: GET /session/3a666e1e6263059a660801b53c4ba30d/screenshot - {}
RESULT: {}
COMMAND: POST /session/3a666e1e6263059a660801b53c4ba30d/execute/async - {"script":"<script> [1562 bytes]","args":[{"selector":{"id":"application-managepartners-display-component---NewPartner--btnAddTableRow-img"},"wdio_ui5_key":"applicationmanagepartners-display-component---NewPartner--btnAddTableRow-img"}]}
RESULT: {"script":"<script> [1562 bytes]","args":[{"selector":{"id":"application-managepartners-display-component---NewPartner--btnAddTableRow-img"},"wdio_ui5_key":"applicationmanagepartners-display-component---NewPartner--btnAddTableRow-img"}]}
RESULT: undefined
COMMAND: POST /session/3a666e1e6263059a660801b53c4ba30d/element - {"using":"xpath","value":"//*[@id=\"application-managepartners-display-component---NewPartner--btnAddTableRow-img\"]"}
RESULT: {"using":"xpath","value":"//*[@id=\"application-managepartners-display-component---NewPartner--btnAddTableRow-img\"]"}
COMMAND: POST /session/3a666e1e6263059a660801b53c4ba30d/element/f.35BA612EB9C2194724D060812FEF357B.d.6D8F36EF40FE62712525E364A0581AB0.e.1668/click - {}
RESULT: {}
COMMAND: POST /session/3a666e1e6263059a660801b53c4ba30d/element - {"using":"xpath","value":"//input[contains(@id ,\"application-managepartners-display-component---NewPartner--assignmentYard-application-managepartners-display-component---NewPartner\")]"}
COMMAND: GET /session/3a666e1e6263059a660801b53c4ba30d/screenshot - {}
RESULT: {"using":"xpath","value":"//input[contains(@id ,\"application-managepartners-display-component---NewPartner--assignmentYard-application-managepartners-display-component---NewPartner\")]"}
COMMAND: POST /session/3a666e1e6263059a660801b53c4ba30d/element/f.35BA612EB9C2194724D060812FEF357B.d.6D8F36EF40FE62712525E364A0581AB0.e.1673/clear - {}
RESULT: {}
RESULT: {}
COMMAND: POST /session/3a666e1e6263059a660801b53c4ba30d/element/f.35BA612EB9C2194724D060812FEF357B.d.6D8F36EF40FE62712525E364A0581AB0.e.1673/value - {"text":"WebdriverYardv16ue"}
COMMAND: GET /session/3a666e1e6263059a660801b53c4ba30d/screenshot - {}
RESULT: {"text":"WebdriverYardv16ue"}
COMMAND: GET /session/3a666e1e6263059a660801b53c4ba30d/screenshot - {}
RESULT: {}
RESULT: {}
COMMAND: POST /session/3a666e1e6263059a660801b53c4ba30d/execute/async - {"script":"<script> [1562 bytes]","args":[{"selector":{"controlType":"sap.m.Button","viewName":"etm.portal.ui.managepartners.view.NewPartner","viewId":"application-managepartners-display-component---NewPartner","i18NText":{"propertyName":"text","key":"save"},"interaction":{"idSuffix":"BDI-content"}},"wdio_ui5_key":"etmportal.ui.managepartners.view.NewPartnersap.m.Button{\"propertyName\":\"text\",\"key\":\"save\"}"}]}
RESULT: {"script":"<script> [1562 bytes]","args":[{"selector":{"controlType":"sap.m.Button","viewName":"etm.portal.ui.managepartners.view.NewPartner","viewId":"application-managepartners-display-component---NewPartner","i18NText":{"propertyName":"text","key":"save"},"interaction":{"idSuffix":"BDI-content"}},"wdio_ui5_key":"etmportal.ui.managepartners.view.NewPartnersap.m.Button{\"propertyName\":\"text\",\"key\":\"save\"}"}]}
RESULT: undefined
COMMAND: POST /session/3a666e1e6263059a660801b53c4ba30d/element - {"using":"xpath","value":"//*[@id=\"__button12\"]"}
RESULT: {"using":"xpath","value":"//*[@id=\"__button12\"]"}
COMMAND: POST /session/3a666e1e6263059a660801b53c4ba30d/element/f.35BA612EB9C2194724D060812FEF357B.d.6D8F36EF40FE62712525E364A0581AB0.e.1536/click - {}
RESULT: {}
COMMAND: GET /session/3a666e1e6263059a660801b53c4ba30d/screenshot - {}
RESULT: {}
COMMAND: POST /session/3a666e1e6263059a660801b53c4ba30d/element - {"using":"xpath","value":"//header/div/div[2]/div[2]/span"}
RESULT: {"using":"xpath","value":"//header/div/div[2]/div[2]/span"}
COMMAND: GET /session/3a666e1e6263059a660801b53c4ba30d/element/f.35BA612EB9C2194724D060812FEF357B.d.6D8F36EF40FE62712525E364A0581AB0.e.1846/text - {}
RESULT: {}
COMMAND: POST /session/3a666e1e6263059a660801b53c4ba30d/element - {"using":"xpath","value":"//header/div/div/div/div/div/div[2]/div/span"}
RESULT: {"using":"xpath","value":"//header/div/div/div/div/div/div[2]/div/span"}
COMMAND: GET /session/3a666e1e6263059a660801b53c4ba30d/element/f.35BA612EB9C2194724D060812FEF357B.d.6D8F36EF40FE62712525E364A0581AB0.e.1847/text - {}
RESULT: {}
COMMAND: POST /session/3a666e1e6263059a660801b53c4ba30d/execute/async - {"script":"<script> [1562 bytes]","args":[{"selector":{"id":"application-managepartners-display-component---detailPtm--partnerType"},"wdio_ui5_key":"applicationmanagepartners-display-component---detailPtm--partnerType"}]}
RESULT: {"script":"<script> [1562 bytes]","args":[{"selector":{"id":"application-managepartners-display-component---detailPtm--partnerType"},"wdio_ui5_key":"applicationmanagepartners-display-component---detailPtm--partnerType"}]}
RESULT: undefined
COMMAND: POST /session/3a666e1e6263059a660801b53c4ba30d/execute/async - {"script":"<script> [6424 bytes]","args":[{"element-6066-11e4-a52e-4f735466cecf":"f.35BA612EB9C2194724D060812FEF357B.d.6D8F36EF40FE62712525E364A0581AB0.e.1848"},"getText",[]]}
RESULT: {"script":"<script> [6424 bytes]","args":[{"element-6066-11e4-a52e-4f735466cecf":"f.35BA612EB9C2194724D060812FEF357B.d.6D8F36EF40FE62712525E364A0581AB0.e.1848"},"getText",[]]}
COMMAND: POST /session/3a666e1e6263059a660801b53c4ba30d/element - {"using":"css selector","value":"#shell-header-logo"}
RESULT: {"using":"css selector","value":"#shell-header-logo"}
COMMAND: POST /session/3a666e1e6263059a660801b53c4ba30d/element/f.35BA612EB9C2194724D060812FEF357B.d.6D8F36EF40FE62712525E364A0581AB0.e.1185/click - {}
RESULT: {}
COMMAND: GET /session/3a666e1e6263059a660801b53c4ba30d/screenshot - {}
RESULT: {}
]]></system-out>
    </testcase>
    <testcase classname="chrome.136_0_7103_93.windows.Manage_Requests_Tags_Tests_US120163" name="Should create a new site" time="112.651">
      <system-out><![CDATA[
COMMAND: POST /session/3a666e1e6263059a660801b53c4ba30d/execute/async - {"script":"<script> [1562 bytes]","args":[{"selector":{"controlType":"sap.m.GenericTile","properties":{"header":"Manage Sites"}},"wdio_ui5_key":"sapm.GenericTile{\"header\":\"Manage Sites\"}"}]}
RESULT: {"script":"<script> [1562 bytes]","args":[{"selector":{"controlType":"sap.m.GenericTile","properties":{"header":"Manage Sites"}},"wdio_ui5_key":"sapm.GenericTile{\"header\":\"Manage Sites\"}"}]}
RESULT: undefined
COMMAND: POST /session/3a666e1e6263059a660801b53c4ba30d/element - {"using":"xpath","value":"//*[@id=\"__tile40\"]"}
RESULT: {"using":"xpath","value":"//*[@id=\"__tile40\"]"}
COMMAND: POST /session/3a666e1e6263059a660801b53c4ba30d/element/f.35BA612EB9C2194724D060812FEF357B.d.6D8F36EF40FE62712525E364A0581AB0.e.1850/click - {}
RESULT: {}
COMMAND: GET /session/3a666e1e6263059a660801b53c4ba30d/screenshot - {}
RESULT: {}
COMMAND: POST /session/3a666e1e6263059a660801b53c4ba30d/elements - {"using":"xpath","value":"//span[text()='Error']"}
RESULT: {"using":"xpath","value":"//span[text()='Error']"}
COMMAND: POST /session/3a666e1e6263059a660801b53c4ba30d/execute/async - {"script":"<script> [1562 bytes]","args":[{"selector":{"controlType":"sap.ui.core.Icon","viewName":"etm.portal.ui.managesites.view.Master","viewId":"application-managesites-display-component---masterSite","properties":{"src":{"regex":{"source":"add"}}}},"wdio_ui5_key":"etmportal.ui.managesites.view.Mastersap.ui.core.Icon{\"src\":{\"regex\":{\"source\":\"add\"}}}"}]}
RESULT: {"script":"<script> [1562 bytes]","args":[{"selector":{"controlType":"sap.ui.core.Icon","viewName":"etm.portal.ui.managesites.view.Master","viewId":"application-managesites-display-component---masterSite","properties":{"src":{"regex":{"source":"add"}}}},"wdio_ui5_key":"etmportal.ui.managesites.view.Mastersap.ui.core.Icon{\"src\":{\"regex\":{\"source\":\"add\"}}}"}]}
RESULT: undefined
COMMAND: POST /session/3a666e1e6263059a660801b53c4ba30d/element - {"using":"xpath","value":"//*[@id=\"__button48-img\"]"}
RESULT: {"using":"xpath","value":"//*[@id=\"__button48-img\"]"}
COMMAND: POST /session/3a666e1e6263059a660801b53c4ba30d/element/f.35BA612EB9C2194724D060812FEF357B.d.6D8F36EF40FE62712525E364A0581AB0.e.1899/click - {}
RESULT: {}
COMMAND: POST /session/3a666e1e6263059a660801b53c4ba30d/execute/async - {"script":"<script> [1562 bytes]","args":[{"selector":{"id":"application-managesites-display-component---NewSite--siteId","interaction":{"idSuffix":"inner"}},"wdio_ui5_key":"applicationmanagesites-display-component---NewSite--siteId"}]}
COMMAND: GET /session/3a666e1e6263059a660801b53c4ba30d/screenshot - {}
RESULT: {"script":"<script> [1562 bytes]","args":[{"selector":{"id":"application-managesites-display-component---NewSite--siteId","interaction":{"idSuffix":"inner"}},"wdio_ui5_key":"applicationmanagesites-display-component---NewSite--siteId"}]}
RESULT: undefined
COMMAND: POST /session/3a666e1e6263059a660801b53c4ba30d/execute/async - {"script":"<script> [1562 bytes]","args":[{"selector":{"id":"application-managesites-display-component---NewSite--addressDetailDetailsName1","interaction":{"idSuffix":"inner"}},"wdio_ui5_key":"applicationmanagesites-display-component---NewSite--addressDetailDetailsName1"}]}
RESULT: {}
RESULT: {"script":"<script> [1562 bytes]","args":[{"selector":{"id":"application-managesites-display-component---NewSite--addressDetailDetailsName1","interaction":{"idSuffix":"inner"}},"wdio_ui5_key":"applicationmanagesites-display-component---NewSite--addressDetailDetailsName1"}]}
RESULT: undefined
COMMAND: POST /session/3a666e1e6263059a660801b53c4ba30d/execute/async - {"script":"<script> [776 bytes]","args":[{"enterText":"WebdriverSiteegvc","selector":{"id":"application-managesites-display-component---NewSite--addressDetailDetailsName1","interaction":{"idSuffix":"inner"}},"clearTextFirst":true,"interactionType":"ENTER_TEXT"}]}
RESULT: {"script":"<script> [776 bytes]","args":[{"enterText":"WebdriverSiteegvc","selector":{"id":"application-managesites-display-component---NewSite--addressDetailDetailsName1","interaction":{"idSuffix":"inner"}},"clearTextFirst":true,"interactionType":"ENTER_TEXT"}]}
COMMAND: POST /session/3a666e1e6263059a660801b53c4ba30d/execute/async - {"script":"<script> [1562 bytes]","args":[{"selector":{"id":"application-managesites-display-component---NewSite--addressDetailDetailsLanguage","interaction":{"idSuffix":"inner"}},"wdio_ui5_key":"applicationmanagesites-display-component---NewSite--addressDetailDetailsLanguage"}]}
RESULT: {"script":"<script> [1562 bytes]","args":[{"selector":{"id":"application-managesites-display-component---NewSite--addressDetailDetailsLanguage","interaction":{"idSuffix":"inner"}},"wdio_ui5_key":"applicationmanagesites-display-component---NewSite--addressDetailDetailsLanguage"}]}
RESULT: undefined
COMMAND: POST /session/3a666e1e6263059a660801b53c4ba30d/execute/async - {"script":"<script> [776 bytes]","args":[{"enterText":"Romanian","selector":{"id":"application-managesites-display-component---NewSite--addressDetailDetailsLanguage","interaction":{"idSuffix":"inner"}},"clearTextFirst":true,"interactionType":"ENTER_TEXT"}]}
RESULT: {"script":"<script> [776 bytes]","args":[{"enterText":"Romanian","selector":{"id":"application-managesites-display-component---NewSite--addressDetailDetailsLanguage","interaction":{"idSuffix":"inner"}},"clearTextFirst":true,"interactionType":"ENTER_TEXT"}]}
COMMAND: POST /session/3a666e1e6263059a660801b53c4ba30d/execute/async - {"script":"<script> [1562 bytes]","args":[{"selector":{"id":"application-managesites-display-component---NewSite--addressDetailDetailsCity1","interaction":{"idSuffix":"inner"}},"wdio_ui5_key":"applicationmanagesites-display-component---NewSite--addressDetailDetailsCity1"}]}
RESULT: {"script":"<script> [1562 bytes]","args":[{"selector":{"id":"application-managesites-display-component---NewSite--addressDetailDetailsCity1","interaction":{"idSuffix":"inner"}},"wdio_ui5_key":"applicationmanagesites-display-component---NewSite--addressDetailDetailsCity1"}]}
RESULT: undefined
COMMAND: POST /session/3a666e1e6263059a660801b53c4ba30d/execute/async - {"script":"<script> [776 bytes]","args":[{"enterText":"Bucharest","selector":{"id":"application-managesites-display-component---NewSite--addressDetailDetailsCity1","interaction":{"idSuffix":"inner"}},"clearTextFirst":true,"interactionType":"ENTER_TEXT"}]}
RESULT: {"script":"<script> [776 bytes]","args":[{"enterText":"Bucharest","selector":{"id":"application-managesites-display-component---NewSite--addressDetailDetailsCity1","interaction":{"idSuffix":"inner"}},"clearTextFirst":true,"interactionType":"ENTER_TEXT"}]}
COMMAND: POST /session/3a666e1e6263059a660801b53c4ba30d/execute/async - {"script":"<script> [1562 bytes]","args":[{"selector":{"id":"application-managesites-display-component---NewSite--addressDetailDetailsCountry","interaction":{"idSuffix":"inner"}},"wdio_ui5_key":"applicationmanagesites-display-component---NewSite--addressDetailDetailsCountry"}]}
RESULT: {"script":"<script> [1562 bytes]","args":[{"selector":{"id":"application-managesites-display-component---NewSite--addressDetailDetailsCountry","interaction":{"idSuffix":"inner"}},"wdio_ui5_key":"applicationmanagesites-display-component---NewSite--addressDetailDetailsCountry"}]}
RESULT: undefined
COMMAND: POST /session/3a666e1e6263059a660801b53c4ba30d/execute/async - {"script":"<script> [776 bytes]","args":[{"enterText":"Romania","selector":{"id":"application-managesites-display-component---NewSite--addressDetailDetailsCountry","interaction":{"idSuffix":"inner"}},"clearTextFirst":true,"interactionType":"ENTER_TEXT"}]}
RESULT: {"script":"<script> [776 bytes]","args":[{"enterText":"Romania","selector":{"id":"application-managesites-display-component---NewSite--addressDetailDetailsCountry","interaction":{"idSuffix":"inner"}},"clearTextFirst":true,"interactionType":"ENTER_TEXT"}]}
COMMAND: POST /session/3a666e1e6263059a660801b53c4ba30d/element - {"using":"css selector","value":"#application-managesites-display-component---NewSite--addressDetailDetailsCalendar-inner"}
RESULT: {"using":"css selector","value":"#application-managesites-display-component---NewSite--addressDetailDetailsCalendar-inner"}
COMMAND: POST /session/3a666e1e6263059a660801b53c4ba30d/element/f.35BA612EB9C2194724D060812FEF357B.d.6D8F36EF40FE62712525E364A0581AB0.e.2111/clear - {}
RESULT: {}
COMMAND: POST /session/3a666e1e6263059a660801b53c4ba30d/element/f.35BA612EB9C2194724D060812FEF357B.d.6D8F36EF40FE62712525E364A0581AB0.e.2111/value - {"text":"Germany"}
COMMAND: GET /session/3a666e1e6263059a660801b53c4ba30d/screenshot - {}
RESULT: {"text":"Germany"}
COMMAND: POST /session/3a666e1e6263059a660801b53c4ba30d/execute/async - {"script":"<script> [1562 bytes]","args":[{"selector":{"id":"application-managesites-display-component---NewSite--addressEditDetailsCostObjectCstType-arrow"},"wdio_ui5_key":"applicationmanagesites-display-component---NewSite--addressEditDetailsCostObjectCstType-arrow"}]}
COMMAND: GET /session/3a666e1e6263059a660801b53c4ba30d/screenshot - {}
RESULT: {}
RESULT: {"script":"<script> [1562 bytes]","args":[{"selector":{"id":"application-managesites-display-component---NewSite--addressEditDetailsCostObjectCstType-arrow"},"wdio_ui5_key":"applicationmanagesites-display-component---NewSite--addressEditDetailsCostObjectCstType-arrow"}]}
RESULT: undefined
COMMAND: POST /session/3a666e1e6263059a660801b53c4ba30d/element - {"using":"xpath","value":"//*[@id=\"application-managesites-display-component---NewSite--addressEditDetailsCostObjectCstType-arrow\"]"}
RESULT: {}
RESULT: {"using":"xpath","value":"//*[@id=\"application-managesites-display-component---NewSite--addressEditDetailsCostObjectCstType-arrow\"]"}
COMMAND: POST /session/3a666e1e6263059a660801b53c4ba30d/element/f.35BA612EB9C2194724D060812FEF357B.d.6D8F36EF40FE62712525E364A0581AB0.e.2288/click - {}
RESULT: {}
COMMAND: POST /session/3a666e1e6263059a660801b53c4ba30d/element - {"using":"xpath","value":"//span[contains(text(), \"Work Breakdown Structure\")]"}
COMMAND: GET /session/3a666e1e6263059a660801b53c4ba30d/screenshot - {}
RESULT: {"using":"xpath","value":"//span[contains(text(), \"Work Breakdown Structure\")]"}
COMMAND: POST /session/3a666e1e6263059a660801b53c4ba30d/element/f.35BA612EB9C2194724D060812FEF357B.d.6D8F36EF40FE62712525E364A0581AB0.e.2289/click - {}
RESULT: {}
RESULT: {}
COMMAND: GET /session/3a666e1e6263059a660801b53c4ba30d/screenshot - {}
RESULT: {}
COMMAND: POST /session/3a666e1e6263059a660801b53c4ba30d/execute/async - {"script":"<script> [1562 bytes]","args":[{"selector":{"id":"application-managesites-display-component---NewSite--addressNewCostObjectCstID-vhi"},"wdio_ui5_key":"applicationmanagesites-display-component---NewSite--addressNewCostObjectCstID-vhi"}]}
RESULT: {"script":"<script> [1562 bytes]","args":[{"selector":{"id":"application-managesites-display-component---NewSite--addressNewCostObjectCstID-vhi"},"wdio_ui5_key":"applicationmanagesites-display-component---NewSite--addressNewCostObjectCstID-vhi"}]}
RESULT: undefined
COMMAND: POST /session/3a666e1e6263059a660801b53c4ba30d/element - {"using":"xpath","value":"//*[@id=\"application-managesites-display-component---NewSite--addressNewCostObjectCstID-vhi\"]"}
RESULT: {"using":"xpath","value":"//*[@id=\"application-managesites-display-component---NewSite--addressNewCostObjectCstID-vhi\"]"}
COMMAND: POST /session/3a666e1e6263059a660801b53c4ba30d/element/f.35BA612EB9C2194724D060812FEF357B.d.6D8F36EF40FE62712525E364A0581AB0.e.2294/click - {}
RESULT: {}
COMMAND: GET /session/3a666e1e6263059a660801b53c4ba30d/screenshot - {}
RESULT: {}
COMMAND: POST /session/3a666e1e6263059a660801b53c4ba30d/execute/async - {"script":"<script> [1562 bytes]","args":[{"selector":{"controlType":"sap.m.SearchField","properties":{"placeholder":"Search"},"searchOpenDialogs":true,"interaction":{"idSuffix":"I"}},"wdio_ui5_key":"sapm.SearchField{\"placeholder\":\"Search\"}"}]}
RESULT: {"script":"<script> [1562 bytes]","args":[{"selector":{"controlType":"sap.m.SearchField","properties":{"placeholder":"Search"},"searchOpenDialogs":true,"interaction":{"idSuffix":"I"}},"wdio_ui5_key":"sapm.SearchField{\"placeholder\":\"Search\"}"}]}
RESULT: undefined
COMMAND: POST /session/3a666e1e6263059a660801b53c4ba30d/execute/async - {"script":"<script> [776 bytes]","args":[{"enterText":"A1-000100-01","selector":{"controlType":"sap.m.SearchField","properties":{"placeholder":"Search"},"searchOpenDialogs":true,"interaction":{"idSuffix":"I"}},"clearTextFirst":true,"interactionType":"ENTER_TEXT"}]}
RESULT: {"script":"<script> [776 bytes]","args":[{"enterText":"A1-000100-01","selector":{"controlType":"sap.m.SearchField","properties":{"placeholder":"Search"},"searchOpenDialogs":true,"interaction":{"idSuffix":"I"}},"clearTextFirst":true,"interactionType":"ENTER_TEXT"}]}
COMMAND: POST /session/3a666e1e6263059a660801b53c4ba30d/actions - {"actions":[{"id":"action3","type":"key","parameters":{},"actions":[{"type":"keyDown","value":""},{"type":"pause","duration":10},{"type":"keyUp","value":""}]}]}
RESULT: {"actions":[{"id":"action3","type":"key","parameters":{},"actions":[{"type":"keyDown","value":""},{"type":"pause","duration":10},{"type":"keyUp","value":""}]}]}
COMMAND: GET /session/3a666e1e6263059a660801b53c4ba30d/screenshot - {}
RESULT: {}
COMMAND: POST /session/3a666e1e6263059a660801b53c4ba30d/element - {"using":"xpath","value":"//span[contains(text(), \"Template for ETO-Process\")]"}
RESULT: {"using":"xpath","value":"//span[contains(text(), \"Template for ETO-Process\")]"}
COMMAND: POST /session/3a666e1e6263059a660801b53c4ba30d/element/f.35BA612EB9C2194724D060812FEF357B.d.6D8F36EF40FE62712525E364A0581AB0.e.2313/click - {}
RESULT: {}
COMMAND: GET /session/3a666e1e6263059a660801b53c4ba30d/screenshot - {}
RESULT: {}
COMMAND: POST /session/3a666e1e6263059a660801b53c4ba30d/element - {"using":"xpath","value":"//bdi[contains(text(), \"OK\")]"}
RESULT: {"using":"xpath","value":"//bdi[contains(text(), \"OK\")]"}
COMMAND: POST /session/3a666e1e6263059a660801b53c4ba30d/element/f.35BA612EB9C2194724D060812FEF357B.d.6D8F36EF40FE62712525E364A0581AB0.e.2314/click - {}
RESULT: {}
COMMAND: GET /session/3a666e1e6263059a660801b53c4ba30d/screenshot - {}
RESULT: {}
COMMAND: POST /session/3a666e1e6263059a660801b53c4ba30d/element - {"using":"xpath","value":"//input[@id=\"application-managesites-display-component---NewSite--addressDetailDetailsYard-inner\"]"}
RESULT: {"using":"xpath","value":"//input[@id=\"application-managesites-display-component---NewSite--addressDetailDetailsYard-inner\"]"}
COMMAND: POST /session/3a666e1e6263059a660801b53c4ba30d/element/f.35BA612EB9C2194724D060812FEF357B.d.6D8F36EF40FE62712525E364A0581AB0.e.2112/value - {"text":"WebdriverYardv16ue"}
RESULT: {"text":"WebdriverYardv16ue"}
COMMAND: GET /session/3a666e1e6263059a660801b53c4ba30d/screenshot - {}
RESULT: {}
COMMAND: POST /session/3a666e1e6263059a660801b53c4ba30d/actions - {"actions":[{"id":"action4","type":"key","parameters":{},"actions":[{"type":"keyDown","value":""},{"type":"pause","duration":10},{"type":"keyUp","value":""}]}]}
RESULT: {"actions":[{"id":"action4","type":"key","parameters":{},"actions":[{"type":"keyDown","value":""},{"type":"pause","duration":10},{"type":"keyUp","value":""}]}]}
COMMAND: GET /session/3a666e1e6263059a660801b53c4ba30d/screenshot - {}
RESULT: {}
COMMAND: POST /session/3a666e1e6263059a660801b53c4ba30d/element - {"using":"xpath","value":"//input[@id=\"application-managesites-display-component---NewSite--addressDetailDetailsPartner-inner\"]"}
RESULT: {"using":"xpath","value":"//input[@id=\"application-managesites-display-component---NewSite--addressDetailDetailsPartner-inner\"]"}
COMMAND: POST /session/3a666e1e6263059a660801b53c4ba30d/elements - {"using":"xpath","value":"//input[@id=\"application-managesites-display-component---NewSite--addressDetailDetailsPartner-inner\"]"}
RESULT: {"using":"xpath","value":"//input[@id=\"application-managesites-display-component---NewSite--addressDetailDetailsPartner-inner\"]"}
COMMAND: POST /session/3a666e1e6263059a660801b53c4ba30d/execute/async - {"script":"<script> [1562 bytes]","args":[{"selector":{"controlType":"sap.m.Button","viewName":"etm.portal.ui.managesites.view.NewSmartSite","viewId":"application-managesites-display-component---NewSite","properties":{"text":"Commercial"},"interaction":{"idSuffix":"BDI-content"}},"wdio_ui5_key":"etmportal.ui.managesites.view.NewSmartSitesap.m.Button{\"text\":\"Commercial\"}"}]}
RESULT: {"script":"<script> [1562 bytes]","args":[{"selector":{"controlType":"sap.m.Button","viewName":"etm.portal.ui.managesites.view.NewSmartSite","viewId":"application-managesites-display-component---NewSite","properties":{"text":"Commercial"},"interaction":{"idSuffix":"BDI-content"}},"wdio_ui5_key":"etmportal.ui.managesites.view.NewSmartSitesap.m.Button{\"text\":\"Commercial\"}"}]}
RESULT: undefined
COMMAND: POST /session/3a666e1e6263059a660801b53c4ba30d/element - {"using":"xpath","value":"//*[@id=\"application-managesites-display-component---NewSite--ObjectPageLayout-anchBar-__section29-anchor\"]"}
RESULT: {"using":"xpath","value":"//*[@id=\"application-managesites-display-component---NewSite--ObjectPageLayout-anchBar-__section29-anchor\"]"}
COMMAND: POST /session/3a666e1e6263059a660801b53c4ba30d/element/f.35BA612EB9C2194724D060812FEF357B.d.6D8F36EF40FE62712525E364A0581AB0.e.2321/click - {}
RESULT: {}
COMMAND: POST /session/3a666e1e6263059a660801b53c4ba30d/execute/async - {"script":"<script> [1562 bytes]","args":[{"selector":{"controlType":"sap.m.Button","viewName":"etm.portal.ui.managesites.view.NewSmartSite","viewId":"application-managesites-display-component---NewSite","i18NText":{"propertyName":"text","key":"save"},"interaction":{"idSuffix":"BDI-content"}},"wdio_ui5_key":"etmportal.ui.managesites.view.NewSmartSitesap.m.Button{\"propertyName\":\"text\",\"key\":\"save\"}"}]}
COMMAND: GET /session/3a666e1e6263059a660801b53c4ba30d/screenshot - {}
RESULT: {"script":"<script> [1562 bytes]","args":[{"selector":{"controlType":"sap.m.Button","viewName":"etm.portal.ui.managesites.view.NewSmartSite","viewId":"application-managesites-display-component---NewSite","i18NText":{"propertyName":"text","key":"save"},"interaction":{"idSuffix":"BDI-content"}},"wdio_ui5_key":"etmportal.ui.managesites.view.NewSmartSitesap.m.Button{\"propertyName\":\"text\",\"key\":\"save\"}"}]}
RESULT: undefined
COMMAND: POST /session/3a666e1e6263059a660801b53c4ba30d/element - {"using":"xpath","value":"//*[@id=\"__button60\"]"}
RESULT: {}
RESULT: {"using":"xpath","value":"//*[@id=\"__button60\"]"}
COMMAND: POST /session/3a666e1e6263059a660801b53c4ba30d/element/f.35BA612EB9C2194724D060812FEF357B.d.6D8F36EF40FE62712525E364A0581AB0.e.2235/click - {}
RESULT: {}
COMMAND: GET /session/3a666e1e6263059a660801b53c4ba30d/screenshot - {}
RESULT: {}
COMMAND: POST /session/3a666e1e6263059a660801b53c4ba30d/execute/async - {"script":"<script> [1562 bytes]","args":[{"selector":{"id":"application-managesites-display-component---detailSite--addressDetailDetailsYardText"},"wdio_ui5_key":"applicationmanagesites-display-component---detailSite--addressDetailDetailsYardText"}]}
RESULT: {"script":"<script> [1562 bytes]","args":[{"selector":{"id":"application-managesites-display-component---detailSite--addressDetailDetailsYardText"},"wdio_ui5_key":"applicationmanagesites-display-component---detailSite--addressDetailDetailsYardText"}]}
RESULT: undefined
COMMAND: POST /session/3a666e1e6263059a660801b53c4ba30d/element - {"using":"xpath","value":"//header/div/div[2]/div[2]/span"}
RESULT: {"using":"xpath","value":"//header/div/div[2]/div[2]/span"}
COMMAND: GET /session/3a666e1e6263059a660801b53c4ba30d/element/f.35BA612EB9C2194724D060812FEF357B.d.6D8F36EF40FE62712525E364A0581AB0.e.2529/text - {}
RESULT: {}
COMMAND: POST /session/3a666e1e6263059a660801b53c4ba30d/element - {"using":"xpath","value":"//header/div/div/div/div/div/div[2]/div/span"}
RESULT: {"using":"xpath","value":"//header/div/div/div/div/div/div[2]/div/span"}
COMMAND: GET /session/3a666e1e6263059a660801b53c4ba30d/element/f.35BA612EB9C2194724D060812FEF357B.d.6D8F36EF40FE62712525E364A0581AB0.e.2530/text - {}
RESULT: {}
COMMAND: POST /session/3a666e1e6263059a660801b53c4ba30d/element - {"using":"css selector","value":"#shell-header-logo"}
RESULT: {"using":"css selector","value":"#shell-header-logo"}
COMMAND: POST /session/3a666e1e6263059a660801b53c4ba30d/element/f.35BA612EB9C2194724D060812FEF357B.d.6D8F36EF40FE62712525E364A0581AB0.e.1855/click - {}
RESULT: {}
COMMAND: GET /session/3a666e1e6263059a660801b53c4ba30d/screenshot - {}
RESULT: {}
]]></system-out>
    </testcase>
    <testcase classname="chrome.136_0_7103_93.windows.Manage_Requests_Tags_Tests_US120163" name="Should Create New Request Tags" time="227.207">
      <system-out><![CDATA[
COMMAND: POST /session/3a666e1e6263059a660801b53c4ba30d/execute/async - {"script":"<script> [1562 bytes]","args":[{"selector":{"controlType":"sap.m.GenericTile","properties":{"header":"Manage Requests"}},"wdio_ui5_key":"sapm.GenericTile{\"header\":\"Manage Requests\"}"}]}
RESULT: {"script":"<script> [1562 bytes]","args":[{"selector":{"controlType":"sap.m.GenericTile","properties":{"header":"Manage Requests"}},"wdio_ui5_key":"sapm.GenericTile{\"header\":\"Manage Requests\"}"}]}
RESULT: undefined
COMMAND: POST /session/3a666e1e6263059a660801b53c4ba30d/element - {"using":"xpath","value":"//*[@id=\"__tile47\"]"}
RESULT: {"using":"xpath","value":"//*[@id=\"__tile47\"]"}
COMMAND: POST /session/3a666e1e6263059a660801b53c4ba30d/element/f.35BA612EB9C2194724D060812FEF357B.d.6D8F36EF40FE62712525E364A0581AB0.e.2532/click - {}
RESULT: {}
COMMAND: GET /session/3a666e1e6263059a660801b53c4ba30d/screenshot - {}
RESULT: {}
COMMAND: POST /session/3a666e1e6263059a660801b53c4ba30d/elements - {"using":"xpath","value":"//span[text()='Error']"}
RESULT: {"using":"xpath","value":"//span[text()='Error']"}
COMMAND: POST /session/3a666e1e6263059a660801b53c4ba30d/element - {"using":"xpath","value":"//button[contains(@data-kt ,\"btnCreateNewOverflowToolbarButton\")]"}
COMMAND: POST /session/3a666e1e6263059a660801b53c4ba30d/element - {"using":"xpath","value":"(//span[contains(@class ,\"sapMObjStatusText\")])[1]"}
RESULT: {"using":"xpath","value":"//button[contains(@data-kt ,\"btnCreateNewOverflowToolbarButton\")]"}
COMMAND: POST /session/3a666e1e6263059a660801b53c4ba30d/element/f.35BA612EB9C2194724D060812FEF357B.d.6D8F36EF40FE62712525E364A0581AB0.e.2589/click - {}
RESULT: {"using":"xpath","value":"(//span[contains(@class ,\"sapMObjStatusText\")])[1]"}
COMMAND: POST /session/3a666e1e6263059a660801b53c4ba30d/execute/sync - {"script":"<script> [8489 bytes]","args":[{"element-6066-11e4-a52e-4f735466cecf":"f.35BA612EB9C2194724D060812FEF357B.d.6D8F36EF40FE62712525E364A0581AB0.e.2626","ELEMENT":"f.35BA612EB9C2194724D060812FEF357B.d.6D8F36EF40FE62712525E364A0581AB0.e.2626"}]}
RESULT: {}
COMMAND: GET /session/3a666e1e6263059a660801b53c4ba30d/screenshot - {}
COMMAND: POST /session/3a666e1e6263059a660801b53c4ba30d/element - {"using":"xpath","value":"(//span[contains(@class ,\"sapMObjStatusText\")])[1]"}
RESULT: {}
RESULT: {"using":"xpath","value":"(//span[contains(@class ,\"sapMObjStatusText\")])[1]"}
COMMAND: POST /session/3a666e1e6263059a660801b53c4ba30d/execute/sync - {"script":"<script> [8489 bytes]","args":[{"element-6066-11e4-a52e-4f735466cecf":"f.35BA612EB9C2194724D060812FEF357B.d.6D8F36EF40FE62712525E364A0581AB0.e.2840","ELEMENT":"f.35BA612EB9C2194724D060812FEF357B.d.6D8F36EF40FE62712525E364A0581AB0.e.2840"}]}
RESULT: {"script":"<script> [8489 bytes]","args":[{"element-6066-11e4-a52e-4f735466cecf":"f.35BA612EB9C2194724D060812FEF357B.d.6D8F36EF40FE62712525E364A0581AB0.e.2840","ELEMENT":"f.35BA612EB9C2194724D060812FEF357B.d.6D8F36EF40FE62712525E364A0581AB0.e.2840"}]}
COMMAND: GET /session/3a666e1e6263059a660801b53c4ba30d/screenshot - {}
RESULT: {}
COMMAND: POST /session/3a666e1e6263059a660801b53c4ba30d/element - {"using":"xpath","value":"//input[contains(@id ,\"yardId-inner\")]"}
RESULT: {"using":"xpath","value":"//input[contains(@id ,\"yardId-inner\")]"}
COMMAND: POST /session/3a666e1e6263059a660801b53c4ba30d/execute/sync - {"script":"<script> [8489 bytes]","args":[{"element-6066-11e4-a52e-4f735466cecf":"f.35BA612EB9C2194724D060812FEF357B.d.6D8F36EF40FE62712525E364A0581AB0.e.2711","ELEMENT":"f.35BA612EB9C2194724D060812FEF357B.d.6D8F36EF40FE62712525E364A0581AB0.e.2711"}]}
RESULT: {"script":"<script> [8489 bytes]","args":[{"element-6066-11e4-a52e-4f735466cecf":"f.35BA612EB9C2194724D060812FEF357B.d.6D8F36EF40FE62712525E364A0581AB0.e.2711","ELEMENT":"f.35BA612EB9C2194724D060812FEF357B.d.6D8F36EF40FE62712525E364A0581AB0.e.2711"}]}
COMMAND: POST /session/3a666e1e6263059a660801b53c4ba30d/element - {"using":"xpath","value":"//input[contains(@id ,\"yardId-inner\")]"}
COMMAND: GET /session/3a666e1e6263059a660801b53c4ba30d/screenshot - {}
RESULT: {"using":"xpath","value":"//input[contains(@id ,\"yardId-inner\")]"}
COMMAND: GET /session/3a666e1e6263059a660801b53c4ba30d/element/f.35BA612EB9C2194724D060812FEF357B.d.6D8F36EF40FE62712525E364A0581AB0.e.2711/enabled - {}
RESULT: {}
RESULT: {}
COMMAND: POST /session/3a666e1e6263059a660801b53c4ba30d/element/f.35BA612EB9C2194724D060812FEF357B.d.6D8F36EF40FE62712525E364A0581AB0.e.2711/clear - {}
COMMAND: GET /session/3a666e1e6263059a660801b53c4ba30d/screenshot - {}
RESULT: {}
COMMAND: POST /session/3a666e1e6263059a660801b53c4ba30d/element/f.35BA612EB9C2194724D060812FEF357B.d.6D8F36EF40FE62712525E364A0581AB0.e.2711/value - {"text":"WebdriverYardv16ue"}
COMMAND: GET /session/3a666e1e6263059a660801b53c4ba30d/screenshot - {}
RESULT: {}
RESULT: {"text":"WebdriverYardv16ue"}
COMMAND: GET /session/3a666e1e6263059a660801b53c4ba30d/screenshot - {}
RESULT: {}
RESULT: {}
COMMAND: POST /session/3a666e1e6263059a660801b53c4ba30d/element - {"using":"xpath","value":"//input[contains(@id ,\"customerNumber-inner\")]"}
RESULT: {"using":"xpath","value":"//input[contains(@id ,\"customerNumber-inner\")]"}
COMMAND: POST /session/3a666e1e6263059a660801b53c4ba30d/element/f.35BA612EB9C2194724D060812FEF357B.d.6D8F36EF40FE62712525E364A0581AB0.e.2707/value - {"text":"WebdriverPartner1231fg"}
RESULT: {"text":"WebdriverPartner1231fg"}
COMMAND: GET /session/3a666e1e6263059a660801b53c4ba30d/screenshot - {}
COMMAND: POST /session/3a666e1e6263059a660801b53c4ba30d/actions - {"actions":[{"id":"action5","type":"key","parameters":{},"actions":[{"type":"keyDown","value":""},{"type":"pause","duration":10},{"type":"keyUp","value":""}]}]}
RESULT: {}
RESULT: {"actions":[{"id":"action5","type":"key","parameters":{},"actions":[{"type":"keyDown","value":""},{"type":"pause","duration":10},{"type":"keyUp","value":""}]}]}
COMMAND: GET /session/3a666e1e6263059a660801b53c4ba30d/screenshot - {}
RESULT: {}
COMMAND: POST /session/3a666e1e6263059a660801b53c4ba30d/element/f.35BA612EB9C2194724D060812FEF357B.d.6D8F36EF40FE62712525E364A0581AB0.e.2711/clear - {}
RESULT: {}
COMMAND: POST /session/3a666e1e6263059a660801b53c4ba30d/element/f.35BA612EB9C2194724D060812FEF357B.d.6D8F36EF40FE62712525E364A0581AB0.e.2711/clear - {}
COMMAND: GET /session/3a666e1e6263059a660801b53c4ba30d/screenshot - {}
RESULT: {}
COMMAND: POST /session/3a666e1e6263059a660801b53c4ba30d/element/f.35BA612EB9C2194724D060812FEF357B.d.6D8F36EF40FE62712525E364A0581AB0.e.2711/value - {"text":"WebdriverYardv16ue"}
COMMAND: GET /session/3a666e1e6263059a660801b53c4ba30d/screenshot - {}
RESULT: {}
RESULT: {"text":"WebdriverYardv16ue"}
RESULT: {}
COMMAND: POST /session/3a666e1e6263059a660801b53c4ba30d/actions - {"actions":[{"id":"action6","type":"key","parameters":{},"actions":[{"type":"keyDown","value":""},{"type":"pause","duration":10},{"type":"keyUp","value":""}]}]}
COMMAND: GET /session/3a666e1e6263059a660801b53c4ba30d/screenshot - {}
RESULT: {"actions":[{"id":"action6","type":"key","parameters":{},"actions":[{"type":"keyDown","value":""},{"type":"pause","duration":10},{"type":"keyUp","value":""}]}]}
COMMAND: GET /session/3a666e1e6263059a660801b53c4ba30d/screenshot - {}
RESULT: {}
RESULT: {}
COMMAND: GET /session/3a666e1e6263059a660801b53c4ba30d/element/f.35BA612EB9C2194724D060812FEF357B.d.6D8F36EF40FE62712525E364A0581AB0.e.2707/property/value - {}
RESULT: {}
COMMAND: POST /session/3a666e1e6263059a660801b53c4ba30d/element/f.35BA612EB9C2194724D060812FEF357B.d.6D8F36EF40FE62712525E364A0581AB0.e.2707/clear - {}
COMMAND: GET /session/3a666e1e6263059a660801b53c4ba30d/screenshot - {}
RESULT: {}
COMMAND: GET /session/3a666e1e6263059a660801b53c4ba30d/screenshot - {}
COMMAND: POST /session/3a666e1e6263059a660801b53c4ba30d/actions - {"actions":[{"id":"action7","type":"key","parameters":{},"actions":[{"type":"keyDown","value":""},{"type":"pause","duration":10},{"type":"keyUp","value":""}]}]}
RESULT: {}
RESULT: {}
RESULT: {"actions":[{"id":"action7","type":"key","parameters":{},"actions":[{"type":"keyDown","value":""},{"type":"pause","duration":10},{"type":"keyUp","value":""}]}]}
COMMAND: GET /session/3a666e1e6263059a660801b53c4ba30d/screenshot - {}
RESULT: {}
COMMAND: POST /session/3a666e1e6263059a660801b53c4ba30d/element/f.35BA612EB9C2194724D060812FEF357B.d.6D8F36EF40FE62712525E364A0581AB0.e.2707/value - {"text":"WebdriverPartner1231fg"}
RESULT: {"text":"WebdriverPartner1231fg"}
COMMAND: GET /session/3a666e1e6263059a660801b53c4ba30d/screenshot - {}
RESULT: {}
COMMAND: POST /session/3a666e1e6263059a660801b53c4ba30d/actions - {"actions":[{"id":"action8","type":"key","parameters":{},"actions":[{"type":"keyDown","value":""},{"type":"pause","duration":10},{"type":"keyUp","value":""}]}]}
RESULT: {"actions":[{"id":"action8","type":"key","parameters":{},"actions":[{"type":"keyDown","value":""},{"type":"pause","duration":10},{"type":"keyUp","value":""}]}]}
COMMAND: GET /session/3a666e1e6263059a660801b53c4ba30d/screenshot - {}
RESULT: {}
COMMAND: POST /session/3a666e1e6263059a660801b53c4ba30d/element - {"using":"xpath","value":"//input[contains(@id ,\"requestSiteId-inner\")]"}
RESULT: {"using":"xpath","value":"//input[contains(@id ,\"requestSiteId-inner\")]"}
COMMAND: POST /session/3a666e1e6263059a660801b53c4ba30d/element/f.35BA612EB9C2194724D060812FEF357B.d.6D8F36EF40FE62712525E364A0581AB0.e.2706/value - {"text":"WebdriverSiteegvc"}
RESULT: {"text":"WebdriverSiteegvc"}
COMMAND: GET /session/3a666e1e6263059a660801b53c4ba30d/screenshot - {}
RESULT: {}
COMMAND: POST /session/3a666e1e6263059a660801b53c4ba30d/actions - {"actions":[{"id":"action9","type":"key","parameters":{},"actions":[{"type":"keyDown","value":""},{"type":"pause","duration":10},{"type":"keyUp","value":""}]}]}
RESULT: {"actions":[{"id":"action9","type":"key","parameters":{},"actions":[{"type":"keyDown","value":""},{"type":"pause","duration":10},{"type":"keyUp","value":""}]}]}
COMMAND: GET /session/3a666e1e6263059a660801b53c4ba30d/screenshot - {}
RESULT: {}
COMMAND: POST /session/3a666e1e6263059a660801b53c4ba30d/execute/async - {"script":"<script> [1562 bytes]","args":[{"selector":{"controlType":"sap.m.Input","viewName":"etm.portal.ui.managerequests.view.NewRequest","bindingPath":{"path":"","propertyPath":"/DESCRIPTION","modelName":"oNewRequestModel"},"interaction":{"idSuffix":"inner"}},"wdio_ui5_key":"etmportal.ui.managerequests.view.NewRequestsap.m.Input{\"path\":\"\",\"propertyPath\":\"/DESCRIPTION\",\"modelName\":\"oNewRequestModel\"}"}]}
RESULT: {"script":"<script> [1562 bytes]","args":[{"selector":{"controlType":"sap.m.Input","viewName":"etm.portal.ui.managerequests.view.NewRequest","bindingPath":{"path":"","propertyPath":"/DESCRIPTION","modelName":"oNewRequestModel"},"interaction":{"idSuffix":"inner"}},"wdio_ui5_key":"etmportal.ui.managerequests.view.NewRequestsap.m.Input{\"path\":\"\",\"propertyPath\":\"/DESCRIPTION\",\"modelName\":\"oNewRequestModel\"}"}]}
RESULT: undefined
COMMAND: POST /session/3a666e1e6263059a660801b53c4ba30d/execute/async - {"script":"<script> [776 bytes]","args":[{"enterText":"Wdi5 Tags Test","selector":{"controlType":"sap.m.Input","viewName":"etm.portal.ui.managerequests.view.NewRequest","bindingPath":{"path":"","propertyPath":"/DESCRIPTION","modelName":"oNewRequestModel"},"interaction":{"idSuffix":"inner"}},"clearTextFirst":true,"interactionType":"ENTER_TEXT"}]}
RESULT: {"script":"<script> [776 bytes]","args":[{"enterText":"Wdi5 Tags Test","selector":{"controlType":"sap.m.Input","viewName":"etm.portal.ui.managerequests.view.NewRequest","bindingPath":{"path":"","propertyPath":"/DESCRIPTION","modelName":"oNewRequestModel"},"interaction":{"idSuffix":"inner"}},"clearTextFirst":true,"interactionType":"ENTER_TEXT"}]}
COMMAND: POST /session/3a666e1e6263059a660801b53c4ba30d/execute/async - {"script":"<script> [1562 bytes]","args":[{"selector":{"id":"tagInputAdd","viewName":"etm.portal.ui.managerequests.view.NewRequest","interaction":{"idSuffix":"inner"}},"wdio_ui5_key":"tagInputAddetmportal.ui.managerequests.view.NewRequest"}]}
RESULT: {"script":"<script> [1562 bytes]","args":[{"selector":{"id":"tagInputAdd","viewName":"etm.portal.ui.managerequests.view.NewRequest","interaction":{"idSuffix":"inner"}},"wdio_ui5_key":"tagInputAddetmportal.ui.managerequests.view.NewRequest"}]}
RESULT: undefined
COMMAND: POST /session/3a666e1e6263059a660801b53c4ba30d/execute/async - {"script":"<script> [776 bytes]","args":[{"enterText":"RefTag","selector":{"id":"tagInputAdd","viewName":"etm.portal.ui.managerequests.view.NewRequest","interaction":{"idSuffix":"inner"}},"clearTextFirst":true,"interactionType":"ENTER_TEXT"}]}
RESULT: {"script":"<script> [776 bytes]","args":[{"enterText":"RefTag","selector":{"id":"tagInputAdd","viewName":"etm.portal.ui.managerequests.view.NewRequest","interaction":{"idSuffix":"inner"}},"clearTextFirst":true,"interactionType":"ENTER_TEXT"}]}
COMMAND: POST /session/3a666e1e6263059a660801b53c4ba30d/actions - {"actions":[{"id":"action10","type":"key","parameters":{},"actions":[{"type":"keyDown","value":""},{"type":"pause","duration":10},{"type":"keyUp","value":""}]}]}
RESULT: {"actions":[{"id":"action10","type":"key","parameters":{},"actions":[{"type":"keyDown","value":""},{"type":"pause","duration":10},{"type":"keyUp","value":""}]}]}
COMMAND: GET /session/3a666e1e6263059a660801b53c4ba30d/screenshot - {}
RESULT: {}
RESULT: undefined
COMMAND: POST /session/3a666e1e6263059a660801b53c4ba30d/execute/async - {"script":"<script> [776 bytes]","args":[{"enterText":"tag-header","selector":{"id":"tagInputAdd","viewName":"etm.portal.ui.managerequests.view.NewRequest","interaction":{"idSuffix":"inner"}},"clearTextFirst":true,"interactionType":"ENTER_TEXT"}]}
RESULT: {"script":"<script> [776 bytes]","args":[{"enterText":"tag-header","selector":{"id":"tagInputAdd","viewName":"etm.portal.ui.managerequests.view.NewRequest","interaction":{"idSuffix":"inner"}},"clearTextFirst":true,"interactionType":"ENTER_TEXT"}]}
COMMAND: POST /session/3a666e1e6263059a660801b53c4ba30d/actions - {"actions":[{"id":"action11","type":"key","parameters":{},"actions":[{"type":"keyDown","value":""},{"type":"pause","duration":10},{"type":"keyUp","value":""}]}]}
RESULT: {"actions":[{"id":"action11","type":"key","parameters":{},"actions":[{"type":"keyDown","value":""},{"type":"pause","duration":10},{"type":"keyUp","value":""}]}]}
COMMAND: GET /session/3a666e1e6263059a660801b53c4ba30d/screenshot - {}
RESULT: {}
RESULT: undefined
COMMAND: POST /session/3a666e1e6263059a660801b53c4ba30d/execute/async - {"script":"<script> [776 bytes]","args":[{"enterText":"tag-duplicate","selector":{"id":"tagInputAdd","viewName":"etm.portal.ui.managerequests.view.NewRequest","interaction":{"idSuffix":"inner"}},"clearTextFirst":true,"interactionType":"ENTER_TEXT"}]}
RESULT: {"script":"<script> [776 bytes]","args":[{"enterText":"tag-duplicate","selector":{"id":"tagInputAdd","viewName":"etm.portal.ui.managerequests.view.NewRequest","interaction":{"idSuffix":"inner"}},"clearTextFirst":true,"interactionType":"ENTER_TEXT"}]}
COMMAND: POST /session/3a666e1e6263059a660801b53c4ba30d/actions - {"actions":[{"id":"action12","type":"key","parameters":{},"actions":[{"type":"keyDown","value":""},{"type":"pause","duration":10},{"type":"keyUp","value":""}]}]}
RESULT: {"actions":[{"id":"action12","type":"key","parameters":{},"actions":[{"type":"keyDown","value":""},{"type":"pause","duration":10},{"type":"keyUp","value":""}]}]}
COMMAND: GET /session/3a666e1e6263059a660801b53c4ba30d/screenshot - {}
RESULT: {}
COMMAND: POST /session/3a666e1e6263059a660801b53c4ba30d/execute/async - {"script":"<script> [1562 bytes]","args":[{"selector":{"id":"tagsLayoutAdd","viewName":"etm.portal.ui.managerequests.view.NewRequest"},"wdio_ui5_key":"tagsLayoutAddetmportal.ui.managerequests.view.NewRequest"}]}
RESULT: {"script":"<script> [1562 bytes]","args":[{"selector":{"id":"tagsLayoutAdd","viewName":"etm.portal.ui.managerequests.view.NewRequest"},"wdio_ui5_key":"tagsLayoutAddetmportal.ui.managerequests.view.NewRequest"}]}
RESULT: undefined
COMMAND: POST /session/3a666e1e6263059a660801b53c4ba30d/execute/async - {"script":"<script> [6424 bytes]","args":[{"element-6066-11e4-a52e-4f735466cecf":"f.35BA612EB9C2194724D060812FEF357B.d.6D8F36EF40FE62712525E364A0581AB0.e.2874"},"getTokens",[]]}
RESULT: {"script":"<script> [6424 bytes]","args":[{"element-6066-11e4-a52e-4f735466cecf":"f.35BA612EB9C2194724D060812FEF357B.d.6D8F36EF40FE62712525E364A0581AB0.e.2874"},"getTokens",[]]}
COMMAND: POST /session/3a666e1e6263059a660801b53c4ba30d/execute/async - {"script":"<script> [1562 bytes]","args":[{"wdio_ui5_key":"__token9","selector":{"id":"__token9"}}]}
COMMAND: POST /session/3a666e1e6263059a660801b53c4ba30d/execute/async - {"script":"<script> [1562 bytes]","args":[{"wdio_ui5_key":"__token10","selector":{"id":"__token10"}}]}
COMMAND: POST /session/3a666e1e6263059a660801b53c4ba30d/execute/async - {"script":"<script> [1562 bytes]","args":[{"wdio_ui5_key":"__token8","selector":{"id":"__token8"}}]}
RESULT: {"script":"<script> [1562 bytes]","args":[{"wdio_ui5_key":"__token8","selector":{"id":"__token8"}}]}
RESULT: undefined
RESULT: {"script":"<script> [1562 bytes]","args":[{"wdio_ui5_key":"__token10","selector":{"id":"__token10"}}]}
RESULT: undefined
RESULT: {"script":"<script> [1562 bytes]","args":[{"wdio_ui5_key":"__token9","selector":{"id":"__token9"}}]}
RESULT: undefined
COMMAND: POST /session/3a666e1e6263059a660801b53c4ba30d/execute/async - {"script":"<script> [1562 bytes]","args":[{"selector":{"controlType":"sap.ui.core.Icon","viewName":"etm.portal.ui.managerequests.view.NewRequest","properties":{"src":{"regex":{"source":"decline"}}},"ancestor":{"controlType":"sap.m.Token","viewName":"etm.portal.ui.managerequests.view.NewRequest","properties":{"text":"tag-duplicate"}}},"wdio_ui5_key":"etmportal.ui.managerequests.view.NewRequestsap.ui.core.Icon{\"src\":{\"regex\":{\"source\":\"decline\"}}}{\"controlType\":\"sap.m.Token\",\"viewName\":\"etm.portal.ui.managerequests.view.NewRequest\",\"properties\":{\"text\":\"tag-duplicate\"}}"}]}
RESULT: {"script":"<script> [1562 bytes]","args":[{"selector":{"controlType":"sap.ui.core.Icon","viewName":"etm.portal.ui.managerequests.view.NewRequest","properties":{"src":{"regex":{"source":"decline"}}},"ancestor":{"controlType":"sap.m.Token","viewName":"etm.portal.ui.managerequests.view.NewRequest","properties":{"text":"tag-duplicate"}}},"wdio_ui5_key":"etmportal.ui.managerequests.view.NewRequestsap.ui.core.Icon{\"src\":{\"regex\":{\"source\":\"decline\"}}}{\"controlType\":\"sap.m.Token\",\"viewName\":\"etm.portal.ui.managerequests.view.NewRequest\",\"properties\":{\"text\":\"tag-duplicate\"}}"}]}
RESULT: undefined
COMMAND: POST /session/3a666e1e6263059a660801b53c4ba30d/element - {"using":"xpath","value":"//*[@id=\"__token10-icon\"]"}
RESULT: {"using":"xpath","value":"//*[@id=\"__token10-icon\"]"}
COMMAND: POST /session/3a666e1e6263059a660801b53c4ba30d/element/f.35BA612EB9C2194724D060812FEF357B.d.6D8F36EF40FE62712525E364A0581AB0.e.2907/click - {}
RESULT: {}
COMMAND: POST /session/3a666e1e6263059a660801b53c4ba30d/execute/async - {"script":"<script> [1562 bytes]","args":[{"selector":{"controlType":"sap.ui.core.Icon","viewName":"etm.portal.ui.managerequests.view.NewRequest","properties":{"src":{"regex":{"source":"decline"}}},"ancestor":{"controlType":"sap.m.Token","viewName":"etm.portal.ui.managerequests.view.NewRequest","properties":{"text":"tag1"}}},"wdio_ui5_key":"etmportal.ui.managerequests.view.NewRequestsap.ui.core.Icon{\"src\":{\"regex\":{\"source\":\"decline\"}}}{\"controlType\":\"sap.m.Token\",\"viewName\":\"etm.portal.ui.managerequests.view.NewRequest\",\"properties\":{\"text\":\"tag1\"}}"}]}
COMMAND: GET /session/3a666e1e6263059a660801b53c4ba30d/screenshot - {}
RESULT: {"script":"<script> [1562 bytes]","args":[{"selector":{"controlType":"sap.ui.core.Icon","viewName":"etm.portal.ui.managerequests.view.NewRequest","properties":{"src":{"regex":{"source":"decline"}}},"ancestor":{"controlType":"sap.m.Token","viewName":"etm.portal.ui.managerequests.view.NewRequest","properties":{"text":"tag1"}}},"wdio_ui5_key":"etmportal.ui.managerequests.view.NewRequestsap.ui.core.Icon{\"src\":{\"regex\":{\"source\":\"decline\"}}}{\"controlType\":\"sap.m.Token\",\"viewName\":\"etm.portal.ui.managerequests.view.NewRequest\",\"properties\":{\"text\":\"tag1\"}}"}]}
RESULT: undefined
RESULT: {}
COMMAND: POST /session/3a666e1e6263059a660801b53c4ba30d/actions - {"actions":[{"id":"action13","type":"key","parameters":{},"actions":[{"type":"keyDown","value":""},{"type":"pause","duration":10},{"type":"keyUp","value":""}]}]}
RESULT: {"actions":[{"id":"action13","type":"key","parameters":{},"actions":[{"type":"keyDown","value":""},{"type":"pause","duration":10},{"type":"keyUp","value":""}]}]}
COMMAND: GET /session/3a666e1e6263059a660801b53c4ba30d/screenshot - {}
RESULT: undefined
COMMAND: POST /session/3a666e1e6263059a660801b53c4ba30d/execute/async - {"script":"<script> [6424 bytes]","args":[{"element-6066-11e4-a52e-4f735466cecf":"f.35BA612EB9C2194724D060812FEF357B.d.6D8F36EF40FE62712525E364A0581AB0.e.2874"},"getTokens",[]]}
RESULT: {}
RESULT: {"script":"<script> [6424 bytes]","args":[{"element-6066-11e4-a52e-4f735466cecf":"f.35BA612EB9C2194724D060812FEF357B.d.6D8F36EF40FE62712525E364A0581AB0.e.2874"},"getTokens",[]]}
RESULT: undefined
RESULT: undefined
COMMAND: POST /session/3a666e1e6263059a660801b53c4ba30d/execute/async - {"script":"<script> [1562 bytes]","args":[{"selector":{"controlType":"sap.m.Button","viewName":"etm.portal.ui.managerequests.view.NewRequest","properties":{"text":"Items"},"interaction":{"idSuffix":"BDI-content"}},"wdio_ui5_key":"etmportal.ui.managerequests.view.NewRequestsap.m.Button{\"text\":\"Items\"}"}]}
RESULT: {"script":"<script> [1562 bytes]","args":[{"selector":{"controlType":"sap.m.Button","viewName":"etm.portal.ui.managerequests.view.NewRequest","properties":{"text":"Items"},"interaction":{"idSuffix":"BDI-content"}},"wdio_ui5_key":"etmportal.ui.managerequests.view.NewRequestsap.m.Button{\"text\":\"Items\"}"}]}
RESULT: undefined
COMMAND: POST /session/3a666e1e6263059a660801b53c4ba30d/element - {"using":"xpath","value":"//*[@id=\"__xmlview59--newRequestPage-anchBar-__xmlview59--requestItemsSection-anchor\"]"}
RESULT: {"using":"xpath","value":"//*[@id=\"__xmlview59--newRequestPage-anchBar-__xmlview59--requestItemsSection-anchor\"]"}
COMMAND: POST /session/3a666e1e6263059a660801b53c4ba30d/element/f.35BA612EB9C2194724D060812FEF357B.d.6D8F36EF40FE62712525E364A0581AB0.e.2916/click - {}
RESULT: {}
COMMAND: GET /session/3a666e1e6263059a660801b53c4ba30d/screenshot - {}
RESULT: {}
COMMAND: POST /session/3a666e1e6263059a660801b53c4ba30d/execute/async - {"script":"<script> [1562 bytes]","args":[{"selector":{"controlType":"sap.ui.core.Icon","viewName":"etm.portal.ui.managerequests.view.NewRequest","properties":{"src":{"regex":{"source":"inspect"}}}},"wdio_ui5_key":"etmportal.ui.managerequests.view.NewRequestsap.ui.core.Icon{\"src\":{\"regex\":{\"source\":\"inspect\"}}}"}]}
RESULT: {"script":"<script> [1562 bytes]","args":[{"selector":{"controlType":"sap.ui.core.Icon","viewName":"etm.portal.ui.managerequests.view.NewRequest","properties":{"src":{"regex":{"source":"inspect"}}}},"wdio_ui5_key":"etmportal.ui.managerequests.view.NewRequestsap.ui.core.Icon{\"src\":{\"regex\":{\"source\":\"inspect\"}}}"}]}
RESULT: undefined
COMMAND: POST /session/3a666e1e6263059a660801b53c4ba30d/element - {"using":"xpath","value":"//*[@id=\"__button106-img\"]"}
RESULT: {"using":"xpath","value":"//*[@id=\"__button106-img\"]"}
COMMAND: POST /session/3a666e1e6263059a660801b53c4ba30d/element/f.35BA612EB9C2194724D060812FEF357B.d.6D8F36EF40FE62712525E364A0581AB0.e.2920/click - {}
RESULT: {}
COMMAND: GET /session/3a666e1e6263059a660801b53c4ba30d/screenshot - {}
RESULT: {}
COMMAND: POST /session/3a666e1e6263059a660801b53c4ba30d/execute/async - {"script":"<script> [1562 bytes]","args":[{"selector":{"controlType":"sap.ui.core.Icon","viewName":"etm.portal.ui.managerequests.view.NewRequest","properties":{"src":{"regex":{"source":"add"}}}},"wdio_ui5_key":"etmportal.ui.managerequests.view.NewRequestsap.ui.core.Icon{\"src\":{\"regex\":{\"source\":\"add\"}}}"}]}
RESULT: {"script":"<script> [1562 bytes]","args":[{"selector":{"controlType":"sap.ui.core.Icon","viewName":"etm.portal.ui.managerequests.view.NewRequest","properties":{"src":{"regex":{"source":"add"}}}},"wdio_ui5_key":"etmportal.ui.managerequests.view.NewRequestsap.ui.core.Icon{\"src\":{\"regex\":{\"source\":\"add\"}}}"}]}
RESULT: undefined
COMMAND: POST /session/3a666e1e6263059a660801b53c4ba30d/element - {"using":"xpath","value":"//*[@id=\"__xmlview59--btnAddTableRow-img\"]"}
RESULT: {"using":"xpath","value":"//*[@id=\"__xmlview59--btnAddTableRow-img\"]"}
COMMAND: POST /session/3a666e1e6263059a660801b53c4ba30d/element/f.35BA612EB9C2194724D060812FEF357B.d.6D8F36EF40FE62712525E364A0581AB0.e.2928/click - {}
RESULT: {}
COMMAND: GET /session/3a666e1e6263059a660801b53c4ba30d/screenshot - {}
RESULT: {}
COMMAND: POST /session/3a666e1e6263059a660801b53c4ba30d/execute/async - {"script":"<script> [1562 bytes]","args":[{"selector":{"controlType":"sap.ui.unified.MenuItem","viewName":"etm.portal.ui.managerequests.view.NewRequest","i18NText":{"propertyName":"text","key":"standardEntry"},"searchOpenDialogs":true,"interaction":{"idSuffix":"txt"}},"wdio_ui5_key":"etmportal.ui.managerequests.view.NewRequestsap.ui.unified.MenuItem{\"propertyName\":\"text\",\"key\":\"standardEntry\"}"}]}
RESULT: {"script":"<script> [1562 bytes]","args":[{"selector":{"controlType":"sap.ui.unified.MenuItem","viewName":"etm.portal.ui.managerequests.view.NewRequest","i18NText":{"propertyName":"text","key":"standardEntry"},"searchOpenDialogs":true,"interaction":{"idSuffix":"txt"}},"wdio_ui5_key":"etmportal.ui.managerequests.view.NewRequestsap.ui.unified.MenuItem{\"propertyName\":\"text\",\"key\":\"standardEntry\"}"}]}
RESULT: undefined
COMMAND: POST /session/3a666e1e6263059a660801b53c4ba30d/element - {"using":"xpath","value":"//*[@id=\"__item1759\"]"}
RESULT: {"using":"xpath","value":"//*[@id=\"__item1759\"]"}
COMMAND: POST /session/3a666e1e6263059a660801b53c4ba30d/element/f.35BA612EB9C2194724D060812FEF357B.d.6D8F36EF40FE62712525E364A0581AB0.e.2931/click - {}
RESULT: {}
COMMAND: GET /session/3a666e1e6263059a660801b53c4ba30d/screenshot - {}
RESULT: {}
RESULT: undefined
COMMAND: POST /session/3a666e1e6263059a660801b53c4ba30d/element - {"using":"xpath","value":"//*[@id=\"__xmlview59--btnAddTableRow-img\"]"}
RESULT: {"using":"xpath","value":"//*[@id=\"__xmlview59--btnAddTableRow-img\"]"}
COMMAND: POST /session/3a666e1e6263059a660801b53c4ba30d/element/f.35BA612EB9C2194724D060812FEF357B.d.6D8F36EF40FE62712525E364A0581AB0.e.2928/click - {}
RESULT: {}
COMMAND: GET /session/3a666e1e6263059a660801b53c4ba30d/screenshot - {}
RESULT: {}
RESULT: undefined
COMMAND: POST /session/3a666e1e6263059a660801b53c4ba30d/element - {"using":"xpath","value":"//*[@id=\"__item1759\"]"}
RESULT: {"using":"xpath","value":"//*[@id=\"__item1759\"]"}
COMMAND: POST /session/3a666e1e6263059a660801b53c4ba30d/element/f.35BA612EB9C2194724D060812FEF357B.d.6D8F36EF40FE62712525E364A0581AB0.e.2946/click - {}
RESULT: {}
COMMAND: GET /session/3a666e1e6263059a660801b53c4ba30d/screenshot - {}
RESULT: {}
COMMAND: POST /session/3a666e1e6263059a660801b53c4ba30d/element - {"using":"xpath","value":"(//input[contains(@id ,\"requestItemsTable-0-inner\")])[5]"}
RESULT: {"using":"xpath","value":"(//input[contains(@id ,\"requestItemsTable-0-inner\")])[5]"}
COMMAND: POST /session/3a666e1e6263059a660801b53c4ba30d/element/f.35BA612EB9C2194724D060812FEF357B.d.6D8F36EF40FE62712525E364A0581AB0.e.2937/clear - {}
RESULT: {}
COMMAND: POST /session/3a666e1e6263059a660801b53c4ba30d/element/f.35BA612EB9C2194724D060812FEF357B.d.6D8F36EF40FE62712525E364A0581AB0.e.2937/value - {"text":"1000001"}
COMMAND: GET /session/3a666e1e6263059a660801b53c4ba30d/screenshot - {}
RESULT: {"text":"1000001"}
COMMAND: GET /session/3a666e1e6263059a660801b53c4ba30d/screenshot - {}
RESULT: {}
RESULT: {}
COMMAND: POST /session/3a666e1e6263059a660801b53c4ba30d/actions - {"actions":[{"id":"action14","type":"key","parameters":{},"actions":[{"type":"keyDown","value":""},{"type":"pause","duration":10},{"type":"keyUp","value":""}]}]}
RESULT: {"actions":[{"id":"action14","type":"key","parameters":{},"actions":[{"type":"keyDown","value":""},{"type":"pause","duration":10},{"type":"keyUp","value":""}]}]}
COMMAND: POST /session/3a666e1e6263059a660801b53c4ba30d/element - {"using":"xpath","value":"(//input[contains(@id ,\"requestItemsTable-1-inner\")])[5]"}
COMMAND: GET /session/3a666e1e6263059a660801b53c4ba30d/screenshot - {}
RESULT: {"using":"xpath","value":"(//input[contains(@id ,\"requestItemsTable-1-inner\")])[5]"}
COMMAND: POST /session/3a666e1e6263059a660801b53c4ba30d/element/f.35BA612EB9C2194724D060812FEF357B.d.6D8F36EF40FE62712525E364A0581AB0.e.2952/clear - {}
RESULT: {}
RESULT: {}
COMMAND: POST /session/3a666e1e6263059a660801b53c4ba30d/element/f.35BA612EB9C2194724D060812FEF357B.d.6D8F36EF40FE62712525E364A0581AB0.e.2952/value - {"text":"1000002"}
COMMAND: GET /session/3a666e1e6263059a660801b53c4ba30d/screenshot - {}
RESULT: {"text":"1000002"}
COMMAND: GET /session/3a666e1e6263059a660801b53c4ba30d/screenshot - {}
RESULT: {}
RESULT: {}
COMMAND: POST /session/3a666e1e6263059a660801b53c4ba30d/actions - {"actions":[{"id":"action15","type":"key","parameters":{},"actions":[{"type":"keyDown","value":""},{"type":"pause","duration":10},{"type":"keyUp","value":""}]}]}
RESULT: {"actions":[{"id":"action15","type":"key","parameters":{},"actions":[{"type":"keyDown","value":""},{"type":"pause","duration":10},{"type":"keyUp","value":""}]}]}
COMMAND: POST /session/3a666e1e6263059a660801b53c4ba30d/execute/async - {"script":"<script> [1562 bytes]","args":[{"selector":{"controlType":"sap.m.Input","viewName":"etm.portal.ui.managerequests.view.NewRequest","bindingPath":{"path":"","propertyPath":"/Tags","modelName":"catalogModel"},"ancestor":{"controlType":"sap.m.ColumnListItem","viewName":"etm.portal.ui.managerequests.view.NewRequest","bindingPath":{"modelName":"newRequestItems","path":"/RequestItems/0"},"ancestor":{"id":"requestItemsTable","viewName":"etm.portal.ui.managerequests.view.NewRequest"}},"interaction":{"idSuffix":"inner"}},"wdio_ui5_key":"etmportal.ui.managerequests.view.NewRequestsap.m.Input{\"path\":\"\",\"propertyPath\":\"/Tags\",\"modelName\":\"catalogModel\"}{\"controlType\":\"sap.m.ColumnListItem\",\"viewName\":\"etm.portal.ui.managerequests.view.NewRequest\",\"bindingPath\":{\"modelName\":\"newRequestItems\",\"path\":\"/RequestItems/0\"},\"ancestor\":{\"id\":\"requestItemsTable\",\"viewName\":\"etm.portal.ui.managerequests.view.NewRequest\"}}"}]}
COMMAND: GET /session/3a666e1e6263059a660801b53c4ba30d/screenshot - {}
RESULT: {"script":"<script> [1562 bytes]","args":[{"selector":{"controlType":"sap.m.Input","viewName":"etm.portal.ui.managerequests.view.NewRequest","bindingPath":{"path":"","propertyPath":"/Tags","modelName":"catalogModel"},"ancestor":{"controlType":"sap.m.ColumnListItem","viewName":"etm.portal.ui.managerequests.view.NewRequest","bindingPath":{"modelName":"newRequestItems","path":"/RequestItems/0"},"ancestor":{"id":"requestItemsTable","viewName":"etm.portal.ui.managerequests.view.NewRequest"}},"interaction":{"idSuffix":"inner"}},"wdio_ui5_key":"etmportal.ui.managerequests.view.NewRequestsap.m.Input{\"path\":\"\",\"propertyPath\":\"/Tags\",\"modelName\":\"catalogModel\"}{\"controlType\":\"sap.m.ColumnListItem\",\"viewName\":\"etm.portal.ui.managerequests.view.NewRequest\",\"bindingPath\":{\"modelName\":\"newRequestItems\",\"path\":\"/RequestItems/0\"},\"ancestor\":{\"id\":\"requestItemsTable\",\"viewName\":\"etm.portal.ui.managerequests.view.NewRequest\"}}"}]}
RESULT: undefined
COMMAND: POST /session/3a666e1e6263059a660801b53c4ba30d/execute/async - {"script":"<script> [776 bytes]","args":[{"enterText":"tag1","selector":{"controlType":"sap.m.Input","viewName":"etm.portal.ui.managerequests.view.NewRequest","bindingPath":{"path":"","propertyPath":"/Tags","modelName":"catalogModel"},"ancestor":{"controlType":"sap.m.ColumnListItem","viewName":"etm.portal.ui.managerequests.view.NewRequest","bindingPath":{"modelName":"newRequestItems","path":"/RequestItems/0"},"ancestor":{"id":"requestItemsTable","viewName":"etm.portal.ui.managerequests.view.NewRequest"}},"interaction":{"idSuffix":"inner"}},"clearTextFirst":true,"interactionType":"ENTER_TEXT"}]}
RESULT: {}
RESULT: {"script":"<script> [776 bytes]","args":[{"enterText":"tag1","selector":{"controlType":"sap.m.Input","viewName":"etm.portal.ui.managerequests.view.NewRequest","bindingPath":{"path":"","propertyPath":"/Tags","modelName":"catalogModel"},"ancestor":{"controlType":"sap.m.ColumnListItem","viewName":"etm.portal.ui.managerequests.view.NewRequest","bindingPath":{"modelName":"newRequestItems","path":"/RequestItems/0"},"ancestor":{"id":"requestItemsTable","viewName":"etm.portal.ui.managerequests.view.NewRequest"}},"interaction":{"idSuffix":"inner"}},"clearTextFirst":true,"interactionType":"ENTER_TEXT"}]}
COMMAND: POST /session/3a666e1e6263059a660801b53c4ba30d/actions - {"actions":[{"id":"action16","type":"key","parameters":{},"actions":[{"type":"keyDown","value":""},{"type":"pause","duration":10},{"type":"keyUp","value":""}]}]}
RESULT: {"actions":[{"id":"action16","type":"key","parameters":{},"actions":[{"type":"keyDown","value":""},{"type":"pause","duration":10},{"type":"keyUp","value":""}]}]}
RESULT: undefined
COMMAND: POST /session/3a666e1e6263059a660801b53c4ba30d/execute/async - {"script":"<script> [776 bytes]","args":[{"enterText":"tag-duplicate","selector":{"controlType":"sap.m.Input","viewName":"etm.portal.ui.managerequests.view.NewRequest","bindingPath":{"path":"","propertyPath":"/Tags","modelName":"catalogModel"},"ancestor":{"controlType":"sap.m.ColumnListItem","viewName":"etm.portal.ui.managerequests.view.NewRequest","bindingPath":{"modelName":"newRequestItems","path":"/RequestItems/0"},"ancestor":{"id":"requestItemsTable","viewName":"etm.portal.ui.managerequests.view.NewRequest"}},"interaction":{"idSuffix":"inner"}},"clearTextFirst":true,"interactionType":"ENTER_TEXT"}]}
COMMAND: GET /session/3a666e1e6263059a660801b53c4ba30d/screenshot - {}
RESULT: {"script":"<script> [776 bytes]","args":[{"enterText":"tag-duplicate","selector":{"controlType":"sap.m.Input","viewName":"etm.portal.ui.managerequests.view.NewRequest","bindingPath":{"path":"","propertyPath":"/Tags","modelName":"catalogModel"},"ancestor":{"controlType":"sap.m.ColumnListItem","viewName":"etm.portal.ui.managerequests.view.NewRequest","bindingPath":{"modelName":"newRequestItems","path":"/RequestItems/0"},"ancestor":{"id":"requestItemsTable","viewName":"etm.portal.ui.managerequests.view.NewRequest"}},"interaction":{"idSuffix":"inner"}},"clearTextFirst":true,"interactionType":"ENTER_TEXT"}]}
RESULT: {}
COMMAND: POST /session/3a666e1e6263059a660801b53c4ba30d/actions - {"actions":[{"id":"action17","type":"key","parameters":{},"actions":[{"type":"keyDown","value":""},{"type":"pause","duration":10},{"type":"keyUp","value":""}]}]}
RESULT: {"actions":[{"id":"action17","type":"key","parameters":{},"actions":[{"type":"keyDown","value":""},{"type":"pause","duration":10},{"type":"keyUp","value":""}]}]}
COMMAND: GET /session/3a666e1e6263059a660801b53c4ba30d/screenshot - {}
RESULT: {}
COMMAND: POST /session/3a666e1e6263059a660801b53c4ba30d/execute/async - {"script":"<script> [1562 bytes]","args":[{"selector":{"controlType":"sap.m.Input","viewName":"etm.portal.ui.managerequests.view.NewRequest","bindingPath":{"path":"","propertyPath":"/Tags","modelName":"catalogModel"},"ancestor":{"controlType":"sap.m.ColumnListItem","viewName":"etm.portal.ui.managerequests.view.NewRequest","bindingPath":{"modelName":"newRequestItems","path":"/RequestItems/1"},"ancestor":{"id":"requestItemsTable","viewName":"etm.portal.ui.managerequests.view.NewRequest"}},"interaction":{"idSuffix":"inner"}},"wdio_ui5_key":"etmportal.ui.managerequests.view.NewRequestsap.m.Input{\"path\":\"\",\"propertyPath\":\"/Tags\",\"modelName\":\"catalogModel\"}{\"controlType\":\"sap.m.ColumnListItem\",\"viewName\":\"etm.portal.ui.managerequests.view.NewRequest\",\"bindingPath\":{\"modelName\":\"newRequestItems\",\"path\":\"/RequestItems/1\"},\"ancestor\":{\"id\":\"requestItemsTable\",\"viewName\":\"etm.portal.ui.managerequests.view.NewRequest\"}}"}]}
RESULT: {"script":"<script> [1562 bytes]","args":[{"selector":{"controlType":"sap.m.Input","viewName":"etm.portal.ui.managerequests.view.NewRequest","bindingPath":{"path":"","propertyPath":"/Tags","modelName":"catalogModel"},"ancestor":{"controlType":"sap.m.ColumnListItem","viewName":"etm.portal.ui.managerequests.view.NewRequest","bindingPath":{"modelName":"newRequestItems","path":"/RequestItems/1"},"ancestor":{"id":"requestItemsTable","viewName":"etm.portal.ui.managerequests.view.NewRequest"}},"interaction":{"idSuffix":"inner"}},"wdio_ui5_key":"etmportal.ui.managerequests.view.NewRequestsap.m.Input{\"path\":\"\",\"propertyPath\":\"/Tags\",\"modelName\":\"catalogModel\"}{\"controlType\":\"sap.m.ColumnListItem\",\"viewName\":\"etm.portal.ui.managerequests.view.NewRequest\",\"bindingPath\":{\"modelName\":\"newRequestItems\",\"path\":\"/RequestItems/1\"},\"ancestor\":{\"id\":\"requestItemsTable\",\"viewName\":\"etm.portal.ui.managerequests.view.NewRequest\"}}"}]}
RESULT: undefined
COMMAND: POST /session/3a666e1e6263059a660801b53c4ba30d/execute/async - {"script":"<script> [776 bytes]","args":[{"enterText":"tag1","selector":{"controlType":"sap.m.Input","viewName":"etm.portal.ui.managerequests.view.NewRequest","bindingPath":{"path":"","propertyPath":"/Tags","modelName":"catalogModel"},"ancestor":{"controlType":"sap.m.ColumnListItem","viewName":"etm.portal.ui.managerequests.view.NewRequest","bindingPath":{"modelName":"newRequestItems","path":"/RequestItems/1"},"ancestor":{"id":"requestItemsTable","viewName":"etm.portal.ui.managerequests.view.NewRequest"}},"interaction":{"idSuffix":"inner"}},"clearTextFirst":true,"interactionType":"ENTER_TEXT"}]}
RESULT: {"script":"<script> [776 bytes]","args":[{"enterText":"tag1","selector":{"controlType":"sap.m.Input","viewName":"etm.portal.ui.managerequests.view.NewRequest","bindingPath":{"path":"","propertyPath":"/Tags","modelName":"catalogModel"},"ancestor":{"controlType":"sap.m.ColumnListItem","viewName":"etm.portal.ui.managerequests.view.NewRequest","bindingPath":{"modelName":"newRequestItems","path":"/RequestItems/1"},"ancestor":{"id":"requestItemsTable","viewName":"etm.portal.ui.managerequests.view.NewRequest"}},"interaction":{"idSuffix":"inner"}},"clearTextFirst":true,"interactionType":"ENTER_TEXT"}]}
COMMAND: POST /session/3a666e1e6263059a660801b53c4ba30d/actions - {"actions":[{"id":"action18","type":"key","parameters":{},"actions":[{"type":"keyDown","value":""},{"type":"pause","duration":10},{"type":"keyUp","value":""}]}]}
RESULT: {"actions":[{"id":"action18","type":"key","parameters":{},"actions":[{"type":"keyDown","value":""},{"type":"pause","duration":10},{"type":"keyUp","value":""}]}]}
RESULT: undefined
COMMAND: POST /session/3a666e1e6263059a660801b53c4ba30d/execute/async - {"script":"<script> [776 bytes]","args":[{"enterText":"tag-duplicate","selector":{"controlType":"sap.m.Input","viewName":"etm.portal.ui.managerequests.view.NewRequest","bindingPath":{"path":"","propertyPath":"/Tags","modelName":"catalogModel"},"ancestor":{"controlType":"sap.m.ColumnListItem","viewName":"etm.portal.ui.managerequests.view.NewRequest","bindingPath":{"modelName":"newRequestItems","path":"/RequestItems/1"},"ancestor":{"id":"requestItemsTable","viewName":"etm.portal.ui.managerequests.view.NewRequest"}},"interaction":{"idSuffix":"inner"}},"clearTextFirst":true,"interactionType":"ENTER_TEXT"}]}
COMMAND: GET /session/3a666e1e6263059a660801b53c4ba30d/screenshot - {}
RESULT: {"script":"<script> [776 bytes]","args":[{"enterText":"tag-duplicate","selector":{"controlType":"sap.m.Input","viewName":"etm.portal.ui.managerequests.view.NewRequest","bindingPath":{"path":"","propertyPath":"/Tags","modelName":"catalogModel"},"ancestor":{"controlType":"sap.m.ColumnListItem","viewName":"etm.portal.ui.managerequests.view.NewRequest","bindingPath":{"modelName":"newRequestItems","path":"/RequestItems/1"},"ancestor":{"id":"requestItemsTable","viewName":"etm.portal.ui.managerequests.view.NewRequest"}},"interaction":{"idSuffix":"inner"}},"clearTextFirst":true,"interactionType":"ENTER_TEXT"}]}
RESULT: {}
COMMAND: POST /session/3a666e1e6263059a660801b53c4ba30d/actions - {"actions":[{"id":"action19","type":"key","parameters":{},"actions":[{"type":"keyDown","value":""},{"type":"pause","duration":10},{"type":"keyUp","value":""}]}]}
RESULT: {"actions":[{"id":"action19","type":"key","parameters":{},"actions":[{"type":"keyDown","value":""},{"type":"pause","duration":10},{"type":"keyUp","value":""}]}]}
COMMAND: GET /session/3a666e1e6263059a660801b53c4ba30d/screenshot - {}
RESULT: {}
COMMAND: POST /session/3a666e1e6263059a660801b53c4ba30d/execute/async - {"script":"<script> [1562 bytes]","args":[{"selector":{"controlType":"sap.ui.core.Icon","viewName":"etm.portal.ui.managerequests.view.NewRequest","properties":{"src":{"regex":{"source":"slim\\-arrow\\-down"}}},"ancestor":{"controlType":"sap.m.Button","viewName":"etm.portal.ui.managerequests.view.NewRequest","properties":{"icon":"sap-icon://slim-arrow-down"}}},"wdio_ui5_key":"etmportal.ui.managerequests.view.NewRequestsap.ui.core.Icon{\"src\":{\"regex\":{\"source\":\"slim\\\\-arrow\\\\-down\"}}}{\"controlType\":\"sap.m.Button\",\"viewName\":\"etm.portal.ui.managerequests.view.NewRequest\",\"properties\":{\"icon\":\"sap-icon://slim-arrow-down\"}}"}]}
RESULT: {"script":"<script> [1562 bytes]","args":[{"selector":{"controlType":"sap.ui.core.Icon","viewName":"etm.portal.ui.managerequests.view.NewRequest","properties":{"src":{"regex":{"source":"slim\\-arrow\\-down"}}},"ancestor":{"controlType":"sap.m.Button","viewName":"etm.portal.ui.managerequests.view.NewRequest","properties":{"icon":"sap-icon://slim-arrow-down"}}},"wdio_ui5_key":"etmportal.ui.managerequests.view.NewRequestsap.ui.core.Icon{\"src\":{\"regex\":{\"source\":\"slim\\\\-arrow\\\\-down\"}}}{\"controlType\":\"sap.m.Button\",\"viewName\":\"etm.portal.ui.managerequests.view.NewRequest\",\"properties\":{\"icon\":\"sap-icon://slim-arrow-down\"}}"}]}
RESULT: undefined
COMMAND: POST /session/3a666e1e6263059a660801b53c4ba30d/element - {"using":"xpath","value":"//*[@id=\"__title21-expandBtn-img\"]"}
RESULT: {"using":"xpath","value":"//*[@id=\"__title21-expandBtn-img\"]"}
COMMAND: POST /session/3a666e1e6263059a660801b53c4ba30d/element/f.35BA612EB9C2194724D060812FEF357B.d.6D8F36EF40FE62712525E364A0581AB0.e.2998/click - {}
RESULT: {}
COMMAND: GET /session/3a666e1e6263059a660801b53c4ba30d/screenshot - {}
RESULT: {}
COMMAND: POST /session/3a666e1e6263059a660801b53c4ba30d/element - {"using":"xpath","value":"//div[contains(@data-kt ,\"splitAllocationObjectStatus\")]"}
RESULT: {"using":"xpath","value":"//div[contains(@data-kt ,\"splitAllocationObjectStatus\")]"}
COMMAND: POST /session/3a666e1e6263059a660801b53c4ba30d/elements - {"using":"xpath","value":"//div[contains(@data-kt ,\"splitAllocationObjectStatus\")]"}
RESULT: {"using":"xpath","value":"//div[contains(@data-kt ,\"splitAllocationObjectStatus\")]"}
COMMAND: POST /session/3a666e1e6263059a660801b53c4ba30d/execute/async - {"script":"<script> [1562 bytes]","args":[{"selector":{"controlType":"sap.ui.core.Icon","viewName":"etm.portal.ui.managerequests.view.NewRequest","properties":{"src":{"regex":{"source":"message\\-error"}}},"ancestor":{"controlType":"sap.m.ColumnListItem","viewName":"etm.portal.ui.managerequests.view.NewRequest","bindingPath":{"modelName":"newRequestItems","path":"/RequestItems/0"},"ancestor":{"id":"requestItemsTable","viewName":"etm.portal.ui.managerequests.view.NewRequest"}}},"wdio_ui5_key":"etmportal.ui.managerequests.view.NewRequestsap.ui.core.Icon{\"src\":{\"regex\":{\"source\":\"message\\\\-error\"}}}{\"controlType\":\"sap.m.ColumnListItem\",\"viewName\":\"etm.portal.ui.managerequests.view.NewRequest\",\"bindingPath\":{\"modelName\":\"newRequestItems\",\"path\":\"/RequestItems/0\"},\"ancestor\":{\"id\":\"requestItemsTable\",\"viewName\":\"etm.portal.ui.managerequests.view.NewRequest\"}}"}]}
RESULT: {"script":"<script> [1562 bytes]","args":[{"selector":{"controlType":"sap.ui.core.Icon","viewName":"etm.portal.ui.managerequests.view.NewRequest","properties":{"src":{"regex":{"source":"message\\-error"}}},"ancestor":{"controlType":"sap.m.ColumnListItem","viewName":"etm.portal.ui.managerequests.view.NewRequest","bindingPath":{"modelName":"newRequestItems","path":"/RequestItems/0"},"ancestor":{"id":"requestItemsTable","viewName":"etm.portal.ui.managerequests.view.NewRequest"}}},"wdio_ui5_key":"etmportal.ui.managerequests.view.NewRequestsap.ui.core.Icon{\"src\":{\"regex\":{\"source\":\"message\\\\-error\"}}}{\"controlType\":\"sap.m.ColumnListItem\",\"viewName\":\"etm.portal.ui.managerequests.view.NewRequest\",\"bindingPath\":{\"modelName\":\"newRequestItems\",\"path\":\"/RequestItems/0\"},\"ancestor\":{\"id\":\"requestItemsTable\",\"viewName\":\"etm.portal.ui.managerequests.view.NewRequest\"}}"}]}
RESULT: undefined
COMMAND: POST /session/3a666e1e6263059a660801b53c4ba30d/element - {"using":"xpath","value":"//*[@id=\"__status6-__xmlview59--requestItemsTable-0-icon\"]"}
RESULT: {"using":"xpath","value":"//*[@id=\"__status6-__xmlview59--requestItemsTable-0-icon\"]"}
COMMAND: POST /session/3a666e1e6263059a660801b53c4ba30d/element/f.35BA612EB9C2194724D060812FEF357B.d.6D8F36EF40FE62712525E364A0581AB0.e.2979/click - {}
RESULT: {}
COMMAND: GET /session/3a666e1e6263059a660801b53c4ba30d/screenshot - {}
RESULT: {}
COMMAND: POST /session/3a666e1e6263059a660801b53c4ba30d/execute/async - {"script":"<script> [1562 bytes]","args":[{"selector":{"id":"costObjectAdminTypeComboBox","viewName":"etm.portal.ui.managerequests.view.NewRequest","searchOpenDialogs":true,"interaction":{"idSuffix":"inner"}},"wdio_ui5_key":"costObjectAdminTypeComboBoxetmportal.ui.managerequests.view.NewRequest"}]}
RESULT: {"script":"<script> [1562 bytes]","args":[{"selector":{"id":"costObjectAdminTypeComboBox","viewName":"etm.portal.ui.managerequests.view.NewRequest","searchOpenDialogs":true,"interaction":{"idSuffix":"inner"}},"wdio_ui5_key":"costObjectAdminTypeComboBoxetmportal.ui.managerequests.view.NewRequest"}]}
RESULT: undefined
COMMAND: POST /session/3a666e1e6263059a660801b53c4ba30d/execute/async - {"script":"<script> [776 bytes]","args":[{"enterText":"Cost Center","selector":{"id":"costObjectAdminTypeComboBox","viewName":"etm.portal.ui.managerequests.view.NewRequest","searchOpenDialogs":true,"interaction":{"idSuffix":"inner"}},"clearTextFirst":true,"interactionType":"ENTER_TEXT"}]}
RESULT: {"script":"<script> [776 bytes]","args":[{"enterText":"Cost Center","selector":{"id":"costObjectAdminTypeComboBox","viewName":"etm.portal.ui.managerequests.view.NewRequest","searchOpenDialogs":true,"interaction":{"idSuffix":"inner"}},"clearTextFirst":true,"interactionType":"ENTER_TEXT"}]}
COMMAND: POST /session/3a666e1e6263059a660801b53c4ba30d/actions - {"actions":[{"id":"action20","type":"key","parameters":{},"actions":[{"type":"keyDown","value":""},{"type":"pause","duration":10},{"type":"keyUp","value":""}]}]}
RESULT: {"actions":[{"id":"action20","type":"key","parameters":{},"actions":[{"type":"keyDown","value":""},{"type":"pause","duration":10},{"type":"keyUp","value":""}]}]}
COMMAND: GET /session/3a666e1e6263059a660801b53c4ba30d/screenshot - {}
RESULT: {}
COMMAND: POST /session/3a666e1e6263059a660801b53c4ba30d/execute/async - {"script":"<script> [1562 bytes]","args":[{"selector":{"id":"costObjectIdComboBox","viewName":"etm.portal.ui.managerequests.view.NewRequest","searchOpenDialogs":true,"interaction":{"idSuffix":"inner"}},"wdio_ui5_key":"costObjectIdComboBoxetmportal.ui.managerequests.view.NewRequest"}]}
RESULT: {"script":"<script> [1562 bytes]","args":[{"selector":{"id":"costObjectIdComboBox","viewName":"etm.portal.ui.managerequests.view.NewRequest","searchOpenDialogs":true,"interaction":{"idSuffix":"inner"}},"wdio_ui5_key":"costObjectIdComboBoxetmportal.ui.managerequests.view.NewRequest"}]}
RESULT: undefined
COMMAND: POST /session/3a666e1e6263059a660801b53c4ba30d/execute/async - {"script":"<script> [776 bytes]","args":[{"enterText":"1001 - 1001","selector":{"id":"costObjectIdComboBox","viewName":"etm.portal.ui.managerequests.view.NewRequest","searchOpenDialogs":true,"interaction":{"idSuffix":"inner"}},"clearTextFirst":true,"interactionType":"ENTER_TEXT"}]}
RESULT: {"script":"<script> [776 bytes]","args":[{"enterText":"1001 - 1001","selector":{"id":"costObjectIdComboBox","viewName":"etm.portal.ui.managerequests.view.NewRequest","searchOpenDialogs":true,"interaction":{"idSuffix":"inner"}},"clearTextFirst":true,"interactionType":"ENTER_TEXT"}]}
COMMAND: POST /session/3a666e1e6263059a660801b53c4ba30d/actions - {"actions":[{"id":"action21","type":"key","parameters":{},"actions":[{"type":"keyDown","value":""},{"type":"pause","duration":10},{"type":"keyUp","value":""}]}]}
RESULT: {"actions":[{"id":"action21","type":"key","parameters":{},"actions":[{"type":"keyDown","value":""},{"type":"pause","duration":10},{"type":"keyUp","value":""}]}]}
COMMAND: GET /session/3a666e1e6263059a660801b53c4ba30d/screenshot - {}
RESULT: {}
COMMAND: POST /session/3a666e1e6263059a660801b53c4ba30d/element - {"using":"xpath","value":"(//bdi[(text() = 'Save' or . = 'Save')])[1]"}
RESULT: {"using":"xpath","value":"(//bdi[(text() = 'Save' or . = 'Save')])[1]"}
COMMAND: POST /session/3a666e1e6263059a660801b53c4ba30d/element/f.35BA612EB9C2194724D060812FEF357B.d.6D8F36EF40FE62712525E364A0581AB0.e.3019/click - {}
RESULT: {}
COMMAND: POST /session/3a666e1e6263059a660801b53c4ba30d/execute/async - {"script":"<script> [1562 bytes]","args":[{"selector":{"controlType":"sap.ui.core.Icon","viewName":"etm.portal.ui.managerequests.view.NewRequest","properties":{"src":{"regex":{"source":"message\\-error"}}},"ancestor":{"controlType":"sap.m.ColumnListItem","viewName":"etm.portal.ui.managerequests.view.NewRequest","bindingPath":{"modelName":"newRequestItems","path":"/RequestItems/1"},"ancestor":{"id":"requestItemsTable","viewName":"etm.portal.ui.managerequests.view.NewRequest"}}},"wdio_ui5_key":"etmportal.ui.managerequests.view.NewRequestsap.ui.core.Icon{\"src\":{\"regex\":{\"source\":\"message\\\\-error\"}}}{\"controlType\":\"sap.m.ColumnListItem\",\"viewName\":\"etm.portal.ui.managerequests.view.NewRequest\",\"bindingPath\":{\"modelName\":\"newRequestItems\",\"path\":\"/RequestItems/1\"},\"ancestor\":{\"id\":\"requestItemsTable\",\"viewName\":\"etm.portal.ui.managerequests.view.NewRequest\"}}"}]}
COMMAND: GET /session/3a666e1e6263059a660801b53c4ba30d/screenshot - {}
RESULT: {"script":"<script> [1562 bytes]","args":[{"selector":{"controlType":"sap.ui.core.Icon","viewName":"etm.portal.ui.managerequests.view.NewRequest","properties":{"src":{"regex":{"source":"message\\-error"}}},"ancestor":{"controlType":"sap.m.ColumnListItem","viewName":"etm.portal.ui.managerequests.view.NewRequest","bindingPath":{"modelName":"newRequestItems","path":"/RequestItems/1"},"ancestor":{"id":"requestItemsTable","viewName":"etm.portal.ui.managerequests.view.NewRequest"}}},"wdio_ui5_key":"etmportal.ui.managerequests.view.NewRequestsap.ui.core.Icon{\"src\":{\"regex\":{\"source\":\"message\\\\-error\"}}}{\"controlType\":\"sap.m.ColumnListItem\",\"viewName\":\"etm.portal.ui.managerequests.view.NewRequest\",\"bindingPath\":{\"modelName\":\"newRequestItems\",\"path\":\"/RequestItems/1\"},\"ancestor\":{\"id\":\"requestItemsTable\",\"viewName\":\"etm.portal.ui.managerequests.view.NewRequest\"}}"}]}
RESULT: undefined
COMMAND: POST /session/3a666e1e6263059a660801b53c4ba30d/element - {"using":"xpath","value":"//*[@id=\"__status6-__xmlview59--requestItemsTable-1-icon\"]"}
RESULT: {}
RESULT: {"using":"xpath","value":"//*[@id=\"__status6-__xmlview59--requestItemsTable-1-icon\"]"}
COMMAND: POST /session/3a666e1e6263059a660801b53c4ba30d/element/f.35BA612EB9C2194724D060812FEF357B.d.6D8F36EF40FE62712525E364A0581AB0.e.2996/click - {}
RESULT: {}
COMMAND: GET /session/3a666e1e6263059a660801b53c4ba30d/screenshot - {}
RESULT: {}
RESULT: undefined
COMMAND: POST /session/3a666e1e6263059a660801b53c4ba30d/execute/async - {"script":"<script> [776 bytes]","args":[{"enterText":"Cost Center","selector":{"id":"costObjectAdminTypeComboBox","viewName":"etm.portal.ui.managerequests.view.NewRequest","searchOpenDialogs":true,"interaction":{"idSuffix":"inner"}},"clearTextFirst":true,"interactionType":"ENTER_TEXT"}]}
RESULT: {"script":"<script> [776 bytes]","args":[{"enterText":"Cost Center","selector":{"id":"costObjectAdminTypeComboBox","viewName":"etm.portal.ui.managerequests.view.NewRequest","searchOpenDialogs":true,"interaction":{"idSuffix":"inner"}},"clearTextFirst":true,"interactionType":"ENTER_TEXT"}]}
COMMAND: POST /session/3a666e1e6263059a660801b53c4ba30d/actions - {"actions":[{"id":"action22","type":"key","parameters":{},"actions":[{"type":"keyDown","value":""},{"type":"pause","duration":10},{"type":"keyUp","value":""}]}]}
RESULT: {"actions":[{"id":"action22","type":"key","parameters":{},"actions":[{"type":"keyDown","value":""},{"type":"pause","duration":10},{"type":"keyUp","value":""}]}]}
COMMAND: GET /session/3a666e1e6263059a660801b53c4ba30d/screenshot - {}
RESULT: {}
RESULT: undefined
COMMAND: POST /session/3a666e1e6263059a660801b53c4ba30d/execute/async - {"script":"<script> [776 bytes]","args":[{"enterText":"1001 - 1001","selector":{"id":"costObjectIdComboBox","viewName":"etm.portal.ui.managerequests.view.NewRequest","searchOpenDialogs":true,"interaction":{"idSuffix":"inner"}},"clearTextFirst":true,"interactionType":"ENTER_TEXT"}]}
RESULT: {"script":"<script> [776 bytes]","args":[{"enterText":"1001 - 1001","selector":{"id":"costObjectIdComboBox","viewName":"etm.portal.ui.managerequests.view.NewRequest","searchOpenDialogs":true,"interaction":{"idSuffix":"inner"}},"clearTextFirst":true,"interactionType":"ENTER_TEXT"}]}
COMMAND: POST /session/3a666e1e6263059a660801b53c4ba30d/actions - {"actions":[{"id":"action23","type":"key","parameters":{},"actions":[{"type":"keyDown","value":""},{"type":"pause","duration":10},{"type":"keyUp","value":""}]}]}
RESULT: {"actions":[{"id":"action23","type":"key","parameters":{},"actions":[{"type":"keyDown","value":""},{"type":"pause","duration":10},{"type":"keyUp","value":""}]}]}
COMMAND: GET /session/3a666e1e6263059a660801b53c4ba30d/screenshot - {}
RESULT: {}
COMMAND: POST /session/3a666e1e6263059a660801b53c4ba30d/element - {"using":"xpath","value":"(//bdi[(text() = 'Save' or . = 'Save')])[1]"}
RESULT: {"using":"xpath","value":"(//bdi[(text() = 'Save' or . = 'Save')])[1]"}
COMMAND: POST /session/3a666e1e6263059a660801b53c4ba30d/element/f.35BA612EB9C2194724D060812FEF357B.d.6D8F36EF40FE62712525E364A0581AB0.e.3034/click - {}
RESULT: {}
COMMAND: POST /session/3a666e1e6263059a660801b53c4ba30d/execute/async - {"script":"<script> [1562 bytes]","args":[{"selector":{"controlType":"sap.ui.core.Icon","viewName":"etm.portal.ui.managerequests.view.NewRequest","properties":{"src":{"regex":{"source":"decline"}}},"ancestor":{"controlType":"sap.m.Token","viewName":"etm.portal.ui.managerequests.view.NewRequest","bindingPath":{"path":"/RequestItems/0/TOKENS/0","propertyPath":"TAG","modelName":"newRequestItems"}}},"wdio_ui5_key":"etmportal.ui.managerequests.view.NewRequestsap.ui.core.Icon{\"src\":{\"regex\":{\"source\":\"decline\"}}}{\"controlType\":\"sap.m.Token\",\"viewName\":\"etm.portal.ui.managerequests.view.NewRequest\",\"bindingPath\":{\"path\":\"/RequestItems/0/TOKENS/0\",\"propertyPath\":\"TAG\",\"modelName\":\"newRequestItems\"}}"}]}
COMMAND: GET /session/3a666e1e6263059a660801b53c4ba30d/screenshot - {}
RESULT: {"script":"<script> [1562 bytes]","args":[{"selector":{"controlType":"sap.ui.core.Icon","viewName":"etm.portal.ui.managerequests.view.NewRequest","properties":{"src":{"regex":{"source":"decline"}}},"ancestor":{"controlType":"sap.m.Token","viewName":"etm.portal.ui.managerequests.view.NewRequest","bindingPath":{"path":"/RequestItems/0/TOKENS/0","propertyPath":"TAG","modelName":"newRequestItems"}}},"wdio_ui5_key":"etmportal.ui.managerequests.view.NewRequestsap.ui.core.Icon{\"src\":{\"regex\":{\"source\":\"decline\"}}}{\"controlType\":\"sap.m.Token\",\"viewName\":\"etm.portal.ui.managerequests.view.NewRequest\",\"bindingPath\":{\"path\":\"/RequestItems/0/TOKENS/0\",\"propertyPath\":\"TAG\",\"modelName\":\"newRequestItems\"}}"}]}
RESULT: undefined
COMMAND: POST /session/3a666e1e6263059a660801b53c4ba30d/element - {"using":"xpath","value":"//*[@id=\"__token7-__tokenizer62-__xmlview59--requestItemsTable-0-0-icon\"]"}
RESULT: {}
RESULT: {"using":"xpath","value":"//*[@id=\"__token7-__tokenizer62-__xmlview59--requestItemsTable-0-0-icon\"]"}
COMMAND: POST /session/3a666e1e6263059a660801b53c4ba30d/element/f.35BA612EB9C2194724D060812FEF357B.d.6D8F36EF40FE62712525E364A0581AB0.e.3036/click - {}
RESULT: {}
COMMAND: GET /session/3a666e1e6263059a660801b53c4ba30d/screenshot - {}
RESULT: {}
COMMAND: POST /session/3a666e1e6263059a660801b53c4ba30d/actions - {"actions":[{"id":"action24","type":"key","parameters":{},"actions":[{"type":"keyDown","value":""},{"type":"pause","duration":10},{"type":"keyUp","value":""}]}]}
RESULT: {"actions":[{"id":"action24","type":"key","parameters":{},"actions":[{"type":"keyDown","value":""},{"type":"pause","duration":10},{"type":"keyUp","value":""}]}]}
COMMAND: GET /session/3a666e1e6263059a660801b53c4ba30d/screenshot - {}
RESULT: {}
COMMAND: POST /session/3a666e1e6263059a660801b53c4ba30d/execute/async - {"script":"<script> [1562 bytes]","args":[{"selector":{"controlType":"sap.m.Tokenizer","viewName":"etm.portal.ui.managerequests.view.NewRequest","bindingPath":{"path":"/RequestItems/0","propertyPath":"TOKENS","modelName":"newRequestItems"}},"wdio_ui5_key":"etmportal.ui.managerequests.view.NewRequestsap.m.Tokenizer{\"path\":\"/RequestItems/0\",\"propertyPath\":\"TOKENS\",\"modelName\":\"newRequestItems\"}"}]}
RESULT: {"script":"<script> [1562 bytes]","args":[{"selector":{"controlType":"sap.m.Tokenizer","viewName":"etm.portal.ui.managerequests.view.NewRequest","bindingPath":{"path":"/RequestItems/0","propertyPath":"TOKENS","modelName":"newRequestItems"}},"wdio_ui5_key":"etmportal.ui.managerequests.view.NewRequestsap.m.Tokenizer{\"path\":\"/RequestItems/0\",\"propertyPath\":\"TOKENS\",\"modelName\":\"newRequestItems\"}"}]}
RESULT: undefined
COMMAND: POST /session/3a666e1e6263059a660801b53c4ba30d/execute/async - {"script":"<script> [6424 bytes]","args":[{"element-6066-11e4-a52e-4f735466cecf":"f.35BA612EB9C2194724D060812FEF357B.d.6D8F36EF40FE62712525E364A0581AB0.e.3044"},"getTokens",[]]}
RESULT: {"script":"<script> [6424 bytes]","args":[{"element-6066-11e4-a52e-4f735466cecf":"f.35BA612EB9C2194724D060812FEF357B.d.6D8F36EF40FE62712525E364A0581AB0.e.3044"},"getTokens",[]]}
COMMAND: POST /session/3a666e1e6263059a660801b53c4ba30d/execute/async - {"script":"<script> [1562 bytes]","args":[{"wdio_ui5_key":"__token7-__tokenizer62-__xmlview59--requestItemsTable-0-0","selector":{"id":"__token7-__tokenizer62-__xmlview59--requestItemsTable-0-0"}}]}
RESULT: {"script":"<script> [1562 bytes]","args":[{"wdio_ui5_key":"__token7-__tokenizer62-__xmlview59--requestItemsTable-0-0","selector":{"id":"__token7-__tokenizer62-__xmlview59--requestItemsTable-0-0"}}]}
RESULT: undefined
RESULT: undefined
COMMAND: POST /session/3a666e1e6263059a660801b53c4ba30d/execute/async - {"script":"<script> [776 bytes]","args":[{"enterText":"tagRequest1","selector":{"controlType":"sap.m.Input","viewName":"etm.portal.ui.managerequests.view.NewRequest","bindingPath":{"path":"","propertyPath":"/Tags","modelName":"catalogModel"},"ancestor":{"controlType":"sap.m.ColumnListItem","viewName":"etm.portal.ui.managerequests.view.NewRequest","bindingPath":{"modelName":"newRequestItems","path":"/RequestItems/0"},"ancestor":{"id":"requestItemsTable","viewName":"etm.portal.ui.managerequests.view.NewRequest"}},"interaction":{"idSuffix":"inner"}},"clearTextFirst":true,"interactionType":"ENTER_TEXT"}]}
RESULT: {"script":"<script> [776 bytes]","args":[{"enterText":"tagRequest1","selector":{"controlType":"sap.m.Input","viewName":"etm.portal.ui.managerequests.view.NewRequest","bindingPath":{"path":"","propertyPath":"/Tags","modelName":"catalogModel"},"ancestor":{"controlType":"sap.m.ColumnListItem","viewName":"etm.portal.ui.managerequests.view.NewRequest","bindingPath":{"modelName":"newRequestItems","path":"/RequestItems/0"},"ancestor":{"id":"requestItemsTable","viewName":"etm.portal.ui.managerequests.view.NewRequest"}},"interaction":{"idSuffix":"inner"}},"clearTextFirst":true,"interactionType":"ENTER_TEXT"}]}
COMMAND: POST /session/3a666e1e6263059a660801b53c4ba30d/actions - {"actions":[{"id":"action25","type":"key","parameters":{},"actions":[{"type":"keyDown","value":""},{"type":"pause","duration":10},{"type":"keyUp","value":""}]}]}
RESULT: {"actions":[{"id":"action25","type":"key","parameters":{},"actions":[{"type":"keyDown","value":""},{"type":"pause","duration":10},{"type":"keyUp","value":""}]}]}
COMMAND: GET /session/3a666e1e6263059a660801b53c4ba30d/screenshot - {}
RESULT: {}
RESULT: undefined
COMMAND: POST /session/3a666e1e6263059a660801b53c4ba30d/execute/async - {"script":"<script> [6424 bytes]","args":[{"element-6066-11e4-a52e-4f735466cecf":"f.35BA612EB9C2194724D060812FEF357B.d.6D8F36EF40FE62712525E364A0581AB0.e.3044"},"getTokens",[]]}
RESULT: {"script":"<script> [6424 bytes]","args":[{"element-6066-11e4-a52e-4f735466cecf":"f.35BA612EB9C2194724D060812FEF357B.d.6D8F36EF40FE62712525E364A0581AB0.e.3044"},"getTokens",[]]}
COMMAND: POST /session/3a666e1e6263059a660801b53c4ba30d/execute/async - {"script":"<script> [1562 bytes]","args":[{"wdio_ui5_key":"__token7-__tokenizer62-__xmlview59--requestItemsTable-0-1","selector":{"id":"__token7-__tokenizer62-__xmlview59--requestItemsTable-0-1"}}]}
RESULT: undefined
RESULT: {"script":"<script> [1562 bytes]","args":[{"wdio_ui5_key":"__token7-__tokenizer62-__xmlview59--requestItemsTable-0-1","selector":{"id":"__token7-__tokenizer62-__xmlview59--requestItemsTable-0-1"}}]}
RESULT: undefined
COMMAND: POST /session/3a666e1e6263059a660801b53c4ba30d/execute/async - {"script":"<script> [1562 bytes]","args":[{"selector":{"controlType":"sap.ui.core.Icon","viewName":"etm.portal.ui.managerequests.view.NewRequest","properties":{"src":{"regex":{"source":"decline"}}},"ancestor":{"controlType":"sap.m.Token","viewName":"etm.portal.ui.managerequests.view.NewRequest","bindingPath":{"path":"/RequestItems/1/TOKENS/0","propertyPath":"TAG","modelName":"newRequestItems"}}},"wdio_ui5_key":"etmportal.ui.managerequests.view.NewRequestsap.ui.core.Icon{\"src\":{\"regex\":{\"source\":\"decline\"}}}{\"controlType\":\"sap.m.Token\",\"viewName\":\"etm.portal.ui.managerequests.view.NewRequest\",\"bindingPath\":{\"path\":\"/RequestItems/1/TOKENS/0\",\"propertyPath\":\"TAG\",\"modelName\":\"newRequestItems\"}}"}]}
RESULT: {"script":"<script> [1562 bytes]","args":[{"selector":{"controlType":"sap.ui.core.Icon","viewName":"etm.portal.ui.managerequests.view.NewRequest","properties":{"src":{"regex":{"source":"decline"}}},"ancestor":{"controlType":"sap.m.Token","viewName":"etm.portal.ui.managerequests.view.NewRequest","bindingPath":{"path":"/RequestItems/1/TOKENS/0","propertyPath":"TAG","modelName":"newRequestItems"}}},"wdio_ui5_key":"etmportal.ui.managerequests.view.NewRequestsap.ui.core.Icon{\"src\":{\"regex\":{\"source\":\"decline\"}}}{\"controlType\":\"sap.m.Token\",\"viewName\":\"etm.portal.ui.managerequests.view.NewRequest\",\"bindingPath\":{\"path\":\"/RequestItems/1/TOKENS/0\",\"propertyPath\":\"TAG\",\"modelName\":\"newRequestItems\"}}"}]}
RESULT: undefined
COMMAND: POST /session/3a666e1e6263059a660801b53c4ba30d/element - {"using":"xpath","value":"//*[@id=\"__token7-__tokenizer62-__xmlview59--requestItemsTable-1-0-icon\"]"}
RESULT: {"using":"xpath","value":"//*[@id=\"__token7-__tokenizer62-__xmlview59--requestItemsTable-1-0-icon\"]"}
COMMAND: POST /session/3a666e1e6263059a660801b53c4ba30d/element/f.35BA612EB9C2194724D060812FEF357B.d.6D8F36EF40FE62712525E364A0581AB0.e.3046/click - {}
RESULT: {}
COMMAND: GET /session/3a666e1e6263059a660801b53c4ba30d/screenshot - {}
RESULT: {}
COMMAND: POST /session/3a666e1e6263059a660801b53c4ba30d/actions - {"actions":[{"id":"action26","type":"key","parameters":{},"actions":[{"type":"keyDown","value":""},{"type":"pause","duration":10},{"type":"keyUp","value":""}]}]}
RESULT: {"actions":[{"id":"action26","type":"key","parameters":{},"actions":[{"type":"keyDown","value":""},{"type":"pause","duration":10},{"type":"keyUp","value":""}]}]}
COMMAND: GET /session/3a666e1e6263059a660801b53c4ba30d/screenshot - {}
RESULT: {}
COMMAND: POST /session/3a666e1e6263059a660801b53c4ba30d/execute/async - {"script":"<script> [1562 bytes]","args":[{"selector":{"controlType":"sap.m.Tokenizer","viewName":"etm.portal.ui.managerequests.view.NewRequest","bindingPath":{"path":"/RequestItems/1","propertyPath":"TOKENS","modelName":"newRequestItems"}},"wdio_ui5_key":"etmportal.ui.managerequests.view.NewRequestsap.m.Tokenizer{\"path\":\"/RequestItems/1\",\"propertyPath\":\"TOKENS\",\"modelName\":\"newRequestItems\"}"}]}
RESULT: {"script":"<script> [1562 bytes]","args":[{"selector":{"controlType":"sap.m.Tokenizer","viewName":"etm.portal.ui.managerequests.view.NewRequest","bindingPath":{"path":"/RequestItems/1","propertyPath":"TOKENS","modelName":"newRequestItems"}},"wdio_ui5_key":"etmportal.ui.managerequests.view.NewRequestsap.m.Tokenizer{\"path\":\"/RequestItems/1\",\"propertyPath\":\"TOKENS\",\"modelName\":\"newRequestItems\"}"}]}
RESULT: undefined
COMMAND: POST /session/3a666e1e6263059a660801b53c4ba30d/execute/async - {"script":"<script> [6424 bytes]","args":[{"element-6066-11e4-a52e-4f735466cecf":"f.35BA612EB9C2194724D060812FEF357B.d.6D8F36EF40FE62712525E364A0581AB0.e.3054"},"getTokens",[]]}
RESULT: {"script":"<script> [6424 bytes]","args":[{"element-6066-11e4-a52e-4f735466cecf":"f.35BA612EB9C2194724D060812FEF357B.d.6D8F36EF40FE62712525E364A0581AB0.e.3054"},"getTokens",[]]}
COMMAND: POST /session/3a666e1e6263059a660801b53c4ba30d/execute/async - {"script":"<script> [1562 bytes]","args":[{"wdio_ui5_key":"__token7-__tokenizer62-__xmlview59--requestItemsTable-1-0","selector":{"id":"__token7-__tokenizer62-__xmlview59--requestItemsTable-1-0"}}]}
RESULT: {"script":"<script> [1562 bytes]","args":[{"wdio_ui5_key":"__token7-__tokenizer62-__xmlview59--requestItemsTable-1-0","selector":{"id":"__token7-__tokenizer62-__xmlview59--requestItemsTable-1-0"}}]}
RESULT: undefined
RESULT: undefined
COMMAND: POST /session/3a666e1e6263059a660801b53c4ba30d/execute/async - {"script":"<script> [776 bytes]","args":[{"enterText":"tagRequest1","selector":{"controlType":"sap.m.Input","viewName":"etm.portal.ui.managerequests.view.NewRequest","bindingPath":{"path":"","propertyPath":"/Tags","modelName":"catalogModel"},"ancestor":{"controlType":"sap.m.ColumnListItem","viewName":"etm.portal.ui.managerequests.view.NewRequest","bindingPath":{"modelName":"newRequestItems","path":"/RequestItems/1"},"ancestor":{"id":"requestItemsTable","viewName":"etm.portal.ui.managerequests.view.NewRequest"}},"interaction":{"idSuffix":"inner"}},"clearTextFirst":true,"interactionType":"ENTER_TEXT"}]}
RESULT: {"script":"<script> [776 bytes]","args":[{"enterText":"tagRequest1","selector":{"controlType":"sap.m.Input","viewName":"etm.portal.ui.managerequests.view.NewRequest","bindingPath":{"path":"","propertyPath":"/Tags","modelName":"catalogModel"},"ancestor":{"controlType":"sap.m.ColumnListItem","viewName":"etm.portal.ui.managerequests.view.NewRequest","bindingPath":{"modelName":"newRequestItems","path":"/RequestItems/1"},"ancestor":{"id":"requestItemsTable","viewName":"etm.portal.ui.managerequests.view.NewRequest"}},"interaction":{"idSuffix":"inner"}},"clearTextFirst":true,"interactionType":"ENTER_TEXT"}]}
COMMAND: POST /session/3a666e1e6263059a660801b53c4ba30d/actions - {"actions":[{"id":"action27","type":"key","parameters":{},"actions":[{"type":"keyDown","value":""},{"type":"pause","duration":10},{"type":"keyUp","value":""}]}]}
RESULT: {"actions":[{"id":"action27","type":"key","parameters":{},"actions":[{"type":"keyDown","value":""},{"type":"pause","duration":10},{"type":"keyUp","value":""}]}]}
COMMAND: GET /session/3a666e1e6263059a660801b53c4ba30d/screenshot - {}
RESULT: {}
RESULT: undefined
COMMAND: POST /session/3a666e1e6263059a660801b53c4ba30d/execute/async - {"script":"<script> [6424 bytes]","args":[{"element-6066-11e4-a52e-4f735466cecf":"f.35BA612EB9C2194724D060812FEF357B.d.6D8F36EF40FE62712525E364A0581AB0.e.3054"},"getTokens",[]]}
RESULT: {"script":"<script> [6424 bytes]","args":[{"element-6066-11e4-a52e-4f735466cecf":"f.35BA612EB9C2194724D060812FEF357B.d.6D8F36EF40FE62712525E364A0581AB0.e.3054"},"getTokens",[]]}
COMMAND: POST /session/3a666e1e6263059a660801b53c4ba30d/execute/async - {"script":"<script> [1562 bytes]","args":[{"wdio_ui5_key":"__token7-__tokenizer62-__xmlview59--requestItemsTable-1-1","selector":{"id":"__token7-__tokenizer62-__xmlview59--requestItemsTable-1-1"}}]}
RESULT: undefined
RESULT: {"script":"<script> [1562 bytes]","args":[{"wdio_ui5_key":"__token7-__tokenizer62-__xmlview59--requestItemsTable-1-1","selector":{"id":"__token7-__tokenizer62-__xmlview59--requestItemsTable-1-1"}}]}
RESULT: undefined
COMMAND: POST /session/3a666e1e6263059a660801b53c4ba30d/execute/async - {"script":"<script> [1562 bytes]","args":[{"selector":{"controlType":"sap.m.Button","viewName":"etm.portal.ui.managerequests.view.NewRequest","properties":{"text":"Save"},"i18NText":{"propertyName":"tooltip","key":"save"},"interaction":{"idSuffix":"BDI-content"}},"wdio_ui5_key":"etmportal.ui.managerequests.view.NewRequestsap.m.Button{\"propertyName\":\"tooltip\",\"key\":\"save\"}{\"text\":\"Save\"}"}]}
RESULT: {"script":"<script> [1562 bytes]","args":[{"selector":{"controlType":"sap.m.Button","viewName":"etm.portal.ui.managerequests.view.NewRequest","properties":{"text":"Save"},"i18NText":{"propertyName":"tooltip","key":"save"},"interaction":{"idSuffix":"BDI-content"}},"wdio_ui5_key":"etmportal.ui.managerequests.view.NewRequestsap.m.Button{\"propertyName\":\"tooltip\",\"key\":\"save\"}{\"text\":\"Save\"}"}]}
RESULT: undefined
COMMAND: POST /session/3a666e1e6263059a660801b53c4ba30d/element - {"using":"xpath","value":"//*[@id=\"__button109\"]"}
RESULT: {"using":"xpath","value":"//*[@id=\"__button109\"]"}
COMMAND: POST /session/3a666e1e6263059a660801b53c4ba30d/element/f.35BA612EB9C2194724D060812FEF357B.d.6D8F36EF40FE62712525E364A0581AB0.e.2795/click - {}
RESULT: {}
COMMAND: GET /session/3a666e1e6263059a660801b53c4ba30d/screenshot - {}
RESULT: {}
COMMAND: POST /session/3a666e1e6263059a660801b53c4ba30d/element - {"using":"xpath","value":"//bdi[contains(@id ,\"BDI-content\")][contains(text(), \"Close\")]"}
RESULT: {"using":"xpath","value":"//bdi[contains(@id ,\"BDI-content\")][contains(text(), \"Close\")]"}
COMMAND: POST /session/3a666e1e6263059a660801b53c4ba30d/element/f.35BA612EB9C2194724D060812FEF357B.d.6D8F36EF40FE62712525E364A0581AB0.e.3062/click - {}
RESULT: {}
COMMAND: GET /session/3a666e1e6263059a660801b53c4ba30d/screenshot - {}
RESULT: {}
]]></system-out>
    </testcase>
    <testcase classname="chrome.136_0_7103_93.windows.Manage_Requests_Tags_Tests_US120163" name="Should Edit Request Tags" time="107.323">
      <system-out><![CDATA[
COMMAND: POST /session/3a666e1e6263059a660801b53c4ba30d/execute/async - {"script":"<script> [1562 bytes]","args":[{"selector":{"controlType":"sap.ui.core.Icon","viewName":"etm.portal.ui.managerequests.view.Detail","properties":{"src":{"regex":{"source":"overflow"}}}},"wdio_ui5_key":"etmportal.ui.managerequests.view.Detailsap.ui.core.Icon{\"src\":{\"regex\":{\"source\":\"overflow\"}}}"}]}
RESULT: {"script":"<script> [1562 bytes]","args":[{"selector":{"controlType":"sap.ui.core.Icon","viewName":"etm.portal.ui.managerequests.view.Detail","properties":{"src":{"regex":{"source":"overflow"}}}},"wdio_ui5_key":"etmportal.ui.managerequests.view.Detailsap.ui.core.Icon{\"src\":{\"regex\":{\"source\":\"overflow\"}}}"}]}
RESULT: undefined
COMMAND: POST /session/3a666e1e6263059a660801b53c4ba30d/element - {"using":"xpath","value":"//*[@id=\"__xmlview60--detailHeaderTitle-_actionsToolbar-overflowButton-img\"]"}
RESULT: {"using":"xpath","value":"//*[@id=\"__xmlview60--detailHeaderTitle-_actionsToolbar-overflowButton-img\"]"}
COMMAND: POST /session/3a666e1e6263059a660801b53c4ba30d/element/f.35BA612EB9C2194724D060812FEF357B.d.6D8F36EF40FE62712525E364A0581AB0.e.3193/click - {}
RESULT: {}
COMMAND: GET /session/3a666e1e6263059a660801b53c4ba30d/screenshot - {}
RESULT: {}
COMMAND: POST /session/3a666e1e6263059a660801b53c4ba30d/execute/async - {"script":"<script> [1562 bytes]","args":[{"selector":{"controlType":"sap.uxap.ObjectPageHeaderActionButton","viewName":"etm.portal.ui.managerequests.view.Detail","i18NText":{"propertyName":"text","key":"edit"},"searchOpenDialogs":true,"interaction":{"idSuffix":"inner"}},"wdio_ui5_key":"etmportal.ui.managerequests.view.Detailsap.uxap.ObjectPageHeaderActionButton{\"propertyName\":\"text\",\"key\":\"edit\"}"}]}
RESULT: {"script":"<script> [1562 bytes]","args":[{"selector":{"controlType":"sap.uxap.ObjectPageHeaderActionButton","viewName":"etm.portal.ui.managerequests.view.Detail","i18NText":{"propertyName":"text","key":"edit"},"searchOpenDialogs":true,"interaction":{"idSuffix":"inner"}},"wdio_ui5_key":"etmportal.ui.managerequests.view.Detailsap.uxap.ObjectPageHeaderActionButton{\"propertyName\":\"text\",\"key\":\"edit\"}"}]}
RESULT: undefined
COMMAND: POST /session/3a666e1e6263059a660801b53c4ba30d/element - {"using":"xpath","value":"//*[@id=\"__button128\"]"}
RESULT: {"using":"xpath","value":"//*[@id=\"__button128\"]"}
COMMAND: POST /session/3a666e1e6263059a660801b53c4ba30d/element/f.35BA612EB9C2194724D060812FEF357B.d.6D8F36EF40FE62712525E364A0581AB0.e.3195/click - {}
RESULT: {}
COMMAND: GET /session/3a666e1e6263059a660801b53c4ba30d/screenshot - {}
RESULT: {}
COMMAND: POST /session/3a666e1e6263059a660801b53c4ba30d/execute/async - {"script":"<script> [1562 bytes]","args":[{"selector":{"controlType":"sap.ui.core.Icon","viewName":"etm.portal.ui.managerequests.view.Edit","properties":{"src":{"regex":{"source":"decline"}}},"ancestor":{"controlType":"sap.m.Token","viewName":"etm.portal.ui.managerequests.view.Edit","bindingPath":{"propertyPath":"TAG","modelName":"catalogModel"},"properties":{"text":"RefTag"}}},"wdio_ui5_key":"etmportal.ui.managerequests.view.Editsap.ui.core.Icon{\"src\":{\"regex\":{\"source\":\"decline\"}}}{\"controlType\":\"sap.m.Token\",\"viewName\":\"etm.portal.ui.managerequests.view.Edit\",\"bindingPath\":{\"propertyPath\":\"TAG\",\"modelName\":\"catalogModel\"},\"properties\":{\"text\":\"RefTag\"}}"}]}
RESULT: {"script":"<script> [1562 bytes]","args":[{"selector":{"controlType":"sap.ui.core.Icon","viewName":"etm.portal.ui.managerequests.view.Edit","properties":{"src":{"regex":{"source":"decline"}}},"ancestor":{"controlType":"sap.m.Token","viewName":"etm.portal.ui.managerequests.view.Edit","bindingPath":{"propertyPath":"TAG","modelName":"catalogModel"},"properties":{"text":"RefTag"}}},"wdio_ui5_key":"etmportal.ui.managerequests.view.Editsap.ui.core.Icon{\"src\":{\"regex\":{\"source\":\"decline\"}}}{\"controlType\":\"sap.m.Token\",\"viewName\":\"etm.portal.ui.managerequests.view.Edit\",\"bindingPath\":{\"propertyPath\":\"TAG\",\"modelName\":\"catalogModel\"},\"properties\":{\"text\":\"RefTag\"}}"}]}
RESULT: undefined
COMMAND: POST /session/3a666e1e6263059a660801b53c4ba30d/element - {"using":"xpath","value":"//*[@id=\"__token13-__tokenizer64-0-icon\"]"}
RESULT: {"using":"xpath","value":"//*[@id=\"__token13-__tokenizer64-0-icon\"]"}
COMMAND: POST /session/3a666e1e6263059a660801b53c4ba30d/element/f.35BA612EB9C2194724D060812FEF357B.d.6D8F36EF40FE62712525E364A0581AB0.e.3300/click - {}
RESULT: {}
COMMAND: POST /session/3a666e1e6263059a660801b53c4ba30d/execute/async - {"script":"<script> [1562 bytes]","args":[{"selector":{"id":"tagMultiInputRequests","viewName":"etm.portal.ui.managerequests.view.Edit","interaction":{"idSuffix":"inner"}},"wdio_ui5_key":"tagMultiInputRequestsetmportal.ui.managerequests.view.Edit"}]}
COMMAND: GET /session/3a666e1e6263059a660801b53c4ba30d/screenshot - {}
RESULT: {"script":"<script> [1562 bytes]","args":[{"selector":{"id":"tagMultiInputRequests","viewName":"etm.portal.ui.managerequests.view.Edit","interaction":{"idSuffix":"inner"}},"wdio_ui5_key":"tagMultiInputRequestsetmportal.ui.managerequests.view.Edit"}]}
RESULT: undefined
COMMAND: POST /session/3a666e1e6263059a660801b53c4ba30d/execute/async - {"script":"<script> [6424 bytes]","args":[{"element-6066-11e4-a52e-4f735466cecf":"f.35BA612EB9C2194724D060812FEF357B.d.6D8F36EF40FE62712525E364A0581AB0.e.3227"},"getTokens",[]]}
RESULT: {}
RESULT: {"script":"<script> [6424 bytes]","args":[{"element-6066-11e4-a52e-4f735466cecf":"f.35BA612EB9C2194724D060812FEF357B.d.6D8F36EF40FE62712525E364A0581AB0.e.3227"},"getTokens",[]]}
COMMAND: POST /session/3a666e1e6263059a660801b53c4ba30d/execute/async - {"script":"<script> [1562 bytes]","args":[{"wdio_ui5_key":"__token13-__tokenizer64-1","selector":{"id":"__token13-__tokenizer64-1"}}]}
RESULT: {"script":"<script> [1562 bytes]","args":[{"wdio_ui5_key":"__token13-__tokenizer64-1","selector":{"id":"__token13-__tokenizer64-1"}}]}
RESULT: undefined
RESULT: undefined
COMMAND: POST /session/3a666e1e6263059a660801b53c4ba30d/execute/async - {"script":"<script> [776 bytes]","args":[{"enterText":"RefTag","selector":{"id":"tagMultiInputRequests","viewName":"etm.portal.ui.managerequests.view.Edit","interaction":{"idSuffix":"inner"}},"clearTextFirst":true,"interactionType":"ENTER_TEXT"}]}
RESULT: {"script":"<script> [776 bytes]","args":[{"enterText":"RefTag","selector":{"id":"tagMultiInputRequests","viewName":"etm.portal.ui.managerequests.view.Edit","interaction":{"idSuffix":"inner"}},"clearTextFirst":true,"interactionType":"ENTER_TEXT"}]}
COMMAND: POST /session/3a666e1e6263059a660801b53c4ba30d/actions - {"actions":[{"id":"action28","type":"key","parameters":{},"actions":[{"type":"keyDown","value":""},{"type":"pause","duration":10},{"type":"keyUp","value":""}]}]}
RESULT: {"actions":[{"id":"action28","type":"key","parameters":{},"actions":[{"type":"keyDown","value":""},{"type":"pause","duration":10},{"type":"keyUp","value":""}]}]}
COMMAND: GET /session/3a666e1e6263059a660801b53c4ba30d/screenshot - {}
RESULT: {}
RESULT: undefined
COMMAND: POST /session/3a666e1e6263059a660801b53c4ba30d/execute/async - {"script":"<script> [6424 bytes]","args":[{"element-6066-11e4-a52e-4f735466cecf":"f.35BA612EB9C2194724D060812FEF357B.d.6D8F36EF40FE62712525E364A0581AB0.e.3227"},"getTokens",[]]}
RESULT: {"script":"<script> [6424 bytes]","args":[{"element-6066-11e4-a52e-4f735466cecf":"f.35BA612EB9C2194724D060812FEF357B.d.6D8F36EF40FE62712525E364A0581AB0.e.3227"},"getTokens",[]]}
COMMAND: POST /session/3a666e1e6263059a660801b53c4ba30d/execute/async - {"script":"<script> [1562 bytes]","args":[{"wdio_ui5_key":"__token16","selector":{"id":"__token16"}}]}
RESULT: undefined
RESULT: {"script":"<script> [1562 bytes]","args":[{"wdio_ui5_key":"__token16","selector":{"id":"__token16"}}]}
RESULT: undefined
COMMAND: POST /session/3a666e1e6263059a660801b53c4ba30d/execute/async - {"script":"<script> [1562 bytes]","args":[{"selector":{"controlType":"sap.m.Button","viewName":"etm.portal.ui.managerequests.view.Edit","properties":{"text":"Items (2)"},"interaction":{"idSuffix":"BDI-content"}},"wdio_ui5_key":"etmportal.ui.managerequests.view.Editsap.m.Button{\"text\":\"Items (2)\"}"}]}
RESULT: {"script":"<script> [1562 bytes]","args":[{"selector":{"controlType":"sap.m.Button","viewName":"etm.portal.ui.managerequests.view.Edit","properties":{"text":"Items (2)"},"interaction":{"idSuffix":"BDI-content"}},"wdio_ui5_key":"etmportal.ui.managerequests.view.Editsap.m.Button{\"text\":\"Items (2)\"}"}]}
RESULT: undefined
COMMAND: POST /session/3a666e1e6263059a660801b53c4ba30d/element - {"using":"xpath","value":"//*[@id=\"__xmlview61--editRequestPage-anchBar-__xmlview61--requestItemsSection-anchor\"]"}
RESULT: {"using":"xpath","value":"//*[@id=\"__xmlview61--editRequestPage-anchBar-__xmlview61--requestItemsSection-anchor\"]"}
COMMAND: POST /session/3a666e1e6263059a660801b53c4ba30d/element/f.35BA612EB9C2194724D060812FEF357B.d.6D8F36EF40FE62712525E364A0581AB0.e.3305/click - {}
RESULT: {}
COMMAND: GET /session/3a666e1e6263059a660801b53c4ba30d/screenshot - {}
RESULT: {}
COMMAND: POST /session/3a666e1e6263059a660801b53c4ba30d/execute/async - {"script":"<script> [1562 bytes]","args":[{"selector":{"controlType":"sap.ui.core.Icon","viewName":"etm.portal.ui.managerequests.view.Edit","properties":{"src":{"regex":{"source":"inspect"}}}},"wdio_ui5_key":"etmportal.ui.managerequests.view.Editsap.ui.core.Icon{\"src\":{\"regex\":{\"source\":\"inspect\"}}}"}]}
RESULT: {"script":"<script> [1562 bytes]","args":[{"selector":{"controlType":"sap.ui.core.Icon","viewName":"etm.portal.ui.managerequests.view.Edit","properties":{"src":{"regex":{"source":"inspect"}}}},"wdio_ui5_key":"etmportal.ui.managerequests.view.Editsap.ui.core.Icon{\"src\":{\"regex\":{\"source\":\"inspect\"}}}"}]}
RESULT: undefined
COMMAND: POST /session/3a666e1e6263059a660801b53c4ba30d/element - {"using":"xpath","value":"//*[@id=\"__button153-img\"]"}
RESULT: {"using":"xpath","value":"//*[@id=\"__button153-img\"]"}
COMMAND: POST /session/3a666e1e6263059a660801b53c4ba30d/element/f.35BA612EB9C2194724D060812FEF357B.d.6D8F36EF40FE62712525E364A0581AB0.e.3311/click - {}
RESULT: {}
COMMAND: GET /session/3a666e1e6263059a660801b53c4ba30d/screenshot - {}
RESULT: {}
COMMAND: POST /session/3a666e1e6263059a660801b53c4ba30d/execute/async - {"script":"<script> [1562 bytes]","args":[{"selector":{"controlType":"sap.m.Tokenizer","viewName":"etm.portal.ui.managerequests.view.Edit","bindingPath":{"path":"/RequestItems/0","propertyPath":"LINK_TO_TAGS","modelName":"RequestItemsModel"}},"wdio_ui5_key":"etmportal.ui.managerequests.view.Editsap.m.Tokenizer{\"path\":\"/RequestItems/0\",\"propertyPath\":\"LINK_TO_TAGS\",\"modelName\":\"RequestItemsModel\"}"}]}
RESULT: {"script":"<script> [1562 bytes]","args":[{"selector":{"controlType":"sap.m.Tokenizer","viewName":"etm.portal.ui.managerequests.view.Edit","bindingPath":{"path":"/RequestItems/0","propertyPath":"LINK_TO_TAGS","modelName":"RequestItemsModel"}},"wdio_ui5_key":"etmportal.ui.managerequests.view.Editsap.m.Tokenizer{\"path\":\"/RequestItems/0\",\"propertyPath\":\"LINK_TO_TAGS\",\"modelName\":\"RequestItemsModel\"}"}]}
RESULT: undefined
COMMAND: POST /session/3a666e1e6263059a660801b53c4ba30d/element - {"using":"xpath","value":"//*[@id=\"__tokenizer66\"]"}
RESULT: {"using":"xpath","value":"//*[@id=\"__tokenizer66\"]"}
COMMAND: POST /session/3a666e1e6263059a660801b53c4ba30d/element/f.35BA612EB9C2194724D060812FEF357B.d.6D8F36EF40FE62712525E364A0581AB0.e.3313/click - {}
RESULT: {}
COMMAND: GET /session/3a666e1e6263059a660801b53c4ba30d/screenshot - {}
RESULT: {}
COMMAND: POST /session/3a666e1e6263059a660801b53c4ba30d/execute/async - {"script":"<script> [1562 bytes]","args":[{"selector":{"controlType":"sap.ui.core.Icon","viewName":"etm.portal.ui.managerequests.view.Edit","properties":{"src":{"regex":{"source":"decline"}}},"searchOpenDialogs":true,"ancestor":{"controlType":"sap.m.StandardListItem","viewName":"etm.portal.ui.managerequests.view.Edit","properties":{"title":"tag-duplicate"},"searchOpenDialogs":true}},"wdio_ui5_key":"etmportal.ui.managerequests.view.Editsap.ui.core.Icon{\"src\":{\"regex\":{\"source\":\"decline\"}}}{\"controlType\":\"sap.m.StandardListItem\",\"viewName\":\"etm.portal.ui.managerequests.view.Edit\",\"properties\":{\"title\":\"tag-duplicate\"},\"searchOpenDialogs\":true}"}]}
RESULT: {"script":"<script> [1562 bytes]","args":[{"selector":{"controlType":"sap.ui.core.Icon","viewName":"etm.portal.ui.managerequests.view.Edit","properties":{"src":{"regex":{"source":"decline"}}},"searchOpenDialogs":true,"ancestor":{"controlType":"sap.m.StandardListItem","viewName":"etm.portal.ui.managerequests.view.Edit","properties":{"title":"tag-duplicate"},"searchOpenDialogs":true}},"wdio_ui5_key":"etmportal.ui.managerequests.view.Editsap.ui.core.Icon{\"src\":{\"regex\":{\"source\":\"decline\"}}}{\"controlType\":\"sap.m.StandardListItem\",\"viewName\":\"etm.portal.ui.managerequests.view.Edit\",\"properties\":{\"title\":\"tag-duplicate\"},\"searchOpenDialogs\":true}"}]}
RESULT: undefined
COMMAND: POST /session/3a666e1e6263059a660801b53c4ba30d/element - {"using":"xpath","value":"//*[@id=\"__item2081-imgDel-img\"]"}
RESULT: {"using":"xpath","value":"//*[@id=\"__item2081-imgDel-img\"]"}
COMMAND: POST /session/3a666e1e6263059a660801b53c4ba30d/element/f.35BA612EB9C2194724D060812FEF357B.d.6D8F36EF40FE62712525E364A0581AB0.e.3316/click - {}
RESULT: {}
COMMAND: GET /session/3a666e1e6263059a660801b53c4ba30d/screenshot - {}
RESULT: {}
COMMAND: POST /session/3a666e1e6263059a660801b53c4ba30d/actions - {"actions":[{"id":"action29","type":"key","parameters":{},"actions":[{"type":"keyDown","value":""},{"type":"pause","duration":10},{"type":"keyUp","value":""}]}]}
RESULT: {"actions":[{"id":"action29","type":"key","parameters":{},"actions":[{"type":"keyDown","value":""},{"type":"pause","duration":10},{"type":"keyUp","value":""}]}]}
COMMAND: POST /session/3a666e1e6263059a660801b53c4ba30d/execute/async - {"script":"<script> [1562 bytes]","args":[{"selector":{"controlType":"sap.m.Tokenizer","viewName":"etm.portal.ui.managerequests.view.Edit","bindingPath":{"path":"/RequestItems/1","propertyPath":"LINK_TO_TAGS","modelName":"RequestItemsModel"}},"wdio_ui5_key":"etmportal.ui.managerequests.view.Editsap.m.Tokenizer{\"path\":\"/RequestItems/1\",\"propertyPath\":\"LINK_TO_TAGS\",\"modelName\":\"RequestItemsModel\"}"}]}
COMMAND: GET /session/3a666e1e6263059a660801b53c4ba30d/screenshot - {}
RESULT: {"script":"<script> [1562 bytes]","args":[{"selector":{"controlType":"sap.m.Tokenizer","viewName":"etm.portal.ui.managerequests.view.Edit","bindingPath":{"path":"/RequestItems/1","propertyPath":"LINK_TO_TAGS","modelName":"RequestItemsModel"}},"wdio_ui5_key":"etmportal.ui.managerequests.view.Editsap.m.Tokenizer{\"path\":\"/RequestItems/1\",\"propertyPath\":\"LINK_TO_TAGS\",\"modelName\":\"RequestItemsModel\"}"}]}
RESULT: undefined
COMMAND: POST /session/3a666e1e6263059a660801b53c4ba30d/element - {"using":"xpath","value":"//*[@id=\"__tokenizer67\"]"}
RESULT: {}
RESULT: {"using":"xpath","value":"//*[@id=\"__tokenizer67\"]"}
COMMAND: POST /session/3a666e1e6263059a660801b53c4ba30d/element/f.35BA612EB9C2194724D060812FEF357B.d.6D8F36EF40FE62712525E364A0581AB0.e.3319/click - {}
RESULT: {}
COMMAND: GET /session/3a666e1e6263059a660801b53c4ba30d/screenshot - {}
RESULT: {}
COMMAND: POST /session/3a666e1e6263059a660801b53c4ba30d/execute/async - {"script":"<script> [1562 bytes]","args":[{"selector":{"controlType":"sap.ui.core.Icon","viewName":"etm.portal.ui.managerequests.view.Edit","properties":{"src":{"regex":{"source":"decline"}}},"searchOpenDialogs":true,"ancestor":{"controlType":"sap.m.StandardListItem","viewName":"etm.portal.ui.managerequests.view.Edit","properties":{"title":"tagRequest1"},"searchOpenDialogs":true}},"wdio_ui5_key":"etmportal.ui.managerequests.view.Editsap.ui.core.Icon{\"src\":{\"regex\":{\"source\":\"decline\"}}}{\"controlType\":\"sap.m.StandardListItem\",\"viewName\":\"etm.portal.ui.managerequests.view.Edit\",\"properties\":{\"title\":\"tagRequest1\"},\"searchOpenDialogs\":true}"}]}
RESULT: {"script":"<script> [1562 bytes]","args":[{"selector":{"controlType":"sap.ui.core.Icon","viewName":"etm.portal.ui.managerequests.view.Edit","properties":{"src":{"regex":{"source":"decline"}}},"searchOpenDialogs":true,"ancestor":{"controlType":"sap.m.StandardListItem","viewName":"etm.portal.ui.managerequests.view.Edit","properties":{"title":"tagRequest1"},"searchOpenDialogs":true}},"wdio_ui5_key":"etmportal.ui.managerequests.view.Editsap.ui.core.Icon{\"src\":{\"regex\":{\"source\":\"decline\"}}}{\"controlType\":\"sap.m.StandardListItem\",\"viewName\":\"etm.portal.ui.managerequests.view.Edit\",\"properties\":{\"title\":\"tagRequest1\"},\"searchOpenDialogs\":true}"}]}
RESULT: undefined
COMMAND: POST /session/3a666e1e6263059a660801b53c4ba30d/element - {"using":"xpath","value":"//*[@id=\"__item2089-imgDel-img\"]"}
RESULT: {"using":"xpath","value":"//*[@id=\"__item2089-imgDel-img\"]"}
COMMAND: POST /session/3a666e1e6263059a660801b53c4ba30d/element/f.35BA612EB9C2194724D060812FEF357B.d.6D8F36EF40FE62712525E364A0581AB0.e.3322/click - {}
RESULT: {}
COMMAND: GET /session/3a666e1e6263059a660801b53c4ba30d/screenshot - {}
RESULT: {}
COMMAND: POST /session/3a666e1e6263059a660801b53c4ba30d/execute/async - {"script":"<script> [1562 bytes]","args":[{"selector":{"controlType":"sap.ui.core.Icon","viewName":"etm.portal.ui.managerequests.view.Edit","properties":{"src":{"regex":{"source":"decline"}}},"searchOpenDialogs":true,"ancestor":{"controlType":"sap.m.StandardListItem","viewName":"etm.portal.ui.managerequests.view.Edit","properties":{"title":"RefTag"},"searchOpenDialogs":true}},"wdio_ui5_key":"etmportal.ui.managerequests.view.Editsap.ui.core.Icon{\"src\":{\"regex\":{\"source\":\"decline\"}}}{\"controlType\":\"sap.m.StandardListItem\",\"viewName\":\"etm.portal.ui.managerequests.view.Edit\",\"properties\":{\"title\":\"RefTag\"},\"searchOpenDialogs\":true}"}]}
RESULT: {"script":"<script> [1562 bytes]","args":[{"selector":{"controlType":"sap.ui.core.Icon","viewName":"etm.portal.ui.managerequests.view.Edit","properties":{"src":{"regex":{"source":"decline"}}},"searchOpenDialogs":true,"ancestor":{"controlType":"sap.m.StandardListItem","viewName":"etm.portal.ui.managerequests.view.Edit","properties":{"title":"RefTag"},"searchOpenDialogs":true}},"wdio_ui5_key":"etmportal.ui.managerequests.view.Editsap.ui.core.Icon{\"src\":{\"regex\":{\"source\":\"decline\"}}}{\"controlType\":\"sap.m.StandardListItem\",\"viewName\":\"etm.portal.ui.managerequests.view.Edit\",\"properties\":{\"title\":\"RefTag\"},\"searchOpenDialogs\":true}"}]}
RESULT: undefined
COMMAND: POST /session/3a666e1e6263059a660801b53c4ba30d/element - {"using":"xpath","value":"//*[@id=\"__item2093-imgDel-img\"]"}
RESULT: {"using":"xpath","value":"//*[@id=\"__item2093-imgDel-img\"]"}
COMMAND: POST /session/3a666e1e6263059a660801b53c4ba30d/element/f.35BA612EB9C2194724D060812FEF357B.d.6D8F36EF40FE62712525E364A0581AB0.e.3325/click - {}
RESULT: {}
COMMAND: GET /session/3a666e1e6263059a660801b53c4ba30d/screenshot - {}
RESULT: {}
COMMAND: POST /session/3a666e1e6263059a660801b53c4ba30d/execute/async - {"script":"<script> [1562 bytes]","args":[{"selector":{"controlType":"sap.ui.core.Icon","viewName":"etm.portal.ui.managerequests.view.Edit","properties":{"src":{"regex":{"source":"decline"}}},"searchOpenDialogs":true,"ancestor":{"controlType":"sap.m.StandardListItem","viewName":"etm.portal.ui.managerequests.view.Edit","properties":{"title":"tag-header"},"searchOpenDialogs":true}},"wdio_ui5_key":"etmportal.ui.managerequests.view.Editsap.ui.core.Icon{\"src\":{\"regex\":{\"source\":\"decline\"}}}{\"controlType\":\"sap.m.StandardListItem\",\"viewName\":\"etm.portal.ui.managerequests.view.Edit\",\"properties\":{\"title\":\"tag-header\"},\"searchOpenDialogs\":true}"}]}
RESULT: {"script":"<script> [1562 bytes]","args":[{"selector":{"controlType":"sap.ui.core.Icon","viewName":"etm.portal.ui.managerequests.view.Edit","properties":{"src":{"regex":{"source":"decline"}}},"searchOpenDialogs":true,"ancestor":{"controlType":"sap.m.StandardListItem","viewName":"etm.portal.ui.managerequests.view.Edit","properties":{"title":"tag-header"},"searchOpenDialogs":true}},"wdio_ui5_key":"etmportal.ui.managerequests.view.Editsap.ui.core.Icon{\"src\":{\"regex\":{\"source\":\"decline\"}}}{\"controlType\":\"sap.m.StandardListItem\",\"viewName\":\"etm.portal.ui.managerequests.view.Edit\",\"properties\":{\"title\":\"tag-header\"},\"searchOpenDialogs\":true}"}]}
RESULT: undefined
COMMAND: POST /session/3a666e1e6263059a660801b53c4ba30d/element - {"using":"xpath","value":"//*[@id=\"__item2096-imgDel-img\"]"}
RESULT: {"using":"xpath","value":"//*[@id=\"__item2096-imgDel-img\"]"}
COMMAND: POST /session/3a666e1e6263059a660801b53c4ba30d/element/f.35BA612EB9C2194724D060812FEF357B.d.6D8F36EF40FE62712525E364A0581AB0.e.3328/click - {}
RESULT: {}
COMMAND: GET /session/3a666e1e6263059a660801b53c4ba30d/screenshot - {}
RESULT: {}
COMMAND: POST /session/3a666e1e6263059a660801b53c4ba30d/actions - {"actions":[{"id":"action30","type":"key","parameters":{},"actions":[{"type":"keyDown","value":""},{"type":"pause","duration":10},{"type":"keyUp","value":""}]}]}
RESULT: {"actions":[{"id":"action30","type":"key","parameters":{},"actions":[{"type":"keyDown","value":""},{"type":"pause","duration":10},{"type":"keyUp","value":""}]}]}
COMMAND: POST /session/3a666e1e6263059a660801b53c4ba30d/actions - {"actions":[{"id":"action31","type":"key","parameters":{},"actions":[{"type":"keyDown","value":""},{"type":"pause","duration":10},{"type":"keyUp","value":""}]}]}
COMMAND: GET /session/3a666e1e6263059a660801b53c4ba30d/screenshot - {}
RESULT: {"actions":[{"id":"action31","type":"key","parameters":{},"actions":[{"type":"keyDown","value":""},{"type":"pause","duration":10},{"type":"keyUp","value":""}]}]}
COMMAND: GET /session/3a666e1e6263059a660801b53c4ba30d/screenshot - {}
RESULT: {}
RESULT: {}
COMMAND: POST /session/3a666e1e6263059a660801b53c4ba30d/execute/async - {"script":"<script> [1562 bytes]","args":[{"selector":{"controlType":"sap.m.Button","viewName":"etm.portal.ui.managerequests.view.Edit","i18NText":{"propertyName":"tooltip","key":"save"},"interaction":{"idSuffix":"BDI-content"}},"wdio_ui5_key":"etmportal.ui.managerequests.view.Editsap.m.Button{\"propertyName\":\"tooltip\",\"key\":\"save\"}"}]}
RESULT: {"script":"<script> [1562 bytes]","args":[{"selector":{"controlType":"sap.m.Button","viewName":"etm.portal.ui.managerequests.view.Edit","i18NText":{"propertyName":"tooltip","key":"save"},"interaction":{"idSuffix":"BDI-content"}},"wdio_ui5_key":"etmportal.ui.managerequests.view.Editsap.m.Button{\"propertyName\":\"tooltip\",\"key\":\"save\"}"}]}
RESULT: undefined
COMMAND: POST /session/3a666e1e6263059a660801b53c4ba30d/element - {"using":"xpath","value":"//*[@id=\"__xmlview61--saveButtonId\"]"}
RESULT: {"using":"xpath","value":"//*[@id=\"__xmlview61--saveButtonId\"]"}
COMMAND: POST /session/3a666e1e6263059a660801b53c4ba30d/element/f.35BA612EB9C2194724D060812FEF357B.d.6D8F36EF40FE62712525E364A0581AB0.e.3241/click - {}
RESULT: {}
COMMAND: GET /session/3a666e1e6263059a660801b53c4ba30d/screenshot - {}
RESULT: {}
COMMAND: POST /session/3a666e1e6263059a660801b53c4ba30d/execute/async - {"script":"<script> [1562 bytes]","args":[{"selector":{"id":"tagsLayoutViewMode","viewName":"etm.portal.ui.managerequests.view.Detail"},"wdio_ui5_key":"tagsLayoutViewModeetmportal.ui.managerequests.view.Detail"}]}
RESULT: {"script":"<script> [1562 bytes]","args":[{"selector":{"id":"tagsLayoutViewMode","viewName":"etm.portal.ui.managerequests.view.Detail"},"wdio_ui5_key":"tagsLayoutViewModeetmportal.ui.managerequests.view.Detail"}]}
RESULT: undefined
COMMAND: POST /session/3a666e1e6263059a660801b53c4ba30d/execute/async - {"script":"<script> [6424 bytes]","args":[{"element-6066-11e4-a52e-4f735466cecf":"f.35BA612EB9C2194724D060812FEF357B.d.6D8F36EF40FE62712525E364A0581AB0.e.3471"},"getTokens",[]]}
RESULT: {"script":"<script> [6424 bytes]","args":[{"element-6066-11e4-a52e-4f735466cecf":"f.35BA612EB9C2194724D060812FEF357B.d.6D8F36EF40FE62712525E364A0581AB0.e.3471"},"getTokens",[]]}
COMMAND: POST /session/3a666e1e6263059a660801b53c4ba30d/execute/async - {"script":"<script> [1562 bytes]","args":[{"wdio_ui5_key":"__token11-__xmlview60--tagsLayoutViewMode-1","selector":{"id":"__token11-__xmlview60--tagsLayoutViewMode-1"}}]}
COMMAND: POST /session/3a666e1e6263059a660801b53c4ba30d/execute/async - {"script":"<script> [1562 bytes]","args":[{"wdio_ui5_key":"__token11-__xmlview60--tagsLayoutViewMode-0","selector":{"id":"__token11-__xmlview60--tagsLayoutViewMode-0"}}]}
RESULT: {"script":"<script> [1562 bytes]","args":[{"wdio_ui5_key":"__token11-__xmlview60--tagsLayoutViewMode-1","selector":{"id":"__token11-__xmlview60--tagsLayoutViewMode-1"}}]}
RESULT: undefined
RESULT: {"script":"<script> [1562 bytes]","args":[{"wdio_ui5_key":"__token11-__xmlview60--tagsLayoutViewMode-0","selector":{"id":"__token11-__xmlview60--tagsLayoutViewMode-0"}}]}
RESULT: undefined
COMMAND: POST /session/3a666e1e6263059a660801b53c4ba30d/execute/async - {"script":"<script> [1562 bytes]","args":[{"selector":{"controlType":"sap.m.OverflowToolbarButton","viewName":"etm.portal.ui.managerequests.view.Detail","properties":{"text":"Settings"},"interaction":{"idSuffix":"inner"}},"wdio_ui5_key":"etmportal.ui.managerequests.view.Detailsap.m.OverflowToolbarButton{\"text\":\"Settings\"}"}]}
RESULT: {"script":"<script> [1562 bytes]","args":[{"selector":{"controlType":"sap.m.OverflowToolbarButton","viewName":"etm.portal.ui.managerequests.view.Detail","properties":{"text":"Settings"},"interaction":{"idSuffix":"inner"}},"wdio_ui5_key":"etmportal.ui.managerequests.view.Detailsap.m.OverflowToolbarButton{\"text\":\"Settings\"}"}]}
RESULT: undefined
COMMAND: POST /session/3a666e1e6263059a660801b53c4ba30d/element - {"using":"xpath","value":"//*[@id=\"__xmlview60--smartTableRequestItems-btnPersonalisation\"]"}
RESULT: {"using":"xpath","value":"//*[@id=\"__xmlview60--smartTableRequestItems-btnPersonalisation\"]"}
COMMAND: POST /session/3a666e1e6263059a660801b53c4ba30d/element/f.35BA612EB9C2194724D060812FEF357B.d.6D8F36EF40FE62712525E364A0581AB0.e.3475/click - {}
RESULT: {}
COMMAND: POST /session/3a666e1e6263059a660801b53c4ba30d/execute/async - {"script":"<script> [1562 bytes]","args":[{"selector":{"controlType":"sap.m.SearchField","viewName":"etm.portal.ui.managerequests.view.Detail","searchOpenDialogs":true,"interaction":{"idSuffix":"I"}},"wdio_ui5_key":"etmportal.ui.managerequests.view.Detailsap.m.SearchField"}]}
COMMAND: GET /session/3a666e1e6263059a660801b53c4ba30d/screenshot - {}
RESULT: {"script":"<script> [1562 bytes]","args":[{"selector":{"controlType":"sap.m.SearchField","viewName":"etm.portal.ui.managerequests.view.Detail","searchOpenDialogs":true,"interaction":{"idSuffix":"I"}},"wdio_ui5_key":"etmportal.ui.managerequests.view.Detailsap.m.SearchField"}]}
RESULT: undefined
COMMAND: POST /session/3a666e1e6263059a660801b53c4ba30d/execute/async - {"script":"<script> [776 bytes]","args":[{"enterText":"tag","selector":{"controlType":"sap.m.SearchField","viewName":"etm.portal.ui.managerequests.view.Detail","searchOpenDialogs":true,"interaction":{"idSuffix":"I"}},"clearTextFirst":true,"interactionType":"ENTER_TEXT"}]}
RESULT: {}
RESULT: {"script":"<script> [776 bytes]","args":[{"enterText":"tag","selector":{"controlType":"sap.m.SearchField","viewName":"etm.portal.ui.managerequests.view.Detail","searchOpenDialogs":true,"interaction":{"idSuffix":"I"}},"clearTextFirst":true,"interactionType":"ENTER_TEXT"}]}
COMMAND: POST /session/3a666e1e6263059a660801b53c4ba30d/element - {"using":"xpath","value":"//div[contains(@id ,\"innerSelectionPanelTable-0-selectMulti-CbBg\")]"}
RESULT: {"using":"xpath","value":"//div[contains(@id ,\"innerSelectionPanelTable-0-selectMulti-CbBg\")]"}
COMMAND: POST /session/3a666e1e6263059a660801b53c4ba30d/element/f.35BA612EB9C2194724D060812FEF357B.d.6D8F36EF40FE62712525E364A0581AB0.e.3510/click - {}
RESULT: {}
COMMAND: POST /session/3a666e1e6263059a660801b53c4ba30d/execute/async - {"script":"<script> [1562 bytes]","args":[{"selector":{"controlType":"sap.m.Button","viewName":"etm.portal.ui.managerequests.view.Detail","properties":{"text":"OK"},"searchOpenDialogs":true,"interaction":{"idSuffix":"BDI-content"}},"wdio_ui5_key":"etmportal.ui.managerequests.view.Detailsap.m.Button{\"text\":\"OK\"}"}]}
COMMAND: GET /session/3a666e1e6263059a660801b53c4ba30d/screenshot - {}
RESULT: {"script":"<script> [1562 bytes]","args":[{"selector":{"controlType":"sap.m.Button","viewName":"etm.portal.ui.managerequests.view.Detail","properties":{"text":"OK"},"searchOpenDialogs":true,"interaction":{"idSuffix":"BDI-content"}},"wdio_ui5_key":"etmportal.ui.managerequests.view.Detailsap.m.Button{\"text\":\"OK\"}"}]}
RESULT: undefined
COMMAND: POST /session/3a666e1e6263059a660801b53c4ba30d/element - {"using":"xpath","value":"//*[@id=\"__popup368-confirmBtn\"]"}
RESULT: {}
RESULT: {"using":"xpath","value":"//*[@id=\"__popup368-confirmBtn\"]"}
COMMAND: POST /session/3a666e1e6263059a660801b53c4ba30d/element/f.35BA612EB9C2194724D060812FEF357B.d.6D8F36EF40FE62712525E364A0581AB0.e.3515/click - {}
RESULT: {}
COMMAND: GET /session/3a666e1e6263059a660801b53c4ba30d/screenshot - {}
RESULT: {}
COMMAND: POST /session/3a666e1e6263059a660801b53c4ba30d/execute/async - {"script":"<script> [1562 bytes]","args":[{"selector":{"controlType":"sap.m.Text","viewName":"etm.portal.ui.managerequests.view.Detail","bindingPath":{"propertyPath":"NO","modelName":"catalogModel"}},"wdio_ui5_key":"etmportal.ui.managerequests.view.Detailsap.m.Text{\"propertyPath\":\"NO\",\"modelName\":\"catalogModel\"}"}]}
RESULT: {"script":"<script> [1562 bytes]","args":[{"selector":{"controlType":"sap.m.Text","viewName":"etm.portal.ui.managerequests.view.Detail","bindingPath":{"propertyPath":"NO","modelName":"catalogModel"}},"wdio_ui5_key":"etmportal.ui.managerequests.view.Detailsap.m.Text{\"propertyPath\":\"NO\",\"modelName\":\"catalogModel\"}"}]}
RESULT: undefined
COMMAND: POST /session/3a666e1e6263059a660801b53c4ba30d/execute/async - {"script":"<script> [6424 bytes]","args":[{"element-6066-11e4-a52e-4f735466cecf":"f.35BA612EB9C2194724D060812FEF357B.d.6D8F36EF40FE62712525E364A0581AB0.e.3538"},"getText",[]]}
RESULT: {"script":"<script> [6424 bytes]","args":[{"element-6066-11e4-a52e-4f735466cecf":"f.35BA612EB9C2194724D060812FEF357B.d.6D8F36EF40FE62712525E364A0581AB0.e.3538"},"getText",[]]}
COMMAND: POST /session/3a666e1e6263059a660801b53c4ba30d/execute/async - {"script":"<script> [1562 bytes]","args":[{"selector":{"controlType":"sap.m.Tokenizer","viewName":"etm.portal.ui.managerequests.view.Detail","bindingPath":{"path":"/SmartRequestItemsPlanningBoard(ITEM=10m,REQUEST='20208')","propertyPath":"LINK_TO_TAGS"}},"wdio_ui5_key":"etmportal.ui.managerequests.view.Detailsap.m.Tokenizer{\"path\":\"/SmartRequestItemsPlanningBoard(ITEM=10m,REQUEST='20208')\",\"propertyPath\":\"LINK_TO_TAGS\"}"}]}
RESULT: {"script":"<script> [1562 bytes]","args":[{"selector":{"controlType":"sap.m.Tokenizer","viewName":"etm.portal.ui.managerequests.view.Detail","bindingPath":{"path":"/SmartRequestItemsPlanningBoard(ITEM=10m,REQUEST='20208')","propertyPath":"LINK_TO_TAGS"}},"wdio_ui5_key":"etmportal.ui.managerequests.view.Detailsap.m.Tokenizer{\"path\":\"/SmartRequestItemsPlanningBoard(ITEM=10m,REQUEST='20208')\",\"propertyPath\":\"LINK_TO_TAGS\"}"}]}
RESULT: undefined
COMMAND: POST /session/3a666e1e6263059a660801b53c4ba30d/execute/async - {"script":"<script> [6424 bytes]","args":[{"element-6066-11e4-a52e-4f735466cecf":"f.35BA612EB9C2194724D060812FEF357B.d.6D8F36EF40FE62712525E364A0581AB0.e.3539"},"getTokens",[]]}
RESULT: {"script":"<script> [6424 bytes]","args":[{"element-6066-11e4-a52e-4f735466cecf":"f.35BA612EB9C2194724D060812FEF357B.d.6D8F36EF40FE62712525E364A0581AB0.e.3539"},"getTokens",[]]}
COMMAND: POST /session/3a666e1e6263059a660801b53c4ba30d/execute/async - {"script":"<script> [1562 bytes]","args":[{"wdio_ui5_key":"__token12-__tokenizer63-__clone5067-1","selector":{"id":"__token12-__tokenizer63-__clone5067-1"}}]}
COMMAND: POST /session/3a666e1e6263059a660801b53c4ba30d/execute/async - {"script":"<script> [1562 bytes]","args":[{"wdio_ui5_key":"__token12-__tokenizer63-__clone5067-2","selector":{"id":"__token12-__tokenizer63-__clone5067-2"}}]}
COMMAND: POST /session/3a666e1e6263059a660801b53c4ba30d/execute/async - {"script":"<script> [1562 bytes]","args":[{"wdio_ui5_key":"__token12-__tokenizer63-__clone5067-0","selector":{"id":"__token12-__tokenizer63-__clone5067-0"}}]}
RESULT: {"script":"<script> [1562 bytes]","args":[{"wdio_ui5_key":"__token12-__tokenizer63-__clone5067-1","selector":{"id":"__token12-__tokenizer63-__clone5067-1"}}]}
RESULT: undefined
RESULT: {"script":"<script> [1562 bytes]","args":[{"wdio_ui5_key":"__token12-__tokenizer63-__clone5067-2","selector":{"id":"__token12-__tokenizer63-__clone5067-2"}}]}
RESULT: undefined
RESULT: {"script":"<script> [1562 bytes]","args":[{"wdio_ui5_key":"__token12-__tokenizer63-__clone5067-0","selector":{"id":"__token12-__tokenizer63-__clone5067-0"}}]}
RESULT: undefined
COMMAND: POST /session/3a666e1e6263059a660801b53c4ba30d/element - {"using":"xpath","value":"(//span[contains(text(), \"tag-header\")])[2]"}
RESULT: {"using":"xpath","value":"(//span[contains(text(), \"tag-header\")])[2]"}
COMMAND: POST /session/3a666e1e6263059a660801b53c4ba30d/elements - {"using":"xpath","value":"(//span[contains(text(), \"tag-header\")])[2]"}
RESULT: {"using":"xpath","value":"(//span[contains(text(), \"tag-header\")])[2]"}
COMMAND: POST /session/3a666e1e6263059a660801b53c4ba30d/execute/async - {"script":"<script> [1562 bytes]","args":[{"selector":{"controlType":"sap.m.Tokenizer","viewName":"etm.portal.ui.managerequests.view.Detail","bindingPath":{"path":"/SmartRequestItemsPlanningBoard(ITEM=20m,REQUEST='20208')","propertyPath":"LINK_TO_TAGS"}},"wdio_ui5_key":"etmportal.ui.managerequests.view.Detailsap.m.Tokenizer{\"path\":\"/SmartRequestItemsPlanningBoard(ITEM=20m,REQUEST='20208')\",\"propertyPath\":\"LINK_TO_TAGS\"}"}]}
RESULT: {"script":"<script> [1562 bytes]","args":[{"selector":{"controlType":"sap.m.Tokenizer","viewName":"etm.portal.ui.managerequests.view.Detail","bindingPath":{"path":"/SmartRequestItemsPlanningBoard(ITEM=20m,REQUEST='20208')","propertyPath":"LINK_TO_TAGS"}},"wdio_ui5_key":"etmportal.ui.managerequests.view.Detailsap.m.Tokenizer{\"path\":\"/SmartRequestItemsPlanningBoard(ITEM=20m,REQUEST='20208')\",\"propertyPath\":\"LINK_TO_TAGS\"}"}]}
RESULT: undefined
COMMAND: POST /session/3a666e1e6263059a660801b53c4ba30d/execute/async - {"script":"<script> [6424 bytes]","args":[{"element-6066-11e4-a52e-4f735466cecf":"f.35BA612EB9C2194724D060812FEF357B.d.6D8F36EF40FE62712525E364A0581AB0.e.3544"},"getTokens",[]]}
RESULT: {"script":"<script> [6424 bytes]","args":[{"element-6066-11e4-a52e-4f735466cecf":"f.35BA612EB9C2194724D060812FEF357B.d.6D8F36EF40FE62712525E364A0581AB0.e.3544"},"getTokens",[]]}
COMMAND: POST /session/3a666e1e6263059a660801b53c4ba30d/element - {"using":"css selector","value":"#shell-header-logo"}
RESULT: {"using":"css selector","value":"#shell-header-logo"}
COMMAND: POST /session/3a666e1e6263059a660801b53c4ba30d/element/f.35BA612EB9C2194724D060812FEF357B.d.6D8F36EF40FE62712525E364A0581AB0.e.2534/click - {}
RESULT: {}
COMMAND: GET /session/3a666e1e6263059a660801b53c4ba30d/screenshot - {}
RESULT: {}
]]></system-out>
    </testcase>
  </testsuite>
  <testsuite timestamp="2025-05-21T15:55:45" time="705.103" tests="4" failures="0" errors="0" skipped="0">
    <properties>
      <property name="specId" value="0"/>
      <property name="suiteName" value="Manage request + Contract processing pick up option US120163 "/>
      <property name="capabilities" value="chrome.136_0_7103_93.windows"/>
      <property name="file" value="file:///D:/a/1/s/test/specs/R2C/create-request-Pickup.spec.js"/>
    </properties>
    <testcase classname="chrome.136_0_7103_93.windows.Manage_request_+_Contract_processing_pick_up_option_US120163_" name="Should create a new contract" time="80.163">
      <system-out><![CDATA[
COMMAND: POST /session/3a666e1e6263059a660801b53c4ba30d/execute/async - {"script":"<script> [1562 bytes]","args":[{"selector":{"controlType":"sap.m.Text","viewName":"etm.portal.ui.managecontractstile.view.Master","properties":{"text":"Manage Contracts"},"interaction":{"idSuffix":"inner"}},"wdio_ui5_key":"etmportal.ui.managecontractstile.view.Mastersap.m.Text{\"text\":\"Manage Contracts\"}"}]}
RESULT: {"script":"<script> [1562 bytes]","args":[{"selector":{"controlType":"sap.m.Text","viewName":"etm.portal.ui.managecontractstile.view.Master","properties":{"text":"Manage Contracts"},"interaction":{"idSuffix":"inner"}},"wdio_ui5_key":"etmportal.ui.managecontractstile.view.Mastersap.m.Text{\"text\":\"Manage Contracts\"}"}]}
RESULT: undefined
COMMAND: POST /session/3a666e1e6263059a660801b53c4ba30d/element - {"using":"xpath","value":"//*[@id=\"__tile131-title\"]"}
RESULT: {"using":"xpath","value":"//*[@id=\"__tile131-title\"]"}
COMMAND: POST /session/3a666e1e6263059a660801b53c4ba30d/element/f.35BA612EB9C2194724D060812FEF357B.d.6D8F36EF40FE62712525E364A0581AB0.e.3548/click - {}
RESULT: {}
COMMAND: GET /session/3a666e1e6263059a660801b53c4ba30d/screenshot - {}
RESULT: {}
COMMAND: POST /session/3a666e1e6263059a660801b53c4ba30d/execute/async - {"script":"<script> [1562 bytes]","args":[{"selector":{"controlType":"sap.ui.core.Icon","viewName":"etm.portal.ui.managecontracts.view.Master","properties":{"src":{"regex":{"source":"add"}}}},"wdio_ui5_key":"etmportal.ui.managecontracts.view.Mastersap.ui.core.Icon{\"src\":{\"regex\":{\"source\":\"add\"}}}"}]}
RESULT: {"script":"<script> [1562 bytes]","args":[{"selector":{"controlType":"sap.ui.core.Icon","viewName":"etm.portal.ui.managecontracts.view.Master","properties":{"src":{"regex":{"source":"add"}}}},"wdio_ui5_key":"etmportal.ui.managecontracts.view.Mastersap.ui.core.Icon{\"src\":{\"regex\":{\"source\":\"add\"}}}"}]}
RESULT: undefined
COMMAND: POST /session/3a666e1e6263059a660801b53c4ba30d/element - {"using":"xpath","value":"//*[@id=\"__button173-img\"]"}
RESULT: {"using":"xpath","value":"//*[@id=\"__button173-img\"]"}
COMMAND: POST /session/3a666e1e6263059a660801b53c4ba30d/element/f.35BA612EB9C2194724D060812FEF357B.d.6D8F36EF40FE62712525E364A0581AB0.e.3602/click - {}
RESULT: {}
COMMAND: POST /session/3a666e1e6263059a660801b53c4ba30d/execute/async - {"script":"<script> [1562 bytes]","args":[{"selector":{"id":"application-managecontracts-display-component---AddNewContract--projectDescription","interaction":{"idSuffix":"inner"}},"wdio_ui5_key":"applicationmanagecontracts-display-component---AddNewContract--projectDescription"}]}
COMMAND: GET /session/3a666e1e6263059a660801b53c4ba30d/screenshot - {}
RESULT: {"script":"<script> [1562 bytes]","args":[{"selector":{"id":"application-managecontracts-display-component---AddNewContract--projectDescription","interaction":{"idSuffix":"inner"}},"wdio_ui5_key":"applicationmanagecontracts-display-component---AddNewContract--projectDescription"}]}
RESULT: undefined
COMMAND: POST /session/3a666e1e6263059a660801b53c4ba30d/execute/async - {"script":"<script> [776 bytes]","args":[{"enterText":"PickupContractwzzcv","selector":{"id":"application-managecontracts-display-component---AddNewContract--projectDescription","interaction":{"idSuffix":"inner"}},"clearTextFirst":true,"interactionType":"ENTER_TEXT"}]}
RESULT: {}
RESULT: {"script":"<script> [776 bytes]","args":[{"enterText":"PickupContractwzzcv","selector":{"id":"application-managecontracts-display-component---AddNewContract--projectDescription","interaction":{"idSuffix":"inner"}},"clearTextFirst":true,"interactionType":"ENTER_TEXT"}]}
COMMAND: POST /session/3a666e1e6263059a660801b53c4ba30d/element - {"using":"xpath","value":"//input[contains(@id ,\"application-managecontracts-display-component---AddNewContract--yardId-inner\")]"}
RESULT: {"using":"xpath","value":"//input[contains(@id ,\"application-managecontracts-display-component---AddNewContract--yardId-inner\")]"}
COMMAND: POST /session/3a666e1e6263059a660801b53c4ba30d/element/f.35BA612EB9C2194724D060812FEF357B.d.6D8F36EF40FE62712525E364A0581AB0.e.3905/value - {"text":"WebdriverYardv16ue"}
RESULT: {"text":"WebdriverYardv16ue"}
COMMAND: GET /session/3a666e1e6263059a660801b53c4ba30d/screenshot - {}
RESULT: {}
COMMAND: POST /session/3a666e1e6263059a660801b53c4ba30d/actions - {"actions":[{"id":"action32","type":"key","parameters":{},"actions":[{"type":"keyDown","value":""},{"type":"pause","duration":10},{"type":"keyUp","value":""}]}]}
RESULT: {"actions":[{"id":"action32","type":"key","parameters":{},"actions":[{"type":"keyDown","value":""},{"type":"pause","duration":10},{"type":"keyUp","value":""}]}]}
COMMAND: GET /session/3a666e1e6263059a660801b53c4ba30d/screenshot - {}
RESULT: {}
COMMAND: POST /session/3a666e1e6263059a660801b53c4ba30d/element - {"using":"xpath","value":"//input[contains(@id ,\"application-managecontracts-display-component---AddNewContract--customerSelect-inner\")]"}
RESULT: {"using":"xpath","value":"//input[contains(@id ,\"application-managecontracts-display-component---AddNewContract--customerSelect-inner\")]"}
COMMAND: POST /session/3a666e1e6263059a660801b53c4ba30d/element/f.35BA612EB9C2194724D060812FEF357B.d.6D8F36EF40FE62712525E364A0581AB0.e.3903/value - {"text":"WebdriverPartner1231fg"}
RESULT: {"text":"WebdriverPartner1231fg"}
COMMAND: GET /session/3a666e1e6263059a660801b53c4ba30d/screenshot - {}
RESULT: {}
COMMAND: POST /session/3a666e1e6263059a660801b53c4ba30d/actions - {"actions":[{"id":"action33","type":"key","parameters":{},"actions":[{"type":"keyDown","value":""},{"type":"pause","duration":10},{"type":"keyUp","value":""}]}]}
RESULT: {"actions":[{"id":"action33","type":"key","parameters":{},"actions":[{"type":"keyDown","value":""},{"type":"pause","duration":10},{"type":"keyUp","value":""}]}]}
COMMAND: GET /session/3a666e1e6263059a660801b53c4ba30d/screenshot - {}
RESULT: {}
COMMAND: POST /session/3a666e1e6263059a660801b53c4ba30d/element - {"using":"xpath","value":"//input[contains(@id ,\"application-managecontracts-display-component---AddNewContract--site-inner\")]"}
RESULT: {"using":"xpath","value":"//input[contains(@id ,\"application-managecontracts-display-component---AddNewContract--site-inner\")]"}
COMMAND: POST /session/3a666e1e6263059a660801b53c4ba30d/element/f.35BA612EB9C2194724D060812FEF357B.d.6D8F36EF40FE62712525E364A0581AB0.e.3904/value - {"text":"WebdriverSiteegvc"}
RESULT: {"text":"WebdriverSiteegvc"}
COMMAND: GET /session/3a666e1e6263059a660801b53c4ba30d/screenshot - {}
RESULT: {}
COMMAND: POST /session/3a666e1e6263059a660801b53c4ba30d/actions - {"actions":[{"id":"action34","type":"key","parameters":{},"actions":[{"type":"keyDown","value":""},{"type":"pause","duration":10},{"type":"keyUp","value":""}]}]}
RESULT: {"actions":[{"id":"action34","type":"key","parameters":{},"actions":[{"type":"keyDown","value":""},{"type":"pause","duration":10},{"type":"keyUp","value":""}]}]}
COMMAND: GET /session/3a666e1e6263059a660801b53c4ba30d/screenshot - {}
COMMAND: POST /session/3a666e1e6263059a660801b53c4ba30d/execute/async - {"script":"<script> [1562 bytes]","args":[{"selector":{"id":"application-managecontracts-display-component---AddNewContract--saveBtn","interaction":{"idSuffix":"BDI-content"}},"wdio_ui5_key":"applicationmanagecontracts-display-component---AddNewContract--saveBtn"}]}
RESULT: {}
RESULT: {"script":"<script> [1562 bytes]","args":[{"selector":{"id":"application-managecontracts-display-component---AddNewContract--saveBtn","interaction":{"idSuffix":"BDI-content"}},"wdio_ui5_key":"applicationmanagecontracts-display-component---AddNewContract--saveBtn"}]}
RESULT: undefined
COMMAND: POST /session/3a666e1e6263059a660801b53c4ba30d/element - {"using":"xpath","value":"//*[@id=\"application-managecontracts-display-component---AddNewContract--saveBtn\"]"}
RESULT: {"using":"xpath","value":"//*[@id=\"application-managecontracts-display-component---AddNewContract--saveBtn\"]"}
COMMAND: POST /session/3a666e1e6263059a660801b53c4ba30d/element/f.35BA612EB9C2194724D060812FEF357B.d.6D8F36EF40FE62712525E364A0581AB0.e.3935/click - {}
RESULT: {}
COMMAND: GET /session/3a666e1e6263059a660801b53c4ba30d/screenshot - {}
RESULT: {}
COMMAND: POST /session/3a666e1e6263059a660801b53c4ba30d/element - {"using":"xpath","value":"//span[contains(@id ,\"contractDetailTitleNoExpanded\")]"}
RESULT: {"using":"xpath","value":"//span[contains(@id ,\"contractDetailTitleNoExpanded\")]"}
COMMAND: GET /session/3a666e1e6263059a660801b53c4ba30d/element/f.35BA612EB9C2194724D060812FEF357B.d.6D8F36EF40FE62712525E364A0581AB0.e.3947/text - {}
RESULT: {}
COMMAND: POST /session/3a666e1e6263059a660801b53c4ba30d/element - {"using":"css selector","value":"#shell-header-logo"}
RESULT: {"using":"css selector","value":"#shell-header-logo"}
COMMAND: POST /session/3a666e1e6263059a660801b53c4ba30d/element/f.35BA612EB9C2194724D060812FEF357B.d.6D8F36EF40FE62712525E364A0581AB0.e.3550/click - {}
RESULT: {}
COMMAND: GET /session/3a666e1e6263059a660801b53c4ba30d/screenshot - {}
RESULT: {}
]]></system-out>
    </testcase>
    <testcase classname="chrome.136_0_7103_93.windows.Manage_request_+_Contract_processing_pick_up_option_US120163_" name="Should create a new material" time="171.471">
      <system-out><![CDATA[
COMMAND: POST /session/3a666e1e6263059a660801b53c4ba30d/execute/async - {"script":"<script> [1562 bytes]","args":[{"selector":{"controlType":"sap.m.GenericTile","properties":{"header":"Manage Resources"}},"wdio_ui5_key":"sapm.GenericTile{\"header\":\"Manage Resources\"}"}]}
RESULT: {"script":"<script> [1562 bytes]","args":[{"selector":{"controlType":"sap.m.GenericTile","properties":{"header":"Manage Resources"}},"wdio_ui5_key":"sapm.GenericTile{\"header\":\"Manage Resources\"}"}]}
RESULT: undefined
COMMAND: POST /session/3a666e1e6263059a660801b53c4ba30d/element - {"using":"xpath","value":"//*[@id=\"__tile39\"]"}
RESULT: {"using":"xpath","value":"//*[@id=\"__tile39\"]"}
COMMAND: POST /session/3a666e1e6263059a660801b53c4ba30d/element/f.35BA612EB9C2194724D060812FEF357B.d.6D8F36EF40FE62712525E364A0581AB0.e.3949/click - {}
RESULT: {}
COMMAND: GET /session/3a666e1e6263059a660801b53c4ba30d/screenshot - {}
RESULT: {}
COMMAND: POST /session/3a666e1e6263059a660801b53c4ba30d/elements - {"using":"xpath","value":"//span[text()='Error']"}
RESULT: {"using":"xpath","value":"//span[text()='Error']"}
COMMAND: POST /session/3a666e1e6263059a660801b53c4ba30d/element - {"using":"xpath","value":"//button[@data-kt=\"addNewRUOverflowToolbarButton\"]"}
RESULT: {"using":"xpath","value":"//button[@data-kt=\"addNewRUOverflowToolbarButton\"]"}
COMMAND: POST /session/3a666e1e6263059a660801b53c4ba30d/execute/sync - {"script":"<script> [8489 bytes]","args":[{"element-6066-11e4-a52e-4f735466cecf":"f.35BA612EB9C2194724D060812FEF357B.d.6D8F36EF40FE62712525E364A0581AB0.e.3990","ELEMENT":"f.35BA612EB9C2194724D060812FEF357B.d.6D8F36EF40FE62712525E364A0581AB0.e.3990"}]}
RESULT: {"script":"<script> [8489 bytes]","args":[{"element-6066-11e4-a52e-4f735466cecf":"f.35BA612EB9C2194724D060812FEF357B.d.6D8F36EF40FE62712525E364A0581AB0.e.3990","ELEMENT":"f.35BA612EB9C2194724D060812FEF357B.d.6D8F36EF40FE62712525E364A0581AB0.e.3990"}]}
COMMAND: POST /session/3a666e1e6263059a660801b53c4ba30d/element/f.35BA612EB9C2194724D060812FEF357B.d.6D8F36EF40FE62712525E364A0581AB0.e.3990/click - {}
COMMAND: GET /session/3a666e1e6263059a660801b53c4ba30d/screenshot - {}
RESULT: {}
COMMAND: POST /session/3a666e1e6263059a660801b53c4ba30d/execute/async - {"script":"<script> [1562 bytes]","args":[{"selector":{"id":"application-manageresources-display-component---newResourceUnit--TYPE-arrow"},"wdio_ui5_key":"applicationmanageresources-display-component---newResourceUnit--TYPE-arrow"}]}
COMMAND: GET /session/3a666e1e6263059a660801b53c4ba30d/screenshot - {}
RESULT: {}
RESULT: {"script":"<script> [1562 bytes]","args":[{"selector":{"id":"application-manageresources-display-component---newResourceUnit--TYPE-arrow"},"wdio_ui5_key":"applicationmanageresources-display-component---newResourceUnit--TYPE-arrow"}]}
RESULT: undefined
COMMAND: POST /session/3a666e1e6263059a660801b53c4ba30d/element - {"using":"xpath","value":"//*[@id=\"application-manageresources-display-component---newResourceUnit--TYPE-arrow\"]"}
RESULT: {}
RESULT: {"using":"xpath","value":"//*[@id=\"application-manageresources-display-component---newResourceUnit--TYPE-arrow\"]"}
COMMAND: POST /session/3a666e1e6263059a660801b53c4ba30d/element/f.35BA612EB9C2194724D060812FEF357B.d.6D8F36EF40FE62712525E364A0581AB0.e.4308/click - {}
RESULT: {}
COMMAND: POST /session/3a666e1e6263059a660801b53c4ba30d/execute/async - {"script":"<script> [1562 bytes]","args":[{"selector":{"controlType":"sap.m.StandardListItem","viewName":"reusables.view.manageresources.NewResourceUnit","viewId":"application-manageresources-display-component---newResourceUnit","properties":{"title":"Material"},"searchOpenDialogs":true,"interaction":{"idSuffix":"titleText"}},"wdio_ui5_key":"reusablesview.manageresources.NewResourceUnitsap.m.StandardListItem{\"title\":\"Material\"}"}]}
COMMAND: GET /session/3a666e1e6263059a660801b53c4ba30d/screenshot - {}
RESULT: {"script":"<script> [1562 bytes]","args":[{"selector":{"controlType":"sap.m.StandardListItem","viewName":"reusables.view.manageresources.NewResourceUnit","viewId":"application-manageresources-display-component---newResourceUnit","properties":{"title":"Material"},"searchOpenDialogs":true,"interaction":{"idSuffix":"titleText"}},"wdio_ui5_key":"reusablesview.manageresources.NewResourceUnitsap.m.StandardListItem{\"title\":\"Material\"}"}]}
RESULT: undefined
COMMAND: POST /session/3a666e1e6263059a660801b53c4ba30d/element - {"using":"xpath","value":"//*[@id=\"__item4139\"]"}
RESULT: {}
RESULT: {"using":"xpath","value":"//*[@id=\"__item4139\"]"}
COMMAND: POST /session/3a666e1e6263059a660801b53c4ba30d/element/f.35BA612EB9C2194724D060812FEF357B.d.6D8F36EF40FE62712525E364A0581AB0.e.4311/click - {}
RESULT: {}
COMMAND: POST /session/3a666e1e6263059a660801b53c4ba30d/execute/async - {"script":"<script> [1562 bytes]","args":[{"selector":{"id":"application-manageresources-display-component---newResourceUnit--SHORT_TEXT","interaction":{"idSuffix":"inner"}},"wdio_ui5_key":"applicationmanageresources-display-component---newResourceUnit--SHORT_TEXT"}]}
COMMAND: GET /session/3a666e1e6263059a660801b53c4ba30d/screenshot - {}
RESULT: {"script":"<script> [1562 bytes]","args":[{"selector":{"id":"application-manageresources-display-component---newResourceUnit--SHORT_TEXT","interaction":{"idSuffix":"inner"}},"wdio_ui5_key":"applicationmanageresources-display-component---newResourceUnit--SHORT_TEXT"}]}
RESULT: undefined
COMMAND: POST /session/3a666e1e6263059a660801b53c4ba30d/execute/async - {"script":"<script> [776 bytes]","args":[{"enterText":"WebdriverRUR2Cm7jjkj","selector":{"id":"application-manageresources-display-component---newResourceUnit--SHORT_TEXT","interaction":{"idSuffix":"inner"}},"clearTextFirst":true,"interactionType":"ENTER_TEXT"}]}
RESULT: {}
RESULT: {"script":"<script> [776 bytes]","args":[{"enterText":"WebdriverRUR2Cm7jjkj","selector":{"id":"application-manageresources-display-component---newResourceUnit--SHORT_TEXT","interaction":{"idSuffix":"inner"}},"clearTextFirst":true,"interactionType":"ENTER_TEXT"}]}
COMMAND: POST /session/3a666e1e6263059a660801b53c4ba30d/execute/async - {"script":"<script> [1562 bytes]","args":[{"selector":{"id":"application-manageresources-display-component---newResourceUnit--BASE_UNIT_OF_MEASURE-arrow"},"wdio_ui5_key":"applicationmanageresources-display-component---newResourceUnit--BASE_UNIT_OF_MEASURE-arrow"}]}
RESULT: {"script":"<script> [1562 bytes]","args":[{"selector":{"id":"application-manageresources-display-component---newResourceUnit--BASE_UNIT_OF_MEASURE-arrow"},"wdio_ui5_key":"applicationmanageresources-display-component---newResourceUnit--BASE_UNIT_OF_MEASURE-arrow"}]}
RESULT: undefined
COMMAND: POST /session/3a666e1e6263059a660801b53c4ba30d/element - {"using":"xpath","value":"//*[@id=\"application-manageresources-display-component---newResourceUnit--BASE_UNIT_OF_MEASURE-arrow\"]"}
RESULT: {"using":"xpath","value":"//*[@id=\"application-manageresources-display-component---newResourceUnit--BASE_UNIT_OF_MEASURE-arrow\"]"}
COMMAND: POST /session/3a666e1e6263059a660801b53c4ba30d/element/f.35BA612EB9C2194724D060812FEF357B.d.6D8F36EF40FE62712525E364A0581AB0.e.4365/click - {}
RESULT: {}
COMMAND: POST /session/3a666e1e6263059a660801b53c4ba30d/execute/async - {"script":"<script> [1562 bytes]","args":[{"selector":{"controlType":"sap.m.StandardListItem","viewName":"reusables.view.manageresources.NewResourceUnit","viewId":"application-manageresources-display-component---newResourceUnit","properties":{"title":"Piece"},"searchOpenDialogs":true,"interaction":{"idSuffix":"titleText"}},"wdio_ui5_key":"reusablesview.manageresources.NewResourceUnitsap.m.StandardListItem{\"title\":\"Piece\"}"}]}
COMMAND: GET /session/3a666e1e6263059a660801b53c4ba30d/screenshot - {}
RESULT: {"script":"<script> [1562 bytes]","args":[{"selector":{"controlType":"sap.m.StandardListItem","viewName":"reusables.view.manageresources.NewResourceUnit","viewId":"application-manageresources-display-component---newResourceUnit","properties":{"title":"Piece"},"searchOpenDialogs":true,"interaction":{"idSuffix":"titleText"}},"wdio_ui5_key":"reusablesview.manageresources.NewResourceUnitsap.m.StandardListItem{\"title\":\"Piece\"}"}]}
RESULT: undefined
COMMAND: POST /session/3a666e1e6263059a660801b53c4ba30d/element - {"using":"xpath","value":"//*[@id=\"__item4181\"]"}
RESULT: {}
RESULT: {"using":"xpath","value":"//*[@id=\"__item4181\"]"}
COMMAND: POST /session/3a666e1e6263059a660801b53c4ba30d/element/f.35BA612EB9C2194724D060812FEF357B.d.6D8F36EF40FE62712525E364A0581AB0.e.4367/click - {}
RESULT: {}
COMMAND: POST /session/3a666e1e6263059a660801b53c4ba30d/element - {"using":"xpath","value":"//input[contains(@id ,\"application-manageresources-display-component---newResourceUnit--SHORT_TEXT-inner\")]"}
COMMAND: GET /session/3a666e1e6263059a660801b53c4ba30d/screenshot - {}
RESULT: {"using":"xpath","value":"//input[contains(@id ,\"application-manageresources-display-component---newResourceUnit--SHORT_TEXT-inner\")]"}
COMMAND: GET /session/3a666e1e6263059a660801b53c4ba30d/element/f.35BA612EB9C2194724D060812FEF357B.d.6D8F36EF40FE62712525E364A0581AB0.e.4328/property/value - {}
RESULT: {}
RESULT: {}
COMMAND: POST /session/3a666e1e6263059a660801b53c4ba30d/execute/async - {"script":"<script> [1562 bytes]","args":[{"selector":{"id":"application-manageresources-display-component---newResourceUnit--WEIGHT_UNIT-arrow"},"wdio_ui5_key":"applicationmanageresources-display-component---newResourceUnit--WEIGHT_UNIT-arrow"}]}
COMMAND: GET /session/3a666e1e6263059a660801b53c4ba30d/screenshot - {}
RESULT: {}
RESULT: {"script":"<script> [1562 bytes]","args":[{"selector":{"id":"application-manageresources-display-component---newResourceUnit--WEIGHT_UNIT-arrow"},"wdio_ui5_key":"applicationmanageresources-display-component---newResourceUnit--WEIGHT_UNIT-arrow"}]}
RESULT: undefined
COMMAND: POST /session/3a666e1e6263059a660801b53c4ba30d/element - {"using":"xpath","value":"//*[@id=\"application-manageresources-display-component---newResourceUnit--WEIGHT_UNIT-arrow\"]"}
RESULT: {"using":"xpath","value":"//*[@id=\"application-manageresources-display-component---newResourceUnit--WEIGHT_UNIT-arrow\"]"}
COMMAND: POST /session/3a666e1e6263059a660801b53c4ba30d/element/f.35BA612EB9C2194724D060812FEF357B.d.6D8F36EF40FE62712525E364A0581AB0.e.4368/click - {}
RESULT: {}
COMMAND: POST /session/3a666e1e6263059a660801b53c4ba30d/execute/async - {"script":"<script> [1562 bytes]","args":[{"selector":{"controlType":"sap.m.StandardListItem","viewName":"reusables.view.manageresources.NewResourceUnit","viewId":"application-manageresources-display-component---newResourceUnit","properties":{"title":"Gram"},"searchOpenDialogs":true,"interaction":{"idSuffix":"content"}},"wdio_ui5_key":"reusablesview.manageresources.NewResourceUnitsap.m.StandardListItem{\"title\":\"Gram\"}"}]}
COMMAND: GET /session/3a666e1e6263059a660801b53c4ba30d/screenshot - {}
RESULT: {"script":"<script> [1562 bytes]","args":[{"selector":{"controlType":"sap.m.StandardListItem","viewName":"reusables.view.manageresources.NewResourceUnit","viewId":"application-manageresources-display-component---newResourceUnit","properties":{"title":"Gram"},"searchOpenDialogs":true,"interaction":{"idSuffix":"content"}},"wdio_ui5_key":"reusablesview.manageresources.NewResourceUnitsap.m.StandardListItem{\"title\":\"Gram\"}"}]}
RESULT: undefined
COMMAND: POST /session/3a666e1e6263059a660801b53c4ba30d/element - {"using":"xpath","value":"//*[@id=\"__item4246\"]"}
RESULT: {}
RESULT: {"using":"xpath","value":"//*[@id=\"__item4246\"]"}
COMMAND: POST /session/3a666e1e6263059a660801b53c4ba30d/element/f.35BA612EB9C2194724D060812FEF357B.d.6D8F36EF40FE62712525E364A0581AB0.e.4370/click - {}
RESULT: {}
COMMAND: POST /session/3a666e1e6263059a660801b53c4ba30d/execute/async - {"script":"<script> [1562 bytes]","args":[{"selector":{"id":"application-manageresources-display-component---newResourceUnit--newRRUPage-OPHeaderContent-collapseBtn-img"},"wdio_ui5_key":"applicationmanageresources-display-component---newResourceUnit--newRRUPage-OPHeaderContent-collapseBtn-img"}]}
COMMAND: GET /session/3a666e1e6263059a660801b53c4ba30d/screenshot - {}
RESULT: {"script":"<script> [1562 bytes]","args":[{"selector":{"id":"application-manageresources-display-component---newResourceUnit--newRRUPage-OPHeaderContent-collapseBtn-img"},"wdio_ui5_key":"applicationmanageresources-display-component---newResourceUnit--newRRUPage-OPHeaderContent-collapseBtn-img"}]}
RESULT: undefined
COMMAND: POST /session/3a666e1e6263059a660801b53c4ba30d/element - {"using":"xpath","value":"//*[@id=\"application-manageresources-display-component---newResourceUnit--newRRUPage-OPHeaderContent-collapseBtn-img\"]"}
RESULT: {}
RESULT: {"using":"xpath","value":"//*[@id=\"application-manageresources-display-component---newResourceUnit--newRRUPage-OPHeaderContent-collapseBtn-img\"]"}
COMMAND: POST /session/3a666e1e6263059a660801b53c4ba30d/element/f.35BA612EB9C2194724D060812FEF357B.d.6D8F36EF40FE62712525E364A0581AB0.e.4318/click - {}
RESULT: {}
COMMAND: GET /session/3a666e1e6263059a660801b53c4ba30d/screenshot - {}
RESULT: {}
COMMAND: POST /session/3a666e1e6263059a660801b53c4ba30d/element - {"using":"xpath","value":"(//span[contains(@id ,\"application-manageresources-display-component---newResourceUnit--DIMENSION_UNIT-arrow\")])[1]"}
RESULT: {"using":"xpath","value":"(//span[contains(@id ,\"application-manageresources-display-component---newResourceUnit--DIMENSION_UNIT-arrow\")])[1]"}
COMMAND: POST /session/3a666e1e6263059a660801b53c4ba30d/element/f.35BA612EB9C2194724D060812FEF357B.d.6D8F36EF40FE62712525E364A0581AB0.e.4374/click - {}
RESULT: {}
COMMAND: GET /session/3a666e1e6263059a660801b53c4ba30d/screenshot - {}
RESULT: {}
COMMAND: POST /session/3a666e1e6263059a660801b53c4ba30d/execute/async - {"script":"<script> [1562 bytes]","args":[{"selector":{"controlType":"sap.m.StandardListItem","viewName":"reusables.view.manageresources.NewResourceUnit","viewId":"application-manageresources-display-component---newResourceUnit","properties":{"title":"Centimeter"},"searchOpenDialogs":true,"interaction":{"idSuffix":"titleText"}},"wdio_ui5_key":"reusablesview.manageresources.NewResourceUnitsap.m.StandardListItem{\"title\":\"Centimeter\"}"}]}
RESULT: {"script":"<script> [1562 bytes]","args":[{"selector":{"controlType":"sap.m.StandardListItem","viewName":"reusables.view.manageresources.NewResourceUnit","viewId":"application-manageresources-display-component---newResourceUnit","properties":{"title":"Centimeter"},"searchOpenDialogs":true,"interaction":{"idSuffix":"titleText"}},"wdio_ui5_key":"reusablesview.manageresources.NewResourceUnitsap.m.StandardListItem{\"title\":\"Centimeter\"}"}]}
RESULT: undefined
COMMAND: POST /session/3a666e1e6263059a660801b53c4ba30d/element - {"using":"xpath","value":"//*[@id=\"__item4249\"]"}
RESULT: {"using":"xpath","value":"//*[@id=\"__item4249\"]"}
COMMAND: POST /session/3a666e1e6263059a660801b53c4ba30d/element/f.35BA612EB9C2194724D060812FEF357B.d.6D8F36EF40FE62712525E364A0581AB0.e.4378/click - {}
RESULT: {}
COMMAND: POST /session/3a666e1e6263059a660801b53c4ba30d/execute/async - {"script":"<script> [1562 bytes]","args":[{"selector":{"id":"application-manageresources-display-component---newResourceUnit--newRRUPage-anchBar-application-manageresources-display-component---newResourceUnit--reference-anchor","interaction":{"idSuffix":"BDI-content"}},"wdio_ui5_key":"applicationmanageresources-display-component---newResourceUnit--newRRUPage-anchBar-application-manageresources-display-component---newResourceUnit--reference-anchor"}]}
COMMAND: GET /session/3a666e1e6263059a660801b53c4ba30d/screenshot - {}
RESULT: {"script":"<script> [1562 bytes]","args":[{"selector":{"id":"application-manageresources-display-component---newResourceUnit--newRRUPage-anchBar-application-manageresources-display-component---newResourceUnit--reference-anchor","interaction":{"idSuffix":"BDI-content"}},"wdio_ui5_key":"applicationmanageresources-display-component---newResourceUnit--newRRUPage-anchBar-application-manageresources-display-component---newResourceUnit--reference-anchor"}]}
RESULT: undefined
COMMAND: POST /session/3a666e1e6263059a660801b53c4ba30d/element - {"using":"xpath","value":"//*[@id=\"application-manageresources-display-component---newResourceUnit--newRRUPage-anchBar-application-manageresources-display-component---newResourceUnit--reference-anchor\"]"}
RESULT: {}
RESULT: {"using":"xpath","value":"//*[@id=\"application-manageresources-display-component---newResourceUnit--newRRUPage-anchBar-application-manageresources-display-component---newResourceUnit--reference-anchor\"]"}
COMMAND: POST /session/3a666e1e6263059a660801b53c4ba30d/element/f.35BA612EB9C2194724D060812FEF357B.d.6D8F36EF40FE62712525E364A0581AB0.e.4380/click - {}
RESULT: {}
COMMAND: POST /session/3a666e1e6263059a660801b53c4ba30d/execute/async - {"script":"<script> [1562 bytes]","args":[{"selector":{"id":"application-manageresources-display-component---newResourceUnit--PLANNING_GROUP-arrow"},"wdio_ui5_key":"applicationmanageresources-display-component---newResourceUnit--PLANNING_GROUP-arrow"}]}
COMMAND: GET /session/3a666e1e6263059a660801b53c4ba30d/screenshot - {}
RESULT: {"script":"<script> [1562 bytes]","args":[{"selector":{"id":"application-manageresources-display-component---newResourceUnit--PLANNING_GROUP-arrow"},"wdio_ui5_key":"applicationmanageresources-display-component---newResourceUnit--PLANNING_GROUP-arrow"}]}
RESULT: undefined
COMMAND: POST /session/3a666e1e6263059a660801b53c4ba30d/element - {"using":"xpath","value":"//*[@id=\"application-manageresources-display-component---newResourceUnit--PLANNING_GROUP-arrow\"]"}
RESULT: {}
RESULT: {"using":"xpath","value":"//*[@id=\"application-manageresources-display-component---newResourceUnit--PLANNING_GROUP-arrow\"]"}
COMMAND: POST /session/3a666e1e6263059a660801b53c4ba30d/element/f.35BA612EB9C2194724D060812FEF357B.d.6D8F36EF40FE62712525E364A0581AB0.e.4384/click - {}
RESULT: {}
COMMAND: POST /session/3a666e1e6263059a660801b53c4ba30d/execute/async - {"script":"<script> [1562 bytes]","args":[{"selector":{"controlType":"sap.m.StandardListItem","viewName":"reusables.view.manageresources.NewResourceUnit","viewId":"application-manageresources-display-component---newResourceUnit","properties":{"title":"Heavy Equi"},"searchOpenDialogs":true,"interaction":{"idSuffix":"content"}},"wdio_ui5_key":"reusablesview.manageresources.NewResourceUnitsap.m.StandardListItem{\"title\":\"Heavy Equi\"}"}]}
COMMAND: GET /session/3a666e1e6263059a660801b53c4ba30d/screenshot - {}
RESULT: {"script":"<script> [1562 bytes]","args":[{"selector":{"controlType":"sap.m.StandardListItem","viewName":"reusables.view.manageresources.NewResourceUnit","viewId":"application-manageresources-display-component---newResourceUnit","properties":{"title":"Heavy Equi"},"searchOpenDialogs":true,"interaction":{"idSuffix":"content"}},"wdio_ui5_key":"reusablesview.manageresources.NewResourceUnitsap.m.StandardListItem{\"title\":\"Heavy Equi\"}"}]}
RESULT: undefined
COMMAND: POST /session/3a666e1e6263059a660801b53c4ba30d/element - {"using":"xpath","value":"//*[@id=\"__item4257\"]"}
RESULT: {}
RESULT: {"using":"xpath","value":"//*[@id=\"__item4257\"]"}
COMMAND: POST /session/3a666e1e6263059a660801b53c4ba30d/element/f.35BA612EB9C2194724D060812FEF357B.d.6D8F36EF40FE62712525E364A0581AB0.e.4388/click - {}
RESULT: {}
COMMAND: GET /session/3a666e1e6263059a660801b53c4ba30d/screenshot - {}
RESULT: {}
COMMAND: POST /session/3a666e1e6263059a660801b53c4ba30d/execute/async - {"script":"<script> [1562 bytes]","args":[{"selector":{"id":"application-manageresources-display-component---newResourceUnit--PLANNING_INDICATOR-arrow"},"wdio_ui5_key":"applicationmanageresources-display-component---newResourceUnit--PLANNING_INDICATOR-arrow"}]}
RESULT: {"script":"<script> [1562 bytes]","args":[{"selector":{"id":"application-manageresources-display-component---newResourceUnit--PLANNING_INDICATOR-arrow"},"wdio_ui5_key":"applicationmanageresources-display-component---newResourceUnit--PLANNING_INDICATOR-arrow"}]}
RESULT: undefined
COMMAND: POST /session/3a666e1e6263059a660801b53c4ba30d/element - {"using":"xpath","value":"//*[@id=\"application-manageresources-display-component---newResourceUnit--PLANNING_INDICATOR-arrow\"]"}
RESULT: {"using":"xpath","value":"//*[@id=\"application-manageresources-display-component---newResourceUnit--PLANNING_INDICATOR-arrow\"]"}
COMMAND: POST /session/3a666e1e6263059a660801b53c4ba30d/element/f.35BA612EB9C2194724D060812FEF357B.d.6D8F36EF40FE62712525E364A0581AB0.e.4389/click - {}
RESULT: {}
COMMAND: POST /session/3a666e1e6263059a660801b53c4ba30d/execute/async - {"script":"<script> [1562 bytes]","args":[{"selector":{"controlType":"sap.m.StandardListItem","viewName":"reusables.view.manageresources.NewResourceUnit","viewId":"application-manageresources-display-component---newResourceUnit","properties":{"title":"10 - infinite"},"searchOpenDialogs":true,"interaction":{"idSuffix":"content"}},"wdio_ui5_key":"reusablesview.manageresources.NewResourceUnitsap.m.StandardListItem{\"title\":\"10 - infinite\"}"}]}
COMMAND: GET /session/3a666e1e6263059a660801b53c4ba30d/screenshot - {}
RESULT: {"script":"<script> [1562 bytes]","args":[{"selector":{"controlType":"sap.m.StandardListItem","viewName":"reusables.view.manageresources.NewResourceUnit","viewId":"application-manageresources-display-component---newResourceUnit","properties":{"title":"10 - infinite"},"searchOpenDialogs":true,"interaction":{"idSuffix":"content"}},"wdio_ui5_key":"reusablesview.manageresources.NewResourceUnitsap.m.StandardListItem{\"title\":\"10 - infinite\"}"}]}
RESULT: undefined
COMMAND: POST /session/3a666e1e6263059a660801b53c4ba30d/element - {"using":"xpath","value":"//*[@id=\"__item4267\"]"}
RESULT: {}
RESULT: {"using":"xpath","value":"//*[@id=\"__item4267\"]"}
COMMAND: POST /session/3a666e1e6263059a660801b53c4ba30d/element/f.35BA612EB9C2194724D060812FEF357B.d.6D8F36EF40FE62712525E364A0581AB0.e.4391/click - {}
RESULT: {}
COMMAND: GET /session/3a666e1e6263059a660801b53c4ba30d/screenshot - {}
RESULT: {}
COMMAND: POST /session/3a666e1e6263059a660801b53c4ba30d/element - {"using":"xpath","value":"//bdi[contains(text(), \"Time Segment\")]"}
RESULT: {"using":"xpath","value":"//bdi[contains(text(), \"Time Segment\")]"}
COMMAND: GET /session/3a666e1e6263059a660801b53c4ba30d/element/f.35BA612EB9C2194724D060812FEF357B.d.6D8F36EF40FE62712525E364A0581AB0.e.4392/rect - {}
RESULT: {}
COMMAND: GET /session/3a666e1e6263059a660801b53c4ba30d/window/rect - {}
RESULT: {}
COMMAND: POST /session/3a666e1e6263059a660801b53c4ba30d/execute/sync - {"script":"<script> [92 bytes]","args":[]}
RESULT: {"script":"<script> [92 bytes]","args":[]}
COMMAND: POST /session/3a666e1e6263059a660801b53c4ba30d/actions - {"actions":[{"id":"action35","type":"wheel","parameters":{},"actions":[{"type":"scroll","x":-1820,"y":-21,"deltaX":0,"deltaY":0,"duration":0,"origin":{"element-6066-11e4-a52e-4f735466cecf":"f.35BA612EB9C2194724D060812FEF357B.d.6D8F36EF40FE62712525E364A0581AB0.e.4392"}}]}]}
COMMAND: GET /session/3a666e1e6263059a660801b53c4ba30d/screenshot - {}
RESULT: {}
COMMAND: POST /session/3a666e1e6263059a660801b53c4ba30d/execute/sync - {"script":"<script> [79 bytes]","args":[{"element-6066-11e4-a52e-4f735466cecf":"f.35BA612EB9C2194724D060812FEF357B.d.6D8F36EF40FE62712525E364A0581AB0.e.4392","ELEMENT":"f.35BA612EB9C2194724D060812FEF357B.d.6D8F36EF40FE62712525E364A0581AB0.e.4392"},{"block":"start","inline":"nearest"}]}
RESULT: {"script":"<script> [79 bytes]","args":[{"element-6066-11e4-a52e-4f735466cecf":"f.35BA612EB9C2194724D060812FEF357B.d.6D8F36EF40FE62712525E364A0581AB0.e.4392","ELEMENT":"f.35BA612EB9C2194724D060812FEF357B.d.6D8F36EF40FE62712525E364A0581AB0.e.4392"},{"block":"start","inline":"nearest"}]}
COMMAND: GET /session/3a666e1e6263059a660801b53c4ba30d/screenshot - {}
RESULT: {}
COMMAND: POST /session/3a666e1e6263059a660801b53c4ba30d/element - {"using":"xpath","value":"//span[@id=\"application-manageresources-display-component---newResourceUnit--btnAddTimeSegment-img\"]"}
RESULT: {"using":"xpath","value":"//span[@id=\"application-manageresources-display-component---newResourceUnit--btnAddTimeSegment-img\"]"}
COMMAND: POST /session/3a666e1e6263059a660801b53c4ba30d/execute/sync - {"script":"<script> [8489 bytes]","args":[{"element-6066-11e4-a52e-4f735466cecf":"f.35BA612EB9C2194724D060812FEF357B.d.6D8F36EF40FE62712525E364A0581AB0.e.4395","ELEMENT":"f.35BA612EB9C2194724D060812FEF357B.d.6D8F36EF40FE62712525E364A0581AB0.e.4395"}]}
RESULT: {"script":"<script> [8489 bytes]","args":[{"element-6066-11e4-a52e-4f735466cecf":"f.35BA612EB9C2194724D060812FEF357B.d.6D8F36EF40FE62712525E364A0581AB0.e.4395","ELEMENT":"f.35BA612EB9C2194724D060812FEF357B.d.6D8F36EF40FE62712525E364A0581AB0.e.4395"}]}
COMMAND: POST /session/3a666e1e6263059a660801b53c4ba30d/element/f.35BA612EB9C2194724D060812FEF357B.d.6D8F36EF40FE62712525E364A0581AB0.e.4395/click - {}
COMMAND: GET /session/3a666e1e6263059a660801b53c4ba30d/screenshot - {}
RESULT: {}
COMMAND: GET /session/3a666e1e6263059a660801b53c4ba30d/screenshot - {}
COMMAND: POST /session/3a666e1e6263059a660801b53c4ba30d/element - {"using":"xpath","value":"//input[@id=\"application-manageresources-display-component---newResourceUnit--idRuTSAdmin-application-manageresources-display-component---newResourceUnit--RUTimeSegment-0-inner\"]"}
RESULT: {}
RESULT: {}
RESULT: {"using":"xpath","value":"//input[@id=\"application-manageresources-display-component---newResourceUnit--idRuTSAdmin-application-manageresources-display-component---newResourceUnit--RUTimeSegment-0-inner\"]"}
COMMAND: POST /session/3a666e1e6263059a660801b53c4ba30d/element/f.35BA612EB9C2194724D060812FEF357B.d.6D8F36EF40FE62712525E364A0581AB0.e.4398/clear - {}
RESULT: {}
COMMAND: POST /session/3a666e1e6263059a660801b53c4ba30d/element/f.35BA612EB9C2194724D060812FEF357B.d.6D8F36EF40FE62712525E364A0581AB0.e.4398/value - {"text":"WebdriverYardv16ue"}
COMMAND: GET /session/3a666e1e6263059a660801b53c4ba30d/screenshot - {}
RESULT: {"text":"WebdriverYardv16ue"}
COMMAND: GET /session/3a666e1e6263059a660801b53c4ba30d/screenshot - {}
RESULT: {}
RESULT: {}
COMMAND: POST /session/3a666e1e6263059a660801b53c4ba30d/actions - {"actions":[{"id":"action36","type":"key","parameters":{},"actions":[{"type":"keyDown","value":""},{"type":"pause","duration":10},{"type":"keyUp","value":""}]}]}
RESULT: {"actions":[{"id":"action36","type":"key","parameters":{},"actions":[{"type":"keyDown","value":""},{"type":"pause","duration":10},{"type":"keyUp","value":""}]}]}
COMMAND: GET /session/3a666e1e6263059a660801b53c4ba30d/screenshot - {}
RESULT: {}
COMMAND: POST /session/3a666e1e6263059a660801b53c4ba30d/execute/async - {"script":"<script> [1562 bytes]","args":[{"selector":{"controlType":"sap.m.Button","viewName":"reusables.view.manageresources.NewResourceUnit","viewId":"application-manageresources-display-component---newResourceUnit","i18NText":{"propertyName":"tooltip","key":"save"},"interaction":{"idSuffix":"BDI-content"}},"wdio_ui5_key":"reusablesview.manageresources.NewResourceUnitsap.m.Button{\"propertyName\":\"tooltip\",\"key\":\"save\"}"}]}
RESULT: {"script":"<script> [1562 bytes]","args":[{"selector":{"controlType":"sap.m.Button","viewName":"reusables.view.manageresources.NewResourceUnit","viewId":"application-manageresources-display-component---newResourceUnit","i18NText":{"propertyName":"tooltip","key":"save"},"interaction":{"idSuffix":"BDI-content"}},"wdio_ui5_key":"reusablesview.manageresources.NewResourceUnitsap.m.Button{\"propertyName\":\"tooltip\",\"key\":\"save\"}"}]}
RESULT: undefined
COMMAND: POST /session/3a666e1e6263059a660801b53c4ba30d/element - {"using":"xpath","value":"//*[@id=\"application-manageresources-display-component---newResourceUnit--createRuButton\"]"}
RESULT: {"using":"xpath","value":"//*[@id=\"application-manageresources-display-component---newResourceUnit--createRuButton\"]"}
COMMAND: POST /session/3a666e1e6263059a660801b53c4ba30d/element/f.35BA612EB9C2194724D060812FEF357B.d.6D8F36EF40FE62712525E364A0581AB0.e.4324/click - {}
RESULT: {}
COMMAND: GET /session/3a666e1e6263059a660801b53c4ba30d/screenshot - {}
RESULT: {}
COMMAND: POST /session/3a666e1e6263059a660801b53c4ba30d/execute/async - {"script":"<script> [1562 bytes]","args":[{"selector":{"controlType":"sap.m.Title","properties":{"text":"Success"},"searchOpenDialogs":true},"wdio_ui5_key":"sapm.Title{\"text\":\"Success\"}"}]}
RESULT: {"script":"<script> [1562 bytes]","args":[{"selector":{"controlType":"sap.m.Title","properties":{"text":"Success"},"searchOpenDialogs":true},"wdio_ui5_key":"sapm.Title{\"text\":\"Success\"}"}]}
RESULT: undefined
COMMAND: POST /session/3a666e1e6263059a660801b53c4ba30d/execute/async - {"script":"<script> [6424 bytes]","args":[{"element-6066-11e4-a52e-4f735466cecf":"f.35BA612EB9C2194724D060812FEF357B.d.6D8F36EF40FE62712525E364A0581AB0.e.4415"},"getText",[]]}
RESULT: {"script":"<script> [6424 bytes]","args":[{"element-6066-11e4-a52e-4f735466cecf":"f.35BA612EB9C2194724D060812FEF357B.d.6D8F36EF40FE62712525E364A0581AB0.e.4415"},"getText",[]]}
COMMAND: POST /session/3a666e1e6263059a660801b53c4ba30d/element - {"using":"xpath","value":"//*[contains(@id, '__text') and (contains(text(), 'successfully created') or contains(., 'successfully created'))]"}
RESULT: {"using":"xpath","value":"//*[contains(@id, '__text') and (contains(text(), 'successfully created') or contains(., 'successfully created'))]"}
COMMAND: GET /session/3a666e1e6263059a660801b53c4ba30d/element/f.35BA612EB9C2194724D060812FEF357B.d.6D8F36EF40FE62712525E364A0581AB0.e.4413/text - {}
RESULT: {}
COMMAND: POST /session/3a666e1e6263059a660801b53c4ba30d/execute/async - {"script":"<script> [1562 bytes]","args":[{"selector":{"controlType":"sap.m.Button","properties":{"text":"Close"},"searchOpenDialogs":true,"interaction":{"idSuffix":"BDI-content"}},"wdio_ui5_key":"sapm.Button{\"text\":\"Close\"}"}]}
RESULT: {"script":"<script> [1562 bytes]","args":[{"selector":{"controlType":"sap.m.Button","properties":{"text":"Close"},"searchOpenDialogs":true,"interaction":{"idSuffix":"BDI-content"}},"wdio_ui5_key":"sapm.Button{\"text\":\"Close\"}"}]}
RESULT: undefined
COMMAND: POST /session/3a666e1e6263059a660801b53c4ba30d/element - {"using":"xpath","value":"//*[@id=\"__mbox-btn-1\"]"}
RESULT: {"using":"xpath","value":"//*[@id=\"__mbox-btn-1\"]"}
COMMAND: POST /session/3a666e1e6263059a660801b53c4ba30d/element/f.35BA612EB9C2194724D060812FEF357B.d.6D8F36EF40FE62712525E364A0581AB0.e.4412/click - {}
RESULT: {}
COMMAND: GET /session/3a666e1e6263059a660801b53c4ba30d/screenshot - {}
RESULT: {}
COMMAND: POST /session/3a666e1e6263059a660801b53c4ba30d/execute/async - {"script":"<script> [1562 bytes]","args":[{"selector":{"controlType":"sap.ui.core.Icon","viewName":"etm.portal.ui.manageresources.view.Detail","viewId":"application-manageresources-display-component---detailRU","properties":{"src":{"regex":{"source":"overflow"}}}},"wdio_ui5_key":"etmportal.ui.manageresources.view.Detailsap.ui.core.Icon{\"src\":{\"regex\":{\"source\":\"overflow\"}}}"}]}
RESULT: {"script":"<script> [1562 bytes]","args":[{"selector":{"controlType":"sap.ui.core.Icon","viewName":"etm.portal.ui.manageresources.view.Detail","viewId":"application-manageresources-display-component---detailRU","properties":{"src":{"regex":{"source":"overflow"}}}},"wdio_ui5_key":"etmportal.ui.manageresources.view.Detailsap.ui.core.Icon{\"src\":{\"regex\":{\"source\":\"overflow\"}}}"}]}
RESULT: undefined
COMMAND: POST /session/3a666e1e6263059a660801b53c4ba30d/element - {"using":"xpath","value":"//*[@id=\"__title72-_actionsToolbar-overflowButton-img\"]"}
RESULT: {"using":"xpath","value":"//*[@id=\"__title72-_actionsToolbar-overflowButton-img\"]"}
COMMAND: POST /session/3a666e1e6263059a660801b53c4ba30d/element/f.35BA612EB9C2194724D060812FEF357B.d.6D8F36EF40FE62712525E364A0581AB0.e.4450/click - {}
RESULT: {}
COMMAND: POST /session/3a666e1e6263059a660801b53c4ba30d/execute/async - {"script":"<script> [1562 bytes]","args":[{"selector":{"controlType":"sap.m.Button","viewName":"etm.portal.ui.manageresources.view.Detail","viewId":"application-manageresources-display-component---detailRU","i18NText":{"propertyName":"tooltip","key":"closeColumn"},"searchOpenDialogs":true,"interaction":{"idSuffix":"inner"}},"wdio_ui5_key":"etmportal.ui.manageresources.view.Detailsap.m.Button{\"propertyName\":\"tooltip\",\"key\":\"closeColumn\"}"}]}
COMMAND: GET /session/3a666e1e6263059a660801b53c4ba30d/screenshot - {}
RESULT: {"script":"<script> [1562 bytes]","args":[{"selector":{"controlType":"sap.m.Button","viewName":"etm.portal.ui.manageresources.view.Detail","viewId":"application-manageresources-display-component---detailRU","i18NText":{"propertyName":"tooltip","key":"closeColumn"},"searchOpenDialogs":true,"interaction":{"idSuffix":"inner"}},"wdio_ui5_key":"etmportal.ui.manageresources.view.Detailsap.m.Button{\"propertyName\":\"tooltip\",\"key\":\"closeColumn\"}"}]}
RESULT: undefined
COMMAND: POST /session/3a666e1e6263059a660801b53c4ba30d/element - {"using":"xpath","value":"//*[@id=\"__button233\"]"}
RESULT: {}
RESULT: {"using":"xpath","value":"//*[@id=\"__button233\"]"}
COMMAND: POST /session/3a666e1e6263059a660801b53c4ba30d/element/f.35BA612EB9C2194724D060812FEF357B.d.6D8F36EF40FE62712525E364A0581AB0.e.4454/click - {}
RESULT: {}
COMMAND: GET /session/3a666e1e6263059a660801b53c4ba30d/screenshot - {}
RESULT: {}
COMMAND: POST /session/3a666e1e6263059a660801b53c4ba30d/refresh - {}
RESULT: {}
COMMAND: GET /session/3a666e1e6263059a660801b53c4ba30d/screenshot - {}
RESULT: {}
COMMAND: POST /session/3a666e1e6263059a660801b53c4ba30d/execute/async - {"script":"<script> [189 bytes]","args":[]}
RESULT: {"script":"<script> [189 bytes]","args":[]}
COMMAND: POST /session/3a666e1e6263059a660801b53c4ba30d/execute/async - {"script":"<script> [123 bytes]","args":[]}
RESULT: {"script":"<script> [123 bytes]","args":[]}
COMMAND: POST /session/3a666e1e6263059a660801b53c4ba30d/timeouts - {"script":"<number>"}
RESULT: {"script":"<number>"}
COMMAND: GET /session/3a666e1e6263059a660801b53c4ba30d/timeouts - {}
RESULT: {}
RESULT: undefined
COMMAND: POST /session/3a666e1e6263059a660801b53c4ba30d/execute/async - {"script":"<script> [2676 bytes]","args":[]}
RESULT: {"script":"<script> [2676 bytes]","args":[]}
COMMAND: POST /session/3a666e1e6263059a660801b53c4ba30d/execute/async - {"script":"<script> [2342 bytes]","args":[{"protocol":"http","hostname":"0.0.0.0","path":"/","capabilities":{"browserName":"chrome","goog:chromeOptions":{"binary":"C:\\Program Files\\Google\\Chrome\\Application\\chrome.exe","args":["--start-maximized"]}},"logLevel":"warn","connectionRetryTimeout":120000,"connectionRetryCount":3,"logLevels":{},"enableDirectConnect":true,"strictSSL":true,"_":"65 more keys: [\"cacheDir\",\"port\",\"requestedCapabilities\",\"automationProtocol\",\"baseUrl\",\"waitforInterval\",\"waitforTimeout\",\"onReload\",\"beforeCommand\",\"afterCommand\",\"rootDir\",\"specs\",\"suites\",\"exclude\",\"groupLogsByTestSpec\",\"excludeDriverLogs\",\"bail\",\"framework\",\"reporters\",\"services\",\"maxInstances\",\"maxInstancesPerCapability\",\"injectGlobals\",\"filesToWatch\",\"execArgv\",\"runnerEnv\",\"runner\",\"shard\",\"specFileRetries\",\"specFileRetriesDelay\",\"specFileRetriesDeferred\",\"reporterSyncInterval\",\"reporterSyncTimeout\",\"cucumberFeaturesWithLineNumbers\",\"autoCompileOpts\",\"mochaOpts\",\"jasmineOpts\",\"cucumberOpts\",\"onPrepare\",\"onWorkerStart\",\"onWorkerEnd\",\"before\",\"beforeSession\",\"beforeSuite\",\"beforeHook\",\"beforeTest\",\"afterTest\",\"afterHook\",\"afterSuite\",\"afterSession\",\"after\",\"onComplete\",\"beforeAssertion\",\"afterAssertion\",\"beforeFeature\",\"beforeScenario\",\"beforeStep\",\"afterStep\",\"afterScenario\",\"afterFeature\",\"_\",\"suite\",\"$0\",\"ignoredWorkerServices\",\"wdi5\"]"}]}
RESULT: {"script":"<script> [2342 bytes]","args":[{"protocol":"http","hostname":"0.0.0.0","path":"/","capabilities":{"browserName":"chrome","goog:chromeOptions":{"binary":"C:\\Program Files\\Google\\Chrome\\Application\\chrome.exe","args":["--start-maximized"]}},"logLevel":"warn","connectionRetryTimeout":120000,"connectionRetryCount":3,"logLevels":{},"enableDirectConnect":true,"strictSSL":true,"_":"65 more keys: [\"cacheDir\",\"port\",\"requestedCapabilities\",\"automationProtocol\",\"baseUrl\",\"waitforInterval\",\"waitforTimeout\",\"onReload\",\"beforeCommand\",\"afterCommand\",\"rootDir\",\"specs\",\"suites\",\"exclude\",\"groupLogsByTestSpec\",\"excludeDriverLogs\",\"bail\",\"framework\",\"reporters\",\"services\",\"maxInstances\",\"maxInstancesPerCapability\",\"injectGlobals\",\"filesToWatch\",\"execArgv\",\"runnerEnv\",\"runner\",\"shard\",\"specFileRetries\",\"specFileRetriesDelay\",\"specFileRetriesDeferred\",\"reporterSyncInterval\",\"reporterSyncTimeout\",\"cucumberFeaturesWithLineNumbers\",\"autoCompileOpts\",\"mochaOpts\",\"jasmineOpts\",\"cucumberOpts\",\"onPrepare\",\"onWorkerStart\",\"onWorkerEnd\",\"before\",\"beforeSession\",\"beforeSuite\",\"beforeHook\",\"beforeTest\",\"afterTest\",\"afterHook\",\"afterSuite\",\"afterSession\",\"after\",\"onComplete\",\"beforeAssertion\",\"afterAssertion\",\"beforeFeature\",\"beforeScenario\",\"beforeStep\",\"afterStep\",\"afterScenario\",\"afterFeature\",\"_\",\"suite\",\"$0\",\"ignoredWorkerServices\",\"wdi5\"]"}]}
COMMAND: POST /session/3a666e1e6263059a660801b53c4ba30d/execute/async - {"script":"<script> [21126 bytes]","args":[35000]}
RESULT: {"script":"<script> [21126 bytes]","args":[35000]}
COMMAND: POST /session/3a666e1e6263059a660801b53c4ba30d/element - {"using":"css selector","value":"#shell-header-logo"}
RESULT: {"using":"css selector","value":"#shell-header-logo"}
COMMAND: POST /session/3a666e1e6263059a660801b53c4ba30d/element/f.35BA612EB9C2194724D060812FEF357B.d.D57418E00FEB5595B78458D571C6CE8E.e.4561/click - {}
RESULT: {}
COMMAND: GET /session/3a666e1e6263059a660801b53c4ba30d/screenshot - {}
RESULT: {}
COMMAND: POST /session/3a666e1e6263059a660801b53c4ba30d/element - {"using":"css selector","value":"#shell-header-logo"}
RESULT: {"using":"css selector","value":"#shell-header-logo"}
COMMAND: POST /session/3a666e1e6263059a660801b53c4ba30d/element/f.35BA612EB9C2194724D060812FEF357B.d.D57418E00FEB5595B78458D571C6CE8E.e.4740/click - {}
RESULT: {}
COMMAND: GET /session/3a666e1e6263059a660801b53c4ba30d/screenshot - {}
RESULT: {}
]]></system-out>
    </testcase>
    <testcase classname="chrome.136_0_7103_93.windows.Manage_request_+_Contract_processing_pick_up_option_US120163_" name="Should Create New Request pick up option" time="227.185">
      <system-out><![CDATA[
COMMAND: POST /session/3a666e1e6263059a660801b53c4ba30d/element - {"using":"css selector","value":"#shell-header-logo"}
RESULT: {"using":"css selector","value":"#shell-header-logo"}
COMMAND: POST /session/3a666e1e6263059a660801b53c4ba30d/element/f.35BA612EB9C2194724D060812FEF357B.d.D57418E00FEB5595B78458D571C6CE8E.e.4740/click - {}
RESULT: {}
COMMAND: GET /session/3a666e1e6263059a660801b53c4ba30d/screenshot - {}
RESULT: {}
COMMAND: POST /session/3a666e1e6263059a660801b53c4ba30d/execute/async - {"script":"<script> [1562 bytes]","args":[{"selector":{"controlType":"sap.m.GenericTile","properties":{"header":"Manage Requests"}},"wdio_ui5_key":"sapm.GenericTile{\"header\":\"Manage Requests\"}"}]}
RESULT: {"script":"<script> [1562 bytes]","args":[{"selector":{"controlType":"sap.m.GenericTile","properties":{"header":"Manage Requests"}},"wdio_ui5_key":"sapm.GenericTile{\"header\":\"Manage Requests\"}"}]}
RESULT: undefined
COMMAND: POST /session/3a666e1e6263059a660801b53c4ba30d/element - {"using":"xpath","value":"//*[@id=\"__tile47\"]"}
RESULT: {"using":"xpath","value":"//*[@id=\"__tile47\"]"}
COMMAND: POST /session/3a666e1e6263059a660801b53c4ba30d/element/f.35BA612EB9C2194724D060812FEF357B.d.D57418E00FEB5595B78458D571C6CE8E.e.4749/click - {}
RESULT: {}
COMMAND: GET /session/3a666e1e6263059a660801b53c4ba30d/screenshot - {}
RESULT: {}
COMMAND: POST /session/3a666e1e6263059a660801b53c4ba30d/elements - {"using":"xpath","value":"//span[text()='Error']"}
RESULT: {"using":"xpath","value":"//span[text()='Error']"}
COMMAND: POST /session/3a666e1e6263059a660801b53c4ba30d/refresh - {}
RESULT: {}
COMMAND: GET /session/3a666e1e6263059a660801b53c4ba30d/screenshot - {}
RESULT: {}
COMMAND: POST /session/3a666e1e6263059a660801b53c4ba30d/execute/async - {"script":"<script> [189 bytes]","args":[]}
RESULT: {"script":"<script> [189 bytes]","args":[]}
COMMAND: POST /session/3a666e1e6263059a660801b53c4ba30d/execute/async - {"script":"<script> [123 bytes]","args":[]}
RESULT: {"script":"<script> [123 bytes]","args":[]}
COMMAND: POST /session/3a666e1e6263059a660801b53c4ba30d/timeouts - {"script":"<number>"}
RESULT: {"script":"<number>"}
COMMAND: GET /session/3a666e1e6263059a660801b53c4ba30d/timeouts - {}
RESULT: {}
RESULT: undefined
COMMAND: POST /session/3a666e1e6263059a660801b53c4ba30d/execute/async - {"script":"<script> [2676 bytes]","args":[]}
RESULT: {"script":"<script> [2676 bytes]","args":[]}
COMMAND: POST /session/3a666e1e6263059a660801b53c4ba30d/execute/async - {"script":"<script> [2342 bytes]","args":[{"protocol":"http","hostname":"0.0.0.0","path":"/","capabilities":{"browserName":"chrome","goog:chromeOptions":{"binary":"C:\\Program Files\\Google\\Chrome\\Application\\chrome.exe","args":["--start-maximized"]}},"logLevel":"warn","connectionRetryTimeout":120000,"connectionRetryCount":3,"logLevels":{},"enableDirectConnect":true,"strictSSL":true,"_":"65 more keys: [\"cacheDir\",\"port\",\"requestedCapabilities\",\"automationProtocol\",\"baseUrl\",\"waitforInterval\",\"waitforTimeout\",\"onReload\",\"beforeCommand\",\"afterCommand\",\"rootDir\",\"specs\",\"suites\",\"exclude\",\"groupLogsByTestSpec\",\"excludeDriverLogs\",\"bail\",\"framework\",\"reporters\",\"services\",\"maxInstances\",\"maxInstancesPerCapability\",\"injectGlobals\",\"filesToWatch\",\"execArgv\",\"runnerEnv\",\"runner\",\"shard\",\"specFileRetries\",\"specFileRetriesDelay\",\"specFileRetriesDeferred\",\"reporterSyncInterval\",\"reporterSyncTimeout\",\"cucumberFeaturesWithLineNumbers\",\"autoCompileOpts\",\"mochaOpts\",\"jasmineOpts\",\"cucumberOpts\",\"onPrepare\",\"onWorkerStart\",\"onWorkerEnd\",\"before\",\"beforeSession\",\"beforeSuite\",\"beforeHook\",\"beforeTest\",\"afterTest\",\"afterHook\",\"afterSuite\",\"afterSession\",\"after\",\"onComplete\",\"beforeAssertion\",\"afterAssertion\",\"beforeFeature\",\"beforeScenario\",\"beforeStep\",\"afterStep\",\"afterScenario\",\"afterFeature\",\"_\",\"suite\",\"$0\",\"ignoredWorkerServices\",\"wdi5\"]"}]}
RESULT: {"script":"<script> [2342 bytes]","args":[{"protocol":"http","hostname":"0.0.0.0","path":"/","capabilities":{"browserName":"chrome","goog:chromeOptions":{"binary":"C:\\Program Files\\Google\\Chrome\\Application\\chrome.exe","args":["--start-maximized"]}},"logLevel":"warn","connectionRetryTimeout":120000,"connectionRetryCount":3,"logLevels":{},"enableDirectConnect":true,"strictSSL":true,"_":"65 more keys: [\"cacheDir\",\"port\",\"requestedCapabilities\",\"automationProtocol\",\"baseUrl\",\"waitforInterval\",\"waitforTimeout\",\"onReload\",\"beforeCommand\",\"afterCommand\",\"rootDir\",\"specs\",\"suites\",\"exclude\",\"groupLogsByTestSpec\",\"excludeDriverLogs\",\"bail\",\"framework\",\"reporters\",\"services\",\"maxInstances\",\"maxInstancesPerCapability\",\"injectGlobals\",\"filesToWatch\",\"execArgv\",\"runnerEnv\",\"runner\",\"shard\",\"specFileRetries\",\"specFileRetriesDelay\",\"specFileRetriesDeferred\",\"reporterSyncInterval\",\"reporterSyncTimeout\",\"cucumberFeaturesWithLineNumbers\",\"autoCompileOpts\",\"mochaOpts\",\"jasmineOpts\",\"cucumberOpts\",\"onPrepare\",\"onWorkerStart\",\"onWorkerEnd\",\"before\",\"beforeSession\",\"beforeSuite\",\"beforeHook\",\"beforeTest\",\"afterTest\",\"afterHook\",\"afterSuite\",\"afterSession\",\"after\",\"onComplete\",\"beforeAssertion\",\"afterAssertion\",\"beforeFeature\",\"beforeScenario\",\"beforeStep\",\"afterStep\",\"afterScenario\",\"afterFeature\",\"_\",\"suite\",\"$0\",\"ignoredWorkerServices\",\"wdi5\"]"}]}
COMMAND: POST /session/3a666e1e6263059a660801b53c4ba30d/execute/async - {"script":"<script> [21126 bytes]","args":[35000]}
RESULT: {"script":"<script> [21126 bytes]","args":[35000]}
COMMAND: POST /session/3a666e1e6263059a660801b53c4ba30d/element - {"using":"xpath","value":"//button[contains(@data-kt ,\"btnCreateNewOverflowToolbarButton\")]"}
COMMAND: POST /session/3a666e1e6263059a660801b53c4ba30d/element - {"using":"xpath","value":"(//span[contains(@class ,\"sapMObjStatusText\")])[1]"}
RESULT: {"using":"xpath","value":"(//span[contains(@class ,\"sapMObjStatusText\")])[1]"}
COMMAND: POST /session/3a666e1e6263059a660801b53c4ba30d/execute/sync - {"script":"<script> [8489 bytes]","args":[{"element-6066-11e4-a52e-4f735466cecf":"f.35BA612EB9C2194724D060812FEF357B.d.4B6452B1DC29D51F6EC0A29AC0F7156F.e.4937","ELEMENT":"f.35BA612EB9C2194724D060812FEF357B.d.4B6452B1DC29D51F6EC0A29AC0F7156F.e.4937"}]}
RESULT: {"using":"xpath","value":"//button[contains(@data-kt ,\"btnCreateNewOverflowToolbarButton\")]"}
COMMAND: POST /session/3a666e1e6263059a660801b53c4ba30d/element/f.35BA612EB9C2194724D060812FEF357B.d.4B6452B1DC29D51F6EC0A29AC0F7156F.e.4905/click - {}
RESULT: {"script":"<script> [8489 bytes]","args":[{"element-6066-11e4-a52e-4f735466cecf":"f.35BA612EB9C2194724D060812FEF357B.d.4B6452B1DC29D51F6EC0A29AC0F7156F.e.4937","ELEMENT":"f.35BA612EB9C2194724D060812FEF357B.d.4B6452B1DC29D51F6EC0A29AC0F7156F.e.4937"}]}
COMMAND: GET /session/3a666e1e6263059a660801b53c4ba30d/screenshot - {}
RESULT: {}
COMMAND: GET /session/3a666e1e6263059a660801b53c4ba30d/screenshot - {}
RESULT: {}
RESULT: {}
COMMAND: POST /session/3a666e1e6263059a660801b53c4ba30d/element - {"using":"xpath","value":"//input[contains(@id ,\"yardId-inner\")]"}
RESULT: {"using":"xpath","value":"//input[contains(@id ,\"yardId-inner\")]"}
COMMAND: POST /session/3a666e1e6263059a660801b53c4ba30d/execute/sync - {"script":"<script> [8489 bytes]","args":[{"element-6066-11e4-a52e-4f735466cecf":"f.35BA612EB9C2194724D060812FEF357B.d.4B6452B1DC29D51F6EC0A29AC0F7156F.e.5032","ELEMENT":"f.35BA612EB9C2194724D060812FEF357B.d.4B6452B1DC29D51F6EC0A29AC0F7156F.e.5032"}]}
RESULT: {"script":"<script> [8489 bytes]","args":[{"element-6066-11e4-a52e-4f735466cecf":"f.35BA612EB9C2194724D060812FEF357B.d.4B6452B1DC29D51F6EC0A29AC0F7156F.e.5032","ELEMENT":"f.35BA612EB9C2194724D060812FEF357B.d.4B6452B1DC29D51F6EC0A29AC0F7156F.e.5032"}]}
COMMAND: POST /session/3a666e1e6263059a660801b53c4ba30d/element - {"using":"xpath","value":"//input[contains(@id ,\"requestContractNo-inner\")]"}
COMMAND: POST /session/3a666e1e6263059a660801b53c4ba30d/element - {"using":"xpath","value":"//input[contains(@id ,\"yardId-inner\")]"}
COMMAND: GET /session/3a666e1e6263059a660801b53c4ba30d/screenshot - {}
RESULT: {"using":"xpath","value":"//input[contains(@id ,\"requestContractNo-inner\")]"}
COMMAND: POST /session/3a666e1e6263059a660801b53c4ba30d/element/f.35BA612EB9C2194724D060812FEF357B.d.4B6452B1DC29D51F6EC0A29AC0F7156F.e.5029/value - {"text":"10472"}
RESULT: {"using":"xpath","value":"//input[contains(@id ,\"yardId-inner\")]"}
COMMAND: GET /session/3a666e1e6263059a660801b53c4ba30d/element/f.35BA612EB9C2194724D060812FEF357B.d.4B6452B1DC29D51F6EC0A29AC0F7156F.e.5032/enabled - {}
RESULT: {}
RESULT: {"text":"10472"}
COMMAND: GET /session/3a666e1e6263059a660801b53c4ba30d/screenshot - {}
RESULT: {}
COMMAND: GET /session/3a666e1e6263059a660801b53c4ba30d/screenshot - {}
RESULT: {}
RESULT: {}
COMMAND: POST /session/3a666e1e6263059a660801b53c4ba30d/actions - {"actions":[{"id":"action37","type":"key","parameters":{},"actions":[{"type":"keyDown","value":""},{"type":"pause","duration":10},{"type":"keyUp","value":""}]}]}
RESULT: {"actions":[{"id":"action37","type":"key","parameters":{},"actions":[{"type":"keyDown","value":""},{"type":"pause","duration":10},{"type":"keyUp","value":""}]}]}
COMMAND: GET /session/3a666e1e6263059a660801b53c4ba30d/screenshot - {}
RESULT: {}
COMMAND: POST /session/3a666e1e6263059a660801b53c4ba30d/execute/async - {"script":"<script> [1562 bytes]","args":[{"selector":{"controlType":"sap.m.Button","viewName":"etm.portal.ui.managerequests.view.NewRequest","properties":{"text":"Items"},"interaction":{"idSuffix":"BDI-content"}},"wdio_ui5_key":"etmportal.ui.managerequests.view.NewRequestsap.m.Button{\"text\":\"Items\"}"}]}
RESULT: {"script":"<script> [1562 bytes]","args":[{"selector":{"controlType":"sap.m.Button","viewName":"etm.portal.ui.managerequests.view.NewRequest","properties":{"text":"Items"},"interaction":{"idSuffix":"BDI-content"}},"wdio_ui5_key":"etmportal.ui.managerequests.view.NewRequestsap.m.Button{\"text\":\"Items\"}"}]}
RESULT: undefined
COMMAND: POST /session/3a666e1e6263059a660801b53c4ba30d/element - {"using":"xpath","value":"//*[@id=\"__xmlview1--newRequestPage-anchBar-__xmlview1--requestItemsSection-anchor\"]"}
RESULT: {"using":"xpath","value":"//*[@id=\"__xmlview1--newRequestPage-anchBar-__xmlview1--requestItemsSection-anchor\"]"}
COMMAND: POST /session/3a666e1e6263059a660801b53c4ba30d/element/f.35BA612EB9C2194724D060812FEF357B.d.4B6452B1DC29D51F6EC0A29AC0F7156F.e.5220/click - {}
RESULT: {}
COMMAND: GET /session/3a666e1e6263059a660801b53c4ba30d/screenshot - {}
RESULT: {}
COMMAND: POST /session/3a666e1e6263059a660801b53c4ba30d/execute/async - {"script":"<script> [1562 bytes]","args":[{"selector":{"controlType":"sap.ui.core.Icon","viewName":"etm.portal.ui.managerequests.view.NewRequest","properties":{"src":{"regex":{"source":"inspect"}}}},"wdio_ui5_key":"etmportal.ui.managerequests.view.NewRequestsap.ui.core.Icon{\"src\":{\"regex\":{\"source\":\"inspect\"}}}"}]}
RESULT: {"script":"<script> [1562 bytes]","args":[{"selector":{"controlType":"sap.ui.core.Icon","viewName":"etm.portal.ui.managerequests.view.NewRequest","properties":{"src":{"regex":{"source":"inspect"}}}},"wdio_ui5_key":"etmportal.ui.managerequests.view.NewRequestsap.ui.core.Icon{\"src\":{\"regex\":{\"source\":\"inspect\"}}}"}]}
RESULT: undefined
COMMAND: POST /session/3a666e1e6263059a660801b53c4ba30d/element - {"using":"xpath","value":"//*[@id=\"__button8-img\"]"}
RESULT: {"using":"xpath","value":"//*[@id=\"__button8-img\"]"}
COMMAND: POST /session/3a666e1e6263059a660801b53c4ba30d/element/f.35BA612EB9C2194724D060812FEF357B.d.4B6452B1DC29D51F6EC0A29AC0F7156F.e.5224/click - {}
RESULT: {}
COMMAND: GET /session/3a666e1e6263059a660801b53c4ba30d/screenshot - {}
RESULT: {}
COMMAND: POST /session/3a666e1e6263059a660801b53c4ba30d/execute/async - {"script":"<script> [1562 bytes]","args":[{"selector":{"controlType":"sap.ui.core.Icon","viewName":"etm.portal.ui.managerequests.view.NewRequest","properties":{"src":{"regex":{"source":"add"}}}},"wdio_ui5_key":"etmportal.ui.managerequests.view.NewRequestsap.ui.core.Icon{\"src\":{\"regex\":{\"source\":\"add\"}}}"}]}
RESULT: {"script":"<script> [1562 bytes]","args":[{"selector":{"controlType":"sap.ui.core.Icon","viewName":"etm.portal.ui.managerequests.view.NewRequest","properties":{"src":{"regex":{"source":"add"}}}},"wdio_ui5_key":"etmportal.ui.managerequests.view.NewRequestsap.ui.core.Icon{\"src\":{\"regex\":{\"source\":\"add\"}}}"}]}
RESULT: undefined
COMMAND: POST /session/3a666e1e6263059a660801b53c4ba30d/element - {"using":"xpath","value":"//*[@id=\"__xmlview1--btnAddTableRow-img\"]"}
RESULT: {"using":"xpath","value":"//*[@id=\"__xmlview1--btnAddTableRow-img\"]"}
COMMAND: POST /session/3a666e1e6263059a660801b53c4ba30d/element/f.35BA612EB9C2194724D060812FEF357B.d.4B6452B1DC29D51F6EC0A29AC0F7156F.e.5232/click - {}
RESULT: {}
COMMAND: GET /session/3a666e1e6263059a660801b53c4ba30d/screenshot - {}
RESULT: {}
COMMAND: POST /session/3a666e1e6263059a660801b53c4ba30d/execute/async - {"script":"<script> [1562 bytes]","args":[{"selector":{"controlType":"sap.ui.unified.MenuItem","viewName":"etm.portal.ui.managerequests.view.NewRequest","i18NText":{"propertyName":"text","key":"standardEntry"},"searchOpenDialogs":true,"interaction":{"idSuffix":"txt"}},"wdio_ui5_key":"etmportal.ui.managerequests.view.NewRequestsap.ui.unified.MenuItem{\"propertyName\":\"text\",\"key\":\"standardEntry\"}"}]}
RESULT: {"script":"<script> [1562 bytes]","args":[{"selector":{"controlType":"sap.ui.unified.MenuItem","viewName":"etm.portal.ui.managerequests.view.NewRequest","i18NText":{"propertyName":"text","key":"standardEntry"},"searchOpenDialogs":true,"interaction":{"idSuffix":"txt"}},"wdio_ui5_key":"etmportal.ui.managerequests.view.NewRequestsap.ui.unified.MenuItem{\"propertyName\":\"text\",\"key\":\"standardEntry\"}"}]}
RESULT: undefined
COMMAND: POST /session/3a666e1e6263059a660801b53c4ba30d/element - {"using":"xpath","value":"//*[@id=\"__item171\"]"}
RESULT: {"using":"xpath","value":"//*[@id=\"__item171\"]"}
COMMAND: POST /session/3a666e1e6263059a660801b53c4ba30d/element/f.35BA612EB9C2194724D060812FEF357B.d.4B6452B1DC29D51F6EC0A29AC0F7156F.e.5236/click - {}
RESULT: {}
COMMAND: GET /session/3a666e1e6263059a660801b53c4ba30d/screenshot - {}
RESULT: {}
RESULT: undefined
COMMAND: POST /session/3a666e1e6263059a660801b53c4ba30d/element - {"using":"xpath","value":"//*[@id=\"__xmlview1--btnAddTableRow-img\"]"}
RESULT: {"using":"xpath","value":"//*[@id=\"__xmlview1--btnAddTableRow-img\"]"}
COMMAND: POST /session/3a666e1e6263059a660801b53c4ba30d/element/f.35BA612EB9C2194724D060812FEF357B.d.4B6452B1DC29D51F6EC0A29AC0F7156F.e.5232/click - {}
RESULT: {}
COMMAND: GET /session/3a666e1e6263059a660801b53c4ba30d/screenshot - {}
RESULT: {}
RESULT: undefined
COMMAND: POST /session/3a666e1e6263059a660801b53c4ba30d/element - {"using":"xpath","value":"//*[@id=\"__item171\"]"}
RESULT: {"using":"xpath","value":"//*[@id=\"__item171\"]"}
COMMAND: POST /session/3a666e1e6263059a660801b53c4ba30d/element/f.35BA612EB9C2194724D060812FEF357B.d.4B6452B1DC29D51F6EC0A29AC0F7156F.e.5251/click - {}
RESULT: {}
COMMAND: GET /session/3a666e1e6263059a660801b53c4ba30d/screenshot - {}
RESULT: {}
COMMAND: POST /session/3a666e1e6263059a660801b53c4ba30d/element - {"using":"xpath","value":"(//input[contains(@id ,\"requestItemsTable-0-inner\")])[5]"}
RESULT: {"using":"xpath","value":"(//input[contains(@id ,\"requestItemsTable-0-inner\")])[5]"}
COMMAND: POST /session/3a666e1e6263059a660801b53c4ba30d/element/f.35BA612EB9C2194724D060812FEF357B.d.4B6452B1DC29D51F6EC0A29AC0F7156F.e.5242/clear - {}
RESULT: {}
COMMAND: POST /session/3a666e1e6263059a660801b53c4ba30d/element/f.35BA612EB9C2194724D060812FEF357B.d.4B6452B1DC29D51F6EC0A29AC0F7156F.e.5242/value - {"text":"1000001"}
COMMAND: GET /session/3a666e1e6263059a660801b53c4ba30d/screenshot - {}
RESULT: {"text":"1000001"}
COMMAND: GET /session/3a666e1e6263059a660801b53c4ba30d/screenshot - {}
RESULT: {}
RESULT: {}
COMMAND: POST /session/3a666e1e6263059a660801b53c4ba30d/actions - {"actions":[{"id":"action38","type":"key","parameters":{},"actions":[{"type":"keyDown","value":""},{"type":"pause","duration":10},{"type":"keyUp","value":""}]}]}
RESULT: {"actions":[{"id":"action38","type":"key","parameters":{},"actions":[{"type":"keyDown","value":""},{"type":"pause","duration":10},{"type":"keyUp","value":""}]}]}
COMMAND: POST /session/3a666e1e6263059a660801b53c4ba30d/element - {"using":"xpath","value":"(//input[contains(@id ,\"requestItemsTable-1-inner\")])[5]"}
COMMAND: GET /session/3a666e1e6263059a660801b53c4ba30d/screenshot - {}
RESULT: {"using":"xpath","value":"(//input[contains(@id ,\"requestItemsTable-1-inner\")])[5]"}
COMMAND: POST /session/3a666e1e6263059a660801b53c4ba30d/element/f.35BA612EB9C2194724D060812FEF357B.d.4B6452B1DC29D51F6EC0A29AC0F7156F.e.5257/clear - {}
RESULT: {}
RESULT: {}
COMMAND: POST /session/3a666e1e6263059a660801b53c4ba30d/element/f.35BA612EB9C2194724D060812FEF357B.d.4B6452B1DC29D51F6EC0A29AC0F7156F.e.5257/value - {"text":"200375"}
COMMAND: GET /session/3a666e1e6263059a660801b53c4ba30d/screenshot - {}
RESULT: {"text":"200375"}
COMMAND: GET /session/3a666e1e6263059a660801b53c4ba30d/screenshot - {}
RESULT: {}
RESULT: {}
COMMAND: POST /session/3a666e1e6263059a660801b53c4ba30d/actions - {"actions":[{"id":"action39","type":"key","parameters":{},"actions":[{"type":"keyDown","value":""},{"type":"pause","duration":10},{"type":"keyUp","value":""}]}]}
RESULT: {"actions":[{"id":"action39","type":"key","parameters":{},"actions":[{"type":"keyDown","value":""},{"type":"pause","duration":10},{"type":"keyUp","value":""}]}]}
COMMAND: POST /session/3a666e1e6263059a660801b53c4ba30d/element - {"using":"xpath","value":"//div[contains(@data-kt ,\"splitAllocationObjectStatus\")]"}
COMMAND: GET /session/3a666e1e6263059a660801b53c4ba30d/screenshot - {}
RESULT: {"using":"xpath","value":"//div[contains(@data-kt ,\"splitAllocationObjectStatus\")]"}
COMMAND: POST /session/3a666e1e6263059a660801b53c4ba30d/elements - {"using":"xpath","value":"//div[contains(@data-kt ,\"splitAllocationObjectStatus\")]"}
RESULT: {}
RESULT: {"using":"xpath","value":"//div[contains(@data-kt ,\"splitAllocationObjectStatus\")]"}
COMMAND: POST /session/3a666e1e6263059a660801b53c4ba30d/execute/async - {"script":"<script> [1562 bytes]","args":[{"selector":{"controlType":"sap.ui.core.Icon","viewName":"etm.portal.ui.managerequests.view.NewRequest","properties":{"src":{"regex":{"source":"message\\-error"}}},"ancestor":{"controlType":"sap.m.ColumnListItem","viewName":"etm.portal.ui.managerequests.view.NewRequest","bindingPath":{"modelName":"newRequestItems","path":"/RequestItems/0"},"ancestor":{"id":"requestItemsTable","viewName":"etm.portal.ui.managerequests.view.NewRequest"}}},"wdio_ui5_key":"etmportal.ui.managerequests.view.NewRequestsap.ui.core.Icon{\"src\":{\"regex\":{\"source\":\"message\\\\-error\"}}}{\"controlType\":\"sap.m.ColumnListItem\",\"viewName\":\"etm.portal.ui.managerequests.view.NewRequest\",\"bindingPath\":{\"modelName\":\"newRequestItems\",\"path\":\"/RequestItems/0\"},\"ancestor\":{\"id\":\"requestItemsTable\",\"viewName\":\"etm.portal.ui.managerequests.view.NewRequest\"}}"}]}
RESULT: {"script":"<script> [1562 bytes]","args":[{"selector":{"controlType":"sap.ui.core.Icon","viewName":"etm.portal.ui.managerequests.view.NewRequest","properties":{"src":{"regex":{"source":"message\\-error"}}},"ancestor":{"controlType":"sap.m.ColumnListItem","viewName":"etm.portal.ui.managerequests.view.NewRequest","bindingPath":{"modelName":"newRequestItems","path":"/RequestItems/0"},"ancestor":{"id":"requestItemsTable","viewName":"etm.portal.ui.managerequests.view.NewRequest"}}},"wdio_ui5_key":"etmportal.ui.managerequests.view.NewRequestsap.ui.core.Icon{\"src\":{\"regex\":{\"source\":\"message\\\\-error\"}}}{\"controlType\":\"sap.m.ColumnListItem\",\"viewName\":\"etm.portal.ui.managerequests.view.NewRequest\",\"bindingPath\":{\"modelName\":\"newRequestItems\",\"path\":\"/RequestItems/0\"},\"ancestor\":{\"id\":\"requestItemsTable\",\"viewName\":\"etm.portal.ui.managerequests.view.NewRequest\"}}"}]}
RESULT: undefined
COMMAND: POST /session/3a666e1e6263059a660801b53c4ba30d/element - {"using":"xpath","value":"//*[@id=\"__status4-__xmlview1--requestItemsTable-0-icon\"]"}
RESULT: {"using":"xpath","value":"//*[@id=\"__status4-__xmlview1--requestItemsTable-0-icon\"]"}
COMMAND: POST /session/3a666e1e6263059a660801b53c4ba30d/element/f.35BA612EB9C2194724D060812FEF357B.d.4B6452B1DC29D51F6EC0A29AC0F7156F.e.5269/click - {}
RESULT: {}
COMMAND: GET /session/3a666e1e6263059a660801b53c4ba30d/screenshot - {}
RESULT: {}
COMMAND: POST /session/3a666e1e6263059a660801b53c4ba30d/execute/async - {"script":"<script> [1562 bytes]","args":[{"selector":{"id":"costObjectAdminTypeComboBox","viewName":"etm.portal.ui.managerequests.view.NewRequest","searchOpenDialogs":true,"interaction":{"idSuffix":"inner"}},"wdio_ui5_key":"costObjectAdminTypeComboBoxetmportal.ui.managerequests.view.NewRequest"}]}
RESULT: {"script":"<script> [1562 bytes]","args":[{"selector":{"id":"costObjectAdminTypeComboBox","viewName":"etm.portal.ui.managerequests.view.NewRequest","searchOpenDialogs":true,"interaction":{"idSuffix":"inner"}},"wdio_ui5_key":"costObjectAdminTypeComboBoxetmportal.ui.managerequests.view.NewRequest"}]}
RESULT: undefined
COMMAND: POST /session/3a666e1e6263059a660801b53c4ba30d/execute/async - {"script":"<script> [776 bytes]","args":[{"enterText":"Cost Center","selector":{"id":"costObjectAdminTypeComboBox","viewName":"etm.portal.ui.managerequests.view.NewRequest","searchOpenDialogs":true,"interaction":{"idSuffix":"inner"}},"clearTextFirst":true,"interactionType":"ENTER_TEXT"}]}
RESULT: {"script":"<script> [776 bytes]","args":[{"enterText":"Cost Center","selector":{"id":"costObjectAdminTypeComboBox","viewName":"etm.portal.ui.managerequests.view.NewRequest","searchOpenDialogs":true,"interaction":{"idSuffix":"inner"}},"clearTextFirst":true,"interactionType":"ENTER_TEXT"}]}
COMMAND: POST /session/3a666e1e6263059a660801b53c4ba30d/actions - {"actions":[{"id":"action40","type":"key","parameters":{},"actions":[{"type":"keyDown","value":""},{"type":"pause","duration":10},{"type":"keyUp","value":""}]}]}
RESULT: {"actions":[{"id":"action40","type":"key","parameters":{},"actions":[{"type":"keyDown","value":""},{"type":"pause","duration":10},{"type":"keyUp","value":""}]}]}
COMMAND: GET /session/3a666e1e6263059a660801b53c4ba30d/screenshot - {}
RESULT: {}
COMMAND: POST /session/3a666e1e6263059a660801b53c4ba30d/execute/async - {"script":"<script> [1562 bytes]","args":[{"selector":{"id":"costObjectIdComboBox","viewName":"etm.portal.ui.managerequests.view.NewRequest","searchOpenDialogs":true,"interaction":{"idSuffix":"inner"}},"wdio_ui5_key":"costObjectIdComboBoxetmportal.ui.managerequests.view.NewRequest"}]}
RESULT: {"script":"<script> [1562 bytes]","args":[{"selector":{"id":"costObjectIdComboBox","viewName":"etm.portal.ui.managerequests.view.NewRequest","searchOpenDialogs":true,"interaction":{"idSuffix":"inner"}},"wdio_ui5_key":"costObjectIdComboBoxetmportal.ui.managerequests.view.NewRequest"}]}
RESULT: undefined
COMMAND: POST /session/3a666e1e6263059a660801b53c4ba30d/execute/async - {"script":"<script> [776 bytes]","args":[{"enterText":"1001 - 1001","selector":{"id":"costObjectIdComboBox","viewName":"etm.portal.ui.managerequests.view.NewRequest","searchOpenDialogs":true,"interaction":{"idSuffix":"inner"}},"clearTextFirst":true,"interactionType":"ENTER_TEXT"}]}
RESULT: {"script":"<script> [776 bytes]","args":[{"enterText":"1001 - 1001","selector":{"id":"costObjectIdComboBox","viewName":"etm.portal.ui.managerequests.view.NewRequest","searchOpenDialogs":true,"interaction":{"idSuffix":"inner"}},"clearTextFirst":true,"interactionType":"ENTER_TEXT"}]}
COMMAND: POST /session/3a666e1e6263059a660801b53c4ba30d/actions - {"actions":[{"id":"action41","type":"key","parameters":{},"actions":[{"type":"keyDown","value":""},{"type":"pause","duration":10},{"type":"keyUp","value":""}]}]}
RESULT: {"actions":[{"id":"action41","type":"key","parameters":{},"actions":[{"type":"keyDown","value":""},{"type":"pause","duration":10},{"type":"keyUp","value":""}]}]}
COMMAND: GET /session/3a666e1e6263059a660801b53c4ba30d/screenshot - {}
RESULT: {}
COMMAND: POST /session/3a666e1e6263059a660801b53c4ba30d/element - {"using":"xpath","value":"(//bdi[(text() = 'Save' or . = 'Save')])[1]"}
RESULT: {"using":"xpath","value":"(//bdi[(text() = 'Save' or . = 'Save')])[1]"}
COMMAND: POST /session/3a666e1e6263059a660801b53c4ba30d/element/f.35BA612EB9C2194724D060812FEF357B.d.4B6452B1DC29D51F6EC0A29AC0F7156F.e.5283/click - {}
RESULT: {}
COMMAND: POST /session/3a666e1e6263059a660801b53c4ba30d/execute/async - {"script":"<script> [1562 bytes]","args":[{"selector":{"controlType":"sap.ui.core.Icon","viewName":"etm.portal.ui.managerequests.view.NewRequest","properties":{"src":{"regex":{"source":"message\\-error"}}},"ancestor":{"controlType":"sap.m.ColumnListItem","viewName":"etm.portal.ui.managerequests.view.NewRequest","bindingPath":{"modelName":"newRequestItems","path":"/RequestItems/1"},"ancestor":{"id":"requestItemsTable","viewName":"etm.portal.ui.managerequests.view.NewRequest"}}},"wdio_ui5_key":"etmportal.ui.managerequests.view.NewRequestsap.ui.core.Icon{\"src\":{\"regex\":{\"source\":\"message\\\\-error\"}}}{\"controlType\":\"sap.m.ColumnListItem\",\"viewName\":\"etm.portal.ui.managerequests.view.NewRequest\",\"bindingPath\":{\"modelName\":\"newRequestItems\",\"path\":\"/RequestItems/1\"},\"ancestor\":{\"id\":\"requestItemsTable\",\"viewName\":\"etm.portal.ui.managerequests.view.NewRequest\"}}"}]}
COMMAND: GET /session/3a666e1e6263059a660801b53c4ba30d/screenshot - {}
RESULT: {"script":"<script> [1562 bytes]","args":[{"selector":{"controlType":"sap.ui.core.Icon","viewName":"etm.portal.ui.managerequests.view.NewRequest","properties":{"src":{"regex":{"source":"message\\-error"}}},"ancestor":{"controlType":"sap.m.ColumnListItem","viewName":"etm.portal.ui.managerequests.view.NewRequest","bindingPath":{"modelName":"newRequestItems","path":"/RequestItems/1"},"ancestor":{"id":"requestItemsTable","viewName":"etm.portal.ui.managerequests.view.NewRequest"}}},"wdio_ui5_key":"etmportal.ui.managerequests.view.NewRequestsap.ui.core.Icon{\"src\":{\"regex\":{\"source\":\"message\\\\-error\"}}}{\"controlType\":\"sap.m.ColumnListItem\",\"viewName\":\"etm.portal.ui.managerequests.view.NewRequest\",\"bindingPath\":{\"modelName\":\"newRequestItems\",\"path\":\"/RequestItems/1\"},\"ancestor\":{\"id\":\"requestItemsTable\",\"viewName\":\"etm.portal.ui.managerequests.view.NewRequest\"}}"}]}
RESULT: undefined
COMMAND: POST /session/3a666e1e6263059a660801b53c4ba30d/element - {"using":"xpath","value":"//*[@id=\"__status4-__xmlview1--requestItemsTable-1-icon\"]"}
RESULT: {}
RESULT: {"using":"xpath","value":"//*[@id=\"__status4-__xmlview1--requestItemsTable-1-icon\"]"}
COMMAND: POST /session/3a666e1e6263059a660801b53c4ba30d/element/f.35BA612EB9C2194724D060812FEF357B.d.4B6452B1DC29D51F6EC0A29AC0F7156F.e.5286/click - {}
RESULT: {}
COMMAND: GET /session/3a666e1e6263059a660801b53c4ba30d/screenshot - {}
RESULT: {}
RESULT: undefined
COMMAND: POST /session/3a666e1e6263059a660801b53c4ba30d/execute/async - {"script":"<script> [776 bytes]","args":[{"enterText":"Cost Center","selector":{"id":"costObjectAdminTypeComboBox","viewName":"etm.portal.ui.managerequests.view.NewRequest","searchOpenDialogs":true,"interaction":{"idSuffix":"inner"}},"clearTextFirst":true,"interactionType":"ENTER_TEXT"}]}
RESULT: {"script":"<script> [776 bytes]","args":[{"enterText":"Cost Center","selector":{"id":"costObjectAdminTypeComboBox","viewName":"etm.portal.ui.managerequests.view.NewRequest","searchOpenDialogs":true,"interaction":{"idSuffix":"inner"}},"clearTextFirst":true,"interactionType":"ENTER_TEXT"}]}
COMMAND: POST /session/3a666e1e6263059a660801b53c4ba30d/actions - {"actions":[{"id":"action42","type":"key","parameters":{},"actions":[{"type":"keyDown","value":""},{"type":"pause","duration":10},{"type":"keyUp","value":""}]}]}
RESULT: {"actions":[{"id":"action42","type":"key","parameters":{},"actions":[{"type":"keyDown","value":""},{"type":"pause","duration":10},{"type":"keyUp","value":""}]}]}
COMMAND: GET /session/3a666e1e6263059a660801b53c4ba30d/screenshot - {}
RESULT: {}
RESULT: undefined
COMMAND: POST /session/3a666e1e6263059a660801b53c4ba30d/execute/async - {"script":"<script> [776 bytes]","args":[{"enterText":"1001 - 1001","selector":{"id":"costObjectIdComboBox","viewName":"etm.portal.ui.managerequests.view.NewRequest","searchOpenDialogs":true,"interaction":{"idSuffix":"inner"}},"clearTextFirst":true,"interactionType":"ENTER_TEXT"}]}
RESULT: {"script":"<script> [776 bytes]","args":[{"enterText":"1001 - 1001","selector":{"id":"costObjectIdComboBox","viewName":"etm.portal.ui.managerequests.view.NewRequest","searchOpenDialogs":true,"interaction":{"idSuffix":"inner"}},"clearTextFirst":true,"interactionType":"ENTER_TEXT"}]}
COMMAND: POST /session/3a666e1e6263059a660801b53c4ba30d/actions - {"actions":[{"id":"action43","type":"key","parameters":{},"actions":[{"type":"keyDown","value":""},{"type":"pause","duration":10},{"type":"keyUp","value":""}]}]}
RESULT: {"actions":[{"id":"action43","type":"key","parameters":{},"actions":[{"type":"keyDown","value":""},{"type":"pause","duration":10},{"type":"keyUp","value":""}]}]}
COMMAND: GET /session/3a666e1e6263059a660801b53c4ba30d/screenshot - {}
RESULT: {}
COMMAND: POST /session/3a666e1e6263059a660801b53c4ba30d/element - {"using":"xpath","value":"(//bdi[(text() = 'Save' or . = 'Save')])[1]"}
RESULT: {"using":"xpath","value":"(//bdi[(text() = 'Save' or . = 'Save')])[1]"}
COMMAND: POST /session/3a666e1e6263059a660801b53c4ba30d/element/f.35BA612EB9C2194724D060812FEF357B.d.4B6452B1DC29D51F6EC0A29AC0F7156F.e.5298/click - {}
RESULT: {}
COMMAND: GET /session/3a666e1e6263059a660801b53c4ba30d/screenshot - {}
RESULT: {}
COMMAND: POST /session/3a666e1e6263059a660801b53c4ba30d/execute/async - {"script":"<script> [1562 bytes]","args":[{"selector":{"controlType":"sap.m.Button","viewName":"etm.portal.ui.managerequests.view.NewRequest","bindingPath":{"path":"/RequestItems/0","propertyPath":"PICK_UP","modelName":"newRequestItems"},"interaction":{"idSuffix":"BDI-content"}},"wdio_ui5_key":"etmportal.ui.managerequests.view.NewRequestsap.m.Button{\"path\":\"/RequestItems/0\",\"propertyPath\":\"PICK_UP\",\"modelName\":\"newRequestItems\"}"}]}
RESULT: {"script":"<script> [1562 bytes]","args":[{"selector":{"controlType":"sap.m.Button","viewName":"etm.portal.ui.managerequests.view.NewRequest","bindingPath":{"path":"/RequestItems/0","propertyPath":"PICK_UP","modelName":"newRequestItems"},"interaction":{"idSuffix":"BDI-content"}},"wdio_ui5_key":"etmportal.ui.managerequests.view.NewRequestsap.m.Button{\"path\":\"/RequestItems/0\",\"propertyPath\":\"PICK_UP\",\"modelName\":\"newRequestItems\"}"}]}
RESULT: undefined
COMMAND: POST /session/3a666e1e6263059a660801b53c4ba30d/element - {"using":"xpath","value":"//*[@id=\"__xmlview1--pickUpItemButton-__xmlview1--requestItemsTable-0\"]"}
RESULT: {"using":"xpath","value":"//*[@id=\"__xmlview1--pickUpItemButton-__xmlview1--requestItemsTable-0\"]"}
COMMAND: POST /session/3a666e1e6263059a660801b53c4ba30d/element/f.35BA612EB9C2194724D060812FEF357B.d.4B6452B1DC29D51F6EC0A29AC0F7156F.e.5302/click - {}
RESULT: {}
COMMAND: GET /session/3a666e1e6263059a660801b53c4ba30d/screenshot - {}
RESULT: {}
COMMAND: POST /session/3a666e1e6263059a660801b53c4ba30d/execute/async - {"script":"<script> [1562 bytes]","args":[{"selector":{"controlType":"sap.m.Button","viewName":"etm.portal.ui.managerequests.view.NewRequest","properties":{"text":"Save"},"i18NText":{"propertyName":"tooltip","key":"save"},"interaction":{"idSuffix":"BDI-content"}},"wdio_ui5_key":"etmportal.ui.managerequests.view.NewRequestsap.m.Button{\"propertyName\":\"tooltip\",\"key\":\"save\"}{\"text\":\"Save\"}"}]}
RESULT: {"script":"<script> [1562 bytes]","args":[{"selector":{"controlType":"sap.m.Button","viewName":"etm.portal.ui.managerequests.view.NewRequest","properties":{"text":"Save"},"i18NText":{"propertyName":"tooltip","key":"save"},"interaction":{"idSuffix":"BDI-content"}},"wdio_ui5_key":"etmportal.ui.managerequests.view.NewRequestsap.m.Button{\"propertyName\":\"tooltip\",\"key\":\"save\"}{\"text\":\"Save\"}"}]}
RESULT: undefined
COMMAND: POST /session/3a666e1e6263059a660801b53c4ba30d/element - {"using":"xpath","value":"//*[@id=\"__button11\"]"}
RESULT: {"using":"xpath","value":"//*[@id=\"__button11\"]"}
COMMAND: POST /session/3a666e1e6263059a660801b53c4ba30d/element/f.35BA612EB9C2194724D060812FEF357B.d.4B6452B1DC29D51F6EC0A29AC0F7156F.e.5110/click - {}
RESULT: {}
COMMAND: GET /session/3a666e1e6263059a660801b53c4ba30d/screenshot - {}
RESULT: {}
COMMAND: POST /session/3a666e1e6263059a660801b53c4ba30d/execute/async - {"script":"<script> [1562 bytes]","args":[{"selector":{"controlType":"sap.m.Text","searchOpenDialogs":true},"wdio_ui5_key":"sapm.Text"}]}
RESULT: {"script":"<script> [1562 bytes]","args":[{"selector":{"controlType":"sap.m.Text","searchOpenDialogs":true},"wdio_ui5_key":"sapm.Text"}]}
RESULT: undefined
COMMAND: POST /session/3a666e1e6263059a660801b53c4ba30d/execute/async - {"script":"<script> [6424 bytes]","args":[{"element-6066-11e4-a52e-4f735466cecf":"f.35BA612EB9C2194724D060812FEF357B.d.4B6452B1DC29D51F6EC0A29AC0F7156F.e.5306"},"getText",[]]}
RESULT: {"script":"<script> [6424 bytes]","args":[{"element-6066-11e4-a52e-4f735466cecf":"f.35BA612EB9C2194724D060812FEF357B.d.4B6452B1DC29D51F6EC0A29AC0F7156F.e.5306"},"getText",[]]}
COMMAND: POST /session/3a666e1e6263059a660801b53c4ba30d/execute/async - {"script":"<script> [1562 bytes]","args":[{"selector":{"controlType":"sap.m.Button","properties":{"text":"Close"},"searchOpenDialogs":true,"interaction":{"idSuffix":"BDI-content"}},"wdio_ui5_key":"sapm.Button{\"text\":\"Close\"}"}]}
RESULT: {"script":"<script> [1562 bytes]","args":[{"selector":{"controlType":"sap.m.Button","properties":{"text":"Close"},"searchOpenDialogs":true,"interaction":{"idSuffix":"BDI-content"}},"wdio_ui5_key":"sapm.Button{\"text\":\"Close\"}"}]}
RESULT: undefined
COMMAND: POST /session/3a666e1e6263059a660801b53c4ba30d/element - {"using":"xpath","value":"//*[@id=\"__mbox-btn-0\"]"}
RESULT: {"using":"xpath","value":"//*[@id=\"__mbox-btn-0\"]"}
COMMAND: POST /session/3a666e1e6263059a660801b53c4ba30d/element/f.35BA612EB9C2194724D060812FEF357B.d.4B6452B1DC29D51F6EC0A29AC0F7156F.e.5305/click - {}
RESULT: {}
COMMAND: GET /session/3a666e1e6263059a660801b53c4ba30d/screenshot - {}
RESULT: {}
COMMAND: POST /session/3a666e1e6263059a660801b53c4ba30d/execute/async - {"script":"<script> [1562 bytes]","args":[{"selector":{"controlType":"sap.m.Button","viewName":"etm.portal.ui.managerequests.view.Detail","bindingPath":{"path":"/SmartRequestItemsPlanningBoard(ITEM=10m,REQUEST='20210')","propertyPath":"PICK_UP"}},"wdio_ui5_key":"etmportal.ui.managerequests.view.Detailsap.m.Button{\"path\":\"/SmartRequestItemsPlanningBoard(ITEM=10m,REQUEST='20210')\",\"propertyPath\":\"PICK_UP\"}"}]}
RESULT: {"script":"<script> [1562 bytes]","args":[{"selector":{"controlType":"sap.m.Button","viewName":"etm.portal.ui.managerequests.view.Detail","bindingPath":{"path":"/SmartRequestItemsPlanningBoard(ITEM=10m,REQUEST='20210')","propertyPath":"PICK_UP"}},"wdio_ui5_key":"etmportal.ui.managerequests.view.Detailsap.m.Button{\"path\":\"/SmartRequestItemsPlanningBoard(ITEM=10m,REQUEST='20210')\",\"propertyPath\":\"PICK_UP\"}"}]}
RESULT: undefined
COMMAND: POST /session/3a666e1e6263059a660801b53c4ba30d/execute/async - {"script":"<script> [6424 bytes]","args":[{"element-6066-11e4-a52e-4f735466cecf":"f.35BA612EB9C2194724D060812FEF357B.d.4B6452B1DC29D51F6EC0A29AC0F7156F.e.5417"},"getType",[]]}
RESULT: {"script":"<script> [6424 bytes]","args":[{"element-6066-11e4-a52e-4f735466cecf":"f.35BA612EB9C2194724D060812FEF357B.d.4B6452B1DC29D51F6EC0A29AC0F7156F.e.5417"},"getType",[]]}
COMMAND: POST /session/3a666e1e6263059a660801b53c4ba30d/execute/async - {"script":"<script> [1562 bytes]","args":[{"selector":{"controlType":"sap.m.Button","viewName":"etm.portal.ui.managerequests.view.Detail","bindingPath":{"path":"/SmartRequestItemsPlanningBoard(ITEM=20m,REQUEST='20210')","propertyPath":"PICK_UP"}},"wdio_ui5_key":"etmportal.ui.managerequests.view.Detailsap.m.Button{\"path\":\"/SmartRequestItemsPlanningBoard(ITEM=20m,REQUEST='20210')\",\"propertyPath\":\"PICK_UP\"}"}]}
RESULT: {"script":"<script> [1562 bytes]","args":[{"selector":{"controlType":"sap.m.Button","viewName":"etm.portal.ui.managerequests.view.Detail","bindingPath":{"path":"/SmartRequestItemsPlanningBoard(ITEM=20m,REQUEST='20210')","propertyPath":"PICK_UP"}},"wdio_ui5_key":"etmportal.ui.managerequests.view.Detailsap.m.Button{\"path\":\"/SmartRequestItemsPlanningBoard(ITEM=20m,REQUEST='20210')\",\"propertyPath\":\"PICK_UP\"}"}]}
RESULT: undefined
COMMAND: POST /session/3a666e1e6263059a660801b53c4ba30d/execute/async - {"script":"<script> [6424 bytes]","args":[{"element-6066-11e4-a52e-4f735466cecf":"f.35BA612EB9C2194724D060812FEF357B.d.4B6452B1DC29D51F6EC0A29AC0F7156F.e.5446"},"getType",[]]}
RESULT: {"script":"<script> [6424 bytes]","args":[{"element-6066-11e4-a52e-4f735466cecf":"f.35BA612EB9C2194724D060812FEF357B.d.4B6452B1DC29D51F6EC0A29AC0F7156F.e.5446"},"getType",[]]}
COMMAND: POST /session/3a666e1e6263059a660801b53c4ba30d/execute/async - {"script":"<script> [1562 bytes]","args":[{"selector":{"id":"pickUpSwitchHeader","viewName":"etm.portal.ui.managerequests.view.Detail","interaction":{"idSuffix":"handle"}},"wdio_ui5_key":"pickUpSwitchHeaderetmportal.ui.managerequests.view.Detail"}]}
RESULT: {"script":"<script> [1562 bytes]","args":[{"selector":{"id":"pickUpSwitchHeader","viewName":"etm.portal.ui.managerequests.view.Detail","interaction":{"idSuffix":"handle"}},"wdio_ui5_key":"pickUpSwitchHeaderetmportal.ui.managerequests.view.Detail"}]}
RESULT: undefined
COMMAND: POST /session/3a666e1e6263059a660801b53c4ba30d/element - {"using":"xpath","value":"//*[@id=\"__xmlview2--pickUpSwitchHeader\"]"}
RESULT: {"using":"xpath","value":"//*[@id=\"__xmlview2--pickUpSwitchHeader\"]"}
COMMAND: POST /session/3a666e1e6263059a660801b53c4ba30d/element/f.35BA612EB9C2194724D060812FEF357B.d.4B6452B1DC29D51F6EC0A29AC0F7156F.e.5386/click - {}
RESULT: {}
COMMAND: POST /session/3a666e1e6263059a660801b53c4ba30d/execute/async - {"script":"<script> [1562 bytes]","args":[{"selector":{"controlType":"sap.ui.core.Icon","viewName":"etm.portal.ui.managerequests.view.Detail","properties":{"src":{"regex":{"source":"pushpin\\-off"}}}},"wdio_ui5_key":"etmportal.ui.managerequests.view.Detailsap.ui.core.Icon{\"src\":{\"regex\":{\"source\":\"pushpin\\\\-off\"}}}"}]}
COMMAND: GET /session/3a666e1e6263059a660801b53c4ba30d/screenshot - {}
RESULT: {"script":"<script> [1562 bytes]","args":[{"selector":{"controlType":"sap.ui.core.Icon","viewName":"etm.portal.ui.managerequests.view.Detail","properties":{"src":{"regex":{"source":"pushpin\\-off"}}}},"wdio_ui5_key":"etmportal.ui.managerequests.view.Detailsap.ui.core.Icon{\"src\":{\"regex\":{\"source\":\"pushpin\\\\-off\"}}}"}]}
RESULT: undefined
COMMAND: POST /session/3a666e1e6263059a660801b53c4ba30d/element - {"using":"xpath","value":"//*[@id=\"__xmlview2--detailRequestPage-OPHeaderContent-pinBtn-img\"]"}
RESULT: {}
RESULT: {"using":"xpath","value":"//*[@id=\"__xmlview2--detailRequestPage-OPHeaderContent-pinBtn-img\"]"}
COMMAND: POST /session/3a666e1e6263059a660801b53c4ba30d/element/f.35BA612EB9C2194724D060812FEF357B.d.4B6452B1DC29D51F6EC0A29AC0F7156F.e.5394/click - {}
RESULT: {}
RESULT: undefined
COMMAND: POST /session/3a666e1e6263059a660801b53c4ba30d/execute/async - {"script":"<script> [6424 bytes]","args":[{"element-6066-11e4-a52e-4f735466cecf":"f.35BA612EB9C2194724D060812FEF357B.d.4B6452B1DC29D51F6EC0A29AC0F7156F.e.5417"},"getType",[]]}
COMMAND: GET /session/3a666e1e6263059a660801b53c4ba30d/screenshot - {}
RESULT: {"script":"<script> [6424 bytes]","args":[{"element-6066-11e4-a52e-4f735466cecf":"f.35BA612EB9C2194724D060812FEF357B.d.4B6452B1DC29D51F6EC0A29AC0F7156F.e.5417"},"getType",[]]}
RESULT: undefined
COMMAND: POST /session/3a666e1e6263059a660801b53c4ba30d/execute/async - {"script":"<script> [6424 bytes]","args":[{"element-6066-11e4-a52e-4f735466cecf":"f.35BA612EB9C2194724D060812FEF357B.d.4B6452B1DC29D51F6EC0A29AC0F7156F.e.5446"},"getType",[]]}
RESULT: {}
RESULT: {"script":"<script> [6424 bytes]","args":[{"element-6066-11e4-a52e-4f735466cecf":"f.35BA612EB9C2194724D060812FEF357B.d.4B6452B1DC29D51F6EC0A29AC0F7156F.e.5446"},"getType",[]]}
COMMAND: POST /session/3a666e1e6263059a660801b53c4ba30d/execute/async - {"script":"<script> [1562 bytes]","args":[{"selector":{"controlType":"sap.ui.core.Icon","viewName":"etm.portal.ui.managerequests.view.Detail","properties":{"src":{"regex":{"source":"date\\-time"}}},"ancestor":{"controlType":"sap.m.ColumnListItem","viewName":"etm.portal.ui.managerequests.view.Detail","bindingPath":{"path":"/SmartRequestItemsPlanningBoard(ITEM=10m,REQUEST='20210')"},"ancestor":{"id":"requestItemsTable","viewName":"etm.portal.ui.managerequests.view.Detail"}}},"wdio_ui5_key":"etmportal.ui.managerequests.view.Detailsap.ui.core.Icon{\"src\":{\"regex\":{\"source\":\"date\\\\-time\"}}}{\"controlType\":\"sap.m.ColumnListItem\",\"viewName\":\"etm.portal.ui.managerequests.view.Detail\",\"bindingPath\":{\"path\":\"/SmartRequestItemsPlanningBoard(ITEM=10m,REQUEST='20210')\"},\"ancestor\":{\"id\":\"requestItemsTable\",\"viewName\":\"etm.portal.ui.managerequests.view.Detail\"}}"}]}
RESULT: {"script":"<script> [1562 bytes]","args":[{"selector":{"controlType":"sap.ui.core.Icon","viewName":"etm.portal.ui.managerequests.view.Detail","properties":{"src":{"regex":{"source":"date\\-time"}}},"ancestor":{"controlType":"sap.m.ColumnListItem","viewName":"etm.portal.ui.managerequests.view.Detail","bindingPath":{"path":"/SmartRequestItemsPlanningBoard(ITEM=10m,REQUEST='20210')"},"ancestor":{"id":"requestItemsTable","viewName":"etm.portal.ui.managerequests.view.Detail"}}},"wdio_ui5_key":"etmportal.ui.managerequests.view.Detailsap.ui.core.Icon{\"src\":{\"regex\":{\"source\":\"date\\\\-time\"}}}{\"controlType\":\"sap.m.ColumnListItem\",\"viewName\":\"etm.portal.ui.managerequests.view.Detail\",\"bindingPath\":{\"path\":\"/SmartRequestItemsPlanningBoard(ITEM=10m,REQUEST='20210')\"},\"ancestor\":{\"id\":\"requestItemsTable\",\"viewName\":\"etm.portal.ui.managerequests.view.Detail\"}}"}]}
RESULT: undefined
COMMAND: POST /session/3a666e1e6263059a660801b53c4ba30d/element - {"using":"xpath","value":"//*[@id=\"__button37-__clone1825-img\"]"}
RESULT: {"using":"xpath","value":"//*[@id=\"__button37-__clone1825-img\"]"}
COMMAND: POST /session/3a666e1e6263059a660801b53c4ba30d/element/f.35BA612EB9C2194724D060812FEF357B.d.4B6452B1DC29D51F6EC0A29AC0F7156F.e.5454/click - {}
RESULT: {}
COMMAND: POST /session/3a666e1e6263059a660801b53c4ba30d/execute/async - {"script":"<script> [1562 bytes]","args":[{"selector":{"controlType":"sap.m.Button","viewName":"etm.portal.ui.managerequests.view.Detail","properties":{"text":"Close"},"searchOpenDialogs":true,"interaction":{"idSuffix":"inner"}},"wdio_ui5_key":"etmportal.ui.managerequests.view.Detailsap.m.Button{\"text\":\"Close\"}"}]}
COMMAND: GET /session/3a666e1e6263059a660801b53c4ba30d/screenshot - {}
RESULT: {"script":"<script> [1562 bytes]","args":[{"selector":{"controlType":"sap.m.Button","viewName":"etm.portal.ui.managerequests.view.Detail","properties":{"text":"Close"},"searchOpenDialogs":true,"interaction":{"idSuffix":"inner"}},"wdio_ui5_key":"etmportal.ui.managerequests.view.Detailsap.m.Button{\"text\":\"Close\"}"}]}
RESULT: undefined
COMMAND: POST /session/3a666e1e6263059a660801b53c4ba30d/element - {"using":"xpath","value":"//*[@id=\"__button45\"]"}
RESULT: {}
RESULT: {"using":"xpath","value":"//*[@id=\"__button45\"]"}
COMMAND: POST /session/3a666e1e6263059a660801b53c4ba30d/element/f.35BA612EB9C2194724D060812FEF357B.d.4B6452B1DC29D51F6EC0A29AC0F7156F.e.5456/click - {}
RESULT: {}
COMMAND: POST /session/3a666e1e6263059a660801b53c4ba30d/execute/async - {"script":"<script> [1562 bytes]","args":[{"selector":{"controlType":"sap.ui.core.Icon","viewName":"etm.portal.ui.managerequests.view.Detail","properties":{"src":{"regex":{"source":"date\\-time"}}},"ancestor":{"controlType":"sap.m.ColumnListItem","viewName":"etm.portal.ui.managerequests.view.Detail","bindingPath":{"path":"/SmartRequestItemsPlanningBoard(ITEM=20m,REQUEST='20210')"},"ancestor":{"id":"requestItemsTable","viewName":"etm.portal.ui.managerequests.view.Detail"}}},"wdio_ui5_key":"etmportal.ui.managerequests.view.Detailsap.ui.core.Icon{\"src\":{\"regex\":{\"source\":\"date\\\\-time\"}}}{\"controlType\":\"sap.m.ColumnListItem\",\"viewName\":\"etm.portal.ui.managerequests.view.Detail\",\"bindingPath\":{\"path\":\"/SmartRequestItemsPlanningBoard(ITEM=20m,REQUEST='20210')\"},\"ancestor\":{\"id\":\"requestItemsTable\",\"viewName\":\"etm.portal.ui.managerequests.view.Detail\"}}"}]}
COMMAND: GET /session/3a666e1e6263059a660801b53c4ba30d/screenshot - {}
RESULT: {"script":"<script> [1562 bytes]","args":[{"selector":{"controlType":"sap.ui.core.Icon","viewName":"etm.portal.ui.managerequests.view.Detail","properties":{"src":{"regex":{"source":"date\\-time"}}},"ancestor":{"controlType":"sap.m.ColumnListItem","viewName":"etm.portal.ui.managerequests.view.Detail","bindingPath":{"path":"/SmartRequestItemsPlanningBoard(ITEM=20m,REQUEST='20210')"},"ancestor":{"id":"requestItemsTable","viewName":"etm.portal.ui.managerequests.view.Detail"}}},"wdio_ui5_key":"etmportal.ui.managerequests.view.Detailsap.ui.core.Icon{\"src\":{\"regex\":{\"source\":\"date\\\\-time\"}}}{\"controlType\":\"sap.m.ColumnListItem\",\"viewName\":\"etm.portal.ui.managerequests.view.Detail\",\"bindingPath\":{\"path\":\"/SmartRequestItemsPlanningBoard(ITEM=20m,REQUEST='20210')\"},\"ancestor\":{\"id\":\"requestItemsTable\",\"viewName\":\"etm.portal.ui.managerequests.view.Detail\"}}"}]}
RESULT: undefined
COMMAND: POST /session/3a666e1e6263059a660801b53c4ba30d/element - {"using":"xpath","value":"//*[@id=\"__button37-__clone1826-img\"]"}
RESULT: {}
RESULT: {"using":"xpath","value":"//*[@id=\"__button37-__clone1826-img\"]"}
COMMAND: POST /session/3a666e1e6263059a660801b53c4ba30d/element/f.35BA612EB9C2194724D060812FEF357B.d.4B6452B1DC29D51F6EC0A29AC0F7156F.e.5463/click - {}
RESULT: {}
RESULT: undefined
COMMAND: POST /session/3a666e1e6263059a660801b53c4ba30d/element - {"using":"xpath","value":"//*[@id=\"__button45\"]"}
COMMAND: GET /session/3a666e1e6263059a660801b53c4ba30d/screenshot - {}
RESULT: {"using":"xpath","value":"//*[@id=\"__button45\"]"}
COMMAND: POST /session/3a666e1e6263059a660801b53c4ba30d/elements - {"using":"xpath","value":"//*[@id=\"__button45\"]"}
RESULT: {}
RESULT: {"using":"xpath","value":"//*[@id=\"__button45\"]"}
COMMAND: POST /session/3a666e1e6263059a660801b53c4ba30d/element - {"using":"xpath","value":"//*[@id=\"__button45\"]"}
RESULT: {"using":"xpath","value":"//*[@id=\"__button45\"]"}
COMMAND: POST /session/3a666e1e6263059a660801b53c4ba30d/element/f.35BA612EB9C2194724D060812FEF357B.d.4B6452B1DC29D51F6EC0A29AC0F7156F.e.5471/click - {}
RESULT: {}
COMMAND: POST /session/3a666e1e6263059a660801b53c4ba30d/execute/async - {"script":"<script> [189 bytes]","args":[]}
COMMAND: GET /session/3a666e1e6263059a660801b53c4ba30d/screenshot - {}
RESULT: {"script":"<script> [189 bytes]","args":[]}
COMMAND: POST /session/3a666e1e6263059a660801b53c4ba30d/execute/async - {"script":"<script> [123 bytes]","args":[]}
RESULT: {}
RESULT: {"script":"<script> [123 bytes]","args":[]}
COMMAND: POST /session/3a666e1e6263059a660801b53c4ba30d/timeouts - {"script":"<number>"}
RESULT: {"script":"<number>"}
COMMAND: GET /session/3a666e1e6263059a660801b53c4ba30d/timeouts - {}
RESULT: {}
RESULT: undefined
COMMAND: POST /session/3a666e1e6263059a660801b53c4ba30d/execute/async - {"script":"<script> [2676 bytes]","args":[]}
RESULT: {"script":"<script> [2676 bytes]","args":[]}
COMMAND: POST /session/3a666e1e6263059a660801b53c4ba30d/execute/async - {"script":"<script> [2342 bytes]","args":[{"protocol":"http","hostname":"0.0.0.0","path":"/","capabilities":{"browserName":"chrome","goog:chromeOptions":{"binary":"C:\\Program Files\\Google\\Chrome\\Application\\chrome.exe","args":["--start-maximized"]}},"logLevel":"warn","connectionRetryTimeout":120000,"connectionRetryCount":3,"logLevels":{},"enableDirectConnect":true,"strictSSL":true,"_":"65 more keys: [\"cacheDir\",\"port\",\"requestedCapabilities\",\"automationProtocol\",\"baseUrl\",\"waitforInterval\",\"waitforTimeout\",\"onReload\",\"beforeCommand\",\"afterCommand\",\"rootDir\",\"specs\",\"suites\",\"exclude\",\"groupLogsByTestSpec\",\"excludeDriverLogs\",\"bail\",\"framework\",\"reporters\",\"services\",\"maxInstances\",\"maxInstancesPerCapability\",\"injectGlobals\",\"filesToWatch\",\"execArgv\",\"runnerEnv\",\"runner\",\"shard\",\"specFileRetries\",\"specFileRetriesDelay\",\"specFileRetriesDeferred\",\"reporterSyncInterval\",\"reporterSyncTimeout\",\"cucumberFeaturesWithLineNumbers\",\"autoCompileOpts\",\"mochaOpts\",\"jasmineOpts\",\"cucumberOpts\",\"onPrepare\",\"onWorkerStart\",\"onWorkerEnd\",\"before\",\"beforeSession\",\"beforeSuite\",\"beforeHook\",\"beforeTest\",\"afterTest\",\"afterHook\",\"afterSuite\",\"afterSession\",\"after\",\"onComplete\",\"beforeAssertion\",\"afterAssertion\",\"beforeFeature\",\"beforeScenario\",\"beforeStep\",\"afterStep\",\"afterScenario\",\"afterFeature\",\"_\",\"suite\",\"$0\",\"ignoredWorkerServices\",\"wdi5\"]"}]}
RESULT: {"script":"<script> [2342 bytes]","args":[{"protocol":"http","hostname":"0.0.0.0","path":"/","capabilities":{"browserName":"chrome","goog:chromeOptions":{"binary":"C:\\Program Files\\Google\\Chrome\\Application\\chrome.exe","args":["--start-maximized"]}},"logLevel":"warn","connectionRetryTimeout":120000,"connectionRetryCount":3,"logLevels":{},"enableDirectConnect":true,"strictSSL":true,"_":"65 more keys: [\"cacheDir\",\"port\",\"requestedCapabilities\",\"automationProtocol\",\"baseUrl\",\"waitforInterval\",\"waitforTimeout\",\"onReload\",\"beforeCommand\",\"afterCommand\",\"rootDir\",\"specs\",\"suites\",\"exclude\",\"groupLogsByTestSpec\",\"excludeDriverLogs\",\"bail\",\"framework\",\"reporters\",\"services\",\"maxInstances\",\"maxInstancesPerCapability\",\"injectGlobals\",\"filesToWatch\",\"execArgv\",\"runnerEnv\",\"runner\",\"shard\",\"specFileRetries\",\"specFileRetriesDelay\",\"specFileRetriesDeferred\",\"reporterSyncInterval\",\"reporterSyncTimeout\",\"cucumberFeaturesWithLineNumbers\",\"autoCompileOpts\",\"mochaOpts\",\"jasmineOpts\",\"cucumberOpts\",\"onPrepare\",\"onWorkerStart\",\"onWorkerEnd\",\"before\",\"beforeSession\",\"beforeSuite\",\"beforeHook\",\"beforeTest\",\"afterTest\",\"afterHook\",\"afterSuite\",\"afterSession\",\"after\",\"onComplete\",\"beforeAssertion\",\"afterAssertion\",\"beforeFeature\",\"beforeScenario\",\"beforeStep\",\"afterStep\",\"afterScenario\",\"afterFeature\",\"_\",\"suite\",\"$0\",\"ignoredWorkerServices\",\"wdi5\"]"}]}
COMMAND: POST /session/3a666e1e6263059a660801b53c4ba30d/execute/async - {"script":"<script> [21126 bytes]","args":[35000]}
RESULT: {"script":"<script> [21126 bytes]","args":[35000]}
COMMAND: POST /session/3a666e1e6263059a660801b53c4ba30d/execute/async - {"script":"<script> [1562 bytes]","args":[{"selector":{"controlType":"sap.m.Button","viewName":"etm.portal.ui.managerequests.view.Detail","bindingPath":{"path":"/SmartRequestItemsPlanningBoard(ITEM=10m,REQUEST='20210')","propertyPath":"PICK_UP"}},"wdio_ui5_key":"etmportal.ui.managerequests.view.Detailsap.m.Button{\"path\":\"/SmartRequestItemsPlanningBoard(ITEM=10m,REQUEST='20210')\",\"propertyPath\":\"PICK_UP\"}"}]}
RESULT: {"script":"<script> [1562 bytes]","args":[{"selector":{"controlType":"sap.m.Button","viewName":"etm.portal.ui.managerequests.view.Detail","bindingPath":{"path":"/SmartRequestItemsPlanningBoard(ITEM=10m,REQUEST='20210')","propertyPath":"PICK_UP"}},"wdio_ui5_key":"etmportal.ui.managerequests.view.Detailsap.m.Button{\"path\":\"/SmartRequestItemsPlanningBoard(ITEM=10m,REQUEST='20210')\",\"propertyPath\":\"PICK_UP\"}"}]}
RESULT: undefined
COMMAND: POST /session/3a666e1e6263059a660801b53c4ba30d/execute/async - {"script":"<script> [6424 bytes]","args":[{"element-6066-11e4-a52e-4f735466cecf":"f.35BA612EB9C2194724D060812FEF357B.d.4B6452B1DC29D51F6EC0A29AC0F7156F.e.5417"},"getType",[]]}
RESULT: {"script":"<script> [6424 bytes]","args":[{"element-6066-11e4-a52e-4f735466cecf":"f.35BA612EB9C2194724D060812FEF357B.d.4B6452B1DC29D51F6EC0A29AC0F7156F.e.5417"},"getType",[]]}
COMMAND: POST /session/3a666e1e6263059a660801b53c4ba30d/execute/async - {"script":"<script> [1562 bytes]","args":[{"selector":{"controlType":"sap.m.Button","viewName":"etm.portal.ui.managerequests.view.Detail","bindingPath":{"path":"/SmartRequestItemsPlanningBoard(ITEM=20m,REQUEST='20210')","propertyPath":"PICK_UP"}},"wdio_ui5_key":"etmportal.ui.managerequests.view.Detailsap.m.Button{\"path\":\"/SmartRequestItemsPlanningBoard(ITEM=20m,REQUEST='20210')\",\"propertyPath\":\"PICK_UP\"}"}]}
RESULT: {"script":"<script> [1562 bytes]","args":[{"selector":{"controlType":"sap.m.Button","viewName":"etm.portal.ui.managerequests.view.Detail","bindingPath":{"path":"/SmartRequestItemsPlanningBoard(ITEM=20m,REQUEST='20210')","propertyPath":"PICK_UP"}},"wdio_ui5_key":"etmportal.ui.managerequests.view.Detailsap.m.Button{\"path\":\"/SmartRequestItemsPlanningBoard(ITEM=20m,REQUEST='20210')\",\"propertyPath\":\"PICK_UP\"}"}]}
RESULT: undefined
COMMAND: POST /session/3a666e1e6263059a660801b53c4ba30d/execute/async - {"script":"<script> [6424 bytes]","args":[{"element-6066-11e4-a52e-4f735466cecf":"f.35BA612EB9C2194724D060812FEF357B.d.4B6452B1DC29D51F6EC0A29AC0F7156F.e.5446"},"getType",[]]}
RESULT: {"script":"<script> [6424 bytes]","args":[{"element-6066-11e4-a52e-4f735466cecf":"f.35BA612EB9C2194724D060812FEF357B.d.4B6452B1DC29D51F6EC0A29AC0F7156F.e.5446"},"getType",[]]}
]]></system-out>
    </testcase>
    <testcase classname="chrome.136_0_7103_93.windows.Manage_request_+_Contract_processing_pick_up_option_US120163_" name="Should Contract processing pick up option" time="218.202">
      <system-out><![CDATA[
COMMAND: POST /session/3a666e1e6263059a660801b53c4ba30d/execute/async - {"script":"<script> [1562 bytes]","args":[{"selector":{"id":"requestContractNo","viewName":"etm.portal.ui.managerequests.view.Detail"},"wdio_ui5_key":"requestContractNoetmportal.ui.managerequests.view.Detail"}]}
RESULT: {"script":"<script> [1562 bytes]","args":[{"selector":{"id":"requestContractNo","viewName":"etm.portal.ui.managerequests.view.Detail"},"wdio_ui5_key":"requestContractNoetmportal.ui.managerequests.view.Detail"}]}
RESULT: undefined
COMMAND: POST /session/3a666e1e6263059a660801b53c4ba30d/element - {"using":"xpath","value":"//*[@id=\"__xmlview2--requestContractNo\"]"}
RESULT: {"using":"xpath","value":"//*[@id=\"__xmlview2--requestContractNo\"]"}
COMMAND: POST /session/3a666e1e6263059a660801b53c4ba30d/element/f.35BA612EB9C2194724D060812FEF357B.d.4B6452B1DC29D51F6EC0A29AC0F7156F.e.5473/click - {}
RESULT: {}
COMMAND: POST /session/3a666e1e6263059a660801b53c4ba30d/execute/async - {"script":"<script> [1562 bytes]","args":[{"selector":{"controlType":"sap.m.Link","viewName":"etm.portal.ui.managerequests.view.Detail","properties":{"text":"Contract Overview"},"searchOpenDialogs":true},"wdio_ui5_key":"etmportal.ui.managerequests.view.Detailsap.m.Link{\"text\":\"Contract Overview\"}"}]}
COMMAND: GET /session/3a666e1e6263059a660801b53c4ba30d/screenshot - {}
RESULT: {"script":"<script> [1562 bytes]","args":[{"selector":{"controlType":"sap.m.Link","viewName":"etm.portal.ui.managerequests.view.Detail","properties":{"text":"Contract Overview"},"searchOpenDialogs":true},"wdio_ui5_key":"etmportal.ui.managerequests.view.Detailsap.m.Link{\"text\":\"Contract Overview\"}"}]}
RESULT: undefined
COMMAND: POST /session/3a666e1e6263059a660801b53c4ba30d/element - {"using":"xpath","value":"//*[@id=\"__link8\"]"}
RESULT: {}
RESULT: {"using":"xpath","value":"//*[@id=\"__link8\"]"}
COMMAND: POST /session/3a666e1e6263059a660801b53c4ba30d/element/f.35BA612EB9C2194724D060812FEF357B.d.4B6452B1DC29D51F6EC0A29AC0F7156F.e.5475/click - {}
RESULT: {}
COMMAND: GET /session/3a666e1e6263059a660801b53c4ba30d/screenshot - {}
RESULT: {}
COMMAND: POST /session/3a666e1e6263059a660801b53c4ba30d/element - {"using":"xpath","value":"//div[contains(@id ,\"headerBillingItemsTabFilter-text\")]"}
RESULT: {"using":"xpath","value":"//div[contains(@id ,\"headerBillingItemsTabFilter-text\")]"}
COMMAND: POST /session/3a666e1e6263059a660801b53c4ba30d/elements - {"using":"xpath","value":"//div[contains(@id ,\"headerBillingItemsTabFilter-text\")]"}
RESULT: {"using":"xpath","value":"//div[contains(@id ,\"headerBillingItemsTabFilter-text\")]"}
COMMAND: POST /session/3a666e1e6263059a660801b53c4ba30d/element - {"using":"xpath","value":"//div[contains(@id ,\"headerBillingItemsTabFilter-text\")]"}
RESULT: {"using":"xpath","value":"//div[contains(@id ,\"headerBillingItemsTabFilter-text\")]"}
COMMAND: POST /session/3a666e1e6263059a660801b53c4ba30d/element/f.35BA612EB9C2194724D060812FEF357B.d.4B6452B1DC29D51F6EC0A29AC0F7156F.e.5635/click - {}
RESULT: {}
COMMAND: GET /session/3a666e1e6263059a660801b53c4ba30d/screenshot - {}
RESULT: {}
COMMAND: POST /session/3a666e1e6263059a660801b53c4ba30d/execute/async - {"script":"<script> [1562 bytes]","args":[{"selector":{"id":"addRequestItemBtn","viewName":"etm.portal.ui.managecontracts.view.Detail","interaction":{"idSuffix":"BDI-content"}},"wdio_ui5_key":"addRequestItemBtnetmportal.ui.managecontracts.view.Detail"}]}
RESULT: {"script":"<script> [1562 bytes]","args":[{"selector":{"id":"addRequestItemBtn","viewName":"etm.portal.ui.managecontracts.view.Detail","interaction":{"idSuffix":"BDI-content"}},"wdio_ui5_key":"addRequestItemBtnetmportal.ui.managecontracts.view.Detail"}]}
RESULT: undefined
COMMAND: POST /session/3a666e1e6263059a660801b53c4ba30d/element - {"using":"xpath","value":"//*[@id=\"__xmlview4--addRequestItemBtn\"]"}
RESULT: {"using":"xpath","value":"//*[@id=\"__xmlview4--addRequestItemBtn\"]"}
COMMAND: POST /session/3a666e1e6263059a660801b53c4ba30d/element/f.35BA612EB9C2194724D060812FEF357B.d.4B6452B1DC29D51F6EC0A29AC0F7156F.e.5588/click - {}
RESULT: {}
COMMAND: GET /session/3a666e1e6263059a660801b53c4ba30d/screenshot - {}
RESULT: {}
COMMAND: POST /session/3a666e1e6263059a660801b53c4ba30d/element - {"using":"xpath","value":"//div[contains(@id ,\"popupRequestTable-sa-CbBg\")]"}
RESULT: {"using":"xpath","value":"//div[contains(@id ,\"popupRequestTable-sa-CbBg\")]"}
COMMAND: POST /session/3a666e1e6263059a660801b53c4ba30d/element/f.35BA612EB9C2194724D060812FEF357B.d.4B6452B1DC29D51F6EC0A29AC0F7156F.e.5739/click - {}
RESULT: {}
COMMAND: GET /session/3a666e1e6263059a660801b53c4ba30d/screenshot - {}
RESULT: {}
COMMAND: POST /session/3a666e1e6263059a660801b53c4ba30d/execute/async - {"script":"<script> [1562 bytes]","args":[{"selector":{"controlType":"sap.m.Button","viewName":"etm.portal.ui.managecontracts.view.Detail","i18NText":{"propertyName":"text","key":"selectionDone"},"searchOpenDialogs":true,"interaction":{"idSuffix":"content"}},"wdio_ui5_key":"etmportal.ui.managecontracts.view.Detailsap.m.Button{\"propertyName\":\"text\",\"key\":\"selectionDone\"}"}]}
RESULT: {"script":"<script> [1562 bytes]","args":[{"selector":{"controlType":"sap.m.Button","viewName":"etm.portal.ui.managecontracts.view.Detail","i18NText":{"propertyName":"text","key":"selectionDone"},"searchOpenDialogs":true,"interaction":{"idSuffix":"content"}},"wdio_ui5_key":"etmportal.ui.managecontracts.view.Detailsap.m.Button{\"propertyName\":\"text\",\"key\":\"selectionDone\"}"}]}
RESULT: undefined
COMMAND: POST /session/3a666e1e6263059a660801b53c4ba30d/element - {"using":"xpath","value":"//*[@id=\"__button60\"]"}
RESULT: {"using":"xpath","value":"//*[@id=\"__button60\"]"}
COMMAND: POST /session/3a666e1e6263059a660801b53c4ba30d/element/f.35BA612EB9C2194724D060812FEF357B.d.4B6452B1DC29D51F6EC0A29AC0F7156F.e.5742/click - {}
RESULT: {}
COMMAND: POST /session/3a666e1e6263059a660801b53c4ba30d/execute/async - {"script":"<script> [1562 bytes]","args":[{"selector":{"controlType":"sap.m.Button","properties":{"text":"OK"},"searchOpenDialogs":true,"interaction":{"idSuffix":"inner"}},"wdio_ui5_key":"sapm.Button{\"text\":\"OK\"}"}]}
COMMAND: GET /session/3a666e1e6263059a660801b53c4ba30d/screenshot - {}
RESULT: {"script":"<script> [1562 bytes]","args":[{"selector":{"controlType":"sap.m.Button","properties":{"text":"OK"},"searchOpenDialogs":true,"interaction":{"idSuffix":"inner"}},"wdio_ui5_key":"sapm.Button{\"text\":\"OK\"}"}]}
RESULT: undefined
COMMAND: POST /session/3a666e1e6263059a660801b53c4ba30d/element - {"using":"xpath","value":"//*[@id=\"__mbox-btn-1\"]"}
RESULT: {}
RESULT: {"using":"xpath","value":"//*[@id=\"__mbox-btn-1\"]"}
COMMAND: POST /session/3a666e1e6263059a660801b53c4ba30d/element/f.35BA612EB9C2194724D060812FEF357B.d.4B6452B1DC29D51F6EC0A29AC0F7156F.e.5743/click - {}
RESULT: {}
COMMAND: GET /session/3a666e1e6263059a660801b53c4ba30d/screenshot - {}
RESULT: {}
COMMAND: POST /session/3a666e1e6263059a660801b53c4ba30d/element - {"using":"xpath","value":"//div[contains(@id ,\"headerBillingItemsTabFilter-text\")]"}
RESULT: {"using":"xpath","value":"//div[contains(@id ,\"headerBillingItemsTabFilter-text\")]"}
COMMAND: POST /session/3a666e1e6263059a660801b53c4ba30d/element/f.35BA612EB9C2194724D060812FEF357B.d.4B6452B1DC29D51F6EC0A29AC0F7156F.e.5635/click - {}
RESULT: {}
COMMAND: GET /session/3a666e1e6263059a660801b53c4ba30d/screenshot - {}
RESULT: {}
COMMAND: POST /session/3a666e1e6263059a660801b53c4ba30d/element - {"using":"xpath","value":"//button[contains(@data-kt ,\"refreshButton\")]"}
RESULT: {"using":"xpath","value":"//button[contains(@data-kt ,\"refreshButton\")]"}
COMMAND: POST /session/3a666e1e6263059a660801b53c4ba30d/element/f.35BA612EB9C2194724D060812FEF357B.d.4B6452B1DC29D51F6EC0A29AC0F7156F.e.5585/click - {}
RESULT: {}
COMMAND: GET /session/3a666e1e6263059a660801b53c4ba30d/screenshot - {}
RESULT: {}
COMMAND: POST /session/3a666e1e6263059a660801b53c4ba30d/element - {"using":"xpath","value":"//div[contains(@id ,\"headerBillingItemsTabFilter-text\")]"}
RESULT: {"using":"xpath","value":"//div[contains(@id ,\"headerBillingItemsTabFilter-text\")]"}
COMMAND: POST /session/3a666e1e6263059a660801b53c4ba30d/element/f.35BA612EB9C2194724D060812FEF357B.d.4B6452B1DC29D51F6EC0A29AC0F7156F.e.5635/click - {}
RESULT: {}
COMMAND: GET /session/3a666e1e6263059a660801b53c4ba30d/screenshot - {}
RESULT: {}
COMMAND: POST /session/3a666e1e6263059a660801b53c4ba30d/execute/async - {"script":"<script> [1562 bytes]","args":[{"selector":{"id":"contractDetailProvideButton","viewName":"etm.portal.ui.managecontracts.view.Detail","interaction":{"idSuffix":"BDI-content"}},"wdio_ui5_key":"contractDetailProvideButtonetmportal.ui.managecontracts.view.Detail"}]}
RESULT: {"script":"<script> [1562 bytes]","args":[{"selector":{"id":"contractDetailProvideButton","viewName":"etm.portal.ui.managecontracts.view.Detail","interaction":{"idSuffix":"BDI-content"}},"wdio_ui5_key":"contractDetailProvideButtonetmportal.ui.managecontracts.view.Detail"}]}
RESULT: undefined
COMMAND: POST /session/3a666e1e6263059a660801b53c4ba30d/element - {"using":"xpath","value":"//*[@id=\"__xmlview4--contractDetailProvideButton\"]"}
RESULT: {"using":"xpath","value":"//*[@id=\"__xmlview4--contractDetailProvideButton\"]"}
COMMAND: POST /session/3a666e1e6263059a660801b53c4ba30d/element/f.35BA612EB9C2194724D060812FEF357B.d.4B6452B1DC29D51F6EC0A29AC0F7156F.e.5594/click - {}
RESULT: {}
COMMAND: GET /session/3a666e1e6263059a660801b53c4ba30d/screenshot - {}
RESULT: {}
COMMAND: POST /session/3a666e1e6263059a660801b53c4ba30d/execute/async - {"script":"<script> [1562 bytes]","args":[{"selector":{"id":"application-managehandovers-display-component---AddNewHO--pickUpCheckbox","interaction":{"idSuffix":"CbBg"}},"wdio_ui5_key":"applicationmanagehandovers-display-component---AddNewHO--pickUpCheckbox"}]}
RESULT: {"script":"<script> [1562 bytes]","args":[{"selector":{"id":"application-managehandovers-display-component---AddNewHO--pickUpCheckbox","interaction":{"idSuffix":"CbBg"}},"wdio_ui5_key":"applicationmanagehandovers-display-component---AddNewHO--pickUpCheckbox"}]}
RESULT: undefined
COMMAND: POST /session/3a666e1e6263059a660801b53c4ba30d/element - {"using":"xpath","value":"//*[@id=\"application-managehandovers-display-component---AddNewHO--pickUpCheckbox\"]"}
RESULT: {"using":"xpath","value":"//*[@id=\"application-managehandovers-display-component---AddNewHO--pickUpCheckbox\"]"}
COMMAND: POST /session/3a666e1e6263059a660801b53c4ba30d/element/f.35BA612EB9C2194724D060812FEF357B.d.4B6452B1DC29D51F6EC0A29AC0F7156F.e.5923/click - {}
RESULT: {}
COMMAND: POST /session/3a666e1e6263059a660801b53c4ba30d/execute/async - {"script":"<script> [1562 bytes]","args":[{"selector":{"id":"application-managehandovers-display-component---AddNewHO--ObjectPageLayout-anchBar-application-managehandovers-display-component---AddNewHO--section4-anchor","interaction":{"idSuffix":"content"}},"wdio_ui5_key":"applicationmanagehandovers-display-component---AddNewHO--ObjectPageLayout-anchBar-application-managehandovers-display-component---AddNewHO--section4-anchor"}]}
COMMAND: GET /session/3a666e1e6263059a660801b53c4ba30d/screenshot - {}
RESULT: {"script":"<script> [1562 bytes]","args":[{"selector":{"id":"application-managehandovers-display-component---AddNewHO--ObjectPageLayout-anchBar-application-managehandovers-display-component---AddNewHO--section4-anchor","interaction":{"idSuffix":"content"}},"wdio_ui5_key":"applicationmanagehandovers-display-component---AddNewHO--ObjectPageLayout-anchBar-application-managehandovers-display-component---AddNewHO--section4-anchor"}]}
RESULT: undefined
COMMAND: POST /session/3a666e1e6263059a660801b53c4ba30d/element - {"using":"xpath","value":"//*[@id=\"application-managehandovers-display-component---AddNewHO--ObjectPageLayout-anchBar-application-managehandovers-display-component---AddNewHO--section4-anchor\"]"}
RESULT: {}
RESULT: {"using":"xpath","value":"//*[@id=\"application-managehandovers-display-component---AddNewHO--ObjectPageLayout-anchBar-application-managehandovers-display-component---AddNewHO--section4-anchor\"]"}
COMMAND: POST /session/3a666e1e6263059a660801b53c4ba30d/element/f.35BA612EB9C2194724D060812FEF357B.d.4B6452B1DC29D51F6EC0A29AC0F7156F.e.5925/click - {}
RESULT: {}
COMMAND: POST /session/3a666e1e6263059a660801b53c4ba30d/execute/async - {"script":"<script> [1562 bytes]","args":[{"selector":{"controlType":"sap.m.Button","viewName":"etm.portal.ui.managehandovers.view.AddNewHO","viewId":"application-managehandovers-display-component---AddNewHO","i18NText":{"propertyName":"tooltip","key":"addItems"},"interaction":{"idSuffix":"inner"}},"wdio_ui5_key":"etmportal.ui.managehandovers.view.AddNewHOsap.m.Button{\"propertyName\":\"tooltip\",\"key\":\"addItems\"}"}]}
COMMAND: GET /session/3a666e1e6263059a660801b53c4ba30d/screenshot - {}
RESULT: {"script":"<script> [1562 bytes]","args":[{"selector":{"controlType":"sap.m.Button","viewName":"etm.portal.ui.managehandovers.view.AddNewHO","viewId":"application-managehandovers-display-component---AddNewHO","i18NText":{"propertyName":"tooltip","key":"addItems"},"interaction":{"idSuffix":"inner"}},"wdio_ui5_key":"etmportal.ui.managehandovers.view.AddNewHOsap.m.Button{\"propertyName\":\"tooltip\",\"key\":\"addItems\"}"}]}
RESULT: undefined
COMMAND: POST /session/3a666e1e6263059a660801b53c4ba30d/element - {"using":"xpath","value":"//*[@id=\"__button76\"]"}
RESULT: {}
RESULT: {"using":"xpath","value":"//*[@id=\"__button76\"]"}
COMMAND: POST /session/3a666e1e6263059a660801b53c4ba30d/element/f.35BA612EB9C2194724D060812FEF357B.d.4B6452B1DC29D51F6EC0A29AC0F7156F.e.5930/click - {}
RESULT: {}
COMMAND: POST /session/3a666e1e6263059a660801b53c4ba30d/execute/async - {"script":"<script> [1562 bytes]","args":[{"selector":{"id":"application-managehandovers-display-component---AddNewHO--smartTableHOPopup-header","searchOpenDialogs":true},"wdio_ui5_key":"applicationmanagehandovers-display-component---AddNewHO--smartTableHOPopup-header"}]}
COMMAND: GET /session/3a666e1e6263059a660801b53c4ba30d/screenshot - {}
RESULT: {"script":"<script> [1562 bytes]","args":[{"selector":{"id":"application-managehandovers-display-component---AddNewHO--smartTableHOPopup-header","searchOpenDialogs":true},"wdio_ui5_key":"applicationmanagehandovers-display-component---AddNewHO--smartTableHOPopup-header"}]}
RESULT: undefined
COMMAND: POST /session/3a666e1e6263059a660801b53c4ba30d/execute/async - {"script":"<script> [6424 bytes]","args":[{"element-6066-11e4-a52e-4f735466cecf":"f.35BA612EB9C2194724D060812FEF357B.d.4B6452B1DC29D51F6EC0A29AC0F7156F.e.5947"},"getText",[]]}
RESULT: {}
RESULT: {"script":"<script> [6424 bytes]","args":[{"element-6066-11e4-a52e-4f735466cecf":"f.35BA612EB9C2194724D060812FEF357B.d.4B6452B1DC29D51F6EC0A29AC0F7156F.e.5947"},"getText",[]]}
COMMAND: POST /session/3a666e1e6263059a660801b53c4ba30d/actions - {"actions":[{"id":"action44","type":"key","parameters":{},"actions":[{"type":"keyDown","value":""},{"type":"pause","duration":10},{"type":"keyUp","value":""}]}]}
RESULT: {"actions":[{"id":"action44","type":"key","parameters":{},"actions":[{"type":"keyDown","value":""},{"type":"pause","duration":10},{"type":"keyUp","value":""}]}]}
COMMAND: GET /session/3a666e1e6263059a660801b53c4ba30d/screenshot - {}
RESULT: {}
COMMAND: POST /session/3a666e1e6263059a660801b53c4ba30d/execute/async - {"script":"<script> [1562 bytes]","args":[{"selector":{"id":"backBtn"},"wdio_ui5_key":"backBtn"}]}
RESULT: {"script":"<script> [1562 bytes]","args":[{"selector":{"id":"backBtn"},"wdio_ui5_key":"backBtn"}]}
RESULT: undefined
COMMAND: POST /session/3a666e1e6263059a660801b53c4ba30d/element - {"using":"xpath","value":"//*[@id=\"backBtn\"]"}
RESULT: {"using":"xpath","value":"//*[@id=\"backBtn\"]"}
COMMAND: POST /session/3a666e1e6263059a660801b53c4ba30d/element/f.35BA612EB9C2194724D060812FEF357B.d.4B6452B1DC29D51F6EC0A29AC0F7156F.e.5948/click - {}
RESULT: {}
COMMAND: GET /session/3a666e1e6263059a660801b53c4ba30d/screenshot - {}
RESULT: {}
COMMAND: POST /session/3a666e1e6263059a660801b53c4ba30d/refresh - {}
RESULT: {}
COMMAND: GET /session/3a666e1e6263059a660801b53c4ba30d/screenshot - {}
RESULT: {}
COMMAND: POST /session/3a666e1e6263059a660801b53c4ba30d/execute/async - {"script":"<script> [189 bytes]","args":[]}
RESULT: {"script":"<script> [189 bytes]","args":[]}
COMMAND: POST /session/3a666e1e6263059a660801b53c4ba30d/execute/async - {"script":"<script> [123 bytes]","args":[]}
RESULT: {"script":"<script> [123 bytes]","args":[]}
COMMAND: POST /session/3a666e1e6263059a660801b53c4ba30d/timeouts - {"script":"<number>"}
RESULT: {"script":"<number>"}
COMMAND: GET /session/3a666e1e6263059a660801b53c4ba30d/timeouts - {}
RESULT: {}
RESULT: undefined
COMMAND: POST /session/3a666e1e6263059a660801b53c4ba30d/execute/async - {"script":"<script> [2676 bytes]","args":[]}
RESULT: {"script":"<script> [2676 bytes]","args":[]}
COMMAND: POST /session/3a666e1e6263059a660801b53c4ba30d/execute/async - {"script":"<script> [2342 bytes]","args":[{"protocol":"http","hostname":"0.0.0.0","path":"/","capabilities":{"browserName":"chrome","goog:chromeOptions":{"binary":"C:\\Program Files\\Google\\Chrome\\Application\\chrome.exe","args":["--start-maximized"]}},"logLevel":"warn","connectionRetryTimeout":120000,"connectionRetryCount":3,"logLevels":{},"enableDirectConnect":true,"strictSSL":true,"_":"65 more keys: [\"cacheDir\",\"port\",\"requestedCapabilities\",\"automationProtocol\",\"baseUrl\",\"waitforInterval\",\"waitforTimeout\",\"onReload\",\"beforeCommand\",\"afterCommand\",\"rootDir\",\"specs\",\"suites\",\"exclude\",\"groupLogsByTestSpec\",\"excludeDriverLogs\",\"bail\",\"framework\",\"reporters\",\"services\",\"maxInstances\",\"maxInstancesPerCapability\",\"injectGlobals\",\"filesToWatch\",\"execArgv\",\"runnerEnv\",\"runner\",\"shard\",\"specFileRetries\",\"specFileRetriesDelay\",\"specFileRetriesDeferred\",\"reporterSyncInterval\",\"reporterSyncTimeout\",\"cucumberFeaturesWithLineNumbers\",\"autoCompileOpts\",\"mochaOpts\",\"jasmineOpts\",\"cucumberOpts\",\"onPrepare\",\"onWorkerStart\",\"onWorkerEnd\",\"before\",\"beforeSession\",\"beforeSuite\",\"beforeHook\",\"beforeTest\",\"afterTest\",\"afterHook\",\"afterSuite\",\"afterSession\",\"after\",\"onComplete\",\"beforeAssertion\",\"afterAssertion\",\"beforeFeature\",\"beforeScenario\",\"beforeStep\",\"afterStep\",\"afterScenario\",\"afterFeature\",\"_\",\"suite\",\"$0\",\"ignoredWorkerServices\",\"wdi5\"]"}]}
RESULT: {"script":"<script> [2342 bytes]","args":[{"protocol":"http","hostname":"0.0.0.0","path":"/","capabilities":{"browserName":"chrome","goog:chromeOptions":{"binary":"C:\\Program Files\\Google\\Chrome\\Application\\chrome.exe","args":["--start-maximized"]}},"logLevel":"warn","connectionRetryTimeout":120000,"connectionRetryCount":3,"logLevels":{},"enableDirectConnect":true,"strictSSL":true,"_":"65 more keys: [\"cacheDir\",\"port\",\"requestedCapabilities\",\"automationProtocol\",\"baseUrl\",\"waitforInterval\",\"waitforTimeout\",\"onReload\",\"beforeCommand\",\"afterCommand\",\"rootDir\",\"specs\",\"suites\",\"exclude\",\"groupLogsByTestSpec\",\"excludeDriverLogs\",\"bail\",\"framework\",\"reporters\",\"services\",\"maxInstances\",\"maxInstancesPerCapability\",\"injectGlobals\",\"filesToWatch\",\"execArgv\",\"runnerEnv\",\"runner\",\"shard\",\"specFileRetries\",\"specFileRetriesDelay\",\"specFileRetriesDeferred\",\"reporterSyncInterval\",\"reporterSyncTimeout\",\"cucumberFeaturesWithLineNumbers\",\"autoCompileOpts\",\"mochaOpts\",\"jasmineOpts\",\"cucumberOpts\",\"onPrepare\",\"onWorkerStart\",\"onWorkerEnd\",\"before\",\"beforeSession\",\"beforeSuite\",\"beforeHook\",\"beforeTest\",\"afterTest\",\"afterHook\",\"afterSuite\",\"afterSession\",\"after\",\"onComplete\",\"beforeAssertion\",\"afterAssertion\",\"beforeFeature\",\"beforeScenario\",\"beforeStep\",\"afterStep\",\"afterScenario\",\"afterFeature\",\"_\",\"suite\",\"$0\",\"ignoredWorkerServices\",\"wdi5\"]"}]}
COMMAND: POST /session/3a666e1e6263059a660801b53c4ba30d/execute/async - {"script":"<script> [21126 bytes]","args":[35000]}
RESULT: {"script":"<script> [21126 bytes]","args":[35000]}
COMMAND: POST /session/3a666e1e6263059a660801b53c4ba30d/element - {"using":"xpath","value":"//div[contains(@id ,\"headerBillingItemsTabFilter-text\")]"}
RESULT: {"using":"xpath","value":"//div[contains(@id ,\"headerBillingItemsTabFilter-text\")]"}
COMMAND: POST /session/3a666e1e6263059a660801b53c4ba30d/element/f.35BA612EB9C2194724D060812FEF357B.d.BC6649DE3B9A0D20B6CAE5FB7AC22094.e.6287/click - {}
RESULT: {}
COMMAND: GET /session/3a666e1e6263059a660801b53c4ba30d/screenshot - {}
RESULT: {}
COMMAND: POST /session/3a666e1e6263059a660801b53c4ba30d/execute/async - {"script":"<script> [1562 bytes]","args":[{"selector":{"id":"revertPlanningBtn","viewName":"etm.portal.ui.managecontracts.view.Detail","interaction":{"idSuffix":"BDI-content"}},"wdio_ui5_key":"revertPlanningBtnetmportal.ui.managecontracts.view.Detail"}]}
RESULT: {"script":"<script> [1562 bytes]","args":[{"selector":{"id":"revertPlanningBtn","viewName":"etm.portal.ui.managecontracts.view.Detail","interaction":{"idSuffix":"BDI-content"}},"wdio_ui5_key":"revertPlanningBtnetmportal.ui.managecontracts.view.Detail"}]}
RESULT: undefined
COMMAND: POST /session/3a666e1e6263059a660801b53c4ba30d/element - {"using":"xpath","value":"//*[@id=\"__xmlview1--revertPlanningBtn\"]"}
RESULT: {"using":"xpath","value":"//*[@id=\"__xmlview1--revertPlanningBtn\"]"}
COMMAND: POST /session/3a666e1e6263059a660801b53c4ba30d/element/f.35BA612EB9C2194724D060812FEF357B.d.BC6649DE3B9A0D20B6CAE5FB7AC22094.e.6208/click - {}
RESULT: {}
COMMAND: GET /session/3a666e1e6263059a660801b53c4ba30d/screenshot - {}
RESULT: {}
COMMAND: POST /session/3a666e1e6263059a660801b53c4ba30d/actions - {"actions":[{"id":"action45","type":"key","parameters":{},"actions":[{"type":"keyDown","value":""},{"type":"pause","duration":10},{"type":"keyUp","value":""}]}]}
RESULT: {"actions":[{"id":"action45","type":"key","parameters":{},"actions":[{"type":"keyDown","value":""},{"type":"pause","duration":10},{"type":"keyUp","value":""}]}]}
COMMAND: GET /session/3a666e1e6263059a660801b53c4ba30d/screenshot - {}
RESULT: {}
COMMAND: POST /session/3a666e1e6263059a660801b53c4ba30d/element - {"using":"xpath","value":"//div[contains(@id ,\"ProductsTable-sa-CbBg\")]"}
RESULT: {"using":"xpath","value":"//div[contains(@id ,\"ProductsTable-sa-CbBg\")]"}
COMMAND: POST /session/3a666e1e6263059a660801b53c4ba30d/element/f.35BA612EB9C2194724D060812FEF357B.d.BC6649DE3B9A0D20B6CAE5FB7AC22094.e.6358/click - {}
RESULT: {}
COMMAND: GET /session/3a666e1e6263059a660801b53c4ba30d/screenshot - {}
RESULT: {}
COMMAND: POST /session/3a666e1e6263059a660801b53c4ba30d/execute/async - {"script":"<script> [1562 bytes]","args":[{"selector":{"id":"executeRevertPlanningBtn","viewName":"etm.portal.ui.managecontracts.view.Detail","interaction":{"idSuffix":"BDI-content"}},"wdio_ui5_key":"executeRevertPlanningBtnetmportal.ui.managecontracts.view.Detail"}]}
RESULT: {"script":"<script> [1562 bytes]","args":[{"selector":{"id":"executeRevertPlanningBtn","viewName":"etm.portal.ui.managecontracts.view.Detail","interaction":{"idSuffix":"BDI-content"}},"wdio_ui5_key":"executeRevertPlanningBtnetmportal.ui.managecontracts.view.Detail"}]}
RESULT: undefined
COMMAND: POST /session/3a666e1e6263059a660801b53c4ba30d/element - {"using":"xpath","value":"//*[@id=\"__xmlview1--executeRevertPlanningBtn\"]"}
RESULT: {"using":"xpath","value":"//*[@id=\"__xmlview1--executeRevertPlanningBtn\"]"}
COMMAND: POST /session/3a666e1e6263059a660801b53c4ba30d/element/f.35BA612EB9C2194724D060812FEF357B.d.BC6649DE3B9A0D20B6CAE5FB7AC22094.e.6357/click - {}
RESULT: {}
COMMAND: GET /session/3a666e1e6263059a660801b53c4ba30d/screenshot - {}
RESULT: {}
COMMAND: POST /session/3a666e1e6263059a660801b53c4ba30d/actions - {"actions":[{"id":"action46","type":"key","parameters":{},"actions":[{"type":"keyDown","value":""},{"type":"pause","duration":10},{"type":"keyUp","value":""}]}]}
RESULT: {"actions":[{"id":"action46","type":"key","parameters":{},"actions":[{"type":"keyDown","value":""},{"type":"pause","duration":10},{"type":"keyUp","value":""}]}]}
COMMAND: POST /session/3a666e1e6263059a660801b53c4ba30d/execute/async - {"script":"<script> [1562 bytes]","args":[{"selector":{"id":"backBtn"},"wdio_ui5_key":"backBtn"}]}
COMMAND: GET /session/3a666e1e6263059a660801b53c4ba30d/screenshot - {}
RESULT: {"script":"<script> [1562 bytes]","args":[{"selector":{"id":"backBtn"},"wdio_ui5_key":"backBtn"}]}
RESULT: undefined
COMMAND: POST /session/3a666e1e6263059a660801b53c4ba30d/element - {"using":"xpath","value":"//*[@id=\"backBtn\"]"}
RESULT: {}
RESULT: {"using":"xpath","value":"//*[@id=\"backBtn\"]"}
COMMAND: POST /session/3a666e1e6263059a660801b53c4ba30d/element/f.35BA612EB9C2194724D060812FEF357B.d.BC6649DE3B9A0D20B6CAE5FB7AC22094.e.6373/click - {}
RESULT: {}
COMMAND: GET /session/3a666e1e6263059a660801b53c4ba30d/screenshot - {}
COMMAND: POST /session/3a666e1e6263059a660801b53c4ba30d/refresh - {}
RESULT: {}
RESULT: {}
COMMAND: GET /session/3a666e1e6263059a660801b53c4ba30d/screenshot - {}
RESULT: {}
COMMAND: POST /session/3a666e1e6263059a660801b53c4ba30d/execute/async - {"script":"<script> [189 bytes]","args":[]}
RESULT: {"script":"<script> [189 bytes]","args":[]}
COMMAND: POST /session/3a666e1e6263059a660801b53c4ba30d/execute/async - {"script":"<script> [123 bytes]","args":[]}
RESULT: {"script":"<script> [123 bytes]","args":[]}
COMMAND: POST /session/3a666e1e6263059a660801b53c4ba30d/timeouts - {"script":"<number>"}
RESULT: {"script":"<number>"}
COMMAND: GET /session/3a666e1e6263059a660801b53c4ba30d/timeouts - {}
RESULT: {}
RESULT: undefined
COMMAND: POST /session/3a666e1e6263059a660801b53c4ba30d/execute/async - {"script":"<script> [2676 bytes]","args":[]}
RESULT: {"script":"<script> [2676 bytes]","args":[]}
COMMAND: POST /session/3a666e1e6263059a660801b53c4ba30d/execute/async - {"script":"<script> [2342 bytes]","args":[{"protocol":"http","hostname":"0.0.0.0","path":"/","capabilities":{"browserName":"chrome","goog:chromeOptions":{"binary":"C:\\Program Files\\Google\\Chrome\\Application\\chrome.exe","args":["--start-maximized"]}},"logLevel":"warn","connectionRetryTimeout":120000,"connectionRetryCount":3,"logLevels":{},"enableDirectConnect":true,"strictSSL":true,"_":"65 more keys: [\"cacheDir\",\"port\",\"requestedCapabilities\",\"automationProtocol\",\"baseUrl\",\"waitforInterval\",\"waitforTimeout\",\"onReload\",\"beforeCommand\",\"afterCommand\",\"rootDir\",\"specs\",\"suites\",\"exclude\",\"groupLogsByTestSpec\",\"excludeDriverLogs\",\"bail\",\"framework\",\"reporters\",\"services\",\"maxInstances\",\"maxInstancesPerCapability\",\"injectGlobals\",\"filesToWatch\",\"execArgv\",\"runnerEnv\",\"runner\",\"shard\",\"specFileRetries\",\"specFileRetriesDelay\",\"specFileRetriesDeferred\",\"reporterSyncInterval\",\"reporterSyncTimeout\",\"cucumberFeaturesWithLineNumbers\",\"autoCompileOpts\",\"mochaOpts\",\"jasmineOpts\",\"cucumberOpts\",\"onPrepare\",\"onWorkerStart\",\"onWorkerEnd\",\"before\",\"beforeSession\",\"beforeSuite\",\"beforeHook\",\"beforeTest\",\"afterTest\",\"afterHook\",\"afterSuite\",\"afterSession\",\"after\",\"onComplete\",\"beforeAssertion\",\"afterAssertion\",\"beforeFeature\",\"beforeScenario\",\"beforeStep\",\"afterStep\",\"afterScenario\",\"afterFeature\",\"_\",\"suite\",\"$0\",\"ignoredWorkerServices\",\"wdi5\"]"}]}
RESULT: {"script":"<script> [2342 bytes]","args":[{"protocol":"http","hostname":"0.0.0.0","path":"/","capabilities":{"browserName":"chrome","goog:chromeOptions":{"binary":"C:\\Program Files\\Google\\Chrome\\Application\\chrome.exe","args":["--start-maximized"]}},"logLevel":"warn","connectionRetryTimeout":120000,"connectionRetryCount":3,"logLevels":{},"enableDirectConnect":true,"strictSSL":true,"_":"65 more keys: [\"cacheDir\",\"port\",\"requestedCapabilities\",\"automationProtocol\",\"baseUrl\",\"waitforInterval\",\"waitforTimeout\",\"onReload\",\"beforeCommand\",\"afterCommand\",\"rootDir\",\"specs\",\"suites\",\"exclude\",\"groupLogsByTestSpec\",\"excludeDriverLogs\",\"bail\",\"framework\",\"reporters\",\"services\",\"maxInstances\",\"maxInstancesPerCapability\",\"injectGlobals\",\"filesToWatch\",\"execArgv\",\"runnerEnv\",\"runner\",\"shard\",\"specFileRetries\",\"specFileRetriesDelay\",\"specFileRetriesDeferred\",\"reporterSyncInterval\",\"reporterSyncTimeout\",\"cucumberFeaturesWithLineNumbers\",\"autoCompileOpts\",\"mochaOpts\",\"jasmineOpts\",\"cucumberOpts\",\"onPrepare\",\"onWorkerStart\",\"onWorkerEnd\",\"before\",\"beforeSession\",\"beforeSuite\",\"beforeHook\",\"beforeTest\",\"afterTest\",\"afterHook\",\"afterSuite\",\"afterSession\",\"after\",\"onComplete\",\"beforeAssertion\",\"afterAssertion\",\"beforeFeature\",\"beforeScenario\",\"beforeStep\",\"afterStep\",\"afterScenario\",\"afterFeature\",\"_\",\"suite\",\"$0\",\"ignoredWorkerServices\",\"wdi5\"]"}]}
COMMAND: POST /session/3a666e1e6263059a660801b53c4ba30d/execute/async - {"script":"<script> [21126 bytes]","args":[35000]}
RESULT: {"script":"<script> [21126 bytes]","args":[35000]}
COMMAND: POST /session/3a666e1e6263059a660801b53c4ba30d/execute/async - {"script":"<script> [1562 bytes]","args":[{"selector":{"controlType":"sap.m.ObjectStatus","viewName":"etm.portal.ui.managerequests.view.Detail","bindingPath":{"path":"/RequestHeaders('20210')","propertyPath":"LINK_TO_STATUS/DESCRIPTION","modelName":"catalogModel"}},"wdio_ui5_key":"etmportal.ui.managerequests.view.Detailsap.m.ObjectStatus{\"path\":\"/RequestHeaders('20210')\",\"propertyPath\":\"LINK_TO_STATUS/DESCRIPTION\",\"modelName\":\"catalogModel\"}"}]}
RESULT: {"script":"<script> [1562 bytes]","args":[{"selector":{"controlType":"sap.m.ObjectStatus","viewName":"etm.portal.ui.managerequests.view.Detail","bindingPath":{"path":"/RequestHeaders('20210')","propertyPath":"LINK_TO_STATUS/DESCRIPTION","modelName":"catalogModel"}},"wdio_ui5_key":"etmportal.ui.managerequests.view.Detailsap.m.ObjectStatus{\"path\":\"/RequestHeaders('20210')\",\"propertyPath\":\"LINK_TO_STATUS/DESCRIPTION\",\"modelName\":\"catalogModel\"}"}]}
RESULT: undefined
COMMAND: POST /session/3a666e1e6263059a660801b53c4ba30d/execute/async - {"script":"<script> [6424 bytes]","args":[{"element-6066-11e4-a52e-4f735466cecf":"f.35BA612EB9C2194724D060812FEF357B.d.085147F95AFD3E20F006812BF1CFD1D8.e.6678"},"getText",[]]}
RESULT: {"script":"<script> [6424 bytes]","args":[{"element-6066-11e4-a52e-4f735466cecf":"f.35BA612EB9C2194724D060812FEF357B.d.085147F95AFD3E20F006812BF1CFD1D8.e.6678"},"getText",[]]}
COMMAND: POST /session/3a666e1e6263059a660801b53c4ba30d/execute/async - {"script":"<script> [1562 bytes]","args":[{"selector":{"controlType":"sap.m.Button","viewName":"etm.portal.ui.managerequests.view.Detail","bindingPath":{"path":"/SmartRequestItemsPlanningBoard(ITEM=10m,REQUEST='20210')","propertyPath":"PICK_UP"}},"wdio_ui5_key":"etmportal.ui.managerequests.view.Detailsap.m.Button{\"path\":\"/SmartRequestItemsPlanningBoard(ITEM=10m,REQUEST='20210')\",\"propertyPath\":\"PICK_UP\"}"}]}
RESULT: {"script":"<script> [1562 bytes]","args":[{"selector":{"controlType":"sap.m.Button","viewName":"etm.portal.ui.managerequests.view.Detail","bindingPath":{"path":"/SmartRequestItemsPlanningBoard(ITEM=10m,REQUEST='20210')","propertyPath":"PICK_UP"}},"wdio_ui5_key":"etmportal.ui.managerequests.view.Detailsap.m.Button{\"path\":\"/SmartRequestItemsPlanningBoard(ITEM=10m,REQUEST='20210')\",\"propertyPath\":\"PICK_UP\"}"}]}
RESULT: undefined
COMMAND: POST /session/3a666e1e6263059a660801b53c4ba30d/execute/async - {"script":"<script> [6424 bytes]","args":[{"element-6066-11e4-a52e-4f735466cecf":"f.35BA612EB9C2194724D060812FEF357B.d.085147F95AFD3E20F006812BF1CFD1D8.e.6679"},"getType",[]]}
RESULT: {"script":"<script> [6424 bytes]","args":[{"element-6066-11e4-a52e-4f735466cecf":"f.35BA612EB9C2194724D060812FEF357B.d.085147F95AFD3E20F006812BF1CFD1D8.e.6679"},"getType",[]]}
COMMAND: POST /session/3a666e1e6263059a660801b53c4ba30d/execute/async - {"script":"<script> [1562 bytes]","args":[{"selector":{"controlType":"sap.m.Button","viewName":"etm.portal.ui.managerequests.view.Detail","bindingPath":{"path":"/SmartRequestItemsPlanningBoard(ITEM=20m,REQUEST='20210')","propertyPath":"PICK_UP"}},"wdio_ui5_key":"etmportal.ui.managerequests.view.Detailsap.m.Button{\"path\":\"/SmartRequestItemsPlanningBoard(ITEM=20m,REQUEST='20210')\",\"propertyPath\":\"PICK_UP\"}"}]}
RESULT: {"script":"<script> [1562 bytes]","args":[{"selector":{"controlType":"sap.m.Button","viewName":"etm.portal.ui.managerequests.view.Detail","bindingPath":{"path":"/SmartRequestItemsPlanningBoard(ITEM=20m,REQUEST='20210')","propertyPath":"PICK_UP"}},"wdio_ui5_key":"etmportal.ui.managerequests.view.Detailsap.m.Button{\"path\":\"/SmartRequestItemsPlanningBoard(ITEM=20m,REQUEST='20210')\",\"propertyPath\":\"PICK_UP\"}"}]}
RESULT: undefined
COMMAND: POST /session/3a666e1e6263059a660801b53c4ba30d/execute/async - {"script":"<script> [6424 bytes]","args":[{"element-6066-11e4-a52e-4f735466cecf":"f.35BA612EB9C2194724D060812FEF357B.d.085147F95AFD3E20F006812BF1CFD1D8.e.6680"},"getType",[]]}
RESULT: {"script":"<script> [6424 bytes]","args":[{"element-6066-11e4-a52e-4f735466cecf":"f.35BA612EB9C2194724D060812FEF357B.d.085147F95AFD3E20F006812BF1CFD1D8.e.6680"},"getType",[]]}
COMMAND: POST /session/3a666e1e6263059a660801b53c4ba30d/element - {"using":"css selector","value":"#shell-header-logo"}
RESULT: {"using":"css selector","value":"#shell-header-logo"}
COMMAND: POST /session/3a666e1e6263059a660801b53c4ba30d/element/f.35BA612EB9C2194724D060812FEF357B.d.085147F95AFD3E20F006812BF1CFD1D8.e.6466/click - {}
RESULT: {}
COMMAND: GET /session/3a666e1e6263059a660801b53c4ba30d/screenshot - {}
RESULT: {}
COMMAND: POST /session/3a666e1e6263059a660801b53c4ba30d/execute/async - {"script":"<script> [1562 bytes]","args":[{"selector":{"controlType":"sap.m.GenericTile","properties":{"header":"Manage Classifications"}},"wdio_ui5_key":"sapm.GenericTile{\"header\":\"Manage Classifications\"}"}]}
RESULT: {"script":"<script> [1562 bytes]","args":[{"selector":{"controlType":"sap.m.GenericTile","properties":{"header":"Manage Classifications"}},"wdio_ui5_key":"sapm.GenericTile{\"header\":\"Manage Classifications\"}"}]}
RESULT: undefined
COMMAND: POST /session/3a666e1e6263059a660801b53c4ba30d/element - {"using":"xpath","value":"//*[@id=\"__tile115\"]"}
RESULT: {"using":"xpath","value":"//*[@id=\"__tile115\"]"}
COMMAND: POST /session/3a666e1e6263059a660801b53c4ba30d/element/f.35BA612EB9C2194724D060812FEF357B.d.085147F95AFD3E20F006812BF1CFD1D8.e.6695/click - {}
RESULT: {}
COMMAND: GET /session/3a666e1e6263059a660801b53c4ba30d/screenshot - {}
RESULT: {}
COMMAND: POST /session/3a666e1e6263059a660801b53c4ba30d/elements - {"using":"xpath","value":"//span[text()='Error']"}
RESULT: {"using":"xpath","value":"//span[text()='Error']"}
]]></system-out>
    </testcase>
  </testsuite>
  <testsuite timestamp="2025-05-21T16:07:30" time="457.787" tests="4" failures="0" errors="0" skipped="0">
    <properties>
      <property name="specId" value="0"/>
      <property name="suiteName" value="Manage requests - requests specifications US141095"/>
      <property name="capabilities" value="chrome.136_0_7103_93.windows"/>
      <property name="file" value="file:///D:/a/1/s/test/specs/R2C/manage-requests-request-specifications.spec.js"/>
    </properties>
    <testcase classname="chrome.136_0_7103_93.windows.Manage_requests_-_requests_specifications_US141095" name="Should create a new classification of type request item" time="47.908">
      <system-out><![CDATA[
COMMAND: POST /session/3a666e1e6263059a660801b53c4ba30d/execute/async - {"script":"<script> [1562 bytes]","args":[{"selector":{"controlType":"sap.ui.core.Icon","viewName":"etm.portal.ui.manageclassifications.view.Master","viewId":"application-manageclassifications-display-component---classificationMaster","properties":{"src":{"regex":{"source":"add"}}}},"wdio_ui5_key":"etmportal.ui.manageclassifications.view.Mastersap.ui.core.Icon{\"src\":{\"regex\":{\"source\":\"add\"}}}"}]}
RESULT: {"script":"<script> [1562 bytes]","args":[{"selector":{"controlType":"sap.ui.core.Icon","viewName":"etm.portal.ui.manageclassifications.view.Master","viewId":"application-manageclassifications-display-component---classificationMaster","properties":{"src":{"regex":{"source":"add"}}}},"wdio_ui5_key":"etmportal.ui.manageclassifications.view.Mastersap.ui.core.Icon{\"src\":{\"regex\":{\"source\":\"add\"}}}"}]}
RESULT: undefined
COMMAND: POST /session/3a666e1e6263059a660801b53c4ba30d/element - {"using":"xpath","value":"//*[@id=\"__button25-img\"]"}
RESULT: {"using":"xpath","value":"//*[@id=\"__button25-img\"]"}
COMMAND: POST /session/3a666e1e6263059a660801b53c4ba30d/element/f.35BA612EB9C2194724D060812FEF357B.d.085147F95AFD3E20F006812BF1CFD1D8.e.6736/click - {}
RESULT: {}
COMMAND: POST /session/3a666e1e6263059a660801b53c4ba30d/execute/async - {"script":"<script> [1562 bytes]","args":[{"selector":{"id":"application-manageclassifications-display-component---classificationCreate--classHeaderName","interaction":{"idSuffix":"inner"}},"wdio_ui5_key":"applicationmanageclassifications-display-component---classificationCreate--classHeaderName"}]}
COMMAND: GET /session/3a666e1e6263059a660801b53c4ba30d/screenshot - {}
RESULT: {"script":"<script> [1562 bytes]","args":[{"selector":{"id":"application-manageclassifications-display-component---classificationCreate--classHeaderName","interaction":{"idSuffix":"inner"}},"wdio_ui5_key":"applicationmanageclassifications-display-component---classificationCreate--classHeaderName"}]}
RESULT: undefined
COMMAND: POST /session/3a666e1e6263059a660801b53c4ba30d/execute/async - {"script":"<script> [776 bytes]","args":[{"enterText":"WebdriverItemClass34yys","selector":{"id":"application-manageclassifications-display-component---classificationCreate--classHeaderName","interaction":{"idSuffix":"inner"}},"clearTextFirst":true,"interactionType":"ENTER_TEXT"}]}
RESULT: {}
RESULT: {"script":"<script> [776 bytes]","args":[{"enterText":"WebdriverItemClass34yys","selector":{"id":"application-manageclassifications-display-component---classificationCreate--classHeaderName","interaction":{"idSuffix":"inner"}},"clearTextFirst":true,"interactionType":"ENTER_TEXT"}]}
COMMAND: POST /session/3a666e1e6263059a660801b53c4ba30d/execute/async - {"script":"<script> [1562 bytes]","args":[{"selector":{"controlType":"sap.ui.core.Icon","viewName":"etm.portal.ui.manageclassifications.view.Create","viewId":"application-manageclassifications-display-component---classificationCreate","properties":{"src":{"regex":{"source":"slim\\-arrow\\-down"}}}},"wdio_ui5_key":"etmportal.ui.manageclassifications.view.Createsap.ui.core.Icon{\"src\":{\"regex\":{\"source\":\"slim\\\\-arrow\\\\-down\"}}}"}]}
RESULT: {"script":"<script> [1562 bytes]","args":[{"selector":{"controlType":"sap.ui.core.Icon","viewName":"etm.portal.ui.manageclassifications.view.Create","viewId":"application-manageclassifications-display-component---classificationCreate","properties":{"src":{"regex":{"source":"slim\\-arrow\\-down"}}}},"wdio_ui5_key":"etmportal.ui.manageclassifications.view.Createsap.ui.core.Icon{\"src\":{\"regex\":{\"source\":\"slim\\\\-arrow\\\\-down\"}}}"}]}
RESULT: undefined
COMMAND: POST /session/3a666e1e6263059a660801b53c4ba30d/element - {"using":"xpath","value":"//*[@id=\"__box12-arrow\"]"}
RESULT: {"using":"xpath","value":"//*[@id=\"__box12-arrow\"]"}
COMMAND: POST /session/3a666e1e6263059a660801b53c4ba30d/element/f.35BA612EB9C2194724D060812FEF357B.d.085147F95AFD3E20F006812BF1CFD1D8.e.7071/click - {}
RESULT: {}
COMMAND: POST /session/3a666e1e6263059a660801b53c4ba30d/execute/async - {"script":"<script> [1562 bytes]","args":[{"selector":{"controlType":"sap.m.StandardListItem","viewName":"etm.portal.ui.manageclassifications.view.Create","viewId":"application-manageclassifications-display-component---classificationCreate","properties":{"title":"Request Item Specifications"},"searchOpenDialogs":true,"interaction":{"idSuffix":"titleText"}},"wdio_ui5_key":"etmportal.ui.manageclassifications.view.Createsap.m.StandardListItem{\"title\":\"Request Item Specifications\"}"}]}
COMMAND: GET /session/3a666e1e6263059a660801b53c4ba30d/screenshot - {}
RESULT: {"script":"<script> [1562 bytes]","args":[{"selector":{"controlType":"sap.m.StandardListItem","viewName":"etm.portal.ui.manageclassifications.view.Create","viewId":"application-manageclassifications-display-component---classificationCreate","properties":{"title":"Request Item Specifications"},"searchOpenDialogs":true,"interaction":{"idSuffix":"titleText"}},"wdio_ui5_key":"etmportal.ui.manageclassifications.view.Createsap.m.StandardListItem{\"title\":\"Request Item Specifications\"}"}]}
RESULT: undefined
COMMAND: POST /session/3a666e1e6263059a660801b53c4ba30d/element - {"using":"xpath","value":"//*[@id=\"__item82\"]"}
RESULT: {}
RESULT: {"using":"xpath","value":"//*[@id=\"__item82\"]"}
COMMAND: POST /session/3a666e1e6263059a660801b53c4ba30d/element/f.35BA612EB9C2194724D060812FEF357B.d.085147F95AFD3E20F006812BF1CFD1D8.e.7123/click - {}
RESULT: {}
COMMAND: POST /session/3a666e1e6263059a660801b53c4ba30d/execute/async - {"script":"<script> [1562 bytes]","args":[{"selector":{"controlType":"sap.ui.core.Icon","viewName":"etm.portal.ui.manageclassifications.view.Create","viewId":"application-manageclassifications-display-component---classificationCreate","properties":{"src":{"regex":{"source":"add"}}}},"wdio_ui5_key":"etmportal.ui.manageclassifications.view.Createsap.ui.core.Icon{\"src\":{\"regex\":{\"source\":\"add\"}}}"}]}
COMMAND: GET /session/3a666e1e6263059a660801b53c4ba30d/screenshot - {}
RESULT: {"script":"<script> [1562 bytes]","args":[{"selector":{"controlType":"sap.ui.core.Icon","viewName":"etm.portal.ui.manageclassifications.view.Create","viewId":"application-manageclassifications-display-component---classificationCreate","properties":{"src":{"regex":{"source":"add"}}}},"wdio_ui5_key":"etmportal.ui.manageclassifications.view.Createsap.ui.core.Icon{\"src\":{\"regex\":{\"source\":\"add\"}}}"}]}
RESULT: undefined
COMMAND: POST /session/3a666e1e6263059a660801b53c4ba30d/element - {"using":"xpath","value":"//*[@id=\"__button30-img\"]"}
RESULT: {}
RESULT: {"using":"xpath","value":"//*[@id=\"__button30-img\"]"}
COMMAND: POST /session/3a666e1e6263059a660801b53c4ba30d/element/f.35BA612EB9C2194724D060812FEF357B.d.085147F95AFD3E20F006812BF1CFD1D8.e.7074/click - {}
RESULT: {}
COMMAND: POST /session/3a666e1e6263059a660801b53c4ba30d/execute/async - {"script":"<script> [1562 bytes]","args":[{"selector":{"controlType":"sap.m.Input","viewName":"etm.portal.ui.manageclassifications.view.Create","viewId":"application-manageclassifications-display-component---classificationCreate","bindingPath":{"path":"/0","propertyPath":"PROPERTY","modelName":"newConfigModel"},"interaction":{"idSuffix":"inner"}},"wdio_ui5_key":"etmportal.ui.manageclassifications.view.Createsap.m.Input{\"path\":\"/0\",\"propertyPath\":\"PROPERTY\",\"modelName\":\"newConfigModel\"}"}]}
COMMAND: GET /session/3a666e1e6263059a660801b53c4ba30d/screenshot - {}
RESULT: {"script":"<script> [1562 bytes]","args":[{"selector":{"controlType":"sap.m.Input","viewName":"etm.portal.ui.manageclassifications.view.Create","viewId":"application-manageclassifications-display-component---classificationCreate","bindingPath":{"path":"/0","propertyPath":"PROPERTY","modelName":"newConfigModel"},"interaction":{"idSuffix":"inner"}},"wdio_ui5_key":"etmportal.ui.manageclassifications.view.Createsap.m.Input{\"path\":\"/0\",\"propertyPath\":\"PROPERTY\",\"modelName\":\"newConfigModel\"}"}]}
RESULT: undefined
COMMAND: POST /session/3a666e1e6263059a660801b53c4ba30d/execute/async - {"script":"<script> [776 bytes]","args":[{"enterText":"Color","selector":{"controlType":"sap.m.Input","viewName":"etm.portal.ui.manageclassifications.view.Create","viewId":"application-manageclassifications-display-component---classificationCreate","bindingPath":{"path":"/0","propertyPath":"PROPERTY","modelName":"newConfigModel"},"interaction":{"idSuffix":"inner"}},"clearTextFirst":true,"interactionType":"ENTER_TEXT"}]}
RESULT: {}
RESULT: {"script":"<script> [776 bytes]","args":[{"enterText":"Color","selector":{"controlType":"sap.m.Input","viewName":"etm.portal.ui.manageclassifications.view.Create","viewId":"application-manageclassifications-display-component---classificationCreate","bindingPath":{"path":"/0","propertyPath":"PROPERTY","modelName":"newConfigModel"},"interaction":{"idSuffix":"inner"}},"clearTextFirst":true,"interactionType":"ENTER_TEXT"}]}
COMMAND: POST /session/3a666e1e6263059a660801b53c4ba30d/execute/async - {"script":"<script> [1562 bytes]","args":[{"selector":{"controlType":"sap.m.Input","viewName":"etm.portal.ui.manageclassifications.view.Create","viewId":"application-manageclassifications-display-component---classificationCreate","bindingPath":{"path":"/0","propertyPath":"DESCRIPTION","modelName":"newConfigModel"},"interaction":{"idSuffix":"inner"}},"wdio_ui5_key":"etmportal.ui.manageclassifications.view.Createsap.m.Input{\"path\":\"/0\",\"propertyPath\":\"DESCRIPTION\",\"modelName\":\"newConfigModel\"}"}]}
RESULT: {"script":"<script> [1562 bytes]","args":[{"selector":{"controlType":"sap.m.Input","viewName":"etm.portal.ui.manageclassifications.view.Create","viewId":"application-manageclassifications-display-component---classificationCreate","bindingPath":{"path":"/0","propertyPath":"DESCRIPTION","modelName":"newConfigModel"},"interaction":{"idSuffix":"inner"}},"wdio_ui5_key":"etmportal.ui.manageclassifications.view.Createsap.m.Input{\"path\":\"/0\",\"propertyPath\":\"DESCRIPTION\",\"modelName\":\"newConfigModel\"}"}]}
RESULT: undefined
COMMAND: POST /session/3a666e1e6263059a660801b53c4ba30d/execute/async - {"script":"<script> [776 bytes]","args":[{"enterText":"Color","selector":{"controlType":"sap.m.Input","viewName":"etm.portal.ui.manageclassifications.view.Create","viewId":"application-manageclassifications-display-component---classificationCreate","bindingPath":{"path":"/0","propertyPath":"DESCRIPTION","modelName":"newConfigModel"},"interaction":{"idSuffix":"inner"}},"clearTextFirst":true,"interactionType":"ENTER_TEXT"}]}
RESULT: {"script":"<script> [776 bytes]","args":[{"enterText":"Color","selector":{"controlType":"sap.m.Input","viewName":"etm.portal.ui.manageclassifications.view.Create","viewId":"application-manageclassifications-display-component---classificationCreate","bindingPath":{"path":"/0","propertyPath":"DESCRIPTION","modelName":"newConfigModel"},"interaction":{"idSuffix":"inner"}},"clearTextFirst":true,"interactionType":"ENTER_TEXT"}]}
COMMAND: POST /session/3a666e1e6263059a660801b53c4ba30d/execute/async - {"script":"<script> [1562 bytes]","args":[{"selector":{"controlType":"sap.ui.core.Icon","viewName":"etm.portal.ui.manageclassifications.view.Create","viewId":"application-manageclassifications-display-component---classificationCreate","properties":{"src":{"regex":{"source":"slim\\-arrow\\-down"}}},"ancestor":{"controlType":"sap.m.ComboBox","viewName":"etm.portal.ui.manageclassifications.view.Create","viewId":"application-manageclassifications-display-component---classificationCreate","bindingPath":{"path":"/0","propertyPath":"VALUE_TYPE","modelName":"newConfigModel"}}},"wdio_ui5_key":"etmportal.ui.manageclassifications.view.Createsap.ui.core.Icon{\"src\":{\"regex\":{\"source\":\"slim\\\\-arrow\\\\-down\"}}}{\"controlType\":\"sap.m.ComboBox\",\"viewName\":\"etm.portal.ui.manageclassifications.view.Create\",\"viewId\":\"application-manageclassifications-display-component---classificationCreate\",\"bindingPath\":{\"path\":\"/0\",\"propertyPath\":\"VALUE_TYPE\",\"modelName\":\"newConfigModel\"}}"}]}
RESULT: {"script":"<script> [1562 bytes]","args":[{"selector":{"controlType":"sap.ui.core.Icon","viewName":"etm.portal.ui.manageclassifications.view.Create","viewId":"application-manageclassifications-display-component---classificationCreate","properties":{"src":{"regex":{"source":"slim\\-arrow\\-down"}}},"ancestor":{"controlType":"sap.m.ComboBox","viewName":"etm.portal.ui.manageclassifications.view.Create","viewId":"application-manageclassifications-display-component---classificationCreate","bindingPath":{"path":"/0","propertyPath":"VALUE_TYPE","modelName":"newConfigModel"}}},"wdio_ui5_key":"etmportal.ui.manageclassifications.view.Createsap.ui.core.Icon{\"src\":{\"regex\":{\"source\":\"slim\\\\-arrow\\\\-down\"}}}{\"controlType\":\"sap.m.ComboBox\",\"viewName\":\"etm.portal.ui.manageclassifications.view.Create\",\"viewId\":\"application-manageclassifications-display-component---classificationCreate\",\"bindingPath\":{\"path\":\"/0\",\"propertyPath\":\"VALUE_TYPE\",\"modelName\":\"newConfigModel\"}}"}]}
RESULT: undefined
COMMAND: POST /session/3a666e1e6263059a660801b53c4ba30d/element - {"using":"xpath","value":"//*[@id=\"__box13-application-manageclassifications-display-component---classificationCreate--configurationList-0-arrow\"]"}
RESULT: {"using":"xpath","value":"//*[@id=\"__box13-application-manageclassifications-display-component---classificationCreate--configurationList-0-arrow\"]"}
COMMAND: POST /session/3a666e1e6263059a660801b53c4ba30d/element/f.35BA612EB9C2194724D060812FEF357B.d.085147F95AFD3E20F006812BF1CFD1D8.e.7132/click - {}
RESULT: {}
COMMAND: POST /session/3a666e1e6263059a660801b53c4ba30d/execute/async - {"script":"<script> [1562 bytes]","args":[{"selector":{"controlType":"sap.m.StandardListItem","viewName":"etm.portal.ui.manageclassifications.view.Create","viewId":"application-manageclassifications-display-component---classificationCreate","properties":{"title":"Dropdown"},"searchOpenDialogs":true,"interaction":{"idSuffix":"titleText"}},"wdio_ui5_key":"etmportal.ui.manageclassifications.view.Createsap.m.StandardListItem{\"title\":\"Dropdown\"}"}]}
COMMAND: GET /session/3a666e1e6263059a660801b53c4ba30d/screenshot - {}
RESULT: {"script":"<script> [1562 bytes]","args":[{"selector":{"controlType":"sap.m.StandardListItem","viewName":"etm.portal.ui.manageclassifications.view.Create","viewId":"application-manageclassifications-display-component---classificationCreate","properties":{"title":"Dropdown"},"searchOpenDialogs":true,"interaction":{"idSuffix":"titleText"}},"wdio_ui5_key":"etmportal.ui.manageclassifications.view.Createsap.m.StandardListItem{\"title\":\"Dropdown\"}"}]}
RESULT: undefined
COMMAND: POST /session/3a666e1e6263059a660801b53c4ba30d/element - {"using":"xpath","value":"//*[@id=\"__item90\"]"}
RESULT: {}
RESULT: {"using":"xpath","value":"//*[@id=\"__item90\"]"}
COMMAND: POST /session/3a666e1e6263059a660801b53c4ba30d/element/f.35BA612EB9C2194724D060812FEF357B.d.085147F95AFD3E20F006812BF1CFD1D8.e.7134/click - {}
RESULT: {}
COMMAND: POST /session/3a666e1e6263059a660801b53c4ba30d/execute/async - {"script":"<script> [1562 bytes]","args":[{"selector":{"controlType":"sap.ui.core.Icon","viewName":"etm.portal.ui.manageclassifications.view.Create","viewId":"application-manageclassifications-display-component---classificationCreate","properties":{"src":{"regex":{"source":"crm\\-service\\-manager"}}}},"wdio_ui5_key":"etmportal.ui.manageclassifications.view.Createsap.ui.core.Icon{\"src\":{\"regex\":{\"source\":\"crm\\\\-service\\\\-manager\"}}}"}]}
COMMAND: GET /session/3a666e1e6263059a660801b53c4ba30d/screenshot - {}
RESULT: {"script":"<script> [1562 bytes]","args":[{"selector":{"controlType":"sap.ui.core.Icon","viewName":"etm.portal.ui.manageclassifications.view.Create","viewId":"application-manageclassifications-display-component---classificationCreate","properties":{"src":{"regex":{"source":"crm\\-service\\-manager"}}}},"wdio_ui5_key":"etmportal.ui.manageclassifications.view.Createsap.ui.core.Icon{\"src\":{\"regex\":{\"source\":\"crm\\\\-service\\\\-manager\"}}}"}]}
RESULT: undefined
COMMAND: POST /session/3a666e1e6263059a660801b53c4ba30d/element - {"using":"xpath","value":"//*[@id=\"__button32-application-manageclassifications-display-component---classificationCreate--configurationList-0-img\"]"}
RESULT: {}
RESULT: {"using":"xpath","value":"//*[@id=\"__button32-application-manageclassifications-display-component---classificationCreate--configurationList-0-img\"]"}
COMMAND: POST /session/3a666e1e6263059a660801b53c4ba30d/element/f.35BA612EB9C2194724D060812FEF357B.d.085147F95AFD3E20F006812BF1CFD1D8.e.7136/click - {}
RESULT: {}
COMMAND: POST /session/3a666e1e6263059a660801b53c4ba30d/element - {"using":"xpath","value":"//button[@title=\"Add additional value\"]"}
COMMAND: GET /session/3a666e1e6263059a660801b53c4ba30d/screenshot - {}
RESULT: {"using":"xpath","value":"//button[@title=\"Add additional value\"]"}
COMMAND: POST /session/3a666e1e6263059a660801b53c4ba30d/element/f.35BA612EB9C2194724D060812FEF357B.d.085147F95AFD3E20F006812BF1CFD1D8.e.7137/click - {}
RESULT: {}
RESULT: {}
COMMAND: POST /session/3a666e1e6263059a660801b53c4ba30d/execute/async - {"script":"<script> [1562 bytes]","args":[{"selector":{"controlType":"sap.m.Input","viewName":"etm.portal.ui.manageclassifications.view.Create","viewId":"application-manageclassifications-display-component---classificationCreate","bindingPath":{"path":"/VALUES/0","propertyPath":"VALUE","modelName":"dropdownValuesModel"},"searchOpenDialogs":true,"interaction":{"idSuffix":"inner"}},"wdio_ui5_key":"etmportal.ui.manageclassifications.view.Createsap.m.Input{\"path\":\"/VALUES/0\",\"propertyPath\":\"VALUE\",\"modelName\":\"dropdownValuesModel\"}"}]}
COMMAND: GET /session/3a666e1e6263059a660801b53c4ba30d/screenshot - {}
RESULT: {"script":"<script> [1562 bytes]","args":[{"selector":{"controlType":"sap.m.Input","viewName":"etm.portal.ui.manageclassifications.view.Create","viewId":"application-manageclassifications-display-component---classificationCreate","bindingPath":{"path":"/VALUES/0","propertyPath":"VALUE","modelName":"dropdownValuesModel"},"searchOpenDialogs":true,"interaction":{"idSuffix":"inner"}},"wdio_ui5_key":"etmportal.ui.manageclassifications.view.Createsap.m.Input{\"path\":\"/VALUES/0\",\"propertyPath\":\"VALUE\",\"modelName\":\"dropdownValuesModel\"}"}]}
RESULT: undefined
COMMAND: POST /session/3a666e1e6263059a660801b53c4ba30d/execute/async - {"script":"<script> [776 bytes]","args":[{"enterText":"1","selector":{"controlType":"sap.m.Input","viewName":"etm.portal.ui.manageclassifications.view.Create","viewId":"application-manageclassifications-display-component---classificationCreate","bindingPath":{"path":"/VALUES/0","propertyPath":"VALUE","modelName":"dropdownValuesModel"},"searchOpenDialogs":true,"interaction":{"idSuffix":"inner"}},"clearTextFirst":true,"interactionType":"ENTER_TEXT"}]}
RESULT: {}
RESULT: {"script":"<script> [776 bytes]","args":[{"enterText":"1","selector":{"controlType":"sap.m.Input","viewName":"etm.portal.ui.manageclassifications.view.Create","viewId":"application-manageclassifications-display-component---classificationCreate","bindingPath":{"path":"/VALUES/0","propertyPath":"VALUE","modelName":"dropdownValuesModel"},"searchOpenDialogs":true,"interaction":{"idSuffix":"inner"}},"clearTextFirst":true,"interactionType":"ENTER_TEXT"}]}
COMMAND: POST /session/3a666e1e6263059a660801b53c4ba30d/execute/async - {"script":"<script> [1562 bytes]","args":[{"selector":{"controlType":"sap.m.Input","viewName":"etm.portal.ui.manageclassifications.view.Create","viewId":"application-manageclassifications-display-component---classificationCreate","bindingPath":{"path":"/VALUES/0","propertyPath":"TEXT","modelName":"dropdownValuesModel"},"searchOpenDialogs":true,"interaction":{"idSuffix":"inner"}},"wdio_ui5_key":"etmportal.ui.manageclassifications.view.Createsap.m.Input{\"path\":\"/VALUES/0\",\"propertyPath\":\"TEXT\",\"modelName\":\"dropdownValuesModel\"}"}]}
RESULT: {"script":"<script> [1562 bytes]","args":[{"selector":{"controlType":"sap.m.Input","viewName":"etm.portal.ui.manageclassifications.view.Create","viewId":"application-manageclassifications-display-component---classificationCreate","bindingPath":{"path":"/VALUES/0","propertyPath":"TEXT","modelName":"dropdownValuesModel"},"searchOpenDialogs":true,"interaction":{"idSuffix":"inner"}},"wdio_ui5_key":"etmportal.ui.manageclassifications.view.Createsap.m.Input{\"path\":\"/VALUES/0\",\"propertyPath\":\"TEXT\",\"modelName\":\"dropdownValuesModel\"}"}]}
RESULT: undefined
COMMAND: POST /session/3a666e1e6263059a660801b53c4ba30d/execute/async - {"script":"<script> [776 bytes]","args":[{"enterText":"blue","selector":{"controlType":"sap.m.Input","viewName":"etm.portal.ui.manageclassifications.view.Create","viewId":"application-manageclassifications-display-component---classificationCreate","bindingPath":{"path":"/VALUES/0","propertyPath":"TEXT","modelName":"dropdownValuesModel"},"searchOpenDialogs":true,"interaction":{"idSuffix":"inner"}},"clearTextFirst":true,"interactionType":"ENTER_TEXT"}]}
RESULT: {"script":"<script> [776 bytes]","args":[{"enterText":"blue","selector":{"controlType":"sap.m.Input","viewName":"etm.portal.ui.manageclassifications.view.Create","viewId":"application-manageclassifications-display-component---classificationCreate","bindingPath":{"path":"/VALUES/0","propertyPath":"TEXT","modelName":"dropdownValuesModel"},"searchOpenDialogs":true,"interaction":{"idSuffix":"inner"}},"clearTextFirst":true,"interactionType":"ENTER_TEXT"}]}
COMMAND: POST /session/3a666e1e6263059a660801b53c4ba30d/element - {"using":"xpath","value":"//button[@title=\"Add additional value\"]"}
RESULT: {"using":"xpath","value":"//button[@title=\"Add additional value\"]"}
COMMAND: POST /session/3a666e1e6263059a660801b53c4ba30d/element/f.35BA612EB9C2194724D060812FEF357B.d.085147F95AFD3E20F006812BF1CFD1D8.e.7137/click - {}
RESULT: {}
COMMAND: POST /session/3a666e1e6263059a660801b53c4ba30d/execute/async - {"script":"<script> [1562 bytes]","args":[{"selector":{"controlType":"sap.m.Input","viewName":"etm.portal.ui.manageclassifications.view.Create","viewId":"application-manageclassifications-display-component---classificationCreate","bindingPath":{"path":"/VALUES/1","propertyPath":"VALUE","modelName":"dropdownValuesModel"},"searchOpenDialogs":true,"interaction":{"idSuffix":"inner"}},"wdio_ui5_key":"etmportal.ui.manageclassifications.view.Createsap.m.Input{\"path\":\"/VALUES/1\",\"propertyPath\":\"VALUE\",\"modelName\":\"dropdownValuesModel\"}"}]}
COMMAND: GET /session/3a666e1e6263059a660801b53c4ba30d/screenshot - {}
RESULT: {"script":"<script> [1562 bytes]","args":[{"selector":{"controlType":"sap.m.Input","viewName":"etm.portal.ui.manageclassifications.view.Create","viewId":"application-manageclassifications-display-component---classificationCreate","bindingPath":{"path":"/VALUES/1","propertyPath":"VALUE","modelName":"dropdownValuesModel"},"searchOpenDialogs":true,"interaction":{"idSuffix":"inner"}},"wdio_ui5_key":"etmportal.ui.manageclassifications.view.Createsap.m.Input{\"path\":\"/VALUES/1\",\"propertyPath\":\"VALUE\",\"modelName\":\"dropdownValuesModel\"}"}]}
RESULT: undefined
COMMAND: POST /session/3a666e1e6263059a660801b53c4ba30d/execute/async - {"script":"<script> [776 bytes]","args":[{"enterText":"2","selector":{"controlType":"sap.m.Input","viewName":"etm.portal.ui.manageclassifications.view.Create","viewId":"application-manageclassifications-display-component---classificationCreate","bindingPath":{"path":"/VALUES/1","propertyPath":"VALUE","modelName":"dropdownValuesModel"},"searchOpenDialogs":true,"interaction":{"idSuffix":"inner"}},"clearTextFirst":true,"interactionType":"ENTER_TEXT"}]}
RESULT: {}
RESULT: {"script":"<script> [776 bytes]","args":[{"enterText":"2","selector":{"controlType":"sap.m.Input","viewName":"etm.portal.ui.manageclassifications.view.Create","viewId":"application-manageclassifications-display-component---classificationCreate","bindingPath":{"path":"/VALUES/1","propertyPath":"VALUE","modelName":"dropdownValuesModel"},"searchOpenDialogs":true,"interaction":{"idSuffix":"inner"}},"clearTextFirst":true,"interactionType":"ENTER_TEXT"}]}
COMMAND: POST /session/3a666e1e6263059a660801b53c4ba30d/execute/async - {"script":"<script> [1562 bytes]","args":[{"selector":{"controlType":"sap.m.Input","viewName":"etm.portal.ui.manageclassifications.view.Create","viewId":"application-manageclassifications-display-component---classificationCreate","bindingPath":{"path":"/VALUES/1","propertyPath":"TEXT","modelName":"dropdownValuesModel"},"searchOpenDialogs":true,"interaction":{"idSuffix":"inner"}},"wdio_ui5_key":"etmportal.ui.manageclassifications.view.Createsap.m.Input{\"path\":\"/VALUES/1\",\"propertyPath\":\"TEXT\",\"modelName\":\"dropdownValuesModel\"}"}]}
RESULT: {"script":"<script> [1562 bytes]","args":[{"selector":{"controlType":"sap.m.Input","viewName":"etm.portal.ui.manageclassifications.view.Create","viewId":"application-manageclassifications-display-component---classificationCreate","bindingPath":{"path":"/VALUES/1","propertyPath":"TEXT","modelName":"dropdownValuesModel"},"searchOpenDialogs":true,"interaction":{"idSuffix":"inner"}},"wdio_ui5_key":"etmportal.ui.manageclassifications.view.Createsap.m.Input{\"path\":\"/VALUES/1\",\"propertyPath\":\"TEXT\",\"modelName\":\"dropdownValuesModel\"}"}]}
RESULT: undefined
COMMAND: POST /session/3a666e1e6263059a660801b53c4ba30d/execute/async - {"script":"<script> [776 bytes]","args":[{"enterText":"red","selector":{"controlType":"sap.m.Input","viewName":"etm.portal.ui.manageclassifications.view.Create","viewId":"application-manageclassifications-display-component---classificationCreate","bindingPath":{"path":"/VALUES/1","propertyPath":"TEXT","modelName":"dropdownValuesModel"},"searchOpenDialogs":true,"interaction":{"idSuffix":"inner"}},"clearTextFirst":true,"interactionType":"ENTER_TEXT"}]}
RESULT: {"script":"<script> [776 bytes]","args":[{"enterText":"red","selector":{"controlType":"sap.m.Input","viewName":"etm.portal.ui.manageclassifications.view.Create","viewId":"application-manageclassifications-display-component---classificationCreate","bindingPath":{"path":"/VALUES/1","propertyPath":"TEXT","modelName":"dropdownValuesModel"},"searchOpenDialogs":true,"interaction":{"idSuffix":"inner"}},"clearTextFirst":true,"interactionType":"ENTER_TEXT"}]}
COMMAND: POST /session/3a666e1e6263059a660801b53c4ba30d/execute/async - {"script":"<script> [1562 bytes]","args":[{"selector":{"controlType":"sap.m.Button","viewName":"etm.portal.ui.manageclassifications.view.Create","viewId":"application-manageclassifications-display-component---classificationCreate","i18NText":{"propertyName":"text","key":"save"},"searchOpenDialogs":true,"interaction":{"idSuffix":"BDI-content"}},"wdio_ui5_key":"etmportal.ui.manageclassifications.view.Createsap.m.Button{\"propertyName\":\"text\",\"key\":\"save\"}"}]}
RESULT: {"script":"<script> [1562 bytes]","args":[{"selector":{"controlType":"sap.m.Button","viewName":"etm.portal.ui.manageclassifications.view.Create","viewId":"application-manageclassifications-display-component---classificationCreate","i18NText":{"propertyName":"text","key":"save"},"searchOpenDialogs":true,"interaction":{"idSuffix":"BDI-content"}},"wdio_ui5_key":"etmportal.ui.manageclassifications.view.Createsap.m.Button{\"propertyName\":\"text\",\"key\":\"save\"}"}]}
RESULT: undefined
COMMAND: POST /session/3a666e1e6263059a660801b53c4ba30d/element - {"using":"xpath","value":"//*[@id=\"__button42\"]"}
RESULT: {"using":"xpath","value":"//*[@id=\"__button42\"]"}
COMMAND: POST /session/3a666e1e6263059a660801b53c4ba30d/element/f.35BA612EB9C2194724D060812FEF357B.d.085147F95AFD3E20F006812BF1CFD1D8.e.7157/click - {}
RESULT: {}
COMMAND: GET /session/3a666e1e6263059a660801b53c4ba30d/screenshot - {}
RESULT: {}
COMMAND: POST /session/3a666e1e6263059a660801b53c4ba30d/element - {"using":"xpath","value":"//button[@title=\"Save\"]"}
RESULT: {"using":"xpath","value":"//button[@title=\"Save\"]"}
COMMAND: POST /session/3a666e1e6263059a660801b53c4ba30d/element/f.35BA612EB9C2194724D060812FEF357B.d.085147F95AFD3E20F006812BF1CFD1D8.e.7082/click - {}
RESULT: {}
COMMAND: GET /session/3a666e1e6263059a660801b53c4ba30d/screenshot - {}
RESULT: {}
COMMAND: POST /session/3a666e1e6263059a660801b53c4ba30d/execute/async - {"script":"<script> [1562 bytes]","args":[{"selector":{"id":"application-manageclassifications-display-component---classificationMaster--smartFilterBar-btnBasicSearch","interaction":{"idSuffix":"I"}},"wdio_ui5_key":"applicationmanageclassifications-display-component---classificationMaster--smartFilterBar-btnBasicSearch"}]}
RESULT: {"script":"<script> [1562 bytes]","args":[{"selector":{"id":"application-manageclassifications-display-component---classificationMaster--smartFilterBar-btnBasicSearch","interaction":{"idSuffix":"I"}},"wdio_ui5_key":"applicationmanageclassifications-display-component---classificationMaster--smartFilterBar-btnBasicSearch"}]}
RESULT: undefined
COMMAND: POST /session/3a666e1e6263059a660801b53c4ba30d/execute/async - {"script":"<script> [776 bytes]","args":[{"enterText":"WebdriverItemClass34yys","selector":{"id":"application-manageclassifications-display-component---classificationMaster--smartFilterBar-btnBasicSearch","interaction":{"idSuffix":"I"}},"clearTextFirst":true,"interactionType":"ENTER_TEXT"}]}
RESULT: {"script":"<script> [776 bytes]","args":[{"enterText":"WebdriverItemClass34yys","selector":{"id":"application-manageclassifications-display-component---classificationMaster--smartFilterBar-btnBasicSearch","interaction":{"idSuffix":"I"}},"clearTextFirst":true,"interactionType":"ENTER_TEXT"}]}
COMMAND: POST /session/3a666e1e6263059a660801b53c4ba30d/actions - {"actions":[{"id":"action47","type":"key","parameters":{},"actions":[{"type":"keyDown","value":""},{"type":"pause","duration":10},{"type":"keyUp","value":""}]}]}
RESULT: {"actions":[{"id":"action47","type":"key","parameters":{},"actions":[{"type":"keyDown","value":""},{"type":"pause","duration":10},{"type":"keyUp","value":""}]}]}
COMMAND: POST /session/3a666e1e6263059a660801b53c4ba30d/execute/async - {"script":"<script> [1562 bytes]","args":[{"selector":{"id":"application-manageclassifications-display-component---classificationMaster--smartTable-header"},"wdio_ui5_key":"applicationmanageclassifications-display-component---classificationMaster--smartTable-header"}]}
COMMAND: GET /session/3a666e1e6263059a660801b53c4ba30d/screenshot - {}
RESULT: {"script":"<script> [1562 bytes]","args":[{"selector":{"id":"application-manageclassifications-display-component---classificationMaster--smartTable-header"},"wdio_ui5_key":"applicationmanageclassifications-display-component---classificationMaster--smartTable-header"}]}
RESULT: undefined
COMMAND: POST /session/3a666e1e6263059a660801b53c4ba30d/execute/async - {"script":"<script> [6424 bytes]","args":[{"element-6066-11e4-a52e-4f735466cecf":"f.35BA612EB9C2194724D060812FEF357B.d.085147F95AFD3E20F006812BF1CFD1D8.e.7355"},"getText",[]]}
RESULT: {}
RESULT: {"script":"<script> [6424 bytes]","args":[{"element-6066-11e4-a52e-4f735466cecf":"f.35BA612EB9C2194724D060812FEF357B.d.085147F95AFD3E20F006812BF1CFD1D8.e.7355"},"getText",[]]}
COMMAND: POST /session/3a666e1e6263059a660801b53c4ba30d/element - {"using":"css selector","value":"#shell-header-logo"}
RESULT: {"using":"css selector","value":"#shell-header-logo"}
COMMAND: POST /session/3a666e1e6263059a660801b53c4ba30d/element/f.35BA612EB9C2194724D060812FEF357B.d.085147F95AFD3E20F006812BF1CFD1D8.e.6702/click - {}
RESULT: {}
COMMAND: GET /session/3a666e1e6263059a660801b53c4ba30d/screenshot - {}
RESULT: {}
]]></system-out>
    </testcase>
    <testcase classname="chrome.136_0_7103_93.windows.Manage_requests_-_requests_specifications_US141095" name="Should create a new section and a catalog item" time="154.722">
      <system-out><![CDATA[
COMMAND: POST /session/3a666e1e6263059a660801b53c4ba30d/execute/async - {"script":"<script> [1562 bytes]","args":[{"selector":{"controlType":"sap.m.GenericTile","properties":{"header":"Manage Catalogs"}},"wdio_ui5_key":"sapm.GenericTile{\"header\":\"Manage Catalogs\"}"}]}
RESULT: {"script":"<script> [1562 bytes]","args":[{"selector":{"controlType":"sap.m.GenericTile","properties":{"header":"Manage Catalogs"}},"wdio_ui5_key":"sapm.GenericTile{\"header\":\"Manage Catalogs\"}"}]}
RESULT: undefined
COMMAND: POST /session/3a666e1e6263059a660801b53c4ba30d/element - {"using":"xpath","value":"//*[@id=\"__tile37\"]"}
RESULT: {"using":"xpath","value":"//*[@id=\"__tile37\"]"}
COMMAND: POST /session/3a666e1e6263059a660801b53c4ba30d/element/f.35BA612EB9C2194724D060812FEF357B.d.085147F95AFD3E20F006812BF1CFD1D8.e.7359/click - {}
RESULT: {}
COMMAND: GET /session/3a666e1e6263059a660801b53c4ba30d/screenshot - {}
RESULT: {}
COMMAND: POST /session/3a666e1e6263059a660801b53c4ba30d/elements - {"using":"xpath","value":"//span[text()='Error']"}
RESULT: {"using":"xpath","value":"//span[text()='Error']"}
COMMAND: POST /session/3a666e1e6263059a660801b53c4ba30d/execute/async - {"script":"<script> [1562 bytes]","args":[{"selector":{"controlType":"sap.m.Text","viewName":"etm.portal.ui.managecatalogs.view.MasterCatalogs","viewId":"application-managecatalogs-display-component---masterCatalogs","bindingPath":{"path":"/Catalogs('0D7502D073D53A0F1700BE067B89AFF9')","propertyPath":"DESCRIPTION","modelName":"catalogModel"}},"wdio_ui5_key":"etmportal.ui.managecatalogs.view.MasterCatalogssap.m.Text{\"path\":\"/Catalogs('0D7502D073D53A0F1700BE067B89AFF9')\",\"propertyPath\":\"DESCRIPTION\",\"modelName\":\"catalogModel\"}"}]}
RESULT: {"script":"<script> [1562 bytes]","args":[{"selector":{"controlType":"sap.m.Text","viewName":"etm.portal.ui.managecatalogs.view.MasterCatalogs","viewId":"application-managecatalogs-display-component---masterCatalogs","bindingPath":{"path":"/Catalogs('0D7502D073D53A0F1700BE067B89AFF9')","propertyPath":"DESCRIPTION","modelName":"catalogModel"}},"wdio_ui5_key":"etmportal.ui.managecatalogs.view.MasterCatalogssap.m.Text{\"path\":\"/Catalogs('0D7502D073D53A0F1700BE067B89AFF9')\",\"propertyPath\":\"DESCRIPTION\",\"modelName\":\"catalogModel\"}"}]}
RESULT: undefined
COMMAND: POST /session/3a666e1e6263059a660801b53c4ba30d/element - {"using":"xpath","value":"//*[@id=\"__text432-application-managecatalogs-display-component---masterCatalogs--CatalogsTable-11\"]"}
RESULT: {"using":"xpath","value":"//*[@id=\"__text432-application-managecatalogs-display-component---masterCatalogs--CatalogsTable-11\"]"}
COMMAND: POST /session/3a666e1e6263059a660801b53c4ba30d/element/f.35BA612EB9C2194724D060812FEF357B.d.085147F95AFD3E20F006812BF1CFD1D8.e.7427/click - {}
RESULT: {}
COMMAND: POST /session/3a666e1e6263059a660801b53c4ba30d/execute/async - {"script":"<script> [1562 bytes]","args":[{"selector":{"controlType":"sap.ui.layout.HorizontalLayout","viewName":"etm.portal.ui.managecatalogs.view.MasterItems","viewId":"application-managecatalogs-display-component---masterCatalogItems","ancestor":{"id":"application-managecatalogs-display-component---masterCatalogItems--idCatalogItemsTree-rows-row0"}},"wdio_ui5_key":"etmportal.ui.managecatalogs.view.MasterItemssap.ui.layout.HorizontalLayout{\"id\":\"application-managecatalogs-display-component---masterCatalogItems--idCatalogItemsTree-rows-row0\"}"}]}
COMMAND: GET /session/3a666e1e6263059a660801b53c4ba30d/screenshot - {}
RESULT: {"script":"<script> [1562 bytes]","args":[{"selector":{"controlType":"sap.ui.layout.HorizontalLayout","viewName":"etm.portal.ui.managecatalogs.view.MasterItems","viewId":"application-managecatalogs-display-component---masterCatalogItems","ancestor":{"id":"application-managecatalogs-display-component---masterCatalogItems--idCatalogItemsTree-rows-row0"}},"wdio_ui5_key":"etmportal.ui.managecatalogs.view.MasterItemssap.ui.layout.HorizontalLayout{\"id\":\"application-managecatalogs-display-component---masterCatalogItems--idCatalogItemsTree-rows-row0\"}"}]}
RESULT: undefined
COMMAND: POST /session/3a666e1e6263059a660801b53c4ba30d/element - {"using":"xpath","value":"//*[@id=\"__layout40-__clone454\"]"}
RESULT: {}
RESULT: {"using":"xpath","value":"//*[@id=\"__layout40-__clone454\"]"}
COMMAND: POST /session/3a666e1e6263059a660801b53c4ba30d/element/f.35BA612EB9C2194724D060812FEF357B.d.085147F95AFD3E20F006812BF1CFD1D8.e.7462/click - {}
RESULT: {}
COMMAND: GET /session/3a666e1e6263059a660801b53c4ba30d/screenshot - {}
COMMAND: POST /session/3a666e1e6263059a660801b53c4ba30d/execute/async - {"script":"<script> [1562 bytes]","args":[{"selector":{"controlType":"sap.m.Button","viewName":"etm.portal.ui.managecatalogs.view.Detail","viewId":"application-managecatalogs-display-component---detailCatalog","i18NText":{"propertyName":"text","key":"edit"},"interaction":{"idSuffix":"BDI-content"}},"wdio_ui5_key":"etmportal.ui.managecatalogs.view.Detailsap.m.Button{\"propertyName\":\"text\",\"key\":\"edit\"}"}]}
RESULT: {}
RESULT: {"script":"<script> [1562 bytes]","args":[{"selector":{"controlType":"sap.m.Button","viewName":"etm.portal.ui.managecatalogs.view.Detail","viewId":"application-managecatalogs-display-component---detailCatalog","i18NText":{"propertyName":"text","key":"edit"},"interaction":{"idSuffix":"BDI-content"}},"wdio_ui5_key":"etmportal.ui.managecatalogs.view.Detailsap.m.Button{\"propertyName\":\"text\",\"key\":\"edit\"}"}]}
RESULT: undefined
COMMAND: POST /session/3a666e1e6263059a660801b53c4ba30d/element - {"using":"xpath","value":"//*[@id=\"__button86\"]"}
RESULT: {"using":"xpath","value":"//*[@id=\"__button86\"]"}
COMMAND: POST /session/3a666e1e6263059a660801b53c4ba30d/element/f.35BA612EB9C2194724D060812FEF357B.d.085147F95AFD3E20F006812BF1CFD1D8.e.7551/click - {}
RESULT: {}
COMMAND: GET /session/3a666e1e6263059a660801b53c4ba30d/screenshot - {}
RESULT: {}
COMMAND: POST /session/3a666e1e6263059a660801b53c4ba30d/element - {"using":"xpath","value":"//bdi[contains(text(), \"Unlock\")]"}
RESULT: {"using":"xpath","value":"//bdi[contains(text(), \"Unlock\")]"}
COMMAND: POST /session/3a666e1e6263059a660801b53c4ba30d/elements - {"using":"xpath","value":"//bdi[contains(text(), \"Unlock\")]"}
RESULT: {"using":"xpath","value":"//bdi[contains(text(), \"Unlock\")]"}
COMMAND: POST /session/3a666e1e6263059a660801b53c4ba30d/execute/async - {"script":"<script> [1562 bytes]","args":[{"selector":{"controlType":"sap.ui.core.Icon","viewName":"etm.portal.ui.managecatalogs.view.Detail","viewId":"application-managecatalogs-display-component---detailCatalog","properties":{"src":{"regex":{"source":"add\\-folder"}}}},"wdio_ui5_key":"etmportal.ui.managecatalogs.view.Detailsap.ui.core.Icon{\"src\":{\"regex\":{\"source\":\"add\\\\-folder\"}}}"}]}
RESULT: {"script":"<script> [1562 bytes]","args":[{"selector":{"controlType":"sap.ui.core.Icon","viewName":"etm.portal.ui.managecatalogs.view.Detail","viewId":"application-managecatalogs-display-component---detailCatalog","properties":{"src":{"regex":{"source":"add\\-folder"}}}},"wdio_ui5_key":"etmportal.ui.managecatalogs.view.Detailsap.ui.core.Icon{\"src\":{\"regex\":{\"source\":\"add\\\\-folder\"}}}"}]}
RESULT: undefined
COMMAND: POST /session/3a666e1e6263059a660801b53c4ba30d/element - {"using":"xpath","value":"//*[@id=\"__button94-img\"]"}
RESULT: {"using":"xpath","value":"//*[@id=\"__button94-img\"]"}
COMMAND: POST /session/3a666e1e6263059a660801b53c4ba30d/element/f.35BA612EB9C2194724D060812FEF357B.d.085147F95AFD3E20F006812BF1CFD1D8.e.7557/click - {}
RESULT: {}
COMMAND: GET /session/3a666e1e6263059a660801b53c4ba30d/screenshot - {}
RESULT: {}
COMMAND: POST /session/3a666e1e6263059a660801b53c4ba30d/execute/async - {"script":"<script> [1562 bytes]","args":[{"selector":{"id":"application-managecatalogs-display-component---detailCatalog--numberInput","searchOpenDialogs":true,"interaction":{"idSuffix":"inner"}},"wdio_ui5_key":"applicationmanagecatalogs-display-component---detailCatalog--numberInput"}]}
RESULT: {"script":"<script> [1562 bytes]","args":[{"selector":{"id":"application-managecatalogs-display-component---detailCatalog--numberInput","searchOpenDialogs":true,"interaction":{"idSuffix":"inner"}},"wdio_ui5_key":"applicationmanagecatalogs-display-component---detailCatalog--numberInput"}]}
RESULT: undefined
COMMAND: POST /session/3a666e1e6263059a660801b53c4ba30d/execute/async - {"script":"<script> [776 bytes]","args":[{"enterText":"Sectionxwsex","selector":{"id":"application-managecatalogs-display-component---detailCatalog--numberInput","searchOpenDialogs":true,"interaction":{"idSuffix":"inner"}},"clearTextFirst":true,"interactionType":"ENTER_TEXT"}]}
RESULT: {"script":"<script> [776 bytes]","args":[{"enterText":"Sectionxwsex","selector":{"id":"application-managecatalogs-display-component---detailCatalog--numberInput","searchOpenDialogs":true,"interaction":{"idSuffix":"inner"}},"clearTextFirst":true,"interactionType":"ENTER_TEXT"}]}
COMMAND: POST /session/3a666e1e6263059a660801b53c4ba30d/element - {"using":"css selector","value":"#application-managecatalogs-display-component---detailCatalog--nameInput-inner"}
RESULT: {"using":"css selector","value":"#application-managecatalogs-display-component---detailCatalog--nameInput-inner"}
COMMAND: POST /session/3a666e1e6263059a660801b53c4ba30d/elements - {"using":"css selector","value":"#application-managecatalogs-display-component---detailCatalog--nameInput-inner"}
RESULT: {"using":"css selector","value":"#application-managecatalogs-display-component---detailCatalog--nameInput-inner"}
COMMAND: POST /session/3a666e1e6263059a660801b53c4ba30d/element/f.35BA612EB9C2194724D060812FEF357B.d.085147F95AFD3E20F006812BF1CFD1D8.e.7561/clear - {}
RESULT: {}
COMMAND: POST /session/3a666e1e6263059a660801b53c4ba30d/element/f.35BA612EB9C2194724D060812FEF357B.d.085147F95AFD3E20F006812BF1CFD1D8.e.7561/value - {"text":"Webdriver4rkke"}
COMMAND: GET /session/3a666e1e6263059a660801b53c4ba30d/screenshot - {}
RESULT: {"text":"Webdriver4rkke"}
COMMAND: POST /session/3a666e1e6263059a660801b53c4ba30d/execute/async - {"script":"<script> [1562 bytes]","args":[{"selector":{"controlType":"sap.m.Button","viewName":"etm.portal.ui.managecatalogs.view.Detail","viewId":"application-managecatalogs-display-component---detailCatalog","i18NText":{"propertyName":"text","key":"create"},"searchOpenDialogs":true,"interaction":{"idSuffix":"BDI-content"}},"wdio_ui5_key":"etmportal.ui.managecatalogs.view.Detailsap.m.Button{\"propertyName\":\"text\",\"key\":\"create\"}"}]}
COMMAND: GET /session/3a666e1e6263059a660801b53c4ba30d/screenshot - {}
RESULT: {}
RESULT: {"script":"<script> [1562 bytes]","args":[{"selector":{"controlType":"sap.m.Button","viewName":"etm.portal.ui.managecatalogs.view.Detail","viewId":"application-managecatalogs-display-component---detailCatalog","i18NText":{"propertyName":"text","key":"create"},"searchOpenDialogs":true,"interaction":{"idSuffix":"BDI-content"}},"wdio_ui5_key":"etmportal.ui.managecatalogs.view.Detailsap.m.Button{\"propertyName\":\"text\",\"key\":\"create\"}"}]}
RESULT: undefined
COMMAND: POST /session/3a666e1e6263059a660801b53c4ba30d/element - {"using":"xpath","value":"//*[@id=\"__button64\"]"}
RESULT: {}
RESULT: {"using":"xpath","value":"//*[@id=\"__button64\"]"}
COMMAND: POST /session/3a666e1e6263059a660801b53c4ba30d/element/f.35BA612EB9C2194724D060812FEF357B.d.085147F95AFD3E20F006812BF1CFD1D8.e.7566/click - {}
RESULT: {}
COMMAND: GET /session/3a666e1e6263059a660801b53c4ba30d/screenshot - {}
RESULT: {}
COMMAND: POST /session/3a666e1e6263059a660801b53c4ba30d/element - {"using":"xpath","value":"//button[@title=\"Save\"]"}
RESULT: {"using":"xpath","value":"//button[@title=\"Save\"]"}
COMMAND: POST /session/3a666e1e6263059a660801b53c4ba30d/element/f.35BA612EB9C2194724D060812FEF357B.d.085147F95AFD3E20F006812BF1CFD1D8.e.7567/click - {}
RESULT: {}
COMMAND: POST /session/3a666e1e6263059a660801b53c4ba30d/execute/async - {"script":"<script> [1562 bytes]","args":[{"selector":{"controlType":"sap.ui.core.Icon","viewName":"etm.portal.ui.managecatalogs.view.Detail","viewId":"application-managecatalogs-display-component---detailCatalog","properties":{"src":{"regex":{"source":"decline"}}}},"wdio_ui5_key":"etmportal.ui.managecatalogs.view.Detailsap.ui.core.Icon{\"src\":{\"regex\":{\"source\":\"decline\"}}}"}]}
COMMAND: GET /session/3a666e1e6263059a660801b53c4ba30d/screenshot - {}
RESULT: {"script":"<script> [1562 bytes]","args":[{"selector":{"controlType":"sap.ui.core.Icon","viewName":"etm.portal.ui.managecatalogs.view.Detail","viewId":"application-managecatalogs-display-component---detailCatalog","properties":{"src":{"regex":{"source":"decline"}}}},"wdio_ui5_key":"etmportal.ui.managecatalogs.view.Detailsap.ui.core.Icon{\"src\":{\"regex\":{\"source\":\"decline\"}}}"}]}
RESULT: undefined
COMMAND: POST /session/3a666e1e6263059a660801b53c4ba30d/element - {"using":"xpath","value":"//*[@id=\"__button89-img\"]"}
RESULT: {}
RESULT: {"using":"xpath","value":"//*[@id=\"__button89-img\"]"}
COMMAND: POST /session/3a666e1e6263059a660801b53c4ba30d/element/f.35BA612EB9C2194724D060812FEF357B.d.085147F95AFD3E20F006812BF1CFD1D8.e.7572/click - {}
RESULT: {}
COMMAND: GET /session/3a666e1e6263059a660801b53c4ba30d/screenshot - {}
RESULT: {}
COMMAND: POST /session/3a666e1e6263059a660801b53c4ba30d/execute/async - {"script":"<script> [1562 bytes]","args":[{"selector":{"controlType":"sap.ui.core.Icon","viewName":"etm.portal.ui.managecatalogs.view.MasterItems","viewId":"application-managecatalogs-display-component---masterCatalogItems","properties":{"src":{"regex":{"source":"refresh"}}}},"wdio_ui5_key":"etmportal.ui.managecatalogs.view.MasterItemssap.ui.core.Icon{\"src\":{\"regex\":{\"source\":\"refresh\"}}}"}]}
RESULT: {"script":"<script> [1562 bytes]","args":[{"selector":{"controlType":"sap.ui.core.Icon","viewName":"etm.portal.ui.managecatalogs.view.MasterItems","viewId":"application-managecatalogs-display-component---masterCatalogItems","properties":{"src":{"regex":{"source":"refresh"}}}},"wdio_ui5_key":"etmportal.ui.managecatalogs.view.MasterItemssap.ui.core.Icon{\"src\":{\"regex\":{\"source\":\"refresh\"}}}"}]}
RESULT: undefined
COMMAND: POST /session/3a666e1e6263059a660801b53c4ba30d/element - {"using":"xpath","value":"//*[@id=\"__button62-img\"]"}
RESULT: {"using":"xpath","value":"//*[@id=\"__button62-img\"]"}
COMMAND: POST /session/3a666e1e6263059a660801b53c4ba30d/element/f.35BA612EB9C2194724D060812FEF357B.d.085147F95AFD3E20F006812BF1CFD1D8.e.7606/click - {}
RESULT: {}
COMMAND: POST /session/3a666e1e6263059a660801b53c4ba30d/execute/async - {"script":"<script> [1562 bytes]","args":[{"selector":{"id":"application-managecatalogs-display-component---masterCatalogItems--searchItemsField","interaction":{"idSuffix":"I"}},"wdio_ui5_key":"applicationmanagecatalogs-display-component---masterCatalogItems--searchItemsField"}]}
COMMAND: GET /session/3a666e1e6263059a660801b53c4ba30d/screenshot - {}
RESULT: {"script":"<script> [1562 bytes]","args":[{"selector":{"id":"application-managecatalogs-display-component---masterCatalogItems--searchItemsField","interaction":{"idSuffix":"I"}},"wdio_ui5_key":"applicationmanagecatalogs-display-component---masterCatalogItems--searchItemsField"}]}
RESULT: undefined
COMMAND: POST /session/3a666e1e6263059a660801b53c4ba30d/execute/async - {"script":"<script> [776 bytes]","args":[{"enterText":"Webdriver4rkke","selector":{"id":"application-managecatalogs-display-component---masterCatalogItems--searchItemsField","interaction":{"idSuffix":"I"}},"clearTextFirst":true,"interactionType":"ENTER_TEXT"}]}
RESULT: {}
RESULT: {"script":"<script> [776 bytes]","args":[{"enterText":"Webdriver4rkke","selector":{"id":"application-managecatalogs-display-component---masterCatalogItems--searchItemsField","interaction":{"idSuffix":"I"}},"clearTextFirst":true,"interactionType":"ENTER_TEXT"}]}
COMMAND: POST /session/3a666e1e6263059a660801b53c4ba30d/actions - {"actions":[{"id":"action48","type":"key","parameters":{},"actions":[{"type":"keyDown","value":""},{"type":"pause","duration":10},{"type":"keyUp","value":""}]}]}
RESULT: {"actions":[{"id":"action48","type":"key","parameters":{},"actions":[{"type":"keyDown","value":""},{"type":"pause","duration":10},{"type":"keyUp","value":""}]}]}
COMMAND: POST /session/3a666e1e6263059a660801b53c4ba30d/element - {"using":"xpath","value":"(//span[contains(text(), \"Webdriver4rkke\")])[1]"}
COMMAND: GET /session/3a666e1e6263059a660801b53c4ba30d/screenshot - {}
RESULT: {"using":"xpath","value":"(//span[contains(text(), \"Webdriver4rkke\")])[1]"}
COMMAND: POST /session/3a666e1e6263059a660801b53c4ba30d/element/f.35BA612EB9C2194724D060812FEF357B.d.085147F95AFD3E20F006812BF1CFD1D8.e.7609/click - {}
RESULT: {}
RESULT: {}
COMMAND: GET /session/3a666e1e6263059a660801b53c4ba30d/screenshot - {}
RESULT: {}
RESULT: undefined
COMMAND: POST /session/3a666e1e6263059a660801b53c4ba30d/element - {"using":"xpath","value":"//*[@id=\"__button86\"]"}
RESULT: {"using":"xpath","value":"//*[@id=\"__button86\"]"}
COMMAND: POST /session/3a666e1e6263059a660801b53c4ba30d/element/f.35BA612EB9C2194724D060812FEF357B.d.085147F95AFD3E20F006812BF1CFD1D8.e.7682/click - {}
RESULT: {}
COMMAND: GET /session/3a666e1e6263059a660801b53c4ba30d/screenshot - {}
RESULT: {}
RESULT: undefined
COMMAND: POST /session/3a666e1e6263059a660801b53c4ba30d/element - {"using":"xpath","value":"//*[@id=\"__button94-img\"]"}
RESULT: {"using":"xpath","value":"//*[@id=\"__button94-img\"]"}
COMMAND: POST /session/3a666e1e6263059a660801b53c4ba30d/element/f.35BA612EB9C2194724D060812FEF357B.d.085147F95AFD3E20F006812BF1CFD1D8.e.7697/click - {}
RESULT: {}
COMMAND: GET /session/3a666e1e6263059a660801b53c4ba30d/screenshot - {}
RESULT: {}
RESULT: undefined
COMMAND: POST /session/3a666e1e6263059a660801b53c4ba30d/execute/async - {"script":"<script> [776 bytes]","args":[{"enterText":"SecondSectioni07y2","selector":{"id":"application-managecatalogs-display-component---detailCatalog--numberInput","searchOpenDialogs":true,"interaction":{"idSuffix":"inner"}},"clearTextFirst":true,"interactionType":"ENTER_TEXT"}]}
RESULT: {"script":"<script> [776 bytes]","args":[{"enterText":"SecondSectioni07y2","selector":{"id":"application-managecatalogs-display-component---detailCatalog--numberInput","searchOpenDialogs":true,"interaction":{"idSuffix":"inner"}},"clearTextFirst":true,"interactionType":"ENTER_TEXT"}]}
COMMAND: POST /session/3a666e1e6263059a660801b53c4ba30d/element - {"using":"xpath","value":"//input[contains(@id ,\"application-managecatalogs-display-component---detailCatalog--nameInput-inner\")]"}
RESULT: {"using":"xpath","value":"//input[contains(@id ,\"application-managecatalogs-display-component---detailCatalog--nameInput-inner\")]"}
COMMAND: POST /session/3a666e1e6263059a660801b53c4ba30d/elements - {"using":"xpath","value":"//input[contains(@id ,\"application-managecatalogs-display-component---detailCatalog--nameInput-inner\")]"}
RESULT: {"using":"xpath","value":"//input[contains(@id ,\"application-managecatalogs-display-component---detailCatalog--nameInput-inner\")]"}
COMMAND: POST /session/3a666e1e6263059a660801b53c4ba30d/element/f.35BA612EB9C2194724D060812FEF357B.d.085147F95AFD3E20F006812BF1CFD1D8.e.7701/clear - {}
RESULT: {}
COMMAND: POST /session/3a666e1e6263059a660801b53c4ba30d/element/f.35BA612EB9C2194724D060812FEF357B.d.085147F95AFD3E20F006812BF1CFD1D8.e.7701/value - {"text":"webdriversecondh9b7g"}
COMMAND: GET /session/3a666e1e6263059a660801b53c4ba30d/screenshot - {}
RESULT: {"text":"webdriversecondh9b7g"}
RESULT: undefined
COMMAND: POST /session/3a666e1e6263059a660801b53c4ba30d/element - {"using":"xpath","value":"//*[@id=\"__button64\"]"}
COMMAND: GET /session/3a666e1e6263059a660801b53c4ba30d/screenshot - {}
RESULT: {}
RESULT: {"using":"xpath","value":"//*[@id=\"__button64\"]"}
COMMAND: POST /session/3a666e1e6263059a660801b53c4ba30d/element/f.35BA612EB9C2194724D060812FEF357B.d.085147F95AFD3E20F006812BF1CFD1D8.e.7705/click - {}
RESULT: {}
RESULT: {}
COMMAND: GET /session/3a666e1e6263059a660801b53c4ba30d/screenshot - {}
RESULT: {}
COMMAND: POST /session/3a666e1e6263059a660801b53c4ba30d/element - {"using":"xpath","value":"//button[@title=\"Save\"]"}
RESULT: {"using":"xpath","value":"//button[@title=\"Save\"]"}
COMMAND: POST /session/3a666e1e6263059a660801b53c4ba30d/element/f.35BA612EB9C2194724D060812FEF357B.d.085147F95AFD3E20F006812BF1CFD1D8.e.7684/click - {}
RESULT: {}
COMMAND: GET /session/3a666e1e6263059a660801b53c4ba30d/screenshot - {}
RESULT: {}
RESULT: undefined
COMMAND: POST /session/3a666e1e6263059a660801b53c4ba30d/element - {"using":"xpath","value":"//*[@id=\"__button89-img\"]"}
RESULT: {"using":"xpath","value":"//*[@id=\"__button89-img\"]"}
COMMAND: POST /session/3a666e1e6263059a660801b53c4ba30d/element/f.35BA612EB9C2194724D060812FEF357B.d.085147F95AFD3E20F006812BF1CFD1D8.e.7709/click - {}
RESULT: {}
COMMAND: GET /session/3a666e1e6263059a660801b53c4ba30d/screenshot - {}
RESULT: {}
RESULT: undefined
COMMAND: POST /session/3a666e1e6263059a660801b53c4ba30d/element - {"using":"xpath","value":"//*[@id=\"__button62-img\"]"}
RESULT: {"using":"xpath","value":"//*[@id=\"__button62-img\"]"}
COMMAND: POST /session/3a666e1e6263059a660801b53c4ba30d/element/f.35BA612EB9C2194724D060812FEF357B.d.085147F95AFD3E20F006812BF1CFD1D8.e.7746/click - {}
RESULT: {}
COMMAND: GET /session/3a666e1e6263059a660801b53c4ba30d/screenshot - {}
RESULT: {}
RESULT: undefined
COMMAND: POST /session/3a666e1e6263059a660801b53c4ba30d/execute/async - {"script":"<script> [776 bytes]","args":[{"enterText":"SecondSectioni07y2","selector":{"id":"application-managecatalogs-display-component---masterCatalogItems--searchItemsField","interaction":{"idSuffix":"I"}},"clearTextFirst":true,"interactionType":"ENTER_TEXT"}]}
RESULT: {"script":"<script> [776 bytes]","args":[{"enterText":"SecondSectioni07y2","selector":{"id":"application-managecatalogs-display-component---masterCatalogItems--searchItemsField","interaction":{"idSuffix":"I"}},"clearTextFirst":true,"interactionType":"ENTER_TEXT"}]}
COMMAND: POST /session/3a666e1e6263059a660801b53c4ba30d/actions - {"actions":[{"id":"action49","type":"key","parameters":{},"actions":[{"type":"keyDown","value":""},{"type":"pause","duration":10},{"type":"keyUp","value":""}]}]}
RESULT: {"actions":[{"id":"action49","type":"key","parameters":{},"actions":[{"type":"keyDown","value":""},{"type":"pause","duration":10},{"type":"keyUp","value":""}]}]}
COMMAND: POST /session/3a666e1e6263059a660801b53c4ba30d/element - {"using":"xpath","value":"(//span[contains(text(), \"SecondSectioni07y2\")])[1]"}
COMMAND: GET /session/3a666e1e6263059a660801b53c4ba30d/screenshot - {}
RESULT: {"using":"xpath","value":"(//span[contains(text(), \"SecondSectioni07y2\")])[1]"}
COMMAND: POST /session/3a666e1e6263059a660801b53c4ba30d/element/f.35BA612EB9C2194724D060812FEF357B.d.085147F95AFD3E20F006812BF1CFD1D8.e.7749/click - {}
RESULT: {}
RESULT: {}
COMMAND: POST /session/3a666e1e6263059a660801b53c4ba30d/element - {"using":"xpath","value":"(//span[contains(text(), \"SecondSectioni07y2\")])[1]"}
COMMAND: GET /session/3a666e1e6263059a660801b53c4ba30d/screenshot - {}
RESULT: {"using":"xpath","value":"(//span[contains(text(), \"SecondSectioni07y2\")])[1]"}
COMMAND: GET /session/3a666e1e6263059a660801b53c4ba30d/element/f.35BA612EB9C2194724D060812FEF357B.d.085147F95AFD3E20F006812BF1CFD1D8.e.7749/text - {}
RESULT: {}
COMMAND: POST /session/3a666e1e6263059a660801b53c4ba30d/element - {"using":"xpath","value":"(//span[contains(text(), \"SecondSectioni07y2\")])[1]"}
RESULT: {"using":"xpath","value":"(//span[contains(text(), \"SecondSectioni07y2\")])[1]"}
COMMAND: GET /session/3a666e1e6263059a660801b53c4ba30d/element/f.35BA612EB9C2194724D060812FEF357B.d.085147F95AFD3E20F006812BF1CFD1D8.e.7749/text - {}
COMMAND: POST /session/3a666e1e6263059a660801b53c4ba30d/element - {"using":"xpath","value":"(//span[contains(text(), \"SecondSectioni07y2\")])[1]"}
RESULT: {"using":"xpath","value":"(//span[contains(text(), \"SecondSectioni07y2\")])[1]"}
COMMAND: GET /session/3a666e1e6263059a660801b53c4ba30d/element/f.35BA612EB9C2194724D060812FEF357B.d.085147F95AFD3E20F006812BF1CFD1D8.e.7801/text - {}
RESULT: {}
COMMAND: POST /session/3a666e1e6263059a660801b53c4ba30d/refresh - {}
RESULT: {}
COMMAND: GET /session/3a666e1e6263059a660801b53c4ba30d/screenshot - {}
RESULT: {}
COMMAND: POST /session/3a666e1e6263059a660801b53c4ba30d/execute/async - {"script":"<script> [189 bytes]","args":[]}
RESULT: {"script":"<script> [189 bytes]","args":[]}
COMMAND: POST /session/3a666e1e6263059a660801b53c4ba30d/execute/async - {"script":"<script> [123 bytes]","args":[]}
RESULT: {"script":"<script> [123 bytes]","args":[]}
COMMAND: POST /session/3a666e1e6263059a660801b53c4ba30d/timeouts - {"script":"<number>"}
RESULT: {"script":"<number>"}
COMMAND: GET /session/3a666e1e6263059a660801b53c4ba30d/timeouts - {}
RESULT: {}
RESULT: undefined
COMMAND: POST /session/3a666e1e6263059a660801b53c4ba30d/execute/async - {"script":"<script> [2676 bytes]","args":[]}
RESULT: {"script":"<script> [2676 bytes]","args":[]}
COMMAND: POST /session/3a666e1e6263059a660801b53c4ba30d/execute/async - {"script":"<script> [2342 bytes]","args":[{"protocol":"http","hostname":"0.0.0.0","path":"/","capabilities":{"browserName":"chrome","goog:chromeOptions":{"binary":"C:\\Program Files\\Google\\Chrome\\Application\\chrome.exe","args":["--start-maximized"]}},"logLevel":"warn","connectionRetryTimeout":120000,"connectionRetryCount":3,"logLevels":{},"enableDirectConnect":true,"strictSSL":true,"_":"65 more keys: [\"cacheDir\",\"port\",\"requestedCapabilities\",\"automationProtocol\",\"baseUrl\",\"waitforInterval\",\"waitforTimeout\",\"onReload\",\"beforeCommand\",\"afterCommand\",\"rootDir\",\"specs\",\"suites\",\"exclude\",\"groupLogsByTestSpec\",\"excludeDriverLogs\",\"bail\",\"framework\",\"reporters\",\"services\",\"maxInstances\",\"maxInstancesPerCapability\",\"injectGlobals\",\"filesToWatch\",\"execArgv\",\"runnerEnv\",\"runner\",\"shard\",\"specFileRetries\",\"specFileRetriesDelay\",\"specFileRetriesDeferred\",\"reporterSyncInterval\",\"reporterSyncTimeout\",\"cucumberFeaturesWithLineNumbers\",\"autoCompileOpts\",\"mochaOpts\",\"jasmineOpts\",\"cucumberOpts\",\"onPrepare\",\"onWorkerStart\",\"onWorkerEnd\",\"before\",\"beforeSession\",\"beforeSuite\",\"beforeHook\",\"beforeTest\",\"afterTest\",\"afterHook\",\"afterSuite\",\"afterSession\",\"after\",\"onComplete\",\"beforeAssertion\",\"afterAssertion\",\"beforeFeature\",\"beforeScenario\",\"beforeStep\",\"afterStep\",\"afterScenario\",\"afterFeature\",\"_\",\"suite\",\"$0\",\"ignoredWorkerServices\",\"wdi5\"]"}]}
RESULT: {"script":"<script> [2342 bytes]","args":[{"protocol":"http","hostname":"0.0.0.0","path":"/","capabilities":{"browserName":"chrome","goog:chromeOptions":{"binary":"C:\\Program Files\\Google\\Chrome\\Application\\chrome.exe","args":["--start-maximized"]}},"logLevel":"warn","connectionRetryTimeout":120000,"connectionRetryCount":3,"logLevels":{},"enableDirectConnect":true,"strictSSL":true,"_":"65 more keys: [\"cacheDir\",\"port\",\"requestedCapabilities\",\"automationProtocol\",\"baseUrl\",\"waitforInterval\",\"waitforTimeout\",\"onReload\",\"beforeCommand\",\"afterCommand\",\"rootDir\",\"specs\",\"suites\",\"exclude\",\"groupLogsByTestSpec\",\"excludeDriverLogs\",\"bail\",\"framework\",\"reporters\",\"services\",\"maxInstances\",\"maxInstancesPerCapability\",\"injectGlobals\",\"filesToWatch\",\"execArgv\",\"runnerEnv\",\"runner\",\"shard\",\"specFileRetries\",\"specFileRetriesDelay\",\"specFileRetriesDeferred\",\"reporterSyncInterval\",\"reporterSyncTimeout\",\"cucumberFeaturesWithLineNumbers\",\"autoCompileOpts\",\"mochaOpts\",\"jasmineOpts\",\"cucumberOpts\",\"onPrepare\",\"onWorkerStart\",\"onWorkerEnd\",\"before\",\"beforeSession\",\"beforeSuite\",\"beforeHook\",\"beforeTest\",\"afterTest\",\"afterHook\",\"afterSuite\",\"afterSession\",\"after\",\"onComplete\",\"beforeAssertion\",\"afterAssertion\",\"beforeFeature\",\"beforeScenario\",\"beforeStep\",\"afterStep\",\"afterScenario\",\"afterFeature\",\"_\",\"suite\",\"$0\",\"ignoredWorkerServices\",\"wdi5\"]"}]}
COMMAND: POST /session/3a666e1e6263059a660801b53c4ba30d/execute/async - {"script":"<script> [21126 bytes]","args":[35000]}
RESULT: {"script":"<script> [21126 bytes]","args":[35000]}
COMMAND: POST /session/3a666e1e6263059a660801b53c4ba30d/execute/async - {"script":"<script> [1562 bytes]","args":[{"selector":{"controlType":"sap.m.Button","viewName":"etm.portal.ui.managecatalogs.view.Detail","viewId":"application-managecatalogs-display-component---detailCatalog","i18NText":{"propertyName":"text","key":"edit"},"interaction":{"idSuffix":"BDI-content"}},"wdio_ui5_key":"etmportal.ui.managecatalogs.view.Detailsap.m.Button{\"propertyName\":\"text\",\"key\":\"edit\"}"}]}
RESULT: {"script":"<script> [1562 bytes]","args":[{"selector":{"controlType":"sap.m.Button","viewName":"etm.portal.ui.managecatalogs.view.Detail","viewId":"application-managecatalogs-display-component---detailCatalog","i18NText":{"propertyName":"text","key":"edit"},"interaction":{"idSuffix":"BDI-content"}},"wdio_ui5_key":"etmportal.ui.managecatalogs.view.Detailsap.m.Button{\"propertyName\":\"text\",\"key\":\"edit\"}"}]}
RESULT: undefined
COMMAND: POST /session/3a666e1e6263059a660801b53c4ba30d/element - {"using":"xpath","value":"//*[@id=\"__button25\"]"}
RESULT: {"using":"xpath","value":"//*[@id=\"__button25\"]"}
COMMAND: POST /session/3a666e1e6263059a660801b53c4ba30d/element/f.35BA612EB9C2194724D060812FEF357B.d.B3DA9359AF1176A3566298E9243CD456.e.7860/click - {}
RESULT: {}
COMMAND: POST /session/3a666e1e6263059a660801b53c4ba30d/execute/async - {"script":"<script> [1562 bytes]","args":[{"selector":{"controlType":"sap.ui.core.Icon","viewName":"etm.portal.ui.managecatalogs.view.Detail","viewId":"application-managecatalogs-display-component---detailCatalog","properties":{"src":{"regex":{"source":"add\\-document"}}}},"wdio_ui5_key":"etmportal.ui.managecatalogs.view.Detailsap.ui.core.Icon{\"src\":{\"regex\":{\"source\":\"add\\\\-document\"}}}"}]}
COMMAND: GET /session/3a666e1e6263059a660801b53c4ba30d/screenshot - {}
RESULT: {"script":"<script> [1562 bytes]","args":[{"selector":{"controlType":"sap.ui.core.Icon","viewName":"etm.portal.ui.managecatalogs.view.Detail","viewId":"application-managecatalogs-display-component---detailCatalog","properties":{"src":{"regex":{"source":"add\\-document"}}}},"wdio_ui5_key":"etmportal.ui.managecatalogs.view.Detailsap.ui.core.Icon{\"src\":{\"regex\":{\"source\":\"add\\\\-document\"}}}"}]}
RESULT: undefined
COMMAND: POST /session/3a666e1e6263059a660801b53c4ba30d/element - {"using":"xpath","value":"//*[@id=\"__button34-img\"]"}
RESULT: {}
RESULT: {"using":"xpath","value":"//*[@id=\"__button34-img\"]"}
COMMAND: POST /session/3a666e1e6263059a660801b53c4ba30d/element/f.35BA612EB9C2194724D060812FEF357B.d.B3DA9359AF1176A3566298E9243CD456.e.7867/click - {}
RESULT: {}
COMMAND: POST /session/3a666e1e6263059a660801b53c4ba30d/execute/async - {"script":"<script> [1562 bytes]","args":[{"selector":{"id":"application-managecatalogs-display-component---detailCatalog--newItemNumberInput","searchOpenDialogs":true,"interaction":{"idSuffix":"inner"}},"wdio_ui5_key":"applicationmanagecatalogs-display-component---detailCatalog--newItemNumberInput"}]}
COMMAND: GET /session/3a666e1e6263059a660801b53c4ba30d/screenshot - {}
RESULT: {"script":"<script> [1562 bytes]","args":[{"selector":{"id":"application-managecatalogs-display-component---detailCatalog--newItemNumberInput","searchOpenDialogs":true,"interaction":{"idSuffix":"inner"}},"wdio_ui5_key":"applicationmanagecatalogs-display-component---detailCatalog--newItemNumberInput"}]}
RESULT: undefined
COMMAND: POST /session/3a666e1e6263059a660801b53c4ba30d/execute/async - {"script":"<script> [776 bytes]","args":[{"enterText":"catalogItemxgqvwh","selector":{"id":"application-managecatalogs-display-component---detailCatalog--newItemNumberInput","searchOpenDialogs":true,"interaction":{"idSuffix":"inner"}},"clearTextFirst":true,"interactionType":"ENTER_TEXT"}]}
RESULT: {}
RESULT: {"script":"<script> [776 bytes]","args":[{"enterText":"catalogItemxgqvwh","selector":{"id":"application-managecatalogs-display-component---detailCatalog--newItemNumberInput","searchOpenDialogs":true,"interaction":{"idSuffix":"inner"}},"clearTextFirst":true,"interactionType":"ENTER_TEXT"}]}
COMMAND: POST /session/3a666e1e6263059a660801b53c4ba30d/execute/async - {"script":"<script> [1562 bytes]","args":[{"selector":{"controlType":"sap.m.Input","viewName":"etm.portal.ui.managecatalogs.view.Detail","viewId":"application-managecatalogs-display-component---detailCatalog","bindingPath":{"path":"","propertyPath":"/DESCRIPTION"},"searchOpenDialogs":true,"interaction":{"idSuffix":"inner"}},"wdio_ui5_key":"etmportal.ui.managecatalogs.view.Detailsap.m.Input{\"path\":\"\",\"propertyPath\":\"/DESCRIPTION\"}"}]}
RESULT: {"script":"<script> [1562 bytes]","args":[{"selector":{"controlType":"sap.m.Input","viewName":"etm.portal.ui.managecatalogs.view.Detail","viewId":"application-managecatalogs-display-component---detailCatalog","bindingPath":{"path":"","propertyPath":"/DESCRIPTION"},"searchOpenDialogs":true,"interaction":{"idSuffix":"inner"}},"wdio_ui5_key":"etmportal.ui.managecatalogs.view.Detailsap.m.Input{\"path\":\"\",\"propertyPath\":\"/DESCRIPTION\"}"}]}
RESULT: undefined
COMMAND: POST /session/3a666e1e6263059a660801b53c4ba30d/execute/async - {"script":"<script> [776 bytes]","args":[{"enterText":"catalogItemNameuizai","selector":{"controlType":"sap.m.Input","viewName":"etm.portal.ui.managecatalogs.view.Detail","viewId":"application-managecatalogs-display-component---detailCatalog","bindingPath":{"path":"","propertyPath":"/DESCRIPTION"},"searchOpenDialogs":true,"interaction":{"idSuffix":"inner"}},"clearTextFirst":true,"interactionType":"ENTER_TEXT"}]}
RESULT: {"script":"<script> [776 bytes]","args":[{"enterText":"catalogItemNameuizai","selector":{"controlType":"sap.m.Input","viewName":"etm.portal.ui.managecatalogs.view.Detail","viewId":"application-managecatalogs-display-component---detailCatalog","bindingPath":{"path":"","propertyPath":"/DESCRIPTION"},"searchOpenDialogs":true,"interaction":{"idSuffix":"inner"}},"clearTextFirst":true,"interactionType":"ENTER_TEXT"}]}
COMMAND: POST /session/3a666e1e6263059a660801b53c4ba30d/execute/async - {"script":"<script> [1562 bytes]","args":[{"selector":{"controlType":"sap.m.Button","viewName":"etm.portal.ui.managecatalogs.view.Detail","viewId":"application-managecatalogs-display-component---detailCatalog","i18NText":{"propertyName":"text","key":"create"},"searchOpenDialogs":true,"interaction":{"idSuffix":"BDI-content"}},"wdio_ui5_key":"etmportal.ui.managecatalogs.view.Detailsap.m.Button{\"propertyName\":\"text\",\"key\":\"create\"}"}]}
RESULT: {"script":"<script> [1562 bytes]","args":[{"selector":{"controlType":"sap.m.Button","viewName":"etm.portal.ui.managecatalogs.view.Detail","viewId":"application-managecatalogs-display-component---detailCatalog","i18NText":{"propertyName":"text","key":"create"},"searchOpenDialogs":true,"interaction":{"idSuffix":"BDI-content"}},"wdio_ui5_key":"etmportal.ui.managecatalogs.view.Detailsap.m.Button{\"propertyName\":\"text\",\"key\":\"create\"}"}]}
RESULT: undefined
COMMAND: POST /session/3a666e1e6263059a660801b53c4ba30d/element - {"using":"xpath","value":"//*[@id=\"__button9\"]"}
RESULT: {"using":"xpath","value":"//*[@id=\"__button9\"]"}
COMMAND: POST /session/3a666e1e6263059a660801b53c4ba30d/element/f.35BA612EB9C2194724D060812FEF357B.d.B3DA9359AF1176A3566298E9243CD456.e.7876/click - {}
RESULT: {}
COMMAND: GET /session/3a666e1e6263059a660801b53c4ba30d/screenshot - {}
RESULT: {}
COMMAND: POST /session/3a666e1e6263059a660801b53c4ba30d/element - {"using":"xpath","value":"//button[@title=\"Save\"]"}
RESULT: {"using":"xpath","value":"//button[@title=\"Save\"]"}
COMMAND: POST /session/3a666e1e6263059a660801b53c4ba30d/element/f.35BA612EB9C2194724D060812FEF357B.d.B3DA9359AF1176A3566298E9243CD456.e.7877/click - {}
RESULT: {}
COMMAND: GET /session/3a666e1e6263059a660801b53c4ba30d/screenshot - {}
RESULT: {}
COMMAND: POST /session/3a666e1e6263059a660801b53c4ba30d/execute/async - {"script":"<script> [1562 bytes]","args":[{"selector":{"controlType":"sap.ui.core.Icon","viewName":"etm.portal.ui.managecatalogs.view.Detail","viewId":"application-managecatalogs-display-component---detailCatalog","properties":{"src":{"regex":{"source":"decline"}}}},"wdio_ui5_key":"etmportal.ui.managecatalogs.view.Detailsap.ui.core.Icon{\"src\":{\"regex\":{\"source\":\"decline\"}}}"}]}
RESULT: {"script":"<script> [1562 bytes]","args":[{"selector":{"controlType":"sap.ui.core.Icon","viewName":"etm.portal.ui.managecatalogs.view.Detail","viewId":"application-managecatalogs-display-component---detailCatalog","properties":{"src":{"regex":{"source":"decline"}}}},"wdio_ui5_key":"etmportal.ui.managecatalogs.view.Detailsap.ui.core.Icon{\"src\":{\"regex\":{\"source\":\"decline\"}}}"}]}
RESULT: undefined
COMMAND: POST /session/3a666e1e6263059a660801b53c4ba30d/element - {"using":"xpath","value":"//*[@id=\"__button28-img\"]"}
RESULT: {"using":"xpath","value":"//*[@id=\"__button28-img\"]"}
COMMAND: POST /session/3a666e1e6263059a660801b53c4ba30d/element/f.35BA612EB9C2194724D060812FEF357B.d.B3DA9359AF1176A3566298E9243CD456.e.7881/click - {}
RESULT: {}
COMMAND: GET /session/3a666e1e6263059a660801b53c4ba30d/screenshot - {}
RESULT: {}
COMMAND: POST /session/3a666e1e6263059a660801b53c4ba30d/execute/async - {"script":"<script> [1562 bytes]","args":[{"selector":{"controlType":"sap.ui.core.Icon","viewName":"etm.portal.ui.managecatalogs.view.MasterItems","viewId":"application-managecatalogs-display-component---masterCatalogItems","properties":{"src":{"regex":{"source":"refresh"}}}},"wdio_ui5_key":"etmportal.ui.managecatalogs.view.MasterItemssap.ui.core.Icon{\"src\":{\"regex\":{\"source\":\"refresh\"}}}"}]}
RESULT: {"script":"<script> [1562 bytes]","args":[{"selector":{"controlType":"sap.ui.core.Icon","viewName":"etm.portal.ui.managecatalogs.view.MasterItems","viewId":"application-managecatalogs-display-component---masterCatalogItems","properties":{"src":{"regex":{"source":"refresh"}}}},"wdio_ui5_key":"etmportal.ui.managecatalogs.view.MasterItemssap.ui.core.Icon{\"src\":{\"regex\":{\"source\":\"refresh\"}}}"}]}
RESULT: undefined
COMMAND: POST /session/3a666e1e6263059a660801b53c4ba30d/element - {"using":"xpath","value":"//*[@id=\"__button1-img\"]"}
RESULT: {"using":"xpath","value":"//*[@id=\"__button1-img\"]"}
COMMAND: POST /session/3a666e1e6263059a660801b53c4ba30d/element/f.35BA612EB9C2194724D060812FEF357B.d.B3DA9359AF1176A3566298E9243CD456.e.7890/click - {}
RESULT: {}
COMMAND: GET /session/3a666e1e6263059a660801b53c4ba30d/screenshot - {}
RESULT: {}
COMMAND: POST /session/3a666e1e6263059a660801b53c4ba30d/execute/async - {"script":"<script> [1562 bytes]","args":[{"selector":{"id":"application-managecatalogs-display-component---masterCatalogItems--searchItemsField","interaction":{"idSuffix":"I"}},"wdio_ui5_key":"applicationmanagecatalogs-display-component---masterCatalogItems--searchItemsField"}]}
RESULT: {"script":"<script> [1562 bytes]","args":[{"selector":{"id":"application-managecatalogs-display-component---masterCatalogItems--searchItemsField","interaction":{"idSuffix":"I"}},"wdio_ui5_key":"applicationmanagecatalogs-display-component---masterCatalogItems--searchItemsField"}]}
RESULT: undefined
COMMAND: POST /session/3a666e1e6263059a660801b53c4ba30d/execute/async - {"script":"<script> [776 bytes]","args":[{"enterText":"catalogItemNameuizai","selector":{"id":"application-managecatalogs-display-component---masterCatalogItems--searchItemsField","interaction":{"idSuffix":"I"}},"clearTextFirst":true,"interactionType":"ENTER_TEXT"}]}
RESULT: {"script":"<script> [776 bytes]","args":[{"enterText":"catalogItemNameuizai","selector":{"id":"application-managecatalogs-display-component---masterCatalogItems--searchItemsField","interaction":{"idSuffix":"I"}},"clearTextFirst":true,"interactionType":"ENTER_TEXT"}]}
COMMAND: POST /session/3a666e1e6263059a660801b53c4ba30d/actions - {"actions":[{"id":"action50","type":"key","parameters":{},"actions":[{"type":"keyDown","value":""},{"type":"pause","duration":10},{"type":"keyUp","value":""}]}]}
RESULT: {"actions":[{"id":"action50","type":"key","parameters":{},"actions":[{"type":"keyDown","value":""},{"type":"pause","duration":10},{"type":"keyUp","value":""}]}]}
COMMAND: POST /session/3a666e1e6263059a660801b53c4ba30d/element - {"using":"xpath","value":"(//span[contains(text(), \"catalogItemNameuizai\")])[1]"}
COMMAND: GET /session/3a666e1e6263059a660801b53c4ba30d/screenshot - {}
RESULT: {"using":"xpath","value":"(//span[contains(text(), \"catalogItemNameuizai\")])[1]"}
COMMAND: POST /session/3a666e1e6263059a660801b53c4ba30d/element/f.35BA612EB9C2194724D060812FEF357B.d.B3DA9359AF1176A3566298E9243CD456.e.7925/click - {}
RESULT: {}
RESULT: {}
COMMAND: GET /session/3a666e1e6263059a660801b53c4ba30d/screenshot - {}
RESULT: {}
COMMAND: POST /session/3a666e1e6263059a660801b53c4ba30d/element - {"using":"xpath","value":"//span[contains(text(), \"catalogItemxgqvwh\")]"}
RESULT: {"using":"xpath","value":"//span[contains(text(), \"catalogItemxgqvwh\")]"}
COMMAND: GET /session/3a666e1e6263059a660801b53c4ba30d/element/f.35BA612EB9C2194724D060812FEF357B.d.B3DA9359AF1176A3566298E9243CD456.e.7978/text - {}
RESULT: {}
]]></system-out>
    </testcase>
    <testcase classname="chrome.136_0_7103_93.windows.Manage_requests_-_requests_specifications_US141095" name="Should add the classification to the catalog item" time="40.76">
      <system-out><![CDATA[
RESULT: undefined
COMMAND: POST /session/3a666e1e6263059a660801b53c4ba30d/element - {"using":"xpath","value":"//*[@id=\"__button25\"]"}
RESULT: {"using":"xpath","value":"//*[@id=\"__button25\"]"}
COMMAND: POST /session/3a666e1e6263059a660801b53c4ba30d/element/f.35BA612EB9C2194724D060812FEF357B.d.B3DA9359AF1176A3566298E9243CD456.e.7990/click - {}
RESULT: {}
COMMAND: GET /session/3a666e1e6263059a660801b53c4ba30d/screenshot - {}
RESULT: {}
COMMAND: POST /session/3a666e1e6263059a660801b53c4ba30d/execute/async - {"script":"<script> [1562 bytes]","args":[{"selector":{"id":"application-managecatalogs-display-component---detailCatalog--BASE_UNIT_OF_MEASURE-arrow"},"wdio_ui5_key":"applicationmanagecatalogs-display-component---detailCatalog--BASE_UNIT_OF_MEASURE-arrow"}]}
RESULT: {"script":"<script> [1562 bytes]","args":[{"selector":{"id":"application-managecatalogs-display-component---detailCatalog--BASE_UNIT_OF_MEASURE-arrow"},"wdio_ui5_key":"applicationmanagecatalogs-display-component---detailCatalog--BASE_UNIT_OF_MEASURE-arrow"}]}
RESULT: undefined
COMMAND: POST /session/3a666e1e6263059a660801b53c4ba30d/element - {"using":"xpath","value":"//*[@id=\"application-managecatalogs-display-component---detailCatalog--BASE_UNIT_OF_MEASURE-arrow\"]"}
RESULT: {"using":"xpath","value":"//*[@id=\"application-managecatalogs-display-component---detailCatalog--BASE_UNIT_OF_MEASURE-arrow\"]"}
COMMAND: POST /session/3a666e1e6263059a660801b53c4ba30d/element/f.35BA612EB9C2194724D060812FEF357B.d.B3DA9359AF1176A3566298E9243CD456.e.8018/click - {}
RESULT: {}
COMMAND: POST /session/3a666e1e6263059a660801b53c4ba30d/execute/async - {"script":"<script> [1562 bytes]","args":[{"selector":{"controlType":"sap.m.StandardListItem","viewName":"etm.portal.ui.managecatalogs.view.Detail","viewId":"application-managecatalogs-display-component---detailCatalog","properties":{"title":"Piece"},"searchOpenDialogs":true,"interaction":{"idSuffix":"titleText"}},"wdio_ui5_key":"etmportal.ui.managecatalogs.view.Detailsap.m.StandardListItem{\"title\":\"Piece\"}"}]}
COMMAND: GET /session/3a666e1e6263059a660801b53c4ba30d/screenshot - {}
RESULT: {"script":"<script> [1562 bytes]","args":[{"selector":{"controlType":"sap.m.StandardListItem","viewName":"etm.portal.ui.managecatalogs.view.Detail","viewId":"application-managecatalogs-display-component---detailCatalog","properties":{"title":"Piece"},"searchOpenDialogs":true,"interaction":{"idSuffix":"titleText"}},"wdio_ui5_key":"etmportal.ui.managecatalogs.view.Detailsap.m.StandardListItem{\"title\":\"Piece\"}"}]}
RESULT: undefined
COMMAND: POST /session/3a666e1e6263059a660801b53c4ba30d/element - {"using":"xpath","value":"//*[@id=\"__item235\"]"}
RESULT: {}
RESULT: {"using":"xpath","value":"//*[@id=\"__item235\"]"}
COMMAND: POST /session/3a666e1e6263059a660801b53c4ba30d/element/f.35BA612EB9C2194724D060812FEF357B.d.B3DA9359AF1176A3566298E9243CD456.e.8020/click - {}
RESULT: {}
COMMAND: POST /session/3a666e1e6263059a660801b53c4ba30d/element - {"using":"xpath","value":"//button[contains(@data-kt ,\"ClassificationAddClassButton\")]"}
COMMAND: GET /session/3a666e1e6263059a660801b53c4ba30d/screenshot - {}
RESULT: {"using":"xpath","value":"//button[contains(@data-kt ,\"ClassificationAddClassButton\")]"}
COMMAND: POST /session/3a666e1e6263059a660801b53c4ba30d/element/f.35BA612EB9C2194724D060812FEF357B.d.B3DA9359AF1176A3566298E9243CD456.e.8021/click - {}
RESULT: {}
RESULT: {}
COMMAND: GET /session/3a666e1e6263059a660801b53c4ba30d/screenshot - {}
RESULT: {}
COMMAND: POST /session/3a666e1e6263059a660801b53c4ba30d/element - {"using":"xpath","value":"//input[contains(@id ,\"searchField-I\")]"}
RESULT: {"using":"xpath","value":"//input[contains(@id ,\"searchField-I\")]"}
COMMAND: POST /session/3a666e1e6263059a660801b53c4ba30d/element/f.35BA612EB9C2194724D060812FEF357B.d.B3DA9359AF1176A3566298E9243CD456.e.8024/value - {"text":"WebdriverItemClass34yys"}
RESULT: {"text":"WebdriverItemClass34yys"}
COMMAND: POST /session/3a666e1e6263059a660801b53c4ba30d/actions - {"actions":[{"id":"action51","type":"key","parameters":{},"actions":[{"type":"keyDown","value":""},{"type":"pause","duration":10},{"type":"keyUp","value":""}]}]}
COMMAND: GET /session/3a666e1e6263059a660801b53c4ba30d/screenshot - {}
RESULT: {"actions":[{"id":"action51","type":"key","parameters":{},"actions":[{"type":"keyDown","value":""},{"type":"pause","duration":10},{"type":"keyUp","value":""}]}]}
COMMAND: GET /session/3a666e1e6263059a660801b53c4ba30d/screenshot - {}
RESULT: {}
RESULT: {}
COMMAND: POST /session/3a666e1e6263059a660801b53c4ba30d/element - {"using":"xpath","value":"//span[contains(text(), \"WebdriverItemClass34yys\")]"}
RESULT: {"using":"xpath","value":"//span[contains(text(), \"WebdriverItemClass34yys\")]"}
COMMAND: POST /session/3a666e1e6263059a660801b53c4ba30d/element/f.35BA612EB9C2194724D060812FEF357B.d.B3DA9359AF1176A3566298E9243CD456.e.8058/click - {}
RESULT: {}
COMMAND: GET /session/3a666e1e6263059a660801b53c4ba30d/screenshot - {}
RESULT: {}
COMMAND: POST /session/3a666e1e6263059a660801b53c4ba30d/execute/async - {"script":"<script> [1562 bytes]","args":[{"selector":{"controlType":"sap.m.Button","viewName":"etm.portal.ui.managecatalogs.view.Detail","viewId":"application-managecatalogs-display-component---detailCatalog","properties":{"text":"Classification"},"interaction":{"idSuffix":"BDI-content"}},"wdio_ui5_key":"etmportal.ui.managecatalogs.view.Detailsap.m.Button{\"text\":\"Classification\"}"}]}
RESULT: {"script":"<script> [1562 bytes]","args":[{"selector":{"controlType":"sap.m.Button","viewName":"etm.portal.ui.managecatalogs.view.Detail","viewId":"application-managecatalogs-display-component---detailCatalog","properties":{"text":"Classification"},"interaction":{"idSuffix":"BDI-content"}},"wdio_ui5_key":"etmportal.ui.managecatalogs.view.Detailsap.m.Button{\"text\":\"Classification\"}"}]}
RESULT: undefined
COMMAND: POST /session/3a666e1e6263059a660801b53c4ba30d/element - {"using":"xpath","value":"//*[@id=\"application-managecatalogs-display-component---detailCatalog--ObjectPageLayout-anchBar-__section3-anchor\"]"}
RESULT: {"using":"xpath","value":"//*[@id=\"application-managecatalogs-display-component---detailCatalog--ObjectPageLayout-anchBar-__section3-anchor\"]"}
COMMAND: POST /session/3a666e1e6263059a660801b53c4ba30d/element/f.35BA612EB9C2194724D060812FEF357B.d.B3DA9359AF1176A3566298E9243CD456.e.8064/click - {}
RESULT: {}
COMMAND: POST /session/3a666e1e6263059a660801b53c4ba30d/execute/async - {"script":"<script> [1562 bytes]","args":[{"selector":{"controlType":"sap.ui.core.Icon","viewName":"etm.portal.ui.managecatalogs.view.Detail","viewId":"application-managecatalogs-display-component---detailCatalog","properties":{"src":{"regex":{"source":"slim\\-arrow\\-right"}}},"ancestor":{"controlType":"sap.m.Panel","viewName":"etm.portal.ui.managecatalogs.view.Detail","viewId":"application-managecatalogs-display-component---detailCatalog"}},"wdio_ui5_key":"etmportal.ui.managecatalogs.view.Detailsap.ui.core.Icon{\"src\":{\"regex\":{\"source\":\"slim\\\\-arrow\\\\-right\"}}}{\"controlType\":\"sap.m.Panel\",\"viewName\":\"etm.portal.ui.managecatalogs.view.Detail\",\"viewId\":\"application-managecatalogs-display-component---detailCatalog\"}"}]}
COMMAND: GET /session/3a666e1e6263059a660801b53c4ba30d/screenshot - {}
RESULT: {"script":"<script> [1562 bytes]","args":[{"selector":{"controlType":"sap.ui.core.Icon","viewName":"etm.portal.ui.managecatalogs.view.Detail","viewId":"application-managecatalogs-display-component---detailCatalog","properties":{"src":{"regex":{"source":"slim\\-arrow\\-right"}}},"ancestor":{"controlType":"sap.m.Panel","viewName":"etm.portal.ui.managecatalogs.view.Detail","viewId":"application-managecatalogs-display-component---detailCatalog"}},"wdio_ui5_key":"etmportal.ui.managecatalogs.view.Detailsap.ui.core.Icon{\"src\":{\"regex\":{\"source\":\"slim\\\\-arrow\\\\-right\"}}}{\"controlType\":\"sap.m.Panel\",\"viewName\":\"etm.portal.ui.managecatalogs.view.Detail\",\"viewId\":\"application-managecatalogs-display-component---detailCatalog\"}"}]}
RESULT: undefined
COMMAND: POST /session/3a666e1e6263059a660801b53c4ba30d/element - {"using":"xpath","value":"//*[@id=\"__panel0-__layout17-0-expandButton-img\"]"}
RESULT: {}
RESULT: {"using":"xpath","value":"//*[@id=\"__panel0-__layout17-0-expandButton-img\"]"}
COMMAND: POST /session/3a666e1e6263059a660801b53c4ba30d/element/f.35BA612EB9C2194724D060812FEF357B.d.B3DA9359AF1176A3566298E9243CD456.e.8069/click - {}
RESULT: {}
COMMAND: POST /session/3a666e1e6263059a660801b53c4ba30d/execute/async - {"script":"<script> [1562 bytes]","args":[{"selector":{"controlType":"sap.ui.core.Icon","viewName":"etm.portal.ui.managecatalogs.view.Detail","viewId":"application-managecatalogs-display-component---detailCatalog","properties":{"src":{"regex":{"source":"slim\\-arrow\\-down"}}},"ancestor":{"controlType":"sap.m.ColumnListItem","viewName":"etm.portal.ui.managecatalogs.view.Detail","viewId":"application-managecatalogs-display-component---detailCatalog","bindingPath":{"modelName":"classModel","path":"/data/0/PROPERTIES/0"},"ancestor":{"controlType":"sap.m.Table","viewName":"etm.portal.ui.managecatalogs.view.Detail","viewId":"application-managecatalogs-display-component---detailCatalog","bindingPath":{"path":"/data/0","propertyPath":"PROPERTIES","modelName":"classModel"}}}},"wdio_ui5_key":"etmportal.ui.managecatalogs.view.Detailsap.ui.core.Icon{\"src\":{\"regex\":{\"source\":\"slim\\\\-arrow\\\\-down\"}}}{\"controlType\":\"sap.m.ColumnListItem\",\"viewName\":\"etm.portal.ui.managecatalogs.view.Detail\",\"viewId\":\"application-managecatalogs-display-component---detailCatalog\",\"bindingPath\":{\"modelName\":\"classModel\",\"path\":\"/data/0/PROPERTIES/0\"},\"ancestor\":{\"controlType\":\"sap.m.Table\",\"viewName\":\"etm.portal.ui.managecatalogs.view.Detail\",\"viewId\":\"application-managecatalogs-display-component---detailCatalog\",\"bindingPath\":{\"path\":\"/data/0\",\"propertyPath\":\"PROPERTIES\",\"modelName\":\"classModel\"}}}"}]}
COMMAND: GET /session/3a666e1e6263059a660801b53c4ba30d/screenshot - {}
RESULT: {"script":"<script> [1562 bytes]","args":[{"selector":{"controlType":"sap.ui.core.Icon","viewName":"etm.portal.ui.managecatalogs.view.Detail","viewId":"application-managecatalogs-display-component---detailCatalog","properties":{"src":{"regex":{"source":"slim\\-arrow\\-down"}}},"ancestor":{"controlType":"sap.m.ColumnListItem","viewName":"etm.portal.ui.managecatalogs.view.Detail","viewId":"application-managecatalogs-display-component---detailCatalog","bindingPath":{"modelName":"classModel","path":"/data/0/PROPERTIES/0"},"ancestor":{"controlType":"sap.m.Table","viewName":"etm.portal.ui.managecatalogs.view.Detail","viewId":"application-managecatalogs-display-component---detailCatalog","bindingPath":{"path":"/data/0","propertyPath":"PROPERTIES","modelName":"classModel"}}}},"wdio_ui5_key":"etmportal.ui.managecatalogs.view.Detailsap.ui.core.Icon{\"src\":{\"regex\":{\"source\":\"slim\\\\-arrow\\\\-down\"}}}{\"controlType\":\"sap.m.ColumnListItem\",\"viewName\":\"etm.portal.ui.managecatalogs.view.Detail\",\"viewId\":\"application-managecatalogs-display-component---detailCatalog\",\"bindingPath\":{\"modelName\":\"classModel\",\"path\":\"/data/0/PROPERTIES/0\"},\"ancestor\":{\"controlType\":\"sap.m.Table\",\"viewName\":\"etm.portal.ui.managecatalogs.view.Detail\",\"viewId\":\"application-managecatalogs-display-component---detailCatalog\",\"bindingPath\":{\"path\":\"/data/0\",\"propertyPath\":\"PROPERTIES\",\"modelName\":\"classModel\"}}}"}]}
RESULT: undefined
COMMAND: POST /session/3a666e1e6263059a660801b53c4ba30d/element - {"using":"xpath","value":"//*[@id=\"__box31-arrow\"]"}
RESULT: {}
RESULT: {"using":"xpath","value":"//*[@id=\"__box31-arrow\"]"}
COMMAND: POST /session/3a666e1e6263059a660801b53c4ba30d/element/f.35BA612EB9C2194724D060812FEF357B.d.B3DA9359AF1176A3566298E9243CD456.e.8082/click - {}
RESULT: {}
COMMAND: POST /session/3a666e1e6263059a660801b53c4ba30d/execute/async - {"script":"<script> [1562 bytes]","args":[{"selector":{"controlType":"sap.m.StandardListItem","viewName":"etm.portal.ui.managecatalogs.view.Detail","viewId":"application-managecatalogs-display-component---detailCatalog","properties":{"title":"red"},"searchOpenDialogs":true,"interaction":{"idSuffix":"content"}},"wdio_ui5_key":"etmportal.ui.managecatalogs.view.Detailsap.m.StandardListItem{\"title\":\"red\"}"}]}
COMMAND: GET /session/3a666e1e6263059a660801b53c4ba30d/screenshot - {}
RESULT: {"script":"<script> [1562 bytes]","args":[{"selector":{"controlType":"sap.m.StandardListItem","viewName":"etm.portal.ui.managecatalogs.view.Detail","viewId":"application-managecatalogs-display-component---detailCatalog","properties":{"title":"red"},"searchOpenDialogs":true,"interaction":{"idSuffix":"content"}},"wdio_ui5_key":"etmportal.ui.managecatalogs.view.Detailsap.m.StandardListItem{\"title\":\"red\"}"}]}
RESULT: undefined
COMMAND: POST /session/3a666e1e6263059a660801b53c4ba30d/element - {"using":"xpath","value":"//*[@id=\"__item243\"]"}
RESULT: {}
RESULT: {"using":"xpath","value":"//*[@id=\"__item243\"]"}
COMMAND: POST /session/3a666e1e6263059a660801b53c4ba30d/element/f.35BA612EB9C2194724D060812FEF357B.d.B3DA9359AF1176A3566298E9243CD456.e.8085/click - {}
RESULT: {}
COMMAND: GET /session/3a666e1e6263059a660801b53c4ba30d/screenshot - {}
RESULT: {}
COMMAND: POST /session/3a666e1e6263059a660801b53c4ba30d/execute/async - {"script":"<script> [1562 bytes]","args":[{"selector":{"controlType":"sap.m.Button","viewName":"etm.portal.ui.managecatalogs.view.Detail","viewId":"application-managecatalogs-display-component---detailCatalog","i18NText":{"propertyName":"text","key":"save"},"interaction":{"idSuffix":"BDI-content"}},"wdio_ui5_key":"etmportal.ui.managecatalogs.view.Detailsap.m.Button{\"propertyName\":\"text\",\"key\":\"save\"}"}]}
RESULT: {"script":"<script> [1562 bytes]","args":[{"selector":{"controlType":"sap.m.Button","viewName":"etm.portal.ui.managecatalogs.view.Detail","viewId":"application-managecatalogs-display-component---detailCatalog","i18NText":{"propertyName":"text","key":"save"},"interaction":{"idSuffix":"BDI-content"}},"wdio_ui5_key":"etmportal.ui.managecatalogs.view.Detailsap.m.Button{\"propertyName\":\"text\",\"key\":\"save\"}"}]}
RESULT: undefined
COMMAND: POST /session/3a666e1e6263059a660801b53c4ba30d/element - {"using":"xpath","value":"//*[@id=\"__button43\"]"}
RESULT: {"using":"xpath","value":"//*[@id=\"__button43\"]"}
COMMAND: POST /session/3a666e1e6263059a660801b53c4ba30d/element/f.35BA612EB9C2194724D060812FEF357B.d.B3DA9359AF1176A3566298E9243CD456.e.7993/click - {}
RESULT: {}
COMMAND: GET /session/3a666e1e6263059a660801b53c4ba30d/screenshot - {}
RESULT: {}
COMMAND: POST /session/3a666e1e6263059a660801b53c4ba30d/element - {"using":"css selector","value":"#shell-header-logo"}
RESULT: {"using":"css selector","value":"#shell-header-logo"}
COMMAND: POST /session/3a666e1e6263059a660801b53c4ba30d/element/f.35BA612EB9C2194724D060812FEF357B.d.B3DA9359AF1176A3566298E9243CD456.e.7825/click - {}
RESULT: {}
COMMAND: GET /session/3a666e1e6263059a660801b53c4ba30d/screenshot - {}
]]></system-out>
    </testcase>
    <testcase classname="chrome.136_0_7103_93.windows.Manage_requests_-_requests_specifications_US141095" name="Should create a new request and add the catalog item with the specifications" time="174.507">
      <system-out><![CDATA[
COMMAND: POST /session/3a666e1e6263059a660801b53c4ba30d/execute/async - {"script":"<script> [1562 bytes]","args":[{"selector":{"controlType":"sap.m.GenericTile","properties":{"header":"Manage Requests"}},"wdio_ui5_key":"sapm.GenericTile{\"header\":\"Manage Requests\"}"}]}
RESULT: {}
RESULT: {"script":"<script> [1562 bytes]","args":[{"selector":{"controlType":"sap.m.GenericTile","properties":{"header":"Manage Requests"}},"wdio_ui5_key":"sapm.GenericTile{\"header\":\"Manage Requests\"}"}]}
RESULT: undefined
COMMAND: POST /session/3a666e1e6263059a660801b53c4ba30d/element - {"using":"xpath","value":"//*[@id=\"__tile47\"]"}
RESULT: {"using":"xpath","value":"//*[@id=\"__tile47\"]"}
COMMAND: POST /session/3a666e1e6263059a660801b53c4ba30d/element/f.35BA612EB9C2194724D060812FEF357B.d.B3DA9359AF1176A3566298E9243CD456.e.8113/click - {}
RESULT: {}
COMMAND: GET /session/3a666e1e6263059a660801b53c4ba30d/screenshot - {}
RESULT: {}
COMMAND: POST /session/3a666e1e6263059a660801b53c4ba30d/elements - {"using":"xpath","value":"//span[text()='Error']"}
RESULT: {"using":"xpath","value":"//span[text()='Error']"}
COMMAND: POST /session/3a666e1e6263059a660801b53c4ba30d/element - {"using":"xpath","value":"//button[contains(@data-kt ,\"btnCreateNewOverflowToolbarButton\")]"}
COMMAND: POST /session/3a666e1e6263059a660801b53c4ba30d/element - {"using":"xpath","value":"(//span[contains(@class ,\"sapMObjStatusText\")])[1]"}
RESULT: {"using":"xpath","value":"//button[contains(@data-kt ,\"btnCreateNewOverflowToolbarButton\")]"}
COMMAND: POST /session/3a666e1e6263059a660801b53c4ba30d/element/f.35BA612EB9C2194724D060812FEF357B.d.B3DA9359AF1176A3566298E9243CD456.e.8170/click - {}
RESULT: {"using":"xpath","value":"(//span[contains(@class ,\"sapMObjStatusText\")])[1]"}
COMMAND: POST /session/3a666e1e6263059a660801b53c4ba30d/execute/sync - {"script":"<script> [8489 bytes]","args":[{"element-6066-11e4-a52e-4f735466cecf":"f.35BA612EB9C2194724D060812FEF357B.d.B3DA9359AF1176A3566298E9243CD456.e.8209","ELEMENT":"f.35BA612EB9C2194724D060812FEF357B.d.B3DA9359AF1176A3566298E9243CD456.e.8209"}]}
RESULT: {}
COMMAND: GET /session/3a666e1e6263059a660801b53c4ba30d/screenshot - {}
RESULT: {"script":"<script> [8489 bytes]","args":[{"element-6066-11e4-a52e-4f735466cecf":"f.35BA612EB9C2194724D060812FEF357B.d.B3DA9359AF1176A3566298E9243CD456.e.8209","ELEMENT":"f.35BA612EB9C2194724D060812FEF357B.d.B3DA9359AF1176A3566298E9243CD456.e.8209"}]}
COMMAND: GET /session/3a666e1e6263059a660801b53c4ba30d/screenshot - {}
RESULT: {}
RESULT: {}
COMMAND: POST /session/3a666e1e6263059a660801b53c4ba30d/element - {"using":"xpath","value":"//input[contains(@id ,\"yardId-inner\")]"}
RESULT: {"using":"xpath","value":"//input[contains(@id ,\"yardId-inner\")]"}
COMMAND: POST /session/3a666e1e6263059a660801b53c4ba30d/execute/sync - {"script":"<script> [8489 bytes]","args":[{"element-6066-11e4-a52e-4f735466cecf":"f.35BA612EB9C2194724D060812FEF357B.d.B3DA9359AF1176A3566298E9243CD456.e.8294","ELEMENT":"f.35BA612EB9C2194724D060812FEF357B.d.B3DA9359AF1176A3566298E9243CD456.e.8294"}]}
RESULT: {"script":"<script> [8489 bytes]","args":[{"element-6066-11e4-a52e-4f735466cecf":"f.35BA612EB9C2194724D060812FEF357B.d.B3DA9359AF1176A3566298E9243CD456.e.8294","ELEMENT":"f.35BA612EB9C2194724D060812FEF357B.d.B3DA9359AF1176A3566298E9243CD456.e.8294"}]}
COMMAND: POST /session/3a666e1e6263059a660801b53c4ba30d/element - {"using":"xpath","value":"//input[contains(@id ,\"yardId-inner\")]"}
COMMAND: GET /session/3a666e1e6263059a660801b53c4ba30d/screenshot - {}
RESULT: {"using":"xpath","value":"//input[contains(@id ,\"yardId-inner\")]"}
COMMAND: GET /session/3a666e1e6263059a660801b53c4ba30d/element/f.35BA612EB9C2194724D060812FEF357B.d.B3DA9359AF1176A3566298E9243CD456.e.8294/enabled - {}
RESULT: {}
RESULT: {}
COMMAND: POST /session/3a666e1e6263059a660801b53c4ba30d/element/f.35BA612EB9C2194724D060812FEF357B.d.B3DA9359AF1176A3566298E9243CD456.e.8294/clear - {}
COMMAND: GET /session/3a666e1e6263059a660801b53c4ba30d/screenshot - {}
RESULT: {}
COMMAND: POST /session/3a666e1e6263059a660801b53c4ba30d/element/f.35BA612EB9C2194724D060812FEF357B.d.B3DA9359AF1176A3566298E9243CD456.e.8294/value - {"text":"WebdriverYardv16ue"}
COMMAND: GET /session/3a666e1e6263059a660801b53c4ba30d/screenshot - {}
RESULT: {}
RESULT: {"text":"WebdriverYardv16ue"}
COMMAND: GET /session/3a666e1e6263059a660801b53c4ba30d/screenshot - {}
COMMAND: POST /session/3a666e1e6263059a660801b53c4ba30d/element - {"using":"xpath","value":"//input[contains(@id ,\"customerNumber-inner\")]"}
RESULT: {}
RESULT: {}
RESULT: {"using":"xpath","value":"//input[contains(@id ,\"customerNumber-inner\")]"}
COMMAND: POST /session/3a666e1e6263059a660801b53c4ba30d/element/f.35BA612EB9C2194724D060812FEF357B.d.B3DA9359AF1176A3566298E9243CD456.e.8290/value - {"text":"WebdriverPartner1231fg"}
COMMAND: POST /session/3a666e1e6263059a660801b53c4ba30d/actions - {"actions":[{"id":"action52","type":"key","parameters":{},"actions":[{"type":"keyDown","value":""},{"type":"pause","duration":10},{"type":"keyUp","value":""}]}]}
RESULT: {"text":"WebdriverPartner1231fg"}
COMMAND: GET /session/3a666e1e6263059a660801b53c4ba30d/screenshot - {}
RESULT: {"actions":[{"id":"action52","type":"key","parameters":{},"actions":[{"type":"keyDown","value":""},{"type":"pause","duration":10},{"type":"keyUp","value":""}]}]}
COMMAND: GET /session/3a666e1e6263059a660801b53c4ba30d/screenshot - {}
RESULT: {}
RESULT: {}
COMMAND: POST /session/3a666e1e6263059a660801b53c4ba30d/actions - {"actions":[{"id":"action53","type":"key","parameters":{},"actions":[{"type":"keyDown","value":""},{"type":"pause","duration":10},{"type":"keyUp","value":""}]}]}
RESULT: {"actions":[{"id":"action53","type":"key","parameters":{},"actions":[{"type":"keyDown","value":""},{"type":"pause","duration":10},{"type":"keyUp","value":""}]}]}
COMMAND: GET /session/3a666e1e6263059a660801b53c4ba30d/screenshot - {}
RESULT: {}
COMMAND: POST /session/3a666e1e6263059a660801b53c4ba30d/element - {"using":"xpath","value":"//input[contains(@id ,\"requestSiteId-inner\")]"}
RESULT: {"using":"xpath","value":"//input[contains(@id ,\"requestSiteId-inner\")]"}
COMMAND: POST /session/3a666e1e6263059a660801b53c4ba30d/element/f.35BA612EB9C2194724D060812FEF357B.d.B3DA9359AF1176A3566298E9243CD456.e.8289/value - {"text":"WebdriverSiteegvc"}
RESULT: {"text":"WebdriverSiteegvc"}
COMMAND: GET /session/3a666e1e6263059a660801b53c4ba30d/screenshot - {}
RESULT: {}
COMMAND: POST /session/3a666e1e6263059a660801b53c4ba30d/actions - {"actions":[{"id":"action54","type":"key","parameters":{},"actions":[{"type":"keyDown","value":""},{"type":"pause","duration":10},{"type":"keyUp","value":""}]}]}
RESULT: {"actions":[{"id":"action54","type":"key","parameters":{},"actions":[{"type":"keyDown","value":""},{"type":"pause","duration":10},{"type":"keyUp","value":""}]}]}
COMMAND: POST /session/3a666e1e6263059a660801b53c4ba30d/execute/async - {"script":"<script> [1562 bytes]","args":[{"selector":{"controlType":"sap.ui.core.Icon","viewName":"etm.portal.ui.managerequests.view.NewRequest","properties":{"src":{"regex":{"source":"add"}}}},"wdio_ui5_key":"etmportal.ui.managerequests.view.NewRequestsap.ui.core.Icon{\"src\":{\"regex\":{\"source\":\"add\"}}}"}]}
COMMAND: GET /session/3a666e1e6263059a660801b53c4ba30d/screenshot - {}
RESULT: {"script":"<script> [1562 bytes]","args":[{"selector":{"controlType":"sap.ui.core.Icon","viewName":"etm.portal.ui.managerequests.view.NewRequest","properties":{"src":{"regex":{"source":"add"}}}},"wdio_ui5_key":"etmportal.ui.managerequests.view.NewRequestsap.ui.core.Icon{\"src\":{\"regex\":{\"source\":\"add\"}}}"}]}
RESULT: undefined
COMMAND: POST /session/3a666e1e6263059a660801b53c4ba30d/element - {"using":"xpath","value":"//*[@id=\"__xmlview59--btnAddTableRow-img\"]"}
RESULT: {}
RESULT: {"using":"xpath","value":"//*[@id=\"__xmlview59--btnAddTableRow-img\"]"}
COMMAND: POST /session/3a666e1e6263059a660801b53c4ba30d/element/f.35BA612EB9C2194724D060812FEF357B.d.B3DA9359AF1176A3566298E9243CD456.e.8500/click - {}
RESULT: {}
COMMAND: GET /session/3a666e1e6263059a660801b53c4ba30d/screenshot - {}
RESULT: {}
COMMAND: POST /session/3a666e1e6263059a660801b53c4ba30d/actions - {"actions":[{"id":"action55","type":"key","parameters":{},"actions":[{"type":"keyDown","value":""},{"type":"pause","duration":10},{"type":"keyUp","value":""}]}]}
RESULT: {"actions":[{"id":"action55","type":"key","parameters":{},"actions":[{"type":"keyDown","value":""},{"type":"pause","duration":10},{"type":"keyUp","value":""}]}]}
COMMAND: POST /session/3a666e1e6263059a660801b53c4ba30d/actions - {"actions":[{"id":"action56","type":"key","parameters":{},"actions":[{"type":"keyDown","value":""},{"type":"pause","duration":10},{"type":"keyUp","value":""}]}]}
COMMAND: GET /session/3a666e1e6263059a660801b53c4ba30d/screenshot - {}
RESULT: {"actions":[{"id":"action56","type":"key","parameters":{},"actions":[{"type":"keyDown","value":""},{"type":"pause","duration":10},{"type":"keyUp","value":""}]}]}
COMMAND: POST /session/3a666e1e6263059a660801b53c4ba30d/element - {"using":"xpath","value":"(//input[contains(@id ,\"requestItemsTable-0-inner\")])[1]"}
COMMAND: GET /session/3a666e1e6263059a660801b53c4ba30d/screenshot - {}
RESULT: {}
RESULT: {"using":"xpath","value":"(//input[contains(@id ,\"requestItemsTable-0-inner\")])[1]"}
COMMAND: POST /session/3a666e1e6263059a660801b53c4ba30d/element/f.35BA612EB9C2194724D060812FEF357B.d.B3DA9359AF1176A3566298E9243CD456.e.8505/clear - {}
RESULT: {}
RESULT: {}
COMMAND: POST /session/3a666e1e6263059a660801b53c4ba30d/element/f.35BA612EB9C2194724D060812FEF357B.d.B3DA9359AF1176A3566298E9243CD456.e.8505/value - {"text":"catalogItemNameuizai"}
COMMAND: GET /session/3a666e1e6263059a660801b53c4ba30d/screenshot - {}
RESULT: {"text":"catalogItemNameuizai"}
COMMAND: GET /session/3a666e1e6263059a660801b53c4ba30d/screenshot - {}
RESULT: {}
RESULT: {}
COMMAND: POST /session/3a666e1e6263059a660801b53c4ba30d/actions - {"actions":[{"id":"action57","type":"key","parameters":{},"actions":[{"type":"keyDown","value":""},{"type":"pause","duration":10},{"type":"keyUp","value":""}]}]}
RESULT: {"actions":[{"id":"action57","type":"key","parameters":{},"actions":[{"type":"keyDown","value":""},{"type":"pause","duration":10},{"type":"keyUp","value":""}]}]}
COMMAND: GET /session/3a666e1e6263059a660801b53c4ba30d/screenshot - {}
RESULT: {}
COMMAND: POST /session/3a666e1e6263059a660801b53c4ba30d/execute/async - {"script":"<script> [1562 bytes]","args":[{"selector":{"controlType":"sap.m.Button","viewName":"etm.portal.ui.managerequests.view.NewRequest","i18NText":{"propertyName":"text","key":"requestSpecifications"},"interaction":{"idSuffix":"BDI-content"}},"wdio_ui5_key":"etmportal.ui.managerequests.view.NewRequestsap.m.Button{\"propertyName\":\"text\",\"key\":\"requestSpecifications\"}"}]}
RESULT: {"script":"<script> [1562 bytes]","args":[{"selector":{"controlType":"sap.m.Button","viewName":"etm.portal.ui.managerequests.view.NewRequest","i18NText":{"propertyName":"text","key":"requestSpecifications"},"interaction":{"idSuffix":"BDI-content"}},"wdio_ui5_key":"etmportal.ui.managerequests.view.NewRequestsap.m.Button{\"propertyName\":\"text\",\"key\":\"requestSpecifications\"}"}]}
RESULT: undefined
COMMAND: POST /session/3a666e1e6263059a660801b53c4ba30d/element - {"using":"xpath","value":"//*[@id=\"__button76-__xmlview59--requestItemsTable-0\"]"}
RESULT: {"using":"xpath","value":"//*[@id=\"__button76-__xmlview59--requestItemsTable-0\"]"}
COMMAND: POST /session/3a666e1e6263059a660801b53c4ba30d/element/f.35BA612EB9C2194724D060812FEF357B.d.B3DA9359AF1176A3566298E9243CD456.e.8520/click - {}
RESULT: {}
COMMAND: GET /session/3a666e1e6263059a660801b53c4ba30d/screenshot - {}
RESULT: {}
COMMAND: POST /session/3a666e1e6263059a660801b53c4ba30d/element - {"using":"xpath","value":"//input[@value=\"red\"]"}
RESULT: {"using":"xpath","value":"//input[@value=\"red\"]"}
COMMAND: POST /session/3a666e1e6263059a660801b53c4ba30d/elements - {"using":"xpath","value":"//input[@value=\"red\"]"}
RESULT: {"using":"xpath","value":"//input[@value=\"red\"]"}
COMMAND: POST /session/3a666e1e6263059a660801b53c4ba30d/execute/async - {"script":"<script> [1562 bytes]","args":[{"selector":{"controlType":"sap.m.Text","viewName":"etm.portal.ui.managerequests.view.NewRequest","bindingPath":{"path":"/currentEntries/0/PROPERTIES/0","propertyPath":"DESCRIPTION","modelName":"techSpecsClassificationModel"},"searchOpenDialogs":true},"wdio_ui5_key":"etmportal.ui.managerequests.view.NewRequestsap.m.Text{\"path\":\"/currentEntries/0/PROPERTIES/0\",\"propertyPath\":\"DESCRIPTION\",\"modelName\":\"techSpecsClassificationModel\"}"}]}
RESULT: {"script":"<script> [1562 bytes]","args":[{"selector":{"controlType":"sap.m.Text","viewName":"etm.portal.ui.managerequests.view.NewRequest","bindingPath":{"path":"/currentEntries/0/PROPERTIES/0","propertyPath":"DESCRIPTION","modelName":"techSpecsClassificationModel"},"searchOpenDialogs":true},"wdio_ui5_key":"etmportal.ui.managerequests.view.NewRequestsap.m.Text{\"path\":\"/currentEntries/0/PROPERTIES/0\",\"propertyPath\":\"DESCRIPTION\",\"modelName\":\"techSpecsClassificationModel\"}"}]}
RESULT: undefined
COMMAND: POST /session/3a666e1e6263059a660801b53c4ba30d/execute/async - {"script":"<script> [6424 bytes]","args":[{"element-6066-11e4-a52e-4f735466cecf":"f.35BA612EB9C2194724D060812FEF357B.d.B3DA9359AF1176A3566298E9243CD456.e.8529"},"getText",[]]}
RESULT: {"script":"<script> [6424 bytes]","args":[{"element-6066-11e4-a52e-4f735466cecf":"f.35BA612EB9C2194724D060812FEF357B.d.B3DA9359AF1176A3566298E9243CD456.e.8529"},"getText",[]]}
COMMAND: POST /session/3a666e1e6263059a660801b53c4ba30d/execute/async - {"script":"<script> [1562 bytes]","args":[{"selector":{"controlType":"sap.ui.core.Icon","viewName":"etm.portal.ui.managerequests.view.NewRequest","properties":{"src":{"regex":{"source":"slim\\-arrow\\-down"}}},"searchOpenDialogs":true},"wdio_ui5_key":"etmportal.ui.managerequests.view.NewRequestsap.ui.core.Icon{\"src\":{\"regex\":{\"source\":\"slim\\\\-arrow\\\\-down\"}}}"}]}
RESULT: {"script":"<script> [1562 bytes]","args":[{"selector":{"controlType":"sap.ui.core.Icon","viewName":"etm.portal.ui.managerequests.view.NewRequest","properties":{"src":{"regex":{"source":"slim\\-arrow\\-down"}}},"searchOpenDialogs":true},"wdio_ui5_key":"etmportal.ui.managerequests.view.NewRequestsap.ui.core.Icon{\"src\":{\"regex\":{\"source\":\"slim\\\\-arrow\\\\-down\"}}}"}]}
RESULT: undefined
COMMAND: POST /session/3a666e1e6263059a660801b53c4ba30d/element - {"using":"xpath","value":"//*[@id=\"__box58-arrow\"]"}
RESULT: {"using":"xpath","value":"//*[@id=\"__box58-arrow\"]"}
COMMAND: POST /session/3a666e1e6263059a660801b53c4ba30d/element/f.35BA612EB9C2194724D060812FEF357B.d.B3DA9359AF1176A3566298E9243CD456.e.8530/click - {}
RESULT: {}
COMMAND: POST /session/3a666e1e6263059a660801b53c4ba30d/execute/async - {"script":"<script> [1562 bytes]","args":[{"selector":{"controlType":"sap.m.StandardListItem","viewName":"etm.portal.ui.managerequests.view.NewRequest","properties":{"title":"blue"},"searchOpenDialogs":true,"interaction":{"idSuffix":"content"}},"wdio_ui5_key":"etmportal.ui.managerequests.view.NewRequestsap.m.StandardListItem{\"title\":\"blue\"}"}]}
COMMAND: GET /session/3a666e1e6263059a660801b53c4ba30d/screenshot - {}
RESULT: {"script":"<script> [1562 bytes]","args":[{"selector":{"controlType":"sap.m.StandardListItem","viewName":"etm.portal.ui.managerequests.view.NewRequest","properties":{"title":"blue"},"searchOpenDialogs":true,"interaction":{"idSuffix":"content"}},"wdio_ui5_key":"etmportal.ui.managerequests.view.NewRequestsap.m.StandardListItem{\"title\":\"blue\"}"}]}
RESULT: undefined
COMMAND: POST /session/3a666e1e6263059a660801b53c4ba30d/element - {"using":"xpath","value":"//*[@id=\"__item1680\"]"}
RESULT: {}
RESULT: {"using":"xpath","value":"//*[@id=\"__item1680\"]"}
COMMAND: POST /session/3a666e1e6263059a660801b53c4ba30d/element/f.35BA612EB9C2194724D060812FEF357B.d.B3DA9359AF1176A3566298E9243CD456.e.8532/click - {}
RESULT: {}
COMMAND: GET /session/3a666e1e6263059a660801b53c4ba30d/screenshot - {}
RESULT: {}
COMMAND: POST /session/3a666e1e6263059a660801b53c4ba30d/execute/async - {"script":"<script> [1562 bytes]","args":[{"selector":{"id":"saveButton","viewName":"etm.portal.ui.managerequests.view.NewRequest","searchOpenDialogs":true,"interaction":{"idSuffix":"BDI-content"}},"wdio_ui5_key":"saveButtonetmportal.ui.managerequests.view.NewRequest"}]}
RESULT: {"script":"<script> [1562 bytes]","args":[{"selector":{"id":"saveButton","viewName":"etm.portal.ui.managerequests.view.NewRequest","searchOpenDialogs":true,"interaction":{"idSuffix":"BDI-content"}},"wdio_ui5_key":"saveButtonetmportal.ui.managerequests.view.NewRequest"}]}
RESULT: undefined
COMMAND: POST /session/3a666e1e6263059a660801b53c4ba30d/element - {"using":"xpath","value":"//*[@id=\"__xmlview59--saveButton\"]"}
RESULT: {"using":"xpath","value":"//*[@id=\"__xmlview59--saveButton\"]"}
COMMAND: POST /session/3a666e1e6263059a660801b53c4ba30d/element/f.35BA612EB9C2194724D060812FEF357B.d.B3DA9359AF1176A3566298E9243CD456.e.8526/click - {}
RESULT: {}
COMMAND: POST /session/3a666e1e6263059a660801b53c4ba30d/execute/async - {"script":"<script> [1562 bytes]","args":[{"selector":{"controlType":"sap.ui.core.Icon","viewName":"etm.portal.ui.managerequests.view.NewRequest","properties":{"src":{"regex":{"source":"slim\\-arrow\\-down"}}},"ancestor":{"controlType":"sap.m.Button","viewName":"etm.portal.ui.managerequests.view.NewRequest","properties":{"icon":"sap-icon://slim-arrow-down"}}},"wdio_ui5_key":"etmportal.ui.managerequests.view.NewRequestsap.ui.core.Icon{\"src\":{\"regex\":{\"source\":\"slim\\\\-arrow\\\\-down\"}}}{\"controlType\":\"sap.m.Button\",\"viewName\":\"etm.portal.ui.managerequests.view.NewRequest\",\"properties\":{\"icon\":\"sap-icon://slim-arrow-down\"}}"}]}
COMMAND: GET /session/3a666e1e6263059a660801b53c4ba30d/screenshot - {}
RESULT: {"script":"<script> [1562 bytes]","args":[{"selector":{"controlType":"sap.ui.core.Icon","viewName":"etm.portal.ui.managerequests.view.NewRequest","properties":{"src":{"regex":{"source":"slim\\-arrow\\-down"}}},"ancestor":{"controlType":"sap.m.Button","viewName":"etm.portal.ui.managerequests.view.NewRequest","properties":{"icon":"sap-icon://slim-arrow-down"}}},"wdio_ui5_key":"etmportal.ui.managerequests.view.NewRequestsap.ui.core.Icon{\"src\":{\"regex\":{\"source\":\"slim\\\\-arrow\\\\-down\"}}}{\"controlType\":\"sap.m.Button\",\"viewName\":\"etm.portal.ui.managerequests.view.NewRequest\",\"properties\":{\"icon\":\"sap-icon://slim-arrow-down\"}}"}]}
RESULT: undefined
RESULT: {}
COMMAND: POST /session/3a666e1e6263059a660801b53c4ba30d/element - {"using":"xpath","value":"//div[contains(@data-kt ,\"splitAllocationObjectStatus\")]"}
RESULT: {"using":"xpath","value":"//div[contains(@data-kt ,\"splitAllocationObjectStatus\")]"}
COMMAND: POST /session/3a666e1e6263059a660801b53c4ba30d/elements - {"using":"xpath","value":"//div[contains(@data-kt ,\"splitAllocationObjectStatus\")]"}
RESULT: {"using":"xpath","value":"//div[contains(@data-kt ,\"splitAllocationObjectStatus\")]"}
COMMAND: POST /session/3a666e1e6263059a660801b53c4ba30d/execute/async - {"script":"<script> [1562 bytes]","args":[{"selector":{"controlType":"sap.ui.core.Icon","viewName":"etm.portal.ui.managerequests.view.NewRequest","properties":{"src":{"regex":{"source":"message\\-error"}}}},"wdio_ui5_key":"etmportal.ui.managerequests.view.NewRequestsap.ui.core.Icon{\"src\":{\"regex\":{\"source\":\"message\\\\-error\"}}}"}]}
RESULT: {"script":"<script> [1562 bytes]","args":[{"selector":{"controlType":"sap.ui.core.Icon","viewName":"etm.portal.ui.managerequests.view.NewRequest","properties":{"src":{"regex":{"source":"message\\-error"}}}},"wdio_ui5_key":"etmportal.ui.managerequests.view.NewRequestsap.ui.core.Icon{\"src\":{\"regex\":{\"source\":\"message\\\\-error\"}}}"}]}
RESULT: undefined
COMMAND: POST /session/3a666e1e6263059a660801b53c4ba30d/element - {"using":"xpath","value":"//*[@id=\"__status4-__xmlview59--requestItemsTable-0-icon\"]"}
RESULT: {"using":"xpath","value":"//*[@id=\"__status4-__xmlview59--requestItemsTable-0-icon\"]"}
COMMAND: POST /session/3a666e1e6263059a660801b53c4ba30d/element/f.35BA612EB9C2194724D060812FEF357B.d.B3DA9359AF1176A3566298E9243CD456.e.8535/click - {}
RESULT: {}
COMMAND: POST /session/3a666e1e6263059a660801b53c4ba30d/execute/async - {"script":"<script> [1562 bytes]","args":[{"selector":{"controlType":"sap.ui.core.Icon","viewName":"etm.portal.ui.managerequests.view.NewRequest","properties":{"src":{"regex":{"source":"slim\\-arrow\\-down"}}},"searchOpenDialogs":true,"ancestor":{"id":"costObjectAdminTypeComboBox","viewName":"etm.portal.ui.managerequests.view.NewRequest","searchOpenDialogs":true}},"wdio_ui5_key":"etmportal.ui.managerequests.view.NewRequestsap.ui.core.Icon{\"src\":{\"regex\":{\"source\":\"slim\\\\-arrow\\\\-down\"}}}{\"id\":\"costObjectAdminTypeComboBox\",\"viewName\":\"etm.portal.ui.managerequests.view.NewRequest\",\"searchOpenDialogs\":true}"}]}
COMMAND: GET /session/3a666e1e6263059a660801b53c4ba30d/screenshot - {}
RESULT: {"script":"<script> [1562 bytes]","args":[{"selector":{"controlType":"sap.ui.core.Icon","viewName":"etm.portal.ui.managerequests.view.NewRequest","properties":{"src":{"regex":{"source":"slim\\-arrow\\-down"}}},"searchOpenDialogs":true,"ancestor":{"id":"costObjectAdminTypeComboBox","viewName":"etm.portal.ui.managerequests.view.NewRequest","searchOpenDialogs":true}},"wdio_ui5_key":"etmportal.ui.managerequests.view.NewRequestsap.ui.core.Icon{\"src\":{\"regex\":{\"source\":\"slim\\\\-arrow\\\\-down\"}}}{\"id\":\"costObjectAdminTypeComboBox\",\"viewName\":\"etm.portal.ui.managerequests.view.NewRequest\",\"searchOpenDialogs\":true}"}]}
RESULT: undefined
COMMAND: POST /session/3a666e1e6263059a660801b53c4ba30d/element - {"using":"xpath","value":"//*[@id=\"__xmlview59--costObjectAdminTypeComboBox-arrow\"]"}
RESULT: {}
RESULT: {"using":"xpath","value":"//*[@id=\"__xmlview59--costObjectAdminTypeComboBox-arrow\"]"}
COMMAND: POST /session/3a666e1e6263059a660801b53c4ba30d/element/f.35BA612EB9C2194724D060812FEF357B.d.B3DA9359AF1176A3566298E9243CD456.e.8539/click - {}
RESULT: {}
COMMAND: POST /session/3a666e1e6263059a660801b53c4ba30d/execute/async - {"script":"<script> [1562 bytes]","args":[{"selector":{"controlType":"sap.m.StandardListItem","viewName":"etm.portal.ui.managerequests.view.NewRequest","properties":{"title":"Cost Center"},"searchOpenDialogs":true,"interaction":{"idSuffix":"titleText"}},"wdio_ui5_key":"etmportal.ui.managerequests.view.NewRequestsap.m.StandardListItem{\"title\":\"Cost Center\"}"}]}
COMMAND: GET /session/3a666e1e6263059a660801b53c4ba30d/screenshot - {}
RESULT: {"script":"<script> [1562 bytes]","args":[{"selector":{"controlType":"sap.m.StandardListItem","viewName":"etm.portal.ui.managerequests.view.NewRequest","properties":{"title":"Cost Center"},"searchOpenDialogs":true,"interaction":{"idSuffix":"titleText"}},"wdio_ui5_key":"etmportal.ui.managerequests.view.NewRequestsap.m.StandardListItem{\"title\":\"Cost Center\"}"}]}
RESULT: undefined
COMMAND: POST /session/3a666e1e6263059a660801b53c4ba30d/element - {"using":"xpath","value":"//*[@id=\"__item1683\"]"}
RESULT: {}
RESULT: {"using":"xpath","value":"//*[@id=\"__item1683\"]"}
COMMAND: POST /session/3a666e1e6263059a660801b53c4ba30d/element/f.35BA612EB9C2194724D060812FEF357B.d.B3DA9359AF1176A3566298E9243CD456.e.8542/click - {}
RESULT: {}
COMMAND: GET /session/3a666e1e6263059a660801b53c4ba30d/screenshot - {}
RESULT: {}
COMMAND: POST /session/3a666e1e6263059a660801b53c4ba30d/execute/async - {"script":"<script> [1562 bytes]","args":[{"selector":{"controlType":"sap.ui.core.Icon","viewName":"etm.portal.ui.managerequests.view.NewRequest","properties":{"src":{"regex":{"source":"value\\-help"}}},"searchOpenDialogs":true},"wdio_ui5_key":"etmportal.ui.managerequests.view.NewRequestsap.ui.core.Icon{\"src\":{\"regex\":{\"source\":\"value\\\\-help\"}}}"}]}
RESULT: {"script":"<script> [1562 bytes]","args":[{"selector":{"controlType":"sap.ui.core.Icon","viewName":"etm.portal.ui.managerequests.view.NewRequest","properties":{"src":{"regex":{"source":"value\\-help"}}},"searchOpenDialogs":true},"wdio_ui5_key":"etmportal.ui.managerequests.view.NewRequestsap.ui.core.Icon{\"src\":{\"regex\":{\"source\":\"value\\\\-help\"}}}"}]}
RESULT: undefined
COMMAND: POST /session/3a666e1e6263059a660801b53c4ba30d/element - {"using":"xpath","value":"//*[@id=\"__xmlview59--costObjectIdComboBox-vhi\"]"}
RESULT: {"using":"xpath","value":"//*[@id=\"__xmlview59--costObjectIdComboBox-vhi\"]"}
COMMAND: POST /session/3a666e1e6263059a660801b53c4ba30d/element/f.35BA612EB9C2194724D060812FEF357B.d.B3DA9359AF1176A3566298E9243CD456.e.8550/click - {}
RESULT: {}
COMMAND: POST /session/3a666e1e6263059a660801b53c4ba30d/execute/async - {"script":"<script> [1562 bytes]","args":[{"selector":{"controlType":"sap.m.SearchField","properties":{"placeholder":"Search"},"searchOpenDialogs":true,"interaction":{"idSuffix":"I"}},"wdio_ui5_key":"sapm.SearchField{\"placeholder\":\"Search\"}"}]}
COMMAND: GET /session/3a666e1e6263059a660801b53c4ba30d/screenshot - {}
RESULT: {"script":"<script> [1562 bytes]","args":[{"selector":{"controlType":"sap.m.SearchField","properties":{"placeholder":"Search"},"searchOpenDialogs":true,"interaction":{"idSuffix":"I"}},"wdio_ui5_key":"sapm.SearchField{\"placeholder\":\"Search\"}"}]}
RESULT: undefined
COMMAND: POST /session/3a666e1e6263059a660801b53c4ba30d/execute/async - {"script":"<script> [776 bytes]","args":[{"enterText":"10001010","selector":{"controlType":"sap.m.SearchField","properties":{"placeholder":"Search"},"searchOpenDialogs":true,"interaction":{"idSuffix":"I"}},"clearTextFirst":true,"interactionType":"ENTER_TEXT"}]}
RESULT: {}
RESULT: {"script":"<script> [776 bytes]","args":[{"enterText":"10001010","selector":{"controlType":"sap.m.SearchField","properties":{"placeholder":"Search"},"searchOpenDialogs":true,"interaction":{"idSuffix":"I"}},"clearTextFirst":true,"interactionType":"ENTER_TEXT"}]}
COMMAND: POST /session/3a666e1e6263059a660801b53c4ba30d/actions - {"actions":[{"id":"action58","type":"key","parameters":{},"actions":[{"type":"keyDown","value":""},{"type":"pause","duration":10},{"type":"keyUp","value":""}]}]}
RESULT: {"actions":[{"id":"action58","type":"key","parameters":{},"actions":[{"type":"keyDown","value":""},{"type":"pause","duration":10},{"type":"keyUp","value":""}]}]}
COMMAND: GET /session/3a666e1e6263059a660801b53c4ba30d/screenshot - {}
RESULT: {}
COMMAND: POST /session/3a666e1e6263059a660801b53c4ba30d/execute/async - {"script":"<script> [1562 bytes]","args":[{"selector":{"controlType":"sap.m.Text","bindingPath":{"path":"/C_CostCtrValueHelp(CostCenter='10001010',ControllingArea='Z001')","propertyPath":"CostCenterName","modelName":"CostCenterModel"},"searchOpenDialogs":true},"wdio_ui5_key":"sapm.Text{\"path\":\"/C_CostCtrValueHelp(CostCenter='10001010',ControllingArea='Z001')\",\"propertyPath\":\"CostCenterName\",\"modelName\":\"CostCenterModel\"}"}]}
RESULT: {"script":"<script> [1562 bytes]","args":[{"selector":{"controlType":"sap.m.Text","bindingPath":{"path":"/C_CostCtrValueHelp(CostCenter='10001010',ControllingArea='Z001')","propertyPath":"CostCenterName","modelName":"CostCenterModel"},"searchOpenDialogs":true},"wdio_ui5_key":"sapm.Text{\"path\":\"/C_CostCtrValueHelp(CostCenter='10001010',ControllingArea='Z001')\",\"propertyPath\":\"CostCenterName\",\"modelName\":\"CostCenterModel\"}"}]}
RESULT: undefined
COMMAND: POST /session/3a666e1e6263059a660801b53c4ba30d/element - {"using":"xpath","value":"//*[@id=\"__text544-__clone1887\"]"}
RESULT: {"using":"xpath","value":"//*[@id=\"__text544-__clone1887\"]"}
COMMAND: POST /session/3a666e1e6263059a660801b53c4ba30d/element/f.35BA612EB9C2194724D060812FEF357B.d.B3DA9359AF1176A3566298E9243CD456.e.8590/click - {}
RESULT: {}
COMMAND: POST /session/3a666e1e6263059a660801b53c4ba30d/execute/async - {"script":"<script> [1562 bytes]","args":[{"selector":{"controlType":"sap.m.Button","properties":{"text":"OK"},"searchOpenDialogs":true,"interaction":{"idSuffix":"BDI-content"}},"wdio_ui5_key":"sapm.Button{\"text\":\"OK\"}"}]}
COMMAND: GET /session/3a666e1e6263059a660801b53c4ba30d/screenshot - {}
RESULT: {"script":"<script> [1562 bytes]","args":[{"selector":{"controlType":"sap.m.Button","properties":{"text":"OK"},"searchOpenDialogs":true,"interaction":{"idSuffix":"BDI-content"}},"wdio_ui5_key":"sapm.Button{\"text\":\"OK\"}"}]}
RESULT: undefined
COMMAND: POST /session/3a666e1e6263059a660801b53c4ba30d/element - {"using":"xpath","value":"//*[@id=\"__dialog2-ok\"]"}
RESULT: {}
RESULT: {"using":"xpath","value":"//*[@id=\"__dialog2-ok\"]"}
COMMAND: POST /session/3a666e1e6263059a660801b53c4ba30d/element/f.35BA612EB9C2194724D060812FEF357B.d.B3DA9359AF1176A3566298E9243CD456.e.8592/click - {}
RESULT: {}
COMMAND: GET /session/3a666e1e6263059a660801b53c4ba30d/screenshot - {}
RESULT: {}
COMMAND: POST /session/3a666e1e6263059a660801b53c4ba30d/execute/async - {"script":"<script> [1562 bytes]","args":[{"selector":{"controlType":"sap.m.Button","viewName":"etm.portal.ui.managerequests.view.NewRequest","i18NText":{"propertyName":"text","key":"save"},"searchOpenDialogs":true,"interaction":{"idSuffix":"BDI-content"}},"wdio_ui5_key":"etmportal.ui.managerequests.view.NewRequestsap.m.Button{\"propertyName\":\"text\",\"key\":\"save\"}"}]}
RESULT: {"script":"<script> [1562 bytes]","args":[{"selector":{"controlType":"sap.m.Button","viewName":"etm.portal.ui.managerequests.view.NewRequest","i18NText":{"propertyName":"text","key":"save"},"searchOpenDialogs":true,"interaction":{"idSuffix":"BDI-content"}},"wdio_ui5_key":"etmportal.ui.managerequests.view.NewRequestsap.m.Button{\"propertyName\":\"text\",\"key\":\"save\"}"}]}
RESULT: undefined
COMMAND: POST /session/3a666e1e6263059a660801b53c4ba30d/element - {"using":"xpath","value":"//*[@id=\"__button87\"]"}
RESULT: {"using":"xpath","value":"//*[@id=\"__button87\"]"}
COMMAND: POST /session/3a666e1e6263059a660801b53c4ba30d/element/f.35BA612EB9C2194724D060812FEF357B.d.B3DA9359AF1176A3566298E9243CD456.e.8596/click - {}
RESULT: {}
COMMAND: GET /session/3a666e1e6263059a660801b53c4ba30d/screenshot - {}
RESULT: {}
COMMAND: POST /session/3a666e1e6263059a660801b53c4ba30d/execute/async - {"script":"<script> [1562 bytes]","args":[{"selector":{"controlType":"sap.m.Button","viewName":"etm.portal.ui.managerequests.view.NewRequest","i18NText":{"propertyName":"tooltip","key":"save"},"interaction":{"idSuffix":"content"}},"wdio_ui5_key":"etmportal.ui.managerequests.view.NewRequestsap.m.Button{\"propertyName\":\"tooltip\",\"key\":\"save\"}"}]}
RESULT: {"script":"<script> [1562 bytes]","args":[{"selector":{"controlType":"sap.m.Button","viewName":"etm.portal.ui.managerequests.view.NewRequest","i18NText":{"propertyName":"tooltip","key":"save"},"interaction":{"idSuffix":"content"}},"wdio_ui5_key":"etmportal.ui.managerequests.view.NewRequestsap.m.Button{\"propertyName\":\"tooltip\",\"key\":\"save\"}"}]}
RESULT: undefined
COMMAND: POST /session/3a666e1e6263059a660801b53c4ba30d/element - {"using":"xpath","value":"//*[@id=\"__button78\"]"}
RESULT: {"using":"xpath","value":"//*[@id=\"__button78\"]"}
COMMAND: POST /session/3a666e1e6263059a660801b53c4ba30d/element/f.35BA612EB9C2194724D060812FEF357B.d.B3DA9359AF1176A3566298E9243CD456.e.8373/click - {}
RESULT: {}
COMMAND: GET /session/3a666e1e6263059a660801b53c4ba30d/screenshot - {}
RESULT: {}
COMMAND: POST /session/3a666e1e6263059a660801b53c4ba30d/execute/async - {"script":"<script> [1562 bytes]","args":[{"selector":{"controlType":"sap.m.Title","properties":{"text":"Success"},"searchOpenDialogs":true},"wdio_ui5_key":"sapm.Title{\"text\":\"Success\"}"}]}
RESULT: {"script":"<script> [1562 bytes]","args":[{"selector":{"controlType":"sap.m.Title","properties":{"text":"Success"},"searchOpenDialogs":true},"wdio_ui5_key":"sapm.Title{\"text\":\"Success\"}"}]}
RESULT: undefined
COMMAND: POST /session/3a666e1e6263059a660801b53c4ba30d/execute/async - {"script":"<script> [6424 bytes]","args":[{"element-6066-11e4-a52e-4f735466cecf":"f.35BA612EB9C2194724D060812FEF357B.d.B3DA9359AF1176A3566298E9243CD456.e.8601"},"getText",[]]}
RESULT: {"script":"<script> [6424 bytes]","args":[{"element-6066-11e4-a52e-4f735466cecf":"f.35BA612EB9C2194724D060812FEF357B.d.B3DA9359AF1176A3566298E9243CD456.e.8601"},"getText",[]]}
COMMAND: POST /session/3a666e1e6263059a660801b53c4ba30d/execute/async - {"script":"<script> [1562 bytes]","args":[{"selector":{"controlType":"sap.m.Button","properties":{"text":"Close"},"searchOpenDialogs":true,"interaction":{"idSuffix":"BDI-content"}},"wdio_ui5_key":"sapm.Button{\"text\":\"Close\"}"}]}
RESULT: {"script":"<script> [1562 bytes]","args":[{"selector":{"controlType":"sap.m.Button","properties":{"text":"Close"},"searchOpenDialogs":true,"interaction":{"idSuffix":"BDI-content"}},"wdio_ui5_key":"sapm.Button{\"text\":\"Close\"}"}]}
RESULT: undefined
COMMAND: POST /session/3a666e1e6263059a660801b53c4ba30d/element - {"using":"xpath","value":"//*[@id=\"__mbox-btn-0\"]"}
RESULT: {"using":"xpath","value":"//*[@id=\"__mbox-btn-0\"]"}
COMMAND: POST /session/3a666e1e6263059a660801b53c4ba30d/element/f.35BA612EB9C2194724D060812FEF357B.d.B3DA9359AF1176A3566298E9243CD456.e.8600/click - {}
RESULT: {}
COMMAND: GET /session/3a666e1e6263059a660801b53c4ba30d/screenshot - {}
RESULT: {}
COMMAND: POST /session/3a666e1e6263059a660801b53c4ba30d/execute/async - {"script":"<script> [1562 bytes]","args":[{"selector":{"controlType":"sap.m.Button","viewName":"etm.portal.ui.managerequests.view.Detail","i18NText":{"propertyName":"text","key":"requestSpecifications"},"interaction":{"idSuffix":"BDI-content"}},"wdio_ui5_key":"etmportal.ui.managerequests.view.Detailsap.m.Button{\"propertyName\":\"text\",\"key\":\"requestSpecifications\"}"}]}
RESULT: {"script":"<script> [1562 bytes]","args":[{"selector":{"controlType":"sap.m.Button","viewName":"etm.portal.ui.managerequests.view.Detail","i18NText":{"propertyName":"text","key":"requestSpecifications"},"interaction":{"idSuffix":"BDI-content"}},"wdio_ui5_key":"etmportal.ui.managerequests.view.Detailsap.m.Button{\"propertyName\":\"text\",\"key\":\"requestSpecifications\"}"}]}
RESULT: undefined
COMMAND: POST /session/3a666e1e6263059a660801b53c4ba30d/element - {"using":"xpath","value":"//*[@id=\"__button103-__clone1926\"]"}
RESULT: {"using":"xpath","value":"//*[@id=\"__button103-__clone1926\"]"}
COMMAND: POST /session/3a666e1e6263059a660801b53c4ba30d/element/f.35BA612EB9C2194724D060812FEF357B.d.B3DA9359AF1176A3566298E9243CD456.e.8720/click - {}
RESULT: {}
COMMAND: GET /session/3a666e1e6263059a660801b53c4ba30d/screenshot - {}
RESULT: {}
COMMAND: POST /session/3a666e1e6263059a660801b53c4ba30d/element - {"using":"xpath","value":"//input[@value=\"blue\"]"}
RESULT: {"using":"xpath","value":"//input[@value=\"blue\"]"}
COMMAND: POST /session/3a666e1e6263059a660801b53c4ba30d/elements - {"using":"xpath","value":"//input[@value=\"blue\"]"}
RESULT: {"using":"xpath","value":"//input[@value=\"blue\"]"}
COMMAND: POST /session/3a666e1e6263059a660801b53c4ba30d/execute/async - {"script":"<script> [1562 bytes]","args":[{"selector":{"id":"cancelRequestSpecificationsButton","viewName":"etm.portal.ui.managerequests.view.Detail","searchOpenDialogs":true,"interaction":{"idSuffix":"BDI-content"}},"wdio_ui5_key":"cancelRequestSpecificationsButtonetmportal.ui.managerequests.view.Detail"}]}
RESULT: {"script":"<script> [1562 bytes]","args":[{"selector":{"id":"cancelRequestSpecificationsButton","viewName":"etm.portal.ui.managerequests.view.Detail","searchOpenDialogs":true,"interaction":{"idSuffix":"BDI-content"}},"wdio_ui5_key":"cancelRequestSpecificationsButtonetmportal.ui.managerequests.view.Detail"}]}
RESULT: undefined
COMMAND: POST /session/3a666e1e6263059a660801b53c4ba30d/element - {"using":"xpath","value":"//*[@id=\"__xmlview60--cancelRequestSpecificationsButton\"]"}
RESULT: {"using":"xpath","value":"//*[@id=\"__xmlview60--cancelRequestSpecificationsButton\"]"}
COMMAND: POST /session/3a666e1e6263059a660801b53c4ba30d/element/f.35BA612EB9C2194724D060812FEF357B.d.B3DA9359AF1176A3566298E9243CD456.e.8733/click - {}
RESULT: {}
COMMAND: POST /session/3a666e1e6263059a660801b53c4ba30d/element - {"using":"css selector","value":"#shell-header-logo"}
COMMAND: GET /session/3a666e1e6263059a660801b53c4ba30d/screenshot - {}
RESULT: {"using":"css selector","value":"#shell-header-logo"}
COMMAND: POST /session/3a666e1e6263059a660801b53c4ba30d/element/f.35BA612EB9C2194724D060812FEF357B.d.B3DA9359AF1176A3566298E9243CD456.e.8116/click - {}
RESULT: {}
RESULT: {}
COMMAND: GET /session/3a666e1e6263059a660801b53c4ba30d/screenshot - {}
RESULT: {}
]]></system-out>
    </testcase>
  </testsuite>
  <testsuite timestamp="2025-05-21T16:15:08" time="395.621" tests="3" failures="0" errors="0" skipped="0">
    <properties>
      <property name="specId" value="0"/>
      <property name="suiteName" value="Reserve/Unreserve request item via reserve option US139161"/>
      <property name="capabilities" value="chrome.136_0_7103_93.windows"/>
      <property name="file" value="file:///D:/a/1/s/test/specs/R2C/reserve-unreserve-request-item-via-reserve-option.spec.js"/>
    </properties>
    <testcase classname="chrome.136_0_7103_93.windows.Reserve/Unreserve_request_item_via_reserve_option_US139161" name="Should add the material to the catalog item" time="97.424">
      <system-out><![CDATA[
COMMAND: POST /session/3a666e1e6263059a660801b53c4ba30d/execute/async - {"script":"<script> [1562 bytes]","args":[{"selector":{"controlType":"sap.m.GenericTile","properties":{"header":"Manage Catalogs"}},"wdio_ui5_key":"sapm.GenericTile{\"header\":\"Manage Catalogs\"}"}]}
RESULT: {"script":"<script> [1562 bytes]","args":[{"selector":{"controlType":"sap.m.GenericTile","properties":{"header":"Manage Catalogs"}},"wdio_ui5_key":"sapm.GenericTile{\"header\":\"Manage Catalogs\"}"}]}
RESULT: undefined
COMMAND: POST /session/3a666e1e6263059a660801b53c4ba30d/element - {"using":"xpath","value":"//*[@id=\"__tile37\"]"}
RESULT: {"using":"xpath","value":"//*[@id=\"__tile37\"]"}
COMMAND: POST /session/3a666e1e6263059a660801b53c4ba30d/element/f.35BA612EB9C2194724D060812FEF357B.d.B3DA9359AF1176A3566298E9243CD456.e.8740/click - {}
RESULT: {}
COMMAND: GET /session/3a666e1e6263059a660801b53c4ba30d/screenshot - {}
RESULT: {}
COMMAND: POST /session/3a666e1e6263059a660801b53c4ba30d/elements - {"using":"xpath","value":"//span[text()='Error']"}
RESULT: {"using":"xpath","value":"//span[text()='Error']"}
COMMAND: POST /session/3a666e1e6263059a660801b53c4ba30d/execute/async - {"script":"<script> [1562 bytes]","args":[{"selector":{"controlType":"sap.m.Text","viewName":"etm.portal.ui.managecatalogs.view.MasterCatalogs","viewId":"application-managecatalogs-display-component---masterCatalogs","bindingPath":{"path":"/Catalogs('0D7502D073D53A0F1700BE067B89AFF9')","propertyPath":"DESCRIPTION","modelName":"catalogModel"}},"wdio_ui5_key":"etmportal.ui.managecatalogs.view.MasterCatalogssap.m.Text{\"path\":\"/Catalogs('0D7502D073D53A0F1700BE067B89AFF9')\",\"propertyPath\":\"DESCRIPTION\",\"modelName\":\"catalogModel\"}"}]}
RESULT: {"script":"<script> [1562 bytes]","args":[{"selector":{"controlType":"sap.m.Text","viewName":"etm.portal.ui.managecatalogs.view.MasterCatalogs","viewId":"application-managecatalogs-display-component---masterCatalogs","bindingPath":{"path":"/Catalogs('0D7502D073D53A0F1700BE067B89AFF9')","propertyPath":"DESCRIPTION","modelName":"catalogModel"}},"wdio_ui5_key":"etmportal.ui.managecatalogs.view.MasterCatalogssap.m.Text{\"path\":\"/Catalogs('0D7502D073D53A0F1700BE067B89AFF9')\",\"propertyPath\":\"DESCRIPTION\",\"modelName\":\"catalogModel\"}"}]}
RESULT: undefined
COMMAND: POST /session/3a666e1e6263059a660801b53c4ba30d/element - {"using":"xpath","value":"//*[@id=\"__text678-application-managecatalogs-display-component---masterCatalogs--CatalogsTable-11\"]"}
RESULT: {"using":"xpath","value":"//*[@id=\"__text678-application-managecatalogs-display-component---masterCatalogs--CatalogsTable-11\"]"}
COMMAND: POST /session/3a666e1e6263059a660801b53c4ba30d/element/f.35BA612EB9C2194724D060812FEF357B.d.B3DA9359AF1176A3566298E9243CD456.e.8809/click - {}
RESULT: {}
RESULT: undefined
COMMAND: POST /session/3a666e1e6263059a660801b53c4ba30d/execute/async - {"script":"<script> [776 bytes]","args":[{"enterText":"catalogItemxgqvwh","selector":{"id":"application-managecatalogs-display-component---masterCatalogItems--searchItemsField","interaction":{"idSuffix":"I"}},"clearTextFirst":true,"interactionType":"ENTER_TEXT"}]}
COMMAND: GET /session/3a666e1e6263059a660801b53c4ba30d/screenshot - {}
RESULT: {"script":"<script> [776 bytes]","args":[{"enterText":"catalogItemxgqvwh","selector":{"id":"application-managecatalogs-display-component---masterCatalogItems--searchItemsField","interaction":{"idSuffix":"I"}},"clearTextFirst":true,"interactionType":"ENTER_TEXT"}]}
COMMAND: POST /session/3a666e1e6263059a660801b53c4ba30d/actions - {"actions":[{"id":"action59","type":"key","parameters":{},"actions":[{"type":"keyDown","value":""},{"type":"pause","duration":10},{"type":"keyUp","value":""}]}]}
RESULT: {}
RESULT: {"actions":[{"id":"action59","type":"key","parameters":{},"actions":[{"type":"keyDown","value":""},{"type":"pause","duration":10},{"type":"keyUp","value":""}]}]}
COMMAND: POST /session/3a666e1e6263059a660801b53c4ba30d/element - {"using":"xpath","value":"(//span[contains(text(), \"catalogItemxgqvwh\")])[1]"}
COMMAND: GET /session/3a666e1e6263059a660801b53c4ba30d/screenshot - {}
RESULT: {"using":"xpath","value":"(//span[contains(text(), \"catalogItemxgqvwh\")])[1]"}
COMMAND: POST /session/3a666e1e6263059a660801b53c4ba30d/element/f.35BA612EB9C2194724D060812FEF357B.d.B3DA9359AF1176A3566298E9243CD456.e.8847/click - {}
RESULT: {}
RESULT: {}
COMMAND: GET /session/3a666e1e6263059a660801b53c4ba30d/screenshot - {}
RESULT: {}
COMMAND: POST /session/3a666e1e6263059a660801b53c4ba30d/element - {"using":"xpath","value":"//*[contains(@id ,\"BDI-content\")][contains(text(), \"Edit\")]"}
RESULT: {"using":"xpath","value":"//*[contains(@id ,\"BDI-content\")][contains(text(), \"Edit\")]"}
COMMAND: POST /session/3a666e1e6263059a660801b53c4ba30d/element/f.35BA612EB9C2194724D060812FEF357B.d.B3DA9359AF1176A3566298E9243CD456.e.8917/click - {}
RESULT: {}
COMMAND: GET /session/3a666e1e6263059a660801b53c4ba30d/screenshot - {}
RESULT: {}
COMMAND: POST /session/3a666e1e6263059a660801b53c4ba30d/element - {"using":"xpath","value":"//bdi[contains(text(), \"Assigned Resources\")]"}
RESULT: {"using":"xpath","value":"//bdi[contains(text(), \"Assigned Resources\")]"}
COMMAND: POST /session/3a666e1e6263059a660801b53c4ba30d/element/f.35BA612EB9C2194724D060812FEF357B.d.B3DA9359AF1176A3566298E9243CD456.e.8951/click - {}
RESULT: {}
COMMAND: GET /session/3a666e1e6263059a660801b53c4ba30d/screenshot - {}
RESULT: {}
COMMAND: POST /session/3a666e1e6263059a660801b53c4ba30d/element - {"using":"xpath","value":"//button[contains(@data-kt ,\"catalogItemAssignRuButton\")]"}
RESULT: {"using":"xpath","value":"//button[contains(@data-kt ,\"catalogItemAssignRuButton\")]"}
COMMAND: POST /session/3a666e1e6263059a660801b53c4ba30d/element/f.35BA612EB9C2194724D060812FEF357B.d.B3DA9359AF1176A3566298E9243CD456.e.8959/click - {}
RESULT: {}
COMMAND: GET /session/3a666e1e6263059a660801b53c4ba30d/screenshot - {}
RESULT: {}
COMMAND: POST /session/3a666e1e6263059a660801b53c4ba30d/actions - {"actions":[{"id":"action60","type":"key","parameters":{},"actions":[{"type":"keyDown","value":""},{"type":"pause","duration":10},{"type":"keyUp","value":""}]}]}
RESULT: {"actions":[{"id":"action60","type":"key","parameters":{},"actions":[{"type":"keyDown","value":""},{"type":"pause","duration":10},{"type":"keyUp","value":""}]}]}
COMMAND: GET /session/3a666e1e6263059a660801b53c4ba30d/screenshot - {}
RESULT: {}
COMMAND: POST /session/3a666e1e6263059a660801b53c4ba30d/execute/async - {"script":"<script> [1562 bytes]","args":[{"selector":{"id":"application-managecatalogs-display-component---detailCatalog--assignRUSearchField-vhi","searchOpenDialogs":true},"wdio_ui5_key":"applicationmanagecatalogs-display-component---detailCatalog--assignRUSearchField-vhi"}]}
RESULT: {"script":"<script> [1562 bytes]","args":[{"selector":{"id":"application-managecatalogs-display-component---detailCatalog--assignRUSearchField-vhi","searchOpenDialogs":true},"wdio_ui5_key":"applicationmanagecatalogs-display-component---detailCatalog--assignRUSearchField-vhi"}]}
RESULT: undefined
COMMAND: POST /session/3a666e1e6263059a660801b53c4ba30d/element - {"using":"xpath","value":"//*[@id=\"application-managecatalogs-display-component---detailCatalog--assignRUSearchField-vhi\"]"}
RESULT: {"using":"xpath","value":"//*[@id=\"application-managecatalogs-display-component---detailCatalog--assignRUSearchField-vhi\"]"}
COMMAND: POST /session/3a666e1e6263059a660801b53c4ba30d/element/f.35BA612EB9C2194724D060812FEF357B.d.B3DA9359AF1176A3566298E9243CD456.e.8977/click - {}
RESULT: {}
COMMAND: GET /session/3a666e1e6263059a660801b53c4ba30d/screenshot - {}
RESULT: {}
COMMAND: POST /session/3a666e1e6263059a660801b53c4ba30d/element - {"using":"xpath","value":"//input[contains(@id ,\"searchField-I\")]"}
RESULT: {"using":"xpath","value":"//input[contains(@id ,\"searchField-I\")]"}
COMMAND: POST /session/3a666e1e6263059a660801b53c4ba30d/element/f.35BA612EB9C2194724D060812FEF357B.d.B3DA9359AF1176A3566298E9243CD456.e.8979/clear - {}
RESULT: {}
COMMAND: POST /session/3a666e1e6263059a660801b53c4ba30d/element/f.35BA612EB9C2194724D060812FEF357B.d.B3DA9359AF1176A3566298E9243CD456.e.8979/value - {"text":"WebdriverRUR2Cm7jjkj"}
COMMAND: GET /session/3a666e1e6263059a660801b53c4ba30d/screenshot - {}
RESULT: {"text":"WebdriverRUR2Cm7jjkj"}
COMMAND: GET /session/3a666e1e6263059a660801b53c4ba30d/screenshot - {}
RESULT: {}
RESULT: {}
COMMAND: POST /session/3a666e1e6263059a660801b53c4ba30d/actions - {"actions":[{"id":"action61","type":"key","parameters":{},"actions":[{"type":"keyDown","value":""},{"type":"pause","duration":10},{"type":"keyUp","value":""}]}]}
RESULT: {"actions":[{"id":"action61","type":"key","parameters":{},"actions":[{"type":"keyDown","value":""},{"type":"pause","duration":10},{"type":"keyUp","value":""}]}]}
COMMAND: GET /session/3a666e1e6263059a660801b53c4ba30d/screenshot - {}
COMMAND: POST /session/3a666e1e6263059a660801b53c4ba30d/actions - {"actions":[{"id":"action62","type":"key","parameters":{},"actions":[{"type":"keyDown","value":""},{"type":"pause","duration":10},{"type":"keyUp","value":""}]}]}
RESULT: {}
RESULT: {"actions":[{"id":"action62","type":"key","parameters":{},"actions":[{"type":"keyDown","value":""},{"type":"pause","duration":10},{"type":"keyUp","value":""}]}]}
COMMAND: GET /session/3a666e1e6263059a660801b53c4ba30d/screenshot - {}
RESULT: {}
COMMAND: POST /session/3a666e1e6263059a660801b53c4ba30d/actions - {"actions":[{"id":"action63","type":"key","parameters":{},"actions":[{"type":"keyDown","value":""},{"type":"pause","duration":10},{"type":"keyUp","value":""}]}]}
RESULT: {"actions":[{"id":"action63","type":"key","parameters":{},"actions":[{"type":"keyDown","value":""},{"type":"pause","duration":10},{"type":"keyUp","value":""}]}]}
COMMAND: GET /session/3a666e1e6263059a660801b53c4ba30d/screenshot - {}
RESULT: {}
COMMAND: POST /session/3a666e1e6263059a660801b53c4ba30d/element - {"using":"xpath","value":"//bdi[contains(@id ,\"application-managecatalogs-display-component---detailCatalog--RUAssignmentSaveButton-BDI-content\")]"}
RESULT: {"using":"xpath","value":"//bdi[contains(@id ,\"application-managecatalogs-display-component---detailCatalog--RUAssignmentSaveButton-BDI-content\")]"}
COMMAND: POST /session/3a666e1e6263059a660801b53c4ba30d/element/f.35BA612EB9C2194724D060812FEF357B.d.B3DA9359AF1176A3566298E9243CD456.e.8996/click - {}
RESULT: {}
COMMAND: GET /session/3a666e1e6263059a660801b53c4ba30d/screenshot - {}
RESULT: {}
COMMAND: POST /session/3a666e1e6263059a660801b53c4ba30d/element - {"using":"xpath","value":"//bdi[contains(text(), \"Save\")]"}
RESULT: {"using":"xpath","value":"//bdi[contains(text(), \"Save\")]"}
COMMAND: POST /session/3a666e1e6263059a660801b53c4ba30d/element/f.35BA612EB9C2194724D060812FEF357B.d.B3DA9359AF1176A3566298E9243CD456.e.9015/click - {}
RESULT: {}
COMMAND: GET /session/3a666e1e6263059a660801b53c4ba30d/screenshot - {}
RESULT: {}
COMMAND: POST /session/3a666e1e6263059a660801b53c4ba30d/element - {"using":"css selector","value":"#shell-header-logo"}
RESULT: {"using":"css selector","value":"#shell-header-logo"}
COMMAND: POST /session/3a666e1e6263059a660801b53c4ba30d/element/f.35BA612EB9C2194724D060812FEF357B.d.B3DA9359AF1176A3566298E9243CD456.e.8744/click - {}
RESULT: {}
COMMAND: GET /session/3a666e1e6263059a660801b53c4ba30d/screenshot - {}
RESULT: {}
COMMAND: POST /session/3a666e1e6263059a660801b53c4ba30d/refresh - {}
RESULT: {}
COMMAND: GET /session/3a666e1e6263059a660801b53c4ba30d/screenshot - {}
RESULT: {}
COMMAND: POST /session/3a666e1e6263059a660801b53c4ba30d/execute/async - {"script":"<script> [189 bytes]","args":[]}
RESULT: {"script":"<script> [189 bytes]","args":[]}
COMMAND: POST /session/3a666e1e6263059a660801b53c4ba30d/execute/async - {"script":"<script> [123 bytes]","args":[]}
RESULT: {"script":"<script> [123 bytes]","args":[]}
COMMAND: POST /session/3a666e1e6263059a660801b53c4ba30d/timeouts - {"script":"<number>"}
RESULT: {"script":"<number>"}
COMMAND: GET /session/3a666e1e6263059a660801b53c4ba30d/timeouts - {}
RESULT: {}
RESULT: undefined
COMMAND: POST /session/3a666e1e6263059a660801b53c4ba30d/execute/async - {"script":"<script> [2676 bytes]","args":[]}
RESULT: {"script":"<script> [2676 bytes]","args":[]}
COMMAND: POST /session/3a666e1e6263059a660801b53c4ba30d/execute/async - {"script":"<script> [2342 bytes]","args":[{"protocol":"http","hostname":"0.0.0.0","path":"/","capabilities":{"browserName":"chrome","goog:chromeOptions":{"binary":"C:\\Program Files\\Google\\Chrome\\Application\\chrome.exe","args":["--start-maximized"]}},"logLevel":"warn","connectionRetryTimeout":120000,"connectionRetryCount":3,"logLevels":{},"enableDirectConnect":true,"strictSSL":true,"_":"65 more keys: [\"cacheDir\",\"port\",\"requestedCapabilities\",\"automationProtocol\",\"baseUrl\",\"waitforInterval\",\"waitforTimeout\",\"onReload\",\"beforeCommand\",\"afterCommand\",\"rootDir\",\"specs\",\"suites\",\"exclude\",\"groupLogsByTestSpec\",\"excludeDriverLogs\",\"bail\",\"framework\",\"reporters\",\"services\",\"maxInstances\",\"maxInstancesPerCapability\",\"injectGlobals\",\"filesToWatch\",\"execArgv\",\"runnerEnv\",\"runner\",\"shard\",\"specFileRetries\",\"specFileRetriesDelay\",\"specFileRetriesDeferred\",\"reporterSyncInterval\",\"reporterSyncTimeout\",\"cucumberFeaturesWithLineNumbers\",\"autoCompileOpts\",\"mochaOpts\",\"jasmineOpts\",\"cucumberOpts\",\"onPrepare\",\"onWorkerStart\",\"onWorkerEnd\",\"before\",\"beforeSession\",\"beforeSuite\",\"beforeHook\",\"beforeTest\",\"afterTest\",\"afterHook\",\"afterSuite\",\"afterSession\",\"after\",\"onComplete\",\"beforeAssertion\",\"afterAssertion\",\"beforeFeature\",\"beforeScenario\",\"beforeStep\",\"afterStep\",\"afterScenario\",\"afterFeature\",\"_\",\"suite\",\"$0\",\"ignoredWorkerServices\",\"wdi5\"]"}]}
RESULT: {"script":"<script> [2342 bytes]","args":[{"protocol":"http","hostname":"0.0.0.0","path":"/","capabilities":{"browserName":"chrome","goog:chromeOptions":{"binary":"C:\\Program Files\\Google\\Chrome\\Application\\chrome.exe","args":["--start-maximized"]}},"logLevel":"warn","connectionRetryTimeout":120000,"connectionRetryCount":3,"logLevels":{},"enableDirectConnect":true,"strictSSL":true,"_":"65 more keys: [\"cacheDir\",\"port\",\"requestedCapabilities\",\"automationProtocol\",\"baseUrl\",\"waitforInterval\",\"waitforTimeout\",\"onReload\",\"beforeCommand\",\"afterCommand\",\"rootDir\",\"specs\",\"suites\",\"exclude\",\"groupLogsByTestSpec\",\"excludeDriverLogs\",\"bail\",\"framework\",\"reporters\",\"services\",\"maxInstances\",\"maxInstancesPerCapability\",\"injectGlobals\",\"filesToWatch\",\"execArgv\",\"runnerEnv\",\"runner\",\"shard\",\"specFileRetries\",\"specFileRetriesDelay\",\"specFileRetriesDeferred\",\"reporterSyncInterval\",\"reporterSyncTimeout\",\"cucumberFeaturesWithLineNumbers\",\"autoCompileOpts\",\"mochaOpts\",\"jasmineOpts\",\"cucumberOpts\",\"onPrepare\",\"onWorkerStart\",\"onWorkerEnd\",\"before\",\"beforeSession\",\"beforeSuite\",\"beforeHook\",\"beforeTest\",\"afterTest\",\"afterHook\",\"afterSuite\",\"afterSession\",\"after\",\"onComplete\",\"beforeAssertion\",\"afterAssertion\",\"beforeFeature\",\"beforeScenario\",\"beforeStep\",\"afterStep\",\"afterScenario\",\"afterFeature\",\"_\",\"suite\",\"$0\",\"ignoredWorkerServices\",\"wdi5\"]"}]}
COMMAND: POST /session/3a666e1e6263059a660801b53c4ba30d/execute/async - {"script":"<script> [21126 bytes]","args":[35000]}
RESULT: {"script":"<script> [21126 bytes]","args":[35000]}
]]></system-out>
    </testcase>
    <testcase classname="chrome.136_0_7103_93.windows.Reserve/Unreserve_request_item_via_reserve_option_US139161" name="Should create a new request with a catalog item that can be planned" time="186.714">
      <system-out><![CDATA[
COMMAND: POST /session/3a666e1e6263059a660801b53c4ba30d/execute/async - {"script":"<script> [1562 bytes]","args":[{"selector":{"controlType":"sap.m.GenericTile","properties":{"header":"Manage Requests"}},"wdio_ui5_key":"sapm.GenericTile{\"header\":\"Manage Requests\"}"}]}
RESULT: {"script":"<script> [1562 bytes]","args":[{"selector":{"controlType":"sap.m.GenericTile","properties":{"header":"Manage Requests"}},"wdio_ui5_key":"sapm.GenericTile{\"header\":\"Manage Requests\"}"}]}
RESULT: undefined
COMMAND: POST /session/3a666e1e6263059a660801b53c4ba30d/element - {"using":"xpath","value":"//*[@id=\"__tile47\"]"}
RESULT: {"using":"xpath","value":"//*[@id=\"__tile47\"]"}
COMMAND: POST /session/3a666e1e6263059a660801b53c4ba30d/element/f.35BA612EB9C2194724D060812FEF357B.d.93DAD8C77BDD701CA1EDB8BE5FC1B023.e.9055/click - {}
RESULT: {}
COMMAND: GET /session/3a666e1e6263059a660801b53c4ba30d/screenshot - {}
RESULT: {}
COMMAND: POST /session/3a666e1e6263059a660801b53c4ba30d/elements - {"using":"xpath","value":"//span[text()='Error']"}
RESULT: {"using":"xpath","value":"//span[text()='Error']"}
COMMAND: POST /session/3a666e1e6263059a660801b53c4ba30d/element - {"using":"xpath","value":"//button[contains(@data-kt ,\"btnCreateNewOverflowToolbarButton\")]"}
COMMAND: POST /session/3a666e1e6263059a660801b53c4ba30d/element - {"using":"xpath","value":"(//span[contains(@class ,\"sapMObjStatusText\")])[1]"}
RESULT: {"using":"xpath","value":"//button[contains(@data-kt ,\"btnCreateNewOverflowToolbarButton\")]"}
COMMAND: POST /session/3a666e1e6263059a660801b53c4ba30d/element/f.35BA612EB9C2194724D060812FEF357B.d.93DAD8C77BDD701CA1EDB8BE5FC1B023.e.9112/click - {}
RESULT: {"using":"xpath","value":"(//span[contains(@class ,\"sapMObjStatusText\")])[1]"}
COMMAND: POST /session/3a666e1e6263059a660801b53c4ba30d/execute/sync - {"script":"<script> [8489 bytes]","args":[{"element-6066-11e4-a52e-4f735466cecf":"f.35BA612EB9C2194724D060812FEF357B.d.93DAD8C77BDD701CA1EDB8BE5FC1B023.e.9156","ELEMENT":"f.35BA612EB9C2194724D060812FEF357B.d.93DAD8C77BDD701CA1EDB8BE5FC1B023.e.9156"}]}
RESULT: {}
COMMAND: GET /session/3a666e1e6263059a660801b53c4ba30d/screenshot - {}
RESULT: {"script":"<script> [8489 bytes]","args":[{"element-6066-11e4-a52e-4f735466cecf":"f.35BA612EB9C2194724D060812FEF357B.d.93DAD8C77BDD701CA1EDB8BE5FC1B023.e.9156","ELEMENT":"f.35BA612EB9C2194724D060812FEF357B.d.93DAD8C77BDD701CA1EDB8BE5FC1B023.e.9156"}]}
COMMAND: GET /session/3a666e1e6263059a660801b53c4ba30d/screenshot - {}
RESULT: {}
RESULT: {}
COMMAND: POST /session/3a666e1e6263059a660801b53c4ba30d/element - {"using":"xpath","value":"//input[contains(@id ,\"yardId-inner\")]"}
RESULT: {"using":"xpath","value":"//input[contains(@id ,\"yardId-inner\")]"}
COMMAND: POST /session/3a666e1e6263059a660801b53c4ba30d/execute/sync - {"script":"<script> [8489 bytes]","args":[{"element-6066-11e4-a52e-4f735466cecf":"f.35BA612EB9C2194724D060812FEF357B.d.93DAD8C77BDD701CA1EDB8BE5FC1B023.e.9240","ELEMENT":"f.35BA612EB9C2194724D060812FEF357B.d.93DAD8C77BDD701CA1EDB8BE5FC1B023.e.9240"}]}
RESULT: {"script":"<script> [8489 bytes]","args":[{"element-6066-11e4-a52e-4f735466cecf":"f.35BA612EB9C2194724D060812FEF357B.d.93DAD8C77BDD701CA1EDB8BE5FC1B023.e.9240","ELEMENT":"f.35BA612EB9C2194724D060812FEF357B.d.93DAD8C77BDD701CA1EDB8BE5FC1B023.e.9240"}]}
COMMAND: POST /session/3a666e1e6263059a660801b53c4ba30d/element - {"using":"xpath","value":"//input[contains(@id ,\"yardId-inner\")]"}
COMMAND: GET /session/3a666e1e6263059a660801b53c4ba30d/screenshot - {}
RESULT: {"using":"xpath","value":"//input[contains(@id ,\"yardId-inner\")]"}
COMMAND: GET /session/3a666e1e6263059a660801b53c4ba30d/element/f.35BA612EB9C2194724D060812FEF357B.d.93DAD8C77BDD701CA1EDB8BE5FC1B023.e.9240/enabled - {}
RESULT: {}
RESULT: {}
COMMAND: POST /session/3a666e1e6263059a660801b53c4ba30d/element/f.35BA612EB9C2194724D060812FEF357B.d.93DAD8C77BDD701CA1EDB8BE5FC1B023.e.9240/clear - {}
COMMAND: GET /session/3a666e1e6263059a660801b53c4ba30d/screenshot - {}
RESULT: {}
COMMAND: POST /session/3a666e1e6263059a660801b53c4ba30d/element/f.35BA612EB9C2194724D060812FEF357B.d.93DAD8C77BDD701CA1EDB8BE5FC1B023.e.9240/value - {"text":"WebdriverYardv16ue"}
COMMAND: GET /session/3a666e1e6263059a660801b53c4ba30d/screenshot - {}
RESULT: {}
RESULT: {"text":"WebdriverYardv16ue"}
COMMAND: GET /session/3a666e1e6263059a660801b53c4ba30d/screenshot - {}
RESULT: {}
RESULT: {}
COMMAND: POST /session/3a666e1e6263059a660801b53c4ba30d/element - {"using":"xpath","value":"//input[contains(@id ,\"customerNumber-inner\")]"}
RESULT: {"using":"xpath","value":"//input[contains(@id ,\"customerNumber-inner\")]"}
COMMAND: POST /session/3a666e1e6263059a660801b53c4ba30d/element/f.35BA612EB9C2194724D060812FEF357B.d.93DAD8C77BDD701CA1EDB8BE5FC1B023.e.9236/value - {"text":"WebdriverPartner1231fg"}
COMMAND: POST /session/3a666e1e6263059a660801b53c4ba30d/actions - {"actions":[{"id":"action64","type":"key","parameters":{},"actions":[{"type":"keyDown","value":""},{"type":"pause","duration":10},{"type":"keyUp","value":""}]}]}
RESULT: {"actions":[{"id":"action64","type":"key","parameters":{},"actions":[{"type":"keyDown","value":""},{"type":"pause","duration":10},{"type":"keyUp","value":""}]}]}
COMMAND: GET /session/3a666e1e6263059a660801b53c4ba30d/screenshot - {}
RESULT: {"text":"WebdriverPartner1231fg"}
COMMAND: GET /session/3a666e1e6263059a660801b53c4ba30d/screenshot - {}
RESULT: {}
RESULT: {}
COMMAND: POST /session/3a666e1e6263059a660801b53c4ba30d/actions - {"actions":[{"id":"action65","type":"key","parameters":{},"actions":[{"type":"keyDown","value":""},{"type":"pause","duration":10},{"type":"keyUp","value":""}]}]}
RESULT: {"actions":[{"id":"action65","type":"key","parameters":{},"actions":[{"type":"keyDown","value":""},{"type":"pause","duration":10},{"type":"keyUp","value":""}]}]}
COMMAND: GET /session/3a666e1e6263059a660801b53c4ba30d/screenshot - {}
RESULT: {}
COMMAND: GET /session/3a666e1e6263059a660801b53c4ba30d/element/f.35BA612EB9C2194724D060812FEF357B.d.93DAD8C77BDD701CA1EDB8BE5FC1B023.e.9236/property/value - {}
RESULT: {}
COMMAND: POST /session/3a666e1e6263059a660801b53c4ba30d/element/f.35BA612EB9C2194724D060812FEF357B.d.93DAD8C77BDD701CA1EDB8BE5FC1B023.e.9236/value - {"text":"WebdriverPartner1231fg"}
COMMAND: GET /session/3a666e1e6263059a660801b53c4ba30d/screenshot - {}
RESULT: {"text":"WebdriverPartner1231fg"}
COMMAND: GET /session/3a666e1e6263059a660801b53c4ba30d/screenshot - {}
RESULT: {}
RESULT: {}
COMMAND: POST /session/3a666e1e6263059a660801b53c4ba30d/actions - {"actions":[{"id":"action66","type":"key","parameters":{},"actions":[{"type":"keyDown","value":""},{"type":"pause","duration":10},{"type":"keyUp","value":""}]}]}
RESULT: {"actions":[{"id":"action66","type":"key","parameters":{},"actions":[{"type":"keyDown","value":""},{"type":"pause","duration":10},{"type":"keyUp","value":""}]}]}
COMMAND: GET /session/3a666e1e6263059a660801b53c4ba30d/screenshot - {}
RESULT: {}
COMMAND: POST /session/3a666e1e6263059a660801b53c4ba30d/element - {"using":"xpath","value":"//input[contains(@id ,\"requestSiteId-inner\")]"}
RESULT: {"using":"xpath","value":"//input[contains(@id ,\"requestSiteId-inner\")]"}
COMMAND: POST /session/3a666e1e6263059a660801b53c4ba30d/element/f.35BA612EB9C2194724D060812FEF357B.d.93DAD8C77BDD701CA1EDB8BE5FC1B023.e.9235/value - {"text":"WebdriverSiteegvc"}
RESULT: {"text":"WebdriverSiteegvc"}
COMMAND: GET /session/3a666e1e6263059a660801b53c4ba30d/screenshot - {}
RESULT: {}
COMMAND: POST /session/3a666e1e6263059a660801b53c4ba30d/actions - {"actions":[{"id":"action67","type":"key","parameters":{},"actions":[{"type":"keyDown","value":""},{"type":"pause","duration":10},{"type":"keyUp","value":""}]}]}
RESULT: {"actions":[{"id":"action67","type":"key","parameters":{},"actions":[{"type":"keyDown","value":""},{"type":"pause","duration":10},{"type":"keyUp","value":""}]}]}
COMMAND: GET /session/3a666e1e6263059a660801b53c4ba30d/screenshot - {}
RESULT: {}
COMMAND: POST /session/3a666e1e6263059a660801b53c4ba30d/element - {"using":"xpath","value":"//button[contains(@data-kt ,\"requestItemAddOverflowToolbarButton\")]"}
RESULT: {"using":"xpath","value":"//button[contains(@data-kt ,\"requestItemAddOverflowToolbarButton\")]"}
COMMAND: POST /session/3a666e1e6263059a660801b53c4ba30d/element/f.35BA612EB9C2194724D060812FEF357B.d.93DAD8C77BDD701CA1EDB8BE5FC1B023.e.9434/click - {}
RESULT: {}
COMMAND: GET /session/3a666e1e6263059a660801b53c4ba30d/screenshot - {}
COMMAND: POST /session/3a666e1e6263059a660801b53c4ba30d/actions - {"actions":[{"id":"action68","type":"key","parameters":{},"actions":[{"type":"keyDown","value":""},{"type":"pause","duration":10},{"type":"keyUp","value":""}]}]}
RESULT: {}
RESULT: {"actions":[{"id":"action68","type":"key","parameters":{},"actions":[{"type":"keyDown","value":""},{"type":"pause","duration":10},{"type":"keyUp","value":""}]}]}
COMMAND: POST /session/3a666e1e6263059a660801b53c4ba30d/actions - {"actions":[{"id":"action69","type":"key","parameters":{},"actions":[{"type":"keyDown","value":""},{"type":"pause","duration":10},{"type":"keyUp","value":""}]}]}
COMMAND: GET /session/3a666e1e6263059a660801b53c4ba30d/screenshot - {}
RESULT: {"actions":[{"id":"action69","type":"key","parameters":{},"actions":[{"type":"keyDown","value":""},{"type":"pause","duration":10},{"type":"keyUp","value":""}]}]}
COMMAND: POST /session/3a666e1e6263059a660801b53c4ba30d/element - {"using":"xpath","value":"(//input[contains(@id ,\"requestItemsTable-0-inner\")])[1]"}
COMMAND: GET /session/3a666e1e6263059a660801b53c4ba30d/screenshot - {}
RESULT: {}
RESULT: {"using":"xpath","value":"(//input[contains(@id ,\"requestItemsTable-0-inner\")])[1]"}
COMMAND: POST /session/3a666e1e6263059a660801b53c4ba30d/element/f.35BA612EB9C2194724D060812FEF357B.d.93DAD8C77BDD701CA1EDB8BE5FC1B023.e.9438/clear - {}
RESULT: {}
RESULT: {}
COMMAND: POST /session/3a666e1e6263059a660801b53c4ba30d/element/f.35BA612EB9C2194724D060812FEF357B.d.93DAD8C77BDD701CA1EDB8BE5FC1B023.e.9438/value - {"text":"catalogItemxgqvwh"}
COMMAND: GET /session/3a666e1e6263059a660801b53c4ba30d/screenshot - {}
RESULT: {"text":"catalogItemxgqvwh"}
COMMAND: GET /session/3a666e1e6263059a660801b53c4ba30d/screenshot - {}
RESULT: {}
RESULT: {}
COMMAND: POST /session/3a666e1e6263059a660801b53c4ba30d/actions - {"actions":[{"id":"action70","type":"key","parameters":{},"actions":[{"type":"keyDown","value":""},{"type":"pause","duration":10},{"type":"keyUp","value":""}]}]}
RESULT: {"actions":[{"id":"action70","type":"key","parameters":{},"actions":[{"type":"keyDown","value":""},{"type":"pause","duration":10},{"type":"keyUp","value":""}]}]}
COMMAND: GET /session/3a666e1e6263059a660801b53c4ba30d/screenshot - {}
RESULT: {}
COMMAND: POST /session/3a666e1e6263059a660801b53c4ba30d/execute/async - {"script":"<script> [1562 bytes]","args":[{"selector":{"controlType":"sap.ui.core.Icon","viewName":"etm.portal.ui.managerequests.view.NewRequest","properties":{"src":{"regex":{"source":"slim\\-arrow\\-down"}}},"ancestor":{"controlType":"sap.m.Button","viewName":"etm.portal.ui.managerequests.view.NewRequest","properties":{"icon":"sap-icon://slim-arrow-down"}}},"wdio_ui5_key":"etmportal.ui.managerequests.view.NewRequestsap.ui.core.Icon{\"src\":{\"regex\":{\"source\":\"slim\\\\-arrow\\\\-down\"}}}{\"controlType\":\"sap.m.Button\",\"viewName\":\"etm.portal.ui.managerequests.view.NewRequest\",\"properties\":{\"icon\":\"sap-icon://slim-arrow-down\"}}"}]}
RESULT: {"script":"<script> [1562 bytes]","args":[{"selector":{"controlType":"sap.ui.core.Icon","viewName":"etm.portal.ui.managerequests.view.NewRequest","properties":{"src":{"regex":{"source":"slim\\-arrow\\-down"}}},"ancestor":{"controlType":"sap.m.Button","viewName":"etm.portal.ui.managerequests.view.NewRequest","properties":{"icon":"sap-icon://slim-arrow-down"}}},"wdio_ui5_key":"etmportal.ui.managerequests.view.NewRequestsap.ui.core.Icon{\"src\":{\"regex\":{\"source\":\"slim\\\\-arrow\\\\-down\"}}}{\"controlType\":\"sap.m.Button\",\"viewName\":\"etm.portal.ui.managerequests.view.NewRequest\",\"properties\":{\"icon\":\"sap-icon://slim-arrow-down\"}}"}]}
RESULT: undefined
COMMAND: POST /session/3a666e1e6263059a660801b53c4ba30d/element - {"using":"xpath","value":"//div[contains(@data-kt ,\"splitAllocationObjectStatus\")]"}
RESULT: {"using":"xpath","value":"//div[contains(@data-kt ,\"splitAllocationObjectStatus\")]"}
COMMAND: POST /session/3a666e1e6263059a660801b53c4ba30d/elements - {"using":"xpath","value":"//div[contains(@data-kt ,\"splitAllocationObjectStatus\")]"}
RESULT: {"using":"xpath","value":"//div[contains(@data-kt ,\"splitAllocationObjectStatus\")]"}
COMMAND: POST /session/3a666e1e6263059a660801b53c4ba30d/execute/async - {"script":"<script> [1562 bytes]","args":[{"selector":{"controlType":"sap.ui.core.Icon","viewName":"etm.portal.ui.managerequests.view.NewRequest","properties":{"src":{"regex":{"source":"message\\-error"}}}},"wdio_ui5_key":"etmportal.ui.managerequests.view.NewRequestsap.ui.core.Icon{\"src\":{\"regex\":{\"source\":\"message\\\\-error\"}}}"}]}
RESULT: {"script":"<script> [1562 bytes]","args":[{"selector":{"controlType":"sap.ui.core.Icon","viewName":"etm.portal.ui.managerequests.view.NewRequest","properties":{"src":{"regex":{"source":"message\\-error"}}}},"wdio_ui5_key":"etmportal.ui.managerequests.view.NewRequestsap.ui.core.Icon{\"src\":{\"regex\":{\"source\":\"message\\\\-error\"}}}"}]}
RESULT: undefined
COMMAND: POST /session/3a666e1e6263059a660801b53c4ba30d/element - {"using":"xpath","value":"//*[@id=\"__status4-__xmlview59--requestItemsTable-0-icon\"]"}
RESULT: {"using":"xpath","value":"//*[@id=\"__status4-__xmlview59--requestItemsTable-0-icon\"]"}
COMMAND: POST /session/3a666e1e6263059a660801b53c4ba30d/element/f.35BA612EB9C2194724D060812FEF357B.d.93DAD8C77BDD701CA1EDB8BE5FC1B023.e.9454/click - {}
RESULT: {}
COMMAND: POST /session/3a666e1e6263059a660801b53c4ba30d/execute/async - {"script":"<script> [1562 bytes]","args":[{"selector":{"controlType":"sap.ui.core.Icon","viewName":"etm.portal.ui.managerequests.view.NewRequest","properties":{"src":{"regex":{"source":"slim\\-arrow\\-down"}}},"searchOpenDialogs":true,"ancestor":{"id":"costObjectAdminTypeComboBox","viewName":"etm.portal.ui.managerequests.view.NewRequest","searchOpenDialogs":true}},"wdio_ui5_key":"etmportal.ui.managerequests.view.NewRequestsap.ui.core.Icon{\"src\":{\"regex\":{\"source\":\"slim\\\\-arrow\\\\-down\"}}}{\"id\":\"costObjectAdminTypeComboBox\",\"viewName\":\"etm.portal.ui.managerequests.view.NewRequest\",\"searchOpenDialogs\":true}"}]}
COMMAND: GET /session/3a666e1e6263059a660801b53c4ba30d/screenshot - {}
RESULT: {"script":"<script> [1562 bytes]","args":[{"selector":{"controlType":"sap.ui.core.Icon","viewName":"etm.portal.ui.managerequests.view.NewRequest","properties":{"src":{"regex":{"source":"slim\\-arrow\\-down"}}},"searchOpenDialogs":true,"ancestor":{"id":"costObjectAdminTypeComboBox","viewName":"etm.portal.ui.managerequests.view.NewRequest","searchOpenDialogs":true}},"wdio_ui5_key":"etmportal.ui.managerequests.view.NewRequestsap.ui.core.Icon{\"src\":{\"regex\":{\"source\":\"slim\\\\-arrow\\\\-down\"}}}{\"id\":\"costObjectAdminTypeComboBox\",\"viewName\":\"etm.portal.ui.managerequests.view.NewRequest\",\"searchOpenDialogs\":true}"}]}
RESULT: undefined
COMMAND: POST /session/3a666e1e6263059a660801b53c4ba30d/element - {"using":"xpath","value":"//*[@id=\"__xmlview59--costObjectAdminTypeComboBox-arrow\"]"}
RESULT: {}
RESULT: {"using":"xpath","value":"//*[@id=\"__xmlview59--costObjectAdminTypeComboBox-arrow\"]"}
COMMAND: POST /session/3a666e1e6263059a660801b53c4ba30d/element/f.35BA612EB9C2194724D060812FEF357B.d.93DAD8C77BDD701CA1EDB8BE5FC1B023.e.9458/click - {}
RESULT: {}
COMMAND: POST /session/3a666e1e6263059a660801b53c4ba30d/execute/async - {"script":"<script> [1562 bytes]","args":[{"selector":{"controlType":"sap.m.StandardListItem","viewName":"etm.portal.ui.managerequests.view.NewRequest","properties":{"title":"Cost Center"},"searchOpenDialogs":true,"interaction":{"idSuffix":"titleText"}},"wdio_ui5_key":"etmportal.ui.managerequests.view.NewRequestsap.m.StandardListItem{\"title\":\"Cost Center\"}"}]}
COMMAND: GET /session/3a666e1e6263059a660801b53c4ba30d/screenshot - {}
RESULT: {"script":"<script> [1562 bytes]","args":[{"selector":{"controlType":"sap.m.StandardListItem","viewName":"etm.portal.ui.managerequests.view.NewRequest","properties":{"title":"Cost Center"},"searchOpenDialogs":true,"interaction":{"idSuffix":"titleText"}},"wdio_ui5_key":"etmportal.ui.managerequests.view.NewRequestsap.m.StandardListItem{\"title\":\"Cost Center\"}"}]}
RESULT: undefined
COMMAND: POST /session/3a666e1e6263059a660801b53c4ba30d/element - {"using":"xpath","value":"//*[@id=\"__item811\"]"}
RESULT: {}
RESULT: {"using":"xpath","value":"//*[@id=\"__item811\"]"}
COMMAND: POST /session/3a666e1e6263059a660801b53c4ba30d/element/f.35BA612EB9C2194724D060812FEF357B.d.93DAD8C77BDD701CA1EDB8BE5FC1B023.e.9461/click - {}
RESULT: {}
COMMAND: GET /session/3a666e1e6263059a660801b53c4ba30d/screenshot - {}
RESULT: {}
COMMAND: POST /session/3a666e1e6263059a660801b53c4ba30d/execute/async - {"script":"<script> [1562 bytes]","args":[{"selector":{"controlType":"sap.ui.core.Icon","viewName":"etm.portal.ui.managerequests.view.NewRequest","properties":{"src":{"regex":{"source":"value\\-help"}}},"searchOpenDialogs":true},"wdio_ui5_key":"etmportal.ui.managerequests.view.NewRequestsap.ui.core.Icon{\"src\":{\"regex\":{\"source\":\"value\\\\-help\"}}}"}]}
RESULT: {"script":"<script> [1562 bytes]","args":[{"selector":{"controlType":"sap.ui.core.Icon","viewName":"etm.portal.ui.managerequests.view.NewRequest","properties":{"src":{"regex":{"source":"value\\-help"}}},"searchOpenDialogs":true},"wdio_ui5_key":"etmportal.ui.managerequests.view.NewRequestsap.ui.core.Icon{\"src\":{\"regex\":{\"source\":\"value\\\\-help\"}}}"}]}
RESULT: undefined
COMMAND: POST /session/3a666e1e6263059a660801b53c4ba30d/element - {"using":"xpath","value":"//*[@id=\"__xmlview59--costObjectIdComboBox-vhi\"]"}
RESULT: {"using":"xpath","value":"//*[@id=\"__xmlview59--costObjectIdComboBox-vhi\"]"}
COMMAND: POST /session/3a666e1e6263059a660801b53c4ba30d/element/f.35BA612EB9C2194724D060812FEF357B.d.93DAD8C77BDD701CA1EDB8BE5FC1B023.e.9469/click - {}
RESULT: {}
COMMAND: POST /session/3a666e1e6263059a660801b53c4ba30d/execute/async - {"script":"<script> [1562 bytes]","args":[{"selector":{"controlType":"sap.m.SearchField","properties":{"placeholder":"Search"},"searchOpenDialogs":true,"interaction":{"idSuffix":"I"}},"wdio_ui5_key":"sapm.SearchField{\"placeholder\":\"Search\"}"}]}
COMMAND: GET /session/3a666e1e6263059a660801b53c4ba30d/screenshot - {}
RESULT: {"script":"<script> [1562 bytes]","args":[{"selector":{"controlType":"sap.m.SearchField","properties":{"placeholder":"Search"},"searchOpenDialogs":true,"interaction":{"idSuffix":"I"}},"wdio_ui5_key":"sapm.SearchField{\"placeholder\":\"Search\"}"}]}
RESULT: undefined
COMMAND: POST /session/3a666e1e6263059a660801b53c4ba30d/execute/async - {"script":"<script> [776 bytes]","args":[{"enterText":"10001010","selector":{"controlType":"sap.m.SearchField","properties":{"placeholder":"Search"},"searchOpenDialogs":true,"interaction":{"idSuffix":"I"}},"clearTextFirst":true,"interactionType":"ENTER_TEXT"}]}
RESULT: {}
RESULT: {"script":"<script> [776 bytes]","args":[{"enterText":"10001010","selector":{"controlType":"sap.m.SearchField","properties":{"placeholder":"Search"},"searchOpenDialogs":true,"interaction":{"idSuffix":"I"}},"clearTextFirst":true,"interactionType":"ENTER_TEXT"}]}
COMMAND: POST /session/3a666e1e6263059a660801b53c4ba30d/actions - {"actions":[{"id":"action71","type":"key","parameters":{},"actions":[{"type":"keyDown","value":""},{"type":"pause","duration":10},{"type":"keyUp","value":""}]}]}
RESULT: {"actions":[{"id":"action71","type":"key","parameters":{},"actions":[{"type":"keyDown","value":""},{"type":"pause","duration":10},{"type":"keyUp","value":""}]}]}
COMMAND: GET /session/3a666e1e6263059a660801b53c4ba30d/screenshot - {}
RESULT: {}
COMMAND: POST /session/3a666e1e6263059a660801b53c4ba30d/execute/async - {"script":"<script> [1562 bytes]","args":[{"selector":{"controlType":"sap.m.Text","bindingPath":{"path":"/C_CostCtrValueHelp(CostCenter='10001010',ControllingArea='Z001')","propertyPath":"CostCenterName","modelName":"CostCenterModel"},"searchOpenDialogs":true},"wdio_ui5_key":"sapm.Text{\"path\":\"/C_CostCtrValueHelp(CostCenter='10001010',ControllingArea='Z001')\",\"propertyPath\":\"CostCenterName\",\"modelName\":\"CostCenterModel\"}"}]}
RESULT: {"script":"<script> [1562 bytes]","args":[{"selector":{"controlType":"sap.m.Text","bindingPath":{"path":"/C_CostCtrValueHelp(CostCenter='10001010',ControllingArea='Z001')","propertyPath":"CostCenterName","modelName":"CostCenterModel"},"searchOpenDialogs":true},"wdio_ui5_key":"sapm.Text{\"path\":\"/C_CostCtrValueHelp(CostCenter='10001010',ControllingArea='Z001')\",\"propertyPath\":\"CostCenterName\",\"modelName\":\"CostCenterModel\"}"}]}
RESULT: undefined
COMMAND: POST /session/3a666e1e6263059a660801b53c4ba30d/element - {"using":"xpath","value":"//*[@id=\"__text287-__clone957\"]"}
RESULT: {"using":"xpath","value":"//*[@id=\"__text287-__clone957\"]"}
COMMAND: POST /session/3a666e1e6263059a660801b53c4ba30d/element/f.35BA612EB9C2194724D060812FEF357B.d.93DAD8C77BDD701CA1EDB8BE5FC1B023.e.9509/click - {}
RESULT: {}
COMMAND: POST /session/3a666e1e6263059a660801b53c4ba30d/execute/async - {"script":"<script> [1562 bytes]","args":[{"selector":{"controlType":"sap.m.Button","properties":{"text":"OK"},"searchOpenDialogs":true,"interaction":{"idSuffix":"BDI-content"}},"wdio_ui5_key":"sapm.Button{\"text\":\"OK\"}"}]}
COMMAND: GET /session/3a666e1e6263059a660801b53c4ba30d/screenshot - {}
RESULT: {"script":"<script> [1562 bytes]","args":[{"selector":{"controlType":"sap.m.Button","properties":{"text":"OK"},"searchOpenDialogs":true,"interaction":{"idSuffix":"BDI-content"}},"wdio_ui5_key":"sapm.Button{\"text\":\"OK\"}"}]}
RESULT: undefined
COMMAND: POST /session/3a666e1e6263059a660801b53c4ba30d/element - {"using":"xpath","value":"//*[@id=\"__dialog1-ok\"]"}
RESULT: {}
RESULT: {"using":"xpath","value":"//*[@id=\"__dialog1-ok\"]"}
COMMAND: POST /session/3a666e1e6263059a660801b53c4ba30d/element/f.35BA612EB9C2194724D060812FEF357B.d.93DAD8C77BDD701CA1EDB8BE5FC1B023.e.9511/click - {}
RESULT: {}
COMMAND: GET /session/3a666e1e6263059a660801b53c4ba30d/screenshot - {}
RESULT: {}
COMMAND: POST /session/3a666e1e6263059a660801b53c4ba30d/execute/async - {"script":"<script> [1562 bytes]","args":[{"selector":{"controlType":"sap.m.Button","viewName":"etm.portal.ui.managerequests.view.NewRequest","i18NText":{"propertyName":"text","key":"save"},"searchOpenDialogs":true,"interaction":{"idSuffix":"BDI-content"}},"wdio_ui5_key":"etmportal.ui.managerequests.view.NewRequestsap.m.Button{\"propertyName\":\"text\",\"key\":\"save\"}"}]}
RESULT: {"script":"<script> [1562 bytes]","args":[{"selector":{"controlType":"sap.m.Button","viewName":"etm.portal.ui.managerequests.view.NewRequest","i18NText":{"propertyName":"text","key":"save"},"searchOpenDialogs":true,"interaction":{"idSuffix":"BDI-content"}},"wdio_ui5_key":"etmportal.ui.managerequests.view.NewRequestsap.m.Button{\"propertyName\":\"text\",\"key\":\"save\"}"}]}
RESULT: undefined
COMMAND: POST /session/3a666e1e6263059a660801b53c4ba30d/element - {"using":"xpath","value":"//*[@id=\"__button22\"]"}
RESULT: {"using":"xpath","value":"//*[@id=\"__button22\"]"}
COMMAND: POST /session/3a666e1e6263059a660801b53c4ba30d/element/f.35BA612EB9C2194724D060812FEF357B.d.93DAD8C77BDD701CA1EDB8BE5FC1B023.e.9515/click - {}
RESULT: {}
COMMAND: GET /session/3a666e1e6263059a660801b53c4ba30d/screenshot - {}
RESULT: {}
COMMAND: POST /session/3a666e1e6263059a660801b53c4ba30d/element - {"using":"xpath","value":"(//bdi[contains(text() ,\"Save\")])[1]"}
RESULT: {"using":"xpath","value":"(//bdi[contains(text() ,\"Save\")])[1]"}
COMMAND: POST /session/3a666e1e6263059a660801b53c4ba30d/element/f.35BA612EB9C2194724D060812FEF357B.d.93DAD8C77BDD701CA1EDB8BE5FC1B023.e.9517/click - {}
RESULT: {}
COMMAND: GET /session/3a666e1e6263059a660801b53c4ba30d/screenshot - {}
RESULT: {}
COMMAND: POST /session/3a666e1e6263059a660801b53c4ba30d/execute/async - {"script":"<script> [1562 bytes]","args":[{"selector":{"controlType":"sap.m.Title","properties":{"text":"Success"},"searchOpenDialogs":true},"wdio_ui5_key":"sapm.Title{\"text\":\"Success\"}"}]}
RESULT: {"script":"<script> [1562 bytes]","args":[{"selector":{"controlType":"sap.m.Title","properties":{"text":"Success"},"searchOpenDialogs":true},"wdio_ui5_key":"sapm.Title{\"text\":\"Success\"}"}]}
RESULT: undefined
COMMAND: POST /session/3a666e1e6263059a660801b53c4ba30d/execute/async - {"script":"<script> [6424 bytes]","args":[{"element-6066-11e4-a52e-4f735466cecf":"f.35BA612EB9C2194724D060812FEF357B.d.93DAD8C77BDD701CA1EDB8BE5FC1B023.e.9521"},"getText",[]]}
RESULT: {"script":"<script> [6424 bytes]","args":[{"element-6066-11e4-a52e-4f735466cecf":"f.35BA612EB9C2194724D060812FEF357B.d.93DAD8C77BDD701CA1EDB8BE5FC1B023.e.9521"},"getText",[]]}
COMMAND: POST /session/3a666e1e6263059a660801b53c4ba30d/execute/async - {"script":"<script> [1562 bytes]","args":[{"selector":{"controlType":"sap.m.Button","properties":{"text":"Close"},"searchOpenDialogs":true,"interaction":{"idSuffix":"BDI-content"}},"wdio_ui5_key":"sapm.Button{\"text\":\"Close\"}"}]}
RESULT: {"script":"<script> [1562 bytes]","args":[{"selector":{"controlType":"sap.m.Button","properties":{"text":"Close"},"searchOpenDialogs":true,"interaction":{"idSuffix":"BDI-content"}},"wdio_ui5_key":"sapm.Button{\"text\":\"Close\"}"}]}
RESULT: undefined
COMMAND: POST /session/3a666e1e6263059a660801b53c4ba30d/element - {"using":"xpath","value":"//*[@id=\"__mbox-btn-0\"]"}
RESULT: {"using":"xpath","value":"//*[@id=\"__mbox-btn-0\"]"}
COMMAND: POST /session/3a666e1e6263059a660801b53c4ba30d/element/f.35BA612EB9C2194724D060812FEF357B.d.93DAD8C77BDD701CA1EDB8BE5FC1B023.e.9520/click - {}
RESULT: {}
COMMAND: GET /session/3a666e1e6263059a660801b53c4ba30d/screenshot - {}
RESULT: {}
]]></system-out>
    </testcase>
    <testcase classname="chrome.136_0_7103_93.windows.Reserve/Unreserve_request_item_via_reserve_option_US139161" name="Should navigate to planning board and reserve the resource" time="106.014">
      <system-out><![CDATA[
COMMAND: POST /session/3a666e1e6263059a660801b53c4ba30d/execute/async - {"script":"<script> [1562 bytes]","args":[{"selector":{"controlType":"sap.m.Button","viewName":"etm.portal.ui.managerequests.view.Detail","i18NText":{"propertyName":"text","key":"planningSituation"},"interaction":{"idSuffix":"BDI-content"}},"wdio_ui5_key":"etmportal.ui.managerequests.view.Detailsap.m.Button{\"propertyName\":\"text\",\"key\":\"planningSituation\"}"}]}
RESULT: {"script":"<script> [1562 bytes]","args":[{"selector":{"controlType":"sap.m.Button","viewName":"etm.portal.ui.managerequests.view.Detail","i18NText":{"propertyName":"text","key":"planningSituation"},"interaction":{"idSuffix":"BDI-content"}},"wdio_ui5_key":"etmportal.ui.managerequests.view.Detailsap.m.Button{\"propertyName\":\"text\",\"key\":\"planningSituation\"}"}]}
RESULT: undefined
COMMAND: POST /session/3a666e1e6263059a660801b53c4ba30d/element - {"using":"xpath","value":"//*[@id=\"__button25\"]"}
RESULT: {"using":"xpath","value":"//*[@id=\"__button25\"]"}
COMMAND: POST /session/3a666e1e6263059a660801b53c4ba30d/element/f.35BA612EB9C2194724D060812FEF357B.d.93DAD8C77BDD701CA1EDB8BE5FC1B023.e.9541/click - {}
RESULT: {}
COMMAND: GET /session/3a666e1e6263059a660801b53c4ba30d/screenshot - {}
RESULT: {}
COMMAND: POST /session/3a666e1e6263059a660801b53c4ba30d/element - {"using":"xpath","value":"(//span[contains(@title ,\"WebdriverYardv16ue\")])[1]"}
RESULT: {"using":"xpath","value":"(//span[contains(@title ,\"WebdriverYardv16ue\")])[1]"}
COMMAND: POST /session/3a666e1e6263059a660801b53c4ba30d/elements - {"using":"xpath","value":"(//span[contains(@title ,\"WebdriverYardv16ue\")])[1]"}
RESULT: {"using":"xpath","value":"(//span[contains(@title ,\"WebdriverYardv16ue\")])[1]"}
COMMAND: POST /session/3a666e1e6263059a660801b53c4ba30d/elements - {"using":"xpath","value":"(//span[contains(@title ,\"WebdriverYardv16ue\")])[1]"}
RESULT: {"using":"xpath","value":"(//span[contains(@title ,\"WebdriverYardv16ue\")])[1]"}
COMMAND: POST /session/3a666e1e6263059a660801b53c4ba30d/elements - {"using":"xpath","value":"(//span[contains(@title ,\"WebdriverYardv16ue\")])[1]"}
RESULT: {"using":"xpath","value":"(//span[contains(@title ,\"WebdriverYardv16ue\")])[1]"}
COMMAND: POST /session/3a666e1e6263059a660801b53c4ba30d/elements - {"using":"xpath","value":"(//span[contains(@title ,\"WebdriverYardv16ue\")])[1]"}
RESULT: {"using":"xpath","value":"(//span[contains(@title ,\"WebdriverYardv16ue\")])[1]"}
COMMAND: POST /session/3a666e1e6263059a660801b53c4ba30d/elements - {"using":"xpath","value":"(//span[contains(@title ,\"WebdriverYardv16ue\")])[1]"}
RESULT: {"using":"xpath","value":"(//span[contains(@title ,\"WebdriverYardv16ue\")])[1]"}
COMMAND: POST /session/3a666e1e6263059a660801b53c4ba30d/elements - {"using":"xpath","value":"(//span[contains(@title ,\"WebdriverYardv16ue\")])[1]"}
RESULT: {"using":"xpath","value":"(//span[contains(@title ,\"WebdriverYardv16ue\")])[1]"}
COMMAND: POST /session/3a666e1e6263059a660801b53c4ba30d/elements - {"using":"xpath","value":"(//span[contains(@title ,\"WebdriverYardv16ue\")])[1]"}
RESULT: {"using":"xpath","value":"(//span[contains(@title ,\"WebdriverYardv16ue\")])[1]"}
COMMAND: POST /session/3a666e1e6263059a660801b53c4ba30d/elements - {"using":"xpath","value":"(//span[contains(@title ,\"WebdriverYardv16ue\")])[1]"}
RESULT: {"using":"xpath","value":"(//span[contains(@title ,\"WebdriverYardv16ue\")])[1]"}
COMMAND: POST /session/3a666e1e6263059a660801b53c4ba30d/elements - {"using":"xpath","value":"(//span[contains(@title ,\"WebdriverYardv16ue\")])[1]"}
RESULT: {"using":"xpath","value":"(//span[contains(@title ,\"WebdriverYardv16ue\")])[1]"}
COMMAND: POST /session/3a666e1e6263059a660801b53c4ba30d/elements - {"using":"xpath","value":"(//span[contains(@title ,\"WebdriverYardv16ue\")])[1]"}
RESULT: {"using":"xpath","value":"(//span[contains(@title ,\"WebdriverYardv16ue\")])[1]"}
COMMAND: POST /session/3a666e1e6263059a660801b53c4ba30d/elements - {"using":"xpath","value":"(//span[contains(@title ,\"WebdriverYardv16ue\")])[1]"}
RESULT: {"using":"xpath","value":"(//span[contains(@title ,\"WebdriverYardv16ue\")])[1]"}
COMMAND: POST /session/3a666e1e6263059a660801b53c4ba30d/elements - {"using":"xpath","value":"(//span[contains(@title ,\"WebdriverYardv16ue\")])[1]"}
RESULT: {"using":"xpath","value":"(//span[contains(@title ,\"WebdriverYardv16ue\")])[1]"}
COMMAND: POST /session/3a666e1e6263059a660801b53c4ba30d/elements - {"using":"xpath","value":"(//span[contains(@title ,\"WebdriverYardv16ue\")])[1]"}
RESULT: {"using":"xpath","value":"(//span[contains(@title ,\"WebdriverYardv16ue\")])[1]"}
COMMAND: POST /session/3a666e1e6263059a660801b53c4ba30d/elements - {"using":"xpath","value":"(//span[contains(@title ,\"WebdriverYardv16ue\")])[1]"}
RESULT: {"using":"xpath","value":"(//span[contains(@title ,\"WebdriverYardv16ue\")])[1]"}
COMMAND: POST /session/3a666e1e6263059a660801b53c4ba30d/elements - {"using":"xpath","value":"(//span[contains(@title ,\"WebdriverYardv16ue\")])[1]"}
RESULT: {"using":"xpath","value":"(//span[contains(@title ,\"WebdriverYardv16ue\")])[1]"}
COMMAND: POST /session/3a666e1e6263059a660801b53c4ba30d/elements - {"using":"xpath","value":"(//span[contains(@title ,\"WebdriverYardv16ue\")])[1]"}
RESULT: {"using":"xpath","value":"(//span[contains(@title ,\"WebdriverYardv16ue\")])[1]"}
COMMAND: POST /session/3a666e1e6263059a660801b53c4ba30d/elements - {"using":"xpath","value":"(//span[contains(@title ,\"WebdriverYardv16ue\")])[1]"}
RESULT: {"using":"xpath","value":"(//span[contains(@title ,\"WebdriverYardv16ue\")])[1]"}
COMMAND: POST /session/3a666e1e6263059a660801b53c4ba30d/elements - {"using":"xpath","value":"(//span[contains(@title ,\"WebdriverYardv16ue\")])[1]"}
RESULT: {"using":"xpath","value":"(//span[contains(@title ,\"WebdriverYardv16ue\")])[1]"}
COMMAND: POST /session/3a666e1e6263059a660801b53c4ba30d/elements - {"using":"xpath","value":"(//span[contains(@title ,\"WebdriverYardv16ue\")])[1]"}
RESULT: {"using":"xpath","value":"(//span[contains(@title ,\"WebdriverYardv16ue\")])[1]"}
COMMAND: POST /session/3a666e1e6263059a660801b53c4ba30d/elements - {"using":"xpath","value":"(//span[contains(@title ,\"WebdriverYardv16ue\")])[1]"}
RESULT: {"using":"xpath","value":"(//span[contains(@title ,\"WebdriverYardv16ue\")])[1]"}
COMMAND: POST /session/3a666e1e6263059a660801b53c4ba30d/elements - {"using":"xpath","value":"(//span[contains(@title ,\"WebdriverYardv16ue\")])[1]"}
RESULT: {"using":"xpath","value":"(//span[contains(@title ,\"WebdriverYardv16ue\")])[1]"}
COMMAND: POST /session/3a666e1e6263059a660801b53c4ba30d/elements - {"using":"xpath","value":"(//span[contains(@title ,\"WebdriverYardv16ue\")])[1]"}
RESULT: {"using":"xpath","value":"(//span[contains(@title ,\"WebdriverYardv16ue\")])[1]"}
COMMAND: POST /session/3a666e1e6263059a660801b53c4ba30d/elements - {"using":"xpath","value":"(//span[contains(@title ,\"WebdriverYardv16ue\")])[1]"}
RESULT: {"using":"xpath","value":"(//span[contains(@title ,\"WebdriverYardv16ue\")])[1]"}
COMMAND: POST /session/3a666e1e6263059a660801b53c4ba30d/elements - {"using":"xpath","value":"(//span[contains(@title ,\"WebdriverYardv16ue\")])[1]"}
RESULT: {"using":"xpath","value":"(//span[contains(@title ,\"WebdriverYardv16ue\")])[1]"}
COMMAND: POST /session/3a666e1e6263059a660801b53c4ba30d/elements - {"using":"xpath","value":"(//span[contains(@title ,\"WebdriverYardv16ue\")])[1]"}
RESULT: {"using":"xpath","value":"(//span[contains(@title ,\"WebdriverYardv16ue\")])[1]"}
COMMAND: POST /session/3a666e1e6263059a660801b53c4ba30d/elements - {"using":"xpath","value":"(//span[contains(@title ,\"WebdriverYardv16ue\")])[1]"}
RESULT: {"using":"xpath","value":"(//span[contains(@title ,\"WebdriverYardv16ue\")])[1]"}
COMMAND: POST /session/3a666e1e6263059a660801b53c4ba30d/elements - {"using":"xpath","value":"(//span[contains(@title ,\"WebdriverYardv16ue\")])[1]"}
RESULT: {"using":"xpath","value":"(//span[contains(@title ,\"WebdriverYardv16ue\")])[1]"}
COMMAND: POST /session/3a666e1e6263059a660801b53c4ba30d/elements - {"using":"xpath","value":"(//span[contains(@title ,\"WebdriverYardv16ue\")])[1]"}
RESULT: {"using":"xpath","value":"(//span[contains(@title ,\"WebdriverYardv16ue\")])[1]"}
COMMAND: POST /session/3a666e1e6263059a660801b53c4ba30d/elements - {"using":"xpath","value":"(//span[contains(@title ,\"WebdriverYardv16ue\")])[1]"}
RESULT: {"using":"xpath","value":"(//span[contains(@title ,\"WebdriverYardv16ue\")])[1]"}
COMMAND: POST /session/3a666e1e6263059a660801b53c4ba30d/elements - {"using":"xpath","value":"(//span[contains(@title ,\"WebdriverYardv16ue\")])[1]"}
RESULT: {"using":"xpath","value":"(//span[contains(@title ,\"WebdriverYardv16ue\")])[1]"}
COMMAND: POST /session/3a666e1e6263059a660801b53c4ba30d/elements - {"using":"xpath","value":"(//span[contains(@title ,\"WebdriverYardv16ue\")])[1]"}
RESULT: {"using":"xpath","value":"(//span[contains(@title ,\"WebdriverYardv16ue\")])[1]"}
COMMAND: POST /session/3a666e1e6263059a660801b53c4ba30d/elements - {"using":"xpath","value":"(//span[contains(@title ,\"WebdriverYardv16ue\")])[1]"}
RESULT: {"using":"xpath","value":"(//span[contains(@title ,\"WebdriverYardv16ue\")])[1]"}
COMMAND: POST /session/3a666e1e6263059a660801b53c4ba30d/elements - {"using":"xpath","value":"(//span[contains(@title ,\"WebdriverYardv16ue\")])[1]"}
RESULT: {"using":"xpath","value":"(//span[contains(@title ,\"WebdriverYardv16ue\")])[1]"}
COMMAND: POST /session/3a666e1e6263059a660801b53c4ba30d/element - {"using":"xpath","value":"(//span[contains(@title ,\"WebdriverYardv16ue\")])[1]"}
RESULT: {"using":"xpath","value":"(//span[contains(@title ,\"WebdriverYardv16ue\")])[1]"}
COMMAND: POST /session/3a666e1e6263059a660801b53c4ba30d/execute/sync - {"script":"<script> [8489 bytes]","args":[{"element-6066-11e4-a52e-4f735466cecf":"f.35BA612EB9C2194724D060812FEF357B.d.93DAD8C77BDD701CA1EDB8BE5FC1B023.e.9996","ELEMENT":"f.35BA612EB9C2194724D060812FEF357B.d.93DAD8C77BDD701CA1EDB8BE5FC1B023.e.9996"}]}
RESULT: {"script":"<script> [8489 bytes]","args":[{"element-6066-11e4-a52e-4f735466cecf":"f.35BA612EB9C2194724D060812FEF357B.d.93DAD8C77BDD701CA1EDB8BE5FC1B023.e.9996","ELEMENT":"f.35BA612EB9C2194724D060812FEF357B.d.93DAD8C77BDD701CA1EDB8BE5FC1B023.e.9996"}]}
COMMAND: POST /session/3a666e1e6263059a660801b53c4ba30d/element - {"using":"xpath","value":"(//span[contains(@title ,\"WebdriverYardv16ue\")])[1]"}
COMMAND: GET /session/3a666e1e6263059a660801b53c4ba30d/screenshot - {}
RESULT: {"using":"xpath","value":"(//span[contains(@title ,\"WebdriverYardv16ue\")])[1]"}
COMMAND: POST /session/3a666e1e6263059a660801b53c4ba30d/actions - {"actions":[{"id":"action72","type":"pointer","parameters":{"pointerType":"mouse"},"actions":[{"type":"pointerMove","button":0,"width":0,"height":0,"pressure":0,"tangentialPressure":0,"tiltX":0,"tiltY":0,"twist":0,"altitudeAngle":0,"_":"5 more keys: [\"azimuthAngle\",\"x\",\"y\",\"duration\",\"origin\"]"},{"type":"pointerDown","button":2,"width":0,"height":0,"pressure":0,"tangentialPressure":0,"tiltX":0,"tiltY":0,"twist":0,"altitudeAngle":0,"_":"1 more keys: [\"azimuthAngle\"]"},{"type":"pointerUp","button":2}]}]}
RESULT: {}
RESULT: {"actions":[{"id":"action72","type":"pointer","parameters":{"pointerType":"mouse"},"actions":[{"type":"pointerMove","button":0,"width":0,"height":0,"pressure":0,"tangentialPressure":0,"tiltX":0,"tiltY":0,"twist":0,"altitudeAngle":0,"_":"5 more keys: [\"azimuthAngle\",\"x\",\"y\",\"duration\",\"origin\"]"},{"type":"pointerDown","button":2,"width":0,"height":0,"pressure":0,"tangentialPressure":0,"tiltX":0,"tiltY":0,"twist":0,"altitudeAngle":0,"_":"1 more keys: [\"azimuthAngle\"]"},{"type":"pointerUp","button":2}]}]}
COMMAND: DELETE /session/3a666e1e6263059a660801b53c4ba30d/actions - {}
COMMAND: GET /session/3a666e1e6263059a660801b53c4ba30d/screenshot - {}
RESULT: {}
RESULT: {}
COMMAND: GET /session/3a666e1e6263059a660801b53c4ba30d/screenshot - {}
RESULT: {}
COMMAND: POST /session/3a666e1e6263059a660801b53c4ba30d/actions - {"actions":[{"id":"action73","type":"key","parameters":{},"actions":[{"type":"keyDown","value":""},{"type":"pause","duration":10},{"type":"keyUp","value":""}]}]}
RESULT: {"actions":[{"id":"action73","type":"key","parameters":{},"actions":[{"type":"keyDown","value":""},{"type":"pause","duration":10},{"type":"keyUp","value":""}]}]}
COMMAND: GET /session/3a666e1e6263059a660801b53c4ba30d/screenshot - {}
RESULT: {}
COMMAND: POST /session/3a666e1e6263059a660801b53c4ba30d/actions - {"actions":[{"id":"action74","type":"key","parameters":{},"actions":[{"type":"keyDown","value":""},{"type":"pause","duration":10},{"type":"keyUp","value":""}]}]}
RESULT: {"actions":[{"id":"action74","type":"key","parameters":{},"actions":[{"type":"keyDown","value":""},{"type":"pause","duration":10},{"type":"keyUp","value":""}]}]}
COMMAND: GET /session/3a666e1e6263059a660801b53c4ba30d/screenshot - {}
RESULT: {}
COMMAND: POST /session/3a666e1e6263059a660801b53c4ba30d/execute/async - {"script":"<script> [1562 bytes]","args":[{"selector":{"id":"application-planningboard-display-component---pB_RequestHeader--RUreservationComment","searchOpenDialogs":true,"interaction":{"idSuffix":"inner"}},"wdio_ui5_key":"applicationplanningboard-display-component---pB_RequestHeader--RUreservationComment"}]}
RESULT: {"script":"<script> [1562 bytes]","args":[{"selector":{"id":"application-planningboard-display-component---pB_RequestHeader--RUreservationComment","searchOpenDialogs":true,"interaction":{"idSuffix":"inner"}},"wdio_ui5_key":"applicationplanningboard-display-component---pB_RequestHeader--RUreservationComment"}]}
RESULT: undefined
COMMAND: POST /session/3a666e1e6263059a660801b53c4ba30d/execute/async - {"script":"<script> [776 bytes]","args":[{"enterText":"WdIORes1ifkey","selector":{"id":"application-planningboard-display-component---pB_RequestHeader--RUreservationComment","searchOpenDialogs":true,"interaction":{"idSuffix":"inner"}},"clearTextFirst":true,"interactionType":"ENTER_TEXT"}]}
RESULT: {"script":"<script> [776 bytes]","args":[{"enterText":"WdIORes1ifkey","selector":{"id":"application-planningboard-display-component---pB_RequestHeader--RUreservationComment","searchOpenDialogs":true,"interaction":{"idSuffix":"inner"}},"clearTextFirst":true,"interactionType":"ENTER_TEXT"}]}
COMMAND: POST /session/3a666e1e6263059a660801b53c4ba30d/execute/async - {"script":"<script> [1562 bytes]","args":[{"selector":{"controlType":"sap.m.Button","viewName":"etm.portal.ui.planningboard.view.detail.RequestHeader","viewId":"application-planningboard-display-component---pB_RequestHeader","properties":{"text":"Ok"},"searchOpenDialogs":true,"interaction":{"idSuffix":"BDI-content"}},"wdio_ui5_key":"etmportal.ui.planningboard.view.detail.RequestHeadersap.m.Button{\"text\":\"Ok\"}"}]}
RESULT: {"script":"<script> [1562 bytes]","args":[{"selector":{"controlType":"sap.m.Button","viewName":"etm.portal.ui.planningboard.view.detail.RequestHeader","viewId":"application-planningboard-display-component---pB_RequestHeader","properties":{"text":"Ok"},"searchOpenDialogs":true,"interaction":{"idSuffix":"BDI-content"}},"wdio_ui5_key":"etmportal.ui.planningboard.view.detail.RequestHeadersap.m.Button{\"text\":\"Ok\"}"}]}
RESULT: undefined
COMMAND: POST /session/3a666e1e6263059a660801b53c4ba30d/element - {"using":"xpath","value":"//*[@id=\"__button188\"]"}
RESULT: {"using":"xpath","value":"//*[@id=\"__button188\"]"}
COMMAND: POST /session/3a666e1e6263059a660801b53c4ba30d/element/f.35BA612EB9C2194724D060812FEF357B.d.93DAD8C77BDD701CA1EDB8BE5FC1B023.e.10012/click - {}
RESULT: {}
COMMAND: GET /session/3a666e1e6263059a660801b53c4ba30d/screenshot - {}
RESULT: {}
COMMAND: POST /session/3a666e1e6263059a660801b53c4ba30d/element - {"using":"xpath","value":"//span[contains(@title ,\"WebdriverYardv16ue\")]"}
RESULT: {"using":"xpath","value":"//span[contains(@title ,\"WebdriverYardv16ue\")]"}
COMMAND: POST /session/3a666e1e6263059a660801b53c4ba30d/actions - {"actions":[{"id":"action75","type":"pointer","parameters":{"pointerType":"mouse"},"actions":[{"type":"pointerMove","button":0,"width":0,"height":0,"pressure":0,"tangentialPressure":0,"tiltX":0,"tiltY":0,"twist":0,"altitudeAngle":0,"_":"5 more keys: [\"azimuthAngle\",\"x\",\"y\",\"duration\",\"origin\"]"},{"type":"pointerDown","button":2,"width":0,"height":0,"pressure":0,"tangentialPressure":0,"tiltX":0,"tiltY":0,"twist":0,"altitudeAngle":0,"_":"1 more keys: [\"azimuthAngle\"]"},{"type":"pointerUp","button":2}]}]}
RESULT: {"actions":[{"id":"action75","type":"pointer","parameters":{"pointerType":"mouse"},"actions":[{"type":"pointerMove","button":0,"width":0,"height":0,"pressure":0,"tangentialPressure":0,"tiltX":0,"tiltY":0,"twist":0,"altitudeAngle":0,"_":"5 more keys: [\"azimuthAngle\",\"x\",\"y\",\"duration\",\"origin\"]"},{"type":"pointerDown","button":2,"width":0,"height":0,"pressure":0,"tangentialPressure":0,"tiltX":0,"tiltY":0,"twist":0,"altitudeAngle":0,"_":"1 more keys: [\"azimuthAngle\"]"},{"type":"pointerUp","button":2}]}]}
COMMAND: DELETE /session/3a666e1e6263059a660801b53c4ba30d/actions - {}
COMMAND: GET /session/3a666e1e6263059a660801b53c4ba30d/screenshot - {}
RESULT: {}
COMMAND: GET /session/3a666e1e6263059a660801b53c4ba30d/screenshot - {}
RESULT: {}
RESULT: {}
COMMAND: POST /session/3a666e1e6263059a660801b53c4ba30d/actions - {"actions":[{"id":"action76","type":"key","parameters":{},"actions":[{"type":"keyDown","value":""},{"type":"pause","duration":10},{"type":"keyUp","value":""}]}]}
RESULT: {"actions":[{"id":"action76","type":"key","parameters":{},"actions":[{"type":"keyDown","value":""},{"type":"pause","duration":10},{"type":"keyUp","value":""}]}]}
COMMAND: GET /session/3a666e1e6263059a660801b53c4ba30d/screenshot - {}
RESULT: {}
COMMAND: POST /session/3a666e1e6263059a660801b53c4ba30d/actions - {"actions":[{"id":"action77","type":"key","parameters":{},"actions":[{"type":"keyDown","value":""},{"type":"pause","duration":10},{"type":"keyUp","value":""}]}]}
RESULT: {"actions":[{"id":"action77","type":"key","parameters":{},"actions":[{"type":"keyDown","value":""},{"type":"pause","duration":10},{"type":"keyUp","value":""}]}]}
COMMAND: GET /session/3a666e1e6263059a660801b53c4ba30d/screenshot - {}
RESULT: {}
RESULT: undefined
COMMAND: POST /session/3a666e1e6263059a660801b53c4ba30d/execute/async - {"script":"<script> [776 bytes]","args":[{"enterText":"WdIORes220f3a","selector":{"id":"application-planningboard-display-component---pB_RequestHeader--RUreservationComment","searchOpenDialogs":true,"interaction":{"idSuffix":"inner"}},"clearTextFirst":true,"interactionType":"ENTER_TEXT"}]}
RESULT: {"script":"<script> [776 bytes]","args":[{"enterText":"WdIORes220f3a","selector":{"id":"application-planningboard-display-component---pB_RequestHeader--RUreservationComment","searchOpenDialogs":true,"interaction":{"idSuffix":"inner"}},"clearTextFirst":true,"interactionType":"ENTER_TEXT"}]}
RESULT: undefined
COMMAND: POST /session/3a666e1e6263059a660801b53c4ba30d/element - {"using":"xpath","value":"//*[@id=\"__button188\"]"}
RESULT: {"using":"xpath","value":"//*[@id=\"__button188\"]"}
COMMAND: POST /session/3a666e1e6263059a660801b53c4ba30d/element/f.35BA612EB9C2194724D060812FEF357B.d.93DAD8C77BDD701CA1EDB8BE5FC1B023.e.10090/click - {}
RESULT: {}
COMMAND: GET /session/3a666e1e6263059a660801b53c4ba30d/screenshot - {}
RESULT: {}
COMMAND: POST /session/3a666e1e6263059a660801b53c4ba30d/execute/async - {"script":"<script> [1562 bytes]","args":[{"selector":{"controlType":"sap.m.Button","viewName":"etm.portal.ui.planningboard.view.detail.RequestHeader","viewId":"application-planningboard-display-component---pB_RequestHeader","i18NText":{"propertyName":"text","key":"close"},"ancestor":{"id":"application-planningboard-display-component---pB_RequestHeader--requestItemDetails"},"interaction":{"idSuffix":"BDI-content"}},"wdio_ui5_key":"etmportal.ui.planningboard.view.detail.RequestHeadersap.m.Button{\"propertyName\":\"text\",\"key\":\"close\"}{\"id\":\"application-planningboard-display-component---pB_RequestHeader--requestItemDetails\"}"}]}
RESULT: {"script":"<script> [1562 bytes]","args":[{"selector":{"controlType":"sap.m.Button","viewName":"etm.portal.ui.planningboard.view.detail.RequestHeader","viewId":"application-planningboard-display-component---pB_RequestHeader","i18NText":{"propertyName":"text","key":"close"},"ancestor":{"id":"application-planningboard-display-component---pB_RequestHeader--requestItemDetails"},"interaction":{"idSuffix":"BDI-content"}},"wdio_ui5_key":"etmportal.ui.planningboard.view.detail.RequestHeadersap.m.Button{\"propertyName\":\"text\",\"key\":\"close\"}{\"id\":\"application-planningboard-display-component---pB_RequestHeader--requestItemDetails\"}"}]}
RESULT: undefined
COMMAND: POST /session/3a666e1e6263059a660801b53c4ba30d/element - {"using":"xpath","value":"//*[@id=\"__button64\"]"}
RESULT: {"using":"xpath","value":"//*[@id=\"__button64\"]"}
COMMAND: POST /session/3a666e1e6263059a660801b53c4ba30d/element/f.35BA612EB9C2194724D060812FEF357B.d.93DAD8C77BDD701CA1EDB8BE5FC1B023.e.9880/click - {}
RESULT: {}
COMMAND: GET /session/3a666e1e6263059a660801b53c4ba30d/screenshot - {}
RESULT: {}
COMMAND: POST /session/3a666e1e6263059a660801b53c4ba30d/execute/async - {"script":"<script> [1562 bytes]","args":[{"selector":{"id":"application-planningboard-display-component---pB_Master--selectView","interaction":{"idSuffix":"arrow"}},"wdio_ui5_key":"applicationplanningboard-display-component---pB_Master--selectView"}]}
RESULT: {"script":"<script> [1562 bytes]","args":[{"selector":{"id":"application-planningboard-display-component---pB_Master--selectView","interaction":{"idSuffix":"arrow"}},"wdio_ui5_key":"applicationplanningboard-display-component---pB_Master--selectView"}]}
RESULT: undefined
COMMAND: POST /session/3a666e1e6263059a660801b53c4ba30d/element - {"using":"xpath","value":"//*[@id=\"application-planningboard-display-component---pB_Master--selectView\"]"}
RESULT: {"using":"xpath","value":"//*[@id=\"application-planningboard-display-component---pB_Master--selectView\"]"}
COMMAND: POST /session/3a666e1e6263059a660801b53c4ba30d/element/f.35BA612EB9C2194724D060812FEF357B.d.93DAD8C77BDD701CA1EDB8BE5FC1B023.e.10310/click - {}
RESULT: {}
COMMAND: GET /session/3a666e1e6263059a660801b53c4ba30d/screenshot - {}
RESULT: {}
COMMAND: POST /session/3a666e1e6263059a660801b53c4ba30d/execute/async - {"script":"<script> [1562 bytes]","args":[{"selector":{"controlType":"sap.ui.core.Item","viewName":"etm.portal.ui.planningboard.view.Master","viewId":"application-planningboard-display-component---pB_Master","i18NText":{"propertyName":"text","key":"manageReservations"},"searchOpenDialogs":true},"wdio_ui5_key":"etmportal.ui.planningboard.view.Mastersap.ui.core.Item{\"propertyName\":\"text\",\"key\":\"manageReservations\"}"}]}
RESULT: {"script":"<script> [1562 bytes]","args":[{"selector":{"controlType":"sap.ui.core.Item","viewName":"etm.portal.ui.planningboard.view.Master","viewId":"application-planningboard-display-component---pB_Master","i18NText":{"propertyName":"text","key":"manageReservations"},"searchOpenDialogs":true},"wdio_ui5_key":"etmportal.ui.planningboard.view.Mastersap.ui.core.Item{\"propertyName\":\"text\",\"key\":\"manageReservations\"}"}]}
RESULT: undefined
COMMAND: POST /session/3a666e1e6263059a660801b53c4ba30d/element - {"using":"xpath","value":"//*[@id=\"__item855\"]"}
RESULT: {"using":"xpath","value":"//*[@id=\"__item855\"]"}
COMMAND: POST /session/3a666e1e6263059a660801b53c4ba30d/element/f.35BA612EB9C2194724D060812FEF357B.d.93DAD8C77BDD701CA1EDB8BE5FC1B023.e.10311/click - {}
RESULT: {}
COMMAND: GET /session/3a666e1e6263059a660801b53c4ba30d/screenshot - {}
RESULT: {}
COMMAND: POST /session/3a666e1e6263059a660801b53c4ba30d/element - {"using":"xpath","value":"//span[contains(@id ,\"clone\")][contains(text(), \"WdIORes1ifkey\")]"}
RESULT: {"using":"xpath","value":"//span[contains(@id ,\"clone\")][contains(text(), \"WdIORes1ifkey\")]"}
COMMAND: GET /session/3a666e1e6263059a660801b53c4ba30d/element/f.35BA612EB9C2194724D060812FEF357B.d.93DAD8C77BDD701CA1EDB8BE5FC1B023.e.10327/text - {}
RESULT: {}
COMMAND: POST /session/3a666e1e6263059a660801b53c4ba30d/element - {"using":"xpath","value":"//span[contains(@id ,\"clone\")][contains(text(), \"WdIORes220f3a\")]"}
RESULT: {"using":"xpath","value":"//span[contains(@id ,\"clone\")][contains(text(), \"WdIORes220f3a\")]"}
COMMAND: POST /session/3a666e1e6263059a660801b53c4ba30d/element/f.35BA612EB9C2194724D060812FEF357B.d.93DAD8C77BDD701CA1EDB8BE5FC1B023.e.10328/click - {}
RESULT: {}
COMMAND: GET /session/3a666e1e6263059a660801b53c4ba30d/screenshot - {}
RESULT: {}
COMMAND: POST /session/3a666e1e6263059a660801b53c4ba30d/actions - {"actions":[{"id":"action78","type":"key","parameters":{},"actions":[{"type":"keyDown","value":""},{"type":"pause","duration":10},{"type":"keyUp","value":""}]}]}
RESULT: {"actions":[{"id":"action78","type":"key","parameters":{},"actions":[{"type":"keyDown","value":""},{"type":"pause","duration":10},{"type":"keyUp","value":""}]}]}
COMMAND: GET /session/3a666e1e6263059a660801b53c4ba30d/screenshot - {}
RESULT: {}
COMMAND: POST /session/3a666e1e6263059a660801b53c4ba30d/execute/async - {"script":"<script> [1562 bytes]","args":[{"selector":{"controlType":"sap.m.Button","viewName":"etm.portal.ui.planningboard.view.detail.Planning","viewId":"application-planningboard-display-component---pB_Planning","i18NText":{"propertyName":"text","key":"unplan"},"interaction":{"idSuffix":"BDI-content"}},"wdio_ui5_key":"etmportal.ui.planningboard.view.detail.Planningsap.m.Button{\"propertyName\":\"text\",\"key\":\"unplan\"}"}]}
RESULT: {"script":"<script> [1562 bytes]","args":[{"selector":{"controlType":"sap.m.Button","viewName":"etm.portal.ui.planningboard.view.detail.Planning","viewId":"application-planningboard-display-component---pB_Planning","i18NText":{"propertyName":"text","key":"unplan"},"interaction":{"idSuffix":"BDI-content"}},"wdio_ui5_key":"etmportal.ui.planningboard.view.detail.Planningsap.m.Button{\"propertyName\":\"text\",\"key\":\"unplan\"}"}]}
RESULT: undefined
COMMAND: POST /session/3a666e1e6263059a660801b53c4ba30d/element - {"using":"xpath","value":"//*[@id=\"__button254\"]"}
RESULT: {"using":"xpath","value":"//*[@id=\"__button254\"]"}
COMMAND: POST /session/3a666e1e6263059a660801b53c4ba30d/element/f.35BA612EB9C2194724D060812FEF357B.d.93DAD8C77BDD701CA1EDB8BE5FC1B023.e.10364/click - {}
RESULT: {}
COMMAND: GET /session/3a666e1e6263059a660801b53c4ba30d/screenshot - {}
RESULT: {}
COMMAND: POST /session/3a666e1e6263059a660801b53c4ba30d/element - {"using":"xpath","value":"//span[contains(@id ,\"clone\")][contains(text(), \"WdIORes220f3a\")]"}
RESULT: {"using":"xpath","value":"//span[contains(@id ,\"clone\")][contains(text(), \"WdIORes220f3a\")]"}
COMMAND: POST /session/3a666e1e6263059a660801b53c4ba30d/element - {"using":"xpath","value":"//span[contains(@id ,\"clone\")][contains(text(), \"WdIORes220f3a\")]"}
RESULT: {"using":"xpath","value":"//span[contains(@id ,\"clone\")][contains(text(), \"WdIORes220f3a\")]"}
COMMAND: POST /session/3a666e1e6263059a660801b53c4ba30d/element - {"using":"xpath","value":"//span[contains(@id ,\"clone\")][contains(text(), \"WdIORes1ifkey\")]"}
RESULT: {"using":"xpath","value":"//span[contains(@id ,\"clone\")][contains(text(), \"WdIORes1ifkey\")]"}
COMMAND: POST /session/3a666e1e6263059a660801b53c4ba30d/element/f.35BA612EB9C2194724D060812FEF357B.d.93DAD8C77BDD701CA1EDB8BE5FC1B023.e.10428/click - {}
RESULT: {}
COMMAND: GET /session/3a666e1e6263059a660801b53c4ba30d/screenshot - {}
RESULT: {}
COMMAND: POST /session/3a666e1e6263059a660801b53c4ba30d/actions - {"actions":[{"id":"action79","type":"key","parameters":{},"actions":[{"type":"keyDown","value":""},{"type":"pause","duration":10},{"type":"keyUp","value":""}]}]}
RESULT: {"actions":[{"id":"action79","type":"key","parameters":{},"actions":[{"type":"keyDown","value":""},{"type":"pause","duration":10},{"type":"keyUp","value":""}]}]}
COMMAND: GET /session/3a666e1e6263059a660801b53c4ba30d/screenshot - {}
RESULT: {}
]]></system-out>
    </testcase>
  </testsuite>
  <testsuite timestamp="2025-05-21T16:21:44" time="31.25" tests="1" failures="0" errors="0" skipped="0">
    <properties>
      <property name="specId" value="0"/>
      <property name="suiteName" value="Reserve/Unreserve request item via reserve option US139161"/>
      <property name="capabilities" value="chrome.136_0_7103_93.windows"/>
      <property name="file" value="file:///D:/a/1/s/test/specs/R2C/manage-reservations-view-planning-board.spec.js"/>
    </properties>
    <testcase classname="chrome.136_0_7103_93.windows.Reserve/Unreserve_request_item_via_reserve_option_US139161" name="Should open a reservation to verify and edit the details" time="31.249">
      <system-out><![CDATA[
COMMAND: POST /session/3a666e1e6263059a660801b53c4ba30d/element - {"using":"xpath","value":"//button[contains(@data-kt, \"editButton\")]"}
RESULT: {"using":"xpath","value":"//button[contains(@data-kt, \"editButton\")]"}
COMMAND: POST /session/3a666e1e6263059a660801b53c4ba30d/execute/sync - {"script":"<script> [8489 bytes]","args":[{"element-6066-11e4-a52e-4f735466cecf":"f.35BA612EB9C2194724D060812FEF357B.d.93DAD8C77BDD701CA1EDB8BE5FC1B023.e.10481","ELEMENT":"f.35BA612EB9C2194724D060812FEF357B.d.93DAD8C77BDD701CA1EDB8BE5FC1B023.e.10481"}]}
RESULT: {"script":"<script> [8489 bytes]","args":[{"element-6066-11e4-a52e-4f735466cecf":"f.35BA612EB9C2194724D060812FEF357B.d.93DAD8C77BDD701CA1EDB8BE5FC1B023.e.10481","ELEMENT":"f.35BA612EB9C2194724D060812FEF357B.d.93DAD8C77BDD701CA1EDB8BE5FC1B023.e.10481"}]}
COMMAND: POST /session/3a666e1e6263059a660801b53c4ba30d/element - {"using":"xpath","value":"//button[contains(@data-kt, \"unplanButton\")]"}
COMMAND: GET /session/3a666e1e6263059a660801b53c4ba30d/screenshot - {}
RESULT: {"using":"xpath","value":"//button[contains(@data-kt, \"unplanButton\")]"}
COMMAND: POST /session/3a666e1e6263059a660801b53c4ba30d/execute/sync - {"script":"<script> [8489 bytes]","args":[{"element-6066-11e4-a52e-4f735466cecf":"f.35BA612EB9C2194724D060812FEF357B.d.93DAD8C77BDD701CA1EDB8BE5FC1B023.e.10484","ELEMENT":"f.35BA612EB9C2194724D060812FEF357B.d.93DAD8C77BDD701CA1EDB8BE5FC1B023.e.10484"}]}
RESULT: {}
RESULT: {"script":"<script> [8489 bytes]","args":[{"element-6066-11e4-a52e-4f735466cecf":"f.35BA612EB9C2194724D060812FEF357B.d.93DAD8C77BDD701CA1EDB8BE5FC1B023.e.10484","ELEMENT":"f.35BA612EB9C2194724D060812FEF357B.d.93DAD8C77BDD701CA1EDB8BE5FC1B023.e.10484"}]}
COMMAND: POST /session/3a666e1e6263059a660801b53c4ba30d/element - {"using":"xpath","value":"//button[contains(@data-kt, \"editButton\")]"}
COMMAND: GET /session/3a666e1e6263059a660801b53c4ba30d/screenshot - {}
RESULT: {"using":"xpath","value":"//button[contains(@data-kt, \"editButton\")]"}
COMMAND: POST /session/3a666e1e6263059a660801b53c4ba30d/element/f.35BA612EB9C2194724D060812FEF357B.d.93DAD8C77BDD701CA1EDB8BE5FC1B023.e.10481/click - {}
RESULT: {}
RESULT: {}
COMMAND: POST /session/3a666e1e6263059a660801b53c4ba30d/element - {"using":"xpath","value":"(//input[contains(@id ,\"picker\")][contains(@aria-roledescription ,\"Date Input\")])[4]"}
COMMAND: GET /session/3a666e1e6263059a660801b53c4ba30d/screenshot - {}
RESULT: {"using":"xpath","value":"(//input[contains(@id ,\"picker\")][contains(@aria-roledescription ,\"Date Input\")])[4]"}
COMMAND: POST /session/3a666e1e6263059a660801b53c4ba30d/element/f.35BA612EB9C2194724D060812FEF357B.d.93DAD8C77BDD701CA1EDB8BE5FC1B023.e.10450/clear - {}
RESULT: {}
RESULT: {}
COMMAND: POST /session/3a666e1e6263059a660801b53c4ba30d/element/f.35BA612EB9C2194724D060812FEF357B.d.93DAD8C77BDD701CA1EDB8BE5FC1B023.e.10450/value - {"text":"5/23/25"}
COMMAND: GET /session/3a666e1e6263059a660801b53c4ba30d/screenshot - {}
RESULT: {"text":"5/23/25"}
COMMAND: GET /session/3a666e1e6263059a660801b53c4ba30d/screenshot - {}
RESULT: {}
RESULT: {}
COMMAND: POST /session/3a666e1e6263059a660801b53c4ba30d/element - {"using":"xpath","value":"//bdi[contains(text(), \"Save\")]"}
RESULT: {"using":"xpath","value":"//bdi[contains(text(), \"Save\")]"}
COMMAND: POST /session/3a666e1e6263059a660801b53c4ba30d/element/f.35BA612EB9C2194724D060812FEF357B.d.93DAD8C77BDD701CA1EDB8BE5FC1B023.e.10507/click - {}
RESULT: {}
COMMAND: GET /session/3a666e1e6263059a660801b53c4ba30d/screenshot - {}
RESULT: {}
COMMAND: POST /session/3a666e1e6263059a660801b53c4ba30d/element - {"using":"xpath","value":"(//input[contains(@id ,\"picker\")][contains(@aria-roledescription ,\"Date Input\")])[4]"}
RESULT: {"using":"xpath","value":"(//input[contains(@id ,\"picker\")][contains(@aria-roledescription ,\"Date Input\")])[4]"}
COMMAND: GET /session/3a666e1e6263059a660801b53c4ba30d/element/f.35BA612EB9C2194724D060812FEF357B.d.93DAD8C77BDD701CA1EDB8BE5FC1B023.e.10450/property/value - {}
RESULT: {}
COMMAND: GET /session/3a666e1e6263059a660801b53c4ba30d/screenshot - {}
RESULT: {}
COMMAND: POST /session/3a666e1e6263059a660801b53c4ba30d/element - {"using":"xpath","value":"//bdi[contains(text(), \"Unplan\")]"}
RESULT: {"using":"xpath","value":"//bdi[contains(text(), \"Unplan\")]"}
COMMAND: POST /session/3a666e1e6263059a660801b53c4ba30d/element/f.35BA612EB9C2194724D060812FEF357B.d.93DAD8C77BDD701CA1EDB8BE5FC1B023.e.10519/click - {}
RESULT: {}
COMMAND: GET /session/3a666e1e6263059a660801b53c4ba30d/screenshot - {}
RESULT: {}
COMMAND: POST /session/3a666e1e6263059a660801b53c4ba30d/element - {"using":"css selector","value":"#shell-header-logo"}
RESULT: {"using":"css selector","value":"#shell-header-logo"}
COMMAND: POST /session/3a666e1e6263059a660801b53c4ba30d/element/f.35BA612EB9C2194724D060812FEF357B.d.93DAD8C77BDD701CA1EDB8BE5FC1B023.e.9056/click - {}
RESULT: {}
COMMAND: GET /session/3a666e1e6263059a660801b53c4ba30d/screenshot - {}
RESULT: {}
]]></system-out>
    </testcase>
  </testsuite>
  <testsuite timestamp="2025-05-21T16:22:15" time="472.546" tests="4" failures="0" errors="0" skipped="0">
    <properties>
      <property name="specId" value="0"/>
      <property name="suiteName" value="Process request items into an existing quotation US120163"/>
      <property name="capabilities" value="chrome.136_0_7103_93.windows"/>
      <property name="file" value="file:///D:/a/1/s/test/specs/R2C/process-request-items-into-existing-quotation.spec.js"/>
    </properties>
    <testcase classname="chrome.136_0_7103_93.windows.Process_request_items_into_an_existing_quotation_US120163" name="Should create a new quotation" time="112.673">
      <system-out><![CDATA[
COMMAND: POST /session/3a666e1e6263059a660801b53c4ba30d/execute/async - {"script":"<script> [1562 bytes]","args":[{"selector":{"controlType":"sap.m.GenericTile","properties":{"header":"Manage Quotations"}},"wdio_ui5_key":"sapm.GenericTile{\"header\":\"Manage Quotations\"}"}]}
RESULT: {"script":"<script> [1562 bytes]","args":[{"selector":{"controlType":"sap.m.GenericTile","properties":{"header":"Manage Quotations"}},"wdio_ui5_key":"sapm.GenericTile{\"header\":\"Manage Quotations\"}"}]}
RESULT: undefined
COMMAND: POST /session/3a666e1e6263059a660801b53c4ba30d/element - {"using":"xpath","value":"//*[@id=\"__tile131\"]"}
RESULT: {"using":"xpath","value":"//*[@id=\"__tile131\"]"}
COMMAND: POST /session/3a666e1e6263059a660801b53c4ba30d/element/f.35BA612EB9C2194724D060812FEF357B.d.93DAD8C77BDD701CA1EDB8BE5FC1B023.e.10572/click - {}
RESULT: {}
COMMAND: GET /session/3a666e1e6263059a660801b53c4ba30d/screenshot - {}
RESULT: {}
COMMAND: POST /session/3a666e1e6263059a660801b53c4ba30d/elements - {"using":"xpath","value":"//span[text()='Error']"}
RESULT: {"using":"xpath","value":"//span[text()='Error']"}
COMMAND: POST /session/3a666e1e6263059a660801b53c4ba30d/element - {"using":"xpath","value":"//button[contains(@title ,\"Add New Contract\")]"}
RESULT: {"using":"xpath","value":"//button[contains(@title ,\"Add New Contract\")]"}
COMMAND: POST /session/3a666e1e6263059a660801b53c4ba30d/element/f.35BA612EB9C2194724D060812FEF357B.d.93DAD8C77BDD701CA1EDB8BE5FC1B023.e.10610/click - {}
RESULT: {}
COMMAND: GET /session/3a666e1e6263059a660801b53c4ba30d/screenshot - {}
COMMAND: POST /session/3a666e1e6263059a660801b53c4ba30d/element - {"using":"xpath","value":"//input[contains(@id ,\"application-managequotations-display-component---AddNewContract--projectDescription-inner\")]"}
RESULT: {}
RESULT: {"using":"xpath","value":"//input[contains(@id ,\"application-managequotations-display-component---AddNewContract--projectDescription-inner\")]"}
COMMAND: POST /session/3a666e1e6263059a660801b53c4ba30d/element/f.35BA612EB9C2194724D060812FEF357B.d.93DAD8C77BDD701CA1EDB8BE5FC1B023.e.10914/value - {"text":"WdIOQuotationjs90o"}
RESULT: {"text":"WdIOQuotationjs90o"}
COMMAND: GET /session/3a666e1e6263059a660801b53c4ba30d/screenshot - {}
RESULT: {}
COMMAND: POST /session/3a666e1e6263059a660801b53c4ba30d/element - {"using":"xpath","value":"//input[contains(@id ,\"application-managequotations-display-component---AddNewContract--yardId-inner\")]"}
RESULT: {"using":"xpath","value":"//input[contains(@id ,\"application-managequotations-display-component---AddNewContract--yardId-inner\")]"}
COMMAND: POST /session/3a666e1e6263059a660801b53c4ba30d/element/f.35BA612EB9C2194724D060812FEF357B.d.93DAD8C77BDD701CA1EDB8BE5FC1B023.e.10917/value - {"text":"WebdriverYardv16ue"}
RESULT: {"text":"WebdriverYardv16ue"}
COMMAND: GET /session/3a666e1e6263059a660801b53c4ba30d/screenshot - {}
RESULT: {}
COMMAND: POST /session/3a666e1e6263059a660801b53c4ba30d/actions - {"actions":[{"id":"action80","type":"key","parameters":{},"actions":[{"type":"keyDown","value":""},{"type":"pause","duration":10},{"type":"keyUp","value":""}]}]}
RESULT: {"actions":[{"id":"action80","type":"key","parameters":{},"actions":[{"type":"keyDown","value":""},{"type":"pause","duration":10},{"type":"keyUp","value":""}]}]}
COMMAND: GET /session/3a666e1e6263059a660801b53c4ba30d/screenshot - {}
RESULT: {}
COMMAND: POST /session/3a666e1e6263059a660801b53c4ba30d/element - {"using":"xpath","value":"//input[contains(@id ,\"application-managequotations-display-component---AddNewContract--customerSelect-inner\")]"}
RESULT: {"using":"xpath","value":"//input[contains(@id ,\"application-managequotations-display-component---AddNewContract--customerSelect-inner\")]"}
COMMAND: POST /session/3a666e1e6263059a660801b53c4ba30d/element/f.35BA612EB9C2194724D060812FEF357B.d.93DAD8C77BDD701CA1EDB8BE5FC1B023.e.10915/value - {"text":"WebdriverPartner1231fg"}
RESULT: {"text":"WebdriverPartner1231fg"}
COMMAND: GET /session/3a666e1e6263059a660801b53c4ba30d/screenshot - {}
RESULT: {}
COMMAND: POST /session/3a666e1e6263059a660801b53c4ba30d/actions - {"actions":[{"id":"action81","type":"key","parameters":{},"actions":[{"type":"keyDown","value":""},{"type":"pause","duration":10},{"type":"keyUp","value":""}]}]}
RESULT: {"actions":[{"id":"action81","type":"key","parameters":{},"actions":[{"type":"keyDown","value":""},{"type":"pause","duration":10},{"type":"keyUp","value":""}]}]}
COMMAND: GET /session/3a666e1e6263059a660801b53c4ba30d/screenshot - {}
RESULT: {}
COMMAND: POST /session/3a666e1e6263059a660801b53c4ba30d/element - {"using":"xpath","value":"//input[contains(@id ,\"application-managequotations-display-component---AddNewContract--site-inner\")]"}
RESULT: {"using":"xpath","value":"//input[contains(@id ,\"application-managequotations-display-component---AddNewContract--site-inner\")]"}
COMMAND: POST /session/3a666e1e6263059a660801b53c4ba30d/element/f.35BA612EB9C2194724D060812FEF357B.d.93DAD8C77BDD701CA1EDB8BE5FC1B023.e.10916/value - {"text":"WebdriverSiteegvc"}
RESULT: {"text":"WebdriverSiteegvc"}
COMMAND: GET /session/3a666e1e6263059a660801b53c4ba30d/screenshot - {}
RESULT: {}
COMMAND: POST /session/3a666e1e6263059a660801b53c4ba30d/actions - {"actions":[{"id":"action82","type":"key","parameters":{},"actions":[{"type":"keyDown","value":""},{"type":"pause","duration":10},{"type":"keyUp","value":""}]}]}
RESULT: {"actions":[{"id":"action82","type":"key","parameters":{},"actions":[{"type":"keyDown","value":""},{"type":"pause","duration":10},{"type":"keyUp","value":""}]}]}
COMMAND: GET /session/3a666e1e6263059a660801b53c4ba30d/screenshot - {}
RESULT: {}
COMMAND: POST /session/3a666e1e6263059a660801b53c4ba30d/element - {"using":"xpath","value":"//bdi[contains(text(), \"Save\")]"}
RESULT: {"using":"xpath","value":"//bdi[contains(text(), \"Save\")]"}
COMMAND: POST /session/3a666e1e6263059a660801b53c4ba30d/element/f.35BA612EB9C2194724D060812FEF357B.d.93DAD8C77BDD701CA1EDB8BE5FC1B023.e.10951/click - {}
RESULT: {}
COMMAND: GET /session/3a666e1e6263059a660801b53c4ba30d/screenshot - {}
RESULT: {}
COMMAND: POST /session/3a666e1e6263059a660801b53c4ba30d/element - {"using":"css selector","value":"#shell-header-logo"}
RESULT: {"using":"css selector","value":"#shell-header-logo"}
COMMAND: POST /session/3a666e1e6263059a660801b53c4ba30d/element/f.35BA612EB9C2194724D060812FEF357B.d.93DAD8C77BDD701CA1EDB8BE5FC1B023.e.10574/click - {}
RESULT: {}
COMMAND: GET /session/3a666e1e6263059a660801b53c4ba30d/screenshot - {}
RESULT: {}
COMMAND: POST /session/3a666e1e6263059a660801b53c4ba30d/refresh - {}
RESULT: {}
COMMAND: GET /session/3a666e1e6263059a660801b53c4ba30d/screenshot - {}
RESULT: {}
COMMAND: POST /session/3a666e1e6263059a660801b53c4ba30d/execute/async - {"script":"<script> [189 bytes]","args":[]}
RESULT: {"script":"<script> [189 bytes]","args":[]}
COMMAND: POST /session/3a666e1e6263059a660801b53c4ba30d/execute/async - {"script":"<script> [123 bytes]","args":[]}
RESULT: {"script":"<script> [123 bytes]","args":[]}
COMMAND: POST /session/3a666e1e6263059a660801b53c4ba30d/timeouts - {"script":"<number>"}
RESULT: {"script":"<number>"}
COMMAND: GET /session/3a666e1e6263059a660801b53c4ba30d/timeouts - {}
RESULT: {}
RESULT: undefined
COMMAND: POST /session/3a666e1e6263059a660801b53c4ba30d/execute/async - {"script":"<script> [2676 bytes]","args":[]}
RESULT: {"script":"<script> [2676 bytes]","args":[]}
COMMAND: POST /session/3a666e1e6263059a660801b53c4ba30d/execute/async - {"script":"<script> [2342 bytes]","args":[{"protocol":"http","hostname":"0.0.0.0","path":"/","capabilities":{"browserName":"chrome","goog:chromeOptions":{"binary":"C:\\Program Files\\Google\\Chrome\\Application\\chrome.exe","args":["--start-maximized"]}},"logLevel":"warn","connectionRetryTimeout":120000,"connectionRetryCount":3,"logLevels":{},"enableDirectConnect":true,"strictSSL":true,"_":"65 more keys: [\"cacheDir\",\"port\",\"requestedCapabilities\",\"automationProtocol\",\"baseUrl\",\"waitforInterval\",\"waitforTimeout\",\"onReload\",\"beforeCommand\",\"afterCommand\",\"rootDir\",\"specs\",\"suites\",\"exclude\",\"groupLogsByTestSpec\",\"excludeDriverLogs\",\"bail\",\"framework\",\"reporters\",\"services\",\"maxInstances\",\"maxInstancesPerCapability\",\"injectGlobals\",\"filesToWatch\",\"execArgv\",\"runnerEnv\",\"runner\",\"shard\",\"specFileRetries\",\"specFileRetriesDelay\",\"specFileRetriesDeferred\",\"reporterSyncInterval\",\"reporterSyncTimeout\",\"cucumberFeaturesWithLineNumbers\",\"autoCompileOpts\",\"mochaOpts\",\"jasmineOpts\",\"cucumberOpts\",\"onPrepare\",\"onWorkerStart\",\"onWorkerEnd\",\"before\",\"beforeSession\",\"beforeSuite\",\"beforeHook\",\"beforeTest\",\"afterTest\",\"afterHook\",\"afterSuite\",\"afterSession\",\"after\",\"onComplete\",\"beforeAssertion\",\"afterAssertion\",\"beforeFeature\",\"beforeScenario\",\"beforeStep\",\"afterStep\",\"afterScenario\",\"afterFeature\",\"_\",\"suite\",\"$0\",\"ignoredWorkerServices\",\"wdi5\"]"}]}
RESULT: {"script":"<script> [2342 bytes]","args":[{"protocol":"http","hostname":"0.0.0.0","path":"/","capabilities":{"browserName":"chrome","goog:chromeOptions":{"binary":"C:\\Program Files\\Google\\Chrome\\Application\\chrome.exe","args":["--start-maximized"]}},"logLevel":"warn","connectionRetryTimeout":120000,"connectionRetryCount":3,"logLevels":{},"enableDirectConnect":true,"strictSSL":true,"_":"65 more keys: [\"cacheDir\",\"port\",\"requestedCapabilities\",\"automationProtocol\",\"baseUrl\",\"waitforInterval\",\"waitforTimeout\",\"onReload\",\"beforeCommand\",\"afterCommand\",\"rootDir\",\"specs\",\"suites\",\"exclude\",\"groupLogsByTestSpec\",\"excludeDriverLogs\",\"bail\",\"framework\",\"reporters\",\"services\",\"maxInstances\",\"maxInstancesPerCapability\",\"injectGlobals\",\"filesToWatch\",\"execArgv\",\"runnerEnv\",\"runner\",\"shard\",\"specFileRetries\",\"specFileRetriesDelay\",\"specFileRetriesDeferred\",\"reporterSyncInterval\",\"reporterSyncTimeout\",\"cucumberFeaturesWithLineNumbers\",\"autoCompileOpts\",\"mochaOpts\",\"jasmineOpts\",\"cucumberOpts\",\"onPrepare\",\"onWorkerStart\",\"onWorkerEnd\",\"before\",\"beforeSession\",\"beforeSuite\",\"beforeHook\",\"beforeTest\",\"afterTest\",\"afterHook\",\"afterSuite\",\"afterSession\",\"after\",\"onComplete\",\"beforeAssertion\",\"afterAssertion\",\"beforeFeature\",\"beforeScenario\",\"beforeStep\",\"afterStep\",\"afterScenario\",\"afterFeature\",\"_\",\"suite\",\"$0\",\"ignoredWorkerServices\",\"wdi5\"]"}]}
COMMAND: POST /session/3a666e1e6263059a660801b53c4ba30d/execute/async - {"script":"<script> [21126 bytes]","args":[35000]}
RESULT: {"script":"<script> [21126 bytes]","args":[35000]}
]]></system-out>
    </testcase>
    <testcase classname="chrome.136_0_7103_93.windows.Process_request_items_into_an_existing_quotation_US120163" name="Should create a new request with catalog items and plan it" time="235.426">
      <system-out><![CDATA[
COMMAND: POST /session/3a666e1e6263059a660801b53c4ba30d/execute/async - {"script":"<script> [1562 bytes]","args":[{"selector":{"controlType":"sap.m.GenericTile","properties":{"header":"Manage Requests"}},"wdio_ui5_key":"sapm.GenericTile{\"header\":\"Manage Requests\"}"}]}
RESULT: {"script":"<script> [1562 bytes]","args":[{"selector":{"controlType":"sap.m.GenericTile","properties":{"header":"Manage Requests"}},"wdio_ui5_key":"sapm.GenericTile{\"header\":\"Manage Requests\"}"}]}
RESULT: undefined
COMMAND: POST /session/3a666e1e6263059a660801b53c4ba30d/element - {"using":"xpath","value":"//*[@id=\"__tile47\"]"}
RESULT: {"using":"xpath","value":"//*[@id=\"__tile47\"]"}
COMMAND: POST /session/3a666e1e6263059a660801b53c4ba30d/element/f.35BA612EB9C2194724D060812FEF357B.d.18BCAA0B081697FDCA4C9462AA649DD4.e.10985/click - {}
RESULT: {}
COMMAND: GET /session/3a666e1e6263059a660801b53c4ba30d/screenshot - {}
RESULT: {}
COMMAND: POST /session/3a666e1e6263059a660801b53c4ba30d/elements - {"using":"xpath","value":"//span[text()='Error']"}
RESULT: {"using":"xpath","value":"//span[text()='Error']"}
COMMAND: POST /session/3a666e1e6263059a660801b53c4ba30d/element - {"using":"xpath","value":"(//span[contains(@class ,\"sapMObjStatusText\")])[1]"}
RESULT: {"using":"xpath","value":"(//span[contains(@class ,\"sapMObjStatusText\")])[1]"}
COMMAND: POST /session/3a666e1e6263059a660801b53c4ba30d/execute/sync - {"script":"<script> [8489 bytes]","args":[{"element-6066-11e4-a52e-4f735466cecf":"f.35BA612EB9C2194724D060812FEF357B.d.18BCAA0B081697FDCA4C9462AA649DD4.e.11082","ELEMENT":"f.35BA612EB9C2194724D060812FEF357B.d.18BCAA0B081697FDCA4C9462AA649DD4.e.11082"}]}
RESULT: {"script":"<script> [8489 bytes]","args":[{"element-6066-11e4-a52e-4f735466cecf":"f.35BA612EB9C2194724D060812FEF357B.d.18BCAA0B081697FDCA4C9462AA649DD4.e.11082","ELEMENT":"f.35BA612EB9C2194724D060812FEF357B.d.18BCAA0B081697FDCA4C9462AA649DD4.e.11082"}]}
COMMAND: POST /session/3a666e1e6263059a660801b53c4ba30d/element - {"using":"xpath","value":"//button[contains(@data-kt ,\"btnCreateNewOverflowToolbarButton\")]"}
COMMAND: GET /session/3a666e1e6263059a660801b53c4ba30d/screenshot - {}
RESULT: {"using":"xpath","value":"//button[contains(@data-kt ,\"btnCreateNewOverflowToolbarButton\")]"}
COMMAND: POST /session/3a666e1e6263059a660801b53c4ba30d/element/f.35BA612EB9C2194724D060812FEF357B.d.18BCAA0B081697FDCA4C9462AA649DD4.e.11043/click - {}
RESULT: {}
RESULT: {}
COMMAND: GET /session/3a666e1e6263059a660801b53c4ba30d/screenshot - {}
RESULT: {}
COMMAND: POST /session/3a666e1e6263059a660801b53c4ba30d/element - {"using":"xpath","value":"//input[contains(@id ,\"yardId-inner\")]"}
RESULT: {"using":"xpath","value":"//input[contains(@id ,\"yardId-inner\")]"}
COMMAND: POST /session/3a666e1e6263059a660801b53c4ba30d/execute/sync - {"script":"<script> [8489 bytes]","args":[{"element-6066-11e4-a52e-4f735466cecf":"f.35BA612EB9C2194724D060812FEF357B.d.18BCAA0B081697FDCA4C9462AA649DD4.e.11166","ELEMENT":"f.35BA612EB9C2194724D060812FEF357B.d.18BCAA0B081697FDCA4C9462AA649DD4.e.11166"}]}
RESULT: {"script":"<script> [8489 bytes]","args":[{"element-6066-11e4-a52e-4f735466cecf":"f.35BA612EB9C2194724D060812FEF357B.d.18BCAA0B081697FDCA4C9462AA649DD4.e.11166","ELEMENT":"f.35BA612EB9C2194724D060812FEF357B.d.18BCAA0B081697FDCA4C9462AA649DD4.e.11166"}]}
COMMAND: POST /session/3a666e1e6263059a660801b53c4ba30d/element - {"using":"xpath","value":"//input[contains(@id ,\"yardId-inner\")]"}
RESULT: {"using":"xpath","value":"//input[contains(@id ,\"yardId-inner\")]"}
COMMAND: GET /session/3a666e1e6263059a660801b53c4ba30d/element/f.35BA612EB9C2194724D060812FEF357B.d.18BCAA0B081697FDCA4C9462AA649DD4.e.11166/enabled - {}
RESULT: {}
COMMAND: POST /session/3a666e1e6263059a660801b53c4ba30d/element/f.35BA612EB9C2194724D060812FEF357B.d.18BCAA0B081697FDCA4C9462AA649DD4.e.11166/clear - {}
COMMAND: GET /session/3a666e1e6263059a660801b53c4ba30d/screenshot - {}
COMMAND: GET /session/3a666e1e6263059a660801b53c4ba30d/screenshot - {}
RESULT: {}
COMMAND: POST /session/3a666e1e6263059a660801b53c4ba30d/element/f.35BA612EB9C2194724D060812FEF357B.d.18BCAA0B081697FDCA4C9462AA649DD4.e.11166/value - {"text":"WebdriverYardv16ue"}
RESULT: {}
RESULT: {}
COMMAND: GET /session/3a666e1e6263059a660801b53c4ba30d/screenshot - {}
RESULT: {"text":"WebdriverYardv16ue"}
COMMAND: GET /session/3a666e1e6263059a660801b53c4ba30d/screenshot - {}
RESULT: {}
RESULT: {}
COMMAND: POST /session/3a666e1e6263059a660801b53c4ba30d/actions - {"actions":[{"id":"action83","type":"key","parameters":{},"actions":[{"type":"keyDown","value":""},{"type":"pause","duration":10},{"type":"keyUp","value":""}]}]}
RESULT: {"actions":[{"id":"action83","type":"key","parameters":{},"actions":[{"type":"keyDown","value":""},{"type":"pause","duration":10},{"type":"keyUp","value":""}]}]}
COMMAND: GET /session/3a666e1e6263059a660801b53c4ba30d/screenshot - {}
RESULT: {}
COMMAND: POST /session/3a666e1e6263059a660801b53c4ba30d/element - {"using":"xpath","value":"//input[contains(@id ,\"customerNumber-inner\")]"}
RESULT: {"using":"xpath","value":"//input[contains(@id ,\"customerNumber-inner\")]"}
COMMAND: POST /session/3a666e1e6263059a660801b53c4ba30d/element/f.35BA612EB9C2194724D060812FEF357B.d.18BCAA0B081697FDCA4C9462AA649DD4.e.11162/value - {"text":"WebdriverPartner1231fg"}
RESULT: {"text":"WebdriverPartner1231fg"}
COMMAND: GET /session/3a666e1e6263059a660801b53c4ba30d/screenshot - {}
RESULT: {}
COMMAND: POST /session/3a666e1e6263059a660801b53c4ba30d/actions - {"actions":[{"id":"action84","type":"key","parameters":{},"actions":[{"type":"keyDown","value":""},{"type":"pause","duration":10},{"type":"keyUp","value":""}]}]}
RESULT: {"actions":[{"id":"action84","type":"key","parameters":{},"actions":[{"type":"keyDown","value":""},{"type":"pause","duration":10},{"type":"keyUp","value":""}]}]}
COMMAND: GET /session/3a666e1e6263059a660801b53c4ba30d/screenshot - {}
RESULT: {}
COMMAND: GET /session/3a666e1e6263059a660801b53c4ba30d/element/f.35BA612EB9C2194724D060812FEF357B.d.18BCAA0B081697FDCA4C9462AA649DD4.e.11162/property/value - {}
RESULT: {}
COMMAND: POST /session/3a666e1e6263059a660801b53c4ba30d/element/f.35BA612EB9C2194724D060812FEF357B.d.18BCAA0B081697FDCA4C9462AA649DD4.e.11162/value - {"text":"WebdriverPartner1231fg"}
COMMAND: GET /session/3a666e1e6263059a660801b53c4ba30d/screenshot - {}
RESULT: {"text":"WebdriverPartner1231fg"}
COMMAND: GET /session/3a666e1e6263059a660801b53c4ba30d/screenshot - {}
RESULT: {}
RESULT: {}
COMMAND: POST /session/3a666e1e6263059a660801b53c4ba30d/actions - {"actions":[{"id":"action85","type":"key","parameters":{},"actions":[{"type":"keyDown","value":""},{"type":"pause","duration":10},{"type":"keyUp","value":""}]}]}
RESULT: {"actions":[{"id":"action85","type":"key","parameters":{},"actions":[{"type":"keyDown","value":""},{"type":"pause","duration":10},{"type":"keyUp","value":""}]}]}
COMMAND: GET /session/3a666e1e6263059a660801b53c4ba30d/screenshot - {}
RESULT: {}
COMMAND: POST /session/3a666e1e6263059a660801b53c4ba30d/element - {"using":"xpath","value":"//input[contains(@id ,\"requestSiteId-inner\")]"}
RESULT: {"using":"xpath","value":"//input[contains(@id ,\"requestSiteId-inner\")]"}
COMMAND: POST /session/3a666e1e6263059a660801b53c4ba30d/element/f.35BA612EB9C2194724D060812FEF357B.d.18BCAA0B081697FDCA4C9462AA649DD4.e.11161/value - {"text":"WebdriverSiteegvc"}
RESULT: {"text":"WebdriverSiteegvc"}
COMMAND: GET /session/3a666e1e6263059a660801b53c4ba30d/screenshot - {}
RESULT: {}
COMMAND: POST /session/3a666e1e6263059a660801b53c4ba30d/actions - {"actions":[{"id":"action86","type":"key","parameters":{},"actions":[{"type":"keyDown","value":""},{"type":"pause","duration":10},{"type":"keyUp","value":""}]}]}
RESULT: {"actions":[{"id":"action86","type":"key","parameters":{},"actions":[{"type":"keyDown","value":""},{"type":"pause","duration":10},{"type":"keyUp","value":""}]}]}
COMMAND: GET /session/3a666e1e6263059a660801b53c4ba30d/screenshot - {}
RESULT: {}
COMMAND: POST /session/3a666e1e6263059a660801b53c4ba30d/element - {"using":"xpath","value":"//button[contains(@data-kt ,\"requestItemAddOverflowToolbarButton\")]"}
RESULT: {"using":"xpath","value":"//button[contains(@data-kt ,\"requestItemAddOverflowToolbarButton\")]"}
COMMAND: POST /session/3a666e1e6263059a660801b53c4ba30d/element/f.35BA612EB9C2194724D060812FEF357B.d.18BCAA0B081697FDCA4C9462AA649DD4.e.11348/click - {}
RESULT: {}
COMMAND: GET /session/3a666e1e6263059a660801b53c4ba30d/screenshot - {}
RESULT: {}
COMMAND: POST /session/3a666e1e6263059a660801b53c4ba30d/actions - {"actions":[{"id":"action87","type":"key","parameters":{},"actions":[{"type":"keyDown","value":""},{"type":"pause","duration":10},{"type":"keyUp","value":""}]}]}
RESULT: {"actions":[{"id":"action87","type":"key","parameters":{},"actions":[{"type":"keyDown","value":""},{"type":"pause","duration":10},{"type":"keyUp","value":""}]}]}
COMMAND: POST /session/3a666e1e6263059a660801b53c4ba30d/actions - {"actions":[{"id":"action88","type":"key","parameters":{},"actions":[{"type":"keyDown","value":""},{"type":"pause","duration":10},{"type":"keyUp","value":""}]}]}
COMMAND: GET /session/3a666e1e6263059a660801b53c4ba30d/screenshot - {}
RESULT: {"actions":[{"id":"action88","type":"key","parameters":{},"actions":[{"type":"keyDown","value":""},{"type":"pause","duration":10},{"type":"keyUp","value":""}]}]}
COMMAND: GET /session/3a666e1e6263059a660801b53c4ba30d/screenshot - {}
RESULT: {}
RESULT: {}
COMMAND: POST /session/3a666e1e6263059a660801b53c4ba30d/element - {"using":"xpath","value":"(//input[contains(@id ,\"requestItemsTable-0-inner\")])[1]"}
RESULT: {"using":"xpath","value":"(//input[contains(@id ,\"requestItemsTable-0-inner\")])[1]"}
COMMAND: POST /session/3a666e1e6263059a660801b53c4ba30d/element/f.35BA612EB9C2194724D060812FEF357B.d.18BCAA0B081697FDCA4C9462AA649DD4.e.11352/clear - {}
RESULT: {}
COMMAND: POST /session/3a666e1e6263059a660801b53c4ba30d/element/f.35BA612EB9C2194724D060812FEF357B.d.18BCAA0B081697FDCA4C9462AA649DD4.e.11352/value - {"text":"catalogItemxgqvwh"}
COMMAND: GET /session/3a666e1e6263059a660801b53c4ba30d/screenshot - {}
RESULT: {"text":"catalogItemxgqvwh"}
COMMAND: GET /session/3a666e1e6263059a660801b53c4ba30d/screenshot - {}
RESULT: {}
RESULT: {}
COMMAND: POST /session/3a666e1e6263059a660801b53c4ba30d/actions - {"actions":[{"id":"action89","type":"key","parameters":{},"actions":[{"type":"keyDown","value":""},{"type":"pause","duration":10},{"type":"keyUp","value":""}]}]}
RESULT: {"actions":[{"id":"action89","type":"key","parameters":{},"actions":[{"type":"keyDown","value":""},{"type":"pause","duration":10},{"type":"keyUp","value":""}]}]}
COMMAND: GET /session/3a666e1e6263059a660801b53c4ba30d/screenshot - {}
RESULT: {}
COMMAND: POST /session/3a666e1e6263059a660801b53c4ba30d/execute/async - {"script":"<script> [1562 bytes]","args":[{"selector":{"controlType":"sap.ui.core.Icon","viewName":"etm.portal.ui.managerequests.view.NewRequest","properties":{"src":{"regex":{"source":"slim\\-arrow\\-down"}}},"ancestor":{"controlType":"sap.m.Button","viewName":"etm.portal.ui.managerequests.view.NewRequest","properties":{"icon":"sap-icon://slim-arrow-down"}}},"wdio_ui5_key":"etmportal.ui.managerequests.view.NewRequestsap.ui.core.Icon{\"src\":{\"regex\":{\"source\":\"slim\\\\-arrow\\\\-down\"}}}{\"controlType\":\"sap.m.Button\",\"viewName\":\"etm.portal.ui.managerequests.view.NewRequest\",\"properties\":{\"icon\":\"sap-icon://slim-arrow-down\"}}"}]}
RESULT: {"script":"<script> [1562 bytes]","args":[{"selector":{"controlType":"sap.ui.core.Icon","viewName":"etm.portal.ui.managerequests.view.NewRequest","properties":{"src":{"regex":{"source":"slim\\-arrow\\-down"}}},"ancestor":{"controlType":"sap.m.Button","viewName":"etm.portal.ui.managerequests.view.NewRequest","properties":{"icon":"sap-icon://slim-arrow-down"}}},"wdio_ui5_key":"etmportal.ui.managerequests.view.NewRequestsap.ui.core.Icon{\"src\":{\"regex\":{\"source\":\"slim\\\\-arrow\\\\-down\"}}}{\"controlType\":\"sap.m.Button\",\"viewName\":\"etm.portal.ui.managerequests.view.NewRequest\",\"properties\":{\"icon\":\"sap-icon://slim-arrow-down\"}}"}]}
RESULT: undefined
COMMAND: POST /session/3a666e1e6263059a660801b53c4ba30d/element - {"using":"xpath","value":"//div[contains(@data-kt ,\"splitAllocationObjectStatus\")]"}
RESULT: {"using":"xpath","value":"//div[contains(@data-kt ,\"splitAllocationObjectStatus\")]"}
COMMAND: POST /session/3a666e1e6263059a660801b53c4ba30d/elements - {"using":"xpath","value":"//div[contains(@data-kt ,\"splitAllocationObjectStatus\")]"}
RESULT: {"using":"xpath","value":"//div[contains(@data-kt ,\"splitAllocationObjectStatus\")]"}
COMMAND: POST /session/3a666e1e6263059a660801b53c4ba30d/execute/async - {"script":"<script> [1562 bytes]","args":[{"selector":{"controlType":"sap.ui.core.Icon","viewName":"etm.portal.ui.managerequests.view.NewRequest","properties":{"src":{"regex":{"source":"message\\-error"}}}},"wdio_ui5_key":"etmportal.ui.managerequests.view.NewRequestsap.ui.core.Icon{\"src\":{\"regex\":{\"source\":\"message\\\\-error\"}}}"}]}
RESULT: {"script":"<script> [1562 bytes]","args":[{"selector":{"controlType":"sap.ui.core.Icon","viewName":"etm.portal.ui.managerequests.view.NewRequest","properties":{"src":{"regex":{"source":"message\\-error"}}}},"wdio_ui5_key":"etmportal.ui.managerequests.view.NewRequestsap.ui.core.Icon{\"src\":{\"regex\":{\"source\":\"message\\\\-error\"}}}"}]}
RESULT: undefined
COMMAND: POST /session/3a666e1e6263059a660801b53c4ba30d/element - {"using":"xpath","value":"//*[@id=\"__status4-__xmlview59--requestItemsTable-0-icon\"]"}
RESULT: {"using":"xpath","value":"//*[@id=\"__status4-__xmlview59--requestItemsTable-0-icon\"]"}
COMMAND: POST /session/3a666e1e6263059a660801b53c4ba30d/element/f.35BA612EB9C2194724D060812FEF357B.d.18BCAA0B081697FDCA4C9462AA649DD4.e.11366/click - {}
RESULT: {}
COMMAND: POST /session/3a666e1e6263059a660801b53c4ba30d/execute/async - {"script":"<script> [1562 bytes]","args":[{"selector":{"controlType":"sap.ui.core.Icon","viewName":"etm.portal.ui.managerequests.view.NewRequest","properties":{"src":{"regex":{"source":"slim\\-arrow\\-down"}}},"searchOpenDialogs":true,"ancestor":{"id":"costObjectAdminTypeComboBox","viewName":"etm.portal.ui.managerequests.view.NewRequest","searchOpenDialogs":true}},"wdio_ui5_key":"etmportal.ui.managerequests.view.NewRequestsap.ui.core.Icon{\"src\":{\"regex\":{\"source\":\"slim\\\\-arrow\\\\-down\"}}}{\"id\":\"costObjectAdminTypeComboBox\",\"viewName\":\"etm.portal.ui.managerequests.view.NewRequest\",\"searchOpenDialogs\":true}"}]}
COMMAND: GET /session/3a666e1e6263059a660801b53c4ba30d/screenshot - {}
RESULT: {"script":"<script> [1562 bytes]","args":[{"selector":{"controlType":"sap.ui.core.Icon","viewName":"etm.portal.ui.managerequests.view.NewRequest","properties":{"src":{"regex":{"source":"slim\\-arrow\\-down"}}},"searchOpenDialogs":true,"ancestor":{"id":"costObjectAdminTypeComboBox","viewName":"etm.portal.ui.managerequests.view.NewRequest","searchOpenDialogs":true}},"wdio_ui5_key":"etmportal.ui.managerequests.view.NewRequestsap.ui.core.Icon{\"src\":{\"regex\":{\"source\":\"slim\\\\-arrow\\\\-down\"}}}{\"id\":\"costObjectAdminTypeComboBox\",\"viewName\":\"etm.portal.ui.managerequests.view.NewRequest\",\"searchOpenDialogs\":true}"}]}
RESULT: undefined
COMMAND: POST /session/3a666e1e6263059a660801b53c4ba30d/element - {"using":"xpath","value":"//*[@id=\"__xmlview59--costObjectAdminTypeComboBox-arrow\"]"}
RESULT: {}
RESULT: {"using":"xpath","value":"//*[@id=\"__xmlview59--costObjectAdminTypeComboBox-arrow\"]"}
COMMAND: POST /session/3a666e1e6263059a660801b53c4ba30d/element/f.35BA612EB9C2194724D060812FEF357B.d.18BCAA0B081697FDCA4C9462AA649DD4.e.11371/click - {}
RESULT: {}
COMMAND: POST /session/3a666e1e6263059a660801b53c4ba30d/execute/async - {"script":"<script> [1562 bytes]","args":[{"selector":{"controlType":"sap.m.StandardListItem","viewName":"etm.portal.ui.managerequests.view.NewRequest","properties":{"title":"Cost Center"},"searchOpenDialogs":true,"interaction":{"idSuffix":"titleText"}},"wdio_ui5_key":"etmportal.ui.managerequests.view.NewRequestsap.m.StandardListItem{\"title\":\"Cost Center\"}"}]}
COMMAND: GET /session/3a666e1e6263059a660801b53c4ba30d/screenshot - {}
RESULT: {"script":"<script> [1562 bytes]","args":[{"selector":{"controlType":"sap.m.StandardListItem","viewName":"etm.portal.ui.managerequests.view.NewRequest","properties":{"title":"Cost Center"},"searchOpenDialogs":true,"interaction":{"idSuffix":"titleText"}},"wdio_ui5_key":"etmportal.ui.managerequests.view.NewRequestsap.m.StandardListItem{\"title\":\"Cost Center\"}"}]}
RESULT: undefined
COMMAND: POST /session/3a666e1e6263059a660801b53c4ba30d/element - {"using":"xpath","value":"//*[@id=\"__item812\"]"}
RESULT: {}
RESULT: {"using":"xpath","value":"//*[@id=\"__item812\"]"}
COMMAND: POST /session/3a666e1e6263059a660801b53c4ba30d/element/f.35BA612EB9C2194724D060812FEF357B.d.18BCAA0B081697FDCA4C9462AA649DD4.e.11373/click - {}
RESULT: {}
COMMAND: GET /session/3a666e1e6263059a660801b53c4ba30d/screenshot - {}
RESULT: {}
COMMAND: POST /session/3a666e1e6263059a660801b53c4ba30d/execute/async - {"script":"<script> [1562 bytes]","args":[{"selector":{"controlType":"sap.ui.core.Icon","viewName":"etm.portal.ui.managerequests.view.NewRequest","properties":{"src":{"regex":{"source":"value\\-help"}}},"searchOpenDialogs":true},"wdio_ui5_key":"etmportal.ui.managerequests.view.NewRequestsap.ui.core.Icon{\"src\":{\"regex\":{\"source\":\"value\\\\-help\"}}}"}]}
RESULT: {"script":"<script> [1562 bytes]","args":[{"selector":{"controlType":"sap.ui.core.Icon","viewName":"etm.portal.ui.managerequests.view.NewRequest","properties":{"src":{"regex":{"source":"value\\-help"}}},"searchOpenDialogs":true},"wdio_ui5_key":"etmportal.ui.managerequests.view.NewRequestsap.ui.core.Icon{\"src\":{\"regex\":{\"source\":\"value\\\\-help\"}}}"}]}
RESULT: undefined
COMMAND: POST /session/3a666e1e6263059a660801b53c4ba30d/element - {"using":"xpath","value":"//*[@id=\"__xmlview59--costObjectIdComboBox-vhi\"]"}
RESULT: {"using":"xpath","value":"//*[@id=\"__xmlview59--costObjectIdComboBox-vhi\"]"}
COMMAND: POST /session/3a666e1e6263059a660801b53c4ba30d/element/f.35BA612EB9C2194724D060812FEF357B.d.18BCAA0B081697FDCA4C9462AA649DD4.e.11380/click - {}
RESULT: {}
COMMAND: POST /session/3a666e1e6263059a660801b53c4ba30d/execute/async - {"script":"<script> [1562 bytes]","args":[{"selector":{"controlType":"sap.m.SearchField","properties":{"placeholder":"Search"},"searchOpenDialogs":true,"interaction":{"idSuffix":"I"}},"wdio_ui5_key":"sapm.SearchField{\"placeholder\":\"Search\"}"}]}
COMMAND: GET /session/3a666e1e6263059a660801b53c4ba30d/screenshot - {}
RESULT: {"script":"<script> [1562 bytes]","args":[{"selector":{"controlType":"sap.m.SearchField","properties":{"placeholder":"Search"},"searchOpenDialogs":true,"interaction":{"idSuffix":"I"}},"wdio_ui5_key":"sapm.SearchField{\"placeholder\":\"Search\"}"}]}
RESULT: undefined
COMMAND: POST /session/3a666e1e6263059a660801b53c4ba30d/execute/async - {"script":"<script> [776 bytes]","args":[{"enterText":"10001010","selector":{"controlType":"sap.m.SearchField","properties":{"placeholder":"Search"},"searchOpenDialogs":true,"interaction":{"idSuffix":"I"}},"clearTextFirst":true,"interactionType":"ENTER_TEXT"}]}
RESULT: {}
RESULT: {"script":"<script> [776 bytes]","args":[{"enterText":"10001010","selector":{"controlType":"sap.m.SearchField","properties":{"placeholder":"Search"},"searchOpenDialogs":true,"interaction":{"idSuffix":"I"}},"clearTextFirst":true,"interactionType":"ENTER_TEXT"}]}
COMMAND: POST /session/3a666e1e6263059a660801b53c4ba30d/actions - {"actions":[{"id":"action90","type":"key","parameters":{},"actions":[{"type":"keyDown","value":""},{"type":"pause","duration":10},{"type":"keyUp","value":""}]}]}
RESULT: {"actions":[{"id":"action90","type":"key","parameters":{},"actions":[{"type":"keyDown","value":""},{"type":"pause","duration":10},{"type":"keyUp","value":""}]}]}
COMMAND: GET /session/3a666e1e6263059a660801b53c4ba30d/screenshot - {}
RESULT: {}
COMMAND: POST /session/3a666e1e6263059a660801b53c4ba30d/execute/async - {"script":"<script> [1562 bytes]","args":[{"selector":{"controlType":"sap.m.Text","bindingPath":{"path":"/C_CostCtrValueHelp(CostCenter='10001010',ControllingArea='Z001')","propertyPath":"CostCenterName","modelName":"CostCenterModel"},"searchOpenDialogs":true},"wdio_ui5_key":"sapm.Text{\"path\":\"/C_CostCtrValueHelp(CostCenter='10001010',ControllingArea='Z001')\",\"propertyPath\":\"CostCenterName\",\"modelName\":\"CostCenterModel\"}"}]}
RESULT: {"script":"<script> [1562 bytes]","args":[{"selector":{"controlType":"sap.m.Text","bindingPath":{"path":"/C_CostCtrValueHelp(CostCenter='10001010',ControllingArea='Z001')","propertyPath":"CostCenterName","modelName":"CostCenterModel"},"searchOpenDialogs":true},"wdio_ui5_key":"sapm.Text{\"path\":\"/C_CostCtrValueHelp(CostCenter='10001010',ControllingArea='Z001')\",\"propertyPath\":\"CostCenterName\",\"modelName\":\"CostCenterModel\"}"}]}
RESULT: undefined
COMMAND: POST /session/3a666e1e6263059a660801b53c4ba30d/element - {"using":"xpath","value":"//*[@id=\"__text287-__clone958\"]"}
RESULT: {"using":"xpath","value":"//*[@id=\"__text287-__clone958\"]"}
COMMAND: POST /session/3a666e1e6263059a660801b53c4ba30d/element/f.35BA612EB9C2194724D060812FEF357B.d.18BCAA0B081697FDCA4C9462AA649DD4.e.11421/click - {}
RESULT: {}
COMMAND: POST /session/3a666e1e6263059a660801b53c4ba30d/execute/async - {"script":"<script> [1562 bytes]","args":[{"selector":{"controlType":"sap.m.Button","properties":{"text":"OK"},"searchOpenDialogs":true,"interaction":{"idSuffix":"BDI-content"}},"wdio_ui5_key":"sapm.Button{\"text\":\"OK\"}"}]}
COMMAND: GET /session/3a666e1e6263059a660801b53c4ba30d/screenshot - {}
RESULT: {"script":"<script> [1562 bytes]","args":[{"selector":{"controlType":"sap.m.Button","properties":{"text":"OK"},"searchOpenDialogs":true,"interaction":{"idSuffix":"BDI-content"}},"wdio_ui5_key":"sapm.Button{\"text\":\"OK\"}"}]}
RESULT: undefined
COMMAND: POST /session/3a666e1e6263059a660801b53c4ba30d/element - {"using":"xpath","value":"//*[@id=\"__dialog1-ok\"]"}
RESULT: {}
RESULT: {"using":"xpath","value":"//*[@id=\"__dialog1-ok\"]"}
COMMAND: POST /session/3a666e1e6263059a660801b53c4ba30d/element/f.35BA612EB9C2194724D060812FEF357B.d.18BCAA0B081697FDCA4C9462AA649DD4.e.11423/click - {}
RESULT: {}
COMMAND: GET /session/3a666e1e6263059a660801b53c4ba30d/screenshot - {}
RESULT: {}
COMMAND: POST /session/3a666e1e6263059a660801b53c4ba30d/execute/async - {"script":"<script> [1562 bytes]","args":[{"selector":{"controlType":"sap.m.Button","viewName":"etm.portal.ui.managerequests.view.NewRequest","i18NText":{"propertyName":"text","key":"save"},"searchOpenDialogs":true,"interaction":{"idSuffix":"BDI-content"}},"wdio_ui5_key":"etmportal.ui.managerequests.view.NewRequestsap.m.Button{\"propertyName\":\"text\",\"key\":\"save\"}"}]}
RESULT: {"script":"<script> [1562 bytes]","args":[{"selector":{"controlType":"sap.m.Button","viewName":"etm.portal.ui.managerequests.view.NewRequest","i18NText":{"propertyName":"text","key":"save"},"searchOpenDialogs":true,"interaction":{"idSuffix":"BDI-content"}},"wdio_ui5_key":"etmportal.ui.managerequests.view.NewRequestsap.m.Button{\"propertyName\":\"text\",\"key\":\"save\"}"}]}
RESULT: undefined
COMMAND: POST /session/3a666e1e6263059a660801b53c4ba30d/element - {"using":"xpath","value":"//*[@id=\"__button22\"]"}
RESULT: {"using":"xpath","value":"//*[@id=\"__button22\"]"}
COMMAND: POST /session/3a666e1e6263059a660801b53c4ba30d/element/f.35BA612EB9C2194724D060812FEF357B.d.18BCAA0B081697FDCA4C9462AA649DD4.e.11427/click - {}
RESULT: {}
COMMAND: GET /session/3a666e1e6263059a660801b53c4ba30d/screenshot - {}
RESULT: {}
COMMAND: POST /session/3a666e1e6263059a660801b53c4ba30d/element - {"using":"xpath","value":"(//bdi[contains(text() ,\"Save\")])[1]"}
RESULT: {"using":"xpath","value":"(//bdi[contains(text() ,\"Save\")])[1]"}
COMMAND: POST /session/3a666e1e6263059a660801b53c4ba30d/element/f.35BA612EB9C2194724D060812FEF357B.d.18BCAA0B081697FDCA4C9462AA649DD4.e.11430/click - {}
RESULT: {}
COMMAND: GET /session/3a666e1e6263059a660801b53c4ba30d/screenshot - {}
RESULT: {}
COMMAND: POST /session/3a666e1e6263059a660801b53c4ba30d/execute/async - {"script":"<script> [1562 bytes]","args":[{"selector":{"controlType":"sap.m.Title","properties":{"text":"Success"},"searchOpenDialogs":true},"wdio_ui5_key":"sapm.Title{\"text\":\"Success\"}"}]}
RESULT: {"script":"<script> [1562 bytes]","args":[{"selector":{"controlType":"sap.m.Title","properties":{"text":"Success"},"searchOpenDialogs":true},"wdio_ui5_key":"sapm.Title{\"text\":\"Success\"}"}]}
RESULT: undefined
COMMAND: POST /session/3a666e1e6263059a660801b53c4ba30d/execute/async - {"script":"<script> [6424 bytes]","args":[{"element-6066-11e4-a52e-4f735466cecf":"f.35BA612EB9C2194724D060812FEF357B.d.18BCAA0B081697FDCA4C9462AA649DD4.e.11433"},"getText",[]]}
RESULT: {"script":"<script> [6424 bytes]","args":[{"element-6066-11e4-a52e-4f735466cecf":"f.35BA612EB9C2194724D060812FEF357B.d.18BCAA0B081697FDCA4C9462AA649DD4.e.11433"},"getText",[]]}
COMMAND: POST /session/3a666e1e6263059a660801b53c4ba30d/execute/async - {"script":"<script> [1562 bytes]","args":[{"selector":{"controlType":"sap.m.Button","properties":{"text":"Close"},"searchOpenDialogs":true,"interaction":{"idSuffix":"BDI-content"}},"wdio_ui5_key":"sapm.Button{\"text\":\"Close\"}"}]}
RESULT: {"script":"<script> [1562 bytes]","args":[{"selector":{"controlType":"sap.m.Button","properties":{"text":"Close"},"searchOpenDialogs":true,"interaction":{"idSuffix":"BDI-content"}},"wdio_ui5_key":"sapm.Button{\"text\":\"Close\"}"}]}
RESULT: undefined
COMMAND: POST /session/3a666e1e6263059a660801b53c4ba30d/element - {"using":"xpath","value":"//*[@id=\"__mbox-btn-0\"]"}
RESULT: {"using":"xpath","value":"//*[@id=\"__mbox-btn-0\"]"}
COMMAND: POST /session/3a666e1e6263059a660801b53c4ba30d/element/f.35BA612EB9C2194724D060812FEF357B.d.18BCAA0B081697FDCA4C9462AA649DD4.e.11432/click - {}
RESULT: {}
COMMAND: GET /session/3a666e1e6263059a660801b53c4ba30d/screenshot - {}
RESULT: {}
COMMAND: POST /session/3a666e1e6263059a660801b53c4ba30d/execute/async - {"script":"<script> [1562 bytes]","args":[{"selector":{"controlType":"sap.m.Text","viewName":"etm.portal.ui.managerequests.view.Detail","bindingPath":{"propertyPath":"NO","modelName":"catalogModel"}},"wdio_ui5_key":"etmportal.ui.managerequests.view.Detailsap.m.Text{\"propertyPath\":\"NO\",\"modelName\":\"catalogModel\"}"}]}
RESULT: {"script":"<script> [1562 bytes]","args":[{"selector":{"controlType":"sap.m.Text","viewName":"etm.portal.ui.managerequests.view.Detail","bindingPath":{"propertyPath":"NO","modelName":"catalogModel"}},"wdio_ui5_key":"etmportal.ui.managerequests.view.Detailsap.m.Text{\"propertyPath\":\"NO\",\"modelName\":\"catalogModel\"}"}]}
RESULT: undefined
COMMAND: POST /session/3a666e1e6263059a660801b53c4ba30d/execute/async - {"script":"<script> [6424 bytes]","args":[{"element-6066-11e4-a52e-4f735466cecf":"f.35BA612EB9C2194724D060812FEF357B.d.18BCAA0B081697FDCA4C9462AA649DD4.e.11563"},"getText",[]]}
RESULT: {"script":"<script> [6424 bytes]","args":[{"element-6066-11e4-a52e-4f735466cecf":"f.35BA612EB9C2194724D060812FEF357B.d.18BCAA0B081697FDCA4C9462AA649DD4.e.11563"},"getText",[]]}
COMMAND: POST /session/3a666e1e6263059a660801b53c4ba30d/execute/async - {"script":"<script> [1562 bytes]","args":[{"selector":{"controlType":"sap.ui.core.Icon","viewName":"etm.portal.ui.managerequests.view.Detail","properties":{"src":{"regex":{"source":"date\\-time"}}},"ancestor":{"controlType":"sap.m.ColumnListItem","viewName":"etm.portal.ui.managerequests.view.Detail","bindingPath":{"path":"/SmartRequestItemsPlanningBoard(ITEM=10m,REQUEST='20214')"},"ancestor":{"id":"requestItemsTable","viewName":"etm.portal.ui.managerequests.view.Detail"}}},"wdio_ui5_key":"etmportal.ui.managerequests.view.Detailsap.ui.core.Icon{\"src\":{\"regex\":{\"source\":\"date\\\\-time\"}}}{\"controlType\":\"sap.m.ColumnListItem\",\"viewName\":\"etm.portal.ui.managerequests.view.Detail\",\"bindingPath\":{\"path\":\"/SmartRequestItemsPlanningBoard(ITEM=10m,REQUEST='20214')\"},\"ancestor\":{\"id\":\"requestItemsTable\",\"viewName\":\"etm.portal.ui.managerequests.view.Detail\"}}"}]}
RESULT: {"script":"<script> [1562 bytes]","args":[{"selector":{"controlType":"sap.ui.core.Icon","viewName":"etm.portal.ui.managerequests.view.Detail","properties":{"src":{"regex":{"source":"date\\-time"}}},"ancestor":{"controlType":"sap.m.ColumnListItem","viewName":"etm.portal.ui.managerequests.view.Detail","bindingPath":{"path":"/SmartRequestItemsPlanningBoard(ITEM=10m,REQUEST='20214')"},"ancestor":{"id":"requestItemsTable","viewName":"etm.portal.ui.managerequests.view.Detail"}}},"wdio_ui5_key":"etmportal.ui.managerequests.view.Detailsap.ui.core.Icon{\"src\":{\"regex\":{\"source\":\"date\\\\-time\"}}}{\"controlType\":\"sap.m.ColumnListItem\",\"viewName\":\"etm.portal.ui.managerequests.view.Detail\",\"bindingPath\":{\"path\":\"/SmartRequestItemsPlanningBoard(ITEM=10m,REQUEST='20214')\"},\"ancestor\":{\"id\":\"requestItemsTable\",\"viewName\":\"etm.portal.ui.managerequests.view.Detail\"}}"}]}
RESULT: undefined
COMMAND: POST /session/3a666e1e6263059a660801b53c4ba30d/element - {"using":"xpath","value":"//*[@id=\"__button37-__clone997-img\"]"}
RESULT: {"using":"xpath","value":"//*[@id=\"__button37-__clone997-img\"]"}
COMMAND: POST /session/3a666e1e6263059a660801b53c4ba30d/element/f.35BA612EB9C2194724D060812FEF357B.d.18BCAA0B081697FDCA4C9462AA649DD4.e.11564/click - {}
RESULT: {}
COMMAND: POST /session/3a666e1e6263059a660801b53c4ba30d/execute/async - {"script":"<script> [1562 bytes]","args":[{"selector":{"controlType":"sap.m.Button","viewName":"etm.portal.ui.managerequests.view.Detail","properties":{"text":"Close"},"searchOpenDialogs":true,"interaction":{"idSuffix":"BDI-content"}},"wdio_ui5_key":"etmportal.ui.managerequests.view.Detailsap.m.Button{\"text\":\"Close\"}"}]}
COMMAND: GET /session/3a666e1e6263059a660801b53c4ba30d/screenshot - {}
RESULT: {"script":"<script> [1562 bytes]","args":[{"selector":{"controlType":"sap.m.Button","viewName":"etm.portal.ui.managerequests.view.Detail","properties":{"text":"Close"},"searchOpenDialogs":true,"interaction":{"idSuffix":"BDI-content"}},"wdio_ui5_key":"etmportal.ui.managerequests.view.Detailsap.m.Button{\"text\":\"Close\"}"}]}
RESULT: undefined
COMMAND: POST /session/3a666e1e6263059a660801b53c4ba30d/element - {"using":"xpath","value":"//*[@id=\"__button45\"]"}
RESULT: {}
RESULT: {"using":"xpath","value":"//*[@id=\"__button45\"]"}
COMMAND: POST /session/3a666e1e6263059a660801b53c4ba30d/element/f.35BA612EB9C2194724D060812FEF357B.d.18BCAA0B081697FDCA4C9462AA649DD4.e.11566/click - {}
RESULT: {}
COMMAND: GET /session/3a666e1e6263059a660801b53c4ba30d/screenshot - {}
RESULT: {}
COMMAND: POST /session/3a666e1e6263059a660801b53c4ba30d/refresh - {}
RESULT: {}
COMMAND: GET /session/3a666e1e6263059a660801b53c4ba30d/screenshot - {}
RESULT: {}
COMMAND: POST /session/3a666e1e6263059a660801b53c4ba30d/execute/async - {"script":"<script> [189 bytes]","args":[]}
RESULT: {"script":"<script> [189 bytes]","args":[]}
COMMAND: POST /session/3a666e1e6263059a660801b53c4ba30d/execute/async - {"script":"<script> [123 bytes]","args":[]}
RESULT: {"script":"<script> [123 bytes]","args":[]}
COMMAND: POST /session/3a666e1e6263059a660801b53c4ba30d/timeouts - {"script":"<number>"}
RESULT: {"script":"<number>"}
COMMAND: GET /session/3a666e1e6263059a660801b53c4ba30d/timeouts - {}
RESULT: {}
RESULT: undefined
COMMAND: POST /session/3a666e1e6263059a660801b53c4ba30d/execute/async - {"script":"<script> [2676 bytes]","args":[]}
RESULT: {"script":"<script> [2676 bytes]","args":[]}
COMMAND: POST /session/3a666e1e6263059a660801b53c4ba30d/execute/async - {"script":"<script> [2342 bytes]","args":[{"protocol":"http","hostname":"0.0.0.0","path":"/","capabilities":{"browserName":"chrome","goog:chromeOptions":{"binary":"C:\\Program Files\\Google\\Chrome\\Application\\chrome.exe","args":["--start-maximized"]}},"logLevel":"warn","connectionRetryTimeout":120000,"connectionRetryCount":3,"logLevels":{},"enableDirectConnect":true,"strictSSL":true,"_":"65 more keys: [\"cacheDir\",\"port\",\"requestedCapabilities\",\"automationProtocol\",\"baseUrl\",\"waitforInterval\",\"waitforTimeout\",\"onReload\",\"beforeCommand\",\"afterCommand\",\"rootDir\",\"specs\",\"suites\",\"exclude\",\"groupLogsByTestSpec\",\"excludeDriverLogs\",\"bail\",\"framework\",\"reporters\",\"services\",\"maxInstances\",\"maxInstancesPerCapability\",\"injectGlobals\",\"filesToWatch\",\"execArgv\",\"runnerEnv\",\"runner\",\"shard\",\"specFileRetries\",\"specFileRetriesDelay\",\"specFileRetriesDeferred\",\"reporterSyncInterval\",\"reporterSyncTimeout\",\"cucumberFeaturesWithLineNumbers\",\"autoCompileOpts\",\"mochaOpts\",\"jasmineOpts\",\"cucumberOpts\",\"onPrepare\",\"onWorkerStart\",\"onWorkerEnd\",\"before\",\"beforeSession\",\"beforeSuite\",\"beforeHook\",\"beforeTest\",\"afterTest\",\"afterHook\",\"afterSuite\",\"afterSession\",\"after\",\"onComplete\",\"beforeAssertion\",\"afterAssertion\",\"beforeFeature\",\"beforeScenario\",\"beforeStep\",\"afterStep\",\"afterScenario\",\"afterFeature\",\"_\",\"suite\",\"$0\",\"ignoredWorkerServices\",\"wdi5\"]"}]}
RESULT: {"script":"<script> [2342 bytes]","args":[{"protocol":"http","hostname":"0.0.0.0","path":"/","capabilities":{"browserName":"chrome","goog:chromeOptions":{"binary":"C:\\Program Files\\Google\\Chrome\\Application\\chrome.exe","args":["--start-maximized"]}},"logLevel":"warn","connectionRetryTimeout":120000,"connectionRetryCount":3,"logLevels":{},"enableDirectConnect":true,"strictSSL":true,"_":"65 more keys: [\"cacheDir\",\"port\",\"requestedCapabilities\",\"automationProtocol\",\"baseUrl\",\"waitforInterval\",\"waitforTimeout\",\"onReload\",\"beforeCommand\",\"afterCommand\",\"rootDir\",\"specs\",\"suites\",\"exclude\",\"groupLogsByTestSpec\",\"excludeDriverLogs\",\"bail\",\"framework\",\"reporters\",\"services\",\"maxInstances\",\"maxInstancesPerCapability\",\"injectGlobals\",\"filesToWatch\",\"execArgv\",\"runnerEnv\",\"runner\",\"shard\",\"specFileRetries\",\"specFileRetriesDelay\",\"specFileRetriesDeferred\",\"reporterSyncInterval\",\"reporterSyncTimeout\",\"cucumberFeaturesWithLineNumbers\",\"autoCompileOpts\",\"mochaOpts\",\"jasmineOpts\",\"cucumberOpts\",\"onPrepare\",\"onWorkerStart\",\"onWorkerEnd\",\"before\",\"beforeSession\",\"beforeSuite\",\"beforeHook\",\"beforeTest\",\"afterTest\",\"afterHook\",\"afterSuite\",\"afterSession\",\"after\",\"onComplete\",\"beforeAssertion\",\"afterAssertion\",\"beforeFeature\",\"beforeScenario\",\"beforeStep\",\"afterStep\",\"afterScenario\",\"afterFeature\",\"_\",\"suite\",\"$0\",\"ignoredWorkerServices\",\"wdi5\"]"}]}
COMMAND: POST /session/3a666e1e6263059a660801b53c4ba30d/execute/async - {"script":"<script> [21126 bytes]","args":[35000]}
RESULT: {"script":"<script> [21126 bytes]","args":[35000]}
]]></system-out>
    </testcase>
    <testcase classname="chrome.136_0_7103_93.windows.Process_request_items_into_an_existing_quotation_US120163" name="Should process the request into an existing quotation" time="75.732">
      <system-out><![CDATA[
COMMAND: GET /session/3a666e1e6263059a660801b53c4ba30d/window - {}
RESULT: {}
COMMAND: POST /session/3a666e1e6263059a660801b53c4ba30d/element - {"using":"xpath","value":"//span[contains(@id ,\"detailHeaderTitle-_actionsToolbar-overflowButton-img\")]"}
RESULT: {"using":"xpath","value":"//span[contains(@id ,\"detailHeaderTitle-_actionsToolbar-overflowButton-img\")]"}
COMMAND: POST /session/3a666e1e6263059a660801b53c4ba30d/element/f.35BA612EB9C2194724D060812FEF357B.d.9636A05903BE329300629FBCC00C6ADF.e.11772/click - {}
RESULT: {}
COMMAND: GET /session/3a666e1e6263059a660801b53c4ba30d/screenshot - {}
RESULT: {}
COMMAND: POST /session/3a666e1e6263059a660801b53c4ba30d/element - {"using":"xpath","value":"//span[contains(@id ,\"actionsMenuButton-internalSplitBtn-arrowButton-img\")]"}
RESULT: {"using":"xpath","value":"//span[contains(@id ,\"actionsMenuButton-internalSplitBtn-arrowButton-img\")]"}
COMMAND: POST /session/3a666e1e6263059a660801b53c4ba30d/element/f.35BA612EB9C2194724D060812FEF357B.d.9636A05903BE329300629FBCC00C6ADF.e.11776/click - {}
RESULT: {}
COMMAND: GET /session/3a666e1e6263059a660801b53c4ba30d/screenshot - {}
RESULT: {}
COMMAND: POST /session/3a666e1e6263059a660801b53c4ba30d/actions - {"actions":[{"id":"action91","type":"key","parameters":{},"actions":[{"type":"keyDown","value":""},{"type":"pause","duration":10},{"type":"keyUp","value":""}]}]}
RESULT: {"actions":[{"id":"action91","type":"key","parameters":{},"actions":[{"type":"keyDown","value":""},{"type":"pause","duration":10},{"type":"keyUp","value":""}]}]}
COMMAND: GET /session/3a666e1e6263059a660801b53c4ba30d/screenshot - {}
RESULT: {}
COMMAND: POST /session/3a666e1e6263059a660801b53c4ba30d/actions - {"actions":[{"id":"action92","type":"key","parameters":{},"actions":[{"type":"keyDown","value":""},{"type":"pause","duration":10},{"type":"keyUp","value":""}]}]}
RESULT: {"actions":[{"id":"action92","type":"key","parameters":{},"actions":[{"type":"keyDown","value":""},{"type":"pause","duration":10},{"type":"keyUp","value":""}]}]}
COMMAND: GET /session/3a666e1e6263059a660801b53c4ba30d/screenshot - {}
RESULT: {}
COMMAND: POST /session/3a666e1e6263059a660801b53c4ba30d/actions - {"actions":[{"id":"action93","type":"key","parameters":{},"actions":[{"type":"keyDown","value":""},{"type":"pause","duration":10},{"type":"keyUp","value":""}]}]}
RESULT: {"actions":[{"id":"action93","type":"key","parameters":{},"actions":[{"type":"keyDown","value":""},{"type":"pause","duration":10},{"type":"keyUp","value":""}]}]}
COMMAND: GET /session/3a666e1e6263059a660801b53c4ba30d/screenshot - {}
RESULT: {}
COMMAND: POST /session/3a666e1e6263059a660801b53c4ba30d/actions - {"actions":[{"id":"action94","type":"key","parameters":{},"actions":[{"type":"keyDown","value":""},{"type":"pause","duration":10},{"type":"keyUp","value":""}]}]}
RESULT: {"actions":[{"id":"action94","type":"key","parameters":{},"actions":[{"type":"keyDown","value":""},{"type":"pause","duration":10},{"type":"keyUp","value":""}]}]}
COMMAND: GET /session/3a666e1e6263059a660801b53c4ba30d/screenshot - {}
RESULT: {}
COMMAND: POST /session/3a666e1e6263059a660801b53c4ba30d/element - {"using":"xpath","value":"//input[contains(@id ,\"quotationsSearchField-I\")]"}
RESULT: {"using":"xpath","value":"//input[contains(@id ,\"quotationsSearchField-I\")]"}
COMMAND: POST /session/3a666e1e6263059a660801b53c4ba30d/element/f.35BA612EB9C2194724D060812FEF357B.d.9636A05903BE329300629FBCC00C6ADF.e.11779/clear - {}
RESULT: {}
COMMAND: POST /session/3a666e1e6263059a660801b53c4ba30d/element/f.35BA612EB9C2194724D060812FEF357B.d.9636A05903BE329300629FBCC00C6ADF.e.11779/value - {"text":"WdIOQuotationjs90o"}
COMMAND: GET /session/3a666e1e6263059a660801b53c4ba30d/screenshot - {}
RESULT: {"text":"WdIOQuotationjs90o"}
COMMAND: GET /session/3a666e1e6263059a660801b53c4ba30d/screenshot - {}
RESULT: {}
RESULT: {}
COMMAND: POST /session/3a666e1e6263059a660801b53c4ba30d/actions - {"actions":[{"id":"action95","type":"key","parameters":{},"actions":[{"type":"keyDown","value":""},{"type":"pause","duration":10},{"type":"keyUp","value":""}]}]}
RESULT: {"actions":[{"id":"action95","type":"key","parameters":{},"actions":[{"type":"keyDown","value":""},{"type":"pause","duration":10},{"type":"keyUp","value":""}]}]}
COMMAND: GET /session/3a666e1e6263059a660801b53c4ba30d/screenshot - {}
RESULT: {}
COMMAND: POST /session/3a666e1e6263059a660801b53c4ba30d/element - {"using":"xpath","value":"//div[contains(@id ,\"selectSingle\")]"}
RESULT: {"using":"xpath","value":"//div[contains(@id ,\"selectSingle\")]"}
COMMAND: POST /session/3a666e1e6263059a660801b53c4ba30d/element/f.35BA612EB9C2194724D060812FEF357B.d.9636A05903BE329300629FBCC00C6ADF.e.11791/click - {}
RESULT: {}
COMMAND: GET /session/3a666e1e6263059a660801b53c4ba30d/screenshot - {}
RESULT: {}
COMMAND: POST /session/3a666e1e6263059a660801b53c4ba30d/element - {"using":"xpath","value":"//bdi[contains(text() ,\"Selection Done\")]"}
RESULT: {"using":"xpath","value":"//bdi[contains(text() ,\"Selection Done\")]"}
COMMAND: POST /session/3a666e1e6263059a660801b53c4ba30d/element/f.35BA612EB9C2194724D060812FEF357B.d.9636A05903BE329300629FBCC00C6ADF.e.11792/click - {}
RESULT: {}
COMMAND: GET /session/3a666e1e6263059a660801b53c4ba30d/screenshot - {}
RESULT: {}
COMMAND: POST /session/3a666e1e6263059a660801b53c4ba30d/actions - {"actions":[{"id":"action96","type":"key","parameters":{},"actions":[{"type":"keyDown","value":""},{"type":"pause","duration":10},{"type":"keyUp","value":""}]}]}
RESULT: {"actions":[{"id":"action96","type":"key","parameters":{},"actions":[{"type":"keyDown","value":""},{"type":"pause","duration":10},{"type":"keyUp","value":""}]}]}
COMMAND: GET /session/3a666e1e6263059a660801b53c4ba30d/screenshot - {}
RESULT: {}
COMMAND: POST /session/3a666e1e6263059a660801b53c4ba30d/actions - {"actions":[{"id":"action97","type":"key","parameters":{},"actions":[{"type":"keyDown","value":""},{"type":"pause","duration":10},{"type":"keyUp","value":""}]}]}
RESULT: {"actions":[{"id":"action97","type":"key","parameters":{},"actions":[{"type":"keyDown","value":""},{"type":"pause","duration":10},{"type":"keyUp","value":""}]}]}
COMMAND: GET /session/3a666e1e6263059a660801b53c4ba30d/screenshot - {}
RESULT: {}
COMMAND: GET /session/3a666e1e6263059a660801b53c4ba30d/window/handles - {}
RESULT: {}
COMMAND: GET /session/3a666e1e6263059a660801b53c4ba30d/window/handles - {}
RESULT: {}
COMMAND: POST /session/3a666e1e6263059a660801b53c4ba30d/window - {"handle":"C10C9F335A955D582BEA3C0E85C70413"}
RESULT: {"handle":"C10C9F335A955D582BEA3C0E85C70413"}
COMMAND: GET /session/3a666e1e6263059a660801b53c4ba30d/url - {}
RESULT: {}
COMMAND: GET /session/3a666e1e6263059a660801b53c4ba30d/screenshot - {}
RESULT: {}
COMMAND: POST /session/3a666e1e6263059a660801b53c4ba30d/element - {"using":"xpath","value":"//span[contains(text(), \"Header Billing Items\")]"}
RESULT: {"using":"xpath","value":"//span[contains(text(), \"Header Billing Items\")]"}
COMMAND: POST /session/3a666e1e6263059a660801b53c4ba30d/element/f.C10C9F335A955D582BEA3C0E85C70413.d.778DC81F6B8EFB75EFC6573C34CAD12B.e.12045/click - {}
RESULT: {}
COMMAND: GET /session/3a666e1e6263059a660801b53c4ba30d/screenshot - {}
RESULT: {}
COMMAND: POST /session/3a666e1e6263059a660801b53c4ba30d/element - {"using":"xpath","value":"//span[contains(@id ,\"contractItemsSmartTable-header-inner\")]"}
RESULT: {"using":"xpath","value":"//span[contains(@id ,\"contractItemsSmartTable-header-inner\")]"}
COMMAND: GET /session/3a666e1e6263059a660801b53c4ba30d/element/f.C10C9F335A955D582BEA3C0E85C70413.d.778DC81F6B8EFB75EFC6573C34CAD12B.e.12047/text - {}
RESULT: {}
COMMAND: POST /session/3a666e1e6263059a660801b53c4ba30d/element - {"using":"xpath","value":"//span[@class=\"sapMObjStatusText\"][contains(text(), \"proposed\")]"}
RESULT: {"using":"xpath","value":"//span[@class=\"sapMObjStatusText\"][contains(text(), \"proposed\")]"}
COMMAND: GET /session/3a666e1e6263059a660801b53c4ba30d/element/f.C10C9F335A955D582BEA3C0E85C70413.d.778DC81F6B8EFB75EFC6573C34CAD12B.e.12048/text - {}
RESULT: {}
COMMAND: DELETE /session/3a666e1e6263059a660801b53c4ba30d/window - {}
RESULT: {}
COMMAND: POST /session/3a666e1e6263059a660801b53c4ba30d/window - {"handle":"35BA612EB9C2194724D060812FEF357B"}
RESULT: {"handle":"35BA612EB9C2194724D060812FEF357B"}
COMMAND: GET /session/3a666e1e6263059a660801b53c4ba30d/url - {}
RESULT: {}
COMMAND: GET /session/3a666e1e6263059a660801b53c4ba30d/screenshot - {}
RESULT: {}
]]></system-out>
    </testcase>
    <testcase classname="chrome.136_0_7103_93.windows.Process_request_items_into_an_existing_quotation_US120163" name="Should navigate back to the request and check the request and item statuses" time="43.671">
      <system-out><![CDATA[
COMMAND: POST /session/3a666e1e6263059a660801b53c4ba30d/refresh - {}
RESULT: {}
COMMAND: GET /session/3a666e1e6263059a660801b53c4ba30d/screenshot - {}
RESULT: {}
COMMAND: POST /session/3a666e1e6263059a660801b53c4ba30d/execute/async - {"script":"<script> [189 bytes]","args":[]}
RESULT: {"script":"<script> [189 bytes]","args":[]}
COMMAND: POST /session/3a666e1e6263059a660801b53c4ba30d/execute/async - {"script":"<script> [123 bytes]","args":[]}
RESULT: {"script":"<script> [123 bytes]","args":[]}
COMMAND: POST /session/3a666e1e6263059a660801b53c4ba30d/timeouts - {"script":"<number>"}
RESULT: {"script":"<number>"}
COMMAND: GET /session/3a666e1e6263059a660801b53c4ba30d/timeouts - {}
RESULT: {}
RESULT: undefined
COMMAND: POST /session/3a666e1e6263059a660801b53c4ba30d/execute/async - {"script":"<script> [2676 bytes]","args":[]}
RESULT: {"script":"<script> [2676 bytes]","args":[]}
COMMAND: POST /session/3a666e1e6263059a660801b53c4ba30d/execute/async - {"script":"<script> [2342 bytes]","args":[{"protocol":"http","hostname":"0.0.0.0","path":"/","capabilities":{"browserName":"chrome","goog:chromeOptions":{"binary":"C:\\Program Files\\Google\\Chrome\\Application\\chrome.exe","args":["--start-maximized"]}},"logLevel":"warn","connectionRetryTimeout":120000,"connectionRetryCount":3,"logLevels":{},"enableDirectConnect":true,"strictSSL":true,"_":"65 more keys: [\"cacheDir\",\"port\",\"requestedCapabilities\",\"automationProtocol\",\"baseUrl\",\"waitforInterval\",\"waitforTimeout\",\"onReload\",\"beforeCommand\",\"afterCommand\",\"rootDir\",\"specs\",\"suites\",\"exclude\",\"groupLogsByTestSpec\",\"excludeDriverLogs\",\"bail\",\"framework\",\"reporters\",\"services\",\"maxInstances\",\"maxInstancesPerCapability\",\"injectGlobals\",\"filesToWatch\",\"execArgv\",\"runnerEnv\",\"runner\",\"shard\",\"specFileRetries\",\"specFileRetriesDelay\",\"specFileRetriesDeferred\",\"reporterSyncInterval\",\"reporterSyncTimeout\",\"cucumberFeaturesWithLineNumbers\",\"autoCompileOpts\",\"mochaOpts\",\"jasmineOpts\",\"cucumberOpts\",\"onPrepare\",\"onWorkerStart\",\"onWorkerEnd\",\"before\",\"beforeSession\",\"beforeSuite\",\"beforeHook\",\"beforeTest\",\"afterTest\",\"afterHook\",\"afterSuite\",\"afterSession\",\"after\",\"onComplete\",\"beforeAssertion\",\"afterAssertion\",\"beforeFeature\",\"beforeScenario\",\"beforeStep\",\"afterStep\",\"afterScenario\",\"afterFeature\",\"_\",\"suite\",\"$0\",\"ignoredWorkerServices\",\"wdi5\"]"}]}
RESULT: {"script":"<script> [2342 bytes]","args":[{"protocol":"http","hostname":"0.0.0.0","path":"/","capabilities":{"browserName":"chrome","goog:chromeOptions":{"binary":"C:\\Program Files\\Google\\Chrome\\Application\\chrome.exe","args":["--start-maximized"]}},"logLevel":"warn","connectionRetryTimeout":120000,"connectionRetryCount":3,"logLevels":{},"enableDirectConnect":true,"strictSSL":true,"_":"65 more keys: [\"cacheDir\",\"port\",\"requestedCapabilities\",\"automationProtocol\",\"baseUrl\",\"waitforInterval\",\"waitforTimeout\",\"onReload\",\"beforeCommand\",\"afterCommand\",\"rootDir\",\"specs\",\"suites\",\"exclude\",\"groupLogsByTestSpec\",\"excludeDriverLogs\",\"bail\",\"framework\",\"reporters\",\"services\",\"maxInstances\",\"maxInstancesPerCapability\",\"injectGlobals\",\"filesToWatch\",\"execArgv\",\"runnerEnv\",\"runner\",\"shard\",\"specFileRetries\",\"specFileRetriesDelay\",\"specFileRetriesDeferred\",\"reporterSyncInterval\",\"reporterSyncTimeout\",\"cucumberFeaturesWithLineNumbers\",\"autoCompileOpts\",\"mochaOpts\",\"jasmineOpts\",\"cucumberOpts\",\"onPrepare\",\"onWorkerStart\",\"onWorkerEnd\",\"before\",\"beforeSession\",\"beforeSuite\",\"beforeHook\",\"beforeTest\",\"afterTest\",\"afterHook\",\"afterSuite\",\"afterSession\",\"after\",\"onComplete\",\"beforeAssertion\",\"afterAssertion\",\"beforeFeature\",\"beforeScenario\",\"beforeStep\",\"afterStep\",\"afterScenario\",\"afterFeature\",\"_\",\"suite\",\"$0\",\"ignoredWorkerServices\",\"wdi5\"]"}]}
COMMAND: POST /session/3a666e1e6263059a660801b53c4ba30d/execute/async - {"script":"<script> [21126 bytes]","args":[35000]}
RESULT: {"script":"<script> [21126 bytes]","args":[35000]}
COMMAND: POST /session/3a666e1e6263059a660801b53c4ba30d/execute/async - {"script":"<script> [1562 bytes]","args":[{"selector":{"controlType":"sap.m.Text","viewName":"etm.portal.ui.managerequests.view.Detail","bindingPath":{"path":"/SmartRequestItemsPlanningBoard(ITEM=10m,REQUEST='20214')","propertyPath":"STATUS_DESC"}},"wdio_ui5_key":"etmportal.ui.managerequests.view.Detailsap.m.Text{\"path\":\"/SmartRequestItemsPlanningBoard(ITEM=10m,REQUEST='20214')\",\"propertyPath\":\"STATUS_DESC\"}"}]}
RESULT: {"script":"<script> [1562 bytes]","args":[{"selector":{"controlType":"sap.m.Text","viewName":"etm.portal.ui.managerequests.view.Detail","bindingPath":{"path":"/SmartRequestItemsPlanningBoard(ITEM=10m,REQUEST='20214')","propertyPath":"STATUS_DESC"}},"wdio_ui5_key":"etmportal.ui.managerequests.view.Detailsap.m.Text{\"path\":\"/SmartRequestItemsPlanningBoard(ITEM=10m,REQUEST='20214')\",\"propertyPath\":\"STATUS_DESC\"}"}]}
RESULT: undefined
COMMAND: POST /session/3a666e1e6263059a660801b53c4ba30d/execute/async - {"script":"<script> [6424 bytes]","args":[{"element-6066-11e4-a52e-4f735466cecf":"f.35BA612EB9C2194724D060812FEF357B.d.2192B5E8BD30EA333D559D7EF9B7E444.e.12250"},"getText",[]]}
RESULT: {"script":"<script> [6424 bytes]","args":[{"element-6066-11e4-a52e-4f735466cecf":"f.35BA612EB9C2194724D060812FEF357B.d.2192B5E8BD30EA333D559D7EF9B7E444.e.12250"},"getText",[]]}
COMMAND: POST /session/3a666e1e6263059a660801b53c4ba30d/execute/async - {"script":"<script> [1562 bytes]","args":[{"selector":{"controlType":"sap.m.ObjectStatus","viewName":"etm.portal.ui.managerequests.view.Detail","bindingPath":{"path":"/RequestHeaders('20214')","propertyPath":"LINK_TO_STATUS/DESCRIPTION","modelName":"catalogModel"}},"wdio_ui5_key":"etmportal.ui.managerequests.view.Detailsap.m.ObjectStatus{\"path\":\"/RequestHeaders('20214')\",\"propertyPath\":\"LINK_TO_STATUS/DESCRIPTION\",\"modelName\":\"catalogModel\"}"}]}
RESULT: {"script":"<script> [1562 bytes]","args":[{"selector":{"controlType":"sap.m.ObjectStatus","viewName":"etm.portal.ui.managerequests.view.Detail","bindingPath":{"path":"/RequestHeaders('20214')","propertyPath":"LINK_TO_STATUS/DESCRIPTION","modelName":"catalogModel"}},"wdio_ui5_key":"etmportal.ui.managerequests.view.Detailsap.m.ObjectStatus{\"path\":\"/RequestHeaders('20214')\",\"propertyPath\":\"LINK_TO_STATUS/DESCRIPTION\",\"modelName\":\"catalogModel\"}"}]}
RESULT: undefined
COMMAND: POST /session/3a666e1e6263059a660801b53c4ba30d/execute/async - {"script":"<script> [6424 bytes]","args":[{"element-6066-11e4-a52e-4f735466cecf":"f.35BA612EB9C2194724D060812FEF357B.d.2192B5E8BD30EA333D559D7EF9B7E444.e.12251"},"getText",[]]}
RESULT: {"script":"<script> [6424 bytes]","args":[{"element-6066-11e4-a52e-4f735466cecf":"f.35BA612EB9C2194724D060812FEF357B.d.2192B5E8BD30EA333D559D7EF9B7E444.e.12251"},"getText",[]]}
COMMAND: POST /session/3a666e1e6263059a660801b53c4ba30d/element - {"using":"css selector","value":"#shell-header-logo"}
RESULT: {"using":"css selector","value":"#shell-header-logo"}
COMMAND: POST /session/3a666e1e6263059a660801b53c4ba30d/element/f.35BA612EB9C2194724D060812FEF357B.d.2192B5E8BD30EA333D559D7EF9B7E444.e.12053/click - {}
RESULT: {}
COMMAND: GET /session/3a666e1e6263059a660801b53c4ba30d/screenshot - {}
COMMAND: POST /session/3a666e1e6263059a660801b53c4ba30d/refresh - {}
RESULT: {}
RESULT: {}
COMMAND: GET /session/3a666e1e6263059a660801b53c4ba30d/screenshot - {}
RESULT: {}
COMMAND: POST /session/3a666e1e6263059a660801b53c4ba30d/execute/async - {"script":"<script> [189 bytes]","args":[]}
RESULT: {"script":"<script> [189 bytes]","args":[]}
COMMAND: POST /session/3a666e1e6263059a660801b53c4ba30d/execute/async - {"script":"<script> [123 bytes]","args":[]}
RESULT: {"script":"<script> [123 bytes]","args":[]}
COMMAND: POST /session/3a666e1e6263059a660801b53c4ba30d/timeouts - {"script":"<number>"}
RESULT: {"script":"<number>"}
COMMAND: GET /session/3a666e1e6263059a660801b53c4ba30d/timeouts - {}
RESULT: {}
RESULT: undefined
COMMAND: POST /session/3a666e1e6263059a660801b53c4ba30d/execute/async - {"script":"<script> [2676 bytes]","args":[]}
RESULT: {"script":"<script> [2676 bytes]","args":[]}
COMMAND: POST /session/3a666e1e6263059a660801b53c4ba30d/execute/async - {"script":"<script> [2342 bytes]","args":[{"protocol":"http","hostname":"0.0.0.0","path":"/","capabilities":{"browserName":"chrome","goog:chromeOptions":{"binary":"C:\\Program Files\\Google\\Chrome\\Application\\chrome.exe","args":["--start-maximized"]}},"logLevel":"warn","connectionRetryTimeout":120000,"connectionRetryCount":3,"logLevels":{},"enableDirectConnect":true,"strictSSL":true,"_":"65 more keys: [\"cacheDir\",\"port\",\"requestedCapabilities\",\"automationProtocol\",\"baseUrl\",\"waitforInterval\",\"waitforTimeout\",\"onReload\",\"beforeCommand\",\"afterCommand\",\"rootDir\",\"specs\",\"suites\",\"exclude\",\"groupLogsByTestSpec\",\"excludeDriverLogs\",\"bail\",\"framework\",\"reporters\",\"services\",\"maxInstances\",\"maxInstancesPerCapability\",\"injectGlobals\",\"filesToWatch\",\"execArgv\",\"runnerEnv\",\"runner\",\"shard\",\"specFileRetries\",\"specFileRetriesDelay\",\"specFileRetriesDeferred\",\"reporterSyncInterval\",\"reporterSyncTimeout\",\"cucumberFeaturesWithLineNumbers\",\"autoCompileOpts\",\"mochaOpts\",\"jasmineOpts\",\"cucumberOpts\",\"onPrepare\",\"onWorkerStart\",\"onWorkerEnd\",\"before\",\"beforeSession\",\"beforeSuite\",\"beforeHook\",\"beforeTest\",\"afterTest\",\"afterHook\",\"afterSuite\",\"afterSession\",\"after\",\"onComplete\",\"beforeAssertion\",\"afterAssertion\",\"beforeFeature\",\"beforeScenario\",\"beforeStep\",\"afterStep\",\"afterScenario\",\"afterFeature\",\"_\",\"suite\",\"$0\",\"ignoredWorkerServices\",\"wdi5\"]"}]}
RESULT: {"script":"<script> [2342 bytes]","args":[{"protocol":"http","hostname":"0.0.0.0","path":"/","capabilities":{"browserName":"chrome","goog:chromeOptions":{"binary":"C:\\Program Files\\Google\\Chrome\\Application\\chrome.exe","args":["--start-maximized"]}},"logLevel":"warn","connectionRetryTimeout":120000,"connectionRetryCount":3,"logLevels":{},"enableDirectConnect":true,"strictSSL":true,"_":"65 more keys: [\"cacheDir\",\"port\",\"requestedCapabilities\",\"automationProtocol\",\"baseUrl\",\"waitforInterval\",\"waitforTimeout\",\"onReload\",\"beforeCommand\",\"afterCommand\",\"rootDir\",\"specs\",\"suites\",\"exclude\",\"groupLogsByTestSpec\",\"excludeDriverLogs\",\"bail\",\"framework\",\"reporters\",\"services\",\"maxInstances\",\"maxInstancesPerCapability\",\"injectGlobals\",\"filesToWatch\",\"execArgv\",\"runnerEnv\",\"runner\",\"shard\",\"specFileRetries\",\"specFileRetriesDelay\",\"specFileRetriesDeferred\",\"reporterSyncInterval\",\"reporterSyncTimeout\",\"cucumberFeaturesWithLineNumbers\",\"autoCompileOpts\",\"mochaOpts\",\"jasmineOpts\",\"cucumberOpts\",\"onPrepare\",\"onWorkerStart\",\"onWorkerEnd\",\"before\",\"beforeSession\",\"beforeSuite\",\"beforeHook\",\"beforeTest\",\"afterTest\",\"afterHook\",\"afterSuite\",\"afterSession\",\"after\",\"onComplete\",\"beforeAssertion\",\"afterAssertion\",\"beforeFeature\",\"beforeScenario\",\"beforeStep\",\"afterStep\",\"afterScenario\",\"afterFeature\",\"_\",\"suite\",\"$0\",\"ignoredWorkerServices\",\"wdi5\"]"}]}
COMMAND: POST /session/3a666e1e6263059a660801b53c4ba30d/execute/async - {"script":"<script> [21126 bytes]","args":[35000]}
RESULT: {"script":"<script> [21126 bytes]","args":[35000]}
]]></system-out>
    </testcase>
  </testsuite>
  <testsuite timestamp="2025-05-21T16:30:07" time="333.021" tests="3" failures="0" errors="0" skipped="0">
    <properties>
      <property name="specId" value="0"/>
      <property name="suiteName" value="Process request items into new quotation US120163"/>
      <property name="capabilities" value="chrome.136_0_7103_93.windows"/>
      <property name="file" value="file:///D:/a/1/s/test/specs/R2C/process-request-items-into-new-quotation.spec.js"/>
    </properties>
    <testcase classname="chrome.136_0_7103_93.windows.Process_request_items_into_new_quotation_US120163" name="Should create a new request with catalog items and plan it" time="198.722">
      <system-out><![CDATA[
COMMAND: POST /session/3a666e1e6263059a660801b53c4ba30d/execute/async - {"script":"<script> [1562 bytes]","args":[{"selector":{"controlType":"sap.m.GenericTile","properties":{"header":"Manage Requests"}},"wdio_ui5_key":"sapm.GenericTile{\"header\":\"Manage Requests\"}"}]}
RESULT: {"script":"<script> [1562 bytes]","args":[{"selector":{"controlType":"sap.m.GenericTile","properties":{"header":"Manage Requests"}},"wdio_ui5_key":"sapm.GenericTile{\"header\":\"Manage Requests\"}"}]}
RESULT: undefined
COMMAND: POST /session/3a666e1e6263059a660801b53c4ba30d/element - {"using":"xpath","value":"//*[@id=\"__tile47\"]"}
RESULT: {"using":"xpath","value":"//*[@id=\"__tile47\"]"}
COMMAND: POST /session/3a666e1e6263059a660801b53c4ba30d/element/f.35BA612EB9C2194724D060812FEF357B.d.E03534FB6AB0578F8AD8EB871610EC40.e.12277/click - {}
RESULT: {}
COMMAND: GET /session/3a666e1e6263059a660801b53c4ba30d/screenshot - {}
RESULT: {}
COMMAND: POST /session/3a666e1e6263059a660801b53c4ba30d/elements - {"using":"xpath","value":"//span[text()='Error']"}
RESULT: {"using":"xpath","value":"//span[text()='Error']"}
COMMAND: POST /session/3a666e1e6263059a660801b53c4ba30d/element - {"using":"xpath","value":"//button[contains(@data-kt ,\"btnCreateNewOverflowToolbarButton\")]"}
COMMAND: POST /session/3a666e1e6263059a660801b53c4ba30d/element - {"using":"xpath","value":"(//span[contains(@class ,\"sapMObjStatusText\")])[1]"}
RESULT: {"using":"xpath","value":"//button[contains(@data-kt ,\"btnCreateNewOverflowToolbarButton\")]"}
COMMAND: POST /session/3a666e1e6263059a660801b53c4ba30d/element/f.35BA612EB9C2194724D060812FEF357B.d.E03534FB6AB0578F8AD8EB871610EC40.e.12335/click - {}
RESULT: {"using":"xpath","value":"(//span[contains(@class ,\"sapMObjStatusText\")])[1]"}
COMMAND: POST /session/3a666e1e6263059a660801b53c4ba30d/execute/sync - {"script":"<script> [8489 bytes]","args":[{"element-6066-11e4-a52e-4f735466cecf":"f.35BA612EB9C2194724D060812FEF357B.d.E03534FB6AB0578F8AD8EB871610EC40.e.12373","ELEMENT":"f.35BA612EB9C2194724D060812FEF357B.d.E03534FB6AB0578F8AD8EB871610EC40.e.12373"}]}
RESULT: {}
COMMAND: GET /session/3a666e1e6263059a660801b53c4ba30d/screenshot - {}
COMMAND: POST /session/3a666e1e6263059a660801b53c4ba30d/element - {"using":"xpath","value":"(//span[contains(@class ,\"sapMObjStatusText\")])[1]"}
RESULT: {}
RESULT: {"using":"xpath","value":"(//span[contains(@class ,\"sapMObjStatusText\")])[1]"}
COMMAND: POST /session/3a666e1e6263059a660801b53c4ba30d/execute/sync - {"script":"<script> [8489 bytes]","args":[{"element-6066-11e4-a52e-4f735466cecf":"f.35BA612EB9C2194724D060812FEF357B.d.E03534FB6AB0578F8AD8EB871610EC40.e.12632","ELEMENT":"f.35BA612EB9C2194724D060812FEF357B.d.E03534FB6AB0578F8AD8EB871610EC40.e.12632"}]}
RESULT: {"script":"<script> [8489 bytes]","args":[{"element-6066-11e4-a52e-4f735466cecf":"f.35BA612EB9C2194724D060812FEF357B.d.E03534FB6AB0578F8AD8EB871610EC40.e.12632","ELEMENT":"f.35BA612EB9C2194724D060812FEF357B.d.E03534FB6AB0578F8AD8EB871610EC40.e.12632"}]}
COMMAND: GET /session/3a666e1e6263059a660801b53c4ba30d/screenshot - {}
RESULT: {}
COMMAND: POST /session/3a666e1e6263059a660801b53c4ba30d/element - {"using":"xpath","value":"//input[contains(@id ,\"yardId-inner\")]"}
RESULT: {"using":"xpath","value":"//input[contains(@id ,\"yardId-inner\")]"}
COMMAND: POST /session/3a666e1e6263059a660801b53c4ba30d/execute/sync - {"script":"<script> [8489 bytes]","args":[{"element-6066-11e4-a52e-4f735466cecf":"f.35BA612EB9C2194724D060812FEF357B.d.E03534FB6AB0578F8AD8EB871610EC40.e.12458","ELEMENT":"f.35BA612EB9C2194724D060812FEF357B.d.E03534FB6AB0578F8AD8EB871610EC40.e.12458"}]}
RESULT: {"script":"<script> [8489 bytes]","args":[{"element-6066-11e4-a52e-4f735466cecf":"f.35BA612EB9C2194724D060812FEF357B.d.E03534FB6AB0578F8AD8EB871610EC40.e.12458","ELEMENT":"f.35BA612EB9C2194724D060812FEF357B.d.E03534FB6AB0578F8AD8EB871610EC40.e.12458"}]}
COMMAND: POST /session/3a666e1e6263059a660801b53c4ba30d/element - {"using":"xpath","value":"//input[contains(@id ,\"yardId-inner\")]"}
COMMAND: GET /session/3a666e1e6263059a660801b53c4ba30d/screenshot - {}
RESULT: {"using":"xpath","value":"//input[contains(@id ,\"yardId-inner\")]"}
COMMAND: GET /session/3a666e1e6263059a660801b53c4ba30d/element/f.35BA612EB9C2194724D060812FEF357B.d.E03534FB6AB0578F8AD8EB871610EC40.e.12458/enabled - {}
RESULT: {}
RESULT: {}
COMMAND: POST /session/3a666e1e6263059a660801b53c4ba30d/element/f.35BA612EB9C2194724D060812FEF357B.d.E03534FB6AB0578F8AD8EB871610EC40.e.12458/clear - {}
COMMAND: GET /session/3a666e1e6263059a660801b53c4ba30d/screenshot - {}
RESULT: {}
COMMAND: POST /session/3a666e1e6263059a660801b53c4ba30d/element/f.35BA612EB9C2194724D060812FEF357B.d.E03534FB6AB0578F8AD8EB871610EC40.e.12458/value - {"text":"WebdriverYardv16ue"}
COMMAND: GET /session/3a666e1e6263059a660801b53c4ba30d/screenshot - {}
RESULT: {}
RESULT: {"text":"WebdriverYardv16ue"}
COMMAND: GET /session/3a666e1e6263059a660801b53c4ba30d/screenshot - {}
RESULT: {}
RESULT: {}
COMMAND: POST /session/3a666e1e6263059a660801b53c4ba30d/element - {"using":"xpath","value":"//input[contains(@id ,\"customerNumber-inner\")]"}
RESULT: {"using":"xpath","value":"//input[contains(@id ,\"customerNumber-inner\")]"}
COMMAND: POST /session/3a666e1e6263059a660801b53c4ba30d/element/f.35BA612EB9C2194724D060812FEF357B.d.E03534FB6AB0578F8AD8EB871610EC40.e.12454/value - {"text":"WebdriverPartner1231fg"}
COMMAND: POST /session/3a666e1e6263059a660801b53c4ba30d/actions - {"actions":[{"id":"action98","type":"key","parameters":{},"actions":[{"type":"keyDown","value":""},{"type":"pause","duration":10},{"type":"keyUp","value":""}]}]}
RESULT: {"text":"WebdriverPartner1231fg"}
COMMAND: GET /session/3a666e1e6263059a660801b53c4ba30d/screenshot - {}
RESULT: {"actions":[{"id":"action98","type":"key","parameters":{},"actions":[{"type":"keyDown","value":""},{"type":"pause","duration":10},{"type":"keyUp","value":""}]}]}
COMMAND: GET /session/3a666e1e6263059a660801b53c4ba30d/screenshot - {}
RESULT: {}
RESULT: {}
COMMAND: POST /session/3a666e1e6263059a660801b53c4ba30d/element/f.35BA612EB9C2194724D060812FEF357B.d.E03534FB6AB0578F8AD8EB871610EC40.e.12458/clear - {}
RESULT: {}
COMMAND: POST /session/3a666e1e6263059a660801b53c4ba30d/element/f.35BA612EB9C2194724D060812FEF357B.d.E03534FB6AB0578F8AD8EB871610EC40.e.12458/clear - {}
COMMAND: GET /session/3a666e1e6263059a660801b53c4ba30d/screenshot - {}
RESULT: {}
COMMAND: POST /session/3a666e1e6263059a660801b53c4ba30d/element/f.35BA612EB9C2194724D060812FEF357B.d.E03534FB6AB0578F8AD8EB871610EC40.e.12458/value - {"text":"WebdriverYardv16ue"}
COMMAND: GET /session/3a666e1e6263059a660801b53c4ba30d/screenshot - {}
RESULT: {}
RESULT: {"text":"WebdriverYardv16ue"}
COMMAND: GET /session/3a666e1e6263059a660801b53c4ba30d/screenshot - {}
RESULT: {}
COMMAND: POST /session/3a666e1e6263059a660801b53c4ba30d/actions - {"actions":[{"id":"action99","type":"key","parameters":{},"actions":[{"type":"keyDown","value":""},{"type":"pause","duration":10},{"type":"keyUp","value":""}]}]}
RESULT: {}
RESULT: {"actions":[{"id":"action99","type":"key","parameters":{},"actions":[{"type":"keyDown","value":""},{"type":"pause","duration":10},{"type":"keyUp","value":""}]}]}
COMMAND: GET /session/3a666e1e6263059a660801b53c4ba30d/screenshot - {}
RESULT: {}
COMMAND: GET /session/3a666e1e6263059a660801b53c4ba30d/element/f.35BA612EB9C2194724D060812FEF357B.d.E03534FB6AB0578F8AD8EB871610EC40.e.12454/property/value - {}
RESULT: {}
COMMAND: POST /session/3a666e1e6263059a660801b53c4ba30d/element - {"using":"xpath","value":"//input[contains(@id ,\"requestSiteId-inner\")]"}
COMMAND: GET /session/3a666e1e6263059a660801b53c4ba30d/screenshot - {}
RESULT: {"using":"xpath","value":"//input[contains(@id ,\"requestSiteId-inner\")]"}
COMMAND: POST /session/3a666e1e6263059a660801b53c4ba30d/element/f.35BA612EB9C2194724D060812FEF357B.d.E03534FB6AB0578F8AD8EB871610EC40.e.12453/value - {"text":"WebdriverSiteegvc"}
RESULT: {}
COMMAND: POST /session/3a666e1e6263059a660801b53c4ba30d/actions - {"actions":[{"id":"action100","type":"key","parameters":{},"actions":[{"type":"keyDown","value":""},{"type":"pause","duration":10},{"type":"keyUp","value":""}]}]}
RESULT: {"text":"WebdriverSiteegvc"}
COMMAND: GET /session/3a666e1e6263059a660801b53c4ba30d/screenshot - {}
RESULT: {"actions":[{"id":"action100","type":"key","parameters":{},"actions":[{"type":"keyDown","value":""},{"type":"pause","duration":10},{"type":"keyUp","value":""}]}]}
COMMAND: GET /session/3a666e1e6263059a660801b53c4ba30d/screenshot - {}
RESULT: {}
RESULT: {}
COMMAND: POST /session/3a666e1e6263059a660801b53c4ba30d/actions - {"actions":[{"id":"action101","type":"key","parameters":{},"actions":[{"type":"keyDown","value":""},{"type":"pause","duration":10},{"type":"keyUp","value":""}]}]}
RESULT: {"actions":[{"id":"action101","type":"key","parameters":{},"actions":[{"type":"keyDown","value":""},{"type":"pause","duration":10},{"type":"keyUp","value":""}]}]}
COMMAND: GET /session/3a666e1e6263059a660801b53c4ba30d/screenshot - {}
RESULT: {}
COMMAND: POST /session/3a666e1e6263059a660801b53c4ba30d/element - {"using":"xpath","value":"//button[contains(@data-kt ,\"requestItemAddOverflowToolbarButton\")]"}
RESULT: {"using":"xpath","value":"//button[contains(@data-kt ,\"requestItemAddOverflowToolbarButton\")]"}
COMMAND: POST /session/3a666e1e6263059a660801b53c4ba30d/element/f.35BA612EB9C2194724D060812FEF357B.d.E03534FB6AB0578F8AD8EB871610EC40.e.12640/click - {}
RESULT: {}
COMMAND: GET /session/3a666e1e6263059a660801b53c4ba30d/screenshot - {}
RESULT: {}
COMMAND: POST /session/3a666e1e6263059a660801b53c4ba30d/actions - {"actions":[{"id":"action102","type":"key","parameters":{},"actions":[{"type":"keyDown","value":""},{"type":"pause","duration":10},{"type":"keyUp","value":""}]}]}
RESULT: {"actions":[{"id":"action102","type":"key","parameters":{},"actions":[{"type":"keyDown","value":""},{"type":"pause","duration":10},{"type":"keyUp","value":""}]}]}
COMMAND: POST /session/3a666e1e6263059a660801b53c4ba30d/actions - {"actions":[{"id":"action103","type":"key","parameters":{},"actions":[{"type":"keyDown","value":""},{"type":"pause","duration":10},{"type":"keyUp","value":""}]}]}
COMMAND: GET /session/3a666e1e6263059a660801b53c4ba30d/screenshot - {}
RESULT: {"actions":[{"id":"action103","type":"key","parameters":{},"actions":[{"type":"keyDown","value":""},{"type":"pause","duration":10},{"type":"keyUp","value":""}]}]}
COMMAND: GET /session/3a666e1e6263059a660801b53c4ba30d/screenshot - {}
RESULT: {}
RESULT: {}
COMMAND: POST /session/3a666e1e6263059a660801b53c4ba30d/element - {"using":"xpath","value":"(//input[contains(@id ,\"requestItemsTable-0-inner\")])[1]"}
RESULT: {"using":"xpath","value":"(//input[contains(@id ,\"requestItemsTable-0-inner\")])[1]"}
COMMAND: POST /session/3a666e1e6263059a660801b53c4ba30d/element/f.35BA612EB9C2194724D060812FEF357B.d.E03534FB6AB0578F8AD8EB871610EC40.e.12644/clear - {}
RESULT: {}
COMMAND: POST /session/3a666e1e6263059a660801b53c4ba30d/element/f.35BA612EB9C2194724D060812FEF357B.d.E03534FB6AB0578F8AD8EB871610EC40.e.12644/value - {"text":"catalogItemxgqvwh"}
COMMAND: GET /session/3a666e1e6263059a660801b53c4ba30d/screenshot - {}
RESULT: {"text":"catalogItemxgqvwh"}
COMMAND: GET /session/3a666e1e6263059a660801b53c4ba30d/screenshot - {}
RESULT: {}
RESULT: {}
COMMAND: POST /session/3a666e1e6263059a660801b53c4ba30d/actions - {"actions":[{"id":"action104","type":"key","parameters":{},"actions":[{"type":"keyDown","value":""},{"type":"pause","duration":10},{"type":"keyUp","value":""}]}]}
RESULT: {"actions":[{"id":"action104","type":"key","parameters":{},"actions":[{"type":"keyDown","value":""},{"type":"pause","duration":10},{"type":"keyUp","value":""}]}]}
COMMAND: GET /session/3a666e1e6263059a660801b53c4ba30d/screenshot - {}
RESULT: {}
COMMAND: POST /session/3a666e1e6263059a660801b53c4ba30d/execute/async - {"script":"<script> [1562 bytes]","args":[{"selector":{"controlType":"sap.ui.core.Icon","viewName":"etm.portal.ui.managerequests.view.NewRequest","properties":{"src":{"regex":{"source":"slim\\-arrow\\-down"}}},"ancestor":{"controlType":"sap.m.Button","viewName":"etm.portal.ui.managerequests.view.NewRequest","properties":{"icon":"sap-icon://slim-arrow-down"}}},"wdio_ui5_key":"etmportal.ui.managerequests.view.NewRequestsap.ui.core.Icon{\"src\":{\"regex\":{\"source\":\"slim\\\\-arrow\\\\-down\"}}}{\"controlType\":\"sap.m.Button\",\"viewName\":\"etm.portal.ui.managerequests.view.NewRequest\",\"properties\":{\"icon\":\"sap-icon://slim-arrow-down\"}}"}]}
RESULT: {"script":"<script> [1562 bytes]","args":[{"selector":{"controlType":"sap.ui.core.Icon","viewName":"etm.portal.ui.managerequests.view.NewRequest","properties":{"src":{"regex":{"source":"slim\\-arrow\\-down"}}},"ancestor":{"controlType":"sap.m.Button","viewName":"etm.portal.ui.managerequests.view.NewRequest","properties":{"icon":"sap-icon://slim-arrow-down"}}},"wdio_ui5_key":"etmportal.ui.managerequests.view.NewRequestsap.ui.core.Icon{\"src\":{\"regex\":{\"source\":\"slim\\\\-arrow\\\\-down\"}}}{\"controlType\":\"sap.m.Button\",\"viewName\":\"etm.portal.ui.managerequests.view.NewRequest\",\"properties\":{\"icon\":\"sap-icon://slim-arrow-down\"}}"}]}
RESULT: undefined
COMMAND: POST /session/3a666e1e6263059a660801b53c4ba30d/element - {"using":"xpath","value":"//div[contains(@data-kt ,\"splitAllocationObjectStatus\")]"}
RESULT: {"using":"xpath","value":"//div[contains(@data-kt ,\"splitAllocationObjectStatus\")]"}
COMMAND: POST /session/3a666e1e6263059a660801b53c4ba30d/elements - {"using":"xpath","value":"//div[contains(@data-kt ,\"splitAllocationObjectStatus\")]"}
RESULT: {"using":"xpath","value":"//div[contains(@data-kt ,\"splitAllocationObjectStatus\")]"}
COMMAND: POST /session/3a666e1e6263059a660801b53c4ba30d/execute/async - {"script":"<script> [1562 bytes]","args":[{"selector":{"controlType":"sap.ui.core.Icon","viewName":"etm.portal.ui.managerequests.view.NewRequest","properties":{"src":{"regex":{"source":"message\\-error"}}}},"wdio_ui5_key":"etmportal.ui.managerequests.view.NewRequestsap.ui.core.Icon{\"src\":{\"regex\":{\"source\":\"message\\\\-error\"}}}"}]}
RESULT: {"script":"<script> [1562 bytes]","args":[{"selector":{"controlType":"sap.ui.core.Icon","viewName":"etm.portal.ui.managerequests.view.NewRequest","properties":{"src":{"regex":{"source":"message\\-error"}}}},"wdio_ui5_key":"etmportal.ui.managerequests.view.NewRequestsap.ui.core.Icon{\"src\":{\"regex\":{\"source\":\"message\\\\-error\"}}}"}]}
RESULT: undefined
COMMAND: POST /session/3a666e1e6263059a660801b53c4ba30d/element - {"using":"xpath","value":"//*[@id=\"__status4-__xmlview59--requestItemsTable-0-icon\"]"}
RESULT: {"using":"xpath","value":"//*[@id=\"__status4-__xmlview59--requestItemsTable-0-icon\"]"}
COMMAND: POST /session/3a666e1e6263059a660801b53c4ba30d/element/f.35BA612EB9C2194724D060812FEF357B.d.E03534FB6AB0578F8AD8EB871610EC40.e.12658/click - {}
RESULT: {}
COMMAND: POST /session/3a666e1e6263059a660801b53c4ba30d/execute/async - {"script":"<script> [1562 bytes]","args":[{"selector":{"controlType":"sap.ui.core.Icon","viewName":"etm.portal.ui.managerequests.view.NewRequest","properties":{"src":{"regex":{"source":"slim\\-arrow\\-down"}}},"searchOpenDialogs":true,"ancestor":{"id":"costObjectAdminTypeComboBox","viewName":"etm.portal.ui.managerequests.view.NewRequest","searchOpenDialogs":true}},"wdio_ui5_key":"etmportal.ui.managerequests.view.NewRequestsap.ui.core.Icon{\"src\":{\"regex\":{\"source\":\"slim\\\\-arrow\\\\-down\"}}}{\"id\":\"costObjectAdminTypeComboBox\",\"viewName\":\"etm.portal.ui.managerequests.view.NewRequest\",\"searchOpenDialogs\":true}"}]}
COMMAND: GET /session/3a666e1e6263059a660801b53c4ba30d/screenshot - {}
RESULT: {"script":"<script> [1562 bytes]","args":[{"selector":{"controlType":"sap.ui.core.Icon","viewName":"etm.portal.ui.managerequests.view.NewRequest","properties":{"src":{"regex":{"source":"slim\\-arrow\\-down"}}},"searchOpenDialogs":true,"ancestor":{"id":"costObjectAdminTypeComboBox","viewName":"etm.portal.ui.managerequests.view.NewRequest","searchOpenDialogs":true}},"wdio_ui5_key":"etmportal.ui.managerequests.view.NewRequestsap.ui.core.Icon{\"src\":{\"regex\":{\"source\":\"slim\\\\-arrow\\\\-down\"}}}{\"id\":\"costObjectAdminTypeComboBox\",\"viewName\":\"etm.portal.ui.managerequests.view.NewRequest\",\"searchOpenDialogs\":true}"}]}
RESULT: undefined
COMMAND: POST /session/3a666e1e6263059a660801b53c4ba30d/element - {"using":"xpath","value":"//*[@id=\"__xmlview59--costObjectAdminTypeComboBox-arrow\"]"}
RESULT: {}
RESULT: {"using":"xpath","value":"//*[@id=\"__xmlview59--costObjectAdminTypeComboBox-arrow\"]"}
COMMAND: POST /session/3a666e1e6263059a660801b53c4ba30d/element/f.35BA612EB9C2194724D060812FEF357B.d.E03534FB6AB0578F8AD8EB871610EC40.e.12663/click - {}
RESULT: {}
COMMAND: POST /session/3a666e1e6263059a660801b53c4ba30d/execute/async - {"script":"<script> [1562 bytes]","args":[{"selector":{"controlType":"sap.m.StandardListItem","viewName":"etm.portal.ui.managerequests.view.NewRequest","properties":{"title":"Cost Center"},"searchOpenDialogs":true,"interaction":{"idSuffix":"titleText"}},"wdio_ui5_key":"etmportal.ui.managerequests.view.NewRequestsap.m.StandardListItem{\"title\":\"Cost Center\"}"}]}
COMMAND: GET /session/3a666e1e6263059a660801b53c4ba30d/screenshot - {}
RESULT: {"script":"<script> [1562 bytes]","args":[{"selector":{"controlType":"sap.m.StandardListItem","viewName":"etm.portal.ui.managerequests.view.NewRequest","properties":{"title":"Cost Center"},"searchOpenDialogs":true,"interaction":{"idSuffix":"titleText"}},"wdio_ui5_key":"etmportal.ui.managerequests.view.NewRequestsap.m.StandardListItem{\"title\":\"Cost Center\"}"}]}
RESULT: undefined
COMMAND: POST /session/3a666e1e6263059a660801b53c4ba30d/element - {"using":"xpath","value":"//*[@id=\"__item811\"]"}
RESULT: {}
RESULT: {"using":"xpath","value":"//*[@id=\"__item811\"]"}
COMMAND: POST /session/3a666e1e6263059a660801b53c4ba30d/element/f.35BA612EB9C2194724D060812FEF357B.d.E03534FB6AB0578F8AD8EB871610EC40.e.12666/click - {}
RESULT: {}
COMMAND: GET /session/3a666e1e6263059a660801b53c4ba30d/screenshot - {}
RESULT: {}
COMMAND: POST /session/3a666e1e6263059a660801b53c4ba30d/execute/async - {"script":"<script> [1562 bytes]","args":[{"selector":{"controlType":"sap.ui.core.Icon","viewName":"etm.portal.ui.managerequests.view.NewRequest","properties":{"src":{"regex":{"source":"value\\-help"}}},"searchOpenDialogs":true},"wdio_ui5_key":"etmportal.ui.managerequests.view.NewRequestsap.ui.core.Icon{\"src\":{\"regex\":{\"source\":\"value\\\\-help\"}}}"}]}
RESULT: {"script":"<script> [1562 bytes]","args":[{"selector":{"controlType":"sap.ui.core.Icon","viewName":"etm.portal.ui.managerequests.view.NewRequest","properties":{"src":{"regex":{"source":"value\\-help"}}},"searchOpenDialogs":true},"wdio_ui5_key":"etmportal.ui.managerequests.view.NewRequestsap.ui.core.Icon{\"src\":{\"regex\":{\"source\":\"value\\\\-help\"}}}"}]}
RESULT: undefined
COMMAND: POST /session/3a666e1e6263059a660801b53c4ba30d/element - {"using":"xpath","value":"//*[@id=\"__xmlview59--costObjectIdComboBox-vhi\"]"}
RESULT: {"using":"xpath","value":"//*[@id=\"__xmlview59--costObjectIdComboBox-vhi\"]"}
COMMAND: POST /session/3a666e1e6263059a660801b53c4ba30d/element/f.35BA612EB9C2194724D060812FEF357B.d.E03534FB6AB0578F8AD8EB871610EC40.e.12673/click - {}
RESULT: {}
COMMAND: POST /session/3a666e1e6263059a660801b53c4ba30d/execute/async - {"script":"<script> [1562 bytes]","args":[{"selector":{"controlType":"sap.m.SearchField","properties":{"placeholder":"Search"},"searchOpenDialogs":true,"interaction":{"idSuffix":"I"}},"wdio_ui5_key":"sapm.SearchField{\"placeholder\":\"Search\"}"}]}
COMMAND: GET /session/3a666e1e6263059a660801b53c4ba30d/screenshot - {}
RESULT: {"script":"<script> [1562 bytes]","args":[{"selector":{"controlType":"sap.m.SearchField","properties":{"placeholder":"Search"},"searchOpenDialogs":true,"interaction":{"idSuffix":"I"}},"wdio_ui5_key":"sapm.SearchField{\"placeholder\":\"Search\"}"}]}
RESULT: undefined
COMMAND: POST /session/3a666e1e6263059a660801b53c4ba30d/execute/async - {"script":"<script> [776 bytes]","args":[{"enterText":"10001010","selector":{"controlType":"sap.m.SearchField","properties":{"placeholder":"Search"},"searchOpenDialogs":true,"interaction":{"idSuffix":"I"}},"clearTextFirst":true,"interactionType":"ENTER_TEXT"}]}
RESULT: {}
RESULT: {"script":"<script> [776 bytes]","args":[{"enterText":"10001010","selector":{"controlType":"sap.m.SearchField","properties":{"placeholder":"Search"},"searchOpenDialogs":true,"interaction":{"idSuffix":"I"}},"clearTextFirst":true,"interactionType":"ENTER_TEXT"}]}
COMMAND: POST /session/3a666e1e6263059a660801b53c4ba30d/actions - {"actions":[{"id":"action105","type":"key","parameters":{},"actions":[{"type":"keyDown","value":""},{"type":"pause","duration":10},{"type":"keyUp","value":""}]}]}
RESULT: {"actions":[{"id":"action105","type":"key","parameters":{},"actions":[{"type":"keyDown","value":""},{"type":"pause","duration":10},{"type":"keyUp","value":""}]}]}
COMMAND: GET /session/3a666e1e6263059a660801b53c4ba30d/screenshot - {}
RESULT: {}
COMMAND: POST /session/3a666e1e6263059a660801b53c4ba30d/execute/async - {"script":"<script> [1562 bytes]","args":[{"selector":{"controlType":"sap.m.Text","bindingPath":{"path":"/C_CostCtrValueHelp(CostCenter='10001010',ControllingArea='Z001')","propertyPath":"CostCenterName","modelName":"CostCenterModel"},"searchOpenDialogs":true},"wdio_ui5_key":"sapm.Text{\"path\":\"/C_CostCtrValueHelp(CostCenter='10001010',ControllingArea='Z001')\",\"propertyPath\":\"CostCenterName\",\"modelName\":\"CostCenterModel\"}"}]}
RESULT: {"script":"<script> [1562 bytes]","args":[{"selector":{"controlType":"sap.m.Text","bindingPath":{"path":"/C_CostCtrValueHelp(CostCenter='10001010',ControllingArea='Z001')","propertyPath":"CostCenterName","modelName":"CostCenterModel"},"searchOpenDialogs":true},"wdio_ui5_key":"sapm.Text{\"path\":\"/C_CostCtrValueHelp(CostCenter='10001010',ControllingArea='Z001')\",\"propertyPath\":\"CostCenterName\",\"modelName\":\"CostCenterModel\"}"}]}
RESULT: undefined
COMMAND: POST /session/3a666e1e6263059a660801b53c4ba30d/element - {"using":"xpath","value":"//*[@id=\"__text287-__clone952\"]"}
RESULT: {"using":"xpath","value":"//*[@id=\"__text287-__clone952\"]"}
COMMAND: POST /session/3a666e1e6263059a660801b53c4ba30d/element/f.35BA612EB9C2194724D060812FEF357B.d.E03534FB6AB0578F8AD8EB871610EC40.e.12713/click - {}
RESULT: {}
COMMAND: POST /session/3a666e1e6263059a660801b53c4ba30d/execute/async - {"script":"<script> [1562 bytes]","args":[{"selector":{"controlType":"sap.m.Button","properties":{"text":"OK"},"searchOpenDialogs":true,"interaction":{"idSuffix":"BDI-content"}},"wdio_ui5_key":"sapm.Button{\"text\":\"OK\"}"}]}
COMMAND: GET /session/3a666e1e6263059a660801b53c4ba30d/screenshot - {}
RESULT: {"script":"<script> [1562 bytes]","args":[{"selector":{"controlType":"sap.m.Button","properties":{"text":"OK"},"searchOpenDialogs":true,"interaction":{"idSuffix":"BDI-content"}},"wdio_ui5_key":"sapm.Button{\"text\":\"OK\"}"}]}
RESULT: undefined
COMMAND: POST /session/3a666e1e6263059a660801b53c4ba30d/element - {"using":"xpath","value":"//*[@id=\"__dialog1-ok\"]"}
RESULT: {}
RESULT: {"using":"xpath","value":"//*[@id=\"__dialog1-ok\"]"}
COMMAND: POST /session/3a666e1e6263059a660801b53c4ba30d/element/f.35BA612EB9C2194724D060812FEF357B.d.E03534FB6AB0578F8AD8EB871610EC40.e.12715/click - {}
RESULT: {}
COMMAND: GET /session/3a666e1e6263059a660801b53c4ba30d/screenshot - {}
RESULT: {}
COMMAND: POST /session/3a666e1e6263059a660801b53c4ba30d/execute/async - {"script":"<script> [1562 bytes]","args":[{"selector":{"controlType":"sap.m.Button","viewName":"etm.portal.ui.managerequests.view.NewRequest","i18NText":{"propertyName":"text","key":"save"},"searchOpenDialogs":true,"interaction":{"idSuffix":"BDI-content"}},"wdio_ui5_key":"etmportal.ui.managerequests.view.NewRequestsap.m.Button{\"propertyName\":\"text\",\"key\":\"save\"}"}]}
RESULT: {"script":"<script> [1562 bytes]","args":[{"selector":{"controlType":"sap.m.Button","viewName":"etm.portal.ui.managerequests.view.NewRequest","i18NText":{"propertyName":"text","key":"save"},"searchOpenDialogs":true,"interaction":{"idSuffix":"BDI-content"}},"wdio_ui5_key":"etmportal.ui.managerequests.view.NewRequestsap.m.Button{\"propertyName\":\"text\",\"key\":\"save\"}"}]}
RESULT: undefined
COMMAND: POST /session/3a666e1e6263059a660801b53c4ba30d/element - {"using":"xpath","value":"//*[@id=\"__button22\"]"}
RESULT: {"using":"xpath","value":"//*[@id=\"__button22\"]"}
COMMAND: POST /session/3a666e1e6263059a660801b53c4ba30d/element/f.35BA612EB9C2194724D060812FEF357B.d.E03534FB6AB0578F8AD8EB871610EC40.e.12719/click - {}
RESULT: {}
COMMAND: GET /session/3a666e1e6263059a660801b53c4ba30d/screenshot - {}
RESULT: {}
COMMAND: POST /session/3a666e1e6263059a660801b53c4ba30d/element - {"using":"xpath","value":"(//bdi[contains(text() ,\"Save\")])[1]"}
RESULT: {"using":"xpath","value":"(//bdi[contains(text() ,\"Save\")])[1]"}
COMMAND: POST /session/3a666e1e6263059a660801b53c4ba30d/element/f.35BA612EB9C2194724D060812FEF357B.d.E03534FB6AB0578F8AD8EB871610EC40.e.12721/click - {}
RESULT: {}
COMMAND: GET /session/3a666e1e6263059a660801b53c4ba30d/screenshot - {}
RESULT: {}
COMMAND: POST /session/3a666e1e6263059a660801b53c4ba30d/execute/async - {"script":"<script> [1562 bytes]","args":[{"selector":{"controlType":"sap.m.Title","properties":{"text":"Success"},"searchOpenDialogs":true},"wdio_ui5_key":"sapm.Title{\"text\":\"Success\"}"}]}
RESULT: {"script":"<script> [1562 bytes]","args":[{"selector":{"controlType":"sap.m.Title","properties":{"text":"Success"},"searchOpenDialogs":true},"wdio_ui5_key":"sapm.Title{\"text\":\"Success\"}"}]}
RESULT: undefined
COMMAND: POST /session/3a666e1e6263059a660801b53c4ba30d/execute/async - {"script":"<script> [6424 bytes]","args":[{"element-6066-11e4-a52e-4f735466cecf":"f.35BA612EB9C2194724D060812FEF357B.d.E03534FB6AB0578F8AD8EB871610EC40.e.12725"},"getText",[]]}
RESULT: {"script":"<script> [6424 bytes]","args":[{"element-6066-11e4-a52e-4f735466cecf":"f.35BA612EB9C2194724D060812FEF357B.d.E03534FB6AB0578F8AD8EB871610EC40.e.12725"},"getText",[]]}
COMMAND: POST /session/3a666e1e6263059a660801b53c4ba30d/execute/async - {"script":"<script> [1562 bytes]","args":[{"selector":{"controlType":"sap.m.Button","properties":{"text":"Close"},"searchOpenDialogs":true,"interaction":{"idSuffix":"BDI-content"}},"wdio_ui5_key":"sapm.Button{\"text\":\"Close\"}"}]}
RESULT: {"script":"<script> [1562 bytes]","args":[{"selector":{"controlType":"sap.m.Button","properties":{"text":"Close"},"searchOpenDialogs":true,"interaction":{"idSuffix":"BDI-content"}},"wdio_ui5_key":"sapm.Button{\"text\":\"Close\"}"}]}
RESULT: undefined
COMMAND: POST /session/3a666e1e6263059a660801b53c4ba30d/element - {"using":"xpath","value":"//*[@id=\"__mbox-btn-0\"]"}
RESULT: {"using":"xpath","value":"//*[@id=\"__mbox-btn-0\"]"}
COMMAND: POST /session/3a666e1e6263059a660801b53c4ba30d/element/f.35BA612EB9C2194724D060812FEF357B.d.E03534FB6AB0578F8AD8EB871610EC40.e.12723/click - {}
RESULT: {}
COMMAND: GET /session/3a666e1e6263059a660801b53c4ba30d/screenshot - {}
RESULT: {}
COMMAND: POST /session/3a666e1e6263059a660801b53c4ba30d/execute/async - {"script":"<script> [1562 bytes]","args":[{"selector":{"controlType":"sap.m.Text","viewName":"etm.portal.ui.managerequests.view.Detail","bindingPath":{"propertyPath":"NO","modelName":"catalogModel"}},"wdio_ui5_key":"etmportal.ui.managerequests.view.Detailsap.m.Text{\"propertyPath\":\"NO\",\"modelName\":\"catalogModel\"}"}]}
RESULT: {"script":"<script> [1562 bytes]","args":[{"selector":{"controlType":"sap.m.Text","viewName":"etm.portal.ui.managerequests.view.Detail","bindingPath":{"propertyPath":"NO","modelName":"catalogModel"}},"wdio_ui5_key":"etmportal.ui.managerequests.view.Detailsap.m.Text{\"propertyPath\":\"NO\",\"modelName\":\"catalogModel\"}"}]}
RESULT: undefined
COMMAND: POST /session/3a666e1e6263059a660801b53c4ba30d/execute/async - {"script":"<script> [6424 bytes]","args":[{"element-6066-11e4-a52e-4f735466cecf":"f.35BA612EB9C2194724D060812FEF357B.d.E03534FB6AB0578F8AD8EB871610EC40.e.12853"},"getText",[]]}
RESULT: {"script":"<script> [6424 bytes]","args":[{"element-6066-11e4-a52e-4f735466cecf":"f.35BA612EB9C2194724D060812FEF357B.d.E03534FB6AB0578F8AD8EB871610EC40.e.12853"},"getText",[]]}
COMMAND: POST /session/3a666e1e6263059a660801b53c4ba30d/execute/async - {"script":"<script> [1562 bytes]","args":[{"selector":{"controlType":"sap.ui.core.Icon","viewName":"etm.portal.ui.managerequests.view.Detail","properties":{"src":{"regex":{"source":"date\\-time"}}},"ancestor":{"controlType":"sap.m.ColumnListItem","viewName":"etm.portal.ui.managerequests.view.Detail","bindingPath":{"path":"/SmartRequestItemsPlanningBoard(ITEM=10m,REQUEST='20215')"},"ancestor":{"id":"requestItemsTable","viewName":"etm.portal.ui.managerequests.view.Detail"}}},"wdio_ui5_key":"etmportal.ui.managerequests.view.Detailsap.ui.core.Icon{\"src\":{\"regex\":{\"source\":\"date\\\\-time\"}}}{\"controlType\":\"sap.m.ColumnListItem\",\"viewName\":\"etm.portal.ui.managerequests.view.Detail\",\"bindingPath\":{\"path\":\"/SmartRequestItemsPlanningBoard(ITEM=10m,REQUEST='20215')\"},\"ancestor\":{\"id\":\"requestItemsTable\",\"viewName\":\"etm.portal.ui.managerequests.view.Detail\"}}"}]}
RESULT: {"script":"<script> [1562 bytes]","args":[{"selector":{"controlType":"sap.ui.core.Icon","viewName":"etm.portal.ui.managerequests.view.Detail","properties":{"src":{"regex":{"source":"date\\-time"}}},"ancestor":{"controlType":"sap.m.ColumnListItem","viewName":"etm.portal.ui.managerequests.view.Detail","bindingPath":{"path":"/SmartRequestItemsPlanningBoard(ITEM=10m,REQUEST='20215')"},"ancestor":{"id":"requestItemsTable","viewName":"etm.portal.ui.managerequests.view.Detail"}}},"wdio_ui5_key":"etmportal.ui.managerequests.view.Detailsap.ui.core.Icon{\"src\":{\"regex\":{\"source\":\"date\\\\-time\"}}}{\"controlType\":\"sap.m.ColumnListItem\",\"viewName\":\"etm.portal.ui.managerequests.view.Detail\",\"bindingPath\":{\"path\":\"/SmartRequestItemsPlanningBoard(ITEM=10m,REQUEST='20215')\"},\"ancestor\":{\"id\":\"requestItemsTable\",\"viewName\":\"etm.portal.ui.managerequests.view.Detail\"}}"}]}
RESULT: undefined
COMMAND: POST /session/3a666e1e6263059a660801b53c4ba30d/element - {"using":"xpath","value":"//*[@id=\"__button37-__clone991-img\"]"}
RESULT: {"using":"xpath","value":"//*[@id=\"__button37-__clone991-img\"]"}
COMMAND: POST /session/3a666e1e6263059a660801b53c4ba30d/element/f.35BA612EB9C2194724D060812FEF357B.d.E03534FB6AB0578F8AD8EB871610EC40.e.12854/click - {}
RESULT: {}
COMMAND: POST /session/3a666e1e6263059a660801b53c4ba30d/execute/async - {"script":"<script> [1562 bytes]","args":[{"selector":{"controlType":"sap.m.Button","viewName":"etm.portal.ui.managerequests.view.Detail","properties":{"text":"Close"},"searchOpenDialogs":true,"interaction":{"idSuffix":"BDI-content"}},"wdio_ui5_key":"etmportal.ui.managerequests.view.Detailsap.m.Button{\"text\":\"Close\"}"}]}
COMMAND: GET /session/3a666e1e6263059a660801b53c4ba30d/screenshot - {}
RESULT: {"script":"<script> [1562 bytes]","args":[{"selector":{"controlType":"sap.m.Button","viewName":"etm.portal.ui.managerequests.view.Detail","properties":{"text":"Close"},"searchOpenDialogs":true,"interaction":{"idSuffix":"BDI-content"}},"wdio_ui5_key":"etmportal.ui.managerequests.view.Detailsap.m.Button{\"text\":\"Close\"}"}]}
RESULT: undefined
COMMAND: POST /session/3a666e1e6263059a660801b53c4ba30d/element - {"using":"xpath","value":"//*[@id=\"__button45\"]"}
RESULT: {}
RESULT: {"using":"xpath","value":"//*[@id=\"__button45\"]"}
COMMAND: POST /session/3a666e1e6263059a660801b53c4ba30d/element/f.35BA612EB9C2194724D060812FEF357B.d.E03534FB6AB0578F8AD8EB871610EC40.e.12856/click - {}
RESULT: {}
COMMAND: POST /session/3a666e1e6263059a660801b53c4ba30d/refresh - {}
COMMAND: GET /session/3a666e1e6263059a660801b53c4ba30d/screenshot - {}
RESULT: {}
COMMAND: GET /session/3a666e1e6263059a660801b53c4ba30d/screenshot - {}
RESULT: {}
RESULT: {}
COMMAND: POST /session/3a666e1e6263059a660801b53c4ba30d/execute/async - {"script":"<script> [189 bytes]","args":[]}
RESULT: {"script":"<script> [189 bytes]","args":[]}
COMMAND: POST /session/3a666e1e6263059a660801b53c4ba30d/execute/async - {"script":"<script> [123 bytes]","args":[]}
RESULT: {"script":"<script> [123 bytes]","args":[]}
COMMAND: POST /session/3a666e1e6263059a660801b53c4ba30d/timeouts - {"script":"<number>"}
RESULT: {"script":"<number>"}
COMMAND: GET /session/3a666e1e6263059a660801b53c4ba30d/timeouts - {}
RESULT: {}
RESULT: undefined
COMMAND: POST /session/3a666e1e6263059a660801b53c4ba30d/execute/async - {"script":"<script> [2676 bytes]","args":[]}
RESULT: {"script":"<script> [2676 bytes]","args":[]}
COMMAND: POST /session/3a666e1e6263059a660801b53c4ba30d/execute/async - {"script":"<script> [2342 bytes]","args":[{"protocol":"http","hostname":"0.0.0.0","path":"/","capabilities":{"browserName":"chrome","goog:chromeOptions":{"binary":"C:\\Program Files\\Google\\Chrome\\Application\\chrome.exe","args":["--start-maximized"]}},"logLevel":"warn","connectionRetryTimeout":120000,"connectionRetryCount":3,"logLevels":{},"enableDirectConnect":true,"strictSSL":true,"_":"65 more keys: [\"cacheDir\",\"port\",\"requestedCapabilities\",\"automationProtocol\",\"baseUrl\",\"waitforInterval\",\"waitforTimeout\",\"onReload\",\"beforeCommand\",\"afterCommand\",\"rootDir\",\"specs\",\"suites\",\"exclude\",\"groupLogsByTestSpec\",\"excludeDriverLogs\",\"bail\",\"framework\",\"reporters\",\"services\",\"maxInstances\",\"maxInstancesPerCapability\",\"injectGlobals\",\"filesToWatch\",\"execArgv\",\"runnerEnv\",\"runner\",\"shard\",\"specFileRetries\",\"specFileRetriesDelay\",\"specFileRetriesDeferred\",\"reporterSyncInterval\",\"reporterSyncTimeout\",\"cucumberFeaturesWithLineNumbers\",\"autoCompileOpts\",\"mochaOpts\",\"jasmineOpts\",\"cucumberOpts\",\"onPrepare\",\"onWorkerStart\",\"onWorkerEnd\",\"before\",\"beforeSession\",\"beforeSuite\",\"beforeHook\",\"beforeTest\",\"afterTest\",\"afterHook\",\"afterSuite\",\"afterSession\",\"after\",\"onComplete\",\"beforeAssertion\",\"afterAssertion\",\"beforeFeature\",\"beforeScenario\",\"beforeStep\",\"afterStep\",\"afterScenario\",\"afterFeature\",\"_\",\"suite\",\"$0\",\"ignoredWorkerServices\",\"wdi5\"]"}]}
RESULT: {"script":"<script> [2342 bytes]","args":[{"protocol":"http","hostname":"0.0.0.0","path":"/","capabilities":{"browserName":"chrome","goog:chromeOptions":{"binary":"C:\\Program Files\\Google\\Chrome\\Application\\chrome.exe","args":["--start-maximized"]}},"logLevel":"warn","connectionRetryTimeout":120000,"connectionRetryCount":3,"logLevels":{},"enableDirectConnect":true,"strictSSL":true,"_":"65 more keys: [\"cacheDir\",\"port\",\"requestedCapabilities\",\"automationProtocol\",\"baseUrl\",\"waitforInterval\",\"waitforTimeout\",\"onReload\",\"beforeCommand\",\"afterCommand\",\"rootDir\",\"specs\",\"suites\",\"exclude\",\"groupLogsByTestSpec\",\"excludeDriverLogs\",\"bail\",\"framework\",\"reporters\",\"services\",\"maxInstances\",\"maxInstancesPerCapability\",\"injectGlobals\",\"filesToWatch\",\"execArgv\",\"runnerEnv\",\"runner\",\"shard\",\"specFileRetries\",\"specFileRetriesDelay\",\"specFileRetriesDeferred\",\"reporterSyncInterval\",\"reporterSyncTimeout\",\"cucumberFeaturesWithLineNumbers\",\"autoCompileOpts\",\"mochaOpts\",\"jasmineOpts\",\"cucumberOpts\",\"onPrepare\",\"onWorkerStart\",\"onWorkerEnd\",\"before\",\"beforeSession\",\"beforeSuite\",\"beforeHook\",\"beforeTest\",\"afterTest\",\"afterHook\",\"afterSuite\",\"afterSession\",\"after\",\"onComplete\",\"beforeAssertion\",\"afterAssertion\",\"beforeFeature\",\"beforeScenario\",\"beforeStep\",\"afterStep\",\"afterScenario\",\"afterFeature\",\"_\",\"suite\",\"$0\",\"ignoredWorkerServices\",\"wdi5\"]"}]}
COMMAND: POST /session/3a666e1e6263059a660801b53c4ba30d/execute/async - {"script":"<script> [21126 bytes]","args":[35000]}
RESULT: {"script":"<script> [21126 bytes]","args":[35000]}
]]></system-out>
    </testcase>
    <testcase classname="chrome.136_0_7103_93.windows.Process_request_items_into_new_quotation_US120163" name="Should process the request into a new quotation" time="65.339">
      <system-out><![CDATA[
COMMAND: GET /session/3a666e1e6263059a660801b53c4ba30d/window - {}
RESULT: {}
COMMAND: POST /session/3a666e1e6263059a660801b53c4ba30d/element - {"using":"xpath","value":"//span[contains(@id ,\"detailHeaderTitle-_actionsToolbar-overflowButton-img\")]"}
RESULT: {"using":"xpath","value":"//span[contains(@id ,\"detailHeaderTitle-_actionsToolbar-overflowButton-img\")]"}
COMMAND: POST /session/3a666e1e6263059a660801b53c4ba30d/element/f.35BA612EB9C2194724D060812FEF357B.d.DDEC3E1A8E07E6674277C64575BF6B3C.e.13079/click - {}
RESULT: {}
COMMAND: GET /session/3a666e1e6263059a660801b53c4ba30d/screenshot - {}
RESULT: {}
COMMAND: POST /session/3a666e1e6263059a660801b53c4ba30d/element - {"using":"xpath","value":"//span[contains(@id ,\"actionsMenuButton-internalSplitBtn-arrowButton-img\")]"}
RESULT: {"using":"xpath","value":"//span[contains(@id ,\"actionsMenuButton-internalSplitBtn-arrowButton-img\")]"}
COMMAND: POST /session/3a666e1e6263059a660801b53c4ba30d/element/f.35BA612EB9C2194724D060812FEF357B.d.DDEC3E1A8E07E6674277C64575BF6B3C.e.13082/click - {}
RESULT: {}
COMMAND: GET /session/3a666e1e6263059a660801b53c4ba30d/screenshot - {}
RESULT: {}
COMMAND: POST /session/3a666e1e6263059a660801b53c4ba30d/actions - {"actions":[{"id":"action106","type":"key","parameters":{},"actions":[{"type":"keyDown","value":""},{"type":"pause","duration":10},{"type":"keyUp","value":""}]}]}
RESULT: {"actions":[{"id":"action106","type":"key","parameters":{},"actions":[{"type":"keyDown","value":""},{"type":"pause","duration":10},{"type":"keyUp","value":""}]}]}
COMMAND: GET /session/3a666e1e6263059a660801b53c4ba30d/screenshot - {}
RESULT: {}
COMMAND: POST /session/3a666e1e6263059a660801b53c4ba30d/actions - {"actions":[{"id":"action107","type":"key","parameters":{},"actions":[{"type":"keyDown","value":""},{"type":"pause","duration":10},{"type":"keyUp","value":""}]}]}
RESULT: {"actions":[{"id":"action107","type":"key","parameters":{},"actions":[{"type":"keyDown","value":""},{"type":"pause","duration":10},{"type":"keyUp","value":""}]}]}
COMMAND: GET /session/3a666e1e6263059a660801b53c4ba30d/screenshot - {}
RESULT: {}
COMMAND: POST /session/3a666e1e6263059a660801b53c4ba30d/actions - {"actions":[{"id":"action108","type":"key","parameters":{},"actions":[{"type":"keyDown","value":""},{"type":"pause","duration":10},{"type":"keyUp","value":""}]}]}
RESULT: {"actions":[{"id":"action108","type":"key","parameters":{},"actions":[{"type":"keyDown","value":""},{"type":"pause","duration":10},{"type":"keyUp","value":""}]}]}
COMMAND: GET /session/3a666e1e6263059a660801b53c4ba30d/screenshot - {}
RESULT: {}
COMMAND: POST /session/3a666e1e6263059a660801b53c4ba30d/actions - {"actions":[{"id":"action109","type":"key","parameters":{},"actions":[{"type":"keyDown","value":""},{"type":"pause","duration":10},{"type":"keyUp","value":""}]}]}
RESULT: {"actions":[{"id":"action109","type":"key","parameters":{},"actions":[{"type":"keyDown","value":""},{"type":"pause","duration":10},{"type":"keyUp","value":""}]}]}
COMMAND: GET /session/3a666e1e6263059a660801b53c4ba30d/screenshot - {}
RESULT: {}
COMMAND: POST /session/3a666e1e6263059a660801b53c4ba30d/actions - {"actions":[{"id":"action110","type":"key","parameters":{},"actions":[{"type":"keyDown","value":""},{"type":"pause","duration":10},{"type":"keyUp","value":""}]}]}
RESULT: {"actions":[{"id":"action110","type":"key","parameters":{},"actions":[{"type":"keyDown","value":""},{"type":"pause","duration":10},{"type":"keyUp","value":""}]}]}
COMMAND: GET /session/3a666e1e6263059a660801b53c4ba30d/screenshot - {}
RESULT: {}
COMMAND: GET /session/3a666e1e6263059a660801b53c4ba30d/window/handles - {}
RESULT: {}
COMMAND: GET /session/3a666e1e6263059a660801b53c4ba30d/window/handles - {}
RESULT: {}
COMMAND: POST /session/3a666e1e6263059a660801b53c4ba30d/window - {"handle":"1EE35EB360B62621F8E534D6E1E6351C"}
RESULT: {"handle":"1EE35EB360B62621F8E534D6E1E6351C"}
COMMAND: GET /session/3a666e1e6263059a660801b53c4ba30d/url - {}
RESULT: {}
COMMAND: GET /session/3a666e1e6263059a660801b53c4ba30d/screenshot - {}
RESULT: {}
COMMAND: POST /session/3a666e1e6263059a660801b53c4ba30d/element - {"using":"xpath","value":"//span[contains(text(), \"Header Billing Items\")]"}
RESULT: {"using":"xpath","value":"//span[contains(text(), \"Header Billing Items\")]"}
COMMAND: POST /session/3a666e1e6263059a660801b53c4ba30d/element/f.1EE35EB360B62621F8E534D6E1E6351C.d.4B0E7BE17BA4D05B47792930FC49DA88.e.13327/click - {}
RESULT: {}
COMMAND: GET /session/3a666e1e6263059a660801b53c4ba30d/screenshot - {}
RESULT: {}
COMMAND: POST /session/3a666e1e6263059a660801b53c4ba30d/element - {"using":"xpath","value":"//span[contains(@id ,\"contractItemsSmartTable-header-inner\")]"}
RESULT: {"using":"xpath","value":"//span[contains(@id ,\"contractItemsSmartTable-header-inner\")]"}
COMMAND: GET /session/3a666e1e6263059a660801b53c4ba30d/element/f.1EE35EB360B62621F8E534D6E1E6351C.d.4B0E7BE17BA4D05B47792930FC49DA88.e.13329/text - {}
RESULT: {}
COMMAND: POST /session/3a666e1e6263059a660801b53c4ba30d/element - {"using":"xpath","value":"//span[@class=\"sapMObjStatusText\"][contains(text(), \"proposed\")]"}
RESULT: {"using":"xpath","value":"//span[@class=\"sapMObjStatusText\"][contains(text(), \"proposed\")]"}
COMMAND: GET /session/3a666e1e6263059a660801b53c4ba30d/element/f.1EE35EB360B62621F8E534D6E1E6351C.d.4B0E7BE17BA4D05B47792930FC49DA88.e.13330/text - {}
RESULT: {}
COMMAND: DELETE /session/3a666e1e6263059a660801b53c4ba30d/window - {}
RESULT: {}
COMMAND: POST /session/3a666e1e6263059a660801b53c4ba30d/window - {"handle":"35BA612EB9C2194724D060812FEF357B"}
RESULT: {"handle":"35BA612EB9C2194724D060812FEF357B"}
COMMAND: GET /session/3a666e1e6263059a660801b53c4ba30d/url - {}
RESULT: {}
COMMAND: GET /session/3a666e1e6263059a660801b53c4ba30d/screenshot - {}
RESULT: {}
]]></system-out>
    </testcase>
    <testcase classname="chrome.136_0_7103_93.windows.Process_request_items_into_new_quotation_US120163" name="Should navigate back to the request and check the request and item statuses" time="42.719">
      <system-out><![CDATA[
COMMAND: POST /session/3a666e1e6263059a660801b53c4ba30d/refresh - {}
RESULT: {}
COMMAND: GET /session/3a666e1e6263059a660801b53c4ba30d/screenshot - {}
RESULT: {}
COMMAND: POST /session/3a666e1e6263059a660801b53c4ba30d/execute/async - {"script":"<script> [189 bytes]","args":[]}
RESULT: {"script":"<script> [189 bytes]","args":[]}
COMMAND: POST /session/3a666e1e6263059a660801b53c4ba30d/execute/async - {"script":"<script> [123 bytes]","args":[]}
RESULT: {"script":"<script> [123 bytes]","args":[]}
COMMAND: POST /session/3a666e1e6263059a660801b53c4ba30d/timeouts - {"script":"<number>"}
RESULT: {"script":"<number>"}
COMMAND: GET /session/3a666e1e6263059a660801b53c4ba30d/timeouts - {}
RESULT: {}
RESULT: undefined
COMMAND: POST /session/3a666e1e6263059a660801b53c4ba30d/execute/async - {"script":"<script> [2676 bytes]","args":[]}
RESULT: {"script":"<script> [2676 bytes]","args":[]}
COMMAND: POST /session/3a666e1e6263059a660801b53c4ba30d/execute/async - {"script":"<script> [2342 bytes]","args":[{"protocol":"http","hostname":"0.0.0.0","path":"/","capabilities":{"browserName":"chrome","goog:chromeOptions":{"binary":"C:\\Program Files\\Google\\Chrome\\Application\\chrome.exe","args":["--start-maximized"]}},"logLevel":"warn","connectionRetryTimeout":120000,"connectionRetryCount":3,"logLevels":{},"enableDirectConnect":true,"strictSSL":true,"_":"65 more keys: [\"cacheDir\",\"port\",\"requestedCapabilities\",\"automationProtocol\",\"baseUrl\",\"waitforInterval\",\"waitforTimeout\",\"onReload\",\"beforeCommand\",\"afterCommand\",\"rootDir\",\"specs\",\"suites\",\"exclude\",\"groupLogsByTestSpec\",\"excludeDriverLogs\",\"bail\",\"framework\",\"reporters\",\"services\",\"maxInstances\",\"maxInstancesPerCapability\",\"injectGlobals\",\"filesToWatch\",\"execArgv\",\"runnerEnv\",\"runner\",\"shard\",\"specFileRetries\",\"specFileRetriesDelay\",\"specFileRetriesDeferred\",\"reporterSyncInterval\",\"reporterSyncTimeout\",\"cucumberFeaturesWithLineNumbers\",\"autoCompileOpts\",\"mochaOpts\",\"jasmineOpts\",\"cucumberOpts\",\"onPrepare\",\"onWorkerStart\",\"onWorkerEnd\",\"before\",\"beforeSession\",\"beforeSuite\",\"beforeHook\",\"beforeTest\",\"afterTest\",\"afterHook\",\"afterSuite\",\"afterSession\",\"after\",\"onComplete\",\"beforeAssertion\",\"afterAssertion\",\"beforeFeature\",\"beforeScenario\",\"beforeStep\",\"afterStep\",\"afterScenario\",\"afterFeature\",\"_\",\"suite\",\"$0\",\"ignoredWorkerServices\",\"wdi5\"]"}]}
RESULT: {"script":"<script> [2342 bytes]","args":[{"protocol":"http","hostname":"0.0.0.0","path":"/","capabilities":{"browserName":"chrome","goog:chromeOptions":{"binary":"C:\\Program Files\\Google\\Chrome\\Application\\chrome.exe","args":["--start-maximized"]}},"logLevel":"warn","connectionRetryTimeout":120000,"connectionRetryCount":3,"logLevels":{},"enableDirectConnect":true,"strictSSL":true,"_":"65 more keys: [\"cacheDir\",\"port\",\"requestedCapabilities\",\"automationProtocol\",\"baseUrl\",\"waitforInterval\",\"waitforTimeout\",\"onReload\",\"beforeCommand\",\"afterCommand\",\"rootDir\",\"specs\",\"suites\",\"exclude\",\"groupLogsByTestSpec\",\"excludeDriverLogs\",\"bail\",\"framework\",\"reporters\",\"services\",\"maxInstances\",\"maxInstancesPerCapability\",\"injectGlobals\",\"filesToWatch\",\"execArgv\",\"runnerEnv\",\"runner\",\"shard\",\"specFileRetries\",\"specFileRetriesDelay\",\"specFileRetriesDeferred\",\"reporterSyncInterval\",\"reporterSyncTimeout\",\"cucumberFeaturesWithLineNumbers\",\"autoCompileOpts\",\"mochaOpts\",\"jasmineOpts\",\"cucumberOpts\",\"onPrepare\",\"onWorkerStart\",\"onWorkerEnd\",\"before\",\"beforeSession\",\"beforeSuite\",\"beforeHook\",\"beforeTest\",\"afterTest\",\"afterHook\",\"afterSuite\",\"afterSession\",\"after\",\"onComplete\",\"beforeAssertion\",\"afterAssertion\",\"beforeFeature\",\"beforeScenario\",\"beforeStep\",\"afterStep\",\"afterScenario\",\"afterFeature\",\"_\",\"suite\",\"$0\",\"ignoredWorkerServices\",\"wdi5\"]"}]}
COMMAND: POST /session/3a666e1e6263059a660801b53c4ba30d/execute/async - {"script":"<script> [21126 bytes]","args":[35000]}
RESULT: {"script":"<script> [21126 bytes]","args":[35000]}
COMMAND: POST /session/3a666e1e6263059a660801b53c4ba30d/execute/async - {"script":"<script> [1562 bytes]","args":[{"selector":{"controlType":"sap.m.Text","viewName":"etm.portal.ui.managerequests.view.Detail","bindingPath":{"path":"/SmartRequestItemsPlanningBoard(ITEM=10m,REQUEST='20215')","propertyPath":"STATUS_DESC"}},"wdio_ui5_key":"etmportal.ui.managerequests.view.Detailsap.m.Text{\"path\":\"/SmartRequestItemsPlanningBoard(ITEM=10m,REQUEST='20215')\",\"propertyPath\":\"STATUS_DESC\"}"}]}
RESULT: {"script":"<script> [1562 bytes]","args":[{"selector":{"controlType":"sap.m.Text","viewName":"etm.portal.ui.managerequests.view.Detail","bindingPath":{"path":"/SmartRequestItemsPlanningBoard(ITEM=10m,REQUEST='20215')","propertyPath":"STATUS_DESC"}},"wdio_ui5_key":"etmportal.ui.managerequests.view.Detailsap.m.Text{\"path\":\"/SmartRequestItemsPlanningBoard(ITEM=10m,REQUEST='20215')\",\"propertyPath\":\"STATUS_DESC\"}"}]}
RESULT: undefined
COMMAND: POST /session/3a666e1e6263059a660801b53c4ba30d/execute/async - {"script":"<script> [6424 bytes]","args":[{"element-6066-11e4-a52e-4f735466cecf":"f.35BA612EB9C2194724D060812FEF357B.d.B9CD9108A6D07E115623A3ED26D609F0.e.13545"},"getText",[]]}
RESULT: {"script":"<script> [6424 bytes]","args":[{"element-6066-11e4-a52e-4f735466cecf":"f.35BA612EB9C2194724D060812FEF357B.d.B9CD9108A6D07E115623A3ED26D609F0.e.13545"},"getText",[]]}
COMMAND: POST /session/3a666e1e6263059a660801b53c4ba30d/execute/async - {"script":"<script> [1562 bytes]","args":[{"selector":{"controlType":"sap.m.ObjectStatus","viewName":"etm.portal.ui.managerequests.view.Detail","bindingPath":{"path":"/RequestHeaders('20215')","propertyPath":"LINK_TO_STATUS/DESCRIPTION","modelName":"catalogModel"}},"wdio_ui5_key":"etmportal.ui.managerequests.view.Detailsap.m.ObjectStatus{\"path\":\"/RequestHeaders('20215')\",\"propertyPath\":\"LINK_TO_STATUS/DESCRIPTION\",\"modelName\":\"catalogModel\"}"}]}
RESULT: {"script":"<script> [1562 bytes]","args":[{"selector":{"controlType":"sap.m.ObjectStatus","viewName":"etm.portal.ui.managerequests.view.Detail","bindingPath":{"path":"/RequestHeaders('20215')","propertyPath":"LINK_TO_STATUS/DESCRIPTION","modelName":"catalogModel"}},"wdio_ui5_key":"etmportal.ui.managerequests.view.Detailsap.m.ObjectStatus{\"path\":\"/RequestHeaders('20215')\",\"propertyPath\":\"LINK_TO_STATUS/DESCRIPTION\",\"modelName\":\"catalogModel\"}"}]}
RESULT: undefined
COMMAND: POST /session/3a666e1e6263059a660801b53c4ba30d/execute/async - {"script":"<script> [6424 bytes]","args":[{"element-6066-11e4-a52e-4f735466cecf":"f.35BA612EB9C2194724D060812FEF357B.d.B9CD9108A6D07E115623A3ED26D609F0.e.13546"},"getText",[]]}
RESULT: {"script":"<script> [6424 bytes]","args":[{"element-6066-11e4-a52e-4f735466cecf":"f.35BA612EB9C2194724D060812FEF357B.d.B9CD9108A6D07E115623A3ED26D609F0.e.13546"},"getText",[]]}
COMMAND: DELETE /session/3a666e1e6263059a660801b53c4ba30d - {}
RESULT: {}
]]></system-out>
    </testcase>
  </testsuite>
</testsuites>