<?xml version="1.0" encoding="UTF-8"?>
<testsuites tests="6" failures="0" errors="0" skipped="0">
  <testsuite timestamp="2025-05-06T16:29:28" time="1016.967" tests="6" failures="0" errors="0" skipped="0">
    <properties>
      <property name="specId" value="0" />
      <property name="suiteName" value="RU Inventory Mass State Change Multiple Items US151066" />
      <property name="capabilities" value="chrome.135_0_7049_115.windows" />
      <property name="file" value="file:///D:/a/1/s/test/specs/HTR/ru-inv-list-mass-state-change.spec.js" />
    </properties>
    <testcase classname="chrome.135_0_7049_115.windows.RU_Inventory_Mass_State_Change_Multiple_Items_US151066" name="Step 1 Should do a RU inventory mass state change on chosen yard 109 with the resources available one equipment multipart one tool pool" time="267.816">
      <system-out><![CDATA[
COMMAND: POST /session/fc5612afcacf26d849b70600b679a1bb/execute/async - {"script":"<script> [1562 bytes]","args":[{"selector":{"controlType":"sap.m.GenericTile","properties":{"header":"RU Inventory List"}},"wdio_ui5_key":"sapm.GenericTile{\"header\":\"RU Inventory List\"}"}]}
RESULT: {"script":"<script> [1562 bytes]","args":[{"selector":{"controlType":"sap.m.GenericTile","properties":{"header":"RU Inventory List"}},"wdio_ui5_key":"sapm.GenericTile{\"header\":\"RU Inventory List\"}"}]}
RESULT: undefined
COMMAND: POST /session/fc5612afcacf26d849b70600b679a1bb/element - {"using":"xpath","value":"//*[@id=\"__tile99\"]"}
RESULT: {"using":"xpath","value":"//*[@id=\"__tile99\"]"}
COMMAND: POST /session/fc5612afcacf26d849b70600b679a1bb/element/f.879421ECEBF83B736863962A17D84B66.d.5FF894262029B9D50FD10D30B4DDD82B.e.264/click - {}
RESULT: {}
COMMAND: POST /session/fc5612afcacf26d849b70600b679a1bb/element - {"using":"xpath","value":"//button[contains(@id, \"massStateBtn\")]"}
COMMAND: GET /session/fc5612afcacf26d849b70600b679a1bb/screenshot - {}
RESULT: {"using":"xpath","value":"//button[contains(@id, \"massStateBtn\")]"}
COMMAND: POST /session/fc5612afcacf26d849b70600b679a1bb/elements - {"using":"xpath","value":"//button[contains(@id, \"massStateBtn\")]"}
RESULT: {}
RESULT: {"using":"xpath","value":"//button[contains(@id, \"massStateBtn\")]"}
COMMAND: POST /session/fc5612afcacf26d849b70600b679a1bb/elements - {"using":"xpath","value":"//button[contains(@id, \"massStateBtn\")]"}
RESULT: {"using":"xpath","value":"//button[contains(@id, \"massStateBtn\")]"}
COMMAND: POST /session/fc5612afcacf26d849b70600b679a1bb/elements - {"using":"xpath","value":"//button[contains(@id, \"massStateBtn\")]"}
RESULT: {"using":"xpath","value":"//button[contains(@id, \"massStateBtn\")]"}
COMMAND: POST /session/fc5612afcacf26d849b70600b679a1bb/elements - {"using":"xpath","value":"//button[contains(@id, \"massStateBtn\")]"}
RESULT: {"using":"xpath","value":"//button[contains(@id, \"massStateBtn\")]"}
COMMAND: POST /session/fc5612afcacf26d849b70600b679a1bb/elements - {"using":"xpath","value":"//button[contains(@id, \"massStateBtn\")]"}
RESULT: {"using":"xpath","value":"//button[contains(@id, \"massStateBtn\")]"}
COMMAND: POST /session/fc5612afcacf26d849b70600b679a1bb/elements - {"using":"xpath","value":"//button[contains(@id, \"massStateBtn\")]"}
RESULT: {"using":"xpath","value":"//button[contains(@id, \"massStateBtn\")]"}
COMMAND: POST /session/fc5612afcacf26d849b70600b679a1bb/elements - {"using":"xpath","value":"//button[contains(@id, \"massStateBtn\")]"}
RESULT: {"using":"xpath","value":"//button[contains(@id, \"massStateBtn\")]"}
COMMAND: POST /session/fc5612afcacf26d849b70600b679a1bb/elements - {"using":"xpath","value":"//button[contains(@id, \"massStateBtn\")]"}
RESULT: {"using":"xpath","value":"//button[contains(@id, \"massStateBtn\")]"}
COMMAND: POST /session/fc5612afcacf26d849b70600b679a1bb/elements - {"using":"xpath","value":"//button[contains(@id, \"massStateBtn\")]"}
RESULT: {"using":"xpath","value":"//button[contains(@id, \"massStateBtn\")]"}
COMMAND: POST /session/fc5612afcacf26d849b70600b679a1bb/elements - {"using":"xpath","value":"//button[contains(@id, \"massStateBtn\")]"}
RESULT: {"using":"xpath","value":"//button[contains(@id, \"massStateBtn\")]"}
COMMAND: POST /session/fc5612afcacf26d849b70600b679a1bb/elements - {"using":"xpath","value":"//button[contains(@id, \"massStateBtn\")]"}
RESULT: {"using":"xpath","value":"//button[contains(@id, \"massStateBtn\")]"}
COMMAND: POST /session/fc5612afcacf26d849b70600b679a1bb/elements - {"using":"xpath","value":"//button[contains(@id, \"massStateBtn\")]"}
RESULT: {"using":"xpath","value":"//button[contains(@id, \"massStateBtn\")]"}
COMMAND: POST /session/fc5612afcacf26d849b70600b679a1bb/elements - {"using":"xpath","value":"//button[contains(@id, \"massStateBtn\")]"}
RESULT: {"using":"xpath","value":"//button[contains(@id, \"massStateBtn\")]"}
COMMAND: POST /session/fc5612afcacf26d849b70600b679a1bb/elements - {"using":"xpath","value":"//button[contains(@id, \"massStateBtn\")]"}
RESULT: {"using":"xpath","value":"//button[contains(@id, \"massStateBtn\")]"}
COMMAND: POST /session/fc5612afcacf26d849b70600b679a1bb/elements - {"using":"xpath","value":"//button[contains(@id, \"massStateBtn\")]"}
RESULT: {"using":"xpath","value":"//button[contains(@id, \"massStateBtn\")]"}
COMMAND: POST /session/fc5612afcacf26d849b70600b679a1bb/elements - {"using":"xpath","value":"//button[contains(@id, \"massStateBtn\")]"}
RESULT: {"using":"xpath","value":"//button[contains(@id, \"massStateBtn\")]"}
COMMAND: POST /session/fc5612afcacf26d849b70600b679a1bb/elements - {"using":"xpath","value":"//button[contains(@id, \"massStateBtn\")]"}
RESULT: {"using":"xpath","value":"//button[contains(@id, \"massStateBtn\")]"}
COMMAND: POST /session/fc5612afcacf26d849b70600b679a1bb/elements - {"using":"xpath","value":"//button[contains(@id, \"massStateBtn\")]"}
RESULT: {"using":"xpath","value":"//button[contains(@id, \"massStateBtn\")]"}
COMMAND: POST /session/fc5612afcacf26d849b70600b679a1bb/elements - {"using":"xpath","value":"//button[contains(@id, \"massStateBtn\")]"}
RESULT: {"using":"xpath","value":"//button[contains(@id, \"massStateBtn\")]"}
COMMAND: POST /session/fc5612afcacf26d849b70600b679a1bb/elements - {"using":"xpath","value":"//button[contains(@id, \"massStateBtn\")]"}
RESULT: {"using":"xpath","value":"//button[contains(@id, \"massStateBtn\")]"}
COMMAND: POST /session/fc5612afcacf26d849b70600b679a1bb/elements - {"using":"xpath","value":"//button[contains(@id, \"massStateBtn\")]"}
RESULT: {"using":"xpath","value":"//button[contains(@id, \"massStateBtn\")]"}
COMMAND: POST /session/fc5612afcacf26d849b70600b679a1bb/elements - {"using":"xpath","value":"//button[contains(@id, \"massStateBtn\")]"}
RESULT: {"using":"xpath","value":"//button[contains(@id, \"massStateBtn\")]"}
COMMAND: POST /session/fc5612afcacf26d849b70600b679a1bb/elements - {"using":"xpath","value":"//button[contains(@id, \"massStateBtn\")]"}
RESULT: {"using":"xpath","value":"//button[contains(@id, \"massStateBtn\")]"}
COMMAND: POST /session/fc5612afcacf26d849b70600b679a1bb/element - {"using":"xpath","value":"//button[contains(@id, \"massStateBtn\")]"}
RESULT: {"using":"xpath","value":"//button[contains(@id, \"massStateBtn\")]"}
COMMAND: POST /session/fc5612afcacf26d849b70600b679a1bb/execute/sync - {"script":"<script> [8489 bytes]","args":[{"element-6066-11e4-a52e-4f735466cecf":"f.879421ECEBF83B736863962A17D84B66.d.5FF894262029B9D50FD10D30B4DDD82B.e.300","ELEMENT":"f.879421ECEBF83B736863962A17D84B66.d.5FF894262029B9D50FD10D30B4DDD82B.e.300"}]}
RESULT: {"script":"<script> [8489 bytes]","args":[{"element-6066-11e4-a52e-4f735466cecf":"f.879421ECEBF83B736863962A17D84B66.d.5FF894262029B9D50FD10D30B4DDD82B.e.300","ELEMENT":"f.879421ECEBF83B736863962A17D84B66.d.5FF894262029B9D50FD10D30B4DDD82B.e.300"}]}
COMMAND: GET /session/fc5612afcacf26d849b70600b679a1bb/element/f.879421ECEBF83B736863962A17D84B66.d.5FF894262029B9D50FD10D30B4DDD82B.e.300/enabled - {}
COMMAND: GET /session/fc5612afcacf26d849b70600b679a1bb/screenshot - {}
RESULT: {}
COMMAND: POST /session/fc5612afcacf26d849b70600b679a1bb/execute/sync - {"script":"<script> [8489 bytes]","args":[{"element-6066-11e4-a52e-4f735466cecf":"f.879421ECEBF83B736863962A17D84B66.d.5FF894262029B9D50FD10D30B4DDD82B.e.300","ELEMENT":"f.879421ECEBF83B736863962A17D84B66.d.5FF894262029B9D50FD10D30B4DDD82B.e.300"}]}
COMMAND: GET /session/fc5612afcacf26d849b70600b679a1bb/screenshot - {}
RESULT: {}
RESULT: {"script":"<script> [8489 bytes]","args":[{"element-6066-11e4-a52e-4f735466cecf":"f.879421ECEBF83B736863962A17D84B66.d.5FF894262029B9D50FD10D30B4DDD82B.e.300","ELEMENT":"f.879421ECEBF83B736863962A17D84B66.d.5FF894262029B9D50FD10D30B4DDD82B.e.300"}]}
COMMAND: POST /session/fc5612afcacf26d849b70600b679a1bb/execute/sync - {"script":"<script> [5351 bytes]","args":[{"element-6066-11e4-a52e-4f735466cecf":"f.879421ECEBF83B736863962A17D84B66.d.5FF894262029B9D50FD10D30B4DDD82B.e.300","ELEMENT":"f.879421ECEBF83B736863962A17D84B66.d.5FF894262029B9D50FD10D30B4DDD82B.e.300"}]}
COMMAND: GET /session/fc5612afcacf26d849b70600b679a1bb/screenshot - {}
RESULT: {}
RESULT: {"script":"<script> [5351 bytes]","args":[{"element-6066-11e4-a52e-4f735466cecf":"f.879421ECEBF83B736863962A17D84B66.d.5FF894262029B9D50FD10D30B4DDD82B.e.300","ELEMENT":"f.879421ECEBF83B736863962A17D84B66.d.5FF894262029B9D50FD10D30B4DDD82B.e.300"}]}
COMMAND: POST /session/fc5612afcacf26d849b70600b679a1bb/element/f.879421ECEBF83B736863962A17D84B66.d.5FF894262029B9D50FD10D30B4DDD82B.e.300/click - {}
COMMAND: GET /session/fc5612afcacf26d849b70600b679a1bb/screenshot - {}
RESULT: {}
RESULT: {}
COMMAND: GET /session/fc5612afcacf26d849b70600b679a1bb/screenshot - {}
RESULT: {}
RESULT: {}
COMMAND: POST /session/fc5612afcacf26d849b70600b679a1bb/execute/async - {"script":"<script> [1562 bytes]","args":[{"selector":{"id":"application-ruinventorylist-display-component---Master--ruLocationTypeComboBox-arrow"},"wdio_ui5_key":"applicationruinventorylist-display-component---Master--ruLocationTypeComboBox-arrow"}]}
RESULT: {"script":"<script> [1562 bytes]","args":[{"selector":{"id":"application-ruinventorylist-display-component---Master--ruLocationTypeComboBox-arrow"},"wdio_ui5_key":"applicationruinventorylist-display-component---Master--ruLocationTypeComboBox-arrow"}]}
RESULT: undefined
COMMAND: POST /session/fc5612afcacf26d849b70600b679a1bb/element - {"using":"xpath","value":"//*[@id=\"application-ruinventorylist-display-component---Master--ruLocationTypeComboBox-arrow\"]"}
RESULT: {"using":"xpath","value":"//*[@id=\"application-ruinventorylist-display-component---Master--ruLocationTypeComboBox-arrow\"]"}
COMMAND: POST /session/fc5612afcacf26d849b70600b679a1bb/element/f.879421ECEBF83B736863962A17D84B66.d.5FF894262029B9D50FD10D30B4DDD82B.e.659/click - {}
RESULT: {}
COMMAND: GET /session/fc5612afcacf26d849b70600b679a1bb/screenshot - {}
RESULT: {}
COMMAND: POST /session/fc5612afcacf26d849b70600b679a1bb/element - {"using":"xpath","value":"//li[.//span[text()='Yard']]"}
RESULT: {"using":"xpath","value":"//li[.//span[text()='Yard']]"}
COMMAND: POST /session/fc5612afcacf26d849b70600b679a1bb/element/f.879421ECEBF83B736863962A17D84B66.d.5FF894262029B9D50FD10D30B4DDD82B.e.660/click - {}
RESULT: {}
COMMAND: GET /session/fc5612afcacf26d849b70600b679a1bb/screenshot - {}
RESULT: {}
COMMAND: POST /session/fc5612afcacf26d849b70600b679a1bb/execute/async - {"script":"<script> [1562 bytes]","args":[{"selector":{"id":"application-ruinventorylist-display-component---Master--smartFilterBar-filterItemControl_BASIC-YARD-vhi"},"wdio_ui5_key":"applicationruinventorylist-display-component---Master--smartFilterBar-filterItemControl_BASIC-YARD-vhi"}]}
RESULT: {"script":"<script> [1562 bytes]","args":[{"selector":{"id":"application-ruinventorylist-display-component---Master--smartFilterBar-filterItemControl_BASIC-YARD-vhi"},"wdio_ui5_key":"applicationruinventorylist-display-component---Master--smartFilterBar-filterItemControl_BASIC-YARD-vhi"}]}
RESULT: undefined
COMMAND: POST /session/fc5612afcacf26d849b70600b679a1bb/element - {"using":"xpath","value":"//*[@id=\"application-ruinventorylist-display-component---Master--smartFilterBar-filterItemControl_BASIC-YARD-vhi\"]"}
RESULT: {"using":"xpath","value":"//*[@id=\"application-ruinventorylist-display-component---Master--smartFilterBar-filterItemControl_BASIC-YARD-vhi\"]"}
COMMAND: POST /session/fc5612afcacf26d849b70600b679a1bb/element/f.879421ECEBF83B736863962A17D84B66.d.5FF894262029B9D50FD10D30B4DDD82B.e.727/click - {}
RESULT: {}
COMMAND: GET /session/fc5612afcacf26d849b70600b679a1bb/screenshot - {}
RESULT: {}
COMMAND: POST /session/fc5612afcacf26d849b70600b679a1bb/execute/async - {"script":"<script> [1562 bytes]","args":[{"selector":{"id":"application-ruinventorylist-display-component---Master--smartFilterBar-filterItemControl_BASIC-YARD-valueHelpDialog-smartFilterBar-btnBasicSearch","searchOpenDialogs":true,"interaction":{"idSuffix":"I"}},"wdio_ui5_key":"applicationruinventorylist-display-component---Master--smartFilterBar-filterItemControl_BASIC-YARD-valueHelpDialog-smartFilterBar-btnBasicSearch"}]}
RESULT: {"script":"<script> [1562 bytes]","args":[{"selector":{"id":"application-ruinventorylist-display-component---Master--smartFilterBar-filterItemControl_BASIC-YARD-valueHelpDialog-smartFilterBar-btnBasicSearch","searchOpenDialogs":true,"interaction":{"idSuffix":"I"}},"wdio_ui5_key":"applicationruinventorylist-display-component---Master--smartFilterBar-filterItemControl_BASIC-YARD-valueHelpDialog-smartFilterBar-btnBasicSearch"}]}
RESULT: undefined
COMMAND: POST /session/fc5612afcacf26d849b70600b679a1bb/execute/async - {"script":"<script> [776 bytes]","args":[{"enterText":"109","selector":{"id":"application-ruinventorylist-display-component---Master--smartFilterBar-filterItemControl_BASIC-YARD-valueHelpDialog-smartFilterBar-btnBasicSearch","searchOpenDialogs":true,"interaction":{"idSuffix":"I"}},"clearTextFirst":true,"interactionType":"ENTER_TEXT"}]}
RESULT: {"script":"<script> [776 bytes]","args":[{"enterText":"109","selector":{"id":"application-ruinventorylist-display-component---Master--smartFilterBar-filterItemControl_BASIC-YARD-valueHelpDialog-smartFilterBar-btnBasicSearch","searchOpenDialogs":true,"interaction":{"idSuffix":"I"}},"clearTextFirst":true,"interactionType":"ENTER_TEXT"}]}
COMMAND: POST /session/fc5612afcacf26d849b70600b679a1bb/actions - {"actions":[{"id":"action1","type":"key","parameters":{},"actions":[{"type":"keyDown","value":"î€‡"},{"type":"pause","duration":10},{"type":"keyUp","value":"î€‡"}]}]}
RESULT: {"actions":[{"id":"action1","type":"key","parameters":{},"actions":[{"type":"keyDown","value":"î€‡"},{"type":"pause","duration":10},{"type":"keyUp","value":"î€‡"}]}]}
COMMAND: GET /session/fc5612afcacf26d849b70600b679a1bb/screenshot - {}
RESULT: {}
COMMAND: POST /session/fc5612afcacf26d849b70600b679a1bb/elements - {"using":"xpath","value":"//table[contains(@id, \"filterItemControl_BASIC-YARD-valueHelpDialog-table-table\")]/tbody/tr"}
RESULT: {"using":"xpath","value":"//table[contains(@id, \"filterItemControl_BASIC-YARD-valueHelpDialog-table-table\")]/tbody/tr"}
COMMAND: POST /session/fc5612afcacf26d849b70600b679a1bb/element - {"using":"xpath","value":"//table[contains(@id, \"filterItemControl_BASIC-YARD-valueHelpDialog-table-table\")]/tbody/tr[1]/td[1]/div/span"}
RESULT: {"using":"xpath","value":"//table[contains(@id, \"filterItemControl_BASIC-YARD-valueHelpDialog-table-table\")]/tbody/tr[1]/td[1]/div/span"}
COMMAND: POST /session/fc5612afcacf26d849b70600b679a1bb/elements - {"using":"xpath","value":"//table[contains(@id, \"filterItemControl_BASIC-YARD-valueHelpDialog-table-table\")]/tbody/tr[1]/td[1]/div/span"}
RESULT: {"using":"xpath","value":"//table[contains(@id, \"filterItemControl_BASIC-YARD-valueHelpDialog-table-table\")]/tbody/tr[1]/td[1]/div/span"}
COMMAND: POST /session/fc5612afcacf26d849b70600b679a1bb/execute/sync - {"script":"<script> [56 bytes]","args":[{"element-6066-11e4-a52e-4f735466cecf":"f.879421ECEBF83B736863962A17D84B66.d.5FF894262029B9D50FD10D30B4DDD82B.e.749","ELEMENT":"f.879421ECEBF83B736863962A17D84B66.d.5FF894262029B9D50FD10D30B4DDD82B.e.749"}]}
RESULT: {"script":"<script> [56 bytes]","args":[{"element-6066-11e4-a52e-4f735466cecf":"f.879421ECEBF83B736863962A17D84B66.d.5FF894262029B9D50FD10D30B4DDD82B.e.749","ELEMENT":"f.879421ECEBF83B736863962A17D84B66.d.5FF894262029B9D50FD10D30B4DDD82B.e.749"}]}
COMMAND: POST /session/fc5612afcacf26d849b70600b679a1bb/element - {"using":"xpath","value":"//div[contains(@id, \"filterItemControl_BASIC-YARD-valueHelpDialog-table-rowsel0\")]"}
COMMAND: GET /session/fc5612afcacf26d849b70600b679a1bb/screenshot - {}
RESULT: {"using":"xpath","value":"//div[contains(@id, \"filterItemControl_BASIC-YARD-valueHelpDialog-table-rowsel0\")]"}
COMMAND: POST /session/fc5612afcacf26d849b70600b679a1bb/element/f.879421ECEBF83B736863962A17D84B66.d.5FF894262029B9D50FD10D30B4DDD82B.e.750/click - {}
RESULT: {}
RESULT: {}
COMMAND: GET /session/fc5612afcacf26d849b70600b679a1bb/screenshot - {}
RESULT: {}
COMMAND: POST /session/fc5612afcacf26d849b70600b679a1bb/element - {"using":"xpath","value":"//div[contains(@id, \"smartFilterBar-filterItemControl_BASIC-YARD-valueHelpDialog-smartFilterBar-btnBasicSearch-reset\")]"}
RESULT: {"using":"xpath","value":"//div[contains(@id, \"smartFilterBar-filterItemControl_BASIC-YARD-valueHelpDialog-smartFilterBar-btnBasicSearch-reset\")]"}
COMMAND: POST /session/fc5612afcacf26d849b70600b679a1bb/element/f.879421ECEBF83B736863962A17D84B66.d.5FF894262029B9D50FD10D30B4DDD82B.e.752/click - {}
RESULT: {}
RESULT: undefined
COMMAND: POST /session/fc5612afcacf26d849b70600b679a1bb/execute/async - {"script":"<script> [776 bytes]","args":[{"enterText":"OPA5_BST01_YARD1","selector":{"id":"application-ruinventorylist-display-component---Master--smartFilterBar-filterItemControl_BASIC-YARD-valueHelpDialog-smartFilterBar-btnBasicSearch","searchOpenDialogs":true,"interaction":{"idSuffix":"I"}},"clearTextFirst":true,"interactionType":"ENTER_TEXT"}]}
COMMAND: GET /session/fc5612afcacf26d849b70600b679a1bb/screenshot - {}
RESULT: {"script":"<script> [776 bytes]","args":[{"enterText":"OPA5_BST01_YARD1","selector":{"id":"application-ruinventorylist-display-component---Master--smartFilterBar-filterItemControl_BASIC-YARD-valueHelpDialog-smartFilterBar-btnBasicSearch","searchOpenDialogs":true,"interaction":{"idSuffix":"I"}},"clearTextFirst":true,"interactionType":"ENTER_TEXT"}]}
COMMAND: POST /session/fc5612afcacf26d849b70600b679a1bb/actions - {"actions":[{"id":"action2","type":"key","parameters":{},"actions":[{"type":"keyDown","value":"î€‡"},{"type":"pause","duration":10},{"type":"keyUp","value":"î€‡"}]}]}
RESULT: {}
RESULT: {"actions":[{"id":"action2","type":"key","parameters":{},"actions":[{"type":"keyDown","value":"î€‡"},{"type":"pause","duration":10},{"type":"keyUp","value":"î€‡"}]}]}
COMMAND: GET /session/fc5612afcacf26d849b70600b679a1bb/screenshot - {}
RESULT: {}
COMMAND: POST /session/fc5612afcacf26d849b70600b679a1bb/elements - {"using":"xpath","value":"//table[contains(@id, \"filterItemControl_BASIC-YARD-valueHelpDialog-table-table\")]/tbody/tr"}
RESULT: {"using":"xpath","value":"//table[contains(@id, \"filterItemControl_BASIC-YARD-valueHelpDialog-table-table\")]/tbody/tr"}
COMMAND: POST /session/fc5612afcacf26d849b70600b679a1bb/element - {"using":"xpath","value":"//table[contains(@id, \"filterItemControl_BASIC-YARD-valueHelpDialog-table-table\")]/tbody/tr[1]/td[1]/div/span"}
RESULT: {"using":"xpath","value":"//table[contains(@id, \"filterItemControl_BASIC-YARD-valueHelpDialog-table-table\")]/tbody/tr[1]/td[1]/div/span"}
COMMAND: POST /session/fc5612afcacf26d849b70600b679a1bb/elements - {"using":"xpath","value":"//table[contains(@id, \"filterItemControl_BASIC-YARD-valueHelpDialog-table-table\")]/tbody/tr[1]/td[1]/div/span"}
RESULT: {"using":"xpath","value":"//table[contains(@id, \"filterItemControl_BASIC-YARD-valueHelpDialog-table-table\")]/tbody/tr[1]/td[1]/div/span"}
COMMAND: POST /session/fc5612afcacf26d849b70600b679a1bb/execute/sync - {"script":"<script> [56 bytes]","args":[{"element-6066-11e4-a52e-4f735466cecf":"f.879421ECEBF83B736863962A17D84B66.d.5FF894262029B9D50FD10D30B4DDD82B.e.749","ELEMENT":"f.879421ECEBF83B736863962A17D84B66.d.5FF894262029B9D50FD10D30B4DDD82B.e.749"}]}
RESULT: {"script":"<script> [56 bytes]","args":[{"element-6066-11e4-a52e-4f735466cecf":"f.879421ECEBF83B736863962A17D84B66.d.5FF894262029B9D50FD10D30B4DDD82B.e.749","ELEMENT":"f.879421ECEBF83B736863962A17D84B66.d.5FF894262029B9D50FD10D30B4DDD82B.e.749"}]}
COMMAND: POST /session/fc5612afcacf26d849b70600b679a1bb/element - {"using":"xpath","value":"//div[contains(@id, \"filterItemControl_BASIC-YARD-valueHelpDialog-table-rowsel0\")]"}
COMMAND: GET /session/fc5612afcacf26d849b70600b679a1bb/screenshot - {}
RESULT: {"using":"xpath","value":"//div[contains(@id, \"filterItemControl_BASIC-YARD-valueHelpDialog-table-rowsel0\")]"}
COMMAND: POST /session/fc5612afcacf26d849b70600b679a1bb/element/f.879421ECEBF83B736863962A17D84B66.d.5FF894262029B9D50FD10D30B4DDD82B.e.750/click - {}
RESULT: {}
RESULT: {}
COMMAND: GET /session/fc5612afcacf26d849b70600b679a1bb/screenshot - {}
RESULT: {}
COMMAND: POST /session/fc5612afcacf26d849b70600b679a1bb/element - {"using":"xpath","value":"(//bdi[contains(text(), \"OK\")])[1]"}
RESULT: {"using":"xpath","value":"(//bdi[contains(text(), \"OK\")])[1]"}
COMMAND: POST /session/fc5612afcacf26d849b70600b679a1bb/element/f.879421ECEBF83B736863962A17D84B66.d.5FF894262029B9D50FD10D30B4DDD82B.e.753/click - {}
RESULT: {}
COMMAND: GET /session/fc5612afcacf26d849b70600b679a1bb/screenshot - {}
RESULT: {}
COMMAND: POST /session/fc5612afcacf26d849b70600b679a1bb/element - {"using":"xpath","value":"//span[@id=\"application-ruinventorylist-display-component---Master--smartTableRuInventoryList-header-inner\"]"}
RESULT: {"using":"xpath","value":"//span[@id=\"application-ruinventorylist-display-component---Master--smartTableRuInventoryList-header-inner\"]"}
COMMAND: POST /session/fc5612afcacf26d849b70600b679a1bb/elements - {"using":"xpath","value":"//span[@id=\"application-ruinventorylist-display-component---Master--smartTableRuInventoryList-header-inner\"]"}
RESULT: {"using":"xpath","value":"//span[@id=\"application-ruinventorylist-display-component---Master--smartTableRuInventoryList-header-inner\"]"}
COMMAND: POST /session/fc5612afcacf26d849b70600b679a1bb/execute/sync - {"script":"<script> [56 bytes]","args":[{"element-6066-11e4-a52e-4f735466cecf":"f.879421ECEBF83B736863962A17D84B66.d.5FF894262029B9D50FD10D30B4DDD82B.e.914","ELEMENT":"f.879421ECEBF83B736863962A17D84B66.d.5FF894262029B9D50FD10D30B4DDD82B.e.914"}]}
RESULT: {"script":"<script> [56 bytes]","args":[{"element-6066-11e4-a52e-4f735466cecf":"f.879421ECEBF83B736863962A17D84B66.d.5FF894262029B9D50FD10D30B4DDD82B.e.914","ELEMENT":"f.879421ECEBF83B736863962A17D84B66.d.5FF894262029B9D50FD10D30B4DDD82B.e.914"}]}
COMMAND: POST /session/fc5612afcacf26d849b70600b679a1bb/execute/async - {"script":"<script> [1562 bytes]","args":[{"selector":{"id":"application-ruinventorylist-display-component---Master--smartFilterBar-btnBasicSearch","interaction":{"idSuffix":"I"}},"wdio_ui5_key":"applicationruinventorylist-display-component---Master--smartFilterBar-btnBasicSearch"}]}
COMMAND: GET /session/fc5612afcacf26d849b70600b679a1bb/screenshot - {}
RESULT: {"script":"<script> [1562 bytes]","args":[{"selector":{"id":"application-ruinventorylist-display-component---Master--smartFilterBar-btnBasicSearch","interaction":{"idSuffix":"I"}},"wdio_ui5_key":"applicationruinventorylist-display-component---Master--smartFilterBar-btnBasicSearch"}]}
RESULT: undefined
COMMAND: POST /session/fc5612afcacf26d849b70600b679a1bb/execute/async - {"script":"<script> [776 bytes]","args":[{"enterText":"600002","selector":{"id":"application-ruinventorylist-display-component---Master--smartFilterBar-btnBasicSearch","interaction":{"idSuffix":"I"}},"clearTextFirst":true,"interactionType":"ENTER_TEXT"}]}
RESULT: {}
RESULT: {"script":"<script> [776 bytes]","args":[{"enterText":"600002","selector":{"id":"application-ruinventorylist-display-component---Master--smartFilterBar-btnBasicSearch","interaction":{"idSuffix":"I"}},"clearTextFirst":true,"interactionType":"ENTER_TEXT"}]}
COMMAND: POST /session/fc5612afcacf26d849b70600b679a1bb/actions - {"actions":[{"id":"action3","type":"key","parameters":{},"actions":[{"type":"keyDown","value":"î€‡"},{"type":"pause","duration":10},{"type":"keyUp","value":"î€‡"}]}]}
RESULT: {"actions":[{"id":"action3","type":"key","parameters":{},"actions":[{"type":"keyDown","value":"î€‡"},{"type":"pause","duration":10},{"type":"keyUp","value":"î€‡"}]}]}
COMMAND: GET /session/fc5612afcacf26d849b70600b679a1bb/screenshot - {}
RESULT: {}
COMMAND: POST /session/fc5612afcacf26d849b70600b679a1bb/element - {"using":"xpath","value":"//span[@id=\"application-ruinventorylist-display-component---Master--smartTableRuInventoryList-header-inner\"]"}
RESULT: {"using":"xpath","value":"//span[@id=\"application-ruinventorylist-display-component---Master--smartTableRuInventoryList-header-inner\"]"}
COMMAND: POST /session/fc5612afcacf26d849b70600b679a1bb/elements - {"using":"xpath","value":"//span[@id=\"application-ruinventorylist-display-component---Master--smartTableRuInventoryList-header-inner\"]"}
RESULT: {"using":"xpath","value":"//span[@id=\"application-ruinventorylist-display-component---Master--smartTableRuInventoryList-header-inner\"]"}
COMMAND: POST /session/fc5612afcacf26d849b70600b679a1bb/execute/sync - {"script":"<script> [56 bytes]","args":[{"element-6066-11e4-a52e-4f735466cecf":"f.879421ECEBF83B736863962A17D84B66.d.5FF894262029B9D50FD10D30B4DDD82B.e.914","ELEMENT":"f.879421ECEBF83B736863962A17D84B66.d.5FF894262029B9D50FD10D30B4DDD82B.e.914"}]}
RESULT: {"script":"<script> [56 bytes]","args":[{"element-6066-11e4-a52e-4f735466cecf":"f.879421ECEBF83B736863962A17D84B66.d.5FF894262029B9D50FD10D30B4DDD82B.e.914","ELEMENT":"f.879421ECEBF83B736863962A17D84B66.d.5FF894262029B9D50FD10D30B4DDD82B.e.914"}]}
COMMAND: POST /session/fc5612afcacf26d849b70600b679a1bb/element - {"using":"xpath","value":"//table[contains(@id, \"application-ruinventorylist-display-component---Master--tableRuInventoryList-listUl\")]/tbody/tr[1]/td[2]/div/div"}
COMMAND: GET /session/fc5612afcacf26d849b70600b679a1bb/screenshot - {}
RESULT: {"using":"xpath","value":"//table[contains(@id, \"application-ruinventorylist-display-component---Master--tableRuInventoryList-listUl\")]/tbody/tr[1]/td[2]/div/div"}
COMMAND: POST /session/fc5612afcacf26d849b70600b679a1bb/element/f.879421ECEBF83B736863962A17D84B66.d.5FF894262029B9D50FD10D30B4DDD82B.e.922/click - {}
RESULT: {}
RESULT: {}
COMMAND: GET /session/fc5612afcacf26d849b70600b679a1bb/screenshot - {}
RESULT: {}
COMMAND: POST /session/fc5612afcacf26d849b70600b679a1bb/element - {"using":"xpath","value":"//div[contains(@id, \"smartFilterBar-btnBasicSearch-reset\")]"}
RESULT: {"using":"xpath","value":"//div[contains(@id, \"smartFilterBar-btnBasicSearch-reset\")]"}
COMMAND: POST /session/fc5612afcacf26d849b70600b679a1bb/element/f.879421ECEBF83B736863962A17D84B66.d.5FF894262029B9D50FD10D30B4DDD82B.e.932/click - {}
RESULT: {}
COMMAND: GET /session/fc5612afcacf26d849b70600b679a1bb/screenshot - {}
RESULT: {}
RESULT: undefined
COMMAND: POST /session/fc5612afcacf26d849b70600b679a1bb/execute/async - {"script":"<script> [776 bytes]","args":[{"enterText":"401002","selector":{"id":"application-ruinventorylist-display-component---Master--smartFilterBar-btnBasicSearch","interaction":{"idSuffix":"I"}},"clearTextFirst":true,"interactionType":"ENTER_TEXT"}]}
RESULT: {"script":"<script> [776 bytes]","args":[{"enterText":"401002","selector":{"id":"application-ruinventorylist-display-component---Master--smartFilterBar-btnBasicSearch","interaction":{"idSuffix":"I"}},"clearTextFirst":true,"interactionType":"ENTER_TEXT"}]}
COMMAND: POST /session/fc5612afcacf26d849b70600b679a1bb/actions - {"actions":[{"id":"action4","type":"key","parameters":{},"actions":[{"type":"keyDown","value":"î€‡"},{"type":"pause","duration":10},{"type":"keyUp","value":"î€‡"}]}]}
RESULT: {"actions":[{"id":"action4","type":"key","parameters":{},"actions":[{"type":"keyDown","value":"î€‡"},{"type":"pause","duration":10},{"type":"keyUp","value":"î€‡"}]}]}
COMMAND: GET /session/fc5612afcacf26d849b70600b679a1bb/screenshot - {}
RESULT: {}
COMMAND: POST /session/fc5612afcacf26d849b70600b679a1bb/element - {"using":"xpath","value":"//span[@id=\"application-ruinventorylist-display-component---Master--smartTableRuInventoryList-header-inner\"]"}
RESULT: {"using":"xpath","value":"//span[@id=\"application-ruinventorylist-display-component---Master--smartTableRuInventoryList-header-inner\"]"}
COMMAND: POST /session/fc5612afcacf26d849b70600b679a1bb/elements - {"using":"xpath","value":"//span[@id=\"application-ruinventorylist-display-component---Master--smartTableRuInventoryList-header-inner\"]"}
RESULT: {"using":"xpath","value":"//span[@id=\"application-ruinventorylist-display-component---Master--smartTableRuInventoryList-header-inner\"]"}
COMMAND: POST /session/fc5612afcacf26d849b70600b679a1bb/execute/sync - {"script":"<script> [56 bytes]","args":[{"element-6066-11e4-a52e-4f735466cecf":"f.879421ECEBF83B736863962A17D84B66.d.5FF894262029B9D50FD10D30B4DDD82B.e.914","ELEMENT":"f.879421ECEBF83B736863962A17D84B66.d.5FF894262029B9D50FD10D30B4DDD82B.e.914"}]}
RESULT: {"script":"<script> [56 bytes]","args":[{"element-6066-11e4-a52e-4f735466cecf":"f.879421ECEBF83B736863962A17D84B66.d.5FF894262029B9D50FD10D30B4DDD82B.e.914","ELEMENT":"f.879421ECEBF83B736863962A17D84B66.d.5FF894262029B9D50FD10D30B4DDD82B.e.914"}]}
COMMAND: POST /session/fc5612afcacf26d849b70600b679a1bb/element - {"using":"xpath","value":"//table[contains(@id, \"application-ruinventorylist-display-component---Master--tableRuInventoryList-listUl\")]/tbody/tr[1]/td[2]/div/div"}
COMMAND: GET /session/fc5612afcacf26d849b70600b679a1bb/screenshot - {}
RESULT: {"using":"xpath","value":"//table[contains(@id, \"application-ruinventorylist-display-component---Master--tableRuInventoryList-listUl\")]/tbody/tr[1]/td[2]/div/div"}
COMMAND: POST /session/fc5612afcacf26d849b70600b679a1bb/element/f.879421ECEBF83B736863962A17D84B66.d.5FF894262029B9D50FD10D30B4DDD82B.e.1107/click - {}
RESULT: {}
RESULT: {}
COMMAND: GET /session/fc5612afcacf26d849b70600b679a1bb/screenshot - {}
RESULT: {}
COMMAND: POST /session/fc5612afcacf26d849b70600b679a1bb/element - {"using":"xpath","value":"//div[contains(@id, \"smartFilterBar-btnBasicSearch-reset\")]"}
RESULT: {"using":"xpath","value":"//div[contains(@id, \"smartFilterBar-btnBasicSearch-reset\")]"}
COMMAND: POST /session/fc5612afcacf26d849b70600b679a1bb/element/f.879421ECEBF83B736863962A17D84B66.d.5FF894262029B9D50FD10D30B4DDD82B.e.932/click - {}
RESULT: {}
COMMAND: GET /session/fc5612afcacf26d849b70600b679a1bb/screenshot - {}
RESULT: {}
COMMAND: POST /session/fc5612afcacf26d849b70600b679a1bb/element/f.879421ECEBF83B736863962A17D84B66.d.5FF894262029B9D50FD10D30B4DDD82B.e.300/click - {}
RESULT: {}
COMMAND: GET /session/fc5612afcacf26d849b70600b679a1bb/screenshot - {}
RESULT: {}
COMMAND: POST /session/fc5612afcacf26d849b70600b679a1bb/execute/async - {"script":"<script> [1562 bytes]","args":[{"selector":{"controlType":"sap.m.Title","viewName":"etm.portal.ui.ruinventorylist.view.Master","viewId":"application-ruinventorylist-display-component---Master","properties":{"text":"Mass State Change"},"searchOpenDialogs":true},"wdio_ui5_key":"etmportal.ui.ruinventorylist.view.Mastersap.m.Title{\"text\":\"Mass State Change\"}"}]}
RESULT: {"script":"<script> [1562 bytes]","args":[{"selector":{"controlType":"sap.m.Title","viewName":"etm.portal.ui.ruinventorylist.view.Master","viewId":"application-ruinventorylist-display-component---Master","properties":{"text":"Mass State Change"},"searchOpenDialogs":true},"wdio_ui5_key":"etmportal.ui.ruinventorylist.view.Mastersap.m.Title{\"text\":\"Mass State Change\"}"}]}
RESULT: undefined
COMMAND: POST /session/fc5612afcacf26d849b70600b679a1bb/execute/async - {"script":"<script> [6424 bytes]","args":[{"element-6066-11e4-a52e-4f735466cecf":"f.879421ECEBF83B736863962A17D84B66.d.5FF894262029B9D50FD10D30B4DDD82B.e.1303"},"getText",[]]}
RESULT: {"script":"<script> [6424 bytes]","args":[{"element-6066-11e4-a52e-4f735466cecf":"f.879421ECEBF83B736863962A17D84B66.d.5FF894262029B9D50FD10D30B4DDD82B.e.1303"},"getText",[]]}
COMMAND: POST /session/fc5612afcacf26d849b70600b679a1bb/element - {"using":"xpath","value":"(//bdi[contains(text(), \"OK\")])[1]"}
RESULT: {"using":"xpath","value":"(//bdi[contains(text(), \"OK\")])[1]"}
COMMAND: POST /session/fc5612afcacf26d849b70600b679a1bb/element/f.879421ECEBF83B736863962A17D84B66.d.5FF894262029B9D50FD10D30B4DDD82B.e.1304/click - {}
RESULT: {}
COMMAND: GET /session/fc5612afcacf26d849b70600b679a1bb/screenshot - {}
RESULT: {}
COMMAND: POST /session/fc5612afcacf26d849b70600b679a1bb/element - {"using":"css selector","value":"div.sapMMessageBoxError"}
RESULT: {"using":"css selector","value":"div.sapMMessageBoxError"}
COMMAND: POST /session/fc5612afcacf26d849b70600b679a1bb/elements - {"using":"css selector","value":"div.sapMMessageBoxError"}
RESULT: {"using":"css selector","value":"div.sapMMessageBoxError"}
COMMAND: POST /session/fc5612afcacf26d849b70600b679a1bb/element - {"using":"xpath","value":"(//bdi[contains(text(), \"Close\")])[1]"}
RESULT: {"using":"xpath","value":"(//bdi[contains(text(), \"Close\")])[1]"}
COMMAND: POST /session/fc5612afcacf26d849b70600b679a1bb/element/f.879421ECEBF83B736863962A17D84B66.d.5FF894262029B9D50FD10D30B4DDD82B.e.1309/click - {}
RESULT: {}
COMMAND: GET /session/fc5612afcacf26d849b70600b679a1bb/screenshot - {}
RESULT: {}
COMMAND: POST /session/fc5612afcacf26d849b70600b679a1bb/execute/async - {"script":"<script> [1562 bytes]","args":[{"selector":{"id":"application-ruinventorylist-display-component---Master--ruStateTypes-arrow","searchOpenDialogs":true},"wdio_ui5_key":"applicationruinventorylist-display-component---Master--ruStateTypes-arrow"}]}
RESULT: {"script":"<script> [1562 bytes]","args":[{"selector":{"id":"application-ruinventorylist-display-component---Master--ruStateTypes-arrow","searchOpenDialogs":true},"wdio_ui5_key":"applicationruinventorylist-display-component---Master--ruStateTypes-arrow"}]}
RESULT: undefined
COMMAND: POST /session/fc5612afcacf26d849b70600b679a1bb/element - {"using":"xpath","value":"//*[@id=\"application-ruinventorylist-display-component---Master--ruStateTypes-arrow\"]"}
RESULT: {"using":"xpath","value":"//*[@id=\"application-ruinventorylist-display-component---Master--ruStateTypes-arrow\"]"}
COMMAND: POST /session/fc5612afcacf26d849b70600b679a1bb/element/f.879421ECEBF83B736863962A17D84B66.d.5FF894262029B9D50FD10D30B4DDD82B.e.1310/click - {}
RESULT: {}
COMMAND: GET /session/fc5612afcacf26d849b70600b679a1bb/screenshot - {}
RESULT: {}
COMMAND: POST /session/fc5612afcacf26d849b70600b679a1bb/element - {"using":"xpath","value":"//li[.//span[text()=\"defect\"]]"}
RESULT: {"using":"xpath","value":"//li[.//span[text()=\"defect\"]]"}
COMMAND: POST /session/fc5612afcacf26d849b70600b679a1bb/element/f.879421ECEBF83B736863962A17D84B66.d.5FF894262029B9D50FD10D30B4DDD82B.e.1311/click - {}
RESULT: {}
COMMAND: GET /session/fc5612afcacf26d849b70600b679a1bb/screenshot - {}
RESULT: {}
COMMAND: POST /session/fc5612afcacf26d849b70600b679a1bb/element - {"using":"xpath","value":"(//span[@data-kt=\"trashMassStateChangeIcon\"])[1]"}
RESULT: {"using":"xpath","value":"(//span[@data-kt=\"trashMassStateChangeIcon\"])[1]"}
COMMAND: POST /session/fc5612afcacf26d849b70600b679a1bb/element/f.879421ECEBF83B736863962A17D84B66.d.5FF894262029B9D50FD10D30B4DDD82B.e.1312/click - {}
RESULT: {}
COMMAND: GET /session/fc5612afcacf26d849b70600b679a1bb/screenshot - {}
RESULT: {}
COMMAND: POST /session/fc5612afcacf26d849b70600b679a1bb/element - {"using":"xpath","value":"//table[contains(@id, \"massStateChangeTable-listUl\")]/tbody/tr[1]/td[11]/div/div/div/input"}
RESULT: {"using":"xpath","value":"//table[contains(@id, \"massStateChangeTable-listUl\")]/tbody/tr[1]/td[11]/div/div/div/input"}
COMMAND: GET /session/fc5612afcacf26d849b70600b679a1bb/element/f.879421ECEBF83B736863962A17D84B66.d.5FF894262029B9D50FD10D30B4DDD82B.e.1296/property/value - {}
RESULT: {}
COMMAND: POST /session/fc5612afcacf26d849b70600b679a1bb/element - {"using":"xpath","value":"(//span[@data-kt=\"trashMassStateChangeIcon\"])[2]"}
COMMAND: GET /session/fc5612afcacf26d849b70600b679a1bb/screenshot - {}
RESULT: {"using":"xpath","value":"(//span[@data-kt=\"trashMassStateChangeIcon\"])[2]"}
COMMAND: POST /session/fc5612afcacf26d849b70600b679a1bb/element/f.879421ECEBF83B736863962A17D84B66.d.5FF894262029B9D50FD10D30B4DDD82B.e.1314/click - {}
RESULT: {}
RESULT: {}
COMMAND: GET /session/fc5612afcacf26d849b70600b679a1bb/screenshot - {}
RESULT: {}
COMMAND: POST /session/fc5612afcacf26d849b70600b679a1bb/element - {"using":"xpath","value":"//table[contains(@id, \"massStateChangeTable-listUl\")]/tbody/tr[2]/td[11]/div/div/div/input"}
RESULT: {"using":"xpath","value":"//table[contains(@id, \"massStateChangeTable-listUl\")]/tbody/tr[2]/td[11]/div/div/div/input"}
COMMAND: GET /session/fc5612afcacf26d849b70600b679a1bb/element/f.879421ECEBF83B736863962A17D84B66.d.5FF894262029B9D50FD10D30B4DDD82B.e.1300/property/value - {}
RESULT: {}
COMMAND: POST /session/fc5612afcacf26d849b70600b679a1bb/element - {"using":"xpath","value":"//table[contains(@id, \"massStateChangeTable-listUl\")]/tbody/tr[1]/td[10]/div/span/span[1]"}
COMMAND: GET /session/fc5612afcacf26d849b70600b679a1bb/screenshot - {}
RESULT: {"using":"xpath","value":"//table[contains(@id, \"massStateChangeTable-listUl\")]/tbody/tr[1]/td[10]/div/span/span[1]"}
COMMAND: POST /session/fc5612afcacf26d849b70600b679a1bb/execute/sync - {"script":"<script> [56 bytes]","args":[{"element-6066-11e4-a52e-4f735466cecf":"f.879421ECEBF83B736863962A17D84B66.d.5FF894262029B9D50FD10D30B4DDD82B.e.1316","ELEMENT":"f.879421ECEBF83B736863962A17D84B66.d.5FF894262029B9D50FD10D30B4DDD82B.e.1316"}]}
RESULT: {}
RESULT: {"script":"<script> [56 bytes]","args":[{"element-6066-11e4-a52e-4f735466cecf":"f.879421ECEBF83B736863962A17D84B66.d.5FF894262029B9D50FD10D30B4DDD82B.e.1316","ELEMENT":"f.879421ECEBF83B736863962A17D84B66.d.5FF894262029B9D50FD10D30B4DDD82B.e.1316"}]}
COMMAND: POST /session/fc5612afcacf26d849b70600b679a1bb/element - {"using":"xpath","value":"//table[contains(@id, \"massStateChangeTable-listUl\")]/tbody/tr[1]/td[11]/div/div/div/div[2]/span"}
COMMAND: GET /session/fc5612afcacf26d849b70600b679a1bb/screenshot - {}
RESULT: {"using":"xpath","value":"//table[contains(@id, \"massStateChangeTable-listUl\")]/tbody/tr[1]/td[11]/div/div/div/div[2]/span"}
COMMAND: POST /session/fc5612afcacf26d849b70600b679a1bb/element/f.879421ECEBF83B736863962A17D84B66.d.5FF894262029B9D50FD10D30B4DDD82B.e.1317/click - {}
RESULT: {}
RESULT: {}
COMMAND: GET /session/fc5612afcacf26d849b70600b679a1bb/screenshot - {}
RESULT: {}
COMMAND: POST /session/fc5612afcacf26d849b70600b679a1bb/element - {"using":"xpath","value":"//table[contains(@id, \"massStateChangeTable-listUl\")]/tbody/tr[1]/td[11]/div/div/div/div[2]/span"}
RESULT: {"using":"xpath","value":"//table[contains(@id, \"massStateChangeTable-listUl\")]/tbody/tr[1]/td[11]/div/div/div/div[2]/span"}
COMMAND: POST /session/fc5612afcacf26d849b70600b679a1bb/element/f.879421ECEBF83B736863962A17D84B66.d.5FF894262029B9D50FD10D30B4DDD82B.e.1317/click - {}
RESULT: {}
COMMAND: GET /session/fc5612afcacf26d849b70600b679a1bb/screenshot - {}
RESULT: {}
COMMAND: POST /session/fc5612afcacf26d849b70600b679a1bb/element - {"using":"xpath","value":"//table[contains(@id, \"massStateChangeTable-listUl\")]/tbody/tr[1]/td[11]/div/div/div/div[2]/span"}
RESULT: {"using":"xpath","value":"//table[contains(@id, \"massStateChangeTable-listUl\")]/tbody/tr[1]/td[11]/div/div/div/div[2]/span"}
COMMAND: POST /session/fc5612afcacf26d849b70600b679a1bb/element/f.879421ECEBF83B736863962A17D84B66.d.5FF894262029B9D50FD10D30B4DDD82B.e.1317/click - {}
RESULT: {}
COMMAND: GET /session/fc5612afcacf26d849b70600b679a1bb/screenshot - {}
RESULT: {}
COMMAND: POST /session/fc5612afcacf26d849b70600b679a1bb/element - {"using":"xpath","value":"//table[contains(@id, \"massStateChangeTable-listUl\")]/tbody/tr[1]/td[11]/div/div/div/div[2]/span"}
RESULT: {"using":"xpath","value":"//table[contains(@id, \"massStateChangeTable-listUl\")]/tbody/tr[1]/td[11]/div/div/div/div[2]/span"}
COMMAND: POST /session/fc5612afcacf26d849b70600b679a1bb/element/f.879421ECEBF83B736863962A17D84B66.d.5FF894262029B9D50FD10D30B4DDD82B.e.1317/click - {}
RESULT: {}
COMMAND: GET /session/fc5612afcacf26d849b70600b679a1bb/screenshot - {}
RESULT: {}
COMMAND: POST /session/fc5612afcacf26d849b70600b679a1bb/element - {"using":"xpath","value":"//table[contains(@id, \"massStateChangeTable-listUl\")]/tbody/tr[1]/td[11]/div/div/div/div[2]/span"}
RESULT: {"using":"xpath","value":"//table[contains(@id, \"massStateChangeTable-listUl\")]/tbody/tr[1]/td[11]/div/div/div/div[2]/span"}
COMMAND: POST /session/fc5612afcacf26d849b70600b679a1bb/element/f.879421ECEBF83B736863962A17D84B66.d.5FF894262029B9D50FD10D30B4DDD82B.e.1317/click - {}
RESULT: {}
COMMAND: GET /session/fc5612afcacf26d849b70600b679a1bb/screenshot - {}
RESULT: {}
COMMAND: POST /session/fc5612afcacf26d849b70600b679a1bb/element - {"using":"xpath","value":"//table[contains(@id, \"massStateChangeTable-listUl\")]/tbody/tr[1]/td[11]/div/div/div/div[2]/span"}
RESULT: {"using":"xpath","value":"//table[contains(@id, \"massStateChangeTable-listUl\")]/tbody/tr[1]/td[11]/div/div/div/div[2]/span"}
COMMAND: POST /session/fc5612afcacf26d849b70600b679a1bb/element/f.879421ECEBF83B736863962A17D84B66.d.5FF894262029B9D50FD10D30B4DDD82B.e.1317/click - {}
RESULT: {}
COMMAND: GET /session/fc5612afcacf26d849b70600b679a1bb/screenshot - {}
RESULT: {}
COMMAND: POST /session/fc5612afcacf26d849b70600b679a1bb/element - {"using":"xpath","value":"//table[contains(@id, \"massStateChangeTable-listUl\")]/tbody/tr[1]/td[11]/div/div/div/div[2]/span"}
RESULT: {"using":"xpath","value":"//table[contains(@id, \"massStateChangeTable-listUl\")]/tbody/tr[1]/td[11]/div/div/div/div[2]/span"}
COMMAND: POST /session/fc5612afcacf26d849b70600b679a1bb/element/f.879421ECEBF83B736863962A17D84B66.d.5FF894262029B9D50FD10D30B4DDD82B.e.1317/click - {}
RESULT: {}
COMMAND: GET /session/fc5612afcacf26d849b70600b679a1bb/screenshot - {}
RESULT: {}
COMMAND: POST /session/fc5612afcacf26d849b70600b679a1bb/element - {"using":"xpath","value":"//table[contains(@id, \"massStateChangeTable-listUl\")]/tbody/tr[1]/td[11]/div/div/div/div[2]/span"}
RESULT: {"using":"xpath","value":"//table[contains(@id, \"massStateChangeTable-listUl\")]/tbody/tr[1]/td[11]/div/div/div/div[2]/span"}
COMMAND: POST /session/fc5612afcacf26d849b70600b679a1bb/element/f.879421ECEBF83B736863962A17D84B66.d.5FF894262029B9D50FD10D30B4DDD82B.e.1317/click - {}
RESULT: {}
COMMAND: GET /session/fc5612afcacf26d849b70600b679a1bb/screenshot - {}
RESULT: {}
COMMAND: POST /session/fc5612afcacf26d849b70600b679a1bb/element - {"using":"xpath","value":"//table[contains(@id, \"massStateChangeTable-listUl\")]/tbody/tr[1]/td[11]/div/div/div/div[2]/span"}
RESULT: {"using":"xpath","value":"//table[contains(@id, \"massStateChangeTable-listUl\")]/tbody/tr[1]/td[11]/div/div/div/div[2]/span"}
COMMAND: POST /session/fc5612afcacf26d849b70600b679a1bb/element/f.879421ECEBF83B736863962A17D84B66.d.5FF894262029B9D50FD10D30B4DDD82B.e.1317/click - {}
RESULT: {}
COMMAND: GET /session/fc5612afcacf26d849b70600b679a1bb/screenshot - {}
RESULT: {}
COMMAND: POST /session/fc5612afcacf26d849b70600b679a1bb/element - {"using":"xpath","value":"//table[contains(@id, \"massStateChangeTable-listUl\")]/tbody/tr[1]/td[11]/div/div/div/div[2]/span"}
RESULT: {"using":"xpath","value":"//table[contains(@id, \"massStateChangeTable-listUl\")]/tbody/tr[1]/td[11]/div/div/div/div[2]/span"}
COMMAND: POST /session/fc5612afcacf26d849b70600b679a1bb/element/f.879421ECEBF83B736863962A17D84B66.d.5FF894262029B9D50FD10D30B4DDD82B.e.1317/click - {}
RESULT: {}
COMMAND: GET /session/fc5612afcacf26d849b70600b679a1bb/screenshot - {}
RESULT: {}
COMMAND: POST /session/fc5612afcacf26d849b70600b679a1bb/element - {"using":"xpath","value":"//table[contains(@id, \"massStateChangeTable-listUl\")]/tbody/tr[1]/td[11]/div/div/div/div[2]/span"}
RESULT: {"using":"xpath","value":"//table[contains(@id, \"massStateChangeTable-listUl\")]/tbody/tr[1]/td[11]/div/div/div/div[2]/span"}
COMMAND: POST /session/fc5612afcacf26d849b70600b679a1bb/element/f.879421ECEBF83B736863962A17D84B66.d.5FF894262029B9D50FD10D30B4DDD82B.e.1317/click - {}
RESULT: {}
COMMAND: GET /session/fc5612afcacf26d849b70600b679a1bb/screenshot - {}
RESULT: {}
COMMAND: POST /session/fc5612afcacf26d849b70600b679a1bb/element - {"using":"xpath","value":"//table[contains(@id, \"massStateChangeTable-listUl\")]/tbody/tr[1]/td[11]/div/div/div/div[2]/span"}
RESULT: {"using":"xpath","value":"//table[contains(@id, \"massStateChangeTable-listUl\")]/tbody/tr[1]/td[11]/div/div/div/div[2]/span"}
COMMAND: POST /session/fc5612afcacf26d849b70600b679a1bb/element/f.879421ECEBF83B736863962A17D84B66.d.5FF894262029B9D50FD10D30B4DDD82B.e.1317/click - {}
RESULT: {}
COMMAND: GET /session/fc5612afcacf26d849b70600b679a1bb/screenshot - {}
RESULT: {}
COMMAND: POST /session/fc5612afcacf26d849b70600b679a1bb/element - {"using":"xpath","value":"//table[contains(@id, \"massStateChangeTable-listUl\")]/tbody/tr[1]/td[11]/div/div/div/div[2]/span"}
RESULT: {"using":"xpath","value":"//table[contains(@id, \"massStateChangeTable-listUl\")]/tbody/tr[1]/td[11]/div/div/div/div[2]/span"}
COMMAND: POST /session/fc5612afcacf26d849b70600b679a1bb/element/f.879421ECEBF83B736863962A17D84B66.d.5FF894262029B9D50FD10D30B4DDD82B.e.1317/click - {}
RESULT: {}
COMMAND: GET /session/fc5612afcacf26d849b70600b679a1bb/screenshot - {}
RESULT: {}
COMMAND: POST /session/fc5612afcacf26d849b70600b679a1bb/element - {"using":"xpath","value":"//table[contains(@id, \"massStateChangeTable-listUl\")]/tbody/tr[1]/td[11]/div/div/div/div[2]/span"}
RESULT: {"using":"xpath","value":"//table[contains(@id, \"massStateChangeTable-listUl\")]/tbody/tr[1]/td[11]/div/div/div/div[2]/span"}
COMMAND: POST /session/fc5612afcacf26d849b70600b679a1bb/element/f.879421ECEBF83B736863962A17D84B66.d.5FF894262029B9D50FD10D30B4DDD82B.e.1317/click - {}
RESULT: {}
COMMAND: GET /session/fc5612afcacf26d849b70600b679a1bb/screenshot - {}
RESULT: {}
COMMAND: POST /session/fc5612afcacf26d849b70600b679a1bb/element - {"using":"xpath","value":"//table[contains(@id, \"massStateChangeTable-listUl\")]/tbody/tr[1]/td[11]/div/div/div/div[2]/span"}
RESULT: {"using":"xpath","value":"//table[contains(@id, \"massStateChangeTable-listUl\")]/tbody/tr[1]/td[11]/div/div/div/div[2]/span"}
COMMAND: POST /session/fc5612afcacf26d849b70600b679a1bb/element/f.879421ECEBF83B736863962A17D84B66.d.5FF894262029B9D50FD10D30B4DDD82B.e.1317/click - {}
RESULT: {}
COMMAND: GET /session/fc5612afcacf26d849b70600b679a1bb/screenshot - {}
RESULT: {}
COMMAND: POST /session/fc5612afcacf26d849b70600b679a1bb/element - {"using":"xpath","value":"//table[contains(@id, \"massStateChangeTable-listUl\")]/tbody/tr[1]/td[11]/div/div/div/div[2]/span"}
RESULT: {"using":"xpath","value":"//table[contains(@id, \"massStateChangeTable-listUl\")]/tbody/tr[1]/td[11]/div/div/div/div[2]/span"}
COMMAND: POST /session/fc5612afcacf26d849b70600b679a1bb/element/f.879421ECEBF83B736863962A17D84B66.d.5FF894262029B9D50FD10D30B4DDD82B.e.1317/click - {}
RESULT: {}
COMMAND: GET /session/fc5612afcacf26d849b70600b679a1bb/screenshot - {}
RESULT: {}
COMMAND: POST /session/fc5612afcacf26d849b70600b679a1bb/element - {"using":"xpath","value":"//table[contains(@id, \"massStateChangeTable-listUl\")]/tbody/tr[1]/td[11]/div/div/div/div[2]/span"}
RESULT: {"using":"xpath","value":"//table[contains(@id, \"massStateChangeTable-listUl\")]/tbody/tr[1]/td[11]/div/div/div/div[2]/span"}
COMMAND: POST /session/fc5612afcacf26d849b70600b679a1bb/element/f.879421ECEBF83B736863962A17D84B66.d.5FF894262029B9D50FD10D30B4DDD82B.e.1317/click - {}
RESULT: {}
COMMAND: GET /session/fc5612afcacf26d849b70600b679a1bb/screenshot - {}
RESULT: {}
COMMAND: POST /session/fc5612afcacf26d849b70600b679a1bb/element - {"using":"xpath","value":"//table[contains(@id, \"massStateChangeTable-listUl\")]/tbody/tr[1]/td[11]/div/div/div/div[2]/span"}
RESULT: {"using":"xpath","value":"//table[contains(@id, \"massStateChangeTable-listUl\")]/tbody/tr[1]/td[11]/div/div/div/div[2]/span"}
COMMAND: POST /session/fc5612afcacf26d849b70600b679a1bb/element/f.879421ECEBF83B736863962A17D84B66.d.5FF894262029B9D50FD10D30B4DDD82B.e.1317/click - {}
RESULT: {}
COMMAND: GET /session/fc5612afcacf26d849b70600b679a1bb/screenshot - {}
RESULT: {}
COMMAND: POST /session/fc5612afcacf26d849b70600b679a1bb/element - {"using":"xpath","value":"//table[contains(@id, \"massStateChangeTable-listUl\")]/tbody/tr[1]/td[11]/div/div/div/div[2]/span"}
RESULT: {"using":"xpath","value":"//table[contains(@id, \"massStateChangeTable-listUl\")]/tbody/tr[1]/td[11]/div/div/div/div[2]/span"}
COMMAND: POST /session/fc5612afcacf26d849b70600b679a1bb/element/f.879421ECEBF83B736863962A17D84B66.d.5FF894262029B9D50FD10D30B4DDD82B.e.1317/click - {}
RESULT: {}
COMMAND: GET /session/fc5612afcacf26d849b70600b679a1bb/screenshot - {}
RESULT: {}
COMMAND: POST /session/fc5612afcacf26d849b70600b679a1bb/element - {"using":"xpath","value":"//table[contains(@id, \"massStateChangeTable-listUl\")]/tbody/tr[1]/td[11]/div/div/div/div[2]/span"}
RESULT: {"using":"xpath","value":"//table[contains(@id, \"massStateChangeTable-listUl\")]/tbody/tr[1]/td[11]/div/div/div/div[2]/span"}
COMMAND: POST /session/fc5612afcacf26d849b70600b679a1bb/element/f.879421ECEBF83B736863962A17D84B66.d.5FF894262029B9D50FD10D30B4DDD82B.e.1317/click - {}
RESULT: {}
COMMAND: GET /session/fc5612afcacf26d849b70600b679a1bb/screenshot - {}
RESULT: {}
COMMAND: POST /session/fc5612afcacf26d849b70600b679a1bb/element - {"using":"xpath","value":"//table[contains(@id, \"massStateChangeTable-listUl\")]/tbody/tr[1]/td[11]/div/div/div/div[2]/span"}
RESULT: {"using":"xpath","value":"//table[contains(@id, \"massStateChangeTable-listUl\")]/tbody/tr[1]/td[11]/div/div/div/div[2]/span"}
COMMAND: POST /session/fc5612afcacf26d849b70600b679a1bb/element/f.879421ECEBF83B736863962A17D84B66.d.5FF894262029B9D50FD10D30B4DDD82B.e.1317/click - {}
RESULT: {}
COMMAND: GET /session/fc5612afcacf26d849b70600b679a1bb/screenshot - {}
RESULT: {}
COMMAND: POST /session/fc5612afcacf26d849b70600b679a1bb/element - {"using":"xpath","value":"//table[contains(@id, \"massStateChangeTable-listUl\")]/tbody/tr[1]/td[11]/div/div/div/div[2]/span"}
RESULT: {"using":"xpath","value":"//table[contains(@id, \"massStateChangeTable-listUl\")]/tbody/tr[1]/td[11]/div/div/div/div[2]/span"}
COMMAND: POST /session/fc5612afcacf26d849b70600b679a1bb/element/f.879421ECEBF83B736863962A17D84B66.d.5FF894262029B9D50FD10D30B4DDD82B.e.1317/click - {}
RESULT: {}
COMMAND: GET /session/fc5612afcacf26d849b70600b679a1bb/screenshot - {}
RESULT: {}
COMMAND: POST /session/fc5612afcacf26d849b70600b679a1bb/element - {"using":"xpath","value":"//table[contains(@id, \"massStateChangeTable-listUl\")]/tbody/tr[1]/td[11]/div/div/div/div[2]/span"}
RESULT: {"using":"xpath","value":"//table[contains(@id, \"massStateChangeTable-listUl\")]/tbody/tr[1]/td[11]/div/div/div/div[2]/span"}
COMMAND: POST /session/fc5612afcacf26d849b70600b679a1bb/element/f.879421ECEBF83B736863962A17D84B66.d.5FF894262029B9D50FD10D30B4DDD82B.e.1317/click - {}
RESULT: {}
COMMAND: GET /session/fc5612afcacf26d849b70600b679a1bb/screenshot - {}
RESULT: {}
COMMAND: POST /session/fc5612afcacf26d849b70600b679a1bb/element - {"using":"xpath","value":"//table[contains(@id, \"massStateChangeTable-listUl\")]/tbody/tr[1]/td[11]/div/div/div/div[2]/span"}
RESULT: {"using":"xpath","value":"//table[contains(@id, \"massStateChangeTable-listUl\")]/tbody/tr[1]/td[11]/div/div/div/div[2]/span"}
COMMAND: POST /session/fc5612afcacf26d849b70600b679a1bb/element/f.879421ECEBF83B736863962A17D84B66.d.5FF894262029B9D50FD10D30B4DDD82B.e.1317/click - {}
RESULT: {}
COMMAND: GET /session/fc5612afcacf26d849b70600b679a1bb/screenshot - {}
RESULT: {}
COMMAND: POST /session/fc5612afcacf26d849b70600b679a1bb/element - {"using":"xpath","value":"//table[contains(@id, \"massStateChangeTable-listUl\")]/tbody/tr[1]/td[11]/div/div/div/div[2]/span"}
RESULT: {"using":"xpath","value":"//table[contains(@id, \"massStateChangeTable-listUl\")]/tbody/tr[1]/td[11]/div/div/div/div[2]/span"}
COMMAND: POST /session/fc5612afcacf26d849b70600b679a1bb/element/f.879421ECEBF83B736863962A17D84B66.d.5FF894262029B9D50FD10D30B4DDD82B.e.1317/click - {}
RESULT: {}
COMMAND: GET /session/fc5612afcacf26d849b70600b679a1bb/screenshot - {}
RESULT: {}
COMMAND: POST /session/fc5612afcacf26d849b70600b679a1bb/element - {"using":"xpath","value":"//table[contains(@id, \"massStateChangeTable-listUl\")]/tbody/tr[1]/td[11]/div/div/div/div[2]/span"}
RESULT: {"using":"xpath","value":"//table[contains(@id, \"massStateChangeTable-listUl\")]/tbody/tr[1]/td[11]/div/div/div/div[2]/span"}
COMMAND: POST /session/fc5612afcacf26d849b70600b679a1bb/element/f.879421ECEBF83B736863962A17D84B66.d.5FF894262029B9D50FD10D30B4DDD82B.e.1317/click - {}
RESULT: {}
COMMAND: GET /session/fc5612afcacf26d849b70600b679a1bb/screenshot - {}
RESULT: {}
COMMAND: POST /session/fc5612afcacf26d849b70600b679a1bb/element - {"using":"xpath","value":"//table[contains(@id, \"massStateChangeTable-listUl\")]/tbody/tr[1]/td[11]/div/div/div/div[2]/span"}
RESULT: {"using":"xpath","value":"//table[contains(@id, \"massStateChangeTable-listUl\")]/tbody/tr[1]/td[11]/div/div/div/div[2]/span"}
COMMAND: POST /session/fc5612afcacf26d849b70600b679a1bb/element/f.879421ECEBF83B736863962A17D84B66.d.5FF894262029B9D50FD10D30B4DDD82B.e.1317/click - {}
RESULT: {}
COMMAND: GET /session/fc5612afcacf26d849b70600b679a1bb/screenshot - {}
RESULT: {}
COMMAND: POST /session/fc5612afcacf26d849b70600b679a1bb/element - {"using":"xpath","value":"//table[contains(@id, \"massStateChangeTable-listUl\")]/tbody/tr[1]/td[11]/div/div/div/div[2]/span"}
RESULT: {"using":"xpath","value":"//table[contains(@id, \"massStateChangeTable-listUl\")]/tbody/tr[1]/td[11]/div/div/div/div[2]/span"}
COMMAND: POST /session/fc5612afcacf26d849b70600b679a1bb/element/f.879421ECEBF83B736863962A17D84B66.d.5FF894262029B9D50FD10D30B4DDD82B.e.1317/click - {}
RESULT: {}
COMMAND: GET /session/fc5612afcacf26d849b70600b679a1bb/screenshot - {}
RESULT: {}
COMMAND: POST /session/fc5612afcacf26d849b70600b679a1bb/element - {"using":"xpath","value":"//table[contains(@id, \"massStateChangeTable-listUl\")]/tbody/tr[1]/td[11]/div/div/div/div[2]/span"}
RESULT: {"using":"xpath","value":"//table[contains(@id, \"massStateChangeTable-listUl\")]/tbody/tr[1]/td[11]/div/div/div/div[2]/span"}
COMMAND: POST /session/fc5612afcacf26d849b70600b679a1bb/element/f.879421ECEBF83B736863962A17D84B66.d.5FF894262029B9D50FD10D30B4DDD82B.e.1317/click - {}
RESULT: {}
COMMAND: GET /session/fc5612afcacf26d849b70600b679a1bb/screenshot - {}
RESULT: {}
COMMAND: POST /session/fc5612afcacf26d849b70600b679a1bb/element - {"using":"xpath","value":"//table[contains(@id, \"massStateChangeTable-listUl\")]/tbody/tr[1]/td[11]/div/div/div/div[2]/span"}
RESULT: {"using":"xpath","value":"//table[contains(@id, \"massStateChangeTable-listUl\")]/tbody/tr[1]/td[11]/div/div/div/div[2]/span"}
COMMAND: POST /session/fc5612afcacf26d849b70600b679a1bb/element/f.879421ECEBF83B736863962A17D84B66.d.5FF894262029B9D50FD10D30B4DDD82B.e.1317/click - {}
RESULT: {}
COMMAND: GET /session/fc5612afcacf26d849b70600b679a1bb/screenshot - {}
RESULT: {}
COMMAND: POST /session/fc5612afcacf26d849b70600b679a1bb/element - {"using":"xpath","value":"//table[contains(@id, \"massStateChangeTable-listUl\")]/tbody/tr[1]/td[11]/div/div/div/div[2]/span"}
RESULT: {"using":"xpath","value":"//table[contains(@id, \"massStateChangeTable-listUl\")]/tbody/tr[1]/td[11]/div/div/div/div[2]/span"}
COMMAND: POST /session/fc5612afcacf26d849b70600b679a1bb/element/f.879421ECEBF83B736863962A17D84B66.d.5FF894262029B9D50FD10D30B4DDD82B.e.1317/click - {}
RESULT: {}
COMMAND: GET /session/fc5612afcacf26d849b70600b679a1bb/screenshot - {}
RESULT: {}
COMMAND: POST /session/fc5612afcacf26d849b70600b679a1bb/element - {"using":"xpath","value":"//table[contains(@id, \"massStateChangeTable-listUl\")]/tbody/tr[1]/td[11]/div/div/div/div[2]/span"}
RESULT: {"using":"xpath","value":"//table[contains(@id, \"massStateChangeTable-listUl\")]/tbody/tr[1]/td[11]/div/div/div/div[2]/span"}
COMMAND: POST /session/fc5612afcacf26d849b70600b679a1bb/element/f.879421ECEBF83B736863962A17D84B66.d.5FF894262029B9D50FD10D30B4DDD82B.e.1317/click - {}
RESULT: {}
COMMAND: GET /session/fc5612afcacf26d849b70600b679a1bb/screenshot - {}
RESULT: {}
COMMAND: POST /session/fc5612afcacf26d849b70600b679a1bb/element - {"using":"xpath","value":"//table[contains(@id, \"massStateChangeTable-listUl\")]/tbody/tr[1]/td[11]/div/div/div/div[2]/span"}
RESULT: {"using":"xpath","value":"//table[contains(@id, \"massStateChangeTable-listUl\")]/tbody/tr[1]/td[11]/div/div/div/div[2]/span"}
COMMAND: POST /session/fc5612afcacf26d849b70600b679a1bb/element/f.879421ECEBF83B736863962A17D84B66.d.5FF894262029B9D50FD10D30B4DDD82B.e.1317/click - {}
RESULT: {}
COMMAND: GET /session/fc5612afcacf26d849b70600b679a1bb/screenshot - {}
RESULT: {}
COMMAND: POST /session/fc5612afcacf26d849b70600b679a1bb/element - {"using":"xpath","value":"//table[contains(@id, \"massStateChangeTable-listUl\")]/tbody/tr[1]/td[11]/div/div/div/div[2]/span"}
RESULT: {"using":"xpath","value":"//table[contains(@id, \"massStateChangeTable-listUl\")]/tbody/tr[1]/td[11]/div/div/div/div[2]/span"}
COMMAND: POST /session/fc5612afcacf26d849b70600b679a1bb/element/f.879421ECEBF83B736863962A17D84B66.d.5FF894262029B9D50FD10D30B4DDD82B.e.1317/click - {}
RESULT: {}
COMMAND: GET /session/fc5612afcacf26d849b70600b679a1bb/screenshot - {}
RESULT: {}
COMMAND: POST /session/fc5612afcacf26d849b70600b679a1bb/element - {"using":"xpath","value":"//table[contains(@id, \"massStateChangeTable-listUl\")]/tbody/tr[1]/td[11]/div/div/div/div[2]/span"}
RESULT: {"using":"xpath","value":"//table[contains(@id, \"massStateChangeTable-listUl\")]/tbody/tr[1]/td[11]/div/div/div/div[2]/span"}
COMMAND: POST /session/fc5612afcacf26d849b70600b679a1bb/element/f.879421ECEBF83B736863962A17D84B66.d.5FF894262029B9D50FD10D30B4DDD82B.e.1317/click - {}
RESULT: {}
COMMAND: GET /session/fc5612afcacf26d849b70600b679a1bb/screenshot - {}
RESULT: {}
COMMAND: POST /session/fc5612afcacf26d849b70600b679a1bb/element - {"using":"xpath","value":"//table[contains(@id, \"massStateChangeTable-listUl\")]/tbody/tr[1]/td[11]/div/div/div/div[2]/span"}
RESULT: {"using":"xpath","value":"//table[contains(@id, \"massStateChangeTable-listUl\")]/tbody/tr[1]/td[11]/div/div/div/div[2]/span"}
COMMAND: POST /session/fc5612afcacf26d849b70600b679a1bb/element/f.879421ECEBF83B736863962A17D84B66.d.5FF894262029B9D50FD10D30B4DDD82B.e.1317/click - {}
RESULT: {}
COMMAND: GET /session/fc5612afcacf26d849b70600b679a1bb/screenshot - {}
RESULT: {}
COMMAND: POST /session/fc5612afcacf26d849b70600b679a1bb/element - {"using":"xpath","value":"//table[contains(@id, \"massStateChangeTable-listUl\")]/tbody/tr[1]/td[11]/div/div/div/div[2]/span"}
RESULT: {"using":"xpath","value":"//table[contains(@id, \"massStateChangeTable-listUl\")]/tbody/tr[1]/td[11]/div/div/div/div[2]/span"}
COMMAND: POST /session/fc5612afcacf26d849b70600b679a1bb/element/f.879421ECEBF83B736863962A17D84B66.d.5FF894262029B9D50FD10D30B4DDD82B.e.1317/click - {}
RESULT: {}
COMMAND: GET /session/fc5612afcacf26d849b70600b679a1bb/screenshot - {}
RESULT: {}
COMMAND: POST /session/fc5612afcacf26d849b70600b679a1bb/element - {"using":"xpath","value":"//table[contains(@id, \"massStateChangeTable-listUl\")]/tbody/tr[1]/td[11]/div/div/div/div[2]/span"}
RESULT: {"using":"xpath","value":"//table[contains(@id, \"massStateChangeTable-listUl\")]/tbody/tr[1]/td[11]/div/div/div/div[2]/span"}
COMMAND: POST /session/fc5612afcacf26d849b70600b679a1bb/element/f.879421ECEBF83B736863962A17D84B66.d.5FF894262029B9D50FD10D30B4DDD82B.e.1317/click - {}
RESULT: {}
COMMAND: GET /session/fc5612afcacf26d849b70600b679a1bb/screenshot - {}
RESULT: {}
COMMAND: POST /session/fc5612afcacf26d849b70600b679a1bb/element - {"using":"xpath","value":"//table[contains(@id, \"massStateChangeTable-listUl\")]/tbody/tr[1]/td[11]/div/div/div/div[2]/span"}
RESULT: {"using":"xpath","value":"//table[contains(@id, \"massStateChangeTable-listUl\")]/tbody/tr[1]/td[11]/div/div/div/div[2]/span"}
COMMAND: POST /session/fc5612afcacf26d849b70600b679a1bb/element/f.879421ECEBF83B736863962A17D84B66.d.5FF894262029B9D50FD10D30B4DDD82B.e.1317/click - {}
RESULT: {}
COMMAND: GET /session/fc5612afcacf26d849b70600b679a1bb/screenshot - {}
RESULT: {}
COMMAND: POST /session/fc5612afcacf26d849b70600b679a1bb/element - {"using":"xpath","value":"//table[contains(@id, \"massStateChangeTable-listUl\")]/tbody/tr[1]/td[11]/div/div/div/div[2]/span"}
RESULT: {"using":"xpath","value":"//table[contains(@id, \"massStateChangeTable-listUl\")]/tbody/tr[1]/td[11]/div/div/div/div[2]/span"}
COMMAND: POST /session/fc5612afcacf26d849b70600b679a1bb/element/f.879421ECEBF83B736863962A17D84B66.d.5FF894262029B9D50FD10D30B4DDD82B.e.1317/click - {}
RESULT: {}
COMMAND: GET /session/fc5612afcacf26d849b70600b679a1bb/screenshot - {}
RESULT: {}
COMMAND: POST /session/fc5612afcacf26d849b70600b679a1bb/element - {"using":"xpath","value":"//table[contains(@id, \"massStateChangeTable-listUl\")]/tbody/tr[1]/td[11]/div/div/div/div[2]/span"}
RESULT: {"using":"xpath","value":"//table[contains(@id, \"massStateChangeTable-listUl\")]/tbody/tr[1]/td[11]/div/div/div/div[2]/span"}
COMMAND: POST /session/fc5612afcacf26d849b70600b679a1bb/element/f.879421ECEBF83B736863962A17D84B66.d.5FF894262029B9D50FD10D30B4DDD82B.e.1317/click - {}
RESULT: {}
COMMAND: GET /session/fc5612afcacf26d849b70600b679a1bb/screenshot - {}
RESULT: {}
COMMAND: POST /session/fc5612afcacf26d849b70600b679a1bb/element - {"using":"xpath","value":"//table[contains(@id, \"massStateChangeTable-listUl\")]/tbody/tr[1]/td[11]/div/div/div/div[2]/span"}
RESULT: {"using":"xpath","value":"//table[contains(@id, \"massStateChangeTable-listUl\")]/tbody/tr[1]/td[11]/div/div/div/div[2]/span"}
COMMAND: POST /session/fc5612afcacf26d849b70600b679a1bb/element/f.879421ECEBF83B736863962A17D84B66.d.5FF894262029B9D50FD10D30B4DDD82B.e.1317/click - {}
RESULT: {}
COMMAND: GET /session/fc5612afcacf26d849b70600b679a1bb/screenshot - {}
RESULT: {}
COMMAND: POST /session/fc5612afcacf26d849b70600b679a1bb/element - {"using":"xpath","value":"//table[contains(@id, \"massStateChangeTable-listUl\")]/tbody/tr[1]/td[11]/div/div/div/div[2]/span"}
RESULT: {"using":"xpath","value":"//table[contains(@id, \"massStateChangeTable-listUl\")]/tbody/tr[1]/td[11]/div/div/div/div[2]/span"}
COMMAND: POST /session/fc5612afcacf26d849b70600b679a1bb/element/f.879421ECEBF83B736863962A17D84B66.d.5FF894262029B9D50FD10D30B4DDD82B.e.1317/click - {}
RESULT: {}
COMMAND: GET /session/fc5612afcacf26d849b70600b679a1bb/screenshot - {}
RESULT: {}
COMMAND: POST /session/fc5612afcacf26d849b70600b679a1bb/element - {"using":"xpath","value":"//table[contains(@id, \"massStateChangeTable-listUl\")]/tbody/tr[1]/td[11]/div/div/div/div[2]/span"}
RESULT: {"using":"xpath","value":"//table[contains(@id, \"massStateChangeTable-listUl\")]/tbody/tr[1]/td[11]/div/div/div/div[2]/span"}
COMMAND: POST /session/fc5612afcacf26d849b70600b679a1bb/element/f.879421ECEBF83B736863962A17D84B66.d.5FF894262029B9D50FD10D30B4DDD82B.e.1317/click - {}
RESULT: {}
COMMAND: GET /session/fc5612afcacf26d849b70600b679a1bb/screenshot - {}
RESULT: {}
COMMAND: POST /session/fc5612afcacf26d849b70600b679a1bb/element - {"using":"xpath","value":"//table[contains(@id, \"massStateChangeTable-listUl\")]/tbody/tr[1]/td[11]/div/div/div/div[2]/span"}
RESULT: {"using":"xpath","value":"//table[contains(@id, \"massStateChangeTable-listUl\")]/tbody/tr[1]/td[11]/div/div/div/div[2]/span"}
COMMAND: POST /session/fc5612afcacf26d849b70600b679a1bb/element/f.879421ECEBF83B736863962A17D84B66.d.5FF894262029B9D50FD10D30B4DDD82B.e.1317/click - {}
RESULT: {}
COMMAND: GET /session/fc5612afcacf26d849b70600b679a1bb/screenshot - {}
RESULT: {}
COMMAND: POST /session/fc5612afcacf26d849b70600b679a1bb/element - {"using":"xpath","value":"//table[contains(@id, \"massStateChangeTable-listUl\")]/tbody/tr[1]/td[11]/div/div/div/div[2]/span"}
RESULT: {"using":"xpath","value":"//table[contains(@id, \"massStateChangeTable-listUl\")]/tbody/tr[1]/td[11]/div/div/div/div[2]/span"}
COMMAND: POST /session/fc5612afcacf26d849b70600b679a1bb/element/f.879421ECEBF83B736863962A17D84B66.d.5FF894262029B9D50FD10D30B4DDD82B.e.1317/click - {}
RESULT: {}
COMMAND: GET /session/fc5612afcacf26d849b70600b679a1bb/screenshot - {}
RESULT: {}
COMMAND: POST /session/fc5612afcacf26d849b70600b679a1bb/element - {"using":"xpath","value":"//table[contains(@id, \"massStateChangeTable-listUl\")]/tbody/tr[1]/td[11]/div/div/div/div[2]/span"}
RESULT: {"using":"xpath","value":"//table[contains(@id, \"massStateChangeTable-listUl\")]/tbody/tr[1]/td[11]/div/div/div/div[2]/span"}
COMMAND: POST /session/fc5612afcacf26d849b70600b679a1bb/element/f.879421ECEBF83B736863962A17D84B66.d.5FF894262029B9D50FD10D30B4DDD82B.e.1317/click - {}
RESULT: {}
COMMAND: GET /session/fc5612afcacf26d849b70600b679a1bb/screenshot - {}
RESULT: {}
COMMAND: POST /session/fc5612afcacf26d849b70600b679a1bb/element - {"using":"xpath","value":"//table[contains(@id, \"massStateChangeTable-listUl\")]/tbody/tr[1]/td[11]/div/div/div/div[2]/span"}
RESULT: {"using":"xpath","value":"//table[contains(@id, \"massStateChangeTable-listUl\")]/tbody/tr[1]/td[11]/div/div/div/div[2]/span"}
COMMAND: POST /session/fc5612afcacf26d849b70600b679a1bb/element/f.879421ECEBF83B736863962A17D84B66.d.5FF894262029B9D50FD10D30B4DDD82B.e.1317/click - {}
RESULT: {}
COMMAND: GET /session/fc5612afcacf26d849b70600b679a1bb/screenshot - {}
RESULT: {}
COMMAND: POST /session/fc5612afcacf26d849b70600b679a1bb/element - {"using":"xpath","value":"//table[contains(@id, \"massStateChangeTable-listUl\")]/tbody/tr[1]/td[11]/div/div/div/div[2]/span"}
RESULT: {"using":"xpath","value":"//table[contains(@id, \"massStateChangeTable-listUl\")]/tbody/tr[1]/td[11]/div/div/div/div[2]/span"}
COMMAND: POST /session/fc5612afcacf26d849b70600b679a1bb/element/f.879421ECEBF83B736863962A17D84B66.d.5FF894262029B9D50FD10D30B4DDD82B.e.1317/click - {}
RESULT: {}
COMMAND: GET /session/fc5612afcacf26d849b70600b679a1bb/screenshot - {}
RESULT: {}
COMMAND: POST /session/fc5612afcacf26d849b70600b679a1bb/element - {"using":"xpath","value":"//table[contains(@id, \"massStateChangeTable-listUl\")]/tbody/tr[1]/td[11]/div/div/div/div[2]/span"}
RESULT: {"using":"xpath","value":"//table[contains(@id, \"massStateChangeTable-listUl\")]/tbody/tr[1]/td[11]/div/div/div/div[2]/span"}
COMMAND: POST /session/fc5612afcacf26d849b70600b679a1bb/element/f.879421ECEBF83B736863962A17D84B66.d.5FF894262029B9D50FD10D30B4DDD82B.e.1317/click - {}
RESULT: {}
COMMAND: GET /session/fc5612afcacf26d849b70600b679a1bb/screenshot - {}
RESULT: {}
COMMAND: POST /session/fc5612afcacf26d849b70600b679a1bb/element - {"using":"xpath","value":"//table[contains(@id, \"massStateChangeTable-listUl\")]/tbody/tr[2]/td[11]/div/div/div/div[2]/span"}
RESULT: {"using":"xpath","value":"//table[contains(@id, \"massStateChangeTable-listUl\")]/tbody/tr[2]/td[11]/div/div/div/div[2]/span"}
COMMAND: POST /session/fc5612afcacf26d849b70600b679a1bb/element/f.879421ECEBF83B736863962A17D84B66.d.5FF894262029B9D50FD10D30B4DDD82B.e.1318/click - {}
RESULT: {}
COMMAND: GET /session/fc5612afcacf26d849b70600b679a1bb/screenshot - {}
RESULT: {}
COMMAND: POST /session/fc5612afcacf26d849b70600b679a1bb/element - {"using":"xpath","value":"//table[contains(@id, \"massStateChangeTable-listUl\")]/tbody/tr[1]/td[11]/div/div/div/input"}
RESULT: {"using":"xpath","value":"//table[contains(@id, \"massStateChangeTable-listUl\")]/tbody/tr[1]/td[11]/div/div/div/input"}
COMMAND: GET /session/fc5612afcacf26d849b70600b679a1bb/element/f.879421ECEBF83B736863962A17D84B66.d.5FF894262029B9D50FD10D30B4DDD82B.e.1296/property/value - {}
RESULT: {}
COMMAND: POST /session/fc5612afcacf26d849b70600b679a1bb/element - {"using":"xpath","value":"//table[contains(@id, \"massStateChangeTable-listUl\")]/tbody/tr[2]/td[11]/div/div/div/input"}
COMMAND: GET /session/fc5612afcacf26d849b70600b679a1bb/screenshot - {}
RESULT: {"using":"xpath","value":"//table[contains(@id, \"massStateChangeTable-listUl\")]/tbody/tr[2]/td[11]/div/div/div/input"}
COMMAND: GET /session/fc5612afcacf26d849b70600b679a1bb/element/f.879421ECEBF83B736863962A17D84B66.d.5FF894262029B9D50FD10D30B4DDD82B.e.1300/property/value - {}
RESULT: {}
RESULT: {}
COMMAND: POST /session/fc5612afcacf26d849b70600b679a1bb/element - {"using":"xpath","value":"(//bdi[contains(text(), \"OK\")])[1]"}
COMMAND: GET /session/fc5612afcacf26d849b70600b679a1bb/screenshot - {}
RESULT: {"using":"xpath","value":"(//bdi[contains(text(), \"OK\")])[1]"}
COMMAND: POST /session/fc5612afcacf26d849b70600b679a1bb/element/f.879421ECEBF83B736863962A17D84B66.d.5FF894262029B9D50FD10D30B4DDD82B.e.1304/click - {}
RESULT: {}
RESULT: {}
COMMAND: GET /session/fc5612afcacf26d849b70600b679a1bb/screenshot - {}
RESULT: {}
COMMAND: POST /session/fc5612afcacf26d849b70600b679a1bb/element - {"using":"xpath","value":"(//bdi[contains(text(), \"OK\")])[2]"}
RESULT: {"using":"xpath","value":"(//bdi[contains(text(), \"OK\")])[2]"}
COMMAND: POST /session/fc5612afcacf26d849b70600b679a1bb/element/f.879421ECEBF83B736863962A17D84B66.d.5FF894262029B9D50FD10D30B4DDD82B.e.1321/click - {}
RESULT: {}
COMMAND: GET /session/fc5612afcacf26d849b70600b679a1bb/screenshot - {}
RESULT: {}
RESULT: undefined
COMMAND: POST /session/fc5612afcacf26d849b70600b679a1bb/execute/async - {"script":"<script> [776 bytes]","args":[{"enterText":"600002","selector":{"id":"application-ruinventorylist-display-component---Master--smartFilterBar-btnBasicSearch","interaction":{"idSuffix":"I"}},"clearTextFirst":true,"interactionType":"ENTER_TEXT"}]}
RESULT: {"script":"<script> [776 bytes]","args":[{"enterText":"600002","selector":{"id":"application-ruinventorylist-display-component---Master--smartFilterBar-btnBasicSearch","interaction":{"idSuffix":"I"}},"clearTextFirst":true,"interactionType":"ENTER_TEXT"}]}
COMMAND: POST /session/fc5612afcacf26d849b70600b679a1bb/actions - {"actions":[{"id":"action5","type":"key","parameters":{},"actions":[{"type":"keyDown","value":"î€‡"},{"type":"pause","duration":10},{"type":"keyUp","value":"î€‡"}]}]}
RESULT: {"actions":[{"id":"action5","type":"key","parameters":{},"actions":[{"type":"keyDown","value":"î€‡"},{"type":"pause","duration":10},{"type":"keyUp","value":"î€‡"}]}]}
COMMAND: GET /session/fc5612afcacf26d849b70600b679a1bb/screenshot - {}
RESULT: {}
COMMAND: POST /session/fc5612afcacf26d849b70600b679a1bb/element - {"using":"xpath","value":"//span[@id=\"application-ruinventorylist-display-component---Master--smartTableRuInventoryList-header-inner\"]"}
RESULT: {"using":"xpath","value":"//span[@id=\"application-ruinventorylist-display-component---Master--smartTableRuInventoryList-header-inner\"]"}
COMMAND: POST /session/fc5612afcacf26d849b70600b679a1bb/elements - {"using":"xpath","value":"//span[@id=\"application-ruinventorylist-display-component---Master--smartTableRuInventoryList-header-inner\"]"}
RESULT: {"using":"xpath","value":"//span[@id=\"application-ruinventorylist-display-component---Master--smartTableRuInventoryList-header-inner\"]"}
COMMAND: POST /session/fc5612afcacf26d849b70600b679a1bb/execute/sync - {"script":"<script> [56 bytes]","args":[{"element-6066-11e4-a52e-4f735466cecf":"f.879421ECEBF83B736863962A17D84B66.d.5FF894262029B9D50FD10D30B4DDD82B.e.914","ELEMENT":"f.879421ECEBF83B736863962A17D84B66.d.5FF894262029B9D50FD10D30B4DDD82B.e.914"}]}
RESULT: {"script":"<script> [56 bytes]","args":[{"element-6066-11e4-a52e-4f735466cecf":"f.879421ECEBF83B736863962A17D84B66.d.5FF894262029B9D50FD10D30B4DDD82B.e.914","ELEMENT":"f.879421ECEBF83B736863962A17D84B66.d.5FF894262029B9D50FD10D30B4DDD82B.e.914"}]}
COMMAND: POST /session/fc5612afcacf26d849b70600b679a1bb/element - {"using":"xpath","value":"//table[contains(@id, \"application-ruinventorylist-display-component---Master--tableRuInventoryList-listUl\")]/tbody/tr[1]/td[6]/div/span"}
COMMAND: GET /session/fc5612afcacf26d849b70600b679a1bb/screenshot - {}
RESULT: {"using":"xpath","value":"//table[contains(@id, \"application-ruinventorylist-display-component---Master--tableRuInventoryList-listUl\")]/tbody/tr[1]/td[6]/div/span"}
COMMAND: POST /session/fc5612afcacf26d849b70600b679a1bb/execute/sync - {"script":"<script> [56 bytes]","args":[{"element-6066-11e4-a52e-4f735466cecf":"f.879421ECEBF83B736863962A17D84B66.d.5FF894262029B9D50FD10D30B4DDD82B.e.1342","ELEMENT":"f.879421ECEBF83B736863962A17D84B66.d.5FF894262029B9D50FD10D30B4DDD82B.e.1342"}]}
RESULT: {}
RESULT: {"script":"<script> [56 bytes]","args":[{"element-6066-11e4-a52e-4f735466cecf":"f.879421ECEBF83B736863962A17D84B66.d.5FF894262029B9D50FD10D30B4DDD82B.e.1342","ELEMENT":"f.879421ECEBF83B736863962A17D84B66.d.5FF894262029B9D50FD10D30B4DDD82B.e.1342"}]}
COMMAND: POST /session/fc5612afcacf26d849b70600b679a1bb/element - {"using":"xpath","value":"//div[contains(@id, \"smartFilterBar-btnBasicSearch-reset\")]"}
COMMAND: GET /session/fc5612afcacf26d849b70600b679a1bb/screenshot - {}
RESULT: {"using":"xpath","value":"//div[contains(@id, \"smartFilterBar-btnBasicSearch-reset\")]"}
COMMAND: POST /session/fc5612afcacf26d849b70600b679a1bb/element/f.879421ECEBF83B736863962A17D84B66.d.5FF894262029B9D50FD10D30B4DDD82B.e.932/click - {}
RESULT: {}
RESULT: {}
COMMAND: GET /session/fc5612afcacf26d849b70600b679a1bb/screenshot - {}
RESULT: {}
RESULT: undefined
COMMAND: POST /session/fc5612afcacf26d849b70600b679a1bb/execute/async - {"script":"<script> [776 bytes]","args":[{"enterText":"401002","selector":{"id":"application-ruinventorylist-display-component---Master--smartFilterBar-btnBasicSearch","interaction":{"idSuffix":"I"}},"clearTextFirst":true,"interactionType":"ENTER_TEXT"}]}
RESULT: {"script":"<script> [776 bytes]","args":[{"enterText":"401002","selector":{"id":"application-ruinventorylist-display-component---Master--smartFilterBar-btnBasicSearch","interaction":{"idSuffix":"I"}},"clearTextFirst":true,"interactionType":"ENTER_TEXT"}]}
COMMAND: POST /session/fc5612afcacf26d849b70600b679a1bb/actions - {"actions":[{"id":"action6","type":"key","parameters":{},"actions":[{"type":"keyDown","value":"î€‡"},{"type":"pause","duration":10},{"type":"keyUp","value":"î€‡"}]}]}
RESULT: {"actions":[{"id":"action6","type":"key","parameters":{},"actions":[{"type":"keyDown","value":"î€‡"},{"type":"pause","duration":10},{"type":"keyUp","value":"î€‡"}]}]}
COMMAND: GET /session/fc5612afcacf26d849b70600b679a1bb/screenshot - {}
RESULT: {}
COMMAND: POST /session/fc5612afcacf26d849b70600b679a1bb/element - {"using":"xpath","value":"//span[@id=\"application-ruinventorylist-display-component---Master--smartTableRuInventoryList-header-inner\"]"}
RESULT: {"using":"xpath","value":"//span[@id=\"application-ruinventorylist-display-component---Master--smartTableRuInventoryList-header-inner\"]"}
COMMAND: POST /session/fc5612afcacf26d849b70600b679a1bb/elements - {"using":"xpath","value":"//span[@id=\"application-ruinventorylist-display-component---Master--smartTableRuInventoryList-header-inner\"]"}
RESULT: {"using":"xpath","value":"//span[@id=\"application-ruinventorylist-display-component---Master--smartTableRuInventoryList-header-inner\"]"}
COMMAND: POST /session/fc5612afcacf26d849b70600b679a1bb/execute/sync - {"script":"<script> [56 bytes]","args":[{"element-6066-11e4-a52e-4f735466cecf":"f.879421ECEBF83B736863962A17D84B66.d.5FF894262029B9D50FD10D30B4DDD82B.e.914","ELEMENT":"f.879421ECEBF83B736863962A17D84B66.d.5FF894262029B9D50FD10D30B4DDD82B.e.914"}]}
RESULT: {"script":"<script> [56 bytes]","args":[{"element-6066-11e4-a52e-4f735466cecf":"f.879421ECEBF83B736863962A17D84B66.d.5FF894262029B9D50FD10D30B4DDD82B.e.914","ELEMENT":"f.879421ECEBF83B736863962A17D84B66.d.5FF894262029B9D50FD10D30B4DDD82B.e.914"}]}
COMMAND: POST /session/fc5612afcacf26d849b70600b679a1bb/element - {"using":"xpath","value":"//table[contains(@id, \"application-ruinventorylist-display-component---Master--tableRuInventoryList-listUl\")]/tbody/tr[1]/td[6]/div/span"}
COMMAND: GET /session/fc5612afcacf26d849b70600b679a1bb/screenshot - {}
RESULT: {"using":"xpath","value":"//table[contains(@id, \"application-ruinventorylist-display-component---Master--tableRuInventoryList-listUl\")]/tbody/tr[1]/td[6]/div/span"}
COMMAND: POST /session/fc5612afcacf26d849b70600b679a1bb/execute/sync - {"script":"<script> [56 bytes]","args":[{"element-6066-11e4-a52e-4f735466cecf":"f.879421ECEBF83B736863962A17D84B66.d.5FF894262029B9D50FD10D30B4DDD82B.e.1442","ELEMENT":"f.879421ECEBF83B736863962A17D84B66.d.5FF894262029B9D50FD10D30B4DDD82B.e.1442"}]}
RESULT: {}
RESULT: {"script":"<script> [56 bytes]","args":[{"element-6066-11e4-a52e-4f735466cecf":"f.879421ECEBF83B736863962A17D84B66.d.5FF894262029B9D50FD10D30B4DDD82B.e.1442","ELEMENT":"f.879421ECEBF83B736863962A17D84B66.d.5FF894262029B9D50FD10D30B4DDD82B.e.1442"}]}
COMMAND: POST /session/fc5612afcacf26d849b70600b679a1bb/element - {"using":"xpath","value":"//div[contains(@id, \"smartFilterBar-btnBasicSearch-reset\")]"}
COMMAND: GET /session/fc5612afcacf26d849b70600b679a1bb/screenshot - {}
RESULT: {"using":"xpath","value":"//div[contains(@id, \"smartFilterBar-btnBasicSearch-reset\")]"}
COMMAND: POST /session/fc5612afcacf26d849b70600b679a1bb/element/f.879421ECEBF83B736863962A17D84B66.d.5FF894262029B9D50FD10D30B4DDD82B.e.932/click - {}
RESULT: {}
RESULT: {}
COMMAND: GET /session/fc5612afcacf26d849b70600b679a1bb/screenshot - {}
RESULT: {}
COMMAND: POST /session/fc5612afcacf26d849b70600b679a1bb/element/f.879421ECEBF83B736863962A17D84B66.d.5FF894262029B9D50FD10D30B4DDD82B.e.300/click - {}
RESULT: {}
COMMAND: GET /session/fc5612afcacf26d849b70600b679a1bb/screenshot - {}
RESULT: {}
RESULT: undefined
COMMAND: POST /session/fc5612afcacf26d849b70600b679a1bb/execute/async - {"script":"<script> [776 bytes]","args":[{"enterText":"600002","selector":{"id":"application-ruinventorylist-display-component---Master--smartFilterBar-btnBasicSearch","interaction":{"idSuffix":"I"}},"clearTextFirst":true,"interactionType":"ENTER_TEXT"}]}
RESULT: {"script":"<script> [776 bytes]","args":[{"enterText":"600002","selector":{"id":"application-ruinventorylist-display-component---Master--smartFilterBar-btnBasicSearch","interaction":{"idSuffix":"I"}},"clearTextFirst":true,"interactionType":"ENTER_TEXT"}]}
COMMAND: POST /session/fc5612afcacf26d849b70600b679a1bb/actions - {"actions":[{"id":"action7","type":"key","parameters":{},"actions":[{"type":"keyDown","value":"î€‡"},{"type":"pause","duration":10},{"type":"keyUp","value":"î€‡"}]}]}
RESULT: {"actions":[{"id":"action7","type":"key","parameters":{},"actions":[{"type":"keyDown","value":"î€‡"},{"type":"pause","duration":10},{"type":"keyUp","value":"î€‡"}]}]}
COMMAND: GET /session/fc5612afcacf26d849b70600b679a1bb/screenshot - {}
RESULT: {}
COMMAND: POST /session/fc5612afcacf26d849b70600b679a1bb/element - {"using":"xpath","value":"//span[@id=\"application-ruinventorylist-display-component---Master--smartTableRuInventoryList-header-inner\"]"}
RESULT: {"using":"xpath","value":"//span[@id=\"application-ruinventorylist-display-component---Master--smartTableRuInventoryList-header-inner\"]"}
COMMAND: POST /session/fc5612afcacf26d849b70600b679a1bb/elements - {"using":"xpath","value":"//span[@id=\"application-ruinventorylist-display-component---Master--smartTableRuInventoryList-header-inner\"]"}
RESULT: {"using":"xpath","value":"//span[@id=\"application-ruinventorylist-display-component---Master--smartTableRuInventoryList-header-inner\"]"}
COMMAND: POST /session/fc5612afcacf26d849b70600b679a1bb/execute/sync - {"script":"<script> [56 bytes]","args":[{"element-6066-11e4-a52e-4f735466cecf":"f.879421ECEBF83B736863962A17D84B66.d.5FF894262029B9D50FD10D30B4DDD82B.e.914","ELEMENT":"f.879421ECEBF83B736863962A17D84B66.d.5FF894262029B9D50FD10D30B4DDD82B.e.914"}]}
RESULT: {"script":"<script> [56 bytes]","args":[{"element-6066-11e4-a52e-4f735466cecf":"f.879421ECEBF83B736863962A17D84B66.d.5FF894262029B9D50FD10D30B4DDD82B.e.914","ELEMENT":"f.879421ECEBF83B736863962A17D84B66.d.5FF894262029B9D50FD10D30B4DDD82B.e.914"}]}
COMMAND: POST /session/fc5612afcacf26d849b70600b679a1bb/element - {"using":"xpath","value":"//table[contains(@id, \"application-ruinventorylist-display-component---Master--tableRuInventoryList-listUl\")]/tbody/tr[1]/td[2]/div/div"}
COMMAND: GET /session/fc5612afcacf26d849b70600b679a1bb/screenshot - {}
RESULT: {"using":"xpath","value":"//table[contains(@id, \"application-ruinventorylist-display-component---Master--tableRuInventoryList-listUl\")]/tbody/tr[1]/td[2]/div/div"}
COMMAND: POST /session/fc5612afcacf26d849b70600b679a1bb/element/f.879421ECEBF83B736863962A17D84B66.d.5FF894262029B9D50FD10D30B4DDD82B.e.1732/click - {}
RESULT: {}
RESULT: {}
COMMAND: GET /session/fc5612afcacf26d849b70600b679a1bb/screenshot - {}
RESULT: {}
COMMAND: POST /session/fc5612afcacf26d849b70600b679a1bb/element - {"using":"xpath","value":"//div[contains(@id, \"smartFilterBar-btnBasicSearch-reset\")]"}
RESULT: {"using":"xpath","value":"//div[contains(@id, \"smartFilterBar-btnBasicSearch-reset\")]"}
COMMAND: POST /session/fc5612afcacf26d849b70600b679a1bb/element/f.879421ECEBF83B736863962A17D84B66.d.5FF894262029B9D50FD10D30B4DDD82B.e.932/click - {}
RESULT: {}
COMMAND: GET /session/fc5612afcacf26d849b70600b679a1bb/screenshot - {}
RESULT: {}
RESULT: undefined
COMMAND: POST /session/fc5612afcacf26d849b70600b679a1bb/execute/async - {"script":"<script> [776 bytes]","args":[{"enterText":"401002","selector":{"id":"application-ruinventorylist-display-component---Master--smartFilterBar-btnBasicSearch","interaction":{"idSuffix":"I"}},"clearTextFirst":true,"interactionType":"ENTER_TEXT"}]}
RESULT: {"script":"<script> [776 bytes]","args":[{"enterText":"401002","selector":{"id":"application-ruinventorylist-display-component---Master--smartFilterBar-btnBasicSearch","interaction":{"idSuffix":"I"}},"clearTextFirst":true,"interactionType":"ENTER_TEXT"}]}
COMMAND: POST /session/fc5612afcacf26d849b70600b679a1bb/actions - {"actions":[{"id":"action8","type":"key","parameters":{},"actions":[{"type":"keyDown","value":"î€‡"},{"type":"pause","duration":10},{"type":"keyUp","value":"î€‡"}]}]}
RESULT: {"actions":[{"id":"action8","type":"key","parameters":{},"actions":[{"type":"keyDown","value":"î€‡"},{"type":"pause","duration":10},{"type":"keyUp","value":"î€‡"}]}]}
COMMAND: GET /session/fc5612afcacf26d849b70600b679a1bb/screenshot - {}
RESULT: {}
COMMAND: POST /session/fc5612afcacf26d849b70600b679a1bb/element - {"using":"xpath","value":"//span[@id=\"application-ruinventorylist-display-component---Master--smartTableRuInventoryList-header-inner\"]"}
RESULT: {"using":"xpath","value":"//span[@id=\"application-ruinventorylist-display-component---Master--smartTableRuInventoryList-header-inner\"]"}
COMMAND: POST /session/fc5612afcacf26d849b70600b679a1bb/elements - {"using":"xpath","value":"//span[@id=\"application-ruinventorylist-display-component---Master--smartTableRuInventoryList-header-inner\"]"}
RESULT: {"using":"xpath","value":"//span[@id=\"application-ruinventorylist-display-component---Master--smartTableRuInventoryList-header-inner\"]"}
COMMAND: POST /session/fc5612afcacf26d849b70600b679a1bb/execute/sync - {"script":"<script> [56 bytes]","args":[{"element-6066-11e4-a52e-4f735466cecf":"f.879421ECEBF83B736863962A17D84B66.d.5FF894262029B9D50FD10D30B4DDD82B.e.914","ELEMENT":"f.879421ECEBF83B736863962A17D84B66.d.5FF894262029B9D50FD10D30B4DDD82B.e.914"}]}
RESULT: {"script":"<script> [56 bytes]","args":[{"element-6066-11e4-a52e-4f735466cecf":"f.879421ECEBF83B736863962A17D84B66.d.5FF894262029B9D50FD10D30B4DDD82B.e.914","ELEMENT":"f.879421ECEBF83B736863962A17D84B66.d.5FF894262029B9D50FD10D30B4DDD82B.e.914"}]}
COMMAND: POST /session/fc5612afcacf26d849b70600b679a1bb/element - {"using":"xpath","value":"//table[contains(@id, \"application-ruinventorylist-display-component---Master--tableRuInventoryList-listUl\")]/tbody/tr[1]/td[2]/div/div"}
COMMAND: GET /session/fc5612afcacf26d849b70600b679a1bb/screenshot - {}
RESULT: {"using":"xpath","value":"//table[contains(@id, \"application-ruinventorylist-display-component---Master--tableRuInventoryList-listUl\")]/tbody/tr[1]/td[2]/div/div"}
COMMAND: POST /session/fc5612afcacf26d849b70600b679a1bb/element/f.879421ECEBF83B736863962A17D84B66.d.5FF894262029B9D50FD10D30B4DDD82B.e.1919/click - {}
RESULT: {}
RESULT: {}
COMMAND: GET /session/fc5612afcacf26d849b70600b679a1bb/screenshot - {}
RESULT: {}
COMMAND: POST /session/fc5612afcacf26d849b70600b679a1bb/element - {"using":"xpath","value":"//div[contains(@id, \"smartFilterBar-btnBasicSearch-reset\")]"}
RESULT: {"using":"xpath","value":"//div[contains(@id, \"smartFilterBar-btnBasicSearch-reset\")]"}
COMMAND: POST /session/fc5612afcacf26d849b70600b679a1bb/element/f.879421ECEBF83B736863962A17D84B66.d.5FF894262029B9D50FD10D30B4DDD82B.e.932/click - {}
RESULT: {}
COMMAND: GET /session/fc5612afcacf26d849b70600b679a1bb/screenshot - {}
RESULT: {}
COMMAND: POST /session/fc5612afcacf26d849b70600b679a1bb/element/f.879421ECEBF83B736863962A17D84B66.d.5FF894262029B9D50FD10D30B4DDD82B.e.300/click - {}
RESULT: {}
COMMAND: GET /session/fc5612afcacf26d849b70600b679a1bb/screenshot - {}
RESULT: {}
RESULT: undefined
COMMAND: POST /session/fc5612afcacf26d849b70600b679a1bb/element - {"using":"xpath","value":"//*[@id=\"application-ruinventorylist-display-component---Master--ruStateTypes-arrow\"]"}
RESULT: {"using":"xpath","value":"//*[@id=\"application-ruinventorylist-display-component---Master--ruStateTypes-arrow\"]"}
COMMAND: POST /session/fc5612afcacf26d849b70600b679a1bb/element/f.879421ECEBF83B736863962A17D84B66.d.5FF894262029B9D50FD10D30B4DDD82B.e.2116/click - {}
RESULT: {}
COMMAND: GET /session/fc5612afcacf26d849b70600b679a1bb/screenshot - {}
RESULT: {}
COMMAND: POST /session/fc5612afcacf26d849b70600b679a1bb/element - {"using":"xpath","value":"//li[.//span[text()=\"available\"]]"}
RESULT: {"using":"xpath","value":"//li[.//span[text()=\"available\"]]"}
COMMAND: POST /session/fc5612afcacf26d849b70600b679a1bb/element/f.879421ECEBF83B736863962A17D84B66.d.5FF894262029B9D50FD10D30B4DDD82B.e.2117/click - {}
RESULT: {}
COMMAND: GET /session/fc5612afcacf26d849b70600b679a1bb/screenshot - {}
RESULT: {}
COMMAND: POST /session/fc5612afcacf26d849b70600b679a1bb/element - {"using":"xpath","value":"(//bdi[contains(text(), \"OK\")])[1]"}
RESULT: {"using":"xpath","value":"(//bdi[contains(text(), \"OK\")])[1]"}
COMMAND: POST /session/fc5612afcacf26d849b70600b679a1bb/element/f.879421ECEBF83B736863962A17D84B66.d.5FF894262029B9D50FD10D30B4DDD82B.e.2118/click - {}
RESULT: {}
COMMAND: GET /session/fc5612afcacf26d849b70600b679a1bb/screenshot - {}
RESULT: {}
COMMAND: POST /session/fc5612afcacf26d849b70600b679a1bb/element - {"using":"xpath","value":"(//bdi[contains(text(), \"OK\")])[2]"}
RESULT: {"using":"xpath","value":"(//bdi[contains(text(), \"OK\")])[2]"}
COMMAND: POST /session/fc5612afcacf26d849b70600b679a1bb/element/f.879421ECEBF83B736863962A17D84B66.d.5FF894262029B9D50FD10D30B4DDD82B.e.2122/click - {}
RESULT: {}
COMMAND: GET /session/fc5612afcacf26d849b70600b679a1bb/screenshot - {}
RESULT: {}
RESULT: undefined
COMMAND: POST /session/fc5612afcacf26d849b70600b679a1bb/execute/async - {"script":"<script> [776 bytes]","args":[{"enterText":"600002","selector":{"id":"application-ruinventorylist-display-component---Master--smartFilterBar-btnBasicSearch","interaction":{"idSuffix":"I"}},"clearTextFirst":true,"interactionType":"ENTER_TEXT"}]}
RESULT: {"script":"<script> [776 bytes]","args":[{"enterText":"600002","selector":{"id":"application-ruinventorylist-display-component---Master--smartFilterBar-btnBasicSearch","interaction":{"idSuffix":"I"}},"clearTextFirst":true,"interactionType":"ENTER_TEXT"}]}
COMMAND: POST /session/fc5612afcacf26d849b70600b679a1bb/actions - {"actions":[{"id":"action9","type":"key","parameters":{},"actions":[{"type":"keyDown","value":"î€‡"},{"type":"pause","duration":10},{"type":"keyUp","value":"î€‡"}]}]}
RESULT: {"actions":[{"id":"action9","type":"key","parameters":{},"actions":[{"type":"keyDown","value":"î€‡"},{"type":"pause","duration":10},{"type":"keyUp","value":"î€‡"}]}]}
COMMAND: GET /session/fc5612afcacf26d849b70600b679a1bb/screenshot - {}
RESULT: {}
COMMAND: POST /session/fc5612afcacf26d849b70600b679a1bb/element - {"using":"xpath","value":"//span[@id=\"application-ruinventorylist-display-component---Master--smartTableRuInventoryList-header-inner\"]"}
RESULT: {"using":"xpath","value":"//span[@id=\"application-ruinventorylist-display-component---Master--smartTableRuInventoryList-header-inner\"]"}
COMMAND: POST /session/fc5612afcacf26d849b70600b679a1bb/elements - {"using":"xpath","value":"//span[@id=\"application-ruinventorylist-display-component---Master--smartTableRuInventoryList-header-inner\"]"}
RESULT: {"using":"xpath","value":"//span[@id=\"application-ruinventorylist-display-component---Master--smartTableRuInventoryList-header-inner\"]"}
COMMAND: POST /session/fc5612afcacf26d849b70600b679a1bb/execute/sync - {"script":"<script> [56 bytes]","args":[{"element-6066-11e4-a52e-4f735466cecf":"f.879421ECEBF83B736863962A17D84B66.d.5FF894262029B9D50FD10D30B4DDD82B.e.914","ELEMENT":"f.879421ECEBF83B736863962A17D84B66.d.5FF894262029B9D50FD10D30B4DDD82B.e.914"}]}
RESULT: {"script":"<script> [56 bytes]","args":[{"element-6066-11e4-a52e-4f735466cecf":"f.879421ECEBF83B736863962A17D84B66.d.5FF894262029B9D50FD10D30B4DDD82B.e.914","ELEMENT":"f.879421ECEBF83B736863962A17D84B66.d.5FF894262029B9D50FD10D30B4DDD82B.e.914"}]}
COMMAND: POST /session/fc5612afcacf26d849b70600b679a1bb/element - {"using":"xpath","value":"//table[contains(@id, \"application-ruinventorylist-display-component---Master--tableRuInventoryList-listUl\")]/tbody/tr[1]/td[6]/div/span"}
COMMAND: GET /session/fc5612afcacf26d849b70600b679a1bb/screenshot - {}
RESULT: {"using":"xpath","value":"//table[contains(@id, \"application-ruinventorylist-display-component---Master--tableRuInventoryList-listUl\")]/tbody/tr[1]/td[6]/div/span"}
COMMAND: POST /session/fc5612afcacf26d849b70600b679a1bb/execute/sync - {"script":"<script> [56 bytes]","args":[{"element-6066-11e4-a52e-4f735466cecf":"f.879421ECEBF83B736863962A17D84B66.d.5FF894262029B9D50FD10D30B4DDD82B.e.2144","ELEMENT":"f.879421ECEBF83B736863962A17D84B66.d.5FF894262029B9D50FD10D30B4DDD82B.e.2144"}]}
RESULT: {}
RESULT: {"script":"<script> [56 bytes]","args":[{"element-6066-11e4-a52e-4f735466cecf":"f.879421ECEBF83B736863962A17D84B66.d.5FF894262029B9D50FD10D30B4DDD82B.e.2144","ELEMENT":"f.879421ECEBF83B736863962A17D84B66.d.5FF894262029B9D50FD10D30B4DDD82B.e.2144"}]}
COMMAND: POST /session/fc5612afcacf26d849b70600b679a1bb/element - {"using":"xpath","value":"//div[contains(@id, \"smartFilterBar-btnBasicSearch-reset\")]"}
COMMAND: GET /session/fc5612afcacf26d849b70600b679a1bb/screenshot - {}
RESULT: {"using":"xpath","value":"//div[contains(@id, \"smartFilterBar-btnBasicSearch-reset\")]"}
COMMAND: POST /session/fc5612afcacf26d849b70600b679a1bb/element/f.879421ECEBF83B736863962A17D84B66.d.5FF894262029B9D50FD10D30B4DDD82B.e.932/click - {}
RESULT: {}
RESULT: {}
COMMAND: GET /session/fc5612afcacf26d849b70600b679a1bb/screenshot - {}
RESULT: {}
RESULT: undefined
COMMAND: POST /session/fc5612afcacf26d849b70600b679a1bb/execute/async - {"script":"<script> [776 bytes]","args":[{"enterText":"401002","selector":{"id":"application-ruinventorylist-display-component---Master--smartFilterBar-btnBasicSearch","interaction":{"idSuffix":"I"}},"clearTextFirst":true,"interactionType":"ENTER_TEXT"}]}
RESULT: {"script":"<script> [776 bytes]","args":[{"enterText":"401002","selector":{"id":"application-ruinventorylist-display-component---Master--smartFilterBar-btnBasicSearch","interaction":{"idSuffix":"I"}},"clearTextFirst":true,"interactionType":"ENTER_TEXT"}]}
COMMAND: POST /session/fc5612afcacf26d849b70600b679a1bb/actions - {"actions":[{"id":"action10","type":"key","parameters":{},"actions":[{"type":"keyDown","value":"î€‡"},{"type":"pause","duration":10},{"type":"keyUp","value":"î€‡"}]}]}
RESULT: {"actions":[{"id":"action10","type":"key","parameters":{},"actions":[{"type":"keyDown","value":"î€‡"},{"type":"pause","duration":10},{"type":"keyUp","value":"î€‡"}]}]}
COMMAND: GET /session/fc5612afcacf26d849b70600b679a1bb/screenshot - {}
RESULT: {}
COMMAND: POST /session/fc5612afcacf26d849b70600b679a1bb/element - {"using":"xpath","value":"//span[@id=\"application-ruinventorylist-display-component---Master--smartTableRuInventoryList-header-inner\"]"}
RESULT: {"using":"xpath","value":"//span[@id=\"application-ruinventorylist-display-component---Master--smartTableRuInventoryList-header-inner\"]"}
COMMAND: POST /session/fc5612afcacf26d849b70600b679a1bb/elements - {"using":"xpath","value":"//span[@id=\"application-ruinventorylist-display-component---Master--smartTableRuInventoryList-header-inner\"]"}
RESULT: {"using":"xpath","value":"//span[@id=\"application-ruinventorylist-display-component---Master--smartTableRuInventoryList-header-inner\"]"}
COMMAND: POST /session/fc5612afcacf26d849b70600b679a1bb/execute/sync - {"script":"<script> [56 bytes]","args":[{"element-6066-11e4-a52e-4f735466cecf":"f.879421ECEBF83B736863962A17D84B66.d.5FF894262029B9D50FD10D30B4DDD82B.e.914","ELEMENT":"f.879421ECEBF83B736863962A17D84B66.d.5FF894262029B9D50FD10D30B4DDD82B.e.914"}]}
RESULT: {"script":"<script> [56 bytes]","args":[{"element-6066-11e4-a52e-4f735466cecf":"f.879421ECEBF83B736863962A17D84B66.d.5FF894262029B9D50FD10D30B4DDD82B.e.914","ELEMENT":"f.879421ECEBF83B736863962A17D84B66.d.5FF894262029B9D50FD10D30B4DDD82B.e.914"}]}
COMMAND: POST /session/fc5612afcacf26d849b70600b679a1bb/element - {"using":"xpath","value":"//table[contains(@id, \"application-ruinventorylist-display-component---Master--tableRuInventoryList-listUl\")]/tbody/tr[1]/td[6]/div/span"}
COMMAND: GET /session/fc5612afcacf26d849b70600b679a1bb/screenshot - {}
RESULT: {"using":"xpath","value":"//table[contains(@id, \"application-ruinventorylist-display-component---Master--tableRuInventoryList-listUl\")]/tbody/tr[1]/td[6]/div/span"}
COMMAND: POST /session/fc5612afcacf26d849b70600b679a1bb/execute/sync - {"script":"<script> [56 bytes]","args":[{"element-6066-11e4-a52e-4f735466cecf":"f.879421ECEBF83B736863962A17D84B66.d.5FF894262029B9D50FD10D30B4DDD82B.e.2244","ELEMENT":"f.879421ECEBF83B736863962A17D84B66.d.5FF894262029B9D50FD10D30B4DDD82B.e.2244"}]}
RESULT: {}
RESULT: {"script":"<script> [56 bytes]","args":[{"element-6066-11e4-a52e-4f735466cecf":"f.879421ECEBF83B736863962A17D84B66.d.5FF894262029B9D50FD10D30B4DDD82B.e.2244","ELEMENT":"f.879421ECEBF83B736863962A17D84B66.d.5FF894262029B9D50FD10D30B4DDD82B.e.2244"}]}
COMMAND: POST /session/fc5612afcacf26d849b70600b679a1bb/element - {"using":"xpath","value":"//div[contains(@id, \"smartFilterBar-btnBasicSearch-reset\")]"}
COMMAND: GET /session/fc5612afcacf26d849b70600b679a1bb/screenshot - {}
RESULT: {"using":"xpath","value":"//div[contains(@id, \"smartFilterBar-btnBasicSearch-reset\")]"}
COMMAND: POST /session/fc5612afcacf26d849b70600b679a1bb/element/f.879421ECEBF83B736863962A17D84B66.d.5FF894262029B9D50FD10D30B4DDD82B.e.932/click - {}
RESULT: {}
RESULT: {}
COMMAND: GET /session/fc5612afcacf26d849b70600b679a1bb/screenshot - {}
RESULT: {}
COMMAND: POST /session/fc5612afcacf26d849b70600b679a1bb/element - {"using":"css selector","value":"#shell-header-logo"}
RESULT: {"using":"css selector","value":"#shell-header-logo"}
COMMAND: POST /session/fc5612afcacf26d849b70600b679a1bb/element/f.879421ECEBF83B736863962A17D84B66.d.5FF894262029B9D50FD10D30B4DDD82B.e.268/click - {}
RESULT: {}
COMMAND: GET /session/fc5612afcacf26d849b70600b679a1bb/screenshot - {}
RESULT: {}
]]></system-out>
    </testcase>
    <testcase classname="chrome.135_0_7049_115.windows.RU_Inventory_Mass_State_Change_Multiple_Items_US151066" name="Prerequisite Step 2 Should create a new equipment" time="151.281">
      <system-out><![CDATA[
COMMAND: POST /session/fc5612afcacf26d849b70600b679a1bb/execute/async - {"script":"<script> [1562 bytes]","args":[{"selector":{"controlType":"sap.m.GenericTile","properties":{"header":"Manage Resources"}},"wdio_ui5_key":"sapm.GenericTile{\"header\":\"Manage Resources\"}"}]}
RESULT: {"script":"<script> [1562 bytes]","args":[{"selector":{"controlType":"sap.m.GenericTile","properties":{"header":"Manage Resources"}},"wdio_ui5_key":"sapm.GenericTile{\"header\":\"Manage Resources\"}"}]}
RESULT: undefined
COMMAND: POST /session/fc5612afcacf26d849b70600b679a1bb/element - {"using":"xpath","value":"//*[@id=\"__tile39\"]"}
RESULT: {"using":"xpath","value":"//*[@id=\"__tile39\"]"}
COMMAND: POST /session/fc5612afcacf26d849b70600b679a1bb/element/f.879421ECEBF83B736863962A17D84B66.d.5FF894262029B9D50FD10D30B4DDD82B.e.155/click - {}
RESULT: {}
COMMAND: POST /session/fc5612afcacf26d849b70600b679a1bb/element - {"using":"xpath","value":"//button[@data-kt=\"addNewRUOverflowToolbarButton\"]"}
COMMAND: GET /session/fc5612afcacf26d849b70600b679a1bb/screenshot - {}
RESULT: {"using":"xpath","value":"//button[@data-kt=\"addNewRUOverflowToolbarButton\"]"}
COMMAND: POST /session/fc5612afcacf26d849b70600b679a1bb/elements - {"using":"xpath","value":"//button[@data-kt=\"addNewRUOverflowToolbarButton\"]"}
RESULT: {}
RESULT: {"using":"xpath","value":"//button[@data-kt=\"addNewRUOverflowToolbarButton\"]"}
COMMAND: POST /session/fc5612afcacf26d849b70600b679a1bb/elements - {"using":"xpath","value":"//button[@data-kt=\"addNewRUOverflowToolbarButton\"]"}
RESULT: {"using":"xpath","value":"//button[@data-kt=\"addNewRUOverflowToolbarButton\"]"}
COMMAND: POST /session/fc5612afcacf26d849b70600b679a1bb/elements - {"using":"xpath","value":"//button[@data-kt=\"addNewRUOverflowToolbarButton\"]"}
RESULT: {"using":"xpath","value":"//button[@data-kt=\"addNewRUOverflowToolbarButton\"]"}
COMMAND: POST /session/fc5612afcacf26d849b70600b679a1bb/elements - {"using":"xpath","value":"//button[@data-kt=\"addNewRUOverflowToolbarButton\"]"}
RESULT: {"using":"xpath","value":"//button[@data-kt=\"addNewRUOverflowToolbarButton\"]"}
COMMAND: POST /session/fc5612afcacf26d849b70600b679a1bb/elements - {"using":"xpath","value":"//button[@data-kt=\"addNewRUOverflowToolbarButton\"]"}
RESULT: {"using":"xpath","value":"//button[@data-kt=\"addNewRUOverflowToolbarButton\"]"}
COMMAND: POST /session/fc5612afcacf26d849b70600b679a1bb/elements - {"using":"xpath","value":"//button[@data-kt=\"addNewRUOverflowToolbarButton\"]"}
RESULT: {"using":"xpath","value":"//button[@data-kt=\"addNewRUOverflowToolbarButton\"]"}
COMMAND: POST /session/fc5612afcacf26d849b70600b679a1bb/elements - {"using":"xpath","value":"//button[@data-kt=\"addNewRUOverflowToolbarButton\"]"}
RESULT: {"using":"xpath","value":"//button[@data-kt=\"addNewRUOverflowToolbarButton\"]"}
COMMAND: POST /session/fc5612afcacf26d849b70600b679a1bb/elements - {"using":"xpath","value":"//button[@data-kt=\"addNewRUOverflowToolbarButton\"]"}
RESULT: {"using":"xpath","value":"//button[@data-kt=\"addNewRUOverflowToolbarButton\"]"}
COMMAND: POST /session/fc5612afcacf26d849b70600b679a1bb/elements - {"using":"xpath","value":"//button[@data-kt=\"addNewRUOverflowToolbarButton\"]"}
RESULT: {"using":"xpath","value":"//button[@data-kt=\"addNewRUOverflowToolbarButton\"]"}
COMMAND: POST /session/fc5612afcacf26d849b70600b679a1bb/elements - {"using":"xpath","value":"//button[@data-kt=\"addNewRUOverflowToolbarButton\"]"}
RESULT: {"using":"xpath","value":"//button[@data-kt=\"addNewRUOverflowToolbarButton\"]"}
COMMAND: POST /session/fc5612afcacf26d849b70600b679a1bb/elements - {"using":"xpath","value":"//button[@data-kt=\"addNewRUOverflowToolbarButton\"]"}
RESULT: {"using":"xpath","value":"//button[@data-kt=\"addNewRUOverflowToolbarButton\"]"}
COMMAND: POST /session/fc5612afcacf26d849b70600b679a1bb/elements - {"using":"xpath","value":"//button[@data-kt=\"addNewRUOverflowToolbarButton\"]"}
RESULT: {"using":"xpath","value":"//button[@data-kt=\"addNewRUOverflowToolbarButton\"]"}
COMMAND: POST /session/fc5612afcacf26d849b70600b679a1bb/elements - {"using":"xpath","value":"//button[@data-kt=\"addNewRUOverflowToolbarButton\"]"}
RESULT: {"using":"xpath","value":"//button[@data-kt=\"addNewRUOverflowToolbarButton\"]"}
COMMAND: POST /session/fc5612afcacf26d849b70600b679a1bb/elements - {"using":"xpath","value":"//button[@data-kt=\"addNewRUOverflowToolbarButton\"]"}
RESULT: {"using":"xpath","value":"//button[@data-kt=\"addNewRUOverflowToolbarButton\"]"}
COMMAND: POST /session/fc5612afcacf26d849b70600b679a1bb/elements - {"using":"xpath","value":"//button[@data-kt=\"addNewRUOverflowToolbarButton\"]"}
RESULT: {"using":"xpath","value":"//button[@data-kt=\"addNewRUOverflowToolbarButton\"]"}
COMMAND: POST /session/fc5612afcacf26d849b70600b679a1bb/elements - {"using":"xpath","value":"//button[@data-kt=\"addNewRUOverflowToolbarButton\"]"}
RESULT: {"using":"xpath","value":"//button[@data-kt=\"addNewRUOverflowToolbarButton\"]"}
COMMAND: POST /session/fc5612afcacf26d849b70600b679a1bb/elements - {"using":"xpath","value":"//button[@data-kt=\"addNewRUOverflowToolbarButton\"]"}
RESULT: {"using":"xpath","value":"//button[@data-kt=\"addNewRUOverflowToolbarButton\"]"}
COMMAND: POST /session/fc5612afcacf26d849b70600b679a1bb/elements - {"using":"xpath","value":"//button[@data-kt=\"addNewRUOverflowToolbarButton\"]"}
RESULT: {"using":"xpath","value":"//button[@data-kt=\"addNewRUOverflowToolbarButton\"]"}
COMMAND: POST /session/fc5612afcacf26d849b70600b679a1bb/elements - {"using":"xpath","value":"//button[@data-kt=\"addNewRUOverflowToolbarButton\"]"}
RESULT: {"using":"xpath","value":"//button[@data-kt=\"addNewRUOverflowToolbarButton\"]"}
COMMAND: POST /session/fc5612afcacf26d849b70600b679a1bb/elements - {"using":"xpath","value":"//button[@data-kt=\"addNewRUOverflowToolbarButton\"]"}
RESULT: {"using":"xpath","value":"//button[@data-kt=\"addNewRUOverflowToolbarButton\"]"}
COMMAND: POST /session/fc5612afcacf26d849b70600b679a1bb/elements - {"using":"xpath","value":"//button[@data-kt=\"addNewRUOverflowToolbarButton\"]"}
RESULT: {"using":"xpath","value":"//button[@data-kt=\"addNewRUOverflowToolbarButton\"]"}
COMMAND: POST /session/fc5612afcacf26d849b70600b679a1bb/elements - {"using":"xpath","value":"//button[@data-kt=\"addNewRUOverflowToolbarButton\"]"}
RESULT: {"using":"xpath","value":"//button[@data-kt=\"addNewRUOverflowToolbarButton\"]"}
COMMAND: POST /session/fc5612afcacf26d849b70600b679a1bb/elements - {"using":"xpath","value":"//button[@data-kt=\"addNewRUOverflowToolbarButton\"]"}
RESULT: {"using":"xpath","value":"//button[@data-kt=\"addNewRUOverflowToolbarButton\"]"}
COMMAND: POST /session/fc5612afcacf26d849b70600b679a1bb/elements - {"using":"xpath","value":"//button[@data-kt=\"addNewRUOverflowToolbarButton\"]"}
RESULT: {"using":"xpath","value":"//button[@data-kt=\"addNewRUOverflowToolbarButton\"]"}
COMMAND: POST /session/fc5612afcacf26d849b70600b679a1bb/elements - {"using":"xpath","value":"//button[@data-kt=\"addNewRUOverflowToolbarButton\"]"}
RESULT: {"using":"xpath","value":"//button[@data-kt=\"addNewRUOverflowToolbarButton\"]"}
COMMAND: POST /session/fc5612afcacf26d849b70600b679a1bb/elements - {"using":"xpath","value":"//button[@data-kt=\"addNewRUOverflowToolbarButton\"]"}
RESULT: {"using":"xpath","value":"//button[@data-kt=\"addNewRUOverflowToolbarButton\"]"}
COMMAND: POST /session/fc5612afcacf26d849b70600b679a1bb/elements - {"using":"xpath","value":"//button[@data-kt=\"addNewRUOverflowToolbarButton\"]"}
RESULT: {"using":"xpath","value":"//button[@data-kt=\"addNewRUOverflowToolbarButton\"]"}
COMMAND: POST /session/fc5612afcacf26d849b70600b679a1bb/elements - {"using":"xpath","value":"//button[@data-kt=\"addNewRUOverflowToolbarButton\"]"}
RESULT: {"using":"xpath","value":"//button[@data-kt=\"addNewRUOverflowToolbarButton\"]"}
COMMAND: POST /session/fc5612afcacf26d849b70600b679a1bb/elements - {"using":"xpath","value":"//button[@data-kt=\"addNewRUOverflowToolbarButton\"]"}
RESULT: {"using":"xpath","value":"//button[@data-kt=\"addNewRUOverflowToolbarButton\"]"}
COMMAND: POST /session/fc5612afcacf26d849b70600b679a1bb/elements - {"using":"xpath","value":"//button[@data-kt=\"addNewRUOverflowToolbarButton\"]"}
RESULT: {"using":"xpath","value":"//button[@data-kt=\"addNewRUOverflowToolbarButton\"]"}
COMMAND: POST /session/fc5612afcacf26d849b70600b679a1bb/elements - {"using":"xpath","value":"//button[@data-kt=\"addNewRUOverflowToolbarButton\"]"}
RESULT: {"using":"xpath","value":"//button[@data-kt=\"addNewRUOverflowToolbarButton\"]"}
COMMAND: POST /session/fc5612afcacf26d849b70600b679a1bb/elements - {"using":"xpath","value":"//button[@data-kt=\"addNewRUOverflowToolbarButton\"]"}
RESULT: {"using":"xpath","value":"//button[@data-kt=\"addNewRUOverflowToolbarButton\"]"}
COMMAND: POST /session/fc5612afcacf26d849b70600b679a1bb/elements - {"using":"xpath","value":"//button[@data-kt=\"addNewRUOverflowToolbarButton\"]"}
RESULT: {"using":"xpath","value":"//button[@data-kt=\"addNewRUOverflowToolbarButton\"]"}
COMMAND: POST /session/fc5612afcacf26d849b70600b679a1bb/elements - {"using":"xpath","value":"//button[@data-kt=\"addNewRUOverflowToolbarButton\"]"}
RESULT: {"using":"xpath","value":"//button[@data-kt=\"addNewRUOverflowToolbarButton\"]"}
COMMAND: POST /session/fc5612afcacf26d849b70600b679a1bb/elements - {"using":"xpath","value":"//button[@data-kt=\"addNewRUOverflowToolbarButton\"]"}
RESULT: {"using":"xpath","value":"//button[@data-kt=\"addNewRUOverflowToolbarButton\"]"}
COMMAND: POST /session/fc5612afcacf26d849b70600b679a1bb/elements - {"using":"xpath","value":"//button[@data-kt=\"addNewRUOverflowToolbarButton\"]"}
RESULT: {"using":"xpath","value":"//button[@data-kt=\"addNewRUOverflowToolbarButton\"]"}
COMMAND: POST /session/fc5612afcacf26d849b70600b679a1bb/elements - {"using":"xpath","value":"//button[@data-kt=\"addNewRUOverflowToolbarButton\"]"}
RESULT: {"using":"xpath","value":"//button[@data-kt=\"addNewRUOverflowToolbarButton\"]"}
COMMAND: POST /session/fc5612afcacf26d849b70600b679a1bb/elements - {"using":"xpath","value":"//button[@data-kt=\"addNewRUOverflowToolbarButton\"]"}
RESULT: {"using":"xpath","value":"//button[@data-kt=\"addNewRUOverflowToolbarButton\"]"}
COMMAND: POST /session/fc5612afcacf26d849b70600b679a1bb/elements - {"using":"xpath","value":"//button[@data-kt=\"addNewRUOverflowToolbarButton\"]"}
RESULT: {"using":"xpath","value":"//button[@data-kt=\"addNewRUOverflowToolbarButton\"]"}
COMMAND: POST /session/fc5612afcacf26d849b70600b679a1bb/elements - {"using":"xpath","value":"//button[@data-kt=\"addNewRUOverflowToolbarButton\"]"}
RESULT: {"using":"xpath","value":"//button[@data-kt=\"addNewRUOverflowToolbarButton\"]"}
COMMAND: POST /session/fc5612afcacf26d849b70600b679a1bb/elements - {"using":"xpath","value":"//button[@data-kt=\"addNewRUOverflowToolbarButton\"]"}
RESULT: {"using":"xpath","value":"//button[@data-kt=\"addNewRUOverflowToolbarButton\"]"}
COMMAND: POST /session/fc5612afcacf26d849b70600b679a1bb/elements - {"using":"xpath","value":"//button[@data-kt=\"addNewRUOverflowToolbarButton\"]"}
RESULT: {"using":"xpath","value":"//button[@data-kt=\"addNewRUOverflowToolbarButton\"]"}
COMMAND: POST /session/fc5612afcacf26d849b70600b679a1bb/elements - {"using":"xpath","value":"//button[@data-kt=\"addNewRUOverflowToolbarButton\"]"}
RESULT: {"using":"xpath","value":"//button[@data-kt=\"addNewRUOverflowToolbarButton\"]"}
COMMAND: POST /session/fc5612afcacf26d849b70600b679a1bb/elements - {"using":"xpath","value":"//button[@data-kt=\"addNewRUOverflowToolbarButton\"]"}
RESULT: {"using":"xpath","value":"//button[@data-kt=\"addNewRUOverflowToolbarButton\"]"}
COMMAND: POST /session/fc5612afcacf26d849b70600b679a1bb/elements - {"using":"xpath","value":"//button[@data-kt=\"addNewRUOverflowToolbarButton\"]"}
RESULT: {"using":"xpath","value":"//button[@data-kt=\"addNewRUOverflowToolbarButton\"]"}
COMMAND: POST /session/fc5612afcacf26d849b70600b679a1bb/elements - {"using":"xpath","value":"//button[@data-kt=\"addNewRUOverflowToolbarButton\"]"}
RESULT: {"using":"xpath","value":"//button[@data-kt=\"addNewRUOverflowToolbarButton\"]"}
COMMAND: POST /session/fc5612afcacf26d849b70600b679a1bb/elements - {"using":"xpath","value":"//button[@data-kt=\"addNewRUOverflowToolbarButton\"]"}
RESULT: {"using":"xpath","value":"//button[@data-kt=\"addNewRUOverflowToolbarButton\"]"}
COMMAND: POST /session/fc5612afcacf26d849b70600b679a1bb/elements - {"using":"xpath","value":"//button[@data-kt=\"addNewRUOverflowToolbarButton\"]"}
RESULT: {"using":"xpath","value":"//button[@data-kt=\"addNewRUOverflowToolbarButton\"]"}
COMMAND: POST /session/fc5612afcacf26d849b70600b679a1bb/elements - {"using":"xpath","value":"//button[@data-kt=\"addNewRUOverflowToolbarButton\"]"}
RESULT: {"using":"xpath","value":"//button[@data-kt=\"addNewRUOverflowToolbarButton\"]"}
COMMAND: POST /session/fc5612afcacf26d849b70600b679a1bb/elements - {"using":"xpath","value":"//button[@data-kt=\"addNewRUOverflowToolbarButton\"]"}
RESULT: {"using":"xpath","value":"//button[@data-kt=\"addNewRUOverflowToolbarButton\"]"}
COMMAND: POST /session/fc5612afcacf26d849b70600b679a1bb/elements - {"using":"xpath","value":"//button[@data-kt=\"addNewRUOverflowToolbarButton\"]"}
RESULT: {"using":"xpath","value":"//button[@data-kt=\"addNewRUOverflowToolbarButton\"]"}
COMMAND: POST /session/fc5612afcacf26d849b70600b679a1bb/elements - {"using":"xpath","value":"//button[@data-kt=\"addNewRUOverflowToolbarButton\"]"}
RESULT: {"using":"xpath","value":"//button[@data-kt=\"addNewRUOverflowToolbarButton\"]"}
COMMAND: POST /session/fc5612afcacf26d849b70600b679a1bb/elements - {"using":"xpath","value":"//button[@data-kt=\"addNewRUOverflowToolbarButton\"]"}
RESULT: {"using":"xpath","value":"//button[@data-kt=\"addNewRUOverflowToolbarButton\"]"}
COMMAND: POST /session/fc5612afcacf26d849b70600b679a1bb/element - {"using":"xpath","value":"//button[@data-kt=\"addNewRUOverflowToolbarButton\"]"}
RESULT: {"using":"xpath","value":"//button[@data-kt=\"addNewRUOverflowToolbarButton\"]"}
COMMAND: POST /session/fc5612afcacf26d849b70600b679a1bb/execute/sync - {"script":"<script> [8489 bytes]","args":[{"element-6066-11e4-a52e-4f735466cecf":"f.879421ECEBF83B736863962A17D84B66.d.5FF894262029B9D50FD10D30B4DDD82B.e.2359","ELEMENT":"f.879421ECEBF83B736863962A17D84B66.d.5FF894262029B9D50FD10D30B4DDD82B.e.2359"}]}
RESULT: {"script":"<script> [8489 bytes]","args":[{"element-6066-11e4-a52e-4f735466cecf":"f.879421ECEBF83B736863962A17D84B66.d.5FF894262029B9D50FD10D30B4DDD82B.e.2359","ELEMENT":"f.879421ECEBF83B736863962A17D84B66.d.5FF894262029B9D50FD10D30B4DDD82B.e.2359"}]}
COMMAND: GET /session/fc5612afcacf26d849b70600b679a1bb/element/f.879421ECEBF83B736863962A17D84B66.d.5FF894262029B9D50FD10D30B4DDD82B.e.2359/enabled - {}
COMMAND: GET /session/fc5612afcacf26d849b70600b679a1bb/screenshot - {}
RESULT: {}
COMMAND: POST /session/fc5612afcacf26d849b70600b679a1bb/execute/sync - {"script":"<script> [8489 bytes]","args":[{"element-6066-11e4-a52e-4f735466cecf":"f.879421ECEBF83B736863962A17D84B66.d.5FF894262029B9D50FD10D30B4DDD82B.e.2359","ELEMENT":"f.879421ECEBF83B736863962A17D84B66.d.5FF894262029B9D50FD10D30B4DDD82B.e.2359"}]}
COMMAND: GET /session/fc5612afcacf26d849b70600b679a1bb/screenshot - {}
RESULT: {}
RESULT: {"script":"<script> [8489 bytes]","args":[{"element-6066-11e4-a52e-4f735466cecf":"f.879421ECEBF83B736863962A17D84B66.d.5FF894262029B9D50FD10D30B4DDD82B.e.2359","ELEMENT":"f.879421ECEBF83B736863962A17D84B66.d.5FF894262029B9D50FD10D30B4DDD82B.e.2359"}]}
COMMAND: POST /session/fc5612afcacf26d849b70600b679a1bb/execute/sync - {"script":"<script> [5351 bytes]","args":[{"element-6066-11e4-a52e-4f735466cecf":"f.879421ECEBF83B736863962A17D84B66.d.5FF894262029B9D50FD10D30B4DDD82B.e.2359","ELEMENT":"f.879421ECEBF83B736863962A17D84B66.d.5FF894262029B9D50FD10D30B4DDD82B.e.2359"}]}
COMMAND: GET /session/fc5612afcacf26d849b70600b679a1bb/screenshot - {}
RESULT: {}
RESULT: {"script":"<script> [5351 bytes]","args":[{"element-6066-11e4-a52e-4f735466cecf":"f.879421ECEBF83B736863962A17D84B66.d.5FF894262029B9D50FD10D30B4DDD82B.e.2359","ELEMENT":"f.879421ECEBF83B736863962A17D84B66.d.5FF894262029B9D50FD10D30B4DDD82B.e.2359"}]}
COMMAND: POST /session/fc5612afcacf26d849b70600b679a1bb/element/f.879421ECEBF83B736863962A17D84B66.d.5FF894262029B9D50FD10D30B4DDD82B.e.2359/click - {}
COMMAND: GET /session/fc5612afcacf26d849b70600b679a1bb/screenshot - {}
RESULT: {}
RESULT: {}
COMMAND: GET /session/fc5612afcacf26d849b70600b679a1bb/screenshot - {}
RESULT: {}
RESULT: {}
COMMAND: POST /session/fc5612afcacf26d849b70600b679a1bb/execute/async - {"script":"<script> [1562 bytes]","args":[{"selector":{"id":"application-manageresources-display-component---newResourceUnit--TYPE-arrow"},"wdio_ui5_key":"applicationmanageresources-display-component---newResourceUnit--TYPE-arrow"}]}
RESULT: {"script":"<script> [1562 bytes]","args":[{"selector":{"id":"application-manageresources-display-component---newResourceUnit--TYPE-arrow"},"wdio_ui5_key":"applicationmanageresources-display-component---newResourceUnit--TYPE-arrow"}]}
RESULT: undefined
COMMAND: POST /session/fc5612afcacf26d849b70600b679a1bb/element - {"using":"xpath","value":"//*[@id=\"application-manageresources-display-component---newResourceUnit--TYPE-arrow\"]"}
RESULT: {"using":"xpath","value":"//*[@id=\"application-manageresources-display-component---newResourceUnit--TYPE-arrow\"]"}
COMMAND: POST /session/fc5612afcacf26d849b70600b679a1bb/element/f.879421ECEBF83B736863962A17D84B66.d.5FF894262029B9D50FD10D30B4DDD82B.e.2733/click - {}
RESULT: {}
COMMAND: POST /session/fc5612afcacf26d849b70600b679a1bb/element - {"using":"xpath","value":"//input[@id=\"application-manageresources-display-component---newResourceUnit--TYPE-inner\"]"}
COMMAND: GET /session/fc5612afcacf26d849b70600b679a1bb/screenshot - {}
RESULT: {"using":"xpath","value":"//input[@id=\"application-manageresources-display-component---newResourceUnit--TYPE-inner\"]"}
COMMAND: POST /session/fc5612afcacf26d849b70600b679a1bb/element/f.879421ECEBF83B736863962A17D84B66.d.5FF894262029B9D50FD10D30B4DDD82B.e.2716/clear - {}
RESULT: {}
RESULT: {}
COMMAND: POST /session/fc5612afcacf26d849b70600b679a1bb/element/f.879421ECEBF83B736863962A17D84B66.d.5FF894262029B9D50FD10D30B4DDD82B.e.2716/value - {"text":"Equipment"}
COMMAND: GET /session/fc5612afcacf26d849b70600b679a1bb/screenshot - {}
RESULT: {"text":"Equipment"}
COMMAND: GET /session/fc5612afcacf26d849b70600b679a1bb/screenshot - {}
RESULT: {}
RESULT: {}
COMMAND: POST /session/fc5612afcacf26d849b70600b679a1bb/actions - {"actions":[{"id":"action11","type":"key","parameters":{},"actions":[{"type":"keyDown","value":"î€‡"},{"type":"pause","duration":10},{"type":"keyUp","value":"î€‡"}]}]}
RESULT: {"actions":[{"id":"action11","type":"key","parameters":{},"actions":[{"type":"keyDown","value":"î€‡"},{"type":"pause","duration":10},{"type":"keyUp","value":"î€‡"}]}]}
COMMAND: POST /session/fc5612afcacf26d849b70600b679a1bb/execute/async - {"script":"<script> [1562 bytes]","args":[{"selector":{"id":"application-manageresources-display-component---newResourceUnit--resourceId","interaction":{"idSuffix":"inner"}},"wdio_ui5_key":"applicationmanageresources-display-component---newResourceUnit--resourceId"}]}
COMMAND: GET /session/fc5612afcacf26d849b70600b679a1bb/screenshot - {}
RESULT: {"script":"<script> [1562 bytes]","args":[{"selector":{"id":"application-manageresources-display-component---newResourceUnit--resourceId","interaction":{"idSuffix":"inner"}},"wdio_ui5_key":"applicationmanageresources-display-component---newResourceUnit--resourceId"}]}
RESULT: undefined
COMMAND: POST /session/fc5612afcacf26d849b70600b679a1bb/execute/async - {"script":"<script> [776 bytes]","args":[{"enterText":"DehzOVy4hv","selector":{"id":"application-manageresources-display-component---newResourceUnit--resourceId","interaction":{"idSuffix":"inner"}},"clearTextFirst":true,"interactionType":"ENTER_TEXT"}]}
RESULT: {}
RESULT: {"script":"<script> [776 bytes]","args":[{"enterText":"DehzOVy4hv","selector":{"id":"application-manageresources-display-component---newResourceUnit--resourceId","interaction":{"idSuffix":"inner"}},"clearTextFirst":true,"interactionType":"ENTER_TEXT"}]}
COMMAND: POST /session/fc5612afcacf26d849b70600b679a1bb/execute/async - {"script":"<script> [1562 bytes]","args":[{"selector":{"id":"application-manageresources-display-component---newResourceUnit--SHORT_TEXT","interaction":{"idSuffix":"inner"}},"wdio_ui5_key":"applicationmanageresources-display-component---newResourceUnit--SHORT_TEXT"}]}
RESULT: {"script":"<script> [1562 bytes]","args":[{"selector":{"id":"application-manageresources-display-component---newResourceUnit--SHORT_TEXT","interaction":{"idSuffix":"inner"}},"wdio_ui5_key":"applicationmanageresources-display-component---newResourceUnit--SHORT_TEXT"}]}
RESULT: undefined
COMMAND: POST /session/fc5612afcacf26d849b70600b679a1bb/execute/async - {"script":"<script> [776 bytes]","args":[{"enterText":"Intercompany Equipment WDIO","selector":{"id":"application-manageresources-display-component---newResourceUnit--SHORT_TEXT","interaction":{"idSuffix":"inner"}},"clearTextFirst":true,"interactionType":"ENTER_TEXT"}]}
RESULT: {"script":"<script> [776 bytes]","args":[{"enterText":"Intercompany Equipment WDIO","selector":{"id":"application-manageresources-display-component---newResourceUnit--SHORT_TEXT","interaction":{"idSuffix":"inner"}},"clearTextFirst":true,"interactionType":"ENTER_TEXT"}]}
COMMAND: POST /session/fc5612afcacf26d849b70600b679a1bb/execute/async - {"script":"<script> [1562 bytes]","args":[{"selector":{"id":"application-manageresources-display-component---newResourceUnit--BASE_UNIT_OF_MEASURE","interaction":{"idSuffix":"inner"}},"wdio_ui5_key":"applicationmanageresources-display-component---newResourceUnit--BASE_UNIT_OF_MEASURE"}]}
RESULT: {"script":"<script> [1562 bytes]","args":[{"selector":{"id":"application-manageresources-display-component---newResourceUnit--BASE_UNIT_OF_MEASURE","interaction":{"idSuffix":"inner"}},"wdio_ui5_key":"applicationmanageresources-display-component---newResourceUnit--BASE_UNIT_OF_MEASURE"}]}
RESULT: undefined
COMMAND: POST /session/fc5612afcacf26d849b70600b679a1bb/execute/async - {"script":"<script> [776 bytes]","args":[{"enterText":"Piece","selector":{"id":"application-manageresources-display-component---newResourceUnit--BASE_UNIT_OF_MEASURE","interaction":{"idSuffix":"inner"}},"clearTextFirst":true,"interactionType":"ENTER_TEXT"}]}
RESULT: {"script":"<script> [776 bytes]","args":[{"enterText":"Piece","selector":{"id":"application-manageresources-display-component---newResourceUnit--BASE_UNIT_OF_MEASURE","interaction":{"idSuffix":"inner"}},"clearTextFirst":true,"interactionType":"ENTER_TEXT"}]}
COMMAND: POST /session/fc5612afcacf26d849b70600b679a1bb/execute/async - {"script":"<script> [1562 bytes]","args":[{"selector":{"id":"application-manageresources-display-component---newResourceUnit--WEIGHT_UNIT","interaction":{"idSuffix":"inner"}},"wdio_ui5_key":"applicationmanageresources-display-component---newResourceUnit--WEIGHT_UNIT"}]}
RESULT: {"script":"<script> [1562 bytes]","args":[{"selector":{"id":"application-manageresources-display-component---newResourceUnit--WEIGHT_UNIT","interaction":{"idSuffix":"inner"}},"wdio_ui5_key":"applicationmanageresources-display-component---newResourceUnit--WEIGHT_UNIT"}]}
RESULT: undefined
COMMAND: POST /session/fc5612afcacf26d849b70600b679a1bb/execute/async - {"script":"<script> [776 bytes]","args":[{"enterText":"Gram","selector":{"id":"application-manageresources-display-component---newResourceUnit--WEIGHT_UNIT","interaction":{"idSuffix":"inner"}},"clearTextFirst":true,"interactionType":"ENTER_TEXT"}]}
RESULT: {"script":"<script> [776 bytes]","args":[{"enterText":"Gram","selector":{"id":"application-manageresources-display-component---newResourceUnit--WEIGHT_UNIT","interaction":{"idSuffix":"inner"}},"clearTextFirst":true,"interactionType":"ENTER_TEXT"}]}
COMMAND: POST /session/fc5612afcacf26d849b70600b679a1bb/execute/async - {"script":"<script> [1562 bytes]","args":[{"selector":{"id":"application-manageresources-display-component---newResourceUnit--DIMENSION_UNIT","interaction":{"idSuffix":"inner"}},"wdio_ui5_key":"applicationmanageresources-display-component---newResourceUnit--DIMENSION_UNIT"}]}
RESULT: {"script":"<script> [1562 bytes]","args":[{"selector":{"id":"application-manageresources-display-component---newResourceUnit--DIMENSION_UNIT","interaction":{"idSuffix":"inner"}},"wdio_ui5_key":"applicationmanageresources-display-component---newResourceUnit--DIMENSION_UNIT"}]}
RESULT: undefined
COMMAND: POST /session/fc5612afcacf26d849b70600b679a1bb/execute/async - {"script":"<script> [776 bytes]","args":[{"enterText":"Meter","selector":{"id":"application-manageresources-display-component---newResourceUnit--DIMENSION_UNIT","interaction":{"idSuffix":"inner"}},"clearTextFirst":true,"interactionType":"ENTER_TEXT"}]}
RESULT: {"script":"<script> [776 bytes]","args":[{"enterText":"Meter","selector":{"id":"application-manageresources-display-component---newResourceUnit--DIMENSION_UNIT","interaction":{"idSuffix":"inner"}},"clearTextFirst":true,"interactionType":"ENTER_TEXT"}]}
COMMAND: POST /session/fc5612afcacf26d849b70600b679a1bb/execute/async - {"script":"<script> [1562 bytes]","args":[{"selector":{"id":"application-manageresources-display-component---newResourceUnit--newRRUPage-anchBar-application-manageresources-display-component---newResourceUnit--control-anchor","interaction":{"idSuffix":"BDI-content"}},"wdio_ui5_key":"applicationmanageresources-display-component---newResourceUnit--newRRUPage-anchBar-application-manageresources-display-component---newResourceUnit--control-anchor"}]}
RESULT: {"script":"<script> [1562 bytes]","args":[{"selector":{"id":"application-manageresources-display-component---newResourceUnit--newRRUPage-anchBar-application-manageresources-display-component---newResourceUnit--control-anchor","interaction":{"idSuffix":"BDI-content"}},"wdio_ui5_key":"applicationmanageresources-display-component---newResourceUnit--newRRUPage-anchBar-application-manageresources-display-component---newResourceUnit--control-anchor"}]}
RESULT: undefined
COMMAND: POST /session/fc5612afcacf26d849b70600b679a1bb/element - {"using":"xpath","value":"//*[@id=\"application-manageresources-display-component---newResourceUnit--newRRUPage-anchBar-application-manageresources-display-component---newResourceUnit--control-anchor\"]"}
RESULT: {"using":"xpath","value":"//*[@id=\"application-manageresources-display-component---newResourceUnit--newRRUPage-anchBar-application-manageresources-display-component---newResourceUnit--control-anchor\"]"}
COMMAND: POST /session/fc5612afcacf26d849b70600b679a1bb/element/f.879421ECEBF83B736863962A17D84B66.d.5FF894262029B9D50FD10D30B4DDD82B.e.2868/click - {}
RESULT: {}
COMMAND: POST /session/fc5612afcacf26d849b70600b679a1bb/execute/async - {"script":"<script> [1562 bytes]","args":[{"selector":{"id":"application-manageresources-display-component---newResourceUnit--PLANNING_GROUP","interaction":{"idSuffix":"inner"}},"wdio_ui5_key":"applicationmanageresources-display-component---newResourceUnit--PLANNING_GROUP"}]}
COMMAND: GET /session/fc5612afcacf26d849b70600b679a1bb/screenshot - {}
RESULT: {"script":"<script> [1562 bytes]","args":[{"selector":{"id":"application-manageresources-display-component---newResourceUnit--PLANNING_GROUP","interaction":{"idSuffix":"inner"}},"wdio_ui5_key":"applicationmanageresources-display-component---newResourceUnit--PLANNING_GROUP"}]}
RESULT: undefined
COMMAND: POST /session/fc5612afcacf26d849b70600b679a1bb/execute/async - {"script":"<script> [776 bytes]","args":[{"enterText":"Heavy Equi","selector":{"id":"application-manageresources-display-component---newResourceUnit--PLANNING_GROUP","interaction":{"idSuffix":"inner"}},"clearTextFirst":true,"interactionType":"ENTER_TEXT"}]}
RESULT: {}
RESULT: {"script":"<script> [776 bytes]","args":[{"enterText":"Heavy Equi","selector":{"id":"application-manageresources-display-component---newResourceUnit--PLANNING_GROUP","interaction":{"idSuffix":"inner"}},"clearTextFirst":true,"interactionType":"ENTER_TEXT"}]}
COMMAND: POST /session/fc5612afcacf26d849b70600b679a1bb/execute/async - {"script":"<script> [1562 bytes]","args":[{"selector":{"id":"application-manageresources-display-component---newResourceUnit--ITEM_TYPE-arrow"},"wdio_ui5_key":"applicationmanageresources-display-component---newResourceUnit--ITEM_TYPE-arrow"}]}
RESULT: {"script":"<script> [1562 bytes]","args":[{"selector":{"id":"application-manageresources-display-component---newResourceUnit--ITEM_TYPE-arrow"},"wdio_ui5_key":"applicationmanageresources-display-component---newResourceUnit--ITEM_TYPE-arrow"}]}
RESULT: undefined
COMMAND: POST /session/fc5612afcacf26d849b70600b679a1bb/element - {"using":"xpath","value":"//*[@id=\"application-manageresources-display-component---newResourceUnit--ITEM_TYPE-arrow\"]"}
RESULT: {"using":"xpath","value":"//*[@id=\"application-manageresources-display-component---newResourceUnit--ITEM_TYPE-arrow\"]"}
COMMAND: POST /session/fc5612afcacf26d849b70600b679a1bb/element/f.879421ECEBF83B736863962A17D84B66.d.5FF894262029B9D50FD10D30B4DDD82B.e.2876/click - {}
RESULT: {}
COMMAND: POST /session/fc5612afcacf26d849b70600b679a1bb/element - {"using":"xpath","value":"(//span[contains(text(), \"Resource Unit\")])[2]"}
COMMAND: GET /session/fc5612afcacf26d849b70600b679a1bb/screenshot - {}
RESULT: {"using":"xpath","value":"(//span[contains(text(), \"Resource Unit\")])[2]"}
COMMAND: POST /session/fc5612afcacf26d849b70600b679a1bb/element/f.879421ECEBF83B736863962A17D84B66.d.5FF894262029B9D50FD10D30B4DDD82B.e.2877/click - {}
RESULT: {}
RESULT: {}
COMMAND: GET /session/fc5612afcacf26d849b70600b679a1bb/screenshot - {}
RESULT: {}
COMMAND: POST /session/fc5612afcacf26d849b70600b679a1bb/element - {"using":"css selector","value":"#application-manageresources-display-component---newResourceUnit--btnAddTimeSegment"}
RESULT: {"using":"css selector","value":"#application-manageresources-display-component---newResourceUnit--btnAddTimeSegment"}
COMMAND: GET /session/fc5612afcacf26d849b70600b679a1bb/element/f.879421ECEBF83B736863962A17D84B66.d.5FF894262029B9D50FD10D30B4DDD82B.e.2878/rect - {}
RESULT: {}
COMMAND: GET /session/fc5612afcacf26d849b70600b679a1bb/window/rect - {}
RESULT: {}
COMMAND: POST /session/fc5612afcacf26d849b70600b679a1bb/execute/sync - {"script":"<script> [92 bytes]","args":[]}
RESULT: {"script":"<script> [92 bytes]","args":[]}
COMMAND: POST /session/fc5612afcacf26d849b70600b679a1bb/actions - {"actions":[{"id":"action12","type":"wheel","parameters":{},"actions":[{"type":"scroll","x":-1888,"y":-32,"deltaX":0,"deltaY":0,"duration":0,"origin":{"element-6066-11e4-a52e-4f735466cecf":"f.879421ECEBF83B736863962A17D84B66.d.5FF894262029B9D50FD10D30B4DDD82B.e.2878"}}]}]}
COMMAND: GET /session/fc5612afcacf26d849b70600b679a1bb/screenshot - {}
RESULT: {}
COMMAND: POST /session/fc5612afcacf26d849b70600b679a1bb/execute/sync - {"script":"<script> [79 bytes]","args":[{"element-6066-11e4-a52e-4f735466cecf":"f.879421ECEBF83B736863962A17D84B66.d.5FF894262029B9D50FD10D30B4DDD82B.e.2878","ELEMENT":"f.879421ECEBF83B736863962A17D84B66.d.5FF894262029B9D50FD10D30B4DDD82B.e.2878"},{"block":"start","inline":"nearest"}]}
RESULT: {"script":"<script> [79 bytes]","args":[{"element-6066-11e4-a52e-4f735466cecf":"f.879421ECEBF83B736863962A17D84B66.d.5FF894262029B9D50FD10D30B4DDD82B.e.2878","ELEMENT":"f.879421ECEBF83B736863962A17D84B66.d.5FF894262029B9D50FD10D30B4DDD82B.e.2878"},{"block":"start","inline":"nearest"}]}
COMMAND: POST /session/fc5612afcacf26d849b70600b679a1bb/execute/async - {"script":"<script> [1562 bytes]","args":[{"selector":{"id":"application-manageresources-display-component---newResourceUnit--btnAddTimeSegment","interaction":{"idSuffix":"inner"}},"wdio_ui5_key":"applicationmanageresources-display-component---newResourceUnit--btnAddTimeSegment"}]}
COMMAND: GET /session/fc5612afcacf26d849b70600b679a1bb/screenshot - {}
RESULT: {}
RESULT: {"script":"<script> [1562 bytes]","args":[{"selector":{"id":"application-manageresources-display-component---newResourceUnit--btnAddTimeSegment","interaction":{"idSuffix":"inner"}},"wdio_ui5_key":"applicationmanageresources-display-component---newResourceUnit--btnAddTimeSegment"}]}
RESULT: undefined
COMMAND: POST /session/fc5612afcacf26d849b70600b679a1bb/element - {"using":"xpath","value":"//*[@id=\"application-manageresources-display-component---newResourceUnit--btnAddTimeSegment\"]"}
RESULT: {"using":"xpath","value":"//*[@id=\"application-manageresources-display-component---newResourceUnit--btnAddTimeSegment\"]"}
COMMAND: POST /session/fc5612afcacf26d849b70600b679a1bb/element/f.879421ECEBF83B736863962A17D84B66.d.5FF894262029B9D50FD10D30B4DDD82B.e.2878/click - {}
RESULT: {}
COMMAND: GET /session/fc5612afcacf26d849b70600b679a1bb/screenshot - {}
RESULT: {}
COMMAND: POST /session/fc5612afcacf26d849b70600b679a1bb/element - {"using":"xpath","value":"//input[@id=\"application-manageresources-display-component---newResourceUnit--idRuTSAdmin-application-manageresources-display-component---newResourceUnit--RUTimeSegment-0-inner\"]"}
RESULT: {"using":"xpath","value":"//input[@id=\"application-manageresources-display-component---newResourceUnit--idRuTSAdmin-application-manageresources-display-component---newResourceUnit--RUTimeSegment-0-inner\"]"}
COMMAND: POST /session/fc5612afcacf26d849b70600b679a1bb/element/f.879421ECEBF83B736863962A17D84B66.d.5FF894262029B9D50FD10D30B4DDD82B.e.2884/clear - {}
RESULT: {}
COMMAND: POST /session/fc5612afcacf26d849b70600b679a1bb/element/f.879421ECEBF83B736863962A17D84B66.d.5FF894262029B9D50FD10D30B4DDD82B.e.2884/value - {"text":"109"}
COMMAND: GET /session/fc5612afcacf26d849b70600b679a1bb/screenshot - {}
RESULT: {"text":"109"}
COMMAND: GET /session/fc5612afcacf26d849b70600b679a1bb/screenshot - {}
RESULT: {}
RESULT: {}
COMMAND: POST /session/fc5612afcacf26d849b70600b679a1bb/element - {"using":"xpath","value":"//li[.//span[text()='109']]"}
RESULT: {"using":"xpath","value":"//li[.//span[text()='109']]"}
COMMAND: POST /session/fc5612afcacf26d849b70600b679a1bb/element/f.879421ECEBF83B736863962A17D84B66.d.5FF894262029B9D50FD10D30B4DDD82B.e.2897/click - {}
RESULT: {}
COMMAND: GET /session/fc5612afcacf26d849b70600b679a1bb/screenshot - {}
RESULT: {}
COMMAND: POST /session/fc5612afcacf26d849b70600b679a1bb/element - {"using":"xpath","value":"(//span[contains(@id, \"-application-manageresources-display-component---newResourceUnit--RUTimeSegment-0-arrow\")])[6]"}
RESULT: {"using":"xpath","value":"(//span[contains(@id, \"-application-manageresources-display-component---newResourceUnit--RUTimeSegment-0-arrow\")])[6]"}
COMMAND: POST /session/fc5612afcacf26d849b70600b679a1bb/element/f.879421ECEBF83B736863962A17D84B66.d.5FF894262029B9D50FD10D30B4DDD82B.e.2898/click - {}
RESULT: {}
COMMAND: GET /session/fc5612afcacf26d849b70600b679a1bb/screenshot - {}
RESULT: {}
COMMAND: POST /session/fc5612afcacf26d849b70600b679a1bb/element - {"using":"xpath","value":"//span[contains(text(), \"PM Order\")]"}
RESULT: {"using":"xpath","value":"//span[contains(text(), \"PM Order\")]"}
COMMAND: POST /session/fc5612afcacf26d849b70600b679a1bb/element/f.879421ECEBF83B736863962A17D84B66.d.5FF894262029B9D50FD10D30B4DDD82B.e.2901/click - {}
RESULT: {}
COMMAND: GET /session/fc5612afcacf26d849b70600b679a1bb/screenshot - {}
RESULT: {}
COMMAND: POST /session/fc5612afcacf26d849b70600b679a1bb/element - {"using":"xpath","value":"(//span[contains(@id ,\"manageresources-display-component---newResourceUnit--RUTimeSegment-0-vhi\")])[1]"}
RESULT: {"using":"xpath","value":"(//span[contains(@id ,\"manageresources-display-component---newResourceUnit--RUTimeSegment-0-vhi\")])[1]"}
COMMAND: GET /session/fc5612afcacf26d849b70600b679a1bb/element/f.879421ECEBF83B736863962A17D84B66.d.5FF894262029B9D50FD10D30B4DDD82B.e.2905/rect - {}
RESULT: {}
COMMAND: GET /session/fc5612afcacf26d849b70600b679a1bb/window/rect - {}
RESULT: {}
COMMAND: POST /session/fc5612afcacf26d849b70600b679a1bb/execute/sync - {"script":"<script> [92 bytes]","args":[]}
RESULT: {"script":"<script> [92 bytes]","args":[]}
COMMAND: POST /session/fc5612afcacf26d849b70600b679a1bb/actions - {"actions":[{"id":"action13","type":"wheel","parameters":{},"actions":[{"type":"scroll","x":-869,"y":-24,"deltaX":0,"deltaY":0,"duration":0,"origin":{"element-6066-11e4-a52e-4f735466cecf":"f.879421ECEBF83B736863962A17D84B66.d.5FF894262029B9D50FD10D30B4DDD82B.e.2905"}}]}]}
COMMAND: GET /session/fc5612afcacf26d849b70600b679a1bb/screenshot - {}
RESULT: {"actions":[{"id":"action13","type":"wheel","parameters":{},"actions":[{"type":"scroll","x":-869,"y":-24,"deltaX":0,"deltaY":0,"duration":0,"origin":{"element-6066-11e4-a52e-4f735466cecf":"f.879421ECEBF83B736863962A17D84B66.d.5FF894262029B9D50FD10D30B4DDD82B.e.2905"}}]}]}
COMMAND: DELETE /session/fc5612afcacf26d849b70600b679a1bb/actions - {}
COMMAND: GET /session/fc5612afcacf26d849b70600b679a1bb/screenshot - {}
RESULT: {}
RESULT: {}
COMMAND: GET /session/fc5612afcacf26d849b70600b679a1bb/screenshot - {}
RESULT: {}
RESULT: {}
COMMAND: POST /session/fc5612afcacf26d849b70600b679a1bb/element/f.879421ECEBF83B736863962A17D84B66.d.5FF894262029B9D50FD10D30B4DDD82B.e.2905/click - {}
RESULT: {}
COMMAND: GET /session/fc5612afcacf26d849b70600b679a1bb/screenshot - {}
RESULT: {}
COMMAND: POST /session/fc5612afcacf26d849b70600b679a1bb/execute/async - {"script":"<script> [1562 bytes]","args":[{"selector":{"controlType":"sap.m.SearchField","properties":{"placeholder":"Search"},"searchOpenDialogs":true,"interaction":{"idSuffix":"I"}},"wdio_ui5_key":"sapm.SearchField{\"placeholder\":\"Search\"}"}]}
RESULT: {"script":"<script> [1562 bytes]","args":[{"selector":{"controlType":"sap.m.SearchField","properties":{"placeholder":"Search"},"searchOpenDialogs":true,"interaction":{"idSuffix":"I"}},"wdio_ui5_key":"sapm.SearchField{\"placeholder\":\"Search\"}"}]}
RESULT: undefined
COMMAND: POST /session/fc5612afcacf26d849b70600b679a1bb/execute/async - {"script":"<script> [776 bytes]","args":[{"enterText":"4000360","selector":{"controlType":"sap.m.SearchField","properties":{"placeholder":"Search"},"searchOpenDialogs":true,"interaction":{"idSuffix":"I"}},"clearTextFirst":true,"interactionType":"ENTER_TEXT"}]}
RESULT: {"script":"<script> [776 bytes]","args":[{"enterText":"4000360","selector":{"controlType":"sap.m.SearchField","properties":{"placeholder":"Search"},"searchOpenDialogs":true,"interaction":{"idSuffix":"I"}},"clearTextFirst":true,"interactionType":"ENTER_TEXT"}]}
COMMAND: POST /session/fc5612afcacf26d849b70600b679a1bb/actions - {"actions":[{"id":"action14","type":"key","parameters":{},"actions":[{"type":"keyDown","value":"î€‡"},{"type":"pause","duration":10},{"type":"keyUp","value":"î€‡"}]}]}
RESULT: {"actions":[{"id":"action14","type":"key","parameters":{},"actions":[{"type":"keyDown","value":"î€‡"},{"type":"pause","duration":10},{"type":"keyUp","value":"î€‡"}]}]}
COMMAND: GET /session/fc5612afcacf26d849b70600b679a1bb/screenshot - {}
RESULT: {}
COMMAND: POST /session/fc5612afcacf26d849b70600b679a1bb/element - {"using":"xpath","value":"//td/div/span[contains(text(), \"BGL Vehicles\")]"}
RESULT: {"using":"xpath","value":"//td/div/span[contains(text(), \"BGL Vehicles\")]"}
COMMAND: POST /session/fc5612afcacf26d849b70600b679a1bb/element/f.879421ECEBF83B736863962A17D84B66.d.5FF894262029B9D50FD10D30B4DDD82B.e.2913/click - {}
RESULT: {}
COMMAND: GET /session/fc5612afcacf26d849b70600b679a1bb/screenshot - {}
RESULT: {}
COMMAND: POST /session/fc5612afcacf26d849b70600b679a1bb/element - {"using":"xpath","value":"//bdi[contains(text(), \"OK\")]"}
RESULT: {"using":"xpath","value":"//bdi[contains(text(), \"OK\")]"}
COMMAND: POST /session/fc5612afcacf26d849b70600b679a1bb/element/f.879421ECEBF83B736863962A17D84B66.d.5FF894262029B9D50FD10D30B4DDD82B.e.2915/click - {}
RESULT: {}
COMMAND: GET /session/fc5612afcacf26d849b70600b679a1bb/screenshot - {}
RESULT: {}
COMMAND: POST /session/fc5612afcacf26d849b70600b679a1bb/execute/async - {"script":"<script> [1562 bytes]","args":[{"selector":{"id":"application-manageresources-display-component---newResourceUnit--newRRUPage-anchBar-application-manageresources-display-component---newResourceUnit--resource-anchor","interaction":{"idSuffix":"BDI-content"}},"wdio_ui5_key":"applicationmanageresources-display-component---newResourceUnit--newRRUPage-anchBar-application-manageresources-display-component---newResourceUnit--resource-anchor"}]}
RESULT: {"script":"<script> [1562 bytes]","args":[{"selector":{"id":"application-manageresources-display-component---newResourceUnit--newRRUPage-anchBar-application-manageresources-display-component---newResourceUnit--resource-anchor","interaction":{"idSuffix":"BDI-content"}},"wdio_ui5_key":"applicationmanageresources-display-component---newResourceUnit--newRRUPage-anchBar-application-manageresources-display-component---newResourceUnit--resource-anchor"}]}
RESULT: undefined
COMMAND: POST /session/fc5612afcacf26d849b70600b679a1bb/element - {"using":"xpath","value":"//*[@id=\"application-manageresources-display-component---newResourceUnit--newRRUPage-anchBar-application-manageresources-display-component---newResourceUnit--resource-anchor\"]"}
RESULT: {"using":"xpath","value":"//*[@id=\"application-manageresources-display-component---newResourceUnit--newRRUPage-anchBar-application-manageresources-display-component---newResourceUnit--resource-anchor\"]"}
COMMAND: POST /session/fc5612afcacf26d849b70600b679a1bb/element/f.879421ECEBF83B736863962A17D84B66.d.5FF894262029B9D50FD10D30B4DDD82B.e.2919/click - {}
RESULT: {}
COMMAND: POST /session/fc5612afcacf26d849b70600b679a1bb/execute/async - {"script":"<script> [1562 bytes]","args":[{"selector":{"id":"application-manageresources-display-component---newResourceUnit--PLANNED_DELIVERY_DATE","interaction":{"idSuffix":"inner"}},"wdio_ui5_key":"applicationmanageresources-display-component---newResourceUnit--PLANNED_DELIVERY_DATE"}]}
COMMAND: GET /session/fc5612afcacf26d849b70600b679a1bb/screenshot - {}
RESULT: {"script":"<script> [1562 bytes]","args":[{"selector":{"id":"application-manageresources-display-component---newResourceUnit--PLANNED_DELIVERY_DATE","interaction":{"idSuffix":"inner"}},"wdio_ui5_key":"applicationmanageresources-display-component---newResourceUnit--PLANNED_DELIVERY_DATE"}]}
RESULT: undefined
COMMAND: POST /session/fc5612afcacf26d849b70600b679a1bb/execute/async - {"script":"<script> [6424 bytes]","args":[{"element-6066-11e4-a52e-4f735466cecf":"f.879421ECEBF83B736863962A17D84B66.d.5FF894262029B9D50FD10D30B4DDD82B.e.2790"},"setValue",["5/6/25"]]}
RESULT: {}
RESULT: {"script":"<script> [6424 bytes]","args":[{"element-6066-11e4-a52e-4f735466cecf":"f.879421ECEBF83B736863962A17D84B66.d.5FF894262029B9D50FD10D30B4DDD82B.e.2790"},"setValue",["5/6/25"]]}
COMMAND: POST /session/fc5612afcacf26d849b70600b679a1bb/element - {"using":"xpath","value":"//label[contains(@class, 'sapMLabelRequired') and .//bdi[contains(text(), 'Planned Retirement')]]"}
RESULT: {"using":"xpath","value":"//label[contains(@class, 'sapMLabelRequired') and .//bdi[contains(text(), 'Planned Retirement')]]"}
COMMAND: POST /session/fc5612afcacf26d849b70600b679a1bb/elements - {"using":"xpath","value":"//label[contains(@class, 'sapMLabelRequired') and .//bdi[contains(text(), 'Planned Retirement')]]"}
RESULT: {"using":"xpath","value":"//label[contains(@class, 'sapMLabelRequired') and .//bdi[contains(text(), 'Planned Retirement')]]"}
COMMAND: POST /session/fc5612afcacf26d849b70600b679a1bb/element - {"using":"xpath","value":"//button[@data-kt=\"resourceUnitSaveButton\"]"}
RESULT: {"using":"xpath","value":"//button[@data-kt=\"resourceUnitSaveButton\"]"}
COMMAND: POST /session/fc5612afcacf26d849b70600b679a1bb/element/f.879421ECEBF83B736863962A17D84B66.d.5FF894262029B9D50FD10D30B4DDD82B.e.2751/click - {}
RESULT: {}
COMMAND: GET /session/fc5612afcacf26d849b70600b679a1bb/screenshot - {}
RESULT: {}
COMMAND: POST /session/fc5612afcacf26d849b70600b679a1bb/element - {"using":"xpath","value":"//bdi[contains(text(), \"Close\")]"}
RESULT: {"using":"xpath","value":"//bdi[contains(text(), \"Close\")]"}
COMMAND: POST /session/fc5612afcacf26d849b70600b679a1bb/element/f.879421ECEBF83B736863962A17D84B66.d.5FF894262029B9D50FD10D30B4DDD82B.e.2927/click - {}
RESULT: {}
COMMAND: GET /session/fc5612afcacf26d849b70600b679a1bb/screenshot - {}
RESULT: {}
COMMAND: POST /session/fc5612afcacf26d849b70600b679a1bb/element - {"using":"xpath","value":"(//button[contains(@id ,\"actionsToolbar-overflowButton\")])[1]"}
RESULT: {"using":"xpath","value":"(//button[contains(@id ,\"actionsToolbar-overflowButton\")])[1]"}
COMMAND: POST /session/fc5612afcacf26d849b70600b679a1bb/element/f.879421ECEBF83B736863962A17D84B66.d.5FF894262029B9D50FD10D30B4DDD82B.e.2980/click - {}
RESULT: {}
COMMAND: GET /session/fc5612afcacf26d849b70600b679a1bb/screenshot - {}
RESULT: {}
COMMAND: POST /session/fc5612afcacf26d849b70600b679a1bb/element - {"using":"xpath","value":"//button[@data-kt=\"priceInfoButton\"]"}
RESULT: {"using":"xpath","value":"//button[@data-kt=\"priceInfoButton\"]"}
COMMAND: POST /session/fc5612afcacf26d849b70600b679a1bb/element/f.879421ECEBF83B736863962A17D84B66.d.5FF894262029B9D50FD10D30B4DDD82B.e.2982/click - {}
RESULT: {}
COMMAND: GET /session/fc5612afcacf26d849b70600b679a1bb/screenshot - {}
RESULT: {}
COMMAND: POST /session/fc5612afcacf26d849b70600b679a1bb/element - {"using":"css selector","value":"#shell-header-logo"}
RESULT: {"using":"css selector","value":"#shell-header-logo"}
COMMAND: POST /session/fc5612afcacf26d849b70600b679a1bb/element/f.879421ECEBF83B736863962A17D84B66.d.5FF894262029B9D50FD10D30B4DDD82B.e.2335/click - {}
RESULT: {}
COMMAND: GET /session/fc5612afcacf26d849b70600b679a1bb/screenshot - {}
RESULT: {}
]]></system-out>
    </testcase>
    <testcase classname="chrome.135_0_7049_115.windows.RU_Inventory_Mass_State_Change_Multiple_Items_US151066" name="Prerequisite Step 2 Should create a new material" time="100.562">
      <system-out><![CDATA[
RESULT: undefined
COMMAND: POST /session/fc5612afcacf26d849b70600b679a1bb/element - {"using":"xpath","value":"//*[@id=\"__tile39\"]"}
RESULT: {"using":"xpath","value":"//*[@id=\"__tile39\"]"}
COMMAND: POST /session/fc5612afcacf26d849b70600b679a1bb/element/f.879421ECEBF83B736863962A17D84B66.d.5FF894262029B9D50FD10D30B4DDD82B.e.155/click - {}
RESULT: {}
COMMAND: POST /session/fc5612afcacf26d849b70600b679a1bb/element - {"using":"xpath","value":"//button[@data-kt=\"addNewRUOverflowToolbarButton\"]"}
COMMAND: GET /session/fc5612afcacf26d849b70600b679a1bb/screenshot - {}
RESULT: {"using":"xpath","value":"//button[@data-kt=\"addNewRUOverflowToolbarButton\"]"}
COMMAND: POST /session/fc5612afcacf26d849b70600b679a1bb/elements - {"using":"xpath","value":"//button[@data-kt=\"addNewRUOverflowToolbarButton\"]"}
RESULT: {}
RESULT: {"using":"xpath","value":"//button[@data-kt=\"addNewRUOverflowToolbarButton\"]"}
COMMAND: POST /session/fc5612afcacf26d849b70600b679a1bb/element - {"using":"xpath","value":"//button[@data-kt=\"addNewRUOverflowToolbarButton\"]"}
RESULT: {"using":"xpath","value":"//button[@data-kt=\"addNewRUOverflowToolbarButton\"]"}
COMMAND: POST /session/fc5612afcacf26d849b70600b679a1bb/execute/sync - {"script":"<script> [8489 bytes]","args":[{"element-6066-11e4-a52e-4f735466cecf":"f.879421ECEBF83B736863962A17D84B66.d.5FF894262029B9D50FD10D30B4DDD82B.e.3049","ELEMENT":"f.879421ECEBF83B736863962A17D84B66.d.5FF894262029B9D50FD10D30B4DDD82B.e.3049"}]}
RESULT: {"script":"<script> [8489 bytes]","args":[{"element-6066-11e4-a52e-4f735466cecf":"f.879421ECEBF83B736863962A17D84B66.d.5FF894262029B9D50FD10D30B4DDD82B.e.3049","ELEMENT":"f.879421ECEBF83B736863962A17D84B66.d.5FF894262029B9D50FD10D30B4DDD82B.e.3049"}]}
COMMAND: GET /session/fc5612afcacf26d849b70600b679a1bb/element/f.879421ECEBF83B736863962A17D84B66.d.5FF894262029B9D50FD10D30B4DDD82B.e.3049/enabled - {}
COMMAND: GET /session/fc5612afcacf26d849b70600b679a1bb/screenshot - {}
RESULT: {}
COMMAND: POST /session/fc5612afcacf26d849b70600b679a1bb/execute/sync - {"script":"<script> [8489 bytes]","args":[{"element-6066-11e4-a52e-4f735466cecf":"f.879421ECEBF83B736863962A17D84B66.d.5FF894262029B9D50FD10D30B4DDD82B.e.3049","ELEMENT":"f.879421ECEBF83B736863962A17D84B66.d.5FF894262029B9D50FD10D30B4DDD82B.e.3049"}]}
COMMAND: GET /session/fc5612afcacf26d849b70600b679a1bb/screenshot - {}
RESULT: {}
RESULT: {"script":"<script> [8489 bytes]","args":[{"element-6066-11e4-a52e-4f735466cecf":"f.879421ECEBF83B736863962A17D84B66.d.5FF894262029B9D50FD10D30B4DDD82B.e.3049","ELEMENT":"f.879421ECEBF83B736863962A17D84B66.d.5FF894262029B9D50FD10D30B4DDD82B.e.3049"}]}
COMMAND: POST /session/fc5612afcacf26d849b70600b679a1bb/execute/sync - {"script":"<script> [5351 bytes]","args":[{"element-6066-11e4-a52e-4f735466cecf":"f.879421ECEBF83B736863962A17D84B66.d.5FF894262029B9D50FD10D30B4DDD82B.e.3049","ELEMENT":"f.879421ECEBF83B736863962A17D84B66.d.5FF894262029B9D50FD10D30B4DDD82B.e.3049"}]}
COMMAND: GET /session/fc5612afcacf26d849b70600b679a1bb/screenshot - {}
RESULT: {}
RESULT: {"script":"<script> [5351 bytes]","args":[{"element-6066-11e4-a52e-4f735466cecf":"f.879421ECEBF83B736863962A17D84B66.d.5FF894262029B9D50FD10D30B4DDD82B.e.3049","ELEMENT":"f.879421ECEBF83B736863962A17D84B66.d.5FF894262029B9D50FD10D30B4DDD82B.e.3049"}]}
COMMAND: POST /session/fc5612afcacf26d849b70600b679a1bb/element/f.879421ECEBF83B736863962A17D84B66.d.5FF894262029B9D50FD10D30B4DDD82B.e.3049/click - {}
COMMAND: GET /session/fc5612afcacf26d849b70600b679a1bb/screenshot - {}
RESULT: {}
RESULT: {}
COMMAND: GET /session/fc5612afcacf26d849b70600b679a1bb/screenshot - {}
RESULT: {}
RESULT: {}
RESULT: undefined
COMMAND: POST /session/fc5612afcacf26d849b70600b679a1bb/element - {"using":"xpath","value":"//*[@id=\"application-manageresources-display-component---newResourceUnit--TYPE-arrow\"]"}
RESULT: {"using":"xpath","value":"//*[@id=\"application-manageresources-display-component---newResourceUnit--TYPE-arrow\"]"}
COMMAND: POST /session/fc5612afcacf26d849b70600b679a1bb/element/f.879421ECEBF83B736863962A17D84B66.d.5FF894262029B9D50FD10D30B4DDD82B.e.3399/click - {}
RESULT: {}
COMMAND: POST /session/fc5612afcacf26d849b70600b679a1bb/element - {"using":"xpath","value":"//input[@id=\"application-manageresources-display-component---newResourceUnit--TYPE-inner\"]"}
COMMAND: GET /session/fc5612afcacf26d849b70600b679a1bb/screenshot - {}
RESULT: {"using":"xpath","value":"//input[@id=\"application-manageresources-display-component---newResourceUnit--TYPE-inner\"]"}
COMMAND: POST /session/fc5612afcacf26d849b70600b679a1bb/element/f.879421ECEBF83B736863962A17D84B66.d.5FF894262029B9D50FD10D30B4DDD82B.e.3385/clear - {}
RESULT: {}
RESULT: {}
COMMAND: POST /session/fc5612afcacf26d849b70600b679a1bb/element/f.879421ECEBF83B736863962A17D84B66.d.5FF894262029B9D50FD10D30B4DDD82B.e.3385/value - {"text":"Material"}
COMMAND: GET /session/fc5612afcacf26d849b70600b679a1bb/screenshot - {}
RESULT: {"text":"Material"}
COMMAND: GET /session/fc5612afcacf26d849b70600b679a1bb/screenshot - {}
RESULT: {}
RESULT: {}
COMMAND: POST /session/fc5612afcacf26d849b70600b679a1bb/actions - {"actions":[{"id":"action15","type":"key","parameters":{},"actions":[{"type":"keyDown","value":"î€‡"},{"type":"pause","duration":10},{"type":"keyUp","value":"î€‡"}]}]}
RESULT: {"actions":[{"id":"action15","type":"key","parameters":{},"actions":[{"type":"keyDown","value":"î€‡"},{"type":"pause","duration":10},{"type":"keyUp","value":"î€‡"}]}]}
RESULT: undefined
COMMAND: POST /session/fc5612afcacf26d849b70600b679a1bb/execute/async - {"script":"<script> [776 bytes]","args":[{"enterText":"Cement WDIO","selector":{"id":"application-manageresources-display-component---newResourceUnit--SHORT_TEXT","interaction":{"idSuffix":"inner"}},"clearTextFirst":true,"interactionType":"ENTER_TEXT"}]}
COMMAND: GET /session/fc5612afcacf26d849b70600b679a1bb/screenshot - {}
RESULT: {"script":"<script> [776 bytes]","args":[{"enterText":"Cement WDIO","selector":{"id":"application-manageresources-display-component---newResourceUnit--SHORT_TEXT","interaction":{"idSuffix":"inner"}},"clearTextFirst":true,"interactionType":"ENTER_TEXT"}]}
RESULT: undefined
COMMAND: POST /session/fc5612afcacf26d849b70600b679a1bb/execute/async - {"script":"<script> [776 bytes]","args":[{"enterText":"Piece","selector":{"id":"application-manageresources-display-component---newResourceUnit--BASE_UNIT_OF_MEASURE","interaction":{"idSuffix":"inner"}},"clearTextFirst":true,"interactionType":"ENTER_TEXT"}]}
RESULT: {}
RESULT: {"script":"<script> [776 bytes]","args":[{"enterText":"Piece","selector":{"id":"application-manageresources-display-component---newResourceUnit--BASE_UNIT_OF_MEASURE","interaction":{"idSuffix":"inner"}},"clearTextFirst":true,"interactionType":"ENTER_TEXT"}]}
RESULT: undefined
COMMAND: POST /session/fc5612afcacf26d849b70600b679a1bb/execute/async - {"script":"<script> [776 bytes]","args":[{"enterText":"Gram","selector":{"id":"application-manageresources-display-component---newResourceUnit--WEIGHT_UNIT","interaction":{"idSuffix":"inner"}},"clearTextFirst":true,"interactionType":"ENTER_TEXT"}]}
RESULT: {"script":"<script> [776 bytes]","args":[{"enterText":"Gram","selector":{"id":"application-manageresources-display-component---newResourceUnit--WEIGHT_UNIT","interaction":{"idSuffix":"inner"}},"clearTextFirst":true,"interactionType":"ENTER_TEXT"}]}
RESULT: undefined
COMMAND: POST /session/fc5612afcacf26d849b70600b679a1bb/execute/async - {"script":"<script> [776 bytes]","args":[{"enterText":"Meter","selector":{"id":"application-manageresources-display-component---newResourceUnit--DIMENSION_UNIT","interaction":{"idSuffix":"inner"}},"clearTextFirst":true,"interactionType":"ENTER_TEXT"}]}
RESULT: {"script":"<script> [776 bytes]","args":[{"enterText":"Meter","selector":{"id":"application-manageresources-display-component---newResourceUnit--DIMENSION_UNIT","interaction":{"idSuffix":"inner"}},"clearTextFirst":true,"interactionType":"ENTER_TEXT"}]}
RESULT: undefined
COMMAND: POST /session/fc5612afcacf26d849b70600b679a1bb/element - {"using":"xpath","value":"//*[@id=\"application-manageresources-display-component---newResourceUnit--newRRUPage-anchBar-application-manageresources-display-component---newResourceUnit--control-anchor\"]"}
RESULT: {"using":"xpath","value":"//*[@id=\"application-manageresources-display-component---newResourceUnit--newRRUPage-anchBar-application-manageresources-display-component---newResourceUnit--control-anchor\"]"}
COMMAND: POST /session/fc5612afcacf26d849b70600b679a1bb/element/f.879421ECEBF83B736863962A17D84B66.d.5FF894262029B9D50FD10D30B4DDD82B.e.3462/click - {}
RESULT: {}
RESULT: undefined
COMMAND: POST /session/fc5612afcacf26d849b70600b679a1bb/execute/async - {"script":"<script> [776 bytes]","args":[{"enterText":"Material","selector":{"id":"application-manageresources-display-component---newResourceUnit--PLANNING_GROUP","interaction":{"idSuffix":"inner"}},"clearTextFirst":true,"interactionType":"ENTER_TEXT"}]}
COMMAND: GET /session/fc5612afcacf26d849b70600b679a1bb/screenshot - {}
RESULT: {"script":"<script> [776 bytes]","args":[{"enterText":"Material","selector":{"id":"application-manageresources-display-component---newResourceUnit--PLANNING_GROUP","interaction":{"idSuffix":"inner"}},"clearTextFirst":true,"interactionType":"ENTER_TEXT"}]}
RESULT: {}
COMMAND: POST /session/fc5612afcacf26d849b70600b679a1bb/execute/async - {"script":"<script> [1562 bytes]","args":[{"selector":{"id":"application-manageresources-display-component---newResourceUnit--PLANNING_INDICATOR","interaction":{"idSuffix":"inner"}},"wdio_ui5_key":"applicationmanageresources-display-component---newResourceUnit--PLANNING_INDICATOR"}]}
RESULT: {"script":"<script> [1562 bytes]","args":[{"selector":{"id":"application-manageresources-display-component---newResourceUnit--PLANNING_INDICATOR","interaction":{"idSuffix":"inner"}},"wdio_ui5_key":"applicationmanageresources-display-component---newResourceUnit--PLANNING_INDICATOR"}]}
RESULT: undefined
COMMAND: POST /session/fc5612afcacf26d849b70600b679a1bb/execute/async - {"script":"<script> [776 bytes]","args":[{"enterText":"10 - infinite","selector":{"id":"application-manageresources-display-component---newResourceUnit--PLANNING_INDICATOR","interaction":{"idSuffix":"inner"}},"clearTextFirst":true,"interactionType":"ENTER_TEXT"}]}
RESULT: {"script":"<script> [776 bytes]","args":[{"enterText":"10 - infinite","selector":{"id":"application-manageresources-display-component---newResourceUnit--PLANNING_INDICATOR","interaction":{"idSuffix":"inner"}},"clearTextFirst":true,"interactionType":"ENTER_TEXT"}]}
COMMAND: POST /session/fc5612afcacf26d849b70600b679a1bb/element - {"using":"css selector","value":"#application-manageresources-display-component---newResourceUnit--btnAddTimeSegment"}
RESULT: {"using":"css selector","value":"#application-manageresources-display-component---newResourceUnit--btnAddTimeSegment"}
COMMAND: GET /session/fc5612afcacf26d849b70600b679a1bb/element/f.879421ECEBF83B736863962A17D84B66.d.5FF894262029B9D50FD10D30B4DDD82B.e.3471/rect - {}
RESULT: {}
COMMAND: GET /session/fc5612afcacf26d849b70600b679a1bb/window/rect - {}
RESULT: {}
COMMAND: POST /session/fc5612afcacf26d849b70600b679a1bb/execute/sync - {"script":"<script> [92 bytes]","args":[]}
RESULT: {"script":"<script> [92 bytes]","args":[]}
COMMAND: POST /session/fc5612afcacf26d849b70600b679a1bb/actions - {"actions":[{"id":"action16","type":"wheel","parameters":{},"actions":[{"type":"scroll","x":-1888,"y":-32,"deltaX":0,"deltaY":0,"duration":0,"origin":{"element-6066-11e4-a52e-4f735466cecf":"f.879421ECEBF83B736863962A17D84B66.d.5FF894262029B9D50FD10D30B4DDD82B.e.3471"}}]}]}
COMMAND: GET /session/fc5612afcacf26d849b70600b679a1bb/screenshot - {}
RESULT: {}
COMMAND: POST /session/fc5612afcacf26d849b70600b679a1bb/execute/sync - {"script":"<script> [79 bytes]","args":[{"element-6066-11e4-a52e-4f735466cecf":"f.879421ECEBF83B736863962A17D84B66.d.5FF894262029B9D50FD10D30B4DDD82B.e.3471","ELEMENT":"f.879421ECEBF83B736863962A17D84B66.d.5FF894262029B9D50FD10D30B4DDD82B.e.3471"},{"block":"start","inline":"nearest"}]}
RESULT: {"script":"<script> [79 bytes]","args":[{"element-6066-11e4-a52e-4f735466cecf":"f.879421ECEBF83B736863962A17D84B66.d.5FF894262029B9D50FD10D30B4DDD82B.e.3471","ELEMENT":"f.879421ECEBF83B736863962A17D84B66.d.5FF894262029B9D50FD10D30B4DDD82B.e.3471"},{"block":"start","inline":"nearest"}]}
RESULT: undefined
COMMAND: POST /session/fc5612afcacf26d849b70600b679a1bb/element - {"using":"xpath","value":"//*[@id=\"application-manageresources-display-component---newResourceUnit--btnAddTimeSegment\"]"}
COMMAND: GET /session/fc5612afcacf26d849b70600b679a1bb/screenshot - {}
RESULT: {"using":"xpath","value":"//*[@id=\"application-manageresources-display-component---newResourceUnit--btnAddTimeSegment\"]"}
COMMAND: POST /session/fc5612afcacf26d849b70600b679a1bb/element/f.879421ECEBF83B736863962A17D84B66.d.5FF894262029B9D50FD10D30B4DDD82B.e.3471/click - {}
RESULT: {}
RESULT: {}
COMMAND: GET /session/fc5612afcacf26d849b70600b679a1bb/screenshot - {}
RESULT: {}
COMMAND: POST /session/fc5612afcacf26d849b70600b679a1bb/element - {"using":"xpath","value":"//input[@id=\"application-manageresources-display-component---newResourceUnit--idRuTSAdmin-application-manageresources-display-component---newResourceUnit--RUTimeSegment-0-inner\"]"}
RESULT: {"using":"xpath","value":"//input[@id=\"application-manageresources-display-component---newResourceUnit--idRuTSAdmin-application-manageresources-display-component---newResourceUnit--RUTimeSegment-0-inner\"]"}
COMMAND: POST /session/fc5612afcacf26d849b70600b679a1bb/element/f.879421ECEBF83B736863962A17D84B66.d.5FF894262029B9D50FD10D30B4DDD82B.e.3475/clear - {}
RESULT: {}
COMMAND: POST /session/fc5612afcacf26d849b70600b679a1bb/element/f.879421ECEBF83B736863962A17D84B66.d.5FF894262029B9D50FD10D30B4DDD82B.e.3475/value - {"text":"109"}
COMMAND: GET /session/fc5612afcacf26d849b70600b679a1bb/screenshot - {}
RESULT: {"text":"109"}
COMMAND: GET /session/fc5612afcacf26d849b70600b679a1bb/screenshot - {}
RESULT: {}
RESULT: {}
COMMAND: POST /session/fc5612afcacf26d849b70600b679a1bb/element - {"using":"xpath","value":"//li[.//span[text()='109']]"}
RESULT: {"using":"xpath","value":"//li[.//span[text()='109']]"}
COMMAND: POST /session/fc5612afcacf26d849b70600b679a1bb/element/f.879421ECEBF83B736863962A17D84B66.d.5FF894262029B9D50FD10D30B4DDD82B.e.3484/click - {}
RESULT: {}
COMMAND: GET /session/fc5612afcacf26d849b70600b679a1bb/screenshot - {}
RESULT: {}
COMMAND: POST /session/fc5612afcacf26d849b70600b679a1bb/element - {"using":"xpath","value":"(//span[contains(@id, \"-application-manageresources-display-component---newResourceUnit--RUTimeSegment-0-arrow\")])[2]"}
RESULT: {"using":"xpath","value":"(//span[contains(@id, \"-application-manageresources-display-component---newResourceUnit--RUTimeSegment-0-arrow\")])[2]"}
COMMAND: POST /session/fc5612afcacf26d849b70600b679a1bb/element/f.879421ECEBF83B736863962A17D84B66.d.5FF894262029B9D50FD10D30B4DDD82B.e.3485/click - {}
RESULT: {}
COMMAND: POST /session/fc5612afcacf26d849b70600b679a1bb/element - {"using":"xpath","value":"//span[contains(text(), \"PM Order\")]"}
COMMAND: GET /session/fc5612afcacf26d849b70600b679a1bb/screenshot - {}
RESULT: {"using":"xpath","value":"//span[contains(text(), \"PM Order\")]"}
COMMAND: POST /session/fc5612afcacf26d849b70600b679a1bb/element/f.879421ECEBF83B736863962A17D84B66.d.5FF894262029B9D50FD10D30B4DDD82B.e.3486/click - {}
RESULT: {}
RESULT: {}
COMMAND: GET /session/fc5612afcacf26d849b70600b679a1bb/screenshot - {}
RESULT: {}
COMMAND: POST /session/fc5612afcacf26d849b70600b679a1bb/element - {"using":"xpath","value":"//td/div/div/div/span[contains(@id, \"newResourceUnit--RUTimeSegment-0-vhi\")][1]"}
RESULT: {"using":"xpath","value":"//td/div/div/div/span[contains(@id, \"newResourceUnit--RUTimeSegment-0-vhi\")][1]"}
COMMAND: GET /session/fc5612afcacf26d849b70600b679a1bb/element/f.879421ECEBF83B736863962A17D84B66.d.5FF894262029B9D50FD10D30B4DDD82B.e.3490/rect - {}
RESULT: {}
COMMAND: GET /session/fc5612afcacf26d849b70600b679a1bb/window/rect - {}
RESULT: {}
COMMAND: POST /session/fc5612afcacf26d849b70600b679a1bb/execute/sync - {"script":"<script> [92 bytes]","args":[]}
RESULT: {"script":"<script> [92 bytes]","args":[]}
COMMAND: POST /session/fc5612afcacf26d849b70600b679a1bb/actions - {"actions":[{"id":"action17","type":"wheel","parameters":{},"actions":[{"type":"scroll","x":-1888,"y":-24,"deltaX":0,"deltaY":0,"duration":0,"origin":{"element-6066-11e4-a52e-4f735466cecf":"f.879421ECEBF83B736863962A17D84B66.d.5FF894262029B9D50FD10D30B4DDD82B.e.3490"}}]}]}
COMMAND: GET /session/fc5612afcacf26d849b70600b679a1bb/screenshot - {}
RESULT: {}
COMMAND: POST /session/fc5612afcacf26d849b70600b679a1bb/execute/sync - {"script":"<script> [79 bytes]","args":[{"element-6066-11e4-a52e-4f735466cecf":"f.879421ECEBF83B736863962A17D84B66.d.5FF894262029B9D50FD10D30B4DDD82B.e.3490","ELEMENT":"f.879421ECEBF83B736863962A17D84B66.d.5FF894262029B9D50FD10D30B4DDD82B.e.3490"},{"block":"start","inline":"nearest"}]}
RESULT: {"script":"<script> [79 bytes]","args":[{"element-6066-11e4-a52e-4f735466cecf":"f.879421ECEBF83B736863962A17D84B66.d.5FF894262029B9D50FD10D30B4DDD82B.e.3490","ELEMENT":"f.879421ECEBF83B736863962A17D84B66.d.5FF894262029B9D50FD10D30B4DDD82B.e.3490"},{"block":"start","inline":"nearest"}]}
COMMAND: GET /session/fc5612afcacf26d849b70600b679a1bb/screenshot - {}
RESULT: {}
COMMAND: POST /session/fc5612afcacf26d849b70600b679a1bb/element/f.879421ECEBF83B736863962A17D84B66.d.5FF894262029B9D50FD10D30B4DDD82B.e.3490/click - {}
RESULT: {}
COMMAND: GET /session/fc5612afcacf26d849b70600b679a1bb/screenshot - {}
RESULT: {}
RESULT: undefined
COMMAND: POST /session/fc5612afcacf26d849b70600b679a1bb/execute/async - {"script":"<script> [776 bytes]","args":[{"enterText":"4000360","selector":{"controlType":"sap.m.SearchField","properties":{"placeholder":"Search"},"searchOpenDialogs":true,"interaction":{"idSuffix":"I"}},"clearTextFirst":true,"interactionType":"ENTER_TEXT"}]}
RESULT: {"script":"<script> [776 bytes]","args":[{"enterText":"4000360","selector":{"controlType":"sap.m.SearchField","properties":{"placeholder":"Search"},"searchOpenDialogs":true,"interaction":{"idSuffix":"I"}},"clearTextFirst":true,"interactionType":"ENTER_TEXT"}]}
COMMAND: POST /session/fc5612afcacf26d849b70600b679a1bb/actions - {"actions":[{"id":"action18","type":"key","parameters":{},"actions":[{"type":"keyDown","value":"î€‡"},{"type":"pause","duration":10},{"type":"keyUp","value":"î€‡"}]}]}
RESULT: {"actions":[{"id":"action18","type":"key","parameters":{},"actions":[{"type":"keyDown","value":"î€‡"},{"type":"pause","duration":10},{"type":"keyUp","value":"î€‡"}]}]}
COMMAND: GET /session/fc5612afcacf26d849b70600b679a1bb/screenshot - {}
RESULT: {}
COMMAND: POST /session/fc5612afcacf26d849b70600b679a1bb/element - {"using":"xpath","value":"//td/div/span[contains(text(), \"BGL Vehicles\")]"}
RESULT: {"using":"xpath","value":"//td/div/span[contains(text(), \"BGL Vehicles\")]"}
COMMAND: POST /session/fc5612afcacf26d849b70600b679a1bb/element/f.879421ECEBF83B736863962A17D84B66.d.5FF894262029B9D50FD10D30B4DDD82B.e.3508/click - {}
RESULT: {}
COMMAND: GET /session/fc5612afcacf26d849b70600b679a1bb/screenshot - {}
RESULT: {}
COMMAND: POST /session/fc5612afcacf26d849b70600b679a1bb/element - {"using":"xpath","value":"//bdi[contains(text(), \"OK\")]"}
RESULT: {"using":"xpath","value":"//bdi[contains(text(), \"OK\")]"}
COMMAND: POST /session/fc5612afcacf26d849b70600b679a1bb/element/f.879421ECEBF83B736863962A17D84B66.d.5FF894262029B9D50FD10D30B4DDD82B.e.3509/click - {}
RESULT: {}
COMMAND: GET /session/fc5612afcacf26d849b70600b679a1bb/screenshot - {}
RESULT: {}
COMMAND: POST /session/fc5612afcacf26d849b70600b679a1bb/element - {"using":"xpath","value":"//label[contains(@class, 'sapMLabelRequired') and .//bdi[contains(text(), 'Planned Retirement')]]"}
RESULT: {"using":"xpath","value":"//label[contains(@class, 'sapMLabelRequired') and .//bdi[contains(text(), 'Planned Retirement')]]"}
COMMAND: POST /session/fc5612afcacf26d849b70600b679a1bb/elements - {"using":"xpath","value":"//label[contains(@class, 'sapMLabelRequired') and .//bdi[contains(text(), 'Planned Retirement')]]"}
RESULT: {"using":"xpath","value":"//label[contains(@class, 'sapMLabelRequired') and .//bdi[contains(text(), 'Planned Retirement')]]"}
COMMAND: POST /session/fc5612afcacf26d849b70600b679a1bb/element - {"using":"xpath","value":"//button[@data-kt=\"resourceUnitSaveButton\"]"}
RESULT: {"using":"xpath","value":"//button[@data-kt=\"resourceUnitSaveButton\"]"}
COMMAND: POST /session/fc5612afcacf26d849b70600b679a1bb/element/f.879421ECEBF83B736863962A17D84B66.d.5FF894262029B9D50FD10D30B4DDD82B.e.3418/click - {}
RESULT: {}
COMMAND: GET /session/fc5612afcacf26d849b70600b679a1bb/screenshot - {}
RESULT: {}
COMMAND: POST /session/fc5612afcacf26d849b70600b679a1bb/element - {"using":"xpath","value":"//bdi[contains(text(), \"Close\")]"}
RESULT: {"using":"xpath","value":"//bdi[contains(text(), \"Close\")]"}
COMMAND: POST /session/fc5612afcacf26d849b70600b679a1bb/element/f.879421ECEBF83B736863962A17D84B66.d.5FF894262029B9D50FD10D30B4DDD82B.e.3515/click - {}
RESULT: {}
COMMAND: GET /session/fc5612afcacf26d849b70600b679a1bb/screenshot - {}
RESULT: {}
COMMAND: POST /session/fc5612afcacf26d849b70600b679a1bb/element - {"using":"xpath","value":"//header[contains(@id, 'detailRruPage-headerTitle')]/div[1]/div[2]/div[2]/span[1]"}
RESULT: {"using":"xpath","value":"//header[contains(@id, 'detailRruPage-headerTitle')]/div[1]/div[2]/div[2]/span[1]"}
COMMAND: POST /session/fc5612afcacf26d849b70600b679a1bb/elements - {"using":"xpath","value":"//header[contains(@id, 'detailRruPage-headerTitle')]/div[1]/div[2]/div[2]/span[1]"}
RESULT: {"using":"xpath","value":"//header[contains(@id, 'detailRruPage-headerTitle')]/div[1]/div[2]/div[2]/span[1]"}
COMMAND: POST /session/fc5612afcacf26d849b70600b679a1bb/execute/sync - {"script":"<script> [56 bytes]","args":[{"element-6066-11e4-a52e-4f735466cecf":"f.879421ECEBF83B736863962A17D84B66.d.5FF894262029B9D50FD10D30B4DDD82B.e.3543","ELEMENT":"f.879421ECEBF83B736863962A17D84B66.d.5FF894262029B9D50FD10D30B4DDD82B.e.3543"}]}
RESULT: {"script":"<script> [56 bytes]","args":[{"element-6066-11e4-a52e-4f735466cecf":"f.879421ECEBF83B736863962A17D84B66.d.5FF894262029B9D50FD10D30B4DDD82B.e.3543","ELEMENT":"f.879421ECEBF83B736863962A17D84B66.d.5FF894262029B9D50FD10D30B4DDD82B.e.3543"}]}
COMMAND: POST /session/fc5612afcacf26d849b70600b679a1bb/element - {"using":"css selector","value":"#shell-header-logo"}
COMMAND: GET /session/fc5612afcacf26d849b70600b679a1bb/screenshot - {}
RESULT: {"using":"css selector","value":"#shell-header-logo"}
COMMAND: POST /session/fc5612afcacf26d849b70600b679a1bb/element/f.879421ECEBF83B736863962A17D84B66.d.5FF894262029B9D50FD10D30B4DDD82B.e.2988/click - {}
RESULT: {}
RESULT: {}
COMMAND: GET /session/fc5612afcacf26d849b70600b679a1bb/screenshot - {}
RESULT: {}
]]></system-out>
    </testcase>
    <testcase classname="chrome.135_0_7049_115.windows.RU_Inventory_Mass_State_Change_Multiple_Items_US151066" name="Prerequisite Step 2 Should do a stock increase handover for the equipment" time="84.321">
      <system-out><![CDATA[
COMMAND: POST /session/fc5612afcacf26d849b70600b679a1bb/execute/async - {"script":"<script> [1562 bytes]","args":[{"selector":{"controlType":"sap.m.Text","viewName":"etm.portal.ui.managehandoverstile.view.Master","properties":{"text":"Manage Handovers"},"interaction":{"idSuffix":"inner"}},"wdio_ui5_key":"etmportal.ui.managehandoverstile.view.Mastersap.m.Text{\"text\":\"Manage Handovers\"}"}]}
RESULT: {"script":"<script> [1562 bytes]","args":[{"selector":{"controlType":"sap.m.Text","viewName":"etm.portal.ui.managehandoverstile.view.Master","properties":{"text":"Manage Handovers"},"interaction":{"idSuffix":"inner"}},"wdio_ui5_key":"etmportal.ui.managehandoverstile.view.Mastersap.m.Text{\"text\":\"Manage Handovers\"}"}]}
RESULT: undefined
COMMAND: POST /session/fc5612afcacf26d849b70600b679a1bb/element - {"using":"xpath","value":"//*[@id=\"__tile130-title\"]"}
RESULT: {"using":"xpath","value":"//*[@id=\"__tile130-title\"]"}
COMMAND: POST /session/fc5612afcacf26d849b70600b679a1bb/element/f.879421ECEBF83B736863962A17D84B66.d.5FF894262029B9D50FD10D30B4DDD82B.e.3546/click - {}
RESULT: {}
COMMAND: POST /session/fc5612afcacf26d849b70600b679a1bb/element - {"using":"xpath","value":"//button[@data-kt=\"masterHOAddButton\"]"}
COMMAND: GET /session/fc5612afcacf26d849b70600b679a1bb/screenshot - {}
RESULT: {"using":"xpath","value":"//button[@data-kt=\"masterHOAddButton\"]"}
COMMAND: POST /session/fc5612afcacf26d849b70600b679a1bb/elements - {"using":"xpath","value":"//button[@data-kt=\"masterHOAddButton\"]"}
RESULT: {}
RESULT: {"using":"xpath","value":"//button[@data-kt=\"masterHOAddButton\"]"}
COMMAND: POST /session/fc5612afcacf26d849b70600b679a1bb/elements - {"using":"xpath","value":"//button[@data-kt=\"masterHOAddButton\"]"}
RESULT: {"using":"xpath","value":"//button[@data-kt=\"masterHOAddButton\"]"}
COMMAND: POST /session/fc5612afcacf26d849b70600b679a1bb/elements - {"using":"xpath","value":"//button[@data-kt=\"masterHOAddButton\"]"}
RESULT: {"using":"xpath","value":"//button[@data-kt=\"masterHOAddButton\"]"}
COMMAND: POST /session/fc5612afcacf26d849b70600b679a1bb/elements - {"using":"xpath","value":"//button[@data-kt=\"masterHOAddButton\"]"}
RESULT: {"using":"xpath","value":"//button[@data-kt=\"masterHOAddButton\"]"}
COMMAND: POST /session/fc5612afcacf26d849b70600b679a1bb/elements - {"using":"xpath","value":"//button[@data-kt=\"masterHOAddButton\"]"}
RESULT: {"using":"xpath","value":"//button[@data-kt=\"masterHOAddButton\"]"}
COMMAND: POST /session/fc5612afcacf26d849b70600b679a1bb/elements - {"using":"xpath","value":"//button[@data-kt=\"masterHOAddButton\"]"}
RESULT: {"using":"xpath","value":"//button[@data-kt=\"masterHOAddButton\"]"}
COMMAND: POST /session/fc5612afcacf26d849b70600b679a1bb/elements - {"using":"xpath","value":"//button[@data-kt=\"masterHOAddButton\"]"}
RESULT: {"using":"xpath","value":"//button[@data-kt=\"masterHOAddButton\"]"}
COMMAND: POST /session/fc5612afcacf26d849b70600b679a1bb/element - {"using":"xpath","value":"//button[@data-kt=\"masterHOAddButton\"]"}
RESULT: {"using":"xpath","value":"//button[@data-kt=\"masterHOAddButton\"]"}
COMMAND: POST /session/fc5612afcacf26d849b70600b679a1bb/execute/sync - {"script":"<script> [8489 bytes]","args":[{"element-6066-11e4-a52e-4f735466cecf":"f.879421ECEBF83B736863962A17D84B66.d.5FF894262029B9D50FD10D30B4DDD82B.e.3577","ELEMENT":"f.879421ECEBF83B736863962A17D84B66.d.5FF894262029B9D50FD10D30B4DDD82B.e.3577"}]}
RESULT: {"script":"<script> [8489 bytes]","args":[{"element-6066-11e4-a52e-4f735466cecf":"f.879421ECEBF83B736863962A17D84B66.d.5FF894262029B9D50FD10D30B4DDD82B.e.3577","ELEMENT":"f.879421ECEBF83B736863962A17D84B66.d.5FF894262029B9D50FD10D30B4DDD82B.e.3577"}]}
COMMAND: GET /session/fc5612afcacf26d849b70600b679a1bb/element/f.879421ECEBF83B736863962A17D84B66.d.5FF894262029B9D50FD10D30B4DDD82B.e.3577/enabled - {}
COMMAND: GET /session/fc5612afcacf26d849b70600b679a1bb/screenshot - {}
RESULT: {}
COMMAND: POST /session/fc5612afcacf26d849b70600b679a1bb/execute/sync - {"script":"<script> [8489 bytes]","args":[{"element-6066-11e4-a52e-4f735466cecf":"f.879421ECEBF83B736863962A17D84B66.d.5FF894262029B9D50FD10D30B4DDD82B.e.3577","ELEMENT":"f.879421ECEBF83B736863962A17D84B66.d.5FF894262029B9D50FD10D30B4DDD82B.e.3577"}]}
COMMAND: GET /session/fc5612afcacf26d849b70600b679a1bb/screenshot - {}
RESULT: {}
RESULT: {"script":"<script> [8489 bytes]","args":[{"element-6066-11e4-a52e-4f735466cecf":"f.879421ECEBF83B736863962A17D84B66.d.5FF894262029B9D50FD10D30B4DDD82B.e.3577","ELEMENT":"f.879421ECEBF83B736863962A17D84B66.d.5FF894262029B9D50FD10D30B4DDD82B.e.3577"}]}
COMMAND: POST /session/fc5612afcacf26d849b70600b679a1bb/execute/sync - {"script":"<script> [5351 bytes]","args":[{"element-6066-11e4-a52e-4f735466cecf":"f.879421ECEBF83B736863962A17D84B66.d.5FF894262029B9D50FD10D30B4DDD82B.e.3577","ELEMENT":"f.879421ECEBF83B736863962A17D84B66.d.5FF894262029B9D50FD10D30B4DDD82B.e.3577"}]}
COMMAND: GET /session/fc5612afcacf26d849b70600b679a1bb/screenshot - {}
RESULT: {}
RESULT: {"script":"<script> [5351 bytes]","args":[{"element-6066-11e4-a52e-4f735466cecf":"f.879421ECEBF83B736863962A17D84B66.d.5FF894262029B9D50FD10D30B4DDD82B.e.3577","ELEMENT":"f.879421ECEBF83B736863962A17D84B66.d.5FF894262029B9D50FD10D30B4DDD82B.e.3577"}]}
COMMAND: POST /session/fc5612afcacf26d849b70600b679a1bb/element/f.879421ECEBF83B736863962A17D84B66.d.5FF894262029B9D50FD10D30B4DDD82B.e.3577/click - {}
COMMAND: GET /session/fc5612afcacf26d849b70600b679a1bb/screenshot - {}
RESULT: {}
RESULT: {}
RESULT: {}
COMMAND: GET /session/fc5612afcacf26d849b70600b679a1bb/screenshot - {}
RESULT: {}
COMMAND: POST /session/fc5612afcacf26d849b70600b679a1bb/element - {"using":"xpath","value":"//span[contains(@id ,\"AddNewHO--typeSelect-arrow\")]"}
RESULT: {"using":"xpath","value":"//span[contains(@id ,\"AddNewHO--typeSelect-arrow\")]"}
COMMAND: POST /session/fc5612afcacf26d849b70600b679a1bb/element/f.879421ECEBF83B736863962A17D84B66.d.5FF894262029B9D50FD10D30B4DDD82B.e.3936/click - {}
RESULT: {}
COMMAND: GET /session/fc5612afcacf26d849b70600b679a1bb/screenshot - {}
RESULT: {}
COMMAND: POST /session/fc5612afcacf26d849b70600b679a1bb/element - {"using":"xpath","value":"(//li[contains(text(), \"stock increase yard\")])[1]"}
RESULT: {"using":"xpath","value":"(//li[contains(text(), \"stock increase yard\")])[1]"}
COMMAND: POST /session/fc5612afcacf26d849b70600b679a1bb/element/f.879421ECEBF83B736863962A17D84B66.d.5FF894262029B9D50FD10D30B4DDD82B.e.3937/click - {}
RESULT: {}
COMMAND: GET /session/fc5612afcacf26d849b70600b679a1bb/screenshot - {}
RESULT: {}
COMMAND: POST /session/fc5612afcacf26d849b70600b679a1bb/execute/async - {"script":"<script> [1562 bytes]","args":[{"selector":{"id":"application-managehandovers-display-component---AddNewHO--dueDate","interaction":{"idSuffix":"inner"}},"wdio_ui5_key":"applicationmanagehandovers-display-component---AddNewHO--dueDate"}]}
RESULT: {"script":"<script> [1562 bytes]","args":[{"selector":{"id":"application-managehandovers-display-component---AddNewHO--dueDate","interaction":{"idSuffix":"inner"}},"wdio_ui5_key":"applicationmanagehandovers-display-component---AddNewHO--dueDate"}]}
RESULT: undefined
COMMAND: POST /session/fc5612afcacf26d849b70600b679a1bb/execute/async - {"script":"<script> [6424 bytes]","args":[{"element-6066-11e4-a52e-4f735466cecf":"f.879421ECEBF83B736863962A17D84B66.d.5FF894262029B9D50FD10D30B4DDD82B.e.3939"},"setValue",["05/06/2025"]]}
RESULT: {"script":"<script> [6424 bytes]","args":[{"element-6066-11e4-a52e-4f735466cecf":"f.879421ECEBF83B736863962A17D84B66.d.5FF894262029B9D50FD10D30B4DDD82B.e.3939"},"setValue",["05/06/2025"]]}
COMMAND: POST /session/fc5612afcacf26d849b70600b679a1bb/element - {"using":"xpath","value":"//input[@id=\"generalSectionFrg--receiveYard-inner\"]"}
RESULT: {"using":"xpath","value":"//input[@id=\"generalSectionFrg--receiveYard-inner\"]"}
COMMAND: POST /session/fc5612afcacf26d849b70600b679a1bb/element/f.879421ECEBF83B736863962A17D84B66.d.5FF894262029B9D50FD10D30B4DDD82B.e.3945/clear - {}
RESULT: {}
COMMAND: POST /session/fc5612afcacf26d849b70600b679a1bb/element/f.879421ECEBF83B736863962A17D84B66.d.5FF894262029B9D50FD10D30B4DDD82B.e.3945/value - {"text":"109"}
COMMAND: GET /session/fc5612afcacf26d849b70600b679a1bb/screenshot - {}
RESULT: {"text":"109"}
COMMAND: GET /session/fc5612afcacf26d849b70600b679a1bb/screenshot - {}
RESULT: {}
RESULT: {}
COMMAND: POST /session/fc5612afcacf26d849b70600b679a1bb/element - {"using":"xpath","value":"//li[.//span[text()='109']]"}
RESULT: {"using":"xpath","value":"//li[.//span[text()='109']]"}
COMMAND: POST /session/fc5612afcacf26d849b70600b679a1bb/element/f.879421ECEBF83B736863962A17D84B66.d.5FF894262029B9D50FD10D30B4DDD82B.e.3963/click - {}
RESULT: {}
COMMAND: GET /session/fc5612afcacf26d849b70600b679a1bb/screenshot - {}
RESULT: {}
COMMAND: POST /session/fc5612afcacf26d849b70600b679a1bb/execute/async - {"script":"<script> [1562 bytes]","args":[{"selector":{"id":"application-managehandovers-display-component---AddNewHO--ObjectPageLayout-anchBar-application-managehandovers-display-component---AddNewHO--section4-anchor","interaction":{"idSuffix":"BDI-content"}},"wdio_ui5_key":"applicationmanagehandovers-display-component---AddNewHO--ObjectPageLayout-anchBar-application-managehandovers-display-component---AddNewHO--section4-anchor"}]}
RESULT: {"script":"<script> [1562 bytes]","args":[{"selector":{"id":"application-managehandovers-display-component---AddNewHO--ObjectPageLayout-anchBar-application-managehandovers-display-component---AddNewHO--section4-anchor","interaction":{"idSuffix":"BDI-content"}},"wdio_ui5_key":"applicationmanagehandovers-display-component---AddNewHO--ObjectPageLayout-anchBar-application-managehandovers-display-component---AddNewHO--section4-anchor"}]}
RESULT: undefined
COMMAND: POST /session/fc5612afcacf26d849b70600b679a1bb/element - {"using":"xpath","value":"//*[@id=\"application-managehandovers-display-component---AddNewHO--ObjectPageLayout-anchBar-application-managehandovers-display-component---AddNewHO--section4-anchor\"]"}
RESULT: {"using":"xpath","value":"//*[@id=\"application-managehandovers-display-component---AddNewHO--ObjectPageLayout-anchBar-application-managehandovers-display-component---AddNewHO--section4-anchor\"]"}
COMMAND: POST /session/fc5612afcacf26d849b70600b679a1bb/element/f.879421ECEBF83B736863962A17D84B66.d.5FF894262029B9D50FD10D30B4DDD82B.e.3965/click - {}
RESULT: {}
COMMAND: POST /session/fc5612afcacf26d849b70600b679a1bb/element - {"using":"xpath","value":"//button[@aria-label=\"Add\"]"}
COMMAND: GET /session/fc5612afcacf26d849b70600b679a1bb/screenshot - {}
RESULT: {"using":"xpath","value":"//button[@aria-label=\"Add\"]"}
COMMAND: POST /session/fc5612afcacf26d849b70600b679a1bb/element/f.879421ECEBF83B736863962A17D84B66.d.5FF894262029B9D50FD10D30B4DDD82B.e.3967/click - {}
RESULT: {}
RESULT: {}
COMMAND: GET /session/fc5612afcacf26d849b70600b679a1bb/screenshot - {}
RESULT: {}
COMMAND: POST /session/fc5612afcacf26d849b70600b679a1bb/execute/async - {"script":"<script> [1562 bytes]","args":[{"selector":{"id":"application-managehandovers-display-component---AddNewHO--smartFilterBar-btnBasicSearch","searchOpenDialogs":true,"interaction":{"idSuffix":"I"}},"wdio_ui5_key":"applicationmanagehandovers-display-component---AddNewHO--smartFilterBar-btnBasicSearch"}]}
RESULT: {"script":"<script> [1562 bytes]","args":[{"selector":{"id":"application-managehandovers-display-component---AddNewHO--smartFilterBar-btnBasicSearch","searchOpenDialogs":true,"interaction":{"idSuffix":"I"}},"wdio_ui5_key":"applicationmanagehandovers-display-component---AddNewHO--smartFilterBar-btnBasicSearch"}]}
RESULT: undefined
COMMAND: POST /session/fc5612afcacf26d849b70600b679a1bb/execute/async - {"script":"<script> [776 bytes]","args":[{"enterText":"DehzOVy4hv","selector":{"id":"application-managehandovers-display-component---AddNewHO--smartFilterBar-btnBasicSearch","searchOpenDialogs":true,"interaction":{"idSuffix":"I"}},"clearTextFirst":true,"interactionType":"ENTER_TEXT"}]}
RESULT: {"script":"<script> [776 bytes]","args":[{"enterText":"DehzOVy4hv","selector":{"id":"application-managehandovers-display-component---AddNewHO--smartFilterBar-btnBasicSearch","searchOpenDialogs":true,"interaction":{"idSuffix":"I"}},"clearTextFirst":true,"interactionType":"ENTER_TEXT"}]}
COMMAND: POST /session/fc5612afcacf26d849b70600b679a1bb/actions - {"actions":[{"id":"action19","type":"key","parameters":{},"actions":[{"type":"keyDown","value":"î€‡"},{"type":"pause","duration":10},{"type":"keyUp","value":"î€‡"}]}]}
RESULT: {"actions":[{"id":"action19","type":"key","parameters":{},"actions":[{"type":"keyDown","value":"î€‡"},{"type":"pause","duration":10},{"type":"keyUp","value":"î€‡"}]}]}
COMMAND: GET /session/fc5612afcacf26d849b70600b679a1bb/screenshot - {}
RESULT: {}
COMMAND: POST /session/fc5612afcacf26d849b70600b679a1bb/execute/async - {"script":"<script> [1562 bytes]","args":[{"selector":{"id":"application-managehandovers-display-component---AddNewHO--popup-sa","searchOpenDialogs":true,"interaction":{"idSuffix":"CbBg"}},"wdio_ui5_key":"applicationmanagehandovers-display-component---AddNewHO--popup-sa"}]}
RESULT: {"script":"<script> [1562 bytes]","args":[{"selector":{"id":"application-managehandovers-display-component---AddNewHO--popup-sa","searchOpenDialogs":true,"interaction":{"idSuffix":"CbBg"}},"wdio_ui5_key":"applicationmanagehandovers-display-component---AddNewHO--popup-sa"}]}
RESULT: undefined
COMMAND: POST /session/fc5612afcacf26d849b70600b679a1bb/element - {"using":"xpath","value":"//*[@id=\"application-managehandovers-display-component---AddNewHO--popup-sa\"]"}
RESULT: {"using":"xpath","value":"//*[@id=\"application-managehandovers-display-component---AddNewHO--popup-sa\"]"}
COMMAND: POST /session/fc5612afcacf26d849b70600b679a1bb/element/f.879421ECEBF83B736863962A17D84B66.d.5FF894262029B9D50FD10D30B4DDD82B.e.4118/click - {}
RESULT: {}
COMMAND: GET /session/fc5612afcacf26d849b70600b679a1bb/screenshot - {}
RESULT: {}
COMMAND: POST /session/fc5612afcacf26d849b70600b679a1bb/element - {"using":"xpath","value":"//bdi[contains(text(), \"Select\")]"}
RESULT: {"using":"xpath","value":"//bdi[contains(text(), \"Select\")]"}
COMMAND: POST /session/fc5612afcacf26d849b70600b679a1bb/element/f.879421ECEBF83B736863962A17D84B66.d.5FF894262029B9D50FD10D30B4DDD82B.e.4119/click - {}
RESULT: {}
COMMAND: GET /session/fc5612afcacf26d849b70600b679a1bb/screenshot - {}
RESULT: {}
COMMAND: POST /session/fc5612afcacf26d849b70600b679a1bb/element - {"using":"xpath","value":"//button[@data-kt=\"AddNewHOSaveButton\"]"}
RESULT: {"using":"xpath","value":"//button[@data-kt=\"AddNewHOSaveButton\"]"}
COMMAND: POST /session/fc5612afcacf26d849b70600b679a1bb/element/f.879421ECEBF83B736863962A17D84B66.d.5FF894262029B9D50FD10D30B4DDD82B.e.4123/click - {}
RESULT: {}
COMMAND: GET /session/fc5612afcacf26d849b70600b679a1bb/screenshot - {}
RESULT: {}
COMMAND: POST /session/fc5612afcacf26d849b70600b679a1bb/execute/async - {"script":"<script> [1562 bytes]","args":[{"selector":{"id":"receiptDatePicker","viewName":"etm.portal.ui.managehandovers.view.DetailExecuteHO","interaction":{"idSuffix":"inner"}},"wdio_ui5_key":"receiptDatePickeretmportal.ui.managehandovers.view.DetailExecuteHO"}]}
RESULT: {"script":"<script> [1562 bytes]","args":[{"selector":{"id":"receiptDatePicker","viewName":"etm.portal.ui.managehandovers.view.DetailExecuteHO","interaction":{"idSuffix":"inner"}},"wdio_ui5_key":"receiptDatePickeretmportal.ui.managehandovers.view.DetailExecuteHO"}]}
RESULT: undefined
COMMAND: POST /session/fc5612afcacf26d849b70600b679a1bb/execute/async - {"script":"<script> [6424 bytes]","args":[{"element-6066-11e4-a52e-4f735466cecf":"f.879421ECEBF83B736863962A17D84B66.d.5FF894262029B9D50FD10D30B4DDD82B.e.4155"},"setValue",["05/06/2025"]]}
RESULT: {"script":"<script> [6424 bytes]","args":[{"element-6066-11e4-a52e-4f735466cecf":"f.879421ECEBF83B736863962A17D84B66.d.5FF894262029B9D50FD10D30B4DDD82B.e.4155"},"setValue",["05/06/2025"]]}
COMMAND: POST /session/fc5612afcacf26d849b70600b679a1bb/element - {"using":"xpath","value":"//button[@data-kt=\"PickingTableConfirmAllButton\"]"}
RESULT: {"using":"xpath","value":"//button[@data-kt=\"PickingTableConfirmAllButton\"]"}
COMMAND: POST /session/fc5612afcacf26d849b70600b679a1bb/element/f.879421ECEBF83B736863962A17D84B66.d.5FF894262029B9D50FD10D30B4DDD82B.e.4171/click - {}
RESULT: {}
COMMAND: GET /session/fc5612afcacf26d849b70600b679a1bb/screenshot - {}
RESULT: {}
COMMAND: POST /session/fc5612afcacf26d849b70600b679a1bb/element - {"using":"xpath","value":"//bdi[contains(text(), \"OK\")]"}
RESULT: {"using":"xpath","value":"//bdi[contains(text(), \"OK\")]"}
COMMAND: POST /session/fc5612afcacf26d849b70600b679a1bb/element/f.879421ECEBF83B736863962A17D84B66.d.5FF894262029B9D50FD10D30B4DDD82B.e.4173/click - {}
RESULT: {}
COMMAND: GET /session/fc5612afcacf26d849b70600b679a1bb/screenshot - {}
RESULT: {}
COMMAND: POST /session/fc5612afcacf26d849b70600b679a1bb/element - {"using":"xpath","value":"(//bdi[contains(text(), \"Receive\")])[2]"}
RESULT: {"using":"xpath","value":"(//bdi[contains(text(), \"Receive\")])[2]"}
COMMAND: POST /session/fc5612afcacf26d849b70600b679a1bb/element/f.879421ECEBF83B736863962A17D84B66.d.5FF894262029B9D50FD10D30B4DDD82B.e.4175/click - {}
RESULT: {}
COMMAND: GET /session/fc5612afcacf26d849b70600b679a1bb/screenshot - {}
RESULT: {}
COMMAND: POST /session/fc5612afcacf26d849b70600b679a1bb/element - {"using":"css selector","value":"#shell-header-logo"}
RESULT: {"using":"css selector","value":"#shell-header-logo"}
COMMAND: POST /session/fc5612afcacf26d849b70600b679a1bb/element/f.879421ECEBF83B736863962A17D84B66.d.5FF894262029B9D50FD10D30B4DDD82B.e.3549/click - {}
RESULT: {}
COMMAND: GET /session/fc5612afcacf26d849b70600b679a1bb/screenshot - {}
RESULT: {}
]]></system-out>
    </testcase>
    <testcase classname="chrome.135_0_7049_115.windows.RU_Inventory_Mass_State_Change_Multiple_Items_US151066" name="Prerequisite Step 2 Should do a stock increase handover for the material" time="81.049">
      <system-out><![CDATA[
RESULT: undefined
COMMAND: POST /session/fc5612afcacf26d849b70600b679a1bb/element - {"using":"xpath","value":"//*[@id=\"__tile130-title\"]"}
RESULT: {"using":"xpath","value":"//*[@id=\"__tile130-title\"]"}
COMMAND: POST /session/fc5612afcacf26d849b70600b679a1bb/element/f.879421ECEBF83B736863962A17D84B66.d.5FF894262029B9D50FD10D30B4DDD82B.e.3546/click - {}
RESULT: {}
COMMAND: POST /session/fc5612afcacf26d849b70600b679a1bb/element - {"using":"xpath","value":"//button[@data-kt=\"masterHOAddButton\"]"}
COMMAND: GET /session/fc5612afcacf26d849b70600b679a1bb/screenshot - {}
RESULT: {"using":"xpath","value":"//button[@data-kt=\"masterHOAddButton\"]"}
COMMAND: POST /session/fc5612afcacf26d849b70600b679a1bb/elements - {"using":"xpath","value":"//button[@data-kt=\"masterHOAddButton\"]"}
RESULT: {}
RESULT: {"using":"xpath","value":"//button[@data-kt=\"masterHOAddButton\"]"}
COMMAND: POST /session/fc5612afcacf26d849b70600b679a1bb/element - {"using":"xpath","value":"//button[@data-kt=\"masterHOAddButton\"]"}
RESULT: {"using":"xpath","value":"//button[@data-kt=\"masterHOAddButton\"]"}
COMMAND: POST /session/fc5612afcacf26d849b70600b679a1bb/execute/sync - {"script":"<script> [8489 bytes]","args":[{"element-6066-11e4-a52e-4f735466cecf":"f.879421ECEBF83B736863962A17D84B66.d.5FF894262029B9D50FD10D30B4DDD82B.e.4377","ELEMENT":"f.879421ECEBF83B736863962A17D84B66.d.5FF894262029B9D50FD10D30B4DDD82B.e.4377"}]}
RESULT: {"script":"<script> [8489 bytes]","args":[{"element-6066-11e4-a52e-4f735466cecf":"f.879421ECEBF83B736863962A17D84B66.d.5FF894262029B9D50FD10D30B4DDD82B.e.4377","ELEMENT":"f.879421ECEBF83B736863962A17D84B66.d.5FF894262029B9D50FD10D30B4DDD82B.e.4377"}]}
COMMAND: GET /session/fc5612afcacf26d849b70600b679a1bb/element/f.879421ECEBF83B736863962A17D84B66.d.5FF894262029B9D50FD10D30B4DDD82B.e.4377/enabled - {}
COMMAND: GET /session/fc5612afcacf26d849b70600b679a1bb/screenshot - {}
RESULT: {}
COMMAND: POST /session/fc5612afcacf26d849b70600b679a1bb/execute/sync - {"script":"<script> [8489 bytes]","args":[{"element-6066-11e4-a52e-4f735466cecf":"f.879421ECEBF83B736863962A17D84B66.d.5FF894262029B9D50FD10D30B4DDD82B.e.4377","ELEMENT":"f.879421ECEBF83B736863962A17D84B66.d.5FF894262029B9D50FD10D30B4DDD82B.e.4377"}]}
COMMAND: GET /session/fc5612afcacf26d849b70600b679a1bb/screenshot - {}
RESULT: {}
RESULT: {"script":"<script> [8489 bytes]","args":[{"element-6066-11e4-a52e-4f735466cecf":"f.879421ECEBF83B736863962A17D84B66.d.5FF894262029B9D50FD10D30B4DDD82B.e.4377","ELEMENT":"f.879421ECEBF83B736863962A17D84B66.d.5FF894262029B9D50FD10D30B4DDD82B.e.4377"}]}
COMMAND: POST /session/fc5612afcacf26d849b70600b679a1bb/execute/sync - {"script":"<script> [5351 bytes]","args":[{"element-6066-11e4-a52e-4f735466cecf":"f.879421ECEBF83B736863962A17D84B66.d.5FF894262029B9D50FD10D30B4DDD82B.e.4377","ELEMENT":"f.879421ECEBF83B736863962A17D84B66.d.5FF894262029B9D50FD10D30B4DDD82B.e.4377"}]}
COMMAND: GET /session/fc5612afcacf26d849b70600b679a1bb/screenshot - {}
RESULT: {}
RESULT: {"script":"<script> [5351 bytes]","args":[{"element-6066-11e4-a52e-4f735466cecf":"f.879421ECEBF83B736863962A17D84B66.d.5FF894262029B9D50FD10D30B4DDD82B.e.4377","ELEMENT":"f.879421ECEBF83B736863962A17D84B66.d.5FF894262029B9D50FD10D30B4DDD82B.e.4377"}]}
COMMAND: POST /session/fc5612afcacf26d849b70600b679a1bb/element/f.879421ECEBF83B736863962A17D84B66.d.5FF894262029B9D50FD10D30B4DDD82B.e.4377/click - {}
COMMAND: GET /session/fc5612afcacf26d849b70600b679a1bb/screenshot - {}
RESULT: {}
RESULT: {}
COMMAND: GET /session/fc5612afcacf26d849b70600b679a1bb/screenshot - {}
RESULT: {}
RESULT: {}
COMMAND: POST /session/fc5612afcacf26d849b70600b679a1bb/element - {"using":"xpath","value":"//span[contains(@id ,\"AddNewHO--typeSelect-arrow\")]"}
RESULT: {"using":"xpath","value":"//span[contains(@id ,\"AddNewHO--typeSelect-arrow\")]"}
COMMAND: POST /session/fc5612afcacf26d849b70600b679a1bb/element/f.879421ECEBF83B736863962A17D84B66.d.5FF894262029B9D50FD10D30B4DDD82B.e.4804/click - {}
RESULT: {}
COMMAND: GET /session/fc5612afcacf26d849b70600b679a1bb/screenshot - {}
RESULT: {}
COMMAND: POST /session/fc5612afcacf26d849b70600b679a1bb/element - {"using":"xpath","value":"(//li[contains(text(), \"stock increase yard\")])[1]"}
RESULT: {"using":"xpath","value":"(//li[contains(text(), \"stock increase yard\")])[1]"}
COMMAND: POST /session/fc5612afcacf26d849b70600b679a1bb/element/f.879421ECEBF83B736863962A17D84B66.d.5FF894262029B9D50FD10D30B4DDD82B.e.4805/click - {}
RESULT: {}
COMMAND: GET /session/fc5612afcacf26d849b70600b679a1bb/screenshot - {}
RESULT: {}
RESULT: undefined
COMMAND: POST /session/fc5612afcacf26d849b70600b679a1bb/execute/async - {"script":"<script> [6424 bytes]","args":[{"element-6066-11e4-a52e-4f735466cecf":"f.879421ECEBF83B736863962A17D84B66.d.5FF894262029B9D50FD10D30B4DDD82B.e.3939"},"setValue",["05/06/2025"]]}
COMMAND: POST /session/fc5612afcacf26d849b70600b679a1bb/execute/async - {"script":"<script> [1562 bytes]","args":[{"selector":{"id":"application-managehandovers-display-component---AddNewHO--dueDate","interaction":{"idSuffix":"inner"}},"wdio_ui5_key":"applicationmanagehandovers-display-component---AddNewHO--dueDate"}]}
RESULT: {"script":"<script> [1562 bytes]","args":[{"selector":{"id":"application-managehandovers-display-component---AddNewHO--dueDate","interaction":{"idSuffix":"inner"}},"wdio_ui5_key":"applicationmanagehandovers-display-component---AddNewHO--dueDate"}]}
COMMAND: POST /session/fc5612afcacf26d849b70600b679a1bb/execute/async - {"script":"<script> [6424 bytes]","args":[{"element-6066-11e4-a52e-4f735466cecf":"f.879421ECEBF83B736863962A17D84B66.d.5FF894262029B9D50FD10D30B4DDD82B.e.4807"},"setValue",["05/06/2025"]]}
RESULT: {"script":"<script> [6424 bytes]","args":[{"element-6066-11e4-a52e-4f735466cecf":"f.879421ECEBF83B736863962A17D84B66.d.5FF894262029B9D50FD10D30B4DDD82B.e.4807"},"setValue",["05/06/2025"]]}
COMMAND: POST /session/fc5612afcacf26d849b70600b679a1bb/element - {"using":"xpath","value":"//input[@id=\"generalSectionFrg--receiveYard-inner\"]"}
RESULT: {"using":"xpath","value":"//input[@id=\"generalSectionFrg--receiveYard-inner\"]"}
COMMAND: POST /session/fc5612afcacf26d849b70600b679a1bb/element/f.879421ECEBF83B736863962A17D84B66.d.5FF894262029B9D50FD10D30B4DDD82B.e.4813/clear - {}
RESULT: {}
COMMAND: POST /session/fc5612afcacf26d849b70600b679a1bb/element/f.879421ECEBF83B736863962A17D84B66.d.5FF894262029B9D50FD10D30B4DDD82B.e.4813/value - {"text":"109"}
COMMAND: GET /session/fc5612afcacf26d849b70600b679a1bb/screenshot - {}
RESULT: {"text":"109"}
COMMAND: GET /session/fc5612afcacf26d849b70600b679a1bb/screenshot - {}
RESULT: {}
RESULT: {}
COMMAND: POST /session/fc5612afcacf26d849b70600b679a1bb/element - {"using":"xpath","value":"//li[.//span[text()='109']]"}
RESULT: {"using":"xpath","value":"//li[.//span[text()='109']]"}
COMMAND: POST /session/fc5612afcacf26d849b70600b679a1bb/element/f.879421ECEBF83B736863962A17D84B66.d.5FF894262029B9D50FD10D30B4DDD82B.e.4830/click - {}
RESULT: {}
COMMAND: GET /session/fc5612afcacf26d849b70600b679a1bb/screenshot - {}
RESULT: {}
RESULT: undefined
COMMAND: POST /session/fc5612afcacf26d849b70600b679a1bb/element - {"using":"xpath","value":"//*[@id=\"application-managehandovers-display-component---AddNewHO--ObjectPageLayout-anchBar-application-managehandovers-display-component---AddNewHO--section4-anchor\"]"}
RESULT: {"using":"xpath","value":"//*[@id=\"application-managehandovers-display-component---AddNewHO--ObjectPageLayout-anchBar-application-managehandovers-display-component---AddNewHO--section4-anchor\"]"}
COMMAND: POST /session/fc5612afcacf26d849b70600b679a1bb/element/f.879421ECEBF83B736863962A17D84B66.d.5FF894262029B9D50FD10D30B4DDD82B.e.4831/click - {}
RESULT: {}
COMMAND: POST /session/fc5612afcacf26d849b70600b679a1bb/element - {"using":"xpath","value":"//button[@aria-label=\"Add\"]"}
COMMAND: GET /session/fc5612afcacf26d849b70600b679a1bb/screenshot - {}
RESULT: {"using":"xpath","value":"//button[@aria-label=\"Add\"]"}
COMMAND: POST /session/fc5612afcacf26d849b70600b679a1bb/element/f.879421ECEBF83B736863962A17D84B66.d.5FF894262029B9D50FD10D30B4DDD82B.e.4833/click - {}
RESULT: {}
RESULT: {}
COMMAND: GET /session/fc5612afcacf26d849b70600b679a1bb/screenshot - {}
RESULT: {}
RESULT: undefined
COMMAND: POST /session/fc5612afcacf26d849b70600b679a1bb/execute/async - {"script":"<script> [776 bytes]","args":[{"enterText":"200355","selector":{"id":"application-managehandovers-display-component---AddNewHO--smartFilterBar-btnBasicSearch","searchOpenDialogs":true,"interaction":{"idSuffix":"I"}},"clearTextFirst":true,"interactionType":"ENTER_TEXT"}]}
RESULT: {"script":"<script> [776 bytes]","args":[{"enterText":"200355","selector":{"id":"application-managehandovers-display-component---AddNewHO--smartFilterBar-btnBasicSearch","searchOpenDialogs":true,"interaction":{"idSuffix":"I"}},"clearTextFirst":true,"interactionType":"ENTER_TEXT"}]}
COMMAND: POST /session/fc5612afcacf26d849b70600b679a1bb/actions - {"actions":[{"id":"action20","type":"key","parameters":{},"actions":[{"type":"keyDown","value":"î€‡"},{"type":"pause","duration":10},{"type":"keyUp","value":"î€‡"}]}]}
RESULT: {"actions":[{"id":"action20","type":"key","parameters":{},"actions":[{"type":"keyDown","value":"î€‡"},{"type":"pause","duration":10},{"type":"keyUp","value":"î€‡"}]}]}
COMMAND: GET /session/fc5612afcacf26d849b70600b679a1bb/screenshot - {}
RESULT: {}
RESULT: undefined
COMMAND: POST /session/fc5612afcacf26d849b70600b679a1bb/element - {"using":"xpath","value":"//*[@id=\"application-managehandovers-display-component---AddNewHO--popup-sa\"]"}
RESULT: {"using":"xpath","value":"//*[@id=\"application-managehandovers-display-component---AddNewHO--popup-sa\"]"}
COMMAND: POST /session/fc5612afcacf26d849b70600b679a1bb/element/f.879421ECEBF83B736863962A17D84B66.d.5FF894262029B9D50FD10D30B4DDD82B.e.4986/click - {}
RESULT: {}
COMMAND: GET /session/fc5612afcacf26d849b70600b679a1bb/screenshot - {}
RESULT: {}
COMMAND: POST /session/fc5612afcacf26d849b70600b679a1bb/element - {"using":"xpath","value":"//bdi[contains(text(), \"Select\")]"}
RESULT: {"using":"xpath","value":"//bdi[contains(text(), \"Select\")]"}
COMMAND: POST /session/fc5612afcacf26d849b70600b679a1bb/element/f.879421ECEBF83B736863962A17D84B66.d.5FF894262029B9D50FD10D30B4DDD82B.e.4987/click - {}
RESULT: {}
COMMAND: GET /session/fc5612afcacf26d849b70600b679a1bb/screenshot - {}
RESULT: {}
COMMAND: POST /session/fc5612afcacf26d849b70600b679a1bb/element - {"using":"xpath","value":"//button[@data-kt=\"AddNewHOSaveButton\"]"}
RESULT: {"using":"xpath","value":"//button[@data-kt=\"AddNewHOSaveButton\"]"}
COMMAND: POST /session/fc5612afcacf26d849b70600b679a1bb/element/f.879421ECEBF83B736863962A17D84B66.d.5FF894262029B9D50FD10D30B4DDD82B.e.4991/click - {}
RESULT: {}
COMMAND: GET /session/fc5612afcacf26d849b70600b679a1bb/screenshot - {}
RESULT: {}
RESULT: undefined
COMMAND: POST /session/fc5612afcacf26d849b70600b679a1bb/execute/async - {"script":"<script> [6424 bytes]","args":[{"element-6066-11e4-a52e-4f735466cecf":"f.879421ECEBF83B736863962A17D84B66.d.5FF894262029B9D50FD10D30B4DDD82B.e.4155"},"setValue",["05/06/2025"]]}
COMMAND: POST /session/fc5612afcacf26d849b70600b679a1bb/execute/async - {"script":"<script> [1562 bytes]","args":[{"selector":{"id":"receiptDatePicker","viewName":"etm.portal.ui.managehandovers.view.DetailExecuteHO","interaction":{"idSuffix":"inner"}},"wdio_ui5_key":"receiptDatePickeretmportal.ui.managehandovers.view.DetailExecuteHO"}]}
RESULT: {"script":"<script> [1562 bytes]","args":[{"selector":{"id":"receiptDatePicker","viewName":"etm.portal.ui.managehandovers.view.DetailExecuteHO","interaction":{"idSuffix":"inner"}},"wdio_ui5_key":"receiptDatePickeretmportal.ui.managehandovers.view.DetailExecuteHO"}]}
COMMAND: POST /session/fc5612afcacf26d849b70600b679a1bb/execute/async - {"script":"<script> [6424 bytes]","args":[{"element-6066-11e4-a52e-4f735466cecf":"f.879421ECEBF83B736863962A17D84B66.d.5FF894262029B9D50FD10D30B4DDD82B.e.5019"},"setValue",["05/06/2025"]]}
RESULT: {"script":"<script> [6424 bytes]","args":[{"element-6066-11e4-a52e-4f735466cecf":"f.879421ECEBF83B736863962A17D84B66.d.5FF894262029B9D50FD10D30B4DDD82B.e.5019"},"setValue",["05/06/2025"]]}
COMMAND: POST /session/fc5612afcacf26d849b70600b679a1bb/element - {"using":"xpath","value":"//button[@data-kt=\"PickingTableConfirmAllButton\"]"}
RESULT: {"using":"xpath","value":"//button[@data-kt=\"PickingTableConfirmAllButton\"]"}
COMMAND: POST /session/fc5612afcacf26d849b70600b679a1bb/element/f.879421ECEBF83B736863962A17D84B66.d.5FF894262029B9D50FD10D30B4DDD82B.e.5033/click - {}
RESULT: {}
COMMAND: GET /session/fc5612afcacf26d849b70600b679a1bb/screenshot - {}
RESULT: {}
COMMAND: POST /session/fc5612afcacf26d849b70600b679a1bb/element - {"using":"xpath","value":"//bdi[contains(text(), \"OK\")]"}
RESULT: {"using":"xpath","value":"//bdi[contains(text(), \"OK\")]"}
COMMAND: POST /session/fc5612afcacf26d849b70600b679a1bb/element/f.879421ECEBF83B736863962A17D84B66.d.5FF894262029B9D50FD10D30B4DDD82B.e.5035/click - {}
RESULT: {}
COMMAND: GET /session/fc5612afcacf26d849b70600b679a1bb/screenshot - {}
RESULT: {}
COMMAND: POST /session/fc5612afcacf26d849b70600b679a1bb/element - {"using":"xpath","value":"(//bdi[contains(text(), \"Receive\")])[2]"}
RESULT: {"using":"xpath","value":"(//bdi[contains(text(), \"Receive\")])[2]"}
COMMAND: POST /session/fc5612afcacf26d849b70600b679a1bb/element/f.879421ECEBF83B736863962A17D84B66.d.5FF894262029B9D50FD10D30B4DDD82B.e.5037/click - {}
RESULT: {}
COMMAND: GET /session/fc5612afcacf26d849b70600b679a1bb/screenshot - {}
RESULT: {}
COMMAND: POST /session/fc5612afcacf26d849b70600b679a1bb/element - {"using":"css selector","value":"#shell-header-logo"}
RESULT: {"using":"css selector","value":"#shell-header-logo"}
COMMAND: POST /session/fc5612afcacf26d849b70600b679a1bb/element/f.879421ECEBF83B736863962A17D84B66.d.5FF894262029B9D50FD10D30B4DDD82B.e.4349/click - {}
RESULT: {}
COMMAND: GET /session/fc5612afcacf26d849b70600b679a1bb/screenshot - {}
RESULT: {}
]]></system-out>
    </testcase>
    <testcase classname="chrome.135_0_7049_115.windows.RU_Inventory_Mass_State_Change_Multiple_Items_US151066" name="Step 2 Should do a RU inventory mass state change on chosen yard 109 with the resources created one equipment one material the existing ones too" time="281.067">
      <system-out><![CDATA[
RESULT: undefined
COMMAND: POST /session/fc5612afcacf26d849b70600b679a1bb/element - {"using":"xpath","value":"//*[@id=\"__tile99\"]"}
RESULT: {"using":"xpath","value":"//*[@id=\"__tile99\"]"}
COMMAND: POST /session/fc5612afcacf26d849b70600b679a1bb/element/f.879421ECEBF83B736863962A17D84B66.d.5FF894262029B9D50FD10D30B4DDD82B.e.264/click - {}
RESULT: {}
COMMAND: POST /session/fc5612afcacf26d849b70600b679a1bb/element - {"using":"xpath","value":"//button[contains(@id, \"massStateBtn\")]"}
COMMAND: GET /session/fc5612afcacf26d849b70600b679a1bb/screenshot - {}
RESULT: {"using":"xpath","value":"//button[contains(@id, \"massStateBtn\")]"}
COMMAND: POST /session/fc5612afcacf26d849b70600b679a1bb/elements - {"using":"xpath","value":"//button[contains(@id, \"massStateBtn\")]"}
RESULT: {}
RESULT: {"using":"xpath","value":"//button[contains(@id, \"massStateBtn\")]"}
COMMAND: POST /session/fc5612afcacf26d849b70600b679a1bb/element - {"using":"xpath","value":"//button[contains(@id, \"massStateBtn\")]"}
RESULT: {"using":"xpath","value":"//button[contains(@id, \"massStateBtn\")]"}
COMMAND: POST /session/fc5612afcacf26d849b70600b679a1bb/execute/sync - {"script":"<script> [8489 bytes]","args":[{"element-6066-11e4-a52e-4f735466cecf":"f.879421ECEBF83B736863962A17D84B66.d.5FF894262029B9D50FD10D30B4DDD82B.e.5263","ELEMENT":"f.879421ECEBF83B736863962A17D84B66.d.5FF894262029B9D50FD10D30B4DDD82B.e.5263"}]}
RESULT: {"script":"<script> [8489 bytes]","args":[{"element-6066-11e4-a52e-4f735466cecf":"f.879421ECEBF83B736863962A17D84B66.d.5FF894262029B9D50FD10D30B4DDD82B.e.5263","ELEMENT":"f.879421ECEBF83B736863962A17D84B66.d.5FF894262029B9D50FD10D30B4DDD82B.e.5263"}]}
COMMAND: GET /session/fc5612afcacf26d849b70600b679a1bb/element/f.879421ECEBF83B736863962A17D84B66.d.5FF894262029B9D50FD10D30B4DDD82B.e.5263/enabled - {}
COMMAND: GET /session/fc5612afcacf26d849b70600b679a1bb/screenshot - {}
RESULT: {}
COMMAND: POST /session/fc5612afcacf26d849b70600b679a1bb/execute/sync - {"script":"<script> [8489 bytes]","args":[{"element-6066-11e4-a52e-4f735466cecf":"f.879421ECEBF83B736863962A17D84B66.d.5FF894262029B9D50FD10D30B4DDD82B.e.5263","ELEMENT":"f.879421ECEBF83B736863962A17D84B66.d.5FF894262029B9D50FD10D30B4DDD82B.e.5263"}]}
COMMAND: GET /session/fc5612afcacf26d849b70600b679a1bb/screenshot - {}
RESULT: {}
RESULT: {"script":"<script> [8489 bytes]","args":[{"element-6066-11e4-a52e-4f735466cecf":"f.879421ECEBF83B736863962A17D84B66.d.5FF894262029B9D50FD10D30B4DDD82B.e.5263","ELEMENT":"f.879421ECEBF83B736863962A17D84B66.d.5FF894262029B9D50FD10D30B4DDD82B.e.5263"}]}
COMMAND: POST /session/fc5612afcacf26d849b70600b679a1bb/execute/sync - {"script":"<script> [5351 bytes]","args":[{"element-6066-11e4-a52e-4f735466cecf":"f.879421ECEBF83B736863962A17D84B66.d.5FF894262029B9D50FD10D30B4DDD82B.e.5263","ELEMENT":"f.879421ECEBF83B736863962A17D84B66.d.5FF894262029B9D50FD10D30B4DDD82B.e.5263"}]}
COMMAND: GET /session/fc5612afcacf26d849b70600b679a1bb/screenshot - {}
RESULT: {}
RESULT: {"script":"<script> [5351 bytes]","args":[{"element-6066-11e4-a52e-4f735466cecf":"f.879421ECEBF83B736863962A17D84B66.d.5FF894262029B9D50FD10D30B4DDD82B.e.5263","ELEMENT":"f.879421ECEBF83B736863962A17D84B66.d.5FF894262029B9D50FD10D30B4DDD82B.e.5263"}]}
COMMAND: POST /session/fc5612afcacf26d849b70600b679a1bb/element/f.879421ECEBF83B736863962A17D84B66.d.5FF894262029B9D50FD10D30B4DDD82B.e.5263/click - {}
COMMAND: GET /session/fc5612afcacf26d849b70600b679a1bb/screenshot - {}
RESULT: {}
RESULT: {}
COMMAND: GET /session/fc5612afcacf26d849b70600b679a1bb/screenshot - {}
RESULT: {}
RESULT: {}
RESULT: undefined
COMMAND: POST /session/fc5612afcacf26d849b70600b679a1bb/element - {"using":"xpath","value":"//*[@id=\"application-ruinventorylist-display-component---Master--ruLocationTypeComboBox-arrow\"]"}
RESULT: {"using":"xpath","value":"//*[@id=\"application-ruinventorylist-display-component---Master--ruLocationTypeComboBox-arrow\"]"}
COMMAND: POST /session/fc5612afcacf26d849b70600b679a1bb/element/f.879421ECEBF83B736863962A17D84B66.d.5FF894262029B9D50FD10D30B4DDD82B.e.5616/click - {}
RESULT: {}
COMMAND: GET /session/fc5612afcacf26d849b70600b679a1bb/screenshot - {}
RESULT: {}
COMMAND: POST /session/fc5612afcacf26d849b70600b679a1bb/element - {"using":"xpath","value":"//li[.//span[text()='Yard']]"}
RESULT: {"using":"xpath","value":"//li[.//span[text()='Yard']]"}
COMMAND: POST /session/fc5612afcacf26d849b70600b679a1bb/element/f.879421ECEBF83B736863962A17D84B66.d.5FF894262029B9D50FD10D30B4DDD82B.e.5617/click - {}
RESULT: {}
COMMAND: GET /session/fc5612afcacf26d849b70600b679a1bb/screenshot - {}
RESULT: {}
RESULT: undefined
COMMAND: POST /session/fc5612afcacf26d849b70600b679a1bb/element - {"using":"xpath","value":"//*[@id=\"application-ruinventorylist-display-component---Master--smartFilterBar-filterItemControl_BASIC-YARD-vhi\"]"}
RESULT: {"using":"xpath","value":"//*[@id=\"application-ruinventorylist-display-component---Master--smartFilterBar-filterItemControl_BASIC-YARD-vhi\"]"}
COMMAND: POST /session/fc5612afcacf26d849b70600b679a1bb/element/f.879421ECEBF83B736863962A17D84B66.d.5FF894262029B9D50FD10D30B4DDD82B.e.5685/click - {}
RESULT: {}
COMMAND: GET /session/fc5612afcacf26d849b70600b679a1bb/screenshot - {}
RESULT: {}
RESULT: undefined
COMMAND: POST /session/fc5612afcacf26d849b70600b679a1bb/execute/async - {"script":"<script> [776 bytes]","args":[{"enterText":"109","selector":{"id":"application-ruinventorylist-display-component---Master--smartFilterBar-filterItemControl_BASIC-YARD-valueHelpDialog-smartFilterBar-btnBasicSearch","searchOpenDialogs":true,"interaction":{"idSuffix":"I"}},"clearTextFirst":true,"interactionType":"ENTER_TEXT"}]}
RESULT: {"script":"<script> [776 bytes]","args":[{"enterText":"109","selector":{"id":"application-ruinventorylist-display-component---Master--smartFilterBar-filterItemControl_BASIC-YARD-valueHelpDialog-smartFilterBar-btnBasicSearch","searchOpenDialogs":true,"interaction":{"idSuffix":"I"}},"clearTextFirst":true,"interactionType":"ENTER_TEXT"}]}
COMMAND: POST /session/fc5612afcacf26d849b70600b679a1bb/actions - {"actions":[{"id":"action21","type":"key","parameters":{},"actions":[{"type":"keyDown","value":"î€‡"},{"type":"pause","duration":10},{"type":"keyUp","value":"î€‡"}]}]}
RESULT: {"actions":[{"id":"action21","type":"key","parameters":{},"actions":[{"type":"keyDown","value":"î€‡"},{"type":"pause","duration":10},{"type":"keyUp","value":"î€‡"}]}]}
COMMAND: GET /session/fc5612afcacf26d849b70600b679a1bb/screenshot - {}
RESULT: {}
COMMAND: POST /session/fc5612afcacf26d849b70600b679a1bb/elements - {"using":"xpath","value":"//table[contains(@id, \"filterItemControl_BASIC-YARD-valueHelpDialog-table-table\")]/tbody/tr"}
RESULT: {"using":"xpath","value":"//table[contains(@id, \"filterItemControl_BASIC-YARD-valueHelpDialog-table-table\")]/tbody/tr"}
COMMAND: POST /session/fc5612afcacf26d849b70600b679a1bb/element - {"using":"xpath","value":"//table[contains(@id, \"filterItemControl_BASIC-YARD-valueHelpDialog-table-table\")]/tbody/tr[1]/td[1]/div/span"}
RESULT: {"using":"xpath","value":"//table[contains(@id, \"filterItemControl_BASIC-YARD-valueHelpDialog-table-table\")]/tbody/tr[1]/td[1]/div/span"}
COMMAND: POST /session/fc5612afcacf26d849b70600b679a1bb/elements - {"using":"xpath","value":"//table[contains(@id, \"filterItemControl_BASIC-YARD-valueHelpDialog-table-table\")]/tbody/tr[1]/td[1]/div/span"}
RESULT: {"using":"xpath","value":"//table[contains(@id, \"filterItemControl_BASIC-YARD-valueHelpDialog-table-table\")]/tbody/tr[1]/td[1]/div/span"}
COMMAND: POST /session/fc5612afcacf26d849b70600b679a1bb/execute/sync - {"script":"<script> [56 bytes]","args":[{"element-6066-11e4-a52e-4f735466cecf":"f.879421ECEBF83B736863962A17D84B66.d.5FF894262029B9D50FD10D30B4DDD82B.e.5704","ELEMENT":"f.879421ECEBF83B736863962A17D84B66.d.5FF894262029B9D50FD10D30B4DDD82B.e.5704"}]}
RESULT: {"script":"<script> [56 bytes]","args":[{"element-6066-11e4-a52e-4f735466cecf":"f.879421ECEBF83B736863962A17D84B66.d.5FF894262029B9D50FD10D30B4DDD82B.e.5704","ELEMENT":"f.879421ECEBF83B736863962A17D84B66.d.5FF894262029B9D50FD10D30B4DDD82B.e.5704"}]}
COMMAND: POST /session/fc5612afcacf26d849b70600b679a1bb/element - {"using":"xpath","value":"//div[contains(@id, \"filterItemControl_BASIC-YARD-valueHelpDialog-table-rowsel0\")]"}
COMMAND: GET /session/fc5612afcacf26d849b70600b679a1bb/screenshot - {}
RESULT: {"using":"xpath","value":"//div[contains(@id, \"filterItemControl_BASIC-YARD-valueHelpDialog-table-rowsel0\")]"}
COMMAND: POST /session/fc5612afcacf26d849b70600b679a1bb/element/f.879421ECEBF83B736863962A17D84B66.d.5FF894262029B9D50FD10D30B4DDD82B.e.5705/click - {}
RESULT: {}
RESULT: {}
COMMAND: GET /session/fc5612afcacf26d849b70600b679a1bb/screenshot - {}
RESULT: {}
COMMAND: POST /session/fc5612afcacf26d849b70600b679a1bb/element - {"using":"xpath","value":"//div[contains(@id, \"smartFilterBar-filterItemControl_BASIC-YARD-valueHelpDialog-smartFilterBar-btnBasicSearch-reset\")]"}
RESULT: {"using":"xpath","value":"//div[contains(@id, \"smartFilterBar-filterItemControl_BASIC-YARD-valueHelpDialog-smartFilterBar-btnBasicSearch-reset\")]"}
COMMAND: POST /session/fc5612afcacf26d849b70600b679a1bb/element/f.879421ECEBF83B736863962A17D84B66.d.5FF894262029B9D50FD10D30B4DDD82B.e.5707/click - {}
RESULT: {}
RESULT: undefined
COMMAND: POST /session/fc5612afcacf26d849b70600b679a1bb/execute/async - {"script":"<script> [776 bytes]","args":[{"enterText":"OPA5_BST01_YARD1","selector":{"id":"application-ruinventorylist-display-component---Master--smartFilterBar-filterItemControl_BASIC-YARD-valueHelpDialog-smartFilterBar-btnBasicSearch","searchOpenDialogs":true,"interaction":{"idSuffix":"I"}},"clearTextFirst":true,"interactionType":"ENTER_TEXT"}]}
COMMAND: GET /session/fc5612afcacf26d849b70600b679a1bb/screenshot - {}
RESULT: {"script":"<script> [776 bytes]","args":[{"enterText":"OPA5_BST01_YARD1","selector":{"id":"application-ruinventorylist-display-component---Master--smartFilterBar-filterItemControl_BASIC-YARD-valueHelpDialog-smartFilterBar-btnBasicSearch","searchOpenDialogs":true,"interaction":{"idSuffix":"I"}},"clearTextFirst":true,"interactionType":"ENTER_TEXT"}]}
COMMAND: POST /session/fc5612afcacf26d849b70600b679a1bb/actions - {"actions":[{"id":"action22","type":"key","parameters":{},"actions":[{"type":"keyDown","value":"î€‡"},{"type":"pause","duration":10},{"type":"keyUp","value":"î€‡"}]}]}
RESULT: {}
RESULT: {"actions":[{"id":"action22","type":"key","parameters":{},"actions":[{"type":"keyDown","value":"î€‡"},{"type":"pause","duration":10},{"type":"keyUp","value":"î€‡"}]}]}
COMMAND: GET /session/fc5612afcacf26d849b70600b679a1bb/screenshot - {}
RESULT: {}
COMMAND: POST /session/fc5612afcacf26d849b70600b679a1bb/elements - {"using":"xpath","value":"//table[contains(@id, \"filterItemControl_BASIC-YARD-valueHelpDialog-table-table\")]/tbody/tr"}
RESULT: {"using":"xpath","value":"//table[contains(@id, \"filterItemControl_BASIC-YARD-valueHelpDialog-table-table\")]/tbody/tr"}
COMMAND: POST /session/fc5612afcacf26d849b70600b679a1bb/element - {"using":"xpath","value":"//table[contains(@id, \"filterItemControl_BASIC-YARD-valueHelpDialog-table-table\")]/tbody/tr[1]/td[1]/div/span"}
RESULT: {"using":"xpath","value":"//table[contains(@id, \"filterItemControl_BASIC-YARD-valueHelpDialog-table-table\")]/tbody/tr[1]/td[1]/div/span"}
COMMAND: POST /session/fc5612afcacf26d849b70600b679a1bb/elements - {"using":"xpath","value":"//table[contains(@id, \"filterItemControl_BASIC-YARD-valueHelpDialog-table-table\")]/tbody/tr[1]/td[1]/div/span"}
RESULT: {"using":"xpath","value":"//table[contains(@id, \"filterItemControl_BASIC-YARD-valueHelpDialog-table-table\")]/tbody/tr[1]/td[1]/div/span"}
COMMAND: POST /session/fc5612afcacf26d849b70600b679a1bb/execute/sync - {"script":"<script> [56 bytes]","args":[{"element-6066-11e4-a52e-4f735466cecf":"f.879421ECEBF83B736863962A17D84B66.d.5FF894262029B9D50FD10D30B4DDD82B.e.5704","ELEMENT":"f.879421ECEBF83B736863962A17D84B66.d.5FF894262029B9D50FD10D30B4DDD82B.e.5704"}]}
RESULT: {"script":"<script> [56 bytes]","args":[{"element-6066-11e4-a52e-4f735466cecf":"f.879421ECEBF83B736863962A17D84B66.d.5FF894262029B9D50FD10D30B4DDD82B.e.5704","ELEMENT":"f.879421ECEBF83B736863962A17D84B66.d.5FF894262029B9D50FD10D30B4DDD82B.e.5704"}]}
COMMAND: POST /session/fc5612afcacf26d849b70600b679a1bb/element - {"using":"xpath","value":"//div[contains(@id, \"filterItemControl_BASIC-YARD-valueHelpDialog-table-rowsel0\")]"}
COMMAND: GET /session/fc5612afcacf26d849b70600b679a1bb/screenshot - {}
RESULT: {"using":"xpath","value":"//div[contains(@id, \"filterItemControl_BASIC-YARD-valueHelpDialog-table-rowsel0\")]"}
COMMAND: POST /session/fc5612afcacf26d849b70600b679a1bb/element/f.879421ECEBF83B736863962A17D84B66.d.5FF894262029B9D50FD10D30B4DDD82B.e.5705/click - {}
RESULT: {}
RESULT: {}
COMMAND: GET /session/fc5612afcacf26d849b70600b679a1bb/screenshot - {}
RESULT: {}
COMMAND: POST /session/fc5612afcacf26d849b70600b679a1bb/element - {"using":"xpath","value":"(//bdi[contains(text(), \"OK\")])[1]"}
RESULT: {"using":"xpath","value":"(//bdi[contains(text(), \"OK\")])[1]"}
COMMAND: POST /session/fc5612afcacf26d849b70600b679a1bb/element/f.879421ECEBF83B736863962A17D84B66.d.5FF894262029B9D50FD10D30B4DDD82B.e.5708/click - {}
RESULT: {}
COMMAND: GET /session/fc5612afcacf26d849b70600b679a1bb/screenshot - {}
RESULT: {}
COMMAND: POST /session/fc5612afcacf26d849b70600b679a1bb/element - {"using":"xpath","value":"//span[@id=\"application-ruinventorylist-display-component---Master--smartTableRuInventoryList-header-inner\"]"}
RESULT: {"using":"xpath","value":"//span[@id=\"application-ruinventorylist-display-component---Master--smartTableRuInventoryList-header-inner\"]"}
COMMAND: POST /session/fc5612afcacf26d849b70600b679a1bb/elements - {"using":"xpath","value":"//span[@id=\"application-ruinventorylist-display-component---Master--smartTableRuInventoryList-header-inner\"]"}
RESULT: {"using":"xpath","value":"//span[@id=\"application-ruinventorylist-display-component---Master--smartTableRuInventoryList-header-inner\"]"}
COMMAND: POST /session/fc5612afcacf26d849b70600b679a1bb/execute/sync - {"script":"<script> [56 bytes]","args":[{"element-6066-11e4-a52e-4f735466cecf":"f.879421ECEBF83B736863962A17D84B66.d.5FF894262029B9D50FD10D30B4DDD82B.e.5872","ELEMENT":"f.879421ECEBF83B736863962A17D84B66.d.5FF894262029B9D50FD10D30B4DDD82B.e.5872"}]}
RESULT: {"script":"<script> [56 bytes]","args":[{"element-6066-11e4-a52e-4f735466cecf":"f.879421ECEBF83B736863962A17D84B66.d.5FF894262029B9D50FD10D30B4DDD82B.e.5872","ELEMENT":"f.879421ECEBF83B736863962A17D84B66.d.5FF894262029B9D50FD10D30B4DDD82B.e.5872"}]}
RESULT: undefined
COMMAND: POST /session/fc5612afcacf26d849b70600b679a1bb/execute/async - {"script":"<script> [776 bytes]","args":[{"enterText":"600002","selector":{"id":"application-ruinventorylist-display-component---Master--smartFilterBar-btnBasicSearch","interaction":{"idSuffix":"I"}},"clearTextFirst":true,"interactionType":"ENTER_TEXT"}]}
COMMAND: GET /session/fc5612afcacf26d849b70600b679a1bb/screenshot - {}
RESULT: {"script":"<script> [776 bytes]","args":[{"enterText":"600002","selector":{"id":"application-ruinventorylist-display-component---Master--smartFilterBar-btnBasicSearch","interaction":{"idSuffix":"I"}},"clearTextFirst":true,"interactionType":"ENTER_TEXT"}]}
COMMAND: POST /session/fc5612afcacf26d849b70600b679a1bb/actions - {"actions":[{"id":"action23","type":"key","parameters":{},"actions":[{"type":"keyDown","value":"î€‡"},{"type":"pause","duration":10},{"type":"keyUp","value":"î€‡"}]}]}
RESULT: {}
RESULT: {"actions":[{"id":"action23","type":"key","parameters":{},"actions":[{"type":"keyDown","value":"î€‡"},{"type":"pause","duration":10},{"type":"keyUp","value":"î€‡"}]}]}
COMMAND: GET /session/fc5612afcacf26d849b70600b679a1bb/screenshot - {}
RESULT: {}
COMMAND: POST /session/fc5612afcacf26d849b70600b679a1bb/element - {"using":"xpath","value":"//span[@id=\"application-ruinventorylist-display-component---Master--smartTableRuInventoryList-header-inner\"]"}
RESULT: {"using":"xpath","value":"//span[@id=\"application-ruinventorylist-display-component---Master--smartTableRuInventoryList-header-inner\"]"}
COMMAND: POST /session/fc5612afcacf26d849b70600b679a1bb/elements - {"using":"xpath","value":"//span[@id=\"application-ruinventorylist-display-component---Master--smartTableRuInventoryList-header-inner\"]"}
RESULT: {"using":"xpath","value":"//span[@id=\"application-ruinventorylist-display-component---Master--smartTableRuInventoryList-header-inner\"]"}
COMMAND: POST /session/fc5612afcacf26d849b70600b679a1bb/execute/sync - {"script":"<script> [56 bytes]","args":[{"element-6066-11e4-a52e-4f735466cecf":"f.879421ECEBF83B736863962A17D84B66.d.5FF894262029B9D50FD10D30B4DDD82B.e.5872","ELEMENT":"f.879421ECEBF83B736863962A17D84B66.d.5FF894262029B9D50FD10D30B4DDD82B.e.5872"}]}
RESULT: {"script":"<script> [56 bytes]","args":[{"element-6066-11e4-a52e-4f735466cecf":"f.879421ECEBF83B736863962A17D84B66.d.5FF894262029B9D50FD10D30B4DDD82B.e.5872","ELEMENT":"f.879421ECEBF83B736863962A17D84B66.d.5FF894262029B9D50FD10D30B4DDD82B.e.5872"}]}
COMMAND: POST /session/fc5612afcacf26d849b70600b679a1bb/element - {"using":"xpath","value":"//table[contains(@id, \"application-ruinventorylist-display-component---Master--tableRuInventoryList-listUl\")]/tbody/tr[1]/td[2]/div/div"}
COMMAND: GET /session/fc5612afcacf26d849b70600b679a1bb/screenshot - {}
RESULT: {"using":"xpath","value":"//table[contains(@id, \"application-ruinventorylist-display-component---Master--tableRuInventoryList-listUl\")]/tbody/tr[1]/td[2]/div/div"}
COMMAND: POST /session/fc5612afcacf26d849b70600b679a1bb/element/f.879421ECEBF83B736863962A17D84B66.d.5FF894262029B9D50FD10D30B4DDD82B.e.5878/click - {}
RESULT: {}
RESULT: {}
COMMAND: GET /session/fc5612afcacf26d849b70600b679a1bb/screenshot - {}
RESULT: {}
COMMAND: POST /session/fc5612afcacf26d849b70600b679a1bb/element - {"using":"xpath","value":"//div[contains(@id, \"smartFilterBar-btnBasicSearch-reset\")]"}
RESULT: {"using":"xpath","value":"//div[contains(@id, \"smartFilterBar-btnBasicSearch-reset\")]"}
COMMAND: POST /session/fc5612afcacf26d849b70600b679a1bb/element/f.879421ECEBF83B736863962A17D84B66.d.5FF894262029B9D50FD10D30B4DDD82B.e.5888/click - {}
RESULT: {}
COMMAND: GET /session/fc5612afcacf26d849b70600b679a1bb/screenshot - {}
RESULT: {}
RESULT: undefined
COMMAND: POST /session/fc5612afcacf26d849b70600b679a1bb/execute/async - {"script":"<script> [776 bytes]","args":[{"enterText":"401002","selector":{"id":"application-ruinventorylist-display-component---Master--smartFilterBar-btnBasicSearch","interaction":{"idSuffix":"I"}},"clearTextFirst":true,"interactionType":"ENTER_TEXT"}]}
RESULT: {"script":"<script> [776 bytes]","args":[{"enterText":"401002","selector":{"id":"application-ruinventorylist-display-component---Master--smartFilterBar-btnBasicSearch","interaction":{"idSuffix":"I"}},"clearTextFirst":true,"interactionType":"ENTER_TEXT"}]}
COMMAND: POST /session/fc5612afcacf26d849b70600b679a1bb/actions - {"actions":[{"id":"action24","type":"key","parameters":{},"actions":[{"type":"keyDown","value":"î€‡"},{"type":"pause","duration":10},{"type":"keyUp","value":"î€‡"}]}]}
RESULT: {"actions":[{"id":"action24","type":"key","parameters":{},"actions":[{"type":"keyDown","value":"î€‡"},{"type":"pause","duration":10},{"type":"keyUp","value":"î€‡"}]}]}
COMMAND: GET /session/fc5612afcacf26d849b70600b679a1bb/screenshot - {}
RESULT: {}
COMMAND: POST /session/fc5612afcacf26d849b70600b679a1bb/element - {"using":"xpath","value":"//span[@id=\"application-ruinventorylist-display-component---Master--smartTableRuInventoryList-header-inner\"]"}
RESULT: {"using":"xpath","value":"//span[@id=\"application-ruinventorylist-display-component---Master--smartTableRuInventoryList-header-inner\"]"}
COMMAND: POST /session/fc5612afcacf26d849b70600b679a1bb/elements - {"using":"xpath","value":"//span[@id=\"application-ruinventorylist-display-component---Master--smartTableRuInventoryList-header-inner\"]"}
RESULT: {"using":"xpath","value":"//span[@id=\"application-ruinventorylist-display-component---Master--smartTableRuInventoryList-header-inner\"]"}
COMMAND: POST /session/fc5612afcacf26d849b70600b679a1bb/execute/sync - {"script":"<script> [56 bytes]","args":[{"element-6066-11e4-a52e-4f735466cecf":"f.879421ECEBF83B736863962A17D84B66.d.5FF894262029B9D50FD10D30B4DDD82B.e.5872","ELEMENT":"f.879421ECEBF83B736863962A17D84B66.d.5FF894262029B9D50FD10D30B4DDD82B.e.5872"}]}
RESULT: {"script":"<script> [56 bytes]","args":[{"element-6066-11e4-a52e-4f735466cecf":"f.879421ECEBF83B736863962A17D84B66.d.5FF894262029B9D50FD10D30B4DDD82B.e.5872","ELEMENT":"f.879421ECEBF83B736863962A17D84B66.d.5FF894262029B9D50FD10D30B4DDD82B.e.5872"}]}
COMMAND: POST /session/fc5612afcacf26d849b70600b679a1bb/element - {"using":"xpath","value":"//table[contains(@id, \"application-ruinventorylist-display-component---Master--tableRuInventoryList-listUl\")]/tbody/tr[1]/td[2]/div/div"}
COMMAND: GET /session/fc5612afcacf26d849b70600b679a1bb/screenshot - {}
RESULT: {"using":"xpath","value":"//table[contains(@id, \"application-ruinventorylist-display-component---Master--tableRuInventoryList-listUl\")]/tbody/tr[1]/td[2]/div/div"}
COMMAND: POST /session/fc5612afcacf26d849b70600b679a1bb/element/f.879421ECEBF83B736863962A17D84B66.d.5FF894262029B9D50FD10D30B4DDD82B.e.6066/click - {}
RESULT: {}
RESULT: {}
COMMAND: GET /session/fc5612afcacf26d849b70600b679a1bb/screenshot - {}
RESULT: {}
COMMAND: POST /session/fc5612afcacf26d849b70600b679a1bb/element - {"using":"xpath","value":"//div[contains(@id, \"smartFilterBar-btnBasicSearch-reset\")]"}
RESULT: {"using":"xpath","value":"//div[contains(@id, \"smartFilterBar-btnBasicSearch-reset\")]"}
COMMAND: POST /session/fc5612afcacf26d849b70600b679a1bb/element/f.879421ECEBF83B736863962A17D84B66.d.5FF894262029B9D50FD10D30B4DDD82B.e.5888/click - {}
RESULT: {}
COMMAND: GET /session/fc5612afcacf26d849b70600b679a1bb/screenshot - {}
RESULT: {}
RESULT: undefined
COMMAND: POST /session/fc5612afcacf26d849b70600b679a1bb/execute/async - {"script":"<script> [776 bytes]","args":[{"enterText":"DehzOVy4hv","selector":{"id":"application-ruinventorylist-display-component---Master--smartFilterBar-btnBasicSearch","interaction":{"idSuffix":"I"}},"clearTextFirst":true,"interactionType":"ENTER_TEXT"}]}
RESULT: {"script":"<script> [776 bytes]","args":[{"enterText":"DehzOVy4hv","selector":{"id":"application-ruinventorylist-display-component---Master--smartFilterBar-btnBasicSearch","interaction":{"idSuffix":"I"}},"clearTextFirst":true,"interactionType":"ENTER_TEXT"}]}
COMMAND: POST /session/fc5612afcacf26d849b70600b679a1bb/actions - {"actions":[{"id":"action25","type":"key","parameters":{},"actions":[{"type":"keyDown","value":"î€‡"},{"type":"pause","duration":10},{"type":"keyUp","value":"î€‡"}]}]}
RESULT: {"actions":[{"id":"action25","type":"key","parameters":{},"actions":[{"type":"keyDown","value":"î€‡"},{"type":"pause","duration":10},{"type":"keyUp","value":"î€‡"}]}]}
COMMAND: GET /session/fc5612afcacf26d849b70600b679a1bb/screenshot - {}
RESULT: {}
COMMAND: POST /session/fc5612afcacf26d849b70600b679a1bb/element - {"using":"xpath","value":"//span[@id=\"application-ruinventorylist-display-component---Master--smartTableRuInventoryList-header-inner\"]"}
RESULT: {"using":"xpath","value":"//span[@id=\"application-ruinventorylist-display-component---Master--smartTableRuInventoryList-header-inner\"]"}
COMMAND: POST /session/fc5612afcacf26d849b70600b679a1bb/elements - {"using":"xpath","value":"//span[@id=\"application-ruinventorylist-display-component---Master--smartTableRuInventoryList-header-inner\"]"}
RESULT: {"using":"xpath","value":"//span[@id=\"application-ruinventorylist-display-component---Master--smartTableRuInventoryList-header-inner\"]"}
COMMAND: POST /session/fc5612afcacf26d849b70600b679a1bb/execute/sync - {"script":"<script> [56 bytes]","args":[{"element-6066-11e4-a52e-4f735466cecf":"f.879421ECEBF83B736863962A17D84B66.d.5FF894262029B9D50FD10D30B4DDD82B.e.5872","ELEMENT":"f.879421ECEBF83B736863962A17D84B66.d.5FF894262029B9D50FD10D30B4DDD82B.e.5872"}]}
RESULT: {"script":"<script> [56 bytes]","args":[{"element-6066-11e4-a52e-4f735466cecf":"f.879421ECEBF83B736863962A17D84B66.d.5FF894262029B9D50FD10D30B4DDD82B.e.5872","ELEMENT":"f.879421ECEBF83B736863962A17D84B66.d.5FF894262029B9D50FD10D30B4DDD82B.e.5872"}]}
COMMAND: POST /session/fc5612afcacf26d849b70600b679a1bb/element - {"using":"xpath","value":"//table[contains(@id, \"application-ruinventorylist-display-component---Master--tableRuInventoryList-listUl\")]/tbody/tr[1]/td[2]/div/div"}
COMMAND: GET /session/fc5612afcacf26d849b70600b679a1bb/screenshot - {}
RESULT: {"using":"xpath","value":"//table[contains(@id, \"application-ruinventorylist-display-component---Master--tableRuInventoryList-listUl\")]/tbody/tr[1]/td[2]/div/div"}
COMMAND: POST /session/fc5612afcacf26d849b70600b679a1bb/element/f.879421ECEBF83B736863962A17D84B66.d.5FF894262029B9D50FD10D30B4DDD82B.e.6253/click - {}
RESULT: {}
RESULT: {}
COMMAND: GET /session/fc5612afcacf26d849b70600b679a1bb/screenshot - {}
RESULT: {}
COMMAND: POST /session/fc5612afcacf26d849b70600b679a1bb/element - {"using":"xpath","value":"//div[contains(@id, \"smartFilterBar-btnBasicSearch-reset\")]"}
RESULT: {"using":"xpath","value":"//div[contains(@id, \"smartFilterBar-btnBasicSearch-reset\")]"}
COMMAND: POST /session/fc5612afcacf26d849b70600b679a1bb/element/f.879421ECEBF83B736863962A17D84B66.d.5FF894262029B9D50FD10D30B4DDD82B.e.5888/click - {}
RESULT: {}
COMMAND: GET /session/fc5612afcacf26d849b70600b679a1bb/screenshot - {}
RESULT: {}
RESULT: undefined
COMMAND: POST /session/fc5612afcacf26d849b70600b679a1bb/execute/async - {"script":"<script> [776 bytes]","args":[{"enterText":"200355","selector":{"id":"application-ruinventorylist-display-component---Master--smartFilterBar-btnBasicSearch","interaction":{"idSuffix":"I"}},"clearTextFirst":true,"interactionType":"ENTER_TEXT"}]}
RESULT: {"script":"<script> [776 bytes]","args":[{"enterText":"200355","selector":{"id":"application-ruinventorylist-display-component---Master--smartFilterBar-btnBasicSearch","interaction":{"idSuffix":"I"}},"clearTextFirst":true,"interactionType":"ENTER_TEXT"}]}
COMMAND: POST /session/fc5612afcacf26d849b70600b679a1bb/actions - {"actions":[{"id":"action26","type":"key","parameters":{},"actions":[{"type":"keyDown","value":"î€‡"},{"type":"pause","duration":10},{"type":"keyUp","value":"î€‡"}]}]}
RESULT: {"actions":[{"id":"action26","type":"key","parameters":{},"actions":[{"type":"keyDown","value":"î€‡"},{"type":"pause","duration":10},{"type":"keyUp","value":"î€‡"}]}]}
COMMAND: GET /session/fc5612afcacf26d849b70600b679a1bb/screenshot - {}
RESULT: {}
COMMAND: POST /session/fc5612afcacf26d849b70600b679a1bb/element - {"using":"xpath","value":"//span[@id=\"application-ruinventorylist-display-component---Master--smartTableRuInventoryList-header-inner\"]"}
RESULT: {"using":"xpath","value":"//span[@id=\"application-ruinventorylist-display-component---Master--smartTableRuInventoryList-header-inner\"]"}
COMMAND: POST /session/fc5612afcacf26d849b70600b679a1bb/elements - {"using":"xpath","value":"//span[@id=\"application-ruinventorylist-display-component---Master--smartTableRuInventoryList-header-inner\"]"}
RESULT: {"using":"xpath","value":"//span[@id=\"application-ruinventorylist-display-component---Master--smartTableRuInventoryList-header-inner\"]"}
COMMAND: POST /session/fc5612afcacf26d849b70600b679a1bb/execute/sync - {"script":"<script> [56 bytes]","args":[{"element-6066-11e4-a52e-4f735466cecf":"f.879421ECEBF83B736863962A17D84B66.d.5FF894262029B9D50FD10D30B4DDD82B.e.5872","ELEMENT":"f.879421ECEBF83B736863962A17D84B66.d.5FF894262029B9D50FD10D30B4DDD82B.e.5872"}]}
RESULT: {"script":"<script> [56 bytes]","args":[{"element-6066-11e4-a52e-4f735466cecf":"f.879421ECEBF83B736863962A17D84B66.d.5FF894262029B9D50FD10D30B4DDD82B.e.5872","ELEMENT":"f.879421ECEBF83B736863962A17D84B66.d.5FF894262029B9D50FD10D30B4DDD82B.e.5872"}]}
COMMAND: POST /session/fc5612afcacf26d849b70600b679a1bb/element - {"using":"xpath","value":"//table[contains(@id, \"application-ruinventorylist-display-component---Master--tableRuInventoryList-listUl\")]/tbody/tr[1]/td[2]/div/div"}
COMMAND: GET /session/fc5612afcacf26d849b70600b679a1bb/screenshot - {}
RESULT: {"using":"xpath","value":"//table[contains(@id, \"application-ruinventorylist-display-component---Master--tableRuInventoryList-listUl\")]/tbody/tr[1]/td[2]/div/div"}
COMMAND: POST /session/fc5612afcacf26d849b70600b679a1bb/element/f.879421ECEBF83B736863962A17D84B66.d.5FF894262029B9D50FD10D30B4DDD82B.e.6441/click - {}
RESULT: {}
RESULT: {}
COMMAND: GET /session/fc5612afcacf26d849b70600b679a1bb/screenshot - {}
RESULT: {}
COMMAND: POST /session/fc5612afcacf26d849b70600b679a1bb/element - {"using":"xpath","value":"//div[contains(@id, \"smartFilterBar-btnBasicSearch-reset\")]"}
RESULT: {"using":"xpath","value":"//div[contains(@id, \"smartFilterBar-btnBasicSearch-reset\")]"}
COMMAND: POST /session/fc5612afcacf26d849b70600b679a1bb/element/f.879421ECEBF83B736863962A17D84B66.d.5FF894262029B9D50FD10D30B4DDD82B.e.5888/click - {}
RESULT: {}
COMMAND: GET /session/fc5612afcacf26d849b70600b679a1bb/screenshot - {}
RESULT: {}
COMMAND: POST /session/fc5612afcacf26d849b70600b679a1bb/element/f.879421ECEBF83B736863962A17D84B66.d.5FF894262029B9D50FD10D30B4DDD82B.e.5263/click - {}
RESULT: {}
COMMAND: GET /session/fc5612afcacf26d849b70600b679a1bb/screenshot - {}
RESULT: {}
COMMAND: POST /session/fc5612afcacf26d849b70600b679a1bb/execute/async - {"script":"<script> [1562 bytes]","args":[{"selector":{"id":"application-ruinventorylist-display-component---Master--effectiveDate","searchOpenDialogs":true,"interaction":{"idSuffix":"inner"}},"wdio_ui5_key":"applicationruinventorylist-display-component---Master--effectiveDate"}]}
RESULT: {"script":"<script> [1562 bytes]","args":[{"selector":{"id":"application-ruinventorylist-display-component---Master--effectiveDate","searchOpenDialogs":true,"interaction":{"idSuffix":"inner"}},"wdio_ui5_key":"applicationruinventorylist-display-component---Master--effectiveDate"}]}
RESULT: undefined
COMMAND: POST /session/fc5612afcacf26d849b70600b679a1bb/execute/async - {"script":"<script> [776 bytes]","args":[{"enterText":"05/05/25","selector":{"id":"application-ruinventorylist-display-component---Master--effectiveDate","searchOpenDialogs":true,"interaction":{"idSuffix":"inner"}},"clearTextFirst":true,"interactionType":"ENTER_TEXT"}]}
RESULT: {"script":"<script> [776 bytes]","args":[{"enterText":"05/05/25","selector":{"id":"application-ruinventorylist-display-component---Master--effectiveDate","searchOpenDialogs":true,"interaction":{"idSuffix":"inner"}},"clearTextFirst":true,"interactionType":"ENTER_TEXT"}]}
COMMAND: POST /session/fc5612afcacf26d849b70600b679a1bb/element - {"using":"xpath","value":"//span[contains(@data-kt,\"correctionMassStateChangeIcon\")]"}
RESULT: {"using":"xpath","value":"//span[contains(@data-kt,\"correctionMassStateChangeIcon\")]"}
COMMAND: POST /session/fc5612afcacf26d849b70600b679a1bb/elements - {"using":"xpath","value":"//span[contains(@data-kt,\"correctionMassStateChangeIcon\")]"}
RESULT: {"using":"xpath","value":"//span[contains(@data-kt,\"correctionMassStateChangeIcon\")]"}
COMMAND: POST /session/fc5612afcacf26d849b70600b679a1bb/elements - {"using":"xpath","value":"//span[contains(@data-kt,\"correctionMassStateChangeIcon\")]"}
RESULT: {"using":"xpath","value":"//span[contains(@data-kt,\"correctionMassStateChangeIcon\")]"}
RESULT: undefined
COMMAND: POST /session/fc5612afcacf26d849b70600b679a1bb/element - {"using":"xpath","value":"//*[@id=\"application-ruinventorylist-display-component---Master--ruStateTypes-arrow\"]"}
RESULT: {"using":"xpath","value":"//*[@id=\"application-ruinventorylist-display-component---Master--ruStateTypes-arrow\"]"}
COMMAND: POST /session/fc5612afcacf26d849b70600b679a1bb/element/f.879421ECEBF83B736863962A17D84B66.d.5FF894262029B9D50FD10D30B4DDD82B.e.6666/click - {}
RESULT: {}
COMMAND: GET /session/fc5612afcacf26d849b70600b679a1bb/screenshot - {}
RESULT: {}
COMMAND: POST /session/fc5612afcacf26d849b70600b679a1bb/element - {"using":"xpath","value":"//li[.//span[text()=\"defect\"]]"}
RESULT: {"using":"xpath","value":"//li[.//span[text()=\"defect\"]]"}
COMMAND: POST /session/fc5612afcacf26d849b70600b679a1bb/element/f.879421ECEBF83B736863962A17D84B66.d.5FF894262029B9D50FD10D30B4DDD82B.e.6667/click - {}
RESULT: {}
COMMAND: GET /session/fc5612afcacf26d849b70600b679a1bb/screenshot - {}
RESULT: {}
COMMAND: POST /session/fc5612afcacf26d849b70600b679a1bb/element - {"using":"xpath","value":"(//bdi[contains(text(), \"OK\")])[1]"}
RESULT: {"using":"xpath","value":"(//bdi[contains(text(), \"OK\")])[1]"}
COMMAND: POST /session/fc5612afcacf26d849b70600b679a1bb/element/f.879421ECEBF83B736863962A17D84B66.d.5FF894262029B9D50FD10D30B4DDD82B.e.6668/click - {}
RESULT: {}
COMMAND: GET /session/fc5612afcacf26d849b70600b679a1bb/screenshot - {}
RESULT: {}
COMMAND: POST /session/fc5612afcacf26d849b70600b679a1bb/element - {"using":"css selector","value":"div.sapMMessageBoxError"}
RESULT: {"using":"css selector","value":"div.sapMMessageBoxError"}
COMMAND: POST /session/fc5612afcacf26d849b70600b679a1bb/elements - {"using":"css selector","value":"div.sapMMessageBoxError"}
RESULT: {"using":"css selector","value":"div.sapMMessageBoxError"}
COMMAND: POST /session/fc5612afcacf26d849b70600b679a1bb/element - {"using":"xpath","value":"//div[contains(@class, \"sapMMessageBoxError\")]/section/div/div/span"}
RESULT: {"using":"xpath","value":"//div[contains(@class, \"sapMMessageBoxError\")]/section/div/div/span"}
COMMAND: POST /session/fc5612afcacf26d849b70600b679a1bb/execute/sync - {"script":"<script> [56 bytes]","args":[{"element-6066-11e4-a52e-4f735466cecf":"f.879421ECEBF83B736863962A17D84B66.d.5FF894262029B9D50FD10D30B4DDD82B.e.6671","ELEMENT":"f.879421ECEBF83B736863962A17D84B66.d.5FF894262029B9D50FD10D30B4DDD82B.e.6671"}]}
RESULT: {"script":"<script> [56 bytes]","args":[{"element-6066-11e4-a52e-4f735466cecf":"f.879421ECEBF83B736863962A17D84B66.d.5FF894262029B9D50FD10D30B4DDD82B.e.6671","ELEMENT":"f.879421ECEBF83B736863962A17D84B66.d.5FF894262029B9D50FD10D30B4DDD82B.e.6671"}]}
COMMAND: POST /session/fc5612afcacf26d849b70600b679a1bb/element - {"using":"xpath","value":"(//bdi[contains(text(), \"Close\")])[1]"}
COMMAND: GET /session/fc5612afcacf26d849b70600b679a1bb/screenshot - {}
RESULT: {"using":"xpath","value":"(//bdi[contains(text(), \"Close\")])[1]"}
COMMAND: POST /session/fc5612afcacf26d849b70600b679a1bb/element/f.879421ECEBF83B736863962A17D84B66.d.5FF894262029B9D50FD10D30B4DDD82B.e.6673/click - {}
RESULT: {}
RESULT: {}
COMMAND: GET /session/fc5612afcacf26d849b70600b679a1bb/screenshot - {}
RESULT: {}
RESULT: undefined
COMMAND: POST /session/fc5612afcacf26d849b70600b679a1bb/execute/async - {"script":"<script> [776 bytes]","args":[{"enterText":"05/06/25","selector":{"id":"application-ruinventorylist-display-component---Master--effectiveDate","searchOpenDialogs":true,"interaction":{"idSuffix":"inner"}},"clearTextFirst":true,"interactionType":"ENTER_TEXT"}]}
RESULT: {"script":"<script> [776 bytes]","args":[{"enterText":"05/06/25","selector":{"id":"application-ruinventorylist-display-component---Master--effectiveDate","searchOpenDialogs":true,"interaction":{"idSuffix":"inner"}},"clearTextFirst":true,"interactionType":"ENTER_TEXT"}]}
COMMAND: POST /session/fc5612afcacf26d849b70600b679a1bb/element - {"using":"xpath","value":"(//bdi[contains(text(), \"OK\")])[1]"}
RESULT: {"using":"xpath","value":"(//bdi[contains(text(), \"OK\")])[1]"}
COMMAND: POST /session/fc5612afcacf26d849b70600b679a1bb/element/f.879421ECEBF83B736863962A17D84B66.d.5FF894262029B9D50FD10D30B4DDD82B.e.6668/click - {}
RESULT: {}
COMMAND: GET /session/fc5612afcacf26d849b70600b679a1bb/screenshot - {}
RESULT: {}
COMMAND: POST /session/fc5612afcacf26d849b70600b679a1bb/element - {"using":"xpath","value":"(//bdi[contains(text(), \"OK\")])[2]"}
RESULT: {"using":"xpath","value":"(//bdi[contains(text(), \"OK\")])[2]"}
COMMAND: POST /session/fc5612afcacf26d849b70600b679a1bb/element/f.879421ECEBF83B736863962A17D84B66.d.5FF894262029B9D50FD10D30B4DDD82B.e.6722/click - {}
RESULT: {}
COMMAND: GET /session/fc5612afcacf26d849b70600b679a1bb/screenshot - {}
RESULT: {}
RESULT: undefined
COMMAND: POST /session/fc5612afcacf26d849b70600b679a1bb/execute/async - {"script":"<script> [776 bytes]","args":[{"enterText":"600002","selector":{"id":"application-ruinventorylist-display-component---Master--smartFilterBar-btnBasicSearch","interaction":{"idSuffix":"I"}},"clearTextFirst":true,"interactionType":"ENTER_TEXT"}]}
RESULT: {"script":"<script> [776 bytes]","args":[{"enterText":"600002","selector":{"id":"application-ruinventorylist-display-component---Master--smartFilterBar-btnBasicSearch","interaction":{"idSuffix":"I"}},"clearTextFirst":true,"interactionType":"ENTER_TEXT"}]}
COMMAND: POST /session/fc5612afcacf26d849b70600b679a1bb/actions - {"actions":[{"id":"action27","type":"key","parameters":{},"actions":[{"type":"keyDown","value":"î€‡"},{"type":"pause","duration":10},{"type":"keyUp","value":"î€‡"}]}]}
RESULT: {"actions":[{"id":"action27","type":"key","parameters":{},"actions":[{"type":"keyDown","value":"î€‡"},{"type":"pause","duration":10},{"type":"keyUp","value":"î€‡"}]}]}
COMMAND: GET /session/fc5612afcacf26d849b70600b679a1bb/screenshot - {}
RESULT: {}
COMMAND: POST /session/fc5612afcacf26d849b70600b679a1bb/element - {"using":"xpath","value":"//span[@id=\"application-ruinventorylist-display-component---Master--smartTableRuInventoryList-header-inner\"]"}
RESULT: {"using":"xpath","value":"//span[@id=\"application-ruinventorylist-display-component---Master--smartTableRuInventoryList-header-inner\"]"}
COMMAND: POST /session/fc5612afcacf26d849b70600b679a1bb/elements - {"using":"xpath","value":"//span[@id=\"application-ruinventorylist-display-component---Master--smartTableRuInventoryList-header-inner\"]"}
RESULT: {"using":"xpath","value":"//span[@id=\"application-ruinventorylist-display-component---Master--smartTableRuInventoryList-header-inner\"]"}
COMMAND: POST /session/fc5612afcacf26d849b70600b679a1bb/execute/sync - {"script":"<script> [56 bytes]","args":[{"element-6066-11e4-a52e-4f735466cecf":"f.879421ECEBF83B736863962A17D84B66.d.5FF894262029B9D50FD10D30B4DDD82B.e.5872","ELEMENT":"f.879421ECEBF83B736863962A17D84B66.d.5FF894262029B9D50FD10D30B4DDD82B.e.5872"}]}
RESULT: {"script":"<script> [56 bytes]","args":[{"element-6066-11e4-a52e-4f735466cecf":"f.879421ECEBF83B736863962A17D84B66.d.5FF894262029B9D50FD10D30B4DDD82B.e.5872","ELEMENT":"f.879421ECEBF83B736863962A17D84B66.d.5FF894262029B9D50FD10D30B4DDD82B.e.5872"}]}
COMMAND: POST /session/fc5612afcacf26d849b70600b679a1bb/element - {"using":"xpath","value":"//table[contains(@id, \"application-ruinventorylist-display-component---Master--tableRuInventoryList-listUl\")]/tbody/tr[1]/td[6]/div/span"}
COMMAND: GET /session/fc5612afcacf26d849b70600b679a1bb/screenshot - {}
RESULT: {"using":"xpath","value":"//table[contains(@id, \"application-ruinventorylist-display-component---Master--tableRuInventoryList-listUl\")]/tbody/tr[1]/td[6]/div/span"}
COMMAND: POST /session/fc5612afcacf26d849b70600b679a1bb/execute/sync - {"script":"<script> [56 bytes]","args":[{"element-6066-11e4-a52e-4f735466cecf":"f.879421ECEBF83B736863962A17D84B66.d.5FF894262029B9D50FD10D30B4DDD82B.e.6742","ELEMENT":"f.879421ECEBF83B736863962A17D84B66.d.5FF894262029B9D50FD10D30B4DDD82B.e.6742"}]}
RESULT: {}
RESULT: {"script":"<script> [56 bytes]","args":[{"element-6066-11e4-a52e-4f735466cecf":"f.879421ECEBF83B736863962A17D84B66.d.5FF894262029B9D50FD10D30B4DDD82B.e.6742","ELEMENT":"f.879421ECEBF83B736863962A17D84B66.d.5FF894262029B9D50FD10D30B4DDD82B.e.6742"}]}
COMMAND: POST /session/fc5612afcacf26d849b70600b679a1bb/element - {"using":"xpath","value":"//div[contains(@id, \"smartFilterBar-btnBasicSearch-reset\")]"}
COMMAND: GET /session/fc5612afcacf26d849b70600b679a1bb/screenshot - {}
RESULT: {"using":"xpath","value":"//div[contains(@id, \"smartFilterBar-btnBasicSearch-reset\")]"}
COMMAND: POST /session/fc5612afcacf26d849b70600b679a1bb/element/f.879421ECEBF83B736863962A17D84B66.d.5FF894262029B9D50FD10D30B4DDD82B.e.5888/click - {}
RESULT: {}
RESULT: {}
COMMAND: GET /session/fc5612afcacf26d849b70600b679a1bb/screenshot - {}
RESULT: {}
RESULT: undefined
COMMAND: POST /session/fc5612afcacf26d849b70600b679a1bb/execute/async - {"script":"<script> [776 bytes]","args":[{"enterText":"401002","selector":{"id":"application-ruinventorylist-display-component---Master--smartFilterBar-btnBasicSearch","interaction":{"idSuffix":"I"}},"clearTextFirst":true,"interactionType":"ENTER_TEXT"}]}
RESULT: {"script":"<script> [776 bytes]","args":[{"enterText":"401002","selector":{"id":"application-ruinventorylist-display-component---Master--smartFilterBar-btnBasicSearch","interaction":{"idSuffix":"I"}},"clearTextFirst":true,"interactionType":"ENTER_TEXT"}]}
COMMAND: POST /session/fc5612afcacf26d849b70600b679a1bb/actions - {"actions":[{"id":"action28","type":"key","parameters":{},"actions":[{"type":"keyDown","value":"î€‡"},{"type":"pause","duration":10},{"type":"keyUp","value":"î€‡"}]}]}
RESULT: {"actions":[{"id":"action28","type":"key","parameters":{},"actions":[{"type":"keyDown","value":"î€‡"},{"type":"pause","duration":10},{"type":"keyUp","value":"î€‡"}]}]}
COMMAND: GET /session/fc5612afcacf26d849b70600b679a1bb/screenshot - {}
RESULT: {}
COMMAND: POST /session/fc5612afcacf26d849b70600b679a1bb/element - {"using":"xpath","value":"//span[@id=\"application-ruinventorylist-display-component---Master--smartTableRuInventoryList-header-inner\"]"}
RESULT: {"using":"xpath","value":"//span[@id=\"application-ruinventorylist-display-component---Master--smartTableRuInventoryList-header-inner\"]"}
COMMAND: POST /session/fc5612afcacf26d849b70600b679a1bb/elements - {"using":"xpath","value":"//span[@id=\"application-ruinventorylist-display-component---Master--smartTableRuInventoryList-header-inner\"]"}
RESULT: {"using":"xpath","value":"//span[@id=\"application-ruinventorylist-display-component---Master--smartTableRuInventoryList-header-inner\"]"}
COMMAND: POST /session/fc5612afcacf26d849b70600b679a1bb/execute/sync - {"script":"<script> [56 bytes]","args":[{"element-6066-11e4-a52e-4f735466cecf":"f.879421ECEBF83B736863962A17D84B66.d.5FF894262029B9D50FD10D30B4DDD82B.e.5872","ELEMENT":"f.879421ECEBF83B736863962A17D84B66.d.5FF894262029B9D50FD10D30B4DDD82B.e.5872"}]}
RESULT: {"script":"<script> [56 bytes]","args":[{"element-6066-11e4-a52e-4f735466cecf":"f.879421ECEBF83B736863962A17D84B66.d.5FF894262029B9D50FD10D30B4DDD82B.e.5872","ELEMENT":"f.879421ECEBF83B736863962A17D84B66.d.5FF894262029B9D50FD10D30B4DDD82B.e.5872"}]}
COMMAND: POST /session/fc5612afcacf26d849b70600b679a1bb/element - {"using":"xpath","value":"//table[contains(@id, \"application-ruinventorylist-display-component---Master--tableRuInventoryList-listUl\")]/tbody/tr[1]/td[6]/div/span"}
COMMAND: GET /session/fc5612afcacf26d849b70600b679a1bb/screenshot - {}
RESULT: {"using":"xpath","value":"//table[contains(@id, \"application-ruinventorylist-display-component---Master--tableRuInventoryList-listUl\")]/tbody/tr[1]/td[6]/div/span"}
COMMAND: POST /session/fc5612afcacf26d849b70600b679a1bb/execute/sync - {"script":"<script> [56 bytes]","args":[{"element-6066-11e4-a52e-4f735466cecf":"f.879421ECEBF83B736863962A17D84B66.d.5FF894262029B9D50FD10D30B4DDD82B.e.6842","ELEMENT":"f.879421ECEBF83B736863962A17D84B66.d.5FF894262029B9D50FD10D30B4DDD82B.e.6842"}]}
RESULT: {}
RESULT: {"script":"<script> [56 bytes]","args":[{"element-6066-11e4-a52e-4f735466cecf":"f.879421ECEBF83B736863962A17D84B66.d.5FF894262029B9D50FD10D30B4DDD82B.e.6842","ELEMENT":"f.879421ECEBF83B736863962A17D84B66.d.5FF894262029B9D50FD10D30B4DDD82B.e.6842"}]}
COMMAND: POST /session/fc5612afcacf26d849b70600b679a1bb/element - {"using":"xpath","value":"//div[contains(@id, \"smartFilterBar-btnBasicSearch-reset\")]"}
COMMAND: GET /session/fc5612afcacf26d849b70600b679a1bb/screenshot - {}
RESULT: {"using":"xpath","value":"//div[contains(@id, \"smartFilterBar-btnBasicSearch-reset\")]"}
COMMAND: POST /session/fc5612afcacf26d849b70600b679a1bb/element/f.879421ECEBF83B736863962A17D84B66.d.5FF894262029B9D50FD10D30B4DDD82B.e.5888/click - {}
RESULT: {}
RESULT: {}
COMMAND: GET /session/fc5612afcacf26d849b70600b679a1bb/screenshot - {}
RESULT: {}
RESULT: undefined
COMMAND: POST /session/fc5612afcacf26d849b70600b679a1bb/execute/async - {"script":"<script> [776 bytes]","args":[{"enterText":"DehzOVy4hv","selector":{"id":"application-ruinventorylist-display-component---Master--smartFilterBar-btnBasicSearch","interaction":{"idSuffix":"I"}},"clearTextFirst":true,"interactionType":"ENTER_TEXT"}]}
RESULT: {"script":"<script> [776 bytes]","args":[{"enterText":"DehzOVy4hv","selector":{"id":"application-ruinventorylist-display-component---Master--smartFilterBar-btnBasicSearch","interaction":{"idSuffix":"I"}},"clearTextFirst":true,"interactionType":"ENTER_TEXT"}]}
COMMAND: POST /session/fc5612afcacf26d849b70600b679a1bb/actions - {"actions":[{"id":"action29","type":"key","parameters":{},"actions":[{"type":"keyDown","value":"î€‡"},{"type":"pause","duration":10},{"type":"keyUp","value":"î€‡"}]}]}
RESULT: {"actions":[{"id":"action29","type":"key","parameters":{},"actions":[{"type":"keyDown","value":"î€‡"},{"type":"pause","duration":10},{"type":"keyUp","value":"î€‡"}]}]}
COMMAND: GET /session/fc5612afcacf26d849b70600b679a1bb/screenshot - {}
RESULT: {}
COMMAND: POST /session/fc5612afcacf26d849b70600b679a1bb/element - {"using":"xpath","value":"//span[@id=\"application-ruinventorylist-display-component---Master--smartTableRuInventoryList-header-inner\"]"}
RESULT: {"using":"xpath","value":"//span[@id=\"application-ruinventorylist-display-component---Master--smartTableRuInventoryList-header-inner\"]"}
COMMAND: POST /session/fc5612afcacf26d849b70600b679a1bb/elements - {"using":"xpath","value":"//span[@id=\"application-ruinventorylist-display-component---Master--smartTableRuInventoryList-header-inner\"]"}
RESULT: {"using":"xpath","value":"//span[@id=\"application-ruinventorylist-display-component---Master--smartTableRuInventoryList-header-inner\"]"}
COMMAND: POST /session/fc5612afcacf26d849b70600b679a1bb/execute/sync - {"script":"<script> [56 bytes]","args":[{"element-6066-11e4-a52e-4f735466cecf":"f.879421ECEBF83B736863962A17D84B66.d.5FF894262029B9D50FD10D30B4DDD82B.e.5872","ELEMENT":"f.879421ECEBF83B736863962A17D84B66.d.5FF894262029B9D50FD10D30B4DDD82B.e.5872"}]}
RESULT: {"script":"<script> [56 bytes]","args":[{"element-6066-11e4-a52e-4f735466cecf":"f.879421ECEBF83B736863962A17D84B66.d.5FF894262029B9D50FD10D30B4DDD82B.e.5872","ELEMENT":"f.879421ECEBF83B736863962A17D84B66.d.5FF894262029B9D50FD10D30B4DDD82B.e.5872"}]}
COMMAND: POST /session/fc5612afcacf26d849b70600b679a1bb/element - {"using":"xpath","value":"//table[contains(@id, \"application-ruinventorylist-display-component---Master--tableRuInventoryList-listUl\")]/tbody/tr[1]/td[6]/div/span"}
COMMAND: GET /session/fc5612afcacf26d849b70600b679a1bb/screenshot - {}
RESULT: {"using":"xpath","value":"//table[contains(@id, \"application-ruinventorylist-display-component---Master--tableRuInventoryList-listUl\")]/tbody/tr[1]/td[6]/div/span"}
COMMAND: POST /session/fc5612afcacf26d849b70600b679a1bb/execute/sync - {"script":"<script> [56 bytes]","args":[{"element-6066-11e4-a52e-4f735466cecf":"f.879421ECEBF83B736863962A17D84B66.d.5FF894262029B9D50FD10D30B4DDD82B.e.6944","ELEMENT":"f.879421ECEBF83B736863962A17D84B66.d.5FF894262029B9D50FD10D30B4DDD82B.e.6944"}]}
RESULT: {}
RESULT: {"script":"<script> [56 bytes]","args":[{"element-6066-11e4-a52e-4f735466cecf":"f.879421ECEBF83B736863962A17D84B66.d.5FF894262029B9D50FD10D30B4DDD82B.e.6944","ELEMENT":"f.879421ECEBF83B736863962A17D84B66.d.5FF894262029B9D50FD10D30B4DDD82B.e.6944"}]}
COMMAND: POST /session/fc5612afcacf26d849b70600b679a1bb/element - {"using":"xpath","value":"//div[contains(@id, \"smartFilterBar-btnBasicSearch-reset\")]"}
COMMAND: GET /session/fc5612afcacf26d849b70600b679a1bb/screenshot - {}
RESULT: {"using":"xpath","value":"//div[contains(@id, \"smartFilterBar-btnBasicSearch-reset\")]"}
COMMAND: POST /session/fc5612afcacf26d849b70600b679a1bb/element/f.879421ECEBF83B736863962A17D84B66.d.5FF894262029B9D50FD10D30B4DDD82B.e.5888/click - {}
RESULT: {}
RESULT: {}
COMMAND: GET /session/fc5612afcacf26d849b70600b679a1bb/screenshot - {}
RESULT: {}
RESULT: undefined
COMMAND: POST /session/fc5612afcacf26d849b70600b679a1bb/execute/async - {"script":"<script> [776 bytes]","args":[{"enterText":"200355","selector":{"id":"application-ruinventorylist-display-component---Master--smartFilterBar-btnBasicSearch","interaction":{"idSuffix":"I"}},"clearTextFirst":true,"interactionType":"ENTER_TEXT"}]}
RESULT: {"script":"<script> [776 bytes]","args":[{"enterText":"200355","selector":{"id":"application-ruinventorylist-display-component---Master--smartFilterBar-btnBasicSearch","interaction":{"idSuffix":"I"}},"clearTextFirst":true,"interactionType":"ENTER_TEXT"}]}
COMMAND: POST /session/fc5612afcacf26d849b70600b679a1bb/actions - {"actions":[{"id":"action30","type":"key","parameters":{},"actions":[{"type":"keyDown","value":"î€‡"},{"type":"pause","duration":10},{"type":"keyUp","value":"î€‡"}]}]}
RESULT: {"actions":[{"id":"action30","type":"key","parameters":{},"actions":[{"type":"keyDown","value":"î€‡"},{"type":"pause","duration":10},{"type":"keyUp","value":"î€‡"}]}]}
COMMAND: GET /session/fc5612afcacf26d849b70600b679a1bb/screenshot - {}
RESULT: {}
COMMAND: POST /session/fc5612afcacf26d849b70600b679a1bb/element - {"using":"xpath","value":"//span[@id=\"application-ruinventorylist-display-component---Master--smartTableRuInventoryList-header-inner\"]"}
RESULT: {"using":"xpath","value":"//span[@id=\"application-ruinventorylist-display-component---Master--smartTableRuInventoryList-header-inner\"]"}
COMMAND: POST /session/fc5612afcacf26d849b70600b679a1bb/elements - {"using":"xpath","value":"//span[@id=\"application-ruinventorylist-display-component---Master--smartTableRuInventoryList-header-inner\"]"}
RESULT: {"using":"xpath","value":"//span[@id=\"application-ruinventorylist-display-component---Master--smartTableRuInventoryList-header-inner\"]"}
COMMAND: POST /session/fc5612afcacf26d849b70600b679a1bb/execute/sync - {"script":"<script> [56 bytes]","args":[{"element-6066-11e4-a52e-4f735466cecf":"f.879421ECEBF83B736863962A17D84B66.d.5FF894262029B9D50FD10D30B4DDD82B.e.5872","ELEMENT":"f.879421ECEBF83B736863962A17D84B66.d.5FF894262029B9D50FD10D30B4DDD82B.e.5872"}]}
RESULT: {"script":"<script> [56 bytes]","args":[{"element-6066-11e4-a52e-4f735466cecf":"f.879421ECEBF83B736863962A17D84B66.d.5FF894262029B9D50FD10D30B4DDD82B.e.5872","ELEMENT":"f.879421ECEBF83B736863962A17D84B66.d.5FF894262029B9D50FD10D30B4DDD82B.e.5872"}]}
COMMAND: POST /session/fc5612afcacf26d849b70600b679a1bb/element - {"using":"xpath","value":"//table[contains(@id, \"application-ruinventorylist-display-component---Master--tableRuInventoryList-listUl\")]/tbody/tr[1]/td[6]/div/span"}
COMMAND: GET /session/fc5612afcacf26d849b70600b679a1bb/screenshot - {}
RESULT: {"using":"xpath","value":"//table[contains(@id, \"application-ruinventorylist-display-component---Master--tableRuInventoryList-listUl\")]/tbody/tr[1]/td[6]/div/span"}
COMMAND: POST /session/fc5612afcacf26d849b70600b679a1bb/execute/sync - {"script":"<script> [56 bytes]","args":[{"element-6066-11e4-a52e-4f735466cecf":"f.879421ECEBF83B736863962A17D84B66.d.5FF894262029B9D50FD10D30B4DDD82B.e.7046","ELEMENT":"f.879421ECEBF83B736863962A17D84B66.d.5FF894262029B9D50FD10D30B4DDD82B.e.7046"}]}
RESULT: {}
RESULT: {"script":"<script> [56 bytes]","args":[{"element-6066-11e4-a52e-4f735466cecf":"f.879421ECEBF83B736863962A17D84B66.d.5FF894262029B9D50FD10D30B4DDD82B.e.7046","ELEMENT":"f.879421ECEBF83B736863962A17D84B66.d.5FF894262029B9D50FD10D30B4DDD82B.e.7046"}]}
COMMAND: POST /session/fc5612afcacf26d849b70600b679a1bb/element - {"using":"xpath","value":"//div[contains(@id, \"smartFilterBar-btnBasicSearch-reset\")]"}
COMMAND: GET /session/fc5612afcacf26d849b70600b679a1bb/screenshot - {}
RESULT: {"using":"xpath","value":"//div[contains(@id, \"smartFilterBar-btnBasicSearch-reset\")]"}
COMMAND: POST /session/fc5612afcacf26d849b70600b679a1bb/element/f.879421ECEBF83B736863962A17D84B66.d.5FF894262029B9D50FD10D30B4DDD82B.e.5888/click - {}
RESULT: {}
RESULT: {}
COMMAND: GET /session/fc5612afcacf26d849b70600b679a1bb/screenshot - {}
RESULT: {}
COMMAND: POST /session/fc5612afcacf26d849b70600b679a1bb/element/f.879421ECEBF83B736863962A17D84B66.d.5FF894262029B9D50FD10D30B4DDD82B.e.5263/click - {}
RESULT: {}
COMMAND: GET /session/fc5612afcacf26d849b70600b679a1bb/screenshot - {}
RESULT: {}
RESULT: undefined
COMMAND: POST /session/fc5612afcacf26d849b70600b679a1bb/execute/async - {"script":"<script> [776 bytes]","args":[{"enterText":"600002","selector":{"id":"application-ruinventorylist-display-component---Master--smartFilterBar-btnBasicSearch","interaction":{"idSuffix":"I"}},"clearTextFirst":true,"interactionType":"ENTER_TEXT"}]}
RESULT: {"script":"<script> [776 bytes]","args":[{"enterText":"600002","selector":{"id":"application-ruinventorylist-display-component---Master--smartFilterBar-btnBasicSearch","interaction":{"idSuffix":"I"}},"clearTextFirst":true,"interactionType":"ENTER_TEXT"}]}
COMMAND: POST /session/fc5612afcacf26d849b70600b679a1bb/actions - {"actions":[{"id":"action31","type":"key","parameters":{},"actions":[{"type":"keyDown","value":"î€‡"},{"type":"pause","duration":10},{"type":"keyUp","value":"î€‡"}]}]}
RESULT: {"actions":[{"id":"action31","type":"key","parameters":{},"actions":[{"type":"keyDown","value":"î€‡"},{"type":"pause","duration":10},{"type":"keyUp","value":"î€‡"}]}]}
COMMAND: GET /session/fc5612afcacf26d849b70600b679a1bb/screenshot - {}
RESULT: {}
COMMAND: POST /session/fc5612afcacf26d849b70600b679a1bb/element - {"using":"xpath","value":"//span[@id=\"application-ruinventorylist-display-component---Master--smartTableRuInventoryList-header-inner\"]"}
RESULT: {"using":"xpath","value":"//span[@id=\"application-ruinventorylist-display-component---Master--smartTableRuInventoryList-header-inner\"]"}
COMMAND: POST /session/fc5612afcacf26d849b70600b679a1bb/elements - {"using":"xpath","value":"//span[@id=\"application-ruinventorylist-display-component---Master--smartTableRuInventoryList-header-inner\"]"}
RESULT: {"using":"xpath","value":"//span[@id=\"application-ruinventorylist-display-component---Master--smartTableRuInventoryList-header-inner\"]"}
COMMAND: POST /session/fc5612afcacf26d849b70600b679a1bb/execute/sync - {"script":"<script> [56 bytes]","args":[{"element-6066-11e4-a52e-4f735466cecf":"f.879421ECEBF83B736863962A17D84B66.d.5FF894262029B9D50FD10D30B4DDD82B.e.5872","ELEMENT":"f.879421ECEBF83B736863962A17D84B66.d.5FF894262029B9D50FD10D30B4DDD82B.e.5872"}]}
RESULT: {"script":"<script> [56 bytes]","args":[{"element-6066-11e4-a52e-4f735466cecf":"f.879421ECEBF83B736863962A17D84B66.d.5FF894262029B9D50FD10D30B4DDD82B.e.5872","ELEMENT":"f.879421ECEBF83B736863962A17D84B66.d.5FF894262029B9D50FD10D30B4DDD82B.e.5872"}]}
COMMAND: POST /session/fc5612afcacf26d849b70600b679a1bb/element - {"using":"xpath","value":"//table[contains(@id, \"application-ruinventorylist-display-component---Master--tableRuInventoryList-listUl\")]/tbody/tr[1]/td[2]/div/div"}
COMMAND: GET /session/fc5612afcacf26d849b70600b679a1bb/screenshot - {}
RESULT: {"using":"xpath","value":"//table[contains(@id, \"application-ruinventorylist-display-component---Master--tableRuInventoryList-listUl\")]/tbody/tr[1]/td[2]/div/div"}
COMMAND: POST /session/fc5612afcacf26d849b70600b679a1bb/element/f.879421ECEBF83B736863962A17D84B66.d.5FF894262029B9D50FD10D30B4DDD82B.e.7343/click - {}
RESULT: {}
RESULT: {}
COMMAND: GET /session/fc5612afcacf26d849b70600b679a1bb/screenshot - {}
RESULT: {}
COMMAND: POST /session/fc5612afcacf26d849b70600b679a1bb/element - {"using":"xpath","value":"//div[contains(@id, \"smartFilterBar-btnBasicSearch-reset\")]"}
RESULT: {"using":"xpath","value":"//div[contains(@id, \"smartFilterBar-btnBasicSearch-reset\")]"}
COMMAND: POST /session/fc5612afcacf26d849b70600b679a1bb/element/f.879421ECEBF83B736863962A17D84B66.d.5FF894262029B9D50FD10D30B4DDD82B.e.5888/click - {}
RESULT: {}
COMMAND: GET /session/fc5612afcacf26d849b70600b679a1bb/screenshot - {}
RESULT: {}
RESULT: undefined
COMMAND: POST /session/fc5612afcacf26d849b70600b679a1bb/execute/async - {"script":"<script> [776 bytes]","args":[{"enterText":"401002","selector":{"id":"application-ruinventorylist-display-component---Master--smartFilterBar-btnBasicSearch","interaction":{"idSuffix":"I"}},"clearTextFirst":true,"interactionType":"ENTER_TEXT"}]}
RESULT: {"script":"<script> [776 bytes]","args":[{"enterText":"401002","selector":{"id":"application-ruinventorylist-display-component---Master--smartFilterBar-btnBasicSearch","interaction":{"idSuffix":"I"}},"clearTextFirst":true,"interactionType":"ENTER_TEXT"}]}
COMMAND: POST /session/fc5612afcacf26d849b70600b679a1bb/actions - {"actions":[{"id":"action32","type":"key","parameters":{},"actions":[{"type":"keyDown","value":"î€‡"},{"type":"pause","duration":10},{"type":"keyUp","value":"î€‡"}]}]}
RESULT: {"actions":[{"id":"action32","type":"key","parameters":{},"actions":[{"type":"keyDown","value":"î€‡"},{"type":"pause","duration":10},{"type":"keyUp","value":"î€‡"}]}]}
COMMAND: GET /session/fc5612afcacf26d849b70600b679a1bb/screenshot - {}
RESULT: {}
COMMAND: POST /session/fc5612afcacf26d849b70600b679a1bb/element - {"using":"xpath","value":"//span[@id=\"application-ruinventorylist-display-component---Master--smartTableRuInventoryList-header-inner\"]"}
RESULT: {"using":"xpath","value":"//span[@id=\"application-ruinventorylist-display-component---Master--smartTableRuInventoryList-header-inner\"]"}
COMMAND: POST /session/fc5612afcacf26d849b70600b679a1bb/elements - {"using":"xpath","value":"//span[@id=\"application-ruinventorylist-display-component---Master--smartTableRuInventoryList-header-inner\"]"}
RESULT: {"using":"xpath","value":"//span[@id=\"application-ruinventorylist-display-component---Master--smartTableRuInventoryList-header-inner\"]"}
COMMAND: POST /session/fc5612afcacf26d849b70600b679a1bb/execute/sync - {"script":"<script> [56 bytes]","args":[{"element-6066-11e4-a52e-4f735466cecf":"f.879421ECEBF83B736863962A17D84B66.d.5FF894262029B9D50FD10D30B4DDD82B.e.5872","ELEMENT":"f.879421ECEBF83B736863962A17D84B66.d.5FF894262029B9D50FD10D30B4DDD82B.e.5872"}]}
RESULT: {"script":"<script> [56 bytes]","args":[{"element-6066-11e4-a52e-4f735466cecf":"f.879421ECEBF83B736863962A17D84B66.d.5FF894262029B9D50FD10D30B4DDD82B.e.5872","ELEMENT":"f.879421ECEBF83B736863962A17D84B66.d.5FF894262029B9D50FD10D30B4DDD82B.e.5872"}]}
COMMAND: POST /session/fc5612afcacf26d849b70600b679a1bb/element - {"using":"xpath","value":"//table[contains(@id, \"application-ruinventorylist-display-component---Master--tableRuInventoryList-listUl\")]/tbody/tr[1]/td[2]/div/div"}
COMMAND: GET /session/fc5612afcacf26d849b70600b679a1bb/screenshot - {}
RESULT: {"using":"xpath","value":"//table[contains(@id, \"application-ruinventorylist-display-component---Master--tableRuInventoryList-listUl\")]/tbody/tr[1]/td[2]/div/div"}
COMMAND: POST /session/fc5612afcacf26d849b70600b679a1bb/element/f.879421ECEBF83B736863962A17D84B66.d.5FF894262029B9D50FD10D30B4DDD82B.e.7535/click - {}
RESULT: {}
RESULT: {}
COMMAND: GET /session/fc5612afcacf26d849b70600b679a1bb/screenshot - {}
RESULT: {}
COMMAND: POST /session/fc5612afcacf26d849b70600b679a1bb/element - {"using":"xpath","value":"//div[contains(@id, \"smartFilterBar-btnBasicSearch-reset\")]"}
RESULT: {"using":"xpath","value":"//div[contains(@id, \"smartFilterBar-btnBasicSearch-reset\")]"}
COMMAND: POST /session/fc5612afcacf26d849b70600b679a1bb/element/f.879421ECEBF83B736863962A17D84B66.d.5FF894262029B9D50FD10D30B4DDD82B.e.5888/click - {}
RESULT: {}
COMMAND: GET /session/fc5612afcacf26d849b70600b679a1bb/screenshot - {}
RESULT: {}
RESULT: undefined
COMMAND: POST /session/fc5612afcacf26d849b70600b679a1bb/execute/async - {"script":"<script> [776 bytes]","args":[{"enterText":"DehzOVy4hv","selector":{"id":"application-ruinventorylist-display-component---Master--smartFilterBar-btnBasicSearch","interaction":{"idSuffix":"I"}},"clearTextFirst":true,"interactionType":"ENTER_TEXT"}]}
RESULT: {"script":"<script> [776 bytes]","args":[{"enterText":"DehzOVy4hv","selector":{"id":"application-ruinventorylist-display-component---Master--smartFilterBar-btnBasicSearch","interaction":{"idSuffix":"I"}},"clearTextFirst":true,"interactionType":"ENTER_TEXT"}]}
COMMAND: POST /session/fc5612afcacf26d849b70600b679a1bb/actions - {"actions":[{"id":"action33","type":"key","parameters":{},"actions":[{"type":"keyDown","value":"î€‡"},{"type":"pause","duration":10},{"type":"keyUp","value":"î€‡"}]}]}
RESULT: {"actions":[{"id":"action33","type":"key","parameters":{},"actions":[{"type":"keyDown","value":"î€‡"},{"type":"pause","duration":10},{"type":"keyUp","value":"î€‡"}]}]}
COMMAND: GET /session/fc5612afcacf26d849b70600b679a1bb/screenshot - {}
RESULT: {}
COMMAND: POST /session/fc5612afcacf26d849b70600b679a1bb/element - {"using":"xpath","value":"//span[@id=\"application-ruinventorylist-display-component---Master--smartTableRuInventoryList-header-inner\"]"}
RESULT: {"using":"xpath","value":"//span[@id=\"application-ruinventorylist-display-component---Master--smartTableRuInventoryList-header-inner\"]"}
COMMAND: POST /session/fc5612afcacf26d849b70600b679a1bb/elements - {"using":"xpath","value":"//span[@id=\"application-ruinventorylist-display-component---Master--smartTableRuInventoryList-header-inner\"]"}
RESULT: {"using":"xpath","value":"//span[@id=\"application-ruinventorylist-display-component---Master--smartTableRuInventoryList-header-inner\"]"}
COMMAND: POST /session/fc5612afcacf26d849b70600b679a1bb/execute/sync - {"script":"<script> [56 bytes]","args":[{"element-6066-11e4-a52e-4f735466cecf":"f.879421ECEBF83B736863962A17D84B66.d.5FF894262029B9D50FD10D30B4DDD82B.e.5872","ELEMENT":"f.879421ECEBF83B736863962A17D84B66.d.5FF894262029B9D50FD10D30B4DDD82B.e.5872"}]}
RESULT: {"script":"<script> [56 bytes]","args":[{"element-6066-11e4-a52e-4f735466cecf":"f.879421ECEBF83B736863962A17D84B66.d.5FF894262029B9D50FD10D30B4DDD82B.e.5872","ELEMENT":"f.879421ECEBF83B736863962A17D84B66.d.5FF894262029B9D50FD10D30B4DDD82B.e.5872"}]}
COMMAND: POST /session/fc5612afcacf26d849b70600b679a1bb/element - {"using":"xpath","value":"//table[contains(@id, \"application-ruinventorylist-display-component---Master--tableRuInventoryList-listUl\")]/tbody/tr[1]/td[2]/div/div"}
COMMAND: GET /session/fc5612afcacf26d849b70600b679a1bb/screenshot - {}
RESULT: {"using":"xpath","value":"//table[contains(@id, \"application-ruinventorylist-display-component---Master--tableRuInventoryList-listUl\")]/tbody/tr[1]/td[2]/div/div"}
COMMAND: POST /session/fc5612afcacf26d849b70600b679a1bb/element/f.879421ECEBF83B736863962A17D84B66.d.5FF894262029B9D50FD10D30B4DDD82B.e.7722/click - {}
RESULT: {}
RESULT: {}
COMMAND: GET /session/fc5612afcacf26d849b70600b679a1bb/screenshot - {}
RESULT: {}
COMMAND: POST /session/fc5612afcacf26d849b70600b679a1bb/element - {"using":"xpath","value":"//div[contains(@id, \"smartFilterBar-btnBasicSearch-reset\")]"}
RESULT: {"using":"xpath","value":"//div[contains(@id, \"smartFilterBar-btnBasicSearch-reset\")]"}
COMMAND: POST /session/fc5612afcacf26d849b70600b679a1bb/element/f.879421ECEBF83B736863962A17D84B66.d.5FF894262029B9D50FD10D30B4DDD82B.e.5888/click - {}
RESULT: {}
COMMAND: GET /session/fc5612afcacf26d849b70600b679a1bb/screenshot - {}
RESULT: {}
RESULT: undefined
COMMAND: POST /session/fc5612afcacf26d849b70600b679a1bb/execute/async - {"script":"<script> [776 bytes]","args":[{"enterText":"200355","selector":{"id":"application-ruinventorylist-display-component---Master--smartFilterBar-btnBasicSearch","interaction":{"idSuffix":"I"}},"clearTextFirst":true,"interactionType":"ENTER_TEXT"}]}
RESULT: {"script":"<script> [776 bytes]","args":[{"enterText":"200355","selector":{"id":"application-ruinventorylist-display-component---Master--smartFilterBar-btnBasicSearch","interaction":{"idSuffix":"I"}},"clearTextFirst":true,"interactionType":"ENTER_TEXT"}]}
COMMAND: POST /session/fc5612afcacf26d849b70600b679a1bb/actions - {"actions":[{"id":"action34","type":"key","parameters":{},"actions":[{"type":"keyDown","value":"î€‡"},{"type":"pause","duration":10},{"type":"keyUp","value":"î€‡"}]}]}
RESULT: {"actions":[{"id":"action34","type":"key","parameters":{},"actions":[{"type":"keyDown","value":"î€‡"},{"type":"pause","duration":10},{"type":"keyUp","value":"î€‡"}]}]}
COMMAND: GET /session/fc5612afcacf26d849b70600b679a1bb/screenshot - {}
RESULT: {}
COMMAND: POST /session/fc5612afcacf26d849b70600b679a1bb/element - {"using":"xpath","value":"//span[@id=\"application-ruinventorylist-display-component---Master--smartTableRuInventoryList-header-inner\"]"}
RESULT: {"using":"xpath","value":"//span[@id=\"application-ruinventorylist-display-component---Master--smartTableRuInventoryList-header-inner\"]"}
COMMAND: POST /session/fc5612afcacf26d849b70600b679a1bb/elements - {"using":"xpath","value":"//span[@id=\"application-ruinventorylist-display-component---Master--smartTableRuInventoryList-header-inner\"]"}
RESULT: {"using":"xpath","value":"//span[@id=\"application-ruinventorylist-display-component---Master--smartTableRuInventoryList-header-inner\"]"}
COMMAND: POST /session/fc5612afcacf26d849b70600b679a1bb/execute/sync - {"script":"<script> [56 bytes]","args":[{"element-6066-11e4-a52e-4f735466cecf":"f.879421ECEBF83B736863962A17D84B66.d.5FF894262029B9D50FD10D30B4DDD82B.e.5872","ELEMENT":"f.879421ECEBF83B736863962A17D84B66.d.5FF894262029B9D50FD10D30B4DDD82B.e.5872"}]}
RESULT: {"script":"<script> [56 bytes]","args":[{"element-6066-11e4-a52e-4f735466cecf":"f.879421ECEBF83B736863962A17D84B66.d.5FF894262029B9D50FD10D30B4DDD82B.e.5872","ELEMENT":"f.879421ECEBF83B736863962A17D84B66.d.5FF894262029B9D50FD10D30B4DDD82B.e.5872"}]}
COMMAND: POST /session/fc5612afcacf26d849b70600b679a1bb/element - {"using":"xpath","value":"//table[contains(@id, \"application-ruinventorylist-display-component---Master--tableRuInventoryList-listUl\")]/tbody/tr[1]/td[2]/div/div"}
COMMAND: GET /session/fc5612afcacf26d849b70600b679a1bb/screenshot - {}
RESULT: {"using":"xpath","value":"//table[contains(@id, \"application-ruinventorylist-display-component---Master--tableRuInventoryList-listUl\")]/tbody/tr[1]/td[2]/div/div"}
COMMAND: POST /session/fc5612afcacf26d849b70600b679a1bb/element/f.879421ECEBF83B736863962A17D84B66.d.5FF894262029B9D50FD10D30B4DDD82B.e.7912/click - {}
RESULT: {}
RESULT: {}
COMMAND: GET /session/fc5612afcacf26d849b70600b679a1bb/screenshot - {}
RESULT: {}
COMMAND: POST /session/fc5612afcacf26d849b70600b679a1bb/element - {"using":"xpath","value":"//div[contains(@id, \"smartFilterBar-btnBasicSearch-reset\")]"}
RESULT: {"using":"xpath","value":"//div[contains(@id, \"smartFilterBar-btnBasicSearch-reset\")]"}
COMMAND: POST /session/fc5612afcacf26d849b70600b679a1bb/element/f.879421ECEBF83B736863962A17D84B66.d.5FF894262029B9D50FD10D30B4DDD82B.e.5888/click - {}
RESULT: {}
COMMAND: GET /session/fc5612afcacf26d849b70600b679a1bb/screenshot - {}
RESULT: {}
COMMAND: POST /session/fc5612afcacf26d849b70600b679a1bb/element/f.879421ECEBF83B736863962A17D84B66.d.5FF894262029B9D50FD10D30B4DDD82B.e.5263/click - {}
RESULT: {}
COMMAND: GET /session/fc5612afcacf26d849b70600b679a1bb/screenshot - {}
RESULT: {}
RESULT: undefined
COMMAND: POST /session/fc5612afcacf26d849b70600b679a1bb/element - {"using":"xpath","value":"//*[@id=\"application-ruinventorylist-display-component---Master--ruStateTypes-arrow\"]"}
RESULT: {"using":"xpath","value":"//*[@id=\"application-ruinventorylist-display-component---Master--ruStateTypes-arrow\"]"}
COMMAND: POST /session/fc5612afcacf26d849b70600b679a1bb/element/f.879421ECEBF83B736863962A17D84B66.d.5FF894262029B9D50FD10D30B4DDD82B.e.8120/click - {}
RESULT: {}
COMMAND: GET /session/fc5612afcacf26d849b70600b679a1bb/screenshot - {}
RESULT: {}
COMMAND: POST /session/fc5612afcacf26d849b70600b679a1bb/element - {"using":"xpath","value":"//li[.//span[text()=\"available\"]]"}
RESULT: {"using":"xpath","value":"//li[.//span[text()=\"available\"]]"}
COMMAND: POST /session/fc5612afcacf26d849b70600b679a1bb/element/f.879421ECEBF83B736863962A17D84B66.d.5FF894262029B9D50FD10D30B4DDD82B.e.8121/click - {}
RESULT: {}
COMMAND: GET /session/fc5612afcacf26d849b70600b679a1bb/screenshot - {}
RESULT: {}
COMMAND: POST /session/fc5612afcacf26d849b70600b679a1bb/element - {"using":"xpath","value":"(//bdi[contains(text(), \"OK\")])[1]"}
RESULT: {"using":"xpath","value":"(//bdi[contains(text(), \"OK\")])[1]"}
COMMAND: POST /session/fc5612afcacf26d849b70600b679a1bb/element/f.879421ECEBF83B736863962A17D84B66.d.5FF894262029B9D50FD10D30B4DDD82B.e.8122/click - {}
RESULT: {}
COMMAND: GET /session/fc5612afcacf26d849b70600b679a1bb/screenshot - {}
RESULT: {}
COMMAND: POST /session/fc5612afcacf26d849b70600b679a1bb/element - {"using":"xpath","value":"(//bdi[contains(text(), \"OK\")])[2]"}
RESULT: {"using":"xpath","value":"(//bdi[contains(text(), \"OK\")])[2]"}
COMMAND: POST /session/fc5612afcacf26d849b70600b679a1bb/element/f.879421ECEBF83B736863962A17D84B66.d.5FF894262029B9D50FD10D30B4DDD82B.e.8126/click - {}
RESULT: {}
COMMAND: GET /session/fc5612afcacf26d849b70600b679a1bb/screenshot - {}
RESULT: {}
RESULT: undefined
COMMAND: POST /session/fc5612afcacf26d849b70600b679a1bb/execute/async - {"script":"<script> [776 bytes]","args":[{"enterText":"600002","selector":{"id":"application-ruinventorylist-display-component---Master--smartFilterBar-btnBasicSearch","interaction":{"idSuffix":"I"}},"clearTextFirst":true,"interactionType":"ENTER_TEXT"}]}
RESULT: {"script":"<script> [776 bytes]","args":[{"enterText":"600002","selector":{"id":"application-ruinventorylist-display-component---Master--smartFilterBar-btnBasicSearch","interaction":{"idSuffix":"I"}},"clearTextFirst":true,"interactionType":"ENTER_TEXT"}]}
COMMAND: POST /session/fc5612afcacf26d849b70600b679a1bb/actions - {"actions":[{"id":"action35","type":"key","parameters":{},"actions":[{"type":"keyDown","value":"î€‡"},{"type":"pause","duration":10},{"type":"keyUp","value":"î€‡"}]}]}
RESULT: {"actions":[{"id":"action35","type":"key","parameters":{},"actions":[{"type":"keyDown","value":"î€‡"},{"type":"pause","duration":10},{"type":"keyUp","value":"î€‡"}]}]}
COMMAND: GET /session/fc5612afcacf26d849b70600b679a1bb/screenshot - {}
RESULT: {}
COMMAND: POST /session/fc5612afcacf26d849b70600b679a1bb/element - {"using":"xpath","value":"//span[@id=\"application-ruinventorylist-display-component---Master--smartTableRuInventoryList-header-inner\"]"}
RESULT: {"using":"xpath","value":"//span[@id=\"application-ruinventorylist-display-component---Master--smartTableRuInventoryList-header-inner\"]"}
COMMAND: POST /session/fc5612afcacf26d849b70600b679a1bb/elements - {"using":"xpath","value":"//span[@id=\"application-ruinventorylist-display-component---Master--smartTableRuInventoryList-header-inner\"]"}
RESULT: {"using":"xpath","value":"//span[@id=\"application-ruinventorylist-display-component---Master--smartTableRuInventoryList-header-inner\"]"}
COMMAND: POST /session/fc5612afcacf26d849b70600b679a1bb/execute/sync - {"script":"<script> [56 bytes]","args":[{"element-6066-11e4-a52e-4f735466cecf":"f.879421ECEBF83B736863962A17D84B66.d.5FF894262029B9D50FD10D30B4DDD82B.e.5872","ELEMENT":"f.879421ECEBF83B736863962A17D84B66.d.5FF894262029B9D50FD10D30B4DDD82B.e.5872"}]}
RESULT: {"script":"<script> [56 bytes]","args":[{"element-6066-11e4-a52e-4f735466cecf":"f.879421ECEBF83B736863962A17D84B66.d.5FF894262029B9D50FD10D30B4DDD82B.e.5872","ELEMENT":"f.879421ECEBF83B736863962A17D84B66.d.5FF894262029B9D50FD10D30B4DDD82B.e.5872"}]}
COMMAND: POST /session/fc5612afcacf26d849b70600b679a1bb/element - {"using":"xpath","value":"//table[contains(@id, \"application-ruinventorylist-display-component---Master--tableRuInventoryList-listUl\")]/tbody/tr[1]/td[6]/div/span"}
COMMAND: GET /session/fc5612afcacf26d849b70600b679a1bb/screenshot - {}
RESULT: {"using":"xpath","value":"//table[contains(@id, \"application-ruinventorylist-display-component---Master--tableRuInventoryList-listUl\")]/tbody/tr[1]/td[6]/div/span"}
COMMAND: POST /session/fc5612afcacf26d849b70600b679a1bb/execute/sync - {"script":"<script> [56 bytes]","args":[{"element-6066-11e4-a52e-4f735466cecf":"f.879421ECEBF83B736863962A17D84B66.d.5FF894262029B9D50FD10D30B4DDD82B.e.8145","ELEMENT":"f.879421ECEBF83B736863962A17D84B66.d.5FF894262029B9D50FD10D30B4DDD82B.e.8145"}]}
RESULT: {}
RESULT: {"script":"<script> [56 bytes]","args":[{"element-6066-11e4-a52e-4f735466cecf":"f.879421ECEBF83B736863962A17D84B66.d.5FF894262029B9D50FD10D30B4DDD82B.e.8145","ELEMENT":"f.879421ECEBF83B736863962A17D84B66.d.5FF894262029B9D50FD10D30B4DDD82B.e.8145"}]}
COMMAND: POST /session/fc5612afcacf26d849b70600b679a1bb/element - {"using":"xpath","value":"//div[contains(@id, \"smartFilterBar-btnBasicSearch-reset\")]"}
COMMAND: GET /session/fc5612afcacf26d849b70600b679a1bb/screenshot - {}
RESULT: {"using":"xpath","value":"//div[contains(@id, \"smartFilterBar-btnBasicSearch-reset\")]"}
COMMAND: POST /session/fc5612afcacf26d849b70600b679a1bb/element/f.879421ECEBF83B736863962A17D84B66.d.5FF894262029B9D50FD10D30B4DDD82B.e.5888/click - {}
RESULT: {}
RESULT: {}
COMMAND: GET /session/fc5612afcacf26d849b70600b679a1bb/screenshot - {}
RESULT: {}
RESULT: undefined
COMMAND: POST /session/fc5612afcacf26d849b70600b679a1bb/execute/async - {"script":"<script> [776 bytes]","args":[{"enterText":"401002","selector":{"id":"application-ruinventorylist-display-component---Master--smartFilterBar-btnBasicSearch","interaction":{"idSuffix":"I"}},"clearTextFirst":true,"interactionType":"ENTER_TEXT"}]}
RESULT: {"script":"<script> [776 bytes]","args":[{"enterText":"401002","selector":{"id":"application-ruinventorylist-display-component---Master--smartFilterBar-btnBasicSearch","interaction":{"idSuffix":"I"}},"clearTextFirst":true,"interactionType":"ENTER_TEXT"}]}
COMMAND: POST /session/fc5612afcacf26d849b70600b679a1bb/actions - {"actions":[{"id":"action36","type":"key","parameters":{},"actions":[{"type":"keyDown","value":"î€‡"},{"type":"pause","duration":10},{"type":"keyUp","value":"î€‡"}]}]}
RESULT: {"actions":[{"id":"action36","type":"key","parameters":{},"actions":[{"type":"keyDown","value":"î€‡"},{"type":"pause","duration":10},{"type":"keyUp","value":"î€‡"}]}]}
COMMAND: GET /session/fc5612afcacf26d849b70600b679a1bb/screenshot - {}
RESULT: {}
COMMAND: POST /session/fc5612afcacf26d849b70600b679a1bb/element - {"using":"xpath","value":"//span[@id=\"application-ruinventorylist-display-component---Master--smartTableRuInventoryList-header-inner\"]"}
RESULT: {"using":"xpath","value":"//span[@id=\"application-ruinventorylist-display-component---Master--smartTableRuInventoryList-header-inner\"]"}
COMMAND: POST /session/fc5612afcacf26d849b70600b679a1bb/elements - {"using":"xpath","value":"//span[@id=\"application-ruinventorylist-display-component---Master--smartTableRuInventoryList-header-inner\"]"}
RESULT: {"using":"xpath","value":"//span[@id=\"application-ruinventorylist-display-component---Master--smartTableRuInventoryList-header-inner\"]"}
COMMAND: POST /session/fc5612afcacf26d849b70600b679a1bb/execute/sync - {"script":"<script> [56 bytes]","args":[{"element-6066-11e4-a52e-4f735466cecf":"f.879421ECEBF83B736863962A17D84B66.d.5FF894262029B9D50FD10D30B4DDD82B.e.5872","ELEMENT":"f.879421ECEBF83B736863962A17D84B66.d.5FF894262029B9D50FD10D30B4DDD82B.e.5872"}]}
RESULT: {"script":"<script> [56 bytes]","args":[{"element-6066-11e4-a52e-4f735466cecf":"f.879421ECEBF83B736863962A17D84B66.d.5FF894262029B9D50FD10D30B4DDD82B.e.5872","ELEMENT":"f.879421ECEBF83B736863962A17D84B66.d.5FF894262029B9D50FD10D30B4DDD82B.e.5872"}]}
COMMAND: POST /session/fc5612afcacf26d849b70600b679a1bb/element - {"using":"xpath","value":"//table[contains(@id, \"application-ruinventorylist-display-component---Master--tableRuInventoryList-listUl\")]/tbody/tr[1]/td[6]/div/span"}
COMMAND: GET /session/fc5612afcacf26d849b70600b679a1bb/screenshot - {}
RESULT: {"using":"xpath","value":"//table[contains(@id, \"application-ruinventorylist-display-component---Master--tableRuInventoryList-listUl\")]/tbody/tr[1]/td[6]/div/span"}
COMMAND: POST /session/fc5612afcacf26d849b70600b679a1bb/execute/sync - {"script":"<script> [56 bytes]","args":[{"element-6066-11e4-a52e-4f735466cecf":"f.879421ECEBF83B736863962A17D84B66.d.5FF894262029B9D50FD10D30B4DDD82B.e.8250","ELEMENT":"f.879421ECEBF83B736863962A17D84B66.d.5FF894262029B9D50FD10D30B4DDD82B.e.8250"}]}
RESULT: {}
RESULT: {"script":"<script> [56 bytes]","args":[{"element-6066-11e4-a52e-4f735466cecf":"f.879421ECEBF83B736863962A17D84B66.d.5FF894262029B9D50FD10D30B4DDD82B.e.8250","ELEMENT":"f.879421ECEBF83B736863962A17D84B66.d.5FF894262029B9D50FD10D30B4DDD82B.e.8250"}]}
COMMAND: POST /session/fc5612afcacf26d849b70600b679a1bb/element - {"using":"xpath","value":"//div[contains(@id, \"smartFilterBar-btnBasicSearch-reset\")]"}
COMMAND: GET /session/fc5612afcacf26d849b70600b679a1bb/screenshot - {}
RESULT: {"using":"xpath","value":"//div[contains(@id, \"smartFilterBar-btnBasicSearch-reset\")]"}
COMMAND: POST /session/fc5612afcacf26d849b70600b679a1bb/element/f.879421ECEBF83B736863962A17D84B66.d.5FF894262029B9D50FD10D30B4DDD82B.e.5888/click - {}
RESULT: {}
RESULT: {}
COMMAND: GET /session/fc5612afcacf26d849b70600b679a1bb/screenshot - {}
RESULT: {}
RESULT: undefined
COMMAND: POST /session/fc5612afcacf26d849b70600b679a1bb/execute/async - {"script":"<script> [776 bytes]","args":[{"enterText":"DehzOVy4hv","selector":{"id":"application-ruinventorylist-display-component---Master--smartFilterBar-btnBasicSearch","interaction":{"idSuffix":"I"}},"clearTextFirst":true,"interactionType":"ENTER_TEXT"}]}
RESULT: {"script":"<script> [776 bytes]","args":[{"enterText":"DehzOVy4hv","selector":{"id":"application-ruinventorylist-display-component---Master--smartFilterBar-btnBasicSearch","interaction":{"idSuffix":"I"}},"clearTextFirst":true,"interactionType":"ENTER_TEXT"}]}
COMMAND: POST /session/fc5612afcacf26d849b70600b679a1bb/actions - {"actions":[{"id":"action37","type":"key","parameters":{},"actions":[{"type":"keyDown","value":"î€‡"},{"type":"pause","duration":10},{"type":"keyUp","value":"î€‡"}]}]}
RESULT: {"actions":[{"id":"action37","type":"key","parameters":{},"actions":[{"type":"keyDown","value":"î€‡"},{"type":"pause","duration":10},{"type":"keyUp","value":"î€‡"}]}]}
COMMAND: GET /session/fc5612afcacf26d849b70600b679a1bb/screenshot - {}
RESULT: {}
COMMAND: POST /session/fc5612afcacf26d849b70600b679a1bb/element - {"using":"xpath","value":"//span[@id=\"application-ruinventorylist-display-component---Master--smartTableRuInventoryList-header-inner\"]"}
RESULT: {"using":"xpath","value":"//span[@id=\"application-ruinventorylist-display-component---Master--smartTableRuInventoryList-header-inner\"]"}
COMMAND: POST /session/fc5612afcacf26d849b70600b679a1bb/elements - {"using":"xpath","value":"//span[@id=\"application-ruinventorylist-display-component---Master--smartTableRuInventoryList-header-inner\"]"}
RESULT: {"using":"xpath","value":"//span[@id=\"application-ruinventorylist-display-component---Master--smartTableRuInventoryList-header-inner\"]"}
COMMAND: POST /session/fc5612afcacf26d849b70600b679a1bb/execute/sync - {"script":"<script> [56 bytes]","args":[{"element-6066-11e4-a52e-4f735466cecf":"f.879421ECEBF83B736863962A17D84B66.d.5FF894262029B9D50FD10D30B4DDD82B.e.5872","ELEMENT":"f.879421ECEBF83B736863962A17D84B66.d.5FF894262029B9D50FD10D30B4DDD82B.e.5872"}]}
RESULT: {"script":"<script> [56 bytes]","args":[{"element-6066-11e4-a52e-4f735466cecf":"f.879421ECEBF83B736863962A17D84B66.d.5FF894262029B9D50FD10D30B4DDD82B.e.5872","ELEMENT":"f.879421ECEBF83B736863962A17D84B66.d.5FF894262029B9D50FD10D30B4DDD82B.e.5872"}]}
COMMAND: POST /session/fc5612afcacf26d849b70600b679a1bb/element - {"using":"xpath","value":"//table[contains(@id, \"application-ruinventorylist-display-component---Master--tableRuInventoryList-listUl\")]/tbody/tr[1]/td[6]/div/span"}
COMMAND: GET /session/fc5612afcacf26d849b70600b679a1bb/screenshot - {}
RESULT: {"using":"xpath","value":"//table[contains(@id, \"application-ruinventorylist-display-component---Master--tableRuInventoryList-listUl\")]/tbody/tr[1]/td[6]/div/span"}
COMMAND: POST /session/fc5612afcacf26d849b70600b679a1bb/execute/sync - {"script":"<script> [56 bytes]","args":[{"element-6066-11e4-a52e-4f735466cecf":"f.879421ECEBF83B736863962A17D84B66.d.5FF894262029B9D50FD10D30B4DDD82B.e.8355","ELEMENT":"f.879421ECEBF83B736863962A17D84B66.d.5FF894262029B9D50FD10D30B4DDD82B.e.8355"}]}
RESULT: {}
RESULT: {"script":"<script> [56 bytes]","args":[{"element-6066-11e4-a52e-4f735466cecf":"f.879421ECEBF83B736863962A17D84B66.d.5FF894262029B9D50FD10D30B4DDD82B.e.8355","ELEMENT":"f.879421ECEBF83B736863962A17D84B66.d.5FF894262029B9D50FD10D30B4DDD82B.e.8355"}]}
COMMAND: POST /session/fc5612afcacf26d849b70600b679a1bb/element - {"using":"xpath","value":"//div[contains(@id, \"smartFilterBar-btnBasicSearch-reset\")]"}
COMMAND: GET /session/fc5612afcacf26d849b70600b679a1bb/screenshot - {}
RESULT: {"using":"xpath","value":"//div[contains(@id, \"smartFilterBar-btnBasicSearch-reset\")]"}
COMMAND: POST /session/fc5612afcacf26d849b70600b679a1bb/element/f.879421ECEBF83B736863962A17D84B66.d.5FF894262029B9D50FD10D30B4DDD82B.e.5888/click - {}
RESULT: {}
RESULT: {}
COMMAND: GET /session/fc5612afcacf26d849b70600b679a1bb/screenshot - {}
RESULT: {}
RESULT: undefined
COMMAND: POST /session/fc5612afcacf26d849b70600b679a1bb/execute/async - {"script":"<script> [776 bytes]","args":[{"enterText":"200355","selector":{"id":"application-ruinventorylist-display-component---Master--smartFilterBar-btnBasicSearch","interaction":{"idSuffix":"I"}},"clearTextFirst":true,"interactionType":"ENTER_TEXT"}]}
RESULT: {"script":"<script> [776 bytes]","args":[{"enterText":"200355","selector":{"id":"application-ruinventorylist-display-component---Master--smartFilterBar-btnBasicSearch","interaction":{"idSuffix":"I"}},"clearTextFirst":true,"interactionType":"ENTER_TEXT"}]}
COMMAND: POST /session/fc5612afcacf26d849b70600b679a1bb/actions - {"actions":[{"id":"action38","type":"key","parameters":{},"actions":[{"type":"keyDown","value":"î€‡"},{"type":"pause","duration":10},{"type":"keyUp","value":"î€‡"}]}]}
RESULT: {"actions":[{"id":"action38","type":"key","parameters":{},"actions":[{"type":"keyDown","value":"î€‡"},{"type":"pause","duration":10},{"type":"keyUp","value":"î€‡"}]}]}
COMMAND: GET /session/fc5612afcacf26d849b70600b679a1bb/screenshot - {}
RESULT: {}
COMMAND: POST /session/fc5612afcacf26d849b70600b679a1bb/element - {"using":"xpath","value":"//span[@id=\"application-ruinventorylist-display-component---Master--smartTableRuInventoryList-header-inner\"]"}
RESULT: {"using":"xpath","value":"//span[@id=\"application-ruinventorylist-display-component---Master--smartTableRuInventoryList-header-inner\"]"}
COMMAND: POST /session/fc5612afcacf26d849b70600b679a1bb/elements - {"using":"xpath","value":"//span[@id=\"application-ruinventorylist-display-component---Master--smartTableRuInventoryList-header-inner\"]"}
RESULT: {"using":"xpath","value":"//span[@id=\"application-ruinventorylist-display-component---Master--smartTableRuInventoryList-header-inner\"]"}
COMMAND: POST /session/fc5612afcacf26d849b70600b679a1bb/execute/sync - {"script":"<script> [56 bytes]","args":[{"element-6066-11e4-a52e-4f735466cecf":"f.879421ECEBF83B736863962A17D84B66.d.5FF894262029B9D50FD10D30B4DDD82B.e.5872","ELEMENT":"f.879421ECEBF83B736863962A17D84B66.d.5FF894262029B9D50FD10D30B4DDD82B.e.5872"}]}
RESULT: {"script":"<script> [56 bytes]","args":[{"element-6066-11e4-a52e-4f735466cecf":"f.879421ECEBF83B736863962A17D84B66.d.5FF894262029B9D50FD10D30B4DDD82B.e.5872","ELEMENT":"f.879421ECEBF83B736863962A17D84B66.d.5FF894262029B9D50FD10D30B4DDD82B.e.5872"}]}
COMMAND: POST /session/fc5612afcacf26d849b70600b679a1bb/element - {"using":"xpath","value":"//table[contains(@id, \"application-ruinventorylist-display-component---Master--tableRuInventoryList-listUl\")]/tbody/tr[1]/td[6]/div/span"}
COMMAND: GET /session/fc5612afcacf26d849b70600b679a1bb/screenshot - {}
RESULT: {"using":"xpath","value":"//table[contains(@id, \"application-ruinventorylist-display-component---Master--tableRuInventoryList-listUl\")]/tbody/tr[1]/td[6]/div/span"}
COMMAND: POST /session/fc5612afcacf26d849b70600b679a1bb/execute/sync - {"script":"<script> [56 bytes]","args":[{"element-6066-11e4-a52e-4f735466cecf":"f.879421ECEBF83B736863962A17D84B66.d.5FF894262029B9D50FD10D30B4DDD82B.e.8458","ELEMENT":"f.879421ECEBF83B736863962A17D84B66.d.5FF894262029B9D50FD10D30B4DDD82B.e.8458"}]}
RESULT: {}
RESULT: {"script":"<script> [56 bytes]","args":[{"element-6066-11e4-a52e-4f735466cecf":"f.879421ECEBF83B736863962A17D84B66.d.5FF894262029B9D50FD10D30B4DDD82B.e.8458","ELEMENT":"f.879421ECEBF83B736863962A17D84B66.d.5FF894262029B9D50FD10D30B4DDD82B.e.8458"}]}
COMMAND: POST /session/fc5612afcacf26d849b70600b679a1bb/element - {"using":"xpath","value":"//div[contains(@id, \"smartFilterBar-btnBasicSearch-reset\")]"}
COMMAND: GET /session/fc5612afcacf26d849b70600b679a1bb/screenshot - {}
RESULT: {"using":"xpath","value":"//div[contains(@id, \"smartFilterBar-btnBasicSearch-reset\")]"}
COMMAND: POST /session/fc5612afcacf26d849b70600b679a1bb/element/f.879421ECEBF83B736863962A17D84B66.d.5FF894262029B9D50FD10D30B4DDD82B.e.5888/click - {}
RESULT: {}
RESULT: {}
COMMAND: GET /session/fc5612afcacf26d849b70600b679a1bb/screenshot - {}
RESULT: {}
COMMAND: POST /session/fc5612afcacf26d849b70600b679a1bb/element - {"using":"css selector","value":"#shell-header-logo"}
RESULT: {"using":"css selector","value":"#shell-header-logo"}
COMMAND: POST /session/fc5612afcacf26d849b70600b679a1bb/element/f.879421ECEBF83B736863962A17D84B66.d.5FF894262029B9D50FD10D30B4DDD82B.e.5210/click - {}
RESULT: {}
COMMAND: GET /session/fc5612afcacf26d849b70600b679a1bb/screenshot - {}
RESULT: {}
COMMAND: DELETE /session/fc5612afcacf26d849b70600b679a1bb - {}
RESULT: {}
]]></system-out>
    </testcase>
  </testsuite>
</testsuites>