<?xml version="1.0" encoding="UTF-8"?>
<testsuites tests="7" failures="7" errors="7" skipped="0">
  <testsuite timestamp="2025-06-12T15:24:14" time="623.918" tests="7" failures="7" errors="7" skipped="0">
    <properties>
      <property name="specId" value="0" />
      <property name="suiteName" value="Related resources for groups US139107" />
      <property name="capabilities" value="chrome.137_0_7151_69.windows" />
      <property name="file" value="file:///D:/a/1/s/test/specs/R2C/related-resources-area-rpg.spec.js" />
    </properties>
  </testsuite>
</testsuites>