<?xml version="1.0" encoding="UTF-8"?>
<testsuites tests="24" failures="0" errors="0" skipped="0">
  <testsuite timestamp="2025-05-06T15:41:30" time="676.928" tests="5" failures="0" errors="0" skipped="0">
    <properties>
      <property name="specId" value="0" />
      <property name="suiteName" value="Manage Requests Tags Tests US120163" />
      <property name="capabilities" value="chrome.135_0_7049_115.windows" />
      <property name="file" value="file:///D:/a/1/s/test/specs/R2C/create-request-Tags.spec.js" />
    </properties>
    <testcase classname="chrome.135_0_7049_115.windows.Manage_Requests_Tags_Tests_US120163" name="Should create a new yard" time="129.49">
      <system-out><![CDATA[
COMMAND: POST /session/4f73fbc7686585ab41e1ef1183ea1846/execute/async - {"script":"<script> [1562 bytes]","args":[{"selector":{"controlType":"sap.m.GenericTile","properties":{"header":"Manage Yards"}},"wdio_ui5_key":"sapm.GenericTile{\"header\":\"Manage Yards\"}"}]}
RESULT: {"script":"<script> [1562 bytes]","args":[{"selector":{"controlType":"sap.m.GenericTile","properties":{"header":"Manage Yards"}},"wdio_ui5_key":"sapm.GenericTile{\"header\":\"Manage Yards\"}"}]}
RESULT: undefined
COMMAND: POST /session/4f73fbc7686585ab41e1ef1183ea1846/element - {"using":"xpath","value":"//*[@id=\"__tile41\"]"}
RESULT: {"using":"xpath","value":"//*[@id=\"__tile41\"]"}
COMMAND: POST /session/4f73fbc7686585ab41e1ef1183ea1846/element/f.37EC1E53C27724E540A226988372354E.d.3100FD37DBE0123FF9E4FDD01E85FC54.e.128/click - {}
RESULT: {}
COMMAND: GET /session/4f73fbc7686585ab41e1ef1183ea1846/screenshot - {}
RESULT: {}
COMMAND: POST /session/4f73fbc7686585ab41e1ef1183ea1846/execute/async - {"script":"<script> [1562 bytes]","args":[{"selector":{"controlType":"sap.ui.core.Icon","viewName":"etm.portal.ui.manageyards.view.Master","viewId":"application-manageyards-display-component---masterYard","properties":{"src":{"regex":{"source":"add"}}}},"wdio_ui5_key":"etmportal.ui.manageyards.view.Mastersap.ui.core.Icon{\"src\":{\"regex\":{\"source\":\"add\"}}}"}]}
RESULT: {"script":"<script> [1562 bytes]","args":[{"selector":{"controlType":"sap.ui.core.Icon","viewName":"etm.portal.ui.manageyards.view.Master","viewId":"application-manageyards-display-component---masterYard","properties":{"src":{"regex":{"source":"add"}}}},"wdio_ui5_key":"etmportal.ui.manageyards.view.Mastersap.ui.core.Icon{\"src\":{\"regex\":{\"source\":\"add\"}}}"}]}
RESULT: undefined
COMMAND: POST /session/4f73fbc7686585ab41e1ef1183ea1846/element - {"using":"xpath","value":"//*[@id=\"__button4-img\"]"}
RESULT: {"using":"xpath","value":"//*[@id=\"__button4-img\"]"}
COMMAND: POST /session/4f73fbc7686585ab41e1ef1183ea1846/element/f.37EC1E53C27724E540A226988372354E.d.3100FD37DBE0123FF9E4FDD01E85FC54.e.176/click - {}
RESULT: {}
COMMAND: GET /session/4f73fbc7686585ab41e1ef1183ea1846/screenshot - {}
RESULT: {}
COMMAND: POST /session/4f73fbc7686585ab41e1ef1183ea1846/execute/async - {"script":"<script> [1562 bytes]","args":[{"selector":{"id":"application-manageyards-display-component---NewYard--yardId","interaction":{"idSuffix":"inner"}},"wdio_ui5_key":"applicationmanageyards-display-component---NewYard--yardId"}]}
RESULT: {"script":"<script> [1562 bytes]","args":[{"selector":{"id":"application-manageyards-display-component---NewYard--yardId","interaction":{"idSuffix":"inner"}},"wdio_ui5_key":"applicationmanageyards-display-component---NewYard--yardId"}]}
RESULT: undefined
COMMAND: POST /session/4f73fbc7686585ab41e1ef1183ea1846/element - {"using":"xpath","value":"//*[@id=\"application-manageyards-display-component---NewYard--addressDetailDetailsName1-inner\"]"}
RESULT: {"using":"xpath","value":"//*[@id=\"application-manageyards-display-component---NewYard--addressDetailDetailsName1-inner\"]"}
COMMAND: POST /session/4f73fbc7686585ab41e1ef1183ea1846/element/f.37EC1E53C27724E540A226988372354E.d.3100FD37DBE0123FF9E4FDD01E85FC54.e.390/clear - {}
RESULT: {}
COMMAND: POST /session/4f73fbc7686585ab41e1ef1183ea1846/element/f.37EC1E53C27724E540A226988372354E.d.3100FD37DBE0123FF9E4FDD01E85FC54.e.390/value - {"text":"WebdriverYarddw5pc"}
COMMAND: GET /session/4f73fbc7686585ab41e1ef1183ea1846/screenshot - {}
RESULT: {"text":"WebdriverYarddw5pc"}
COMMAND: POST /session/4f73fbc7686585ab41e1ef1183ea1846/element - {"using":"xpath","value":"//*[@id=\"application-manageyards-display-component---NewYard--addressDetailDetailsLanguage-inner\"]"}
COMMAND: GET /session/4f73fbc7686585ab41e1ef1183ea1846/screenshot - {}
RESULT: {}
RESULT: {"using":"xpath","value":"//*[@id=\"application-manageyards-display-component---NewYard--addressDetailDetailsLanguage-inner\"]"}
COMMAND: POST /session/4f73fbc7686585ab41e1ef1183ea1846/element/f.37EC1E53C27724E540A226988372354E.d.3100FD37DBE0123FF9E4FDD01E85FC54.e.391/clear - {}
RESULT: {}
RESULT: {}
COMMAND: POST /session/4f73fbc7686585ab41e1ef1183ea1846/element/f.37EC1E53C27724E540A226988372354E.d.3100FD37DBE0123FF9E4FDD01E85FC54.e.391/value - {"text":"Romanian"}
COMMAND: GET /session/4f73fbc7686585ab41e1ef1183ea1846/screenshot - {}
RESULT: {"text":"Romanian"}
COMMAND: POST /session/4f73fbc7686585ab41e1ef1183ea1846/element - {"using":"xpath","value":"//input[contains(@id ,\"application-manageyards-display-component---NewYard--addressDetailDetailsName1-inner\")]"}
COMMAND: GET /session/4f73fbc7686585ab41e1ef1183ea1846/screenshot - {}
RESULT: {}
RESULT: {"using":"xpath","value":"//input[contains(@id ,\"application-manageyards-display-component---NewYard--addressDetailDetailsName1-inner\")]"}
COMMAND: GET /session/4f73fbc7686585ab41e1ef1183ea1846/element/f.37EC1E53C27724E540A226988372354E.d.3100FD37DBE0123FF9E4FDD01E85FC54.e.390/property/value - {}
RESULT: {}
RESULT: {}
COMMAND: GET /session/4f73fbc7686585ab41e1ef1183ea1846/screenshot - {}
RESULT: {}
COMMAND: POST /session/4f73fbc7686585ab41e1ef1183ea1846/element - {"using":"xpath","value":"//*[@id=\"application-manageyards-display-component---NewYard--addressDetailDetailsCity1-inner\"]"}
RESULT: {"using":"xpath","value":"//*[@id=\"application-manageyards-display-component---NewYard--addressDetailDetailsCity1-inner\"]"}
COMMAND: POST /session/4f73fbc7686585ab41e1ef1183ea1846/element/f.37EC1E53C27724E540A226988372354E.d.3100FD37DBE0123FF9E4FDD01E85FC54.e.393/clear - {}
RESULT: {}
COMMAND: POST /session/4f73fbc7686585ab41e1ef1183ea1846/element/f.37EC1E53C27724E540A226988372354E.d.3100FD37DBE0123FF9E4FDD01E85FC54.e.393/value - {"text":"Bucuresti"}
COMMAND: GET /session/4f73fbc7686585ab41e1ef1183ea1846/screenshot - {}
RESULT: {}
RESULT: {"text":"Bucuresti"}
COMMAND: GET /session/4f73fbc7686585ab41e1ef1183ea1846/screenshot - {}
RESULT: {}
COMMAND: POST /session/4f73fbc7686585ab41e1ef1183ea1846/element - {"using":"xpath","value":"//*[@id=\"application-manageyards-display-component---NewYard--addressDetailDetailsCountry-inner\"]"}
RESULT: {"using":"xpath","value":"//*[@id=\"application-manageyards-display-component---NewYard--addressDetailDetailsCountry-inner\"]"}
COMMAND: POST /session/4f73fbc7686585ab41e1ef1183ea1846/element/f.37EC1E53C27724E540A226988372354E.d.3100FD37DBE0123FF9E4FDD01E85FC54.e.397/clear - {}
RESULT: {}
COMMAND: POST /session/4f73fbc7686585ab41e1ef1183ea1846/element/f.37EC1E53C27724E540A226988372354E.d.3100FD37DBE0123FF9E4FDD01E85FC54.e.397/value - {"text":"Romania"}
COMMAND: GET /session/4f73fbc7686585ab41e1ef1183ea1846/screenshot - {}
RESULT: {"text":"Romania"}
COMMAND: GET /session/4f73fbc7686585ab41e1ef1183ea1846/screenshot - {}
RESULT: {}
RESULT: {}
COMMAND: POST /session/4f73fbc7686585ab41e1ef1183ea1846/element - {"using":"xpath","value":"//div[contains(text(), \"Commercial\")]"}
RESULT: {"using":"xpath","value":"//div[contains(text(), \"Commercial\")]"}
COMMAND: GET /session/4f73fbc7686585ab41e1ef1183ea1846/element/f.37EC1E53C27724E540A226988372354E.d.3100FD37DBE0123FF9E4FDD01E85FC54.e.586/rect - {}
RESULT: {}
COMMAND: GET /session/4f73fbc7686585ab41e1ef1183ea1846/window/rect - {}
RESULT: {}
COMMAND: POST /session/4f73fbc7686585ab41e1ef1183ea1846/execute/sync - {"script":"<script> [92 bytes]","args":[]}
RESULT: {"script":"<script> [92 bytes]","args":[]}
COMMAND: POST /session/4f73fbc7686585ab41e1ef1183ea1846/actions - {"actions":[{"id":"action1","type":"wheel","parameters":{},"actions":[{"type":"scroll","x":-1841,"y":-44,"deltaX":0,"deltaY":0,"duration":0,"origin":{"element-6066-11e4-a52e-4f735466cecf":"f.37EC1E53C27724E540A226988372354E.d.3100FD37DBE0123FF9E4FDD01E85FC54.e.586"}}]}]}
COMMAND: GET /session/4f73fbc7686585ab41e1ef1183ea1846/screenshot - {}
RESULT: {}
COMMAND: POST /session/4f73fbc7686585ab41e1ef1183ea1846/execute/sync - {"script":"<script> [79 bytes]","args":[{"element-6066-11e4-a52e-4f735466cecf":"f.37EC1E53C27724E540A226988372354E.d.3100FD37DBE0123FF9E4FDD01E85FC54.e.586","ELEMENT":"f.37EC1E53C27724E540A226988372354E.d.3100FD37DBE0123FF9E4FDD01E85FC54.e.586"},{"block":"start","inline":"nearest"}]}
RESULT: {"script":"<script> [79 bytes]","args":[{"element-6066-11e4-a52e-4f735466cecf":"f.37EC1E53C27724E540A226988372354E.d.3100FD37DBE0123FF9E4FDD01E85FC54.e.586","ELEMENT":"f.37EC1E53C27724E540A226988372354E.d.3100FD37DBE0123FF9E4FDD01E85FC54.e.586"},{"block":"start","inline":"nearest"}]}
COMMAND: GET /session/4f73fbc7686585ab41e1ef1183ea1846/screenshot - {}
RESULT: {}
COMMAND: POST /session/4f73fbc7686585ab41e1ef1183ea1846/execute/async - {"script":"<script> [1562 bytes]","args":[{"selector":{"id":"application-manageyards-display-component---NewYard--addressEditDetailsCostObjectCstType-arrow"},"wdio_ui5_key":"applicationmanageyards-display-component---NewYard--addressEditDetailsCostObjectCstType-arrow"}]}
RESULT: {"script":"<script> [1562 bytes]","args":[{"selector":{"id":"application-manageyards-display-component---NewYard--addressEditDetailsCostObjectCstType-arrow"},"wdio_ui5_key":"applicationmanageyards-display-component---NewYard--addressEditDetailsCostObjectCstType-arrow"}]}
RESULT: undefined
COMMAND: POST /session/4f73fbc7686585ab41e1ef1183ea1846/element - {"using":"xpath","value":"//*[@id=\"application-manageyards-display-component---NewYard--addressEditDetailsCostObjectCstType-arrow\"]"}
RESULT: {"using":"xpath","value":"//*[@id=\"application-manageyards-display-component---NewYard--addressEditDetailsCostObjectCstType-arrow\"]"}
COMMAND: POST /session/4f73fbc7686585ab41e1ef1183ea1846/element/f.37EC1E53C27724E540A226988372354E.d.3100FD37DBE0123FF9E4FDD01E85FC54.e.594/click - {}
RESULT: {}
COMMAND: POST /session/4f73fbc7686585ab41e1ef1183ea1846/element - {"using":"xpath","value":"//span[contains(text(), \"Cost Center\")]"}
COMMAND: GET /session/4f73fbc7686585ab41e1ef1183ea1846/screenshot - {}
RESULT: {"using":"xpath","value":"//span[contains(text(), \"Cost Center\")]"}
COMMAND: POST /session/4f73fbc7686585ab41e1ef1183ea1846/element/f.37EC1E53C27724E540A226988372354E.d.3100FD37DBE0123FF9E4FDD01E85FC54.e.595/click - {}
RESULT: {}
RESULT: {}
COMMAND: GET /session/4f73fbc7686585ab41e1ef1183ea1846/screenshot - {}
RESULT: {}
COMMAND: POST /session/4f73fbc7686585ab41e1ef1183ea1846/execute/async - {"script":"<script> [1562 bytes]","args":[{"selector":{"id":"application-manageyards-display-component---NewYard--addressNewCostObjectCstID-vhi"},"wdio_ui5_key":"applicationmanageyards-display-component---NewYard--addressNewCostObjectCstID-vhi"}]}
RESULT: {"script":"<script> [1562 bytes]","args":[{"selector":{"id":"application-manageyards-display-component---NewYard--addressNewCostObjectCstID-vhi"},"wdio_ui5_key":"applicationmanageyards-display-component---NewYard--addressNewCostObjectCstID-vhi"}]}
RESULT: undefined
COMMAND: POST /session/4f73fbc7686585ab41e1ef1183ea1846/element - {"using":"xpath","value":"//*[@id=\"application-manageyards-display-component---NewYard--addressNewCostObjectCstID-vhi\"]"}
RESULT: {"using":"xpath","value":"//*[@id=\"application-manageyards-display-component---NewYard--addressNewCostObjectCstID-vhi\"]"}
COMMAND: POST /session/4f73fbc7686585ab41e1ef1183ea1846/element/f.37EC1E53C27724E540A226988372354E.d.3100FD37DBE0123FF9E4FDD01E85FC54.e.599/click - {}
RESULT: {}
COMMAND: GET /session/4f73fbc7686585ab41e1ef1183ea1846/screenshot - {}
RESULT: {}
COMMAND: POST /session/4f73fbc7686585ab41e1ef1183ea1846/execute/async - {"script":"<script> [1562 bytes]","args":[{"selector":{"controlType":"sap.m.SearchField","properties":{"placeholder":"Search"},"searchOpenDialogs":true,"interaction":{"idSuffix":"I"}},"wdio_ui5_key":"sapm.SearchField{\"placeholder\":\"Search\"}"}]}
RESULT: {"script":"<script> [1562 bytes]","args":[{"selector":{"controlType":"sap.m.SearchField","properties":{"placeholder":"Search"},"searchOpenDialogs":true,"interaction":{"idSuffix":"I"}},"wdio_ui5_key":"sapm.SearchField{\"placeholder\":\"Search\"}"}]}
RESULT: undefined
COMMAND: POST /session/4f73fbc7686585ab41e1ef1183ea1846/execute/async - {"script":"<script> [776 bytes]","args":[{"enterText":"10001013","selector":{"controlType":"sap.m.SearchField","properties":{"placeholder":"Search"},"searchOpenDialogs":true,"interaction":{"idSuffix":"I"}},"clearTextFirst":true,"interactionType":"ENTER_TEXT"}]}
RESULT: {"script":"<script> [776 bytes]","args":[{"enterText":"10001013","selector":{"controlType":"sap.m.SearchField","properties":{"placeholder":"Search"},"searchOpenDialogs":true,"interaction":{"idSuffix":"I"}},"clearTextFirst":true,"interactionType":"ENTER_TEXT"}]}
COMMAND: POST /session/4f73fbc7686585ab41e1ef1183ea1846/actions - {"actions":[{"id":"action2","type":"key","parameters":{},"actions":[{"type":"keyDown","value":"î€‡"},{"type":"pause","duration":10},{"type":"keyUp","value":"î€‡"}]}]}
RESULT: {"actions":[{"id":"action2","type":"key","parameters":{},"actions":[{"type":"keyDown","value":"î€‡"},{"type":"pause","duration":10},{"type":"keyUp","value":"î€‡"}]}]}
COMMAND: GET /session/4f73fbc7686585ab41e1ef1183ea1846/screenshot - {}
RESULT: {}
COMMAND: POST /session/4f73fbc7686585ab41e1ef1183ea1846/element - {"using":"xpath","value":"//span[contains(text(), \"General Management\")]"}
RESULT: {"using":"xpath","value":"//span[contains(text(), \"General Management\")]"}
COMMAND: POST /session/4f73fbc7686585ab41e1ef1183ea1846/element/f.37EC1E53C27724E540A226988372354E.d.3100FD37DBE0123FF9E4FDD01E85FC54.e.609/click - {}
RESULT: {}
COMMAND: GET /session/4f73fbc7686585ab41e1ef1183ea1846/screenshot - {}
RESULT: {}
COMMAND: POST /session/4f73fbc7686585ab41e1ef1183ea1846/element - {"using":"xpath","value":"//bdi[contains(text(), \"OK\")]"}
RESULT: {"using":"xpath","value":"//bdi[contains(text(), \"OK\")]"}
COMMAND: POST /session/4f73fbc7686585ab41e1ef1183ea1846/element/f.37EC1E53C27724E540A226988372354E.d.3100FD37DBE0123FF9E4FDD01E85FC54.e.611/click - {}
RESULT: {}
COMMAND: GET /session/4f73fbc7686585ab41e1ef1183ea1846/screenshot - {}
RESULT: {}
COMMAND: POST /session/4f73fbc7686585ab41e1ef1183ea1846/execute/async - {"script":"<script> [1562 bytes]","args":[{"selector":{"controlType":"sap.m.Button","viewName":"etm.portal.ui.manageyards.view.New","viewId":"application-manageyards-display-component---NewYard","i18NText":{"propertyName":"text","key":"save"},"interaction":{"idSuffix":"inner"}},"wdio_ui5_key":"etmportal.ui.manageyards.view.Newsap.m.Button{\"propertyName\":\"text\",\"key\":\"save\"}"}]}
RESULT: {"script":"<script> [1562 bytes]","args":[{"selector":{"controlType":"sap.m.Button","viewName":"etm.portal.ui.manageyards.view.New","viewId":"application-manageyards-display-component---NewYard","i18NText":{"propertyName":"text","key":"save"},"interaction":{"idSuffix":"inner"}},"wdio_ui5_key":"etmportal.ui.manageyards.view.Newsap.m.Button{\"propertyName\":\"text\",\"key\":\"save\"}"}]}
RESULT: undefined
COMMAND: POST /session/4f73fbc7686585ab41e1ef1183ea1846/element - {"using":"xpath","value":"//*[@id=\"__button18\"]"}
RESULT: {"using":"xpath","value":"//*[@id=\"__button18\"]"}
COMMAND: POST /session/4f73fbc7686585ab41e1ef1183ea1846/element/f.37EC1E53C27724E540A226988372354E.d.3100FD37DBE0123FF9E4FDD01E85FC54.e.566/click - {}
RESULT: {}
COMMAND: GET /session/4f73fbc7686585ab41e1ef1183ea1846/screenshot - {}
RESULT: {}
COMMAND: POST /session/4f73fbc7686585ab41e1ef1183ea1846/element - {"using":"xpath","value":"//header/div/div[2]/div[2]/span"}
RESULT: {"using":"xpath","value":"//header/div/div[2]/div[2]/span"}
COMMAND: GET /session/4f73fbc7686585ab41e1ef1183ea1846/element/f.37EC1E53C27724E540A226988372354E.d.3100FD37DBE0123FF9E4FDD01E85FC54.e.809/text - {}
RESULT: {}
COMMAND: POST /session/4f73fbc7686585ab41e1ef1183ea1846/execute/async - {"script":"<script> [1562 bytes]","args":[{"selector":{"controlType":"sap.m.OverflowToolbarButton","viewName":"etm.portal.ui.manageyards.view.Detail","viewId":"application-manageyards-display-component---detailYard","i18NText":{"propertyName":"tooltip","key":"closeColumn"},"interaction":{"idSuffix":"inner"}},"wdio_ui5_key":"etmportal.ui.manageyards.view.Detailsap.m.OverflowToolbarButton{\"propertyName\":\"tooltip\",\"key\":\"closeColumn\"}"}]}
RESULT: {"script":"<script> [1562 bytes]","args":[{"selector":{"controlType":"sap.m.OverflowToolbarButton","viewName":"etm.portal.ui.manageyards.view.Detail","viewId":"application-manageyards-display-component---detailYard","i18NText":{"propertyName":"tooltip","key":"closeColumn"},"interaction":{"idSuffix":"inner"}},"wdio_ui5_key":"etmportal.ui.manageyards.view.Detailsap.m.OverflowToolbarButton{\"propertyName\":\"tooltip\",\"key\":\"closeColumn\"}"}]}
RESULT: undefined
COMMAND: POST /session/4f73fbc7686585ab41e1ef1183ea1846/element - {"using":"xpath","value":"//*[@id=\"__button42\"]"}
RESULT: {"using":"xpath","value":"//*[@id=\"__button42\"]"}
COMMAND: POST /session/4f73fbc7686585ab41e1ef1183ea1846/element/f.37EC1E53C27724E540A226988372354E.d.3100FD37DBE0123FF9E4FDD01E85FC54.e.811/click - {}
RESULT: {}
COMMAND: GET /session/4f73fbc7686585ab41e1ef1183ea1846/screenshot - {}
RESULT: {}
COMMAND: POST /session/4f73fbc7686585ab41e1ef1183ea1846/element - {"using":"css selector","value":"#shell-header-logo"}
RESULT: {"using":"css selector","value":"#shell-header-logo"}
COMMAND: POST /session/4f73fbc7686585ab41e1ef1183ea1846/element/f.37EC1E53C27724E540A226988372354E.d.3100FD37DBE0123FF9E4FDD01E85FC54.e.131/click - {}
RESULT: {}
COMMAND: GET /session/4f73fbc7686585ab41e1ef1183ea1846/screenshot - {}
RESULT: {}
COMMAND: POST /session/4f73fbc7686585ab41e1ef1183ea1846/refresh - {}
RESULT: {}
COMMAND: GET /session/4f73fbc7686585ab41e1ef1183ea1846/screenshot - {}
RESULT: {}
COMMAND: POST /session/4f73fbc7686585ab41e1ef1183ea1846/execute/async - {"script":"<script> [189 bytes]","args":[]}
RESULT: {"script":"<script> [189 bytes]","args":[]}
COMMAND: POST /session/4f73fbc7686585ab41e1ef1183ea1846/execute/async - {"script":"<script> [123 bytes]","args":[]}
RESULT: {"script":"<script> [123 bytes]","args":[]}
COMMAND: POST /session/4f73fbc7686585ab41e1ef1183ea1846/timeouts - {"script":"<number>"}
RESULT: {"script":"<number>"}
COMMAND: GET /session/4f73fbc7686585ab41e1ef1183ea1846/timeouts - {}
RESULT: {}
RESULT: undefined
COMMAND: POST /session/4f73fbc7686585ab41e1ef1183ea1846/execute/async - {"script":"<script> [2676 bytes]","args":[]}
RESULT: {"script":"<script> [2676 bytes]","args":[]}
COMMAND: POST /session/4f73fbc7686585ab41e1ef1183ea1846/execute/async - {"script":"<script> [2342 bytes]","args":[{"protocol":"http","hostname":"0.0.0.0","path":"/","capabilities":{"browserName":"chrome","goog:chromeOptions":{"binary":"C:\\Program Files\\Google\\Chrome\\Application\\chrome.exe","args":["--start-maximized"]}},"logLevel":"warn","connectionRetryTimeout":120000,"connectionRetryCount":3,"logLevels":{},"enableDirectConnect":true,"strictSSL":true,"_":"65 more keys: [\"cacheDir\",\"port\",\"requestedCapabilities\",\"automationProtocol\",\"baseUrl\",\"waitforInterval\",\"waitforTimeout\",\"onReload\",\"beforeCommand\",\"afterCommand\",\"rootDir\",\"specs\",\"suites\",\"exclude\",\"groupLogsByTestSpec\",\"excludeDriverLogs\",\"bail\",\"framework\",\"reporters\",\"services\",\"maxInstances\",\"maxInstancesPerCapability\",\"injectGlobals\",\"filesToWatch\",\"execArgv\",\"runnerEnv\",\"runner\",\"shard\",\"specFileRetries\",\"specFileRetriesDelay\",\"specFileRetriesDeferred\",\"reporterSyncInterval\",\"reporterSyncTimeout\",\"cucumberFeaturesWithLineNumbers\",\"autoCompileOpts\",\"mochaOpts\",\"jasmineOpts\",\"cucumberOpts\",\"onPrepare\",\"onWorkerStart\",\"onWorkerEnd\",\"before\",\"beforeSession\",\"beforeSuite\",\"beforeHook\",\"beforeTest\",\"afterTest\",\"afterHook\",\"afterSuite\",\"afterSession\",\"after\",\"onComplete\",\"beforeAssertion\",\"afterAssertion\",\"beforeFeature\",\"beforeScenario\",\"beforeStep\",\"afterStep\",\"afterScenario\",\"afterFeature\",\"_\",\"suite\",\"$0\",\"ignoredWorkerServices\",\"wdi5\"]"}]}
RESULT: {"script":"<script> [2342 bytes]","args":[{"protocol":"http","hostname":"0.0.0.0","path":"/","capabilities":{"browserName":"chrome","goog:chromeOptions":{"binary":"C:\\Program Files\\Google\\Chrome\\Application\\chrome.exe","args":["--start-maximized"]}},"logLevel":"warn","connectionRetryTimeout":120000,"connectionRetryCount":3,"logLevels":{},"enableDirectConnect":true,"strictSSL":true,"_":"65 more keys: [\"cacheDir\",\"port\",\"requestedCapabilities\",\"automationProtocol\",\"baseUrl\",\"waitforInterval\",\"waitforTimeout\",\"onReload\",\"beforeCommand\",\"afterCommand\",\"rootDir\",\"specs\",\"suites\",\"exclude\",\"groupLogsByTestSpec\",\"excludeDriverLogs\",\"bail\",\"framework\",\"reporters\",\"services\",\"maxInstances\",\"maxInstancesPerCapability\",\"injectGlobals\",\"filesToWatch\",\"execArgv\",\"runnerEnv\",\"runner\",\"shard\",\"specFileRetries\",\"specFileRetriesDelay\",\"specFileRetriesDeferred\",\"reporterSyncInterval\",\"reporterSyncTimeout\",\"cucumberFeaturesWithLineNumbers\",\"autoCompileOpts\",\"mochaOpts\",\"jasmineOpts\",\"cucumberOpts\",\"onPrepare\",\"onWorkerStart\",\"onWorkerEnd\",\"before\",\"beforeSession\",\"beforeSuite\",\"beforeHook\",\"beforeTest\",\"afterTest\",\"afterHook\",\"afterSuite\",\"afterSession\",\"after\",\"onComplete\",\"beforeAssertion\",\"afterAssertion\",\"beforeFeature\",\"beforeScenario\",\"beforeStep\",\"afterStep\",\"afterScenario\",\"afterFeature\",\"_\",\"suite\",\"$0\",\"ignoredWorkerServices\",\"wdi5\"]"}]}
COMMAND: POST /session/4f73fbc7686585ab41e1ef1183ea1846/execute/async - {"script":"<script> [21126 bytes]","args":[35000]}
RESULT: {"script":"<script> [21126 bytes]","args":[35000]}
]]></system-out>
    </testcase>
    <testcase classname="chrome.135_0_7049_115.windows.Manage_Requests_Tags_Tests_US120163" name="Should create a new partner" time="89.745">
      <system-out><![CDATA[
COMMAND: POST /session/4f73fbc7686585ab41e1ef1183ea1846/execute/async - {"script":"<script> [1562 bytes]","args":[{"selector":{"controlType":"sap.m.GenericTile","properties":{"header":"Manage Partners"}},"wdio_ui5_key":"sapm.GenericTile{\"header\":\"Manage Partners\"}"}]}
RESULT: {"script":"<script> [1562 bytes]","args":[{"selector":{"controlType":"sap.m.GenericTile","properties":{"header":"Manage Partners"}},"wdio_ui5_key":"sapm.GenericTile{\"header\":\"Manage Partners\"}"}]}
RESULT: undefined
COMMAND: POST /session/4f73fbc7686585ab41e1ef1183ea1846/element - {"using":"xpath","value":"//*[@id=\"__tile38\"]"}
RESULT: {"using":"xpath","value":"//*[@id=\"__tile38\"]"}
COMMAND: POST /session/4f73fbc7686585ab41e1ef1183ea1846/element/f.37EC1E53C27724E540A226988372354E.d.9F77D492215F50A4398154372E042D4C.e.1162/click - {}
RESULT: {}
COMMAND: GET /session/4f73fbc7686585ab41e1ef1183ea1846/screenshot - {}
RESULT: {}
COMMAND: POST /session/4f73fbc7686585ab41e1ef1183ea1846/execute/async - {"script":"<script> [1562 bytes]","args":[{"selector":{"controlType":"sap.ui.core.Icon","viewName":"etm.portal.ui.managepartners.view.Master","viewId":"application-managepartners-display-component---masterPtm","properties":{"src":{"regex":{"source":"add"}}}},"wdio_ui5_key":"etmportal.ui.managepartners.view.Mastersap.ui.core.Icon{\"src\":{\"regex\":{\"source\":\"add\"}}}"}]}
RESULT: {"script":"<script> [1562 bytes]","args":[{"selector":{"controlType":"sap.ui.core.Icon","viewName":"etm.portal.ui.managepartners.view.Master","viewId":"application-managepartners-display-component---masterPtm","properties":{"src":{"regex":{"source":"add"}}}},"wdio_ui5_key":"etmportal.ui.managepartners.view.Mastersap.ui.core.Icon{\"src\":{\"regex\":{\"source\":\"add\"}}}"}]}
RESULT: undefined
COMMAND: POST /session/4f73fbc7686585ab41e1ef1183ea1846/element - {"using":"xpath","value":"//*[@id=\"__button4-img\"]"}
RESULT: {"using":"xpath","value":"//*[@id=\"__button4-img\"]"}
COMMAND: POST /session/4f73fbc7686585ab41e1ef1183ea1846/element/f.37EC1E53C27724E540A226988372354E.d.9F77D492215F50A4398154372E042D4C.e.1214/click - {}
RESULT: {}
COMMAND: GET /session/4f73fbc7686585ab41e1ef1183ea1846/screenshot - {}
COMMAND: POST /session/4f73fbc7686585ab41e1ef1183ea1846/execute/async - {"script":"<script> [1562 bytes]","args":[{"selector":{"id":"application-managepartners-display-component---NewPartner--partnerId","interaction":{"idSuffix":"inner"}},"wdio_ui5_key":"applicationmanagepartners-display-component---NewPartner--partnerId"}]}
RESULT: {}
RESULT: {"script":"<script> [1562 bytes]","args":[{"selector":{"id":"application-managepartners-display-component---NewPartner--partnerId","interaction":{"idSuffix":"inner"}},"wdio_ui5_key":"applicationmanagepartners-display-component---NewPartner--partnerId"}]}
RESULT: undefined
COMMAND: POST /session/4f73fbc7686585ab41e1ef1183ea1846/execute/async - {"script":"<script> [1562 bytes]","args":[{"selector":{"id":"application-managepartners-display-component---NewPartner--addressDetailDetailsName1","interaction":{"idSuffix":"inner"}},"wdio_ui5_key":"applicationmanagepartners-display-component---NewPartner--addressDetailDetailsName1"}]}
RESULT: {"script":"<script> [1562 bytes]","args":[{"selector":{"id":"application-managepartners-display-component---NewPartner--addressDetailDetailsName1","interaction":{"idSuffix":"inner"}},"wdio_ui5_key":"applicationmanagepartners-display-component---NewPartner--addressDetailDetailsName1"}]}
RESULT: undefined
COMMAND: POST /session/4f73fbc7686585ab41e1ef1183ea1846/execute/async - {"script":"<script> [776 bytes]","args":[{"enterText":"WebdriverPartnerm55yg","selector":{"id":"application-managepartners-display-component---NewPartner--addressDetailDetailsName1","interaction":{"idSuffix":"inner"}},"clearTextFirst":true,"interactionType":"ENTER_TEXT"}]}
RESULT: {"script":"<script> [776 bytes]","args":[{"enterText":"WebdriverPartnerm55yg","selector":{"id":"application-managepartners-display-component---NewPartner--addressDetailDetailsName1","interaction":{"idSuffix":"inner"}},"clearTextFirst":true,"interactionType":"ENTER_TEXT"}]}
COMMAND: POST /session/4f73fbc7686585ab41e1ef1183ea1846/execute/async - {"script":"<script> [1562 bytes]","args":[{"selector":{"id":"application-managepartners-display-component---NewPartner--addressDetailDetailsLanguage","interaction":{"idSuffix":"inner"}},"wdio_ui5_key":"applicationmanagepartners-display-component---NewPartner--addressDetailDetailsLanguage"}]}
RESULT: {"script":"<script> [1562 bytes]","args":[{"selector":{"id":"application-managepartners-display-component---NewPartner--addressDetailDetailsLanguage","interaction":{"idSuffix":"inner"}},"wdio_ui5_key":"applicationmanagepartners-display-component---NewPartner--addressDetailDetailsLanguage"}]}
RESULT: undefined
COMMAND: POST /session/4f73fbc7686585ab41e1ef1183ea1846/execute/async - {"script":"<script> [776 bytes]","args":[{"enterText":"Romanian","selector":{"id":"application-managepartners-display-component---NewPartner--addressDetailDetailsLanguage","interaction":{"idSuffix":"inner"}},"clearTextFirst":true,"interactionType":"ENTER_TEXT"}]}
RESULT: {"script":"<script> [776 bytes]","args":[{"enterText":"Romanian","selector":{"id":"application-managepartners-display-component---NewPartner--addressDetailDetailsLanguage","interaction":{"idSuffix":"inner"}},"clearTextFirst":true,"interactionType":"ENTER_TEXT"}]}
COMMAND: POST /session/4f73fbc7686585ab41e1ef1183ea1846/element - {"using":"xpath","value":"//input[contains(@id ,\"application-managepartners-display-component---NewPartner--addressDetailDetailsName1-inner\")]"}
RESULT: {"using":"xpath","value":"//input[contains(@id ,\"application-managepartners-display-component---NewPartner--addressDetailDetailsName1-inner\")]"}
COMMAND: GET /session/4f73fbc7686585ab41e1ef1183ea1846/element/f.37EC1E53C27724E540A226988372354E.d.9F77D492215F50A4398154372E042D4C.e.1432/property/value - {}
RESULT: {}
COMMAND: POST /session/4f73fbc7686585ab41e1ef1183ea1846/execute/async - {"script":"<script> [1562 bytes]","args":[{"selector":{"id":"application-managepartners-display-component---NewPartner--addressDetailDetailsCity1","interaction":{"idSuffix":"inner"}},"wdio_ui5_key":"applicationmanagepartners-display-component---NewPartner--addressDetailDetailsCity1"}]}
COMMAND: GET /session/4f73fbc7686585ab41e1ef1183ea1846/screenshot - {}
RESULT: {"script":"<script> [1562 bytes]","args":[{"selector":{"id":"application-managepartners-display-component---NewPartner--addressDetailDetailsCity1","interaction":{"idSuffix":"inner"}},"wdio_ui5_key":"applicationmanagepartners-display-component---NewPartner--addressDetailDetailsCity1"}]}
RESULT: undefined
COMMAND: POST /session/4f73fbc7686585ab41e1ef1183ea1846/execute/async - {"script":"<script> [776 bytes]","args":[{"enterText":"Bucharest","selector":{"id":"application-managepartners-display-component---NewPartner--addressDetailDetailsCity1","interaction":{"idSuffix":"inner"}},"clearTextFirst":true,"interactionType":"ENTER_TEXT"}]}
RESULT: {}
RESULT: {"script":"<script> [776 bytes]","args":[{"enterText":"Bucharest","selector":{"id":"application-managepartners-display-component---NewPartner--addressDetailDetailsCity1","interaction":{"idSuffix":"inner"}},"clearTextFirst":true,"interactionType":"ENTER_TEXT"}]}
COMMAND: POST /session/4f73fbc7686585ab41e1ef1183ea1846/execute/async - {"script":"<script> [1562 bytes]","args":[{"selector":{"id":"application-managepartners-display-component---NewPartner--addressDetailDetailsCountry","interaction":{"idSuffix":"inner"}},"wdio_ui5_key":"applicationmanagepartners-display-component---NewPartner--addressDetailDetailsCountry"}]}
RESULT: {"script":"<script> [1562 bytes]","args":[{"selector":{"id":"application-managepartners-display-component---NewPartner--addressDetailDetailsCountry","interaction":{"idSuffix":"inner"}},"wdio_ui5_key":"applicationmanagepartners-display-component---NewPartner--addressDetailDetailsCountry"}]}
RESULT: undefined
COMMAND: POST /session/4f73fbc7686585ab41e1ef1183ea1846/execute/async - {"script":"<script> [6424 bytes]","args":[{"element-6066-11e4-a52e-4f735466cecf":"f.37EC1E53C27724E540A226988372354E.d.9F77D492215F50A4398154372E042D4C.e.1439"},"setValue",["Romania"]]}
RESULT: {"script":"<script> [6424 bytes]","args":[{"element-6066-11e4-a52e-4f735466cecf":"f.37EC1E53C27724E540A226988372354E.d.9F77D492215F50A4398154372E042D4C.e.1439"},"setValue",["Romania"]]}
COMMAND: POST /session/4f73fbc7686585ab41e1ef1183ea1846/execute/async - {"script":"<script> [1562 bytes]","args":[{"selector":{"id":"application-managepartners-display-component---NewPartner--partnerDetailInternal","interaction":{"idSuffix":"inner"}},"wdio_ui5_key":"applicationmanagepartners-display-component---NewPartner--partnerDetailInternal"}]}
RESULT: {"script":"<script> [1562 bytes]","args":[{"selector":{"id":"application-managepartners-display-component---NewPartner--partnerDetailInternal","interaction":{"idSuffix":"inner"}},"wdio_ui5_key":"applicationmanagepartners-display-component---NewPartner--partnerDetailInternal"}]}
RESULT: undefined
COMMAND: POST /session/4f73fbc7686585ab41e1ef1183ea1846/execute/async - {"script":"<script> [776 bytes]","args":[{"enterText":"External partner","selector":{"id":"application-managepartners-display-component---NewPartner--partnerDetailInternal","interaction":{"idSuffix":"inner"}},"clearTextFirst":true,"interactionType":"ENTER_TEXT"}]}
RESULT: {"script":"<script> [776 bytes]","args":[{"enterText":"External partner","selector":{"id":"application-managepartners-display-component---NewPartner--partnerDetailInternal","interaction":{"idSuffix":"inner"}},"clearTextFirst":true,"interactionType":"ENTER_TEXT"}]}
COMMAND: POST /session/4f73fbc7686585ab41e1ef1183ea1846/execute/async - {"script":"<script> [1562 bytes]","args":[{"selector":{"id":"application-managepartners-display-component---NewPartner--partnerDetailsCurrency","interaction":{"idSuffix":"inner"}},"wdio_ui5_key":"applicationmanagepartners-display-component---NewPartner--partnerDetailsCurrency"}]}
RESULT: {"script":"<script> [1562 bytes]","args":[{"selector":{"id":"application-managepartners-display-component---NewPartner--partnerDetailsCurrency","interaction":{"idSuffix":"inner"}},"wdio_ui5_key":"applicationmanagepartners-display-component---NewPartner--partnerDetailsCurrency"}]}
RESULT: undefined
COMMAND: POST /session/4f73fbc7686585ab41e1ef1183ea1846/execute/async - {"script":"<script> [776 bytes]","args":[{"enterText":"Euro","selector":{"id":"application-managepartners-display-component---NewPartner--partnerDetailsCurrency","interaction":{"idSuffix":"inner"}},"clearTextFirst":true,"interactionType":"ENTER_TEXT"}]}
RESULT: {"script":"<script> [776 bytes]","args":[{"enterText":"Euro","selector":{"id":"application-managepartners-display-component---NewPartner--partnerDetailsCurrency","interaction":{"idSuffix":"inner"}},"clearTextFirst":true,"interactionType":"ENTER_TEXT"}]}
COMMAND: POST /session/4f73fbc7686585ab41e1ef1183ea1846/execute/async - {"script":"<script> [1562 bytes]","args":[{"selector":{"controlType":"sap.m.Button","viewName":"etm.portal.ui.managepartners.view.NewPartner","viewId":"application-managepartners-display-component---NewPartner","properties":{"text":"Commercial"},"interaction":{"idSuffix":"BDI-content"}},"wdio_ui5_key":"etmportal.ui.managepartners.view.NewPartnersap.m.Button{\"text\":\"Commercial\"}"}]}
RESULT: {"script":"<script> [1562 bytes]","args":[{"selector":{"controlType":"sap.m.Button","viewName":"etm.portal.ui.managepartners.view.NewPartner","viewId":"application-managepartners-display-component---NewPartner","properties":{"text":"Commercial"},"interaction":{"idSuffix":"BDI-content"}},"wdio_ui5_key":"etmportal.ui.managepartners.view.NewPartnersap.m.Button{\"text\":\"Commercial\"}"}]}
RESULT: undefined
COMMAND: POST /session/4f73fbc7686585ab41e1ef1183ea1846/element - {"using":"xpath","value":"//*[@id=\"application-managepartners-display-component---NewPartner--ObjectPageLayout-anchBar-__section5-anchor\"]"}
RESULT: {"using":"xpath","value":"//*[@id=\"application-managepartners-display-component---NewPartner--ObjectPageLayout-anchBar-__section5-anchor\"]"}
COMMAND: POST /session/4f73fbc7686585ab41e1ef1183ea1846/element/f.37EC1E53C27724E540A226988372354E.d.9F77D492215F50A4398154372E042D4C.e.1636/click - {}
RESULT: {}
COMMAND: GET /session/4f73fbc7686585ab41e1ef1183ea1846/screenshot - {}
RESULT: {}
COMMAND: POST /session/4f73fbc7686585ab41e1ef1183ea1846/execute/async - {"script":"<script> [1562 bytes]","args":[{"selector":{"id":"application-managepartners-display-component---NewPartner--btnAddTableRow-img"},"wdio_ui5_key":"applicationmanagepartners-display-component---NewPartner--btnAddTableRow-img"}]}
RESULT: {"script":"<script> [1562 bytes]","args":[{"selector":{"id":"application-managepartners-display-component---NewPartner--btnAddTableRow-img"},"wdio_ui5_key":"applicationmanagepartners-display-component---NewPartner--btnAddTableRow-img"}]}
RESULT: undefined
COMMAND: POST /session/4f73fbc7686585ab41e1ef1183ea1846/element - {"using":"xpath","value":"//*[@id=\"application-managepartners-display-component---NewPartner--btnAddTableRow-img\"]"}
RESULT: {"using":"xpath","value":"//*[@id=\"application-managepartners-display-component---NewPartner--btnAddTableRow-img\"]"}
COMMAND: POST /session/4f73fbc7686585ab41e1ef1183ea1846/element/f.37EC1E53C27724E540A226988372354E.d.9F77D492215F50A4398154372E042D4C.e.1642/click - {}
RESULT: {}
COMMAND: POST /session/4f73fbc7686585ab41e1ef1183ea1846/element - {"using":"xpath","value":"//input[contains(@id ,\"application-managepartners-display-component---NewPartner--assignmentYard-application-managepartners-display-component---NewPartner\")]"}
COMMAND: GET /session/4f73fbc7686585ab41e1ef1183ea1846/screenshot - {}
RESULT: {"using":"xpath","value":"//input[contains(@id ,\"application-managepartners-display-component---NewPartner--assignmentYard-application-managepartners-display-component---NewPartner\")]"}
COMMAND: POST /session/4f73fbc7686585ab41e1ef1183ea1846/element/f.37EC1E53C27724E540A226988372354E.d.9F77D492215F50A4398154372E042D4C.e.1647/clear - {}
RESULT: {}
RESULT: {}
COMMAND: POST /session/4f73fbc7686585ab41e1ef1183ea1846/element/f.37EC1E53C27724E540A226988372354E.d.9F77D492215F50A4398154372E042D4C.e.1647/value - {"text":"631"}
COMMAND: GET /session/4f73fbc7686585ab41e1ef1183ea1846/screenshot - {}
RESULT: {"text":"631"}
COMMAND: GET /session/4f73fbc7686585ab41e1ef1183ea1846/screenshot - {}
RESULT: {}
RESULT: {}
COMMAND: POST /session/4f73fbc7686585ab41e1ef1183ea1846/execute/async - {"script":"<script> [1562 bytes]","args":[{"selector":{"controlType":"sap.m.Button","viewName":"etm.portal.ui.managepartners.view.NewPartner","viewId":"application-managepartners-display-component---NewPartner","i18NText":{"propertyName":"text","key":"save"},"interaction":{"idSuffix":"BDI-content"}},"wdio_ui5_key":"etmportal.ui.managepartners.view.NewPartnersap.m.Button{\"propertyName\":\"text\",\"key\":\"save\"}"}]}
RESULT: {"script":"<script> [1562 bytes]","args":[{"selector":{"controlType":"sap.m.Button","viewName":"etm.portal.ui.managepartners.view.NewPartner","viewId":"application-managepartners-display-component---NewPartner","i18NText":{"propertyName":"text","key":"save"},"interaction":{"idSuffix":"BDI-content"}},"wdio_ui5_key":"etmportal.ui.managepartners.view.NewPartnersap.m.Button{\"propertyName\":\"text\",\"key\":\"save\"}"}]}
RESULT: undefined
COMMAND: POST /session/4f73fbc7686585ab41e1ef1183ea1846/element - {"using":"xpath","value":"//*[@id=\"__button12\"]"}
RESULT: {"using":"xpath","value":"//*[@id=\"__button12\"]"}
COMMAND: POST /session/4f73fbc7686585ab41e1ef1183ea1846/element/f.37EC1E53C27724E540A226988372354E.d.9F77D492215F50A4398154372E042D4C.e.1609/click - {}
RESULT: {}
COMMAND: GET /session/4f73fbc7686585ab41e1ef1183ea1846/screenshot - {}
RESULT: {}
COMMAND: POST /session/4f73fbc7686585ab41e1ef1183ea1846/element - {"using":"xpath","value":"//header/div/div[2]/div[2]/span"}
RESULT: {"using":"xpath","value":"//header/div/div[2]/div[2]/span"}
COMMAND: GET /session/4f73fbc7686585ab41e1ef1183ea1846/element/f.37EC1E53C27724E540A226988372354E.d.9F77D492215F50A4398154372E042D4C.e.1818/text - {}
RESULT: {}
COMMAND: POST /session/4f73fbc7686585ab41e1ef1183ea1846/element - {"using":"xpath","value":"//header/div/div/div/div/div/div[2]/div/span"}
RESULT: {"using":"xpath","value":"//header/div/div/div/div/div/div[2]/div/span"}
COMMAND: GET /session/4f73fbc7686585ab41e1ef1183ea1846/element/f.37EC1E53C27724E540A226988372354E.d.9F77D492215F50A4398154372E042D4C.e.1819/text - {}
RESULT: {}
COMMAND: POST /session/4f73fbc7686585ab41e1ef1183ea1846/execute/async - {"script":"<script> [1562 bytes]","args":[{"selector":{"id":"application-managepartners-display-component---detailPtm--partnerType"},"wdio_ui5_key":"applicationmanagepartners-display-component---detailPtm--partnerType"}]}
RESULT: {"script":"<script> [1562 bytes]","args":[{"selector":{"id":"application-managepartners-display-component---detailPtm--partnerType"},"wdio_ui5_key":"applicationmanagepartners-display-component---detailPtm--partnerType"}]}
RESULT: undefined
COMMAND: POST /session/4f73fbc7686585ab41e1ef1183ea1846/execute/async - {"script":"<script> [6424 bytes]","args":[{"element-6066-11e4-a52e-4f735466cecf":"f.37EC1E53C27724E540A226988372354E.d.9F77D492215F50A4398154372E042D4C.e.1820"},"getText",[]]}
RESULT: {"script":"<script> [6424 bytes]","args":[{"element-6066-11e4-a52e-4f735466cecf":"f.37EC1E53C27724E540A226988372354E.d.9F77D492215F50A4398154372E042D4C.e.1820"},"getText",[]]}
COMMAND: POST /session/4f73fbc7686585ab41e1ef1183ea1846/element - {"using":"css selector","value":"#shell-header-logo"}
RESULT: {"using":"css selector","value":"#shell-header-logo"}
COMMAND: POST /session/4f73fbc7686585ab41e1ef1183ea1846/element/f.37EC1E53C27724E540A226988372354E.d.9F77D492215F50A4398154372E042D4C.e.1165/click - {}
RESULT: {}
COMMAND: GET /session/4f73fbc7686585ab41e1ef1183ea1846/screenshot - {}
RESULT: {}
]]></system-out>
    </testcase>
    <testcase classname="chrome.135_0_7049_115.windows.Manage_Requests_Tags_Tests_US120163" name="Should create a new site" time="100.393">
      <system-out><![CDATA[
COMMAND: POST /session/4f73fbc7686585ab41e1ef1183ea1846/execute/async - {"script":"<script> [1562 bytes]","args":[{"selector":{"controlType":"sap.m.GenericTile","properties":{"header":"Manage Sites"}},"wdio_ui5_key":"sapm.GenericTile{\"header\":\"Manage Sites\"}"}]}
RESULT: {"script":"<script> [1562 bytes]","args":[{"selector":{"controlType":"sap.m.GenericTile","properties":{"header":"Manage Sites"}},"wdio_ui5_key":"sapm.GenericTile{\"header\":\"Manage Sites\"}"}]}
RESULT: undefined
COMMAND: POST /session/4f73fbc7686585ab41e1ef1183ea1846/element - {"using":"xpath","value":"//*[@id=\"__tile40\"]"}
RESULT: {"using":"xpath","value":"//*[@id=\"__tile40\"]"}
COMMAND: POST /session/4f73fbc7686585ab41e1ef1183ea1846/element/f.37EC1E53C27724E540A226988372354E.d.9F77D492215F50A4398154372E042D4C.e.1822/click - {}
RESULT: {}
COMMAND: GET /session/4f73fbc7686585ab41e1ef1183ea1846/screenshot - {}
RESULT: {}
COMMAND: POST /session/4f73fbc7686585ab41e1ef1183ea1846/execute/async - {"script":"<script> [1562 bytes]","args":[{"selector":{"controlType":"sap.ui.core.Icon","viewName":"etm.portal.ui.managesites.view.Master","viewId":"application-managesites-display-component---masterSite","properties":{"src":{"regex":{"source":"add"}}}},"wdio_ui5_key":"etmportal.ui.managesites.view.Mastersap.ui.core.Icon{\"src\":{\"regex\":{\"source\":\"add\"}}}"}]}
RESULT: {"script":"<script> [1562 bytes]","args":[{"selector":{"controlType":"sap.ui.core.Icon","viewName":"etm.portal.ui.managesites.view.Master","viewId":"application-managesites-display-component---masterSite","properties":{"src":{"regex":{"source":"add"}}}},"wdio_ui5_key":"etmportal.ui.managesites.view.Mastersap.ui.core.Icon{\"src\":{\"regex\":{\"source\":\"add\"}}}"}]}
RESULT: undefined
COMMAND: POST /session/4f73fbc7686585ab41e1ef1183ea1846/element - {"using":"xpath","value":"//*[@id=\"__button52-img\"]"}
RESULT: {"using":"xpath","value":"//*[@id=\"__button52-img\"]"}
COMMAND: POST /session/4f73fbc7686585ab41e1ef1183ea1846/element/f.37EC1E53C27724E540A226988372354E.d.9F77D492215F50A4398154372E042D4C.e.1871/click - {}
RESULT: {}
COMMAND: POST /session/4f73fbc7686585ab41e1ef1183ea1846/execute/async - {"script":"<script> [1562 bytes]","args":[{"selector":{"id":"application-managesites-display-component---NewSite--siteId","interaction":{"idSuffix":"inner"}},"wdio_ui5_key":"applicationmanagesites-display-component---NewSite--siteId"}]}
COMMAND: GET /session/4f73fbc7686585ab41e1ef1183ea1846/screenshot - {}
RESULT: {"script":"<script> [1562 bytes]","args":[{"selector":{"id":"application-managesites-display-component---NewSite--siteId","interaction":{"idSuffix":"inner"}},"wdio_ui5_key":"applicationmanagesites-display-component---NewSite--siteId"}]}
RESULT: undefined
COMMAND: POST /session/4f73fbc7686585ab41e1ef1183ea1846/execute/async - {"script":"<script> [1562 bytes]","args":[{"selector":{"id":"application-managesites-display-component---NewSite--addressDetailDetailsName1","interaction":{"idSuffix":"inner"}},"wdio_ui5_key":"applicationmanagesites-display-component---NewSite--addressDetailDetailsName1"}]}
RESULT: {}
RESULT: {"script":"<script> [1562 bytes]","args":[{"selector":{"id":"application-managesites-display-component---NewSite--addressDetailDetailsName1","interaction":{"idSuffix":"inner"}},"wdio_ui5_key":"applicationmanagesites-display-component---NewSite--addressDetailDetailsName1"}]}
RESULT: undefined
COMMAND: POST /session/4f73fbc7686585ab41e1ef1183ea1846/execute/async - {"script":"<script> [776 bytes]","args":[{"enterText":"WebdriverSiteqy48o","selector":{"id":"application-managesites-display-component---NewSite--addressDetailDetailsName1","interaction":{"idSuffix":"inner"}},"clearTextFirst":true,"interactionType":"ENTER_TEXT"}]}
RESULT: {"script":"<script> [776 bytes]","args":[{"enterText":"WebdriverSiteqy48o","selector":{"id":"application-managesites-display-component---NewSite--addressDetailDetailsName1","interaction":{"idSuffix":"inner"}},"clearTextFirst":true,"interactionType":"ENTER_TEXT"}]}
COMMAND: POST /session/4f73fbc7686585ab41e1ef1183ea1846/execute/async - {"script":"<script> [1562 bytes]","args":[{"selector":{"id":"application-managesites-display-component---NewSite--addressDetailDetailsLanguage","interaction":{"idSuffix":"inner"}},"wdio_ui5_key":"applicationmanagesites-display-component---NewSite--addressDetailDetailsLanguage"}]}
RESULT: {"script":"<script> [1562 bytes]","args":[{"selector":{"id":"application-managesites-display-component---NewSite--addressDetailDetailsLanguage","interaction":{"idSuffix":"inner"}},"wdio_ui5_key":"applicationmanagesites-display-component---NewSite--addressDetailDetailsLanguage"}]}
RESULT: undefined
COMMAND: POST /session/4f73fbc7686585ab41e1ef1183ea1846/execute/async - {"script":"<script> [776 bytes]","args":[{"enterText":"Romanian","selector":{"id":"application-managesites-display-component---NewSite--addressDetailDetailsLanguage","interaction":{"idSuffix":"inner"}},"clearTextFirst":true,"interactionType":"ENTER_TEXT"}]}
RESULT: {"script":"<script> [776 bytes]","args":[{"enterText":"Romanian","selector":{"id":"application-managesites-display-component---NewSite--addressDetailDetailsLanguage","interaction":{"idSuffix":"inner"}},"clearTextFirst":true,"interactionType":"ENTER_TEXT"}]}
COMMAND: POST /session/4f73fbc7686585ab41e1ef1183ea1846/execute/async - {"script":"<script> [1562 bytes]","args":[{"selector":{"id":"application-managesites-display-component---NewSite--addressDetailDetailsCity1","interaction":{"idSuffix":"inner"}},"wdio_ui5_key":"applicationmanagesites-display-component---NewSite--addressDetailDetailsCity1"}]}
RESULT: {"script":"<script> [1562 bytes]","args":[{"selector":{"id":"application-managesites-display-component---NewSite--addressDetailDetailsCity1","interaction":{"idSuffix":"inner"}},"wdio_ui5_key":"applicationmanagesites-display-component---NewSite--addressDetailDetailsCity1"}]}
RESULT: undefined
COMMAND: POST /session/4f73fbc7686585ab41e1ef1183ea1846/execute/async - {"script":"<script> [776 bytes]","args":[{"enterText":"Bucharest","selector":{"id":"application-managesites-display-component---NewSite--addressDetailDetailsCity1","interaction":{"idSuffix":"inner"}},"clearTextFirst":true,"interactionType":"ENTER_TEXT"}]}
RESULT: {"script":"<script> [776 bytes]","args":[{"enterText":"Bucharest","selector":{"id":"application-managesites-display-component---NewSite--addressDetailDetailsCity1","interaction":{"idSuffix":"inner"}},"clearTextFirst":true,"interactionType":"ENTER_TEXT"}]}
COMMAND: POST /session/4f73fbc7686585ab41e1ef1183ea1846/execute/async - {"script":"<script> [1562 bytes]","args":[{"selector":{"id":"application-managesites-display-component---NewSite--addressDetailDetailsCountry","interaction":{"idSuffix":"inner"}},"wdio_ui5_key":"applicationmanagesites-display-component---NewSite--addressDetailDetailsCountry"}]}
RESULT: {"script":"<script> [1562 bytes]","args":[{"selector":{"id":"application-managesites-display-component---NewSite--addressDetailDetailsCountry","interaction":{"idSuffix":"inner"}},"wdio_ui5_key":"applicationmanagesites-display-component---NewSite--addressDetailDetailsCountry"}]}
RESULT: undefined
COMMAND: POST /session/4f73fbc7686585ab41e1ef1183ea1846/execute/async - {"script":"<script> [776 bytes]","args":[{"enterText":"Romania","selector":{"id":"application-managesites-display-component---NewSite--addressDetailDetailsCountry","interaction":{"idSuffix":"inner"}},"clearTextFirst":true,"interactionType":"ENTER_TEXT"}]}
RESULT: {"script":"<script> [776 bytes]","args":[{"enterText":"Romania","selector":{"id":"application-managesites-display-component---NewSite--addressDetailDetailsCountry","interaction":{"idSuffix":"inner"}},"clearTextFirst":true,"interactionType":"ENTER_TEXT"}]}
COMMAND: POST /session/4f73fbc7686585ab41e1ef1183ea1846/element - {"using":"css selector","value":"#application-managesites-display-component---NewSite--addressDetailDetailsCalendar-inner"}
RESULT: {"using":"css selector","value":"#application-managesites-display-component---NewSite--addressDetailDetailsCalendar-inner"}
COMMAND: POST /session/4f73fbc7686585ab41e1ef1183ea1846/element/f.37EC1E53C27724E540A226988372354E.d.9F77D492215F50A4398154372E042D4C.e.2114/clear - {}
RESULT: {}
COMMAND: POST /session/4f73fbc7686585ab41e1ef1183ea1846/element/f.37EC1E53C27724E540A226988372354E.d.9F77D492215F50A4398154372E042D4C.e.2114/value - {"text":"Germany"}
COMMAND: GET /session/4f73fbc7686585ab41e1ef1183ea1846/screenshot - {}
RESULT: {"text":"Germany"}
COMMAND: POST /session/4f73fbc7686585ab41e1ef1183ea1846/execute/async - {"script":"<script> [1562 bytes]","args":[{"selector":{"id":"application-managesites-display-component---NewSite--addressEditDetailsCostObjectCstType-arrow"},"wdio_ui5_key":"applicationmanagesites-display-component---NewSite--addressEditDetailsCostObjectCstType-arrow"}]}
COMMAND: GET /session/4f73fbc7686585ab41e1ef1183ea1846/screenshot - {}
RESULT: {}
RESULT: {"script":"<script> [1562 bytes]","args":[{"selector":{"id":"application-managesites-display-component---NewSite--addressEditDetailsCostObjectCstType-arrow"},"wdio_ui5_key":"applicationmanagesites-display-component---NewSite--addressEditDetailsCostObjectCstType-arrow"}]}
RESULT: undefined
COMMAND: POST /session/4f73fbc7686585ab41e1ef1183ea1846/element - {"using":"xpath","value":"//*[@id=\"application-managesites-display-component---NewSite--addressEditDetailsCostObjectCstType-arrow\"]"}
RESULT: {}
RESULT: {"using":"xpath","value":"//*[@id=\"application-managesites-display-component---NewSite--addressEditDetailsCostObjectCstType-arrow\"]"}
COMMAND: POST /session/4f73fbc7686585ab41e1ef1183ea1846/element/f.37EC1E53C27724E540A226988372354E.d.9F77D492215F50A4398154372E042D4C.e.2264/click - {}
RESULT: {}
COMMAND: POST /session/4f73fbc7686585ab41e1ef1183ea1846/element - {"using":"xpath","value":"//span[contains(text(), \"Work Breakdown Structure\")]"}
COMMAND: GET /session/4f73fbc7686585ab41e1ef1183ea1846/screenshot - {}
RESULT: {"using":"xpath","value":"//span[contains(text(), \"Work Breakdown Structure\")]"}
COMMAND: POST /session/4f73fbc7686585ab41e1ef1183ea1846/element/f.37EC1E53C27724E540A226988372354E.d.9F77D492215F50A4398154372E042D4C.e.2265/click - {}
RESULT: {}
RESULT: {}
COMMAND: GET /session/4f73fbc7686585ab41e1ef1183ea1846/screenshot - {}
RESULT: {}
COMMAND: POST /session/4f73fbc7686585ab41e1ef1183ea1846/execute/async - {"script":"<script> [1562 bytes]","args":[{"selector":{"id":"application-managesites-display-component---NewSite--addressNewCostObjectCstID-vhi"},"wdio_ui5_key":"applicationmanagesites-display-component---NewSite--addressNewCostObjectCstID-vhi"}]}
RESULT: {"script":"<script> [1562 bytes]","args":[{"selector":{"id":"application-managesites-display-component---NewSite--addressNewCostObjectCstID-vhi"},"wdio_ui5_key":"applicationmanagesites-display-component---NewSite--addressNewCostObjectCstID-vhi"}]}
RESULT: undefined
COMMAND: POST /session/4f73fbc7686585ab41e1ef1183ea1846/element - {"using":"xpath","value":"//*[@id=\"application-managesites-display-component---NewSite--addressNewCostObjectCstID-vhi\"]"}
RESULT: {"using":"xpath","value":"//*[@id=\"application-managesites-display-component---NewSite--addressNewCostObjectCstID-vhi\"]"}
COMMAND: POST /session/4f73fbc7686585ab41e1ef1183ea1846/element/f.37EC1E53C27724E540A226988372354E.d.9F77D492215F50A4398154372E042D4C.e.2270/click - {}
RESULT: {}
COMMAND: GET /session/4f73fbc7686585ab41e1ef1183ea1846/screenshot - {}
RESULT: {}
COMMAND: POST /session/4f73fbc7686585ab41e1ef1183ea1846/execute/async - {"script":"<script> [1562 bytes]","args":[{"selector":{"controlType":"sap.m.SearchField","properties":{"placeholder":"Search"},"searchOpenDialogs":true,"interaction":{"idSuffix":"I"}},"wdio_ui5_key":"sapm.SearchField{\"placeholder\":\"Search\"}"}]}
RESULT: {"script":"<script> [1562 bytes]","args":[{"selector":{"controlType":"sap.m.SearchField","properties":{"placeholder":"Search"},"searchOpenDialogs":true,"interaction":{"idSuffix":"I"}},"wdio_ui5_key":"sapm.SearchField{\"placeholder\":\"Search\"}"}]}
RESULT: undefined
COMMAND: POST /session/4f73fbc7686585ab41e1ef1183ea1846/execute/async - {"script":"<script> [776 bytes]","args":[{"enterText":"A1-000100-01","selector":{"controlType":"sap.m.SearchField","properties":{"placeholder":"Search"},"searchOpenDialogs":true,"interaction":{"idSuffix":"I"}},"clearTextFirst":true,"interactionType":"ENTER_TEXT"}]}
RESULT: {"script":"<script> [776 bytes]","args":[{"enterText":"A1-000100-01","selector":{"controlType":"sap.m.SearchField","properties":{"placeholder":"Search"},"searchOpenDialogs":true,"interaction":{"idSuffix":"I"}},"clearTextFirst":true,"interactionType":"ENTER_TEXT"}]}
COMMAND: POST /session/4f73fbc7686585ab41e1ef1183ea1846/actions - {"actions":[{"id":"action3","type":"key","parameters":{},"actions":[{"type":"keyDown","value":"î€‡"},{"type":"pause","duration":10},{"type":"keyUp","value":"î€‡"}]}]}
RESULT: {"actions":[{"id":"action3","type":"key","parameters":{},"actions":[{"type":"keyDown","value":"î€‡"},{"type":"pause","duration":10},{"type":"keyUp","value":"î€‡"}]}]}
COMMAND: GET /session/4f73fbc7686585ab41e1ef1183ea1846/screenshot - {}
RESULT: {}
COMMAND: POST /session/4f73fbc7686585ab41e1ef1183ea1846/element - {"using":"xpath","value":"//span[contains(text(), \"Template for ETO-Process\")]"}
RESULT: {"using":"xpath","value":"//span[contains(text(), \"Template for ETO-Process\")]"}
COMMAND: POST /session/4f73fbc7686585ab41e1ef1183ea1846/element/f.37EC1E53C27724E540A226988372354E.d.9F77D492215F50A4398154372E042D4C.e.2290/click - {}
RESULT: {}
COMMAND: GET /session/4f73fbc7686585ab41e1ef1183ea1846/screenshot - {}
RESULT: {}
COMMAND: POST /session/4f73fbc7686585ab41e1ef1183ea1846/element - {"using":"xpath","value":"//bdi[contains(text(), \"OK\")]"}
RESULT: {"using":"xpath","value":"//bdi[contains(text(), \"OK\")]"}
COMMAND: POST /session/4f73fbc7686585ab41e1ef1183ea1846/element/f.37EC1E53C27724E540A226988372354E.d.9F77D492215F50A4398154372E042D4C.e.2291/click - {}
RESULT: {}
COMMAND: GET /session/4f73fbc7686585ab41e1ef1183ea1846/screenshot - {}
RESULT: {}
COMMAND: POST /session/4f73fbc7686585ab41e1ef1183ea1846/element - {"using":"xpath","value":"//input[@id=\"application-managesites-display-component---NewSite--addressDetailDetailsYard-inner\"]"}
RESULT: {"using":"xpath","value":"//input[@id=\"application-managesites-display-component---NewSite--addressDetailDetailsYard-inner\"]"}
COMMAND: POST /session/4f73fbc7686585ab41e1ef1183ea1846/element/f.37EC1E53C27724E540A226988372354E.d.9F77D492215F50A4398154372E042D4C.e.2115/value - {"text":"631"}
RESULT: {"text":"631"}
COMMAND: GET /session/4f73fbc7686585ab41e1ef1183ea1846/screenshot - {}
RESULT: {}
COMMAND: POST /session/4f73fbc7686585ab41e1ef1183ea1846/actions - {"actions":[{"id":"action4","type":"key","parameters":{},"actions":[{"type":"keyDown","value":"î€‡"},{"type":"pause","duration":10},{"type":"keyUp","value":"î€‡"}]}]}
RESULT: {"actions":[{"id":"action4","type":"key","parameters":{},"actions":[{"type":"keyDown","value":"î€‡"},{"type":"pause","duration":10},{"type":"keyUp","value":"î€‡"}]}]}
COMMAND: GET /session/4f73fbc7686585ab41e1ef1183ea1846/screenshot - {}
RESULT: {}
COMMAND: POST /session/4f73fbc7686585ab41e1ef1183ea1846/element - {"using":"xpath","value":"//input[@id=\"application-managesites-display-component---NewSite--addressDetailDetailsPartner-inner\"]"}
RESULT: {"using":"xpath","value":"//input[@id=\"application-managesites-display-component---NewSite--addressDetailDetailsPartner-inner\"]"}
COMMAND: POST /session/4f73fbc7686585ab41e1ef1183ea1846/elements - {"using":"xpath","value":"//input[@id=\"application-managesites-display-component---NewSite--addressDetailDetailsPartner-inner\"]"}
RESULT: {"using":"xpath","value":"//input[@id=\"application-managesites-display-component---NewSite--addressDetailDetailsPartner-inner\"]"}
COMMAND: POST /session/4f73fbc7686585ab41e1ef1183ea1846/execute/async - {"script":"<script> [1562 bytes]","args":[{"selector":{"controlType":"sap.m.Button","viewName":"etm.portal.ui.managesites.view.NewSmartSite","viewId":"application-managesites-display-component---NewSite","properties":{"text":"Commercial"},"interaction":{"idSuffix":"BDI-content"}},"wdio_ui5_key":"etmportal.ui.managesites.view.NewSmartSitesap.m.Button{\"text\":\"Commercial\"}"}]}
RESULT: {"script":"<script> [1562 bytes]","args":[{"selector":{"controlType":"sap.m.Button","viewName":"etm.portal.ui.managesites.view.NewSmartSite","viewId":"application-managesites-display-component---NewSite","properties":{"text":"Commercial"},"interaction":{"idSuffix":"BDI-content"}},"wdio_ui5_key":"etmportal.ui.managesites.view.NewSmartSitesap.m.Button{\"text\":\"Commercial\"}"}]}
RESULT: undefined
COMMAND: POST /session/4f73fbc7686585ab41e1ef1183ea1846/element - {"using":"xpath","value":"//*[@id=\"application-managesites-display-component---NewSite--ObjectPageLayout-anchBar-__section31-anchor\"]"}
RESULT: {"using":"xpath","value":"//*[@id=\"application-managesites-display-component---NewSite--ObjectPageLayout-anchBar-__section31-anchor\"]"}
COMMAND: POST /session/4f73fbc7686585ab41e1ef1183ea1846/element/f.37EC1E53C27724E540A226988372354E.d.9F77D492215F50A4398154372E042D4C.e.2298/click - {}
RESULT: {}
COMMAND: POST /session/4f73fbc7686585ab41e1ef1183ea1846/execute/async - {"script":"<script> [1562 bytes]","args":[{"selector":{"controlType":"sap.m.Button","viewName":"etm.portal.ui.managesites.view.NewSmartSite","viewId":"application-managesites-display-component---NewSite","i18NText":{"propertyName":"text","key":"save"},"interaction":{"idSuffix":"BDI-content"}},"wdio_ui5_key":"etmportal.ui.managesites.view.NewSmartSitesap.m.Button{\"propertyName\":\"text\",\"key\":\"save\"}"}]}
COMMAND: GET /session/4f73fbc7686585ab41e1ef1183ea1846/screenshot - {}
RESULT: {"script":"<script> [1562 bytes]","args":[{"selector":{"controlType":"sap.m.Button","viewName":"etm.portal.ui.managesites.view.NewSmartSite","viewId":"application-managesites-display-component---NewSite","i18NText":{"propertyName":"text","key":"save"},"interaction":{"idSuffix":"BDI-content"}},"wdio_ui5_key":"etmportal.ui.managesites.view.NewSmartSitesap.m.Button{\"propertyName\":\"text\",\"key\":\"save\"}"}]}
RESULT: undefined
COMMAND: POST /session/4f73fbc7686585ab41e1ef1183ea1846/element - {"using":"xpath","value":"//*[@id=\"__button64\"]"}
RESULT: {}
RESULT: {"using":"xpath","value":"//*[@id=\"__button64\"]"}
COMMAND: POST /session/4f73fbc7686585ab41e1ef1183ea1846/element/f.37EC1E53C27724E540A226988372354E.d.9F77D492215F50A4398154372E042D4C.e.2243/click - {}
RESULT: {}
COMMAND: GET /session/4f73fbc7686585ab41e1ef1183ea1846/screenshot - {}
RESULT: {}
COMMAND: POST /session/4f73fbc7686585ab41e1ef1183ea1846/execute/async - {"script":"<script> [1562 bytes]","args":[{"selector":{"id":"application-managesites-display-component---detailSite--addressDetailDetailsYardText"},"wdio_ui5_key":"applicationmanagesites-display-component---detailSite--addressDetailDetailsYardText"}]}
RESULT: {"script":"<script> [1562 bytes]","args":[{"selector":{"id":"application-managesites-display-component---detailSite--addressDetailDetailsYardText"},"wdio_ui5_key":"applicationmanagesites-display-component---detailSite--addressDetailDetailsYardText"}]}
RESULT: undefined
COMMAND: POST /session/4f73fbc7686585ab41e1ef1183ea1846/element - {"using":"xpath","value":"//header/div/div[2]/div[2]/span"}
RESULT: {"using":"xpath","value":"//header/div/div[2]/div[2]/span"}
COMMAND: GET /session/4f73fbc7686585ab41e1ef1183ea1846/element/f.37EC1E53C27724E540A226988372354E.d.9F77D492215F50A4398154372E042D4C.e.2502/text - {}
RESULT: {}
COMMAND: POST /session/4f73fbc7686585ab41e1ef1183ea1846/element - {"using":"xpath","value":"//header/div/div/div/div/div/div[2]/div/span"}
RESULT: {"using":"xpath","value":"//header/div/div/div/div/div/div[2]/div/span"}
COMMAND: GET /session/4f73fbc7686585ab41e1ef1183ea1846/element/f.37EC1E53C27724E540A226988372354E.d.9F77D492215F50A4398154372E042D4C.e.2503/text - {}
RESULT: {}
COMMAND: POST /session/4f73fbc7686585ab41e1ef1183ea1846/element - {"using":"css selector","value":"#shell-header-logo"}
RESULT: {"using":"css selector","value":"#shell-header-logo"}
COMMAND: POST /session/4f73fbc7686585ab41e1ef1183ea1846/element/f.37EC1E53C27724E540A226988372354E.d.9F77D492215F50A4398154372E042D4C.e.1827/click - {}
RESULT: {}
COMMAND: GET /session/4f73fbc7686585ab41e1ef1183ea1846/screenshot - {}
RESULT: {}
]]></system-out>
    </testcase>
    <testcase classname="chrome.135_0_7049_115.windows.Manage_Requests_Tags_Tests_US120163" name="Should Create New Request Tags" time="202.533">
      <system-out><![CDATA[
COMMAND: POST /session/4f73fbc7686585ab41e1ef1183ea1846/execute/async - {"script":"<script> [1562 bytes]","args":[{"selector":{"controlType":"sap.m.GenericTile","properties":{"header":"Manage Requests"}},"wdio_ui5_key":"sapm.GenericTile{\"header\":\"Manage Requests\"}"}]}
RESULT: {"script":"<script> [1562 bytes]","args":[{"selector":{"controlType":"sap.m.GenericTile","properties":{"header":"Manage Requests"}},"wdio_ui5_key":"sapm.GenericTile{\"header\":\"Manage Requests\"}"}]}
RESULT: undefined
COMMAND: POST /session/4f73fbc7686585ab41e1ef1183ea1846/element - {"using":"xpath","value":"//*[@id=\"__tile47\"]"}
RESULT: {"using":"xpath","value":"//*[@id=\"__tile47\"]"}
COMMAND: POST /session/4f73fbc7686585ab41e1ef1183ea1846/element/f.37EC1E53C27724E540A226988372354E.d.9F77D492215F50A4398154372E042D4C.e.2505/click - {}
RESULT: {}
COMMAND: GET /session/4f73fbc7686585ab41e1ef1183ea1846/screenshot - {}
RESULT: {}
COMMAND: POST /session/4f73fbc7686585ab41e1ef1183ea1846/element - {"using":"xpath","value":"//button[contains(@data-kt ,\"btnCreateNewOverflowToolbarButton\")]"}
COMMAND: POST /session/4f73fbc7686585ab41e1ef1183ea1846/element - {"using":"xpath","value":"(//span[contains(@class ,\"sapMObjStatusText\")])[1]"}
RESULT: {"using":"xpath","value":"(//span[contains(@class ,\"sapMObjStatusText\")])[1]"}
COMMAND: POST /session/4f73fbc7686585ab41e1ef1183ea1846/execute/sync - {"script":"<script> [8489 bytes]","args":[{"element-6066-11e4-a52e-4f735466cecf":"f.37EC1E53C27724E540A226988372354E.d.9F77D492215F50A4398154372E042D4C.e.2599","ELEMENT":"f.37EC1E53C27724E540A226988372354E.d.9F77D492215F50A4398154372E042D4C.e.2599"}]}
RESULT: {"using":"xpath","value":"//button[contains(@data-kt ,\"btnCreateNewOverflowToolbarButton\")]"}
COMMAND: POST /session/4f73fbc7686585ab41e1ef1183ea1846/element/f.37EC1E53C27724E540A226988372354E.d.9F77D492215F50A4398154372E042D4C.e.2562/click - {}
RESULT: {"script":"<script> [8489 bytes]","args":[{"element-6066-11e4-a52e-4f735466cecf":"f.37EC1E53C27724E540A226988372354E.d.9F77D492215F50A4398154372E042D4C.e.2599","ELEMENT":"f.37EC1E53C27724E540A226988372354E.d.9F77D492215F50A4398154372E042D4C.e.2599"}]}
COMMAND: GET /session/4f73fbc7686585ab41e1ef1183ea1846/screenshot - {}
RESULT: {}
COMMAND: GET /session/4f73fbc7686585ab41e1ef1183ea1846/screenshot - {}
RESULT: {}
RESULT: {}
COMMAND: POST /session/4f73fbc7686585ab41e1ef1183ea1846/element - {"using":"xpath","value":"//input[contains(@id ,\"yardId-inner\")]"}
RESULT: {"using":"xpath","value":"//input[contains(@id ,\"yardId-inner\")]"}
COMMAND: POST /session/4f73fbc7686585ab41e1ef1183ea1846/execute/sync - {"script":"<script> [8489 bytes]","args":[{"element-6066-11e4-a52e-4f735466cecf":"f.37EC1E53C27724E540A226988372354E.d.9F77D492215F50A4398154372E042D4C.e.2805","ELEMENT":"f.37EC1E53C27724E540A226988372354E.d.9F77D492215F50A4398154372E042D4C.e.2805"}]}
RESULT: {"script":"<script> [8489 bytes]","args":[{"element-6066-11e4-a52e-4f735466cecf":"f.37EC1E53C27724E540A226988372354E.d.9F77D492215F50A4398154372E042D4C.e.2805","ELEMENT":"f.37EC1E53C27724E540A226988372354E.d.9F77D492215F50A4398154372E042D4C.e.2805"}]}
COMMAND: POST /session/4f73fbc7686585ab41e1ef1183ea1846/element - {"using":"xpath","value":"//input[contains(@id ,\"yardId-inner\")]"}
COMMAND: GET /session/4f73fbc7686585ab41e1ef1183ea1846/screenshot - {}
RESULT: {"using":"xpath","value":"//input[contains(@id ,\"yardId-inner\")]"}
COMMAND: GET /session/4f73fbc7686585ab41e1ef1183ea1846/element/f.37EC1E53C27724E540A226988372354E.d.9F77D492215F50A4398154372E042D4C.e.2805/enabled - {}
RESULT: {}
RESULT: {}
COMMAND: POST /session/4f73fbc7686585ab41e1ef1183ea1846/element/f.37EC1E53C27724E540A226988372354E.d.9F77D492215F50A4398154372E042D4C.e.2805/clear - {}
COMMAND: GET /session/4f73fbc7686585ab41e1ef1183ea1846/screenshot - {}
RESULT: {}
COMMAND: POST /session/4f73fbc7686585ab41e1ef1183ea1846/element/f.37EC1E53C27724E540A226988372354E.d.9F77D492215F50A4398154372E042D4C.e.2805/value - {"text":"WebdriverYarddw5pc"}
COMMAND: GET /session/4f73fbc7686585ab41e1ef1183ea1846/screenshot - {}
RESULT: {}
RESULT: {"text":"WebdriverYarddw5pc"}
COMMAND: GET /session/4f73fbc7686585ab41e1ef1183ea1846/screenshot - {}
RESULT: {}
RESULT: {}
COMMAND: POST /session/4f73fbc7686585ab41e1ef1183ea1846/element - {"using":"xpath","value":"//input[contains(@id ,\"customerNumber-inner\")]"}
RESULT: {"using":"xpath","value":"//input[contains(@id ,\"customerNumber-inner\")]"}
COMMAND: POST /session/4f73fbc7686585ab41e1ef1183ea1846/element/f.37EC1E53C27724E540A226988372354E.d.9F77D492215F50A4398154372E042D4C.e.2799/value - {"text":"WebdriverPartnerm55yg"}
COMMAND: POST /session/4f73fbc7686585ab41e1ef1183ea1846/actions - {"actions":[{"id":"action5","type":"key","parameters":{},"actions":[{"type":"keyDown","value":"î€‡"},{"type":"pause","duration":10},{"type":"keyUp","value":"î€‡"}]}]}
RESULT: {"actions":[{"id":"action5","type":"key","parameters":{},"actions":[{"type":"keyDown","value":"î€‡"},{"type":"pause","duration":10},{"type":"keyUp","value":"î€‡"}]}]}
COMMAND: GET /session/4f73fbc7686585ab41e1ef1183ea1846/screenshot - {}
RESULT: {"text":"WebdriverPartnerm55yg"}
COMMAND: GET /session/4f73fbc7686585ab41e1ef1183ea1846/screenshot - {}
RESULT: {}
RESULT: {}
COMMAND: POST /session/4f73fbc7686585ab41e1ef1183ea1846/element/f.37EC1E53C27724E540A226988372354E.d.9F77D492215F50A4398154372E042D4C.e.2805/clear - {}
RESULT: {}
COMMAND: POST /session/4f73fbc7686585ab41e1ef1183ea1846/element/f.37EC1E53C27724E540A226988372354E.d.9F77D492215F50A4398154372E042D4C.e.2805/clear - {}
COMMAND: GET /session/4f73fbc7686585ab41e1ef1183ea1846/screenshot - {}
RESULT: {}
COMMAND: POST /session/4f73fbc7686585ab41e1ef1183ea1846/element/f.37EC1E53C27724E540A226988372354E.d.9F77D492215F50A4398154372E042D4C.e.2805/value - {"text":"WebdriverYarddw5pc"}
COMMAND: GET /session/4f73fbc7686585ab41e1ef1183ea1846/screenshot - {}
RESULT: {}
RESULT: {"text":"WebdriverYarddw5pc"}
COMMAND: GET /session/4f73fbc7686585ab41e1ef1183ea1846/screenshot - {}
RESULT: {}
RESULT: {}
COMMAND: POST /session/4f73fbc7686585ab41e1ef1183ea1846/actions - {"actions":[{"id":"action6","type":"key","parameters":{},"actions":[{"type":"keyDown","value":"î€‡"},{"type":"pause","duration":10},{"type":"keyUp","value":"î€‡"}]}]}
RESULT: {"actions":[{"id":"action6","type":"key","parameters":{},"actions":[{"type":"keyDown","value":"î€‡"},{"type":"pause","duration":10},{"type":"keyUp","value":"î€‡"}]}]}
COMMAND: GET /session/4f73fbc7686585ab41e1ef1183ea1846/screenshot - {}
RESULT: {}
COMMAND: POST /session/4f73fbc7686585ab41e1ef1183ea1846/actions - {"actions":[{"id":"action7","type":"key","parameters":{},"actions":[{"type":"keyDown","value":"î€‡"},{"type":"pause","duration":10},{"type":"keyUp","value":"î€‡"}]}]}
RESULT: {"actions":[{"id":"action7","type":"key","parameters":{},"actions":[{"type":"keyDown","value":"î€‡"},{"type":"pause","duration":10},{"type":"keyUp","value":"î€‡"}]}]}
COMMAND: GET /session/4f73fbc7686585ab41e1ef1183ea1846/screenshot - {}
RESULT: {}
COMMAND: GET /session/4f73fbc7686585ab41e1ef1183ea1846/element/f.37EC1E53C27724E540A226988372354E.d.9F77D492215F50A4398154372E042D4C.e.2799/property/value - {}
RESULT: {}
COMMAND: GET /session/4f73fbc7686585ab41e1ef1183ea1846/screenshot - {}
RESULT: {}
COMMAND: POST /session/4f73fbc7686585ab41e1ef1183ea1846/element - {"using":"xpath","value":"//input[contains(@id ,\"requestSiteId-inner\")]"}
RESULT: {"using":"xpath","value":"//input[contains(@id ,\"requestSiteId-inner\")]"}
COMMAND: POST /session/4f73fbc7686585ab41e1ef1183ea1846/element/f.37EC1E53C27724E540A226988372354E.d.9F77D492215F50A4398154372E042D4C.e.2798/value - {"text":"WebdriverSiteqy48o"}
RESULT: {"text":"WebdriverSiteqy48o"}
COMMAND: GET /session/4f73fbc7686585ab41e1ef1183ea1846/screenshot - {}
RESULT: {}
COMMAND: POST /session/4f73fbc7686585ab41e1ef1183ea1846/actions - {"actions":[{"id":"action8","type":"key","parameters":{},"actions":[{"type":"keyDown","value":"î€‡"},{"type":"pause","duration":10},{"type":"keyUp","value":"î€‡"}]}]}
RESULT: {"actions":[{"id":"action8","type":"key","parameters":{},"actions":[{"type":"keyDown","value":"î€‡"},{"type":"pause","duration":10},{"type":"keyUp","value":"î€‡"}]}]}
COMMAND: GET /session/4f73fbc7686585ab41e1ef1183ea1846/screenshot - {}
RESULT: {}
COMMAND: POST /session/4f73fbc7686585ab41e1ef1183ea1846/execute/async - {"script":"<script> [1562 bytes]","args":[{"selector":{"controlType":"sap.m.Input","viewName":"etm.portal.ui.managerequests.view.NewRequest","bindingPath":{"path":"","propertyPath":"/DESCRIPTION","modelName":"oNewRequestModel"},"interaction":{"idSuffix":"inner"}},"wdio_ui5_key":"etmportal.ui.managerequests.view.NewRequestsap.m.Input{\"path\":\"\",\"propertyPath\":\"/DESCRIPTION\",\"modelName\":\"oNewRequestModel\"}"}]}
RESULT: {"script":"<script> [1562 bytes]","args":[{"selector":{"controlType":"sap.m.Input","viewName":"etm.portal.ui.managerequests.view.NewRequest","bindingPath":{"path":"","propertyPath":"/DESCRIPTION","modelName":"oNewRequestModel"},"interaction":{"idSuffix":"inner"}},"wdio_ui5_key":"etmportal.ui.managerequests.view.NewRequestsap.m.Input{\"path\":\"\",\"propertyPath\":\"/DESCRIPTION\",\"modelName\":\"oNewRequestModel\"}"}]}
RESULT: undefined
COMMAND: POST /session/4f73fbc7686585ab41e1ef1183ea1846/execute/async - {"script":"<script> [776 bytes]","args":[{"enterText":"Wdi5 Tags Test","selector":{"controlType":"sap.m.Input","viewName":"etm.portal.ui.managerequests.view.NewRequest","bindingPath":{"path":"","propertyPath":"/DESCRIPTION","modelName":"oNewRequestModel"},"interaction":{"idSuffix":"inner"}},"clearTextFirst":true,"interactionType":"ENTER_TEXT"}]}
RESULT: {"script":"<script> [776 bytes]","args":[{"enterText":"Wdi5 Tags Test","selector":{"controlType":"sap.m.Input","viewName":"etm.portal.ui.managerequests.view.NewRequest","bindingPath":{"path":"","propertyPath":"/DESCRIPTION","modelName":"oNewRequestModel"},"interaction":{"idSuffix":"inner"}},"clearTextFirst":true,"interactionType":"ENTER_TEXT"}]}
COMMAND: POST /session/4f73fbc7686585ab41e1ef1183ea1846/execute/async - {"script":"<script> [1562 bytes]","args":[{"selector":{"id":"tagInputAdd","viewName":"etm.portal.ui.managerequests.view.NewRequest","interaction":{"idSuffix":"inner"}},"wdio_ui5_key":"tagInputAddetmportal.ui.managerequests.view.NewRequest"}]}
RESULT: {"script":"<script> [1562 bytes]","args":[{"selector":{"id":"tagInputAdd","viewName":"etm.portal.ui.managerequests.view.NewRequest","interaction":{"idSuffix":"inner"}},"wdio_ui5_key":"tagInputAddetmportal.ui.managerequests.view.NewRequest"}]}
RESULT: undefined
COMMAND: POST /session/4f73fbc7686585ab41e1ef1183ea1846/execute/async - {"script":"<script> [776 bytes]","args":[{"enterText":"RefTag","selector":{"id":"tagInputAdd","viewName":"etm.portal.ui.managerequests.view.NewRequest","interaction":{"idSuffix":"inner"}},"clearTextFirst":true,"interactionType":"ENTER_TEXT"}]}
RESULT: {"script":"<script> [776 bytes]","args":[{"enterText":"RefTag","selector":{"id":"tagInputAdd","viewName":"etm.portal.ui.managerequests.view.NewRequest","interaction":{"idSuffix":"inner"}},"clearTextFirst":true,"interactionType":"ENTER_TEXT"}]}
COMMAND: POST /session/4f73fbc7686585ab41e1ef1183ea1846/actions - {"actions":[{"id":"action9","type":"key","parameters":{},"actions":[{"type":"keyDown","value":"î€‡"},{"type":"pause","duration":10},{"type":"keyUp","value":"î€‡"}]}]}
RESULT: {"actions":[{"id":"action9","type":"key","parameters":{},"actions":[{"type":"keyDown","value":"î€‡"},{"type":"pause","duration":10},{"type":"keyUp","value":"î€‡"}]}]}
COMMAND: GET /session/4f73fbc7686585ab41e1ef1183ea1846/screenshot - {}
RESULT: {}
RESULT: undefined
COMMAND: POST /session/4f73fbc7686585ab41e1ef1183ea1846/execute/async - {"script":"<script> [776 bytes]","args":[{"enterText":"tag-header","selector":{"id":"tagInputAdd","viewName":"etm.portal.ui.managerequests.view.NewRequest","interaction":{"idSuffix":"inner"}},"clearTextFirst":true,"interactionType":"ENTER_TEXT"}]}
RESULT: {"script":"<script> [776 bytes]","args":[{"enterText":"tag-header","selector":{"id":"tagInputAdd","viewName":"etm.portal.ui.managerequests.view.NewRequest","interaction":{"idSuffix":"inner"}},"clearTextFirst":true,"interactionType":"ENTER_TEXT"}]}
COMMAND: POST /session/4f73fbc7686585ab41e1ef1183ea1846/actions - {"actions":[{"id":"action10","type":"key","parameters":{},"actions":[{"type":"keyDown","value":"î€‡"},{"type":"pause","duration":10},{"type":"keyUp","value":"î€‡"}]}]}
RESULT: {"actions":[{"id":"action10","type":"key","parameters":{},"actions":[{"type":"keyDown","value":"î€‡"},{"type":"pause","duration":10},{"type":"keyUp","value":"î€‡"}]}]}
COMMAND: GET /session/4f73fbc7686585ab41e1ef1183ea1846/screenshot - {}
RESULT: {}
RESULT: undefined
COMMAND: POST /session/4f73fbc7686585ab41e1ef1183ea1846/execute/async - {"script":"<script> [776 bytes]","args":[{"enterText":"tag-duplicate","selector":{"id":"tagInputAdd","viewName":"etm.portal.ui.managerequests.view.NewRequest","interaction":{"idSuffix":"inner"}},"clearTextFirst":true,"interactionType":"ENTER_TEXT"}]}
RESULT: {"script":"<script> [776 bytes]","args":[{"enterText":"tag-duplicate","selector":{"id":"tagInputAdd","viewName":"etm.portal.ui.managerequests.view.NewRequest","interaction":{"idSuffix":"inner"}},"clearTextFirst":true,"interactionType":"ENTER_TEXT"}]}
COMMAND: POST /session/4f73fbc7686585ab41e1ef1183ea1846/actions - {"actions":[{"id":"action11","type":"key","parameters":{},"actions":[{"type":"keyDown","value":"î€‡"},{"type":"pause","duration":10},{"type":"keyUp","value":"î€‡"}]}]}
RESULT: {"actions":[{"id":"action11","type":"key","parameters":{},"actions":[{"type":"keyDown","value":"î€‡"},{"type":"pause","duration":10},{"type":"keyUp","value":"î€‡"}]}]}
COMMAND: GET /session/4f73fbc7686585ab41e1ef1183ea1846/screenshot - {}
RESULT: {}
COMMAND: POST /session/4f73fbc7686585ab41e1ef1183ea1846/execute/async - {"script":"<script> [1562 bytes]","args":[{"selector":{"id":"tagsLayoutAdd","viewName":"etm.portal.ui.managerequests.view.NewRequest"},"wdio_ui5_key":"tagsLayoutAddetmportal.ui.managerequests.view.NewRequest"}]}
RESULT: {"script":"<script> [1562 bytes]","args":[{"selector":{"id":"tagsLayoutAdd","viewName":"etm.portal.ui.managerequests.view.NewRequest"},"wdio_ui5_key":"tagsLayoutAddetmportal.ui.managerequests.view.NewRequest"}]}
RESULT: undefined
COMMAND: POST /session/4f73fbc7686585ab41e1ef1183ea1846/execute/async - {"script":"<script> [6424 bytes]","args":[{"element-6066-11e4-a52e-4f735466cecf":"f.37EC1E53C27724E540A226988372354E.d.9F77D492215F50A4398154372E042D4C.e.2911"},"getTokens",[]]}
RESULT: {"script":"<script> [6424 bytes]","args":[{"element-6066-11e4-a52e-4f735466cecf":"f.37EC1E53C27724E540A226988372354E.d.9F77D492215F50A4398154372E042D4C.e.2911"},"getTokens",[]]}
COMMAND: POST /session/4f73fbc7686585ab41e1ef1183ea1846/execute/async - {"script":"<script> [1562 bytes]","args":[{"wdio_ui5_key":"__token9","selector":{"id":"__token9"}}]}
COMMAND: POST /session/4f73fbc7686585ab41e1ef1183ea1846/execute/async - {"script":"<script> [1562 bytes]","args":[{"wdio_ui5_key":"__token10","selector":{"id":"__token10"}}]}
COMMAND: POST /session/4f73fbc7686585ab41e1ef1183ea1846/execute/async - {"script":"<script> [1562 bytes]","args":[{"wdio_ui5_key":"__token8","selector":{"id":"__token8"}}]}
RESULT: {"script":"<script> [1562 bytes]","args":[{"wdio_ui5_key":"__token8","selector":{"id":"__token8"}}]}
RESULT: undefined
RESULT: {"script":"<script> [1562 bytes]","args":[{"wdio_ui5_key":"__token10","selector":{"id":"__token10"}}]}
RESULT: undefined
RESULT: {"script":"<script> [1562 bytes]","args":[{"wdio_ui5_key":"__token9","selector":{"id":"__token9"}}]}
RESULT: undefined
COMMAND: POST /session/4f73fbc7686585ab41e1ef1183ea1846/execute/async - {"script":"<script> [1562 bytes]","args":[{"selector":{"controlType":"sap.ui.core.Icon","viewName":"etm.portal.ui.managerequests.view.NewRequest","properties":{"src":{"regex":{"source":"decline"}}},"ancestor":{"controlType":"sap.m.Token","viewName":"etm.portal.ui.managerequests.view.NewRequest","properties":{"text":"tag-duplicate"}}},"wdio_ui5_key":"etmportal.ui.managerequests.view.NewRequestsap.ui.core.Icon{\"src\":{\"regex\":{\"source\":\"decline\"}}}{\"controlType\":\"sap.m.Token\",\"viewName\":\"etm.portal.ui.managerequests.view.NewRequest\",\"properties\":{\"text\":\"tag-duplicate\"}}"}]}
RESULT: {"script":"<script> [1562 bytes]","args":[{"selector":{"controlType":"sap.ui.core.Icon","viewName":"etm.portal.ui.managerequests.view.NewRequest","properties":{"src":{"regex":{"source":"decline"}}},"ancestor":{"controlType":"sap.m.Token","viewName":"etm.portal.ui.managerequests.view.NewRequest","properties":{"text":"tag-duplicate"}}},"wdio_ui5_key":"etmportal.ui.managerequests.view.NewRequestsap.ui.core.Icon{\"src\":{\"regex\":{\"source\":\"decline\"}}}{\"controlType\":\"sap.m.Token\",\"viewName\":\"etm.portal.ui.managerequests.view.NewRequest\",\"properties\":{\"text\":\"tag-duplicate\"}}"}]}
RESULT: undefined
COMMAND: POST /session/4f73fbc7686585ab41e1ef1183ea1846/element - {"using":"xpath","value":"//*[@id=\"__token10-icon\"]"}
RESULT: {"using":"xpath","value":"//*[@id=\"__token10-icon\"]"}
COMMAND: POST /session/4f73fbc7686585ab41e1ef1183ea1846/element/f.37EC1E53C27724E540A226988372354E.d.9F77D492215F50A4398154372E042D4C.e.2951/click - {}
RESULT: {}
COMMAND: POST /session/4f73fbc7686585ab41e1ef1183ea1846/execute/async - {"script":"<script> [1562 bytes]","args":[{"selector":{"controlType":"sap.ui.core.Icon","viewName":"etm.portal.ui.managerequests.view.NewRequest","properties":{"src":{"regex":{"source":"decline"}}},"ancestor":{"controlType":"sap.m.Token","viewName":"etm.portal.ui.managerequests.view.NewRequest","properties":{"text":"tag1"}}},"wdio_ui5_key":"etmportal.ui.managerequests.view.NewRequestsap.ui.core.Icon{\"src\":{\"regex\":{\"source\":\"decline\"}}}{\"controlType\":\"sap.m.Token\",\"viewName\":\"etm.portal.ui.managerequests.view.NewRequest\",\"properties\":{\"text\":\"tag1\"}}"}]}
COMMAND: GET /session/4f73fbc7686585ab41e1ef1183ea1846/screenshot - {}
RESULT: {"script":"<script> [1562 bytes]","args":[{"selector":{"controlType":"sap.ui.core.Icon","viewName":"etm.portal.ui.managerequests.view.NewRequest","properties":{"src":{"regex":{"source":"decline"}}},"ancestor":{"controlType":"sap.m.Token","viewName":"etm.portal.ui.managerequests.view.NewRequest","properties":{"text":"tag1"}}},"wdio_ui5_key":"etmportal.ui.managerequests.view.NewRequestsap.ui.core.Icon{\"src\":{\"regex\":{\"source\":\"decline\"}}}{\"controlType\":\"sap.m.Token\",\"viewName\":\"etm.portal.ui.managerequests.view.NewRequest\",\"properties\":{\"text\":\"tag1\"}}"}]}
RESULT: undefined
RESULT: {}
COMMAND: POST /session/4f73fbc7686585ab41e1ef1183ea1846/actions - {"actions":[{"id":"action12","type":"key","parameters":{},"actions":[{"type":"keyDown","value":"î€Œ"},{"type":"pause","duration":10},{"type":"keyUp","value":"î€Œ"}]}]}
RESULT: {"actions":[{"id":"action12","type":"key","parameters":{},"actions":[{"type":"keyDown","value":"î€Œ"},{"type":"pause","duration":10},{"type":"keyUp","value":"î€Œ"}]}]}
COMMAND: GET /session/4f73fbc7686585ab41e1ef1183ea1846/screenshot - {}
RESULT: {}
RESULT: undefined
COMMAND: POST /session/4f73fbc7686585ab41e1ef1183ea1846/execute/async - {"script":"<script> [6424 bytes]","args":[{"element-6066-11e4-a52e-4f735466cecf":"f.37EC1E53C27724E540A226988372354E.d.9F77D492215F50A4398154372E042D4C.e.2911"},"getTokens",[]]}
RESULT: {"script":"<script> [6424 bytes]","args":[{"element-6066-11e4-a52e-4f735466cecf":"f.37EC1E53C27724E540A226988372354E.d.9F77D492215F50A4398154372E042D4C.e.2911"},"getTokens",[]]}
RESULT: undefined
RESULT: undefined
COMMAND: POST /session/4f73fbc7686585ab41e1ef1183ea1846/execute/async - {"script":"<script> [1562 bytes]","args":[{"selector":{"controlType":"sap.m.Button","viewName":"etm.portal.ui.managerequests.view.NewRequest","properties":{"text":"Items"},"interaction":{"idSuffix":"BDI-content"}},"wdio_ui5_key":"etmportal.ui.managerequests.view.NewRequestsap.m.Button{\"text\":\"Items\"}"}]}
RESULT: {"script":"<script> [1562 bytes]","args":[{"selector":{"controlType":"sap.m.Button","viewName":"etm.portal.ui.managerequests.view.NewRequest","properties":{"text":"Items"},"interaction":{"idSuffix":"BDI-content"}},"wdio_ui5_key":"etmportal.ui.managerequests.view.NewRequestsap.m.Button{\"text\":\"Items\"}"}]}
RESULT: undefined
COMMAND: POST /session/4f73fbc7686585ab41e1ef1183ea1846/element - {"using":"xpath","value":"//*[@id=\"__xmlview59--newRequestPage-anchBar-__xmlview59--requestItemsSection-anchor\"]"}
RESULT: {"using":"xpath","value":"//*[@id=\"__xmlview59--newRequestPage-anchBar-__xmlview59--requestItemsSection-anchor\"]"}
COMMAND: POST /session/4f73fbc7686585ab41e1ef1183ea1846/element/f.37EC1E53C27724E540A226988372354E.d.9F77D492215F50A4398154372E042D4C.e.2958/click - {}
RESULT: {}
COMMAND: GET /session/4f73fbc7686585ab41e1ef1183ea1846/screenshot - {}
RESULT: {}
COMMAND: POST /session/4f73fbc7686585ab41e1ef1183ea1846/execute/async - {"script":"<script> [1562 bytes]","args":[{"selector":{"controlType":"sap.ui.core.Icon","viewName":"etm.portal.ui.managerequests.view.NewRequest","properties":{"src":{"regex":{"source":"inspect"}}}},"wdio_ui5_key":"etmportal.ui.managerequests.view.NewRequestsap.ui.core.Icon{\"src\":{\"regex\":{\"source\":\"inspect\"}}}"}]}
RESULT: {"script":"<script> [1562 bytes]","args":[{"selector":{"controlType":"sap.ui.core.Icon","viewName":"etm.portal.ui.managerequests.view.NewRequest","properties":{"src":{"regex":{"source":"inspect"}}}},"wdio_ui5_key":"etmportal.ui.managerequests.view.NewRequestsap.ui.core.Icon{\"src\":{\"regex\":{\"source\":\"inspect\"}}}"}]}
RESULT: undefined
COMMAND: POST /session/4f73fbc7686585ab41e1ef1183ea1846/element - {"using":"xpath","value":"//*[@id=\"__button114-img\"]"}
RESULT: {"using":"xpath","value":"//*[@id=\"__button114-img\"]"}
COMMAND: POST /session/4f73fbc7686585ab41e1ef1183ea1846/element/f.37EC1E53C27724E540A226988372354E.d.9F77D492215F50A4398154372E042D4C.e.2963/click - {}
RESULT: {}
COMMAND: GET /session/4f73fbc7686585ab41e1ef1183ea1846/screenshot - {}
RESULT: {}
COMMAND: POST /session/4f73fbc7686585ab41e1ef1183ea1846/execute/async - {"script":"<script> [1562 bytes]","args":[{"selector":{"controlType":"sap.ui.core.Icon","viewName":"etm.portal.ui.managerequests.view.NewRequest","properties":{"src":{"regex":{"source":"add"}}}},"wdio_ui5_key":"etmportal.ui.managerequests.view.NewRequestsap.ui.core.Icon{\"src\":{\"regex\":{\"source\":\"add\"}}}"}]}
RESULT: {"script":"<script> [1562 bytes]","args":[{"selector":{"controlType":"sap.ui.core.Icon","viewName":"etm.portal.ui.managerequests.view.NewRequest","properties":{"src":{"regex":{"source":"add"}}}},"wdio_ui5_key":"etmportal.ui.managerequests.view.NewRequestsap.ui.core.Icon{\"src\":{\"regex\":{\"source\":\"add\"}}}"}]}
RESULT: undefined
COMMAND: POST /session/4f73fbc7686585ab41e1ef1183ea1846/element - {"using":"xpath","value":"//*[@id=\"__xmlview59--btnAddTableRow-img\"]"}
RESULT: {"using":"xpath","value":"//*[@id=\"__xmlview59--btnAddTableRow-img\"]"}
COMMAND: POST /session/4f73fbc7686585ab41e1ef1183ea1846/element/f.37EC1E53C27724E540A226988372354E.d.9F77D492215F50A4398154372E042D4C.e.2779/click - {}
RESULT: {}
COMMAND: GET /session/4f73fbc7686585ab41e1ef1183ea1846/screenshot - {}
RESULT: {}
COMMAND: POST /session/4f73fbc7686585ab41e1ef1183ea1846/execute/async - {"script":"<script> [1562 bytes]","args":[{"selector":{"controlType":"sap.ui.unified.MenuItem","viewName":"etm.portal.ui.managerequests.view.NewRequest","i18NText":{"propertyName":"text","key":"standardEntry"},"searchOpenDialogs":true,"interaction":{"idSuffix":"txt"}},"wdio_ui5_key":"etmportal.ui.managerequests.view.NewRequestsap.ui.unified.MenuItem{\"propertyName\":\"text\",\"key\":\"standardEntry\"}"}]}
RESULT: {"script":"<script> [1562 bytes]","args":[{"selector":{"controlType":"sap.ui.unified.MenuItem","viewName":"etm.portal.ui.managerequests.view.NewRequest","i18NText":{"propertyName":"text","key":"standardEntry"},"searchOpenDialogs":true,"interaction":{"idSuffix":"txt"}},"wdio_ui5_key":"etmportal.ui.managerequests.view.NewRequestsap.ui.unified.MenuItem{\"propertyName\":\"text\",\"key\":\"standardEntry\"}"}]}
RESULT: undefined
COMMAND: POST /session/4f73fbc7686585ab41e1ef1183ea1846/element - {"using":"xpath","value":"//*[@id=\"__item1778\"]"}
RESULT: {"using":"xpath","value":"//*[@id=\"__item1778\"]"}
COMMAND: POST /session/4f73fbc7686585ab41e1ef1183ea1846/element/f.37EC1E53C27724E540A226988372354E.d.9F77D492215F50A4398154372E042D4C.e.2971/click - {}
RESULT: {}
COMMAND: GET /session/4f73fbc7686585ab41e1ef1183ea1846/screenshot - {}
RESULT: {}
RESULT: undefined
COMMAND: POST /session/4f73fbc7686585ab41e1ef1183ea1846/element - {"using":"xpath","value":"//*[@id=\"__xmlview59--btnAddTableRow-img\"]"}
RESULT: {"using":"xpath","value":"//*[@id=\"__xmlview59--btnAddTableRow-img\"]"}
COMMAND: POST /session/4f73fbc7686585ab41e1ef1183ea1846/element/f.37EC1E53C27724E540A226988372354E.d.9F77D492215F50A4398154372E042D4C.e.2779/click - {}
RESULT: {}
COMMAND: GET /session/4f73fbc7686585ab41e1ef1183ea1846/screenshot - {}
RESULT: {}
RESULT: undefined
COMMAND: POST /session/4f73fbc7686585ab41e1ef1183ea1846/element - {"using":"xpath","value":"//*[@id=\"__item1778\"]"}
RESULT: {"using":"xpath","value":"//*[@id=\"__item1778\"]"}
COMMAND: POST /session/4f73fbc7686585ab41e1ef1183ea1846/element/f.37EC1E53C27724E540A226988372354E.d.9F77D492215F50A4398154372E042D4C.e.2992/click - {}
RESULT: {}
COMMAND: GET /session/4f73fbc7686585ab41e1ef1183ea1846/screenshot - {}
RESULT: {}
COMMAND: POST /session/4f73fbc7686585ab41e1ef1183ea1846/element - {"using":"xpath","value":"(//input[contains(@id ,\"requestItemsTable-0-inner\")])[5]"}
RESULT: {"using":"xpath","value":"(//input[contains(@id ,\"requestItemsTable-0-inner\")])[5]"}
COMMAND: POST /session/4f73fbc7686585ab41e1ef1183ea1846/element/f.37EC1E53C27724E540A226988372354E.d.9F77D492215F50A4398154372E042D4C.e.2983/clear - {}
RESULT: {}
COMMAND: POST /session/4f73fbc7686585ab41e1ef1183ea1846/element/f.37EC1E53C27724E540A226988372354E.d.9F77D492215F50A4398154372E042D4C.e.2983/value - {"text":"1000001"}
COMMAND: GET /session/4f73fbc7686585ab41e1ef1183ea1846/screenshot - {}
RESULT: {"text":"1000001"}
COMMAND: GET /session/4f73fbc7686585ab41e1ef1183ea1846/screenshot - {}
RESULT: {}
RESULT: {}
COMMAND: POST /session/4f73fbc7686585ab41e1ef1183ea1846/actions - {"actions":[{"id":"action13","type":"key","parameters":{},"actions":[{"type":"keyDown","value":"î€‡"},{"type":"pause","duration":10},{"type":"keyUp","value":"î€‡"}]}]}
RESULT: {"actions":[{"id":"action13","type":"key","parameters":{},"actions":[{"type":"keyDown","value":"î€‡"},{"type":"pause","duration":10},{"type":"keyUp","value":"î€‡"}]}]}
COMMAND: POST /session/4f73fbc7686585ab41e1ef1183ea1846/element - {"using":"xpath","value":"(//input[contains(@id ,\"requestItemsTable-1-inner\")])[5]"}
COMMAND: GET /session/4f73fbc7686585ab41e1ef1183ea1846/screenshot - {}
RESULT: {"using":"xpath","value":"(//input[contains(@id ,\"requestItemsTable-1-inner\")])[5]"}
COMMAND: POST /session/4f73fbc7686585ab41e1ef1183ea1846/element/f.37EC1E53C27724E540A226988372354E.d.9F77D492215F50A4398154372E042D4C.e.2998/clear - {}
RESULT: {}
RESULT: {}
COMMAND: POST /session/4f73fbc7686585ab41e1ef1183ea1846/element/f.37EC1E53C27724E540A226988372354E.d.9F77D492215F50A4398154372E042D4C.e.2998/value - {"text":"1000002"}
COMMAND: GET /session/4f73fbc7686585ab41e1ef1183ea1846/screenshot - {}
RESULT: {"text":"1000002"}
COMMAND: GET /session/4f73fbc7686585ab41e1ef1183ea1846/screenshot - {}
RESULT: {}
RESULT: {}
COMMAND: POST /session/4f73fbc7686585ab41e1ef1183ea1846/actions - {"actions":[{"id":"action14","type":"key","parameters":{},"actions":[{"type":"keyDown","value":"î€‡"},{"type":"pause","duration":10},{"type":"keyUp","value":"î€‡"}]}]}
RESULT: {"actions":[{"id":"action14","type":"key","parameters":{},"actions":[{"type":"keyDown","value":"î€‡"},{"type":"pause","duration":10},{"type":"keyUp","value":"î€‡"}]}]}
COMMAND: POST /session/4f73fbc7686585ab41e1ef1183ea1846/execute/async - {"script":"<script> [1562 bytes]","args":[{"selector":{"controlType":"sap.m.Input","viewName":"etm.portal.ui.managerequests.view.NewRequest","bindingPath":{"path":"","propertyPath":"/Tags","modelName":"catalogModel"},"ancestor":{"controlType":"sap.m.ColumnListItem","viewName":"etm.portal.ui.managerequests.view.NewRequest","bindingPath":{"modelName":"newRequestItems","path":"/RequestItems/0"},"ancestor":{"id":"requestItemsTable","viewName":"etm.portal.ui.managerequests.view.NewRequest"}},"interaction":{"idSuffix":"inner"}},"wdio_ui5_key":"etmportal.ui.managerequests.view.NewRequestsap.m.Input{\"path\":\"\",\"propertyPath\":\"/Tags\",\"modelName\":\"catalogModel\"}{\"controlType\":\"sap.m.ColumnListItem\",\"viewName\":\"etm.portal.ui.managerequests.view.NewRequest\",\"bindingPath\":{\"modelName\":\"newRequestItems\",\"path\":\"/RequestItems/0\"},\"ancestor\":{\"id\":\"requestItemsTable\",\"viewName\":\"etm.portal.ui.managerequests.view.NewRequest\"}}"}]}
COMMAND: GET /session/4f73fbc7686585ab41e1ef1183ea1846/screenshot - {}
RESULT: {"script":"<script> [1562 bytes]","args":[{"selector":{"controlType":"sap.m.Input","viewName":"etm.portal.ui.managerequests.view.NewRequest","bindingPath":{"path":"","propertyPath":"/Tags","modelName":"catalogModel"},"ancestor":{"controlType":"sap.m.ColumnListItem","viewName":"etm.portal.ui.managerequests.view.NewRequest","bindingPath":{"modelName":"newRequestItems","path":"/RequestItems/0"},"ancestor":{"id":"requestItemsTable","viewName":"etm.portal.ui.managerequests.view.NewRequest"}},"interaction":{"idSuffix":"inner"}},"wdio_ui5_key":"etmportal.ui.managerequests.view.NewRequestsap.m.Input{\"path\":\"\",\"propertyPath\":\"/Tags\",\"modelName\":\"catalogModel\"}{\"controlType\":\"sap.m.ColumnListItem\",\"viewName\":\"etm.portal.ui.managerequests.view.NewRequest\",\"bindingPath\":{\"modelName\":\"newRequestItems\",\"path\":\"/RequestItems/0\"},\"ancestor\":{\"id\":\"requestItemsTable\",\"viewName\":\"etm.portal.ui.managerequests.view.NewRequest\"}}"}]}
RESULT: undefined
COMMAND: POST /session/4f73fbc7686585ab41e1ef1183ea1846/execute/async - {"script":"<script> [776 bytes]","args":[{"enterText":"tag1","selector":{"controlType":"sap.m.Input","viewName":"etm.portal.ui.managerequests.view.NewRequest","bindingPath":{"path":"","propertyPath":"/Tags","modelName":"catalogModel"},"ancestor":{"controlType":"sap.m.ColumnListItem","viewName":"etm.portal.ui.managerequests.view.NewRequest","bindingPath":{"modelName":"newRequestItems","path":"/RequestItems/0"},"ancestor":{"id":"requestItemsTable","viewName":"etm.portal.ui.managerequests.view.NewRequest"}},"interaction":{"idSuffix":"inner"}},"clearTextFirst":true,"interactionType":"ENTER_TEXT"}]}
RESULT: {}
RESULT: {"script":"<script> [776 bytes]","args":[{"enterText":"tag1","selector":{"controlType":"sap.m.Input","viewName":"etm.portal.ui.managerequests.view.NewRequest","bindingPath":{"path":"","propertyPath":"/Tags","modelName":"catalogModel"},"ancestor":{"controlType":"sap.m.ColumnListItem","viewName":"etm.portal.ui.managerequests.view.NewRequest","bindingPath":{"modelName":"newRequestItems","path":"/RequestItems/0"},"ancestor":{"id":"requestItemsTable","viewName":"etm.portal.ui.managerequests.view.NewRequest"}},"interaction":{"idSuffix":"inner"}},"clearTextFirst":true,"interactionType":"ENTER_TEXT"}]}
COMMAND: POST /session/4f73fbc7686585ab41e1ef1183ea1846/actions - {"actions":[{"id":"action15","type":"key","parameters":{},"actions":[{"type":"keyDown","value":"î€‡"},{"type":"pause","duration":10},{"type":"keyUp","value":"î€‡"}]}]}
RESULT: {"actions":[{"id":"action15","type":"key","parameters":{},"actions":[{"type":"keyDown","value":"î€‡"},{"type":"pause","duration":10},{"type":"keyUp","value":"î€‡"}]}]}
RESULT: undefined
COMMAND: POST /session/4f73fbc7686585ab41e1ef1183ea1846/execute/async - {"script":"<script> [776 bytes]","args":[{"enterText":"tag-duplicate","selector":{"controlType":"sap.m.Input","viewName":"etm.portal.ui.managerequests.view.NewRequest","bindingPath":{"path":"","propertyPath":"/Tags","modelName":"catalogModel"},"ancestor":{"controlType":"sap.m.ColumnListItem","viewName":"etm.portal.ui.managerequests.view.NewRequest","bindingPath":{"modelName":"newRequestItems","path":"/RequestItems/0"},"ancestor":{"id":"requestItemsTable","viewName":"etm.portal.ui.managerequests.view.NewRequest"}},"interaction":{"idSuffix":"inner"}},"clearTextFirst":true,"interactionType":"ENTER_TEXT"}]}
COMMAND: GET /session/4f73fbc7686585ab41e1ef1183ea1846/screenshot - {}
RESULT: {"script":"<script> [776 bytes]","args":[{"enterText":"tag-duplicate","selector":{"controlType":"sap.m.Input","viewName":"etm.portal.ui.managerequests.view.NewRequest","bindingPath":{"path":"","propertyPath":"/Tags","modelName":"catalogModel"},"ancestor":{"controlType":"sap.m.ColumnListItem","viewName":"etm.portal.ui.managerequests.view.NewRequest","bindingPath":{"modelName":"newRequestItems","path":"/RequestItems/0"},"ancestor":{"id":"requestItemsTable","viewName":"etm.portal.ui.managerequests.view.NewRequest"}},"interaction":{"idSuffix":"inner"}},"clearTextFirst":true,"interactionType":"ENTER_TEXT"}]}
RESULT: {}
COMMAND: POST /session/4f73fbc7686585ab41e1ef1183ea1846/actions - {"actions":[{"id":"action16","type":"key","parameters":{},"actions":[{"type":"keyDown","value":"î€‡"},{"type":"pause","duration":10},{"type":"keyUp","value":"î€‡"}]}]}
RESULT: {"actions":[{"id":"action16","type":"key","parameters":{},"actions":[{"type":"keyDown","value":"î€‡"},{"type":"pause","duration":10},{"type":"keyUp","value":"î€‡"}]}]}
COMMAND: GET /session/4f73fbc7686585ab41e1ef1183ea1846/screenshot - {}
RESULT: {}
COMMAND: POST /session/4f73fbc7686585ab41e1ef1183ea1846/execute/async - {"script":"<script> [1562 bytes]","args":[{"selector":{"controlType":"sap.m.Input","viewName":"etm.portal.ui.managerequests.view.NewRequest","bindingPath":{"path":"","propertyPath":"/Tags","modelName":"catalogModel"},"ancestor":{"controlType":"sap.m.ColumnListItem","viewName":"etm.portal.ui.managerequests.view.NewRequest","bindingPath":{"modelName":"newRequestItems","path":"/RequestItems/1"},"ancestor":{"id":"requestItemsTable","viewName":"etm.portal.ui.managerequests.view.NewRequest"}},"interaction":{"idSuffix":"inner"}},"wdio_ui5_key":"etmportal.ui.managerequests.view.NewRequestsap.m.Input{\"path\":\"\",\"propertyPath\":\"/Tags\",\"modelName\":\"catalogModel\"}{\"controlType\":\"sap.m.ColumnListItem\",\"viewName\":\"etm.portal.ui.managerequests.view.NewRequest\",\"bindingPath\":{\"modelName\":\"newRequestItems\",\"path\":\"/RequestItems/1\"},\"ancestor\":{\"id\":\"requestItemsTable\",\"viewName\":\"etm.portal.ui.managerequests.view.NewRequest\"}}"}]}
RESULT: {"script":"<script> [1562 bytes]","args":[{"selector":{"controlType":"sap.m.Input","viewName":"etm.portal.ui.managerequests.view.NewRequest","bindingPath":{"path":"","propertyPath":"/Tags","modelName":"catalogModel"},"ancestor":{"controlType":"sap.m.ColumnListItem","viewName":"etm.portal.ui.managerequests.view.NewRequest","bindingPath":{"modelName":"newRequestItems","path":"/RequestItems/1"},"ancestor":{"id":"requestItemsTable","viewName":"etm.portal.ui.managerequests.view.NewRequest"}},"interaction":{"idSuffix":"inner"}},"wdio_ui5_key":"etmportal.ui.managerequests.view.NewRequestsap.m.Input{\"path\":\"\",\"propertyPath\":\"/Tags\",\"modelName\":\"catalogModel\"}{\"controlType\":\"sap.m.ColumnListItem\",\"viewName\":\"etm.portal.ui.managerequests.view.NewRequest\",\"bindingPath\":{\"modelName\":\"newRequestItems\",\"path\":\"/RequestItems/1\"},\"ancestor\":{\"id\":\"requestItemsTable\",\"viewName\":\"etm.portal.ui.managerequests.view.NewRequest\"}}"}]}
RESULT: undefined
COMMAND: POST /session/4f73fbc7686585ab41e1ef1183ea1846/execute/async - {"script":"<script> [776 bytes]","args":[{"enterText":"tag1","selector":{"controlType":"sap.m.Input","viewName":"etm.portal.ui.managerequests.view.NewRequest","bindingPath":{"path":"","propertyPath":"/Tags","modelName":"catalogModel"},"ancestor":{"controlType":"sap.m.ColumnListItem","viewName":"etm.portal.ui.managerequests.view.NewRequest","bindingPath":{"modelName":"newRequestItems","path":"/RequestItems/1"},"ancestor":{"id":"requestItemsTable","viewName":"etm.portal.ui.managerequests.view.NewRequest"}},"interaction":{"idSuffix":"inner"}},"clearTextFirst":true,"interactionType":"ENTER_TEXT"}]}
RESULT: {"script":"<script> [776 bytes]","args":[{"enterText":"tag1","selector":{"controlType":"sap.m.Input","viewName":"etm.portal.ui.managerequests.view.NewRequest","bindingPath":{"path":"","propertyPath":"/Tags","modelName":"catalogModel"},"ancestor":{"controlType":"sap.m.ColumnListItem","viewName":"etm.portal.ui.managerequests.view.NewRequest","bindingPath":{"modelName":"newRequestItems","path":"/RequestItems/1"},"ancestor":{"id":"requestItemsTable","viewName":"etm.portal.ui.managerequests.view.NewRequest"}},"interaction":{"idSuffix":"inner"}},"clearTextFirst":true,"interactionType":"ENTER_TEXT"}]}
COMMAND: POST /session/4f73fbc7686585ab41e1ef1183ea1846/actions - {"actions":[{"id":"action17","type":"key","parameters":{},"actions":[{"type":"keyDown","value":"î€‡"},{"type":"pause","duration":10},{"type":"keyUp","value":"î€‡"}]}]}
RESULT: {"actions":[{"id":"action17","type":"key","parameters":{},"actions":[{"type":"keyDown","value":"î€‡"},{"type":"pause","duration":10},{"type":"keyUp","value":"î€‡"}]}]}
RESULT: undefined
COMMAND: POST /session/4f73fbc7686585ab41e1ef1183ea1846/execute/async - {"script":"<script> [776 bytes]","args":[{"enterText":"tag-duplicate","selector":{"controlType":"sap.m.Input","viewName":"etm.portal.ui.managerequests.view.NewRequest","bindingPath":{"path":"","propertyPath":"/Tags","modelName":"catalogModel"},"ancestor":{"controlType":"sap.m.ColumnListItem","viewName":"etm.portal.ui.managerequests.view.NewRequest","bindingPath":{"modelName":"newRequestItems","path":"/RequestItems/1"},"ancestor":{"id":"requestItemsTable","viewName":"etm.portal.ui.managerequests.view.NewRequest"}},"interaction":{"idSuffix":"inner"}},"clearTextFirst":true,"interactionType":"ENTER_TEXT"}]}
COMMAND: GET /session/4f73fbc7686585ab41e1ef1183ea1846/screenshot - {}
RESULT: {"script":"<script> [776 bytes]","args":[{"enterText":"tag-duplicate","selector":{"controlType":"sap.m.Input","viewName":"etm.portal.ui.managerequests.view.NewRequest","bindingPath":{"path":"","propertyPath":"/Tags","modelName":"catalogModel"},"ancestor":{"controlType":"sap.m.ColumnListItem","viewName":"etm.portal.ui.managerequests.view.NewRequest","bindingPath":{"modelName":"newRequestItems","path":"/RequestItems/1"},"ancestor":{"id":"requestItemsTable","viewName":"etm.portal.ui.managerequests.view.NewRequest"}},"interaction":{"idSuffix":"inner"}},"clearTextFirst":true,"interactionType":"ENTER_TEXT"}]}
RESULT: {}
COMMAND: POST /session/4f73fbc7686585ab41e1ef1183ea1846/actions - {"actions":[{"id":"action18","type":"key","parameters":{},"actions":[{"type":"keyDown","value":"î€‡"},{"type":"pause","duration":10},{"type":"keyUp","value":"î€‡"}]}]}
RESULT: {"actions":[{"id":"action18","type":"key","parameters":{},"actions":[{"type":"keyDown","value":"î€‡"},{"type":"pause","duration":10},{"type":"keyUp","value":"î€‡"}]}]}
COMMAND: GET /session/4f73fbc7686585ab41e1ef1183ea1846/screenshot - {}
RESULT: {}
COMMAND: POST /session/4f73fbc7686585ab41e1ef1183ea1846/execute/async - {"script":"<script> [1562 bytes]","args":[{"selector":{"controlType":"sap.ui.core.Icon","viewName":"etm.portal.ui.managerequests.view.NewRequest","properties":{"src":{"regex":{"source":"slim\\-arrow\\-down"}}},"ancestor":{"controlType":"sap.m.Button","viewName":"etm.portal.ui.managerequests.view.NewRequest","properties":{"icon":"sap-icon://slim-arrow-down"}}},"wdio_ui5_key":"etmportal.ui.managerequests.view.NewRequestsap.ui.core.Icon{\"src\":{\"regex\":{\"source\":\"slim\\\\-arrow\\\\-down\"}}}{\"controlType\":\"sap.m.Button\",\"viewName\":\"etm.portal.ui.managerequests.view.NewRequest\",\"properties\":{\"icon\":\"sap-icon://slim-arrow-down\"}}"}]}
RESULT: {"script":"<script> [1562 bytes]","args":[{"selector":{"controlType":"sap.ui.core.Icon","viewName":"etm.portal.ui.managerequests.view.NewRequest","properties":{"src":{"regex":{"source":"slim\\-arrow\\-down"}}},"ancestor":{"controlType":"sap.m.Button","viewName":"etm.portal.ui.managerequests.view.NewRequest","properties":{"icon":"sap-icon://slim-arrow-down"}}},"wdio_ui5_key":"etmportal.ui.managerequests.view.NewRequestsap.ui.core.Icon{\"src\":{\"regex\":{\"source\":\"slim\\\\-arrow\\\\-down\"}}}{\"controlType\":\"sap.m.Button\",\"viewName\":\"etm.portal.ui.managerequests.view.NewRequest\",\"properties\":{\"icon\":\"sap-icon://slim-arrow-down\"}}"}]}
RESULT: undefined
COMMAND: POST /session/4f73fbc7686585ab41e1ef1183ea1846/element - {"using":"xpath","value":"//*[@id=\"__title25-expandBtn-img\"]"}
RESULT: {"using":"xpath","value":"//*[@id=\"__title25-expandBtn-img\"]"}
COMMAND: POST /session/4f73fbc7686585ab41e1ef1183ea1846/element/f.37EC1E53C27724E540A226988372354E.d.9F77D492215F50A4398154372E042D4C.e.3043/click - {}
RESULT: {}
COMMAND: GET /session/4f73fbc7686585ab41e1ef1183ea1846/screenshot - {}
RESULT: {}
COMMAND: POST /session/4f73fbc7686585ab41e1ef1183ea1846/element - {"using":"xpath","value":"//div[contains(@data-kt ,\"splitAllocationObjectStatus\")]"}
RESULT: {"using":"xpath","value":"//div[contains(@data-kt ,\"splitAllocationObjectStatus\")]"}
COMMAND: POST /session/4f73fbc7686585ab41e1ef1183ea1846/elements - {"using":"xpath","value":"//div[contains(@data-kt ,\"splitAllocationObjectStatus\")]"}
RESULT: {"using":"xpath","value":"//div[contains(@data-kt ,\"splitAllocationObjectStatus\")]"}
COMMAND: POST /session/4f73fbc7686585ab41e1ef1183ea1846/execute/async - {"script":"<script> [1562 bytes]","args":[{"selector":{"controlType":"sap.ui.core.Icon","viewName":"etm.portal.ui.managerequests.view.NewRequest","properties":{"src":{"regex":{"source":"message\\-error"}}},"ancestor":{"controlType":"sap.m.ColumnListItem","viewName":"etm.portal.ui.managerequests.view.NewRequest","bindingPath":{"modelName":"newRequestItems","path":"/RequestItems/0"},"ancestor":{"id":"requestItemsTable","viewName":"etm.portal.ui.managerequests.view.NewRequest"}}},"wdio_ui5_key":"etmportal.ui.managerequests.view.NewRequestsap.ui.core.Icon{\"src\":{\"regex\":{\"source\":\"message\\\\-error\"}}}{\"controlType\":\"sap.m.ColumnListItem\",\"viewName\":\"etm.portal.ui.managerequests.view.NewRequest\",\"bindingPath\":{\"modelName\":\"newRequestItems\",\"path\":\"/RequestItems/0\"},\"ancestor\":{\"id\":\"requestItemsTable\",\"viewName\":\"etm.portal.ui.managerequests.view.NewRequest\"}}"}]}
RESULT: {"script":"<script> [1562 bytes]","args":[{"selector":{"controlType":"sap.ui.core.Icon","viewName":"etm.portal.ui.managerequests.view.NewRequest","properties":{"src":{"regex":{"source":"message\\-error"}}},"ancestor":{"controlType":"sap.m.ColumnListItem","viewName":"etm.portal.ui.managerequests.view.NewRequest","bindingPath":{"modelName":"newRequestItems","path":"/RequestItems/0"},"ancestor":{"id":"requestItemsTable","viewName":"etm.portal.ui.managerequests.view.NewRequest"}}},"wdio_ui5_key":"etmportal.ui.managerequests.view.NewRequestsap.ui.core.Icon{\"src\":{\"regex\":{\"source\":\"message\\\\-error\"}}}{\"controlType\":\"sap.m.ColumnListItem\",\"viewName\":\"etm.portal.ui.managerequests.view.NewRequest\",\"bindingPath\":{\"modelName\":\"newRequestItems\",\"path\":\"/RequestItems/0\"},\"ancestor\":{\"id\":\"requestItemsTable\",\"viewName\":\"etm.portal.ui.managerequests.view.NewRequest\"}}"}]}
RESULT: undefined
COMMAND: POST /session/4f73fbc7686585ab41e1ef1183ea1846/element - {"using":"xpath","value":"//*[@id=\"__status6-__xmlview59--requestItemsTable-0-icon\"]"}
RESULT: {"using":"xpath","value":"//*[@id=\"__status6-__xmlview59--requestItemsTable-0-icon\"]"}
COMMAND: POST /session/4f73fbc7686585ab41e1ef1183ea1846/element/f.37EC1E53C27724E540A226988372354E.d.9F77D492215F50A4398154372E042D4C.e.3024/click - {}
RESULT: {}
COMMAND: GET /session/4f73fbc7686585ab41e1ef1183ea1846/screenshot - {}
RESULT: {}
COMMAND: POST /session/4f73fbc7686585ab41e1ef1183ea1846/execute/async - {"script":"<script> [1562 bytes]","args":[{"selector":{"id":"costObjectAdminTypeComboBox","viewName":"etm.portal.ui.managerequests.view.NewRequest","searchOpenDialogs":true,"interaction":{"idSuffix":"inner"}},"wdio_ui5_key":"costObjectAdminTypeComboBoxetmportal.ui.managerequests.view.NewRequest"}]}
RESULT: {"script":"<script> [1562 bytes]","args":[{"selector":{"id":"costObjectAdminTypeComboBox","viewName":"etm.portal.ui.managerequests.view.NewRequest","searchOpenDialogs":true,"interaction":{"idSuffix":"inner"}},"wdio_ui5_key":"costObjectAdminTypeComboBoxetmportal.ui.managerequests.view.NewRequest"}]}
RESULT: undefined
COMMAND: POST /session/4f73fbc7686585ab41e1ef1183ea1846/execute/async - {"script":"<script> [776 bytes]","args":[{"enterText":"Cost Center","selector":{"id":"costObjectAdminTypeComboBox","viewName":"etm.portal.ui.managerequests.view.NewRequest","searchOpenDialogs":true,"interaction":{"idSuffix":"inner"}},"clearTextFirst":true,"interactionType":"ENTER_TEXT"}]}
RESULT: {"script":"<script> [776 bytes]","args":[{"enterText":"Cost Center","selector":{"id":"costObjectAdminTypeComboBox","viewName":"etm.portal.ui.managerequests.view.NewRequest","searchOpenDialogs":true,"interaction":{"idSuffix":"inner"}},"clearTextFirst":true,"interactionType":"ENTER_TEXT"}]}
COMMAND: POST /session/4f73fbc7686585ab41e1ef1183ea1846/actions - {"actions":[{"id":"action19","type":"key","parameters":{},"actions":[{"type":"keyDown","value":"î€‡"},{"type":"pause","duration":10},{"type":"keyUp","value":"î€‡"}]}]}
RESULT: {"actions":[{"id":"action19","type":"key","parameters":{},"actions":[{"type":"keyDown","value":"î€‡"},{"type":"pause","duration":10},{"type":"keyUp","value":"î€‡"}]}]}
COMMAND: GET /session/4f73fbc7686585ab41e1ef1183ea1846/screenshot - {}
RESULT: {}
COMMAND: POST /session/4f73fbc7686585ab41e1ef1183ea1846/execute/async - {"script":"<script> [1562 bytes]","args":[{"selector":{"id":"costObjectIdComboBox","viewName":"etm.portal.ui.managerequests.view.NewRequest","searchOpenDialogs":true,"interaction":{"idSuffix":"inner"}},"wdio_ui5_key":"costObjectIdComboBoxetmportal.ui.managerequests.view.NewRequest"}]}
RESULT: {"script":"<script> [1562 bytes]","args":[{"selector":{"id":"costObjectIdComboBox","viewName":"etm.portal.ui.managerequests.view.NewRequest","searchOpenDialogs":true,"interaction":{"idSuffix":"inner"}},"wdio_ui5_key":"costObjectIdComboBoxetmportal.ui.managerequests.view.NewRequest"}]}
RESULT: undefined
COMMAND: POST /session/4f73fbc7686585ab41e1ef1183ea1846/execute/async - {"script":"<script> [776 bytes]","args":[{"enterText":"1001 - 1001","selector":{"id":"costObjectIdComboBox","viewName":"etm.portal.ui.managerequests.view.NewRequest","searchOpenDialogs":true,"interaction":{"idSuffix":"inner"}},"clearTextFirst":true,"interactionType":"ENTER_TEXT"}]}
RESULT: {"script":"<script> [776 bytes]","args":[{"enterText":"1001 - 1001","selector":{"id":"costObjectIdComboBox","viewName":"etm.portal.ui.managerequests.view.NewRequest","searchOpenDialogs":true,"interaction":{"idSuffix":"inner"}},"clearTextFirst":true,"interactionType":"ENTER_TEXT"}]}
COMMAND: POST /session/4f73fbc7686585ab41e1ef1183ea1846/actions - {"actions":[{"id":"action20","type":"key","parameters":{},"actions":[{"type":"keyDown","value":"î€‡"},{"type":"pause","duration":10},{"type":"keyUp","value":"î€‡"}]}]}
RESULT: {"actions":[{"id":"action20","type":"key","parameters":{},"actions":[{"type":"keyDown","value":"î€‡"},{"type":"pause","duration":10},{"type":"keyUp","value":"î€‡"}]}]}
COMMAND: GET /session/4f73fbc7686585ab41e1ef1183ea1846/screenshot - {}
RESULT: {}
COMMAND: POST /session/4f73fbc7686585ab41e1ef1183ea1846/element - {"using":"xpath","value":"(//bdi[(text() = 'Save' or . = 'Save')])[1]"}
RESULT: {"using":"xpath","value":"(//bdi[(text() = 'Save' or . = 'Save')])[1]"}
COMMAND: POST /session/4f73fbc7686585ab41e1ef1183ea1846/element/f.37EC1E53C27724E540A226988372354E.d.9F77D492215F50A4398154372E042D4C.e.3065/click - {}
RESULT: {}
COMMAND: POST /session/4f73fbc7686585ab41e1ef1183ea1846/execute/async - {"script":"<script> [1562 bytes]","args":[{"selector":{"controlType":"sap.ui.core.Icon","viewName":"etm.portal.ui.managerequests.view.NewRequest","properties":{"src":{"regex":{"source":"message\\-error"}}},"ancestor":{"controlType":"sap.m.ColumnListItem","viewName":"etm.portal.ui.managerequests.view.NewRequest","bindingPath":{"modelName":"newRequestItems","path":"/RequestItems/1"},"ancestor":{"id":"requestItemsTable","viewName":"etm.portal.ui.managerequests.view.NewRequest"}}},"wdio_ui5_key":"etmportal.ui.managerequests.view.NewRequestsap.ui.core.Icon{\"src\":{\"regex\":{\"source\":\"message\\\\-error\"}}}{\"controlType\":\"sap.m.ColumnListItem\",\"viewName\":\"etm.portal.ui.managerequests.view.NewRequest\",\"bindingPath\":{\"modelName\":\"newRequestItems\",\"path\":\"/RequestItems/1\"},\"ancestor\":{\"id\":\"requestItemsTable\",\"viewName\":\"etm.portal.ui.managerequests.view.NewRequest\"}}"}]}
COMMAND: GET /session/4f73fbc7686585ab41e1ef1183ea1846/screenshot - {}
RESULT: {"script":"<script> [1562 bytes]","args":[{"selector":{"controlType":"sap.ui.core.Icon","viewName":"etm.portal.ui.managerequests.view.NewRequest","properties":{"src":{"regex":{"source":"message\\-error"}}},"ancestor":{"controlType":"sap.m.ColumnListItem","viewName":"etm.portal.ui.managerequests.view.NewRequest","bindingPath":{"modelName":"newRequestItems","path":"/RequestItems/1"},"ancestor":{"id":"requestItemsTable","viewName":"etm.portal.ui.managerequests.view.NewRequest"}}},"wdio_ui5_key":"etmportal.ui.managerequests.view.NewRequestsap.ui.core.Icon{\"src\":{\"regex\":{\"source\":\"message\\\\-error\"}}}{\"controlType\":\"sap.m.ColumnListItem\",\"viewName\":\"etm.portal.ui.managerequests.view.NewRequest\",\"bindingPath\":{\"modelName\":\"newRequestItems\",\"path\":\"/RequestItems/1\"},\"ancestor\":{\"id\":\"requestItemsTable\",\"viewName\":\"etm.portal.ui.managerequests.view.NewRequest\"}}"}]}
RESULT: undefined
COMMAND: POST /session/4f73fbc7686585ab41e1ef1183ea1846/element - {"using":"xpath","value":"//*[@id=\"__status6-__xmlview59--requestItemsTable-1-icon\"]"}
RESULT: {}
RESULT: {"using":"xpath","value":"//*[@id=\"__status6-__xmlview59--requestItemsTable-1-icon\"]"}
COMMAND: POST /session/4f73fbc7686585ab41e1ef1183ea1846/element/f.37EC1E53C27724E540A226988372354E.d.9F77D492215F50A4398154372E042D4C.e.3041/click - {}
RESULT: {}
COMMAND: GET /session/4f73fbc7686585ab41e1ef1183ea1846/screenshot - {}
RESULT: {}
RESULT: undefined
COMMAND: POST /session/4f73fbc7686585ab41e1ef1183ea1846/execute/async - {"script":"<script> [776 bytes]","args":[{"enterText":"Cost Center","selector":{"id":"costObjectAdminTypeComboBox","viewName":"etm.portal.ui.managerequests.view.NewRequest","searchOpenDialogs":true,"interaction":{"idSuffix":"inner"}},"clearTextFirst":true,"interactionType":"ENTER_TEXT"}]}
RESULT: {"script":"<script> [776 bytes]","args":[{"enterText":"Cost Center","selector":{"id":"costObjectAdminTypeComboBox","viewName":"etm.portal.ui.managerequests.view.NewRequest","searchOpenDialogs":true,"interaction":{"idSuffix":"inner"}},"clearTextFirst":true,"interactionType":"ENTER_TEXT"}]}
COMMAND: POST /session/4f73fbc7686585ab41e1ef1183ea1846/actions - {"actions":[{"id":"action21","type":"key","parameters":{},"actions":[{"type":"keyDown","value":"î€‡"},{"type":"pause","duration":10},{"type":"keyUp","value":"î€‡"}]}]}
RESULT: {"actions":[{"id":"action21","type":"key","parameters":{},"actions":[{"type":"keyDown","value":"î€‡"},{"type":"pause","duration":10},{"type":"keyUp","value":"î€‡"}]}]}
COMMAND: GET /session/4f73fbc7686585ab41e1ef1183ea1846/screenshot - {}
RESULT: {}
RESULT: undefined
COMMAND: POST /session/4f73fbc7686585ab41e1ef1183ea1846/execute/async - {"script":"<script> [776 bytes]","args":[{"enterText":"1001 - 1001","selector":{"id":"costObjectIdComboBox","viewName":"etm.portal.ui.managerequests.view.NewRequest","searchOpenDialogs":true,"interaction":{"idSuffix":"inner"}},"clearTextFirst":true,"interactionType":"ENTER_TEXT"}]}
RESULT: {"script":"<script> [776 bytes]","args":[{"enterText":"1001 - 1001","selector":{"id":"costObjectIdComboBox","viewName":"etm.portal.ui.managerequests.view.NewRequest","searchOpenDialogs":true,"interaction":{"idSuffix":"inner"}},"clearTextFirst":true,"interactionType":"ENTER_TEXT"}]}
COMMAND: POST /session/4f73fbc7686585ab41e1ef1183ea1846/actions - {"actions":[{"id":"action22","type":"key","parameters":{},"actions":[{"type":"keyDown","value":"î€‡"},{"type":"pause","duration":10},{"type":"keyUp","value":"î€‡"}]}]}
RESULT: {"actions":[{"id":"action22","type":"key","parameters":{},"actions":[{"type":"keyDown","value":"î€‡"},{"type":"pause","duration":10},{"type":"keyUp","value":"î€‡"}]}]}
COMMAND: GET /session/4f73fbc7686585ab41e1ef1183ea1846/screenshot - {}
RESULT: {}
COMMAND: POST /session/4f73fbc7686585ab41e1ef1183ea1846/element - {"using":"xpath","value":"(//bdi[(text() = 'Save' or . = 'Save')])[1]"}
RESULT: {"using":"xpath","value":"(//bdi[(text() = 'Save' or . = 'Save')])[1]"}
COMMAND: POST /session/4f73fbc7686585ab41e1ef1183ea1846/element/f.37EC1E53C27724E540A226988372354E.d.9F77D492215F50A4398154372E042D4C.e.3080/click - {}
RESULT: {}
COMMAND: POST /session/4f73fbc7686585ab41e1ef1183ea1846/execute/async - {"script":"<script> [1562 bytes]","args":[{"selector":{"controlType":"sap.ui.core.Icon","viewName":"etm.portal.ui.managerequests.view.NewRequest","properties":{"src":{"regex":{"source":"decline"}}},"ancestor":{"controlType":"sap.m.Token","viewName":"etm.portal.ui.managerequests.view.NewRequest","bindingPath":{"path":"/RequestItems/0/TOKENS/0","propertyPath":"TAG","modelName":"newRequestItems"}}},"wdio_ui5_key":"etmportal.ui.managerequests.view.NewRequestsap.ui.core.Icon{\"src\":{\"regex\":{\"source\":\"decline\"}}}{\"controlType\":\"sap.m.Token\",\"viewName\":\"etm.portal.ui.managerequests.view.NewRequest\",\"bindingPath\":{\"path\":\"/RequestItems/0/TOKENS/0\",\"propertyPath\":\"TAG\",\"modelName\":\"newRequestItems\"}}"}]}
COMMAND: GET /session/4f73fbc7686585ab41e1ef1183ea1846/screenshot - {}
RESULT: {"script":"<script> [1562 bytes]","args":[{"selector":{"controlType":"sap.ui.core.Icon","viewName":"etm.portal.ui.managerequests.view.NewRequest","properties":{"src":{"regex":{"source":"decline"}}},"ancestor":{"controlType":"sap.m.Token","viewName":"etm.portal.ui.managerequests.view.NewRequest","bindingPath":{"path":"/RequestItems/0/TOKENS/0","propertyPath":"TAG","modelName":"newRequestItems"}}},"wdio_ui5_key":"etmportal.ui.managerequests.view.NewRequestsap.ui.core.Icon{\"src\":{\"regex\":{\"source\":\"decline\"}}}{\"controlType\":\"sap.m.Token\",\"viewName\":\"etm.portal.ui.managerequests.view.NewRequest\",\"bindingPath\":{\"path\":\"/RequestItems/0/TOKENS/0\",\"propertyPath\":\"TAG\",\"modelName\":\"newRequestItems\"}}"}]}
RESULT: undefined
COMMAND: POST /session/4f73fbc7686585ab41e1ef1183ea1846/element - {"using":"xpath","value":"//*[@id=\"__token7-__tokenizer62-__xmlview59--requestItemsTable-0-0-icon\"]"}
RESULT: {}
RESULT: {"using":"xpath","value":"//*[@id=\"__token7-__tokenizer62-__xmlview59--requestItemsTable-0-0-icon\"]"}
COMMAND: POST /session/4f73fbc7686585ab41e1ef1183ea1846/element/f.37EC1E53C27724E540A226988372354E.d.9F77D492215F50A4398154372E042D4C.e.3082/click - {}
RESULT: {}
COMMAND: GET /session/4f73fbc7686585ab41e1ef1183ea1846/screenshot - {}
RESULT: {}
COMMAND: POST /session/4f73fbc7686585ab41e1ef1183ea1846/actions - {"actions":[{"id":"action23","type":"key","parameters":{},"actions":[{"type":"keyDown","value":"î€Œ"},{"type":"pause","duration":10},{"type":"keyUp","value":"î€Œ"}]}]}
RESULT: {"actions":[{"id":"action23","type":"key","parameters":{},"actions":[{"type":"keyDown","value":"î€Œ"},{"type":"pause","duration":10},{"type":"keyUp","value":"î€Œ"}]}]}
COMMAND: GET /session/4f73fbc7686585ab41e1ef1183ea1846/screenshot - {}
RESULT: {}
COMMAND: POST /session/4f73fbc7686585ab41e1ef1183ea1846/execute/async - {"script":"<script> [1562 bytes]","args":[{"selector":{"controlType":"sap.m.Tokenizer","viewName":"etm.portal.ui.managerequests.view.NewRequest","bindingPath":{"path":"/RequestItems/0","propertyPath":"TOKENS","modelName":"newRequestItems"}},"wdio_ui5_key":"etmportal.ui.managerequests.view.NewRequestsap.m.Tokenizer{\"path\":\"/RequestItems/0\",\"propertyPath\":\"TOKENS\",\"modelName\":\"newRequestItems\"}"}]}
RESULT: {"script":"<script> [1562 bytes]","args":[{"selector":{"controlType":"sap.m.Tokenizer","viewName":"etm.portal.ui.managerequests.view.NewRequest","bindingPath":{"path":"/RequestItems/0","propertyPath":"TOKENS","modelName":"newRequestItems"}},"wdio_ui5_key":"etmportal.ui.managerequests.view.NewRequestsap.m.Tokenizer{\"path\":\"/RequestItems/0\",\"propertyPath\":\"TOKENS\",\"modelName\":\"newRequestItems\"}"}]}
RESULT: undefined
COMMAND: POST /session/4f73fbc7686585ab41e1ef1183ea1846/execute/async - {"script":"<script> [6424 bytes]","args":[{"element-6066-11e4-a52e-4f735466cecf":"f.37EC1E53C27724E540A226988372354E.d.9F77D492215F50A4398154372E042D4C.e.3088"},"getTokens",[]]}
RESULT: {"script":"<script> [6424 bytes]","args":[{"element-6066-11e4-a52e-4f735466cecf":"f.37EC1E53C27724E540A226988372354E.d.9F77D492215F50A4398154372E042D4C.e.3088"},"getTokens",[]]}
COMMAND: POST /session/4f73fbc7686585ab41e1ef1183ea1846/execute/async - {"script":"<script> [1562 bytes]","args":[{"wdio_ui5_key":"__token7-__tokenizer62-__xmlview59--requestItemsTable-0-0","selector":{"id":"__token7-__tokenizer62-__xmlview59--requestItemsTable-0-0"}}]}
RESULT: {"script":"<script> [1562 bytes]","args":[{"wdio_ui5_key":"__token7-__tokenizer62-__xmlview59--requestItemsTable-0-0","selector":{"id":"__token7-__tokenizer62-__xmlview59--requestItemsTable-0-0"}}]}
RESULT: undefined
RESULT: undefined
COMMAND: POST /session/4f73fbc7686585ab41e1ef1183ea1846/execute/async - {"script":"<script> [776 bytes]","args":[{"enterText":"tagRequest1","selector":{"controlType":"sap.m.Input","viewName":"etm.portal.ui.managerequests.view.NewRequest","bindingPath":{"path":"","propertyPath":"/Tags","modelName":"catalogModel"},"ancestor":{"controlType":"sap.m.ColumnListItem","viewName":"etm.portal.ui.managerequests.view.NewRequest","bindingPath":{"modelName":"newRequestItems","path":"/RequestItems/0"},"ancestor":{"id":"requestItemsTable","viewName":"etm.portal.ui.managerequests.view.NewRequest"}},"interaction":{"idSuffix":"inner"}},"clearTextFirst":true,"interactionType":"ENTER_TEXT"}]}
RESULT: {"script":"<script> [776 bytes]","args":[{"enterText":"tagRequest1","selector":{"controlType":"sap.m.Input","viewName":"etm.portal.ui.managerequests.view.NewRequest","bindingPath":{"path":"","propertyPath":"/Tags","modelName":"catalogModel"},"ancestor":{"controlType":"sap.m.ColumnListItem","viewName":"etm.portal.ui.managerequests.view.NewRequest","bindingPath":{"modelName":"newRequestItems","path":"/RequestItems/0"},"ancestor":{"id":"requestItemsTable","viewName":"etm.portal.ui.managerequests.view.NewRequest"}},"interaction":{"idSuffix":"inner"}},"clearTextFirst":true,"interactionType":"ENTER_TEXT"}]}
COMMAND: POST /session/4f73fbc7686585ab41e1ef1183ea1846/actions - {"actions":[{"id":"action24","type":"key","parameters":{},"actions":[{"type":"keyDown","value":"î€‡"},{"type":"pause","duration":10},{"type":"keyUp","value":"î€‡"}]}]}
RESULT: {"actions":[{"id":"action24","type":"key","parameters":{},"actions":[{"type":"keyDown","value":"î€‡"},{"type":"pause","duration":10},{"type":"keyUp","value":"î€‡"}]}]}
COMMAND: GET /session/4f73fbc7686585ab41e1ef1183ea1846/screenshot - {}
RESULT: {}
RESULT: undefined
COMMAND: POST /session/4f73fbc7686585ab41e1ef1183ea1846/execute/async - {"script":"<script> [6424 bytes]","args":[{"element-6066-11e4-a52e-4f735466cecf":"f.37EC1E53C27724E540A226988372354E.d.9F77D492215F50A4398154372E042D4C.e.3088"},"getTokens",[]]}
RESULT: {"script":"<script> [6424 bytes]","args":[{"element-6066-11e4-a52e-4f735466cecf":"f.37EC1E53C27724E540A226988372354E.d.9F77D492215F50A4398154372E042D4C.e.3088"},"getTokens",[]]}
COMMAND: POST /session/4f73fbc7686585ab41e1ef1183ea1846/execute/async - {"script":"<script> [1562 bytes]","args":[{"wdio_ui5_key":"__token7-__tokenizer62-__xmlview59--requestItemsTable-0-1","selector":{"id":"__token7-__tokenizer62-__xmlview59--requestItemsTable-0-1"}}]}
RESULT: undefined
RESULT: {"script":"<script> [1562 bytes]","args":[{"wdio_ui5_key":"__token7-__tokenizer62-__xmlview59--requestItemsTable-0-1","selector":{"id":"__token7-__tokenizer62-__xmlview59--requestItemsTable-0-1"}}]}
RESULT: undefined
COMMAND: POST /session/4f73fbc7686585ab41e1ef1183ea1846/execute/async - {"script":"<script> [1562 bytes]","args":[{"selector":{"controlType":"sap.ui.core.Icon","viewName":"etm.portal.ui.managerequests.view.NewRequest","properties":{"src":{"regex":{"source":"decline"}}},"ancestor":{"controlType":"sap.m.Token","viewName":"etm.portal.ui.managerequests.view.NewRequest","bindingPath":{"path":"/RequestItems/1/TOKENS/0","propertyPath":"TAG","modelName":"newRequestItems"}}},"wdio_ui5_key":"etmportal.ui.managerequests.view.NewRequestsap.ui.core.Icon{\"src\":{\"regex\":{\"source\":\"decline\"}}}{\"controlType\":\"sap.m.Token\",\"viewName\":\"etm.portal.ui.managerequests.view.NewRequest\",\"bindingPath\":{\"path\":\"/RequestItems/1/TOKENS/0\",\"propertyPath\":\"TAG\",\"modelName\":\"newRequestItems\"}}"}]}
RESULT: {"script":"<script> [1562 bytes]","args":[{"selector":{"controlType":"sap.ui.core.Icon","viewName":"etm.portal.ui.managerequests.view.NewRequest","properties":{"src":{"regex":{"source":"decline"}}},"ancestor":{"controlType":"sap.m.Token","viewName":"etm.portal.ui.managerequests.view.NewRequest","bindingPath":{"path":"/RequestItems/1/TOKENS/0","propertyPath":"TAG","modelName":"newRequestItems"}}},"wdio_ui5_key":"etmportal.ui.managerequests.view.NewRequestsap.ui.core.Icon{\"src\":{\"regex\":{\"source\":\"decline\"}}}{\"controlType\":\"sap.m.Token\",\"viewName\":\"etm.portal.ui.managerequests.view.NewRequest\",\"bindingPath\":{\"path\":\"/RequestItems/1/TOKENS/0\",\"propertyPath\":\"TAG\",\"modelName\":\"newRequestItems\"}}"}]}
RESULT: undefined
COMMAND: POST /session/4f73fbc7686585ab41e1ef1183ea1846/element - {"using":"xpath","value":"//*[@id=\"__token7-__tokenizer62-__xmlview59--requestItemsTable-1-0-icon\"]"}
RESULT: {"using":"xpath","value":"//*[@id=\"__token7-__tokenizer62-__xmlview59--requestItemsTable-1-0-icon\"]"}
COMMAND: POST /session/4f73fbc7686585ab41e1ef1183ea1846/element/f.37EC1E53C27724E540A226988372354E.d.9F77D492215F50A4398154372E042D4C.e.3090/click - {}
RESULT: {}
COMMAND: GET /session/4f73fbc7686585ab41e1ef1183ea1846/screenshot - {}
RESULT: {}
COMMAND: POST /session/4f73fbc7686585ab41e1ef1183ea1846/actions - {"actions":[{"id":"action25","type":"key","parameters":{},"actions":[{"type":"keyDown","value":"î€Œ"},{"type":"pause","duration":10},{"type":"keyUp","value":"î€Œ"}]}]}
RESULT: {"actions":[{"id":"action25","type":"key","parameters":{},"actions":[{"type":"keyDown","value":"î€Œ"},{"type":"pause","duration":10},{"type":"keyUp","value":"î€Œ"}]}]}
COMMAND: GET /session/4f73fbc7686585ab41e1ef1183ea1846/screenshot - {}
RESULT: {}
COMMAND: POST /session/4f73fbc7686585ab41e1ef1183ea1846/execute/async - {"script":"<script> [1562 bytes]","args":[{"selector":{"controlType":"sap.m.Tokenizer","viewName":"etm.portal.ui.managerequests.view.NewRequest","bindingPath":{"path":"/RequestItems/1","propertyPath":"TOKENS","modelName":"newRequestItems"}},"wdio_ui5_key":"etmportal.ui.managerequests.view.NewRequestsap.m.Tokenizer{\"path\":\"/RequestItems/1\",\"propertyPath\":\"TOKENS\",\"modelName\":\"newRequestItems\"}"}]}
RESULT: {"script":"<script> [1562 bytes]","args":[{"selector":{"controlType":"sap.m.Tokenizer","viewName":"etm.portal.ui.managerequests.view.NewRequest","bindingPath":{"path":"/RequestItems/1","propertyPath":"TOKENS","modelName":"newRequestItems"}},"wdio_ui5_key":"etmportal.ui.managerequests.view.NewRequestsap.m.Tokenizer{\"path\":\"/RequestItems/1\",\"propertyPath\":\"TOKENS\",\"modelName\":\"newRequestItems\"}"}]}
RESULT: undefined
COMMAND: POST /session/4f73fbc7686585ab41e1ef1183ea1846/execute/async - {"script":"<script> [6424 bytes]","args":[{"element-6066-11e4-a52e-4f735466cecf":"f.37EC1E53C27724E540A226988372354E.d.9F77D492215F50A4398154372E042D4C.e.3096"},"getTokens",[]]}
RESULT: {"script":"<script> [6424 bytes]","args":[{"element-6066-11e4-a52e-4f735466cecf":"f.37EC1E53C27724E540A226988372354E.d.9F77D492215F50A4398154372E042D4C.e.3096"},"getTokens",[]]}
COMMAND: POST /session/4f73fbc7686585ab41e1ef1183ea1846/execute/async - {"script":"<script> [1562 bytes]","args":[{"wdio_ui5_key":"__token7-__tokenizer62-__xmlview59--requestItemsTable-1-0","selector":{"id":"__token7-__tokenizer62-__xmlview59--requestItemsTable-1-0"}}]}
RESULT: {"script":"<script> [1562 bytes]","args":[{"wdio_ui5_key":"__token7-__tokenizer62-__xmlview59--requestItemsTable-1-0","selector":{"id":"__token7-__tokenizer62-__xmlview59--requestItemsTable-1-0"}}]}
RESULT: undefined
RESULT: undefined
COMMAND: POST /session/4f73fbc7686585ab41e1ef1183ea1846/execute/async - {"script":"<script> [776 bytes]","args":[{"enterText":"tagRequest1","selector":{"controlType":"sap.m.Input","viewName":"etm.portal.ui.managerequests.view.NewRequest","bindingPath":{"path":"","propertyPath":"/Tags","modelName":"catalogModel"},"ancestor":{"controlType":"sap.m.ColumnListItem","viewName":"etm.portal.ui.managerequests.view.NewRequest","bindingPath":{"modelName":"newRequestItems","path":"/RequestItems/1"},"ancestor":{"id":"requestItemsTable","viewName":"etm.portal.ui.managerequests.view.NewRequest"}},"interaction":{"idSuffix":"inner"}},"clearTextFirst":true,"interactionType":"ENTER_TEXT"}]}
RESULT: {"script":"<script> [776 bytes]","args":[{"enterText":"tagRequest1","selector":{"controlType":"sap.m.Input","viewName":"etm.portal.ui.managerequests.view.NewRequest","bindingPath":{"path":"","propertyPath":"/Tags","modelName":"catalogModel"},"ancestor":{"controlType":"sap.m.ColumnListItem","viewName":"etm.portal.ui.managerequests.view.NewRequest","bindingPath":{"modelName":"newRequestItems","path":"/RequestItems/1"},"ancestor":{"id":"requestItemsTable","viewName":"etm.portal.ui.managerequests.view.NewRequest"}},"interaction":{"idSuffix":"inner"}},"clearTextFirst":true,"interactionType":"ENTER_TEXT"}]}
COMMAND: POST /session/4f73fbc7686585ab41e1ef1183ea1846/actions - {"actions":[{"id":"action26","type":"key","parameters":{},"actions":[{"type":"keyDown","value":"î€‡"},{"type":"pause","duration":10},{"type":"keyUp","value":"î€‡"}]}]}
RESULT: {"actions":[{"id":"action26","type":"key","parameters":{},"actions":[{"type":"keyDown","value":"î€‡"},{"type":"pause","duration":10},{"type":"keyUp","value":"î€‡"}]}]}
COMMAND: GET /session/4f73fbc7686585ab41e1ef1183ea1846/screenshot - {}
RESULT: {}
RESULT: undefined
COMMAND: POST /session/4f73fbc7686585ab41e1ef1183ea1846/execute/async - {"script":"<script> [6424 bytes]","args":[{"element-6066-11e4-a52e-4f735466cecf":"f.37EC1E53C27724E540A226988372354E.d.9F77D492215F50A4398154372E042D4C.e.3096"},"getTokens",[]]}
RESULT: {"script":"<script> [6424 bytes]","args":[{"element-6066-11e4-a52e-4f735466cecf":"f.37EC1E53C27724E540A226988372354E.d.9F77D492215F50A4398154372E042D4C.e.3096"},"getTokens",[]]}
COMMAND: POST /session/4f73fbc7686585ab41e1ef1183ea1846/execute/async - {"script":"<script> [1562 bytes]","args":[{"wdio_ui5_key":"__token7-__tokenizer62-__xmlview59--requestItemsTable-1-1","selector":{"id":"__token7-__tokenizer62-__xmlview59--requestItemsTable-1-1"}}]}
RESULT: undefined
RESULT: {"script":"<script> [1562 bytes]","args":[{"wdio_ui5_key":"__token7-__tokenizer62-__xmlview59--requestItemsTable-1-1","selector":{"id":"__token7-__tokenizer62-__xmlview59--requestItemsTable-1-1"}}]}
RESULT: undefined
COMMAND: POST /session/4f73fbc7686585ab41e1ef1183ea1846/execute/async - {"script":"<script> [1562 bytes]","args":[{"selector":{"controlType":"sap.m.Button","viewName":"etm.portal.ui.managerequests.view.NewRequest","properties":{"text":"Save"},"i18NText":{"propertyName":"tooltip","key":"save"},"interaction":{"idSuffix":"BDI-content"}},"wdio_ui5_key":"etmportal.ui.managerequests.view.NewRequestsap.m.Button{\"propertyName\":\"tooltip\",\"key\":\"save\"}{\"text\":\"Save\"}"}]}
RESULT: {"script":"<script> [1562 bytes]","args":[{"selector":{"controlType":"sap.m.Button","viewName":"etm.portal.ui.managerequests.view.NewRequest","properties":{"text":"Save"},"i18NText":{"propertyName":"tooltip","key":"save"},"interaction":{"idSuffix":"BDI-content"}},"wdio_ui5_key":"etmportal.ui.managerequests.view.NewRequestsap.m.Button{\"propertyName\":\"tooltip\",\"key\":\"save\"}{\"text\":\"Save\"}"}]}
RESULT: undefined
COMMAND: POST /session/4f73fbc7686585ab41e1ef1183ea1846/element - {"using":"xpath","value":"//*[@id=\"__button117\"]"}
RESULT: {"using":"xpath","value":"//*[@id=\"__button117\"]"}
COMMAND: POST /session/4f73fbc7686585ab41e1ef1183ea1846/element/f.37EC1E53C27724E540A226988372354E.d.9F77D492215F50A4398154372E042D4C.e.2885/click - {}
RESULT: {}
COMMAND: GET /session/4f73fbc7686585ab41e1ef1183ea1846/screenshot - {}
RESULT: {}
COMMAND: POST /session/4f73fbc7686585ab41e1ef1183ea1846/element - {"using":"xpath","value":"//bdi[contains(@id ,\"BDI-content\")][contains(text(), \"Close\")]"}
RESULT: {"using":"xpath","value":"//bdi[contains(@id ,\"BDI-content\")][contains(text(), \"Close\")]"}
COMMAND: POST /session/4f73fbc7686585ab41e1ef1183ea1846/element/f.37EC1E53C27724E540A226988372354E.d.9F77D492215F50A4398154372E042D4C.e.3104/click - {}
RESULT: {}
COMMAND: GET /session/4f73fbc7686585ab41e1ef1183ea1846/screenshot - {}
RESULT: {}
]]></system-out>
    </testcase>
    <testcase classname="chrome.135_0_7049_115.windows.Manage_Requests_Tags_Tests_US120163" name="Should Edit Request Tags" time="107.846">
      <system-out><![CDATA[
COMMAND: POST /session/4f73fbc7686585ab41e1ef1183ea1846/execute/async - {"script":"<script> [1562 bytes]","args":[{"selector":{"controlType":"sap.ui.core.Icon","viewName":"etm.portal.ui.managerequests.view.Detail","properties":{"src":{"regex":{"source":"overflow"}}}},"wdio_ui5_key":"etmportal.ui.managerequests.view.Detailsap.ui.core.Icon{\"src\":{\"regex\":{\"source\":\"overflow\"}}}"}]}
RESULT: {"script":"<script> [1562 bytes]","args":[{"selector":{"controlType":"sap.ui.core.Icon","viewName":"etm.portal.ui.managerequests.view.Detail","properties":{"src":{"regex":{"source":"overflow"}}}},"wdio_ui5_key":"etmportal.ui.managerequests.view.Detailsap.ui.core.Icon{\"src\":{\"regex\":{\"source\":\"overflow\"}}}"}]}
RESULT: undefined
COMMAND: POST /session/4f73fbc7686585ab41e1ef1183ea1846/element - {"using":"xpath","value":"//*[@id=\"__xmlview60--detailHeaderTitle-_actionsToolbar-overflowButton-img\"]"}
RESULT: {"using":"xpath","value":"//*[@id=\"__xmlview60--detailHeaderTitle-_actionsToolbar-overflowButton-img\"]"}
COMMAND: POST /session/4f73fbc7686585ab41e1ef1183ea1846/element/f.37EC1E53C27724E540A226988372354E.d.9F77D492215F50A4398154372E042D4C.e.3226/click - {}
RESULT: {}
COMMAND: GET /session/4f73fbc7686585ab41e1ef1183ea1846/screenshot - {}
RESULT: {}
COMMAND: POST /session/4f73fbc7686585ab41e1ef1183ea1846/execute/async - {"script":"<script> [1562 bytes]","args":[{"selector":{"controlType":"sap.uxap.ObjectPageHeaderActionButton","viewName":"etm.portal.ui.managerequests.view.Detail","i18NText":{"propertyName":"text","key":"edit"},"searchOpenDialogs":true,"interaction":{"idSuffix":"inner"}},"wdio_ui5_key":"etmportal.ui.managerequests.view.Detailsap.uxap.ObjectPageHeaderActionButton{\"propertyName\":\"text\",\"key\":\"edit\"}"}]}
RESULT: {"script":"<script> [1562 bytes]","args":[{"selector":{"controlType":"sap.uxap.ObjectPageHeaderActionButton","viewName":"etm.portal.ui.managerequests.view.Detail","i18NText":{"propertyName":"text","key":"edit"},"searchOpenDialogs":true,"interaction":{"idSuffix":"inner"}},"wdio_ui5_key":"etmportal.ui.managerequests.view.Detailsap.uxap.ObjectPageHeaderActionButton{\"propertyName\":\"text\",\"key\":\"edit\"}"}]}
RESULT: undefined
COMMAND: POST /session/4f73fbc7686585ab41e1ef1183ea1846/element - {"using":"xpath","value":"//*[@id=\"__button138\"]"}
RESULT: {"using":"xpath","value":"//*[@id=\"__button138\"]"}
COMMAND: POST /session/4f73fbc7686585ab41e1ef1183ea1846/element/f.37EC1E53C27724E540A226988372354E.d.9F77D492215F50A4398154372E042D4C.e.3230/click - {}
RESULT: {}
COMMAND: GET /session/4f73fbc7686585ab41e1ef1183ea1846/screenshot - {}
RESULT: {}
COMMAND: POST /session/4f73fbc7686585ab41e1ef1183ea1846/execute/async - {"script":"<script> [1562 bytes]","args":[{"selector":{"controlType":"sap.ui.core.Icon","viewName":"etm.portal.ui.managerequests.view.Edit","properties":{"src":{"regex":{"source":"decline"}}},"ancestor":{"controlType":"sap.m.Token","viewName":"etm.portal.ui.managerequests.view.Edit","bindingPath":{"propertyPath":"TAG","modelName":"catalogModel"},"properties":{"text":"RefTag"}}},"wdio_ui5_key":"etmportal.ui.managerequests.view.Editsap.ui.core.Icon{\"src\":{\"regex\":{\"source\":\"decline\"}}}{\"controlType\":\"sap.m.Token\",\"viewName\":\"etm.portal.ui.managerequests.view.Edit\",\"bindingPath\":{\"propertyPath\":\"TAG\",\"modelName\":\"catalogModel\"},\"properties\":{\"text\":\"RefTag\"}}"}]}
RESULT: {"script":"<script> [1562 bytes]","args":[{"selector":{"controlType":"sap.ui.core.Icon","viewName":"etm.portal.ui.managerequests.view.Edit","properties":{"src":{"regex":{"source":"decline"}}},"ancestor":{"controlType":"sap.m.Token","viewName":"etm.portal.ui.managerequests.view.Edit","bindingPath":{"propertyPath":"TAG","modelName":"catalogModel"},"properties":{"text":"RefTag"}}},"wdio_ui5_key":"etmportal.ui.managerequests.view.Editsap.ui.core.Icon{\"src\":{\"regex\":{\"source\":\"decline\"}}}{\"controlType\":\"sap.m.Token\",\"viewName\":\"etm.portal.ui.managerequests.view.Edit\",\"bindingPath\":{\"propertyPath\":\"TAG\",\"modelName\":\"catalogModel\"},\"properties\":{\"text\":\"RefTag\"}}"}]}
RESULT: undefined
COMMAND: POST /session/4f73fbc7686585ab41e1ef1183ea1846/element - {"using":"xpath","value":"//*[@id=\"__token13-__tokenizer64-0-icon\"]"}
RESULT: {"using":"xpath","value":"//*[@id=\"__token13-__tokenizer64-0-icon\"]"}
COMMAND: POST /session/4f73fbc7686585ab41e1ef1183ea1846/element/f.37EC1E53C27724E540A226988372354E.d.9F77D492215F50A4398154372E042D4C.e.3349/click - {}
RESULT: {}
COMMAND: POST /session/4f73fbc7686585ab41e1ef1183ea1846/execute/async - {"script":"<script> [1562 bytes]","args":[{"selector":{"id":"tagMultiInputRequests","viewName":"etm.portal.ui.managerequests.view.Edit","interaction":{"idSuffix":"inner"}},"wdio_ui5_key":"tagMultiInputRequestsetmportal.ui.managerequests.view.Edit"}]}
COMMAND: GET /session/4f73fbc7686585ab41e1ef1183ea1846/screenshot - {}
RESULT: {"script":"<script> [1562 bytes]","args":[{"selector":{"id":"tagMultiInputRequests","viewName":"etm.portal.ui.managerequests.view.Edit","interaction":{"idSuffix":"inner"}},"wdio_ui5_key":"tagMultiInputRequestsetmportal.ui.managerequests.view.Edit"}]}
RESULT: undefined
COMMAND: POST /session/4f73fbc7686585ab41e1ef1183ea1846/execute/async - {"script":"<script> [6424 bytes]","args":[{"element-6066-11e4-a52e-4f735466cecf":"f.37EC1E53C27724E540A226988372354E.d.9F77D492215F50A4398154372E042D4C.e.3264"},"getTokens",[]]}
RESULT: {}
RESULT: {"script":"<script> [6424 bytes]","args":[{"element-6066-11e4-a52e-4f735466cecf":"f.37EC1E53C27724E540A226988372354E.d.9F77D492215F50A4398154372E042D4C.e.3264"},"getTokens",[]]}
COMMAND: POST /session/4f73fbc7686585ab41e1ef1183ea1846/execute/async - {"script":"<script> [1562 bytes]","args":[{"wdio_ui5_key":"__token13-__tokenizer64-1","selector":{"id":"__token13-__tokenizer64-1"}}]}
RESULT: {"script":"<script> [1562 bytes]","args":[{"wdio_ui5_key":"__token13-__tokenizer64-1","selector":{"id":"__token13-__tokenizer64-1"}}]}
RESULT: undefined
RESULT: undefined
COMMAND: POST /session/4f73fbc7686585ab41e1ef1183ea1846/execute/async - {"script":"<script> [776 bytes]","args":[{"enterText":"RefTag","selector":{"id":"tagMultiInputRequests","viewName":"etm.portal.ui.managerequests.view.Edit","interaction":{"idSuffix":"inner"}},"clearTextFirst":true,"interactionType":"ENTER_TEXT"}]}
RESULT: {"script":"<script> [776 bytes]","args":[{"enterText":"RefTag","selector":{"id":"tagMultiInputRequests","viewName":"etm.portal.ui.managerequests.view.Edit","interaction":{"idSuffix":"inner"}},"clearTextFirst":true,"interactionType":"ENTER_TEXT"}]}
COMMAND: POST /session/4f73fbc7686585ab41e1ef1183ea1846/actions - {"actions":[{"id":"action27","type":"key","parameters":{},"actions":[{"type":"keyDown","value":"î€‡"},{"type":"pause","duration":10},{"type":"keyUp","value":"î€‡"}]}]}
RESULT: {"actions":[{"id":"action27","type":"key","parameters":{},"actions":[{"type":"keyDown","value":"î€‡"},{"type":"pause","duration":10},{"type":"keyUp","value":"î€‡"}]}]}
COMMAND: GET /session/4f73fbc7686585ab41e1ef1183ea1846/screenshot - {}
RESULT: {}
RESULT: undefined
COMMAND: POST /session/4f73fbc7686585ab41e1ef1183ea1846/execute/async - {"script":"<script> [6424 bytes]","args":[{"element-6066-11e4-a52e-4f735466cecf":"f.37EC1E53C27724E540A226988372354E.d.9F77D492215F50A4398154372E042D4C.e.3264"},"getTokens",[]]}
RESULT: {"script":"<script> [6424 bytes]","args":[{"element-6066-11e4-a52e-4f735466cecf":"f.37EC1E53C27724E540A226988372354E.d.9F77D492215F50A4398154372E042D4C.e.3264"},"getTokens",[]]}
COMMAND: POST /session/4f73fbc7686585ab41e1ef1183ea1846/execute/async - {"script":"<script> [1562 bytes]","args":[{"wdio_ui5_key":"__token16","selector":{"id":"__token16"}}]}
RESULT: undefined
RESULT: {"script":"<script> [1562 bytes]","args":[{"wdio_ui5_key":"__token16","selector":{"id":"__token16"}}]}
RESULT: undefined
COMMAND: POST /session/4f73fbc7686585ab41e1ef1183ea1846/execute/async - {"script":"<script> [1562 bytes]","args":[{"selector":{"controlType":"sap.m.Button","viewName":"etm.portal.ui.managerequests.view.Edit","properties":{"text":"Items (2)"},"interaction":{"idSuffix":"BDI-content"}},"wdio_ui5_key":"etmportal.ui.managerequests.view.Editsap.m.Button{\"text\":\"Items (2)\"}"}]}
RESULT: {"script":"<script> [1562 bytes]","args":[{"selector":{"controlType":"sap.m.Button","viewName":"etm.portal.ui.managerequests.view.Edit","properties":{"text":"Items (2)"},"interaction":{"idSuffix":"BDI-content"}},"wdio_ui5_key":"etmportal.ui.managerequests.view.Editsap.m.Button{\"text\":\"Items (2)\"}"}]}
RESULT: undefined
COMMAND: POST /session/4f73fbc7686585ab41e1ef1183ea1846/element - {"using":"xpath","value":"//*[@id=\"__xmlview61--editRequestPage-anchBar-__xmlview61--requestItemsSection-anchor\"]"}
RESULT: {"using":"xpath","value":"//*[@id=\"__xmlview61--editRequestPage-anchBar-__xmlview61--requestItemsSection-anchor\"]"}
COMMAND: POST /session/4f73fbc7686585ab41e1ef1183ea1846/element/f.37EC1E53C27724E540A226988372354E.d.9F77D492215F50A4398154372E042D4C.e.3354/click - {}
RESULT: {}
COMMAND: GET /session/4f73fbc7686585ab41e1ef1183ea1846/screenshot - {}
RESULT: {}
COMMAND: POST /session/4f73fbc7686585ab41e1ef1183ea1846/execute/async - {"script":"<script> [1562 bytes]","args":[{"selector":{"controlType":"sap.ui.core.Icon","viewName":"etm.portal.ui.managerequests.view.Edit","properties":{"src":{"regex":{"source":"inspect"}}}},"wdio_ui5_key":"etmportal.ui.managerequests.view.Editsap.ui.core.Icon{\"src\":{\"regex\":{\"source\":\"inspect\"}}}"}]}
RESULT: {"script":"<script> [1562 bytes]","args":[{"selector":{"controlType":"sap.ui.core.Icon","viewName":"etm.portal.ui.managerequests.view.Edit","properties":{"src":{"regex":{"source":"inspect"}}}},"wdio_ui5_key":"etmportal.ui.managerequests.view.Editsap.ui.core.Icon{\"src\":{\"regex\":{\"source\":\"inspect\"}}}"}]}
RESULT: undefined
COMMAND: POST /session/4f73fbc7686585ab41e1ef1183ea1846/element - {"using":"xpath","value":"//*[@id=\"__button165-img\"]"}
RESULT: {"using":"xpath","value":"//*[@id=\"__button165-img\"]"}
COMMAND: POST /session/4f73fbc7686585ab41e1ef1183ea1846/element/f.37EC1E53C27724E540A226988372354E.d.9F77D492215F50A4398154372E042D4C.e.3360/click - {}
RESULT: {}
COMMAND: GET /session/4f73fbc7686585ab41e1ef1183ea1846/screenshot - {}
RESULT: {}
COMMAND: POST /session/4f73fbc7686585ab41e1ef1183ea1846/execute/async - {"script":"<script> [1562 bytes]","args":[{"selector":{"controlType":"sap.m.Tokenizer","viewName":"etm.portal.ui.managerequests.view.Edit","bindingPath":{"path":"/RequestItems/0","propertyPath":"LINK_TO_TAGS","modelName":"RequestItemsModel"}},"wdio_ui5_key":"etmportal.ui.managerequests.view.Editsap.m.Tokenizer{\"path\":\"/RequestItems/0\",\"propertyPath\":\"LINK_TO_TAGS\",\"modelName\":\"RequestItemsModel\"}"}]}
RESULT: {"script":"<script> [1562 bytes]","args":[{"selector":{"controlType":"sap.m.Tokenizer","viewName":"etm.portal.ui.managerequests.view.Edit","bindingPath":{"path":"/RequestItems/0","propertyPath":"LINK_TO_TAGS","modelName":"RequestItemsModel"}},"wdio_ui5_key":"etmportal.ui.managerequests.view.Editsap.m.Tokenizer{\"path\":\"/RequestItems/0\",\"propertyPath\":\"LINK_TO_TAGS\",\"modelName\":\"RequestItemsModel\"}"}]}
RESULT: undefined
COMMAND: POST /session/4f73fbc7686585ab41e1ef1183ea1846/element - {"using":"xpath","value":"//*[@id=\"__tokenizer66\"]"}
RESULT: {"using":"xpath","value":"//*[@id=\"__tokenizer66\"]"}
COMMAND: POST /session/4f73fbc7686585ab41e1ef1183ea1846/element/f.37EC1E53C27724E540A226988372354E.d.9F77D492215F50A4398154372E042D4C.e.3362/click - {}
RESULT: {}
COMMAND: GET /session/4f73fbc7686585ab41e1ef1183ea1846/screenshot - {}
RESULT: {}
COMMAND: POST /session/4f73fbc7686585ab41e1ef1183ea1846/execute/async - {"script":"<script> [1562 bytes]","args":[{"selector":{"controlType":"sap.ui.core.Icon","viewName":"etm.portal.ui.managerequests.view.Edit","properties":{"src":{"regex":{"source":"decline"}}},"searchOpenDialogs":true,"ancestor":{"controlType":"sap.m.StandardListItem","viewName":"etm.portal.ui.managerequests.view.Edit","properties":{"title":"tag-duplicate"},"searchOpenDialogs":true}},"wdio_ui5_key":"etmportal.ui.managerequests.view.Editsap.ui.core.Icon{\"src\":{\"regex\":{\"source\":\"decline\"}}}{\"controlType\":\"sap.m.StandardListItem\",\"viewName\":\"etm.portal.ui.managerequests.view.Edit\",\"properties\":{\"title\":\"tag-duplicate\"},\"searchOpenDialogs\":true}"}]}
RESULT: {"script":"<script> [1562 bytes]","args":[{"selector":{"controlType":"sap.ui.core.Icon","viewName":"etm.portal.ui.managerequests.view.Edit","properties":{"src":{"regex":{"source":"decline"}}},"searchOpenDialogs":true,"ancestor":{"controlType":"sap.m.StandardListItem","viewName":"etm.portal.ui.managerequests.view.Edit","properties":{"title":"tag-duplicate"},"searchOpenDialogs":true}},"wdio_ui5_key":"etmportal.ui.managerequests.view.Editsap.ui.core.Icon{\"src\":{\"regex\":{\"source\":\"decline\"}}}{\"controlType\":\"sap.m.StandardListItem\",\"viewName\":\"etm.portal.ui.managerequests.view.Edit\",\"properties\":{\"title\":\"tag-duplicate\"},\"searchOpenDialogs\":true}"}]}
RESULT: undefined
COMMAND: POST /session/4f73fbc7686585ab41e1ef1183ea1846/element - {"using":"xpath","value":"//*[@id=\"__item2221-imgDel-img\"]"}
RESULT: {"using":"xpath","value":"//*[@id=\"__item2221-imgDel-img\"]"}
COMMAND: POST /session/4f73fbc7686585ab41e1ef1183ea1846/element/f.37EC1E53C27724E540A226988372354E.d.9F77D492215F50A4398154372E042D4C.e.3365/click - {}
RESULT: {}
COMMAND: GET /session/4f73fbc7686585ab41e1ef1183ea1846/screenshot - {}
RESULT: {}
COMMAND: POST /session/4f73fbc7686585ab41e1ef1183ea1846/actions - {"actions":[{"id":"action28","type":"key","parameters":{},"actions":[{"type":"keyDown","value":"î€Œ"},{"type":"pause","duration":10},{"type":"keyUp","value":"î€Œ"}]}]}
RESULT: {"actions":[{"id":"action28","type":"key","parameters":{},"actions":[{"type":"keyDown","value":"î€Œ"},{"type":"pause","duration":10},{"type":"keyUp","value":"î€Œ"}]}]}
COMMAND: POST /session/4f73fbc7686585ab41e1ef1183ea1846/execute/async - {"script":"<script> [1562 bytes]","args":[{"selector":{"controlType":"sap.m.Tokenizer","viewName":"etm.portal.ui.managerequests.view.Edit","bindingPath":{"path":"/RequestItems/1","propertyPath":"LINK_TO_TAGS","modelName":"RequestItemsModel"}},"wdio_ui5_key":"etmportal.ui.managerequests.view.Editsap.m.Tokenizer{\"path\":\"/RequestItems/1\",\"propertyPath\":\"LINK_TO_TAGS\",\"modelName\":\"RequestItemsModel\"}"}]}
COMMAND: GET /session/4f73fbc7686585ab41e1ef1183ea1846/screenshot - {}
RESULT: {"script":"<script> [1562 bytes]","args":[{"selector":{"controlType":"sap.m.Tokenizer","viewName":"etm.portal.ui.managerequests.view.Edit","bindingPath":{"path":"/RequestItems/1","propertyPath":"LINK_TO_TAGS","modelName":"RequestItemsModel"}},"wdio_ui5_key":"etmportal.ui.managerequests.view.Editsap.m.Tokenizer{\"path\":\"/RequestItems/1\",\"propertyPath\":\"LINK_TO_TAGS\",\"modelName\":\"RequestItemsModel\"}"}]}
RESULT: undefined
COMMAND: POST /session/4f73fbc7686585ab41e1ef1183ea1846/element - {"using":"xpath","value":"//*[@id=\"__tokenizer67\"]"}
RESULT: {}
RESULT: {"using":"xpath","value":"//*[@id=\"__tokenizer67\"]"}
COMMAND: POST /session/4f73fbc7686585ab41e1ef1183ea1846/element/f.37EC1E53C27724E540A226988372354E.d.9F77D492215F50A4398154372E042D4C.e.3368/click - {}
RESULT: {}
COMMAND: GET /session/4f73fbc7686585ab41e1ef1183ea1846/screenshot - {}
RESULT: {}
COMMAND: POST /session/4f73fbc7686585ab41e1ef1183ea1846/execute/async - {"script":"<script> [1562 bytes]","args":[{"selector":{"controlType":"sap.ui.core.Icon","viewName":"etm.portal.ui.managerequests.view.Edit","properties":{"src":{"regex":{"source":"decline"}}},"searchOpenDialogs":true,"ancestor":{"controlType":"sap.m.StandardListItem","viewName":"etm.portal.ui.managerequests.view.Edit","properties":{"title":"tagRequest1"},"searchOpenDialogs":true}},"wdio_ui5_key":"etmportal.ui.managerequests.view.Editsap.ui.core.Icon{\"src\":{\"regex\":{\"source\":\"decline\"}}}{\"controlType\":\"sap.m.StandardListItem\",\"viewName\":\"etm.portal.ui.managerequests.view.Edit\",\"properties\":{\"title\":\"tagRequest1\"},\"searchOpenDialogs\":true}"}]}
RESULT: {"script":"<script> [1562 bytes]","args":[{"selector":{"controlType":"sap.ui.core.Icon","viewName":"etm.portal.ui.managerequests.view.Edit","properties":{"src":{"regex":{"source":"decline"}}},"searchOpenDialogs":true,"ancestor":{"controlType":"sap.m.StandardListItem","viewName":"etm.portal.ui.managerequests.view.Edit","properties":{"title":"tagRequest1"},"searchOpenDialogs":true}},"wdio_ui5_key":"etmportal.ui.managerequests.view.Editsap.ui.core.Icon{\"src\":{\"regex\":{\"source\":\"decline\"}}}{\"controlType\":\"sap.m.StandardListItem\",\"viewName\":\"etm.portal.ui.managerequests.view.Edit\",\"properties\":{\"title\":\"tagRequest1\"},\"searchOpenDialogs\":true}"}]}
RESULT: undefined
COMMAND: POST /session/4f73fbc7686585ab41e1ef1183ea1846/element - {"using":"xpath","value":"//*[@id=\"__item2229-imgDel-img\"]"}
RESULT: {"using":"xpath","value":"//*[@id=\"__item2229-imgDel-img\"]"}
COMMAND: POST /session/4f73fbc7686585ab41e1ef1183ea1846/element/f.37EC1E53C27724E540A226988372354E.d.9F77D492215F50A4398154372E042D4C.e.3371/click - {}
RESULT: {}
COMMAND: GET /session/4f73fbc7686585ab41e1ef1183ea1846/screenshot - {}
RESULT: {}
COMMAND: POST /session/4f73fbc7686585ab41e1ef1183ea1846/execute/async - {"script":"<script> [1562 bytes]","args":[{"selector":{"controlType":"sap.ui.core.Icon","viewName":"etm.portal.ui.managerequests.view.Edit","properties":{"src":{"regex":{"source":"decline"}}},"searchOpenDialogs":true,"ancestor":{"controlType":"sap.m.StandardListItem","viewName":"etm.portal.ui.managerequests.view.Edit","properties":{"title":"RefTag"},"searchOpenDialogs":true}},"wdio_ui5_key":"etmportal.ui.managerequests.view.Editsap.ui.core.Icon{\"src\":{\"regex\":{\"source\":\"decline\"}}}{\"controlType\":\"sap.m.StandardListItem\",\"viewName\":\"etm.portal.ui.managerequests.view.Edit\",\"properties\":{\"title\":\"RefTag\"},\"searchOpenDialogs\":true}"}]}
RESULT: {"script":"<script> [1562 bytes]","args":[{"selector":{"controlType":"sap.ui.core.Icon","viewName":"etm.portal.ui.managerequests.view.Edit","properties":{"src":{"regex":{"source":"decline"}}},"searchOpenDialogs":true,"ancestor":{"controlType":"sap.m.StandardListItem","viewName":"etm.portal.ui.managerequests.view.Edit","properties":{"title":"RefTag"},"searchOpenDialogs":true}},"wdio_ui5_key":"etmportal.ui.managerequests.view.Editsap.ui.core.Icon{\"src\":{\"regex\":{\"source\":\"decline\"}}}{\"controlType\":\"sap.m.StandardListItem\",\"viewName\":\"etm.portal.ui.managerequests.view.Edit\",\"properties\":{\"title\":\"RefTag\"},\"searchOpenDialogs\":true}"}]}
RESULT: undefined
COMMAND: POST /session/4f73fbc7686585ab41e1ef1183ea1846/element - {"using":"xpath","value":"//*[@id=\"__item2233-imgDel-img\"]"}
RESULT: {"using":"xpath","value":"//*[@id=\"__item2233-imgDel-img\"]"}
COMMAND: POST /session/4f73fbc7686585ab41e1ef1183ea1846/element/f.37EC1E53C27724E540A226988372354E.d.9F77D492215F50A4398154372E042D4C.e.3374/click - {}
RESULT: {}
COMMAND: GET /session/4f73fbc7686585ab41e1ef1183ea1846/screenshot - {}
RESULT: {}
COMMAND: POST /session/4f73fbc7686585ab41e1ef1183ea1846/execute/async - {"script":"<script> [1562 bytes]","args":[{"selector":{"controlType":"sap.ui.core.Icon","viewName":"etm.portal.ui.managerequests.view.Edit","properties":{"src":{"regex":{"source":"decline"}}},"searchOpenDialogs":true,"ancestor":{"controlType":"sap.m.StandardListItem","viewName":"etm.portal.ui.managerequests.view.Edit","properties":{"title":"tag-header"},"searchOpenDialogs":true}},"wdio_ui5_key":"etmportal.ui.managerequests.view.Editsap.ui.core.Icon{\"src\":{\"regex\":{\"source\":\"decline\"}}}{\"controlType\":\"sap.m.StandardListItem\",\"viewName\":\"etm.portal.ui.managerequests.view.Edit\",\"properties\":{\"title\":\"tag-header\"},\"searchOpenDialogs\":true}"}]}
RESULT: {"script":"<script> [1562 bytes]","args":[{"selector":{"controlType":"sap.ui.core.Icon","viewName":"etm.portal.ui.managerequests.view.Edit","properties":{"src":{"regex":{"source":"decline"}}},"searchOpenDialogs":true,"ancestor":{"controlType":"sap.m.StandardListItem","viewName":"etm.portal.ui.managerequests.view.Edit","properties":{"title":"tag-header"},"searchOpenDialogs":true}},"wdio_ui5_key":"etmportal.ui.managerequests.view.Editsap.ui.core.Icon{\"src\":{\"regex\":{\"source\":\"decline\"}}}{\"controlType\":\"sap.m.StandardListItem\",\"viewName\":\"etm.portal.ui.managerequests.view.Edit\",\"properties\":{\"title\":\"tag-header\"},\"searchOpenDialogs\":true}"}]}
RESULT: undefined
COMMAND: POST /session/4f73fbc7686585ab41e1ef1183ea1846/element - {"using":"xpath","value":"//*[@id=\"__item2236-imgDel-img\"]"}
RESULT: {"using":"xpath","value":"//*[@id=\"__item2236-imgDel-img\"]"}
COMMAND: POST /session/4f73fbc7686585ab41e1ef1183ea1846/element/f.37EC1E53C27724E540A226988372354E.d.9F77D492215F50A4398154372E042D4C.e.3377/click - {}
RESULT: {}
COMMAND: GET /session/4f73fbc7686585ab41e1ef1183ea1846/screenshot - {}
RESULT: {}
COMMAND: POST /session/4f73fbc7686585ab41e1ef1183ea1846/actions - {"actions":[{"id":"action29","type":"key","parameters":{},"actions":[{"type":"keyDown","value":"î€ƒ"},{"type":"pause","duration":10},{"type":"keyUp","value":"î€ƒ"}]}]}
RESULT: {"actions":[{"id":"action29","type":"key","parameters":{},"actions":[{"type":"keyDown","value":"î€ƒ"},{"type":"pause","duration":10},{"type":"keyUp","value":"î€ƒ"}]}]}
COMMAND: POST /session/4f73fbc7686585ab41e1ef1183ea1846/actions - {"actions":[{"id":"action30","type":"key","parameters":{},"actions":[{"type":"keyDown","value":"î€ƒ"},{"type":"pause","duration":10},{"type":"keyUp","value":"î€ƒ"}]}]}
COMMAND: GET /session/4f73fbc7686585ab41e1ef1183ea1846/screenshot - {}
RESULT: {"actions":[{"id":"action30","type":"key","parameters":{},"actions":[{"type":"keyDown","value":"î€ƒ"},{"type":"pause","duration":10},{"type":"keyUp","value":"î€ƒ"}]}]}
COMMAND: GET /session/4f73fbc7686585ab41e1ef1183ea1846/screenshot - {}
RESULT: {}
RESULT: {}
COMMAND: POST /session/4f73fbc7686585ab41e1ef1183ea1846/execute/async - {"script":"<script> [1562 bytes]","args":[{"selector":{"controlType":"sap.m.Button","viewName":"etm.portal.ui.managerequests.view.Edit","i18NText":{"propertyName":"tooltip","key":"save"},"interaction":{"idSuffix":"BDI-content"}},"wdio_ui5_key":"etmportal.ui.managerequests.view.Editsap.m.Button{\"propertyName\":\"tooltip\",\"key\":\"save\"}"}]}
RESULT: {"script":"<script> [1562 bytes]","args":[{"selector":{"controlType":"sap.m.Button","viewName":"etm.portal.ui.managerequests.view.Edit","i18NText":{"propertyName":"tooltip","key":"save"},"interaction":{"idSuffix":"BDI-content"}},"wdio_ui5_key":"etmportal.ui.managerequests.view.Editsap.m.Button{\"propertyName\":\"tooltip\",\"key\":\"save\"}"}]}
RESULT: undefined
COMMAND: POST /session/4f73fbc7686585ab41e1ef1183ea1846/element - {"using":"xpath","value":"//*[@id=\"__xmlview61--saveButtonId\"]"}
RESULT: {"using":"xpath","value":"//*[@id=\"__xmlview61--saveButtonId\"]"}
COMMAND: POST /session/4f73fbc7686585ab41e1ef1183ea1846/element/f.37EC1E53C27724E540A226988372354E.d.9F77D492215F50A4398154372E042D4C.e.3272/click - {}
RESULT: {}
COMMAND: GET /session/4f73fbc7686585ab41e1ef1183ea1846/screenshot - {}
RESULT: {}
COMMAND: POST /session/4f73fbc7686585ab41e1ef1183ea1846/execute/async - {"script":"<script> [1562 bytes]","args":[{"selector":{"id":"tagsLayoutViewMode","viewName":"etm.portal.ui.managerequests.view.Detail"},"wdio_ui5_key":"tagsLayoutViewModeetmportal.ui.managerequests.view.Detail"}]}
RESULT: {"script":"<script> [1562 bytes]","args":[{"selector":{"id":"tagsLayoutViewMode","viewName":"etm.portal.ui.managerequests.view.Detail"},"wdio_ui5_key":"tagsLayoutViewModeetmportal.ui.managerequests.view.Detail"}]}
RESULT: undefined
COMMAND: POST /session/4f73fbc7686585ab41e1ef1183ea1846/execute/async - {"script":"<script> [6424 bytes]","args":[{"element-6066-11e4-a52e-4f735466cecf":"f.37EC1E53C27724E540A226988372354E.d.9F77D492215F50A4398154372E042D4C.e.3487"},"getTokens",[]]}
RESULT: {"script":"<script> [6424 bytes]","args":[{"element-6066-11e4-a52e-4f735466cecf":"f.37EC1E53C27724E540A226988372354E.d.9F77D492215F50A4398154372E042D4C.e.3487"},"getTokens",[]]}
COMMAND: POST /session/4f73fbc7686585ab41e1ef1183ea1846/execute/async - {"script":"<script> [1562 bytes]","args":[{"wdio_ui5_key":"__token11-__xmlview60--tagsLayoutViewMode-1","selector":{"id":"__token11-__xmlview60--tagsLayoutViewMode-1"}}]}
COMMAND: POST /session/4f73fbc7686585ab41e1ef1183ea1846/execute/async - {"script":"<script> [1562 bytes]","args":[{"wdio_ui5_key":"__token11-__xmlview60--tagsLayoutViewMode-0","selector":{"id":"__token11-__xmlview60--tagsLayoutViewMode-0"}}]}
RESULT: {"script":"<script> [1562 bytes]","args":[{"wdio_ui5_key":"__token11-__xmlview60--tagsLayoutViewMode-0","selector":{"id":"__token11-__xmlview60--tagsLayoutViewMode-0"}}]}
RESULT: undefined
RESULT: {"script":"<script> [1562 bytes]","args":[{"wdio_ui5_key":"__token11-__xmlview60--tagsLayoutViewMode-1","selector":{"id":"__token11-__xmlview60--tagsLayoutViewMode-1"}}]}
RESULT: undefined
COMMAND: POST /session/4f73fbc7686585ab41e1ef1183ea1846/execute/async - {"script":"<script> [1562 bytes]","args":[{"selector":{"controlType":"sap.m.OverflowToolbarButton","viewName":"etm.portal.ui.managerequests.view.Detail","properties":{"text":"Settings"},"interaction":{"idSuffix":"inner"}},"wdio_ui5_key":"etmportal.ui.managerequests.view.Detailsap.m.OverflowToolbarButton{\"text\":\"Settings\"}"}]}
RESULT: {"script":"<script> [1562 bytes]","args":[{"selector":{"controlType":"sap.m.OverflowToolbarButton","viewName":"etm.portal.ui.managerequests.view.Detail","properties":{"text":"Settings"},"interaction":{"idSuffix":"inner"}},"wdio_ui5_key":"etmportal.ui.managerequests.view.Detailsap.m.OverflowToolbarButton{\"text\":\"Settings\"}"}]}
RESULT: undefined
COMMAND: POST /session/4f73fbc7686585ab41e1ef1183ea1846/element - {"using":"xpath","value":"//*[@id=\"__xmlview60--smartTableRequestItems-btnPersonalisation\"]"}
RESULT: {"using":"xpath","value":"//*[@id=\"__xmlview60--smartTableRequestItems-btnPersonalisation\"]"}
COMMAND: POST /session/4f73fbc7686585ab41e1ef1183ea1846/element/f.37EC1E53C27724E540A226988372354E.d.9F77D492215F50A4398154372E042D4C.e.3491/click - {}
RESULT: {}
COMMAND: POST /session/4f73fbc7686585ab41e1ef1183ea1846/execute/async - {"script":"<script> [1562 bytes]","args":[{"selector":{"controlType":"sap.m.SearchField","viewName":"etm.portal.ui.managerequests.view.Detail","searchOpenDialogs":true,"interaction":{"idSuffix":"I"}},"wdio_ui5_key":"etmportal.ui.managerequests.view.Detailsap.m.SearchField"}]}
COMMAND: GET /session/4f73fbc7686585ab41e1ef1183ea1846/screenshot - {}
RESULT: {"script":"<script> [1562 bytes]","args":[{"selector":{"controlType":"sap.m.SearchField","viewName":"etm.portal.ui.managerequests.view.Detail","searchOpenDialogs":true,"interaction":{"idSuffix":"I"}},"wdio_ui5_key":"etmportal.ui.managerequests.view.Detailsap.m.SearchField"}]}
RESULT: undefined
COMMAND: POST /session/4f73fbc7686585ab41e1ef1183ea1846/execute/async - {"script":"<script> [776 bytes]","args":[{"enterText":"tag","selector":{"controlType":"sap.m.SearchField","viewName":"etm.portal.ui.managerequests.view.Detail","searchOpenDialogs":true,"interaction":{"idSuffix":"I"}},"clearTextFirst":true,"interactionType":"ENTER_TEXT"}]}
RESULT: {}
RESULT: {"script":"<script> [776 bytes]","args":[{"enterText":"tag","selector":{"controlType":"sap.m.SearchField","viewName":"etm.portal.ui.managerequests.view.Detail","searchOpenDialogs":true,"interaction":{"idSuffix":"I"}},"clearTextFirst":true,"interactionType":"ENTER_TEXT"}]}
COMMAND: POST /session/4f73fbc7686585ab41e1ef1183ea1846/element - {"using":"xpath","value":"//div[contains(@id ,\"innerSelectionPanelTable-0-selectMulti-CbBg\")]"}
RESULT: {"using":"xpath","value":"//div[contains(@id ,\"innerSelectionPanelTable-0-selectMulti-CbBg\")]"}
COMMAND: POST /session/4f73fbc7686585ab41e1ef1183ea1846/element/f.37EC1E53C27724E540A226988372354E.d.9F77D492215F50A4398154372E042D4C.e.3528/click - {}
RESULT: {}
COMMAND: POST /session/4f73fbc7686585ab41e1ef1183ea1846/execute/async - {"script":"<script> [1562 bytes]","args":[{"selector":{"controlType":"sap.m.Button","viewName":"etm.portal.ui.managerequests.view.Detail","properties":{"text":"OK"},"searchOpenDialogs":true,"interaction":{"idSuffix":"BDI-content"}},"wdio_ui5_key":"etmportal.ui.managerequests.view.Detailsap.m.Button{\"text\":\"OK\"}"}]}
COMMAND: GET /session/4f73fbc7686585ab41e1ef1183ea1846/screenshot - {}
RESULT: {"script":"<script> [1562 bytes]","args":[{"selector":{"controlType":"sap.m.Button","viewName":"etm.portal.ui.managerequests.view.Detail","properties":{"text":"OK"},"searchOpenDialogs":true,"interaction":{"idSuffix":"BDI-content"}},"wdio_ui5_key":"etmportal.ui.managerequests.view.Detailsap.m.Button{\"text\":\"OK\"}"}]}
RESULT: undefined
COMMAND: POST /session/4f73fbc7686585ab41e1ef1183ea1846/element - {"using":"xpath","value":"//*[@id=\"__popup377-confirmBtn\"]"}
RESULT: {}
RESULT: {"using":"xpath","value":"//*[@id=\"__popup377-confirmBtn\"]"}
COMMAND: POST /session/4f73fbc7686585ab41e1ef1183ea1846/element/f.37EC1E53C27724E540A226988372354E.d.9F77D492215F50A4398154372E042D4C.e.3533/click - {}
RESULT: {}
COMMAND: GET /session/4f73fbc7686585ab41e1ef1183ea1846/screenshot - {}
RESULT: {}
COMMAND: POST /session/4f73fbc7686585ab41e1ef1183ea1846/execute/async - {"script":"<script> [1562 bytes]","args":[{"selector":{"controlType":"sap.m.Text","viewName":"etm.portal.ui.managerequests.view.Detail","bindingPath":{"propertyPath":"NO","modelName":"catalogModel"}},"wdio_ui5_key":"etmportal.ui.managerequests.view.Detailsap.m.Text{\"propertyPath\":\"NO\",\"modelName\":\"catalogModel\"}"}]}
RESULT: {"script":"<script> [1562 bytes]","args":[{"selector":{"controlType":"sap.m.Text","viewName":"etm.portal.ui.managerequests.view.Detail","bindingPath":{"propertyPath":"NO","modelName":"catalogModel"}},"wdio_ui5_key":"etmportal.ui.managerequests.view.Detailsap.m.Text{\"propertyPath\":\"NO\",\"modelName\":\"catalogModel\"}"}]}
RESULT: undefined
COMMAND: POST /session/4f73fbc7686585ab41e1ef1183ea1846/execute/async - {"script":"<script> [6424 bytes]","args":[{"element-6066-11e4-a52e-4f735466cecf":"f.37EC1E53C27724E540A226988372354E.d.9F77D492215F50A4398154372E042D4C.e.3549"},"getText",[]]}
RESULT: {"script":"<script> [6424 bytes]","args":[{"element-6066-11e4-a52e-4f735466cecf":"f.37EC1E53C27724E540A226988372354E.d.9F77D492215F50A4398154372E042D4C.e.3549"},"getText",[]]}
COMMAND: POST /session/4f73fbc7686585ab41e1ef1183ea1846/execute/async - {"script":"<script> [1562 bytes]","args":[{"selector":{"controlType":"sap.m.Tokenizer","viewName":"etm.portal.ui.managerequests.view.Detail","bindingPath":{"path":"/SmartRequestItemsPlanningBoard(ITEM=10m,REQUEST='20372')","propertyPath":"LINK_TO_TAGS"}},"wdio_ui5_key":"etmportal.ui.managerequests.view.Detailsap.m.Tokenizer{\"path\":\"/SmartRequestItemsPlanningBoard(ITEM=10m,REQUEST='20372')\",\"propertyPath\":\"LINK_TO_TAGS\"}"}]}
RESULT: {"script":"<script> [1562 bytes]","args":[{"selector":{"controlType":"sap.m.Tokenizer","viewName":"etm.portal.ui.managerequests.view.Detail","bindingPath":{"path":"/SmartRequestItemsPlanningBoard(ITEM=10m,REQUEST='20372')","propertyPath":"LINK_TO_TAGS"}},"wdio_ui5_key":"etmportal.ui.managerequests.view.Detailsap.m.Tokenizer{\"path\":\"/SmartRequestItemsPlanningBoard(ITEM=10m,REQUEST='20372')\",\"propertyPath\":\"LINK_TO_TAGS\"}"}]}
RESULT: undefined
COMMAND: POST /session/4f73fbc7686585ab41e1ef1183ea1846/execute/async - {"script":"<script> [6424 bytes]","args":[{"element-6066-11e4-a52e-4f735466cecf":"f.37EC1E53C27724E540A226988372354E.d.9F77D492215F50A4398154372E042D4C.e.3550"},"getTokens",[]]}
RESULT: {"script":"<script> [6424 bytes]","args":[{"element-6066-11e4-a52e-4f735466cecf":"f.37EC1E53C27724E540A226988372354E.d.9F77D492215F50A4398154372E042D4C.e.3550"},"getTokens",[]]}
COMMAND: POST /session/4f73fbc7686585ab41e1ef1183ea1846/execute/async - {"script":"<script> [1562 bytes]","args":[{"wdio_ui5_key":"__token12-__tokenizer63-__clone5177-1","selector":{"id":"__token12-__tokenizer63-__clone5177-1"}}]}
COMMAND: POST /session/4f73fbc7686585ab41e1ef1183ea1846/execute/async - {"script":"<script> [1562 bytes]","args":[{"wdio_ui5_key":"__token12-__tokenizer63-__clone5177-2","selector":{"id":"__token12-__tokenizer63-__clone5177-2"}}]}
COMMAND: POST /session/4f73fbc7686585ab41e1ef1183ea1846/execute/async - {"script":"<script> [1562 bytes]","args":[{"wdio_ui5_key":"__token12-__tokenizer63-__clone5177-0","selector":{"id":"__token12-__tokenizer63-__clone5177-0"}}]}
RESULT: {"script":"<script> [1562 bytes]","args":[{"wdio_ui5_key":"__token12-__tokenizer63-__clone5177-1","selector":{"id":"__token12-__tokenizer63-__clone5177-1"}}]}
RESULT: undefined
RESULT: {"script":"<script> [1562 bytes]","args":[{"wdio_ui5_key":"__token12-__tokenizer63-__clone5177-2","selector":{"id":"__token12-__tokenizer63-__clone5177-2"}}]}
RESULT: undefined
RESULT: {"script":"<script> [1562 bytes]","args":[{"wdio_ui5_key":"__token12-__tokenizer63-__clone5177-0","selector":{"id":"__token12-__tokenizer63-__clone5177-0"}}]}
RESULT: undefined
COMMAND: POST /session/4f73fbc7686585ab41e1ef1183ea1846/element - {"using":"xpath","value":"(//span[contains(text(), \"tag-header\")])[2]"}
RESULT: {"using":"xpath","value":"(//span[contains(text(), \"tag-header\")])[2]"}
COMMAND: POST /session/4f73fbc7686585ab41e1ef1183ea1846/elements - {"using":"xpath","value":"(//span[contains(text(), \"tag-header\")])[2]"}
RESULT: {"using":"xpath","value":"(//span[contains(text(), \"tag-header\")])[2]"}
COMMAND: POST /session/4f73fbc7686585ab41e1ef1183ea1846/execute/async - {"script":"<script> [1562 bytes]","args":[{"selector":{"controlType":"sap.m.Tokenizer","viewName":"etm.portal.ui.managerequests.view.Detail","bindingPath":{"path":"/SmartRequestItemsPlanningBoard(ITEM=20m,REQUEST='20372')","propertyPath":"LINK_TO_TAGS"}},"wdio_ui5_key":"etmportal.ui.managerequests.view.Detailsap.m.Tokenizer{\"path\":\"/SmartRequestItemsPlanningBoard(ITEM=20m,REQUEST='20372')\",\"propertyPath\":\"LINK_TO_TAGS\"}"}]}
RESULT: {"script":"<script> [1562 bytes]","args":[{"selector":{"controlType":"sap.m.Tokenizer","viewName":"etm.portal.ui.managerequests.view.Detail","bindingPath":{"path":"/SmartRequestItemsPlanningBoard(ITEM=20m,REQUEST='20372')","propertyPath":"LINK_TO_TAGS"}},"wdio_ui5_key":"etmportal.ui.managerequests.view.Detailsap.m.Tokenizer{\"path\":\"/SmartRequestItemsPlanningBoard(ITEM=20m,REQUEST='20372')\",\"propertyPath\":\"LINK_TO_TAGS\"}"}]}
RESULT: undefined
COMMAND: POST /session/4f73fbc7686585ab41e1ef1183ea1846/execute/async - {"script":"<script> [6424 bytes]","args":[{"element-6066-11e4-a52e-4f735466cecf":"f.37EC1E53C27724E540A226988372354E.d.9F77D492215F50A4398154372E042D4C.e.3555"},"getTokens",[]]}
RESULT: {"script":"<script> [6424 bytes]","args":[{"element-6066-11e4-a52e-4f735466cecf":"f.37EC1E53C27724E540A226988372354E.d.9F77D492215F50A4398154372E042D4C.e.3555"},"getTokens",[]]}
COMMAND: POST /session/4f73fbc7686585ab41e1ef1183ea1846/element - {"using":"css selector","value":"#shell-header-logo"}
RESULT: {"using":"css selector","value":"#shell-header-logo"}
COMMAND: POST /session/4f73fbc7686585ab41e1ef1183ea1846/element/f.37EC1E53C27724E540A226988372354E.d.9F77D492215F50A4398154372E042D4C.e.2508/click - {}
RESULT: {}
COMMAND: GET /session/4f73fbc7686585ab41e1ef1183ea1846/screenshot - {}
RESULT: {}
]]></system-out>
    </testcase>
  </testsuite>
  <testsuite timestamp="2025-05-06T15:52:47" time="657.377" tests="4" failures="0" errors="0" skipped="0">
    <properties>
      <property name="specId" value="0" />
      <property name="suiteName" value="Manage request + Contract processing pick up option US120163 " />
      <property name="capabilities" value="chrome.135_0_7049_115.windows" />
      <property name="file" value="file:///D:/a/1/s/test/specs/R2C/create-request-Pickup.spec.js" />
    </properties>
    <testcase classname="chrome.135_0_7049_115.windows.Manage_request_+_Contract_processing_pick_up_option_US120163_" name="Should create a new contract" time="97.36">
      <system-out><![CDATA[
COMMAND: POST /session/4f73fbc7686585ab41e1ef1183ea1846/execute/async - {"script":"<script> [1562 bytes]","args":[{"selector":{"controlType":"sap.m.Text","viewName":"etm.portal.ui.managecontractstile.view.Master","properties":{"text":"Manage Contracts"},"interaction":{"idSuffix":"inner"}},"wdio_ui5_key":"etmportal.ui.managecontractstile.view.Mastersap.m.Text{\"text\":\"Manage Contracts\"}"}]}
RESULT: {"script":"<script> [1562 bytes]","args":[{"selector":{"controlType":"sap.m.Text","viewName":"etm.portal.ui.managecontractstile.view.Master","properties":{"text":"Manage Contracts"},"interaction":{"idSuffix":"inner"}},"wdio_ui5_key":"etmportal.ui.managecontractstile.view.Mastersap.m.Text{\"text\":\"Manage Contracts\"}"}]}
RESULT: undefined
COMMAND: POST /session/4f73fbc7686585ab41e1ef1183ea1846/element - {"using":"xpath","value":"//*[@id=\"__tile130-title\"]"}
RESULT: {"using":"xpath","value":"//*[@id=\"__tile130-title\"]"}
COMMAND: POST /session/4f73fbc7686585ab41e1ef1183ea1846/element/f.37EC1E53C27724E540A226988372354E.d.9F77D492215F50A4398154372E042D4C.e.3559/click - {}
RESULT: {}
COMMAND: GET /session/4f73fbc7686585ab41e1ef1183ea1846/screenshot - {}
RESULT: {}
COMMAND: POST /session/4f73fbc7686585ab41e1ef1183ea1846/execute/async - {"script":"<script> [1562 bytes]","args":[{"selector":{"controlType":"sap.ui.core.Icon","viewName":"etm.portal.ui.managecontracts.view.Master","properties":{"src":{"regex":{"source":"add"}}}},"wdio_ui5_key":"etmportal.ui.managecontracts.view.Mastersap.ui.core.Icon{\"src\":{\"regex\":{\"source\":\"add\"}}}"}]}
RESULT: {"script":"<script> [1562 bytes]","args":[{"selector":{"controlType":"sap.ui.core.Icon","viewName":"etm.portal.ui.managecontracts.view.Master","properties":{"src":{"regex":{"source":"add"}}}},"wdio_ui5_key":"etmportal.ui.managecontracts.view.Mastersap.ui.core.Icon{\"src\":{\"regex\":{\"source\":\"add\"}}}"}]}
RESULT: undefined
COMMAND: POST /session/4f73fbc7686585ab41e1ef1183ea1846/element - {"using":"xpath","value":"//*[@id=\"__button187-img\"]"}
RESULT: {"using":"xpath","value":"//*[@id=\"__button187-img\"]"}
COMMAND: POST /session/4f73fbc7686585ab41e1ef1183ea1846/element/f.37EC1E53C27724E540A226988372354E.d.9F77D492215F50A4398154372E042D4C.e.3613/click - {}
RESULT: {}
COMMAND: POST /session/4f73fbc7686585ab41e1ef1183ea1846/execute/async - {"script":"<script> [1562 bytes]","args":[{"selector":{"id":"application-managecontracts-display-component---AddNewContract--projectDescription","interaction":{"idSuffix":"inner"}},"wdio_ui5_key":"applicationmanagecontracts-display-component---AddNewContract--projectDescription"}]}
COMMAND: GET /session/4f73fbc7686585ab41e1ef1183ea1846/screenshot - {}
RESULT: {"script":"<script> [1562 bytes]","args":[{"selector":{"id":"application-managecontracts-display-component---AddNewContract--projectDescription","interaction":{"idSuffix":"inner"}},"wdio_ui5_key":"applicationmanagecontracts-display-component---AddNewContract--projectDescription"}]}
RESULT: undefined
COMMAND: POST /session/4f73fbc7686585ab41e1ef1183ea1846/execute/async - {"script":"<script> [776 bytes]","args":[{"enterText":"PickupContractourfe","selector":{"id":"application-managecontracts-display-component---AddNewContract--projectDescription","interaction":{"idSuffix":"inner"}},"clearTextFirst":true,"interactionType":"ENTER_TEXT"}]}
RESULT: {}
RESULT: {"script":"<script> [776 bytes]","args":[{"enterText":"PickupContractourfe","selector":{"id":"application-managecontracts-display-component---AddNewContract--projectDescription","interaction":{"idSuffix":"inner"}},"clearTextFirst":true,"interactionType":"ENTER_TEXT"}]}
COMMAND: POST /session/4f73fbc7686585ab41e1ef1183ea1846/element - {"using":"xpath","value":"//input[contains(@id ,\"application-managecontracts-display-component---AddNewContract--yardId-inner\")]"}
RESULT: {"using":"xpath","value":"//input[contains(@id ,\"application-managecontracts-display-component---AddNewContract--yardId-inner\")]"}
COMMAND: POST /session/4f73fbc7686585ab41e1ef1183ea1846/element/f.37EC1E53C27724E540A226988372354E.d.9F77D492215F50A4398154372E042D4C.e.3896/value - {"text":"WebdriverYarddw5pc"}
RESULT: {"text":"WebdriverYarddw5pc"}
COMMAND: GET /session/4f73fbc7686585ab41e1ef1183ea1846/screenshot - {}
RESULT: {}
COMMAND: POST /session/4f73fbc7686585ab41e1ef1183ea1846/actions - {"actions":[{"id":"action31","type":"key","parameters":{},"actions":[{"type":"keyDown","value":"î€‡"},{"type":"pause","duration":10},{"type":"keyUp","value":"î€‡"}]}]}
RESULT: {"actions":[{"id":"action31","type":"key","parameters":{},"actions":[{"type":"keyDown","value":"î€‡"},{"type":"pause","duration":10},{"type":"keyUp","value":"î€‡"}]}]}
COMMAND: GET /session/4f73fbc7686585ab41e1ef1183ea1846/screenshot - {}
RESULT: {}
COMMAND: POST /session/4f73fbc7686585ab41e1ef1183ea1846/element - {"using":"xpath","value":"//input[contains(@id ,\"application-managecontracts-display-component---AddNewContract--customerSelect-inner\")]"}
RESULT: {"using":"xpath","value":"//input[contains(@id ,\"application-managecontracts-display-component---AddNewContract--customerSelect-inner\")]"}
COMMAND: POST /session/4f73fbc7686585ab41e1ef1183ea1846/element/f.37EC1E53C27724E540A226988372354E.d.9F77D492215F50A4398154372E042D4C.e.3894/value - {"text":"WebdriverPartnerm55yg"}
RESULT: {"text":"WebdriverPartnerm55yg"}
COMMAND: GET /session/4f73fbc7686585ab41e1ef1183ea1846/screenshot - {}
RESULT: {}
COMMAND: POST /session/4f73fbc7686585ab41e1ef1183ea1846/actions - {"actions":[{"id":"action32","type":"key","parameters":{},"actions":[{"type":"keyDown","value":"î€‡"},{"type":"pause","duration":10},{"type":"keyUp","value":"î€‡"}]}]}
RESULT: {"actions":[{"id":"action32","type":"key","parameters":{},"actions":[{"type":"keyDown","value":"î€‡"},{"type":"pause","duration":10},{"type":"keyUp","value":"î€‡"}]}]}
COMMAND: GET /session/4f73fbc7686585ab41e1ef1183ea1846/screenshot - {}
RESULT: {}
COMMAND: POST /session/4f73fbc7686585ab41e1ef1183ea1846/element - {"using":"xpath","value":"//input[contains(@id ,\"application-managecontracts-display-component---AddNewContract--site-inner\")]"}
RESULT: {"using":"xpath","value":"//input[contains(@id ,\"application-managecontracts-display-component---AddNewContract--site-inner\")]"}
COMMAND: POST /session/4f73fbc7686585ab41e1ef1183ea1846/element/f.37EC1E53C27724E540A226988372354E.d.9F77D492215F50A4398154372E042D4C.e.3895/value - {"text":"WebdriverSiteqy48o"}
RESULT: {"text":"WebdriverSiteqy48o"}
COMMAND: GET /session/4f73fbc7686585ab41e1ef1183ea1846/screenshot - {}
RESULT: {}
COMMAND: POST /session/4f73fbc7686585ab41e1ef1183ea1846/actions - {"actions":[{"id":"action33","type":"key","parameters":{},"actions":[{"type":"keyDown","value":"î€‡"},{"type":"pause","duration":10},{"type":"keyUp","value":"î€‡"}]}]}
RESULT: {"actions":[{"id":"action33","type":"key","parameters":{},"actions":[{"type":"keyDown","value":"î€‡"},{"type":"pause","duration":10},{"type":"keyUp","value":"î€‡"}]}]}
COMMAND: GET /session/4f73fbc7686585ab41e1ef1183ea1846/screenshot - {}
COMMAND: POST /session/4f73fbc7686585ab41e1ef1183ea1846/execute/async - {"script":"<script> [1562 bytes]","args":[{"selector":{"id":"application-managecontracts-display-component---AddNewContract--saveBtn","interaction":{"idSuffix":"BDI-content"}},"wdio_ui5_key":"applicationmanagecontracts-display-component---AddNewContract--saveBtn"}]}
RESULT: {}
RESULT: {"script":"<script> [1562 bytes]","args":[{"selector":{"id":"application-managecontracts-display-component---AddNewContract--saveBtn","interaction":{"idSuffix":"BDI-content"}},"wdio_ui5_key":"applicationmanagecontracts-display-component---AddNewContract--saveBtn"}]}
RESULT: undefined
COMMAND: POST /session/4f73fbc7686585ab41e1ef1183ea1846/element - {"using":"xpath","value":"//*[@id=\"application-managecontracts-display-component---AddNewContract--saveBtn\"]"}
RESULT: {"using":"xpath","value":"//*[@id=\"application-managecontracts-display-component---AddNewContract--saveBtn\"]"}
COMMAND: POST /session/4f73fbc7686585ab41e1ef1183ea1846/element/f.37EC1E53C27724E540A226988372354E.d.9F77D492215F50A4398154372E042D4C.e.3909/click - {}
RESULT: {}
COMMAND: GET /session/4f73fbc7686585ab41e1ef1183ea1846/screenshot - {}
RESULT: {}
COMMAND: POST /session/4f73fbc7686585ab41e1ef1183ea1846/element - {"using":"xpath","value":"//span[contains(@id ,\"contractDetailTitleNoExpanded\")]"}
RESULT: {"using":"xpath","value":"//span[contains(@id ,\"contractDetailTitleNoExpanded\")]"}
COMMAND: GET /session/4f73fbc7686585ab41e1ef1183ea1846/element/f.37EC1E53C27724E540A226988372354E.d.9F77D492215F50A4398154372E042D4C.e.3937/text - {}
RESULT: {}
COMMAND: POST /session/4f73fbc7686585ab41e1ef1183ea1846/element - {"using":"css selector","value":"#shell-header-logo"}
RESULT: {"using":"css selector","value":"#shell-header-logo"}
COMMAND: POST /session/4f73fbc7686585ab41e1ef1183ea1846/element/f.37EC1E53C27724E540A226988372354E.d.9F77D492215F50A4398154372E042D4C.e.3561/click - {}
RESULT: {}
COMMAND: GET /session/4f73fbc7686585ab41e1ef1183ea1846/screenshot - {}
RESULT: {}
]]></system-out>
    </testcase>
    <testcase classname="chrome.135_0_7049_115.windows.Manage_request_+_Contract_processing_pick_up_option_US120163_" name="Should create a new material" time="152.054">
      <system-out><![CDATA[
COMMAND: POST /session/4f73fbc7686585ab41e1ef1183ea1846/execute/async - {"script":"<script> [1562 bytes]","args":[{"selector":{"controlType":"sap.m.GenericTile","properties":{"header":"Manage Resources"}},"wdio_ui5_key":"sapm.GenericTile{\"header\":\"Manage Resources\"}"}]}
RESULT: {"script":"<script> [1562 bytes]","args":[{"selector":{"controlType":"sap.m.GenericTile","properties":{"header":"Manage Resources"}},"wdio_ui5_key":"sapm.GenericTile{\"header\":\"Manage Resources\"}"}]}
RESULT: undefined
COMMAND: POST /session/4f73fbc7686585ab41e1ef1183ea1846/element - {"using":"xpath","value":"//*[@id=\"__tile39\"]"}
RESULT: {"using":"xpath","value":"//*[@id=\"__tile39\"]"}
COMMAND: POST /session/4f73fbc7686585ab41e1ef1183ea1846/element/f.37EC1E53C27724E540A226988372354E.d.9F77D492215F50A4398154372E042D4C.e.3939/click - {}
RESULT: {}
COMMAND: GET /session/4f73fbc7686585ab41e1ef1183ea1846/screenshot - {}
RESULT: {}
COMMAND: POST /session/4f73fbc7686585ab41e1ef1183ea1846/element - {"using":"xpath","value":"//button[@data-kt=\"addNewRUOverflowToolbarButton\"]"}
RESULT: {"using":"xpath","value":"//button[@data-kt=\"addNewRUOverflowToolbarButton\"]"}
COMMAND: POST /session/4f73fbc7686585ab41e1ef1183ea1846/execute/sync - {"script":"<script> [8489 bytes]","args":[{"element-6066-11e4-a52e-4f735466cecf":"f.37EC1E53C27724E540A226988372354E.d.9F77D492215F50A4398154372E042D4C.e.3980","ELEMENT":"f.37EC1E53C27724E540A226988372354E.d.9F77D492215F50A4398154372E042D4C.e.3980"}]}
RESULT: {"script":"<script> [8489 bytes]","args":[{"element-6066-11e4-a52e-4f735466cecf":"f.37EC1E53C27724E540A226988372354E.d.9F77D492215F50A4398154372E042D4C.e.3980","ELEMENT":"f.37EC1E53C27724E540A226988372354E.d.9F77D492215F50A4398154372E042D4C.e.3980"}]}
COMMAND: POST /session/4f73fbc7686585ab41e1ef1183ea1846/element/f.37EC1E53C27724E540A226988372354E.d.9F77D492215F50A4398154372E042D4C.e.3980/click - {}
COMMAND: GET /session/4f73fbc7686585ab41e1ef1183ea1846/screenshot - {}
RESULT: {}
COMMAND: POST /session/4f73fbc7686585ab41e1ef1183ea1846/execute/async - {"script":"<script> [1562 bytes]","args":[{"selector":{"id":"application-manageresources-display-component---newResourceUnit--TYPE-arrow"},"wdio_ui5_key":"applicationmanageresources-display-component---newResourceUnit--TYPE-arrow"}]}
COMMAND: GET /session/4f73fbc7686585ab41e1ef1183ea1846/screenshot - {}
RESULT: {}
RESULT: {"script":"<script> [1562 bytes]","args":[{"selector":{"id":"application-manageresources-display-component---newResourceUnit--TYPE-arrow"},"wdio_ui5_key":"applicationmanageresources-display-component---newResourceUnit--TYPE-arrow"}]}
RESULT: undefined
COMMAND: POST /session/4f73fbc7686585ab41e1ef1183ea1846/element - {"using":"xpath","value":"//*[@id=\"application-manageresources-display-component---newResourceUnit--TYPE-arrow\"]"}
RESULT: {}
RESULT: {"using":"xpath","value":"//*[@id=\"application-manageresources-display-component---newResourceUnit--TYPE-arrow\"]"}
COMMAND: POST /session/4f73fbc7686585ab41e1ef1183ea1846/element/f.37EC1E53C27724E540A226988372354E.d.9F77D492215F50A4398154372E042D4C.e.4292/click - {}
RESULT: {}
COMMAND: POST /session/4f73fbc7686585ab41e1ef1183ea1846/execute/async - {"script":"<script> [1562 bytes]","args":[{"selector":{"controlType":"sap.m.StandardListItem","viewName":"reusables.view.manageresources.NewResourceUnit","viewId":"application-manageresources-display-component---newResourceUnit","properties":{"title":"Material"},"searchOpenDialogs":true,"interaction":{"idSuffix":"titleText"}},"wdio_ui5_key":"reusablesview.manageresources.NewResourceUnitsap.m.StandardListItem{\"title\":\"Material\"}"}]}
COMMAND: GET /session/4f73fbc7686585ab41e1ef1183ea1846/screenshot - {}
RESULT: {"script":"<script> [1562 bytes]","args":[{"selector":{"controlType":"sap.m.StandardListItem","viewName":"reusables.view.manageresources.NewResourceUnit","viewId":"application-manageresources-display-component---newResourceUnit","properties":{"title":"Material"},"searchOpenDialogs":true,"interaction":{"idSuffix":"titleText"}},"wdio_ui5_key":"reusablesview.manageresources.NewResourceUnitsap.m.StandardListItem{\"title\":\"Material\"}"}]}
RESULT: undefined
COMMAND: POST /session/4f73fbc7686585ab41e1ef1183ea1846/element - {"using":"xpath","value":"//*[@id=\"__item5743\"]"}
RESULT: {}
RESULT: {"using":"xpath","value":"//*[@id=\"__item5743\"]"}
COMMAND: POST /session/4f73fbc7686585ab41e1ef1183ea1846/element/f.37EC1E53C27724E540A226988372354E.d.9F77D492215F50A4398154372E042D4C.e.4295/click - {}
RESULT: {}
COMMAND: POST /session/4f73fbc7686585ab41e1ef1183ea1846/execute/async - {"script":"<script> [1562 bytes]","args":[{"selector":{"id":"application-manageresources-display-component---newResourceUnit--SHORT_TEXT","interaction":{"idSuffix":"inner"}},"wdio_ui5_key":"applicationmanageresources-display-component---newResourceUnit--SHORT_TEXT"}]}
COMMAND: GET /session/4f73fbc7686585ab41e1ef1183ea1846/screenshot - {}
RESULT: {"script":"<script> [1562 bytes]","args":[{"selector":{"id":"application-manageresources-display-component---newResourceUnit--SHORT_TEXT","interaction":{"idSuffix":"inner"}},"wdio_ui5_key":"applicationmanageresources-display-component---newResourceUnit--SHORT_TEXT"}]}
RESULT: undefined
COMMAND: POST /session/4f73fbc7686585ab41e1ef1183ea1846/execute/async - {"script":"<script> [776 bytes]","args":[{"enterText":"WebdriverRUR2C5r275","selector":{"id":"application-manageresources-display-component---newResourceUnit--SHORT_TEXT","interaction":{"idSuffix":"inner"}},"clearTextFirst":true,"interactionType":"ENTER_TEXT"}]}
RESULT: {}
RESULT: {"script":"<script> [776 bytes]","args":[{"enterText":"WebdriverRUR2C5r275","selector":{"id":"application-manageresources-display-component---newResourceUnit--SHORT_TEXT","interaction":{"idSuffix":"inner"}},"clearTextFirst":true,"interactionType":"ENTER_TEXT"}]}
COMMAND: POST /session/4f73fbc7686585ab41e1ef1183ea1846/execute/async - {"script":"<script> [1562 bytes]","args":[{"selector":{"id":"application-manageresources-display-component---newResourceUnit--BASE_UNIT_OF_MEASURE-arrow"},"wdio_ui5_key":"applicationmanageresources-display-component---newResourceUnit--BASE_UNIT_OF_MEASURE-arrow"}]}
RESULT: {"script":"<script> [1562 bytes]","args":[{"selector":{"id":"application-manageresources-display-component---newResourceUnit--BASE_UNIT_OF_MEASURE-arrow"},"wdio_ui5_key":"applicationmanageresources-display-component---newResourceUnit--BASE_UNIT_OF_MEASURE-arrow"}]}
RESULT: undefined
COMMAND: POST /session/4f73fbc7686585ab41e1ef1183ea1846/element - {"using":"xpath","value":"//*[@id=\"application-manageresources-display-component---newResourceUnit--BASE_UNIT_OF_MEASURE-arrow\"]"}
RESULT: {"using":"xpath","value":"//*[@id=\"application-manageresources-display-component---newResourceUnit--BASE_UNIT_OF_MEASURE-arrow\"]"}
COMMAND: POST /session/4f73fbc7686585ab41e1ef1183ea1846/element/f.37EC1E53C27724E540A226988372354E.d.9F77D492215F50A4398154372E042D4C.e.4351/click - {}
RESULT: {}
COMMAND: POST /session/4f73fbc7686585ab41e1ef1183ea1846/execute/async - {"script":"<script> [1562 bytes]","args":[{"selector":{"controlType":"sap.m.StandardListItem","viewName":"reusables.view.manageresources.NewResourceUnit","viewId":"application-manageresources-display-component---newResourceUnit","properties":{"title":"Piece"},"searchOpenDialogs":true,"interaction":{"idSuffix":"titleText"}},"wdio_ui5_key":"reusablesview.manageresources.NewResourceUnitsap.m.StandardListItem{\"title\":\"Piece\"}"}]}
COMMAND: GET /session/4f73fbc7686585ab41e1ef1183ea1846/screenshot - {}
RESULT: {"script":"<script> [1562 bytes]","args":[{"selector":{"controlType":"sap.m.StandardListItem","viewName":"reusables.view.manageresources.NewResourceUnit","viewId":"application-manageresources-display-component---newResourceUnit","properties":{"title":"Piece"},"searchOpenDialogs":true,"interaction":{"idSuffix":"titleText"}},"wdio_ui5_key":"reusablesview.manageresources.NewResourceUnitsap.m.StandardListItem{\"title\":\"Piece\"}"}]}
RESULT: undefined
COMMAND: POST /session/4f73fbc7686585ab41e1ef1183ea1846/element - {"using":"xpath","value":"//*[@id=\"__item5787\"]"}
RESULT: {}
RESULT: {"using":"xpath","value":"//*[@id=\"__item5787\"]"}
COMMAND: POST /session/4f73fbc7686585ab41e1ef1183ea1846/element/f.37EC1E53C27724E540A226988372354E.d.9F77D492215F50A4398154372E042D4C.e.4353/click - {}
RESULT: {}
COMMAND: POST /session/4f73fbc7686585ab41e1ef1183ea1846/element - {"using":"xpath","value":"//input[contains(@id ,\"application-manageresources-display-component---newResourceUnit--SHORT_TEXT-inner\")]"}
COMMAND: GET /session/4f73fbc7686585ab41e1ef1183ea1846/screenshot - {}
RESULT: {"using":"xpath","value":"//input[contains(@id ,\"application-manageresources-display-component---newResourceUnit--SHORT_TEXT-inner\")]"}
COMMAND: GET /session/4f73fbc7686585ab41e1ef1183ea1846/element/f.37EC1E53C27724E540A226988372354E.d.9F77D492215F50A4398154372E042D4C.e.4312/property/value - {}
RESULT: {}
RESULT: {}
COMMAND: POST /session/4f73fbc7686585ab41e1ef1183ea1846/execute/async - {"script":"<script> [1562 bytes]","args":[{"selector":{"id":"application-manageresources-display-component---newResourceUnit--WEIGHT_UNIT-arrow"},"wdio_ui5_key":"applicationmanageresources-display-component---newResourceUnit--WEIGHT_UNIT-arrow"}]}
COMMAND: GET /session/4f73fbc7686585ab41e1ef1183ea1846/screenshot - {}
RESULT: {"script":"<script> [1562 bytes]","args":[{"selector":{"id":"application-manageresources-display-component---newResourceUnit--WEIGHT_UNIT-arrow"},"wdio_ui5_key":"applicationmanageresources-display-component---newResourceUnit--WEIGHT_UNIT-arrow"}]}
RESULT: undefined
COMMAND: POST /session/4f73fbc7686585ab41e1ef1183ea1846/element - {"using":"xpath","value":"//*[@id=\"application-manageresources-display-component---newResourceUnit--WEIGHT_UNIT-arrow\"]"}
RESULT: {}
RESULT: {"using":"xpath","value":"//*[@id=\"application-manageresources-display-component---newResourceUnit--WEIGHT_UNIT-arrow\"]"}
COMMAND: POST /session/4f73fbc7686585ab41e1ef1183ea1846/element/f.37EC1E53C27724E540A226988372354E.d.9F77D492215F50A4398154372E042D4C.e.4354/click - {}
RESULT: {}
COMMAND: POST /session/4f73fbc7686585ab41e1ef1183ea1846/execute/async - {"script":"<script> [1562 bytes]","args":[{"selector":{"controlType":"sap.m.StandardListItem","viewName":"reusables.view.manageresources.NewResourceUnit","viewId":"application-manageresources-display-component---newResourceUnit","properties":{"title":"Gram"},"searchOpenDialogs":true,"interaction":{"idSuffix":"content"}},"wdio_ui5_key":"reusablesview.manageresources.NewResourceUnitsap.m.StandardListItem{\"title\":\"Gram\"}"}]}
COMMAND: GET /session/4f73fbc7686585ab41e1ef1183ea1846/screenshot - {}
RESULT: {"script":"<script> [1562 bytes]","args":[{"selector":{"controlType":"sap.m.StandardListItem","viewName":"reusables.view.manageresources.NewResourceUnit","viewId":"application-manageresources-display-component---newResourceUnit","properties":{"title":"Gram"},"searchOpenDialogs":true,"interaction":{"idSuffix":"content"}},"wdio_ui5_key":"reusablesview.manageresources.NewResourceUnitsap.m.StandardListItem{\"title\":\"Gram\"}"}]}
RESULT: undefined
COMMAND: POST /session/4f73fbc7686585ab41e1ef1183ea1846/element - {"using":"xpath","value":"//*[@id=\"__item5852\"]"}
RESULT: {}
RESULT: {"using":"xpath","value":"//*[@id=\"__item5852\"]"}
COMMAND: POST /session/4f73fbc7686585ab41e1ef1183ea1846/element/f.37EC1E53C27724E540A226988372354E.d.9F77D492215F50A4398154372E042D4C.e.4356/click - {}
RESULT: {}
COMMAND: POST /session/4f73fbc7686585ab41e1ef1183ea1846/execute/async - {"script":"<script> [1562 bytes]","args":[{"selector":{"id":"application-manageresources-display-component---newResourceUnit--newRRUPage-OPHeaderContent-collapseBtn-img"},"wdio_ui5_key":"applicationmanageresources-display-component---newResourceUnit--newRRUPage-OPHeaderContent-collapseBtn-img"}]}
COMMAND: GET /session/4f73fbc7686585ab41e1ef1183ea1846/screenshot - {}
RESULT: {"script":"<script> [1562 bytes]","args":[{"selector":{"id":"application-manageresources-display-component---newResourceUnit--newRRUPage-OPHeaderContent-collapseBtn-img"},"wdio_ui5_key":"applicationmanageresources-display-component---newResourceUnit--newRRUPage-OPHeaderContent-collapseBtn-img"}]}
RESULT: undefined
COMMAND: POST /session/4f73fbc7686585ab41e1ef1183ea1846/element - {"using":"xpath","value":"//*[@id=\"application-manageresources-display-component---newResourceUnit--newRRUPage-OPHeaderContent-collapseBtn-img\"]"}
RESULT: {}
RESULT: {"using":"xpath","value":"//*[@id=\"application-manageresources-display-component---newResourceUnit--newRRUPage-OPHeaderContent-collapseBtn-img\"]"}
COMMAND: POST /session/4f73fbc7686585ab41e1ef1183ea1846/element/f.37EC1E53C27724E540A226988372354E.d.9F77D492215F50A4398154372E042D4C.e.4302/click - {}
RESULT: {}
COMMAND: GET /session/4f73fbc7686585ab41e1ef1183ea1846/screenshot - {}
RESULT: {}
COMMAND: POST /session/4f73fbc7686585ab41e1ef1183ea1846/element - {"using":"xpath","value":"(//span[contains(@id ,\"application-manageresources-display-component---newResourceUnit--DIMENSION_UNIT-arrow\")])[1]"}
RESULT: {"using":"xpath","value":"(//span[contains(@id ,\"application-manageresources-display-component---newResourceUnit--DIMENSION_UNIT-arrow\")])[1]"}
COMMAND: POST /session/4f73fbc7686585ab41e1ef1183ea1846/element/f.37EC1E53C27724E540A226988372354E.d.9F77D492215F50A4398154372E042D4C.e.4362/click - {}
RESULT: {}
COMMAND: GET /session/4f73fbc7686585ab41e1ef1183ea1846/screenshot - {}
RESULT: {}
COMMAND: POST /session/4f73fbc7686585ab41e1ef1183ea1846/execute/async - {"script":"<script> [1562 bytes]","args":[{"selector":{"controlType":"sap.m.StandardListItem","viewName":"reusables.view.manageresources.NewResourceUnit","viewId":"application-manageresources-display-component---newResourceUnit","properties":{"title":"Centimeter"},"searchOpenDialogs":true,"interaction":{"idSuffix":"titleText"}},"wdio_ui5_key":"reusablesview.manageresources.NewResourceUnitsap.m.StandardListItem{\"title\":\"Centimeter\"}"}]}
RESULT: {"script":"<script> [1562 bytes]","args":[{"selector":{"controlType":"sap.m.StandardListItem","viewName":"reusables.view.manageresources.NewResourceUnit","viewId":"application-manageresources-display-component---newResourceUnit","properties":{"title":"Centimeter"},"searchOpenDialogs":true,"interaction":{"idSuffix":"titleText"}},"wdio_ui5_key":"reusablesview.manageresources.NewResourceUnitsap.m.StandardListItem{\"title\":\"Centimeter\"}"}]}
RESULT: undefined
COMMAND: POST /session/4f73fbc7686585ab41e1ef1183ea1846/element - {"using":"xpath","value":"//*[@id=\"__item5855\"]"}
RESULT: {"using":"xpath","value":"//*[@id=\"__item5855\"]"}
COMMAND: POST /session/4f73fbc7686585ab41e1ef1183ea1846/element/f.37EC1E53C27724E540A226988372354E.d.9F77D492215F50A4398154372E042D4C.e.4364/click - {}
RESULT: {}
COMMAND: POST /session/4f73fbc7686585ab41e1ef1183ea1846/execute/async - {"script":"<script> [1562 bytes]","args":[{"selector":{"id":"application-manageresources-display-component---newResourceUnit--newRRUPage-anchBar-application-manageresources-display-component---newResourceUnit--reference-anchor","interaction":{"idSuffix":"BDI-content"}},"wdio_ui5_key":"applicationmanageresources-display-component---newResourceUnit--newRRUPage-anchBar-application-manageresources-display-component---newResourceUnit--reference-anchor"}]}
COMMAND: GET /session/4f73fbc7686585ab41e1ef1183ea1846/screenshot - {}
RESULT: {"script":"<script> [1562 bytes]","args":[{"selector":{"id":"application-manageresources-display-component---newResourceUnit--newRRUPage-anchBar-application-manageresources-display-component---newResourceUnit--reference-anchor","interaction":{"idSuffix":"BDI-content"}},"wdio_ui5_key":"applicationmanageresources-display-component---newResourceUnit--newRRUPage-anchBar-application-manageresources-display-component---newResourceUnit--reference-anchor"}]}
RESULT: undefined
COMMAND: POST /session/4f73fbc7686585ab41e1ef1183ea1846/element - {"using":"xpath","value":"//*[@id=\"application-manageresources-display-component---newResourceUnit--newRRUPage-anchBar-application-manageresources-display-component---newResourceUnit--reference-anchor\"]"}
RESULT: {}
RESULT: {"using":"xpath","value":"//*[@id=\"application-manageresources-display-component---newResourceUnit--newRRUPage-anchBar-application-manageresources-display-component---newResourceUnit--reference-anchor\"]"}
COMMAND: POST /session/4f73fbc7686585ab41e1ef1183ea1846/element/f.37EC1E53C27724E540A226988372354E.d.9F77D492215F50A4398154372E042D4C.e.4366/click - {}
RESULT: {}
COMMAND: POST /session/4f73fbc7686585ab41e1ef1183ea1846/execute/async - {"script":"<script> [1562 bytes]","args":[{"selector":{"id":"application-manageresources-display-component---newResourceUnit--PLANNING_GROUP-arrow"},"wdio_ui5_key":"applicationmanageresources-display-component---newResourceUnit--PLANNING_GROUP-arrow"}]}
COMMAND: GET /session/4f73fbc7686585ab41e1ef1183ea1846/screenshot - {}
RESULT: {"script":"<script> [1562 bytes]","args":[{"selector":{"id":"application-manageresources-display-component---newResourceUnit--PLANNING_GROUP-arrow"},"wdio_ui5_key":"applicationmanageresources-display-component---newResourceUnit--PLANNING_GROUP-arrow"}]}
RESULT: undefined
COMMAND: POST /session/4f73fbc7686585ab41e1ef1183ea1846/element - {"using":"xpath","value":"//*[@id=\"application-manageresources-display-component---newResourceUnit--PLANNING_GROUP-arrow\"]"}
RESULT: {}
RESULT: {"using":"xpath","value":"//*[@id=\"application-manageresources-display-component---newResourceUnit--PLANNING_GROUP-arrow\"]"}
COMMAND: POST /session/4f73fbc7686585ab41e1ef1183ea1846/element/f.37EC1E53C27724E540A226988372354E.d.9F77D492215F50A4398154372E042D4C.e.4369/click - {}
RESULT: {}
COMMAND: POST /session/4f73fbc7686585ab41e1ef1183ea1846/execute/async - {"script":"<script> [1562 bytes]","args":[{"selector":{"controlType":"sap.m.StandardListItem","viewName":"reusables.view.manageresources.NewResourceUnit","viewId":"application-manageresources-display-component---newResourceUnit","properties":{"title":"Heavy Equi"},"searchOpenDialogs":true,"interaction":{"idSuffix":"content"}},"wdio_ui5_key":"reusablesview.manageresources.NewResourceUnitsap.m.StandardListItem{\"title\":\"Heavy Equi\"}"}]}
COMMAND: GET /session/4f73fbc7686585ab41e1ef1183ea1846/screenshot - {}
RESULT: {"script":"<script> [1562 bytes]","args":[{"selector":{"controlType":"sap.m.StandardListItem","viewName":"reusables.view.manageresources.NewResourceUnit","viewId":"application-manageresources-display-component---newResourceUnit","properties":{"title":"Heavy Equi"},"searchOpenDialogs":true,"interaction":{"idSuffix":"content"}},"wdio_ui5_key":"reusablesview.manageresources.NewResourceUnitsap.m.StandardListItem{\"title\":\"Heavy Equi\"}"}]}
RESULT: undefined
COMMAND: POST /session/4f73fbc7686585ab41e1ef1183ea1846/element - {"using":"xpath","value":"//*[@id=\"__item5863\"]"}
RESULT: {}
RESULT: {"using":"xpath","value":"//*[@id=\"__item5863\"]"}
COMMAND: POST /session/4f73fbc7686585ab41e1ef1183ea1846/element/f.37EC1E53C27724E540A226988372354E.d.9F77D492215F50A4398154372E042D4C.e.4373/click - {}
RESULT: {}
COMMAND: GET /session/4f73fbc7686585ab41e1ef1183ea1846/screenshot - {}
RESULT: {}
COMMAND: POST /session/4f73fbc7686585ab41e1ef1183ea1846/execute/async - {"script":"<script> [1562 bytes]","args":[{"selector":{"id":"application-manageresources-display-component---newResourceUnit--PLANNING_INDICATOR-arrow"},"wdio_ui5_key":"applicationmanageresources-display-component---newResourceUnit--PLANNING_INDICATOR-arrow"}]}
RESULT: {"script":"<script> [1562 bytes]","args":[{"selector":{"id":"application-manageresources-display-component---newResourceUnit--PLANNING_INDICATOR-arrow"},"wdio_ui5_key":"applicationmanageresources-display-component---newResourceUnit--PLANNING_INDICATOR-arrow"}]}
RESULT: undefined
COMMAND: POST /session/4f73fbc7686585ab41e1ef1183ea1846/element - {"using":"xpath","value":"//*[@id=\"application-manageresources-display-component---newResourceUnit--PLANNING_INDICATOR-arrow\"]"}
RESULT: {"using":"xpath","value":"//*[@id=\"application-manageresources-display-component---newResourceUnit--PLANNING_INDICATOR-arrow\"]"}
COMMAND: POST /session/4f73fbc7686585ab41e1ef1183ea1846/element/f.37EC1E53C27724E540A226988372354E.d.9F77D492215F50A4398154372E042D4C.e.4374/click - {}
RESULT: {}
COMMAND: POST /session/4f73fbc7686585ab41e1ef1183ea1846/execute/async - {"script":"<script> [1562 bytes]","args":[{"selector":{"controlType":"sap.m.StandardListItem","viewName":"reusables.view.manageresources.NewResourceUnit","viewId":"application-manageresources-display-component---newResourceUnit","properties":{"title":"10 - infinite"},"searchOpenDialogs":true,"interaction":{"idSuffix":"content"}},"wdio_ui5_key":"reusablesview.manageresources.NewResourceUnitsap.m.StandardListItem{\"title\":\"10 - infinite\"}"}]}
COMMAND: GET /session/4f73fbc7686585ab41e1ef1183ea1846/screenshot - {}
RESULT: {"script":"<script> [1562 bytes]","args":[{"selector":{"controlType":"sap.m.StandardListItem","viewName":"reusables.view.manageresources.NewResourceUnit","viewId":"application-manageresources-display-component---newResourceUnit","properties":{"title":"10 - infinite"},"searchOpenDialogs":true,"interaction":{"idSuffix":"content"}},"wdio_ui5_key":"reusablesview.manageresources.NewResourceUnitsap.m.StandardListItem{\"title\":\"10 - infinite\"}"}]}
RESULT: undefined
COMMAND: POST /session/4f73fbc7686585ab41e1ef1183ea1846/element - {"using":"xpath","value":"//*[@id=\"__item5873\"]"}
RESULT: {}
RESULT: {"using":"xpath","value":"//*[@id=\"__item5873\"]"}
COMMAND: POST /session/4f73fbc7686585ab41e1ef1183ea1846/element/f.37EC1E53C27724E540A226988372354E.d.9F77D492215F50A4398154372E042D4C.e.4376/click - {}
RESULT: {}
COMMAND: GET /session/4f73fbc7686585ab41e1ef1183ea1846/screenshot - {}
RESULT: {}
COMMAND: POST /session/4f73fbc7686585ab41e1ef1183ea1846/element - {"using":"xpath","value":"//bdi[contains(text(), \"Time Segment\")]"}
RESULT: {"using":"xpath","value":"//bdi[contains(text(), \"Time Segment\")]"}
COMMAND: GET /session/4f73fbc7686585ab41e1ef1183ea1846/element/f.37EC1E53C27724E540A226988372354E.d.9F77D492215F50A4398154372E042D4C.e.4377/rect - {}
RESULT: {}
COMMAND: GET /session/4f73fbc7686585ab41e1ef1183ea1846/window/rect - {}
RESULT: {}
COMMAND: POST /session/4f73fbc7686585ab41e1ef1183ea1846/execute/sync - {"script":"<script> [92 bytes]","args":[]}
RESULT: {"script":"<script> [92 bytes]","args":[]}
COMMAND: POST /session/4f73fbc7686585ab41e1ef1183ea1846/actions - {"actions":[{"id":"action34","type":"wheel","parameters":{},"actions":[{"type":"scroll","x":-1820,"y":-21,"deltaX":0,"deltaY":0,"duration":0,"origin":{"element-6066-11e4-a52e-4f735466cecf":"f.37EC1E53C27724E540A226988372354E.d.9F77D492215F50A4398154372E042D4C.e.4377"}}]}]}
COMMAND: GET /session/4f73fbc7686585ab41e1ef1183ea1846/screenshot - {}
RESULT: {}
COMMAND: POST /session/4f73fbc7686585ab41e1ef1183ea1846/execute/sync - {"script":"<script> [79 bytes]","args":[{"element-6066-11e4-a52e-4f735466cecf":"f.37EC1E53C27724E540A226988372354E.d.9F77D492215F50A4398154372E042D4C.e.4377","ELEMENT":"f.37EC1E53C27724E540A226988372354E.d.9F77D492215F50A4398154372E042D4C.e.4377"},{"block":"start","inline":"nearest"}]}
RESULT: {"script":"<script> [79 bytes]","args":[{"element-6066-11e4-a52e-4f735466cecf":"f.37EC1E53C27724E540A226988372354E.d.9F77D492215F50A4398154372E042D4C.e.4377","ELEMENT":"f.37EC1E53C27724E540A226988372354E.d.9F77D492215F50A4398154372E042D4C.e.4377"},{"block":"start","inline":"nearest"}]}
COMMAND: GET /session/4f73fbc7686585ab41e1ef1183ea1846/screenshot - {}
RESULT: {}
COMMAND: POST /session/4f73fbc7686585ab41e1ef1183ea1846/element - {"using":"xpath","value":"//span[@id=\"application-manageresources-display-component---newResourceUnit--btnAddTimeSegment-img\"]"}
RESULT: {"using":"xpath","value":"//span[@id=\"application-manageresources-display-component---newResourceUnit--btnAddTimeSegment-img\"]"}
COMMAND: POST /session/4f73fbc7686585ab41e1ef1183ea1846/execute/sync - {"script":"<script> [8489 bytes]","args":[{"element-6066-11e4-a52e-4f735466cecf":"f.37EC1E53C27724E540A226988372354E.d.9F77D492215F50A4398154372E042D4C.e.4380","ELEMENT":"f.37EC1E53C27724E540A226988372354E.d.9F77D492215F50A4398154372E042D4C.e.4380"}]}
RESULT: {"script":"<script> [8489 bytes]","args":[{"element-6066-11e4-a52e-4f735466cecf":"f.37EC1E53C27724E540A226988372354E.d.9F77D492215F50A4398154372E042D4C.e.4380","ELEMENT":"f.37EC1E53C27724E540A226988372354E.d.9F77D492215F50A4398154372E042D4C.e.4380"}]}
COMMAND: POST /session/4f73fbc7686585ab41e1ef1183ea1846/element/f.37EC1E53C27724E540A226988372354E.d.9F77D492215F50A4398154372E042D4C.e.4380/click - {}
COMMAND: GET /session/4f73fbc7686585ab41e1ef1183ea1846/screenshot - {}
RESULT: {}
COMMAND: GET /session/4f73fbc7686585ab41e1ef1183ea1846/screenshot - {}
COMMAND: POST /session/4f73fbc7686585ab41e1ef1183ea1846/element - {"using":"xpath","value":"//input[@id=\"application-manageresources-display-component---newResourceUnit--idRuTSAdmin-application-manageresources-display-component---newResourceUnit--RUTimeSegment-0-inner\"]"}
RESULT: {}
RESULT: {}
RESULT: {"using":"xpath","value":"//input[@id=\"application-manageresources-display-component---newResourceUnit--idRuTSAdmin-application-manageresources-display-component---newResourceUnit--RUTimeSegment-0-inner\"]"}
COMMAND: POST /session/4f73fbc7686585ab41e1ef1183ea1846/element/f.37EC1E53C27724E540A226988372354E.d.9F77D492215F50A4398154372E042D4C.e.4383/clear - {}
RESULT: {}
COMMAND: POST /session/4f73fbc7686585ab41e1ef1183ea1846/element/f.37EC1E53C27724E540A226988372354E.d.9F77D492215F50A4398154372E042D4C.e.4383/value - {"text":"WebdriverYarddw5pc"}
COMMAND: GET /session/4f73fbc7686585ab41e1ef1183ea1846/screenshot - {}
RESULT: {"text":"WebdriverYarddw5pc"}
COMMAND: GET /session/4f73fbc7686585ab41e1ef1183ea1846/screenshot - {}
RESULT: {}
RESULT: {}
COMMAND: POST /session/4f73fbc7686585ab41e1ef1183ea1846/actions - {"actions":[{"id":"action35","type":"key","parameters":{},"actions":[{"type":"keyDown","value":"î€‡"},{"type":"pause","duration":10},{"type":"keyUp","value":"î€‡"}]}]}
RESULT: {"actions":[{"id":"action35","type":"key","parameters":{},"actions":[{"type":"keyDown","value":"î€‡"},{"type":"pause","duration":10},{"type":"keyUp","value":"î€‡"}]}]}
COMMAND: GET /session/4f73fbc7686585ab41e1ef1183ea1846/screenshot - {}
RESULT: {}
COMMAND: POST /session/4f73fbc7686585ab41e1ef1183ea1846/execute/async - {"script":"<script> [1562 bytes]","args":[{"selector":{"controlType":"sap.m.Button","viewName":"reusables.view.manageresources.NewResourceUnit","viewId":"application-manageresources-display-component---newResourceUnit","i18NText":{"propertyName":"tooltip","key":"save"},"interaction":{"idSuffix":"BDI-content"}},"wdio_ui5_key":"reusablesview.manageresources.NewResourceUnitsap.m.Button{\"propertyName\":\"tooltip\",\"key\":\"save\"}"}]}
RESULT: {"script":"<script> [1562 bytes]","args":[{"selector":{"controlType":"sap.m.Button","viewName":"reusables.view.manageresources.NewResourceUnit","viewId":"application-manageresources-display-component---newResourceUnit","i18NText":{"propertyName":"tooltip","key":"save"},"interaction":{"idSuffix":"BDI-content"}},"wdio_ui5_key":"reusablesview.manageresources.NewResourceUnitsap.m.Button{\"propertyName\":\"tooltip\",\"key\":\"save\"}"}]}
RESULT: undefined
COMMAND: POST /session/4f73fbc7686585ab41e1ef1183ea1846/element - {"using":"xpath","value":"//*[@id=\"application-manageresources-display-component---newResourceUnit--createRuButton\"]"}
RESULT: {"using":"xpath","value":"//*[@id=\"application-manageresources-display-component---newResourceUnit--createRuButton\"]"}
COMMAND: POST /session/4f73fbc7686585ab41e1ef1183ea1846/element/f.37EC1E53C27724E540A226988372354E.d.9F77D492215F50A4398154372E042D4C.e.4308/click - {}
RESULT: {}
COMMAND: GET /session/4f73fbc7686585ab41e1ef1183ea1846/screenshot - {}
RESULT: {}
COMMAND: POST /session/4f73fbc7686585ab41e1ef1183ea1846/execute/async - {"script":"<script> [1562 bytes]","args":[{"selector":{"controlType":"sap.m.Title","properties":{"text":"Success"},"searchOpenDialogs":true},"wdio_ui5_key":"sapm.Title{\"text\":\"Success\"}"}]}
RESULT: {"script":"<script> [1562 bytes]","args":[{"selector":{"controlType":"sap.m.Title","properties":{"text":"Success"},"searchOpenDialogs":true},"wdio_ui5_key":"sapm.Title{\"text\":\"Success\"}"}]}
RESULT: undefined
COMMAND: POST /session/4f73fbc7686585ab41e1ef1183ea1846/execute/async - {"script":"<script> [6424 bytes]","args":[{"element-6066-11e4-a52e-4f735466cecf":"f.37EC1E53C27724E540A226988372354E.d.9F77D492215F50A4398154372E042D4C.e.4397"},"getText",[]]}
RESULT: {"script":"<script> [6424 bytes]","args":[{"element-6066-11e4-a52e-4f735466cecf":"f.37EC1E53C27724E540A226988372354E.d.9F77D492215F50A4398154372E042D4C.e.4397"},"getText",[]]}
COMMAND: POST /session/4f73fbc7686585ab41e1ef1183ea1846/element - {"using":"xpath","value":"//*[contains(@id, '__text') and (contains(text(), 'successfully created') or contains(., 'successfully created'))]"}
RESULT: {"using":"xpath","value":"//*[contains(@id, '__text') and (contains(text(), 'successfully created') or contains(., 'successfully created'))]"}
COMMAND: GET /session/4f73fbc7686585ab41e1ef1183ea1846/element/f.37EC1E53C27724E540A226988372354E.d.9F77D492215F50A4398154372E042D4C.e.4396/text - {}
RESULT: {}
COMMAND: POST /session/4f73fbc7686585ab41e1ef1183ea1846/execute/async - {"script":"<script> [1562 bytes]","args":[{"selector":{"controlType":"sap.m.Button","properties":{"text":"Close"},"searchOpenDialogs":true,"interaction":{"idSuffix":"BDI-content"}},"wdio_ui5_key":"sapm.Button{\"text\":\"Close\"}"}]}
RESULT: {"script":"<script> [1562 bytes]","args":[{"selector":{"controlType":"sap.m.Button","properties":{"text":"Close"},"searchOpenDialogs":true,"interaction":{"idSuffix":"BDI-content"}},"wdio_ui5_key":"sapm.Button{\"text\":\"Close\"}"}]}
RESULT: undefined
COMMAND: POST /session/4f73fbc7686585ab41e1ef1183ea1846/element - {"using":"xpath","value":"//*[@id=\"__mbox-btn-1\"]"}
RESULT: {"using":"xpath","value":"//*[@id=\"__mbox-btn-1\"]"}
COMMAND: POST /session/4f73fbc7686585ab41e1ef1183ea1846/element/f.37EC1E53C27724E540A226988372354E.d.9F77D492215F50A4398154372E042D4C.e.4394/click - {}
RESULT: {}
COMMAND: GET /session/4f73fbc7686585ab41e1ef1183ea1846/screenshot - {}
RESULT: {}
COMMAND: POST /session/4f73fbc7686585ab41e1ef1183ea1846/execute/async - {"script":"<script> [1562 bytes]","args":[{"selector":{"controlType":"sap.ui.core.Icon","viewName":"etm.portal.ui.manageresources.view.Detail","viewId":"application-manageresources-display-component---detailRU","properties":{"src":{"regex":{"source":"overflow"}}}},"wdio_ui5_key":"etmportal.ui.manageresources.view.Detailsap.ui.core.Icon{\"src\":{\"regex\":{\"source\":\"overflow\"}}}"}]}
RESULT: {"script":"<script> [1562 bytes]","args":[{"selector":{"controlType":"sap.ui.core.Icon","viewName":"etm.portal.ui.manageresources.view.Detail","viewId":"application-manageresources-display-component---detailRU","properties":{"src":{"regex":{"source":"overflow"}}}},"wdio_ui5_key":"etmportal.ui.manageresources.view.Detailsap.ui.core.Icon{\"src\":{\"regex\":{\"source\":\"overflow\"}}}"}]}
RESULT: undefined
COMMAND: POST /session/4f73fbc7686585ab41e1ef1183ea1846/element - {"using":"xpath","value":"//*[@id=\"__title82-_actionsToolbar-overflowButton-img\"]"}
RESULT: {"using":"xpath","value":"//*[@id=\"__title82-_actionsToolbar-overflowButton-img\"]"}
COMMAND: POST /session/4f73fbc7686585ab41e1ef1183ea1846/element/f.37EC1E53C27724E540A226988372354E.d.9F77D492215F50A4398154372E042D4C.e.4432/click - {}
RESULT: {}
COMMAND: POST /session/4f73fbc7686585ab41e1ef1183ea1846/execute/async - {"script":"<script> [1562 bytes]","args":[{"selector":{"controlType":"sap.m.Button","viewName":"etm.portal.ui.manageresources.view.Detail","viewId":"application-manageresources-display-component---detailRU","i18NText":{"propertyName":"tooltip","key":"closeColumn"},"searchOpenDialogs":true,"interaction":{"idSuffix":"inner"}},"wdio_ui5_key":"etmportal.ui.manageresources.view.Detailsap.m.Button{\"propertyName\":\"tooltip\",\"key\":\"closeColumn\"}"}]}
COMMAND: GET /session/4f73fbc7686585ab41e1ef1183ea1846/screenshot - {}
RESULT: {"script":"<script> [1562 bytes]","args":[{"selector":{"controlType":"sap.m.Button","viewName":"etm.portal.ui.manageresources.view.Detail","viewId":"application-manageresources-display-component---detailRU","i18NText":{"propertyName":"tooltip","key":"closeColumn"},"searchOpenDialogs":true,"interaction":{"idSuffix":"inner"}},"wdio_ui5_key":"etmportal.ui.manageresources.view.Detailsap.m.Button{\"propertyName\":\"tooltip\",\"key\":\"closeColumn\"}"}]}
RESULT: undefined
COMMAND: POST /session/4f73fbc7686585ab41e1ef1183ea1846/element - {"using":"xpath","value":"//*[@id=\"__button251\"]"}
RESULT: {}
RESULT: {"using":"xpath","value":"//*[@id=\"__button251\"]"}
COMMAND: POST /session/4f73fbc7686585ab41e1ef1183ea1846/element/f.37EC1E53C27724E540A226988372354E.d.9F77D492215F50A4398154372E042D4C.e.4434/click - {}
RESULT: {}
COMMAND: GET /session/4f73fbc7686585ab41e1ef1183ea1846/screenshot - {}
RESULT: {}
COMMAND: POST /session/4f73fbc7686585ab41e1ef1183ea1846/refresh - {}
RESULT: {}
COMMAND: GET /session/4f73fbc7686585ab41e1ef1183ea1846/screenshot - {}
RESULT: {}
COMMAND: POST /session/4f73fbc7686585ab41e1ef1183ea1846/execute/async - {"script":"<script> [189 bytes]","args":[]}
RESULT: {"script":"<script> [189 bytes]","args":[]}
COMMAND: POST /session/4f73fbc7686585ab41e1ef1183ea1846/execute/async - {"script":"<script> [123 bytes]","args":[]}
RESULT: {"script":"<script> [123 bytes]","args":[]}
COMMAND: POST /session/4f73fbc7686585ab41e1ef1183ea1846/timeouts - {"script":"<number>"}
RESULT: {"script":"<number>"}
COMMAND: GET /session/4f73fbc7686585ab41e1ef1183ea1846/timeouts - {}
RESULT: {}
RESULT: undefined
COMMAND: POST /session/4f73fbc7686585ab41e1ef1183ea1846/execute/async - {"script":"<script> [2676 bytes]","args":[]}
RESULT: {"script":"<script> [2676 bytes]","args":[]}
COMMAND: POST /session/4f73fbc7686585ab41e1ef1183ea1846/execute/async - {"script":"<script> [2342 bytes]","args":[{"protocol":"http","hostname":"0.0.0.0","path":"/","capabilities":{"browserName":"chrome","goog:chromeOptions":{"binary":"C:\\Program Files\\Google\\Chrome\\Application\\chrome.exe","args":["--start-maximized"]}},"logLevel":"warn","connectionRetryTimeout":120000,"connectionRetryCount":3,"logLevels":{},"enableDirectConnect":true,"strictSSL":true,"_":"65 more keys: [\"cacheDir\",\"port\",\"requestedCapabilities\",\"automationProtocol\",\"baseUrl\",\"waitforInterval\",\"waitforTimeout\",\"onReload\",\"beforeCommand\",\"afterCommand\",\"rootDir\",\"specs\",\"suites\",\"exclude\",\"groupLogsByTestSpec\",\"excludeDriverLogs\",\"bail\",\"framework\",\"reporters\",\"services\",\"maxInstances\",\"maxInstancesPerCapability\",\"injectGlobals\",\"filesToWatch\",\"execArgv\",\"runnerEnv\",\"runner\",\"shard\",\"specFileRetries\",\"specFileRetriesDelay\",\"specFileRetriesDeferred\",\"reporterSyncInterval\",\"reporterSyncTimeout\",\"cucumberFeaturesWithLineNumbers\",\"autoCompileOpts\",\"mochaOpts\",\"jasmineOpts\",\"cucumberOpts\",\"onPrepare\",\"onWorkerStart\",\"onWorkerEnd\",\"before\",\"beforeSession\",\"beforeSuite\",\"beforeHook\",\"beforeTest\",\"afterTest\",\"afterHook\",\"afterSuite\",\"afterSession\",\"after\",\"onComplete\",\"beforeAssertion\",\"afterAssertion\",\"beforeFeature\",\"beforeScenario\",\"beforeStep\",\"afterStep\",\"afterScenario\",\"afterFeature\",\"_\",\"suite\",\"$0\",\"ignoredWorkerServices\",\"wdi5\"]"}]}
RESULT: {"script":"<script> [2342 bytes]","args":[{"protocol":"http","hostname":"0.0.0.0","path":"/","capabilities":{"browserName":"chrome","goog:chromeOptions":{"binary":"C:\\Program Files\\Google\\Chrome\\Application\\chrome.exe","args":["--start-maximized"]}},"logLevel":"warn","connectionRetryTimeout":120000,"connectionRetryCount":3,"logLevels":{},"enableDirectConnect":true,"strictSSL":true,"_":"65 more keys: [\"cacheDir\",\"port\",\"requestedCapabilities\",\"automationProtocol\",\"baseUrl\",\"waitforInterval\",\"waitforTimeout\",\"onReload\",\"beforeCommand\",\"afterCommand\",\"rootDir\",\"specs\",\"suites\",\"exclude\",\"groupLogsByTestSpec\",\"excludeDriverLogs\",\"bail\",\"framework\",\"reporters\",\"services\",\"maxInstances\",\"maxInstancesPerCapability\",\"injectGlobals\",\"filesToWatch\",\"execArgv\",\"runnerEnv\",\"runner\",\"shard\",\"specFileRetries\",\"specFileRetriesDelay\",\"specFileRetriesDeferred\",\"reporterSyncInterval\",\"reporterSyncTimeout\",\"cucumberFeaturesWithLineNumbers\",\"autoCompileOpts\",\"mochaOpts\",\"jasmineOpts\",\"cucumberOpts\",\"onPrepare\",\"onWorkerStart\",\"onWorkerEnd\",\"before\",\"beforeSession\",\"beforeSuite\",\"beforeHook\",\"beforeTest\",\"afterTest\",\"afterHook\",\"afterSuite\",\"afterSession\",\"after\",\"onComplete\",\"beforeAssertion\",\"afterAssertion\",\"beforeFeature\",\"beforeScenario\",\"beforeStep\",\"afterStep\",\"afterScenario\",\"afterFeature\",\"_\",\"suite\",\"$0\",\"ignoredWorkerServices\",\"wdi5\"]"}]}
COMMAND: POST /session/4f73fbc7686585ab41e1ef1183ea1846/execute/async - {"script":"<script> [21126 bytes]","args":[35000]}
RESULT: {"script":"<script> [21126 bytes]","args":[35000]}
COMMAND: POST /session/4f73fbc7686585ab41e1ef1183ea1846/element - {"using":"css selector","value":"#shell-header-logo"}
RESULT: {"using":"css selector","value":"#shell-header-logo"}
COMMAND: POST /session/4f73fbc7686585ab41e1ef1183ea1846/element/f.37EC1E53C27724E540A226988372354E.d.EF580DB40855264F0EC04A6E0EAD6380.e.4541/click - {}
RESULT: {}
COMMAND: GET /session/4f73fbc7686585ab41e1ef1183ea1846/screenshot - {}
RESULT: {}
COMMAND: POST /session/4f73fbc7686585ab41e1ef1183ea1846/element - {"using":"css selector","value":"#shell-header-logo"}
RESULT: {"using":"css selector","value":"#shell-header-logo"}
COMMAND: POST /session/4f73fbc7686585ab41e1ef1183ea1846/element/f.37EC1E53C27724E540A226988372354E.d.EF580DB40855264F0EC04A6E0EAD6380.e.4719/click - {}
RESULT: {}
COMMAND: GET /session/4f73fbc7686585ab41e1ef1183ea1846/screenshot - {}
RESULT: {}
]]></system-out>
    </testcase>
    <testcase classname="chrome.135_0_7049_115.windows.Manage_request_+_Contract_processing_pick_up_option_US120163_" name="Should Create New Request pick up option" time="200.705">
      <system-out><![CDATA[
COMMAND: POST /session/4f73fbc7686585ab41e1ef1183ea1846/element - {"using":"css selector","value":"#shell-header-logo"}
RESULT: {"using":"css selector","value":"#shell-header-logo"}
COMMAND: POST /session/4f73fbc7686585ab41e1ef1183ea1846/element/f.37EC1E53C27724E540A226988372354E.d.EF580DB40855264F0EC04A6E0EAD6380.e.4719/click - {}
RESULT: {}
COMMAND: GET /session/4f73fbc7686585ab41e1ef1183ea1846/screenshot - {}
RESULT: {}
COMMAND: POST /session/4f73fbc7686585ab41e1ef1183ea1846/execute/async - {"script":"<script> [1562 bytes]","args":[{"selector":{"controlType":"sap.m.GenericTile","properties":{"header":"Manage Requests"}},"wdio_ui5_key":"sapm.GenericTile{\"header\":\"Manage Requests\"}"}]}
RESULT: {"script":"<script> [1562 bytes]","args":[{"selector":{"controlType":"sap.m.GenericTile","properties":{"header":"Manage Requests"}},"wdio_ui5_key":"sapm.GenericTile{\"header\":\"Manage Requests\"}"}]}
RESULT: undefined
COMMAND: POST /session/4f73fbc7686585ab41e1ef1183ea1846/element - {"using":"xpath","value":"//*[@id=\"__tile47\"]"}
RESULT: {"using":"xpath","value":"//*[@id=\"__tile47\"]"}
COMMAND: POST /session/4f73fbc7686585ab41e1ef1183ea1846/element/f.37EC1E53C27724E540A226988372354E.d.EF580DB40855264F0EC04A6E0EAD6380.e.4728/click - {}
RESULT: {}
COMMAND: GET /session/4f73fbc7686585ab41e1ef1183ea1846/screenshot - {}
RESULT: {}
COMMAND: POST /session/4f73fbc7686585ab41e1ef1183ea1846/refresh - {}
RESULT: {}
COMMAND: GET /session/4f73fbc7686585ab41e1ef1183ea1846/screenshot - {}
RESULT: {}
COMMAND: POST /session/4f73fbc7686585ab41e1ef1183ea1846/execute/async - {"script":"<script> [189 bytes]","args":[]}
RESULT: {"script":"<script> [189 bytes]","args":[]}
COMMAND: POST /session/4f73fbc7686585ab41e1ef1183ea1846/execute/async - {"script":"<script> [123 bytes]","args":[]}
RESULT: {"script":"<script> [123 bytes]","args":[]}
COMMAND: POST /session/4f73fbc7686585ab41e1ef1183ea1846/timeouts - {"script":"<number>"}
RESULT: {"script":"<number>"}
COMMAND: GET /session/4f73fbc7686585ab41e1ef1183ea1846/timeouts - {}
RESULT: {}
RESULT: undefined
COMMAND: POST /session/4f73fbc7686585ab41e1ef1183ea1846/execute/async - {"script":"<script> [2676 bytes]","args":[]}
RESULT: {"script":"<script> [2676 bytes]","args":[]}
COMMAND: POST /session/4f73fbc7686585ab41e1ef1183ea1846/execute/async - {"script":"<script> [2342 bytes]","args":[{"protocol":"http","hostname":"0.0.0.0","path":"/","capabilities":{"browserName":"chrome","goog:chromeOptions":{"binary":"C:\\Program Files\\Google\\Chrome\\Application\\chrome.exe","args":["--start-maximized"]}},"logLevel":"warn","connectionRetryTimeout":120000,"connectionRetryCount":3,"logLevels":{},"enableDirectConnect":true,"strictSSL":true,"_":"65 more keys: [\"cacheDir\",\"port\",\"requestedCapabilities\",\"automationProtocol\",\"baseUrl\",\"waitforInterval\",\"waitforTimeout\",\"onReload\",\"beforeCommand\",\"afterCommand\",\"rootDir\",\"specs\",\"suites\",\"exclude\",\"groupLogsByTestSpec\",\"excludeDriverLogs\",\"bail\",\"framework\",\"reporters\",\"services\",\"maxInstances\",\"maxInstancesPerCapability\",\"injectGlobals\",\"filesToWatch\",\"execArgv\",\"runnerEnv\",\"runner\",\"shard\",\"specFileRetries\",\"specFileRetriesDelay\",\"specFileRetriesDeferred\",\"reporterSyncInterval\",\"reporterSyncTimeout\",\"cucumberFeaturesWithLineNumbers\",\"autoCompileOpts\",\"mochaOpts\",\"jasmineOpts\",\"cucumberOpts\",\"onPrepare\",\"onWorkerStart\",\"onWorkerEnd\",\"before\",\"beforeSession\",\"beforeSuite\",\"beforeHook\",\"beforeTest\",\"afterTest\",\"afterHook\",\"afterSuite\",\"afterSession\",\"after\",\"onComplete\",\"beforeAssertion\",\"afterAssertion\",\"beforeFeature\",\"beforeScenario\",\"beforeStep\",\"afterStep\",\"afterScenario\",\"afterFeature\",\"_\",\"suite\",\"$0\",\"ignoredWorkerServices\",\"wdi5\"]"}]}
RESULT: {"script":"<script> [2342 bytes]","args":[{"protocol":"http","hostname":"0.0.0.0","path":"/","capabilities":{"browserName":"chrome","goog:chromeOptions":{"binary":"C:\\Program Files\\Google\\Chrome\\Application\\chrome.exe","args":["--start-maximized"]}},"logLevel":"warn","connectionRetryTimeout":120000,"connectionRetryCount":3,"logLevels":{},"enableDirectConnect":true,"strictSSL":true,"_":"65 more keys: [\"cacheDir\",\"port\",\"requestedCapabilities\",\"automationProtocol\",\"baseUrl\",\"waitforInterval\",\"waitforTimeout\",\"onReload\",\"beforeCommand\",\"afterCommand\",\"rootDir\",\"specs\",\"suites\",\"exclude\",\"groupLogsByTestSpec\",\"excludeDriverLogs\",\"bail\",\"framework\",\"reporters\",\"services\",\"maxInstances\",\"maxInstancesPerCapability\",\"injectGlobals\",\"filesToWatch\",\"execArgv\",\"runnerEnv\",\"runner\",\"shard\",\"specFileRetries\",\"specFileRetriesDelay\",\"specFileRetriesDeferred\",\"reporterSyncInterval\",\"reporterSyncTimeout\",\"cucumberFeaturesWithLineNumbers\",\"autoCompileOpts\",\"mochaOpts\",\"jasmineOpts\",\"cucumberOpts\",\"onPrepare\",\"onWorkerStart\",\"onWorkerEnd\",\"before\",\"beforeSession\",\"beforeSuite\",\"beforeHook\",\"beforeTest\",\"afterTest\",\"afterHook\",\"afterSuite\",\"afterSession\",\"after\",\"onComplete\",\"beforeAssertion\",\"afterAssertion\",\"beforeFeature\",\"beforeScenario\",\"beforeStep\",\"afterStep\",\"afterScenario\",\"afterFeature\",\"_\",\"suite\",\"$0\",\"ignoredWorkerServices\",\"wdi5\"]"}]}
COMMAND: POST /session/4f73fbc7686585ab41e1ef1183ea1846/execute/async - {"script":"<script> [21126 bytes]","args":[35000]}
RESULT: {"script":"<script> [21126 bytes]","args":[35000]}
COMMAND: POST /session/4f73fbc7686585ab41e1ef1183ea1846/element - {"using":"xpath","value":"//button[contains(@data-kt ,\"btnCreateNewOverflowToolbarButton\")]"}
COMMAND: POST /session/4f73fbc7686585ab41e1ef1183ea1846/element - {"using":"xpath","value":"(//span[contains(@class ,\"sapMObjStatusText\")])[1]"}
RESULT: {"using":"xpath","value":"//button[contains(@data-kt ,\"btnCreateNewOverflowToolbarButton\")]"}
COMMAND: POST /session/4f73fbc7686585ab41e1ef1183ea1846/element/f.37EC1E53C27724E540A226988372354E.d.4BF90AF29940130D764848A1B0027D8E.e.4827/click - {}
RESULT: {"using":"xpath","value":"(//span[contains(@class ,\"sapMObjStatusText\")])[1]"}
COMMAND: POST /session/4f73fbc7686585ab41e1ef1183ea1846/execute/sync - {"script":"<script> [8489 bytes]","args":[{"element-6066-11e4-a52e-4f735466cecf":"f.37EC1E53C27724E540A226988372354E.d.4BF90AF29940130D764848A1B0027D8E.e.4870","ELEMENT":"f.37EC1E53C27724E540A226988372354E.d.4BF90AF29940130D764848A1B0027D8E.e.4870"}]}
RESULT: {}
COMMAND: GET /session/4f73fbc7686585ab41e1ef1183ea1846/screenshot - {}
RESULT: {"script":"<script> [8489 bytes]","args":[{"element-6066-11e4-a52e-4f735466cecf":"f.37EC1E53C27724E540A226988372354E.d.4BF90AF29940130D764848A1B0027D8E.e.4870","ELEMENT":"f.37EC1E53C27724E540A226988372354E.d.4BF90AF29940130D764848A1B0027D8E.e.4870"}]}
COMMAND: GET /session/4f73fbc7686585ab41e1ef1183ea1846/screenshot - {}
RESULT: {}
RESULT: {}
COMMAND: POST /session/4f73fbc7686585ab41e1ef1183ea1846/element - {"using":"xpath","value":"//input[contains(@id ,\"yardId-inner\")]"}
RESULT: {"using":"xpath","value":"//input[contains(@id ,\"yardId-inner\")]"}
COMMAND: POST /session/4f73fbc7686585ab41e1ef1183ea1846/execute/sync - {"script":"<script> [8489 bytes]","args":[{"element-6066-11e4-a52e-4f735466cecf":"f.37EC1E53C27724E540A226988372354E.d.4BF90AF29940130D764848A1B0027D8E.e.5076","ELEMENT":"f.37EC1E53C27724E540A226988372354E.d.4BF90AF29940130D764848A1B0027D8E.e.5076"}]}
RESULT: {"script":"<script> [8489 bytes]","args":[{"element-6066-11e4-a52e-4f735466cecf":"f.37EC1E53C27724E540A226988372354E.d.4BF90AF29940130D764848A1B0027D8E.e.5076","ELEMENT":"f.37EC1E53C27724E540A226988372354E.d.4BF90AF29940130D764848A1B0027D8E.e.5076"}]}
COMMAND: POST /session/4f73fbc7686585ab41e1ef1183ea1846/element - {"using":"xpath","value":"//input[contains(@id ,\"requestContractNo-inner\")]"}
COMMAND: POST /session/4f73fbc7686585ab41e1ef1183ea1846/element - {"using":"xpath","value":"//input[contains(@id ,\"yardId-inner\")]"}
COMMAND: GET /session/4f73fbc7686585ab41e1ef1183ea1846/screenshot - {}
RESULT: {"using":"xpath","value":"//input[contains(@id ,\"requestContractNo-inner\")]"}
COMMAND: POST /session/4f73fbc7686585ab41e1ef1183ea1846/element/f.37EC1E53C27724E540A226988372354E.d.4BF90AF29940130D764848A1B0027D8E.e.5071/value - {"text":"10584"}
RESULT: {"using":"xpath","value":"//input[contains(@id ,\"yardId-inner\")]"}
COMMAND: GET /session/4f73fbc7686585ab41e1ef1183ea1846/element/f.37EC1E53C27724E540A226988372354E.d.4BF90AF29940130D764848A1B0027D8E.e.5076/enabled - {}
RESULT: {}
RESULT: {"text":"10584"}
COMMAND: GET /session/4f73fbc7686585ab41e1ef1183ea1846/screenshot - {}
RESULT: {}
COMMAND: GET /session/4f73fbc7686585ab41e1ef1183ea1846/screenshot - {}
RESULT: {}
RESULT: {}
COMMAND: POST /session/4f73fbc7686585ab41e1ef1183ea1846/actions - {"actions":[{"id":"action36","type":"key","parameters":{},"actions":[{"type":"keyDown","value":"î€‡"},{"type":"pause","duration":10},{"type":"keyUp","value":"î€‡"}]}]}
RESULT: {"actions":[{"id":"action36","type":"key","parameters":{},"actions":[{"type":"keyDown","value":"î€‡"},{"type":"pause","duration":10},{"type":"keyUp","value":"î€‡"}]}]}
COMMAND: GET /session/4f73fbc7686585ab41e1ef1183ea1846/screenshot - {}
RESULT: {}
COMMAND: POST /session/4f73fbc7686585ab41e1ef1183ea1846/execute/async - {"script":"<script> [1562 bytes]","args":[{"selector":{"controlType":"sap.m.Button","viewName":"etm.portal.ui.managerequests.view.NewRequest","properties":{"text":"Items"},"interaction":{"idSuffix":"BDI-content"}},"wdio_ui5_key":"etmportal.ui.managerequests.view.NewRequestsap.m.Button{\"text\":\"Items\"}"}]}
RESULT: {"script":"<script> [1562 bytes]","args":[{"selector":{"controlType":"sap.m.Button","viewName":"etm.portal.ui.managerequests.view.NewRequest","properties":{"text":"Items"},"interaction":{"idSuffix":"BDI-content"}},"wdio_ui5_key":"etmportal.ui.managerequests.view.NewRequestsap.m.Button{\"text\":\"Items\"}"}]}
RESULT: undefined
COMMAND: POST /session/4f73fbc7686585ab41e1ef1183ea1846/element - {"using":"xpath","value":"//*[@id=\"__xmlview1--newRequestPage-anchBar-__xmlview1--requestItemsSection-anchor\"]"}
RESULT: {"using":"xpath","value":"//*[@id=\"__xmlview1--newRequestPage-anchBar-__xmlview1--requestItemsSection-anchor\"]"}
COMMAND: POST /session/4f73fbc7686585ab41e1ef1183ea1846/element/f.37EC1E53C27724E540A226988372354E.d.4BF90AF29940130D764848A1B0027D8E.e.5224/click - {}
RESULT: {}
COMMAND: GET /session/4f73fbc7686585ab41e1ef1183ea1846/screenshot - {}
RESULT: {}
COMMAND: POST /session/4f73fbc7686585ab41e1ef1183ea1846/execute/async - {"script":"<script> [1562 bytes]","args":[{"selector":{"controlType":"sap.ui.core.Icon","viewName":"etm.portal.ui.managerequests.view.NewRequest","properties":{"src":{"regex":{"source":"inspect"}}}},"wdio_ui5_key":"etmportal.ui.managerequests.view.NewRequestsap.ui.core.Icon{\"src\":{\"regex\":{\"source\":\"inspect\"}}}"}]}
RESULT: {"script":"<script> [1562 bytes]","args":[{"selector":{"controlType":"sap.ui.core.Icon","viewName":"etm.portal.ui.managerequests.view.NewRequest","properties":{"src":{"regex":{"source":"inspect"}}}},"wdio_ui5_key":"etmportal.ui.managerequests.view.NewRequestsap.ui.core.Icon{\"src\":{\"regex\":{\"source\":\"inspect\"}}}"}]}
RESULT: undefined
COMMAND: POST /session/4f73fbc7686585ab41e1ef1183ea1846/element - {"using":"xpath","value":"//*[@id=\"__button8-img\"]"}
RESULT: {"using":"xpath","value":"//*[@id=\"__button8-img\"]"}
COMMAND: POST /session/4f73fbc7686585ab41e1ef1183ea1846/element/f.37EC1E53C27724E540A226988372354E.d.4BF90AF29940130D764848A1B0027D8E.e.5229/click - {}
RESULT: {}
COMMAND: GET /session/4f73fbc7686585ab41e1ef1183ea1846/screenshot - {}
RESULT: {}
COMMAND: POST /session/4f73fbc7686585ab41e1ef1183ea1846/execute/async - {"script":"<script> [1562 bytes]","args":[{"selector":{"controlType":"sap.ui.core.Icon","viewName":"etm.portal.ui.managerequests.view.NewRequest","properties":{"src":{"regex":{"source":"add"}}}},"wdio_ui5_key":"etmportal.ui.managerequests.view.NewRequestsap.ui.core.Icon{\"src\":{\"regex\":{\"source\":\"add\"}}}"}]}
RESULT: {"script":"<script> [1562 bytes]","args":[{"selector":{"controlType":"sap.ui.core.Icon","viewName":"etm.portal.ui.managerequests.view.NewRequest","properties":{"src":{"regex":{"source":"add"}}}},"wdio_ui5_key":"etmportal.ui.managerequests.view.NewRequestsap.ui.core.Icon{\"src\":{\"regex\":{\"source\":\"add\"}}}"}]}
RESULT: undefined
COMMAND: POST /session/4f73fbc7686585ab41e1ef1183ea1846/element - {"using":"xpath","value":"//*[@id=\"__xmlview1--btnAddTableRow-img\"]"}
RESULT: {"using":"xpath","value":"//*[@id=\"__xmlview1--btnAddTableRow-img\"]"}
COMMAND: POST /session/4f73fbc7686585ab41e1ef1183ea1846/element/f.37EC1E53C27724E540A226988372354E.d.4BF90AF29940130D764848A1B0027D8E.e.5050/click - {}
RESULT: {}
COMMAND: GET /session/4f73fbc7686585ab41e1ef1183ea1846/screenshot - {}
RESULT: {}
COMMAND: POST /session/4f73fbc7686585ab41e1ef1183ea1846/execute/async - {"script":"<script> [1562 bytes]","args":[{"selector":{"controlType":"sap.ui.unified.MenuItem","viewName":"etm.portal.ui.managerequests.view.NewRequest","i18NText":{"propertyName":"text","key":"standardEntry"},"searchOpenDialogs":true,"interaction":{"idSuffix":"txt"}},"wdio_ui5_key":"etmportal.ui.managerequests.view.NewRequestsap.ui.unified.MenuItem{\"propertyName\":\"text\",\"key\":\"standardEntry\"}"}]}
RESULT: {"script":"<script> [1562 bytes]","args":[{"selector":{"controlType":"sap.ui.unified.MenuItem","viewName":"etm.portal.ui.managerequests.view.NewRequest","i18NText":{"propertyName":"text","key":"standardEntry"},"searchOpenDialogs":true,"interaction":{"idSuffix":"txt"}},"wdio_ui5_key":"etmportal.ui.managerequests.view.NewRequestsap.ui.unified.MenuItem{\"propertyName\":\"text\",\"key\":\"standardEntry\"}"}]}
RESULT: undefined
COMMAND: POST /session/4f73fbc7686585ab41e1ef1183ea1846/element - {"using":"xpath","value":"//*[@id=\"__item178\"]"}
RESULT: {"using":"xpath","value":"//*[@id=\"__item178\"]"}
COMMAND: POST /session/4f73fbc7686585ab41e1ef1183ea1846/element/f.37EC1E53C27724E540A226988372354E.d.4BF90AF29940130D764848A1B0027D8E.e.5238/click - {}
RESULT: {}
COMMAND: GET /session/4f73fbc7686585ab41e1ef1183ea1846/screenshot - {}
RESULT: undefined
COMMAND: POST /session/4f73fbc7686585ab41e1ef1183ea1846/element - {"using":"xpath","value":"//*[@id=\"__xmlview1--btnAddTableRow-img\"]"}
RESULT: {}
RESULT: {"using":"xpath","value":"//*[@id=\"__xmlview1--btnAddTableRow-img\"]"}
COMMAND: POST /session/4f73fbc7686585ab41e1ef1183ea1846/element/f.37EC1E53C27724E540A226988372354E.d.4BF90AF29940130D764848A1B0027D8E.e.5050/click - {}
RESULT: {}
COMMAND: GET /session/4f73fbc7686585ab41e1ef1183ea1846/screenshot - {}
RESULT: {}
RESULT: undefined
COMMAND: POST /session/4f73fbc7686585ab41e1ef1183ea1846/element - {"using":"xpath","value":"//*[@id=\"__item178\"]"}
RESULT: {"using":"xpath","value":"//*[@id=\"__item178\"]"}
COMMAND: POST /session/4f73fbc7686585ab41e1ef1183ea1846/element/f.37EC1E53C27724E540A226988372354E.d.4BF90AF29940130D764848A1B0027D8E.e.5259/click - {}
RESULT: {}
COMMAND: GET /session/4f73fbc7686585ab41e1ef1183ea1846/screenshot - {}
RESULT: {}
COMMAND: POST /session/4f73fbc7686585ab41e1ef1183ea1846/element - {"using":"xpath","value":"(//input[contains(@id ,\"requestItemsTable-0-inner\")])[5]"}
RESULT: {"using":"xpath","value":"(//input[contains(@id ,\"requestItemsTable-0-inner\")])[5]"}
COMMAND: POST /session/4f73fbc7686585ab41e1ef1183ea1846/element/f.37EC1E53C27724E540A226988372354E.d.4BF90AF29940130D764848A1B0027D8E.e.5250/clear - {}
RESULT: {}
COMMAND: POST /session/4f73fbc7686585ab41e1ef1183ea1846/element/f.37EC1E53C27724E540A226988372354E.d.4BF90AF29940130D764848A1B0027D8E.e.5250/value - {"text":"1000001"}
COMMAND: GET /session/4f73fbc7686585ab41e1ef1183ea1846/screenshot - {}
RESULT: {"text":"1000001"}
COMMAND: GET /session/4f73fbc7686585ab41e1ef1183ea1846/screenshot - {}
RESULT: {}
RESULT: {}
COMMAND: POST /session/4f73fbc7686585ab41e1ef1183ea1846/actions - {"actions":[{"id":"action37","type":"key","parameters":{},"actions":[{"type":"keyDown","value":"î€‡"},{"type":"pause","duration":10},{"type":"keyUp","value":"î€‡"}]}]}
RESULT: {"actions":[{"id":"action37","type":"key","parameters":{},"actions":[{"type":"keyDown","value":"î€‡"},{"type":"pause","duration":10},{"type":"keyUp","value":"î€‡"}]}]}
COMMAND: POST /session/4f73fbc7686585ab41e1ef1183ea1846/element - {"using":"xpath","value":"(//input[contains(@id ,\"requestItemsTable-1-inner\")])[5]"}
COMMAND: GET /session/4f73fbc7686585ab41e1ef1183ea1846/screenshot - {}
RESULT: {"using":"xpath","value":"(//input[contains(@id ,\"requestItemsTable-1-inner\")])[5]"}
COMMAND: POST /session/4f73fbc7686585ab41e1ef1183ea1846/element/f.37EC1E53C27724E540A226988372354E.d.4BF90AF29940130D764848A1B0027D8E.e.5265/clear - {}
RESULT: {}
RESULT: {}
COMMAND: POST /session/4f73fbc7686585ab41e1ef1183ea1846/element/f.37EC1E53C27724E540A226988372354E.d.4BF90AF29940130D764848A1B0027D8E.e.5265/value - {"text":"200351"}
COMMAND: GET /session/4f73fbc7686585ab41e1ef1183ea1846/screenshot - {}
RESULT: {"text":"200351"}
COMMAND: GET /session/4f73fbc7686585ab41e1ef1183ea1846/screenshot - {}
RESULT: {}
RESULT: {}
COMMAND: POST /session/4f73fbc7686585ab41e1ef1183ea1846/actions - {"actions":[{"id":"action38","type":"key","parameters":{},"actions":[{"type":"keyDown","value":"î€‡"},{"type":"pause","duration":10},{"type":"keyUp","value":"î€‡"}]}]}
RESULT: {"actions":[{"id":"action38","type":"key","parameters":{},"actions":[{"type":"keyDown","value":"î€‡"},{"type":"pause","duration":10},{"type":"keyUp","value":"î€‡"}]}]}
COMMAND: POST /session/4f73fbc7686585ab41e1ef1183ea1846/element - {"using":"xpath","value":"//div[contains(@data-kt ,\"splitAllocationObjectStatus\")]"}
COMMAND: GET /session/4f73fbc7686585ab41e1ef1183ea1846/screenshot - {}
RESULT: {"using":"xpath","value":"//div[contains(@data-kt ,\"splitAllocationObjectStatus\")]"}
COMMAND: POST /session/4f73fbc7686585ab41e1ef1183ea1846/elements - {"using":"xpath","value":"//div[contains(@data-kt ,\"splitAllocationObjectStatus\")]"}
RESULT: {}
RESULT: {"using":"xpath","value":"//div[contains(@data-kt ,\"splitAllocationObjectStatus\")]"}
COMMAND: POST /session/4f73fbc7686585ab41e1ef1183ea1846/execute/async - {"script":"<script> [1562 bytes]","args":[{"selector":{"controlType":"sap.ui.core.Icon","viewName":"etm.portal.ui.managerequests.view.NewRequest","properties":{"src":{"regex":{"source":"message\\-error"}}},"ancestor":{"controlType":"sap.m.ColumnListItem","viewName":"etm.portal.ui.managerequests.view.NewRequest","bindingPath":{"modelName":"newRequestItems","path":"/RequestItems/0"},"ancestor":{"id":"requestItemsTable","viewName":"etm.portal.ui.managerequests.view.NewRequest"}}},"wdio_ui5_key":"etmportal.ui.managerequests.view.NewRequestsap.ui.core.Icon{\"src\":{\"regex\":{\"source\":\"message\\\\-error\"}}}{\"controlType\":\"sap.m.ColumnListItem\",\"viewName\":\"etm.portal.ui.managerequests.view.NewRequest\",\"bindingPath\":{\"modelName\":\"newRequestItems\",\"path\":\"/RequestItems/0\"},\"ancestor\":{\"id\":\"requestItemsTable\",\"viewName\":\"etm.portal.ui.managerequests.view.NewRequest\"}}"}]}
RESULT: {"script":"<script> [1562 bytes]","args":[{"selector":{"controlType":"sap.ui.core.Icon","viewName":"etm.portal.ui.managerequests.view.NewRequest","properties":{"src":{"regex":{"source":"message\\-error"}}},"ancestor":{"controlType":"sap.m.ColumnListItem","viewName":"etm.portal.ui.managerequests.view.NewRequest","bindingPath":{"modelName":"newRequestItems","path":"/RequestItems/0"},"ancestor":{"id":"requestItemsTable","viewName":"etm.portal.ui.managerequests.view.NewRequest"}}},"wdio_ui5_key":"etmportal.ui.managerequests.view.NewRequestsap.ui.core.Icon{\"src\":{\"regex\":{\"source\":\"message\\\\-error\"}}}{\"controlType\":\"sap.m.ColumnListItem\",\"viewName\":\"etm.portal.ui.managerequests.view.NewRequest\",\"bindingPath\":{\"modelName\":\"newRequestItems\",\"path\":\"/RequestItems/0\"},\"ancestor\":{\"id\":\"requestItemsTable\",\"viewName\":\"etm.portal.ui.managerequests.view.NewRequest\"}}"}]}
RESULT: undefined
COMMAND: POST /session/4f73fbc7686585ab41e1ef1183ea1846/element - {"using":"xpath","value":"//*[@id=\"__status4-__xmlview1--requestItemsTable-0-icon\"]"}
RESULT: {"using":"xpath","value":"//*[@id=\"__status4-__xmlview1--requestItemsTable-0-icon\"]"}
COMMAND: POST /session/4f73fbc7686585ab41e1ef1183ea1846/element/f.37EC1E53C27724E540A226988372354E.d.4BF90AF29940130D764848A1B0027D8E.e.5276/click - {}
RESULT: {}
COMMAND: GET /session/4f73fbc7686585ab41e1ef1183ea1846/screenshot - {}
RESULT: {}
COMMAND: POST /session/4f73fbc7686585ab41e1ef1183ea1846/execute/async - {"script":"<script> [1562 bytes]","args":[{"selector":{"id":"costObjectAdminTypeComboBox","viewName":"etm.portal.ui.managerequests.view.NewRequest","searchOpenDialogs":true,"interaction":{"idSuffix":"inner"}},"wdio_ui5_key":"costObjectAdminTypeComboBoxetmportal.ui.managerequests.view.NewRequest"}]}
RESULT: {"script":"<script> [1562 bytes]","args":[{"selector":{"id":"costObjectAdminTypeComboBox","viewName":"etm.portal.ui.managerequests.view.NewRequest","searchOpenDialogs":true,"interaction":{"idSuffix":"inner"}},"wdio_ui5_key":"costObjectAdminTypeComboBoxetmportal.ui.managerequests.view.NewRequest"}]}
RESULT: undefined
COMMAND: POST /session/4f73fbc7686585ab41e1ef1183ea1846/execute/async - {"script":"<script> [776 bytes]","args":[{"enterText":"Cost Center","selector":{"id":"costObjectAdminTypeComboBox","viewName":"etm.portal.ui.managerequests.view.NewRequest","searchOpenDialogs":true,"interaction":{"idSuffix":"inner"}},"clearTextFirst":true,"interactionType":"ENTER_TEXT"}]}
RESULT: {"script":"<script> [776 bytes]","args":[{"enterText":"Cost Center","selector":{"id":"costObjectAdminTypeComboBox","viewName":"etm.portal.ui.managerequests.view.NewRequest","searchOpenDialogs":true,"interaction":{"idSuffix":"inner"}},"clearTextFirst":true,"interactionType":"ENTER_TEXT"}]}
COMMAND: POST /session/4f73fbc7686585ab41e1ef1183ea1846/actions - {"actions":[{"id":"action39","type":"key","parameters":{},"actions":[{"type":"keyDown","value":"î€‡"},{"type":"pause","duration":10},{"type":"keyUp","value":"î€‡"}]}]}
RESULT: {"actions":[{"id":"action39","type":"key","parameters":{},"actions":[{"type":"keyDown","value":"î€‡"},{"type":"pause","duration":10},{"type":"keyUp","value":"î€‡"}]}]}
COMMAND: GET /session/4f73fbc7686585ab41e1ef1183ea1846/screenshot - {}
RESULT: {}
COMMAND: POST /session/4f73fbc7686585ab41e1ef1183ea1846/execute/async - {"script":"<script> [1562 bytes]","args":[{"selector":{"id":"costObjectIdComboBox","viewName":"etm.portal.ui.managerequests.view.NewRequest","searchOpenDialogs":true,"interaction":{"idSuffix":"inner"}},"wdio_ui5_key":"costObjectIdComboBoxetmportal.ui.managerequests.view.NewRequest"}]}
RESULT: {"script":"<script> [1562 bytes]","args":[{"selector":{"id":"costObjectIdComboBox","viewName":"etm.portal.ui.managerequests.view.NewRequest","searchOpenDialogs":true,"interaction":{"idSuffix":"inner"}},"wdio_ui5_key":"costObjectIdComboBoxetmportal.ui.managerequests.view.NewRequest"}]}
RESULT: undefined
COMMAND: POST /session/4f73fbc7686585ab41e1ef1183ea1846/execute/async - {"script":"<script> [776 bytes]","args":[{"enterText":"1001 - 1001","selector":{"id":"costObjectIdComboBox","viewName":"etm.portal.ui.managerequests.view.NewRequest","searchOpenDialogs":true,"interaction":{"idSuffix":"inner"}},"clearTextFirst":true,"interactionType":"ENTER_TEXT"}]}
RESULT: {"script":"<script> [776 bytes]","args":[{"enterText":"1001 - 1001","selector":{"id":"costObjectIdComboBox","viewName":"etm.portal.ui.managerequests.view.NewRequest","searchOpenDialogs":true,"interaction":{"idSuffix":"inner"}},"clearTextFirst":true,"interactionType":"ENTER_TEXT"}]}
COMMAND: POST /session/4f73fbc7686585ab41e1ef1183ea1846/actions - {"actions":[{"id":"action40","type":"key","parameters":{},"actions":[{"type":"keyDown","value":"î€‡"},{"type":"pause","duration":10},{"type":"keyUp","value":"î€‡"}]}]}
RESULT: {"actions":[{"id":"action40","type":"key","parameters":{},"actions":[{"type":"keyDown","value":"î€‡"},{"type":"pause","duration":10},{"type":"keyUp","value":"î€‡"}]}]}
COMMAND: GET /session/4f73fbc7686585ab41e1ef1183ea1846/screenshot - {}
RESULT: {}
COMMAND: POST /session/4f73fbc7686585ab41e1ef1183ea1846/element - {"using":"xpath","value":"(//bdi[(text() = 'Save' or . = 'Save')])[1]"}
RESULT: {"using":"xpath","value":"(//bdi[(text() = 'Save' or . = 'Save')])[1]"}
COMMAND: POST /session/4f73fbc7686585ab41e1ef1183ea1846/element/f.37EC1E53C27724E540A226988372354E.d.4BF90AF29940130D764848A1B0027D8E.e.5291/click - {}
RESULT: {}
COMMAND: POST /session/4f73fbc7686585ab41e1ef1183ea1846/execute/async - {"script":"<script> [1562 bytes]","args":[{"selector":{"controlType":"sap.ui.core.Icon","viewName":"etm.portal.ui.managerequests.view.NewRequest","properties":{"src":{"regex":{"source":"message\\-error"}}},"ancestor":{"controlType":"sap.m.ColumnListItem","viewName":"etm.portal.ui.managerequests.view.NewRequest","bindingPath":{"modelName":"newRequestItems","path":"/RequestItems/1"},"ancestor":{"id":"requestItemsTable","viewName":"etm.portal.ui.managerequests.view.NewRequest"}}},"wdio_ui5_key":"etmportal.ui.managerequests.view.NewRequestsap.ui.core.Icon{\"src\":{\"regex\":{\"source\":\"message\\\\-error\"}}}{\"controlType\":\"sap.m.ColumnListItem\",\"viewName\":\"etm.portal.ui.managerequests.view.NewRequest\",\"bindingPath\":{\"modelName\":\"newRequestItems\",\"path\":\"/RequestItems/1\"},\"ancestor\":{\"id\":\"requestItemsTable\",\"viewName\":\"etm.portal.ui.managerequests.view.NewRequest\"}}"}]}
COMMAND: GET /session/4f73fbc7686585ab41e1ef1183ea1846/screenshot - {}
RESULT: {"script":"<script> [1562 bytes]","args":[{"selector":{"controlType":"sap.ui.core.Icon","viewName":"etm.portal.ui.managerequests.view.NewRequest","properties":{"src":{"regex":{"source":"message\\-error"}}},"ancestor":{"controlType":"sap.m.ColumnListItem","viewName":"etm.portal.ui.managerequests.view.NewRequest","bindingPath":{"modelName":"newRequestItems","path":"/RequestItems/1"},"ancestor":{"id":"requestItemsTable","viewName":"etm.portal.ui.managerequests.view.NewRequest"}}},"wdio_ui5_key":"etmportal.ui.managerequests.view.NewRequestsap.ui.core.Icon{\"src\":{\"regex\":{\"source\":\"message\\\\-error\"}}}{\"controlType\":\"sap.m.ColumnListItem\",\"viewName\":\"etm.portal.ui.managerequests.view.NewRequest\",\"bindingPath\":{\"modelName\":\"newRequestItems\",\"path\":\"/RequestItems/1\"},\"ancestor\":{\"id\":\"requestItemsTable\",\"viewName\":\"etm.portal.ui.managerequests.view.NewRequest\"}}"}]}
RESULT: undefined
COMMAND: POST /session/4f73fbc7686585ab41e1ef1183ea1846/element - {"using":"xpath","value":"//*[@id=\"__status4-__xmlview1--requestItemsTable-1-icon\"]"}
RESULT: {}
RESULT: {"using":"xpath","value":"//*[@id=\"__status4-__xmlview1--requestItemsTable-1-icon\"]"}
COMMAND: POST /session/4f73fbc7686585ab41e1ef1183ea1846/element/f.37EC1E53C27724E540A226988372354E.d.4BF90AF29940130D764848A1B0027D8E.e.5294/click - {}
RESULT: {}
COMMAND: GET /session/4f73fbc7686585ab41e1ef1183ea1846/screenshot - {}
RESULT: {}
RESULT: undefined
COMMAND: POST /session/4f73fbc7686585ab41e1ef1183ea1846/execute/async - {"script":"<script> [776 bytes]","args":[{"enterText":"Cost Center","selector":{"id":"costObjectAdminTypeComboBox","viewName":"etm.portal.ui.managerequests.view.NewRequest","searchOpenDialogs":true,"interaction":{"idSuffix":"inner"}},"clearTextFirst":true,"interactionType":"ENTER_TEXT"}]}
RESULT: {"script":"<script> [776 bytes]","args":[{"enterText":"Cost Center","selector":{"id":"costObjectAdminTypeComboBox","viewName":"etm.portal.ui.managerequests.view.NewRequest","searchOpenDialogs":true,"interaction":{"idSuffix":"inner"}},"clearTextFirst":true,"interactionType":"ENTER_TEXT"}]}
COMMAND: POST /session/4f73fbc7686585ab41e1ef1183ea1846/actions - {"actions":[{"id":"action41","type":"key","parameters":{},"actions":[{"type":"keyDown","value":"î€‡"},{"type":"pause","duration":10},{"type":"keyUp","value":"î€‡"}]}]}
RESULT: {"actions":[{"id":"action41","type":"key","parameters":{},"actions":[{"type":"keyDown","value":"î€‡"},{"type":"pause","duration":10},{"type":"keyUp","value":"î€‡"}]}]}
COMMAND: GET /session/4f73fbc7686585ab41e1ef1183ea1846/screenshot - {}
RESULT: {}
RESULT: undefined
COMMAND: POST /session/4f73fbc7686585ab41e1ef1183ea1846/execute/async - {"script":"<script> [776 bytes]","args":[{"enterText":"1001 - 1001","selector":{"id":"costObjectIdComboBox","viewName":"etm.portal.ui.managerequests.view.NewRequest","searchOpenDialogs":true,"interaction":{"idSuffix":"inner"}},"clearTextFirst":true,"interactionType":"ENTER_TEXT"}]}
RESULT: {"script":"<script> [776 bytes]","args":[{"enterText":"1001 - 1001","selector":{"id":"costObjectIdComboBox","viewName":"etm.portal.ui.managerequests.view.NewRequest","searchOpenDialogs":true,"interaction":{"idSuffix":"inner"}},"clearTextFirst":true,"interactionType":"ENTER_TEXT"}]}
COMMAND: POST /session/4f73fbc7686585ab41e1ef1183ea1846/actions - {"actions":[{"id":"action42","type":"key","parameters":{},"actions":[{"type":"keyDown","value":"î€‡"},{"type":"pause","duration":10},{"type":"keyUp","value":"î€‡"}]}]}
RESULT: {"actions":[{"id":"action42","type":"key","parameters":{},"actions":[{"type":"keyDown","value":"î€‡"},{"type":"pause","duration":10},{"type":"keyUp","value":"î€‡"}]}]}
COMMAND: GET /session/4f73fbc7686585ab41e1ef1183ea1846/screenshot - {}
RESULT: {}
COMMAND: POST /session/4f73fbc7686585ab41e1ef1183ea1846/element - {"using":"xpath","value":"(//bdi[(text() = 'Save' or . = 'Save')])[1]"}
RESULT: {"using":"xpath","value":"(//bdi[(text() = 'Save' or . = 'Save')])[1]"}
COMMAND: POST /session/4f73fbc7686585ab41e1ef1183ea1846/element/f.37EC1E53C27724E540A226988372354E.d.4BF90AF29940130D764848A1B0027D8E.e.5306/click - {}
RESULT: {}
COMMAND: GET /session/4f73fbc7686585ab41e1ef1183ea1846/screenshot - {}
RESULT: {}
COMMAND: POST /session/4f73fbc7686585ab41e1ef1183ea1846/execute/async - {"script":"<script> [1562 bytes]","args":[{"selector":{"controlType":"sap.m.Button","viewName":"etm.portal.ui.managerequests.view.NewRequest","bindingPath":{"path":"/RequestItems/0","propertyPath":"PICK_UP","modelName":"newRequestItems"},"interaction":{"idSuffix":"BDI-content"}},"wdio_ui5_key":"etmportal.ui.managerequests.view.NewRequestsap.m.Button{\"path\":\"/RequestItems/0\",\"propertyPath\":\"PICK_UP\",\"modelName\":\"newRequestItems\"}"}]}
RESULT: {"script":"<script> [1562 bytes]","args":[{"selector":{"controlType":"sap.m.Button","viewName":"etm.portal.ui.managerequests.view.NewRequest","bindingPath":{"path":"/RequestItems/0","propertyPath":"PICK_UP","modelName":"newRequestItems"},"interaction":{"idSuffix":"BDI-content"}},"wdio_ui5_key":"etmportal.ui.managerequests.view.NewRequestsap.m.Button{\"path\":\"/RequestItems/0\",\"propertyPath\":\"PICK_UP\",\"modelName\":\"newRequestItems\"}"}]}
RESULT: undefined
COMMAND: POST /session/4f73fbc7686585ab41e1ef1183ea1846/element - {"using":"xpath","value":"//*[@id=\"__xmlview1--pickUpItemButton-__xmlview1--requestItemsTable-0\"]"}
RESULT: {"using":"xpath","value":"//*[@id=\"__xmlview1--pickUpItemButton-__xmlview1--requestItemsTable-0\"]"}
COMMAND: POST /session/4f73fbc7686585ab41e1ef1183ea1846/element/f.37EC1E53C27724E540A226988372354E.d.4BF90AF29940130D764848A1B0027D8E.e.5310/click - {}
RESULT: {}
COMMAND: GET /session/4f73fbc7686585ab41e1ef1183ea1846/screenshot - {}
RESULT: {}
COMMAND: POST /session/4f73fbc7686585ab41e1ef1183ea1846/execute/async - {"script":"<script> [1562 bytes]","args":[{"selector":{"controlType":"sap.m.Button","viewName":"etm.portal.ui.managerequests.view.NewRequest","properties":{"text":"Save"},"i18NText":{"propertyName":"tooltip","key":"save"},"interaction":{"idSuffix":"BDI-content"}},"wdio_ui5_key":"etmportal.ui.managerequests.view.NewRequestsap.m.Button{\"propertyName\":\"tooltip\",\"key\":\"save\"}{\"text\":\"Save\"}"}]}
RESULT: {"script":"<script> [1562 bytes]","args":[{"selector":{"controlType":"sap.m.Button","viewName":"etm.portal.ui.managerequests.view.NewRequest","properties":{"text":"Save"},"i18NText":{"propertyName":"tooltip","key":"save"},"interaction":{"idSuffix":"BDI-content"}},"wdio_ui5_key":"etmportal.ui.managerequests.view.NewRequestsap.m.Button{\"propertyName\":\"tooltip\",\"key\":\"save\"}{\"text\":\"Save\"}"}]}
RESULT: undefined
COMMAND: POST /session/4f73fbc7686585ab41e1ef1183ea1846/element - {"using":"xpath","value":"//*[@id=\"__button11\"]"}
RESULT: {"using":"xpath","value":"//*[@id=\"__button11\"]"}
COMMAND: POST /session/4f73fbc7686585ab41e1ef1183ea1846/element/f.37EC1E53C27724E540A226988372354E.d.4BF90AF29940130D764848A1B0027D8E.e.5169/click - {}
RESULT: {}
COMMAND: GET /session/4f73fbc7686585ab41e1ef1183ea1846/screenshot - {}
RESULT: {}
COMMAND: POST /session/4f73fbc7686585ab41e1ef1183ea1846/execute/async - {"script":"<script> [1562 bytes]","args":[{"selector":{"controlType":"sap.m.Text","searchOpenDialogs":true},"wdio_ui5_key":"sapm.Text"}]}
RESULT: {"script":"<script> [1562 bytes]","args":[{"selector":{"controlType":"sap.m.Text","searchOpenDialogs":true},"wdio_ui5_key":"sapm.Text"}]}
RESULT: undefined
COMMAND: POST /session/4f73fbc7686585ab41e1ef1183ea1846/execute/async - {"script":"<script> [6424 bytes]","args":[{"element-6066-11e4-a52e-4f735466cecf":"f.37EC1E53C27724E540A226988372354E.d.4BF90AF29940130D764848A1B0027D8E.e.5313"},"getText",[]]}
RESULT: {"script":"<script> [6424 bytes]","args":[{"element-6066-11e4-a52e-4f735466cecf":"f.37EC1E53C27724E540A226988372354E.d.4BF90AF29940130D764848A1B0027D8E.e.5313"},"getText",[]]}
COMMAND: POST /session/4f73fbc7686585ab41e1ef1183ea1846/execute/async - {"script":"<script> [1562 bytes]","args":[{"selector":{"controlType":"sap.m.Button","properties":{"text":"Close"},"searchOpenDialogs":true,"interaction":{"idSuffix":"BDI-content"}},"wdio_ui5_key":"sapm.Button{\"text\":\"Close\"}"}]}
RESULT: {"script":"<script> [1562 bytes]","args":[{"selector":{"controlType":"sap.m.Button","properties":{"text":"Close"},"searchOpenDialogs":true,"interaction":{"idSuffix":"BDI-content"}},"wdio_ui5_key":"sapm.Button{\"text\":\"Close\"}"}]}
RESULT: undefined
COMMAND: POST /session/4f73fbc7686585ab41e1ef1183ea1846/element - {"using":"xpath","value":"//*[@id=\"__mbox-btn-0\"]"}
RESULT: {"using":"xpath","value":"//*[@id=\"__mbox-btn-0\"]"}
COMMAND: POST /session/4f73fbc7686585ab41e1ef1183ea1846/element/f.37EC1E53C27724E540A226988372354E.d.4BF90AF29940130D764848A1B0027D8E.e.5312/click - {}
RESULT: {}
COMMAND: GET /session/4f73fbc7686585ab41e1ef1183ea1846/screenshot - {}
RESULT: {}
COMMAND: POST /session/4f73fbc7686585ab41e1ef1183ea1846/execute/async - {"script":"<script> [1562 bytes]","args":[{"selector":{"controlType":"sap.m.Button","viewName":"etm.portal.ui.managerequests.view.Detail","bindingPath":{"path":"/SmartRequestItemsPlanningBoard(ITEM=10m,REQUEST='20374')","propertyPath":"PICK_UP"}},"wdio_ui5_key":"etmportal.ui.managerequests.view.Detailsap.m.Button{\"path\":\"/SmartRequestItemsPlanningBoard(ITEM=10m,REQUEST='20374')\",\"propertyPath\":\"PICK_UP\"}"}]}
RESULT: {"script":"<script> [1562 bytes]","args":[{"selector":{"controlType":"sap.m.Button","viewName":"etm.portal.ui.managerequests.view.Detail","bindingPath":{"path":"/SmartRequestItemsPlanningBoard(ITEM=10m,REQUEST='20374')","propertyPath":"PICK_UP"}},"wdio_ui5_key":"etmportal.ui.managerequests.view.Detailsap.m.Button{\"path\":\"/SmartRequestItemsPlanningBoard(ITEM=10m,REQUEST='20374')\",\"propertyPath\":\"PICK_UP\"}"}]}
RESULT: undefined
COMMAND: POST /session/4f73fbc7686585ab41e1ef1183ea1846/execute/async - {"script":"<script> [6424 bytes]","args":[{"element-6066-11e4-a52e-4f735466cecf":"f.37EC1E53C27724E540A226988372354E.d.4BF90AF29940130D764848A1B0027D8E.e.5418"},"getType",[]]}
RESULT: {"script":"<script> [6424 bytes]","args":[{"element-6066-11e4-a52e-4f735466cecf":"f.37EC1E53C27724E540A226988372354E.d.4BF90AF29940130D764848A1B0027D8E.e.5418"},"getType",[]]}
COMMAND: POST /session/4f73fbc7686585ab41e1ef1183ea1846/execute/async - {"script":"<script> [1562 bytes]","args":[{"selector":{"controlType":"sap.m.Button","viewName":"etm.portal.ui.managerequests.view.Detail","bindingPath":{"path":"/SmartRequestItemsPlanningBoard(ITEM=20m,REQUEST='20374')","propertyPath":"PICK_UP"}},"wdio_ui5_key":"etmportal.ui.managerequests.view.Detailsap.m.Button{\"path\":\"/SmartRequestItemsPlanningBoard(ITEM=20m,REQUEST='20374')\",\"propertyPath\":\"PICK_UP\"}"}]}
RESULT: {"script":"<script> [1562 bytes]","args":[{"selector":{"controlType":"sap.m.Button","viewName":"etm.portal.ui.managerequests.view.Detail","bindingPath":{"path":"/SmartRequestItemsPlanningBoard(ITEM=20m,REQUEST='20374')","propertyPath":"PICK_UP"}},"wdio_ui5_key":"etmportal.ui.managerequests.view.Detailsap.m.Button{\"path\":\"/SmartRequestItemsPlanningBoard(ITEM=20m,REQUEST='20374')\",\"propertyPath\":\"PICK_UP\"}"}]}
RESULT: undefined
COMMAND: POST /session/4f73fbc7686585ab41e1ef1183ea1846/execute/async - {"script":"<script> [6424 bytes]","args":[{"element-6066-11e4-a52e-4f735466cecf":"f.37EC1E53C27724E540A226988372354E.d.4BF90AF29940130D764848A1B0027D8E.e.5449"},"getType",[]]}
RESULT: {"script":"<script> [6424 bytes]","args":[{"element-6066-11e4-a52e-4f735466cecf":"f.37EC1E53C27724E540A226988372354E.d.4BF90AF29940130D764848A1B0027D8E.e.5449"},"getType",[]]}
COMMAND: POST /session/4f73fbc7686585ab41e1ef1183ea1846/execute/async - {"script":"<script> [1562 bytes]","args":[{"selector":{"id":"pickUpSwitchHeader","viewName":"etm.portal.ui.managerequests.view.Detail","interaction":{"idSuffix":"handle"}},"wdio_ui5_key":"pickUpSwitchHeaderetmportal.ui.managerequests.view.Detail"}]}
RESULT: {"script":"<script> [1562 bytes]","args":[{"selector":{"id":"pickUpSwitchHeader","viewName":"etm.portal.ui.managerequests.view.Detail","interaction":{"idSuffix":"handle"}},"wdio_ui5_key":"pickUpSwitchHeaderetmportal.ui.managerequests.view.Detail"}]}
RESULT: undefined
COMMAND: POST /session/4f73fbc7686585ab41e1ef1183ea1846/element - {"using":"xpath","value":"//*[@id=\"__xmlview2--pickUpSwitchHeader\"]"}
RESULT: {"using":"xpath","value":"//*[@id=\"__xmlview2--pickUpSwitchHeader\"]"}
COMMAND: POST /session/4f73fbc7686585ab41e1ef1183ea1846/element/f.37EC1E53C27724E540A226988372354E.d.4BF90AF29940130D764848A1B0027D8E.e.5390/click - {}
RESULT: {}
COMMAND: POST /session/4f73fbc7686585ab41e1ef1183ea1846/execute/async - {"script":"<script> [1562 bytes]","args":[{"selector":{"controlType":"sap.ui.core.Icon","viewName":"etm.portal.ui.managerequests.view.Detail","properties":{"src":{"regex":{"source":"pushpin\\-off"}}}},"wdio_ui5_key":"etmportal.ui.managerequests.view.Detailsap.ui.core.Icon{\"src\":{\"regex\":{\"source\":\"pushpin\\\\-off\"}}}"}]}
COMMAND: GET /session/4f73fbc7686585ab41e1ef1183ea1846/screenshot - {}
RESULT: {"script":"<script> [1562 bytes]","args":[{"selector":{"controlType":"sap.ui.core.Icon","viewName":"etm.portal.ui.managerequests.view.Detail","properties":{"src":{"regex":{"source":"pushpin\\-off"}}}},"wdio_ui5_key":"etmportal.ui.managerequests.view.Detailsap.ui.core.Icon{\"src\":{\"regex\":{\"source\":\"pushpin\\\\-off\"}}}"}]}
RESULT: undefined
COMMAND: POST /session/4f73fbc7686585ab41e1ef1183ea1846/element - {"using":"xpath","value":"//*[@id=\"__xmlview2--detailRequestPage-OPHeaderContent-pinBtn-img\"]"}
RESULT: {}
RESULT: {"using":"xpath","value":"//*[@id=\"__xmlview2--detailRequestPage-OPHeaderContent-pinBtn-img\"]"}
COMMAND: POST /session/4f73fbc7686585ab41e1ef1183ea1846/element/f.37EC1E53C27724E540A226988372354E.d.4BF90AF29940130D764848A1B0027D8E.e.5398/click - {}
RESULT: {}
RESULT: undefined
COMMAND: POST /session/4f73fbc7686585ab41e1ef1183ea1846/execute/async - {"script":"<script> [6424 bytes]","args":[{"element-6066-11e4-a52e-4f735466cecf":"f.37EC1E53C27724E540A226988372354E.d.4BF90AF29940130D764848A1B0027D8E.e.5418"},"getType",[]]}
COMMAND: GET /session/4f73fbc7686585ab41e1ef1183ea1846/screenshot - {}
RESULT: {"script":"<script> [6424 bytes]","args":[{"element-6066-11e4-a52e-4f735466cecf":"f.37EC1E53C27724E540A226988372354E.d.4BF90AF29940130D764848A1B0027D8E.e.5418"},"getType",[]]}
RESULT: undefined
COMMAND: POST /session/4f73fbc7686585ab41e1ef1183ea1846/execute/async - {"script":"<script> [6424 bytes]","args":[{"element-6066-11e4-a52e-4f735466cecf":"f.37EC1E53C27724E540A226988372354E.d.4BF90AF29940130D764848A1B0027D8E.e.5449"},"getType",[]]}
RESULT: {}
RESULT: {"script":"<script> [6424 bytes]","args":[{"element-6066-11e4-a52e-4f735466cecf":"f.37EC1E53C27724E540A226988372354E.d.4BF90AF29940130D764848A1B0027D8E.e.5449"},"getType",[]]}
COMMAND: POST /session/4f73fbc7686585ab41e1ef1183ea1846/execute/async - {"script":"<script> [1562 bytes]","args":[{"selector":{"controlType":"sap.ui.core.Icon","viewName":"etm.portal.ui.managerequests.view.Detail","properties":{"src":{"regex":{"source":"date\\-time"}}},"ancestor":{"controlType":"sap.m.ColumnListItem","viewName":"etm.portal.ui.managerequests.view.Detail","bindingPath":{"path":"/SmartRequestItemsPlanningBoard(ITEM=10m,REQUEST='20374')"},"ancestor":{"id":"requestItemsTable","viewName":"etm.portal.ui.managerequests.view.Detail"}}},"wdio_ui5_key":"etmportal.ui.managerequests.view.Detailsap.ui.core.Icon{\"src\":{\"regex\":{\"source\":\"date\\\\-time\"}}}{\"controlType\":\"sap.m.ColumnListItem\",\"viewName\":\"etm.portal.ui.managerequests.view.Detail\",\"bindingPath\":{\"path\":\"/SmartRequestItemsPlanningBoard(ITEM=10m,REQUEST='20374')\"},\"ancestor\":{\"id\":\"requestItemsTable\",\"viewName\":\"etm.portal.ui.managerequests.view.Detail\"}}"}]}
RESULT: {"script":"<script> [1562 bytes]","args":[{"selector":{"controlType":"sap.ui.core.Icon","viewName":"etm.portal.ui.managerequests.view.Detail","properties":{"src":{"regex":{"source":"date\\-time"}}},"ancestor":{"controlType":"sap.m.ColumnListItem","viewName":"etm.portal.ui.managerequests.view.Detail","bindingPath":{"path":"/SmartRequestItemsPlanningBoard(ITEM=10m,REQUEST='20374')"},"ancestor":{"id":"requestItemsTable","viewName":"etm.portal.ui.managerequests.view.Detail"}}},"wdio_ui5_key":"etmportal.ui.managerequests.view.Detailsap.ui.core.Icon{\"src\":{\"regex\":{\"source\":\"date\\\\-time\"}}}{\"controlType\":\"sap.m.ColumnListItem\",\"viewName\":\"etm.portal.ui.managerequests.view.Detail\",\"bindingPath\":{\"path\":\"/SmartRequestItemsPlanningBoard(ITEM=10m,REQUEST='20374')\"},\"ancestor\":{\"id\":\"requestItemsTable\",\"viewName\":\"etm.portal.ui.managerequests.view.Detail\"}}"}]}
RESULT: undefined
COMMAND: POST /session/4f73fbc7686585ab41e1ef1183ea1846/element - {"using":"xpath","value":"//*[@id=\"__button39-__clone1825-img\"]"}
RESULT: {"using":"xpath","value":"//*[@id=\"__button39-__clone1825-img\"]"}
COMMAND: POST /session/4f73fbc7686585ab41e1ef1183ea1846/element/f.37EC1E53C27724E540A226988372354E.d.4BF90AF29940130D764848A1B0027D8E.e.5458/click - {}
RESULT: {}
COMMAND: POST /session/4f73fbc7686585ab41e1ef1183ea1846/execute/async - {"script":"<script> [1562 bytes]","args":[{"selector":{"controlType":"sap.m.Button","viewName":"etm.portal.ui.managerequests.view.Detail","properties":{"text":"Close"},"searchOpenDialogs":true,"interaction":{"idSuffix":"inner"}},"wdio_ui5_key":"etmportal.ui.managerequests.view.Detailsap.m.Button{\"text\":\"Close\"}"}]}
COMMAND: GET /session/4f73fbc7686585ab41e1ef1183ea1846/screenshot - {}
RESULT: undefined
RESULT: {"script":"<script> [1562 bytes]","args":[{"selector":{"controlType":"sap.m.Button","viewName":"etm.portal.ui.managerequests.view.Detail","properties":{"text":"Close"},"searchOpenDialogs":true,"interaction":{"idSuffix":"inner"}},"wdio_ui5_key":"etmportal.ui.managerequests.view.Detailsap.m.Button{\"text\":\"Close\"}"}]}
RESULT: undefined
COMMAND: POST /session/4f73fbc7686585ab41e1ef1183ea1846/element - {"using":"xpath","value":"//*[@id=\"__button49\"]"}
RESULT: {}
RESULT: {"using":"xpath","value":"//*[@id=\"__button49\"]"}
COMMAND: POST /session/4f73fbc7686585ab41e1ef1183ea1846/element/f.37EC1E53C27724E540A226988372354E.d.4BF90AF29940130D764848A1B0027D8E.e.5460/click - {}
RESULT: {}
COMMAND: POST /session/4f73fbc7686585ab41e1ef1183ea1846/execute/async - {"script":"<script> [1562 bytes]","args":[{"selector":{"controlType":"sap.ui.core.Icon","viewName":"etm.portal.ui.managerequests.view.Detail","properties":{"src":{"regex":{"source":"date\\-time"}}},"ancestor":{"controlType":"sap.m.ColumnListItem","viewName":"etm.portal.ui.managerequests.view.Detail","bindingPath":{"path":"/SmartRequestItemsPlanningBoard(ITEM=20m,REQUEST='20374')"},"ancestor":{"id":"requestItemsTable","viewName":"etm.portal.ui.managerequests.view.Detail"}}},"wdio_ui5_key":"etmportal.ui.managerequests.view.Detailsap.ui.core.Icon{\"src\":{\"regex\":{\"source\":\"date\\\\-time\"}}}{\"controlType\":\"sap.m.ColumnListItem\",\"viewName\":\"etm.portal.ui.managerequests.view.Detail\",\"bindingPath\":{\"path\":\"/SmartRequestItemsPlanningBoard(ITEM=20m,REQUEST='20374')\"},\"ancestor\":{\"id\":\"requestItemsTable\",\"viewName\":\"etm.portal.ui.managerequests.view.Detail\"}}"}]}
COMMAND: GET /session/4f73fbc7686585ab41e1ef1183ea1846/screenshot - {}
RESULT: {"script":"<script> [1562 bytes]","args":[{"selector":{"controlType":"sap.ui.core.Icon","viewName":"etm.portal.ui.managerequests.view.Detail","properties":{"src":{"regex":{"source":"date\\-time"}}},"ancestor":{"controlType":"sap.m.ColumnListItem","viewName":"etm.portal.ui.managerequests.view.Detail","bindingPath":{"path":"/SmartRequestItemsPlanningBoard(ITEM=20m,REQUEST='20374')"},"ancestor":{"id":"requestItemsTable","viewName":"etm.portal.ui.managerequests.view.Detail"}}},"wdio_ui5_key":"etmportal.ui.managerequests.view.Detailsap.ui.core.Icon{\"src\":{\"regex\":{\"source\":\"date\\\\-time\"}}}{\"controlType\":\"sap.m.ColumnListItem\",\"viewName\":\"etm.portal.ui.managerequests.view.Detail\",\"bindingPath\":{\"path\":\"/SmartRequestItemsPlanningBoard(ITEM=20m,REQUEST='20374')\"},\"ancestor\":{\"id\":\"requestItemsTable\",\"viewName\":\"etm.portal.ui.managerequests.view.Detail\"}}"}]}
RESULT: undefined
COMMAND: POST /session/4f73fbc7686585ab41e1ef1183ea1846/element - {"using":"xpath","value":"//*[@id=\"__button39-__clone1826-img\"]"}
RESULT: {}
RESULT: {"using":"xpath","value":"//*[@id=\"__button39-__clone1826-img\"]"}
COMMAND: POST /session/4f73fbc7686585ab41e1ef1183ea1846/element/f.37EC1E53C27724E540A226988372354E.d.4BF90AF29940130D764848A1B0027D8E.e.5467/click - {}
RESULT: {}
RESULT: undefined
COMMAND: POST /session/4f73fbc7686585ab41e1ef1183ea1846/element - {"using":"xpath","value":"//*[@id=\"__button49\"]"}
COMMAND: GET /session/4f73fbc7686585ab41e1ef1183ea1846/screenshot - {}
RESULT: {"using":"xpath","value":"//*[@id=\"__button49\"]"}
COMMAND: POST /session/4f73fbc7686585ab41e1ef1183ea1846/elements - {"using":"xpath","value":"//*[@id=\"__button49\"]"}
RESULT: {}
RESULT: {"using":"xpath","value":"//*[@id=\"__button49\"]"}
COMMAND: POST /session/4f73fbc7686585ab41e1ef1183ea1846/element - {"using":"xpath","value":"//*[@id=\"__button49\"]"}
RESULT: {"using":"xpath","value":"//*[@id=\"__button49\"]"}
COMMAND: POST /session/4f73fbc7686585ab41e1ef1183ea1846/element/f.37EC1E53C27724E540A226988372354E.d.4BF90AF29940130D764848A1B0027D8E.e.5470/click - {}
RESULT: {}
COMMAND: POST /session/4f73fbc7686585ab41e1ef1183ea1846/execute/async - {"script":"<script> [189 bytes]","args":[]}
COMMAND: GET /session/4f73fbc7686585ab41e1ef1183ea1846/screenshot - {}
RESULT: {"script":"<script> [189 bytes]","args":[]}
COMMAND: POST /session/4f73fbc7686585ab41e1ef1183ea1846/execute/async - {"script":"<script> [123 bytes]","args":[]}
RESULT: {}
RESULT: {"script":"<script> [123 bytes]","args":[]}
COMMAND: POST /session/4f73fbc7686585ab41e1ef1183ea1846/timeouts - {"script":"<number>"}
RESULT: {"script":"<number>"}
COMMAND: GET /session/4f73fbc7686585ab41e1ef1183ea1846/timeouts - {}
RESULT: {}
RESULT: undefined
COMMAND: POST /session/4f73fbc7686585ab41e1ef1183ea1846/execute/async - {"script":"<script> [2676 bytes]","args":[]}
RESULT: {"script":"<script> [2676 bytes]","args":[]}
COMMAND: POST /session/4f73fbc7686585ab41e1ef1183ea1846/execute/async - {"script":"<script> [2342 bytes]","args":[{"protocol":"http","hostname":"0.0.0.0","path":"/","capabilities":{"browserName":"chrome","goog:chromeOptions":{"binary":"C:\\Program Files\\Google\\Chrome\\Application\\chrome.exe","args":["--start-maximized"]}},"logLevel":"warn","connectionRetryTimeout":120000,"connectionRetryCount":3,"logLevels":{},"enableDirectConnect":true,"strictSSL":true,"_":"65 more keys: [\"cacheDir\",\"port\",\"requestedCapabilities\",\"automationProtocol\",\"baseUrl\",\"waitforInterval\",\"waitforTimeout\",\"onReload\",\"beforeCommand\",\"afterCommand\",\"rootDir\",\"specs\",\"suites\",\"exclude\",\"groupLogsByTestSpec\",\"excludeDriverLogs\",\"bail\",\"framework\",\"reporters\",\"services\",\"maxInstances\",\"maxInstancesPerCapability\",\"injectGlobals\",\"filesToWatch\",\"execArgv\",\"runnerEnv\",\"runner\",\"shard\",\"specFileRetries\",\"specFileRetriesDelay\",\"specFileRetriesDeferred\",\"reporterSyncInterval\",\"reporterSyncTimeout\",\"cucumberFeaturesWithLineNumbers\",\"autoCompileOpts\",\"mochaOpts\",\"jasmineOpts\",\"cucumberOpts\",\"onPrepare\",\"onWorkerStart\",\"onWorkerEnd\",\"before\",\"beforeSession\",\"beforeSuite\",\"beforeHook\",\"beforeTest\",\"afterTest\",\"afterHook\",\"afterSuite\",\"afterSession\",\"after\",\"onComplete\",\"beforeAssertion\",\"afterAssertion\",\"beforeFeature\",\"beforeScenario\",\"beforeStep\",\"afterStep\",\"afterScenario\",\"afterFeature\",\"_\",\"suite\",\"$0\",\"ignoredWorkerServices\",\"wdi5\"]"}]}
RESULT: {"script":"<script> [2342 bytes]","args":[{"protocol":"http","hostname":"0.0.0.0","path":"/","capabilities":{"browserName":"chrome","goog:chromeOptions":{"binary":"C:\\Program Files\\Google\\Chrome\\Application\\chrome.exe","args":["--start-maximized"]}},"logLevel":"warn","connectionRetryTimeout":120000,"connectionRetryCount":3,"logLevels":{},"enableDirectConnect":true,"strictSSL":true,"_":"65 more keys: [\"cacheDir\",\"port\",\"requestedCapabilities\",\"automationProtocol\",\"baseUrl\",\"waitforInterval\",\"waitforTimeout\",\"onReload\",\"beforeCommand\",\"afterCommand\",\"rootDir\",\"specs\",\"suites\",\"exclude\",\"groupLogsByTestSpec\",\"excludeDriverLogs\",\"bail\",\"framework\",\"reporters\",\"services\",\"maxInstances\",\"maxInstancesPerCapability\",\"injectGlobals\",\"filesToWatch\",\"execArgv\",\"runnerEnv\",\"runner\",\"shard\",\"specFileRetries\",\"specFileRetriesDelay\",\"specFileRetriesDeferred\",\"reporterSyncInterval\",\"reporterSyncTimeout\",\"cucumberFeaturesWithLineNumbers\",\"autoCompileOpts\",\"mochaOpts\",\"jasmineOpts\",\"cucumberOpts\",\"onPrepare\",\"onWorkerStart\",\"onWorkerEnd\",\"before\",\"beforeSession\",\"beforeSuite\",\"beforeHook\",\"beforeTest\",\"afterTest\",\"afterHook\",\"afterSuite\",\"afterSession\",\"after\",\"onComplete\",\"beforeAssertion\",\"afterAssertion\",\"beforeFeature\",\"beforeScenario\",\"beforeStep\",\"afterStep\",\"afterScenario\",\"afterFeature\",\"_\",\"suite\",\"$0\",\"ignoredWorkerServices\",\"wdi5\"]"}]}
COMMAND: POST /session/4f73fbc7686585ab41e1ef1183ea1846/execute/async - {"script":"<script> [21126 bytes]","args":[35000]}
RESULT: {"script":"<script> [21126 bytes]","args":[35000]}
COMMAND: POST /session/4f73fbc7686585ab41e1ef1183ea1846/execute/async - {"script":"<script> [1562 bytes]","args":[{"selector":{"controlType":"sap.m.Button","viewName":"etm.portal.ui.managerequests.view.Detail","bindingPath":{"path":"/SmartRequestItemsPlanningBoard(ITEM=10m,REQUEST='20374')","propertyPath":"PICK_UP"}},"wdio_ui5_key":"etmportal.ui.managerequests.view.Detailsap.m.Button{\"path\":\"/SmartRequestItemsPlanningBoard(ITEM=10m,REQUEST='20374')\",\"propertyPath\":\"PICK_UP\"}"}]}
RESULT: {"script":"<script> [1562 bytes]","args":[{"selector":{"controlType":"sap.m.Button","viewName":"etm.portal.ui.managerequests.view.Detail","bindingPath":{"path":"/SmartRequestItemsPlanningBoard(ITEM=10m,REQUEST='20374')","propertyPath":"PICK_UP"}},"wdio_ui5_key":"etmportal.ui.managerequests.view.Detailsap.m.Button{\"path\":\"/SmartRequestItemsPlanningBoard(ITEM=10m,REQUEST='20374')\",\"propertyPath\":\"PICK_UP\"}"}]}
RESULT: undefined
COMMAND: POST /session/4f73fbc7686585ab41e1ef1183ea1846/execute/async - {"script":"<script> [6424 bytes]","args":[{"element-6066-11e4-a52e-4f735466cecf":"f.37EC1E53C27724E540A226988372354E.d.4BF90AF29940130D764848A1B0027D8E.e.5418"},"getType",[]]}
RESULT: {"script":"<script> [6424 bytes]","args":[{"element-6066-11e4-a52e-4f735466cecf":"f.37EC1E53C27724E540A226988372354E.d.4BF90AF29940130D764848A1B0027D8E.e.5418"},"getType",[]]}
COMMAND: POST /session/4f73fbc7686585ab41e1ef1183ea1846/execute/async - {"script":"<script> [1562 bytes]","args":[{"selector":{"controlType":"sap.m.Button","viewName":"etm.portal.ui.managerequests.view.Detail","bindingPath":{"path":"/SmartRequestItemsPlanningBoard(ITEM=20m,REQUEST='20374')","propertyPath":"PICK_UP"}},"wdio_ui5_key":"etmportal.ui.managerequests.view.Detailsap.m.Button{\"path\":\"/SmartRequestItemsPlanningBoard(ITEM=20m,REQUEST='20374')\",\"propertyPath\":\"PICK_UP\"}"}]}
RESULT: {"script":"<script> [1562 bytes]","args":[{"selector":{"controlType":"sap.m.Button","viewName":"etm.portal.ui.managerequests.view.Detail","bindingPath":{"path":"/SmartRequestItemsPlanningBoard(ITEM=20m,REQUEST='20374')","propertyPath":"PICK_UP"}},"wdio_ui5_key":"etmportal.ui.managerequests.view.Detailsap.m.Button{\"path\":\"/SmartRequestItemsPlanningBoard(ITEM=20m,REQUEST='20374')\",\"propertyPath\":\"PICK_UP\"}"}]}
RESULT: undefined
COMMAND: POST /session/4f73fbc7686585ab41e1ef1183ea1846/execute/async - {"script":"<script> [6424 bytes]","args":[{"element-6066-11e4-a52e-4f735466cecf":"f.37EC1E53C27724E540A226988372354E.d.4BF90AF29940130D764848A1B0027D8E.e.5449"},"getType",[]]}
RESULT: {"script":"<script> [6424 bytes]","args":[{"element-6066-11e4-a52e-4f735466cecf":"f.37EC1E53C27724E540A226988372354E.d.4BF90AF29940130D764848A1B0027D8E.e.5449"},"getType",[]]}
]]></system-out>
    </testcase>
    <testcase classname="chrome.135_0_7049_115.windows.Manage_request_+_Contract_processing_pick_up_option_US120163_" name="Should Contract processing pick up option" time="198.937">
      <system-out><![CDATA[
COMMAND: POST /session/4f73fbc7686585ab41e1ef1183ea1846/execute/async - {"script":"<script> [1562 bytes]","args":[{"selector":{"id":"requestContractNo","viewName":"etm.portal.ui.managerequests.view.Detail"},"wdio_ui5_key":"requestContractNoetmportal.ui.managerequests.view.Detail"}]}
RESULT: {"script":"<script> [1562 bytes]","args":[{"selector":{"id":"requestContractNo","viewName":"etm.portal.ui.managerequests.view.Detail"},"wdio_ui5_key":"requestContractNoetmportal.ui.managerequests.view.Detail"}]}
RESULT: undefined
COMMAND: POST /session/4f73fbc7686585ab41e1ef1183ea1846/element - {"using":"xpath","value":"//*[@id=\"__xmlview2--requestContractNo\"]"}
RESULT: {"using":"xpath","value":"//*[@id=\"__xmlview2--requestContractNo\"]"}
COMMAND: POST /session/4f73fbc7686585ab41e1ef1183ea1846/element/f.37EC1E53C27724E540A226988372354E.d.4BF90AF29940130D764848A1B0027D8E.e.5476/click - {}
RESULT: {}
COMMAND: POST /session/4f73fbc7686585ab41e1ef1183ea1846/execute/async - {"script":"<script> [1562 bytes]","args":[{"selector":{"controlType":"sap.m.Link","viewName":"etm.portal.ui.managerequests.view.Detail","properties":{"text":"Contract Overview"},"searchOpenDialogs":true},"wdio_ui5_key":"etmportal.ui.managerequests.view.Detailsap.m.Link{\"text\":\"Contract Overview\"}"}]}
COMMAND: GET /session/4f73fbc7686585ab41e1ef1183ea1846/screenshot - {}
RESULT: {"script":"<script> [1562 bytes]","args":[{"selector":{"controlType":"sap.m.Link","viewName":"etm.portal.ui.managerequests.view.Detail","properties":{"text":"Contract Overview"},"searchOpenDialogs":true},"wdio_ui5_key":"etmportal.ui.managerequests.view.Detailsap.m.Link{\"text\":\"Contract Overview\"}"}]}
RESULT: undefined
COMMAND: POST /session/4f73fbc7686585ab41e1ef1183ea1846/element - {"using":"xpath","value":"//*[@id=\"__link8\"]"}
RESULT: {}
RESULT: {"using":"xpath","value":"//*[@id=\"__link8\"]"}
COMMAND: POST /session/4f73fbc7686585ab41e1ef1183ea1846/element/f.37EC1E53C27724E540A226988372354E.d.4BF90AF29940130D764848A1B0027D8E.e.5478/click - {}
RESULT: {}
COMMAND: GET /session/4f73fbc7686585ab41e1ef1183ea1846/screenshot - {}
RESULT: {}
COMMAND: POST /session/4f73fbc7686585ab41e1ef1183ea1846/element - {"using":"xpath","value":"//div[contains(@id ,\"headerBillingItemsTabFilter-text\")]"}
RESULT: {"using":"xpath","value":"//div[contains(@id ,\"headerBillingItemsTabFilter-text\")]"}
COMMAND: POST /session/4f73fbc7686585ab41e1ef1183ea1846/elements - {"using":"xpath","value":"//div[contains(@id ,\"headerBillingItemsTabFilter-text\")]"}
RESULT: {"using":"xpath","value":"//div[contains(@id ,\"headerBillingItemsTabFilter-text\")]"}
COMMAND: POST /session/4f73fbc7686585ab41e1ef1183ea1846/element - {"using":"xpath","value":"//div[contains(@id ,\"headerBillingItemsTabFilter-text\")]"}
RESULT: {"using":"xpath","value":"//div[contains(@id ,\"headerBillingItemsTabFilter-text\")]"}
COMMAND: POST /session/4f73fbc7686585ab41e1ef1183ea1846/element/f.37EC1E53C27724E540A226988372354E.d.4BF90AF29940130D764848A1B0027D8E.e.5695/click - {}
RESULT: {}
COMMAND: GET /session/4f73fbc7686585ab41e1ef1183ea1846/screenshot - {}
RESULT: {}
COMMAND: POST /session/4f73fbc7686585ab41e1ef1183ea1846/execute/async - {"script":"<script> [1562 bytes]","args":[{"selector":{"id":"addRequestItemBtn","viewName":"etm.portal.ui.managecontracts.view.Detail","interaction":{"idSuffix":"BDI-content"}},"wdio_ui5_key":"addRequestItemBtnetmportal.ui.managecontracts.view.Detail"}]}
RESULT: {"script":"<script> [1562 bytes]","args":[{"selector":{"id":"addRequestItemBtn","viewName":"etm.portal.ui.managecontracts.view.Detail","interaction":{"idSuffix":"BDI-content"}},"wdio_ui5_key":"addRequestItemBtnetmportal.ui.managecontracts.view.Detail"}]}
RESULT: undefined
COMMAND: POST /session/4f73fbc7686585ab41e1ef1183ea1846/element - {"using":"xpath","value":"//*[@id=\"__xmlview4--addRequestItemBtn\"]"}
RESULT: {"using":"xpath","value":"//*[@id=\"__xmlview4--addRequestItemBtn\"]"}
COMMAND: POST /session/4f73fbc7686585ab41e1ef1183ea1846/element/f.37EC1E53C27724E540A226988372354E.d.4BF90AF29940130D764848A1B0027D8E.e.5591/click - {}
RESULT: {}
COMMAND: GET /session/4f73fbc7686585ab41e1ef1183ea1846/screenshot - {}
RESULT: {}
COMMAND: POST /session/4f73fbc7686585ab41e1ef1183ea1846/element - {"using":"xpath","value":"//div[contains(@id ,\"popupRequestTable-sa-CbBg\")]"}
RESULT: {"using":"xpath","value":"//div[contains(@id ,\"popupRequestTable-sa-CbBg\")]"}
COMMAND: POST /session/4f73fbc7686585ab41e1ef1183ea1846/element/f.37EC1E53C27724E540A226988372354E.d.4BF90AF29940130D764848A1B0027D8E.e.5720/click - {}
RESULT: {}
COMMAND: GET /session/4f73fbc7686585ab41e1ef1183ea1846/screenshot - {}
RESULT: {}
COMMAND: POST /session/4f73fbc7686585ab41e1ef1183ea1846/execute/async - {"script":"<script> [1562 bytes]","args":[{"selector":{"controlType":"sap.m.Button","viewName":"etm.portal.ui.managecontracts.view.Detail","i18NText":{"propertyName":"text","key":"selectionDone"},"searchOpenDialogs":true,"interaction":{"idSuffix":"content"}},"wdio_ui5_key":"etmportal.ui.managecontracts.view.Detailsap.m.Button{\"propertyName\":\"text\",\"key\":\"selectionDone\"}"}]}
RESULT: {"script":"<script> [1562 bytes]","args":[{"selector":{"controlType":"sap.m.Button","viewName":"etm.portal.ui.managecontracts.view.Detail","i18NText":{"propertyName":"text","key":"selectionDone"},"searchOpenDialogs":true,"interaction":{"idSuffix":"content"}},"wdio_ui5_key":"etmportal.ui.managecontracts.view.Detailsap.m.Button{\"propertyName\":\"text\",\"key\":\"selectionDone\"}"}]}
RESULT: undefined
COMMAND: POST /session/4f73fbc7686585ab41e1ef1183ea1846/element - {"using":"xpath","value":"//*[@id=\"__button65\"]"}
RESULT: {"using":"xpath","value":"//*[@id=\"__button65\"]"}
COMMAND: POST /session/4f73fbc7686585ab41e1ef1183ea1846/element/f.37EC1E53C27724E540A226988372354E.d.4BF90AF29940130D764848A1B0027D8E.e.5723/click - {}
RESULT: {}
COMMAND: POST /session/4f73fbc7686585ab41e1ef1183ea1846/execute/async - {"script":"<script> [1562 bytes]","args":[{"selector":{"controlType":"sap.m.Button","properties":{"text":"OK"},"searchOpenDialogs":true,"interaction":{"idSuffix":"inner"}},"wdio_ui5_key":"sapm.Button{\"text\":\"OK\"}"}]}
COMMAND: GET /session/4f73fbc7686585ab41e1ef1183ea1846/screenshot - {}
RESULT: {"script":"<script> [1562 bytes]","args":[{"selector":{"controlType":"sap.m.Button","properties":{"text":"OK"},"searchOpenDialogs":true,"interaction":{"idSuffix":"inner"}},"wdio_ui5_key":"sapm.Button{\"text\":\"OK\"}"}]}
RESULT: undefined
COMMAND: POST /session/4f73fbc7686585ab41e1ef1183ea1846/element - {"using":"xpath","value":"//*[@id=\"__mbox-btn-1\"]"}
RESULT: {}
RESULT: {"using":"xpath","value":"//*[@id=\"__mbox-btn-1\"]"}
COMMAND: POST /session/4f73fbc7686585ab41e1ef1183ea1846/element/f.37EC1E53C27724E540A226988372354E.d.4BF90AF29940130D764848A1B0027D8E.e.5724/click - {}
RESULT: {}
COMMAND: GET /session/4f73fbc7686585ab41e1ef1183ea1846/screenshot - {}
RESULT: {}
COMMAND: POST /session/4f73fbc7686585ab41e1ef1183ea1846/element - {"using":"xpath","value":"//div[contains(@id ,\"headerBillingItemsTabFilter-text\")]"}
RESULT: {"using":"xpath","value":"//div[contains(@id ,\"headerBillingItemsTabFilter-text\")]"}
COMMAND: POST /session/4f73fbc7686585ab41e1ef1183ea1846/element/f.37EC1E53C27724E540A226988372354E.d.4BF90AF29940130D764848A1B0027D8E.e.5695/click - {}
RESULT: {}
COMMAND: GET /session/4f73fbc7686585ab41e1ef1183ea1846/screenshot - {}
RESULT: {}
COMMAND: POST /session/4f73fbc7686585ab41e1ef1183ea1846/element - {"using":"xpath","value":"//button[contains(@data-kt ,\"refreshButton\")]"}
RESULT: {"using":"xpath","value":"//button[contains(@data-kt ,\"refreshButton\")]"}
COMMAND: POST /session/4f73fbc7686585ab41e1ef1183ea1846/element/f.37EC1E53C27724E540A226988372354E.d.4BF90AF29940130D764848A1B0027D8E.e.5588/click - {}
RESULT: {}
COMMAND: GET /session/4f73fbc7686585ab41e1ef1183ea1846/screenshot - {}
RESULT: {}
COMMAND: POST /session/4f73fbc7686585ab41e1ef1183ea1846/element - {"using":"xpath","value":"//div[contains(@id ,\"headerBillingItemsTabFilter-text\")]"}
RESULT: {"using":"xpath","value":"//div[contains(@id ,\"headerBillingItemsTabFilter-text\")]"}
COMMAND: POST /session/4f73fbc7686585ab41e1ef1183ea1846/element/f.37EC1E53C27724E540A226988372354E.d.4BF90AF29940130D764848A1B0027D8E.e.5695/click - {}
RESULT: {}
COMMAND: GET /session/4f73fbc7686585ab41e1ef1183ea1846/screenshot - {}
RESULT: {}
COMMAND: POST /session/4f73fbc7686585ab41e1ef1183ea1846/execute/async - {"script":"<script> [1562 bytes]","args":[{"selector":{"id":"contractDetailProvideButton","viewName":"etm.portal.ui.managecontracts.view.Detail","interaction":{"idSuffix":"BDI-content"}},"wdio_ui5_key":"contractDetailProvideButtonetmportal.ui.managecontracts.view.Detail"}]}
RESULT: {"script":"<script> [1562 bytes]","args":[{"selector":{"id":"contractDetailProvideButton","viewName":"etm.portal.ui.managecontracts.view.Detail","interaction":{"idSuffix":"BDI-content"}},"wdio_ui5_key":"contractDetailProvideButtonetmportal.ui.managecontracts.view.Detail"}]}
RESULT: undefined
COMMAND: POST /session/4f73fbc7686585ab41e1ef1183ea1846/element - {"using":"xpath","value":"//*[@id=\"__xmlview4--contractDetailProvideButton\"]"}
RESULT: {"using":"xpath","value":"//*[@id=\"__xmlview4--contractDetailProvideButton\"]"}
COMMAND: POST /session/4f73fbc7686585ab41e1ef1183ea1846/element/f.37EC1E53C27724E540A226988372354E.d.4BF90AF29940130D764848A1B0027D8E.e.5597/click - {}
RESULT: {}
COMMAND: GET /session/4f73fbc7686585ab41e1ef1183ea1846/screenshot - {}
RESULT: {}
COMMAND: POST /session/4f73fbc7686585ab41e1ef1183ea1846/execute/async - {"script":"<script> [1562 bytes]","args":[{"selector":{"id":"application-managehandovers-display-component---AddNewHO--pickUpCheckbox","interaction":{"idSuffix":"CbBg"}},"wdio_ui5_key":"applicationmanagehandovers-display-component---AddNewHO--pickUpCheckbox"}]}
RESULT: {"script":"<script> [1562 bytes]","args":[{"selector":{"id":"application-managehandovers-display-component---AddNewHO--pickUpCheckbox","interaction":{"idSuffix":"CbBg"}},"wdio_ui5_key":"applicationmanagehandovers-display-component---AddNewHO--pickUpCheckbox"}]}
RESULT: undefined
COMMAND: POST /session/4f73fbc7686585ab41e1ef1183ea1846/element - {"using":"xpath","value":"//*[@id=\"application-managehandovers-display-component---AddNewHO--pickUpCheckbox\"]"}
RESULT: {"using":"xpath","value":"//*[@id=\"application-managehandovers-display-component---AddNewHO--pickUpCheckbox\"]"}
COMMAND: POST /session/4f73fbc7686585ab41e1ef1183ea1846/element/f.37EC1E53C27724E540A226988372354E.d.4BF90AF29940130D764848A1B0027D8E.e.5909/click - {}
RESULT: {}
COMMAND: POST /session/4f73fbc7686585ab41e1ef1183ea1846/execute/async - {"script":"<script> [1562 bytes]","args":[{"selector":{"id":"application-managehandovers-display-component---AddNewHO--ObjectPageLayout-anchBar-application-managehandovers-display-component---AddNewHO--section4-anchor","interaction":{"idSuffix":"content"}},"wdio_ui5_key":"applicationmanagehandovers-display-component---AddNewHO--ObjectPageLayout-anchBar-application-managehandovers-display-component---AddNewHO--section4-anchor"}]}
COMMAND: GET /session/4f73fbc7686585ab41e1ef1183ea1846/screenshot - {}
RESULT: {"script":"<script> [1562 bytes]","args":[{"selector":{"id":"application-managehandovers-display-component---AddNewHO--ObjectPageLayout-anchBar-application-managehandovers-display-component---AddNewHO--section4-anchor","interaction":{"idSuffix":"content"}},"wdio_ui5_key":"applicationmanagehandovers-display-component---AddNewHO--ObjectPageLayout-anchBar-application-managehandovers-display-component---AddNewHO--section4-anchor"}]}
RESULT: undefined
COMMAND: POST /session/4f73fbc7686585ab41e1ef1183ea1846/element - {"using":"xpath","value":"//*[@id=\"application-managehandovers-display-component---AddNewHO--ObjectPageLayout-anchBar-application-managehandovers-display-component---AddNewHO--section4-anchor\"]"}
RESULT: {}
RESULT: {"using":"xpath","value":"//*[@id=\"application-managehandovers-display-component---AddNewHO--ObjectPageLayout-anchBar-application-managehandovers-display-component---AddNewHO--section4-anchor\"]"}
COMMAND: POST /session/4f73fbc7686585ab41e1ef1183ea1846/element/f.37EC1E53C27724E540A226988372354E.d.4BF90AF29940130D764848A1B0027D8E.e.5913/click - {}
RESULT: {}
COMMAND: POST /session/4f73fbc7686585ab41e1ef1183ea1846/execute/async - {"script":"<script> [1562 bytes]","args":[{"selector":{"controlType":"sap.m.Button","viewName":"etm.portal.ui.managehandovers.view.AddNewHO","viewId":"application-managehandovers-display-component---AddNewHO","i18NText":{"propertyName":"tooltip","key":"addItems"},"interaction":{"idSuffix":"inner"}},"wdio_ui5_key":"etmportal.ui.managehandovers.view.AddNewHOsap.m.Button{\"propertyName\":\"tooltip\",\"key\":\"addItems\"}"}]}
COMMAND: GET /session/4f73fbc7686585ab41e1ef1183ea1846/screenshot - {}
RESULT: {"script":"<script> [1562 bytes]","args":[{"selector":{"controlType":"sap.m.Button","viewName":"etm.portal.ui.managehandovers.view.AddNewHO","viewId":"application-managehandovers-display-component---AddNewHO","i18NText":{"propertyName":"tooltip","key":"addItems"},"interaction":{"idSuffix":"inner"}},"wdio_ui5_key":"etmportal.ui.managehandovers.view.AddNewHOsap.m.Button{\"propertyName\":\"tooltip\",\"key\":\"addItems\"}"}]}
RESULT: undefined
COMMAND: POST /session/4f73fbc7686585ab41e1ef1183ea1846/element - {"using":"xpath","value":"//*[@id=\"__button82\"]"}
RESULT: {}
RESULT: {"using":"xpath","value":"//*[@id=\"__button82\"]"}
COMMAND: POST /session/4f73fbc7686585ab41e1ef1183ea1846/element/f.37EC1E53C27724E540A226988372354E.d.4BF90AF29940130D764848A1B0027D8E.e.5917/click - {}
RESULT: {}
COMMAND: POST /session/4f73fbc7686585ab41e1ef1183ea1846/execute/async - {"script":"<script> [1562 bytes]","args":[{"selector":{"id":"application-managehandovers-display-component---AddNewHO--smartTableHOPopup-header","searchOpenDialogs":true},"wdio_ui5_key":"applicationmanagehandovers-display-component---AddNewHO--smartTableHOPopup-header"}]}
COMMAND: GET /session/4f73fbc7686585ab41e1ef1183ea1846/screenshot - {}
RESULT: {"script":"<script> [1562 bytes]","args":[{"selector":{"id":"application-managehandovers-display-component---AddNewHO--smartTableHOPopup-header","searchOpenDialogs":true},"wdio_ui5_key":"applicationmanagehandovers-display-component---AddNewHO--smartTableHOPopup-header"}]}
RESULT: undefined
COMMAND: POST /session/4f73fbc7686585ab41e1ef1183ea1846/execute/async - {"script":"<script> [6424 bytes]","args":[{"element-6066-11e4-a52e-4f735466cecf":"f.37EC1E53C27724E540A226988372354E.d.4BF90AF29940130D764848A1B0027D8E.e.5926"},"getText",[]]}
RESULT: {}
RESULT: {"script":"<script> [6424 bytes]","args":[{"element-6066-11e4-a52e-4f735466cecf":"f.37EC1E53C27724E540A226988372354E.d.4BF90AF29940130D764848A1B0027D8E.e.5926"},"getText",[]]}
COMMAND: POST /session/4f73fbc7686585ab41e1ef1183ea1846/actions - {"actions":[{"id":"action43","type":"key","parameters":{},"actions":[{"type":"keyDown","value":"î€Œ"},{"type":"pause","duration":10},{"type":"keyUp","value":"î€Œ"}]}]}
RESULT: {"actions":[{"id":"action43","type":"key","parameters":{},"actions":[{"type":"keyDown","value":"î€Œ"},{"type":"pause","duration":10},{"type":"keyUp","value":"î€Œ"}]}]}
COMMAND: GET /session/4f73fbc7686585ab41e1ef1183ea1846/screenshot - {}
RESULT: {}
COMMAND: POST /session/4f73fbc7686585ab41e1ef1183ea1846/execute/async - {"script":"<script> [1562 bytes]","args":[{"selector":{"id":"backBtn"},"wdio_ui5_key":"backBtn"}]}
RESULT: {"script":"<script> [1562 bytes]","args":[{"selector":{"id":"backBtn"},"wdio_ui5_key":"backBtn"}]}
RESULT: undefined
COMMAND: POST /session/4f73fbc7686585ab41e1ef1183ea1846/element - {"using":"xpath","value":"//*[@id=\"backBtn\"]"}
RESULT: {"using":"xpath","value":"//*[@id=\"backBtn\"]"}
COMMAND: POST /session/4f73fbc7686585ab41e1ef1183ea1846/element/f.37EC1E53C27724E540A226988372354E.d.4BF90AF29940130D764848A1B0027D8E.e.5928/click - {}
RESULT: {}
COMMAND: GET /session/4f73fbc7686585ab41e1ef1183ea1846/screenshot - {}
COMMAND: POST /session/4f73fbc7686585ab41e1ef1183ea1846/refresh - {}
RESULT: {}
RESULT: {}
COMMAND: GET /session/4f73fbc7686585ab41e1ef1183ea1846/screenshot - {}
RESULT: {}
COMMAND: POST /session/4f73fbc7686585ab41e1ef1183ea1846/execute/async - {"script":"<script> [189 bytes]","args":[]}
RESULT: {"script":"<script> [189 bytes]","args":[]}
COMMAND: POST /session/4f73fbc7686585ab41e1ef1183ea1846/execute/async - {"script":"<script> [123 bytes]","args":[]}
RESULT: {"script":"<script> [123 bytes]","args":[]}
COMMAND: POST /session/4f73fbc7686585ab41e1ef1183ea1846/timeouts - {"script":"<number>"}
RESULT: {"script":"<number>"}
COMMAND: GET /session/4f73fbc7686585ab41e1ef1183ea1846/timeouts - {}
RESULT: {}
RESULT: undefined
COMMAND: POST /session/4f73fbc7686585ab41e1ef1183ea1846/execute/async - {"script":"<script> [2676 bytes]","args":[]}
RESULT: {"script":"<script> [2676 bytes]","args":[]}
COMMAND: POST /session/4f73fbc7686585ab41e1ef1183ea1846/execute/async - {"script":"<script> [2342 bytes]","args":[{"protocol":"http","hostname":"0.0.0.0","path":"/","capabilities":{"browserName":"chrome","goog:chromeOptions":{"binary":"C:\\Program Files\\Google\\Chrome\\Application\\chrome.exe","args":["--start-maximized"]}},"logLevel":"warn","connectionRetryTimeout":120000,"connectionRetryCount":3,"logLevels":{},"enableDirectConnect":true,"strictSSL":true,"_":"65 more keys: [\"cacheDir\",\"port\",\"requestedCapabilities\",\"automationProtocol\",\"baseUrl\",\"waitforInterval\",\"waitforTimeout\",\"onReload\",\"beforeCommand\",\"afterCommand\",\"rootDir\",\"specs\",\"suites\",\"exclude\",\"groupLogsByTestSpec\",\"excludeDriverLogs\",\"bail\",\"framework\",\"reporters\",\"services\",\"maxInstances\",\"maxInstancesPerCapability\",\"injectGlobals\",\"filesToWatch\",\"execArgv\",\"runnerEnv\",\"runner\",\"shard\",\"specFileRetries\",\"specFileRetriesDelay\",\"specFileRetriesDeferred\",\"reporterSyncInterval\",\"reporterSyncTimeout\",\"cucumberFeaturesWithLineNumbers\",\"autoCompileOpts\",\"mochaOpts\",\"jasmineOpts\",\"cucumberOpts\",\"onPrepare\",\"onWorkerStart\",\"onWorkerEnd\",\"before\",\"beforeSession\",\"beforeSuite\",\"beforeHook\",\"beforeTest\",\"afterTest\",\"afterHook\",\"afterSuite\",\"afterSession\",\"after\",\"onComplete\",\"beforeAssertion\",\"afterAssertion\",\"beforeFeature\",\"beforeScenario\",\"beforeStep\",\"afterStep\",\"afterScenario\",\"afterFeature\",\"_\",\"suite\",\"$0\",\"ignoredWorkerServices\",\"wdi5\"]"}]}
RESULT: {"script":"<script> [2342 bytes]","args":[{"protocol":"http","hostname":"0.0.0.0","path":"/","capabilities":{"browserName":"chrome","goog:chromeOptions":{"binary":"C:\\Program Files\\Google\\Chrome\\Application\\chrome.exe","args":["--start-maximized"]}},"logLevel":"warn","connectionRetryTimeout":120000,"connectionRetryCount":3,"logLevels":{},"enableDirectConnect":true,"strictSSL":true,"_":"65 more keys: [\"cacheDir\",\"port\",\"requestedCapabilities\",\"automationProtocol\",\"baseUrl\",\"waitforInterval\",\"waitforTimeout\",\"onReload\",\"beforeCommand\",\"afterCommand\",\"rootDir\",\"specs\",\"suites\",\"exclude\",\"groupLogsByTestSpec\",\"excludeDriverLogs\",\"bail\",\"framework\",\"reporters\",\"services\",\"maxInstances\",\"maxInstancesPerCapability\",\"injectGlobals\",\"filesToWatch\",\"execArgv\",\"runnerEnv\",\"runner\",\"shard\",\"specFileRetries\",\"specFileRetriesDelay\",\"specFileRetriesDeferred\",\"reporterSyncInterval\",\"reporterSyncTimeout\",\"cucumberFeaturesWithLineNumbers\",\"autoCompileOpts\",\"mochaOpts\",\"jasmineOpts\",\"cucumberOpts\",\"onPrepare\",\"onWorkerStart\",\"onWorkerEnd\",\"before\",\"beforeSession\",\"beforeSuite\",\"beforeHook\",\"beforeTest\",\"afterTest\",\"afterHook\",\"afterSuite\",\"afterSession\",\"after\",\"onComplete\",\"beforeAssertion\",\"afterAssertion\",\"beforeFeature\",\"beforeScenario\",\"beforeStep\",\"afterStep\",\"afterScenario\",\"afterFeature\",\"_\",\"suite\",\"$0\",\"ignoredWorkerServices\",\"wdi5\"]"}]}
COMMAND: POST /session/4f73fbc7686585ab41e1ef1183ea1846/execute/async - {"script":"<script> [21126 bytes]","args":[35000]}
RESULT: {"script":"<script> [21126 bytes]","args":[35000]}
COMMAND: POST /session/4f73fbc7686585ab41e1ef1183ea1846/element - {"using":"xpath","value":"//div[contains(@id ,\"headerBillingItemsTabFilter-text\")]"}
RESULT: {"using":"xpath","value":"//div[contains(@id ,\"headerBillingItemsTabFilter-text\")]"}
COMMAND: POST /session/4f73fbc7686585ab41e1ef1183ea1846/element/f.37EC1E53C27724E540A226988372354E.d.05A1363E37200CA38B3347D801029542.e.6358/click - {}
RESULT: {}
COMMAND: GET /session/4f73fbc7686585ab41e1ef1183ea1846/screenshot - {}
RESULT: {}
COMMAND: POST /session/4f73fbc7686585ab41e1ef1183ea1846/execute/async - {"script":"<script> [1562 bytes]","args":[{"selector":{"id":"revertPlanningBtn","viewName":"etm.portal.ui.managecontracts.view.Detail","interaction":{"idSuffix":"BDI-content"}},"wdio_ui5_key":"revertPlanningBtnetmportal.ui.managecontracts.view.Detail"}]}
RESULT: {"script":"<script> [1562 bytes]","args":[{"selector":{"id":"revertPlanningBtn","viewName":"etm.portal.ui.managecontracts.view.Detail","interaction":{"idSuffix":"BDI-content"}},"wdio_ui5_key":"revertPlanningBtnetmportal.ui.managecontracts.view.Detail"}]}
RESULT: undefined
COMMAND: POST /session/4f73fbc7686585ab41e1ef1183ea1846/element - {"using":"xpath","value":"//*[@id=\"__xmlview1--revertPlanningBtn\"]"}
RESULT: {"using":"xpath","value":"//*[@id=\"__xmlview1--revertPlanningBtn\"]"}
COMMAND: POST /session/4f73fbc7686585ab41e1ef1183ea1846/element/f.37EC1E53C27724E540A226988372354E.d.05A1363E37200CA38B3347D801029542.e.6363/click - {}
RESULT: {}
COMMAND: GET /session/4f73fbc7686585ab41e1ef1183ea1846/screenshot - {}
RESULT: {}
COMMAND: POST /session/4f73fbc7686585ab41e1ef1183ea1846/actions - {"actions":[{"id":"action44","type":"key","parameters":{},"actions":[{"type":"keyDown","value":"î€‡"},{"type":"pause","duration":10},{"type":"keyUp","value":"î€‡"}]}]}
RESULT: {"actions":[{"id":"action44","type":"key","parameters":{},"actions":[{"type":"keyDown","value":"î€‡"},{"type":"pause","duration":10},{"type":"keyUp","value":"î€‡"}]}]}
COMMAND: GET /session/4f73fbc7686585ab41e1ef1183ea1846/screenshot - {}
RESULT: {}
COMMAND: POST /session/4f73fbc7686585ab41e1ef1183ea1846/element - {"using":"xpath","value":"//div[contains(@id ,\"ProductsTable-sa-CbBg\")]"}
RESULT: {"using":"xpath","value":"//div[contains(@id ,\"ProductsTable-sa-CbBg\")]"}
COMMAND: POST /session/4f73fbc7686585ab41e1ef1183ea1846/element/f.37EC1E53C27724E540A226988372354E.d.05A1363E37200CA38B3347D801029542.e.6426/click - {}
RESULT: {}
COMMAND: GET /session/4f73fbc7686585ab41e1ef1183ea1846/screenshot - {}
RESULT: {}
COMMAND: POST /session/4f73fbc7686585ab41e1ef1183ea1846/execute/async - {"script":"<script> [1562 bytes]","args":[{"selector":{"id":"executeRevertPlanningBtn","viewName":"etm.portal.ui.managecontracts.view.Detail","interaction":{"idSuffix":"BDI-content"}},"wdio_ui5_key":"executeRevertPlanningBtnetmportal.ui.managecontracts.view.Detail"}]}
RESULT: {"script":"<script> [1562 bytes]","args":[{"selector":{"id":"executeRevertPlanningBtn","viewName":"etm.portal.ui.managecontracts.view.Detail","interaction":{"idSuffix":"BDI-content"}},"wdio_ui5_key":"executeRevertPlanningBtnetmportal.ui.managecontracts.view.Detail"}]}
RESULT: undefined
COMMAND: POST /session/4f73fbc7686585ab41e1ef1183ea1846/element - {"using":"xpath","value":"//*[@id=\"__xmlview1--executeRevertPlanningBtn\"]"}
RESULT: {"using":"xpath","value":"//*[@id=\"__xmlview1--executeRevertPlanningBtn\"]"}
COMMAND: POST /session/4f73fbc7686585ab41e1ef1183ea1846/element/f.37EC1E53C27724E540A226988372354E.d.05A1363E37200CA38B3347D801029542.e.6417/click - {}
RESULT: {}
COMMAND: GET /session/4f73fbc7686585ab41e1ef1183ea1846/screenshot - {}
RESULT: {}
COMMAND: POST /session/4f73fbc7686585ab41e1ef1183ea1846/actions - {"actions":[{"id":"action45","type":"key","parameters":{},"actions":[{"type":"keyDown","value":"î€‡"},{"type":"pause","duration":10},{"type":"keyUp","value":"î€‡"}]}]}
RESULT: {"actions":[{"id":"action45","type":"key","parameters":{},"actions":[{"type":"keyDown","value":"î€‡"},{"type":"pause","duration":10},{"type":"keyUp","value":"î€‡"}]}]}
COMMAND: POST /session/4f73fbc7686585ab41e1ef1183ea1846/execute/async - {"script":"<script> [1562 bytes]","args":[{"selector":{"id":"backBtn"},"wdio_ui5_key":"backBtn"}]}
COMMAND: GET /session/4f73fbc7686585ab41e1ef1183ea1846/screenshot - {}
RESULT: {"script":"<script> [1562 bytes]","args":[{"selector":{"id":"backBtn"},"wdio_ui5_key":"backBtn"}]}
RESULT: undefined
COMMAND: POST /session/4f73fbc7686585ab41e1ef1183ea1846/element - {"using":"xpath","value":"//*[@id=\"backBtn\"]"}
RESULT: {}
RESULT: {"using":"xpath","value":"//*[@id=\"backBtn\"]"}
COMMAND: POST /session/4f73fbc7686585ab41e1ef1183ea1846/element/f.37EC1E53C27724E540A226988372354E.d.05A1363E37200CA38B3347D801029542.e.6443/click - {}
RESULT: {}
COMMAND: GET /session/4f73fbc7686585ab41e1ef1183ea1846/screenshot - {}
RESULT: {}
COMMAND: POST /session/4f73fbc7686585ab41e1ef1183ea1846/refresh - {}
RESULT: {}
COMMAND: GET /session/4f73fbc7686585ab41e1ef1183ea1846/screenshot - {}
RESULT: {}
COMMAND: POST /session/4f73fbc7686585ab41e1ef1183ea1846/execute/async - {"script":"<script> [189 bytes]","args":[]}
RESULT: {"script":"<script> [189 bytes]","args":[]}
COMMAND: POST /session/4f73fbc7686585ab41e1ef1183ea1846/execute/async - {"script":"<script> [123 bytes]","args":[]}
RESULT: {"script":"<script> [123 bytes]","args":[]}
COMMAND: POST /session/4f73fbc7686585ab41e1ef1183ea1846/timeouts - {"script":"<number>"}
RESULT: {"script":"<number>"}
COMMAND: GET /session/4f73fbc7686585ab41e1ef1183ea1846/timeouts - {}
RESULT: {}
RESULT: undefined
COMMAND: POST /session/4f73fbc7686585ab41e1ef1183ea1846/execute/async - {"script":"<script> [2676 bytes]","args":[]}
RESULT: {"script":"<script> [2676 bytes]","args":[]}
COMMAND: POST /session/4f73fbc7686585ab41e1ef1183ea1846/execute/async - {"script":"<script> [2342 bytes]","args":[{"protocol":"http","hostname":"0.0.0.0","path":"/","capabilities":{"browserName":"chrome","goog:chromeOptions":{"binary":"C:\\Program Files\\Google\\Chrome\\Application\\chrome.exe","args":["--start-maximized"]}},"logLevel":"warn","connectionRetryTimeout":120000,"connectionRetryCount":3,"logLevels":{},"enableDirectConnect":true,"strictSSL":true,"_":"65 more keys: [\"cacheDir\",\"port\",\"requestedCapabilities\",\"automationProtocol\",\"baseUrl\",\"waitforInterval\",\"waitforTimeout\",\"onReload\",\"beforeCommand\",\"afterCommand\",\"rootDir\",\"specs\",\"suites\",\"exclude\",\"groupLogsByTestSpec\",\"excludeDriverLogs\",\"bail\",\"framework\",\"reporters\",\"services\",\"maxInstances\",\"maxInstancesPerCapability\",\"injectGlobals\",\"filesToWatch\",\"execArgv\",\"runnerEnv\",\"runner\",\"shard\",\"specFileRetries\",\"specFileRetriesDelay\",\"specFileRetriesDeferred\",\"reporterSyncInterval\",\"reporterSyncTimeout\",\"cucumberFeaturesWithLineNumbers\",\"autoCompileOpts\",\"mochaOpts\",\"jasmineOpts\",\"cucumberOpts\",\"onPrepare\",\"onWorkerStart\",\"onWorkerEnd\",\"before\",\"beforeSession\",\"beforeSuite\",\"beforeHook\",\"beforeTest\",\"afterTest\",\"afterHook\",\"afterSuite\",\"afterSession\",\"after\",\"onComplete\",\"beforeAssertion\",\"afterAssertion\",\"beforeFeature\",\"beforeScenario\",\"beforeStep\",\"afterStep\",\"afterScenario\",\"afterFeature\",\"_\",\"suite\",\"$0\",\"ignoredWorkerServices\",\"wdi5\"]"}]}
RESULT: {"script":"<script> [2342 bytes]","args":[{"protocol":"http","hostname":"0.0.0.0","path":"/","capabilities":{"browserName":"chrome","goog:chromeOptions":{"binary":"C:\\Program Files\\Google\\Chrome\\Application\\chrome.exe","args":["--start-maximized"]}},"logLevel":"warn","connectionRetryTimeout":120000,"connectionRetryCount":3,"logLevels":{},"enableDirectConnect":true,"strictSSL":true,"_":"65 more keys: [\"cacheDir\",\"port\",\"requestedCapabilities\",\"automationProtocol\",\"baseUrl\",\"waitforInterval\",\"waitforTimeout\",\"onReload\",\"beforeCommand\",\"afterCommand\",\"rootDir\",\"specs\",\"suites\",\"exclude\",\"groupLogsByTestSpec\",\"excludeDriverLogs\",\"bail\",\"framework\",\"reporters\",\"services\",\"maxInstances\",\"maxInstancesPerCapability\",\"injectGlobals\",\"filesToWatch\",\"execArgv\",\"runnerEnv\",\"runner\",\"shard\",\"specFileRetries\",\"specFileRetriesDelay\",\"specFileRetriesDeferred\",\"reporterSyncInterval\",\"reporterSyncTimeout\",\"cucumberFeaturesWithLineNumbers\",\"autoCompileOpts\",\"mochaOpts\",\"jasmineOpts\",\"cucumberOpts\",\"onPrepare\",\"onWorkerStart\",\"onWorkerEnd\",\"before\",\"beforeSession\",\"beforeSuite\",\"beforeHook\",\"beforeTest\",\"afterTest\",\"afterHook\",\"afterSuite\",\"afterSession\",\"after\",\"onComplete\",\"beforeAssertion\",\"afterAssertion\",\"beforeFeature\",\"beforeScenario\",\"beforeStep\",\"afterStep\",\"afterScenario\",\"afterFeature\",\"_\",\"suite\",\"$0\",\"ignoredWorkerServices\",\"wdi5\"]"}]}
COMMAND: POST /session/4f73fbc7686585ab41e1ef1183ea1846/execute/async - {"script":"<script> [21126 bytes]","args":[35000]}
RESULT: {"script":"<script> [21126 bytes]","args":[35000]}
COMMAND: POST /session/4f73fbc7686585ab41e1ef1183ea1846/execute/async - {"script":"<script> [1562 bytes]","args":[{"selector":{"controlType":"sap.m.ObjectStatus","viewName":"etm.portal.ui.managerequests.view.Detail","bindingPath":{"path":"/RequestHeaders('20374')","propertyPath":"LINK_TO_STATUS/DESCRIPTION","modelName":"catalogModel"}},"wdio_ui5_key":"etmportal.ui.managerequests.view.Detailsap.m.ObjectStatus{\"path\":\"/RequestHeaders('20374')\",\"propertyPath\":\"LINK_TO_STATUS/DESCRIPTION\",\"modelName\":\"catalogModel\"}"}]}
RESULT: {"script":"<script> [1562 bytes]","args":[{"selector":{"controlType":"sap.m.ObjectStatus","viewName":"etm.portal.ui.managerequests.view.Detail","bindingPath":{"path":"/RequestHeaders('20374')","propertyPath":"LINK_TO_STATUS/DESCRIPTION","modelName":"catalogModel"}},"wdio_ui5_key":"etmportal.ui.managerequests.view.Detailsap.m.ObjectStatus{\"path\":\"/RequestHeaders('20374')\",\"propertyPath\":\"LINK_TO_STATUS/DESCRIPTION\",\"modelName\":\"catalogModel\"}"}]}
RESULT: undefined
COMMAND: POST /session/4f73fbc7686585ab41e1ef1183ea1846/execute/async - {"script":"<script> [6424 bytes]","args":[{"element-6066-11e4-a52e-4f735466cecf":"f.37EC1E53C27724E540A226988372354E.d.20E300309AEE1023568090171398F19F.e.6727"},"getText",[]]}
RESULT: {"script":"<script> [6424 bytes]","args":[{"element-6066-11e4-a52e-4f735466cecf":"f.37EC1E53C27724E540A226988372354E.d.20E300309AEE1023568090171398F19F.e.6727"},"getText",[]]}
COMMAND: POST /session/4f73fbc7686585ab41e1ef1183ea1846/execute/async - {"script":"<script> [1562 bytes]","args":[{"selector":{"controlType":"sap.m.Button","viewName":"etm.portal.ui.managerequests.view.Detail","bindingPath":{"path":"/SmartRequestItemsPlanningBoard(ITEM=10m,REQUEST='20374')","propertyPath":"PICK_UP"}},"wdio_ui5_key":"etmportal.ui.managerequests.view.Detailsap.m.Button{\"path\":\"/SmartRequestItemsPlanningBoard(ITEM=10m,REQUEST='20374')\",\"propertyPath\":\"PICK_UP\"}"}]}
RESULT: {"script":"<script> [1562 bytes]","args":[{"selector":{"controlType":"sap.m.Button","viewName":"etm.portal.ui.managerequests.view.Detail","bindingPath":{"path":"/SmartRequestItemsPlanningBoard(ITEM=10m,REQUEST='20374')","propertyPath":"PICK_UP"}},"wdio_ui5_key":"etmportal.ui.managerequests.view.Detailsap.m.Button{\"path\":\"/SmartRequestItemsPlanningBoard(ITEM=10m,REQUEST='20374')\",\"propertyPath\":\"PICK_UP\"}"}]}
RESULT: undefined
COMMAND: POST /session/4f73fbc7686585ab41e1ef1183ea1846/execute/async - {"script":"<script> [6424 bytes]","args":[{"element-6066-11e4-a52e-4f735466cecf":"f.37EC1E53C27724E540A226988372354E.d.20E300309AEE1023568090171398F19F.e.6712"},"getType",[]]}
RESULT: {"script":"<script> [6424 bytes]","args":[{"element-6066-11e4-a52e-4f735466cecf":"f.37EC1E53C27724E540A226988372354E.d.20E300309AEE1023568090171398F19F.e.6712"},"getType",[]]}
COMMAND: POST /session/4f73fbc7686585ab41e1ef1183ea1846/execute/async - {"script":"<script> [1562 bytes]","args":[{"selector":{"controlType":"sap.m.Button","viewName":"etm.portal.ui.managerequests.view.Detail","bindingPath":{"path":"/SmartRequestItemsPlanningBoard(ITEM=20m,REQUEST='20374')","propertyPath":"PICK_UP"}},"wdio_ui5_key":"etmportal.ui.managerequests.view.Detailsap.m.Button{\"path\":\"/SmartRequestItemsPlanningBoard(ITEM=20m,REQUEST='20374')\",\"propertyPath\":\"PICK_UP\"}"}]}
RESULT: {"script":"<script> [1562 bytes]","args":[{"selector":{"controlType":"sap.m.Button","viewName":"etm.portal.ui.managerequests.view.Detail","bindingPath":{"path":"/SmartRequestItemsPlanningBoard(ITEM=20m,REQUEST='20374')","propertyPath":"PICK_UP"}},"wdio_ui5_key":"etmportal.ui.managerequests.view.Detailsap.m.Button{\"path\":\"/SmartRequestItemsPlanningBoard(ITEM=20m,REQUEST='20374')\",\"propertyPath\":\"PICK_UP\"}"}]}
RESULT: undefined
COMMAND: POST /session/4f73fbc7686585ab41e1ef1183ea1846/execute/async - {"script":"<script> [6424 bytes]","args":[{"element-6066-11e4-a52e-4f735466cecf":"f.37EC1E53C27724E540A226988372354E.d.20E300309AEE1023568090171398F19F.e.6728"},"getType",[]]}
RESULT: {"script":"<script> [6424 bytes]","args":[{"element-6066-11e4-a52e-4f735466cecf":"f.37EC1E53C27724E540A226988372354E.d.20E300309AEE1023568090171398F19F.e.6728"},"getType",[]]}
COMMAND: POST /session/4f73fbc7686585ab41e1ef1183ea1846/element - {"using":"css selector","value":"#shell-header-logo"}
RESULT: {"using":"css selector","value":"#shell-header-logo"}
COMMAND: POST /session/4f73fbc7686585ab41e1ef1183ea1846/element/f.37EC1E53C27724E540A226988372354E.d.20E300309AEE1023568090171398F19F.e.6535/click - {}
RESULT: {}
COMMAND: GET /session/4f73fbc7686585ab41e1ef1183ea1846/screenshot - {}
RESULT: {}
COMMAND: POST /session/4f73fbc7686585ab41e1ef1183ea1846/execute/async - {"script":"<script> [1562 bytes]","args":[{"selector":{"controlType":"sap.m.GenericTile","properties":{"header":"Manage Classifications"}},"wdio_ui5_key":"sapm.GenericTile{\"header\":\"Manage Classifications\"}"}]}
RESULT: {"script":"<script> [1562 bytes]","args":[{"selector":{"controlType":"sap.m.GenericTile","properties":{"header":"Manage Classifications"}},"wdio_ui5_key":"sapm.GenericTile{\"header\":\"Manage Classifications\"}"}]}
RESULT: undefined
COMMAND: POST /session/4f73fbc7686585ab41e1ef1183ea1846/element - {"using":"xpath","value":"//*[@id=\"__tile115\"]"}
RESULT: {"using":"xpath","value":"//*[@id=\"__tile115\"]"}
COMMAND: POST /session/4f73fbc7686585ab41e1ef1183ea1846/element/f.37EC1E53C27724E540A226988372354E.d.20E300309AEE1023568090171398F19F.e.6743/click - {}
RESULT: {}
COMMAND: GET /session/4f73fbc7686585ab41e1ef1183ea1846/screenshot - {}
RESULT: {}
]]></system-out>
    </testcase>
  </testsuite>
  <testsuite timestamp="2025-05-06T16:03:44" time="395.208" tests="4" failures="0" errors="0" skipped="0">
    <properties>
      <property name="specId" value="0" />
      <property name="suiteName" value="Manage requests - requests specifications US141095" />
      <property name="capabilities" value="chrome.135_0_7049_115.windows" />
      <property name="file" value="file:///D:/a/1/s/test/specs/R2C/manage-requests-request-specifications.spec.js" />
    </properties>
    <testcase classname="chrome.135_0_7049_115.windows.Manage_requests_-_requests_specifications_US141095" name="Should create a new classification of type request item" time="51.113">
      <system-out><![CDATA[
COMMAND: POST /session/4f73fbc7686585ab41e1ef1183ea1846/execute/async - {"script":"<script> [1562 bytes]","args":[{"selector":{"controlType":"sap.ui.core.Icon","viewName":"etm.portal.ui.manageclassifications.view.Master","viewId":"application-manageclassifications-display-component---classificationMaster","properties":{"src":{"regex":{"source":"add"}}}},"wdio_ui5_key":"etmportal.ui.manageclassifications.view.Mastersap.ui.core.Icon{\"src\":{\"regex\":{\"source\":\"add\"}}}"}]}
RESULT: {"script":"<script> [1562 bytes]","args":[{"selector":{"controlType":"sap.ui.core.Icon","viewName":"etm.portal.ui.manageclassifications.view.Master","viewId":"application-manageclassifications-display-component---classificationMaster","properties":{"src":{"regex":{"source":"add"}}}},"wdio_ui5_key":"etmportal.ui.manageclassifications.view.Mastersap.ui.core.Icon{\"src\":{\"regex\":{\"source\":\"add\"}}}"}]}
RESULT: undefined
COMMAND: POST /session/4f73fbc7686585ab41e1ef1183ea1846/element - {"using":"xpath","value":"//*[@id=\"__button27-img\"]"}
RESULT: {"using":"xpath","value":"//*[@id=\"__button27-img\"]"}
COMMAND: POST /session/4f73fbc7686585ab41e1ef1183ea1846/element/f.37EC1E53C27724E540A226988372354E.d.20E300309AEE1023568090171398F19F.e.6784/click - {}
RESULT: {}
COMMAND: POST /session/4f73fbc7686585ab41e1ef1183ea1846/execute/async - {"script":"<script> [1562 bytes]","args":[{"selector":{"id":"application-manageclassifications-display-component---classificationCreate--classHeaderName","interaction":{"idSuffix":"inner"}},"wdio_ui5_key":"applicationmanageclassifications-display-component---classificationCreate--classHeaderName"}]}
COMMAND: GET /session/4f73fbc7686585ab41e1ef1183ea1846/screenshot - {}
RESULT: {"script":"<script> [1562 bytes]","args":[{"selector":{"id":"application-manageclassifications-display-component---classificationCreate--classHeaderName","interaction":{"idSuffix":"inner"}},"wdio_ui5_key":"applicationmanageclassifications-display-component---classificationCreate--classHeaderName"}]}
RESULT: undefined
COMMAND: POST /session/4f73fbc7686585ab41e1ef1183ea1846/execute/async - {"script":"<script> [776 bytes]","args":[{"enterText":"WebdriverItemClass1wvpy","selector":{"id":"application-manageclassifications-display-component---classificationCreate--classHeaderName","interaction":{"idSuffix":"inner"}},"clearTextFirst":true,"interactionType":"ENTER_TEXT"}]}
RESULT: {}
RESULT: {"script":"<script> [776 bytes]","args":[{"enterText":"WebdriverItemClass1wvpy","selector":{"id":"application-manageclassifications-display-component---classificationCreate--classHeaderName","interaction":{"idSuffix":"inner"}},"clearTextFirst":true,"interactionType":"ENTER_TEXT"}]}
COMMAND: POST /session/4f73fbc7686585ab41e1ef1183ea1846/execute/async - {"script":"<script> [1562 bytes]","args":[{"selector":{"controlType":"sap.ui.core.Icon","viewName":"etm.portal.ui.manageclassifications.view.Create","viewId":"application-manageclassifications-display-component---classificationCreate","properties":{"src":{"regex":{"source":"slim\\-arrow\\-down"}}}},"wdio_ui5_key":"etmportal.ui.manageclassifications.view.Createsap.ui.core.Icon{\"src\":{\"regex\":{\"source\":\"slim\\\\-arrow\\\\-down\"}}}"}]}
RESULT: {"script":"<script> [1562 bytes]","args":[{"selector":{"controlType":"sap.ui.core.Icon","viewName":"etm.portal.ui.manageclassifications.view.Create","viewId":"application-manageclassifications-display-component---classificationCreate","properties":{"src":{"regex":{"source":"slim\\-arrow\\-down"}}}},"wdio_ui5_key":"etmportal.ui.manageclassifications.view.Createsap.ui.core.Icon{\"src\":{\"regex\":{\"source\":\"slim\\\\-arrow\\\\-down\"}}}"}]}
RESULT: undefined
COMMAND: POST /session/4f73fbc7686585ab41e1ef1183ea1846/element - {"using":"xpath","value":"//*[@id=\"__box12-arrow\"]"}
RESULT: {"using":"xpath","value":"//*[@id=\"__box12-arrow\"]"}
COMMAND: POST /session/4f73fbc7686585ab41e1ef1183ea1846/element/f.37EC1E53C27724E540A226988372354E.d.20E300309AEE1023568090171398F19F.e.7137/click - {}
RESULT: {}
COMMAND: POST /session/4f73fbc7686585ab41e1ef1183ea1846/execute/async - {"script":"<script> [1562 bytes]","args":[{"selector":{"controlType":"sap.m.StandardListItem","viewName":"etm.portal.ui.manageclassifications.view.Create","viewId":"application-manageclassifications-display-component---classificationCreate","properties":{"title":"Request Item Specifications"},"searchOpenDialogs":true,"interaction":{"idSuffix":"titleText"}},"wdio_ui5_key":"etmportal.ui.manageclassifications.view.Createsap.m.StandardListItem{\"title\":\"Request Item Specifications\"}"}]}
COMMAND: GET /session/4f73fbc7686585ab41e1ef1183ea1846/screenshot - {}
RESULT: {"script":"<script> [1562 bytes]","args":[{"selector":{"controlType":"sap.m.StandardListItem","viewName":"etm.portal.ui.manageclassifications.view.Create","viewId":"application-manageclassifications-display-component---classificationCreate","properties":{"title":"Request Item Specifications"},"searchOpenDialogs":true,"interaction":{"idSuffix":"titleText"}},"wdio_ui5_key":"etmportal.ui.manageclassifications.view.Createsap.m.StandardListItem{\"title\":\"Request Item Specifications\"}"}]}
RESULT: undefined
COMMAND: POST /session/4f73fbc7686585ab41e1ef1183ea1846/element - {"using":"xpath","value":"//*[@id=\"__item85\"]"}
RESULT: {}
RESULT: {"using":"xpath","value":"//*[@id=\"__item85\"]"}
COMMAND: POST /session/4f73fbc7686585ab41e1ef1183ea1846/element/f.37EC1E53C27724E540A226988372354E.d.20E300309AEE1023568090171398F19F.e.7187/click - {}
RESULT: {}
COMMAND: POST /session/4f73fbc7686585ab41e1ef1183ea1846/execute/async - {"script":"<script> [1562 bytes]","args":[{"selector":{"controlType":"sap.ui.core.Icon","viewName":"etm.portal.ui.manageclassifications.view.Create","viewId":"application-manageclassifications-display-component---classificationCreate","properties":{"src":{"regex":{"source":"add"}}}},"wdio_ui5_key":"etmportal.ui.manageclassifications.view.Createsap.ui.core.Icon{\"src\":{\"regex\":{\"source\":\"add\"}}}"}]}
COMMAND: GET /session/4f73fbc7686585ab41e1ef1183ea1846/screenshot - {}
RESULT: {"script":"<script> [1562 bytes]","args":[{"selector":{"controlType":"sap.ui.core.Icon","viewName":"etm.portal.ui.manageclassifications.view.Create","viewId":"application-manageclassifications-display-component---classificationCreate","properties":{"src":{"regex":{"source":"add"}}}},"wdio_ui5_key":"etmportal.ui.manageclassifications.view.Createsap.ui.core.Icon{\"src\":{\"regex\":{\"source\":\"add\"}}}"}]}
RESULT: undefined
COMMAND: POST /session/4f73fbc7686585ab41e1ef1183ea1846/element - {"using":"xpath","value":"//*[@id=\"__button32-img\"]"}
RESULT: {}
RESULT: {"using":"xpath","value":"//*[@id=\"__button32-img\"]"}
COMMAND: POST /session/4f73fbc7686585ab41e1ef1183ea1846/element/f.37EC1E53C27724E540A226988372354E.d.20E300309AEE1023568090171398F19F.e.7140/click - {}
RESULT: {}
COMMAND: POST /session/4f73fbc7686585ab41e1ef1183ea1846/execute/async - {"script":"<script> [1562 bytes]","args":[{"selector":{"controlType":"sap.m.Input","viewName":"etm.portal.ui.manageclassifications.view.Create","viewId":"application-manageclassifications-display-component---classificationCreate","bindingPath":{"path":"/0","propertyPath":"PROPERTY","modelName":"newConfigModel"},"interaction":{"idSuffix":"inner"}},"wdio_ui5_key":"etmportal.ui.manageclassifications.view.Createsap.m.Input{\"path\":\"/0\",\"propertyPath\":\"PROPERTY\",\"modelName\":\"newConfigModel\"}"}]}
COMMAND: GET /session/4f73fbc7686585ab41e1ef1183ea1846/screenshot - {}
RESULT: {"script":"<script> [1562 bytes]","args":[{"selector":{"controlType":"sap.m.Input","viewName":"etm.portal.ui.manageclassifications.view.Create","viewId":"application-manageclassifications-display-component---classificationCreate","bindingPath":{"path":"/0","propertyPath":"PROPERTY","modelName":"newConfigModel"},"interaction":{"idSuffix":"inner"}},"wdio_ui5_key":"etmportal.ui.manageclassifications.view.Createsap.m.Input{\"path\":\"/0\",\"propertyPath\":\"PROPERTY\",\"modelName\":\"newConfigModel\"}"}]}
RESULT: undefined
COMMAND: POST /session/4f73fbc7686585ab41e1ef1183ea1846/execute/async - {"script":"<script> [776 bytes]","args":[{"enterText":"Color","selector":{"controlType":"sap.m.Input","viewName":"etm.portal.ui.manageclassifications.view.Create","viewId":"application-manageclassifications-display-component---classificationCreate","bindingPath":{"path":"/0","propertyPath":"PROPERTY","modelName":"newConfigModel"},"interaction":{"idSuffix":"inner"}},"clearTextFirst":true,"interactionType":"ENTER_TEXT"}]}
RESULT: {}
RESULT: {"script":"<script> [776 bytes]","args":[{"enterText":"Color","selector":{"controlType":"sap.m.Input","viewName":"etm.portal.ui.manageclassifications.view.Create","viewId":"application-manageclassifications-display-component---classificationCreate","bindingPath":{"path":"/0","propertyPath":"PROPERTY","modelName":"newConfigModel"},"interaction":{"idSuffix":"inner"}},"clearTextFirst":true,"interactionType":"ENTER_TEXT"}]}
COMMAND: POST /session/4f73fbc7686585ab41e1ef1183ea1846/execute/async - {"script":"<script> [1562 bytes]","args":[{"selector":{"controlType":"sap.m.Input","viewName":"etm.portal.ui.manageclassifications.view.Create","viewId":"application-manageclassifications-display-component---classificationCreate","bindingPath":{"path":"/0","propertyPath":"DESCRIPTION","modelName":"newConfigModel"},"interaction":{"idSuffix":"inner"}},"wdio_ui5_key":"etmportal.ui.manageclassifications.view.Createsap.m.Input{\"path\":\"/0\",\"propertyPath\":\"DESCRIPTION\",\"modelName\":\"newConfigModel\"}"}]}
RESULT: {"script":"<script> [1562 bytes]","args":[{"selector":{"controlType":"sap.m.Input","viewName":"etm.portal.ui.manageclassifications.view.Create","viewId":"application-manageclassifications-display-component---classificationCreate","bindingPath":{"path":"/0","propertyPath":"DESCRIPTION","modelName":"newConfigModel"},"interaction":{"idSuffix":"inner"}},"wdio_ui5_key":"etmportal.ui.manageclassifications.view.Createsap.m.Input{\"path\":\"/0\",\"propertyPath\":\"DESCRIPTION\",\"modelName\":\"newConfigModel\"}"}]}
RESULT: undefined
COMMAND: POST /session/4f73fbc7686585ab41e1ef1183ea1846/execute/async - {"script":"<script> [776 bytes]","args":[{"enterText":"Color","selector":{"controlType":"sap.m.Input","viewName":"etm.portal.ui.manageclassifications.view.Create","viewId":"application-manageclassifications-display-component---classificationCreate","bindingPath":{"path":"/0","propertyPath":"DESCRIPTION","modelName":"newConfigModel"},"interaction":{"idSuffix":"inner"}},"clearTextFirst":true,"interactionType":"ENTER_TEXT"}]}
RESULT: {"script":"<script> [776 bytes]","args":[{"enterText":"Color","selector":{"controlType":"sap.m.Input","viewName":"etm.portal.ui.manageclassifications.view.Create","viewId":"application-manageclassifications-display-component---classificationCreate","bindingPath":{"path":"/0","propertyPath":"DESCRIPTION","modelName":"newConfigModel"},"interaction":{"idSuffix":"inner"}},"clearTextFirst":true,"interactionType":"ENTER_TEXT"}]}
COMMAND: POST /session/4f73fbc7686585ab41e1ef1183ea1846/execute/async - {"script":"<script> [1562 bytes]","args":[{"selector":{"controlType":"sap.ui.core.Icon","viewName":"etm.portal.ui.manageclassifications.view.Create","viewId":"application-manageclassifications-display-component---classificationCreate","properties":{"src":{"regex":{"source":"slim\\-arrow\\-down"}}},"ancestor":{"controlType":"sap.m.ComboBox","viewName":"etm.portal.ui.manageclassifications.view.Create","viewId":"application-manageclassifications-display-component---classificationCreate","bindingPath":{"path":"/0","propertyPath":"VALUE_TYPE","modelName":"newConfigModel"}}},"wdio_ui5_key":"etmportal.ui.manageclassifications.view.Createsap.ui.core.Icon{\"src\":{\"regex\":{\"source\":\"slim\\\\-arrow\\\\-down\"}}}{\"controlType\":\"sap.m.ComboBox\",\"viewName\":\"etm.portal.ui.manageclassifications.view.Create\",\"viewId\":\"application-manageclassifications-display-component---classificationCreate\",\"bindingPath\":{\"path\":\"/0\",\"propertyPath\":\"VALUE_TYPE\",\"modelName\":\"newConfigModel\"}}"}]}
RESULT: {"script":"<script> [1562 bytes]","args":[{"selector":{"controlType":"sap.ui.core.Icon","viewName":"etm.portal.ui.manageclassifications.view.Create","viewId":"application-manageclassifications-display-component---classificationCreate","properties":{"src":{"regex":{"source":"slim\\-arrow\\-down"}}},"ancestor":{"controlType":"sap.m.ComboBox","viewName":"etm.portal.ui.manageclassifications.view.Create","viewId":"application-manageclassifications-display-component---classificationCreate","bindingPath":{"path":"/0","propertyPath":"VALUE_TYPE","modelName":"newConfigModel"}}},"wdio_ui5_key":"etmportal.ui.manageclassifications.view.Createsap.ui.core.Icon{\"src\":{\"regex\":{\"source\":\"slim\\\\-arrow\\\\-down\"}}}{\"controlType\":\"sap.m.ComboBox\",\"viewName\":\"etm.portal.ui.manageclassifications.view.Create\",\"viewId\":\"application-manageclassifications-display-component---classificationCreate\",\"bindingPath\":{\"path\":\"/0\",\"propertyPath\":\"VALUE_TYPE\",\"modelName\":\"newConfigModel\"}}"}]}
RESULT: undefined
COMMAND: POST /session/4f73fbc7686585ab41e1ef1183ea1846/element - {"using":"xpath","value":"//*[@id=\"__box13-application-manageclassifications-display-component---classificationCreate--configurationList-0-arrow\"]"}
RESULT: {"using":"xpath","value":"//*[@id=\"__box13-application-manageclassifications-display-component---classificationCreate--configurationList-0-arrow\"]"}
COMMAND: POST /session/4f73fbc7686585ab41e1ef1183ea1846/element/f.37EC1E53C27724E540A226988372354E.d.20E300309AEE1023568090171398F19F.e.7196/click - {}
RESULT: {}
COMMAND: POST /session/4f73fbc7686585ab41e1ef1183ea1846/execute/async - {"script":"<script> [1562 bytes]","args":[{"selector":{"controlType":"sap.m.StandardListItem","viewName":"etm.portal.ui.manageclassifications.view.Create","viewId":"application-manageclassifications-display-component---classificationCreate","properties":{"title":"Dropdown"},"searchOpenDialogs":true,"interaction":{"idSuffix":"titleText"}},"wdio_ui5_key":"etmportal.ui.manageclassifications.view.Createsap.m.StandardListItem{\"title\":\"Dropdown\"}"}]}
COMMAND: GET /session/4f73fbc7686585ab41e1ef1183ea1846/screenshot - {}
RESULT: {"script":"<script> [1562 bytes]","args":[{"selector":{"controlType":"sap.m.StandardListItem","viewName":"etm.portal.ui.manageclassifications.view.Create","viewId":"application-manageclassifications-display-component---classificationCreate","properties":{"title":"Dropdown"},"searchOpenDialogs":true,"interaction":{"idSuffix":"titleText"}},"wdio_ui5_key":"etmportal.ui.manageclassifications.view.Createsap.m.StandardListItem{\"title\":\"Dropdown\"}"}]}
RESULT: undefined
COMMAND: POST /session/4f73fbc7686585ab41e1ef1183ea1846/element - {"using":"xpath","value":"//*[@id=\"__item93\"]"}
RESULT: {}
RESULT: {"using":"xpath","value":"//*[@id=\"__item93\"]"}
COMMAND: POST /session/4f73fbc7686585ab41e1ef1183ea1846/element/f.37EC1E53C27724E540A226988372354E.d.20E300309AEE1023568090171398F19F.e.7198/click - {}
RESULT: {}
COMMAND: POST /session/4f73fbc7686585ab41e1ef1183ea1846/execute/async - {"script":"<script> [1562 bytes]","args":[{"selector":{"controlType":"sap.ui.core.Icon","viewName":"etm.portal.ui.manageclassifications.view.Create","viewId":"application-manageclassifications-display-component---classificationCreate","properties":{"src":{"regex":{"source":"crm\\-service\\-manager"}}}},"wdio_ui5_key":"etmportal.ui.manageclassifications.view.Createsap.ui.core.Icon{\"src\":{\"regex\":{\"source\":\"crm\\\\-service\\\\-manager\"}}}"}]}
COMMAND: GET /session/4f73fbc7686585ab41e1ef1183ea1846/screenshot - {}
RESULT: {"script":"<script> [1562 bytes]","args":[{"selector":{"controlType":"sap.ui.core.Icon","viewName":"etm.portal.ui.manageclassifications.view.Create","viewId":"application-manageclassifications-display-component---classificationCreate","properties":{"src":{"regex":{"source":"crm\\-service\\-manager"}}}},"wdio_ui5_key":"etmportal.ui.manageclassifications.view.Createsap.ui.core.Icon{\"src\":{\"regex\":{\"source\":\"crm\\\\-service\\\\-manager\"}}}"}]}
RESULT: undefined
COMMAND: POST /session/4f73fbc7686585ab41e1ef1183ea1846/element - {"using":"xpath","value":"//*[@id=\"__button34-application-manageclassifications-display-component---classificationCreate--configurationList-0-img\"]"}
RESULT: {}
RESULT: {"using":"xpath","value":"//*[@id=\"__button34-application-manageclassifications-display-component---classificationCreate--configurationList-0-img\"]"}
COMMAND: POST /session/4f73fbc7686585ab41e1ef1183ea1846/element/f.37EC1E53C27724E540A226988372354E.d.20E300309AEE1023568090171398F19F.e.7200/click - {}
RESULT: {}
COMMAND: POST /session/4f73fbc7686585ab41e1ef1183ea1846/element - {"using":"xpath","value":"//button[@title=\"Add additional value\"]"}
COMMAND: GET /session/4f73fbc7686585ab41e1ef1183ea1846/screenshot - {}
RESULT: {"using":"xpath","value":"//button[@title=\"Add additional value\"]"}
COMMAND: POST /session/4f73fbc7686585ab41e1ef1183ea1846/element/f.37EC1E53C27724E540A226988372354E.d.20E300309AEE1023568090171398F19F.e.7201/click - {}
RESULT: {}
RESULT: {}
COMMAND: POST /session/4f73fbc7686585ab41e1ef1183ea1846/execute/async - {"script":"<script> [1562 bytes]","args":[{"selector":{"controlType":"sap.m.Input","viewName":"etm.portal.ui.manageclassifications.view.Create","viewId":"application-manageclassifications-display-component---classificationCreate","bindingPath":{"path":"/VALUES/0","propertyPath":"VALUE","modelName":"dropdownValuesModel"},"searchOpenDialogs":true,"interaction":{"idSuffix":"inner"}},"wdio_ui5_key":"etmportal.ui.manageclassifications.view.Createsap.m.Input{\"path\":\"/VALUES/0\",\"propertyPath\":\"VALUE\",\"modelName\":\"dropdownValuesModel\"}"}]}
COMMAND: GET /session/4f73fbc7686585ab41e1ef1183ea1846/screenshot - {}
RESULT: {"script":"<script> [1562 bytes]","args":[{"selector":{"controlType":"sap.m.Input","viewName":"etm.portal.ui.manageclassifications.view.Create","viewId":"application-manageclassifications-display-component---classificationCreate","bindingPath":{"path":"/VALUES/0","propertyPath":"VALUE","modelName":"dropdownValuesModel"},"searchOpenDialogs":true,"interaction":{"idSuffix":"inner"}},"wdio_ui5_key":"etmportal.ui.manageclassifications.view.Createsap.m.Input{\"path\":\"/VALUES/0\",\"propertyPath\":\"VALUE\",\"modelName\":\"dropdownValuesModel\"}"}]}
RESULT: undefined
COMMAND: POST /session/4f73fbc7686585ab41e1ef1183ea1846/execute/async - {"script":"<script> [776 bytes]","args":[{"enterText":"1","selector":{"controlType":"sap.m.Input","viewName":"etm.portal.ui.manageclassifications.view.Create","viewId":"application-manageclassifications-display-component---classificationCreate","bindingPath":{"path":"/VALUES/0","propertyPath":"VALUE","modelName":"dropdownValuesModel"},"searchOpenDialogs":true,"interaction":{"idSuffix":"inner"}},"clearTextFirst":true,"interactionType":"ENTER_TEXT"}]}
RESULT: {}
RESULT: {"script":"<script> [776 bytes]","args":[{"enterText":"1","selector":{"controlType":"sap.m.Input","viewName":"etm.portal.ui.manageclassifications.view.Create","viewId":"application-manageclassifications-display-component---classificationCreate","bindingPath":{"path":"/VALUES/0","propertyPath":"VALUE","modelName":"dropdownValuesModel"},"searchOpenDialogs":true,"interaction":{"idSuffix":"inner"}},"clearTextFirst":true,"interactionType":"ENTER_TEXT"}]}
COMMAND: POST /session/4f73fbc7686585ab41e1ef1183ea1846/execute/async - {"script":"<script> [1562 bytes]","args":[{"selector":{"controlType":"sap.m.Input","viewName":"etm.portal.ui.manageclassifications.view.Create","viewId":"application-manageclassifications-display-component---classificationCreate","bindingPath":{"path":"/VALUES/0","propertyPath":"TEXT","modelName":"dropdownValuesModel"},"searchOpenDialogs":true,"interaction":{"idSuffix":"inner"}},"wdio_ui5_key":"etmportal.ui.manageclassifications.view.Createsap.m.Input{\"path\":\"/VALUES/0\",\"propertyPath\":\"TEXT\",\"modelName\":\"dropdownValuesModel\"}"}]}
RESULT: {"script":"<script> [1562 bytes]","args":[{"selector":{"controlType":"sap.m.Input","viewName":"etm.portal.ui.manageclassifications.view.Create","viewId":"application-manageclassifications-display-component---classificationCreate","bindingPath":{"path":"/VALUES/0","propertyPath":"TEXT","modelName":"dropdownValuesModel"},"searchOpenDialogs":true,"interaction":{"idSuffix":"inner"}},"wdio_ui5_key":"etmportal.ui.manageclassifications.view.Createsap.m.Input{\"path\":\"/VALUES/0\",\"propertyPath\":\"TEXT\",\"modelName\":\"dropdownValuesModel\"}"}]}
RESULT: undefined
COMMAND: POST /session/4f73fbc7686585ab41e1ef1183ea1846/execute/async - {"script":"<script> [776 bytes]","args":[{"enterText":"blue","selector":{"controlType":"sap.m.Input","viewName":"etm.portal.ui.manageclassifications.view.Create","viewId":"application-manageclassifications-display-component---classificationCreate","bindingPath":{"path":"/VALUES/0","propertyPath":"TEXT","modelName":"dropdownValuesModel"},"searchOpenDialogs":true,"interaction":{"idSuffix":"inner"}},"clearTextFirst":true,"interactionType":"ENTER_TEXT"}]}
RESULT: {"script":"<script> [776 bytes]","args":[{"enterText":"blue","selector":{"controlType":"sap.m.Input","viewName":"etm.portal.ui.manageclassifications.view.Create","viewId":"application-manageclassifications-display-component---classificationCreate","bindingPath":{"path":"/VALUES/0","propertyPath":"TEXT","modelName":"dropdownValuesModel"},"searchOpenDialogs":true,"interaction":{"idSuffix":"inner"}},"clearTextFirst":true,"interactionType":"ENTER_TEXT"}]}
COMMAND: POST /session/4f73fbc7686585ab41e1ef1183ea1846/element - {"using":"xpath","value":"//button[@title=\"Add additional value\"]"}
RESULT: {"using":"xpath","value":"//button[@title=\"Add additional value\"]"}
COMMAND: POST /session/4f73fbc7686585ab41e1ef1183ea1846/element/f.37EC1E53C27724E540A226988372354E.d.20E300309AEE1023568090171398F19F.e.7201/click - {}
RESULT: {}
COMMAND: POST /session/4f73fbc7686585ab41e1ef1183ea1846/execute/async - {"script":"<script> [1562 bytes]","args":[{"selector":{"controlType":"sap.m.Input","viewName":"etm.portal.ui.manageclassifications.view.Create","viewId":"application-manageclassifications-display-component---classificationCreate","bindingPath":{"path":"/VALUES/1","propertyPath":"VALUE","modelName":"dropdownValuesModel"},"searchOpenDialogs":true,"interaction":{"idSuffix":"inner"}},"wdio_ui5_key":"etmportal.ui.manageclassifications.view.Createsap.m.Input{\"path\":\"/VALUES/1\",\"propertyPath\":\"VALUE\",\"modelName\":\"dropdownValuesModel\"}"}]}
COMMAND: GET /session/4f73fbc7686585ab41e1ef1183ea1846/screenshot - {}
RESULT: {"script":"<script> [1562 bytes]","args":[{"selector":{"controlType":"sap.m.Input","viewName":"etm.portal.ui.manageclassifications.view.Create","viewId":"application-manageclassifications-display-component---classificationCreate","bindingPath":{"path":"/VALUES/1","propertyPath":"VALUE","modelName":"dropdownValuesModel"},"searchOpenDialogs":true,"interaction":{"idSuffix":"inner"}},"wdio_ui5_key":"etmportal.ui.manageclassifications.view.Createsap.m.Input{\"path\":\"/VALUES/1\",\"propertyPath\":\"VALUE\",\"modelName\":\"dropdownValuesModel\"}"}]}
RESULT: undefined
COMMAND: POST /session/4f73fbc7686585ab41e1ef1183ea1846/execute/async - {"script":"<script> [776 bytes]","args":[{"enterText":"2","selector":{"controlType":"sap.m.Input","viewName":"etm.portal.ui.manageclassifications.view.Create","viewId":"application-manageclassifications-display-component---classificationCreate","bindingPath":{"path":"/VALUES/1","propertyPath":"VALUE","modelName":"dropdownValuesModel"},"searchOpenDialogs":true,"interaction":{"idSuffix":"inner"}},"clearTextFirst":true,"interactionType":"ENTER_TEXT"}]}
RESULT: {}
RESULT: {"script":"<script> [776 bytes]","args":[{"enterText":"2","selector":{"controlType":"sap.m.Input","viewName":"etm.portal.ui.manageclassifications.view.Create","viewId":"application-manageclassifications-display-component---classificationCreate","bindingPath":{"path":"/VALUES/1","propertyPath":"VALUE","modelName":"dropdownValuesModel"},"searchOpenDialogs":true,"interaction":{"idSuffix":"inner"}},"clearTextFirst":true,"interactionType":"ENTER_TEXT"}]}
COMMAND: POST /session/4f73fbc7686585ab41e1ef1183ea1846/execute/async - {"script":"<script> [1562 bytes]","args":[{"selector":{"controlType":"sap.m.Input","viewName":"etm.portal.ui.manageclassifications.view.Create","viewId":"application-manageclassifications-display-component---classificationCreate","bindingPath":{"path":"/VALUES/1","propertyPath":"TEXT","modelName":"dropdownValuesModel"},"searchOpenDialogs":true,"interaction":{"idSuffix":"inner"}},"wdio_ui5_key":"etmportal.ui.manageclassifications.view.Createsap.m.Input{\"path\":\"/VALUES/1\",\"propertyPath\":\"TEXT\",\"modelName\":\"dropdownValuesModel\"}"}]}
RESULT: {"script":"<script> [1562 bytes]","args":[{"selector":{"controlType":"sap.m.Input","viewName":"etm.portal.ui.manageclassifications.view.Create","viewId":"application-manageclassifications-display-component---classificationCreate","bindingPath":{"path":"/VALUES/1","propertyPath":"TEXT","modelName":"dropdownValuesModel"},"searchOpenDialogs":true,"interaction":{"idSuffix":"inner"}},"wdio_ui5_key":"etmportal.ui.manageclassifications.view.Createsap.m.Input{\"path\":\"/VALUES/1\",\"propertyPath\":\"TEXT\",\"modelName\":\"dropdownValuesModel\"}"}]}
RESULT: undefined
COMMAND: POST /session/4f73fbc7686585ab41e1ef1183ea1846/execute/async - {"script":"<script> [776 bytes]","args":[{"enterText":"red","selector":{"controlType":"sap.m.Input","viewName":"etm.portal.ui.manageclassifications.view.Create","viewId":"application-manageclassifications-display-component---classificationCreate","bindingPath":{"path":"/VALUES/1","propertyPath":"TEXT","modelName":"dropdownValuesModel"},"searchOpenDialogs":true,"interaction":{"idSuffix":"inner"}},"clearTextFirst":true,"interactionType":"ENTER_TEXT"}]}
RESULT: {"script":"<script> [776 bytes]","args":[{"enterText":"red","selector":{"controlType":"sap.m.Input","viewName":"etm.portal.ui.manageclassifications.view.Create","viewId":"application-manageclassifications-display-component---classificationCreate","bindingPath":{"path":"/VALUES/1","propertyPath":"TEXT","modelName":"dropdownValuesModel"},"searchOpenDialogs":true,"interaction":{"idSuffix":"inner"}},"clearTextFirst":true,"interactionType":"ENTER_TEXT"}]}
COMMAND: POST /session/4f73fbc7686585ab41e1ef1183ea1846/execute/async - {"script":"<script> [1562 bytes]","args":[{"selector":{"controlType":"sap.m.Button","viewName":"etm.portal.ui.manageclassifications.view.Create","viewId":"application-manageclassifications-display-component---classificationCreate","i18NText":{"propertyName":"text","key":"save"},"searchOpenDialogs":true,"interaction":{"idSuffix":"BDI-content"}},"wdio_ui5_key":"etmportal.ui.manageclassifications.view.Createsap.m.Button{\"propertyName\":\"text\",\"key\":\"save\"}"}]}
RESULT: {"script":"<script> [1562 bytes]","args":[{"selector":{"controlType":"sap.m.Button","viewName":"etm.portal.ui.manageclassifications.view.Create","viewId":"application-manageclassifications-display-component---classificationCreate","i18NText":{"propertyName":"text","key":"save"},"searchOpenDialogs":true,"interaction":{"idSuffix":"BDI-content"}},"wdio_ui5_key":"etmportal.ui.manageclassifications.view.Createsap.m.Button{\"propertyName\":\"text\",\"key\":\"save\"}"}]}
RESULT: undefined
COMMAND: POST /session/4f73fbc7686585ab41e1ef1183ea1846/element - {"using":"xpath","value":"//*[@id=\"__button44\"]"}
RESULT: {"using":"xpath","value":"//*[@id=\"__button44\"]"}
COMMAND: POST /session/4f73fbc7686585ab41e1ef1183ea1846/element/f.37EC1E53C27724E540A226988372354E.d.20E300309AEE1023568090171398F19F.e.7221/click - {}
RESULT: {}
COMMAND: GET /session/4f73fbc7686585ab41e1ef1183ea1846/screenshot - {}
RESULT: {}
COMMAND: POST /session/4f73fbc7686585ab41e1ef1183ea1846/element - {"using":"xpath","value":"//button[@title=\"Save\"]"}
RESULT: {"using":"xpath","value":"//button[@title=\"Save\"]"}
COMMAND: POST /session/4f73fbc7686585ab41e1ef1183ea1846/element/f.37EC1E53C27724E540A226988372354E.d.20E300309AEE1023568090171398F19F.e.7146/click - {}
RESULT: {}
COMMAND: GET /session/4f73fbc7686585ab41e1ef1183ea1846/screenshot - {}
RESULT: {}
COMMAND: POST /session/4f73fbc7686585ab41e1ef1183ea1846/execute/async - {"script":"<script> [1562 bytes]","args":[{"selector":{"id":"application-manageclassifications-display-component---classificationMaster--smartFilterBar-btnBasicSearch","interaction":{"idSuffix":"I"}},"wdio_ui5_key":"applicationmanageclassifications-display-component---classificationMaster--smartFilterBar-btnBasicSearch"}]}
RESULT: {"script":"<script> [1562 bytes]","args":[{"selector":{"id":"application-manageclassifications-display-component---classificationMaster--smartFilterBar-btnBasicSearch","interaction":{"idSuffix":"I"}},"wdio_ui5_key":"applicationmanageclassifications-display-component---classificationMaster--smartFilterBar-btnBasicSearch"}]}
RESULT: undefined
COMMAND: POST /session/4f73fbc7686585ab41e1ef1183ea1846/execute/async - {"script":"<script> [776 bytes]","args":[{"enterText":"WebdriverItemClass1wvpy","selector":{"id":"application-manageclassifications-display-component---classificationMaster--smartFilterBar-btnBasicSearch","interaction":{"idSuffix":"I"}},"clearTextFirst":true,"interactionType":"ENTER_TEXT"}]}
RESULT: {"script":"<script> [776 bytes]","args":[{"enterText":"WebdriverItemClass1wvpy","selector":{"id":"application-manageclassifications-display-component---classificationMaster--smartFilterBar-btnBasicSearch","interaction":{"idSuffix":"I"}},"clearTextFirst":true,"interactionType":"ENTER_TEXT"}]}
COMMAND: POST /session/4f73fbc7686585ab41e1ef1183ea1846/actions - {"actions":[{"id":"action46","type":"key","parameters":{},"actions":[{"type":"keyDown","value":"î€‡"},{"type":"pause","duration":10},{"type":"keyUp","value":"î€‡"}]}]}
RESULT: {"actions":[{"id":"action46","type":"key","parameters":{},"actions":[{"type":"keyDown","value":"î€‡"},{"type":"pause","duration":10},{"type":"keyUp","value":"î€‡"}]}]}
COMMAND: POST /session/4f73fbc7686585ab41e1ef1183ea1846/execute/async - {"script":"<script> [1562 bytes]","args":[{"selector":{"id":"application-manageclassifications-display-component---classificationMaster--smartTable-header"},"wdio_ui5_key":"applicationmanageclassifications-display-component---classificationMaster--smartTable-header"}]}
COMMAND: GET /session/4f73fbc7686585ab41e1ef1183ea1846/screenshot - {}
RESULT: {"script":"<script> [1562 bytes]","args":[{"selector":{"id":"application-manageclassifications-display-component---classificationMaster--smartTable-header"},"wdio_ui5_key":"applicationmanageclassifications-display-component---classificationMaster--smartTable-header"}]}
RESULT: undefined
COMMAND: POST /session/4f73fbc7686585ab41e1ef1183ea1846/execute/async - {"script":"<script> [6424 bytes]","args":[{"element-6066-11e4-a52e-4f735466cecf":"f.37EC1E53C27724E540A226988372354E.d.20E300309AEE1023568090171398F19F.e.7432"},"getText",[]]}
RESULT: {}
RESULT: {"script":"<script> [6424 bytes]","args":[{"element-6066-11e4-a52e-4f735466cecf":"f.37EC1E53C27724E540A226988372354E.d.20E300309AEE1023568090171398F19F.e.7432"},"getText",[]]}
COMMAND: POST /session/4f73fbc7686585ab41e1ef1183ea1846/element - {"using":"css selector","value":"#shell-header-logo"}
RESULT: {"using":"css selector","value":"#shell-header-logo"}
COMMAND: POST /session/4f73fbc7686585ab41e1ef1183ea1846/element/f.37EC1E53C27724E540A226988372354E.d.20E300309AEE1023568090171398F19F.e.6750/click - {}
RESULT: {}
COMMAND: GET /session/4f73fbc7686585ab41e1ef1183ea1846/screenshot - {}
RESULT: {}
]]></system-out>
    </testcase>
    <testcase classname="chrome.135_0_7049_115.windows.Manage_requests_-_requests_specifications_US141095" name="Should create a new section and a catalog item" time="142.448">
      <system-out><![CDATA[
COMMAND: POST /session/4f73fbc7686585ab41e1ef1183ea1846/execute/async - {"script":"<script> [1562 bytes]","args":[{"selector":{"controlType":"sap.m.GenericTile","properties":{"header":"Manage Catalogs"}},"wdio_ui5_key":"sapm.GenericTile{\"header\":\"Manage Catalogs\"}"}]}
RESULT: {"script":"<script> [1562 bytes]","args":[{"selector":{"controlType":"sap.m.GenericTile","properties":{"header":"Manage Catalogs"}},"wdio_ui5_key":"sapm.GenericTile{\"header\":\"Manage Catalogs\"}"}]}
RESULT: undefined
COMMAND: POST /session/4f73fbc7686585ab41e1ef1183ea1846/element - {"using":"xpath","value":"//*[@id=\"__tile37\"]"}
RESULT: {"using":"xpath","value":"//*[@id=\"__tile37\"]"}
COMMAND: POST /session/4f73fbc7686585ab41e1ef1183ea1846/element/f.37EC1E53C27724E540A226988372354E.d.20E300309AEE1023568090171398F19F.e.7436/click - {}
RESULT: {}
COMMAND: GET /session/4f73fbc7686585ab41e1ef1183ea1846/screenshot - {}
RESULT: {}
COMMAND: POST /session/4f73fbc7686585ab41e1ef1183ea1846/execute/async - {"script":"<script> [1562 bytes]","args":[{"selector":{"controlType":"sap.m.Text","viewName":"etm.portal.ui.managecatalogs.view.MasterCatalogs","viewId":"application-managecatalogs-display-component---masterCatalogs","bindingPath":{"path":"/Catalogs('0D7502D073D53A0F1700BE067B89AFF9')","propertyPath":"DESCRIPTION","modelName":"catalogModel"}},"wdio_ui5_key":"etmportal.ui.managecatalogs.view.MasterCatalogssap.m.Text{\"path\":\"/Catalogs('0D7502D073D53A0F1700BE067B89AFF9')\",\"propertyPath\":\"DESCRIPTION\",\"modelName\":\"catalogModel\"}"}]}
RESULT: {"script":"<script> [1562 bytes]","args":[{"selector":{"controlType":"sap.m.Text","viewName":"etm.portal.ui.managecatalogs.view.MasterCatalogs","viewId":"application-managecatalogs-display-component---masterCatalogs","bindingPath":{"path":"/Catalogs('0D7502D073D53A0F1700BE067B89AFF9')","propertyPath":"DESCRIPTION","modelName":"catalogModel"}},"wdio_ui5_key":"etmportal.ui.managecatalogs.view.MasterCatalogssap.m.Text{\"path\":\"/Catalogs('0D7502D073D53A0F1700BE067B89AFF9')\",\"propertyPath\":\"DESCRIPTION\",\"modelName\":\"catalogModel\"}"}]}
RESULT: undefined
COMMAND: POST /session/4f73fbc7686585ab41e1ef1183ea1846/element - {"using":"xpath","value":"//*[@id=\"__text434-application-managecatalogs-display-component---masterCatalogs--CatalogsTable-11\"]"}
RESULT: {"using":"xpath","value":"//*[@id=\"__text434-application-managecatalogs-display-component---masterCatalogs--CatalogsTable-11\"]"}
COMMAND: POST /session/4f73fbc7686585ab41e1ef1183ea1846/element/f.37EC1E53C27724E540A226988372354E.d.20E300309AEE1023568090171398F19F.e.7505/click - {}
RESULT: {}
COMMAND: POST /session/4f73fbc7686585ab41e1ef1183ea1846/execute/async - {"script":"<script> [1562 bytes]","args":[{"selector":{"controlType":"sap.ui.layout.HorizontalLayout","viewName":"etm.portal.ui.managecatalogs.view.MasterItems","viewId":"application-managecatalogs-display-component---masterCatalogItems","ancestor":{"id":"application-managecatalogs-display-component---masterCatalogItems--idCatalogItemsTree-rows-row0"}},"wdio_ui5_key":"etmportal.ui.managecatalogs.view.MasterItemssap.ui.layout.HorizontalLayout{\"id\":\"application-managecatalogs-display-component---masterCatalogItems--idCatalogItemsTree-rows-row0\"}"}]}
COMMAND: GET /session/4f73fbc7686585ab41e1ef1183ea1846/screenshot - {}
RESULT: {"script":"<script> [1562 bytes]","args":[{"selector":{"controlType":"sap.ui.layout.HorizontalLayout","viewName":"etm.portal.ui.managecatalogs.view.MasterItems","viewId":"application-managecatalogs-display-component---masterCatalogItems","ancestor":{"id":"application-managecatalogs-display-component---masterCatalogItems--idCatalogItemsTree-rows-row0"}},"wdio_ui5_key":"etmportal.ui.managecatalogs.view.MasterItemssap.ui.layout.HorizontalLayout{\"id\":\"application-managecatalogs-display-component---masterCatalogItems--idCatalogItemsTree-rows-row0\"}"}]}
RESULT: undefined
COMMAND: POST /session/4f73fbc7686585ab41e1ef1183ea1846/element - {"using":"xpath","value":"//*[@id=\"__layout40-__clone480\"]"}
RESULT: {}
RESULT: {"using":"xpath","value":"//*[@id=\"__layout40-__clone480\"]"}
COMMAND: POST /session/4f73fbc7686585ab41e1ef1183ea1846/element/f.37EC1E53C27724E540A226988372354E.d.20E300309AEE1023568090171398F19F.e.7540/click - {}
RESULT: {}
COMMAND: GET /session/4f73fbc7686585ab41e1ef1183ea1846/screenshot - {}
COMMAND: POST /session/4f73fbc7686585ab41e1ef1183ea1846/execute/async - {"script":"<script> [1562 bytes]","args":[{"selector":{"controlType":"sap.m.Button","viewName":"etm.portal.ui.managecatalogs.view.Detail","viewId":"application-managecatalogs-display-component---detailCatalog","i18NText":{"propertyName":"text","key":"edit"},"interaction":{"idSuffix":"BDI-content"}},"wdio_ui5_key":"etmportal.ui.managecatalogs.view.Detailsap.m.Button{\"propertyName\":\"text\",\"key\":\"edit\"}"}]}
RESULT: {}
RESULT: {"script":"<script> [1562 bytes]","args":[{"selector":{"controlType":"sap.m.Button","viewName":"etm.portal.ui.managecatalogs.view.Detail","viewId":"application-managecatalogs-display-component---detailCatalog","i18NText":{"propertyName":"text","key":"edit"},"interaction":{"idSuffix":"BDI-content"}},"wdio_ui5_key":"etmportal.ui.managecatalogs.view.Detailsap.m.Button{\"propertyName\":\"text\",\"key\":\"edit\"}"}]}
RESULT: undefined
COMMAND: POST /session/4f73fbc7686585ab41e1ef1183ea1846/element - {"using":"xpath","value":"//*[@id=\"__button88\"]"}
RESULT: {"using":"xpath","value":"//*[@id=\"__button88\"]"}
COMMAND: POST /session/4f73fbc7686585ab41e1ef1183ea1846/element/f.37EC1E53C27724E540A226988372354E.d.20E300309AEE1023568090171398F19F.e.7630/click - {}
RESULT: {}
COMMAND: GET /session/4f73fbc7686585ab41e1ef1183ea1846/screenshot - {}
RESULT: {}
COMMAND: POST /session/4f73fbc7686585ab41e1ef1183ea1846/element - {"using":"xpath","value":"//bdi[contains(text(), \"Unlock\")]"}
RESULT: {"using":"xpath","value":"//bdi[contains(text(), \"Unlock\")]"}
COMMAND: POST /session/4f73fbc7686585ab41e1ef1183ea1846/elements - {"using":"xpath","value":"//bdi[contains(text(), \"Unlock\")]"}
RESULT: {"using":"xpath","value":"//bdi[contains(text(), \"Unlock\")]"}
COMMAND: POST /session/4f73fbc7686585ab41e1ef1183ea1846/execute/async - {"script":"<script> [1562 bytes]","args":[{"selector":{"controlType":"sap.ui.core.Icon","viewName":"etm.portal.ui.managecatalogs.view.Detail","viewId":"application-managecatalogs-display-component---detailCatalog","properties":{"src":{"regex":{"source":"add\\-folder"}}}},"wdio_ui5_key":"etmportal.ui.managecatalogs.view.Detailsap.ui.core.Icon{\"src\":{\"regex\":{\"source\":\"add\\\\-folder\"}}}"}]}
RESULT: {"script":"<script> [1562 bytes]","args":[{"selector":{"controlType":"sap.ui.core.Icon","viewName":"etm.portal.ui.managecatalogs.view.Detail","viewId":"application-managecatalogs-display-component---detailCatalog","properties":{"src":{"regex":{"source":"add\\-folder"}}}},"wdio_ui5_key":"etmportal.ui.managecatalogs.view.Detailsap.ui.core.Icon{\"src\":{\"regex\":{\"source\":\"add\\\\-folder\"}}}"}]}
RESULT: undefined
COMMAND: POST /session/4f73fbc7686585ab41e1ef1183ea1846/element - {"using":"xpath","value":"//*[@id=\"__button96-img\"]"}
RESULT: {"using":"xpath","value":"//*[@id=\"__button96-img\"]"}
COMMAND: POST /session/4f73fbc7686585ab41e1ef1183ea1846/element/f.37EC1E53C27724E540A226988372354E.d.20E300309AEE1023568090171398F19F.e.7638/click - {}
RESULT: {}
COMMAND: GET /session/4f73fbc7686585ab41e1ef1183ea1846/screenshot - {}
RESULT: {}
COMMAND: POST /session/4f73fbc7686585ab41e1ef1183ea1846/execute/async - {"script":"<script> [1562 bytes]","args":[{"selector":{"id":"application-managecatalogs-display-component---detailCatalog--numberInput","searchOpenDialogs":true,"interaction":{"idSuffix":"inner"}},"wdio_ui5_key":"applicationmanagecatalogs-display-component---detailCatalog--numberInput"}]}
RESULT: {"script":"<script> [1562 bytes]","args":[{"selector":{"id":"application-managecatalogs-display-component---detailCatalog--numberInput","searchOpenDialogs":true,"interaction":{"idSuffix":"inner"}},"wdio_ui5_key":"applicationmanagecatalogs-display-component---detailCatalog--numberInput"}]}
RESULT: undefined
COMMAND: POST /session/4f73fbc7686585ab41e1ef1183ea1846/execute/async - {"script":"<script> [776 bytes]","args":[{"enterText":"Sectionnx1q1","selector":{"id":"application-managecatalogs-display-component---detailCatalog--numberInput","searchOpenDialogs":true,"interaction":{"idSuffix":"inner"}},"clearTextFirst":true,"interactionType":"ENTER_TEXT"}]}
RESULT: {"script":"<script> [776 bytes]","args":[{"enterText":"Sectionnx1q1","selector":{"id":"application-managecatalogs-display-component---detailCatalog--numberInput","searchOpenDialogs":true,"interaction":{"idSuffix":"inner"}},"clearTextFirst":true,"interactionType":"ENTER_TEXT"}]}
COMMAND: POST /session/4f73fbc7686585ab41e1ef1183ea1846/element - {"using":"css selector","value":"#application-managecatalogs-display-component---detailCatalog--nameInput-inner"}
RESULT: {"using":"css selector","value":"#application-managecatalogs-display-component---detailCatalog--nameInput-inner"}
COMMAND: POST /session/4f73fbc7686585ab41e1ef1183ea1846/elements - {"using":"css selector","value":"#application-managecatalogs-display-component---detailCatalog--nameInput-inner"}
RESULT: {"using":"css selector","value":"#application-managecatalogs-display-component---detailCatalog--nameInput-inner"}
COMMAND: POST /session/4f73fbc7686585ab41e1ef1183ea1846/element/f.37EC1E53C27724E540A226988372354E.d.20E300309AEE1023568090171398F19F.e.7642/clear - {}
RESULT: {}
COMMAND: POST /session/4f73fbc7686585ab41e1ef1183ea1846/element/f.37EC1E53C27724E540A226988372354E.d.20E300309AEE1023568090171398F19F.e.7642/value - {"text":"Webdriveratfd8"}
COMMAND: GET /session/4f73fbc7686585ab41e1ef1183ea1846/screenshot - {}
RESULT: {"text":"Webdriveratfd8"}
COMMAND: POST /session/4f73fbc7686585ab41e1ef1183ea1846/execute/async - {"script":"<script> [1562 bytes]","args":[{"selector":{"controlType":"sap.m.Button","viewName":"etm.portal.ui.managecatalogs.view.Detail","viewId":"application-managecatalogs-display-component---detailCatalog","i18NText":{"propertyName":"text","key":"create"},"searchOpenDialogs":true,"interaction":{"idSuffix":"BDI-content"}},"wdio_ui5_key":"etmportal.ui.managecatalogs.view.Detailsap.m.Button{\"propertyName\":\"text\",\"key\":\"create\"}"}]}
COMMAND: GET /session/4f73fbc7686585ab41e1ef1183ea1846/screenshot - {}
RESULT: {}
RESULT: {"script":"<script> [1562 bytes]","args":[{"selector":{"controlType":"sap.m.Button","viewName":"etm.portal.ui.managecatalogs.view.Detail","viewId":"application-managecatalogs-display-component---detailCatalog","i18NText":{"propertyName":"text","key":"create"},"searchOpenDialogs":true,"interaction":{"idSuffix":"BDI-content"}},"wdio_ui5_key":"etmportal.ui.managecatalogs.view.Detailsap.m.Button{\"propertyName\":\"text\",\"key\":\"create\"}"}]}
RESULT: undefined
COMMAND: POST /session/4f73fbc7686585ab41e1ef1183ea1846/element - {"using":"xpath","value":"//*[@id=\"__button66\"]"}
RESULT: {}
RESULT: {"using":"xpath","value":"//*[@id=\"__button66\"]"}
COMMAND: POST /session/4f73fbc7686585ab41e1ef1183ea1846/element/f.37EC1E53C27724E540A226988372354E.d.20E300309AEE1023568090171398F19F.e.7647/click - {}
RESULT: {}
COMMAND: GET /session/4f73fbc7686585ab41e1ef1183ea1846/screenshot - {}
RESULT: {}
COMMAND: POST /session/4f73fbc7686585ab41e1ef1183ea1846/element - {"using":"xpath","value":"//button[@title=\"Save\"]"}
RESULT: {"using":"xpath","value":"//button[@title=\"Save\"]"}
COMMAND: POST /session/4f73fbc7686585ab41e1ef1183ea1846/element/f.37EC1E53C27724E540A226988372354E.d.20E300309AEE1023568090171398F19F.e.7648/click - {}
RESULT: {}
COMMAND: POST /session/4f73fbc7686585ab41e1ef1183ea1846/execute/async - {"script":"<script> [1562 bytes]","args":[{"selector":{"controlType":"sap.ui.core.Icon","viewName":"etm.portal.ui.managecatalogs.view.Detail","viewId":"application-managecatalogs-display-component---detailCatalog","properties":{"src":{"regex":{"source":"decline"}}}},"wdio_ui5_key":"etmportal.ui.managecatalogs.view.Detailsap.ui.core.Icon{\"src\":{\"regex\":{\"source\":\"decline\"}}}"}]}
COMMAND: GET /session/4f73fbc7686585ab41e1ef1183ea1846/screenshot - {}
RESULT: {"script":"<script> [1562 bytes]","args":[{"selector":{"controlType":"sap.ui.core.Icon","viewName":"etm.portal.ui.managecatalogs.view.Detail","viewId":"application-managecatalogs-display-component---detailCatalog","properties":{"src":{"regex":{"source":"decline"}}}},"wdio_ui5_key":"etmportal.ui.managecatalogs.view.Detailsap.ui.core.Icon{\"src\":{\"regex\":{\"source\":\"decline\"}}}"}]}
RESULT: undefined
COMMAND: POST /session/4f73fbc7686585ab41e1ef1183ea1846/element - {"using":"xpath","value":"//*[@id=\"__button91-img\"]"}
RESULT: {}
RESULT: {"using":"xpath","value":"//*[@id=\"__button91-img\"]"}
COMMAND: POST /session/4f73fbc7686585ab41e1ef1183ea1846/element/f.37EC1E53C27724E540A226988372354E.d.20E300309AEE1023568090171398F19F.e.7654/click - {}
RESULT: {}
COMMAND: GET /session/4f73fbc7686585ab41e1ef1183ea1846/screenshot - {}
RESULT: {}
COMMAND: POST /session/4f73fbc7686585ab41e1ef1183ea1846/execute/async - {"script":"<script> [1562 bytes]","args":[{"selector":{"controlType":"sap.ui.core.Icon","viewName":"etm.portal.ui.managecatalogs.view.MasterItems","viewId":"application-managecatalogs-display-component---masterCatalogItems","properties":{"src":{"regex":{"source":"refresh"}}}},"wdio_ui5_key":"etmportal.ui.managecatalogs.view.MasterItemssap.ui.core.Icon{\"src\":{\"regex\":{\"source\":\"refresh\"}}}"}]}
RESULT: {"script":"<script> [1562 bytes]","args":[{"selector":{"controlType":"sap.ui.core.Icon","viewName":"etm.portal.ui.managecatalogs.view.MasterItems","viewId":"application-managecatalogs-display-component---masterCatalogItems","properties":{"src":{"regex":{"source":"refresh"}}}},"wdio_ui5_key":"etmportal.ui.managecatalogs.view.MasterItemssap.ui.core.Icon{\"src\":{\"regex\":{\"source\":\"refresh\"}}}"}]}
RESULT: undefined
COMMAND: POST /session/4f73fbc7686585ab41e1ef1183ea1846/element - {"using":"xpath","value":"//*[@id=\"__button64-img\"]"}
RESULT: {"using":"xpath","value":"//*[@id=\"__button64-img\"]"}
COMMAND: POST /session/4f73fbc7686585ab41e1ef1183ea1846/element/f.37EC1E53C27724E540A226988372354E.d.20E300309AEE1023568090171398F19F.e.7691/click - {}
RESULT: {}
COMMAND: POST /session/4f73fbc7686585ab41e1ef1183ea1846/execute/async - {"script":"<script> [1562 bytes]","args":[{"selector":{"id":"application-managecatalogs-display-component---masterCatalogItems--searchItemsField","interaction":{"idSuffix":"I"}},"wdio_ui5_key":"applicationmanagecatalogs-display-component---masterCatalogItems--searchItemsField"}]}
COMMAND: GET /session/4f73fbc7686585ab41e1ef1183ea1846/screenshot - {}
RESULT: {"script":"<script> [1562 bytes]","args":[{"selector":{"id":"application-managecatalogs-display-component---masterCatalogItems--searchItemsField","interaction":{"idSuffix":"I"}},"wdio_ui5_key":"applicationmanagecatalogs-display-component---masterCatalogItems--searchItemsField"}]}
RESULT: undefined
COMMAND: POST /session/4f73fbc7686585ab41e1ef1183ea1846/execute/async - {"script":"<script> [776 bytes]","args":[{"enterText":"Webdriveratfd8","selector":{"id":"application-managecatalogs-display-component---masterCatalogItems--searchItemsField","interaction":{"idSuffix":"I"}},"clearTextFirst":true,"interactionType":"ENTER_TEXT"}]}
RESULT: {}
RESULT: {"script":"<script> [776 bytes]","args":[{"enterText":"Webdriveratfd8","selector":{"id":"application-managecatalogs-display-component---masterCatalogItems--searchItemsField","interaction":{"idSuffix":"I"}},"clearTextFirst":true,"interactionType":"ENTER_TEXT"}]}
COMMAND: POST /session/4f73fbc7686585ab41e1ef1183ea1846/actions - {"actions":[{"id":"action47","type":"key","parameters":{},"actions":[{"type":"keyDown","value":"î€‡"},{"type":"pause","duration":10},{"type":"keyUp","value":"î€‡"}]}]}
RESULT: {"actions":[{"id":"action47","type":"key","parameters":{},"actions":[{"type":"keyDown","value":"î€‡"},{"type":"pause","duration":10},{"type":"keyUp","value":"î€‡"}]}]}
COMMAND: POST /session/4f73fbc7686585ab41e1ef1183ea1846/element - {"using":"xpath","value":"(//span[contains(text(), \"Webdriveratfd8\")])[1]"}
COMMAND: GET /session/4f73fbc7686585ab41e1ef1183ea1846/screenshot - {}
RESULT: {"using":"xpath","value":"(//span[contains(text(), \"Webdriveratfd8\")])[1]"}
COMMAND: POST /session/4f73fbc7686585ab41e1ef1183ea1846/element/f.37EC1E53C27724E540A226988372354E.d.20E300309AEE1023568090171398F19F.e.7694/click - {}
RESULT: {}
RESULT: {}
COMMAND: GET /session/4f73fbc7686585ab41e1ef1183ea1846/screenshot - {}
RESULT: {}
RESULT: undefined
COMMAND: POST /session/4f73fbc7686585ab41e1ef1183ea1846/element - {"using":"xpath","value":"//*[@id=\"__button88\"]"}
RESULT: {"using":"xpath","value":"//*[@id=\"__button88\"]"}
COMMAND: POST /session/4f73fbc7686585ab41e1ef1183ea1846/element/f.37EC1E53C27724E540A226988372354E.d.20E300309AEE1023568090171398F19F.e.7731/click - {}
RESULT: {}
COMMAND: GET /session/4f73fbc7686585ab41e1ef1183ea1846/screenshot - {}
RESULT: {}
RESULT: undefined
COMMAND: POST /session/4f73fbc7686585ab41e1ef1183ea1846/element - {"using":"xpath","value":"//*[@id=\"__button96-img\"]"}
RESULT: {"using":"xpath","value":"//*[@id=\"__button96-img\"]"}
COMMAND: POST /session/4f73fbc7686585ab41e1ef1183ea1846/element/f.37EC1E53C27724E540A226988372354E.d.20E300309AEE1023568090171398F19F.e.7782/click - {}
RESULT: {}
COMMAND: GET /session/4f73fbc7686585ab41e1ef1183ea1846/screenshot - {}
RESULT: {}
RESULT: undefined
COMMAND: POST /session/4f73fbc7686585ab41e1ef1183ea1846/execute/async - {"script":"<script> [776 bytes]","args":[{"enterText":"SecondSectionace8g","selector":{"id":"application-managecatalogs-display-component---detailCatalog--numberInput","searchOpenDialogs":true,"interaction":{"idSuffix":"inner"}},"clearTextFirst":true,"interactionType":"ENTER_TEXT"}]}
RESULT: {"script":"<script> [776 bytes]","args":[{"enterText":"SecondSectionace8g","selector":{"id":"application-managecatalogs-display-component---detailCatalog--numberInput","searchOpenDialogs":true,"interaction":{"idSuffix":"inner"}},"clearTextFirst":true,"interactionType":"ENTER_TEXT"}]}
COMMAND: POST /session/4f73fbc7686585ab41e1ef1183ea1846/element - {"using":"xpath","value":"//input[contains(@id ,\"application-managecatalogs-display-component---detailCatalog--nameInput-inner\")]"}
RESULT: {"using":"xpath","value":"//input[contains(@id ,\"application-managecatalogs-display-component---detailCatalog--nameInput-inner\")]"}
COMMAND: POST /session/4f73fbc7686585ab41e1ef1183ea1846/elements - {"using":"xpath","value":"//input[contains(@id ,\"application-managecatalogs-display-component---detailCatalog--nameInput-inner\")]"}
RESULT: {"using":"xpath","value":"//input[contains(@id ,\"application-managecatalogs-display-component---detailCatalog--nameInput-inner\")]"}
COMMAND: POST /session/4f73fbc7686585ab41e1ef1183ea1846/element/f.37EC1E53C27724E540A226988372354E.d.20E300309AEE1023568090171398F19F.e.7786/clear - {}
RESULT: {}
COMMAND: POST /session/4f73fbc7686585ab41e1ef1183ea1846/element/f.37EC1E53C27724E540A226988372354E.d.20E300309AEE1023568090171398F19F.e.7786/value - {"text":"webdriversecondki9ve"}
COMMAND: GET /session/4f73fbc7686585ab41e1ef1183ea1846/screenshot - {}
RESULT: {"text":"webdriversecondki9ve"}
RESULT: undefined
COMMAND: POST /session/4f73fbc7686585ab41e1ef1183ea1846/element - {"using":"xpath","value":"//*[@id=\"__button66\"]"}
COMMAND: GET /session/4f73fbc7686585ab41e1ef1183ea1846/screenshot - {}
RESULT: {}
RESULT: {"using":"xpath","value":"//*[@id=\"__button66\"]"}
COMMAND: POST /session/4f73fbc7686585ab41e1ef1183ea1846/element/f.37EC1E53C27724E540A226988372354E.d.20E300309AEE1023568090171398F19F.e.7790/click - {}
RESULT: {}
RESULT: {}
COMMAND: GET /session/4f73fbc7686585ab41e1ef1183ea1846/screenshot - {}
RESULT: {}
COMMAND: POST /session/4f73fbc7686585ab41e1ef1183ea1846/element - {"using":"xpath","value":"//button[@title=\"Save\"]"}
RESULT: {"using":"xpath","value":"//button[@title=\"Save\"]"}
COMMAND: POST /session/4f73fbc7686585ab41e1ef1183ea1846/element/f.37EC1E53C27724E540A226988372354E.d.20E300309AEE1023568090171398F19F.e.7767/click - {}
RESULT: {}
COMMAND: GET /session/4f73fbc7686585ab41e1ef1183ea1846/screenshot - {}
RESULT: {}
RESULT: undefined
COMMAND: POST /session/4f73fbc7686585ab41e1ef1183ea1846/element - {"using":"xpath","value":"//*[@id=\"__button91-img\"]"}
RESULT: {"using":"xpath","value":"//*[@id=\"__button91-img\"]"}
COMMAND: POST /session/4f73fbc7686585ab41e1ef1183ea1846/element/f.37EC1E53C27724E540A226988372354E.d.20E300309AEE1023568090171398F19F.e.7738/click - {}
RESULT: {}
COMMAND: GET /session/4f73fbc7686585ab41e1ef1183ea1846/screenshot - {}
RESULT: {}
RESULT: undefined
COMMAND: POST /session/4f73fbc7686585ab41e1ef1183ea1846/element - {"using":"xpath","value":"//*[@id=\"__button64-img\"]"}
RESULT: {"using":"xpath","value":"//*[@id=\"__button64-img\"]"}
COMMAND: POST /session/4f73fbc7686585ab41e1ef1183ea1846/element/f.37EC1E53C27724E540A226988372354E.d.20E300309AEE1023568090171398F19F.e.7827/click - {}
RESULT: {}
COMMAND: GET /session/4f73fbc7686585ab41e1ef1183ea1846/screenshot - {}
RESULT: {}
RESULT: undefined
COMMAND: POST /session/4f73fbc7686585ab41e1ef1183ea1846/execute/async - {"script":"<script> [776 bytes]","args":[{"enterText":"SecondSectionace8g","selector":{"id":"application-managecatalogs-display-component---masterCatalogItems--searchItemsField","interaction":{"idSuffix":"I"}},"clearTextFirst":true,"interactionType":"ENTER_TEXT"}]}
RESULT: {"script":"<script> [776 bytes]","args":[{"enterText":"SecondSectionace8g","selector":{"id":"application-managecatalogs-display-component---masterCatalogItems--searchItemsField","interaction":{"idSuffix":"I"}},"clearTextFirst":true,"interactionType":"ENTER_TEXT"}]}
COMMAND: POST /session/4f73fbc7686585ab41e1ef1183ea1846/actions - {"actions":[{"id":"action48","type":"key","parameters":{},"actions":[{"type":"keyDown","value":"î€‡"},{"type":"pause","duration":10},{"type":"keyUp","value":"î€‡"}]}]}
RESULT: {"actions":[{"id":"action48","type":"key","parameters":{},"actions":[{"type":"keyDown","value":"î€‡"},{"type":"pause","duration":10},{"type":"keyUp","value":"î€‡"}]}]}
COMMAND: POST /session/4f73fbc7686585ab41e1ef1183ea1846/element - {"using":"xpath","value":"(//span[contains(text(), \"SecondSectionace8g\")])[1]"}
COMMAND: GET /session/4f73fbc7686585ab41e1ef1183ea1846/screenshot - {}
RESULT: {"using":"xpath","value":"(//span[contains(text(), \"SecondSectionace8g\")])[1]"}
COMMAND: POST /session/4f73fbc7686585ab41e1ef1183ea1846/element/f.37EC1E53C27724E540A226988372354E.d.20E300309AEE1023568090171398F19F.e.7830/click - {}
RESULT: {}
RESULT: {}
COMMAND: POST /session/4f73fbc7686585ab41e1ef1183ea1846/element - {"using":"xpath","value":"(//span[contains(text(), \"SecondSectionace8g\")])[1]"}
COMMAND: GET /session/4f73fbc7686585ab41e1ef1183ea1846/screenshot - {}
RESULT: {"using":"xpath","value":"(//span[contains(text(), \"SecondSectionace8g\")])[1]"}
COMMAND: GET /session/4f73fbc7686585ab41e1ef1183ea1846/element/f.37EC1E53C27724E540A226988372354E.d.20E300309AEE1023568090171398F19F.e.7830/text - {}
RESULT: {}
COMMAND: POST /session/4f73fbc7686585ab41e1ef1183ea1846/element - {"using":"xpath","value":"(//span[contains(text(), \"SecondSectionace8g\")])[1]"}
RESULT: {"using":"xpath","value":"(//span[contains(text(), \"SecondSectionace8g\")])[1]"}
COMMAND: GET /session/4f73fbc7686585ab41e1ef1183ea1846/element/f.37EC1E53C27724E540A226988372354E.d.20E300309AEE1023568090171398F19F.e.7830/text - {}
COMMAND: POST /session/4f73fbc7686585ab41e1ef1183ea1846/element - {"using":"xpath","value":"(//span[contains(text(), \"SecondSectionace8g\")])[1]"}
RESULT: {"using":"xpath","value":"(//span[contains(text(), \"SecondSectionace8g\")])[1]"}
COMMAND: GET /session/4f73fbc7686585ab41e1ef1183ea1846/element/f.37EC1E53C27724E540A226988372354E.d.20E300309AEE1023568090171398F19F.e.7882/text - {}
RESULT: {}
COMMAND: POST /session/4f73fbc7686585ab41e1ef1183ea1846/refresh - {}
RESULT: {}
COMMAND: GET /session/4f73fbc7686585ab41e1ef1183ea1846/screenshot - {}
RESULT: {}
COMMAND: POST /session/4f73fbc7686585ab41e1ef1183ea1846/execute/async - {"script":"<script> [189 bytes]","args":[]}
RESULT: {"script":"<script> [189 bytes]","args":[]}
COMMAND: POST /session/4f73fbc7686585ab41e1ef1183ea1846/execute/async - {"script":"<script> [123 bytes]","args":[]}
RESULT: {"script":"<script> [123 bytes]","args":[]}
COMMAND: POST /session/4f73fbc7686585ab41e1ef1183ea1846/timeouts - {"script":"<number>"}
RESULT: {"script":"<number>"}
COMMAND: GET /session/4f73fbc7686585ab41e1ef1183ea1846/timeouts - {}
RESULT: {}
RESULT: undefined
COMMAND: POST /session/4f73fbc7686585ab41e1ef1183ea1846/execute/async - {"script":"<script> [2676 bytes]","args":[]}
RESULT: {"script":"<script> [2676 bytes]","args":[]}
COMMAND: POST /session/4f73fbc7686585ab41e1ef1183ea1846/execute/async - {"script":"<script> [2342 bytes]","args":[{"protocol":"http","hostname":"0.0.0.0","path":"/","capabilities":{"browserName":"chrome","goog:chromeOptions":{"binary":"C:\\Program Files\\Google\\Chrome\\Application\\chrome.exe","args":["--start-maximized"]}},"logLevel":"warn","connectionRetryTimeout":120000,"connectionRetryCount":3,"logLevels":{},"enableDirectConnect":true,"strictSSL":true,"_":"65 more keys: [\"cacheDir\",\"port\",\"requestedCapabilities\",\"automationProtocol\",\"baseUrl\",\"waitforInterval\",\"waitforTimeout\",\"onReload\",\"beforeCommand\",\"afterCommand\",\"rootDir\",\"specs\",\"suites\",\"exclude\",\"groupLogsByTestSpec\",\"excludeDriverLogs\",\"bail\",\"framework\",\"reporters\",\"services\",\"maxInstances\",\"maxInstancesPerCapability\",\"injectGlobals\",\"filesToWatch\",\"execArgv\",\"runnerEnv\",\"runner\",\"shard\",\"specFileRetries\",\"specFileRetriesDelay\",\"specFileRetriesDeferred\",\"reporterSyncInterval\",\"reporterSyncTimeout\",\"cucumberFeaturesWithLineNumbers\",\"autoCompileOpts\",\"mochaOpts\",\"jasmineOpts\",\"cucumberOpts\",\"onPrepare\",\"onWorkerStart\",\"onWorkerEnd\",\"before\",\"beforeSession\",\"beforeSuite\",\"beforeHook\",\"beforeTest\",\"afterTest\",\"afterHook\",\"afterSuite\",\"afterSession\",\"after\",\"onComplete\",\"beforeAssertion\",\"afterAssertion\",\"beforeFeature\",\"beforeScenario\",\"beforeStep\",\"afterStep\",\"afterScenario\",\"afterFeature\",\"_\",\"suite\",\"$0\",\"ignoredWorkerServices\",\"wdi5\"]"}]}
RESULT: {"script":"<script> [2342 bytes]","args":[{"protocol":"http","hostname":"0.0.0.0","path":"/","capabilities":{"browserName":"chrome","goog:chromeOptions":{"binary":"C:\\Program Files\\Google\\Chrome\\Application\\chrome.exe","args":["--start-maximized"]}},"logLevel":"warn","connectionRetryTimeout":120000,"connectionRetryCount":3,"logLevels":{},"enableDirectConnect":true,"strictSSL":true,"_":"65 more keys: [\"cacheDir\",\"port\",\"requestedCapabilities\",\"automationProtocol\",\"baseUrl\",\"waitforInterval\",\"waitforTimeout\",\"onReload\",\"beforeCommand\",\"afterCommand\",\"rootDir\",\"specs\",\"suites\",\"exclude\",\"groupLogsByTestSpec\",\"excludeDriverLogs\",\"bail\",\"framework\",\"reporters\",\"services\",\"maxInstances\",\"maxInstancesPerCapability\",\"injectGlobals\",\"filesToWatch\",\"execArgv\",\"runnerEnv\",\"runner\",\"shard\",\"specFileRetries\",\"specFileRetriesDelay\",\"specFileRetriesDeferred\",\"reporterSyncInterval\",\"reporterSyncTimeout\",\"cucumberFeaturesWithLineNumbers\",\"autoCompileOpts\",\"mochaOpts\",\"jasmineOpts\",\"cucumberOpts\",\"onPrepare\",\"onWorkerStart\",\"onWorkerEnd\",\"before\",\"beforeSession\",\"beforeSuite\",\"beforeHook\",\"beforeTest\",\"afterTest\",\"afterHook\",\"afterSuite\",\"afterSession\",\"after\",\"onComplete\",\"beforeAssertion\",\"afterAssertion\",\"beforeFeature\",\"beforeScenario\",\"beforeStep\",\"afterStep\",\"afterScenario\",\"afterFeature\",\"_\",\"suite\",\"$0\",\"ignoredWorkerServices\",\"wdi5\"]"}]}
COMMAND: POST /session/4f73fbc7686585ab41e1ef1183ea1846/execute/async - {"script":"<script> [21126 bytes]","args":[35000]}
RESULT: {"script":"<script> [21126 bytes]","args":[35000]}
COMMAND: POST /session/4f73fbc7686585ab41e1ef1183ea1846/execute/async - {"script":"<script> [1562 bytes]","args":[{"selector":{"controlType":"sap.m.Button","viewName":"etm.portal.ui.managecatalogs.view.Detail","viewId":"application-managecatalogs-display-component---detailCatalog","i18NText":{"propertyName":"text","key":"edit"},"interaction":{"idSuffix":"BDI-content"}},"wdio_ui5_key":"etmportal.ui.managecatalogs.view.Detailsap.m.Button{\"propertyName\":\"text\",\"key\":\"edit\"}"}]}
RESULT: {"script":"<script> [1562 bytes]","args":[{"selector":{"controlType":"sap.m.Button","viewName":"etm.portal.ui.managecatalogs.view.Detail","viewId":"application-managecatalogs-display-component---detailCatalog","i18NText":{"propertyName":"text","key":"edit"},"interaction":{"idSuffix":"BDI-content"}},"wdio_ui5_key":"etmportal.ui.managecatalogs.view.Detailsap.m.Button{\"propertyName\":\"text\",\"key\":\"edit\"}"}]}
RESULT: undefined
COMMAND: POST /session/4f73fbc7686585ab41e1ef1183ea1846/element - {"using":"xpath","value":"//*[@id=\"__button25\"]"}
RESULT: {"using":"xpath","value":"//*[@id=\"__button25\"]"}
COMMAND: POST /session/4f73fbc7686585ab41e1ef1183ea1846/element/f.37EC1E53C27724E540A226988372354E.d.0534964CE54DF2982CDE74709DF95CD4.e.7938/click - {}
RESULT: {}
COMMAND: POST /session/4f73fbc7686585ab41e1ef1183ea1846/execute/async - {"script":"<script> [1562 bytes]","args":[{"selector":{"controlType":"sap.ui.core.Icon","viewName":"etm.portal.ui.managecatalogs.view.Detail","viewId":"application-managecatalogs-display-component---detailCatalog","properties":{"src":{"regex":{"source":"add\\-document"}}}},"wdio_ui5_key":"etmportal.ui.managecatalogs.view.Detailsap.ui.core.Icon{\"src\":{\"regex\":{\"source\":\"add\\\\-document\"}}}"}]}
COMMAND: GET /session/4f73fbc7686585ab41e1ef1183ea1846/screenshot - {}
RESULT: {"script":"<script> [1562 bytes]","args":[{"selector":{"controlType":"sap.ui.core.Icon","viewName":"etm.portal.ui.managecatalogs.view.Detail","viewId":"application-managecatalogs-display-component---detailCatalog","properties":{"src":{"regex":{"source":"add\\-document"}}}},"wdio_ui5_key":"etmportal.ui.managecatalogs.view.Detailsap.ui.core.Icon{\"src\":{\"regex\":{\"source\":\"add\\\\-document\"}}}"}]}
RESULT: undefined
COMMAND: POST /session/4f73fbc7686585ab41e1ef1183ea1846/element - {"using":"xpath","value":"//*[@id=\"__button34-img\"]"}
RESULT: {}
RESULT: {"using":"xpath","value":"//*[@id=\"__button34-img\"]"}
COMMAND: POST /session/4f73fbc7686585ab41e1ef1183ea1846/element/f.37EC1E53C27724E540A226988372354E.d.0534964CE54DF2982CDE74709DF95CD4.e.7946/click - {}
RESULT: {}
COMMAND: POST /session/4f73fbc7686585ab41e1ef1183ea1846/execute/async - {"script":"<script> [1562 bytes]","args":[{"selector":{"id":"application-managecatalogs-display-component---detailCatalog--newItemNumberInput","searchOpenDialogs":true,"interaction":{"idSuffix":"inner"}},"wdio_ui5_key":"applicationmanagecatalogs-display-component---detailCatalog--newItemNumberInput"}]}
COMMAND: GET /session/4f73fbc7686585ab41e1ef1183ea1846/screenshot - {}
RESULT: {"script":"<script> [1562 bytes]","args":[{"selector":{"id":"application-managecatalogs-display-component---detailCatalog--newItemNumberInput","searchOpenDialogs":true,"interaction":{"idSuffix":"inner"}},"wdio_ui5_key":"applicationmanagecatalogs-display-component---detailCatalog--newItemNumberInput"}]}
RESULT: undefined
COMMAND: POST /session/4f73fbc7686585ab41e1ef1183ea1846/execute/async - {"script":"<script> [776 bytes]","args":[{"enterText":"catalogItemrzrhs","selector":{"id":"application-managecatalogs-display-component---detailCatalog--newItemNumberInput","searchOpenDialogs":true,"interaction":{"idSuffix":"inner"}},"clearTextFirst":true,"interactionType":"ENTER_TEXT"}]}
RESULT: {}
RESULT: {"script":"<script> [776 bytes]","args":[{"enterText":"catalogItemrzrhs","selector":{"id":"application-managecatalogs-display-component---detailCatalog--newItemNumberInput","searchOpenDialogs":true,"interaction":{"idSuffix":"inner"}},"clearTextFirst":true,"interactionType":"ENTER_TEXT"}]}
COMMAND: POST /session/4f73fbc7686585ab41e1ef1183ea1846/execute/async - {"script":"<script> [1562 bytes]","args":[{"selector":{"controlType":"sap.m.Input","viewName":"etm.portal.ui.managecatalogs.view.Detail","viewId":"application-managecatalogs-display-component---detailCatalog","bindingPath":{"path":"","propertyPath":"/DESCRIPTION"},"searchOpenDialogs":true,"interaction":{"idSuffix":"inner"}},"wdio_ui5_key":"etmportal.ui.managecatalogs.view.Detailsap.m.Input{\"path\":\"\",\"propertyPath\":\"/DESCRIPTION\"}"}]}
RESULT: {"script":"<script> [1562 bytes]","args":[{"selector":{"controlType":"sap.m.Input","viewName":"etm.portal.ui.managecatalogs.view.Detail","viewId":"application-managecatalogs-display-component---detailCatalog","bindingPath":{"path":"","propertyPath":"/DESCRIPTION"},"searchOpenDialogs":true,"interaction":{"idSuffix":"inner"}},"wdio_ui5_key":"etmportal.ui.managecatalogs.view.Detailsap.m.Input{\"path\":\"\",\"propertyPath\":\"/DESCRIPTION\"}"}]}
RESULT: undefined
COMMAND: POST /session/4f73fbc7686585ab41e1ef1183ea1846/execute/async - {"script":"<script> [776 bytes]","args":[{"enterText":"catalogItemNamesghat","selector":{"controlType":"sap.m.Input","viewName":"etm.portal.ui.managecatalogs.view.Detail","viewId":"application-managecatalogs-display-component---detailCatalog","bindingPath":{"path":"","propertyPath":"/DESCRIPTION"},"searchOpenDialogs":true,"interaction":{"idSuffix":"inner"}},"clearTextFirst":true,"interactionType":"ENTER_TEXT"}]}
RESULT: {"script":"<script> [776 bytes]","args":[{"enterText":"catalogItemNamesghat","selector":{"controlType":"sap.m.Input","viewName":"etm.portal.ui.managecatalogs.view.Detail","viewId":"application-managecatalogs-display-component---detailCatalog","bindingPath":{"path":"","propertyPath":"/DESCRIPTION"},"searchOpenDialogs":true,"interaction":{"idSuffix":"inner"}},"clearTextFirst":true,"interactionType":"ENTER_TEXT"}]}
COMMAND: POST /session/4f73fbc7686585ab41e1ef1183ea1846/execute/async - {"script":"<script> [1562 bytes]","args":[{"selector":{"controlType":"sap.m.Button","viewName":"etm.portal.ui.managecatalogs.view.Detail","viewId":"application-managecatalogs-display-component---detailCatalog","i18NText":{"propertyName":"text","key":"create"},"searchOpenDialogs":true,"interaction":{"idSuffix":"BDI-content"}},"wdio_ui5_key":"etmportal.ui.managecatalogs.view.Detailsap.m.Button{\"propertyName\":\"text\",\"key\":\"create\"}"}]}
RESULT: {"script":"<script> [1562 bytes]","args":[{"selector":{"controlType":"sap.m.Button","viewName":"etm.portal.ui.managecatalogs.view.Detail","viewId":"application-managecatalogs-display-component---detailCatalog","i18NText":{"propertyName":"text","key":"create"},"searchOpenDialogs":true,"interaction":{"idSuffix":"BDI-content"}},"wdio_ui5_key":"etmportal.ui.managecatalogs.view.Detailsap.m.Button{\"propertyName\":\"text\",\"key\":\"create\"}"}]}
RESULT: undefined
COMMAND: POST /session/4f73fbc7686585ab41e1ef1183ea1846/element - {"using":"xpath","value":"//*[@id=\"__button9\"]"}
RESULT: {"using":"xpath","value":"//*[@id=\"__button9\"]"}
COMMAND: POST /session/4f73fbc7686585ab41e1ef1183ea1846/element/f.37EC1E53C27724E540A226988372354E.d.0534964CE54DF2982CDE74709DF95CD4.e.7955/click - {}
RESULT: {}
COMMAND: GET /session/4f73fbc7686585ab41e1ef1183ea1846/screenshot - {}
RESULT: {}
COMMAND: POST /session/4f73fbc7686585ab41e1ef1183ea1846/element - {"using":"xpath","value":"//button[@title=\"Save\"]"}
RESULT: {"using":"xpath","value":"//button[@title=\"Save\"]"}
COMMAND: POST /session/4f73fbc7686585ab41e1ef1183ea1846/element/f.37EC1E53C27724E540A226988372354E.d.0534964CE54DF2982CDE74709DF95CD4.e.7956/click - {}
RESULT: {}
COMMAND: GET /session/4f73fbc7686585ab41e1ef1183ea1846/screenshot - {}
RESULT: {}
COMMAND: POST /session/4f73fbc7686585ab41e1ef1183ea1846/execute/async - {"script":"<script> [1562 bytes]","args":[{"selector":{"controlType":"sap.ui.core.Icon","viewName":"etm.portal.ui.managecatalogs.view.Detail","viewId":"application-managecatalogs-display-component---detailCatalog","properties":{"src":{"regex":{"source":"decline"}}}},"wdio_ui5_key":"etmportal.ui.managecatalogs.view.Detailsap.ui.core.Icon{\"src\":{\"regex\":{\"source\":\"decline\"}}}"}]}
RESULT: {"script":"<script> [1562 bytes]","args":[{"selector":{"controlType":"sap.ui.core.Icon","viewName":"etm.portal.ui.managecatalogs.view.Detail","viewId":"application-managecatalogs-display-component---detailCatalog","properties":{"src":{"regex":{"source":"decline"}}}},"wdio_ui5_key":"etmportal.ui.managecatalogs.view.Detailsap.ui.core.Icon{\"src\":{\"regex\":{\"source\":\"decline\"}}}"}]}
RESULT: undefined
COMMAND: POST /session/4f73fbc7686585ab41e1ef1183ea1846/element - {"using":"xpath","value":"//*[@id=\"__button28-img\"]"}
RESULT: {"using":"xpath","value":"//*[@id=\"__button28-img\"]"}
COMMAND: POST /session/4f73fbc7686585ab41e1ef1183ea1846/element/f.37EC1E53C27724E540A226988372354E.d.0534964CE54DF2982CDE74709DF95CD4.e.7961/click - {}
RESULT: {}
COMMAND: GET /session/4f73fbc7686585ab41e1ef1183ea1846/screenshot - {}
RESULT: {}
COMMAND: POST /session/4f73fbc7686585ab41e1ef1183ea1846/execute/async - {"script":"<script> [1562 bytes]","args":[{"selector":{"controlType":"sap.ui.core.Icon","viewName":"etm.portal.ui.managecatalogs.view.MasterItems","viewId":"application-managecatalogs-display-component---masterCatalogItems","properties":{"src":{"regex":{"source":"refresh"}}}},"wdio_ui5_key":"etmportal.ui.managecatalogs.view.MasterItemssap.ui.core.Icon{\"src\":{\"regex\":{\"source\":\"refresh\"}}}"}]}
RESULT: {"script":"<script> [1562 bytes]","args":[{"selector":{"controlType":"sap.ui.core.Icon","viewName":"etm.portal.ui.managecatalogs.view.MasterItems","viewId":"application-managecatalogs-display-component---masterCatalogItems","properties":{"src":{"regex":{"source":"refresh"}}}},"wdio_ui5_key":"etmportal.ui.managecatalogs.view.MasterItemssap.ui.core.Icon{\"src\":{\"regex\":{\"source\":\"refresh\"}}}"}]}
RESULT: undefined
COMMAND: POST /session/4f73fbc7686585ab41e1ef1183ea1846/element - {"using":"xpath","value":"//*[@id=\"__button1-img\"]"}
RESULT: {"using":"xpath","value":"//*[@id=\"__button1-img\"]"}
COMMAND: POST /session/4f73fbc7686585ab41e1ef1183ea1846/element/f.37EC1E53C27724E540A226988372354E.d.0534964CE54DF2982CDE74709DF95CD4.e.7970/click - {}
RESULT: {}
COMMAND: GET /session/4f73fbc7686585ab41e1ef1183ea1846/screenshot - {}
RESULT: {}
COMMAND: POST /session/4f73fbc7686585ab41e1ef1183ea1846/execute/async - {"script":"<script> [1562 bytes]","args":[{"selector":{"id":"application-managecatalogs-display-component---masterCatalogItems--searchItemsField","interaction":{"idSuffix":"I"}},"wdio_ui5_key":"applicationmanagecatalogs-display-component---masterCatalogItems--searchItemsField"}]}
RESULT: {"script":"<script> [1562 bytes]","args":[{"selector":{"id":"application-managecatalogs-display-component---masterCatalogItems--searchItemsField","interaction":{"idSuffix":"I"}},"wdio_ui5_key":"applicationmanagecatalogs-display-component---masterCatalogItems--searchItemsField"}]}
RESULT: undefined
COMMAND: POST /session/4f73fbc7686585ab41e1ef1183ea1846/execute/async - {"script":"<script> [776 bytes]","args":[{"enterText":"catalogItemNamesghat","selector":{"id":"application-managecatalogs-display-component---masterCatalogItems--searchItemsField","interaction":{"idSuffix":"I"}},"clearTextFirst":true,"interactionType":"ENTER_TEXT"}]}
RESULT: {"script":"<script> [776 bytes]","args":[{"enterText":"catalogItemNamesghat","selector":{"id":"application-managecatalogs-display-component---masterCatalogItems--searchItemsField","interaction":{"idSuffix":"I"}},"clearTextFirst":true,"interactionType":"ENTER_TEXT"}]}
COMMAND: POST /session/4f73fbc7686585ab41e1ef1183ea1846/actions - {"actions":[{"id":"action49","type":"key","parameters":{},"actions":[{"type":"keyDown","value":"î€‡"},{"type":"pause","duration":10},{"type":"keyUp","value":"î€‡"}]}]}
RESULT: {"actions":[{"id":"action49","type":"key","parameters":{},"actions":[{"type":"keyDown","value":"î€‡"},{"type":"pause","duration":10},{"type":"keyUp","value":"î€‡"}]}]}
COMMAND: POST /session/4f73fbc7686585ab41e1ef1183ea1846/element - {"using":"xpath","value":"(//span[contains(text(), \"catalogItemNamesghat\")])[1]"}
COMMAND: GET /session/4f73fbc7686585ab41e1ef1183ea1846/screenshot - {}
RESULT: {"using":"xpath","value":"(//span[contains(text(), \"catalogItemNamesghat\")])[1]"}
COMMAND: POST /session/4f73fbc7686585ab41e1ef1183ea1846/element/f.37EC1E53C27724E540A226988372354E.d.0534964CE54DF2982CDE74709DF95CD4.e.8008/click - {}
RESULT: {}
RESULT: {}
COMMAND: GET /session/4f73fbc7686585ab41e1ef1183ea1846/screenshot - {}
RESULT: {}
COMMAND: POST /session/4f73fbc7686585ab41e1ef1183ea1846/element - {"using":"xpath","value":"//span[contains(text(), \"catalogItemrzrhs\")]"}
RESULT: {"using":"xpath","value":"//span[contains(text(), \"catalogItemrzrhs\")]"}
COMMAND: GET /session/4f73fbc7686585ab41e1ef1183ea1846/element/f.37EC1E53C27724E540A226988372354E.d.0534964CE54DF2982CDE74709DF95CD4.e.8061/text - {}
RESULT: {}
]]></system-out>
    </testcase>
    <testcase classname="chrome.135_0_7049_115.windows.Manage_requests_-_requests_specifications_US141095" name="Should add the classification to the catalog item" time="44.785">
      <system-out><![CDATA[
RESULT: undefined
COMMAND: POST /session/4f73fbc7686585ab41e1ef1183ea1846/element - {"using":"xpath","value":"//*[@id=\"__button25\"]"}
RESULT: {"using":"xpath","value":"//*[@id=\"__button25\"]"}
COMMAND: POST /session/4f73fbc7686585ab41e1ef1183ea1846/element/f.37EC1E53C27724E540A226988372354E.d.0534964CE54DF2982CDE74709DF95CD4.e.8071/click - {}
RESULT: {}
COMMAND: GET /session/4f73fbc7686585ab41e1ef1183ea1846/screenshot - {}
RESULT: {}
COMMAND: POST /session/4f73fbc7686585ab41e1ef1183ea1846/execute/async - {"script":"<script> [1562 bytes]","args":[{"selector":{"id":"application-managecatalogs-display-component---detailCatalog--BASE_UNIT_OF_MEASURE-arrow"},"wdio_ui5_key":"applicationmanagecatalogs-display-component---detailCatalog--BASE_UNIT_OF_MEASURE-arrow"}]}
RESULT: {"script":"<script> [1562 bytes]","args":[{"selector":{"id":"application-managecatalogs-display-component---detailCatalog--BASE_UNIT_OF_MEASURE-arrow"},"wdio_ui5_key":"applicationmanagecatalogs-display-component---detailCatalog--BASE_UNIT_OF_MEASURE-arrow"}]}
RESULT: undefined
COMMAND: POST /session/4f73fbc7686585ab41e1ef1183ea1846/element - {"using":"xpath","value":"//*[@id=\"application-managecatalogs-display-component---detailCatalog--BASE_UNIT_OF_MEASURE-arrow\"]"}
RESULT: {"using":"xpath","value":"//*[@id=\"application-managecatalogs-display-component---detailCatalog--BASE_UNIT_OF_MEASURE-arrow\"]"}
COMMAND: POST /session/4f73fbc7686585ab41e1ef1183ea1846/element/f.37EC1E53C27724E540A226988372354E.d.0534964CE54DF2982CDE74709DF95CD4.e.8099/click - {}
RESULT: {}
COMMAND: POST /session/4f73fbc7686585ab41e1ef1183ea1846/execute/async - {"script":"<script> [1562 bytes]","args":[{"selector":{"controlType":"sap.m.StandardListItem","viewName":"etm.portal.ui.managecatalogs.view.Detail","viewId":"application-managecatalogs-display-component---detailCatalog","properties":{"title":"Piece"},"searchOpenDialogs":true,"interaction":{"idSuffix":"titleText"}},"wdio_ui5_key":"etmportal.ui.managecatalogs.view.Detailsap.m.StandardListItem{\"title\":\"Piece\"}"}]}
COMMAND: GET /session/4f73fbc7686585ab41e1ef1183ea1846/screenshot - {}
RESULT: {"script":"<script> [1562 bytes]","args":[{"selector":{"controlType":"sap.m.StandardListItem","viewName":"etm.portal.ui.managecatalogs.view.Detail","viewId":"application-managecatalogs-display-component---detailCatalog","properties":{"title":"Piece"},"searchOpenDialogs":true,"interaction":{"idSuffix":"titleText"}},"wdio_ui5_key":"etmportal.ui.managecatalogs.view.Detailsap.m.StandardListItem{\"title\":\"Piece\"}"}]}
RESULT: undefined
COMMAND: POST /session/4f73fbc7686585ab41e1ef1183ea1846/element - {"using":"xpath","value":"//*[@id=\"__item229\"]"}
RESULT: {}
RESULT: {"using":"xpath","value":"//*[@id=\"__item229\"]"}
COMMAND: POST /session/4f73fbc7686585ab41e1ef1183ea1846/element/f.37EC1E53C27724E540A226988372354E.d.0534964CE54DF2982CDE74709DF95CD4.e.8103/click - {}
RESULT: {}
COMMAND: POST /session/4f73fbc7686585ab41e1ef1183ea1846/element - {"using":"xpath","value":"//button[contains(@data-kt ,\"ClassificationAddClassButton\")]"}
COMMAND: GET /session/4f73fbc7686585ab41e1ef1183ea1846/screenshot - {}
RESULT: {"using":"xpath","value":"//button[contains(@data-kt ,\"ClassificationAddClassButton\")]"}
COMMAND: POST /session/4f73fbc7686585ab41e1ef1183ea1846/element/f.37EC1E53C27724E540A226988372354E.d.0534964CE54DF2982CDE74709DF95CD4.e.8104/click - {}
RESULT: {}
RESULT: {}
COMMAND: GET /session/4f73fbc7686585ab41e1ef1183ea1846/screenshot - {}
RESULT: {}
COMMAND: POST /session/4f73fbc7686585ab41e1ef1183ea1846/element - {"using":"xpath","value":"//input[contains(@id ,\"searchField-I\")]"}
RESULT: {"using":"xpath","value":"//input[contains(@id ,\"searchField-I\")]"}
COMMAND: POST /session/4f73fbc7686585ab41e1ef1183ea1846/element/f.37EC1E53C27724E540A226988372354E.d.0534964CE54DF2982CDE74709DF95CD4.e.8107/value - {"text":"WebdriverItemClass1wvpy"}
RESULT: {"text":"WebdriverItemClass1wvpy"}
COMMAND: POST /session/4f73fbc7686585ab41e1ef1183ea1846/actions - {"actions":[{"id":"action50","type":"key","parameters":{},"actions":[{"type":"keyDown","value":"î€‡"},{"type":"pause","duration":10},{"type":"keyUp","value":"î€‡"}]}]}
COMMAND: GET /session/4f73fbc7686585ab41e1ef1183ea1846/screenshot - {}
RESULT: {}
RESULT: {"actions":[{"id":"action50","type":"key","parameters":{},"actions":[{"type":"keyDown","value":"î€‡"},{"type":"pause","duration":10},{"type":"keyUp","value":"î€‡"}]}]}
COMMAND: GET /session/4f73fbc7686585ab41e1ef1183ea1846/screenshot - {}
RESULT: {}
COMMAND: POST /session/4f73fbc7686585ab41e1ef1183ea1846/element - {"using":"xpath","value":"//span[contains(text(), \"WebdriverItemClass1wvpy\")]"}
RESULT: {"using":"xpath","value":"//span[contains(text(), \"WebdriverItemClass1wvpy\")]"}
COMMAND: POST /session/4f73fbc7686585ab41e1ef1183ea1846/element/f.37EC1E53C27724E540A226988372354E.d.0534964CE54DF2982CDE74709DF95CD4.e.8142/click - {}
RESULT: {}
COMMAND: GET /session/4f73fbc7686585ab41e1ef1183ea1846/screenshot - {}
RESULT: {}
COMMAND: POST /session/4f73fbc7686585ab41e1ef1183ea1846/execute/async - {"script":"<script> [1562 bytes]","args":[{"selector":{"controlType":"sap.m.Button","viewName":"etm.portal.ui.managecatalogs.view.Detail","viewId":"application-managecatalogs-display-component---detailCatalog","properties":{"text":"Classification"},"interaction":{"idSuffix":"BDI-content"}},"wdio_ui5_key":"etmportal.ui.managecatalogs.view.Detailsap.m.Button{\"text\":\"Classification\"}"}]}
RESULT: {"script":"<script> [1562 bytes]","args":[{"selector":{"controlType":"sap.m.Button","viewName":"etm.portal.ui.managecatalogs.view.Detail","viewId":"application-managecatalogs-display-component---detailCatalog","properties":{"text":"Classification"},"interaction":{"idSuffix":"BDI-content"}},"wdio_ui5_key":"etmportal.ui.managecatalogs.view.Detailsap.m.Button{\"text\":\"Classification\"}"}]}
RESULT: undefined
COMMAND: POST /session/4f73fbc7686585ab41e1ef1183ea1846/element - {"using":"xpath","value":"//*[@id=\"application-managecatalogs-display-component---detailCatalog--ObjectPageLayout-anchBar-__section3-anchor\"]"}
RESULT: {"using":"xpath","value":"//*[@id=\"application-managecatalogs-display-component---detailCatalog--ObjectPageLayout-anchBar-__section3-anchor\"]"}
COMMAND: POST /session/4f73fbc7686585ab41e1ef1183ea1846/element/f.37EC1E53C27724E540A226988372354E.d.0534964CE54DF2982CDE74709DF95CD4.e.8148/click - {}
RESULT: {}
COMMAND: POST /session/4f73fbc7686585ab41e1ef1183ea1846/execute/async - {"script":"<script> [1562 bytes]","args":[{"selector":{"controlType":"sap.ui.core.Icon","viewName":"etm.portal.ui.managecatalogs.view.Detail","viewId":"application-managecatalogs-display-component---detailCatalog","properties":{"src":{"regex":{"source":"slim\\-arrow\\-right"}}},"ancestor":{"controlType":"sap.m.Panel","viewName":"etm.portal.ui.managecatalogs.view.Detail","viewId":"application-managecatalogs-display-component---detailCatalog"}},"wdio_ui5_key":"etmportal.ui.managecatalogs.view.Detailsap.ui.core.Icon{\"src\":{\"regex\":{\"source\":\"slim\\\\-arrow\\\\-right\"}}}{\"controlType\":\"sap.m.Panel\",\"viewName\":\"etm.portal.ui.managecatalogs.view.Detail\",\"viewId\":\"application-managecatalogs-display-component---detailCatalog\"}"}]}
COMMAND: GET /session/4f73fbc7686585ab41e1ef1183ea1846/screenshot - {}
RESULT: {"script":"<script> [1562 bytes]","args":[{"selector":{"controlType":"sap.ui.core.Icon","viewName":"etm.portal.ui.managecatalogs.view.Detail","viewId":"application-managecatalogs-display-component---detailCatalog","properties":{"src":{"regex":{"source":"slim\\-arrow\\-right"}}},"ancestor":{"controlType":"sap.m.Panel","viewName":"etm.portal.ui.managecatalogs.view.Detail","viewId":"application-managecatalogs-display-component---detailCatalog"}},"wdio_ui5_key":"etmportal.ui.managecatalogs.view.Detailsap.ui.core.Icon{\"src\":{\"regex\":{\"source\":\"slim\\\\-arrow\\\\-right\"}}}{\"controlType\":\"sap.m.Panel\",\"viewName\":\"etm.portal.ui.managecatalogs.view.Detail\",\"viewId\":\"application-managecatalogs-display-component---detailCatalog\"}"}]}
RESULT: undefined
COMMAND: POST /session/4f73fbc7686585ab41e1ef1183ea1846/element - {"using":"xpath","value":"//*[@id=\"__panel0-__layout17-0-expandButton-img\"]"}
RESULT: {}
RESULT: {"using":"xpath","value":"//*[@id=\"__panel0-__layout17-0-expandButton-img\"]"}
COMMAND: POST /session/4f73fbc7686585ab41e1ef1183ea1846/element/f.37EC1E53C27724E540A226988372354E.d.0534964CE54DF2982CDE74709DF95CD4.e.8153/click - {}
RESULT: {}
COMMAND: POST /session/4f73fbc7686585ab41e1ef1183ea1846/execute/async - {"script":"<script> [1562 bytes]","args":[{"selector":{"controlType":"sap.ui.core.Icon","viewName":"etm.portal.ui.managecatalogs.view.Detail","viewId":"application-managecatalogs-display-component---detailCatalog","properties":{"src":{"regex":{"source":"slim\\-arrow\\-down"}}},"ancestor":{"controlType":"sap.m.ColumnListItem","viewName":"etm.portal.ui.managecatalogs.view.Detail","viewId":"application-managecatalogs-display-component---detailCatalog","bindingPath":{"modelName":"classModel","path":"/data/0/PROPERTIES/0"},"ancestor":{"controlType":"sap.m.Table","viewName":"etm.portal.ui.managecatalogs.view.Detail","viewId":"application-managecatalogs-display-component---detailCatalog","bindingPath":{"path":"/data/0","propertyPath":"PROPERTIES","modelName":"classModel"}}}},"wdio_ui5_key":"etmportal.ui.managecatalogs.view.Detailsap.ui.core.Icon{\"src\":{\"regex\":{\"source\":\"slim\\\\-arrow\\\\-down\"}}}{\"controlType\":\"sap.m.ColumnListItem\",\"viewName\":\"etm.portal.ui.managecatalogs.view.Detail\",\"viewId\":\"application-managecatalogs-display-component---detailCatalog\",\"bindingPath\":{\"modelName\":\"classModel\",\"path\":\"/data/0/PROPERTIES/0\"},\"ancestor\":{\"controlType\":\"sap.m.Table\",\"viewName\":\"etm.portal.ui.managecatalogs.view.Detail\",\"viewId\":\"application-managecatalogs-display-component---detailCatalog\",\"bindingPath\":{\"path\":\"/data/0\",\"propertyPath\":\"PROPERTIES\",\"modelName\":\"classModel\"}}}"}]}
COMMAND: GET /session/4f73fbc7686585ab41e1ef1183ea1846/screenshot - {}
RESULT: {"script":"<script> [1562 bytes]","args":[{"selector":{"controlType":"sap.ui.core.Icon","viewName":"etm.portal.ui.managecatalogs.view.Detail","viewId":"application-managecatalogs-display-component---detailCatalog","properties":{"src":{"regex":{"source":"slim\\-arrow\\-down"}}},"ancestor":{"controlType":"sap.m.ColumnListItem","viewName":"etm.portal.ui.managecatalogs.view.Detail","viewId":"application-managecatalogs-display-component---detailCatalog","bindingPath":{"modelName":"classModel","path":"/data/0/PROPERTIES/0"},"ancestor":{"controlType":"sap.m.Table","viewName":"etm.portal.ui.managecatalogs.view.Detail","viewId":"application-managecatalogs-display-component---detailCatalog","bindingPath":{"path":"/data/0","propertyPath":"PROPERTIES","modelName":"classModel"}}}},"wdio_ui5_key":"etmportal.ui.managecatalogs.view.Detailsap.ui.core.Icon{\"src\":{\"regex\":{\"source\":\"slim\\\\-arrow\\\\-down\"}}}{\"controlType\":\"sap.m.ColumnListItem\",\"viewName\":\"etm.portal.ui.managecatalogs.view.Detail\",\"viewId\":\"application-managecatalogs-display-component---detailCatalog\",\"bindingPath\":{\"modelName\":\"classModel\",\"path\":\"/data/0/PROPERTIES/0\"},\"ancestor\":{\"controlType\":\"sap.m.Table\",\"viewName\":\"etm.portal.ui.managecatalogs.view.Detail\",\"viewId\":\"application-managecatalogs-display-component---detailCatalog\",\"bindingPath\":{\"path\":\"/data/0\",\"propertyPath\":\"PROPERTIES\",\"modelName\":\"classModel\"}}}"}]}
RESULT: undefined
COMMAND: POST /session/4f73fbc7686585ab41e1ef1183ea1846/element - {"using":"xpath","value":"//*[@id=\"__box31-arrow\"]"}
RESULT: {}
RESULT: {"using":"xpath","value":"//*[@id=\"__box31-arrow\"]"}
COMMAND: POST /session/4f73fbc7686585ab41e1ef1183ea1846/element/f.37EC1E53C27724E540A226988372354E.d.0534964CE54DF2982CDE74709DF95CD4.e.8168/click - {}
RESULT: {}
COMMAND: POST /session/4f73fbc7686585ab41e1ef1183ea1846/execute/async - {"script":"<script> [1562 bytes]","args":[{"selector":{"controlType":"sap.m.StandardListItem","viewName":"etm.portal.ui.managecatalogs.view.Detail","viewId":"application-managecatalogs-display-component---detailCatalog","properties":{"title":"red"},"searchOpenDialogs":true,"interaction":{"idSuffix":"content"}},"wdio_ui5_key":"etmportal.ui.managecatalogs.view.Detailsap.m.StandardListItem{\"title\":\"red\"}"}]}
COMMAND: GET /session/4f73fbc7686585ab41e1ef1183ea1846/screenshot - {}
RESULT: {"script":"<script> [1562 bytes]","args":[{"selector":{"controlType":"sap.m.StandardListItem","viewName":"etm.portal.ui.managecatalogs.view.Detail","viewId":"application-managecatalogs-display-component---detailCatalog","properties":{"title":"red"},"searchOpenDialogs":true,"interaction":{"idSuffix":"content"}},"wdio_ui5_key":"etmportal.ui.managecatalogs.view.Detailsap.m.StandardListItem{\"title\":\"red\"}"}]}
RESULT: undefined
COMMAND: POST /session/4f73fbc7686585ab41e1ef1183ea1846/element - {"using":"xpath","value":"//*[@id=\"__item237\"]"}
RESULT: {}
RESULT: {"using":"xpath","value":"//*[@id=\"__item237\"]"}
COMMAND: POST /session/4f73fbc7686585ab41e1ef1183ea1846/element/f.37EC1E53C27724E540A226988372354E.d.0534964CE54DF2982CDE74709DF95CD4.e.8171/click - {}
RESULT: {}
COMMAND: GET /session/4f73fbc7686585ab41e1ef1183ea1846/screenshot - {}
RESULT: {}
COMMAND: POST /session/4f73fbc7686585ab41e1ef1183ea1846/execute/async - {"script":"<script> [1562 bytes]","args":[{"selector":{"controlType":"sap.m.Button","viewName":"etm.portal.ui.managecatalogs.view.Detail","viewId":"application-managecatalogs-display-component---detailCatalog","i18NText":{"propertyName":"text","key":"save"},"interaction":{"idSuffix":"BDI-content"}},"wdio_ui5_key":"etmportal.ui.managecatalogs.view.Detailsap.m.Button{\"propertyName\":\"text\",\"key\":\"save\"}"}]}
RESULT: {"script":"<script> [1562 bytes]","args":[{"selector":{"controlType":"sap.m.Button","viewName":"etm.portal.ui.managecatalogs.view.Detail","viewId":"application-managecatalogs-display-component---detailCatalog","i18NText":{"propertyName":"text","key":"save"},"interaction":{"idSuffix":"BDI-content"}},"wdio_ui5_key":"etmportal.ui.managecatalogs.view.Detailsap.m.Button{\"propertyName\":\"text\",\"key\":\"save\"}"}]}
RESULT: undefined
COMMAND: POST /session/4f73fbc7686585ab41e1ef1183ea1846/element - {"using":"xpath","value":"//*[@id=\"__button43\"]"}
RESULT: {"using":"xpath","value":"//*[@id=\"__button43\"]"}
COMMAND: POST /session/4f73fbc7686585ab41e1ef1183ea1846/element/f.37EC1E53C27724E540A226988372354E.d.0534964CE54DF2982CDE74709DF95CD4.e.8073/click - {}
RESULT: {}
COMMAND: GET /session/4f73fbc7686585ab41e1ef1183ea1846/screenshot - {}
RESULT: {}
COMMAND: POST /session/4f73fbc7686585ab41e1ef1183ea1846/element - {"using":"css selector","value":"#shell-header-logo"}
RESULT: {"using":"css selector","value":"#shell-header-logo"}
COMMAND: POST /session/4f73fbc7686585ab41e1ef1183ea1846/element/f.37EC1E53C27724E540A226988372354E.d.0534964CE54DF2982CDE74709DF95CD4.e.7890/click - {}
RESULT: {}
COMMAND: GET /session/4f73fbc7686585ab41e1ef1183ea1846/screenshot - {}
RESULT: {}
]]></system-out>
    </testcase>
    <testcase classname="chrome.135_0_7049_115.windows.Manage_requests_-_requests_specifications_US141095" name="Should create a new request and add the catalog item with the specifications" time="136.711">
      <system-out><![CDATA[
COMMAND: POST /session/4f73fbc7686585ab41e1ef1183ea1846/element - {"using":"xpath","value":"//*[contains(@href, 'etm.portal.ui.managerequests')]"}
RESULT: {"using":"xpath","value":"//*[contains(@href, 'etm.portal.ui.managerequests')]"}
COMMAND: POST /session/4f73fbc7686585ab41e1ef1183ea1846/element/f.37EC1E53C27724E540A226988372354E.d.0534964CE54DF2982CDE74709DF95CD4.e.8205/click - {}
RESULT: {}
COMMAND: GET /session/4f73fbc7686585ab41e1ef1183ea1846/screenshot - {}
RESULT: {}
COMMAND: POST /session/4f73fbc7686585ab41e1ef1183ea1846/element - {"using":"xpath","value":"//button[contains(@data-kt ,\"btnCreateNewOverflowToolbarButton\")]"}
COMMAND: POST /session/4f73fbc7686585ab41e1ef1183ea1846/element - {"using":"xpath","value":"(//span[contains(@class ,\"sapMObjStatusText\")])[1]"}
RESULT: {"using":"xpath","value":"//button[contains(@data-kt ,\"btnCreateNewOverflowToolbarButton\")]"}
COMMAND: POST /session/4f73fbc7686585ab41e1ef1183ea1846/element/f.37EC1E53C27724E540A226988372354E.d.0534964CE54DF2982CDE74709DF95CD4.e.8262/click - {}
RESULT: {"using":"xpath","value":"(//span[contains(@class ,\"sapMObjStatusText\")])[1]"}
COMMAND: POST /session/4f73fbc7686585ab41e1ef1183ea1846/execute/sync - {"script":"<script> [8489 bytes]","args":[{"element-6066-11e4-a52e-4f735466cecf":"f.37EC1E53C27724E540A226988372354E.d.0534964CE54DF2982CDE74709DF95CD4.e.8301","ELEMENT":"f.37EC1E53C27724E540A226988372354E.d.0534964CE54DF2982CDE74709DF95CD4.e.8301"}]}
RESULT: {}
RESULT: {"script":"<script> [8489 bytes]","args":[{"element-6066-11e4-a52e-4f735466cecf":"f.37EC1E53C27724E540A226988372354E.d.0534964CE54DF2982CDE74709DF95CD4.e.8301","ELEMENT":"f.37EC1E53C27724E540A226988372354E.d.0534964CE54DF2982CDE74709DF95CD4.e.8301"}]}
COMMAND: GET /session/4f73fbc7686585ab41e1ef1183ea1846/screenshot - {}
COMMAND: GET /session/4f73fbc7686585ab41e1ef1183ea1846/screenshot - {}
RESULT: {}
RESULT: {}
COMMAND: POST /session/4f73fbc7686585ab41e1ef1183ea1846/element - {"using":"xpath","value":"//input[contains(@id ,\"yardId-inner\")]"}
RESULT: {"using":"xpath","value":"//input[contains(@id ,\"yardId-inner\")]"}
COMMAND: POST /session/4f73fbc7686585ab41e1ef1183ea1846/execute/sync - {"script":"<script> [8489 bytes]","args":[{"element-6066-11e4-a52e-4f735466cecf":"f.37EC1E53C27724E540A226988372354E.d.0534964CE54DF2982CDE74709DF95CD4.e.8507","ELEMENT":"f.37EC1E53C27724E540A226988372354E.d.0534964CE54DF2982CDE74709DF95CD4.e.8507"}]}
RESULT: {"script":"<script> [8489 bytes]","args":[{"element-6066-11e4-a52e-4f735466cecf":"f.37EC1E53C27724E540A226988372354E.d.0534964CE54DF2982CDE74709DF95CD4.e.8507","ELEMENT":"f.37EC1E53C27724E540A226988372354E.d.0534964CE54DF2982CDE74709DF95CD4.e.8507"}]}
COMMAND: POST /session/4f73fbc7686585ab41e1ef1183ea1846/element - {"using":"xpath","value":"//input[contains(@id ,\"yardId-inner\")]"}
COMMAND: GET /session/4f73fbc7686585ab41e1ef1183ea1846/screenshot - {}
RESULT: {"using":"xpath","value":"//input[contains(@id ,\"yardId-inner\")]"}
COMMAND: GET /session/4f73fbc7686585ab41e1ef1183ea1846/element/f.37EC1E53C27724E540A226988372354E.d.0534964CE54DF2982CDE74709DF95CD4.e.8507/enabled - {}
RESULT: {}
RESULT: {}
COMMAND: POST /session/4f73fbc7686585ab41e1ef1183ea1846/element/f.37EC1E53C27724E540A226988372354E.d.0534964CE54DF2982CDE74709DF95CD4.e.8507/clear - {}
COMMAND: GET /session/4f73fbc7686585ab41e1ef1183ea1846/screenshot - {}
RESULT: {}
COMMAND: POST /session/4f73fbc7686585ab41e1ef1183ea1846/element/f.37EC1E53C27724E540A226988372354E.d.0534964CE54DF2982CDE74709DF95CD4.e.8507/value - {"text":"WebdriverYarddw5pc"}
COMMAND: GET /session/4f73fbc7686585ab41e1ef1183ea1846/screenshot - {}
RESULT: {}
RESULT: {"text":"WebdriverYarddw5pc"}
COMMAND: GET /session/4f73fbc7686585ab41e1ef1183ea1846/screenshot - {}
RESULT: {}
RESULT: {}
COMMAND: POST /session/4f73fbc7686585ab41e1ef1183ea1846/element - {"using":"xpath","value":"//input[contains(@id ,\"customerNumber-inner\")]"}
RESULT: {"using":"xpath","value":"//input[contains(@id ,\"customerNumber-inner\")]"}
COMMAND: POST /session/4f73fbc7686585ab41e1ef1183ea1846/element/f.37EC1E53C27724E540A226988372354E.d.0534964CE54DF2982CDE74709DF95CD4.e.8501/value - {"text":"WebdriverPartnerm55yg"}
RESULT: {"text":"WebdriverPartnerm55yg"}
COMMAND: GET /session/4f73fbc7686585ab41e1ef1183ea1846/screenshot - {}
COMMAND: POST /session/4f73fbc7686585ab41e1ef1183ea1846/actions - {"actions":[{"id":"action51","type":"key","parameters":{},"actions":[{"type":"keyDown","value":"î€‡"},{"type":"pause","duration":10},{"type":"keyUp","value":"î€‡"}]}]}
RESULT: {}
RESULT: {"actions":[{"id":"action51","type":"key","parameters":{},"actions":[{"type":"keyDown","value":"î€‡"},{"type":"pause","duration":10},{"type":"keyUp","value":"î€‡"}]}]}
COMMAND: GET /session/4f73fbc7686585ab41e1ef1183ea1846/screenshot - {}
RESULT: {}
COMMAND: POST /session/4f73fbc7686585ab41e1ef1183ea1846/actions - {"actions":[{"id":"action52","type":"key","parameters":{},"actions":[{"type":"keyDown","value":"î€‡"},{"type":"pause","duration":10},{"type":"keyUp","value":"î€‡"}]}]}
RESULT: {"actions":[{"id":"action52","type":"key","parameters":{},"actions":[{"type":"keyDown","value":"î€‡"},{"type":"pause","duration":10},{"type":"keyUp","value":"î€‡"}]}]}
COMMAND: GET /session/4f73fbc7686585ab41e1ef1183ea1846/screenshot - {}
RESULT: {}
COMMAND: POST /session/4f73fbc7686585ab41e1ef1183ea1846/element - {"using":"xpath","value":"//input[contains(@id ,\"requestSiteId-inner\")]"}
RESULT: {"using":"xpath","value":"//input[contains(@id ,\"requestSiteId-inner\")]"}
COMMAND: POST /session/4f73fbc7686585ab41e1ef1183ea1846/element/f.37EC1E53C27724E540A226988372354E.d.0534964CE54DF2982CDE74709DF95CD4.e.8500/value - {"text":"WebdriverSiteqy48o"}
RESULT: {"text":"WebdriverSiteqy48o"}
COMMAND: GET /session/4f73fbc7686585ab41e1ef1183ea1846/screenshot - {}
RESULT: {}
COMMAND: POST /session/4f73fbc7686585ab41e1ef1183ea1846/actions - {"actions":[{"id":"action53","type":"key","parameters":{},"actions":[{"type":"keyDown","value":"î€‡"},{"type":"pause","duration":10},{"type":"keyUp","value":"î€‡"}]}]}
RESULT: {"actions":[{"id":"action53","type":"key","parameters":{},"actions":[{"type":"keyDown","value":"î€‡"},{"type":"pause","duration":10},{"type":"keyUp","value":"î€‡"}]}]}
COMMAND: POST /session/4f73fbc7686585ab41e1ef1183ea1846/execute/async - {"script":"<script> [1562 bytes]","args":[{"selector":{"controlType":"sap.ui.core.Icon","viewName":"etm.portal.ui.managerequests.view.NewRequest","properties":{"src":{"regex":{"source":"add"}}}},"wdio_ui5_key":"etmportal.ui.managerequests.view.NewRequestsap.ui.core.Icon{\"src\":{\"regex\":{\"source\":\"add\"}}}"}]}
COMMAND: GET /session/4f73fbc7686585ab41e1ef1183ea1846/screenshot - {}
RESULT: {"script":"<script> [1562 bytes]","args":[{"selector":{"controlType":"sap.ui.core.Icon","viewName":"etm.portal.ui.managerequests.view.NewRequest","properties":{"src":{"regex":{"source":"add"}}}},"wdio_ui5_key":"etmportal.ui.managerequests.view.NewRequestsap.ui.core.Icon{\"src\":{\"regex\":{\"source\":\"add\"}}}"}]}
RESULT: undefined
COMMAND: POST /session/4f73fbc7686585ab41e1ef1183ea1846/element - {"using":"xpath","value":"//*[@id=\"__xmlview59--btnAddTableRow-img\"]"}
RESULT: {}
RESULT: {"using":"xpath","value":"//*[@id=\"__xmlview59--btnAddTableRow-img\"]"}
COMMAND: POST /session/4f73fbc7686585ab41e1ef1183ea1846/element/f.37EC1E53C27724E540A226988372354E.d.0534964CE54DF2982CDE74709DF95CD4.e.8481/click - {}
RESULT: {}
COMMAND: GET /session/4f73fbc7686585ab41e1ef1183ea1846/screenshot - {}
RESULT: {}
COMMAND: POST /session/4f73fbc7686585ab41e1ef1183ea1846/actions - {"actions":[{"id":"action54","type":"key","parameters":{},"actions":[{"type":"keyDown","value":"î€•"},{"type":"pause","duration":10},{"type":"keyUp","value":"î€•"}]}]}
RESULT: {"actions":[{"id":"action54","type":"key","parameters":{},"actions":[{"type":"keyDown","value":"î€•"},{"type":"pause","duration":10},{"type":"keyUp","value":"î€•"}]}]}
COMMAND: POST /session/4f73fbc7686585ab41e1ef1183ea1846/actions - {"actions":[{"id":"action55","type":"key","parameters":{},"actions":[{"type":"keyDown","value":"î€‡"},{"type":"pause","duration":10},{"type":"keyUp","value":"î€‡"}]}]}
COMMAND: GET /session/4f73fbc7686585ab41e1ef1183ea1846/screenshot - {}
RESULT: {"actions":[{"id":"action55","type":"key","parameters":{},"actions":[{"type":"keyDown","value":"î€‡"},{"type":"pause","duration":10},{"type":"keyUp","value":"î€‡"}]}]}
COMMAND: POST /session/4f73fbc7686585ab41e1ef1183ea1846/element - {"using":"xpath","value":"(//input[contains(@id ,\"requestItemsTable-0-inner\")])[1]"}
COMMAND: GET /session/4f73fbc7686585ab41e1ef1183ea1846/screenshot - {}
RESULT: {}
RESULT: {"using":"xpath","value":"(//input[contains(@id ,\"requestItemsTable-0-inner\")])[1]"}
COMMAND: POST /session/4f73fbc7686585ab41e1ef1183ea1846/element/f.37EC1E53C27724E540A226988372354E.d.0534964CE54DF2982CDE74709DF95CD4.e.8655/clear - {}
RESULT: {}
RESULT: {}
COMMAND: POST /session/4f73fbc7686585ab41e1ef1183ea1846/element/f.37EC1E53C27724E540A226988372354E.d.0534964CE54DF2982CDE74709DF95CD4.e.8655/value - {"text":"catalogItemNamesghat"}
COMMAND: GET /session/4f73fbc7686585ab41e1ef1183ea1846/screenshot - {}
RESULT: {"text":"catalogItemNamesghat"}
COMMAND: GET /session/4f73fbc7686585ab41e1ef1183ea1846/screenshot - {}
RESULT: {}
RESULT: {}
COMMAND: POST /session/4f73fbc7686585ab41e1ef1183ea1846/actions - {"actions":[{"id":"action56","type":"key","parameters":{},"actions":[{"type":"keyDown","value":"î€‡"},{"type":"pause","duration":10},{"type":"keyUp","value":"î€‡"}]}]}
RESULT: {"actions":[{"id":"action56","type":"key","parameters":{},"actions":[{"type":"keyDown","value":"î€‡"},{"type":"pause","duration":10},{"type":"keyUp","value":"î€‡"}]}]}
COMMAND: GET /session/4f73fbc7686585ab41e1ef1183ea1846/screenshot - {}
RESULT: {}
COMMAND: POST /session/4f73fbc7686585ab41e1ef1183ea1846/execute/async - {"script":"<script> [1562 bytes]","args":[{"selector":{"controlType":"sap.m.Button","viewName":"etm.portal.ui.managerequests.view.NewRequest","i18NText":{"propertyName":"text","key":"requestSpecifications"},"interaction":{"idSuffix":"BDI-content"}},"wdio_ui5_key":"etmportal.ui.managerequests.view.NewRequestsap.m.Button{\"propertyName\":\"text\",\"key\":\"requestSpecifications\"}"}]}
RESULT: {"script":"<script> [1562 bytes]","args":[{"selector":{"controlType":"sap.m.Button","viewName":"etm.portal.ui.managerequests.view.NewRequest","i18NText":{"propertyName":"text","key":"requestSpecifications"},"interaction":{"idSuffix":"BDI-content"}},"wdio_ui5_key":"etmportal.ui.managerequests.view.NewRequestsap.m.Button{\"propertyName\":\"text\",\"key\":\"requestSpecifications\"}"}]}
RESULT: undefined
COMMAND: POST /session/4f73fbc7686585ab41e1ef1183ea1846/element - {"using":"xpath","value":"//*[@id=\"__button78-__xmlview59--requestItemsTable-0\"]"}
RESULT: {"using":"xpath","value":"//*[@id=\"__button78-__xmlview59--requestItemsTable-0\"]"}
COMMAND: POST /session/4f73fbc7686585ab41e1ef1183ea1846/element/f.37EC1E53C27724E540A226988372354E.d.0534964CE54DF2982CDE74709DF95CD4.e.8669/click - {}
RESULT: {}
COMMAND: GET /session/4f73fbc7686585ab41e1ef1183ea1846/screenshot - {}
RESULT: {}
COMMAND: POST /session/4f73fbc7686585ab41e1ef1183ea1846/element - {"using":"xpath","value":"//input[@value=\"red\"]"}
RESULT: {"using":"xpath","value":"//input[@value=\"red\"]"}
COMMAND: POST /session/4f73fbc7686585ab41e1ef1183ea1846/elements - {"using":"xpath","value":"//input[@value=\"red\"]"}
RESULT: {"using":"xpath","value":"//input[@value=\"red\"]"}
COMMAND: POST /session/4f73fbc7686585ab41e1ef1183ea1846/execute/async - {"script":"<script> [1562 bytes]","args":[{"selector":{"controlType":"sap.m.Text","viewName":"etm.portal.ui.managerequests.view.NewRequest","bindingPath":{"path":"/currentEntries/0/PROPERTIES/0","propertyPath":"DESCRIPTION","modelName":"techSpecsClassificationModel"},"searchOpenDialogs":true},"wdio_ui5_key":"etmportal.ui.managerequests.view.NewRequestsap.m.Text{\"path\":\"/currentEntries/0/PROPERTIES/0\",\"propertyPath\":\"DESCRIPTION\",\"modelName\":\"techSpecsClassificationModel\"}"}]}
RESULT: {"script":"<script> [1562 bytes]","args":[{"selector":{"controlType":"sap.m.Text","viewName":"etm.portal.ui.managerequests.view.NewRequest","bindingPath":{"path":"/currentEntries/0/PROPERTIES/0","propertyPath":"DESCRIPTION","modelName":"techSpecsClassificationModel"},"searchOpenDialogs":true},"wdio_ui5_key":"etmportal.ui.managerequests.view.NewRequestsap.m.Text{\"path\":\"/currentEntries/0/PROPERTIES/0\",\"propertyPath\":\"DESCRIPTION\",\"modelName\":\"techSpecsClassificationModel\"}"}]}
RESULT: undefined
COMMAND: POST /session/4f73fbc7686585ab41e1ef1183ea1846/execute/async - {"script":"<script> [6424 bytes]","args":[{"element-6066-11e4-a52e-4f735466cecf":"f.37EC1E53C27724E540A226988372354E.d.0534964CE54DF2982CDE74709DF95CD4.e.8678"},"getText",[]]}
RESULT: {"script":"<script> [6424 bytes]","args":[{"element-6066-11e4-a52e-4f735466cecf":"f.37EC1E53C27724E540A226988372354E.d.0534964CE54DF2982CDE74709DF95CD4.e.8678"},"getText",[]]}
COMMAND: POST /session/4f73fbc7686585ab41e1ef1183ea1846/execute/async - {"script":"<script> [1562 bytes]","args":[{"selector":{"controlType":"sap.ui.core.Icon","viewName":"etm.portal.ui.managerequests.view.NewRequest","properties":{"src":{"regex":{"source":"slim\\-arrow\\-down"}}},"searchOpenDialogs":true},"wdio_ui5_key":"etmportal.ui.managerequests.view.NewRequestsap.ui.core.Icon{\"src\":{\"regex\":{\"source\":\"slim\\\\-arrow\\\\-down\"}}}"}]}
RESULT: {"script":"<script> [1562 bytes]","args":[{"selector":{"controlType":"sap.ui.core.Icon","viewName":"etm.portal.ui.managerequests.view.NewRequest","properties":{"src":{"regex":{"source":"slim\\-arrow\\-down"}}},"searchOpenDialogs":true},"wdio_ui5_key":"etmportal.ui.managerequests.view.NewRequestsap.ui.core.Icon{\"src\":{\"regex\":{\"source\":\"slim\\\\-arrow\\\\-down\"}}}"}]}
RESULT: undefined
COMMAND: POST /session/4f73fbc7686585ab41e1ef1183ea1846/element - {"using":"xpath","value":"//*[@id=\"__box58-arrow\"]"}
RESULT: {"using":"xpath","value":"//*[@id=\"__box58-arrow\"]"}
COMMAND: POST /session/4f73fbc7686585ab41e1ef1183ea1846/element/f.37EC1E53C27724E540A226988372354E.d.0534964CE54DF2982CDE74709DF95CD4.e.8679/click - {}
RESULT: {}
COMMAND: POST /session/4f73fbc7686585ab41e1ef1183ea1846/execute/async - {"script":"<script> [1562 bytes]","args":[{"selector":{"controlType":"sap.m.StandardListItem","viewName":"etm.portal.ui.managerequests.view.NewRequest","properties":{"title":"blue"},"searchOpenDialogs":true,"interaction":{"idSuffix":"content"}},"wdio_ui5_key":"etmportal.ui.managerequests.view.NewRequestsap.m.StandardListItem{\"title\":\"blue\"}"}]}
COMMAND: GET /session/4f73fbc7686585ab41e1ef1183ea1846/screenshot - {}
RESULT: {"script":"<script> [1562 bytes]","args":[{"selector":{"controlType":"sap.m.StandardListItem","viewName":"etm.portal.ui.managerequests.view.NewRequest","properties":{"title":"blue"},"searchOpenDialogs":true,"interaction":{"idSuffix":"content"}},"wdio_ui5_key":"etmportal.ui.managerequests.view.NewRequestsap.m.StandardListItem{\"title\":\"blue\"}"}]}
RESULT: undefined
COMMAND: POST /session/4f73fbc7686585ab41e1ef1183ea1846/element - {"using":"xpath","value":"//*[@id=\"__item1075\"]"}
RESULT: {}
RESULT: {"using":"xpath","value":"//*[@id=\"__item1075\"]"}
COMMAND: POST /session/4f73fbc7686585ab41e1ef1183ea1846/element/f.37EC1E53C27724E540A226988372354E.d.0534964CE54DF2982CDE74709DF95CD4.e.8682/click - {}
RESULT: {}
COMMAND: GET /session/4f73fbc7686585ab41e1ef1183ea1846/screenshot - {}
RESULT: {}
COMMAND: POST /session/4f73fbc7686585ab41e1ef1183ea1846/execute/async - {"script":"<script> [1562 bytes]","args":[{"selector":{"id":"saveButton","viewName":"etm.portal.ui.managerequests.view.NewRequest","searchOpenDialogs":true,"interaction":{"idSuffix":"BDI-content"}},"wdio_ui5_key":"saveButtonetmportal.ui.managerequests.view.NewRequest"}]}
RESULT: {"script":"<script> [1562 bytes]","args":[{"selector":{"id":"saveButton","viewName":"etm.portal.ui.managerequests.view.NewRequest","searchOpenDialogs":true,"interaction":{"idSuffix":"BDI-content"}},"wdio_ui5_key":"saveButtonetmportal.ui.managerequests.view.NewRequest"}]}
RESULT: undefined
COMMAND: POST /session/4f73fbc7686585ab41e1ef1183ea1846/element - {"using":"xpath","value":"//*[@id=\"__xmlview59--saveButton\"]"}
RESULT: {"using":"xpath","value":"//*[@id=\"__xmlview59--saveButton\"]"}
COMMAND: POST /session/4f73fbc7686585ab41e1ef1183ea1846/element/f.37EC1E53C27724E540A226988372354E.d.0534964CE54DF2982CDE74709DF95CD4.e.8676/click - {}
RESULT: {}
COMMAND: POST /session/4f73fbc7686585ab41e1ef1183ea1846/execute/async - {"script":"<script> [1562 bytes]","args":[{"selector":{"controlType":"sap.ui.core.Icon","viewName":"etm.portal.ui.managerequests.view.NewRequest","properties":{"src":{"regex":{"source":"slim\\-arrow\\-down"}}},"ancestor":{"controlType":"sap.m.Button","viewName":"etm.portal.ui.managerequests.view.NewRequest","properties":{"icon":"sap-icon://slim-arrow-down"}}},"wdio_ui5_key":"etmportal.ui.managerequests.view.NewRequestsap.ui.core.Icon{\"src\":{\"regex\":{\"source\":\"slim\\\\-arrow\\\\-down\"}}}{\"controlType\":\"sap.m.Button\",\"viewName\":\"etm.portal.ui.managerequests.view.NewRequest\",\"properties\":{\"icon\":\"sap-icon://slim-arrow-down\"}}"}]}
COMMAND: GET /session/4f73fbc7686585ab41e1ef1183ea1846/screenshot - {}
RESULT: {"script":"<script> [1562 bytes]","args":[{"selector":{"controlType":"sap.ui.core.Icon","viewName":"etm.portal.ui.managerequests.view.NewRequest","properties":{"src":{"regex":{"source":"slim\\-arrow\\-down"}}},"ancestor":{"controlType":"sap.m.Button","viewName":"etm.portal.ui.managerequests.view.NewRequest","properties":{"icon":"sap-icon://slim-arrow-down"}}},"wdio_ui5_key":"etmportal.ui.managerequests.view.NewRequestsap.ui.core.Icon{\"src\":{\"regex\":{\"source\":\"slim\\\\-arrow\\\\-down\"}}}{\"controlType\":\"sap.m.Button\",\"viewName\":\"etm.portal.ui.managerequests.view.NewRequest\",\"properties\":{\"icon\":\"sap-icon://slim-arrow-down\"}}"}]}
RESULT: undefined
RESULT: {}
COMMAND: POST /session/4f73fbc7686585ab41e1ef1183ea1846/element - {"using":"xpath","value":"//div[contains(@data-kt ,\"splitAllocationObjectStatus\")]"}
RESULT: {"using":"xpath","value":"//div[contains(@data-kt ,\"splitAllocationObjectStatus\")]"}
COMMAND: POST /session/4f73fbc7686585ab41e1ef1183ea1846/elements - {"using":"xpath","value":"//div[contains(@data-kt ,\"splitAllocationObjectStatus\")]"}
RESULT: {"using":"xpath","value":"//div[contains(@data-kt ,\"splitAllocationObjectStatus\")]"}
COMMAND: POST /session/4f73fbc7686585ab41e1ef1183ea1846/execute/async - {"script":"<script> [1562 bytes]","args":[{"selector":{"controlType":"sap.ui.core.Icon","viewName":"etm.portal.ui.managerequests.view.NewRequest","properties":{"src":{"regex":{"source":"message\\-error"}}}},"wdio_ui5_key":"etmportal.ui.managerequests.view.NewRequestsap.ui.core.Icon{\"src\":{\"regex\":{\"source\":\"message\\\\-error\"}}}"}]}
RESULT: {"script":"<script> [1562 bytes]","args":[{"selector":{"controlType":"sap.ui.core.Icon","viewName":"etm.portal.ui.managerequests.view.NewRequest","properties":{"src":{"regex":{"source":"message\\-error"}}}},"wdio_ui5_key":"etmportal.ui.managerequests.view.NewRequestsap.ui.core.Icon{\"src\":{\"regex\":{\"source\":\"message\\\\-error\"}}}"}]}
RESULT: undefined
COMMAND: POST /session/4f73fbc7686585ab41e1ef1183ea1846/element - {"using":"xpath","value":"//*[@id=\"__status4-__xmlview59--requestItemsTable-0-icon\"]"}
RESULT: {"using":"xpath","value":"//*[@id=\"__status4-__xmlview59--requestItemsTable-0-icon\"]"}
COMMAND: POST /session/4f73fbc7686585ab41e1ef1183ea1846/element/f.37EC1E53C27724E540A226988372354E.d.0534964CE54DF2982CDE74709DF95CD4.e.8685/click - {}
RESULT: {}
COMMAND: POST /session/4f73fbc7686585ab41e1ef1183ea1846/execute/async - {"script":"<script> [1562 bytes]","args":[{"selector":{"controlType":"sap.ui.core.Icon","viewName":"etm.portal.ui.managerequests.view.NewRequest","properties":{"src":{"regex":{"source":"slim\\-arrow\\-down"}}},"searchOpenDialogs":true,"ancestor":{"id":"costObjectAdminTypeComboBox","viewName":"etm.portal.ui.managerequests.view.NewRequest","searchOpenDialogs":true}},"wdio_ui5_key":"etmportal.ui.managerequests.view.NewRequestsap.ui.core.Icon{\"src\":{\"regex\":{\"source\":\"slim\\\\-arrow\\\\-down\"}}}{\"id\":\"costObjectAdminTypeComboBox\",\"viewName\":\"etm.portal.ui.managerequests.view.NewRequest\",\"searchOpenDialogs\":true}"}]}
COMMAND: GET /session/4f73fbc7686585ab41e1ef1183ea1846/screenshot - {}
RESULT: {"script":"<script> [1562 bytes]","args":[{"selector":{"controlType":"sap.ui.core.Icon","viewName":"etm.portal.ui.managerequests.view.NewRequest","properties":{"src":{"regex":{"source":"slim\\-arrow\\-down"}}},"searchOpenDialogs":true,"ancestor":{"id":"costObjectAdminTypeComboBox","viewName":"etm.portal.ui.managerequests.view.NewRequest","searchOpenDialogs":true}},"wdio_ui5_key":"etmportal.ui.managerequests.view.NewRequestsap.ui.core.Icon{\"src\":{\"regex\":{\"source\":\"slim\\\\-arrow\\\\-down\"}}}{\"id\":\"costObjectAdminTypeComboBox\",\"viewName\":\"etm.portal.ui.managerequests.view.NewRequest\",\"searchOpenDialogs\":true}"}]}
RESULT: undefined
COMMAND: POST /session/4f73fbc7686585ab41e1ef1183ea1846/element - {"using":"xpath","value":"//*[@id=\"__xmlview59--costObjectAdminTypeComboBox-arrow\"]"}
RESULT: {}
RESULT: {"using":"xpath","value":"//*[@id=\"__xmlview59--costObjectAdminTypeComboBox-arrow\"]"}
COMMAND: POST /session/4f73fbc7686585ab41e1ef1183ea1846/element/f.37EC1E53C27724E540A226988372354E.d.0534964CE54DF2982CDE74709DF95CD4.e.8689/click - {}
RESULT: {}
COMMAND: POST /session/4f73fbc7686585ab41e1ef1183ea1846/execute/async - {"script":"<script> [1562 bytes]","args":[{"selector":{"controlType":"sap.m.StandardListItem","viewName":"etm.portal.ui.managerequests.view.NewRequest","properties":{"title":"Cost Center"},"searchOpenDialogs":true,"interaction":{"idSuffix":"titleText"}},"wdio_ui5_key":"etmportal.ui.managerequests.view.NewRequestsap.m.StandardListItem{\"title\":\"Cost Center\"}"}]}
COMMAND: GET /session/4f73fbc7686585ab41e1ef1183ea1846/screenshot - {}
RESULT: {"script":"<script> [1562 bytes]","args":[{"selector":{"controlType":"sap.m.StandardListItem","viewName":"etm.portal.ui.managerequests.view.NewRequest","properties":{"title":"Cost Center"},"searchOpenDialogs":true,"interaction":{"idSuffix":"titleText"}},"wdio_ui5_key":"etmportal.ui.managerequests.view.NewRequestsap.m.StandardListItem{\"title\":\"Cost Center\"}"}]}
RESULT: undefined
COMMAND: POST /session/4f73fbc7686585ab41e1ef1183ea1846/element - {"using":"xpath","value":"//*[@id=\"__item1078\"]"}
RESULT: {}
RESULT: {"using":"xpath","value":"//*[@id=\"__item1078\"]"}
COMMAND: POST /session/4f73fbc7686585ab41e1ef1183ea1846/element/f.37EC1E53C27724E540A226988372354E.d.0534964CE54DF2982CDE74709DF95CD4.e.8692/click - {}
RESULT: {}
COMMAND: GET /session/4f73fbc7686585ab41e1ef1183ea1846/screenshot - {}
RESULT: {}
COMMAND: POST /session/4f73fbc7686585ab41e1ef1183ea1846/execute/async - {"script":"<script> [1562 bytes]","args":[{"selector":{"controlType":"sap.ui.core.Icon","viewName":"etm.portal.ui.managerequests.view.NewRequest","properties":{"src":{"regex":{"source":"value\\-help"}}},"searchOpenDialogs":true},"wdio_ui5_key":"etmportal.ui.managerequests.view.NewRequestsap.ui.core.Icon{\"src\":{\"regex\":{\"source\":\"value\\\\-help\"}}}"}]}
RESULT: {"script":"<script> [1562 bytes]","args":[{"selector":{"controlType":"sap.ui.core.Icon","viewName":"etm.portal.ui.managerequests.view.NewRequest","properties":{"src":{"regex":{"source":"value\\-help"}}},"searchOpenDialogs":true},"wdio_ui5_key":"etmportal.ui.managerequests.view.NewRequestsap.ui.core.Icon{\"src\":{\"regex\":{\"source\":\"value\\\\-help\"}}}"}]}
RESULT: undefined
COMMAND: POST /session/4f73fbc7686585ab41e1ef1183ea1846/element - {"using":"xpath","value":"//*[@id=\"__xmlview59--costObjectIdComboBox-vhi\"]"}
RESULT: {"using":"xpath","value":"//*[@id=\"__xmlview59--costObjectIdComboBox-vhi\"]"}
COMMAND: POST /session/4f73fbc7686585ab41e1ef1183ea1846/element/f.37EC1E53C27724E540A226988372354E.d.0534964CE54DF2982CDE74709DF95CD4.e.8699/click - {}
RESULT: {}
COMMAND: POST /session/4f73fbc7686585ab41e1ef1183ea1846/execute/async - {"script":"<script> [1562 bytes]","args":[{"selector":{"controlType":"sap.m.SearchField","properties":{"placeholder":"Search"},"searchOpenDialogs":true,"interaction":{"idSuffix":"I"}},"wdio_ui5_key":"sapm.SearchField{\"placeholder\":\"Search\"}"}]}
COMMAND: GET /session/4f73fbc7686585ab41e1ef1183ea1846/screenshot - {}
RESULT: {"script":"<script> [1562 bytes]","args":[{"selector":{"controlType":"sap.m.SearchField","properties":{"placeholder":"Search"},"searchOpenDialogs":true,"interaction":{"idSuffix":"I"}},"wdio_ui5_key":"sapm.SearchField{\"placeholder\":\"Search\"}"}]}
RESULT: undefined
COMMAND: POST /session/4f73fbc7686585ab41e1ef1183ea1846/execute/async - {"script":"<script> [776 bytes]","args":[{"enterText":"10001010","selector":{"controlType":"sap.m.SearchField","properties":{"placeholder":"Search"},"searchOpenDialogs":true,"interaction":{"idSuffix":"I"}},"clearTextFirst":true,"interactionType":"ENTER_TEXT"}]}
RESULT: {}
RESULT: {"script":"<script> [776 bytes]","args":[{"enterText":"10001010","selector":{"controlType":"sap.m.SearchField","properties":{"placeholder":"Search"},"searchOpenDialogs":true,"interaction":{"idSuffix":"I"}},"clearTextFirst":true,"interactionType":"ENTER_TEXT"}]}
COMMAND: POST /session/4f73fbc7686585ab41e1ef1183ea1846/actions - {"actions":[{"id":"action57","type":"key","parameters":{},"actions":[{"type":"keyDown","value":"î€‡"},{"type":"pause","duration":10},{"type":"keyUp","value":"î€‡"}]}]}
RESULT: {"actions":[{"id":"action57","type":"key","parameters":{},"actions":[{"type":"keyDown","value":"î€‡"},{"type":"pause","duration":10},{"type":"keyUp","value":"î€‡"}]}]}
COMMAND: GET /session/4f73fbc7686585ab41e1ef1183ea1846/screenshot - {}
RESULT: {}
COMMAND: POST /session/4f73fbc7686585ab41e1ef1183ea1846/execute/async - {"script":"<script> [1562 bytes]","args":[{"selector":{"controlType":"sap.m.Text","bindingPath":{"path":"/C_CostCtrValueHelp(CostCenter='10001010',ControllingArea='Z001')","propertyPath":"CostCenterName","modelName":"CostCenterModel"},"searchOpenDialogs":true},"wdio_ui5_key":"sapm.Text{\"path\":\"/C_CostCtrValueHelp(CostCenter='10001010',ControllingArea='Z001')\",\"propertyPath\":\"CostCenterName\",\"modelName\":\"CostCenterModel\"}"}]}
RESULT: {"script":"<script> [1562 bytes]","args":[{"selector":{"controlType":"sap.m.Text","bindingPath":{"path":"/C_CostCtrValueHelp(CostCenter='10001010',ControllingArea='Z001')","propertyPath":"CostCenterName","modelName":"CostCenterModel"},"searchOpenDialogs":true},"wdio_ui5_key":"sapm.Text{\"path\":\"/C_CostCtrValueHelp(CostCenter='10001010',ControllingArea='Z001')\",\"propertyPath\":\"CostCenterName\",\"modelName\":\"CostCenterModel\"}"}]}
RESULT: undefined
COMMAND: POST /session/4f73fbc7686585ab41e1ef1183ea1846/element - {"using":"xpath","value":"//*[@id=\"__text550-__clone1279\"]"}
RESULT: {"using":"xpath","value":"//*[@id=\"__text550-__clone1279\"]"}
COMMAND: POST /session/4f73fbc7686585ab41e1ef1183ea1846/element/f.37EC1E53C27724E540A226988372354E.d.0534964CE54DF2982CDE74709DF95CD4.e.8740/click - {}
RESULT: {}
COMMAND: POST /session/4f73fbc7686585ab41e1ef1183ea1846/execute/async - {"script":"<script> [1562 bytes]","args":[{"selector":{"controlType":"sap.m.Button","properties":{"text":"OK"},"searchOpenDialogs":true,"interaction":{"idSuffix":"BDI-content"}},"wdio_ui5_key":"sapm.Button{\"text\":\"OK\"}"}]}
COMMAND: GET /session/4f73fbc7686585ab41e1ef1183ea1846/screenshot - {}
RESULT: {"script":"<script> [1562 bytes]","args":[{"selector":{"controlType":"sap.m.Button","properties":{"text":"OK"},"searchOpenDialogs":true,"interaction":{"idSuffix":"BDI-content"}},"wdio_ui5_key":"sapm.Button{\"text\":\"OK\"}"}]}
RESULT: undefined
COMMAND: POST /session/4f73fbc7686585ab41e1ef1183ea1846/element - {"using":"xpath","value":"//*[@id=\"__dialog2-ok\"]"}
RESULT: {}
RESULT: {"using":"xpath","value":"//*[@id=\"__dialog2-ok\"]"}
COMMAND: POST /session/4f73fbc7686585ab41e1ef1183ea1846/element/f.37EC1E53C27724E540A226988372354E.d.0534964CE54DF2982CDE74709DF95CD4.e.8742/click - {}
RESULT: {}
COMMAND: GET /session/4f73fbc7686585ab41e1ef1183ea1846/screenshot - {}
RESULT: {}
COMMAND: POST /session/4f73fbc7686585ab41e1ef1183ea1846/execute/async - {"script":"<script> [1562 bytes]","args":[{"selector":{"controlType":"sap.m.Button","viewName":"etm.portal.ui.managerequests.view.NewRequest","i18NText":{"propertyName":"text","key":"save"},"searchOpenDialogs":true,"interaction":{"idSuffix":"BDI-content"}},"wdio_ui5_key":"etmportal.ui.managerequests.view.NewRequestsap.m.Button{\"propertyName\":\"text\",\"key\":\"save\"}"}]}
RESULT: {"script":"<script> [1562 bytes]","args":[{"selector":{"controlType":"sap.m.Button","viewName":"etm.portal.ui.managerequests.view.NewRequest","i18NText":{"propertyName":"text","key":"save"},"searchOpenDialogs":true,"interaction":{"idSuffix":"BDI-content"}},"wdio_ui5_key":"etmportal.ui.managerequests.view.NewRequestsap.m.Button{\"propertyName\":\"text\",\"key\":\"save\"}"}]}
RESULT: undefined
COMMAND: POST /session/4f73fbc7686585ab41e1ef1183ea1846/element - {"using":"xpath","value":"//*[@id=\"__button91\"]"}
RESULT: {"using":"xpath","value":"//*[@id=\"__button91\"]"}
COMMAND: POST /session/4f73fbc7686585ab41e1ef1183ea1846/element/f.37EC1E53C27724E540A226988372354E.d.0534964CE54DF2982CDE74709DF95CD4.e.8746/click - {}
RESULT: {}
COMMAND: GET /session/4f73fbc7686585ab41e1ef1183ea1846/screenshot - {}
RESULT: {}
COMMAND: POST /session/4f73fbc7686585ab41e1ef1183ea1846/execute/async - {"script":"<script> [1562 bytes]","args":[{"selector":{"controlType":"sap.m.Button","viewName":"etm.portal.ui.managerequests.view.NewRequest","i18NText":{"propertyName":"tooltip","key":"save"},"interaction":{"idSuffix":"content"}},"wdio_ui5_key":"etmportal.ui.managerequests.view.NewRequestsap.m.Button{\"propertyName\":\"tooltip\",\"key\":\"save\"}"}]}
RESULT: {"script":"<script> [1562 bytes]","args":[{"selector":{"controlType":"sap.m.Button","viewName":"etm.portal.ui.managerequests.view.NewRequest","i18NText":{"propertyName":"tooltip","key":"save"},"interaction":{"idSuffix":"content"}},"wdio_ui5_key":"etmportal.ui.managerequests.view.NewRequestsap.m.Button{\"propertyName\":\"tooltip\",\"key\":\"save\"}"}]}
RESULT: undefined
COMMAND: POST /session/4f73fbc7686585ab41e1ef1183ea1846/element - {"using":"xpath","value":"//*[@id=\"__button80\"]"}
RESULT: {"using":"xpath","value":"//*[@id=\"__button80\"]"}
COMMAND: POST /session/4f73fbc7686585ab41e1ef1183ea1846/element/f.37EC1E53C27724E540A226988372354E.d.0534964CE54DF2982CDE74709DF95CD4.e.8599/click - {}
RESULT: {}
COMMAND: GET /session/4f73fbc7686585ab41e1ef1183ea1846/screenshot - {}
RESULT: {}
COMMAND: POST /session/4f73fbc7686585ab41e1ef1183ea1846/execute/async - {"script":"<script> [1562 bytes]","args":[{"selector":{"controlType":"sap.m.Title","properties":{"text":"Success"},"searchOpenDialogs":true},"wdio_ui5_key":"sapm.Title{\"text\":\"Success\"}"}]}
RESULT: {"script":"<script> [1562 bytes]","args":[{"selector":{"controlType":"sap.m.Title","properties":{"text":"Success"},"searchOpenDialogs":true},"wdio_ui5_key":"sapm.Title{\"text\":\"Success\"}"}]}
RESULT: undefined
COMMAND: POST /session/4f73fbc7686585ab41e1ef1183ea1846/execute/async - {"script":"<script> [6424 bytes]","args":[{"element-6066-11e4-a52e-4f735466cecf":"f.37EC1E53C27724E540A226988372354E.d.0534964CE54DF2982CDE74709DF95CD4.e.8751"},"getText",[]]}
RESULT: {"script":"<script> [6424 bytes]","args":[{"element-6066-11e4-a52e-4f735466cecf":"f.37EC1E53C27724E540A226988372354E.d.0534964CE54DF2982CDE74709DF95CD4.e.8751"},"getText",[]]}
COMMAND: POST /session/4f73fbc7686585ab41e1ef1183ea1846/execute/async - {"script":"<script> [1562 bytes]","args":[{"selector":{"controlType":"sap.m.Button","properties":{"text":"Close"},"searchOpenDialogs":true,"interaction":{"idSuffix":"BDI-content"}},"wdio_ui5_key":"sapm.Button{\"text\":\"Close\"}"}]}
RESULT: {"script":"<script> [1562 bytes]","args":[{"selector":{"controlType":"sap.m.Button","properties":{"text":"Close"},"searchOpenDialogs":true,"interaction":{"idSuffix":"BDI-content"}},"wdio_ui5_key":"sapm.Button{\"text\":\"Close\"}"}]}
RESULT: undefined
COMMAND: POST /session/4f73fbc7686585ab41e1ef1183ea1846/element - {"using":"xpath","value":"//*[@id=\"__mbox-btn-0\"]"}
RESULT: {"using":"xpath","value":"//*[@id=\"__mbox-btn-0\"]"}
COMMAND: POST /session/4f73fbc7686585ab41e1ef1183ea1846/element/f.37EC1E53C27724E540A226988372354E.d.0534964CE54DF2982CDE74709DF95CD4.e.8750/click - {}
RESULT: {}
COMMAND: GET /session/4f73fbc7686585ab41e1ef1183ea1846/screenshot - {}
RESULT: {}
COMMAND: POST /session/4f73fbc7686585ab41e1ef1183ea1846/execute/async - {"script":"<script> [1562 bytes]","args":[{"selector":{"controlType":"sap.m.Button","viewName":"etm.portal.ui.managerequests.view.Detail","i18NText":{"propertyName":"text","key":"requestSpecifications"},"interaction":{"idSuffix":"BDI-content"}},"wdio_ui5_key":"etmportal.ui.managerequests.view.Detailsap.m.Button{\"propertyName\":\"text\",\"key\":\"requestSpecifications\"}"}]}
RESULT: {"script":"<script> [1562 bytes]","args":[{"selector":{"controlType":"sap.m.Button","viewName":"etm.portal.ui.managerequests.view.Detail","i18NText":{"propertyName":"text","key":"requestSpecifications"},"interaction":{"idSuffix":"BDI-content"}},"wdio_ui5_key":"etmportal.ui.managerequests.view.Detailsap.m.Button{\"propertyName\":\"text\",\"key\":\"requestSpecifications\"}"}]}
RESULT: undefined
COMMAND: POST /session/4f73fbc7686585ab41e1ef1183ea1846/element - {"using":"xpath","value":"//*[@id=\"__button107-__clone1318\"]"}
RESULT: {"using":"xpath","value":"//*[@id=\"__button107-__clone1318\"]"}
COMMAND: POST /session/4f73fbc7686585ab41e1ef1183ea1846/element/f.37EC1E53C27724E540A226988372354E.d.0534964CE54DF2982CDE74709DF95CD4.e.8878/click - {}
RESULT: {}
COMMAND: GET /session/4f73fbc7686585ab41e1ef1183ea1846/screenshot - {}
RESULT: {}
COMMAND: POST /session/4f73fbc7686585ab41e1ef1183ea1846/element - {"using":"xpath","value":"//input[@value=\"blue\"]"}
RESULT: {"using":"xpath","value":"//input[@value=\"blue\"]"}
COMMAND: POST /session/4f73fbc7686585ab41e1ef1183ea1846/elements - {"using":"xpath","value":"//input[@value=\"blue\"]"}
RESULT: {"using":"xpath","value":"//input[@value=\"blue\"]"}
COMMAND: POST /session/4f73fbc7686585ab41e1ef1183ea1846/execute/async - {"script":"<script> [1562 bytes]","args":[{"selector":{"id":"cancelRequestSpecificationsButton","viewName":"etm.portal.ui.managerequests.view.Detail","searchOpenDialogs":true,"interaction":{"idSuffix":"BDI-content"}},"wdio_ui5_key":"cancelRequestSpecificationsButtonetmportal.ui.managerequests.view.Detail"}]}
RESULT: {"script":"<script> [1562 bytes]","args":[{"selector":{"id":"cancelRequestSpecificationsButton","viewName":"etm.portal.ui.managerequests.view.Detail","searchOpenDialogs":true,"interaction":{"idSuffix":"BDI-content"}},"wdio_ui5_key":"cancelRequestSpecificationsButtonetmportal.ui.managerequests.view.Detail"}]}
RESULT: undefined
COMMAND: POST /session/4f73fbc7686585ab41e1ef1183ea1846/element - {"using":"xpath","value":"//*[@id=\"__xmlview60--cancelRequestSpecificationsButton\"]"}
RESULT: {"using":"xpath","value":"//*[@id=\"__xmlview60--cancelRequestSpecificationsButton\"]"}
COMMAND: POST /session/4f73fbc7686585ab41e1ef1183ea1846/element/f.37EC1E53C27724E540A226988372354E.d.0534964CE54DF2982CDE74709DF95CD4.e.8879/click - {}
RESULT: {}
COMMAND: GET /session/4f73fbc7686585ab41e1ef1183ea1846/screenshot - {}
COMMAND: POST /session/4f73fbc7686585ab41e1ef1183ea1846/element - {"using":"css selector","value":"#shell-header-logo"}
RESULT: {}
RESULT: {"using":"css selector","value":"#shell-header-logo"}
COMMAND: POST /session/4f73fbc7686585ab41e1ef1183ea1846/element/f.37EC1E53C27724E540A226988372354E.d.0534964CE54DF2982CDE74709DF95CD4.e.8207/click - {}
RESULT: {}
COMMAND: GET /session/4f73fbc7686585ab41e1ef1183ea1846/screenshot - {}
RESULT: {}
]]></system-out>
    </testcase>
  </testsuite>
  <testsuite timestamp="2025-05-06T16:10:20" time="363.205" tests="3" failures="0" errors="0" skipped="0">
    <properties>
      <property name="specId" value="0" />
      <property name="suiteName" value="Reserve/Unreserve request item via reserve option US139161" />
      <property name="capabilities" value="chrome.135_0_7049_115.windows" />
      <property name="file" value="file:///D:/a/1/s/test/specs/R2C/reserve-unreserve-request-item-via-reserve-option.spec.js" />
    </properties>
    <testcase classname="chrome.135_0_7049_115.windows.Reserve/Unreserve_request_item_via_reserve_option_US139161" name="Should add the material to the catalog item" time="86.314">
      <system-out><![CDATA[
COMMAND: POST /session/4f73fbc7686585ab41e1ef1183ea1846/element - {"using":"xpath","value":"//*[contains(@href, 'etm.portal.ui.managecatalogs')]"}
RESULT: {"using":"xpath","value":"//*[contains(@href, 'etm.portal.ui.managecatalogs')]"}
COMMAND: POST /session/4f73fbc7686585ab41e1ef1183ea1846/element/f.37EC1E53C27724E540A226988372354E.d.0534964CE54DF2982CDE74709DF95CD4.e.8886/click - {}
RESULT: {}
COMMAND: GET /session/4f73fbc7686585ab41e1ef1183ea1846/screenshot - {}
RESULT: {}
COMMAND: POST /session/4f73fbc7686585ab41e1ef1183ea1846/execute/async - {"script":"<script> [1562 bytes]","args":[{"selector":{"controlType":"sap.m.Text","viewName":"etm.portal.ui.managecatalogs.view.MasterCatalogs","viewId":"application-managecatalogs-display-component---masterCatalogs","bindingPath":{"path":"/Catalogs('0D7502D073D53A0F1700BE067B89AFF9')","propertyPath":"DESCRIPTION","modelName":"catalogModel"}},"wdio_ui5_key":"etmportal.ui.managecatalogs.view.MasterCatalogssap.m.Text{\"path\":\"/Catalogs('0D7502D073D53A0F1700BE067B89AFF9')\",\"propertyPath\":\"DESCRIPTION\",\"modelName\":\"catalogModel\"}"}]}
RESULT: {"script":"<script> [1562 bytes]","args":[{"selector":{"controlType":"sap.m.Text","viewName":"etm.portal.ui.managecatalogs.view.MasterCatalogs","viewId":"application-managecatalogs-display-component---masterCatalogs","bindingPath":{"path":"/Catalogs('0D7502D073D53A0F1700BE067B89AFF9')","propertyPath":"DESCRIPTION","modelName":"catalogModel"}},"wdio_ui5_key":"etmportal.ui.managecatalogs.view.MasterCatalogssap.m.Text{\"path\":\"/Catalogs('0D7502D073D53A0F1700BE067B89AFF9')\",\"propertyPath\":\"DESCRIPTION\",\"modelName\":\"catalogModel\"}"}]}
RESULT: undefined
COMMAND: POST /session/4f73fbc7686585ab41e1ef1183ea1846/element - {"using":"xpath","value":"//*[@id=\"__text685-application-managecatalogs-display-component---masterCatalogs--CatalogsTable-11\"]"}
RESULT: {"using":"xpath","value":"//*[@id=\"__text685-application-managecatalogs-display-component---masterCatalogs--CatalogsTable-11\"]"}
COMMAND: POST /session/4f73fbc7686585ab41e1ef1183ea1846/element/f.37EC1E53C27724E540A226988372354E.d.0534964CE54DF2982CDE74709DF95CD4.e.8954/click - {}
RESULT: {}
RESULT: undefined
COMMAND: POST /session/4f73fbc7686585ab41e1ef1183ea1846/execute/async - {"script":"<script> [776 bytes]","args":[{"enterText":"catalogItemrzrhs","selector":{"id":"application-managecatalogs-display-component---masterCatalogItems--searchItemsField","interaction":{"idSuffix":"I"}},"clearTextFirst":true,"interactionType":"ENTER_TEXT"}]}
COMMAND: GET /session/4f73fbc7686585ab41e1ef1183ea1846/screenshot - {}
RESULT: {"script":"<script> [776 bytes]","args":[{"enterText":"catalogItemrzrhs","selector":{"id":"application-managecatalogs-display-component---masterCatalogItems--searchItemsField","interaction":{"idSuffix":"I"}},"clearTextFirst":true,"interactionType":"ENTER_TEXT"}]}
COMMAND: POST /session/4f73fbc7686585ab41e1ef1183ea1846/actions - {"actions":[{"id":"action58","type":"key","parameters":{},"actions":[{"type":"keyDown","value":"î€‡"},{"type":"pause","duration":10},{"type":"keyUp","value":"î€‡"}]}]}
RESULT: {}
RESULT: {"actions":[{"id":"action58","type":"key","parameters":{},"actions":[{"type":"keyDown","value":"î€‡"},{"type":"pause","duration":10},{"type":"keyUp","value":"î€‡"}]}]}
COMMAND: POST /session/4f73fbc7686585ab41e1ef1183ea1846/element - {"using":"xpath","value":"(//span[contains(text(), \"catalogItemrzrhs\")])[1]"}
COMMAND: GET /session/4f73fbc7686585ab41e1ef1183ea1846/screenshot - {}
RESULT: {"using":"xpath","value":"(//span[contains(text(), \"catalogItemrzrhs\")])[1]"}
COMMAND: POST /session/4f73fbc7686585ab41e1ef1183ea1846/element/f.37EC1E53C27724E540A226988372354E.d.0534964CE54DF2982CDE74709DF95CD4.e.8993/click - {}
RESULT: {}
RESULT: {}
COMMAND: GET /session/4f73fbc7686585ab41e1ef1183ea1846/screenshot - {}
RESULT: {}
COMMAND: POST /session/4f73fbc7686585ab41e1ef1183ea1846/element - {"using":"xpath","value":"//*[contains(@id ,\"BDI-content\")][contains(text(), \"Edit\")]"}
RESULT: {"using":"xpath","value":"//*[contains(@id ,\"BDI-content\")][contains(text(), \"Edit\")]"}
COMMAND: POST /session/4f73fbc7686585ab41e1ef1183ea1846/element/f.37EC1E53C27724E540A226988372354E.d.0534964CE54DF2982CDE74709DF95CD4.e.9074/click - {}
RESULT: {}
COMMAND: GET /session/4f73fbc7686585ab41e1ef1183ea1846/screenshot - {}
RESULT: {}
COMMAND: POST /session/4f73fbc7686585ab41e1ef1183ea1846/element - {"using":"xpath","value":"//bdi[contains(text(), \"Assigned Resources\")]"}
RESULT: {"using":"xpath","value":"//bdi[contains(text(), \"Assigned Resources\")]"}
COMMAND: POST /session/4f73fbc7686585ab41e1ef1183ea1846/element/f.37EC1E53C27724E540A226988372354E.d.0534964CE54DF2982CDE74709DF95CD4.e.9098/click - {}
RESULT: {}
COMMAND: GET /session/4f73fbc7686585ab41e1ef1183ea1846/screenshot - {}
RESULT: {}
COMMAND: POST /session/4f73fbc7686585ab41e1ef1183ea1846/element - {"using":"xpath","value":"//button[contains(@data-kt ,\"catalogItemAssignRuButton\")]"}
RESULT: {"using":"xpath","value":"//button[contains(@data-kt ,\"catalogItemAssignRuButton\")]"}
COMMAND: POST /session/4f73fbc7686585ab41e1ef1183ea1846/element/f.37EC1E53C27724E540A226988372354E.d.0534964CE54DF2982CDE74709DF95CD4.e.9106/click - {}
RESULT: {}
COMMAND: GET /session/4f73fbc7686585ab41e1ef1183ea1846/screenshot - {}
RESULT: {}
COMMAND: POST /session/4f73fbc7686585ab41e1ef1183ea1846/actions - {"actions":[{"id":"action59","type":"key","parameters":{},"actions":[{"type":"keyDown","value":"î€‡"},{"type":"pause","duration":10},{"type":"keyUp","value":"î€‡"}]}]}
RESULT: {"actions":[{"id":"action59","type":"key","parameters":{},"actions":[{"type":"keyDown","value":"î€‡"},{"type":"pause","duration":10},{"type":"keyUp","value":"î€‡"}]}]}
COMMAND: GET /session/4f73fbc7686585ab41e1ef1183ea1846/screenshot - {}
RESULT: {}
COMMAND: POST /session/4f73fbc7686585ab41e1ef1183ea1846/execute/async - {"script":"<script> [1562 bytes]","args":[{"selector":{"id":"application-managecatalogs-display-component---detailCatalog--assignRUSearchField-vhi","searchOpenDialogs":true},"wdio_ui5_key":"applicationmanagecatalogs-display-component---detailCatalog--assignRUSearchField-vhi"}]}
RESULT: {"script":"<script> [1562 bytes]","args":[{"selector":{"id":"application-managecatalogs-display-component---detailCatalog--assignRUSearchField-vhi","searchOpenDialogs":true},"wdio_ui5_key":"applicationmanagecatalogs-display-component---detailCatalog--assignRUSearchField-vhi"}]}
RESULT: undefined
COMMAND: POST /session/4f73fbc7686585ab41e1ef1183ea1846/element - {"using":"xpath","value":"//*[@id=\"application-managecatalogs-display-component---detailCatalog--assignRUSearchField-vhi\"]"}
RESULT: {"using":"xpath","value":"//*[@id=\"application-managecatalogs-display-component---detailCatalog--assignRUSearchField-vhi\"]"}
COMMAND: POST /session/4f73fbc7686585ab41e1ef1183ea1846/element/f.37EC1E53C27724E540A226988372354E.d.0534964CE54DF2982CDE74709DF95CD4.e.9124/click - {}
RESULT: {}
COMMAND: GET /session/4f73fbc7686585ab41e1ef1183ea1846/screenshot - {}
RESULT: {}
COMMAND: POST /session/4f73fbc7686585ab41e1ef1183ea1846/element - {"using":"xpath","value":"//input[contains(@id ,\"searchField-I\")]"}
RESULT: {"using":"xpath","value":"//input[contains(@id ,\"searchField-I\")]"}
COMMAND: POST /session/4f73fbc7686585ab41e1ef1183ea1846/element/f.37EC1E53C27724E540A226988372354E.d.0534964CE54DF2982CDE74709DF95CD4.e.9126/clear - {}
RESULT: {}
COMMAND: POST /session/4f73fbc7686585ab41e1ef1183ea1846/element/f.37EC1E53C27724E540A226988372354E.d.0534964CE54DF2982CDE74709DF95CD4.e.9126/value - {"text":"WebdriverRUR2C5r275"}
COMMAND: GET /session/4f73fbc7686585ab41e1ef1183ea1846/screenshot - {}
RESULT: {"text":"WebdriverRUR2C5r275"}
COMMAND: GET /session/4f73fbc7686585ab41e1ef1183ea1846/screenshot - {}
RESULT: {}
RESULT: {}
COMMAND: POST /session/4f73fbc7686585ab41e1ef1183ea1846/actions - {"actions":[{"id":"action60","type":"key","parameters":{},"actions":[{"type":"keyDown","value":"î€‡"},{"type":"pause","duration":10},{"type":"keyUp","value":"î€‡"}]}]}
RESULT: {"actions":[{"id":"action60","type":"key","parameters":{},"actions":[{"type":"keyDown","value":"î€‡"},{"type":"pause","duration":10},{"type":"keyUp","value":"î€‡"}]}]}
COMMAND: GET /session/4f73fbc7686585ab41e1ef1183ea1846/screenshot - {}
RESULT: {}
COMMAND: POST /session/4f73fbc7686585ab41e1ef1183ea1846/actions - {"actions":[{"id":"action61","type":"key","parameters":{},"actions":[{"type":"keyDown","value":"î€„"},{"type":"pause","duration":10},{"type":"keyUp","value":"î€„"}]}]}
RESULT: {"actions":[{"id":"action61","type":"key","parameters":{},"actions":[{"type":"keyDown","value":"î€„"},{"type":"pause","duration":10},{"type":"keyUp","value":"î€„"}]}]}
COMMAND: GET /session/4f73fbc7686585ab41e1ef1183ea1846/screenshot - {}
RESULT: {}
COMMAND: POST /session/4f73fbc7686585ab41e1ef1183ea1846/actions - {"actions":[{"id":"action62","type":"key","parameters":{},"actions":[{"type":"keyDown","value":"î€‡"},{"type":"pause","duration":10},{"type":"keyUp","value":"î€‡"}]}]}
RESULT: {"actions":[{"id":"action62","type":"key","parameters":{},"actions":[{"type":"keyDown","value":"î€‡"},{"type":"pause","duration":10},{"type":"keyUp","value":"î€‡"}]}]}
COMMAND: GET /session/4f73fbc7686585ab41e1ef1183ea1846/screenshot - {}
RESULT: {}
COMMAND: POST /session/4f73fbc7686585ab41e1ef1183ea1846/element - {"using":"xpath","value":"//bdi[contains(@id ,\"application-managecatalogs-display-component---detailCatalog--RUAssignmentSaveButton-BDI-content\")]"}
RESULT: {"using":"xpath","value":"//bdi[contains(@id ,\"application-managecatalogs-display-component---detailCatalog--RUAssignmentSaveButton-BDI-content\")]"}
COMMAND: POST /session/4f73fbc7686585ab41e1ef1183ea1846/element/f.37EC1E53C27724E540A226988372354E.d.0534964CE54DF2982CDE74709DF95CD4.e.9159/click - {}
RESULT: {}
COMMAND: GET /session/4f73fbc7686585ab41e1ef1183ea1846/screenshot - {}
RESULT: {}
COMMAND: POST /session/4f73fbc7686585ab41e1ef1183ea1846/element - {"using":"xpath","value":"//bdi[contains(text(), \"Save\")]"}
RESULT: {"using":"xpath","value":"//bdi[contains(text(), \"Save\")]"}
COMMAND: POST /session/4f73fbc7686585ab41e1ef1183ea1846/element/f.37EC1E53C27724E540A226988372354E.d.0534964CE54DF2982CDE74709DF95CD4.e.9180/click - {}
RESULT: {}
COMMAND: GET /session/4f73fbc7686585ab41e1ef1183ea1846/screenshot - {}
RESULT: {}
COMMAND: POST /session/4f73fbc7686585ab41e1ef1183ea1846/element - {"using":"css selector","value":"#shell-header-logo"}
RESULT: {"using":"css selector","value":"#shell-header-logo"}
COMMAND: POST /session/4f73fbc7686585ab41e1ef1183ea1846/element/f.37EC1E53C27724E540A226988372354E.d.0534964CE54DF2982CDE74709DF95CD4.e.8890/click - {}
RESULT: {}
COMMAND: GET /session/4f73fbc7686585ab41e1ef1183ea1846/screenshot - {}
RESULT: {}
COMMAND: POST /session/4f73fbc7686585ab41e1ef1183ea1846/refresh - {}
RESULT: {}
COMMAND: GET /session/4f73fbc7686585ab41e1ef1183ea1846/screenshot - {}
RESULT: {}
COMMAND: POST /session/4f73fbc7686585ab41e1ef1183ea1846/execute/async - {"script":"<script> [189 bytes]","args":[]}
RESULT: {"script":"<script> [189 bytes]","args":[]}
COMMAND: POST /session/4f73fbc7686585ab41e1ef1183ea1846/execute/async - {"script":"<script> [123 bytes]","args":[]}
RESULT: {"script":"<script> [123 bytes]","args":[]}
COMMAND: POST /session/4f73fbc7686585ab41e1ef1183ea1846/timeouts - {"script":"<number>"}
RESULT: {"script":"<number>"}
COMMAND: GET /session/4f73fbc7686585ab41e1ef1183ea1846/timeouts - {}
RESULT: {}
RESULT: undefined
COMMAND: POST /session/4f73fbc7686585ab41e1ef1183ea1846/execute/async - {"script":"<script> [2676 bytes]","args":[]}
RESULT: {"script":"<script> [2676 bytes]","args":[]}
COMMAND: POST /session/4f73fbc7686585ab41e1ef1183ea1846/execute/async - {"script":"<script> [2342 bytes]","args":[{"protocol":"http","hostname":"0.0.0.0","path":"/","capabilities":{"browserName":"chrome","goog:chromeOptions":{"binary":"C:\\Program Files\\Google\\Chrome\\Application\\chrome.exe","args":["--start-maximized"]}},"logLevel":"warn","connectionRetryTimeout":120000,"connectionRetryCount":3,"logLevels":{},"enableDirectConnect":true,"strictSSL":true,"_":"65 more keys: [\"cacheDir\",\"port\",\"requestedCapabilities\",\"automationProtocol\",\"baseUrl\",\"waitforInterval\",\"waitforTimeout\",\"onReload\",\"beforeCommand\",\"afterCommand\",\"rootDir\",\"specs\",\"suites\",\"exclude\",\"groupLogsByTestSpec\",\"excludeDriverLogs\",\"bail\",\"framework\",\"reporters\",\"services\",\"maxInstances\",\"maxInstancesPerCapability\",\"injectGlobals\",\"filesToWatch\",\"execArgv\",\"runnerEnv\",\"runner\",\"shard\",\"specFileRetries\",\"specFileRetriesDelay\",\"specFileRetriesDeferred\",\"reporterSyncInterval\",\"reporterSyncTimeout\",\"cucumberFeaturesWithLineNumbers\",\"autoCompileOpts\",\"mochaOpts\",\"jasmineOpts\",\"cucumberOpts\",\"onPrepare\",\"onWorkerStart\",\"onWorkerEnd\",\"before\",\"beforeSession\",\"beforeSuite\",\"beforeHook\",\"beforeTest\",\"afterTest\",\"afterHook\",\"afterSuite\",\"afterSession\",\"after\",\"onComplete\",\"beforeAssertion\",\"afterAssertion\",\"beforeFeature\",\"beforeScenario\",\"beforeStep\",\"afterStep\",\"afterScenario\",\"afterFeature\",\"_\",\"suite\",\"$0\",\"ignoredWorkerServices\",\"wdi5\"]"}]}
RESULT: {"script":"<script> [2342 bytes]","args":[{"protocol":"http","hostname":"0.0.0.0","path":"/","capabilities":{"browserName":"chrome","goog:chromeOptions":{"binary":"C:\\Program Files\\Google\\Chrome\\Application\\chrome.exe","args":["--start-maximized"]}},"logLevel":"warn","connectionRetryTimeout":120000,"connectionRetryCount":3,"logLevels":{},"enableDirectConnect":true,"strictSSL":true,"_":"65 more keys: [\"cacheDir\",\"port\",\"requestedCapabilities\",\"automationProtocol\",\"baseUrl\",\"waitforInterval\",\"waitforTimeout\",\"onReload\",\"beforeCommand\",\"afterCommand\",\"rootDir\",\"specs\",\"suites\",\"exclude\",\"groupLogsByTestSpec\",\"excludeDriverLogs\",\"bail\",\"framework\",\"reporters\",\"services\",\"maxInstances\",\"maxInstancesPerCapability\",\"injectGlobals\",\"filesToWatch\",\"execArgv\",\"runnerEnv\",\"runner\",\"shard\",\"specFileRetries\",\"specFileRetriesDelay\",\"specFileRetriesDeferred\",\"reporterSyncInterval\",\"reporterSyncTimeout\",\"cucumberFeaturesWithLineNumbers\",\"autoCompileOpts\",\"mochaOpts\",\"jasmineOpts\",\"cucumberOpts\",\"onPrepare\",\"onWorkerStart\",\"onWorkerEnd\",\"before\",\"beforeSession\",\"beforeSuite\",\"beforeHook\",\"beforeTest\",\"afterTest\",\"afterHook\",\"afterSuite\",\"afterSession\",\"after\",\"onComplete\",\"beforeAssertion\",\"afterAssertion\",\"beforeFeature\",\"beforeScenario\",\"beforeStep\",\"afterStep\",\"afterScenario\",\"afterFeature\",\"_\",\"suite\",\"$0\",\"ignoredWorkerServices\",\"wdi5\"]"}]}
COMMAND: POST /session/4f73fbc7686585ab41e1ef1183ea1846/execute/async - {"script":"<script> [21126 bytes]","args":[35000]}
RESULT: {"script":"<script> [21126 bytes]","args":[35000]}
]]></system-out>
    </testcase>
    <testcase classname="chrome.135_0_7049_115.windows.Reserve/Unreserve_request_item_via_reserve_option_US139161" name="Should create a new request with a catalog item that can be planned" time="156.897">
      <system-out><![CDATA[
COMMAND: POST /session/4f73fbc7686585ab41e1ef1183ea1846/element - {"using":"xpath","value":"//*[contains(@href, 'etm.portal.ui.managerequests')]"}
RESULT: {"using":"xpath","value":"//*[contains(@href, 'etm.portal.ui.managerequests')]"}
COMMAND: POST /session/4f73fbc7686585ab41e1ef1183ea1846/element/f.37EC1E53C27724E540A226988372354E.d.20111C787ED34A9C2BE05213EDE227E6.e.9222/click - {}
RESULT: {}
COMMAND: GET /session/4f73fbc7686585ab41e1ef1183ea1846/screenshot - {}
RESULT: {}
COMMAND: POST /session/4f73fbc7686585ab41e1ef1183ea1846/element - {"using":"xpath","value":"//button[contains(@data-kt ,\"btnCreateNewOverflowToolbarButton\")]"}
COMMAND: POST /session/4f73fbc7686585ab41e1ef1183ea1846/element - {"using":"xpath","value":"(//span[contains(@class ,\"sapMObjStatusText\")])[1]"}
RESULT: {"using":"xpath","value":"//button[contains(@data-kt ,\"btnCreateNewOverflowToolbarButton\")]"}
COMMAND: POST /session/4f73fbc7686585ab41e1ef1183ea1846/element/f.37EC1E53C27724E540A226988372354E.d.20111C787ED34A9C2BE05213EDE227E6.e.9281/click - {}
RESULT: {"using":"xpath","value":"(//span[contains(@class ,\"sapMObjStatusText\")])[1]"}
COMMAND: POST /session/4f73fbc7686585ab41e1ef1183ea1846/execute/sync - {"script":"<script> [8489 bytes]","args":[{"element-6066-11e4-a52e-4f735466cecf":"f.37EC1E53C27724E540A226988372354E.d.20111C787ED34A9C2BE05213EDE227E6.e.9321","ELEMENT":"f.37EC1E53C27724E540A226988372354E.d.20111C787ED34A9C2BE05213EDE227E6.e.9321"}]}
RESULT: {}
COMMAND: GET /session/4f73fbc7686585ab41e1ef1183ea1846/screenshot - {}
RESULT: {"script":"<script> [8489 bytes]","args":[{"element-6066-11e4-a52e-4f735466cecf":"f.37EC1E53C27724E540A226988372354E.d.20111C787ED34A9C2BE05213EDE227E6.e.9321","ELEMENT":"f.37EC1E53C27724E540A226988372354E.d.20111C787ED34A9C2BE05213EDE227E6.e.9321"}]}
COMMAND: GET /session/4f73fbc7686585ab41e1ef1183ea1846/screenshot - {}
RESULT: {}
RESULT: {}
COMMAND: POST /session/4f73fbc7686585ab41e1ef1183ea1846/element - {"using":"xpath","value":"//input[contains(@id ,\"yardId-inner\")]"}
RESULT: {"using":"xpath","value":"//input[contains(@id ,\"yardId-inner\")]"}
COMMAND: POST /session/4f73fbc7686585ab41e1ef1183ea1846/execute/sync - {"script":"<script> [8489 bytes]","args":[{"element-6066-11e4-a52e-4f735466cecf":"f.37EC1E53C27724E540A226988372354E.d.20111C787ED34A9C2BE05213EDE227E6.e.9527","ELEMENT":"f.37EC1E53C27724E540A226988372354E.d.20111C787ED34A9C2BE05213EDE227E6.e.9527"}]}
RESULT: {"script":"<script> [8489 bytes]","args":[{"element-6066-11e4-a52e-4f735466cecf":"f.37EC1E53C27724E540A226988372354E.d.20111C787ED34A9C2BE05213EDE227E6.e.9527","ELEMENT":"f.37EC1E53C27724E540A226988372354E.d.20111C787ED34A9C2BE05213EDE227E6.e.9527"}]}
COMMAND: POST /session/4f73fbc7686585ab41e1ef1183ea1846/element - {"using":"xpath","value":"//input[contains(@id ,\"yardId-inner\")]"}
COMMAND: GET /session/4f73fbc7686585ab41e1ef1183ea1846/screenshot - {}
RESULT: {"using":"xpath","value":"//input[contains(@id ,\"yardId-inner\")]"}
COMMAND: GET /session/4f73fbc7686585ab41e1ef1183ea1846/element/f.37EC1E53C27724E540A226988372354E.d.20111C787ED34A9C2BE05213EDE227E6.e.9527/enabled - {}
RESULT: {}
RESULT: {}
COMMAND: POST /session/4f73fbc7686585ab41e1ef1183ea1846/element/f.37EC1E53C27724E540A226988372354E.d.20111C787ED34A9C2BE05213EDE227E6.e.9527/clear - {}
COMMAND: GET /session/4f73fbc7686585ab41e1ef1183ea1846/screenshot - {}
RESULT: {}
COMMAND: POST /session/4f73fbc7686585ab41e1ef1183ea1846/element/f.37EC1E53C27724E540A226988372354E.d.20111C787ED34A9C2BE05213EDE227E6.e.9527/value - {"text":"WebdriverYarddw5pc"}
COMMAND: GET /session/4f73fbc7686585ab41e1ef1183ea1846/screenshot - {}
RESULT: {}
RESULT: {"text":"WebdriverYarddw5pc"}
COMMAND: GET /session/4f73fbc7686585ab41e1ef1183ea1846/screenshot - {}
RESULT: {}
RESULT: {}
COMMAND: POST /session/4f73fbc7686585ab41e1ef1183ea1846/element - {"using":"xpath","value":"//input[contains(@id ,\"customerNumber-inner\")]"}
RESULT: {"using":"xpath","value":"//input[contains(@id ,\"customerNumber-inner\")]"}
COMMAND: POST /session/4f73fbc7686585ab41e1ef1183ea1846/element/f.37EC1E53C27724E540A226988372354E.d.20111C787ED34A9C2BE05213EDE227E6.e.9521/value - {"text":"WebdriverPartnerm55yg"}
COMMAND: POST /session/4f73fbc7686585ab41e1ef1183ea1846/actions - {"actions":[{"id":"action63","type":"key","parameters":{},"actions":[{"type":"keyDown","value":"î€‡"},{"type":"pause","duration":10},{"type":"keyUp","value":"î€‡"}]}]}
RESULT: {"actions":[{"id":"action63","type":"key","parameters":{},"actions":[{"type":"keyDown","value":"î€‡"},{"type":"pause","duration":10},{"type":"keyUp","value":"î€‡"}]}]}
COMMAND: GET /session/4f73fbc7686585ab41e1ef1183ea1846/screenshot - {}
RESULT: {"text":"WebdriverPartnerm55yg"}
COMMAND: GET /session/4f73fbc7686585ab41e1ef1183ea1846/screenshot - {}
RESULT: {}
RESULT: {}
COMMAND: POST /session/4f73fbc7686585ab41e1ef1183ea1846/actions - {"actions":[{"id":"action64","type":"key","parameters":{},"actions":[{"type":"keyDown","value":"î€‡"},{"type":"pause","duration":10},{"type":"keyUp","value":"î€‡"}]}]}
RESULT: {"actions":[{"id":"action64","type":"key","parameters":{},"actions":[{"type":"keyDown","value":"î€‡"},{"type":"pause","duration":10},{"type":"keyUp","value":"î€‡"}]}]}
COMMAND: GET /session/4f73fbc7686585ab41e1ef1183ea1846/screenshot - {}
RESULT: {}
COMMAND: GET /session/4f73fbc7686585ab41e1ef1183ea1846/element/f.37EC1E53C27724E540A226988372354E.d.20111C787ED34A9C2BE05213EDE227E6.e.9521/property/value - {}
RESULT: {}
COMMAND: GET /session/4f73fbc7686585ab41e1ef1183ea1846/screenshot - {}
RESULT: {}
COMMAND: POST /session/4f73fbc7686585ab41e1ef1183ea1846/element - {"using":"xpath","value":"//input[contains(@id ,\"requestSiteId-inner\")]"}
RESULT: {"using":"xpath","value":"//input[contains(@id ,\"requestSiteId-inner\")]"}
COMMAND: POST /session/4f73fbc7686585ab41e1ef1183ea1846/element/f.37EC1E53C27724E540A226988372354E.d.20111C787ED34A9C2BE05213EDE227E6.e.9520/value - {"text":"WebdriverSiteqy48o"}
RESULT: {"text":"WebdriverSiteqy48o"}
COMMAND: GET /session/4f73fbc7686585ab41e1ef1183ea1846/screenshot - {}
RESULT: {}
COMMAND: POST /session/4f73fbc7686585ab41e1ef1183ea1846/actions - {"actions":[{"id":"action65","type":"key","parameters":{},"actions":[{"type":"keyDown","value":"î€‡"},{"type":"pause","duration":10},{"type":"keyUp","value":"î€‡"}]}]}
RESULT: {"actions":[{"id":"action65","type":"key","parameters":{},"actions":[{"type":"keyDown","value":"î€‡"},{"type":"pause","duration":10},{"type":"keyUp","value":"î€‡"}]}]}
COMMAND: GET /session/4f73fbc7686585ab41e1ef1183ea1846/screenshot - {}
RESULT: {}
COMMAND: POST /session/4f73fbc7686585ab41e1ef1183ea1846/element - {"using":"xpath","value":"//button[contains(@data-kt ,\"requestItemAddOverflowToolbarButton\")]"}
RESULT: {"using":"xpath","value":"//button[contains(@data-kt ,\"requestItemAddOverflowToolbarButton\")]"}
COMMAND: POST /session/4f73fbc7686585ab41e1ef1183ea1846/element/f.37EC1E53C27724E540A226988372354E.d.20111C787ED34A9C2BE05213EDE227E6.e.9499/click - {}
RESULT: {}
COMMAND: GET /session/4f73fbc7686585ab41e1ef1183ea1846/screenshot - {}
RESULT: {}
COMMAND: POST /session/4f73fbc7686585ab41e1ef1183ea1846/actions - {"actions":[{"id":"action66","type":"key","parameters":{},"actions":[{"type":"keyDown","value":"î€•"},{"type":"pause","duration":10},{"type":"keyUp","value":"î€•"}]}]}
RESULT: {"actions":[{"id":"action66","type":"key","parameters":{},"actions":[{"type":"keyDown","value":"î€•"},{"type":"pause","duration":10},{"type":"keyUp","value":"î€•"}]}]}
COMMAND: POST /session/4f73fbc7686585ab41e1ef1183ea1846/actions - {"actions":[{"id":"action67","type":"key","parameters":{},"actions":[{"type":"keyDown","value":"î€‡"},{"type":"pause","duration":10},{"type":"keyUp","value":"î€‡"}]}]}
COMMAND: GET /session/4f73fbc7686585ab41e1ef1183ea1846/screenshot - {}
RESULT: {"actions":[{"id":"action67","type":"key","parameters":{},"actions":[{"type":"keyDown","value":"î€‡"},{"type":"pause","duration":10},{"type":"keyUp","value":"î€‡"}]}]}
COMMAND: POST /session/4f73fbc7686585ab41e1ef1183ea1846/element - {"using":"xpath","value":"(//input[contains(@id ,\"requestItemsTable-0-inner\")])[1]"}
COMMAND: GET /session/4f73fbc7686585ab41e1ef1183ea1846/screenshot - {}
RESULT: {}
RESULT: {"using":"xpath","value":"(//input[contains(@id ,\"requestItemsTable-0-inner\")])[1]"}
COMMAND: POST /session/4f73fbc7686585ab41e1ef1183ea1846/element/f.37EC1E53C27724E540A226988372354E.d.20111C787ED34A9C2BE05213EDE227E6.e.9674/clear - {}
RESULT: {}
RESULT: {}
COMMAND: POST /session/4f73fbc7686585ab41e1ef1183ea1846/element/f.37EC1E53C27724E540A226988372354E.d.20111C787ED34A9C2BE05213EDE227E6.e.9674/value - {"text":"catalogItemrzrhs"}
COMMAND: GET /session/4f73fbc7686585ab41e1ef1183ea1846/screenshot - {}
RESULT: {"text":"catalogItemrzrhs"}
COMMAND: GET /session/4f73fbc7686585ab41e1ef1183ea1846/screenshot - {}
RESULT: {}
RESULT: {}
COMMAND: POST /session/4f73fbc7686585ab41e1ef1183ea1846/actions - {"actions":[{"id":"action68","type":"key","parameters":{},"actions":[{"type":"keyDown","value":"î€‡"},{"type":"pause","duration":10},{"type":"keyUp","value":"î€‡"}]}]}
RESULT: {"actions":[{"id":"action68","type":"key","parameters":{},"actions":[{"type":"keyDown","value":"î€‡"},{"type":"pause","duration":10},{"type":"keyUp","value":"î€‡"}]}]}
COMMAND: GET /session/4f73fbc7686585ab41e1ef1183ea1846/screenshot - {}
RESULT: {}
COMMAND: POST /session/4f73fbc7686585ab41e1ef1183ea1846/execute/async - {"script":"<script> [1562 bytes]","args":[{"selector":{"controlType":"sap.ui.core.Icon","viewName":"etm.portal.ui.managerequests.view.NewRequest","properties":{"src":{"regex":{"source":"slim\\-arrow\\-down"}}},"ancestor":{"controlType":"sap.m.Button","viewName":"etm.portal.ui.managerequests.view.NewRequest","properties":{"icon":"sap-icon://slim-arrow-down"}}},"wdio_ui5_key":"etmportal.ui.managerequests.view.NewRequestsap.ui.core.Icon{\"src\":{\"regex\":{\"source\":\"slim\\\\-arrow\\\\-down\"}}}{\"controlType\":\"sap.m.Button\",\"viewName\":\"etm.portal.ui.managerequests.view.NewRequest\",\"properties\":{\"icon\":\"sap-icon://slim-arrow-down\"}}"}]}
RESULT: {"script":"<script> [1562 bytes]","args":[{"selector":{"controlType":"sap.ui.core.Icon","viewName":"etm.portal.ui.managerequests.view.NewRequest","properties":{"src":{"regex":{"source":"slim\\-arrow\\-down"}}},"ancestor":{"controlType":"sap.m.Button","viewName":"etm.portal.ui.managerequests.view.NewRequest","properties":{"icon":"sap-icon://slim-arrow-down"}}},"wdio_ui5_key":"etmportal.ui.managerequests.view.NewRequestsap.ui.core.Icon{\"src\":{\"regex\":{\"source\":\"slim\\\\-arrow\\\\-down\"}}}{\"controlType\":\"sap.m.Button\",\"viewName\":\"etm.portal.ui.managerequests.view.NewRequest\",\"properties\":{\"icon\":\"sap-icon://slim-arrow-down\"}}"}]}
RESULT: undefined
COMMAND: POST /session/4f73fbc7686585ab41e1ef1183ea1846/element - {"using":"xpath","value":"//div[contains(@data-kt ,\"splitAllocationObjectStatus\")]"}
RESULT: {"using":"xpath","value":"//div[contains(@data-kt ,\"splitAllocationObjectStatus\")]"}
COMMAND: POST /session/4f73fbc7686585ab41e1ef1183ea1846/elements - {"using":"xpath","value":"//div[contains(@data-kt ,\"splitAllocationObjectStatus\")]"}
RESULT: {"using":"xpath","value":"//div[contains(@data-kt ,\"splitAllocationObjectStatus\")]"}
COMMAND: POST /session/4f73fbc7686585ab41e1ef1183ea1846/execute/async - {"script":"<script> [1562 bytes]","args":[{"selector":{"controlType":"sap.ui.core.Icon","viewName":"etm.portal.ui.managerequests.view.NewRequest","properties":{"src":{"regex":{"source":"message\\-error"}}}},"wdio_ui5_key":"etmportal.ui.managerequests.view.NewRequestsap.ui.core.Icon{\"src\":{\"regex\":{\"source\":\"message\\\\-error\"}}}"}]}
RESULT: {"script":"<script> [1562 bytes]","args":[{"selector":{"controlType":"sap.ui.core.Icon","viewName":"etm.portal.ui.managerequests.view.NewRequest","properties":{"src":{"regex":{"source":"message\\-error"}}}},"wdio_ui5_key":"etmportal.ui.managerequests.view.NewRequestsap.ui.core.Icon{\"src\":{\"regex\":{\"source\":\"message\\\\-error\"}}}"}]}
RESULT: undefined
COMMAND: POST /session/4f73fbc7686585ab41e1ef1183ea1846/element - {"using":"xpath","value":"//*[@id=\"__status4-__xmlview59--requestItemsTable-0-icon\"]"}
RESULT: {"using":"xpath","value":"//*[@id=\"__status4-__xmlview59--requestItemsTable-0-icon\"]"}
COMMAND: POST /session/4f73fbc7686585ab41e1ef1183ea1846/element/f.37EC1E53C27724E540A226988372354E.d.20111C787ED34A9C2BE05213EDE227E6.e.9689/click - {}
RESULT: {}
COMMAND: POST /session/4f73fbc7686585ab41e1ef1183ea1846/execute/async - {"script":"<script> [1562 bytes]","args":[{"selector":{"controlType":"sap.ui.core.Icon","viewName":"etm.portal.ui.managerequests.view.NewRequest","properties":{"src":{"regex":{"source":"slim\\-arrow\\-down"}}},"searchOpenDialogs":true,"ancestor":{"id":"costObjectAdminTypeComboBox","viewName":"etm.portal.ui.managerequests.view.NewRequest","searchOpenDialogs":true}},"wdio_ui5_key":"etmportal.ui.managerequests.view.NewRequestsap.ui.core.Icon{\"src\":{\"regex\":{\"source\":\"slim\\\\-arrow\\\\-down\"}}}{\"id\":\"costObjectAdminTypeComboBox\",\"viewName\":\"etm.portal.ui.managerequests.view.NewRequest\",\"searchOpenDialogs\":true}"}]}
COMMAND: GET /session/4f73fbc7686585ab41e1ef1183ea1846/screenshot - {}
RESULT: {"script":"<script> [1562 bytes]","args":[{"selector":{"controlType":"sap.ui.core.Icon","viewName":"etm.portal.ui.managerequests.view.NewRequest","properties":{"src":{"regex":{"source":"slim\\-arrow\\-down"}}},"searchOpenDialogs":true,"ancestor":{"id":"costObjectAdminTypeComboBox","viewName":"etm.portal.ui.managerequests.view.NewRequest","searchOpenDialogs":true}},"wdio_ui5_key":"etmportal.ui.managerequests.view.NewRequestsap.ui.core.Icon{\"src\":{\"regex\":{\"source\":\"slim\\\\-arrow\\\\-down\"}}}{\"id\":\"costObjectAdminTypeComboBox\",\"viewName\":\"etm.portal.ui.managerequests.view.NewRequest\",\"searchOpenDialogs\":true}"}]}
RESULT: undefined
COMMAND: POST /session/4f73fbc7686585ab41e1ef1183ea1846/element - {"using":"xpath","value":"//*[@id=\"__xmlview59--costObjectAdminTypeComboBox-arrow\"]"}
RESULT: {}
RESULT: {"using":"xpath","value":"//*[@id=\"__xmlview59--costObjectAdminTypeComboBox-arrow\"]"}
COMMAND: POST /session/4f73fbc7686585ab41e1ef1183ea1846/element/f.37EC1E53C27724E540A226988372354E.d.20111C787ED34A9C2BE05213EDE227E6.e.9693/click - {}
RESULT: {}
COMMAND: POST /session/4f73fbc7686585ab41e1ef1183ea1846/execute/async - {"script":"<script> [1562 bytes]","args":[{"selector":{"controlType":"sap.m.StandardListItem","viewName":"etm.portal.ui.managerequests.view.NewRequest","properties":{"title":"Cost Center"},"searchOpenDialogs":true,"interaction":{"idSuffix":"titleText"}},"wdio_ui5_key":"etmportal.ui.managerequests.view.NewRequestsap.m.StandardListItem{\"title\":\"Cost Center\"}"}]}
COMMAND: GET /session/4f73fbc7686585ab41e1ef1183ea1846/screenshot - {}
RESULT: {"script":"<script> [1562 bytes]","args":[{"selector":{"controlType":"sap.m.StandardListItem","viewName":"etm.portal.ui.managerequests.view.NewRequest","properties":{"title":"Cost Center"},"searchOpenDialogs":true,"interaction":{"idSuffix":"titleText"}},"wdio_ui5_key":"etmportal.ui.managerequests.view.NewRequestsap.m.StandardListItem{\"title\":\"Cost Center\"}"}]}
RESULT: undefined
COMMAND: POST /session/4f73fbc7686585ab41e1ef1183ea1846/element - {"using":"xpath","value":"//*[@id=\"__item813\"]"}
RESULT: {}
RESULT: {"using":"xpath","value":"//*[@id=\"__item813\"]"}
COMMAND: POST /session/4f73fbc7686585ab41e1ef1183ea1846/element/f.37EC1E53C27724E540A226988372354E.d.20111C787ED34A9C2BE05213EDE227E6.e.9696/click - {}
RESULT: {}
COMMAND: GET /session/4f73fbc7686585ab41e1ef1183ea1846/screenshot - {}
RESULT: {}
COMMAND: POST /session/4f73fbc7686585ab41e1ef1183ea1846/execute/async - {"script":"<script> [1562 bytes]","args":[{"selector":{"controlType":"sap.ui.core.Icon","viewName":"etm.portal.ui.managerequests.view.NewRequest","properties":{"src":{"regex":{"source":"value\\-help"}}},"searchOpenDialogs":true},"wdio_ui5_key":"etmportal.ui.managerequests.view.NewRequestsap.ui.core.Icon{\"src\":{\"regex\":{\"source\":\"value\\\\-help\"}}}"}]}
RESULT: {"script":"<script> [1562 bytes]","args":[{"selector":{"controlType":"sap.ui.core.Icon","viewName":"etm.portal.ui.managerequests.view.NewRequest","properties":{"src":{"regex":{"source":"value\\-help"}}},"searchOpenDialogs":true},"wdio_ui5_key":"etmportal.ui.managerequests.view.NewRequestsap.ui.core.Icon{\"src\":{\"regex\":{\"source\":\"value\\\\-help\"}}}"}]}
RESULT: undefined
COMMAND: POST /session/4f73fbc7686585ab41e1ef1183ea1846/element - {"using":"xpath","value":"//*[@id=\"__xmlview59--costObjectIdComboBox-vhi\"]"}
RESULT: {"using":"xpath","value":"//*[@id=\"__xmlview59--costObjectIdComboBox-vhi\"]"}
COMMAND: POST /session/4f73fbc7686585ab41e1ef1183ea1846/element/f.37EC1E53C27724E540A226988372354E.d.20111C787ED34A9C2BE05213EDE227E6.e.9704/click - {}
RESULT: {}
COMMAND: POST /session/4f73fbc7686585ab41e1ef1183ea1846/execute/async - {"script":"<script> [1562 bytes]","args":[{"selector":{"controlType":"sap.m.SearchField","properties":{"placeholder":"Search"},"searchOpenDialogs":true,"interaction":{"idSuffix":"I"}},"wdio_ui5_key":"sapm.SearchField{\"placeholder\":\"Search\"}"}]}
COMMAND: GET /session/4f73fbc7686585ab41e1ef1183ea1846/screenshot - {}
RESULT: {"script":"<script> [1562 bytes]","args":[{"selector":{"controlType":"sap.m.SearchField","properties":{"placeholder":"Search"},"searchOpenDialogs":true,"interaction":{"idSuffix":"I"}},"wdio_ui5_key":"sapm.SearchField{\"placeholder\":\"Search\"}"}]}
RESULT: undefined
COMMAND: POST /session/4f73fbc7686585ab41e1ef1183ea1846/execute/async - {"script":"<script> [776 bytes]","args":[{"enterText":"10001010","selector":{"controlType":"sap.m.SearchField","properties":{"placeholder":"Search"},"searchOpenDialogs":true,"interaction":{"idSuffix":"I"}},"clearTextFirst":true,"interactionType":"ENTER_TEXT"}]}
RESULT: {}
RESULT: {"script":"<script> [776 bytes]","args":[{"enterText":"10001010","selector":{"controlType":"sap.m.SearchField","properties":{"placeholder":"Search"},"searchOpenDialogs":true,"interaction":{"idSuffix":"I"}},"clearTextFirst":true,"interactionType":"ENTER_TEXT"}]}
COMMAND: POST /session/4f73fbc7686585ab41e1ef1183ea1846/actions - {"actions":[{"id":"action69","type":"key","parameters":{},"actions":[{"type":"keyDown","value":"î€‡"},{"type":"pause","duration":10},{"type":"keyUp","value":"î€‡"}]}]}
RESULT: {"actions":[{"id":"action69","type":"key","parameters":{},"actions":[{"type":"keyDown","value":"î€‡"},{"type":"pause","duration":10},{"type":"keyUp","value":"î€‡"}]}]}
COMMAND: GET /session/4f73fbc7686585ab41e1ef1183ea1846/screenshot - {}
RESULT: {}
COMMAND: POST /session/4f73fbc7686585ab41e1ef1183ea1846/execute/async - {"script":"<script> [1562 bytes]","args":[{"selector":{"controlType":"sap.m.Text","bindingPath":{"path":"/C_CostCtrValueHelp(CostCenter='10001010',ControllingArea='Z001')","propertyPath":"CostCenterName","modelName":"CostCenterModel"},"searchOpenDialogs":true},"wdio_ui5_key":"sapm.Text{\"path\":\"/C_CostCtrValueHelp(CostCenter='10001010',ControllingArea='Z001')\",\"propertyPath\":\"CostCenterName\",\"modelName\":\"CostCenterModel\"}"}]}
RESULT: {"script":"<script> [1562 bytes]","args":[{"selector":{"controlType":"sap.m.Text","bindingPath":{"path":"/C_CostCtrValueHelp(CostCenter='10001010',ControllingArea='Z001')","propertyPath":"CostCenterName","modelName":"CostCenterModel"},"searchOpenDialogs":true},"wdio_ui5_key":"sapm.Text{\"path\":\"/C_CostCtrValueHelp(CostCenter='10001010',ControllingArea='Z001')\",\"propertyPath\":\"CostCenterName\",\"modelName\":\"CostCenterModel\"}"}]}
RESULT: undefined
COMMAND: POST /session/4f73fbc7686585ab41e1ef1183ea1846/element - {"using":"xpath","value":"//*[@id=\"__text291-__clone951\"]"}
RESULT: {"using":"xpath","value":"//*[@id=\"__text291-__clone951\"]"}
COMMAND: POST /session/4f73fbc7686585ab41e1ef1183ea1846/element/f.37EC1E53C27724E540A226988372354E.d.20111C787ED34A9C2BE05213EDE227E6.e.9744/click - {}
RESULT: {}
COMMAND: POST /session/4f73fbc7686585ab41e1ef1183ea1846/execute/async - {"script":"<script> [1562 bytes]","args":[{"selector":{"controlType":"sap.m.Button","properties":{"text":"OK"},"searchOpenDialogs":true,"interaction":{"idSuffix":"BDI-content"}},"wdio_ui5_key":"sapm.Button{\"text\":\"OK\"}"}]}
COMMAND: GET /session/4f73fbc7686585ab41e1ef1183ea1846/screenshot - {}
RESULT: {"script":"<script> [1562 bytes]","args":[{"selector":{"controlType":"sap.m.Button","properties":{"text":"OK"},"searchOpenDialogs":true,"interaction":{"idSuffix":"BDI-content"}},"wdio_ui5_key":"sapm.Button{\"text\":\"OK\"}"}]}
RESULT: undefined
COMMAND: POST /session/4f73fbc7686585ab41e1ef1183ea1846/element - {"using":"xpath","value":"//*[@id=\"__dialog1-ok\"]"}
RESULT: {}
RESULT: {"using":"xpath","value":"//*[@id=\"__dialog1-ok\"]"}
COMMAND: POST /session/4f73fbc7686585ab41e1ef1183ea1846/element/f.37EC1E53C27724E540A226988372354E.d.20111C787ED34A9C2BE05213EDE227E6.e.9746/click - {}
RESULT: {}
COMMAND: GET /session/4f73fbc7686585ab41e1ef1183ea1846/screenshot - {}
RESULT: {}
COMMAND: POST /session/4f73fbc7686585ab41e1ef1183ea1846/execute/async - {"script":"<script> [1562 bytes]","args":[{"selector":{"controlType":"sap.m.Button","viewName":"etm.portal.ui.managerequests.view.NewRequest","i18NText":{"propertyName":"text","key":"save"},"searchOpenDialogs":true,"interaction":{"idSuffix":"BDI-content"}},"wdio_ui5_key":"etmportal.ui.managerequests.view.NewRequestsap.m.Button{\"propertyName\":\"text\",\"key\":\"save\"}"}]}
RESULT: {"script":"<script> [1562 bytes]","args":[{"selector":{"controlType":"sap.m.Button","viewName":"etm.portal.ui.managerequests.view.NewRequest","i18NText":{"propertyName":"text","key":"save"},"searchOpenDialogs":true,"interaction":{"idSuffix":"BDI-content"}},"wdio_ui5_key":"etmportal.ui.managerequests.view.NewRequestsap.m.Button{\"propertyName\":\"text\",\"key\":\"save\"}"}]}
RESULT: undefined
COMMAND: POST /session/4f73fbc7686585ab41e1ef1183ea1846/element - {"using":"xpath","value":"//*[@id=\"__button24\"]"}
RESULT: {"using":"xpath","value":"//*[@id=\"__button24\"]"}
COMMAND: POST /session/4f73fbc7686585ab41e1ef1183ea1846/element/f.37EC1E53C27724E540A226988372354E.d.20111C787ED34A9C2BE05213EDE227E6.e.9750/click - {}
RESULT: {}
COMMAND: GET /session/4f73fbc7686585ab41e1ef1183ea1846/screenshot - {}
RESULT: {}
COMMAND: POST /session/4f73fbc7686585ab41e1ef1183ea1846/element - {"using":"xpath","value":"(//bdi[contains(text() ,\"Save\")])[1]"}
RESULT: {"using":"xpath","value":"(//bdi[contains(text() ,\"Save\")])[1]"}
COMMAND: POST /session/4f73fbc7686585ab41e1ef1183ea1846/element/f.37EC1E53C27724E540A226988372354E.d.20111C787ED34A9C2BE05213EDE227E6.e.9752/click - {}
RESULT: {}
COMMAND: GET /session/4f73fbc7686585ab41e1ef1183ea1846/screenshot - {}
RESULT: {}
COMMAND: POST /session/4f73fbc7686585ab41e1ef1183ea1846/execute/async - {"script":"<script> [1562 bytes]","args":[{"selector":{"controlType":"sap.m.Title","properties":{"text":"Success"},"searchOpenDialogs":true},"wdio_ui5_key":"sapm.Title{\"text\":\"Success\"}"}]}
RESULT: {"script":"<script> [1562 bytes]","args":[{"selector":{"controlType":"sap.m.Title","properties":{"text":"Success"},"searchOpenDialogs":true},"wdio_ui5_key":"sapm.Title{\"text\":\"Success\"}"}]}
RESULT: undefined
COMMAND: POST /session/4f73fbc7686585ab41e1ef1183ea1846/execute/async - {"script":"<script> [6424 bytes]","args":[{"element-6066-11e4-a52e-4f735466cecf":"f.37EC1E53C27724E540A226988372354E.d.20111C787ED34A9C2BE05213EDE227E6.e.9756"},"getText",[]]}
RESULT: {"script":"<script> [6424 bytes]","args":[{"element-6066-11e4-a52e-4f735466cecf":"f.37EC1E53C27724E540A226988372354E.d.20111C787ED34A9C2BE05213EDE227E6.e.9756"},"getText",[]]}
COMMAND: POST /session/4f73fbc7686585ab41e1ef1183ea1846/execute/async - {"script":"<script> [1562 bytes]","args":[{"selector":{"controlType":"sap.m.Button","properties":{"text":"Close"},"searchOpenDialogs":true,"interaction":{"idSuffix":"BDI-content"}},"wdio_ui5_key":"sapm.Button{\"text\":\"Close\"}"}]}
RESULT: {"script":"<script> [1562 bytes]","args":[{"selector":{"controlType":"sap.m.Button","properties":{"text":"Close"},"searchOpenDialogs":true,"interaction":{"idSuffix":"BDI-content"}},"wdio_ui5_key":"sapm.Button{\"text\":\"Close\"}"}]}
RESULT: undefined
COMMAND: POST /session/4f73fbc7686585ab41e1ef1183ea1846/element - {"using":"xpath","value":"//*[@id=\"__mbox-btn-0\"]"}
RESULT: {"using":"xpath","value":"//*[@id=\"__mbox-btn-0\"]"}
COMMAND: POST /session/4f73fbc7686585ab41e1ef1183ea1846/element/f.37EC1E53C27724E540A226988372354E.d.20111C787ED34A9C2BE05213EDE227E6.e.9755/click - {}
RESULT: {}
COMMAND: GET /session/4f73fbc7686585ab41e1ef1183ea1846/screenshot - {}
RESULT: {}
]]></system-out>
    </testcase>
    <testcase classname="chrome.135_0_7049_115.windows.Reserve/Unreserve_request_item_via_reserve_option_US139161" name="Should navigate to planning board and reserve the resource" time="114.33">
      <system-out><![CDATA[
COMMAND: POST /session/4f73fbc7686585ab41e1ef1183ea1846/execute/async - {"script":"<script> [1562 bytes]","args":[{"selector":{"controlType":"sap.m.Button","viewName":"etm.portal.ui.managerequests.view.Detail","i18NText":{"propertyName":"text","key":"planningSituation"},"interaction":{"idSuffix":"BDI-content"}},"wdio_ui5_key":"etmportal.ui.managerequests.view.Detailsap.m.Button{\"propertyName\":\"text\",\"key\":\"planningSituation\"}"}]}
RESULT: {"script":"<script> [1562 bytes]","args":[{"selector":{"controlType":"sap.m.Button","viewName":"etm.portal.ui.managerequests.view.Detail","i18NText":{"propertyName":"text","key":"planningSituation"},"interaction":{"idSuffix":"BDI-content"}},"wdio_ui5_key":"etmportal.ui.managerequests.view.Detailsap.m.Button{\"propertyName\":\"text\",\"key\":\"planningSituation\"}"}]}
RESULT: undefined
COMMAND: POST /session/4f73fbc7686585ab41e1ef1183ea1846/element - {"using":"xpath","value":"//*[@id=\"__button27\"]"}
RESULT: {"using":"xpath","value":"//*[@id=\"__button27\"]"}
COMMAND: POST /session/4f73fbc7686585ab41e1ef1183ea1846/element/f.37EC1E53C27724E540A226988372354E.d.20111C787ED34A9C2BE05213EDE227E6.e.9782/click - {}
RESULT: {}
COMMAND: GET /session/4f73fbc7686585ab41e1ef1183ea1846/screenshot - {}
RESULT: {}
COMMAND: POST /session/4f73fbc7686585ab41e1ef1183ea1846/element - {"using":"xpath","value":"(//span[contains(@title ,\"WebdriverYarddw5pc\")])[1]"}
RESULT: {"using":"xpath","value":"(//span[contains(@title ,\"WebdriverYarddw5pc\")])[1]"}
COMMAND: POST /session/4f73fbc7686585ab41e1ef1183ea1846/elements - {"using":"xpath","value":"(//span[contains(@title ,\"WebdriverYarddw5pc\")])[1]"}
RESULT: {"using":"xpath","value":"(//span[contains(@title ,\"WebdriverYarddw5pc\")])[1]"}
COMMAND: POST /session/4f73fbc7686585ab41e1ef1183ea1846/elements - {"using":"xpath","value":"(//span[contains(@title ,\"WebdriverYarddw5pc\")])[1]"}
RESULT: {"using":"xpath","value":"(//span[contains(@title ,\"WebdriverYarddw5pc\")])[1]"}
COMMAND: POST /session/4f73fbc7686585ab41e1ef1183ea1846/elements - {"using":"xpath","value":"(//span[contains(@title ,\"WebdriverYarddw5pc\")])[1]"}
RESULT: {"using":"xpath","value":"(//span[contains(@title ,\"WebdriverYarddw5pc\")])[1]"}
COMMAND: POST /session/4f73fbc7686585ab41e1ef1183ea1846/elements - {"using":"xpath","value":"(//span[contains(@title ,\"WebdriverYarddw5pc\")])[1]"}
RESULT: {"using":"xpath","value":"(//span[contains(@title ,\"WebdriverYarddw5pc\")])[1]"}
COMMAND: POST /session/4f73fbc7686585ab41e1ef1183ea1846/elements - {"using":"xpath","value":"(//span[contains(@title ,\"WebdriverYarddw5pc\")])[1]"}
RESULT: {"using":"xpath","value":"(//span[contains(@title ,\"WebdriverYarddw5pc\")])[1]"}
COMMAND: POST /session/4f73fbc7686585ab41e1ef1183ea1846/elements - {"using":"xpath","value":"(//span[contains(@title ,\"WebdriverYarddw5pc\")])[1]"}
RESULT: {"using":"xpath","value":"(//span[contains(@title ,\"WebdriverYarddw5pc\")])[1]"}
COMMAND: POST /session/4f73fbc7686585ab41e1ef1183ea1846/elements - {"using":"xpath","value":"(//span[contains(@title ,\"WebdriverYarddw5pc\")])[1]"}
RESULT: {"using":"xpath","value":"(//span[contains(@title ,\"WebdriverYarddw5pc\")])[1]"}
COMMAND: POST /session/4f73fbc7686585ab41e1ef1183ea1846/elements - {"using":"xpath","value":"(//span[contains(@title ,\"WebdriverYarddw5pc\")])[1]"}
RESULT: {"using":"xpath","value":"(//span[contains(@title ,\"WebdriverYarddw5pc\")])[1]"}
COMMAND: POST /session/4f73fbc7686585ab41e1ef1183ea1846/elements - {"using":"xpath","value":"(//span[contains(@title ,\"WebdriverYarddw5pc\")])[1]"}
RESULT: {"using":"xpath","value":"(//span[contains(@title ,\"WebdriverYarddw5pc\")])[1]"}
COMMAND: POST /session/4f73fbc7686585ab41e1ef1183ea1846/elements - {"using":"xpath","value":"(//span[contains(@title ,\"WebdriverYarddw5pc\")])[1]"}
RESULT: {"using":"xpath","value":"(//span[contains(@title ,\"WebdriverYarddw5pc\")])[1]"}
COMMAND: POST /session/4f73fbc7686585ab41e1ef1183ea1846/elements - {"using":"xpath","value":"(//span[contains(@title ,\"WebdriverYarddw5pc\")])[1]"}
RESULT: {"using":"xpath","value":"(//span[contains(@title ,\"WebdriverYarddw5pc\")])[1]"}
COMMAND: POST /session/4f73fbc7686585ab41e1ef1183ea1846/elements - {"using":"xpath","value":"(//span[contains(@title ,\"WebdriverYarddw5pc\")])[1]"}
RESULT: {"using":"xpath","value":"(//span[contains(@title ,\"WebdriverYarddw5pc\")])[1]"}
COMMAND: POST /session/4f73fbc7686585ab41e1ef1183ea1846/elements - {"using":"xpath","value":"(//span[contains(@title ,\"WebdriverYarddw5pc\")])[1]"}
RESULT: {"using":"xpath","value":"(//span[contains(@title ,\"WebdriverYarddw5pc\")])[1]"}
COMMAND: POST /session/4f73fbc7686585ab41e1ef1183ea1846/elements - {"using":"xpath","value":"(//span[contains(@title ,\"WebdriverYarddw5pc\")])[1]"}
RESULT: {"using":"xpath","value":"(//span[contains(@title ,\"WebdriverYarddw5pc\")])[1]"}
COMMAND: POST /session/4f73fbc7686585ab41e1ef1183ea1846/elements - {"using":"xpath","value":"(//span[contains(@title ,\"WebdriverYarddw5pc\")])[1]"}
RESULT: {"using":"xpath","value":"(//span[contains(@title ,\"WebdriverYarddw5pc\")])[1]"}
COMMAND: POST /session/4f73fbc7686585ab41e1ef1183ea1846/elements - {"using":"xpath","value":"(//span[contains(@title ,\"WebdriverYarddw5pc\")])[1]"}
RESULT: {"using":"xpath","value":"(//span[contains(@title ,\"WebdriverYarddw5pc\")])[1]"}
COMMAND: POST /session/4f73fbc7686585ab41e1ef1183ea1846/elements - {"using":"xpath","value":"(//span[contains(@title ,\"WebdriverYarddw5pc\")])[1]"}
RESULT: {"using":"xpath","value":"(//span[contains(@title ,\"WebdriverYarddw5pc\")])[1]"}
COMMAND: POST /session/4f73fbc7686585ab41e1ef1183ea1846/elements - {"using":"xpath","value":"(//span[contains(@title ,\"WebdriverYarddw5pc\")])[1]"}
RESULT: {"using":"xpath","value":"(//span[contains(@title ,\"WebdriverYarddw5pc\")])[1]"}
COMMAND: POST /session/4f73fbc7686585ab41e1ef1183ea1846/elements - {"using":"xpath","value":"(//span[contains(@title ,\"WebdriverYarddw5pc\")])[1]"}
RESULT: {"using":"xpath","value":"(//span[contains(@title ,\"WebdriverYarddw5pc\")])[1]"}
COMMAND: POST /session/4f73fbc7686585ab41e1ef1183ea1846/elements - {"using":"xpath","value":"(//span[contains(@title ,\"WebdriverYarddw5pc\")])[1]"}
RESULT: {"using":"xpath","value":"(//span[contains(@title ,\"WebdriverYarddw5pc\")])[1]"}
COMMAND: POST /session/4f73fbc7686585ab41e1ef1183ea1846/elements - {"using":"xpath","value":"(//span[contains(@title ,\"WebdriverYarddw5pc\")])[1]"}
RESULT: {"using":"xpath","value":"(//span[contains(@title ,\"WebdriverYarddw5pc\")])[1]"}
COMMAND: POST /session/4f73fbc7686585ab41e1ef1183ea1846/elements - {"using":"xpath","value":"(//span[contains(@title ,\"WebdriverYarddw5pc\")])[1]"}
RESULT: {"using":"xpath","value":"(//span[contains(@title ,\"WebdriverYarddw5pc\")])[1]"}
COMMAND: POST /session/4f73fbc7686585ab41e1ef1183ea1846/element - {"using":"xpath","value":"(//span[contains(@title ,\"WebdriverYarddw5pc\")])[1]"}
RESULT: {"using":"xpath","value":"(//span[contains(@title ,\"WebdriverYarddw5pc\")])[1]"}
COMMAND: POST /session/4f73fbc7686585ab41e1ef1183ea1846/execute/sync - {"script":"<script> [8489 bytes]","args":[{"element-6066-11e4-a52e-4f735466cecf":"f.37EC1E53C27724E540A226988372354E.d.20111C787ED34A9C2BE05213EDE227E6.e.10232","ELEMENT":"f.37EC1E53C27724E540A226988372354E.d.20111C787ED34A9C2BE05213EDE227E6.e.10232"}]}
RESULT: {"script":"<script> [8489 bytes]","args":[{"element-6066-11e4-a52e-4f735466cecf":"f.37EC1E53C27724E540A226988372354E.d.20111C787ED34A9C2BE05213EDE227E6.e.10232","ELEMENT":"f.37EC1E53C27724E540A226988372354E.d.20111C787ED34A9C2BE05213EDE227E6.e.10232"}]}
COMMAND: POST /session/4f73fbc7686585ab41e1ef1183ea1846/element - {"using":"xpath","value":"(//span[contains(@title ,\"WebdriverYarddw5pc\")])[1]"}
COMMAND: GET /session/4f73fbc7686585ab41e1ef1183ea1846/screenshot - {}
RESULT: {"using":"xpath","value":"(//span[contains(@title ,\"WebdriverYarddw5pc\")])[1]"}
COMMAND: POST /session/4f73fbc7686585ab41e1ef1183ea1846/actions - {"actions":[{"id":"action70","type":"pointer","parameters":{"pointerType":"mouse"},"actions":[{"type":"pointerMove","button":0,"width":0,"height":0,"pressure":0,"tangentialPressure":0,"tiltX":0,"tiltY":0,"twist":0,"altitudeAngle":0,"_":"5 more keys: [\"azimuthAngle\",\"x\",\"y\",\"duration\",\"origin\"]"},{"type":"pointerDown","button":2,"width":0,"height":0,"pressure":0,"tangentialPressure":0,"tiltX":0,"tiltY":0,"twist":0,"altitudeAngle":0,"_":"1 more keys: [\"azimuthAngle\"]"},{"type":"pointerUp","button":2}]}]}
RESULT: {}
RESULT: {"actions":[{"id":"action70","type":"pointer","parameters":{"pointerType":"mouse"},"actions":[{"type":"pointerMove","button":0,"width":0,"height":0,"pressure":0,"tangentialPressure":0,"tiltX":0,"tiltY":0,"twist":0,"altitudeAngle":0,"_":"5 more keys: [\"azimuthAngle\",\"x\",\"y\",\"duration\",\"origin\"]"},{"type":"pointerDown","button":2,"width":0,"height":0,"pressure":0,"tangentialPressure":0,"tiltX":0,"tiltY":0,"twist":0,"altitudeAngle":0,"_":"1 more keys: [\"azimuthAngle\"]"},{"type":"pointerUp","button":2}]}]}
COMMAND: DELETE /session/4f73fbc7686585ab41e1ef1183ea1846/actions - {}
COMMAND: GET /session/4f73fbc7686585ab41e1ef1183ea1846/screenshot - {}
RESULT: {}
COMMAND: GET /session/4f73fbc7686585ab41e1ef1183ea1846/screenshot - {}
RESULT: {}
RESULT: {}
COMMAND: POST /session/4f73fbc7686585ab41e1ef1183ea1846/actions - {"actions":[{"id":"action71","type":"key","parameters":{},"actions":[{"type":"keyDown","value":"î€•"},{"type":"pause","duration":10},{"type":"keyUp","value":"î€•"}]}]}
RESULT: {"actions":[{"id":"action71","type":"key","parameters":{},"actions":[{"type":"keyDown","value":"î€•"},{"type":"pause","duration":10},{"type":"keyUp","value":"î€•"}]}]}
COMMAND: GET /session/4f73fbc7686585ab41e1ef1183ea1846/screenshot - {}
RESULT: {}
COMMAND: POST /session/4f73fbc7686585ab41e1ef1183ea1846/actions - {"actions":[{"id":"action72","type":"key","parameters":{},"actions":[{"type":"keyDown","value":"î€‡"},{"type":"pause","duration":10},{"type":"keyUp","value":"î€‡"}]}]}
RESULT: {"actions":[{"id":"action72","type":"key","parameters":{},"actions":[{"type":"keyDown","value":"î€‡"},{"type":"pause","duration":10},{"type":"keyUp","value":"î€‡"}]}]}
COMMAND: GET /session/4f73fbc7686585ab41e1ef1183ea1846/screenshot - {}
RESULT: {}
COMMAND: POST /session/4f73fbc7686585ab41e1ef1183ea1846/execute/async - {"script":"<script> [1562 bytes]","args":[{"selector":{"id":"application-planningboard-display-component---pB_RequestHeader--RUreservationComment","searchOpenDialogs":true,"interaction":{"idSuffix":"inner"}},"wdio_ui5_key":"applicationplanningboard-display-component---pB_RequestHeader--RUreservationComment"}]}
RESULT: {"script":"<script> [1562 bytes]","args":[{"selector":{"id":"application-planningboard-display-component---pB_RequestHeader--RUreservationComment","searchOpenDialogs":true,"interaction":{"idSuffix":"inner"}},"wdio_ui5_key":"applicationplanningboard-display-component---pB_RequestHeader--RUreservationComment"}]}
RESULT: undefined
COMMAND: POST /session/4f73fbc7686585ab41e1ef1183ea1846/execute/async - {"script":"<script> [776 bytes]","args":[{"enterText":"WdIORes1v2o45","selector":{"id":"application-planningboard-display-component---pB_RequestHeader--RUreservationComment","searchOpenDialogs":true,"interaction":{"idSuffix":"inner"}},"clearTextFirst":true,"interactionType":"ENTER_TEXT"}]}
RESULT: {"script":"<script> [776 bytes]","args":[{"enterText":"WdIORes1v2o45","selector":{"id":"application-planningboard-display-component---pB_RequestHeader--RUreservationComment","searchOpenDialogs":true,"interaction":{"idSuffix":"inner"}},"clearTextFirst":true,"interactionType":"ENTER_TEXT"}]}
COMMAND: POST /session/4f73fbc7686585ab41e1ef1183ea1846/execute/async - {"script":"<script> [1562 bytes]","args":[{"selector":{"controlType":"sap.m.Button","viewName":"etm.portal.ui.planningboard.view.detail.RequestHeader","viewId":"application-planningboard-display-component---pB_RequestHeader","properties":{"text":"Ok"},"searchOpenDialogs":true,"interaction":{"idSuffix":"BDI-content"}},"wdio_ui5_key":"etmportal.ui.planningboard.view.detail.RequestHeadersap.m.Button{\"text\":\"Ok\"}"}]}
RESULT: {"script":"<script> [1562 bytes]","args":[{"selector":{"controlType":"sap.m.Button","viewName":"etm.portal.ui.planningboard.view.detail.RequestHeader","viewId":"application-planningboard-display-component---pB_RequestHeader","properties":{"text":"Ok"},"searchOpenDialogs":true,"interaction":{"idSuffix":"BDI-content"}},"wdio_ui5_key":"etmportal.ui.planningboard.view.detail.RequestHeadersap.m.Button{\"text\":\"Ok\"}"}]}
RESULT: undefined
COMMAND: POST /session/4f73fbc7686585ab41e1ef1183ea1846/element - {"using":"xpath","value":"//*[@id=\"__button192\"]"}
RESULT: {"using":"xpath","value":"//*[@id=\"__button192\"]"}
COMMAND: POST /session/4f73fbc7686585ab41e1ef1183ea1846/element/f.37EC1E53C27724E540A226988372354E.d.20111C787ED34A9C2BE05213EDE227E6.e.10245/click - {}
RESULT: {}
COMMAND: GET /session/4f73fbc7686585ab41e1ef1183ea1846/screenshot - {}
RESULT: {}
COMMAND: POST /session/4f73fbc7686585ab41e1ef1183ea1846/element - {"using":"xpath","value":"//span[contains(@title ,\"WebdriverYarddw5pc\")]"}
RESULT: {"using":"xpath","value":"//span[contains(@title ,\"WebdriverYarddw5pc\")]"}
COMMAND: POST /session/4f73fbc7686585ab41e1ef1183ea1846/actions - {"actions":[{"id":"action73","type":"pointer","parameters":{"pointerType":"mouse"},"actions":[{"type":"pointerMove","button":0,"width":0,"height":0,"pressure":0,"tangentialPressure":0,"tiltX":0,"tiltY":0,"twist":0,"altitudeAngle":0,"_":"5 more keys: [\"azimuthAngle\",\"x\",\"y\",\"duration\",\"origin\"]"},{"type":"pointerDown","button":2,"width":0,"height":0,"pressure":0,"tangentialPressure":0,"tiltX":0,"tiltY":0,"twist":0,"altitudeAngle":0,"_":"1 more keys: [\"azimuthAngle\"]"},{"type":"pointerUp","button":2}]}]}
RESULT: {"actions":[{"id":"action73","type":"pointer","parameters":{"pointerType":"mouse"},"actions":[{"type":"pointerMove","button":0,"width":0,"height":0,"pressure":0,"tangentialPressure":0,"tiltX":0,"tiltY":0,"twist":0,"altitudeAngle":0,"_":"5 more keys: [\"azimuthAngle\",\"x\",\"y\",\"duration\",\"origin\"]"},{"type":"pointerDown","button":2,"width":0,"height":0,"pressure":0,"tangentialPressure":0,"tiltX":0,"tiltY":0,"twist":0,"altitudeAngle":0,"_":"1 more keys: [\"azimuthAngle\"]"},{"type":"pointerUp","button":2}]}]}
COMMAND: DELETE /session/4f73fbc7686585ab41e1ef1183ea1846/actions - {}
COMMAND: GET /session/4f73fbc7686585ab41e1ef1183ea1846/screenshot - {}
RESULT: {}
COMMAND: GET /session/4f73fbc7686585ab41e1ef1183ea1846/screenshot - {}
RESULT: {}
RESULT: {}
COMMAND: POST /session/4f73fbc7686585ab41e1ef1183ea1846/actions - {"actions":[{"id":"action74","type":"key","parameters":{},"actions":[{"type":"keyDown","value":"î€•"},{"type":"pause","duration":10},{"type":"keyUp","value":"î€•"}]}]}
RESULT: {"actions":[{"id":"action74","type":"key","parameters":{},"actions":[{"type":"keyDown","value":"î€•"},{"type":"pause","duration":10},{"type":"keyUp","value":"î€•"}]}]}
COMMAND: GET /session/4f73fbc7686585ab41e1ef1183ea1846/screenshot - {}
RESULT: {}
COMMAND: POST /session/4f73fbc7686585ab41e1ef1183ea1846/actions - {"actions":[{"id":"action75","type":"key","parameters":{},"actions":[{"type":"keyDown","value":"î€‡"},{"type":"pause","duration":10},{"type":"keyUp","value":"î€‡"}]}]}
RESULT: {"actions":[{"id":"action75","type":"key","parameters":{},"actions":[{"type":"keyDown","value":"î€‡"},{"type":"pause","duration":10},{"type":"keyUp","value":"î€‡"}]}]}
COMMAND: GET /session/4f73fbc7686585ab41e1ef1183ea1846/screenshot - {}
RESULT: {}
RESULT: undefined
COMMAND: POST /session/4f73fbc7686585ab41e1ef1183ea1846/execute/async - {"script":"<script> [776 bytes]","args":[{"enterText":"WdIORes223xs9","selector":{"id":"application-planningboard-display-component---pB_RequestHeader--RUreservationComment","searchOpenDialogs":true,"interaction":{"idSuffix":"inner"}},"clearTextFirst":true,"interactionType":"ENTER_TEXT"}]}
RESULT: {"script":"<script> [776 bytes]","args":[{"enterText":"WdIORes223xs9","selector":{"id":"application-planningboard-display-component---pB_RequestHeader--RUreservationComment","searchOpenDialogs":true,"interaction":{"idSuffix":"inner"}},"clearTextFirst":true,"interactionType":"ENTER_TEXT"}]}
RESULT: undefined
COMMAND: POST /session/4f73fbc7686585ab41e1ef1183ea1846/element - {"using":"xpath","value":"//*[@id=\"__button192\"]"}
RESULT: {"using":"xpath","value":"//*[@id=\"__button192\"]"}
COMMAND: POST /session/4f73fbc7686585ab41e1ef1183ea1846/element/f.37EC1E53C27724E540A226988372354E.d.20111C787ED34A9C2BE05213EDE227E6.e.10333/click - {}
RESULT: {}
COMMAND: GET /session/4f73fbc7686585ab41e1ef1183ea1846/screenshot - {}
RESULT: {}
COMMAND: POST /session/4f73fbc7686585ab41e1ef1183ea1846/execute/async - {"script":"<script> [1562 bytes]","args":[{"selector":{"controlType":"sap.m.Button","viewName":"etm.portal.ui.planningboard.view.detail.RequestHeader","viewId":"application-planningboard-display-component---pB_RequestHeader","i18NText":{"propertyName":"text","key":"close"},"ancestor":{"id":"application-planningboard-display-component---pB_RequestHeader--requestItemDetails"},"interaction":{"idSuffix":"BDI-content"}},"wdio_ui5_key":"etmportal.ui.planningboard.view.detail.RequestHeadersap.m.Button{\"propertyName\":\"text\",\"key\":\"close\"}{\"id\":\"application-planningboard-display-component---pB_RequestHeader--requestItemDetails\"}"}]}
RESULT: {"script":"<script> [1562 bytes]","args":[{"selector":{"controlType":"sap.m.Button","viewName":"etm.portal.ui.planningboard.view.detail.RequestHeader","viewId":"application-planningboard-display-component---pB_RequestHeader","i18NText":{"propertyName":"text","key":"close"},"ancestor":{"id":"application-planningboard-display-component---pB_RequestHeader--requestItemDetails"},"interaction":{"idSuffix":"BDI-content"}},"wdio_ui5_key":"etmportal.ui.planningboard.view.detail.RequestHeadersap.m.Button{\"propertyName\":\"text\",\"key\":\"close\"}{\"id\":\"application-planningboard-display-component---pB_RequestHeader--requestItemDetails\"}"}]}
RESULT: undefined
COMMAND: POST /session/4f73fbc7686585ab41e1ef1183ea1846/element - {"using":"xpath","value":"//*[@id=\"__button68\"]"}
RESULT: {"using":"xpath","value":"//*[@id=\"__button68\"]"}
COMMAND: POST /session/4f73fbc7686585ab41e1ef1183ea1846/element/f.37EC1E53C27724E540A226988372354E.d.20111C787ED34A9C2BE05213EDE227E6.e.10255/click - {}
RESULT: {}
COMMAND: GET /session/4f73fbc7686585ab41e1ef1183ea1846/screenshot - {}
RESULT: {}
COMMAND: POST /session/4f73fbc7686585ab41e1ef1183ea1846/execute/async - {"script":"<script> [1562 bytes]","args":[{"selector":{"id":"application-planningboard-display-component---pB_Master--selectView","interaction":{"idSuffix":"arrow"}},"wdio_ui5_key":"applicationplanningboard-display-component---pB_Master--selectView"}]}
RESULT: {"script":"<script> [1562 bytes]","args":[{"selector":{"id":"application-planningboard-display-component---pB_Master--selectView","interaction":{"idSuffix":"arrow"}},"wdio_ui5_key":"applicationplanningboard-display-component---pB_Master--selectView"}]}
RESULT: undefined
COMMAND: POST /session/4f73fbc7686585ab41e1ef1183ea1846/element - {"using":"xpath","value":"//*[@id=\"application-planningboard-display-component---pB_Master--selectView\"]"}
RESULT: {"using":"xpath","value":"//*[@id=\"application-planningboard-display-component---pB_Master--selectView\"]"}
COMMAND: POST /session/4f73fbc7686585ab41e1ef1183ea1846/element/f.37EC1E53C27724E540A226988372354E.d.20111C787ED34A9C2BE05213EDE227E6.e.10550/click - {}
RESULT: {}
COMMAND: GET /session/4f73fbc7686585ab41e1ef1183ea1846/screenshot - {}
RESULT: {}
COMMAND: POST /session/4f73fbc7686585ab41e1ef1183ea1846/execute/async - {"script":"<script> [1562 bytes]","args":[{"selector":{"controlType":"sap.ui.core.Item","viewName":"etm.portal.ui.planningboard.view.Master","viewId":"application-planningboard-display-component---pB_Master","i18NText":{"propertyName":"text","key":"manageReservations"},"searchOpenDialogs":true},"wdio_ui5_key":"etmportal.ui.planningboard.view.Mastersap.ui.core.Item{\"propertyName\":\"text\",\"key\":\"manageReservations\"}"}]}
RESULT: {"script":"<script> [1562 bytes]","args":[{"selector":{"controlType":"sap.ui.core.Item","viewName":"etm.portal.ui.planningboard.view.Master","viewId":"application-planningboard-display-component---pB_Master","i18NText":{"propertyName":"text","key":"manageReservations"},"searchOpenDialogs":true},"wdio_ui5_key":"etmportal.ui.planningboard.view.Mastersap.ui.core.Item{\"propertyName\":\"text\",\"key\":\"manageReservations\"}"}]}
RESULT: undefined
COMMAND: POST /session/4f73fbc7686585ab41e1ef1183ea1846/element - {"using":"xpath","value":"//*[@id=\"__item863\"]"}
RESULT: {"using":"xpath","value":"//*[@id=\"__item863\"]"}
COMMAND: POST /session/4f73fbc7686585ab41e1ef1183ea1846/element/f.37EC1E53C27724E540A226988372354E.d.20111C787ED34A9C2BE05213EDE227E6.e.10551/click - {}
RESULT: {}
COMMAND: GET /session/4f73fbc7686585ab41e1ef1183ea1846/screenshot - {}
RESULT: {}
COMMAND: POST /session/4f73fbc7686585ab41e1ef1183ea1846/element - {"using":"xpath","value":"//span[contains(@id ,\"clone\")][contains(text(), \"WdIORes1v2o45\")]"}
RESULT: {"using":"xpath","value":"//span[contains(@id ,\"clone\")][contains(text(), \"WdIORes1v2o45\")]"}
COMMAND: GET /session/4f73fbc7686585ab41e1ef1183ea1846/element/f.37EC1E53C27724E540A226988372354E.d.20111C787ED34A9C2BE05213EDE227E6.e.10567/text - {}
RESULT: {}
COMMAND: POST /session/4f73fbc7686585ab41e1ef1183ea1846/element - {"using":"xpath","value":"//span[contains(@id ,\"clone\")][contains(text(), \"WdIORes223xs9\")]"}
RESULT: {"using":"xpath","value":"//span[contains(@id ,\"clone\")][contains(text(), \"WdIORes223xs9\")]"}
COMMAND: POST /session/4f73fbc7686585ab41e1ef1183ea1846/element/f.37EC1E53C27724E540A226988372354E.d.20111C787ED34A9C2BE05213EDE227E6.e.10568/click - {}
RESULT: {}
COMMAND: GET /session/4f73fbc7686585ab41e1ef1183ea1846/screenshot - {}
RESULT: {}
COMMAND: POST /session/4f73fbc7686585ab41e1ef1183ea1846/actions - {"actions":[{"id":"action76","type":"key","parameters":{},"actions":[{"type":"keyDown","value":"î€‡"},{"type":"pause","duration":10},{"type":"keyUp","value":"î€‡"}]}]}
RESULT: {"actions":[{"id":"action76","type":"key","parameters":{},"actions":[{"type":"keyDown","value":"î€‡"},{"type":"pause","duration":10},{"type":"keyUp","value":"î€‡"}]}]}
COMMAND: GET /session/4f73fbc7686585ab41e1ef1183ea1846/screenshot - {}
RESULT: {}
COMMAND: POST /session/4f73fbc7686585ab41e1ef1183ea1846/execute/async - {"script":"<script> [1562 bytes]","args":[{"selector":{"controlType":"sap.m.Button","viewName":"etm.portal.ui.planningboard.view.detail.Planning","viewId":"application-planningboard-display-component---pB_Planning","i18NText":{"propertyName":"text","key":"unplan"},"interaction":{"idSuffix":"BDI-content"}},"wdio_ui5_key":"etmportal.ui.planningboard.view.detail.Planningsap.m.Button{\"propertyName\":\"text\",\"key\":\"unplan\"}"}]}
RESULT: {"script":"<script> [1562 bytes]","args":[{"selector":{"controlType":"sap.m.Button","viewName":"etm.portal.ui.planningboard.view.detail.Planning","viewId":"application-planningboard-display-component---pB_Planning","i18NText":{"propertyName":"text","key":"unplan"},"interaction":{"idSuffix":"BDI-content"}},"wdio_ui5_key":"etmportal.ui.planningboard.view.detail.Planningsap.m.Button{\"propertyName\":\"text\",\"key\":\"unplan\"}"}]}
RESULT: undefined
COMMAND: POST /session/4f73fbc7686585ab41e1ef1183ea1846/element - {"using":"xpath","value":"//*[@id=\"__button258\"]"}
RESULT: {"using":"xpath","value":"//*[@id=\"__button258\"]"}
COMMAND: POST /session/4f73fbc7686585ab41e1ef1183ea1846/element/f.37EC1E53C27724E540A226988372354E.d.20111C787ED34A9C2BE05213EDE227E6.e.10604/click - {}
RESULT: {}
COMMAND: GET /session/4f73fbc7686585ab41e1ef1183ea1846/screenshot - {}
RESULT: {}
COMMAND: POST /session/4f73fbc7686585ab41e1ef1183ea1846/element - {"using":"xpath","value":"//span[contains(@id ,\"clone\")][contains(text(), \"WdIORes223xs9\")]"}
RESULT: {"using":"xpath","value":"//span[contains(@id ,\"clone\")][contains(text(), \"WdIORes223xs9\")]"}
COMMAND: POST /session/4f73fbc7686585ab41e1ef1183ea1846/element - {"using":"xpath","value":"//span[contains(@id ,\"clone\")][contains(text(), \"WdIORes223xs9\")]"}
RESULT: {"using":"xpath","value":"//span[contains(@id ,\"clone\")][contains(text(), \"WdIORes223xs9\")]"}
COMMAND: POST /session/4f73fbc7686585ab41e1ef1183ea1846/element - {"using":"xpath","value":"//span[contains(@id ,\"clone\")][contains(text(), \"WdIORes1v2o45\")]"}
RESULT: {"using":"xpath","value":"//span[contains(@id ,\"clone\")][contains(text(), \"WdIORes1v2o45\")]"}
COMMAND: POST /session/4f73fbc7686585ab41e1ef1183ea1846/element/f.37EC1E53C27724E540A226988372354E.d.20111C787ED34A9C2BE05213EDE227E6.e.10669/click - {}
RESULT: {}
COMMAND: GET /session/4f73fbc7686585ab41e1ef1183ea1846/screenshot - {}
RESULT: {}
COMMAND: POST /session/4f73fbc7686585ab41e1ef1183ea1846/actions - {"actions":[{"id":"action77","type":"key","parameters":{},"actions":[{"type":"keyDown","value":"î€‡"},{"type":"pause","duration":10},{"type":"keyUp","value":"î€‡"}]}]}
RESULT: {"actions":[{"id":"action77","type":"key","parameters":{},"actions":[{"type":"keyDown","value":"î€‡"},{"type":"pause","duration":10},{"type":"keyUp","value":"î€‡"}]}]}
COMMAND: GET /session/4f73fbc7686585ab41e1ef1183ea1846/screenshot - {}
RESULT: {}
]]></system-out>
    </testcase>
  </testsuite>
  <testsuite timestamp="2025-05-06T16:16:23" time="31.186" tests="1" failures="0" errors="0" skipped="0">
    <properties>
      <property name="specId" value="0" />
      <property name="suiteName" value="Reserve/Unreserve request item via reserve option US139161" />
      <property name="capabilities" value="chrome.135_0_7049_115.windows" />
      <property name="file" value="file:///D:/a/1/s/test/specs/R2C/manage-reservations-view-planning-board.spec.js" />
    </properties>
    <testcase classname="chrome.135_0_7049_115.windows.Reserve/Unreserve_request_item_via_reserve_option_US139161" name="Should open a reservation to verify and edit the details" time="31.184">
      <system-out><![CDATA[
COMMAND: POST /session/4f73fbc7686585ab41e1ef1183ea1846/element - {"using":"xpath","value":"//button[contains(@data-kt, \"editButton\")]"}
RESULT: {"using":"xpath","value":"//button[contains(@data-kt, \"editButton\")]"}
COMMAND: POST /session/4f73fbc7686585ab41e1ef1183ea1846/execute/sync - {"script":"<script> [8489 bytes]","args":[{"element-6066-11e4-a52e-4f735466cecf":"f.37EC1E53C27724E540A226988372354E.d.20111C787ED34A9C2BE05213EDE227E6.e.10723","ELEMENT":"f.37EC1E53C27724E540A226988372354E.d.20111C787ED34A9C2BE05213EDE227E6.e.10723"}]}
RESULT: {"script":"<script> [8489 bytes]","args":[{"element-6066-11e4-a52e-4f735466cecf":"f.37EC1E53C27724E540A226988372354E.d.20111C787ED34A9C2BE05213EDE227E6.e.10723","ELEMENT":"f.37EC1E53C27724E540A226988372354E.d.20111C787ED34A9C2BE05213EDE227E6.e.10723"}]}
COMMAND: POST /session/4f73fbc7686585ab41e1ef1183ea1846/element - {"using":"xpath","value":"//button[contains(@data-kt, \"unplanButton\")]"}
COMMAND: GET /session/4f73fbc7686585ab41e1ef1183ea1846/screenshot - {}
RESULT: {"using":"xpath","value":"//button[contains(@data-kt, \"unplanButton\")]"}
COMMAND: POST /session/4f73fbc7686585ab41e1ef1183ea1846/execute/sync - {"script":"<script> [8489 bytes]","args":[{"element-6066-11e4-a52e-4f735466cecf":"f.37EC1E53C27724E540A226988372354E.d.20111C787ED34A9C2BE05213EDE227E6.e.10724","ELEMENT":"f.37EC1E53C27724E540A226988372354E.d.20111C787ED34A9C2BE05213EDE227E6.e.10724"}]}
RESULT: {}
RESULT: {"script":"<script> [8489 bytes]","args":[{"element-6066-11e4-a52e-4f735466cecf":"f.37EC1E53C27724E540A226988372354E.d.20111C787ED34A9C2BE05213EDE227E6.e.10724","ELEMENT":"f.37EC1E53C27724E540A226988372354E.d.20111C787ED34A9C2BE05213EDE227E6.e.10724"}]}
COMMAND: POST /session/4f73fbc7686585ab41e1ef1183ea1846/element - {"using":"xpath","value":"//button[contains(@data-kt, \"editButton\")]"}
COMMAND: GET /session/4f73fbc7686585ab41e1ef1183ea1846/screenshot - {}
RESULT: {"using":"xpath","value":"//button[contains(@data-kt, \"editButton\")]"}
COMMAND: POST /session/4f73fbc7686585ab41e1ef1183ea1846/element/f.37EC1E53C27724E540A226988372354E.d.20111C787ED34A9C2BE05213EDE227E6.e.10723/click - {}
RESULT: {}
RESULT: {}
COMMAND: POST /session/4f73fbc7686585ab41e1ef1183ea1846/element - {"using":"xpath","value":"(//input[contains(@id ,\"picker\")][contains(@aria-roledescription ,\"Date Input\")])[4]"}
COMMAND: GET /session/4f73fbc7686585ab41e1ef1183ea1846/screenshot - {}
RESULT: {"using":"xpath","value":"(//input[contains(@id ,\"picker\")][contains(@aria-roledescription ,\"Date Input\")])[4]"}
COMMAND: POST /session/4f73fbc7686585ab41e1ef1183ea1846/element/f.37EC1E53C27724E540A226988372354E.d.20111C787ED34A9C2BE05213EDE227E6.e.10689/clear - {}
RESULT: {}
RESULT: {}
COMMAND: POST /session/4f73fbc7686585ab41e1ef1183ea1846/element/f.37EC1E53C27724E540A226988372354E.d.20111C787ED34A9C2BE05213EDE227E6.e.10689/value - {"text":"5/8/25"}
COMMAND: GET /session/4f73fbc7686585ab41e1ef1183ea1846/screenshot - {}
RESULT: {"text":"5/8/25"}
COMMAND: GET /session/4f73fbc7686585ab41e1ef1183ea1846/screenshot - {}
RESULT: {}
RESULT: {}
COMMAND: POST /session/4f73fbc7686585ab41e1ef1183ea1846/element - {"using":"xpath","value":"//bdi[contains(text(), \"Save\")]"}
RESULT: {"using":"xpath","value":"//bdi[contains(text(), \"Save\")]"}
COMMAND: POST /session/4f73fbc7686585ab41e1ef1183ea1846/element/f.37EC1E53C27724E540A226988372354E.d.20111C787ED34A9C2BE05213EDE227E6.e.10746/click - {}
RESULT: {}
COMMAND: GET /session/4f73fbc7686585ab41e1ef1183ea1846/screenshot - {}
RESULT: {}
COMMAND: POST /session/4f73fbc7686585ab41e1ef1183ea1846/element - {"using":"xpath","value":"(//input[contains(@id ,\"picker\")][contains(@aria-roledescription ,\"Date Input\")])[4]"}
RESULT: {"using":"xpath","value":"(//input[contains(@id ,\"picker\")][contains(@aria-roledescription ,\"Date Input\")])[4]"}
COMMAND: GET /session/4f73fbc7686585ab41e1ef1183ea1846/element/f.37EC1E53C27724E540A226988372354E.d.20111C787ED34A9C2BE05213EDE227E6.e.10689/property/value - {}
RESULT: {}
COMMAND: GET /session/4f73fbc7686585ab41e1ef1183ea1846/screenshot - {}
RESULT: {}
COMMAND: POST /session/4f73fbc7686585ab41e1ef1183ea1846/element - {"using":"xpath","value":"//bdi[contains(text(), \"Unplan\")]"}
RESULT: {"using":"xpath","value":"//bdi[contains(text(), \"Unplan\")]"}
COMMAND: POST /session/4f73fbc7686585ab41e1ef1183ea1846/element/f.37EC1E53C27724E540A226988372354E.d.20111C787ED34A9C2BE05213EDE227E6.e.10758/click - {}
RESULT: {}
COMMAND: GET /session/4f73fbc7686585ab41e1ef1183ea1846/screenshot - {}
RESULT: {}
COMMAND: POST /session/4f73fbc7686585ab41e1ef1183ea1846/element - {"using":"css selector","value":"#shell-header-logo"}
RESULT: {"using":"css selector","value":"#shell-header-logo"}
COMMAND: POST /session/4f73fbc7686585ab41e1ef1183ea1846/element/f.37EC1E53C27724E540A226988372354E.d.20111C787ED34A9C2BE05213EDE227E6.e.9225/click - {}
RESULT: {}
COMMAND: GET /session/4f73fbc7686585ab41e1ef1183ea1846/screenshot - {}
RESULT: {}
COMMAND: POST /session/4f73fbc7686585ab41e1ef1183ea1846/refresh - {}
RESULT: {}
COMMAND: GET /session/4f73fbc7686585ab41e1ef1183ea1846/screenshot - {}
RESULT: {}
COMMAND: POST /session/4f73fbc7686585ab41e1ef1183ea1846/execute/async - {"script":"<script> [189 bytes]","args":[]}
RESULT: {"script":"<script> [189 bytes]","args":[]}
COMMAND: POST /session/4f73fbc7686585ab41e1ef1183ea1846/execute/async - {"script":"<script> [123 bytes]","args":[]}
RESULT: {"script":"<script> [123 bytes]","args":[]}
COMMAND: POST /session/4f73fbc7686585ab41e1ef1183ea1846/timeouts - {"script":"<number>"}
RESULT: {"script":"<number>"}
COMMAND: GET /session/4f73fbc7686585ab41e1ef1183ea1846/timeouts - {}
RESULT: {}
RESULT: undefined
COMMAND: POST /session/4f73fbc7686585ab41e1ef1183ea1846/execute/async - {"script":"<script> [2676 bytes]","args":[]}
RESULT: {"script":"<script> [2676 bytes]","args":[]}
COMMAND: POST /session/4f73fbc7686585ab41e1ef1183ea1846/execute/async - {"script":"<script> [2342 bytes]","args":[{"protocol":"http","hostname":"0.0.0.0","path":"/","capabilities":{"browserName":"chrome","goog:chromeOptions":{"binary":"C:\\Program Files\\Google\\Chrome\\Application\\chrome.exe","args":["--start-maximized"]}},"logLevel":"warn","connectionRetryTimeout":120000,"connectionRetryCount":3,"logLevels":{},"enableDirectConnect":true,"strictSSL":true,"_":"65 more keys: [\"cacheDir\",\"port\",\"requestedCapabilities\",\"automationProtocol\",\"baseUrl\",\"waitforInterval\",\"waitforTimeout\",\"onReload\",\"beforeCommand\",\"afterCommand\",\"rootDir\",\"specs\",\"suites\",\"exclude\",\"groupLogsByTestSpec\",\"excludeDriverLogs\",\"bail\",\"framework\",\"reporters\",\"services\",\"maxInstances\",\"maxInstancesPerCapability\",\"injectGlobals\",\"filesToWatch\",\"execArgv\",\"runnerEnv\",\"runner\",\"shard\",\"specFileRetries\",\"specFileRetriesDelay\",\"specFileRetriesDeferred\",\"reporterSyncInterval\",\"reporterSyncTimeout\",\"cucumberFeaturesWithLineNumbers\",\"autoCompileOpts\",\"mochaOpts\",\"jasmineOpts\",\"cucumberOpts\",\"onPrepare\",\"onWorkerStart\",\"onWorkerEnd\",\"before\",\"beforeSession\",\"beforeSuite\",\"beforeHook\",\"beforeTest\",\"afterTest\",\"afterHook\",\"afterSuite\",\"afterSession\",\"after\",\"onComplete\",\"beforeAssertion\",\"afterAssertion\",\"beforeFeature\",\"beforeScenario\",\"beforeStep\",\"afterStep\",\"afterScenario\",\"afterFeature\",\"_\",\"suite\",\"$0\",\"ignoredWorkerServices\",\"wdi5\"]"}]}
RESULT: {"script":"<script> [2342 bytes]","args":[{"protocol":"http","hostname":"0.0.0.0","path":"/","capabilities":{"browserName":"chrome","goog:chromeOptions":{"binary":"C:\\Program Files\\Google\\Chrome\\Application\\chrome.exe","args":["--start-maximized"]}},"logLevel":"warn","connectionRetryTimeout":120000,"connectionRetryCount":3,"logLevels":{},"enableDirectConnect":true,"strictSSL":true,"_":"65 more keys: [\"cacheDir\",\"port\",\"requestedCapabilities\",\"automationProtocol\",\"baseUrl\",\"waitforInterval\",\"waitforTimeout\",\"onReload\",\"beforeCommand\",\"afterCommand\",\"rootDir\",\"specs\",\"suites\",\"exclude\",\"groupLogsByTestSpec\",\"excludeDriverLogs\",\"bail\",\"framework\",\"reporters\",\"services\",\"maxInstances\",\"maxInstancesPerCapability\",\"injectGlobals\",\"filesToWatch\",\"execArgv\",\"runnerEnv\",\"runner\",\"shard\",\"specFileRetries\",\"specFileRetriesDelay\",\"specFileRetriesDeferred\",\"reporterSyncInterval\",\"reporterSyncTimeout\",\"cucumberFeaturesWithLineNumbers\",\"autoCompileOpts\",\"mochaOpts\",\"jasmineOpts\",\"cucumberOpts\",\"onPrepare\",\"onWorkerStart\",\"onWorkerEnd\",\"before\",\"beforeSession\",\"beforeSuite\",\"beforeHook\",\"beforeTest\",\"afterTest\",\"afterHook\",\"afterSuite\",\"afterSession\",\"after\",\"onComplete\",\"beforeAssertion\",\"afterAssertion\",\"beforeFeature\",\"beforeScenario\",\"beforeStep\",\"afterStep\",\"afterScenario\",\"afterFeature\",\"_\",\"suite\",\"$0\",\"ignoredWorkerServices\",\"wdi5\"]"}]}
COMMAND: POST /session/4f73fbc7686585ab41e1ef1183ea1846/execute/async - {"script":"<script> [21126 bytes]","args":[35000]}
RESULT: {"script":"<script> [21126 bytes]","args":[35000]}
]]></system-out>
    </testcase>
  </testsuite>
  <testsuite timestamp="2025-05-06T16:16:54" time="317.401" tests="3" failures="0" errors="0" skipped="0">
    <properties>
      <property name="specId" value="0" />
      <property name="suiteName" value="Process request items into new quotation US120163" />
      <property name="capabilities" value="chrome.135_0_7049_115.windows" />
      <property name="file" value="file:///D:/a/1/s/test/specs/R2C/process-request-items-into-new-quotation.spec.js" />
    </properties>
    <testcase classname="chrome.135_0_7049_115.windows.Process_request_items_into_new_quotation_US120163" name="Should create a new request with catalog items and plan it" time="192.59">
      <system-out><![CDATA[
COMMAND: POST /session/4f73fbc7686585ab41e1ef1183ea1846/element - {"using":"xpath","value":"//*[contains(@href, 'etm.portal.ui.managerequests')]"}
RESULT: {"using":"xpath","value":"//*[contains(@href, 'etm.portal.ui.managerequests')]"}
COMMAND: POST /session/4f73fbc7686585ab41e1ef1183ea1846/element/f.37EC1E53C27724E540A226988372354E.d.5943AF5831BBD8A5E43F5A7C2675039C.e.10826/click - {}
RESULT: {}
COMMAND: GET /session/4f73fbc7686585ab41e1ef1183ea1846/screenshot - {}
RESULT: {}
COMMAND: POST /session/4f73fbc7686585ab41e1ef1183ea1846/element - {"using":"xpath","value":"//button[contains(@data-kt ,\"btnCreateNewOverflowToolbarButton\")]"}
COMMAND: POST /session/4f73fbc7686585ab41e1ef1183ea1846/element - {"using":"xpath","value":"(//span[contains(@class ,\"sapMObjStatusText\")])[1]"}
RESULT: {"using":"xpath","value":"//button[contains(@data-kt ,\"btnCreateNewOverflowToolbarButton\")]"}
COMMAND: POST /session/4f73fbc7686585ab41e1ef1183ea1846/element/f.37EC1E53C27724E540A226988372354E.d.5943AF5831BBD8A5E43F5A7C2675039C.e.10884/click - {}
RESULT: {"using":"xpath","value":"(//span[contains(@class ,\"sapMObjStatusText\")])[1]"}
COMMAND: POST /session/4f73fbc7686585ab41e1ef1183ea1846/execute/sync - {"script":"<script> [8489 bytes]","args":[{"element-6066-11e4-a52e-4f735466cecf":"f.37EC1E53C27724E540A226988372354E.d.5943AF5831BBD8A5E43F5A7C2675039C.e.10923","ELEMENT":"f.37EC1E53C27724E540A226988372354E.d.5943AF5831BBD8A5E43F5A7C2675039C.e.10923"}]}
RESULT: {}
RESULT: {"script":"<script> [8489 bytes]","args":[{"element-6066-11e4-a52e-4f735466cecf":"f.37EC1E53C27724E540A226988372354E.d.5943AF5831BBD8A5E43F5A7C2675039C.e.10923","ELEMENT":"f.37EC1E53C27724E540A226988372354E.d.5943AF5831BBD8A5E43F5A7C2675039C.e.10923"}]}
COMMAND: GET /session/4f73fbc7686585ab41e1ef1183ea1846/screenshot - {}
COMMAND: GET /session/4f73fbc7686585ab41e1ef1183ea1846/screenshot - {}
RESULT: {}
RESULT: {}
COMMAND: POST /session/4f73fbc7686585ab41e1ef1183ea1846/element - {"using":"xpath","value":"//input[contains(@id ,\"yardId-inner\")]"}
RESULT: {"using":"xpath","value":"//input[contains(@id ,\"yardId-inner\")]"}
COMMAND: POST /session/4f73fbc7686585ab41e1ef1183ea1846/execute/sync - {"script":"<script> [8489 bytes]","args":[{"element-6066-11e4-a52e-4f735466cecf":"f.37EC1E53C27724E540A226988372354E.d.5943AF5831BBD8A5E43F5A7C2675039C.e.11139","ELEMENT":"f.37EC1E53C27724E540A226988372354E.d.5943AF5831BBD8A5E43F5A7C2675039C.e.11139"}]}
RESULT: {"script":"<script> [8489 bytes]","args":[{"element-6066-11e4-a52e-4f735466cecf":"f.37EC1E53C27724E540A226988372354E.d.5943AF5831BBD8A5E43F5A7C2675039C.e.11139","ELEMENT":"f.37EC1E53C27724E540A226988372354E.d.5943AF5831BBD8A5E43F5A7C2675039C.e.11139"}]}
COMMAND: POST /session/4f73fbc7686585ab41e1ef1183ea1846/element - {"using":"xpath","value":"//input[contains(@id ,\"yardId-inner\")]"}
COMMAND: GET /session/4f73fbc7686585ab41e1ef1183ea1846/screenshot - {}
RESULT: {"using":"xpath","value":"//input[contains(@id ,\"yardId-inner\")]"}
COMMAND: GET /session/4f73fbc7686585ab41e1ef1183ea1846/element/f.37EC1E53C27724E540A226988372354E.d.5943AF5831BBD8A5E43F5A7C2675039C.e.11139/enabled - {}
RESULT: {}
RESULT: {}
COMMAND: POST /session/4f73fbc7686585ab41e1ef1183ea1846/element/f.37EC1E53C27724E540A226988372354E.d.5943AF5831BBD8A5E43F5A7C2675039C.e.11139/clear - {}
COMMAND: GET /session/4f73fbc7686585ab41e1ef1183ea1846/screenshot - {}
RESULT: {}
COMMAND: POST /session/4f73fbc7686585ab41e1ef1183ea1846/element/f.37EC1E53C27724E540A226988372354E.d.5943AF5831BBD8A5E43F5A7C2675039C.e.11139/value - {"text":"WebdriverYarddw5pc"}
COMMAND: GET /session/4f73fbc7686585ab41e1ef1183ea1846/screenshot - {}
RESULT: {}
RESULT: {"text":"WebdriverYarddw5pc"}
COMMAND: GET /session/4f73fbc7686585ab41e1ef1183ea1846/screenshot - {}
RESULT: {}
RESULT: {}
COMMAND: POST /session/4f73fbc7686585ab41e1ef1183ea1846/element - {"using":"xpath","value":"//input[contains(@id ,\"customerNumber-inner\")]"}
RESULT: {"using":"xpath","value":"//input[contains(@id ,\"customerNumber-inner\")]"}
COMMAND: POST /session/4f73fbc7686585ab41e1ef1183ea1846/element/f.37EC1E53C27724E540A226988372354E.d.5943AF5831BBD8A5E43F5A7C2675039C.e.11133/value - {"text":"WebdriverPartnerm55yg"}
COMMAND: POST /session/4f73fbc7686585ab41e1ef1183ea1846/actions - {"actions":[{"id":"action78","type":"key","parameters":{},"actions":[{"type":"keyDown","value":"î€‡"},{"type":"pause","duration":10},{"type":"keyUp","value":"î€‡"}]}]}
RESULT: {"actions":[{"id":"action78","type":"key","parameters":{},"actions":[{"type":"keyDown","value":"î€‡"},{"type":"pause","duration":10},{"type":"keyUp","value":"î€‡"}]}]}
COMMAND: GET /session/4f73fbc7686585ab41e1ef1183ea1846/screenshot - {}
RESULT: {"text":"WebdriverPartnerm55yg"}
COMMAND: GET /session/4f73fbc7686585ab41e1ef1183ea1846/screenshot - {}
RESULT: {}
RESULT: {}
COMMAND: POST /session/4f73fbc7686585ab41e1ef1183ea1846/element/f.37EC1E53C27724E540A226988372354E.d.5943AF5831BBD8A5E43F5A7C2675039C.e.11139/clear - {}
RESULT: {}
COMMAND: POST /session/4f73fbc7686585ab41e1ef1183ea1846/element/f.37EC1E53C27724E540A226988372354E.d.5943AF5831BBD8A5E43F5A7C2675039C.e.11139/clear - {}
COMMAND: GET /session/4f73fbc7686585ab41e1ef1183ea1846/screenshot - {}
RESULT: {}
COMMAND: POST /session/4f73fbc7686585ab41e1ef1183ea1846/element/f.37EC1E53C27724E540A226988372354E.d.5943AF5831BBD8A5E43F5A7C2675039C.e.11139/value - {"text":"WebdriverYarddw5pc"}
COMMAND: GET /session/4f73fbc7686585ab41e1ef1183ea1846/screenshot - {}
RESULT: {}
RESULT: {"text":"WebdriverYarddw5pc"}
COMMAND: GET /session/4f73fbc7686585ab41e1ef1183ea1846/screenshot - {}
RESULT: {}
RESULT: {}
COMMAND: POST /session/4f73fbc7686585ab41e1ef1183ea1846/actions - {"actions":[{"id":"action79","type":"key","parameters":{},"actions":[{"type":"keyDown","value":"î€‡"},{"type":"pause","duration":10},{"type":"keyUp","value":"î€‡"}]}]}
RESULT: {"actions":[{"id":"action79","type":"key","parameters":{},"actions":[{"type":"keyDown","value":"î€‡"},{"type":"pause","duration":10},{"type":"keyUp","value":"î€‡"}]}]}
COMMAND: GET /session/4f73fbc7686585ab41e1ef1183ea1846/screenshot - {}
RESULT: {}
COMMAND: POST /session/4f73fbc7686585ab41e1ef1183ea1846/actions - {"actions":[{"id":"action80","type":"key","parameters":{},"actions":[{"type":"keyDown","value":"î€‡"},{"type":"pause","duration":10},{"type":"keyUp","value":"î€‡"}]}]}
RESULT: {"actions":[{"id":"action80","type":"key","parameters":{},"actions":[{"type":"keyDown","value":"î€‡"},{"type":"pause","duration":10},{"type":"keyUp","value":"î€‡"}]}]}
COMMAND: GET /session/4f73fbc7686585ab41e1ef1183ea1846/screenshot - {}
RESULT: {}
COMMAND: GET /session/4f73fbc7686585ab41e1ef1183ea1846/element/f.37EC1E53C27724E540A226988372354E.d.5943AF5831BBD8A5E43F5A7C2675039C.e.11133/property/value - {}
RESULT: {}
COMMAND: POST /session/4f73fbc7686585ab41e1ef1183ea1846/element - {"using":"xpath","value":"//input[contains(@id ,\"requestSiteId-inner\")]"}
COMMAND: GET /session/4f73fbc7686585ab41e1ef1183ea1846/screenshot - {}
RESULT: {"using":"xpath","value":"//input[contains(@id ,\"requestSiteId-inner\")]"}
COMMAND: POST /session/4f73fbc7686585ab41e1ef1183ea1846/element/f.37EC1E53C27724E540A226988372354E.d.5943AF5831BBD8A5E43F5A7C2675039C.e.11132/value - {"text":"WebdriverSiteqy48o"}
RESULT: {}
RESULT: {"text":"WebdriverSiteqy48o"}
COMMAND: GET /session/4f73fbc7686585ab41e1ef1183ea1846/screenshot - {}
RESULT: {}
COMMAND: POST /session/4f73fbc7686585ab41e1ef1183ea1846/actions - {"actions":[{"id":"action81","type":"key","parameters":{},"actions":[{"type":"keyDown","value":"î€‡"},{"type":"pause","duration":10},{"type":"keyUp","value":"î€‡"}]}]}
RESULT: {"actions":[{"id":"action81","type":"key","parameters":{},"actions":[{"type":"keyDown","value":"î€‡"},{"type":"pause","duration":10},{"type":"keyUp","value":"î€‡"}]}]}
COMMAND: GET /session/4f73fbc7686585ab41e1ef1183ea1846/screenshot - {}
RESULT: {}
COMMAND: POST /session/4f73fbc7686585ab41e1ef1183ea1846/element - {"using":"xpath","value":"//button[contains(@data-kt ,\"requestItemAddOverflowToolbarButton\")]"}
RESULT: {"using":"xpath","value":"//button[contains(@data-kt ,\"requestItemAddOverflowToolbarButton\")]"}
COMMAND: POST /session/4f73fbc7686585ab41e1ef1183ea1846/element/f.37EC1E53C27724E540A226988372354E.d.5943AF5831BBD8A5E43F5A7C2675039C.e.11111/click - {}
RESULT: {}
COMMAND: GET /session/4f73fbc7686585ab41e1ef1183ea1846/screenshot - {}
RESULT: {}
COMMAND: POST /session/4f73fbc7686585ab41e1ef1183ea1846/actions - {"actions":[{"id":"action82","type":"key","parameters":{},"actions":[{"type":"keyDown","value":"î€•"},{"type":"pause","duration":10},{"type":"keyUp","value":"î€•"}]}]}
RESULT: {"actions":[{"id":"action82","type":"key","parameters":{},"actions":[{"type":"keyDown","value":"î€•"},{"type":"pause","duration":10},{"type":"keyUp","value":"î€•"}]}]}
COMMAND: POST /session/4f73fbc7686585ab41e1ef1183ea1846/actions - {"actions":[{"id":"action83","type":"key","parameters":{},"actions":[{"type":"keyDown","value":"î€‡"},{"type":"pause","duration":10},{"type":"keyUp","value":"î€‡"}]}]}
COMMAND: GET /session/4f73fbc7686585ab41e1ef1183ea1846/screenshot - {}
RESULT: {"actions":[{"id":"action83","type":"key","parameters":{},"actions":[{"type":"keyDown","value":"î€‡"},{"type":"pause","duration":10},{"type":"keyUp","value":"î€‡"}]}]}
COMMAND: GET /session/4f73fbc7686585ab41e1ef1183ea1846/screenshot - {}
RESULT: {}
RESULT: {}
COMMAND: POST /session/4f73fbc7686585ab41e1ef1183ea1846/element - {"using":"xpath","value":"(//input[contains(@id ,\"requestItemsTable-0-inner\")])[1]"}
RESULT: {"using":"xpath","value":"(//input[contains(@id ,\"requestItemsTable-0-inner\")])[1]"}
COMMAND: POST /session/4f73fbc7686585ab41e1ef1183ea1846/element/f.37EC1E53C27724E540A226988372354E.d.5943AF5831BBD8A5E43F5A7C2675039C.e.11276/clear - {}
RESULT: {}
COMMAND: POST /session/4f73fbc7686585ab41e1ef1183ea1846/element/f.37EC1E53C27724E540A226988372354E.d.5943AF5831BBD8A5E43F5A7C2675039C.e.11276/value - {"text":"catalogItemrzrhs"}
COMMAND: GET /session/4f73fbc7686585ab41e1ef1183ea1846/screenshot - {}
RESULT: {"text":"catalogItemrzrhs"}
COMMAND: GET /session/4f73fbc7686585ab41e1ef1183ea1846/screenshot - {}
RESULT: {}
RESULT: {}
COMMAND: POST /session/4f73fbc7686585ab41e1ef1183ea1846/actions - {"actions":[{"id":"action84","type":"key","parameters":{},"actions":[{"type":"keyDown","value":"î€‡"},{"type":"pause","duration":10},{"type":"keyUp","value":"î€‡"}]}]}
RESULT: {"actions":[{"id":"action84","type":"key","parameters":{},"actions":[{"type":"keyDown","value":"î€‡"},{"type":"pause","duration":10},{"type":"keyUp","value":"î€‡"}]}]}
COMMAND: GET /session/4f73fbc7686585ab41e1ef1183ea1846/screenshot - {}
RESULT: {}
COMMAND: POST /session/4f73fbc7686585ab41e1ef1183ea1846/execute/async - {"script":"<script> [1562 bytes]","args":[{"selector":{"controlType":"sap.ui.core.Icon","viewName":"etm.portal.ui.managerequests.view.NewRequest","properties":{"src":{"regex":{"source":"slim\\-arrow\\-down"}}},"ancestor":{"controlType":"sap.m.Button","viewName":"etm.portal.ui.managerequests.view.NewRequest","properties":{"icon":"sap-icon://slim-arrow-down"}}},"wdio_ui5_key":"etmportal.ui.managerequests.view.NewRequestsap.ui.core.Icon{\"src\":{\"regex\":{\"source\":\"slim\\\\-arrow\\\\-down\"}}}{\"controlType\":\"sap.m.Button\",\"viewName\":\"etm.portal.ui.managerequests.view.NewRequest\",\"properties\":{\"icon\":\"sap-icon://slim-arrow-down\"}}"}]}
RESULT: {"script":"<script> [1562 bytes]","args":[{"selector":{"controlType":"sap.ui.core.Icon","viewName":"etm.portal.ui.managerequests.view.NewRequest","properties":{"src":{"regex":{"source":"slim\\-arrow\\-down"}}},"ancestor":{"controlType":"sap.m.Button","viewName":"etm.portal.ui.managerequests.view.NewRequest","properties":{"icon":"sap-icon://slim-arrow-down"}}},"wdio_ui5_key":"etmportal.ui.managerequests.view.NewRequestsap.ui.core.Icon{\"src\":{\"regex\":{\"source\":\"slim\\\\-arrow\\\\-down\"}}}{\"controlType\":\"sap.m.Button\",\"viewName\":\"etm.portal.ui.managerequests.view.NewRequest\",\"properties\":{\"icon\":\"sap-icon://slim-arrow-down\"}}"}]}
RESULT: undefined
COMMAND: POST /session/4f73fbc7686585ab41e1ef1183ea1846/element - {"using":"xpath","value":"//div[contains(@data-kt ,\"splitAllocationObjectStatus\")]"}
RESULT: {"using":"xpath","value":"//div[contains(@data-kt ,\"splitAllocationObjectStatus\")]"}
COMMAND: POST /session/4f73fbc7686585ab41e1ef1183ea1846/elements - {"using":"xpath","value":"//div[contains(@data-kt ,\"splitAllocationObjectStatus\")]"}
RESULT: {"using":"xpath","value":"//div[contains(@data-kt ,\"splitAllocationObjectStatus\")]"}
COMMAND: POST /session/4f73fbc7686585ab41e1ef1183ea1846/execute/async - {"script":"<script> [1562 bytes]","args":[{"selector":{"controlType":"sap.ui.core.Icon","viewName":"etm.portal.ui.managerequests.view.NewRequest","properties":{"src":{"regex":{"source":"message\\-error"}}}},"wdio_ui5_key":"etmportal.ui.managerequests.view.NewRequestsap.ui.core.Icon{\"src\":{\"regex\":{\"source\":\"message\\\\-error\"}}}"}]}
RESULT: {"script":"<script> [1562 bytes]","args":[{"selector":{"controlType":"sap.ui.core.Icon","viewName":"etm.portal.ui.managerequests.view.NewRequest","properties":{"src":{"regex":{"source":"message\\-error"}}}},"wdio_ui5_key":"etmportal.ui.managerequests.view.NewRequestsap.ui.core.Icon{\"src\":{\"regex\":{\"source\":\"message\\\\-error\"}}}"}]}
RESULT: undefined
COMMAND: POST /session/4f73fbc7686585ab41e1ef1183ea1846/element - {"using":"xpath","value":"//*[@id=\"__status4-__xmlview59--requestItemsTable-0-icon\"]"}
RESULT: {"using":"xpath","value":"//*[@id=\"__status4-__xmlview59--requestItemsTable-0-icon\"]"}
COMMAND: POST /session/4f73fbc7686585ab41e1ef1183ea1846/element/f.37EC1E53C27724E540A226988372354E.d.5943AF5831BBD8A5E43F5A7C2675039C.e.11291/click - {}
RESULT: {}
COMMAND: POST /session/4f73fbc7686585ab41e1ef1183ea1846/execute/async - {"script":"<script> [1562 bytes]","args":[{"selector":{"controlType":"sap.ui.core.Icon","viewName":"etm.portal.ui.managerequests.view.NewRequest","properties":{"src":{"regex":{"source":"slim\\-arrow\\-down"}}},"searchOpenDialogs":true,"ancestor":{"id":"costObjectAdminTypeComboBox","viewName":"etm.portal.ui.managerequests.view.NewRequest","searchOpenDialogs":true}},"wdio_ui5_key":"etmportal.ui.managerequests.view.NewRequestsap.ui.core.Icon{\"src\":{\"regex\":{\"source\":\"slim\\\\-arrow\\\\-down\"}}}{\"id\":\"costObjectAdminTypeComboBox\",\"viewName\":\"etm.portal.ui.managerequests.view.NewRequest\",\"searchOpenDialogs\":true}"}]}
COMMAND: GET /session/4f73fbc7686585ab41e1ef1183ea1846/screenshot - {}
RESULT: {"script":"<script> [1562 bytes]","args":[{"selector":{"controlType":"sap.ui.core.Icon","viewName":"etm.portal.ui.managerequests.view.NewRequest","properties":{"src":{"regex":{"source":"slim\\-arrow\\-down"}}},"searchOpenDialogs":true,"ancestor":{"id":"costObjectAdminTypeComboBox","viewName":"etm.portal.ui.managerequests.view.NewRequest","searchOpenDialogs":true}},"wdio_ui5_key":"etmportal.ui.managerequests.view.NewRequestsap.ui.core.Icon{\"src\":{\"regex\":{\"source\":\"slim\\\\-arrow\\\\-down\"}}}{\"id\":\"costObjectAdminTypeComboBox\",\"viewName\":\"etm.portal.ui.managerequests.view.NewRequest\",\"searchOpenDialogs\":true}"}]}
RESULT: undefined
COMMAND: POST /session/4f73fbc7686585ab41e1ef1183ea1846/element - {"using":"xpath","value":"//*[@id=\"__xmlview59--costObjectAdminTypeComboBox-arrow\"]"}
RESULT: {}
RESULT: {"using":"xpath","value":"//*[@id=\"__xmlview59--costObjectAdminTypeComboBox-arrow\"]"}
COMMAND: POST /session/4f73fbc7686585ab41e1ef1183ea1846/element/f.37EC1E53C27724E540A226988372354E.d.5943AF5831BBD8A5E43F5A7C2675039C.e.11297/click - {}
RESULT: {}
COMMAND: POST /session/4f73fbc7686585ab41e1ef1183ea1846/execute/async - {"script":"<script> [1562 bytes]","args":[{"selector":{"controlType":"sap.m.StandardListItem","viewName":"etm.portal.ui.managerequests.view.NewRequest","properties":{"title":"Cost Center"},"searchOpenDialogs":true,"interaction":{"idSuffix":"titleText"}},"wdio_ui5_key":"etmportal.ui.managerequests.view.NewRequestsap.m.StandardListItem{\"title\":\"Cost Center\"}"}]}
COMMAND: GET /session/4f73fbc7686585ab41e1ef1183ea1846/screenshot - {}
RESULT: {"script":"<script> [1562 bytes]","args":[{"selector":{"controlType":"sap.m.StandardListItem","viewName":"etm.portal.ui.managerequests.view.NewRequest","properties":{"title":"Cost Center"},"searchOpenDialogs":true,"interaction":{"idSuffix":"titleText"}},"wdio_ui5_key":"etmportal.ui.managerequests.view.NewRequestsap.m.StandardListItem{\"title\":\"Cost Center\"}"}]}
RESULT: undefined
COMMAND: POST /session/4f73fbc7686585ab41e1ef1183ea1846/element - {"using":"xpath","value":"//*[@id=\"__item814\"]"}
RESULT: {}
RESULT: {"using":"xpath","value":"//*[@id=\"__item814\"]"}
COMMAND: POST /session/4f73fbc7686585ab41e1ef1183ea1846/element/f.37EC1E53C27724E540A226988372354E.d.5943AF5831BBD8A5E43F5A7C2675039C.e.11299/click - {}
RESULT: {}
COMMAND: GET /session/4f73fbc7686585ab41e1ef1183ea1846/screenshot - {}
RESULT: {}
COMMAND: POST /session/4f73fbc7686585ab41e1ef1183ea1846/execute/async - {"script":"<script> [1562 bytes]","args":[{"selector":{"controlType":"sap.ui.core.Icon","viewName":"etm.portal.ui.managerequests.view.NewRequest","properties":{"src":{"regex":{"source":"value\\-help"}}},"searchOpenDialogs":true},"wdio_ui5_key":"etmportal.ui.managerequests.view.NewRequestsap.ui.core.Icon{\"src\":{\"regex\":{\"source\":\"value\\\\-help\"}}}"}]}
RESULT: {"script":"<script> [1562 bytes]","args":[{"selector":{"controlType":"sap.ui.core.Icon","viewName":"etm.portal.ui.managerequests.view.NewRequest","properties":{"src":{"regex":{"source":"value\\-help"}}},"searchOpenDialogs":true},"wdio_ui5_key":"etmportal.ui.managerequests.view.NewRequestsap.ui.core.Icon{\"src\":{\"regex\":{\"source\":\"value\\\\-help\"}}}"}]}
RESULT: undefined
COMMAND: POST /session/4f73fbc7686585ab41e1ef1183ea1846/element - {"using":"xpath","value":"//*[@id=\"__xmlview59--costObjectIdComboBox-vhi\"]"}
RESULT: {"using":"xpath","value":"//*[@id=\"__xmlview59--costObjectIdComboBox-vhi\"]"}
COMMAND: POST /session/4f73fbc7686585ab41e1ef1183ea1846/element/f.37EC1E53C27724E540A226988372354E.d.5943AF5831BBD8A5E43F5A7C2675039C.e.11306/click - {}
RESULT: {}
COMMAND: POST /session/4f73fbc7686585ab41e1ef1183ea1846/execute/async - {"script":"<script> [1562 bytes]","args":[{"selector":{"controlType":"sap.m.SearchField","properties":{"placeholder":"Search"},"searchOpenDialogs":true,"interaction":{"idSuffix":"I"}},"wdio_ui5_key":"sapm.SearchField{\"placeholder\":\"Search\"}"}]}
COMMAND: GET /session/4f73fbc7686585ab41e1ef1183ea1846/screenshot - {}
RESULT: {"script":"<script> [1562 bytes]","args":[{"selector":{"controlType":"sap.m.SearchField","properties":{"placeholder":"Search"},"searchOpenDialogs":true,"interaction":{"idSuffix":"I"}},"wdio_ui5_key":"sapm.SearchField{\"placeholder\":\"Search\"}"}]}
RESULT: undefined
COMMAND: POST /session/4f73fbc7686585ab41e1ef1183ea1846/execute/async - {"script":"<script> [776 bytes]","args":[{"enterText":"10001010","selector":{"controlType":"sap.m.SearchField","properties":{"placeholder":"Search"},"searchOpenDialogs":true,"interaction":{"idSuffix":"I"}},"clearTextFirst":true,"interactionType":"ENTER_TEXT"}]}
RESULT: {}
RESULT: {"script":"<script> [776 bytes]","args":[{"enterText":"10001010","selector":{"controlType":"sap.m.SearchField","properties":{"placeholder":"Search"},"searchOpenDialogs":true,"interaction":{"idSuffix":"I"}},"clearTextFirst":true,"interactionType":"ENTER_TEXT"}]}
COMMAND: POST /session/4f73fbc7686585ab41e1ef1183ea1846/actions - {"actions":[{"id":"action85","type":"key","parameters":{},"actions":[{"type":"keyDown","value":"î€‡"},{"type":"pause","duration":10},{"type":"keyUp","value":"î€‡"}]}]}
RESULT: {"actions":[{"id":"action85","type":"key","parameters":{},"actions":[{"type":"keyDown","value":"î€‡"},{"type":"pause","duration":10},{"type":"keyUp","value":"î€‡"}]}]}
COMMAND: GET /session/4f73fbc7686585ab41e1ef1183ea1846/screenshot - {}
RESULT: {}
COMMAND: POST /session/4f73fbc7686585ab41e1ef1183ea1846/execute/async - {"script":"<script> [1562 bytes]","args":[{"selector":{"controlType":"sap.m.Text","bindingPath":{"path":"/C_CostCtrValueHelp(CostCenter='10001010',ControllingArea='Z001')","propertyPath":"CostCenterName","modelName":"CostCenterModel"},"searchOpenDialogs":true},"wdio_ui5_key":"sapm.Text{\"path\":\"/C_CostCtrValueHelp(CostCenter='10001010',ControllingArea='Z001')\",\"propertyPath\":\"CostCenterName\",\"modelName\":\"CostCenterModel\"}"}]}
RESULT: {"script":"<script> [1562 bytes]","args":[{"selector":{"controlType":"sap.m.Text","bindingPath":{"path":"/C_CostCtrValueHelp(CostCenter='10001010',ControllingArea='Z001')","propertyPath":"CostCenterName","modelName":"CostCenterModel"},"searchOpenDialogs":true},"wdio_ui5_key":"sapm.Text{\"path\":\"/C_CostCtrValueHelp(CostCenter='10001010',ControllingArea='Z001')\",\"propertyPath\":\"CostCenterName\",\"modelName\":\"CostCenterModel\"}"}]}
RESULT: undefined
COMMAND: POST /session/4f73fbc7686585ab41e1ef1183ea1846/element - {"using":"xpath","value":"//*[@id=\"__text291-__clone952\"]"}
RESULT: {"using":"xpath","value":"//*[@id=\"__text291-__clone952\"]"}
COMMAND: POST /session/4f73fbc7686585ab41e1ef1183ea1846/element/f.37EC1E53C27724E540A226988372354E.d.5943AF5831BBD8A5E43F5A7C2675039C.e.11346/click - {}
RESULT: {}
COMMAND: POST /session/4f73fbc7686585ab41e1ef1183ea1846/execute/async - {"script":"<script> [1562 bytes]","args":[{"selector":{"controlType":"sap.m.Button","properties":{"text":"OK"},"searchOpenDialogs":true,"interaction":{"idSuffix":"BDI-content"}},"wdio_ui5_key":"sapm.Button{\"text\":\"OK\"}"}]}
COMMAND: GET /session/4f73fbc7686585ab41e1ef1183ea1846/screenshot - {}
RESULT: {"script":"<script> [1562 bytes]","args":[{"selector":{"controlType":"sap.m.Button","properties":{"text":"OK"},"searchOpenDialogs":true,"interaction":{"idSuffix":"BDI-content"}},"wdio_ui5_key":"sapm.Button{\"text\":\"OK\"}"}]}
RESULT: undefined
COMMAND: POST /session/4f73fbc7686585ab41e1ef1183ea1846/element - {"using":"xpath","value":"//*[@id=\"__dialog1-ok\"]"}
RESULT: {}
RESULT: {"using":"xpath","value":"//*[@id=\"__dialog1-ok\"]"}
COMMAND: POST /session/4f73fbc7686585ab41e1ef1183ea1846/element/f.37EC1E53C27724E540A226988372354E.d.5943AF5831BBD8A5E43F5A7C2675039C.e.11348/click - {}
RESULT: {}
COMMAND: GET /session/4f73fbc7686585ab41e1ef1183ea1846/screenshot - {}
RESULT: {}
COMMAND: POST /session/4f73fbc7686585ab41e1ef1183ea1846/execute/async - {"script":"<script> [1562 bytes]","args":[{"selector":{"controlType":"sap.m.Button","viewName":"etm.portal.ui.managerequests.view.NewRequest","i18NText":{"propertyName":"text","key":"save"},"searchOpenDialogs":true,"interaction":{"idSuffix":"BDI-content"}},"wdio_ui5_key":"etmportal.ui.managerequests.view.NewRequestsap.m.Button{\"propertyName\":\"text\",\"key\":\"save\"}"}]}
RESULT: {"script":"<script> [1562 bytes]","args":[{"selector":{"controlType":"sap.m.Button","viewName":"etm.portal.ui.managerequests.view.NewRequest","i18NText":{"propertyName":"text","key":"save"},"searchOpenDialogs":true,"interaction":{"idSuffix":"BDI-content"}},"wdio_ui5_key":"etmportal.ui.managerequests.view.NewRequestsap.m.Button{\"propertyName\":\"text\",\"key\":\"save\"}"}]}
RESULT: undefined
COMMAND: POST /session/4f73fbc7686585ab41e1ef1183ea1846/element - {"using":"xpath","value":"//*[@id=\"__button24\"]"}
RESULT: {"using":"xpath","value":"//*[@id=\"__button24\"]"}
COMMAND: POST /session/4f73fbc7686585ab41e1ef1183ea1846/element/f.37EC1E53C27724E540A226988372354E.d.5943AF5831BBD8A5E43F5A7C2675039C.e.11352/click - {}
RESULT: {}
COMMAND: GET /session/4f73fbc7686585ab41e1ef1183ea1846/screenshot - {}
RESULT: {}
COMMAND: POST /session/4f73fbc7686585ab41e1ef1183ea1846/element - {"using":"xpath","value":"(//bdi[contains(text() ,\"Save\")])[1]"}
RESULT: {"using":"xpath","value":"(//bdi[contains(text() ,\"Save\")])[1]"}
COMMAND: POST /session/4f73fbc7686585ab41e1ef1183ea1846/element/f.37EC1E53C27724E540A226988372354E.d.5943AF5831BBD8A5E43F5A7C2675039C.e.11354/click - {}
RESULT: {}
COMMAND: GET /session/4f73fbc7686585ab41e1ef1183ea1846/screenshot - {}
RESULT: {}
COMMAND: POST /session/4f73fbc7686585ab41e1ef1183ea1846/execute/async - {"script":"<script> [1562 bytes]","args":[{"selector":{"controlType":"sap.m.Title","properties":{"text":"Success"},"searchOpenDialogs":true},"wdio_ui5_key":"sapm.Title{\"text\":\"Success\"}"}]}
RESULT: {"script":"<script> [1562 bytes]","args":[{"selector":{"controlType":"sap.m.Title","properties":{"text":"Success"},"searchOpenDialogs":true},"wdio_ui5_key":"sapm.Title{\"text\":\"Success\"}"}]}
RESULT: undefined
COMMAND: POST /session/4f73fbc7686585ab41e1ef1183ea1846/execute/async - {"script":"<script> [6424 bytes]","args":[{"element-6066-11e4-a52e-4f735466cecf":"f.37EC1E53C27724E540A226988372354E.d.5943AF5831BBD8A5E43F5A7C2675039C.e.11357"},"getText",[]]}
RESULT: {"script":"<script> [6424 bytes]","args":[{"element-6066-11e4-a52e-4f735466cecf":"f.37EC1E53C27724E540A226988372354E.d.5943AF5831BBD8A5E43F5A7C2675039C.e.11357"},"getText",[]]}
COMMAND: POST /session/4f73fbc7686585ab41e1ef1183ea1846/execute/async - {"script":"<script> [1562 bytes]","args":[{"selector":{"controlType":"sap.m.Button","properties":{"text":"Close"},"searchOpenDialogs":true,"interaction":{"idSuffix":"BDI-content"}},"wdio_ui5_key":"sapm.Button{\"text\":\"Close\"}"}]}
RESULT: {"script":"<script> [1562 bytes]","args":[{"selector":{"controlType":"sap.m.Button","properties":{"text":"Close"},"searchOpenDialogs":true,"interaction":{"idSuffix":"BDI-content"}},"wdio_ui5_key":"sapm.Button{\"text\":\"Close\"}"}]}
RESULT: undefined
COMMAND: POST /session/4f73fbc7686585ab41e1ef1183ea1846/element - {"using":"xpath","value":"//*[@id=\"__mbox-btn-0\"]"}
RESULT: {"using":"xpath","value":"//*[@id=\"__mbox-btn-0\"]"}
COMMAND: POST /session/4f73fbc7686585ab41e1ef1183ea1846/element/f.37EC1E53C27724E540A226988372354E.d.5943AF5831BBD8A5E43F5A7C2675039C.e.11356/click - {}
RESULT: {}
COMMAND: GET /session/4f73fbc7686585ab41e1ef1183ea1846/screenshot - {}
RESULT: {}
COMMAND: POST /session/4f73fbc7686585ab41e1ef1183ea1846/execute/async - {"script":"<script> [1562 bytes]","args":[{"selector":{"controlType":"sap.m.Text","viewName":"etm.portal.ui.managerequests.view.Detail","bindingPath":{"propertyPath":"NO","modelName":"catalogModel"}},"wdio_ui5_key":"etmportal.ui.managerequests.view.Detailsap.m.Text{\"propertyPath\":\"NO\",\"modelName\":\"catalogModel\"}"}]}
RESULT: {"script":"<script> [1562 bytes]","args":[{"selector":{"controlType":"sap.m.Text","viewName":"etm.portal.ui.managerequests.view.Detail","bindingPath":{"propertyPath":"NO","modelName":"catalogModel"}},"wdio_ui5_key":"etmportal.ui.managerequests.view.Detailsap.m.Text{\"propertyPath\":\"NO\",\"modelName\":\"catalogModel\"}"}]}
RESULT: undefined
COMMAND: POST /session/4f73fbc7686585ab41e1ef1183ea1846/execute/async - {"script":"<script> [6424 bytes]","args":[{"element-6066-11e4-a52e-4f735466cecf":"f.37EC1E53C27724E540A226988372354E.d.5943AF5831BBD8A5E43F5A7C2675039C.e.11484"},"getText",[]]}
RESULT: {"script":"<script> [6424 bytes]","args":[{"element-6066-11e4-a52e-4f735466cecf":"f.37EC1E53C27724E540A226988372354E.d.5943AF5831BBD8A5E43F5A7C2675039C.e.11484"},"getText",[]]}
COMMAND: POST /session/4f73fbc7686585ab41e1ef1183ea1846/execute/async - {"script":"<script> [1562 bytes]","args":[{"selector":{"controlType":"sap.ui.core.Icon","viewName":"etm.portal.ui.managerequests.view.Detail","properties":{"src":{"regex":{"source":"date\\-time"}}},"ancestor":{"controlType":"sap.m.ColumnListItem","viewName":"etm.portal.ui.managerequests.view.Detail","bindingPath":{"path":"/SmartRequestItemsPlanningBoard(ITEM=10m,REQUEST='20377')"},"ancestor":{"id":"requestItemsTable","viewName":"etm.portal.ui.managerequests.view.Detail"}}},"wdio_ui5_key":"etmportal.ui.managerequests.view.Detailsap.ui.core.Icon{\"src\":{\"regex\":{\"source\":\"date\\\\-time\"}}}{\"controlType\":\"sap.m.ColumnListItem\",\"viewName\":\"etm.portal.ui.managerequests.view.Detail\",\"bindingPath\":{\"path\":\"/SmartRequestItemsPlanningBoard(ITEM=10m,REQUEST='20377')\"},\"ancestor\":{\"id\":\"requestItemsTable\",\"viewName\":\"etm.portal.ui.managerequests.view.Detail\"}}"}]}
RESULT: {"script":"<script> [1562 bytes]","args":[{"selector":{"controlType":"sap.ui.core.Icon","viewName":"etm.portal.ui.managerequests.view.Detail","properties":{"src":{"regex":{"source":"date\\-time"}}},"ancestor":{"controlType":"sap.m.ColumnListItem","viewName":"etm.portal.ui.managerequests.view.Detail","bindingPath":{"path":"/SmartRequestItemsPlanningBoard(ITEM=10m,REQUEST='20377')"},"ancestor":{"id":"requestItemsTable","viewName":"etm.portal.ui.managerequests.view.Detail"}}},"wdio_ui5_key":"etmportal.ui.managerequests.view.Detailsap.ui.core.Icon{\"src\":{\"regex\":{\"source\":\"date\\\\-time\"}}}{\"controlType\":\"sap.m.ColumnListItem\",\"viewName\":\"etm.portal.ui.managerequests.view.Detail\",\"bindingPath\":{\"path\":\"/SmartRequestItemsPlanningBoard(ITEM=10m,REQUEST='20377')\"},\"ancestor\":{\"id\":\"requestItemsTable\",\"viewName\":\"etm.portal.ui.managerequests.view.Detail\"}}"}]}
RESULT: undefined
COMMAND: POST /session/4f73fbc7686585ab41e1ef1183ea1846/element - {"using":"xpath","value":"//*[@id=\"__button39-__clone991-img\"]"}
RESULT: {"using":"xpath","value":"//*[@id=\"__button39-__clone991-img\"]"}
COMMAND: POST /session/4f73fbc7686585ab41e1ef1183ea1846/element/f.37EC1E53C27724E540A226988372354E.d.5943AF5831BBD8A5E43F5A7C2675039C.e.11485/click - {}
RESULT: {}
COMMAND: POST /session/4f73fbc7686585ab41e1ef1183ea1846/execute/async - {"script":"<script> [1562 bytes]","args":[{"selector":{"controlType":"sap.m.Button","viewName":"etm.portal.ui.managerequests.view.Detail","properties":{"text":"Close"},"searchOpenDialogs":true,"interaction":{"idSuffix":"BDI-content"}},"wdio_ui5_key":"etmportal.ui.managerequests.view.Detailsap.m.Button{\"text\":\"Close\"}"}]}
COMMAND: GET /session/4f73fbc7686585ab41e1ef1183ea1846/screenshot - {}
RESULT: {"script":"<script> [1562 bytes]","args":[{"selector":{"controlType":"sap.m.Button","viewName":"etm.portal.ui.managerequests.view.Detail","properties":{"text":"Close"},"searchOpenDialogs":true,"interaction":{"idSuffix":"BDI-content"}},"wdio_ui5_key":"etmportal.ui.managerequests.view.Detailsap.m.Button{\"text\":\"Close\"}"}]}
RESULT: undefined
COMMAND: POST /session/4f73fbc7686585ab41e1ef1183ea1846/element - {"using":"xpath","value":"//*[@id=\"__button49\"]"}
RESULT: {}
RESULT: {"using":"xpath","value":"//*[@id=\"__button49\"]"}
COMMAND: POST /session/4f73fbc7686585ab41e1ef1183ea1846/element/f.37EC1E53C27724E540A226988372354E.d.5943AF5831BBD8A5E43F5A7C2675039C.e.11487/click - {}
RESULT: {}
COMMAND: POST /session/4f73fbc7686585ab41e1ef1183ea1846/refresh - {}
COMMAND: GET /session/4f73fbc7686585ab41e1ef1183ea1846/screenshot - {}
RESULT: {}
COMMAND: GET /session/4f73fbc7686585ab41e1ef1183ea1846/screenshot - {}
RESULT: {}
RESULT: {}
COMMAND: POST /session/4f73fbc7686585ab41e1ef1183ea1846/execute/async - {"script":"<script> [189 bytes]","args":[]}
RESULT: {"script":"<script> [189 bytes]","args":[]}
COMMAND: POST /session/4f73fbc7686585ab41e1ef1183ea1846/execute/async - {"script":"<script> [123 bytes]","args":[]}
RESULT: {"script":"<script> [123 bytes]","args":[]}
COMMAND: POST /session/4f73fbc7686585ab41e1ef1183ea1846/timeouts - {"script":"<number>"}
RESULT: {"script":"<number>"}
COMMAND: GET /session/4f73fbc7686585ab41e1ef1183ea1846/timeouts - {}
RESULT: {}
RESULT: undefined
COMMAND: POST /session/4f73fbc7686585ab41e1ef1183ea1846/execute/async - {"script":"<script> [2676 bytes]","args":[]}
RESULT: {"script":"<script> [2676 bytes]","args":[]}
COMMAND: POST /session/4f73fbc7686585ab41e1ef1183ea1846/execute/async - {"script":"<script> [2342 bytes]","args":[{"protocol":"http","hostname":"0.0.0.0","path":"/","capabilities":{"browserName":"chrome","goog:chromeOptions":{"binary":"C:\\Program Files\\Google\\Chrome\\Application\\chrome.exe","args":["--start-maximized"]}},"logLevel":"warn","connectionRetryTimeout":120000,"connectionRetryCount":3,"logLevels":{},"enableDirectConnect":true,"strictSSL":true,"_":"65 more keys: [\"cacheDir\",\"port\",\"requestedCapabilities\",\"automationProtocol\",\"baseUrl\",\"waitforInterval\",\"waitforTimeout\",\"onReload\",\"beforeCommand\",\"afterCommand\",\"rootDir\",\"specs\",\"suites\",\"exclude\",\"groupLogsByTestSpec\",\"excludeDriverLogs\",\"bail\",\"framework\",\"reporters\",\"services\",\"maxInstances\",\"maxInstancesPerCapability\",\"injectGlobals\",\"filesToWatch\",\"execArgv\",\"runnerEnv\",\"runner\",\"shard\",\"specFileRetries\",\"specFileRetriesDelay\",\"specFileRetriesDeferred\",\"reporterSyncInterval\",\"reporterSyncTimeout\",\"cucumberFeaturesWithLineNumbers\",\"autoCompileOpts\",\"mochaOpts\",\"jasmineOpts\",\"cucumberOpts\",\"onPrepare\",\"onWorkerStart\",\"onWorkerEnd\",\"before\",\"beforeSession\",\"beforeSuite\",\"beforeHook\",\"beforeTest\",\"afterTest\",\"afterHook\",\"afterSuite\",\"afterSession\",\"after\",\"onComplete\",\"beforeAssertion\",\"afterAssertion\",\"beforeFeature\",\"beforeScenario\",\"beforeStep\",\"afterStep\",\"afterScenario\",\"afterFeature\",\"_\",\"suite\",\"$0\",\"ignoredWorkerServices\",\"wdi5\"]"}]}
RESULT: {"script":"<script> [2342 bytes]","args":[{"protocol":"http","hostname":"0.0.0.0","path":"/","capabilities":{"browserName":"chrome","goog:chromeOptions":{"binary":"C:\\Program Files\\Google\\Chrome\\Application\\chrome.exe","args":["--start-maximized"]}},"logLevel":"warn","connectionRetryTimeout":120000,"connectionRetryCount":3,"logLevels":{},"enableDirectConnect":true,"strictSSL":true,"_":"65 more keys: [\"cacheDir\",\"port\",\"requestedCapabilities\",\"automationProtocol\",\"baseUrl\",\"waitforInterval\",\"waitforTimeout\",\"onReload\",\"beforeCommand\",\"afterCommand\",\"rootDir\",\"specs\",\"suites\",\"exclude\",\"groupLogsByTestSpec\",\"excludeDriverLogs\",\"bail\",\"framework\",\"reporters\",\"services\",\"maxInstances\",\"maxInstancesPerCapability\",\"injectGlobals\",\"filesToWatch\",\"execArgv\",\"runnerEnv\",\"runner\",\"shard\",\"specFileRetries\",\"specFileRetriesDelay\",\"specFileRetriesDeferred\",\"reporterSyncInterval\",\"reporterSyncTimeout\",\"cucumberFeaturesWithLineNumbers\",\"autoCompileOpts\",\"mochaOpts\",\"jasmineOpts\",\"cucumberOpts\",\"onPrepare\",\"onWorkerStart\",\"onWorkerEnd\",\"before\",\"beforeSession\",\"beforeSuite\",\"beforeHook\",\"beforeTest\",\"afterTest\",\"afterHook\",\"afterSuite\",\"afterSession\",\"after\",\"onComplete\",\"beforeAssertion\",\"afterAssertion\",\"beforeFeature\",\"beforeScenario\",\"beforeStep\",\"afterStep\",\"afterScenario\",\"afterFeature\",\"_\",\"suite\",\"$0\",\"ignoredWorkerServices\",\"wdi5\"]"}]}
COMMAND: POST /session/4f73fbc7686585ab41e1ef1183ea1846/execute/async - {"script":"<script> [21126 bytes]","args":[35000]}
RESULT: {"script":"<script> [21126 bytes]","args":[35000]}
]]></system-out>
    </testcase>
    <testcase classname="chrome.135_0_7049_115.windows.Process_request_items_into_new_quotation_US120163" name="Should process the request into a new quotation" time="61.221">
      <system-out><![CDATA[
COMMAND: GET /session/4f73fbc7686585ab41e1ef1183ea1846/window - {}
RESULT: {}
COMMAND: POST /session/4f73fbc7686585ab41e1ef1183ea1846/element - {"using":"xpath","value":"//span[contains(@id ,\"detailHeaderTitle-_actionsToolbar-overflowButton-img\")]"}
RESULT: {"using":"xpath","value":"//span[contains(@id ,\"detailHeaderTitle-_actionsToolbar-overflowButton-img\")]"}
COMMAND: POST /session/4f73fbc7686585ab41e1ef1183ea1846/element/f.37EC1E53C27724E540A226988372354E.d.BACEE0E51B198767E1F24C9D4BAD2D40.e.11706/click - {}
RESULT: {}
COMMAND: GET /session/4f73fbc7686585ab41e1ef1183ea1846/screenshot - {}
RESULT: {}
COMMAND: POST /session/4f73fbc7686585ab41e1ef1183ea1846/element - {"using":"xpath","value":"//span[contains(@id ,\"actionsMenuButton-internalSplitBtn-arrowButton-img\")]"}
RESULT: {"using":"xpath","value":"//span[contains(@id ,\"actionsMenuButton-internalSplitBtn-arrowButton-img\")]"}
COMMAND: POST /session/4f73fbc7686585ab41e1ef1183ea1846/element/f.37EC1E53C27724E540A226988372354E.d.BACEE0E51B198767E1F24C9D4BAD2D40.e.11710/click - {}
RESULT: {}
COMMAND: GET /session/4f73fbc7686585ab41e1ef1183ea1846/screenshot - {}
RESULT: {}
COMMAND: POST /session/4f73fbc7686585ab41e1ef1183ea1846/actions - {"actions":[{"id":"action86","type":"key","parameters":{},"actions":[{"type":"keyDown","value":"î€•"},{"type":"pause","duration":10},{"type":"keyUp","value":"î€•"}]}]}
RESULT: {"actions":[{"id":"action86","type":"key","parameters":{},"actions":[{"type":"keyDown","value":"î€•"},{"type":"pause","duration":10},{"type":"keyUp","value":"î€•"}]}]}
COMMAND: GET /session/4f73fbc7686585ab41e1ef1183ea1846/screenshot - {}
RESULT: {}
COMMAND: POST /session/4f73fbc7686585ab41e1ef1183ea1846/actions - {"actions":[{"id":"action87","type":"key","parameters":{},"actions":[{"type":"keyDown","value":"î€‡"},{"type":"pause","duration":10},{"type":"keyUp","value":"î€‡"}]}]}
RESULT: {"actions":[{"id":"action87","type":"key","parameters":{},"actions":[{"type":"keyDown","value":"î€‡"},{"type":"pause","duration":10},{"type":"keyUp","value":"î€‡"}]}]}
COMMAND: GET /session/4f73fbc7686585ab41e1ef1183ea1846/screenshot - {}
RESULT: {}
COMMAND: POST /session/4f73fbc7686585ab41e1ef1183ea1846/actions - {"actions":[{"id":"action88","type":"key","parameters":{},"actions":[{"type":"keyDown","value":"î€‡"},{"type":"pause","duration":10},{"type":"keyUp","value":"î€‡"}]}]}
RESULT: {"actions":[{"id":"action88","type":"key","parameters":{},"actions":[{"type":"keyDown","value":"î€‡"},{"type":"pause","duration":10},{"type":"keyUp","value":"î€‡"}]}]}
COMMAND: GET /session/4f73fbc7686585ab41e1ef1183ea1846/screenshot - {}
RESULT: {}
COMMAND: POST /session/4f73fbc7686585ab41e1ef1183ea1846/actions - {"actions":[{"id":"action89","type":"key","parameters":{},"actions":[{"type":"keyDown","value":"î€‡"},{"type":"pause","duration":10},{"type":"keyUp","value":"î€‡"}]}]}
RESULT: {"actions":[{"id":"action89","type":"key","parameters":{},"actions":[{"type":"keyDown","value":"î€‡"},{"type":"pause","duration":10},{"type":"keyUp","value":"î€‡"}]}]}
COMMAND: GET /session/4f73fbc7686585ab41e1ef1183ea1846/screenshot - {}
RESULT: {}
COMMAND: POST /session/4f73fbc7686585ab41e1ef1183ea1846/actions - {"actions":[{"id":"action90","type":"key","parameters":{},"actions":[{"type":"keyDown","value":"î€‡"},{"type":"pause","duration":10},{"type":"keyUp","value":"î€‡"}]}]}
RESULT: {"actions":[{"id":"action90","type":"key","parameters":{},"actions":[{"type":"keyDown","value":"î€‡"},{"type":"pause","duration":10},{"type":"keyUp","value":"î€‡"}]}]}
COMMAND: GET /session/4f73fbc7686585ab41e1ef1183ea1846/screenshot - {}
RESULT: {}
COMMAND: GET /session/4f73fbc7686585ab41e1ef1183ea1846/window/handles - {}
RESULT: {}
COMMAND: GET /session/4f73fbc7686585ab41e1ef1183ea1846/window/handles - {}
RESULT: {}
COMMAND: POST /session/4f73fbc7686585ab41e1ef1183ea1846/window - {"handle":"72A72A62221E913AE28BA525505C8D8C"}
RESULT: {"handle":"72A72A62221E913AE28BA525505C8D8C"}
COMMAND: GET /session/4f73fbc7686585ab41e1ef1183ea1846/url - {}
RESULT: {}
COMMAND: GET /session/4f73fbc7686585ab41e1ef1183ea1846/screenshot - {}
RESULT: {}
COMMAND: POST /session/4f73fbc7686585ab41e1ef1183ea1846/element - {"using":"xpath","value":"//span[contains(text(), \"Header Billing Items\")]"}
RESULT: {"using":"xpath","value":"//span[contains(text(), \"Header Billing Items\")]"}
COMMAND: POST /session/4f73fbc7686585ab41e1ef1183ea1846/element/f.72A72A62221E913AE28BA525505C8D8C.d.2ADF07519CD6EFA2E78F7E4D80FB8EDC.e.11894/click - {}
COMMAND: POST /session/4f73fbc7686585ab41e1ef1183ea1846/element - {"using":"xpath","value":"//span[contains(text(), \"Header Billing Items\")]"}
RESULT: {"using":"xpath","value":"//span[contains(text(), \"Header Billing Items\")]"}
COMMAND: POST /session/4f73fbc7686585ab41e1ef1183ea1846/element/f.72A72A62221E913AE28BA525505C8D8C.d.2ADF07519CD6EFA2E78F7E4D80FB8EDC.e.11894/click - {}
COMMAND: POST /session/4f73fbc7686585ab41e1ef1183ea1846/element - {"using":"xpath","value":"//span[contains(text(), \"Header Billing Items\")]"}
RESULT: {"using":"xpath","value":"//span[contains(text(), \"Header Billing Items\")]"}
COMMAND: POST /session/4f73fbc7686585ab41e1ef1183ea1846/element/f.72A72A62221E913AE28BA525505C8D8C.d.2ADF07519CD6EFA2E78F7E4D80FB8EDC.e.11923/click - {}
RESULT: {}
COMMAND: GET /session/4f73fbc7686585ab41e1ef1183ea1846/screenshot - {}
COMMAND: POST /session/4f73fbc7686585ab41e1ef1183ea1846/element - {"using":"xpath","value":"//span[contains(@id ,\"contractItemsSmartTable-header-inner\")]"}
RESULT: {}
RESULT: {"using":"xpath","value":"//span[contains(@id ,\"contractItemsSmartTable-header-inner\")]"}
COMMAND: GET /session/4f73fbc7686585ab41e1ef1183ea1846/element/f.72A72A62221E913AE28BA525505C8D8C.d.2ADF07519CD6EFA2E78F7E4D80FB8EDC.e.11936/text - {}
RESULT: {}
COMMAND: POST /session/4f73fbc7686585ab41e1ef1183ea1846/element - {"using":"xpath","value":"//span[@class=\"sapMObjStatusText\"][contains(text(), \"proposed\")]"}
RESULT: {"using":"xpath","value":"//span[@class=\"sapMObjStatusText\"][contains(text(), \"proposed\")]"}
COMMAND: GET /session/4f73fbc7686585ab41e1ef1183ea1846/element/f.72A72A62221E913AE28BA525505C8D8C.d.2ADF07519CD6EFA2E78F7E4D80FB8EDC.e.11937/text - {}
RESULT: {}
COMMAND: DELETE /session/4f73fbc7686585ab41e1ef1183ea1846/window - {}
RESULT: {}
COMMAND: POST /session/4f73fbc7686585ab41e1ef1183ea1846/window - {"handle":"37EC1E53C27724E540A226988372354E"}
RESULT: {"handle":"37EC1E53C27724E540A226988372354E"}
COMMAND: GET /session/4f73fbc7686585ab41e1ef1183ea1846/url - {}
RESULT: {}
COMMAND: GET /session/4f73fbc7686585ab41e1ef1183ea1846/screenshot - {}
RESULT: {}
]]></system-out>
    </testcase>
    <testcase classname="chrome.135_0_7049_115.windows.Process_request_items_into_new_quotation_US120163" name="Should navigate back to the request and check the request and item statuses" time="33.778">
      <system-out><![CDATA[
COMMAND: POST /session/4f73fbc7686585ab41e1ef1183ea1846/refresh - {}
RESULT: {}
COMMAND: GET /session/4f73fbc7686585ab41e1ef1183ea1846/screenshot - {}
RESULT: {}
COMMAND: POST /session/4f73fbc7686585ab41e1ef1183ea1846/execute/async - {"script":"<script> [189 bytes]","args":[]}
RESULT: {"script":"<script> [189 bytes]","args":[]}
COMMAND: POST /session/4f73fbc7686585ab41e1ef1183ea1846/execute/async - {"script":"<script> [123 bytes]","args":[]}
RESULT: {"script":"<script> [123 bytes]","args":[]}
COMMAND: POST /session/4f73fbc7686585ab41e1ef1183ea1846/timeouts - {"script":"<number>"}
RESULT: {"script":"<number>"}
COMMAND: GET /session/4f73fbc7686585ab41e1ef1183ea1846/timeouts - {}
RESULT: {}
RESULT: undefined
COMMAND: POST /session/4f73fbc7686585ab41e1ef1183ea1846/execute/async - {"script":"<script> [2676 bytes]","args":[]}
RESULT: {"script":"<script> [2676 bytes]","args":[]}
COMMAND: POST /session/4f73fbc7686585ab41e1ef1183ea1846/execute/async - {"script":"<script> [2342 bytes]","args":[{"protocol":"http","hostname":"0.0.0.0","path":"/","capabilities":{"browserName":"chrome","goog:chromeOptions":{"binary":"C:\\Program Files\\Google\\Chrome\\Application\\chrome.exe","args":["--start-maximized"]}},"logLevel":"warn","connectionRetryTimeout":120000,"connectionRetryCount":3,"logLevels":{},"enableDirectConnect":true,"strictSSL":true,"_":"65 more keys: [\"cacheDir\",\"port\",\"requestedCapabilities\",\"automationProtocol\",\"baseUrl\",\"waitforInterval\",\"waitforTimeout\",\"onReload\",\"beforeCommand\",\"afterCommand\",\"rootDir\",\"specs\",\"suites\",\"exclude\",\"groupLogsByTestSpec\",\"excludeDriverLogs\",\"bail\",\"framework\",\"reporters\",\"services\",\"maxInstances\",\"maxInstancesPerCapability\",\"injectGlobals\",\"filesToWatch\",\"execArgv\",\"runnerEnv\",\"runner\",\"shard\",\"specFileRetries\",\"specFileRetriesDelay\",\"specFileRetriesDeferred\",\"reporterSyncInterval\",\"reporterSyncTimeout\",\"cucumberFeaturesWithLineNumbers\",\"autoCompileOpts\",\"mochaOpts\",\"jasmineOpts\",\"cucumberOpts\",\"onPrepare\",\"onWorkerStart\",\"onWorkerEnd\",\"before\",\"beforeSession\",\"beforeSuite\",\"beforeHook\",\"beforeTest\",\"afterTest\",\"afterHook\",\"afterSuite\",\"afterSession\",\"after\",\"onComplete\",\"beforeAssertion\",\"afterAssertion\",\"beforeFeature\",\"beforeScenario\",\"beforeStep\",\"afterStep\",\"afterScenario\",\"afterFeature\",\"_\",\"suite\",\"$0\",\"ignoredWorkerServices\",\"wdi5\"]"}]}
RESULT: {"script":"<script> [2342 bytes]","args":[{"protocol":"http","hostname":"0.0.0.0","path":"/","capabilities":{"browserName":"chrome","goog:chromeOptions":{"binary":"C:\\Program Files\\Google\\Chrome\\Application\\chrome.exe","args":["--start-maximized"]}},"logLevel":"warn","connectionRetryTimeout":120000,"connectionRetryCount":3,"logLevels":{},"enableDirectConnect":true,"strictSSL":true,"_":"65 more keys: [\"cacheDir\",\"port\",\"requestedCapabilities\",\"automationProtocol\",\"baseUrl\",\"waitforInterval\",\"waitforTimeout\",\"onReload\",\"beforeCommand\",\"afterCommand\",\"rootDir\",\"specs\",\"suites\",\"exclude\",\"groupLogsByTestSpec\",\"excludeDriverLogs\",\"bail\",\"framework\",\"reporters\",\"services\",\"maxInstances\",\"maxInstancesPerCapability\",\"injectGlobals\",\"filesToWatch\",\"execArgv\",\"runnerEnv\",\"runner\",\"shard\",\"specFileRetries\",\"specFileRetriesDelay\",\"specFileRetriesDeferred\",\"reporterSyncInterval\",\"reporterSyncTimeout\",\"cucumberFeaturesWithLineNumbers\",\"autoCompileOpts\",\"mochaOpts\",\"jasmineOpts\",\"cucumberOpts\",\"onPrepare\",\"onWorkerStart\",\"onWorkerEnd\",\"before\",\"beforeSession\",\"beforeSuite\",\"beforeHook\",\"beforeTest\",\"afterTest\",\"afterHook\",\"afterSuite\",\"afterSession\",\"after\",\"onComplete\",\"beforeAssertion\",\"afterAssertion\",\"beforeFeature\",\"beforeScenario\",\"beforeStep\",\"afterStep\",\"afterScenario\",\"afterFeature\",\"_\",\"suite\",\"$0\",\"ignoredWorkerServices\",\"wdi5\"]"}]}
COMMAND: POST /session/4f73fbc7686585ab41e1ef1183ea1846/execute/async - {"script":"<script> [21126 bytes]","args":[35000]}
RESULT: {"script":"<script> [21126 bytes]","args":[35000]}
COMMAND: POST /session/4f73fbc7686585ab41e1ef1183ea1846/execute/async - {"script":"<script> [1562 bytes]","args":[{"selector":{"controlType":"sap.m.Text","viewName":"etm.portal.ui.managerequests.view.Detail","bindingPath":{"path":"/SmartRequestItemsPlanningBoard(ITEM=10m,REQUEST='20377')","propertyPath":"STATUS_DESC"}},"wdio_ui5_key":"etmportal.ui.managerequests.view.Detailsap.m.Text{\"path\":\"/SmartRequestItemsPlanningBoard(ITEM=10m,REQUEST='20377')\",\"propertyPath\":\"STATUS_DESC\"}"}]}
RESULT: {"script":"<script> [1562 bytes]","args":[{"selector":{"controlType":"sap.m.Text","viewName":"etm.portal.ui.managerequests.view.Detail","bindingPath":{"path":"/SmartRequestItemsPlanningBoard(ITEM=10m,REQUEST='20377')","propertyPath":"STATUS_DESC"}},"wdio_ui5_key":"etmportal.ui.managerequests.view.Detailsap.m.Text{\"path\":\"/SmartRequestItemsPlanningBoard(ITEM=10m,REQUEST='20377')\",\"propertyPath\":\"STATUS_DESC\"}"}]}
RESULT: undefined
COMMAND: POST /session/4f73fbc7686585ab41e1ef1183ea1846/execute/async - {"script":"<script> [6424 bytes]","args":[{"element-6066-11e4-a52e-4f735466cecf":"f.37EC1E53C27724E540A226988372354E.d.336844E9339CDD05FF34CA7B0CC94E2A.e.12133"},"getText",[]]}
RESULT: {"script":"<script> [6424 bytes]","args":[{"element-6066-11e4-a52e-4f735466cecf":"f.37EC1E53C27724E540A226988372354E.d.336844E9339CDD05FF34CA7B0CC94E2A.e.12133"},"getText",[]]}
COMMAND: POST /session/4f73fbc7686585ab41e1ef1183ea1846/execute/async - {"script":"<script> [1562 bytes]","args":[{"selector":{"controlType":"sap.m.ObjectStatus","viewName":"etm.portal.ui.managerequests.view.Detail","bindingPath":{"path":"/RequestHeaders('20377')","propertyPath":"LINK_TO_STATUS/DESCRIPTION","modelName":"catalogModel"}},"wdio_ui5_key":"etmportal.ui.managerequests.view.Detailsap.m.ObjectStatus{\"path\":\"/RequestHeaders('20377')\",\"propertyPath\":\"LINK_TO_STATUS/DESCRIPTION\",\"modelName\":\"catalogModel\"}"}]}
RESULT: {"script":"<script> [1562 bytes]","args":[{"selector":{"controlType":"sap.m.ObjectStatus","viewName":"etm.portal.ui.managerequests.view.Detail","bindingPath":{"path":"/RequestHeaders('20377')","propertyPath":"LINK_TO_STATUS/DESCRIPTION","modelName":"catalogModel"}},"wdio_ui5_key":"etmportal.ui.managerequests.view.Detailsap.m.ObjectStatus{\"path\":\"/RequestHeaders('20377')\",\"propertyPath\":\"LINK_TO_STATUS/DESCRIPTION\",\"modelName\":\"catalogModel\"}"}]}
RESULT: undefined
COMMAND: POST /session/4f73fbc7686585ab41e1ef1183ea1846/execute/async - {"script":"<script> [6424 bytes]","args":[{"element-6066-11e4-a52e-4f735466cecf":"f.37EC1E53C27724E540A226988372354E.d.336844E9339CDD05FF34CA7B0CC94E2A.e.12134"},"getText",[]]}
RESULT: {"script":"<script> [6424 bytes]","args":[{"element-6066-11e4-a52e-4f735466cecf":"f.37EC1E53C27724E540A226988372354E.d.336844E9339CDD05FF34CA7B0CC94E2A.e.12134"},"getText",[]]}
COMMAND: POST /session/4f73fbc7686585ab41e1ef1183ea1846/element - {"using":"css selector","value":"#shell-header-logo"}
RESULT: {"using":"css selector","value":"#shell-header-logo"}
COMMAND: POST /session/4f73fbc7686585ab41e1ef1183ea1846/element/f.37EC1E53C27724E540A226988372354E.d.336844E9339CDD05FF34CA7B0CC94E2A.e.11945/click - {}
RESULT: {}
COMMAND: GET /session/4f73fbc7686585ab41e1ef1183ea1846/screenshot - {}
RESULT: {}
]]></system-out>
    </testcase>
  </testsuite>
  <testsuite timestamp="2025-05-06T16:22:11" time="486.841" tests="4" failures="0" errors="0" skipped="0">
    <properties>
      <property name="specId" value="0" />
      <property name="suiteName" value="Process request items into an existing quotation US120163" />
      <property name="capabilities" value="chrome.135_0_7049_115.windows" />
      <property name="file" value="file:///D:/a/1/s/test/specs/R2C/process-request-items-into-existing-quotation.spec.js" />
    </properties>
    <testcase classname="chrome.135_0_7049_115.windows.Process_request_items_into_an_existing_quotation_US120163" name="Should create a new quotation" time="115.398">
      <system-out><![CDATA[
COMMAND: POST /session/4f73fbc7686585ab41e1ef1183ea1846/execute/async - {"script":"<script> [1562 bytes]","args":[{"selector":{"controlType":"sap.m.GenericTile","properties":{"header":"Manage Quotations"}},"wdio_ui5_key":"sapm.GenericTile{\"header\":\"Manage Quotations\"}"}]}
RESULT: {"script":"<script> [1562 bytes]","args":[{"selector":{"controlType":"sap.m.GenericTile","properties":{"header":"Manage Quotations"}},"wdio_ui5_key":"sapm.GenericTile{\"header\":\"Manage Quotations\"}"}]}
RESULT: undefined
COMMAND: POST /session/4f73fbc7686585ab41e1ef1183ea1846/element - {"using":"xpath","value":"//*[@id=\"__tile131\"]"}
RESULT: {"using":"xpath","value":"//*[@id=\"__tile131\"]"}
COMMAND: POST /session/4f73fbc7686585ab41e1ef1183ea1846/element/f.37EC1E53C27724E540A226988372354E.d.336844E9339CDD05FF34CA7B0CC94E2A.e.12150/click - {}
RESULT: {}
COMMAND: GET /session/4f73fbc7686585ab41e1ef1183ea1846/screenshot - {}
RESULT: {}
COMMAND: POST /session/4f73fbc7686585ab41e1ef1183ea1846/element - {"using":"xpath","value":"//button[contains(@title ,\"Add new contract\")]"}
RESULT: {"using":"xpath","value":"//button[contains(@title ,\"Add new contract\")]"}
COMMAND: POST /session/4f73fbc7686585ab41e1ef1183ea1846/element/f.37EC1E53C27724E540A226988372354E.d.336844E9339CDD05FF34CA7B0CC94E2A.e.12187/click - {}
RESULT: {}
COMMAND: GET /session/4f73fbc7686585ab41e1ef1183ea1846/screenshot - {}
RESULT: {}
COMMAND: POST /session/4f73fbc7686585ab41e1ef1183ea1846/element - {"using":"xpath","value":"//input[contains(@id ,\"application-managequotations-display-component---AddNewContract--projectDescription-inner\")]"}
RESULT: {"using":"xpath","value":"//input[contains(@id ,\"application-managequotations-display-component---AddNewContract--projectDescription-inner\")]"}
COMMAND: POST /session/4f73fbc7686585ab41e1ef1183ea1846/element/f.37EC1E53C27724E540A226988372354E.d.336844E9339CDD05FF34CA7B0CC94E2A.e.12442/value - {"text":"WdIOQuotationlsihk"}
RESULT: {"text":"WdIOQuotationlsihk"}
COMMAND: GET /session/4f73fbc7686585ab41e1ef1183ea1846/screenshot - {}
RESULT: {}
COMMAND: POST /session/4f73fbc7686585ab41e1ef1183ea1846/element - {"using":"xpath","value":"//input[contains(@id ,\"application-managequotations-display-component---AddNewContract--yardId-inner\")]"}
RESULT: {"using":"xpath","value":"//input[contains(@id ,\"application-managequotations-display-component---AddNewContract--yardId-inner\")]"}
COMMAND: POST /session/4f73fbc7686585ab41e1ef1183ea1846/element/f.37EC1E53C27724E540A226988372354E.d.336844E9339CDD05FF34CA7B0CC94E2A.e.12445/value - {"text":"WebdriverYarddw5pc"}
RESULT: {"text":"WebdriverYarddw5pc"}
COMMAND: GET /session/4f73fbc7686585ab41e1ef1183ea1846/screenshot - {}
RESULT: {}
COMMAND: POST /session/4f73fbc7686585ab41e1ef1183ea1846/actions - {"actions":[{"id":"action91","type":"key","parameters":{},"actions":[{"type":"keyDown","value":"î€‡"},{"type":"pause","duration":10},{"type":"keyUp","value":"î€‡"}]}]}
RESULT: {"actions":[{"id":"action91","type":"key","parameters":{},"actions":[{"type":"keyDown","value":"î€‡"},{"type":"pause","duration":10},{"type":"keyUp","value":"î€‡"}]}]}
COMMAND: GET /session/4f73fbc7686585ab41e1ef1183ea1846/screenshot - {}
RESULT: {}
COMMAND: POST /session/4f73fbc7686585ab41e1ef1183ea1846/element - {"using":"xpath","value":"//input[contains(@id ,\"application-managequotations-display-component---AddNewContract--customerSelect-inner\")]"}
RESULT: {"using":"xpath","value":"//input[contains(@id ,\"application-managequotations-display-component---AddNewContract--customerSelect-inner\")]"}
COMMAND: POST /session/4f73fbc7686585ab41e1ef1183ea1846/element/f.37EC1E53C27724E540A226988372354E.d.336844E9339CDD05FF34CA7B0CC94E2A.e.12443/value - {"text":"WebdriverPartnerm55yg"}
RESULT: {"text":"WebdriverPartnerm55yg"}
COMMAND: GET /session/4f73fbc7686585ab41e1ef1183ea1846/screenshot - {}
RESULT: {}
COMMAND: POST /session/4f73fbc7686585ab41e1ef1183ea1846/actions - {"actions":[{"id":"action92","type":"key","parameters":{},"actions":[{"type":"keyDown","value":"î€‡"},{"type":"pause","duration":10},{"type":"keyUp","value":"î€‡"}]}]}
RESULT: {"actions":[{"id":"action92","type":"key","parameters":{},"actions":[{"type":"keyDown","value":"î€‡"},{"type":"pause","duration":10},{"type":"keyUp","value":"î€‡"}]}]}
COMMAND: GET /session/4f73fbc7686585ab41e1ef1183ea1846/screenshot - {}
RESULT: {}
COMMAND: POST /session/4f73fbc7686585ab41e1ef1183ea1846/element - {"using":"xpath","value":"//input[contains(@id ,\"application-managequotations-display-component---AddNewContract--site-inner\")]"}
RESULT: {"using":"xpath","value":"//input[contains(@id ,\"application-managequotations-display-component---AddNewContract--site-inner\")]"}
COMMAND: POST /session/4f73fbc7686585ab41e1ef1183ea1846/element/f.37EC1E53C27724E540A226988372354E.d.336844E9339CDD05FF34CA7B0CC94E2A.e.12444/value - {"text":"WebdriverSiteqy48o"}
RESULT: {"text":"WebdriverSiteqy48o"}
COMMAND: GET /session/4f73fbc7686585ab41e1ef1183ea1846/screenshot - {}
RESULT: {}
COMMAND: POST /session/4f73fbc7686585ab41e1ef1183ea1846/actions - {"actions":[{"id":"action93","type":"key","parameters":{},"actions":[{"type":"keyDown","value":"î€‡"},{"type":"pause","duration":10},{"type":"keyUp","value":"î€‡"}]}]}
RESULT: {"actions":[{"id":"action93","type":"key","parameters":{},"actions":[{"type":"keyDown","value":"î€‡"},{"type":"pause","duration":10},{"type":"keyUp","value":"î€‡"}]}]}
COMMAND: GET /session/4f73fbc7686585ab41e1ef1183ea1846/screenshot - {}
RESULT: {}
COMMAND: POST /session/4f73fbc7686585ab41e1ef1183ea1846/element - {"using":"xpath","value":"//bdi[contains(text(), \"Save\")]"}
RESULT: {"using":"xpath","value":"//bdi[contains(text(), \"Save\")]"}
COMMAND: POST /session/4f73fbc7686585ab41e1ef1183ea1846/element/f.37EC1E53C27724E540A226988372354E.d.336844E9339CDD05FF34CA7B0CC94E2A.e.12470/click - {}
RESULT: {}
COMMAND: GET /session/4f73fbc7686585ab41e1ef1183ea1846/screenshot - {}
RESULT: {}
COMMAND: POST /session/4f73fbc7686585ab41e1ef1183ea1846/element - {"using":"css selector","value":"#shell-header-logo"}
RESULT: {"using":"css selector","value":"#shell-header-logo"}
COMMAND: POST /session/4f73fbc7686585ab41e1ef1183ea1846/element/f.37EC1E53C27724E540A226988372354E.d.336844E9339CDD05FF34CA7B0CC94E2A.e.12152/click - {}
RESULT: {}
COMMAND: GET /session/4f73fbc7686585ab41e1ef1183ea1846/screenshot - {}
RESULT: {}
COMMAND: POST /session/4f73fbc7686585ab41e1ef1183ea1846/refresh - {}
RESULT: {}
COMMAND: GET /session/4f73fbc7686585ab41e1ef1183ea1846/screenshot - {}
RESULT: {}
COMMAND: POST /session/4f73fbc7686585ab41e1ef1183ea1846/execute/async - {"script":"<script> [189 bytes]","args":[]}
RESULT: {"script":"<script> [189 bytes]","args":[]}
COMMAND: POST /session/4f73fbc7686585ab41e1ef1183ea1846/execute/async - {"script":"<script> [123 bytes]","args":[]}
RESULT: {"script":"<script> [123 bytes]","args":[]}
COMMAND: POST /session/4f73fbc7686585ab41e1ef1183ea1846/timeouts - {"script":"<number>"}
RESULT: {"script":"<number>"}
COMMAND: GET /session/4f73fbc7686585ab41e1ef1183ea1846/timeouts - {}
RESULT: {}
RESULT: undefined
COMMAND: POST /session/4f73fbc7686585ab41e1ef1183ea1846/execute/async - {"script":"<script> [2676 bytes]","args":[]}
RESULT: {"script":"<script> [2676 bytes]","args":[]}
COMMAND: POST /session/4f73fbc7686585ab41e1ef1183ea1846/execute/async - {"script":"<script> [2342 bytes]","args":[{"protocol":"http","hostname":"0.0.0.0","path":"/","capabilities":{"browserName":"chrome","goog:chromeOptions":{"binary":"C:\\Program Files\\Google\\Chrome\\Application\\chrome.exe","args":["--start-maximized"]}},"logLevel":"warn","connectionRetryTimeout":120000,"connectionRetryCount":3,"logLevels":{},"enableDirectConnect":true,"strictSSL":true,"_":"65 more keys: [\"cacheDir\",\"port\",\"requestedCapabilities\",\"automationProtocol\",\"baseUrl\",\"waitforInterval\",\"waitforTimeout\",\"onReload\",\"beforeCommand\",\"afterCommand\",\"rootDir\",\"specs\",\"suites\",\"exclude\",\"groupLogsByTestSpec\",\"excludeDriverLogs\",\"bail\",\"framework\",\"reporters\",\"services\",\"maxInstances\",\"maxInstancesPerCapability\",\"injectGlobals\",\"filesToWatch\",\"execArgv\",\"runnerEnv\",\"runner\",\"shard\",\"specFileRetries\",\"specFileRetriesDelay\",\"specFileRetriesDeferred\",\"reporterSyncInterval\",\"reporterSyncTimeout\",\"cucumberFeaturesWithLineNumbers\",\"autoCompileOpts\",\"mochaOpts\",\"jasmineOpts\",\"cucumberOpts\",\"onPrepare\",\"onWorkerStart\",\"onWorkerEnd\",\"before\",\"beforeSession\",\"beforeSuite\",\"beforeHook\",\"beforeTest\",\"afterTest\",\"afterHook\",\"afterSuite\",\"afterSession\",\"after\",\"onComplete\",\"beforeAssertion\",\"afterAssertion\",\"beforeFeature\",\"beforeScenario\",\"beforeStep\",\"afterStep\",\"afterScenario\",\"afterFeature\",\"_\",\"suite\",\"$0\",\"ignoredWorkerServices\",\"wdi5\"]"}]}
RESULT: {"script":"<script> [2342 bytes]","args":[{"protocol":"http","hostname":"0.0.0.0","path":"/","capabilities":{"browserName":"chrome","goog:chromeOptions":{"binary":"C:\\Program Files\\Google\\Chrome\\Application\\chrome.exe","args":["--start-maximized"]}},"logLevel":"warn","connectionRetryTimeout":120000,"connectionRetryCount":3,"logLevels":{},"enableDirectConnect":true,"strictSSL":true,"_":"65 more keys: [\"cacheDir\",\"port\",\"requestedCapabilities\",\"automationProtocol\",\"baseUrl\",\"waitforInterval\",\"waitforTimeout\",\"onReload\",\"beforeCommand\",\"afterCommand\",\"rootDir\",\"specs\",\"suites\",\"exclude\",\"groupLogsByTestSpec\",\"excludeDriverLogs\",\"bail\",\"framework\",\"reporters\",\"services\",\"maxInstances\",\"maxInstancesPerCapability\",\"injectGlobals\",\"filesToWatch\",\"execArgv\",\"runnerEnv\",\"runner\",\"shard\",\"specFileRetries\",\"specFileRetriesDelay\",\"specFileRetriesDeferred\",\"reporterSyncInterval\",\"reporterSyncTimeout\",\"cucumberFeaturesWithLineNumbers\",\"autoCompileOpts\",\"mochaOpts\",\"jasmineOpts\",\"cucumberOpts\",\"onPrepare\",\"onWorkerStart\",\"onWorkerEnd\",\"before\",\"beforeSession\",\"beforeSuite\",\"beforeHook\",\"beforeTest\",\"afterTest\",\"afterHook\",\"afterSuite\",\"afterSession\",\"after\",\"onComplete\",\"beforeAssertion\",\"afterAssertion\",\"beforeFeature\",\"beforeScenario\",\"beforeStep\",\"afterStep\",\"afterScenario\",\"afterFeature\",\"_\",\"suite\",\"$0\",\"ignoredWorkerServices\",\"wdi5\"]"}]}
COMMAND: POST /session/4f73fbc7686585ab41e1ef1183ea1846/execute/async - {"script":"<script> [21126 bytes]","args":[35000]}
RESULT: {"script":"<script> [21126 bytes]","args":[35000]}
]]></system-out>
    </testcase>
    <testcase classname="chrome.135_0_7049_115.windows.Process_request_items_into_an_existing_quotation_US120163" name="Should create a new request with catalog items and plan it" time="224.738">
      <system-out><![CDATA[
COMMAND: POST /session/4f73fbc7686585ab41e1ef1183ea1846/element - {"using":"xpath","value":"//*[contains(@href, 'etm.portal.ui.managerequests')]"}
RESULT: {"using":"xpath","value":"//*[contains(@href, 'etm.portal.ui.managerequests')]"}
COMMAND: POST /session/4f73fbc7686585ab41e1ef1183ea1846/element/f.37EC1E53C27724E540A226988372354E.d.F58842D2DBD628C25671677995C56D56.e.12509/click - {}
RESULT: {}
COMMAND: GET /session/4f73fbc7686585ab41e1ef1183ea1846/screenshot - {}
RESULT: {}
COMMAND: POST /session/4f73fbc7686585ab41e1ef1183ea1846/element - {"using":"xpath","value":"(//span[contains(@class ,\"sapMObjStatusText\")])[1]"}
RESULT: {"using":"xpath","value":"(//span[contains(@class ,\"sapMObjStatusText\")])[1]"}
COMMAND: POST /session/4f73fbc7686585ab41e1ef1183ea1846/execute/sync - {"script":"<script> [8489 bytes]","args":[{"element-6066-11e4-a52e-4f735466cecf":"f.37EC1E53C27724E540A226988372354E.d.F58842D2DBD628C25671677995C56D56.e.12609","ELEMENT":"f.37EC1E53C27724E540A226988372354E.d.F58842D2DBD628C25671677995C56D56.e.12609"}]}
RESULT: {"script":"<script> [8489 bytes]","args":[{"element-6066-11e4-a52e-4f735466cecf":"f.37EC1E53C27724E540A226988372354E.d.F58842D2DBD628C25671677995C56D56.e.12609","ELEMENT":"f.37EC1E53C27724E540A226988372354E.d.F58842D2DBD628C25671677995C56D56.e.12609"}]}
COMMAND: POST /session/4f73fbc7686585ab41e1ef1183ea1846/element - {"using":"xpath","value":"//button[contains(@data-kt ,\"btnCreateNewOverflowToolbarButton\")]"}
COMMAND: GET /session/4f73fbc7686585ab41e1ef1183ea1846/screenshot - {}
RESULT: {"using":"xpath","value":"//button[contains(@data-kt ,\"btnCreateNewOverflowToolbarButton\")]"}
COMMAND: POST /session/4f73fbc7686585ab41e1ef1183ea1846/element/f.37EC1E53C27724E540A226988372354E.d.F58842D2DBD628C25671677995C56D56.e.12566/click - {}
RESULT: {}
RESULT: {}
COMMAND: GET /session/4f73fbc7686585ab41e1ef1183ea1846/screenshot - {}
RESULT: {}
COMMAND: POST /session/4f73fbc7686585ab41e1ef1183ea1846/element - {"using":"xpath","value":"//input[contains(@id ,\"yardId-inner\")]"}
RESULT: {"using":"xpath","value":"//input[contains(@id ,\"yardId-inner\")]"}
COMMAND: POST /session/4f73fbc7686585ab41e1ef1183ea1846/execute/sync - {"script":"<script> [8489 bytes]","args":[{"element-6066-11e4-a52e-4f735466cecf":"f.37EC1E53C27724E540A226988372354E.d.F58842D2DBD628C25671677995C56D56.e.12815","ELEMENT":"f.37EC1E53C27724E540A226988372354E.d.F58842D2DBD628C25671677995C56D56.e.12815"}]}
RESULT: {"script":"<script> [8489 bytes]","args":[{"element-6066-11e4-a52e-4f735466cecf":"f.37EC1E53C27724E540A226988372354E.d.F58842D2DBD628C25671677995C56D56.e.12815","ELEMENT":"f.37EC1E53C27724E540A226988372354E.d.F58842D2DBD628C25671677995C56D56.e.12815"}]}
COMMAND: POST /session/4f73fbc7686585ab41e1ef1183ea1846/element - {"using":"xpath","value":"//input[contains(@id ,\"yardId-inner\")]"}
COMMAND: GET /session/4f73fbc7686585ab41e1ef1183ea1846/screenshot - {}
RESULT: {"using":"xpath","value":"//input[contains(@id ,\"yardId-inner\")]"}
COMMAND: GET /session/4f73fbc7686585ab41e1ef1183ea1846/element/f.37EC1E53C27724E540A226988372354E.d.F58842D2DBD628C25671677995C56D56.e.12815/enabled - {}
RESULT: {}
RESULT: {}
COMMAND: POST /session/4f73fbc7686585ab41e1ef1183ea1846/element/f.37EC1E53C27724E540A226988372354E.d.F58842D2DBD628C25671677995C56D56.e.12815/clear - {}
COMMAND: GET /session/4f73fbc7686585ab41e1ef1183ea1846/screenshot - {}
RESULT: {}
COMMAND: POST /session/4f73fbc7686585ab41e1ef1183ea1846/element/f.37EC1E53C27724E540A226988372354E.d.F58842D2DBD628C25671677995C56D56.e.12815/value - {"text":"WebdriverYarddw5pc"}
COMMAND: GET /session/4f73fbc7686585ab41e1ef1183ea1846/screenshot - {}
RESULT: {}
RESULT: {"text":"WebdriverYarddw5pc"}
COMMAND: GET /session/4f73fbc7686585ab41e1ef1183ea1846/screenshot - {}
RESULT: {}
RESULT: {}
COMMAND: POST /session/4f73fbc7686585ab41e1ef1183ea1846/actions - {"actions":[{"id":"action94","type":"key","parameters":{},"actions":[{"type":"keyDown","value":"î€‡"},{"type":"pause","duration":10},{"type":"keyUp","value":"î€‡"}]}]}
RESULT: {"actions":[{"id":"action94","type":"key","parameters":{},"actions":[{"type":"keyDown","value":"î€‡"},{"type":"pause","duration":10},{"type":"keyUp","value":"î€‡"}]}]}
COMMAND: GET /session/4f73fbc7686585ab41e1ef1183ea1846/screenshot - {}
RESULT: {}
COMMAND: POST /session/4f73fbc7686585ab41e1ef1183ea1846/element - {"using":"xpath","value":"//input[contains(@id ,\"customerNumber-inner\")]"}
RESULT: {"using":"xpath","value":"//input[contains(@id ,\"customerNumber-inner\")]"}
COMMAND: POST /session/4f73fbc7686585ab41e1ef1183ea1846/element/f.37EC1E53C27724E540A226988372354E.d.F58842D2DBD628C25671677995C56D56.e.12809/value - {"text":"WebdriverPartnerm55yg"}
RESULT: {"text":"WebdriverPartnerm55yg"}
COMMAND: GET /session/4f73fbc7686585ab41e1ef1183ea1846/screenshot - {}
RESULT: {}
COMMAND: POST /session/4f73fbc7686585ab41e1ef1183ea1846/actions - {"actions":[{"id":"action95","type":"key","parameters":{},"actions":[{"type":"keyDown","value":"î€‡"},{"type":"pause","duration":10},{"type":"keyUp","value":"î€‡"}]}]}
RESULT: {"actions":[{"id":"action95","type":"key","parameters":{},"actions":[{"type":"keyDown","value":"î€‡"},{"type":"pause","duration":10},{"type":"keyUp","value":"î€‡"}]}]}
COMMAND: GET /session/4f73fbc7686585ab41e1ef1183ea1846/screenshot - {}
RESULT: {}
COMMAND: GET /session/4f73fbc7686585ab41e1ef1183ea1846/element/f.37EC1E53C27724E540A226988372354E.d.F58842D2DBD628C25671677995C56D56.e.12809/property/value - {}
RESULT: {}
COMMAND: POST /session/4f73fbc7686585ab41e1ef1183ea1846/element/f.37EC1E53C27724E540A226988372354E.d.F58842D2DBD628C25671677995C56D56.e.12809/value - {"text":"WebdriverPartnerm55yg"}
COMMAND: GET /session/4f73fbc7686585ab41e1ef1183ea1846/screenshot - {}
RESULT: {"text":"WebdriverPartnerm55yg"}
COMMAND: GET /session/4f73fbc7686585ab41e1ef1183ea1846/screenshot - {}
RESULT: {}
RESULT: {}
COMMAND: POST /session/4f73fbc7686585ab41e1ef1183ea1846/actions - {"actions":[{"id":"action96","type":"key","parameters":{},"actions":[{"type":"keyDown","value":"î€‡"},{"type":"pause","duration":10},{"type":"keyUp","value":"î€‡"}]}]}
RESULT: {"actions":[{"id":"action96","type":"key","parameters":{},"actions":[{"type":"keyDown","value":"î€‡"},{"type":"pause","duration":10},{"type":"keyUp","value":"î€‡"}]}]}
COMMAND: GET /session/4f73fbc7686585ab41e1ef1183ea1846/screenshot - {}
RESULT: {}
COMMAND: POST /session/4f73fbc7686585ab41e1ef1183ea1846/element - {"using":"xpath","value":"//input[contains(@id ,\"requestSiteId-inner\")]"}
RESULT: {"using":"xpath","value":"//input[contains(@id ,\"requestSiteId-inner\")]"}
COMMAND: POST /session/4f73fbc7686585ab41e1ef1183ea1846/element/f.37EC1E53C27724E540A226988372354E.d.F58842D2DBD628C25671677995C56D56.e.12808/value - {"text":"WebdriverSiteqy48o"}
RESULT: {"text":"WebdriverSiteqy48o"}
COMMAND: GET /session/4f73fbc7686585ab41e1ef1183ea1846/screenshot - {}
RESULT: {}
COMMAND: POST /session/4f73fbc7686585ab41e1ef1183ea1846/actions - {"actions":[{"id":"action97","type":"key","parameters":{},"actions":[{"type":"keyDown","value":"î€‡"},{"type":"pause","duration":10},{"type":"keyUp","value":"î€‡"}]}]}
RESULT: {"actions":[{"id":"action97","type":"key","parameters":{},"actions":[{"type":"keyDown","value":"î€‡"},{"type":"pause","duration":10},{"type":"keyUp","value":"î€‡"}]}]}
COMMAND: GET /session/4f73fbc7686585ab41e1ef1183ea1846/screenshot - {}
RESULT: {}
COMMAND: POST /session/4f73fbc7686585ab41e1ef1183ea1846/element - {"using":"xpath","value":"//button[contains(@data-kt ,\"requestItemAddOverflowToolbarButton\")]"}
RESULT: {"using":"xpath","value":"//button[contains(@data-kt ,\"requestItemAddOverflowToolbarButton\")]"}
COMMAND: POST /session/4f73fbc7686585ab41e1ef1183ea1846/element/f.37EC1E53C27724E540A226988372354E.d.F58842D2DBD628C25671677995C56D56.e.12787/click - {}
RESULT: {}
COMMAND: GET /session/4f73fbc7686585ab41e1ef1183ea1846/screenshot - {}
RESULT: {}
COMMAND: POST /session/4f73fbc7686585ab41e1ef1183ea1846/actions - {"actions":[{"id":"action98","type":"key","parameters":{},"actions":[{"type":"keyDown","value":"î€•"},{"type":"pause","duration":10},{"type":"keyUp","value":"î€•"}]}]}
RESULT: {"actions":[{"id":"action98","type":"key","parameters":{},"actions":[{"type":"keyDown","value":"î€•"},{"type":"pause","duration":10},{"type":"keyUp","value":"î€•"}]}]}
COMMAND: POST /session/4f73fbc7686585ab41e1ef1183ea1846/actions - {"actions":[{"id":"action99","type":"key","parameters":{},"actions":[{"type":"keyDown","value":"î€‡"},{"type":"pause","duration":10},{"type":"keyUp","value":"î€‡"}]}]}
COMMAND: GET /session/4f73fbc7686585ab41e1ef1183ea1846/screenshot - {}
RESULT: {"actions":[{"id":"action99","type":"key","parameters":{},"actions":[{"type":"keyDown","value":"î€‡"},{"type":"pause","duration":10},{"type":"keyUp","value":"î€‡"}]}]}
COMMAND: GET /session/4f73fbc7686585ab41e1ef1183ea1846/screenshot - {}
RESULT: {}
RESULT: {}
COMMAND: POST /session/4f73fbc7686585ab41e1ef1183ea1846/element - {"using":"xpath","value":"(//input[contains(@id ,\"requestItemsTable-0-inner\")])[1]"}
RESULT: {"using":"xpath","value":"(//input[contains(@id ,\"requestItemsTable-0-inner\")])[1]"}
COMMAND: POST /session/4f73fbc7686585ab41e1ef1183ea1846/element/f.37EC1E53C27724E540A226988372354E.d.F58842D2DBD628C25671677995C56D56.e.12965/clear - {}
RESULT: {}
COMMAND: POST /session/4f73fbc7686585ab41e1ef1183ea1846/element/f.37EC1E53C27724E540A226988372354E.d.F58842D2DBD628C25671677995C56D56.e.12965/value - {"text":"catalogItemrzrhs"}
COMMAND: GET /session/4f73fbc7686585ab41e1ef1183ea1846/screenshot - {}
RESULT: {"text":"catalogItemrzrhs"}
COMMAND: GET /session/4f73fbc7686585ab41e1ef1183ea1846/screenshot - {}
RESULT: {}
RESULT: {}
COMMAND: POST /session/4f73fbc7686585ab41e1ef1183ea1846/actions - {"actions":[{"id":"action100","type":"key","parameters":{},"actions":[{"type":"keyDown","value":"î€‡"},{"type":"pause","duration":10},{"type":"keyUp","value":"î€‡"}]}]}
RESULT: {"actions":[{"id":"action100","type":"key","parameters":{},"actions":[{"type":"keyDown","value":"î€‡"},{"type":"pause","duration":10},{"type":"keyUp","value":"î€‡"}]}]}
COMMAND: GET /session/4f73fbc7686585ab41e1ef1183ea1846/screenshot - {}
RESULT: {}
COMMAND: POST /session/4f73fbc7686585ab41e1ef1183ea1846/execute/async - {"script":"<script> [1562 bytes]","args":[{"selector":{"controlType":"sap.ui.core.Icon","viewName":"etm.portal.ui.managerequests.view.NewRequest","properties":{"src":{"regex":{"source":"slim\\-arrow\\-down"}}},"ancestor":{"controlType":"sap.m.Button","viewName":"etm.portal.ui.managerequests.view.NewRequest","properties":{"icon":"sap-icon://slim-arrow-down"}}},"wdio_ui5_key":"etmportal.ui.managerequests.view.NewRequestsap.ui.core.Icon{\"src\":{\"regex\":{\"source\":\"slim\\\\-arrow\\\\-down\"}}}{\"controlType\":\"sap.m.Button\",\"viewName\":\"etm.portal.ui.managerequests.view.NewRequest\",\"properties\":{\"icon\":\"sap-icon://slim-arrow-down\"}}"}]}
RESULT: {"script":"<script> [1562 bytes]","args":[{"selector":{"controlType":"sap.ui.core.Icon","viewName":"etm.portal.ui.managerequests.view.NewRequest","properties":{"src":{"regex":{"source":"slim\\-arrow\\-down"}}},"ancestor":{"controlType":"sap.m.Button","viewName":"etm.portal.ui.managerequests.view.NewRequest","properties":{"icon":"sap-icon://slim-arrow-down"}}},"wdio_ui5_key":"etmportal.ui.managerequests.view.NewRequestsap.ui.core.Icon{\"src\":{\"regex\":{\"source\":\"slim\\\\-arrow\\\\-down\"}}}{\"controlType\":\"sap.m.Button\",\"viewName\":\"etm.portal.ui.managerequests.view.NewRequest\",\"properties\":{\"icon\":\"sap-icon://slim-arrow-down\"}}"}]}
RESULT: undefined
COMMAND: POST /session/4f73fbc7686585ab41e1ef1183ea1846/element - {"using":"xpath","value":"//div[contains(@data-kt ,\"splitAllocationObjectStatus\")]"}
RESULT: {"using":"xpath","value":"//div[contains(@data-kt ,\"splitAllocationObjectStatus\")]"}
COMMAND: POST /session/4f73fbc7686585ab41e1ef1183ea1846/elements - {"using":"xpath","value":"//div[contains(@data-kt ,\"splitAllocationObjectStatus\")]"}
RESULT: {"using":"xpath","value":"//div[contains(@data-kt ,\"splitAllocationObjectStatus\")]"}
COMMAND: POST /session/4f73fbc7686585ab41e1ef1183ea1846/execute/async - {"script":"<script> [1562 bytes]","args":[{"selector":{"controlType":"sap.ui.core.Icon","viewName":"etm.portal.ui.managerequests.view.NewRequest","properties":{"src":{"regex":{"source":"message\\-error"}}}},"wdio_ui5_key":"etmportal.ui.managerequests.view.NewRequestsap.ui.core.Icon{\"src\":{\"regex\":{\"source\":\"message\\\\-error\"}}}"}]}
RESULT: {"script":"<script> [1562 bytes]","args":[{"selector":{"controlType":"sap.ui.core.Icon","viewName":"etm.portal.ui.managerequests.view.NewRequest","properties":{"src":{"regex":{"source":"message\\-error"}}}},"wdio_ui5_key":"etmportal.ui.managerequests.view.NewRequestsap.ui.core.Icon{\"src\":{\"regex\":{\"source\":\"message\\\\-error\"}}}"}]}
RESULT: undefined
COMMAND: POST /session/4f73fbc7686585ab41e1ef1183ea1846/element - {"using":"xpath","value":"//*[@id=\"__status4-__xmlview59--requestItemsTable-0-icon\"]"}
RESULT: {"using":"xpath","value":"//*[@id=\"__status4-__xmlview59--requestItemsTable-0-icon\"]"}
COMMAND: POST /session/4f73fbc7686585ab41e1ef1183ea1846/element/f.37EC1E53C27724E540A226988372354E.d.F58842D2DBD628C25671677995C56D56.e.12980/click - {}
RESULT: {}
COMMAND: POST /session/4f73fbc7686585ab41e1ef1183ea1846/execute/async - {"script":"<script> [1562 bytes]","args":[{"selector":{"controlType":"sap.ui.core.Icon","viewName":"etm.portal.ui.managerequests.view.NewRequest","properties":{"src":{"regex":{"source":"slim\\-arrow\\-down"}}},"searchOpenDialogs":true,"ancestor":{"id":"costObjectAdminTypeComboBox","viewName":"etm.portal.ui.managerequests.view.NewRequest","searchOpenDialogs":true}},"wdio_ui5_key":"etmportal.ui.managerequests.view.NewRequestsap.ui.core.Icon{\"src\":{\"regex\":{\"source\":\"slim\\\\-arrow\\\\-down\"}}}{\"id\":\"costObjectAdminTypeComboBox\",\"viewName\":\"etm.portal.ui.managerequests.view.NewRequest\",\"searchOpenDialogs\":true}"}]}
COMMAND: GET /session/4f73fbc7686585ab41e1ef1183ea1846/screenshot - {}
RESULT: {"script":"<script> [1562 bytes]","args":[{"selector":{"controlType":"sap.ui.core.Icon","viewName":"etm.portal.ui.managerequests.view.NewRequest","properties":{"src":{"regex":{"source":"slim\\-arrow\\-down"}}},"searchOpenDialogs":true,"ancestor":{"id":"costObjectAdminTypeComboBox","viewName":"etm.portal.ui.managerequests.view.NewRequest","searchOpenDialogs":true}},"wdio_ui5_key":"etmportal.ui.managerequests.view.NewRequestsap.ui.core.Icon{\"src\":{\"regex\":{\"source\":\"slim\\\\-arrow\\\\-down\"}}}{\"id\":\"costObjectAdminTypeComboBox\",\"viewName\":\"etm.portal.ui.managerequests.view.NewRequest\",\"searchOpenDialogs\":true}"}]}
RESULT: undefined
COMMAND: POST /session/4f73fbc7686585ab41e1ef1183ea1846/element - {"using":"xpath","value":"//*[@id=\"__xmlview59--costObjectAdminTypeComboBox-arrow\"]"}
RESULT: {}
RESULT: {"using":"xpath","value":"//*[@id=\"__xmlview59--costObjectAdminTypeComboBox-arrow\"]"}
COMMAND: POST /session/4f73fbc7686585ab41e1ef1183ea1846/element/f.37EC1E53C27724E540A226988372354E.d.F58842D2DBD628C25671677995C56D56.e.12985/click - {}
RESULT: {}
COMMAND: POST /session/4f73fbc7686585ab41e1ef1183ea1846/execute/async - {"script":"<script> [1562 bytes]","args":[{"selector":{"controlType":"sap.m.StandardListItem","viewName":"etm.portal.ui.managerequests.view.NewRequest","properties":{"title":"Cost Center"},"searchOpenDialogs":true,"interaction":{"idSuffix":"titleText"}},"wdio_ui5_key":"etmportal.ui.managerequests.view.NewRequestsap.m.StandardListItem{\"title\":\"Cost Center\"}"}]}
COMMAND: GET /session/4f73fbc7686585ab41e1ef1183ea1846/screenshot - {}
RESULT: {}
RESULT: {"script":"<script> [1562 bytes]","args":[{"selector":{"controlType":"sap.m.StandardListItem","viewName":"etm.portal.ui.managerequests.view.NewRequest","properties":{"title":"Cost Center"},"searchOpenDialogs":true,"interaction":{"idSuffix":"titleText"}},"wdio_ui5_key":"etmportal.ui.managerequests.view.NewRequestsap.m.StandardListItem{\"title\":\"Cost Center\"}"}]}
RESULT: undefined
COMMAND: POST /session/4f73fbc7686585ab41e1ef1183ea1846/element - {"using":"xpath","value":"//*[@id=\"__item815\"]"}
RESULT: {"using":"xpath","value":"//*[@id=\"__item815\"]"}
COMMAND: POST /session/4f73fbc7686585ab41e1ef1183ea1846/element/f.37EC1E53C27724E540A226988372354E.d.F58842D2DBD628C25671677995C56D56.e.12988/click - {}
RESULT: {}
COMMAND: GET /session/4f73fbc7686585ab41e1ef1183ea1846/screenshot - {}
RESULT: {}
COMMAND: POST /session/4f73fbc7686585ab41e1ef1183ea1846/execute/async - {"script":"<script> [1562 bytes]","args":[{"selector":{"controlType":"sap.ui.core.Icon","viewName":"etm.portal.ui.managerequests.view.NewRequest","properties":{"src":{"regex":{"source":"value\\-help"}}},"searchOpenDialogs":true},"wdio_ui5_key":"etmportal.ui.managerequests.view.NewRequestsap.ui.core.Icon{\"src\":{\"regex\":{\"source\":\"value\\\\-help\"}}}"}]}
RESULT: {"script":"<script> [1562 bytes]","args":[{"selector":{"controlType":"sap.ui.core.Icon","viewName":"etm.portal.ui.managerequests.view.NewRequest","properties":{"src":{"regex":{"source":"value\\-help"}}},"searchOpenDialogs":true},"wdio_ui5_key":"etmportal.ui.managerequests.view.NewRequestsap.ui.core.Icon{\"src\":{\"regex\":{\"source\":\"value\\\\-help\"}}}"}]}
RESULT: undefined
COMMAND: POST /session/4f73fbc7686585ab41e1ef1183ea1846/element - {"using":"xpath","value":"//*[@id=\"__xmlview59--costObjectIdComboBox-vhi\"]"}
RESULT: {"using":"xpath","value":"//*[@id=\"__xmlview59--costObjectIdComboBox-vhi\"]"}
COMMAND: POST /session/4f73fbc7686585ab41e1ef1183ea1846/element/f.37EC1E53C27724E540A226988372354E.d.F58842D2DBD628C25671677995C56D56.e.12995/click - {}
RESULT: {}
COMMAND: POST /session/4f73fbc7686585ab41e1ef1183ea1846/execute/async - {"script":"<script> [1562 bytes]","args":[{"selector":{"controlType":"sap.m.SearchField","properties":{"placeholder":"Search"},"searchOpenDialogs":true,"interaction":{"idSuffix":"I"}},"wdio_ui5_key":"sapm.SearchField{\"placeholder\":\"Search\"}"}]}
COMMAND: GET /session/4f73fbc7686585ab41e1ef1183ea1846/screenshot - {}
RESULT: {"script":"<script> [1562 bytes]","args":[{"selector":{"controlType":"sap.m.SearchField","properties":{"placeholder":"Search"},"searchOpenDialogs":true,"interaction":{"idSuffix":"I"}},"wdio_ui5_key":"sapm.SearchField{\"placeholder\":\"Search\"}"}]}
RESULT: undefined
COMMAND: POST /session/4f73fbc7686585ab41e1ef1183ea1846/execute/async - {"script":"<script> [776 bytes]","args":[{"enterText":"10001010","selector":{"controlType":"sap.m.SearchField","properties":{"placeholder":"Search"},"searchOpenDialogs":true,"interaction":{"idSuffix":"I"}},"clearTextFirst":true,"interactionType":"ENTER_TEXT"}]}
RESULT: {}
RESULT: {"script":"<script> [776 bytes]","args":[{"enterText":"10001010","selector":{"controlType":"sap.m.SearchField","properties":{"placeholder":"Search"},"searchOpenDialogs":true,"interaction":{"idSuffix":"I"}},"clearTextFirst":true,"interactionType":"ENTER_TEXT"}]}
COMMAND: POST /session/4f73fbc7686585ab41e1ef1183ea1846/actions - {"actions":[{"id":"action101","type":"key","parameters":{},"actions":[{"type":"keyDown","value":"î€‡"},{"type":"pause","duration":10},{"type":"keyUp","value":"î€‡"}]}]}
RESULT: {"actions":[{"id":"action101","type":"key","parameters":{},"actions":[{"type":"keyDown","value":"î€‡"},{"type":"pause","duration":10},{"type":"keyUp","value":"î€‡"}]}]}
COMMAND: GET /session/4f73fbc7686585ab41e1ef1183ea1846/screenshot - {}
RESULT: {}
COMMAND: POST /session/4f73fbc7686585ab41e1ef1183ea1846/execute/async - {"script":"<script> [1562 bytes]","args":[{"selector":{"controlType":"sap.m.Text","bindingPath":{"path":"/C_CostCtrValueHelp(CostCenter='10001010',ControllingArea='Z001')","propertyPath":"CostCenterName","modelName":"CostCenterModel"},"searchOpenDialogs":true},"wdio_ui5_key":"sapm.Text{\"path\":\"/C_CostCtrValueHelp(CostCenter='10001010',ControllingArea='Z001')\",\"propertyPath\":\"CostCenterName\",\"modelName\":\"CostCenterModel\"}"}]}
RESULT: {"script":"<script> [1562 bytes]","args":[{"selector":{"controlType":"sap.m.Text","bindingPath":{"path":"/C_CostCtrValueHelp(CostCenter='10001010',ControllingArea='Z001')","propertyPath":"CostCenterName","modelName":"CostCenterModel"},"searchOpenDialogs":true},"wdio_ui5_key":"sapm.Text{\"path\":\"/C_CostCtrValueHelp(CostCenter='10001010',ControllingArea='Z001')\",\"propertyPath\":\"CostCenterName\",\"modelName\":\"CostCenterModel\"}"}]}
RESULT: undefined
COMMAND: POST /session/4f73fbc7686585ab41e1ef1183ea1846/element - {"using":"xpath","value":"//*[@id=\"__text291-__clone953\"]"}
RESULT: {"using":"xpath","value":"//*[@id=\"__text291-__clone953\"]"}
COMMAND: POST /session/4f73fbc7686585ab41e1ef1183ea1846/element/f.37EC1E53C27724E540A226988372354E.d.F58842D2DBD628C25671677995C56D56.e.13035/click - {}
RESULT: {}
COMMAND: POST /session/4f73fbc7686585ab41e1ef1183ea1846/execute/async - {"script":"<script> [1562 bytes]","args":[{"selector":{"controlType":"sap.m.Button","properties":{"text":"OK"},"searchOpenDialogs":true,"interaction":{"idSuffix":"BDI-content"}},"wdio_ui5_key":"sapm.Button{\"text\":\"OK\"}"}]}
COMMAND: GET /session/4f73fbc7686585ab41e1ef1183ea1846/screenshot - {}
RESULT: {"script":"<script> [1562 bytes]","args":[{"selector":{"controlType":"sap.m.Button","properties":{"text":"OK"},"searchOpenDialogs":true,"interaction":{"idSuffix":"BDI-content"}},"wdio_ui5_key":"sapm.Button{\"text\":\"OK\"}"}]}
RESULT: undefined
COMMAND: POST /session/4f73fbc7686585ab41e1ef1183ea1846/element - {"using":"xpath","value":"//*[@id=\"__dialog1-ok\"]"}
RESULT: {}
RESULT: {"using":"xpath","value":"//*[@id=\"__dialog1-ok\"]"}
COMMAND: POST /session/4f73fbc7686585ab41e1ef1183ea1846/element/f.37EC1E53C27724E540A226988372354E.d.F58842D2DBD628C25671677995C56D56.e.13037/click - {}
RESULT: {}
COMMAND: GET /session/4f73fbc7686585ab41e1ef1183ea1846/screenshot - {}
RESULT: {}
COMMAND: POST /session/4f73fbc7686585ab41e1ef1183ea1846/execute/async - {"script":"<script> [1562 bytes]","args":[{"selector":{"controlType":"sap.m.Button","viewName":"etm.portal.ui.managerequests.view.NewRequest","i18NText":{"propertyName":"text","key":"save"},"searchOpenDialogs":true,"interaction":{"idSuffix":"BDI-content"}},"wdio_ui5_key":"etmportal.ui.managerequests.view.NewRequestsap.m.Button{\"propertyName\":\"text\",\"key\":\"save\"}"}]}
RESULT: {"script":"<script> [1562 bytes]","args":[{"selector":{"controlType":"sap.m.Button","viewName":"etm.portal.ui.managerequests.view.NewRequest","i18NText":{"propertyName":"text","key":"save"},"searchOpenDialogs":true,"interaction":{"idSuffix":"BDI-content"}},"wdio_ui5_key":"etmportal.ui.managerequests.view.NewRequestsap.m.Button{\"propertyName\":\"text\",\"key\":\"save\"}"}]}
RESULT: undefined
COMMAND: POST /session/4f73fbc7686585ab41e1ef1183ea1846/element - {"using":"xpath","value":"//*[@id=\"__button24\"]"}
RESULT: {"using":"xpath","value":"//*[@id=\"__button24\"]"}
COMMAND: POST /session/4f73fbc7686585ab41e1ef1183ea1846/element/f.37EC1E53C27724E540A226988372354E.d.F58842D2DBD628C25671677995C56D56.e.13041/click - {}
RESULT: {}
COMMAND: GET /session/4f73fbc7686585ab41e1ef1183ea1846/screenshot - {}
RESULT: {}
COMMAND: POST /session/4f73fbc7686585ab41e1ef1183ea1846/element - {"using":"xpath","value":"(//bdi[contains(text() ,\"Save\")])[1]"}
RESULT: {"using":"xpath","value":"(//bdi[contains(text() ,\"Save\")])[1]"}
COMMAND: POST /session/4f73fbc7686585ab41e1ef1183ea1846/element/f.37EC1E53C27724E540A226988372354E.d.F58842D2DBD628C25671677995C56D56.e.13043/click - {}
RESULT: {}
COMMAND: GET /session/4f73fbc7686585ab41e1ef1183ea1846/screenshot - {}
RESULT: {}
COMMAND: POST /session/4f73fbc7686585ab41e1ef1183ea1846/execute/async - {"script":"<script> [1562 bytes]","args":[{"selector":{"controlType":"sap.m.Title","properties":{"text":"Success"},"searchOpenDialogs":true},"wdio_ui5_key":"sapm.Title{\"text\":\"Success\"}"}]}
RESULT: {"script":"<script> [1562 bytes]","args":[{"selector":{"controlType":"sap.m.Title","properties":{"text":"Success"},"searchOpenDialogs":true},"wdio_ui5_key":"sapm.Title{\"text\":\"Success\"}"}]}
RESULT: undefined
COMMAND: POST /session/4f73fbc7686585ab41e1ef1183ea1846/execute/async - {"script":"<script> [6424 bytes]","args":[{"element-6066-11e4-a52e-4f735466cecf":"f.37EC1E53C27724E540A226988372354E.d.F58842D2DBD628C25671677995C56D56.e.13046"},"getText",[]]}
RESULT: {"script":"<script> [6424 bytes]","args":[{"element-6066-11e4-a52e-4f735466cecf":"f.37EC1E53C27724E540A226988372354E.d.F58842D2DBD628C25671677995C56D56.e.13046"},"getText",[]]}
COMMAND: POST /session/4f73fbc7686585ab41e1ef1183ea1846/execute/async - {"script":"<script> [1562 bytes]","args":[{"selector":{"controlType":"sap.m.Button","properties":{"text":"Close"},"searchOpenDialogs":true,"interaction":{"idSuffix":"BDI-content"}},"wdio_ui5_key":"sapm.Button{\"text\":\"Close\"}"}]}
RESULT: {"script":"<script> [1562 bytes]","args":[{"selector":{"controlType":"sap.m.Button","properties":{"text":"Close"},"searchOpenDialogs":true,"interaction":{"idSuffix":"BDI-content"}},"wdio_ui5_key":"sapm.Button{\"text\":\"Close\"}"}]}
RESULT: undefined
COMMAND: POST /session/4f73fbc7686585ab41e1ef1183ea1846/element - {"using":"xpath","value":"//*[@id=\"__mbox-btn-0\"]"}
RESULT: {"using":"xpath","value":"//*[@id=\"__mbox-btn-0\"]"}
COMMAND: POST /session/4f73fbc7686585ab41e1ef1183ea1846/element/f.37EC1E53C27724E540A226988372354E.d.F58842D2DBD628C25671677995C56D56.e.13045/click - {}
RESULT: {}
COMMAND: GET /session/4f73fbc7686585ab41e1ef1183ea1846/screenshot - {}
RESULT: {}
COMMAND: POST /session/4f73fbc7686585ab41e1ef1183ea1846/execute/async - {"script":"<script> [1562 bytes]","args":[{"selector":{"controlType":"sap.m.Text","viewName":"etm.portal.ui.managerequests.view.Detail","bindingPath":{"propertyPath":"NO","modelName":"catalogModel"}},"wdio_ui5_key":"etmportal.ui.managerequests.view.Detailsap.m.Text{\"propertyPath\":\"NO\",\"modelName\":\"catalogModel\"}"}]}
RESULT: {"script":"<script> [1562 bytes]","args":[{"selector":{"controlType":"sap.m.Text","viewName":"etm.portal.ui.managerequests.view.Detail","bindingPath":{"propertyPath":"NO","modelName":"catalogModel"}},"wdio_ui5_key":"etmportal.ui.managerequests.view.Detailsap.m.Text{\"propertyPath\":\"NO\",\"modelName\":\"catalogModel\"}"}]}
RESULT: undefined
COMMAND: POST /session/4f73fbc7686585ab41e1ef1183ea1846/execute/async - {"script":"<script> [6424 bytes]","args":[{"element-6066-11e4-a52e-4f735466cecf":"f.37EC1E53C27724E540A226988372354E.d.F58842D2DBD628C25671677995C56D56.e.13173"},"getText",[]]}
RESULT: {"script":"<script> [6424 bytes]","args":[{"element-6066-11e4-a52e-4f735466cecf":"f.37EC1E53C27724E540A226988372354E.d.F58842D2DBD628C25671677995C56D56.e.13173"},"getText",[]]}
COMMAND: POST /session/4f73fbc7686585ab41e1ef1183ea1846/execute/async - {"script":"<script> [1562 bytes]","args":[{"selector":{"controlType":"sap.ui.core.Icon","viewName":"etm.portal.ui.managerequests.view.Detail","properties":{"src":{"regex":{"source":"date\\-time"}}},"ancestor":{"controlType":"sap.m.ColumnListItem","viewName":"etm.portal.ui.managerequests.view.Detail","bindingPath":{"path":"/SmartRequestItemsPlanningBoard(ITEM=10m,REQUEST='20379')"},"ancestor":{"id":"requestItemsTable","viewName":"etm.portal.ui.managerequests.view.Detail"}}},"wdio_ui5_key":"etmportal.ui.managerequests.view.Detailsap.ui.core.Icon{\"src\":{\"regex\":{\"source\":\"date\\\\-time\"}}}{\"controlType\":\"sap.m.ColumnListItem\",\"viewName\":\"etm.portal.ui.managerequests.view.Detail\",\"bindingPath\":{\"path\":\"/SmartRequestItemsPlanningBoard(ITEM=10m,REQUEST='20379')\"},\"ancestor\":{\"id\":\"requestItemsTable\",\"viewName\":\"etm.portal.ui.managerequests.view.Detail\"}}"}]}
RESULT: {"script":"<script> [1562 bytes]","args":[{"selector":{"controlType":"sap.ui.core.Icon","viewName":"etm.portal.ui.managerequests.view.Detail","properties":{"src":{"regex":{"source":"date\\-time"}}},"ancestor":{"controlType":"sap.m.ColumnListItem","viewName":"etm.portal.ui.managerequests.view.Detail","bindingPath":{"path":"/SmartRequestItemsPlanningBoard(ITEM=10m,REQUEST='20379')"},"ancestor":{"id":"requestItemsTable","viewName":"etm.portal.ui.managerequests.view.Detail"}}},"wdio_ui5_key":"etmportal.ui.managerequests.view.Detailsap.ui.core.Icon{\"src\":{\"regex\":{\"source\":\"date\\\\-time\"}}}{\"controlType\":\"sap.m.ColumnListItem\",\"viewName\":\"etm.portal.ui.managerequests.view.Detail\",\"bindingPath\":{\"path\":\"/SmartRequestItemsPlanningBoard(ITEM=10m,REQUEST='20379')\"},\"ancestor\":{\"id\":\"requestItemsTable\",\"viewName\":\"etm.portal.ui.managerequests.view.Detail\"}}"}]}
RESULT: undefined
COMMAND: POST /session/4f73fbc7686585ab41e1ef1183ea1846/element - {"using":"xpath","value":"//*[@id=\"__button39-__clone992-img\"]"}
RESULT: {"using":"xpath","value":"//*[@id=\"__button39-__clone992-img\"]"}
COMMAND: POST /session/4f73fbc7686585ab41e1ef1183ea1846/element/f.37EC1E53C27724E540A226988372354E.d.F58842D2DBD628C25671677995C56D56.e.13174/click - {}
RESULT: {}
COMMAND: POST /session/4f73fbc7686585ab41e1ef1183ea1846/execute/async - {"script":"<script> [1562 bytes]","args":[{"selector":{"controlType":"sap.m.Button","viewName":"etm.portal.ui.managerequests.view.Detail","properties":{"text":"Close"},"searchOpenDialogs":true,"interaction":{"idSuffix":"BDI-content"}},"wdio_ui5_key":"etmportal.ui.managerequests.view.Detailsap.m.Button{\"text\":\"Close\"}"}]}
COMMAND: GET /session/4f73fbc7686585ab41e1ef1183ea1846/screenshot - {}
RESULT: {"script":"<script> [1562 bytes]","args":[{"selector":{"controlType":"sap.m.Button","viewName":"etm.portal.ui.managerequests.view.Detail","properties":{"text":"Close"},"searchOpenDialogs":true,"interaction":{"idSuffix":"BDI-content"}},"wdio_ui5_key":"etmportal.ui.managerequests.view.Detailsap.m.Button{\"text\":\"Close\"}"}]}
RESULT: undefined
COMMAND: POST /session/4f73fbc7686585ab41e1ef1183ea1846/element - {"using":"xpath","value":"//*[@id=\"__button49\"]"}
RESULT: {}
RESULT: {"using":"xpath","value":"//*[@id=\"__button49\"]"}
COMMAND: POST /session/4f73fbc7686585ab41e1ef1183ea1846/element/f.37EC1E53C27724E540A226988372354E.d.F58842D2DBD628C25671677995C56D56.e.13177/click - {}
RESULT: {}
COMMAND: GET /session/4f73fbc7686585ab41e1ef1183ea1846/screenshot - {}
RESULT: {}
COMMAND: POST /session/4f73fbc7686585ab41e1ef1183ea1846/refresh - {}
RESULT: {}
COMMAND: GET /session/4f73fbc7686585ab41e1ef1183ea1846/screenshot - {}
RESULT: {}
COMMAND: POST /session/4f73fbc7686585ab41e1ef1183ea1846/execute/async - {"script":"<script> [189 bytes]","args":[]}
RESULT: {"script":"<script> [189 bytes]","args":[]}
COMMAND: POST /session/4f73fbc7686585ab41e1ef1183ea1846/execute/async - {"script":"<script> [123 bytes]","args":[]}
RESULT: {"script":"<script> [123 bytes]","args":[]}
COMMAND: POST /session/4f73fbc7686585ab41e1ef1183ea1846/timeouts - {"script":"<number>"}
RESULT: {"script":"<number>"}
COMMAND: GET /session/4f73fbc7686585ab41e1ef1183ea1846/timeouts - {}
RESULT: {}
RESULT: undefined
COMMAND: POST /session/4f73fbc7686585ab41e1ef1183ea1846/execute/async - {"script":"<script> [2676 bytes]","args":[]}
RESULT: {"script":"<script> [2676 bytes]","args":[]}
COMMAND: POST /session/4f73fbc7686585ab41e1ef1183ea1846/execute/async - {"script":"<script> [2342 bytes]","args":[{"protocol":"http","hostname":"0.0.0.0","path":"/","capabilities":{"browserName":"chrome","goog:chromeOptions":{"binary":"C:\\Program Files\\Google\\Chrome\\Application\\chrome.exe","args":["--start-maximized"]}},"logLevel":"warn","connectionRetryTimeout":120000,"connectionRetryCount":3,"logLevels":{},"enableDirectConnect":true,"strictSSL":true,"_":"65 more keys: [\"cacheDir\",\"port\",\"requestedCapabilities\",\"automationProtocol\",\"baseUrl\",\"waitforInterval\",\"waitforTimeout\",\"onReload\",\"beforeCommand\",\"afterCommand\",\"rootDir\",\"specs\",\"suites\",\"exclude\",\"groupLogsByTestSpec\",\"excludeDriverLogs\",\"bail\",\"framework\",\"reporters\",\"services\",\"maxInstances\",\"maxInstancesPerCapability\",\"injectGlobals\",\"filesToWatch\",\"execArgv\",\"runnerEnv\",\"runner\",\"shard\",\"specFileRetries\",\"specFileRetriesDelay\",\"specFileRetriesDeferred\",\"reporterSyncInterval\",\"reporterSyncTimeout\",\"cucumberFeaturesWithLineNumbers\",\"autoCompileOpts\",\"mochaOpts\",\"jasmineOpts\",\"cucumberOpts\",\"onPrepare\",\"onWorkerStart\",\"onWorkerEnd\",\"before\",\"beforeSession\",\"beforeSuite\",\"beforeHook\",\"beforeTest\",\"afterTest\",\"afterHook\",\"afterSuite\",\"afterSession\",\"after\",\"onComplete\",\"beforeAssertion\",\"afterAssertion\",\"beforeFeature\",\"beforeScenario\",\"beforeStep\",\"afterStep\",\"afterScenario\",\"afterFeature\",\"_\",\"suite\",\"$0\",\"ignoredWorkerServices\",\"wdi5\"]"}]}
RESULT: {"script":"<script> [2342 bytes]","args":[{"protocol":"http","hostname":"0.0.0.0","path":"/","capabilities":{"browserName":"chrome","goog:chromeOptions":{"binary":"C:\\Program Files\\Google\\Chrome\\Application\\chrome.exe","args":["--start-maximized"]}},"logLevel":"warn","connectionRetryTimeout":120000,"connectionRetryCount":3,"logLevels":{},"enableDirectConnect":true,"strictSSL":true,"_":"65 more keys: [\"cacheDir\",\"port\",\"requestedCapabilities\",\"automationProtocol\",\"baseUrl\",\"waitforInterval\",\"waitforTimeout\",\"onReload\",\"beforeCommand\",\"afterCommand\",\"rootDir\",\"specs\",\"suites\",\"exclude\",\"groupLogsByTestSpec\",\"excludeDriverLogs\",\"bail\",\"framework\",\"reporters\",\"services\",\"maxInstances\",\"maxInstancesPerCapability\",\"injectGlobals\",\"filesToWatch\",\"execArgv\",\"runnerEnv\",\"runner\",\"shard\",\"specFileRetries\",\"specFileRetriesDelay\",\"specFileRetriesDeferred\",\"reporterSyncInterval\",\"reporterSyncTimeout\",\"cucumberFeaturesWithLineNumbers\",\"autoCompileOpts\",\"mochaOpts\",\"jasmineOpts\",\"cucumberOpts\",\"onPrepare\",\"onWorkerStart\",\"onWorkerEnd\",\"before\",\"beforeSession\",\"beforeSuite\",\"beforeHook\",\"beforeTest\",\"afterTest\",\"afterHook\",\"afterSuite\",\"afterSession\",\"after\",\"onComplete\",\"beforeAssertion\",\"afterAssertion\",\"beforeFeature\",\"beforeScenario\",\"beforeStep\",\"afterStep\",\"afterScenario\",\"afterFeature\",\"_\",\"suite\",\"$0\",\"ignoredWorkerServices\",\"wdi5\"]"}]}
COMMAND: POST /session/4f73fbc7686585ab41e1ef1183ea1846/execute/async - {"script":"<script> [21126 bytes]","args":[35000]}
RESULT: {"script":"<script> [21126 bytes]","args":[35000]}
]]></system-out>
    </testcase>
    <testcase classname="chrome.135_0_7049_115.windows.Process_request_items_into_an_existing_quotation_US120163" name="Should process the request into an existing quotation" time="99.664">
      <system-out><![CDATA[
COMMAND: GET /session/4f73fbc7686585ab41e1ef1183ea1846/window - {}
RESULT: {}
COMMAND: POST /session/4f73fbc7686585ab41e1ef1183ea1846/element - {"using":"xpath","value":"//span[contains(@id ,\"detailHeaderTitle-_actionsToolbar-overflowButton-img\")]"}
RESULT: {"using":"xpath","value":"//span[contains(@id ,\"detailHeaderTitle-_actionsToolbar-overflowButton-img\")]"}
COMMAND: POST /session/4f73fbc7686585ab41e1ef1183ea1846/element/f.37EC1E53C27724E540A226988372354E.d.5532931012D9519C3C7E03EF5F33E677.e.13398/click - {}
RESULT: {}
COMMAND: GET /session/4f73fbc7686585ab41e1ef1183ea1846/screenshot - {}
RESULT: {}
COMMAND: POST /session/4f73fbc7686585ab41e1ef1183ea1846/element - {"using":"xpath","value":"//span[contains(@id ,\"actionsMenuButton-internalSplitBtn-arrowButton-img\")]"}
RESULT: {"using":"xpath","value":"//span[contains(@id ,\"actionsMenuButton-internalSplitBtn-arrowButton-img\")]"}
COMMAND: POST /session/4f73fbc7686585ab41e1ef1183ea1846/element/f.37EC1E53C27724E540A226988372354E.d.5532931012D9519C3C7E03EF5F33E677.e.13402/click - {}
RESULT: {}
COMMAND: GET /session/4f73fbc7686585ab41e1ef1183ea1846/screenshot - {}
RESULT: {}
COMMAND: POST /session/4f73fbc7686585ab41e1ef1183ea1846/actions - {"actions":[{"id":"action102","type":"key","parameters":{},"actions":[{"type":"keyDown","value":"î€•"},{"type":"pause","duration":10},{"type":"keyUp","value":"î€•"}]}]}
RESULT: {"actions":[{"id":"action102","type":"key","parameters":{},"actions":[{"type":"keyDown","value":"î€•"},{"type":"pause","duration":10},{"type":"keyUp","value":"î€•"}]}]}
COMMAND: GET /session/4f73fbc7686585ab41e1ef1183ea1846/screenshot - {}
RESULT: {}
COMMAND: POST /session/4f73fbc7686585ab41e1ef1183ea1846/actions - {"actions":[{"id":"action103","type":"key","parameters":{},"actions":[{"type":"keyDown","value":"î€‡"},{"type":"pause","duration":10},{"type":"keyUp","value":"î€‡"}]}]}
RESULT: {"actions":[{"id":"action103","type":"key","parameters":{},"actions":[{"type":"keyDown","value":"î€‡"},{"type":"pause","duration":10},{"type":"keyUp","value":"î€‡"}]}]}
COMMAND: GET /session/4f73fbc7686585ab41e1ef1183ea1846/screenshot - {}
RESULT: {}
COMMAND: POST /session/4f73fbc7686585ab41e1ef1183ea1846/actions - {"actions":[{"id":"action104","type":"key","parameters":{},"actions":[{"type":"keyDown","value":"î€•"},{"type":"pause","duration":10},{"type":"keyUp","value":"î€•"}]}]}
RESULT: {"actions":[{"id":"action104","type":"key","parameters":{},"actions":[{"type":"keyDown","value":"î€•"},{"type":"pause","duration":10},{"type":"keyUp","value":"î€•"}]}]}
COMMAND: GET /session/4f73fbc7686585ab41e1ef1183ea1846/screenshot - {}
RESULT: {}
COMMAND: POST /session/4f73fbc7686585ab41e1ef1183ea1846/actions - {"actions":[{"id":"action105","type":"key","parameters":{},"actions":[{"type":"keyDown","value":"î€‡"},{"type":"pause","duration":10},{"type":"keyUp","value":"î€‡"}]}]}
RESULT: {"actions":[{"id":"action105","type":"key","parameters":{},"actions":[{"type":"keyDown","value":"î€‡"},{"type":"pause","duration":10},{"type":"keyUp","value":"î€‡"}]}]}
COMMAND: GET /session/4f73fbc7686585ab41e1ef1183ea1846/screenshot - {}
RESULT: {}
COMMAND: POST /session/4f73fbc7686585ab41e1ef1183ea1846/element - {"using":"xpath","value":"//input[contains(@id ,\"quotationsSearchField-I\")]"}
RESULT: {"using":"xpath","value":"//input[contains(@id ,\"quotationsSearchField-I\")]"}
COMMAND: POST /session/4f73fbc7686585ab41e1ef1183ea1846/element/f.37EC1E53C27724E540A226988372354E.d.5532931012D9519C3C7E03EF5F33E677.e.13405/clear - {}
RESULT: {}
COMMAND: POST /session/4f73fbc7686585ab41e1ef1183ea1846/element/f.37EC1E53C27724E540A226988372354E.d.5532931012D9519C3C7E03EF5F33E677.e.13405/value - {"text":"WdIOQuotationlsihk"}
RESULT: {"text":"WdIOQuotationlsihk"}
COMMAND: GET /session/4f73fbc7686585ab41e1ef1183ea1846/screenshot - {}
COMMAND: GET /session/4f73fbc7686585ab41e1ef1183ea1846/screenshot - {}
RESULT: {}
RESULT: {}
COMMAND: POST /session/4f73fbc7686585ab41e1ef1183ea1846/actions - {"actions":[{"id":"action106","type":"key","parameters":{},"actions":[{"type":"keyDown","value":"î€‡"},{"type":"pause","duration":10},{"type":"keyUp","value":"î€‡"}]}]}
RESULT: {"actions":[{"id":"action106","type":"key","parameters":{},"actions":[{"type":"keyDown","value":"î€‡"},{"type":"pause","duration":10},{"type":"keyUp","value":"î€‡"}]}]}
COMMAND: GET /session/4f73fbc7686585ab41e1ef1183ea1846/screenshot - {}
RESULT: {}
COMMAND: POST /session/4f73fbc7686585ab41e1ef1183ea1846/element - {"using":"xpath","value":"//div[contains(@id ,\"selectSingle\")]"}
RESULT: {"using":"xpath","value":"//div[contains(@id ,\"selectSingle\")]"}
COMMAND: POST /session/4f73fbc7686585ab41e1ef1183ea1846/element/f.37EC1E53C27724E540A226988372354E.d.5532931012D9519C3C7E03EF5F33E677.e.13413/click - {}
RESULT: {}
COMMAND: GET /session/4f73fbc7686585ab41e1ef1183ea1846/screenshot - {}
RESULT: {}
COMMAND: POST /session/4f73fbc7686585ab41e1ef1183ea1846/element - {"using":"xpath","value":"//bdi[contains(text() ,\"Selection Done\")]"}
RESULT: {"using":"xpath","value":"//bdi[contains(text() ,\"Selection Done\")]"}
COMMAND: POST /session/4f73fbc7686585ab41e1ef1183ea1846/element/f.37EC1E53C27724E540A226988372354E.d.5532931012D9519C3C7E03EF5F33E677.e.13424/click - {}
RESULT: {}
COMMAND: GET /session/4f73fbc7686585ab41e1ef1183ea1846/screenshot - {}
RESULT: {}
COMMAND: POST /session/4f73fbc7686585ab41e1ef1183ea1846/actions - {"actions":[{"id":"action107","type":"key","parameters":{},"actions":[{"type":"keyDown","value":"î€‡"},{"type":"pause","duration":10},{"type":"keyUp","value":"î€‡"}]}]}
RESULT: {"actions":[{"id":"action107","type":"key","parameters":{},"actions":[{"type":"keyDown","value":"î€‡"},{"type":"pause","duration":10},{"type":"keyUp","value":"î€‡"}]}]}
COMMAND: GET /session/4f73fbc7686585ab41e1ef1183ea1846/screenshot - {}
RESULT: {}
COMMAND: POST /session/4f73fbc7686585ab41e1ef1183ea1846/actions - {"actions":[{"id":"action108","type":"key","parameters":{},"actions":[{"type":"keyDown","value":"î€‡"},{"type":"pause","duration":10},{"type":"keyUp","value":"î€‡"}]}]}
RESULT: {"actions":[{"id":"action108","type":"key","parameters":{},"actions":[{"type":"keyDown","value":"î€‡"},{"type":"pause","duration":10},{"type":"keyUp","value":"î€‡"}]}]}
COMMAND: GET /session/4f73fbc7686585ab41e1ef1183ea1846/screenshot - {}
RESULT: {}
COMMAND: GET /session/4f73fbc7686585ab41e1ef1183ea1846/window/handles - {}
RESULT: {}
COMMAND: GET /session/4f73fbc7686585ab41e1ef1183ea1846/window/handles - {}
RESULT: {}
COMMAND: POST /session/4f73fbc7686585ab41e1ef1183ea1846/window - {"handle":"F9BB25C7313AE34FD8CB6733B7F75115"}
RESULT: {"handle":"F9BB25C7313AE34FD8CB6733B7F75115"}
COMMAND: GET /session/4f73fbc7686585ab41e1ef1183ea1846/url - {}
RESULT: {}
COMMAND: GET /session/4f73fbc7686585ab41e1ef1183ea1846/screenshot - {}
RESULT: {}
COMMAND: POST /session/4f73fbc7686585ab41e1ef1183ea1846/element - {"using":"xpath","value":"//span[contains(text(), \"Header Billing Items\")]"}
RESULT: {"using":"xpath","value":"//span[contains(text(), \"Header Billing Items\")]"}
COMMAND: POST /session/4f73fbc7686585ab41e1ef1183ea1846/elements - {"using":"xpath","value":"//span[contains(text(), \"Header Billing Items\")]"}
RESULT: {"using":"xpath","value":"//span[contains(text(), \"Header Billing Items\")]"}
COMMAND: POST /session/4f73fbc7686585ab41e1ef1183ea1846/elements - {"using":"xpath","value":"//span[contains(text(), \"Header Billing Items\")]"}
RESULT: {"using":"xpath","value":"//span[contains(text(), \"Header Billing Items\")]"}
COMMAND: POST /session/4f73fbc7686585ab41e1ef1183ea1846/element - {"using":"xpath","value":"//span[contains(text(), \"Header Billing Items\")]"}
RESULT: {"using":"xpath","value":"//span[contains(text(), \"Header Billing Items\")]"}
COMMAND: POST /session/4f73fbc7686585ab41e1ef1183ea1846/element/f.F9BB25C7313AE34FD8CB6733B7F75115.d.05D401E73247EA5F9D832008385F981B.e.13538/click - {}
RESULT: {}
COMMAND: GET /session/4f73fbc7686585ab41e1ef1183ea1846/screenshot - {}
COMMAND: POST /session/4f73fbc7686585ab41e1ef1183ea1846/element - {"using":"xpath","value":"//span[contains(@id ,\"contractItemsSmartTable-header-inner\")]"}
RESULT: {}
RESULT: {"using":"xpath","value":"//span[contains(@id ,\"contractItemsSmartTable-header-inner\")]"}
COMMAND: GET /session/4f73fbc7686585ab41e1ef1183ea1846/element/f.F9BB25C7313AE34FD8CB6733B7F75115.d.05D401E73247EA5F9D832008385F981B.e.13602/text - {}
COMMAND: POST /session/4f73fbc7686585ab41e1ef1183ea1846/element - {"using":"xpath","value":"//span[contains(@id ,\"contractItemsSmartTable-header-inner\")]"}
RESULT: {"using":"xpath","value":"//span[contains(@id ,\"contractItemsSmartTable-header-inner\")]"}
COMMAND: GET /session/4f73fbc7686585ab41e1ef1183ea1846/element/f.F9BB25C7313AE34FD8CB6733B7F75115.d.05D401E73247EA5F9D832008385F981B.e.13602/text - {}
COMMAND: POST /session/4f73fbc7686585ab41e1ef1183ea1846/element - {"using":"xpath","value":"//span[contains(@id ,\"contractItemsSmartTable-header-inner\")]"}
RESULT: {"using":"xpath","value":"//span[contains(@id ,\"contractItemsSmartTable-header-inner\")]"}
COMMAND: GET /session/4f73fbc7686585ab41e1ef1183ea1846/element/f.F9BB25C7313AE34FD8CB6733B7F75115.d.05D401E73247EA5F9D832008385F981B.e.13618/text - {}
RESULT: {}
COMMAND: POST /session/4f73fbc7686585ab41e1ef1183ea1846/element - {"using":"xpath","value":"//span[@class=\"sapMObjStatusText\"][contains(text(), \"proposed\")]"}
RESULT: {"using":"xpath","value":"//span[@class=\"sapMObjStatusText\"][contains(text(), \"proposed\")]"}
COMMAND: GET /session/4f73fbc7686585ab41e1ef1183ea1846/element/f.F9BB25C7313AE34FD8CB6733B7F75115.d.05D401E73247EA5F9D832008385F981B.e.13619/text - {}
RESULT: {}
COMMAND: DELETE /session/4f73fbc7686585ab41e1ef1183ea1846/window - {}
RESULT: {}
COMMAND: POST /session/4f73fbc7686585ab41e1ef1183ea1846/window - {"handle":"37EC1E53C27724E540A226988372354E"}
RESULT: {"handle":"37EC1E53C27724E540A226988372354E"}
COMMAND: GET /session/4f73fbc7686585ab41e1ef1183ea1846/url - {}
RESULT: {}
COMMAND: GET /session/4f73fbc7686585ab41e1ef1183ea1846/screenshot - {}
RESULT: {}
]]></system-out>
    </testcase>
    <testcase classname="chrome.135_0_7049_115.windows.Process_request_items_into_an_existing_quotation_US120163" name="Should navigate back to the request and check the request and item statuses" time="43.645">
      <system-out><![CDATA[
COMMAND: POST /session/4f73fbc7686585ab41e1ef1183ea1846/refresh - {}
RESULT: {}
COMMAND: GET /session/4f73fbc7686585ab41e1ef1183ea1846/screenshot - {}
RESULT: {}
COMMAND: POST /session/4f73fbc7686585ab41e1ef1183ea1846/execute/async - {"script":"<script> [189 bytes]","args":[]}
RESULT: {"script":"<script> [189 bytes]","args":[]}
COMMAND: POST /session/4f73fbc7686585ab41e1ef1183ea1846/execute/async - {"script":"<script> [123 bytes]","args":[]}
RESULT: {"script":"<script> [123 bytes]","args":[]}
COMMAND: POST /session/4f73fbc7686585ab41e1ef1183ea1846/timeouts - {"script":"<number>"}
RESULT: {"script":"<number>"}
COMMAND: GET /session/4f73fbc7686585ab41e1ef1183ea1846/timeouts - {}
RESULT: {}
RESULT: undefined
COMMAND: POST /session/4f73fbc7686585ab41e1ef1183ea1846/execute/async - {"script":"<script> [2676 bytes]","args":[]}
RESULT: {"script":"<script> [2676 bytes]","args":[]}
COMMAND: POST /session/4f73fbc7686585ab41e1ef1183ea1846/execute/async - {"script":"<script> [2342 bytes]","args":[{"protocol":"http","hostname":"0.0.0.0","path":"/","capabilities":{"browserName":"chrome","goog:chromeOptions":{"binary":"C:\\Program Files\\Google\\Chrome\\Application\\chrome.exe","args":["--start-maximized"]}},"logLevel":"warn","connectionRetryTimeout":120000,"connectionRetryCount":3,"logLevels":{},"enableDirectConnect":true,"strictSSL":true,"_":"65 more keys: [\"cacheDir\",\"port\",\"requestedCapabilities\",\"automationProtocol\",\"baseUrl\",\"waitforInterval\",\"waitforTimeout\",\"onReload\",\"beforeCommand\",\"afterCommand\",\"rootDir\",\"specs\",\"suites\",\"exclude\",\"groupLogsByTestSpec\",\"excludeDriverLogs\",\"bail\",\"framework\",\"reporters\",\"services\",\"maxInstances\",\"maxInstancesPerCapability\",\"injectGlobals\",\"filesToWatch\",\"execArgv\",\"runnerEnv\",\"runner\",\"shard\",\"specFileRetries\",\"specFileRetriesDelay\",\"specFileRetriesDeferred\",\"reporterSyncInterval\",\"reporterSyncTimeout\",\"cucumberFeaturesWithLineNumbers\",\"autoCompileOpts\",\"mochaOpts\",\"jasmineOpts\",\"cucumberOpts\",\"onPrepare\",\"onWorkerStart\",\"onWorkerEnd\",\"before\",\"beforeSession\",\"beforeSuite\",\"beforeHook\",\"beforeTest\",\"afterTest\",\"afterHook\",\"afterSuite\",\"afterSession\",\"after\",\"onComplete\",\"beforeAssertion\",\"afterAssertion\",\"beforeFeature\",\"beforeScenario\",\"beforeStep\",\"afterStep\",\"afterScenario\",\"afterFeature\",\"_\",\"suite\",\"$0\",\"ignoredWorkerServices\",\"wdi5\"]"}]}
RESULT: {"script":"<script> [2342 bytes]","args":[{"protocol":"http","hostname":"0.0.0.0","path":"/","capabilities":{"browserName":"chrome","goog:chromeOptions":{"binary":"C:\\Program Files\\Google\\Chrome\\Application\\chrome.exe","args":["--start-maximized"]}},"logLevel":"warn","connectionRetryTimeout":120000,"connectionRetryCount":3,"logLevels":{},"enableDirectConnect":true,"strictSSL":true,"_":"65 more keys: [\"cacheDir\",\"port\",\"requestedCapabilities\",\"automationProtocol\",\"baseUrl\",\"waitforInterval\",\"waitforTimeout\",\"onReload\",\"beforeCommand\",\"afterCommand\",\"rootDir\",\"specs\",\"suites\",\"exclude\",\"groupLogsByTestSpec\",\"excludeDriverLogs\",\"bail\",\"framework\",\"reporters\",\"services\",\"maxInstances\",\"maxInstancesPerCapability\",\"injectGlobals\",\"filesToWatch\",\"execArgv\",\"runnerEnv\",\"runner\",\"shard\",\"specFileRetries\",\"specFileRetriesDelay\",\"specFileRetriesDeferred\",\"reporterSyncInterval\",\"reporterSyncTimeout\",\"cucumberFeaturesWithLineNumbers\",\"autoCompileOpts\",\"mochaOpts\",\"jasmineOpts\",\"cucumberOpts\",\"onPrepare\",\"onWorkerStart\",\"onWorkerEnd\",\"before\",\"beforeSession\",\"beforeSuite\",\"beforeHook\",\"beforeTest\",\"afterTest\",\"afterHook\",\"afterSuite\",\"afterSession\",\"after\",\"onComplete\",\"beforeAssertion\",\"afterAssertion\",\"beforeFeature\",\"beforeScenario\",\"beforeStep\",\"afterStep\",\"afterScenario\",\"afterFeature\",\"_\",\"suite\",\"$0\",\"ignoredWorkerServices\",\"wdi5\"]"}]}
COMMAND: POST /session/4f73fbc7686585ab41e1ef1183ea1846/execute/async - {"script":"<script> [21126 bytes]","args":[35000]}
RESULT: {"script":"<script> [21126 bytes]","args":[35000]}
COMMAND: POST /session/4f73fbc7686585ab41e1ef1183ea1846/execute/async - {"script":"<script> [1562 bytes]","args":[{"selector":{"controlType":"sap.m.Text","viewName":"etm.portal.ui.managerequests.view.Detail","bindingPath":{"path":"/SmartRequestItemsPlanningBoard(ITEM=10m,REQUEST='20379')","propertyPath":"STATUS_DESC"}},"wdio_ui5_key":"etmportal.ui.managerequests.view.Detailsap.m.Text{\"path\":\"/SmartRequestItemsPlanningBoard(ITEM=10m,REQUEST='20379')\",\"propertyPath\":\"STATUS_DESC\"}"}]}
RESULT: {"script":"<script> [1562 bytes]","args":[{"selector":{"controlType":"sap.m.Text","viewName":"etm.portal.ui.managerequests.view.Detail","bindingPath":{"path":"/SmartRequestItemsPlanningBoard(ITEM=10m,REQUEST='20379')","propertyPath":"STATUS_DESC"}},"wdio_ui5_key":"etmportal.ui.managerequests.view.Detailsap.m.Text{\"path\":\"/SmartRequestItemsPlanningBoard(ITEM=10m,REQUEST='20379')\",\"propertyPath\":\"STATUS_DESC\"}"}]}
RESULT: undefined
COMMAND: POST /session/4f73fbc7686585ab41e1ef1183ea1846/execute/async - {"script":"<script> [6424 bytes]","args":[{"element-6066-11e4-a52e-4f735466cecf":"f.37EC1E53C27724E540A226988372354E.d.CD76B5EA58BC74A3380A7F415B165CA5.e.13827"},"getText",[]]}
RESULT: {"script":"<script> [6424 bytes]","args":[{"element-6066-11e4-a52e-4f735466cecf":"f.37EC1E53C27724E540A226988372354E.d.CD76B5EA58BC74A3380A7F415B165CA5.e.13827"},"getText",[]]}
COMMAND: POST /session/4f73fbc7686585ab41e1ef1183ea1846/execute/async - {"script":"<script> [1562 bytes]","args":[{"selector":{"controlType":"sap.m.ObjectStatus","viewName":"etm.portal.ui.managerequests.view.Detail","bindingPath":{"path":"/RequestHeaders('20379')","propertyPath":"LINK_TO_STATUS/DESCRIPTION","modelName":"catalogModel"}},"wdio_ui5_key":"etmportal.ui.managerequests.view.Detailsap.m.ObjectStatus{\"path\":\"/RequestHeaders('20379')\",\"propertyPath\":\"LINK_TO_STATUS/DESCRIPTION\",\"modelName\":\"catalogModel\"}"}]}
RESULT: {"script":"<script> [1562 bytes]","args":[{"selector":{"controlType":"sap.m.ObjectStatus","viewName":"etm.portal.ui.managerequests.view.Detail","bindingPath":{"path":"/RequestHeaders('20379')","propertyPath":"LINK_TO_STATUS/DESCRIPTION","modelName":"catalogModel"}},"wdio_ui5_key":"etmportal.ui.managerequests.view.Detailsap.m.ObjectStatus{\"path\":\"/RequestHeaders('20379')\",\"propertyPath\":\"LINK_TO_STATUS/DESCRIPTION\",\"modelName\":\"catalogModel\"}"}]}
RESULT: undefined
COMMAND: POST /session/4f73fbc7686585ab41e1ef1183ea1846/execute/async - {"script":"<script> [6424 bytes]","args":[{"element-6066-11e4-a52e-4f735466cecf":"f.37EC1E53C27724E540A226988372354E.d.CD76B5EA58BC74A3380A7F415B165CA5.e.13828"},"getText",[]]}
RESULT: {"script":"<script> [6424 bytes]","args":[{"element-6066-11e4-a52e-4f735466cecf":"f.37EC1E53C27724E540A226988372354E.d.CD76B5EA58BC74A3380A7F415B165CA5.e.13828"},"getText",[]]}
COMMAND: DELETE /session/4f73fbc7686585ab41e1ef1183ea1846 - {}
RESULT: {}
]]></system-out>
    </testcase>
  </testsuite>
</testsuites>