<?xml version="1.0" encoding="UTF-8"?>
<testsuites tests="6" failures="0" errors="0" skipped="0">
  <testsuite timestamp="2025-05-31T16:33:16" time="504.063" tests="5" failures="0" errors="0" skipped="0">
    <properties>
      <property name="specId" value="0"/>
      <property name="suiteName" value="Bill of Resources tests for bundle creation &amp; replenishment US131067 US131070"/>
      <property name="capabilities" value="chrome.136_0_7103_93.windows"/>
      <property name="file" value="file:///D:/a/1/s/test/specs/HTR/create-bundle-replenishment.spec.js"/>
    </properties>
    <testcase classname="chrome.136_0_7103_93.windows.Bill_of_Resources_tests_for_bundle_creation_&amp;_replenishment_US131067_US131070" name="Prereq Should create a new yard used for all following tests in the module" time="130.447">
      <system-out><![CDATA[
COMMAND: POST /session/33feadf69fce3727760203f60382e7b4/window/fullscreen - {}
RESULT: {}
COMMAND: POST /session/33feadf69fce3727760203f60382e7b4/execute/async - {"script":"<script> [1562 bytes]","args":[{"selector":{"controlType":"sap.m.GenericTile","properties":{"header":"Manage Yards"}},"wdio_ui5_key":"sapm.GenericTile{\"header\":\"Manage Yards\"}"}]}
RESULT: {"script":"<script> [1562 bytes]","args":[{"selector":{"controlType":"sap.m.GenericTile","properties":{"header":"Manage Yards"}},"wdio_ui5_key":"sapm.GenericTile{\"header\":\"Manage Yards\"}"}]}
RESULT: undefined
COMMAND: POST /session/33feadf69fce3727760203f60382e7b4/element - {"using":"xpath","value":"//*[@id=\"__tile41\"]"}
RESULT: {"using":"xpath","value":"//*[@id=\"__tile41\"]"}
COMMAND: POST /session/33feadf69fce3727760203f60382e7b4/element/f.0F6343E821C8BA4EFA8EC9AC22083D68.d.6DF05AA4315B681502F293DF12C2C601.e.130/click - {}
RESULT: {}
COMMAND: GET /session/33feadf69fce3727760203f60382e7b4/screenshot - {}
RESULT: {}
COMMAND: POST /session/33feadf69fce3727760203f60382e7b4/elements - {"using":"xpath","value":"//span[text()='Error']"}
RESULT: {"using":"xpath","value":"//span[text()='Error']"}
COMMAND: POST /session/33feadf69fce3727760203f60382e7b4/element - {"using":"xpath","value":"//button[@data-kt=\"addNewYardOverflowToolbarButton\"]"}
RESULT: {"using":"xpath","value":"//button[@data-kt=\"addNewYardOverflowToolbarButton\"]"}
COMMAND: POST /session/33feadf69fce3727760203f60382e7b4/elements - {"using":"xpath","value":"//button[@data-kt=\"addNewYardOverflowToolbarButton\"]"}
RESULT: {"using":"xpath","value":"//button[@data-kt=\"addNewYardOverflowToolbarButton\"]"}
COMMAND: POST /session/33feadf69fce3727760203f60382e7b4/elements - {"using":"xpath","value":"//button[@data-kt=\"addNewYardOverflowToolbarButton\"]"}
RESULT: {"using":"xpath","value":"//button[@data-kt=\"addNewYardOverflowToolbarButton\"]"}
COMMAND: POST /session/33feadf69fce3727760203f60382e7b4/element - {"using":"xpath","value":"//button[@data-kt=\"addNewYardOverflowToolbarButton\"]"}
RESULT: {"using":"xpath","value":"//button[@data-kt=\"addNewYardOverflowToolbarButton\"]"}
COMMAND: POST /session/33feadf69fce3727760203f60382e7b4/execute/sync - {"script":"<script> [8489 bytes]","args":[{"element-6066-11e4-a52e-4f735466cecf":"f.0F6343E821C8BA4EFA8EC9AC22083D68.d.6DF05AA4315B681502F293DF12C2C601.e.265","ELEMENT":"f.0F6343E821C8BA4EFA8EC9AC22083D68.d.6DF05AA4315B681502F293DF12C2C601.e.265"}]}
RESULT: {"script":"<script> [8489 bytes]","args":[{"element-6066-11e4-a52e-4f735466cecf":"f.0F6343E821C8BA4EFA8EC9AC22083D68.d.6DF05AA4315B681502F293DF12C2C601.e.265","ELEMENT":"f.0F6343E821C8BA4EFA8EC9AC22083D68.d.6DF05AA4315B681502F293DF12C2C601.e.265"}]}
COMMAND: GET /session/33feadf69fce3727760203f60382e7b4/element/f.0F6343E821C8BA4EFA8EC9AC22083D68.d.6DF05AA4315B681502F293DF12C2C601.e.265/enabled - {}
COMMAND: GET /session/33feadf69fce3727760203f60382e7b4/screenshot - {}
RESULT: {}
COMMAND: POST /session/33feadf69fce3727760203f60382e7b4/execute/sync - {"script":"<script> [8489 bytes]","args":[{"element-6066-11e4-a52e-4f735466cecf":"f.0F6343E821C8BA4EFA8EC9AC22083D68.d.6DF05AA4315B681502F293DF12C2C601.e.265","ELEMENT":"f.0F6343E821C8BA4EFA8EC9AC22083D68.d.6DF05AA4315B681502F293DF12C2C601.e.265"}]}
COMMAND: GET /session/33feadf69fce3727760203f60382e7b4/screenshot - {}
RESULT: {}
RESULT: {"script":"<script> [8489 bytes]","args":[{"element-6066-11e4-a52e-4f735466cecf":"f.0F6343E821C8BA4EFA8EC9AC22083D68.d.6DF05AA4315B681502F293DF12C2C601.e.265","ELEMENT":"f.0F6343E821C8BA4EFA8EC9AC22083D68.d.6DF05AA4315B681502F293DF12C2C601.e.265"}]}
COMMAND: POST /session/33feadf69fce3727760203f60382e7b4/execute/sync - {"script":"<script> [5351 bytes]","args":[{"element-6066-11e4-a52e-4f735466cecf":"f.0F6343E821C8BA4EFA8EC9AC22083D68.d.6DF05AA4315B681502F293DF12C2C601.e.265","ELEMENT":"f.0F6343E821C8BA4EFA8EC9AC22083D68.d.6DF05AA4315B681502F293DF12C2C601.e.265"}]}
COMMAND: GET /session/33feadf69fce3727760203f60382e7b4/screenshot - {}
RESULT: {}
RESULT: {"script":"<script> [5351 bytes]","args":[{"element-6066-11e4-a52e-4f735466cecf":"f.0F6343E821C8BA4EFA8EC9AC22083D68.d.6DF05AA4315B681502F293DF12C2C601.e.265","ELEMENT":"f.0F6343E821C8BA4EFA8EC9AC22083D68.d.6DF05AA4315B681502F293DF12C2C601.e.265"}]}
COMMAND: POST /session/33feadf69fce3727760203f60382e7b4/element/f.0F6343E821C8BA4EFA8EC9AC22083D68.d.6DF05AA4315B681502F293DF12C2C601.e.265/click - {}
COMMAND: GET /session/33feadf69fce3727760203f60382e7b4/screenshot - {}
RESULT: {}
RESULT: {}
COMMAND: GET /session/33feadf69fce3727760203f60382e7b4/screenshot - {}
RESULT: {}
RESULT: {}
COMMAND: POST /session/33feadf69fce3727760203f60382e7b4/element - {"using":"xpath","value":"//input[@id=\"application-manageyards-display-component---NewYard--yardId-inner\"]"}
RESULT: {"using":"xpath","value":"//input[@id=\"application-manageyards-display-component---NewYard--yardId-inner\"]"}
COMMAND: POST /session/33feadf69fce3727760203f60382e7b4/element - {"using":"xpath","value":"//input[@id=\"application-manageyards-display-component---NewYard--yardId-inner\"]"}
RESULT: {"using":"xpath","value":"//input[@id=\"application-manageyards-display-component---NewYard--yardId-inner\"]"}
COMMAND: POST /session/33feadf69fce3727760203f60382e7b4/execute/async - {"script":"<script> [1562 bytes]","args":[{"selector":{"id":"application-manageyards-display-component---NewYard--addressDetailDetailsName1","interaction":{"idSuffix":"inner"}},"wdio_ui5_key":"applicationmanageyards-display-component---NewYard--addressDetailDetailsName1"}]}
RESULT: {"script":"<script> [1562 bytes]","args":[{"selector":{"id":"application-manageyards-display-component---NewYard--addressDetailDetailsName1","interaction":{"idSuffix":"inner"}},"wdio_ui5_key":"applicationmanageyards-display-component---NewYard--addressDetailDetailsName1"}]}
RESULT: undefined
COMMAND: POST /session/33feadf69fce3727760203f60382e7b4/execute/async - {"script":"<script> [776 bytes]","args":[{"enterText":"Other Yard WDIO","selector":{"id":"application-manageyards-display-component---NewYard--addressDetailDetailsName1","interaction":{"idSuffix":"inner"}},"clearTextFirst":true,"interactionType":"ENTER_TEXT"}]}
RESULT: {"script":"<script> [776 bytes]","args":[{"enterText":"Other Yard WDIO","selector":{"id":"application-manageyards-display-component---NewYard--addressDetailDetailsName1","interaction":{"idSuffix":"inner"}},"clearTextFirst":true,"interactionType":"ENTER_TEXT"}]}
COMMAND: POST /session/33feadf69fce3727760203f60382e7b4/execute/async - {"script":"<script> [1562 bytes]","args":[{"selector":{"id":"application-manageyards-display-component---NewYard--addressDetailDetailsLanguage-arrow"},"wdio_ui5_key":"applicationmanageyards-display-component---NewYard--addressDetailDetailsLanguage-arrow"}]}
RESULT: {"script":"<script> [1562 bytes]","args":[{"selector":{"id":"application-manageyards-display-component---NewYard--addressDetailDetailsLanguage-arrow"},"wdio_ui5_key":"applicationmanageyards-display-component---NewYard--addressDetailDetailsLanguage-arrow"}]}
RESULT: undefined
COMMAND: POST /session/33feadf69fce3727760203f60382e7b4/element - {"using":"xpath","value":"//*[@id=\"application-manageyards-display-component---NewYard--addressDetailDetailsLanguage-arrow\"]"}
RESULT: {"using":"xpath","value":"//*[@id=\"application-manageyards-display-component---NewYard--addressDetailDetailsLanguage-arrow\"]"}
COMMAND: POST /session/33feadf69fce3727760203f60382e7b4/element/f.0F6343E821C8BA4EFA8EC9AC22083D68.d.6DF05AA4315B681502F293DF12C2C601.e.704/click - {}
RESULT: {}
COMMAND: POST /session/33feadf69fce3727760203f60382e7b4/element - {"using":"xpath","value":"//span[contains(text(), \"English\")]"}
COMMAND: GET /session/33feadf69fce3727760203f60382e7b4/screenshot - {}
RESULT: {"using":"xpath","value":"//span[contains(text(), \"English\")]"}
COMMAND: POST /session/33feadf69fce3727760203f60382e7b4/element/f.0F6343E821C8BA4EFA8EC9AC22083D68.d.6DF05AA4315B681502F293DF12C2C601.e.705/click - {}
RESULT: {}
RESULT: {}
COMMAND: POST /session/33feadf69fce3727760203f60382e7b4/execute/async - {"script":"<script> [1562 bytes]","args":[{"selector":{"id":"application-manageyards-display-component---NewYard--addressDetailDetailsCity1","interaction":{"idSuffix":"inner"}},"wdio_ui5_key":"applicationmanageyards-display-component---NewYard--addressDetailDetailsCity1"}]}
COMMAND: GET /session/33feadf69fce3727760203f60382e7b4/screenshot - {}
RESULT: {"script":"<script> [1562 bytes]","args":[{"selector":{"id":"application-manageyards-display-component---NewYard--addressDetailDetailsCity1","interaction":{"idSuffix":"inner"}},"wdio_ui5_key":"applicationmanageyards-display-component---NewYard--addressDetailDetailsCity1"}]}
RESULT: undefined
COMMAND: POST /session/33feadf69fce3727760203f60382e7b4/execute/async - {"script":"<script> [776 bytes]","args":[{"enterText":"Rosario","selector":{"id":"application-manageyards-display-component---NewYard--addressDetailDetailsCity1","interaction":{"idSuffix":"inner"}},"clearTextFirst":true,"interactionType":"ENTER_TEXT"}]}
RESULT: {}
RESULT: {"script":"<script> [776 bytes]","args":[{"enterText":"Rosario","selector":{"id":"application-manageyards-display-component---NewYard--addressDetailDetailsCity1","interaction":{"idSuffix":"inner"}},"clearTextFirst":true,"interactionType":"ENTER_TEXT"}]}
COMMAND: POST /session/33feadf69fce3727760203f60382e7b4/execute/async - {"script":"<script> [1562 bytes]","args":[{"selector":{"id":"application-manageyards-display-component---NewYard--addressDetailDetailsCountry-arrow"},"wdio_ui5_key":"applicationmanageyards-display-component---NewYard--addressDetailDetailsCountry-arrow"}]}
RESULT: {"script":"<script> [1562 bytes]","args":[{"selector":{"id":"application-manageyards-display-component---NewYard--addressDetailDetailsCountry-arrow"},"wdio_ui5_key":"applicationmanageyards-display-component---NewYard--addressDetailDetailsCountry-arrow"}]}
RESULT: undefined
COMMAND: POST /session/33feadf69fce3727760203f60382e7b4/element - {"using":"xpath","value":"//*[@id=\"application-manageyards-display-component---NewYard--addressDetailDetailsCountry-arrow\"]"}
RESULT: {"using":"xpath","value":"//*[@id=\"application-manageyards-display-component---NewYard--addressDetailDetailsCountry-arrow\"]"}
COMMAND: POST /session/33feadf69fce3727760203f60382e7b4/element/f.0F6343E821C8BA4EFA8EC9AC22083D68.d.6DF05AA4315B681502F293DF12C2C601.e.707/click - {}
RESULT: {}
COMMAND: POST /session/33feadf69fce3727760203f60382e7b4/element - {"using":"xpath","value":"//span[contains(text(), \"Argentina\")]"}
COMMAND: GET /session/33feadf69fce3727760203f60382e7b4/screenshot - {}
RESULT: {"using":"xpath","value":"//span[contains(text(), \"Argentina\")]"}
COMMAND: POST /session/33feadf69fce3727760203f60382e7b4/element/f.0F6343E821C8BA4EFA8EC9AC22083D68.d.6DF05AA4315B681502F293DF12C2C601.e.709/click - {}
RESULT: {}
RESULT: {}
COMMAND: POST /session/33feadf69fce3727760203f60382e7b4/execute/async - {"script":"<script> [1562 bytes]","args":[{"selector":{"id":"application-manageyards-display-component---NewYard--addressEditDetailsCostObjectCstType-arrow"},"wdio_ui5_key":"applicationmanageyards-display-component---NewYard--addressEditDetailsCostObjectCstType-arrow"}]}
COMMAND: GET /session/33feadf69fce3727760203f60382e7b4/screenshot - {}
RESULT: {"script":"<script> [1562 bytes]","args":[{"selector":{"id":"application-manageyards-display-component---NewYard--addressEditDetailsCostObjectCstType-arrow"},"wdio_ui5_key":"applicationmanageyards-display-component---NewYard--addressEditDetailsCostObjectCstType-arrow"}]}
RESULT: undefined
COMMAND: POST /session/33feadf69fce3727760203f60382e7b4/element - {"using":"xpath","value":"//*[@id=\"application-manageyards-display-component---NewYard--addressEditDetailsCostObjectCstType-arrow\"]"}
RESULT: {}
RESULT: {"using":"xpath","value":"//*[@id=\"application-manageyards-display-component---NewYard--addressEditDetailsCostObjectCstType-arrow\"]"}
COMMAND: POST /session/33feadf69fce3727760203f60382e7b4/element/f.0F6343E821C8BA4EFA8EC9AC22083D68.d.6DF05AA4315B681502F293DF12C2C601.e.710/click - {}
RESULT: {}
COMMAND: POST /session/33feadf69fce3727760203f60382e7b4/element - {"using":"xpath","value":"//span[contains(text(), \"Cost Center\")]"}
COMMAND: GET /session/33feadf69fce3727760203f60382e7b4/screenshot - {}
RESULT: {"using":"xpath","value":"//span[contains(text(), \"Cost Center\")]"}
COMMAND: POST /session/33feadf69fce3727760203f60382e7b4/element/f.0F6343E821C8BA4EFA8EC9AC22083D68.d.6DF05AA4315B681502F293DF12C2C601.e.711/click - {}
RESULT: {}
RESULT: {}
COMMAND: GET /session/33feadf69fce3727760203f60382e7b4/screenshot - {}
RESULT: {}
COMMAND: POST /session/33feadf69fce3727760203f60382e7b4/element - {"using":"xpath","value":"//span[@id=\"application-manageyards-display-component---NewYard--addressNewCostObjectCstID-vhi\"]"}
RESULT: {"using":"xpath","value":"//span[@id=\"application-manageyards-display-component---NewYard--addressNewCostObjectCstID-vhi\"]"}
COMMAND: POST /session/33feadf69fce3727760203f60382e7b4/execute/sync - {"script":"<script> [8489 bytes]","args":[{"element-6066-11e4-a52e-4f735466cecf":"f.0F6343E821C8BA4EFA8EC9AC22083D68.d.6DF05AA4315B681502F293DF12C2C601.e.715","ELEMENT":"f.0F6343E821C8BA4EFA8EC9AC22083D68.d.6DF05AA4315B681502F293DF12C2C601.e.715"}]}
RESULT: {"script":"<script> [8489 bytes]","args":[{"element-6066-11e4-a52e-4f735466cecf":"f.0F6343E821C8BA4EFA8EC9AC22083D68.d.6DF05AA4315B681502F293DF12C2C601.e.715","ELEMENT":"f.0F6343E821C8BA4EFA8EC9AC22083D68.d.6DF05AA4315B681502F293DF12C2C601.e.715"}]}
COMMAND: POST /session/33feadf69fce3727760203f60382e7b4/execute/async - {"script":"<script> [1562 bytes]","args":[{"selector":{"id":"application-manageyards-display-component---NewYard--addressNewCostObjectCstID-vhi"},"wdio_ui5_key":"applicationmanageyards-display-component---NewYard--addressNewCostObjectCstID-vhi"}]}
COMMAND: GET /session/33feadf69fce3727760203f60382e7b4/screenshot - {}
RESULT: {"script":"<script> [1562 bytes]","args":[{"selector":{"id":"application-manageyards-display-component---NewYard--addressNewCostObjectCstID-vhi"},"wdio_ui5_key":"applicationmanageyards-display-component---NewYard--addressNewCostObjectCstID-vhi"}]}
RESULT: undefined
COMMAND: POST /session/33feadf69fce3727760203f60382e7b4/element - {"using":"xpath","value":"//*[@id=\"application-manageyards-display-component---NewYard--addressNewCostObjectCstID-vhi\"]"}
RESULT: {}
RESULT: {"using":"xpath","value":"//*[@id=\"application-manageyards-display-component---NewYard--addressNewCostObjectCstID-vhi\"]"}
COMMAND: POST /session/33feadf69fce3727760203f60382e7b4/element/f.0F6343E821C8BA4EFA8EC9AC22083D68.d.6DF05AA4315B681502F293DF12C2C601.e.715/click - {}
RESULT: {}
COMMAND: GET /session/33feadf69fce3727760203f60382e7b4/screenshot - {}
RESULT: {}
COMMAND: POST /session/33feadf69fce3727760203f60382e7b4/execute/async - {"script":"<script> [1562 bytes]","args":[{"selector":{"controlType":"sap.m.SearchField","properties":{"placeholder":"Search"},"searchOpenDialogs":true,"interaction":{"idSuffix":"I"}},"wdio_ui5_key":"sapm.SearchField{\"placeholder\":\"Search\"}"}]}
RESULT: {"script":"<script> [1562 bytes]","args":[{"selector":{"controlType":"sap.m.SearchField","properties":{"placeholder":"Search"},"searchOpenDialogs":true,"interaction":{"idSuffix":"I"}},"wdio_ui5_key":"sapm.SearchField{\"placeholder\":\"Search\"}"}]}
RESULT: undefined
COMMAND: POST /session/33feadf69fce3727760203f60382e7b4/execute/async - {"script":"<script> [776 bytes]","args":[{"enterText":"bauh_b","selector":{"controlType":"sap.m.SearchField","properties":{"placeholder":"Search"},"searchOpenDialogs":true,"interaction":{"idSuffix":"I"}},"clearTextFirst":true,"interactionType":"ENTER_TEXT"}]}
RESULT: {"script":"<script> [776 bytes]","args":[{"enterText":"bauh_b","selector":{"controlType":"sap.m.SearchField","properties":{"placeholder":"Search"},"searchOpenDialogs":true,"interaction":{"idSuffix":"I"}},"clearTextFirst":true,"interactionType":"ENTER_TEXT"}]}
COMMAND: POST /session/33feadf69fce3727760203f60382e7b4/actions - {"actions":[{"id":"action1","type":"key","parameters":{},"actions":[{"type":"keyDown","value":""},{"type":"pause","duration":10},{"type":"keyUp","value":""}]}]}
RESULT: {"actions":[{"id":"action1","type":"key","parameters":{},"actions":[{"type":"keyDown","value":""},{"type":"pause","duration":10},{"type":"keyUp","value":""}]}]}
COMMAND: GET /session/33feadf69fce3727760203f60382e7b4/screenshot - {}
RESULT: {}
COMMAND: POST /session/33feadf69fce3727760203f60382e7b4/element - {"using":"xpath","value":"//span[contains(text(), \"Demo Yard\")]"}
RESULT: {"using":"xpath","value":"//span[contains(text(), \"Demo Yard\")]"}
COMMAND: POST /session/33feadf69fce3727760203f60382e7b4/element/f.0F6343E821C8BA4EFA8EC9AC22083D68.d.6DF05AA4315B681502F293DF12C2C601.e.757/click - {}
RESULT: {}
COMMAND: GET /session/33feadf69fce3727760203f60382e7b4/screenshot - {}
RESULT: {}
COMMAND: POST /session/33feadf69fce3727760203f60382e7b4/element - {"using":"xpath","value":"//bdi[contains(text(), \"OK\")]"}
RESULT: {"using":"xpath","value":"//bdi[contains(text(), \"OK\")]"}
COMMAND: POST /session/33feadf69fce3727760203f60382e7b4/element/f.0F6343E821C8BA4EFA8EC9AC22083D68.d.6DF05AA4315B681502F293DF12C2C601.e.758/click - {}
RESULT: {}
COMMAND: GET /session/33feadf69fce3727760203f60382e7b4/screenshot - {}
RESULT: {}
COMMAND: POST /session/33feadf69fce3727760203f60382e7b4/execute/async - {"script":"<script> [1562 bytes]","args":[{"selector":{"id":"application-manageyards-display-component---NewYard--addressEditDetailsCurrency-arrow"},"wdio_ui5_key":"applicationmanageyards-display-component---NewYard--addressEditDetailsCurrency-arrow"}]}
RESULT: {"script":"<script> [1562 bytes]","args":[{"selector":{"id":"application-manageyards-display-component---NewYard--addressEditDetailsCurrency-arrow"},"wdio_ui5_key":"applicationmanageyards-display-component---NewYard--addressEditDetailsCurrency-arrow"}]}
RESULT: undefined
COMMAND: POST /session/33feadf69fce3727760203f60382e7b4/element - {"using":"xpath","value":"//*[@id=\"application-manageyards-display-component---NewYard--addressEditDetailsCurrency-arrow\"]"}
RESULT: {"using":"xpath","value":"//*[@id=\"application-manageyards-display-component---NewYard--addressEditDetailsCurrency-arrow\"]"}
COMMAND: POST /session/33feadf69fce3727760203f60382e7b4/element/f.0F6343E821C8BA4EFA8EC9AC22083D68.d.6DF05AA4315B681502F293DF12C2C601.e.761/click - {}
RESULT: {}
COMMAND: POST /session/33feadf69fce3727760203f60382e7b4/element - {"using":"xpath","value":"//span[contains(text(), \"Euro\")]"}
COMMAND: GET /session/33feadf69fce3727760203f60382e7b4/screenshot - {}
RESULT: {"using":"xpath","value":"//span[contains(text(), \"Euro\")]"}
COMMAND: POST /session/33feadf69fce3727760203f60382e7b4/element/f.0F6343E821C8BA4EFA8EC9AC22083D68.d.6DF05AA4315B681502F293DF12C2C601.e.762/click - {}
RESULT: {}
RESULT: {}
COMMAND: POST /session/33feadf69fce3727760203f60382e7b4/execute/async - {"script":"<script> [1562 bytes]","args":[{"selector":{"controlType":"sap.m.Input","viewName":"etm.portal.ui.manageyards.view.New","viewId":"application-manageyards-display-component---NewYard","bindingPath":{"path":"","propertyPath":"/CONTROLLING_AREA","modelName":"NewYardModel"},"interaction":{"idSuffix":"inner"}},"wdio_ui5_key":"etmportal.ui.manageyards.view.Newsap.m.Input{\"path\":\"\",\"propertyPath\":\"/CONTROLLING_AREA\",\"modelName\":\"NewYardModel\"}"}]}
COMMAND: GET /session/33feadf69fce3727760203f60382e7b4/screenshot - {}
RESULT: {"script":"<script> [1562 bytes]","args":[{"selector":{"controlType":"sap.m.Input","viewName":"etm.portal.ui.manageyards.view.New","viewId":"application-manageyards-display-component---NewYard","bindingPath":{"path":"","propertyPath":"/CONTROLLING_AREA","modelName":"NewYardModel"},"interaction":{"idSuffix":"inner"}},"wdio_ui5_key":"etmportal.ui.manageyards.view.Newsap.m.Input{\"path\":\"\",\"propertyPath\":\"/CONTROLLING_AREA\",\"modelName\":\"NewYardModel\"}"}]}
RESULT: undefined
COMMAND: POST /session/33feadf69fce3727760203f60382e7b4/execute/async - {"script":"<script> [776 bytes]","args":[{"enterText":"Z001","selector":{"controlType":"sap.m.Input","viewName":"etm.portal.ui.manageyards.view.New","viewId":"application-manageyards-display-component---NewYard","bindingPath":{"path":"","propertyPath":"/CONTROLLING_AREA","modelName":"NewYardModel"},"interaction":{"idSuffix":"inner"}},"clearTextFirst":true,"interactionType":"ENTER_TEXT"}]}
RESULT: {}
RESULT: {"script":"<script> [776 bytes]","args":[{"enterText":"Z001","selector":{"controlType":"sap.m.Input","viewName":"etm.portal.ui.manageyards.view.New","viewId":"application-manageyards-display-component---NewYard","bindingPath":{"path":"","propertyPath":"/CONTROLLING_AREA","modelName":"NewYardModel"},"interaction":{"idSuffix":"inner"}},"clearTextFirst":true,"interactionType":"ENTER_TEXT"}]}
COMMAND: POST /session/33feadf69fce3727760203f60382e7b4/execute/async - {"script":"<script> [1562 bytes]","args":[{"selector":{"id":"application-manageyards-display-component---NewYard--companyCodeComboBox","interaction":{"idSuffix":"inner"}},"wdio_ui5_key":"applicationmanageyards-display-component---NewYard--companyCodeComboBox"}]}
RESULT: {"script":"<script> [1562 bytes]","args":[{"selector":{"id":"application-manageyards-display-component---NewYard--companyCodeComboBox","interaction":{"idSuffix":"inner"}},"wdio_ui5_key":"applicationmanageyards-display-component---NewYard--companyCodeComboBox"}]}
RESULT: undefined
COMMAND: POST /session/33feadf69fce3727760203f60382e7b4/execute/async - {"script":"<script> [776 bytes]","args":[{"enterText":"1000","selector":{"id":"application-manageyards-display-component---NewYard--companyCodeComboBox","interaction":{"idSuffix":"inner"}},"clearTextFirst":true,"interactionType":"ENTER_TEXT"}]}
RESULT: {"script":"<script> [776 bytes]","args":[{"enterText":"1000","selector":{"id":"application-manageyards-display-component---NewYard--companyCodeComboBox","interaction":{"idSuffix":"inner"}},"clearTextFirst":true,"interactionType":"ENTER_TEXT"}]}
COMMAND: POST /session/33feadf69fce3727760203f60382e7b4/execute/async - {"script":"<script> [1562 bytes]","args":[{"selector":{"controlType":"sap.m.Input","viewName":"etm.portal.ui.manageyards.view.New","viewId":"application-manageyards-display-component---NewYard","bindingPath":{"path":"","propertyPath":"/PLANT","modelName":"NewYardModel"},"interaction":{"idSuffix":"inner"}},"wdio_ui5_key":"etmportal.ui.manageyards.view.Newsap.m.Input{\"path\":\"\",\"propertyPath\":\"/PLANT\",\"modelName\":\"NewYardModel\"}"}]}
RESULT: {"script":"<script> [1562 bytes]","args":[{"selector":{"controlType":"sap.m.Input","viewName":"etm.portal.ui.manageyards.view.New","viewId":"application-manageyards-display-component---NewYard","bindingPath":{"path":"","propertyPath":"/PLANT","modelName":"NewYardModel"},"interaction":{"idSuffix":"inner"}},"wdio_ui5_key":"etmportal.ui.manageyards.view.Newsap.m.Input{\"path\":\"\",\"propertyPath\":\"/PLANT\",\"modelName\":\"NewYardModel\"}"}]}
RESULT: undefined
COMMAND: POST /session/33feadf69fce3727760203f60382e7b4/execute/async - {"script":"<script> [776 bytes]","args":[{"enterText":"1001","selector":{"controlType":"sap.m.Input","viewName":"etm.portal.ui.manageyards.view.New","viewId":"application-manageyards-display-component---NewYard","bindingPath":{"path":"","propertyPath":"/PLANT","modelName":"NewYardModel"},"interaction":{"idSuffix":"inner"}},"clearTextFirst":true,"interactionType":"ENTER_TEXT"}]}
RESULT: {"script":"<script> [776 bytes]","args":[{"enterText":"1001","selector":{"controlType":"sap.m.Input","viewName":"etm.portal.ui.manageyards.view.New","viewId":"application-manageyards-display-component---NewYard","bindingPath":{"path":"","propertyPath":"/PLANT","modelName":"NewYardModel"},"interaction":{"idSuffix":"inner"}},"clearTextFirst":true,"interactionType":"ENTER_TEXT"}]}
COMMAND: POST /session/33feadf69fce3727760203f60382e7b4/execute/async - {"script":"<script> [1562 bytes]","args":[{"selector":{"controlType":"sap.m.Input","viewName":"etm.portal.ui.manageyards.view.New","viewId":"application-manageyards-display-component---NewYard","bindingPath":{"path":"","propertyPath":"/SALES_AREA_VKORG","modelName":"NewYardModel"},"interaction":{"idSuffix":"inner"}},"wdio_ui5_key":"etmportal.ui.manageyards.view.Newsap.m.Input{\"path\":\"\",\"propertyPath\":\"/SALES_AREA_VKORG\",\"modelName\":\"NewYardModel\"}"}]}
RESULT: {"script":"<script> [1562 bytes]","args":[{"selector":{"controlType":"sap.m.Input","viewName":"etm.portal.ui.manageyards.view.New","viewId":"application-manageyards-display-component---NewYard","bindingPath":{"path":"","propertyPath":"/SALES_AREA_VKORG","modelName":"NewYardModel"},"interaction":{"idSuffix":"inner"}},"wdio_ui5_key":"etmportal.ui.manageyards.view.Newsap.m.Input{\"path\":\"\",\"propertyPath\":\"/SALES_AREA_VKORG\",\"modelName\":\"NewYardModel\"}"}]}
RESULT: undefined
COMMAND: POST /session/33feadf69fce3727760203f60382e7b4/execute/async - {"script":"<script> [776 bytes]","args":[{"enterText":"C002","selector":{"controlType":"sap.m.Input","viewName":"etm.portal.ui.manageyards.view.New","viewId":"application-manageyards-display-component---NewYard","bindingPath":{"path":"","propertyPath":"/SALES_AREA_VKORG","modelName":"NewYardModel"},"interaction":{"idSuffix":"inner"}},"clearTextFirst":true,"interactionType":"ENTER_TEXT"}]}
RESULT: {"script":"<script> [776 bytes]","args":[{"enterText":"C002","selector":{"controlType":"sap.m.Input","viewName":"etm.portal.ui.manageyards.view.New","viewId":"application-manageyards-display-component---NewYard","bindingPath":{"path":"","propertyPath":"/SALES_AREA_VKORG","modelName":"NewYardModel"},"interaction":{"idSuffix":"inner"}},"clearTextFirst":true,"interactionType":"ENTER_TEXT"}]}
COMMAND: POST /session/33feadf69fce3727760203f60382e7b4/execute/async - {"script":"<script> [1562 bytes]","args":[{"selector":{"controlType":"sap.m.Input","viewName":"etm.portal.ui.manageyards.view.New","viewId":"application-manageyards-display-component---NewYard","bindingPath":{"path":"","propertyPath":"/SALES_AREA_VTWEG","modelName":"NewYardModel"},"interaction":{"idSuffix":"inner"}},"wdio_ui5_key":"etmportal.ui.manageyards.view.Newsap.m.Input{\"path\":\"\",\"propertyPath\":\"/SALES_AREA_VTWEG\",\"modelName\":\"NewYardModel\"}"}]}
RESULT: {"script":"<script> [1562 bytes]","args":[{"selector":{"controlType":"sap.m.Input","viewName":"etm.portal.ui.manageyards.view.New","viewId":"application-manageyards-display-component---NewYard","bindingPath":{"path":"","propertyPath":"/SALES_AREA_VTWEG","modelName":"NewYardModel"},"interaction":{"idSuffix":"inner"}},"wdio_ui5_key":"etmportal.ui.manageyards.view.Newsap.m.Input{\"path\":\"\",\"propertyPath\":\"/SALES_AREA_VTWEG\",\"modelName\":\"NewYardModel\"}"}]}
RESULT: undefined
COMMAND: POST /session/33feadf69fce3727760203f60382e7b4/execute/async - {"script":"<script> [776 bytes]","args":[{"enterText":"C2","selector":{"controlType":"sap.m.Input","viewName":"etm.portal.ui.manageyards.view.New","viewId":"application-manageyards-display-component---NewYard","bindingPath":{"path":"","propertyPath":"/SALES_AREA_VTWEG","modelName":"NewYardModel"},"interaction":{"idSuffix":"inner"}},"clearTextFirst":true,"interactionType":"ENTER_TEXT"}]}
RESULT: {"script":"<script> [776 bytes]","args":[{"enterText":"C2","selector":{"controlType":"sap.m.Input","viewName":"etm.portal.ui.manageyards.view.New","viewId":"application-manageyards-display-component---NewYard","bindingPath":{"path":"","propertyPath":"/SALES_AREA_VTWEG","modelName":"NewYardModel"},"interaction":{"idSuffix":"inner"}},"clearTextFirst":true,"interactionType":"ENTER_TEXT"}]}
COMMAND: POST /session/33feadf69fce3727760203f60382e7b4/execute/async - {"script":"<script> [1562 bytes]","args":[{"selector":{"controlType":"sap.m.Input","viewName":"etm.portal.ui.manageyards.view.New","viewId":"application-manageyards-display-component---NewYard","bindingPath":{"path":"","propertyPath":"/SALES_AREA_SPART","modelName":"NewYardModel"},"interaction":{"idSuffix":"inner"}},"wdio_ui5_key":"etmportal.ui.manageyards.view.Newsap.m.Input{\"path\":\"\",\"propertyPath\":\"/SALES_AREA_SPART\",\"modelName\":\"NewYardModel\"}"}]}
RESULT: {"script":"<script> [1562 bytes]","args":[{"selector":{"controlType":"sap.m.Input","viewName":"etm.portal.ui.manageyards.view.New","viewId":"application-manageyards-display-component---NewYard","bindingPath":{"path":"","propertyPath":"/SALES_AREA_SPART","modelName":"NewYardModel"},"interaction":{"idSuffix":"inner"}},"wdio_ui5_key":"etmportal.ui.manageyards.view.Newsap.m.Input{\"path\":\"\",\"propertyPath\":\"/SALES_AREA_SPART\",\"modelName\":\"NewYardModel\"}"}]}
RESULT: undefined
COMMAND: POST /session/33feadf69fce3727760203f60382e7b4/execute/async - {"script":"<script> [776 bytes]","args":[{"enterText":"C2","selector":{"controlType":"sap.m.Input","viewName":"etm.portal.ui.manageyards.view.New","viewId":"application-manageyards-display-component---NewYard","bindingPath":{"path":"","propertyPath":"/SALES_AREA_SPART","modelName":"NewYardModel"},"interaction":{"idSuffix":"inner"}},"clearTextFirst":true,"interactionType":"ENTER_TEXT"}]}
RESULT: {"script":"<script> [776 bytes]","args":[{"enterText":"C2","selector":{"controlType":"sap.m.Input","viewName":"etm.portal.ui.manageyards.view.New","viewId":"application-manageyards-display-component---NewYard","bindingPath":{"path":"","propertyPath":"/SALES_AREA_SPART","modelName":"NewYardModel"},"interaction":{"idSuffix":"inner"}},"clearTextFirst":true,"interactionType":"ENTER_TEXT"}]}
COMMAND: POST /session/33feadf69fce3727760203f60382e7b4/execute/async - {"script":"<script> [1562 bytes]","args":[{"selector":{"controlType":"sap.m.Input","viewName":"etm.portal.ui.manageyards.view.New","viewId":"application-manageyards-display-component---NewYard","bindingPath":{"path":"","propertyPath":"/SHIP_POINT","modelName":"NewYardModel"},"interaction":{"idSuffix":"inner"}},"wdio_ui5_key":"etmportal.ui.manageyards.view.Newsap.m.Input{\"path\":\"\",\"propertyPath\":\"/SHIP_POINT\",\"modelName\":\"NewYardModel\"}"}]}
RESULT: {"script":"<script> [1562 bytes]","args":[{"selector":{"controlType":"sap.m.Input","viewName":"etm.portal.ui.manageyards.view.New","viewId":"application-manageyards-display-component---NewYard","bindingPath":{"path":"","propertyPath":"/SHIP_POINT","modelName":"NewYardModel"},"interaction":{"idSuffix":"inner"}},"wdio_ui5_key":"etmportal.ui.manageyards.view.Newsap.m.Input{\"path\":\"\",\"propertyPath\":\"/SHIP_POINT\",\"modelName\":\"NewYardModel\"}"}]}
RESULT: undefined
COMMAND: POST /session/33feadf69fce3727760203f60382e7b4/execute/async - {"script":"<script> [776 bytes]","args":[{"enterText":"1710","selector":{"controlType":"sap.m.Input","viewName":"etm.portal.ui.manageyards.view.New","viewId":"application-manageyards-display-component---NewYard","bindingPath":{"path":"","propertyPath":"/SHIP_POINT","modelName":"NewYardModel"},"interaction":{"idSuffix":"inner"}},"clearTextFirst":true,"interactionType":"ENTER_TEXT"}]}
RESULT: {"script":"<script> [776 bytes]","args":[{"enterText":"1710","selector":{"controlType":"sap.m.Input","viewName":"etm.portal.ui.manageyards.view.New","viewId":"application-manageyards-display-component---NewYard","bindingPath":{"path":"","propertyPath":"/SHIP_POINT","modelName":"NewYardModel"},"interaction":{"idSuffix":"inner"}},"clearTextFirst":true,"interactionType":"ENTER_TEXT"}]}
COMMAND: POST /session/33feadf69fce3727760203f60382e7b4/execute/async - {"script":"<script> [1562 bytes]","args":[{"selector":{"controlType":"sap.m.Input","viewName":"etm.portal.ui.manageyards.view.New","viewId":"application-manageyards-display-component---NewYard","bindingPath":{"path":"","propertyPath":"/DELIVERY_TYPE","modelName":"NewYardModel"},"interaction":{"idSuffix":"inner"}},"wdio_ui5_key":"etmportal.ui.manageyards.view.Newsap.m.Input{\"path\":\"\",\"propertyPath\":\"/DELIVERY_TYPE\",\"modelName\":\"NewYardModel\"}"}]}
RESULT: {"script":"<script> [1562 bytes]","args":[{"selector":{"controlType":"sap.m.Input","viewName":"etm.portal.ui.manageyards.view.New","viewId":"application-manageyards-display-component---NewYard","bindingPath":{"path":"","propertyPath":"/DELIVERY_TYPE","modelName":"NewYardModel"},"interaction":{"idSuffix":"inner"}},"wdio_ui5_key":"etmportal.ui.manageyards.view.Newsap.m.Input{\"path\":\"\",\"propertyPath\":\"/DELIVERY_TYPE\",\"modelName\":\"NewYardModel\"}"}]}
RESULT: undefined
COMMAND: POST /session/33feadf69fce3727760203f60382e7b4/execute/async - {"script":"<script> [776 bytes]","args":[{"enterText":"ZL01","selector":{"controlType":"sap.m.Input","viewName":"etm.portal.ui.manageyards.view.New","viewId":"application-manageyards-display-component---NewYard","bindingPath":{"path":"","propertyPath":"/DELIVERY_TYPE","modelName":"NewYardModel"},"interaction":{"idSuffix":"inner"}},"clearTextFirst":true,"interactionType":"ENTER_TEXT"}]}
RESULT: {"script":"<script> [776 bytes]","args":[{"enterText":"ZL01","selector":{"controlType":"sap.m.Input","viewName":"etm.portal.ui.manageyards.view.New","viewId":"application-manageyards-display-component---NewYard","bindingPath":{"path":"","propertyPath":"/DELIVERY_TYPE","modelName":"NewYardModel"},"interaction":{"idSuffix":"inner"}},"clearTextFirst":true,"interactionType":"ENTER_TEXT"}]}
COMMAND: POST /session/33feadf69fce3727760203f60382e7b4/execute/async - {"script":"<script> [1562 bytes]","args":[{"selector":{"controlType":"sap.m.Input","viewName":"etm.portal.ui.manageyards.view.New","viewId":"application-manageyards-display-component---NewYard","bindingPath":{"path":"","propertyPath":"/AUART","modelName":"NewYardModel"},"interaction":{"idSuffix":"inner"}},"wdio_ui5_key":"etmportal.ui.manageyards.view.Newsap.m.Input{\"path\":\"\",\"propertyPath\":\"/AUART\",\"modelName\":\"NewYardModel\"}"}]}
RESULT: {"script":"<script> [1562 bytes]","args":[{"selector":{"controlType":"sap.m.Input","viewName":"etm.portal.ui.manageyards.view.New","viewId":"application-manageyards-display-component---NewYard","bindingPath":{"path":"","propertyPath":"/AUART","modelName":"NewYardModel"},"interaction":{"idSuffix":"inner"}},"wdio_ui5_key":"etmportal.ui.manageyards.view.Newsap.m.Input{\"path\":\"\",\"propertyPath\":\"/AUART\",\"modelName\":\"NewYardModel\"}"}]}
RESULT: undefined
COMMAND: POST /session/33feadf69fce3727760203f60382e7b4/execute/async - {"script":"<script> [776 bytes]","args":[{"enterText":"TA","selector":{"controlType":"sap.m.Input","viewName":"etm.portal.ui.manageyards.view.New","viewId":"application-manageyards-display-component---NewYard","bindingPath":{"path":"","propertyPath":"/AUART","modelName":"NewYardModel"},"interaction":{"idSuffix":"inner"}},"clearTextFirst":true,"interactionType":"ENTER_TEXT"}]}
RESULT: {"script":"<script> [776 bytes]","args":[{"enterText":"TA","selector":{"controlType":"sap.m.Input","viewName":"etm.portal.ui.manageyards.view.New","viewId":"application-manageyards-display-component---NewYard","bindingPath":{"path":"","propertyPath":"/AUART","modelName":"NewYardModel"},"interaction":{"idSuffix":"inner"}},"clearTextFirst":true,"interactionType":"ENTER_TEXT"}]}
COMMAND: POST /session/33feadf69fce3727760203f60382e7b4/element - {"using":"xpath","value":"//button[@data-kt=\"newYardSaveButton\"]"}
RESULT: {"using":"xpath","value":"//button[@data-kt=\"newYardSaveButton\"]"}
COMMAND: POST /session/33feadf69fce3727760203f60382e7b4/element/f.0F6343E821C8BA4EFA8EC9AC22083D68.d.6DF05AA4315B681502F293DF12C2C601.e.672/click - {}
RESULT: {}
COMMAND: GET /session/33feadf69fce3727760203f60382e7b4/screenshot - {}
RESULT: {}
COMMAND: POST /session/33feadf69fce3727760203f60382e7b4/element - {"using":"xpath","value":"//header[contains(@id, 'ObjectPageLayout-headerTitle')]/div[1]/div[2]/div[1]/span[1]"}
RESULT: {"using":"xpath","value":"//header[contains(@id, 'ObjectPageLayout-headerTitle')]/div[1]/div[2]/div[1]/span[1]"}
COMMAND: POST /session/33feadf69fce3727760203f60382e7b4/elements - {"using":"xpath","value":"//header[contains(@id, 'ObjectPageLayout-headerTitle')]/div[1]/div[2]/div[1]/span[1]"}
RESULT: {"using":"xpath","value":"//header[contains(@id, 'ObjectPageLayout-headerTitle')]/div[1]/div[2]/div[1]/span[1]"}
COMMAND: POST /session/33feadf69fce3727760203f60382e7b4/execute/sync - {"script":"<script> [56 bytes]","args":[{"element-6066-11e4-a52e-4f735466cecf":"f.0F6343E821C8BA4EFA8EC9AC22083D68.d.6DF05AA4315B681502F293DF12C2C601.e.980","ELEMENT":"f.0F6343E821C8BA4EFA8EC9AC22083D68.d.6DF05AA4315B681502F293DF12C2C601.e.980"}]}
RESULT: {"script":"<script> [56 bytes]","args":[{"element-6066-11e4-a52e-4f735466cecf":"f.0F6343E821C8BA4EFA8EC9AC22083D68.d.6DF05AA4315B681502F293DF12C2C601.e.980","ELEMENT":"f.0F6343E821C8BA4EFA8EC9AC22083D68.d.6DF05AA4315B681502F293DF12C2C601.e.980"}]}
COMMAND: GET /session/33feadf69fce3727760203f60382e7b4/screenshot - {}
RESULT: {}
COMMAND: POST /session/33feadf69fce3727760203f60382e7b4/element - {"using":"css selector","value":"#shell-header-logo"}
RESULT: {"using":"css selector","value":"#shell-header-logo"}
COMMAND: POST /session/33feadf69fce3727760203f60382e7b4/element/f.0F6343E821C8BA4EFA8EC9AC22083D68.d.6DF05AA4315B681502F293DF12C2C601.e.233/click - {}
RESULT: {}
COMMAND: GET /session/33feadf69fce3727760203f60382e7b4/screenshot - {}
RESULT: {}
COMMAND: POST /session/33feadf69fce3727760203f60382e7b4/execute/sync - {"script":"<script> [299 bytes]","args":[["getModel","getResource"]]}
RESULT: {"script":"<script> [299 bytes]","args":[["getModel","getResource"]]}
]]></system-out>
    </testcase>
    <testcase classname="chrome.136_0_7103_93.windows.Bill_of_Resources_tests_for_bundle_creation_&amp;_replenishment_US131067_US131070" name="Should create two equipments one being a copy of the other" time="137.995">
      <system-out><![CDATA[
COMMAND: POST /session/33feadf69fce3727760203f60382e7b4/execute/async - {"script":"<script> [1562 bytes]","args":[{"selector":{"controlType":"sap.m.GenericTile","properties":{"header":"Manage Resources"}},"wdio_ui5_key":"sapm.GenericTile{\"header\":\"Manage Resources\"}"}]}
COMMAND: GET /session/33feadf69fce3727760203f60382e7b4/screenshot - {}
RESULT: {"script":"<script> [1562 bytes]","args":[{"selector":{"controlType":"sap.m.GenericTile","properties":{"header":"Manage Resources"}},"wdio_ui5_key":"sapm.GenericTile{\"header\":\"Manage Resources\"}"}]}
RESULT: undefined
COMMAND: POST /session/33feadf69fce3727760203f60382e7b4/element - {"using":"xpath","value":"//*[@id=\"__tile39\"]"}
RESULT: {}
RESULT: {"using":"xpath","value":"//*[@id=\"__tile39\"]"}
COMMAND: POST /session/33feadf69fce3727760203f60382e7b4/element/f.0F6343E821C8BA4EFA8EC9AC22083D68.d.6DF05AA4315B681502F293DF12C2C601.e.124/click - {}
RESULT: {}
COMMAND: GET /session/33feadf69fce3727760203f60382e7b4/screenshot - {}
RESULT: {}
COMMAND: POST /session/33feadf69fce3727760203f60382e7b4/elements - {"using":"xpath","value":"//span[text()='Error']"}
RESULT: {"using":"xpath","value":"//span[text()='Error']"}
COMMAND: POST /session/33feadf69fce3727760203f60382e7b4/element - {"using":"xpath","value":"//button[@data-kt=\"addNewRUOverflowToolbarButton\"]"}
RESULT: {"using":"xpath","value":"//button[@data-kt=\"addNewRUOverflowToolbarButton\"]"}
COMMAND: POST /session/33feadf69fce3727760203f60382e7b4/elements - {"using":"xpath","value":"//button[@data-kt=\"addNewRUOverflowToolbarButton\"]"}
RESULT: {"using":"xpath","value":"//button[@data-kt=\"addNewRUOverflowToolbarButton\"]"}
COMMAND: POST /session/33feadf69fce3727760203f60382e7b4/execute/sync - {"script":"<script> [8489 bytes]","args":[{"element-6066-11e4-a52e-4f735466cecf":"f.0F6343E821C8BA4EFA8EC9AC22083D68.d.6DF05AA4315B681502F293DF12C2C601.e.1011","ELEMENT":"f.0F6343E821C8BA4EFA8EC9AC22083D68.d.6DF05AA4315B681502F293DF12C2C601.e.1011"}]}
RESULT: {"script":"<script> [8489 bytes]","args":[{"element-6066-11e4-a52e-4f735466cecf":"f.0F6343E821C8BA4EFA8EC9AC22083D68.d.6DF05AA4315B681502F293DF12C2C601.e.1011","ELEMENT":"f.0F6343E821C8BA4EFA8EC9AC22083D68.d.6DF05AA4315B681502F293DF12C2C601.e.1011"}]}
COMMAND: GET /session/33feadf69fce3727760203f60382e7b4/element/f.0F6343E821C8BA4EFA8EC9AC22083D68.d.6DF05AA4315B681502F293DF12C2C601.e.1011/enabled - {}
COMMAND: GET /session/33feadf69fce3727760203f60382e7b4/screenshot - {}
RESULT: {}
COMMAND: POST /session/33feadf69fce3727760203f60382e7b4/execute/sync - {"script":"<script> [8489 bytes]","args":[{"element-6066-11e4-a52e-4f735466cecf":"f.0F6343E821C8BA4EFA8EC9AC22083D68.d.6DF05AA4315B681502F293DF12C2C601.e.1011","ELEMENT":"f.0F6343E821C8BA4EFA8EC9AC22083D68.d.6DF05AA4315B681502F293DF12C2C601.e.1011"}]}
COMMAND: GET /session/33feadf69fce3727760203f60382e7b4/screenshot - {}
RESULT: {}
RESULT: {"script":"<script> [8489 bytes]","args":[{"element-6066-11e4-a52e-4f735466cecf":"f.0F6343E821C8BA4EFA8EC9AC22083D68.d.6DF05AA4315B681502F293DF12C2C601.e.1011","ELEMENT":"f.0F6343E821C8BA4EFA8EC9AC22083D68.d.6DF05AA4315B681502F293DF12C2C601.e.1011"}]}
COMMAND: POST /session/33feadf69fce3727760203f60382e7b4/execute/sync - {"script":"<script> [5351 bytes]","args":[{"element-6066-11e4-a52e-4f735466cecf":"f.0F6343E821C8BA4EFA8EC9AC22083D68.d.6DF05AA4315B681502F293DF12C2C601.e.1011","ELEMENT":"f.0F6343E821C8BA4EFA8EC9AC22083D68.d.6DF05AA4315B681502F293DF12C2C601.e.1011"}]}
COMMAND: GET /session/33feadf69fce3727760203f60382e7b4/screenshot - {}
RESULT: {}
RESULT: {"script":"<script> [5351 bytes]","args":[{"element-6066-11e4-a52e-4f735466cecf":"f.0F6343E821C8BA4EFA8EC9AC22083D68.d.6DF05AA4315B681502F293DF12C2C601.e.1011","ELEMENT":"f.0F6343E821C8BA4EFA8EC9AC22083D68.d.6DF05AA4315B681502F293DF12C2C601.e.1011"}]}
COMMAND: POST /session/33feadf69fce3727760203f60382e7b4/element/f.0F6343E821C8BA4EFA8EC9AC22083D68.d.6DF05AA4315B681502F293DF12C2C601.e.1011/click - {}
COMMAND: GET /session/33feadf69fce3727760203f60382e7b4/screenshot - {}
RESULT: {}
RESULT: {}
COMMAND: GET /session/33feadf69fce3727760203f60382e7b4/screenshot - {}
RESULT: {}
RESULT: {}
COMMAND: POST /session/33feadf69fce3727760203f60382e7b4/execute/async - {"script":"<script> [1562 bytes]","args":[{"selector":{"id":"application-manageresources-display-component---newResourceUnit--TYPE-arrow"},"wdio_ui5_key":"applicationmanageresources-display-component---newResourceUnit--TYPE-arrow"}]}
RESULT: {"script":"<script> [1562 bytes]","args":[{"selector":{"id":"application-manageresources-display-component---newResourceUnit--TYPE-arrow"},"wdio_ui5_key":"applicationmanageresources-display-component---newResourceUnit--TYPE-arrow"}]}
RESULT: undefined
COMMAND: POST /session/33feadf69fce3727760203f60382e7b4/element - {"using":"xpath","value":"//*[@id=\"application-manageresources-display-component---newResourceUnit--TYPE-arrow\"]"}
RESULT: {"using":"xpath","value":"//*[@id=\"application-manageresources-display-component---newResourceUnit--TYPE-arrow\"]"}
COMMAND: POST /session/33feadf69fce3727760203f60382e7b4/element/f.0F6343E821C8BA4EFA8EC9AC22083D68.d.6DF05AA4315B681502F293DF12C2C601.e.1372/click - {}
RESULT: {}
COMMAND: POST /session/33feadf69fce3727760203f60382e7b4/execute/async - {"script":"<script> [1562 bytes]","args":[{"selector":{"controlType":"sap.m.StandardListItem","viewName":"reusables.view.manageresources.NewResourceUnit","viewId":"application-manageresources-display-component---newResourceUnit","properties":{"title":"Equipment"},"searchOpenDialogs":true,"interaction":{"idSuffix":"content"}},"wdio_ui5_key":"reusablesview.manageresources.NewResourceUnitsap.m.StandardListItem{\"title\":\"Equipment\"}"}]}
COMMAND: GET /session/33feadf69fce3727760203f60382e7b4/screenshot - {}
RESULT: {"script":"<script> [1562 bytes]","args":[{"selector":{"controlType":"sap.m.StandardListItem","viewName":"reusables.view.manageresources.NewResourceUnit","viewId":"application-manageresources-display-component---newResourceUnit","properties":{"title":"Equipment"},"searchOpenDialogs":true,"interaction":{"idSuffix":"content"}},"wdio_ui5_key":"reusablesview.manageresources.NewResourceUnitsap.m.StandardListItem{\"title\":\"Equipment\"}"}]}
RESULT: undefined
COMMAND: POST /session/33feadf69fce3727760203f60382e7b4/element - {"using":"xpath","value":"//*[@id=\"__item507\"]"}
RESULT: {}
RESULT: {"using":"xpath","value":"//*[@id=\"__item507\"]"}
COMMAND: POST /session/33feadf69fce3727760203f60382e7b4/element/f.0F6343E821C8BA4EFA8EC9AC22083D68.d.6DF05AA4315B681502F293DF12C2C601.e.1375/click - {}
RESULT: {}
COMMAND: POST /session/33feadf69fce3727760203f60382e7b4/execute/async - {"script":"<script> [1562 bytes]","args":[{"selector":{"id":"application-manageresources-display-component---newResourceUnit--resourceId","interaction":{"idSuffix":"inner"}},"wdio_ui5_key":"applicationmanageresources-display-component---newResourceUnit--resourceId"}]}
COMMAND: GET /session/33feadf69fce3727760203f60382e7b4/screenshot - {}
RESULT: {"script":"<script> [1562 bytes]","args":[{"selector":{"id":"application-manageresources-display-component---newResourceUnit--resourceId","interaction":{"idSuffix":"inner"}},"wdio_ui5_key":"applicationmanageresources-display-component---newResourceUnit--resourceId"}]}
RESULT: undefined
COMMAND: POST /session/33feadf69fce3727760203f60382e7b4/execute/async - {"script":"<script> [776 bytes]","args":[{"enterText":"Th9XpEQa4_1","selector":{"id":"application-manageresources-display-component---newResourceUnit--resourceId","interaction":{"idSuffix":"inner"}},"clearTextFirst":true,"interactionType":"ENTER_TEXT"}]}
RESULT: {}
RESULT: {"script":"<script> [776 bytes]","args":[{"enterText":"Th9XpEQa4_1","selector":{"id":"application-manageresources-display-component---newResourceUnit--resourceId","interaction":{"idSuffix":"inner"}},"clearTextFirst":true,"interactionType":"ENTER_TEXT"}]}
COMMAND: POST /session/33feadf69fce3727760203f60382e7b4/execute/async - {"script":"<script> [1562 bytes]","args":[{"selector":{"id":"application-manageresources-display-component---newResourceUnit--SHORT_TEXT","interaction":{"idSuffix":"inner"}},"wdio_ui5_key":"applicationmanageresources-display-component---newResourceUnit--SHORT_TEXT"}]}
RESULT: {"script":"<script> [1562 bytes]","args":[{"selector":{"id":"application-manageresources-display-component---newResourceUnit--SHORT_TEXT","interaction":{"idSuffix":"inner"}},"wdio_ui5_key":"applicationmanageresources-display-component---newResourceUnit--SHORT_TEXT"}]}
RESULT: undefined
COMMAND: POST /session/33feadf69fce3727760203f60382e7b4/execute/async - {"script":"<script> [776 bytes]","args":[{"enterText":"Th9XpEQa4_1","selector":{"id":"application-manageresources-display-component---newResourceUnit--SHORT_TEXT","interaction":{"idSuffix":"inner"}},"clearTextFirst":true,"interactionType":"ENTER_TEXT"}]}
RESULT: {"script":"<script> [776 bytes]","args":[{"enterText":"Th9XpEQa4_1","selector":{"id":"application-manageresources-display-component---newResourceUnit--SHORT_TEXT","interaction":{"idSuffix":"inner"}},"clearTextFirst":true,"interactionType":"ENTER_TEXT"}]}
COMMAND: POST /session/33feadf69fce3727760203f60382e7b4/execute/async - {"script":"<script> [1562 bytes]","args":[{"selector":{"id":"application-manageresources-display-component---newResourceUnit--BASE_UNIT_OF_MEASURE","interaction":{"idSuffix":"inner"}},"wdio_ui5_key":"applicationmanageresources-display-component---newResourceUnit--BASE_UNIT_OF_MEASURE"}]}
RESULT: {"script":"<script> [1562 bytes]","args":[{"selector":{"id":"application-manageresources-display-component---newResourceUnit--BASE_UNIT_OF_MEASURE","interaction":{"idSuffix":"inner"}},"wdio_ui5_key":"applicationmanageresources-display-component---newResourceUnit--BASE_UNIT_OF_MEASURE"}]}
RESULT: undefined
COMMAND: POST /session/33feadf69fce3727760203f60382e7b4/execute/async - {"script":"<script> [776 bytes]","args":[{"enterText":"Piece","selector":{"id":"application-manageresources-display-component---newResourceUnit--BASE_UNIT_OF_MEASURE","interaction":{"idSuffix":"inner"}},"clearTextFirst":true,"interactionType":"ENTER_TEXT"}]}
RESULT: {"script":"<script> [776 bytes]","args":[{"enterText":"Piece","selector":{"id":"application-manageresources-display-component---newResourceUnit--BASE_UNIT_OF_MEASURE","interaction":{"idSuffix":"inner"}},"clearTextFirst":true,"interactionType":"ENTER_TEXT"}]}
COMMAND: POST /session/33feadf69fce3727760203f60382e7b4/execute/async - {"script":"<script> [1562 bytes]","args":[{"selector":{"id":"application-manageresources-display-component---newResourceUnit--WEIGHT_UNIT","interaction":{"idSuffix":"inner"}},"wdio_ui5_key":"applicationmanageresources-display-component---newResourceUnit--WEIGHT_UNIT"}]}
RESULT: {"script":"<script> [1562 bytes]","args":[{"selector":{"id":"application-manageresources-display-component---newResourceUnit--WEIGHT_UNIT","interaction":{"idSuffix":"inner"}},"wdio_ui5_key":"applicationmanageresources-display-component---newResourceUnit--WEIGHT_UNIT"}]}
RESULT: undefined
COMMAND: POST /session/33feadf69fce3727760203f60382e7b4/execute/async - {"script":"<script> [776 bytes]","args":[{"enterText":"Gram","selector":{"id":"application-manageresources-display-component---newResourceUnit--WEIGHT_UNIT","interaction":{"idSuffix":"inner"}},"clearTextFirst":true,"interactionType":"ENTER_TEXT"}]}
RESULT: {"script":"<script> [776 bytes]","args":[{"enterText":"Gram","selector":{"id":"application-manageresources-display-component---newResourceUnit--WEIGHT_UNIT","interaction":{"idSuffix":"inner"}},"clearTextFirst":true,"interactionType":"ENTER_TEXT"}]}
COMMAND: POST /session/33feadf69fce3727760203f60382e7b4/execute/async - {"script":"<script> [1562 bytes]","args":[{"selector":{"id":"application-manageresources-display-component---newResourceUnit--DIMENSION_UNIT","interaction":{"idSuffix":"inner"}},"wdio_ui5_key":"applicationmanageresources-display-component---newResourceUnit--DIMENSION_UNIT"}]}
RESULT: {"script":"<script> [1562 bytes]","args":[{"selector":{"id":"application-manageresources-display-component---newResourceUnit--DIMENSION_UNIT","interaction":{"idSuffix":"inner"}},"wdio_ui5_key":"applicationmanageresources-display-component---newResourceUnit--DIMENSION_UNIT"}]}
RESULT: undefined
COMMAND: POST /session/33feadf69fce3727760203f60382e7b4/execute/async - {"script":"<script> [776 bytes]","args":[{"enterText":"Meter","selector":{"id":"application-manageresources-display-component---newResourceUnit--DIMENSION_UNIT","interaction":{"idSuffix":"inner"}},"clearTextFirst":true,"interactionType":"ENTER_TEXT"}]}
RESULT: {"script":"<script> [776 bytes]","args":[{"enterText":"Meter","selector":{"id":"application-manageresources-display-component---newResourceUnit--DIMENSION_UNIT","interaction":{"idSuffix":"inner"}},"clearTextFirst":true,"interactionType":"ENTER_TEXT"}]}
COMMAND: POST /session/33feadf69fce3727760203f60382e7b4/execute/async - {"script":"<script> [1562 bytes]","args":[{"selector":{"id":"application-manageresources-display-component---newResourceUnit--newRRUPage-anchBar-application-manageresources-display-component---newResourceUnit--control-anchor","interaction":{"idSuffix":"BDI-content"}},"wdio_ui5_key":"applicationmanageresources-display-component---newResourceUnit--newRRUPage-anchBar-application-manageresources-display-component---newResourceUnit--control-anchor"}]}
RESULT: {"script":"<script> [1562 bytes]","args":[{"selector":{"id":"application-manageresources-display-component---newResourceUnit--newRRUPage-anchBar-application-manageresources-display-component---newResourceUnit--control-anchor","interaction":{"idSuffix":"BDI-content"}},"wdio_ui5_key":"applicationmanageresources-display-component---newResourceUnit--newRRUPage-anchBar-application-manageresources-display-component---newResourceUnit--control-anchor"}]}
RESULT: undefined
COMMAND: POST /session/33feadf69fce3727760203f60382e7b4/element - {"using":"xpath","value":"//*[@id=\"application-manageresources-display-component---newResourceUnit--newRRUPage-anchBar-application-manageresources-display-component---newResourceUnit--control-anchor\"]"}
RESULT: {"using":"xpath","value":"//*[@id=\"application-manageresources-display-component---newResourceUnit--newRRUPage-anchBar-application-manageresources-display-component---newResourceUnit--control-anchor\"]"}
COMMAND: POST /session/33feadf69fce3727760203f60382e7b4/element/f.0F6343E821C8BA4EFA8EC9AC22083D68.d.6DF05AA4315B681502F293DF12C2C601.e.1530/click - {}
RESULT: {}
COMMAND: POST /session/33feadf69fce3727760203f60382e7b4/execute/async - {"script":"<script> [1562 bytes]","args":[{"selector":{"id":"application-manageresources-display-component---newResourceUnit--PLANNING_GROUP","interaction":{"idSuffix":"inner"}},"wdio_ui5_key":"applicationmanageresources-display-component---newResourceUnit--PLANNING_GROUP"}]}
COMMAND: GET /session/33feadf69fce3727760203f60382e7b4/screenshot - {}
RESULT: {"script":"<script> [1562 bytes]","args":[{"selector":{"id":"application-manageresources-display-component---newResourceUnit--PLANNING_GROUP","interaction":{"idSuffix":"inner"}},"wdio_ui5_key":"applicationmanageresources-display-component---newResourceUnit--PLANNING_GROUP"}]}
RESULT: undefined
COMMAND: POST /session/33feadf69fce3727760203f60382e7b4/execute/async - {"script":"<script> [776 bytes]","args":[{"enterText":"Heavy Equi","selector":{"id":"application-manageresources-display-component---newResourceUnit--PLANNING_GROUP","interaction":{"idSuffix":"inner"}},"clearTextFirst":true,"interactionType":"ENTER_TEXT"}]}
RESULT: {}
RESULT: {"script":"<script> [776 bytes]","args":[{"enterText":"Heavy Equi","selector":{"id":"application-manageresources-display-component---newResourceUnit--PLANNING_GROUP","interaction":{"idSuffix":"inner"}},"clearTextFirst":true,"interactionType":"ENTER_TEXT"}]}
COMMAND: POST /session/33feadf69fce3727760203f60382e7b4/execute/async - {"script":"<script> [1562 bytes]","args":[{"selector":{"id":"application-manageresources-display-component---newResourceUnit--ITEM_TYPE-arrow"},"wdio_ui5_key":"applicationmanageresources-display-component---newResourceUnit--ITEM_TYPE-arrow"}]}
RESULT: {"script":"<script> [1562 bytes]","args":[{"selector":{"id":"application-manageresources-display-component---newResourceUnit--ITEM_TYPE-arrow"},"wdio_ui5_key":"applicationmanageresources-display-component---newResourceUnit--ITEM_TYPE-arrow"}]}
RESULT: undefined
COMMAND: POST /session/33feadf69fce3727760203f60382e7b4/element - {"using":"xpath","value":"//*[@id=\"application-manageresources-display-component---newResourceUnit--ITEM_TYPE-arrow\"]"}
RESULT: {"using":"xpath","value":"//*[@id=\"application-manageresources-display-component---newResourceUnit--ITEM_TYPE-arrow\"]"}
COMMAND: POST /session/33feadf69fce3727760203f60382e7b4/element/f.0F6343E821C8BA4EFA8EC9AC22083D68.d.6DF05AA4315B681502F293DF12C2C601.e.1537/click - {}
RESULT: {}
COMMAND: POST /session/33feadf69fce3727760203f60382e7b4/execute/async - {"script":"<script> [1562 bytes]","args":[{"selector":{"controlType":"sap.m.StandardListItem","viewName":"reusables.view.manageresources.NewResourceUnit","viewId":"application-manageresources-display-component---newResourceUnit","properties":{"title":"Resource Unit"},"searchOpenDialogs":true,"interaction":{"idSuffix":"titleText"}},"wdio_ui5_key":"reusablesview.manageresources.NewResourceUnitsap.m.StandardListItem{\"title\":\"Resource Unit\"}"}]}
COMMAND: GET /session/33feadf69fce3727760203f60382e7b4/screenshot - {}
RESULT: {"script":"<script> [1562 bytes]","args":[{"selector":{"controlType":"sap.m.StandardListItem","viewName":"reusables.view.manageresources.NewResourceUnit","viewId":"application-manageresources-display-component---newResourceUnit","properties":{"title":"Resource Unit"},"searchOpenDialogs":true,"interaction":{"idSuffix":"titleText"}},"wdio_ui5_key":"reusablesview.manageresources.NewResourceUnitsap.m.StandardListItem{\"title\":\"Resource Unit\"}"}]}
RESULT: undefined
COMMAND: POST /session/33feadf69fce3727760203f60382e7b4/element - {"using":"xpath","value":"//*[@id=\"__item593\"]"}
RESULT: {}
RESULT: {"using":"xpath","value":"//*[@id=\"__item593\"]"}
COMMAND: POST /session/33feadf69fce3727760203f60382e7b4/element/f.0F6343E821C8BA4EFA8EC9AC22083D68.d.6DF05AA4315B681502F293DF12C2C601.e.1539/click - {}
RESULT: {}
COMMAND: POST /session/33feadf69fce3727760203f60382e7b4/execute/async - {"script":"<script> [1562 bytes]","args":[{"selector":{"id":"application-manageresources-display-component---newResourceUnit--btnAddTimeSegment-img"},"wdio_ui5_key":"applicationmanageresources-display-component---newResourceUnit--btnAddTimeSegment-img"}]}
COMMAND: GET /session/33feadf69fce3727760203f60382e7b4/screenshot - {}
RESULT: {"script":"<script> [1562 bytes]","args":[{"selector":{"id":"application-manageresources-display-component---newResourceUnit--btnAddTimeSegment-img"},"wdio_ui5_key":"applicationmanageresources-display-component---newResourceUnit--btnAddTimeSegment-img"}]}
RESULT: undefined
COMMAND: POST /session/33feadf69fce3727760203f60382e7b4/element - {"using":"xpath","value":"//*[@id=\"application-manageresources-display-component---newResourceUnit--btnAddTimeSegment-img\"]"}
RESULT: {}
RESULT: {"using":"xpath","value":"//*[@id=\"application-manageresources-display-component---newResourceUnit--btnAddTimeSegment-img\"]"}
COMMAND: POST /session/33feadf69fce3727760203f60382e7b4/element/f.0F6343E821C8BA4EFA8EC9AC22083D68.d.6DF05AA4315B681502F293DF12C2C601.e.1546/click - {}
RESULT: {}
COMMAND: GET /session/33feadf69fce3727760203f60382e7b4/screenshot - {}
RESULT: {}
COMMAND: POST /session/33feadf69fce3727760203f60382e7b4/element - {"using":"xpath","value":"//input[@id=\"application-manageresources-display-component---newResourceUnit--idRuTSAdmin-application-manageresources-display-component---newResourceUnit--RUTimeSegment-0-inner\"]"}
RESULT: {"using":"xpath","value":"//input[@id=\"application-manageresources-display-component---newResourceUnit--idRuTSAdmin-application-manageresources-display-component---newResourceUnit--RUTimeSegment-0-inner\"]"}
COMMAND: POST /session/33feadf69fce3727760203f60382e7b4/element/f.0F6343E821C8BA4EFA8EC9AC22083D68.d.6DF05AA4315B681502F293DF12C2C601.e.1550/clear - {}
RESULT: {}
COMMAND: POST /session/33feadf69fce3727760203f60382e7b4/element/f.0F6343E821C8BA4EFA8EC9AC22083D68.d.6DF05AA4315B681502F293DF12C2C601.e.1550/value - {"text":"524"}
COMMAND: GET /session/33feadf69fce3727760203f60382e7b4/screenshot - {}
RESULT: {"text":"524"}
COMMAND: GET /session/33feadf69fce3727760203f60382e7b4/screenshot - {}
RESULT: {}
RESULT: {}
COMMAND: POST /session/33feadf69fce3727760203f60382e7b4/element - {"using":"xpath","value":"//li[.//span[text()='524']]"}
RESULT: {"using":"xpath","value":"//li[.//span[text()='524']]"}
COMMAND: POST /session/33feadf69fce3727760203f60382e7b4/element/f.0F6343E821C8BA4EFA8EC9AC22083D68.d.6DF05AA4315B681502F293DF12C2C601.e.1563/click - {}
RESULT: {}
COMMAND: GET /session/33feadf69fce3727760203f60382e7b4/screenshot - {}
RESULT: {}
COMMAND: POST /session/33feadf69fce3727760203f60382e7b4/execute/async - {"script":"<script> [1562 bytes]","args":[{"selector":{"controlType":"sap.ui.core.Icon","viewName":"reusables.view.manageresources.NewResourceUnit","viewId":"application-manageresources-display-component---newResourceUnit","properties":{"src":{"regex":{"source":"slim\\-arrow\\-down"}}},"ancestor":{"controlType":"sap.m.ComboBox","viewName":"reusables.view.manageresources.NewResourceUnit","viewId":"application-manageresources-display-component---newResourceUnit","bindingPath":{"path":"/RESOURCE_UNIT_TIME_SEQUENCES/0","propertyPath":"COST_OBJECT_ADMIN_CST_TYPE","modelName":"oNewRruModel"}}},"wdio_ui5_key":"reusablesview.manageresources.NewResourceUnitsap.ui.core.Icon{\"src\":{\"regex\":{\"source\":\"slim\\\\-arrow\\\\-down\"}}}{\"controlType\":\"sap.m.ComboBox\",\"viewName\":\"reusables.view.manageresources.NewResourceUnit\",\"viewId\":\"application-manageresources-display-component---newResourceUnit\",\"bindingPath\":{\"path\":\"/RESOURCE_UNIT_TIME_SEQUENCES/0\",\"propertyPath\":\"COST_OBJECT_ADMIN_CST_TYPE\",\"modelName\":\"oNewRruModel\"}}"}]}
RESULT: {"script":"<script> [1562 bytes]","args":[{"selector":{"controlType":"sap.ui.core.Icon","viewName":"reusables.view.manageresources.NewResourceUnit","viewId":"application-manageresources-display-component---newResourceUnit","properties":{"src":{"regex":{"source":"slim\\-arrow\\-down"}}},"ancestor":{"controlType":"sap.m.ComboBox","viewName":"reusables.view.manageresources.NewResourceUnit","viewId":"application-manageresources-display-component---newResourceUnit","bindingPath":{"path":"/RESOURCE_UNIT_TIME_SEQUENCES/0","propertyPath":"COST_OBJECT_ADMIN_CST_TYPE","modelName":"oNewRruModel"}}},"wdio_ui5_key":"reusablesview.manageresources.NewResourceUnitsap.ui.core.Icon{\"src\":{\"regex\":{\"source\":\"slim\\\\-arrow\\\\-down\"}}}{\"controlType\":\"sap.m.ComboBox\",\"viewName\":\"reusables.view.manageresources.NewResourceUnit\",\"viewId\":\"application-manageresources-display-component---newResourceUnit\",\"bindingPath\":{\"path\":\"/RESOURCE_UNIT_TIME_SEQUENCES/0\",\"propertyPath\":\"COST_OBJECT_ADMIN_CST_TYPE\",\"modelName\":\"oNewRruModel\"}}"}]}
RESULT: undefined
COMMAND: POST /session/33feadf69fce3727760203f60382e7b4/element - {"using":"xpath","value":"//*[@id=\"__box20-application-manageresources-display-component---newResourceUnit--RUTimeSegment-0-arrow\"]"}
RESULT: {"using":"xpath","value":"//*[@id=\"__box20-application-manageresources-display-component---newResourceUnit--RUTimeSegment-0-arrow\"]"}
COMMAND: POST /session/33feadf69fce3727760203f60382e7b4/element/f.0F6343E821C8BA4EFA8EC9AC22083D68.d.6DF05AA4315B681502F293DF12C2C601.e.1564/click - {}
RESULT: {}
COMMAND: POST /session/33feadf69fce3727760203f60382e7b4/execute/async - {"script":"<script> [1562 bytes]","args":[{"selector":{"controlType":"sap.m.StandardListItem","viewName":"reusables.view.manageresources.NewResourceUnit","viewId":"application-manageresources-display-component---newResourceUnit","properties":{"title":"PM Order"},"searchOpenDialogs":true,"interaction":{"idSuffix":"titleText"}},"wdio_ui5_key":"reusablesview.manageresources.NewResourceUnitsap.m.StandardListItem{\"title\":\"PM Order\"}"}]}
COMMAND: GET /session/33feadf69fce3727760203f60382e7b4/screenshot - {}
RESULT: {"script":"<script> [1562 bytes]","args":[{"selector":{"controlType":"sap.m.StandardListItem","viewName":"reusables.view.manageresources.NewResourceUnit","viewId":"application-manageresources-display-component---newResourceUnit","properties":{"title":"PM Order"},"searchOpenDialogs":true,"interaction":{"idSuffix":"titleText"}},"wdio_ui5_key":"reusablesview.manageresources.NewResourceUnitsap.m.StandardListItem{\"title\":\"PM Order\"}"}]}
RESULT: undefined
COMMAND: POST /session/33feadf69fce3727760203f60382e7b4/element - {"using":"xpath","value":"//*[@id=\"__item1032\"]"}
RESULT: {}
RESULT: {"using":"xpath","value":"//*[@id=\"__item1032\"]"}
COMMAND: POST /session/33feadf69fce3727760203f60382e7b4/element/f.0F6343E821C8BA4EFA8EC9AC22083D68.d.6DF05AA4315B681502F293DF12C2C601.e.1568/click - {}
RESULT: {}
COMMAND: GET /session/33feadf69fce3727760203f60382e7b4/screenshot - {}
RESULT: {}
COMMAND: POST /session/33feadf69fce3727760203f60382e7b4/element - {"using":"xpath","value":"(//input[contains(@id ,\"-application-manageresources-display-component---newResourceUnit--RUTimeSegment-0-inner\")])[8]"}
RESULT: {"using":"xpath","value":"(//input[contains(@id ,\"-application-manageresources-display-component---newResourceUnit--RUTimeSegment-0-inner\")])[8]"}
COMMAND: POST /session/33feadf69fce3727760203f60382e7b4/element/f.0F6343E821C8BA4EFA8EC9AC22083D68.d.6DF05AA4315B681502F293DF12C2C601.e.1571/clear - {}
RESULT: {}
COMMAND: POST /session/33feadf69fce3727760203f60382e7b4/element/f.0F6343E821C8BA4EFA8EC9AC22083D68.d.6DF05AA4315B681502F293DF12C2C601.e.1571/value - {"text":"4000360"}
COMMAND: GET /session/33feadf69fce3727760203f60382e7b4/screenshot - {}
RESULT: {"text":"4000360"}
COMMAND: GET /session/33feadf69fce3727760203f60382e7b4/screenshot - {}
RESULT: {}
RESULT: {}
COMMAND: POST /session/33feadf69fce3727760203f60382e7b4/actions - {"actions":[{"id":"action2","type":"key","parameters":{},"actions":[{"type":"keyDown","value":""},{"type":"pause","duration":10},{"type":"keyUp","value":""}]}]}
RESULT: {"actions":[{"id":"action2","type":"key","parameters":{},"actions":[{"type":"keyDown","value":""},{"type":"pause","duration":10},{"type":"keyUp","value":""}]}]}
COMMAND: GET /session/33feadf69fce3727760203f60382e7b4/screenshot - {}
RESULT: {}
COMMAND: POST /session/33feadf69fce3727760203f60382e7b4/execute/async - {"script":"<script> [1562 bytes]","args":[{"selector":{"id":"application-manageresources-display-component---newResourceUnit--newRRUPage-anchBar-application-manageresources-display-component---newResourceUnit--resource-anchor","interaction":{"idSuffix":"BDI-content"}},"wdio_ui5_key":"applicationmanageresources-display-component---newResourceUnit--newRRUPage-anchBar-application-manageresources-display-component---newResourceUnit--resource-anchor"}]}
RESULT: {"script":"<script> [1562 bytes]","args":[{"selector":{"id":"application-manageresources-display-component---newResourceUnit--newRRUPage-anchBar-application-manageresources-display-component---newResourceUnit--resource-anchor","interaction":{"idSuffix":"BDI-content"}},"wdio_ui5_key":"applicationmanageresources-display-component---newResourceUnit--newRRUPage-anchBar-application-manageresources-display-component---newResourceUnit--resource-anchor"}]}
RESULT: undefined
COMMAND: POST /session/33feadf69fce3727760203f60382e7b4/element - {"using":"xpath","value":"//*[@id=\"application-manageresources-display-component---newResourceUnit--newRRUPage-anchBar-application-manageresources-display-component---newResourceUnit--resource-anchor\"]"}
RESULT: {"using":"xpath","value":"//*[@id=\"application-manageresources-display-component---newResourceUnit--newRRUPage-anchBar-application-manageresources-display-component---newResourceUnit--resource-anchor\"]"}
COMMAND: POST /session/33feadf69fce3727760203f60382e7b4/element/f.0F6343E821C8BA4EFA8EC9AC22083D68.d.6DF05AA4315B681502F293DF12C2C601.e.1602/click - {}
RESULT: {}
COMMAND: POST /session/33feadf69fce3727760203f60382e7b4/execute/async - {"script":"<script> [1562 bytes]","args":[{"selector":{"id":"application-manageresources-display-component---newResourceUnit--PLANNED_DELIVERY_DATE","interaction":{"idSuffix":"inner"}},"wdio_ui5_key":"applicationmanageresources-display-component---newResourceUnit--PLANNED_DELIVERY_DATE"}]}
COMMAND: GET /session/33feadf69fce3727760203f60382e7b4/screenshot - {}
RESULT: {"script":"<script> [1562 bytes]","args":[{"selector":{"id":"application-manageresources-display-component---newResourceUnit--PLANNED_DELIVERY_DATE","interaction":{"idSuffix":"inner"}},"wdio_ui5_key":"applicationmanageresources-display-component---newResourceUnit--PLANNED_DELIVERY_DATE"}]}
RESULT: undefined
COMMAND: POST /session/33feadf69fce3727760203f60382e7b4/execute/async - {"script":"<script> [6424 bytes]","args":[{"element-6066-11e4-a52e-4f735466cecf":"f.0F6343E821C8BA4EFA8EC9AC22083D68.d.6DF05AA4315B681502F293DF12C2C601.e.1429"},"setValue",["5/31/25"]]}
RESULT: {}
RESULT: {"script":"<script> [6424 bytes]","args":[{"element-6066-11e4-a52e-4f735466cecf":"f.0F6343E821C8BA4EFA8EC9AC22083D68.d.6DF05AA4315B681502F293DF12C2C601.e.1429"},"setValue",["5/31/25"]]}
COMMAND: POST /session/33feadf69fce3727760203f60382e7b4/execute/async - {"script":"<script> [1562 bytes]","args":[{"selector":{"controlType":"sap.m.Button","viewName":"reusables.view.manageresources.NewResourceUnit","viewId":"application-manageresources-display-component---newResourceUnit","i18NText":{"propertyName":"tooltip","key":"save"},"interaction":{"idSuffix":"BDI-content"}},"wdio_ui5_key":"reusablesview.manageresources.NewResourceUnitsap.m.Button{\"propertyName\":\"tooltip\",\"key\":\"save\"}"}]}
RESULT: {"script":"<script> [1562 bytes]","args":[{"selector":{"controlType":"sap.m.Button","viewName":"reusables.view.manageresources.NewResourceUnit","viewId":"application-manageresources-display-component---newResourceUnit","i18NText":{"propertyName":"tooltip","key":"save"},"interaction":{"idSuffix":"BDI-content"}},"wdio_ui5_key":"reusablesview.manageresources.NewResourceUnitsap.m.Button{\"propertyName\":\"tooltip\",\"key\":\"save\"}"}]}
RESULT: undefined
COMMAND: POST /session/33feadf69fce3727760203f60382e7b4/element - {"using":"xpath","value":"//*[@id=\"application-manageresources-display-component---newResourceUnit--createRuButton\"]"}
RESULT: {"using":"xpath","value":"//*[@id=\"application-manageresources-display-component---newResourceUnit--createRuButton\"]"}
COMMAND: POST /session/33feadf69fce3727760203f60382e7b4/element/f.0F6343E821C8BA4EFA8EC9AC22083D68.d.6DF05AA4315B681502F293DF12C2C601.e.1389/click - {}
RESULT: {}
COMMAND: GET /session/33feadf69fce3727760203f60382e7b4/screenshot - {}
RESULT: {}
COMMAND: POST /session/33feadf69fce3727760203f60382e7b4/execute/async - {"script":"<script> [1562 bytes]","args":[{"selector":{"controlType":"sap.m.Button","properties":{"text":"Close"},"searchOpenDialogs":true,"interaction":{"idSuffix":"inner"}},"wdio_ui5_key":"sapm.Button{\"text\":\"Close\"}"}]}
RESULT: {"script":"<script> [1562 bytes]","args":[{"selector":{"controlType":"sap.m.Button","properties":{"text":"Close"},"searchOpenDialogs":true,"interaction":{"idSuffix":"inner"}},"wdio_ui5_key":"sapm.Button{\"text\":\"Close\"}"}]}
RESULT: undefined
COMMAND: POST /session/33feadf69fce3727760203f60382e7b4/element - {"using":"xpath","value":"//*[@id=\"__mbox-btn-0\"]"}
RESULT: {"using":"xpath","value":"//*[@id=\"__mbox-btn-0\"]"}
COMMAND: POST /session/33feadf69fce3727760203f60382e7b4/element/f.0F6343E821C8BA4EFA8EC9AC22083D68.d.6DF05AA4315B681502F293DF12C2C601.e.1608/click - {}
RESULT: {}
COMMAND: GET /session/33feadf69fce3727760203f60382e7b4/screenshot - {}
RESULT: {}
COMMAND: POST /session/33feadf69fce3727760203f60382e7b4/element - {"using":"xpath","value":"(//button[contains(@id ,\"actionsToolbar-overflowButton\")])[1]"}
RESULT: {"using":"xpath","value":"(//button[contains(@id ,\"actionsToolbar-overflowButton\")])[1]"}
COMMAND: POST /session/33feadf69fce3727760203f60382e7b4/element/f.0F6343E821C8BA4EFA8EC9AC22083D68.d.6DF05AA4315B681502F293DF12C2C601.e.1668/click - {}
RESULT: {}
COMMAND: GET /session/33feadf69fce3727760203f60382e7b4/screenshot - {}
RESULT: {}
COMMAND: POST /session/33feadf69fce3727760203f60382e7b4/execute/async - {"script":"<script> [1562 bytes]","args":[{"selector":{"controlType":"sap.m.Button","viewName":"etm.portal.ui.manageresources.view.Detail","viewId":"application-manageresources-display-component---detailRU","i18NText":{"propertyName":"text","key":"copy"},"searchOpenDialogs":true,"interaction":{"idSuffix":"BDI-content"}},"wdio_ui5_key":"etmportal.ui.manageresources.view.Detailsap.m.Button{\"propertyName\":\"text\",\"key\":\"copy\"}"}]}
RESULT: {"script":"<script> [1562 bytes]","args":[{"selector":{"controlType":"sap.m.Button","viewName":"etm.portal.ui.manageresources.view.Detail","viewId":"application-manageresources-display-component---detailRU","i18NText":{"propertyName":"text","key":"copy"},"searchOpenDialogs":true,"interaction":{"idSuffix":"BDI-content"}},"wdio_ui5_key":"etmportal.ui.manageresources.view.Detailsap.m.Button{\"propertyName\":\"text\",\"key\":\"copy\"}"}]}
RESULT: undefined
COMMAND: POST /session/33feadf69fce3727760203f60382e7b4/element - {"using":"xpath","value":"//*[@id=\"__button105\"]"}
RESULT: {"using":"xpath","value":"//*[@id=\"__button105\"]"}
COMMAND: POST /session/33feadf69fce3727760203f60382e7b4/element/f.0F6343E821C8BA4EFA8EC9AC22083D68.d.6DF05AA4315B681502F293DF12C2C601.e.1671/click - {}
RESULT: {}
COMMAND: POST /session/33feadf69fce3727760203f60382e7b4/execute/async - {"script":"<script> [1562 bytes]","args":[{"selector":{"controlType":"sap.m.Button","viewName":"etm.portal.ui.manageresources.view.Detail","viewId":"application-manageresources-display-component---detailRU","i18NText":{"propertyName":"text","key":"selectAll"},"searchOpenDialogs":true,"interaction":{"idSuffix":"BDI-content"}},"wdio_ui5_key":"etmportal.ui.manageresources.view.Detailsap.m.Button{\"propertyName\":\"text\",\"key\":\"selectAll\"}"}]}
COMMAND: GET /session/33feadf69fce3727760203f60382e7b4/screenshot - {}
RESULT: {"script":"<script> [1562 bytes]","args":[{"selector":{"controlType":"sap.m.Button","viewName":"etm.portal.ui.manageresources.view.Detail","viewId":"application-manageresources-display-component---detailRU","i18NText":{"propertyName":"text","key":"selectAll"},"searchOpenDialogs":true,"interaction":{"idSuffix":"BDI-content"}},"wdio_ui5_key":"etmportal.ui.manageresources.view.Detailsap.m.Button{\"propertyName\":\"text\",\"key\":\"selectAll\"}"}]}
RESULT: undefined
COMMAND: POST /session/33feadf69fce3727760203f60382e7b4/element - {"using":"xpath","value":"//*[@id=\"__button156\"]"}
RESULT: {}
RESULT: {"using":"xpath","value":"//*[@id=\"__button156\"]"}
COMMAND: POST /session/33feadf69fce3727760203f60382e7b4/element/f.0F6343E821C8BA4EFA8EC9AC22083D68.d.6DF05AA4315B681502F293DF12C2C601.e.1672/click - {}
RESULT: {}
COMMAND: POST /session/33feadf69fce3727760203f60382e7b4/execute/async - {"script":"<script> [1562 bytes]","args":[{"selector":{"controlType":"sap.m.Button","viewName":"etm.portal.ui.manageresources.view.Detail","viewId":"application-manageresources-display-component---detailRU","i18NText":{"propertyName":"text","key":"confirm"},"searchOpenDialogs":true,"interaction":{"idSuffix":"BDI-content"}},"wdio_ui5_key":"etmportal.ui.manageresources.view.Detailsap.m.Button{\"propertyName\":\"text\",\"key\":\"confirm\"}"}]}
COMMAND: GET /session/33feadf69fce3727760203f60382e7b4/screenshot - {}
RESULT: {"script":"<script> [1562 bytes]","args":[{"selector":{"controlType":"sap.m.Button","viewName":"etm.portal.ui.manageresources.view.Detail","viewId":"application-manageresources-display-component---detailRU","i18NText":{"propertyName":"text","key":"confirm"},"searchOpenDialogs":true,"interaction":{"idSuffix":"BDI-content"}},"wdio_ui5_key":"etmportal.ui.manageresources.view.Detailsap.m.Button{\"propertyName\":\"text\",\"key\":\"confirm\"}"}]}
RESULT: undefined
COMMAND: POST /session/33feadf69fce3727760203f60382e7b4/element - {"using":"xpath","value":"//*[@id=\"__button157\"]"}
RESULT: {}
RESULT: {"using":"xpath","value":"//*[@id=\"__button157\"]"}
COMMAND: POST /session/33feadf69fce3727760203f60382e7b4/element/f.0F6343E821C8BA4EFA8EC9AC22083D68.d.6DF05AA4315B681502F293DF12C2C601.e.1697/click - {}
RESULT: {}
COMMAND: GET /session/33feadf69fce3727760203f60382e7b4/screenshot - {}
RESULT: {}
COMMAND: POST /session/33feadf69fce3727760203f60382e7b4/execute/async - {"script":"<script> [1562 bytes]","args":[{"selector":{"id":"application-manageresources-display-component---newResourceUnit--newRRUPage-anchBar-application-manageresources-display-component---newResourceUnit--general-anchor","interaction":{"idSuffix":"BDI-content"}},"wdio_ui5_key":"applicationmanageresources-display-component---newResourceUnit--newRRUPage-anchBar-application-manageresources-display-component---newResourceUnit--general-anchor"}]}
RESULT: {"script":"<script> [1562 bytes]","args":[{"selector":{"id":"application-manageresources-display-component---newResourceUnit--newRRUPage-anchBar-application-manageresources-display-component---newResourceUnit--general-anchor","interaction":{"idSuffix":"BDI-content"}},"wdio_ui5_key":"applicationmanageresources-display-component---newResourceUnit--newRRUPage-anchBar-application-manageresources-display-component---newResourceUnit--general-anchor"}]}
RESULT: undefined
COMMAND: POST /session/33feadf69fce3727760203f60382e7b4/element - {"using":"xpath","value":"//*[@id=\"application-manageresources-display-component---newResourceUnit--newRRUPage-anchBar-application-manageresources-display-component---newResourceUnit--general-anchor\"]"}
RESULT: {"using":"xpath","value":"//*[@id=\"application-manageresources-display-component---newResourceUnit--newRRUPage-anchBar-application-manageresources-display-component---newResourceUnit--general-anchor\"]"}
COMMAND: POST /session/33feadf69fce3727760203f60382e7b4/element/f.0F6343E821C8BA4EFA8EC9AC22083D68.d.6DF05AA4315B681502F293DF12C2C601.e.1703/click - {}
RESULT: {}
COMMAND: GET /session/33feadf69fce3727760203f60382e7b4/screenshot - {}
RESULT: {}
COMMAND: POST /session/33feadf69fce3727760203f60382e7b4/actions - {"actions":[{"type":"key","id":"keyboard","actions":[{"type":"keyDown","value":""}]}]}
RESULT: {"actions":[{"type":"key","id":"keyboard","actions":[{"type":"keyDown","value":""}]}]}
COMMAND: GET /session/33feadf69fce3727760203f60382e7b4/screenshot - {}
RESULT: {}
RESULT: undefined
COMMAND: POST /session/33feadf69fce3727760203f60382e7b4/execute/async - {"script":"<script> [776 bytes]","args":[{"enterText":"Th9XpEQa4_2","selector":{"id":"application-manageresources-display-component---newResourceUnit--resourceId","interaction":{"idSuffix":"inner"}},"clearTextFirst":true,"interactionType":"ENTER_TEXT"}]}
RESULT: {"script":"<script> [776 bytes]","args":[{"enterText":"Th9XpEQa4_2","selector":{"id":"application-manageresources-display-component---newResourceUnit--resourceId","interaction":{"idSuffix":"inner"}},"clearTextFirst":true,"interactionType":"ENTER_TEXT"}]}
RESULT: undefined
RESULT: undefined
COMMAND: POST /session/33feadf69fce3727760203f60382e7b4/execute/async - {"script":"<script> [776 bytes]","args":[{"enterText":"Th9XpEQa4_2","selector":{"id":"application-manageresources-display-component---newResourceUnit--SHORT_TEXT","interaction":{"idSuffix":"inner"}},"clearTextFirst":true,"interactionType":"ENTER_TEXT"}]}
RESULT: {"script":"<script> [776 bytes]","args":[{"enterText":"Th9XpEQa4_2","selector":{"id":"application-manageresources-display-component---newResourceUnit--SHORT_TEXT","interaction":{"idSuffix":"inner"}},"clearTextFirst":true,"interactionType":"ENTER_TEXT"}]}
RESULT: undefined
COMMAND: POST /session/33feadf69fce3727760203f60382e7b4/element - {"using":"xpath","value":"//*[@id=\"application-manageresources-display-component---newResourceUnit--createRuButton\"]"}
RESULT: {"using":"xpath","value":"//*[@id=\"application-manageresources-display-component---newResourceUnit--createRuButton\"]"}
COMMAND: POST /session/33feadf69fce3727760203f60382e7b4/element/f.0F6343E821C8BA4EFA8EC9AC22083D68.d.6DF05AA4315B681502F293DF12C2C601.e.1389/click - {}
RESULT: {}
COMMAND: GET /session/33feadf69fce3727760203f60382e7b4/screenshot - {}
RESULT: {}
COMMAND: POST /session/33feadf69fce3727760203f60382e7b4/element - {"using":"xpath","value":"//bdi[contains(text(), \"Close\")]"}
RESULT: {"using":"xpath","value":"//bdi[contains(text(), \"Close\")]"}
COMMAND: POST /session/33feadf69fce3727760203f60382e7b4/element/f.0F6343E821C8BA4EFA8EC9AC22083D68.d.6DF05AA4315B681502F293DF12C2C601.e.1719/click - {}
RESULT: {}
COMMAND: GET /session/33feadf69fce3727760203f60382e7b4/screenshot - {}
RESULT: {}
COMMAND: POST /session/33feadf69fce3727760203f60382e7b4/element - {"using":"css selector","value":"#shell-header-logo"}
RESULT: {"using":"css selector","value":"#shell-header-logo"}
COMMAND: POST /session/33feadf69fce3727760203f60382e7b4/element/f.0F6343E821C8BA4EFA8EC9AC22083D68.d.6DF05AA4315B681502F293DF12C2C601.e.983/click - {}
RESULT: {}
COMMAND: GET /session/33feadf69fce3727760203f60382e7b4/screenshot - {}
RESULT: {}
]]></system-out>
    </testcase>
    <testcase classname="chrome.136_0_7103_93.windows.Bill_of_Resources_tests_for_bundle_creation_&amp;_replenishment_US131067_US131070" name="Should do a stock increase for the equipments" time="82.916">
      <system-out><![CDATA[
COMMAND: POST /session/33feadf69fce3727760203f60382e7b4/execute/async - {"script":"<script> [1562 bytes]","args":[{"selector":{"controlType":"sap.m.GenericTile","properties":{"header":"Manage Handovers"}},"wdio_ui5_key":"sapm.GenericTile{\"header\":\"Manage Handovers\"}"}]}
RESULT: {"script":"<script> [1562 bytes]","args":[{"selector":{"controlType":"sap.m.GenericTile","properties":{"header":"Manage Handovers"}},"wdio_ui5_key":"sapm.GenericTile{\"header\":\"Manage Handovers\"}"}]}
RESULT: undefined
COMMAND: POST /session/33feadf69fce3727760203f60382e7b4/element - {"using":"xpath","value":"//*[@id=\"__tile132\"]"}
RESULT: {"using":"xpath","value":"//*[@id=\"__tile132\"]"}
COMMAND: POST /session/33feadf69fce3727760203f60382e7b4/element/f.0F6343E821C8BA4EFA8EC9AC22083D68.d.6DF05AA4315B681502F293DF12C2C601.e.207/click - {}
RESULT: {}
COMMAND: GET /session/33feadf69fce3727760203f60382e7b4/screenshot - {}
RESULT: {}
COMMAND: POST /session/33feadf69fce3727760203f60382e7b4/elements - {"using":"xpath","value":"//span[text()='Error']"}
RESULT: {"using":"xpath","value":"//span[text()='Error']"}
COMMAND: POST /session/33feadf69fce3727760203f60382e7b4/element - {"using":"xpath","value":"//button[@data-kt=\"masterHOAddButton\"]"}
RESULT: {"using":"xpath","value":"//button[@data-kt=\"masterHOAddButton\"]"}
COMMAND: POST /session/33feadf69fce3727760203f60382e7b4/elements - {"using":"xpath","value":"//button[@data-kt=\"masterHOAddButton\"]"}
RESULT: {"using":"xpath","value":"//button[@data-kt=\"masterHOAddButton\"]"}
COMMAND: POST /session/33feadf69fce3727760203f60382e7b4/execute/sync - {"script":"<script> [8489 bytes]","args":[{"element-6066-11e4-a52e-4f735466cecf":"f.0F6343E821C8BA4EFA8EC9AC22083D68.d.6DF05AA4315B681502F293DF12C2C601.e.1756","ELEMENT":"f.0F6343E821C8BA4EFA8EC9AC22083D68.d.6DF05AA4315B681502F293DF12C2C601.e.1756"}]}
RESULT: {"script":"<script> [8489 bytes]","args":[{"element-6066-11e4-a52e-4f735466cecf":"f.0F6343E821C8BA4EFA8EC9AC22083D68.d.6DF05AA4315B681502F293DF12C2C601.e.1756","ELEMENT":"f.0F6343E821C8BA4EFA8EC9AC22083D68.d.6DF05AA4315B681502F293DF12C2C601.e.1756"}]}
COMMAND: GET /session/33feadf69fce3727760203f60382e7b4/element/f.0F6343E821C8BA4EFA8EC9AC22083D68.d.6DF05AA4315B681502F293DF12C2C601.e.1756/enabled - {}
COMMAND: GET /session/33feadf69fce3727760203f60382e7b4/screenshot - {}
RESULT: {}
COMMAND: POST /session/33feadf69fce3727760203f60382e7b4/execute/sync - {"script":"<script> [8489 bytes]","args":[{"element-6066-11e4-a52e-4f735466cecf":"f.0F6343E821C8BA4EFA8EC9AC22083D68.d.6DF05AA4315B681502F293DF12C2C601.e.1756","ELEMENT":"f.0F6343E821C8BA4EFA8EC9AC22083D68.d.6DF05AA4315B681502F293DF12C2C601.e.1756"}]}
COMMAND: GET /session/33feadf69fce3727760203f60382e7b4/screenshot - {}
RESULT: {}
RESULT: {"script":"<script> [8489 bytes]","args":[{"element-6066-11e4-a52e-4f735466cecf":"f.0F6343E821C8BA4EFA8EC9AC22083D68.d.6DF05AA4315B681502F293DF12C2C601.e.1756","ELEMENT":"f.0F6343E821C8BA4EFA8EC9AC22083D68.d.6DF05AA4315B681502F293DF12C2C601.e.1756"}]}
COMMAND: POST /session/33feadf69fce3727760203f60382e7b4/execute/sync - {"script":"<script> [5351 bytes]","args":[{"element-6066-11e4-a52e-4f735466cecf":"f.0F6343E821C8BA4EFA8EC9AC22083D68.d.6DF05AA4315B681502F293DF12C2C601.e.1756","ELEMENT":"f.0F6343E821C8BA4EFA8EC9AC22083D68.d.6DF05AA4315B681502F293DF12C2C601.e.1756"}]}
COMMAND: GET /session/33feadf69fce3727760203f60382e7b4/screenshot - {}
RESULT: {}
RESULT: {"script":"<script> [5351 bytes]","args":[{"element-6066-11e4-a52e-4f735466cecf":"f.0F6343E821C8BA4EFA8EC9AC22083D68.d.6DF05AA4315B681502F293DF12C2C601.e.1756","ELEMENT":"f.0F6343E821C8BA4EFA8EC9AC22083D68.d.6DF05AA4315B681502F293DF12C2C601.e.1756"}]}
COMMAND: POST /session/33feadf69fce3727760203f60382e7b4/element/f.0F6343E821C8BA4EFA8EC9AC22083D68.d.6DF05AA4315B681502F293DF12C2C601.e.1756/click - {}
COMMAND: GET /session/33feadf69fce3727760203f60382e7b4/screenshot - {}
RESULT: {}
RESULT: {}
COMMAND: GET /session/33feadf69fce3727760203f60382e7b4/screenshot - {}
RESULT: {}
RESULT: {}
COMMAND: POST /session/33feadf69fce3727760203f60382e7b4/element - {"using":"xpath","value":"//span[contains(@id ,\"AddNewHO--typeSelect-arrow\")]"}
RESULT: {"using":"xpath","value":"//span[contains(@id ,\"AddNewHO--typeSelect-arrow\")]"}
COMMAND: POST /session/33feadf69fce3727760203f60382e7b4/element/f.0F6343E821C8BA4EFA8EC9AC22083D68.d.6DF05AA4315B681502F293DF12C2C601.e.2097/click - {}
RESULT: {}
COMMAND: GET /session/33feadf69fce3727760203f60382e7b4/screenshot - {}
RESULT: {}
COMMAND: POST /session/33feadf69fce3727760203f60382e7b4/element - {"using":"xpath","value":"(//li[contains(text(), \"stock increase yard\")])[1]"}
RESULT: {"using":"xpath","value":"(//li[contains(text(), \"stock increase yard\")])[1]"}
COMMAND: POST /session/33feadf69fce3727760203f60382e7b4/element/f.0F6343E821C8BA4EFA8EC9AC22083D68.d.6DF05AA4315B681502F293DF12C2C601.e.2098/click - {}
RESULT: {}
COMMAND: GET /session/33feadf69fce3727760203f60382e7b4/screenshot - {}
RESULT: {}
COMMAND: POST /session/33feadf69fce3727760203f60382e7b4/execute/async - {"script":"<script> [1562 bytes]","args":[{"selector":{"id":"application-managehandovers-display-component---AddNewHO--dueDate","interaction":{"idSuffix":"inner"}},"wdio_ui5_key":"applicationmanagehandovers-display-component---AddNewHO--dueDate"}]}
RESULT: {"script":"<script> [1562 bytes]","args":[{"selector":{"id":"application-managehandovers-display-component---AddNewHO--dueDate","interaction":{"idSuffix":"inner"}},"wdio_ui5_key":"applicationmanagehandovers-display-component---AddNewHO--dueDate"}]}
RESULT: undefined
COMMAND: POST /session/33feadf69fce3727760203f60382e7b4/execute/async - {"script":"<script> [6424 bytes]","args":[{"element-6066-11e4-a52e-4f735466cecf":"f.0F6343E821C8BA4EFA8EC9AC22083D68.d.6DF05AA4315B681502F293DF12C2C601.e.2100"},"setValue",["05/31/25"]]}
RESULT: {"script":"<script> [6424 bytes]","args":[{"element-6066-11e4-a52e-4f735466cecf":"f.0F6343E821C8BA4EFA8EC9AC22083D68.d.6DF05AA4315B681502F293DF12C2C601.e.2100"},"setValue",["05/31/25"]]}
COMMAND: POST /session/33feadf69fce3727760203f60382e7b4/element - {"using":"xpath","value":"//input[@id=\"generalSectionFrg--receiveYard-inner\"]"}
RESULT: {"using":"xpath","value":"//input[@id=\"generalSectionFrg--receiveYard-inner\"]"}
COMMAND: POST /session/33feadf69fce3727760203f60382e7b4/element/f.0F6343E821C8BA4EFA8EC9AC22083D68.d.6DF05AA4315B681502F293DF12C2C601.e.2106/clear - {}
RESULT: {}
COMMAND: POST /session/33feadf69fce3727760203f60382e7b4/element/f.0F6343E821C8BA4EFA8EC9AC22083D68.d.6DF05AA4315B681502F293DF12C2C601.e.2106/value - {"text":"524"}
COMMAND: GET /session/33feadf69fce3727760203f60382e7b4/screenshot - {}
RESULT: {"text":"524"}
COMMAND: GET /session/33feadf69fce3727760203f60382e7b4/screenshot - {}
RESULT: {}
RESULT: {}
COMMAND: POST /session/33feadf69fce3727760203f60382e7b4/element - {"using":"xpath","value":"//li[.//span[text()='524']]"}
RESULT: {"using":"xpath","value":"//li[.//span[text()='524']]"}
COMMAND: POST /session/33feadf69fce3727760203f60382e7b4/element/f.0F6343E821C8BA4EFA8EC9AC22083D68.d.6DF05AA4315B681502F293DF12C2C601.e.2124/click - {}
RESULT: {}
COMMAND: GET /session/33feadf69fce3727760203f60382e7b4/screenshot - {}
RESULT: {}
COMMAND: POST /session/33feadf69fce3727760203f60382e7b4/execute/async - {"script":"<script> [1562 bytes]","args":[{"selector":{"id":"application-managehandovers-display-component---AddNewHO--ObjectPageLayout-anchBar-application-managehandovers-display-component---AddNewHO--section4-anchor","interaction":{"idSuffix":"BDI-content"}},"wdio_ui5_key":"applicationmanagehandovers-display-component---AddNewHO--ObjectPageLayout-anchBar-application-managehandovers-display-component---AddNewHO--section4-anchor"}]}
RESULT: {"script":"<script> [1562 bytes]","args":[{"selector":{"id":"application-managehandovers-display-component---AddNewHO--ObjectPageLayout-anchBar-application-managehandovers-display-component---AddNewHO--section4-anchor","interaction":{"idSuffix":"BDI-content"}},"wdio_ui5_key":"applicationmanagehandovers-display-component---AddNewHO--ObjectPageLayout-anchBar-application-managehandovers-display-component---AddNewHO--section4-anchor"}]}
RESULT: undefined
COMMAND: POST /session/33feadf69fce3727760203f60382e7b4/element - {"using":"xpath","value":"//*[@id=\"application-managehandovers-display-component---AddNewHO--ObjectPageLayout-anchBar-application-managehandovers-display-component---AddNewHO--section4-anchor\"]"}
RESULT: {"using":"xpath","value":"//*[@id=\"application-managehandovers-display-component---AddNewHO--ObjectPageLayout-anchBar-application-managehandovers-display-component---AddNewHO--section4-anchor\"]"}
COMMAND: POST /session/33feadf69fce3727760203f60382e7b4/element/f.0F6343E821C8BA4EFA8EC9AC22083D68.d.6DF05AA4315B681502F293DF12C2C601.e.2126/click - {}
RESULT: {}
COMMAND: POST /session/33feadf69fce3727760203f60382e7b4/execute/async - {"script":"<script> [1562 bytes]","args":[{"selector":{"controlType":"sap.ui.core.Icon","viewName":"etm.portal.ui.managehandovers.view.AddNewHO","viewId":"application-managehandovers-display-component---AddNewHO","properties":{"src":{"regex":{"source":"add"}}}},"wdio_ui5_key":"etmportal.ui.managehandovers.view.AddNewHOsap.ui.core.Icon{\"src\":{\"regex\":{\"source\":\"add\"}}}"}]}
COMMAND: GET /session/33feadf69fce3727760203f60382e7b4/screenshot - {}
RESULT: {"script":"<script> [1562 bytes]","args":[{"selector":{"controlType":"sap.ui.core.Icon","viewName":"etm.portal.ui.managehandovers.view.AddNewHO","viewId":"application-managehandovers-display-component---AddNewHO","properties":{"src":{"regex":{"source":"add"}}}},"wdio_ui5_key":"etmportal.ui.managehandovers.view.AddNewHOsap.ui.core.Icon{\"src\":{\"regex\":{\"source\":\"add\"}}}"}]}
RESULT: undefined
COMMAND: POST /session/33feadf69fce3727760203f60382e7b4/element - {"using":"xpath","value":"//*[@id=\"__button184-img\"]"}
RESULT: {}
RESULT: {"using":"xpath","value":"//*[@id=\"__button184-img\"]"}
COMMAND: POST /session/33feadf69fce3727760203f60382e7b4/element/f.0F6343E821C8BA4EFA8EC9AC22083D68.d.6DF05AA4315B681502F293DF12C2C601.e.2130/click - {}
RESULT: {}
COMMAND: POST /session/33feadf69fce3727760203f60382e7b4/execute/async - {"script":"<script> [1562 bytes]","args":[{"selector":{"id":"application-managehandovers-display-component---AddNewHO--smartFilterBar-btnBasicSearch","searchOpenDialogs":true,"interaction":{"idSuffix":"I"}},"wdio_ui5_key":"applicationmanagehandovers-display-component---AddNewHO--smartFilterBar-btnBasicSearch"}]}
COMMAND: GET /session/33feadf69fce3727760203f60382e7b4/screenshot - {}
RESULT: {"script":"<script> [1562 bytes]","args":[{"selector":{"id":"application-managehandovers-display-component---AddNewHO--smartFilterBar-btnBasicSearch","searchOpenDialogs":true,"interaction":{"idSuffix":"I"}},"wdio_ui5_key":"applicationmanagehandovers-display-component---AddNewHO--smartFilterBar-btnBasicSearch"}]}
RESULT: undefined
COMMAND: POST /session/33feadf69fce3727760203f60382e7b4/execute/async - {"script":"<script> [776 bytes]","args":[{"enterText":"Th9XpEQa4_","selector":{"id":"application-managehandovers-display-component---AddNewHO--smartFilterBar-btnBasicSearch","searchOpenDialogs":true,"interaction":{"idSuffix":"I"}},"clearTextFirst":true,"interactionType":"ENTER_TEXT"}]}
RESULT: {}
RESULT: {"script":"<script> [776 bytes]","args":[{"enterText":"Th9XpEQa4_","selector":{"id":"application-managehandovers-display-component---AddNewHO--smartFilterBar-btnBasicSearch","searchOpenDialogs":true,"interaction":{"idSuffix":"I"}},"clearTextFirst":true,"interactionType":"ENTER_TEXT"}]}
COMMAND: POST /session/33feadf69fce3727760203f60382e7b4/actions - {"actions":[{"id":"action3","type":"key","parameters":{},"actions":[{"type":"keyDown","value":""},{"type":"pause","duration":10},{"type":"keyUp","value":""}]}]}
RESULT: {"actions":[{"id":"action3","type":"key","parameters":{},"actions":[{"type":"keyDown","value":""},{"type":"pause","duration":10},{"type":"keyUp","value":""}]}]}
COMMAND: POST /session/33feadf69fce3727760203f60382e7b4/execute/async - {"script":"<script> [1562 bytes]","args":[{"selector":{"id":"application-managehandovers-display-component---AddNewHO--popup-sa","searchOpenDialogs":true,"interaction":{"idSuffix":"CbBg"}},"wdio_ui5_key":"applicationmanagehandovers-display-component---AddNewHO--popup-sa"}]}
COMMAND: GET /session/33feadf69fce3727760203f60382e7b4/screenshot - {}
RESULT: {"script":"<script> [1562 bytes]","args":[{"selector":{"id":"application-managehandovers-display-component---AddNewHO--popup-sa","searchOpenDialogs":true,"interaction":{"idSuffix":"CbBg"}},"wdio_ui5_key":"applicationmanagehandovers-display-component---AddNewHO--popup-sa"}]}
RESULT: undefined
COMMAND: POST /session/33feadf69fce3727760203f60382e7b4/element - {"using":"xpath","value":"//*[@id=\"application-managehandovers-display-component---AddNewHO--popup-sa\"]"}
RESULT: {}
RESULT: {"using":"xpath","value":"//*[@id=\"application-managehandovers-display-component---AddNewHO--popup-sa\"]"}
COMMAND: POST /session/33feadf69fce3727760203f60382e7b4/element/f.0F6343E821C8BA4EFA8EC9AC22083D68.d.6DF05AA4315B681502F293DF12C2C601.e.2286/click - {}
RESULT: {}
COMMAND: POST /session/33feadf69fce3727760203f60382e7b4/execute/async - {"script":"<script> [1562 bytes]","args":[{"selector":{"controlType":"sap.m.Button","viewName":"etm.portal.ui.managehandovers.view.AddNewHO","viewId":"application-managehandovers-display-component---AddNewHO","i18NText":{"propertyName":"text","key":"select"},"searchOpenDialogs":true,"interaction":{"idSuffix":"BDI-content"}},"wdio_ui5_key":"etmportal.ui.managehandovers.view.AddNewHOsap.m.Button{\"propertyName\":\"text\",\"key\":\"select\"}"}]}
COMMAND: GET /session/33feadf69fce3727760203f60382e7b4/screenshot - {}
RESULT: {"script":"<script> [1562 bytes]","args":[{"selector":{"controlType":"sap.m.Button","viewName":"etm.portal.ui.managehandovers.view.AddNewHO","viewId":"application-managehandovers-display-component---AddNewHO","i18NText":{"propertyName":"text","key":"select"},"searchOpenDialogs":true,"interaction":{"idSuffix":"BDI-content"}},"wdio_ui5_key":"etmportal.ui.managehandovers.view.AddNewHOsap.m.Button{\"propertyName\":\"text\",\"key\":\"select\"}"}]}
RESULT: undefined
COMMAND: POST /session/33feadf69fce3727760203f60382e7b4/element - {"using":"xpath","value":"//*[@id=\"__button187\"]"}
RESULT: {}
RESULT: {"using":"xpath","value":"//*[@id=\"__button187\"]"}
COMMAND: POST /session/33feadf69fce3727760203f60382e7b4/element/f.0F6343E821C8BA4EFA8EC9AC22083D68.d.6DF05AA4315B681502F293DF12C2C601.e.2288/click - {}
RESULT: {}
COMMAND: POST /session/33feadf69fce3727760203f60382e7b4/execute/async - {"script":"<script> [1562 bytes]","args":[{"selector":{"id":"application-managehandovers-display-component---AddNewHO--confirmCreationButton","interaction":{"idSuffix":"BDI-content"}},"wdio_ui5_key":"applicationmanagehandovers-display-component---AddNewHO--confirmCreationButton"}]}
COMMAND: GET /session/33feadf69fce3727760203f60382e7b4/screenshot - {}
RESULT: {"script":"<script> [1562 bytes]","args":[{"selector":{"id":"application-managehandovers-display-component---AddNewHO--confirmCreationButton","interaction":{"idSuffix":"BDI-content"}},"wdio_ui5_key":"applicationmanagehandovers-display-component---AddNewHO--confirmCreationButton"}]}
RESULT: undefined
COMMAND: POST /session/33feadf69fce3727760203f60382e7b4/element - {"using":"xpath","value":"//*[@id=\"application-managehandovers-display-component---AddNewHO--confirmCreationButton\"]"}
RESULT: {}
RESULT: {"using":"xpath","value":"//*[@id=\"application-managehandovers-display-component---AddNewHO--confirmCreationButton\"]"}
COMMAND: POST /session/33feadf69fce3727760203f60382e7b4/element/f.0F6343E821C8BA4EFA8EC9AC22083D68.d.6DF05AA4315B681502F293DF12C2C601.e.2304/click - {}
RESULT: {}
COMMAND: GET /session/33feadf69fce3727760203f60382e7b4/screenshot - {}
RESULT: {}
COMMAND: POST /session/33feadf69fce3727760203f60382e7b4/execute/async - {"script":"<script> [1562 bytes]","args":[{"selector":{"id":"receiptDatePicker","viewName":"etm.portal.ui.managehandovers.view.DetailExecuteHO","interaction":{"idSuffix":"inner"}},"wdio_ui5_key":"receiptDatePickeretmportal.ui.managehandovers.view.DetailExecuteHO"}]}
RESULT: {"script":"<script> [1562 bytes]","args":[{"selector":{"id":"receiptDatePicker","viewName":"etm.portal.ui.managehandovers.view.DetailExecuteHO","interaction":{"idSuffix":"inner"}},"wdio_ui5_key":"receiptDatePickeretmportal.ui.managehandovers.view.DetailExecuteHO"}]}
RESULT: undefined
COMMAND: POST /session/33feadf69fce3727760203f60382e7b4/execute/async - {"script":"<script> [6424 bytes]","args":[{"element-6066-11e4-a52e-4f735466cecf":"f.0F6343E821C8BA4EFA8EC9AC22083D68.d.6DF05AA4315B681502F293DF12C2C601.e.2334"},"setValue",["05/31/25"]]}
RESULT: {"script":"<script> [6424 bytes]","args":[{"element-6066-11e4-a52e-4f735466cecf":"f.0F6343E821C8BA4EFA8EC9AC22083D68.d.6DF05AA4315B681502F293DF12C2C601.e.2334"},"setValue",["05/31/25"]]}
COMMAND: POST /session/33feadf69fce3727760203f60382e7b4/element - {"using":"xpath","value":"//button[@data-kt=\"ReceivingTableConfirmAllButton\"]"}
RESULT: {"using":"xpath","value":"//button[@data-kt=\"ReceivingTableConfirmAllButton\"]"}
COMMAND: POST /session/33feadf69fce3727760203f60382e7b4/element/f.0F6343E821C8BA4EFA8EC9AC22083D68.d.6DF05AA4315B681502F293DF12C2C601.e.2357/click - {}
RESULT: {}
COMMAND: GET /session/33feadf69fce3727760203f60382e7b4/screenshot - {}
RESULT: {}
COMMAND: POST /session/33feadf69fce3727760203f60382e7b4/element - {"using":"xpath","value":"//bdi[contains(text(), \"OK\")]"}
RESULT: {"using":"xpath","value":"//bdi[contains(text(), \"OK\")]"}
COMMAND: POST /session/33feadf69fce3727760203f60382e7b4/element/f.0F6343E821C8BA4EFA8EC9AC22083D68.d.6DF05AA4315B681502F293DF12C2C601.e.2359/click - {}
RESULT: {}
COMMAND: GET /session/33feadf69fce3727760203f60382e7b4/screenshot - {}
RESULT: {}
COMMAND: POST /session/33feadf69fce3727760203f60382e7b4/execute/async - {"script":"<script> [1562 bytes]","args":[{"selector":{"id":"confirmationButton","viewName":"etm.portal.ui.managehandovers.view.DetailExecuteHO","interaction":{"idSuffix":"BDI-content"}},"wdio_ui5_key":"confirmationButtonetmportal.ui.managehandovers.view.DetailExecuteHO"}]}
RESULT: {"script":"<script> [1562 bytes]","args":[{"selector":{"id":"confirmationButton","viewName":"etm.portal.ui.managehandovers.view.DetailExecuteHO","interaction":{"idSuffix":"BDI-content"}},"wdio_ui5_key":"confirmationButtonetmportal.ui.managehandovers.view.DetailExecuteHO"}]}
RESULT: undefined
COMMAND: POST /session/33feadf69fce3727760203f60382e7b4/element - {"using":"xpath","value":"(//bdi[contains(text(), \"Receive\")])[2]"}
RESULT: {"using":"xpath","value":"(//bdi[contains(text(), \"Receive\")])[2]"}
COMMAND: POST /session/33feadf69fce3727760203f60382e7b4/element/f.0F6343E821C8BA4EFA8EC9AC22083D68.d.6DF05AA4315B681502F293DF12C2C601.e.2361/click - {}
RESULT: {}
COMMAND: GET /session/33feadf69fce3727760203f60382e7b4/screenshot - {}
RESULT: {}
COMMAND: POST /session/33feadf69fce3727760203f60382e7b4/element - {"using":"css selector","value":"#shell-header-logo"}
RESULT: {"using":"css selector","value":"#shell-header-logo"}
COMMAND: POST /session/33feadf69fce3727760203f60382e7b4/element/f.0F6343E821C8BA4EFA8EC9AC22083D68.d.6DF05AA4315B681502F293DF12C2C601.e.1725/click - {}
RESULT: {}
COMMAND: GET /session/33feadf69fce3727760203f60382e7b4/screenshot - {}
RESULT: {}
]]></system-out>
    </testcase>
    <testcase classname="chrome.136_0_7103_93.windows.Bill_of_Resources_tests_for_bundle_creation_&amp;_replenishment_US131067_US131070" name="Should create a new bundle with the 2 RUs using onto first one US131067" time="60.773">
      <system-out><![CDATA[
COMMAND: POST /session/33feadf69fce3727760203f60382e7b4/execute/async - {"script":"<script> [1562 bytes]","args":[{"selector":{"controlType":"sap.m.GenericTile","properties":{"header":"Bill Of Resources"}},"wdio_ui5_key":"sapm.GenericTile{\"header\":\"Bill Of Resources\"}"}]}
RESULT: {"script":"<script> [1562 bytes]","args":[{"selector":{"controlType":"sap.m.GenericTile","properties":{"header":"Bill Of Resources"}},"wdio_ui5_key":"sapm.GenericTile{\"header\":\"Bill Of Resources\"}"}]}
RESULT: undefined
COMMAND: POST /session/33feadf69fce3727760203f60382e7b4/element - {"using":"xpath","value":"//*[@id=\"__tile34\"]"}
RESULT: {"using":"xpath","value":"//*[@id=\"__tile34\"]"}
COMMAND: POST /session/33feadf69fce3727760203f60382e7b4/element/f.0F6343E821C8BA4EFA8EC9AC22083D68.d.6DF05AA4315B681502F293DF12C2C601.e.186/click - {}
RESULT: {}
COMMAND: GET /session/33feadf69fce3727760203f60382e7b4/screenshot - {}
RESULT: {}
COMMAND: POST /session/33feadf69fce3727760203f60382e7b4/elements - {"using":"xpath","value":"//span[text()='Error']"}
RESULT: {"using":"xpath","value":"//span[text()='Error']"}
COMMAND: POST /session/33feadf69fce3727760203f60382e7b4/element - {"using":"xpath","value":"//button[@data-kt=\"addBorMasterButton\"]"}
RESULT: {"using":"xpath","value":"//button[@data-kt=\"addBorMasterButton\"]"}
COMMAND: POST /session/33feadf69fce3727760203f60382e7b4/elements - {"using":"xpath","value":"//button[@data-kt=\"addBorMasterButton\"]"}
RESULT: {"using":"xpath","value":"//button[@data-kt=\"addBorMasterButton\"]"}
COMMAND: POST /session/33feadf69fce3727760203f60382e7b4/execute/sync - {"script":"<script> [8489 bytes]","args":[{"element-6066-11e4-a52e-4f735466cecf":"f.0F6343E821C8BA4EFA8EC9AC22083D68.d.6DF05AA4315B681502F293DF12C2C601.e.2581","ELEMENT":"f.0F6343E821C8BA4EFA8EC9AC22083D68.d.6DF05AA4315B681502F293DF12C2C601.e.2581"}]}
RESULT: {"script":"<script> [8489 bytes]","args":[{"element-6066-11e4-a52e-4f735466cecf":"f.0F6343E821C8BA4EFA8EC9AC22083D68.d.6DF05AA4315B681502F293DF12C2C601.e.2581","ELEMENT":"f.0F6343E821C8BA4EFA8EC9AC22083D68.d.6DF05AA4315B681502F293DF12C2C601.e.2581"}]}
COMMAND: GET /session/33feadf69fce3727760203f60382e7b4/element/f.0F6343E821C8BA4EFA8EC9AC22083D68.d.6DF05AA4315B681502F293DF12C2C601.e.2581/enabled - {}
COMMAND: GET /session/33feadf69fce3727760203f60382e7b4/screenshot - {}
RESULT: {}
COMMAND: POST /session/33feadf69fce3727760203f60382e7b4/execute/sync - {"script":"<script> [8489 bytes]","args":[{"element-6066-11e4-a52e-4f735466cecf":"f.0F6343E821C8BA4EFA8EC9AC22083D68.d.6DF05AA4315B681502F293DF12C2C601.e.2581","ELEMENT":"f.0F6343E821C8BA4EFA8EC9AC22083D68.d.6DF05AA4315B681502F293DF12C2C601.e.2581"}]}
COMMAND: GET /session/33feadf69fce3727760203f60382e7b4/screenshot - {}
RESULT: {}
RESULT: {"script":"<script> [8489 bytes]","args":[{"element-6066-11e4-a52e-4f735466cecf":"f.0F6343E821C8BA4EFA8EC9AC22083D68.d.6DF05AA4315B681502F293DF12C2C601.e.2581","ELEMENT":"f.0F6343E821C8BA4EFA8EC9AC22083D68.d.6DF05AA4315B681502F293DF12C2C601.e.2581"}]}
COMMAND: POST /session/33feadf69fce3727760203f60382e7b4/execute/sync - {"script":"<script> [5351 bytes]","args":[{"element-6066-11e4-a52e-4f735466cecf":"f.0F6343E821C8BA4EFA8EC9AC22083D68.d.6DF05AA4315B681502F293DF12C2C601.e.2581","ELEMENT":"f.0F6343E821C8BA4EFA8EC9AC22083D68.d.6DF05AA4315B681502F293DF12C2C601.e.2581"}]}
COMMAND: GET /session/33feadf69fce3727760203f60382e7b4/screenshot - {}
RESULT: {}
RESULT: {"script":"<script> [5351 bytes]","args":[{"element-6066-11e4-a52e-4f735466cecf":"f.0F6343E821C8BA4EFA8EC9AC22083D68.d.6DF05AA4315B681502F293DF12C2C601.e.2581","ELEMENT":"f.0F6343E821C8BA4EFA8EC9AC22083D68.d.6DF05AA4315B681502F293DF12C2C601.e.2581"}]}
COMMAND: POST /session/33feadf69fce3727760203f60382e7b4/element/f.0F6343E821C8BA4EFA8EC9AC22083D68.d.6DF05AA4315B681502F293DF12C2C601.e.2581/click - {}
COMMAND: GET /session/33feadf69fce3727760203f60382e7b4/screenshot - {}
RESULT: {}
RESULT: {}
COMMAND: GET /session/33feadf69fce3727760203f60382e7b4/screenshot - {}
RESULT: {}
RESULT: {}
COMMAND: POST /session/33feadf69fce3727760203f60382e7b4/execute/async - {"script":"<script> [1562 bytes]","args":[{"selector":{"id":"application-billofresources-display-component---newBoR--typeSelect","interaction":{"idSuffix":"arrow"}},"wdio_ui5_key":"applicationbillofresources-display-component---newBoR--typeSelect"}]}
RESULT: {"script":"<script> [1562 bytes]","args":[{"selector":{"id":"application-billofresources-display-component---newBoR--typeSelect","interaction":{"idSuffix":"arrow"}},"wdio_ui5_key":"applicationbillofresources-display-component---newBoR--typeSelect"}]}
RESULT: undefined
COMMAND: POST /session/33feadf69fce3727760203f60382e7b4/element - {"using":"xpath","value":"//*[@id=\"application-billofresources-display-component---newBoR--typeSelect\"]"}
RESULT: {"using":"xpath","value":"//*[@id=\"application-billofresources-display-component---newBoR--typeSelect\"]"}
COMMAND: POST /session/33feadf69fce3727760203f60382e7b4/element/f.0F6343E821C8BA4EFA8EC9AC22083D68.d.6DF05AA4315B681502F293DF12C2C601.e.2658/click - {}
RESULT: {}
COMMAND: POST /session/33feadf69fce3727760203f60382e7b4/execute/async - {"script":"<script> [1562 bytes]","args":[{"selector":{"controlType":"sap.ui.core.Item","viewName":"etm.portal.ui.billofresources.view.NewBoR","viewId":"application-billofresources-display-component---newBoR","bindingPath":{"path":"/BoRHeaderTypes('50')","propertyPath":"TYPE","modelName":"catalogModel"},"searchOpenDialogs":true},"wdio_ui5_key":"etmportal.ui.billofresources.view.NewBoRsap.ui.core.Item{\"path\":\"/BoRHeaderTypes('50')\",\"propertyPath\":\"TYPE\",\"modelName\":\"catalogModel\"}"}]}
COMMAND: GET /session/33feadf69fce3727760203f60382e7b4/screenshot - {}
RESULT: {"script":"<script> [1562 bytes]","args":[{"selector":{"controlType":"sap.ui.core.Item","viewName":"etm.portal.ui.billofresources.view.NewBoR","viewId":"application-billofresources-display-component---newBoR","bindingPath":{"path":"/BoRHeaderTypes('50')","propertyPath":"TYPE","modelName":"catalogModel"},"searchOpenDialogs":true},"wdio_ui5_key":"etmportal.ui.billofresources.view.NewBoRsap.ui.core.Item{\"path\":\"/BoRHeaderTypes('50')\",\"propertyPath\":\"TYPE\",\"modelName\":\"catalogModel\"}"}]}
RESULT: undefined
COMMAND: POST /session/33feadf69fce3727760203f60382e7b4/element - {"using":"xpath","value":"//*[@id=\"__item1519-application-billofresources-display-component---newBoR--typeSelect-4\"]"}
RESULT: {}
RESULT: {"using":"xpath","value":"//*[@id=\"__item1519-application-billofresources-display-component---newBoR--typeSelect-4\"]"}
COMMAND: POST /session/33feadf69fce3727760203f60382e7b4/element/f.0F6343E821C8BA4EFA8EC9AC22083D68.d.6DF05AA4315B681502F293DF12C2C601.e.2873/click - {}
RESULT: {}
COMMAND: POST /session/33feadf69fce3727760203f60382e7b4/execute/async - {"script":"<script> [1562 bytes]","args":[{"selector":{"id":"application-billofresources-display-component---newBoR--headerRUInput-vhi"},"wdio_ui5_key":"applicationbillofresources-display-component---newBoR--headerRUInput-vhi"}]}
COMMAND: GET /session/33feadf69fce3727760203f60382e7b4/screenshot - {}
RESULT: {"script":"<script> [1562 bytes]","args":[{"selector":{"id":"application-billofresources-display-component---newBoR--headerRUInput-vhi"},"wdio_ui5_key":"applicationbillofresources-display-component---newBoR--headerRUInput-vhi"}]}
RESULT: undefined
COMMAND: POST /session/33feadf69fce3727760203f60382e7b4/element - {"using":"xpath","value":"//*[@id=\"application-billofresources-display-component---newBoR--headerRUInput-vhi\"]"}
RESULT: {}
RESULT: {"using":"xpath","value":"//*[@id=\"application-billofresources-display-component---newBoR--headerRUInput-vhi\"]"}
COMMAND: POST /session/33feadf69fce3727760203f60382e7b4/element/f.0F6343E821C8BA4EFA8EC9AC22083D68.d.6DF05AA4315B681502F293DF12C2C601.e.2929/click - {}
RESULT: {}
COMMAND: POST /session/33feadf69fce3727760203f60382e7b4/execute/async - {"script":"<script> [1562 bytes]","args":[{"selector":{"id":"application-billofresources-display-component---newBoR--ruDialogSearchField","searchOpenDialogs":true,"interaction":{"idSuffix":"I"}},"wdio_ui5_key":"applicationbillofresources-display-component---newBoR--ruDialogSearchField"}]}
COMMAND: GET /session/33feadf69fce3727760203f60382e7b4/screenshot - {}
RESULT: {"script":"<script> [1562 bytes]","args":[{"selector":{"id":"application-billofresources-display-component---newBoR--ruDialogSearchField","searchOpenDialogs":true,"interaction":{"idSuffix":"I"}},"wdio_ui5_key":"applicationbillofresources-display-component---newBoR--ruDialogSearchField"}]}
RESULT: undefined
COMMAND: POST /session/33feadf69fce3727760203f60382e7b4/execute/async - {"script":"<script> [6424 bytes]","args":[{"element-6066-11e4-a52e-4f735466cecf":"f.0F6343E821C8BA4EFA8EC9AC22083D68.d.6DF05AA4315B681502F293DF12C2C601.e.2933"},"setValue",["Th9XpEQa4_1"]]}
RESULT: {}
RESULT: {"script":"<script> [6424 bytes]","args":[{"element-6066-11e4-a52e-4f735466cecf":"f.0F6343E821C8BA4EFA8EC9AC22083D68.d.6DF05AA4315B681502F293DF12C2C601.e.2933"},"setValue",["Th9XpEQa4_1"]]}
COMMAND: POST /session/33feadf69fce3727760203f60382e7b4/element - {"using":"xpath","value":"//div[@id=\"application-billofresources-display-component---newBoR--ruDialogSearchField-search\"]"}
RESULT: {"using":"xpath","value":"//div[@id=\"application-billofresources-display-component---newBoR--ruDialogSearchField-search\"]"}
COMMAND: POST /session/33feadf69fce3727760203f60382e7b4/element/f.0F6343E821C8BA4EFA8EC9AC22083D68.d.6DF05AA4315B681502F293DF12C2C601.e.2949/click - {}
RESULT: {}
COMMAND: GET /session/33feadf69fce3727760203f60382e7b4/screenshot - {}
RESULT: {}
COMMAND: POST /session/33feadf69fce3727760203f60382e7b4/execute/async - {"script":"<script> [1562 bytes]","args":[{"selector":{"controlType":"sap.m.Text","viewName":"etm.portal.ui.billofresources.view.NewBoR","viewId":"application-billofresources-display-component---newBoR","bindingPath":{"propertyPath":"YARD_ADMIN_ID","modelName":"catalogModel"},"searchOpenDialogs":true},"wdio_ui5_key":"etmportal.ui.billofresources.view.NewBoRsap.m.Text{\"propertyPath\":\"YARD_ADMIN_ID\",\"modelName\":\"catalogModel\"}"}]}
RESULT: {"script":"<script> [1562 bytes]","args":[{"selector":{"controlType":"sap.m.Text","viewName":"etm.portal.ui.billofresources.view.NewBoR","viewId":"application-billofresources-display-component---newBoR","bindingPath":{"propertyPath":"YARD_ADMIN_ID","modelName":"catalogModel"},"searchOpenDialogs":true},"wdio_ui5_key":"etmportal.ui.billofresources.view.NewBoRsap.m.Text{\"propertyPath\":\"YARD_ADMIN_ID\",\"modelName\":\"catalogModel\"}"}]}
RESULT: undefined
COMMAND: POST /session/33feadf69fce3727760203f60382e7b4/element - {"using":"xpath","value":"//*[@id=\"__text2047\"]"}
RESULT: {"using":"xpath","value":"//*[@id=\"__text2047\"]"}
COMMAND: POST /session/33feadf69fce3727760203f60382e7b4/element/f.0F6343E821C8BA4EFA8EC9AC22083D68.d.6DF05AA4315B681502F293DF12C2C601.e.2953/click - {}
RESULT: {}
COMMAND: POST /session/33feadf69fce3727760203f60382e7b4/execute/async - {"script":"<script> [1562 bytes]","args":[{"selector":{"controlType":"sap.m.Button","viewName":"etm.portal.ui.billofresources.view.NewBoR","viewId":"application-billofresources-display-component---newBoR","i18NText":{"propertyName":"text","key":"ok"},"searchOpenDialogs":true,"interaction":{"idSuffix":"BDI-content"}},"wdio_ui5_key":"etmportal.ui.billofresources.view.NewBoRsap.m.Button{\"propertyName\":\"text\",\"key\":\"ok\"}"}]}
COMMAND: GET /session/33feadf69fce3727760203f60382e7b4/screenshot - {}
RESULT: {"script":"<script> [1562 bytes]","args":[{"selector":{"controlType":"sap.m.Button","viewName":"etm.portal.ui.billofresources.view.NewBoR","viewId":"application-billofresources-display-component---newBoR","i18NText":{"propertyName":"text","key":"ok"},"searchOpenDialogs":true,"interaction":{"idSuffix":"BDI-content"}},"wdio_ui5_key":"etmportal.ui.billofresources.view.NewBoRsap.m.Button{\"propertyName\":\"text\",\"key\":\"ok\"}"}]}
RESULT: undefined
COMMAND: POST /session/33feadf69fce3727760203f60382e7b4/element - {"using":"xpath","value":"//*[@id=\"__button258\"]"}
RESULT: {}
RESULT: {"using":"xpath","value":"//*[@id=\"__button258\"]"}
COMMAND: POST /session/33feadf69fce3727760203f60382e7b4/element/f.0F6343E821C8BA4EFA8EC9AC22083D68.d.6DF05AA4315B681502F293DF12C2C601.e.2956/click - {}
RESULT: {}
COMMAND: GET /session/33feadf69fce3727760203f60382e7b4/screenshot - {}
RESULT: {}
COMMAND: POST /session/33feadf69fce3727760203f60382e7b4/execute/async - {"script":"<script> [1562 bytes]","args":[{"selector":{"id":"application-billofresources-display-component---newBoR--borDescInput","interaction":{"idSuffix":"inner"}},"wdio_ui5_key":"applicationbillofresources-display-component---newBoR--borDescInput"}]}
RESULT: {"script":"<script> [1562 bytes]","args":[{"selector":{"id":"application-billofresources-display-component---newBoR--borDescInput","interaction":{"idSuffix":"inner"}},"wdio_ui5_key":"applicationbillofresources-display-component---newBoR--borDescInput"}]}
RESULT: undefined
COMMAND: POST /session/33feadf69fce3727760203f60382e7b4/execute/async - {"script":"<script> [776 bytes]","args":[{"enterText":"Th9XpEQa4_1","selector":{"id":"application-billofresources-display-component---newBoR--borDescInput","interaction":{"idSuffix":"inner"}},"clearTextFirst":true,"interactionType":"ENTER_TEXT"}]}
RESULT: {"script":"<script> [776 bytes]","args":[{"enterText":"Th9XpEQa4_1","selector":{"id":"application-billofresources-display-component---newBoR--borDescInput","interaction":{"idSuffix":"inner"}},"clearTextFirst":true,"interactionType":"ENTER_TEXT"}]}
COMMAND: POST /session/33feadf69fce3727760203f60382e7b4/execute/async - {"script":"<script> [1562 bytes]","args":[{"selector":{"controlType":"sap.ui.core.Icon","viewName":"etm.portal.ui.billofresources.view.NewBoR","viewId":"application-billofresources-display-component---newBoR","properties":{"src":{"regex":{"source":"add"}}},"ancestor":{"controlType":"sap.m.Button","viewName":"etm.portal.ui.billofresources.view.NewBoR","viewId":"application-billofresources-display-component---newBoR","bindingPath":{"path":"","propertyPath":"/isSelectionGroup","modelName":"tableConfig"}}},"wdio_ui5_key":"etmportal.ui.billofresources.view.NewBoRsap.ui.core.Icon{\"src\":{\"regex\":{\"source\":\"add\"}}}{\"controlType\":\"sap.m.Button\",\"viewName\":\"etm.portal.ui.billofresources.view.NewBoR\",\"viewId\":\"application-billofresources-display-component---newBoR\",\"bindingPath\":{\"path\":\"\",\"propertyPath\":\"/isSelectionGroup\",\"modelName\":\"tableConfig\"}}"}]}
RESULT: {"script":"<script> [1562 bytes]","args":[{"selector":{"controlType":"sap.ui.core.Icon","viewName":"etm.portal.ui.billofresources.view.NewBoR","viewId":"application-billofresources-display-component---newBoR","properties":{"src":{"regex":{"source":"add"}}},"ancestor":{"controlType":"sap.m.Button","viewName":"etm.portal.ui.billofresources.view.NewBoR","viewId":"application-billofresources-display-component---newBoR","bindingPath":{"path":"","propertyPath":"/isSelectionGroup","modelName":"tableConfig"}}},"wdio_ui5_key":"etmportal.ui.billofresources.view.NewBoRsap.ui.core.Icon{\"src\":{\"regex\":{\"source\":\"add\"}}}{\"controlType\":\"sap.m.Button\",\"viewName\":\"etm.portal.ui.billofresources.view.NewBoR\",\"viewId\":\"application-billofresources-display-component---newBoR\",\"bindingPath\":{\"path\":\"\",\"propertyPath\":\"/isSelectionGroup\",\"modelName\":\"tableConfig\"}}"}]}
RESULT: undefined
COMMAND: POST /session/33feadf69fce3727760203f60382e7b4/element - {"using":"xpath","value":"//*[@id=\"__button242-img\"]"}
RESULT: {"using":"xpath","value":"//*[@id=\"__button242-img\"]"}
COMMAND: POST /session/33feadf69fce3727760203f60382e7b4/element/f.0F6343E821C8BA4EFA8EC9AC22083D68.d.6DF05AA4315B681502F293DF12C2C601.e.2968/click - {}
RESULT: {}
COMMAND: POST /session/33feadf69fce3727760203f60382e7b4/execute/async - {"script":"<script> [1562 bytes]","args":[{"selector":{"controlType":"sap.m.Input","viewName":"etm.portal.ui.billofresources.view.NewBoR","viewId":"application-billofresources-display-component---newBoR","bindingPath":{"path":"/ITEMS/0","propertyPath":"ITEM","modelName":"BoRModel"},"interaction":{"idSuffix":"inner"}},"wdio_ui5_key":"etmportal.ui.billofresources.view.NewBoRsap.m.Input{\"path\":\"/ITEMS/0\",\"propertyPath\":\"ITEM\",\"modelName\":\"BoRModel\"}"}]}
COMMAND: GET /session/33feadf69fce3727760203f60382e7b4/screenshot - {}
RESULT: {"script":"<script> [1562 bytes]","args":[{"selector":{"controlType":"sap.m.Input","viewName":"etm.portal.ui.billofresources.view.NewBoR","viewId":"application-billofresources-display-component---newBoR","bindingPath":{"path":"/ITEMS/0","propertyPath":"ITEM","modelName":"BoRModel"},"interaction":{"idSuffix":"inner"}},"wdio_ui5_key":"etmportal.ui.billofresources.view.NewBoRsap.m.Input{\"path\":\"/ITEMS/0\",\"propertyPath\":\"ITEM\",\"modelName\":\"BoRModel\"}"}]}
RESULT: undefined
COMMAND: POST /session/33feadf69fce3727760203f60382e7b4/execute/async - {"script":"<script> [776 bytes]","args":[{"enterText":"10","selector":{"controlType":"sap.m.Input","viewName":"etm.portal.ui.billofresources.view.NewBoR","viewId":"application-billofresources-display-component---newBoR","bindingPath":{"path":"/ITEMS/0","propertyPath":"ITEM","modelName":"BoRModel"},"interaction":{"idSuffix":"inner"}},"clearTextFirst":true,"interactionType":"ENTER_TEXT"}]}
RESULT: {}
RESULT: {"script":"<script> [776 bytes]","args":[{"enterText":"10","selector":{"controlType":"sap.m.Input","viewName":"etm.portal.ui.billofresources.view.NewBoR","viewId":"application-billofresources-display-component---newBoR","bindingPath":{"path":"/ITEMS/0","propertyPath":"ITEM","modelName":"BoRModel"},"interaction":{"idSuffix":"inner"}},"clearTextFirst":true,"interactionType":"ENTER_TEXT"}]}
COMMAND: POST /session/33feadf69fce3727760203f60382e7b4/element - {"using":"xpath","value":"//input[@aria-labelledby=\"application-billofresources-display-component---newBoR--itemRUComboBoxCol\"][1]"}
RESULT: {"using":"xpath","value":"//input[@aria-labelledby=\"application-billofresources-display-component---newBoR--itemRUComboBoxCol\"][1]"}
COMMAND: POST /session/33feadf69fce3727760203f60382e7b4/element/f.0F6343E821C8BA4EFA8EC9AC22083D68.d.6DF05AA4315B681502F293DF12C2C601.e.2957/clear - {}
RESULT: {}
COMMAND: POST /session/33feadf69fce3727760203f60382e7b4/element/f.0F6343E821C8BA4EFA8EC9AC22083D68.d.6DF05AA4315B681502F293DF12C2C601.e.2957/value - {"text":"Th9XpEQa4_2"}
COMMAND: GET /session/33feadf69fce3727760203f60382e7b4/screenshot - {}
RESULT: {"text":"Th9XpEQa4_2"}
COMMAND: GET /session/33feadf69fce3727760203f60382e7b4/screenshot - {}
RESULT: {}
RESULT: {}
COMMAND: POST /session/33feadf69fce3727760203f60382e7b4/actions - {"actions":[{"id":"action4","type":"key","parameters":{},"actions":[{"type":"keyDown","value":""},{"type":"pause","duration":10},{"type":"keyUp","value":""}]}]}
RESULT: {"actions":[{"id":"action4","type":"key","parameters":{},"actions":[{"type":"keyDown","value":""},{"type":"pause","duration":10},{"type":"keyUp","value":""}]}]}
COMMAND: POST /session/33feadf69fce3727760203f60382e7b4/execute/async - {"script":"<script> [1562 bytes]","args":[{"selector":{"controlType":"sap.m.Button","viewName":"etm.portal.ui.billofresources.view.NewBoR","viewId":"application-billofresources-display-component---newBoR","i18NText":{"propertyName":"text","key":"save"},"interaction":{"idSuffix":"BDI-content"}},"wdio_ui5_key":"etmportal.ui.billofresources.view.NewBoRsap.m.Button{\"propertyName\":\"text\",\"key\":\"save\"}"}]}
COMMAND: GET /session/33feadf69fce3727760203f60382e7b4/screenshot - {}
RESULT: {"script":"<script> [1562 bytes]","args":[{"selector":{"controlType":"sap.m.Button","viewName":"etm.portal.ui.billofresources.view.NewBoR","viewId":"application-billofresources-display-component---newBoR","i18NText":{"propertyName":"text","key":"save"},"interaction":{"idSuffix":"BDI-content"}},"wdio_ui5_key":"etmportal.ui.billofresources.view.NewBoRsap.m.Button{\"propertyName\":\"text\",\"key\":\"save\"}"}]}
RESULT: undefined
COMMAND: POST /session/33feadf69fce3727760203f60382e7b4/element - {"using":"xpath","value":"//*[@id=\"__button248\"]"}
RESULT: {}
RESULT: {"using":"xpath","value":"//*[@id=\"__button248\"]"}
COMMAND: POST /session/33feadf69fce3727760203f60382e7b4/element/f.0F6343E821C8BA4EFA8EC9AC22083D68.d.6DF05AA4315B681502F293DF12C2C601.e.2850/click - {}
RESULT: {}
COMMAND: GET /session/33feadf69fce3727760203f60382e7b4/screenshot - {}
RESULT: {}
COMMAND: POST /session/33feadf69fce3727760203f60382e7b4/execute/async - {"script":"<script> [1562 bytes]","args":[{"selector":{"controlType":"sap.m.Text","viewName":"etm.portal.ui.billofresources.view.DetailBoR","viewId":"application-billofresources-display-component---detailBoR","bindingPath":{"propertyPath":"LINK_TO_RESOURCE_UNITS/LINK_TO_RU_STATE/STATE_DESCR","modelName":"catalogModel"}},"wdio_ui5_key":"etmportal.ui.billofresources.view.DetailBoRsap.m.Text{\"propertyPath\":\"LINK_TO_RESOURCE_UNITS/LINK_TO_RU_STATE/STATE_DESCR\",\"modelName\":\"catalogModel\"}"}]}
RESULT: {"script":"<script> [1562 bytes]","args":[{"selector":{"controlType":"sap.m.Text","viewName":"etm.portal.ui.billofresources.view.DetailBoR","viewId":"application-billofresources-display-component---detailBoR","bindingPath":{"propertyPath":"LINK_TO_RESOURCE_UNITS/LINK_TO_RU_STATE/STATE_DESCR","modelName":"catalogModel"}},"wdio_ui5_key":"etmportal.ui.billofresources.view.DetailBoRsap.m.Text{\"propertyPath\":\"LINK_TO_RESOURCE_UNITS/LINK_TO_RU_STATE/STATE_DESCR\",\"modelName\":\"catalogModel\"}"}]}
RESULT: undefined
COMMAND: POST /session/33feadf69fce3727760203f60382e7b4/execute/async - {"script":"<script> [6424 bytes]","args":[{"element-6066-11e4-a52e-4f735466cecf":"f.0F6343E821C8BA4EFA8EC9AC22083D68.d.6DF05AA4315B681502F293DF12C2C601.e.3261"},"getText",[]]}
RESULT: {"script":"<script> [6424 bytes]","args":[{"element-6066-11e4-a52e-4f735466cecf":"f.0F6343E821C8BA4EFA8EC9AC22083D68.d.6DF05AA4315B681502F293DF12C2C601.e.3261"},"getText",[]]}
]]></system-out>
    </testcase>
    <testcase classname="chrome.136_0_7103_93.windows.Bill_of_Resources_tests_for_bundle_creation_&amp;_replenishment_US131067_US131070" name="Should create replenishment handover from BOR US131070" time="73.015">
      <system-out><![CDATA[
COMMAND: POST /session/33feadf69fce3727760203f60382e7b4/execute/async - {"script":"<script> [1562 bytes]","args":[{"selector":{"controlType":"sap.m.Button","viewName":"etm.portal.ui.billofresources.view.DetailBoR","viewId":"application-billofresources-display-component---detailBoR","i18NText":{"propertyName":"text","key":"replenish"},"interaction":{"idSuffix":"BDI-content"}},"wdio_ui5_key":"etmportal.ui.billofresources.view.DetailBoRsap.m.Button{\"propertyName\":\"text\",\"key\":\"replenish\"}"}]}
RESULT: {"script":"<script> [1562 bytes]","args":[{"selector":{"controlType":"sap.m.Button","viewName":"etm.portal.ui.billofresources.view.DetailBoR","viewId":"application-billofresources-display-component---detailBoR","i18NText":{"propertyName":"text","key":"replenish"},"interaction":{"idSuffix":"BDI-content"}},"wdio_ui5_key":"etmportal.ui.billofresources.view.DetailBoRsap.m.Button{\"propertyName\":\"text\",\"key\":\"replenish\"}"}]}
RESULT: undefined
COMMAND: POST /session/33feadf69fce3727760203f60382e7b4/element - {"using":"xpath","value":"//*[@id=\"__button262\"]"}
RESULT: {"using":"xpath","value":"//*[@id=\"__button262\"]"}
COMMAND: POST /session/33feadf69fce3727760203f60382e7b4/element/f.0F6343E821C8BA4EFA8EC9AC22083D68.d.6DF05AA4315B681502F293DF12C2C601.e.3263/click - {}
RESULT: {}
COMMAND: GET /session/33feadf69fce3727760203f60382e7b4/screenshot - {}
RESULT: {}
COMMAND: POST /session/33feadf69fce3727760203f60382e7b4/execute/async - {"script":"<script> [1562 bytes]","args":[{"selector":{"controlType":"sap.m.Button","viewName":"etm.portal.ui.billofresources.view.DetailBoR","viewId":"application-billofresources-display-component---detailBoR","i18NText":{"propertyName":"text","key":"execute"},"interaction":{"idSuffix":"BDI-content"}},"wdio_ui5_key":"etmportal.ui.billofresources.view.DetailBoRsap.m.Button{\"propertyName\":\"text\",\"key\":\"execute\"}"}]}
RESULT: {"script":"<script> [1562 bytes]","args":[{"selector":{"controlType":"sap.m.Button","viewName":"etm.portal.ui.billofresources.view.DetailBoR","viewId":"application-billofresources-display-component---detailBoR","i18NText":{"propertyName":"text","key":"execute"},"interaction":{"idSuffix":"BDI-content"}},"wdio_ui5_key":"etmportal.ui.billofresources.view.DetailBoRsap.m.Button{\"propertyName\":\"text\",\"key\":\"execute\"}"}]}
RESULT: undefined
COMMAND: POST /session/33feadf69fce3727760203f60382e7b4/element - {"using":"xpath","value":"//*[@id=\"__button278\"]"}
RESULT: {"using":"xpath","value":"//*[@id=\"__button278\"]"}
COMMAND: POST /session/33feadf69fce3727760203f60382e7b4/element/f.0F6343E821C8BA4EFA8EC9AC22083D68.d.6DF05AA4315B681502F293DF12C2C601.e.3282/click - {}
RESULT: {}
COMMAND: GET /session/33feadf69fce3727760203f60382e7b4/screenshot - {}
RESULT: {}
COMMAND: POST /session/33feadf69fce3727760203f60382e7b4/execute/async - {"script":"<script> [1562 bytes]","args":[{"selector":{"controlType":"sap.m.Text","viewName":"etm.portal.ui.managehandovers.view.DetailExecuteHO","bindingPath":{"path":"","propertyPath":"NO","modelName":"catalogModel"}},"wdio_ui5_key":"etmportal.ui.managehandovers.view.DetailExecuteHOsap.m.Text{\"path\":\"\",\"propertyPath\":\"NO\",\"modelName\":\"catalogModel\"}"}]}
RESULT: {"script":"<script> [1562 bytes]","args":[{"selector":{"controlType":"sap.m.Text","viewName":"etm.portal.ui.managehandovers.view.DetailExecuteHO","bindingPath":{"path":"","propertyPath":"NO","modelName":"catalogModel"}},"wdio_ui5_key":"etmportal.ui.managehandovers.view.DetailExecuteHOsap.m.Text{\"path\":\"\",\"propertyPath\":\"NO\",\"modelName\":\"catalogModel\"}"}]}
RESULT: undefined
COMMAND: POST /session/33feadf69fce3727760203f60382e7b4/execute/async - {"script":"<script> [6424 bytes]","args":[{"element-6066-11e4-a52e-4f735466cecf":"f.0F6343E821C8BA4EFA8EC9AC22083D68.d.6DF05AA4315B681502F293DF12C2C601.e.3601"},"getText",[]]}
RESULT: {"script":"<script> [6424 bytes]","args":[{"element-6066-11e4-a52e-4f735466cecf":"f.0F6343E821C8BA4EFA8EC9AC22083D68.d.6DF05AA4315B681502F293DF12C2C601.e.3601"},"getText",[]]}
COMMAND: POST /session/33feadf69fce3727760203f60382e7b4/element - {"using":"xpath","value":"//button[@data-kt=\"PickingTableConfirmAllButton\"]"}
RESULT: {"using":"xpath","value":"//button[@data-kt=\"PickingTableConfirmAllButton\"]"}
COMMAND: POST /session/33feadf69fce3727760203f60382e7b4/element/f.0F6343E821C8BA4EFA8EC9AC22083D68.d.6DF05AA4315B681502F293DF12C2C601.e.3602/click - {}
RESULT: {}
COMMAND: GET /session/33feadf69fce3727760203f60382e7b4/screenshot - {}
RESULT: {}
COMMAND: POST /session/33feadf69fce3727760203f60382e7b4/element - {"using":"xpath","value":"//bdi[contains(text(), \"OK\")]"}
RESULT: {"using":"xpath","value":"//bdi[contains(text(), \"OK\")]"}
COMMAND: POST /session/33feadf69fce3727760203f60382e7b4/element/f.0F6343E821C8BA4EFA8EC9AC22083D68.d.6DF05AA4315B681502F293DF12C2C601.e.3605/click - {}
RESULT: {}
COMMAND: GET /session/33feadf69fce3727760203f60382e7b4/screenshot - {}
RESULT: {}
COMMAND: POST /session/33feadf69fce3727760203f60382e7b4/element - {"using":"xpath","value":"(//bdi[contains(text(), \"Pick\")])[1]"}
RESULT: {"using":"xpath","value":"(//bdi[contains(text(), \"Pick\")])[1]"}
COMMAND: POST /session/33feadf69fce3727760203f60382e7b4/element/f.0F6343E821C8BA4EFA8EC9AC22083D68.d.6DF05AA4315B681502F293DF12C2C601.e.3607/click - {}
RESULT: {}
COMMAND: GET /session/33feadf69fce3727760203f60382e7b4/screenshot - {}
RESULT: {}
COMMAND: POST /session/33feadf69fce3727760203f60382e7b4/execute/async - {"script":"<script> [1562 bytes]","args":[{"selector":{"controlType":"sap.m.SearchField","viewName":"etm.portal.ui.managehandovers.view.MasterHO","bindingPath":{"propertyPath":"/_BASIC_SEARCH_FIELD","modelName":"fi1t3rM0d31"},"interaction":{"idSuffix":"I"}},"wdio_ui5_key":"etmportal.ui.managehandovers.view.MasterHOsap.m.SearchField{\"propertyPath\":\"/_BASIC_SEARCH_FIELD\",\"modelName\":\"fi1t3rM0d31\"}"}]}
RESULT: {"script":"<script> [1562 bytes]","args":[{"selector":{"controlType":"sap.m.SearchField","viewName":"etm.portal.ui.managehandovers.view.MasterHO","bindingPath":{"propertyPath":"/_BASIC_SEARCH_FIELD","modelName":"fi1t3rM0d31"},"interaction":{"idSuffix":"I"}},"wdio_ui5_key":"etmportal.ui.managehandovers.view.MasterHOsap.m.SearchField{\"propertyPath\":\"/_BASIC_SEARCH_FIELD\",\"modelName\":\"fi1t3rM0d31\"}"}]}
RESULT: undefined
COMMAND: POST /session/33feadf69fce3727760203f60382e7b4/execute/async - {"script":"<script> [776 bytes]","args":[{"enterText":"30882","selector":{"controlType":"sap.m.SearchField","viewName":"etm.portal.ui.managehandovers.view.MasterHO","bindingPath":{"propertyPath":"/_BASIC_SEARCH_FIELD","modelName":"fi1t3rM0d31"},"interaction":{"idSuffix":"I"}},"clearTextFirst":true,"interactionType":"ENTER_TEXT"}]}
RESULT: {"script":"<script> [776 bytes]","args":[{"enterText":"30882","selector":{"controlType":"sap.m.SearchField","viewName":"etm.portal.ui.managehandovers.view.MasterHO","bindingPath":{"propertyPath":"/_BASIC_SEARCH_FIELD","modelName":"fi1t3rM0d31"},"interaction":{"idSuffix":"I"}},"clearTextFirst":true,"interactionType":"ENTER_TEXT"}]}
COMMAND: POST /session/33feadf69fce3727760203f60382e7b4/actions - {"actions":[{"id":"action5","type":"key","parameters":{},"actions":[{"type":"keyDown","value":""},{"type":"pause","duration":10},{"type":"keyUp","value":""}]}]}
RESULT: {"actions":[{"id":"action5","type":"key","parameters":{},"actions":[{"type":"keyDown","value":""},{"type":"pause","duration":10},{"type":"keyUp","value":""}]}]}
COMMAND: GET /session/33feadf69fce3727760203f60382e7b4/screenshot - {}
RESULT: {}
COMMAND: POST /session/33feadf69fce3727760203f60382e7b4/execute/async - {"script":"<script> [1562 bytes]","args":[{"selector":{"controlType":"sap.ui.core.Icon","viewName":"etm.portal.ui.managehandovers.view.MasterHO","properties":{"src":{"regex":{"source":"slim\\-arrow\\-right"}}}},"wdio_ui5_key":"etmportal.ui.managehandovers.view.MasterHOsap.ui.core.Icon{\"src\":{\"regex\":{\"source\":\"slim\\\\-arrow\\\\-right\"}}}"}]}
RESULT: {"script":"<script> [1562 bytes]","args":[{"selector":{"controlType":"sap.ui.core.Icon","viewName":"etm.portal.ui.managehandovers.view.MasterHO","properties":{"src":{"regex":{"source":"slim\\-arrow\\-right"}}}},"wdio_ui5_key":"etmportal.ui.managehandovers.view.MasterHOsap.ui.core.Icon{\"src\":{\"regex\":{\"source\":\"slim\\\\-arrow\\\\-right\"}}}"}]}
RESULT: undefined
COMMAND: POST /session/33feadf69fce3727760203f60382e7b4/element - {"using":"xpath","value":"//*[@id=\"__item1789-__clone4933-imgNav\"]"}
RESULT: {"using":"xpath","value":"//*[@id=\"__item1789-__clone4933-imgNav\"]"}
COMMAND: POST /session/33feadf69fce3727760203f60382e7b4/element/f.0F6343E821C8BA4EFA8EC9AC22083D68.d.6DF05AA4315B681502F293DF12C2C601.e.3802/click - {}
RESULT: {}
COMMAND: POST /session/33feadf69fce3727760203f60382e7b4/execute/async - {"script":"<script> [1562 bytes]","args":[{"selector":{"controlType":"sap.m.ObjectStatus","viewName":"etm.portal.ui.managehandovers.view.DetailExecuteHO","bindingPath":{"path":"","propertyPath":"LINK_TO_STATUS/DESCRIPTION","modelName":"catalogModel"}},"wdio_ui5_key":"etmportal.ui.managehandovers.view.DetailExecuteHOsap.m.ObjectStatus{\"path\":\"\",\"propertyPath\":\"LINK_TO_STATUS/DESCRIPTION\",\"modelName\":\"catalogModel\"}"}]}
COMMAND: GET /session/33feadf69fce3727760203f60382e7b4/screenshot - {}
RESULT: {"script":"<script> [1562 bytes]","args":[{"selector":{"controlType":"sap.m.ObjectStatus","viewName":"etm.portal.ui.managehandovers.view.DetailExecuteHO","bindingPath":{"path":"","propertyPath":"LINK_TO_STATUS/DESCRIPTION","modelName":"catalogModel"}},"wdio_ui5_key":"etmportal.ui.managehandovers.view.DetailExecuteHOsap.m.ObjectStatus{\"path\":\"\",\"propertyPath\":\"LINK_TO_STATUS/DESCRIPTION\",\"modelName\":\"catalogModel\"}"}]}
RESULT: undefined
COMMAND: POST /session/33feadf69fce3727760203f60382e7b4/execute/async - {"script":"<script> [6424 bytes]","args":[{"element-6066-11e4-a52e-4f735466cecf":"f.0F6343E821C8BA4EFA8EC9AC22083D68.d.6DF05AA4315B681502F293DF12C2C601.e.3841"},"getText",[]]}
RESULT: {}
RESULT: {"script":"<script> [6424 bytes]","args":[{"element-6066-11e4-a52e-4f735466cecf":"f.0F6343E821C8BA4EFA8EC9AC22083D68.d.6DF05AA4315B681502F293DF12C2C601.e.3841"},"getText",[]]}
COMMAND: POST /session/33feadf69fce3727760203f60382e7b4/element - {"using":"xpath","value":"//button[@data-kt=\"IssuingTableConfirmAllButton\"]"}
RESULT: {"using":"xpath","value":"//button[@data-kt=\"IssuingTableConfirmAllButton\"]"}
COMMAND: POST /session/33feadf69fce3727760203f60382e7b4/element/f.0F6343E821C8BA4EFA8EC9AC22083D68.d.6DF05AA4315B681502F293DF12C2C601.e.3829/click - {}
RESULT: {}
COMMAND: GET /session/33feadf69fce3727760203f60382e7b4/screenshot - {}
RESULT: {}
COMMAND: POST /session/33feadf69fce3727760203f60382e7b4/element - {"using":"xpath","value":"//bdi[contains(text(), \"OK\")]"}
RESULT: {"using":"xpath","value":"//bdi[contains(text(), \"OK\")]"}
COMMAND: POST /session/33feadf69fce3727760203f60382e7b4/element/f.0F6343E821C8BA4EFA8EC9AC22083D68.d.6DF05AA4315B681502F293DF12C2C601.e.3844/click - {}
RESULT: {}
COMMAND: GET /session/33feadf69fce3727760203f60382e7b4/screenshot - {}
RESULT: {}
COMMAND: POST /session/33feadf69fce3727760203f60382e7b4/element - {"using":"xpath","value":"(//bdi[contains(text(), \"Issue\")])[1]"}
RESULT: {"using":"xpath","value":"(//bdi[contains(text(), \"Issue\")])[1]"}
COMMAND: POST /session/33feadf69fce3727760203f60382e7b4/element/f.0F6343E821C8BA4EFA8EC9AC22083D68.d.6DF05AA4315B681502F293DF12C2C601.e.3846/click - {}
RESULT: {}
COMMAND: GET /session/33feadf69fce3727760203f60382e7b4/screenshot - {}
RESULT: {}
COMMAND: POST /session/33feadf69fce3727760203f60382e7b4/element - {"using":"xpath","value":"//span[contains(@id, \"smartTable-header-inner\")]"}
RESULT: {"using":"xpath","value":"//span[contains(@id, \"smartTable-header-inner\")]"}
COMMAND: POST /session/33feadf69fce3727760203f60382e7b4/elements - {"using":"xpath","value":"//span[contains(@id, \"smartTable-header-inner\")]"}
RESULT: {"using":"xpath","value":"//span[contains(@id, \"smartTable-header-inner\")]"}
COMMAND: POST /session/33feadf69fce3727760203f60382e7b4/execute/sync - {"script":"<script> [56 bytes]","args":[{"element-6066-11e4-a52e-4f735466cecf":"f.0F6343E821C8BA4EFA8EC9AC22083D68.d.6DF05AA4315B681502F293DF12C2C601.e.3893","ELEMENT":"f.0F6343E821C8BA4EFA8EC9AC22083D68.d.6DF05AA4315B681502F293DF12C2C601.e.3893"}]}
RESULT: {"script":"<script> [56 bytes]","args":[{"element-6066-11e4-a52e-4f735466cecf":"f.0F6343E821C8BA4EFA8EC9AC22083D68.d.6DF05AA4315B681502F293DF12C2C601.e.3893","ELEMENT":"f.0F6343E821C8BA4EFA8EC9AC22083D68.d.6DF05AA4315B681502F293DF12C2C601.e.3893"}]}
COMMAND: POST /session/33feadf69fce3727760203f60382e7b4/elements - {"using":"xpath","value":"//thead[contains(@class, \"sapMTableTH\")]/tr/th"}
COMMAND: GET /session/33feadf69fce3727760203f60382e7b4/screenshot - {}
RESULT: {"using":"xpath","value":"//thead[contains(@class, \"sapMTableTH\")]/tr/th"}
COMMAND: GET /session/33feadf69fce3727760203f60382e7b4/element/f.0F6343E821C8BA4EFA8EC9AC22083D68.d.6DF05AA4315B681502F293DF12C2C601.e.3894/text - {}
RESULT: {}
RESULT: {}
COMMAND: GET /session/33feadf69fce3727760203f60382e7b4/element/f.0F6343E821C8BA4EFA8EC9AC22083D68.d.6DF05AA4315B681502F293DF12C2C601.e.3895/text - {}
RESULT: {}
COMMAND: GET /session/33feadf69fce3727760203f60382e7b4/element/f.0F6343E821C8BA4EFA8EC9AC22083D68.d.6DF05AA4315B681502F293DF12C2C601.e.3407/text - {}
RESULT: {}
COMMAND: GET /session/33feadf69fce3727760203f60382e7b4/element/f.0F6343E821C8BA4EFA8EC9AC22083D68.d.6DF05AA4315B681502F293DF12C2C601.e.3409/text - {}
RESULT: {}
COMMAND: GET /session/33feadf69fce3727760203f60382e7b4/element/f.0F6343E821C8BA4EFA8EC9AC22083D68.d.6DF05AA4315B681502F293DF12C2C601.e.3851/text - {}
RESULT: {}
COMMAND: GET /session/33feadf69fce3727760203f60382e7b4/element/f.0F6343E821C8BA4EFA8EC9AC22083D68.d.6DF05AA4315B681502F293DF12C2C601.e.3852/text - {}
RESULT: {}
COMMAND: GET /session/33feadf69fce3727760203f60382e7b4/element/f.0F6343E821C8BA4EFA8EC9AC22083D68.d.6DF05AA4315B681502F293DF12C2C601.e.3853/text - {}
RESULT: {}
COMMAND: GET /session/33feadf69fce3727760203f60382e7b4/element/f.0F6343E821C8BA4EFA8EC9AC22083D68.d.6DF05AA4315B681502F293DF12C2C601.e.3854/text - {}
RESULT: {}
COMMAND: GET /session/33feadf69fce3727760203f60382e7b4/element/f.0F6343E821C8BA4EFA8EC9AC22083D68.d.6DF05AA4315B681502F293DF12C2C601.e.3855/text - {}
RESULT: {}
COMMAND: GET /session/33feadf69fce3727760203f60382e7b4/element/f.0F6343E821C8BA4EFA8EC9AC22083D68.d.6DF05AA4315B681502F293DF12C2C601.e.3856/text - {}
RESULT: {}
COMMAND: GET /session/33feadf69fce3727760203f60382e7b4/element/f.0F6343E821C8BA4EFA8EC9AC22083D68.d.6DF05AA4315B681502F293DF12C2C601.e.3857/text - {}
RESULT: {}
COMMAND: GET /session/33feadf69fce3727760203f60382e7b4/element/f.0F6343E821C8BA4EFA8EC9AC22083D68.d.6DF05AA4315B681502F293DF12C2C601.e.3858/text - {}
RESULT: {}
COMMAND: GET /session/33feadf69fce3727760203f60382e7b4/element/f.0F6343E821C8BA4EFA8EC9AC22083D68.d.6DF05AA4315B681502F293DF12C2C601.e.3859/text - {}
RESULT: {}
COMMAND: GET /session/33feadf69fce3727760203f60382e7b4/element/f.0F6343E821C8BA4EFA8EC9AC22083D68.d.6DF05AA4315B681502F293DF12C2C601.e.3410/text - {}
RESULT: {}
COMMAND: POST /session/33feadf69fce3727760203f60382e7b4/element - {"using":"xpath","value":"//tbody[contains(@id, \"customHandoversTable-tblBody\")]/tr[1]/td[14]/div/span"}
RESULT: {"using":"xpath","value":"//tbody[contains(@id, \"customHandoversTable-tblBody\")]/tr[1]/td[14]/div/span"}
COMMAND: POST /session/33feadf69fce3727760203f60382e7b4/execute/sync - {"script":"<script> [56 bytes]","args":[{"element-6066-11e4-a52e-4f735466cecf":"f.0F6343E821C8BA4EFA8EC9AC22083D68.d.6DF05AA4315B681502F293DF12C2C601.e.3934","ELEMENT":"f.0F6343E821C8BA4EFA8EC9AC22083D68.d.6DF05AA4315B681502F293DF12C2C601.e.3934"}]}
RESULT: {"script":"<script> [56 bytes]","args":[{"element-6066-11e4-a52e-4f735466cecf":"f.0F6343E821C8BA4EFA8EC9AC22083D68.d.6DF05AA4315B681502F293DF12C2C601.e.3934","ELEMENT":"f.0F6343E821C8BA4EFA8EC9AC22083D68.d.6DF05AA4315B681502F293DF12C2C601.e.3934"}]}
COMMAND: POST /session/33feadf69fce3727760203f60382e7b4/element - {"using":"css selector","value":"#shell-header-logo"}
COMMAND: GET /session/33feadf69fce3727760203f60382e7b4/screenshot - {}
RESULT: {"using":"css selector","value":"#shell-header-logo"}
COMMAND: POST /session/33feadf69fce3727760203f60382e7b4/element/f.0F6343E821C8BA4EFA8EC9AC22083D68.d.6DF05AA4315B681502F293DF12C2C601.e.2537/click - {}
RESULT: {}
RESULT: {}
COMMAND: GET /session/33feadf69fce3727760203f60382e7b4/screenshot - {}
RESULT: {}
COMMAND: POST /session/33feadf69fce3727760203f60382e7b4/element - {"using":"css selector","value":"#j_username"}
COMMAND: POST /session/33feadf69fce3727760203f60382e7b4/url - {"url":"https://qa-testing-00-live-etm-ui.cfapps.eu10-004.hana.ondemand.com/"}
RESULT: {"using":"css selector","value":"#j_username"}
COMMAND: POST /session/33feadf69fce3727760203f60382e7b4/element - {"using":"css selector","value":"#j_username"}
RESULT: {"url":"https://qa-testing-00-live-etm-ui.cfapps.eu10-004.hana.ondemand.com/"}
RESULT: undefined
COMMAND: GET /session/33feadf69fce3727760203f60382e7b4/screenshot - {}
RESULT: {"using":"css selector","value":"#j_username"}
COMMAND: POST /session/33feadf69fce3727760203f60382e7b4/element - {"using":"css selector","value":"#shell-header-logo"}
RESULT: {}
RESULT: {"using":"css selector","value":"#shell-header-logo"}
COMMAND: POST /session/33feadf69fce3727760203f60382e7b4/execute/sync - {"script":"<script> [8489 bytes]","args":[{"element-6066-11e4-a52e-4f735466cecf":"f.0F6343E821C8BA4EFA8EC9AC22083D68.d.4345D9C061A099720DEE57FDB13EB1AE.e.3944","ELEMENT":"f.0F6343E821C8BA4EFA8EC9AC22083D68.d.4345D9C061A099720DEE57FDB13EB1AE.e.3944"}]}
RESULT: {"script":"<script> [8489 bytes]","args":[{"element-6066-11e4-a52e-4f735466cecf":"f.0F6343E821C8BA4EFA8EC9AC22083D68.d.4345D9C061A099720DEE57FDB13EB1AE.e.3944","ELEMENT":"f.0F6343E821C8BA4EFA8EC9AC22083D68.d.4345D9C061A099720DEE57FDB13EB1AE.e.3944"}]}
COMMAND: POST /session/33feadf69fce3727760203f60382e7b4/element - {"using":"css selector","value":"#shell-header-logo"}
COMMAND: GET /session/33feadf69fce3727760203f60382e7b4/screenshot - {}
RESULT: {"using":"css selector","value":"#shell-header-logo"}
COMMAND: POST /session/33feadf69fce3727760203f60382e7b4/execute/sync - {"script":"<script> [8489 bytes]","args":[{"element-6066-11e4-a52e-4f735466cecf":"f.0F6343E821C8BA4EFA8EC9AC22083D68.d.4345D9C061A099720DEE57FDB13EB1AE.e.3944","ELEMENT":"f.0F6343E821C8BA4EFA8EC9AC22083D68.d.4345D9C061A099720DEE57FDB13EB1AE.e.3944"}]}
RESULT: {}
RESULT: {"script":"<script> [8489 bytes]","args":[{"element-6066-11e4-a52e-4f735466cecf":"f.0F6343E821C8BA4EFA8EC9AC22083D68.d.4345D9C061A099720DEE57FDB13EB1AE.e.3944","ELEMENT":"f.0F6343E821C8BA4EFA8EC9AC22083D68.d.4345D9C061A099720DEE57FDB13EB1AE.e.3944"}]}
COMMAND: POST /session/33feadf69fce3727760203f60382e7b4/execute/sync - {"script":"<script> [5351 bytes]","args":[{"element-6066-11e4-a52e-4f735466cecf":"f.0F6343E821C8BA4EFA8EC9AC22083D68.d.4345D9C061A099720DEE57FDB13EB1AE.e.3944","ELEMENT":"f.0F6343E821C8BA4EFA8EC9AC22083D68.d.4345D9C061A099720DEE57FDB13EB1AE.e.3944"}]}
COMMAND: GET /session/33feadf69fce3727760203f60382e7b4/screenshot - {}
RESULT: {}
RESULT: {"script":"<script> [5351 bytes]","args":[{"element-6066-11e4-a52e-4f735466cecf":"f.0F6343E821C8BA4EFA8EC9AC22083D68.d.4345D9C061A099720DEE57FDB13EB1AE.e.3944","ELEMENT":"f.0F6343E821C8BA4EFA8EC9AC22083D68.d.4345D9C061A099720DEE57FDB13EB1AE.e.3944"}]}
COMMAND: POST /session/33feadf69fce3727760203f60382e7b4/element - {"using":"css selector","value":"#shell-header-logo"}
COMMAND: GET /session/33feadf69fce3727760203f60382e7b4/screenshot - {}
RESULT: {"using":"css selector","value":"#shell-header-logo"}
COMMAND: POST /session/33feadf69fce3727760203f60382e7b4/element/f.0F6343E821C8BA4EFA8EC9AC22083D68.d.4345D9C061A099720DEE57FDB13EB1AE.e.3944/click - {}
RESULT: {}
RESULT: {}
COMMAND: GET /session/33feadf69fce3727760203f60382e7b4/screenshot - {}
COMMAND: POST /session/33feadf69fce3727760203f60382e7b4/execute/async - {"script":"<script> [189 bytes]","args":[]}
RESULT: {}
RESULT: {"script":"<script> [189 bytes]","args":[]}
COMMAND: POST /session/33feadf69fce3727760203f60382e7b4/execute/async - {"script":"<script> [123 bytes]","args":[]}
RESULT: {"script":"<script> [123 bytes]","args":[]}
COMMAND: POST /session/33feadf69fce3727760203f60382e7b4/timeouts - {"script":"<number>"}
RESULT: {"script":"<number>"}
COMMAND: GET /session/33feadf69fce3727760203f60382e7b4/timeouts - {}
RESULT: {}
RESULT: undefined
COMMAND: POST /session/33feadf69fce3727760203f60382e7b4/execute/async - {"script":"<script> [2676 bytes]","args":[]}
RESULT: {"script":"<script> [2676 bytes]","args":[]}
COMMAND: POST /session/33feadf69fce3727760203f60382e7b4/execute/async - {"script":"<script> [2342 bytes]","args":[{"protocol":"http","hostname":"0.0.0.0","path":"/","capabilities":{"browserName":"chrome","goog:chromeOptions":{"binary":"C:\\Program Files\\Google\\Chrome\\Application\\chrome.exe","args":["--start-maximized"]}},"logLevel":"warn","connectionRetryTimeout":120000,"connectionRetryCount":3,"logLevels":{},"enableDirectConnect":true,"strictSSL":true,"_":"65 more keys: [\"cacheDir\",\"port\",\"requestedCapabilities\",\"automationProtocol\",\"baseUrl\",\"waitforInterval\",\"waitforTimeout\",\"onReload\",\"beforeCommand\",\"afterCommand\",\"rootDir\",\"specs\",\"suites\",\"exclude\",\"groupLogsByTestSpec\",\"excludeDriverLogs\",\"bail\",\"framework\",\"reporters\",\"services\",\"maxInstances\",\"maxInstancesPerCapability\",\"injectGlobals\",\"filesToWatch\",\"execArgv\",\"runnerEnv\",\"runner\",\"shard\",\"specFileRetries\",\"specFileRetriesDelay\",\"specFileRetriesDeferred\",\"reporterSyncInterval\",\"reporterSyncTimeout\",\"cucumberFeaturesWithLineNumbers\",\"autoCompileOpts\",\"mochaOpts\",\"jasmineOpts\",\"cucumberOpts\",\"onPrepare\",\"onWorkerStart\",\"onWorkerEnd\",\"before\",\"beforeSession\",\"beforeSuite\",\"beforeHook\",\"beforeTest\",\"afterTest\",\"afterHook\",\"afterSuite\",\"afterSession\",\"after\",\"onComplete\",\"beforeAssertion\",\"afterAssertion\",\"beforeFeature\",\"beforeScenario\",\"beforeStep\",\"afterStep\",\"afterScenario\",\"afterFeature\",\"_\",\"suite\",\"$0\",\"ignoredWorkerServices\",\"wdi5\"]"}]}
RESULT: {"script":"<script> [2342 bytes]","args":[{"protocol":"http","hostname":"0.0.0.0","path":"/","capabilities":{"browserName":"chrome","goog:chromeOptions":{"binary":"C:\\Program Files\\Google\\Chrome\\Application\\chrome.exe","args":["--start-maximized"]}},"logLevel":"warn","connectionRetryTimeout":120000,"connectionRetryCount":3,"logLevels":{},"enableDirectConnect":true,"strictSSL":true,"_":"65 more keys: [\"cacheDir\",\"port\",\"requestedCapabilities\",\"automationProtocol\",\"baseUrl\",\"waitforInterval\",\"waitforTimeout\",\"onReload\",\"beforeCommand\",\"afterCommand\",\"rootDir\",\"specs\",\"suites\",\"exclude\",\"groupLogsByTestSpec\",\"excludeDriverLogs\",\"bail\",\"framework\",\"reporters\",\"services\",\"maxInstances\",\"maxInstancesPerCapability\",\"injectGlobals\",\"filesToWatch\",\"execArgv\",\"runnerEnv\",\"runner\",\"shard\",\"specFileRetries\",\"specFileRetriesDelay\",\"specFileRetriesDeferred\",\"reporterSyncInterval\",\"reporterSyncTimeout\",\"cucumberFeaturesWithLineNumbers\",\"autoCompileOpts\",\"mochaOpts\",\"jasmineOpts\",\"cucumberOpts\",\"onPrepare\",\"onWorkerStart\",\"onWorkerEnd\",\"before\",\"beforeSession\",\"beforeSuite\",\"beforeHook\",\"beforeTest\",\"afterTest\",\"afterHook\",\"afterSuite\",\"afterSession\",\"after\",\"onComplete\",\"beforeAssertion\",\"afterAssertion\",\"beforeFeature\",\"beforeScenario\",\"beforeStep\",\"afterStep\",\"afterScenario\",\"afterFeature\",\"_\",\"suite\",\"$0\",\"ignoredWorkerServices\",\"wdi5\"]"}]}
COMMAND: POST /session/33feadf69fce3727760203f60382e7b4/execute/async - {"script":"<script> [21126 bytes]","args":[35000]}
RESULT: {"script":"<script> [21126 bytes]","args":[35000]}
COMMAND: POST /session/33feadf69fce3727760203f60382e7b4/window/maximize - {}
RESULT: {}
COMMAND: POST /session/33feadf69fce3727760203f60382e7b4/execute/async - {"script":"<script> [1562 bytes]","args":[{"selector":{"id":"shell-header","interaction":{"idSuffix":"icon"}},"wdio_ui5_key":"shellheader"}]}
COMMAND: GET /session/33feadf69fce3727760203f60382e7b4/screenshot - {}
RESULT: {"script":"<script> [1562 bytes]","args":[{"selector":{"id":"shell-header","interaction":{"idSuffix":"icon"}},"wdio_ui5_key":"shellheader"}]}
RESULT: undefined
COMMAND: POST /session/33feadf69fce3727760203f60382e7b4/window/fullscreen - {}
RESULT: {}
RESULT: {}
]]></system-out>
    </testcase>
  </testsuite>
  <testsuite timestamp="2025-05-31T16:41:40" time="164.605" tests="1" failures="0" errors="0" skipped="0">
    <properties>
      <property name="specId" value="0"/>
      <property name="suiteName" value="Bill of Resources Completeness check of created bundle US131059"/>
      <property name="capabilities" value="chrome.136_0_7103_93.windows"/>
      <property name="file" value="file:///D:/a/1/s/test/specs/HTR/bor-completeness-check.spec.js"/>
    </properties>
    <testcase classname="chrome.136_0_7103_93.windows.Bill_of_Resources_Completeness_check_of_created_bundle_US131059" name="Should check the completeness of bundle created US131059" time="147.997">
      <system-out><![CDATA[
COMMAND: POST /session/33feadf69fce3727760203f60382e7b4/execute/async - {"script":"<script> [1562 bytes]","args":[{"selector":{"controlType":"sap.m.GenericTile","properties":{"header":"Bill Of Resources"}},"wdio_ui5_key":"sapm.GenericTile{\"header\":\"Bill Of Resources\"}"}]}
RESULT: {"script":"<script> [1562 bytes]","args":[{"selector":{"controlType":"sap.m.GenericTile","properties":{"header":"Bill Of Resources"}},"wdio_ui5_key":"sapm.GenericTile{\"header\":\"Bill Of Resources\"}"}]}
RESULT: undefined
COMMAND: POST /session/33feadf69fce3727760203f60382e7b4/element - {"using":"xpath","value":"//*[@id=\"__tile26\"]"}
RESULT: {"using":"xpath","value":"//*[@id=\"__tile26\"]"}
COMMAND: POST /session/33feadf69fce3727760203f60382e7b4/element/f.0F6343E821C8BA4EFA8EC9AC22083D68.d.4345D9C061A099720DEE57FDB13EB1AE.e.4038/click - {}
RESULT: {}
COMMAND: GET /session/33feadf69fce3727760203f60382e7b4/screenshot - {}
RESULT: {}
COMMAND: POST /session/33feadf69fce3727760203f60382e7b4/elements - {"using":"xpath","value":"//span[text()='Error']"}
RESULT: {"using":"xpath","value":"//span[text()='Error']"}
COMMAND: POST /session/33feadf69fce3727760203f60382e7b4/execute/async - {"script":"<script> [1562 bytes]","args":[{"selector":{"id":"application-billofresources-display-component---BillOfResources--smartFilterBar-filterItemControl_BASIC-BOR_TYPE-vhi"},"wdio_ui5_key":"applicationbillofresources-display-component---BillOfResources--smartFilterBar-filterItemControl_BASIC-BOR_TYPE-vhi"}]}
RESULT: {"script":"<script> [1562 bytes]","args":[{"selector":{"id":"application-billofresources-display-component---BillOfResources--smartFilterBar-filterItemControl_BASIC-BOR_TYPE-vhi"},"wdio_ui5_key":"applicationbillofresources-display-component---BillOfResources--smartFilterBar-filterItemControl_BASIC-BOR_TYPE-vhi"}]}
RESULT: undefined
COMMAND: POST /session/33feadf69fce3727760203f60382e7b4/element - {"using":"xpath","value":"//*[@id=\"application-billofresources-display-component---BillOfResources--smartFilterBar-filterItemControl_BASIC-BOR_TYPE-vhi\"]"}
RESULT: {"using":"xpath","value":"//*[@id=\"application-billofresources-display-component---BillOfResources--smartFilterBar-filterItemControl_BASIC-BOR_TYPE-vhi\"]"}
COMMAND: POST /session/33feadf69fce3727760203f60382e7b4/element/f.0F6343E821C8BA4EFA8EC9AC22083D68.d.4345D9C061A099720DEE57FDB13EB1AE.e.4147/click - {}
RESULT: {}
COMMAND: GET /session/33feadf69fce3727760203f60382e7b4/screenshot - {}
RESULT: {}
COMMAND: POST /session/33feadf69fce3727760203f60382e7b4/element - {"using":"xpath","value":"//div[@id=\"application-billofresources-display-component---BillOfResources--smartFilterBar-filterItemControl_BASIC-BOR_TYPE-valueHelpDialog-table-rowsel4\"]"}
RESULT: {"using":"xpath","value":"//div[@id=\"application-billofresources-display-component---BillOfResources--smartFilterBar-filterItemControl_BASIC-BOR_TYPE-valueHelpDialog-table-rowsel4\"]"}
COMMAND: POST /session/33feadf69fce3727760203f60382e7b4/element/f.0F6343E821C8BA4EFA8EC9AC22083D68.d.4345D9C061A099720DEE57FDB13EB1AE.e.4154/click - {}
RESULT: {}
COMMAND: GET /session/33feadf69fce3727760203f60382e7b4/screenshot - {}
RESULT: {}
COMMAND: POST /session/33feadf69fce3727760203f60382e7b4/execute/async - {"script":"<script> [1562 bytes]","args":[{"selector":{"id":"application-billofresources-display-component---BillOfResources--smartFilterBar-filterItemControl_BASIC-BOR_TYPE-valueHelpDialog-ok","searchOpenDialogs":true,"interaction":{"idSuffix":"BDI-content"}},"wdio_ui5_key":"applicationbillofresources-display-component---BillOfResources--smartFilterBar-filterItemControl_BASIC-BOR_TYPE-valueHelpDialog-ok"}]}
RESULT: {"script":"<script> [1562 bytes]","args":[{"selector":{"id":"application-billofresources-display-component---BillOfResources--smartFilterBar-filterItemControl_BASIC-BOR_TYPE-valueHelpDialog-ok","searchOpenDialogs":true,"interaction":{"idSuffix":"BDI-content"}},"wdio_ui5_key":"applicationbillofresources-display-component---BillOfResources--smartFilterBar-filterItemControl_BASIC-BOR_TYPE-valueHelpDialog-ok"}]}
RESULT: undefined
COMMAND: POST /session/33feadf69fce3727760203f60382e7b4/element - {"using":"xpath","value":"//*[@id=\"application-billofresources-display-component---BillOfResources--smartFilterBar-filterItemControl_BASIC-BOR_TYPE-valueHelpDialog-ok\"]"}
RESULT: {"using":"xpath","value":"//*[@id=\"application-billofresources-display-component---BillOfResources--smartFilterBar-filterItemControl_BASIC-BOR_TYPE-valueHelpDialog-ok\"]"}
COMMAND: POST /session/33feadf69fce3727760203f60382e7b4/element/f.0F6343E821C8BA4EFA8EC9AC22083D68.d.4345D9C061A099720DEE57FDB13EB1AE.e.4159/click - {}
RESULT: {}
COMMAND: GET /session/33feadf69fce3727760203f60382e7b4/screenshot - {}
RESULT: {}
COMMAND: POST /session/33feadf69fce3727760203f60382e7b4/execute/async - {"script":"<script> [1562 bytes]","args":[{"selector":{"id":"application-billofresources-display-component---BillOfResources--smartFilterBar-filterItemControl_BASIC-RESOURCE_UNIT-vhi"},"wdio_ui5_key":"applicationbillofresources-display-component---BillOfResources--smartFilterBar-filterItemControl_BASIC-RESOURCE_UNIT-vhi"}]}
RESULT: {"script":"<script> [1562 bytes]","args":[{"selector":{"id":"application-billofresources-display-component---BillOfResources--smartFilterBar-filterItemControl_BASIC-RESOURCE_UNIT-vhi"},"wdio_ui5_key":"applicationbillofresources-display-component---BillOfResources--smartFilterBar-filterItemControl_BASIC-RESOURCE_UNIT-vhi"}]}
RESULT: undefined
COMMAND: POST /session/33feadf69fce3727760203f60382e7b4/element - {"using":"xpath","value":"//*[@id=\"application-billofresources-display-component---BillOfResources--smartFilterBar-filterItemControl_BASIC-RESOURCE_UNIT-vhi\"]"}
RESULT: {"using":"xpath","value":"//*[@id=\"application-billofresources-display-component---BillOfResources--smartFilterBar-filterItemControl_BASIC-RESOURCE_UNIT-vhi\"]"}
COMMAND: POST /session/33feadf69fce3727760203f60382e7b4/element/f.0F6343E821C8BA4EFA8EC9AC22083D68.d.4345D9C061A099720DEE57FDB13EB1AE.e.4165/click - {}
RESULT: {}
COMMAND: GET /session/33feadf69fce3727760203f60382e7b4/screenshot - {}
RESULT: {}
COMMAND: POST /session/33feadf69fce3727760203f60382e7b4/execute/async - {"script":"<script> [1562 bytes]","args":[{"selector":{"id":"application-billofresources-display-component---BillOfResources--smartFilterBar-filterItemControl_BASIC-RESOURCE_UNIT-valueHelpDialog-smartFilterBar-btnBasicSearch","searchOpenDialogs":true,"interaction":{"idSuffix":"I"}},"wdio_ui5_key":"applicationbillofresources-display-component---BillOfResources--smartFilterBar-filterItemControl_BASIC-RESOURCE_UNIT-valueHelpDialog-smartFilterBar-btnBasicSearch"}]}
RESULT: {"script":"<script> [1562 bytes]","args":[{"selector":{"id":"application-billofresources-display-component---BillOfResources--smartFilterBar-filterItemControl_BASIC-RESOURCE_UNIT-valueHelpDialog-smartFilterBar-btnBasicSearch","searchOpenDialogs":true,"interaction":{"idSuffix":"I"}},"wdio_ui5_key":"applicationbillofresources-display-component---BillOfResources--smartFilterBar-filterItemControl_BASIC-RESOURCE_UNIT-valueHelpDialog-smartFilterBar-btnBasicSearch"}]}
RESULT: undefined
COMMAND: POST /session/33feadf69fce3727760203f60382e7b4/execute/async - {"script":"<script> [776 bytes]","args":[{"enterText":"Th9XpEQa4_1","selector":{"id":"application-billofresources-display-component---BillOfResources--smartFilterBar-filterItemControl_BASIC-RESOURCE_UNIT-valueHelpDialog-smartFilterBar-btnBasicSearch","searchOpenDialogs":true,"interaction":{"idSuffix":"I"}},"clearTextFirst":true,"interactionType":"ENTER_TEXT"}]}
RESULT: {"script":"<script> [776 bytes]","args":[{"enterText":"Th9XpEQa4_1","selector":{"id":"application-billofresources-display-component---BillOfResources--smartFilterBar-filterItemControl_BASIC-RESOURCE_UNIT-valueHelpDialog-smartFilterBar-btnBasicSearch","searchOpenDialogs":true,"interaction":{"idSuffix":"I"}},"clearTextFirst":true,"interactionType":"ENTER_TEXT"}]}
COMMAND: POST /session/33feadf69fce3727760203f60382e7b4/actions - {"actions":[{"id":"action6","type":"key","parameters":{},"actions":[{"type":"keyDown","value":""},{"type":"pause","duration":10},{"type":"keyUp","value":""}]}]}
RESULT: {"actions":[{"id":"action6","type":"key","parameters":{},"actions":[{"type":"keyDown","value":""},{"type":"pause","duration":10},{"type":"keyUp","value":""}]}]}
COMMAND: GET /session/33feadf69fce3727760203f60382e7b4/screenshot - {}
RESULT: {}
COMMAND: POST /session/33feadf69fce3727760203f60382e7b4/element - {"using":"xpath","value":"//div[@id=\"application-billofresources-display-component---BillOfResources--smartFilterBar-filterItemControl_BASIC-RESOURCE_UNIT-valueHelpDialog-table-rowsel0\"]"}
RESULT: {"using":"xpath","value":"//div[@id=\"application-billofresources-display-component---BillOfResources--smartFilterBar-filterItemControl_BASIC-RESOURCE_UNIT-valueHelpDialog-table-rowsel0\"]"}
COMMAND: POST /session/33feadf69fce3727760203f60382e7b4/element/f.0F6343E821C8BA4EFA8EC9AC22083D68.d.4345D9C061A099720DEE57FDB13EB1AE.e.4174/click - {}
RESULT: {}
COMMAND: GET /session/33feadf69fce3727760203f60382e7b4/screenshot - {}
RESULT: {}
COMMAND: POST /session/33feadf69fce3727760203f60382e7b4/element - {"using":"xpath","value":"//bdi[contains(text(), \"OK\")]"}
RESULT: {"using":"xpath","value":"//bdi[contains(text(), \"OK\")]"}
COMMAND: POST /session/33feadf69fce3727760203f60382e7b4/element/f.0F6343E821C8BA4EFA8EC9AC22083D68.d.4345D9C061A099720DEE57FDB13EB1AE.e.4176/click - {}
RESULT: {}
COMMAND: GET /session/33feadf69fce3727760203f60382e7b4/screenshot - {}
RESULT: {}
COMMAND: POST /session/33feadf69fce3727760203f60382e7b4/execute/async - {"script":"<script> [1562 bytes]","args":[{"selector":{"controlType":"sap.m.ColumnListItem","viewName":"etm.portal.ui.billofresources.view.MasterBoR","viewId":"application-billofresources-display-component---BillOfResources","properties":{"type":"Navigation"},"interaction":{"idSuffix":"cell2"}},"wdio_ui5_key":"etmportal.ui.billofresources.view.MasterBoRsap.m.ColumnListItem{\"type\":\"Navigation\"}"}]}
RESULT: {"script":"<script> [1562 bytes]","args":[{"selector":{"controlType":"sap.m.ColumnListItem","viewName":"etm.portal.ui.billofresources.view.MasterBoR","viewId":"application-billofresources-display-component---BillOfResources","properties":{"type":"Navigation"},"interaction":{"idSuffix":"cell2"}},"wdio_ui5_key":"etmportal.ui.billofresources.view.MasterBoRsap.m.ColumnListItem{\"type\":\"Navigation\"}"}]}
RESULT: undefined
COMMAND: POST /session/33feadf69fce3727760203f60382e7b4/element - {"using":"xpath","value":"//*[@id=\"__item18-__clone25\"]"}
RESULT: {"using":"xpath","value":"//*[@id=\"__item18-__clone25\"]"}
COMMAND: POST /session/33feadf69fce3727760203f60382e7b4/element/f.0F6343E821C8BA4EFA8EC9AC22083D68.d.4345D9C061A099720DEE57FDB13EB1AE.e.4181/click - {}
RESULT: {}
COMMAND: GET /session/33feadf69fce3727760203f60382e7b4/screenshot - {}
RESULT: {}
COMMAND: POST /session/33feadf69fce3727760203f60382e7b4/execute/async - {"script":"<script> [1562 bytes]","args":[{"selector":{"controlType":"sap.m.Button","viewName":"etm.portal.ui.billofresources.view.DetailBoR","viewId":"application-billofresources-display-component---detailBoR","i18NText":{"propertyName":"text","key":"inspectContent"},"interaction":{"idSuffix":"content"}},"wdio_ui5_key":"etmportal.ui.billofresources.view.DetailBoRsap.m.Button{\"propertyName\":\"text\",\"key\":\"inspectContent\"}"}]}
RESULT: {"script":"<script> [1562 bytes]","args":[{"selector":{"controlType":"sap.m.Button","viewName":"etm.portal.ui.billofresources.view.DetailBoR","viewId":"application-billofresources-display-component---detailBoR","i18NText":{"propertyName":"text","key":"inspectContent"},"interaction":{"idSuffix":"content"}},"wdio_ui5_key":"etmportal.ui.billofresources.view.DetailBoRsap.m.Button{\"propertyName\":\"text\",\"key\":\"inspectContent\"}"}]}
RESULT: undefined
COMMAND: POST /session/33feadf69fce3727760203f60382e7b4/element - {"using":"xpath","value":"//*[@id=\"__button10\"]"}
RESULT: {"using":"xpath","value":"//*[@id=\"__button10\"]"}
COMMAND: POST /session/33feadf69fce3727760203f60382e7b4/element/f.0F6343E821C8BA4EFA8EC9AC22083D68.d.4345D9C061A099720DEE57FDB13EB1AE.e.4454/click - {}
RESULT: {}
COMMAND: GET /session/33feadf69fce3727760203f60382e7b4/screenshot - {}
RESULT: {}
COMMAND: POST /session/33feadf69fce3727760203f60382e7b4/execute/async - {"script":"<script> [1562 bytes]","args":[{"selector":{"controlType":"sap.m.Button","properties":{"text":"OK"},"searchOpenDialogs":true,"interaction":{"idSuffix":"BDI-content"}},"wdio_ui5_key":"sapm.Button{\"text\":\"OK\"}"}]}
RESULT: {"script":"<script> [1562 bytes]","args":[{"selector":{"controlType":"sap.m.Button","properties":{"text":"OK"},"searchOpenDialogs":true,"interaction":{"idSuffix":"BDI-content"}},"wdio_ui5_key":"sapm.Button{\"text\":\"OK\"}"}]}
RESULT: undefined
COMMAND: POST /session/33feadf69fce3727760203f60382e7b4/element - {"using":"xpath","value":"//*[@id=\"__mbox-btn-0\"]"}
RESULT: {"using":"xpath","value":"//*[@id=\"__mbox-btn-0\"]"}
COMMAND: POST /session/33feadf69fce3727760203f60382e7b4/element/f.0F6343E821C8BA4EFA8EC9AC22083D68.d.4345D9C061A099720DEE57FDB13EB1AE.e.4455/click - {}
RESULT: {}
COMMAND: GET /session/33feadf69fce3727760203f60382e7b4/screenshot - {}
RESULT: {}
COMMAND: POST /session/33feadf69fce3727760203f60382e7b4/execute/async - {"script":"<script> [1562 bytes]","args":[{"selector":{"id":"application-iscorders-display-component---createOrder--orderTitle","interaction":{"idSuffix":"inner"}},"wdio_ui5_key":"applicationiscorders-display-component---createOrder--orderTitle"}]}
RESULT: {"script":"<script> [1562 bytes]","args":[{"selector":{"id":"application-iscorders-display-component---createOrder--orderTitle","interaction":{"idSuffix":"inner"}},"wdio_ui5_key":"applicationiscorders-display-component---createOrder--orderTitle"}]}
RESULT: undefined
COMMAND: POST /session/33feadf69fce3727760203f60382e7b4/execute/async - {"script":"<script> [776 bytes]","args":[{"enterText":"Webdriver Order","selector":{"id":"application-iscorders-display-component---createOrder--orderTitle","interaction":{"idSuffix":"inner"}},"clearTextFirst":true,"interactionType":"ENTER_TEXT"}]}
RESULT: {"script":"<script> [776 bytes]","args":[{"enterText":"Webdriver Order","selector":{"id":"application-iscorders-display-component---createOrder--orderTitle","interaction":{"idSuffix":"inner"}},"clearTextFirst":true,"interactionType":"ENTER_TEXT"}]}
COMMAND: POST /session/33feadf69fce3727760203f60382e7b4/execute/async - {"script":"<script> [1562 bytes]","args":[{"selector":{"id":"application-iscorders-display-component---createOrder--orderDesc","interaction":{"idSuffix":"inner"}},"wdio_ui5_key":"applicationiscorders-display-component---createOrder--orderDesc"}]}
RESULT: {"script":"<script> [1562 bytes]","args":[{"selector":{"id":"application-iscorders-display-component---createOrder--orderDesc","interaction":{"idSuffix":"inner"}},"wdio_ui5_key":"applicationiscorders-display-component---createOrder--orderDesc"}]}
RESULT: undefined
COMMAND: POST /session/33feadf69fce3727760203f60382e7b4/execute/async - {"script":"<script> [776 bytes]","args":[{"enterText":"Order Description","selector":{"id":"application-iscorders-display-component---createOrder--orderDesc","interaction":{"idSuffix":"inner"}},"clearTextFirst":true,"interactionType":"ENTER_TEXT"}]}
RESULT: {"script":"<script> [776 bytes]","args":[{"enterText":"Order Description","selector":{"id":"application-iscorders-display-component---createOrder--orderDesc","interaction":{"idSuffix":"inner"}},"clearTextFirst":true,"interactionType":"ENTER_TEXT"}]}
COMMAND: POST /session/33feadf69fce3727760203f60382e7b4/execute/async - {"script":"<script> [1562 bytes]","args":[{"selector":{"controlType":"sap.m.Button","viewName":"etm.portal.ui.iscorders.view.New","viewId":"application-iscorders-display-component---createOrder","properties":{"text":"Cost information"},"interaction":{"idSuffix":"BDI-content"}},"wdio_ui5_key":"etmportal.ui.iscorders.view.Newsap.m.Button{\"text\":\"Cost information\"}"}]}
RESULT: {"script":"<script> [1562 bytes]","args":[{"selector":{"controlType":"sap.m.Button","viewName":"etm.portal.ui.iscorders.view.New","viewId":"application-iscorders-display-component---createOrder","properties":{"text":"Cost information"},"interaction":{"idSuffix":"BDI-content"}},"wdio_ui5_key":"etmportal.ui.iscorders.view.Newsap.m.Button{\"text\":\"Cost information\"}"}]}
RESULT: undefined
COMMAND: POST /session/33feadf69fce3727760203f60382e7b4/element - {"using":"xpath","value":"//*[@id=\"application-iscorders-display-component---createOrder--newOrderObjectPageLayout-anchBar-application-iscorders-display-component---createOrder--costInformation-anchor\"]"}
RESULT: {"using":"xpath","value":"//*[@id=\"application-iscorders-display-component---createOrder--newOrderObjectPageLayout-anchBar-application-iscorders-display-component---createOrder--costInformation-anchor\"]"}
COMMAND: POST /session/33feadf69fce3727760203f60382e7b4/element/f.0F6343E821C8BA4EFA8EC9AC22083D68.d.4345D9C061A099720DEE57FDB13EB1AE.e.4854/click - {}
RESULT: {}
COMMAND: GET /session/33feadf69fce3727760203f60382e7b4/screenshot - {}
RESULT: {}
COMMAND: POST /session/33feadf69fce3727760203f60382e7b4/execute/async - {"script":"<script> [1562 bytes]","args":[{"selector":{"id":"application-iscorders-display-component---createOrder--durationDimension-arrow"},"wdio_ui5_key":"applicationiscorders-display-component---createOrder--durationDimension-arrow"}]}
RESULT: {"script":"<script> [1562 bytes]","args":[{"selector":{"id":"application-iscorders-display-component---createOrder--durationDimension-arrow"},"wdio_ui5_key":"applicationiscorders-display-component---createOrder--durationDimension-arrow"}]}
RESULT: undefined
COMMAND: POST /session/33feadf69fce3727760203f60382e7b4/element - {"using":"xpath","value":"//*[@id=\"application-iscorders-display-component---createOrder--durationDimension-arrow\"]"}
RESULT: {"using":"xpath","value":"//*[@id=\"application-iscorders-display-component---createOrder--durationDimension-arrow\"]"}
COMMAND: POST /session/33feadf69fce3727760203f60382e7b4/element/f.0F6343E821C8BA4EFA8EC9AC22083D68.d.4345D9C061A099720DEE57FDB13EB1AE.e.4859/click - {}
RESULT: {}
COMMAND: GET /session/33feadf69fce3727760203f60382e7b4/screenshot - {}
RESULT: {}
COMMAND: POST /session/33feadf69fce3727760203f60382e7b4/execute/async - {"script":"<script> [1562 bytes]","args":[{"selector":{"controlType":"sap.m.StandardListItem","viewName":"etm.portal.ui.iscorders.view.New","viewId":"application-iscorders-display-component---createOrder","properties":{"title":"Days"},"searchOpenDialogs":true,"interaction":{"idSuffix":"titleText"}},"wdio_ui5_key":"etmportal.ui.iscorders.view.Newsap.m.StandardListItem{\"title\":\"Days\"}"}]}
RESULT: {"script":"<script> [1562 bytes]","args":[{"selector":{"controlType":"sap.m.StandardListItem","viewName":"etm.portal.ui.iscorders.view.New","viewId":"application-iscorders-display-component---createOrder","properties":{"title":"Days"},"searchOpenDialogs":true,"interaction":{"idSuffix":"titleText"}},"wdio_ui5_key":"etmportal.ui.iscorders.view.Newsap.m.StandardListItem{\"title\":\"Days\"}"}]}
RESULT: undefined
COMMAND: POST /session/33feadf69fce3727760203f60382e7b4/element - {"using":"xpath","value":"//*[@id=\"__item137\"]"}
RESULT: {"using":"xpath","value":"//*[@id=\"__item137\"]"}
COMMAND: POST /session/33feadf69fce3727760203f60382e7b4/element/f.0F6343E821C8BA4EFA8EC9AC22083D68.d.4345D9C061A099720DEE57FDB13EB1AE.e.4861/click - {}
RESULT: {}
COMMAND: GET /session/33feadf69fce3727760203f60382e7b4/screenshot - {}
RESULT: {}
COMMAND: POST /session/33feadf69fce3727760203f60382e7b4/execute/async - {"script":"<script> [1562 bytes]","args":[{"selector":{"id":"application-iscorders-display-component---createOrder--addPersonButton","interaction":{"idSuffix":"inner"}},"wdio_ui5_key":"applicationiscorders-display-component---createOrder--addPersonButton"}]}
RESULT: {"script":"<script> [1562 bytes]","args":[{"selector":{"id":"application-iscorders-display-component---createOrder--addPersonButton","interaction":{"idSuffix":"inner"}},"wdio_ui5_key":"applicationiscorders-display-component---createOrder--addPersonButton"}]}
RESULT: undefined
COMMAND: POST /session/33feadf69fce3727760203f60382e7b4/element - {"using":"xpath","value":"//*[@id=\"application-iscorders-display-component---createOrder--addPersonButton\"]"}
RESULT: {"using":"xpath","value":"//*[@id=\"application-iscorders-display-component---createOrder--addPersonButton\"]"}
COMMAND: POST /session/33feadf69fce3727760203f60382e7b4/element/f.0F6343E821C8BA4EFA8EC9AC22083D68.d.4345D9C061A099720DEE57FDB13EB1AE.e.4863/click - {}
RESULT: {}
COMMAND: GET /session/33feadf69fce3727760203f60382e7b4/screenshot - {}
RESULT: {}
COMMAND: POST /session/33feadf69fce3727760203f60382e7b4/execute/async - {"script":"<script> [1562 bytes]","args":[{"selector":{"controlType":"sap.m.SearchField","viewName":"etm.portal.ui.iscorders.view.New","viewId":"application-iscorders-display-component---createOrder","properties":{"value":"Test unit update"},"searchOpenDialogs":true,"interaction":{"idSuffix":"I"}},"wdio_ui5_key":"etmportal.ui.iscorders.view.Newsap.m.SearchField{\"value\":\"Test unit update\"}"}]}
RESULT: {"script":"<script> [1562 bytes]","args":[{"selector":{"controlType":"sap.m.SearchField","viewName":"etm.portal.ui.iscorders.view.New","viewId":"application-iscorders-display-component---createOrder","properties":{"value":"Test unit update"},"searchOpenDialogs":true,"interaction":{"idSuffix":"I"}},"wdio_ui5_key":"etmportal.ui.iscorders.view.Newsap.m.SearchField{\"value\":\"Test unit update\"}"}]}
RESULT: undefined
COMMAND: POST /session/33feadf69fce3727760203f60382e7b4/actions - {"actions":[{"id":"action7","type":"key","parameters":{},"actions":[{"type":"keyDown","value":""},{"type":"pause","duration":10},{"type":"keyUp","value":""}]}]}
RESULT: {"actions":[{"id":"action7","type":"key","parameters":{},"actions":[{"type":"keyDown","value":""},{"type":"pause","duration":10},{"type":"keyUp","value":""}]}]}
COMMAND: POST /session/33feadf69fce3727760203f60382e7b4/execute/async - {"script":"<script> [1562 bytes]","args":[{"selector":{"controlType":"sap.m.ObjectAttribute","viewName":"etm.portal.ui.iscorders.view.New","viewId":"application-iscorders-display-component---createOrder","i18NText":{"propertyName":"title","key":"email"},"searchOpenDialogs":true},"wdio_ui5_key":"etmportal.ui.iscorders.view.Newsap.m.ObjectAttribute{\"propertyName\":\"title\",\"key\":\"email\"}"}]}
COMMAND: GET /session/33feadf69fce3727760203f60382e7b4/screenshot - {}
RESULT: {"script":"<script> [1562 bytes]","args":[{"selector":{"controlType":"sap.m.ObjectAttribute","viewName":"etm.portal.ui.iscorders.view.New","viewId":"application-iscorders-display-component---createOrder","i18NText":{"propertyName":"title","key":"email"},"searchOpenDialogs":true},"wdio_ui5_key":"etmportal.ui.iscorders.view.Newsap.m.ObjectAttribute{\"propertyName\":\"title\",\"key\":\"email\"}"}]}
RESULT: undefined
RESULT: {}
COMMAND: POST /session/33feadf69fce3727760203f60382e7b4/execute/async - {"script":"<script> [1562 bytes]","args":[{"selector":{"id":"application-iscorders-display-component---createOrder--createTaskButton","interaction":{"idSuffix":"BDI-content"}},"wdio_ui5_key":"applicationiscorders-display-component---createOrder--createTaskButton"}]}
RESULT: {"script":"<script> [1562 bytes]","args":[{"selector":{"id":"application-iscorders-display-component---createOrder--createTaskButton","interaction":{"idSuffix":"BDI-content"}},"wdio_ui5_key":"applicationiscorders-display-component---createOrder--createTaskButton"}]}
RESULT: undefined
COMMAND: POST /session/33feadf69fce3727760203f60382e7b4/element - {"using":"xpath","value":"//*[@id=\"application-iscorders-display-component---createOrder--createTaskButton\"]"}
RESULT: {"using":"xpath","value":"//*[@id=\"application-iscorders-display-component---createOrder--createTaskButton\"]"}
COMMAND: POST /session/33feadf69fce3727760203f60382e7b4/element/f.0F6343E821C8BA4EFA8EC9AC22083D68.d.4345D9C061A099720DEE57FDB13EB1AE.e.4873/click - {}
RESULT: {}
COMMAND: GET /session/33feadf69fce3727760203f60382e7b4/screenshot - {}
RESULT: {}
COMMAND: POST /session/33feadf69fce3727760203f60382e7b4/execute/async - {"script":"<script> [1562 bytes]","args":[{"selector":{"controlType":"sap.m.Button","viewName":"etm.portal.ui.iscorders.view.New","viewId":"application-iscorders-display-component---createOrder","properties":{"text":"Tasks"},"interaction":{"idSuffix":"BDI-content"}},"wdio_ui5_key":"etmportal.ui.iscorders.view.Newsap.m.Button{\"text\":\"Tasks\"}"}]}
RESULT: {"script":"<script> [1562 bytes]","args":[{"selector":{"controlType":"sap.m.Button","viewName":"etm.portal.ui.iscorders.view.New","viewId":"application-iscorders-display-component---createOrder","properties":{"text":"Tasks"},"interaction":{"idSuffix":"BDI-content"}},"wdio_ui5_key":"etmportal.ui.iscorders.view.Newsap.m.Button{\"text\":\"Tasks\"}"}]}
RESULT: undefined
COMMAND: POST /session/33feadf69fce3727760203f60382e7b4/element - {"using":"xpath","value":"//*[@id=\"application-iscorders-display-component---createOrder--newOrderObjectPageLayout-anchBar-__section13-anchor\"]"}
RESULT: {"using":"xpath","value":"//*[@id=\"application-iscorders-display-component---createOrder--newOrderObjectPageLayout-anchBar-__section13-anchor\"]"}
COMMAND: POST /session/33feadf69fce3727760203f60382e7b4/element/f.0F6343E821C8BA4EFA8EC9AC22083D68.d.4345D9C061A099720DEE57FDB13EB1AE.e.4875/click - {}
RESULT: {}
COMMAND: GET /session/33feadf69fce3727760203f60382e7b4/screenshot - {}
RESULT: {}
COMMAND: POST /session/33feadf69fce3727760203f60382e7b4/execute/async - {"script":"<script> [1562 bytes]","args":[{"selector":{"controlType":"sap.m.Input","viewName":"etm.portal.ui.iscorders.view.New","viewId":"application-iscorders-display-component---createOrder","bindingPath":{"path":"/0","propertyPath":"NAME","modelName":"tasksModel"},"interaction":{"idSuffix":"inner"}},"wdio_ui5_key":"etmportal.ui.iscorders.view.Newsap.m.Input{\"path\":\"/0\",\"propertyPath\":\"NAME\",\"modelName\":\"tasksModel\"}"}]}
RESULT: {"script":"<script> [1562 bytes]","args":[{"selector":{"controlType":"sap.m.Input","viewName":"etm.portal.ui.iscorders.view.New","viewId":"application-iscorders-display-component---createOrder","bindingPath":{"path":"/0","propertyPath":"NAME","modelName":"tasksModel"},"interaction":{"idSuffix":"inner"}},"wdio_ui5_key":"etmportal.ui.iscorders.view.Newsap.m.Input{\"path\":\"/0\",\"propertyPath\":\"NAME\",\"modelName\":\"tasksModel\"}"}]}
RESULT: undefined
COMMAND: POST /session/33feadf69fce3727760203f60382e7b4/execute/async - {"script":"<script> [776 bytes]","args":[{"enterText":"WebdriverTask","selector":{"controlType":"sap.m.Input","viewName":"etm.portal.ui.iscorders.view.New","viewId":"application-iscorders-display-component---createOrder","bindingPath":{"path":"/0","propertyPath":"NAME","modelName":"tasksModel"},"interaction":{"idSuffix":"inner"}},"clearTextFirst":true,"interactionType":"ENTER_TEXT"}]}
RESULT: {"script":"<script> [776 bytes]","args":[{"enterText":"WebdriverTask","selector":{"controlType":"sap.m.Input","viewName":"etm.portal.ui.iscorders.view.New","viewId":"application-iscorders-display-component---createOrder","bindingPath":{"path":"/0","propertyPath":"NAME","modelName":"tasksModel"},"interaction":{"idSuffix":"inner"}},"clearTextFirst":true,"interactionType":"ENTER_TEXT"}]}
COMMAND: POST /session/33feadf69fce3727760203f60382e7b4/execute/async - {"script":"<script> [1562 bytes]","args":[{"selector":{"controlType":"netm.SmartInput","viewName":"etm.portal.ui.iscorders.view.New","viewId":"application-iscorders-display-component---createOrder","bindingPath":{"path":"/","propertyPath":"edit","modelName":"pageModel"},"interaction":{"idSuffix":"inner"}},"wdio_ui5_key":"etmportal.ui.iscorders.view.Newnetm.SmartInput{\"path\":\"/\",\"propertyPath\":\"edit\",\"modelName\":\"pageModel\"}"}]}
RESULT: {"script":"<script> [1562 bytes]","args":[{"selector":{"controlType":"netm.SmartInput","viewName":"etm.portal.ui.iscorders.view.New","viewId":"application-iscorders-display-component---createOrder","bindingPath":{"path":"/","propertyPath":"edit","modelName":"pageModel"},"interaction":{"idSuffix":"inner"}},"wdio_ui5_key":"etmportal.ui.iscorders.view.Newnetm.SmartInput{\"path\":\"/\",\"propertyPath\":\"edit\",\"modelName\":\"pageModel\"}"}]}
RESULT: undefined
COMMAND: POST /session/33feadf69fce3727760203f60382e7b4/execute/async - {"script":"<script> [776 bytes]","args":[{"enterText":"Test unit Update","selector":{"controlType":"netm.SmartInput","viewName":"etm.portal.ui.iscorders.view.New","viewId":"application-iscorders-display-component---createOrder","bindingPath":{"path":"/","propertyPath":"edit","modelName":"pageModel"},"interaction":{"idSuffix":"inner"}},"clearTextFirst":true,"interactionType":"ENTER_TEXT"}]}
RESULT: {"script":"<script> [776 bytes]","args":[{"enterText":"Test unit Update","selector":{"controlType":"netm.SmartInput","viewName":"etm.portal.ui.iscorders.view.New","viewId":"application-iscorders-display-component---createOrder","bindingPath":{"path":"/","propertyPath":"edit","modelName":"pageModel"},"interaction":{"idSuffix":"inner"}},"clearTextFirst":true,"interactionType":"ENTER_TEXT"}]}
COMMAND: POST /session/33feadf69fce3727760203f60382e7b4/execute/async - {"script":"<script> [1562 bytes]","args":[{"selector":{"controlType":"sap.m.Input","viewName":"etm.portal.ui.iscorders.view.New","viewId":"application-iscorders-display-component---createOrder","bindingPath":{"path":"/0","propertyPath":"DESCRIPTION","modelName":"tasksModel"},"interaction":{"idSuffix":"inner"}},"wdio_ui5_key":"etmportal.ui.iscorders.view.Newsap.m.Input{\"path\":\"/0\",\"propertyPath\":\"DESCRIPTION\",\"modelName\":\"tasksModel\"}"}]}
RESULT: {"script":"<script> [1562 bytes]","args":[{"selector":{"controlType":"sap.m.Input","viewName":"etm.portal.ui.iscorders.view.New","viewId":"application-iscorders-display-component---createOrder","bindingPath":{"path":"/0","propertyPath":"DESCRIPTION","modelName":"tasksModel"},"interaction":{"idSuffix":"inner"}},"wdio_ui5_key":"etmportal.ui.iscorders.view.Newsap.m.Input{\"path\":\"/0\",\"propertyPath\":\"DESCRIPTION\",\"modelName\":\"tasksModel\"}"}]}
RESULT: undefined
COMMAND: POST /session/33feadf69fce3727760203f60382e7b4/execute/async - {"script":"<script> [776 bytes]","args":[{"enterText":"Webdriver Task","selector":{"controlType":"sap.m.Input","viewName":"etm.portal.ui.iscorders.view.New","viewId":"application-iscorders-display-component---createOrder","bindingPath":{"path":"/0","propertyPath":"DESCRIPTION","modelName":"tasksModel"},"interaction":{"idSuffix":"inner"}},"clearTextFirst":true,"interactionType":"ENTER_TEXT"}]}
RESULT: {"script":"<script> [776 bytes]","args":[{"enterText":"Webdriver Task","selector":{"controlType":"sap.m.Input","viewName":"etm.portal.ui.iscorders.view.New","viewId":"application-iscorders-display-component---createOrder","bindingPath":{"path":"/0","propertyPath":"DESCRIPTION","modelName":"tasksModel"},"interaction":{"idSuffix":"inner"}},"clearTextFirst":true,"interactionType":"ENTER_TEXT"}]}
COMMAND: POST /session/33feadf69fce3727760203f60382e7b4/execute/async - {"script":"<script> [1562 bytes]","args":[{"selector":{"controlType":"sap.m.Input","viewName":"etm.portal.ui.iscorders.view.New","viewId":"application-iscorders-display-component---createOrder","bindingPath":{"path":"/0","propertyPath":"DURATION_FORMATTED","modelName":"tasksModel"},"interaction":{"idSuffix":"inner"}},"wdio_ui5_key":"etmportal.ui.iscorders.view.Newsap.m.Input{\"path\":\"/0\",\"propertyPath\":\"DURATION_FORMATTED\",\"modelName\":\"tasksModel\"}"}]}
RESULT: {"script":"<script> [1562 bytes]","args":[{"selector":{"controlType":"sap.m.Input","viewName":"etm.portal.ui.iscorders.view.New","viewId":"application-iscorders-display-component---createOrder","bindingPath":{"path":"/0","propertyPath":"DURATION_FORMATTED","modelName":"tasksModel"},"interaction":{"idSuffix":"inner"}},"wdio_ui5_key":"etmportal.ui.iscorders.view.Newsap.m.Input{\"path\":\"/0\",\"propertyPath\":\"DURATION_FORMATTED\",\"modelName\":\"tasksModel\"}"}]}
RESULT: undefined
COMMAND: POST /session/33feadf69fce3727760203f60382e7b4/execute/async - {"script":"<script> [776 bytes]","args":[{"enterText":"10","selector":{"controlType":"sap.m.Input","viewName":"etm.portal.ui.iscorders.view.New","viewId":"application-iscorders-display-component---createOrder","bindingPath":{"path":"/0","propertyPath":"DURATION_FORMATTED","modelName":"tasksModel"},"interaction":{"idSuffix":"inner"}},"clearTextFirst":true,"interactionType":"ENTER_TEXT"}]}
RESULT: {"script":"<script> [776 bytes]","args":[{"enterText":"10","selector":{"controlType":"sap.m.Input","viewName":"etm.portal.ui.iscorders.view.New","viewId":"application-iscorders-display-component---createOrder","bindingPath":{"path":"/0","propertyPath":"DURATION_FORMATTED","modelName":"tasksModel"},"interaction":{"idSuffix":"inner"}},"clearTextFirst":true,"interactionType":"ENTER_TEXT"}]}
COMMAND: POST /session/33feadf69fce3727760203f60382e7b4/execute/async - {"script":"<script> [1562 bytes]","args":[{"selector":{"controlType":"sap.m.ComboBox","viewName":"etm.portal.ui.iscorders.view.New","viewId":"application-iscorders-display-component---createOrder","bindingPath":{"path":"/0","propertyPath":"DURATION_UNIT_OF_MEASURE","modelName":"tasksModel"},"interaction":{"idSuffix":"inner"}},"wdio_ui5_key":"etmportal.ui.iscorders.view.Newsap.m.ComboBox{\"path\":\"/0\",\"propertyPath\":\"DURATION_UNIT_OF_MEASURE\",\"modelName\":\"tasksModel\"}"}]}
RESULT: {"script":"<script> [1562 bytes]","args":[{"selector":{"controlType":"sap.m.ComboBox","viewName":"etm.portal.ui.iscorders.view.New","viewId":"application-iscorders-display-component---createOrder","bindingPath":{"path":"/0","propertyPath":"DURATION_UNIT_OF_MEASURE","modelName":"tasksModel"},"interaction":{"idSuffix":"inner"}},"wdio_ui5_key":"etmportal.ui.iscorders.view.Newsap.m.ComboBox{\"path\":\"/0\",\"propertyPath\":\"DURATION_UNIT_OF_MEASURE\",\"modelName\":\"tasksModel\"}"}]}
RESULT: undefined
COMMAND: POST /session/33feadf69fce3727760203f60382e7b4/execute/async - {"script":"<script> [776 bytes]","args":[{"enterText":"Days","selector":{"controlType":"sap.m.ComboBox","viewName":"etm.portal.ui.iscorders.view.New","viewId":"application-iscorders-display-component---createOrder","bindingPath":{"path":"/0","propertyPath":"DURATION_UNIT_OF_MEASURE","modelName":"tasksModel"},"interaction":{"idSuffix":"inner"}},"clearTextFirst":true,"interactionType":"ENTER_TEXT"}]}
RESULT: {"script":"<script> [776 bytes]","args":[{"enterText":"Days","selector":{"controlType":"sap.m.ComboBox","viewName":"etm.portal.ui.iscorders.view.New","viewId":"application-iscorders-display-component---createOrder","bindingPath":{"path":"/0","propertyPath":"DURATION_UNIT_OF_MEASURE","modelName":"tasksModel"},"interaction":{"idSuffix":"inner"}},"clearTextFirst":true,"interactionType":"ENTER_TEXT"}]}
COMMAND: POST /session/33feadf69fce3727760203f60382e7b4/execute/async - {"script":"<script> [1562 bytes]","args":[{"selector":{"id":"application-iscorders-display-component---createOrder--saveOrderButton","interaction":{"idSuffix":"inner"}},"wdio_ui5_key":"applicationiscorders-display-component---createOrder--saveOrderButton"}]}
RESULT: {"script":"<script> [1562 bytes]","args":[{"selector":{"id":"application-iscorders-display-component---createOrder--saveOrderButton","interaction":{"idSuffix":"inner"}},"wdio_ui5_key":"applicationiscorders-display-component---createOrder--saveOrderButton"}]}
RESULT: undefined
COMMAND: POST /session/33feadf69fce3727760203f60382e7b4/element - {"using":"xpath","value":"//*[@id=\"application-iscorders-display-component---createOrder--saveOrderButton\"]"}
RESULT: {"using":"xpath","value":"//*[@id=\"application-iscorders-display-component---createOrder--saveOrderButton\"]"}
COMMAND: POST /session/33feadf69fce3727760203f60382e7b4/element/f.0F6343E821C8BA4EFA8EC9AC22083D68.d.4345D9C061A099720DEE57FDB13EB1AE.e.4706/click - {}
RESULT: {}
COMMAND: GET /session/33feadf69fce3727760203f60382e7b4/screenshot - {}
RESULT: {}
COMMAND: POST /session/33feadf69fce3727760203f60382e7b4/element - {"using":"xpath","value":"(//header//span[contains(text(), \"Order \")])[3]"}
RESULT: {"using":"xpath","value":"(//header//span[contains(text(), \"Order \")])[3]"}
COMMAND: POST /session/33feadf69fce3727760203f60382e7b4/elements - {"using":"xpath","value":"(//header//span[contains(text(), \"Order \")])[3]"}
RESULT: {"using":"xpath","value":"(//header//span[contains(text(), \"Order \")])[3]"}
COMMAND: POST /session/33feadf69fce3727760203f60382e7b4/execute/sync - {"script":"<script> [56 bytes]","args":[{"element-6066-11e4-a52e-4f735466cecf":"f.0F6343E821C8BA4EFA8EC9AC22083D68.d.4345D9C061A099720DEE57FDB13EB1AE.e.4935","ELEMENT":"f.0F6343E821C8BA4EFA8EC9AC22083D68.d.4345D9C061A099720DEE57FDB13EB1AE.e.4935"}]}
RESULT: {"script":"<script> [56 bytes]","args":[{"element-6066-11e4-a52e-4f735466cecf":"f.0F6343E821C8BA4EFA8EC9AC22083D68.d.4345D9C061A099720DEE57FDB13EB1AE.e.4935","ELEMENT":"f.0F6343E821C8BA4EFA8EC9AC22083D68.d.4345D9C061A099720DEE57FDB13EB1AE.e.4935"}]}
COMMAND: POST /session/33feadf69fce3727760203f60382e7b4/element - {"using":"css selector","value":"#shell-header-logo"}
COMMAND: GET /session/33feadf69fce3727760203f60382e7b4/screenshot - {}
RESULT: {"using":"css selector","value":"#shell-header-logo"}
COMMAND: POST /session/33feadf69fce3727760203f60382e7b4/element/f.0F6343E821C8BA4EFA8EC9AC22083D68.d.4345D9C061A099720DEE57FDB13EB1AE.e.3944/click - {}
RESULT: {}
RESULT: {}
COMMAND: GET /session/33feadf69fce3727760203f60382e7b4/screenshot - {}
RESULT: {}
COMMAND: DELETE /session/33feadf69fce3727760203f60382e7b4 - {}
RESULT: {}
]]></system-out>
    </testcase>
  </testsuite>
</testsuites>