<?xml version="1.0" encoding="UTF-8"?>
<testsuites tests="58" failures="9" errors="9" skipped="0">
  <testsuite timestamp="2025-05-25T17:07:33" time="1012.772" tests="11" failures="3" errors="3" skipped="0">
    <properties>
      <property name="specId" value="0"/>
      <property name="suiteName" value="Billing confirm US117289"/>
      <property name="capabilities" value="chrome.136_0_7103_93.windows"/>
      <property name="file" value="file:///D:/a/1/s/test/specs/BTS/billing-confirm.spec.js"/>
    </properties>
    <testcase classname="chrome.136_0_7103_93.windows.Billing_confirm_US117289" name="Should create a new yard" time="142.608">
      <system-out><![CDATA[
COMMAND: POST /session/365d56350ece7ddb67f22ecca89c6f97/window/fullscreen - {}
RESULT: {}
COMMAND: POST /session/365d56350ece7ddb67f22ecca89c6f97/execute/async - {"script":"<script> [1562 bytes]","args":[{"selector":{"controlType":"sap.m.GenericTile","properties":{"header":"Manage Yards"}},"wdio_ui5_key":"sapm.GenericTile{\"header\":\"Manage Yards\"}"}]}
RESULT: {"script":"<script> [1562 bytes]","args":[{"selector":{"controlType":"sap.m.GenericTile","properties":{"header":"Manage Yards"}},"wdio_ui5_key":"sapm.GenericTile{\"header\":\"Manage Yards\"}"}]}
RESULT: undefined
COMMAND: POST /session/365d56350ece7ddb67f22ecca89c6f97/element - {"using":"xpath","value":"//*[@id=\"__tile41\"]"}
RESULT: {"using":"xpath","value":"//*[@id=\"__tile41\"]"}
COMMAND: POST /session/365d56350ece7ddb67f22ecca89c6f97/element/f.0CFB565138F0704D782EF1C57C56E9E5.d.661D24DC526AD1CB3FA5216688091BA1.e.152/click - {}
RESULT: {}
COMMAND: GET /session/365d56350ece7ddb67f22ecca89c6f97/screenshot - {}
RESULT: {}
COMMAND: POST /session/365d56350ece7ddb67f22ecca89c6f97/elements - {"using":"xpath","value":"//span[text()='Error']"}
RESULT: {"using":"xpath","value":"//span[text()='Error']"}
COMMAND: POST /session/365d56350ece7ddb67f22ecca89c6f97/element - {"using":"xpath","value":"//button[@data-kt=\"addNewYardOverflowToolbarButton\"]"}
RESULT: {"using":"xpath","value":"//button[@data-kt=\"addNewYardOverflowToolbarButton\"]"}
COMMAND: POST /session/365d56350ece7ddb67f22ecca89c6f97/elements - {"using":"xpath","value":"//button[@data-kt=\"addNewYardOverflowToolbarButton\"]"}
RESULT: {"using":"xpath","value":"//button[@data-kt=\"addNewYardOverflowToolbarButton\"]"}
COMMAND: POST /session/365d56350ece7ddb67f22ecca89c6f97/elements - {"using":"xpath","value":"//button[@data-kt=\"addNewYardOverflowToolbarButton\"]"}
RESULT: {"using":"xpath","value":"//button[@data-kt=\"addNewYardOverflowToolbarButton\"]"}
COMMAND: POST /session/365d56350ece7ddb67f22ecca89c6f97/elements - {"using":"xpath","value":"//button[@data-kt=\"addNewYardOverflowToolbarButton\"]"}
RESULT: {"using":"xpath","value":"//button[@data-kt=\"addNewYardOverflowToolbarButton\"]"}
COMMAND: POST /session/365d56350ece7ddb67f22ecca89c6f97/elements - {"using":"xpath","value":"//button[@data-kt=\"addNewYardOverflowToolbarButton\"]"}
RESULT: {"using":"xpath","value":"//button[@data-kt=\"addNewYardOverflowToolbarButton\"]"}
COMMAND: POST /session/365d56350ece7ddb67f22ecca89c6f97/elements - {"using":"xpath","value":"//button[@data-kt=\"addNewYardOverflowToolbarButton\"]"}
RESULT: {"using":"xpath","value":"//button[@data-kt=\"addNewYardOverflowToolbarButton\"]"}
COMMAND: POST /session/365d56350ece7ddb67f22ecca89c6f97/elements - {"using":"xpath","value":"//button[@data-kt=\"addNewYardOverflowToolbarButton\"]"}
RESULT: {"using":"xpath","value":"//button[@data-kt=\"addNewYardOverflowToolbarButton\"]"}
COMMAND: POST /session/365d56350ece7ddb67f22ecca89c6f97/elements - {"using":"xpath","value":"//button[@data-kt=\"addNewYardOverflowToolbarButton\"]"}
RESULT: {"using":"xpath","value":"//button[@data-kt=\"addNewYardOverflowToolbarButton\"]"}
COMMAND: POST /session/365d56350ece7ddb67f22ecca89c6f97/elements - {"using":"xpath","value":"//button[@data-kt=\"addNewYardOverflowToolbarButton\"]"}
RESULT: {"using":"xpath","value":"//button[@data-kt=\"addNewYardOverflowToolbarButton\"]"}
COMMAND: POST /session/365d56350ece7ddb67f22ecca89c6f97/elements - {"using":"xpath","value":"//button[@data-kt=\"addNewYardOverflowToolbarButton\"]"}
RESULT: {"using":"xpath","value":"//button[@data-kt=\"addNewYardOverflowToolbarButton\"]"}
COMMAND: POST /session/365d56350ece7ddb67f22ecca89c6f97/elements - {"using":"xpath","value":"//button[@data-kt=\"addNewYardOverflowToolbarButton\"]"}
RESULT: {"using":"xpath","value":"//button[@data-kt=\"addNewYardOverflowToolbarButton\"]"}
COMMAND: POST /session/365d56350ece7ddb67f22ecca89c6f97/elements - {"using":"xpath","value":"//button[@data-kt=\"addNewYardOverflowToolbarButton\"]"}
RESULT: {"using":"xpath","value":"//button[@data-kt=\"addNewYardOverflowToolbarButton\"]"}
COMMAND: POST /session/365d56350ece7ddb67f22ecca89c6f97/elements - {"using":"xpath","value":"//button[@data-kt=\"addNewYardOverflowToolbarButton\"]"}
RESULT: {"using":"xpath","value":"//button[@data-kt=\"addNewYardOverflowToolbarButton\"]"}
COMMAND: POST /session/365d56350ece7ddb67f22ecca89c6f97/elements - {"using":"xpath","value":"//button[@data-kt=\"addNewYardOverflowToolbarButton\"]"}
RESULT: {"using":"xpath","value":"//button[@data-kt=\"addNewYardOverflowToolbarButton\"]"}
COMMAND: POST /session/365d56350ece7ddb67f22ecca89c6f97/elements - {"using":"xpath","value":"//button[@data-kt=\"addNewYardOverflowToolbarButton\"]"}
RESULT: {"using":"xpath","value":"//button[@data-kt=\"addNewYardOverflowToolbarButton\"]"}
COMMAND: POST /session/365d56350ece7ddb67f22ecca89c6f97/elements - {"using":"xpath","value":"//button[@data-kt=\"addNewYardOverflowToolbarButton\"]"}
RESULT: {"using":"xpath","value":"//button[@data-kt=\"addNewYardOverflowToolbarButton\"]"}
COMMAND: POST /session/365d56350ece7ddb67f22ecca89c6f97/elements - {"using":"xpath","value":"//button[@data-kt=\"addNewYardOverflowToolbarButton\"]"}
RESULT: {"using":"xpath","value":"//button[@data-kt=\"addNewYardOverflowToolbarButton\"]"}
COMMAND: POST /session/365d56350ece7ddb67f22ecca89c6f97/element - {"using":"xpath","value":"//button[@data-kt=\"addNewYardOverflowToolbarButton\"]"}
RESULT: {"using":"xpath","value":"//button[@data-kt=\"addNewYardOverflowToolbarButton\"]"}
COMMAND: POST /session/365d56350ece7ddb67f22ecca89c6f97/execute/sync - {"script":"<script> [8489 bytes]","args":[{"element-6066-11e4-a52e-4f735466cecf":"f.0CFB565138F0704D782EF1C57C56E9E5.d.661D24DC526AD1CB3FA5216688091BA1.e.298","ELEMENT":"f.0CFB565138F0704D782EF1C57C56E9E5.d.661D24DC526AD1CB3FA5216688091BA1.e.298"}]}
RESULT: {"script":"<script> [8489 bytes]","args":[{"element-6066-11e4-a52e-4f735466cecf":"f.0CFB565138F0704D782EF1C57C56E9E5.d.661D24DC526AD1CB3FA5216688091BA1.e.298","ELEMENT":"f.0CFB565138F0704D782EF1C57C56E9E5.d.661D24DC526AD1CB3FA5216688091BA1.e.298"}]}
COMMAND: GET /session/365d56350ece7ddb67f22ecca89c6f97/element/f.0CFB565138F0704D782EF1C57C56E9E5.d.661D24DC526AD1CB3FA5216688091BA1.e.298/enabled - {}
COMMAND: GET /session/365d56350ece7ddb67f22ecca89c6f97/screenshot - {}
RESULT: {}
COMMAND: POST /session/365d56350ece7ddb67f22ecca89c6f97/execute/sync - {"script":"<script> [8489 bytes]","args":[{"element-6066-11e4-a52e-4f735466cecf":"f.0CFB565138F0704D782EF1C57C56E9E5.d.661D24DC526AD1CB3FA5216688091BA1.e.298","ELEMENT":"f.0CFB565138F0704D782EF1C57C56E9E5.d.661D24DC526AD1CB3FA5216688091BA1.e.298"}]}
COMMAND: GET /session/365d56350ece7ddb67f22ecca89c6f97/screenshot - {}
RESULT: {}
RESULT: {"script":"<script> [8489 bytes]","args":[{"element-6066-11e4-a52e-4f735466cecf":"f.0CFB565138F0704D782EF1C57C56E9E5.d.661D24DC526AD1CB3FA5216688091BA1.e.298","ELEMENT":"f.0CFB565138F0704D782EF1C57C56E9E5.d.661D24DC526AD1CB3FA5216688091BA1.e.298"}]}
COMMAND: POST /session/365d56350ece7ddb67f22ecca89c6f97/execute/sync - {"script":"<script> [5351 bytes]","args":[{"element-6066-11e4-a52e-4f735466cecf":"f.0CFB565138F0704D782EF1C57C56E9E5.d.661D24DC526AD1CB3FA5216688091BA1.e.298","ELEMENT":"f.0CFB565138F0704D782EF1C57C56E9E5.d.661D24DC526AD1CB3FA5216688091BA1.e.298"}]}
COMMAND: GET /session/365d56350ece7ddb67f22ecca89c6f97/screenshot - {}
RESULT: {}
RESULT: {"script":"<script> [5351 bytes]","args":[{"element-6066-11e4-a52e-4f735466cecf":"f.0CFB565138F0704D782EF1C57C56E9E5.d.661D24DC526AD1CB3FA5216688091BA1.e.298","ELEMENT":"f.0CFB565138F0704D782EF1C57C56E9E5.d.661D24DC526AD1CB3FA5216688091BA1.e.298"}]}
COMMAND: POST /session/365d56350ece7ddb67f22ecca89c6f97/element/f.0CFB565138F0704D782EF1C57C56E9E5.d.661D24DC526AD1CB3FA5216688091BA1.e.298/click - {}
COMMAND: GET /session/365d56350ece7ddb67f22ecca89c6f97/screenshot - {}
RESULT: {}
RESULT: {}
COMMAND: GET /session/365d56350ece7ddb67f22ecca89c6f97/screenshot - {}
COMMAND: POST /session/365d56350ece7ddb67f22ecca89c6f97/element - {"using":"xpath","value":"//input[@id=\"application-manageyards-display-component---NewYard--yardId-inner\"]"}
RESULT: {}
RESULT: {}
RESULT: {"using":"xpath","value":"//input[@id=\"application-manageyards-display-component---NewYard--yardId-inner\"]"}
COMMAND: POST /session/365d56350ece7ddb67f22ecca89c6f97/element - {"using":"xpath","value":"//input[@id=\"application-manageyards-display-component---NewYard--yardId-inner\"]"}
RESULT: {"using":"xpath","value":"//input[@id=\"application-manageyards-display-component---NewYard--yardId-inner\"]"}
COMMAND: POST /session/365d56350ece7ddb67f22ecca89c6f97/execute/async - {"script":"<script> [1562 bytes]","args":[{"selector":{"id":"application-manageyards-display-component---NewYard--addressDetailDetailsName1","interaction":{"idSuffix":"inner"}},"wdio_ui5_key":"applicationmanageyards-display-component---NewYard--addressDetailDetailsName1"}]}
RESULT: {"script":"<script> [1562 bytes]","args":[{"selector":{"id":"application-manageyards-display-component---NewYard--addressDetailDetailsName1","interaction":{"idSuffix":"inner"}},"wdio_ui5_key":"applicationmanageyards-display-component---NewYard--addressDetailDetailsName1"}]}
RESULT: undefined
COMMAND: POST /session/365d56350ece7ddb67f22ecca89c6f97/execute/async - {"script":"<script> [776 bytes]","args":[{"enterText":"Intracompany Yard wdIO","selector":{"id":"application-manageyards-display-component---NewYard--addressDetailDetailsName1","interaction":{"idSuffix":"inner"}},"clearTextFirst":true,"interactionType":"ENTER_TEXT"}]}
RESULT: {"script":"<script> [776 bytes]","args":[{"enterText":"Intracompany Yard wdIO","selector":{"id":"application-manageyards-display-component---NewYard--addressDetailDetailsName1","interaction":{"idSuffix":"inner"}},"clearTextFirst":true,"interactionType":"ENTER_TEXT"}]}
COMMAND: POST /session/365d56350ece7ddb67f22ecca89c6f97/execute/async - {"script":"<script> [1562 bytes]","args":[{"selector":{"id":"application-manageyards-display-component---NewYard--addressDetailDetailsLanguage-arrow"},"wdio_ui5_key":"applicationmanageyards-display-component---NewYard--addressDetailDetailsLanguage-arrow"}]}
RESULT: {"script":"<script> [1562 bytes]","args":[{"selector":{"id":"application-manageyards-display-component---NewYard--addressDetailDetailsLanguage-arrow"},"wdio_ui5_key":"applicationmanageyards-display-component---NewYard--addressDetailDetailsLanguage-arrow"}]}
RESULT: undefined
COMMAND: POST /session/365d56350ece7ddb67f22ecca89c6f97/element - {"using":"xpath","value":"//*[@id=\"application-manageyards-display-component---NewYard--addressDetailDetailsLanguage-arrow\"]"}
RESULT: {"using":"xpath","value":"//*[@id=\"application-manageyards-display-component---NewYard--addressDetailDetailsLanguage-arrow\"]"}
COMMAND: POST /session/365d56350ece7ddb67f22ecca89c6f97/element/f.0CFB565138F0704D782EF1C57C56E9E5.d.661D24DC526AD1CB3FA5216688091BA1.e.728/click - {}
RESULT: {}
COMMAND: POST /session/365d56350ece7ddb67f22ecca89c6f97/element - {"using":"xpath","value":"//span[contains(text(), \"English\")]"}
COMMAND: GET /session/365d56350ece7ddb67f22ecca89c6f97/screenshot - {}
RESULT: {"using":"xpath","value":"//span[contains(text(), \"English\")]"}
COMMAND: POST /session/365d56350ece7ddb67f22ecca89c6f97/element/f.0CFB565138F0704D782EF1C57C56E9E5.d.661D24DC526AD1CB3FA5216688091BA1.e.729/click - {}
RESULT: {}
RESULT: {}
COMMAND: POST /session/365d56350ece7ddb67f22ecca89c6f97/execute/async - {"script":"<script> [1562 bytes]","args":[{"selector":{"id":"application-manageyards-display-component---NewYard--addressDetailDetailsCity1","interaction":{"idSuffix":"inner"}},"wdio_ui5_key":"applicationmanageyards-display-component---NewYard--addressDetailDetailsCity1"}]}
COMMAND: GET /session/365d56350ece7ddb67f22ecca89c6f97/screenshot - {}
RESULT: {"script":"<script> [1562 bytes]","args":[{"selector":{"id":"application-manageyards-display-component---NewYard--addressDetailDetailsCity1","interaction":{"idSuffix":"inner"}},"wdio_ui5_key":"applicationmanageyards-display-component---NewYard--addressDetailDetailsCity1"}]}
RESULT: undefined
COMMAND: POST /session/365d56350ece7ddb67f22ecca89c6f97/execute/async - {"script":"<script> [776 bytes]","args":[{"enterText":"Rosario","selector":{"id":"application-manageyards-display-component---NewYard--addressDetailDetailsCity1","interaction":{"idSuffix":"inner"}},"clearTextFirst":true,"interactionType":"ENTER_TEXT"}]}
RESULT: {}
RESULT: {"script":"<script> [776 bytes]","args":[{"enterText":"Rosario","selector":{"id":"application-manageyards-display-component---NewYard--addressDetailDetailsCity1","interaction":{"idSuffix":"inner"}},"clearTextFirst":true,"interactionType":"ENTER_TEXT"}]}
COMMAND: POST /session/365d56350ece7ddb67f22ecca89c6f97/execute/async - {"script":"<script> [1562 bytes]","args":[{"selector":{"id":"application-manageyards-display-component---NewYard--addressDetailDetailsCountry-arrow"},"wdio_ui5_key":"applicationmanageyards-display-component---NewYard--addressDetailDetailsCountry-arrow"}]}
RESULT: {"script":"<script> [1562 bytes]","args":[{"selector":{"id":"application-manageyards-display-component---NewYard--addressDetailDetailsCountry-arrow"},"wdio_ui5_key":"applicationmanageyards-display-component---NewYard--addressDetailDetailsCountry-arrow"}]}
RESULT: undefined
COMMAND: POST /session/365d56350ece7ddb67f22ecca89c6f97/element - {"using":"xpath","value":"//*[@id=\"application-manageyards-display-component---NewYard--addressDetailDetailsCountry-arrow\"]"}
RESULT: {"using":"xpath","value":"//*[@id=\"application-manageyards-display-component---NewYard--addressDetailDetailsCountry-arrow\"]"}
COMMAND: POST /session/365d56350ece7ddb67f22ecca89c6f97/element/f.0CFB565138F0704D782EF1C57C56E9E5.d.661D24DC526AD1CB3FA5216688091BA1.e.731/click - {}
RESULT: {}
COMMAND: POST /session/365d56350ece7ddb67f22ecca89c6f97/element - {"using":"xpath","value":"//span[contains(text(), \"Argentina\")]"}
COMMAND: GET /session/365d56350ece7ddb67f22ecca89c6f97/screenshot - {}
RESULT: {"using":"xpath","value":"//span[contains(text(), \"Argentina\")]"}
COMMAND: POST /session/365d56350ece7ddb67f22ecca89c6f97/element/f.0CFB565138F0704D782EF1C57C56E9E5.d.661D24DC526AD1CB3FA5216688091BA1.e.733/click - {}
RESULT: {}
RESULT: {}
COMMAND: POST /session/365d56350ece7ddb67f22ecca89c6f97/execute/async - {"script":"<script> [1562 bytes]","args":[{"selector":{"id":"application-manageyards-display-component---NewYard--addressEditDetailsCostObjectCstType-arrow"},"wdio_ui5_key":"applicationmanageyards-display-component---NewYard--addressEditDetailsCostObjectCstType-arrow"}]}
COMMAND: GET /session/365d56350ece7ddb67f22ecca89c6f97/screenshot - {}
RESULT: {"script":"<script> [1562 bytes]","args":[{"selector":{"id":"application-manageyards-display-component---NewYard--addressEditDetailsCostObjectCstType-arrow"},"wdio_ui5_key":"applicationmanageyards-display-component---NewYard--addressEditDetailsCostObjectCstType-arrow"}]}
RESULT: undefined
COMMAND: POST /session/365d56350ece7ddb67f22ecca89c6f97/element - {"using":"xpath","value":"//*[@id=\"application-manageyards-display-component---NewYard--addressEditDetailsCostObjectCstType-arrow\"]"}
RESULT: {}
RESULT: {"using":"xpath","value":"//*[@id=\"application-manageyards-display-component---NewYard--addressEditDetailsCostObjectCstType-arrow\"]"}
COMMAND: POST /session/365d56350ece7ddb67f22ecca89c6f97/element/f.0CFB565138F0704D782EF1C57C56E9E5.d.661D24DC526AD1CB3FA5216688091BA1.e.734/click - {}
RESULT: {}
COMMAND: POST /session/365d56350ece7ddb67f22ecca89c6f97/element - {"using":"xpath","value":"//span[contains(text(), \"Cost Center\")]"}
COMMAND: GET /session/365d56350ece7ddb67f22ecca89c6f97/screenshot - {}
RESULT: {"using":"xpath","value":"//span[contains(text(), \"Cost Center\")]"}
COMMAND: POST /session/365d56350ece7ddb67f22ecca89c6f97/element/f.0CFB565138F0704D782EF1C57C56E9E5.d.661D24DC526AD1CB3FA5216688091BA1.e.735/click - {}
RESULT: {}
RESULT: {}
COMMAND: GET /session/365d56350ece7ddb67f22ecca89c6f97/screenshot - {}
RESULT: {}
COMMAND: POST /session/365d56350ece7ddb67f22ecca89c6f97/element - {"using":"xpath","value":"//span[@id=\"application-manageyards-display-component---NewYard--addressNewCostObjectCstID-vhi\"]"}
RESULT: {"using":"xpath","value":"//span[@id=\"application-manageyards-display-component---NewYard--addressNewCostObjectCstID-vhi\"]"}
COMMAND: POST /session/365d56350ece7ddb67f22ecca89c6f97/execute/sync - {"script":"<script> [8489 bytes]","args":[{"element-6066-11e4-a52e-4f735466cecf":"f.0CFB565138F0704D782EF1C57C56E9E5.d.661D24DC526AD1CB3FA5216688091BA1.e.739","ELEMENT":"f.0CFB565138F0704D782EF1C57C56E9E5.d.661D24DC526AD1CB3FA5216688091BA1.e.739"}]}
RESULT: {"script":"<script> [8489 bytes]","args":[{"element-6066-11e4-a52e-4f735466cecf":"f.0CFB565138F0704D782EF1C57C56E9E5.d.661D24DC526AD1CB3FA5216688091BA1.e.739","ELEMENT":"f.0CFB565138F0704D782EF1C57C56E9E5.d.661D24DC526AD1CB3FA5216688091BA1.e.739"}]}
COMMAND: POST /session/365d56350ece7ddb67f22ecca89c6f97/execute/async - {"script":"<script> [1562 bytes]","args":[{"selector":{"id":"application-manageyards-display-component---NewYard--addressNewCostObjectCstID-vhi"},"wdio_ui5_key":"applicationmanageyards-display-component---NewYard--addressNewCostObjectCstID-vhi"}]}
COMMAND: GET /session/365d56350ece7ddb67f22ecca89c6f97/screenshot - {}
RESULT: {"script":"<script> [1562 bytes]","args":[{"selector":{"id":"application-manageyards-display-component---NewYard--addressNewCostObjectCstID-vhi"},"wdio_ui5_key":"applicationmanageyards-display-component---NewYard--addressNewCostObjectCstID-vhi"}]}
RESULT: undefined
COMMAND: POST /session/365d56350ece7ddb67f22ecca89c6f97/element - {"using":"xpath","value":"//*[@id=\"application-manageyards-display-component---NewYard--addressNewCostObjectCstID-vhi\"]"}
RESULT: {}
RESULT: {"using":"xpath","value":"//*[@id=\"application-manageyards-display-component---NewYard--addressNewCostObjectCstID-vhi\"]"}
COMMAND: POST /session/365d56350ece7ddb67f22ecca89c6f97/element/f.0CFB565138F0704D782EF1C57C56E9E5.d.661D24DC526AD1CB3FA5216688091BA1.e.739/click - {}
RESULT: {}
COMMAND: GET /session/365d56350ece7ddb67f22ecca89c6f97/screenshot - {}
RESULT: {}
COMMAND: POST /session/365d56350ece7ddb67f22ecca89c6f97/execute/async - {"script":"<script> [1562 bytes]","args":[{"selector":{"controlType":"sap.m.SearchField","properties":{"placeholder":"Search"},"searchOpenDialogs":true,"interaction":{"idSuffix":"I"}},"wdio_ui5_key":"sapm.SearchField{\"placeholder\":\"Search\"}"}]}
RESULT: {"script":"<script> [1562 bytes]","args":[{"selector":{"controlType":"sap.m.SearchField","properties":{"placeholder":"Search"},"searchOpenDialogs":true,"interaction":{"idSuffix":"I"}},"wdio_ui5_key":"sapm.SearchField{\"placeholder\":\"Search\"}"}]}
RESULT: undefined
COMMAND: POST /session/365d56350ece7ddb67f22ecca89c6f97/execute/async - {"script":"<script> [776 bytes]","args":[{"enterText":"bauh_b","selector":{"controlType":"sap.m.SearchField","properties":{"placeholder":"Search"},"searchOpenDialogs":true,"interaction":{"idSuffix":"I"}},"clearTextFirst":true,"interactionType":"ENTER_TEXT"}]}
RESULT: {"script":"<script> [776 bytes]","args":[{"enterText":"bauh_b","selector":{"controlType":"sap.m.SearchField","properties":{"placeholder":"Search"},"searchOpenDialogs":true,"interaction":{"idSuffix":"I"}},"clearTextFirst":true,"interactionType":"ENTER_TEXT"}]}
COMMAND: POST /session/365d56350ece7ddb67f22ecca89c6f97/actions - {"actions":[{"id":"action1","type":"key","parameters":{},"actions":[{"type":"keyDown","value":""},{"type":"pause","duration":10},{"type":"keyUp","value":""}]}]}
RESULT: {"actions":[{"id":"action1","type":"key","parameters":{},"actions":[{"type":"keyDown","value":""},{"type":"pause","duration":10},{"type":"keyUp","value":""}]}]}
COMMAND: GET /session/365d56350ece7ddb67f22ecca89c6f97/screenshot - {}
RESULT: {}
COMMAND: POST /session/365d56350ece7ddb67f22ecca89c6f97/element - {"using":"xpath","value":"//span[contains(text(), \"Demo Yard\")]"}
RESULT: {"using":"xpath","value":"//span[contains(text(), \"Demo Yard\")]"}
COMMAND: POST /session/365d56350ece7ddb67f22ecca89c6f97/element/f.0CFB565138F0704D782EF1C57C56E9E5.d.661D24DC526AD1CB3FA5216688091BA1.e.780/click - {}
RESULT: {}
COMMAND: GET /session/365d56350ece7ddb67f22ecca89c6f97/screenshot - {}
RESULT: {}
COMMAND: POST /session/365d56350ece7ddb67f22ecca89c6f97/element - {"using":"xpath","value":"//bdi[contains(text(), \"OK\")]"}
RESULT: {"using":"xpath","value":"//bdi[contains(text(), \"OK\")]"}
COMMAND: POST /session/365d56350ece7ddb67f22ecca89c6f97/element/f.0CFB565138F0704D782EF1C57C56E9E5.d.661D24DC526AD1CB3FA5216688091BA1.e.781/click - {}
RESULT: {}
COMMAND: GET /session/365d56350ece7ddb67f22ecca89c6f97/screenshot - {}
RESULT: {}
COMMAND: POST /session/365d56350ece7ddb67f22ecca89c6f97/execute/async - {"script":"<script> [1562 bytes]","args":[{"selector":{"id":"application-manageyards-display-component---NewYard--addressEditDetailsCurrency-arrow"},"wdio_ui5_key":"applicationmanageyards-display-component---NewYard--addressEditDetailsCurrency-arrow"}]}
RESULT: {"script":"<script> [1562 bytes]","args":[{"selector":{"id":"application-manageyards-display-component---NewYard--addressEditDetailsCurrency-arrow"},"wdio_ui5_key":"applicationmanageyards-display-component---NewYard--addressEditDetailsCurrency-arrow"}]}
RESULT: undefined
COMMAND: POST /session/365d56350ece7ddb67f22ecca89c6f97/element - {"using":"xpath","value":"//*[@id=\"application-manageyards-display-component---NewYard--addressEditDetailsCurrency-arrow\"]"}
RESULT: {"using":"xpath","value":"//*[@id=\"application-manageyards-display-component---NewYard--addressEditDetailsCurrency-arrow\"]"}
COMMAND: POST /session/365d56350ece7ddb67f22ecca89c6f97/element/f.0CFB565138F0704D782EF1C57C56E9E5.d.661D24DC526AD1CB3FA5216688091BA1.e.784/click - {}
RESULT: {}
COMMAND: POST /session/365d56350ece7ddb67f22ecca89c6f97/element - {"using":"xpath","value":"//span[contains(text(), \"Euro\")]"}
COMMAND: GET /session/365d56350ece7ddb67f22ecca89c6f97/screenshot - {}
RESULT: {"using":"xpath","value":"//span[contains(text(), \"Euro\")]"}
COMMAND: POST /session/365d56350ece7ddb67f22ecca89c6f97/element/f.0CFB565138F0704D782EF1C57C56E9E5.d.661D24DC526AD1CB3FA5216688091BA1.e.785/click - {}
RESULT: {}
RESULT: {}
COMMAND: POST /session/365d56350ece7ddb67f22ecca89c6f97/execute/async - {"script":"<script> [1562 bytes]","args":[{"selector":{"controlType":"sap.m.Input","viewName":"etm.portal.ui.manageyards.view.New","viewId":"application-manageyards-display-component---NewYard","bindingPath":{"path":"","propertyPath":"/CONTROLLING_AREA","modelName":"NewYardModel"},"interaction":{"idSuffix":"inner"}},"wdio_ui5_key":"etmportal.ui.manageyards.view.Newsap.m.Input{\"path\":\"\",\"propertyPath\":\"/CONTROLLING_AREA\",\"modelName\":\"NewYardModel\"}"}]}
COMMAND: GET /session/365d56350ece7ddb67f22ecca89c6f97/screenshot - {}
RESULT: {"script":"<script> [1562 bytes]","args":[{"selector":{"controlType":"sap.m.Input","viewName":"etm.portal.ui.manageyards.view.New","viewId":"application-manageyards-display-component---NewYard","bindingPath":{"path":"","propertyPath":"/CONTROLLING_AREA","modelName":"NewYardModel"},"interaction":{"idSuffix":"inner"}},"wdio_ui5_key":"etmportal.ui.manageyards.view.Newsap.m.Input{\"path\":\"\",\"propertyPath\":\"/CONTROLLING_AREA\",\"modelName\":\"NewYardModel\"}"}]}
RESULT: undefined
COMMAND: POST /session/365d56350ece7ddb67f22ecca89c6f97/execute/async - {"script":"<script> [776 bytes]","args":[{"enterText":"Z001","selector":{"controlType":"sap.m.Input","viewName":"etm.portal.ui.manageyards.view.New","viewId":"application-manageyards-display-component---NewYard","bindingPath":{"path":"","propertyPath":"/CONTROLLING_AREA","modelName":"NewYardModel"},"interaction":{"idSuffix":"inner"}},"clearTextFirst":true,"interactionType":"ENTER_TEXT"}]}
RESULT: {}
RESULT: {"script":"<script> [776 bytes]","args":[{"enterText":"Z001","selector":{"controlType":"sap.m.Input","viewName":"etm.portal.ui.manageyards.view.New","viewId":"application-manageyards-display-component---NewYard","bindingPath":{"path":"","propertyPath":"/CONTROLLING_AREA","modelName":"NewYardModel"},"interaction":{"idSuffix":"inner"}},"clearTextFirst":true,"interactionType":"ENTER_TEXT"}]}
COMMAND: POST /session/365d56350ece7ddb67f22ecca89c6f97/execute/async - {"script":"<script> [1562 bytes]","args":[{"selector":{"id":"application-manageyards-display-component---NewYard--companyCodeComboBox","interaction":{"idSuffix":"inner"}},"wdio_ui5_key":"applicationmanageyards-display-component---NewYard--companyCodeComboBox"}]}
RESULT: {"script":"<script> [1562 bytes]","args":[{"selector":{"id":"application-manageyards-display-component---NewYard--companyCodeComboBox","interaction":{"idSuffix":"inner"}},"wdio_ui5_key":"applicationmanageyards-display-component---NewYard--companyCodeComboBox"}]}
RESULT: undefined
COMMAND: POST /session/365d56350ece7ddb67f22ecca89c6f97/execute/async - {"script":"<script> [776 bytes]","args":[{"enterText":"1000","selector":{"id":"application-manageyards-display-component---NewYard--companyCodeComboBox","interaction":{"idSuffix":"inner"}},"clearTextFirst":true,"interactionType":"ENTER_TEXT"}]}
RESULT: {"script":"<script> [776 bytes]","args":[{"enterText":"1000","selector":{"id":"application-manageyards-display-component---NewYard--companyCodeComboBox","interaction":{"idSuffix":"inner"}},"clearTextFirst":true,"interactionType":"ENTER_TEXT"}]}
COMMAND: POST /session/365d56350ece7ddb67f22ecca89c6f97/execute/async - {"script":"<script> [1562 bytes]","args":[{"selector":{"controlType":"sap.m.Input","viewName":"etm.portal.ui.manageyards.view.New","viewId":"application-manageyards-display-component---NewYard","bindingPath":{"path":"","propertyPath":"/PLANT","modelName":"NewYardModel"},"interaction":{"idSuffix":"inner"}},"wdio_ui5_key":"etmportal.ui.manageyards.view.Newsap.m.Input{\"path\":\"\",\"propertyPath\":\"/PLANT\",\"modelName\":\"NewYardModel\"}"}]}
RESULT: {"script":"<script> [1562 bytes]","args":[{"selector":{"controlType":"sap.m.Input","viewName":"etm.portal.ui.manageyards.view.New","viewId":"application-manageyards-display-component---NewYard","bindingPath":{"path":"","propertyPath":"/PLANT","modelName":"NewYardModel"},"interaction":{"idSuffix":"inner"}},"wdio_ui5_key":"etmportal.ui.manageyards.view.Newsap.m.Input{\"path\":\"\",\"propertyPath\":\"/PLANT\",\"modelName\":\"NewYardModel\"}"}]}
RESULT: undefined
COMMAND: POST /session/365d56350ece7ddb67f22ecca89c6f97/execute/async - {"script":"<script> [776 bytes]","args":[{"enterText":"1001","selector":{"controlType":"sap.m.Input","viewName":"etm.portal.ui.manageyards.view.New","viewId":"application-manageyards-display-component---NewYard","bindingPath":{"path":"","propertyPath":"/PLANT","modelName":"NewYardModel"},"interaction":{"idSuffix":"inner"}},"clearTextFirst":true,"interactionType":"ENTER_TEXT"}]}
RESULT: {"script":"<script> [776 bytes]","args":[{"enterText":"1001","selector":{"controlType":"sap.m.Input","viewName":"etm.portal.ui.manageyards.view.New","viewId":"application-manageyards-display-component---NewYard","bindingPath":{"path":"","propertyPath":"/PLANT","modelName":"NewYardModel"},"interaction":{"idSuffix":"inner"}},"clearTextFirst":true,"interactionType":"ENTER_TEXT"}]}
COMMAND: POST /session/365d56350ece7ddb67f22ecca89c6f97/execute/async - {"script":"<script> [1562 bytes]","args":[{"selector":{"controlType":"sap.m.Input","viewName":"etm.portal.ui.manageyards.view.New","viewId":"application-manageyards-display-component---NewYard","bindingPath":{"path":"","propertyPath":"/SALES_AREA_VKORG","modelName":"NewYardModel"},"interaction":{"idSuffix":"inner"}},"wdio_ui5_key":"etmportal.ui.manageyards.view.Newsap.m.Input{\"path\":\"\",\"propertyPath\":\"/SALES_AREA_VKORG\",\"modelName\":\"NewYardModel\"}"}]}
RESULT: {"script":"<script> [1562 bytes]","args":[{"selector":{"controlType":"sap.m.Input","viewName":"etm.portal.ui.manageyards.view.New","viewId":"application-manageyards-display-component---NewYard","bindingPath":{"path":"","propertyPath":"/SALES_AREA_VKORG","modelName":"NewYardModel"},"interaction":{"idSuffix":"inner"}},"wdio_ui5_key":"etmportal.ui.manageyards.view.Newsap.m.Input{\"path\":\"\",\"propertyPath\":\"/SALES_AREA_VKORG\",\"modelName\":\"NewYardModel\"}"}]}
RESULT: undefined
COMMAND: POST /session/365d56350ece7ddb67f22ecca89c6f97/execute/async - {"script":"<script> [776 bytes]","args":[{"enterText":"C002","selector":{"controlType":"sap.m.Input","viewName":"etm.portal.ui.manageyards.view.New","viewId":"application-manageyards-display-component---NewYard","bindingPath":{"path":"","propertyPath":"/SALES_AREA_VKORG","modelName":"NewYardModel"},"interaction":{"idSuffix":"inner"}},"clearTextFirst":true,"interactionType":"ENTER_TEXT"}]}
RESULT: {"script":"<script> [776 bytes]","args":[{"enterText":"C002","selector":{"controlType":"sap.m.Input","viewName":"etm.portal.ui.manageyards.view.New","viewId":"application-manageyards-display-component---NewYard","bindingPath":{"path":"","propertyPath":"/SALES_AREA_VKORG","modelName":"NewYardModel"},"interaction":{"idSuffix":"inner"}},"clearTextFirst":true,"interactionType":"ENTER_TEXT"}]}
COMMAND: POST /session/365d56350ece7ddb67f22ecca89c6f97/execute/async - {"script":"<script> [1562 bytes]","args":[{"selector":{"controlType":"sap.m.Input","viewName":"etm.portal.ui.manageyards.view.New","viewId":"application-manageyards-display-component---NewYard","bindingPath":{"path":"","propertyPath":"/SALES_AREA_VTWEG","modelName":"NewYardModel"},"interaction":{"idSuffix":"inner"}},"wdio_ui5_key":"etmportal.ui.manageyards.view.Newsap.m.Input{\"path\":\"\",\"propertyPath\":\"/SALES_AREA_VTWEG\",\"modelName\":\"NewYardModel\"}"}]}
RESULT: {"script":"<script> [1562 bytes]","args":[{"selector":{"controlType":"sap.m.Input","viewName":"etm.portal.ui.manageyards.view.New","viewId":"application-manageyards-display-component---NewYard","bindingPath":{"path":"","propertyPath":"/SALES_AREA_VTWEG","modelName":"NewYardModel"},"interaction":{"idSuffix":"inner"}},"wdio_ui5_key":"etmportal.ui.manageyards.view.Newsap.m.Input{\"path\":\"\",\"propertyPath\":\"/SALES_AREA_VTWEG\",\"modelName\":\"NewYardModel\"}"}]}
RESULT: undefined
COMMAND: POST /session/365d56350ece7ddb67f22ecca89c6f97/execute/async - {"script":"<script> [776 bytes]","args":[{"enterText":"C2","selector":{"controlType":"sap.m.Input","viewName":"etm.portal.ui.manageyards.view.New","viewId":"application-manageyards-display-component---NewYard","bindingPath":{"path":"","propertyPath":"/SALES_AREA_VTWEG","modelName":"NewYardModel"},"interaction":{"idSuffix":"inner"}},"clearTextFirst":true,"interactionType":"ENTER_TEXT"}]}
RESULT: {"script":"<script> [776 bytes]","args":[{"enterText":"C2","selector":{"controlType":"sap.m.Input","viewName":"etm.portal.ui.manageyards.view.New","viewId":"application-manageyards-display-component---NewYard","bindingPath":{"path":"","propertyPath":"/SALES_AREA_VTWEG","modelName":"NewYardModel"},"interaction":{"idSuffix":"inner"}},"clearTextFirst":true,"interactionType":"ENTER_TEXT"}]}
COMMAND: POST /session/365d56350ece7ddb67f22ecca89c6f97/execute/async - {"script":"<script> [1562 bytes]","args":[{"selector":{"controlType":"sap.m.Input","viewName":"etm.portal.ui.manageyards.view.New","viewId":"application-manageyards-display-component---NewYard","bindingPath":{"path":"","propertyPath":"/SALES_AREA_SPART","modelName":"NewYardModel"},"interaction":{"idSuffix":"inner"}},"wdio_ui5_key":"etmportal.ui.manageyards.view.Newsap.m.Input{\"path\":\"\",\"propertyPath\":\"/SALES_AREA_SPART\",\"modelName\":\"NewYardModel\"}"}]}
RESULT: {"script":"<script> [1562 bytes]","args":[{"selector":{"controlType":"sap.m.Input","viewName":"etm.portal.ui.manageyards.view.New","viewId":"application-manageyards-display-component---NewYard","bindingPath":{"path":"","propertyPath":"/SALES_AREA_SPART","modelName":"NewYardModel"},"interaction":{"idSuffix":"inner"}},"wdio_ui5_key":"etmportal.ui.manageyards.view.Newsap.m.Input{\"path\":\"\",\"propertyPath\":\"/SALES_AREA_SPART\",\"modelName\":\"NewYardModel\"}"}]}
RESULT: undefined
COMMAND: POST /session/365d56350ece7ddb67f22ecca89c6f97/execute/async - {"script":"<script> [776 bytes]","args":[{"enterText":"C2","selector":{"controlType":"sap.m.Input","viewName":"etm.portal.ui.manageyards.view.New","viewId":"application-manageyards-display-component---NewYard","bindingPath":{"path":"","propertyPath":"/SALES_AREA_SPART","modelName":"NewYardModel"},"interaction":{"idSuffix":"inner"}},"clearTextFirst":true,"interactionType":"ENTER_TEXT"}]}
RESULT: {"script":"<script> [776 bytes]","args":[{"enterText":"C2","selector":{"controlType":"sap.m.Input","viewName":"etm.portal.ui.manageyards.view.New","viewId":"application-manageyards-display-component---NewYard","bindingPath":{"path":"","propertyPath":"/SALES_AREA_SPART","modelName":"NewYardModel"},"interaction":{"idSuffix":"inner"}},"clearTextFirst":true,"interactionType":"ENTER_TEXT"}]}
COMMAND: POST /session/365d56350ece7ddb67f22ecca89c6f97/execute/async - {"script":"<script> [1562 bytes]","args":[{"selector":{"controlType":"sap.m.Input","viewName":"etm.portal.ui.manageyards.view.New","viewId":"application-manageyards-display-component---NewYard","bindingPath":{"path":"","propertyPath":"/SHIP_POINT","modelName":"NewYardModel"},"interaction":{"idSuffix":"inner"}},"wdio_ui5_key":"etmportal.ui.manageyards.view.Newsap.m.Input{\"path\":\"\",\"propertyPath\":\"/SHIP_POINT\",\"modelName\":\"NewYardModel\"}"}]}
RESULT: {"script":"<script> [1562 bytes]","args":[{"selector":{"controlType":"sap.m.Input","viewName":"etm.portal.ui.manageyards.view.New","viewId":"application-manageyards-display-component---NewYard","bindingPath":{"path":"","propertyPath":"/SHIP_POINT","modelName":"NewYardModel"},"interaction":{"idSuffix":"inner"}},"wdio_ui5_key":"etmportal.ui.manageyards.view.Newsap.m.Input{\"path\":\"\",\"propertyPath\":\"/SHIP_POINT\",\"modelName\":\"NewYardModel\"}"}]}
RESULT: undefined
COMMAND: POST /session/365d56350ece7ddb67f22ecca89c6f97/execute/async - {"script":"<script> [776 bytes]","args":[{"enterText":"1710","selector":{"controlType":"sap.m.Input","viewName":"etm.portal.ui.manageyards.view.New","viewId":"application-manageyards-display-component---NewYard","bindingPath":{"path":"","propertyPath":"/SHIP_POINT","modelName":"NewYardModel"},"interaction":{"idSuffix":"inner"}},"clearTextFirst":true,"interactionType":"ENTER_TEXT"}]}
RESULT: {"script":"<script> [776 bytes]","args":[{"enterText":"1710","selector":{"controlType":"sap.m.Input","viewName":"etm.portal.ui.manageyards.view.New","viewId":"application-manageyards-display-component---NewYard","bindingPath":{"path":"","propertyPath":"/SHIP_POINT","modelName":"NewYardModel"},"interaction":{"idSuffix":"inner"}},"clearTextFirst":true,"interactionType":"ENTER_TEXT"}]}
COMMAND: POST /session/365d56350ece7ddb67f22ecca89c6f97/execute/async - {"script":"<script> [1562 bytes]","args":[{"selector":{"controlType":"sap.m.Input","viewName":"etm.portal.ui.manageyards.view.New","viewId":"application-manageyards-display-component---NewYard","bindingPath":{"path":"","propertyPath":"/DELIVERY_TYPE","modelName":"NewYardModel"},"interaction":{"idSuffix":"inner"}},"wdio_ui5_key":"etmportal.ui.manageyards.view.Newsap.m.Input{\"path\":\"\",\"propertyPath\":\"/DELIVERY_TYPE\",\"modelName\":\"NewYardModel\"}"}]}
RESULT: {"script":"<script> [1562 bytes]","args":[{"selector":{"controlType":"sap.m.Input","viewName":"etm.portal.ui.manageyards.view.New","viewId":"application-manageyards-display-component---NewYard","bindingPath":{"path":"","propertyPath":"/DELIVERY_TYPE","modelName":"NewYardModel"},"interaction":{"idSuffix":"inner"}},"wdio_ui5_key":"etmportal.ui.manageyards.view.Newsap.m.Input{\"path\":\"\",\"propertyPath\":\"/DELIVERY_TYPE\",\"modelName\":\"NewYardModel\"}"}]}
RESULT: undefined
COMMAND: POST /session/365d56350ece7ddb67f22ecca89c6f97/execute/async - {"script":"<script> [776 bytes]","args":[{"enterText":"ZL01","selector":{"controlType":"sap.m.Input","viewName":"etm.portal.ui.manageyards.view.New","viewId":"application-manageyards-display-component---NewYard","bindingPath":{"path":"","propertyPath":"/DELIVERY_TYPE","modelName":"NewYardModel"},"interaction":{"idSuffix":"inner"}},"clearTextFirst":true,"interactionType":"ENTER_TEXT"}]}
RESULT: {"script":"<script> [776 bytes]","args":[{"enterText":"ZL01","selector":{"controlType":"sap.m.Input","viewName":"etm.portal.ui.manageyards.view.New","viewId":"application-manageyards-display-component---NewYard","bindingPath":{"path":"","propertyPath":"/DELIVERY_TYPE","modelName":"NewYardModel"},"interaction":{"idSuffix":"inner"}},"clearTextFirst":true,"interactionType":"ENTER_TEXT"}]}
COMMAND: POST /session/365d56350ece7ddb67f22ecca89c6f97/execute/async - {"script":"<script> [1562 bytes]","args":[{"selector":{"controlType":"sap.m.Input","viewName":"etm.portal.ui.manageyards.view.New","viewId":"application-manageyards-display-component---NewYard","bindingPath":{"path":"","propertyPath":"/AUART","modelName":"NewYardModel"},"interaction":{"idSuffix":"inner"}},"wdio_ui5_key":"etmportal.ui.manageyards.view.Newsap.m.Input{\"path\":\"\",\"propertyPath\":\"/AUART\",\"modelName\":\"NewYardModel\"}"}]}
RESULT: {"script":"<script> [1562 bytes]","args":[{"selector":{"controlType":"sap.m.Input","viewName":"etm.portal.ui.manageyards.view.New","viewId":"application-manageyards-display-component---NewYard","bindingPath":{"path":"","propertyPath":"/AUART","modelName":"NewYardModel"},"interaction":{"idSuffix":"inner"}},"wdio_ui5_key":"etmportal.ui.manageyards.view.Newsap.m.Input{\"path\":\"\",\"propertyPath\":\"/AUART\",\"modelName\":\"NewYardModel\"}"}]}
RESULT: undefined
COMMAND: POST /session/365d56350ece7ddb67f22ecca89c6f97/execute/async - {"script":"<script> [776 bytes]","args":[{"enterText":"TA","selector":{"controlType":"sap.m.Input","viewName":"etm.portal.ui.manageyards.view.New","viewId":"application-manageyards-display-component---NewYard","bindingPath":{"path":"","propertyPath":"/AUART","modelName":"NewYardModel"},"interaction":{"idSuffix":"inner"}},"clearTextFirst":true,"interactionType":"ENTER_TEXT"}]}
RESULT: {"script":"<script> [776 bytes]","args":[{"enterText":"TA","selector":{"controlType":"sap.m.Input","viewName":"etm.portal.ui.manageyards.view.New","viewId":"application-manageyards-display-component---NewYard","bindingPath":{"path":"","propertyPath":"/AUART","modelName":"NewYardModel"},"interaction":{"idSuffix":"inner"}},"clearTextFirst":true,"interactionType":"ENTER_TEXT"}]}
COMMAND: POST /session/365d56350ece7ddb67f22ecca89c6f97/element - {"using":"xpath","value":"//button[@data-kt=\"newYardSaveButton\"]"}
RESULT: {"using":"xpath","value":"//button[@data-kt=\"newYardSaveButton\"]"}
COMMAND: POST /session/365d56350ece7ddb67f22ecca89c6f97/element/f.0CFB565138F0704D782EF1C57C56E9E5.d.661D24DC526AD1CB3FA5216688091BA1.e.713/click - {}
RESULT: {}
COMMAND: GET /session/365d56350ece7ddb67f22ecca89c6f97/screenshot - {}
RESULT: {}
COMMAND: POST /session/365d56350ece7ddb67f22ecca89c6f97/element - {"using":"xpath","value":"//header[contains(@id, 'ObjectPageLayout-headerTitle')]/div[1]/div[2]/div[1]/span[1]"}
RESULT: {"using":"xpath","value":"//header[contains(@id, 'ObjectPageLayout-headerTitle')]/div[1]/div[2]/div[1]/span[1]"}
COMMAND: POST /session/365d56350ece7ddb67f22ecca89c6f97/elements - {"using":"xpath","value":"//header[contains(@id, 'ObjectPageLayout-headerTitle')]/div[1]/div[2]/div[1]/span[1]"}
RESULT: {"using":"xpath","value":"//header[contains(@id, 'ObjectPageLayout-headerTitle')]/div[1]/div[2]/div[1]/span[1]"}
COMMAND: POST /session/365d56350ece7ddb67f22ecca89c6f97/execute/sync - {"script":"<script> [56 bytes]","args":[{"element-6066-11e4-a52e-4f735466cecf":"f.0CFB565138F0704D782EF1C57C56E9E5.d.661D24DC526AD1CB3FA5216688091BA1.e.1004","ELEMENT":"f.0CFB565138F0704D782EF1C57C56E9E5.d.661D24DC526AD1CB3FA5216688091BA1.e.1004"}]}
RESULT: {"script":"<script> [56 bytes]","args":[{"element-6066-11e4-a52e-4f735466cecf":"f.0CFB565138F0704D782EF1C57C56E9E5.d.661D24DC526AD1CB3FA5216688091BA1.e.1004","ELEMENT":"f.0CFB565138F0704D782EF1C57C56E9E5.d.661D24DC526AD1CB3FA5216688091BA1.e.1004"}]}
COMMAND: GET /session/365d56350ece7ddb67f22ecca89c6f97/screenshot - {}
RESULT: {}
COMMAND: POST /session/365d56350ece7ddb67f22ecca89c6f97/element - {"using":"css selector","value":"#shell-header-logo"}
RESULT: {"using":"css selector","value":"#shell-header-logo"}
COMMAND: POST /session/365d56350ece7ddb67f22ecca89c6f97/element/f.0CFB565138F0704D782EF1C57C56E9E5.d.661D24DC526AD1CB3FA5216688091BA1.e.266/click - {}
RESULT: {}
COMMAND: GET /session/365d56350ece7ddb67f22ecca89c6f97/screenshot - {}
RESULT: {}
COMMAND: POST /session/365d56350ece7ddb67f22ecca89c6f97/execute/sync - {"script":"<script> [299 bytes]","args":[["getModel","getResource"]]}
RESULT: {"script":"<script> [299 bytes]","args":[["getModel","getResource"]]}
]]></system-out>
    </testcase>
    <testcase classname="chrome.136_0_7103_93.windows.Billing_confirm_US117289" name="Should create a new partner" time="149.411">
      <system-out><![CDATA[
COMMAND: GET /session/365d56350ece7ddb67f22ecca89c6f97/screenshot - {}
COMMAND: POST /session/365d56350ece7ddb67f22ecca89c6f97/window/fullscreen - {}
RESULT: {}
RESULT: {}
COMMAND: POST /session/365d56350ece7ddb67f22ecca89c6f97/execute/async - {"script":"<script> [1562 bytes]","args":[{"selector":{"controlType":"sap.m.GenericTile","properties":{"header":"Manage Partners"}},"wdio_ui5_key":"sapm.GenericTile{\"header\":\"Manage Partners\"}"}]}
RESULT: {"script":"<script> [1562 bytes]","args":[{"selector":{"controlType":"sap.m.GenericTile","properties":{"header":"Manage Partners"}},"wdio_ui5_key":"sapm.GenericTile{\"header\":\"Manage Partners\"}"}]}
RESULT: undefined
COMMAND: POST /session/365d56350ece7ddb67f22ecca89c6f97/element - {"using":"xpath","value":"//*[@id=\"__tile38\"]"}
RESULT: {"using":"xpath","value":"//*[@id=\"__tile38\"]"}
COMMAND: POST /session/365d56350ece7ddb67f22ecca89c6f97/element/f.0CFB565138F0704D782EF1C57C56E9E5.d.661D24DC526AD1CB3FA5216688091BA1.e.160/click - {}
RESULT: {}
COMMAND: GET /session/365d56350ece7ddb67f22ecca89c6f97/screenshot - {}
RESULT: {}
COMMAND: POST /session/365d56350ece7ddb67f22ecca89c6f97/elements - {"using":"xpath","value":"//span[text()='Error']"}
RESULT: {"using":"xpath","value":"//span[text()='Error']"}
COMMAND: POST /session/365d56350ece7ddb67f22ecca89c6f97/element - {"using":"xpath","value":"//button[@data-kt=\"addButton\"]"}
RESULT: {"using":"xpath","value":"//button[@data-kt=\"addButton\"]"}
COMMAND: POST /session/365d56350ece7ddb67f22ecca89c6f97/elements - {"using":"xpath","value":"//button[@data-kt=\"addButton\"]"}
RESULT: {"using":"xpath","value":"//button[@data-kt=\"addButton\"]"}
COMMAND: POST /session/365d56350ece7ddb67f22ecca89c6f97/elements - {"using":"xpath","value":"//button[@data-kt=\"addButton\"]"}
RESULT: {"using":"xpath","value":"//button[@data-kt=\"addButton\"]"}
COMMAND: POST /session/365d56350ece7ddb67f22ecca89c6f97/element - {"using":"xpath","value":"//button[@data-kt=\"addButton\"]"}
RESULT: {"using":"xpath","value":"//button[@data-kt=\"addButton\"]"}
COMMAND: POST /session/365d56350ece7ddb67f22ecca89c6f97/execute/sync - {"script":"<script> [8489 bytes]","args":[{"element-6066-11e4-a52e-4f735466cecf":"f.0CFB565138F0704D782EF1C57C56E9E5.d.661D24DC526AD1CB3FA5216688091BA1.e.1042","ELEMENT":"f.0CFB565138F0704D782EF1C57C56E9E5.d.661D24DC526AD1CB3FA5216688091BA1.e.1042"}]}
RESULT: {"script":"<script> [8489 bytes]","args":[{"element-6066-11e4-a52e-4f735466cecf":"f.0CFB565138F0704D782EF1C57C56E9E5.d.661D24DC526AD1CB3FA5216688091BA1.e.1042","ELEMENT":"f.0CFB565138F0704D782EF1C57C56E9E5.d.661D24DC526AD1CB3FA5216688091BA1.e.1042"}]}
COMMAND: GET /session/365d56350ece7ddb67f22ecca89c6f97/element/f.0CFB565138F0704D782EF1C57C56E9E5.d.661D24DC526AD1CB3FA5216688091BA1.e.1042/enabled - {}
COMMAND: GET /session/365d56350ece7ddb67f22ecca89c6f97/screenshot - {}
RESULT: {}
COMMAND: POST /session/365d56350ece7ddb67f22ecca89c6f97/execute/sync - {"script":"<script> [8489 bytes]","args":[{"element-6066-11e4-a52e-4f735466cecf":"f.0CFB565138F0704D782EF1C57C56E9E5.d.661D24DC526AD1CB3FA5216688091BA1.e.1042","ELEMENT":"f.0CFB565138F0704D782EF1C57C56E9E5.d.661D24DC526AD1CB3FA5216688091BA1.e.1042"}]}
COMMAND: GET /session/365d56350ece7ddb67f22ecca89c6f97/screenshot - {}
RESULT: {}
RESULT: {"script":"<script> [8489 bytes]","args":[{"element-6066-11e4-a52e-4f735466cecf":"f.0CFB565138F0704D782EF1C57C56E9E5.d.661D24DC526AD1CB3FA5216688091BA1.e.1042","ELEMENT":"f.0CFB565138F0704D782EF1C57C56E9E5.d.661D24DC526AD1CB3FA5216688091BA1.e.1042"}]}
COMMAND: POST /session/365d56350ece7ddb67f22ecca89c6f97/execute/sync - {"script":"<script> [5351 bytes]","args":[{"element-6066-11e4-a52e-4f735466cecf":"f.0CFB565138F0704D782EF1C57C56E9E5.d.661D24DC526AD1CB3FA5216688091BA1.e.1042","ELEMENT":"f.0CFB565138F0704D782EF1C57C56E9E5.d.661D24DC526AD1CB3FA5216688091BA1.e.1042"}]}
COMMAND: GET /session/365d56350ece7ddb67f22ecca89c6f97/screenshot - {}
RESULT: {}
RESULT: {"script":"<script> [5351 bytes]","args":[{"element-6066-11e4-a52e-4f735466cecf":"f.0CFB565138F0704D782EF1C57C56E9E5.d.661D24DC526AD1CB3FA5216688091BA1.e.1042","ELEMENT":"f.0CFB565138F0704D782EF1C57C56E9E5.d.661D24DC526AD1CB3FA5216688091BA1.e.1042"}]}
COMMAND: POST /session/365d56350ece7ddb67f22ecca89c6f97/element/f.0CFB565138F0704D782EF1C57C56E9E5.d.661D24DC526AD1CB3FA5216688091BA1.e.1042/click - {}
COMMAND: GET /session/365d56350ece7ddb67f22ecca89c6f97/screenshot - {}
RESULT: {}
RESULT: {}
COMMAND: GET /session/365d56350ece7ddb67f22ecca89c6f97/screenshot - {}
RESULT: {}
RESULT: {}
COMMAND: POST /session/365d56350ece7ddb67f22ecca89c6f97/execute/async - {"script":"<script> [1562 bytes]","args":[{"selector":{"id":"application-managepartners-display-component---NewPartner--addressDetailDetailsName1","interaction":{"idSuffix":"inner"}},"wdio_ui5_key":"applicationmanagepartners-display-component---NewPartner--addressDetailDetailsName1"}]}
RESULT: {"script":"<script> [1562 bytes]","args":[{"selector":{"id":"application-managepartners-display-component---NewPartner--addressDetailDetailsName1","interaction":{"idSuffix":"inner"}},"wdio_ui5_key":"applicationmanagepartners-display-component---NewPartner--addressDetailDetailsName1"}]}
RESULT: undefined
COMMAND: POST /session/365d56350ece7ddb67f22ecca89c6f97/execute/async - {"script":"<script> [776 bytes]","args":[{"enterText":"Intracompany Partner WDIO","selector":{"id":"application-managepartners-display-component---NewPartner--addressDetailDetailsName1","interaction":{"idSuffix":"inner"}},"clearTextFirst":true,"interactionType":"ENTER_TEXT"}]}
RESULT: {"script":"<script> [776 bytes]","args":[{"enterText":"Intracompany Partner WDIO","selector":{"id":"application-managepartners-display-component---NewPartner--addressDetailDetailsName1","interaction":{"idSuffix":"inner"}},"clearTextFirst":true,"interactionType":"ENTER_TEXT"}]}
COMMAND: POST /session/365d56350ece7ddb67f22ecca89c6f97/execute/async - {"script":"<script> [1562 bytes]","args":[{"selector":{"id":"application-managepartners-display-component---NewPartner--addressDetailDetailsLanguage-arrow"},"wdio_ui5_key":"applicationmanagepartners-display-component---NewPartner--addressDetailDetailsLanguage-arrow"}]}
RESULT: {"script":"<script> [1562 bytes]","args":[{"selector":{"id":"application-managepartners-display-component---NewPartner--addressDetailDetailsLanguage-arrow"},"wdio_ui5_key":"applicationmanagepartners-display-component---NewPartner--addressDetailDetailsLanguage-arrow"}]}
RESULT: undefined
COMMAND: POST /session/365d56350ece7ddb67f22ecca89c6f97/element - {"using":"xpath","value":"//*[@id=\"application-managepartners-display-component---NewPartner--addressDetailDetailsLanguage-arrow\"]"}
RESULT: {"using":"xpath","value":"//*[@id=\"application-managepartners-display-component---NewPartner--addressDetailDetailsLanguage-arrow\"]"}
COMMAND: POST /session/365d56350ece7ddb67f22ecca89c6f97/element/f.0CFB565138F0704D782EF1C57C56E9E5.d.661D24DC526AD1CB3FA5216688091BA1.e.1489/click - {}
RESULT: {}
COMMAND: POST /session/365d56350ece7ddb67f22ecca89c6f97/element - {"using":"xpath","value":"//span[contains(text(), \"English\")]"}
COMMAND: GET /session/365d56350ece7ddb67f22ecca89c6f97/screenshot - {}
RESULT: {"using":"xpath","value":"//span[contains(text(), \"English\")]"}
COMMAND: POST /session/365d56350ece7ddb67f22ecca89c6f97/element/f.0CFB565138F0704D782EF1C57C56E9E5.d.661D24DC526AD1CB3FA5216688091BA1.e.1490/click - {}
RESULT: {}
RESULT: {}
COMMAND: GET /session/365d56350ece7ddb67f22ecca89c6f97/screenshot - {}
RESULT: {}
COMMAND: POST /session/365d56350ece7ddb67f22ecca89c6f97/execute/async - {"script":"<script> [1562 bytes]","args":[{"selector":{"id":"application-managepartners-display-component---NewPartner--addressDetailDetailsCity1","interaction":{"idSuffix":"inner"}},"wdio_ui5_key":"applicationmanagepartners-display-component---NewPartner--addressDetailDetailsCity1"}]}
RESULT: {"script":"<script> [1562 bytes]","args":[{"selector":{"id":"application-managepartners-display-component---NewPartner--addressDetailDetailsCity1","interaction":{"idSuffix":"inner"}},"wdio_ui5_key":"applicationmanagepartners-display-component---NewPartner--addressDetailDetailsCity1"}]}
RESULT: undefined
COMMAND: POST /session/365d56350ece7ddb67f22ecca89c6f97/execute/async - {"script":"<script> [776 bytes]","args":[{"enterText":"Rosario","selector":{"id":"application-managepartners-display-component---NewPartner--addressDetailDetailsCity1","interaction":{"idSuffix":"inner"}},"clearTextFirst":true,"interactionType":"ENTER_TEXT"}]}
RESULT: {"script":"<script> [776 bytes]","args":[{"enterText":"Rosario","selector":{"id":"application-managepartners-display-component---NewPartner--addressDetailDetailsCity1","interaction":{"idSuffix":"inner"}},"clearTextFirst":true,"interactionType":"ENTER_TEXT"}]}
COMMAND: POST /session/365d56350ece7ddb67f22ecca89c6f97/execute/async - {"script":"<script> [1562 bytes]","args":[{"selector":{"id":"application-managepartners-display-component---NewPartner--addressDetailDetailsCountry-arrow"},"wdio_ui5_key":"applicationmanagepartners-display-component---NewPartner--addressDetailDetailsCountry-arrow"}]}
RESULT: {"script":"<script> [1562 bytes]","args":[{"selector":{"id":"application-managepartners-display-component---NewPartner--addressDetailDetailsCountry-arrow"},"wdio_ui5_key":"applicationmanagepartners-display-component---NewPartner--addressDetailDetailsCountry-arrow"}]}
RESULT: undefined
COMMAND: POST /session/365d56350ece7ddb67f22ecca89c6f97/element - {"using":"xpath","value":"//*[@id=\"application-managepartners-display-component---NewPartner--addressDetailDetailsCountry-arrow\"]"}
RESULT: {"using":"xpath","value":"//*[@id=\"application-managepartners-display-component---NewPartner--addressDetailDetailsCountry-arrow\"]"}
COMMAND: POST /session/365d56350ece7ddb67f22ecca89c6f97/element/f.0CFB565138F0704D782EF1C57C56E9E5.d.661D24DC526AD1CB3FA5216688091BA1.e.1445/click - {}
RESULT: {}
COMMAND: POST /session/365d56350ece7ddb67f22ecca89c6f97/element - {"using":"xpath","value":"//span[contains(text(), \"Argentina\")]"}
COMMAND: GET /session/365d56350ece7ddb67f22ecca89c6f97/screenshot - {}
RESULT: {"using":"xpath","value":"//span[contains(text(), \"Argentina\")]"}
COMMAND: POST /session/365d56350ece7ddb67f22ecca89c6f97/element/f.0CFB565138F0704D782EF1C57C56E9E5.d.661D24DC526AD1CB3FA5216688091BA1.e.1492/click - {}
RESULT: {}
RESULT: {}
COMMAND: GET /session/365d56350ece7ddb67f22ecca89c6f97/screenshot - {}
RESULT: {}
COMMAND: POST /session/365d56350ece7ddb67f22ecca89c6f97/element - {"using":"xpath","value":"//bdi[contains(text(), \"Commercial\")]"}
RESULT: {"using":"xpath","value":"//bdi[contains(text(), \"Commercial\")]"}
COMMAND: POST /session/365d56350ece7ddb67f22ecca89c6f97/element/f.0CFB565138F0704D782EF1C57C56E9E5.d.661D24DC526AD1CB3FA5216688091BA1.e.1493/click - {}
RESULT: {}
COMMAND: GET /session/365d56350ece7ddb67f22ecca89c6f97/screenshot - {}
RESULT: {}
COMMAND: POST /session/365d56350ece7ddb67f22ecca89c6f97/execute/async - {"script":"<script> [1562 bytes]","args":[{"selector":{"id":"application-managepartners-display-component---NewPartner--partnerDetailInternal-arrow"},"wdio_ui5_key":"applicationmanagepartners-display-component---NewPartner--partnerDetailInternal-arrow"}]}
RESULT: {"script":"<script> [1562 bytes]","args":[{"selector":{"id":"application-managepartners-display-component---NewPartner--partnerDetailInternal-arrow"},"wdio_ui5_key":"applicationmanagepartners-display-component---NewPartner--partnerDetailInternal-arrow"}]}
RESULT: undefined
COMMAND: POST /session/365d56350ece7ddb67f22ecca89c6f97/element - {"using":"xpath","value":"//*[@id=\"application-managepartners-display-component---NewPartner--partnerDetailInternal-arrow\"]"}
RESULT: {"using":"xpath","value":"//*[@id=\"application-managepartners-display-component---NewPartner--partnerDetailInternal-arrow\"]"}
COMMAND: POST /session/365d56350ece7ddb67f22ecca89c6f97/element/f.0CFB565138F0704D782EF1C57C56E9E5.d.661D24DC526AD1CB3FA5216688091BA1.e.1499/click - {}
RESULT: {}
COMMAND: POST /session/365d56350ece7ddb67f22ecca89c6f97/element - {"using":"xpath","value":"//span[contains(text(), \"Affiliated company\")]"}
COMMAND: GET /session/365d56350ece7ddb67f22ecca89c6f97/screenshot - {}
RESULT: {"using":"xpath","value":"//span[contains(text(), \"Affiliated company\")]"}
COMMAND: POST /session/365d56350ece7ddb67f22ecca89c6f97/element/f.0CFB565138F0704D782EF1C57C56E9E5.d.661D24DC526AD1CB3FA5216688091BA1.e.1500/click - {}
RESULT: {}
RESULT: {}
COMMAND: POST /session/365d56350ece7ddb67f22ecca89c6f97/execute/async - {"script":"<script> [1562 bytes]","args":[{"selector":{"id":"application-managepartners-display-component---NewPartner--partnerDetailsCurrency-arrow"},"wdio_ui5_key":"applicationmanagepartners-display-component---NewPartner--partnerDetailsCurrency-arrow"}]}
COMMAND: GET /session/365d56350ece7ddb67f22ecca89c6f97/screenshot - {}
RESULT: {"script":"<script> [1562 bytes]","args":[{"selector":{"id":"application-managepartners-display-component---NewPartner--partnerDetailsCurrency-arrow"},"wdio_ui5_key":"applicationmanagepartners-display-component---NewPartner--partnerDetailsCurrency-arrow"}]}
RESULT: undefined
COMMAND: POST /session/365d56350ece7ddb67f22ecca89c6f97/element - {"using":"xpath","value":"//*[@id=\"application-managepartners-display-component---NewPartner--partnerDetailsCurrency-arrow\"]"}
RESULT: {}
RESULT: {"using":"xpath","value":"//*[@id=\"application-managepartners-display-component---NewPartner--partnerDetailsCurrency-arrow\"]"}
COMMAND: POST /session/365d56350ece7ddb67f22ecca89c6f97/element/f.0CFB565138F0704D782EF1C57C56E9E5.d.661D24DC526AD1CB3FA5216688091BA1.e.1507/click - {}
RESULT: {}
COMMAND: POST /session/365d56350ece7ddb67f22ecca89c6f97/element - {"using":"xpath","value":"//span[contains(text(), \"Euro\")]"}
COMMAND: GET /session/365d56350ece7ddb67f22ecca89c6f97/screenshot - {}
RESULT: {"using":"xpath","value":"//span[contains(text(), \"Euro\")]"}
COMMAND: POST /session/365d56350ece7ddb67f22ecca89c6f97/element/f.0CFB565138F0704D782EF1C57C56E9E5.d.661D24DC526AD1CB3FA5216688091BA1.e.1508/click - {}
RESULT: {}
RESULT: {}
COMMAND: POST /session/365d56350ece7ddb67f22ecca89c6f97/execute/async - {"script":"<script> [1562 bytes]","args":[{"selector":{"id":"application-managepartners-display-component---NewPartner--addressEditDetailsCostObjectCstType-arrow"},"wdio_ui5_key":"applicationmanagepartners-display-component---NewPartner--addressEditDetailsCostObjectCstType-arrow"}]}
COMMAND: GET /session/365d56350ece7ddb67f22ecca89c6f97/screenshot - {}
RESULT: {"script":"<script> [1562 bytes]","args":[{"selector":{"id":"application-managepartners-display-component---NewPartner--addressEditDetailsCostObjectCstType-arrow"},"wdio_ui5_key":"applicationmanagepartners-display-component---NewPartner--addressEditDetailsCostObjectCstType-arrow"}]}
RESULT: undefined
COMMAND: POST /session/365d56350ece7ddb67f22ecca89c6f97/element - {"using":"xpath","value":"//*[@id=\"application-managepartners-display-component---NewPartner--addressEditDetailsCostObjectCstType-arrow\"]"}
RESULT: {}
RESULT: {"using":"xpath","value":"//*[@id=\"application-managepartners-display-component---NewPartner--addressEditDetailsCostObjectCstType-arrow\"]"}
COMMAND: POST /session/365d56350ece7ddb67f22ecca89c6f97/element/f.0CFB565138F0704D782EF1C57C56E9E5.d.661D24DC526AD1CB3FA5216688091BA1.e.1509/click - {}
RESULT: {}
COMMAND: POST /session/365d56350ece7ddb67f22ecca89c6f97/element - {"using":"xpath","value":"//span[contains(text(), \"Cost Center\")]"}
COMMAND: GET /session/365d56350ece7ddb67f22ecca89c6f97/screenshot - {}
RESULT: {"using":"xpath","value":"//span[contains(text(), \"Cost Center\")]"}
COMMAND: POST /session/365d56350ece7ddb67f22ecca89c6f97/element/f.0CFB565138F0704D782EF1C57C56E9E5.d.661D24DC526AD1CB3FA5216688091BA1.e.1510/click - {}
RESULT: {}
RESULT: {}
COMMAND: GET /session/365d56350ece7ddb67f22ecca89c6f97/screenshot - {}
RESULT: {}
COMMAND: POST /session/365d56350ece7ddb67f22ecca89c6f97/element - {"using":"xpath","value":"//span[@id=\"application-managepartners-display-component---NewPartner--addressNewCostObjectCstID-vhi\"]"}
RESULT: {"using":"xpath","value":"//span[@id=\"application-managepartners-display-component---NewPartner--addressNewCostObjectCstID-vhi\"]"}
COMMAND: POST /session/365d56350ece7ddb67f22ecca89c6f97/execute/sync - {"script":"<script> [8489 bytes]","args":[{"element-6066-11e4-a52e-4f735466cecf":"f.0CFB565138F0704D782EF1C57C56E9E5.d.661D24DC526AD1CB3FA5216688091BA1.e.1514","ELEMENT":"f.0CFB565138F0704D782EF1C57C56E9E5.d.661D24DC526AD1CB3FA5216688091BA1.e.1514"}]}
RESULT: {"script":"<script> [8489 bytes]","args":[{"element-6066-11e4-a52e-4f735466cecf":"f.0CFB565138F0704D782EF1C57C56E9E5.d.661D24DC526AD1CB3FA5216688091BA1.e.1514","ELEMENT":"f.0CFB565138F0704D782EF1C57C56E9E5.d.661D24DC526AD1CB3FA5216688091BA1.e.1514"}]}
COMMAND: POST /session/365d56350ece7ddb67f22ecca89c6f97/execute/async - {"script":"<script> [1562 bytes]","args":[{"selector":{"id":"application-managepartners-display-component---NewPartner--addressNewCostObjectCstID-vhi"},"wdio_ui5_key":"applicationmanagepartners-display-component---NewPartner--addressNewCostObjectCstID-vhi"}]}
COMMAND: GET /session/365d56350ece7ddb67f22ecca89c6f97/screenshot - {}
RESULT: {"script":"<script> [1562 bytes]","args":[{"selector":{"id":"application-managepartners-display-component---NewPartner--addressNewCostObjectCstID-vhi"},"wdio_ui5_key":"applicationmanagepartners-display-component---NewPartner--addressNewCostObjectCstID-vhi"}]}
RESULT: undefined
COMMAND: POST /session/365d56350ece7ddb67f22ecca89c6f97/element - {"using":"xpath","value":"//*[@id=\"application-managepartners-display-component---NewPartner--addressNewCostObjectCstID-vhi\"]"}
RESULT: {}
RESULT: {"using":"xpath","value":"//*[@id=\"application-managepartners-display-component---NewPartner--addressNewCostObjectCstID-vhi\"]"}
COMMAND: POST /session/365d56350ece7ddb67f22ecca89c6f97/element/f.0CFB565138F0704D782EF1C57C56E9E5.d.661D24DC526AD1CB3FA5216688091BA1.e.1514/click - {}
RESULT: {}
COMMAND: GET /session/365d56350ece7ddb67f22ecca89c6f97/screenshot - {}
RESULT: {}
RESULT: undefined
COMMAND: POST /session/365d56350ece7ddb67f22ecca89c6f97/execute/async - {"script":"<script> [776 bytes]","args":[{"enterText":"10001013","selector":{"controlType":"sap.m.SearchField","properties":{"placeholder":"Search"},"searchOpenDialogs":true,"interaction":{"idSuffix":"I"}},"clearTextFirst":true,"interactionType":"ENTER_TEXT"}]}
RESULT: {"script":"<script> [776 bytes]","args":[{"enterText":"10001013","selector":{"controlType":"sap.m.SearchField","properties":{"placeholder":"Search"},"searchOpenDialogs":true,"interaction":{"idSuffix":"I"}},"clearTextFirst":true,"interactionType":"ENTER_TEXT"}]}
COMMAND: POST /session/365d56350ece7ddb67f22ecca89c6f97/actions - {"actions":[{"id":"action2","type":"key","parameters":{},"actions":[{"type":"keyDown","value":""},{"type":"pause","duration":10},{"type":"keyUp","value":""}]}]}
RESULT: {"actions":[{"id":"action2","type":"key","parameters":{},"actions":[{"type":"keyDown","value":""},{"type":"pause","duration":10},{"type":"keyUp","value":""}]}]}
COMMAND: GET /session/365d56350ece7ddb67f22ecca89c6f97/screenshot - {}
RESULT: {}
COMMAND: POST /session/365d56350ece7ddb67f22ecca89c6f97/element - {"using":"xpath","value":"//span[contains(text(), \"General Management\")]"}
RESULT: {"using":"xpath","value":"//span[contains(text(), \"General Management\")]"}
COMMAND: POST /session/365d56350ece7ddb67f22ecca89c6f97/element/f.0CFB565138F0704D782EF1C57C56E9E5.d.661D24DC526AD1CB3FA5216688091BA1.e.1553/click - {}
RESULT: {}
COMMAND: GET /session/365d56350ece7ddb67f22ecca89c6f97/screenshot - {}
RESULT: {}
COMMAND: POST /session/365d56350ece7ddb67f22ecca89c6f97/element - {"using":"xpath","value":"//bdi[contains(text(), \"OK\")]"}
RESULT: {"using":"xpath","value":"//bdi[contains(text(), \"OK\")]"}
COMMAND: POST /session/365d56350ece7ddb67f22ecca89c6f97/element/f.0CFB565138F0704D782EF1C57C56E9E5.d.661D24DC526AD1CB3FA5216688091BA1.e.1554/click - {}
RESULT: {}
COMMAND: GET /session/365d56350ece7ddb67f22ecca89c6f97/screenshot - {}
RESULT: {}
COMMAND: POST /session/365d56350ece7ddb67f22ecca89c6f97/element - {"using":"xpath","value":"//input[@id=\"application-managepartners-display-component---NewPartner--companyCodeComboBox-inner\"]"}
RESULT: {"using":"xpath","value":"//input[@id=\"application-managepartners-display-component---NewPartner--companyCodeComboBox-inner\"]"}
COMMAND: POST /session/365d56350ece7ddb67f22ecca89c6f97/element/f.0CFB565138F0704D782EF1C57C56E9E5.d.661D24DC526AD1CB3FA5216688091BA1.e.1402/clear - {}
RESULT: {}
COMMAND: POST /session/365d56350ece7ddb67f22ecca89c6f97/element/f.0CFB565138F0704D782EF1C57C56E9E5.d.661D24DC526AD1CB3FA5216688091BA1.e.1402/value - {"text":"1000"}
COMMAND: GET /session/365d56350ece7ddb67f22ecca89c6f97/screenshot - {}
RESULT: {"text":"1000"}
COMMAND: GET /session/365d56350ece7ddb67f22ecca89c6f97/screenshot - {}
RESULT: {}
RESULT: {}
COMMAND: POST /session/365d56350ece7ddb67f22ecca89c6f97/element - {"using":"xpath","value":"//li[.//span[text()= \"1000\"]]"}
RESULT: {"using":"xpath","value":"//li[.//span[text()= \"1000\"]]"}
COMMAND: POST /session/365d56350ece7ddb67f22ecca89c6f97/element/f.0CFB565138F0704D782EF1C57C56E9E5.d.661D24DC526AD1CB3FA5216688091BA1.e.1560/click - {}
RESULT: {}
COMMAND: GET /session/365d56350ece7ddb67f22ecca89c6f97/screenshot - {}
RESULT: {}
COMMAND: POST /session/365d56350ece7ddb67f22ecca89c6f97/execute/async - {"script":"<script> [1562 bytes]","args":[{"selector":{"id":"application-managepartners-display-component---NewPartner--btnAddTableRow-img"},"wdio_ui5_key":"applicationmanagepartners-display-component---NewPartner--btnAddTableRow-img"}]}
RESULT: {"script":"<script> [1562 bytes]","args":[{"selector":{"id":"application-managepartners-display-component---NewPartner--btnAddTableRow-img"},"wdio_ui5_key":"applicationmanagepartners-display-component---NewPartner--btnAddTableRow-img"}]}
RESULT: undefined
COMMAND: POST /session/365d56350ece7ddb67f22ecca89c6f97/element - {"using":"xpath","value":"//*[@id=\"application-managepartners-display-component---NewPartner--btnAddTableRow-img\"]"}
RESULT: {"using":"xpath","value":"//*[@id=\"application-managepartners-display-component---NewPartner--btnAddTableRow-img\"]"}
COMMAND: POST /session/365d56350ece7ddb67f22ecca89c6f97/element/f.0CFB565138F0704D782EF1C57C56E9E5.d.661D24DC526AD1CB3FA5216688091BA1.e.1561/click - {}
RESULT: {}
COMMAND: GET /session/365d56350ece7ddb67f22ecca89c6f97/screenshot - {}
RESULT: {}
COMMAND: POST /session/365d56350ece7ddb67f22ecca89c6f97/element - {"using":"xpath","value":"//input[@id=\"application-managepartners-display-component---NewPartner--assignmentYard-application-managepartners-display-component---NewPartner--assignmentsTable-0-inner\"]"}
RESULT: {"using":"xpath","value":"//input[@id=\"application-managepartners-display-component---NewPartner--assignmentYard-application-managepartners-display-component---NewPartner--assignmentsTable-0-inner\"]"}
COMMAND: POST /session/365d56350ece7ddb67f22ecca89c6f97/element/f.0CFB565138F0704D782EF1C57C56E9E5.d.661D24DC526AD1CB3FA5216688091BA1.e.1564/clear - {}
RESULT: {}
COMMAND: POST /session/365d56350ece7ddb67f22ecca89c6f97/element/f.0CFB565138F0704D782EF1C57C56E9E5.d.661D24DC526AD1CB3FA5216688091BA1.e.1564/value - {"text":"279"}
COMMAND: GET /session/365d56350ece7ddb67f22ecca89c6f97/screenshot - {}
RESULT: {"text":"279"}
COMMAND: GET /session/365d56350ece7ddb67f22ecca89c6f97/screenshot - {}
RESULT: {}
RESULT: {}
COMMAND: POST /session/365d56350ece7ddb67f22ecca89c6f97/element - {"using":"xpath","value":"//li[.//span[text()='279']]"}
RESULT: {"using":"xpath","value":"//li[.//span[text()='279']]"}
COMMAND: POST /session/365d56350ece7ddb67f22ecca89c6f97/element/f.0CFB565138F0704D782EF1C57C56E9E5.d.661D24DC526AD1CB3FA5216688091BA1.e.1574/click - {}
RESULT: {}
COMMAND: GET /session/365d56350ece7ddb67f22ecca89c6f97/screenshot - {}
RESULT: {}
COMMAND: POST /session/365d56350ece7ddb67f22ecca89c6f97/actions - {"actions":[{"id":"action3","type":"key","parameters":{},"actions":[{"type":"keyDown","value":""},{"type":"pause","duration":10},{"type":"keyUp","value":""}]}]}
RESULT: {"actions":[{"id":"action3","type":"key","parameters":{},"actions":[{"type":"keyDown","value":""},{"type":"pause","duration":10},{"type":"keyUp","value":""}]}]}
COMMAND: POST /session/365d56350ece7ddb67f22ecca89c6f97/execute/async - {"script":"<script> [1562 bytes]","args":[{"selector":{"id":"application-managepartners-display-component---NewPartner--externalCustomerComboBox-application-managepartners-display-component---NewPartner--assignmentsTable-0-vhi"},"wdio_ui5_key":"applicationmanagepartners-display-component---NewPartner--externalCustomerComboBox-application-managepartners-display-component---NewPartner--assignmentsTable-0-vhi"}]}
COMMAND: GET /session/365d56350ece7ddb67f22ecca89c6f97/screenshot - {}
RESULT: {"script":"<script> [1562 bytes]","args":[{"selector":{"id":"application-managepartners-display-component---NewPartner--externalCustomerComboBox-application-managepartners-display-component---NewPartner--assignmentsTable-0-vhi"},"wdio_ui5_key":"applicationmanagepartners-display-component---NewPartner--externalCustomerComboBox-application-managepartners-display-component---NewPartner--assignmentsTable-0-vhi"}]}
RESULT: undefined
COMMAND: POST /session/365d56350ece7ddb67f22ecca89c6f97/element - {"using":"xpath","value":"//*[@id=\"application-managepartners-display-component---NewPartner--externalCustomerComboBox-application-managepartners-display-component---NewPartner--assignmentsTable-0-vhi\"]"}
RESULT: {}
RESULT: {"using":"xpath","value":"//*[@id=\"application-managepartners-display-component---NewPartner--externalCustomerComboBox-application-managepartners-display-component---NewPartner--assignmentsTable-0-vhi\"]"}
COMMAND: POST /session/365d56350ece7ddb67f22ecca89c6f97/element/f.0CFB565138F0704D782EF1C57C56E9E5.d.661D24DC526AD1CB3FA5216688091BA1.e.1578/click - {}
RESULT: {}
RESULT: undefined
COMMAND: POST /session/365d56350ece7ddb67f22ecca89c6f97/execute/async - {"script":"<script> [776 bytes]","args":[{"enterText":"300003","selector":{"controlType":"sap.m.SearchField","properties":{"placeholder":"Search"},"searchOpenDialogs":true,"interaction":{"idSuffix":"I"}},"clearTextFirst":true,"interactionType":"ENTER_TEXT"}]}
COMMAND: GET /session/365d56350ece7ddb67f22ecca89c6f97/screenshot - {}
RESULT: {"script":"<script> [776 bytes]","args":[{"enterText":"300003","selector":{"controlType":"sap.m.SearchField","properties":{"placeholder":"Search"},"searchOpenDialogs":true,"interaction":{"idSuffix":"I"}},"clearTextFirst":true,"interactionType":"ENTER_TEXT"}]}
COMMAND: POST /session/365d56350ece7ddb67f22ecca89c6f97/actions - {"actions":[{"id":"action4","type":"key","parameters":{},"actions":[{"type":"keyDown","value":""},{"type":"pause","duration":10},{"type":"keyUp","value":""}]}]}
RESULT: {}
RESULT: {"actions":[{"id":"action4","type":"key","parameters":{},"actions":[{"type":"keyDown","value":""},{"type":"pause","duration":10},{"type":"keyUp","value":""}]}]}
COMMAND: GET /session/365d56350ece7ddb67f22ecca89c6f97/screenshot - {}
RESULT: {}
COMMAND: POST /session/365d56350ece7ddb67f22ecca89c6f97/element - {"using":"xpath","value":"//span[contains(text(), \"300003\")]"}
RESULT: {"using":"xpath","value":"//span[contains(text(), \"300003\")]"}
COMMAND: POST /session/365d56350ece7ddb67f22ecca89c6f97/element/f.0CFB565138F0704D782EF1C57C56E9E5.d.661D24DC526AD1CB3FA5216688091BA1.e.1595/click - {}
RESULT: {}
COMMAND: GET /session/365d56350ece7ddb67f22ecca89c6f97/screenshot - {}
RESULT: {}
COMMAND: POST /session/365d56350ece7ddb67f22ecca89c6f97/element - {"using":"xpath","value":"//bdi[contains(text(), \"OK\")]"}
RESULT: {"using":"xpath","value":"//bdi[contains(text(), \"OK\")]"}
COMMAND: POST /session/365d56350ece7ddb67f22ecca89c6f97/element/f.0CFB565138F0704D782EF1C57C56E9E5.d.661D24DC526AD1CB3FA5216688091BA1.e.1597/click - {}
RESULT: {}
COMMAND: GET /session/365d56350ece7ddb67f22ecca89c6f97/screenshot - {}
RESULT: {}
COMMAND: POST /session/365d56350ece7ddb67f22ecca89c6f97/execute/async - {"script":"<script> [1562 bytes]","args":[{"selector":{"id":"application-managepartners-display-component---NewPartner--intercompVendorComboBox-application-managepartners-display-component---NewPartner--assignmentsTable-0-vhi"},"wdio_ui5_key":"applicationmanagepartners-display-component---NewPartner--intercompVendorComboBox-application-managepartners-display-component---NewPartner--assignmentsTable-0-vhi"}]}
RESULT: {"script":"<script> [1562 bytes]","args":[{"selector":{"id":"application-managepartners-display-component---NewPartner--intercompVendorComboBox-application-managepartners-display-component---NewPartner--assignmentsTable-0-vhi"},"wdio_ui5_key":"applicationmanagepartners-display-component---NewPartner--intercompVendorComboBox-application-managepartners-display-component---NewPartner--assignmentsTable-0-vhi"}]}
RESULT: undefined
COMMAND: POST /session/365d56350ece7ddb67f22ecca89c6f97/element - {"using":"xpath","value":"//*[@id=\"application-managepartners-display-component---NewPartner--intercompVendorComboBox-application-managepartners-display-component---NewPartner--assignmentsTable-0-vhi\"]"}
RESULT: {"using":"xpath","value":"//*[@id=\"application-managepartners-display-component---NewPartner--intercompVendorComboBox-application-managepartners-display-component---NewPartner--assignmentsTable-0-vhi\"]"}
COMMAND: POST /session/365d56350ece7ddb67f22ecca89c6f97/element/f.0CFB565138F0704D782EF1C57C56E9E5.d.661D24DC526AD1CB3FA5216688091BA1.e.1600/click - {}
RESULT: {}
RESULT: undefined
COMMAND: POST /session/365d56350ece7ddb67f22ecca89c6f97/execute/async - {"script":"<script> [776 bytes]","args":[{"enterText":"100005","selector":{"controlType":"sap.m.SearchField","properties":{"placeholder":"Search"},"searchOpenDialogs":true,"interaction":{"idSuffix":"I"}},"clearTextFirst":true,"interactionType":"ENTER_TEXT"}]}
COMMAND: GET /session/365d56350ece7ddb67f22ecca89c6f97/screenshot - {}
RESULT: {"script":"<script> [776 bytes]","args":[{"enterText":"100005","selector":{"controlType":"sap.m.SearchField","properties":{"placeholder":"Search"},"searchOpenDialogs":true,"interaction":{"idSuffix":"I"}},"clearTextFirst":true,"interactionType":"ENTER_TEXT"}]}
COMMAND: POST /session/365d56350ece7ddb67f22ecca89c6f97/actions - {"actions":[{"id":"action5","type":"key","parameters":{},"actions":[{"type":"keyDown","value":""},{"type":"pause","duration":10},{"type":"keyUp","value":""}]}]}
RESULT: {}
RESULT: {"actions":[{"id":"action5","type":"key","parameters":{},"actions":[{"type":"keyDown","value":""},{"type":"pause","duration":10},{"type":"keyUp","value":""}]}]}
COMMAND: GET /session/365d56350ece7ddb67f22ecca89c6f97/screenshot - {}
RESULT: {}
COMMAND: POST /session/365d56350ece7ddb67f22ecca89c6f97/element - {"using":"xpath","value":"//span[contains(text(), \"Penguins - Field/12345 Berlin\")]"}
RESULT: {"using":"xpath","value":"//span[contains(text(), \"Penguins - Field/12345 Berlin\")]"}
COMMAND: POST /session/365d56350ece7ddb67f22ecca89c6f97/element/f.0CFB565138F0704D782EF1C57C56E9E5.d.661D24DC526AD1CB3FA5216688091BA1.e.1617/click - {}
RESULT: {}
COMMAND: GET /session/365d56350ece7ddb67f22ecca89c6f97/screenshot - {}
RESULT: {}
COMMAND: POST /session/365d56350ece7ddb67f22ecca89c6f97/element - {"using":"xpath","value":"//bdi[contains(text(), \"OK\")]"}
RESULT: {"using":"xpath","value":"//bdi[contains(text(), \"OK\")]"}
COMMAND: POST /session/365d56350ece7ddb67f22ecca89c6f97/element/f.0CFB565138F0704D782EF1C57C56E9E5.d.661D24DC526AD1CB3FA5216688091BA1.e.1618/click - {}
RESULT: {}
COMMAND: GET /session/365d56350ece7ddb67f22ecca89c6f97/screenshot - {}
RESULT: {}
COMMAND: POST /session/365d56350ece7ddb67f22ecca89c6f97/element - {"using":"xpath","value":"//button[@data-kt=\"saveButton\"]"}
RESULT: {"using":"xpath","value":"//button[@data-kt=\"saveButton\"]"}
COMMAND: POST /session/365d56350ece7ddb67f22ecca89c6f97/element/f.0CFB565138F0704D782EF1C57C56E9E5.d.661D24DC526AD1CB3FA5216688091BA1.e.1466/click - {}
RESULT: {}
COMMAND: GET /session/365d56350ece7ddb67f22ecca89c6f97/screenshot - {}
RESULT: {}
COMMAND: POST /session/365d56350ece7ddb67f22ecca89c6f97/element - {"using":"xpath","value":"//header[contains(@id, 'ObjectPageLayout-headerTitle')]/div[1]/div[2]/div[2]/span[1]"}
RESULT: {"using":"xpath","value":"//header[contains(@id, 'ObjectPageLayout-headerTitle')]/div[1]/div[2]/div[2]/span[1]"}
COMMAND: POST /session/365d56350ece7ddb67f22ecca89c6f97/elements - {"using":"xpath","value":"//header[contains(@id, 'ObjectPageLayout-headerTitle')]/div[1]/div[2]/div[2]/span[1]"}
RESULT: {"using":"xpath","value":"//header[contains(@id, 'ObjectPageLayout-headerTitle')]/div[1]/div[2]/div[2]/span[1]"}
COMMAND: POST /session/365d56350ece7ddb67f22ecca89c6f97/execute/sync - {"script":"<script> [56 bytes]","args":[{"element-6066-11e4-a52e-4f735466cecf":"f.0CFB565138F0704D782EF1C57C56E9E5.d.661D24DC526AD1CB3FA5216688091BA1.e.1783","ELEMENT":"f.0CFB565138F0704D782EF1C57C56E9E5.d.661D24DC526AD1CB3FA5216688091BA1.e.1783"}]}
RESULT: {"script":"<script> [56 bytes]","args":[{"element-6066-11e4-a52e-4f735466cecf":"f.0CFB565138F0704D782EF1C57C56E9E5.d.661D24DC526AD1CB3FA5216688091BA1.e.1783","ELEMENT":"f.0CFB565138F0704D782EF1C57C56E9E5.d.661D24DC526AD1CB3FA5216688091BA1.e.1783"}]}
COMMAND: POST /session/365d56350ece7ddb67f22ecca89c6f97/element - {"using":"css selector","value":"#shell-header-logo"}
COMMAND: GET /session/365d56350ece7ddb67f22ecca89c6f97/screenshot - {}
RESULT: {"using":"css selector","value":"#shell-header-logo"}
COMMAND: POST /session/365d56350ece7ddb67f22ecca89c6f97/element/f.0CFB565138F0704D782EF1C57C56E9E5.d.661D24DC526AD1CB3FA5216688091BA1.e.1008/click - {}
RESULT: {}
RESULT: {}
COMMAND: GET /session/365d56350ece7ddb67f22ecca89c6f97/screenshot - {}
RESULT: {}
COMMAND: POST /session/365d56350ece7ddb67f22ecca89c6f97/execute/sync - {"script":"<script> [299 bytes]","args":[["getModel","getResource"]]}
RESULT: {"script":"<script> [299 bytes]","args":[["getModel","getResource"]]}
]]></system-out>
    </testcase>
    <testcase classname="chrome.136_0_7103_93.windows.Billing_confirm_US117289" name="Should create a new site" time="105.71">
      <system-out><![CDATA[
COMMAND: GET /session/365d56350ece7ddb67f22ecca89c6f97/screenshot - {}
COMMAND: POST /session/365d56350ece7ddb67f22ecca89c6f97/execute/async - {"script":"<script> [1562 bytes]","args":[{"selector":{"controlType":"sap.m.GenericTile","properties":{"header":"Manage Sites"}},"wdio_ui5_key":"sapm.GenericTile{\"header\":\"Manage Sites\"}"}]}
RESULT: {}
RESULT: {"script":"<script> [1562 bytes]","args":[{"selector":{"controlType":"sap.m.GenericTile","properties":{"header":"Manage Sites"}},"wdio_ui5_key":"sapm.GenericTile{\"header\":\"Manage Sites\"}"}]}
RESULT: undefined
COMMAND: POST /session/365d56350ece7ddb67f22ecca89c6f97/element - {"using":"xpath","value":"//*[@id=\"__tile40\"]"}
RESULT: {"using":"xpath","value":"//*[@id=\"__tile40\"]"}
COMMAND: POST /session/365d56350ece7ddb67f22ecca89c6f97/element/f.0CFB565138F0704D782EF1C57C56E9E5.d.661D24DC526AD1CB3FA5216688091BA1.e.166/click - {}
RESULT: {}
COMMAND: GET /session/365d56350ece7ddb67f22ecca89c6f97/screenshot - {}
RESULT: {}
COMMAND: POST /session/365d56350ece7ddb67f22ecca89c6f97/elements - {"using":"xpath","value":"//span[text()='Error']"}
RESULT: {"using":"xpath","value":"//span[text()='Error']"}
COMMAND: POST /session/365d56350ece7ddb67f22ecca89c6f97/element - {"using":"xpath","value":"//button[@data-kt=\"addOverflowToolbarButton\"]"}
RESULT: {"using":"xpath","value":"//button[@data-kt=\"addOverflowToolbarButton\"]"}
COMMAND: POST /session/365d56350ece7ddb67f22ecca89c6f97/elements - {"using":"xpath","value":"//button[@data-kt=\"addOverflowToolbarButton\"]"}
RESULT: {"using":"xpath","value":"//button[@data-kt=\"addOverflowToolbarButton\"]"}
COMMAND: POST /session/365d56350ece7ddb67f22ecca89c6f97/execute/sync - {"script":"<script> [8489 bytes]","args":[{"element-6066-11e4-a52e-4f735466cecf":"f.0CFB565138F0704D782EF1C57C56E9E5.d.661D24DC526AD1CB3FA5216688091BA1.e.1832","ELEMENT":"f.0CFB565138F0704D782EF1C57C56E9E5.d.661D24DC526AD1CB3FA5216688091BA1.e.1832"}]}
RESULT: {"script":"<script> [8489 bytes]","args":[{"element-6066-11e4-a52e-4f735466cecf":"f.0CFB565138F0704D782EF1C57C56E9E5.d.661D24DC526AD1CB3FA5216688091BA1.e.1832","ELEMENT":"f.0CFB565138F0704D782EF1C57C56E9E5.d.661D24DC526AD1CB3FA5216688091BA1.e.1832"}]}
COMMAND: GET /session/365d56350ece7ddb67f22ecca89c6f97/element/f.0CFB565138F0704D782EF1C57C56E9E5.d.661D24DC526AD1CB3FA5216688091BA1.e.1832/enabled - {}
COMMAND: GET /session/365d56350ece7ddb67f22ecca89c6f97/screenshot - {}
RESULT: {}
COMMAND: POST /session/365d56350ece7ddb67f22ecca89c6f97/execute/sync - {"script":"<script> [8489 bytes]","args":[{"element-6066-11e4-a52e-4f735466cecf":"f.0CFB565138F0704D782EF1C57C56E9E5.d.661D24DC526AD1CB3FA5216688091BA1.e.1832","ELEMENT":"f.0CFB565138F0704D782EF1C57C56E9E5.d.661D24DC526AD1CB3FA5216688091BA1.e.1832"}]}
COMMAND: GET /session/365d56350ece7ddb67f22ecca89c6f97/screenshot - {}
RESULT: {}
RESULT: {"script":"<script> [8489 bytes]","args":[{"element-6066-11e4-a52e-4f735466cecf":"f.0CFB565138F0704D782EF1C57C56E9E5.d.661D24DC526AD1CB3FA5216688091BA1.e.1832","ELEMENT":"f.0CFB565138F0704D782EF1C57C56E9E5.d.661D24DC526AD1CB3FA5216688091BA1.e.1832"}]}
COMMAND: POST /session/365d56350ece7ddb67f22ecca89c6f97/execute/sync - {"script":"<script> [5351 bytes]","args":[{"element-6066-11e4-a52e-4f735466cecf":"f.0CFB565138F0704D782EF1C57C56E9E5.d.661D24DC526AD1CB3FA5216688091BA1.e.1832","ELEMENT":"f.0CFB565138F0704D782EF1C57C56E9E5.d.661D24DC526AD1CB3FA5216688091BA1.e.1832"}]}
COMMAND: GET /session/365d56350ece7ddb67f22ecca89c6f97/screenshot - {}
RESULT: {}
RESULT: {"script":"<script> [5351 bytes]","args":[{"element-6066-11e4-a52e-4f735466cecf":"f.0CFB565138F0704D782EF1C57C56E9E5.d.661D24DC526AD1CB3FA5216688091BA1.e.1832","ELEMENT":"f.0CFB565138F0704D782EF1C57C56E9E5.d.661D24DC526AD1CB3FA5216688091BA1.e.1832"}]}
COMMAND: POST /session/365d56350ece7ddb67f22ecca89c6f97/element/f.0CFB565138F0704D782EF1C57C56E9E5.d.661D24DC526AD1CB3FA5216688091BA1.e.1832/click - {}
COMMAND: GET /session/365d56350ece7ddb67f22ecca89c6f97/screenshot - {}
RESULT: {}
RESULT: {}
COMMAND: GET /session/365d56350ece7ddb67f22ecca89c6f97/screenshot - {}
RESULT: {}
RESULT: {}
COMMAND: POST /session/365d56350ece7ddb67f22ecca89c6f97/element - {"using":"xpath","value":"//input[@id=\"application-managesites-display-component---NewSite--siteId-inner\"]"}
RESULT: {"using":"xpath","value":"//input[@id=\"application-managesites-display-component---NewSite--siteId-inner\"]"}
COMMAND: POST /session/365d56350ece7ddb67f22ecca89c6f97/element - {"using":"xpath","value":"//input[@id=\"application-managesites-display-component---NewSite--siteId-inner\"]"}
RESULT: {"using":"xpath","value":"//input[@id=\"application-managesites-display-component---NewSite--siteId-inner\"]"}
COMMAND: POST /session/365d56350ece7ddb67f22ecca89c6f97/execute/async - {"script":"<script> [1562 bytes]","args":[{"selector":{"id":"application-managesites-display-component---NewSite--addressDetailDetailsName1","interaction":{"idSuffix":"inner"}},"wdio_ui5_key":"applicationmanagesites-display-component---NewSite--addressDetailDetailsName1"}]}
RESULT: {"script":"<script> [1562 bytes]","args":[{"selector":{"id":"application-managesites-display-component---NewSite--addressDetailDetailsName1","interaction":{"idSuffix":"inner"}},"wdio_ui5_key":"applicationmanagesites-display-component---NewSite--addressDetailDetailsName1"}]}
RESULT: undefined
COMMAND: POST /session/365d56350ece7ddb67f22ecca89c6f97/execute/async - {"script":"<script> [776 bytes]","args":[{"enterText":"Intracompany Site wdIO","selector":{"id":"application-managesites-display-component---NewSite--addressDetailDetailsName1","interaction":{"idSuffix":"inner"}},"clearTextFirst":true,"interactionType":"ENTER_TEXT"}]}
RESULT: {"script":"<script> [776 bytes]","args":[{"enterText":"Intracompany Site wdIO","selector":{"id":"application-managesites-display-component---NewSite--addressDetailDetailsName1","interaction":{"idSuffix":"inner"}},"clearTextFirst":true,"interactionType":"ENTER_TEXT"}]}
COMMAND: POST /session/365d56350ece7ddb67f22ecca89c6f97/execute/async - {"script":"<script> [1562 bytes]","args":[{"selector":{"id":"application-managesites-display-component---NewSite--addressDetailDetailsLanguage-arrow"},"wdio_ui5_key":"applicationmanagesites-display-component---NewSite--addressDetailDetailsLanguage-arrow"}]}
RESULT: {"script":"<script> [1562 bytes]","args":[{"selector":{"id":"application-managesites-display-component---NewSite--addressDetailDetailsLanguage-arrow"},"wdio_ui5_key":"applicationmanagesites-display-component---NewSite--addressDetailDetailsLanguage-arrow"}]}
RESULT: undefined
COMMAND: POST /session/365d56350ece7ddb67f22ecca89c6f97/element - {"using":"xpath","value":"//*[@id=\"application-managesites-display-component---NewSite--addressDetailDetailsLanguage-arrow\"]"}
RESULT: {"using":"xpath","value":"//*[@id=\"application-managesites-display-component---NewSite--addressDetailDetailsLanguage-arrow\"]"}
COMMAND: POST /session/365d56350ece7ddb67f22ecca89c6f97/element/f.0CFB565138F0704D782EF1C57C56E9E5.d.661D24DC526AD1CB3FA5216688091BA1.e.2235/click - {}
RESULT: {}
COMMAND: POST /session/365d56350ece7ddb67f22ecca89c6f97/element - {"using":"xpath","value":"//span[contains(text(), \"English\")]"}
COMMAND: GET /session/365d56350ece7ddb67f22ecca89c6f97/screenshot - {}
RESULT: {"using":"xpath","value":"//span[contains(text(), \"English\")]"}
COMMAND: POST /session/365d56350ece7ddb67f22ecca89c6f97/element/f.0CFB565138F0704D782EF1C57C56E9E5.d.661D24DC526AD1CB3FA5216688091BA1.e.2236/click - {}
RESULT: {}
RESULT: {}
COMMAND: POST /session/365d56350ece7ddb67f22ecca89c6f97/execute/async - {"script":"<script> [1562 bytes]","args":[{"selector":{"id":"application-managesites-display-component---NewSite--addressDetailDetailsCity1","interaction":{"idSuffix":"inner"}},"wdio_ui5_key":"applicationmanagesites-display-component---NewSite--addressDetailDetailsCity1"}]}
COMMAND: GET /session/365d56350ece7ddb67f22ecca89c6f97/screenshot - {}
RESULT: {"script":"<script> [1562 bytes]","args":[{"selector":{"id":"application-managesites-display-component---NewSite--addressDetailDetailsCity1","interaction":{"idSuffix":"inner"}},"wdio_ui5_key":"applicationmanagesites-display-component---NewSite--addressDetailDetailsCity1"}]}
RESULT: undefined
COMMAND: POST /session/365d56350ece7ddb67f22ecca89c6f97/execute/async - {"script":"<script> [776 bytes]","args":[{"enterText":"Rosario","selector":{"id":"application-managesites-display-component---NewSite--addressDetailDetailsCity1","interaction":{"idSuffix":"inner"}},"clearTextFirst":true,"interactionType":"ENTER_TEXT"}]}
RESULT: {}
RESULT: {"script":"<script> [776 bytes]","args":[{"enterText":"Rosario","selector":{"id":"application-managesites-display-component---NewSite--addressDetailDetailsCity1","interaction":{"idSuffix":"inner"}},"clearTextFirst":true,"interactionType":"ENTER_TEXT"}]}
COMMAND: POST /session/365d56350ece7ddb67f22ecca89c6f97/execute/async - {"script":"<script> [1562 bytes]","args":[{"selector":{"id":"application-managesites-display-component---NewSite--addressDetailDetailsCountry-arrow"},"wdio_ui5_key":"applicationmanagesites-display-component---NewSite--addressDetailDetailsCountry-arrow"}]}
RESULT: {"script":"<script> [1562 bytes]","args":[{"selector":{"id":"application-managesites-display-component---NewSite--addressDetailDetailsCountry-arrow"},"wdio_ui5_key":"applicationmanagesites-display-component---NewSite--addressDetailDetailsCountry-arrow"}]}
RESULT: undefined
COMMAND: POST /session/365d56350ece7ddb67f22ecca89c6f97/element - {"using":"xpath","value":"//*[@id=\"application-managesites-display-component---NewSite--addressDetailDetailsCountry-arrow\"]"}
RESULT: {"using":"xpath","value":"//*[@id=\"application-managesites-display-component---NewSite--addressDetailDetailsCountry-arrow\"]"}
COMMAND: POST /session/365d56350ece7ddb67f22ecca89c6f97/element/f.0CFB565138F0704D782EF1C57C56E9E5.d.661D24DC526AD1CB3FA5216688091BA1.e.2238/click - {}
RESULT: {}
COMMAND: POST /session/365d56350ece7ddb67f22ecca89c6f97/element - {"using":"xpath","value":"//span[contains(text(), \"Argentina\")]"}
COMMAND: GET /session/365d56350ece7ddb67f22ecca89c6f97/screenshot - {}
RESULT: {"using":"xpath","value":"//span[contains(text(), \"Argentina\")]"}
COMMAND: POST /session/365d56350ece7ddb67f22ecca89c6f97/element/f.0CFB565138F0704D782EF1C57C56E9E5.d.661D24DC526AD1CB3FA5216688091BA1.e.2240/click - {}
RESULT: {}
RESULT: {}
COMMAND: GET /session/365d56350ece7ddb67f22ecca89c6f97/screenshot - {}
RESULT: {}
COMMAND: POST /session/365d56350ece7ddb67f22ecca89c6f97/execute/async - {"script":"<script> [1562 bytes]","args":[{"selector":{"id":"application-managesites-display-component---NewSite--addressEditDetailsCostObjectCstType-arrow"},"wdio_ui5_key":"applicationmanagesites-display-component---NewSite--addressEditDetailsCostObjectCstType-arrow"}]}
RESULT: {"script":"<script> [1562 bytes]","args":[{"selector":{"id":"application-managesites-display-component---NewSite--addressEditDetailsCostObjectCstType-arrow"},"wdio_ui5_key":"applicationmanagesites-display-component---NewSite--addressEditDetailsCostObjectCstType-arrow"}]}
RESULT: undefined
COMMAND: POST /session/365d56350ece7ddb67f22ecca89c6f97/element - {"using":"xpath","value":"//*[@id=\"application-managesites-display-component---NewSite--addressEditDetailsCostObjectCstType-arrow\"]"}
RESULT: {"using":"xpath","value":"//*[@id=\"application-managesites-display-component---NewSite--addressEditDetailsCostObjectCstType-arrow\"]"}
COMMAND: POST /session/365d56350ece7ddb67f22ecca89c6f97/element/f.0CFB565138F0704D782EF1C57C56E9E5.d.661D24DC526AD1CB3FA5216688091BA1.e.2241/click - {}
RESULT: {}
COMMAND: POST /session/365d56350ece7ddb67f22ecca89c6f97/element - {"using":"xpath","value":"//span[contains(text(), \"Cost Center\")]"}
COMMAND: GET /session/365d56350ece7ddb67f22ecca89c6f97/screenshot - {}
RESULT: {"using":"xpath","value":"//span[contains(text(), \"Cost Center\")]"}
COMMAND: POST /session/365d56350ece7ddb67f22ecca89c6f97/element/f.0CFB565138F0704D782EF1C57C56E9E5.d.661D24DC526AD1CB3FA5216688091BA1.e.2242/click - {}
RESULT: {}
RESULT: {}
COMMAND: GET /session/365d56350ece7ddb67f22ecca89c6f97/screenshot - {}
RESULT: {}
COMMAND: POST /session/365d56350ece7ddb67f22ecca89c6f97/element - {"using":"xpath","value":"//span[@id=\"application-managesites-display-component---NewSite--addressNewCostObjectCstID-vhi\"]"}
RESULT: {"using":"xpath","value":"//span[@id=\"application-managesites-display-component---NewSite--addressNewCostObjectCstID-vhi\"]"}
COMMAND: POST /session/365d56350ece7ddb67f22ecca89c6f97/execute/sync - {"script":"<script> [8489 bytes]","args":[{"element-6066-11e4-a52e-4f735466cecf":"f.0CFB565138F0704D782EF1C57C56E9E5.d.661D24DC526AD1CB3FA5216688091BA1.e.2246","ELEMENT":"f.0CFB565138F0704D782EF1C57C56E9E5.d.661D24DC526AD1CB3FA5216688091BA1.e.2246"}]}
RESULT: {"script":"<script> [8489 bytes]","args":[{"element-6066-11e4-a52e-4f735466cecf":"f.0CFB565138F0704D782EF1C57C56E9E5.d.661D24DC526AD1CB3FA5216688091BA1.e.2246","ELEMENT":"f.0CFB565138F0704D782EF1C57C56E9E5.d.661D24DC526AD1CB3FA5216688091BA1.e.2246"}]}
COMMAND: POST /session/365d56350ece7ddb67f22ecca89c6f97/execute/async - {"script":"<script> [1562 bytes]","args":[{"selector":{"id":"application-managesites-display-component---NewSite--addressNewCostObjectCstID-vhi"},"wdio_ui5_key":"applicationmanagesites-display-component---NewSite--addressNewCostObjectCstID-vhi"}]}
COMMAND: GET /session/365d56350ece7ddb67f22ecca89c6f97/screenshot - {}
RESULT: {"script":"<script> [1562 bytes]","args":[{"selector":{"id":"application-managesites-display-component---NewSite--addressNewCostObjectCstID-vhi"},"wdio_ui5_key":"applicationmanagesites-display-component---NewSite--addressNewCostObjectCstID-vhi"}]}
RESULT: undefined
COMMAND: POST /session/365d56350ece7ddb67f22ecca89c6f97/element - {"using":"xpath","value":"//*[@id=\"application-managesites-display-component---NewSite--addressNewCostObjectCstID-vhi\"]"}
RESULT: {}
RESULT: {"using":"xpath","value":"//*[@id=\"application-managesites-display-component---NewSite--addressNewCostObjectCstID-vhi\"]"}
COMMAND: POST /session/365d56350ece7ddb67f22ecca89c6f97/element/f.0CFB565138F0704D782EF1C57C56E9E5.d.661D24DC526AD1CB3FA5216688091BA1.e.2246/click - {}
RESULT: {}
COMMAND: GET /session/365d56350ece7ddb67f22ecca89c6f97/screenshot - {}
RESULT: {}
RESULT: undefined
COMMAND: POST /session/365d56350ece7ddb67f22ecca89c6f97/execute/async - {"script":"<script> [776 bytes]","args":[{"enterText":"10001013","selector":{"controlType":"sap.m.SearchField","properties":{"placeholder":"Search"},"searchOpenDialogs":true,"interaction":{"idSuffix":"I"}},"clearTextFirst":true,"interactionType":"ENTER_TEXT"}]}
RESULT: {"script":"<script> [776 bytes]","args":[{"enterText":"10001013","selector":{"controlType":"sap.m.SearchField","properties":{"placeholder":"Search"},"searchOpenDialogs":true,"interaction":{"idSuffix":"I"}},"clearTextFirst":true,"interactionType":"ENTER_TEXT"}]}
COMMAND: POST /session/365d56350ece7ddb67f22ecca89c6f97/actions - {"actions":[{"id":"action6","type":"key","parameters":{},"actions":[{"type":"keyDown","value":""},{"type":"pause","duration":10},{"type":"keyUp","value":""}]}]}
RESULT: {"actions":[{"id":"action6","type":"key","parameters":{},"actions":[{"type":"keyDown","value":""},{"type":"pause","duration":10},{"type":"keyUp","value":""}]}]}
COMMAND: GET /session/365d56350ece7ddb67f22ecca89c6f97/screenshot - {}
RESULT: {}
COMMAND: POST /session/365d56350ece7ddb67f22ecca89c6f97/element - {"using":"xpath","value":"//span[contains(text(), \"General Management\")]"}
RESULT: {"using":"xpath","value":"//span[contains(text(), \"General Management\")]"}
COMMAND: POST /session/365d56350ece7ddb67f22ecca89c6f97/element/f.0CFB565138F0704D782EF1C57C56E9E5.d.661D24DC526AD1CB3FA5216688091BA1.e.2285/click - {}
RESULT: {}
COMMAND: GET /session/365d56350ece7ddb67f22ecca89c6f97/screenshot - {}
RESULT: {}
COMMAND: POST /session/365d56350ece7ddb67f22ecca89c6f97/element - {"using":"xpath","value":"//bdi[contains(text(), \"OK\")]"}
RESULT: {"using":"xpath","value":"//bdi[contains(text(), \"OK\")]"}
COMMAND: POST /session/365d56350ece7ddb67f22ecca89c6f97/element/f.0CFB565138F0704D782EF1C57C56E9E5.d.661D24DC526AD1CB3FA5216688091BA1.e.2286/click - {}
RESULT: {}
COMMAND: GET /session/365d56350ece7ddb67f22ecca89c6f97/screenshot - {}
RESULT: {}
COMMAND: POST /session/365d56350ece7ddb67f22ecca89c6f97/element - {"using":"xpath","value":"//input[@id=\"application-managesites-display-component---NewSite--addressDetailDetailsCalendar-inner\"]"}
RESULT: {"using":"xpath","value":"//input[@id=\"application-managesites-display-component---NewSite--addressDetailDetailsCalendar-inner\"]"}
COMMAND: POST /session/365d56350ece7ddb67f22ecca89c6f97/element/f.0CFB565138F0704D782EF1C57C56E9E5.d.661D24DC526AD1CB3FA5216688091BA1.e.2032/clear - {}
RESULT: {}
COMMAND: POST /session/365d56350ece7ddb67f22ecca89c6f97/element/f.0CFB565138F0704D782EF1C57C56E9E5.d.661D24DC526AD1CB3FA5216688091BA1.e.2032/value - {"text":"Unit"}
COMMAND: GET /session/365d56350ece7ddb67f22ecca89c6f97/screenshot - {}
RESULT: {"text":"Unit"}
COMMAND: GET /session/365d56350ece7ddb67f22ecca89c6f97/screenshot - {}
RESULT: {}
RESULT: {}
COMMAND: POST /session/365d56350ece7ddb67f22ecca89c6f97/actions - {"actions":[{"id":"action7","type":"key","parameters":{},"actions":[{"type":"keyDown","value":""},{"type":"pause","duration":10},{"type":"keyUp","value":""}]}]}
RESULT: {"actions":[{"id":"action7","type":"key","parameters":{},"actions":[{"type":"keyDown","value":""},{"type":"pause","duration":10},{"type":"keyUp","value":""}]}]}
COMMAND: POST /session/365d56350ece7ddb67f22ecca89c6f97/element - {"using":"xpath","value":"//input[@id=\"application-managesites-display-component---NewSite--addressDetailDetailsYard-inner\"]"}
COMMAND: GET /session/365d56350ece7ddb67f22ecca89c6f97/screenshot - {}
RESULT: {"using":"xpath","value":"//input[@id=\"application-managesites-display-component---NewSite--addressDetailDetailsYard-inner\"]"}
COMMAND: POST /session/365d56350ece7ddb67f22ecca89c6f97/element/f.0CFB565138F0704D782EF1C57C56E9E5.d.661D24DC526AD1CB3FA5216688091BA1.e.2033/clear - {}
RESULT: {}
RESULT: {}
COMMAND: POST /session/365d56350ece7ddb67f22ecca89c6f97/element/f.0CFB565138F0704D782EF1C57C56E9E5.d.661D24DC526AD1CB3FA5216688091BA1.e.2033/value - {"text":"279"}
COMMAND: GET /session/365d56350ece7ddb67f22ecca89c6f97/screenshot - {}
RESULT: {"text":"279"}
COMMAND: GET /session/365d56350ece7ddb67f22ecca89c6f97/screenshot - {}
RESULT: {}
RESULT: {}
COMMAND: POST /session/365d56350ece7ddb67f22ecca89c6f97/element - {"using":"xpath","value":"//li[.//span[text()='279']]"}
RESULT: {"using":"xpath","value":"//li[.//span[text()='279']]"}
COMMAND: POST /session/365d56350ece7ddb67f22ecca89c6f97/element/f.0CFB565138F0704D782EF1C57C56E9E5.d.661D24DC526AD1CB3FA5216688091BA1.e.2294/click - {}
RESULT: {}
COMMAND: GET /session/365d56350ece7ddb67f22ecca89c6f97/screenshot - {}
RESULT: {}
COMMAND: POST /session/365d56350ece7ddb67f22ecca89c6f97/element - {"using":"xpath","value":"//input[@id=\"application-managesites-display-component---NewSite--addressDetailDetailsPartner-inner\"]"}
RESULT: {"using":"xpath","value":"//input[@id=\"application-managesites-display-component---NewSite--addressDetailDetailsPartner-inner\"]"}
COMMAND: POST /session/365d56350ece7ddb67f22ecca89c6f97/element - {"using":"xpath","value":"//input[@id=\"application-managesites-display-component---NewSite--addressDetailDetailsPartner-inner\"]"}
RESULT: {"using":"xpath","value":"//input[@id=\"application-managesites-display-component---NewSite--addressDetailDetailsPartner-inner\"]"}
COMMAND: POST /session/365d56350ece7ddb67f22ecca89c6f97/element - {"using":"xpath","value":"//button[@data-kt=\"saveButton\"]"}
RESULT: {"using":"xpath","value":"//button[@data-kt=\"saveButton\"]"}
COMMAND: POST /session/365d56350ece7ddb67f22ecca89c6f97/element/f.0CFB565138F0704D782EF1C57C56E9E5.d.661D24DC526AD1CB3FA5216688091BA1.e.2228/click - {}
RESULT: {}
COMMAND: GET /session/365d56350ece7ddb67f22ecca89c6f97/screenshot - {}
RESULT: {}
COMMAND: POST /session/365d56350ece7ddb67f22ecca89c6f97/element - {"using":"xpath","value":"//header[contains(@id, 'ObjectPageLayout-headerTitle')]/div[1]/div[2]/div[2]/span[1]"}
RESULT: {"using":"xpath","value":"//header[contains(@id, 'ObjectPageLayout-headerTitle')]/div[1]/div[2]/div[2]/span[1]"}
COMMAND: POST /session/365d56350ece7ddb67f22ecca89c6f97/elements - {"using":"xpath","value":"//header[contains(@id, 'ObjectPageLayout-headerTitle')]/div[1]/div[2]/div[2]/span[1]"}
RESULT: {"using":"xpath","value":"//header[contains(@id, 'ObjectPageLayout-headerTitle')]/div[1]/div[2]/div[2]/span[1]"}
COMMAND: POST /session/365d56350ece7ddb67f22ecca89c6f97/execute/sync - {"script":"<script> [56 bytes]","args":[{"element-6066-11e4-a52e-4f735466cecf":"f.0CFB565138F0704D782EF1C57C56E9E5.d.661D24DC526AD1CB3FA5216688091BA1.e.2501","ELEMENT":"f.0CFB565138F0704D782EF1C57C56E9E5.d.661D24DC526AD1CB3FA5216688091BA1.e.2501"}]}
RESULT: {"script":"<script> [56 bytes]","args":[{"element-6066-11e4-a52e-4f735466cecf":"f.0CFB565138F0704D782EF1C57C56E9E5.d.661D24DC526AD1CB3FA5216688091BA1.e.2501","ELEMENT":"f.0CFB565138F0704D782EF1C57C56E9E5.d.661D24DC526AD1CB3FA5216688091BA1.e.2501"}]}
COMMAND: POST /session/365d56350ece7ddb67f22ecca89c6f97/element - {"using":"css selector","value":"#shell-header-logo"}
COMMAND: GET /session/365d56350ece7ddb67f22ecca89c6f97/screenshot - {}
RESULT: {"using":"css selector","value":"#shell-header-logo"}
COMMAND: POST /session/365d56350ece7ddb67f22ecca89c6f97/element/f.0CFB565138F0704D782EF1C57C56E9E5.d.661D24DC526AD1CB3FA5216688091BA1.e.1789/click - {}
RESULT: {}
RESULT: {}
COMMAND: GET /session/365d56350ece7ddb67f22ecca89c6f97/screenshot - {}
RESULT: {}
COMMAND: POST /session/365d56350ece7ddb67f22ecca89c6f97/execute/sync - {"script":"<script> [299 bytes]","args":[["getModel","getResource"]]}
RESULT: {"script":"<script> [299 bytes]","args":[["getModel","getResource"]]}
COMMAND: GET /session/365d56350ece7ddb67f22ecca89c6f97/screenshot - {}
]]></system-out>
    </testcase>
    <testcase classname="chrome.136_0_7103_93.windows.Billing_confirm_US117289" name="Should create a new equipment" time="139.39">
      <system-out><![CDATA[
RESULT: {}
COMMAND: POST /session/365d56350ece7ddb67f22ecca89c6f97/execute/async - {"script":"<script> [1562 bytes]","args":[{"selector":{"controlType":"sap.m.GenericTile","properties":{"header":"Manage Resources"}},"wdio_ui5_key":"sapm.GenericTile{\"header\":\"Manage Resources\"}"}]}
RESULT: {"script":"<script> [1562 bytes]","args":[{"selector":{"controlType":"sap.m.GenericTile","properties":{"header":"Manage Resources"}},"wdio_ui5_key":"sapm.GenericTile{\"header\":\"Manage Resources\"}"}]}
RESULT: undefined
COMMAND: POST /session/365d56350ece7ddb67f22ecca89c6f97/element - {"using":"xpath","value":"//*[@id=\"__tile39\"]"}
RESULT: {"using":"xpath","value":"//*[@id=\"__tile39\"]"}
COMMAND: POST /session/365d56350ece7ddb67f22ecca89c6f97/element/f.0CFB565138F0704D782EF1C57C56E9E5.d.661D24DC526AD1CB3FA5216688091BA1.e.163/click - {}
RESULT: {}
COMMAND: GET /session/365d56350ece7ddb67f22ecca89c6f97/screenshot - {}
RESULT: {}
COMMAND: POST /session/365d56350ece7ddb67f22ecca89c6f97/elements - {"using":"xpath","value":"//span[text()='Error']"}
RESULT: {"using":"xpath","value":"//span[text()='Error']"}
COMMAND: POST /session/365d56350ece7ddb67f22ecca89c6f97/element - {"using":"xpath","value":"//button[@data-kt=\"addNewRUOverflowToolbarButton\"]"}
RESULT: {"using":"xpath","value":"//button[@data-kt=\"addNewRUOverflowToolbarButton\"]"}
COMMAND: POST /session/365d56350ece7ddb67f22ecca89c6f97/elements - {"using":"xpath","value":"//button[@data-kt=\"addNewRUOverflowToolbarButton\"]"}
RESULT: {"using":"xpath","value":"//button[@data-kt=\"addNewRUOverflowToolbarButton\"]"}
COMMAND: POST /session/365d56350ece7ddb67f22ecca89c6f97/element - {"using":"xpath","value":"//button[@data-kt=\"addNewRUOverflowToolbarButton\"]"}
RESULT: {"using":"xpath","value":"//button[@data-kt=\"addNewRUOverflowToolbarButton\"]"}
COMMAND: POST /session/365d56350ece7ddb67f22ecca89c6f97/execute/sync - {"script":"<script> [8489 bytes]","args":[{"element-6066-11e4-a52e-4f735466cecf":"f.0CFB565138F0704D782EF1C57C56E9E5.d.661D24DC526AD1CB3FA5216688091BA1.e.2535","ELEMENT":"f.0CFB565138F0704D782EF1C57C56E9E5.d.661D24DC526AD1CB3FA5216688091BA1.e.2535"}]}
RESULT: {"script":"<script> [8489 bytes]","args":[{"element-6066-11e4-a52e-4f735466cecf":"f.0CFB565138F0704D782EF1C57C56E9E5.d.661D24DC526AD1CB3FA5216688091BA1.e.2535","ELEMENT":"f.0CFB565138F0704D782EF1C57C56E9E5.d.661D24DC526AD1CB3FA5216688091BA1.e.2535"}]}
COMMAND: GET /session/365d56350ece7ddb67f22ecca89c6f97/element/f.0CFB565138F0704D782EF1C57C56E9E5.d.661D24DC526AD1CB3FA5216688091BA1.e.2535/enabled - {}
COMMAND: GET /session/365d56350ece7ddb67f22ecca89c6f97/screenshot - {}
RESULT: {}
RESULT: {}
COMMAND: POST /session/365d56350ece7ddb67f22ecca89c6f97/execute/sync - {"script":"<script> [8489 bytes]","args":[{"element-6066-11e4-a52e-4f735466cecf":"f.0CFB565138F0704D782EF1C57C56E9E5.d.661D24DC526AD1CB3FA5216688091BA1.e.2535","ELEMENT":"f.0CFB565138F0704D782EF1C57C56E9E5.d.661D24DC526AD1CB3FA5216688091BA1.e.2535"}]}
COMMAND: GET /session/365d56350ece7ddb67f22ecca89c6f97/screenshot - {}
RESULT: {"script":"<script> [8489 bytes]","args":[{"element-6066-11e4-a52e-4f735466cecf":"f.0CFB565138F0704D782EF1C57C56E9E5.d.661D24DC526AD1CB3FA5216688091BA1.e.2535","ELEMENT":"f.0CFB565138F0704D782EF1C57C56E9E5.d.661D24DC526AD1CB3FA5216688091BA1.e.2535"}]}
COMMAND: POST /session/365d56350ece7ddb67f22ecca89c6f97/execute/sync - {"script":"<script> [5351 bytes]","args":[{"element-6066-11e4-a52e-4f735466cecf":"f.0CFB565138F0704D782EF1C57C56E9E5.d.661D24DC526AD1CB3FA5216688091BA1.e.2535","ELEMENT":"f.0CFB565138F0704D782EF1C57C56E9E5.d.661D24DC526AD1CB3FA5216688091BA1.e.2535"}]}
COMMAND: GET /session/365d56350ece7ddb67f22ecca89c6f97/screenshot - {}
RESULT: {}
RESULT: {"script":"<script> [5351 bytes]","args":[{"element-6066-11e4-a52e-4f735466cecf":"f.0CFB565138F0704D782EF1C57C56E9E5.d.661D24DC526AD1CB3FA5216688091BA1.e.2535","ELEMENT":"f.0CFB565138F0704D782EF1C57C56E9E5.d.661D24DC526AD1CB3FA5216688091BA1.e.2535"}]}
COMMAND: POST /session/365d56350ece7ddb67f22ecca89c6f97/element/f.0CFB565138F0704D782EF1C57C56E9E5.d.661D24DC526AD1CB3FA5216688091BA1.e.2535/click - {}
COMMAND: GET /session/365d56350ece7ddb67f22ecca89c6f97/screenshot - {}
RESULT: {}
RESULT: {}
COMMAND: GET /session/365d56350ece7ddb67f22ecca89c6f97/screenshot - {}
RESULT: {}
RESULT: {}
COMMAND: POST /session/365d56350ece7ddb67f22ecca89c6f97/execute/async - {"script":"<script> [1562 bytes]","args":[{"selector":{"id":"application-manageresources-display-component---newResourceUnit--TYPE-arrow"},"wdio_ui5_key":"applicationmanageresources-display-component---newResourceUnit--TYPE-arrow"}]}
RESULT: {"script":"<script> [1562 bytes]","args":[{"selector":{"id":"application-manageresources-display-component---newResourceUnit--TYPE-arrow"},"wdio_ui5_key":"applicationmanageresources-display-component---newResourceUnit--TYPE-arrow"}]}
RESULT: undefined
COMMAND: POST /session/365d56350ece7ddb67f22ecca89c6f97/element - {"using":"xpath","value":"//*[@id=\"application-manageresources-display-component---newResourceUnit--TYPE-arrow\"]"}
RESULT: {"using":"xpath","value":"//*[@id=\"application-manageresources-display-component---newResourceUnit--TYPE-arrow\"]"}
COMMAND: POST /session/365d56350ece7ddb67f22ecca89c6f97/element/f.0CFB565138F0704D782EF1C57C56E9E5.d.661D24DC526AD1CB3FA5216688091BA1.e.2891/click - {}
RESULT: {}
COMMAND: POST /session/365d56350ece7ddb67f22ecca89c6f97/element - {"using":"xpath","value":"//input[@id=\"application-manageresources-display-component---newResourceUnit--TYPE-inner\"]"}
COMMAND: GET /session/365d56350ece7ddb67f22ecca89c6f97/screenshot - {}
RESULT: {"using":"xpath","value":"//input[@id=\"application-manageresources-display-component---newResourceUnit--TYPE-inner\"]"}
COMMAND: POST /session/365d56350ece7ddb67f22ecca89c6f97/element/f.0CFB565138F0704D782EF1C57C56E9E5.d.661D24DC526AD1CB3FA5216688091BA1.e.2887/clear - {}
RESULT: {}
RESULT: {}
COMMAND: POST /session/365d56350ece7ddb67f22ecca89c6f97/element/f.0CFB565138F0704D782EF1C57C56E9E5.d.661D24DC526AD1CB3FA5216688091BA1.e.2887/value - {"text":"Equipment"}
COMMAND: GET /session/365d56350ece7ddb67f22ecca89c6f97/screenshot - {}
RESULT: {"text":"Equipment"}
COMMAND: GET /session/365d56350ece7ddb67f22ecca89c6f97/screenshot - {}
RESULT: {}
RESULT: {}
COMMAND: POST /session/365d56350ece7ddb67f22ecca89c6f97/actions - {"actions":[{"id":"action8","type":"key","parameters":{},"actions":[{"type":"keyDown","value":""},{"type":"pause","duration":10},{"type":"keyUp","value":""}]}]}
RESULT: {"actions":[{"id":"action8","type":"key","parameters":{},"actions":[{"type":"keyDown","value":""},{"type":"pause","duration":10},{"type":"keyUp","value":""}]}]}
COMMAND: POST /session/365d56350ece7ddb67f22ecca89c6f97/execute/async - {"script":"<script> [1562 bytes]","args":[{"selector":{"id":"application-manageresources-display-component---newResourceUnit--resourceId","interaction":{"idSuffix":"inner"}},"wdio_ui5_key":"applicationmanageresources-display-component---newResourceUnit--resourceId"}]}
COMMAND: GET /session/365d56350ece7ddb67f22ecca89c6f97/screenshot - {}
RESULT: {"script":"<script> [1562 bytes]","args":[{"selector":{"id":"application-manageresources-display-component---newResourceUnit--resourceId","interaction":{"idSuffix":"inner"}},"wdio_ui5_key":"applicationmanageresources-display-component---newResourceUnit--resourceId"}]}
RESULT: undefined
COMMAND: POST /session/365d56350ece7ddb67f22ecca89c6f97/execute/async - {"script":"<script> [776 bytes]","args":[{"enterText":"fanyZaTHyX","selector":{"id":"application-manageresources-display-component---newResourceUnit--resourceId","interaction":{"idSuffix":"inner"}},"clearTextFirst":true,"interactionType":"ENTER_TEXT"}]}
RESULT: {}
RESULT: {"script":"<script> [776 bytes]","args":[{"enterText":"fanyZaTHyX","selector":{"id":"application-manageresources-display-component---newResourceUnit--resourceId","interaction":{"idSuffix":"inner"}},"clearTextFirst":true,"interactionType":"ENTER_TEXT"}]}
COMMAND: POST /session/365d56350ece7ddb67f22ecca89c6f97/execute/async - {"script":"<script> [1562 bytes]","args":[{"selector":{"id":"application-manageresources-display-component---newResourceUnit--SHORT_TEXT","interaction":{"idSuffix":"inner"}},"wdio_ui5_key":"applicationmanageresources-display-component---newResourceUnit--SHORT_TEXT"}]}
RESULT: {"script":"<script> [1562 bytes]","args":[{"selector":{"id":"application-manageresources-display-component---newResourceUnit--SHORT_TEXT","interaction":{"idSuffix":"inner"}},"wdio_ui5_key":"applicationmanageresources-display-component---newResourceUnit--SHORT_TEXT"}]}
RESULT: undefined
COMMAND: POST /session/365d56350ece7ddb67f22ecca89c6f97/execute/async - {"script":"<script> [776 bytes]","args":[{"enterText":"Intercompany Equipment WDIO","selector":{"id":"application-manageresources-display-component---newResourceUnit--SHORT_TEXT","interaction":{"idSuffix":"inner"}},"clearTextFirst":true,"interactionType":"ENTER_TEXT"}]}
RESULT: {"script":"<script> [776 bytes]","args":[{"enterText":"Intercompany Equipment WDIO","selector":{"id":"application-manageresources-display-component---newResourceUnit--SHORT_TEXT","interaction":{"idSuffix":"inner"}},"clearTextFirst":true,"interactionType":"ENTER_TEXT"}]}
COMMAND: POST /session/365d56350ece7ddb67f22ecca89c6f97/execute/async - {"script":"<script> [1562 bytes]","args":[{"selector":{"id":"application-manageresources-display-component---newResourceUnit--BASE_UNIT_OF_MEASURE","interaction":{"idSuffix":"inner"}},"wdio_ui5_key":"applicationmanageresources-display-component---newResourceUnit--BASE_UNIT_OF_MEASURE"}]}
RESULT: {"script":"<script> [1562 bytes]","args":[{"selector":{"id":"application-manageresources-display-component---newResourceUnit--BASE_UNIT_OF_MEASURE","interaction":{"idSuffix":"inner"}},"wdio_ui5_key":"applicationmanageresources-display-component---newResourceUnit--BASE_UNIT_OF_MEASURE"}]}
RESULT: undefined
COMMAND: POST /session/365d56350ece7ddb67f22ecca89c6f97/execute/async - {"script":"<script> [776 bytes]","args":[{"enterText":"Piece","selector":{"id":"application-manageresources-display-component---newResourceUnit--BASE_UNIT_OF_MEASURE","interaction":{"idSuffix":"inner"}},"clearTextFirst":true,"interactionType":"ENTER_TEXT"}]}
RESULT: {"script":"<script> [776 bytes]","args":[{"enterText":"Piece","selector":{"id":"application-manageresources-display-component---newResourceUnit--BASE_UNIT_OF_MEASURE","interaction":{"idSuffix":"inner"}},"clearTextFirst":true,"interactionType":"ENTER_TEXT"}]}
COMMAND: POST /session/365d56350ece7ddb67f22ecca89c6f97/execute/async - {"script":"<script> [1562 bytes]","args":[{"selector":{"id":"application-manageresources-display-component---newResourceUnit--WEIGHT_UNIT","interaction":{"idSuffix":"inner"}},"wdio_ui5_key":"applicationmanageresources-display-component---newResourceUnit--WEIGHT_UNIT"}]}
RESULT: {"script":"<script> [1562 bytes]","args":[{"selector":{"id":"application-manageresources-display-component---newResourceUnit--WEIGHT_UNIT","interaction":{"idSuffix":"inner"}},"wdio_ui5_key":"applicationmanageresources-display-component---newResourceUnit--WEIGHT_UNIT"}]}
RESULT: undefined
COMMAND: POST /session/365d56350ece7ddb67f22ecca89c6f97/execute/async - {"script":"<script> [776 bytes]","args":[{"enterText":"Gram","selector":{"id":"application-manageresources-display-component---newResourceUnit--WEIGHT_UNIT","interaction":{"idSuffix":"inner"}},"clearTextFirst":true,"interactionType":"ENTER_TEXT"}]}
RESULT: {"script":"<script> [776 bytes]","args":[{"enterText":"Gram","selector":{"id":"application-manageresources-display-component---newResourceUnit--WEIGHT_UNIT","interaction":{"idSuffix":"inner"}},"clearTextFirst":true,"interactionType":"ENTER_TEXT"}]}
COMMAND: POST /session/365d56350ece7ddb67f22ecca89c6f97/execute/async - {"script":"<script> [1562 bytes]","args":[{"selector":{"id":"application-manageresources-display-component---newResourceUnit--DIMENSION_UNIT","interaction":{"idSuffix":"inner"}},"wdio_ui5_key":"applicationmanageresources-display-component---newResourceUnit--DIMENSION_UNIT"}]}
RESULT: {"script":"<script> [1562 bytes]","args":[{"selector":{"id":"application-manageresources-display-component---newResourceUnit--DIMENSION_UNIT","interaction":{"idSuffix":"inner"}},"wdio_ui5_key":"applicationmanageresources-display-component---newResourceUnit--DIMENSION_UNIT"}]}
RESULT: undefined
COMMAND: POST /session/365d56350ece7ddb67f22ecca89c6f97/execute/async - {"script":"<script> [776 bytes]","args":[{"enterText":"Meter","selector":{"id":"application-manageresources-display-component---newResourceUnit--DIMENSION_UNIT","interaction":{"idSuffix":"inner"}},"clearTextFirst":true,"interactionType":"ENTER_TEXT"}]}
RESULT: {"script":"<script> [776 bytes]","args":[{"enterText":"Meter","selector":{"id":"application-manageresources-display-component---newResourceUnit--DIMENSION_UNIT","interaction":{"idSuffix":"inner"}},"clearTextFirst":true,"interactionType":"ENTER_TEXT"}]}
COMMAND: POST /session/365d56350ece7ddb67f22ecca89c6f97/execute/async - {"script":"<script> [1562 bytes]","args":[{"selector":{"id":"application-manageresources-display-component---newResourceUnit--newRRUPage-anchBar-application-manageresources-display-component---newResourceUnit--control-anchor","interaction":{"idSuffix":"BDI-content"}},"wdio_ui5_key":"applicationmanageresources-display-component---newResourceUnit--newRRUPage-anchBar-application-manageresources-display-component---newResourceUnit--control-anchor"}]}
RESULT: {"script":"<script> [1562 bytes]","args":[{"selector":{"id":"application-manageresources-display-component---newResourceUnit--newRRUPage-anchBar-application-manageresources-display-component---newResourceUnit--control-anchor","interaction":{"idSuffix":"BDI-content"}},"wdio_ui5_key":"applicationmanageresources-display-component---newResourceUnit--newRRUPage-anchBar-application-manageresources-display-component---newResourceUnit--control-anchor"}]}
RESULT: undefined
COMMAND: POST /session/365d56350ece7ddb67f22ecca89c6f97/element - {"using":"xpath","value":"//*[@id=\"application-manageresources-display-component---newResourceUnit--newRRUPage-anchBar-application-manageresources-display-component---newResourceUnit--control-anchor\"]"}
RESULT: {"using":"xpath","value":"//*[@id=\"application-manageresources-display-component---newResourceUnit--newRRUPage-anchBar-application-manageresources-display-component---newResourceUnit--control-anchor\"]"}
COMMAND: POST /session/365d56350ece7ddb67f22ecca89c6f97/element/f.0CFB565138F0704D782EF1C57C56E9E5.d.661D24DC526AD1CB3FA5216688091BA1.e.3048/click - {}
RESULT: {}
COMMAND: POST /session/365d56350ece7ddb67f22ecca89c6f97/execute/async - {"script":"<script> [1562 bytes]","args":[{"selector":{"id":"application-manageresources-display-component---newResourceUnit--PLANNING_GROUP","interaction":{"idSuffix":"inner"}},"wdio_ui5_key":"applicationmanageresources-display-component---newResourceUnit--PLANNING_GROUP"}]}
COMMAND: GET /session/365d56350ece7ddb67f22ecca89c6f97/screenshot - {}
RESULT: {"script":"<script> [1562 bytes]","args":[{"selector":{"id":"application-manageresources-display-component---newResourceUnit--PLANNING_GROUP","interaction":{"idSuffix":"inner"}},"wdio_ui5_key":"applicationmanageresources-display-component---newResourceUnit--PLANNING_GROUP"}]}
RESULT: undefined
COMMAND: POST /session/365d56350ece7ddb67f22ecca89c6f97/execute/async - {"script":"<script> [776 bytes]","args":[{"enterText":"Heavy Equi","selector":{"id":"application-manageresources-display-component---newResourceUnit--PLANNING_GROUP","interaction":{"idSuffix":"inner"}},"clearTextFirst":true,"interactionType":"ENTER_TEXT"}]}
RESULT: {}
RESULT: {"script":"<script> [776 bytes]","args":[{"enterText":"Heavy Equi","selector":{"id":"application-manageresources-display-component---newResourceUnit--PLANNING_GROUP","interaction":{"idSuffix":"inner"}},"clearTextFirst":true,"interactionType":"ENTER_TEXT"}]}
COMMAND: POST /session/365d56350ece7ddb67f22ecca89c6f97/execute/async - {"script":"<script> [1562 bytes]","args":[{"selector":{"id":"application-manageresources-display-component---newResourceUnit--ITEM_TYPE-arrow"},"wdio_ui5_key":"applicationmanageresources-display-component---newResourceUnit--ITEM_TYPE-arrow"}]}
RESULT: {"script":"<script> [1562 bytes]","args":[{"selector":{"id":"application-manageresources-display-component---newResourceUnit--ITEM_TYPE-arrow"},"wdio_ui5_key":"applicationmanageresources-display-component---newResourceUnit--ITEM_TYPE-arrow"}]}
RESULT: undefined
COMMAND: POST /session/365d56350ece7ddb67f22ecca89c6f97/element - {"using":"xpath","value":"//*[@id=\"application-manageresources-display-component---newResourceUnit--ITEM_TYPE-arrow\"]"}
RESULT: {"using":"xpath","value":"//*[@id=\"application-manageresources-display-component---newResourceUnit--ITEM_TYPE-arrow\"]"}
COMMAND: POST /session/365d56350ece7ddb67f22ecca89c6f97/element/f.0CFB565138F0704D782EF1C57C56E9E5.d.661D24DC526AD1CB3FA5216688091BA1.e.3055/click - {}
RESULT: {}
COMMAND: POST /session/365d56350ece7ddb67f22ecca89c6f97/element - {"using":"xpath","value":"(//span[contains(text(), \"Resource Unit\")])[2]"}
COMMAND: GET /session/365d56350ece7ddb67f22ecca89c6f97/screenshot - {}
RESULT: {"using":"xpath","value":"(//span[contains(text(), \"Resource Unit\")])[2]"}
COMMAND: POST /session/365d56350ece7ddb67f22ecca89c6f97/element/f.0CFB565138F0704D782EF1C57C56E9E5.d.661D24DC526AD1CB3FA5216688091BA1.e.3056/click - {}
RESULT: {}
RESULT: {}
COMMAND: GET /session/365d56350ece7ddb67f22ecca89c6f97/screenshot - {}
RESULT: {}
COMMAND: POST /session/365d56350ece7ddb67f22ecca89c6f97/element - {"using":"css selector","value":"#application-manageresources-display-component---newResourceUnit--btnAddTimeSegment"}
RESULT: {"using":"css selector","value":"#application-manageresources-display-component---newResourceUnit--btnAddTimeSegment"}
COMMAND: GET /session/365d56350ece7ddb67f22ecca89c6f97/element/f.0CFB565138F0704D782EF1C57C56E9E5.d.661D24DC526AD1CB3FA5216688091BA1.e.3063/rect - {}
RESULT: {}
COMMAND: GET /session/365d56350ece7ddb67f22ecca89c6f97/window/rect - {}
RESULT: {}
COMMAND: POST /session/365d56350ece7ddb67f22ecca89c6f97/execute/sync - {"script":"<script> [92 bytes]","args":[]}
RESULT: {"script":"<script> [92 bytes]","args":[]}
COMMAND: POST /session/365d56350ece7ddb67f22ecca89c6f97/actions - {"actions":[{"id":"action9","type":"wheel","parameters":{},"actions":[{"type":"scroll","x":-1888,"y":-32,"deltaX":0,"deltaY":0,"duration":0,"origin":{"element-6066-11e4-a52e-4f735466cecf":"f.0CFB565138F0704D782EF1C57C56E9E5.d.661D24DC526AD1CB3FA5216688091BA1.e.3063"}}]}]}
COMMAND: GET /session/365d56350ece7ddb67f22ecca89c6f97/screenshot - {}
RESULT: {}
COMMAND: POST /session/365d56350ece7ddb67f22ecca89c6f97/execute/sync - {"script":"<script> [79 bytes]","args":[{"element-6066-11e4-a52e-4f735466cecf":"f.0CFB565138F0704D782EF1C57C56E9E5.d.661D24DC526AD1CB3FA5216688091BA1.e.3063","ELEMENT":"f.0CFB565138F0704D782EF1C57C56E9E5.d.661D24DC526AD1CB3FA5216688091BA1.e.3063"},{"block":"start","inline":"nearest"}]}
RESULT: {"script":"<script> [79 bytes]","args":[{"element-6066-11e4-a52e-4f735466cecf":"f.0CFB565138F0704D782EF1C57C56E9E5.d.661D24DC526AD1CB3FA5216688091BA1.e.3063","ELEMENT":"f.0CFB565138F0704D782EF1C57C56E9E5.d.661D24DC526AD1CB3FA5216688091BA1.e.3063"},{"block":"start","inline":"nearest"}]}
COMMAND: POST /session/365d56350ece7ddb67f22ecca89c6f97/execute/async - {"script":"<script> [1562 bytes]","args":[{"selector":{"id":"application-manageresources-display-component---newResourceUnit--btnAddTimeSegment","interaction":{"idSuffix":"inner"}},"wdio_ui5_key":"applicationmanageresources-display-component---newResourceUnit--btnAddTimeSegment"}]}
COMMAND: GET /session/365d56350ece7ddb67f22ecca89c6f97/screenshot - {}
RESULT: {"script":"<script> [1562 bytes]","args":[{"selector":{"id":"application-manageresources-display-component---newResourceUnit--btnAddTimeSegment","interaction":{"idSuffix":"inner"}},"wdio_ui5_key":"applicationmanageresources-display-component---newResourceUnit--btnAddTimeSegment"}]}
RESULT: undefined
COMMAND: POST /session/365d56350ece7ddb67f22ecca89c6f97/element - {"using":"xpath","value":"//*[@id=\"application-manageresources-display-component---newResourceUnit--btnAddTimeSegment\"]"}
RESULT: {}
RESULT: {"using":"xpath","value":"//*[@id=\"application-manageresources-display-component---newResourceUnit--btnAddTimeSegment\"]"}
COMMAND: POST /session/365d56350ece7ddb67f22ecca89c6f97/element/f.0CFB565138F0704D782EF1C57C56E9E5.d.661D24DC526AD1CB3FA5216688091BA1.e.3063/click - {}
RESULT: {}
COMMAND: GET /session/365d56350ece7ddb67f22ecca89c6f97/screenshot - {}
RESULT: {}
COMMAND: POST /session/365d56350ece7ddb67f22ecca89c6f97/element - {"using":"xpath","value":"//input[@id=\"application-manageresources-display-component---newResourceUnit--idRuTSAdmin-application-manageresources-display-component---newResourceUnit--RUTimeSegment-0-inner\"]"}
RESULT: {"using":"xpath","value":"//input[@id=\"application-manageresources-display-component---newResourceUnit--idRuTSAdmin-application-manageresources-display-component---newResourceUnit--RUTimeSegment-0-inner\"]"}
COMMAND: POST /session/365d56350ece7ddb67f22ecca89c6f97/element/f.0CFB565138F0704D782EF1C57C56E9E5.d.661D24DC526AD1CB3FA5216688091BA1.e.3069/clear - {}
RESULT: {}
COMMAND: POST /session/365d56350ece7ddb67f22ecca89c6f97/element/f.0CFB565138F0704D782EF1C57C56E9E5.d.661D24DC526AD1CB3FA5216688091BA1.e.3069/value - {"text":"279"}
COMMAND: GET /session/365d56350ece7ddb67f22ecca89c6f97/screenshot - {}
RESULT: {"text":"279"}
COMMAND: GET /session/365d56350ece7ddb67f22ecca89c6f97/screenshot - {}
RESULT: {}
RESULT: {}
COMMAND: POST /session/365d56350ece7ddb67f22ecca89c6f97/element - {"using":"xpath","value":"//li[.//span[text()='279']]"}
RESULT: {"using":"xpath","value":"//li[.//span[text()='279']]"}
COMMAND: POST /session/365d56350ece7ddb67f22ecca89c6f97/element/f.0CFB565138F0704D782EF1C57C56E9E5.d.661D24DC526AD1CB3FA5216688091BA1.e.3081/click - {}
RESULT: {}
COMMAND: GET /session/365d56350ece7ddb67f22ecca89c6f97/screenshot - {}
RESULT: {}
COMMAND: POST /session/365d56350ece7ddb67f22ecca89c6f97/element - {"using":"xpath","value":"(//span[contains(@id, \"-application-manageresources-display-component---newResourceUnit--RUTimeSegment-0-arrow\")])[6]"}
RESULT: {"using":"xpath","value":"(//span[contains(@id, \"-application-manageresources-display-component---newResourceUnit--RUTimeSegment-0-arrow\")])[6]"}
COMMAND: POST /session/365d56350ece7ddb67f22ecca89c6f97/element/f.0CFB565138F0704D782EF1C57C56E9E5.d.661D24DC526AD1CB3FA5216688091BA1.e.3082/click - {}
RESULT: {}
COMMAND: GET /session/365d56350ece7ddb67f22ecca89c6f97/screenshot - {}
RESULT: {}
COMMAND: POST /session/365d56350ece7ddb67f22ecca89c6f97/element - {"using":"xpath","value":"//span[contains(text(), \"PM Order\")]"}
RESULT: {"using":"xpath","value":"//span[contains(text(), \"PM Order\")]"}
COMMAND: POST /session/365d56350ece7ddb67f22ecca89c6f97/element/f.0CFB565138F0704D782EF1C57C56E9E5.d.661D24DC526AD1CB3FA5216688091BA1.e.3085/click - {}
RESULT: {}
COMMAND: GET /session/365d56350ece7ddb67f22ecca89c6f97/screenshot - {}
RESULT: {}
COMMAND: POST /session/365d56350ece7ddb67f22ecca89c6f97/element - {"using":"xpath","value":"(//span[contains(@id ,\"manageresources-display-component---newResourceUnit--RUTimeSegment-0-vhi\")])[1]"}
RESULT: {"using":"xpath","value":"(//span[contains(@id ,\"manageresources-display-component---newResourceUnit--RUTimeSegment-0-vhi\")])[1]"}
COMMAND: GET /session/365d56350ece7ddb67f22ecca89c6f97/element/f.0CFB565138F0704D782EF1C57C56E9E5.d.661D24DC526AD1CB3FA5216688091BA1.e.3089/rect - {}
RESULT: {}
COMMAND: GET /session/365d56350ece7ddb67f22ecca89c6f97/window/rect - {}
RESULT: {}
COMMAND: POST /session/365d56350ece7ddb67f22ecca89c6f97/execute/sync - {"script":"<script> [92 bytes]","args":[]}
RESULT: {"script":"<script> [92 bytes]","args":[]}
COMMAND: POST /session/365d56350ece7ddb67f22ecca89c6f97/actions - {"actions":[{"id":"action10","type":"wheel","parameters":{},"actions":[{"type":"scroll","x":-869,"y":-24,"deltaX":0,"deltaY":0,"duration":0,"origin":{"element-6066-11e4-a52e-4f735466cecf":"f.0CFB565138F0704D782EF1C57C56E9E5.d.661D24DC526AD1CB3FA5216688091BA1.e.3089"}}]}]}
COMMAND: GET /session/365d56350ece7ddb67f22ecca89c6f97/screenshot - {}
RESULT: {"actions":[{"id":"action10","type":"wheel","parameters":{},"actions":[{"type":"scroll","x":-869,"y":-24,"deltaX":0,"deltaY":0,"duration":0,"origin":{"element-6066-11e4-a52e-4f735466cecf":"f.0CFB565138F0704D782EF1C57C56E9E5.d.661D24DC526AD1CB3FA5216688091BA1.e.3089"}}]}]}
COMMAND: DELETE /session/365d56350ece7ddb67f22ecca89c6f97/actions - {}
COMMAND: GET /session/365d56350ece7ddb67f22ecca89c6f97/screenshot - {}
RESULT: {}
RESULT: {}
COMMAND: GET /session/365d56350ece7ddb67f22ecca89c6f97/screenshot - {}
RESULT: {}
RESULT: {}
COMMAND: POST /session/365d56350ece7ddb67f22ecca89c6f97/element/f.0CFB565138F0704D782EF1C57C56E9E5.d.661D24DC526AD1CB3FA5216688091BA1.e.3089/click - {}
RESULT: {}
COMMAND: GET /session/365d56350ece7ddb67f22ecca89c6f97/screenshot - {}
RESULT: {}
RESULT: undefined
COMMAND: POST /session/365d56350ece7ddb67f22ecca89c6f97/execute/async - {"script":"<script> [776 bytes]","args":[{"enterText":"4000360","selector":{"controlType":"sap.m.SearchField","properties":{"placeholder":"Search"},"searchOpenDialogs":true,"interaction":{"idSuffix":"I"}},"clearTextFirst":true,"interactionType":"ENTER_TEXT"}]}
RESULT: {"script":"<script> [776 bytes]","args":[{"enterText":"4000360","selector":{"controlType":"sap.m.SearchField","properties":{"placeholder":"Search"},"searchOpenDialogs":true,"interaction":{"idSuffix":"I"}},"clearTextFirst":true,"interactionType":"ENTER_TEXT"}]}
COMMAND: POST /session/365d56350ece7ddb67f22ecca89c6f97/actions - {"actions":[{"id":"action11","type":"key","parameters":{},"actions":[{"type":"keyDown","value":""},{"type":"pause","duration":10},{"type":"keyUp","value":""}]}]}
RESULT: {"actions":[{"id":"action11","type":"key","parameters":{},"actions":[{"type":"keyDown","value":""},{"type":"pause","duration":10},{"type":"keyUp","value":""}]}]}
COMMAND: GET /session/365d56350ece7ddb67f22ecca89c6f97/screenshot - {}
RESULT: {}
COMMAND: POST /session/365d56350ece7ddb67f22ecca89c6f97/element - {"using":"xpath","value":"//td/div/span[contains(text(), \"BGL Vehicles\")]"}
RESULT: {"using":"xpath","value":"//td/div/span[contains(text(), \"BGL Vehicles\")]"}
COMMAND: POST /session/365d56350ece7ddb67f22ecca89c6f97/element/f.0CFB565138F0704D782EF1C57C56E9E5.d.661D24DC526AD1CB3FA5216688091BA1.e.3110/click - {}
RESULT: {}
COMMAND: GET /session/365d56350ece7ddb67f22ecca89c6f97/screenshot - {}
RESULT: {}
COMMAND: POST /session/365d56350ece7ddb67f22ecca89c6f97/element - {"using":"xpath","value":"//bdi[contains(text(), \"OK\")]"}
RESULT: {"using":"xpath","value":"//bdi[contains(text(), \"OK\")]"}
COMMAND: POST /session/365d56350ece7ddb67f22ecca89c6f97/element/f.0CFB565138F0704D782EF1C57C56E9E5.d.661D24DC526AD1CB3FA5216688091BA1.e.3111/click - {}
RESULT: {}
COMMAND: GET /session/365d56350ece7ddb67f22ecca89c6f97/screenshot - {}
RESULT: {}
COMMAND: POST /session/365d56350ece7ddb67f22ecca89c6f97/execute/async - {"script":"<script> [1562 bytes]","args":[{"selector":{"id":"application-manageresources-display-component---newResourceUnit--newRRUPage-anchBar-application-manageresources-display-component---newResourceUnit--resource-anchor","interaction":{"idSuffix":"BDI-content"}},"wdio_ui5_key":"applicationmanageresources-display-component---newResourceUnit--newRRUPage-anchBar-application-manageresources-display-component---newResourceUnit--resource-anchor"}]}
RESULT: {"script":"<script> [1562 bytes]","args":[{"selector":{"id":"application-manageresources-display-component---newResourceUnit--newRRUPage-anchBar-application-manageresources-display-component---newResourceUnit--resource-anchor","interaction":{"idSuffix":"BDI-content"}},"wdio_ui5_key":"applicationmanageresources-display-component---newResourceUnit--newRRUPage-anchBar-application-manageresources-display-component---newResourceUnit--resource-anchor"}]}
RESULT: undefined
COMMAND: POST /session/365d56350ece7ddb67f22ecca89c6f97/element - {"using":"xpath","value":"//*[@id=\"application-manageresources-display-component---newResourceUnit--newRRUPage-anchBar-application-manageresources-display-component---newResourceUnit--resource-anchor\"]"}
RESULT: {"using":"xpath","value":"//*[@id=\"application-manageresources-display-component---newResourceUnit--newRRUPage-anchBar-application-manageresources-display-component---newResourceUnit--resource-anchor\"]"}
COMMAND: POST /session/365d56350ece7ddb67f22ecca89c6f97/element/f.0CFB565138F0704D782EF1C57C56E9E5.d.661D24DC526AD1CB3FA5216688091BA1.e.3115/click - {}
RESULT: {}
COMMAND: POST /session/365d56350ece7ddb67f22ecca89c6f97/execute/async - {"script":"<script> [1562 bytes]","args":[{"selector":{"id":"application-manageresources-display-component---newResourceUnit--PLANNED_DELIVERY_DATE","interaction":{"idSuffix":"inner"}},"wdio_ui5_key":"applicationmanageresources-display-component---newResourceUnit--PLANNED_DELIVERY_DATE"}]}
COMMAND: GET /session/365d56350ece7ddb67f22ecca89c6f97/screenshot - {}
RESULT: {"script":"<script> [1562 bytes]","args":[{"selector":{"id":"application-manageresources-display-component---newResourceUnit--PLANNED_DELIVERY_DATE","interaction":{"idSuffix":"inner"}},"wdio_ui5_key":"applicationmanageresources-display-component---newResourceUnit--PLANNED_DELIVERY_DATE"}]}
RESULT: undefined
COMMAND: POST /session/365d56350ece7ddb67f22ecca89c6f97/execute/async - {"script":"<script> [6424 bytes]","args":[{"element-6066-11e4-a52e-4f735466cecf":"f.0CFB565138F0704D782EF1C57C56E9E5.d.661D24DC526AD1CB3FA5216688091BA1.e.2947"},"setValue",["5/25/25"]]}
RESULT: {}
RESULT: {"script":"<script> [6424 bytes]","args":[{"element-6066-11e4-a52e-4f735466cecf":"f.0CFB565138F0704D782EF1C57C56E9E5.d.661D24DC526AD1CB3FA5216688091BA1.e.2947"},"setValue",["5/25/25"]]}
COMMAND: POST /session/365d56350ece7ddb67f22ecca89c6f97/element - {"using":"xpath","value":"//label[contains(@class, 'sapMLabelRequired') and .//bdi[contains(text(), 'Planned Retirement')]]"}
RESULT: {"using":"xpath","value":"//label[contains(@class, 'sapMLabelRequired') and .//bdi[contains(text(), 'Planned Retirement')]]"}
COMMAND: POST /session/365d56350ece7ddb67f22ecca89c6f97/elements - {"using":"xpath","value":"//label[contains(@class, 'sapMLabelRequired') and .//bdi[contains(text(), 'Planned Retirement')]]"}
RESULT: {"using":"xpath","value":"//label[contains(@class, 'sapMLabelRequired') and .//bdi[contains(text(), 'Planned Retirement')]]"}
COMMAND: POST /session/365d56350ece7ddb67f22ecca89c6f97/element - {"using":"xpath","value":"//button[@data-kt=\"resourceUnitSaveButton\"]"}
RESULT: {"using":"xpath","value":"//button[@data-kt=\"resourceUnitSaveButton\"]"}
COMMAND: POST /session/365d56350ece7ddb67f22ecca89c6f97/element/f.0CFB565138F0704D782EF1C57C56E9E5.d.661D24DC526AD1CB3FA5216688091BA1.e.2907/click - {}
RESULT: {}
COMMAND: GET /session/365d56350ece7ddb67f22ecca89c6f97/screenshot - {}
RESULT: {}
COMMAND: POST /session/365d56350ece7ddb67f22ecca89c6f97/element - {"using":"xpath","value":"//bdi[contains(text(), \"Close\")]"}
RESULT: {"using":"xpath","value":"//bdi[contains(text(), \"Close\")]"}
COMMAND: POST /session/365d56350ece7ddb67f22ecca89c6f97/element/f.0CFB565138F0704D782EF1C57C56E9E5.d.661D24DC526AD1CB3FA5216688091BA1.e.3125/click - {}
RESULT: {}
COMMAND: GET /session/365d56350ece7ddb67f22ecca89c6f97/screenshot - {}
RESULT: {}
COMMAND: POST /session/365d56350ece7ddb67f22ecca89c6f97/element - {"using":"xpath","value":"(//button[contains(@id ,\"actionsToolbar-overflowButton\")])[1]"}
RESULT: {"using":"xpath","value":"(//button[contains(@id ,\"actionsToolbar-overflowButton\")])[1]"}
COMMAND: POST /session/365d56350ece7ddb67f22ecca89c6f97/element/f.0CFB565138F0704D782EF1C57C56E9E5.d.661D24DC526AD1CB3FA5216688091BA1.e.3183/click - {}
RESULT: {}
COMMAND: GET /session/365d56350ece7ddb67f22ecca89c6f97/screenshot - {}
RESULT: {}
COMMAND: POST /session/365d56350ece7ddb67f22ecca89c6f97/element - {"using":"xpath","value":"//button[@data-kt=\"priceInfoButton\"]"}
RESULT: {"using":"xpath","value":"//button[@data-kt=\"priceInfoButton\"]"}
COMMAND: POST /session/365d56350ece7ddb67f22ecca89c6f97/element/f.0CFB565138F0704D782EF1C57C56E9E5.d.661D24DC526AD1CB3FA5216688091BA1.e.3185/click - {}
RESULT: {}
COMMAND: GET /session/365d56350ece7ddb67f22ecca89c6f97/screenshot - {}
RESULT: {}
]]></system-out>
    </testcase>
    <testcase classname="chrome.136_0_7103_93.windows.Billing_confirm_US117289" name="Should create new pricing rule" time="62.012">
      <system-out><![CDATA[
COMMAND: POST /session/365d56350ece7ddb67f22ecca89c6f97/element - {"using":"xpath","value":"//button[@data-kt=\"addButton\"]"}
RESULT: {"using":"xpath","value":"//button[@data-kt=\"addButton\"]"}
COMMAND: POST /session/365d56350ece7ddb67f22ecca89c6f97/elements - {"using":"xpath","value":"//button[@data-kt=\"addButton\"]"}
RESULT: {"using":"xpath","value":"//button[@data-kt=\"addButton\"]"}
COMMAND: POST /session/365d56350ece7ddb67f22ecca89c6f97/element - {"using":"xpath","value":"//button[@data-kt=\"addButton\"]"}
RESULT: {"using":"xpath","value":"//button[@data-kt=\"addButton\"]"}
COMMAND: POST /session/365d56350ece7ddb67f22ecca89c6f97/execute/sync - {"script":"<script> [8489 bytes]","args":[{"element-6066-11e4-a52e-4f735466cecf":"f.0CFB565138F0704D782EF1C57C56E9E5.d.661D24DC526AD1CB3FA5216688091BA1.e.3223","ELEMENT":"f.0CFB565138F0704D782EF1C57C56E9E5.d.661D24DC526AD1CB3FA5216688091BA1.e.3223"}]}
RESULT: {"script":"<script> [8489 bytes]","args":[{"element-6066-11e4-a52e-4f735466cecf":"f.0CFB565138F0704D782EF1C57C56E9E5.d.661D24DC526AD1CB3FA5216688091BA1.e.3223","ELEMENT":"f.0CFB565138F0704D782EF1C57C56E9E5.d.661D24DC526AD1CB3FA5216688091BA1.e.3223"}]}
COMMAND: GET /session/365d56350ece7ddb67f22ecca89c6f97/element/f.0CFB565138F0704D782EF1C57C56E9E5.d.661D24DC526AD1CB3FA5216688091BA1.e.3223/enabled - {}
COMMAND: GET /session/365d56350ece7ddb67f22ecca89c6f97/screenshot - {}
RESULT: {}
COMMAND: POST /session/365d56350ece7ddb67f22ecca89c6f97/execute/sync - {"script":"<script> [8489 bytes]","args":[{"element-6066-11e4-a52e-4f735466cecf":"f.0CFB565138F0704D782EF1C57C56E9E5.d.661D24DC526AD1CB3FA5216688091BA1.e.3223","ELEMENT":"f.0CFB565138F0704D782EF1C57C56E9E5.d.661D24DC526AD1CB3FA5216688091BA1.e.3223"}]}
COMMAND: GET /session/365d56350ece7ddb67f22ecca89c6f97/screenshot - {}
RESULT: {}
RESULT: {"script":"<script> [8489 bytes]","args":[{"element-6066-11e4-a52e-4f735466cecf":"f.0CFB565138F0704D782EF1C57C56E9E5.d.661D24DC526AD1CB3FA5216688091BA1.e.3223","ELEMENT":"f.0CFB565138F0704D782EF1C57C56E9E5.d.661D24DC526AD1CB3FA5216688091BA1.e.3223"}]}
COMMAND: POST /session/365d56350ece7ddb67f22ecca89c6f97/execute/sync - {"script":"<script> [5351 bytes]","args":[{"element-6066-11e4-a52e-4f735466cecf":"f.0CFB565138F0704D782EF1C57C56E9E5.d.661D24DC526AD1CB3FA5216688091BA1.e.3223","ELEMENT":"f.0CFB565138F0704D782EF1C57C56E9E5.d.661D24DC526AD1CB3FA5216688091BA1.e.3223"}]}
COMMAND: GET /session/365d56350ece7ddb67f22ecca89c6f97/screenshot - {}
RESULT: {}
RESULT: {"script":"<script> [5351 bytes]","args":[{"element-6066-11e4-a52e-4f735466cecf":"f.0CFB565138F0704D782EF1C57C56E9E5.d.661D24DC526AD1CB3FA5216688091BA1.e.3223","ELEMENT":"f.0CFB565138F0704D782EF1C57C56E9E5.d.661D24DC526AD1CB3FA5216688091BA1.e.3223"}]}
COMMAND: POST /session/365d56350ece7ddb67f22ecca89c6f97/element/f.0CFB565138F0704D782EF1C57C56E9E5.d.661D24DC526AD1CB3FA5216688091BA1.e.3223/click - {}
COMMAND: GET /session/365d56350ece7ddb67f22ecca89c6f97/screenshot - {}
RESULT: {}
RESULT: {}
COMMAND: GET /session/365d56350ece7ddb67f22ecca89c6f97/screenshot - {}
RESULT: {}
RESULT: {}
COMMAND: POST /session/365d56350ece7ddb67f22ecca89c6f97/execute/async - {"script":"<script> [1562 bytes]","args":[{"selector":{"controlType":"sap.m.Title","viewName":"etm.portal.ui.managepricingrules.view.NewItem","viewId":"application-managepricingrules-display-component---newInfoPriceItem","properties":{"text":"New Pricing Rules - Item Level"}},"wdio_ui5_key":"etmportal.ui.managepricingrules.view.NewItemsap.m.Title{\"text\":\"New Pricing Rules - Item Level\"}"}]}
RESULT: {"script":"<script> [1562 bytes]","args":[{"selector":{"controlType":"sap.m.Title","viewName":"etm.portal.ui.managepricingrules.view.NewItem","viewId":"application-managepricingrules-display-component---newInfoPriceItem","properties":{"text":"New Pricing Rules - Item Level"}},"wdio_ui5_key":"etmportal.ui.managepricingrules.view.NewItemsap.m.Title{\"text\":\"New Pricing Rules - Item Level\"}"}]}
RESULT: undefined
COMMAND: POST /session/365d56350ece7ddb67f22ecca89c6f97/execute/async - {"script":"<script> [6424 bytes]","args":[{"element-6066-11e4-a52e-4f735466cecf":"f.0CFB565138F0704D782EF1C57C56E9E5.d.661D24DC526AD1CB3FA5216688091BA1.e.3350"},"getText",[]]}
RESULT: {"script":"<script> [6424 bytes]","args":[{"element-6066-11e4-a52e-4f735466cecf":"f.0CFB565138F0704D782EF1C57C56E9E5.d.661D24DC526AD1CB3FA5216688091BA1.e.3350"},"getText",[]]}
COMMAND: POST /session/365d56350ece7ddb67f22ecca89c6f97/execute/async - {"script":"<script> [1562 bytes]","args":[{"selector":{"id":"application-managepricingrules-display-component---newInfoPriceItem--condValidTo","interaction":{"idSuffix":"inner"}},"wdio_ui5_key":"applicationmanagepricingrules-display-component---newInfoPriceItem--condValidTo"}]}
RESULT: {"script":"<script> [1562 bytes]","args":[{"selector":{"id":"application-managepricingrules-display-component---newInfoPriceItem--condValidTo","interaction":{"idSuffix":"inner"}},"wdio_ui5_key":"applicationmanagepricingrules-display-component---newInfoPriceItem--condValidTo"}]}
RESULT: undefined
COMMAND: POST /session/365d56350ece7ddb67f22ecca89c6f97/execute/async - {"script":"<script> [776 bytes]","args":[{"enterText":"1/25/26","selector":{"id":"application-managepricingrules-display-component---newInfoPriceItem--condValidTo","interaction":{"idSuffix":"inner"}},"clearTextFirst":true,"interactionType":"ENTER_TEXT"}]}
RESULT: {"script":"<script> [776 bytes]","args":[{"enterText":"1/25/26","selector":{"id":"application-managepricingrules-display-component---newInfoPriceItem--condValidTo","interaction":{"idSuffix":"inner"}},"clearTextFirst":true,"interactionType":"ENTER_TEXT"}]}
COMMAND: POST /session/365d56350ece7ddb67f22ecca89c6f97/execute/async - {"script":"<script> [1562 bytes]","args":[{"selector":{"id":"application-managepricingrules-display-component---newInfoPriceItem--billType-arrow"},"wdio_ui5_key":"applicationmanagepricingrules-display-component---newInfoPriceItem--billType-arrow"}]}
RESULT: {"script":"<script> [1562 bytes]","args":[{"selector":{"id":"application-managepricingrules-display-component---newInfoPriceItem--billType-arrow"},"wdio_ui5_key":"applicationmanagepricingrules-display-component---newInfoPriceItem--billType-arrow"}]}
RESULT: undefined
COMMAND: POST /session/365d56350ece7ddb67f22ecca89c6f97/element - {"using":"xpath","value":"//*[@id=\"application-managepricingrules-display-component---newInfoPriceItem--billType-arrow\"]"}
RESULT: {"using":"xpath","value":"//*[@id=\"application-managepricingrules-display-component---newInfoPriceItem--billType-arrow\"]"}
COMMAND: POST /session/365d56350ece7ddb67f22ecca89c6f97/element/f.0CFB565138F0704D782EF1C57C56E9E5.d.661D24DC526AD1CB3FA5216688091BA1.e.3352/click - {}
RESULT: {}
COMMAND: POST /session/365d56350ece7ddb67f22ecca89c6f97/element - {"using":"xpath","value":"//span[contains(text(), \"TB - Time based\")]"}
COMMAND: GET /session/365d56350ece7ddb67f22ecca89c6f97/screenshot - {}
RESULT: {"using":"xpath","value":"//span[contains(text(), \"TB - Time based\")]"}
COMMAND: POST /session/365d56350ece7ddb67f22ecca89c6f97/element/f.0CFB565138F0704D782EF1C57C56E9E5.d.661D24DC526AD1CB3FA5216688091BA1.e.3353/click - {}
RESULT: {}
RESULT: {}
COMMAND: POST /session/365d56350ece7ddb67f22ecca89c6f97/execute/async - {"script":"<script> [1562 bytes]","args":[{"selector":{"id":"application-managepricingrules-display-component---newInfoPriceItem--priceProc-arrow"},"wdio_ui5_key":"applicationmanagepricingrules-display-component---newInfoPriceItem--priceProc-arrow"}]}
COMMAND: GET /session/365d56350ece7ddb67f22ecca89c6f97/screenshot - {}
RESULT: {"script":"<script> [1562 bytes]","args":[{"selector":{"id":"application-managepricingrules-display-component---newInfoPriceItem--priceProc-arrow"},"wdio_ui5_key":"applicationmanagepricingrules-display-component---newInfoPriceItem--priceProc-arrow"}]}
RESULT: undefined
COMMAND: POST /session/365d56350ece7ddb67f22ecca89c6f97/element - {"using":"xpath","value":"//*[@id=\"application-managepricingrules-display-component---newInfoPriceItem--priceProc-arrow\"]"}
RESULT: {}
RESULT: {"using":"xpath","value":"//*[@id=\"application-managepricingrules-display-component---newInfoPriceItem--priceProc-arrow\"]"}
COMMAND: POST /session/365d56350ece7ddb67f22ecca89c6f97/element/f.0CFB565138F0704D782EF1C57C56E9E5.d.661D24DC526AD1CB3FA5216688091BA1.e.3354/click - {}
RESULT: {}
COMMAND: POST /session/365d56350ece7ddb67f22ecca89c6f97/element - {"using":"xpath","value":"//span[contains(text(), \"TBS - Time based standard\")]"}
COMMAND: GET /session/365d56350ece7ddb67f22ecca89c6f97/screenshot - {}
RESULT: {"using":"xpath","value":"//span[contains(text(), \"TBS - Time based standard\")]"}
COMMAND: POST /session/365d56350ece7ddb67f22ecca89c6f97/element/f.0CFB565138F0704D782EF1C57C56E9E5.d.661D24DC526AD1CB3FA5216688091BA1.e.3355/click - {}
RESULT: {}
RESULT: {}
COMMAND: POST /session/365d56350ece7ddb67f22ecca89c6f97/execute/async - {"script":"<script> [1562 bytes]","args":[{"selector":{"id":"application-managepricingrules-display-component---newInfoPriceItem--calcBase-arrow"},"wdio_ui5_key":"applicationmanagepricingrules-display-component---newInfoPriceItem--calcBase-arrow"}]}
COMMAND: GET /session/365d56350ece7ddb67f22ecca89c6f97/screenshot - {}
RESULT: {"script":"<script> [1562 bytes]","args":[{"selector":{"id":"application-managepricingrules-display-component---newInfoPriceItem--calcBase-arrow"},"wdio_ui5_key":"applicationmanagepricingrules-display-component---newInfoPriceItem--calcBase-arrow"}]}
RESULT: undefined
COMMAND: POST /session/365d56350ece7ddb67f22ecca89c6f97/element - {"using":"xpath","value":"//*[@id=\"application-managepricingrules-display-component---newInfoPriceItem--calcBase-arrow\"]"}
RESULT: {}
RESULT: {"using":"xpath","value":"//*[@id=\"application-managepricingrules-display-component---newInfoPriceItem--calcBase-arrow\"]"}
COMMAND: POST /session/365d56350ece7ddb67f22ecca89c6f97/element/f.0CFB565138F0704D782EF1C57C56E9E5.d.661D24DC526AD1CB3FA5216688091BA1.e.3326/click - {}
RESULT: {}
COMMAND: GET /session/365d56350ece7ddb67f22ecca89c6f97/screenshot - {}
RESULT: {}
COMMAND: POST /session/365d56350ece7ddb67f22ecca89c6f97/element - {"using":"xpath","value":"//span[contains(text(), \"0006 - TB(calendar days)\")]"}
RESULT: {"using":"xpath","value":"//span[contains(text(), \"0006 - TB(calendar days)\")]"}
COMMAND: POST /session/365d56350ece7ddb67f22ecca89c6f97/element/f.0CFB565138F0704D782EF1C57C56E9E5.d.661D24DC526AD1CB3FA5216688091BA1.e.3356/click - {}
RESULT: {}
COMMAND: GET /session/365d56350ece7ddb67f22ecca89c6f97/screenshot - {}
RESULT: {}
COMMAND: POST /session/365d56350ece7ddb67f22ecca89c6f97/execute/async - {"script":"<script> [1562 bytes]","args":[{"selector":{"id":"application-managepricingrules-display-component---newInfoPriceItem--daysMonth","interaction":{"idSuffix":"inner"}},"wdio_ui5_key":"applicationmanagepricingrules-display-component---newInfoPriceItem--daysMonth"}]}
RESULT: {"script":"<script> [1562 bytes]","args":[{"selector":{"id":"application-managepricingrules-display-component---newInfoPriceItem--daysMonth","interaction":{"idSuffix":"inner"}},"wdio_ui5_key":"applicationmanagepricingrules-display-component---newInfoPriceItem--daysMonth"}]}
RESULT: undefined
COMMAND: POST /session/365d56350ece7ddb67f22ecca89c6f97/execute/async - {"script":"<script> [776 bytes]","args":[{"enterText":"30","selector":{"id":"application-managepricingrules-display-component---newInfoPriceItem--daysMonth","interaction":{"idSuffix":"inner"}},"clearTextFirst":true,"interactionType":"ENTER_TEXT"}]}
RESULT: {"script":"<script> [776 bytes]","args":[{"enterText":"30","selector":{"id":"application-managepricingrules-display-component---newInfoPriceItem--daysMonth","interaction":{"idSuffix":"inner"}},"clearTextFirst":true,"interactionType":"ENTER_TEXT"}]}
COMMAND: POST /session/365d56350ece7ddb67f22ecca89c6f97/element - {"using":"xpath","value":"//button[@data-kt=\"saveNewRuleButton\"]"}
RESULT: {"using":"xpath","value":"//button[@data-kt=\"saveNewRuleButton\"]"}
COMMAND: POST /session/365d56350ece7ddb67f22ecca89c6f97/element/f.0CFB565138F0704D782EF1C57C56E9E5.d.661D24DC526AD1CB3FA5216688091BA1.e.3338/click - {}
RESULT: {}
COMMAND: GET /session/365d56350ece7ddb67f22ecca89c6f97/screenshot - {}
RESULT: {}
COMMAND: POST /session/365d56350ece7ddb67f22ecca89c6f97/execute/async - {"script":"<script> [1562 bytes]","args":[{"selector":{"id":"application-managepricingrules-display-component---priceInfoItem--smartFilterBar-btnBasicSearch","interaction":{"idSuffix":"I"}},"wdio_ui5_key":"applicationmanagepricingrules-display-component---priceInfoItem--smartFilterBar-btnBasicSearch"}]}
RESULT: {"script":"<script> [1562 bytes]","args":[{"selector":{"id":"application-managepricingrules-display-component---priceInfoItem--smartFilterBar-btnBasicSearch","interaction":{"idSuffix":"I"}},"wdio_ui5_key":"applicationmanagepricingrules-display-component---priceInfoItem--smartFilterBar-btnBasicSearch"}]}
RESULT: undefined
COMMAND: POST /session/365d56350ece7ddb67f22ecca89c6f97/execute/async - {"script":"<script> [776 bytes]","args":[{"enterText":"fanyZaTHyX","selector":{"id":"application-managepricingrules-display-component---priceInfoItem--smartFilterBar-btnBasicSearch","interaction":{"idSuffix":"I"}},"clearTextFirst":true,"interactionType":"ENTER_TEXT"}]}
RESULT: {"script":"<script> [776 bytes]","args":[{"enterText":"fanyZaTHyX","selector":{"id":"application-managepricingrules-display-component---priceInfoItem--smartFilterBar-btnBasicSearch","interaction":{"idSuffix":"I"}},"clearTextFirst":true,"interactionType":"ENTER_TEXT"}]}
COMMAND: POST /session/365d56350ece7ddb67f22ecca89c6f97/actions - {"actions":[{"id":"action12","type":"key","parameters":{},"actions":[{"type":"keyDown","value":""},{"type":"pause","duration":10},{"type":"keyUp","value":""}]}]}
RESULT: {"actions":[{"id":"action12","type":"key","parameters":{},"actions":[{"type":"keyDown","value":""},{"type":"pause","duration":10},{"type":"keyUp","value":""}]}]}
COMMAND: GET /session/365d56350ece7ddb67f22ecca89c6f97/screenshot - {}
RESULT: {}
COMMAND: POST /session/365d56350ece7ddb67f22ecca89c6f97/element - {"using":"xpath","value":"//span[@id=\"application-managepricingrules-display-component---priceInfoItem--smartTable-header-inner\"]"}
RESULT: {"using":"xpath","value":"//span[@id=\"application-managepricingrules-display-component---priceInfoItem--smartTable-header-inner\"]"}
COMMAND: POST /session/365d56350ece7ddb67f22ecca89c6f97/elements - {"using":"xpath","value":"//span[@id=\"application-managepricingrules-display-component---priceInfoItem--smartTable-header-inner\"]"}
RESULT: {"using":"xpath","value":"//span[@id=\"application-managepricingrules-display-component---priceInfoItem--smartTable-header-inner\"]"}
COMMAND: POST /session/365d56350ece7ddb67f22ecca89c6f97/execute/sync - {"script":"<script> [56 bytes]","args":[{"element-6066-11e4-a52e-4f735466cecf":"f.0CFB565138F0704D782EF1C57C56E9E5.d.661D24DC526AD1CB3FA5216688091BA1.e.3381","ELEMENT":"f.0CFB565138F0704D782EF1C57C56E9E5.d.661D24DC526AD1CB3FA5216688091BA1.e.3381"}]}
RESULT: {"script":"<script> [56 bytes]","args":[{"element-6066-11e4-a52e-4f735466cecf":"f.0CFB565138F0704D782EF1C57C56E9E5.d.661D24DC526AD1CB3FA5216688091BA1.e.3381","ELEMENT":"f.0CFB565138F0704D782EF1C57C56E9E5.d.661D24DC526AD1CB3FA5216688091BA1.e.3381"}]}
COMMAND: POST /session/365d56350ece7ddb67f22ecca89c6f97/element - {"using":"css selector","value":"#shell-header-logo"}
COMMAND: GET /session/365d56350ece7ddb67f22ecca89c6f97/screenshot - {}
RESULT: {"using":"css selector","value":"#shell-header-logo"}
COMMAND: POST /session/365d56350ece7ddb67f22ecca89c6f97/element/f.0CFB565138F0704D782EF1C57C56E9E5.d.661D24DC526AD1CB3FA5216688091BA1.e.2507/click - {}
RESULT: {}
RESULT: {}
COMMAND: GET /session/365d56350ece7ddb67f22ecca89c6f97/screenshot - {}
RESULT: {}
]]></system-out>
    </testcase>
    <testcase classname="chrome.136_0_7103_93.windows.Billing_confirm_US117289" name="Should create new condition for equipment" time="74.464">
      <system-out><![CDATA[
COMMAND: POST /session/365d56350ece7ddb67f22ecca89c6f97/execute/async - {"script":"<script> [1562 bytes]","args":[{"selector":{"controlType":"sap.m.GenericTile","properties":{"header":"Manage Conditions & Prices"}},"wdio_ui5_key":"sapm.GenericTile{\"header\":\"Manage Conditions & Prices\"}"}]}
RESULT: {"script":"<script> [1562 bytes]","args":[{"selector":{"controlType":"sap.m.GenericTile","properties":{"header":"Manage Conditions & Prices"}},"wdio_ui5_key":"sapm.GenericTile{\"header\":\"Manage Conditions & Prices\"}"}]}
RESULT: undefined
COMMAND: POST /session/365d56350ece7ddb67f22ecca89c6f97/element - {"using":"xpath","value":"//*[@id=\"__tile53\"]"}
RESULT: {"using":"xpath","value":"//*[@id=\"__tile53\"]"}
COMMAND: POST /session/365d56350ece7ddb67f22ecca89c6f97/element/f.0CFB565138F0704D782EF1C57C56E9E5.d.661D24DC526AD1CB3FA5216688091BA1.e.200/click - {}
RESULT: {}
COMMAND: GET /session/365d56350ece7ddb67f22ecca89c6f97/screenshot - {}
RESULT: {}
COMMAND: POST /session/365d56350ece7ddb67f22ecca89c6f97/elements - {"using":"xpath","value":"//span[text()='Error']"}
RESULT: {"using":"xpath","value":"//span[text()='Error']"}
COMMAND: POST /session/365d56350ece7ddb67f22ecca89c6f97/element - {"using":"xpath","value":"//button[@aria-label=\"Create\"]"}
RESULT: {"using":"xpath","value":"//button[@aria-label=\"Create\"]"}
COMMAND: POST /session/365d56350ece7ddb67f22ecca89c6f97/elements - {"using":"xpath","value":"//button[@aria-label=\"Create\"]"}
RESULT: {"using":"xpath","value":"//button[@aria-label=\"Create\"]"}
COMMAND: POST /session/365d56350ece7ddb67f22ecca89c6f97/execute/sync - {"script":"<script> [8489 bytes]","args":[{"element-6066-11e4-a52e-4f735466cecf":"f.0CFB565138F0704D782EF1C57C56E9E5.d.661D24DC526AD1CB3FA5216688091BA1.e.3417","ELEMENT":"f.0CFB565138F0704D782EF1C57C56E9E5.d.661D24DC526AD1CB3FA5216688091BA1.e.3417"}]}
RESULT: {"script":"<script> [8489 bytes]","args":[{"element-6066-11e4-a52e-4f735466cecf":"f.0CFB565138F0704D782EF1C57C56E9E5.d.661D24DC526AD1CB3FA5216688091BA1.e.3417","ELEMENT":"f.0CFB565138F0704D782EF1C57C56E9E5.d.661D24DC526AD1CB3FA5216688091BA1.e.3417"}]}
COMMAND: GET /session/365d56350ece7ddb67f22ecca89c6f97/element/f.0CFB565138F0704D782EF1C57C56E9E5.d.661D24DC526AD1CB3FA5216688091BA1.e.3417/enabled - {}
COMMAND: GET /session/365d56350ece7ddb67f22ecca89c6f97/screenshot - {}
RESULT: {}
COMMAND: POST /session/365d56350ece7ddb67f22ecca89c6f97/execute/sync - {"script":"<script> [8489 bytes]","args":[{"element-6066-11e4-a52e-4f735466cecf":"f.0CFB565138F0704D782EF1C57C56E9E5.d.661D24DC526AD1CB3FA5216688091BA1.e.3417","ELEMENT":"f.0CFB565138F0704D782EF1C57C56E9E5.d.661D24DC526AD1CB3FA5216688091BA1.e.3417"}]}
COMMAND: GET /session/365d56350ece7ddb67f22ecca89c6f97/screenshot - {}
RESULT: {}
RESULT: {"script":"<script> [8489 bytes]","args":[{"element-6066-11e4-a52e-4f735466cecf":"f.0CFB565138F0704D782EF1C57C56E9E5.d.661D24DC526AD1CB3FA5216688091BA1.e.3417","ELEMENT":"f.0CFB565138F0704D782EF1C57C56E9E5.d.661D24DC526AD1CB3FA5216688091BA1.e.3417"}]}
COMMAND: POST /session/365d56350ece7ddb67f22ecca89c6f97/execute/sync - {"script":"<script> [5351 bytes]","args":[{"element-6066-11e4-a52e-4f735466cecf":"f.0CFB565138F0704D782EF1C57C56E9E5.d.661D24DC526AD1CB3FA5216688091BA1.e.3417","ELEMENT":"f.0CFB565138F0704D782EF1C57C56E9E5.d.661D24DC526AD1CB3FA5216688091BA1.e.3417"}]}
COMMAND: GET /session/365d56350ece7ddb67f22ecca89c6f97/screenshot - {}
RESULT: {}
RESULT: {"script":"<script> [5351 bytes]","args":[{"element-6066-11e4-a52e-4f735466cecf":"f.0CFB565138F0704D782EF1C57C56E9E5.d.661D24DC526AD1CB3FA5216688091BA1.e.3417","ELEMENT":"f.0CFB565138F0704D782EF1C57C56E9E5.d.661D24DC526AD1CB3FA5216688091BA1.e.3417"}]}
COMMAND: POST /session/365d56350ece7ddb67f22ecca89c6f97/element/f.0CFB565138F0704D782EF1C57C56E9E5.d.661D24DC526AD1CB3FA5216688091BA1.e.3417/click - {}
COMMAND: GET /session/365d56350ece7ddb67f22ecca89c6f97/screenshot - {}
RESULT: {}
RESULT: {}
COMMAND: GET /session/365d56350ece7ddb67f22ecca89c6f97/screenshot - {}
RESULT: {}
RESULT: {}
COMMAND: POST /session/365d56350ece7ddb67f22ecca89c6f97/actions - {"actions":[{"id":"action13","type":"key","parameters":{},"actions":[{"type":"keyDown","value":""},{"type":"pause","duration":10},{"type":"keyUp","value":""}]}]}
RESULT: {"actions":[{"id":"action13","type":"key","parameters":{},"actions":[{"type":"keyDown","value":""},{"type":"pause","duration":10},{"type":"keyUp","value":""}]}]}
COMMAND: GET /session/365d56350ece7ddb67f22ecca89c6f97/screenshot - {}
RESULT: {}
COMMAND: POST /session/365d56350ece7ddb67f22ecca89c6f97/execute/async - {"script":"<script> [1562 bytes]","args":[{"selector":{"id":"application-manageconditionprice-display-component---newCondition--condBillCond-arrow"},"wdio_ui5_key":"applicationmanageconditionprice-display-component---newCondition--condBillCond-arrow"}]}
RESULT: {"script":"<script> [1562 bytes]","args":[{"selector":{"id":"application-manageconditionprice-display-component---newCondition--condBillCond-arrow"},"wdio_ui5_key":"applicationmanageconditionprice-display-component---newCondition--condBillCond-arrow"}]}
RESULT: undefined
COMMAND: POST /session/365d56350ece7ddb67f22ecca89c6f97/element - {"using":"xpath","value":"//*[@id=\"application-manageconditionprice-display-component---newCondition--condBillCond-arrow\"]"}
RESULT: {"using":"xpath","value":"//*[@id=\"application-manageconditionprice-display-component---newCondition--condBillCond-arrow\"]"}
COMMAND: POST /session/365d56350ece7ddb67f22ecca89c6f97/element/f.0CFB565138F0704D782EF1C57C56E9E5.d.661D24DC526AD1CB3FA5216688091BA1.e.3592/click - {}
RESULT: {}
COMMAND: GET /session/365d56350ece7ddb67f22ecca89c6f97/screenshot - {}
RESULT: {}
COMMAND: POST /session/365d56350ece7ddb67f22ecca89c6f97/element - {"using":"xpath","value":"//li[.//span[contains(text(), \"DISP - D&I special price\")]]"}
RESULT: {"using":"xpath","value":"//li[.//span[contains(text(), \"DISP - D&I special price\")]]"}
COMMAND: POST /session/365d56350ece7ddb67f22ecca89c6f97/element/f.0CFB565138F0704D782EF1C57C56E9E5.d.661D24DC526AD1CB3FA5216688091BA1.e.3595/click - {}
RESULT: {}
COMMAND: GET /session/365d56350ece7ddb67f22ecca89c6f97/screenshot - {}
RESULT: {}
COMMAND: POST /session/365d56350ece7ddb67f22ecca89c6f97/execute/async - {"script":"<script> [1562 bytes]","args":[{"selector":{"id":"application-manageconditionprice-display-component---newCondition--condValidTo","interaction":{"idSuffix":"inner"}},"wdio_ui5_key":"applicationmanageconditionprice-display-component---newCondition--condValidTo"}]}
RESULT: {"script":"<script> [1562 bytes]","args":[{"selector":{"id":"application-manageconditionprice-display-component---newCondition--condValidTo","interaction":{"idSuffix":"inner"}},"wdio_ui5_key":"applicationmanageconditionprice-display-component---newCondition--condValidTo"}]}
RESULT: undefined
COMMAND: POST /session/365d56350ece7ddb67f22ecca89c6f97/execute/async - {"script":"<script> [776 bytes]","args":[{"enterText":"1/25/26","selector":{"id":"application-manageconditionprice-display-component---newCondition--condValidTo","interaction":{"idSuffix":"inner"}},"clearTextFirst":true,"interactionType":"ENTER_TEXT"}]}
RESULT: {"script":"<script> [776 bytes]","args":[{"enterText":"1/25/26","selector":{"id":"application-manageconditionprice-display-component---newCondition--condValidTo","interaction":{"idSuffix":"inner"}},"clearTextFirst":true,"interactionType":"ENTER_TEXT"}]}
COMMAND: POST /session/365d56350ece7ddb67f22ecca89c6f97/element - {"using":"xpath","value":"//input[@id=\"application-manageconditionprice-display-component---newCondition--condRU-inner\"]"}
RESULT: {"using":"xpath","value":"//input[@id=\"application-manageconditionprice-display-component---newCondition--condRU-inner\"]"}
COMMAND: POST /session/365d56350ece7ddb67f22ecca89c6f97/element/f.0CFB565138F0704D782EF1C57C56E9E5.d.661D24DC526AD1CB3FA5216688091BA1.e.3462/clear - {}
RESULT: {}
COMMAND: POST /session/365d56350ece7ddb67f22ecca89c6f97/element/f.0CFB565138F0704D782EF1C57C56E9E5.d.661D24DC526AD1CB3FA5216688091BA1.e.3462/value - {"text":"fanyZaTHyX"}
COMMAND: GET /session/365d56350ece7ddb67f22ecca89c6f97/screenshot - {}
RESULT: {"text":"fanyZaTHyX"}
COMMAND: GET /session/365d56350ece7ddb67f22ecca89c6f97/screenshot - {}
RESULT: {}
RESULT: {}
COMMAND: POST /session/365d56350ece7ddb67f22ecca89c6f97/actions - {"actions":[{"id":"action14","type":"key","parameters":{},"actions":[{"type":"keyDown","value":""},{"type":"pause","duration":10},{"type":"keyUp","value":""}]}]}
RESULT: {"actions":[{"id":"action14","type":"key","parameters":{},"actions":[{"type":"keyDown","value":""},{"type":"pause","duration":10},{"type":"keyUp","value":""}]}]}
COMMAND: POST /session/365d56350ece7ddb67f22ecca89c6f97/execute/async - {"script":"<script> [1562 bytes]","args":[{"selector":{"id":"application-manageconditionprice-display-component---newCondition--condBaseQty","interaction":{"idSuffix":"inner"}},"wdio_ui5_key":"applicationmanageconditionprice-display-component---newCondition--condBaseQty"}]}
COMMAND: GET /session/365d56350ece7ddb67f22ecca89c6f97/screenshot - {}
RESULT: {"script":"<script> [1562 bytes]","args":[{"selector":{"id":"application-manageconditionprice-display-component---newCondition--condBaseQty","interaction":{"idSuffix":"inner"}},"wdio_ui5_key":"applicationmanageconditionprice-display-component---newCondition--condBaseQty"}]}
RESULT: undefined
COMMAND: POST /session/365d56350ece7ddb67f22ecca89c6f97/execute/async - {"script":"<script> [776 bytes]","args":[{"enterText":"1","selector":{"id":"application-manageconditionprice-display-component---newCondition--condBaseQty","interaction":{"idSuffix":"inner"}},"clearTextFirst":true,"interactionType":"ENTER_TEXT"}]}
RESULT: {}
RESULT: {"script":"<script> [776 bytes]","args":[{"enterText":"1","selector":{"id":"application-manageconditionprice-display-component---newCondition--condBaseQty","interaction":{"idSuffix":"inner"}},"clearTextFirst":true,"interactionType":"ENTER_TEXT"}]}
COMMAND: POST /session/365d56350ece7ddb67f22ecca89c6f97/execute/async - {"script":"<script> [1562 bytes]","args":[{"selector":{"id":"application-manageconditionprice-display-component---newCondition--condValue","interaction":{"idSuffix":"inner"}},"wdio_ui5_key":"applicationmanageconditionprice-display-component---newCondition--condValue"}]}
RESULT: {"script":"<script> [1562 bytes]","args":[{"selector":{"id":"application-manageconditionprice-display-component---newCondition--condValue","interaction":{"idSuffix":"inner"}},"wdio_ui5_key":"applicationmanageconditionprice-display-component---newCondition--condValue"}]}
RESULT: undefined
COMMAND: POST /session/365d56350ece7ddb67f22ecca89c6f97/execute/async - {"script":"<script> [776 bytes]","args":[{"enterText":"100","selector":{"id":"application-manageconditionprice-display-component---newCondition--condValue","interaction":{"idSuffix":"inner"}},"clearTextFirst":true,"interactionType":"ENTER_TEXT"}]}
RESULT: {"script":"<script> [776 bytes]","args":[{"enterText":"100","selector":{"id":"application-manageconditionprice-display-component---newCondition--condValue","interaction":{"idSuffix":"inner"}},"clearTextFirst":true,"interactionType":"ENTER_TEXT"}]}
COMMAND: POST /session/365d56350ece7ddb67f22ecca89c6f97/execute/async - {"script":"<script> [1562 bytes]","args":[{"selector":{"id":"application-manageconditionprice-display-component---newCondition--condCurr-arrow"},"wdio_ui5_key":"applicationmanageconditionprice-display-component---newCondition--condCurr-arrow"}]}
RESULT: {"script":"<script> [1562 bytes]","args":[{"selector":{"id":"application-manageconditionprice-display-component---newCondition--condCurr-arrow"},"wdio_ui5_key":"applicationmanageconditionprice-display-component---newCondition--condCurr-arrow"}]}
RESULT: undefined
COMMAND: POST /session/365d56350ece7ddb67f22ecca89c6f97/element - {"using":"xpath","value":"//*[@id=\"application-manageconditionprice-display-component---newCondition--condCurr-arrow\"]"}
RESULT: {"using":"xpath","value":"//*[@id=\"application-manageconditionprice-display-component---newCondition--condCurr-arrow\"]"}
COMMAND: POST /session/365d56350ece7ddb67f22ecca89c6f97/element/f.0CFB565138F0704D782EF1C57C56E9E5.d.661D24DC526AD1CB3FA5216688091BA1.e.3553/click - {}
RESULT: {}
COMMAND: POST /session/365d56350ece7ddb67f22ecca89c6f97/element - {"using":"xpath","value":"//span[contains(text(), \"Euro\")]"}
COMMAND: GET /session/365d56350ece7ddb67f22ecca89c6f97/screenshot - {}
RESULT: {"using":"xpath","value":"//span[contains(text(), \"Euro\")]"}
COMMAND: POST /session/365d56350ece7ddb67f22ecca89c6f97/element/f.0CFB565138F0704D782EF1C57C56E9E5.d.661D24DC526AD1CB3FA5216688091BA1.e.3631/click - {}
RESULT: {}
RESULT: {}
COMMAND: POST /session/365d56350ece7ddb67f22ecca89c6f97/element - {"using":"xpath","value":"//button[@data-kt=\"saveButton\"]"}
COMMAND: GET /session/365d56350ece7ddb67f22ecca89c6f97/screenshot - {}
RESULT: {"using":"xpath","value":"//button[@data-kt=\"saveButton\"]"}
COMMAND: POST /session/365d56350ece7ddb67f22ecca89c6f97/element/f.0CFB565138F0704D782EF1C57C56E9E5.d.661D24DC526AD1CB3FA5216688091BA1.e.3554/click - {}
RESULT: {}
RESULT: {}
COMMAND: GET /session/365d56350ece7ddb67f22ecca89c6f97/screenshot - {}
RESULT: {}
COMMAND: POST /session/365d56350ece7ddb67f22ecca89c6f97/execute/async - {"script":"<script> [1562 bytes]","args":[{"selector":{"id":"application-manageconditionprice-display-component---conditions--smartFilterBar-btnBasicSearch","interaction":{"idSuffix":"I"}},"wdio_ui5_key":"applicationmanageconditionprice-display-component---conditions--smartFilterBar-btnBasicSearch"}]}
RESULT: {"script":"<script> [1562 bytes]","args":[{"selector":{"id":"application-manageconditionprice-display-component---conditions--smartFilterBar-btnBasicSearch","interaction":{"idSuffix":"I"}},"wdio_ui5_key":"applicationmanageconditionprice-display-component---conditions--smartFilterBar-btnBasicSearch"}]}
RESULT: undefined
COMMAND: POST /session/365d56350ece7ddb67f22ecca89c6f97/execute/async - {"script":"<script> [776 bytes]","args":[{"enterText":"fanyZaTHyX","selector":{"id":"application-manageconditionprice-display-component---conditions--smartFilterBar-btnBasicSearch","interaction":{"idSuffix":"I"}},"clearTextFirst":true,"interactionType":"ENTER_TEXT"}]}
RESULT: {"script":"<script> [776 bytes]","args":[{"enterText":"fanyZaTHyX","selector":{"id":"application-manageconditionprice-display-component---conditions--smartFilterBar-btnBasicSearch","interaction":{"idSuffix":"I"}},"clearTextFirst":true,"interactionType":"ENTER_TEXT"}]}
COMMAND: POST /session/365d56350ece7ddb67f22ecca89c6f97/actions - {"actions":[{"id":"action15","type":"key","parameters":{},"actions":[{"type":"keyDown","value":""},{"type":"pause","duration":10},{"type":"keyUp","value":""}]}]}
RESULT: {"actions":[{"id":"action15","type":"key","parameters":{},"actions":[{"type":"keyDown","value":""},{"type":"pause","duration":10},{"type":"keyUp","value":""}]}]}
COMMAND: GET /session/365d56350ece7ddb67f22ecca89c6f97/screenshot - {}
RESULT: {}
COMMAND: POST /session/365d56350ece7ddb67f22ecca89c6f97/execute/async - {"script":"<script> [1562 bytes]","args":[{"selector":{"id":"application-manageconditionprice-display-component---conditions--smartFilterBar-filterItemControl_BASIC-BILL_TYPES-vhi"},"wdio_ui5_key":"applicationmanageconditionprice-display-component---conditions--smartFilterBar-filterItemControl_BASIC-BILL_TYPES-vhi"}]}
RESULT: {"script":"<script> [1562 bytes]","args":[{"selector":{"id":"application-manageconditionprice-display-component---conditions--smartFilterBar-filterItemControl_BASIC-BILL_TYPES-vhi"},"wdio_ui5_key":"applicationmanageconditionprice-display-component---conditions--smartFilterBar-filterItemControl_BASIC-BILL_TYPES-vhi"}]}
RESULT: undefined
COMMAND: POST /session/365d56350ece7ddb67f22ecca89c6f97/element - {"using":"xpath","value":"//*[@id=\"application-manageconditionprice-display-component---conditions--smartFilterBar-filterItemControl_BASIC-BILL_TYPES-vhi\"]"}
RESULT: {"using":"xpath","value":"//*[@id=\"application-manageconditionprice-display-component---conditions--smartFilterBar-filterItemControl_BASIC-BILL_TYPES-vhi\"]"}
COMMAND: POST /session/365d56350ece7ddb67f22ecca89c6f97/element/f.0CFB565138F0704D782EF1C57C56E9E5.d.661D24DC526AD1CB3FA5216688091BA1.e.3738/click - {}
RESULT: {}
COMMAND: POST /session/365d56350ece7ddb67f22ecca89c6f97/execute/async - {"script":"<script> [1562 bytes]","args":[{"selector":{"id":"application-manageconditionprice-display-component---conditions--smartFilterBar-filterItemControl_BASIC-BILL_TYPES-valueHelpDialog-smartFilterBar-btnBasicSearch","searchOpenDialogs":true,"interaction":{"idSuffix":"I"}},"wdio_ui5_key":"applicationmanageconditionprice-display-component---conditions--smartFilterBar-filterItemControl_BASIC-BILL_TYPES-valueHelpDialog-smartFilterBar-btnBasicSearch"}]}
COMMAND: GET /session/365d56350ece7ddb67f22ecca89c6f97/screenshot - {}
RESULT: {"script":"<script> [1562 bytes]","args":[{"selector":{"id":"application-manageconditionprice-display-component---conditions--smartFilterBar-filterItemControl_BASIC-BILL_TYPES-valueHelpDialog-smartFilterBar-btnBasicSearch","searchOpenDialogs":true,"interaction":{"idSuffix":"I"}},"wdio_ui5_key":"applicationmanageconditionprice-display-component---conditions--smartFilterBar-filterItemControl_BASIC-BILL_TYPES-valueHelpDialog-smartFilterBar-btnBasicSearch"}]}
RESULT: undefined
COMMAND: POST /session/365d56350ece7ddb67f22ecca89c6f97/execute/async - {"script":"<script> [776 bytes]","args":[{"enterText":"TB","selector":{"id":"application-manageconditionprice-display-component---conditions--smartFilterBar-filterItemControl_BASIC-BILL_TYPES-valueHelpDialog-smartFilterBar-btnBasicSearch","searchOpenDialogs":true,"interaction":{"idSuffix":"I"}},"clearTextFirst":true,"interactionType":"ENTER_TEXT"}]}
RESULT: {}
RESULT: {"script":"<script> [776 bytes]","args":[{"enterText":"TB","selector":{"id":"application-manageconditionprice-display-component---conditions--smartFilterBar-filterItemControl_BASIC-BILL_TYPES-valueHelpDialog-smartFilterBar-btnBasicSearch","searchOpenDialogs":true,"interaction":{"idSuffix":"I"}},"clearTextFirst":true,"interactionType":"ENTER_TEXT"}]}
COMMAND: POST /session/365d56350ece7ddb67f22ecca89c6f97/actions - {"actions":[{"id":"action16","type":"key","parameters":{},"actions":[{"type":"keyDown","value":""},{"type":"pause","duration":10},{"type":"keyUp","value":""}]}]}
RESULT: {"actions":[{"id":"action16","type":"key","parameters":{},"actions":[{"type":"keyDown","value":""},{"type":"pause","duration":10},{"type":"keyUp","value":""}]}]}
COMMAND: GET /session/365d56350ece7ddb67f22ecca89c6f97/screenshot - {}
RESULT: {}
COMMAND: POST /session/365d56350ece7ddb67f22ecca89c6f97/element - {"using":"xpath","value":"//div[contains(@id, 'application-manageconditionprice-display-component---conditions--smartFilterBar-filterItemControl_BASIC-BILL_TYPES-valueHelpDialog-table-rowsel0')]"}
RESULT: {"using":"xpath","value":"//div[contains(@id, 'application-manageconditionprice-display-component---conditions--smartFilterBar-filterItemControl_BASIC-BILL_TYPES-valueHelpDialog-table-rowsel0')]"}
COMMAND: POST /session/365d56350ece7ddb67f22ecca89c6f97/element/f.0CFB565138F0704D782EF1C57C56E9E5.d.661D24DC526AD1CB3FA5216688091BA1.e.3747/click - {}
RESULT: {}
COMMAND: GET /session/365d56350ece7ddb67f22ecca89c6f97/screenshot - {}
RESULT: {}
COMMAND: POST /session/365d56350ece7ddb67f22ecca89c6f97/element - {"using":"xpath","value":"//bdi[contains(text(), \"OK\")]"}
RESULT: {"using":"xpath","value":"//bdi[contains(text(), \"OK\")]"}
COMMAND: POST /session/365d56350ece7ddb67f22ecca89c6f97/element/f.0CFB565138F0704D782EF1C57C56E9E5.d.661D24DC526AD1CB3FA5216688091BA1.e.3749/click - {}
RESULT: {}
COMMAND: GET /session/365d56350ece7ddb67f22ecca89c6f97/screenshot - {}
RESULT: {}
COMMAND: POST /session/365d56350ece7ddb67f22ecca89c6f97/element - {"using":"xpath","value":"//span[@id=\"application-manageconditionprice-display-component---conditions--smartTable-header-inner\"]"}
RESULT: {"using":"xpath","value":"//span[@id=\"application-manageconditionprice-display-component---conditions--smartTable-header-inner\"]"}
COMMAND: POST /session/365d56350ece7ddb67f22ecca89c6f97/elements - {"using":"xpath","value":"//span[@id=\"application-manageconditionprice-display-component---conditions--smartTable-header-inner\"]"}
RESULT: {"using":"xpath","value":"//span[@id=\"application-manageconditionprice-display-component---conditions--smartTable-header-inner\"]"}
COMMAND: POST /session/365d56350ece7ddb67f22ecca89c6f97/execute/sync - {"script":"<script> [56 bytes]","args":[{"element-6066-11e4-a52e-4f735466cecf":"f.0CFB565138F0704D782EF1C57C56E9E5.d.661D24DC526AD1CB3FA5216688091BA1.e.3752","ELEMENT":"f.0CFB565138F0704D782EF1C57C56E9E5.d.661D24DC526AD1CB3FA5216688091BA1.e.3752"}]}
RESULT: {"script":"<script> [56 bytes]","args":[{"element-6066-11e4-a52e-4f735466cecf":"f.0CFB565138F0704D782EF1C57C56E9E5.d.661D24DC526AD1CB3FA5216688091BA1.e.3752","ELEMENT":"f.0CFB565138F0704D782EF1C57C56E9E5.d.661D24DC526AD1CB3FA5216688091BA1.e.3752"}]}
COMMAND: POST /session/365d56350ece7ddb67f22ecca89c6f97/element - {"using":"css selector","value":"#shell-header-logo"}
COMMAND: GET /session/365d56350ece7ddb67f22ecca89c6f97/screenshot - {}
RESULT: {"using":"css selector","value":"#shell-header-logo"}
COMMAND: POST /session/365d56350ece7ddb67f22ecca89c6f97/element/f.0CFB565138F0704D782EF1C57C56E9E5.d.661D24DC526AD1CB3FA5216688091BA1.e.3385/click - {}
RESULT: {}
RESULT: {}
COMMAND: GET /session/365d56350ece7ddb67f22ecca89c6f97/screenshot - {}
RESULT: {}
]]></system-out>
    </testcase>
    <testcase classname="chrome.136_0_7103_93.windows.Billing_confirm_US117289" name="Should do a stock increase" time="105.94">
      <system-out><![CDATA[
COMMAND: POST /session/365d56350ece7ddb67f22ecca89c6f97/execute/async - {"script":"<script> [1562 bytes]","args":[{"selector":{"controlType":"sap.m.GenericTile","properties":{"header":"Manage Handovers"}},"wdio_ui5_key":"sapm.GenericTile{\"header\":\"Manage Handovers\"}"}]}
RESULT: {"script":"<script> [1562 bytes]","args":[{"selector":{"controlType":"sap.m.GenericTile","properties":{"header":"Manage Handovers"}},"wdio_ui5_key":"sapm.GenericTile{\"header\":\"Manage Handovers\"}"}]}
RESULT: undefined
COMMAND: POST /session/365d56350ece7ddb67f22ecca89c6f97/element - {"using":"xpath","value":"//*[@id=\"__tile133\"]"}
RESULT: {"using":"xpath","value":"//*[@id=\"__tile133\"]"}
COMMAND: POST /session/365d56350ece7ddb67f22ecca89c6f97/element/f.0CFB565138F0704D782EF1C57C56E9E5.d.661D24DC526AD1CB3FA5216688091BA1.e.3756/click - {}
RESULT: {}
COMMAND: GET /session/365d56350ece7ddb67f22ecca89c6f97/screenshot - {}
RESULT: {}
COMMAND: POST /session/365d56350ece7ddb67f22ecca89c6f97/elements - {"using":"xpath","value":"//span[text()='Error']"}
RESULT: {"using":"xpath","value":"//span[text()='Error']"}
COMMAND: POST /session/365d56350ece7ddb67f22ecca89c6f97/element - {"using":"xpath","value":"//button[@data-kt=\"masterHOAddButton\"]"}
RESULT: {"using":"xpath","value":"//button[@data-kt=\"masterHOAddButton\"]"}
COMMAND: POST /session/365d56350ece7ddb67f22ecca89c6f97/elements - {"using":"xpath","value":"//button[@data-kt=\"masterHOAddButton\"]"}
RESULT: {"using":"xpath","value":"//button[@data-kt=\"masterHOAddButton\"]"}
COMMAND: POST /session/365d56350ece7ddb67f22ecca89c6f97/execute/sync - {"script":"<script> [8489 bytes]","args":[{"element-6066-11e4-a52e-4f735466cecf":"f.0CFB565138F0704D782EF1C57C56E9E5.d.661D24DC526AD1CB3FA5216688091BA1.e.3796","ELEMENT":"f.0CFB565138F0704D782EF1C57C56E9E5.d.661D24DC526AD1CB3FA5216688091BA1.e.3796"}]}
RESULT: {"script":"<script> [8489 bytes]","args":[{"element-6066-11e4-a52e-4f735466cecf":"f.0CFB565138F0704D782EF1C57C56E9E5.d.661D24DC526AD1CB3FA5216688091BA1.e.3796","ELEMENT":"f.0CFB565138F0704D782EF1C57C56E9E5.d.661D24DC526AD1CB3FA5216688091BA1.e.3796"}]}
COMMAND: GET /session/365d56350ece7ddb67f22ecca89c6f97/element/f.0CFB565138F0704D782EF1C57C56E9E5.d.661D24DC526AD1CB3FA5216688091BA1.e.3796/enabled - {}
COMMAND: GET /session/365d56350ece7ddb67f22ecca89c6f97/screenshot - {}
RESULT: {}
COMMAND: POST /session/365d56350ece7ddb67f22ecca89c6f97/execute/sync - {"script":"<script> [8489 bytes]","args":[{"element-6066-11e4-a52e-4f735466cecf":"f.0CFB565138F0704D782EF1C57C56E9E5.d.661D24DC526AD1CB3FA5216688091BA1.e.3796","ELEMENT":"f.0CFB565138F0704D782EF1C57C56E9E5.d.661D24DC526AD1CB3FA5216688091BA1.e.3796"}]}
COMMAND: GET /session/365d56350ece7ddb67f22ecca89c6f97/screenshot - {}
RESULT: {}
RESULT: {"script":"<script> [8489 bytes]","args":[{"element-6066-11e4-a52e-4f735466cecf":"f.0CFB565138F0704D782EF1C57C56E9E5.d.661D24DC526AD1CB3FA5216688091BA1.e.3796","ELEMENT":"f.0CFB565138F0704D782EF1C57C56E9E5.d.661D24DC526AD1CB3FA5216688091BA1.e.3796"}]}
COMMAND: POST /session/365d56350ece7ddb67f22ecca89c6f97/execute/sync - {"script":"<script> [5351 bytes]","args":[{"element-6066-11e4-a52e-4f735466cecf":"f.0CFB565138F0704D782EF1C57C56E9E5.d.661D24DC526AD1CB3FA5216688091BA1.e.3796","ELEMENT":"f.0CFB565138F0704D782EF1C57C56E9E5.d.661D24DC526AD1CB3FA5216688091BA1.e.3796"}]}
COMMAND: GET /session/365d56350ece7ddb67f22ecca89c6f97/screenshot - {}
RESULT: {}
RESULT: {"script":"<script> [5351 bytes]","args":[{"element-6066-11e4-a52e-4f735466cecf":"f.0CFB565138F0704D782EF1C57C56E9E5.d.661D24DC526AD1CB3FA5216688091BA1.e.3796","ELEMENT":"f.0CFB565138F0704D782EF1C57C56E9E5.d.661D24DC526AD1CB3FA5216688091BA1.e.3796"}]}
COMMAND: POST /session/365d56350ece7ddb67f22ecca89c6f97/element/f.0CFB565138F0704D782EF1C57C56E9E5.d.661D24DC526AD1CB3FA5216688091BA1.e.3796/click - {}
COMMAND: GET /session/365d56350ece7ddb67f22ecca89c6f97/screenshot - {}
RESULT: {}
RESULT: {}
COMMAND: GET /session/365d56350ece7ddb67f22ecca89c6f97/screenshot - {}
RESULT: {}
COMMAND: POST /session/365d56350ece7ddb67f22ecca89c6f97/element - {"using":"xpath","value":"//span[contains(@id ,\"AddNewHO--typeSelect-arrow\")]"}
RESULT: {}
RESULT: {"using":"xpath","value":"//span[contains(@id ,\"AddNewHO--typeSelect-arrow\")]"}
COMMAND: POST /session/365d56350ece7ddb67f22ecca89c6f97/element/f.0CFB565138F0704D782EF1C57C56E9E5.d.661D24DC526AD1CB3FA5216688091BA1.e.4136/click - {}
RESULT: {}
COMMAND: GET /session/365d56350ece7ddb67f22ecca89c6f97/screenshot - {}
RESULT: {}
COMMAND: POST /session/365d56350ece7ddb67f22ecca89c6f97/element - {"using":"xpath","value":"(//li[contains(text(), \"stock increase yard\")])[1]"}
RESULT: {"using":"xpath","value":"(//li[contains(text(), \"stock increase yard\")])[1]"}
COMMAND: POST /session/365d56350ece7ddb67f22ecca89c6f97/element/f.0CFB565138F0704D782EF1C57C56E9E5.d.661D24DC526AD1CB3FA5216688091BA1.e.4137/click - {}
RESULT: {}
COMMAND: GET /session/365d56350ece7ddb67f22ecca89c6f97/screenshot - {}
RESULT: {}
COMMAND: POST /session/365d56350ece7ddb67f22ecca89c6f97/execute/async - {"script":"<script> [1562 bytes]","args":[{"selector":{"id":"application-managehandovers-display-component---AddNewHO--dueDate","interaction":{"idSuffix":"inner"}},"wdio_ui5_key":"applicationmanagehandovers-display-component---AddNewHO--dueDate"}]}
RESULT: {"script":"<script> [1562 bytes]","args":[{"selector":{"id":"application-managehandovers-display-component---AddNewHO--dueDate","interaction":{"idSuffix":"inner"}},"wdio_ui5_key":"applicationmanagehandovers-display-component---AddNewHO--dueDate"}]}
RESULT: undefined
COMMAND: POST /session/365d56350ece7ddb67f22ecca89c6f97/execute/async - {"script":"<script> [6424 bytes]","args":[{"element-6066-11e4-a52e-4f735466cecf":"f.0CFB565138F0704D782EF1C57C56E9E5.d.661D24DC526AD1CB3FA5216688091BA1.e.4141"},"setValue",["5/25/25"]]}
RESULT: {"script":"<script> [6424 bytes]","args":[{"element-6066-11e4-a52e-4f735466cecf":"f.0CFB565138F0704D782EF1C57C56E9E5.d.661D24DC526AD1CB3FA5216688091BA1.e.4141"},"setValue",["5/25/25"]]}
COMMAND: POST /session/365d56350ece7ddb67f22ecca89c6f97/element - {"using":"xpath","value":"//input[@id=\"generalSectionFrg--receiveYard-inner\"]"}
RESULT: {"using":"xpath","value":"//input[@id=\"generalSectionFrg--receiveYard-inner\"]"}
COMMAND: POST /session/365d56350ece7ddb67f22ecca89c6f97/element/f.0CFB565138F0704D782EF1C57C56E9E5.d.661D24DC526AD1CB3FA5216688091BA1.e.4147/clear - {}
RESULT: {}
COMMAND: POST /session/365d56350ece7ddb67f22ecca89c6f97/element/f.0CFB565138F0704D782EF1C57C56E9E5.d.661D24DC526AD1CB3FA5216688091BA1.e.4147/value - {"text":"279"}
COMMAND: GET /session/365d56350ece7ddb67f22ecca89c6f97/screenshot - {}
RESULT: {"text":"279"}
COMMAND: GET /session/365d56350ece7ddb67f22ecca89c6f97/screenshot - {}
RESULT: {}
RESULT: {}
COMMAND: POST /session/365d56350ece7ddb67f22ecca89c6f97/element - {"using":"xpath","value":"//li[.//span[text()='279']]"}
RESULT: {"using":"xpath","value":"//li[.//span[text()='279']]"}
COMMAND: POST /session/365d56350ece7ddb67f22ecca89c6f97/element/f.0CFB565138F0704D782EF1C57C56E9E5.d.661D24DC526AD1CB3FA5216688091BA1.e.4161/click - {}
RESULT: {}
COMMAND: GET /session/365d56350ece7ddb67f22ecca89c6f97/screenshot - {}
RESULT: {}
COMMAND: POST /session/365d56350ece7ddb67f22ecca89c6f97/execute/async - {"script":"<script> [1562 bytes]","args":[{"selector":{"id":"application-managehandovers-display-component---AddNewHO--ObjectPageLayout-anchBar-application-managehandovers-display-component---AddNewHO--section4-anchor","interaction":{"idSuffix":"BDI-content"}},"wdio_ui5_key":"applicationmanagehandovers-display-component---AddNewHO--ObjectPageLayout-anchBar-application-managehandovers-display-component---AddNewHO--section4-anchor"}]}
RESULT: {"script":"<script> [1562 bytes]","args":[{"selector":{"id":"application-managehandovers-display-component---AddNewHO--ObjectPageLayout-anchBar-application-managehandovers-display-component---AddNewHO--section4-anchor","interaction":{"idSuffix":"BDI-content"}},"wdio_ui5_key":"applicationmanagehandovers-display-component---AddNewHO--ObjectPageLayout-anchBar-application-managehandovers-display-component---AddNewHO--section4-anchor"}]}
RESULT: undefined
COMMAND: POST /session/365d56350ece7ddb67f22ecca89c6f97/element - {"using":"xpath","value":"//*[@id=\"application-managehandovers-display-component---AddNewHO--ObjectPageLayout-anchBar-application-managehandovers-display-component---AddNewHO--section4-anchor\"]"}
RESULT: {"using":"xpath","value":"//*[@id=\"application-managehandovers-display-component---AddNewHO--ObjectPageLayout-anchBar-application-managehandovers-display-component---AddNewHO--section4-anchor\"]"}
COMMAND: POST /session/365d56350ece7ddb67f22ecca89c6f97/element/f.0CFB565138F0704D782EF1C57C56E9E5.d.661D24DC526AD1CB3FA5216688091BA1.e.4163/click - {}
RESULT: {}
COMMAND: POST /session/365d56350ece7ddb67f22ecca89c6f97/element - {"using":"xpath","value":"//button[@aria-label=\"Add\"]"}
COMMAND: GET /session/365d56350ece7ddb67f22ecca89c6f97/screenshot - {}
RESULT: {"using":"xpath","value":"//button[@aria-label=\"Add\"]"}
COMMAND: POST /session/365d56350ece7ddb67f22ecca89c6f97/element/f.0CFB565138F0704D782EF1C57C56E9E5.d.661D24DC526AD1CB3FA5216688091BA1.e.4165/click - {}
RESULT: {}
RESULT: {}
COMMAND: GET /session/365d56350ece7ddb67f22ecca89c6f97/screenshot - {}
RESULT: {}
COMMAND: POST /session/365d56350ece7ddb67f22ecca89c6f97/execute/async - {"script":"<script> [1562 bytes]","args":[{"selector":{"id":"application-managehandovers-display-component---AddNewHO--smartFilterBar-btnBasicSearch","searchOpenDialogs":true,"interaction":{"idSuffix":"I"}},"wdio_ui5_key":"applicationmanagehandovers-display-component---AddNewHO--smartFilterBar-btnBasicSearch"}]}
RESULT: {"script":"<script> [1562 bytes]","args":[{"selector":{"id":"application-managehandovers-display-component---AddNewHO--smartFilterBar-btnBasicSearch","searchOpenDialogs":true,"interaction":{"idSuffix":"I"}},"wdio_ui5_key":"applicationmanagehandovers-display-component---AddNewHO--smartFilterBar-btnBasicSearch"}]}
RESULT: undefined
COMMAND: POST /session/365d56350ece7ddb67f22ecca89c6f97/execute/async - {"script":"<script> [776 bytes]","args":[{"enterText":"fanyZaTHyX","selector":{"id":"application-managehandovers-display-component---AddNewHO--smartFilterBar-btnBasicSearch","searchOpenDialogs":true,"interaction":{"idSuffix":"I"}},"clearTextFirst":true,"interactionType":"ENTER_TEXT"}]}
RESULT: {"script":"<script> [776 bytes]","args":[{"enterText":"fanyZaTHyX","selector":{"id":"application-managehandovers-display-component---AddNewHO--smartFilterBar-btnBasicSearch","searchOpenDialogs":true,"interaction":{"idSuffix":"I"}},"clearTextFirst":true,"interactionType":"ENTER_TEXT"}]}
COMMAND: POST /session/365d56350ece7ddb67f22ecca89c6f97/actions - {"actions":[{"id":"action17","type":"key","parameters":{},"actions":[{"type":"keyDown","value":""},{"type":"pause","duration":10},{"type":"keyUp","value":""}]}]}
RESULT: {"actions":[{"id":"action17","type":"key","parameters":{},"actions":[{"type":"keyDown","value":""},{"type":"pause","duration":10},{"type":"keyUp","value":""}]}]}
COMMAND: GET /session/365d56350ece7ddb67f22ecca89c6f97/screenshot - {}
RESULT: {}
COMMAND: POST /session/365d56350ece7ddb67f22ecca89c6f97/execute/async - {"script":"<script> [1562 bytes]","args":[{"selector":{"id":"application-managehandovers-display-component---AddNewHO--popup-sa","searchOpenDialogs":true,"interaction":{"idSuffix":"CbBg"}},"wdio_ui5_key":"applicationmanagehandovers-display-component---AddNewHO--popup-sa"}]}
RESULT: {"script":"<script> [1562 bytes]","args":[{"selector":{"id":"application-managehandovers-display-component---AddNewHO--popup-sa","searchOpenDialogs":true,"interaction":{"idSuffix":"CbBg"}},"wdio_ui5_key":"applicationmanagehandovers-display-component---AddNewHO--popup-sa"}]}
RESULT: undefined
COMMAND: POST /session/365d56350ece7ddb67f22ecca89c6f97/element - {"using":"xpath","value":"//*[@id=\"application-managehandovers-display-component---AddNewHO--popup-sa\"]"}
RESULT: {"using":"xpath","value":"//*[@id=\"application-managehandovers-display-component---AddNewHO--popup-sa\"]"}
COMMAND: POST /session/365d56350ece7ddb67f22ecca89c6f97/element/f.0CFB565138F0704D782EF1C57C56E9E5.d.661D24DC526AD1CB3FA5216688091BA1.e.4317/click - {}
RESULT: {}
COMMAND: GET /session/365d56350ece7ddb67f22ecca89c6f97/screenshot - {}
RESULT: {}
COMMAND: POST /session/365d56350ece7ddb67f22ecca89c6f97/element - {"using":"xpath","value":"//bdi[contains(text(), \"Select\")]"}
RESULT: {"using":"xpath","value":"//bdi[contains(text(), \"Select\")]"}
COMMAND: POST /session/365d56350ece7ddb67f22ecca89c6f97/element/f.0CFB565138F0704D782EF1C57C56E9E5.d.661D24DC526AD1CB3FA5216688091BA1.e.4318/click - {}
RESULT: {}
COMMAND: GET /session/365d56350ece7ddb67f22ecca89c6f97/screenshot - {}
RESULT: {}
COMMAND: POST /session/365d56350ece7ddb67f22ecca89c6f97/element - {"using":"xpath","value":"//button[@data-kt=\"AddNewHOSaveButton\"]"}
RESULT: {"using":"xpath","value":"//button[@data-kt=\"AddNewHOSaveButton\"]"}
COMMAND: POST /session/365d56350ece7ddb67f22ecca89c6f97/element/f.0CFB565138F0704D782EF1C57C56E9E5.d.661D24DC526AD1CB3FA5216688091BA1.e.4322/click - {}
RESULT: {}
COMMAND: GET /session/365d56350ece7ddb67f22ecca89c6f97/screenshot - {}
RESULT: {}
COMMAND: POST /session/365d56350ece7ddb67f22ecca89c6f97/execute/async - {"script":"<script> [1562 bytes]","args":[{"selector":{"id":"receiptDatePicker","viewName":"etm.portal.ui.managehandovers.view.DetailExecuteHO","interaction":{"idSuffix":"inner"}},"wdio_ui5_key":"receiptDatePickeretmportal.ui.managehandovers.view.DetailExecuteHO"}]}
RESULT: {"script":"<script> [1562 bytes]","args":[{"selector":{"id":"receiptDatePicker","viewName":"etm.portal.ui.managehandovers.view.DetailExecuteHO","interaction":{"idSuffix":"inner"}},"wdio_ui5_key":"receiptDatePickeretmportal.ui.managehandovers.view.DetailExecuteHO"}]}
RESULT: undefined
COMMAND: POST /session/365d56350ece7ddb67f22ecca89c6f97/execute/async - {"script":"<script> [6424 bytes]","args":[{"element-6066-11e4-a52e-4f735466cecf":"f.0CFB565138F0704D782EF1C57C56E9E5.d.661D24DC526AD1CB3FA5216688091BA1.e.4353"},"setValue",["5/25/25"]]}
RESULT: {"script":"<script> [6424 bytes]","args":[{"element-6066-11e4-a52e-4f735466cecf":"f.0CFB565138F0704D782EF1C57C56E9E5.d.661D24DC526AD1CB3FA5216688091BA1.e.4353"},"setValue",["5/25/25"]]}
COMMAND: POST /session/365d56350ece7ddb67f22ecca89c6f97/element - {"using":"xpath","value":"//button[@data-kt=\"ReceivingTableConfirmAllButton\"]"}
RESULT: {"using":"xpath","value":"//button[@data-kt=\"ReceivingTableConfirmAllButton\"]"}
COMMAND: POST /session/365d56350ece7ddb67f22ecca89c6f97/element/f.0CFB565138F0704D782EF1C57C56E9E5.d.661D24DC526AD1CB3FA5216688091BA1.e.4368/click - {}
RESULT: {}
COMMAND: GET /session/365d56350ece7ddb67f22ecca89c6f97/screenshot - {}
RESULT: {}
COMMAND: POST /session/365d56350ece7ddb67f22ecca89c6f97/element - {"using":"xpath","value":"//bdi[contains(text(), \"OK\")]"}
RESULT: {"using":"xpath","value":"//bdi[contains(text(), \"OK\")]"}
COMMAND: POST /session/365d56350ece7ddb67f22ecca89c6f97/element/f.0CFB565138F0704D782EF1C57C56E9E5.d.661D24DC526AD1CB3FA5216688091BA1.e.4370/click - {}
RESULT: {}
COMMAND: GET /session/365d56350ece7ddb67f22ecca89c6f97/screenshot - {}
RESULT: {}
COMMAND: POST /session/365d56350ece7ddb67f22ecca89c6f97/element - {"using":"xpath","value":"(//bdi[contains(text(), \"Receive\")])[2]"}
RESULT: {"using":"xpath","value":"(//bdi[contains(text(), \"Receive\")])[2]"}
COMMAND: POST /session/365d56350ece7ddb67f22ecca89c6f97/element/f.0CFB565138F0704D782EF1C57C56E9E5.d.661D24DC526AD1CB3FA5216688091BA1.e.4372/click - {}
RESULT: {}
COMMAND: GET /session/365d56350ece7ddb67f22ecca89c6f97/screenshot - {}
RESULT: {}
COMMAND: POST /session/365d56350ece7ddb67f22ecca89c6f97/element - {"using":"css selector","value":"#shell-header-logo"}
RESULT: {"using":"css selector","value":"#shell-header-logo"}
COMMAND: POST /session/365d56350ece7ddb67f22ecca89c6f97/element/f.0CFB565138F0704D782EF1C57C56E9E5.d.661D24DC526AD1CB3FA5216688091BA1.e.3760/click - {}
RESULT: {}
COMMAND: GET /session/365d56350ece7ddb67f22ecca89c6f97/screenshot - {}
RESULT: {}
]]></system-out>
    </testcase>
    <testcase classname="chrome.136_0_7103_93.windows.Billing_confirm_US117289" name="Should create a new contract" time="67.049">
      <system-out><![CDATA[
COMMAND: POST /session/365d56350ece7ddb67f22ecca89c6f97/execute/async - {"script":"<script> [1562 bytes]","args":[{"selector":{"controlType":"sap.m.GenericTile","properties":{"header":"Manage Contracts"}},"wdio_ui5_key":"sapm.GenericTile{\"header\":\"Manage Contracts\"}"}]}
RESULT: {"script":"<script> [1562 bytes]","args":[{"selector":{"controlType":"sap.m.GenericTile","properties":{"header":"Manage Contracts"}},"wdio_ui5_key":"sapm.GenericTile{\"header\":\"Manage Contracts\"}"}]}
RESULT: undefined
COMMAND: POST /session/365d56350ece7ddb67f22ecca89c6f97/element - {"using":"xpath","value":"//*[@id=\"__tile130\"]"}
RESULT: {"using":"xpath","value":"//*[@id=\"__tile130\"]"}
COMMAND: POST /session/365d56350ece7ddb67f22ecca89c6f97/element/f.0CFB565138F0704D782EF1C57C56E9E5.d.661D24DC526AD1CB3FA5216688091BA1.e.4545/click - {}
RESULT: {}
COMMAND: GET /session/365d56350ece7ddb67f22ecca89c6f97/screenshot - {}
RESULT: {}
COMMAND: POST /session/365d56350ece7ddb67f22ecca89c6f97/elements - {"using":"xpath","value":"//span[text()='Error']"}
RESULT: {"using":"xpath","value":"//span[text()='Error']"}
COMMAND: POST /session/365d56350ece7ddb67f22ecca89c6f97/element - {"using":"xpath","value":"//button[@data-kt=\"addButton\"]"}
RESULT: {"using":"xpath","value":"//button[@data-kt=\"addButton\"]"}
COMMAND: POST /session/365d56350ece7ddb67f22ecca89c6f97/elements - {"using":"xpath","value":"//button[@data-kt=\"addButton\"]"}
RESULT: {"using":"xpath","value":"//button[@data-kt=\"addButton\"]"}
COMMAND: POST /session/365d56350ece7ddb67f22ecca89c6f97/execute/sync - {"script":"<script> [8489 bytes]","args":[{"element-6066-11e4-a52e-4f735466cecf":"f.0CFB565138F0704D782EF1C57C56E9E5.d.661D24DC526AD1CB3FA5216688091BA1.e.4583","ELEMENT":"f.0CFB565138F0704D782EF1C57C56E9E5.d.661D24DC526AD1CB3FA5216688091BA1.e.4583"}]}
RESULT: {"script":"<script> [8489 bytes]","args":[{"element-6066-11e4-a52e-4f735466cecf":"f.0CFB565138F0704D782EF1C57C56E9E5.d.661D24DC526AD1CB3FA5216688091BA1.e.4583","ELEMENT":"f.0CFB565138F0704D782EF1C57C56E9E5.d.661D24DC526AD1CB3FA5216688091BA1.e.4583"}]}
COMMAND: GET /session/365d56350ece7ddb67f22ecca89c6f97/element/f.0CFB565138F0704D782EF1C57C56E9E5.d.661D24DC526AD1CB3FA5216688091BA1.e.4583/enabled - {}
COMMAND: GET /session/365d56350ece7ddb67f22ecca89c6f97/screenshot - {}
RESULT: {}
COMMAND: POST /session/365d56350ece7ddb67f22ecca89c6f97/execute/sync - {"script":"<script> [8489 bytes]","args":[{"element-6066-11e4-a52e-4f735466cecf":"f.0CFB565138F0704D782EF1C57C56E9E5.d.661D24DC526AD1CB3FA5216688091BA1.e.4583","ELEMENT":"f.0CFB565138F0704D782EF1C57C56E9E5.d.661D24DC526AD1CB3FA5216688091BA1.e.4583"}]}
COMMAND: GET /session/365d56350ece7ddb67f22ecca89c6f97/screenshot - {}
RESULT: {}
RESULT: {"script":"<script> [8489 bytes]","args":[{"element-6066-11e4-a52e-4f735466cecf":"f.0CFB565138F0704D782EF1C57C56E9E5.d.661D24DC526AD1CB3FA5216688091BA1.e.4583","ELEMENT":"f.0CFB565138F0704D782EF1C57C56E9E5.d.661D24DC526AD1CB3FA5216688091BA1.e.4583"}]}
COMMAND: POST /session/365d56350ece7ddb67f22ecca89c6f97/execute/sync - {"script":"<script> [5351 bytes]","args":[{"element-6066-11e4-a52e-4f735466cecf":"f.0CFB565138F0704D782EF1C57C56E9E5.d.661D24DC526AD1CB3FA5216688091BA1.e.4583","ELEMENT":"f.0CFB565138F0704D782EF1C57C56E9E5.d.661D24DC526AD1CB3FA5216688091BA1.e.4583"}]}
COMMAND: GET /session/365d56350ece7ddb67f22ecca89c6f97/screenshot - {}
RESULT: {}
RESULT: {"script":"<script> [5351 bytes]","args":[{"element-6066-11e4-a52e-4f735466cecf":"f.0CFB565138F0704D782EF1C57C56E9E5.d.661D24DC526AD1CB3FA5216688091BA1.e.4583","ELEMENT":"f.0CFB565138F0704D782EF1C57C56E9E5.d.661D24DC526AD1CB3FA5216688091BA1.e.4583"}]}
COMMAND: GET /session/365d56350ece7ddb67f22ecca89c6f97/screenshot - {}
RESULT: {}
RESULT: {}
COMMAND: POST /session/365d56350ece7ddb67f22ecca89c6f97/element/f.0CFB565138F0704D782EF1C57C56E9E5.d.661D24DC526AD1CB3FA5216688091BA1.e.4583/click - {}
RESULT: {}
COMMAND: GET /session/365d56350ece7ddb67f22ecca89c6f97/screenshot - {}
RESULT: {}
COMMAND: POST /session/365d56350ece7ddb67f22ecca89c6f97/execute/async - {"script":"<script> [1562 bytes]","args":[{"selector":{"id":"application-managecontracts-display-component---AddNewContract--projectDescription","interaction":{"idSuffix":"inner"}},"wdio_ui5_key":"applicationmanagecontracts-display-component---AddNewContract--projectDescription"}]}
RESULT: {"script":"<script> [1562 bytes]","args":[{"selector":{"id":"application-managecontracts-display-component---AddNewContract--projectDescription","interaction":{"idSuffix":"inner"}},"wdio_ui5_key":"applicationmanagecontracts-display-component---AddNewContract--projectDescription"}]}
RESULT: undefined
COMMAND: POST /session/365d56350ece7ddb67f22ecca89c6f97/execute/async - {"script":"<script> [776 bytes]","args":[{"enterText":"Contract WDIO","selector":{"id":"application-managecontracts-display-component---AddNewContract--projectDescription","interaction":{"idSuffix":"inner"}},"clearTextFirst":true,"interactionType":"ENTER_TEXT"}]}
RESULT: {"script":"<script> [776 bytes]","args":[{"enterText":"Contract WDIO","selector":{"id":"application-managecontracts-display-component---AddNewContract--projectDescription","interaction":{"idSuffix":"inner"}},"clearTextFirst":true,"interactionType":"ENTER_TEXT"}]}
COMMAND: POST /session/365d56350ece7ddb67f22ecca89c6f97/element - {"using":"xpath","value":"//input[@id=\"application-managecontracts-display-component---AddNewContract--site-inner\"]"}
RESULT: {"using":"xpath","value":"//input[@id=\"application-managecontracts-display-component---AddNewContract--site-inner\"]"}
COMMAND: POST /session/365d56350ece7ddb67f22ecca89c6f97/element/f.0CFB565138F0704D782EF1C57C56E9E5.d.661D24DC526AD1CB3FA5216688091BA1.e.4947/clear - {}
RESULT: {}
COMMAND: POST /session/365d56350ece7ddb67f22ecca89c6f97/element/f.0CFB565138F0704D782EF1C57C56E9E5.d.661D24DC526AD1CB3FA5216688091BA1.e.4947/value - {"text":"2117"}
COMMAND: GET /session/365d56350ece7ddb67f22ecca89c6f97/screenshot - {}
RESULT: {"text":"2117"}
COMMAND: GET /session/365d56350ece7ddb67f22ecca89c6f97/screenshot - {}
RESULT: {}
RESULT: {}
COMMAND: POST /session/365d56350ece7ddb67f22ecca89c6f97/element - {"using":"xpath","value":"//li[.//span[text()='2117']]"}
RESULT: {"using":"xpath","value":"//li[.//span[text()='2117']]"}
COMMAND: POST /session/365d56350ece7ddb67f22ecca89c6f97/element/f.0CFB565138F0704D782EF1C57C56E9E5.d.661D24DC526AD1CB3FA5216688091BA1.e.5029/click - {}
RESULT: {}
COMMAND: GET /session/365d56350ece7ddb67f22ecca89c6f97/screenshot - {}
RESULT: {}
COMMAND: POST /session/365d56350ece7ddb67f22ecca89c6f97/element - {"using":"xpath","value":"//input[@id=\"application-managecontracts-display-component---AddNewContract--yardId-inner\"]"}
RESULT: {"using":"xpath","value":"//input[@id=\"application-managecontracts-display-component---AddNewContract--yardId-inner\"]"}
COMMAND: GET /session/365d56350ece7ddb67f22ecca89c6f97/element/f.0CFB565138F0704D782EF1C57C56E9E5.d.661D24DC526AD1CB3FA5216688091BA1.e.4948/property/value - {}
RESULT: {}
COMMAND: POST /session/365d56350ece7ddb67f22ecca89c6f97/element - {"using":"xpath","value":"//input[@id=\"application-managecontracts-display-component---AddNewContract--customerSelect-inner\"]"}
COMMAND: GET /session/365d56350ece7ddb67f22ecca89c6f97/screenshot - {}
RESULT: {"using":"xpath","value":"//input[@id=\"application-managecontracts-display-component---AddNewContract--customerSelect-inner\"]"}
COMMAND: POST /session/365d56350ece7ddb67f22ecca89c6f97/element/f.0CFB565138F0704D782EF1C57C56E9E5.d.661D24DC526AD1CB3FA5216688091BA1.e.4946/clear - {}
RESULT: {}
RESULT: {}
COMMAND: POST /session/365d56350ece7ddb67f22ecca89c6f97/element/f.0CFB565138F0704D782EF1C57C56E9E5.d.661D24DC526AD1CB3FA5216688091BA1.e.4946/value - {"text":"1124"}
COMMAND: GET /session/365d56350ece7ddb67f22ecca89c6f97/screenshot - {}
RESULT: {"text":"1124"}
COMMAND: GET /session/365d56350ece7ddb67f22ecca89c6f97/screenshot - {}
RESULT: {}
RESULT: {}
COMMAND: POST /session/365d56350ece7ddb67f22ecca89c6f97/element - {"using":"xpath","value":"//li[.//span[text()='1124']]"}
RESULT: {"using":"xpath","value":"//li[.//span[text()='1124']]"}
COMMAND: POST /session/365d56350ece7ddb67f22ecca89c6f97/element/f.0CFB565138F0704D782EF1C57C56E9E5.d.661D24DC526AD1CB3FA5216688091BA1.e.5032/click - {}
RESULT: {}
COMMAND: GET /session/365d56350ece7ddb67f22ecca89c6f97/screenshot - {}
RESULT: {}
COMMAND: POST /session/365d56350ece7ddb67f22ecca89c6f97/element - {"using":"xpath","value":"//button[@data-kt=\"saveButton\"]"}
RESULT: {"using":"xpath","value":"//button[@data-kt=\"saveButton\"]"}
COMMAND: POST /session/365d56350ece7ddb67f22ecca89c6f97/element/f.0CFB565138F0704D782EF1C57C56E9E5.d.661D24DC526AD1CB3FA5216688091BA1.e.5022/click - {}
RESULT: {}
COMMAND: GET /session/365d56350ece7ddb67f22ecca89c6f97/screenshot - {}
RESULT: {}
COMMAND: POST /session/365d56350ece7ddb67f22ecca89c6f97/element - {"using":"xpath","value":"//span[contains(@id ,\"contractDetailTitleNoExpanded\")]"}
RESULT: {"using":"xpath","value":"//span[contains(@id ,\"contractDetailTitleNoExpanded\")]"}
COMMAND: POST /session/365d56350ece7ddb67f22ecca89c6f97/elements - {"using":"xpath","value":"//span[contains(@id ,\"contractDetailTitleNoExpanded\")]"}
RESULT: {"using":"xpath","value":"//span[contains(@id ,\"contractDetailTitleNoExpanded\")]"}
COMMAND: POST /session/365d56350ece7ddb67f22ecca89c6f97/execute/sync - {"script":"<script> [56 bytes]","args":[{"element-6066-11e4-a52e-4f735466cecf":"f.0CFB565138F0704D782EF1C57C56E9E5.d.661D24DC526AD1CB3FA5216688091BA1.e.5045","ELEMENT":"f.0CFB565138F0704D782EF1C57C56E9E5.d.661D24DC526AD1CB3FA5216688091BA1.e.5045"}]}
RESULT: {"script":"<script> [56 bytes]","args":[{"element-6066-11e4-a52e-4f735466cecf":"f.0CFB565138F0704D782EF1C57C56E9E5.d.661D24DC526AD1CB3FA5216688091BA1.e.5045","ELEMENT":"f.0CFB565138F0704D782EF1C57C56E9E5.d.661D24DC526AD1CB3FA5216688091BA1.e.5045"}]}
COMMAND: GET /session/365d56350ece7ddb67f22ecca89c6f97/screenshot - {}
RESULT: {}
]]></system-out>
    </testcase>
    <testcase classname="chrome.136_0_7103_93.windows.Billing_confirm_US117289" name="Should add created equipment to contract" time="67.994">
      <failure/>
      <error message="Contract Item NR did not appear after 20 seconds"/>
      <system-out><![CDATA[
COMMAND: POST /session/365d56350ece7ddb67f22ecca89c6f97/element - {"using":"xpath","value":"//button[@data-kt=\"contractDetailEditBtnButton\"]"}
RESULT: {"using":"xpath","value":"//button[@data-kt=\"contractDetailEditBtnButton\"]"}
COMMAND: POST /session/365d56350ece7ddb67f22ecca89c6f97/element/f.0CFB565138F0704D782EF1C57C56E9E5.d.661D24DC526AD1CB3FA5216688091BA1.e.5046/click - {}
RESULT: {}
COMMAND: GET /session/365d56350ece7ddb67f22ecca89c6f97/screenshot - {}
RESULT: {}
COMMAND: POST /session/365d56350ece7ddb67f22ecca89c6f97/element - {"using":"xpath","value":"(//span[contains(text(), \"Additional Addresses\")])[2]"}
RESULT: {"using":"xpath","value":"(//span[contains(text(), \"Additional Addresses\")])[2]"}
COMMAND: POST /session/365d56350ece7ddb67f22ecca89c6f97/element/f.0CFB565138F0704D782EF1C57C56E9E5.d.661D24DC526AD1CB3FA5216688091BA1.e.5103/click - {}
RESULT: {}
COMMAND: GET /session/365d56350ece7ddb67f22ecca89c6f97/screenshot - {}
RESULT: {}
COMMAND: POST /session/365d56350ece7ddb67f22ecca89c6f97/element - {"using":"xpath","value":"//button[@data-kt=\"btnAddTableRowOverflowToolbarButton\"]"}
RESULT: {"using":"xpath","value":"//button[@data-kt=\"btnAddTableRowOverflowToolbarButton\"]"}
COMMAND: POST /session/365d56350ece7ddb67f22ecca89c6f97/element/f.0CFB565138F0704D782EF1C57C56E9E5.d.661D24DC526AD1CB3FA5216688091BA1.e.5105/click - {}
RESULT: {}
COMMAND: GET /session/365d56350ece7ddb67f22ecca89c6f97/screenshot - {}
RESULT: {}
COMMAND: POST /session/365d56350ece7ddb67f22ecca89c6f97/element - {"using":"xpath","value":"//div[(text() = 'Standard Entry' or . = 'Standard Entry')]"}
RESULT: {"using":"xpath","value":"//div[(text() = 'Standard Entry' or . = 'Standard Entry')]"}
COMMAND: POST /session/365d56350ece7ddb67f22ecca89c6f97/element/f.0CFB565138F0704D782EF1C57C56E9E5.d.661D24DC526AD1CB3FA5216688091BA1.e.5107/click - {}
RESULT: {}
COMMAND: GET /session/365d56350ece7ddb67f22ecca89c6f97/screenshot - {}
RESULT: {}
COMMAND: POST /session/365d56350ece7ddb67f22ecca89c6f97/element - {"using":"xpath","value":"//td[7]/div/div/input"}
RESULT: {"using":"xpath","value":"//td[7]/div/div/input"}
COMMAND: POST /session/365d56350ece7ddb67f22ecca89c6f97/element/f.0CFB565138F0704D782EF1C57C56E9E5.d.661D24DC526AD1CB3FA5216688091BA1.e.5116/clear - {}
RESULT: {}
COMMAND: POST /session/365d56350ece7ddb67f22ecca89c6f97/element/f.0CFB565138F0704D782EF1C57C56E9E5.d.661D24DC526AD1CB3FA5216688091BA1.e.5116/value - {"text":"fanyZaTHyX"}
COMMAND: GET /session/365d56350ece7ddb67f22ecca89c6f97/screenshot - {}
RESULT: {"text":"fanyZaTHyX"}
COMMAND: GET /session/365d56350ece7ddb67f22ecca89c6f97/screenshot - {}
RESULT: {}
RESULT: {}
COMMAND: POST /session/365d56350ece7ddb67f22ecca89c6f97/actions - {"actions":[{"id":"action18","type":"key","parameters":{},"actions":[{"type":"keyDown","value":""},{"type":"pause","duration":10},{"type":"keyUp","value":""}]}]}
RESULT: {"actions":[{"id":"action18","type":"key","parameters":{},"actions":[{"type":"keyDown","value":""},{"type":"pause","duration":10},{"type":"keyUp","value":""}]}]}
COMMAND: GET /session/365d56350ece7ddb67f22ecca89c6f97/screenshot - {}
COMMAND: POST /session/365d56350ece7ddb67f22ecca89c6f97/execute/sync - {"script":"<script> [276 bytes]","args":["No pricing information was found"]}
RESULT: {}
RESULT: {"script":"<script> [276 bytes]","args":["No pricing information was found"]}
COMMAND: POST /session/365d56350ece7ddb67f22ecca89c6f97/element - {"using":"xpath","value":"(//button[@data-kt=\"saveButton\"])[2]"}
COMMAND: GET /session/365d56350ece7ddb67f22ecca89c6f97/screenshot - {}
RESULT: {"using":"xpath","value":"(//button[@data-kt=\"saveButton\"])[2]"}
COMMAND: POST /session/365d56350ece7ddb67f22ecca89c6f97/element/f.0CFB565138F0704D782EF1C57C56E9E5.d.661D24DC526AD1CB3FA5216688091BA1.e.5131/click - {}
RESULT: {}
RESULT: {}
COMMAND: GET /session/365d56350ece7ddb67f22ecca89c6f97/screenshot - {}
RESULT: {}
RESULT: undefined
COMMAND: POST /session/365d56350ece7ddb67f22ecca89c6f97/execute/sync - {"script":"<script> [276 bytes]","args":["Some contract items are having rental validity exceeding header rental validity"]}
RESULT: {"script":"<script> [276 bytes]","args":["Some contract items are having rental validity exceeding header rental validity"]}
COMMAND: GET /session/365d56350ece7ddb67f22ecca89c6f97/screenshot - {}
RESULT: {}
COMMAND: POST /session/365d56350ece7ddb67f22ecca89c6f97/element - {"using":"xpath","value":"//span[contains(@id ,\"contractItemsSmartTable-header-inner\")]"}
RESULT: {"using":"xpath","value":"//span[contains(@id ,\"contractItemsSmartTable-header-inner\")]"}
COMMAND: POST /session/365d56350ece7ddb67f22ecca89c6f97/elements - {"using":"xpath","value":"//span[contains(@id ,\"contractItemsSmartTable-header-inner\")]"}
RESULT: {"using":"xpath","value":"//span[contains(@id ,\"contractItemsSmartTable-header-inner\")]"}
COMMAND: POST /session/365d56350ece7ddb67f22ecca89c6f97/execute/sync - {"script":"<script> [56 bytes]","args":[{"element-6066-11e4-a52e-4f735466cecf":"f.0CFB565138F0704D782EF1C57C56E9E5.d.661D24DC526AD1CB3FA5216688091BA1.e.5135","ELEMENT":"f.0CFB565138F0704D782EF1C57C56E9E5.d.661D24DC526AD1CB3FA5216688091BA1.e.5135"}]}
RESULT: {"script":"<script> [56 bytes]","args":[{"element-6066-11e4-a52e-4f735466cecf":"f.0CFB565138F0704D782EF1C57C56E9E5.d.661D24DC526AD1CB3FA5216688091BA1.e.5135","ELEMENT":"f.0CFB565138F0704D782EF1C57C56E9E5.d.661D24DC526AD1CB3FA5216688091BA1.e.5135"}]}
COMMAND: GET /session/365d56350ece7ddb67f22ecca89c6f97/screenshot - {}
RESULT: {}
COMMAND: POST /session/365d56350ece7ddb67f22ecca89c6f97/execute/sync - {"script":"<script> [56 bytes]","args":[{"element-6066-11e4-a52e-4f735466cecf":"f.0CFB565138F0704D782EF1C57C56E9E5.d.661D24DC526AD1CB3FA5216688091BA1.e.5135","ELEMENT":"f.0CFB565138F0704D782EF1C57C56E9E5.d.661D24DC526AD1CB3FA5216688091BA1.e.5135"}]}
RESULT: {"script":"<script> [56 bytes]","args":[{"element-6066-11e4-a52e-4f735466cecf":"f.0CFB565138F0704D782EF1C57C56E9E5.d.661D24DC526AD1CB3FA5216688091BA1.e.5135","ELEMENT":"f.0CFB565138F0704D782EF1C57C56E9E5.d.661D24DC526AD1CB3FA5216688091BA1.e.5135"}]}
COMMAND: GET /session/365d56350ece7ddb67f22ecca89c6f97/screenshot - {}
RESULT: {}
COMMAND: POST /session/365d56350ece7ddb67f22ecca89c6f97/execute/sync - {"script":"<script> [56 bytes]","args":[{"element-6066-11e4-a52e-4f735466cecf":"f.0CFB565138F0704D782EF1C57C56E9E5.d.661D24DC526AD1CB3FA5216688091BA1.e.5135","ELEMENT":"f.0CFB565138F0704D782EF1C57C56E9E5.d.661D24DC526AD1CB3FA5216688091BA1.e.5135"}]}
RESULT: {"script":"<script> [56 bytes]","args":[{"element-6066-11e4-a52e-4f735466cecf":"f.0CFB565138F0704D782EF1C57C56E9E5.d.661D24DC526AD1CB3FA5216688091BA1.e.5135","ELEMENT":"f.0CFB565138F0704D782EF1C57C56E9E5.d.661D24DC526AD1CB3FA5216688091BA1.e.5135"}]}
COMMAND: GET /session/365d56350ece7ddb67f22ecca89c6f97/screenshot - {}
RESULT: {}
COMMAND: POST /session/365d56350ece7ddb67f22ecca89c6f97/execute/sync - {"script":"<script> [56 bytes]","args":[{"element-6066-11e4-a52e-4f735466cecf":"f.0CFB565138F0704D782EF1C57C56E9E5.d.661D24DC526AD1CB3FA5216688091BA1.e.5135","ELEMENT":"f.0CFB565138F0704D782EF1C57C56E9E5.d.661D24DC526AD1CB3FA5216688091BA1.e.5135"}]}
RESULT: {"script":"<script> [56 bytes]","args":[{"element-6066-11e4-a52e-4f735466cecf":"f.0CFB565138F0704D782EF1C57C56E9E5.d.661D24DC526AD1CB3FA5216688091BA1.e.5135","ELEMENT":"f.0CFB565138F0704D782EF1C57C56E9E5.d.661D24DC526AD1CB3FA5216688091BA1.e.5135"}]}
COMMAND: GET /session/365d56350ece7ddb67f22ecca89c6f97/screenshot - {}
RESULT: {}
COMMAND: POST /session/365d56350ece7ddb67f22ecca89c6f97/execute/sync - {"script":"<script> [56 bytes]","args":[{"element-6066-11e4-a52e-4f735466cecf":"f.0CFB565138F0704D782EF1C57C56E9E5.d.661D24DC526AD1CB3FA5216688091BA1.e.5135","ELEMENT":"f.0CFB565138F0704D782EF1C57C56E9E5.d.661D24DC526AD1CB3FA5216688091BA1.e.5135"}]}
RESULT: {"script":"<script> [56 bytes]","args":[{"element-6066-11e4-a52e-4f735466cecf":"f.0CFB565138F0704D782EF1C57C56E9E5.d.661D24DC526AD1CB3FA5216688091BA1.e.5135","ELEMENT":"f.0CFB565138F0704D782EF1C57C56E9E5.d.661D24DC526AD1CB3FA5216688091BA1.e.5135"}]}
COMMAND: GET /session/365d56350ece7ddb67f22ecca89c6f97/screenshot - {}
RESULT: {}
COMMAND: POST /session/365d56350ece7ddb67f22ecca89c6f97/execute/sync - {"script":"<script> [56 bytes]","args":[{"element-6066-11e4-a52e-4f735466cecf":"f.0CFB565138F0704D782EF1C57C56E9E5.d.661D24DC526AD1CB3FA5216688091BA1.e.5135","ELEMENT":"f.0CFB565138F0704D782EF1C57C56E9E5.d.661D24DC526AD1CB3FA5216688091BA1.e.5135"}]}
RESULT: {"script":"<script> [56 bytes]","args":[{"element-6066-11e4-a52e-4f735466cecf":"f.0CFB565138F0704D782EF1C57C56E9E5.d.661D24DC526AD1CB3FA5216688091BA1.e.5135","ELEMENT":"f.0CFB565138F0704D782EF1C57C56E9E5.d.661D24DC526AD1CB3FA5216688091BA1.e.5135"}]}
COMMAND: GET /session/365d56350ece7ddb67f22ecca89c6f97/screenshot - {}
RESULT: {}
COMMAND: POST /session/365d56350ece7ddb67f22ecca89c6f97/execute/sync - {"script":"<script> [56 bytes]","args":[{"element-6066-11e4-a52e-4f735466cecf":"f.0CFB565138F0704D782EF1C57C56E9E5.d.661D24DC526AD1CB3FA5216688091BA1.e.5135","ELEMENT":"f.0CFB565138F0704D782EF1C57C56E9E5.d.661D24DC526AD1CB3FA5216688091BA1.e.5135"}]}
RESULT: {"script":"<script> [56 bytes]","args":[{"element-6066-11e4-a52e-4f735466cecf":"f.0CFB565138F0704D782EF1C57C56E9E5.d.661D24DC526AD1CB3FA5216688091BA1.e.5135","ELEMENT":"f.0CFB565138F0704D782EF1C57C56E9E5.d.661D24DC526AD1CB3FA5216688091BA1.e.5135"}]}
COMMAND: GET /session/365d56350ece7ddb67f22ecca89c6f97/screenshot - {}
RESULT: {}
COMMAND: POST /session/365d56350ece7ddb67f22ecca89c6f97/execute/sync - {"script":"<script> [56 bytes]","args":[{"element-6066-11e4-a52e-4f735466cecf":"f.0CFB565138F0704D782EF1C57C56E9E5.d.661D24DC526AD1CB3FA5216688091BA1.e.5135","ELEMENT":"f.0CFB565138F0704D782EF1C57C56E9E5.d.661D24DC526AD1CB3FA5216688091BA1.e.5135"}]}
RESULT: {"script":"<script> [56 bytes]","args":[{"element-6066-11e4-a52e-4f735466cecf":"f.0CFB565138F0704D782EF1C57C56E9E5.d.661D24DC526AD1CB3FA5216688091BA1.e.5135","ELEMENT":"f.0CFB565138F0704D782EF1C57C56E9E5.d.661D24DC526AD1CB3FA5216688091BA1.e.5135"}]}
COMMAND: GET /session/365d56350ece7ddb67f22ecca89c6f97/screenshot - {}
RESULT: {}
COMMAND: POST /session/365d56350ece7ddb67f22ecca89c6f97/execute/sync - {"script":"<script> [56 bytes]","args":[{"element-6066-11e4-a52e-4f735466cecf":"f.0CFB565138F0704D782EF1C57C56E9E5.d.661D24DC526AD1CB3FA5216688091BA1.e.5135","ELEMENT":"f.0CFB565138F0704D782EF1C57C56E9E5.d.661D24DC526AD1CB3FA5216688091BA1.e.5135"}]}
RESULT: {"script":"<script> [56 bytes]","args":[{"element-6066-11e4-a52e-4f735466cecf":"f.0CFB565138F0704D782EF1C57C56E9E5.d.661D24DC526AD1CB3FA5216688091BA1.e.5135","ELEMENT":"f.0CFB565138F0704D782EF1C57C56E9E5.d.661D24DC526AD1CB3FA5216688091BA1.e.5135"}]}
COMMAND: GET /session/365d56350ece7ddb67f22ecca89c6f97/screenshot - {}
COMMAND: POST /session/365d56350ece7ddb67f22ecca89c6f97/execute/sync - {"script":"<script> [56 bytes]","args":[{"element-6066-11e4-a52e-4f735466cecf":"f.0CFB565138F0704D782EF1C57C56E9E5.d.661D24DC526AD1CB3FA5216688091BA1.e.5135","ELEMENT":"f.0CFB565138F0704D782EF1C57C56E9E5.d.661D24DC526AD1CB3FA5216688091BA1.e.5135"}]}
RESULT: {}
RESULT: {"script":"<script> [56 bytes]","args":[{"element-6066-11e4-a52e-4f735466cecf":"f.0CFB565138F0704D782EF1C57C56E9E5.d.661D24DC526AD1CB3FA5216688091BA1.e.5135","ELEMENT":"f.0CFB565138F0704D782EF1C57C56E9E5.d.661D24DC526AD1CB3FA5216688091BA1.e.5135"}]}
COMMAND: GET /session/365d56350ece7ddb67f22ecca89c6f97/screenshot - {}
COMMAND: POST /session/365d56350ece7ddb67f22ecca89c6f97/execute/sync - {"script":"<script> [56 bytes]","args":[{"element-6066-11e4-a52e-4f735466cecf":"f.0CFB565138F0704D782EF1C57C56E9E5.d.661D24DC526AD1CB3FA5216688091BA1.e.5135","ELEMENT":"f.0CFB565138F0704D782EF1C57C56E9E5.d.661D24DC526AD1CB3FA5216688091BA1.e.5135"}]}
RESULT: {}
RESULT: {"script":"<script> [56 bytes]","args":[{"element-6066-11e4-a52e-4f735466cecf":"f.0CFB565138F0704D782EF1C57C56E9E5.d.661D24DC526AD1CB3FA5216688091BA1.e.5135","ELEMENT":"f.0CFB565138F0704D782EF1C57C56E9E5.d.661D24DC526AD1CB3FA5216688091BA1.e.5135"}]}
COMMAND: GET /session/365d56350ece7ddb67f22ecca89c6f97/screenshot - {}
RESULT: {}
COMMAND: POST /session/365d56350ece7ddb67f22ecca89c6f97/execute/sync - {"script":"<script> [56 bytes]","args":[{"element-6066-11e4-a52e-4f735466cecf":"f.0CFB565138F0704D782EF1C57C56E9E5.d.661D24DC526AD1CB3FA5216688091BA1.e.5135","ELEMENT":"f.0CFB565138F0704D782EF1C57C56E9E5.d.661D24DC526AD1CB3FA5216688091BA1.e.5135"}]}
RESULT: {"script":"<script> [56 bytes]","args":[{"element-6066-11e4-a52e-4f735466cecf":"f.0CFB565138F0704D782EF1C57C56E9E5.d.661D24DC526AD1CB3FA5216688091BA1.e.5135","ELEMENT":"f.0CFB565138F0704D782EF1C57C56E9E5.d.661D24DC526AD1CB3FA5216688091BA1.e.5135"}]}
COMMAND: GET /session/365d56350ece7ddb67f22ecca89c6f97/screenshot - {}
RESULT: {}
COMMAND: POST /session/365d56350ece7ddb67f22ecca89c6f97/execute/sync - {"script":"<script> [56 bytes]","args":[{"element-6066-11e4-a52e-4f735466cecf":"f.0CFB565138F0704D782EF1C57C56E9E5.d.661D24DC526AD1CB3FA5216688091BA1.e.5135","ELEMENT":"f.0CFB565138F0704D782EF1C57C56E9E5.d.661D24DC526AD1CB3FA5216688091BA1.e.5135"}]}
RESULT: {"script":"<script> [56 bytes]","args":[{"element-6066-11e4-a52e-4f735466cecf":"f.0CFB565138F0704D782EF1C57C56E9E5.d.661D24DC526AD1CB3FA5216688091BA1.e.5135","ELEMENT":"f.0CFB565138F0704D782EF1C57C56E9E5.d.661D24DC526AD1CB3FA5216688091BA1.e.5135"}]}
COMMAND: GET /session/365d56350ece7ddb67f22ecca89c6f97/screenshot - {}
RESULT: {}
COMMAND: POST /session/365d56350ece7ddb67f22ecca89c6f97/execute/sync - {"script":"<script> [56 bytes]","args":[{"element-6066-11e4-a52e-4f735466cecf":"f.0CFB565138F0704D782EF1C57C56E9E5.d.661D24DC526AD1CB3FA5216688091BA1.e.5135","ELEMENT":"f.0CFB565138F0704D782EF1C57C56E9E5.d.661D24DC526AD1CB3FA5216688091BA1.e.5135"}]}
RESULT: {"script":"<script> [56 bytes]","args":[{"element-6066-11e4-a52e-4f735466cecf":"f.0CFB565138F0704D782EF1C57C56E9E5.d.661D24DC526AD1CB3FA5216688091BA1.e.5135","ELEMENT":"f.0CFB565138F0704D782EF1C57C56E9E5.d.661D24DC526AD1CB3FA5216688091BA1.e.5135"}]}
COMMAND: GET /session/365d56350ece7ddb67f22ecca89c6f97/screenshot - {}
RESULT: {}
COMMAND: POST /session/365d56350ece7ddb67f22ecca89c6f97/execute/sync - {"script":"<script> [56 bytes]","args":[{"element-6066-11e4-a52e-4f735466cecf":"f.0CFB565138F0704D782EF1C57C56E9E5.d.661D24DC526AD1CB3FA5216688091BA1.e.5135","ELEMENT":"f.0CFB565138F0704D782EF1C57C56E9E5.d.661D24DC526AD1CB3FA5216688091BA1.e.5135"}]}
RESULT: {"script":"<script> [56 bytes]","args":[{"element-6066-11e4-a52e-4f735466cecf":"f.0CFB565138F0704D782EF1C57C56E9E5.d.661D24DC526AD1CB3FA5216688091BA1.e.5135","ELEMENT":"f.0CFB565138F0704D782EF1C57C56E9E5.d.661D24DC526AD1CB3FA5216688091BA1.e.5135"}]}
COMMAND: GET /session/365d56350ece7ddb67f22ecca89c6f97/screenshot - {}
RESULT: {}
COMMAND: POST /session/365d56350ece7ddb67f22ecca89c6f97/execute/sync - {"script":"<script> [56 bytes]","args":[{"element-6066-11e4-a52e-4f735466cecf":"f.0CFB565138F0704D782EF1C57C56E9E5.d.661D24DC526AD1CB3FA5216688091BA1.e.5135","ELEMENT":"f.0CFB565138F0704D782EF1C57C56E9E5.d.661D24DC526AD1CB3FA5216688091BA1.e.5135"}]}
RESULT: {"script":"<script> [56 bytes]","args":[{"element-6066-11e4-a52e-4f735466cecf":"f.0CFB565138F0704D782EF1C57C56E9E5.d.661D24DC526AD1CB3FA5216688091BA1.e.5135","ELEMENT":"f.0CFB565138F0704D782EF1C57C56E9E5.d.661D24DC526AD1CB3FA5216688091BA1.e.5135"}]}
COMMAND: GET /session/365d56350ece7ddb67f22ecca89c6f97/screenshot - {}
RESULT: {}
COMMAND: POST /session/365d56350ece7ddb67f22ecca89c6f97/execute/sync - {"script":"<script> [56 bytes]","args":[{"element-6066-11e4-a52e-4f735466cecf":"f.0CFB565138F0704D782EF1C57C56E9E5.d.661D24DC526AD1CB3FA5216688091BA1.e.5135","ELEMENT":"f.0CFB565138F0704D782EF1C57C56E9E5.d.661D24DC526AD1CB3FA5216688091BA1.e.5135"}]}
RESULT: {"script":"<script> [56 bytes]","args":[{"element-6066-11e4-a52e-4f735466cecf":"f.0CFB565138F0704D782EF1C57C56E9E5.d.661D24DC526AD1CB3FA5216688091BA1.e.5135","ELEMENT":"f.0CFB565138F0704D782EF1C57C56E9E5.d.661D24DC526AD1CB3FA5216688091BA1.e.5135"}]}
COMMAND: GET /session/365d56350ece7ddb67f22ecca89c6f97/screenshot - {}
RESULT: {}
COMMAND: POST /session/365d56350ece7ddb67f22ecca89c6f97/execute/sync - {"script":"<script> [56 bytes]","args":[{"element-6066-11e4-a52e-4f735466cecf":"f.0CFB565138F0704D782EF1C57C56E9E5.d.661D24DC526AD1CB3FA5216688091BA1.e.5135","ELEMENT":"f.0CFB565138F0704D782EF1C57C56E9E5.d.661D24DC526AD1CB3FA5216688091BA1.e.5135"}]}
RESULT: {"script":"<script> [56 bytes]","args":[{"element-6066-11e4-a52e-4f735466cecf":"f.0CFB565138F0704D782EF1C57C56E9E5.d.661D24DC526AD1CB3FA5216688091BA1.e.5135","ELEMENT":"f.0CFB565138F0704D782EF1C57C56E9E5.d.661D24DC526AD1CB3FA5216688091BA1.e.5135"}]}
COMMAND: GET /session/365d56350ece7ddb67f22ecca89c6f97/screenshot - {}
RESULT: {}
COMMAND: POST /session/365d56350ece7ddb67f22ecca89c6f97/execute/sync - {"script":"<script> [56 bytes]","args":[{"element-6066-11e4-a52e-4f735466cecf":"f.0CFB565138F0704D782EF1C57C56E9E5.d.661D24DC526AD1CB3FA5216688091BA1.e.5135","ELEMENT":"f.0CFB565138F0704D782EF1C57C56E9E5.d.661D24DC526AD1CB3FA5216688091BA1.e.5135"}]}
RESULT: {"script":"<script> [56 bytes]","args":[{"element-6066-11e4-a52e-4f735466cecf":"f.0CFB565138F0704D782EF1C57C56E9E5.d.661D24DC526AD1CB3FA5216688091BA1.e.5135","ELEMENT":"f.0CFB565138F0704D782EF1C57C56E9E5.d.661D24DC526AD1CB3FA5216688091BA1.e.5135"}]}
COMMAND: GET /session/365d56350ece7ddb67f22ecca89c6f97/screenshot - {}
RESULT: {}
COMMAND: POST /session/365d56350ece7ddb67f22ecca89c6f97/execute/sync - {"script":"<script> [56 bytes]","args":[{"element-6066-11e4-a52e-4f735466cecf":"f.0CFB565138F0704D782EF1C57C56E9E5.d.661D24DC526AD1CB3FA5216688091BA1.e.5135","ELEMENT":"f.0CFB565138F0704D782EF1C57C56E9E5.d.661D24DC526AD1CB3FA5216688091BA1.e.5135"}]}
RESULT: {"script":"<script> [56 bytes]","args":[{"element-6066-11e4-a52e-4f735466cecf":"f.0CFB565138F0704D782EF1C57C56E9E5.d.661D24DC526AD1CB3FA5216688091BA1.e.5135","ELEMENT":"f.0CFB565138F0704D782EF1C57C56E9E5.d.661D24DC526AD1CB3FA5216688091BA1.e.5135"}]}
COMMAND: GET /session/365d56350ece7ddb67f22ecca89c6f97/screenshot - {}
RESULT: {}
COMMAND: POST /session/365d56350ece7ddb67f22ecca89c6f97/execute/sync - {"script":"<script> [56 bytes]","args":[{"element-6066-11e4-a52e-4f735466cecf":"f.0CFB565138F0704D782EF1C57C56E9E5.d.661D24DC526AD1CB3FA5216688091BA1.e.5135","ELEMENT":"f.0CFB565138F0704D782EF1C57C56E9E5.d.661D24DC526AD1CB3FA5216688091BA1.e.5135"}]}
RESULT: {"script":"<script> [56 bytes]","args":[{"element-6066-11e4-a52e-4f735466cecf":"f.0CFB565138F0704D782EF1C57C56E9E5.d.661D24DC526AD1CB3FA5216688091BA1.e.5135","ELEMENT":"f.0CFB565138F0704D782EF1C57C56E9E5.d.661D24DC526AD1CB3FA5216688091BA1.e.5135"}]}
COMMAND: GET /session/365d56350ece7ddb67f22ecca89c6f97/screenshot - {}
RESULT: {}
COMMAND: POST /session/365d56350ece7ddb67f22ecca89c6f97/execute/sync - {"script":"<script> [56 bytes]","args":[{"element-6066-11e4-a52e-4f735466cecf":"f.0CFB565138F0704D782EF1C57C56E9E5.d.661D24DC526AD1CB3FA5216688091BA1.e.5135","ELEMENT":"f.0CFB565138F0704D782EF1C57C56E9E5.d.661D24DC526AD1CB3FA5216688091BA1.e.5135"}]}
RESULT: {"script":"<script> [56 bytes]","args":[{"element-6066-11e4-a52e-4f735466cecf":"f.0CFB565138F0704D782EF1C57C56E9E5.d.661D24DC526AD1CB3FA5216688091BA1.e.5135","ELEMENT":"f.0CFB565138F0704D782EF1C57C56E9E5.d.661D24DC526AD1CB3FA5216688091BA1.e.5135"}]}
COMMAND: GET /session/365d56350ece7ddb67f22ecca89c6f97/screenshot - {}
RESULT: {}
COMMAND: POST /session/365d56350ece7ddb67f22ecca89c6f97/execute/sync - {"script":"<script> [56 bytes]","args":[{"element-6066-11e4-a52e-4f735466cecf":"f.0CFB565138F0704D782EF1C57C56E9E5.d.661D24DC526AD1CB3FA5216688091BA1.e.5135","ELEMENT":"f.0CFB565138F0704D782EF1C57C56E9E5.d.661D24DC526AD1CB3FA5216688091BA1.e.5135"}]}
RESULT: {"script":"<script> [56 bytes]","args":[{"element-6066-11e4-a52e-4f735466cecf":"f.0CFB565138F0704D782EF1C57C56E9E5.d.661D24DC526AD1CB3FA5216688091BA1.e.5135","ELEMENT":"f.0CFB565138F0704D782EF1C57C56E9E5.d.661D24DC526AD1CB3FA5216688091BA1.e.5135"}]}
COMMAND: GET /session/365d56350ece7ddb67f22ecca89c6f97/screenshot - {}
RESULT: {}
COMMAND: POST /session/365d56350ece7ddb67f22ecca89c6f97/execute/sync - {"script":"<script> [56 bytes]","args":[{"element-6066-11e4-a52e-4f735466cecf":"f.0CFB565138F0704D782EF1C57C56E9E5.d.661D24DC526AD1CB3FA5216688091BA1.e.5135","ELEMENT":"f.0CFB565138F0704D782EF1C57C56E9E5.d.661D24DC526AD1CB3FA5216688091BA1.e.5135"}]}
RESULT: {"script":"<script> [56 bytes]","args":[{"element-6066-11e4-a52e-4f735466cecf":"f.0CFB565138F0704D782EF1C57C56E9E5.d.661D24DC526AD1CB3FA5216688091BA1.e.5135","ELEMENT":"f.0CFB565138F0704D782EF1C57C56E9E5.d.661D24DC526AD1CB3FA5216688091BA1.e.5135"}]}
COMMAND: GET /session/365d56350ece7ddb67f22ecca89c6f97/screenshot - {}
COMMAND: POST /session/365d56350ece7ddb67f22ecca89c6f97/execute/sync - {"script":"<script> [56 bytes]","args":[{"element-6066-11e4-a52e-4f735466cecf":"f.0CFB565138F0704D782EF1C57C56E9E5.d.661D24DC526AD1CB3FA5216688091BA1.e.5135","ELEMENT":"f.0CFB565138F0704D782EF1C57C56E9E5.d.661D24DC526AD1CB3FA5216688091BA1.e.5135"}]}
RESULT: {}
RESULT: {"script":"<script> [56 bytes]","args":[{"element-6066-11e4-a52e-4f735466cecf":"f.0CFB565138F0704D782EF1C57C56E9E5.d.661D24DC526AD1CB3FA5216688091BA1.e.5135","ELEMENT":"f.0CFB565138F0704D782EF1C57C56E9E5.d.661D24DC526AD1CB3FA5216688091BA1.e.5135"}]}
COMMAND: GET /session/365d56350ece7ddb67f22ecca89c6f97/screenshot - {}
RESULT: {}
COMMAND: POST /session/365d56350ece7ddb67f22ecca89c6f97/execute/sync - {"script":"<script> [56 bytes]","args":[{"element-6066-11e4-a52e-4f735466cecf":"f.0CFB565138F0704D782EF1C57C56E9E5.d.661D24DC526AD1CB3FA5216688091BA1.e.5135","ELEMENT":"f.0CFB565138F0704D782EF1C57C56E9E5.d.661D24DC526AD1CB3FA5216688091BA1.e.5135"}]}
RESULT: {"script":"<script> [56 bytes]","args":[{"element-6066-11e4-a52e-4f735466cecf":"f.0CFB565138F0704D782EF1C57C56E9E5.d.661D24DC526AD1CB3FA5216688091BA1.e.5135","ELEMENT":"f.0CFB565138F0704D782EF1C57C56E9E5.d.661D24DC526AD1CB3FA5216688091BA1.e.5135"}]}
COMMAND: GET /session/365d56350ece7ddb67f22ecca89c6f97/screenshot - {}
RESULT: {}
COMMAND: POST /session/365d56350ece7ddb67f22ecca89c6f97/execute/sync - {"script":"<script> [56 bytes]","args":[{"element-6066-11e4-a52e-4f735466cecf":"f.0CFB565138F0704D782EF1C57C56E9E5.d.661D24DC526AD1CB3FA5216688091BA1.e.5135","ELEMENT":"f.0CFB565138F0704D782EF1C57C56E9E5.d.661D24DC526AD1CB3FA5216688091BA1.e.5135"}]}
RESULT: {"script":"<script> [56 bytes]","args":[{"element-6066-11e4-a52e-4f735466cecf":"f.0CFB565138F0704D782EF1C57C56E9E5.d.661D24DC526AD1CB3FA5216688091BA1.e.5135","ELEMENT":"f.0CFB565138F0704D782EF1C57C56E9E5.d.661D24DC526AD1CB3FA5216688091BA1.e.5135"}]}
COMMAND: GET /session/365d56350ece7ddb67f22ecca89c6f97/screenshot - {}
RESULT: {}
COMMAND: POST /session/365d56350ece7ddb67f22ecca89c6f97/execute/sync - {"script":"<script> [56 bytes]","args":[{"element-6066-11e4-a52e-4f735466cecf":"f.0CFB565138F0704D782EF1C57C56E9E5.d.661D24DC526AD1CB3FA5216688091BA1.e.5135","ELEMENT":"f.0CFB565138F0704D782EF1C57C56E9E5.d.661D24DC526AD1CB3FA5216688091BA1.e.5135"}]}
RESULT: {"script":"<script> [56 bytes]","args":[{"element-6066-11e4-a52e-4f735466cecf":"f.0CFB565138F0704D782EF1C57C56E9E5.d.661D24DC526AD1CB3FA5216688091BA1.e.5135","ELEMENT":"f.0CFB565138F0704D782EF1C57C56E9E5.d.661D24DC526AD1CB3FA5216688091BA1.e.5135"}]}
COMMAND: GET /session/365d56350ece7ddb67f22ecca89c6f97/screenshot - {}
RESULT: {}
COMMAND: POST /session/365d56350ece7ddb67f22ecca89c6f97/execute/sync - {"script":"<script> [56 bytes]","args":[{"element-6066-11e4-a52e-4f735466cecf":"f.0CFB565138F0704D782EF1C57C56E9E5.d.661D24DC526AD1CB3FA5216688091BA1.e.5135","ELEMENT":"f.0CFB565138F0704D782EF1C57C56E9E5.d.661D24DC526AD1CB3FA5216688091BA1.e.5135"}]}
RESULT: {"script":"<script> [56 bytes]","args":[{"element-6066-11e4-a52e-4f735466cecf":"f.0CFB565138F0704D782EF1C57C56E9E5.d.661D24DC526AD1CB3FA5216688091BA1.e.5135","ELEMENT":"f.0CFB565138F0704D782EF1C57C56E9E5.d.661D24DC526AD1CB3FA5216688091BA1.e.5135"}]}
COMMAND: GET /session/365d56350ece7ddb67f22ecca89c6f97/screenshot - {}
RESULT: {}
COMMAND: POST /session/365d56350ece7ddb67f22ecca89c6f97/execute/sync - {"script":"<script> [56 bytes]","args":[{"element-6066-11e4-a52e-4f735466cecf":"f.0CFB565138F0704D782EF1C57C56E9E5.d.661D24DC526AD1CB3FA5216688091BA1.e.5135","ELEMENT":"f.0CFB565138F0704D782EF1C57C56E9E5.d.661D24DC526AD1CB3FA5216688091BA1.e.5135"}]}
RESULT: {"script":"<script> [56 bytes]","args":[{"element-6066-11e4-a52e-4f735466cecf":"f.0CFB565138F0704D782EF1C57C56E9E5.d.661D24DC526AD1CB3FA5216688091BA1.e.5135","ELEMENT":"f.0CFB565138F0704D782EF1C57C56E9E5.d.661D24DC526AD1CB3FA5216688091BA1.e.5135"}]}
COMMAND: GET /session/365d56350ece7ddb67f22ecca89c6f97/screenshot - {}
RESULT: {}
COMMAND: POST /session/365d56350ece7ddb67f22ecca89c6f97/execute/sync - {"script":"<script> [56 bytes]","args":[{"element-6066-11e4-a52e-4f735466cecf":"f.0CFB565138F0704D782EF1C57C56E9E5.d.661D24DC526AD1CB3FA5216688091BA1.e.5135","ELEMENT":"f.0CFB565138F0704D782EF1C57C56E9E5.d.661D24DC526AD1CB3FA5216688091BA1.e.5135"}]}
RESULT: {"script":"<script> [56 bytes]","args":[{"element-6066-11e4-a52e-4f735466cecf":"f.0CFB565138F0704D782EF1C57C56E9E5.d.661D24DC526AD1CB3FA5216688091BA1.e.5135","ELEMENT":"f.0CFB565138F0704D782EF1C57C56E9E5.d.661D24DC526AD1CB3FA5216688091BA1.e.5135"}]}
COMMAND: GET /session/365d56350ece7ddb67f22ecca89c6f97/screenshot - {}
RESULT: {}
COMMAND: POST /session/365d56350ece7ddb67f22ecca89c6f97/execute/sync - {"script":"<script> [56 bytes]","args":[{"element-6066-11e4-a52e-4f735466cecf":"f.0CFB565138F0704D782EF1C57C56E9E5.d.661D24DC526AD1CB3FA5216688091BA1.e.5135","ELEMENT":"f.0CFB565138F0704D782EF1C57C56E9E5.d.661D24DC526AD1CB3FA5216688091BA1.e.5135"}]}
RESULT: {"script":"<script> [56 bytes]","args":[{"element-6066-11e4-a52e-4f735466cecf":"f.0CFB565138F0704D782EF1C57C56E9E5.d.661D24DC526AD1CB3FA5216688091BA1.e.5135","ELEMENT":"f.0CFB565138F0704D782EF1C57C56E9E5.d.661D24DC526AD1CB3FA5216688091BA1.e.5135"}]}
COMMAND: GET /session/365d56350ece7ddb67f22ecca89c6f97/screenshot - {}
RESULT: {}
COMMAND: POST /session/365d56350ece7ddb67f22ecca89c6f97/execute/sync - {"script":"<script> [56 bytes]","args":[{"element-6066-11e4-a52e-4f735466cecf":"f.0CFB565138F0704D782EF1C57C56E9E5.d.661D24DC526AD1CB3FA5216688091BA1.e.5135","ELEMENT":"f.0CFB565138F0704D782EF1C57C56E9E5.d.661D24DC526AD1CB3FA5216688091BA1.e.5135"}]}
RESULT: {"script":"<script> [56 bytes]","args":[{"element-6066-11e4-a52e-4f735466cecf":"f.0CFB565138F0704D782EF1C57C56E9E5.d.661D24DC526AD1CB3FA5216688091BA1.e.5135","ELEMENT":"f.0CFB565138F0704D782EF1C57C56E9E5.d.661D24DC526AD1CB3FA5216688091BA1.e.5135"}]}
COMMAND: GET /session/365d56350ece7ddb67f22ecca89c6f97/screenshot - {}
RESULT: {}
COMMAND: POST /session/365d56350ece7ddb67f22ecca89c6f97/execute/sync - {"script":"<script> [56 bytes]","args":[{"element-6066-11e4-a52e-4f735466cecf":"f.0CFB565138F0704D782EF1C57C56E9E5.d.661D24DC526AD1CB3FA5216688091BA1.e.5135","ELEMENT":"f.0CFB565138F0704D782EF1C57C56E9E5.d.661D24DC526AD1CB3FA5216688091BA1.e.5135"}]}
RESULT: {"script":"<script> [56 bytes]","args":[{"element-6066-11e4-a52e-4f735466cecf":"f.0CFB565138F0704D782EF1C57C56E9E5.d.661D24DC526AD1CB3FA5216688091BA1.e.5135","ELEMENT":"f.0CFB565138F0704D782EF1C57C56E9E5.d.661D24DC526AD1CB3FA5216688091BA1.e.5135"}]}
COMMAND: GET /session/365d56350ece7ddb67f22ecca89c6f97/screenshot - {}
RESULT: {}
COMMAND: POST /session/365d56350ece7ddb67f22ecca89c6f97/execute/sync - {"script":"<script> [56 bytes]","args":[{"element-6066-11e4-a52e-4f735466cecf":"f.0CFB565138F0704D782EF1C57C56E9E5.d.661D24DC526AD1CB3FA5216688091BA1.e.5135","ELEMENT":"f.0CFB565138F0704D782EF1C57C56E9E5.d.661D24DC526AD1CB3FA5216688091BA1.e.5135"}]}
RESULT: {"script":"<script> [56 bytes]","args":[{"element-6066-11e4-a52e-4f735466cecf":"f.0CFB565138F0704D782EF1C57C56E9E5.d.661D24DC526AD1CB3FA5216688091BA1.e.5135","ELEMENT":"f.0CFB565138F0704D782EF1C57C56E9E5.d.661D24DC526AD1CB3FA5216688091BA1.e.5135"}]}
COMMAND: GET /session/365d56350ece7ddb67f22ecca89c6f97/screenshot - {}
RESULT: {}
COMMAND: POST /session/365d56350ece7ddb67f22ecca89c6f97/execute/sync - {"script":"<script> [56 bytes]","args":[{"element-6066-11e4-a52e-4f735466cecf":"f.0CFB565138F0704D782EF1C57C56E9E5.d.661D24DC526AD1CB3FA5216688091BA1.e.5135","ELEMENT":"f.0CFB565138F0704D782EF1C57C56E9E5.d.661D24DC526AD1CB3FA5216688091BA1.e.5135"}]}
RESULT: {"script":"<script> [56 bytes]","args":[{"element-6066-11e4-a52e-4f735466cecf":"f.0CFB565138F0704D782EF1C57C56E9E5.d.661D24DC526AD1CB3FA5216688091BA1.e.5135","ELEMENT":"f.0CFB565138F0704D782EF1C57C56E9E5.d.661D24DC526AD1CB3FA5216688091BA1.e.5135"}]}
COMMAND: GET /session/365d56350ece7ddb67f22ecca89c6f97/screenshot - {}
RESULT: {}
COMMAND: POST /session/365d56350ece7ddb67f22ecca89c6f97/execute/sync - {"script":"<script> [56 bytes]","args":[{"element-6066-11e4-a52e-4f735466cecf":"f.0CFB565138F0704D782EF1C57C56E9E5.d.661D24DC526AD1CB3FA5216688091BA1.e.5135","ELEMENT":"f.0CFB565138F0704D782EF1C57C56E9E5.d.661D24DC526AD1CB3FA5216688091BA1.e.5135"}]}
RESULT: {"script":"<script> [56 bytes]","args":[{"element-6066-11e4-a52e-4f735466cecf":"f.0CFB565138F0704D782EF1C57C56E9E5.d.661D24DC526AD1CB3FA5216688091BA1.e.5135","ELEMENT":"f.0CFB565138F0704D782EF1C57C56E9E5.d.661D24DC526AD1CB3FA5216688091BA1.e.5135"}]}
COMMAND: GET /session/365d56350ece7ddb67f22ecca89c6f97/screenshot - {}
RESULT: {}
COMMAND: POST /session/365d56350ece7ddb67f22ecca89c6f97/execute/sync - {"script":"<script> [56 bytes]","args":[{"element-6066-11e4-a52e-4f735466cecf":"f.0CFB565138F0704D782EF1C57C56E9E5.d.661D24DC526AD1CB3FA5216688091BA1.e.5135","ELEMENT":"f.0CFB565138F0704D782EF1C57C56E9E5.d.661D24DC526AD1CB3FA5216688091BA1.e.5135"}]}
RESULT: {"script":"<script> [56 bytes]","args":[{"element-6066-11e4-a52e-4f735466cecf":"f.0CFB565138F0704D782EF1C57C56E9E5.d.661D24DC526AD1CB3FA5216688091BA1.e.5135","ELEMENT":"f.0CFB565138F0704D782EF1C57C56E9E5.d.661D24DC526AD1CB3FA5216688091BA1.e.5135"}]}
COMMAND: GET /session/365d56350ece7ddb67f22ecca89c6f97/screenshot - {}
RESULT: {}
COMMAND: POST /session/365d56350ece7ddb67f22ecca89c6f97/execute/sync - {"script":"<script> [56 bytes]","args":[{"element-6066-11e4-a52e-4f735466cecf":"f.0CFB565138F0704D782EF1C57C56E9E5.d.661D24DC526AD1CB3FA5216688091BA1.e.5135","ELEMENT":"f.0CFB565138F0704D782EF1C57C56E9E5.d.661D24DC526AD1CB3FA5216688091BA1.e.5135"}]}
RESULT: {"script":"<script> [56 bytes]","args":[{"element-6066-11e4-a52e-4f735466cecf":"f.0CFB565138F0704D782EF1C57C56E9E5.d.661D24DC526AD1CB3FA5216688091BA1.e.5135","ELEMENT":"f.0CFB565138F0704D782EF1C57C56E9E5.d.661D24DC526AD1CB3FA5216688091BA1.e.5135"}]}
COMMAND: GET /session/365d56350ece7ddb67f22ecca89c6f97/screenshot - {}
RESULT: {}
COMMAND: POST /session/365d56350ece7ddb67f22ecca89c6f97/execute/sync - {"script":"<script> [56 bytes]","args":[{"element-6066-11e4-a52e-4f735466cecf":"f.0CFB565138F0704D782EF1C57C56E9E5.d.661D24DC526AD1CB3FA5216688091BA1.e.5135","ELEMENT":"f.0CFB565138F0704D782EF1C57C56E9E5.d.661D24DC526AD1CB3FA5216688091BA1.e.5135"}]}
RESULT: {"script":"<script> [56 bytes]","args":[{"element-6066-11e4-a52e-4f735466cecf":"f.0CFB565138F0704D782EF1C57C56E9E5.d.661D24DC526AD1CB3FA5216688091BA1.e.5135","ELEMENT":"f.0CFB565138F0704D782EF1C57C56E9E5.d.661D24DC526AD1CB3FA5216688091BA1.e.5135"}]}
COMMAND: GET /session/365d56350ece7ddb67f22ecca89c6f97/screenshot - {}
RESULT: {}
COMMAND: GET /session/365d56350ece7ddb67f22ecca89c6f97/screenshot - {}
RESULT: {}
]]></system-out>
      <system-err><![CDATA[
Error: Contract Item NR did not appear after 20 seconds
    at async UtilsPrerequisites.addItemToContract (D:\a\1\s\test\specs\BTS\prerequisites-and-utils-functions.js:1902:39)
    at async Context.<anonymous> (D:\a\1\s\test\specs\BTS\billing-confirm.spec.js:67:9)
]]></system-err>
    </testcase>
    <testcase classname="chrome.136_0_7103_93.windows.Billing_confirm_US117289" name="Should do a provide to site handover" time="1.166">
      <failure/>
      <error message="element not interactable&#xA;  (Session info: chrome=136.0.7103.93)"/>
      <system-out><![CDATA[
COMMAND: POST /session/365d56350ece7ddb67f22ecca89c6f97/element - {"using":"xpath","value":"//button[@data-kt=\"provideButton\"]"}
COMMAND: GET /session/365d56350ece7ddb67f22ecca89c6f97/screenshot - {}
RESULT: {"using":"xpath","value":"//button[@data-kt=\"provideButton\"]"}
COMMAND: POST /session/365d56350ece7ddb67f22ecca89c6f97/element/f.0CFB565138F0704D782EF1C57C56E9E5.d.661D24DC526AD1CB3FA5216688091BA1.e.5136/click - {}
RESULT: {}
COMMAND: GET /session/365d56350ece7ddb67f22ecca89c6f97/screenshot - {}
RESULT: {}
]]></system-out>
      <system-err><![CDATA[
element not interactable: element not interactable
  (Session info: chrome=136.0.7103.93)
    at async UtilsPrerequisites.provideToSiteHandoverFromContractDetails (D:\a\1\s\test\specs\BTS\prerequisites-and-utils-functions.js:1919:9)
    at async Context.<anonymous> (D:\a\1\s\test\specs\BTS\billing-confirm.spec.js:71:9)
]]></system-err>
    </testcase>
    <testcase classname="chrome.136_0_7103_93.windows.Billing_confirm_US117289" name="Should trigger calculation" time="23.56">
      <failure/>
      <error message="element not interactable&#xA;  (Session info: chrome=136.0.7103.93)"/>
      <system-out><![CDATA[
COMMAND: POST /session/365d56350ece7ddb67f22ecca89c6f97/execute/async - {"script":"<script> [1562 bytes]","args":[{"selector":{"controlType":"sap.m.GenericTile","properties":{"header":"Manage Billings"}},"wdio_ui5_key":"sapm.GenericTile{\"header\":\"Manage Billings\"}"}]}
COMMAND: GET /session/365d56350ece7ddb67f22ecca89c6f97/screenshot - {}
RESULT: {"script":"<script> [1562 bytes]","args":[{"selector":{"controlType":"sap.m.GenericTile","properties":{"header":"Manage Billings"}},"wdio_ui5_key":"sapm.GenericTile{\"header\":\"Manage Billings\"}"}]}
RESULT: undefined
RESULT: {}
COMMAND: POST /session/365d56350ece7ddb67f22ecca89c6f97/elements - {"using":"xpath","value":"//span[text()='Error']"}
RESULT: {"using":"xpath","value":"//span[text()='Error']"}
COMMAND: POST /session/365d56350ece7ddb67f22ecca89c6f97/elements - {"using":"xpath","value":"//*[text()='Close']"}
RESULT: {"using":"xpath","value":"//*[text()='Close']"}
COMMAND: GET /session/365d56350ece7ddb67f22ecca89c6f97/element/f.0CFB565138F0704D782EF1C57C56E9E5.d.661D24DC526AD1CB3FA5216688091BA1.e.5138/enabled - {}
RESULT: {}
COMMAND: POST /session/365d56350ece7ddb67f22ecca89c6f97/execute/sync - {"script":"<script> [8489 bytes]","args":[{"element-6066-11e4-a52e-4f735466cecf":"f.0CFB565138F0704D782EF1C57C56E9E5.d.661D24DC526AD1CB3FA5216688091BA1.e.5138","ELEMENT":"f.0CFB565138F0704D782EF1C57C56E9E5.d.661D24DC526AD1CB3FA5216688091BA1.e.5138"}]}
COMMAND: GET /session/365d56350ece7ddb67f22ecca89c6f97/screenshot - {}
RESULT: {"script":"<script> [8489 bytes]","args":[{"element-6066-11e4-a52e-4f735466cecf":"f.0CFB565138F0704D782EF1C57C56E9E5.d.661D24DC526AD1CB3FA5216688091BA1.e.5138","ELEMENT":"f.0CFB565138F0704D782EF1C57C56E9E5.d.661D24DC526AD1CB3FA5216688091BA1.e.5138"}]}
COMMAND: POST /session/365d56350ece7ddb67f22ecca89c6f97/execute/sync - {"script":"<script> [5351 bytes]","args":[{"element-6066-11e4-a52e-4f735466cecf":"f.0CFB565138F0704D782EF1C57C56E9E5.d.661D24DC526AD1CB3FA5216688091BA1.e.5138","ELEMENT":"f.0CFB565138F0704D782EF1C57C56E9E5.d.661D24DC526AD1CB3FA5216688091BA1.e.5138"}]}
COMMAND: GET /session/365d56350ece7ddb67f22ecca89c6f97/screenshot - {}
RESULT: {}
RESULT: {"script":"<script> [5351 bytes]","args":[{"element-6066-11e4-a52e-4f735466cecf":"f.0CFB565138F0704D782EF1C57C56E9E5.d.661D24DC526AD1CB3FA5216688091BA1.e.5138","ELEMENT":"f.0CFB565138F0704D782EF1C57C56E9E5.d.661D24DC526AD1CB3FA5216688091BA1.e.5138"}]}
COMMAND: POST /session/365d56350ece7ddb67f22ecca89c6f97/element/f.0CFB565138F0704D782EF1C57C56E9E5.d.661D24DC526AD1CB3FA5216688091BA1.e.5138/click - {}
COMMAND: GET /session/365d56350ece7ddb67f22ecca89c6f97/screenshot - {}
RESULT: {}
RESULT: {}
COMMAND: POST /session/365d56350ece7ddb67f22ecca89c6f97/elements - {"using":"xpath","value":"//*[text()='OK']"}
COMMAND: GET /session/365d56350ece7ddb67f22ecca89c6f97/screenshot - {}
RESULT: {}
RESULT: {"using":"xpath","value":"//*[text()='OK']"}
RESULT: {}
COMMAND: POST /session/365d56350ece7ddb67f22ecca89c6f97/execute/async - {"script":"<script> [1562 bytes]","args":[{"selector":{"id":"application-managebillings-display-component---billRunCalcResult--smartFilterBar-btnBasicSearch","interaction":{"idSuffix":"I"}},"wdio_ui5_key":"applicationmanagebillings-display-component---billRunCalcResult--smartFilterBar-btnBasicSearch"}]}
RESULT: {"script":"<script> [1562 bytes]","args":[{"selector":{"id":"application-managebillings-display-component---billRunCalcResult--smartFilterBar-btnBasicSearch","interaction":{"idSuffix":"I"}},"wdio_ui5_key":"applicationmanagebillings-display-component---billRunCalcResult--smartFilterBar-btnBasicSearch"}]}
RESULT: undefined
COMMAND: POST /session/365d56350ece7ddb67f22ecca89c6f97/actions - {"actions":[{"id":"action19","type":"key","parameters":{},"actions":[{"type":"keyDown","value":""},{"type":"pause","duration":10},{"type":"keyUp","value":""}]}]}
RESULT: {"actions":[{"id":"action19","type":"key","parameters":{},"actions":[{"type":"keyDown","value":""},{"type":"pause","duration":10},{"type":"keyUp","value":""}]}]}
COMMAND: GET /session/365d56350ece7ddb67f22ecca89c6f97/screenshot - {}
COMMAND: POST /session/365d56350ece7ddb67f22ecca89c6f97/element - {"using":"xpath","value":"//td[@aria-colindex=\"1\"]/div/div[contains(@class, \"sapMCbBg\")]"}
RESULT: {}
RESULT: {"using":"xpath","value":"//td[@aria-colindex=\"1\"]/div/div[contains(@class, \"sapMCbBg\")]"}
COMMAND: POST /session/365d56350ece7ddb67f22ecca89c6f97/element/f.0CFB565138F0704D782EF1C57C56E9E5.d.661D24DC526AD1CB3FA5216688091BA1.e.5148/click - {}
COMMAND: GET /session/365d56350ece7ddb67f22ecca89c6f97/screenshot - {}
RESULT: {}
COMMAND: POST /session/365d56350ece7ddb67f22ecca89c6f97/element - {"using":"css selector","value":"#j_username"}
COMMAND: POST /session/365d56350ece7ddb67f22ecca89c6f97/url - {"url":"https://qa-testing-00-live-etm-ui.cfapps.eu10-004.hana.ondemand.com/"}
COMMAND: GET /session/365d56350ece7ddb67f22ecca89c6f97/screenshot - {}
COMMAND: GET /session/365d56350ece7ddb67f22ecca89c6f97/screenshot - {}
RESULT: {}
RESULT: {}
RESULT: {"url":"https://qa-testing-00-live-etm-ui.cfapps.eu10-004.hana.ondemand.com/"}
RESULT: undefined
COMMAND: GET /session/365d56350ece7ddb67f22ecca89c6f97/screenshot - {}
RESULT: {"using":"css selector","value":"#j_username"}
COMMAND: POST /session/365d56350ece7ddb67f22ecca89c6f97/element - {"using":"css selector","value":"#j_username"}
RESULT: {}
RESULT: {"using":"css selector","value":"#j_username"}
COMMAND: POST /session/365d56350ece7ddb67f22ecca89c6f97/element - {"using":"css selector","value":"#shell-header-logo"}
RESULT: {"using":"css selector","value":"#shell-header-logo"}
COMMAND: POST /session/365d56350ece7ddb67f22ecca89c6f97/execute/sync - {"script":"<script> [8489 bytes]","args":[{"element-6066-11e4-a52e-4f735466cecf":"f.0CFB565138F0704D782EF1C57C56E9E5.d.78E4F9FF222645454647C89148907F01.e.5231","ELEMENT":"f.0CFB565138F0704D782EF1C57C56E9E5.d.78E4F9FF222645454647C89148907F01.e.5231"}]}
RESULT: {"script":"<script> [8489 bytes]","args":[{"element-6066-11e4-a52e-4f735466cecf":"f.0CFB565138F0704D782EF1C57C56E9E5.d.78E4F9FF222645454647C89148907F01.e.5231","ELEMENT":"f.0CFB565138F0704D782EF1C57C56E9E5.d.78E4F9FF222645454647C89148907F01.e.5231"}]}
COMMAND: POST /session/365d56350ece7ddb67f22ecca89c6f97/element - {"using":"css selector","value":"#shell-header-logo"}
COMMAND: GET /session/365d56350ece7ddb67f22ecca89c6f97/screenshot - {}
RESULT: {"using":"css selector","value":"#shell-header-logo"}
COMMAND: POST /session/365d56350ece7ddb67f22ecca89c6f97/execute/sync - {"script":"<script> [8489 bytes]","args":[{"element-6066-11e4-a52e-4f735466cecf":"f.0CFB565138F0704D782EF1C57C56E9E5.d.78E4F9FF222645454647C89148907F01.e.5231","ELEMENT":"f.0CFB565138F0704D782EF1C57C56E9E5.d.78E4F9FF222645454647C89148907F01.e.5231"}]}
RESULT: {}
RESULT: {"script":"<script> [8489 bytes]","args":[{"element-6066-11e4-a52e-4f735466cecf":"f.0CFB565138F0704D782EF1C57C56E9E5.d.78E4F9FF222645454647C89148907F01.e.5231","ELEMENT":"f.0CFB565138F0704D782EF1C57C56E9E5.d.78E4F9FF222645454647C89148907F01.e.5231"}]}
COMMAND: POST /session/365d56350ece7ddb67f22ecca89c6f97/execute/sync - {"script":"<script> [5351 bytes]","args":[{"element-6066-11e4-a52e-4f735466cecf":"f.0CFB565138F0704D782EF1C57C56E9E5.d.78E4F9FF222645454647C89148907F01.e.5231","ELEMENT":"f.0CFB565138F0704D782EF1C57C56E9E5.d.78E4F9FF222645454647C89148907F01.e.5231"}]}
COMMAND: GET /session/365d56350ece7ddb67f22ecca89c6f97/screenshot - {}
RESULT: {"script":"<script> [5351 bytes]","args":[{"element-6066-11e4-a52e-4f735466cecf":"f.0CFB565138F0704D782EF1C57C56E9E5.d.78E4F9FF222645454647C89148907F01.e.5231","ELEMENT":"f.0CFB565138F0704D782EF1C57C56E9E5.d.78E4F9FF222645454647C89148907F01.e.5231"}]}
COMMAND: POST /session/365d56350ece7ddb67f22ecca89c6f97/element - {"using":"css selector","value":"#shell-header-logo"}
COMMAND: GET /session/365d56350ece7ddb67f22ecca89c6f97/screenshot - {}
RESULT: {}
RESULT: {"using":"css selector","value":"#shell-header-logo"}
COMMAND: POST /session/365d56350ece7ddb67f22ecca89c6f97/element/f.0CFB565138F0704D782EF1C57C56E9E5.d.78E4F9FF222645454647C89148907F01.e.5231/click - {}
RESULT: {}
RESULT: {}
COMMAND: GET /session/365d56350ece7ddb67f22ecca89c6f97/screenshot - {}
RESULT: {}
COMMAND: POST /session/365d56350ece7ddb67f22ecca89c6f97/execute/async - {"script":"<script> [189 bytes]","args":[]}
RESULT: {"script":"<script> [189 bytes]","args":[]}
COMMAND: POST /session/365d56350ece7ddb67f22ecca89c6f97/execute/async - {"script":"<script> [123 bytes]","args":[]}
RESULT: {"script":"<script> [123 bytes]","args":[]}
COMMAND: POST /session/365d56350ece7ddb67f22ecca89c6f97/timeouts - {"script":"<number>"}
RESULT: {"script":"<number>"}
COMMAND: GET /session/365d56350ece7ddb67f22ecca89c6f97/timeouts - {}
RESULT: {}
RESULT: undefined
COMMAND: POST /session/365d56350ece7ddb67f22ecca89c6f97/execute/async - {"script":"<script> [2676 bytes]","args":[]}
RESULT: {"script":"<script> [2676 bytes]","args":[]}
COMMAND: POST /session/365d56350ece7ddb67f22ecca89c6f97/execute/async - {"script":"<script> [2342 bytes]","args":[{"protocol":"http","hostname":"0.0.0.0","path":"/","capabilities":{"browserName":"chrome","goog:chromeOptions":{"binary":"C:\\Program Files\\Google\\Chrome\\Application\\chrome.exe","args":["--start-maximized"]}},"logLevel":"warn","connectionRetryTimeout":120000,"connectionRetryCount":3,"logLevels":{},"enableDirectConnect":true,"strictSSL":true,"_":"65 more keys: [\"cacheDir\",\"port\",\"requestedCapabilities\",\"automationProtocol\",\"baseUrl\",\"waitforInterval\",\"waitforTimeout\",\"onReload\",\"beforeCommand\",\"afterCommand\",\"rootDir\",\"specs\",\"suites\",\"exclude\",\"groupLogsByTestSpec\",\"excludeDriverLogs\",\"bail\",\"framework\",\"reporters\",\"services\",\"maxInstances\",\"maxInstancesPerCapability\",\"injectGlobals\",\"filesToWatch\",\"execArgv\",\"runnerEnv\",\"runner\",\"shard\",\"specFileRetries\",\"specFileRetriesDelay\",\"specFileRetriesDeferred\",\"reporterSyncInterval\",\"reporterSyncTimeout\",\"cucumberFeaturesWithLineNumbers\",\"autoCompileOpts\",\"mochaOpts\",\"jasmineOpts\",\"cucumberOpts\",\"onPrepare\",\"onWorkerStart\",\"onWorkerEnd\",\"before\",\"beforeSession\",\"beforeSuite\",\"beforeHook\",\"beforeTest\",\"afterTest\",\"afterHook\",\"afterSuite\",\"afterSession\",\"after\",\"onComplete\",\"beforeAssertion\",\"afterAssertion\",\"beforeFeature\",\"beforeScenario\",\"beforeStep\",\"afterStep\",\"afterScenario\",\"afterFeature\",\"_\",\"suite\",\"$0\",\"ignoredWorkerServices\",\"wdi5\"]"}]}
RESULT: {"script":"<script> [2342 bytes]","args":[{"protocol":"http","hostname":"0.0.0.0","path":"/","capabilities":{"browserName":"chrome","goog:chromeOptions":{"binary":"C:\\Program Files\\Google\\Chrome\\Application\\chrome.exe","args":["--start-maximized"]}},"logLevel":"warn","connectionRetryTimeout":120000,"connectionRetryCount":3,"logLevels":{},"enableDirectConnect":true,"strictSSL":true,"_":"65 more keys: [\"cacheDir\",\"port\",\"requestedCapabilities\",\"automationProtocol\",\"baseUrl\",\"waitforInterval\",\"waitforTimeout\",\"onReload\",\"beforeCommand\",\"afterCommand\",\"rootDir\",\"specs\",\"suites\",\"exclude\",\"groupLogsByTestSpec\",\"excludeDriverLogs\",\"bail\",\"framework\",\"reporters\",\"services\",\"maxInstances\",\"maxInstancesPerCapability\",\"injectGlobals\",\"filesToWatch\",\"execArgv\",\"runnerEnv\",\"runner\",\"shard\",\"specFileRetries\",\"specFileRetriesDelay\",\"specFileRetriesDeferred\",\"reporterSyncInterval\",\"reporterSyncTimeout\",\"cucumberFeaturesWithLineNumbers\",\"autoCompileOpts\",\"mochaOpts\",\"jasmineOpts\",\"cucumberOpts\",\"onPrepare\",\"onWorkerStart\",\"onWorkerEnd\",\"before\",\"beforeSession\",\"beforeSuite\",\"beforeHook\",\"beforeTest\",\"afterTest\",\"afterHook\",\"afterSuite\",\"afterSession\",\"after\",\"onComplete\",\"beforeAssertion\",\"afterAssertion\",\"beforeFeature\",\"beforeScenario\",\"beforeStep\",\"afterStep\",\"afterScenario\",\"afterFeature\",\"_\",\"suite\",\"$0\",\"ignoredWorkerServices\",\"wdi5\"]"}]}
COMMAND: POST /session/365d56350ece7ddb67f22ecca89c6f97/execute/async - {"script":"<script> [21126 bytes]","args":[35000]}
RESULT: {"script":"<script> [21126 bytes]","args":[35000]}
COMMAND: POST /session/365d56350ece7ddb67f22ecca89c6f97/window/maximize - {}
RESULT: {}
COMMAND: POST /session/365d56350ece7ddb67f22ecca89c6f97/execute/async - {"script":"<script> [1562 bytes]","args":[{"selector":{"id":"shell-header","interaction":{"idSuffix":"icon"}},"wdio_ui5_key":"shellheader"}]}
COMMAND: GET /session/365d56350ece7ddb67f22ecca89c6f97/screenshot - {}
RESULT: {"script":"<script> [1562 bytes]","args":[{"selector":{"id":"shell-header","interaction":{"idSuffix":"icon"}},"wdio_ui5_key":"shellheader"}]}
RESULT: undefined
COMMAND: POST /session/365d56350ece7ddb67f22ecca89c6f97/refresh - {}
RESULT: {}
RESULT: {}
COMMAND: GET /session/365d56350ece7ddb67f22ecca89c6f97/screenshot - {}
RESULT: {}
COMMAND: POST /session/365d56350ece7ddb67f22ecca89c6f97/refresh - {}
RESULT: {}
COMMAND: GET /session/365d56350ece7ddb67f22ecca89c6f97/screenshot - {}
RESULT: {}
COMMAND: POST /session/365d56350ece7ddb67f22ecca89c6f97/window/fullscreen - {}
RESULT: {}
COMMAND: POST /session/365d56350ece7ddb67f22ecca89c6f97/execute/async - {"script":"<script> [189 bytes]","args":[]}
RESULT: {"script":"<script> [189 bytes]","args":[]}
COMMAND: POST /session/365d56350ece7ddb67f22ecca89c6f97/execute/async - {"script":"<script> [123 bytes]","args":[]}
RESULT: {"script":"<script> [123 bytes]","args":[]}
COMMAND: POST /session/365d56350ece7ddb67f22ecca89c6f97/timeouts - {"script":"<number>"}
RESULT: {"script":"<number>"}
COMMAND: GET /session/365d56350ece7ddb67f22ecca89c6f97/timeouts - {}
RESULT: {}
RESULT: undefined
COMMAND: POST /session/365d56350ece7ddb67f22ecca89c6f97/execute/async - {"script":"<script> [2676 bytes]","args":[]}
RESULT: {"script":"<script> [2676 bytes]","args":[]}
COMMAND: POST /session/365d56350ece7ddb67f22ecca89c6f97/execute/async - {"script":"<script> [2342 bytes]","args":[{"protocol":"http","hostname":"0.0.0.0","path":"/","capabilities":{"browserName":"chrome","goog:chromeOptions":{"binary":"C:\\Program Files\\Google\\Chrome\\Application\\chrome.exe","args":["--start-maximized"]}},"logLevel":"warn","connectionRetryTimeout":120000,"connectionRetryCount":3,"logLevels":{},"enableDirectConnect":true,"strictSSL":true,"_":"65 more keys: [\"cacheDir\",\"port\",\"requestedCapabilities\",\"automationProtocol\",\"baseUrl\",\"waitforInterval\",\"waitforTimeout\",\"onReload\",\"beforeCommand\",\"afterCommand\",\"rootDir\",\"specs\",\"suites\",\"exclude\",\"groupLogsByTestSpec\",\"excludeDriverLogs\",\"bail\",\"framework\",\"reporters\",\"services\",\"maxInstances\",\"maxInstancesPerCapability\",\"injectGlobals\",\"filesToWatch\",\"execArgv\",\"runnerEnv\",\"runner\",\"shard\",\"specFileRetries\",\"specFileRetriesDelay\",\"specFileRetriesDeferred\",\"reporterSyncInterval\",\"reporterSyncTimeout\",\"cucumberFeaturesWithLineNumbers\",\"autoCompileOpts\",\"mochaOpts\",\"jasmineOpts\",\"cucumberOpts\",\"onPrepare\",\"onWorkerStart\",\"onWorkerEnd\",\"before\",\"beforeSession\",\"beforeSuite\",\"beforeHook\",\"beforeTest\",\"afterTest\",\"afterHook\",\"afterSuite\",\"afterSession\",\"after\",\"onComplete\",\"beforeAssertion\",\"afterAssertion\",\"beforeFeature\",\"beforeScenario\",\"beforeStep\",\"afterStep\",\"afterScenario\",\"afterFeature\",\"_\",\"suite\",\"$0\",\"ignoredWorkerServices\",\"wdi5\"]"}]}
RESULT: {"script":"<script> [2342 bytes]","args":[{"protocol":"http","hostname":"0.0.0.0","path":"/","capabilities":{"browserName":"chrome","goog:chromeOptions":{"binary":"C:\\Program Files\\Google\\Chrome\\Application\\chrome.exe","args":["--start-maximized"]}},"logLevel":"warn","connectionRetryTimeout":120000,"connectionRetryCount":3,"logLevels":{},"enableDirectConnect":true,"strictSSL":true,"_":"65 more keys: [\"cacheDir\",\"port\",\"requestedCapabilities\",\"automationProtocol\",\"baseUrl\",\"waitforInterval\",\"waitforTimeout\",\"onReload\",\"beforeCommand\",\"afterCommand\",\"rootDir\",\"specs\",\"suites\",\"exclude\",\"groupLogsByTestSpec\",\"excludeDriverLogs\",\"bail\",\"framework\",\"reporters\",\"services\",\"maxInstances\",\"maxInstancesPerCapability\",\"injectGlobals\",\"filesToWatch\",\"execArgv\",\"runnerEnv\",\"runner\",\"shard\",\"specFileRetries\",\"specFileRetriesDelay\",\"specFileRetriesDeferred\",\"reporterSyncInterval\",\"reporterSyncTimeout\",\"cucumberFeaturesWithLineNumbers\",\"autoCompileOpts\",\"mochaOpts\",\"jasmineOpts\",\"cucumberOpts\",\"onPrepare\",\"onWorkerStart\",\"onWorkerEnd\",\"before\",\"beforeSession\",\"beforeSuite\",\"beforeHook\",\"beforeTest\",\"afterTest\",\"afterHook\",\"afterSuite\",\"afterSession\",\"after\",\"onComplete\",\"beforeAssertion\",\"afterAssertion\",\"beforeFeature\",\"beforeScenario\",\"beforeStep\",\"afterStep\",\"afterScenario\",\"afterFeature\",\"_\",\"suite\",\"$0\",\"ignoredWorkerServices\",\"wdi5\"]"}]}
COMMAND: POST /session/365d56350ece7ddb67f22ecca89c6f97/execute/async - {"script":"<script> [21126 bytes]","args":[35000]}
RESULT: {"script":"<script> [21126 bytes]","args":[35000]}
]]></system-out>
      <system-err><![CDATA[
element not interactable: element not interactable
  (Session info: chrome=136.0.7103.93)
    at async UtilsPrerequisites.manageBillingsTriggerCalculation (D:\a\1\s\test\specs\BTS\prerequisites-and-utils-functions.js:2718:9)
    at async Context.<anonymous> (D:\a\1\s\test\specs\BTS\billing-confirm.spec.js:75:9)
]]></system-err>
    </testcase>
  </testsuite>
  <testsuite timestamp="2025-05-25T17:24:26" time="1408.973" tests="14" failures="0" errors="0" skipped="0">
    <properties>
      <property name="specId" value="0"/>
      <property name="suiteName" value="Create master data for mixed billing &amp; do billing calculation US151661"/>
      <property name="capabilities" value="chrome.136_0_7103_93.windows"/>
      <property name="file" value="file:///D:/a/1/s/test/specs/BTS/billing-calculation-mixed.spec.js"/>
    </properties>
    <testcase classname="chrome.136_0_7103_93.windows.Create_master_data_for_mixed_billing_&amp;_do_billing_calculation_US151661" name="Should create a new yard" time="143.596">
      <system-out><![CDATA[
COMMAND: POST /session/365d56350ece7ddb67f22ecca89c6f97/window/fullscreen - {}
RESULT: {}
COMMAND: POST /session/365d56350ece7ddb67f22ecca89c6f97/execute/async - {"script":"<script> [1562 bytes]","args":[{"selector":{"controlType":"sap.m.GenericTile","properties":{"header":"Manage Yards"}},"wdio_ui5_key":"sapm.GenericTile{\"header\":\"Manage Yards\"}"}]}
RESULT: {"script":"<script> [1562 bytes]","args":[{"selector":{"controlType":"sap.m.GenericTile","properties":{"header":"Manage Yards"}},"wdio_ui5_key":"sapm.GenericTile{\"header\":\"Manage Yards\"}"}]}
RESULT: undefined
COMMAND: POST /session/365d56350ece7ddb67f22ecca89c6f97/element - {"using":"xpath","value":"//*[@id=\"__tile41\"]"}
RESULT: {"using":"xpath","value":"//*[@id=\"__tile41\"]"}
COMMAND: POST /session/365d56350ece7ddb67f22ecca89c6f97/element/f.0CFB565138F0704D782EF1C57C56E9E5.d.771F63DC7CB7DA0DE4F7FF658A9B835B.e.5357/click - {}
RESULT: {}
COMMAND: GET /session/365d56350ece7ddb67f22ecca89c6f97/screenshot - {}
RESULT: {}
COMMAND: POST /session/365d56350ece7ddb67f22ecca89c6f97/elements - {"using":"xpath","value":"//span[text()='Error']"}
RESULT: {"using":"xpath","value":"//span[text()='Error']"}
COMMAND: POST /session/365d56350ece7ddb67f22ecca89c6f97/element - {"using":"xpath","value":"//button[@data-kt=\"addNewYardOverflowToolbarButton\"]"}
RESULT: {"using":"xpath","value":"//button[@data-kt=\"addNewYardOverflowToolbarButton\"]"}
COMMAND: POST /session/365d56350ece7ddb67f22ecca89c6f97/elements - {"using":"xpath","value":"//button[@data-kt=\"addNewYardOverflowToolbarButton\"]"}
RESULT: {"using":"xpath","value":"//button[@data-kt=\"addNewYardOverflowToolbarButton\"]"}
COMMAND: POST /session/365d56350ece7ddb67f22ecca89c6f97/elements - {"using":"xpath","value":"//button[@data-kt=\"addNewYardOverflowToolbarButton\"]"}
RESULT: {"using":"xpath","value":"//button[@data-kt=\"addNewYardOverflowToolbarButton\"]"}
COMMAND: POST /session/365d56350ece7ddb67f22ecca89c6f97/elements - {"using":"xpath","value":"//button[@data-kt=\"addNewYardOverflowToolbarButton\"]"}
RESULT: {"using":"xpath","value":"//button[@data-kt=\"addNewYardOverflowToolbarButton\"]"}
COMMAND: POST /session/365d56350ece7ddb67f22ecca89c6f97/elements - {"using":"xpath","value":"//button[@data-kt=\"addNewYardOverflowToolbarButton\"]"}
RESULT: {"using":"xpath","value":"//button[@data-kt=\"addNewYardOverflowToolbarButton\"]"}
COMMAND: POST /session/365d56350ece7ddb67f22ecca89c6f97/elements - {"using":"xpath","value":"//button[@data-kt=\"addNewYardOverflowToolbarButton\"]"}
RESULT: {"using":"xpath","value":"//button[@data-kt=\"addNewYardOverflowToolbarButton\"]"}
COMMAND: POST /session/365d56350ece7ddb67f22ecca89c6f97/elements - {"using":"xpath","value":"//button[@data-kt=\"addNewYardOverflowToolbarButton\"]"}
RESULT: {"using":"xpath","value":"//button[@data-kt=\"addNewYardOverflowToolbarButton\"]"}
COMMAND: POST /session/365d56350ece7ddb67f22ecca89c6f97/elements - {"using":"xpath","value":"//button[@data-kt=\"addNewYardOverflowToolbarButton\"]"}
RESULT: {"using":"xpath","value":"//button[@data-kt=\"addNewYardOverflowToolbarButton\"]"}
COMMAND: POST /session/365d56350ece7ddb67f22ecca89c6f97/elements - {"using":"xpath","value":"//button[@data-kt=\"addNewYardOverflowToolbarButton\"]"}
RESULT: {"using":"xpath","value":"//button[@data-kt=\"addNewYardOverflowToolbarButton\"]"}
COMMAND: POST /session/365d56350ece7ddb67f22ecca89c6f97/elements - {"using":"xpath","value":"//button[@data-kt=\"addNewYardOverflowToolbarButton\"]"}
RESULT: {"using":"xpath","value":"//button[@data-kt=\"addNewYardOverflowToolbarButton\"]"}
COMMAND: POST /session/365d56350ece7ddb67f22ecca89c6f97/elements - {"using":"xpath","value":"//button[@data-kt=\"addNewYardOverflowToolbarButton\"]"}
RESULT: {"using":"xpath","value":"//button[@data-kt=\"addNewYardOverflowToolbarButton\"]"}
COMMAND: POST /session/365d56350ece7ddb67f22ecca89c6f97/elements - {"using":"xpath","value":"//button[@data-kt=\"addNewYardOverflowToolbarButton\"]"}
RESULT: {"using":"xpath","value":"//button[@data-kt=\"addNewYardOverflowToolbarButton\"]"}
COMMAND: POST /session/365d56350ece7ddb67f22ecca89c6f97/elements - {"using":"xpath","value":"//button[@data-kt=\"addNewYardOverflowToolbarButton\"]"}
RESULT: {"using":"xpath","value":"//button[@data-kt=\"addNewYardOverflowToolbarButton\"]"}
COMMAND: POST /session/365d56350ece7ddb67f22ecca89c6f97/elements - {"using":"xpath","value":"//button[@data-kt=\"addNewYardOverflowToolbarButton\"]"}
RESULT: {"using":"xpath","value":"//button[@data-kt=\"addNewYardOverflowToolbarButton\"]"}
COMMAND: POST /session/365d56350ece7ddb67f22ecca89c6f97/elements - {"using":"xpath","value":"//button[@data-kt=\"addNewYardOverflowToolbarButton\"]"}
RESULT: {"using":"xpath","value":"//button[@data-kt=\"addNewYardOverflowToolbarButton\"]"}
COMMAND: POST /session/365d56350ece7ddb67f22ecca89c6f97/elements - {"using":"xpath","value":"//button[@data-kt=\"addNewYardOverflowToolbarButton\"]"}
RESULT: {"using":"xpath","value":"//button[@data-kt=\"addNewYardOverflowToolbarButton\"]"}
COMMAND: POST /session/365d56350ece7ddb67f22ecca89c6f97/element - {"using":"xpath","value":"//button[@data-kt=\"addNewYardOverflowToolbarButton\"]"}
RESULT: {"using":"xpath","value":"//button[@data-kt=\"addNewYardOverflowToolbarButton\"]"}
COMMAND: POST /session/365d56350ece7ddb67f22ecca89c6f97/execute/sync - {"script":"<script> [8489 bytes]","args":[{"element-6066-11e4-a52e-4f735466cecf":"f.0CFB565138F0704D782EF1C57C56E9E5.d.771F63DC7CB7DA0DE4F7FF658A9B835B.e.5491","ELEMENT":"f.0CFB565138F0704D782EF1C57C56E9E5.d.771F63DC7CB7DA0DE4F7FF658A9B835B.e.5491"}]}
RESULT: {"script":"<script> [8489 bytes]","args":[{"element-6066-11e4-a52e-4f735466cecf":"f.0CFB565138F0704D782EF1C57C56E9E5.d.771F63DC7CB7DA0DE4F7FF658A9B835B.e.5491","ELEMENT":"f.0CFB565138F0704D782EF1C57C56E9E5.d.771F63DC7CB7DA0DE4F7FF658A9B835B.e.5491"}]}
COMMAND: GET /session/365d56350ece7ddb67f22ecca89c6f97/element/f.0CFB565138F0704D782EF1C57C56E9E5.d.771F63DC7CB7DA0DE4F7FF658A9B835B.e.5491/enabled - {}
COMMAND: GET /session/365d56350ece7ddb67f22ecca89c6f97/screenshot - {}
RESULT: {}
COMMAND: POST /session/365d56350ece7ddb67f22ecca89c6f97/execute/sync - {"script":"<script> [8489 bytes]","args":[{"element-6066-11e4-a52e-4f735466cecf":"f.0CFB565138F0704D782EF1C57C56E9E5.d.771F63DC7CB7DA0DE4F7FF658A9B835B.e.5491","ELEMENT":"f.0CFB565138F0704D782EF1C57C56E9E5.d.771F63DC7CB7DA0DE4F7FF658A9B835B.e.5491"}]}
COMMAND: GET /session/365d56350ece7ddb67f22ecca89c6f97/screenshot - {}
RESULT: {}
RESULT: {"script":"<script> [8489 bytes]","args":[{"element-6066-11e4-a52e-4f735466cecf":"f.0CFB565138F0704D782EF1C57C56E9E5.d.771F63DC7CB7DA0DE4F7FF658A9B835B.e.5491","ELEMENT":"f.0CFB565138F0704D782EF1C57C56E9E5.d.771F63DC7CB7DA0DE4F7FF658A9B835B.e.5491"}]}
COMMAND: POST /session/365d56350ece7ddb67f22ecca89c6f97/execute/sync - {"script":"<script> [5351 bytes]","args":[{"element-6066-11e4-a52e-4f735466cecf":"f.0CFB565138F0704D782EF1C57C56E9E5.d.771F63DC7CB7DA0DE4F7FF658A9B835B.e.5491","ELEMENT":"f.0CFB565138F0704D782EF1C57C56E9E5.d.771F63DC7CB7DA0DE4F7FF658A9B835B.e.5491"}]}
RESULT: {}
COMMAND: GET /session/365d56350ece7ddb67f22ecca89c6f97/screenshot - {}
RESULT: {"script":"<script> [5351 bytes]","args":[{"element-6066-11e4-a52e-4f735466cecf":"f.0CFB565138F0704D782EF1C57C56E9E5.d.771F63DC7CB7DA0DE4F7FF658A9B835B.e.5491","ELEMENT":"f.0CFB565138F0704D782EF1C57C56E9E5.d.771F63DC7CB7DA0DE4F7FF658A9B835B.e.5491"}]}
COMMAND: POST /session/365d56350ece7ddb67f22ecca89c6f97/element/f.0CFB565138F0704D782EF1C57C56E9E5.d.771F63DC7CB7DA0DE4F7FF658A9B835B.e.5491/click - {}
COMMAND: GET /session/365d56350ece7ddb67f22ecca89c6f97/screenshot - {}
RESULT: {}
RESULT: {}
COMMAND: GET /session/365d56350ece7ddb67f22ecca89c6f97/screenshot - {}
RESULT: {}
RESULT: {}
COMMAND: POST /session/365d56350ece7ddb67f22ecca89c6f97/element - {"using":"xpath","value":"//input[@id=\"application-manageyards-display-component---NewYard--yardId-inner\"]"}
RESULT: {"using":"xpath","value":"//input[@id=\"application-manageyards-display-component---NewYard--yardId-inner\"]"}
COMMAND: POST /session/365d56350ece7ddb67f22ecca89c6f97/element - {"using":"xpath","value":"//input[@id=\"application-manageyards-display-component---NewYard--yardId-inner\"]"}
RESULT: {"using":"xpath","value":"//input[@id=\"application-manageyards-display-component---NewYard--yardId-inner\"]"}
COMMAND: POST /session/365d56350ece7ddb67f22ecca89c6f97/execute/async - {"script":"<script> [1562 bytes]","args":[{"selector":{"id":"application-manageyards-display-component---NewYard--addressDetailDetailsName1","interaction":{"idSuffix":"inner"}},"wdio_ui5_key":"applicationmanageyards-display-component---NewYard--addressDetailDetailsName1"}]}
RESULT: {"script":"<script> [1562 bytes]","args":[{"selector":{"id":"application-manageyards-display-component---NewYard--addressDetailDetailsName1","interaction":{"idSuffix":"inner"}},"wdio_ui5_key":"applicationmanageyards-display-component---NewYard--addressDetailDetailsName1"}]}
RESULT: undefined
COMMAND: POST /session/365d56350ece7ddb67f22ecca89c6f97/execute/async - {"script":"<script> [776 bytes]","args":[{"enterText":"Intercompany Yard wdIO","selector":{"id":"application-manageyards-display-component---NewYard--addressDetailDetailsName1","interaction":{"idSuffix":"inner"}},"clearTextFirst":true,"interactionType":"ENTER_TEXT"}]}
RESULT: {"script":"<script> [776 bytes]","args":[{"enterText":"Intercompany Yard wdIO","selector":{"id":"application-manageyards-display-component---NewYard--addressDetailDetailsName1","interaction":{"idSuffix":"inner"}},"clearTextFirst":true,"interactionType":"ENTER_TEXT"}]}
COMMAND: POST /session/365d56350ece7ddb67f22ecca89c6f97/execute/async - {"script":"<script> [1562 bytes]","args":[{"selector":{"id":"application-manageyards-display-component---NewYard--addressDetailDetailsLanguage-arrow"},"wdio_ui5_key":"applicationmanageyards-display-component---NewYard--addressDetailDetailsLanguage-arrow"}]}
RESULT: {"script":"<script> [1562 bytes]","args":[{"selector":{"id":"application-manageyards-display-component---NewYard--addressDetailDetailsLanguage-arrow"},"wdio_ui5_key":"applicationmanageyards-display-component---NewYard--addressDetailDetailsLanguage-arrow"}]}
RESULT: undefined
COMMAND: POST /session/365d56350ece7ddb67f22ecca89c6f97/element - {"using":"xpath","value":"//*[@id=\"application-manageyards-display-component---NewYard--addressDetailDetailsLanguage-arrow\"]"}
RESULT: {"using":"xpath","value":"//*[@id=\"application-manageyards-display-component---NewYard--addressDetailDetailsLanguage-arrow\"]"}
COMMAND: POST /session/365d56350ece7ddb67f22ecca89c6f97/element/f.0CFB565138F0704D782EF1C57C56E9E5.d.771F63DC7CB7DA0DE4F7FF658A9B835B.e.5913/click - {}
RESULT: {}
COMMAND: POST /session/365d56350ece7ddb67f22ecca89c6f97/element - {"using":"xpath","value":"//span[contains(text(), \"English\")]"}
COMMAND: GET /session/365d56350ece7ddb67f22ecca89c6f97/screenshot - {}
RESULT: {"using":"xpath","value":"//span[contains(text(), \"English\")]"}
COMMAND: POST /session/365d56350ece7ddb67f22ecca89c6f97/element/f.0CFB565138F0704D782EF1C57C56E9E5.d.771F63DC7CB7DA0DE4F7FF658A9B835B.e.5914/click - {}
RESULT: {}
RESULT: {}
COMMAND: POST /session/365d56350ece7ddb67f22ecca89c6f97/execute/async - {"script":"<script> [1562 bytes]","args":[{"selector":{"id":"application-manageyards-display-component---NewYard--addressDetailDetailsCity1","interaction":{"idSuffix":"inner"}},"wdio_ui5_key":"applicationmanageyards-display-component---NewYard--addressDetailDetailsCity1"}]}
COMMAND: GET /session/365d56350ece7ddb67f22ecca89c6f97/screenshot - {}
RESULT: {"script":"<script> [1562 bytes]","args":[{"selector":{"id":"application-manageyards-display-component---NewYard--addressDetailDetailsCity1","interaction":{"idSuffix":"inner"}},"wdio_ui5_key":"applicationmanageyards-display-component---NewYard--addressDetailDetailsCity1"}]}
RESULT: undefined
COMMAND: POST /session/365d56350ece7ddb67f22ecca89c6f97/execute/async - {"script":"<script> [776 bytes]","args":[{"enterText":"Rosario","selector":{"id":"application-manageyards-display-component---NewYard--addressDetailDetailsCity1","interaction":{"idSuffix":"inner"}},"clearTextFirst":true,"interactionType":"ENTER_TEXT"}]}
RESULT: {}
RESULT: {"script":"<script> [776 bytes]","args":[{"enterText":"Rosario","selector":{"id":"application-manageyards-display-component---NewYard--addressDetailDetailsCity1","interaction":{"idSuffix":"inner"}},"clearTextFirst":true,"interactionType":"ENTER_TEXT"}]}
COMMAND: POST /session/365d56350ece7ddb67f22ecca89c6f97/execute/async - {"script":"<script> [1562 bytes]","args":[{"selector":{"id":"application-manageyards-display-component---NewYard--addressDetailDetailsCountry-arrow"},"wdio_ui5_key":"applicationmanageyards-display-component---NewYard--addressDetailDetailsCountry-arrow"}]}
RESULT: {"script":"<script> [1562 bytes]","args":[{"selector":{"id":"application-manageyards-display-component---NewYard--addressDetailDetailsCountry-arrow"},"wdio_ui5_key":"applicationmanageyards-display-component---NewYard--addressDetailDetailsCountry-arrow"}]}
RESULT: undefined
COMMAND: POST /session/365d56350ece7ddb67f22ecca89c6f97/element - {"using":"xpath","value":"//*[@id=\"application-manageyards-display-component---NewYard--addressDetailDetailsCountry-arrow\"]"}
RESULT: {"using":"xpath","value":"//*[@id=\"application-manageyards-display-component---NewYard--addressDetailDetailsCountry-arrow\"]"}
COMMAND: POST /session/365d56350ece7ddb67f22ecca89c6f97/element/f.0CFB565138F0704D782EF1C57C56E9E5.d.771F63DC7CB7DA0DE4F7FF658A9B835B.e.5916/click - {}
RESULT: {}
COMMAND: POST /session/365d56350ece7ddb67f22ecca89c6f97/element - {"using":"xpath","value":"//span[contains(text(), \"Argentina\")]"}
COMMAND: GET /session/365d56350ece7ddb67f22ecca89c6f97/screenshot - {}
RESULT: {"using":"xpath","value":"//span[contains(text(), \"Argentina\")]"}
COMMAND: POST /session/365d56350ece7ddb67f22ecca89c6f97/element/f.0CFB565138F0704D782EF1C57C56E9E5.d.771F63DC7CB7DA0DE4F7FF658A9B835B.e.5918/click - {}
RESULT: {}
RESULT: {}
COMMAND: POST /session/365d56350ece7ddb67f22ecca89c6f97/execute/async - {"script":"<script> [1562 bytes]","args":[{"selector":{"id":"application-manageyards-display-component---NewYard--addressEditDetailsCostObjectCstType-arrow"},"wdio_ui5_key":"applicationmanageyards-display-component---NewYard--addressEditDetailsCostObjectCstType-arrow"}]}
COMMAND: GET /session/365d56350ece7ddb67f22ecca89c6f97/screenshot - {}
RESULT: {"script":"<script> [1562 bytes]","args":[{"selector":{"id":"application-manageyards-display-component---NewYard--addressEditDetailsCostObjectCstType-arrow"},"wdio_ui5_key":"applicationmanageyards-display-component---NewYard--addressEditDetailsCostObjectCstType-arrow"}]}
RESULT: undefined
COMMAND: POST /session/365d56350ece7ddb67f22ecca89c6f97/element - {"using":"xpath","value":"//*[@id=\"application-manageyards-display-component---NewYard--addressEditDetailsCostObjectCstType-arrow\"]"}
RESULT: {}
RESULT: {"using":"xpath","value":"//*[@id=\"application-manageyards-display-component---NewYard--addressEditDetailsCostObjectCstType-arrow\"]"}
COMMAND: POST /session/365d56350ece7ddb67f22ecca89c6f97/element/f.0CFB565138F0704D782EF1C57C56E9E5.d.771F63DC7CB7DA0DE4F7FF658A9B835B.e.5919/click - {}
RESULT: {}
COMMAND: POST /session/365d56350ece7ddb67f22ecca89c6f97/element - {"using":"xpath","value":"//span[contains(text(), \"Cost Center\")]"}
COMMAND: GET /session/365d56350ece7ddb67f22ecca89c6f97/screenshot - {}
RESULT: {"using":"xpath","value":"//span[contains(text(), \"Cost Center\")]"}
COMMAND: POST /session/365d56350ece7ddb67f22ecca89c6f97/element/f.0CFB565138F0704D782EF1C57C56E9E5.d.771F63DC7CB7DA0DE4F7FF658A9B835B.e.5920/click - {}
RESULT: {}
RESULT: {}
COMMAND: GET /session/365d56350ece7ddb67f22ecca89c6f97/screenshot - {}
RESULT: {}
COMMAND: POST /session/365d56350ece7ddb67f22ecca89c6f97/element - {"using":"xpath","value":"//span[@id=\"application-manageyards-display-component---NewYard--addressNewCostObjectCstID-vhi\"]"}
RESULT: {"using":"xpath","value":"//span[@id=\"application-manageyards-display-component---NewYard--addressNewCostObjectCstID-vhi\"]"}
COMMAND: POST /session/365d56350ece7ddb67f22ecca89c6f97/execute/sync - {"script":"<script> [8489 bytes]","args":[{"element-6066-11e4-a52e-4f735466cecf":"f.0CFB565138F0704D782EF1C57C56E9E5.d.771F63DC7CB7DA0DE4F7FF658A9B835B.e.5924","ELEMENT":"f.0CFB565138F0704D782EF1C57C56E9E5.d.771F63DC7CB7DA0DE4F7FF658A9B835B.e.5924"}]}
RESULT: {"script":"<script> [8489 bytes]","args":[{"element-6066-11e4-a52e-4f735466cecf":"f.0CFB565138F0704D782EF1C57C56E9E5.d.771F63DC7CB7DA0DE4F7FF658A9B835B.e.5924","ELEMENT":"f.0CFB565138F0704D782EF1C57C56E9E5.d.771F63DC7CB7DA0DE4F7FF658A9B835B.e.5924"}]}
COMMAND: POST /session/365d56350ece7ddb67f22ecca89c6f97/execute/async - {"script":"<script> [1562 bytes]","args":[{"selector":{"id":"application-manageyards-display-component---NewYard--addressNewCostObjectCstID-vhi"},"wdio_ui5_key":"applicationmanageyards-display-component---NewYard--addressNewCostObjectCstID-vhi"}]}
COMMAND: GET /session/365d56350ece7ddb67f22ecca89c6f97/screenshot - {}
RESULT: {"script":"<script> [1562 bytes]","args":[{"selector":{"id":"application-manageyards-display-component---NewYard--addressNewCostObjectCstID-vhi"},"wdio_ui5_key":"applicationmanageyards-display-component---NewYard--addressNewCostObjectCstID-vhi"}]}
RESULT: undefined
COMMAND: POST /session/365d56350ece7ddb67f22ecca89c6f97/element - {"using":"xpath","value":"//*[@id=\"application-manageyards-display-component---NewYard--addressNewCostObjectCstID-vhi\"]"}
RESULT: {}
RESULT: {"using":"xpath","value":"//*[@id=\"application-manageyards-display-component---NewYard--addressNewCostObjectCstID-vhi\"]"}
COMMAND: POST /session/365d56350ece7ddb67f22ecca89c6f97/element/f.0CFB565138F0704D782EF1C57C56E9E5.d.771F63DC7CB7DA0DE4F7FF658A9B835B.e.5924/click - {}
RESULT: {}
COMMAND: GET /session/365d56350ece7ddb67f22ecca89c6f97/screenshot - {}
RESULT: {}
COMMAND: POST /session/365d56350ece7ddb67f22ecca89c6f97/execute/async - {"script":"<script> [1562 bytes]","args":[{"selector":{"controlType":"sap.m.SearchField","properties":{"placeholder":"Search"},"searchOpenDialogs":true,"interaction":{"idSuffix":"I"}},"wdio_ui5_key":"sapm.SearchField{\"placeholder\":\"Search\"}"}]}
RESULT: {"script":"<script> [1562 bytes]","args":[{"selector":{"controlType":"sap.m.SearchField","properties":{"placeholder":"Search"},"searchOpenDialogs":true,"interaction":{"idSuffix":"I"}},"wdio_ui5_key":"sapm.SearchField{\"placeholder\":\"Search\"}"}]}
RESULT: undefined
COMMAND: POST /session/365d56350ece7ddb67f22ecca89c6f97/execute/async - {"script":"<script> [776 bytes]","args":[{"enterText":"bauh_b","selector":{"controlType":"sap.m.SearchField","properties":{"placeholder":"Search"},"searchOpenDialogs":true,"interaction":{"idSuffix":"I"}},"clearTextFirst":true,"interactionType":"ENTER_TEXT"}]}
RESULT: {"script":"<script> [776 bytes]","args":[{"enterText":"bauh_b","selector":{"controlType":"sap.m.SearchField","properties":{"placeholder":"Search"},"searchOpenDialogs":true,"interaction":{"idSuffix":"I"}},"clearTextFirst":true,"interactionType":"ENTER_TEXT"}]}
COMMAND: POST /session/365d56350ece7ddb67f22ecca89c6f97/actions - {"actions":[{"id":"action20","type":"key","parameters":{},"actions":[{"type":"keyDown","value":""},{"type":"pause","duration":10},{"type":"keyUp","value":""}]}]}
RESULT: {"actions":[{"id":"action20","type":"key","parameters":{},"actions":[{"type":"keyDown","value":""},{"type":"pause","duration":10},{"type":"keyUp","value":""}]}]}
COMMAND: GET /session/365d56350ece7ddb67f22ecca89c6f97/screenshot - {}
RESULT: {}
COMMAND: POST /session/365d56350ece7ddb67f22ecca89c6f97/element - {"using":"xpath","value":"//span[contains(text(), \"Demo Yard\")]"}
RESULT: {"using":"xpath","value":"//span[contains(text(), \"Demo Yard\")]"}
COMMAND: POST /session/365d56350ece7ddb67f22ecca89c6f97/element/f.0CFB565138F0704D782EF1C57C56E9E5.d.771F63DC7CB7DA0DE4F7FF658A9B835B.e.5965/click - {}
RESULT: {}
COMMAND: GET /session/365d56350ece7ddb67f22ecca89c6f97/screenshot - {}
RESULT: {}
COMMAND: POST /session/365d56350ece7ddb67f22ecca89c6f97/element - {"using":"xpath","value":"//bdi[contains(text(), \"OK\")]"}
RESULT: {"using":"xpath","value":"//bdi[contains(text(), \"OK\")]"}
COMMAND: POST /session/365d56350ece7ddb67f22ecca89c6f97/element/f.0CFB565138F0704D782EF1C57C56E9E5.d.771F63DC7CB7DA0DE4F7FF658A9B835B.e.5966/click - {}
RESULT: {}
COMMAND: GET /session/365d56350ece7ddb67f22ecca89c6f97/screenshot - {}
RESULT: {}
COMMAND: POST /session/365d56350ece7ddb67f22ecca89c6f97/execute/async - {"script":"<script> [1562 bytes]","args":[{"selector":{"id":"application-manageyards-display-component---NewYard--addressEditDetailsCurrency-arrow"},"wdio_ui5_key":"applicationmanageyards-display-component---NewYard--addressEditDetailsCurrency-arrow"}]}
RESULT: {"script":"<script> [1562 bytes]","args":[{"selector":{"id":"application-manageyards-display-component---NewYard--addressEditDetailsCurrency-arrow"},"wdio_ui5_key":"applicationmanageyards-display-component---NewYard--addressEditDetailsCurrency-arrow"}]}
RESULT: undefined
COMMAND: POST /session/365d56350ece7ddb67f22ecca89c6f97/element - {"using":"xpath","value":"//*[@id=\"application-manageyards-display-component---NewYard--addressEditDetailsCurrency-arrow\"]"}
RESULT: {"using":"xpath","value":"//*[@id=\"application-manageyards-display-component---NewYard--addressEditDetailsCurrency-arrow\"]"}
COMMAND: POST /session/365d56350ece7ddb67f22ecca89c6f97/element/f.0CFB565138F0704D782EF1C57C56E9E5.d.771F63DC7CB7DA0DE4F7FF658A9B835B.e.5969/click - {}
RESULT: {}
COMMAND: POST /session/365d56350ece7ddb67f22ecca89c6f97/element - {"using":"xpath","value":"//span[contains(text(), \"Euro\")]"}
COMMAND: GET /session/365d56350ece7ddb67f22ecca89c6f97/screenshot - {}
RESULT: {"using":"xpath","value":"//span[contains(text(), \"Euro\")]"}
COMMAND: POST /session/365d56350ece7ddb67f22ecca89c6f97/element/f.0CFB565138F0704D782EF1C57C56E9E5.d.771F63DC7CB7DA0DE4F7FF658A9B835B.e.5970/click - {}
RESULT: {}
RESULT: {}
COMMAND: POST /session/365d56350ece7ddb67f22ecca89c6f97/execute/async - {"script":"<script> [1562 bytes]","args":[{"selector":{"controlType":"sap.m.Input","viewName":"etm.portal.ui.manageyards.view.New","viewId":"application-manageyards-display-component---NewYard","bindingPath":{"path":"","propertyPath":"/CONTROLLING_AREA","modelName":"NewYardModel"},"interaction":{"idSuffix":"inner"}},"wdio_ui5_key":"etmportal.ui.manageyards.view.Newsap.m.Input{\"path\":\"\",\"propertyPath\":\"/CONTROLLING_AREA\",\"modelName\":\"NewYardModel\"}"}]}
COMMAND: GET /session/365d56350ece7ddb67f22ecca89c6f97/screenshot - {}
RESULT: {"script":"<script> [1562 bytes]","args":[{"selector":{"controlType":"sap.m.Input","viewName":"etm.portal.ui.manageyards.view.New","viewId":"application-manageyards-display-component---NewYard","bindingPath":{"path":"","propertyPath":"/CONTROLLING_AREA","modelName":"NewYardModel"},"interaction":{"idSuffix":"inner"}},"wdio_ui5_key":"etmportal.ui.manageyards.view.Newsap.m.Input{\"path\":\"\",\"propertyPath\":\"/CONTROLLING_AREA\",\"modelName\":\"NewYardModel\"}"}]}
RESULT: undefined
COMMAND: POST /session/365d56350ece7ddb67f22ecca89c6f97/execute/async - {"script":"<script> [776 bytes]","args":[{"enterText":"Z001","selector":{"controlType":"sap.m.Input","viewName":"etm.portal.ui.manageyards.view.New","viewId":"application-manageyards-display-component---NewYard","bindingPath":{"path":"","propertyPath":"/CONTROLLING_AREA","modelName":"NewYardModel"},"interaction":{"idSuffix":"inner"}},"clearTextFirst":true,"interactionType":"ENTER_TEXT"}]}
RESULT: {}
RESULT: {"script":"<script> [776 bytes]","args":[{"enterText":"Z001","selector":{"controlType":"sap.m.Input","viewName":"etm.portal.ui.manageyards.view.New","viewId":"application-manageyards-display-component---NewYard","bindingPath":{"path":"","propertyPath":"/CONTROLLING_AREA","modelName":"NewYardModel"},"interaction":{"idSuffix":"inner"}},"clearTextFirst":true,"interactionType":"ENTER_TEXT"}]}
COMMAND: POST /session/365d56350ece7ddb67f22ecca89c6f97/execute/async - {"script":"<script> [1562 bytes]","args":[{"selector":{"id":"application-manageyards-display-component---NewYard--companyCodeComboBox","interaction":{"idSuffix":"inner"}},"wdio_ui5_key":"applicationmanageyards-display-component---NewYard--companyCodeComboBox"}]}
RESULT: {"script":"<script> [1562 bytes]","args":[{"selector":{"id":"application-manageyards-display-component---NewYard--companyCodeComboBox","interaction":{"idSuffix":"inner"}},"wdio_ui5_key":"applicationmanageyards-display-component---NewYard--companyCodeComboBox"}]}
RESULT: undefined
COMMAND: POST /session/365d56350ece7ddb67f22ecca89c6f97/execute/async - {"script":"<script> [776 bytes]","args":[{"enterText":"1000","selector":{"id":"application-manageyards-display-component---NewYard--companyCodeComboBox","interaction":{"idSuffix":"inner"}},"clearTextFirst":true,"interactionType":"ENTER_TEXT"}]}
RESULT: {"script":"<script> [776 bytes]","args":[{"enterText":"1000","selector":{"id":"application-manageyards-display-component---NewYard--companyCodeComboBox","interaction":{"idSuffix":"inner"}},"clearTextFirst":true,"interactionType":"ENTER_TEXT"}]}
COMMAND: POST /session/365d56350ece7ddb67f22ecca89c6f97/execute/async - {"script":"<script> [1562 bytes]","args":[{"selector":{"controlType":"sap.m.Input","viewName":"etm.portal.ui.manageyards.view.New","viewId":"application-manageyards-display-component---NewYard","bindingPath":{"path":"","propertyPath":"/PLANT","modelName":"NewYardModel"},"interaction":{"idSuffix":"inner"}},"wdio_ui5_key":"etmportal.ui.manageyards.view.Newsap.m.Input{\"path\":\"\",\"propertyPath\":\"/PLANT\",\"modelName\":\"NewYardModel\"}"}]}
RESULT: {"script":"<script> [1562 bytes]","args":[{"selector":{"controlType":"sap.m.Input","viewName":"etm.portal.ui.manageyards.view.New","viewId":"application-manageyards-display-component---NewYard","bindingPath":{"path":"","propertyPath":"/PLANT","modelName":"NewYardModel"},"interaction":{"idSuffix":"inner"}},"wdio_ui5_key":"etmportal.ui.manageyards.view.Newsap.m.Input{\"path\":\"\",\"propertyPath\":\"/PLANT\",\"modelName\":\"NewYardModel\"}"}]}
RESULT: undefined
COMMAND: POST /session/365d56350ece7ddb67f22ecca89c6f97/execute/async - {"script":"<script> [776 bytes]","args":[{"enterText":"1001","selector":{"controlType":"sap.m.Input","viewName":"etm.portal.ui.manageyards.view.New","viewId":"application-manageyards-display-component---NewYard","bindingPath":{"path":"","propertyPath":"/PLANT","modelName":"NewYardModel"},"interaction":{"idSuffix":"inner"}},"clearTextFirst":true,"interactionType":"ENTER_TEXT"}]}
RESULT: {"script":"<script> [776 bytes]","args":[{"enterText":"1001","selector":{"controlType":"sap.m.Input","viewName":"etm.portal.ui.manageyards.view.New","viewId":"application-manageyards-display-component---NewYard","bindingPath":{"path":"","propertyPath":"/PLANT","modelName":"NewYardModel"},"interaction":{"idSuffix":"inner"}},"clearTextFirst":true,"interactionType":"ENTER_TEXT"}]}
COMMAND: POST /session/365d56350ece7ddb67f22ecca89c6f97/execute/async - {"script":"<script> [1562 bytes]","args":[{"selector":{"controlType":"sap.m.Input","viewName":"etm.portal.ui.manageyards.view.New","viewId":"application-manageyards-display-component---NewYard","bindingPath":{"path":"","propertyPath":"/SALES_AREA_VKORG","modelName":"NewYardModel"},"interaction":{"idSuffix":"inner"}},"wdio_ui5_key":"etmportal.ui.manageyards.view.Newsap.m.Input{\"path\":\"\",\"propertyPath\":\"/SALES_AREA_VKORG\",\"modelName\":\"NewYardModel\"}"}]}
RESULT: {"script":"<script> [1562 bytes]","args":[{"selector":{"controlType":"sap.m.Input","viewName":"etm.portal.ui.manageyards.view.New","viewId":"application-manageyards-display-component---NewYard","bindingPath":{"path":"","propertyPath":"/SALES_AREA_VKORG","modelName":"NewYardModel"},"interaction":{"idSuffix":"inner"}},"wdio_ui5_key":"etmportal.ui.manageyards.view.Newsap.m.Input{\"path\":\"\",\"propertyPath\":\"/SALES_AREA_VKORG\",\"modelName\":\"NewYardModel\"}"}]}
RESULT: undefined
COMMAND: POST /session/365d56350ece7ddb67f22ecca89c6f97/execute/async - {"script":"<script> [776 bytes]","args":[{"enterText":"C002","selector":{"controlType":"sap.m.Input","viewName":"etm.portal.ui.manageyards.view.New","viewId":"application-manageyards-display-component---NewYard","bindingPath":{"path":"","propertyPath":"/SALES_AREA_VKORG","modelName":"NewYardModel"},"interaction":{"idSuffix":"inner"}},"clearTextFirst":true,"interactionType":"ENTER_TEXT"}]}
RESULT: {"script":"<script> [776 bytes]","args":[{"enterText":"C002","selector":{"controlType":"sap.m.Input","viewName":"etm.portal.ui.manageyards.view.New","viewId":"application-manageyards-display-component---NewYard","bindingPath":{"path":"","propertyPath":"/SALES_AREA_VKORG","modelName":"NewYardModel"},"interaction":{"idSuffix":"inner"}},"clearTextFirst":true,"interactionType":"ENTER_TEXT"}]}
COMMAND: POST /session/365d56350ece7ddb67f22ecca89c6f97/execute/async - {"script":"<script> [1562 bytes]","args":[{"selector":{"controlType":"sap.m.Input","viewName":"etm.portal.ui.manageyards.view.New","viewId":"application-manageyards-display-component---NewYard","bindingPath":{"path":"","propertyPath":"/SALES_AREA_VTWEG","modelName":"NewYardModel"},"interaction":{"idSuffix":"inner"}},"wdio_ui5_key":"etmportal.ui.manageyards.view.Newsap.m.Input{\"path\":\"\",\"propertyPath\":\"/SALES_AREA_VTWEG\",\"modelName\":\"NewYardModel\"}"}]}
RESULT: {"script":"<script> [1562 bytes]","args":[{"selector":{"controlType":"sap.m.Input","viewName":"etm.portal.ui.manageyards.view.New","viewId":"application-manageyards-display-component---NewYard","bindingPath":{"path":"","propertyPath":"/SALES_AREA_VTWEG","modelName":"NewYardModel"},"interaction":{"idSuffix":"inner"}},"wdio_ui5_key":"etmportal.ui.manageyards.view.Newsap.m.Input{\"path\":\"\",\"propertyPath\":\"/SALES_AREA_VTWEG\",\"modelName\":\"NewYardModel\"}"}]}
RESULT: undefined
COMMAND: POST /session/365d56350ece7ddb67f22ecca89c6f97/execute/async - {"script":"<script> [776 bytes]","args":[{"enterText":"C2","selector":{"controlType":"sap.m.Input","viewName":"etm.portal.ui.manageyards.view.New","viewId":"application-manageyards-display-component---NewYard","bindingPath":{"path":"","propertyPath":"/SALES_AREA_VTWEG","modelName":"NewYardModel"},"interaction":{"idSuffix":"inner"}},"clearTextFirst":true,"interactionType":"ENTER_TEXT"}]}
RESULT: {"script":"<script> [776 bytes]","args":[{"enterText":"C2","selector":{"controlType":"sap.m.Input","viewName":"etm.portal.ui.manageyards.view.New","viewId":"application-manageyards-display-component---NewYard","bindingPath":{"path":"","propertyPath":"/SALES_AREA_VTWEG","modelName":"NewYardModel"},"interaction":{"idSuffix":"inner"}},"clearTextFirst":true,"interactionType":"ENTER_TEXT"}]}
COMMAND: POST /session/365d56350ece7ddb67f22ecca89c6f97/execute/async - {"script":"<script> [1562 bytes]","args":[{"selector":{"controlType":"sap.m.Input","viewName":"etm.portal.ui.manageyards.view.New","viewId":"application-manageyards-display-component---NewYard","bindingPath":{"path":"","propertyPath":"/SALES_AREA_SPART","modelName":"NewYardModel"},"interaction":{"idSuffix":"inner"}},"wdio_ui5_key":"etmportal.ui.manageyards.view.Newsap.m.Input{\"path\":\"\",\"propertyPath\":\"/SALES_AREA_SPART\",\"modelName\":\"NewYardModel\"}"}]}
RESULT: {"script":"<script> [1562 bytes]","args":[{"selector":{"controlType":"sap.m.Input","viewName":"etm.portal.ui.manageyards.view.New","viewId":"application-manageyards-display-component---NewYard","bindingPath":{"path":"","propertyPath":"/SALES_AREA_SPART","modelName":"NewYardModel"},"interaction":{"idSuffix":"inner"}},"wdio_ui5_key":"etmportal.ui.manageyards.view.Newsap.m.Input{\"path\":\"\",\"propertyPath\":\"/SALES_AREA_SPART\",\"modelName\":\"NewYardModel\"}"}]}
RESULT: undefined
COMMAND: POST /session/365d56350ece7ddb67f22ecca89c6f97/execute/async - {"script":"<script> [776 bytes]","args":[{"enterText":"C2","selector":{"controlType":"sap.m.Input","viewName":"etm.portal.ui.manageyards.view.New","viewId":"application-manageyards-display-component---NewYard","bindingPath":{"path":"","propertyPath":"/SALES_AREA_SPART","modelName":"NewYardModel"},"interaction":{"idSuffix":"inner"}},"clearTextFirst":true,"interactionType":"ENTER_TEXT"}]}
RESULT: {"script":"<script> [776 bytes]","args":[{"enterText":"C2","selector":{"controlType":"sap.m.Input","viewName":"etm.portal.ui.manageyards.view.New","viewId":"application-manageyards-display-component---NewYard","bindingPath":{"path":"","propertyPath":"/SALES_AREA_SPART","modelName":"NewYardModel"},"interaction":{"idSuffix":"inner"}},"clearTextFirst":true,"interactionType":"ENTER_TEXT"}]}
COMMAND: POST /session/365d56350ece7ddb67f22ecca89c6f97/execute/async - {"script":"<script> [1562 bytes]","args":[{"selector":{"controlType":"sap.m.Input","viewName":"etm.portal.ui.manageyards.view.New","viewId":"application-manageyards-display-component---NewYard","bindingPath":{"path":"","propertyPath":"/SHIP_POINT","modelName":"NewYardModel"},"interaction":{"idSuffix":"inner"}},"wdio_ui5_key":"etmportal.ui.manageyards.view.Newsap.m.Input{\"path\":\"\",\"propertyPath\":\"/SHIP_POINT\",\"modelName\":\"NewYardModel\"}"}]}
RESULT: {"script":"<script> [1562 bytes]","args":[{"selector":{"controlType":"sap.m.Input","viewName":"etm.portal.ui.manageyards.view.New","viewId":"application-manageyards-display-component---NewYard","bindingPath":{"path":"","propertyPath":"/SHIP_POINT","modelName":"NewYardModel"},"interaction":{"idSuffix":"inner"}},"wdio_ui5_key":"etmportal.ui.manageyards.view.Newsap.m.Input{\"path\":\"\",\"propertyPath\":\"/SHIP_POINT\",\"modelName\":\"NewYardModel\"}"}]}
RESULT: undefined
COMMAND: POST /session/365d56350ece7ddb67f22ecca89c6f97/execute/async - {"script":"<script> [776 bytes]","args":[{"enterText":"1710","selector":{"controlType":"sap.m.Input","viewName":"etm.portal.ui.manageyards.view.New","viewId":"application-manageyards-display-component---NewYard","bindingPath":{"path":"","propertyPath":"/SHIP_POINT","modelName":"NewYardModel"},"interaction":{"idSuffix":"inner"}},"clearTextFirst":true,"interactionType":"ENTER_TEXT"}]}
RESULT: {"script":"<script> [776 bytes]","args":[{"enterText":"1710","selector":{"controlType":"sap.m.Input","viewName":"etm.portal.ui.manageyards.view.New","viewId":"application-manageyards-display-component---NewYard","bindingPath":{"path":"","propertyPath":"/SHIP_POINT","modelName":"NewYardModel"},"interaction":{"idSuffix":"inner"}},"clearTextFirst":true,"interactionType":"ENTER_TEXT"}]}
COMMAND: POST /session/365d56350ece7ddb67f22ecca89c6f97/execute/async - {"script":"<script> [1562 bytes]","args":[{"selector":{"controlType":"sap.m.Input","viewName":"etm.portal.ui.manageyards.view.New","viewId":"application-manageyards-display-component---NewYard","bindingPath":{"path":"","propertyPath":"/DELIVERY_TYPE","modelName":"NewYardModel"},"interaction":{"idSuffix":"inner"}},"wdio_ui5_key":"etmportal.ui.manageyards.view.Newsap.m.Input{\"path\":\"\",\"propertyPath\":\"/DELIVERY_TYPE\",\"modelName\":\"NewYardModel\"}"}]}
RESULT: {"script":"<script> [1562 bytes]","args":[{"selector":{"controlType":"sap.m.Input","viewName":"etm.portal.ui.manageyards.view.New","viewId":"application-manageyards-display-component---NewYard","bindingPath":{"path":"","propertyPath":"/DELIVERY_TYPE","modelName":"NewYardModel"},"interaction":{"idSuffix":"inner"}},"wdio_ui5_key":"etmportal.ui.manageyards.view.Newsap.m.Input{\"path\":\"\",\"propertyPath\":\"/DELIVERY_TYPE\",\"modelName\":\"NewYardModel\"}"}]}
RESULT: undefined
COMMAND: POST /session/365d56350ece7ddb67f22ecca89c6f97/execute/async - {"script":"<script> [776 bytes]","args":[{"enterText":"ZL01","selector":{"controlType":"sap.m.Input","viewName":"etm.portal.ui.manageyards.view.New","viewId":"application-manageyards-display-component---NewYard","bindingPath":{"path":"","propertyPath":"/DELIVERY_TYPE","modelName":"NewYardModel"},"interaction":{"idSuffix":"inner"}},"clearTextFirst":true,"interactionType":"ENTER_TEXT"}]}
RESULT: {"script":"<script> [776 bytes]","args":[{"enterText":"ZL01","selector":{"controlType":"sap.m.Input","viewName":"etm.portal.ui.manageyards.view.New","viewId":"application-manageyards-display-component---NewYard","bindingPath":{"path":"","propertyPath":"/DELIVERY_TYPE","modelName":"NewYardModel"},"interaction":{"idSuffix":"inner"}},"clearTextFirst":true,"interactionType":"ENTER_TEXT"}]}
COMMAND: POST /session/365d56350ece7ddb67f22ecca89c6f97/execute/async - {"script":"<script> [1562 bytes]","args":[{"selector":{"controlType":"sap.m.Input","viewName":"etm.portal.ui.manageyards.view.New","viewId":"application-manageyards-display-component---NewYard","bindingPath":{"path":"","propertyPath":"/AUART","modelName":"NewYardModel"},"interaction":{"idSuffix":"inner"}},"wdio_ui5_key":"etmportal.ui.manageyards.view.Newsap.m.Input{\"path\":\"\",\"propertyPath\":\"/AUART\",\"modelName\":\"NewYardModel\"}"}]}
RESULT: {"script":"<script> [1562 bytes]","args":[{"selector":{"controlType":"sap.m.Input","viewName":"etm.portal.ui.manageyards.view.New","viewId":"application-manageyards-display-component---NewYard","bindingPath":{"path":"","propertyPath":"/AUART","modelName":"NewYardModel"},"interaction":{"idSuffix":"inner"}},"wdio_ui5_key":"etmportal.ui.manageyards.view.Newsap.m.Input{\"path\":\"\",\"propertyPath\":\"/AUART\",\"modelName\":\"NewYardModel\"}"}]}
RESULT: undefined
COMMAND: POST /session/365d56350ece7ddb67f22ecca89c6f97/execute/async - {"script":"<script> [776 bytes]","args":[{"enterText":"TA","selector":{"controlType":"sap.m.Input","viewName":"etm.portal.ui.manageyards.view.New","viewId":"application-manageyards-display-component---NewYard","bindingPath":{"path":"","propertyPath":"/AUART","modelName":"NewYardModel"},"interaction":{"idSuffix":"inner"}},"clearTextFirst":true,"interactionType":"ENTER_TEXT"}]}
RESULT: {"script":"<script> [776 bytes]","args":[{"enterText":"TA","selector":{"controlType":"sap.m.Input","viewName":"etm.portal.ui.manageyards.view.New","viewId":"application-manageyards-display-component---NewYard","bindingPath":{"path":"","propertyPath":"/AUART","modelName":"NewYardModel"},"interaction":{"idSuffix":"inner"}},"clearTextFirst":true,"interactionType":"ENTER_TEXT"}]}
COMMAND: POST /session/365d56350ece7ddb67f22ecca89c6f97/element - {"using":"xpath","value":"//button[@data-kt=\"newYardSaveButton\"]"}
RESULT: {"using":"xpath","value":"//button[@data-kt=\"newYardSaveButton\"]"}
COMMAND: POST /session/365d56350ece7ddb67f22ecca89c6f97/element/f.0CFB565138F0704D782EF1C57C56E9E5.d.771F63DC7CB7DA0DE4F7FF658A9B835B.e.5868/click - {}
RESULT: {}
COMMAND: GET /session/365d56350ece7ddb67f22ecca89c6f97/screenshot - {}
RESULT: {}
COMMAND: POST /session/365d56350ece7ddb67f22ecca89c6f97/element - {"using":"xpath","value":"//header[contains(@id, 'ObjectPageLayout-headerTitle')]/div[1]/div[2]/div[1]/span[1]"}
RESULT: {"using":"xpath","value":"//header[contains(@id, 'ObjectPageLayout-headerTitle')]/div[1]/div[2]/div[1]/span[1]"}
COMMAND: POST /session/365d56350ece7ddb67f22ecca89c6f97/elements - {"using":"xpath","value":"//header[contains(@id, 'ObjectPageLayout-headerTitle')]/div[1]/div[2]/div[1]/span[1]"}
RESULT: {"using":"xpath","value":"//header[contains(@id, 'ObjectPageLayout-headerTitle')]/div[1]/div[2]/div[1]/span[1]"}
COMMAND: POST /session/365d56350ece7ddb67f22ecca89c6f97/execute/sync - {"script":"<script> [56 bytes]","args":[{"element-6066-11e4-a52e-4f735466cecf":"f.0CFB565138F0704D782EF1C57C56E9E5.d.771F63DC7CB7DA0DE4F7FF658A9B835B.e.6188","ELEMENT":"f.0CFB565138F0704D782EF1C57C56E9E5.d.771F63DC7CB7DA0DE4F7FF658A9B835B.e.6188"}]}
RESULT: {"script":"<script> [56 bytes]","args":[{"element-6066-11e4-a52e-4f735466cecf":"f.0CFB565138F0704D782EF1C57C56E9E5.d.771F63DC7CB7DA0DE4F7FF658A9B835B.e.6188","ELEMENT":"f.0CFB565138F0704D782EF1C57C56E9E5.d.771F63DC7CB7DA0DE4F7FF658A9B835B.e.6188"}]}
COMMAND: GET /session/365d56350ece7ddb67f22ecca89c6f97/screenshot - {}
RESULT: {}
COMMAND: POST /session/365d56350ece7ddb67f22ecca89c6f97/element - {"using":"css selector","value":"#shell-header-logo"}
RESULT: {"using":"css selector","value":"#shell-header-logo"}
COMMAND: POST /session/365d56350ece7ddb67f22ecca89c6f97/element/f.0CFB565138F0704D782EF1C57C56E9E5.d.771F63DC7CB7DA0DE4F7FF658A9B835B.e.5460/click - {}
RESULT: {}
COMMAND: GET /session/365d56350ece7ddb67f22ecca89c6f97/screenshot - {}
RESULT: {}
COMMAND: POST /session/365d56350ece7ddb67f22ecca89c6f97/execute/sync - {"script":"<script> [299 bytes]","args":[["getModel","getResource"]]}
RESULT: {"script":"<script> [299 bytes]","args":[["getModel","getResource"]]}
]]></system-out>
    </testcase>
    <testcase classname="chrome.136_0_7103_93.windows.Create_master_data_for_mixed_billing_&amp;_do_billing_calculation_US151661" name="Should create a new partner" time="141.6">
      <system-out><![CDATA[
COMMAND: POST /session/365d56350ece7ddb67f22ecca89c6f97/window/fullscreen - {}
COMMAND: GET /session/365d56350ece7ddb67f22ecca89c6f97/screenshot - {}
RESULT: {}
COMMAND: POST /session/365d56350ece7ddb67f22ecca89c6f97/execute/async - {"script":"<script> [1562 bytes]","args":[{"selector":{"controlType":"sap.m.GenericTile","properties":{"header":"Manage Partners"}},"wdio_ui5_key":"sapm.GenericTile{\"header\":\"Manage Partners\"}"}]}
RESULT: {}
RESULT: {"script":"<script> [1562 bytes]","args":[{"selector":{"controlType":"sap.m.GenericTile","properties":{"header":"Manage Partners"}},"wdio_ui5_key":"sapm.GenericTile{\"header\":\"Manage Partners\"}"}]}
RESULT: undefined
COMMAND: POST /session/365d56350ece7ddb67f22ecca89c6f97/element - {"using":"xpath","value":"//*[@id=\"__tile38\"]"}
RESULT: {"using":"xpath","value":"//*[@id=\"__tile38\"]"}
COMMAND: POST /session/365d56350ece7ddb67f22ecca89c6f97/element/f.0CFB565138F0704D782EF1C57C56E9E5.d.771F63DC7CB7DA0DE4F7FF658A9B835B.e.5348/click - {}
RESULT: {}
COMMAND: GET /session/365d56350ece7ddb67f22ecca89c6f97/screenshot - {}
RESULT: {}
COMMAND: POST /session/365d56350ece7ddb67f22ecca89c6f97/elements - {"using":"xpath","value":"//span[text()='Error']"}
RESULT: {"using":"xpath","value":"//span[text()='Error']"}
COMMAND: POST /session/365d56350ece7ddb67f22ecca89c6f97/element - {"using":"xpath","value":"//button[@data-kt=\"addButton\"]"}
RESULT: {"using":"xpath","value":"//button[@data-kt=\"addButton\"]"}
COMMAND: POST /session/365d56350ece7ddb67f22ecca89c6f97/elements - {"using":"xpath","value":"//button[@data-kt=\"addButton\"]"}
RESULT: {"using":"xpath","value":"//button[@data-kt=\"addButton\"]"}
COMMAND: POST /session/365d56350ece7ddb67f22ecca89c6f97/execute/sync - {"script":"<script> [8489 bytes]","args":[{"element-6066-11e4-a52e-4f735466cecf":"f.0CFB565138F0704D782EF1C57C56E9E5.d.771F63DC7CB7DA0DE4F7FF658A9B835B.e.6236","ELEMENT":"f.0CFB565138F0704D782EF1C57C56E9E5.d.771F63DC7CB7DA0DE4F7FF658A9B835B.e.6236"}]}
RESULT: {"script":"<script> [8489 bytes]","args":[{"element-6066-11e4-a52e-4f735466cecf":"f.0CFB565138F0704D782EF1C57C56E9E5.d.771F63DC7CB7DA0DE4F7FF658A9B835B.e.6236","ELEMENT":"f.0CFB565138F0704D782EF1C57C56E9E5.d.771F63DC7CB7DA0DE4F7FF658A9B835B.e.6236"}]}
COMMAND: GET /session/365d56350ece7ddb67f22ecca89c6f97/element/f.0CFB565138F0704D782EF1C57C56E9E5.d.771F63DC7CB7DA0DE4F7FF658A9B835B.e.6236/enabled - {}
COMMAND: GET /session/365d56350ece7ddb67f22ecca89c6f97/screenshot - {}
RESULT: {}
COMMAND: POST /session/365d56350ece7ddb67f22ecca89c6f97/execute/sync - {"script":"<script> [8489 bytes]","args":[{"element-6066-11e4-a52e-4f735466cecf":"f.0CFB565138F0704D782EF1C57C56E9E5.d.771F63DC7CB7DA0DE4F7FF658A9B835B.e.6236","ELEMENT":"f.0CFB565138F0704D782EF1C57C56E9E5.d.771F63DC7CB7DA0DE4F7FF658A9B835B.e.6236"}]}
COMMAND: GET /session/365d56350ece7ddb67f22ecca89c6f97/screenshot - {}
RESULT: {}
RESULT: {"script":"<script> [8489 bytes]","args":[{"element-6066-11e4-a52e-4f735466cecf":"f.0CFB565138F0704D782EF1C57C56E9E5.d.771F63DC7CB7DA0DE4F7FF658A9B835B.e.6236","ELEMENT":"f.0CFB565138F0704D782EF1C57C56E9E5.d.771F63DC7CB7DA0DE4F7FF658A9B835B.e.6236"}]}
COMMAND: POST /session/365d56350ece7ddb67f22ecca89c6f97/execute/sync - {"script":"<script> [5351 bytes]","args":[{"element-6066-11e4-a52e-4f735466cecf":"f.0CFB565138F0704D782EF1C57C56E9E5.d.771F63DC7CB7DA0DE4F7FF658A9B835B.e.6236","ELEMENT":"f.0CFB565138F0704D782EF1C57C56E9E5.d.771F63DC7CB7DA0DE4F7FF658A9B835B.e.6236"}]}
COMMAND: GET /session/365d56350ece7ddb67f22ecca89c6f97/screenshot - {}
RESULT: {}
RESULT: {"script":"<script> [5351 bytes]","args":[{"element-6066-11e4-a52e-4f735466cecf":"f.0CFB565138F0704D782EF1C57C56E9E5.d.771F63DC7CB7DA0DE4F7FF658A9B835B.e.6236","ELEMENT":"f.0CFB565138F0704D782EF1C57C56E9E5.d.771F63DC7CB7DA0DE4F7FF658A9B835B.e.6236"}]}
COMMAND: POST /session/365d56350ece7ddb67f22ecca89c6f97/element/f.0CFB565138F0704D782EF1C57C56E9E5.d.771F63DC7CB7DA0DE4F7FF658A9B835B.e.6236/click - {}
COMMAND: GET /session/365d56350ece7ddb67f22ecca89c6f97/screenshot - {}
RESULT: {}
RESULT: {}
COMMAND: GET /session/365d56350ece7ddb67f22ecca89c6f97/screenshot - {}
COMMAND: POST /session/365d56350ece7ddb67f22ecca89c6f97/execute/async - {"script":"<script> [1562 bytes]","args":[{"selector":{"id":"application-managepartners-display-component---NewPartner--addressDetailDetailsName1","interaction":{"idSuffix":"inner"}},"wdio_ui5_key":"applicationmanagepartners-display-component---NewPartner--addressDetailDetailsName1"}]}
RESULT: {}
RESULT: {}
RESULT: {"script":"<script> [1562 bytes]","args":[{"selector":{"id":"application-managepartners-display-component---NewPartner--addressDetailDetailsName1","interaction":{"idSuffix":"inner"}},"wdio_ui5_key":"applicationmanagepartners-display-component---NewPartner--addressDetailDetailsName1"}]}
RESULT: undefined
COMMAND: POST /session/365d56350ece7ddb67f22ecca89c6f97/execute/async - {"script":"<script> [776 bytes]","args":[{"enterText":"Intercompany Partner WDIO","selector":{"id":"application-managepartners-display-component---NewPartner--addressDetailDetailsName1","interaction":{"idSuffix":"inner"}},"clearTextFirst":true,"interactionType":"ENTER_TEXT"}]}
RESULT: {"script":"<script> [776 bytes]","args":[{"enterText":"Intercompany Partner WDIO","selector":{"id":"application-managepartners-display-component---NewPartner--addressDetailDetailsName1","interaction":{"idSuffix":"inner"}},"clearTextFirst":true,"interactionType":"ENTER_TEXT"}]}
COMMAND: POST /session/365d56350ece7ddb67f22ecca89c6f97/execute/async - {"script":"<script> [1562 bytes]","args":[{"selector":{"id":"application-managepartners-display-component---NewPartner--addressDetailDetailsLanguage-arrow"},"wdio_ui5_key":"applicationmanagepartners-display-component---NewPartner--addressDetailDetailsLanguage-arrow"}]}
RESULT: {"script":"<script> [1562 bytes]","args":[{"selector":{"id":"application-managepartners-display-component---NewPartner--addressDetailDetailsLanguage-arrow"},"wdio_ui5_key":"applicationmanagepartners-display-component---NewPartner--addressDetailDetailsLanguage-arrow"}]}
RESULT: undefined
COMMAND: POST /session/365d56350ece7ddb67f22ecca89c6f97/element - {"using":"xpath","value":"//*[@id=\"application-managepartners-display-component---NewPartner--addressDetailDetailsLanguage-arrow\"]"}
RESULT: {"using":"xpath","value":"//*[@id=\"application-managepartners-display-component---NewPartner--addressDetailDetailsLanguage-arrow\"]"}
COMMAND: POST /session/365d56350ece7ddb67f22ecca89c6f97/element/f.0CFB565138F0704D782EF1C57C56E9E5.d.771F63DC7CB7DA0DE4F7FF658A9B835B.e.6666/click - {}
RESULT: {}
COMMAND: POST /session/365d56350ece7ddb67f22ecca89c6f97/element - {"using":"xpath","value":"//span[contains(text(), \"English\")]"}
COMMAND: GET /session/365d56350ece7ddb67f22ecca89c6f97/screenshot - {}
RESULT: {"using":"xpath","value":"//span[contains(text(), \"English\")]"}
COMMAND: POST /session/365d56350ece7ddb67f22ecca89c6f97/element/f.0CFB565138F0704D782EF1C57C56E9E5.d.771F63DC7CB7DA0DE4F7FF658A9B835B.e.6667/click - {}
RESULT: {}
RESULT: {}
COMMAND: GET /session/365d56350ece7ddb67f22ecca89c6f97/screenshot - {}
RESULT: {}
COMMAND: POST /session/365d56350ece7ddb67f22ecca89c6f97/execute/async - {"script":"<script> [1562 bytes]","args":[{"selector":{"id":"application-managepartners-display-component---NewPartner--addressDetailDetailsCity1","interaction":{"idSuffix":"inner"}},"wdio_ui5_key":"applicationmanagepartners-display-component---NewPartner--addressDetailDetailsCity1"}]}
RESULT: {"script":"<script> [1562 bytes]","args":[{"selector":{"id":"application-managepartners-display-component---NewPartner--addressDetailDetailsCity1","interaction":{"idSuffix":"inner"}},"wdio_ui5_key":"applicationmanagepartners-display-component---NewPartner--addressDetailDetailsCity1"}]}
RESULT: undefined
COMMAND: POST /session/365d56350ece7ddb67f22ecca89c6f97/execute/async - {"script":"<script> [776 bytes]","args":[{"enterText":"Rosario","selector":{"id":"application-managepartners-display-component---NewPartner--addressDetailDetailsCity1","interaction":{"idSuffix":"inner"}},"clearTextFirst":true,"interactionType":"ENTER_TEXT"}]}
RESULT: {"script":"<script> [776 bytes]","args":[{"enterText":"Rosario","selector":{"id":"application-managepartners-display-component---NewPartner--addressDetailDetailsCity1","interaction":{"idSuffix":"inner"}},"clearTextFirst":true,"interactionType":"ENTER_TEXT"}]}
COMMAND: POST /session/365d56350ece7ddb67f22ecca89c6f97/execute/async - {"script":"<script> [1562 bytes]","args":[{"selector":{"id":"application-managepartners-display-component---NewPartner--addressDetailDetailsCountry-arrow"},"wdio_ui5_key":"applicationmanagepartners-display-component---NewPartner--addressDetailDetailsCountry-arrow"}]}
RESULT: {"script":"<script> [1562 bytes]","args":[{"selector":{"id":"application-managepartners-display-component---NewPartner--addressDetailDetailsCountry-arrow"},"wdio_ui5_key":"applicationmanagepartners-display-component---NewPartner--addressDetailDetailsCountry-arrow"}]}
RESULT: undefined
COMMAND: POST /session/365d56350ece7ddb67f22ecca89c6f97/element - {"using":"xpath","value":"//*[@id=\"application-managepartners-display-component---NewPartner--addressDetailDetailsCountry-arrow\"]"}
RESULT: {"using":"xpath","value":"//*[@id=\"application-managepartners-display-component---NewPartner--addressDetailDetailsCountry-arrow\"]"}
COMMAND: POST /session/365d56350ece7ddb67f22ecca89c6f97/element/f.0CFB565138F0704D782EF1C57C56E9E5.d.771F63DC7CB7DA0DE4F7FF658A9B835B.e.6623/click - {}
RESULT: {}
COMMAND: POST /session/365d56350ece7ddb67f22ecca89c6f97/element - {"using":"xpath","value":"//span[contains(text(), \"Argentina\")]"}
COMMAND: GET /session/365d56350ece7ddb67f22ecca89c6f97/screenshot - {}
RESULT: {"using":"xpath","value":"//span[contains(text(), \"Argentina\")]"}
COMMAND: POST /session/365d56350ece7ddb67f22ecca89c6f97/element/f.0CFB565138F0704D782EF1C57C56E9E5.d.771F63DC7CB7DA0DE4F7FF658A9B835B.e.6669/click - {}
RESULT: {}
RESULT: {}
COMMAND: GET /session/365d56350ece7ddb67f22ecca89c6f97/screenshot - {}
RESULT: {}
COMMAND: POST /session/365d56350ece7ddb67f22ecca89c6f97/element - {"using":"xpath","value":"//bdi[contains(text(), \"Commercial\")]"}
RESULT: {"using":"xpath","value":"//bdi[contains(text(), \"Commercial\")]"}
COMMAND: POST /session/365d56350ece7ddb67f22ecca89c6f97/element/f.0CFB565138F0704D782EF1C57C56E9E5.d.771F63DC7CB7DA0DE4F7FF658A9B835B.e.6670/click - {}
RESULT: {}
COMMAND: GET /session/365d56350ece7ddb67f22ecca89c6f97/screenshot - {}
RESULT: {}
COMMAND: POST /session/365d56350ece7ddb67f22ecca89c6f97/execute/async - {"script":"<script> [1562 bytes]","args":[{"selector":{"id":"application-managepartners-display-component---NewPartner--partnerDetailInternal-arrow"},"wdio_ui5_key":"applicationmanagepartners-display-component---NewPartner--partnerDetailInternal-arrow"}]}
RESULT: {"script":"<script> [1562 bytes]","args":[{"selector":{"id":"application-managepartners-display-component---NewPartner--partnerDetailInternal-arrow"},"wdio_ui5_key":"applicationmanagepartners-display-component---NewPartner--partnerDetailInternal-arrow"}]}
RESULT: undefined
COMMAND: POST /session/365d56350ece7ddb67f22ecca89c6f97/element - {"using":"xpath","value":"//*[@id=\"application-managepartners-display-component---NewPartner--partnerDetailInternal-arrow\"]"}
RESULT: {"using":"xpath","value":"//*[@id=\"application-managepartners-display-component---NewPartner--partnerDetailInternal-arrow\"]"}
COMMAND: POST /session/365d56350ece7ddb67f22ecca89c6f97/element/f.0CFB565138F0704D782EF1C57C56E9E5.d.771F63DC7CB7DA0DE4F7FF658A9B835B.e.6676/click - {}
RESULT: {}
COMMAND: POST /session/365d56350ece7ddb67f22ecca89c6f97/element - {"using":"xpath","value":"//span[contains(text(), \"Affiliated company\")]"}
COMMAND: GET /session/365d56350ece7ddb67f22ecca89c6f97/screenshot - {}
RESULT: {"using":"xpath","value":"//span[contains(text(), \"Affiliated company\")]"}
COMMAND: POST /session/365d56350ece7ddb67f22ecca89c6f97/element/f.0CFB565138F0704D782EF1C57C56E9E5.d.771F63DC7CB7DA0DE4F7FF658A9B835B.e.6679/click - {}
RESULT: {}
RESULT: {}
COMMAND: POST /session/365d56350ece7ddb67f22ecca89c6f97/execute/async - {"script":"<script> [1562 bytes]","args":[{"selector":{"id":"application-managepartners-display-component---NewPartner--partnerDetailsCurrency-arrow"},"wdio_ui5_key":"applicationmanagepartners-display-component---NewPartner--partnerDetailsCurrency-arrow"}]}
COMMAND: GET /session/365d56350ece7ddb67f22ecca89c6f97/screenshot - {}
RESULT: {"script":"<script> [1562 bytes]","args":[{"selector":{"id":"application-managepartners-display-component---NewPartner--partnerDetailsCurrency-arrow"},"wdio_ui5_key":"applicationmanagepartners-display-component---NewPartner--partnerDetailsCurrency-arrow"}]}
RESULT: undefined
COMMAND: POST /session/365d56350ece7ddb67f22ecca89c6f97/element - {"using":"xpath","value":"//*[@id=\"application-managepartners-display-component---NewPartner--partnerDetailsCurrency-arrow\"]"}
RESULT: {}
RESULT: {"using":"xpath","value":"//*[@id=\"application-managepartners-display-component---NewPartner--partnerDetailsCurrency-arrow\"]"}
COMMAND: POST /session/365d56350ece7ddb67f22ecca89c6f97/element/f.0CFB565138F0704D782EF1C57C56E9E5.d.771F63DC7CB7DA0DE4F7FF658A9B835B.e.6686/click - {}
RESULT: {}
COMMAND: POST /session/365d56350ece7ddb67f22ecca89c6f97/element - {"using":"xpath","value":"//span[contains(text(), \"Euro\")]"}
COMMAND: GET /session/365d56350ece7ddb67f22ecca89c6f97/screenshot - {}
RESULT: {"using":"xpath","value":"//span[contains(text(), \"Euro\")]"}
COMMAND: POST /session/365d56350ece7ddb67f22ecca89c6f97/element/f.0CFB565138F0704D782EF1C57C56E9E5.d.771F63DC7CB7DA0DE4F7FF658A9B835B.e.6687/click - {}
RESULT: {}
RESULT: {}
COMMAND: POST /session/365d56350ece7ddb67f22ecca89c6f97/execute/async - {"script":"<script> [1562 bytes]","args":[{"selector":{"id":"application-managepartners-display-component---NewPartner--addressEditDetailsCostObjectCstType-arrow"},"wdio_ui5_key":"applicationmanagepartners-display-component---NewPartner--addressEditDetailsCostObjectCstType-arrow"}]}
COMMAND: GET /session/365d56350ece7ddb67f22ecca89c6f97/screenshot - {}
RESULT: {"script":"<script> [1562 bytes]","args":[{"selector":{"id":"application-managepartners-display-component---NewPartner--addressEditDetailsCostObjectCstType-arrow"},"wdio_ui5_key":"applicationmanagepartners-display-component---NewPartner--addressEditDetailsCostObjectCstType-arrow"}]}
RESULT: undefined
COMMAND: POST /session/365d56350ece7ddb67f22ecca89c6f97/element - {"using":"xpath","value":"//*[@id=\"application-managepartners-display-component---NewPartner--addressEditDetailsCostObjectCstType-arrow\"]"}
RESULT: {}
RESULT: {"using":"xpath","value":"//*[@id=\"application-managepartners-display-component---NewPartner--addressEditDetailsCostObjectCstType-arrow\"]"}
COMMAND: POST /session/365d56350ece7ddb67f22ecca89c6f97/element/f.0CFB565138F0704D782EF1C57C56E9E5.d.771F63DC7CB7DA0DE4F7FF658A9B835B.e.6688/click - {}
RESULT: {}
COMMAND: POST /session/365d56350ece7ddb67f22ecca89c6f97/element - {"using":"xpath","value":"//span[contains(text(), \"Cost Center\")]"}
COMMAND: GET /session/365d56350ece7ddb67f22ecca89c6f97/screenshot - {}
RESULT: {"using":"xpath","value":"//span[contains(text(), \"Cost Center\")]"}
COMMAND: POST /session/365d56350ece7ddb67f22ecca89c6f97/element/f.0CFB565138F0704D782EF1C57C56E9E5.d.771F63DC7CB7DA0DE4F7FF658A9B835B.e.6689/click - {}
RESULT: {}
RESULT: {}
COMMAND: GET /session/365d56350ece7ddb67f22ecca89c6f97/screenshot - {}
RESULT: {}
COMMAND: POST /session/365d56350ece7ddb67f22ecca89c6f97/element - {"using":"xpath","value":"//span[@id=\"application-managepartners-display-component---NewPartner--addressNewCostObjectCstID-vhi\"]"}
RESULT: {"using":"xpath","value":"//span[@id=\"application-managepartners-display-component---NewPartner--addressNewCostObjectCstID-vhi\"]"}
COMMAND: POST /session/365d56350ece7ddb67f22ecca89c6f97/execute/sync - {"script":"<script> [8489 bytes]","args":[{"element-6066-11e4-a52e-4f735466cecf":"f.0CFB565138F0704D782EF1C57C56E9E5.d.771F63DC7CB7DA0DE4F7FF658A9B835B.e.6693","ELEMENT":"f.0CFB565138F0704D782EF1C57C56E9E5.d.771F63DC7CB7DA0DE4F7FF658A9B835B.e.6693"}]}
RESULT: {"script":"<script> [8489 bytes]","args":[{"element-6066-11e4-a52e-4f735466cecf":"f.0CFB565138F0704D782EF1C57C56E9E5.d.771F63DC7CB7DA0DE4F7FF658A9B835B.e.6693","ELEMENT":"f.0CFB565138F0704D782EF1C57C56E9E5.d.771F63DC7CB7DA0DE4F7FF658A9B835B.e.6693"}]}
COMMAND: POST /session/365d56350ece7ddb67f22ecca89c6f97/execute/async - {"script":"<script> [1562 bytes]","args":[{"selector":{"id":"application-managepartners-display-component---NewPartner--addressNewCostObjectCstID-vhi"},"wdio_ui5_key":"applicationmanagepartners-display-component---NewPartner--addressNewCostObjectCstID-vhi"}]}
COMMAND: GET /session/365d56350ece7ddb67f22ecca89c6f97/screenshot - {}
RESULT: {"script":"<script> [1562 bytes]","args":[{"selector":{"id":"application-managepartners-display-component---NewPartner--addressNewCostObjectCstID-vhi"},"wdio_ui5_key":"applicationmanagepartners-display-component---NewPartner--addressNewCostObjectCstID-vhi"}]}
RESULT: undefined
COMMAND: POST /session/365d56350ece7ddb67f22ecca89c6f97/element - {"using":"xpath","value":"//*[@id=\"application-managepartners-display-component---NewPartner--addressNewCostObjectCstID-vhi\"]"}
RESULT: {}
RESULT: {"using":"xpath","value":"//*[@id=\"application-managepartners-display-component---NewPartner--addressNewCostObjectCstID-vhi\"]"}
COMMAND: POST /session/365d56350ece7ddb67f22ecca89c6f97/element/f.0CFB565138F0704D782EF1C57C56E9E5.d.771F63DC7CB7DA0DE4F7FF658A9B835B.e.6693/click - {}
RESULT: {}
COMMAND: GET /session/365d56350ece7ddb67f22ecca89c6f97/screenshot - {}
RESULT: {}
RESULT: undefined
COMMAND: POST /session/365d56350ece7ddb67f22ecca89c6f97/execute/async - {"script":"<script> [776 bytes]","args":[{"enterText":"10001013","selector":{"controlType":"sap.m.SearchField","properties":{"placeholder":"Search"},"searchOpenDialogs":true,"interaction":{"idSuffix":"I"}},"clearTextFirst":true,"interactionType":"ENTER_TEXT"}]}
RESULT: {"script":"<script> [776 bytes]","args":[{"enterText":"10001013","selector":{"controlType":"sap.m.SearchField","properties":{"placeholder":"Search"},"searchOpenDialogs":true,"interaction":{"idSuffix":"I"}},"clearTextFirst":true,"interactionType":"ENTER_TEXT"}]}
COMMAND: POST /session/365d56350ece7ddb67f22ecca89c6f97/actions - {"actions":[{"id":"action21","type":"key","parameters":{},"actions":[{"type":"keyDown","value":""},{"type":"pause","duration":10},{"type":"keyUp","value":""}]}]}
RESULT: {"actions":[{"id":"action21","type":"key","parameters":{},"actions":[{"type":"keyDown","value":""},{"type":"pause","duration":10},{"type":"keyUp","value":""}]}]}
COMMAND: GET /session/365d56350ece7ddb67f22ecca89c6f97/screenshot - {}
RESULT: {}
COMMAND: POST /session/365d56350ece7ddb67f22ecca89c6f97/element - {"using":"xpath","value":"//span[contains(text(), \"General Management\")]"}
RESULT: {"using":"xpath","value":"//span[contains(text(), \"General Management\")]"}
COMMAND: POST /session/365d56350ece7ddb67f22ecca89c6f97/element/f.0CFB565138F0704D782EF1C57C56E9E5.d.771F63DC7CB7DA0DE4F7FF658A9B835B.e.6732/click - {}
RESULT: {}
COMMAND: GET /session/365d56350ece7ddb67f22ecca89c6f97/screenshot - {}
RESULT: {}
COMMAND: POST /session/365d56350ece7ddb67f22ecca89c6f97/element - {"using":"xpath","value":"//bdi[contains(text(), \"OK\")]"}
RESULT: {"using":"xpath","value":"//bdi[contains(text(), \"OK\")]"}
COMMAND: POST /session/365d56350ece7ddb67f22ecca89c6f97/element/f.0CFB565138F0704D782EF1C57C56E9E5.d.771F63DC7CB7DA0DE4F7FF658A9B835B.e.6733/click - {}
RESULT: {}
COMMAND: GET /session/365d56350ece7ddb67f22ecca89c6f97/screenshot - {}
RESULT: {}
COMMAND: POST /session/365d56350ece7ddb67f22ecca89c6f97/element - {"using":"xpath","value":"//input[@id=\"application-managepartners-display-component---NewPartner--companyCodeComboBox-inner\"]"}
RESULT: {"using":"xpath","value":"//input[@id=\"application-managepartners-display-component---NewPartner--companyCodeComboBox-inner\"]"}
COMMAND: POST /session/365d56350ece7ddb67f22ecca89c6f97/element/f.0CFB565138F0704D782EF1C57C56E9E5.d.771F63DC7CB7DA0DE4F7FF658A9B835B.e.6618/clear - {}
RESULT: {}
COMMAND: POST /session/365d56350ece7ddb67f22ecca89c6f97/element/f.0CFB565138F0704D782EF1C57C56E9E5.d.771F63DC7CB7DA0DE4F7FF658A9B835B.e.6618/value - {"text":"C002"}
COMMAND: GET /session/365d56350ece7ddb67f22ecca89c6f97/screenshot - {}
RESULT: {"text":"C002"}
COMMAND: GET /session/365d56350ece7ddb67f22ecca89c6f97/screenshot - {}
RESULT: {}
RESULT: {}
COMMAND: POST /session/365d56350ece7ddb67f22ecca89c6f97/element - {"using":"xpath","value":"//li[.//span[text()= \"C002\"]]"}
RESULT: {"using":"xpath","value":"//li[.//span[text()= \"C002\"]]"}
COMMAND: POST /session/365d56350ece7ddb67f22ecca89c6f97/element/f.0CFB565138F0704D782EF1C57C56E9E5.d.771F63DC7CB7DA0DE4F7FF658A9B835B.e.6739/click - {}
RESULT: {}
COMMAND: GET /session/365d56350ece7ddb67f22ecca89c6f97/screenshot - {}
RESULT: {}
COMMAND: POST /session/365d56350ece7ddb67f22ecca89c6f97/execute/async - {"script":"<script> [1562 bytes]","args":[{"selector":{"id":"application-managepartners-display-component---NewPartner--btnAddTableRow-img"},"wdio_ui5_key":"applicationmanagepartners-display-component---NewPartner--btnAddTableRow-img"}]}
RESULT: {"script":"<script> [1562 bytes]","args":[{"selector":{"id":"application-managepartners-display-component---NewPartner--btnAddTableRow-img"},"wdio_ui5_key":"applicationmanagepartners-display-component---NewPartner--btnAddTableRow-img"}]}
RESULT: undefined
COMMAND: POST /session/365d56350ece7ddb67f22ecca89c6f97/element - {"using":"xpath","value":"//*[@id=\"application-managepartners-display-component---NewPartner--btnAddTableRow-img\"]"}
RESULT: {"using":"xpath","value":"//*[@id=\"application-managepartners-display-component---NewPartner--btnAddTableRow-img\"]"}
COMMAND: POST /session/365d56350ece7ddb67f22ecca89c6f97/element/f.0CFB565138F0704D782EF1C57C56E9E5.d.771F63DC7CB7DA0DE4F7FF658A9B835B.e.6740/click - {}
RESULT: {}
COMMAND: GET /session/365d56350ece7ddb67f22ecca89c6f97/screenshot - {}
RESULT: {}
COMMAND: POST /session/365d56350ece7ddb67f22ecca89c6f97/element - {"using":"xpath","value":"//input[@id=\"application-managepartners-display-component---NewPartner--assignmentYard-application-managepartners-display-component---NewPartner--assignmentsTable-0-inner\"]"}
RESULT: {"using":"xpath","value":"//input[@id=\"application-managepartners-display-component---NewPartner--assignmentYard-application-managepartners-display-component---NewPartner--assignmentsTable-0-inner\"]"}
COMMAND: POST /session/365d56350ece7ddb67f22ecca89c6f97/element/f.0CFB565138F0704D782EF1C57C56E9E5.d.771F63DC7CB7DA0DE4F7FF658A9B835B.e.6743/clear - {}
RESULT: {}
COMMAND: POST /session/365d56350ece7ddb67f22ecca89c6f97/element/f.0CFB565138F0704D782EF1C57C56E9E5.d.771F63DC7CB7DA0DE4F7FF658A9B835B.e.6743/value - {"text":"281"}
COMMAND: GET /session/365d56350ece7ddb67f22ecca89c6f97/screenshot - {}
RESULT: {"text":"281"}
COMMAND: GET /session/365d56350ece7ddb67f22ecca89c6f97/screenshot - {}
RESULT: {}
RESULT: {}
COMMAND: POST /session/365d56350ece7ddb67f22ecca89c6f97/element - {"using":"xpath","value":"//li[.//span[text()='281']]"}
RESULT: {"using":"xpath","value":"//li[.//span[text()='281']]"}
COMMAND: POST /session/365d56350ece7ddb67f22ecca89c6f97/element/f.0CFB565138F0704D782EF1C57C56E9E5.d.771F63DC7CB7DA0DE4F7FF658A9B835B.e.6752/click - {}
RESULT: {}
COMMAND: GET /session/365d56350ece7ddb67f22ecca89c6f97/screenshot - {}
RESULT: {}
COMMAND: POST /session/365d56350ece7ddb67f22ecca89c6f97/actions - {"actions":[{"id":"action22","type":"key","parameters":{},"actions":[{"type":"keyDown","value":""},{"type":"pause","duration":10},{"type":"keyUp","value":""}]}]}
RESULT: {"actions":[{"id":"action22","type":"key","parameters":{},"actions":[{"type":"keyDown","value":""},{"type":"pause","duration":10},{"type":"keyUp","value":""}]}]}
COMMAND: POST /session/365d56350ece7ddb67f22ecca89c6f97/execute/async - {"script":"<script> [1562 bytes]","args":[{"selector":{"id":"application-managepartners-display-component---NewPartner--externalCustomerComboBox-application-managepartners-display-component---NewPartner--assignmentsTable-0-vhi"},"wdio_ui5_key":"applicationmanagepartners-display-component---NewPartner--externalCustomerComboBox-application-managepartners-display-component---NewPartner--assignmentsTable-0-vhi"}]}
COMMAND: GET /session/365d56350ece7ddb67f22ecca89c6f97/screenshot - {}
RESULT: {"script":"<script> [1562 bytes]","args":[{"selector":{"id":"application-managepartners-display-component---NewPartner--externalCustomerComboBox-application-managepartners-display-component---NewPartner--assignmentsTable-0-vhi"},"wdio_ui5_key":"applicationmanagepartners-display-component---NewPartner--externalCustomerComboBox-application-managepartners-display-component---NewPartner--assignmentsTable-0-vhi"}]}
RESULT: undefined
COMMAND: POST /session/365d56350ece7ddb67f22ecca89c6f97/element - {"using":"xpath","value":"//*[@id=\"application-managepartners-display-component---NewPartner--externalCustomerComboBox-application-managepartners-display-component---NewPartner--assignmentsTable-0-vhi\"]"}
RESULT: {}
RESULT: {"using":"xpath","value":"//*[@id=\"application-managepartners-display-component---NewPartner--externalCustomerComboBox-application-managepartners-display-component---NewPartner--assignmentsTable-0-vhi\"]"}
COMMAND: POST /session/365d56350ece7ddb67f22ecca89c6f97/element/f.0CFB565138F0704D782EF1C57C56E9E5.d.771F63DC7CB7DA0DE4F7FF658A9B835B.e.6756/click - {}
RESULT: {}
RESULT: undefined
COMMAND: POST /session/365d56350ece7ddb67f22ecca89c6f97/execute/async - {"script":"<script> [776 bytes]","args":[{"enterText":"300003","selector":{"controlType":"sap.m.SearchField","properties":{"placeholder":"Search"},"searchOpenDialogs":true,"interaction":{"idSuffix":"I"}},"clearTextFirst":true,"interactionType":"ENTER_TEXT"}]}
COMMAND: GET /session/365d56350ece7ddb67f22ecca89c6f97/screenshot - {}
RESULT: {"script":"<script> [776 bytes]","args":[{"enterText":"300003","selector":{"controlType":"sap.m.SearchField","properties":{"placeholder":"Search"},"searchOpenDialogs":true,"interaction":{"idSuffix":"I"}},"clearTextFirst":true,"interactionType":"ENTER_TEXT"}]}
COMMAND: POST /session/365d56350ece7ddb67f22ecca89c6f97/actions - {"actions":[{"id":"action23","type":"key","parameters":{},"actions":[{"type":"keyDown","value":""},{"type":"pause","duration":10},{"type":"keyUp","value":""}]}]}
RESULT: {}
RESULT: {"actions":[{"id":"action23","type":"key","parameters":{},"actions":[{"type":"keyDown","value":""},{"type":"pause","duration":10},{"type":"keyUp","value":""}]}]}
COMMAND: GET /session/365d56350ece7ddb67f22ecca89c6f97/screenshot - {}
RESULT: {}
COMMAND: POST /session/365d56350ece7ddb67f22ecca89c6f97/element - {"using":"xpath","value":"//span[contains(text(), \"300003\")]"}
RESULT: {"using":"xpath","value":"//span[contains(text(), \"300003\")]"}
COMMAND: POST /session/365d56350ece7ddb67f22ecca89c6f97/element/f.0CFB565138F0704D782EF1C57C56E9E5.d.771F63DC7CB7DA0DE4F7FF658A9B835B.e.6774/click - {}
RESULT: {}
COMMAND: GET /session/365d56350ece7ddb67f22ecca89c6f97/screenshot - {}
RESULT: {}
COMMAND: POST /session/365d56350ece7ddb67f22ecca89c6f97/element - {"using":"xpath","value":"//bdi[contains(text(), \"OK\")]"}
RESULT: {"using":"xpath","value":"//bdi[contains(text(), \"OK\")]"}
COMMAND: POST /session/365d56350ece7ddb67f22ecca89c6f97/element/f.0CFB565138F0704D782EF1C57C56E9E5.d.771F63DC7CB7DA0DE4F7FF658A9B835B.e.6776/click - {}
RESULT: {}
COMMAND: GET /session/365d56350ece7ddb67f22ecca89c6f97/screenshot - {}
RESULT: {}
COMMAND: POST /session/365d56350ece7ddb67f22ecca89c6f97/execute/async - {"script":"<script> [1562 bytes]","args":[{"selector":{"id":"application-managepartners-display-component---NewPartner--intercompVendorComboBox-application-managepartners-display-component---NewPartner--assignmentsTable-0-vhi"},"wdio_ui5_key":"applicationmanagepartners-display-component---NewPartner--intercompVendorComboBox-application-managepartners-display-component---NewPartner--assignmentsTable-0-vhi"}]}
RESULT: {"script":"<script> [1562 bytes]","args":[{"selector":{"id":"application-managepartners-display-component---NewPartner--intercompVendorComboBox-application-managepartners-display-component---NewPartner--assignmentsTable-0-vhi"},"wdio_ui5_key":"applicationmanagepartners-display-component---NewPartner--intercompVendorComboBox-application-managepartners-display-component---NewPartner--assignmentsTable-0-vhi"}]}
RESULT: undefined
COMMAND: POST /session/365d56350ece7ddb67f22ecca89c6f97/element - {"using":"xpath","value":"//*[@id=\"application-managepartners-display-component---NewPartner--intercompVendorComboBox-application-managepartners-display-component---NewPartner--assignmentsTable-0-vhi\"]"}
RESULT: {"using":"xpath","value":"//*[@id=\"application-managepartners-display-component---NewPartner--intercompVendorComboBox-application-managepartners-display-component---NewPartner--assignmentsTable-0-vhi\"]"}
COMMAND: POST /session/365d56350ece7ddb67f22ecca89c6f97/element/f.0CFB565138F0704D782EF1C57C56E9E5.d.771F63DC7CB7DA0DE4F7FF658A9B835B.e.6779/click - {}
RESULT: {}
RESULT: undefined
COMMAND: POST /session/365d56350ece7ddb67f22ecca89c6f97/execute/async - {"script":"<script> [776 bytes]","args":[{"enterText":"100005","selector":{"controlType":"sap.m.SearchField","properties":{"placeholder":"Search"},"searchOpenDialogs":true,"interaction":{"idSuffix":"I"}},"clearTextFirst":true,"interactionType":"ENTER_TEXT"}]}
COMMAND: GET /session/365d56350ece7ddb67f22ecca89c6f97/screenshot - {}
RESULT: {"script":"<script> [776 bytes]","args":[{"enterText":"100005","selector":{"controlType":"sap.m.SearchField","properties":{"placeholder":"Search"},"searchOpenDialogs":true,"interaction":{"idSuffix":"I"}},"clearTextFirst":true,"interactionType":"ENTER_TEXT"}]}
COMMAND: POST /session/365d56350ece7ddb67f22ecca89c6f97/actions - {"actions":[{"id":"action24","type":"key","parameters":{},"actions":[{"type":"keyDown","value":""},{"type":"pause","duration":10},{"type":"keyUp","value":""}]}]}
RESULT: {}
RESULT: {"actions":[{"id":"action24","type":"key","parameters":{},"actions":[{"type":"keyDown","value":""},{"type":"pause","duration":10},{"type":"keyUp","value":""}]}]}
COMMAND: GET /session/365d56350ece7ddb67f22ecca89c6f97/screenshot - {}
RESULT: {}
COMMAND: POST /session/365d56350ece7ddb67f22ecca89c6f97/element - {"using":"xpath","value":"//span[contains(text(), \"Penguins - Field/12345 Berlin\")]"}
RESULT: {"using":"xpath","value":"//span[contains(text(), \"Penguins - Field/12345 Berlin\")]"}
COMMAND: POST /session/365d56350ece7ddb67f22ecca89c6f97/element/f.0CFB565138F0704D782EF1C57C56E9E5.d.771F63DC7CB7DA0DE4F7FF658A9B835B.e.6798/click - {}
RESULT: {}
COMMAND: GET /session/365d56350ece7ddb67f22ecca89c6f97/screenshot - {}
RESULT: {}
COMMAND: POST /session/365d56350ece7ddb67f22ecca89c6f97/element - {"using":"xpath","value":"//bdi[contains(text(), \"OK\")]"}
RESULT: {"using":"xpath","value":"//bdi[contains(text(), \"OK\")]"}
COMMAND: POST /session/365d56350ece7ddb67f22ecca89c6f97/element/f.0CFB565138F0704D782EF1C57C56E9E5.d.771F63DC7CB7DA0DE4F7FF658A9B835B.e.6799/click - {}
RESULT: {}
COMMAND: GET /session/365d56350ece7ddb67f22ecca89c6f97/screenshot - {}
RESULT: {}
COMMAND: POST /session/365d56350ece7ddb67f22ecca89c6f97/element - {"using":"xpath","value":"//button[@data-kt=\"saveButton\"]"}
RESULT: {"using":"xpath","value":"//button[@data-kt=\"saveButton\"]"}
COMMAND: POST /session/365d56350ece7ddb67f22ecca89c6f97/element/f.0CFB565138F0704D782EF1C57C56E9E5.d.771F63DC7CB7DA0DE4F7FF658A9B835B.e.6644/click - {}
RESULT: {}
COMMAND: GET /session/365d56350ece7ddb67f22ecca89c6f97/screenshot - {}
RESULT: {}
COMMAND: POST /session/365d56350ece7ddb67f22ecca89c6f97/element - {"using":"xpath","value":"//header[contains(@id, 'ObjectPageLayout-headerTitle')]/div[1]/div[2]/div[2]/span[1]"}
RESULT: {"using":"xpath","value":"//header[contains(@id, 'ObjectPageLayout-headerTitle')]/div[1]/div[2]/div[2]/span[1]"}
COMMAND: POST /session/365d56350ece7ddb67f22ecca89c6f97/elements - {"using":"xpath","value":"//header[contains(@id, 'ObjectPageLayout-headerTitle')]/div[1]/div[2]/div[2]/span[1]"}
RESULT: {"using":"xpath","value":"//header[contains(@id, 'ObjectPageLayout-headerTitle')]/div[1]/div[2]/div[2]/span[1]"}
COMMAND: POST /session/365d56350ece7ddb67f22ecca89c6f97/execute/sync - {"script":"<script> [56 bytes]","args":[{"element-6066-11e4-a52e-4f735466cecf":"f.0CFB565138F0704D782EF1C57C56E9E5.d.771F63DC7CB7DA0DE4F7FF658A9B835B.e.6965","ELEMENT":"f.0CFB565138F0704D782EF1C57C56E9E5.d.771F63DC7CB7DA0DE4F7FF658A9B835B.e.6965"}]}
RESULT: {"script":"<script> [56 bytes]","args":[{"element-6066-11e4-a52e-4f735466cecf":"f.0CFB565138F0704D782EF1C57C56E9E5.d.771F63DC7CB7DA0DE4F7FF658A9B835B.e.6965","ELEMENT":"f.0CFB565138F0704D782EF1C57C56E9E5.d.771F63DC7CB7DA0DE4F7FF658A9B835B.e.6965"}]}
COMMAND: POST /session/365d56350ece7ddb67f22ecca89c6f97/element - {"using":"css selector","value":"#shell-header-logo"}
COMMAND: GET /session/365d56350ece7ddb67f22ecca89c6f97/screenshot - {}
RESULT: {"using":"css selector","value":"#shell-header-logo"}
COMMAND: POST /session/365d56350ece7ddb67f22ecca89c6f97/element/f.0CFB565138F0704D782EF1C57C56E9E5.d.771F63DC7CB7DA0DE4F7FF658A9B835B.e.6191/click - {}
RESULT: {}
RESULT: {}
COMMAND: GET /session/365d56350ece7ddb67f22ecca89c6f97/screenshot - {}
RESULT: {}
COMMAND: POST /session/365d56350ece7ddb67f22ecca89c6f97/execute/sync - {"script":"<script> [299 bytes]","args":[["getModel","getResource"]]}
RESULT: {"script":"<script> [299 bytes]","args":[["getModel","getResource"]]}
]]></system-out>
    </testcase>
    <testcase classname="chrome.136_0_7103_93.windows.Create_master_data_for_mixed_billing_&amp;_do_billing_calculation_US151661" name="Should create a new site" time="117.436">
      <system-out><![CDATA[
COMMAND: GET /session/365d56350ece7ddb67f22ecca89c6f97/screenshot - {}
COMMAND: POST /session/365d56350ece7ddb67f22ecca89c6f97/execute/async - {"script":"<script> [1562 bytes]","args":[{"selector":{"controlType":"sap.m.GenericTile","properties":{"header":"Manage Sites"}},"wdio_ui5_key":"sapm.GenericTile{\"header\":\"Manage Sites\"}"}]}
RESULT: {}
RESULT: {"script":"<script> [1562 bytes]","args":[{"selector":{"controlType":"sap.m.GenericTile","properties":{"header":"Manage Sites"}},"wdio_ui5_key":"sapm.GenericTile{\"header\":\"Manage Sites\"}"}]}
RESULT: undefined
COMMAND: POST /session/365d56350ece7ddb67f22ecca89c6f97/element - {"using":"xpath","value":"//*[@id=\"__tile40\"]"}
RESULT: {"using":"xpath","value":"//*[@id=\"__tile40\"]"}
COMMAND: POST /session/365d56350ece7ddb67f22ecca89c6f97/element/f.0CFB565138F0704D782EF1C57C56E9E5.d.771F63DC7CB7DA0DE4F7FF658A9B835B.e.5354/click - {}
RESULT: {}
COMMAND: GET /session/365d56350ece7ddb67f22ecca89c6f97/screenshot - {}
RESULT: {}
COMMAND: POST /session/365d56350ece7ddb67f22ecca89c6f97/elements - {"using":"xpath","value":"//span[text()='Error']"}
RESULT: {"using":"xpath","value":"//span[text()='Error']"}
COMMAND: POST /session/365d56350ece7ddb67f22ecca89c6f97/element - {"using":"xpath","value":"//button[@data-kt=\"addOverflowToolbarButton\"]"}
RESULT: {"using":"xpath","value":"//button[@data-kt=\"addOverflowToolbarButton\"]"}
COMMAND: POST /session/365d56350ece7ddb67f22ecca89c6f97/elements - {"using":"xpath","value":"//button[@data-kt=\"addOverflowToolbarButton\"]"}
RESULT: {"using":"xpath","value":"//button[@data-kt=\"addOverflowToolbarButton\"]"}
COMMAND: POST /session/365d56350ece7ddb67f22ecca89c6f97/execute/sync - {"script":"<script> [8489 bytes]","args":[{"element-6066-11e4-a52e-4f735466cecf":"f.0CFB565138F0704D782EF1C57C56E9E5.d.771F63DC7CB7DA0DE4F7FF658A9B835B.e.7012","ELEMENT":"f.0CFB565138F0704D782EF1C57C56E9E5.d.771F63DC7CB7DA0DE4F7FF658A9B835B.e.7012"}]}
RESULT: {"script":"<script> [8489 bytes]","args":[{"element-6066-11e4-a52e-4f735466cecf":"f.0CFB565138F0704D782EF1C57C56E9E5.d.771F63DC7CB7DA0DE4F7FF658A9B835B.e.7012","ELEMENT":"f.0CFB565138F0704D782EF1C57C56E9E5.d.771F63DC7CB7DA0DE4F7FF658A9B835B.e.7012"}]}
COMMAND: GET /session/365d56350ece7ddb67f22ecca89c6f97/element/f.0CFB565138F0704D782EF1C57C56E9E5.d.771F63DC7CB7DA0DE4F7FF658A9B835B.e.7012/enabled - {}
COMMAND: GET /session/365d56350ece7ddb67f22ecca89c6f97/screenshot - {}
RESULT: {}
COMMAND: POST /session/365d56350ece7ddb67f22ecca89c6f97/execute/sync - {"script":"<script> [8489 bytes]","args":[{"element-6066-11e4-a52e-4f735466cecf":"f.0CFB565138F0704D782EF1C57C56E9E5.d.771F63DC7CB7DA0DE4F7FF658A9B835B.e.7012","ELEMENT":"f.0CFB565138F0704D782EF1C57C56E9E5.d.771F63DC7CB7DA0DE4F7FF658A9B835B.e.7012"}]}
COMMAND: GET /session/365d56350ece7ddb67f22ecca89c6f97/screenshot - {}
RESULT: {}
RESULT: {"script":"<script> [8489 bytes]","args":[{"element-6066-11e4-a52e-4f735466cecf":"f.0CFB565138F0704D782EF1C57C56E9E5.d.771F63DC7CB7DA0DE4F7FF658A9B835B.e.7012","ELEMENT":"f.0CFB565138F0704D782EF1C57C56E9E5.d.771F63DC7CB7DA0DE4F7FF658A9B835B.e.7012"}]}
COMMAND: POST /session/365d56350ece7ddb67f22ecca89c6f97/execute/sync - {"script":"<script> [5351 bytes]","args":[{"element-6066-11e4-a52e-4f735466cecf":"f.0CFB565138F0704D782EF1C57C56E9E5.d.771F63DC7CB7DA0DE4F7FF658A9B835B.e.7012","ELEMENT":"f.0CFB565138F0704D782EF1C57C56E9E5.d.771F63DC7CB7DA0DE4F7FF658A9B835B.e.7012"}]}
COMMAND: GET /session/365d56350ece7ddb67f22ecca89c6f97/screenshot - {}
RESULT: {}
RESULT: {"script":"<script> [5351 bytes]","args":[{"element-6066-11e4-a52e-4f735466cecf":"f.0CFB565138F0704D782EF1C57C56E9E5.d.771F63DC7CB7DA0DE4F7FF658A9B835B.e.7012","ELEMENT":"f.0CFB565138F0704D782EF1C57C56E9E5.d.771F63DC7CB7DA0DE4F7FF658A9B835B.e.7012"}]}
COMMAND: POST /session/365d56350ece7ddb67f22ecca89c6f97/element/f.0CFB565138F0704D782EF1C57C56E9E5.d.771F63DC7CB7DA0DE4F7FF658A9B835B.e.7012/click - {}
COMMAND: GET /session/365d56350ece7ddb67f22ecca89c6f97/screenshot - {}
RESULT: {}
RESULT: {}
COMMAND: GET /session/365d56350ece7ddb67f22ecca89c6f97/screenshot - {}
COMMAND: POST /session/365d56350ece7ddb67f22ecca89c6f97/element - {"using":"xpath","value":"//input[@id=\"application-managesites-display-component---NewSite--siteId-inner\"]"}
RESULT: {}
RESULT: {}
RESULT: {"using":"xpath","value":"//input[@id=\"application-managesites-display-component---NewSite--siteId-inner\"]"}
COMMAND: POST /session/365d56350ece7ddb67f22ecca89c6f97/element - {"using":"xpath","value":"//input[@id=\"application-managesites-display-component---NewSite--siteId-inner\"]"}
RESULT: {"using":"xpath","value":"//input[@id=\"application-managesites-display-component---NewSite--siteId-inner\"]"}
COMMAND: POST /session/365d56350ece7ddb67f22ecca89c6f97/execute/async - {"script":"<script> [1562 bytes]","args":[{"selector":{"id":"application-managesites-display-component---NewSite--addressDetailDetailsName1","interaction":{"idSuffix":"inner"}},"wdio_ui5_key":"applicationmanagesites-display-component---NewSite--addressDetailDetailsName1"}]}
RESULT: {"script":"<script> [1562 bytes]","args":[{"selector":{"id":"application-managesites-display-component---NewSite--addressDetailDetailsName1","interaction":{"idSuffix":"inner"}},"wdio_ui5_key":"applicationmanagesites-display-component---NewSite--addressDetailDetailsName1"}]}
RESULT: undefined
COMMAND: POST /session/365d56350ece7ddb67f22ecca89c6f97/execute/async - {"script":"<script> [776 bytes]","args":[{"enterText":"Intercompany Site wdIO","selector":{"id":"application-managesites-display-component---NewSite--addressDetailDetailsName1","interaction":{"idSuffix":"inner"}},"clearTextFirst":true,"interactionType":"ENTER_TEXT"}]}
RESULT: {"script":"<script> [776 bytes]","args":[{"enterText":"Intercompany Site wdIO","selector":{"id":"application-managesites-display-component---NewSite--addressDetailDetailsName1","interaction":{"idSuffix":"inner"}},"clearTextFirst":true,"interactionType":"ENTER_TEXT"}]}
COMMAND: POST /session/365d56350ece7ddb67f22ecca89c6f97/execute/async - {"script":"<script> [1562 bytes]","args":[{"selector":{"id":"application-managesites-display-component---NewSite--addressDetailDetailsLanguage-arrow"},"wdio_ui5_key":"applicationmanagesites-display-component---NewSite--addressDetailDetailsLanguage-arrow"}]}
RESULT: {"script":"<script> [1562 bytes]","args":[{"selector":{"id":"application-managesites-display-component---NewSite--addressDetailDetailsLanguage-arrow"},"wdio_ui5_key":"applicationmanagesites-display-component---NewSite--addressDetailDetailsLanguage-arrow"}]}
RESULT: undefined
COMMAND: POST /session/365d56350ece7ddb67f22ecca89c6f97/element - {"using":"xpath","value":"//*[@id=\"application-managesites-display-component---NewSite--addressDetailDetailsLanguage-arrow\"]"}
RESULT: {"using":"xpath","value":"//*[@id=\"application-managesites-display-component---NewSite--addressDetailDetailsLanguage-arrow\"]"}
COMMAND: POST /session/365d56350ece7ddb67f22ecca89c6f97/element/f.0CFB565138F0704D782EF1C57C56E9E5.d.771F63DC7CB7DA0DE4F7FF658A9B835B.e.7459/click - {}
RESULT: {}
COMMAND: POST /session/365d56350ece7ddb67f22ecca89c6f97/element - {"using":"xpath","value":"//span[contains(text(), \"English\")]"}
COMMAND: GET /session/365d56350ece7ddb67f22ecca89c6f97/screenshot - {}
RESULT: {"using":"xpath","value":"//span[contains(text(), \"English\")]"}
COMMAND: POST /session/365d56350ece7ddb67f22ecca89c6f97/element/f.0CFB565138F0704D782EF1C57C56E9E5.d.771F63DC7CB7DA0DE4F7FF658A9B835B.e.7460/click - {}
RESULT: {}
RESULT: {}
COMMAND: POST /session/365d56350ece7ddb67f22ecca89c6f97/execute/async - {"script":"<script> [1562 bytes]","args":[{"selector":{"id":"application-managesites-display-component---NewSite--addressDetailDetailsCity1","interaction":{"idSuffix":"inner"}},"wdio_ui5_key":"applicationmanagesites-display-component---NewSite--addressDetailDetailsCity1"}]}
COMMAND: GET /session/365d56350ece7ddb67f22ecca89c6f97/screenshot - {}
RESULT: {"script":"<script> [1562 bytes]","args":[{"selector":{"id":"application-managesites-display-component---NewSite--addressDetailDetailsCity1","interaction":{"idSuffix":"inner"}},"wdio_ui5_key":"applicationmanagesites-display-component---NewSite--addressDetailDetailsCity1"}]}
RESULT: undefined
COMMAND: POST /session/365d56350ece7ddb67f22ecca89c6f97/execute/async - {"script":"<script> [776 bytes]","args":[{"enterText":"Rosario","selector":{"id":"application-managesites-display-component---NewSite--addressDetailDetailsCity1","interaction":{"idSuffix":"inner"}},"clearTextFirst":true,"interactionType":"ENTER_TEXT"}]}
RESULT: {}
RESULT: {"script":"<script> [776 bytes]","args":[{"enterText":"Rosario","selector":{"id":"application-managesites-display-component---NewSite--addressDetailDetailsCity1","interaction":{"idSuffix":"inner"}},"clearTextFirst":true,"interactionType":"ENTER_TEXT"}]}
COMMAND: POST /session/365d56350ece7ddb67f22ecca89c6f97/execute/async - {"script":"<script> [1562 bytes]","args":[{"selector":{"id":"application-managesites-display-component---NewSite--addressDetailDetailsCountry-arrow"},"wdio_ui5_key":"applicationmanagesites-display-component---NewSite--addressDetailDetailsCountry-arrow"}]}
RESULT: {"script":"<script> [1562 bytes]","args":[{"selector":{"id":"application-managesites-display-component---NewSite--addressDetailDetailsCountry-arrow"},"wdio_ui5_key":"applicationmanagesites-display-component---NewSite--addressDetailDetailsCountry-arrow"}]}
RESULT: undefined
COMMAND: POST /session/365d56350ece7ddb67f22ecca89c6f97/element - {"using":"xpath","value":"//*[@id=\"application-managesites-display-component---NewSite--addressDetailDetailsCountry-arrow\"]"}
RESULT: {"using":"xpath","value":"//*[@id=\"application-managesites-display-component---NewSite--addressDetailDetailsCountry-arrow\"]"}
COMMAND: POST /session/365d56350ece7ddb67f22ecca89c6f97/element/f.0CFB565138F0704D782EF1C57C56E9E5.d.771F63DC7CB7DA0DE4F7FF658A9B835B.e.7462/click - {}
RESULT: {}
COMMAND: POST /session/365d56350ece7ddb67f22ecca89c6f97/element - {"using":"xpath","value":"//span[contains(text(), \"Argentina\")]"}
COMMAND: GET /session/365d56350ece7ddb67f22ecca89c6f97/screenshot - {}
RESULT: {"using":"xpath","value":"//span[contains(text(), \"Argentina\")]"}
COMMAND: POST /session/365d56350ece7ddb67f22ecca89c6f97/element/f.0CFB565138F0704D782EF1C57C56E9E5.d.771F63DC7CB7DA0DE4F7FF658A9B835B.e.7463/click - {}
RESULT: {}
RESULT: {}
COMMAND: GET /session/365d56350ece7ddb67f22ecca89c6f97/screenshot - {}
RESULT: {}
COMMAND: POST /session/365d56350ece7ddb67f22ecca89c6f97/execute/async - {"script":"<script> [1562 bytes]","args":[{"selector":{"id":"application-managesites-display-component---NewSite--addressEditDetailsCostObjectCstType-arrow"},"wdio_ui5_key":"applicationmanagesites-display-component---NewSite--addressEditDetailsCostObjectCstType-arrow"}]}
RESULT: {"script":"<script> [1562 bytes]","args":[{"selector":{"id":"application-managesites-display-component---NewSite--addressEditDetailsCostObjectCstType-arrow"},"wdio_ui5_key":"applicationmanagesites-display-component---NewSite--addressEditDetailsCostObjectCstType-arrow"}]}
RESULT: undefined
COMMAND: POST /session/365d56350ece7ddb67f22ecca89c6f97/element - {"using":"xpath","value":"//*[@id=\"application-managesites-display-component---NewSite--addressEditDetailsCostObjectCstType-arrow\"]"}
RESULT: {"using":"xpath","value":"//*[@id=\"application-managesites-display-component---NewSite--addressEditDetailsCostObjectCstType-arrow\"]"}
COMMAND: POST /session/365d56350ece7ddb67f22ecca89c6f97/element/f.0CFB565138F0704D782EF1C57C56E9E5.d.771F63DC7CB7DA0DE4F7FF658A9B835B.e.7465/click - {}
RESULT: {}
COMMAND: POST /session/365d56350ece7ddb67f22ecca89c6f97/element - {"using":"xpath","value":"//span[contains(text(), \"Cost Center\")]"}
COMMAND: GET /session/365d56350ece7ddb67f22ecca89c6f97/screenshot - {}
RESULT: {"using":"xpath","value":"//span[contains(text(), \"Cost Center\")]"}
COMMAND: POST /session/365d56350ece7ddb67f22ecca89c6f97/element/f.0CFB565138F0704D782EF1C57C56E9E5.d.771F63DC7CB7DA0DE4F7FF658A9B835B.e.7466/click - {}
RESULT: {}
RESULT: {}
COMMAND: GET /session/365d56350ece7ddb67f22ecca89c6f97/screenshot - {}
RESULT: {}
COMMAND: POST /session/365d56350ece7ddb67f22ecca89c6f97/element - {"using":"xpath","value":"//span[@id=\"application-managesites-display-component---NewSite--addressNewCostObjectCstID-vhi\"]"}
RESULT: {"using":"xpath","value":"//span[@id=\"application-managesites-display-component---NewSite--addressNewCostObjectCstID-vhi\"]"}
COMMAND: POST /session/365d56350ece7ddb67f22ecca89c6f97/execute/sync - {"script":"<script> [8489 bytes]","args":[{"element-6066-11e4-a52e-4f735466cecf":"f.0CFB565138F0704D782EF1C57C56E9E5.d.771F63DC7CB7DA0DE4F7FF658A9B835B.e.7471","ELEMENT":"f.0CFB565138F0704D782EF1C57C56E9E5.d.771F63DC7CB7DA0DE4F7FF658A9B835B.e.7471"}]}
RESULT: {"script":"<script> [8489 bytes]","args":[{"element-6066-11e4-a52e-4f735466cecf":"f.0CFB565138F0704D782EF1C57C56E9E5.d.771F63DC7CB7DA0DE4F7FF658A9B835B.e.7471","ELEMENT":"f.0CFB565138F0704D782EF1C57C56E9E5.d.771F63DC7CB7DA0DE4F7FF658A9B835B.e.7471"}]}
COMMAND: POST /session/365d56350ece7ddb67f22ecca89c6f97/execute/async - {"script":"<script> [1562 bytes]","args":[{"selector":{"id":"application-managesites-display-component---NewSite--addressNewCostObjectCstID-vhi"},"wdio_ui5_key":"applicationmanagesites-display-component---NewSite--addressNewCostObjectCstID-vhi"}]}
COMMAND: GET /session/365d56350ece7ddb67f22ecca89c6f97/screenshot - {}
RESULT: {"script":"<script> [1562 bytes]","args":[{"selector":{"id":"application-managesites-display-component---NewSite--addressNewCostObjectCstID-vhi"},"wdio_ui5_key":"applicationmanagesites-display-component---NewSite--addressNewCostObjectCstID-vhi"}]}
RESULT: undefined
COMMAND: POST /session/365d56350ece7ddb67f22ecca89c6f97/element - {"using":"xpath","value":"//*[@id=\"application-managesites-display-component---NewSite--addressNewCostObjectCstID-vhi\"]"}
RESULT: {}
RESULT: {"using":"xpath","value":"//*[@id=\"application-managesites-display-component---NewSite--addressNewCostObjectCstID-vhi\"]"}
COMMAND: POST /session/365d56350ece7ddb67f22ecca89c6f97/element/f.0CFB565138F0704D782EF1C57C56E9E5.d.771F63DC7CB7DA0DE4F7FF658A9B835B.e.7471/click - {}
RESULT: {}
COMMAND: GET /session/365d56350ece7ddb67f22ecca89c6f97/screenshot - {}
RESULT: {}
RESULT: undefined
COMMAND: POST /session/365d56350ece7ddb67f22ecca89c6f97/execute/async - {"script":"<script> [776 bytes]","args":[{"enterText":"10001013","selector":{"controlType":"sap.m.SearchField","properties":{"placeholder":"Search"},"searchOpenDialogs":true,"interaction":{"idSuffix":"I"}},"clearTextFirst":true,"interactionType":"ENTER_TEXT"}]}
RESULT: {"script":"<script> [776 bytes]","args":[{"enterText":"10001013","selector":{"controlType":"sap.m.SearchField","properties":{"placeholder":"Search"},"searchOpenDialogs":true,"interaction":{"idSuffix":"I"}},"clearTextFirst":true,"interactionType":"ENTER_TEXT"}]}
COMMAND: POST /session/365d56350ece7ddb67f22ecca89c6f97/actions - {"actions":[{"id":"action25","type":"key","parameters":{},"actions":[{"type":"keyDown","value":""},{"type":"pause","duration":10},{"type":"keyUp","value":""}]}]}
RESULT: {"actions":[{"id":"action25","type":"key","parameters":{},"actions":[{"type":"keyDown","value":""},{"type":"pause","duration":10},{"type":"keyUp","value":""}]}]}
COMMAND: GET /session/365d56350ece7ddb67f22ecca89c6f97/screenshot - {}
RESULT: {}
COMMAND: POST /session/365d56350ece7ddb67f22ecca89c6f97/element - {"using":"xpath","value":"//span[contains(text(), \"General Management\")]"}
RESULT: {"using":"xpath","value":"//span[contains(text(), \"General Management\")]"}
COMMAND: POST /session/365d56350ece7ddb67f22ecca89c6f97/element/f.0CFB565138F0704D782EF1C57C56E9E5.d.771F63DC7CB7DA0DE4F7FF658A9B835B.e.7506/click - {}
RESULT: {}
COMMAND: GET /session/365d56350ece7ddb67f22ecca89c6f97/screenshot - {}
RESULT: {}
COMMAND: POST /session/365d56350ece7ddb67f22ecca89c6f97/element - {"using":"xpath","value":"//bdi[contains(text(), \"OK\")]"}
RESULT: {"using":"xpath","value":"//bdi[contains(text(), \"OK\")]"}
COMMAND: POST /session/365d56350ece7ddb67f22ecca89c6f97/element/f.0CFB565138F0704D782EF1C57C56E9E5.d.771F63DC7CB7DA0DE4F7FF658A9B835B.e.7507/click - {}
RESULT: {}
COMMAND: GET /session/365d56350ece7ddb67f22ecca89c6f97/screenshot - {}
RESULT: {}
COMMAND: POST /session/365d56350ece7ddb67f22ecca89c6f97/element - {"using":"xpath","value":"//input[@id=\"application-managesites-display-component---NewSite--addressDetailDetailsCalendar-inner\"]"}
RESULT: {"using":"xpath","value":"//input[@id=\"application-managesites-display-component---NewSite--addressDetailDetailsCalendar-inner\"]"}
COMMAND: POST /session/365d56350ece7ddb67f22ecca89c6f97/element/f.0CFB565138F0704D782EF1C57C56E9E5.d.771F63DC7CB7DA0DE4F7FF658A9B835B.e.7297/clear - {}
RESULT: {}
COMMAND: POST /session/365d56350ece7ddb67f22ecca89c6f97/element/f.0CFB565138F0704D782EF1C57C56E9E5.d.771F63DC7CB7DA0DE4F7FF658A9B835B.e.7297/value - {"text":"Unit"}
COMMAND: GET /session/365d56350ece7ddb67f22ecca89c6f97/screenshot - {}
RESULT: {"text":"Unit"}
COMMAND: GET /session/365d56350ece7ddb67f22ecca89c6f97/screenshot - {}
RESULT: {}
RESULT: {}
COMMAND: POST /session/365d56350ece7ddb67f22ecca89c6f97/actions - {"actions":[{"id":"action26","type":"key","parameters":{},"actions":[{"type":"keyDown","value":""},{"type":"pause","duration":10},{"type":"keyUp","value":""}]}]}
RESULT: {"actions":[{"id":"action26","type":"key","parameters":{},"actions":[{"type":"keyDown","value":""},{"type":"pause","duration":10},{"type":"keyUp","value":""}]}]}
COMMAND: POST /session/365d56350ece7ddb67f22ecca89c6f97/element - {"using":"xpath","value":"//input[@id=\"application-managesites-display-component---NewSite--addressDetailDetailsYard-inner\"]"}
COMMAND: GET /session/365d56350ece7ddb67f22ecca89c6f97/screenshot - {}
RESULT: {"using":"xpath","value":"//input[@id=\"application-managesites-display-component---NewSite--addressDetailDetailsYard-inner\"]"}
COMMAND: POST /session/365d56350ece7ddb67f22ecca89c6f97/element/f.0CFB565138F0704D782EF1C57C56E9E5.d.771F63DC7CB7DA0DE4F7FF658A9B835B.e.7298/clear - {}
RESULT: {}
RESULT: {}
COMMAND: POST /session/365d56350ece7ddb67f22ecca89c6f97/element/f.0CFB565138F0704D782EF1C57C56E9E5.d.771F63DC7CB7DA0DE4F7FF658A9B835B.e.7298/value - {"text":"281"}
COMMAND: GET /session/365d56350ece7ddb67f22ecca89c6f97/screenshot - {}
RESULT: {"text":"281"}
COMMAND: GET /session/365d56350ece7ddb67f22ecca89c6f97/screenshot - {}
RESULT: {}
RESULT: {}
COMMAND: POST /session/365d56350ece7ddb67f22ecca89c6f97/element - {"using":"xpath","value":"//li[.//span[text()='281']]"}
RESULT: {"using":"xpath","value":"//li[.//span[text()='281']]"}
COMMAND: POST /session/365d56350ece7ddb67f22ecca89c6f97/element/f.0CFB565138F0704D782EF1C57C56E9E5.d.771F63DC7CB7DA0DE4F7FF658A9B835B.e.7515/click - {}
RESULT: {}
COMMAND: GET /session/365d56350ece7ddb67f22ecca89c6f97/screenshot - {}
RESULT: {}
COMMAND: POST /session/365d56350ece7ddb67f22ecca89c6f97/element - {"using":"xpath","value":"//input[@id=\"application-managesites-display-component---NewSite--addressDetailDetailsPartner-inner\"]"}
RESULT: {"using":"xpath","value":"//input[@id=\"application-managesites-display-component---NewSite--addressDetailDetailsPartner-inner\"]"}
COMMAND: POST /session/365d56350ece7ddb67f22ecca89c6f97/element - {"using":"xpath","value":"//input[@id=\"application-managesites-display-component---NewSite--addressDetailDetailsPartner-inner\"]"}
RESULT: {"using":"xpath","value":"//input[@id=\"application-managesites-display-component---NewSite--addressDetailDetailsPartner-inner\"]"}
COMMAND: POST /session/365d56350ece7ddb67f22ecca89c6f97/element - {"using":"xpath","value":"//button[@data-kt=\"saveButton\"]"}
RESULT: {"using":"xpath","value":"//button[@data-kt=\"saveButton\"]"}
COMMAND: POST /session/365d56350ece7ddb67f22ecca89c6f97/element/f.0CFB565138F0704D782EF1C57C56E9E5.d.771F63DC7CB7DA0DE4F7FF658A9B835B.e.7452/click - {}
RESULT: {}
COMMAND: GET /session/365d56350ece7ddb67f22ecca89c6f97/screenshot - {}
RESULT: {}
COMMAND: POST /session/365d56350ece7ddb67f22ecca89c6f97/element - {"using":"xpath","value":"//header[contains(@id, 'ObjectPageLayout-headerTitle')]/div[1]/div[2]/div[2]/span[1]"}
RESULT: {"using":"xpath","value":"//header[contains(@id, 'ObjectPageLayout-headerTitle')]/div[1]/div[2]/div[2]/span[1]"}
COMMAND: POST /session/365d56350ece7ddb67f22ecca89c6f97/elements - {"using":"xpath","value":"//header[contains(@id, 'ObjectPageLayout-headerTitle')]/div[1]/div[2]/div[2]/span[1]"}
RESULT: {"using":"xpath","value":"//header[contains(@id, 'ObjectPageLayout-headerTitle')]/div[1]/div[2]/div[2]/span[1]"}
COMMAND: POST /session/365d56350ece7ddb67f22ecca89c6f97/execute/sync - {"script":"<script> [56 bytes]","args":[{"element-6066-11e4-a52e-4f735466cecf":"f.0CFB565138F0704D782EF1C57C56E9E5.d.771F63DC7CB7DA0DE4F7FF658A9B835B.e.7718","ELEMENT":"f.0CFB565138F0704D782EF1C57C56E9E5.d.771F63DC7CB7DA0DE4F7FF658A9B835B.e.7718"}]}
RESULT: {"script":"<script> [56 bytes]","args":[{"element-6066-11e4-a52e-4f735466cecf":"f.0CFB565138F0704D782EF1C57C56E9E5.d.771F63DC7CB7DA0DE4F7FF658A9B835B.e.7718","ELEMENT":"f.0CFB565138F0704D782EF1C57C56E9E5.d.771F63DC7CB7DA0DE4F7FF658A9B835B.e.7718"}]}
COMMAND: POST /session/365d56350ece7ddb67f22ecca89c6f97/element - {"using":"css selector","value":"#shell-header-logo"}
COMMAND: GET /session/365d56350ece7ddb67f22ecca89c6f97/screenshot - {}
RESULT: {"using":"css selector","value":"#shell-header-logo"}
COMMAND: POST /session/365d56350ece7ddb67f22ecca89c6f97/element/f.0CFB565138F0704D782EF1C57C56E9E5.d.771F63DC7CB7DA0DE4F7FF658A9B835B.e.6979/click - {}
RESULT: {}
RESULT: {}
COMMAND: GET /session/365d56350ece7ddb67f22ecca89c6f97/screenshot - {}
RESULT: {}
COMMAND: POST /session/365d56350ece7ddb67f22ecca89c6f97/execute/sync - {"script":"<script> [299 bytes]","args":[["getModel","getResource"]]}
RESULT: {"script":"<script> [299 bytes]","args":[["getModel","getResource"]]}
]]></system-out>
    </testcase>
    <testcase classname="chrome.136_0_7103_93.windows.Create_master_data_for_mixed_billing_&amp;_do_billing_calculation_US151661" name="Should create a new equipment and add a counter to it" time="183.03">
      <system-out><![CDATA[
COMMAND: GET /session/365d56350ece7ddb67f22ecca89c6f97/screenshot - {}
COMMAND: POST /session/365d56350ece7ddb67f22ecca89c6f97/execute/async - {"script":"<script> [1562 bytes]","args":[{"selector":{"controlType":"sap.m.GenericTile","properties":{"header":"Manage Resources"}},"wdio_ui5_key":"sapm.GenericTile{\"header\":\"Manage Resources\"}"}]}
RESULT: {}
RESULT: {"script":"<script> [1562 bytes]","args":[{"selector":{"controlType":"sap.m.GenericTile","properties":{"header":"Manage Resources"}},"wdio_ui5_key":"sapm.GenericTile{\"header\":\"Manage Resources\"}"}]}
RESULT: undefined
COMMAND: POST /session/365d56350ece7ddb67f22ecca89c6f97/element - {"using":"xpath","value":"//*[@id=\"__tile39\"]"}
RESULT: {"using":"xpath","value":"//*[@id=\"__tile39\"]"}
COMMAND: POST /session/365d56350ece7ddb67f22ecca89c6f97/element/f.0CFB565138F0704D782EF1C57C56E9E5.d.771F63DC7CB7DA0DE4F7FF658A9B835B.e.5351/click - {}
RESULT: {}
COMMAND: GET /session/365d56350ece7ddb67f22ecca89c6f97/screenshot - {}
COMMAND: POST /session/365d56350ece7ddb67f22ecca89c6f97/elements - {"using":"xpath","value":"//span[text()='Error']"}
RESULT: {}
RESULT: {"using":"xpath","value":"//span[text()='Error']"}
COMMAND: POST /session/365d56350ece7ddb67f22ecca89c6f97/element - {"using":"xpath","value":"//button[@data-kt=\"addNewRUOverflowToolbarButton\"]"}
RESULT: {"using":"xpath","value":"//button[@data-kt=\"addNewRUOverflowToolbarButton\"]"}
COMMAND: POST /session/365d56350ece7ddb67f22ecca89c6f97/elements - {"using":"xpath","value":"//button[@data-kt=\"addNewRUOverflowToolbarButton\"]"}
RESULT: {"using":"xpath","value":"//button[@data-kt=\"addNewRUOverflowToolbarButton\"]"}
COMMAND: POST /session/365d56350ece7ddb67f22ecca89c6f97/elements - {"using":"xpath","value":"//button[@data-kt=\"addNewRUOverflowToolbarButton\"]"}
RESULT: {"using":"xpath","value":"//button[@data-kt=\"addNewRUOverflowToolbarButton\"]"}
COMMAND: POST /session/365d56350ece7ddb67f22ecca89c6f97/elements - {"using":"xpath","value":"//button[@data-kt=\"addNewRUOverflowToolbarButton\"]"}
RESULT: {"using":"xpath","value":"//button[@data-kt=\"addNewRUOverflowToolbarButton\"]"}
COMMAND: POST /session/365d56350ece7ddb67f22ecca89c6f97/elements - {"using":"xpath","value":"//button[@data-kt=\"addNewRUOverflowToolbarButton\"]"}
RESULT: {"using":"xpath","value":"//button[@data-kt=\"addNewRUOverflowToolbarButton\"]"}
COMMAND: POST /session/365d56350ece7ddb67f22ecca89c6f97/element - {"using":"xpath","value":"//button[@data-kt=\"addNewRUOverflowToolbarButton\"]"}
RESULT: {"using":"xpath","value":"//button[@data-kt=\"addNewRUOverflowToolbarButton\"]"}
COMMAND: POST /session/365d56350ece7ddb67f22ecca89c6f97/execute/sync - {"script":"<script> [8489 bytes]","args":[{"element-6066-11e4-a52e-4f735466cecf":"f.0CFB565138F0704D782EF1C57C56E9E5.d.771F63DC7CB7DA0DE4F7FF658A9B835B.e.7761","ELEMENT":"f.0CFB565138F0704D782EF1C57C56E9E5.d.771F63DC7CB7DA0DE4F7FF658A9B835B.e.7761"}]}
RESULT: {"script":"<script> [8489 bytes]","args":[{"element-6066-11e4-a52e-4f735466cecf":"f.0CFB565138F0704D782EF1C57C56E9E5.d.771F63DC7CB7DA0DE4F7FF658A9B835B.e.7761","ELEMENT":"f.0CFB565138F0704D782EF1C57C56E9E5.d.771F63DC7CB7DA0DE4F7FF658A9B835B.e.7761"}]}
COMMAND: GET /session/365d56350ece7ddb67f22ecca89c6f97/element/f.0CFB565138F0704D782EF1C57C56E9E5.d.771F63DC7CB7DA0DE4F7FF658A9B835B.e.7761/enabled - {}
COMMAND: GET /session/365d56350ece7ddb67f22ecca89c6f97/screenshot - {}
RESULT: {}
COMMAND: POST /session/365d56350ece7ddb67f22ecca89c6f97/execute/sync - {"script":"<script> [8489 bytes]","args":[{"element-6066-11e4-a52e-4f735466cecf":"f.0CFB565138F0704D782EF1C57C56E9E5.d.771F63DC7CB7DA0DE4F7FF658A9B835B.e.7761","ELEMENT":"f.0CFB565138F0704D782EF1C57C56E9E5.d.771F63DC7CB7DA0DE4F7FF658A9B835B.e.7761"}]}
COMMAND: GET /session/365d56350ece7ddb67f22ecca89c6f97/screenshot - {}
RESULT: {}
RESULT: {"script":"<script> [8489 bytes]","args":[{"element-6066-11e4-a52e-4f735466cecf":"f.0CFB565138F0704D782EF1C57C56E9E5.d.771F63DC7CB7DA0DE4F7FF658A9B835B.e.7761","ELEMENT":"f.0CFB565138F0704D782EF1C57C56E9E5.d.771F63DC7CB7DA0DE4F7FF658A9B835B.e.7761"}]}
COMMAND: POST /session/365d56350ece7ddb67f22ecca89c6f97/execute/sync - {"script":"<script> [5351 bytes]","args":[{"element-6066-11e4-a52e-4f735466cecf":"f.0CFB565138F0704D782EF1C57C56E9E5.d.771F63DC7CB7DA0DE4F7FF658A9B835B.e.7761","ELEMENT":"f.0CFB565138F0704D782EF1C57C56E9E5.d.771F63DC7CB7DA0DE4F7FF658A9B835B.e.7761"}]}
COMMAND: GET /session/365d56350ece7ddb67f22ecca89c6f97/screenshot - {}
RESULT: {}
RESULT: {"script":"<script> [5351 bytes]","args":[{"element-6066-11e4-a52e-4f735466cecf":"f.0CFB565138F0704D782EF1C57C56E9E5.d.771F63DC7CB7DA0DE4F7FF658A9B835B.e.7761","ELEMENT":"f.0CFB565138F0704D782EF1C57C56E9E5.d.771F63DC7CB7DA0DE4F7FF658A9B835B.e.7761"}]}
COMMAND: POST /session/365d56350ece7ddb67f22ecca89c6f97/element/f.0CFB565138F0704D782EF1C57C56E9E5.d.771F63DC7CB7DA0DE4F7FF658A9B835B.e.7761/click - {}
COMMAND: GET /session/365d56350ece7ddb67f22ecca89c6f97/screenshot - {}
RESULT: {}
RESULT: {}
COMMAND: GET /session/365d56350ece7ddb67f22ecca89c6f97/screenshot - {}
RESULT: {}
RESULT: {}
COMMAND: POST /session/365d56350ece7ddb67f22ecca89c6f97/execute/async - {"script":"<script> [1562 bytes]","args":[{"selector":{"id":"application-manageresources-display-component---newResourceUnit--TYPE-arrow"},"wdio_ui5_key":"applicationmanageresources-display-component---newResourceUnit--TYPE-arrow"}]}
RESULT: {"script":"<script> [1562 bytes]","args":[{"selector":{"id":"application-manageresources-display-component---newResourceUnit--TYPE-arrow"},"wdio_ui5_key":"applicationmanageresources-display-component---newResourceUnit--TYPE-arrow"}]}
RESULT: undefined
COMMAND: POST /session/365d56350ece7ddb67f22ecca89c6f97/element - {"using":"xpath","value":"//*[@id=\"application-manageresources-display-component---newResourceUnit--TYPE-arrow\"]"}
RESULT: {"using":"xpath","value":"//*[@id=\"application-manageresources-display-component---newResourceUnit--TYPE-arrow\"]"}
COMMAND: POST /session/365d56350ece7ddb67f22ecca89c6f97/element/f.0CFB565138F0704D782EF1C57C56E9E5.d.771F63DC7CB7DA0DE4F7FF658A9B835B.e.8107/click - {}
RESULT: {}
COMMAND: POST /session/365d56350ece7ddb67f22ecca89c6f97/element - {"using":"xpath","value":"//input[@id=\"application-manageresources-display-component---newResourceUnit--TYPE-inner\"]"}
COMMAND: GET /session/365d56350ece7ddb67f22ecca89c6f97/screenshot - {}
RESULT: {"using":"xpath","value":"//input[@id=\"application-manageresources-display-component---newResourceUnit--TYPE-inner\"]"}
COMMAND: POST /session/365d56350ece7ddb67f22ecca89c6f97/element/f.0CFB565138F0704D782EF1C57C56E9E5.d.771F63DC7CB7DA0DE4F7FF658A9B835B.e.8103/clear - {}
RESULT: {}
RESULT: {}
COMMAND: POST /session/365d56350ece7ddb67f22ecca89c6f97/element/f.0CFB565138F0704D782EF1C57C56E9E5.d.771F63DC7CB7DA0DE4F7FF658A9B835B.e.8103/value - {"text":"Equipment"}
COMMAND: GET /session/365d56350ece7ddb67f22ecca89c6f97/screenshot - {}
RESULT: {"text":"Equipment"}
COMMAND: GET /session/365d56350ece7ddb67f22ecca89c6f97/screenshot - {}
RESULT: {}
RESULT: {}
COMMAND: POST /session/365d56350ece7ddb67f22ecca89c6f97/actions - {"actions":[{"id":"action27","type":"key","parameters":{},"actions":[{"type":"keyDown","value":""},{"type":"pause","duration":10},{"type":"keyUp","value":""}]}]}
RESULT: {"actions":[{"id":"action27","type":"key","parameters":{},"actions":[{"type":"keyDown","value":""},{"type":"pause","duration":10},{"type":"keyUp","value":""}]}]}
COMMAND: POST /session/365d56350ece7ddb67f22ecca89c6f97/execute/async - {"script":"<script> [1562 bytes]","args":[{"selector":{"id":"application-manageresources-display-component---newResourceUnit--resourceId","interaction":{"idSuffix":"inner"}},"wdio_ui5_key":"applicationmanageresources-display-component---newResourceUnit--resourceId"}]}
COMMAND: GET /session/365d56350ece7ddb67f22ecca89c6f97/screenshot - {}
RESULT: {"script":"<script> [1562 bytes]","args":[{"selector":{"id":"application-manageresources-display-component---newResourceUnit--resourceId","interaction":{"idSuffix":"inner"}},"wdio_ui5_key":"applicationmanageresources-display-component---newResourceUnit--resourceId"}]}
RESULT: undefined
COMMAND: POST /session/365d56350ece7ddb67f22ecca89c6f97/execute/async - {"script":"<script> [776 bytes]","args":[{"enterText":"RVFFWwmBr4","selector":{"id":"application-manageresources-display-component---newResourceUnit--resourceId","interaction":{"idSuffix":"inner"}},"clearTextFirst":true,"interactionType":"ENTER_TEXT"}]}
RESULT: {}
RESULT: {"script":"<script> [776 bytes]","args":[{"enterText":"RVFFWwmBr4","selector":{"id":"application-manageresources-display-component---newResourceUnit--resourceId","interaction":{"idSuffix":"inner"}},"clearTextFirst":true,"interactionType":"ENTER_TEXT"}]}
COMMAND: POST /session/365d56350ece7ddb67f22ecca89c6f97/execute/async - {"script":"<script> [1562 bytes]","args":[{"selector":{"id":"application-manageresources-display-component---newResourceUnit--SHORT_TEXT","interaction":{"idSuffix":"inner"}},"wdio_ui5_key":"applicationmanageresources-display-component---newResourceUnit--SHORT_TEXT"}]}
RESULT: {"script":"<script> [1562 bytes]","args":[{"selector":{"id":"application-manageresources-display-component---newResourceUnit--SHORT_TEXT","interaction":{"idSuffix":"inner"}},"wdio_ui5_key":"applicationmanageresources-display-component---newResourceUnit--SHORT_TEXT"}]}
RESULT: undefined
COMMAND: POST /session/365d56350ece7ddb67f22ecca89c6f97/execute/async - {"script":"<script> [776 bytes]","args":[{"enterText":"Intercompany Equipment WDIO","selector":{"id":"application-manageresources-display-component---newResourceUnit--SHORT_TEXT","interaction":{"idSuffix":"inner"}},"clearTextFirst":true,"interactionType":"ENTER_TEXT"}]}
RESULT: {"script":"<script> [776 bytes]","args":[{"enterText":"Intercompany Equipment WDIO","selector":{"id":"application-manageresources-display-component---newResourceUnit--SHORT_TEXT","interaction":{"idSuffix":"inner"}},"clearTextFirst":true,"interactionType":"ENTER_TEXT"}]}
COMMAND: POST /session/365d56350ece7ddb67f22ecca89c6f97/execute/async - {"script":"<script> [1562 bytes]","args":[{"selector":{"id":"application-manageresources-display-component---newResourceUnit--BASE_UNIT_OF_MEASURE","interaction":{"idSuffix":"inner"}},"wdio_ui5_key":"applicationmanageresources-display-component---newResourceUnit--BASE_UNIT_OF_MEASURE"}]}
RESULT: {"script":"<script> [1562 bytes]","args":[{"selector":{"id":"application-manageresources-display-component---newResourceUnit--BASE_UNIT_OF_MEASURE","interaction":{"idSuffix":"inner"}},"wdio_ui5_key":"applicationmanageresources-display-component---newResourceUnit--BASE_UNIT_OF_MEASURE"}]}
RESULT: undefined
COMMAND: POST /session/365d56350ece7ddb67f22ecca89c6f97/execute/async - {"script":"<script> [776 bytes]","args":[{"enterText":"Piece","selector":{"id":"application-manageresources-display-component---newResourceUnit--BASE_UNIT_OF_MEASURE","interaction":{"idSuffix":"inner"}},"clearTextFirst":true,"interactionType":"ENTER_TEXT"}]}
RESULT: {"script":"<script> [776 bytes]","args":[{"enterText":"Piece","selector":{"id":"application-manageresources-display-component---newResourceUnit--BASE_UNIT_OF_MEASURE","interaction":{"idSuffix":"inner"}},"clearTextFirst":true,"interactionType":"ENTER_TEXT"}]}
COMMAND: POST /session/365d56350ece7ddb67f22ecca89c6f97/execute/async - {"script":"<script> [1562 bytes]","args":[{"selector":{"id":"application-manageresources-display-component---newResourceUnit--WEIGHT_UNIT","interaction":{"idSuffix":"inner"}},"wdio_ui5_key":"applicationmanageresources-display-component---newResourceUnit--WEIGHT_UNIT"}]}
RESULT: {"script":"<script> [1562 bytes]","args":[{"selector":{"id":"application-manageresources-display-component---newResourceUnit--WEIGHT_UNIT","interaction":{"idSuffix":"inner"}},"wdio_ui5_key":"applicationmanageresources-display-component---newResourceUnit--WEIGHT_UNIT"}]}
RESULT: undefined
COMMAND: POST /session/365d56350ece7ddb67f22ecca89c6f97/execute/async - {"script":"<script> [776 bytes]","args":[{"enterText":"Gram","selector":{"id":"application-manageresources-display-component---newResourceUnit--WEIGHT_UNIT","interaction":{"idSuffix":"inner"}},"clearTextFirst":true,"interactionType":"ENTER_TEXT"}]}
RESULT: {"script":"<script> [776 bytes]","args":[{"enterText":"Gram","selector":{"id":"application-manageresources-display-component---newResourceUnit--WEIGHT_UNIT","interaction":{"idSuffix":"inner"}},"clearTextFirst":true,"interactionType":"ENTER_TEXT"}]}
COMMAND: POST /session/365d56350ece7ddb67f22ecca89c6f97/execute/async - {"script":"<script> [1562 bytes]","args":[{"selector":{"id":"application-manageresources-display-component---newResourceUnit--DIMENSION_UNIT","interaction":{"idSuffix":"inner"}},"wdio_ui5_key":"applicationmanageresources-display-component---newResourceUnit--DIMENSION_UNIT"}]}
RESULT: {"script":"<script> [1562 bytes]","args":[{"selector":{"id":"application-manageresources-display-component---newResourceUnit--DIMENSION_UNIT","interaction":{"idSuffix":"inner"}},"wdio_ui5_key":"applicationmanageresources-display-component---newResourceUnit--DIMENSION_UNIT"}]}
RESULT: undefined
COMMAND: POST /session/365d56350ece7ddb67f22ecca89c6f97/execute/async - {"script":"<script> [776 bytes]","args":[{"enterText":"Meter","selector":{"id":"application-manageresources-display-component---newResourceUnit--DIMENSION_UNIT","interaction":{"idSuffix":"inner"}},"clearTextFirst":true,"interactionType":"ENTER_TEXT"}]}
RESULT: {"script":"<script> [776 bytes]","args":[{"enterText":"Meter","selector":{"id":"application-manageresources-display-component---newResourceUnit--DIMENSION_UNIT","interaction":{"idSuffix":"inner"}},"clearTextFirst":true,"interactionType":"ENTER_TEXT"}]}
COMMAND: POST /session/365d56350ece7ddb67f22ecca89c6f97/execute/async - {"script":"<script> [1562 bytes]","args":[{"selector":{"id":"application-manageresources-display-component---newResourceUnit--newRRUPage-anchBar-application-manageresources-display-component---newResourceUnit--control-anchor","interaction":{"idSuffix":"BDI-content"}},"wdio_ui5_key":"applicationmanageresources-display-component---newResourceUnit--newRRUPage-anchBar-application-manageresources-display-component---newResourceUnit--control-anchor"}]}
RESULT: {"script":"<script> [1562 bytes]","args":[{"selector":{"id":"application-manageresources-display-component---newResourceUnit--newRRUPage-anchBar-application-manageresources-display-component---newResourceUnit--control-anchor","interaction":{"idSuffix":"BDI-content"}},"wdio_ui5_key":"applicationmanageresources-display-component---newResourceUnit--newRRUPage-anchBar-application-manageresources-display-component---newResourceUnit--control-anchor"}]}
RESULT: undefined
COMMAND: POST /session/365d56350ece7ddb67f22ecca89c6f97/element - {"using":"xpath","value":"//*[@id=\"application-manageresources-display-component---newResourceUnit--newRRUPage-anchBar-application-manageresources-display-component---newResourceUnit--control-anchor\"]"}
RESULT: {"using":"xpath","value":"//*[@id=\"application-manageresources-display-component---newResourceUnit--newRRUPage-anchBar-application-manageresources-display-component---newResourceUnit--control-anchor\"]"}
COMMAND: POST /session/365d56350ece7ddb67f22ecca89c6f97/element/f.0CFB565138F0704D782EF1C57C56E9E5.d.771F63DC7CB7DA0DE4F7FF658A9B835B.e.8263/click - {}
RESULT: {}
COMMAND: POST /session/365d56350ece7ddb67f22ecca89c6f97/execute/async - {"script":"<script> [1562 bytes]","args":[{"selector":{"id":"application-manageresources-display-component---newResourceUnit--PLANNING_GROUP","interaction":{"idSuffix":"inner"}},"wdio_ui5_key":"applicationmanageresources-display-component---newResourceUnit--PLANNING_GROUP"}]}
COMMAND: GET /session/365d56350ece7ddb67f22ecca89c6f97/screenshot - {}
RESULT: {"script":"<script> [1562 bytes]","args":[{"selector":{"id":"application-manageresources-display-component---newResourceUnit--PLANNING_GROUP","interaction":{"idSuffix":"inner"}},"wdio_ui5_key":"applicationmanageresources-display-component---newResourceUnit--PLANNING_GROUP"}]}
RESULT: undefined
COMMAND: POST /session/365d56350ece7ddb67f22ecca89c6f97/execute/async - {"script":"<script> [776 bytes]","args":[{"enterText":"Heavy Equi","selector":{"id":"application-manageresources-display-component---newResourceUnit--PLANNING_GROUP","interaction":{"idSuffix":"inner"}},"clearTextFirst":true,"interactionType":"ENTER_TEXT"}]}
RESULT: {}
RESULT: {"script":"<script> [776 bytes]","args":[{"enterText":"Heavy Equi","selector":{"id":"application-manageresources-display-component---newResourceUnit--PLANNING_GROUP","interaction":{"idSuffix":"inner"}},"clearTextFirst":true,"interactionType":"ENTER_TEXT"}]}
COMMAND: POST /session/365d56350ece7ddb67f22ecca89c6f97/execute/async - {"script":"<script> [1562 bytes]","args":[{"selector":{"id":"application-manageresources-display-component---newResourceUnit--ITEM_TYPE-arrow"},"wdio_ui5_key":"applicationmanageresources-display-component---newResourceUnit--ITEM_TYPE-arrow"}]}
RESULT: {"script":"<script> [1562 bytes]","args":[{"selector":{"id":"application-manageresources-display-component---newResourceUnit--ITEM_TYPE-arrow"},"wdio_ui5_key":"applicationmanageresources-display-component---newResourceUnit--ITEM_TYPE-arrow"}]}
RESULT: undefined
COMMAND: POST /session/365d56350ece7ddb67f22ecca89c6f97/element - {"using":"xpath","value":"//*[@id=\"application-manageresources-display-component---newResourceUnit--ITEM_TYPE-arrow\"]"}
RESULT: {"using":"xpath","value":"//*[@id=\"application-manageresources-display-component---newResourceUnit--ITEM_TYPE-arrow\"]"}
COMMAND: POST /session/365d56350ece7ddb67f22ecca89c6f97/element/f.0CFB565138F0704D782EF1C57C56E9E5.d.771F63DC7CB7DA0DE4F7FF658A9B835B.e.8271/click - {}
RESULT: {}
COMMAND: POST /session/365d56350ece7ddb67f22ecca89c6f97/element - {"using":"xpath","value":"(//span[contains(text(), \"Resource Unit\")])[2]"}
COMMAND: GET /session/365d56350ece7ddb67f22ecca89c6f97/screenshot - {}
RESULT: {"using":"xpath","value":"(//span[contains(text(), \"Resource Unit\")])[2]"}
COMMAND: POST /session/365d56350ece7ddb67f22ecca89c6f97/element/f.0CFB565138F0704D782EF1C57C56E9E5.d.771F63DC7CB7DA0DE4F7FF658A9B835B.e.8272/click - {}
RESULT: {}
RESULT: {}
COMMAND: GET /session/365d56350ece7ddb67f22ecca89c6f97/screenshot - {}
RESULT: {}
COMMAND: POST /session/365d56350ece7ddb67f22ecca89c6f97/element - {"using":"css selector","value":"#application-manageresources-display-component---newResourceUnit--btnAddTimeSegment"}
RESULT: {"using":"css selector","value":"#application-manageresources-display-component---newResourceUnit--btnAddTimeSegment"}
COMMAND: GET /session/365d56350ece7ddb67f22ecca89c6f97/element/f.0CFB565138F0704D782EF1C57C56E9E5.d.771F63DC7CB7DA0DE4F7FF658A9B835B.e.8279/rect - {}
RESULT: {}
COMMAND: GET /session/365d56350ece7ddb67f22ecca89c6f97/window/rect - {}
RESULT: {}
COMMAND: POST /session/365d56350ece7ddb67f22ecca89c6f97/execute/sync - {"script":"<script> [92 bytes]","args":[]}
RESULT: {"script":"<script> [92 bytes]","args":[]}
COMMAND: POST /session/365d56350ece7ddb67f22ecca89c6f97/actions - {"actions":[{"id":"action28","type":"wheel","parameters":{},"actions":[{"type":"scroll","x":-1888,"y":-32,"deltaX":0,"deltaY":0,"duration":0,"origin":{"element-6066-11e4-a52e-4f735466cecf":"f.0CFB565138F0704D782EF1C57C56E9E5.d.771F63DC7CB7DA0DE4F7FF658A9B835B.e.8279"}}]}]}
COMMAND: GET /session/365d56350ece7ddb67f22ecca89c6f97/screenshot - {}
RESULT: {}
COMMAND: POST /session/365d56350ece7ddb67f22ecca89c6f97/execute/sync - {"script":"<script> [79 bytes]","args":[{"element-6066-11e4-a52e-4f735466cecf":"f.0CFB565138F0704D782EF1C57C56E9E5.d.771F63DC7CB7DA0DE4F7FF658A9B835B.e.8279","ELEMENT":"f.0CFB565138F0704D782EF1C57C56E9E5.d.771F63DC7CB7DA0DE4F7FF658A9B835B.e.8279"},{"block":"start","inline":"nearest"}]}
RESULT: {"script":"<script> [79 bytes]","args":[{"element-6066-11e4-a52e-4f735466cecf":"f.0CFB565138F0704D782EF1C57C56E9E5.d.771F63DC7CB7DA0DE4F7FF658A9B835B.e.8279","ELEMENT":"f.0CFB565138F0704D782EF1C57C56E9E5.d.771F63DC7CB7DA0DE4F7FF658A9B835B.e.8279"},{"block":"start","inline":"nearest"}]}
COMMAND: POST /session/365d56350ece7ddb67f22ecca89c6f97/execute/async - {"script":"<script> [1562 bytes]","args":[{"selector":{"id":"application-manageresources-display-component---newResourceUnit--btnAddTimeSegment","interaction":{"idSuffix":"inner"}},"wdio_ui5_key":"applicationmanageresources-display-component---newResourceUnit--btnAddTimeSegment"}]}
COMMAND: GET /session/365d56350ece7ddb67f22ecca89c6f97/screenshot - {}
RESULT: {"script":"<script> [1562 bytes]","args":[{"selector":{"id":"application-manageresources-display-component---newResourceUnit--btnAddTimeSegment","interaction":{"idSuffix":"inner"}},"wdio_ui5_key":"applicationmanageresources-display-component---newResourceUnit--btnAddTimeSegment"}]}
RESULT: undefined
COMMAND: POST /session/365d56350ece7ddb67f22ecca89c6f97/element - {"using":"xpath","value":"//*[@id=\"application-manageresources-display-component---newResourceUnit--btnAddTimeSegment\"]"}
RESULT: {}
RESULT: {"using":"xpath","value":"//*[@id=\"application-manageresources-display-component---newResourceUnit--btnAddTimeSegment\"]"}
COMMAND: POST /session/365d56350ece7ddb67f22ecca89c6f97/element/f.0CFB565138F0704D782EF1C57C56E9E5.d.771F63DC7CB7DA0DE4F7FF658A9B835B.e.8279/click - {}
RESULT: {}
COMMAND: GET /session/365d56350ece7ddb67f22ecca89c6f97/screenshot - {}
RESULT: {}
COMMAND: POST /session/365d56350ece7ddb67f22ecca89c6f97/element - {"using":"xpath","value":"//input[@id=\"application-manageresources-display-component---newResourceUnit--idRuTSAdmin-application-manageresources-display-component---newResourceUnit--RUTimeSegment-0-inner\"]"}
RESULT: {"using":"xpath","value":"//input[@id=\"application-manageresources-display-component---newResourceUnit--idRuTSAdmin-application-manageresources-display-component---newResourceUnit--RUTimeSegment-0-inner\"]"}
COMMAND: POST /session/365d56350ece7ddb67f22ecca89c6f97/element/f.0CFB565138F0704D782EF1C57C56E9E5.d.771F63DC7CB7DA0DE4F7FF658A9B835B.e.8285/clear - {}
RESULT: {}
COMMAND: POST /session/365d56350ece7ddb67f22ecca89c6f97/element/f.0CFB565138F0704D782EF1C57C56E9E5.d.771F63DC7CB7DA0DE4F7FF658A9B835B.e.8285/value - {"text":"281"}
COMMAND: GET /session/365d56350ece7ddb67f22ecca89c6f97/screenshot - {}
RESULT: {"text":"281"}
COMMAND: GET /session/365d56350ece7ddb67f22ecca89c6f97/screenshot - {}
RESULT: {}
RESULT: {}
COMMAND: POST /session/365d56350ece7ddb67f22ecca89c6f97/element - {"using":"xpath","value":"//li[.//span[text()='281']]"}
RESULT: {"using":"xpath","value":"//li[.//span[text()='281']]"}
COMMAND: POST /session/365d56350ece7ddb67f22ecca89c6f97/element/f.0CFB565138F0704D782EF1C57C56E9E5.d.771F63DC7CB7DA0DE4F7FF658A9B835B.e.8297/click - {}
RESULT: {}
COMMAND: GET /session/365d56350ece7ddb67f22ecca89c6f97/screenshot - {}
RESULT: {}
COMMAND: POST /session/365d56350ece7ddb67f22ecca89c6f97/element - {"using":"xpath","value":"(//span[contains(@id, \"-application-manageresources-display-component---newResourceUnit--RUTimeSegment-0-arrow\")])[6]"}
RESULT: {"using":"xpath","value":"(//span[contains(@id, \"-application-manageresources-display-component---newResourceUnit--RUTimeSegment-0-arrow\")])[6]"}
COMMAND: POST /session/365d56350ece7ddb67f22ecca89c6f97/element/f.0CFB565138F0704D782EF1C57C56E9E5.d.771F63DC7CB7DA0DE4F7FF658A9B835B.e.8298/click - {}
RESULT: {}
COMMAND: GET /session/365d56350ece7ddb67f22ecca89c6f97/screenshot - {}
RESULT: {}
COMMAND: POST /session/365d56350ece7ddb67f22ecca89c6f97/element - {"using":"xpath","value":"//span[contains(text(), \"PM Order\")]"}
RESULT: {"using":"xpath","value":"//span[contains(text(), \"PM Order\")]"}
COMMAND: POST /session/365d56350ece7ddb67f22ecca89c6f97/element/f.0CFB565138F0704D782EF1C57C56E9E5.d.771F63DC7CB7DA0DE4F7FF658A9B835B.e.8301/click - {}
RESULT: {}
COMMAND: GET /session/365d56350ece7ddb67f22ecca89c6f97/screenshot - {}
RESULT: {}
COMMAND: POST /session/365d56350ece7ddb67f22ecca89c6f97/element - {"using":"xpath","value":"(//span[contains(@id ,\"manageresources-display-component---newResourceUnit--RUTimeSegment-0-vhi\")])[1]"}
RESULT: {"using":"xpath","value":"(//span[contains(@id ,\"manageresources-display-component---newResourceUnit--RUTimeSegment-0-vhi\")])[1]"}
COMMAND: GET /session/365d56350ece7ddb67f22ecca89c6f97/element/f.0CFB565138F0704D782EF1C57C56E9E5.d.771F63DC7CB7DA0DE4F7FF658A9B835B.e.8305/rect - {}
RESULT: {}
COMMAND: GET /session/365d56350ece7ddb67f22ecca89c6f97/window/rect - {}
RESULT: {}
COMMAND: POST /session/365d56350ece7ddb67f22ecca89c6f97/execute/sync - {"script":"<script> [92 bytes]","args":[]}
RESULT: {"script":"<script> [92 bytes]","args":[]}
COMMAND: POST /session/365d56350ece7ddb67f22ecca89c6f97/actions - {"actions":[{"id":"action29","type":"wheel","parameters":{},"actions":[{"type":"scroll","x":-869,"y":-24,"deltaX":0,"deltaY":0,"duration":0,"origin":{"element-6066-11e4-a52e-4f735466cecf":"f.0CFB565138F0704D782EF1C57C56E9E5.d.771F63DC7CB7DA0DE4F7FF658A9B835B.e.8305"}}]}]}
COMMAND: GET /session/365d56350ece7ddb67f22ecca89c6f97/screenshot - {}
RESULT: {"actions":[{"id":"action29","type":"wheel","parameters":{},"actions":[{"type":"scroll","x":-869,"y":-24,"deltaX":0,"deltaY":0,"duration":0,"origin":{"element-6066-11e4-a52e-4f735466cecf":"f.0CFB565138F0704D782EF1C57C56E9E5.d.771F63DC7CB7DA0DE4F7FF658A9B835B.e.8305"}}]}]}
COMMAND: DELETE /session/365d56350ece7ddb67f22ecca89c6f97/actions - {}
COMMAND: GET /session/365d56350ece7ddb67f22ecca89c6f97/screenshot - {}
RESULT: {}
RESULT: {}
COMMAND: GET /session/365d56350ece7ddb67f22ecca89c6f97/screenshot - {}
RESULT: {}
RESULT: {}
COMMAND: POST /session/365d56350ece7ddb67f22ecca89c6f97/element/f.0CFB565138F0704D782EF1C57C56E9E5.d.771F63DC7CB7DA0DE4F7FF658A9B835B.e.8305/click - {}
RESULT: {}
COMMAND: GET /session/365d56350ece7ddb67f22ecca89c6f97/screenshot - {}
RESULT: {}
RESULT: undefined
COMMAND: POST /session/365d56350ece7ddb67f22ecca89c6f97/execute/async - {"script":"<script> [776 bytes]","args":[{"enterText":"4000360","selector":{"controlType":"sap.m.SearchField","properties":{"placeholder":"Search"},"searchOpenDialogs":true,"interaction":{"idSuffix":"I"}},"clearTextFirst":true,"interactionType":"ENTER_TEXT"}]}
RESULT: {"script":"<script> [776 bytes]","args":[{"enterText":"4000360","selector":{"controlType":"sap.m.SearchField","properties":{"placeholder":"Search"},"searchOpenDialogs":true,"interaction":{"idSuffix":"I"}},"clearTextFirst":true,"interactionType":"ENTER_TEXT"}]}
COMMAND: POST /session/365d56350ece7ddb67f22ecca89c6f97/actions - {"actions":[{"id":"action30","type":"key","parameters":{},"actions":[{"type":"keyDown","value":""},{"type":"pause","duration":10},{"type":"keyUp","value":""}]}]}
RESULT: {"actions":[{"id":"action30","type":"key","parameters":{},"actions":[{"type":"keyDown","value":""},{"type":"pause","duration":10},{"type":"keyUp","value":""}]}]}
COMMAND: GET /session/365d56350ece7ddb67f22ecca89c6f97/screenshot - {}
RESULT: {}
COMMAND: POST /session/365d56350ece7ddb67f22ecca89c6f97/element - {"using":"xpath","value":"//td/div/span[contains(text(), \"BGL Vehicles\")]"}
RESULT: {"using":"xpath","value":"//td/div/span[contains(text(), \"BGL Vehicles\")]"}
COMMAND: POST /session/365d56350ece7ddb67f22ecca89c6f97/element/f.0CFB565138F0704D782EF1C57C56E9E5.d.771F63DC7CB7DA0DE4F7FF658A9B835B.e.8325/click - {}
RESULT: {}
COMMAND: GET /session/365d56350ece7ddb67f22ecca89c6f97/screenshot - {}
RESULT: {}
COMMAND: POST /session/365d56350ece7ddb67f22ecca89c6f97/element - {"using":"xpath","value":"//bdi[contains(text(), \"OK\")]"}
RESULT: {"using":"xpath","value":"//bdi[contains(text(), \"OK\")]"}
COMMAND: POST /session/365d56350ece7ddb67f22ecca89c6f97/element/f.0CFB565138F0704D782EF1C57C56E9E5.d.771F63DC7CB7DA0DE4F7FF658A9B835B.e.8326/click - {}
RESULT: {}
COMMAND: GET /session/365d56350ece7ddb67f22ecca89c6f97/screenshot - {}
RESULT: {}
COMMAND: POST /session/365d56350ece7ddb67f22ecca89c6f97/execute/async - {"script":"<script> [1562 bytes]","args":[{"selector":{"id":"application-manageresources-display-component---newResourceUnit--newRRUPage-anchBar-application-manageresources-display-component---newResourceUnit--resource-anchor","interaction":{"idSuffix":"BDI-content"}},"wdio_ui5_key":"applicationmanageresources-display-component---newResourceUnit--newRRUPage-anchBar-application-manageresources-display-component---newResourceUnit--resource-anchor"}]}
RESULT: {"script":"<script> [1562 bytes]","args":[{"selector":{"id":"application-manageresources-display-component---newResourceUnit--newRRUPage-anchBar-application-manageresources-display-component---newResourceUnit--resource-anchor","interaction":{"idSuffix":"BDI-content"}},"wdio_ui5_key":"applicationmanageresources-display-component---newResourceUnit--newRRUPage-anchBar-application-manageresources-display-component---newResourceUnit--resource-anchor"}]}
RESULT: undefined
COMMAND: POST /session/365d56350ece7ddb67f22ecca89c6f97/element - {"using":"xpath","value":"//*[@id=\"application-manageresources-display-component---newResourceUnit--newRRUPage-anchBar-application-manageresources-display-component---newResourceUnit--resource-anchor\"]"}
RESULT: {"using":"xpath","value":"//*[@id=\"application-manageresources-display-component---newResourceUnit--newRRUPage-anchBar-application-manageresources-display-component---newResourceUnit--resource-anchor\"]"}
COMMAND: POST /session/365d56350ece7ddb67f22ecca89c6f97/element/f.0CFB565138F0704D782EF1C57C56E9E5.d.771F63DC7CB7DA0DE4F7FF658A9B835B.e.8330/click - {}
RESULT: {}
COMMAND: POST /session/365d56350ece7ddb67f22ecca89c6f97/execute/async - {"script":"<script> [1562 bytes]","args":[{"selector":{"id":"application-manageresources-display-component---newResourceUnit--PLANNED_DELIVERY_DATE","interaction":{"idSuffix":"inner"}},"wdio_ui5_key":"applicationmanageresources-display-component---newResourceUnit--PLANNED_DELIVERY_DATE"}]}
COMMAND: GET /session/365d56350ece7ddb67f22ecca89c6f97/screenshot - {}
RESULT: {"script":"<script> [1562 bytes]","args":[{"selector":{"id":"application-manageresources-display-component---newResourceUnit--PLANNED_DELIVERY_DATE","interaction":{"idSuffix":"inner"}},"wdio_ui5_key":"applicationmanageresources-display-component---newResourceUnit--PLANNED_DELIVERY_DATE"}]}
RESULT: undefined
COMMAND: POST /session/365d56350ece7ddb67f22ecca89c6f97/execute/async - {"script":"<script> [6424 bytes]","args":[{"element-6066-11e4-a52e-4f735466cecf":"f.0CFB565138F0704D782EF1C57C56E9E5.d.771F63DC7CB7DA0DE4F7FF658A9B835B.e.8162"},"setValue",["5/25/25"]]}
RESULT: {}
RESULT: {"script":"<script> [6424 bytes]","args":[{"element-6066-11e4-a52e-4f735466cecf":"f.0CFB565138F0704D782EF1C57C56E9E5.d.771F63DC7CB7DA0DE4F7FF658A9B835B.e.8162"},"setValue",["5/25/25"]]}
COMMAND: POST /session/365d56350ece7ddb67f22ecca89c6f97/element - {"using":"xpath","value":"//label[contains(@class, 'sapMLabelRequired') and .//bdi[contains(text(), 'Planned Retirement')]]"}
RESULT: {"using":"xpath","value":"//label[contains(@class, 'sapMLabelRequired') and .//bdi[contains(text(), 'Planned Retirement')]]"}
COMMAND: POST /session/365d56350ece7ddb67f22ecca89c6f97/elements - {"using":"xpath","value":"//label[contains(@class, 'sapMLabelRequired') and .//bdi[contains(text(), 'Planned Retirement')]]"}
RESULT: {"using":"xpath","value":"//label[contains(@class, 'sapMLabelRequired') and .//bdi[contains(text(), 'Planned Retirement')]]"}
COMMAND: POST /session/365d56350ece7ddb67f22ecca89c6f97/element - {"using":"xpath","value":"//button[@data-kt=\"resourceUnitSaveButton\"]"}
RESULT: {"using":"xpath","value":"//button[@data-kt=\"resourceUnitSaveButton\"]"}
COMMAND: POST /session/365d56350ece7ddb67f22ecca89c6f97/element/f.0CFB565138F0704D782EF1C57C56E9E5.d.771F63DC7CB7DA0DE4F7FF658A9B835B.e.8122/click - {}
RESULT: {}
COMMAND: GET /session/365d56350ece7ddb67f22ecca89c6f97/screenshot - {}
RESULT: {}
COMMAND: POST /session/365d56350ece7ddb67f22ecca89c6f97/element - {"using":"xpath","value":"//bdi[contains(text(), \"Close\")]"}
RESULT: {"using":"xpath","value":"//bdi[contains(text(), \"Close\")]"}
COMMAND: POST /session/365d56350ece7ddb67f22ecca89c6f97/element/f.0CFB565138F0704D782EF1C57C56E9E5.d.771F63DC7CB7DA0DE4F7FF658A9B835B.e.8338/click - {}
RESULT: {}
COMMAND: GET /session/365d56350ece7ddb67f22ecca89c6f97/screenshot - {}
RESULT: {}
COMMAND: POST /session/365d56350ece7ddb67f22ecca89c6f97/element - {"using":"xpath","value":"//bdi[contains(text(), \"Edit\")]"}
RESULT: {"using":"xpath","value":"//bdi[contains(text(), \"Edit\")]"}
COMMAND: POST /session/365d56350ece7ddb67f22ecca89c6f97/execute/sync - {"script":"<script> [8489 bytes]","args":[{"element-6066-11e4-a52e-4f735466cecf":"f.0CFB565138F0704D782EF1C57C56E9E5.d.771F63DC7CB7DA0DE4F7FF658A9B835B.e.8394","ELEMENT":"f.0CFB565138F0704D782EF1C57C56E9E5.d.771F63DC7CB7DA0DE4F7FF658A9B835B.e.8394"}]}
RESULT: {"script":"<script> [8489 bytes]","args":[{"element-6066-11e4-a52e-4f735466cecf":"f.0CFB565138F0704D782EF1C57C56E9E5.d.771F63DC7CB7DA0DE4F7FF658A9B835B.e.8394","ELEMENT":"f.0CFB565138F0704D782EF1C57C56E9E5.d.771F63DC7CB7DA0DE4F7FF658A9B835B.e.8394"}]}
COMMAND: POST /session/365d56350ece7ddb67f22ecca89c6f97/element/f.0CFB565138F0704D782EF1C57C56E9E5.d.771F63DC7CB7DA0DE4F7FF658A9B835B.e.8394/click - {}
COMMAND: GET /session/365d56350ece7ddb67f22ecca89c6f97/screenshot - {}
RESULT: {}
COMMAND: GET /session/365d56350ece7ddb67f22ecca89c6f97/screenshot - {}
RESULT: {}
RESULT: {}
COMMAND: POST /session/365d56350ece7ddb67f22ecca89c6f97/execute/async - {"script":"<script> [1562 bytes]","args":[{"selector":{"id":"application-manageresources-display-component---editResource--editRruPage-anchBar-application-manageresources-display-component---editResource--counters-anchor","interaction":{"idSuffix":"BDI-content"}},"wdio_ui5_key":"applicationmanageresources-display-component---editResource--editRruPage-anchBar-application-manageresources-display-component---editResource--counters-anchor"}]}
RESULT: {"script":"<script> [1562 bytes]","args":[{"selector":{"id":"application-manageresources-display-component---editResource--editRruPage-anchBar-application-manageresources-display-component---editResource--counters-anchor","interaction":{"idSuffix":"BDI-content"}},"wdio_ui5_key":"applicationmanageresources-display-component---editResource--editRruPage-anchBar-application-manageresources-display-component---editResource--counters-anchor"}]}
RESULT: undefined
COMMAND: POST /session/365d56350ece7ddb67f22ecca89c6f97/element - {"using":"xpath","value":"//*[@id=\"application-manageresources-display-component---editResource--editRruPage-anchBar-application-manageresources-display-component---editResource--counters-anchor\"]"}
RESULT: {"using":"xpath","value":"//*[@id=\"application-manageresources-display-component---editResource--editRruPage-anchBar-application-manageresources-display-component---editResource--counters-anchor\"]"}
COMMAND: POST /session/365d56350ece7ddb67f22ecca89c6f97/element/f.0CFB565138F0704D782EF1C57C56E9E5.d.771F63DC7CB7DA0DE4F7FF658A9B835B.e.8542/click - {}
RESULT: {}
COMMAND: GET /session/365d56350ece7ddb67f22ecca89c6f97/screenshot - {}
RESULT: {}
COMMAND: POST /session/365d56350ece7ddb67f22ecca89c6f97/execute/async - {"script":"<script> [1562 bytes]","args":[{"selector":{"id":"application-manageresources-display-component---editResource--btnAddCounter-img"},"wdio_ui5_key":"applicationmanageresources-display-component---editResource--btnAddCounter-img"}]}
RESULT: {"script":"<script> [1562 bytes]","args":[{"selector":{"id":"application-manageresources-display-component---editResource--btnAddCounter-img"},"wdio_ui5_key":"applicationmanageresources-display-component---editResource--btnAddCounter-img"}]}
RESULT: undefined
COMMAND: POST /session/365d56350ece7ddb67f22ecca89c6f97/element - {"using":"xpath","value":"//*[@id=\"application-manageresources-display-component---editResource--btnAddCounter-img\"]"}
RESULT: {"using":"xpath","value":"//*[@id=\"application-manageresources-display-component---editResource--btnAddCounter-img\"]"}
COMMAND: POST /session/365d56350ece7ddb67f22ecca89c6f97/element/f.0CFB565138F0704D782EF1C57C56E9E5.d.771F63DC7CB7DA0DE4F7FF658A9B835B.e.8549/click - {}
RESULT: {}
COMMAND: POST /session/365d56350ece7ddb67f22ecca89c6f97/execute/async - {"script":"<script> [1562 bytes]","args":[{"selector":{"id":"application-manageresources-display-component---editResource--COUNTER_ID-application-manageresources-display-component---editResource--RUCounters-0-arrow"},"wdio_ui5_key":"applicationmanageresources-display-component---editResource--COUNTER_ID-application-manageresources-display-component---editResource--RUCounters-0-arrow"}]}
COMMAND: GET /session/365d56350ece7ddb67f22ecca89c6f97/screenshot - {}
RESULT: {"script":"<script> [1562 bytes]","args":[{"selector":{"id":"application-manageresources-display-component---editResource--COUNTER_ID-application-manageresources-display-component---editResource--RUCounters-0-arrow"},"wdio_ui5_key":"applicationmanageresources-display-component---editResource--COUNTER_ID-application-manageresources-display-component---editResource--RUCounters-0-arrow"}]}
RESULT: undefined
COMMAND: POST /session/365d56350ece7ddb67f22ecca89c6f97/element - {"using":"xpath","value":"//*[@id=\"application-manageresources-display-component---editResource--COUNTER_ID-application-manageresources-display-component---editResource--RUCounters-0-arrow\"]"}
RESULT: {}
RESULT: {"using":"xpath","value":"//*[@id=\"application-manageresources-display-component---editResource--COUNTER_ID-application-manageresources-display-component---editResource--RUCounters-0-arrow\"]"}
COMMAND: POST /session/365d56350ece7ddb67f22ecca89c6f97/element/f.0CFB565138F0704D782EF1C57C56E9E5.d.771F63DC7CB7DA0DE4F7FF658A9B835B.e.8554/click - {}
RESULT: {}
COMMAND: POST /session/365d56350ece7ddb67f22ecca89c6f97/execute/async - {"script":"<script> [1562 bytes]","args":[{"selector":{"controlType":"sap.m.StandardListItem","viewName":"etm.portal.ui.manageresources.view.EditResource","viewId":"application-manageresources-display-component---editResource","properties":{"title":"fuel"},"searchOpenDialogs":true,"interaction":{"idSuffix":"content"}},"wdio_ui5_key":"etmportal.ui.manageresources.view.EditResourcesap.m.StandardListItem{\"title\":\"fuel\"}"}]}
COMMAND: GET /session/365d56350ece7ddb67f22ecca89c6f97/screenshot - {}
RESULT: {"script":"<script> [1562 bytes]","args":[{"selector":{"controlType":"sap.m.StandardListItem","viewName":"etm.portal.ui.manageresources.view.EditResource","viewId":"application-manageresources-display-component---editResource","properties":{"title":"fuel"},"searchOpenDialogs":true,"interaction":{"idSuffix":"content"}},"wdio_ui5_key":"etmportal.ui.manageresources.view.EditResourcesap.m.StandardListItem{\"title\":\"fuel\"}"}]}
RESULT: undefined
COMMAND: POST /session/365d56350ece7ddb67f22ecca89c6f97/element - {"using":"xpath","value":"//*[@id=\"__item2242\"]"}
RESULT: {}
RESULT: {"using":"xpath","value":"//*[@id=\"__item2242\"]"}
COMMAND: POST /session/365d56350ece7ddb67f22ecca89c6f97/element/f.0CFB565138F0704D782EF1C57C56E9E5.d.771F63DC7CB7DA0DE4F7FF658A9B835B.e.8556/click - {}
RESULT: {}
COMMAND: GET /session/365d56350ece7ddb67f22ecca89c6f97/screenshot - {}
RESULT: {}
COMMAND: POST /session/365d56350ece7ddb67f22ecca89c6f97/element - {"using":"xpath","value":"//button[@data-kt=\"saveButton\"]"}
RESULT: {"using":"xpath","value":"//button[@data-kt=\"saveButton\"]"}
COMMAND: POST /session/365d56350ece7ddb67f22ecca89c6f97/element/f.0CFB565138F0704D782EF1C57C56E9E5.d.771F63DC7CB7DA0DE4F7FF658A9B835B.e.8557/click - {}
RESULT: {}
COMMAND: GET /session/365d56350ece7ddb67f22ecca89c6f97/screenshot - {}
RESULT: {}
COMMAND: POST /session/365d56350ece7ddb67f22ecca89c6f97/element - {"using":"xpath","value":"(//button[contains(@id ,\"actionsToolbar-overflowButton\")])[1]"}
RESULT: {"using":"xpath","value":"(//button[contains(@id ,\"actionsToolbar-overflowButton\")])[1]"}
COMMAND: POST /session/365d56350ece7ddb67f22ecca89c6f97/element/f.0CFB565138F0704D782EF1C57C56E9E5.d.771F63DC7CB7DA0DE4F7FF658A9B835B.e.8571/click - {}
RESULT: {}
COMMAND: GET /session/365d56350ece7ddb67f22ecca89c6f97/screenshot - {}
RESULT: {}
COMMAND: POST /session/365d56350ece7ddb67f22ecca89c6f97/element - {"using":"xpath","value":"//button[@data-kt=\"priceInfoButton\"]"}
RESULT: {"using":"xpath","value":"//button[@data-kt=\"priceInfoButton\"]"}
COMMAND: POST /session/365d56350ece7ddb67f22ecca89c6f97/element/f.0CFB565138F0704D782EF1C57C56E9E5.d.771F63DC7CB7DA0DE4F7FF658A9B835B.e.8573/click - {}
RESULT: {}
COMMAND: GET /session/365d56350ece7ddb67f22ecca89c6f97/screenshot - {}
RESULT: {}
]]></system-out>
    </testcase>
    <testcase classname="chrome.136_0_7103_93.windows.Create_master_data_for_mixed_billing_&amp;_do_billing_calculation_US151661" name="Should create a TB pricing procedure" time="58.244">
      <system-out><![CDATA[
COMMAND: POST /session/365d56350ece7ddb67f22ecca89c6f97/element - {"using":"xpath","value":"//button[@data-kt=\"addButton\"]"}
RESULT: {"using":"xpath","value":"//button[@data-kt=\"addButton\"]"}
COMMAND: POST /session/365d56350ece7ddb67f22ecca89c6f97/elements - {"using":"xpath","value":"//button[@data-kt=\"addButton\"]"}
RESULT: {"using":"xpath","value":"//button[@data-kt=\"addButton\"]"}
COMMAND: POST /session/365d56350ece7ddb67f22ecca89c6f97/execute/sync - {"script":"<script> [8489 bytes]","args":[{"element-6066-11e4-a52e-4f735466cecf":"f.0CFB565138F0704D782EF1C57C56E9E5.d.771F63DC7CB7DA0DE4F7FF658A9B835B.e.8609","ELEMENT":"f.0CFB565138F0704D782EF1C57C56E9E5.d.771F63DC7CB7DA0DE4F7FF658A9B835B.e.8609"}]}
RESULT: {"script":"<script> [8489 bytes]","args":[{"element-6066-11e4-a52e-4f735466cecf":"f.0CFB565138F0704D782EF1C57C56E9E5.d.771F63DC7CB7DA0DE4F7FF658A9B835B.e.8609","ELEMENT":"f.0CFB565138F0704D782EF1C57C56E9E5.d.771F63DC7CB7DA0DE4F7FF658A9B835B.e.8609"}]}
COMMAND: GET /session/365d56350ece7ddb67f22ecca89c6f97/element/f.0CFB565138F0704D782EF1C57C56E9E5.d.771F63DC7CB7DA0DE4F7FF658A9B835B.e.8609/enabled - {}
COMMAND: GET /session/365d56350ece7ddb67f22ecca89c6f97/screenshot - {}
RESULT: {}
COMMAND: POST /session/365d56350ece7ddb67f22ecca89c6f97/execute/sync - {"script":"<script> [8489 bytes]","args":[{"element-6066-11e4-a52e-4f735466cecf":"f.0CFB565138F0704D782EF1C57C56E9E5.d.771F63DC7CB7DA0DE4F7FF658A9B835B.e.8609","ELEMENT":"f.0CFB565138F0704D782EF1C57C56E9E5.d.771F63DC7CB7DA0DE4F7FF658A9B835B.e.8609"}]}
COMMAND: GET /session/365d56350ece7ddb67f22ecca89c6f97/screenshot - {}
RESULT: {}
RESULT: {"script":"<script> [8489 bytes]","args":[{"element-6066-11e4-a52e-4f735466cecf":"f.0CFB565138F0704D782EF1C57C56E9E5.d.771F63DC7CB7DA0DE4F7FF658A9B835B.e.8609","ELEMENT":"f.0CFB565138F0704D782EF1C57C56E9E5.d.771F63DC7CB7DA0DE4F7FF658A9B835B.e.8609"}]}
COMMAND: POST /session/365d56350ece7ddb67f22ecca89c6f97/execute/sync - {"script":"<script> [5351 bytes]","args":[{"element-6066-11e4-a52e-4f735466cecf":"f.0CFB565138F0704D782EF1C57C56E9E5.d.771F63DC7CB7DA0DE4F7FF658A9B835B.e.8609","ELEMENT":"f.0CFB565138F0704D782EF1C57C56E9E5.d.771F63DC7CB7DA0DE4F7FF658A9B835B.e.8609"}]}
COMMAND: GET /session/365d56350ece7ddb67f22ecca89c6f97/screenshot - {}
RESULT: {}
RESULT: {"script":"<script> [5351 bytes]","args":[{"element-6066-11e4-a52e-4f735466cecf":"f.0CFB565138F0704D782EF1C57C56E9E5.d.771F63DC7CB7DA0DE4F7FF658A9B835B.e.8609","ELEMENT":"f.0CFB565138F0704D782EF1C57C56E9E5.d.771F63DC7CB7DA0DE4F7FF658A9B835B.e.8609"}]}
COMMAND: POST /session/365d56350ece7ddb67f22ecca89c6f97/element/f.0CFB565138F0704D782EF1C57C56E9E5.d.771F63DC7CB7DA0DE4F7FF658A9B835B.e.8609/click - {}
COMMAND: GET /session/365d56350ece7ddb67f22ecca89c6f97/screenshot - {}
RESULT: {}
RESULT: {}
COMMAND: GET /session/365d56350ece7ddb67f22ecca89c6f97/screenshot - {}
RESULT: {}
RESULT: {}
COMMAND: POST /session/365d56350ece7ddb67f22ecca89c6f97/execute/async - {"script":"<script> [1562 bytes]","args":[{"selector":{"controlType":"sap.m.Title","viewName":"etm.portal.ui.managepricingrules.view.NewItem","viewId":"application-managepricingrules-display-component---newInfoPriceItem","properties":{"text":"New Pricing Rules - Item Level"}},"wdio_ui5_key":"etmportal.ui.managepricingrules.view.NewItemsap.m.Title{\"text\":\"New Pricing Rules - Item Level\"}"}]}
RESULT: {"script":"<script> [1562 bytes]","args":[{"selector":{"controlType":"sap.m.Title","viewName":"etm.portal.ui.managepricingrules.view.NewItem","viewId":"application-managepricingrules-display-component---newInfoPriceItem","properties":{"text":"New Pricing Rules - Item Level"}},"wdio_ui5_key":"etmportal.ui.managepricingrules.view.NewItemsap.m.Title{\"text\":\"New Pricing Rules - Item Level\"}"}]}
RESULT: undefined
COMMAND: POST /session/365d56350ece7ddb67f22ecca89c6f97/execute/async - {"script":"<script> [6424 bytes]","args":[{"element-6066-11e4-a52e-4f735466cecf":"f.0CFB565138F0704D782EF1C57C56E9E5.d.771F63DC7CB7DA0DE4F7FF658A9B835B.e.8693"},"getText",[]]}
RESULT: {"script":"<script> [6424 bytes]","args":[{"element-6066-11e4-a52e-4f735466cecf":"f.0CFB565138F0704D782EF1C57C56E9E5.d.771F63DC7CB7DA0DE4F7FF658A9B835B.e.8693"},"getText",[]]}
COMMAND: POST /session/365d56350ece7ddb67f22ecca89c6f97/execute/async - {"script":"<script> [1562 bytes]","args":[{"selector":{"id":"application-managepricingrules-display-component---newInfoPriceItem--condValidTo","interaction":{"idSuffix":"inner"}},"wdio_ui5_key":"applicationmanagepricingrules-display-component---newInfoPriceItem--condValidTo"}]}
RESULT: {"script":"<script> [1562 bytes]","args":[{"selector":{"id":"application-managepricingrules-display-component---newInfoPriceItem--condValidTo","interaction":{"idSuffix":"inner"}},"wdio_ui5_key":"applicationmanagepricingrules-display-component---newInfoPriceItem--condValidTo"}]}
RESULT: undefined
COMMAND: POST /session/365d56350ece7ddb67f22ecca89c6f97/execute/async - {"script":"<script> [776 bytes]","args":[{"enterText":"1/25/26","selector":{"id":"application-managepricingrules-display-component---newInfoPriceItem--condValidTo","interaction":{"idSuffix":"inner"}},"clearTextFirst":true,"interactionType":"ENTER_TEXT"}]}
RESULT: {"script":"<script> [776 bytes]","args":[{"enterText":"1/25/26","selector":{"id":"application-managepricingrules-display-component---newInfoPriceItem--condValidTo","interaction":{"idSuffix":"inner"}},"clearTextFirst":true,"interactionType":"ENTER_TEXT"}]}
COMMAND: POST /session/365d56350ece7ddb67f22ecca89c6f97/execute/async - {"script":"<script> [1562 bytes]","args":[{"selector":{"id":"application-managepricingrules-display-component---newInfoPriceItem--billType-arrow"},"wdio_ui5_key":"applicationmanagepricingrules-display-component---newInfoPriceItem--billType-arrow"}]}
RESULT: {"script":"<script> [1562 bytes]","args":[{"selector":{"id":"application-managepricingrules-display-component---newInfoPriceItem--billType-arrow"},"wdio_ui5_key":"applicationmanagepricingrules-display-component---newInfoPriceItem--billType-arrow"}]}
RESULT: undefined
COMMAND: POST /session/365d56350ece7ddb67f22ecca89c6f97/element - {"using":"xpath","value":"//*[@id=\"application-managepricingrules-display-component---newInfoPriceItem--billType-arrow\"]"}
RESULT: {"using":"xpath","value":"//*[@id=\"application-managepricingrules-display-component---newInfoPriceItem--billType-arrow\"]"}
COMMAND: POST /session/365d56350ece7ddb67f22ecca89c6f97/element/f.0CFB565138F0704D782EF1C57C56E9E5.d.771F63DC7CB7DA0DE4F7FF658A9B835B.e.8695/click - {}
RESULT: {}
COMMAND: POST /session/365d56350ece7ddb67f22ecca89c6f97/element - {"using":"xpath","value":"//span[contains(text(), \"TB - Time based\")]"}
COMMAND: GET /session/365d56350ece7ddb67f22ecca89c6f97/screenshot - {}
RESULT: {"using":"xpath","value":"//span[contains(text(), \"TB - Time based\")]"}
COMMAND: POST /session/365d56350ece7ddb67f22ecca89c6f97/element/f.0CFB565138F0704D782EF1C57C56E9E5.d.771F63DC7CB7DA0DE4F7FF658A9B835B.e.8696/click - {}
RESULT: {}
RESULT: {}
COMMAND: POST /session/365d56350ece7ddb67f22ecca89c6f97/execute/async - {"script":"<script> [1562 bytes]","args":[{"selector":{"id":"application-managepricingrules-display-component---newInfoPriceItem--priceProc-arrow"},"wdio_ui5_key":"applicationmanagepricingrules-display-component---newInfoPriceItem--priceProc-arrow"}]}
COMMAND: GET /session/365d56350ece7ddb67f22ecca89c6f97/screenshot - {}
RESULT: {"script":"<script> [1562 bytes]","args":[{"selector":{"id":"application-managepricingrules-display-component---newInfoPriceItem--priceProc-arrow"},"wdio_ui5_key":"applicationmanagepricingrules-display-component---newInfoPriceItem--priceProc-arrow"}]}
RESULT: undefined
COMMAND: POST /session/365d56350ece7ddb67f22ecca89c6f97/element - {"using":"xpath","value":"//*[@id=\"application-managepricingrules-display-component---newInfoPriceItem--priceProc-arrow\"]"}
RESULT: {}
RESULT: {"using":"xpath","value":"//*[@id=\"application-managepricingrules-display-component---newInfoPriceItem--priceProc-arrow\"]"}
COMMAND: POST /session/365d56350ece7ddb67f22ecca89c6f97/element/f.0CFB565138F0704D782EF1C57C56E9E5.d.771F63DC7CB7DA0DE4F7FF658A9B835B.e.8697/click - {}
RESULT: {}
COMMAND: POST /session/365d56350ece7ddb67f22ecca89c6f97/element - {"using":"xpath","value":"//span[contains(text(), \"TB - Time based BGL\")]"}
COMMAND: GET /session/365d56350ece7ddb67f22ecca89c6f97/screenshot - {}
RESULT: {"using":"xpath","value":"//span[contains(text(), \"TB - Time based BGL\")]"}
COMMAND: POST /session/365d56350ece7ddb67f22ecca89c6f97/element/f.0CFB565138F0704D782EF1C57C56E9E5.d.771F63DC7CB7DA0DE4F7FF658A9B835B.e.8698/click - {}
RESULT: {}
RESULT: {}
COMMAND: POST /session/365d56350ece7ddb67f22ecca89c6f97/execute/async - {"script":"<script> [1562 bytes]","args":[{"selector":{"id":"application-managepricingrules-display-component---newInfoPriceItem--calcBase-arrow"},"wdio_ui5_key":"applicationmanagepricingrules-display-component---newInfoPriceItem--calcBase-arrow"}]}
COMMAND: GET /session/365d56350ece7ddb67f22ecca89c6f97/screenshot - {}
RESULT: {"script":"<script> [1562 bytes]","args":[{"selector":{"id":"application-managepricingrules-display-component---newInfoPriceItem--calcBase-arrow"},"wdio_ui5_key":"applicationmanagepricingrules-display-component---newInfoPriceItem--calcBase-arrow"}]}
RESULT: undefined
COMMAND: POST /session/365d56350ece7ddb67f22ecca89c6f97/element - {"using":"xpath","value":"//*[@id=\"application-managepricingrules-display-component---newInfoPriceItem--calcBase-arrow\"]"}
RESULT: {}
RESULT: {"using":"xpath","value":"//*[@id=\"application-managepricingrules-display-component---newInfoPriceItem--calcBase-arrow\"]"}
COMMAND: POST /session/365d56350ece7ddb67f22ecca89c6f97/element/f.0CFB565138F0704D782EF1C57C56E9E5.d.771F63DC7CB7DA0DE4F7FF658A9B835B.e.8699/click - {}
RESULT: {}
COMMAND: GET /session/365d56350ece7ddb67f22ecca89c6f97/screenshot - {}
RESULT: {}
COMMAND: POST /session/365d56350ece7ddb67f22ecca89c6f97/element - {"using":"xpath","value":"//span[contains(text(), \"0006 - TB(calendar days)\")]"}
RESULT: {"using":"xpath","value":"//span[contains(text(), \"0006 - TB(calendar days)\")]"}
COMMAND: POST /session/365d56350ece7ddb67f22ecca89c6f97/element/f.0CFB565138F0704D782EF1C57C56E9E5.d.771F63DC7CB7DA0DE4F7FF658A9B835B.e.8700/click - {}
RESULT: {}
COMMAND: GET /session/365d56350ece7ddb67f22ecca89c6f97/screenshot - {}
RESULT: {}
COMMAND: POST /session/365d56350ece7ddb67f22ecca89c6f97/execute/async - {"script":"<script> [1562 bytes]","args":[{"selector":{"id":"application-managepricingrules-display-component---newInfoPriceItem--hoursMonth","interaction":{"idSuffix":"inner"}},"wdio_ui5_key":"applicationmanagepricingrules-display-component---newInfoPriceItem--hoursMonth"}]}
RESULT: {"script":"<script> [1562 bytes]","args":[{"selector":{"id":"application-managepricingrules-display-component---newInfoPriceItem--hoursMonth","interaction":{"idSuffix":"inner"}},"wdio_ui5_key":"applicationmanagepricingrules-display-component---newInfoPriceItem--hoursMonth"}]}
RESULT: undefined
COMMAND: POST /session/365d56350ece7ddb67f22ecca89c6f97/execute/async - {"script":"<script> [776 bytes]","args":[{"enterText":"160","selector":{"id":"application-managepricingrules-display-component---newInfoPriceItem--hoursMonth","interaction":{"idSuffix":"inner"}},"clearTextFirst":true,"interactionType":"ENTER_TEXT"}]}
RESULT: {"script":"<script> [776 bytes]","args":[{"enterText":"160","selector":{"id":"application-managepricingrules-display-component---newInfoPriceItem--hoursMonth","interaction":{"idSuffix":"inner"}},"clearTextFirst":true,"interactionType":"ENTER_TEXT"}]}
COMMAND: POST /session/365d56350ece7ddb67f22ecca89c6f97/execute/async - {"script":"<script> [1562 bytes]","args":[{"selector":{"id":"application-managepricingrules-display-component---newInfoPriceItem--daysMonth","interaction":{"idSuffix":"inner"}},"wdio_ui5_key":"applicationmanagepricingrules-display-component---newInfoPriceItem--daysMonth"}]}
RESULT: {"script":"<script> [1562 bytes]","args":[{"selector":{"id":"application-managepricingrules-display-component---newInfoPriceItem--daysMonth","interaction":{"idSuffix":"inner"}},"wdio_ui5_key":"applicationmanagepricingrules-display-component---newInfoPriceItem--daysMonth"}]}
RESULT: undefined
COMMAND: POST /session/365d56350ece7ddb67f22ecca89c6f97/execute/async - {"script":"<script> [776 bytes]","args":[{"enterText":"30","selector":{"id":"application-managepricingrules-display-component---newInfoPriceItem--daysMonth","interaction":{"idSuffix":"inner"}},"clearTextFirst":true,"interactionType":"ENTER_TEXT"}]}
RESULT: {"script":"<script> [776 bytes]","args":[{"enterText":"30","selector":{"id":"application-managepricingrules-display-component---newInfoPriceItem--daysMonth","interaction":{"idSuffix":"inner"}},"clearTextFirst":true,"interactionType":"ENTER_TEXT"}]}
COMMAND: POST /session/365d56350ece7ddb67f22ecca89c6f97/element - {"using":"xpath","value":"//button[@data-kt=\"saveNewRuleButton\"]"}
RESULT: {"using":"xpath","value":"//button[@data-kt=\"saveNewRuleButton\"]"}
COMMAND: POST /session/365d56350ece7ddb67f22ecca89c6f97/element/f.0CFB565138F0704D782EF1C57C56E9E5.d.771F63DC7CB7DA0DE4F7FF658A9B835B.e.8703/click - {}
RESULT: {}
COMMAND: GET /session/365d56350ece7ddb67f22ecca89c6f97/screenshot - {}
RESULT: {}
COMMAND: POST /session/365d56350ece7ddb67f22ecca89c6f97/execute/async - {"script":"<script> [1562 bytes]","args":[{"selector":{"id":"application-managepricingrules-display-component---priceInfoItem--smartFilterBar-btnBasicSearch","interaction":{"idSuffix":"I"}},"wdio_ui5_key":"applicationmanagepricingrules-display-component---priceInfoItem--smartFilterBar-btnBasicSearch"}]}
RESULT: {"script":"<script> [1562 bytes]","args":[{"selector":{"id":"application-managepricingrules-display-component---priceInfoItem--smartFilterBar-btnBasicSearch","interaction":{"idSuffix":"I"}},"wdio_ui5_key":"applicationmanagepricingrules-display-component---priceInfoItem--smartFilterBar-btnBasicSearch"}]}
RESULT: undefined
COMMAND: POST /session/365d56350ece7ddb67f22ecca89c6f97/execute/async - {"script":"<script> [776 bytes]","args":[{"enterText":"RVFFWwmBr4","selector":{"id":"application-managepricingrules-display-component---priceInfoItem--smartFilterBar-btnBasicSearch","interaction":{"idSuffix":"I"}},"clearTextFirst":true,"interactionType":"ENTER_TEXT"}]}
RESULT: {"script":"<script> [776 bytes]","args":[{"enterText":"RVFFWwmBr4","selector":{"id":"application-managepricingrules-display-component---priceInfoItem--smartFilterBar-btnBasicSearch","interaction":{"idSuffix":"I"}},"clearTextFirst":true,"interactionType":"ENTER_TEXT"}]}
COMMAND: POST /session/365d56350ece7ddb67f22ecca89c6f97/actions - {"actions":[{"id":"action31","type":"key","parameters":{},"actions":[{"type":"keyDown","value":""},{"type":"pause","duration":10},{"type":"keyUp","value":""}]}]}
RESULT: {"actions":[{"id":"action31","type":"key","parameters":{},"actions":[{"type":"keyDown","value":""},{"type":"pause","duration":10},{"type":"keyUp","value":""}]}]}
COMMAND: GET /session/365d56350ece7ddb67f22ecca89c6f97/screenshot - {}
RESULT: {}
COMMAND: POST /session/365d56350ece7ddb67f22ecca89c6f97/element - {"using":"xpath","value":"//span[@id=\"application-managepricingrules-display-component---priceInfoItem--smartTable-header-inner\"]"}
RESULT: {"using":"xpath","value":"//span[@id=\"application-managepricingrules-display-component---priceInfoItem--smartTable-header-inner\"]"}
COMMAND: POST /session/365d56350ece7ddb67f22ecca89c6f97/elements - {"using":"xpath","value":"//span[@id=\"application-managepricingrules-display-component---priceInfoItem--smartTable-header-inner\"]"}
RESULT: {"using":"xpath","value":"//span[@id=\"application-managepricingrules-display-component---priceInfoItem--smartTable-header-inner\"]"}
COMMAND: POST /session/365d56350ece7ddb67f22ecca89c6f97/execute/sync - {"script":"<script> [56 bytes]","args":[{"element-6066-11e4-a52e-4f735466cecf":"f.0CFB565138F0704D782EF1C57C56E9E5.d.771F63DC7CB7DA0DE4F7FF658A9B835B.e.8726","ELEMENT":"f.0CFB565138F0704D782EF1C57C56E9E5.d.771F63DC7CB7DA0DE4F7FF658A9B835B.e.8726"}]}
RESULT: {"script":"<script> [56 bytes]","args":[{"element-6066-11e4-a52e-4f735466cecf":"f.0CFB565138F0704D782EF1C57C56E9E5.d.771F63DC7CB7DA0DE4F7FF658A9B835B.e.8726","ELEMENT":"f.0CFB565138F0704D782EF1C57C56E9E5.d.771F63DC7CB7DA0DE4F7FF658A9B835B.e.8726"}]}
COMMAND: POST /session/365d56350ece7ddb67f22ecca89c6f97/element - {"using":"css selector","value":"#shell-header-logo"}
COMMAND: GET /session/365d56350ece7ddb67f22ecca89c6f97/screenshot - {}
RESULT: {"using":"css selector","value":"#shell-header-logo"}
COMMAND: POST /session/365d56350ece7ddb67f22ecca89c6f97/element/f.0CFB565138F0704D782EF1C57C56E9E5.d.771F63DC7CB7DA0DE4F7FF658A9B835B.e.7722/click - {}
RESULT: {}
RESULT: {}
COMMAND: GET /session/365d56350ece7ddb67f22ecca89c6f97/screenshot - {}
RESULT: {}
]]></system-out>
    </testcase>
    <testcase classname="chrome.136_0_7103_93.windows.Create_master_data_for_mixed_billing_&amp;_do_billing_calculation_US151661" name="Should add one time condition" time="72.66">
      <system-out><![CDATA[
COMMAND: POST /session/365d56350ece7ddb67f22ecca89c6f97/execute/async - {"script":"<script> [1562 bytes]","args":[{"selector":{"controlType":"sap.m.GenericTile","properties":{"header":"Manage Conditions & Prices"}},"wdio_ui5_key":"sapm.GenericTile{\"header\":\"Manage Conditions & Prices\"}"}]}
RESULT: {"script":"<script> [1562 bytes]","args":[{"selector":{"controlType":"sap.m.GenericTile","properties":{"header":"Manage Conditions & Prices"}},"wdio_ui5_key":"sapm.GenericTile{\"header\":\"Manage Conditions & Prices\"}"}]}
RESULT: undefined
COMMAND: POST /session/365d56350ece7ddb67f22ecca89c6f97/element - {"using":"xpath","value":"//*[@id=\"__tile53\"]"}
RESULT: {"using":"xpath","value":"//*[@id=\"__tile53\"]"}
COMMAND: POST /session/365d56350ece7ddb67f22ecca89c6f97/element/f.0CFB565138F0704D782EF1C57C56E9E5.d.771F63DC7CB7DA0DE4F7FF658A9B835B.e.5398/click - {}
RESULT: {}
COMMAND: GET /session/365d56350ece7ddb67f22ecca89c6f97/screenshot - {}
COMMAND: POST /session/365d56350ece7ddb67f22ecca89c6f97/elements - {"using":"xpath","value":"//span[text()='Error']"}
RESULT: {}
RESULT: {"using":"xpath","value":"//span[text()='Error']"}
COMMAND: POST /session/365d56350ece7ddb67f22ecca89c6f97/element - {"using":"xpath","value":"//button[@aria-label=\"Create\"]"}
RESULT: {"using":"xpath","value":"//button[@aria-label=\"Create\"]"}
COMMAND: POST /session/365d56350ece7ddb67f22ecca89c6f97/elements - {"using":"xpath","value":"//button[@aria-label=\"Create\"]"}
RESULT: {"using":"xpath","value":"//button[@aria-label=\"Create\"]"}
COMMAND: POST /session/365d56350ece7ddb67f22ecca89c6f97/execute/sync - {"script":"<script> [8489 bytes]","args":[{"element-6066-11e4-a52e-4f735466cecf":"f.0CFB565138F0704D782EF1C57C56E9E5.d.771F63DC7CB7DA0DE4F7FF658A9B835B.e.8761","ELEMENT":"f.0CFB565138F0704D782EF1C57C56E9E5.d.771F63DC7CB7DA0DE4F7FF658A9B835B.e.8761"}]}
RESULT: {"script":"<script> [8489 bytes]","args":[{"element-6066-11e4-a52e-4f735466cecf":"f.0CFB565138F0704D782EF1C57C56E9E5.d.771F63DC7CB7DA0DE4F7FF658A9B835B.e.8761","ELEMENT":"f.0CFB565138F0704D782EF1C57C56E9E5.d.771F63DC7CB7DA0DE4F7FF658A9B835B.e.8761"}]}
COMMAND: GET /session/365d56350ece7ddb67f22ecca89c6f97/element/f.0CFB565138F0704D782EF1C57C56E9E5.d.771F63DC7CB7DA0DE4F7FF658A9B835B.e.8761/enabled - {}
COMMAND: GET /session/365d56350ece7ddb67f22ecca89c6f97/screenshot - {}
RESULT: {}
COMMAND: POST /session/365d56350ece7ddb67f22ecca89c6f97/execute/sync - {"script":"<script> [8489 bytes]","args":[{"element-6066-11e4-a52e-4f735466cecf":"f.0CFB565138F0704D782EF1C57C56E9E5.d.771F63DC7CB7DA0DE4F7FF658A9B835B.e.8761","ELEMENT":"f.0CFB565138F0704D782EF1C57C56E9E5.d.771F63DC7CB7DA0DE4F7FF658A9B835B.e.8761"}]}
COMMAND: GET /session/365d56350ece7ddb67f22ecca89c6f97/screenshot - {}
RESULT: {}
RESULT: {"script":"<script> [8489 bytes]","args":[{"element-6066-11e4-a52e-4f735466cecf":"f.0CFB565138F0704D782EF1C57C56E9E5.d.771F63DC7CB7DA0DE4F7FF658A9B835B.e.8761","ELEMENT":"f.0CFB565138F0704D782EF1C57C56E9E5.d.771F63DC7CB7DA0DE4F7FF658A9B835B.e.8761"}]}
COMMAND: POST /session/365d56350ece7ddb67f22ecca89c6f97/execute/sync - {"script":"<script> [5351 bytes]","args":[{"element-6066-11e4-a52e-4f735466cecf":"f.0CFB565138F0704D782EF1C57C56E9E5.d.771F63DC7CB7DA0DE4F7FF658A9B835B.e.8761","ELEMENT":"f.0CFB565138F0704D782EF1C57C56E9E5.d.771F63DC7CB7DA0DE4F7FF658A9B835B.e.8761"}]}
COMMAND: GET /session/365d56350ece7ddb67f22ecca89c6f97/screenshot - {}
RESULT: {}
RESULT: {"script":"<script> [5351 bytes]","args":[{"element-6066-11e4-a52e-4f735466cecf":"f.0CFB565138F0704D782EF1C57C56E9E5.d.771F63DC7CB7DA0DE4F7FF658A9B835B.e.8761","ELEMENT":"f.0CFB565138F0704D782EF1C57C56E9E5.d.771F63DC7CB7DA0DE4F7FF658A9B835B.e.8761"}]}
COMMAND: POST /session/365d56350ece7ddb67f22ecca89c6f97/element/f.0CFB565138F0704D782EF1C57C56E9E5.d.771F63DC7CB7DA0DE4F7FF658A9B835B.e.8761/click - {}
COMMAND: GET /session/365d56350ece7ddb67f22ecca89c6f97/screenshot - {}
RESULT: {}
RESULT: {}
COMMAND: GET /session/365d56350ece7ddb67f22ecca89c6f97/screenshot - {}
RESULT: {}
RESULT: {}
COMMAND: POST /session/365d56350ece7ddb67f22ecca89c6f97/actions - {"actions":[{"id":"action32","type":"key","parameters":{},"actions":[{"type":"keyDown","value":""},{"type":"pause","duration":10},{"type":"keyUp","value":""}]}]}
RESULT: {"actions":[{"id":"action32","type":"key","parameters":{},"actions":[{"type":"keyDown","value":""},{"type":"pause","duration":10},{"type":"keyUp","value":""}]}]}
COMMAND: GET /session/365d56350ece7ddb67f22ecca89c6f97/screenshot - {}
COMMAND: POST /session/365d56350ece7ddb67f22ecca89c6f97/execute/async - {"script":"<script> [1562 bytes]","args":[{"selector":{"id":"application-manageconditionprice-display-component---newCondition--condBillCond-arrow"},"wdio_ui5_key":"applicationmanageconditionprice-display-component---newCondition--condBillCond-arrow"}]}
RESULT: {}
RESULT: {"script":"<script> [1562 bytes]","args":[{"selector":{"id":"application-manageconditionprice-display-component---newCondition--condBillCond-arrow"},"wdio_ui5_key":"applicationmanageconditionprice-display-component---newCondition--condBillCond-arrow"}]}
RESULT: undefined
COMMAND: POST /session/365d56350ece7ddb67f22ecca89c6f97/element - {"using":"xpath","value":"//*[@id=\"application-manageconditionprice-display-component---newCondition--condBillCond-arrow\"]"}
RESULT: {"using":"xpath","value":"//*[@id=\"application-manageconditionprice-display-component---newCondition--condBillCond-arrow\"]"}
COMMAND: POST /session/365d56350ece7ddb67f22ecca89c6f97/element/f.0CFB565138F0704D782EF1C57C56E9E5.d.771F63DC7CB7DA0DE4F7FF658A9B835B.e.8938/click - {}
RESULT: {}
COMMAND: GET /session/365d56350ece7ddb67f22ecca89c6f97/screenshot - {}
RESULT: {}
COMMAND: POST /session/365d56350ece7ddb67f22ecca89c6f97/element - {"using":"xpath","value":"//li[.//span[contains(text(), \"SAPR - Sales price\")]]"}
RESULT: {"using":"xpath","value":"//li[.//span[contains(text(), \"SAPR - Sales price\")]]"}
COMMAND: POST /session/365d56350ece7ddb67f22ecca89c6f97/element/f.0CFB565138F0704D782EF1C57C56E9E5.d.771F63DC7CB7DA0DE4F7FF658A9B835B.e.8941/click - {}
RESULT: {}
COMMAND: GET /session/365d56350ece7ddb67f22ecca89c6f97/screenshot - {}
RESULT: {}
COMMAND: POST /session/365d56350ece7ddb67f22ecca89c6f97/execute/async - {"script":"<script> [1562 bytes]","args":[{"selector":{"id":"application-manageconditionprice-display-component---newCondition--condValidTo","interaction":{"idSuffix":"inner"}},"wdio_ui5_key":"applicationmanageconditionprice-display-component---newCondition--condValidTo"}]}
RESULT: {"script":"<script> [1562 bytes]","args":[{"selector":{"id":"application-manageconditionprice-display-component---newCondition--condValidTo","interaction":{"idSuffix":"inner"}},"wdio_ui5_key":"applicationmanageconditionprice-display-component---newCondition--condValidTo"}]}
RESULT: undefined
COMMAND: POST /session/365d56350ece7ddb67f22ecca89c6f97/execute/async - {"script":"<script> [776 bytes]","args":[{"enterText":"1/25/26","selector":{"id":"application-manageconditionprice-display-component---newCondition--condValidTo","interaction":{"idSuffix":"inner"}},"clearTextFirst":true,"interactionType":"ENTER_TEXT"}]}
RESULT: {"script":"<script> [776 bytes]","args":[{"enterText":"1/25/26","selector":{"id":"application-manageconditionprice-display-component---newCondition--condValidTo","interaction":{"idSuffix":"inner"}},"clearTextFirst":true,"interactionType":"ENTER_TEXT"}]}
COMMAND: POST /session/365d56350ece7ddb67f22ecca89c6f97/element - {"using":"xpath","value":"//input[@id=\"application-manageconditionprice-display-component---newCondition--condRU-inner\"]"}
RESULT: {"using":"xpath","value":"//input[@id=\"application-manageconditionprice-display-component---newCondition--condRU-inner\"]"}
COMMAND: POST /session/365d56350ece7ddb67f22ecca89c6f97/element/f.0CFB565138F0704D782EF1C57C56E9E5.d.771F63DC7CB7DA0DE4F7FF658A9B835B.e.8805/clear - {}
RESULT: {}
COMMAND: POST /session/365d56350ece7ddb67f22ecca89c6f97/element/f.0CFB565138F0704D782EF1C57C56E9E5.d.771F63DC7CB7DA0DE4F7FF658A9B835B.e.8805/value - {"text":"RVFFWwmBr4"}
COMMAND: GET /session/365d56350ece7ddb67f22ecca89c6f97/screenshot - {}
RESULT: {"text":"RVFFWwmBr4"}
COMMAND: GET /session/365d56350ece7ddb67f22ecca89c6f97/screenshot - {}
RESULT: {}
RESULT: {}
COMMAND: POST /session/365d56350ece7ddb67f22ecca89c6f97/actions - {"actions":[{"id":"action33","type":"key","parameters":{},"actions":[{"type":"keyDown","value":""},{"type":"pause","duration":10},{"type":"keyUp","value":""}]}]}
RESULT: {"actions":[{"id":"action33","type":"key","parameters":{},"actions":[{"type":"keyDown","value":""},{"type":"pause","duration":10},{"type":"keyUp","value":""}]}]}
COMMAND: POST /session/365d56350ece7ddb67f22ecca89c6f97/execute/async - {"script":"<script> [1562 bytes]","args":[{"selector":{"id":"application-manageconditionprice-display-component---newCondition--condBaseQty","interaction":{"idSuffix":"inner"}},"wdio_ui5_key":"applicationmanageconditionprice-display-component---newCondition--condBaseQty"}]}
COMMAND: GET /session/365d56350ece7ddb67f22ecca89c6f97/screenshot - {}
RESULT: {"script":"<script> [1562 bytes]","args":[{"selector":{"id":"application-manageconditionprice-display-component---newCondition--condBaseQty","interaction":{"idSuffix":"inner"}},"wdio_ui5_key":"applicationmanageconditionprice-display-component---newCondition--condBaseQty"}]}
RESULT: undefined
COMMAND: POST /session/365d56350ece7ddb67f22ecca89c6f97/execute/async - {"script":"<script> [776 bytes]","args":[{"enterText":"1","selector":{"id":"application-manageconditionprice-display-component---newCondition--condBaseQty","interaction":{"idSuffix":"inner"}},"clearTextFirst":true,"interactionType":"ENTER_TEXT"}]}
RESULT: {}
RESULT: {"script":"<script> [776 bytes]","args":[{"enterText":"1","selector":{"id":"application-manageconditionprice-display-component---newCondition--condBaseQty","interaction":{"idSuffix":"inner"}},"clearTextFirst":true,"interactionType":"ENTER_TEXT"}]}
COMMAND: POST /session/365d56350ece7ddb67f22ecca89c6f97/execute/async - {"script":"<script> [1562 bytes]","args":[{"selector":{"id":"application-manageconditionprice-display-component---newCondition--condValue","interaction":{"idSuffix":"inner"}},"wdio_ui5_key":"applicationmanageconditionprice-display-component---newCondition--condValue"}]}
RESULT: {"script":"<script> [1562 bytes]","args":[{"selector":{"id":"application-manageconditionprice-display-component---newCondition--condValue","interaction":{"idSuffix":"inner"}},"wdio_ui5_key":"applicationmanageconditionprice-display-component---newCondition--condValue"}]}
RESULT: undefined
COMMAND: POST /session/365d56350ece7ddb67f22ecca89c6f97/execute/async - {"script":"<script> [776 bytes]","args":[{"enterText":"200","selector":{"id":"application-manageconditionprice-display-component---newCondition--condValue","interaction":{"idSuffix":"inner"}},"clearTextFirst":true,"interactionType":"ENTER_TEXT"}]}
RESULT: {"script":"<script> [776 bytes]","args":[{"enterText":"200","selector":{"id":"application-manageconditionprice-display-component---newCondition--condValue","interaction":{"idSuffix":"inner"}},"clearTextFirst":true,"interactionType":"ENTER_TEXT"}]}
COMMAND: POST /session/365d56350ece7ddb67f22ecca89c6f97/execute/async - {"script":"<script> [1562 bytes]","args":[{"selector":{"id":"application-manageconditionprice-display-component---newCondition--condCurr-arrow"},"wdio_ui5_key":"applicationmanageconditionprice-display-component---newCondition--condCurr-arrow"}]}
RESULT: {"script":"<script> [1562 bytes]","args":[{"selector":{"id":"application-manageconditionprice-display-component---newCondition--condCurr-arrow"},"wdio_ui5_key":"applicationmanageconditionprice-display-component---newCondition--condCurr-arrow"}]}
RESULT: undefined
COMMAND: POST /session/365d56350ece7ddb67f22ecca89c6f97/element - {"using":"xpath","value":"//*[@id=\"application-manageconditionprice-display-component---newCondition--condCurr-arrow\"]"}
RESULT: {"using":"xpath","value":"//*[@id=\"application-manageconditionprice-display-component---newCondition--condCurr-arrow\"]"}
COMMAND: POST /session/365d56350ece7ddb67f22ecca89c6f97/element/f.0CFB565138F0704D782EF1C57C56E9E5.d.771F63DC7CB7DA0DE4F7FF658A9B835B.e.8896/click - {}
RESULT: {}
COMMAND: POST /session/365d56350ece7ddb67f22ecca89c6f97/element - {"using":"xpath","value":"//span[contains(text(), \"Euro\")]"}
COMMAND: GET /session/365d56350ece7ddb67f22ecca89c6f97/screenshot - {}
RESULT: {"using":"xpath","value":"//span[contains(text(), \"Euro\")]"}
COMMAND: POST /session/365d56350ece7ddb67f22ecca89c6f97/element/f.0CFB565138F0704D782EF1C57C56E9E5.d.771F63DC7CB7DA0DE4F7FF658A9B835B.e.8979/click - {}
RESULT: {}
RESULT: {}
COMMAND: POST /session/365d56350ece7ddb67f22ecca89c6f97/element - {"using":"xpath","value":"//button[@data-kt=\"saveButton\"]"}
COMMAND: GET /session/365d56350ece7ddb67f22ecca89c6f97/screenshot - {}
RESULT: {"using":"xpath","value":"//button[@data-kt=\"saveButton\"]"}
COMMAND: POST /session/365d56350ece7ddb67f22ecca89c6f97/element/f.0CFB565138F0704D782EF1C57C56E9E5.d.771F63DC7CB7DA0DE4F7FF658A9B835B.e.8897/click - {}
RESULT: {}
RESULT: {}
COMMAND: GET /session/365d56350ece7ddb67f22ecca89c6f97/screenshot - {}
RESULT: {}
COMMAND: POST /session/365d56350ece7ddb67f22ecca89c6f97/execute/async - {"script":"<script> [1562 bytes]","args":[{"selector":{"id":"application-manageconditionprice-display-component---conditions--smartFilterBar-btnBasicSearch","interaction":{"idSuffix":"I"}},"wdio_ui5_key":"applicationmanageconditionprice-display-component---conditions--smartFilterBar-btnBasicSearch"}]}
RESULT: {"script":"<script> [1562 bytes]","args":[{"selector":{"id":"application-manageconditionprice-display-component---conditions--smartFilterBar-btnBasicSearch","interaction":{"idSuffix":"I"}},"wdio_ui5_key":"applicationmanageconditionprice-display-component---conditions--smartFilterBar-btnBasicSearch"}]}
RESULT: undefined
COMMAND: POST /session/365d56350ece7ddb67f22ecca89c6f97/execute/async - {"script":"<script> [776 bytes]","args":[{"enterText":"RVFFWwmBr4","selector":{"id":"application-manageconditionprice-display-component---conditions--smartFilterBar-btnBasicSearch","interaction":{"idSuffix":"I"}},"clearTextFirst":true,"interactionType":"ENTER_TEXT"}]}
RESULT: {"script":"<script> [776 bytes]","args":[{"enterText":"RVFFWwmBr4","selector":{"id":"application-manageconditionprice-display-component---conditions--smartFilterBar-btnBasicSearch","interaction":{"idSuffix":"I"}},"clearTextFirst":true,"interactionType":"ENTER_TEXT"}]}
COMMAND: POST /session/365d56350ece7ddb67f22ecca89c6f97/actions - {"actions":[{"id":"action34","type":"key","parameters":{},"actions":[{"type":"keyDown","value":""},{"type":"pause","duration":10},{"type":"keyUp","value":""}]}]}
RESULT: {"actions":[{"id":"action34","type":"key","parameters":{},"actions":[{"type":"keyDown","value":""},{"type":"pause","duration":10},{"type":"keyUp","value":""}]}]}
COMMAND: GET /session/365d56350ece7ddb67f22ecca89c6f97/screenshot - {}
RESULT: {}
COMMAND: POST /session/365d56350ece7ddb67f22ecca89c6f97/execute/async - {"script":"<script> [1562 bytes]","args":[{"selector":{"id":"application-manageconditionprice-display-component---conditions--smartFilterBar-filterItemControl_BASIC-BILL_TYPES-vhi"},"wdio_ui5_key":"applicationmanageconditionprice-display-component---conditions--smartFilterBar-filterItemControl_BASIC-BILL_TYPES-vhi"}]}
RESULT: {"script":"<script> [1562 bytes]","args":[{"selector":{"id":"application-manageconditionprice-display-component---conditions--smartFilterBar-filterItemControl_BASIC-BILL_TYPES-vhi"},"wdio_ui5_key":"applicationmanageconditionprice-display-component---conditions--smartFilterBar-filterItemControl_BASIC-BILL_TYPES-vhi"}]}
RESULT: undefined
COMMAND: POST /session/365d56350ece7ddb67f22ecca89c6f97/element - {"using":"xpath","value":"//*[@id=\"application-manageconditionprice-display-component---conditions--smartFilterBar-filterItemControl_BASIC-BILL_TYPES-vhi\"]"}
RESULT: {"using":"xpath","value":"//*[@id=\"application-manageconditionprice-display-component---conditions--smartFilterBar-filterItemControl_BASIC-BILL_TYPES-vhi\"]"}
COMMAND: POST /session/365d56350ece7ddb67f22ecca89c6f97/element/f.0CFB565138F0704D782EF1C57C56E9E5.d.771F63DC7CB7DA0DE4F7FF658A9B835B.e.9085/click - {}
RESULT: {}
COMMAND: POST /session/365d56350ece7ddb67f22ecca89c6f97/execute/async - {"script":"<script> [1562 bytes]","args":[{"selector":{"id":"application-manageconditionprice-display-component---conditions--smartFilterBar-filterItemControl_BASIC-BILL_TYPES-valueHelpDialog-smartFilterBar-btnBasicSearch","searchOpenDialogs":true,"interaction":{"idSuffix":"I"}},"wdio_ui5_key":"applicationmanageconditionprice-display-component---conditions--smartFilterBar-filterItemControl_BASIC-BILL_TYPES-valueHelpDialog-smartFilterBar-btnBasicSearch"}]}
COMMAND: GET /session/365d56350ece7ddb67f22ecca89c6f97/screenshot - {}
RESULT: {"script":"<script> [1562 bytes]","args":[{"selector":{"id":"application-manageconditionprice-display-component---conditions--smartFilterBar-filterItemControl_BASIC-BILL_TYPES-valueHelpDialog-smartFilterBar-btnBasicSearch","searchOpenDialogs":true,"interaction":{"idSuffix":"I"}},"wdio_ui5_key":"applicationmanageconditionprice-display-component---conditions--smartFilterBar-filterItemControl_BASIC-BILL_TYPES-valueHelpDialog-smartFilterBar-btnBasicSearch"}]}
RESULT: undefined
COMMAND: POST /session/365d56350ece7ddb67f22ecca89c6f97/execute/async - {"script":"<script> [776 bytes]","args":[{"enterText":"one","selector":{"id":"application-manageconditionprice-display-component---conditions--smartFilterBar-filterItemControl_BASIC-BILL_TYPES-valueHelpDialog-smartFilterBar-btnBasicSearch","searchOpenDialogs":true,"interaction":{"idSuffix":"I"}},"clearTextFirst":true,"interactionType":"ENTER_TEXT"}]}
RESULT: {}
RESULT: {"script":"<script> [776 bytes]","args":[{"enterText":"one","selector":{"id":"application-manageconditionprice-display-component---conditions--smartFilterBar-filterItemControl_BASIC-BILL_TYPES-valueHelpDialog-smartFilterBar-btnBasicSearch","searchOpenDialogs":true,"interaction":{"idSuffix":"I"}},"clearTextFirst":true,"interactionType":"ENTER_TEXT"}]}
COMMAND: POST /session/365d56350ece7ddb67f22ecca89c6f97/actions - {"actions":[{"id":"action35","type":"key","parameters":{},"actions":[{"type":"keyDown","value":""},{"type":"pause","duration":10},{"type":"keyUp","value":""}]}]}
RESULT: {"actions":[{"id":"action35","type":"key","parameters":{},"actions":[{"type":"keyDown","value":""},{"type":"pause","duration":10},{"type":"keyUp","value":""}]}]}
COMMAND: GET /session/365d56350ece7ddb67f22ecca89c6f97/screenshot - {}
RESULT: {}
COMMAND: POST /session/365d56350ece7ddb67f22ecca89c6f97/element - {"using":"xpath","value":"//div[contains(@id, 'application-manageconditionprice-display-component---conditions--smartFilterBar-filterItemControl_BASIC-BILL_TYPES-valueHelpDialog-table-rowsel0')]"}
RESULT: {"using":"xpath","value":"//div[contains(@id, 'application-manageconditionprice-display-component---conditions--smartFilterBar-filterItemControl_BASIC-BILL_TYPES-valueHelpDialog-table-rowsel0')]"}
COMMAND: POST /session/365d56350ece7ddb67f22ecca89c6f97/element/f.0CFB565138F0704D782EF1C57C56E9E5.d.771F63DC7CB7DA0DE4F7FF658A9B835B.e.9095/click - {}
RESULT: {}
COMMAND: GET /session/365d56350ece7ddb67f22ecca89c6f97/screenshot - {}
RESULT: {}
COMMAND: POST /session/365d56350ece7ddb67f22ecca89c6f97/element - {"using":"xpath","value":"//bdi[contains(text(), \"OK\")]"}
RESULT: {"using":"xpath","value":"//bdi[contains(text(), \"OK\")]"}
COMMAND: POST /session/365d56350ece7ddb67f22ecca89c6f97/element/f.0CFB565138F0704D782EF1C57C56E9E5.d.771F63DC7CB7DA0DE4F7FF658A9B835B.e.9097/click - {}
RESULT: {}
COMMAND: GET /session/365d56350ece7ddb67f22ecca89c6f97/screenshot - {}
RESULT: {}
COMMAND: POST /session/365d56350ece7ddb67f22ecca89c6f97/element - {"using":"xpath","value":"//span[@id=\"application-manageconditionprice-display-component---conditions--smartTable-header-inner\"]"}
RESULT: {"using":"xpath","value":"//span[@id=\"application-manageconditionprice-display-component---conditions--smartTable-header-inner\"]"}
COMMAND: POST /session/365d56350ece7ddb67f22ecca89c6f97/elements - {"using":"xpath","value":"//span[@id=\"application-manageconditionprice-display-component---conditions--smartTable-header-inner\"]"}
RESULT: {"using":"xpath","value":"//span[@id=\"application-manageconditionprice-display-component---conditions--smartTable-header-inner\"]"}
COMMAND: POST /session/365d56350ece7ddb67f22ecca89c6f97/execute/sync - {"script":"<script> [56 bytes]","args":[{"element-6066-11e4-a52e-4f735466cecf":"f.0CFB565138F0704D782EF1C57C56E9E5.d.771F63DC7CB7DA0DE4F7FF658A9B835B.e.9100","ELEMENT":"f.0CFB565138F0704D782EF1C57C56E9E5.d.771F63DC7CB7DA0DE4F7FF658A9B835B.e.9100"}]}
RESULT: {"script":"<script> [56 bytes]","args":[{"element-6066-11e4-a52e-4f735466cecf":"f.0CFB565138F0704D782EF1C57C56E9E5.d.771F63DC7CB7DA0DE4F7FF658A9B835B.e.9100","ELEMENT":"f.0CFB565138F0704D782EF1C57C56E9E5.d.771F63DC7CB7DA0DE4F7FF658A9B835B.e.9100"}]}
COMMAND: POST /session/365d56350ece7ddb67f22ecca89c6f97/element - {"using":"css selector","value":"#shell-header-logo"}
COMMAND: GET /session/365d56350ece7ddb67f22ecca89c6f97/screenshot - {}
RESULT: {"using":"css selector","value":"#shell-header-logo"}
COMMAND: POST /session/365d56350ece7ddb67f22ecca89c6f97/element/f.0CFB565138F0704D782EF1C57C56E9E5.d.771F63DC7CB7DA0DE4F7FF658A9B835B.e.8729/click - {}
RESULT: {}
RESULT: {}
COMMAND: GET /session/365d56350ece7ddb67f22ecca89c6f97/screenshot - {}
RESULT: {}
]]></system-out>
    </testcase>
    <testcase classname="chrome.136_0_7103_93.windows.Create_master_data_for_mixed_billing_&amp;_do_billing_calculation_US151661" name="Should add performance based condition" time="75.651">
      <system-out><![CDATA[
RESULT: undefined
COMMAND: POST /session/365d56350ece7ddb67f22ecca89c6f97/element - {"using":"xpath","value":"//*[@id=\"__tile53\"]"}
RESULT: {"using":"xpath","value":"//*[@id=\"__tile53\"]"}
COMMAND: POST /session/365d56350ece7ddb67f22ecca89c6f97/element/f.0CFB565138F0704D782EF1C57C56E9E5.d.771F63DC7CB7DA0DE4F7FF658A9B835B.e.5398/click - {}
RESULT: {}
COMMAND: GET /session/365d56350ece7ddb67f22ecca89c6f97/screenshot - {}
RESULT: {}
COMMAND: POST /session/365d56350ece7ddb67f22ecca89c6f97/elements - {"using":"xpath","value":"//span[text()='Error']"}
RESULT: {"using":"xpath","value":"//span[text()='Error']"}
COMMAND: POST /session/365d56350ece7ddb67f22ecca89c6f97/element - {"using":"xpath","value":"//button[@aria-label=\"Create\"]"}
RESULT: {"using":"xpath","value":"//button[@aria-label=\"Create\"]"}
COMMAND: POST /session/365d56350ece7ddb67f22ecca89c6f97/elements - {"using":"xpath","value":"//button[@aria-label=\"Create\"]"}
RESULT: {"using":"xpath","value":"//button[@aria-label=\"Create\"]"}
COMMAND: POST /session/365d56350ece7ddb67f22ecca89c6f97/execute/sync - {"script":"<script> [8489 bytes]","args":[{"element-6066-11e4-a52e-4f735466cecf":"f.0CFB565138F0704D782EF1C57C56E9E5.d.771F63DC7CB7DA0DE4F7FF658A9B835B.e.9141","ELEMENT":"f.0CFB565138F0704D782EF1C57C56E9E5.d.771F63DC7CB7DA0DE4F7FF658A9B835B.e.9141"}]}
RESULT: {"script":"<script> [8489 bytes]","args":[{"element-6066-11e4-a52e-4f735466cecf":"f.0CFB565138F0704D782EF1C57C56E9E5.d.771F63DC7CB7DA0DE4F7FF658A9B835B.e.9141","ELEMENT":"f.0CFB565138F0704D782EF1C57C56E9E5.d.771F63DC7CB7DA0DE4F7FF658A9B835B.e.9141"}]}
COMMAND: GET /session/365d56350ece7ddb67f22ecca89c6f97/element/f.0CFB565138F0704D782EF1C57C56E9E5.d.771F63DC7CB7DA0DE4F7FF658A9B835B.e.9141/enabled - {}
COMMAND: GET /session/365d56350ece7ddb67f22ecca89c6f97/screenshot - {}
RESULT: {}
COMMAND: POST /session/365d56350ece7ddb67f22ecca89c6f97/execute/sync - {"script":"<script> [8489 bytes]","args":[{"element-6066-11e4-a52e-4f735466cecf":"f.0CFB565138F0704D782EF1C57C56E9E5.d.771F63DC7CB7DA0DE4F7FF658A9B835B.e.9141","ELEMENT":"f.0CFB565138F0704D782EF1C57C56E9E5.d.771F63DC7CB7DA0DE4F7FF658A9B835B.e.9141"}]}
COMMAND: GET /session/365d56350ece7ddb67f22ecca89c6f97/screenshot - {}
RESULT: {}
RESULT: {"script":"<script> [8489 bytes]","args":[{"element-6066-11e4-a52e-4f735466cecf":"f.0CFB565138F0704D782EF1C57C56E9E5.d.771F63DC7CB7DA0DE4F7FF658A9B835B.e.9141","ELEMENT":"f.0CFB565138F0704D782EF1C57C56E9E5.d.771F63DC7CB7DA0DE4F7FF658A9B835B.e.9141"}]}
COMMAND: POST /session/365d56350ece7ddb67f22ecca89c6f97/execute/sync - {"script":"<script> [5351 bytes]","args":[{"element-6066-11e4-a52e-4f735466cecf":"f.0CFB565138F0704D782EF1C57C56E9E5.d.771F63DC7CB7DA0DE4F7FF658A9B835B.e.9141","ELEMENT":"f.0CFB565138F0704D782EF1C57C56E9E5.d.771F63DC7CB7DA0DE4F7FF658A9B835B.e.9141"}]}
COMMAND: GET /session/365d56350ece7ddb67f22ecca89c6f97/screenshot - {}
RESULT: {}
RESULT: {"script":"<script> [5351 bytes]","args":[{"element-6066-11e4-a52e-4f735466cecf":"f.0CFB565138F0704D782EF1C57C56E9E5.d.771F63DC7CB7DA0DE4F7FF658A9B835B.e.9141","ELEMENT":"f.0CFB565138F0704D782EF1C57C56E9E5.d.771F63DC7CB7DA0DE4F7FF658A9B835B.e.9141"}]}
COMMAND: POST /session/365d56350ece7ddb67f22ecca89c6f97/element/f.0CFB565138F0704D782EF1C57C56E9E5.d.771F63DC7CB7DA0DE4F7FF658A9B835B.e.9141/click - {}
COMMAND: GET /session/365d56350ece7ddb67f22ecca89c6f97/screenshot - {}
RESULT: {}
RESULT: {}
COMMAND: GET /session/365d56350ece7ddb67f22ecca89c6f97/screenshot - {}
RESULT: {}
RESULT: {}
COMMAND: POST /session/365d56350ece7ddb67f22ecca89c6f97/actions - {"actions":[{"id":"action36","type":"key","parameters":{},"actions":[{"type":"keyDown","value":""},{"type":"pause","duration":10},{"type":"keyUp","value":""}]}]}
RESULT: {"actions":[{"id":"action36","type":"key","parameters":{},"actions":[{"type":"keyDown","value":""},{"type":"pause","duration":10},{"type":"keyUp","value":""}]}]}
COMMAND: GET /session/365d56350ece7ddb67f22ecca89c6f97/screenshot - {}
RESULT: undefined
COMMAND: POST /session/365d56350ece7ddb67f22ecca89c6f97/element - {"using":"xpath","value":"//*[@id=\"application-manageconditionprice-display-component---newCondition--condBillCond-arrow\"]"}
RESULT: {}
RESULT: {"using":"xpath","value":"//*[@id=\"application-manageconditionprice-display-component---newCondition--condBillCond-arrow\"]"}
COMMAND: POST /session/365d56350ece7ddb67f22ecca89c6f97/element/f.0CFB565138F0704D782EF1C57C56E9E5.d.771F63DC7CB7DA0DE4F7FF658A9B835B.e.9531/click - {}
RESULT: {}
COMMAND: GET /session/365d56350ece7ddb67f22ecca89c6f97/screenshot - {}
RESULT: {}
COMMAND: POST /session/365d56350ece7ddb67f22ecca89c6f97/element - {"using":"xpath","value":"//li[.//span[contains(text(), \"PC06 - Performance Price - fuel\")]]"}
RESULT: {"using":"xpath","value":"//li[.//span[contains(text(), \"PC06 - Performance Price - fuel\")]]"}
COMMAND: POST /session/365d56350ece7ddb67f22ecca89c6f97/element/f.0CFB565138F0704D782EF1C57C56E9E5.d.771F63DC7CB7DA0DE4F7FF658A9B835B.e.9534/click - {}
RESULT: {}
COMMAND: GET /session/365d56350ece7ddb67f22ecca89c6f97/screenshot - {}
RESULT: {}
RESULT: undefined
COMMAND: POST /session/365d56350ece7ddb67f22ecca89c6f97/execute/async - {"script":"<script> [776 bytes]","args":[{"enterText":"1/25/26","selector":{"id":"application-manageconditionprice-display-component---newCondition--condValidTo","interaction":{"idSuffix":"inner"}},"clearTextFirst":true,"interactionType":"ENTER_TEXT"}]}
RESULT: {"script":"<script> [776 bytes]","args":[{"enterText":"1/25/26","selector":{"id":"application-manageconditionprice-display-component---newCondition--condValidTo","interaction":{"idSuffix":"inner"}},"clearTextFirst":true,"interactionType":"ENTER_TEXT"}]}
COMMAND: POST /session/365d56350ece7ddb67f22ecca89c6f97/element - {"using":"xpath","value":"//input[@id=\"application-manageconditionprice-display-component---newCondition--condRU-inner\"]"}
RESULT: {"using":"xpath","value":"//input[@id=\"application-manageconditionprice-display-component---newCondition--condRU-inner\"]"}
COMMAND: POST /session/365d56350ece7ddb67f22ecca89c6f97/element/f.0CFB565138F0704D782EF1C57C56E9E5.d.771F63DC7CB7DA0DE4F7FF658A9B835B.e.9298/clear - {}
RESULT: {}
COMMAND: POST /session/365d56350ece7ddb67f22ecca89c6f97/element/f.0CFB565138F0704D782EF1C57C56E9E5.d.771F63DC7CB7DA0DE4F7FF658A9B835B.e.9298/value - {"text":"RVFFWwmBr4"}
COMMAND: GET /session/365d56350ece7ddb67f22ecca89c6f97/screenshot - {}
RESULT: {"text":"RVFFWwmBr4"}
COMMAND: GET /session/365d56350ece7ddb67f22ecca89c6f97/screenshot - {}
RESULT: {}
RESULT: {}
COMMAND: POST /session/365d56350ece7ddb67f22ecca89c6f97/actions - {"actions":[{"id":"action37","type":"key","parameters":{},"actions":[{"type":"keyDown","value":""},{"type":"pause","duration":10},{"type":"keyUp","value":""}]}]}
RESULT: {"actions":[{"id":"action37","type":"key","parameters":{},"actions":[{"type":"keyDown","value":""},{"type":"pause","duration":10},{"type":"keyUp","value":""}]}]}
RESULT: undefined
COMMAND: POST /session/365d56350ece7ddb67f22ecca89c6f97/execute/async - {"script":"<script> [776 bytes]","args":[{"enterText":"1","selector":{"id":"application-manageconditionprice-display-component---newCondition--condBaseQty","interaction":{"idSuffix":"inner"}},"clearTextFirst":true,"interactionType":"ENTER_TEXT"}]}
COMMAND: GET /session/365d56350ece7ddb67f22ecca89c6f97/screenshot - {}
RESULT: {"script":"<script> [776 bytes]","args":[{"enterText":"1","selector":{"id":"application-manageconditionprice-display-component---newCondition--condBaseQty","interaction":{"idSuffix":"inner"}},"clearTextFirst":true,"interactionType":"ENTER_TEXT"}]}
RESULT: undefined
COMMAND: POST /session/365d56350ece7ddb67f22ecca89c6f97/execute/async - {"script":"<script> [776 bytes]","args":[{"enterText":"10","selector":{"id":"application-manageconditionprice-display-component---newCondition--condValue","interaction":{"idSuffix":"inner"}},"clearTextFirst":true,"interactionType":"ENTER_TEXT"}]}
RESULT: {}
RESULT: {"script":"<script> [776 bytes]","args":[{"enterText":"10","selector":{"id":"application-manageconditionprice-display-component---newCondition--condValue","interaction":{"idSuffix":"inner"}},"clearTextFirst":true,"interactionType":"ENTER_TEXT"}]}
RESULT: undefined
COMMAND: POST /session/365d56350ece7ddb67f22ecca89c6f97/element - {"using":"xpath","value":"//*[@id=\"application-manageconditionprice-display-component---newCondition--condCurr-arrow\"]"}
RESULT: {"using":"xpath","value":"//*[@id=\"application-manageconditionprice-display-component---newCondition--condCurr-arrow\"]"}
COMMAND: POST /session/365d56350ece7ddb67f22ecca89c6f97/element/f.0CFB565138F0704D782EF1C57C56E9E5.d.771F63DC7CB7DA0DE4F7FF658A9B835B.e.9497/click - {}
RESULT: {}
COMMAND: POST /session/365d56350ece7ddb67f22ecca89c6f97/element - {"using":"xpath","value":"//span[contains(text(), \"Euro\")]"}
COMMAND: GET /session/365d56350ece7ddb67f22ecca89c6f97/screenshot - {}
RESULT: {"using":"xpath","value":"//span[contains(text(), \"Euro\")]"}
COMMAND: POST /session/365d56350ece7ddb67f22ecca89c6f97/element/f.0CFB565138F0704D782EF1C57C56E9E5.d.771F63DC7CB7DA0DE4F7FF658A9B835B.e.9566/click - {}
RESULT: {}
RESULT: {}
COMMAND: POST /session/365d56350ece7ddb67f22ecca89c6f97/element - {"using":"xpath","value":"//button[@data-kt=\"saveButton\"]"}
COMMAND: GET /session/365d56350ece7ddb67f22ecca89c6f97/screenshot - {}
RESULT: {"using":"xpath","value":"//button[@data-kt=\"saveButton\"]"}
COMMAND: POST /session/365d56350ece7ddb67f22ecca89c6f97/element/f.0CFB565138F0704D782EF1C57C56E9E5.d.771F63DC7CB7DA0DE4F7FF658A9B835B.e.9498/click - {}
RESULT: {}
RESULT: {}
COMMAND: GET /session/365d56350ece7ddb67f22ecca89c6f97/screenshot - {}
RESULT: {}
RESULT: undefined
COMMAND: POST /session/365d56350ece7ddb67f22ecca89c6f97/execute/async - {"script":"<script> [776 bytes]","args":[{"enterText":"RVFFWwmBr4","selector":{"id":"application-manageconditionprice-display-component---conditions--smartFilterBar-btnBasicSearch","interaction":{"idSuffix":"I"}},"clearTextFirst":true,"interactionType":"ENTER_TEXT"}]}
RESULT: {"script":"<script> [776 bytes]","args":[{"enterText":"RVFFWwmBr4","selector":{"id":"application-manageconditionprice-display-component---conditions--smartFilterBar-btnBasicSearch","interaction":{"idSuffix":"I"}},"clearTextFirst":true,"interactionType":"ENTER_TEXT"}]}
COMMAND: POST /session/365d56350ece7ddb67f22ecca89c6f97/actions - {"actions":[{"id":"action38","type":"key","parameters":{},"actions":[{"type":"keyDown","value":""},{"type":"pause","duration":10},{"type":"keyUp","value":""}]}]}
RESULT: {"actions":[{"id":"action38","type":"key","parameters":{},"actions":[{"type":"keyDown","value":""},{"type":"pause","duration":10},{"type":"keyUp","value":""}]}]}
COMMAND: GET /session/365d56350ece7ddb67f22ecca89c6f97/screenshot - {}
RESULT: {}
RESULT: undefined
COMMAND: POST /session/365d56350ece7ddb67f22ecca89c6f97/element - {"using":"xpath","value":"//*[@id=\"application-manageconditionprice-display-component---conditions--smartFilterBar-filterItemControl_BASIC-BILL_TYPES-vhi\"]"}
RESULT: {"using":"xpath","value":"//*[@id=\"application-manageconditionprice-display-component---conditions--smartFilterBar-filterItemControl_BASIC-BILL_TYPES-vhi\"]"}
COMMAND: POST /session/365d56350ece7ddb67f22ecca89c6f97/element/f.0CFB565138F0704D782EF1C57C56E9E5.d.771F63DC7CB7DA0DE4F7FF658A9B835B.e.9769/click - {}
RESULT: {}
RESULT: undefined
COMMAND: POST /session/365d56350ece7ddb67f22ecca89c6f97/execute/async - {"script":"<script> [776 bytes]","args":[{"enterText":"PB","selector":{"id":"application-manageconditionprice-display-component---conditions--smartFilterBar-filterItemControl_BASIC-BILL_TYPES-valueHelpDialog-smartFilterBar-btnBasicSearch","searchOpenDialogs":true,"interaction":{"idSuffix":"I"}},"clearTextFirst":true,"interactionType":"ENTER_TEXT"}]}
COMMAND: GET /session/365d56350ece7ddb67f22ecca89c6f97/screenshot - {}
RESULT: {"script":"<script> [776 bytes]","args":[{"enterText":"PB","selector":{"id":"application-manageconditionprice-display-component---conditions--smartFilterBar-filterItemControl_BASIC-BILL_TYPES-valueHelpDialog-smartFilterBar-btnBasicSearch","searchOpenDialogs":true,"interaction":{"idSuffix":"I"}},"clearTextFirst":true,"interactionType":"ENTER_TEXT"}]}
COMMAND: POST /session/365d56350ece7ddb67f22ecca89c6f97/actions - {"actions":[{"id":"action39","type":"key","parameters":{},"actions":[{"type":"keyDown","value":""},{"type":"pause","duration":10},{"type":"keyUp","value":""}]}]}
RESULT: {}
RESULT: {"actions":[{"id":"action39","type":"key","parameters":{},"actions":[{"type":"keyDown","value":""},{"type":"pause","duration":10},{"type":"keyUp","value":""}]}]}
COMMAND: GET /session/365d56350ece7ddb67f22ecca89c6f97/screenshot - {}
RESULT: {}
COMMAND: POST /session/365d56350ece7ddb67f22ecca89c6f97/element - {"using":"xpath","value":"//div[contains(@id, 'application-manageconditionprice-display-component---conditions--smartFilterBar-filterItemControl_BASIC-BILL_TYPES-valueHelpDialog-table-rowsel0')]"}
RESULT: {"using":"xpath","value":"//div[contains(@id, 'application-manageconditionprice-display-component---conditions--smartFilterBar-filterItemControl_BASIC-BILL_TYPES-valueHelpDialog-table-rowsel0')]"}
COMMAND: POST /session/365d56350ece7ddb67f22ecca89c6f97/element/f.0CFB565138F0704D782EF1C57C56E9E5.d.771F63DC7CB7DA0DE4F7FF658A9B835B.e.9776/click - {}
RESULT: {}
COMMAND: GET /session/365d56350ece7ddb67f22ecca89c6f97/screenshot - {}
RESULT: {}
COMMAND: POST /session/365d56350ece7ddb67f22ecca89c6f97/element - {"using":"xpath","value":"//bdi[contains(text(), \"OK\")]"}
RESULT: {"using":"xpath","value":"//bdi[contains(text(), \"OK\")]"}
COMMAND: POST /session/365d56350ece7ddb67f22ecca89c6f97/element/f.0CFB565138F0704D782EF1C57C56E9E5.d.771F63DC7CB7DA0DE4F7FF658A9B835B.e.9778/click - {}
RESULT: {}
COMMAND: GET /session/365d56350ece7ddb67f22ecca89c6f97/screenshot - {}
RESULT: {}
COMMAND: POST /session/365d56350ece7ddb67f22ecca89c6f97/element - {"using":"xpath","value":"//span[@id=\"application-manageconditionprice-display-component---conditions--smartTable-header-inner\"]"}
RESULT: {"using":"xpath","value":"//span[@id=\"application-manageconditionprice-display-component---conditions--smartTable-header-inner\"]"}
COMMAND: POST /session/365d56350ece7ddb67f22ecca89c6f97/elements - {"using":"xpath","value":"//span[@id=\"application-manageconditionprice-display-component---conditions--smartTable-header-inner\"]"}
RESULT: {"using":"xpath","value":"//span[@id=\"application-manageconditionprice-display-component---conditions--smartTable-header-inner\"]"}
COMMAND: POST /session/365d56350ece7ddb67f22ecca89c6f97/execute/sync - {"script":"<script> [56 bytes]","args":[{"element-6066-11e4-a52e-4f735466cecf":"f.0CFB565138F0704D782EF1C57C56E9E5.d.771F63DC7CB7DA0DE4F7FF658A9B835B.e.9781","ELEMENT":"f.0CFB565138F0704D782EF1C57C56E9E5.d.771F63DC7CB7DA0DE4F7FF658A9B835B.e.9781"}]}
RESULT: {"script":"<script> [56 bytes]","args":[{"element-6066-11e4-a52e-4f735466cecf":"f.0CFB565138F0704D782EF1C57C56E9E5.d.771F63DC7CB7DA0DE4F7FF658A9B835B.e.9781","ELEMENT":"f.0CFB565138F0704D782EF1C57C56E9E5.d.771F63DC7CB7DA0DE4F7FF658A9B835B.e.9781"}]}
COMMAND: POST /session/365d56350ece7ddb67f22ecca89c6f97/element - {"using":"css selector","value":"#shell-header-logo"}
COMMAND: GET /session/365d56350ece7ddb67f22ecca89c6f97/screenshot - {}
RESULT: {"using":"css selector","value":"#shell-header-logo"}
COMMAND: POST /session/365d56350ece7ddb67f22ecca89c6f97/element/f.0CFB565138F0704D782EF1C57C56E9E5.d.771F63DC7CB7DA0DE4F7FF658A9B835B.e.9108/click - {}
RESULT: {}
RESULT: {}
COMMAND: GET /session/365d56350ece7ddb67f22ecca89c6f97/screenshot - {}
RESULT: {}
]]></system-out>
    </testcase>
    <testcase classname="chrome.136_0_7103_93.windows.Create_master_data_for_mixed_billing_&amp;_do_billing_calculation_US151661" name="Should add time based condition" time="81.486">
      <system-out><![CDATA[
RESULT: undefined
COMMAND: POST /session/365d56350ece7ddb67f22ecca89c6f97/element - {"using":"xpath","value":"//*[@id=\"__tile53\"]"}
RESULT: {"using":"xpath","value":"//*[@id=\"__tile53\"]"}
COMMAND: POST /session/365d56350ece7ddb67f22ecca89c6f97/element/f.0CFB565138F0704D782EF1C57C56E9E5.d.771F63DC7CB7DA0DE4F7FF658A9B835B.e.5398/click - {}
RESULT: {}
COMMAND: GET /session/365d56350ece7ddb67f22ecca89c6f97/screenshot - {}
RESULT: {}
COMMAND: POST /session/365d56350ece7ddb67f22ecca89c6f97/elements - {"using":"xpath","value":"//span[text()='Error']"}
RESULT: {"using":"xpath","value":"//span[text()='Error']"}
COMMAND: POST /session/365d56350ece7ddb67f22ecca89c6f97/element - {"using":"xpath","value":"//button[@aria-label=\"Create\"]"}
RESULT: {"using":"xpath","value":"//button[@aria-label=\"Create\"]"}
COMMAND: POST /session/365d56350ece7ddb67f22ecca89c6f97/elements - {"using":"xpath","value":"//button[@aria-label=\"Create\"]"}
RESULT: {"using":"xpath","value":"//button[@aria-label=\"Create\"]"}
COMMAND: POST /session/365d56350ece7ddb67f22ecca89c6f97/execute/sync - {"script":"<script> [8489 bytes]","args":[{"element-6066-11e4-a52e-4f735466cecf":"f.0CFB565138F0704D782EF1C57C56E9E5.d.771F63DC7CB7DA0DE4F7FF658A9B835B.e.9818","ELEMENT":"f.0CFB565138F0704D782EF1C57C56E9E5.d.771F63DC7CB7DA0DE4F7FF658A9B835B.e.9818"}]}
RESULT: {"script":"<script> [8489 bytes]","args":[{"element-6066-11e4-a52e-4f735466cecf":"f.0CFB565138F0704D782EF1C57C56E9E5.d.771F63DC7CB7DA0DE4F7FF658A9B835B.e.9818","ELEMENT":"f.0CFB565138F0704D782EF1C57C56E9E5.d.771F63DC7CB7DA0DE4F7FF658A9B835B.e.9818"}]}
COMMAND: GET /session/365d56350ece7ddb67f22ecca89c6f97/element/f.0CFB565138F0704D782EF1C57C56E9E5.d.771F63DC7CB7DA0DE4F7FF658A9B835B.e.9818/enabled - {}
COMMAND: GET /session/365d56350ece7ddb67f22ecca89c6f97/screenshot - {}
RESULT: {}
COMMAND: POST /session/365d56350ece7ddb67f22ecca89c6f97/execute/sync - {"script":"<script> [8489 bytes]","args":[{"element-6066-11e4-a52e-4f735466cecf":"f.0CFB565138F0704D782EF1C57C56E9E5.d.771F63DC7CB7DA0DE4F7FF658A9B835B.e.9818","ELEMENT":"f.0CFB565138F0704D782EF1C57C56E9E5.d.771F63DC7CB7DA0DE4F7FF658A9B835B.e.9818"}]}
COMMAND: GET /session/365d56350ece7ddb67f22ecca89c6f97/screenshot - {}
RESULT: {}
RESULT: {"script":"<script> [8489 bytes]","args":[{"element-6066-11e4-a52e-4f735466cecf":"f.0CFB565138F0704D782EF1C57C56E9E5.d.771F63DC7CB7DA0DE4F7FF658A9B835B.e.9818","ELEMENT":"f.0CFB565138F0704D782EF1C57C56E9E5.d.771F63DC7CB7DA0DE4F7FF658A9B835B.e.9818"}]}
COMMAND: POST /session/365d56350ece7ddb67f22ecca89c6f97/execute/sync - {"script":"<script> [5351 bytes]","args":[{"element-6066-11e4-a52e-4f735466cecf":"f.0CFB565138F0704D782EF1C57C56E9E5.d.771F63DC7CB7DA0DE4F7FF658A9B835B.e.9818","ELEMENT":"f.0CFB565138F0704D782EF1C57C56E9E5.d.771F63DC7CB7DA0DE4F7FF658A9B835B.e.9818"}]}
COMMAND: GET /session/365d56350ece7ddb67f22ecca89c6f97/screenshot - {}
RESULT: {}
RESULT: {"script":"<script> [5351 bytes]","args":[{"element-6066-11e4-a52e-4f735466cecf":"f.0CFB565138F0704D782EF1C57C56E9E5.d.771F63DC7CB7DA0DE4F7FF658A9B835B.e.9818","ELEMENT":"f.0CFB565138F0704D782EF1C57C56E9E5.d.771F63DC7CB7DA0DE4F7FF658A9B835B.e.9818"}]}
COMMAND: POST /session/365d56350ece7ddb67f22ecca89c6f97/element/f.0CFB565138F0704D782EF1C57C56E9E5.d.771F63DC7CB7DA0DE4F7FF658A9B835B.e.9818/click - {}
COMMAND: GET /session/365d56350ece7ddb67f22ecca89c6f97/screenshot - {}
RESULT: {}
RESULT: {}
COMMAND: GET /session/365d56350ece7ddb67f22ecca89c6f97/screenshot - {}
RESULT: {}
RESULT: {}
COMMAND: POST /session/365d56350ece7ddb67f22ecca89c6f97/actions - {"actions":[{"id":"action40","type":"key","parameters":{},"actions":[{"type":"keyDown","value":""},{"type":"pause","duration":10},{"type":"keyUp","value":""}]}]}
RESULT: {"actions":[{"id":"action40","type":"key","parameters":{},"actions":[{"type":"keyDown","value":""},{"type":"pause","duration":10},{"type":"keyUp","value":""}]}]}
COMMAND: GET /session/365d56350ece7ddb67f22ecca89c6f97/screenshot - {}
RESULT: undefined
COMMAND: POST /session/365d56350ece7ddb67f22ecca89c6f97/element - {"using":"xpath","value":"//*[@id=\"application-manageconditionprice-display-component---newCondition--condBillCond-arrow\"]"}
RESULT: {}
RESULT: {"using":"xpath","value":"//*[@id=\"application-manageconditionprice-display-component---newCondition--condBillCond-arrow\"]"}
COMMAND: POST /session/365d56350ece7ddb67f22ecca89c6f97/element/f.0CFB565138F0704D782EF1C57C56E9E5.d.771F63DC7CB7DA0DE4F7FF658A9B835B.e.10205/click - {}
RESULT: {}
COMMAND: GET /session/365d56350ece7ddb67f22ecca89c6f97/screenshot - {}
RESULT: {}
COMMAND: POST /session/365d56350ece7ddb67f22ecca89c6f97/element - {"using":"xpath","value":"//li[.//span[contains(text(), \"DISP - D&I special price\")]]"}
RESULT: {"using":"xpath","value":"//li[.//span[contains(text(), \"DISP - D&I special price\")]]"}
COMMAND: POST /session/365d56350ece7ddb67f22ecca89c6f97/element/f.0CFB565138F0704D782EF1C57C56E9E5.d.771F63DC7CB7DA0DE4F7FF658A9B835B.e.10208/click - {}
RESULT: {}
COMMAND: GET /session/365d56350ece7ddb67f22ecca89c6f97/screenshot - {}
RESULT: {}
RESULT: undefined
COMMAND: POST /session/365d56350ece7ddb67f22ecca89c6f97/execute/async - {"script":"<script> [776 bytes]","args":[{"enterText":"1/25/26","selector":{"id":"application-manageconditionprice-display-component---newCondition--condValidTo","interaction":{"idSuffix":"inner"}},"clearTextFirst":true,"interactionType":"ENTER_TEXT"}]}
RESULT: {"script":"<script> [776 bytes]","args":[{"enterText":"1/25/26","selector":{"id":"application-manageconditionprice-display-component---newCondition--condValidTo","interaction":{"idSuffix":"inner"}},"clearTextFirst":true,"interactionType":"ENTER_TEXT"}]}
COMMAND: POST /session/365d56350ece7ddb67f22ecca89c6f97/element - {"using":"xpath","value":"//input[@id=\"application-manageconditionprice-display-component---newCondition--condRU-inner\"]"}
RESULT: {"using":"xpath","value":"//input[@id=\"application-manageconditionprice-display-component---newCondition--condRU-inner\"]"}
COMMAND: POST /session/365d56350ece7ddb67f22ecca89c6f97/element/f.0CFB565138F0704D782EF1C57C56E9E5.d.771F63DC7CB7DA0DE4F7FF658A9B835B.e.9975/clear - {}
RESULT: {}
COMMAND: POST /session/365d56350ece7ddb67f22ecca89c6f97/element/f.0CFB565138F0704D782EF1C57C56E9E5.d.771F63DC7CB7DA0DE4F7FF658A9B835B.e.9975/value - {"text":"RVFFWwmBr4"}
COMMAND: GET /session/365d56350ece7ddb67f22ecca89c6f97/screenshot - {}
RESULT: {"text":"RVFFWwmBr4"}
COMMAND: GET /session/365d56350ece7ddb67f22ecca89c6f97/screenshot - {}
RESULT: {}
RESULT: {}
COMMAND: POST /session/365d56350ece7ddb67f22ecca89c6f97/actions - {"actions":[{"id":"action41","type":"key","parameters":{},"actions":[{"type":"keyDown","value":""},{"type":"pause","duration":10},{"type":"keyUp","value":""}]}]}
RESULT: {"actions":[{"id":"action41","type":"key","parameters":{},"actions":[{"type":"keyDown","value":""},{"type":"pause","duration":10},{"type":"keyUp","value":""}]}]}
RESULT: undefined
COMMAND: POST /session/365d56350ece7ddb67f22ecca89c6f97/execute/async - {"script":"<script> [776 bytes]","args":[{"enterText":"1","selector":{"id":"application-manageconditionprice-display-component---newCondition--condBaseQty","interaction":{"idSuffix":"inner"}},"clearTextFirst":true,"interactionType":"ENTER_TEXT"}]}
COMMAND: GET /session/365d56350ece7ddb67f22ecca89c6f97/screenshot - {}
RESULT: {"script":"<script> [776 bytes]","args":[{"enterText":"1","selector":{"id":"application-manageconditionprice-display-component---newCondition--condBaseQty","interaction":{"idSuffix":"inner"}},"clearTextFirst":true,"interactionType":"ENTER_TEXT"}]}
RESULT: undefined
COMMAND: POST /session/365d56350ece7ddb67f22ecca89c6f97/execute/async - {"script":"<script> [776 bytes]","args":[{"enterText":"100","selector":{"id":"application-manageconditionprice-display-component---newCondition--condValue","interaction":{"idSuffix":"inner"}},"clearTextFirst":true,"interactionType":"ENTER_TEXT"}]}
RESULT: {}
RESULT: {"script":"<script> [776 bytes]","args":[{"enterText":"100","selector":{"id":"application-manageconditionprice-display-component---newCondition--condValue","interaction":{"idSuffix":"inner"}},"clearTextFirst":true,"interactionType":"ENTER_TEXT"}]}
RESULT: undefined
COMMAND: POST /session/365d56350ece7ddb67f22ecca89c6f97/element - {"using":"xpath","value":"//*[@id=\"application-manageconditionprice-display-component---newCondition--condCurr-arrow\"]"}
RESULT: {"using":"xpath","value":"//*[@id=\"application-manageconditionprice-display-component---newCondition--condCurr-arrow\"]"}
COMMAND: POST /session/365d56350ece7ddb67f22ecca89c6f97/element/f.0CFB565138F0704D782EF1C57C56E9E5.d.771F63DC7CB7DA0DE4F7FF658A9B835B.e.10179/click - {}
RESULT: {}
COMMAND: POST /session/365d56350ece7ddb67f22ecca89c6f97/element - {"using":"xpath","value":"//span[contains(text(), \"Euro\")]"}
COMMAND: GET /session/365d56350ece7ddb67f22ecca89c6f97/screenshot - {}
RESULT: {}
RESULT: {"using":"xpath","value":"//span[contains(text(), \"Euro\")]"}
COMMAND: POST /session/365d56350ece7ddb67f22ecca89c6f97/element/f.0CFB565138F0704D782EF1C57C56E9E5.d.771F63DC7CB7DA0DE4F7FF658A9B835B.e.10244/click - {}
RESULT: {}
COMMAND: POST /session/365d56350ece7ddb67f22ecca89c6f97/element - {"using":"xpath","value":"//button[@data-kt=\"saveButton\"]"}
COMMAND: GET /session/365d56350ece7ddb67f22ecca89c6f97/screenshot - {}
RESULT: {"using":"xpath","value":"//button[@data-kt=\"saveButton\"]"}
COMMAND: POST /session/365d56350ece7ddb67f22ecca89c6f97/element/f.0CFB565138F0704D782EF1C57C56E9E5.d.771F63DC7CB7DA0DE4F7FF658A9B835B.e.10180/click - {}
RESULT: {}
RESULT: {}
COMMAND: GET /session/365d56350ece7ddb67f22ecca89c6f97/screenshot - {}
RESULT: {}
RESULT: undefined
COMMAND: POST /session/365d56350ece7ddb67f22ecca89c6f97/execute/async - {"script":"<script> [776 bytes]","args":[{"enterText":"RVFFWwmBr4","selector":{"id":"application-manageconditionprice-display-component---conditions--smartFilterBar-btnBasicSearch","interaction":{"idSuffix":"I"}},"clearTextFirst":true,"interactionType":"ENTER_TEXT"}]}
RESULT: {"script":"<script> [776 bytes]","args":[{"enterText":"RVFFWwmBr4","selector":{"id":"application-manageconditionprice-display-component---conditions--smartFilterBar-btnBasicSearch","interaction":{"idSuffix":"I"}},"clearTextFirst":true,"interactionType":"ENTER_TEXT"}]}
COMMAND: POST /session/365d56350ece7ddb67f22ecca89c6f97/actions - {"actions":[{"id":"action42","type":"key","parameters":{},"actions":[{"type":"keyDown","value":""},{"type":"pause","duration":10},{"type":"keyUp","value":""}]}]}
RESULT: {"actions":[{"id":"action42","type":"key","parameters":{},"actions":[{"type":"keyDown","value":""},{"type":"pause","duration":10},{"type":"keyUp","value":""}]}]}
COMMAND: GET /session/365d56350ece7ddb67f22ecca89c6f97/screenshot - {}
RESULT: {}
RESULT: undefined
COMMAND: POST /session/365d56350ece7ddb67f22ecca89c6f97/element - {"using":"xpath","value":"//*[@id=\"application-manageconditionprice-display-component---conditions--smartFilterBar-filterItemControl_BASIC-BILL_TYPES-vhi\"]"}
RESULT: {"using":"xpath","value":"//*[@id=\"application-manageconditionprice-display-component---conditions--smartFilterBar-filterItemControl_BASIC-BILL_TYPES-vhi\"]"}
COMMAND: POST /session/365d56350ece7ddb67f22ecca89c6f97/element/f.0CFB565138F0704D782EF1C57C56E9E5.d.771F63DC7CB7DA0DE4F7FF658A9B835B.e.10278/click - {}
RESULT: {}
RESULT: undefined
COMMAND: POST /session/365d56350ece7ddb67f22ecca89c6f97/execute/async - {"script":"<script> [776 bytes]","args":[{"enterText":"TB","selector":{"id":"application-manageconditionprice-display-component---conditions--smartFilterBar-filterItemControl_BASIC-BILL_TYPES-valueHelpDialog-smartFilterBar-btnBasicSearch","searchOpenDialogs":true,"interaction":{"idSuffix":"I"}},"clearTextFirst":true,"interactionType":"ENTER_TEXT"}]}
COMMAND: GET /session/365d56350ece7ddb67f22ecca89c6f97/screenshot - {}
RESULT: {"script":"<script> [776 bytes]","args":[{"enterText":"TB","selector":{"id":"application-manageconditionprice-display-component---conditions--smartFilterBar-filterItemControl_BASIC-BILL_TYPES-valueHelpDialog-smartFilterBar-btnBasicSearch","searchOpenDialogs":true,"interaction":{"idSuffix":"I"}},"clearTextFirst":true,"interactionType":"ENTER_TEXT"}]}
COMMAND: POST /session/365d56350ece7ddb67f22ecca89c6f97/actions - {"actions":[{"id":"action43","type":"key","parameters":{},"actions":[{"type":"keyDown","value":""},{"type":"pause","duration":10},{"type":"keyUp","value":""}]}]}
RESULT: {}
RESULT: {"actions":[{"id":"action43","type":"key","parameters":{},"actions":[{"type":"keyDown","value":""},{"type":"pause","duration":10},{"type":"keyUp","value":""}]}]}
COMMAND: GET /session/365d56350ece7ddb67f22ecca89c6f97/screenshot - {}
RESULT: {}
COMMAND: POST /session/365d56350ece7ddb67f22ecca89c6f97/element - {"using":"xpath","value":"//div[contains(@id, 'application-manageconditionprice-display-component---conditions--smartFilterBar-filterItemControl_BASIC-BILL_TYPES-valueHelpDialog-table-rowsel0')]"}
RESULT: {"using":"xpath","value":"//div[contains(@id, 'application-manageconditionprice-display-component---conditions--smartFilterBar-filterItemControl_BASIC-BILL_TYPES-valueHelpDialog-table-rowsel0')]"}
COMMAND: POST /session/365d56350ece7ddb67f22ecca89c6f97/element/f.0CFB565138F0704D782EF1C57C56E9E5.d.771F63DC7CB7DA0DE4F7FF658A9B835B.e.10285/click - {}
RESULT: {}
COMMAND: GET /session/365d56350ece7ddb67f22ecca89c6f97/screenshot - {}
RESULT: {}
COMMAND: POST /session/365d56350ece7ddb67f22ecca89c6f97/element - {"using":"xpath","value":"//bdi[contains(text(), \"OK\")]"}
RESULT: {"using":"xpath","value":"//bdi[contains(text(), \"OK\")]"}
COMMAND: POST /session/365d56350ece7ddb67f22ecca89c6f97/element/f.0CFB565138F0704D782EF1C57C56E9E5.d.771F63DC7CB7DA0DE4F7FF658A9B835B.e.10287/click - {}
RESULT: {}
COMMAND: GET /session/365d56350ece7ddb67f22ecca89c6f97/screenshot - {}
RESULT: {}
COMMAND: POST /session/365d56350ece7ddb67f22ecca89c6f97/element - {"using":"xpath","value":"//span[@id=\"application-manageconditionprice-display-component---conditions--smartTable-header-inner\"]"}
RESULT: {"using":"xpath","value":"//span[@id=\"application-manageconditionprice-display-component---conditions--smartTable-header-inner\"]"}
COMMAND: POST /session/365d56350ece7ddb67f22ecca89c6f97/elements - {"using":"xpath","value":"//span[@id=\"application-manageconditionprice-display-component---conditions--smartTable-header-inner\"]"}
RESULT: {"using":"xpath","value":"//span[@id=\"application-manageconditionprice-display-component---conditions--smartTable-header-inner\"]"}
COMMAND: POST /session/365d56350ece7ddb67f22ecca89c6f97/execute/sync - {"script":"<script> [56 bytes]","args":[{"element-6066-11e4-a52e-4f735466cecf":"f.0CFB565138F0704D782EF1C57C56E9E5.d.771F63DC7CB7DA0DE4F7FF658A9B835B.e.10297","ELEMENT":"f.0CFB565138F0704D782EF1C57C56E9E5.d.771F63DC7CB7DA0DE4F7FF658A9B835B.e.10297"}]}
RESULT: {"script":"<script> [56 bytes]","args":[{"element-6066-11e4-a52e-4f735466cecf":"f.0CFB565138F0704D782EF1C57C56E9E5.d.771F63DC7CB7DA0DE4F7FF658A9B835B.e.10297","ELEMENT":"f.0CFB565138F0704D782EF1C57C56E9E5.d.771F63DC7CB7DA0DE4F7FF658A9B835B.e.10297"}]}
COMMAND: POST /session/365d56350ece7ddb67f22ecca89c6f97/element - {"using":"css selector","value":"#shell-header-logo"}
COMMAND: GET /session/365d56350ece7ddb67f22ecca89c6f97/screenshot - {}
RESULT: {"using":"css selector","value":"#shell-header-logo"}
COMMAND: POST /session/365d56350ece7ddb67f22ecca89c6f97/element/f.0CFB565138F0704D782EF1C57C56E9E5.d.771F63DC7CB7DA0DE4F7FF658A9B835B.e.9786/click - {}
RESULT: {}
RESULT: {}
COMMAND: GET /session/365d56350ece7ddb67f22ecca89c6f97/screenshot - {}
RESULT: {}
]]></system-out>
    </testcase>
    <testcase classname="chrome.136_0_7103_93.windows.Create_master_data_for_mixed_billing_&amp;_do_billing_calculation_US151661" name="Should do a stock increase handover" time="102.386">
      <system-out><![CDATA[
COMMAND: POST /session/365d56350ece7ddb67f22ecca89c6f97/execute/async - {"script":"<script> [1562 bytes]","args":[{"selector":{"controlType":"sap.m.GenericTile","properties":{"header":"Manage Handovers"}},"wdio_ui5_key":"sapm.GenericTile{\"header\":\"Manage Handovers\"}"}]}
RESULT: {"script":"<script> [1562 bytes]","args":[{"selector":{"controlType":"sap.m.GenericTile","properties":{"header":"Manage Handovers"}},"wdio_ui5_key":"sapm.GenericTile{\"header\":\"Manage Handovers\"}"}]}
RESULT: undefined
COMMAND: POST /session/365d56350ece7ddb67f22ecca89c6f97/element - {"using":"xpath","value":"//*[@id=\"__tile133\"]"}
RESULT: {"using":"xpath","value":"//*[@id=\"__tile133\"]"}
COMMAND: POST /session/365d56350ece7ddb67f22ecca89c6f97/element/f.0CFB565138F0704D782EF1C57C56E9E5.d.771F63DC7CB7DA0DE4F7FF658A9B835B.e.5436/click - {}
RESULT: {}
COMMAND: GET /session/365d56350ece7ddb67f22ecca89c6f97/screenshot - {}
RESULT: {}
COMMAND: POST /session/365d56350ece7ddb67f22ecca89c6f97/elements - {"using":"xpath","value":"//span[text()='Error']"}
RESULT: {"using":"xpath","value":"//span[text()='Error']"}
COMMAND: POST /session/365d56350ece7ddb67f22ecca89c6f97/element - {"using":"xpath","value":"//button[@data-kt=\"masterHOAddButton\"]"}
RESULT: {"using":"xpath","value":"//button[@data-kt=\"masterHOAddButton\"]"}
COMMAND: POST /session/365d56350ece7ddb67f22ecca89c6f97/elements - {"using":"xpath","value":"//button[@data-kt=\"masterHOAddButton\"]"}
RESULT: {"using":"xpath","value":"//button[@data-kt=\"masterHOAddButton\"]"}
COMMAND: POST /session/365d56350ece7ddb67f22ecca89c6f97/execute/sync - {"script":"<script> [8489 bytes]","args":[{"element-6066-11e4-a52e-4f735466cecf":"f.0CFB565138F0704D782EF1C57C56E9E5.d.771F63DC7CB7DA0DE4F7FF658A9B835B.e.10337","ELEMENT":"f.0CFB565138F0704D782EF1C57C56E9E5.d.771F63DC7CB7DA0DE4F7FF658A9B835B.e.10337"}]}
RESULT: {"script":"<script> [8489 bytes]","args":[{"element-6066-11e4-a52e-4f735466cecf":"f.0CFB565138F0704D782EF1C57C56E9E5.d.771F63DC7CB7DA0DE4F7FF658A9B835B.e.10337","ELEMENT":"f.0CFB565138F0704D782EF1C57C56E9E5.d.771F63DC7CB7DA0DE4F7FF658A9B835B.e.10337"}]}
COMMAND: GET /session/365d56350ece7ddb67f22ecca89c6f97/element/f.0CFB565138F0704D782EF1C57C56E9E5.d.771F63DC7CB7DA0DE4F7FF658A9B835B.e.10337/enabled - {}
COMMAND: GET /session/365d56350ece7ddb67f22ecca89c6f97/screenshot - {}
RESULT: {}
COMMAND: POST /session/365d56350ece7ddb67f22ecca89c6f97/execute/sync - {"script":"<script> [8489 bytes]","args":[{"element-6066-11e4-a52e-4f735466cecf":"f.0CFB565138F0704D782EF1C57C56E9E5.d.771F63DC7CB7DA0DE4F7FF658A9B835B.e.10337","ELEMENT":"f.0CFB565138F0704D782EF1C57C56E9E5.d.771F63DC7CB7DA0DE4F7FF658A9B835B.e.10337"}]}
COMMAND: GET /session/365d56350ece7ddb67f22ecca89c6f97/screenshot - {}
RESULT: {}
RESULT: {"script":"<script> [8489 bytes]","args":[{"element-6066-11e4-a52e-4f735466cecf":"f.0CFB565138F0704D782EF1C57C56E9E5.d.771F63DC7CB7DA0DE4F7FF658A9B835B.e.10337","ELEMENT":"f.0CFB565138F0704D782EF1C57C56E9E5.d.771F63DC7CB7DA0DE4F7FF658A9B835B.e.10337"}]}
COMMAND: POST /session/365d56350ece7ddb67f22ecca89c6f97/execute/sync - {"script":"<script> [5351 bytes]","args":[{"element-6066-11e4-a52e-4f735466cecf":"f.0CFB565138F0704D782EF1C57C56E9E5.d.771F63DC7CB7DA0DE4F7FF658A9B835B.e.10337","ELEMENT":"f.0CFB565138F0704D782EF1C57C56E9E5.d.771F63DC7CB7DA0DE4F7FF658A9B835B.e.10337"}]}
RESULT: {}
RESULT: {"script":"<script> [5351 bytes]","args":[{"element-6066-11e4-a52e-4f735466cecf":"f.0CFB565138F0704D782EF1C57C56E9E5.d.771F63DC7CB7DA0DE4F7FF658A9B835B.e.10337","ELEMENT":"f.0CFB565138F0704D782EF1C57C56E9E5.d.771F63DC7CB7DA0DE4F7FF658A9B835B.e.10337"}]}
COMMAND: POST /session/365d56350ece7ddb67f22ecca89c6f97/element/f.0CFB565138F0704D782EF1C57C56E9E5.d.771F63DC7CB7DA0DE4F7FF658A9B835B.e.10337/click - {}
COMMAND: GET /session/365d56350ece7ddb67f22ecca89c6f97/screenshot - {}
COMMAND: GET /session/365d56350ece7ddb67f22ecca89c6f97/screenshot - {}
RESULT: {}
COMMAND: GET /session/365d56350ece7ddb67f22ecca89c6f97/screenshot - {}
COMMAND: POST /session/365d56350ece7ddb67f22ecca89c6f97/element - {"using":"xpath","value":"//span[contains(@id ,\"AddNewHO--typeSelect-arrow\")]"}
RESULT: {}
RESULT: {}
RESULT: {}
RESULT: {"using":"xpath","value":"//span[contains(@id ,\"AddNewHO--typeSelect-arrow\")]"}
COMMAND: POST /session/365d56350ece7ddb67f22ecca89c6f97/element/f.0CFB565138F0704D782EF1C57C56E9E5.d.771F63DC7CB7DA0DE4F7FF658A9B835B.e.10678/click - {}
RESULT: {}
COMMAND: GET /session/365d56350ece7ddb67f22ecca89c6f97/screenshot - {}
RESULT: {}
COMMAND: POST /session/365d56350ece7ddb67f22ecca89c6f97/element - {"using":"xpath","value":"(//li[contains(text(), \"stock increase yard\")])[1]"}
RESULT: {"using":"xpath","value":"(//li[contains(text(), \"stock increase yard\")])[1]"}
COMMAND: POST /session/365d56350ece7ddb67f22ecca89c6f97/element/f.0CFB565138F0704D782EF1C57C56E9E5.d.771F63DC7CB7DA0DE4F7FF658A9B835B.e.10679/click - {}
RESULT: {}
COMMAND: GET /session/365d56350ece7ddb67f22ecca89c6f97/screenshot - {}
RESULT: {}
COMMAND: POST /session/365d56350ece7ddb67f22ecca89c6f97/execute/async - {"script":"<script> [1562 bytes]","args":[{"selector":{"id":"application-managehandovers-display-component---AddNewHO--dueDate","interaction":{"idSuffix":"inner"}},"wdio_ui5_key":"applicationmanagehandovers-display-component---AddNewHO--dueDate"}]}
RESULT: {"script":"<script> [1562 bytes]","args":[{"selector":{"id":"application-managehandovers-display-component---AddNewHO--dueDate","interaction":{"idSuffix":"inner"}},"wdio_ui5_key":"applicationmanagehandovers-display-component---AddNewHO--dueDate"}]}
RESULT: undefined
COMMAND: POST /session/365d56350ece7ddb67f22ecca89c6f97/execute/async - {"script":"<script> [6424 bytes]","args":[{"element-6066-11e4-a52e-4f735466cecf":"f.0CFB565138F0704D782EF1C57C56E9E5.d.771F63DC7CB7DA0DE4F7FF658A9B835B.e.10681"},"setValue",["5/25/25"]]}
RESULT: {"script":"<script> [6424 bytes]","args":[{"element-6066-11e4-a52e-4f735466cecf":"f.0CFB565138F0704D782EF1C57C56E9E5.d.771F63DC7CB7DA0DE4F7FF658A9B835B.e.10681"},"setValue",["5/25/25"]]}
COMMAND: POST /session/365d56350ece7ddb67f22ecca89c6f97/element - {"using":"xpath","value":"//input[@id=\"generalSectionFrg--receiveYard-inner\"]"}
RESULT: {"using":"xpath","value":"//input[@id=\"generalSectionFrg--receiveYard-inner\"]"}
COMMAND: POST /session/365d56350ece7ddb67f22ecca89c6f97/element/f.0CFB565138F0704D782EF1C57C56E9E5.d.771F63DC7CB7DA0DE4F7FF658A9B835B.e.10687/clear - {}
RESULT: {}
COMMAND: POST /session/365d56350ece7ddb67f22ecca89c6f97/element/f.0CFB565138F0704D782EF1C57C56E9E5.d.771F63DC7CB7DA0DE4F7FF658A9B835B.e.10687/value - {"text":"281"}
COMMAND: GET /session/365d56350ece7ddb67f22ecca89c6f97/screenshot - {}
RESULT: {"text":"281"}
COMMAND: GET /session/365d56350ece7ddb67f22ecca89c6f97/screenshot - {}
RESULT: {}
RESULT: {}
COMMAND: POST /session/365d56350ece7ddb67f22ecca89c6f97/element - {"using":"xpath","value":"//li[.//span[text()='281']]"}
RESULT: {"using":"xpath","value":"//li[.//span[text()='281']]"}
COMMAND: POST /session/365d56350ece7ddb67f22ecca89c6f97/element/f.0CFB565138F0704D782EF1C57C56E9E5.d.771F63DC7CB7DA0DE4F7FF658A9B835B.e.10704/click - {}
RESULT: {}
COMMAND: GET /session/365d56350ece7ddb67f22ecca89c6f97/screenshot - {}
RESULT: {}
COMMAND: POST /session/365d56350ece7ddb67f22ecca89c6f97/execute/async - {"script":"<script> [1562 bytes]","args":[{"selector":{"id":"application-managehandovers-display-component---AddNewHO--ObjectPageLayout-anchBar-application-managehandovers-display-component---AddNewHO--section4-anchor","interaction":{"idSuffix":"BDI-content"}},"wdio_ui5_key":"applicationmanagehandovers-display-component---AddNewHO--ObjectPageLayout-anchBar-application-managehandovers-display-component---AddNewHO--section4-anchor"}]}
RESULT: {"script":"<script> [1562 bytes]","args":[{"selector":{"id":"application-managehandovers-display-component---AddNewHO--ObjectPageLayout-anchBar-application-managehandovers-display-component---AddNewHO--section4-anchor","interaction":{"idSuffix":"BDI-content"}},"wdio_ui5_key":"applicationmanagehandovers-display-component---AddNewHO--ObjectPageLayout-anchBar-application-managehandovers-display-component---AddNewHO--section4-anchor"}]}
RESULT: undefined
COMMAND: POST /session/365d56350ece7ddb67f22ecca89c6f97/element - {"using":"xpath","value":"//*[@id=\"application-managehandovers-display-component---AddNewHO--ObjectPageLayout-anchBar-application-managehandovers-display-component---AddNewHO--section4-anchor\"]"}
RESULT: {"using":"xpath","value":"//*[@id=\"application-managehandovers-display-component---AddNewHO--ObjectPageLayout-anchBar-application-managehandovers-display-component---AddNewHO--section4-anchor\"]"}
COMMAND: POST /session/365d56350ece7ddb67f22ecca89c6f97/element/f.0CFB565138F0704D782EF1C57C56E9E5.d.771F63DC7CB7DA0DE4F7FF658A9B835B.e.10706/click - {}
RESULT: {}
COMMAND: POST /session/365d56350ece7ddb67f22ecca89c6f97/element - {"using":"xpath","value":"//button[@aria-label=\"Add\"]"}
COMMAND: GET /session/365d56350ece7ddb67f22ecca89c6f97/screenshot - {}
RESULT: {"using":"xpath","value":"//button[@aria-label=\"Add\"]"}
COMMAND: POST /session/365d56350ece7ddb67f22ecca89c6f97/element/f.0CFB565138F0704D782EF1C57C56E9E5.d.771F63DC7CB7DA0DE4F7FF658A9B835B.e.10708/click - {}
RESULT: {}
RESULT: {}
COMMAND: GET /session/365d56350ece7ddb67f22ecca89c6f97/screenshot - {}
RESULT: {}
COMMAND: POST /session/365d56350ece7ddb67f22ecca89c6f97/execute/async - {"script":"<script> [1562 bytes]","args":[{"selector":{"id":"application-managehandovers-display-component---AddNewHO--smartFilterBar-btnBasicSearch","searchOpenDialogs":true,"interaction":{"idSuffix":"I"}},"wdio_ui5_key":"applicationmanagehandovers-display-component---AddNewHO--smartFilterBar-btnBasicSearch"}]}
RESULT: {"script":"<script> [1562 bytes]","args":[{"selector":{"id":"application-managehandovers-display-component---AddNewHO--smartFilterBar-btnBasicSearch","searchOpenDialogs":true,"interaction":{"idSuffix":"I"}},"wdio_ui5_key":"applicationmanagehandovers-display-component---AddNewHO--smartFilterBar-btnBasicSearch"}]}
RESULT: undefined
COMMAND: POST /session/365d56350ece7ddb67f22ecca89c6f97/execute/async - {"script":"<script> [776 bytes]","args":[{"enterText":"RVFFWwmBr4","selector":{"id":"application-managehandovers-display-component---AddNewHO--smartFilterBar-btnBasicSearch","searchOpenDialogs":true,"interaction":{"idSuffix":"I"}},"clearTextFirst":true,"interactionType":"ENTER_TEXT"}]}
RESULT: {"script":"<script> [776 bytes]","args":[{"enterText":"RVFFWwmBr4","selector":{"id":"application-managehandovers-display-component---AddNewHO--smartFilterBar-btnBasicSearch","searchOpenDialogs":true,"interaction":{"idSuffix":"I"}},"clearTextFirst":true,"interactionType":"ENTER_TEXT"}]}
COMMAND: POST /session/365d56350ece7ddb67f22ecca89c6f97/actions - {"actions":[{"id":"action44","type":"key","parameters":{},"actions":[{"type":"keyDown","value":""},{"type":"pause","duration":10},{"type":"keyUp","value":""}]}]}
RESULT: {"actions":[{"id":"action44","type":"key","parameters":{},"actions":[{"type":"keyDown","value":""},{"type":"pause","duration":10},{"type":"keyUp","value":""}]}]}
COMMAND: GET /session/365d56350ece7ddb67f22ecca89c6f97/screenshot - {}
RESULT: {}
COMMAND: POST /session/365d56350ece7ddb67f22ecca89c6f97/execute/async - {"script":"<script> [1562 bytes]","args":[{"selector":{"id":"application-managehandovers-display-component---AddNewHO--popup-sa","searchOpenDialogs":true,"interaction":{"idSuffix":"CbBg"}},"wdio_ui5_key":"applicationmanagehandovers-display-component---AddNewHO--popup-sa"}]}
RESULT: {"script":"<script> [1562 bytes]","args":[{"selector":{"id":"application-managehandovers-display-component---AddNewHO--popup-sa","searchOpenDialogs":true,"interaction":{"idSuffix":"CbBg"}},"wdio_ui5_key":"applicationmanagehandovers-display-component---AddNewHO--popup-sa"}]}
RESULT: undefined
COMMAND: POST /session/365d56350ece7ddb67f22ecca89c6f97/element - {"using":"xpath","value":"//*[@id=\"application-managehandovers-display-component---AddNewHO--popup-sa\"]"}
RESULT: {"using":"xpath","value":"//*[@id=\"application-managehandovers-display-component---AddNewHO--popup-sa\"]"}
COMMAND: POST /session/365d56350ece7ddb67f22ecca89c6f97/element/f.0CFB565138F0704D782EF1C57C56E9E5.d.771F63DC7CB7DA0DE4F7FF658A9B835B.e.10861/click - {}
RESULT: {}
COMMAND: GET /session/365d56350ece7ddb67f22ecca89c6f97/screenshot - {}
RESULT: {}
COMMAND: POST /session/365d56350ece7ddb67f22ecca89c6f97/element - {"using":"xpath","value":"//bdi[contains(text(), \"Select\")]"}
RESULT: {"using":"xpath","value":"//bdi[contains(text(), \"Select\")]"}
COMMAND: POST /session/365d56350ece7ddb67f22ecca89c6f97/element/f.0CFB565138F0704D782EF1C57C56E9E5.d.771F63DC7CB7DA0DE4F7FF658A9B835B.e.10862/click - {}
RESULT: {}
COMMAND: GET /session/365d56350ece7ddb67f22ecca89c6f97/screenshot - {}
RESULT: {}
COMMAND: POST /session/365d56350ece7ddb67f22ecca89c6f97/element - {"using":"xpath","value":"//button[@data-kt=\"AddNewHOSaveButton\"]"}
RESULT: {"using":"xpath","value":"//button[@data-kt=\"AddNewHOSaveButton\"]"}
COMMAND: POST /session/365d56350ece7ddb67f22ecca89c6f97/element/f.0CFB565138F0704D782EF1C57C56E9E5.d.771F63DC7CB7DA0DE4F7FF658A9B835B.e.10866/click - {}
RESULT: {}
COMMAND: GET /session/365d56350ece7ddb67f22ecca89c6f97/screenshot - {}
COMMAND: POST /session/365d56350ece7ddb67f22ecca89c6f97/execute/async - {"script":"<script> [1562 bytes]","args":[{"selector":{"id":"receiptDatePicker","viewName":"etm.portal.ui.managehandovers.view.DetailExecuteHO","interaction":{"idSuffix":"inner"}},"wdio_ui5_key":"receiptDatePickeretmportal.ui.managehandovers.view.DetailExecuteHO"}]}
RESULT: {}
RESULT: {"script":"<script> [1562 bytes]","args":[{"selector":{"id":"receiptDatePicker","viewName":"etm.portal.ui.managehandovers.view.DetailExecuteHO","interaction":{"idSuffix":"inner"}},"wdio_ui5_key":"receiptDatePickeretmportal.ui.managehandovers.view.DetailExecuteHO"}]}
RESULT: undefined
COMMAND: POST /session/365d56350ece7ddb67f22ecca89c6f97/execute/async - {"script":"<script> [6424 bytes]","args":[{"element-6066-11e4-a52e-4f735466cecf":"f.0CFB565138F0704D782EF1C57C56E9E5.d.771F63DC7CB7DA0DE4F7FF658A9B835B.e.10879"},"setValue",["5/25/25"]]}
RESULT: {"script":"<script> [6424 bytes]","args":[{"element-6066-11e4-a52e-4f735466cecf":"f.0CFB565138F0704D782EF1C57C56E9E5.d.771F63DC7CB7DA0DE4F7FF658A9B835B.e.10879"},"setValue",["5/25/25"]]}
COMMAND: POST /session/365d56350ece7ddb67f22ecca89c6f97/element - {"using":"xpath","value":"//button[@data-kt=\"ReceivingTableConfirmAllButton\"]"}
RESULT: {"using":"xpath","value":"//button[@data-kt=\"ReceivingTableConfirmAllButton\"]"}
COMMAND: POST /session/365d56350ece7ddb67f22ecca89c6f97/element/f.0CFB565138F0704D782EF1C57C56E9E5.d.771F63DC7CB7DA0DE4F7FF658A9B835B.e.10896/click - {}
RESULT: {}
COMMAND: GET /session/365d56350ece7ddb67f22ecca89c6f97/screenshot - {}
RESULT: {}
COMMAND: POST /session/365d56350ece7ddb67f22ecca89c6f97/element - {"using":"xpath","value":"//bdi[contains(text(), \"OK\")]"}
RESULT: {"using":"xpath","value":"//bdi[contains(text(), \"OK\")]"}
COMMAND: POST /session/365d56350ece7ddb67f22ecca89c6f97/element/f.0CFB565138F0704D782EF1C57C56E9E5.d.771F63DC7CB7DA0DE4F7FF658A9B835B.e.10898/click - {}
RESULT: {}
COMMAND: GET /session/365d56350ece7ddb67f22ecca89c6f97/screenshot - {}
RESULT: {}
COMMAND: POST /session/365d56350ece7ddb67f22ecca89c6f97/element - {"using":"xpath","value":"(//bdi[contains(text(), \"Receive\")])[2]"}
RESULT: {"using":"xpath","value":"(//bdi[contains(text(), \"Receive\")])[2]"}
COMMAND: POST /session/365d56350ece7ddb67f22ecca89c6f97/element/f.0CFB565138F0704D782EF1C57C56E9E5.d.771F63DC7CB7DA0DE4F7FF658A9B835B.e.10900/click - {}
RESULT: {}
COMMAND: GET /session/365d56350ece7ddb67f22ecca89c6f97/screenshot - {}
RESULT: {}
COMMAND: POST /session/365d56350ece7ddb67f22ecca89c6f97/element - {"using":"css selector","value":"#shell-header-logo"}
RESULT: {"using":"css selector","value":"#shell-header-logo"}
COMMAND: POST /session/365d56350ece7ddb67f22ecca89c6f97/element/f.0CFB565138F0704D782EF1C57C56E9E5.d.771F63DC7CB7DA0DE4F7FF658A9B835B.e.10301/click - {}
RESULT: {}
COMMAND: GET /session/365d56350ece7ddb67f22ecca89c6f97/screenshot - {}
RESULT: {}
]]></system-out>
    </testcase>
    <testcase classname="chrome.136_0_7103_93.windows.Create_master_data_for_mixed_billing_&amp;_do_billing_calculation_US151661" name="Should create a new contract" time="64.085">
      <system-out><![CDATA[
COMMAND: POST /session/365d56350ece7ddb67f22ecca89c6f97/execute/async - {"script":"<script> [1562 bytes]","args":[{"selector":{"controlType":"sap.m.GenericTile","properties":{"header":"Manage Contracts"}},"wdio_ui5_key":"sapm.GenericTile{\"header\":\"Manage Contracts\"}"}]}
RESULT: {"script":"<script> [1562 bytes]","args":[{"selector":{"controlType":"sap.m.GenericTile","properties":{"header":"Manage Contracts"}},"wdio_ui5_key":"sapm.GenericTile{\"header\":\"Manage Contracts\"}"}]}
RESULT: undefined
COMMAND: POST /session/365d56350ece7ddb67f22ecca89c6f97/element - {"using":"xpath","value":"//*[@id=\"__tile130\"]"}
RESULT: {"using":"xpath","value":"//*[@id=\"__tile130\"]"}
COMMAND: POST /session/365d56350ece7ddb67f22ecca89c6f97/element/f.0CFB565138F0704D782EF1C57C56E9E5.d.771F63DC7CB7DA0DE4F7FF658A9B835B.e.5367/click - {}
RESULT: {}
COMMAND: GET /session/365d56350ece7ddb67f22ecca89c6f97/screenshot - {}
COMMAND: POST /session/365d56350ece7ddb67f22ecca89c6f97/elements - {"using":"xpath","value":"//span[text()='Error']"}
RESULT: {}
RESULT: {"using":"xpath","value":"//span[text()='Error']"}
COMMAND: POST /session/365d56350ece7ddb67f22ecca89c6f97/element - {"using":"xpath","value":"//button[@data-kt=\"addButton\"]"}
RESULT: {"using":"xpath","value":"//button[@data-kt=\"addButton\"]"}
COMMAND: POST /session/365d56350ece7ddb67f22ecca89c6f97/elements - {"using":"xpath","value":"//button[@data-kt=\"addButton\"]"}
RESULT: {"using":"xpath","value":"//button[@data-kt=\"addButton\"]"}
COMMAND: POST /session/365d56350ece7ddb67f22ecca89c6f97/execute/sync - {"script":"<script> [8489 bytes]","args":[{"element-6066-11e4-a52e-4f735466cecf":"f.0CFB565138F0704D782EF1C57C56E9E5.d.771F63DC7CB7DA0DE4F7FF658A9B835B.e.11229","ELEMENT":"f.0CFB565138F0704D782EF1C57C56E9E5.d.771F63DC7CB7DA0DE4F7FF658A9B835B.e.11229"}]}
RESULT: {"script":"<script> [8489 bytes]","args":[{"element-6066-11e4-a52e-4f735466cecf":"f.0CFB565138F0704D782EF1C57C56E9E5.d.771F63DC7CB7DA0DE4F7FF658A9B835B.e.11229","ELEMENT":"f.0CFB565138F0704D782EF1C57C56E9E5.d.771F63DC7CB7DA0DE4F7FF658A9B835B.e.11229"}]}
COMMAND: GET /session/365d56350ece7ddb67f22ecca89c6f97/element/f.0CFB565138F0704D782EF1C57C56E9E5.d.771F63DC7CB7DA0DE4F7FF658A9B835B.e.11229/enabled - {}
COMMAND: GET /session/365d56350ece7ddb67f22ecca89c6f97/screenshot - {}
RESULT: {}
COMMAND: POST /session/365d56350ece7ddb67f22ecca89c6f97/execute/sync - {"script":"<script> [8489 bytes]","args":[{"element-6066-11e4-a52e-4f735466cecf":"f.0CFB565138F0704D782EF1C57C56E9E5.d.771F63DC7CB7DA0DE4F7FF658A9B835B.e.11229","ELEMENT":"f.0CFB565138F0704D782EF1C57C56E9E5.d.771F63DC7CB7DA0DE4F7FF658A9B835B.e.11229"}]}
COMMAND: GET /session/365d56350ece7ddb67f22ecca89c6f97/screenshot - {}
RESULT: {}
RESULT: {"script":"<script> [8489 bytes]","args":[{"element-6066-11e4-a52e-4f735466cecf":"f.0CFB565138F0704D782EF1C57C56E9E5.d.771F63DC7CB7DA0DE4F7FF658A9B835B.e.11229","ELEMENT":"f.0CFB565138F0704D782EF1C57C56E9E5.d.771F63DC7CB7DA0DE4F7FF658A9B835B.e.11229"}]}
COMMAND: POST /session/365d56350ece7ddb67f22ecca89c6f97/execute/sync - {"script":"<script> [5351 bytes]","args":[{"element-6066-11e4-a52e-4f735466cecf":"f.0CFB565138F0704D782EF1C57C56E9E5.d.771F63DC7CB7DA0DE4F7FF658A9B835B.e.11229","ELEMENT":"f.0CFB565138F0704D782EF1C57C56E9E5.d.771F63DC7CB7DA0DE4F7FF658A9B835B.e.11229"}]}
COMMAND: GET /session/365d56350ece7ddb67f22ecca89c6f97/screenshot - {}
RESULT: {}
RESULT: {"script":"<script> [5351 bytes]","args":[{"element-6066-11e4-a52e-4f735466cecf":"f.0CFB565138F0704D782EF1C57C56E9E5.d.771F63DC7CB7DA0DE4F7FF658A9B835B.e.11229","ELEMENT":"f.0CFB565138F0704D782EF1C57C56E9E5.d.771F63DC7CB7DA0DE4F7FF658A9B835B.e.11229"}]}
COMMAND: GET /session/365d56350ece7ddb67f22ecca89c6f97/screenshot - {}
RESULT: {}
RESULT: {}
COMMAND: POST /session/365d56350ece7ddb67f22ecca89c6f97/element/f.0CFB565138F0704D782EF1C57C56E9E5.d.771F63DC7CB7DA0DE4F7FF658A9B835B.e.11229/click - {}
RESULT: {}
COMMAND: GET /session/365d56350ece7ddb67f22ecca89c6f97/screenshot - {}
COMMAND: POST /session/365d56350ece7ddb67f22ecca89c6f97/execute/async - {"script":"<script> [1562 bytes]","args":[{"selector":{"id":"application-managecontracts-display-component---AddNewContract--projectDescription","interaction":{"idSuffix":"inner"}},"wdio_ui5_key":"applicationmanagecontracts-display-component---AddNewContract--projectDescription"}]}
RESULT: {}
RESULT: {"script":"<script> [1562 bytes]","args":[{"selector":{"id":"application-managecontracts-display-component---AddNewContract--projectDescription","interaction":{"idSuffix":"inner"}},"wdio_ui5_key":"applicationmanagecontracts-display-component---AddNewContract--projectDescription"}]}
RESULT: undefined
COMMAND: POST /session/365d56350ece7ddb67f22ecca89c6f97/execute/async - {"script":"<script> [776 bytes]","args":[{"enterText":"Mixed Contract WDIO","selector":{"id":"application-managecontracts-display-component---AddNewContract--projectDescription","interaction":{"idSuffix":"inner"}},"clearTextFirst":true,"interactionType":"ENTER_TEXT"}]}
RESULT: {"script":"<script> [776 bytes]","args":[{"enterText":"Mixed Contract WDIO","selector":{"id":"application-managecontracts-display-component---AddNewContract--projectDescription","interaction":{"idSuffix":"inner"}},"clearTextFirst":true,"interactionType":"ENTER_TEXT"}]}
COMMAND: POST /session/365d56350ece7ddb67f22ecca89c6f97/element - {"using":"xpath","value":"//input[@id=\"application-managecontracts-display-component---AddNewContract--site-inner\"]"}
RESULT: {"using":"xpath","value":"//input[@id=\"application-managecontracts-display-component---AddNewContract--site-inner\"]"}
COMMAND: POST /session/365d56350ece7ddb67f22ecca89c6f97/element/f.0CFB565138F0704D782EF1C57C56E9E5.d.771F63DC7CB7DA0DE4F7FF658A9B835B.e.11546/clear - {}
RESULT: {}
COMMAND: POST /session/365d56350ece7ddb67f22ecca89c6f97/element/f.0CFB565138F0704D782EF1C57C56E9E5.d.771F63DC7CB7DA0DE4F7FF658A9B835B.e.11546/value - {"text":"2119"}
COMMAND: GET /session/365d56350ece7ddb67f22ecca89c6f97/screenshot - {}
RESULT: {"text":"2119"}
COMMAND: GET /session/365d56350ece7ddb67f22ecca89c6f97/screenshot - {}
RESULT: {}
RESULT: {}
COMMAND: POST /session/365d56350ece7ddb67f22ecca89c6f97/element - {"using":"xpath","value":"//li[.//span[text()='2119']]"}
RESULT: {"using":"xpath","value":"//li[.//span[text()='2119']]"}
COMMAND: POST /session/365d56350ece7ddb67f22ecca89c6f97/element/f.0CFB565138F0704D782EF1C57C56E9E5.d.771F63DC7CB7DA0DE4F7FF658A9B835B.e.11628/click - {}
RESULT: {}
COMMAND: GET /session/365d56350ece7ddb67f22ecca89c6f97/screenshot - {}
RESULT: {}
COMMAND: POST /session/365d56350ece7ddb67f22ecca89c6f97/element - {"using":"xpath","value":"//input[@id=\"application-managecontracts-display-component---AddNewContract--yardId-inner\"]"}
RESULT: {"using":"xpath","value":"//input[@id=\"application-managecontracts-display-component---AddNewContract--yardId-inner\"]"}
COMMAND: GET /session/365d56350ece7ddb67f22ecca89c6f97/element/f.0CFB565138F0704D782EF1C57C56E9E5.d.771F63DC7CB7DA0DE4F7FF658A9B835B.e.11547/property/value - {}
RESULT: {}
COMMAND: POST /session/365d56350ece7ddb67f22ecca89c6f97/element - {"using":"xpath","value":"//input[@id=\"application-managecontracts-display-component---AddNewContract--customerSelect-inner\"]"}
COMMAND: GET /session/365d56350ece7ddb67f22ecca89c6f97/screenshot - {}
RESULT: {"using":"xpath","value":"//input[@id=\"application-managecontracts-display-component---AddNewContract--customerSelect-inner\"]"}
COMMAND: POST /session/365d56350ece7ddb67f22ecca89c6f97/element/f.0CFB565138F0704D782EF1C57C56E9E5.d.771F63DC7CB7DA0DE4F7FF658A9B835B.e.11545/clear - {}
RESULT: {}
RESULT: {}
COMMAND: POST /session/365d56350ece7ddb67f22ecca89c6f97/element/f.0CFB565138F0704D782EF1C57C56E9E5.d.771F63DC7CB7DA0DE4F7FF658A9B835B.e.11545/value - {"text":"1126"}
COMMAND: GET /session/365d56350ece7ddb67f22ecca89c6f97/screenshot - {}
RESULT: {"text":"1126"}
COMMAND: GET /session/365d56350ece7ddb67f22ecca89c6f97/screenshot - {}
RESULT: {}
RESULT: {}
COMMAND: POST /session/365d56350ece7ddb67f22ecca89c6f97/element - {"using":"xpath","value":"//li[.//span[text()='1126']]"}
RESULT: {"using":"xpath","value":"//li[.//span[text()='1126']]"}
COMMAND: POST /session/365d56350ece7ddb67f22ecca89c6f97/element/f.0CFB565138F0704D782EF1C57C56E9E5.d.771F63DC7CB7DA0DE4F7FF658A9B835B.e.11631/click - {}
RESULT: {}
COMMAND: GET /session/365d56350ece7ddb67f22ecca89c6f97/screenshot - {}
RESULT: {}
COMMAND: POST /session/365d56350ece7ddb67f22ecca89c6f97/element - {"using":"xpath","value":"//button[@data-kt=\"saveButton\"]"}
RESULT: {"using":"xpath","value":"//button[@data-kt=\"saveButton\"]"}
COMMAND: POST /session/365d56350ece7ddb67f22ecca89c6f97/element/f.0CFB565138F0704D782EF1C57C56E9E5.d.771F63DC7CB7DA0DE4F7FF658A9B835B.e.11621/click - {}
RESULT: {}
COMMAND: GET /session/365d56350ece7ddb67f22ecca89c6f97/screenshot - {}
RESULT: {}
COMMAND: POST /session/365d56350ece7ddb67f22ecca89c6f97/element - {"using":"xpath","value":"//span[contains(@id ,\"contractDetailTitleNoExpanded\")]"}
RESULT: {"using":"xpath","value":"//span[contains(@id ,\"contractDetailTitleNoExpanded\")]"}
COMMAND: POST /session/365d56350ece7ddb67f22ecca89c6f97/elements - {"using":"xpath","value":"//span[contains(@id ,\"contractDetailTitleNoExpanded\")]"}
RESULT: {"using":"xpath","value":"//span[contains(@id ,\"contractDetailTitleNoExpanded\")]"}
COMMAND: POST /session/365d56350ece7ddb67f22ecca89c6f97/execute/sync - {"script":"<script> [56 bytes]","args":[{"element-6066-11e4-a52e-4f735466cecf":"f.0CFB565138F0704D782EF1C57C56E9E5.d.771F63DC7CB7DA0DE4F7FF658A9B835B.e.11707","ELEMENT":"f.0CFB565138F0704D782EF1C57C56E9E5.d.771F63DC7CB7DA0DE4F7FF658A9B835B.e.11707"}]}
RESULT: {"script":"<script> [56 bytes]","args":[{"element-6066-11e4-a52e-4f735466cecf":"f.0CFB565138F0704D782EF1C57C56E9E5.d.771F63DC7CB7DA0DE4F7FF658A9B835B.e.11707","ELEMENT":"f.0CFB565138F0704D782EF1C57C56E9E5.d.771F63DC7CB7DA0DE4F7FF658A9B835B.e.11707"}]}
COMMAND: GET /session/365d56350ece7ddb67f22ecca89c6f97/screenshot - {}
RESULT: {}
]]></system-out>
    </testcase>
    <testcase classname="chrome.136_0_7103_93.windows.Create_master_data_for_mixed_billing_&amp;_do_billing_calculation_US151661" name="Should add equipment to the contract" time="56.711">
      <system-out><![CDATA[
COMMAND: POST /session/365d56350ece7ddb67f22ecca89c6f97/element - {"using":"xpath","value":"//button[@data-kt=\"contractDetailEditBtnButton\"]"}
RESULT: {"using":"xpath","value":"//button[@data-kt=\"contractDetailEditBtnButton\"]"}
COMMAND: POST /session/365d56350ece7ddb67f22ecca89c6f97/element/f.0CFB565138F0704D782EF1C57C56E9E5.d.771F63DC7CB7DA0DE4F7FF658A9B835B.e.11710/click - {}
RESULT: {}
COMMAND: GET /session/365d56350ece7ddb67f22ecca89c6f97/screenshot - {}
RESULT: {}
COMMAND: POST /session/365d56350ece7ddb67f22ecca89c6f97/element - {"using":"xpath","value":"(//span[contains(text(), \"Additional Addresses\")])[2]"}
RESULT: {"using":"xpath","value":"(//span[contains(text(), \"Additional Addresses\")])[2]"}
COMMAND: POST /session/365d56350ece7ddb67f22ecca89c6f97/element/f.0CFB565138F0704D782EF1C57C56E9E5.d.771F63DC7CB7DA0DE4F7FF658A9B835B.e.11766/click - {}
RESULT: {}
COMMAND: GET /session/365d56350ece7ddb67f22ecca89c6f97/screenshot - {}
RESULT: {}
COMMAND: POST /session/365d56350ece7ddb67f22ecca89c6f97/element - {"using":"xpath","value":"//button[@data-kt=\"btnAddTableRowOverflowToolbarButton\"]"}
RESULT: {"using":"xpath","value":"//button[@data-kt=\"btnAddTableRowOverflowToolbarButton\"]"}
COMMAND: POST /session/365d56350ece7ddb67f22ecca89c6f97/element/f.0CFB565138F0704D782EF1C57C56E9E5.d.771F63DC7CB7DA0DE4F7FF658A9B835B.e.11770/click - {}
RESULT: {}
COMMAND: GET /session/365d56350ece7ddb67f22ecca89c6f97/screenshot - {}
RESULT: {}
COMMAND: POST /session/365d56350ece7ddb67f22ecca89c6f97/element - {"using":"xpath","value":"//div[(text() = 'Standard Entry' or . = 'Standard Entry')]"}
RESULT: {"using":"xpath","value":"//div[(text() = 'Standard Entry' or . = 'Standard Entry')]"}
COMMAND: POST /session/365d56350ece7ddb67f22ecca89c6f97/element/f.0CFB565138F0704D782EF1C57C56E9E5.d.771F63DC7CB7DA0DE4F7FF658A9B835B.e.11771/click - {}
RESULT: {}
COMMAND: GET /session/365d56350ece7ddb67f22ecca89c6f97/screenshot - {}
RESULT: {}
COMMAND: POST /session/365d56350ece7ddb67f22ecca89c6f97/element - {"using":"xpath","value":"//td[7]/div/div/input"}
RESULT: {"using":"xpath","value":"//td[7]/div/div/input"}
COMMAND: POST /session/365d56350ece7ddb67f22ecca89c6f97/element/f.0CFB565138F0704D782EF1C57C56E9E5.d.771F63DC7CB7DA0DE4F7FF658A9B835B.e.11780/clear - {}
RESULT: {}
COMMAND: POST /session/365d56350ece7ddb67f22ecca89c6f97/element/f.0CFB565138F0704D782EF1C57C56E9E5.d.771F63DC7CB7DA0DE4F7FF658A9B835B.e.11780/value - {"text":"RVFFWwmBr4"}
COMMAND: GET /session/365d56350ece7ddb67f22ecca89c6f97/screenshot - {}
RESULT: {"text":"RVFFWwmBr4"}
COMMAND: GET /session/365d56350ece7ddb67f22ecca89c6f97/screenshot - {}
RESULT: {}
RESULT: {}
COMMAND: POST /session/365d56350ece7ddb67f22ecca89c6f97/actions - {"actions":[{"id":"action45","type":"key","parameters":{},"actions":[{"type":"keyDown","value":""},{"type":"pause","duration":10},{"type":"keyUp","value":""}]}]}
RESULT: {"actions":[{"id":"action45","type":"key","parameters":{},"actions":[{"type":"keyDown","value":""},{"type":"pause","duration":10},{"type":"keyUp","value":""}]}]}
COMMAND: GET /session/365d56350ece7ddb67f22ecca89c6f97/screenshot - {}
COMMAND: POST /session/365d56350ece7ddb67f22ecca89c6f97/execute/sync - {"script":"<script> [276 bytes]","args":["No pricing information was found"]}
RESULT: {}
RESULT: {"script":"<script> [276 bytes]","args":["No pricing information was found"]}
COMMAND: POST /session/365d56350ece7ddb67f22ecca89c6f97/element - {"using":"xpath","value":"(//button[@data-kt=\"saveButton\"])[2]"}
COMMAND: GET /session/365d56350ece7ddb67f22ecca89c6f97/screenshot - {}
RESULT: {"using":"xpath","value":"(//button[@data-kt=\"saveButton\"])[2]"}
COMMAND: POST /session/365d56350ece7ddb67f22ecca89c6f97/element/f.0CFB565138F0704D782EF1C57C56E9E5.d.771F63DC7CB7DA0DE4F7FF658A9B835B.e.11795/click - {}
RESULT: {}
RESULT: {}
COMMAND: GET /session/365d56350ece7ddb67f22ecca89c6f97/screenshot - {}
RESULT: {}
COMMAND: POST /session/365d56350ece7ddb67f22ecca89c6f97/execute/sync - {"script":"<script> [276 bytes]","args":["Some contract items are having rental validity exceeding header rental validity"]}
RESULT: {"script":"<script> [276 bytes]","args":["Some contract items are having rental validity exceeding header rental validity"]}
COMMAND: GET /session/365d56350ece7ddb67f22ecca89c6f97/screenshot - {}
RESULT: {}
COMMAND: POST /session/365d56350ece7ddb67f22ecca89c6f97/element - {"using":"xpath","value":"//span[contains(@id ,\"contractItemsSmartTable-header-inner\")]"}
RESULT: {"using":"xpath","value":"//span[contains(@id ,\"contractItemsSmartTable-header-inner\")]"}
COMMAND: POST /session/365d56350ece7ddb67f22ecca89c6f97/elements - {"using":"xpath","value":"//span[contains(@id ,\"contractItemsSmartTable-header-inner\")]"}
RESULT: {"using":"xpath","value":"//span[contains(@id ,\"contractItemsSmartTable-header-inner\")]"}
COMMAND: POST /session/365d56350ece7ddb67f22ecca89c6f97/execute/sync - {"script":"<script> [56 bytes]","args":[{"element-6066-11e4-a52e-4f735466cecf":"f.0CFB565138F0704D782EF1C57C56E9E5.d.771F63DC7CB7DA0DE4F7FF658A9B835B.e.11797","ELEMENT":"f.0CFB565138F0704D782EF1C57C56E9E5.d.771F63DC7CB7DA0DE4F7FF658A9B835B.e.11797"}]}
RESULT: {"script":"<script> [56 bytes]","args":[{"element-6066-11e4-a52e-4f735466cecf":"f.0CFB565138F0704D782EF1C57C56E9E5.d.771F63DC7CB7DA0DE4F7FF658A9B835B.e.11797","ELEMENT":"f.0CFB565138F0704D782EF1C57C56E9E5.d.771F63DC7CB7DA0DE4F7FF658A9B835B.e.11797"}]}
COMMAND: GET /session/365d56350ece7ddb67f22ecca89c6f97/screenshot - {}
RESULT: {}
COMMAND: POST /session/365d56350ece7ddb67f22ecca89c6f97/execute/sync - {"script":"<script> [56 bytes]","args":[{"element-6066-11e4-a52e-4f735466cecf":"f.0CFB565138F0704D782EF1C57C56E9E5.d.771F63DC7CB7DA0DE4F7FF658A9B835B.e.11797","ELEMENT":"f.0CFB565138F0704D782EF1C57C56E9E5.d.771F63DC7CB7DA0DE4F7FF658A9B835B.e.11797"}]}
RESULT: {"script":"<script> [56 bytes]","args":[{"element-6066-11e4-a52e-4f735466cecf":"f.0CFB565138F0704D782EF1C57C56E9E5.d.771F63DC7CB7DA0DE4F7FF658A9B835B.e.11797","ELEMENT":"f.0CFB565138F0704D782EF1C57C56E9E5.d.771F63DC7CB7DA0DE4F7FF658A9B835B.e.11797"}]}
COMMAND: GET /session/365d56350ece7ddb67f22ecca89c6f97/screenshot - {}
RESULT: {}
COMMAND: POST /session/365d56350ece7ddb67f22ecca89c6f97/execute/sync - {"script":"<script> [56 bytes]","args":[{"element-6066-11e4-a52e-4f735466cecf":"f.0CFB565138F0704D782EF1C57C56E9E5.d.771F63DC7CB7DA0DE4F7FF658A9B835B.e.11797","ELEMENT":"f.0CFB565138F0704D782EF1C57C56E9E5.d.771F63DC7CB7DA0DE4F7FF658A9B835B.e.11797"}]}
RESULT: {"script":"<script> [56 bytes]","args":[{"element-6066-11e4-a52e-4f735466cecf":"f.0CFB565138F0704D782EF1C57C56E9E5.d.771F63DC7CB7DA0DE4F7FF658A9B835B.e.11797","ELEMENT":"f.0CFB565138F0704D782EF1C57C56E9E5.d.771F63DC7CB7DA0DE4F7FF658A9B835B.e.11797"}]}
COMMAND: GET /session/365d56350ece7ddb67f22ecca89c6f97/screenshot - {}
RESULT: {}
COMMAND: POST /session/365d56350ece7ddb67f22ecca89c6f97/execute/sync - {"script":"<script> [56 bytes]","args":[{"element-6066-11e4-a52e-4f735466cecf":"f.0CFB565138F0704D782EF1C57C56E9E5.d.771F63DC7CB7DA0DE4F7FF658A9B835B.e.11797","ELEMENT":"f.0CFB565138F0704D782EF1C57C56E9E5.d.771F63DC7CB7DA0DE4F7FF658A9B835B.e.11797"}]}
RESULT: {"script":"<script> [56 bytes]","args":[{"element-6066-11e4-a52e-4f735466cecf":"f.0CFB565138F0704D782EF1C57C56E9E5.d.771F63DC7CB7DA0DE4F7FF658A9B835B.e.11797","ELEMENT":"f.0CFB565138F0704D782EF1C57C56E9E5.d.771F63DC7CB7DA0DE4F7FF658A9B835B.e.11797"}]}
COMMAND: GET /session/365d56350ece7ddb67f22ecca89c6f97/screenshot - {}
RESULT: {}
COMMAND: POST /session/365d56350ece7ddb67f22ecca89c6f97/execute/sync - {"script":"<script> [56 bytes]","args":[{"element-6066-11e4-a52e-4f735466cecf":"f.0CFB565138F0704D782EF1C57C56E9E5.d.771F63DC7CB7DA0DE4F7FF658A9B835B.e.11797","ELEMENT":"f.0CFB565138F0704D782EF1C57C56E9E5.d.771F63DC7CB7DA0DE4F7FF658A9B835B.e.11797"}]}
RESULT: {"script":"<script> [56 bytes]","args":[{"element-6066-11e4-a52e-4f735466cecf":"f.0CFB565138F0704D782EF1C57C56E9E5.d.771F63DC7CB7DA0DE4F7FF658A9B835B.e.11797","ELEMENT":"f.0CFB565138F0704D782EF1C57C56E9E5.d.771F63DC7CB7DA0DE4F7FF658A9B835B.e.11797"}]}
COMMAND: GET /session/365d56350ece7ddb67f22ecca89c6f97/screenshot - {}
COMMAND: POST /session/365d56350ece7ddb67f22ecca89c6f97/execute/sync - {"script":"<script> [56 bytes]","args":[{"element-6066-11e4-a52e-4f735466cecf":"f.0CFB565138F0704D782EF1C57C56E9E5.d.771F63DC7CB7DA0DE4F7FF658A9B835B.e.11797","ELEMENT":"f.0CFB565138F0704D782EF1C57C56E9E5.d.771F63DC7CB7DA0DE4F7FF658A9B835B.e.11797"}]}
RESULT: {}
RESULT: {"script":"<script> [56 bytes]","args":[{"element-6066-11e4-a52e-4f735466cecf":"f.0CFB565138F0704D782EF1C57C56E9E5.d.771F63DC7CB7DA0DE4F7FF658A9B835B.e.11797","ELEMENT":"f.0CFB565138F0704D782EF1C57C56E9E5.d.771F63DC7CB7DA0DE4F7FF658A9B835B.e.11797"}]}
COMMAND: GET /session/365d56350ece7ddb67f22ecca89c6f97/screenshot - {}
RESULT: {}
COMMAND: POST /session/365d56350ece7ddb67f22ecca89c6f97/execute/sync - {"script":"<script> [56 bytes]","args":[{"element-6066-11e4-a52e-4f735466cecf":"f.0CFB565138F0704D782EF1C57C56E9E5.d.771F63DC7CB7DA0DE4F7FF658A9B835B.e.11797","ELEMENT":"f.0CFB565138F0704D782EF1C57C56E9E5.d.771F63DC7CB7DA0DE4F7FF658A9B835B.e.11797"}]}
RESULT: {"script":"<script> [56 bytes]","args":[{"element-6066-11e4-a52e-4f735466cecf":"f.0CFB565138F0704D782EF1C57C56E9E5.d.771F63DC7CB7DA0DE4F7FF658A9B835B.e.11797","ELEMENT":"f.0CFB565138F0704D782EF1C57C56E9E5.d.771F63DC7CB7DA0DE4F7FF658A9B835B.e.11797"}]}
COMMAND: GET /session/365d56350ece7ddb67f22ecca89c6f97/screenshot - {}
RESULT: {}
COMMAND: POST /session/365d56350ece7ddb67f22ecca89c6f97/execute/sync - {"script":"<script> [56 bytes]","args":[{"element-6066-11e4-a52e-4f735466cecf":"f.0CFB565138F0704D782EF1C57C56E9E5.d.771F63DC7CB7DA0DE4F7FF658A9B835B.e.11797","ELEMENT":"f.0CFB565138F0704D782EF1C57C56E9E5.d.771F63DC7CB7DA0DE4F7FF658A9B835B.e.11797"}]}
RESULT: {"script":"<script> [56 bytes]","args":[{"element-6066-11e4-a52e-4f735466cecf":"f.0CFB565138F0704D782EF1C57C56E9E5.d.771F63DC7CB7DA0DE4F7FF658A9B835B.e.11797","ELEMENT":"f.0CFB565138F0704D782EF1C57C56E9E5.d.771F63DC7CB7DA0DE4F7FF658A9B835B.e.11797"}]}
COMMAND: GET /session/365d56350ece7ddb67f22ecca89c6f97/screenshot - {}
RESULT: {}
COMMAND: POST /session/365d56350ece7ddb67f22ecca89c6f97/execute/sync - {"script":"<script> [56 bytes]","args":[{"element-6066-11e4-a52e-4f735466cecf":"f.0CFB565138F0704D782EF1C57C56E9E5.d.771F63DC7CB7DA0DE4F7FF658A9B835B.e.11797","ELEMENT":"f.0CFB565138F0704D782EF1C57C56E9E5.d.771F63DC7CB7DA0DE4F7FF658A9B835B.e.11797"}]}
RESULT: {"script":"<script> [56 bytes]","args":[{"element-6066-11e4-a52e-4f735466cecf":"f.0CFB565138F0704D782EF1C57C56E9E5.d.771F63DC7CB7DA0DE4F7FF658A9B835B.e.11797","ELEMENT":"f.0CFB565138F0704D782EF1C57C56E9E5.d.771F63DC7CB7DA0DE4F7FF658A9B835B.e.11797"}]}
COMMAND: GET /session/365d56350ece7ddb67f22ecca89c6f97/screenshot - {}
COMMAND: POST /session/365d56350ece7ddb67f22ecca89c6f97/execute/sync - {"script":"<script> [56 bytes]","args":[{"element-6066-11e4-a52e-4f735466cecf":"f.0CFB565138F0704D782EF1C57C56E9E5.d.771F63DC7CB7DA0DE4F7FF658A9B835B.e.11797","ELEMENT":"f.0CFB565138F0704D782EF1C57C56E9E5.d.771F63DC7CB7DA0DE4F7FF658A9B835B.e.11797"}]}
RESULT: {}
RESULT: {"script":"<script> [56 bytes]","args":[{"element-6066-11e4-a52e-4f735466cecf":"f.0CFB565138F0704D782EF1C57C56E9E5.d.771F63DC7CB7DA0DE4F7FF658A9B835B.e.11797","ELEMENT":"f.0CFB565138F0704D782EF1C57C56E9E5.d.771F63DC7CB7DA0DE4F7FF658A9B835B.e.11797"}]}
COMMAND: GET /session/365d56350ece7ddb67f22ecca89c6f97/screenshot - {}
COMMAND: POST /session/365d56350ece7ddb67f22ecca89c6f97/execute/sync - {"script":"<script> [56 bytes]","args":[{"element-6066-11e4-a52e-4f735466cecf":"f.0CFB565138F0704D782EF1C57C56E9E5.d.771F63DC7CB7DA0DE4F7FF658A9B835B.e.11797","ELEMENT":"f.0CFB565138F0704D782EF1C57C56E9E5.d.771F63DC7CB7DA0DE4F7FF658A9B835B.e.11797"}]}
RESULT: {"script":"<script> [56 bytes]","args":[{"element-6066-11e4-a52e-4f735466cecf":"f.0CFB565138F0704D782EF1C57C56E9E5.d.771F63DC7CB7DA0DE4F7FF658A9B835B.e.11797","ELEMENT":"f.0CFB565138F0704D782EF1C57C56E9E5.d.771F63DC7CB7DA0DE4F7FF658A9B835B.e.11797"}]}
COMMAND: GET /session/365d56350ece7ddb67f22ecca89c6f97/screenshot - {}
COMMAND: POST /session/365d56350ece7ddb67f22ecca89c6f97/execute/sync - {"script":"<script> [56 bytes]","args":[{"element-6066-11e4-a52e-4f735466cecf":"f.0CFB565138F0704D782EF1C57C56E9E5.d.771F63DC7CB7DA0DE4F7FF658A9B835B.e.11797","ELEMENT":"f.0CFB565138F0704D782EF1C57C56E9E5.d.771F63DC7CB7DA0DE4F7FF658A9B835B.e.11797"}]}
RESULT: {}
RESULT: {}
RESULT: {"script":"<script> [56 bytes]","args":[{"element-6066-11e4-a52e-4f735466cecf":"f.0CFB565138F0704D782EF1C57C56E9E5.d.771F63DC7CB7DA0DE4F7FF658A9B835B.e.11797","ELEMENT":"f.0CFB565138F0704D782EF1C57C56E9E5.d.771F63DC7CB7DA0DE4F7FF658A9B835B.e.11797"}]}
COMMAND: GET /session/365d56350ece7ddb67f22ecca89c6f97/screenshot - {}
COMMAND: POST /session/365d56350ece7ddb67f22ecca89c6f97/execute/sync - {"script":"<script> [56 bytes]","args":[{"element-6066-11e4-a52e-4f735466cecf":"f.0CFB565138F0704D782EF1C57C56E9E5.d.771F63DC7CB7DA0DE4F7FF658A9B835B.e.11797","ELEMENT":"f.0CFB565138F0704D782EF1C57C56E9E5.d.771F63DC7CB7DA0DE4F7FF658A9B835B.e.11797"}]}
RESULT: {}
RESULT: {"script":"<script> [56 bytes]","args":[{"element-6066-11e4-a52e-4f735466cecf":"f.0CFB565138F0704D782EF1C57C56E9E5.d.771F63DC7CB7DA0DE4F7FF658A9B835B.e.11797","ELEMENT":"f.0CFB565138F0704D782EF1C57C56E9E5.d.771F63DC7CB7DA0DE4F7FF658A9B835B.e.11797"}]}
COMMAND: POST /session/365d56350ece7ddb67f22ecca89c6f97/execute/sync - {"script":"<script> [56 bytes]","args":[{"element-6066-11e4-a52e-4f735466cecf":"f.0CFB565138F0704D782EF1C57C56E9E5.d.771F63DC7CB7DA0DE4F7FF658A9B835B.e.11797","ELEMENT":"f.0CFB565138F0704D782EF1C57C56E9E5.d.771F63DC7CB7DA0DE4F7FF658A9B835B.e.11797"}]}
COMMAND: GET /session/365d56350ece7ddb67f22ecca89c6f97/screenshot - {}
RESULT: {"script":"<script> [56 bytes]","args":[{"element-6066-11e4-a52e-4f735466cecf":"f.0CFB565138F0704D782EF1C57C56E9E5.d.771F63DC7CB7DA0DE4F7FF658A9B835B.e.11797","ELEMENT":"f.0CFB565138F0704D782EF1C57C56E9E5.d.771F63DC7CB7DA0DE4F7FF658A9B835B.e.11797"}]}
COMMAND: GET /session/365d56350ece7ddb67f22ecca89c6f97/screenshot - {}
COMMAND: POST /session/365d56350ece7ddb67f22ecca89c6f97/execute/sync - {"script":"<script> [56 bytes]","args":[{"element-6066-11e4-a52e-4f735466cecf":"f.0CFB565138F0704D782EF1C57C56E9E5.d.771F63DC7CB7DA0DE4F7FF658A9B835B.e.11797","ELEMENT":"f.0CFB565138F0704D782EF1C57C56E9E5.d.771F63DC7CB7DA0DE4F7FF658A9B835B.e.11797"}]}
RESULT: {}
RESULT: {}
RESULT: {"script":"<script> [56 bytes]","args":[{"element-6066-11e4-a52e-4f735466cecf":"f.0CFB565138F0704D782EF1C57C56E9E5.d.771F63DC7CB7DA0DE4F7FF658A9B835B.e.11797","ELEMENT":"f.0CFB565138F0704D782EF1C57C56E9E5.d.771F63DC7CB7DA0DE4F7FF658A9B835B.e.11797"}]}
COMMAND: POST /session/365d56350ece7ddb67f22ecca89c6f97/execute/sync - {"script":"<script> [56 bytes]","args":[{"element-6066-11e4-a52e-4f735466cecf":"f.0CFB565138F0704D782EF1C57C56E9E5.d.771F63DC7CB7DA0DE4F7FF658A9B835B.e.11797","ELEMENT":"f.0CFB565138F0704D782EF1C57C56E9E5.d.771F63DC7CB7DA0DE4F7FF658A9B835B.e.11797"}]}
COMMAND: GET /session/365d56350ece7ddb67f22ecca89c6f97/screenshot - {}
RESULT: {"script":"<script> [56 bytes]","args":[{"element-6066-11e4-a52e-4f735466cecf":"f.0CFB565138F0704D782EF1C57C56E9E5.d.771F63DC7CB7DA0DE4F7FF658A9B835B.e.11797","ELEMENT":"f.0CFB565138F0704D782EF1C57C56E9E5.d.771F63DC7CB7DA0DE4F7FF658A9B835B.e.11797"}]}
COMMAND: GET /session/365d56350ece7ddb67f22ecca89c6f97/screenshot - {}
COMMAND: POST /session/365d56350ece7ddb67f22ecca89c6f97/execute/sync - {"script":"<script> [56 bytes]","args":[{"element-6066-11e4-a52e-4f735466cecf":"f.0CFB565138F0704D782EF1C57C56E9E5.d.771F63DC7CB7DA0DE4F7FF658A9B835B.e.11797","ELEMENT":"f.0CFB565138F0704D782EF1C57C56E9E5.d.771F63DC7CB7DA0DE4F7FF658A9B835B.e.11797"}]}
RESULT: {}
RESULT: {"script":"<script> [56 bytes]","args":[{"element-6066-11e4-a52e-4f735466cecf":"f.0CFB565138F0704D782EF1C57C56E9E5.d.771F63DC7CB7DA0DE4F7FF658A9B835B.e.11797","ELEMENT":"f.0CFB565138F0704D782EF1C57C56E9E5.d.771F63DC7CB7DA0DE4F7FF658A9B835B.e.11797"}]}
]]></system-out>
    </testcase>
    <testcase classname="chrome.136_0_7103_93.windows.Create_master_data_for_mixed_billing_&amp;_do_billing_calculation_US151661" name="Should do a provide to site handover" time="68.83">
      <system-out><![CDATA[
COMMAND: POST /session/365d56350ece7ddb67f22ecca89c6f97/element - {"using":"xpath","value":"//button[@data-kt=\"provideButton\"]"}
COMMAND: GET /session/365d56350ece7ddb67f22ecca89c6f97/screenshot - {}
RESULT: {}
RESULT: {"using":"xpath","value":"//button[@data-kt=\"provideButton\"]"}
COMMAND: POST /session/365d56350ece7ddb67f22ecca89c6f97/element/f.0CFB565138F0704D782EF1C57C56E9E5.d.771F63DC7CB7DA0DE4F7FF658A9B835B.e.11802/click - {}
RESULT: {}
RESULT: {}
COMMAND: GET /session/365d56350ece7ddb67f22ecca89c6f97/screenshot - {}
RESULT: undefined
COMMAND: POST /session/365d56350ece7ddb67f22ecca89c6f97/execute/async - {"script":"<script> [6424 bytes]","args":[{"element-6066-11e4-a52e-4f735466cecf":"f.0CFB565138F0704D782EF1C57C56E9E5.d.771F63DC7CB7DA0DE4F7FF658A9B835B.e.10681"},"setValue",["5/25/25"]]}
RESULT: {}
COMMAND: POST /session/365d56350ece7ddb67f22ecca89c6f97/execute/async - {"script":"<script> [1562 bytes]","args":[{"selector":{"id":"application-managehandovers-display-component---AddNewHO--dueDate","interaction":{"idSuffix":"inner"}},"wdio_ui5_key":"applicationmanagehandovers-display-component---AddNewHO--dueDate"}]}
RESULT: {"script":"<script> [1562 bytes]","args":[{"selector":{"id":"application-managehandovers-display-component---AddNewHO--dueDate","interaction":{"idSuffix":"inner"}},"wdio_ui5_key":"applicationmanagehandovers-display-component---AddNewHO--dueDate"}]}
COMMAND: POST /session/365d56350ece7ddb67f22ecca89c6f97/execute/async - {"script":"<script> [6424 bytes]","args":[{"element-6066-11e4-a52e-4f735466cecf":"f.0CFB565138F0704D782EF1C57C56E9E5.d.771F63DC7CB7DA0DE4F7FF658A9B835B.e.11860"},"setValue",["5/25/25"]]}
RESULT: {"script":"<script> [6424 bytes]","args":[{"element-6066-11e4-a52e-4f735466cecf":"f.0CFB565138F0704D782EF1C57C56E9E5.d.771F63DC7CB7DA0DE4F7FF658A9B835B.e.11860"},"setValue",["5/25/25"]]}
COMMAND: POST /session/365d56350ece7ddb67f22ecca89c6f97/element - {"using":"xpath","value":"//bdi[contains(text(), \"Instructions\")]"}
RESULT: {"using":"xpath","value":"//bdi[contains(text(), \"Instructions\")]"}
COMMAND: POST /session/365d56350ece7ddb67f22ecca89c6f97/element/f.0CFB565138F0704D782EF1C57C56E9E5.d.771F63DC7CB7DA0DE4F7FF658A9B835B.e.11969/click - {}
RESULT: {}
COMMAND: GET /session/365d56350ece7ddb67f22ecca89c6f97/screenshot - {}
RESULT: {}
COMMAND: POST /session/365d56350ece7ddb67f22ecca89c6f97/element - {"using":"xpath","value":"//button[@data-kt=\"AddNewHOProvideAddItemsButton\"]"}
RESULT: {"using":"xpath","value":"//button[@data-kt=\"AddNewHOProvideAddItemsButton\"]"}
COMMAND: POST /session/365d56350ece7ddb67f22ecca89c6f97/element/f.0CFB565138F0704D782EF1C57C56E9E5.d.771F63DC7CB7DA0DE4F7FF658A9B835B.e.11975/click - {}
RESULT: {}
COMMAND: GET /session/365d56350ece7ddb67f22ecca89c6f97/screenshot - {}
RESULT: {}
RESULT: undefined
COMMAND: POST /session/365d56350ece7ddb67f22ecca89c6f97/element - {"using":"xpath","value":"//*[@id=\"application-managehandovers-display-component---AddNewHO--popup-sa\"]"}
RESULT: {"using":"xpath","value":"//*[@id=\"application-managehandovers-display-component---AddNewHO--popup-sa\"]"}
COMMAND: POST /session/365d56350ece7ddb67f22ecca89c6f97/element/f.0CFB565138F0704D782EF1C57C56E9E5.d.771F63DC7CB7DA0DE4F7FF658A9B835B.e.11979/click - {}
RESULT: {}
COMMAND: GET /session/365d56350ece7ddb67f22ecca89c6f97/screenshot - {}
RESULT: {}
COMMAND: POST /session/365d56350ece7ddb67f22ecca89c6f97/element - {"using":"xpath","value":"//*[contains(@id ,\"BDI-content\")][contains(text(), \"Select\")]"}
RESULT: {"using":"xpath","value":"//*[contains(@id ,\"BDI-content\")][contains(text(), \"Select\")]"}
COMMAND: POST /session/365d56350ece7ddb67f22ecca89c6f97/element/f.0CFB565138F0704D782EF1C57C56E9E5.d.771F63DC7CB7DA0DE4F7FF658A9B835B.e.11981/click - {}
RESULT: {}
COMMAND: GET /session/365d56350ece7ddb67f22ecca89c6f97/screenshot - {}
RESULT: {}
COMMAND: POST /session/365d56350ece7ddb67f22ecca89c6f97/execute/async - {"script":"<script> [1562 bytes]","args":[{"selector":{"id":"application-managehandovers-display-component---AddNewHO--confirmCreationButton","interaction":{"idSuffix":"BDI-content"}},"wdio_ui5_key":"applicationmanagehandovers-display-component---AddNewHO--confirmCreationButton"}]}
RESULT: {"script":"<script> [1562 bytes]","args":[{"selector":{"id":"application-managehandovers-display-component---AddNewHO--confirmCreationButton","interaction":{"idSuffix":"BDI-content"}},"wdio_ui5_key":"applicationmanagehandovers-display-component---AddNewHO--confirmCreationButton"}]}
RESULT: undefined
COMMAND: POST /session/365d56350ece7ddb67f22ecca89c6f97/element - {"using":"xpath","value":"//*[@id=\"application-managehandovers-display-component---AddNewHO--confirmCreationButton\"]"}
RESULT: {"using":"xpath","value":"//*[@id=\"application-managehandovers-display-component---AddNewHO--confirmCreationButton\"]"}
COMMAND: POST /session/365d56350ece7ddb67f22ecca89c6f97/element/f.0CFB565138F0704D782EF1C57C56E9E5.d.771F63DC7CB7DA0DE4F7FF658A9B835B.e.11930/click - {}
RESULT: {}
COMMAND: GET /session/365d56350ece7ddb67f22ecca89c6f97/screenshot - {}
RESULT: {}
COMMAND: POST /session/365d56350ece7ddb67f22ecca89c6f97/execute/async - {"script":"<script> [1562 bytes]","args":[{"selector":{"id":"issueDatePicker","viewName":"etm.portal.ui.managehandovers.view.DetailExecuteHO","interaction":{"idSuffix":"inner"}},"wdio_ui5_key":"issueDatePickeretmportal.ui.managehandovers.view.DetailExecuteHO"}]}
RESULT: {"script":"<script> [1562 bytes]","args":[{"selector":{"id":"issueDatePicker","viewName":"etm.portal.ui.managehandovers.view.DetailExecuteHO","interaction":{"idSuffix":"inner"}},"wdio_ui5_key":"issueDatePickeretmportal.ui.managehandovers.view.DetailExecuteHO"}]}
RESULT: undefined
COMMAND: POST /session/365d56350ece7ddb67f22ecca89c6f97/execute/async - {"script":"<script> [776 bytes]","args":[{"enterText":"5/25/25","selector":{"id":"issueDatePicker","viewName":"etm.portal.ui.managehandovers.view.DetailExecuteHO","interaction":{"idSuffix":"inner"}},"clearTextFirst":true,"interactionType":"ENTER_TEXT"}]}
RESULT: {"script":"<script> [776 bytes]","args":[{"enterText":"5/25/25","selector":{"id":"issueDatePicker","viewName":"etm.portal.ui.managehandovers.view.DetailExecuteHO","interaction":{"idSuffix":"inner"}},"clearTextFirst":true,"interactionType":"ENTER_TEXT"}]}
COMMAND: POST /session/365d56350ece7ddb67f22ecca89c6f97/element - {"using":"xpath","value":"//button[@data-kt=\"PickingTableConfirmAllButton\"]"}
RESULT: {"using":"xpath","value":"//button[@data-kt=\"PickingTableConfirmAllButton\"]"}
COMMAND: POST /session/365d56350ece7ddb67f22ecca89c6f97/element/f.0CFB565138F0704D782EF1C57C56E9E5.d.771F63DC7CB7DA0DE4F7FF658A9B835B.e.12043/click - {}
RESULT: {}
COMMAND: GET /session/365d56350ece7ddb67f22ecca89c6f97/screenshot - {}
RESULT: {}
COMMAND: POST /session/365d56350ece7ddb67f22ecca89c6f97/element - {"using":"xpath","value":"//bdi[contains(text(), \"OK\")]"}
RESULT: {"using":"xpath","value":"//bdi[contains(text(), \"OK\")]"}
COMMAND: POST /session/365d56350ece7ddb67f22ecca89c6f97/element/f.0CFB565138F0704D782EF1C57C56E9E5.d.771F63DC7CB7DA0DE4F7FF658A9B835B.e.12046/click - {}
RESULT: {}
COMMAND: GET /session/365d56350ece7ddb67f22ecca89c6f97/screenshot - {}
RESULT: {}
COMMAND: POST /session/365d56350ece7ddb67f22ecca89c6f97/element - {"using":"xpath","value":"//bdi[contains(text(), \"Issue\")]"}
RESULT: {"using":"xpath","value":"//bdi[contains(text(), \"Issue\")]"}
COMMAND: POST /session/365d56350ece7ddb67f22ecca89c6f97/element/f.0CFB565138F0704D782EF1C57C56E9E5.d.771F63DC7CB7DA0DE4F7FF658A9B835B.e.12048/click - {}
RESULT: {}
COMMAND: GET /session/365d56350ece7ddb67f22ecca89c6f97/screenshot - {}
RESULT: {}
COMMAND: POST /session/365d56350ece7ddb67f22ecca89c6f97/element - {"using":"css selector","value":"#shell-header-logo"}
RESULT: {"using":"css selector","value":"#shell-header-logo"}
COMMAND: POST /session/365d56350ece7ddb67f22ecca89c6f97/element/f.0CFB565138F0704D782EF1C57C56E9E5.d.771F63DC7CB7DA0DE4F7FF658A9B835B.e.11182/click - {}
RESULT: {}
COMMAND: GET /session/365d56350ece7ddb67f22ecca89c6f97/screenshot - {}
RESULT: {}
]]></system-out>
    </testcase>
    <testcase classname="chrome.136_0_7103_93.windows.Create_master_data_for_mixed_billing_&amp;_do_billing_calculation_US151661" name="Should create a few performance documents" time="104.637">
      <system-out><![CDATA[
COMMAND: POST /session/365d56350ece7ddb67f22ecca89c6f97/execute/async - {"script":"<script> [1562 bytes]","args":[{"selector":{"controlType":"sap.m.GenericTile","properties":{"header":"Manage States & Performance"}},"wdio_ui5_key":"sapm.GenericTile{\"header\":\"Manage States & Performance\"}"}]}
RESULT: {"script":"<script> [1562 bytes]","args":[{"selector":{"controlType":"sap.m.GenericTile","properties":{"header":"Manage States & Performance"}},"wdio_ui5_key":"sapm.GenericTile{\"header\":\"Manage States & Performance\"}"}]}
RESULT: undefined
COMMAND: POST /session/365d56350ece7ddb67f22ecca89c6f97/element - {"using":"xpath","value":"//*[@id=\"__tile56\"]"}
RESULT: {"using":"xpath","value":"//*[@id=\"__tile56\"]"}
COMMAND: POST /session/365d56350ece7ddb67f22ecca89c6f97/element/f.0CFB565138F0704D782EF1C57C56E9E5.d.771F63DC7CB7DA0DE4F7FF658A9B835B.e.5457/click - {}
RESULT: {}
COMMAND: GET /session/365d56350ece7ddb67f22ecca89c6f97/screenshot - {}
RESULT: {}
COMMAND: POST /session/365d56350ece7ddb67f22ecca89c6f97/elements - {"using":"xpath","value":"//span[text()='Error']"}
RESULT: {"using":"xpath","value":"//span[text()='Error']"}
COMMAND: POST /session/365d56350ece7ddb67f22ecca89c6f97/execute/async - {"script":"<script> [1562 bytes]","args":[{"selector":{"id":"application-managestatesandperformance-display-component---stateAndPerform--smartFilterBarResources-btnBasicSearch","interaction":{"idSuffix":"I"}},"wdio_ui5_key":"applicationmanagestatesandperformance-display-component---stateAndPerform--smartFilterBarResources-btnBasicSearch"}]}
RESULT: {"script":"<script> [1562 bytes]","args":[{"selector":{"id":"application-managestatesandperformance-display-component---stateAndPerform--smartFilterBarResources-btnBasicSearch","interaction":{"idSuffix":"I"}},"wdio_ui5_key":"applicationmanagestatesandperformance-display-component---stateAndPerform--smartFilterBarResources-btnBasicSearch"}]}
RESULT: undefined
COMMAND: POST /session/365d56350ece7ddb67f22ecca89c6f97/execute/async - {"script":"<script> [776 bytes]","args":[{"enterText":"RVFFWwmBr4","selector":{"id":"application-managestatesandperformance-display-component---stateAndPerform--smartFilterBarResources-btnBasicSearch","interaction":{"idSuffix":"I"}},"clearTextFirst":true,"interactionType":"ENTER_TEXT"}]}
RESULT: {"script":"<script> [776 bytes]","args":[{"enterText":"RVFFWwmBr4","selector":{"id":"application-managestatesandperformance-display-component---stateAndPerform--smartFilterBarResources-btnBasicSearch","interaction":{"idSuffix":"I"}},"clearTextFirst":true,"interactionType":"ENTER_TEXT"}]}
COMMAND: POST /session/365d56350ece7ddb67f22ecca89c6f97/actions - {"actions":[{"id":"action46","type":"key","parameters":{},"actions":[{"type":"keyDown","value":""},{"type":"pause","duration":10},{"type":"keyUp","value":""}]}]}
RESULT: {"actions":[{"id":"action46","type":"key","parameters":{},"actions":[{"type":"keyDown","value":""},{"type":"pause","duration":10},{"type":"keyUp","value":""}]}]}
COMMAND: GET /session/365d56350ece7ddb67f22ecca89c6f97/screenshot - {}
RESULT: {}
COMMAND: POST /session/365d56350ece7ddb67f22ecca89c6f97/execute/async - {"script":"<script> [1562 bytes]","args":[{"selector":{"id":"application-managestatesandperformance-display-component---stateAndPerform--stateAndPerformResourcesSmartTable-header"},"wdio_ui5_key":"applicationmanagestatesandperformance-display-component---stateAndPerform--stateAndPerformResourcesSmartTable-header"}]}
RESULT: {"script":"<script> [1562 bytes]","args":[{"selector":{"id":"application-managestatesandperformance-display-component---stateAndPerform--stateAndPerformResourcesSmartTable-header"},"wdio_ui5_key":"applicationmanagestatesandperformance-display-component---stateAndPerform--stateAndPerformResourcesSmartTable-header"}]}
RESULT: undefined
COMMAND: POST /session/365d56350ece7ddb67f22ecca89c6f97/execute/async - {"script":"<script> [6424 bytes]","args":[{"element-6066-11e4-a52e-4f735466cecf":"f.0CFB565138F0704D782EF1C57C56E9E5.d.771F63DC7CB7DA0DE4F7FF658A9B835B.e.12357"},"getText",[]]}
RESULT: {"script":"<script> [6424 bytes]","args":[{"element-6066-11e4-a52e-4f735466cecf":"f.0CFB565138F0704D782EF1C57C56E9E5.d.771F63DC7CB7DA0DE4F7FF658A9B835B.e.12357"},"getText",[]]}
COMMAND: POST /session/365d56350ece7ddb67f22ecca89c6f97/execute/async - {"script":"<script> [1562 bytes]","args":[{"selector":{"controlType":"sap.ui.core.Icon","viewName":"etm.portal.ui.managestatesandperformance.view.Master","viewId":"application-managestatesandperformance-display-component---stateAndPerform","properties":{"src":{"regex":{"source":"slim\\-arrow\\-right"}}}},"wdio_ui5_key":"etmportal.ui.managestatesandperformance.view.Mastersap.ui.core.Icon{\"src\":{\"regex\":{\"source\":\"slim\\\\-arrow\\\\-right\"}}}"}]}
RESULT: {"script":"<script> [1562 bytes]","args":[{"selector":{"controlType":"sap.ui.core.Icon","viewName":"etm.portal.ui.managestatesandperformance.view.Master","viewId":"application-managestatesandperformance-display-component---stateAndPerform","properties":{"src":{"regex":{"source":"slim\\-arrow\\-right"}}}},"wdio_ui5_key":"etmportal.ui.managestatesandperformance.view.Mastersap.ui.core.Icon{\"src\":{\"regex\":{\"source\":\"slim\\\\-arrow\\\\-right\"}}}"}]}
RESULT: undefined
COMMAND: POST /session/365d56350ece7ddb67f22ecca89c6f97/element - {"using":"xpath","value":"//*[@id=\"__item3649-__clone13247-imgNav\"]"}
RESULT: {"using":"xpath","value":"//*[@id=\"__item3649-__clone13247-imgNav\"]"}
COMMAND: POST /session/365d56350ece7ddb67f22ecca89c6f97/element/f.0CFB565138F0704D782EF1C57C56E9E5.d.771F63DC7CB7DA0DE4F7FF658A9B835B.e.12356/click - {}
RESULT: {}
COMMAND: GET /session/365d56350ece7ddb67f22ecca89c6f97/screenshot - {}
RESULT: {}
COMMAND: POST /session/365d56350ece7ddb67f22ecca89c6f97/execute/async - {"script":"<script> [1562 bytes]","args":[{"selector":{"controlType":"sap.m.Button","viewName":"etm.portal.ui.managestatesandperformance.view.Detail","viewId":"application-managestatesandperformance-display-component---detailStateAndPerform","properties":{"text":"Performance Documents"}},"wdio_ui5_key":"etmportal.ui.managestatesandperformance.view.Detailsap.m.Button{\"text\":\"Performance Documents\"}"}]}
RESULT: {"script":"<script> [1562 bytes]","args":[{"selector":{"controlType":"sap.m.Button","viewName":"etm.portal.ui.managestatesandperformance.view.Detail","viewId":"application-managestatesandperformance-display-component---detailStateAndPerform","properties":{"text":"Performance Documents"}},"wdio_ui5_key":"etmportal.ui.managestatesandperformance.view.Detailsap.m.Button{\"text\":\"Performance Documents\"}"}]}
RESULT: undefined
COMMAND: POST /session/365d56350ece7ddb67f22ecca89c6f97/element - {"using":"xpath","value":"//*[@id=\"__item3672-button\"]"}
RESULT: {"using":"xpath","value":"//*[@id=\"__item3672-button\"]"}
COMMAND: POST /session/365d56350ece7ddb67f22ecca89c6f97/element/f.0CFB565138F0704D782EF1C57C56E9E5.d.771F63DC7CB7DA0DE4F7FF658A9B835B.e.12403/click - {}
RESULT: {}
COMMAND: POST /session/365d56350ece7ddb67f22ecca89c6f97/execute/async - {"script":"<script> [1562 bytes]","args":[{"selector":{"controlType":"sap.m.Button","viewName":"etm.portal.ui.managestatesandperformance.view.Detail","viewId":"application-managestatesandperformance-display-component---detailStateAndPerform","i18NText":{"propertyName":"text","key":"createPerformanceDoc"},"interaction":{"idSuffix":"BDI-content"}},"wdio_ui5_key":"etmportal.ui.managestatesandperformance.view.Detailsap.m.Button{\"propertyName\":\"text\",\"key\":\"createPerformanceDoc\"}"}]}
COMMAND: GET /session/365d56350ece7ddb67f22ecca89c6f97/screenshot - {}
RESULT: {"script":"<script> [1562 bytes]","args":[{"selector":{"controlType":"sap.m.Button","viewName":"etm.portal.ui.managestatesandperformance.view.Detail","viewId":"application-managestatesandperformance-display-component---detailStateAndPerform","i18NText":{"propertyName":"text","key":"createPerformanceDoc"},"interaction":{"idSuffix":"BDI-content"}},"wdio_ui5_key":"etmportal.ui.managestatesandperformance.view.Detailsap.m.Button{\"propertyName\":\"text\",\"key\":\"createPerformanceDoc\"}"}]}
RESULT: undefined
COMMAND: POST /session/365d56350ece7ddb67f22ecca89c6f97/element - {"using":"xpath","value":"//*[@id=\"__button569\"]"}
RESULT: {}
RESULT: {"using":"xpath","value":"//*[@id=\"__button569\"]"}
COMMAND: POST /session/365d56350ece7ddb67f22ecca89c6f97/element/f.0CFB565138F0704D782EF1C57C56E9E5.d.771F63DC7CB7DA0DE4F7FF658A9B835B.e.12407/click - {}
RESULT: {}
COMMAND: POST /session/365d56350ece7ddb67f22ecca89c6f97/execute/async - {"script":"<script> [1562 bytes]","args":[{"selector":{"id":"application-managestatesandperformance-display-component---detailStateAndPerform--perfDocDatePicker","searchOpenDialogs":true,"interaction":{"idSuffix":"inner"}},"wdio_ui5_key":"applicationmanagestatesandperformance-display-component---detailStateAndPerform--perfDocDatePicker"}]}
COMMAND: GET /session/365d56350ece7ddb67f22ecca89c6f97/screenshot - {}
RESULT: {"script":"<script> [1562 bytes]","args":[{"selector":{"id":"application-managestatesandperformance-display-component---detailStateAndPerform--perfDocDatePicker","searchOpenDialogs":true,"interaction":{"idSuffix":"inner"}},"wdio_ui5_key":"applicationmanagestatesandperformance-display-component---detailStateAndPerform--perfDocDatePicker"}]}
RESULT: undefined
COMMAND: POST /session/365d56350ece7ddb67f22ecca89c6f97/execute/async - {"script":"<script> [776 bytes]","args":[{"enterText":"5/27/25","selector":{"id":"application-managestatesandperformance-display-component---detailStateAndPerform--perfDocDatePicker","searchOpenDialogs":true,"interaction":{"idSuffix":"inner"}},"clearTextFirst":true,"interactionType":"ENTER_TEXT"}]}
RESULT: {}
RESULT: {"script":"<script> [776 bytes]","args":[{"enterText":"5/27/25","selector":{"id":"application-managestatesandperformance-display-component---detailStateAndPerform--perfDocDatePicker","searchOpenDialogs":true,"interaction":{"idSuffix":"inner"}},"clearTextFirst":true,"interactionType":"ENTER_TEXT"}]}
COMMAND: POST /session/365d56350ece7ddb67f22ecca89c6f97/execute/async - {"script":"<script> [1562 bytes]","args":[{"selector":{"id":"application-managestatesandperformance-display-component---detailStateAndPerform--counterValue-input","searchOpenDialogs":true,"interaction":{"idSuffix":"inner"}},"wdio_ui5_key":"applicationmanagestatesandperformance-display-component---detailStateAndPerform--counterValue-input"}]}
RESULT: {"script":"<script> [1562 bytes]","args":[{"selector":{"id":"application-managestatesandperformance-display-component---detailStateAndPerform--counterValue-input","searchOpenDialogs":true,"interaction":{"idSuffix":"inner"}},"wdio_ui5_key":"applicationmanagestatesandperformance-display-component---detailStateAndPerform--counterValue-input"}]}
RESULT: undefined
COMMAND: POST /session/365d56350ece7ddb67f22ecca89c6f97/execute/async - {"script":"<script> [776 bytes]","args":[{"enterText":"15.00","selector":{"id":"application-managestatesandperformance-display-component---detailStateAndPerform--counterValue-input","searchOpenDialogs":true,"interaction":{"idSuffix":"inner"}},"clearTextFirst":true,"interactionType":"ENTER_TEXT"}]}
RESULT: {"script":"<script> [776 bytes]","args":[{"enterText":"15.00","selector":{"id":"application-managestatesandperformance-display-component---detailStateAndPerform--counterValue-input","searchOpenDialogs":true,"interaction":{"idSuffix":"inner"}},"clearTextFirst":true,"interactionType":"ENTER_TEXT"}]}
COMMAND: POST /session/365d56350ece7ddb67f22ecca89c6f97/execute/async - {"script":"<script> [1562 bytes]","args":[{"selector":{"controlType":"sap.m.Button","viewName":"etm.portal.ui.managestatesandperformance.view.Detail","viewId":"application-managestatesandperformance-display-component---detailStateAndPerform","bindingPath":{"path":"","propertyPath":"/allowAddEdit","modelName":"oScreenModel"},"searchOpenDialogs":true,"interaction":{"idSuffix":"BDI-content"}},"wdio_ui5_key":"etmportal.ui.managestatesandperformance.view.Detailsap.m.Button{\"path\":\"\",\"propertyPath\":\"/allowAddEdit\",\"modelName\":\"oScreenModel\"}"}]}
RESULT: {"script":"<script> [1562 bytes]","args":[{"selector":{"controlType":"sap.m.Button","viewName":"etm.portal.ui.managestatesandperformance.view.Detail","viewId":"application-managestatesandperformance-display-component---detailStateAndPerform","bindingPath":{"path":"","propertyPath":"/allowAddEdit","modelName":"oScreenModel"},"searchOpenDialogs":true,"interaction":{"idSuffix":"BDI-content"}},"wdio_ui5_key":"etmportal.ui.managestatesandperformance.view.Detailsap.m.Button{\"path\":\"\",\"propertyPath\":\"/allowAddEdit\",\"modelName\":\"oScreenModel\"}"}]}
RESULT: undefined
COMMAND: POST /session/365d56350ece7ddb67f22ecca89c6f97/element - {"using":"xpath","value":"//*[@id=\"__button576\"]"}
RESULT: {"using":"xpath","value":"//*[@id=\"__button576\"]"}
COMMAND: POST /session/365d56350ece7ddb67f22ecca89c6f97/element/f.0CFB565138F0704D782EF1C57C56E9E5.d.771F63DC7CB7DA0DE4F7FF658A9B835B.e.12428/click - {}
RESULT: {}
RESULT: undefined
COMMAND: POST /session/365d56350ece7ddb67f22ecca89c6f97/element - {"using":"xpath","value":"//*[@id=\"__button569\"]"}
COMMAND: GET /session/365d56350ece7ddb67f22ecca89c6f97/screenshot - {}
RESULT: {"using":"xpath","value":"//*[@id=\"__button569\"]"}
COMMAND: POST /session/365d56350ece7ddb67f22ecca89c6f97/element/f.0CFB565138F0704D782EF1C57C56E9E5.d.771F63DC7CB7DA0DE4F7FF658A9B835B.e.12407/click - {}
RESULT: {}
RESULT: {}
RESULT: undefined
COMMAND: POST /session/365d56350ece7ddb67f22ecca89c6f97/execute/async - {"script":"<script> [776 bytes]","args":[{"enterText":"5/31/25","selector":{"id":"application-managestatesandperformance-display-component---detailStateAndPerform--perfDocDatePicker","searchOpenDialogs":true,"interaction":{"idSuffix":"inner"}},"clearTextFirst":true,"interactionType":"ENTER_TEXT"}]}
COMMAND: GET /session/365d56350ece7ddb67f22ecca89c6f97/screenshot - {}
RESULT: {"script":"<script> [776 bytes]","args":[{"enterText":"5/31/25","selector":{"id":"application-managestatesandperformance-display-component---detailStateAndPerform--perfDocDatePicker","searchOpenDialogs":true,"interaction":{"idSuffix":"inner"}},"clearTextFirst":true,"interactionType":"ENTER_TEXT"}]}
RESULT: undefined
COMMAND: POST /session/365d56350ece7ddb67f22ecca89c6f97/execute/async - {"script":"<script> [776 bytes]","args":[{"enterText":"20.00","selector":{"id":"application-managestatesandperformance-display-component---detailStateAndPerform--counterValue-input","searchOpenDialogs":true,"interaction":{"idSuffix":"inner"}},"clearTextFirst":true,"interactionType":"ENTER_TEXT"}]}
RESULT: {}
RESULT: {"script":"<script> [776 bytes]","args":[{"enterText":"20.00","selector":{"id":"application-managestatesandperformance-display-component---detailStateAndPerform--counterValue-input","searchOpenDialogs":true,"interaction":{"idSuffix":"inner"}},"clearTextFirst":true,"interactionType":"ENTER_TEXT"}]}
COMMAND: POST /session/365d56350ece7ddb67f22ecca89c6f97/actions - {"actions":[{"id":"action47","type":"key","parameters":{},"actions":[{"type":"keyDown","value":""},{"type":"keyDown","value":""},{"type":"pause","duration":10},{"type":"keyUp","value":""},{"type":"keyUp","value":""}]}]}
RESULT: {"actions":[{"id":"action47","type":"key","parameters":{},"actions":[{"type":"keyDown","value":""},{"type":"keyDown","value":""},{"type":"pause","duration":10},{"type":"keyUp","value":""},{"type":"keyUp","value":""}]}]}
COMMAND: POST /session/365d56350ece7ddb67f22ecca89c6f97/actions - {"actions":[{"id":"action48","type":"key","parameters":{},"actions":[{"type":"keyDown","value":""},{"type":"pause","duration":10},{"type":"keyUp","value":""}]}]}
COMMAND: GET /session/365d56350ece7ddb67f22ecca89c6f97/screenshot - {}
RESULT: {"actions":[{"id":"action48","type":"key","parameters":{},"actions":[{"type":"keyDown","value":""},{"type":"pause","duration":10},{"type":"keyUp","value":""}]}]}
RESULT: undefined
COMMAND: POST /session/365d56350ece7ddb67f22ecca89c6f97/element - {"using":"xpath","value":"//*[@id=\"__button576\"]"}
COMMAND: GET /session/365d56350ece7ddb67f22ecca89c6f97/screenshot - {}
RESULT: {}
RESULT: {"using":"xpath","value":"//*[@id=\"__button576\"]"}
COMMAND: POST /session/365d56350ece7ddb67f22ecca89c6f97/elements - {"using":"xpath","value":"//*[@id=\"__button576\"]"}
RESULT: {}
RESULT: {"using":"xpath","value":"//*[@id=\"__button576\"]"}
COMMAND: POST /session/365d56350ece7ddb67f22ecca89c6f97/elements - {"using":"xpath","value":"//*[@id=\"__button576\"]"}
RESULT: {"using":"xpath","value":"//*[@id=\"__button576\"]"}
COMMAND: POST /session/365d56350ece7ddb67f22ecca89c6f97/elements - {"using":"xpath","value":"//*[@id=\"__button576\"]"}
RESULT: {"using":"xpath","value":"//*[@id=\"__button576\"]"}
COMMAND: POST /session/365d56350ece7ddb67f22ecca89c6f97/elements - {"using":"xpath","value":"//*[@id=\"__button576\"]"}
RESULT: {"using":"xpath","value":"//*[@id=\"__button576\"]"}
COMMAND: POST /session/365d56350ece7ddb67f22ecca89c6f97/elements - {"using":"xpath","value":"//*[@id=\"__button576\"]"}
RESULT: {"using":"xpath","value":"//*[@id=\"__button576\"]"}
COMMAND: POST /session/365d56350ece7ddb67f22ecca89c6f97/elements - {"using":"xpath","value":"//*[@id=\"__button576\"]"}
RESULT: {"using":"xpath","value":"//*[@id=\"__button576\"]"}
COMMAND: POST /session/365d56350ece7ddb67f22ecca89c6f97/elements - {"using":"xpath","value":"//*[@id=\"__button576\"]"}
RESULT: {"using":"xpath","value":"//*[@id=\"__button576\"]"}
COMMAND: POST /session/365d56350ece7ddb67f22ecca89c6f97/elements - {"using":"xpath","value":"//*[@id=\"__button576\"]"}
RESULT: {"using":"xpath","value":"//*[@id=\"__button576\"]"}
COMMAND: POST /session/365d56350ece7ddb67f22ecca89c6f97/elements - {"using":"xpath","value":"//*[@id=\"__button576\"]"}
RESULT: {"using":"xpath","value":"//*[@id=\"__button576\"]"}
COMMAND: POST /session/365d56350ece7ddb67f22ecca89c6f97/elements - {"using":"xpath","value":"//*[@id=\"__button576\"]"}
RESULT: {"using":"xpath","value":"//*[@id=\"__button576\"]"}
COMMAND: POST /session/365d56350ece7ddb67f22ecca89c6f97/elements - {"using":"xpath","value":"//*[@id=\"__button576\"]"}
RESULT: {"using":"xpath","value":"//*[@id=\"__button576\"]"}
COMMAND: POST /session/365d56350ece7ddb67f22ecca89c6f97/elements - {"using":"xpath","value":"//*[@id=\"__button576\"]"}
RESULT: {"using":"xpath","value":"//*[@id=\"__button576\"]"}
COMMAND: POST /session/365d56350ece7ddb67f22ecca89c6f97/elements - {"using":"xpath","value":"//*[@id=\"__button576\"]"}
RESULT: {"using":"xpath","value":"//*[@id=\"__button576\"]"}
COMMAND: POST /session/365d56350ece7ddb67f22ecca89c6f97/elements - {"using":"xpath","value":"//*[@id=\"__button576\"]"}
RESULT: {"using":"xpath","value":"//*[@id=\"__button576\"]"}
COMMAND: POST /session/365d56350ece7ddb67f22ecca89c6f97/elements - {"using":"xpath","value":"//*[@id=\"__button576\"]"}
RESULT: {"using":"xpath","value":"//*[@id=\"__button576\"]"}
COMMAND: POST /session/365d56350ece7ddb67f22ecca89c6f97/elements - {"using":"xpath","value":"//*[@id=\"__button576\"]"}
RESULT: {"using":"xpath","value":"//*[@id=\"__button576\"]"}
COMMAND: POST /session/365d56350ece7ddb67f22ecca89c6f97/elements - {"using":"xpath","value":"//*[@id=\"__button576\"]"}
RESULT: {"using":"xpath","value":"//*[@id=\"__button576\"]"}
COMMAND: POST /session/365d56350ece7ddb67f22ecca89c6f97/elements - {"using":"xpath","value":"//*[@id=\"__button576\"]"}
RESULT: {"using":"xpath","value":"//*[@id=\"__button576\"]"}
COMMAND: POST /session/365d56350ece7ddb67f22ecca89c6f97/elements - {"using":"xpath","value":"//*[@id=\"__button576\"]"}
RESULT: {"using":"xpath","value":"//*[@id=\"__button576\"]"}
COMMAND: POST /session/365d56350ece7ddb67f22ecca89c6f97/elements - {"using":"xpath","value":"//*[@id=\"__button576\"]"}
RESULT: {"using":"xpath","value":"//*[@id=\"__button576\"]"}
COMMAND: POST /session/365d56350ece7ddb67f22ecca89c6f97/elements - {"using":"xpath","value":"//*[@id=\"__button576\"]"}
RESULT: {"using":"xpath","value":"//*[@id=\"__button576\"]"}
COMMAND: POST /session/365d56350ece7ddb67f22ecca89c6f97/elements - {"using":"xpath","value":"//*[@id=\"__button576\"]"}
RESULT: {"using":"xpath","value":"//*[@id=\"__button576\"]"}
COMMAND: POST /session/365d56350ece7ddb67f22ecca89c6f97/elements - {"using":"xpath","value":"//*[@id=\"__button576\"]"}
RESULT: {"using":"xpath","value":"//*[@id=\"__button576\"]"}
COMMAND: POST /session/365d56350ece7ddb67f22ecca89c6f97/elements - {"using":"xpath","value":"//*[@id=\"__button576\"]"}
RESULT: {"using":"xpath","value":"//*[@id=\"__button576\"]"}
COMMAND: POST /session/365d56350ece7ddb67f22ecca89c6f97/elements - {"using":"xpath","value":"//*[@id=\"__button576\"]"}
RESULT: {"using":"xpath","value":"//*[@id=\"__button576\"]"}
COMMAND: POST /session/365d56350ece7ddb67f22ecca89c6f97/elements - {"using":"xpath","value":"//*[@id=\"__button576\"]"}
RESULT: {"using":"xpath","value":"//*[@id=\"__button576\"]"}
COMMAND: POST /session/365d56350ece7ddb67f22ecca89c6f97/elements - {"using":"xpath","value":"//*[@id=\"__button576\"]"}
RESULT: {"using":"xpath","value":"//*[@id=\"__button576\"]"}
COMMAND: POST /session/365d56350ece7ddb67f22ecca89c6f97/elements - {"using":"xpath","value":"//*[@id=\"__button576\"]"}
RESULT: {"using":"xpath","value":"//*[@id=\"__button576\"]"}
COMMAND: POST /session/365d56350ece7ddb67f22ecca89c6f97/elements - {"using":"xpath","value":"//*[@id=\"__button576\"]"}
RESULT: {"using":"xpath","value":"//*[@id=\"__button576\"]"}
COMMAND: POST /session/365d56350ece7ddb67f22ecca89c6f97/elements - {"using":"xpath","value":"//*[@id=\"__button576\"]"}
RESULT: {"using":"xpath","value":"//*[@id=\"__button576\"]"}
COMMAND: POST /session/365d56350ece7ddb67f22ecca89c6f97/elements - {"using":"xpath","value":"//*[@id=\"__button576\"]"}
RESULT: {"using":"xpath","value":"//*[@id=\"__button576\"]"}
COMMAND: POST /session/365d56350ece7ddb67f22ecca89c6f97/elements - {"using":"xpath","value":"//*[@id=\"__button576\"]"}
RESULT: {"using":"xpath","value":"//*[@id=\"__button576\"]"}
COMMAND: POST /session/365d56350ece7ddb67f22ecca89c6f97/elements - {"using":"xpath","value":"//*[@id=\"__button576\"]"}
RESULT: {"using":"xpath","value":"//*[@id=\"__button576\"]"}
COMMAND: POST /session/365d56350ece7ddb67f22ecca89c6f97/elements - {"using":"xpath","value":"//*[@id=\"__button576\"]"}
RESULT: {"using":"xpath","value":"//*[@id=\"__button576\"]"}
COMMAND: POST /session/365d56350ece7ddb67f22ecca89c6f97/elements - {"using":"xpath","value":"//*[@id=\"__button576\"]"}
RESULT: {"using":"xpath","value":"//*[@id=\"__button576\"]"}
COMMAND: POST /session/365d56350ece7ddb67f22ecca89c6f97/elements - {"using":"xpath","value":"//*[@id=\"__button576\"]"}
RESULT: {"using":"xpath","value":"//*[@id=\"__button576\"]"}
COMMAND: POST /session/365d56350ece7ddb67f22ecca89c6f97/elements - {"using":"xpath","value":"//*[@id=\"__button576\"]"}
RESULT: {"using":"xpath","value":"//*[@id=\"__button576\"]"}
COMMAND: POST /session/365d56350ece7ddb67f22ecca89c6f97/elements - {"using":"xpath","value":"//*[@id=\"__button576\"]"}
RESULT: {"using":"xpath","value":"//*[@id=\"__button576\"]"}
COMMAND: POST /session/365d56350ece7ddb67f22ecca89c6f97/elements - {"using":"xpath","value":"//*[@id=\"__button576\"]"}
RESULT: {"using":"xpath","value":"//*[@id=\"__button576\"]"}
COMMAND: POST /session/365d56350ece7ddb67f22ecca89c6f97/elements - {"using":"xpath","value":"//*[@id=\"__button576\"]"}
RESULT: {"using":"xpath","value":"//*[@id=\"__button576\"]"}
COMMAND: POST /session/365d56350ece7ddb67f22ecca89c6f97/elements - {"using":"xpath","value":"//*[@id=\"__button576\"]"}
RESULT: {"using":"xpath","value":"//*[@id=\"__button576\"]"}
COMMAND: POST /session/365d56350ece7ddb67f22ecca89c6f97/elements - {"using":"xpath","value":"//*[@id=\"__button576\"]"}
RESULT: {"using":"xpath","value":"//*[@id=\"__button576\"]"}
COMMAND: POST /session/365d56350ece7ddb67f22ecca89c6f97/elements - {"using":"xpath","value":"//*[@id=\"__button576\"]"}
RESULT: {"using":"xpath","value":"//*[@id=\"__button576\"]"}
COMMAND: POST /session/365d56350ece7ddb67f22ecca89c6f97/elements - {"using":"xpath","value":"//*[@id=\"__button576\"]"}
RESULT: {"using":"xpath","value":"//*[@id=\"__button576\"]"}
COMMAND: POST /session/365d56350ece7ddb67f22ecca89c6f97/elements - {"using":"xpath","value":"//*[@id=\"__button576\"]"}
RESULT: {"using":"xpath","value":"//*[@id=\"__button576\"]"}
COMMAND: POST /session/365d56350ece7ddb67f22ecca89c6f97/elements - {"using":"xpath","value":"//*[@id=\"__button576\"]"}
RESULT: {"using":"xpath","value":"//*[@id=\"__button576\"]"}
COMMAND: POST /session/365d56350ece7ddb67f22ecca89c6f97/elements - {"using":"xpath","value":"//*[@id=\"__button576\"]"}
RESULT: {"using":"xpath","value":"//*[@id=\"__button576\"]"}
COMMAND: POST /session/365d56350ece7ddb67f22ecca89c6f97/elements - {"using":"xpath","value":"//*[@id=\"__button576\"]"}
RESULT: {"using":"xpath","value":"//*[@id=\"__button576\"]"}
COMMAND: POST /session/365d56350ece7ddb67f22ecca89c6f97/elements - {"using":"xpath","value":"//*[@id=\"__button576\"]"}
RESULT: {"using":"xpath","value":"//*[@id=\"__button576\"]"}
COMMAND: POST /session/365d56350ece7ddb67f22ecca89c6f97/elements - {"using":"xpath","value":"//*[@id=\"__button576\"]"}
RESULT: {"using":"xpath","value":"//*[@id=\"__button576\"]"}
COMMAND: POST /session/365d56350ece7ddb67f22ecca89c6f97/elements - {"using":"xpath","value":"//*[@id=\"__button576\"]"}
RESULT: {"using":"xpath","value":"//*[@id=\"__button576\"]"}
COMMAND: POST /session/365d56350ece7ddb67f22ecca89c6f97/elements - {"using":"xpath","value":"//*[@id=\"__button576\"]"}
RESULT: {"using":"xpath","value":"//*[@id=\"__button576\"]"}
COMMAND: POST /session/365d56350ece7ddb67f22ecca89c6f97/elements - {"using":"xpath","value":"//*[@id=\"__button576\"]"}
RESULT: {"using":"xpath","value":"//*[@id=\"__button576\"]"}
COMMAND: POST /session/365d56350ece7ddb67f22ecca89c6f97/elements - {"using":"xpath","value":"//*[@id=\"__button576\"]"}
RESULT: {"using":"xpath","value":"//*[@id=\"__button576\"]"}
COMMAND: POST /session/365d56350ece7ddb67f22ecca89c6f97/elements - {"using":"xpath","value":"//*[@id=\"__button576\"]"}
RESULT: {"using":"xpath","value":"//*[@id=\"__button576\"]"}
COMMAND: POST /session/365d56350ece7ddb67f22ecca89c6f97/elements - {"using":"xpath","value":"//*[@id=\"__button576\"]"}
RESULT: {"using":"xpath","value":"//*[@id=\"__button576\"]"}
COMMAND: POST /session/365d56350ece7ddb67f22ecca89c6f97/elements - {"using":"xpath","value":"//*[@id=\"__button576\"]"}
RESULT: {"using":"xpath","value":"//*[@id=\"__button576\"]"}
COMMAND: POST /session/365d56350ece7ddb67f22ecca89c6f97/elements - {"using":"xpath","value":"//*[@id=\"__button576\"]"}
RESULT: {"using":"xpath","value":"//*[@id=\"__button576\"]"}
COMMAND: POST /session/365d56350ece7ddb67f22ecca89c6f97/elements - {"using":"xpath","value":"//*[@id=\"__button576\"]"}
RESULT: {"using":"xpath","value":"//*[@id=\"__button576\"]"}
COMMAND: POST /session/365d56350ece7ddb67f22ecca89c6f97/elements - {"using":"xpath","value":"//*[@id=\"__button576\"]"}
RESULT: {"using":"xpath","value":"//*[@id=\"__button576\"]"}
COMMAND: POST /session/365d56350ece7ddb67f22ecca89c6f97/elements - {"using":"xpath","value":"//*[@id=\"__button576\"]"}
RESULT: {"using":"xpath","value":"//*[@id=\"__button576\"]"}
COMMAND: POST /session/365d56350ece7ddb67f22ecca89c6f97/elements - {"using":"xpath","value":"//*[@id=\"__button576\"]"}
RESULT: {"using":"xpath","value":"//*[@id=\"__button576\"]"}
COMMAND: POST /session/365d56350ece7ddb67f22ecca89c6f97/elements - {"using":"xpath","value":"//*[@id=\"__button576\"]"}
RESULT: {"using":"xpath","value":"//*[@id=\"__button576\"]"}
COMMAND: POST /session/365d56350ece7ddb67f22ecca89c6f97/elements - {"using":"xpath","value":"//*[@id=\"__button576\"]"}
RESULT: {"using":"xpath","value":"//*[@id=\"__button576\"]"}
COMMAND: POST /session/365d56350ece7ddb67f22ecca89c6f97/elements - {"using":"xpath","value":"//*[@id=\"__button576\"]"}
RESULT: {"using":"xpath","value":"//*[@id=\"__button576\"]"}
COMMAND: POST /session/365d56350ece7ddb67f22ecca89c6f97/elements - {"using":"xpath","value":"//*[@id=\"__button576\"]"}
RESULT: {"using":"xpath","value":"//*[@id=\"__button576\"]"}
COMMAND: POST /session/365d56350ece7ddb67f22ecca89c6f97/elements - {"using":"xpath","value":"//*[@id=\"__button576\"]"}
RESULT: {"using":"xpath","value":"//*[@id=\"__button576\"]"}
COMMAND: POST /session/365d56350ece7ddb67f22ecca89c6f97/elements - {"using":"xpath","value":"//*[@id=\"__button576\"]"}
RESULT: {"using":"xpath","value":"//*[@id=\"__button576\"]"}
COMMAND: POST /session/365d56350ece7ddb67f22ecca89c6f97/elements - {"using":"xpath","value":"//*[@id=\"__button576\"]"}
RESULT: {"using":"xpath","value":"//*[@id=\"__button576\"]"}
COMMAND: POST /session/365d56350ece7ddb67f22ecca89c6f97/elements - {"using":"xpath","value":"//*[@id=\"__button576\"]"}
RESULT: {"using":"xpath","value":"//*[@id=\"__button576\"]"}
COMMAND: POST /session/365d56350ece7ddb67f22ecca89c6f97/elements - {"using":"xpath","value":"//*[@id=\"__button576\"]"}
RESULT: {"using":"xpath","value":"//*[@id=\"__button576\"]"}
COMMAND: POST /session/365d56350ece7ddb67f22ecca89c6f97/elements - {"using":"xpath","value":"//*[@id=\"__button576\"]"}
RESULT: {"using":"xpath","value":"//*[@id=\"__button576\"]"}
COMMAND: POST /session/365d56350ece7ddb67f22ecca89c6f97/elements - {"using":"xpath","value":"//*[@id=\"__button576\"]"}
RESULT: {"using":"xpath","value":"//*[@id=\"__button576\"]"}
COMMAND: POST /session/365d56350ece7ddb67f22ecca89c6f97/elements - {"using":"xpath","value":"//*[@id=\"__button576\"]"}
RESULT: {"using":"xpath","value":"//*[@id=\"__button576\"]"}
COMMAND: POST /session/365d56350ece7ddb67f22ecca89c6f97/elements - {"using":"xpath","value":"//*[@id=\"__button576\"]"}
RESULT: {"using":"xpath","value":"//*[@id=\"__button576\"]"}
COMMAND: POST /session/365d56350ece7ddb67f22ecca89c6f97/elements - {"using":"xpath","value":"//*[@id=\"__button576\"]"}
RESULT: {"using":"xpath","value":"//*[@id=\"__button576\"]"}
COMMAND: POST /session/365d56350ece7ddb67f22ecca89c6f97/elements - {"using":"xpath","value":"//*[@id=\"__button576\"]"}
RESULT: {"using":"xpath","value":"//*[@id=\"__button576\"]"}
COMMAND: POST /session/365d56350ece7ddb67f22ecca89c6f97/elements - {"using":"xpath","value":"//*[@id=\"__button576\"]"}
RESULT: {"using":"xpath","value":"//*[@id=\"__button576\"]"}
COMMAND: POST /session/365d56350ece7ddb67f22ecca89c6f97/elements - {"using":"xpath","value":"//*[@id=\"__button576\"]"}
RESULT: {"using":"xpath","value":"//*[@id=\"__button576\"]"}
COMMAND: POST /session/365d56350ece7ddb67f22ecca89c6f97/elements - {"using":"xpath","value":"//*[@id=\"__button576\"]"}
RESULT: {"using":"xpath","value":"//*[@id=\"__button576\"]"}
COMMAND: POST /session/365d56350ece7ddb67f22ecca89c6f97/elements - {"using":"xpath","value":"//*[@id=\"__button576\"]"}
RESULT: {"using":"xpath","value":"//*[@id=\"__button576\"]"}
COMMAND: POST /session/365d56350ece7ddb67f22ecca89c6f97/elements - {"using":"xpath","value":"//*[@id=\"__button576\"]"}
RESULT: {"using":"xpath","value":"//*[@id=\"__button576\"]"}
COMMAND: POST /session/365d56350ece7ddb67f22ecca89c6f97/elements - {"using":"xpath","value":"//*[@id=\"__button576\"]"}
RESULT: {"using":"xpath","value":"//*[@id=\"__button576\"]"}
COMMAND: POST /session/365d56350ece7ddb67f22ecca89c6f97/elements - {"using":"xpath","value":"//*[@id=\"__button576\"]"}
RESULT: {"using":"xpath","value":"//*[@id=\"__button576\"]"}
COMMAND: POST /session/365d56350ece7ddb67f22ecca89c6f97/elements - {"using":"xpath","value":"//*[@id=\"__button576\"]"}
RESULT: {"using":"xpath","value":"//*[@id=\"__button576\"]"}
COMMAND: POST /session/365d56350ece7ddb67f22ecca89c6f97/elements - {"using":"xpath","value":"//*[@id=\"__button576\"]"}
RESULT: {"using":"xpath","value":"//*[@id=\"__button576\"]"}
COMMAND: POST /session/365d56350ece7ddb67f22ecca89c6f97/elements - {"using":"xpath","value":"//*[@id=\"__button576\"]"}
RESULT: {"using":"xpath","value":"//*[@id=\"__button576\"]"}
COMMAND: POST /session/365d56350ece7ddb67f22ecca89c6f97/elements - {"using":"xpath","value":"//*[@id=\"__button576\"]"}
RESULT: {"using":"xpath","value":"//*[@id=\"__button576\"]"}
COMMAND: POST /session/365d56350ece7ddb67f22ecca89c6f97/elements - {"using":"xpath","value":"//*[@id=\"__button576\"]"}
RESULT: {"using":"xpath","value":"//*[@id=\"__button576\"]"}
COMMAND: POST /session/365d56350ece7ddb67f22ecca89c6f97/elements - {"using":"xpath","value":"//*[@id=\"__button576\"]"}
RESULT: {"using":"xpath","value":"//*[@id=\"__button576\"]"}
COMMAND: POST /session/365d56350ece7ddb67f22ecca89c6f97/elements - {"using":"xpath","value":"//*[@id=\"__button576\"]"}
RESULT: {"using":"xpath","value":"//*[@id=\"__button576\"]"}
COMMAND: POST /session/365d56350ece7ddb67f22ecca89c6f97/elements - {"using":"xpath","value":"//*[@id=\"__button576\"]"}
RESULT: {"using":"xpath","value":"//*[@id=\"__button576\"]"}
COMMAND: POST /session/365d56350ece7ddb67f22ecca89c6f97/elements - {"using":"xpath","value":"//*[@id=\"__button576\"]"}
RESULT: {"using":"xpath","value":"//*[@id=\"__button576\"]"}
COMMAND: POST /session/365d56350ece7ddb67f22ecca89c6f97/elements - {"using":"xpath","value":"//*[@id=\"__button576\"]"}
RESULT: {"using":"xpath","value":"//*[@id=\"__button576\"]"}
COMMAND: POST /session/365d56350ece7ddb67f22ecca89c6f97/elements - {"using":"xpath","value":"//*[@id=\"__button576\"]"}
RESULT: {"using":"xpath","value":"//*[@id=\"__button576\"]"}
COMMAND: POST /session/365d56350ece7ddb67f22ecca89c6f97/elements - {"using":"xpath","value":"//*[@id=\"__button576\"]"}
RESULT: {"using":"xpath","value":"//*[@id=\"__button576\"]"}
COMMAND: POST /session/365d56350ece7ddb67f22ecca89c6f97/elements - {"using":"xpath","value":"//*[@id=\"__button576\"]"}
RESULT: {"using":"xpath","value":"//*[@id=\"__button576\"]"}
COMMAND: POST /session/365d56350ece7ddb67f22ecca89c6f97/elements - {"using":"xpath","value":"//*[@id=\"__button576\"]"}
RESULT: {"using":"xpath","value":"//*[@id=\"__button576\"]"}
COMMAND: POST /session/365d56350ece7ddb67f22ecca89c6f97/elements - {"using":"xpath","value":"//*[@id=\"__button576\"]"}
RESULT: {"using":"xpath","value":"//*[@id=\"__button576\"]"}
COMMAND: POST /session/365d56350ece7ddb67f22ecca89c6f97/elements - {"using":"xpath","value":"//*[@id=\"__button576\"]"}
RESULT: {"using":"xpath","value":"//*[@id=\"__button576\"]"}
COMMAND: POST /session/365d56350ece7ddb67f22ecca89c6f97/elements - {"using":"xpath","value":"//*[@id=\"__button576\"]"}
RESULT: {"using":"xpath","value":"//*[@id=\"__button576\"]"}
COMMAND: POST /session/365d56350ece7ddb67f22ecca89c6f97/elements - {"using":"xpath","value":"//*[@id=\"__button576\"]"}
RESULT: {"using":"xpath","value":"//*[@id=\"__button576\"]"}
COMMAND: POST /session/365d56350ece7ddb67f22ecca89c6f97/elements - {"using":"xpath","value":"//*[@id=\"__button576\"]"}
RESULT: {"using":"xpath","value":"//*[@id=\"__button576\"]"}
COMMAND: POST /session/365d56350ece7ddb67f22ecca89c6f97/elements - {"using":"xpath","value":"//*[@id=\"__button576\"]"}
RESULT: {"using":"xpath","value":"//*[@id=\"__button576\"]"}
COMMAND: POST /session/365d56350ece7ddb67f22ecca89c6f97/elements - {"using":"xpath","value":"//*[@id=\"__button576\"]"}
RESULT: {"using":"xpath","value":"//*[@id=\"__button576\"]"}
COMMAND: POST /session/365d56350ece7ddb67f22ecca89c6f97/elements - {"using":"xpath","value":"//*[@id=\"__button576\"]"}
RESULT: {"using":"xpath","value":"//*[@id=\"__button576\"]"}
COMMAND: POST /session/365d56350ece7ddb67f22ecca89c6f97/elements - {"using":"xpath","value":"//*[@id=\"__button576\"]"}
RESULT: {"using":"xpath","value":"//*[@id=\"__button576\"]"}
COMMAND: POST /session/365d56350ece7ddb67f22ecca89c6f97/elements - {"using":"xpath","value":"//*[@id=\"__button576\"]"}
RESULT: {"using":"xpath","value":"//*[@id=\"__button576\"]"}
COMMAND: POST /session/365d56350ece7ddb67f22ecca89c6f97/elements - {"using":"xpath","value":"//*[@id=\"__button576\"]"}
RESULT: {"using":"xpath","value":"//*[@id=\"__button576\"]"}
COMMAND: POST /session/365d56350ece7ddb67f22ecca89c6f97/elements - {"using":"xpath","value":"//*[@id=\"__button576\"]"}
RESULT: {"using":"xpath","value":"//*[@id=\"__button576\"]"}
COMMAND: POST /session/365d56350ece7ddb67f22ecca89c6f97/elements - {"using":"xpath","value":"//*[@id=\"__button576\"]"}
RESULT: {"using":"xpath","value":"//*[@id=\"__button576\"]"}
COMMAND: POST /session/365d56350ece7ddb67f22ecca89c6f97/elements - {"using":"xpath","value":"//*[@id=\"__button576\"]"}
RESULT: {"using":"xpath","value":"//*[@id=\"__button576\"]"}
COMMAND: POST /session/365d56350ece7ddb67f22ecca89c6f97/elements - {"using":"xpath","value":"//*[@id=\"__button576\"]"}
RESULT: {"using":"xpath","value":"//*[@id=\"__button576\"]"}
COMMAND: POST /session/365d56350ece7ddb67f22ecca89c6f97/elements - {"using":"xpath","value":"//*[@id=\"__button576\"]"}
RESULT: {"using":"xpath","value":"//*[@id=\"__button576\"]"}
COMMAND: POST /session/365d56350ece7ddb67f22ecca89c6f97/elements - {"using":"xpath","value":"//*[@id=\"__button576\"]"}
RESULT: {"using":"xpath","value":"//*[@id=\"__button576\"]"}
COMMAND: POST /session/365d56350ece7ddb67f22ecca89c6f97/elements - {"using":"xpath","value":"//*[@id=\"__button576\"]"}
RESULT: {"using":"xpath","value":"//*[@id=\"__button576\"]"}
COMMAND: POST /session/365d56350ece7ddb67f22ecca89c6f97/elements - {"using":"xpath","value":"//*[@id=\"__button576\"]"}
RESULT: {"using":"xpath","value":"//*[@id=\"__button576\"]"}
COMMAND: POST /session/365d56350ece7ddb67f22ecca89c6f97/elements - {"using":"xpath","value":"//*[@id=\"__button576\"]"}
RESULT: {"using":"xpath","value":"//*[@id=\"__button576\"]"}
COMMAND: POST /session/365d56350ece7ddb67f22ecca89c6f97/elements - {"using":"xpath","value":"//*[@id=\"__button576\"]"}
RESULT: {"using":"xpath","value":"//*[@id=\"__button576\"]"}
COMMAND: POST /session/365d56350ece7ddb67f22ecca89c6f97/elements - {"using":"xpath","value":"//*[@id=\"__button576\"]"}
RESULT: {"using":"xpath","value":"//*[@id=\"__button576\"]"}
COMMAND: POST /session/365d56350ece7ddb67f22ecca89c6f97/element - {"using":"css selector","value":"#shell-header-logo"}
RESULT: {"using":"css selector","value":"#shell-header-logo"}
COMMAND: POST /session/365d56350ece7ddb67f22ecca89c6f97/execute/sync - {"script":"<script> [8489 bytes]","args":[{"element-6066-11e4-a52e-4f735466cecf":"f.0CFB565138F0704D782EF1C57C56E9E5.d.771F63DC7CB7DA0DE4F7FF658A9B835B.e.12255","ELEMENT":"f.0CFB565138F0704D782EF1C57C56E9E5.d.771F63DC7CB7DA0DE4F7FF658A9B835B.e.12255"}]}
RESULT: {"script":"<script> [8489 bytes]","args":[{"element-6066-11e4-a52e-4f735466cecf":"f.0CFB565138F0704D782EF1C57C56E9E5.d.771F63DC7CB7DA0DE4F7FF658A9B835B.e.12255","ELEMENT":"f.0CFB565138F0704D782EF1C57C56E9E5.d.771F63DC7CB7DA0DE4F7FF658A9B835B.e.12255"}]}
COMMAND: POST /session/365d56350ece7ddb67f22ecca89c6f97/execute/sync - {"script":"<script> [5351 bytes]","args":[{"element-6066-11e4-a52e-4f735466cecf":"f.0CFB565138F0704D782EF1C57C56E9E5.d.771F63DC7CB7DA0DE4F7FF658A9B835B.e.12255","ELEMENT":"f.0CFB565138F0704D782EF1C57C56E9E5.d.771F63DC7CB7DA0DE4F7FF658A9B835B.e.12255"}]}
COMMAND: GET /session/365d56350ece7ddb67f22ecca89c6f97/screenshot - {}
RESULT: {"script":"<script> [5351 bytes]","args":[{"element-6066-11e4-a52e-4f735466cecf":"f.0CFB565138F0704D782EF1C57C56E9E5.d.771F63DC7CB7DA0DE4F7FF658A9B835B.e.12255","ELEMENT":"f.0CFB565138F0704D782EF1C57C56E9E5.d.771F63DC7CB7DA0DE4F7FF658A9B835B.e.12255"}]}
COMMAND: POST /session/365d56350ece7ddb67f22ecca89c6f97/element/f.0CFB565138F0704D782EF1C57C56E9E5.d.771F63DC7CB7DA0DE4F7FF658A9B835B.e.12255/click - {}
COMMAND: GET /session/365d56350ece7ddb67f22ecca89c6f97/screenshot - {}
RESULT: {}
RESULT: {}
COMMAND: GET /session/365d56350ece7ddb67f22ecca89c6f97/screenshot - {}
]]></system-out>
    </testcase>
    <testcase classname="chrome.136_0_7103_93.windows.Create_master_data_for_mixed_billing_&amp;_do_billing_calculation_US151661" name="Should go to Manage Billings and trigger calculation check the conditions applied" time="74.01">
      <system-out><![CDATA[
COMMAND: POST /session/365d56350ece7ddb67f22ecca89c6f97/execute/async - {"script":"<script> [1562 bytes]","args":[{"selector":{"controlType":"sap.m.GenericTile","properties":{"header":"Manage Billings"}},"wdio_ui5_key":"sapm.GenericTile{\"header\":\"Manage Billings\"}"}]}
RESULT: {}
RESULT: {}
RESULT: {"script":"<script> [1562 bytes]","args":[{"selector":{"controlType":"sap.m.GenericTile","properties":{"header":"Manage Billings"}},"wdio_ui5_key":"sapm.GenericTile{\"header\":\"Manage Billings\"}"}]}
RESULT: undefined
COMMAND: POST /session/365d56350ece7ddb67f22ecca89c6f97/element - {"using":"xpath","value":"//*[@id=\"__tile51\"]"}
RESULT: {"using":"xpath","value":"//*[@id=\"__tile51\"]"}
COMMAND: POST /session/365d56350ece7ddb67f22ecca89c6f97/element/f.0CFB565138F0704D782EF1C57C56E9E5.d.771F63DC7CB7DA0DE4F7FF658A9B835B.e.5394/click - {}
RESULT: {}
COMMAND: GET /session/365d56350ece7ddb67f22ecca89c6f97/screenshot - {}
RESULT: {}
COMMAND: POST /session/365d56350ece7ddb67f22ecca89c6f97/elements - {"using":"xpath","value":"//span[text()='Error']"}
RESULT: {"using":"xpath","value":"//span[text()='Error']"}
COMMAND: POST /session/365d56350ece7ddb67f22ecca89c6f97/execute/async - {"script":"<script> [1562 bytes]","args":[{"selector":{"id":"application-managebillings-display-component---billRunCalcResult--smartFilterBar-btnBasicSearch","interaction":{"idSuffix":"I"}},"wdio_ui5_key":"applicationmanagebillings-display-component---billRunCalcResult--smartFilterBar-btnBasicSearch"}]}
RESULT: {"script":"<script> [1562 bytes]","args":[{"selector":{"id":"application-managebillings-display-component---billRunCalcResult--smartFilterBar-btnBasicSearch","interaction":{"idSuffix":"I"}},"wdio_ui5_key":"applicationmanagebillings-display-component---billRunCalcResult--smartFilterBar-btnBasicSearch"}]}
RESULT: undefined
COMMAND: POST /session/365d56350ece7ddb67f22ecca89c6f97/execute/async - {"script":"<script> [776 bytes]","args":[{"enterText":"10215","selector":{"id":"application-managebillings-display-component---billRunCalcResult--smartFilterBar-btnBasicSearch","interaction":{"idSuffix":"I"}},"clearTextFirst":true,"interactionType":"ENTER_TEXT"}]}
RESULT: {"script":"<script> [776 bytes]","args":[{"enterText":"10215","selector":{"id":"application-managebillings-display-component---billRunCalcResult--smartFilterBar-btnBasicSearch","interaction":{"idSuffix":"I"}},"clearTextFirst":true,"interactionType":"ENTER_TEXT"}]}
COMMAND: POST /session/365d56350ece7ddb67f22ecca89c6f97/actions - {"actions":[{"id":"action49","type":"key","parameters":{},"actions":[{"type":"keyDown","value":""},{"type":"pause","duration":10},{"type":"keyUp","value":""}]}]}
RESULT: {"actions":[{"id":"action49","type":"key","parameters":{},"actions":[{"type":"keyDown","value":""},{"type":"pause","duration":10},{"type":"keyUp","value":""}]}]}
COMMAND: GET /session/365d56350ece7ddb67f22ecca89c6f97/screenshot - {}
RESULT: {}
COMMAND: POST /session/365d56350ece7ddb67f22ecca89c6f97/element - {"using":"xpath","value":"//td[@aria-colindex=\"1\"]/div/div[contains(@class, \"sapMCbBg\")]"}
RESULT: {"using":"xpath","value":"//td[@aria-colindex=\"1\"]/div/div[contains(@class, \"sapMCbBg\")]"}
COMMAND: POST /session/365d56350ece7ddb67f22ecca89c6f97/element/f.0CFB565138F0704D782EF1C57C56E9E5.d.771F63DC7CB7DA0DE4F7FF658A9B835B.e.12679/click - {}
RESULT: {}
COMMAND: GET /session/365d56350ece7ddb67f22ecca89c6f97/screenshot - {}
RESULT: {}
COMMAND: POST /session/365d56350ece7ddb67f22ecca89c6f97/execute/async - {"script":"<script> [1562 bytes]","args":[{"selector":{"id":"application-managebillings-display-component---billRunCalcResult--contractBillRunDate","interaction":{"idSuffix":"inner"}},"wdio_ui5_key":"applicationmanagebillings-display-component---billRunCalcResult--contractBillRunDate"}]}
RESULT: {"script":"<script> [1562 bytes]","args":[{"selector":{"id":"application-managebillings-display-component---billRunCalcResult--contractBillRunDate","interaction":{"idSuffix":"inner"}},"wdio_ui5_key":"applicationmanagebillings-display-component---billRunCalcResult--contractBillRunDate"}]}
RESULT: undefined
COMMAND: POST /session/365d56350ece7ddb67f22ecca89c6f97/execute/async - {"script":"<script> [776 bytes]","args":[{"enterText":"6/25/25","selector":{"id":"application-managebillings-display-component---billRunCalcResult--contractBillRunDate","interaction":{"idSuffix":"inner"}},"clearTextFirst":true,"interactionType":"ENTER_TEXT"}]}
RESULT: {"script":"<script> [776 bytes]","args":[{"enterText":"6/25/25","selector":{"id":"application-managebillings-display-component---billRunCalcResult--contractBillRunDate","interaction":{"idSuffix":"inner"}},"clearTextFirst":true,"interactionType":"ENTER_TEXT"}]}
COMMAND: POST /session/365d56350ece7ddb67f22ecca89c6f97/element - {"using":"xpath","value":"//bdi[contains(text(), \"Trigger Calculation\")]"}
RESULT: {"using":"xpath","value":"//bdi[contains(text(), \"Trigger Calculation\")]"}
COMMAND: POST /session/365d56350ece7ddb67f22ecca89c6f97/element/f.0CFB565138F0704D782EF1C57C56E9E5.d.771F63DC7CB7DA0DE4F7FF658A9B835B.e.12700/click - {}
RESULT: {}
COMMAND: GET /session/365d56350ece7ddb67f22ecca89c6f97/screenshot - {}
RESULT: {}
COMMAND: POST /session/365d56350ece7ddb67f22ecca89c6f97/element - {"using":"xpath","value":"(//span[contains(@id, \"imgNav\")])[1]"}
RESULT: {"using":"xpath","value":"(//span[contains(@id, \"imgNav\")])[1]"}
COMMAND: POST /session/365d56350ece7ddb67f22ecca89c6f97/element/f.0CFB565138F0704D782EF1C57C56E9E5.d.771F63DC7CB7DA0DE4F7FF658A9B835B.e.12693/click - {}
RESULT: {}
COMMAND: GET /session/365d56350ece7ddb67f22ecca89c6f97/screenshot - {}
RESULT: {}
COMMAND: POST /session/365d56350ece7ddb67f22ecca89c6f97/element - {"using":"xpath","value":"//tr/td[6]/div[1]/span[1]/span[1]"}
RESULT: {"using":"xpath","value":"//tr/td[6]/div[1]/span[1]/span[1]"}
COMMAND: GET /session/365d56350ece7ddb67f22ecca89c6f97/element/f.0CFB565138F0704D782EF1C57C56E9E5.d.771F63DC7CB7DA0DE4F7FF658A9B835B.e.12705/text - {}
RESULT: {}
COMMAND: POST /session/365d56350ece7ddb67f22ecca89c6f97/element - {"using":"xpath","value":"(//span[contains(@id, \"imgNav\")])[2]"}
RESULT: {"using":"xpath","value":"(//span[contains(@id, \"imgNav\")])[2]"}
COMMAND: POST /session/365d56350ece7ddb67f22ecca89c6f97/element/f.0CFB565138F0704D782EF1C57C56E9E5.d.771F63DC7CB7DA0DE4F7FF658A9B835B.e.12706/click - {}
RESULT: {}
COMMAND: POST /session/365d56350ece7ddb67f22ecca89c6f97/element - {"using":"xpath","value":"//bdi[contains(text(), \"Business Confirm\")]"}
COMMAND: GET /session/365d56350ece7ddb67f22ecca89c6f97/screenshot - {}
RESULT: {"using":"xpath","value":"//bdi[contains(text(), \"Business Confirm\")]"}
COMMAND: POST /session/365d56350ece7ddb67f22ecca89c6f97/elements - {"using":"xpath","value":"//bdi[contains(text(), \"Business Confirm\")]"}
RESULT: {}
RESULT: {"using":"xpath","value":"//bdi[contains(text(), \"Business Confirm\")]"}
COMMAND: POST /session/365d56350ece7ddb67f22ecca89c6f97/element - {"using":"xpath","value":"//bdi[contains(text(), \"Business Confirm\")]"}
RESULT: {"using":"xpath","value":"//bdi[contains(text(), \"Business Confirm\")]"}
COMMAND: POST /session/365d56350ece7ddb67f22ecca89c6f97/element/f.0CFB565138F0704D782EF1C57C56E9E5.d.771F63DC7CB7DA0DE4F7FF658A9B835B.e.12761/click - {}
RESULT: {}
COMMAND: POST /session/365d56350ece7ddb67f22ecca89c6f97/element - {"using":"css selector","value":"#shell-header-logo"}
COMMAND: GET /session/365d56350ece7ddb67f22ecca89c6f97/screenshot - {}
RESULT: {"using":"css selector","value":"#shell-header-logo"}
COMMAND: POST /session/365d56350ece7ddb67f22ecca89c6f97/element/f.0CFB565138F0704D782EF1C57C56E9E5.d.771F63DC7CB7DA0DE4F7FF658A9B835B.e.12445/click - {}
RESULT: {}
RESULT: {}
COMMAND: GET /session/365d56350ece7ddb67f22ecca89c6f97/screenshot - {}
RESULT: {}
COMMAND: POST /session/365d56350ece7ddb67f22ecca89c6f97/element - {"using":"css selector","value":"#j_username"}
COMMAND: POST /session/365d56350ece7ddb67f22ecca89c6f97/url - {"url":"https://qa-testing-00-live-etm-ui.cfapps.eu10-004.hana.ondemand.com/"}
RESULT: {"using":"css selector","value":"#j_username"}
COMMAND: POST /session/365d56350ece7ddb67f22ecca89c6f97/element - {"using":"css selector","value":"#j_username"}
RESULT: {"url":"https://qa-testing-00-live-etm-ui.cfapps.eu10-004.hana.ondemand.com/"}
RESULT: undefined
COMMAND: GET /session/365d56350ece7ddb67f22ecca89c6f97/screenshot - {}
RESULT: {"using":"css selector","value":"#j_username"}
COMMAND: POST /session/365d56350ece7ddb67f22ecca89c6f97/element - {"using":"css selector","value":"#shell-header-logo"}
RESULT: {}
RESULT: {"using":"css selector","value":"#shell-header-logo"}
COMMAND: POST /session/365d56350ece7ddb67f22ecca89c6f97/execute/sync - {"script":"<script> [8489 bytes]","args":[{"element-6066-11e4-a52e-4f735466cecf":"f.0CFB565138F0704D782EF1C57C56E9E5.d.2A7629F03F556E0D4DCCDDE06FBC76B0.e.12791","ELEMENT":"f.0CFB565138F0704D782EF1C57C56E9E5.d.2A7629F03F556E0D4DCCDDE06FBC76B0.e.12791"}]}
RESULT: {"script":"<script> [8489 bytes]","args":[{"element-6066-11e4-a52e-4f735466cecf":"f.0CFB565138F0704D782EF1C57C56E9E5.d.2A7629F03F556E0D4DCCDDE06FBC76B0.e.12791","ELEMENT":"f.0CFB565138F0704D782EF1C57C56E9E5.d.2A7629F03F556E0D4DCCDDE06FBC76B0.e.12791"}]}
COMMAND: POST /session/365d56350ece7ddb67f22ecca89c6f97/element - {"using":"css selector","value":"#shell-header-logo"}
COMMAND: GET /session/365d56350ece7ddb67f22ecca89c6f97/screenshot - {}
RESULT: {"using":"css selector","value":"#shell-header-logo"}
COMMAND: POST /session/365d56350ece7ddb67f22ecca89c6f97/execute/sync - {"script":"<script> [8489 bytes]","args":[{"element-6066-11e4-a52e-4f735466cecf":"f.0CFB565138F0704D782EF1C57C56E9E5.d.2A7629F03F556E0D4DCCDDE06FBC76B0.e.12791","ELEMENT":"f.0CFB565138F0704D782EF1C57C56E9E5.d.2A7629F03F556E0D4DCCDDE06FBC76B0.e.12791"}]}
RESULT: {}
RESULT: {"script":"<script> [8489 bytes]","args":[{"element-6066-11e4-a52e-4f735466cecf":"f.0CFB565138F0704D782EF1C57C56E9E5.d.2A7629F03F556E0D4DCCDDE06FBC76B0.e.12791","ELEMENT":"f.0CFB565138F0704D782EF1C57C56E9E5.d.2A7629F03F556E0D4DCCDDE06FBC76B0.e.12791"}]}
COMMAND: POST /session/365d56350ece7ddb67f22ecca89c6f97/execute/sync - {"script":"<script> [5351 bytes]","args":[{"element-6066-11e4-a52e-4f735466cecf":"f.0CFB565138F0704D782EF1C57C56E9E5.d.2A7629F03F556E0D4DCCDDE06FBC76B0.e.12791","ELEMENT":"f.0CFB565138F0704D782EF1C57C56E9E5.d.2A7629F03F556E0D4DCCDDE06FBC76B0.e.12791"}]}
COMMAND: GET /session/365d56350ece7ddb67f22ecca89c6f97/screenshot - {}
RESULT: {"script":"<script> [5351 bytes]","args":[{"element-6066-11e4-a52e-4f735466cecf":"f.0CFB565138F0704D782EF1C57C56E9E5.d.2A7629F03F556E0D4DCCDDE06FBC76B0.e.12791","ELEMENT":"f.0CFB565138F0704D782EF1C57C56E9E5.d.2A7629F03F556E0D4DCCDDE06FBC76B0.e.12791"}]}
COMMAND: POST /session/365d56350ece7ddb67f22ecca89c6f97/element - {"using":"css selector","value":"#shell-header-logo"}
COMMAND: GET /session/365d56350ece7ddb67f22ecca89c6f97/screenshot - {}
RESULT: {}
RESULT: {"using":"css selector","value":"#shell-header-logo"}
COMMAND: POST /session/365d56350ece7ddb67f22ecca89c6f97/element/f.0CFB565138F0704D782EF1C57C56E9E5.d.2A7629F03F556E0D4DCCDDE06FBC76B0.e.12791/click - {}
RESULT: {}
RESULT: {}
COMMAND: GET /session/365d56350ece7ddb67f22ecca89c6f97/screenshot - {}
RESULT: {}
COMMAND: POST /session/365d56350ece7ddb67f22ecca89c6f97/execute/async - {"script":"<script> [189 bytes]","args":[]}
RESULT: {"script":"<script> [189 bytes]","args":[]}
COMMAND: POST /session/365d56350ece7ddb67f22ecca89c6f97/execute/async - {"script":"<script> [123 bytes]","args":[]}
RESULT: {"script":"<script> [123 bytes]","args":[]}
COMMAND: POST /session/365d56350ece7ddb67f22ecca89c6f97/timeouts - {"script":"<number>"}
RESULT: {"script":"<number>"}
COMMAND: GET /session/365d56350ece7ddb67f22ecca89c6f97/timeouts - {}
RESULT: {}
RESULT: undefined
COMMAND: POST /session/365d56350ece7ddb67f22ecca89c6f97/execute/async - {"script":"<script> [2676 bytes]","args":[]}
RESULT: {"script":"<script> [2676 bytes]","args":[]}
COMMAND: POST /session/365d56350ece7ddb67f22ecca89c6f97/execute/async - {"script":"<script> [2342 bytes]","args":[{"protocol":"http","hostname":"0.0.0.0","path":"/","capabilities":{"browserName":"chrome","goog:chromeOptions":{"binary":"C:\\Program Files\\Google\\Chrome\\Application\\chrome.exe","args":["--start-maximized"]}},"logLevel":"warn","connectionRetryTimeout":120000,"connectionRetryCount":3,"logLevels":{},"enableDirectConnect":true,"strictSSL":true,"_":"65 more keys: [\"cacheDir\",\"port\",\"requestedCapabilities\",\"automationProtocol\",\"baseUrl\",\"waitforInterval\",\"waitforTimeout\",\"onReload\",\"beforeCommand\",\"afterCommand\",\"rootDir\",\"specs\",\"suites\",\"exclude\",\"groupLogsByTestSpec\",\"excludeDriverLogs\",\"bail\",\"framework\",\"reporters\",\"services\",\"maxInstances\",\"maxInstancesPerCapability\",\"injectGlobals\",\"filesToWatch\",\"execArgv\",\"runnerEnv\",\"runner\",\"shard\",\"specFileRetries\",\"specFileRetriesDelay\",\"specFileRetriesDeferred\",\"reporterSyncInterval\",\"reporterSyncTimeout\",\"cucumberFeaturesWithLineNumbers\",\"autoCompileOpts\",\"mochaOpts\",\"jasmineOpts\",\"cucumberOpts\",\"onPrepare\",\"onWorkerStart\",\"onWorkerEnd\",\"before\",\"beforeSession\",\"beforeSuite\",\"beforeHook\",\"beforeTest\",\"afterTest\",\"afterHook\",\"afterSuite\",\"afterSession\",\"after\",\"onComplete\",\"beforeAssertion\",\"afterAssertion\",\"beforeFeature\",\"beforeScenario\",\"beforeStep\",\"afterStep\",\"afterScenario\",\"afterFeature\",\"_\",\"suite\",\"$0\",\"ignoredWorkerServices\",\"wdi5\"]"}]}
RESULT: {"script":"<script> [2342 bytes]","args":[{"protocol":"http","hostname":"0.0.0.0","path":"/","capabilities":{"browserName":"chrome","goog:chromeOptions":{"binary":"C:\\Program Files\\Google\\Chrome\\Application\\chrome.exe","args":["--start-maximized"]}},"logLevel":"warn","connectionRetryTimeout":120000,"connectionRetryCount":3,"logLevels":{},"enableDirectConnect":true,"strictSSL":true,"_":"65 more keys: [\"cacheDir\",\"port\",\"requestedCapabilities\",\"automationProtocol\",\"baseUrl\",\"waitforInterval\",\"waitforTimeout\",\"onReload\",\"beforeCommand\",\"afterCommand\",\"rootDir\",\"specs\",\"suites\",\"exclude\",\"groupLogsByTestSpec\",\"excludeDriverLogs\",\"bail\",\"framework\",\"reporters\",\"services\",\"maxInstances\",\"maxInstancesPerCapability\",\"injectGlobals\",\"filesToWatch\",\"execArgv\",\"runnerEnv\",\"runner\",\"shard\",\"specFileRetries\",\"specFileRetriesDelay\",\"specFileRetriesDeferred\",\"reporterSyncInterval\",\"reporterSyncTimeout\",\"cucumberFeaturesWithLineNumbers\",\"autoCompileOpts\",\"mochaOpts\",\"jasmineOpts\",\"cucumberOpts\",\"onPrepare\",\"onWorkerStart\",\"onWorkerEnd\",\"before\",\"beforeSession\",\"beforeSuite\",\"beforeHook\",\"beforeTest\",\"afterTest\",\"afterHook\",\"afterSuite\",\"afterSession\",\"after\",\"onComplete\",\"beforeAssertion\",\"afterAssertion\",\"beforeFeature\",\"beforeScenario\",\"beforeStep\",\"afterStep\",\"afterScenario\",\"afterFeature\",\"_\",\"suite\",\"$0\",\"ignoredWorkerServices\",\"wdi5\"]"}]}
COMMAND: POST /session/365d56350ece7ddb67f22ecca89c6f97/execute/async - {"script":"<script> [21126 bytes]","args":[35000]}
RESULT: {"script":"<script> [21126 bytes]","args":[35000]}
COMMAND: POST /session/365d56350ece7ddb67f22ecca89c6f97/window/maximize - {}
RESULT: {}
COMMAND: POST /session/365d56350ece7ddb67f22ecca89c6f97/execute/async - {"script":"<script> [1562 bytes]","args":[{"selector":{"id":"shell-header","interaction":{"idSuffix":"icon"}},"wdio_ui5_key":"shellheader"}]}
COMMAND: GET /session/365d56350ece7ddb67f22ecca89c6f97/screenshot - {}
RESULT: {"script":"<script> [1562 bytes]","args":[{"selector":{"id":"shell-header","interaction":{"idSuffix":"icon"}},"wdio_ui5_key":"shellheader"}]}
RESULT: undefined
COMMAND: POST /session/365d56350ece7ddb67f22ecca89c6f97/refresh - {}
RESULT: {}
RESULT: {}
COMMAND: GET /session/365d56350ece7ddb67f22ecca89c6f97/screenshot - {}
RESULT: {}
COMMAND: POST /session/365d56350ece7ddb67f22ecca89c6f97/refresh - {}
RESULT: {}
COMMAND: GET /session/365d56350ece7ddb67f22ecca89c6f97/screenshot - {}
RESULT: {}
COMMAND: POST /session/365d56350ece7ddb67f22ecca89c6f97/window/fullscreen - {}
RESULT: {}
COMMAND: POST /session/365d56350ece7ddb67f22ecca89c6f97/execute/async - {"script":"<script> [189 bytes]","args":[]}
RESULT: {"script":"<script> [189 bytes]","args":[]}
COMMAND: POST /session/365d56350ece7ddb67f22ecca89c6f97/execute/async - {"script":"<script> [123 bytes]","args":[]}
RESULT: {"script":"<script> [123 bytes]","args":[]}
COMMAND: POST /session/365d56350ece7ddb67f22ecca89c6f97/timeouts - {"script":"<number>"}
RESULT: {"script":"<number>"}
COMMAND: GET /session/365d56350ece7ddb67f22ecca89c6f97/timeouts - {}
RESULT: {}
RESULT: undefined
COMMAND: POST /session/365d56350ece7ddb67f22ecca89c6f97/execute/async - {"script":"<script> [2676 bytes]","args":[]}
RESULT: {"script":"<script> [2676 bytes]","args":[]}
COMMAND: POST /session/365d56350ece7ddb67f22ecca89c6f97/execute/async - {"script":"<script> [2342 bytes]","args":[{"protocol":"http","hostname":"0.0.0.0","path":"/","capabilities":{"browserName":"chrome","goog:chromeOptions":{"binary":"C:\\Program Files\\Google\\Chrome\\Application\\chrome.exe","args":["--start-maximized"]}},"logLevel":"warn","connectionRetryTimeout":120000,"connectionRetryCount":3,"logLevels":{},"enableDirectConnect":true,"strictSSL":true,"_":"65 more keys: [\"cacheDir\",\"port\",\"requestedCapabilities\",\"automationProtocol\",\"baseUrl\",\"waitforInterval\",\"waitforTimeout\",\"onReload\",\"beforeCommand\",\"afterCommand\",\"rootDir\",\"specs\",\"suites\",\"exclude\",\"groupLogsByTestSpec\",\"excludeDriverLogs\",\"bail\",\"framework\",\"reporters\",\"services\",\"maxInstances\",\"maxInstancesPerCapability\",\"injectGlobals\",\"filesToWatch\",\"execArgv\",\"runnerEnv\",\"runner\",\"shard\",\"specFileRetries\",\"specFileRetriesDelay\",\"specFileRetriesDeferred\",\"reporterSyncInterval\",\"reporterSyncTimeout\",\"cucumberFeaturesWithLineNumbers\",\"autoCompileOpts\",\"mochaOpts\",\"jasmineOpts\",\"cucumberOpts\",\"onPrepare\",\"onWorkerStart\",\"onWorkerEnd\",\"before\",\"beforeSession\",\"beforeSuite\",\"beforeHook\",\"beforeTest\",\"afterTest\",\"afterHook\",\"afterSuite\",\"afterSession\",\"after\",\"onComplete\",\"beforeAssertion\",\"afterAssertion\",\"beforeFeature\",\"beforeScenario\",\"beforeStep\",\"afterStep\",\"afterScenario\",\"afterFeature\",\"_\",\"suite\",\"$0\",\"ignoredWorkerServices\",\"wdi5\"]"}]}
RESULT: {"script":"<script> [2342 bytes]","args":[{"protocol":"http","hostname":"0.0.0.0","path":"/","capabilities":{"browserName":"chrome","goog:chromeOptions":{"binary":"C:\\Program Files\\Google\\Chrome\\Application\\chrome.exe","args":["--start-maximized"]}},"logLevel":"warn","connectionRetryTimeout":120000,"connectionRetryCount":3,"logLevels":{},"enableDirectConnect":true,"strictSSL":true,"_":"65 more keys: [\"cacheDir\",\"port\",\"requestedCapabilities\",\"automationProtocol\",\"baseUrl\",\"waitforInterval\",\"waitforTimeout\",\"onReload\",\"beforeCommand\",\"afterCommand\",\"rootDir\",\"specs\",\"suites\",\"exclude\",\"groupLogsByTestSpec\",\"excludeDriverLogs\",\"bail\",\"framework\",\"reporters\",\"services\",\"maxInstances\",\"maxInstancesPerCapability\",\"injectGlobals\",\"filesToWatch\",\"execArgv\",\"runnerEnv\",\"runner\",\"shard\",\"specFileRetries\",\"specFileRetriesDelay\",\"specFileRetriesDeferred\",\"reporterSyncInterval\",\"reporterSyncTimeout\",\"cucumberFeaturesWithLineNumbers\",\"autoCompileOpts\",\"mochaOpts\",\"jasmineOpts\",\"cucumberOpts\",\"onPrepare\",\"onWorkerStart\",\"onWorkerEnd\",\"before\",\"beforeSession\",\"beforeSuite\",\"beforeHook\",\"beforeTest\",\"afterTest\",\"afterHook\",\"afterSuite\",\"afterSession\",\"after\",\"onComplete\",\"beforeAssertion\",\"afterAssertion\",\"beforeFeature\",\"beforeScenario\",\"beforeStep\",\"afterStep\",\"afterScenario\",\"afterFeature\",\"_\",\"suite\",\"$0\",\"ignoredWorkerServices\",\"wdi5\"]"}]}
COMMAND: POST /session/365d56350ece7ddb67f22ecca89c6f97/execute/async - {"script":"<script> [21126 bytes]","args":[35000]}
RESULT: {"script":"<script> [21126 bytes]","args":[35000]}
]]></system-out>
    </testcase>
  </testsuite>
  <testsuite timestamp="2025-05-25T17:47:55" time="870.766" tests="13" failures="0" errors="0" skipped="0">
    <properties>
      <property name="specId" value="0"/>
      <property name="suiteName" value="Performance based billing (work days) US139742"/>
      <property name="capabilities" value="chrome.136_0_7103_93.windows"/>
      <property name="file" value="file:///D:/a/1/s/test/specs/BTS/billing-performance-workdays.spec.js"/>
    </properties>
    <testcase classname="chrome.136_0_7103_93.windows.Performance_based_billing_(work_days)_US139742" name="Should create a new yard" time="0.013">
      <system-out><![CDATA[
COMMAND: POST /session/365d56350ece7ddb67f22ecca89c6f97/window/fullscreen - {}
RESULT: {}
]]></system-out>
    </testcase>
    <testcase classname="chrome.136_0_7103_93.windows.Performance_based_billing_(work_days)_US139742" name="Should create a new partner" time="0.004"/>
    <testcase classname="chrome.136_0_7103_93.windows.Performance_based_billing_(work_days)_US139742" name="Should create a new site" time="0.004"/>
    <testcase classname="chrome.136_0_7103_93.windows.Performance_based_billing_(work_days)_US139742" name="Should do prerequisite steps add equipment" time="148.169">
      <system-out><![CDATA[
COMMAND: POST /session/365d56350ece7ddb67f22ecca89c6f97/execute/async - {"script":"<script> [1562 bytes]","args":[{"selector":{"controlType":"sap.m.GenericTile","properties":{"header":"Manage Resources"}},"wdio_ui5_key":"sapm.GenericTile{\"header\":\"Manage Resources\"}"}]}
RESULT: {"script":"<script> [1562 bytes]","args":[{"selector":{"controlType":"sap.m.GenericTile","properties":{"header":"Manage Resources"}},"wdio_ui5_key":"sapm.GenericTile{\"header\":\"Manage Resources\"}"}]}
RESULT: undefined
COMMAND: POST /session/365d56350ece7ddb67f22ecca89c6f97/element - {"using":"xpath","value":"//*[@id=\"__tile39\"]"}
RESULT: {"using":"xpath","value":"//*[@id=\"__tile39\"]"}
COMMAND: POST /session/365d56350ece7ddb67f22ecca89c6f97/element/f.0CFB565138F0704D782EF1C57C56E9E5.d.034CFF39158BBCB890C93987E7430048.e.12946/click - {}
RESULT: {}
COMMAND: GET /session/365d56350ece7ddb67f22ecca89c6f97/screenshot - {}
RESULT: {}
COMMAND: POST /session/365d56350ece7ddb67f22ecca89c6f97/elements - {"using":"xpath","value":"//span[text()='Error']"}
RESULT: {"using":"xpath","value":"//span[text()='Error']"}
COMMAND: POST /session/365d56350ece7ddb67f22ecca89c6f97/element - {"using":"xpath","value":"//button[@data-kt=\"addNewRUOverflowToolbarButton\"]"}
RESULT: {"using":"xpath","value":"//button[@data-kt=\"addNewRUOverflowToolbarButton\"]"}
COMMAND: POST /session/365d56350ece7ddb67f22ecca89c6f97/elements - {"using":"xpath","value":"//button[@data-kt=\"addNewRUOverflowToolbarButton\"]"}
RESULT: {"using":"xpath","value":"//button[@data-kt=\"addNewRUOverflowToolbarButton\"]"}
COMMAND: POST /session/365d56350ece7ddb67f22ecca89c6f97/elements - {"using":"xpath","value":"//button[@data-kt=\"addNewRUOverflowToolbarButton\"]"}
RESULT: {"using":"xpath","value":"//button[@data-kt=\"addNewRUOverflowToolbarButton\"]"}
COMMAND: POST /session/365d56350ece7ddb67f22ecca89c6f97/elements - {"using":"xpath","value":"//button[@data-kt=\"addNewRUOverflowToolbarButton\"]"}
RESULT: {"using":"xpath","value":"//button[@data-kt=\"addNewRUOverflowToolbarButton\"]"}
COMMAND: POST /session/365d56350ece7ddb67f22ecca89c6f97/elements - {"using":"xpath","value":"//button[@data-kt=\"addNewRUOverflowToolbarButton\"]"}
RESULT: {"using":"xpath","value":"//button[@data-kt=\"addNewRUOverflowToolbarButton\"]"}
COMMAND: POST /session/365d56350ece7ddb67f22ecca89c6f97/elements - {"using":"xpath","value":"//button[@data-kt=\"addNewRUOverflowToolbarButton\"]"}
RESULT: {"using":"xpath","value":"//button[@data-kt=\"addNewRUOverflowToolbarButton\"]"}
COMMAND: POST /session/365d56350ece7ddb67f22ecca89c6f97/elements - {"using":"xpath","value":"//button[@data-kt=\"addNewRUOverflowToolbarButton\"]"}
RESULT: {"using":"xpath","value":"//button[@data-kt=\"addNewRUOverflowToolbarButton\"]"}
COMMAND: POST /session/365d56350ece7ddb67f22ecca89c6f97/elements - {"using":"xpath","value":"//button[@data-kt=\"addNewRUOverflowToolbarButton\"]"}
RESULT: {"using":"xpath","value":"//button[@data-kt=\"addNewRUOverflowToolbarButton\"]"}
COMMAND: POST /session/365d56350ece7ddb67f22ecca89c6f97/elements - {"using":"xpath","value":"//button[@data-kt=\"addNewRUOverflowToolbarButton\"]"}
RESULT: {"using":"xpath","value":"//button[@data-kt=\"addNewRUOverflowToolbarButton\"]"}
COMMAND: POST /session/365d56350ece7ddb67f22ecca89c6f97/elements - {"using":"xpath","value":"//button[@data-kt=\"addNewRUOverflowToolbarButton\"]"}
RESULT: {"using":"xpath","value":"//button[@data-kt=\"addNewRUOverflowToolbarButton\"]"}
COMMAND: POST /session/365d56350ece7ddb67f22ecca89c6f97/elements - {"using":"xpath","value":"//button[@data-kt=\"addNewRUOverflowToolbarButton\"]"}
RESULT: {"using":"xpath","value":"//button[@data-kt=\"addNewRUOverflowToolbarButton\"]"}
COMMAND: POST /session/365d56350ece7ddb67f22ecca89c6f97/elements - {"using":"xpath","value":"//button[@data-kt=\"addNewRUOverflowToolbarButton\"]"}
RESULT: {"using":"xpath","value":"//button[@data-kt=\"addNewRUOverflowToolbarButton\"]"}
COMMAND: POST /session/365d56350ece7ddb67f22ecca89c6f97/element - {"using":"xpath","value":"//button[@data-kt=\"addNewRUOverflowToolbarButton\"]"}
RESULT: {"using":"xpath","value":"//button[@data-kt=\"addNewRUOverflowToolbarButton\"]"}
COMMAND: POST /session/365d56350ece7ddb67f22ecca89c6f97/execute/sync - {"script":"<script> [8489 bytes]","args":[{"element-6066-11e4-a52e-4f735466cecf":"f.0CFB565138F0704D782EF1C57C56E9E5.d.034CFF39158BBCB890C93987E7430048.e.13087","ELEMENT":"f.0CFB565138F0704D782EF1C57C56E9E5.d.034CFF39158BBCB890C93987E7430048.e.13087"}]}
RESULT: {"script":"<script> [8489 bytes]","args":[{"element-6066-11e4-a52e-4f735466cecf":"f.0CFB565138F0704D782EF1C57C56E9E5.d.034CFF39158BBCB890C93987E7430048.e.13087","ELEMENT":"f.0CFB565138F0704D782EF1C57C56E9E5.d.034CFF39158BBCB890C93987E7430048.e.13087"}]}
COMMAND: GET /session/365d56350ece7ddb67f22ecca89c6f97/element/f.0CFB565138F0704D782EF1C57C56E9E5.d.034CFF39158BBCB890C93987E7430048.e.13087/enabled - {}
COMMAND: GET /session/365d56350ece7ddb67f22ecca89c6f97/screenshot - {}
RESULT: {}
COMMAND: POST /session/365d56350ece7ddb67f22ecca89c6f97/execute/sync - {"script":"<script> [8489 bytes]","args":[{"element-6066-11e4-a52e-4f735466cecf":"f.0CFB565138F0704D782EF1C57C56E9E5.d.034CFF39158BBCB890C93987E7430048.e.13087","ELEMENT":"f.0CFB565138F0704D782EF1C57C56E9E5.d.034CFF39158BBCB890C93987E7430048.e.13087"}]}
COMMAND: GET /session/365d56350ece7ddb67f22ecca89c6f97/screenshot - {}
RESULT: {}
RESULT: {"script":"<script> [8489 bytes]","args":[{"element-6066-11e4-a52e-4f735466cecf":"f.0CFB565138F0704D782EF1C57C56E9E5.d.034CFF39158BBCB890C93987E7430048.e.13087","ELEMENT":"f.0CFB565138F0704D782EF1C57C56E9E5.d.034CFF39158BBCB890C93987E7430048.e.13087"}]}
COMMAND: POST /session/365d56350ece7ddb67f22ecca89c6f97/execute/sync - {"script":"<script> [5351 bytes]","args":[{"element-6066-11e4-a52e-4f735466cecf":"f.0CFB565138F0704D782EF1C57C56E9E5.d.034CFF39158BBCB890C93987E7430048.e.13087","ELEMENT":"f.0CFB565138F0704D782EF1C57C56E9E5.d.034CFF39158BBCB890C93987E7430048.e.13087"}]}
COMMAND: GET /session/365d56350ece7ddb67f22ecca89c6f97/screenshot - {}
RESULT: {}
RESULT: {"script":"<script> [5351 bytes]","args":[{"element-6066-11e4-a52e-4f735466cecf":"f.0CFB565138F0704D782EF1C57C56E9E5.d.034CFF39158BBCB890C93987E7430048.e.13087","ELEMENT":"f.0CFB565138F0704D782EF1C57C56E9E5.d.034CFF39158BBCB890C93987E7430048.e.13087"}]}
COMMAND: POST /session/365d56350ece7ddb67f22ecca89c6f97/element/f.0CFB565138F0704D782EF1C57C56E9E5.d.034CFF39158BBCB890C93987E7430048.e.13087/click - {}
COMMAND: GET /session/365d56350ece7ddb67f22ecca89c6f97/screenshot - {}
RESULT: {}
RESULT: {}
COMMAND: GET /session/365d56350ece7ddb67f22ecca89c6f97/screenshot - {}
RESULT: {}
RESULT: {}
COMMAND: POST /session/365d56350ece7ddb67f22ecca89c6f97/execute/async - {"script":"<script> [1562 bytes]","args":[{"selector":{"id":"application-manageresources-display-component---newResourceUnit--TYPE-arrow"},"wdio_ui5_key":"applicationmanageresources-display-component---newResourceUnit--TYPE-arrow"}]}
RESULT: {"script":"<script> [1562 bytes]","args":[{"selector":{"id":"application-manageresources-display-component---newResourceUnit--TYPE-arrow"},"wdio_ui5_key":"applicationmanageresources-display-component---newResourceUnit--TYPE-arrow"}]}
RESULT: undefined
COMMAND: POST /session/365d56350ece7ddb67f22ecca89c6f97/element - {"using":"xpath","value":"//*[@id=\"application-manageresources-display-component---newResourceUnit--TYPE-arrow\"]"}
RESULT: {"using":"xpath","value":"//*[@id=\"application-manageresources-display-component---newResourceUnit--TYPE-arrow\"]"}
COMMAND: POST /session/365d56350ece7ddb67f22ecca89c6f97/element/f.0CFB565138F0704D782EF1C57C56E9E5.d.034CFF39158BBCB890C93987E7430048.e.13432/click - {}
RESULT: {}
COMMAND: POST /session/365d56350ece7ddb67f22ecca89c6f97/element - {"using":"xpath","value":"//input[@id=\"application-manageresources-display-component---newResourceUnit--TYPE-inner\"]"}
COMMAND: GET /session/365d56350ece7ddb67f22ecca89c6f97/screenshot - {}
RESULT: {"using":"xpath","value":"//input[@id=\"application-manageresources-display-component---newResourceUnit--TYPE-inner\"]"}
COMMAND: POST /session/365d56350ece7ddb67f22ecca89c6f97/element/f.0CFB565138F0704D782EF1C57C56E9E5.d.034CFF39158BBCB890C93987E7430048.e.13429/clear - {}
RESULT: {}
RESULT: {}
COMMAND: POST /session/365d56350ece7ddb67f22ecca89c6f97/element/f.0CFB565138F0704D782EF1C57C56E9E5.d.034CFF39158BBCB890C93987E7430048.e.13429/value - {"text":"Equipment"}
COMMAND: GET /session/365d56350ece7ddb67f22ecca89c6f97/screenshot - {}
RESULT: {"text":"Equipment"}
COMMAND: GET /session/365d56350ece7ddb67f22ecca89c6f97/screenshot - {}
RESULT: {}
RESULT: {}
COMMAND: POST /session/365d56350ece7ddb67f22ecca89c6f97/actions - {"actions":[{"id":"action50","type":"key","parameters":{},"actions":[{"type":"keyDown","value":""},{"type":"pause","duration":10},{"type":"keyUp","value":""}]}]}
RESULT: {"actions":[{"id":"action50","type":"key","parameters":{},"actions":[{"type":"keyDown","value":""},{"type":"pause","duration":10},{"type":"keyUp","value":""}]}]}
COMMAND: POST /session/365d56350ece7ddb67f22ecca89c6f97/execute/async - {"script":"<script> [1562 bytes]","args":[{"selector":{"id":"application-manageresources-display-component---newResourceUnit--resourceId","interaction":{"idSuffix":"inner"}},"wdio_ui5_key":"applicationmanageresources-display-component---newResourceUnit--resourceId"}]}
COMMAND: GET /session/365d56350ece7ddb67f22ecca89c6f97/screenshot - {}
RESULT: {"script":"<script> [1562 bytes]","args":[{"selector":{"id":"application-manageresources-display-component---newResourceUnit--resourceId","interaction":{"idSuffix":"inner"}},"wdio_ui5_key":"applicationmanageresources-display-component---newResourceUnit--resourceId"}]}
RESULT: undefined
COMMAND: POST /session/365d56350ece7ddb67f22ecca89c6f97/execute/async - {"script":"<script> [776 bytes]","args":[{"enterText":"ciQ15pmqiT","selector":{"id":"application-manageresources-display-component---newResourceUnit--resourceId","interaction":{"idSuffix":"inner"}},"clearTextFirst":true,"interactionType":"ENTER_TEXT"}]}
RESULT: {}
RESULT: {"script":"<script> [776 bytes]","args":[{"enterText":"ciQ15pmqiT","selector":{"id":"application-manageresources-display-component---newResourceUnit--resourceId","interaction":{"idSuffix":"inner"}},"clearTextFirst":true,"interactionType":"ENTER_TEXT"}]}
COMMAND: POST /session/365d56350ece7ddb67f22ecca89c6f97/execute/async - {"script":"<script> [1562 bytes]","args":[{"selector":{"id":"application-manageresources-display-component---newResourceUnit--SHORT_TEXT","interaction":{"idSuffix":"inner"}},"wdio_ui5_key":"applicationmanageresources-display-component---newResourceUnit--SHORT_TEXT"}]}
RESULT: {"script":"<script> [1562 bytes]","args":[{"selector":{"id":"application-manageresources-display-component---newResourceUnit--SHORT_TEXT","interaction":{"idSuffix":"inner"}},"wdio_ui5_key":"applicationmanageresources-display-component---newResourceUnit--SHORT_TEXT"}]}
RESULT: undefined
COMMAND: POST /session/365d56350ece7ddb67f22ecca89c6f97/execute/async - {"script":"<script> [776 bytes]","args":[{"enterText":"Intercompany Equipment WDIO","selector":{"id":"application-manageresources-display-component---newResourceUnit--SHORT_TEXT","interaction":{"idSuffix":"inner"}},"clearTextFirst":true,"interactionType":"ENTER_TEXT"}]}
RESULT: {"script":"<script> [776 bytes]","args":[{"enterText":"Intercompany Equipment WDIO","selector":{"id":"application-manageresources-display-component---newResourceUnit--SHORT_TEXT","interaction":{"idSuffix":"inner"}},"clearTextFirst":true,"interactionType":"ENTER_TEXT"}]}
COMMAND: POST /session/365d56350ece7ddb67f22ecca89c6f97/execute/async - {"script":"<script> [1562 bytes]","args":[{"selector":{"id":"application-manageresources-display-component---newResourceUnit--BASE_UNIT_OF_MEASURE","interaction":{"idSuffix":"inner"}},"wdio_ui5_key":"applicationmanageresources-display-component---newResourceUnit--BASE_UNIT_OF_MEASURE"}]}
RESULT: {"script":"<script> [1562 bytes]","args":[{"selector":{"id":"application-manageresources-display-component---newResourceUnit--BASE_UNIT_OF_MEASURE","interaction":{"idSuffix":"inner"}},"wdio_ui5_key":"applicationmanageresources-display-component---newResourceUnit--BASE_UNIT_OF_MEASURE"}]}
RESULT: undefined
COMMAND: POST /session/365d56350ece7ddb67f22ecca89c6f97/execute/async - {"script":"<script> [776 bytes]","args":[{"enterText":"Piece","selector":{"id":"application-manageresources-display-component---newResourceUnit--BASE_UNIT_OF_MEASURE","interaction":{"idSuffix":"inner"}},"clearTextFirst":true,"interactionType":"ENTER_TEXT"}]}
RESULT: {"script":"<script> [776 bytes]","args":[{"enterText":"Piece","selector":{"id":"application-manageresources-display-component---newResourceUnit--BASE_UNIT_OF_MEASURE","interaction":{"idSuffix":"inner"}},"clearTextFirst":true,"interactionType":"ENTER_TEXT"}]}
COMMAND: POST /session/365d56350ece7ddb67f22ecca89c6f97/execute/async - {"script":"<script> [1562 bytes]","args":[{"selector":{"id":"application-manageresources-display-component---newResourceUnit--WEIGHT_UNIT","interaction":{"idSuffix":"inner"}},"wdio_ui5_key":"applicationmanageresources-display-component---newResourceUnit--WEIGHT_UNIT"}]}
RESULT: {"script":"<script> [1562 bytes]","args":[{"selector":{"id":"application-manageresources-display-component---newResourceUnit--WEIGHT_UNIT","interaction":{"idSuffix":"inner"}},"wdio_ui5_key":"applicationmanageresources-display-component---newResourceUnit--WEIGHT_UNIT"}]}
RESULT: undefined
COMMAND: POST /session/365d56350ece7ddb67f22ecca89c6f97/execute/async - {"script":"<script> [776 bytes]","args":[{"enterText":"Gram","selector":{"id":"application-manageresources-display-component---newResourceUnit--WEIGHT_UNIT","interaction":{"idSuffix":"inner"}},"clearTextFirst":true,"interactionType":"ENTER_TEXT"}]}
RESULT: {"script":"<script> [776 bytes]","args":[{"enterText":"Gram","selector":{"id":"application-manageresources-display-component---newResourceUnit--WEIGHT_UNIT","interaction":{"idSuffix":"inner"}},"clearTextFirst":true,"interactionType":"ENTER_TEXT"}]}
COMMAND: POST /session/365d56350ece7ddb67f22ecca89c6f97/execute/async - {"script":"<script> [1562 bytes]","args":[{"selector":{"id":"application-manageresources-display-component---newResourceUnit--DIMENSION_UNIT","interaction":{"idSuffix":"inner"}},"wdio_ui5_key":"applicationmanageresources-display-component---newResourceUnit--DIMENSION_UNIT"}]}
RESULT: {"script":"<script> [1562 bytes]","args":[{"selector":{"id":"application-manageresources-display-component---newResourceUnit--DIMENSION_UNIT","interaction":{"idSuffix":"inner"}},"wdio_ui5_key":"applicationmanageresources-display-component---newResourceUnit--DIMENSION_UNIT"}]}
RESULT: undefined
COMMAND: POST /session/365d56350ece7ddb67f22ecca89c6f97/execute/async - {"script":"<script> [776 bytes]","args":[{"enterText":"Meter","selector":{"id":"application-manageresources-display-component---newResourceUnit--DIMENSION_UNIT","interaction":{"idSuffix":"inner"}},"clearTextFirst":true,"interactionType":"ENTER_TEXT"}]}
RESULT: {"script":"<script> [776 bytes]","args":[{"enterText":"Meter","selector":{"id":"application-manageresources-display-component---newResourceUnit--DIMENSION_UNIT","interaction":{"idSuffix":"inner"}},"clearTextFirst":true,"interactionType":"ENTER_TEXT"}]}
COMMAND: POST /session/365d56350ece7ddb67f22ecca89c6f97/execute/async - {"script":"<script> [1562 bytes]","args":[{"selector":{"id":"application-manageresources-display-component---newResourceUnit--newRRUPage-anchBar-application-manageresources-display-component---newResourceUnit--control-anchor","interaction":{"idSuffix":"BDI-content"}},"wdio_ui5_key":"applicationmanageresources-display-component---newResourceUnit--newRRUPage-anchBar-application-manageresources-display-component---newResourceUnit--control-anchor"}]}
RESULT: {"script":"<script> [1562 bytes]","args":[{"selector":{"id":"application-manageresources-display-component---newResourceUnit--newRRUPage-anchBar-application-manageresources-display-component---newResourceUnit--control-anchor","interaction":{"idSuffix":"BDI-content"}},"wdio_ui5_key":"applicationmanageresources-display-component---newResourceUnit--newRRUPage-anchBar-application-manageresources-display-component---newResourceUnit--control-anchor"}]}
RESULT: undefined
COMMAND: POST /session/365d56350ece7ddb67f22ecca89c6f97/element - {"using":"xpath","value":"//*[@id=\"application-manageresources-display-component---newResourceUnit--newRRUPage-anchBar-application-manageresources-display-component---newResourceUnit--control-anchor\"]"}
RESULT: {"using":"xpath","value":"//*[@id=\"application-manageresources-display-component---newResourceUnit--newRRUPage-anchBar-application-manageresources-display-component---newResourceUnit--control-anchor\"]"}
COMMAND: POST /session/365d56350ece7ddb67f22ecca89c6f97/element/f.0CFB565138F0704D782EF1C57C56E9E5.d.034CFF39158BBCB890C93987E7430048.e.13592/click - {}
RESULT: {}
COMMAND: POST /session/365d56350ece7ddb67f22ecca89c6f97/execute/async - {"script":"<script> [1562 bytes]","args":[{"selector":{"id":"application-manageresources-display-component---newResourceUnit--PLANNING_GROUP","interaction":{"idSuffix":"inner"}},"wdio_ui5_key":"applicationmanageresources-display-component---newResourceUnit--PLANNING_GROUP"}]}
COMMAND: GET /session/365d56350ece7ddb67f22ecca89c6f97/screenshot - {}
RESULT: {"script":"<script> [1562 bytes]","args":[{"selector":{"id":"application-manageresources-display-component---newResourceUnit--PLANNING_GROUP","interaction":{"idSuffix":"inner"}},"wdio_ui5_key":"applicationmanageresources-display-component---newResourceUnit--PLANNING_GROUP"}]}
RESULT: undefined
COMMAND: POST /session/365d56350ece7ddb67f22ecca89c6f97/execute/async - {"script":"<script> [776 bytes]","args":[{"enterText":"Heavy Equi","selector":{"id":"application-manageresources-display-component---newResourceUnit--PLANNING_GROUP","interaction":{"idSuffix":"inner"}},"clearTextFirst":true,"interactionType":"ENTER_TEXT"}]}
RESULT: {}
RESULT: {"script":"<script> [776 bytes]","args":[{"enterText":"Heavy Equi","selector":{"id":"application-manageresources-display-component---newResourceUnit--PLANNING_GROUP","interaction":{"idSuffix":"inner"}},"clearTextFirst":true,"interactionType":"ENTER_TEXT"}]}
COMMAND: POST /session/365d56350ece7ddb67f22ecca89c6f97/execute/async - {"script":"<script> [1562 bytes]","args":[{"selector":{"id":"application-manageresources-display-component---newResourceUnit--ITEM_TYPE-arrow"},"wdio_ui5_key":"applicationmanageresources-display-component---newResourceUnit--ITEM_TYPE-arrow"}]}
RESULT: {"script":"<script> [1562 bytes]","args":[{"selector":{"id":"application-manageresources-display-component---newResourceUnit--ITEM_TYPE-arrow"},"wdio_ui5_key":"applicationmanageresources-display-component---newResourceUnit--ITEM_TYPE-arrow"}]}
RESULT: undefined
COMMAND: POST /session/365d56350ece7ddb67f22ecca89c6f97/element - {"using":"xpath","value":"//*[@id=\"application-manageresources-display-component---newResourceUnit--ITEM_TYPE-arrow\"]"}
RESULT: {"using":"xpath","value":"//*[@id=\"application-manageresources-display-component---newResourceUnit--ITEM_TYPE-arrow\"]"}
COMMAND: POST /session/365d56350ece7ddb67f22ecca89c6f97/element/f.0CFB565138F0704D782EF1C57C56E9E5.d.034CFF39158BBCB890C93987E7430048.e.13601/click - {}
RESULT: {}
COMMAND: POST /session/365d56350ece7ddb67f22ecca89c6f97/element - {"using":"xpath","value":"(//span[contains(text(), \"Resource Unit\")])[2]"}
COMMAND: GET /session/365d56350ece7ddb67f22ecca89c6f97/screenshot - {}
RESULT: {"using":"xpath","value":"(//span[contains(text(), \"Resource Unit\")])[2]"}
COMMAND: POST /session/365d56350ece7ddb67f22ecca89c6f97/element/f.0CFB565138F0704D782EF1C57C56E9E5.d.034CFF39158BBCB890C93987E7430048.e.13602/click - {}
RESULT: {}
RESULT: {}
COMMAND: GET /session/365d56350ece7ddb67f22ecca89c6f97/screenshot - {}
RESULT: {}
COMMAND: POST /session/365d56350ece7ddb67f22ecca89c6f97/element - {"using":"css selector","value":"#application-manageresources-display-component---newResourceUnit--btnAddTimeSegment"}
RESULT: {"using":"css selector","value":"#application-manageresources-display-component---newResourceUnit--btnAddTimeSegment"}
COMMAND: GET /session/365d56350ece7ddb67f22ecca89c6f97/element/f.0CFB565138F0704D782EF1C57C56E9E5.d.034CFF39158BBCB890C93987E7430048.e.13609/rect - {}
RESULT: {}
COMMAND: GET /session/365d56350ece7ddb67f22ecca89c6f97/window/rect - {}
RESULT: {}
COMMAND: POST /session/365d56350ece7ddb67f22ecca89c6f97/execute/sync - {"script":"<script> [92 bytes]","args":[]}
RESULT: {"script":"<script> [92 bytes]","args":[]}
COMMAND: POST /session/365d56350ece7ddb67f22ecca89c6f97/actions - {"actions":[{"id":"action51","type":"wheel","parameters":{},"actions":[{"type":"scroll","x":-1888,"y":-32,"deltaX":0,"deltaY":0,"duration":0,"origin":{"element-6066-11e4-a52e-4f735466cecf":"f.0CFB565138F0704D782EF1C57C56E9E5.d.034CFF39158BBCB890C93987E7430048.e.13609"}}]}]}
COMMAND: GET /session/365d56350ece7ddb67f22ecca89c6f97/screenshot - {}
RESULT: {}
COMMAND: POST /session/365d56350ece7ddb67f22ecca89c6f97/execute/sync - {"script":"<script> [79 bytes]","args":[{"element-6066-11e4-a52e-4f735466cecf":"f.0CFB565138F0704D782EF1C57C56E9E5.d.034CFF39158BBCB890C93987E7430048.e.13609","ELEMENT":"f.0CFB565138F0704D782EF1C57C56E9E5.d.034CFF39158BBCB890C93987E7430048.e.13609"},{"block":"start","inline":"nearest"}]}
RESULT: {"script":"<script> [79 bytes]","args":[{"element-6066-11e4-a52e-4f735466cecf":"f.0CFB565138F0704D782EF1C57C56E9E5.d.034CFF39158BBCB890C93987E7430048.e.13609","ELEMENT":"f.0CFB565138F0704D782EF1C57C56E9E5.d.034CFF39158BBCB890C93987E7430048.e.13609"},{"block":"start","inline":"nearest"}]}
COMMAND: POST /session/365d56350ece7ddb67f22ecca89c6f97/execute/async - {"script":"<script> [1562 bytes]","args":[{"selector":{"id":"application-manageresources-display-component---newResourceUnit--btnAddTimeSegment","interaction":{"idSuffix":"inner"}},"wdio_ui5_key":"applicationmanageresources-display-component---newResourceUnit--btnAddTimeSegment"}]}
COMMAND: GET /session/365d56350ece7ddb67f22ecca89c6f97/screenshot - {}
RESULT: {"script":"<script> [1562 bytes]","args":[{"selector":{"id":"application-manageresources-display-component---newResourceUnit--btnAddTimeSegment","interaction":{"idSuffix":"inner"}},"wdio_ui5_key":"applicationmanageresources-display-component---newResourceUnit--btnAddTimeSegment"}]}
RESULT: undefined
COMMAND: POST /session/365d56350ece7ddb67f22ecca89c6f97/element - {"using":"xpath","value":"//*[@id=\"application-manageresources-display-component---newResourceUnit--btnAddTimeSegment\"]"}
RESULT: {}
RESULT: {"using":"xpath","value":"//*[@id=\"application-manageresources-display-component---newResourceUnit--btnAddTimeSegment\"]"}
COMMAND: POST /session/365d56350ece7ddb67f22ecca89c6f97/element/f.0CFB565138F0704D782EF1C57C56E9E5.d.034CFF39158BBCB890C93987E7430048.e.13609/click - {}
RESULT: {}
COMMAND: GET /session/365d56350ece7ddb67f22ecca89c6f97/screenshot - {}
RESULT: {}
COMMAND: POST /session/365d56350ece7ddb67f22ecca89c6f97/element - {"using":"xpath","value":"//input[@id=\"application-manageresources-display-component---newResourceUnit--idRuTSAdmin-application-manageresources-display-component---newResourceUnit--RUTimeSegment-0-inner\"]"}
RESULT: {"using":"xpath","value":"//input[@id=\"application-manageresources-display-component---newResourceUnit--idRuTSAdmin-application-manageresources-display-component---newResourceUnit--RUTimeSegment-0-inner\"]"}
COMMAND: POST /session/365d56350ece7ddb67f22ecca89c6f97/element/f.0CFB565138F0704D782EF1C57C56E9E5.d.034CFF39158BBCB890C93987E7430048.e.13615/clear - {}
RESULT: {}
COMMAND: POST /session/365d56350ece7ddb67f22ecca89c6f97/element/f.0CFB565138F0704D782EF1C57C56E9E5.d.034CFF39158BBCB890C93987E7430048.e.13615/value - {"text":"281"}
COMMAND: GET /session/365d56350ece7ddb67f22ecca89c6f97/screenshot - {}
RESULT: {"text":"281"}
COMMAND: GET /session/365d56350ece7ddb67f22ecca89c6f97/screenshot - {}
RESULT: {}
RESULT: {}
COMMAND: POST /session/365d56350ece7ddb67f22ecca89c6f97/element - {"using":"xpath","value":"//li[.//span[text()='281']]"}
RESULT: {"using":"xpath","value":"//li[.//span[text()='281']]"}
COMMAND: POST /session/365d56350ece7ddb67f22ecca89c6f97/element/f.0CFB565138F0704D782EF1C57C56E9E5.d.034CFF39158BBCB890C93987E7430048.e.13627/click - {}
RESULT: {}
COMMAND: GET /session/365d56350ece7ddb67f22ecca89c6f97/screenshot - {}
RESULT: {}
COMMAND: POST /session/365d56350ece7ddb67f22ecca89c6f97/element - {"using":"xpath","value":"(//span[contains(@id, \"-application-manageresources-display-component---newResourceUnit--RUTimeSegment-0-arrow\")])[6]"}
RESULT: {"using":"xpath","value":"(//span[contains(@id, \"-application-manageresources-display-component---newResourceUnit--RUTimeSegment-0-arrow\")])[6]"}
COMMAND: POST /session/365d56350ece7ddb67f22ecca89c6f97/element/f.0CFB565138F0704D782EF1C57C56E9E5.d.034CFF39158BBCB890C93987E7430048.e.13628/click - {}
RESULT: {}
COMMAND: GET /session/365d56350ece7ddb67f22ecca89c6f97/screenshot - {}
RESULT: {}
COMMAND: POST /session/365d56350ece7ddb67f22ecca89c6f97/element - {"using":"xpath","value":"//span[contains(text(), \"PM Order\")]"}
RESULT: {"using":"xpath","value":"//span[contains(text(), \"PM Order\")]"}
COMMAND: POST /session/365d56350ece7ddb67f22ecca89c6f97/element/f.0CFB565138F0704D782EF1C57C56E9E5.d.034CFF39158BBCB890C93987E7430048.e.13631/click - {}
RESULT: {}
COMMAND: GET /session/365d56350ece7ddb67f22ecca89c6f97/screenshot - {}
RESULT: {}
COMMAND: POST /session/365d56350ece7ddb67f22ecca89c6f97/element - {"using":"xpath","value":"(//span[contains(@id ,\"manageresources-display-component---newResourceUnit--RUTimeSegment-0-vhi\")])[1]"}
RESULT: {"using":"xpath","value":"(//span[contains(@id ,\"manageresources-display-component---newResourceUnit--RUTimeSegment-0-vhi\")])[1]"}
COMMAND: GET /session/365d56350ece7ddb67f22ecca89c6f97/element/f.0CFB565138F0704D782EF1C57C56E9E5.d.034CFF39158BBCB890C93987E7430048.e.13635/rect - {}
RESULT: {}
COMMAND: GET /session/365d56350ece7ddb67f22ecca89c6f97/window/rect - {}
RESULT: {}
COMMAND: POST /session/365d56350ece7ddb67f22ecca89c6f97/execute/sync - {"script":"<script> [92 bytes]","args":[]}
RESULT: {"script":"<script> [92 bytes]","args":[]}
COMMAND: POST /session/365d56350ece7ddb67f22ecca89c6f97/actions - {"actions":[{"id":"action52","type":"wheel","parameters":{},"actions":[{"type":"scroll","x":-869,"y":-24,"deltaX":0,"deltaY":0,"duration":0,"origin":{"element-6066-11e4-a52e-4f735466cecf":"f.0CFB565138F0704D782EF1C57C56E9E5.d.034CFF39158BBCB890C93987E7430048.e.13635"}}]}]}
COMMAND: GET /session/365d56350ece7ddb67f22ecca89c6f97/screenshot - {}
RESULT: {"actions":[{"id":"action52","type":"wheel","parameters":{},"actions":[{"type":"scroll","x":-869,"y":-24,"deltaX":0,"deltaY":0,"duration":0,"origin":{"element-6066-11e4-a52e-4f735466cecf":"f.0CFB565138F0704D782EF1C57C56E9E5.d.034CFF39158BBCB890C93987E7430048.e.13635"}}]}]}
COMMAND: DELETE /session/365d56350ece7ddb67f22ecca89c6f97/actions - {}
COMMAND: GET /session/365d56350ece7ddb67f22ecca89c6f97/screenshot - {}
RESULT: {}
RESULT: {}
COMMAND: GET /session/365d56350ece7ddb67f22ecca89c6f97/screenshot - {}
RESULT: {}
RESULT: {}
COMMAND: POST /session/365d56350ece7ddb67f22ecca89c6f97/element/f.0CFB565138F0704D782EF1C57C56E9E5.d.034CFF39158BBCB890C93987E7430048.e.13635/click - {}
RESULT: {}
COMMAND: GET /session/365d56350ece7ddb67f22ecca89c6f97/screenshot - {}
RESULT: {}
COMMAND: POST /session/365d56350ece7ddb67f22ecca89c6f97/execute/async - {"script":"<script> [1562 bytes]","args":[{"selector":{"controlType":"sap.m.SearchField","properties":{"placeholder":"Search"},"searchOpenDialogs":true,"interaction":{"idSuffix":"I"}},"wdio_ui5_key":"sapm.SearchField{\"placeholder\":\"Search\"}"}]}
RESULT: {"script":"<script> [1562 bytes]","args":[{"selector":{"controlType":"sap.m.SearchField","properties":{"placeholder":"Search"},"searchOpenDialogs":true,"interaction":{"idSuffix":"I"}},"wdio_ui5_key":"sapm.SearchField{\"placeholder\":\"Search\"}"}]}
RESULT: undefined
COMMAND: POST /session/365d56350ece7ddb67f22ecca89c6f97/execute/async - {"script":"<script> [776 bytes]","args":[{"enterText":"4000360","selector":{"controlType":"sap.m.SearchField","properties":{"placeholder":"Search"},"searchOpenDialogs":true,"interaction":{"idSuffix":"I"}},"clearTextFirst":true,"interactionType":"ENTER_TEXT"}]}
RESULT: {"script":"<script> [776 bytes]","args":[{"enterText":"4000360","selector":{"controlType":"sap.m.SearchField","properties":{"placeholder":"Search"},"searchOpenDialogs":true,"interaction":{"idSuffix":"I"}},"clearTextFirst":true,"interactionType":"ENTER_TEXT"}]}
COMMAND: POST /session/365d56350ece7ddb67f22ecca89c6f97/actions - {"actions":[{"id":"action53","type":"key","parameters":{},"actions":[{"type":"keyDown","value":""},{"type":"pause","duration":10},{"type":"keyUp","value":""}]}]}
RESULT: {"actions":[{"id":"action53","type":"key","parameters":{},"actions":[{"type":"keyDown","value":""},{"type":"pause","duration":10},{"type":"keyUp","value":""}]}]}
COMMAND: GET /session/365d56350ece7ddb67f22ecca89c6f97/screenshot - {}
RESULT: {}
COMMAND: POST /session/365d56350ece7ddb67f22ecca89c6f97/element - {"using":"xpath","value":"//td/div/span[contains(text(), \"BGL Vehicles\")]"}
RESULT: {"using":"xpath","value":"//td/div/span[contains(text(), \"BGL Vehicles\")]"}
COMMAND: POST /session/365d56350ece7ddb67f22ecca89c6f97/element/f.0CFB565138F0704D782EF1C57C56E9E5.d.034CFF39158BBCB890C93987E7430048.e.13656/click - {}
RESULT: {}
COMMAND: GET /session/365d56350ece7ddb67f22ecca89c6f97/screenshot - {}
RESULT: {}
COMMAND: POST /session/365d56350ece7ddb67f22ecca89c6f97/element - {"using":"xpath","value":"//bdi[contains(text(), \"OK\")]"}
RESULT: {"using":"xpath","value":"//bdi[contains(text(), \"OK\")]"}
COMMAND: POST /session/365d56350ece7ddb67f22ecca89c6f97/element/f.0CFB565138F0704D782EF1C57C56E9E5.d.034CFF39158BBCB890C93987E7430048.e.13657/click - {}
RESULT: {}
COMMAND: GET /session/365d56350ece7ddb67f22ecca89c6f97/screenshot - {}
RESULT: {}
COMMAND: POST /session/365d56350ece7ddb67f22ecca89c6f97/execute/async - {"script":"<script> [1562 bytes]","args":[{"selector":{"id":"application-manageresources-display-component---newResourceUnit--newRRUPage-anchBar-application-manageresources-display-component---newResourceUnit--resource-anchor","interaction":{"idSuffix":"BDI-content"}},"wdio_ui5_key":"applicationmanageresources-display-component---newResourceUnit--newRRUPage-anchBar-application-manageresources-display-component---newResourceUnit--resource-anchor"}]}
RESULT: {"script":"<script> [1562 bytes]","args":[{"selector":{"id":"application-manageresources-display-component---newResourceUnit--newRRUPage-anchBar-application-manageresources-display-component---newResourceUnit--resource-anchor","interaction":{"idSuffix":"BDI-content"}},"wdio_ui5_key":"applicationmanageresources-display-component---newResourceUnit--newRRUPage-anchBar-application-manageresources-display-component---newResourceUnit--resource-anchor"}]}
RESULT: undefined
COMMAND: POST /session/365d56350ece7ddb67f22ecca89c6f97/element - {"using":"xpath","value":"//*[@id=\"application-manageresources-display-component---newResourceUnit--newRRUPage-anchBar-application-manageresources-display-component---newResourceUnit--resource-anchor\"]"}
RESULT: {"using":"xpath","value":"//*[@id=\"application-manageresources-display-component---newResourceUnit--newRRUPage-anchBar-application-manageresources-display-component---newResourceUnit--resource-anchor\"]"}
COMMAND: POST /session/365d56350ece7ddb67f22ecca89c6f97/element/f.0CFB565138F0704D782EF1C57C56E9E5.d.034CFF39158BBCB890C93987E7430048.e.13661/click - {}
RESULT: {}
COMMAND: POST /session/365d56350ece7ddb67f22ecca89c6f97/execute/async - {"script":"<script> [1562 bytes]","args":[{"selector":{"id":"application-manageresources-display-component---newResourceUnit--PLANNED_DELIVERY_DATE","interaction":{"idSuffix":"inner"}},"wdio_ui5_key":"applicationmanageresources-display-component---newResourceUnit--PLANNED_DELIVERY_DATE"}]}
COMMAND: GET /session/365d56350ece7ddb67f22ecca89c6f97/screenshot - {}
RESULT: {"script":"<script> [1562 bytes]","args":[{"selector":{"id":"application-manageresources-display-component---newResourceUnit--PLANNED_DELIVERY_DATE","interaction":{"idSuffix":"inner"}},"wdio_ui5_key":"applicationmanageresources-display-component---newResourceUnit--PLANNED_DELIVERY_DATE"}]}
RESULT: undefined
COMMAND: POST /session/365d56350ece7ddb67f22ecca89c6f97/execute/async - {"script":"<script> [6424 bytes]","args":[{"element-6066-11e4-a52e-4f735466cecf":"f.0CFB565138F0704D782EF1C57C56E9E5.d.034CFF39158BBCB890C93987E7430048.e.13491"},"setValue",["5/25/25"]]}
RESULT: {}
RESULT: {"script":"<script> [6424 bytes]","args":[{"element-6066-11e4-a52e-4f735466cecf":"f.0CFB565138F0704D782EF1C57C56E9E5.d.034CFF39158BBCB890C93987E7430048.e.13491"},"setValue",["5/25/25"]]}
COMMAND: POST /session/365d56350ece7ddb67f22ecca89c6f97/element - {"using":"xpath","value":"//label[contains(@class, 'sapMLabelRequired') and .//bdi[contains(text(), 'Planned Retirement')]]"}
RESULT: {"using":"xpath","value":"//label[contains(@class, 'sapMLabelRequired') and .//bdi[contains(text(), 'Planned Retirement')]]"}
COMMAND: POST /session/365d56350ece7ddb67f22ecca89c6f97/elements - {"using":"xpath","value":"//label[contains(@class, 'sapMLabelRequired') and .//bdi[contains(text(), 'Planned Retirement')]]"}
RESULT: {"using":"xpath","value":"//label[contains(@class, 'sapMLabelRequired') and .//bdi[contains(text(), 'Planned Retirement')]]"}
COMMAND: POST /session/365d56350ece7ddb67f22ecca89c6f97/element - {"using":"xpath","value":"//button[@data-kt=\"resourceUnitSaveButton\"]"}
RESULT: {"using":"xpath","value":"//button[@data-kt=\"resourceUnitSaveButton\"]"}
COMMAND: POST /session/365d56350ece7ddb67f22ecca89c6f97/element/f.0CFB565138F0704D782EF1C57C56E9E5.d.034CFF39158BBCB890C93987E7430048.e.13450/click - {}
RESULT: {}
COMMAND: GET /session/365d56350ece7ddb67f22ecca89c6f97/screenshot - {}
RESULT: {}
COMMAND: POST /session/365d56350ece7ddb67f22ecca89c6f97/element - {"using":"xpath","value":"//bdi[contains(text(), \"Close\")]"}
RESULT: {"using":"xpath","value":"//bdi[contains(text(), \"Close\")]"}
COMMAND: POST /session/365d56350ece7ddb67f22ecca89c6f97/element/f.0CFB565138F0704D782EF1C57C56E9E5.d.034CFF39158BBCB890C93987E7430048.e.13671/click - {}
RESULT: {}
COMMAND: GET /session/365d56350ece7ddb67f22ecca89c6f97/screenshot - {}
COMMAND: POST /session/365d56350ece7ddb67f22ecca89c6f97/element - {"using":"xpath","value":"(//button[contains(@id ,\"actionsToolbar-overflowButton\")])[1]"}
RESULT: {}
RESULT: {"using":"xpath","value":"(//button[contains(@id ,\"actionsToolbar-overflowButton\")])[1]"}
COMMAND: POST /session/365d56350ece7ddb67f22ecca89c6f97/element/f.0CFB565138F0704D782EF1C57C56E9E5.d.034CFF39158BBCB890C93987E7430048.e.13703/click - {}
RESULT: {}
COMMAND: GET /session/365d56350ece7ddb67f22ecca89c6f97/screenshot - {}
RESULT: {}
COMMAND: POST /session/365d56350ece7ddb67f22ecca89c6f97/element - {"using":"xpath","value":"//button[@data-kt=\"priceInfoButton\"]"}
RESULT: {"using":"xpath","value":"//button[@data-kt=\"priceInfoButton\"]"}
COMMAND: POST /session/365d56350ece7ddb67f22ecca89c6f97/element/f.0CFB565138F0704D782EF1C57C56E9E5.d.034CFF39158BBCB890C93987E7430048.e.13705/click - {}
RESULT: {}
COMMAND: GET /session/365d56350ece7ddb67f22ecca89c6f97/screenshot - {}
]]></system-out>
    </testcase>
    <testcase classname="chrome.136_0_7103_93.windows.Performance_based_billing_(work_days)_US139742" name="Should create a pricing rule perf based on the equipment" time="54.618">
      <system-out><![CDATA[
COMMAND: POST /session/365d56350ece7ddb67f22ecca89c6f97/element - {"using":"xpath","value":"//button[@data-kt=\"addButton\"]"}
RESULT: {}
RESULT: {"using":"xpath","value":"//button[@data-kt=\"addButton\"]"}
COMMAND: POST /session/365d56350ece7ddb67f22ecca89c6f97/elements - {"using":"xpath","value":"//button[@data-kt=\"addButton\"]"}
RESULT: {"using":"xpath","value":"//button[@data-kt=\"addButton\"]"}
COMMAND: POST /session/365d56350ece7ddb67f22ecca89c6f97/execute/sync - {"script":"<script> [8489 bytes]","args":[{"element-6066-11e4-a52e-4f735466cecf":"f.0CFB565138F0704D782EF1C57C56E9E5.d.034CFF39158BBCB890C93987E7430048.e.13741","ELEMENT":"f.0CFB565138F0704D782EF1C57C56E9E5.d.034CFF39158BBCB890C93987E7430048.e.13741"}]}
RESULT: {"script":"<script> [8489 bytes]","args":[{"element-6066-11e4-a52e-4f735466cecf":"f.0CFB565138F0704D782EF1C57C56E9E5.d.034CFF39158BBCB890C93987E7430048.e.13741","ELEMENT":"f.0CFB565138F0704D782EF1C57C56E9E5.d.034CFF39158BBCB890C93987E7430048.e.13741"}]}
COMMAND: GET /session/365d56350ece7ddb67f22ecca89c6f97/element/f.0CFB565138F0704D782EF1C57C56E9E5.d.034CFF39158BBCB890C93987E7430048.e.13741/enabled - {}
COMMAND: GET /session/365d56350ece7ddb67f22ecca89c6f97/screenshot - {}
RESULT: {}
COMMAND: POST /session/365d56350ece7ddb67f22ecca89c6f97/execute/sync - {"script":"<script> [8489 bytes]","args":[{"element-6066-11e4-a52e-4f735466cecf":"f.0CFB565138F0704D782EF1C57C56E9E5.d.034CFF39158BBCB890C93987E7430048.e.13741","ELEMENT":"f.0CFB565138F0704D782EF1C57C56E9E5.d.034CFF39158BBCB890C93987E7430048.e.13741"}]}
COMMAND: GET /session/365d56350ece7ddb67f22ecca89c6f97/screenshot - {}
RESULT: {}
RESULT: {"script":"<script> [8489 bytes]","args":[{"element-6066-11e4-a52e-4f735466cecf":"f.0CFB565138F0704D782EF1C57C56E9E5.d.034CFF39158BBCB890C93987E7430048.e.13741","ELEMENT":"f.0CFB565138F0704D782EF1C57C56E9E5.d.034CFF39158BBCB890C93987E7430048.e.13741"}]}
COMMAND: POST /session/365d56350ece7ddb67f22ecca89c6f97/execute/sync - {"script":"<script> [5351 bytes]","args":[{"element-6066-11e4-a52e-4f735466cecf":"f.0CFB565138F0704D782EF1C57C56E9E5.d.034CFF39158BBCB890C93987E7430048.e.13741","ELEMENT":"f.0CFB565138F0704D782EF1C57C56E9E5.d.034CFF39158BBCB890C93987E7430048.e.13741"}]}
COMMAND: GET /session/365d56350ece7ddb67f22ecca89c6f97/screenshot - {}
RESULT: {}
RESULT: {"script":"<script> [5351 bytes]","args":[{"element-6066-11e4-a52e-4f735466cecf":"f.0CFB565138F0704D782EF1C57C56E9E5.d.034CFF39158BBCB890C93987E7430048.e.13741","ELEMENT":"f.0CFB565138F0704D782EF1C57C56E9E5.d.034CFF39158BBCB890C93987E7430048.e.13741"}]}
COMMAND: POST /session/365d56350ece7ddb67f22ecca89c6f97/element/f.0CFB565138F0704D782EF1C57C56E9E5.d.034CFF39158BBCB890C93987E7430048.e.13741/click - {}
COMMAND: GET /session/365d56350ece7ddb67f22ecca89c6f97/screenshot - {}
RESULT: {}
RESULT: {}
COMMAND: GET /session/365d56350ece7ddb67f22ecca89c6f97/screenshot - {}
RESULT: {}
RESULT: {}
COMMAND: POST /session/365d56350ece7ddb67f22ecca89c6f97/execute/async - {"script":"<script> [1562 bytes]","args":[{"selector":{"controlType":"sap.m.Title","viewName":"etm.portal.ui.managepricingrules.view.NewItem","viewId":"application-managepricingrules-display-component---newInfoPriceItem","properties":{"text":"New Pricing Rules - Item Level"}},"wdio_ui5_key":"etmportal.ui.managepricingrules.view.NewItemsap.m.Title{\"text\":\"New Pricing Rules - Item Level\"}"}]}
RESULT: {"script":"<script> [1562 bytes]","args":[{"selector":{"controlType":"sap.m.Title","viewName":"etm.portal.ui.managepricingrules.view.NewItem","viewId":"application-managepricingrules-display-component---newInfoPriceItem","properties":{"text":"New Pricing Rules - Item Level"}},"wdio_ui5_key":"etmportal.ui.managepricingrules.view.NewItemsap.m.Title{\"text\":\"New Pricing Rules - Item Level\"}"}]}
RESULT: undefined
COMMAND: POST /session/365d56350ece7ddb67f22ecca89c6f97/execute/async - {"script":"<script> [6424 bytes]","args":[{"element-6066-11e4-a52e-4f735466cecf":"f.0CFB565138F0704D782EF1C57C56E9E5.d.034CFF39158BBCB890C93987E7430048.e.13869"},"getText",[]]}
RESULT: {"script":"<script> [6424 bytes]","args":[{"element-6066-11e4-a52e-4f735466cecf":"f.0CFB565138F0704D782EF1C57C56E9E5.d.034CFF39158BBCB890C93987E7430048.e.13869"},"getText",[]]}
COMMAND: POST /session/365d56350ece7ddb67f22ecca89c6f97/execute/async - {"script":"<script> [1562 bytes]","args":[{"selector":{"id":"application-managepricingrules-display-component---newInfoPriceItem--condValidTo","interaction":{"idSuffix":"inner"}},"wdio_ui5_key":"applicationmanagepricingrules-display-component---newInfoPriceItem--condValidTo"}]}
RESULT: {"script":"<script> [1562 bytes]","args":[{"selector":{"id":"application-managepricingrules-display-component---newInfoPriceItem--condValidTo","interaction":{"idSuffix":"inner"}},"wdio_ui5_key":"applicationmanagepricingrules-display-component---newInfoPriceItem--condValidTo"}]}
RESULT: undefined
COMMAND: POST /session/365d56350ece7ddb67f22ecca89c6f97/execute/async - {"script":"<script> [776 bytes]","args":[{"enterText":"1/25/26","selector":{"id":"application-managepricingrules-display-component---newInfoPriceItem--condValidTo","interaction":{"idSuffix":"inner"}},"clearTextFirst":true,"interactionType":"ENTER_TEXT"}]}
RESULT: {"script":"<script> [776 bytes]","args":[{"enterText":"1/25/26","selector":{"id":"application-managepricingrules-display-component---newInfoPriceItem--condValidTo","interaction":{"idSuffix":"inner"}},"clearTextFirst":true,"interactionType":"ENTER_TEXT"}]}
COMMAND: POST /session/365d56350ece7ddb67f22ecca89c6f97/execute/async - {"script":"<script> [1562 bytes]","args":[{"selector":{"id":"application-managepricingrules-display-component---newInfoPriceItem--billType-arrow"},"wdio_ui5_key":"applicationmanagepricingrules-display-component---newInfoPriceItem--billType-arrow"}]}
RESULT: {"script":"<script> [1562 bytes]","args":[{"selector":{"id":"application-managepricingrules-display-component---newInfoPriceItem--billType-arrow"},"wdio_ui5_key":"applicationmanagepricingrules-display-component---newInfoPriceItem--billType-arrow"}]}
RESULT: undefined
COMMAND: POST /session/365d56350ece7ddb67f22ecca89c6f97/element - {"using":"xpath","value":"//*[@id=\"application-managepricingrules-display-component---newInfoPriceItem--billType-arrow\"]"}
RESULT: {"using":"xpath","value":"//*[@id=\"application-managepricingrules-display-component---newInfoPriceItem--billType-arrow\"]"}
COMMAND: POST /session/365d56350ece7ddb67f22ecca89c6f97/element/f.0CFB565138F0704D782EF1C57C56E9E5.d.034CFF39158BBCB890C93987E7430048.e.13871/click - {}
RESULT: {}
COMMAND: POST /session/365d56350ece7ddb67f22ecca89c6f97/element - {"using":"xpath","value":"//span[contains(text(), \"PB - Performance based\")]"}
COMMAND: GET /session/365d56350ece7ddb67f22ecca89c6f97/screenshot - {}
RESULT: {"using":"xpath","value":"//span[contains(text(), \"PB - Performance based\")]"}
COMMAND: POST /session/365d56350ece7ddb67f22ecca89c6f97/element/f.0CFB565138F0704D782EF1C57C56E9E5.d.034CFF39158BBCB890C93987E7430048.e.13872/click - {}
RESULT: {}
RESULT: {}
COMMAND: POST /session/365d56350ece7ddb67f22ecca89c6f97/execute/async - {"script":"<script> [1562 bytes]","args":[{"selector":{"id":"application-managepricingrules-display-component---newInfoPriceItem--priceProc-arrow"},"wdio_ui5_key":"applicationmanagepricingrules-display-component---newInfoPriceItem--priceProc-arrow"}]}
COMMAND: GET /session/365d56350ece7ddb67f22ecca89c6f97/screenshot - {}
RESULT: {"script":"<script> [1562 bytes]","args":[{"selector":{"id":"application-managepricingrules-display-component---newInfoPriceItem--priceProc-arrow"},"wdio_ui5_key":"applicationmanagepricingrules-display-component---newInfoPriceItem--priceProc-arrow"}]}
RESULT: undefined
COMMAND: POST /session/365d56350ece7ddb67f22ecca89c6f97/element - {"using":"xpath","value":"//*[@id=\"application-managepricingrules-display-component---newInfoPriceItem--priceProc-arrow\"]"}
RESULT: {}
RESULT: {"using":"xpath","value":"//*[@id=\"application-managepricingrules-display-component---newInfoPriceItem--priceProc-arrow\"]"}
COMMAND: POST /session/365d56350ece7ddb67f22ecca89c6f97/element/f.0CFB565138F0704D782EF1C57C56E9E5.d.034CFF39158BBCB890C93987E7430048.e.13873/click - {}
RESULT: {}
COMMAND: POST /session/365d56350ece7ddb67f22ecca89c6f97/element - {"using":"xpath","value":"//span[contains(text(), \"PRF - Performance based\")]"}
COMMAND: GET /session/365d56350ece7ddb67f22ecca89c6f97/screenshot - {}
RESULT: {"using":"xpath","value":"//span[contains(text(), \"PRF - Performance based\")]"}
COMMAND: POST /session/365d56350ece7ddb67f22ecca89c6f97/element/f.0CFB565138F0704D782EF1C57C56E9E5.d.034CFF39158BBCB890C93987E7430048.e.13874/click - {}
RESULT: {}
RESULT: {}
COMMAND: POST /session/365d56350ece7ddb67f22ecca89c6f97/execute/async - {"script":"<script> [1562 bytes]","args":[{"selector":{"id":"application-managepricingrules-display-component---newInfoPriceItem--calcBase-arrow"},"wdio_ui5_key":"applicationmanagepricingrules-display-component---newInfoPriceItem--calcBase-arrow"}]}
COMMAND: GET /session/365d56350ece7ddb67f22ecca89c6f97/screenshot - {}
RESULT: {"script":"<script> [1562 bytes]","args":[{"selector":{"id":"application-managepricingrules-display-component---newInfoPriceItem--calcBase-arrow"},"wdio_ui5_key":"applicationmanagepricingrules-display-component---newInfoPriceItem--calcBase-arrow"}]}
RESULT: undefined
COMMAND: POST /session/365d56350ece7ddb67f22ecca89c6f97/element - {"using":"xpath","value":"//*[@id=\"application-managepricingrules-display-component---newInfoPriceItem--calcBase-arrow\"]"}
RESULT: {}
RESULT: {"using":"xpath","value":"//*[@id=\"application-managepricingrules-display-component---newInfoPriceItem--calcBase-arrow\"]"}
COMMAND: POST /session/365d56350ece7ddb67f22ecca89c6f97/element/f.0CFB565138F0704D782EF1C57C56E9E5.d.034CFF39158BBCB890C93987E7430048.e.13845/click - {}
RESULT: {}
COMMAND: GET /session/365d56350ece7ddb67f22ecca89c6f97/screenshot - {}
RESULT: {}
COMMAND: POST /session/365d56350ece7ddb67f22ecca89c6f97/element - {"using":"xpath","value":"//span[contains(text(), \"0007 - PB(work days)\")]"}
RESULT: {"using":"xpath","value":"//span[contains(text(), \"0007 - PB(work days)\")]"}
COMMAND: POST /session/365d56350ece7ddb67f22ecca89c6f97/element/f.0CFB565138F0704D782EF1C57C56E9E5.d.034CFF39158BBCB890C93987E7430048.e.13875/click - {}
RESULT: {}
COMMAND: GET /session/365d56350ece7ddb67f22ecca89c6f97/screenshot - {}
RESULT: {}
COMMAND: POST /session/365d56350ece7ddb67f22ecca89c6f97/execute/async - {"script":"<script> [1562 bytes]","args":[{"selector":{"id":"application-managepricingrules-display-component---newInfoPriceItem--hoursMonth","interaction":{"idSuffix":"inner"}},"wdio_ui5_key":"applicationmanagepricingrules-display-component---newInfoPriceItem--hoursMonth"}]}
RESULT: {"script":"<script> [1562 bytes]","args":[{"selector":{"id":"application-managepricingrules-display-component---newInfoPriceItem--hoursMonth","interaction":{"idSuffix":"inner"}},"wdio_ui5_key":"applicationmanagepricingrules-display-component---newInfoPriceItem--hoursMonth"}]}
RESULT: undefined
COMMAND: POST /session/365d56350ece7ddb67f22ecca89c6f97/execute/async - {"script":"<script> [776 bytes]","args":[{"enterText":"160","selector":{"id":"application-managepricingrules-display-component---newInfoPriceItem--hoursMonth","interaction":{"idSuffix":"inner"}},"clearTextFirst":true,"interactionType":"ENTER_TEXT"}]}
RESULT: {"script":"<script> [776 bytes]","args":[{"enterText":"160","selector":{"id":"application-managepricingrules-display-component---newInfoPriceItem--hoursMonth","interaction":{"idSuffix":"inner"}},"clearTextFirst":true,"interactionType":"ENTER_TEXT"}]}
COMMAND: POST /session/365d56350ece7ddb67f22ecca89c6f97/element - {"using":"xpath","value":"//button[@data-kt=\"saveNewRuleButton\"]"}
RESULT: {"using":"xpath","value":"//button[@data-kt=\"saveNewRuleButton\"]"}
COMMAND: POST /session/365d56350ece7ddb67f22ecca89c6f97/element/f.0CFB565138F0704D782EF1C57C56E9E5.d.034CFF39158BBCB890C93987E7430048.e.13857/click - {}
RESULT: {}
COMMAND: GET /session/365d56350ece7ddb67f22ecca89c6f97/screenshot - {}
RESULT: {}
COMMAND: POST /session/365d56350ece7ddb67f22ecca89c6f97/execute/async - {"script":"<script> [1562 bytes]","args":[{"selector":{"id":"application-managepricingrules-display-component---priceInfoItem--smartFilterBar-btnBasicSearch","interaction":{"idSuffix":"I"}},"wdio_ui5_key":"applicationmanagepricingrules-display-component---priceInfoItem--smartFilterBar-btnBasicSearch"}]}
RESULT: {"script":"<script> [1562 bytes]","args":[{"selector":{"id":"application-managepricingrules-display-component---priceInfoItem--smartFilterBar-btnBasicSearch","interaction":{"idSuffix":"I"}},"wdio_ui5_key":"applicationmanagepricingrules-display-component---priceInfoItem--smartFilterBar-btnBasicSearch"}]}
RESULT: undefined
COMMAND: POST /session/365d56350ece7ddb67f22ecca89c6f97/execute/async - {"script":"<script> [776 bytes]","args":[{"enterText":"ciQ15pmqiT","selector":{"id":"application-managepricingrules-display-component---priceInfoItem--smartFilterBar-btnBasicSearch","interaction":{"idSuffix":"I"}},"clearTextFirst":true,"interactionType":"ENTER_TEXT"}]}
RESULT: {"script":"<script> [776 bytes]","args":[{"enterText":"ciQ15pmqiT","selector":{"id":"application-managepricingrules-display-component---priceInfoItem--smartFilterBar-btnBasicSearch","interaction":{"idSuffix":"I"}},"clearTextFirst":true,"interactionType":"ENTER_TEXT"}]}
COMMAND: POST /session/365d56350ece7ddb67f22ecca89c6f97/actions - {"actions":[{"id":"action54","type":"key","parameters":{},"actions":[{"type":"keyDown","value":""},{"type":"pause","duration":10},{"type":"keyUp","value":""}]}]}
RESULT: {"actions":[{"id":"action54","type":"key","parameters":{},"actions":[{"type":"keyDown","value":""},{"type":"pause","duration":10},{"type":"keyUp","value":""}]}]}
COMMAND: GET /session/365d56350ece7ddb67f22ecca89c6f97/screenshot - {}
RESULT: {}
COMMAND: POST /session/365d56350ece7ddb67f22ecca89c6f97/element - {"using":"xpath","value":"//span[@id=\"application-managepricingrules-display-component---priceInfoItem--smartTable-header-inner\"]"}
RESULT: {"using":"xpath","value":"//span[@id=\"application-managepricingrules-display-component---priceInfoItem--smartTable-header-inner\"]"}
COMMAND: POST /session/365d56350ece7ddb67f22ecca89c6f97/elements - {"using":"xpath","value":"//span[@id=\"application-managepricingrules-display-component---priceInfoItem--smartTable-header-inner\"]"}
RESULT: {"using":"xpath","value":"//span[@id=\"application-managepricingrules-display-component---priceInfoItem--smartTable-header-inner\"]"}
COMMAND: POST /session/365d56350ece7ddb67f22ecca89c6f97/execute/sync - {"script":"<script> [56 bytes]","args":[{"element-6066-11e4-a52e-4f735466cecf":"f.0CFB565138F0704D782EF1C57C56E9E5.d.034CFF39158BBCB890C93987E7430048.e.13898","ELEMENT":"f.0CFB565138F0704D782EF1C57C56E9E5.d.034CFF39158BBCB890C93987E7430048.e.13898"}]}
RESULT: {"script":"<script> [56 bytes]","args":[{"element-6066-11e4-a52e-4f735466cecf":"f.0CFB565138F0704D782EF1C57C56E9E5.d.034CFF39158BBCB890C93987E7430048.e.13898","ELEMENT":"f.0CFB565138F0704D782EF1C57C56E9E5.d.034CFF39158BBCB890C93987E7430048.e.13898"}]}
COMMAND: POST /session/365d56350ece7ddb67f22ecca89c6f97/element - {"using":"css selector","value":"#shell-header-logo"}
COMMAND: GET /session/365d56350ece7ddb67f22ecca89c6f97/screenshot - {}
RESULT: {"using":"css selector","value":"#shell-header-logo"}
COMMAND: POST /session/365d56350ece7ddb67f22ecca89c6f97/element/f.0CFB565138F0704D782EF1C57C56E9E5.d.034CFF39158BBCB890C93987E7430048.e.13044/click - {}
RESULT: {}
RESULT: {}
COMMAND: GET /session/365d56350ece7ddb67f22ecca89c6f97/screenshot - {}
RESULT: {}
]]></system-out>
    </testcase>
    <testcase classname="chrome.136_0_7103_93.windows.Performance_based_billing_(work_days)_US139742" name="Should create a performance based billing condition on the equipment" time="80.43">
      <system-out><![CDATA[
COMMAND: POST /session/365d56350ece7ddb67f22ecca89c6f97/execute/async - {"script":"<script> [1562 bytes]","args":[{"selector":{"controlType":"sap.m.GenericTile","properties":{"header":"Manage Conditions & Prices"}},"wdio_ui5_key":"sapm.GenericTile{\"header\":\"Manage Conditions & Prices\"}"}]}
RESULT: {"script":"<script> [1562 bytes]","args":[{"selector":{"controlType":"sap.m.GenericTile","properties":{"header":"Manage Conditions & Prices"}},"wdio_ui5_key":"sapm.GenericTile{\"header\":\"Manage Conditions & Prices\"}"}]}
RESULT: undefined
COMMAND: POST /session/365d56350ece7ddb67f22ecca89c6f97/element - {"using":"xpath","value":"//*[@id=\"__tile53\"]"}
RESULT: {"using":"xpath","value":"//*[@id=\"__tile53\"]"}
COMMAND: POST /session/365d56350ece7ddb67f22ecca89c6f97/element/f.0CFB565138F0704D782EF1C57C56E9E5.d.034CFF39158BBCB890C93987E7430048.e.12984/click - {}
RESULT: {}
COMMAND: GET /session/365d56350ece7ddb67f22ecca89c6f97/screenshot - {}
RESULT: {}
COMMAND: POST /session/365d56350ece7ddb67f22ecca89c6f97/elements - {"using":"xpath","value":"//span[text()='Error']"}
RESULT: {"using":"xpath","value":"//span[text()='Error']"}
COMMAND: POST /session/365d56350ece7ddb67f22ecca89c6f97/element - {"using":"xpath","value":"//button[@aria-label=\"Create\"]"}
RESULT: {"using":"xpath","value":"//button[@aria-label=\"Create\"]"}
COMMAND: POST /session/365d56350ece7ddb67f22ecca89c6f97/elements - {"using":"xpath","value":"//button[@aria-label=\"Create\"]"}
RESULT: {"using":"xpath","value":"//button[@aria-label=\"Create\"]"}
COMMAND: POST /session/365d56350ece7ddb67f22ecca89c6f97/execute/sync - {"script":"<script> [8489 bytes]","args":[{"element-6066-11e4-a52e-4f735466cecf":"f.0CFB565138F0704D782EF1C57C56E9E5.d.034CFF39158BBCB890C93987E7430048.e.13934","ELEMENT":"f.0CFB565138F0704D782EF1C57C56E9E5.d.034CFF39158BBCB890C93987E7430048.e.13934"}]}
RESULT: {"script":"<script> [8489 bytes]","args":[{"element-6066-11e4-a52e-4f735466cecf":"f.0CFB565138F0704D782EF1C57C56E9E5.d.034CFF39158BBCB890C93987E7430048.e.13934","ELEMENT":"f.0CFB565138F0704D782EF1C57C56E9E5.d.034CFF39158BBCB890C93987E7430048.e.13934"}]}
COMMAND: GET /session/365d56350ece7ddb67f22ecca89c6f97/element/f.0CFB565138F0704D782EF1C57C56E9E5.d.034CFF39158BBCB890C93987E7430048.e.13934/enabled - {}
COMMAND: GET /session/365d56350ece7ddb67f22ecca89c6f97/screenshot - {}
RESULT: {}
COMMAND: POST /session/365d56350ece7ddb67f22ecca89c6f97/execute/sync - {"script":"<script> [8489 bytes]","args":[{"element-6066-11e4-a52e-4f735466cecf":"f.0CFB565138F0704D782EF1C57C56E9E5.d.034CFF39158BBCB890C93987E7430048.e.13934","ELEMENT":"f.0CFB565138F0704D782EF1C57C56E9E5.d.034CFF39158BBCB890C93987E7430048.e.13934"}]}
COMMAND: GET /session/365d56350ece7ddb67f22ecca89c6f97/screenshot - {}
RESULT: {}
RESULT: {"script":"<script> [8489 bytes]","args":[{"element-6066-11e4-a52e-4f735466cecf":"f.0CFB565138F0704D782EF1C57C56E9E5.d.034CFF39158BBCB890C93987E7430048.e.13934","ELEMENT":"f.0CFB565138F0704D782EF1C57C56E9E5.d.034CFF39158BBCB890C93987E7430048.e.13934"}]}
COMMAND: POST /session/365d56350ece7ddb67f22ecca89c6f97/execute/sync - {"script":"<script> [5351 bytes]","args":[{"element-6066-11e4-a52e-4f735466cecf":"f.0CFB565138F0704D782EF1C57C56E9E5.d.034CFF39158BBCB890C93987E7430048.e.13934","ELEMENT":"f.0CFB565138F0704D782EF1C57C56E9E5.d.034CFF39158BBCB890C93987E7430048.e.13934"}]}
COMMAND: GET /session/365d56350ece7ddb67f22ecca89c6f97/screenshot - {}
RESULT: {}
RESULT: {"script":"<script> [5351 bytes]","args":[{"element-6066-11e4-a52e-4f735466cecf":"f.0CFB565138F0704D782EF1C57C56E9E5.d.034CFF39158BBCB890C93987E7430048.e.13934","ELEMENT":"f.0CFB565138F0704D782EF1C57C56E9E5.d.034CFF39158BBCB890C93987E7430048.e.13934"}]}
COMMAND: POST /session/365d56350ece7ddb67f22ecca89c6f97/element/f.0CFB565138F0704D782EF1C57C56E9E5.d.034CFF39158BBCB890C93987E7430048.e.13934/click - {}
COMMAND: GET /session/365d56350ece7ddb67f22ecca89c6f97/screenshot - {}
RESULT: {}
RESULT: {}
COMMAND: GET /session/365d56350ece7ddb67f22ecca89c6f97/screenshot - {}
RESULT: {}
RESULT: {}
COMMAND: POST /session/365d56350ece7ddb67f22ecca89c6f97/actions - {"actions":[{"id":"action55","type":"key","parameters":{},"actions":[{"type":"keyDown","value":""},{"type":"pause","duration":10},{"type":"keyUp","value":""}]}]}
RESULT: {"actions":[{"id":"action55","type":"key","parameters":{},"actions":[{"type":"keyDown","value":""},{"type":"pause","duration":10},{"type":"keyUp","value":""}]}]}
COMMAND: GET /session/365d56350ece7ddb67f22ecca89c6f97/screenshot - {}
COMMAND: POST /session/365d56350ece7ddb67f22ecca89c6f97/execute/async - {"script":"<script> [1562 bytes]","args":[{"selector":{"id":"application-manageconditionprice-display-component---newCondition--condBillCond-arrow"},"wdio_ui5_key":"applicationmanageconditionprice-display-component---newCondition--condBillCond-arrow"}]}
RESULT: {}
RESULT: {"script":"<script> [1562 bytes]","args":[{"selector":{"id":"application-manageconditionprice-display-component---newCondition--condBillCond-arrow"},"wdio_ui5_key":"applicationmanageconditionprice-display-component---newCondition--condBillCond-arrow"}]}
RESULT: undefined
COMMAND: POST /session/365d56350ece7ddb67f22ecca89c6f97/element - {"using":"xpath","value":"//*[@id=\"application-manageconditionprice-display-component---newCondition--condBillCond-arrow\"]"}
RESULT: {"using":"xpath","value":"//*[@id=\"application-manageconditionprice-display-component---newCondition--condBillCond-arrow\"]"}
COMMAND: POST /session/365d56350ece7ddb67f22ecca89c6f97/element/f.0CFB565138F0704D782EF1C57C56E9E5.d.034CFF39158BBCB890C93987E7430048.e.14114/click - {}
RESULT: {}
COMMAND: GET /session/365d56350ece7ddb67f22ecca89c6f97/screenshot - {}
RESULT: {}
COMMAND: POST /session/365d56350ece7ddb67f22ecca89c6f97/element - {"using":"xpath","value":"//li[.//span[contains(text(), \"PC06 - Performance Price - fuel\")]]"}
RESULT: {"using":"xpath","value":"//li[.//span[contains(text(), \"PC06 - Performance Price - fuel\")]]"}
COMMAND: POST /session/365d56350ece7ddb67f22ecca89c6f97/element/f.0CFB565138F0704D782EF1C57C56E9E5.d.034CFF39158BBCB890C93987E7430048.e.14117/click - {}
RESULT: {}
COMMAND: GET /session/365d56350ece7ddb67f22ecca89c6f97/screenshot - {}
RESULT: {}
COMMAND: POST /session/365d56350ece7ddb67f22ecca89c6f97/execute/async - {"script":"<script> [1562 bytes]","args":[{"selector":{"id":"application-manageconditionprice-display-component---newCondition--condValidTo","interaction":{"idSuffix":"inner"}},"wdio_ui5_key":"applicationmanageconditionprice-display-component---newCondition--condValidTo"}]}
RESULT: {"script":"<script> [1562 bytes]","args":[{"selector":{"id":"application-manageconditionprice-display-component---newCondition--condValidTo","interaction":{"idSuffix":"inner"}},"wdio_ui5_key":"applicationmanageconditionprice-display-component---newCondition--condValidTo"}]}
RESULT: undefined
COMMAND: POST /session/365d56350ece7ddb67f22ecca89c6f97/execute/async - {"script":"<script> [776 bytes]","args":[{"enterText":"1/25/26","selector":{"id":"application-manageconditionprice-display-component---newCondition--condValidTo","interaction":{"idSuffix":"inner"}},"clearTextFirst":true,"interactionType":"ENTER_TEXT"}]}
RESULT: {"script":"<script> [776 bytes]","args":[{"enterText":"1/25/26","selector":{"id":"application-manageconditionprice-display-component---newCondition--condValidTo","interaction":{"idSuffix":"inner"}},"clearTextFirst":true,"interactionType":"ENTER_TEXT"}]}
COMMAND: POST /session/365d56350ece7ddb67f22ecca89c6f97/element - {"using":"xpath","value":"//input[@id=\"application-manageconditionprice-display-component---newCondition--condRU-inner\"]"}
RESULT: {"using":"xpath","value":"//input[@id=\"application-manageconditionprice-display-component---newCondition--condRU-inner\"]"}
COMMAND: POST /session/365d56350ece7ddb67f22ecca89c6f97/element/f.0CFB565138F0704D782EF1C57C56E9E5.d.034CFF39158BBCB890C93987E7430048.e.13979/clear - {}
RESULT: {}
COMMAND: POST /session/365d56350ece7ddb67f22ecca89c6f97/element/f.0CFB565138F0704D782EF1C57C56E9E5.d.034CFF39158BBCB890C93987E7430048.e.13979/value - {"text":"ciQ15pmqiT"}
COMMAND: GET /session/365d56350ece7ddb67f22ecca89c6f97/screenshot - {}
RESULT: {"text":"ciQ15pmqiT"}
COMMAND: GET /session/365d56350ece7ddb67f22ecca89c6f97/screenshot - {}
RESULT: {}
RESULT: {}
COMMAND: POST /session/365d56350ece7ddb67f22ecca89c6f97/actions - {"actions":[{"id":"action56","type":"key","parameters":{},"actions":[{"type":"keyDown","value":""},{"type":"pause","duration":10},{"type":"keyUp","value":""}]}]}
RESULT: {"actions":[{"id":"action56","type":"key","parameters":{},"actions":[{"type":"keyDown","value":""},{"type":"pause","duration":10},{"type":"keyUp","value":""}]}]}
COMMAND: POST /session/365d56350ece7ddb67f22ecca89c6f97/execute/async - {"script":"<script> [1562 bytes]","args":[{"selector":{"id":"application-manageconditionprice-display-component---newCondition--condBaseQty","interaction":{"idSuffix":"inner"}},"wdio_ui5_key":"applicationmanageconditionprice-display-component---newCondition--condBaseQty"}]}
COMMAND: GET /session/365d56350ece7ddb67f22ecca89c6f97/screenshot - {}
RESULT: {"script":"<script> [1562 bytes]","args":[{"selector":{"id":"application-manageconditionprice-display-component---newCondition--condBaseQty","interaction":{"idSuffix":"inner"}},"wdio_ui5_key":"applicationmanageconditionprice-display-component---newCondition--condBaseQty"}]}
RESULT: undefined
COMMAND: POST /session/365d56350ece7ddb67f22ecca89c6f97/execute/async - {"script":"<script> [776 bytes]","args":[{"enterText":"1","selector":{"id":"application-manageconditionprice-display-component---newCondition--condBaseQty","interaction":{"idSuffix":"inner"}},"clearTextFirst":true,"interactionType":"ENTER_TEXT"}]}
RESULT: {}
RESULT: {"script":"<script> [776 bytes]","args":[{"enterText":"1","selector":{"id":"application-manageconditionprice-display-component---newCondition--condBaseQty","interaction":{"idSuffix":"inner"}},"clearTextFirst":true,"interactionType":"ENTER_TEXT"}]}
COMMAND: POST /session/365d56350ece7ddb67f22ecca89c6f97/execute/async - {"script":"<script> [1562 bytes]","args":[{"selector":{"id":"application-manageconditionprice-display-component---newCondition--condValue","interaction":{"idSuffix":"inner"}},"wdio_ui5_key":"applicationmanageconditionprice-display-component---newCondition--condValue"}]}
RESULT: {"script":"<script> [1562 bytes]","args":[{"selector":{"id":"application-manageconditionprice-display-component---newCondition--condValue","interaction":{"idSuffix":"inner"}},"wdio_ui5_key":"applicationmanageconditionprice-display-component---newCondition--condValue"}]}
RESULT: undefined
COMMAND: POST /session/365d56350ece7ddb67f22ecca89c6f97/execute/async - {"script":"<script> [776 bytes]","args":[{"enterText":"10","selector":{"id":"application-manageconditionprice-display-component---newCondition--condValue","interaction":{"idSuffix":"inner"}},"clearTextFirst":true,"interactionType":"ENTER_TEXT"}]}
RESULT: {"script":"<script> [776 bytes]","args":[{"enterText":"10","selector":{"id":"application-manageconditionprice-display-component---newCondition--condValue","interaction":{"idSuffix":"inner"}},"clearTextFirst":true,"interactionType":"ENTER_TEXT"}]}
COMMAND: POST /session/365d56350ece7ddb67f22ecca89c6f97/execute/async - {"script":"<script> [1562 bytes]","args":[{"selector":{"id":"application-manageconditionprice-display-component---newCondition--condCurr-arrow"},"wdio_ui5_key":"applicationmanageconditionprice-display-component---newCondition--condCurr-arrow"}]}
RESULT: {"script":"<script> [1562 bytes]","args":[{"selector":{"id":"application-manageconditionprice-display-component---newCondition--condCurr-arrow"},"wdio_ui5_key":"applicationmanageconditionprice-display-component---newCondition--condCurr-arrow"}]}
RESULT: undefined
COMMAND: POST /session/365d56350ece7ddb67f22ecca89c6f97/element - {"using":"xpath","value":"//*[@id=\"application-manageconditionprice-display-component---newCondition--condCurr-arrow\"]"}
RESULT: {"using":"xpath","value":"//*[@id=\"application-manageconditionprice-display-component---newCondition--condCurr-arrow\"]"}
COMMAND: POST /session/365d56350ece7ddb67f22ecca89c6f97/element/f.0CFB565138F0704D782EF1C57C56E9E5.d.034CFF39158BBCB890C93987E7430048.e.14096/click - {}
RESULT: {}
COMMAND: POST /session/365d56350ece7ddb67f22ecca89c6f97/element - {"using":"xpath","value":"//span[contains(text(), \"Euro\")]"}
COMMAND: GET /session/365d56350ece7ddb67f22ecca89c6f97/screenshot - {}
RESULT: {"using":"xpath","value":"//span[contains(text(), \"Euro\")]"}
COMMAND: POST /session/365d56350ece7ddb67f22ecca89c6f97/element/f.0CFB565138F0704D782EF1C57C56E9E5.d.034CFF39158BBCB890C93987E7430048.e.14152/click - {}
RESULT: {}
RESULT: {}
COMMAND: POST /session/365d56350ece7ddb67f22ecca89c6f97/element - {"using":"xpath","value":"//button[@data-kt=\"saveButton\"]"}
COMMAND: GET /session/365d56350ece7ddb67f22ecca89c6f97/screenshot - {}
RESULT: {"using":"xpath","value":"//button[@data-kt=\"saveButton\"]"}
COMMAND: POST /session/365d56350ece7ddb67f22ecca89c6f97/element/f.0CFB565138F0704D782EF1C57C56E9E5.d.034CFF39158BBCB890C93987E7430048.e.14097/click - {}
RESULT: {}
RESULT: {}
COMMAND: GET /session/365d56350ece7ddb67f22ecca89c6f97/screenshot - {}
RESULT: {}
COMMAND: POST /session/365d56350ece7ddb67f22ecca89c6f97/execute/async - {"script":"<script> [1562 bytes]","args":[{"selector":{"id":"application-manageconditionprice-display-component---conditions--smartFilterBar-btnBasicSearch","interaction":{"idSuffix":"I"}},"wdio_ui5_key":"applicationmanageconditionprice-display-component---conditions--smartFilterBar-btnBasicSearch"}]}
RESULT: {"script":"<script> [1562 bytes]","args":[{"selector":{"id":"application-manageconditionprice-display-component---conditions--smartFilterBar-btnBasicSearch","interaction":{"idSuffix":"I"}},"wdio_ui5_key":"applicationmanageconditionprice-display-component---conditions--smartFilterBar-btnBasicSearch"}]}
RESULT: undefined
COMMAND: POST /session/365d56350ece7ddb67f22ecca89c6f97/execute/async - {"script":"<script> [776 bytes]","args":[{"enterText":"ciQ15pmqiT","selector":{"id":"application-manageconditionprice-display-component---conditions--smartFilterBar-btnBasicSearch","interaction":{"idSuffix":"I"}},"clearTextFirst":true,"interactionType":"ENTER_TEXT"}]}
RESULT: {"script":"<script> [776 bytes]","args":[{"enterText":"ciQ15pmqiT","selector":{"id":"application-manageconditionprice-display-component---conditions--smartFilterBar-btnBasicSearch","interaction":{"idSuffix":"I"}},"clearTextFirst":true,"interactionType":"ENTER_TEXT"}]}
COMMAND: POST /session/365d56350ece7ddb67f22ecca89c6f97/actions - {"actions":[{"id":"action57","type":"key","parameters":{},"actions":[{"type":"keyDown","value":""},{"type":"pause","duration":10},{"type":"keyUp","value":""}]}]}
RESULT: {"actions":[{"id":"action57","type":"key","parameters":{},"actions":[{"type":"keyDown","value":""},{"type":"pause","duration":10},{"type":"keyUp","value":""}]}]}
COMMAND: GET /session/365d56350ece7ddb67f22ecca89c6f97/screenshot - {}
RESULT: {}
COMMAND: POST /session/365d56350ece7ddb67f22ecca89c6f97/execute/async - {"script":"<script> [1562 bytes]","args":[{"selector":{"id":"application-manageconditionprice-display-component---conditions--smartFilterBar-filterItemControl_BASIC-BILL_TYPES-vhi"},"wdio_ui5_key":"applicationmanageconditionprice-display-component---conditions--smartFilterBar-filterItemControl_BASIC-BILL_TYPES-vhi"}]}
RESULT: {"script":"<script> [1562 bytes]","args":[{"selector":{"id":"application-manageconditionprice-display-component---conditions--smartFilterBar-filterItemControl_BASIC-BILL_TYPES-vhi"},"wdio_ui5_key":"applicationmanageconditionprice-display-component---conditions--smartFilterBar-filterItemControl_BASIC-BILL_TYPES-vhi"}]}
RESULT: undefined
COMMAND: POST /session/365d56350ece7ddb67f22ecca89c6f97/element - {"using":"xpath","value":"//*[@id=\"application-manageconditionprice-display-component---conditions--smartFilterBar-filterItemControl_BASIC-BILL_TYPES-vhi\"]"}
RESULT: {"using":"xpath","value":"//*[@id=\"application-manageconditionprice-display-component---conditions--smartFilterBar-filterItemControl_BASIC-BILL_TYPES-vhi\"]"}
COMMAND: POST /session/365d56350ece7ddb67f22ecca89c6f97/element/f.0CFB565138F0704D782EF1C57C56E9E5.d.034CFF39158BBCB890C93987E7430048.e.14168/click - {}
RESULT: {}
COMMAND: POST /session/365d56350ece7ddb67f22ecca89c6f97/execute/async - {"script":"<script> [1562 bytes]","args":[{"selector":{"id":"application-manageconditionprice-display-component---conditions--smartFilterBar-filterItemControl_BASIC-BILL_TYPES-valueHelpDialog-smartFilterBar-btnBasicSearch","searchOpenDialogs":true,"interaction":{"idSuffix":"I"}},"wdio_ui5_key":"applicationmanageconditionprice-display-component---conditions--smartFilterBar-filterItemControl_BASIC-BILL_TYPES-valueHelpDialog-smartFilterBar-btnBasicSearch"}]}
COMMAND: GET /session/365d56350ece7ddb67f22ecca89c6f97/screenshot - {}
RESULT: {"script":"<script> [1562 bytes]","args":[{"selector":{"id":"application-manageconditionprice-display-component---conditions--smartFilterBar-filterItemControl_BASIC-BILL_TYPES-valueHelpDialog-smartFilterBar-btnBasicSearch","searchOpenDialogs":true,"interaction":{"idSuffix":"I"}},"wdio_ui5_key":"applicationmanageconditionprice-display-component---conditions--smartFilterBar-filterItemControl_BASIC-BILL_TYPES-valueHelpDialog-smartFilterBar-btnBasicSearch"}]}
RESULT: undefined
COMMAND: POST /session/365d56350ece7ddb67f22ecca89c6f97/execute/async - {"script":"<script> [776 bytes]","args":[{"enterText":"PB","selector":{"id":"application-manageconditionprice-display-component---conditions--smartFilterBar-filterItemControl_BASIC-BILL_TYPES-valueHelpDialog-smartFilterBar-btnBasicSearch","searchOpenDialogs":true,"interaction":{"idSuffix":"I"}},"clearTextFirst":true,"interactionType":"ENTER_TEXT"}]}
RESULT: {}
RESULT: {"script":"<script> [776 bytes]","args":[{"enterText":"PB","selector":{"id":"application-manageconditionprice-display-component---conditions--smartFilterBar-filterItemControl_BASIC-BILL_TYPES-valueHelpDialog-smartFilterBar-btnBasicSearch","searchOpenDialogs":true,"interaction":{"idSuffix":"I"}},"clearTextFirst":true,"interactionType":"ENTER_TEXT"}]}
COMMAND: POST /session/365d56350ece7ddb67f22ecca89c6f97/actions - {"actions":[{"id":"action58","type":"key","parameters":{},"actions":[{"type":"keyDown","value":""},{"type":"pause","duration":10},{"type":"keyUp","value":""}]}]}
RESULT: {"actions":[{"id":"action58","type":"key","parameters":{},"actions":[{"type":"keyDown","value":""},{"type":"pause","duration":10},{"type":"keyUp","value":""}]}]}
COMMAND: GET /session/365d56350ece7ddb67f22ecca89c6f97/screenshot - {}
RESULT: {}
COMMAND: POST /session/365d56350ece7ddb67f22ecca89c6f97/element - {"using":"xpath","value":"//div[contains(@id, 'application-manageconditionprice-display-component---conditions--smartFilterBar-filterItemControl_BASIC-BILL_TYPES-valueHelpDialog-table-rowsel0')]"}
RESULT: {"using":"xpath","value":"//div[contains(@id, 'application-manageconditionprice-display-component---conditions--smartFilterBar-filterItemControl_BASIC-BILL_TYPES-valueHelpDialog-table-rowsel0')]"}
COMMAND: POST /session/365d56350ece7ddb67f22ecca89c6f97/element/f.0CFB565138F0704D782EF1C57C56E9E5.d.034CFF39158BBCB890C93987E7430048.e.14176/click - {}
RESULT: {}
COMMAND: GET /session/365d56350ece7ddb67f22ecca89c6f97/screenshot - {}
RESULT: {}
COMMAND: POST /session/365d56350ece7ddb67f22ecca89c6f97/element - {"using":"xpath","value":"//bdi[contains(text(), \"OK\")]"}
RESULT: {"using":"xpath","value":"//bdi[contains(text(), \"OK\")]"}
COMMAND: POST /session/365d56350ece7ddb67f22ecca89c6f97/element/f.0CFB565138F0704D782EF1C57C56E9E5.d.034CFF39158BBCB890C93987E7430048.e.14178/click - {}
RESULT: {}
COMMAND: GET /session/365d56350ece7ddb67f22ecca89c6f97/screenshot - {}
RESULT: {}
COMMAND: POST /session/365d56350ece7ddb67f22ecca89c6f97/element - {"using":"xpath","value":"//span[@id=\"application-manageconditionprice-display-component---conditions--smartTable-header-inner\"]"}
RESULT: {"using":"xpath","value":"//span[@id=\"application-manageconditionprice-display-component---conditions--smartTable-header-inner\"]"}
COMMAND: POST /session/365d56350ece7ddb67f22ecca89c6f97/elements - {"using":"xpath","value":"//span[@id=\"application-manageconditionprice-display-component---conditions--smartTable-header-inner\"]"}
RESULT: {"using":"xpath","value":"//span[@id=\"application-manageconditionprice-display-component---conditions--smartTable-header-inner\"]"}
COMMAND: POST /session/365d56350ece7ddb67f22ecca89c6f97/execute/sync - {"script":"<script> [56 bytes]","args":[{"element-6066-11e4-a52e-4f735466cecf":"f.0CFB565138F0704D782EF1C57C56E9E5.d.034CFF39158BBCB890C93987E7430048.e.14181","ELEMENT":"f.0CFB565138F0704D782EF1C57C56E9E5.d.034CFF39158BBCB890C93987E7430048.e.14181"}]}
RESULT: {"script":"<script> [56 bytes]","args":[{"element-6066-11e4-a52e-4f735466cecf":"f.0CFB565138F0704D782EF1C57C56E9E5.d.034CFF39158BBCB890C93987E7430048.e.14181","ELEMENT":"f.0CFB565138F0704D782EF1C57C56E9E5.d.034CFF39158BBCB890C93987E7430048.e.14181"}]}
COMMAND: POST /session/365d56350ece7ddb67f22ecca89c6f97/element - {"using":"css selector","value":"#shell-header-logo"}
COMMAND: GET /session/365d56350ece7ddb67f22ecca89c6f97/screenshot - {}
RESULT: {"using":"css selector","value":"#shell-header-logo"}
COMMAND: POST /session/365d56350ece7ddb67f22ecca89c6f97/element/f.0CFB565138F0704D782EF1C57C56E9E5.d.034CFF39158BBCB890C93987E7430048.e.13901/click - {}
RESULT: {}
RESULT: {}
COMMAND: GET /session/365d56350ece7ddb67f22ecca89c6f97/screenshot - {}
RESULT: {}
]]></system-out>
    </testcase>
    <testcase classname="chrome.136_0_7103_93.windows.Performance_based_billing_(work_days)_US139742" name="Should add a counter to the equipment" time="73.077">
      <system-out><![CDATA[
RESULT: undefined
COMMAND: POST /session/365d56350ece7ddb67f22ecca89c6f97/element - {"using":"xpath","value":"//*[@id=\"__tile39\"]"}
RESULT: {"using":"xpath","value":"//*[@id=\"__tile39\"]"}
COMMAND: POST /session/365d56350ece7ddb67f22ecca89c6f97/element/f.0CFB565138F0704D782EF1C57C56E9E5.d.034CFF39158BBCB890C93987E7430048.e.12946/click - {}
RESULT: {}
COMMAND: GET /session/365d56350ece7ddb67f22ecca89c6f97/screenshot - {}
RESULT: {}
COMMAND: POST /session/365d56350ece7ddb67f22ecca89c6f97/elements - {"using":"xpath","value":"//span[text()='Error']"}
RESULT: {"using":"xpath","value":"//span[text()='Error']"}
COMMAND: POST /session/365d56350ece7ddb67f22ecca89c6f97/execute/async - {"script":"<script> [1562 bytes]","args":[{"selector":{"id":"application-manageresources-display-component---masterRU--smartFilterBar-btnBasicSearch","interaction":{"idSuffix":"I"}},"wdio_ui5_key":"applicationmanageresources-display-component---masterRU--smartFilterBar-btnBasicSearch"}]}
RESULT: {"script":"<script> [1562 bytes]","args":[{"selector":{"id":"application-manageresources-display-component---masterRU--smartFilterBar-btnBasicSearch","interaction":{"idSuffix":"I"}},"wdio_ui5_key":"applicationmanageresources-display-component---masterRU--smartFilterBar-btnBasicSearch"}]}
RESULT: undefined
COMMAND: POST /session/365d56350ece7ddb67f22ecca89c6f97/execute/async - {"script":"<script> [776 bytes]","args":[{"enterText":"ciQ15pmqiT","selector":{"id":"application-manageresources-display-component---masterRU--smartFilterBar-btnBasicSearch","interaction":{"idSuffix":"I"}},"clearTextFirst":true,"interactionType":"ENTER_TEXT"}]}
RESULT: {"script":"<script> [776 bytes]","args":[{"enterText":"ciQ15pmqiT","selector":{"id":"application-manageresources-display-component---masterRU--smartFilterBar-btnBasicSearch","interaction":{"idSuffix":"I"}},"clearTextFirst":true,"interactionType":"ENTER_TEXT"}]}
COMMAND: POST /session/365d56350ece7ddb67f22ecca89c6f97/actions - {"actions":[{"id":"action59","type":"key","parameters":{},"actions":[{"type":"keyDown","value":""},{"type":"pause","duration":10},{"type":"keyUp","value":""}]}]}
RESULT: {"actions":[{"id":"action59","type":"key","parameters":{},"actions":[{"type":"keyDown","value":""},{"type":"pause","duration":10},{"type":"keyUp","value":""}]}]}
COMMAND: GET /session/365d56350ece7ddb67f22ecca89c6f97/screenshot - {}
RESULT: {}
COMMAND: POST /session/365d56350ece7ddb67f22ecca89c6f97/execute/async - {"script":"<script> [1562 bytes]","args":[{"selector":{"id":"application-manageresources-display-component---masterRU--smartTable-header"},"wdio_ui5_key":"applicationmanageresources-display-component---masterRU--smartTable-header"}]}
RESULT: {"script":"<script> [1562 bytes]","args":[{"selector":{"id":"application-manageresources-display-component---masterRU--smartTable-header"},"wdio_ui5_key":"applicationmanageresources-display-component---masterRU--smartTable-header"}]}
RESULT: undefined
COMMAND: POST /session/365d56350ece7ddb67f22ecca89c6f97/execute/async - {"script":"<script> [6424 bytes]","args":[{"element-6066-11e4-a52e-4f735466cecf":"f.0CFB565138F0704D782EF1C57C56E9E5.d.034CFF39158BBCB890C93987E7430048.e.14369"},"getText",[]]}
RESULT: {"script":"<script> [6424 bytes]","args":[{"element-6066-11e4-a52e-4f735466cecf":"f.0CFB565138F0704D782EF1C57C56E9E5.d.034CFF39158BBCB890C93987E7430048.e.14369"},"getText",[]]}
COMMAND: POST /session/365d56350ece7ddb67f22ecca89c6f97/execute/async - {"script":"<script> [1562 bytes]","args":[{"selector":{"controlType":"sap.ui.core.Icon","viewName":"etm.portal.ui.manageresources.view.Master","viewId":"application-manageresources-display-component---masterRU","properties":{"src":{"regex":{"source":"slim\\-arrow\\-right"}}}},"wdio_ui5_key":"etmportal.ui.manageresources.view.Mastersap.ui.core.Icon{\"src\":{\"regex\":{\"source\":\"slim\\\\-arrow\\\\-right\"}}}"}]}
RESULT: {"script":"<script> [1562 bytes]","args":[{"selector":{"controlType":"sap.ui.core.Icon","viewName":"etm.portal.ui.manageresources.view.Master","viewId":"application-manageresources-display-component---masterRU","properties":{"src":{"regex":{"source":"slim\\-arrow\\-right"}}}},"wdio_ui5_key":"etmportal.ui.manageresources.view.Mastersap.ui.core.Icon{\"src\":{\"regex\":{\"source\":\"slim\\\\-arrow\\\\-right\"}}}"}]}
RESULT: undefined
COMMAND: POST /session/365d56350ece7ddb67f22ecca89c6f97/element - {"using":"xpath","value":"//*[@id=\"__item831-__clone2078-imgNav\"]"}
RESULT: {"using":"xpath","value":"//*[@id=\"__item831-__clone2078-imgNav\"]"}
COMMAND: POST /session/365d56350ece7ddb67f22ecca89c6f97/element/f.0CFB565138F0704D782EF1C57C56E9E5.d.034CFF39158BBCB890C93987E7430048.e.14367/click - {}
RESULT: {}
COMMAND: GET /session/365d56350ece7ddb67f22ecca89c6f97/screenshot - {}
COMMAND: POST /session/365d56350ece7ddb67f22ecca89c6f97/element - {"using":"xpath","value":"//bdi[contains(text(), \"Edit\")]"}
RESULT: {}
RESULT: {"using":"xpath","value":"//bdi[contains(text(), \"Edit\")]"}
COMMAND: POST /session/365d56350ece7ddb67f22ecca89c6f97/execute/sync - {"script":"<script> [8489 bytes]","args":[{"element-6066-11e4-a52e-4f735466cecf":"f.0CFB565138F0704D782EF1C57C56E9E5.d.034CFF39158BBCB890C93987E7430048.e.14526","ELEMENT":"f.0CFB565138F0704D782EF1C57C56E9E5.d.034CFF39158BBCB890C93987E7430048.e.14526"}]}
RESULT: {"script":"<script> [8489 bytes]","args":[{"element-6066-11e4-a52e-4f735466cecf":"f.0CFB565138F0704D782EF1C57C56E9E5.d.034CFF39158BBCB890C93987E7430048.e.14526","ELEMENT":"f.0CFB565138F0704D782EF1C57C56E9E5.d.034CFF39158BBCB890C93987E7430048.e.14526"}]}
COMMAND: POST /session/365d56350ece7ddb67f22ecca89c6f97/element/f.0CFB565138F0704D782EF1C57C56E9E5.d.034CFF39158BBCB890C93987E7430048.e.14526/click - {}
COMMAND: GET /session/365d56350ece7ddb67f22ecca89c6f97/screenshot - {}
RESULT: {}
COMMAND: GET /session/365d56350ece7ddb67f22ecca89c6f97/screenshot - {}
RESULT: {}
RESULT: {}
COMMAND: POST /session/365d56350ece7ddb67f22ecca89c6f97/execute/async - {"script":"<script> [1562 bytes]","args":[{"selector":{"id":"application-manageresources-display-component---editResource--editRruPage-anchBar-application-manageresources-display-component---editResource--counters-anchor","interaction":{"idSuffix":"BDI-content"}},"wdio_ui5_key":"applicationmanageresources-display-component---editResource--editRruPage-anchBar-application-manageresources-display-component---editResource--counters-anchor"}]}
RESULT: {"script":"<script> [1562 bytes]","args":[{"selector":{"id":"application-manageresources-display-component---editResource--editRruPage-anchBar-application-manageresources-display-component---editResource--counters-anchor","interaction":{"idSuffix":"BDI-content"}},"wdio_ui5_key":"applicationmanageresources-display-component---editResource--editRruPage-anchBar-application-manageresources-display-component---editResource--counters-anchor"}]}
RESULT: undefined
COMMAND: POST /session/365d56350ece7ddb67f22ecca89c6f97/element - {"using":"xpath","value":"//*[@id=\"application-manageresources-display-component---editResource--editRruPage-anchBar-application-manageresources-display-component---editResource--counters-anchor\"]"}
RESULT: {"using":"xpath","value":"//*[@id=\"application-manageresources-display-component---editResource--editRruPage-anchBar-application-manageresources-display-component---editResource--counters-anchor\"]"}
COMMAND: POST /session/365d56350ece7ddb67f22ecca89c6f97/element/f.0CFB565138F0704D782EF1C57C56E9E5.d.034CFF39158BBCB890C93987E7430048.e.14719/click - {}
RESULT: {}
COMMAND: GET /session/365d56350ece7ddb67f22ecca89c6f97/screenshot - {}
RESULT: {}
COMMAND: POST /session/365d56350ece7ddb67f22ecca89c6f97/execute/async - {"script":"<script> [1562 bytes]","args":[{"selector":{"id":"application-manageresources-display-component---editResource--btnAddCounter-img"},"wdio_ui5_key":"applicationmanageresources-display-component---editResource--btnAddCounter-img"}]}
RESULT: {"script":"<script> [1562 bytes]","args":[{"selector":{"id":"application-manageresources-display-component---editResource--btnAddCounter-img"},"wdio_ui5_key":"applicationmanageresources-display-component---editResource--btnAddCounter-img"}]}
RESULT: undefined
COMMAND: POST /session/365d56350ece7ddb67f22ecca89c6f97/element - {"using":"xpath","value":"//*[@id=\"application-manageresources-display-component---editResource--btnAddCounter-img\"]"}
RESULT: {"using":"xpath","value":"//*[@id=\"application-manageresources-display-component---editResource--btnAddCounter-img\"]"}
COMMAND: POST /session/365d56350ece7ddb67f22ecca89c6f97/element/f.0CFB565138F0704D782EF1C57C56E9E5.d.034CFF39158BBCB890C93987E7430048.e.14724/click - {}
RESULT: {}
COMMAND: POST /session/365d56350ece7ddb67f22ecca89c6f97/execute/async - {"script":"<script> [1562 bytes]","args":[{"selector":{"id":"application-manageresources-display-component---editResource--COUNTER_ID-application-manageresources-display-component---editResource--RUCounters-0-arrow"},"wdio_ui5_key":"applicationmanageresources-display-component---editResource--COUNTER_ID-application-manageresources-display-component---editResource--RUCounters-0-arrow"}]}
COMMAND: GET /session/365d56350ece7ddb67f22ecca89c6f97/screenshot - {}
RESULT: {"script":"<script> [1562 bytes]","args":[{"selector":{"id":"application-manageresources-display-component---editResource--COUNTER_ID-application-manageresources-display-component---editResource--RUCounters-0-arrow"},"wdio_ui5_key":"applicationmanageresources-display-component---editResource--COUNTER_ID-application-manageresources-display-component---editResource--RUCounters-0-arrow"}]}
RESULT: undefined
COMMAND: POST /session/365d56350ece7ddb67f22ecca89c6f97/element - {"using":"xpath","value":"//*[@id=\"application-manageresources-display-component---editResource--COUNTER_ID-application-manageresources-display-component---editResource--RUCounters-0-arrow\"]"}
RESULT: {}
RESULT: {"using":"xpath","value":"//*[@id=\"application-manageresources-display-component---editResource--COUNTER_ID-application-manageresources-display-component---editResource--RUCounters-0-arrow\"]"}
COMMAND: POST /session/365d56350ece7ddb67f22ecca89c6f97/element/f.0CFB565138F0704D782EF1C57C56E9E5.d.034CFF39158BBCB890C93987E7430048.e.14739/click - {}
RESULT: {}
COMMAND: POST /session/365d56350ece7ddb67f22ecca89c6f97/execute/async - {"script":"<script> [1562 bytes]","args":[{"selector":{"controlType":"sap.m.StandardListItem","viewName":"etm.portal.ui.manageresources.view.EditResource","viewId":"application-manageresources-display-component---editResource","properties":{"title":"fuel"},"searchOpenDialogs":true,"interaction":{"idSuffix":"content"}},"wdio_ui5_key":"etmportal.ui.manageresources.view.EditResourcesap.m.StandardListItem{\"title\":\"fuel\"}"}]}
COMMAND: GET /session/365d56350ece7ddb67f22ecca89c6f97/screenshot - {}
RESULT: {"script":"<script> [1562 bytes]","args":[{"selector":{"controlType":"sap.m.StandardListItem","viewName":"etm.portal.ui.manageresources.view.EditResource","viewId":"application-manageresources-display-component---editResource","properties":{"title":"fuel"},"searchOpenDialogs":true,"interaction":{"idSuffix":"content"}},"wdio_ui5_key":"etmportal.ui.manageresources.view.EditResourcesap.m.StandardListItem{\"title\":\"fuel\"}"}]}
RESULT: undefined
COMMAND: POST /session/365d56350ece7ddb67f22ecca89c6f97/element - {"using":"xpath","value":"//*[@id=\"__item1168\"]"}
RESULT: {}
RESULT: {"using":"xpath","value":"//*[@id=\"__item1168\"]"}
COMMAND: POST /session/365d56350ece7ddb67f22ecca89c6f97/element/f.0CFB565138F0704D782EF1C57C56E9E5.d.034CFF39158BBCB890C93987E7430048.e.14741/click - {}
RESULT: {}
COMMAND: POST /session/365d56350ece7ddb67f22ecca89c6f97/execute/async - {"script":"<script> [1562 bytes]","args":[{"selector":{"controlType":"sap.m.Button","viewName":"etm.portal.ui.manageresources.view.EditResource","viewId":"application-manageresources-display-component---editResource","i18NText":{"propertyName":"text","key":"save"},"interaction":{"idSuffix":"BDI-content"}},"wdio_ui5_key":"etmportal.ui.manageresources.view.EditResourcesap.m.Button{\"propertyName\":\"text\",\"key\":\"save\"}"}]}
COMMAND: GET /session/365d56350ece7ddb67f22ecca89c6f97/screenshot - {}
RESULT: {"script":"<script> [1562 bytes]","args":[{"selector":{"controlType":"sap.m.Button","viewName":"etm.portal.ui.manageresources.view.EditResource","viewId":"application-manageresources-display-component---editResource","i18NText":{"propertyName":"text","key":"save"},"interaction":{"idSuffix":"BDI-content"}},"wdio_ui5_key":"etmportal.ui.manageresources.view.EditResourcesap.m.Button{\"propertyName\":\"text\",\"key\":\"save\"}"}]}
RESULT: undefined
COMMAND: POST /session/365d56350ece7ddb67f22ecca89c6f97/element - {"using":"xpath","value":"//*[@id=\"__button198\"]"}
RESULT: {}
RESULT: {"using":"xpath","value":"//*[@id=\"__button198\"]"}
COMMAND: POST /session/365d56350ece7ddb67f22ecca89c6f97/element/f.0CFB565138F0704D782EF1C57C56E9E5.d.034CFF39158BBCB890C93987E7430048.e.14743/click - {}
RESULT: {}
COMMAND: GET /session/365d56350ece7ddb67f22ecca89c6f97/screenshot - {}
RESULT: {}
COMMAND: POST /session/365d56350ece7ddb67f22ecca89c6f97/element - {"using":"css selector","value":"#shell-header-logo"}
RESULT: {"using":"css selector","value":"#shell-header-logo"}
COMMAND: POST /session/365d56350ece7ddb67f22ecca89c6f97/element/f.0CFB565138F0704D782EF1C57C56E9E5.d.034CFF39158BBCB890C93987E7430048.e.14186/click - {}
RESULT: {}
COMMAND: GET /session/365d56350ece7ddb67f22ecca89c6f97/screenshot - {}
RESULT: {}
]]></system-out>
    </testcase>
    <testcase classname="chrome.136_0_7103_93.windows.Performance_based_billing_(work_days)_US139742" name="Should do a stock increase on the yard for the equipment" time="91.155">
      <system-out><![CDATA[
COMMAND: POST /session/365d56350ece7ddb67f22ecca89c6f97/execute/async - {"script":"<script> [1562 bytes]","args":[{"selector":{"controlType":"sap.m.GenericTile","properties":{"header":"Manage Handovers"}},"wdio_ui5_key":"sapm.GenericTile{\"header\":\"Manage Handovers\"}"}]}
RESULT: {"script":"<script> [1562 bytes]","args":[{"selector":{"controlType":"sap.m.GenericTile","properties":{"header":"Manage Handovers"}},"wdio_ui5_key":"sapm.GenericTile{\"header\":\"Manage Handovers\"}"}]}
RESULT: undefined
COMMAND: POST /session/365d56350ece7ddb67f22ecca89c6f97/element - {"using":"xpath","value":"//*[@id=\"__tile132\"]"}
RESULT: {"using":"xpath","value":"//*[@id=\"__tile132\"]"}
COMMAND: POST /session/365d56350ece7ddb67f22ecca89c6f97/element/f.0CFB565138F0704D782EF1C57C56E9E5.d.034CFF39158BBCB890C93987E7430048.e.14753/click - {}
RESULT: {}
COMMAND: GET /session/365d56350ece7ddb67f22ecca89c6f97/screenshot - {}
RESULT: {}
COMMAND: POST /session/365d56350ece7ddb67f22ecca89c6f97/elements - {"using":"xpath","value":"//span[text()='Error']"}
RESULT: {"using":"xpath","value":"//span[text()='Error']"}
COMMAND: POST /session/365d56350ece7ddb67f22ecca89c6f97/element - {"using":"xpath","value":"//button[@data-kt=\"masterHOAddButton\"]"}
RESULT: {"using":"xpath","value":"//button[@data-kt=\"masterHOAddButton\"]"}
COMMAND: POST /session/365d56350ece7ddb67f22ecca89c6f97/elements - {"using":"xpath","value":"//button[@data-kt=\"masterHOAddButton\"]"}
RESULT: {"using":"xpath","value":"//button[@data-kt=\"masterHOAddButton\"]"}
COMMAND: POST /session/365d56350ece7ddb67f22ecca89c6f97/execute/sync - {"script":"<script> [8489 bytes]","args":[{"element-6066-11e4-a52e-4f735466cecf":"f.0CFB565138F0704D782EF1C57C56E9E5.d.034CFF39158BBCB890C93987E7430048.e.14795","ELEMENT":"f.0CFB565138F0704D782EF1C57C56E9E5.d.034CFF39158BBCB890C93987E7430048.e.14795"}]}
RESULT: {"script":"<script> [8489 bytes]","args":[{"element-6066-11e4-a52e-4f735466cecf":"f.0CFB565138F0704D782EF1C57C56E9E5.d.034CFF39158BBCB890C93987E7430048.e.14795","ELEMENT":"f.0CFB565138F0704D782EF1C57C56E9E5.d.034CFF39158BBCB890C93987E7430048.e.14795"}]}
COMMAND: GET /session/365d56350ece7ddb67f22ecca89c6f97/element/f.0CFB565138F0704D782EF1C57C56E9E5.d.034CFF39158BBCB890C93987E7430048.e.14795/enabled - {}
RESULT: {}
COMMAND: POST /session/365d56350ece7ddb67f22ecca89c6f97/execute/sync - {"script":"<script> [8489 bytes]","args":[{"element-6066-11e4-a52e-4f735466cecf":"f.0CFB565138F0704D782EF1C57C56E9E5.d.034CFF39158BBCB890C93987E7430048.e.14795","ELEMENT":"f.0CFB565138F0704D782EF1C57C56E9E5.d.034CFF39158BBCB890C93987E7430048.e.14795"}]}
RESULT: {"script":"<script> [8489 bytes]","args":[{"element-6066-11e4-a52e-4f735466cecf":"f.0CFB565138F0704D782EF1C57C56E9E5.d.034CFF39158BBCB890C93987E7430048.e.14795","ELEMENT":"f.0CFB565138F0704D782EF1C57C56E9E5.d.034CFF39158BBCB890C93987E7430048.e.14795"}]}
COMMAND: POST /session/365d56350ece7ddb67f22ecca89c6f97/execute/sync - {"script":"<script> [5351 bytes]","args":[{"element-6066-11e4-a52e-4f735466cecf":"f.0CFB565138F0704D782EF1C57C56E9E5.d.034CFF39158BBCB890C93987E7430048.e.14795","ELEMENT":"f.0CFB565138F0704D782EF1C57C56E9E5.d.034CFF39158BBCB890C93987E7430048.e.14795"}]}
COMMAND: GET /session/365d56350ece7ddb67f22ecca89c6f97/screenshot - {}
COMMAND: GET /session/365d56350ece7ddb67f22ecca89c6f97/screenshot - {}
COMMAND: GET /session/365d56350ece7ddb67f22ecca89c6f97/screenshot - {}
RESULT: {"script":"<script> [5351 bytes]","args":[{"element-6066-11e4-a52e-4f735466cecf":"f.0CFB565138F0704D782EF1C57C56E9E5.d.034CFF39158BBCB890C93987E7430048.e.14795","ELEMENT":"f.0CFB565138F0704D782EF1C57C56E9E5.d.034CFF39158BBCB890C93987E7430048.e.14795"}]}
COMMAND: POST /session/365d56350ece7ddb67f22ecca89c6f97/element/f.0CFB565138F0704D782EF1C57C56E9E5.d.034CFF39158BBCB890C93987E7430048.e.14795/click - {}
COMMAND: GET /session/365d56350ece7ddb67f22ecca89c6f97/screenshot - {}
RESULT: {}
RESULT: {}
RESULT: {}
RESULT: {}
COMMAND: GET /session/365d56350ece7ddb67f22ecca89c6f97/screenshot - {}
RESULT: {}
RESULT: {}
COMMAND: POST /session/365d56350ece7ddb67f22ecca89c6f97/element - {"using":"xpath","value":"//span[contains(@id ,\"AddNewHO--typeSelect-arrow\")]"}
RESULT: {"using":"xpath","value":"//span[contains(@id ,\"AddNewHO--typeSelect-arrow\")]"}
COMMAND: POST /session/365d56350ece7ddb67f22ecca89c6f97/element/f.0CFB565138F0704D782EF1C57C56E9E5.d.034CFF39158BBCB890C93987E7430048.e.15119/click - {}
RESULT: {}
COMMAND: GET /session/365d56350ece7ddb67f22ecca89c6f97/screenshot - {}
RESULT: {}
COMMAND: POST /session/365d56350ece7ddb67f22ecca89c6f97/element - {"using":"xpath","value":"(//li[contains(text(), \"stock increase yard\")])[1]"}
RESULT: {"using":"xpath","value":"(//li[contains(text(), \"stock increase yard\")])[1]"}
COMMAND: POST /session/365d56350ece7ddb67f22ecca89c6f97/element/f.0CFB565138F0704D782EF1C57C56E9E5.d.034CFF39158BBCB890C93987E7430048.e.15120/click - {}
RESULT: {}
COMMAND: GET /session/365d56350ece7ddb67f22ecca89c6f97/screenshot - {}
RESULT: {}
COMMAND: POST /session/365d56350ece7ddb67f22ecca89c6f97/execute/async - {"script":"<script> [1562 bytes]","args":[{"selector":{"id":"application-managehandovers-display-component---AddNewHO--dueDate","interaction":{"idSuffix":"inner"}},"wdio_ui5_key":"applicationmanagehandovers-display-component---AddNewHO--dueDate"}]}
RESULT: {"script":"<script> [1562 bytes]","args":[{"selector":{"id":"application-managehandovers-display-component---AddNewHO--dueDate","interaction":{"idSuffix":"inner"}},"wdio_ui5_key":"applicationmanagehandovers-display-component---AddNewHO--dueDate"}]}
RESULT: undefined
COMMAND: POST /session/365d56350ece7ddb67f22ecca89c6f97/execute/async - {"script":"<script> [6424 bytes]","args":[{"element-6066-11e4-a52e-4f735466cecf":"f.0CFB565138F0704D782EF1C57C56E9E5.d.034CFF39158BBCB890C93987E7430048.e.15122"},"setValue",["5/25/25"]]}
RESULT: {"script":"<script> [6424 bytes]","args":[{"element-6066-11e4-a52e-4f735466cecf":"f.0CFB565138F0704D782EF1C57C56E9E5.d.034CFF39158BBCB890C93987E7430048.e.15122"},"setValue",["5/25/25"]]}
COMMAND: POST /session/365d56350ece7ddb67f22ecca89c6f97/element - {"using":"xpath","value":"//input[@id=\"generalSectionFrg--receiveYard-inner\"]"}
RESULT: {"using":"xpath","value":"//input[@id=\"generalSectionFrg--receiveYard-inner\"]"}
COMMAND: POST /session/365d56350ece7ddb67f22ecca89c6f97/element/f.0CFB565138F0704D782EF1C57C56E9E5.d.034CFF39158BBCB890C93987E7430048.e.15128/clear - {}
RESULT: {}
COMMAND: POST /session/365d56350ece7ddb67f22ecca89c6f97/element/f.0CFB565138F0704D782EF1C57C56E9E5.d.034CFF39158BBCB890C93987E7430048.e.15128/value - {"text":"281"}
COMMAND: GET /session/365d56350ece7ddb67f22ecca89c6f97/screenshot - {}
RESULT: {"text":"281"}
COMMAND: GET /session/365d56350ece7ddb67f22ecca89c6f97/screenshot - {}
RESULT: {}
RESULT: {}
COMMAND: POST /session/365d56350ece7ddb67f22ecca89c6f97/element - {"using":"xpath","value":"//li[.//span[text()='281']]"}
RESULT: {"using":"xpath","value":"//li[.//span[text()='281']]"}
COMMAND: POST /session/365d56350ece7ddb67f22ecca89c6f97/element/f.0CFB565138F0704D782EF1C57C56E9E5.d.034CFF39158BBCB890C93987E7430048.e.15144/click - {}
RESULT: {}
COMMAND: GET /session/365d56350ece7ddb67f22ecca89c6f97/screenshot - {}
RESULT: {}
COMMAND: POST /session/365d56350ece7ddb67f22ecca89c6f97/execute/async - {"script":"<script> [1562 bytes]","args":[{"selector":{"id":"application-managehandovers-display-component---AddNewHO--ObjectPageLayout-anchBar-application-managehandovers-display-component---AddNewHO--section4-anchor","interaction":{"idSuffix":"BDI-content"}},"wdio_ui5_key":"applicationmanagehandovers-display-component---AddNewHO--ObjectPageLayout-anchBar-application-managehandovers-display-component---AddNewHO--section4-anchor"}]}
RESULT: {"script":"<script> [1562 bytes]","args":[{"selector":{"id":"application-managehandovers-display-component---AddNewHO--ObjectPageLayout-anchBar-application-managehandovers-display-component---AddNewHO--section4-anchor","interaction":{"idSuffix":"BDI-content"}},"wdio_ui5_key":"applicationmanagehandovers-display-component---AddNewHO--ObjectPageLayout-anchBar-application-managehandovers-display-component---AddNewHO--section4-anchor"}]}
RESULT: undefined
COMMAND: POST /session/365d56350ece7ddb67f22ecca89c6f97/element - {"using":"xpath","value":"//*[@id=\"application-managehandovers-display-component---AddNewHO--ObjectPageLayout-anchBar-application-managehandovers-display-component---AddNewHO--section4-anchor\"]"}
RESULT: {"using":"xpath","value":"//*[@id=\"application-managehandovers-display-component---AddNewHO--ObjectPageLayout-anchBar-application-managehandovers-display-component---AddNewHO--section4-anchor\"]"}
COMMAND: POST /session/365d56350ece7ddb67f22ecca89c6f97/element/f.0CFB565138F0704D782EF1C57C56E9E5.d.034CFF39158BBCB890C93987E7430048.e.15146/click - {}
RESULT: {}
COMMAND: POST /session/365d56350ece7ddb67f22ecca89c6f97/element - {"using":"xpath","value":"//button[@aria-label=\"Add\"]"}
COMMAND: GET /session/365d56350ece7ddb67f22ecca89c6f97/screenshot - {}
RESULT: {"using":"xpath","value":"//button[@aria-label=\"Add\"]"}
COMMAND: POST /session/365d56350ece7ddb67f22ecca89c6f97/element/f.0CFB565138F0704D782EF1C57C56E9E5.d.034CFF39158BBCB890C93987E7430048.e.15148/click - {}
RESULT: {}
RESULT: {}
COMMAND: GET /session/365d56350ece7ddb67f22ecca89c6f97/screenshot - {}
RESULT: {}
COMMAND: POST /session/365d56350ece7ddb67f22ecca89c6f97/execute/async - {"script":"<script> [1562 bytes]","args":[{"selector":{"id":"application-managehandovers-display-component---AddNewHO--smartFilterBar-btnBasicSearch","searchOpenDialogs":true,"interaction":{"idSuffix":"I"}},"wdio_ui5_key":"applicationmanagehandovers-display-component---AddNewHO--smartFilterBar-btnBasicSearch"}]}
RESULT: {"script":"<script> [1562 bytes]","args":[{"selector":{"id":"application-managehandovers-display-component---AddNewHO--smartFilterBar-btnBasicSearch","searchOpenDialogs":true,"interaction":{"idSuffix":"I"}},"wdio_ui5_key":"applicationmanagehandovers-display-component---AddNewHO--smartFilterBar-btnBasicSearch"}]}
RESULT: undefined
COMMAND: POST /session/365d56350ece7ddb67f22ecca89c6f97/execute/async - {"script":"<script> [776 bytes]","args":[{"enterText":"ciQ15pmqiT","selector":{"id":"application-managehandovers-display-component---AddNewHO--smartFilterBar-btnBasicSearch","searchOpenDialogs":true,"interaction":{"idSuffix":"I"}},"clearTextFirst":true,"interactionType":"ENTER_TEXT"}]}
RESULT: {"script":"<script> [776 bytes]","args":[{"enterText":"ciQ15pmqiT","selector":{"id":"application-managehandovers-display-component---AddNewHO--smartFilterBar-btnBasicSearch","searchOpenDialogs":true,"interaction":{"idSuffix":"I"}},"clearTextFirst":true,"interactionType":"ENTER_TEXT"}]}
COMMAND: POST /session/365d56350ece7ddb67f22ecca89c6f97/actions - {"actions":[{"id":"action60","type":"key","parameters":{},"actions":[{"type":"keyDown","value":""},{"type":"pause","duration":10},{"type":"keyUp","value":""}]}]}
RESULT: {"actions":[{"id":"action60","type":"key","parameters":{},"actions":[{"type":"keyDown","value":""},{"type":"pause","duration":10},{"type":"keyUp","value":""}]}]}
COMMAND: GET /session/365d56350ece7ddb67f22ecca89c6f97/screenshot - {}
RESULT: {}
COMMAND: POST /session/365d56350ece7ddb67f22ecca89c6f97/execute/async - {"script":"<script> [1562 bytes]","args":[{"selector":{"id":"application-managehandovers-display-component---AddNewHO--popup-sa","searchOpenDialogs":true,"interaction":{"idSuffix":"CbBg"}},"wdio_ui5_key":"applicationmanagehandovers-display-component---AddNewHO--popup-sa"}]}
RESULT: {"script":"<script> [1562 bytes]","args":[{"selector":{"id":"application-managehandovers-display-component---AddNewHO--popup-sa","searchOpenDialogs":true,"interaction":{"idSuffix":"CbBg"}},"wdio_ui5_key":"applicationmanagehandovers-display-component---AddNewHO--popup-sa"}]}
RESULT: undefined
COMMAND: POST /session/365d56350ece7ddb67f22ecca89c6f97/element - {"using":"xpath","value":"//*[@id=\"application-managehandovers-display-component---AddNewHO--popup-sa\"]"}
RESULT: {"using":"xpath","value":"//*[@id=\"application-managehandovers-display-component---AddNewHO--popup-sa\"]"}
COMMAND: POST /session/365d56350ece7ddb67f22ecca89c6f97/element/f.0CFB565138F0704D782EF1C57C56E9E5.d.034CFF39158BBCB890C93987E7430048.e.15303/click - {}
RESULT: {}
COMMAND: GET /session/365d56350ece7ddb67f22ecca89c6f97/screenshot - {}
RESULT: {}
COMMAND: POST /session/365d56350ece7ddb67f22ecca89c6f97/element - {"using":"xpath","value":"//bdi[contains(text(), \"Select\")]"}
RESULT: {"using":"xpath","value":"//bdi[contains(text(), \"Select\")]"}
COMMAND: POST /session/365d56350ece7ddb67f22ecca89c6f97/element/f.0CFB565138F0704D782EF1C57C56E9E5.d.034CFF39158BBCB890C93987E7430048.e.15304/click - {}
RESULT: {}
COMMAND: GET /session/365d56350ece7ddb67f22ecca89c6f97/screenshot - {}
RESULT: {}
COMMAND: POST /session/365d56350ece7ddb67f22ecca89c6f97/element - {"using":"xpath","value":"//button[@data-kt=\"AddNewHOSaveButton\"]"}
RESULT: {"using":"xpath","value":"//button[@data-kt=\"AddNewHOSaveButton\"]"}
COMMAND: POST /session/365d56350ece7ddb67f22ecca89c6f97/element/f.0CFB565138F0704D782EF1C57C56E9E5.d.034CFF39158BBCB890C93987E7430048.e.15308/click - {}
RESULT: {}
COMMAND: GET /session/365d56350ece7ddb67f22ecca89c6f97/screenshot - {}
RESULT: {}
COMMAND: POST /session/365d56350ece7ddb67f22ecca89c6f97/execute/async - {"script":"<script> [1562 bytes]","args":[{"selector":{"id":"receiptDatePicker","viewName":"etm.portal.ui.managehandovers.view.DetailExecuteHO","interaction":{"idSuffix":"inner"}},"wdio_ui5_key":"receiptDatePickeretmportal.ui.managehandovers.view.DetailExecuteHO"}]}
RESULT: {"script":"<script> [1562 bytes]","args":[{"selector":{"id":"receiptDatePicker","viewName":"etm.portal.ui.managehandovers.view.DetailExecuteHO","interaction":{"idSuffix":"inner"}},"wdio_ui5_key":"receiptDatePickeretmportal.ui.managehandovers.view.DetailExecuteHO"}]}
RESULT: undefined
COMMAND: POST /session/365d56350ece7ddb67f22ecca89c6f97/execute/async - {"script":"<script> [6424 bytes]","args":[{"element-6066-11e4-a52e-4f735466cecf":"f.0CFB565138F0704D782EF1C57C56E9E5.d.034CFF39158BBCB890C93987E7430048.e.15338"},"setValue",["5/25/25"]]}
RESULT: {"script":"<script> [6424 bytes]","args":[{"element-6066-11e4-a52e-4f735466cecf":"f.0CFB565138F0704D782EF1C57C56E9E5.d.034CFF39158BBCB890C93987E7430048.e.15338"},"setValue",["5/25/25"]]}
COMMAND: POST /session/365d56350ece7ddb67f22ecca89c6f97/element - {"using":"xpath","value":"//button[@data-kt=\"ReceivingTableConfirmAllButton\"]"}
RESULT: {"using":"xpath","value":"//button[@data-kt=\"ReceivingTableConfirmAllButton\"]"}
COMMAND: POST /session/365d56350ece7ddb67f22ecca89c6f97/element/f.0CFB565138F0704D782EF1C57C56E9E5.d.034CFF39158BBCB890C93987E7430048.e.15353/click - {}
RESULT: {}
COMMAND: GET /session/365d56350ece7ddb67f22ecca89c6f97/screenshot - {}
RESULT: {}
COMMAND: POST /session/365d56350ece7ddb67f22ecca89c6f97/element - {"using":"xpath","value":"//bdi[contains(text(), \"OK\")]"}
RESULT: {"using":"xpath","value":"//bdi[contains(text(), \"OK\")]"}
COMMAND: POST /session/365d56350ece7ddb67f22ecca89c6f97/element/f.0CFB565138F0704D782EF1C57C56E9E5.d.034CFF39158BBCB890C93987E7430048.e.15355/click - {}
RESULT: {}
COMMAND: GET /session/365d56350ece7ddb67f22ecca89c6f97/screenshot - {}
RESULT: {}
COMMAND: POST /session/365d56350ece7ddb67f22ecca89c6f97/element - {"using":"xpath","value":"(//bdi[contains(text(), \"Receive\")])[2]"}
RESULT: {"using":"xpath","value":"(//bdi[contains(text(), \"Receive\")])[2]"}
COMMAND: POST /session/365d56350ece7ddb67f22ecca89c6f97/element/f.0CFB565138F0704D782EF1C57C56E9E5.d.034CFF39158BBCB890C93987E7430048.e.15357/click - {}
RESULT: {}
COMMAND: GET /session/365d56350ece7ddb67f22ecca89c6f97/screenshot - {}
RESULT: {}
COMMAND: POST /session/365d56350ece7ddb67f22ecca89c6f97/element - {"using":"css selector","value":"#shell-header-logo"}
RESULT: {"using":"css selector","value":"#shell-header-logo"}
COMMAND: POST /session/365d56350ece7ddb67f22ecca89c6f97/element/f.0CFB565138F0704D782EF1C57C56E9E5.d.034CFF39158BBCB890C93987E7430048.e.14755/click - {}
RESULT: {}
COMMAND: GET /session/365d56350ece7ddb67f22ecca89c6f97/screenshot - {}
RESULT: {}
]]></system-out>
    </testcase>
    <testcase classname="chrome.136_0_7103_93.windows.Performance_based_billing_(work_days)_US139742" name="Should create a new contract" time="65.602">
      <system-out><![CDATA[
COMMAND: POST /session/365d56350ece7ddb67f22ecca89c6f97/execute/async - {"script":"<script> [1562 bytes]","args":[{"selector":{"controlType":"sap.m.GenericTile","properties":{"header":"Manage Contracts"}},"wdio_ui5_key":"sapm.GenericTile{\"header\":\"Manage Contracts\"}"}]}
RESULT: {"script":"<script> [1562 bytes]","args":[{"selector":{"controlType":"sap.m.GenericTile","properties":{"header":"Manage Contracts"}},"wdio_ui5_key":"sapm.GenericTile{\"header\":\"Manage Contracts\"}"}]}
RESULT: undefined
COMMAND: POST /session/365d56350ece7ddb67f22ecca89c6f97/element - {"using":"xpath","value":"//*[@id=\"__tile130\"]"}
RESULT: {"using":"xpath","value":"//*[@id=\"__tile130\"]"}
COMMAND: POST /session/365d56350ece7ddb67f22ecca89c6f97/element/f.0CFB565138F0704D782EF1C57C56E9E5.d.034CFF39158BBCB890C93987E7430048.e.15642/click - {}
RESULT: {}
COMMAND: GET /session/365d56350ece7ddb67f22ecca89c6f97/screenshot - {}
COMMAND: POST /session/365d56350ece7ddb67f22ecca89c6f97/elements - {"using":"xpath","value":"//span[text()='Error']"}
RESULT: {}
RESULT: {"using":"xpath","value":"//span[text()='Error']"}
COMMAND: POST /session/365d56350ece7ddb67f22ecca89c6f97/element - {"using":"xpath","value":"//button[@data-kt=\"addButton\"]"}
RESULT: {"using":"xpath","value":"//button[@data-kt=\"addButton\"]"}
COMMAND: POST /session/365d56350ece7ddb67f22ecca89c6f97/elements - {"using":"xpath","value":"//button[@data-kt=\"addButton\"]"}
RESULT: {"using":"xpath","value":"//button[@data-kt=\"addButton\"]"}
COMMAND: POST /session/365d56350ece7ddb67f22ecca89c6f97/execute/sync - {"script":"<script> [8489 bytes]","args":[{"element-6066-11e4-a52e-4f735466cecf":"f.0CFB565138F0704D782EF1C57C56E9E5.d.034CFF39158BBCB890C93987E7430048.e.15689","ELEMENT":"f.0CFB565138F0704D782EF1C57C56E9E5.d.034CFF39158BBCB890C93987E7430048.e.15689"}]}
RESULT: {"script":"<script> [8489 bytes]","args":[{"element-6066-11e4-a52e-4f735466cecf":"f.0CFB565138F0704D782EF1C57C56E9E5.d.034CFF39158BBCB890C93987E7430048.e.15689","ELEMENT":"f.0CFB565138F0704D782EF1C57C56E9E5.d.034CFF39158BBCB890C93987E7430048.e.15689"}]}
COMMAND: GET /session/365d56350ece7ddb67f22ecca89c6f97/element/f.0CFB565138F0704D782EF1C57C56E9E5.d.034CFF39158BBCB890C93987E7430048.e.15689/enabled - {}
COMMAND: GET /session/365d56350ece7ddb67f22ecca89c6f97/screenshot - {}
RESULT: {}
COMMAND: POST /session/365d56350ece7ddb67f22ecca89c6f97/execute/sync - {"script":"<script> [8489 bytes]","args":[{"element-6066-11e4-a52e-4f735466cecf":"f.0CFB565138F0704D782EF1C57C56E9E5.d.034CFF39158BBCB890C93987E7430048.e.15689","ELEMENT":"f.0CFB565138F0704D782EF1C57C56E9E5.d.034CFF39158BBCB890C93987E7430048.e.15689"}]}
COMMAND: GET /session/365d56350ece7ddb67f22ecca89c6f97/screenshot - {}
RESULT: {}
RESULT: {"script":"<script> [8489 bytes]","args":[{"element-6066-11e4-a52e-4f735466cecf":"f.0CFB565138F0704D782EF1C57C56E9E5.d.034CFF39158BBCB890C93987E7430048.e.15689","ELEMENT":"f.0CFB565138F0704D782EF1C57C56E9E5.d.034CFF39158BBCB890C93987E7430048.e.15689"}]}
COMMAND: POST /session/365d56350ece7ddb67f22ecca89c6f97/execute/sync - {"script":"<script> [5351 bytes]","args":[{"element-6066-11e4-a52e-4f735466cecf":"f.0CFB565138F0704D782EF1C57C56E9E5.d.034CFF39158BBCB890C93987E7430048.e.15689","ELEMENT":"f.0CFB565138F0704D782EF1C57C56E9E5.d.034CFF39158BBCB890C93987E7430048.e.15689"}]}
COMMAND: GET /session/365d56350ece7ddb67f22ecca89c6f97/screenshot - {}
RESULT: {}
RESULT: {"script":"<script> [5351 bytes]","args":[{"element-6066-11e4-a52e-4f735466cecf":"f.0CFB565138F0704D782EF1C57C56E9E5.d.034CFF39158BBCB890C93987E7430048.e.15689","ELEMENT":"f.0CFB565138F0704D782EF1C57C56E9E5.d.034CFF39158BBCB890C93987E7430048.e.15689"}]}
COMMAND: GET /session/365d56350ece7ddb67f22ecca89c6f97/screenshot - {}
RESULT: {}
RESULT: {}
COMMAND: POST /session/365d56350ece7ddb67f22ecca89c6f97/element/f.0CFB565138F0704D782EF1C57C56E9E5.d.034CFF39158BBCB890C93987E7430048.e.15689/click - {}
RESULT: {}
COMMAND: GET /session/365d56350ece7ddb67f22ecca89c6f97/screenshot - {}
COMMAND: POST /session/365d56350ece7ddb67f22ecca89c6f97/execute/async - {"script":"<script> [1562 bytes]","args":[{"selector":{"id":"application-managecontracts-display-component---AddNewContract--projectDescription","interaction":{"idSuffix":"inner"}},"wdio_ui5_key":"applicationmanagecontracts-display-component---AddNewContract--projectDescription"}]}
RESULT: {}
RESULT: {"script":"<script> [1562 bytes]","args":[{"selector":{"id":"application-managecontracts-display-component---AddNewContract--projectDescription","interaction":{"idSuffix":"inner"}},"wdio_ui5_key":"applicationmanagecontracts-display-component---AddNewContract--projectDescription"}]}
RESULT: undefined
COMMAND: POST /session/365d56350ece7ddb67f22ecca89c6f97/execute/async - {"script":"<script> [776 bytes]","args":[{"enterText":"Performance Contract WDIO","selector":{"id":"application-managecontracts-display-component---AddNewContract--projectDescription","interaction":{"idSuffix":"inner"}},"clearTextFirst":true,"interactionType":"ENTER_TEXT"}]}
RESULT: {"script":"<script> [776 bytes]","args":[{"enterText":"Performance Contract WDIO","selector":{"id":"application-managecontracts-display-component---AddNewContract--projectDescription","interaction":{"idSuffix":"inner"}},"clearTextFirst":true,"interactionType":"ENTER_TEXT"}]}
COMMAND: POST /session/365d56350ece7ddb67f22ecca89c6f97/element - {"using":"xpath","value":"//input[@id=\"application-managecontracts-display-component---AddNewContract--site-inner\"]"}
RESULT: {"using":"xpath","value":"//input[@id=\"application-managecontracts-display-component---AddNewContract--site-inner\"]"}
COMMAND: POST /session/365d56350ece7ddb67f22ecca89c6f97/element/f.0CFB565138F0704D782EF1C57C56E9E5.d.034CFF39158BBCB890C93987E7430048.e.16010/clear - {}
RESULT: {}
COMMAND: POST /session/365d56350ece7ddb67f22ecca89c6f97/element/f.0CFB565138F0704D782EF1C57C56E9E5.d.034CFF39158BBCB890C93987E7430048.e.16010/value - {"text":"2119"}
COMMAND: GET /session/365d56350ece7ddb67f22ecca89c6f97/screenshot - {}
RESULT: {"text":"2119"}
COMMAND: GET /session/365d56350ece7ddb67f22ecca89c6f97/screenshot - {}
RESULT: {}
RESULT: {}
COMMAND: POST /session/365d56350ece7ddb67f22ecca89c6f97/element - {"using":"xpath","value":"//li[.//span[text()='2119']]"}
RESULT: {"using":"xpath","value":"//li[.//span[text()='2119']]"}
COMMAND: POST /session/365d56350ece7ddb67f22ecca89c6f97/element/f.0CFB565138F0704D782EF1C57C56E9E5.d.034CFF39158BBCB890C93987E7430048.e.16092/click - {}
RESULT: {}
COMMAND: GET /session/365d56350ece7ddb67f22ecca89c6f97/screenshot - {}
RESULT: {}
COMMAND: POST /session/365d56350ece7ddb67f22ecca89c6f97/element - {"using":"xpath","value":"//input[@id=\"application-managecontracts-display-component---AddNewContract--yardId-inner\"]"}
RESULT: {"using":"xpath","value":"//input[@id=\"application-managecontracts-display-component---AddNewContract--yardId-inner\"]"}
COMMAND: GET /session/365d56350ece7ddb67f22ecca89c6f97/element/f.0CFB565138F0704D782EF1C57C56E9E5.d.034CFF39158BBCB890C93987E7430048.e.16011/property/value - {}
RESULT: {}
COMMAND: POST /session/365d56350ece7ddb67f22ecca89c6f97/element - {"using":"xpath","value":"//input[@id=\"application-managecontracts-display-component---AddNewContract--customerSelect-inner\"]"}
COMMAND: GET /session/365d56350ece7ddb67f22ecca89c6f97/screenshot - {}
RESULT: {"using":"xpath","value":"//input[@id=\"application-managecontracts-display-component---AddNewContract--customerSelect-inner\"]"}
COMMAND: POST /session/365d56350ece7ddb67f22ecca89c6f97/element/f.0CFB565138F0704D782EF1C57C56E9E5.d.034CFF39158BBCB890C93987E7430048.e.16009/clear - {}
RESULT: {}
RESULT: {}
COMMAND: POST /session/365d56350ece7ddb67f22ecca89c6f97/element/f.0CFB565138F0704D782EF1C57C56E9E5.d.034CFF39158BBCB890C93987E7430048.e.16009/value - {"text":"1126"}
COMMAND: GET /session/365d56350ece7ddb67f22ecca89c6f97/screenshot - {}
RESULT: {"text":"1126"}
COMMAND: GET /session/365d56350ece7ddb67f22ecca89c6f97/screenshot - {}
RESULT: {}
RESULT: {}
COMMAND: POST /session/365d56350ece7ddb67f22ecca89c6f97/element - {"using":"xpath","value":"//li[.//span[text()='1126']]"}
RESULT: {"using":"xpath","value":"//li[.//span[text()='1126']]"}
COMMAND: POST /session/365d56350ece7ddb67f22ecca89c6f97/element/f.0CFB565138F0704D782EF1C57C56E9E5.d.034CFF39158BBCB890C93987E7430048.e.16095/click - {}
RESULT: {}
COMMAND: GET /session/365d56350ece7ddb67f22ecca89c6f97/screenshot - {}
RESULT: {}
COMMAND: POST /session/365d56350ece7ddb67f22ecca89c6f97/element - {"using":"xpath","value":"//button[@data-kt=\"saveButton\"]"}
RESULT: {"using":"xpath","value":"//button[@data-kt=\"saveButton\"]"}
COMMAND: POST /session/365d56350ece7ddb67f22ecca89c6f97/element/f.0CFB565138F0704D782EF1C57C56E9E5.d.034CFF39158BBCB890C93987E7430048.e.16085/click - {}
RESULT: {}
COMMAND: GET /session/365d56350ece7ddb67f22ecca89c6f97/screenshot - {}
RESULT: {}
COMMAND: POST /session/365d56350ece7ddb67f22ecca89c6f97/element - {"using":"xpath","value":"//span[contains(@id ,\"contractDetailTitleNoExpanded\")]"}
RESULT: {"using":"xpath","value":"//span[contains(@id ,\"contractDetailTitleNoExpanded\")]"}
COMMAND: POST /session/365d56350ece7ddb67f22ecca89c6f97/elements - {"using":"xpath","value":"//span[contains(@id ,\"contractDetailTitleNoExpanded\")]"}
RESULT: {"using":"xpath","value":"//span[contains(@id ,\"contractDetailTitleNoExpanded\")]"}
COMMAND: POST /session/365d56350ece7ddb67f22ecca89c6f97/execute/sync - {"script":"<script> [56 bytes]","args":[{"element-6066-11e4-a52e-4f735466cecf":"f.0CFB565138F0704D782EF1C57C56E9E5.d.034CFF39158BBCB890C93987E7430048.e.16105","ELEMENT":"f.0CFB565138F0704D782EF1C57C56E9E5.d.034CFF39158BBCB890C93987E7430048.e.16105"}]}
RESULT: {"script":"<script> [56 bytes]","args":[{"element-6066-11e4-a52e-4f735466cecf":"f.0CFB565138F0704D782EF1C57C56E9E5.d.034CFF39158BBCB890C93987E7430048.e.16105","ELEMENT":"f.0CFB565138F0704D782EF1C57C56E9E5.d.034CFF39158BBCB890C93987E7430048.e.16105"}]}
COMMAND: GET /session/365d56350ece7ddb67f22ecca89c6f97/screenshot - {}
RESULT: {}
]]></system-out>
    </testcase>
    <testcase classname="chrome.136_0_7103_93.windows.Performance_based_billing_(work_days)_US139742" name="Should add equipment to the contract" time="49.73">
      <system-out><![CDATA[
COMMAND: POST /session/365d56350ece7ddb67f22ecca89c6f97/element - {"using":"xpath","value":"//button[@data-kt=\"contractDetailEditBtnButton\"]"}
RESULT: {"using":"xpath","value":"//button[@data-kt=\"contractDetailEditBtnButton\"]"}
COMMAND: POST /session/365d56350ece7ddb67f22ecca89c6f97/element/f.0CFB565138F0704D782EF1C57C56E9E5.d.034CFF39158BBCB890C93987E7430048.e.16106/click - {}
RESULT: {}
COMMAND: GET /session/365d56350ece7ddb67f22ecca89c6f97/screenshot - {}
RESULT: {}
COMMAND: POST /session/365d56350ece7ddb67f22ecca89c6f97/element - {"using":"xpath","value":"(//span[contains(text(), \"Additional Addresses\")])[2]"}
RESULT: {"using":"xpath","value":"(//span[contains(text(), \"Additional Addresses\")])[2]"}
COMMAND: POST /session/365d56350ece7ddb67f22ecca89c6f97/element/f.0CFB565138F0704D782EF1C57C56E9E5.d.034CFF39158BBCB890C93987E7430048.e.16162/click - {}
RESULT: {}
COMMAND: GET /session/365d56350ece7ddb67f22ecca89c6f97/screenshot - {}
RESULT: {}
COMMAND: POST /session/365d56350ece7ddb67f22ecca89c6f97/element - {"using":"xpath","value":"//button[@data-kt=\"btnAddTableRowOverflowToolbarButton\"]"}
RESULT: {"using":"xpath","value":"//button[@data-kt=\"btnAddTableRowOverflowToolbarButton\"]"}
COMMAND: POST /session/365d56350ece7ddb67f22ecca89c6f97/element/f.0CFB565138F0704D782EF1C57C56E9E5.d.034CFF39158BBCB890C93987E7430048.e.16165/click - {}
RESULT: {}
COMMAND: GET /session/365d56350ece7ddb67f22ecca89c6f97/screenshot - {}
RESULT: {}
COMMAND: POST /session/365d56350ece7ddb67f22ecca89c6f97/element - {"using":"xpath","value":"//div[(text() = 'Standard Entry' or . = 'Standard Entry')]"}
RESULT: {"using":"xpath","value":"//div[(text() = 'Standard Entry' or . = 'Standard Entry')]"}
COMMAND: POST /session/365d56350ece7ddb67f22ecca89c6f97/element/f.0CFB565138F0704D782EF1C57C56E9E5.d.034CFF39158BBCB890C93987E7430048.e.16167/click - {}
RESULT: {}
COMMAND: GET /session/365d56350ece7ddb67f22ecca89c6f97/screenshot - {}
RESULT: {}
COMMAND: POST /session/365d56350ece7ddb67f22ecca89c6f97/element - {"using":"xpath","value":"//td[7]/div/div/input"}
RESULT: {"using":"xpath","value":"//td[7]/div/div/input"}
COMMAND: POST /session/365d56350ece7ddb67f22ecca89c6f97/element/f.0CFB565138F0704D782EF1C57C56E9E5.d.034CFF39158BBCB890C93987E7430048.e.16176/clear - {}
RESULT: {}
COMMAND: POST /session/365d56350ece7ddb67f22ecca89c6f97/element/f.0CFB565138F0704D782EF1C57C56E9E5.d.034CFF39158BBCB890C93987E7430048.e.16176/value - {"text":"ciQ15pmqiT"}
COMMAND: GET /session/365d56350ece7ddb67f22ecca89c6f97/screenshot - {}
RESULT: {"text":"ciQ15pmqiT"}
COMMAND: GET /session/365d56350ece7ddb67f22ecca89c6f97/screenshot - {}
RESULT: {}
RESULT: {}
COMMAND: POST /session/365d56350ece7ddb67f22ecca89c6f97/actions - {"actions":[{"id":"action61","type":"key","parameters":{},"actions":[{"type":"keyDown","value":""},{"type":"pause","duration":10},{"type":"keyUp","value":""}]}]}
RESULT: {"actions":[{"id":"action61","type":"key","parameters":{},"actions":[{"type":"keyDown","value":""},{"type":"pause","duration":10},{"type":"keyUp","value":""}]}]}
COMMAND: GET /session/365d56350ece7ddb67f22ecca89c6f97/screenshot - {}
RESULT: {}
COMMAND: POST /session/365d56350ece7ddb67f22ecca89c6f97/execute/sync - {"script":"<script> [276 bytes]","args":["No pricing information was found"]}
RESULT: {"script":"<script> [276 bytes]","args":["No pricing information was found"]}
COMMAND: POST /session/365d56350ece7ddb67f22ecca89c6f97/element - {"using":"xpath","value":"(//button[@data-kt=\"saveButton\"])[2]"}
COMMAND: GET /session/365d56350ece7ddb67f22ecca89c6f97/screenshot - {}
RESULT: {"using":"xpath","value":"(//button[@data-kt=\"saveButton\"])[2]"}
COMMAND: POST /session/365d56350ece7ddb67f22ecca89c6f97/element/f.0CFB565138F0704D782EF1C57C56E9E5.d.034CFF39158BBCB890C93987E7430048.e.16191/click - {}
RESULT: {}
RESULT: {}
COMMAND: GET /session/365d56350ece7ddb67f22ecca89c6f97/screenshot - {}
RESULT: {}
COMMAND: POST /session/365d56350ece7ddb67f22ecca89c6f97/execute/sync - {"script":"<script> [276 bytes]","args":["Some contract items are having rental validity exceeding header rental validity"]}
RESULT: {"script":"<script> [276 bytes]","args":["Some contract items are having rental validity exceeding header rental validity"]}
COMMAND: GET /session/365d56350ece7ddb67f22ecca89c6f97/screenshot - {}
RESULT: {}
COMMAND: POST /session/365d56350ece7ddb67f22ecca89c6f97/element - {"using":"xpath","value":"//span[contains(@id ,\"contractItemsSmartTable-header-inner\")]"}
RESULT: {"using":"xpath","value":"//span[contains(@id ,\"contractItemsSmartTable-header-inner\")]"}
COMMAND: POST /session/365d56350ece7ddb67f22ecca89c6f97/elements - {"using":"xpath","value":"//span[contains(@id ,\"contractItemsSmartTable-header-inner\")]"}
RESULT: {"using":"xpath","value":"//span[contains(@id ,\"contractItemsSmartTable-header-inner\")]"}
COMMAND: POST /session/365d56350ece7ddb67f22ecca89c6f97/execute/sync - {"script":"<script> [56 bytes]","args":[{"element-6066-11e4-a52e-4f735466cecf":"f.0CFB565138F0704D782EF1C57C56E9E5.d.034CFF39158BBCB890C93987E7430048.e.16197","ELEMENT":"f.0CFB565138F0704D782EF1C57C56E9E5.d.034CFF39158BBCB890C93987E7430048.e.16197"}]}
RESULT: {"script":"<script> [56 bytes]","args":[{"element-6066-11e4-a52e-4f735466cecf":"f.0CFB565138F0704D782EF1C57C56E9E5.d.034CFF39158BBCB890C93987E7430048.e.16197","ELEMENT":"f.0CFB565138F0704D782EF1C57C56E9E5.d.034CFF39158BBCB890C93987E7430048.e.16197"}]}
]]></system-out>
    </testcase>
    <testcase classname="chrome.136_0_7103_93.windows.Performance_based_billing_(work_days)_US139742" name="Should do a provide to site handover" time="71.09">
      <system-out><![CDATA[
COMMAND: POST /session/365d56350ece7ddb67f22ecca89c6f97/element - {"using":"xpath","value":"//button[@data-kt=\"provideButton\"]"}
COMMAND: GET /session/365d56350ece7ddb67f22ecca89c6f97/screenshot - {}
RESULT: {"using":"xpath","value":"//button[@data-kt=\"provideButton\"]"}
COMMAND: POST /session/365d56350ece7ddb67f22ecca89c6f97/element/f.0CFB565138F0704D782EF1C57C56E9E5.d.034CFF39158BBCB890C93987E7430048.e.16198/click - {}
RESULT: {}
RESULT: {}
COMMAND: GET /session/365d56350ece7ddb67f22ecca89c6f97/screenshot - {}
RESULT: {}
RESULT: undefined
COMMAND: POST /session/365d56350ece7ddb67f22ecca89c6f97/execute/async - {"script":"<script> [6424 bytes]","args":[{"element-6066-11e4-a52e-4f735466cecf":"f.0CFB565138F0704D782EF1C57C56E9E5.d.034CFF39158BBCB890C93987E7430048.e.15122"},"setValue",["5/25/25"]]}
COMMAND: POST /session/365d56350ece7ddb67f22ecca89c6f97/execute/async - {"script":"<script> [1562 bytes]","args":[{"selector":{"id":"application-managehandovers-display-component---AddNewHO--dueDate","interaction":{"idSuffix":"inner"}},"wdio_ui5_key":"applicationmanagehandovers-display-component---AddNewHO--dueDate"}]}
RESULT: {"script":"<script> [1562 bytes]","args":[{"selector":{"id":"application-managehandovers-display-component---AddNewHO--dueDate","interaction":{"idSuffix":"inner"}},"wdio_ui5_key":"applicationmanagehandovers-display-component---AddNewHO--dueDate"}]}
COMMAND: POST /session/365d56350ece7ddb67f22ecca89c6f97/execute/async - {"script":"<script> [6424 bytes]","args":[{"element-6066-11e4-a52e-4f735466cecf":"f.0CFB565138F0704D782EF1C57C56E9E5.d.034CFF39158BBCB890C93987E7430048.e.16205"},"setValue",["5/25/25"]]}
RESULT: {"script":"<script> [6424 bytes]","args":[{"element-6066-11e4-a52e-4f735466cecf":"f.0CFB565138F0704D782EF1C57C56E9E5.d.034CFF39158BBCB890C93987E7430048.e.16205"},"setValue",["5/25/25"]]}
COMMAND: POST /session/365d56350ece7ddb67f22ecca89c6f97/element - {"using":"xpath","value":"//bdi[contains(text(), \"Instructions\")]"}
RESULT: {"using":"xpath","value":"//bdi[contains(text(), \"Instructions\")]"}
COMMAND: POST /session/365d56350ece7ddb67f22ecca89c6f97/element/f.0CFB565138F0704D782EF1C57C56E9E5.d.034CFF39158BBCB890C93987E7430048.e.16485/click - {}
RESULT: {}
COMMAND: GET /session/365d56350ece7ddb67f22ecca89c6f97/screenshot - {}
RESULT: {}
COMMAND: POST /session/365d56350ece7ddb67f22ecca89c6f97/element - {"using":"xpath","value":"//button[@data-kt=\"AddNewHOProvideAddItemsButton\"]"}
RESULT: {"using":"xpath","value":"//button[@data-kt=\"AddNewHOProvideAddItemsButton\"]"}
COMMAND: POST /session/365d56350ece7ddb67f22ecca89c6f97/element/f.0CFB565138F0704D782EF1C57C56E9E5.d.034CFF39158BBCB890C93987E7430048.e.16489/click - {}
RESULT: {}
COMMAND: GET /session/365d56350ece7ddb67f22ecca89c6f97/screenshot - {}
RESULT: {}
RESULT: undefined
COMMAND: POST /session/365d56350ece7ddb67f22ecca89c6f97/element - {"using":"xpath","value":"//*[@id=\"application-managehandovers-display-component---AddNewHO--popup-sa\"]"}
RESULT: {"using":"xpath","value":"//*[@id=\"application-managehandovers-display-component---AddNewHO--popup-sa\"]"}
COMMAND: POST /session/365d56350ece7ddb67f22ecca89c6f97/element/f.0CFB565138F0704D782EF1C57C56E9E5.d.034CFF39158BBCB890C93987E7430048.e.16499/click - {}
RESULT: {}
COMMAND: GET /session/365d56350ece7ddb67f22ecca89c6f97/screenshot - {}
RESULT: {}
COMMAND: POST /session/365d56350ece7ddb67f22ecca89c6f97/element - {"using":"xpath","value":"//*[contains(@id ,\"BDI-content\")][contains(text(), \"Select\")]"}
RESULT: {"using":"xpath","value":"//*[contains(@id ,\"BDI-content\")][contains(text(), \"Select\")]"}
COMMAND: POST /session/365d56350ece7ddb67f22ecca89c6f97/element/f.0CFB565138F0704D782EF1C57C56E9E5.d.034CFF39158BBCB890C93987E7430048.e.16500/click - {}
RESULT: {}
COMMAND: GET /session/365d56350ece7ddb67f22ecca89c6f97/screenshot - {}
RESULT: {}
COMMAND: POST /session/365d56350ece7ddb67f22ecca89c6f97/execute/async - {"script":"<script> [1562 bytes]","args":[{"selector":{"id":"application-managehandovers-display-component---AddNewHO--confirmCreationButton","interaction":{"idSuffix":"BDI-content"}},"wdio_ui5_key":"applicationmanagehandovers-display-component---AddNewHO--confirmCreationButton"}]}
RESULT: {"script":"<script> [1562 bytes]","args":[{"selector":{"id":"application-managehandovers-display-component---AddNewHO--confirmCreationButton","interaction":{"idSuffix":"BDI-content"}},"wdio_ui5_key":"applicationmanagehandovers-display-component---AddNewHO--confirmCreationButton"}]}
RESULT: undefined
COMMAND: POST /session/365d56350ece7ddb67f22ecca89c6f97/element - {"using":"xpath","value":"//*[@id=\"application-managehandovers-display-component---AddNewHO--confirmCreationButton\"]"}
RESULT: {"using":"xpath","value":"//*[@id=\"application-managehandovers-display-component---AddNewHO--confirmCreationButton\"]"}
COMMAND: POST /session/365d56350ece7ddb67f22ecca89c6f97/element/f.0CFB565138F0704D782EF1C57C56E9E5.d.034CFF39158BBCB890C93987E7430048.e.16277/click - {}
RESULT: {}
COMMAND: GET /session/365d56350ece7ddb67f22ecca89c6f97/screenshot - {}
COMMAND: POST /session/365d56350ece7ddb67f22ecca89c6f97/execute/async - {"script":"<script> [1562 bytes]","args":[{"selector":{"id":"issueDatePicker","viewName":"etm.portal.ui.managehandovers.view.DetailExecuteHO","interaction":{"idSuffix":"inner"}},"wdio_ui5_key":"issueDatePickeretmportal.ui.managehandovers.view.DetailExecuteHO"}]}
RESULT: {}
RESULT: {"script":"<script> [1562 bytes]","args":[{"selector":{"id":"issueDatePicker","viewName":"etm.portal.ui.managehandovers.view.DetailExecuteHO","interaction":{"idSuffix":"inner"}},"wdio_ui5_key":"issueDatePickeretmportal.ui.managehandovers.view.DetailExecuteHO"}]}
RESULT: undefined
COMMAND: POST /session/365d56350ece7ddb67f22ecca89c6f97/execute/async - {"script":"<script> [776 bytes]","args":[{"enterText":"5/25/25","selector":{"id":"issueDatePicker","viewName":"etm.portal.ui.managehandovers.view.DetailExecuteHO","interaction":{"idSuffix":"inner"}},"clearTextFirst":true,"interactionType":"ENTER_TEXT"}]}
RESULT: {"script":"<script> [776 bytes]","args":[{"enterText":"5/25/25","selector":{"id":"issueDatePicker","viewName":"etm.portal.ui.managehandovers.view.DetailExecuteHO","interaction":{"idSuffix":"inner"}},"clearTextFirst":true,"interactionType":"ENTER_TEXT"}]}
COMMAND: POST /session/365d56350ece7ddb67f22ecca89c6f97/element - {"using":"xpath","value":"//button[@data-kt=\"PickingTableConfirmAllButton\"]"}
RESULT: {"using":"xpath","value":"//button[@data-kt=\"PickingTableConfirmAllButton\"]"}
COMMAND: POST /session/365d56350ece7ddb67f22ecca89c6f97/element/f.0CFB565138F0704D782EF1C57C56E9E5.d.034CFF39158BBCB890C93987E7430048.e.16560/click - {}
RESULT: {}
COMMAND: GET /session/365d56350ece7ddb67f22ecca89c6f97/screenshot - {}
RESULT: {}
COMMAND: POST /session/365d56350ece7ddb67f22ecca89c6f97/element - {"using":"xpath","value":"//bdi[contains(text(), \"OK\")]"}
RESULT: {"using":"xpath","value":"//bdi[contains(text(), \"OK\")]"}
COMMAND: POST /session/365d56350ece7ddb67f22ecca89c6f97/element/f.0CFB565138F0704D782EF1C57C56E9E5.d.034CFF39158BBCB890C93987E7430048.e.16563/click - {}
RESULT: {}
COMMAND: GET /session/365d56350ece7ddb67f22ecca89c6f97/screenshot - {}
RESULT: {}
COMMAND: POST /session/365d56350ece7ddb67f22ecca89c6f97/element - {"using":"xpath","value":"//bdi[contains(text(), \"Issue\")]"}
RESULT: {"using":"xpath","value":"//bdi[contains(text(), \"Issue\")]"}
COMMAND: POST /session/365d56350ece7ddb67f22ecca89c6f97/element/f.0CFB565138F0704D782EF1C57C56E9E5.d.034CFF39158BBCB890C93987E7430048.e.16565/click - {}
RESULT: {}
COMMAND: GET /session/365d56350ece7ddb67f22ecca89c6f97/screenshot - {}
RESULT: {}
COMMAND: POST /session/365d56350ece7ddb67f22ecca89c6f97/element - {"using":"css selector","value":"#shell-header-logo"}
RESULT: {"using":"css selector","value":"#shell-header-logo"}
COMMAND: POST /session/365d56350ece7ddb67f22ecca89c6f97/element/f.0CFB565138F0704D782EF1C57C56E9E5.d.034CFF39158BBCB890C93987E7430048.e.15644/click - {}
RESULT: {}
COMMAND: GET /session/365d56350ece7ddb67f22ecca89c6f97/screenshot - {}
RESULT: {}
]]></system-out>
    </testcase>
    <testcase classname="chrome.136_0_7103_93.windows.Performance_based_billing_(work_days)_US139742" name="Should create a few performance documents" time="103.218">
      <system-out><![CDATA[
COMMAND: POST /session/365d56350ece7ddb67f22ecca89c6f97/execute/async - {"script":"<script> [1562 bytes]","args":[{"selector":{"controlType":"sap.m.GenericTile","properties":{"header":"Manage States & Performance"}},"wdio_ui5_key":"sapm.GenericTile{\"header\":\"Manage States & Performance\"}"}]}
RESULT: {"script":"<script> [1562 bytes]","args":[{"selector":{"controlType":"sap.m.GenericTile","properties":{"header":"Manage States & Performance"}},"wdio_ui5_key":"sapm.GenericTile{\"header\":\"Manage States & Performance\"}"}]}
RESULT: undefined
COMMAND: POST /session/365d56350ece7ddb67f22ecca89c6f97/element - {"using":"xpath","value":"//*[@id=\"__tile56\"]"}
RESULT: {"using":"xpath","value":"//*[@id=\"__tile56\"]"}
COMMAND: POST /session/365d56350ece7ddb67f22ecca89c6f97/element/f.0CFB565138F0704D782EF1C57C56E9E5.d.034CFF39158BBCB890C93987E7430048.e.13033/click - {}
RESULT: {}
COMMAND: GET /session/365d56350ece7ddb67f22ecca89c6f97/screenshot - {}
COMMAND: POST /session/365d56350ece7ddb67f22ecca89c6f97/elements - {"using":"xpath","value":"//span[text()='Error']"}
RESULT: {}
RESULT: {"using":"xpath","value":"//span[text()='Error']"}
COMMAND: POST /session/365d56350ece7ddb67f22ecca89c6f97/element - {"using":"xpath","value":"//div[@id=\"application-managestatesandperformance-display-component---stateAndPerform--smartFilterBarResources-btnBasicSearch\"]"}
RESULT: {"using":"xpath","value":"//div[@id=\"application-managestatesandperformance-display-component---stateAndPerform--smartFilterBarResources-btnBasicSearch\"]"}
COMMAND: POST /session/365d56350ece7ddb67f22ecca89c6f97/elements - {"using":"xpath","value":"//div[@id=\"application-managestatesandperformance-display-component---stateAndPerform--smartFilterBarResources-btnBasicSearch\"]"}
RESULT: {"using":"xpath","value":"//div[@id=\"application-managestatesandperformance-display-component---stateAndPerform--smartFilterBarResources-btnBasicSearch\"]"}
COMMAND: POST /session/365d56350ece7ddb67f22ecca89c6f97/execute/sync - {"script":"<script> [8489 bytes]","args":[{"element-6066-11e4-a52e-4f735466cecf":"f.0CFB565138F0704D782EF1C57C56E9E5.d.034CFF39158BBCB890C93987E7430048.e.16825","ELEMENT":"f.0CFB565138F0704D782EF1C57C56E9E5.d.034CFF39158BBCB890C93987E7430048.e.16825"}]}
RESULT: {"script":"<script> [8489 bytes]","args":[{"element-6066-11e4-a52e-4f735466cecf":"f.0CFB565138F0704D782EF1C57C56E9E5.d.034CFF39158BBCB890C93987E7430048.e.16825","ELEMENT":"f.0CFB565138F0704D782EF1C57C56E9E5.d.034CFF39158BBCB890C93987E7430048.e.16825"}]}
COMMAND: GET /session/365d56350ece7ddb67f22ecca89c6f97/element/f.0CFB565138F0704D782EF1C57C56E9E5.d.034CFF39158BBCB890C93987E7430048.e.16825/enabled - {}
COMMAND: GET /session/365d56350ece7ddb67f22ecca89c6f97/screenshot - {}
RESULT: {}
COMMAND: POST /session/365d56350ece7ddb67f22ecca89c6f97/execute/sync - {"script":"<script> [8489 bytes]","args":[{"element-6066-11e4-a52e-4f735466cecf":"f.0CFB565138F0704D782EF1C57C56E9E5.d.034CFF39158BBCB890C93987E7430048.e.16825","ELEMENT":"f.0CFB565138F0704D782EF1C57C56E9E5.d.034CFF39158BBCB890C93987E7430048.e.16825"}]}
COMMAND: GET /session/365d56350ece7ddb67f22ecca89c6f97/screenshot - {}
RESULT: {}
RESULT: {"script":"<script> [8489 bytes]","args":[{"element-6066-11e4-a52e-4f735466cecf":"f.0CFB565138F0704D782EF1C57C56E9E5.d.034CFF39158BBCB890C93987E7430048.e.16825","ELEMENT":"f.0CFB565138F0704D782EF1C57C56E9E5.d.034CFF39158BBCB890C93987E7430048.e.16825"}]}
COMMAND: POST /session/365d56350ece7ddb67f22ecca89c6f97/execute/sync - {"script":"<script> [5351 bytes]","args":[{"element-6066-11e4-a52e-4f735466cecf":"f.0CFB565138F0704D782EF1C57C56E9E5.d.034CFF39158BBCB890C93987E7430048.e.16825","ELEMENT":"f.0CFB565138F0704D782EF1C57C56E9E5.d.034CFF39158BBCB890C93987E7430048.e.16825"}]}
COMMAND: GET /session/365d56350ece7ddb67f22ecca89c6f97/screenshot - {}
RESULT: {}
RESULT: {"script":"<script> [5351 bytes]","args":[{"element-6066-11e4-a52e-4f735466cecf":"f.0CFB565138F0704D782EF1C57C56E9E5.d.034CFF39158BBCB890C93987E7430048.e.16825","ELEMENT":"f.0CFB565138F0704D782EF1C57C56E9E5.d.034CFF39158BBCB890C93987E7430048.e.16825"}]}
COMMAND: POST /session/365d56350ece7ddb67f22ecca89c6f97/execute/async - {"script":"<script> [1562 bytes]","args":[{"selector":{"id":"application-managestatesandperformance-display-component---stateAndPerform--smartFilterBarResources-btnBasicSearch","interaction":{"idSuffix":"I"}},"wdio_ui5_key":"applicationmanagestatesandperformance-display-component---stateAndPerform--smartFilterBarResources-btnBasicSearch"}]}
COMMAND: GET /session/365d56350ece7ddb67f22ecca89c6f97/screenshot - {}
RESULT: {}
RESULT: {"script":"<script> [1562 bytes]","args":[{"selector":{"id":"application-managestatesandperformance-display-component---stateAndPerform--smartFilterBarResources-btnBasicSearch","interaction":{"idSuffix":"I"}},"wdio_ui5_key":"applicationmanagestatesandperformance-display-component---stateAndPerform--smartFilterBarResources-btnBasicSearch"}]}
RESULT: undefined
COMMAND: POST /session/365d56350ece7ddb67f22ecca89c6f97/execute/async - {"script":"<script> [776 bytes]","args":[{"enterText":"ciQ15pmqiT","selector":{"id":"application-managestatesandperformance-display-component---stateAndPerform--smartFilterBarResources-btnBasicSearch","interaction":{"idSuffix":"I"}},"clearTextFirst":true,"interactionType":"ENTER_TEXT"}]}
RESULT: {}
RESULT: {"script":"<script> [776 bytes]","args":[{"enterText":"ciQ15pmqiT","selector":{"id":"application-managestatesandperformance-display-component---stateAndPerform--smartFilterBarResources-btnBasicSearch","interaction":{"idSuffix":"I"}},"clearTextFirst":true,"interactionType":"ENTER_TEXT"}]}
COMMAND: POST /session/365d56350ece7ddb67f22ecca89c6f97/actions - {"actions":[{"id":"action62","type":"key","parameters":{},"actions":[{"type":"keyDown","value":""},{"type":"pause","duration":10},{"type":"keyUp","value":""}]}]}
RESULT: {"actions":[{"id":"action62","type":"key","parameters":{},"actions":[{"type":"keyDown","value":""},{"type":"pause","duration":10},{"type":"keyUp","value":""}]}]}
COMMAND: GET /session/365d56350ece7ddb67f22ecca89c6f97/screenshot - {}
RESULT: {}
COMMAND: POST /session/365d56350ece7ddb67f22ecca89c6f97/execute/async - {"script":"<script> [1562 bytes]","args":[{"selector":{"id":"application-managestatesandperformance-display-component---stateAndPerform--stateAndPerformResourcesSmartTable-header"},"wdio_ui5_key":"applicationmanagestatesandperformance-display-component---stateAndPerform--stateAndPerformResourcesSmartTable-header"}]}
RESULT: {"script":"<script> [1562 bytes]","args":[{"selector":{"id":"application-managestatesandperformance-display-component---stateAndPerform--stateAndPerformResourcesSmartTable-header"},"wdio_ui5_key":"applicationmanagestatesandperformance-display-component---stateAndPerform--stateAndPerformResourcesSmartTable-header"}]}
RESULT: undefined
COMMAND: POST /session/365d56350ece7ddb67f22ecca89c6f97/execute/async - {"script":"<script> [6424 bytes]","args":[{"element-6066-11e4-a52e-4f735466cecf":"f.0CFB565138F0704D782EF1C57C56E9E5.d.034CFF39158BBCB890C93987E7430048.e.16845"},"getText",[]]}
RESULT: {"script":"<script> [6424 bytes]","args":[{"element-6066-11e4-a52e-4f735466cecf":"f.0CFB565138F0704D782EF1C57C56E9E5.d.034CFF39158BBCB890C93987E7430048.e.16845"},"getText",[]]}
COMMAND: POST /session/365d56350ece7ddb67f22ecca89c6f97/execute/async - {"script":"<script> [1562 bytes]","args":[{"selector":{"controlType":"sap.ui.core.Icon","viewName":"etm.portal.ui.managestatesandperformance.view.Master","viewId":"application-managestatesandperformance-display-component---stateAndPerform","properties":{"src":{"regex":{"source":"slim\\-arrow\\-right"}}}},"wdio_ui5_key":"etmportal.ui.managestatesandperformance.view.Mastersap.ui.core.Icon{\"src\":{\"regex\":{\"source\":\"slim\\\\-arrow\\\\-right\"}}}"}]}
RESULT: {"script":"<script> [1562 bytes]","args":[{"selector":{"controlType":"sap.ui.core.Icon","viewName":"etm.portal.ui.managestatesandperformance.view.Master","viewId":"application-managestatesandperformance-display-component---stateAndPerform","properties":{"src":{"regex":{"source":"slim\\-arrow\\-right"}}}},"wdio_ui5_key":"etmportal.ui.managestatesandperformance.view.Mastersap.ui.core.Icon{\"src\":{\"regex\":{\"source\":\"slim\\\\-arrow\\\\-right\"}}}"}]}
RESULT: undefined
COMMAND: POST /session/365d56350ece7ddb67f22ecca89c6f97/element - {"using":"xpath","value":"//*[@id=\"__item1828-__clone3521-imgNav\"]"}
RESULT: {"using":"xpath","value":"//*[@id=\"__item1828-__clone3521-imgNav\"]"}
COMMAND: POST /session/365d56350ece7ddb67f22ecca89c6f97/element/f.0CFB565138F0704D782EF1C57C56E9E5.d.034CFF39158BBCB890C93987E7430048.e.16844/click - {}
RESULT: {}
COMMAND: GET /session/365d56350ece7ddb67f22ecca89c6f97/screenshot - {}
RESULT: {}
COMMAND: POST /session/365d56350ece7ddb67f22ecca89c6f97/execute/async - {"script":"<script> [1562 bytes]","args":[{"selector":{"controlType":"sap.m.Button","viewName":"etm.portal.ui.managestatesandperformance.view.Detail","viewId":"application-managestatesandperformance-display-component---detailStateAndPerform","properties":{"text":"Performance Documents"}},"wdio_ui5_key":"etmportal.ui.managestatesandperformance.view.Detailsap.m.Button{\"text\":\"Performance Documents\"}"}]}
RESULT: {"script":"<script> [1562 bytes]","args":[{"selector":{"controlType":"sap.m.Button","viewName":"etm.portal.ui.managestatesandperformance.view.Detail","viewId":"application-managestatesandperformance-display-component---detailStateAndPerform","properties":{"text":"Performance Documents"}},"wdio_ui5_key":"etmportal.ui.managestatesandperformance.view.Detailsap.m.Button{\"text\":\"Performance Documents\"}"}]}
RESULT: undefined
COMMAND: POST /session/365d56350ece7ddb67f22ecca89c6f97/element - {"using":"xpath","value":"//*[@id=\"__item1851-button\"]"}
RESULT: {"using":"xpath","value":"//*[@id=\"__item1851-button\"]"}
COMMAND: POST /session/365d56350ece7ddb67f22ecca89c6f97/element/f.0CFB565138F0704D782EF1C57C56E9E5.d.034CFF39158BBCB890C93987E7430048.e.16892/click - {}
RESULT: {}
COMMAND: POST /session/365d56350ece7ddb67f22ecca89c6f97/execute/async - {"script":"<script> [1562 bytes]","args":[{"selector":{"controlType":"sap.m.Button","viewName":"etm.portal.ui.managestatesandperformance.view.Detail","viewId":"application-managestatesandperformance-display-component---detailStateAndPerform","i18NText":{"propertyName":"text","key":"createPerformanceDoc"},"interaction":{"idSuffix":"BDI-content"}},"wdio_ui5_key":"etmportal.ui.managestatesandperformance.view.Detailsap.m.Button{\"propertyName\":\"text\",\"key\":\"createPerformanceDoc\"}"}]}
COMMAND: GET /session/365d56350ece7ddb67f22ecca89c6f97/screenshot - {}
RESULT: {"script":"<script> [1562 bytes]","args":[{"selector":{"controlType":"sap.m.Button","viewName":"etm.portal.ui.managestatesandperformance.view.Detail","viewId":"application-managestatesandperformance-display-component---detailStateAndPerform","i18NText":{"propertyName":"text","key":"createPerformanceDoc"},"interaction":{"idSuffix":"BDI-content"}},"wdio_ui5_key":"etmportal.ui.managestatesandperformance.view.Detailsap.m.Button{\"propertyName\":\"text\",\"key\":\"createPerformanceDoc\"}"}]}
RESULT: undefined
COMMAND: POST /session/365d56350ece7ddb67f22ecca89c6f97/element - {"using":"xpath","value":"//*[@id=\"__button404\"]"}
RESULT: {}
RESULT: {"using":"xpath","value":"//*[@id=\"__button404\"]"}
COMMAND: POST /session/365d56350ece7ddb67f22ecca89c6f97/element/f.0CFB565138F0704D782EF1C57C56E9E5.d.034CFF39158BBCB890C93987E7430048.e.16895/click - {}
RESULT: {}
COMMAND: POST /session/365d56350ece7ddb67f22ecca89c6f97/execute/async - {"script":"<script> [1562 bytes]","args":[{"selector":{"id":"application-managestatesandperformance-display-component---detailStateAndPerform--perfDocDatePicker","searchOpenDialogs":true,"interaction":{"idSuffix":"inner"}},"wdio_ui5_key":"applicationmanagestatesandperformance-display-component---detailStateAndPerform--perfDocDatePicker"}]}
COMMAND: GET /session/365d56350ece7ddb67f22ecca89c6f97/screenshot - {}
RESULT: {"script":"<script> [1562 bytes]","args":[{"selector":{"id":"application-managestatesandperformance-display-component---detailStateAndPerform--perfDocDatePicker","searchOpenDialogs":true,"interaction":{"idSuffix":"inner"}},"wdio_ui5_key":"applicationmanagestatesandperformance-display-component---detailStateAndPerform--perfDocDatePicker"}]}
RESULT: undefined
COMMAND: POST /session/365d56350ece7ddb67f22ecca89c6f97/execute/async - {"script":"<script> [776 bytes]","args":[{"enterText":"5/27/25","selector":{"id":"application-managestatesandperformance-display-component---detailStateAndPerform--perfDocDatePicker","searchOpenDialogs":true,"interaction":{"idSuffix":"inner"}},"clearTextFirst":true,"interactionType":"ENTER_TEXT"}]}
RESULT: {}
RESULT: {"script":"<script> [776 bytes]","args":[{"enterText":"5/27/25","selector":{"id":"application-managestatesandperformance-display-component---detailStateAndPerform--perfDocDatePicker","searchOpenDialogs":true,"interaction":{"idSuffix":"inner"}},"clearTextFirst":true,"interactionType":"ENTER_TEXT"}]}
COMMAND: POST /session/365d56350ece7ddb67f22ecca89c6f97/execute/async - {"script":"<script> [1562 bytes]","args":[{"selector":{"id":"application-managestatesandperformance-display-component---detailStateAndPerform--counterValue-input","searchOpenDialogs":true,"interaction":{"idSuffix":"inner"}},"wdio_ui5_key":"applicationmanagestatesandperformance-display-component---detailStateAndPerform--counterValue-input"}]}
RESULT: {"script":"<script> [1562 bytes]","args":[{"selector":{"id":"application-managestatesandperformance-display-component---detailStateAndPerform--counterValue-input","searchOpenDialogs":true,"interaction":{"idSuffix":"inner"}},"wdio_ui5_key":"applicationmanagestatesandperformance-display-component---detailStateAndPerform--counterValue-input"}]}
RESULT: undefined
COMMAND: POST /session/365d56350ece7ddb67f22ecca89c6f97/execute/async - {"script":"<script> [776 bytes]","args":[{"enterText":"15.00","selector":{"id":"application-managestatesandperformance-display-component---detailStateAndPerform--counterValue-input","searchOpenDialogs":true,"interaction":{"idSuffix":"inner"}},"clearTextFirst":true,"interactionType":"ENTER_TEXT"}]}
RESULT: {"script":"<script> [776 bytes]","args":[{"enterText":"15.00","selector":{"id":"application-managestatesandperformance-display-component---detailStateAndPerform--counterValue-input","searchOpenDialogs":true,"interaction":{"idSuffix":"inner"}},"clearTextFirst":true,"interactionType":"ENTER_TEXT"}]}
COMMAND: POST /session/365d56350ece7ddb67f22ecca89c6f97/execute/async - {"script":"<script> [1562 bytes]","args":[{"selector":{"controlType":"sap.m.Button","viewName":"etm.portal.ui.managestatesandperformance.view.Detail","viewId":"application-managestatesandperformance-display-component---detailStateAndPerform","bindingPath":{"path":"","propertyPath":"/allowAddEdit","modelName":"oScreenModel"},"searchOpenDialogs":true,"interaction":{"idSuffix":"BDI-content"}},"wdio_ui5_key":"etmportal.ui.managestatesandperformance.view.Detailsap.m.Button{\"path\":\"\",\"propertyPath\":\"/allowAddEdit\",\"modelName\":\"oScreenModel\"}"}]}
RESULT: {"script":"<script> [1562 bytes]","args":[{"selector":{"controlType":"sap.m.Button","viewName":"etm.portal.ui.managestatesandperformance.view.Detail","viewId":"application-managestatesandperformance-display-component---detailStateAndPerform","bindingPath":{"path":"","propertyPath":"/allowAddEdit","modelName":"oScreenModel"},"searchOpenDialogs":true,"interaction":{"idSuffix":"BDI-content"}},"wdio_ui5_key":"etmportal.ui.managestatesandperformance.view.Detailsap.m.Button{\"path\":\"\",\"propertyPath\":\"/allowAddEdit\",\"modelName\":\"oScreenModel\"}"}]}
RESULT: undefined
COMMAND: POST /session/365d56350ece7ddb67f22ecca89c6f97/element - {"using":"xpath","value":"//*[@id=\"__button411\"]"}
RESULT: {"using":"xpath","value":"//*[@id=\"__button411\"]"}
COMMAND: POST /session/365d56350ece7ddb67f22ecca89c6f97/element/f.0CFB565138F0704D782EF1C57C56E9E5.d.034CFF39158BBCB890C93987E7430048.e.16910/click - {}
RESULT: {}
RESULT: undefined
COMMAND: POST /session/365d56350ece7ddb67f22ecca89c6f97/element - {"using":"xpath","value":"//*[@id=\"__button404\"]"}
COMMAND: GET /session/365d56350ece7ddb67f22ecca89c6f97/screenshot - {}
RESULT: {"using":"xpath","value":"//*[@id=\"__button404\"]"}
COMMAND: POST /session/365d56350ece7ddb67f22ecca89c6f97/element/f.0CFB565138F0704D782EF1C57C56E9E5.d.034CFF39158BBCB890C93987E7430048.e.16895/click - {}
RESULT: {}
RESULT: {}
RESULT: undefined
COMMAND: POST /session/365d56350ece7ddb67f22ecca89c6f97/execute/async - {"script":"<script> [776 bytes]","args":[{"enterText":"5/31/25","selector":{"id":"application-managestatesandperformance-display-component---detailStateAndPerform--perfDocDatePicker","searchOpenDialogs":true,"interaction":{"idSuffix":"inner"}},"clearTextFirst":true,"interactionType":"ENTER_TEXT"}]}
COMMAND: GET /session/365d56350ece7ddb67f22ecca89c6f97/screenshot - {}
RESULT: {"script":"<script> [776 bytes]","args":[{"enterText":"5/31/25","selector":{"id":"application-managestatesandperformance-display-component---detailStateAndPerform--perfDocDatePicker","searchOpenDialogs":true,"interaction":{"idSuffix":"inner"}},"clearTextFirst":true,"interactionType":"ENTER_TEXT"}]}
RESULT: undefined
COMMAND: POST /session/365d56350ece7ddb67f22ecca89c6f97/execute/async - {"script":"<script> [776 bytes]","args":[{"enterText":"20.00","selector":{"id":"application-managestatesandperformance-display-component---detailStateAndPerform--counterValue-input","searchOpenDialogs":true,"interaction":{"idSuffix":"inner"}},"clearTextFirst":true,"interactionType":"ENTER_TEXT"}]}
RESULT: {}
RESULT: {"script":"<script> [776 bytes]","args":[{"enterText":"20.00","selector":{"id":"application-managestatesandperformance-display-component---detailStateAndPerform--counterValue-input","searchOpenDialogs":true,"interaction":{"idSuffix":"inner"}},"clearTextFirst":true,"interactionType":"ENTER_TEXT"}]}
COMMAND: POST /session/365d56350ece7ddb67f22ecca89c6f97/actions - {"actions":[{"id":"action63","type":"key","parameters":{},"actions":[{"type":"keyDown","value":""},{"type":"keyDown","value":""},{"type":"pause","duration":10},{"type":"keyUp","value":""},{"type":"keyUp","value":""}]}]}
RESULT: {"actions":[{"id":"action63","type":"key","parameters":{},"actions":[{"type":"keyDown","value":""},{"type":"keyDown","value":""},{"type":"pause","duration":10},{"type":"keyUp","value":""},{"type":"keyUp","value":""}]}]}
COMMAND: POST /session/365d56350ece7ddb67f22ecca89c6f97/actions - {"actions":[{"id":"action64","type":"key","parameters":{},"actions":[{"type":"keyDown","value":""},{"type":"pause","duration":10},{"type":"keyUp","value":""}]}]}
COMMAND: GET /session/365d56350ece7ddb67f22ecca89c6f97/screenshot - {}
RESULT: {"actions":[{"id":"action64","type":"key","parameters":{},"actions":[{"type":"keyDown","value":""},{"type":"pause","duration":10},{"type":"keyUp","value":""}]}]}
RESULT: undefined
COMMAND: POST /session/365d56350ece7ddb67f22ecca89c6f97/element - {"using":"xpath","value":"//*[@id=\"__button411\"]"}
COMMAND: GET /session/365d56350ece7ddb67f22ecca89c6f97/screenshot - {}
RESULT: {}
RESULT: {"using":"xpath","value":"//*[@id=\"__button411\"]"}
COMMAND: POST /session/365d56350ece7ddb67f22ecca89c6f97/elements - {"using":"xpath","value":"//*[@id=\"__button411\"]"}
RESULT: {}
RESULT: {"using":"xpath","value":"//*[@id=\"__button411\"]"}
COMMAND: POST /session/365d56350ece7ddb67f22ecca89c6f97/elements - {"using":"xpath","value":"//*[@id=\"__button411\"]"}
RESULT: {"using":"xpath","value":"//*[@id=\"__button411\"]"}
COMMAND: POST /session/365d56350ece7ddb67f22ecca89c6f97/elements - {"using":"xpath","value":"//*[@id=\"__button411\"]"}
RESULT: {"using":"xpath","value":"//*[@id=\"__button411\"]"}
COMMAND: POST /session/365d56350ece7ddb67f22ecca89c6f97/elements - {"using":"xpath","value":"//*[@id=\"__button411\"]"}
RESULT: {"using":"xpath","value":"//*[@id=\"__button411\"]"}
COMMAND: POST /session/365d56350ece7ddb67f22ecca89c6f97/elements - {"using":"xpath","value":"//*[@id=\"__button411\"]"}
RESULT: {"using":"xpath","value":"//*[@id=\"__button411\"]"}
COMMAND: POST /session/365d56350ece7ddb67f22ecca89c6f97/elements - {"using":"xpath","value":"//*[@id=\"__button411\"]"}
RESULT: {"using":"xpath","value":"//*[@id=\"__button411\"]"}
COMMAND: POST /session/365d56350ece7ddb67f22ecca89c6f97/elements - {"using":"xpath","value":"//*[@id=\"__button411\"]"}
RESULT: {"using":"xpath","value":"//*[@id=\"__button411\"]"}
COMMAND: POST /session/365d56350ece7ddb67f22ecca89c6f97/elements - {"using":"xpath","value":"//*[@id=\"__button411\"]"}
RESULT: {"using":"xpath","value":"//*[@id=\"__button411\"]"}
COMMAND: POST /session/365d56350ece7ddb67f22ecca89c6f97/elements - {"using":"xpath","value":"//*[@id=\"__button411\"]"}
RESULT: {"using":"xpath","value":"//*[@id=\"__button411\"]"}
COMMAND: POST /session/365d56350ece7ddb67f22ecca89c6f97/elements - {"using":"xpath","value":"//*[@id=\"__button411\"]"}
RESULT: {"using":"xpath","value":"//*[@id=\"__button411\"]"}
COMMAND: POST /session/365d56350ece7ddb67f22ecca89c6f97/elements - {"using":"xpath","value":"//*[@id=\"__button411\"]"}
RESULT: {"using":"xpath","value":"//*[@id=\"__button411\"]"}
COMMAND: POST /session/365d56350ece7ddb67f22ecca89c6f97/elements - {"using":"xpath","value":"//*[@id=\"__button411\"]"}
RESULT: {"using":"xpath","value":"//*[@id=\"__button411\"]"}
COMMAND: POST /session/365d56350ece7ddb67f22ecca89c6f97/elements - {"using":"xpath","value":"//*[@id=\"__button411\"]"}
RESULT: {"using":"xpath","value":"//*[@id=\"__button411\"]"}
COMMAND: POST /session/365d56350ece7ddb67f22ecca89c6f97/elements - {"using":"xpath","value":"//*[@id=\"__button411\"]"}
RESULT: {"using":"xpath","value":"//*[@id=\"__button411\"]"}
COMMAND: POST /session/365d56350ece7ddb67f22ecca89c6f97/elements - {"using":"xpath","value":"//*[@id=\"__button411\"]"}
RESULT: {"using":"xpath","value":"//*[@id=\"__button411\"]"}
COMMAND: POST /session/365d56350ece7ddb67f22ecca89c6f97/elements - {"using":"xpath","value":"//*[@id=\"__button411\"]"}
RESULT: {"using":"xpath","value":"//*[@id=\"__button411\"]"}
COMMAND: POST /session/365d56350ece7ddb67f22ecca89c6f97/elements - {"using":"xpath","value":"//*[@id=\"__button411\"]"}
RESULT: {"using":"xpath","value":"//*[@id=\"__button411\"]"}
COMMAND: POST /session/365d56350ece7ddb67f22ecca89c6f97/elements - {"using":"xpath","value":"//*[@id=\"__button411\"]"}
RESULT: {"using":"xpath","value":"//*[@id=\"__button411\"]"}
COMMAND: POST /session/365d56350ece7ddb67f22ecca89c6f97/elements - {"using":"xpath","value":"//*[@id=\"__button411\"]"}
RESULT: {"using":"xpath","value":"//*[@id=\"__button411\"]"}
COMMAND: POST /session/365d56350ece7ddb67f22ecca89c6f97/elements - {"using":"xpath","value":"//*[@id=\"__button411\"]"}
RESULT: {"using":"xpath","value":"//*[@id=\"__button411\"]"}
COMMAND: POST /session/365d56350ece7ddb67f22ecca89c6f97/elements - {"using":"xpath","value":"//*[@id=\"__button411\"]"}
RESULT: {"using":"xpath","value":"//*[@id=\"__button411\"]"}
COMMAND: POST /session/365d56350ece7ddb67f22ecca89c6f97/elements - {"using":"xpath","value":"//*[@id=\"__button411\"]"}
RESULT: {"using":"xpath","value":"//*[@id=\"__button411\"]"}
COMMAND: POST /session/365d56350ece7ddb67f22ecca89c6f97/elements - {"using":"xpath","value":"//*[@id=\"__button411\"]"}
RESULT: {"using":"xpath","value":"//*[@id=\"__button411\"]"}
COMMAND: POST /session/365d56350ece7ddb67f22ecca89c6f97/elements - {"using":"xpath","value":"//*[@id=\"__button411\"]"}
RESULT: {"using":"xpath","value":"//*[@id=\"__button411\"]"}
COMMAND: POST /session/365d56350ece7ddb67f22ecca89c6f97/elements - {"using":"xpath","value":"//*[@id=\"__button411\"]"}
RESULT: {"using":"xpath","value":"//*[@id=\"__button411\"]"}
COMMAND: POST /session/365d56350ece7ddb67f22ecca89c6f97/elements - {"using":"xpath","value":"//*[@id=\"__button411\"]"}
RESULT: {"using":"xpath","value":"//*[@id=\"__button411\"]"}
COMMAND: POST /session/365d56350ece7ddb67f22ecca89c6f97/elements - {"using":"xpath","value":"//*[@id=\"__button411\"]"}
RESULT: {"using":"xpath","value":"//*[@id=\"__button411\"]"}
COMMAND: POST /session/365d56350ece7ddb67f22ecca89c6f97/elements - {"using":"xpath","value":"//*[@id=\"__button411\"]"}
RESULT: {"using":"xpath","value":"//*[@id=\"__button411\"]"}
COMMAND: POST /session/365d56350ece7ddb67f22ecca89c6f97/elements - {"using":"xpath","value":"//*[@id=\"__button411\"]"}
RESULT: {"using":"xpath","value":"//*[@id=\"__button411\"]"}
COMMAND: POST /session/365d56350ece7ddb67f22ecca89c6f97/elements - {"using":"xpath","value":"//*[@id=\"__button411\"]"}
RESULT: {"using":"xpath","value":"//*[@id=\"__button411\"]"}
COMMAND: POST /session/365d56350ece7ddb67f22ecca89c6f97/elements - {"using":"xpath","value":"//*[@id=\"__button411\"]"}
RESULT: {"using":"xpath","value":"//*[@id=\"__button411\"]"}
COMMAND: POST /session/365d56350ece7ddb67f22ecca89c6f97/elements - {"using":"xpath","value":"//*[@id=\"__button411\"]"}
RESULT: {"using":"xpath","value":"//*[@id=\"__button411\"]"}
COMMAND: POST /session/365d56350ece7ddb67f22ecca89c6f97/elements - {"using":"xpath","value":"//*[@id=\"__button411\"]"}
RESULT: {"using":"xpath","value":"//*[@id=\"__button411\"]"}
COMMAND: POST /session/365d56350ece7ddb67f22ecca89c6f97/elements - {"using":"xpath","value":"//*[@id=\"__button411\"]"}
RESULT: {"using":"xpath","value":"//*[@id=\"__button411\"]"}
COMMAND: POST /session/365d56350ece7ddb67f22ecca89c6f97/elements - {"using":"xpath","value":"//*[@id=\"__button411\"]"}
RESULT: {"using":"xpath","value":"//*[@id=\"__button411\"]"}
COMMAND: POST /session/365d56350ece7ddb67f22ecca89c6f97/elements - {"using":"xpath","value":"//*[@id=\"__button411\"]"}
RESULT: {"using":"xpath","value":"//*[@id=\"__button411\"]"}
COMMAND: POST /session/365d56350ece7ddb67f22ecca89c6f97/elements - {"using":"xpath","value":"//*[@id=\"__button411\"]"}
RESULT: {"using":"xpath","value":"//*[@id=\"__button411\"]"}
COMMAND: POST /session/365d56350ece7ddb67f22ecca89c6f97/elements - {"using":"xpath","value":"//*[@id=\"__button411\"]"}
RESULT: {"using":"xpath","value":"//*[@id=\"__button411\"]"}
COMMAND: POST /session/365d56350ece7ddb67f22ecca89c6f97/elements - {"using":"xpath","value":"//*[@id=\"__button411\"]"}
RESULT: {"using":"xpath","value":"//*[@id=\"__button411\"]"}
COMMAND: POST /session/365d56350ece7ddb67f22ecca89c6f97/elements - {"using":"xpath","value":"//*[@id=\"__button411\"]"}
RESULT: {"using":"xpath","value":"//*[@id=\"__button411\"]"}
COMMAND: POST /session/365d56350ece7ddb67f22ecca89c6f97/elements - {"using":"xpath","value":"//*[@id=\"__button411\"]"}
RESULT: {"using":"xpath","value":"//*[@id=\"__button411\"]"}
COMMAND: POST /session/365d56350ece7ddb67f22ecca89c6f97/elements - {"using":"xpath","value":"//*[@id=\"__button411\"]"}
RESULT: {"using":"xpath","value":"//*[@id=\"__button411\"]"}
COMMAND: POST /session/365d56350ece7ddb67f22ecca89c6f97/elements - {"using":"xpath","value":"//*[@id=\"__button411\"]"}
RESULT: {"using":"xpath","value":"//*[@id=\"__button411\"]"}
COMMAND: POST /session/365d56350ece7ddb67f22ecca89c6f97/elements - {"using":"xpath","value":"//*[@id=\"__button411\"]"}
RESULT: {"using":"xpath","value":"//*[@id=\"__button411\"]"}
COMMAND: POST /session/365d56350ece7ddb67f22ecca89c6f97/elements - {"using":"xpath","value":"//*[@id=\"__button411\"]"}
RESULT: {"using":"xpath","value":"//*[@id=\"__button411\"]"}
COMMAND: POST /session/365d56350ece7ddb67f22ecca89c6f97/elements - {"using":"xpath","value":"//*[@id=\"__button411\"]"}
RESULT: {"using":"xpath","value":"//*[@id=\"__button411\"]"}
COMMAND: POST /session/365d56350ece7ddb67f22ecca89c6f97/elements - {"using":"xpath","value":"//*[@id=\"__button411\"]"}
RESULT: {"using":"xpath","value":"//*[@id=\"__button411\"]"}
COMMAND: POST /session/365d56350ece7ddb67f22ecca89c6f97/elements - {"using":"xpath","value":"//*[@id=\"__button411\"]"}
RESULT: {"using":"xpath","value":"//*[@id=\"__button411\"]"}
COMMAND: POST /session/365d56350ece7ddb67f22ecca89c6f97/elements - {"using":"xpath","value":"//*[@id=\"__button411\"]"}
RESULT: {"using":"xpath","value":"//*[@id=\"__button411\"]"}
COMMAND: POST /session/365d56350ece7ddb67f22ecca89c6f97/elements - {"using":"xpath","value":"//*[@id=\"__button411\"]"}
RESULT: {"using":"xpath","value":"//*[@id=\"__button411\"]"}
COMMAND: POST /session/365d56350ece7ddb67f22ecca89c6f97/elements - {"using":"xpath","value":"//*[@id=\"__button411\"]"}
RESULT: {"using":"xpath","value":"//*[@id=\"__button411\"]"}
COMMAND: POST /session/365d56350ece7ddb67f22ecca89c6f97/elements - {"using":"xpath","value":"//*[@id=\"__button411\"]"}
RESULT: {"using":"xpath","value":"//*[@id=\"__button411\"]"}
COMMAND: POST /session/365d56350ece7ddb67f22ecca89c6f97/elements - {"using":"xpath","value":"//*[@id=\"__button411\"]"}
RESULT: {"using":"xpath","value":"//*[@id=\"__button411\"]"}
COMMAND: POST /session/365d56350ece7ddb67f22ecca89c6f97/elements - {"using":"xpath","value":"//*[@id=\"__button411\"]"}
RESULT: {"using":"xpath","value":"//*[@id=\"__button411\"]"}
COMMAND: POST /session/365d56350ece7ddb67f22ecca89c6f97/elements - {"using":"xpath","value":"//*[@id=\"__button411\"]"}
RESULT: {"using":"xpath","value":"//*[@id=\"__button411\"]"}
COMMAND: POST /session/365d56350ece7ddb67f22ecca89c6f97/elements - {"using":"xpath","value":"//*[@id=\"__button411\"]"}
RESULT: {"using":"xpath","value":"//*[@id=\"__button411\"]"}
COMMAND: POST /session/365d56350ece7ddb67f22ecca89c6f97/elements - {"using":"xpath","value":"//*[@id=\"__button411\"]"}
RESULT: {"using":"xpath","value":"//*[@id=\"__button411\"]"}
COMMAND: POST /session/365d56350ece7ddb67f22ecca89c6f97/elements - {"using":"xpath","value":"//*[@id=\"__button411\"]"}
RESULT: {"using":"xpath","value":"//*[@id=\"__button411\"]"}
COMMAND: POST /session/365d56350ece7ddb67f22ecca89c6f97/elements - {"using":"xpath","value":"//*[@id=\"__button411\"]"}
RESULT: {"using":"xpath","value":"//*[@id=\"__button411\"]"}
COMMAND: POST /session/365d56350ece7ddb67f22ecca89c6f97/elements - {"using":"xpath","value":"//*[@id=\"__button411\"]"}
RESULT: {"using":"xpath","value":"//*[@id=\"__button411\"]"}
COMMAND: POST /session/365d56350ece7ddb67f22ecca89c6f97/elements - {"using":"xpath","value":"//*[@id=\"__button411\"]"}
RESULT: {"using":"xpath","value":"//*[@id=\"__button411\"]"}
COMMAND: POST /session/365d56350ece7ddb67f22ecca89c6f97/elements - {"using":"xpath","value":"//*[@id=\"__button411\"]"}
RESULT: {"using":"xpath","value":"//*[@id=\"__button411\"]"}
COMMAND: POST /session/365d56350ece7ddb67f22ecca89c6f97/elements - {"using":"xpath","value":"//*[@id=\"__button411\"]"}
RESULT: {"using":"xpath","value":"//*[@id=\"__button411\"]"}
COMMAND: POST /session/365d56350ece7ddb67f22ecca89c6f97/elements - {"using":"xpath","value":"//*[@id=\"__button411\"]"}
RESULT: {"using":"xpath","value":"//*[@id=\"__button411\"]"}
COMMAND: POST /session/365d56350ece7ddb67f22ecca89c6f97/elements - {"using":"xpath","value":"//*[@id=\"__button411\"]"}
RESULT: {"using":"xpath","value":"//*[@id=\"__button411\"]"}
COMMAND: POST /session/365d56350ece7ddb67f22ecca89c6f97/elements - {"using":"xpath","value":"//*[@id=\"__button411\"]"}
RESULT: {"using":"xpath","value":"//*[@id=\"__button411\"]"}
COMMAND: POST /session/365d56350ece7ddb67f22ecca89c6f97/elements - {"using":"xpath","value":"//*[@id=\"__button411\"]"}
RESULT: {"using":"xpath","value":"//*[@id=\"__button411\"]"}
COMMAND: POST /session/365d56350ece7ddb67f22ecca89c6f97/elements - {"using":"xpath","value":"//*[@id=\"__button411\"]"}
RESULT: {"using":"xpath","value":"//*[@id=\"__button411\"]"}
COMMAND: POST /session/365d56350ece7ddb67f22ecca89c6f97/elements - {"using":"xpath","value":"//*[@id=\"__button411\"]"}
RESULT: {"using":"xpath","value":"//*[@id=\"__button411\"]"}
COMMAND: POST /session/365d56350ece7ddb67f22ecca89c6f97/elements - {"using":"xpath","value":"//*[@id=\"__button411\"]"}
RESULT: {"using":"xpath","value":"//*[@id=\"__button411\"]"}
COMMAND: POST /session/365d56350ece7ddb67f22ecca89c6f97/elements - {"using":"xpath","value":"//*[@id=\"__button411\"]"}
RESULT: {"using":"xpath","value":"//*[@id=\"__button411\"]"}
COMMAND: POST /session/365d56350ece7ddb67f22ecca89c6f97/elements - {"using":"xpath","value":"//*[@id=\"__button411\"]"}
RESULT: {"using":"xpath","value":"//*[@id=\"__button411\"]"}
COMMAND: POST /session/365d56350ece7ddb67f22ecca89c6f97/elements - {"using":"xpath","value":"//*[@id=\"__button411\"]"}
RESULT: {"using":"xpath","value":"//*[@id=\"__button411\"]"}
COMMAND: POST /session/365d56350ece7ddb67f22ecca89c6f97/elements - {"using":"xpath","value":"//*[@id=\"__button411\"]"}
RESULT: {"using":"xpath","value":"//*[@id=\"__button411\"]"}
COMMAND: POST /session/365d56350ece7ddb67f22ecca89c6f97/elements - {"using":"xpath","value":"//*[@id=\"__button411\"]"}
RESULT: {"using":"xpath","value":"//*[@id=\"__button411\"]"}
COMMAND: POST /session/365d56350ece7ddb67f22ecca89c6f97/elements - {"using":"xpath","value":"//*[@id=\"__button411\"]"}
RESULT: {"using":"xpath","value":"//*[@id=\"__button411\"]"}
COMMAND: POST /session/365d56350ece7ddb67f22ecca89c6f97/elements - {"using":"xpath","value":"//*[@id=\"__button411\"]"}
RESULT: {"using":"xpath","value":"//*[@id=\"__button411\"]"}
COMMAND: POST /session/365d56350ece7ddb67f22ecca89c6f97/elements - {"using":"xpath","value":"//*[@id=\"__button411\"]"}
RESULT: {"using":"xpath","value":"//*[@id=\"__button411\"]"}
COMMAND: POST /session/365d56350ece7ddb67f22ecca89c6f97/elements - {"using":"xpath","value":"//*[@id=\"__button411\"]"}
RESULT: {"using":"xpath","value":"//*[@id=\"__button411\"]"}
COMMAND: POST /session/365d56350ece7ddb67f22ecca89c6f97/elements - {"using":"xpath","value":"//*[@id=\"__button411\"]"}
RESULT: {"using":"xpath","value":"//*[@id=\"__button411\"]"}
COMMAND: POST /session/365d56350ece7ddb67f22ecca89c6f97/elements - {"using":"xpath","value":"//*[@id=\"__button411\"]"}
RESULT: {"using":"xpath","value":"//*[@id=\"__button411\"]"}
COMMAND: POST /session/365d56350ece7ddb67f22ecca89c6f97/elements - {"using":"xpath","value":"//*[@id=\"__button411\"]"}
RESULT: {"using":"xpath","value":"//*[@id=\"__button411\"]"}
COMMAND: POST /session/365d56350ece7ddb67f22ecca89c6f97/elements - {"using":"xpath","value":"//*[@id=\"__button411\"]"}
RESULT: {"using":"xpath","value":"//*[@id=\"__button411\"]"}
COMMAND: POST /session/365d56350ece7ddb67f22ecca89c6f97/elements - {"using":"xpath","value":"//*[@id=\"__button411\"]"}
RESULT: {"using":"xpath","value":"//*[@id=\"__button411\"]"}
COMMAND: POST /session/365d56350ece7ddb67f22ecca89c6f97/elements - {"using":"xpath","value":"//*[@id=\"__button411\"]"}
RESULT: {"using":"xpath","value":"//*[@id=\"__button411\"]"}
COMMAND: POST /session/365d56350ece7ddb67f22ecca89c6f97/elements - {"using":"xpath","value":"//*[@id=\"__button411\"]"}
RESULT: {"using":"xpath","value":"//*[@id=\"__button411\"]"}
COMMAND: POST /session/365d56350ece7ddb67f22ecca89c6f97/elements - {"using":"xpath","value":"//*[@id=\"__button411\"]"}
RESULT: {"using":"xpath","value":"//*[@id=\"__button411\"]"}
COMMAND: POST /session/365d56350ece7ddb67f22ecca89c6f97/elements - {"using":"xpath","value":"//*[@id=\"__button411\"]"}
RESULT: {"using":"xpath","value":"//*[@id=\"__button411\"]"}
COMMAND: POST /session/365d56350ece7ddb67f22ecca89c6f97/elements - {"using":"xpath","value":"//*[@id=\"__button411\"]"}
RESULT: {"using":"xpath","value":"//*[@id=\"__button411\"]"}
COMMAND: POST /session/365d56350ece7ddb67f22ecca89c6f97/elements - {"using":"xpath","value":"//*[@id=\"__button411\"]"}
RESULT: {"using":"xpath","value":"//*[@id=\"__button411\"]"}
COMMAND: POST /session/365d56350ece7ddb67f22ecca89c6f97/elements - {"using":"xpath","value":"//*[@id=\"__button411\"]"}
RESULT: {"using":"xpath","value":"//*[@id=\"__button411\"]"}
COMMAND: POST /session/365d56350ece7ddb67f22ecca89c6f97/elements - {"using":"xpath","value":"//*[@id=\"__button411\"]"}
RESULT: {"using":"xpath","value":"//*[@id=\"__button411\"]"}
COMMAND: POST /session/365d56350ece7ddb67f22ecca89c6f97/elements - {"using":"xpath","value":"//*[@id=\"__button411\"]"}
RESULT: {"using":"xpath","value":"//*[@id=\"__button411\"]"}
COMMAND: POST /session/365d56350ece7ddb67f22ecca89c6f97/elements - {"using":"xpath","value":"//*[@id=\"__button411\"]"}
RESULT: {"using":"xpath","value":"//*[@id=\"__button411\"]"}
COMMAND: POST /session/365d56350ece7ddb67f22ecca89c6f97/elements - {"using":"xpath","value":"//*[@id=\"__button411\"]"}
RESULT: {"using":"xpath","value":"//*[@id=\"__button411\"]"}
COMMAND: POST /session/365d56350ece7ddb67f22ecca89c6f97/elements - {"using":"xpath","value":"//*[@id=\"__button411\"]"}
RESULT: {"using":"xpath","value":"//*[@id=\"__button411\"]"}
COMMAND: POST /session/365d56350ece7ddb67f22ecca89c6f97/elements - {"using":"xpath","value":"//*[@id=\"__button411\"]"}
RESULT: {"using":"xpath","value":"//*[@id=\"__button411\"]"}
COMMAND: POST /session/365d56350ece7ddb67f22ecca89c6f97/elements - {"using":"xpath","value":"//*[@id=\"__button411\"]"}
RESULT: {"using":"xpath","value":"//*[@id=\"__button411\"]"}
COMMAND: POST /session/365d56350ece7ddb67f22ecca89c6f97/elements - {"using":"xpath","value":"//*[@id=\"__button411\"]"}
RESULT: {"using":"xpath","value":"//*[@id=\"__button411\"]"}
COMMAND: POST /session/365d56350ece7ddb67f22ecca89c6f97/elements - {"using":"xpath","value":"//*[@id=\"__button411\"]"}
RESULT: {"using":"xpath","value":"//*[@id=\"__button411\"]"}
COMMAND: POST /session/365d56350ece7ddb67f22ecca89c6f97/elements - {"using":"xpath","value":"//*[@id=\"__button411\"]"}
RESULT: {"using":"xpath","value":"//*[@id=\"__button411\"]"}
COMMAND: POST /session/365d56350ece7ddb67f22ecca89c6f97/elements - {"using":"xpath","value":"//*[@id=\"__button411\"]"}
RESULT: {"using":"xpath","value":"//*[@id=\"__button411\"]"}
COMMAND: POST /session/365d56350ece7ddb67f22ecca89c6f97/elements - {"using":"xpath","value":"//*[@id=\"__button411\"]"}
RESULT: {"using":"xpath","value":"//*[@id=\"__button411\"]"}
COMMAND: POST /session/365d56350ece7ddb67f22ecca89c6f97/elements - {"using":"xpath","value":"//*[@id=\"__button411\"]"}
RESULT: {"using":"xpath","value":"//*[@id=\"__button411\"]"}
COMMAND: POST /session/365d56350ece7ddb67f22ecca89c6f97/elements - {"using":"xpath","value":"//*[@id=\"__button411\"]"}
RESULT: {"using":"xpath","value":"//*[@id=\"__button411\"]"}
COMMAND: POST /session/365d56350ece7ddb67f22ecca89c6f97/elements - {"using":"xpath","value":"//*[@id=\"__button411\"]"}
RESULT: {"using":"xpath","value":"//*[@id=\"__button411\"]"}
COMMAND: POST /session/365d56350ece7ddb67f22ecca89c6f97/elements - {"using":"xpath","value":"//*[@id=\"__button411\"]"}
RESULT: {"using":"xpath","value":"//*[@id=\"__button411\"]"}
COMMAND: POST /session/365d56350ece7ddb67f22ecca89c6f97/elements - {"using":"xpath","value":"//*[@id=\"__button411\"]"}
RESULT: {"using":"xpath","value":"//*[@id=\"__button411\"]"}
COMMAND: POST /session/365d56350ece7ddb67f22ecca89c6f97/elements - {"using":"xpath","value":"//*[@id=\"__button411\"]"}
RESULT: {"using":"xpath","value":"//*[@id=\"__button411\"]"}
COMMAND: POST /session/365d56350ece7ddb67f22ecca89c6f97/elements - {"using":"xpath","value":"//*[@id=\"__button411\"]"}
RESULT: {"using":"xpath","value":"//*[@id=\"__button411\"]"}
COMMAND: POST /session/365d56350ece7ddb67f22ecca89c6f97/elements - {"using":"xpath","value":"//*[@id=\"__button411\"]"}
RESULT: {"using":"xpath","value":"//*[@id=\"__button411\"]"}
COMMAND: POST /session/365d56350ece7ddb67f22ecca89c6f97/elements - {"using":"xpath","value":"//*[@id=\"__button411\"]"}
RESULT: {"using":"xpath","value":"//*[@id=\"__button411\"]"}
COMMAND: POST /session/365d56350ece7ddb67f22ecca89c6f97/elements - {"using":"xpath","value":"//*[@id=\"__button411\"]"}
RESULT: {"using":"xpath","value":"//*[@id=\"__button411\"]"}
COMMAND: POST /session/365d56350ece7ddb67f22ecca89c6f97/elements - {"using":"xpath","value":"//*[@id=\"__button411\"]"}
RESULT: {"using":"xpath","value":"//*[@id=\"__button411\"]"}
COMMAND: POST /session/365d56350ece7ddb67f22ecca89c6f97/elements - {"using":"xpath","value":"//*[@id=\"__button411\"]"}
RESULT: {"using":"xpath","value":"//*[@id=\"__button411\"]"}
COMMAND: POST /session/365d56350ece7ddb67f22ecca89c6f97/elements - {"using":"xpath","value":"//*[@id=\"__button411\"]"}
RESULT: {"using":"xpath","value":"//*[@id=\"__button411\"]"}
COMMAND: POST /session/365d56350ece7ddb67f22ecca89c6f97/elements - {"using":"xpath","value":"//*[@id=\"__button411\"]"}
RESULT: {"using":"xpath","value":"//*[@id=\"__button411\"]"}
COMMAND: POST /session/365d56350ece7ddb67f22ecca89c6f97/elements - {"using":"xpath","value":"//*[@id=\"__button411\"]"}
RESULT: {"using":"xpath","value":"//*[@id=\"__button411\"]"}
COMMAND: POST /session/365d56350ece7ddb67f22ecca89c6f97/elements - {"using":"xpath","value":"//*[@id=\"__button411\"]"}
RESULT: {"using":"xpath","value":"//*[@id=\"__button411\"]"}
COMMAND: POST /session/365d56350ece7ddb67f22ecca89c6f97/elements - {"using":"xpath","value":"//*[@id=\"__button411\"]"}
RESULT: {"using":"xpath","value":"//*[@id=\"__button411\"]"}
COMMAND: POST /session/365d56350ece7ddb67f22ecca89c6f97/element - {"using":"css selector","value":"#shell-header-logo"}
RESULT: {"using":"css selector","value":"#shell-header-logo"}
COMMAND: POST /session/365d56350ece7ddb67f22ecca89c6f97/execute/sync - {"script":"<script> [8489 bytes]","args":[{"element-6066-11e4-a52e-4f735466cecf":"f.0CFB565138F0704D782EF1C57C56E9E5.d.034CFF39158BBCB890C93987E7430048.e.16744","ELEMENT":"f.0CFB565138F0704D782EF1C57C56E9E5.d.034CFF39158BBCB890C93987E7430048.e.16744"}]}
RESULT: {"script":"<script> [8489 bytes]","args":[{"element-6066-11e4-a52e-4f735466cecf":"f.0CFB565138F0704D782EF1C57C56E9E5.d.034CFF39158BBCB890C93987E7430048.e.16744","ELEMENT":"f.0CFB565138F0704D782EF1C57C56E9E5.d.034CFF39158BBCB890C93987E7430048.e.16744"}]}
COMMAND: POST /session/365d56350ece7ddb67f22ecca89c6f97/execute/sync - {"script":"<script> [5351 bytes]","args":[{"element-6066-11e4-a52e-4f735466cecf":"f.0CFB565138F0704D782EF1C57C56E9E5.d.034CFF39158BBCB890C93987E7430048.e.16744","ELEMENT":"f.0CFB565138F0704D782EF1C57C56E9E5.d.034CFF39158BBCB890C93987E7430048.e.16744"}]}
COMMAND: GET /session/365d56350ece7ddb67f22ecca89c6f97/screenshot - {}
RESULT: {"script":"<script> [5351 bytes]","args":[{"element-6066-11e4-a52e-4f735466cecf":"f.0CFB565138F0704D782EF1C57C56E9E5.d.034CFF39158BBCB890C93987E7430048.e.16744","ELEMENT":"f.0CFB565138F0704D782EF1C57C56E9E5.d.034CFF39158BBCB890C93987E7430048.e.16744"}]}
COMMAND: POST /session/365d56350ece7ddb67f22ecca89c6f97/element/f.0CFB565138F0704D782EF1C57C56E9E5.d.034CFF39158BBCB890C93987E7430048.e.16744/click - {}
COMMAND: GET /session/365d56350ece7ddb67f22ecca89c6f97/screenshot - {}
RESULT: {}
RESULT: {}
]]></system-out>
    </testcase>
    <testcase classname="chrome.136_0_7103_93.windows.Performance_based_billing_(work_days)_US139742" name="Should go to Manage Billings and trigger calculation check the conditions applied" time="76.65">
      <system-out><![CDATA[
COMMAND: POST /session/365d56350ece7ddb67f22ecca89c6f97/execute/async - {"script":"<script> [1562 bytes]","args":[{"selector":{"controlType":"sap.m.GenericTile","properties":{"header":"Manage Billings"}},"wdio_ui5_key":"sapm.GenericTile{\"header\":\"Manage Billings\"}"}]}
COMMAND: GET /session/365d56350ece7ddb67f22ecca89c6f97/screenshot - {}
RESULT: {}
RESULT: {"script":"<script> [1562 bytes]","args":[{"selector":{"controlType":"sap.m.GenericTile","properties":{"header":"Manage Billings"}},"wdio_ui5_key":"sapm.GenericTile{\"header\":\"Manage Billings\"}"}]}
RESULT: undefined
COMMAND: POST /session/365d56350ece7ddb67f22ecca89c6f97/element - {"using":"xpath","value":"//*[@id=\"__tile51\"]"}
RESULT: {}
RESULT: {"using":"xpath","value":"//*[@id=\"__tile51\"]"}
COMMAND: POST /session/365d56350ece7ddb67f22ecca89c6f97/element/f.0CFB565138F0704D782EF1C57C56E9E5.d.034CFF39158BBCB890C93987E7430048.e.12980/click - {}
RESULT: {}
COMMAND: GET /session/365d56350ece7ddb67f22ecca89c6f97/screenshot - {}
RESULT: {}
COMMAND: POST /session/365d56350ece7ddb67f22ecca89c6f97/elements - {"using":"xpath","value":"//span[text()='Error']"}
RESULT: {"using":"xpath","value":"//span[text()='Error']"}
COMMAND: POST /session/365d56350ece7ddb67f22ecca89c6f97/execute/async - {"script":"<script> [1562 bytes]","args":[{"selector":{"id":"application-managebillings-display-component---billRunCalcResult--smartFilterBar-btnBasicSearch","interaction":{"idSuffix":"I"}},"wdio_ui5_key":"applicationmanagebillings-display-component---billRunCalcResult--smartFilterBar-btnBasicSearch"}]}
RESULT: {"script":"<script> [1562 bytes]","args":[{"selector":{"id":"application-managebillings-display-component---billRunCalcResult--smartFilterBar-btnBasicSearch","interaction":{"idSuffix":"I"}},"wdio_ui5_key":"applicationmanagebillings-display-component---billRunCalcResult--smartFilterBar-btnBasicSearch"}]}
RESULT: undefined
COMMAND: POST /session/365d56350ece7ddb67f22ecca89c6f97/execute/async - {"script":"<script> [776 bytes]","args":[{"enterText":"10217","selector":{"id":"application-managebillings-display-component---billRunCalcResult--smartFilterBar-btnBasicSearch","interaction":{"idSuffix":"I"}},"clearTextFirst":true,"interactionType":"ENTER_TEXT"}]}
RESULT: {"script":"<script> [776 bytes]","args":[{"enterText":"10217","selector":{"id":"application-managebillings-display-component---billRunCalcResult--smartFilterBar-btnBasicSearch","interaction":{"idSuffix":"I"}},"clearTextFirst":true,"interactionType":"ENTER_TEXT"}]}
COMMAND: POST /session/365d56350ece7ddb67f22ecca89c6f97/actions - {"actions":[{"id":"action65","type":"key","parameters":{},"actions":[{"type":"keyDown","value":""},{"type":"pause","duration":10},{"type":"keyUp","value":""}]}]}
RESULT: {"actions":[{"id":"action65","type":"key","parameters":{},"actions":[{"type":"keyDown","value":""},{"type":"pause","duration":10},{"type":"keyUp","value":""}]}]}
COMMAND: GET /session/365d56350ece7ddb67f22ecca89c6f97/screenshot - {}
RESULT: {}
COMMAND: POST /session/365d56350ece7ddb67f22ecca89c6f97/element - {"using":"xpath","value":"//td[@aria-colindex=\"1\"]/div/div[contains(@class, \"sapMCbBg\")]"}
RESULT: {"using":"xpath","value":"//td[@aria-colindex=\"1\"]/div/div[contains(@class, \"sapMCbBg\")]"}
COMMAND: POST /session/365d56350ece7ddb67f22ecca89c6f97/element/f.0CFB565138F0704D782EF1C57C56E9E5.d.034CFF39158BBCB890C93987E7430048.e.17164/click - {}
RESULT: {}
COMMAND: GET /session/365d56350ece7ddb67f22ecca89c6f97/screenshot - {}
RESULT: {}
COMMAND: POST /session/365d56350ece7ddb67f22ecca89c6f97/execute/async - {"script":"<script> [1562 bytes]","args":[{"selector":{"id":"application-managebillings-display-component---billRunCalcResult--contractBillRunDate","interaction":{"idSuffix":"inner"}},"wdio_ui5_key":"applicationmanagebillings-display-component---billRunCalcResult--contractBillRunDate"}]}
RESULT: {"script":"<script> [1562 bytes]","args":[{"selector":{"id":"application-managebillings-display-component---billRunCalcResult--contractBillRunDate","interaction":{"idSuffix":"inner"}},"wdio_ui5_key":"applicationmanagebillings-display-component---billRunCalcResult--contractBillRunDate"}]}
RESULT: undefined
COMMAND: POST /session/365d56350ece7ddb67f22ecca89c6f97/execute/async - {"script":"<script> [776 bytes]","args":[{"enterText":"6/25/25","selector":{"id":"application-managebillings-display-component---billRunCalcResult--contractBillRunDate","interaction":{"idSuffix":"inner"}},"clearTextFirst":true,"interactionType":"ENTER_TEXT"}]}
RESULT: {"script":"<script> [776 bytes]","args":[{"enterText":"6/25/25","selector":{"id":"application-managebillings-display-component---billRunCalcResult--contractBillRunDate","interaction":{"idSuffix":"inner"}},"clearTextFirst":true,"interactionType":"ENTER_TEXT"}]}
COMMAND: POST /session/365d56350ece7ddb67f22ecca89c6f97/element - {"using":"xpath","value":"//bdi[contains(text(), \"Trigger Calculation\")]"}
RESULT: {"using":"xpath","value":"//bdi[contains(text(), \"Trigger Calculation\")]"}
COMMAND: POST /session/365d56350ece7ddb67f22ecca89c6f97/element/f.0CFB565138F0704D782EF1C57C56E9E5.d.034CFF39158BBCB890C93987E7430048.e.17185/click - {}
RESULT: {}
COMMAND: GET /session/365d56350ece7ddb67f22ecca89c6f97/screenshot - {}
RESULT: {}
COMMAND: POST /session/365d56350ece7ddb67f22ecca89c6f97/element - {"using":"xpath","value":"(//span[contains(@id, \"imgNav\")])[1]"}
RESULT: {"using":"xpath","value":"(//span[contains(@id, \"imgNav\")])[1]"}
COMMAND: POST /session/365d56350ece7ddb67f22ecca89c6f97/element/f.0CFB565138F0704D782EF1C57C56E9E5.d.034CFF39158BBCB890C93987E7430048.e.17178/click - {}
RESULT: {}
COMMAND: GET /session/365d56350ece7ddb67f22ecca89c6f97/screenshot - {}
RESULT: {}
COMMAND: POST /session/365d56350ece7ddb67f22ecca89c6f97/element - {"using":"xpath","value":"//tr/td[6]/div[1]/span[1]/span[1]"}
RESULT: {"using":"xpath","value":"//tr/td[6]/div[1]/span[1]/span[1]"}
COMMAND: GET /session/365d56350ece7ddb67f22ecca89c6f97/element/f.0CFB565138F0704D782EF1C57C56E9E5.d.034CFF39158BBCB890C93987E7430048.e.17190/text - {}
RESULT: {}
COMMAND: POST /session/365d56350ece7ddb67f22ecca89c6f97/element - {"using":"xpath","value":"(//span[contains(@id, \"imgNav\")])[2]"}
RESULT: {"using":"xpath","value":"(//span[contains(@id, \"imgNav\")])[2]"}
COMMAND: POST /session/365d56350ece7ddb67f22ecca89c6f97/element/f.0CFB565138F0704D782EF1C57C56E9E5.d.034CFF39158BBCB890C93987E7430048.e.17191/click - {}
RESULT: {}
COMMAND: POST /session/365d56350ece7ddb67f22ecca89c6f97/element - {"using":"xpath","value":"//bdi[contains(text(), \"Business Confirm\")]"}
COMMAND: GET /session/365d56350ece7ddb67f22ecca89c6f97/screenshot - {}
RESULT: {"using":"xpath","value":"//bdi[contains(text(), \"Business Confirm\")]"}
COMMAND: POST /session/365d56350ece7ddb67f22ecca89c6f97/elements - {"using":"xpath","value":"//bdi[contains(text(), \"Business Confirm\")]"}
RESULT: {}
RESULT: {"using":"xpath","value":"//bdi[contains(text(), \"Business Confirm\")]"}
COMMAND: POST /session/365d56350ece7ddb67f22ecca89c6f97/element - {"using":"xpath","value":"//bdi[contains(text(), \"Business Confirm\")]"}
RESULT: {"using":"xpath","value":"//bdi[contains(text(), \"Business Confirm\")]"}
COMMAND: POST /session/365d56350ece7ddb67f22ecca89c6f97/element/f.0CFB565138F0704D782EF1C57C56E9E5.d.034CFF39158BBCB890C93987E7430048.e.17262/click - {}
RESULT: {}
COMMAND: POST /session/365d56350ece7ddb67f22ecca89c6f97/element - {"using":"css selector","value":"#shell-header-logo"}
COMMAND: GET /session/365d56350ece7ddb67f22ecca89c6f97/screenshot - {}
RESULT: {"using":"css selector","value":"#shell-header-logo"}
COMMAND: POST /session/365d56350ece7ddb67f22ecca89c6f97/element/f.0CFB565138F0704D782EF1C57C56E9E5.d.034CFF39158BBCB890C93987E7430048.e.16926/click - {}
RESULT: {}
RESULT: {}
COMMAND: GET /session/365d56350ece7ddb67f22ecca89c6f97/screenshot - {}
RESULT: {}
COMMAND: POST /session/365d56350ece7ddb67f22ecca89c6f97/element - {"using":"css selector","value":"#j_username"}
COMMAND: POST /session/365d56350ece7ddb67f22ecca89c6f97/url - {"url":"https://qa-testing-00-live-etm-ui.cfapps.eu10-004.hana.ondemand.com/"}
RESULT: {"using":"css selector","value":"#j_username"}
COMMAND: POST /session/365d56350ece7ddb67f22ecca89c6f97/element - {"using":"css selector","value":"#j_username"}
RESULT: {"url":"https://qa-testing-00-live-etm-ui.cfapps.eu10-004.hana.ondemand.com/"}
RESULT: undefined
COMMAND: GET /session/365d56350ece7ddb67f22ecca89c6f97/screenshot - {}
RESULT: {"using":"css selector","value":"#j_username"}
COMMAND: POST /session/365d56350ece7ddb67f22ecca89c6f97/element - {"using":"css selector","value":"#shell-header-logo"}
RESULT: {}
RESULT: {"using":"css selector","value":"#shell-header-logo"}
COMMAND: POST /session/365d56350ece7ddb67f22ecca89c6f97/execute/sync - {"script":"<script> [8489 bytes]","args":[{"element-6066-11e4-a52e-4f735466cecf":"f.0CFB565138F0704D782EF1C57C56E9E5.d.FA16E9E7F703F40D8C13029D9DBB807A.e.17282","ELEMENT":"f.0CFB565138F0704D782EF1C57C56E9E5.d.FA16E9E7F703F40D8C13029D9DBB807A.e.17282"}]}
RESULT: {"script":"<script> [8489 bytes]","args":[{"element-6066-11e4-a52e-4f735466cecf":"f.0CFB565138F0704D782EF1C57C56E9E5.d.FA16E9E7F703F40D8C13029D9DBB807A.e.17282","ELEMENT":"f.0CFB565138F0704D782EF1C57C56E9E5.d.FA16E9E7F703F40D8C13029D9DBB807A.e.17282"}]}
COMMAND: POST /session/365d56350ece7ddb67f22ecca89c6f97/element - {"using":"css selector","value":"#shell-header-logo"}
COMMAND: GET /session/365d56350ece7ddb67f22ecca89c6f97/screenshot - {}
RESULT: {"using":"css selector","value":"#shell-header-logo"}
COMMAND: POST /session/365d56350ece7ddb67f22ecca89c6f97/execute/sync - {"script":"<script> [8489 bytes]","args":[{"element-6066-11e4-a52e-4f735466cecf":"f.0CFB565138F0704D782EF1C57C56E9E5.d.FA16E9E7F703F40D8C13029D9DBB807A.e.17282","ELEMENT":"f.0CFB565138F0704D782EF1C57C56E9E5.d.FA16E9E7F703F40D8C13029D9DBB807A.e.17282"}]}
RESULT: {}
RESULT: {"script":"<script> [8489 bytes]","args":[{"element-6066-11e4-a52e-4f735466cecf":"f.0CFB565138F0704D782EF1C57C56E9E5.d.FA16E9E7F703F40D8C13029D9DBB807A.e.17282","ELEMENT":"f.0CFB565138F0704D782EF1C57C56E9E5.d.FA16E9E7F703F40D8C13029D9DBB807A.e.17282"}]}
COMMAND: POST /session/365d56350ece7ddb67f22ecca89c6f97/execute/sync - {"script":"<script> [5351 bytes]","args":[{"element-6066-11e4-a52e-4f735466cecf":"f.0CFB565138F0704D782EF1C57C56E9E5.d.FA16E9E7F703F40D8C13029D9DBB807A.e.17282","ELEMENT":"f.0CFB565138F0704D782EF1C57C56E9E5.d.FA16E9E7F703F40D8C13029D9DBB807A.e.17282"}]}
COMMAND: GET /session/365d56350ece7ddb67f22ecca89c6f97/screenshot - {}
RESULT: {"script":"<script> [5351 bytes]","args":[{"element-6066-11e4-a52e-4f735466cecf":"f.0CFB565138F0704D782EF1C57C56E9E5.d.FA16E9E7F703F40D8C13029D9DBB807A.e.17282","ELEMENT":"f.0CFB565138F0704D782EF1C57C56E9E5.d.FA16E9E7F703F40D8C13029D9DBB807A.e.17282"}]}
COMMAND: POST /session/365d56350ece7ddb67f22ecca89c6f97/element - {"using":"css selector","value":"#shell-header-logo"}
COMMAND: GET /session/365d56350ece7ddb67f22ecca89c6f97/screenshot - {}
RESULT: {}
RESULT: {"using":"css selector","value":"#shell-header-logo"}
COMMAND: POST /session/365d56350ece7ddb67f22ecca89c6f97/element/f.0CFB565138F0704D782EF1C57C56E9E5.d.FA16E9E7F703F40D8C13029D9DBB807A.e.17282/click - {}
RESULT: {}
RESULT: {}
COMMAND: GET /session/365d56350ece7ddb67f22ecca89c6f97/screenshot - {}
RESULT: {}
COMMAND: POST /session/365d56350ece7ddb67f22ecca89c6f97/execute/async - {"script":"<script> [189 bytes]","args":[]}
RESULT: {"script":"<script> [189 bytes]","args":[]}
COMMAND: POST /session/365d56350ece7ddb67f22ecca89c6f97/execute/async - {"script":"<script> [123 bytes]","args":[]}
RESULT: {"script":"<script> [123 bytes]","args":[]}
COMMAND: POST /session/365d56350ece7ddb67f22ecca89c6f97/timeouts - {"script":"<number>"}
RESULT: {"script":"<number>"}
COMMAND: GET /session/365d56350ece7ddb67f22ecca89c6f97/timeouts - {}
RESULT: {}
RESULT: undefined
COMMAND: POST /session/365d56350ece7ddb67f22ecca89c6f97/execute/async - {"script":"<script> [2676 bytes]","args":[]}
RESULT: {"script":"<script> [2676 bytes]","args":[]}
COMMAND: POST /session/365d56350ece7ddb67f22ecca89c6f97/execute/async - {"script":"<script> [2342 bytes]","args":[{"protocol":"http","hostname":"0.0.0.0","path":"/","capabilities":{"browserName":"chrome","goog:chromeOptions":{"binary":"C:\\Program Files\\Google\\Chrome\\Application\\chrome.exe","args":["--start-maximized"]}},"logLevel":"warn","connectionRetryTimeout":120000,"connectionRetryCount":3,"logLevels":{},"enableDirectConnect":true,"strictSSL":true,"_":"65 more keys: [\"cacheDir\",\"port\",\"requestedCapabilities\",\"automationProtocol\",\"baseUrl\",\"waitforInterval\",\"waitforTimeout\",\"onReload\",\"beforeCommand\",\"afterCommand\",\"rootDir\",\"specs\",\"suites\",\"exclude\",\"groupLogsByTestSpec\",\"excludeDriverLogs\",\"bail\",\"framework\",\"reporters\",\"services\",\"maxInstances\",\"maxInstancesPerCapability\",\"injectGlobals\",\"filesToWatch\",\"execArgv\",\"runnerEnv\",\"runner\",\"shard\",\"specFileRetries\",\"specFileRetriesDelay\",\"specFileRetriesDeferred\",\"reporterSyncInterval\",\"reporterSyncTimeout\",\"cucumberFeaturesWithLineNumbers\",\"autoCompileOpts\",\"mochaOpts\",\"jasmineOpts\",\"cucumberOpts\",\"onPrepare\",\"onWorkerStart\",\"onWorkerEnd\",\"before\",\"beforeSession\",\"beforeSuite\",\"beforeHook\",\"beforeTest\",\"afterTest\",\"afterHook\",\"afterSuite\",\"afterSession\",\"after\",\"onComplete\",\"beforeAssertion\",\"afterAssertion\",\"beforeFeature\",\"beforeScenario\",\"beforeStep\",\"afterStep\",\"afterScenario\",\"afterFeature\",\"_\",\"suite\",\"$0\",\"ignoredWorkerServices\",\"wdi5\"]"}]}
RESULT: {"script":"<script> [2342 bytes]","args":[{"protocol":"http","hostname":"0.0.0.0","path":"/","capabilities":{"browserName":"chrome","goog:chromeOptions":{"binary":"C:\\Program Files\\Google\\Chrome\\Application\\chrome.exe","args":["--start-maximized"]}},"logLevel":"warn","connectionRetryTimeout":120000,"connectionRetryCount":3,"logLevels":{},"enableDirectConnect":true,"strictSSL":true,"_":"65 more keys: [\"cacheDir\",\"port\",\"requestedCapabilities\",\"automationProtocol\",\"baseUrl\",\"waitforInterval\",\"waitforTimeout\",\"onReload\",\"beforeCommand\",\"afterCommand\",\"rootDir\",\"specs\",\"suites\",\"exclude\",\"groupLogsByTestSpec\",\"excludeDriverLogs\",\"bail\",\"framework\",\"reporters\",\"services\",\"maxInstances\",\"maxInstancesPerCapability\",\"injectGlobals\",\"filesToWatch\",\"execArgv\",\"runnerEnv\",\"runner\",\"shard\",\"specFileRetries\",\"specFileRetriesDelay\",\"specFileRetriesDeferred\",\"reporterSyncInterval\",\"reporterSyncTimeout\",\"cucumberFeaturesWithLineNumbers\",\"autoCompileOpts\",\"mochaOpts\",\"jasmineOpts\",\"cucumberOpts\",\"onPrepare\",\"onWorkerStart\",\"onWorkerEnd\",\"before\",\"beforeSession\",\"beforeSuite\",\"beforeHook\",\"beforeTest\",\"afterTest\",\"afterHook\",\"afterSuite\",\"afterSession\",\"after\",\"onComplete\",\"beforeAssertion\",\"afterAssertion\",\"beforeFeature\",\"beforeScenario\",\"beforeStep\",\"afterStep\",\"afterScenario\",\"afterFeature\",\"_\",\"suite\",\"$0\",\"ignoredWorkerServices\",\"wdi5\"]"}]}
COMMAND: POST /session/365d56350ece7ddb67f22ecca89c6f97/execute/async - {"script":"<script> [21126 bytes]","args":[35000]}
RESULT: {"script":"<script> [21126 bytes]","args":[35000]}
COMMAND: POST /session/365d56350ece7ddb67f22ecca89c6f97/window/maximize - {}
RESULT: {}
COMMAND: POST /session/365d56350ece7ddb67f22ecca89c6f97/execute/async - {"script":"<script> [1562 bytes]","args":[{"selector":{"id":"shell-header","interaction":{"idSuffix":"icon"}},"wdio_ui5_key":"shellheader"}]}
COMMAND: GET /session/365d56350ece7ddb67f22ecca89c6f97/screenshot - {}
RESULT: {"script":"<script> [1562 bytes]","args":[{"selector":{"id":"shell-header","interaction":{"idSuffix":"icon"}},"wdio_ui5_key":"shellheader"}]}
RESULT: undefined
COMMAND: POST /session/365d56350ece7ddb67f22ecca89c6f97/refresh - {}
RESULT: {}
RESULT: {}
COMMAND: GET /session/365d56350ece7ddb67f22ecca89c6f97/screenshot - {}
RESULT: {}
COMMAND: POST /session/365d56350ece7ddb67f22ecca89c6f97/refresh - {}
RESULT: {}
COMMAND: GET /session/365d56350ece7ddb67f22ecca89c6f97/screenshot - {}
RESULT: {}
COMMAND: POST /session/365d56350ece7ddb67f22ecca89c6f97/window/fullscreen - {}
RESULT: {}
COMMAND: POST /session/365d56350ece7ddb67f22ecca89c6f97/execute/async - {"script":"<script> [189 bytes]","args":[]}
RESULT: {"script":"<script> [189 bytes]","args":[]}
COMMAND: POST /session/365d56350ece7ddb67f22ecca89c6f97/execute/async - {"script":"<script> [123 bytes]","args":[]}
RESULT: {"script":"<script> [123 bytes]","args":[]}
COMMAND: POST /session/365d56350ece7ddb67f22ecca89c6f97/timeouts - {"script":"<number>"}
RESULT: {"script":"<number>"}
COMMAND: GET /session/365d56350ece7ddb67f22ecca89c6f97/timeouts - {}
RESULT: {}
RESULT: undefined
COMMAND: POST /session/365d56350ece7ddb67f22ecca89c6f97/execute/async - {"script":"<script> [2676 bytes]","args":[]}
RESULT: {"script":"<script> [2676 bytes]","args":[]}
COMMAND: POST /session/365d56350ece7ddb67f22ecca89c6f97/execute/async - {"script":"<script> [2342 bytes]","args":[{"protocol":"http","hostname":"0.0.0.0","path":"/","capabilities":{"browserName":"chrome","goog:chromeOptions":{"binary":"C:\\Program Files\\Google\\Chrome\\Application\\chrome.exe","args":["--start-maximized"]}},"logLevel":"warn","connectionRetryTimeout":120000,"connectionRetryCount":3,"logLevels":{},"enableDirectConnect":true,"strictSSL":true,"_":"65 more keys: [\"cacheDir\",\"port\",\"requestedCapabilities\",\"automationProtocol\",\"baseUrl\",\"waitforInterval\",\"waitforTimeout\",\"onReload\",\"beforeCommand\",\"afterCommand\",\"rootDir\",\"specs\",\"suites\",\"exclude\",\"groupLogsByTestSpec\",\"excludeDriverLogs\",\"bail\",\"framework\",\"reporters\",\"services\",\"maxInstances\",\"maxInstancesPerCapability\",\"injectGlobals\",\"filesToWatch\",\"execArgv\",\"runnerEnv\",\"runner\",\"shard\",\"specFileRetries\",\"specFileRetriesDelay\",\"specFileRetriesDeferred\",\"reporterSyncInterval\",\"reporterSyncTimeout\",\"cucumberFeaturesWithLineNumbers\",\"autoCompileOpts\",\"mochaOpts\",\"jasmineOpts\",\"cucumberOpts\",\"onPrepare\",\"onWorkerStart\",\"onWorkerEnd\",\"before\",\"beforeSession\",\"beforeSuite\",\"beforeHook\",\"beforeTest\",\"afterTest\",\"afterHook\",\"afterSuite\",\"afterSession\",\"after\",\"onComplete\",\"beforeAssertion\",\"afterAssertion\",\"beforeFeature\",\"beforeScenario\",\"beforeStep\",\"afterStep\",\"afterScenario\",\"afterFeature\",\"_\",\"suite\",\"$0\",\"ignoredWorkerServices\",\"wdi5\"]"}]}
RESULT: {"script":"<script> [2342 bytes]","args":[{"protocol":"http","hostname":"0.0.0.0","path":"/","capabilities":{"browserName":"chrome","goog:chromeOptions":{"binary":"C:\\Program Files\\Google\\Chrome\\Application\\chrome.exe","args":["--start-maximized"]}},"logLevel":"warn","connectionRetryTimeout":120000,"connectionRetryCount":3,"logLevels":{},"enableDirectConnect":true,"strictSSL":true,"_":"65 more keys: [\"cacheDir\",\"port\",\"requestedCapabilities\",\"automationProtocol\",\"baseUrl\",\"waitforInterval\",\"waitforTimeout\",\"onReload\",\"beforeCommand\",\"afterCommand\",\"rootDir\",\"specs\",\"suites\",\"exclude\",\"groupLogsByTestSpec\",\"excludeDriverLogs\",\"bail\",\"framework\",\"reporters\",\"services\",\"maxInstances\",\"maxInstancesPerCapability\",\"injectGlobals\",\"filesToWatch\",\"execArgv\",\"runnerEnv\",\"runner\",\"shard\",\"specFileRetries\",\"specFileRetriesDelay\",\"specFileRetriesDeferred\",\"reporterSyncInterval\",\"reporterSyncTimeout\",\"cucumberFeaturesWithLineNumbers\",\"autoCompileOpts\",\"mochaOpts\",\"jasmineOpts\",\"cucumberOpts\",\"onPrepare\",\"onWorkerStart\",\"onWorkerEnd\",\"before\",\"beforeSession\",\"beforeSuite\",\"beforeHook\",\"beforeTest\",\"afterTest\",\"afterHook\",\"afterSuite\",\"afterSession\",\"after\",\"onComplete\",\"beforeAssertion\",\"afterAssertion\",\"beforeFeature\",\"beforeScenario\",\"beforeStep\",\"afterStep\",\"afterScenario\",\"afterFeature\",\"_\",\"suite\",\"$0\",\"ignoredWorkerServices\",\"wdi5\"]"}]}
COMMAND: POST /session/365d56350ece7ddb67f22ecca89c6f97/execute/async - {"script":"<script> [21126 bytes]","args":[35000]}
RESULT: {"script":"<script> [21126 bytes]","args":[35000]}
]]></system-out>
    </testcase>
  </testsuite>
  <testsuite timestamp="2025-05-25T18:02:26" time="1322.017" tests="20" failures="6" errors="6" skipped="0">
    <properties>
      <property name="specId" value="0"/>
      <property name="suiteName" value="Billing Calculation - Time based (considering transport times) US139738"/>
      <property name="capabilities" value="chrome.136_0_7103_93.windows"/>
      <property name="file" value="file:///D:/a/1/s/test/specs/BTS/billing-calculation-transp-times.spec.js"/>
    </properties>
    <testcase classname="chrome.136_0_7103_93.windows.Billing_Calculation_-_Time_based_(considering_transport_times)_US139738" name="Should create a new yard" time="0.057">
      <system-out><![CDATA[
COMMAND: POST /session/365d56350ece7ddb67f22ecca89c6f97/window/fullscreen - {}
RESULT: {}
]]></system-out>
    </testcase>
    <testcase classname="chrome.136_0_7103_93.windows.Billing_Calculation_-_Time_based_(considering_transport_times)_US139738" name="Should create a new partner" time="0.005"/>
    <testcase classname="chrome.136_0_7103_93.windows.Billing_Calculation_-_Time_based_(considering_transport_times)_US139738" name="Should create a new site" time="0.004"/>
    <testcase classname="chrome.136_0_7103_93.windows.Billing_Calculation_-_Time_based_(considering_transport_times)_US139738" name="Should create the equipment" time="159.345">
      <system-out><![CDATA[
COMMAND: POST /session/365d56350ece7ddb67f22ecca89c6f97/execute/async - {"script":"<script> [1562 bytes]","args":[{"selector":{"controlType":"sap.m.GenericTile","properties":{"header":"Manage Resources"}},"wdio_ui5_key":"sapm.GenericTile{\"header\":\"Manage Resources\"}"}]}
RESULT: {"script":"<script> [1562 bytes]","args":[{"selector":{"controlType":"sap.m.GenericTile","properties":{"header":"Manage Resources"}},"wdio_ui5_key":"sapm.GenericTile{\"header\":\"Manage Resources\"}"}]}
RESULT: undefined
COMMAND: POST /session/365d56350ece7ddb67f22ecca89c6f97/element - {"using":"xpath","value":"//*[@id=\"__tile39\"]"}
RESULT: {"using":"xpath","value":"//*[@id=\"__tile39\"]"}
COMMAND: POST /session/365d56350ece7ddb67f22ecca89c6f97/element/f.0CFB565138F0704D782EF1C57C56E9E5.d.A06AE8E9EAE81C449FC38072ECE5906D.e.17442/click - {}
RESULT: {}
COMMAND: GET /session/365d56350ece7ddb67f22ecca89c6f97/screenshot - {}
RESULT: {}
COMMAND: POST /session/365d56350ece7ddb67f22ecca89c6f97/elements - {"using":"xpath","value":"//span[text()='Error']"}
RESULT: {"using":"xpath","value":"//span[text()='Error']"}
COMMAND: POST /session/365d56350ece7ddb67f22ecca89c6f97/element - {"using":"xpath","value":"//button[@data-kt=\"addNewRUOverflowToolbarButton\"]"}
RESULT: {"using":"xpath","value":"//button[@data-kt=\"addNewRUOverflowToolbarButton\"]"}
COMMAND: POST /session/365d56350ece7ddb67f22ecca89c6f97/elements - {"using":"xpath","value":"//button[@data-kt=\"addNewRUOverflowToolbarButton\"]"}
RESULT: {"using":"xpath","value":"//button[@data-kt=\"addNewRUOverflowToolbarButton\"]"}
COMMAND: POST /session/365d56350ece7ddb67f22ecca89c6f97/elements - {"using":"xpath","value":"//button[@data-kt=\"addNewRUOverflowToolbarButton\"]"}
RESULT: {"using":"xpath","value":"//button[@data-kt=\"addNewRUOverflowToolbarButton\"]"}
COMMAND: POST /session/365d56350ece7ddb67f22ecca89c6f97/elements - {"using":"xpath","value":"//button[@data-kt=\"addNewRUOverflowToolbarButton\"]"}
RESULT: {"using":"xpath","value":"//button[@data-kt=\"addNewRUOverflowToolbarButton\"]"}
COMMAND: POST /session/365d56350ece7ddb67f22ecca89c6f97/elements - {"using":"xpath","value":"//button[@data-kt=\"addNewRUOverflowToolbarButton\"]"}
RESULT: {"using":"xpath","value":"//button[@data-kt=\"addNewRUOverflowToolbarButton\"]"}
COMMAND: POST /session/365d56350ece7ddb67f22ecca89c6f97/elements - {"using":"xpath","value":"//button[@data-kt=\"addNewRUOverflowToolbarButton\"]"}
RESULT: {"using":"xpath","value":"//button[@data-kt=\"addNewRUOverflowToolbarButton\"]"}
COMMAND: POST /session/365d56350ece7ddb67f22ecca89c6f97/elements - {"using":"xpath","value":"//button[@data-kt=\"addNewRUOverflowToolbarButton\"]"}
RESULT: {"using":"xpath","value":"//button[@data-kt=\"addNewRUOverflowToolbarButton\"]"}
COMMAND: POST /session/365d56350ece7ddb67f22ecca89c6f97/elements - {"using":"xpath","value":"//button[@data-kt=\"addNewRUOverflowToolbarButton\"]"}
RESULT: {"using":"xpath","value":"//button[@data-kt=\"addNewRUOverflowToolbarButton\"]"}
COMMAND: POST /session/365d56350ece7ddb67f22ecca89c6f97/elements - {"using":"xpath","value":"//button[@data-kt=\"addNewRUOverflowToolbarButton\"]"}
RESULT: {"using":"xpath","value":"//button[@data-kt=\"addNewRUOverflowToolbarButton\"]"}
COMMAND: POST /session/365d56350ece7ddb67f22ecca89c6f97/elements - {"using":"xpath","value":"//button[@data-kt=\"addNewRUOverflowToolbarButton\"]"}
RESULT: {"using":"xpath","value":"//button[@data-kt=\"addNewRUOverflowToolbarButton\"]"}
COMMAND: POST /session/365d56350ece7ddb67f22ecca89c6f97/elements - {"using":"xpath","value":"//button[@data-kt=\"addNewRUOverflowToolbarButton\"]"}
RESULT: {"using":"xpath","value":"//button[@data-kt=\"addNewRUOverflowToolbarButton\"]"}
COMMAND: POST /session/365d56350ece7ddb67f22ecca89c6f97/elements - {"using":"xpath","value":"//button[@data-kt=\"addNewRUOverflowToolbarButton\"]"}
RESULT: {"using":"xpath","value":"//button[@data-kt=\"addNewRUOverflowToolbarButton\"]"}
COMMAND: POST /session/365d56350ece7ddb67f22ecca89c6f97/elements - {"using":"xpath","value":"//button[@data-kt=\"addNewRUOverflowToolbarButton\"]"}
RESULT: {"using":"xpath","value":"//button[@data-kt=\"addNewRUOverflowToolbarButton\"]"}
COMMAND: POST /session/365d56350ece7ddb67f22ecca89c6f97/elements - {"using":"xpath","value":"//button[@data-kt=\"addNewRUOverflowToolbarButton\"]"}
RESULT: {"using":"xpath","value":"//button[@data-kt=\"addNewRUOverflowToolbarButton\"]"}
COMMAND: POST /session/365d56350ece7ddb67f22ecca89c6f97/elements - {"using":"xpath","value":"//button[@data-kt=\"addNewRUOverflowToolbarButton\"]"}
RESULT: {"using":"xpath","value":"//button[@data-kt=\"addNewRUOverflowToolbarButton\"]"}
COMMAND: POST /session/365d56350ece7ddb67f22ecca89c6f97/elements - {"using":"xpath","value":"//button[@data-kt=\"addNewRUOverflowToolbarButton\"]"}
RESULT: {"using":"xpath","value":"//button[@data-kt=\"addNewRUOverflowToolbarButton\"]"}
COMMAND: POST /session/365d56350ece7ddb67f22ecca89c6f97/elements - {"using":"xpath","value":"//button[@data-kt=\"addNewRUOverflowToolbarButton\"]"}
RESULT: {"using":"xpath","value":"//button[@data-kt=\"addNewRUOverflowToolbarButton\"]"}
COMMAND: POST /session/365d56350ece7ddb67f22ecca89c6f97/elements - {"using":"xpath","value":"//button[@data-kt=\"addNewRUOverflowToolbarButton\"]"}
RESULT: {"using":"xpath","value":"//button[@data-kt=\"addNewRUOverflowToolbarButton\"]"}
COMMAND: POST /session/365d56350ece7ddb67f22ecca89c6f97/elements - {"using":"xpath","value":"//button[@data-kt=\"addNewRUOverflowToolbarButton\"]"}
RESULT: {"using":"xpath","value":"//button[@data-kt=\"addNewRUOverflowToolbarButton\"]"}
COMMAND: POST /session/365d56350ece7ddb67f22ecca89c6f97/elements - {"using":"xpath","value":"//button[@data-kt=\"addNewRUOverflowToolbarButton\"]"}
RESULT: {"using":"xpath","value":"//button[@data-kt=\"addNewRUOverflowToolbarButton\"]"}
COMMAND: POST /session/365d56350ece7ddb67f22ecca89c6f97/elements - {"using":"xpath","value":"//button[@data-kt=\"addNewRUOverflowToolbarButton\"]"}
RESULT: {"using":"xpath","value":"//button[@data-kt=\"addNewRUOverflowToolbarButton\"]"}
COMMAND: POST /session/365d56350ece7ddb67f22ecca89c6f97/elements - {"using":"xpath","value":"//button[@data-kt=\"addNewRUOverflowToolbarButton\"]"}
RESULT: {"using":"xpath","value":"//button[@data-kt=\"addNewRUOverflowToolbarButton\"]"}
COMMAND: POST /session/365d56350ece7ddb67f22ecca89c6f97/elements - {"using":"xpath","value":"//button[@data-kt=\"addNewRUOverflowToolbarButton\"]"}
RESULT: {"using":"xpath","value":"//button[@data-kt=\"addNewRUOverflowToolbarButton\"]"}
COMMAND: POST /session/365d56350ece7ddb67f22ecca89c6f97/element - {"using":"xpath","value":"//button[@data-kt=\"addNewRUOverflowToolbarButton\"]"}
RESULT: {"using":"xpath","value":"//button[@data-kt=\"addNewRUOverflowToolbarButton\"]"}
COMMAND: POST /session/365d56350ece7ddb67f22ecca89c6f97/execute/sync - {"script":"<script> [8489 bytes]","args":[{"element-6066-11e4-a52e-4f735466cecf":"f.0CFB565138F0704D782EF1C57C56E9E5.d.A06AE8E9EAE81C449FC38072ECE5906D.e.17576","ELEMENT":"f.0CFB565138F0704D782EF1C57C56E9E5.d.A06AE8E9EAE81C449FC38072ECE5906D.e.17576"}]}
RESULT: {"script":"<script> [8489 bytes]","args":[{"element-6066-11e4-a52e-4f735466cecf":"f.0CFB565138F0704D782EF1C57C56E9E5.d.A06AE8E9EAE81C449FC38072ECE5906D.e.17576","ELEMENT":"f.0CFB565138F0704D782EF1C57C56E9E5.d.A06AE8E9EAE81C449FC38072ECE5906D.e.17576"}]}
COMMAND: GET /session/365d56350ece7ddb67f22ecca89c6f97/element/f.0CFB565138F0704D782EF1C57C56E9E5.d.A06AE8E9EAE81C449FC38072ECE5906D.e.17576/enabled - {}
COMMAND: GET /session/365d56350ece7ddb67f22ecca89c6f97/screenshot - {}
RESULT: {}
COMMAND: POST /session/365d56350ece7ddb67f22ecca89c6f97/execute/sync - {"script":"<script> [8489 bytes]","args":[{"element-6066-11e4-a52e-4f735466cecf":"f.0CFB565138F0704D782EF1C57C56E9E5.d.A06AE8E9EAE81C449FC38072ECE5906D.e.17576","ELEMENT":"f.0CFB565138F0704D782EF1C57C56E9E5.d.A06AE8E9EAE81C449FC38072ECE5906D.e.17576"}]}
COMMAND: GET /session/365d56350ece7ddb67f22ecca89c6f97/screenshot - {}
RESULT: {}
RESULT: {"script":"<script> [8489 bytes]","args":[{"element-6066-11e4-a52e-4f735466cecf":"f.0CFB565138F0704D782EF1C57C56E9E5.d.A06AE8E9EAE81C449FC38072ECE5906D.e.17576","ELEMENT":"f.0CFB565138F0704D782EF1C57C56E9E5.d.A06AE8E9EAE81C449FC38072ECE5906D.e.17576"}]}
COMMAND: POST /session/365d56350ece7ddb67f22ecca89c6f97/execute/sync - {"script":"<script> [5351 bytes]","args":[{"element-6066-11e4-a52e-4f735466cecf":"f.0CFB565138F0704D782EF1C57C56E9E5.d.A06AE8E9EAE81C449FC38072ECE5906D.e.17576","ELEMENT":"f.0CFB565138F0704D782EF1C57C56E9E5.d.A06AE8E9EAE81C449FC38072ECE5906D.e.17576"}]}
COMMAND: GET /session/365d56350ece7ddb67f22ecca89c6f97/screenshot - {}
RESULT: {}
RESULT: {"script":"<script> [5351 bytes]","args":[{"element-6066-11e4-a52e-4f735466cecf":"f.0CFB565138F0704D782EF1C57C56E9E5.d.A06AE8E9EAE81C449FC38072ECE5906D.e.17576","ELEMENT":"f.0CFB565138F0704D782EF1C57C56E9E5.d.A06AE8E9EAE81C449FC38072ECE5906D.e.17576"}]}
COMMAND: POST /session/365d56350ece7ddb67f22ecca89c6f97/element/f.0CFB565138F0704D782EF1C57C56E9E5.d.A06AE8E9EAE81C449FC38072ECE5906D.e.17576/click - {}
COMMAND: GET /session/365d56350ece7ddb67f22ecca89c6f97/screenshot - {}
RESULT: {}
RESULT: {}
COMMAND: GET /session/365d56350ece7ddb67f22ecca89c6f97/screenshot - {}
COMMAND: POST /session/365d56350ece7ddb67f22ecca89c6f97/execute/async - {"script":"<script> [1562 bytes]","args":[{"selector":{"id":"application-manageresources-display-component---newResourceUnit--TYPE-arrow"},"wdio_ui5_key":"applicationmanageresources-display-component---newResourceUnit--TYPE-arrow"}]}
RESULT: {}
RESULT: {}
RESULT: {"script":"<script> [1562 bytes]","args":[{"selector":{"id":"application-manageresources-display-component---newResourceUnit--TYPE-arrow"},"wdio_ui5_key":"applicationmanageresources-display-component---newResourceUnit--TYPE-arrow"}]}
RESULT: undefined
COMMAND: POST /session/365d56350ece7ddb67f22ecca89c6f97/element - {"using":"xpath","value":"//*[@id=\"application-manageresources-display-component---newResourceUnit--TYPE-arrow\"]"}
RESULT: {"using":"xpath","value":"//*[@id=\"application-manageresources-display-component---newResourceUnit--TYPE-arrow\"]"}
COMMAND: POST /session/365d56350ece7ddb67f22ecca89c6f97/element/f.0CFB565138F0704D782EF1C57C56E9E5.d.A06AE8E9EAE81C449FC38072ECE5906D.e.17936/click - {}
RESULT: {}
COMMAND: POST /session/365d56350ece7ddb67f22ecca89c6f97/element - {"using":"xpath","value":"//input[@id=\"application-manageresources-display-component---newResourceUnit--TYPE-inner\"]"}
COMMAND: GET /session/365d56350ece7ddb67f22ecca89c6f97/screenshot - {}
RESULT: {"using":"xpath","value":"//input[@id=\"application-manageresources-display-component---newResourceUnit--TYPE-inner\"]"}
COMMAND: POST /session/365d56350ece7ddb67f22ecca89c6f97/element/f.0CFB565138F0704D782EF1C57C56E9E5.d.A06AE8E9EAE81C449FC38072ECE5906D.e.17933/clear - {}
RESULT: {}
RESULT: {}
COMMAND: POST /session/365d56350ece7ddb67f22ecca89c6f97/element/f.0CFB565138F0704D782EF1C57C56E9E5.d.A06AE8E9EAE81C449FC38072ECE5906D.e.17933/value - {"text":"Equipment"}
COMMAND: GET /session/365d56350ece7ddb67f22ecca89c6f97/screenshot - {}
RESULT: {"text":"Equipment"}
COMMAND: GET /session/365d56350ece7ddb67f22ecca89c6f97/screenshot - {}
RESULT: {}
RESULT: {}
COMMAND: POST /session/365d56350ece7ddb67f22ecca89c6f97/actions - {"actions":[{"id":"action66","type":"key","parameters":{},"actions":[{"type":"keyDown","value":""},{"type":"pause","duration":10},{"type":"keyUp","value":""}]}]}
RESULT: {"actions":[{"id":"action66","type":"key","parameters":{},"actions":[{"type":"keyDown","value":""},{"type":"pause","duration":10},{"type":"keyUp","value":""}]}]}
COMMAND: POST /session/365d56350ece7ddb67f22ecca89c6f97/execute/async - {"script":"<script> [1562 bytes]","args":[{"selector":{"id":"application-manageresources-display-component---newResourceUnit--resourceId","interaction":{"idSuffix":"inner"}},"wdio_ui5_key":"applicationmanageresources-display-component---newResourceUnit--resourceId"}]}
COMMAND: GET /session/365d56350ece7ddb67f22ecca89c6f97/screenshot - {}
RESULT: {"script":"<script> [1562 bytes]","args":[{"selector":{"id":"application-manageresources-display-component---newResourceUnit--resourceId","interaction":{"idSuffix":"inner"}},"wdio_ui5_key":"applicationmanageresources-display-component---newResourceUnit--resourceId"}]}
RESULT: undefined
COMMAND: POST /session/365d56350ece7ddb67f22ecca89c6f97/execute/async - {"script":"<script> [776 bytes]","args":[{"enterText":"AdzB3S8ONQ","selector":{"id":"application-manageresources-display-component---newResourceUnit--resourceId","interaction":{"idSuffix":"inner"}},"clearTextFirst":true,"interactionType":"ENTER_TEXT"}]}
RESULT: {}
RESULT: {"script":"<script> [776 bytes]","args":[{"enterText":"AdzB3S8ONQ","selector":{"id":"application-manageresources-display-component---newResourceUnit--resourceId","interaction":{"idSuffix":"inner"}},"clearTextFirst":true,"interactionType":"ENTER_TEXT"}]}
COMMAND: POST /session/365d56350ece7ddb67f22ecca89c6f97/execute/async - {"script":"<script> [1562 bytes]","args":[{"selector":{"id":"application-manageresources-display-component---newResourceUnit--SHORT_TEXT","interaction":{"idSuffix":"inner"}},"wdio_ui5_key":"applicationmanageresources-display-component---newResourceUnit--SHORT_TEXT"}]}
RESULT: {"script":"<script> [1562 bytes]","args":[{"selector":{"id":"application-manageresources-display-component---newResourceUnit--SHORT_TEXT","interaction":{"idSuffix":"inner"}},"wdio_ui5_key":"applicationmanageresources-display-component---newResourceUnit--SHORT_TEXT"}]}
RESULT: undefined
COMMAND: POST /session/365d56350ece7ddb67f22ecca89c6f97/execute/async - {"script":"<script> [776 bytes]","args":[{"enterText":"Intercompany Equipment WDIO","selector":{"id":"application-manageresources-display-component---newResourceUnit--SHORT_TEXT","interaction":{"idSuffix":"inner"}},"clearTextFirst":true,"interactionType":"ENTER_TEXT"}]}
RESULT: {"script":"<script> [776 bytes]","args":[{"enterText":"Intercompany Equipment WDIO","selector":{"id":"application-manageresources-display-component---newResourceUnit--SHORT_TEXT","interaction":{"idSuffix":"inner"}},"clearTextFirst":true,"interactionType":"ENTER_TEXT"}]}
COMMAND: POST /session/365d56350ece7ddb67f22ecca89c6f97/execute/async - {"script":"<script> [1562 bytes]","args":[{"selector":{"id":"application-manageresources-display-component---newResourceUnit--BASE_UNIT_OF_MEASURE","interaction":{"idSuffix":"inner"}},"wdio_ui5_key":"applicationmanageresources-display-component---newResourceUnit--BASE_UNIT_OF_MEASURE"}]}
RESULT: {"script":"<script> [1562 bytes]","args":[{"selector":{"id":"application-manageresources-display-component---newResourceUnit--BASE_UNIT_OF_MEASURE","interaction":{"idSuffix":"inner"}},"wdio_ui5_key":"applicationmanageresources-display-component---newResourceUnit--BASE_UNIT_OF_MEASURE"}]}
RESULT: undefined
COMMAND: POST /session/365d56350ece7ddb67f22ecca89c6f97/execute/async - {"script":"<script> [776 bytes]","args":[{"enterText":"Piece","selector":{"id":"application-manageresources-display-component---newResourceUnit--BASE_UNIT_OF_MEASURE","interaction":{"idSuffix":"inner"}},"clearTextFirst":true,"interactionType":"ENTER_TEXT"}]}
RESULT: {"script":"<script> [776 bytes]","args":[{"enterText":"Piece","selector":{"id":"application-manageresources-display-component---newResourceUnit--BASE_UNIT_OF_MEASURE","interaction":{"idSuffix":"inner"}},"clearTextFirst":true,"interactionType":"ENTER_TEXT"}]}
COMMAND: POST /session/365d56350ece7ddb67f22ecca89c6f97/execute/async - {"script":"<script> [1562 bytes]","args":[{"selector":{"id":"application-manageresources-display-component---newResourceUnit--WEIGHT_UNIT","interaction":{"idSuffix":"inner"}},"wdio_ui5_key":"applicationmanageresources-display-component---newResourceUnit--WEIGHT_UNIT"}]}
RESULT: {"script":"<script> [1562 bytes]","args":[{"selector":{"id":"application-manageresources-display-component---newResourceUnit--WEIGHT_UNIT","interaction":{"idSuffix":"inner"}},"wdio_ui5_key":"applicationmanageresources-display-component---newResourceUnit--WEIGHT_UNIT"}]}
RESULT: undefined
COMMAND: POST /session/365d56350ece7ddb67f22ecca89c6f97/execute/async - {"script":"<script> [776 bytes]","args":[{"enterText":"Gram","selector":{"id":"application-manageresources-display-component---newResourceUnit--WEIGHT_UNIT","interaction":{"idSuffix":"inner"}},"clearTextFirst":true,"interactionType":"ENTER_TEXT"}]}
RESULT: {"script":"<script> [776 bytes]","args":[{"enterText":"Gram","selector":{"id":"application-manageresources-display-component---newResourceUnit--WEIGHT_UNIT","interaction":{"idSuffix":"inner"}},"clearTextFirst":true,"interactionType":"ENTER_TEXT"}]}
COMMAND: POST /session/365d56350ece7ddb67f22ecca89c6f97/execute/async - {"script":"<script> [1562 bytes]","args":[{"selector":{"id":"application-manageresources-display-component---newResourceUnit--DIMENSION_UNIT","interaction":{"idSuffix":"inner"}},"wdio_ui5_key":"applicationmanageresources-display-component---newResourceUnit--DIMENSION_UNIT"}]}
RESULT: {"script":"<script> [1562 bytes]","args":[{"selector":{"id":"application-manageresources-display-component---newResourceUnit--DIMENSION_UNIT","interaction":{"idSuffix":"inner"}},"wdio_ui5_key":"applicationmanageresources-display-component---newResourceUnit--DIMENSION_UNIT"}]}
RESULT: undefined
COMMAND: POST /session/365d56350ece7ddb67f22ecca89c6f97/execute/async - {"script":"<script> [776 bytes]","args":[{"enterText":"Meter","selector":{"id":"application-manageresources-display-component---newResourceUnit--DIMENSION_UNIT","interaction":{"idSuffix":"inner"}},"clearTextFirst":true,"interactionType":"ENTER_TEXT"}]}
RESULT: {"script":"<script> [776 bytes]","args":[{"enterText":"Meter","selector":{"id":"application-manageresources-display-component---newResourceUnit--DIMENSION_UNIT","interaction":{"idSuffix":"inner"}},"clearTextFirst":true,"interactionType":"ENTER_TEXT"}]}
COMMAND: POST /session/365d56350ece7ddb67f22ecca89c6f97/execute/async - {"script":"<script> [1562 bytes]","args":[{"selector":{"id":"application-manageresources-display-component---newResourceUnit--newRRUPage-anchBar-application-manageresources-display-component---newResourceUnit--control-anchor","interaction":{"idSuffix":"BDI-content"}},"wdio_ui5_key":"applicationmanageresources-display-component---newResourceUnit--newRRUPage-anchBar-application-manageresources-display-component---newResourceUnit--control-anchor"}]}
RESULT: {"script":"<script> [1562 bytes]","args":[{"selector":{"id":"application-manageresources-display-component---newResourceUnit--newRRUPage-anchBar-application-manageresources-display-component---newResourceUnit--control-anchor","interaction":{"idSuffix":"BDI-content"}},"wdio_ui5_key":"applicationmanageresources-display-component---newResourceUnit--newRRUPage-anchBar-application-manageresources-display-component---newResourceUnit--control-anchor"}]}
RESULT: undefined
COMMAND: POST /session/365d56350ece7ddb67f22ecca89c6f97/element - {"using":"xpath","value":"//*[@id=\"application-manageresources-display-component---newResourceUnit--newRRUPage-anchBar-application-manageresources-display-component---newResourceUnit--control-anchor\"]"}
RESULT: {"using":"xpath","value":"//*[@id=\"application-manageresources-display-component---newResourceUnit--newRRUPage-anchBar-application-manageresources-display-component---newResourceUnit--control-anchor\"]"}
COMMAND: POST /session/365d56350ece7ddb67f22ecca89c6f97/element/f.0CFB565138F0704D782EF1C57C56E9E5.d.A06AE8E9EAE81C449FC38072ECE5906D.e.18094/click - {}
RESULT: {}
COMMAND: POST /session/365d56350ece7ddb67f22ecca89c6f97/execute/async - {"script":"<script> [1562 bytes]","args":[{"selector":{"id":"application-manageresources-display-component---newResourceUnit--PLANNING_GROUP","interaction":{"idSuffix":"inner"}},"wdio_ui5_key":"applicationmanageresources-display-component---newResourceUnit--PLANNING_GROUP"}]}
COMMAND: GET /session/365d56350ece7ddb67f22ecca89c6f97/screenshot - {}
RESULT: {"script":"<script> [1562 bytes]","args":[{"selector":{"id":"application-manageresources-display-component---newResourceUnit--PLANNING_GROUP","interaction":{"idSuffix":"inner"}},"wdio_ui5_key":"applicationmanageresources-display-component---newResourceUnit--PLANNING_GROUP"}]}
RESULT: undefined
COMMAND: POST /session/365d56350ece7ddb67f22ecca89c6f97/execute/async - {"script":"<script> [776 bytes]","args":[{"enterText":"Heavy Equi","selector":{"id":"application-manageresources-display-component---newResourceUnit--PLANNING_GROUP","interaction":{"idSuffix":"inner"}},"clearTextFirst":true,"interactionType":"ENTER_TEXT"}]}
RESULT: {}
RESULT: {"script":"<script> [776 bytes]","args":[{"enterText":"Heavy Equi","selector":{"id":"application-manageresources-display-component---newResourceUnit--PLANNING_GROUP","interaction":{"idSuffix":"inner"}},"clearTextFirst":true,"interactionType":"ENTER_TEXT"}]}
COMMAND: POST /session/365d56350ece7ddb67f22ecca89c6f97/execute/async - {"script":"<script> [1562 bytes]","args":[{"selector":{"id":"application-manageresources-display-component---newResourceUnit--ITEM_TYPE-arrow"},"wdio_ui5_key":"applicationmanageresources-display-component---newResourceUnit--ITEM_TYPE-arrow"}]}
RESULT: {"script":"<script> [1562 bytes]","args":[{"selector":{"id":"application-manageresources-display-component---newResourceUnit--ITEM_TYPE-arrow"},"wdio_ui5_key":"applicationmanageresources-display-component---newResourceUnit--ITEM_TYPE-arrow"}]}
RESULT: undefined
COMMAND: POST /session/365d56350ece7ddb67f22ecca89c6f97/element - {"using":"xpath","value":"//*[@id=\"application-manageresources-display-component---newResourceUnit--ITEM_TYPE-arrow\"]"}
RESULT: {"using":"xpath","value":"//*[@id=\"application-manageresources-display-component---newResourceUnit--ITEM_TYPE-arrow\"]"}
COMMAND: POST /session/365d56350ece7ddb67f22ecca89c6f97/element/f.0CFB565138F0704D782EF1C57C56E9E5.d.A06AE8E9EAE81C449FC38072ECE5906D.e.18103/click - {}
RESULT: {}
COMMAND: POST /session/365d56350ece7ddb67f22ecca89c6f97/element - {"using":"xpath","value":"(//span[contains(text(), \"Resource Unit\")])[2]"}
COMMAND: GET /session/365d56350ece7ddb67f22ecca89c6f97/screenshot - {}
RESULT: {"using":"xpath","value":"(//span[contains(text(), \"Resource Unit\")])[2]"}
COMMAND: POST /session/365d56350ece7ddb67f22ecca89c6f97/element/f.0CFB565138F0704D782EF1C57C56E9E5.d.A06AE8E9EAE81C449FC38072ECE5906D.e.18104/click - {}
RESULT: {}
RESULT: {}
COMMAND: GET /session/365d56350ece7ddb67f22ecca89c6f97/screenshot - {}
RESULT: {}
COMMAND: POST /session/365d56350ece7ddb67f22ecca89c6f97/element - {"using":"css selector","value":"#application-manageresources-display-component---newResourceUnit--btnAddTimeSegment"}
RESULT: {"using":"css selector","value":"#application-manageresources-display-component---newResourceUnit--btnAddTimeSegment"}
COMMAND: GET /session/365d56350ece7ddb67f22ecca89c6f97/element/f.0CFB565138F0704D782EF1C57C56E9E5.d.A06AE8E9EAE81C449FC38072ECE5906D.e.18111/rect - {}
RESULT: {}
COMMAND: GET /session/365d56350ece7ddb67f22ecca89c6f97/window/rect - {}
RESULT: {}
COMMAND: POST /session/365d56350ece7ddb67f22ecca89c6f97/execute/sync - {"script":"<script> [92 bytes]","args":[]}
RESULT: {"script":"<script> [92 bytes]","args":[]}
COMMAND: POST /session/365d56350ece7ddb67f22ecca89c6f97/actions - {"actions":[{"id":"action67","type":"wheel","parameters":{},"actions":[{"type":"scroll","x":-1888,"y":-32,"deltaX":0,"deltaY":0,"duration":0,"origin":{"element-6066-11e4-a52e-4f735466cecf":"f.0CFB565138F0704D782EF1C57C56E9E5.d.A06AE8E9EAE81C449FC38072ECE5906D.e.18111"}}]}]}
COMMAND: GET /session/365d56350ece7ddb67f22ecca89c6f97/screenshot - {}
RESULT: {}
COMMAND: POST /session/365d56350ece7ddb67f22ecca89c6f97/execute/sync - {"script":"<script> [79 bytes]","args":[{"element-6066-11e4-a52e-4f735466cecf":"f.0CFB565138F0704D782EF1C57C56E9E5.d.A06AE8E9EAE81C449FC38072ECE5906D.e.18111","ELEMENT":"f.0CFB565138F0704D782EF1C57C56E9E5.d.A06AE8E9EAE81C449FC38072ECE5906D.e.18111"},{"block":"start","inline":"nearest"}]}
RESULT: {"script":"<script> [79 bytes]","args":[{"element-6066-11e4-a52e-4f735466cecf":"f.0CFB565138F0704D782EF1C57C56E9E5.d.A06AE8E9EAE81C449FC38072ECE5906D.e.18111","ELEMENT":"f.0CFB565138F0704D782EF1C57C56E9E5.d.A06AE8E9EAE81C449FC38072ECE5906D.e.18111"},{"block":"start","inline":"nearest"}]}
COMMAND: POST /session/365d56350ece7ddb67f22ecca89c6f97/execute/async - {"script":"<script> [1562 bytes]","args":[{"selector":{"id":"application-manageresources-display-component---newResourceUnit--btnAddTimeSegment","interaction":{"idSuffix":"inner"}},"wdio_ui5_key":"applicationmanageresources-display-component---newResourceUnit--btnAddTimeSegment"}]}
COMMAND: GET /session/365d56350ece7ddb67f22ecca89c6f97/screenshot - {}
RESULT: {"script":"<script> [1562 bytes]","args":[{"selector":{"id":"application-manageresources-display-component---newResourceUnit--btnAddTimeSegment","interaction":{"idSuffix":"inner"}},"wdio_ui5_key":"applicationmanageresources-display-component---newResourceUnit--btnAddTimeSegment"}]}
RESULT: undefined
COMMAND: POST /session/365d56350ece7ddb67f22ecca89c6f97/element - {"using":"xpath","value":"//*[@id=\"application-manageresources-display-component---newResourceUnit--btnAddTimeSegment\"]"}
RESULT: {}
RESULT: {"using":"xpath","value":"//*[@id=\"application-manageresources-display-component---newResourceUnit--btnAddTimeSegment\"]"}
COMMAND: POST /session/365d56350ece7ddb67f22ecca89c6f97/element/f.0CFB565138F0704D782EF1C57C56E9E5.d.A06AE8E9EAE81C449FC38072ECE5906D.e.18111/click - {}
RESULT: {}
COMMAND: GET /session/365d56350ece7ddb67f22ecca89c6f97/screenshot - {}
RESULT: {}
COMMAND: POST /session/365d56350ece7ddb67f22ecca89c6f97/element - {"using":"xpath","value":"//input[@id=\"application-manageresources-display-component---newResourceUnit--idRuTSAdmin-application-manageresources-display-component---newResourceUnit--RUTimeSegment-0-inner\"]"}
RESULT: {"using":"xpath","value":"//input[@id=\"application-manageresources-display-component---newResourceUnit--idRuTSAdmin-application-manageresources-display-component---newResourceUnit--RUTimeSegment-0-inner\"]"}
COMMAND: POST /session/365d56350ece7ddb67f22ecca89c6f97/element/f.0CFB565138F0704D782EF1C57C56E9E5.d.A06AE8E9EAE81C449FC38072ECE5906D.e.18117/clear - {}
RESULT: {}
COMMAND: POST /session/365d56350ece7ddb67f22ecca89c6f97/element/f.0CFB565138F0704D782EF1C57C56E9E5.d.A06AE8E9EAE81C449FC38072ECE5906D.e.18117/value - {"text":"279"}
COMMAND: GET /session/365d56350ece7ddb67f22ecca89c6f97/screenshot - {}
RESULT: {"text":"279"}
COMMAND: GET /session/365d56350ece7ddb67f22ecca89c6f97/screenshot - {}
RESULT: {}
RESULT: {}
COMMAND: POST /session/365d56350ece7ddb67f22ecca89c6f97/element - {"using":"xpath","value":"//li[.//span[text()='279']]"}
RESULT: {"using":"xpath","value":"//li[.//span[text()='279']]"}
COMMAND: POST /session/365d56350ece7ddb67f22ecca89c6f97/element/f.0CFB565138F0704D782EF1C57C56E9E5.d.A06AE8E9EAE81C449FC38072ECE5906D.e.18129/click - {}
RESULT: {}
COMMAND: GET /session/365d56350ece7ddb67f22ecca89c6f97/screenshot - {}
RESULT: {}
COMMAND: POST /session/365d56350ece7ddb67f22ecca89c6f97/element - {"using":"xpath","value":"(//span[contains(@id, \"-application-manageresources-display-component---newResourceUnit--RUTimeSegment-0-arrow\")])[6]"}
RESULT: {"using":"xpath","value":"(//span[contains(@id, \"-application-manageresources-display-component---newResourceUnit--RUTimeSegment-0-arrow\")])[6]"}
COMMAND: POST /session/365d56350ece7ddb67f22ecca89c6f97/element/f.0CFB565138F0704D782EF1C57C56E9E5.d.A06AE8E9EAE81C449FC38072ECE5906D.e.18130/click - {}
RESULT: {}
COMMAND: GET /session/365d56350ece7ddb67f22ecca89c6f97/screenshot - {}
RESULT: {}
COMMAND: POST /session/365d56350ece7ddb67f22ecca89c6f97/element - {"using":"xpath","value":"//span[contains(text(), \"PM Order\")]"}
RESULT: {"using":"xpath","value":"//span[contains(text(), \"PM Order\")]"}
COMMAND: POST /session/365d56350ece7ddb67f22ecca89c6f97/element/f.0CFB565138F0704D782EF1C57C56E9E5.d.A06AE8E9EAE81C449FC38072ECE5906D.e.18133/click - {}
RESULT: {}
COMMAND: GET /session/365d56350ece7ddb67f22ecca89c6f97/screenshot - {}
RESULT: {}
COMMAND: POST /session/365d56350ece7ddb67f22ecca89c6f97/element - {"using":"xpath","value":"(//span[contains(@id ,\"manageresources-display-component---newResourceUnit--RUTimeSegment-0-vhi\")])[1]"}
RESULT: {"using":"xpath","value":"(//span[contains(@id ,\"manageresources-display-component---newResourceUnit--RUTimeSegment-0-vhi\")])[1]"}
COMMAND: GET /session/365d56350ece7ddb67f22ecca89c6f97/element/f.0CFB565138F0704D782EF1C57C56E9E5.d.A06AE8E9EAE81C449FC38072ECE5906D.e.18137/rect - {}
RESULT: {}
COMMAND: GET /session/365d56350ece7ddb67f22ecca89c6f97/window/rect - {}
RESULT: {}
COMMAND: POST /session/365d56350ece7ddb67f22ecca89c6f97/execute/sync - {"script":"<script> [92 bytes]","args":[]}
RESULT: {"script":"<script> [92 bytes]","args":[]}
COMMAND: POST /session/365d56350ece7ddb67f22ecca89c6f97/actions - {"actions":[{"id":"action68","type":"wheel","parameters":{},"actions":[{"type":"scroll","x":-869,"y":-24,"deltaX":0,"deltaY":0,"duration":0,"origin":{"element-6066-11e4-a52e-4f735466cecf":"f.0CFB565138F0704D782EF1C57C56E9E5.d.A06AE8E9EAE81C449FC38072ECE5906D.e.18137"}}]}]}
COMMAND: GET /session/365d56350ece7ddb67f22ecca89c6f97/screenshot - {}
RESULT: {"actions":[{"id":"action68","type":"wheel","parameters":{},"actions":[{"type":"scroll","x":-869,"y":-24,"deltaX":0,"deltaY":0,"duration":0,"origin":{"element-6066-11e4-a52e-4f735466cecf":"f.0CFB565138F0704D782EF1C57C56E9E5.d.A06AE8E9EAE81C449FC38072ECE5906D.e.18137"}}]}]}
COMMAND: DELETE /session/365d56350ece7ddb67f22ecca89c6f97/actions - {}
COMMAND: GET /session/365d56350ece7ddb67f22ecca89c6f97/screenshot - {}
RESULT: {}
RESULT: {}
COMMAND: GET /session/365d56350ece7ddb67f22ecca89c6f97/screenshot - {}
RESULT: {}
RESULT: {}
COMMAND: POST /session/365d56350ece7ddb67f22ecca89c6f97/element/f.0CFB565138F0704D782EF1C57C56E9E5.d.A06AE8E9EAE81C449FC38072ECE5906D.e.18137/click - {}
RESULT: {}
COMMAND: GET /session/365d56350ece7ddb67f22ecca89c6f97/screenshot - {}
RESULT: {}
COMMAND: POST /session/365d56350ece7ddb67f22ecca89c6f97/execute/async - {"script":"<script> [1562 bytes]","args":[{"selector":{"controlType":"sap.m.SearchField","properties":{"placeholder":"Search"},"searchOpenDialogs":true,"interaction":{"idSuffix":"I"}},"wdio_ui5_key":"sapm.SearchField{\"placeholder\":\"Search\"}"}]}
RESULT: {"script":"<script> [1562 bytes]","args":[{"selector":{"controlType":"sap.m.SearchField","properties":{"placeholder":"Search"},"searchOpenDialogs":true,"interaction":{"idSuffix":"I"}},"wdio_ui5_key":"sapm.SearchField{\"placeholder\":\"Search\"}"}]}
RESULT: undefined
COMMAND: POST /session/365d56350ece7ddb67f22ecca89c6f97/execute/async - {"script":"<script> [776 bytes]","args":[{"enterText":"4000360","selector":{"controlType":"sap.m.SearchField","properties":{"placeholder":"Search"},"searchOpenDialogs":true,"interaction":{"idSuffix":"I"}},"clearTextFirst":true,"interactionType":"ENTER_TEXT"}]}
RESULT: {"script":"<script> [776 bytes]","args":[{"enterText":"4000360","selector":{"controlType":"sap.m.SearchField","properties":{"placeholder":"Search"},"searchOpenDialogs":true,"interaction":{"idSuffix":"I"}},"clearTextFirst":true,"interactionType":"ENTER_TEXT"}]}
COMMAND: POST /session/365d56350ece7ddb67f22ecca89c6f97/actions - {"actions":[{"id":"action69","type":"key","parameters":{},"actions":[{"type":"keyDown","value":""},{"type":"pause","duration":10},{"type":"keyUp","value":""}]}]}
RESULT: {"actions":[{"id":"action69","type":"key","parameters":{},"actions":[{"type":"keyDown","value":""},{"type":"pause","duration":10},{"type":"keyUp","value":""}]}]}
COMMAND: GET /session/365d56350ece7ddb67f22ecca89c6f97/screenshot - {}
RESULT: {}
COMMAND: POST /session/365d56350ece7ddb67f22ecca89c6f97/element - {"using":"xpath","value":"//td/div/span[contains(text(), \"BGL Vehicles\")]"}
RESULT: {"using":"xpath","value":"//td/div/span[contains(text(), \"BGL Vehicles\")]"}
COMMAND: POST /session/365d56350ece7ddb67f22ecca89c6f97/element/f.0CFB565138F0704D782EF1C57C56E9E5.d.A06AE8E9EAE81C449FC38072ECE5906D.e.18159/click - {}
RESULT: {}
COMMAND: GET /session/365d56350ece7ddb67f22ecca89c6f97/screenshot - {}
RESULT: {}
COMMAND: POST /session/365d56350ece7ddb67f22ecca89c6f97/element - {"using":"xpath","value":"//bdi[contains(text(), \"OK\")]"}
RESULT: {"using":"xpath","value":"//bdi[contains(text(), \"OK\")]"}
COMMAND: POST /session/365d56350ece7ddb67f22ecca89c6f97/element/f.0CFB565138F0704D782EF1C57C56E9E5.d.A06AE8E9EAE81C449FC38072ECE5906D.e.18160/click - {}
RESULT: {}
COMMAND: GET /session/365d56350ece7ddb67f22ecca89c6f97/screenshot - {}
RESULT: {}
COMMAND: POST /session/365d56350ece7ddb67f22ecca89c6f97/execute/async - {"script":"<script> [1562 bytes]","args":[{"selector":{"id":"application-manageresources-display-component---newResourceUnit--newRRUPage-anchBar-application-manageresources-display-component---newResourceUnit--resource-anchor","interaction":{"idSuffix":"BDI-content"}},"wdio_ui5_key":"applicationmanageresources-display-component---newResourceUnit--newRRUPage-anchBar-application-manageresources-display-component---newResourceUnit--resource-anchor"}]}
RESULT: {"script":"<script> [1562 bytes]","args":[{"selector":{"id":"application-manageresources-display-component---newResourceUnit--newRRUPage-anchBar-application-manageresources-display-component---newResourceUnit--resource-anchor","interaction":{"idSuffix":"BDI-content"}},"wdio_ui5_key":"applicationmanageresources-display-component---newResourceUnit--newRRUPage-anchBar-application-manageresources-display-component---newResourceUnit--resource-anchor"}]}
RESULT: undefined
COMMAND: POST /session/365d56350ece7ddb67f22ecca89c6f97/element - {"using":"xpath","value":"//*[@id=\"application-manageresources-display-component---newResourceUnit--newRRUPage-anchBar-application-manageresources-display-component---newResourceUnit--resource-anchor\"]"}
RESULT: {"using":"xpath","value":"//*[@id=\"application-manageresources-display-component---newResourceUnit--newRRUPage-anchBar-application-manageresources-display-component---newResourceUnit--resource-anchor\"]"}
COMMAND: POST /session/365d56350ece7ddb67f22ecca89c6f97/element/f.0CFB565138F0704D782EF1C57C56E9E5.d.A06AE8E9EAE81C449FC38072ECE5906D.e.18164/click - {}
RESULT: {}
COMMAND: POST /session/365d56350ece7ddb67f22ecca89c6f97/execute/async - {"script":"<script> [1562 bytes]","args":[{"selector":{"id":"application-manageresources-display-component---newResourceUnit--PLANNED_DELIVERY_DATE","interaction":{"idSuffix":"inner"}},"wdio_ui5_key":"applicationmanageresources-display-component---newResourceUnit--PLANNED_DELIVERY_DATE"}]}
COMMAND: GET /session/365d56350ece7ddb67f22ecca89c6f97/screenshot - {}
RESULT: {"script":"<script> [1562 bytes]","args":[{"selector":{"id":"application-manageresources-display-component---newResourceUnit--PLANNED_DELIVERY_DATE","interaction":{"idSuffix":"inner"}},"wdio_ui5_key":"applicationmanageresources-display-component---newResourceUnit--PLANNED_DELIVERY_DATE"}]}
RESULT: undefined
COMMAND: POST /session/365d56350ece7ddb67f22ecca89c6f97/execute/async - {"script":"<script> [6424 bytes]","args":[{"element-6066-11e4-a52e-4f735466cecf":"f.0CFB565138F0704D782EF1C57C56E9E5.d.A06AE8E9EAE81C449FC38072ECE5906D.e.17993"},"setValue",["5/25/25"]]}
RESULT: {}
RESULT: {"script":"<script> [6424 bytes]","args":[{"element-6066-11e4-a52e-4f735466cecf":"f.0CFB565138F0704D782EF1C57C56E9E5.d.A06AE8E9EAE81C449FC38072ECE5906D.e.17993"},"setValue",["5/25/25"]]}
COMMAND: POST /session/365d56350ece7ddb67f22ecca89c6f97/element - {"using":"xpath","value":"//label[contains(@class, 'sapMLabelRequired') and .//bdi[contains(text(), 'Planned Retirement')]]"}
RESULT: {"using":"xpath","value":"//label[contains(@class, 'sapMLabelRequired') and .//bdi[contains(text(), 'Planned Retirement')]]"}
COMMAND: POST /session/365d56350ece7ddb67f22ecca89c6f97/elements - {"using":"xpath","value":"//label[contains(@class, 'sapMLabelRequired') and .//bdi[contains(text(), 'Planned Retirement')]]"}
RESULT: {"using":"xpath","value":"//label[contains(@class, 'sapMLabelRequired') and .//bdi[contains(text(), 'Planned Retirement')]]"}
COMMAND: POST /session/365d56350ece7ddb67f22ecca89c6f97/element - {"using":"xpath","value":"//button[@data-kt=\"resourceUnitSaveButton\"]"}
RESULT: {"using":"xpath","value":"//button[@data-kt=\"resourceUnitSaveButton\"]"}
COMMAND: POST /session/365d56350ece7ddb67f22ecca89c6f97/element/f.0CFB565138F0704D782EF1C57C56E9E5.d.A06AE8E9EAE81C449FC38072ECE5906D.e.17952/click - {}
RESULT: {}
COMMAND: GET /session/365d56350ece7ddb67f22ecca89c6f97/screenshot - {}
RESULT: {}
COMMAND: POST /session/365d56350ece7ddb67f22ecca89c6f97/element - {"using":"xpath","value":"//bdi[contains(text(), \"Close\")]"}
RESULT: {"using":"xpath","value":"//bdi[contains(text(), \"Close\")]"}
COMMAND: POST /session/365d56350ece7ddb67f22ecca89c6f97/element/f.0CFB565138F0704D782EF1C57C56E9E5.d.A06AE8E9EAE81C449FC38072ECE5906D.e.18172/click - {}
RESULT: {}
COMMAND: GET /session/365d56350ece7ddb67f22ecca89c6f97/screenshot - {}
RESULT: {}
COMMAND: POST /session/365d56350ece7ddb67f22ecca89c6f97/element - {"using":"xpath","value":"(//button[contains(@id ,\"actionsToolbar-overflowButton\")])[1]"}
RESULT: {"using":"xpath","value":"(//button[contains(@id ,\"actionsToolbar-overflowButton\")])[1]"}
COMMAND: POST /session/365d56350ece7ddb67f22ecca89c6f97/element/f.0CFB565138F0704D782EF1C57C56E9E5.d.A06AE8E9EAE81C449FC38072ECE5906D.e.18229/click - {}
RESULT: {}
COMMAND: GET /session/365d56350ece7ddb67f22ecca89c6f97/screenshot - {}
RESULT: {}
COMMAND: POST /session/365d56350ece7ddb67f22ecca89c6f97/element - {"using":"xpath","value":"//button[@data-kt=\"priceInfoButton\"]"}
RESULT: {"using":"xpath","value":"//button[@data-kt=\"priceInfoButton\"]"}
COMMAND: POST /session/365d56350ece7ddb67f22ecca89c6f97/element/f.0CFB565138F0704D782EF1C57C56E9E5.d.A06AE8E9EAE81C449FC38072ECE5906D.e.18231/click - {}
RESULT: {}
COMMAND: GET /session/365d56350ece7ddb67f22ecca89c6f97/screenshot - {}
]]></system-out>
    </testcase>
    <testcase classname="chrome.136_0_7103_93.windows.Billing_Calculation_-_Time_based_(considering_transport_times)_US139738" name="Should create new pricing rule for the equipment" time="57.945">
      <system-out><![CDATA[
COMMAND: POST /session/365d56350ece7ddb67f22ecca89c6f97/element - {"using":"xpath","value":"//button[@data-kt=\"addButton\"]"}
RESULT: {}
RESULT: {"using":"xpath","value":"//button[@data-kt=\"addButton\"]"}
COMMAND: POST /session/365d56350ece7ddb67f22ecca89c6f97/elements - {"using":"xpath","value":"//button[@data-kt=\"addButton\"]"}
RESULT: {"using":"xpath","value":"//button[@data-kt=\"addButton\"]"}
COMMAND: POST /session/365d56350ece7ddb67f22ecca89c6f97/execute/sync - {"script":"<script> [8489 bytes]","args":[{"element-6066-11e4-a52e-4f735466cecf":"f.0CFB565138F0704D782EF1C57C56E9E5.d.A06AE8E9EAE81C449FC38072ECE5906D.e.18271","ELEMENT":"f.0CFB565138F0704D782EF1C57C56E9E5.d.A06AE8E9EAE81C449FC38072ECE5906D.e.18271"}]}
RESULT: {"script":"<script> [8489 bytes]","args":[{"element-6066-11e4-a52e-4f735466cecf":"f.0CFB565138F0704D782EF1C57C56E9E5.d.A06AE8E9EAE81C449FC38072ECE5906D.e.18271","ELEMENT":"f.0CFB565138F0704D782EF1C57C56E9E5.d.A06AE8E9EAE81C449FC38072ECE5906D.e.18271"}]}
COMMAND: GET /session/365d56350ece7ddb67f22ecca89c6f97/element/f.0CFB565138F0704D782EF1C57C56E9E5.d.A06AE8E9EAE81C449FC38072ECE5906D.e.18271/enabled - {}
COMMAND: GET /session/365d56350ece7ddb67f22ecca89c6f97/screenshot - {}
RESULT: {}
COMMAND: POST /session/365d56350ece7ddb67f22ecca89c6f97/execute/sync - {"script":"<script> [8489 bytes]","args":[{"element-6066-11e4-a52e-4f735466cecf":"f.0CFB565138F0704D782EF1C57C56E9E5.d.A06AE8E9EAE81C449FC38072ECE5906D.e.18271","ELEMENT":"f.0CFB565138F0704D782EF1C57C56E9E5.d.A06AE8E9EAE81C449FC38072ECE5906D.e.18271"}]}
COMMAND: GET /session/365d56350ece7ddb67f22ecca89c6f97/screenshot - {}
RESULT: {}
RESULT: {"script":"<script> [8489 bytes]","args":[{"element-6066-11e4-a52e-4f735466cecf":"f.0CFB565138F0704D782EF1C57C56E9E5.d.A06AE8E9EAE81C449FC38072ECE5906D.e.18271","ELEMENT":"f.0CFB565138F0704D782EF1C57C56E9E5.d.A06AE8E9EAE81C449FC38072ECE5906D.e.18271"}]}
COMMAND: POST /session/365d56350ece7ddb67f22ecca89c6f97/execute/sync - {"script":"<script> [5351 bytes]","args":[{"element-6066-11e4-a52e-4f735466cecf":"f.0CFB565138F0704D782EF1C57C56E9E5.d.A06AE8E9EAE81C449FC38072ECE5906D.e.18271","ELEMENT":"f.0CFB565138F0704D782EF1C57C56E9E5.d.A06AE8E9EAE81C449FC38072ECE5906D.e.18271"}]}
COMMAND: GET /session/365d56350ece7ddb67f22ecca89c6f97/screenshot - {}
RESULT: {}
RESULT: {"script":"<script> [5351 bytes]","args":[{"element-6066-11e4-a52e-4f735466cecf":"f.0CFB565138F0704D782EF1C57C56E9E5.d.A06AE8E9EAE81C449FC38072ECE5906D.e.18271","ELEMENT":"f.0CFB565138F0704D782EF1C57C56E9E5.d.A06AE8E9EAE81C449FC38072ECE5906D.e.18271"}]}
COMMAND: POST /session/365d56350ece7ddb67f22ecca89c6f97/element/f.0CFB565138F0704D782EF1C57C56E9E5.d.A06AE8E9EAE81C449FC38072ECE5906D.e.18271/click - {}
COMMAND: GET /session/365d56350ece7ddb67f22ecca89c6f97/screenshot - {}
RESULT: {}
RESULT: {}
COMMAND: GET /session/365d56350ece7ddb67f22ecca89c6f97/screenshot - {}
RESULT: {}
RESULT: {}
COMMAND: POST /session/365d56350ece7ddb67f22ecca89c6f97/execute/async - {"script":"<script> [1562 bytes]","args":[{"selector":{"controlType":"sap.m.Title","viewName":"etm.portal.ui.managepricingrules.view.NewItem","viewId":"application-managepricingrules-display-component---newInfoPriceItem","properties":{"text":"New Pricing Rules - Item Level"}},"wdio_ui5_key":"etmportal.ui.managepricingrules.view.NewItemsap.m.Title{\"text\":\"New Pricing Rules - Item Level\"}"}]}
RESULT: {"script":"<script> [1562 bytes]","args":[{"selector":{"controlType":"sap.m.Title","viewName":"etm.portal.ui.managepricingrules.view.NewItem","viewId":"application-managepricingrules-display-component---newInfoPriceItem","properties":{"text":"New Pricing Rules - Item Level"}},"wdio_ui5_key":"etmportal.ui.managepricingrules.view.NewItemsap.m.Title{\"text\":\"New Pricing Rules - Item Level\"}"}]}
RESULT: undefined
COMMAND: POST /session/365d56350ece7ddb67f22ecca89c6f97/execute/async - {"script":"<script> [6424 bytes]","args":[{"element-6066-11e4-a52e-4f735466cecf":"f.0CFB565138F0704D782EF1C57C56E9E5.d.A06AE8E9EAE81C449FC38072ECE5906D.e.18350"},"getText",[]]}
RESULT: {"script":"<script> [6424 bytes]","args":[{"element-6066-11e4-a52e-4f735466cecf":"f.0CFB565138F0704D782EF1C57C56E9E5.d.A06AE8E9EAE81C449FC38072ECE5906D.e.18350"},"getText",[]]}
COMMAND: POST /session/365d56350ece7ddb67f22ecca89c6f97/execute/async - {"script":"<script> [1562 bytes]","args":[{"selector":{"id":"application-managepricingrules-display-component---newInfoPriceItem--condValidTo","interaction":{"idSuffix":"inner"}},"wdio_ui5_key":"applicationmanagepricingrules-display-component---newInfoPriceItem--condValidTo"}]}
RESULT: {"script":"<script> [1562 bytes]","args":[{"selector":{"id":"application-managepricingrules-display-component---newInfoPriceItem--condValidTo","interaction":{"idSuffix":"inner"}},"wdio_ui5_key":"applicationmanagepricingrules-display-component---newInfoPriceItem--condValidTo"}]}
RESULT: undefined
COMMAND: POST /session/365d56350ece7ddb67f22ecca89c6f97/execute/async - {"script":"<script> [776 bytes]","args":[{"enterText":"1/25/26","selector":{"id":"application-managepricingrules-display-component---newInfoPriceItem--condValidTo","interaction":{"idSuffix":"inner"}},"clearTextFirst":true,"interactionType":"ENTER_TEXT"}]}
RESULT: {"script":"<script> [776 bytes]","args":[{"enterText":"1/25/26","selector":{"id":"application-managepricingrules-display-component---newInfoPriceItem--condValidTo","interaction":{"idSuffix":"inner"}},"clearTextFirst":true,"interactionType":"ENTER_TEXT"}]}
COMMAND: POST /session/365d56350ece7ddb67f22ecca89c6f97/execute/async - {"script":"<script> [1562 bytes]","args":[{"selector":{"id":"application-managepricingrules-display-component---newInfoPriceItem--billType-arrow"},"wdio_ui5_key":"applicationmanagepricingrules-display-component---newInfoPriceItem--billType-arrow"}]}
RESULT: {"script":"<script> [1562 bytes]","args":[{"selector":{"id":"application-managepricingrules-display-component---newInfoPriceItem--billType-arrow"},"wdio_ui5_key":"applicationmanagepricingrules-display-component---newInfoPriceItem--billType-arrow"}]}
RESULT: undefined
COMMAND: POST /session/365d56350ece7ddb67f22ecca89c6f97/element - {"using":"xpath","value":"//*[@id=\"application-managepricingrules-display-component---newInfoPriceItem--billType-arrow\"]"}
RESULT: {"using":"xpath","value":"//*[@id=\"application-managepricingrules-display-component---newInfoPriceItem--billType-arrow\"]"}
COMMAND: POST /session/365d56350ece7ddb67f22ecca89c6f97/element/f.0CFB565138F0704D782EF1C57C56E9E5.d.A06AE8E9EAE81C449FC38072ECE5906D.e.18354/click - {}
RESULT: {}
COMMAND: POST /session/365d56350ece7ddb67f22ecca89c6f97/element - {"using":"xpath","value":"//span[contains(text(), \"TB - Time based\")]"}
COMMAND: GET /session/365d56350ece7ddb67f22ecca89c6f97/screenshot - {}
RESULT: {"using":"xpath","value":"//span[contains(text(), \"TB - Time based\")]"}
COMMAND: POST /session/365d56350ece7ddb67f22ecca89c6f97/element/f.0CFB565138F0704D782EF1C57C56E9E5.d.A06AE8E9EAE81C449FC38072ECE5906D.e.18355/click - {}
RESULT: {}
RESULT: {}
COMMAND: POST /session/365d56350ece7ddb67f22ecca89c6f97/execute/async - {"script":"<script> [1562 bytes]","args":[{"selector":{"id":"application-managepricingrules-display-component---newInfoPriceItem--priceProc-arrow"},"wdio_ui5_key":"applicationmanagepricingrules-display-component---newInfoPriceItem--priceProc-arrow"}]}
COMMAND: GET /session/365d56350ece7ddb67f22ecca89c6f97/screenshot - {}
RESULT: {"script":"<script> [1562 bytes]","args":[{"selector":{"id":"application-managepricingrules-display-component---newInfoPriceItem--priceProc-arrow"},"wdio_ui5_key":"applicationmanagepricingrules-display-component---newInfoPriceItem--priceProc-arrow"}]}
RESULT: undefined
COMMAND: POST /session/365d56350ece7ddb67f22ecca89c6f97/element - {"using":"xpath","value":"//*[@id=\"application-managepricingrules-display-component---newInfoPriceItem--priceProc-arrow\"]"}
RESULT: {}
RESULT: {"using":"xpath","value":"//*[@id=\"application-managepricingrules-display-component---newInfoPriceItem--priceProc-arrow\"]"}
COMMAND: POST /session/365d56350ece7ddb67f22ecca89c6f97/element/f.0CFB565138F0704D782EF1C57C56E9E5.d.A06AE8E9EAE81C449FC38072ECE5906D.e.18356/click - {}
RESULT: {}
COMMAND: POST /session/365d56350ece7ddb67f22ecca89c6f97/element - {"using":"xpath","value":"//span[contains(text(), \"TBS - Time based standard\")]"}
COMMAND: GET /session/365d56350ece7ddb67f22ecca89c6f97/screenshot - {}
RESULT: {"using":"xpath","value":"//span[contains(text(), \"TBS - Time based standard\")]"}
COMMAND: POST /session/365d56350ece7ddb67f22ecca89c6f97/element/f.0CFB565138F0704D782EF1C57C56E9E5.d.A06AE8E9EAE81C449FC38072ECE5906D.e.18357/click - {}
RESULT: {}
RESULT: {}
COMMAND: POST /session/365d56350ece7ddb67f22ecca89c6f97/execute/async - {"script":"<script> [1562 bytes]","args":[{"selector":{"id":"application-managepricingrules-display-component---newInfoPriceItem--calcBase-arrow"},"wdio_ui5_key":"applicationmanagepricingrules-display-component---newInfoPriceItem--calcBase-arrow"}]}
COMMAND: GET /session/365d56350ece7ddb67f22ecca89c6f97/screenshot - {}
RESULT: {"script":"<script> [1562 bytes]","args":[{"selector":{"id":"application-managepricingrules-display-component---newInfoPriceItem--calcBase-arrow"},"wdio_ui5_key":"applicationmanagepricingrules-display-component---newInfoPriceItem--calcBase-arrow"}]}
RESULT: undefined
COMMAND: POST /session/365d56350ece7ddb67f22ecca89c6f97/element - {"using":"xpath","value":"//*[@id=\"application-managepricingrules-display-component---newInfoPriceItem--calcBase-arrow\"]"}
RESULT: {}
RESULT: {"using":"xpath","value":"//*[@id=\"application-managepricingrules-display-component---newInfoPriceItem--calcBase-arrow\"]"}
COMMAND: POST /session/365d56350ece7ddb67f22ecca89c6f97/element/f.0CFB565138F0704D782EF1C57C56E9E5.d.A06AE8E9EAE81C449FC38072ECE5906D.e.18358/click - {}
RESULT: {}
COMMAND: GET /session/365d56350ece7ddb67f22ecca89c6f97/screenshot - {}
RESULT: {}
COMMAND: POST /session/365d56350ece7ddb67f22ecca89c6f97/element - {"using":"xpath","value":"//span[contains(text(), \"0006 - TB(calendar days)\")]"}
RESULT: {"using":"xpath","value":"//span[contains(text(), \"0006 - TB(calendar days)\")]"}
COMMAND: POST /session/365d56350ece7ddb67f22ecca89c6f97/element/f.0CFB565138F0704D782EF1C57C56E9E5.d.A06AE8E9EAE81C449FC38072ECE5906D.e.18359/click - {}
RESULT: {}
COMMAND: GET /session/365d56350ece7ddb67f22ecca89c6f97/screenshot - {}
RESULT: {}
COMMAND: POST /session/365d56350ece7ddb67f22ecca89c6f97/execute/async - {"script":"<script> [1562 bytes]","args":[{"selector":{"id":"application-managepricingrules-display-component---newInfoPriceItem--daysMonth","interaction":{"idSuffix":"inner"}},"wdio_ui5_key":"applicationmanagepricingrules-display-component---newInfoPriceItem--daysMonth"}]}
RESULT: {"script":"<script> [1562 bytes]","args":[{"selector":{"id":"application-managepricingrules-display-component---newInfoPriceItem--daysMonth","interaction":{"idSuffix":"inner"}},"wdio_ui5_key":"applicationmanagepricingrules-display-component---newInfoPriceItem--daysMonth"}]}
RESULT: undefined
COMMAND: POST /session/365d56350ece7ddb67f22ecca89c6f97/execute/async - {"script":"<script> [776 bytes]","args":[{"enterText":"30","selector":{"id":"application-managepricingrules-display-component---newInfoPriceItem--daysMonth","interaction":{"idSuffix":"inner"}},"clearTextFirst":true,"interactionType":"ENTER_TEXT"}]}
RESULT: {"script":"<script> [776 bytes]","args":[{"enterText":"30","selector":{"id":"application-managepricingrules-display-component---newInfoPriceItem--daysMonth","interaction":{"idSuffix":"inner"}},"clearTextFirst":true,"interactionType":"ENTER_TEXT"}]}
COMMAND: POST /session/365d56350ece7ddb67f22ecca89c6f97/element - {"using":"xpath","value":"//button[@data-kt=\"saveNewRuleButton\"]"}
RESULT: {"using":"xpath","value":"//button[@data-kt=\"saveNewRuleButton\"]"}
COMMAND: POST /session/365d56350ece7ddb67f22ecca89c6f97/element/f.0CFB565138F0704D782EF1C57C56E9E5.d.A06AE8E9EAE81C449FC38072ECE5906D.e.18361/click - {}
RESULT: {}
COMMAND: GET /session/365d56350ece7ddb67f22ecca89c6f97/screenshot - {}
RESULT: {}
COMMAND: POST /session/365d56350ece7ddb67f22ecca89c6f97/execute/async - {"script":"<script> [1562 bytes]","args":[{"selector":{"id":"application-managepricingrules-display-component---priceInfoItem--smartFilterBar-btnBasicSearch","interaction":{"idSuffix":"I"}},"wdio_ui5_key":"applicationmanagepricingrules-display-component---priceInfoItem--smartFilterBar-btnBasicSearch"}]}
RESULT: {"script":"<script> [1562 bytes]","args":[{"selector":{"id":"application-managepricingrules-display-component---priceInfoItem--smartFilterBar-btnBasicSearch","interaction":{"idSuffix":"I"}},"wdio_ui5_key":"applicationmanagepricingrules-display-component---priceInfoItem--smartFilterBar-btnBasicSearch"}]}
RESULT: undefined
COMMAND: POST /session/365d56350ece7ddb67f22ecca89c6f97/execute/async - {"script":"<script> [776 bytes]","args":[{"enterText":"AdzB3S8ONQ","selector":{"id":"application-managepricingrules-display-component---priceInfoItem--smartFilterBar-btnBasicSearch","interaction":{"idSuffix":"I"}},"clearTextFirst":true,"interactionType":"ENTER_TEXT"}]}
RESULT: {"script":"<script> [776 bytes]","args":[{"enterText":"AdzB3S8ONQ","selector":{"id":"application-managepricingrules-display-component---priceInfoItem--smartFilterBar-btnBasicSearch","interaction":{"idSuffix":"I"}},"clearTextFirst":true,"interactionType":"ENTER_TEXT"}]}
COMMAND: POST /session/365d56350ece7ddb67f22ecca89c6f97/actions - {"actions":[{"id":"action70","type":"key","parameters":{},"actions":[{"type":"keyDown","value":""},{"type":"pause","duration":10},{"type":"keyUp","value":""}]}]}
RESULT: {"actions":[{"id":"action70","type":"key","parameters":{},"actions":[{"type":"keyDown","value":""},{"type":"pause","duration":10},{"type":"keyUp","value":""}]}]}
COMMAND: GET /session/365d56350ece7ddb67f22ecca89c6f97/screenshot - {}
RESULT: {}
COMMAND: POST /session/365d56350ece7ddb67f22ecca89c6f97/element - {"using":"xpath","value":"//span[@id=\"application-managepricingrules-display-component---priceInfoItem--smartTable-header-inner\"]"}
RESULT: {"using":"xpath","value":"//span[@id=\"application-managepricingrules-display-component---priceInfoItem--smartTable-header-inner\"]"}
COMMAND: POST /session/365d56350ece7ddb67f22ecca89c6f97/elements - {"using":"xpath","value":"//span[@id=\"application-managepricingrules-display-component---priceInfoItem--smartTable-header-inner\"]"}
RESULT: {"using":"xpath","value":"//span[@id=\"application-managepricingrules-display-component---priceInfoItem--smartTable-header-inner\"]"}
COMMAND: POST /session/365d56350ece7ddb67f22ecca89c6f97/execute/sync - {"script":"<script> [56 bytes]","args":[{"element-6066-11e4-a52e-4f735466cecf":"f.0CFB565138F0704D782EF1C57C56E9E5.d.A06AE8E9EAE81C449FC38072ECE5906D.e.18384","ELEMENT":"f.0CFB565138F0704D782EF1C57C56E9E5.d.A06AE8E9EAE81C449FC38072ECE5906D.e.18384"}]}
RESULT: {"script":"<script> [56 bytes]","args":[{"element-6066-11e4-a52e-4f735466cecf":"f.0CFB565138F0704D782EF1C57C56E9E5.d.A06AE8E9EAE81C449FC38072ECE5906D.e.18384","ELEMENT":"f.0CFB565138F0704D782EF1C57C56E9E5.d.A06AE8E9EAE81C449FC38072ECE5906D.e.18384"}]}
COMMAND: POST /session/365d56350ece7ddb67f22ecca89c6f97/element - {"using":"css selector","value":"#shell-header-logo"}
COMMAND: GET /session/365d56350ece7ddb67f22ecca89c6f97/screenshot - {}
RESULT: {"using":"css selector","value":"#shell-header-logo"}
COMMAND: POST /session/365d56350ece7ddb67f22ecca89c6f97/element/f.0CFB565138F0704D782EF1C57C56E9E5.d.A06AE8E9EAE81C449FC38072ECE5906D.e.17550/click - {}
RESULT: {}
RESULT: {}
COMMAND: GET /session/365d56350ece7ddb67f22ecca89c6f97/screenshot - {}
RESULT: {}
]]></system-out>
    </testcase>
    <testcase classname="chrome.136_0_7103_93.windows.Billing_Calculation_-_Time_based_(considering_transport_times)_US139738" name="Should create new pricing condition for the equipment" time="69.358">
      <system-out><![CDATA[
COMMAND: POST /session/365d56350ece7ddb67f22ecca89c6f97/execute/async - {"script":"<script> [1562 bytes]","args":[{"selector":{"controlType":"sap.m.GenericTile","properties":{"header":"Manage Conditions & Prices"}},"wdio_ui5_key":"sapm.GenericTile{\"header\":\"Manage Conditions & Prices\"}"}]}
RESULT: {"script":"<script> [1562 bytes]","args":[{"selector":{"controlType":"sap.m.GenericTile","properties":{"header":"Manage Conditions & Prices"}},"wdio_ui5_key":"sapm.GenericTile{\"header\":\"Manage Conditions & Prices\"}"}]}
RESULT: undefined
COMMAND: POST /session/365d56350ece7ddb67f22ecca89c6f97/element - {"using":"xpath","value":"//*[@id=\"__tile53\"]"}
RESULT: {"using":"xpath","value":"//*[@id=\"__tile53\"]"}
COMMAND: POST /session/365d56350ece7ddb67f22ecca89c6f97/element/f.0CFB565138F0704D782EF1C57C56E9E5.d.A06AE8E9EAE81C449FC38072ECE5906D.e.17488/click - {}
RESULT: {}
COMMAND: GET /session/365d56350ece7ddb67f22ecca89c6f97/screenshot - {}
COMMAND: POST /session/365d56350ece7ddb67f22ecca89c6f97/elements - {"using":"xpath","value":"//span[text()='Error']"}
RESULT: {}
RESULT: {"using":"xpath","value":"//span[text()='Error']"}
COMMAND: POST /session/365d56350ece7ddb67f22ecca89c6f97/element - {"using":"xpath","value":"//button[@aria-label=\"Create\"]"}
RESULT: {"using":"xpath","value":"//button[@aria-label=\"Create\"]"}
COMMAND: POST /session/365d56350ece7ddb67f22ecca89c6f97/elements - {"using":"xpath","value":"//button[@aria-label=\"Create\"]"}
RESULT: {"using":"xpath","value":"//button[@aria-label=\"Create\"]"}
COMMAND: POST /session/365d56350ece7ddb67f22ecca89c6f97/execute/sync - {"script":"<script> [8489 bytes]","args":[{"element-6066-11e4-a52e-4f735466cecf":"f.0CFB565138F0704D782EF1C57C56E9E5.d.A06AE8E9EAE81C449FC38072ECE5906D.e.18420","ELEMENT":"f.0CFB565138F0704D782EF1C57C56E9E5.d.A06AE8E9EAE81C449FC38072ECE5906D.e.18420"}]}
RESULT: {"script":"<script> [8489 bytes]","args":[{"element-6066-11e4-a52e-4f735466cecf":"f.0CFB565138F0704D782EF1C57C56E9E5.d.A06AE8E9EAE81C449FC38072ECE5906D.e.18420","ELEMENT":"f.0CFB565138F0704D782EF1C57C56E9E5.d.A06AE8E9EAE81C449FC38072ECE5906D.e.18420"}]}
COMMAND: GET /session/365d56350ece7ddb67f22ecca89c6f97/element/f.0CFB565138F0704D782EF1C57C56E9E5.d.A06AE8E9EAE81C449FC38072ECE5906D.e.18420/enabled - {}
COMMAND: GET /session/365d56350ece7ddb67f22ecca89c6f97/screenshot - {}
RESULT: {}
COMMAND: POST /session/365d56350ece7ddb67f22ecca89c6f97/execute/sync - {"script":"<script> [8489 bytes]","args":[{"element-6066-11e4-a52e-4f735466cecf":"f.0CFB565138F0704D782EF1C57C56E9E5.d.A06AE8E9EAE81C449FC38072ECE5906D.e.18420","ELEMENT":"f.0CFB565138F0704D782EF1C57C56E9E5.d.A06AE8E9EAE81C449FC38072ECE5906D.e.18420"}]}
COMMAND: GET /session/365d56350ece7ddb67f22ecca89c6f97/screenshot - {}
RESULT: {}
RESULT: {"script":"<script> [8489 bytes]","args":[{"element-6066-11e4-a52e-4f735466cecf":"f.0CFB565138F0704D782EF1C57C56E9E5.d.A06AE8E9EAE81C449FC38072ECE5906D.e.18420","ELEMENT":"f.0CFB565138F0704D782EF1C57C56E9E5.d.A06AE8E9EAE81C449FC38072ECE5906D.e.18420"}]}
COMMAND: POST /session/365d56350ece7ddb67f22ecca89c6f97/execute/sync - {"script":"<script> [5351 bytes]","args":[{"element-6066-11e4-a52e-4f735466cecf":"f.0CFB565138F0704D782EF1C57C56E9E5.d.A06AE8E9EAE81C449FC38072ECE5906D.e.18420","ELEMENT":"f.0CFB565138F0704D782EF1C57C56E9E5.d.A06AE8E9EAE81C449FC38072ECE5906D.e.18420"}]}
COMMAND: GET /session/365d56350ece7ddb67f22ecca89c6f97/screenshot - {}
RESULT: {}
RESULT: {"script":"<script> [5351 bytes]","args":[{"element-6066-11e4-a52e-4f735466cecf":"f.0CFB565138F0704D782EF1C57C56E9E5.d.A06AE8E9EAE81C449FC38072ECE5906D.e.18420","ELEMENT":"f.0CFB565138F0704D782EF1C57C56E9E5.d.A06AE8E9EAE81C449FC38072ECE5906D.e.18420"}]}
COMMAND: POST /session/365d56350ece7ddb67f22ecca89c6f97/element/f.0CFB565138F0704D782EF1C57C56E9E5.d.A06AE8E9EAE81C449FC38072ECE5906D.e.18420/click - {}
COMMAND: GET /session/365d56350ece7ddb67f22ecca89c6f97/screenshot - {}
RESULT: {}
RESULT: {}
COMMAND: GET /session/365d56350ece7ddb67f22ecca89c6f97/screenshot - {}
RESULT: {}
RESULT: {}
COMMAND: POST /session/365d56350ece7ddb67f22ecca89c6f97/actions - {"actions":[{"id":"action71","type":"key","parameters":{},"actions":[{"type":"keyDown","value":""},{"type":"pause","duration":10},{"type":"keyUp","value":""}]}]}
RESULT: {"actions":[{"id":"action71","type":"key","parameters":{},"actions":[{"type":"keyDown","value":""},{"type":"pause","duration":10},{"type":"keyUp","value":""}]}]}
COMMAND: GET /session/365d56350ece7ddb67f22ecca89c6f97/screenshot - {}
RESULT: {}
COMMAND: POST /session/365d56350ece7ddb67f22ecca89c6f97/execute/async - {"script":"<script> [1562 bytes]","args":[{"selector":{"id":"application-manageconditionprice-display-component---newCondition--condBillCond-arrow"},"wdio_ui5_key":"applicationmanageconditionprice-display-component---newCondition--condBillCond-arrow"}]}
RESULT: {"script":"<script> [1562 bytes]","args":[{"selector":{"id":"application-manageconditionprice-display-component---newCondition--condBillCond-arrow"},"wdio_ui5_key":"applicationmanageconditionprice-display-component---newCondition--condBillCond-arrow"}]}
RESULT: undefined
COMMAND: POST /session/365d56350ece7ddb67f22ecca89c6f97/element - {"using":"xpath","value":"//*[@id=\"application-manageconditionprice-display-component---newCondition--condBillCond-arrow\"]"}
RESULT: {"using":"xpath","value":"//*[@id=\"application-manageconditionprice-display-component---newCondition--condBillCond-arrow\"]"}
COMMAND: POST /session/365d56350ece7ddb67f22ecca89c6f97/element/f.0CFB565138F0704D782EF1C57C56E9E5.d.A06AE8E9EAE81C449FC38072ECE5906D.e.18598/click - {}
RESULT: {}
COMMAND: GET /session/365d56350ece7ddb67f22ecca89c6f97/screenshot - {}
RESULT: {}
COMMAND: POST /session/365d56350ece7ddb67f22ecca89c6f97/element - {"using":"xpath","value":"//li[.//span[contains(text(), \"DISP - D&I special price\")]]"}
RESULT: {"using":"xpath","value":"//li[.//span[contains(text(), \"DISP - D&I special price\")]]"}
COMMAND: POST /session/365d56350ece7ddb67f22ecca89c6f97/element/f.0CFB565138F0704D782EF1C57C56E9E5.d.A06AE8E9EAE81C449FC38072ECE5906D.e.18602/click - {}
RESULT: {}
COMMAND: GET /session/365d56350ece7ddb67f22ecca89c6f97/screenshot - {}
RESULT: {}
COMMAND: POST /session/365d56350ece7ddb67f22ecca89c6f97/execute/async - {"script":"<script> [1562 bytes]","args":[{"selector":{"id":"application-manageconditionprice-display-component---newCondition--condValidTo","interaction":{"idSuffix":"inner"}},"wdio_ui5_key":"applicationmanageconditionprice-display-component---newCondition--condValidTo"}]}
RESULT: {"script":"<script> [1562 bytes]","args":[{"selector":{"id":"application-manageconditionprice-display-component---newCondition--condValidTo","interaction":{"idSuffix":"inner"}},"wdio_ui5_key":"applicationmanageconditionprice-display-component---newCondition--condValidTo"}]}
RESULT: undefined
COMMAND: POST /session/365d56350ece7ddb67f22ecca89c6f97/execute/async - {"script":"<script> [776 bytes]","args":[{"enterText":"1/25/26","selector":{"id":"application-manageconditionprice-display-component---newCondition--condValidTo","interaction":{"idSuffix":"inner"}},"clearTextFirst":true,"interactionType":"ENTER_TEXT"}]}
RESULT: {"script":"<script> [776 bytes]","args":[{"enterText":"1/25/26","selector":{"id":"application-manageconditionprice-display-component---newCondition--condValidTo","interaction":{"idSuffix":"inner"}},"clearTextFirst":true,"interactionType":"ENTER_TEXT"}]}
COMMAND: POST /session/365d56350ece7ddb67f22ecca89c6f97/element - {"using":"xpath","value":"//input[@id=\"application-manageconditionprice-display-component---newCondition--condRU-inner\"]"}
RESULT: {"using":"xpath","value":"//input[@id=\"application-manageconditionprice-display-component---newCondition--condRU-inner\"]"}
COMMAND: POST /session/365d56350ece7ddb67f22ecca89c6f97/element/f.0CFB565138F0704D782EF1C57C56E9E5.d.A06AE8E9EAE81C449FC38072ECE5906D.e.18465/clear - {}
RESULT: {}
COMMAND: POST /session/365d56350ece7ddb67f22ecca89c6f97/element/f.0CFB565138F0704D782EF1C57C56E9E5.d.A06AE8E9EAE81C449FC38072ECE5906D.e.18465/value - {"text":"AdzB3S8ONQ"}
COMMAND: GET /session/365d56350ece7ddb67f22ecca89c6f97/screenshot - {}
RESULT: {"text":"AdzB3S8ONQ"}
COMMAND: GET /session/365d56350ece7ddb67f22ecca89c6f97/screenshot - {}
RESULT: {}
RESULT: {}
COMMAND: POST /session/365d56350ece7ddb67f22ecca89c6f97/actions - {"actions":[{"id":"action72","type":"key","parameters":{},"actions":[{"type":"keyDown","value":""},{"type":"pause","duration":10},{"type":"keyUp","value":""}]}]}
RESULT: {"actions":[{"id":"action72","type":"key","parameters":{},"actions":[{"type":"keyDown","value":""},{"type":"pause","duration":10},{"type":"keyUp","value":""}]}]}
COMMAND: POST /session/365d56350ece7ddb67f22ecca89c6f97/execute/async - {"script":"<script> [1562 bytes]","args":[{"selector":{"id":"application-manageconditionprice-display-component---newCondition--condBaseQty","interaction":{"idSuffix":"inner"}},"wdio_ui5_key":"applicationmanageconditionprice-display-component---newCondition--condBaseQty"}]}
COMMAND: GET /session/365d56350ece7ddb67f22ecca89c6f97/screenshot - {}
RESULT: {"script":"<script> [1562 bytes]","args":[{"selector":{"id":"application-manageconditionprice-display-component---newCondition--condBaseQty","interaction":{"idSuffix":"inner"}},"wdio_ui5_key":"applicationmanageconditionprice-display-component---newCondition--condBaseQty"}]}
RESULT: undefined
COMMAND: POST /session/365d56350ece7ddb67f22ecca89c6f97/execute/async - {"script":"<script> [776 bytes]","args":[{"enterText":"1","selector":{"id":"application-manageconditionprice-display-component---newCondition--condBaseQty","interaction":{"idSuffix":"inner"}},"clearTextFirst":true,"interactionType":"ENTER_TEXT"}]}
RESULT: {}
RESULT: {"script":"<script> [776 bytes]","args":[{"enterText":"1","selector":{"id":"application-manageconditionprice-display-component---newCondition--condBaseQty","interaction":{"idSuffix":"inner"}},"clearTextFirst":true,"interactionType":"ENTER_TEXT"}]}
COMMAND: POST /session/365d56350ece7ddb67f22ecca89c6f97/execute/async - {"script":"<script> [1562 bytes]","args":[{"selector":{"id":"application-manageconditionprice-display-component---newCondition--condValue","interaction":{"idSuffix":"inner"}},"wdio_ui5_key":"applicationmanageconditionprice-display-component---newCondition--condValue"}]}
RESULT: {"script":"<script> [1562 bytes]","args":[{"selector":{"id":"application-manageconditionprice-display-component---newCondition--condValue","interaction":{"idSuffix":"inner"}},"wdio_ui5_key":"applicationmanageconditionprice-display-component---newCondition--condValue"}]}
RESULT: undefined
COMMAND: POST /session/365d56350ece7ddb67f22ecca89c6f97/execute/async - {"script":"<script> [776 bytes]","args":[{"enterText":"100","selector":{"id":"application-manageconditionprice-display-component---newCondition--condValue","interaction":{"idSuffix":"inner"}},"clearTextFirst":true,"interactionType":"ENTER_TEXT"}]}
RESULT: {"script":"<script> [776 bytes]","args":[{"enterText":"100","selector":{"id":"application-manageconditionprice-display-component---newCondition--condValue","interaction":{"idSuffix":"inner"}},"clearTextFirst":true,"interactionType":"ENTER_TEXT"}]}
COMMAND: POST /session/365d56350ece7ddb67f22ecca89c6f97/execute/async - {"script":"<script> [1562 bytes]","args":[{"selector":{"id":"application-manageconditionprice-display-component---newCondition--condCurr-arrow"},"wdio_ui5_key":"applicationmanageconditionprice-display-component---newCondition--condCurr-arrow"}]}
RESULT: {"script":"<script> [1562 bytes]","args":[{"selector":{"id":"application-manageconditionprice-display-component---newCondition--condCurr-arrow"},"wdio_ui5_key":"applicationmanageconditionprice-display-component---newCondition--condCurr-arrow"}]}
RESULT: undefined
COMMAND: POST /session/365d56350ece7ddb67f22ecca89c6f97/element - {"using":"xpath","value":"//*[@id=\"application-manageconditionprice-display-component---newCondition--condCurr-arrow\"]"}
RESULT: {"using":"xpath","value":"//*[@id=\"application-manageconditionprice-display-component---newCondition--condCurr-arrow\"]"}
COMMAND: POST /session/365d56350ece7ddb67f22ecca89c6f97/element/f.0CFB565138F0704D782EF1C57C56E9E5.d.A06AE8E9EAE81C449FC38072ECE5906D.e.18574/click - {}
RESULT: {}
COMMAND: POST /session/365d56350ece7ddb67f22ecca89c6f97/element - {"using":"xpath","value":"//span[contains(text(), \"Euro\")]"}
COMMAND: GET /session/365d56350ece7ddb67f22ecca89c6f97/screenshot - {}
RESULT: {"using":"xpath","value":"//span[contains(text(), \"Euro\")]"}
COMMAND: POST /session/365d56350ece7ddb67f22ecca89c6f97/element/f.0CFB565138F0704D782EF1C57C56E9E5.d.A06AE8E9EAE81C449FC38072ECE5906D.e.18639/click - {}
RESULT: {}
RESULT: {}
COMMAND: POST /session/365d56350ece7ddb67f22ecca89c6f97/element - {"using":"xpath","value":"//button[@data-kt=\"saveButton\"]"}
COMMAND: GET /session/365d56350ece7ddb67f22ecca89c6f97/screenshot - {}
RESULT: {"using":"xpath","value":"//button[@data-kt=\"saveButton\"]"}
COMMAND: POST /session/365d56350ece7ddb67f22ecca89c6f97/element/f.0CFB565138F0704D782EF1C57C56E9E5.d.A06AE8E9EAE81C449FC38072ECE5906D.e.18575/click - {}
RESULT: {}
RESULT: {}
COMMAND: GET /session/365d56350ece7ddb67f22ecca89c6f97/screenshot - {}
RESULT: {}
COMMAND: POST /session/365d56350ece7ddb67f22ecca89c6f97/execute/async - {"script":"<script> [1562 bytes]","args":[{"selector":{"id":"application-manageconditionprice-display-component---conditions--smartFilterBar-btnBasicSearch","interaction":{"idSuffix":"I"}},"wdio_ui5_key":"applicationmanageconditionprice-display-component---conditions--smartFilterBar-btnBasicSearch"}]}
RESULT: {"script":"<script> [1562 bytes]","args":[{"selector":{"id":"application-manageconditionprice-display-component---conditions--smartFilterBar-btnBasicSearch","interaction":{"idSuffix":"I"}},"wdio_ui5_key":"applicationmanageconditionprice-display-component---conditions--smartFilterBar-btnBasicSearch"}]}
RESULT: undefined
COMMAND: POST /session/365d56350ece7ddb67f22ecca89c6f97/execute/async - {"script":"<script> [776 bytes]","args":[{"enterText":"AdzB3S8ONQ","selector":{"id":"application-manageconditionprice-display-component---conditions--smartFilterBar-btnBasicSearch","interaction":{"idSuffix":"I"}},"clearTextFirst":true,"interactionType":"ENTER_TEXT"}]}
RESULT: {"script":"<script> [776 bytes]","args":[{"enterText":"AdzB3S8ONQ","selector":{"id":"application-manageconditionprice-display-component---conditions--smartFilterBar-btnBasicSearch","interaction":{"idSuffix":"I"}},"clearTextFirst":true,"interactionType":"ENTER_TEXT"}]}
COMMAND: POST /session/365d56350ece7ddb67f22ecca89c6f97/actions - {"actions":[{"id":"action73","type":"key","parameters":{},"actions":[{"type":"keyDown","value":""},{"type":"pause","duration":10},{"type":"keyUp","value":""}]}]}
RESULT: {"actions":[{"id":"action73","type":"key","parameters":{},"actions":[{"type":"keyDown","value":""},{"type":"pause","duration":10},{"type":"keyUp","value":""}]}]}
COMMAND: GET /session/365d56350ece7ddb67f22ecca89c6f97/screenshot - {}
RESULT: {}
COMMAND: POST /session/365d56350ece7ddb67f22ecca89c6f97/execute/async - {"script":"<script> [1562 bytes]","args":[{"selector":{"id":"application-manageconditionprice-display-component---conditions--smartFilterBar-filterItemControl_BASIC-BILL_TYPES-vhi"},"wdio_ui5_key":"applicationmanageconditionprice-display-component---conditions--smartFilterBar-filterItemControl_BASIC-BILL_TYPES-vhi"}]}
RESULT: {"script":"<script> [1562 bytes]","args":[{"selector":{"id":"application-manageconditionprice-display-component---conditions--smartFilterBar-filterItemControl_BASIC-BILL_TYPES-vhi"},"wdio_ui5_key":"applicationmanageconditionprice-display-component---conditions--smartFilterBar-filterItemControl_BASIC-BILL_TYPES-vhi"}]}
RESULT: undefined
COMMAND: POST /session/365d56350ece7ddb67f22ecca89c6f97/element - {"using":"xpath","value":"//*[@id=\"application-manageconditionprice-display-component---conditions--smartFilterBar-filterItemControl_BASIC-BILL_TYPES-vhi\"]"}
RESULT: {"using":"xpath","value":"//*[@id=\"application-manageconditionprice-display-component---conditions--smartFilterBar-filterItemControl_BASIC-BILL_TYPES-vhi\"]"}
COMMAND: POST /session/365d56350ece7ddb67f22ecca89c6f97/element/f.0CFB565138F0704D782EF1C57C56E9E5.d.A06AE8E9EAE81C449FC38072ECE5906D.e.18745/click - {}
RESULT: {}
COMMAND: POST /session/365d56350ece7ddb67f22ecca89c6f97/execute/async - {"script":"<script> [1562 bytes]","args":[{"selector":{"id":"application-manageconditionprice-display-component---conditions--smartFilterBar-filterItemControl_BASIC-BILL_TYPES-valueHelpDialog-smartFilterBar-btnBasicSearch","searchOpenDialogs":true,"interaction":{"idSuffix":"I"}},"wdio_ui5_key":"applicationmanageconditionprice-display-component---conditions--smartFilterBar-filterItemControl_BASIC-BILL_TYPES-valueHelpDialog-smartFilterBar-btnBasicSearch"}]}
COMMAND: GET /session/365d56350ece7ddb67f22ecca89c6f97/screenshot - {}
RESULT: {"script":"<script> [1562 bytes]","args":[{"selector":{"id":"application-manageconditionprice-display-component---conditions--smartFilterBar-filterItemControl_BASIC-BILL_TYPES-valueHelpDialog-smartFilterBar-btnBasicSearch","searchOpenDialogs":true,"interaction":{"idSuffix":"I"}},"wdio_ui5_key":"applicationmanageconditionprice-display-component---conditions--smartFilterBar-filterItemControl_BASIC-BILL_TYPES-valueHelpDialog-smartFilterBar-btnBasicSearch"}]}
RESULT: undefined
COMMAND: POST /session/365d56350ece7ddb67f22ecca89c6f97/execute/async - {"script":"<script> [776 bytes]","args":[{"enterText":"TB","selector":{"id":"application-manageconditionprice-display-component---conditions--smartFilterBar-filterItemControl_BASIC-BILL_TYPES-valueHelpDialog-smartFilterBar-btnBasicSearch","searchOpenDialogs":true,"interaction":{"idSuffix":"I"}},"clearTextFirst":true,"interactionType":"ENTER_TEXT"}]}
RESULT: {}
RESULT: {"script":"<script> [776 bytes]","args":[{"enterText":"TB","selector":{"id":"application-manageconditionprice-display-component---conditions--smartFilterBar-filterItemControl_BASIC-BILL_TYPES-valueHelpDialog-smartFilterBar-btnBasicSearch","searchOpenDialogs":true,"interaction":{"idSuffix":"I"}},"clearTextFirst":true,"interactionType":"ENTER_TEXT"}]}
COMMAND: POST /session/365d56350ece7ddb67f22ecca89c6f97/actions - {"actions":[{"id":"action74","type":"key","parameters":{},"actions":[{"type":"keyDown","value":""},{"type":"pause","duration":10},{"type":"keyUp","value":""}]}]}
RESULT: {"actions":[{"id":"action74","type":"key","parameters":{},"actions":[{"type":"keyDown","value":""},{"type":"pause","duration":10},{"type":"keyUp","value":""}]}]}
COMMAND: GET /session/365d56350ece7ddb67f22ecca89c6f97/screenshot - {}
RESULT: {}
COMMAND: POST /session/365d56350ece7ddb67f22ecca89c6f97/element - {"using":"xpath","value":"//div[contains(@id, 'application-manageconditionprice-display-component---conditions--smartFilterBar-filterItemControl_BASIC-BILL_TYPES-valueHelpDialog-table-rowsel0')]"}
RESULT: {"using":"xpath","value":"//div[contains(@id, 'application-manageconditionprice-display-component---conditions--smartFilterBar-filterItemControl_BASIC-BILL_TYPES-valueHelpDialog-table-rowsel0')]"}
COMMAND: POST /session/365d56350ece7ddb67f22ecca89c6f97/element/f.0CFB565138F0704D782EF1C57C56E9E5.d.A06AE8E9EAE81C449FC38072ECE5906D.e.18755/click - {}
RESULT: {}
COMMAND: GET /session/365d56350ece7ddb67f22ecca89c6f97/screenshot - {}
RESULT: {}
COMMAND: POST /session/365d56350ece7ddb67f22ecca89c6f97/element - {"using":"xpath","value":"//bdi[contains(text(), \"OK\")]"}
RESULT: {"using":"xpath","value":"//bdi[contains(text(), \"OK\")]"}
COMMAND: POST /session/365d56350ece7ddb67f22ecca89c6f97/element/f.0CFB565138F0704D782EF1C57C56E9E5.d.A06AE8E9EAE81C449FC38072ECE5906D.e.18757/click - {}
RESULT: {}
COMMAND: GET /session/365d56350ece7ddb67f22ecca89c6f97/screenshot - {}
RESULT: {}
COMMAND: POST /session/365d56350ece7ddb67f22ecca89c6f97/element - {"using":"xpath","value":"//span[@id=\"application-manageconditionprice-display-component---conditions--smartTable-header-inner\"]"}
RESULT: {"using":"xpath","value":"//span[@id=\"application-manageconditionprice-display-component---conditions--smartTable-header-inner\"]"}
COMMAND: POST /session/365d56350ece7ddb67f22ecca89c6f97/elements - {"using":"xpath","value":"//span[@id=\"application-manageconditionprice-display-component---conditions--smartTable-header-inner\"]"}
RESULT: {"using":"xpath","value":"//span[@id=\"application-manageconditionprice-display-component---conditions--smartTable-header-inner\"]"}
COMMAND: POST /session/365d56350ece7ddb67f22ecca89c6f97/execute/sync - {"script":"<script> [56 bytes]","args":[{"element-6066-11e4-a52e-4f735466cecf":"f.0CFB565138F0704D782EF1C57C56E9E5.d.A06AE8E9EAE81C449FC38072ECE5906D.e.18760","ELEMENT":"f.0CFB565138F0704D782EF1C57C56E9E5.d.A06AE8E9EAE81C449FC38072ECE5906D.e.18760"}]}
RESULT: {"script":"<script> [56 bytes]","args":[{"element-6066-11e4-a52e-4f735466cecf":"f.0CFB565138F0704D782EF1C57C56E9E5.d.A06AE8E9EAE81C449FC38072ECE5906D.e.18760","ELEMENT":"f.0CFB565138F0704D782EF1C57C56E9E5.d.A06AE8E9EAE81C449FC38072ECE5906D.e.18760"}]}
COMMAND: POST /session/365d56350ece7ddb67f22ecca89c6f97/element - {"using":"css selector","value":"#shell-header-logo"}
COMMAND: GET /session/365d56350ece7ddb67f22ecca89c6f97/screenshot - {}
RESULT: {"using":"css selector","value":"#shell-header-logo"}
COMMAND: POST /session/365d56350ece7ddb67f22ecca89c6f97/element/f.0CFB565138F0704D782EF1C57C56E9E5.d.A06AE8E9EAE81C449FC38072ECE5906D.e.18387/click - {}
RESULT: {}
RESULT: {}
COMMAND: GET /session/365d56350ece7ddb67f22ecca89c6f97/screenshot - {}
RESULT: {}
]]></system-out>
    </testcase>
    <testcase classname="chrome.136_0_7103_93.windows.Billing_Calculation_-_Time_based_(considering_transport_times)_US139738" name="Should do a stock increase for the equipment" time="94.265">
      <system-out><![CDATA[
COMMAND: POST /session/365d56350ece7ddb67f22ecca89c6f97/execute/async - {"script":"<script> [1562 bytes]","args":[{"selector":{"controlType":"sap.m.GenericTile","properties":{"header":"Manage Handovers"}},"wdio_ui5_key":"sapm.GenericTile{\"header\":\"Manage Handovers\"}"}]}
RESULT: {"script":"<script> [1562 bytes]","args":[{"selector":{"controlType":"sap.m.GenericTile","properties":{"header":"Manage Handovers"}},"wdio_ui5_key":"sapm.GenericTile{\"header\":\"Manage Handovers\"}"}]}
RESULT: undefined
COMMAND: POST /session/365d56350ece7ddb67f22ecca89c6f97/element - {"using":"xpath","value":"//*[@id=\"__tile132\"]"}
RESULT: {"using":"xpath","value":"//*[@id=\"__tile132\"]"}
COMMAND: POST /session/365d56350ece7ddb67f22ecca89c6f97/element/f.0CFB565138F0704D782EF1C57C56E9E5.d.A06AE8E9EAE81C449FC38072ECE5906D.e.17526/click - {}
RESULT: {}
COMMAND: GET /session/365d56350ece7ddb67f22ecca89c6f97/screenshot - {}
RESULT: {}
COMMAND: POST /session/365d56350ece7ddb67f22ecca89c6f97/elements - {"using":"xpath","value":"//span[text()='Error']"}
RESULT: {"using":"xpath","value":"//span[text()='Error']"}
COMMAND: POST /session/365d56350ece7ddb67f22ecca89c6f97/element - {"using":"xpath","value":"//button[@data-kt=\"masterHOAddButton\"]"}
RESULT: {"using":"xpath","value":"//button[@data-kt=\"masterHOAddButton\"]"}
COMMAND: POST /session/365d56350ece7ddb67f22ecca89c6f97/elements - {"using":"xpath","value":"//button[@data-kt=\"masterHOAddButton\"]"}
RESULT: {"using":"xpath","value":"//button[@data-kt=\"masterHOAddButton\"]"}
COMMAND: POST /session/365d56350ece7ddb67f22ecca89c6f97/execute/sync - {"script":"<script> [8489 bytes]","args":[{"element-6066-11e4-a52e-4f735466cecf":"f.0CFB565138F0704D782EF1C57C56E9E5.d.A06AE8E9EAE81C449FC38072ECE5906D.e.18803","ELEMENT":"f.0CFB565138F0704D782EF1C57C56E9E5.d.A06AE8E9EAE81C449FC38072ECE5906D.e.18803"}]}
RESULT: {"script":"<script> [8489 bytes]","args":[{"element-6066-11e4-a52e-4f735466cecf":"f.0CFB565138F0704D782EF1C57C56E9E5.d.A06AE8E9EAE81C449FC38072ECE5906D.e.18803","ELEMENT":"f.0CFB565138F0704D782EF1C57C56E9E5.d.A06AE8E9EAE81C449FC38072ECE5906D.e.18803"}]}
COMMAND: GET /session/365d56350ece7ddb67f22ecca89c6f97/element/f.0CFB565138F0704D782EF1C57C56E9E5.d.A06AE8E9EAE81C449FC38072ECE5906D.e.18803/enabled - {}
COMMAND: GET /session/365d56350ece7ddb67f22ecca89c6f97/screenshot - {}
RESULT: {}
COMMAND: POST /session/365d56350ece7ddb67f22ecca89c6f97/execute/sync - {"script":"<script> [8489 bytes]","args":[{"element-6066-11e4-a52e-4f735466cecf":"f.0CFB565138F0704D782EF1C57C56E9E5.d.A06AE8E9EAE81C449FC38072ECE5906D.e.18803","ELEMENT":"f.0CFB565138F0704D782EF1C57C56E9E5.d.A06AE8E9EAE81C449FC38072ECE5906D.e.18803"}]}
COMMAND: GET /session/365d56350ece7ddb67f22ecca89c6f97/screenshot - {}
RESULT: {}
RESULT: {"script":"<script> [8489 bytes]","args":[{"element-6066-11e4-a52e-4f735466cecf":"f.0CFB565138F0704D782EF1C57C56E9E5.d.A06AE8E9EAE81C449FC38072ECE5906D.e.18803","ELEMENT":"f.0CFB565138F0704D782EF1C57C56E9E5.d.A06AE8E9EAE81C449FC38072ECE5906D.e.18803"}]}
COMMAND: POST /session/365d56350ece7ddb67f22ecca89c6f97/execute/sync - {"script":"<script> [5351 bytes]","args":[{"element-6066-11e4-a52e-4f735466cecf":"f.0CFB565138F0704D782EF1C57C56E9E5.d.A06AE8E9EAE81C449FC38072ECE5906D.e.18803","ELEMENT":"f.0CFB565138F0704D782EF1C57C56E9E5.d.A06AE8E9EAE81C449FC38072ECE5906D.e.18803"}]}
COMMAND: GET /session/365d56350ece7ddb67f22ecca89c6f97/screenshot - {}
RESULT: {}
RESULT: {"script":"<script> [5351 bytes]","args":[{"element-6066-11e4-a52e-4f735466cecf":"f.0CFB565138F0704D782EF1C57C56E9E5.d.A06AE8E9EAE81C449FC38072ECE5906D.e.18803","ELEMENT":"f.0CFB565138F0704D782EF1C57C56E9E5.d.A06AE8E9EAE81C449FC38072ECE5906D.e.18803"}]}
COMMAND: POST /session/365d56350ece7ddb67f22ecca89c6f97/element/f.0CFB565138F0704D782EF1C57C56E9E5.d.A06AE8E9EAE81C449FC38072ECE5906D.e.18803/click - {}
RESULT: {}
COMMAND: GET /session/365d56350ece7ddb67f22ecca89c6f97/screenshot - {}
RESULT: {}
COMMAND: GET /session/365d56350ece7ddb67f22ecca89c6f97/screenshot - {}
RESULT: {}
RESULT: {}
COMMAND: POST /session/365d56350ece7ddb67f22ecca89c6f97/element - {"using":"xpath","value":"//span[contains(@id ,\"AddNewHO--typeSelect-arrow\")]"}
RESULT: {"using":"xpath","value":"//span[contains(@id ,\"AddNewHO--typeSelect-arrow\")]"}
COMMAND: POST /session/365d56350ece7ddb67f22ecca89c6f97/element/f.0CFB565138F0704D782EF1C57C56E9E5.d.A06AE8E9EAE81C449FC38072ECE5906D.e.19140/click - {}
RESULT: {}
COMMAND: GET /session/365d56350ece7ddb67f22ecca89c6f97/screenshot - {}
RESULT: {}
COMMAND: POST /session/365d56350ece7ddb67f22ecca89c6f97/element - {"using":"xpath","value":"(//li[contains(text(), \"stock increase yard\")])[1]"}
RESULT: {"using":"xpath","value":"(//li[contains(text(), \"stock increase yard\")])[1]"}
COMMAND: POST /session/365d56350ece7ddb67f22ecca89c6f97/element/f.0CFB565138F0704D782EF1C57C56E9E5.d.A06AE8E9EAE81C449FC38072ECE5906D.e.19141/click - {}
RESULT: {}
COMMAND: GET /session/365d56350ece7ddb67f22ecca89c6f97/screenshot - {}
RESULT: {}
COMMAND: POST /session/365d56350ece7ddb67f22ecca89c6f97/execute/async - {"script":"<script> [1562 bytes]","args":[{"selector":{"id":"application-managehandovers-display-component---AddNewHO--dueDate","interaction":{"idSuffix":"inner"}},"wdio_ui5_key":"applicationmanagehandovers-display-component---AddNewHO--dueDate"}]}
RESULT: {"script":"<script> [1562 bytes]","args":[{"selector":{"id":"application-managehandovers-display-component---AddNewHO--dueDate","interaction":{"idSuffix":"inner"}},"wdio_ui5_key":"applicationmanagehandovers-display-component---AddNewHO--dueDate"}]}
RESULT: undefined
COMMAND: POST /session/365d56350ece7ddb67f22ecca89c6f97/execute/async - {"script":"<script> [6424 bytes]","args":[{"element-6066-11e4-a52e-4f735466cecf":"f.0CFB565138F0704D782EF1C57C56E9E5.d.A06AE8E9EAE81C449FC38072ECE5906D.e.19145"},"setValue",["5/25/25"]]}
RESULT: {"script":"<script> [6424 bytes]","args":[{"element-6066-11e4-a52e-4f735466cecf":"f.0CFB565138F0704D782EF1C57C56E9E5.d.A06AE8E9EAE81C449FC38072ECE5906D.e.19145"},"setValue",["5/25/25"]]}
COMMAND: POST /session/365d56350ece7ddb67f22ecca89c6f97/element - {"using":"xpath","value":"//input[@id=\"generalSectionFrg--receiveYard-inner\"]"}
RESULT: {"using":"xpath","value":"//input[@id=\"generalSectionFrg--receiveYard-inner\"]"}
COMMAND: POST /session/365d56350ece7ddb67f22ecca89c6f97/element/f.0CFB565138F0704D782EF1C57C56E9E5.d.A06AE8E9EAE81C449FC38072ECE5906D.e.19151/clear - {}
RESULT: {}
COMMAND: POST /session/365d56350ece7ddb67f22ecca89c6f97/element/f.0CFB565138F0704D782EF1C57C56E9E5.d.A06AE8E9EAE81C449FC38072ECE5906D.e.19151/value - {"text":"279"}
COMMAND: GET /session/365d56350ece7ddb67f22ecca89c6f97/screenshot - {}
RESULT: {"text":"279"}
COMMAND: GET /session/365d56350ece7ddb67f22ecca89c6f97/screenshot - {}
RESULT: {}
RESULT: {}
COMMAND: POST /session/365d56350ece7ddb67f22ecca89c6f97/element - {"using":"xpath","value":"//li[.//span[text()='279']]"}
RESULT: {"using":"xpath","value":"//li[.//span[text()='279']]"}
COMMAND: POST /session/365d56350ece7ddb67f22ecca89c6f97/element/f.0CFB565138F0704D782EF1C57C56E9E5.d.A06AE8E9EAE81C449FC38072ECE5906D.e.19165/click - {}
RESULT: {}
COMMAND: GET /session/365d56350ece7ddb67f22ecca89c6f97/screenshot - {}
RESULT: {}
COMMAND: POST /session/365d56350ece7ddb67f22ecca89c6f97/execute/async - {"script":"<script> [1562 bytes]","args":[{"selector":{"id":"application-managehandovers-display-component---AddNewHO--ObjectPageLayout-anchBar-application-managehandovers-display-component---AddNewHO--section4-anchor","interaction":{"idSuffix":"BDI-content"}},"wdio_ui5_key":"applicationmanagehandovers-display-component---AddNewHO--ObjectPageLayout-anchBar-application-managehandovers-display-component---AddNewHO--section4-anchor"}]}
RESULT: {"script":"<script> [1562 bytes]","args":[{"selector":{"id":"application-managehandovers-display-component---AddNewHO--ObjectPageLayout-anchBar-application-managehandovers-display-component---AddNewHO--section4-anchor","interaction":{"idSuffix":"BDI-content"}},"wdio_ui5_key":"applicationmanagehandovers-display-component---AddNewHO--ObjectPageLayout-anchBar-application-managehandovers-display-component---AddNewHO--section4-anchor"}]}
RESULT: undefined
COMMAND: POST /session/365d56350ece7ddb67f22ecca89c6f97/element - {"using":"xpath","value":"//*[@id=\"application-managehandovers-display-component---AddNewHO--ObjectPageLayout-anchBar-application-managehandovers-display-component---AddNewHO--section4-anchor\"]"}
RESULT: {"using":"xpath","value":"//*[@id=\"application-managehandovers-display-component---AddNewHO--ObjectPageLayout-anchBar-application-managehandovers-display-component---AddNewHO--section4-anchor\"]"}
COMMAND: POST /session/365d56350ece7ddb67f22ecca89c6f97/element/f.0CFB565138F0704D782EF1C57C56E9E5.d.A06AE8E9EAE81C449FC38072ECE5906D.e.19167/click - {}
RESULT: {}
COMMAND: POST /session/365d56350ece7ddb67f22ecca89c6f97/element - {"using":"xpath","value":"//button[@aria-label=\"Add\"]"}
COMMAND: GET /session/365d56350ece7ddb67f22ecca89c6f97/screenshot - {}
RESULT: {"using":"xpath","value":"//button[@aria-label=\"Add\"]"}
COMMAND: POST /session/365d56350ece7ddb67f22ecca89c6f97/element/f.0CFB565138F0704D782EF1C57C56E9E5.d.A06AE8E9EAE81C449FC38072ECE5906D.e.19169/click - {}
RESULT: {}
RESULT: {}
COMMAND: GET /session/365d56350ece7ddb67f22ecca89c6f97/screenshot - {}
RESULT: {}
COMMAND: POST /session/365d56350ece7ddb67f22ecca89c6f97/execute/async - {"script":"<script> [1562 bytes]","args":[{"selector":{"id":"application-managehandovers-display-component---AddNewHO--smartFilterBar-btnBasicSearch","searchOpenDialogs":true,"interaction":{"idSuffix":"I"}},"wdio_ui5_key":"applicationmanagehandovers-display-component---AddNewHO--smartFilterBar-btnBasicSearch"}]}
RESULT: {"script":"<script> [1562 bytes]","args":[{"selector":{"id":"application-managehandovers-display-component---AddNewHO--smartFilterBar-btnBasicSearch","searchOpenDialogs":true,"interaction":{"idSuffix":"I"}},"wdio_ui5_key":"applicationmanagehandovers-display-component---AddNewHO--smartFilterBar-btnBasicSearch"}]}
RESULT: undefined
COMMAND: POST /session/365d56350ece7ddb67f22ecca89c6f97/execute/async - {"script":"<script> [776 bytes]","args":[{"enterText":"AdzB3S8ONQ","selector":{"id":"application-managehandovers-display-component---AddNewHO--smartFilterBar-btnBasicSearch","searchOpenDialogs":true,"interaction":{"idSuffix":"I"}},"clearTextFirst":true,"interactionType":"ENTER_TEXT"}]}
RESULT: {"script":"<script> [776 bytes]","args":[{"enterText":"AdzB3S8ONQ","selector":{"id":"application-managehandovers-display-component---AddNewHO--smartFilterBar-btnBasicSearch","searchOpenDialogs":true,"interaction":{"idSuffix":"I"}},"clearTextFirst":true,"interactionType":"ENTER_TEXT"}]}
COMMAND: POST /session/365d56350ece7ddb67f22ecca89c6f97/actions - {"actions":[{"id":"action75","type":"key","parameters":{},"actions":[{"type":"keyDown","value":""},{"type":"pause","duration":10},{"type":"keyUp","value":""}]}]}
RESULT: {"actions":[{"id":"action75","type":"key","parameters":{},"actions":[{"type":"keyDown","value":""},{"type":"pause","duration":10},{"type":"keyUp","value":""}]}]}
COMMAND: GET /session/365d56350ece7ddb67f22ecca89c6f97/screenshot - {}
RESULT: {}
COMMAND: POST /session/365d56350ece7ddb67f22ecca89c6f97/execute/async - {"script":"<script> [1562 bytes]","args":[{"selector":{"id":"application-managehandovers-display-component---AddNewHO--popup-sa","searchOpenDialogs":true,"interaction":{"idSuffix":"CbBg"}},"wdio_ui5_key":"applicationmanagehandovers-display-component---AddNewHO--popup-sa"}]}
RESULT: {"script":"<script> [1562 bytes]","args":[{"selector":{"id":"application-managehandovers-display-component---AddNewHO--popup-sa","searchOpenDialogs":true,"interaction":{"idSuffix":"CbBg"}},"wdio_ui5_key":"applicationmanagehandovers-display-component---AddNewHO--popup-sa"}]}
RESULT: undefined
COMMAND: POST /session/365d56350ece7ddb67f22ecca89c6f97/element - {"using":"xpath","value":"//*[@id=\"application-managehandovers-display-component---AddNewHO--popup-sa\"]"}
RESULT: {"using":"xpath","value":"//*[@id=\"application-managehandovers-display-component---AddNewHO--popup-sa\"]"}
COMMAND: POST /session/365d56350ece7ddb67f22ecca89c6f97/element/f.0CFB565138F0704D782EF1C57C56E9E5.d.A06AE8E9EAE81C449FC38072ECE5906D.e.19323/click - {}
RESULT: {}
COMMAND: GET /session/365d56350ece7ddb67f22ecca89c6f97/screenshot - {}
RESULT: {}
COMMAND: POST /session/365d56350ece7ddb67f22ecca89c6f97/element - {"using":"xpath","value":"//bdi[contains(text(), \"Select\")]"}
RESULT: {"using":"xpath","value":"//bdi[contains(text(), \"Select\")]"}
COMMAND: POST /session/365d56350ece7ddb67f22ecca89c6f97/element/f.0CFB565138F0704D782EF1C57C56E9E5.d.A06AE8E9EAE81C449FC38072ECE5906D.e.19324/click - {}
RESULT: {}
COMMAND: GET /session/365d56350ece7ddb67f22ecca89c6f97/screenshot - {}
RESULT: {}
COMMAND: POST /session/365d56350ece7ddb67f22ecca89c6f97/element - {"using":"xpath","value":"//button[@data-kt=\"AddNewHOSaveButton\"]"}
RESULT: {"using":"xpath","value":"//button[@data-kt=\"AddNewHOSaveButton\"]"}
COMMAND: POST /session/365d56350ece7ddb67f22ecca89c6f97/element/f.0CFB565138F0704D782EF1C57C56E9E5.d.A06AE8E9EAE81C449FC38072ECE5906D.e.19328/click - {}
RESULT: {}
COMMAND: GET /session/365d56350ece7ddb67f22ecca89c6f97/screenshot - {}
RESULT: {}
COMMAND: POST /session/365d56350ece7ddb67f22ecca89c6f97/execute/async - {"script":"<script> [1562 bytes]","args":[{"selector":{"id":"receiptDatePicker","viewName":"etm.portal.ui.managehandovers.view.DetailExecuteHO","interaction":{"idSuffix":"inner"}},"wdio_ui5_key":"receiptDatePickeretmportal.ui.managehandovers.view.DetailExecuteHO"}]}
RESULT: {"script":"<script> [1562 bytes]","args":[{"selector":{"id":"receiptDatePicker","viewName":"etm.portal.ui.managehandovers.view.DetailExecuteHO","interaction":{"idSuffix":"inner"}},"wdio_ui5_key":"receiptDatePickeretmportal.ui.managehandovers.view.DetailExecuteHO"}]}
RESULT: undefined
COMMAND: POST /session/365d56350ece7ddb67f22ecca89c6f97/execute/async - {"script":"<script> [6424 bytes]","args":[{"element-6066-11e4-a52e-4f735466cecf":"f.0CFB565138F0704D782EF1C57C56E9E5.d.A06AE8E9EAE81C449FC38072ECE5906D.e.19358"},"setValue",["5/25/25"]]}
RESULT: {"script":"<script> [6424 bytes]","args":[{"element-6066-11e4-a52e-4f735466cecf":"f.0CFB565138F0704D782EF1C57C56E9E5.d.A06AE8E9EAE81C449FC38072ECE5906D.e.19358"},"setValue",["5/25/25"]]}
COMMAND: POST /session/365d56350ece7ddb67f22ecca89c6f97/element - {"using":"xpath","value":"//button[@data-kt=\"ReceivingTableConfirmAllButton\"]"}
RESULT: {"using":"xpath","value":"//button[@data-kt=\"ReceivingTableConfirmAllButton\"]"}
COMMAND: POST /session/365d56350ece7ddb67f22ecca89c6f97/element/f.0CFB565138F0704D782EF1C57C56E9E5.d.A06AE8E9EAE81C449FC38072ECE5906D.e.19373/click - {}
RESULT: {}
COMMAND: GET /session/365d56350ece7ddb67f22ecca89c6f97/screenshot - {}
RESULT: {}
COMMAND: POST /session/365d56350ece7ddb67f22ecca89c6f97/element - {"using":"xpath","value":"//bdi[contains(text(), \"OK\")]"}
RESULT: {"using":"xpath","value":"//bdi[contains(text(), \"OK\")]"}
COMMAND: POST /session/365d56350ece7ddb67f22ecca89c6f97/element/f.0CFB565138F0704D782EF1C57C56E9E5.d.A06AE8E9EAE81C449FC38072ECE5906D.e.19375/click - {}
RESULT: {}
COMMAND: GET /session/365d56350ece7ddb67f22ecca89c6f97/screenshot - {}
RESULT: {}
COMMAND: POST /session/365d56350ece7ddb67f22ecca89c6f97/element - {"using":"xpath","value":"(//bdi[contains(text(), \"Receive\")])[2]"}
RESULT: {"using":"xpath","value":"(//bdi[contains(text(), \"Receive\")])[2]"}
COMMAND: POST /session/365d56350ece7ddb67f22ecca89c6f97/element/f.0CFB565138F0704D782EF1C57C56E9E5.d.A06AE8E9EAE81C449FC38072ECE5906D.e.19377/click - {}
RESULT: {}
COMMAND: GET /session/365d56350ece7ddb67f22ecca89c6f97/screenshot - {}
RESULT: {}
COMMAND: POST /session/365d56350ece7ddb67f22ecca89c6f97/element - {"using":"css selector","value":"#shell-header-logo"}
RESULT: {"using":"css selector","value":"#shell-header-logo"}
COMMAND: POST /session/365d56350ece7ddb67f22ecca89c6f97/element/f.0CFB565138F0704D782EF1C57C56E9E5.d.A06AE8E9EAE81C449FC38072ECE5906D.e.18766/click - {}
RESULT: {}
COMMAND: GET /session/365d56350ece7ddb67f22ecca89c6f97/screenshot - {}
RESULT: {}
]]></system-out>
    </testcase>
    <testcase classname="chrome.136_0_7103_93.windows.Billing_Calculation_-_Time_based_(considering_transport_times)_US139738" name="Should create a new contract" time="66.027">
      <system-out><![CDATA[
COMMAND: POST /session/365d56350ece7ddb67f22ecca89c6f97/execute/async - {"script":"<script> [1562 bytes]","args":[{"selector":{"controlType":"sap.m.GenericTile","properties":{"header":"Manage Contracts"}},"wdio_ui5_key":"sapm.GenericTile{\"header\":\"Manage Contracts\"}"}]}
RESULT: {"script":"<script> [1562 bytes]","args":[{"selector":{"controlType":"sap.m.GenericTile","properties":{"header":"Manage Contracts"}},"wdio_ui5_key":"sapm.GenericTile{\"header\":\"Manage Contracts\"}"}]}
RESULT: undefined
COMMAND: POST /session/365d56350ece7ddb67f22ecca89c6f97/element - {"using":"xpath","value":"//*[@id=\"__tile130\"]"}
RESULT: {"using":"xpath","value":"//*[@id=\"__tile130\"]"}
COMMAND: POST /session/365d56350ece7ddb67f22ecca89c6f97/element/f.0CFB565138F0704D782EF1C57C56E9E5.d.A06AE8E9EAE81C449FC38072ECE5906D.e.17458/click - {}
RESULT: {}
COMMAND: GET /session/365d56350ece7ddb67f22ecca89c6f97/screenshot - {}
COMMAND: POST /session/365d56350ece7ddb67f22ecca89c6f97/elements - {"using":"xpath","value":"//span[text()='Error']"}
RESULT: {}
RESULT: {"using":"xpath","value":"//span[text()='Error']"}
COMMAND: POST /session/365d56350ece7ddb67f22ecca89c6f97/element - {"using":"xpath","value":"//button[@data-kt=\"addButton\"]"}
RESULT: {"using":"xpath","value":"//button[@data-kt=\"addButton\"]"}
COMMAND: POST /session/365d56350ece7ddb67f22ecca89c6f97/elements - {"using":"xpath","value":"//button[@data-kt=\"addButton\"]"}
RESULT: {"using":"xpath","value":"//button[@data-kt=\"addButton\"]"}
COMMAND: POST /session/365d56350ece7ddb67f22ecca89c6f97/execute/sync - {"script":"<script> [8489 bytes]","args":[{"element-6066-11e4-a52e-4f735466cecf":"f.0CFB565138F0704D782EF1C57C56E9E5.d.A06AE8E9EAE81C449FC38072ECE5906D.e.19707","ELEMENT":"f.0CFB565138F0704D782EF1C57C56E9E5.d.A06AE8E9EAE81C449FC38072ECE5906D.e.19707"}]}
RESULT: {"script":"<script> [8489 bytes]","args":[{"element-6066-11e4-a52e-4f735466cecf":"f.0CFB565138F0704D782EF1C57C56E9E5.d.A06AE8E9EAE81C449FC38072ECE5906D.e.19707","ELEMENT":"f.0CFB565138F0704D782EF1C57C56E9E5.d.A06AE8E9EAE81C449FC38072ECE5906D.e.19707"}]}
COMMAND: GET /session/365d56350ece7ddb67f22ecca89c6f97/element/f.0CFB565138F0704D782EF1C57C56E9E5.d.A06AE8E9EAE81C449FC38072ECE5906D.e.19707/enabled - {}
COMMAND: GET /session/365d56350ece7ddb67f22ecca89c6f97/screenshot - {}
RESULT: {}
COMMAND: POST /session/365d56350ece7ddb67f22ecca89c6f97/execute/sync - {"script":"<script> [8489 bytes]","args":[{"element-6066-11e4-a52e-4f735466cecf":"f.0CFB565138F0704D782EF1C57C56E9E5.d.A06AE8E9EAE81C449FC38072ECE5906D.e.19707","ELEMENT":"f.0CFB565138F0704D782EF1C57C56E9E5.d.A06AE8E9EAE81C449FC38072ECE5906D.e.19707"}]}
COMMAND: GET /session/365d56350ece7ddb67f22ecca89c6f97/screenshot - {}
RESULT: {}
RESULT: {"script":"<script> [8489 bytes]","args":[{"element-6066-11e4-a52e-4f735466cecf":"f.0CFB565138F0704D782EF1C57C56E9E5.d.A06AE8E9EAE81C449FC38072ECE5906D.e.19707","ELEMENT":"f.0CFB565138F0704D782EF1C57C56E9E5.d.A06AE8E9EAE81C449FC38072ECE5906D.e.19707"}]}
COMMAND: POST /session/365d56350ece7ddb67f22ecca89c6f97/execute/sync - {"script":"<script> [5351 bytes]","args":[{"element-6066-11e4-a52e-4f735466cecf":"f.0CFB565138F0704D782EF1C57C56E9E5.d.A06AE8E9EAE81C449FC38072ECE5906D.e.19707","ELEMENT":"f.0CFB565138F0704D782EF1C57C56E9E5.d.A06AE8E9EAE81C449FC38072ECE5906D.e.19707"}]}
COMMAND: GET /session/365d56350ece7ddb67f22ecca89c6f97/screenshot - {}
RESULT: {}
RESULT: {"script":"<script> [5351 bytes]","args":[{"element-6066-11e4-a52e-4f735466cecf":"f.0CFB565138F0704D782EF1C57C56E9E5.d.A06AE8E9EAE81C449FC38072ECE5906D.e.19707","ELEMENT":"f.0CFB565138F0704D782EF1C57C56E9E5.d.A06AE8E9EAE81C449FC38072ECE5906D.e.19707"}]}
COMMAND: GET /session/365d56350ece7ddb67f22ecca89c6f97/screenshot - {}
RESULT: {}
RESULT: {}
COMMAND: POST /session/365d56350ece7ddb67f22ecca89c6f97/element/f.0CFB565138F0704D782EF1C57C56E9E5.d.A06AE8E9EAE81C449FC38072ECE5906D.e.19707/click - {}
RESULT: {}
COMMAND: GET /session/365d56350ece7ddb67f22ecca89c6f97/screenshot - {}
COMMAND: POST /session/365d56350ece7ddb67f22ecca89c6f97/execute/async - {"script":"<script> [1562 bytes]","args":[{"selector":{"id":"application-managecontracts-display-component---AddNewContract--projectDescription","interaction":{"idSuffix":"inner"}},"wdio_ui5_key":"applicationmanagecontracts-display-component---AddNewContract--projectDescription"}]}
RESULT: {}
RESULT: {"script":"<script> [1562 bytes]","args":[{"selector":{"id":"application-managecontracts-display-component---AddNewContract--projectDescription","interaction":{"idSuffix":"inner"}},"wdio_ui5_key":"applicationmanagecontracts-display-component---AddNewContract--projectDescription"}]}
RESULT: undefined
COMMAND: POST /session/365d56350ece7ddb67f22ecca89c6f97/execute/async - {"script":"<script> [776 bytes]","args":[{"enterText":"Contract WDIO","selector":{"id":"application-managecontracts-display-component---AddNewContract--projectDescription","interaction":{"idSuffix":"inner"}},"clearTextFirst":true,"interactionType":"ENTER_TEXT"}]}
RESULT: {"script":"<script> [776 bytes]","args":[{"enterText":"Contract WDIO","selector":{"id":"application-managecontracts-display-component---AddNewContract--projectDescription","interaction":{"idSuffix":"inner"}},"clearTextFirst":true,"interactionType":"ENTER_TEXT"}]}
COMMAND: POST /session/365d56350ece7ddb67f22ecca89c6f97/element - {"using":"xpath","value":"//input[@id=\"application-managecontracts-display-component---AddNewContract--site-inner\"]"}
RESULT: {"using":"xpath","value":"//input[@id=\"application-managecontracts-display-component---AddNewContract--site-inner\"]"}
COMMAND: POST /session/365d56350ece7ddb67f22ecca89c6f97/element/f.0CFB565138F0704D782EF1C57C56E9E5.d.A06AE8E9EAE81C449FC38072ECE5906D.e.20025/clear - {}
RESULT: {}
COMMAND: POST /session/365d56350ece7ddb67f22ecca89c6f97/element/f.0CFB565138F0704D782EF1C57C56E9E5.d.A06AE8E9EAE81C449FC38072ECE5906D.e.20025/value - {"text":"2117"}
COMMAND: GET /session/365d56350ece7ddb67f22ecca89c6f97/screenshot - {}
RESULT: {"text":"2117"}
COMMAND: GET /session/365d56350ece7ddb67f22ecca89c6f97/screenshot - {}
RESULT: {}
RESULT: {}
COMMAND: POST /session/365d56350ece7ddb67f22ecca89c6f97/element - {"using":"xpath","value":"//li[.//span[text()='2117']]"}
RESULT: {"using":"xpath","value":"//li[.//span[text()='2117']]"}
COMMAND: POST /session/365d56350ece7ddb67f22ecca89c6f97/element/f.0CFB565138F0704D782EF1C57C56E9E5.d.A06AE8E9EAE81C449FC38072ECE5906D.e.20107/click - {}
RESULT: {}
COMMAND: GET /session/365d56350ece7ddb67f22ecca89c6f97/screenshot - {}
RESULT: {}
COMMAND: POST /session/365d56350ece7ddb67f22ecca89c6f97/element - {"using":"xpath","value":"//input[@id=\"application-managecontracts-display-component---AddNewContract--yardId-inner\"]"}
RESULT: {"using":"xpath","value":"//input[@id=\"application-managecontracts-display-component---AddNewContract--yardId-inner\"]"}
COMMAND: GET /session/365d56350ece7ddb67f22ecca89c6f97/element/f.0CFB565138F0704D782EF1C57C56E9E5.d.A06AE8E9EAE81C449FC38072ECE5906D.e.20026/property/value - {}
RESULT: {}
COMMAND: POST /session/365d56350ece7ddb67f22ecca89c6f97/element - {"using":"xpath","value":"//input[@id=\"application-managecontracts-display-component---AddNewContract--customerSelect-inner\"]"}
COMMAND: GET /session/365d56350ece7ddb67f22ecca89c6f97/screenshot - {}
RESULT: {"using":"xpath","value":"//input[@id=\"application-managecontracts-display-component---AddNewContract--customerSelect-inner\"]"}
COMMAND: POST /session/365d56350ece7ddb67f22ecca89c6f97/element/f.0CFB565138F0704D782EF1C57C56E9E5.d.A06AE8E9EAE81C449FC38072ECE5906D.e.20024/clear - {}
RESULT: {}
RESULT: {}
COMMAND: POST /session/365d56350ece7ddb67f22ecca89c6f97/element/f.0CFB565138F0704D782EF1C57C56E9E5.d.A06AE8E9EAE81C449FC38072ECE5906D.e.20024/value - {"text":"1124"}
COMMAND: GET /session/365d56350ece7ddb67f22ecca89c6f97/screenshot - {}
RESULT: {"text":"1124"}
COMMAND: GET /session/365d56350ece7ddb67f22ecca89c6f97/screenshot - {}
RESULT: {}
RESULT: {}
COMMAND: POST /session/365d56350ece7ddb67f22ecca89c6f97/element - {"using":"xpath","value":"//li[.//span[text()='1124']]"}
RESULT: {"using":"xpath","value":"//li[.//span[text()='1124']]"}
COMMAND: POST /session/365d56350ece7ddb67f22ecca89c6f97/element/f.0CFB565138F0704D782EF1C57C56E9E5.d.A06AE8E9EAE81C449FC38072ECE5906D.e.20110/click - {}
RESULT: {}
COMMAND: GET /session/365d56350ece7ddb67f22ecca89c6f97/screenshot - {}
RESULT: {}
COMMAND: POST /session/365d56350ece7ddb67f22ecca89c6f97/element - {"using":"xpath","value":"//button[@data-kt=\"saveButton\"]"}
RESULT: {"using":"xpath","value":"//button[@data-kt=\"saveButton\"]"}
COMMAND: POST /session/365d56350ece7ddb67f22ecca89c6f97/element/f.0CFB565138F0704D782EF1C57C56E9E5.d.A06AE8E9EAE81C449FC38072ECE5906D.e.20100/click - {}
RESULT: {}
COMMAND: GET /session/365d56350ece7ddb67f22ecca89c6f97/screenshot - {}
RESULT: {}
COMMAND: POST /session/365d56350ece7ddb67f22ecca89c6f97/element - {"using":"xpath","value":"//span[contains(@id ,\"contractDetailTitleNoExpanded\")]"}
RESULT: {"using":"xpath","value":"//span[contains(@id ,\"contractDetailTitleNoExpanded\")]"}
COMMAND: POST /session/365d56350ece7ddb67f22ecca89c6f97/elements - {"using":"xpath","value":"//span[contains(@id ,\"contractDetailTitleNoExpanded\")]"}
RESULT: {"using":"xpath","value":"//span[contains(@id ,\"contractDetailTitleNoExpanded\")]"}
COMMAND: POST /session/365d56350ece7ddb67f22ecca89c6f97/execute/sync - {"script":"<script> [56 bytes]","args":[{"element-6066-11e4-a52e-4f735466cecf":"f.0CFB565138F0704D782EF1C57C56E9E5.d.A06AE8E9EAE81C449FC38072ECE5906D.e.20140","ELEMENT":"f.0CFB565138F0704D782EF1C57C56E9E5.d.A06AE8E9EAE81C449FC38072ECE5906D.e.20140"}]}
RESULT: {"script":"<script> [56 bytes]","args":[{"element-6066-11e4-a52e-4f735466cecf":"f.0CFB565138F0704D782EF1C57C56E9E5.d.A06AE8E9EAE81C449FC38072ECE5906D.e.20140","ELEMENT":"f.0CFB565138F0704D782EF1C57C56E9E5.d.A06AE8E9EAE81C449FC38072ECE5906D.e.20140"}]}
COMMAND: GET /session/365d56350ece7ddb67f22ecca89c6f97/screenshot - {}
RESULT: {}
]]></system-out>
    </testcase>
    <testcase classname="chrome.136_0_7103_93.windows.Billing_Calculation_-_Time_based_(considering_transport_times)_US139738" name="Should add transport time checkbox on contract details" time="16.152">
      <system-out><![CDATA[
COMMAND: POST /session/365d56350ece7ddb67f22ecca89c6f97/element - {"using":"xpath","value":"//button[@data-kt=\"contractDetailEditBtnButton\"]"}
RESULT: {"using":"xpath","value":"//button[@data-kt=\"contractDetailEditBtnButton\"]"}
COMMAND: POST /session/365d56350ece7ddb67f22ecca89c6f97/element/f.0CFB565138F0704D782EF1C57C56E9E5.d.A06AE8E9EAE81C449FC38072ECE5906D.e.20141/click - {}
RESULT: {}
COMMAND: GET /session/365d56350ece7ddb67f22ecca89c6f97/screenshot - {}
RESULT: {}
COMMAND: POST /session/365d56350ece7ddb67f22ecca89c6f97/element - {"using":"xpath","value":"(//span[contains(text(), \"Contract Billing\")])[2]"}
RESULT: {"using":"xpath","value":"(//span[contains(text(), \"Contract Billing\")])[2]"}
COMMAND: POST /session/365d56350ece7ddb67f22ecca89c6f97/element/f.0CFB565138F0704D782EF1C57C56E9E5.d.A06AE8E9EAE81C449FC38072ECE5906D.e.20198/click - {}
RESULT: {}
COMMAND: GET /session/365d56350ece7ddb67f22ecca89c6f97/screenshot - {}
RESULT: {}
COMMAND: POST /session/365d56350ece7ddb67f22ecca89c6f97/element - {"using":"xpath","value":"(//div[contains(@id, \"transportTimesBilled-CbBg\")])"}
RESULT: {"using":"xpath","value":"(//div[contains(@id, \"transportTimesBilled-CbBg\")])"}
COMMAND: POST /session/365d56350ece7ddb67f22ecca89c6f97/element/f.0CFB565138F0704D782EF1C57C56E9E5.d.A06AE8E9EAE81C449FC38072ECE5906D.e.20228/click - {}
RESULT: {}
COMMAND: GET /session/365d56350ece7ddb67f22ecca89c6f97/screenshot - {}
RESULT: {}
COMMAND: POST /session/365d56350ece7ddb67f22ecca89c6f97/element - {"using":"xpath","value":"(//button[@data-kt=\"saveButton\"])[2]"}
RESULT: {"using":"xpath","value":"(//button[@data-kt=\"saveButton\"])[2]"}
COMMAND: POST /session/365d56350ece7ddb67f22ecca89c6f97/element/f.0CFB565138F0704D782EF1C57C56E9E5.d.A06AE8E9EAE81C449FC38072ECE5906D.e.20229/click - {}
RESULT: {}
COMMAND: GET /session/365d56350ece7ddb67f22ecca89c6f97/screenshot - {}
RESULT: {}
]]></system-out>
    </testcase>
    <testcase classname="chrome.136_0_7103_93.windows.Billing_Calculation_-_Time_based_(considering_transport_times)_US139738" name="Should add created equipment to contract" time="48.966">
      <system-out><![CDATA[
COMMAND: POST /session/365d56350ece7ddb67f22ecca89c6f97/element - {"using":"xpath","value":"//button[@data-kt=\"contractDetailEditBtnButton\"]"}
RESULT: {"using":"xpath","value":"//button[@data-kt=\"contractDetailEditBtnButton\"]"}
COMMAND: POST /session/365d56350ece7ddb67f22ecca89c6f97/element/f.0CFB565138F0704D782EF1C57C56E9E5.d.A06AE8E9EAE81C449FC38072ECE5906D.e.20141/click - {}
RESULT: {}
COMMAND: GET /session/365d56350ece7ddb67f22ecca89c6f97/screenshot - {}
RESULT: {}
COMMAND: POST /session/365d56350ece7ddb67f22ecca89c6f97/element - {"using":"xpath","value":"(//span[contains(text(), \"Additional Addresses\")])[2]"}
RESULT: {"using":"xpath","value":"(//span[contains(text(), \"Additional Addresses\")])[2]"}
COMMAND: POST /session/365d56350ece7ddb67f22ecca89c6f97/element/f.0CFB565138F0704D782EF1C57C56E9E5.d.A06AE8E9EAE81C449FC38072ECE5906D.e.20247/click - {}
RESULT: {}
COMMAND: GET /session/365d56350ece7ddb67f22ecca89c6f97/screenshot - {}
RESULT: {}
COMMAND: POST /session/365d56350ece7ddb67f22ecca89c6f97/element - {"using":"xpath","value":"//button[@data-kt=\"btnAddTableRowOverflowToolbarButton\"]"}
RESULT: {"using":"xpath","value":"//button[@data-kt=\"btnAddTableRowOverflowToolbarButton\"]"}
COMMAND: POST /session/365d56350ece7ddb67f22ecca89c6f97/element/f.0CFB565138F0704D782EF1C57C56E9E5.d.A06AE8E9EAE81C449FC38072ECE5906D.e.20249/click - {}
RESULT: {}
COMMAND: GET /session/365d56350ece7ddb67f22ecca89c6f97/screenshot - {}
RESULT: {}
COMMAND: POST /session/365d56350ece7ddb67f22ecca89c6f97/element - {"using":"xpath","value":"//div[(text() = 'Standard Entry' or . = 'Standard Entry')]"}
RESULT: {"using":"xpath","value":"//div[(text() = 'Standard Entry' or . = 'Standard Entry')]"}
COMMAND: POST /session/365d56350ece7ddb67f22ecca89c6f97/element/f.0CFB565138F0704D782EF1C57C56E9E5.d.A06AE8E9EAE81C449FC38072ECE5906D.e.20251/click - {}
RESULT: {}
COMMAND: GET /session/365d56350ece7ddb67f22ecca89c6f97/screenshot - {}
RESULT: {}
COMMAND: POST /session/365d56350ece7ddb67f22ecca89c6f97/element - {"using":"xpath","value":"//td[7]/div/div/input"}
RESULT: {"using":"xpath","value":"//td[7]/div/div/input"}
COMMAND: POST /session/365d56350ece7ddb67f22ecca89c6f97/element/f.0CFB565138F0704D782EF1C57C56E9E5.d.A06AE8E9EAE81C449FC38072ECE5906D.e.20260/clear - {}
RESULT: {}
COMMAND: POST /session/365d56350ece7ddb67f22ecca89c6f97/element/f.0CFB565138F0704D782EF1C57C56E9E5.d.A06AE8E9EAE81C449FC38072ECE5906D.e.20260/value - {"text":"AdzB3S8ONQ"}
COMMAND: GET /session/365d56350ece7ddb67f22ecca89c6f97/screenshot - {}
RESULT: {"text":"AdzB3S8ONQ"}
COMMAND: GET /session/365d56350ece7ddb67f22ecca89c6f97/screenshot - {}
RESULT: {}
RESULT: {}
COMMAND: POST /session/365d56350ece7ddb67f22ecca89c6f97/actions - {"actions":[{"id":"action76","type":"key","parameters":{},"actions":[{"type":"keyDown","value":""},{"type":"pause","duration":10},{"type":"keyUp","value":""}]}]}
RESULT: {"actions":[{"id":"action76","type":"key","parameters":{},"actions":[{"type":"keyDown","value":""},{"type":"pause","duration":10},{"type":"keyUp","value":""}]}]}
COMMAND: GET /session/365d56350ece7ddb67f22ecca89c6f97/screenshot - {}
RESULT: {}
COMMAND: POST /session/365d56350ece7ddb67f22ecca89c6f97/execute/sync - {"script":"<script> [276 bytes]","args":["No pricing information was found"]}
RESULT: {"script":"<script> [276 bytes]","args":["No pricing information was found"]}
COMMAND: POST /session/365d56350ece7ddb67f22ecca89c6f97/element - {"using":"xpath","value":"(//button[@data-kt=\"saveButton\"])[2]"}
COMMAND: GET /session/365d56350ece7ddb67f22ecca89c6f97/screenshot - {}
RESULT: {"using":"xpath","value":"(//button[@data-kt=\"saveButton\"])[2]"}
COMMAND: POST /session/365d56350ece7ddb67f22ecca89c6f97/element/f.0CFB565138F0704D782EF1C57C56E9E5.d.A06AE8E9EAE81C449FC38072ECE5906D.e.20229/click - {}
RESULT: {}
RESULT: {}
COMMAND: GET /session/365d56350ece7ddb67f22ecca89c6f97/screenshot - {}
RESULT: {}
COMMAND: POST /session/365d56350ece7ddb67f22ecca89c6f97/execute/sync - {"script":"<script> [276 bytes]","args":["Some contract items are having rental validity exceeding header rental validity"]}
RESULT: {"script":"<script> [276 bytes]","args":["Some contract items are having rental validity exceeding header rental validity"]}
COMMAND: GET /session/365d56350ece7ddb67f22ecca89c6f97/screenshot - {}
RESULT: {}
COMMAND: POST /session/365d56350ece7ddb67f22ecca89c6f97/element - {"using":"xpath","value":"//span[contains(@id ,\"contractItemsSmartTable-header-inner\")]"}
RESULT: {"using":"xpath","value":"//span[contains(@id ,\"contractItemsSmartTable-header-inner\")]"}
COMMAND: POST /session/365d56350ece7ddb67f22ecca89c6f97/elements - {"using":"xpath","value":"//span[contains(@id ,\"contractItemsSmartTable-header-inner\")]"}
RESULT: {"using":"xpath","value":"//span[contains(@id ,\"contractItemsSmartTable-header-inner\")]"}
COMMAND: POST /session/365d56350ece7ddb67f22ecca89c6f97/execute/sync - {"script":"<script> [56 bytes]","args":[{"element-6066-11e4-a52e-4f735466cecf":"f.0CFB565138F0704D782EF1C57C56E9E5.d.A06AE8E9EAE81C449FC38072ECE5906D.e.20280","ELEMENT":"f.0CFB565138F0704D782EF1C57C56E9E5.d.A06AE8E9EAE81C449FC38072ECE5906D.e.20280"}]}
RESULT: {"script":"<script> [56 bytes]","args":[{"element-6066-11e4-a52e-4f735466cecf":"f.0CFB565138F0704D782EF1C57C56E9E5.d.A06AE8E9EAE81C449FC38072ECE5906D.e.20280","ELEMENT":"f.0CFB565138F0704D782EF1C57C56E9E5.d.A06AE8E9EAE81C449FC38072ECE5906D.e.20280"}]}
]]></system-out>
    </testcase>
    <testcase classname="chrome.136_0_7103_93.windows.Billing_Calculation_-_Time_based_(considering_transport_times)_US139738" name="Should do a provide to site 2 step" time="172.622">
      <system-out><![CDATA[
COMMAND: GET /session/365d56350ece7ddb67f22ecca89c6f97/screenshot - {}
COMMAND: POST /session/365d56350ece7ddb67f22ecca89c6f97/element - {"using":"xpath","value":"//button[@data-kt=\"provideButton\"]"}
RESULT: {}
RESULT: {"using":"xpath","value":"//button[@data-kt=\"provideButton\"]"}
COMMAND: POST /session/365d56350ece7ddb67f22ecca89c6f97/element/f.0CFB565138F0704D782EF1C57C56E9E5.d.A06AE8E9EAE81C449FC38072ECE5906D.e.20281/click - {}
RESULT: {}
COMMAND: GET /session/365d56350ece7ddb67f22ecca89c6f97/screenshot - {}
RESULT: {}
COMMAND: POST /session/365d56350ece7ddb67f22ecca89c6f97/element - {"using":"xpath","value":"(//div[contains(@id, \"application-managehandovers-display-component---AddNewHO--oneStep-CbBg\")])"}
RESULT: {"using":"xpath","value":"(//div[contains(@id, \"application-managehandovers-display-component---AddNewHO--oneStep-CbBg\")])"}
COMMAND: POST /session/365d56350ece7ddb67f22ecca89c6f97/element - {"using":"xpath","value":"(//div[contains(@id, \"application-managehandovers-display-component---AddNewHO--oneStep-CbBg\")])/input"}
RESULT: {"using":"xpath","value":"(//div[contains(@id, \"application-managehandovers-display-component---AddNewHO--oneStep-CbBg\")])/input"}
COMMAND: GET /session/365d56350ece7ddb67f22ecca89c6f97/element/f.0CFB565138F0704D782EF1C57C56E9E5.d.A06AE8E9EAE81C449FC38072ECE5906D.e.20342/attribute/checked - {}
RESULT: {}
RESULT: undefined
COMMAND: POST /session/365d56350ece7ddb67f22ecca89c6f97/execute/async - {"script":"<script> [6424 bytes]","args":[{"element-6066-11e4-a52e-4f735466cecf":"f.0CFB565138F0704D782EF1C57C56E9E5.d.A06AE8E9EAE81C449FC38072ECE5906D.e.19145"},"setValue",["5/25/25"]]}
COMMAND: POST /session/365d56350ece7ddb67f22ecca89c6f97/element/f.0CFB565138F0704D782EF1C57C56E9E5.d.A06AE8E9EAE81C449FC38072ECE5906D.e.20448/click - {}
COMMAND: POST /session/365d56350ece7ddb67f22ecca89c6f97/execute/async - {"script":"<script> [1562 bytes]","args":[{"selector":{"id":"application-managehandovers-display-component---AddNewHO--dueDate","interaction":{"idSuffix":"inner"}},"wdio_ui5_key":"applicationmanagehandovers-display-component---AddNewHO--dueDate"}]}
RESULT: {}
COMMAND: GET /session/365d56350ece7ddb67f22ecca89c6f97/screenshot - {}
RESULT: {"script":"<script> [1562 bytes]","args":[{"selector":{"id":"application-managehandovers-display-component---AddNewHO--dueDate","interaction":{"idSuffix":"inner"}},"wdio_ui5_key":"applicationmanagehandovers-display-component---AddNewHO--dueDate"}]}
COMMAND: POST /session/365d56350ece7ddb67f22ecca89c6f97/execute/async - {"script":"<script> [6424 bytes]","args":[{"element-6066-11e4-a52e-4f735466cecf":"f.0CFB565138F0704D782EF1C57C56E9E5.d.A06AE8E9EAE81C449FC38072ECE5906D.e.20338"},"setValue",["5/25/25"]]}
RESULT: {}
RESULT: {"script":"<script> [6424 bytes]","args":[{"element-6066-11e4-a52e-4f735466cecf":"f.0CFB565138F0704D782EF1C57C56E9E5.d.A06AE8E9EAE81C449FC38072ECE5906D.e.20338"},"setValue",["5/25/25"]]}
COMMAND: POST /session/365d56350ece7ddb67f22ecca89c6f97/element - {"using":"xpath","value":"//bdi[contains(text(), \"Instructions\")]"}
RESULT: {"using":"xpath","value":"//bdi[contains(text(), \"Instructions\")]"}
COMMAND: POST /session/365d56350ece7ddb67f22ecca89c6f97/element/f.0CFB565138F0704D782EF1C57C56E9E5.d.A06AE8E9EAE81C449FC38072ECE5906D.e.20452/click - {}
RESULT: {}
COMMAND: GET /session/365d56350ece7ddb67f22ecca89c6f97/screenshot - {}
RESULT: {}
COMMAND: POST /session/365d56350ece7ddb67f22ecca89c6f97/element - {"using":"xpath","value":"//button[@data-kt=\"AddNewHOProvideAddItemsButton\"]"}
RESULT: {"using":"xpath","value":"//button[@data-kt=\"AddNewHOProvideAddItemsButton\"]"}
COMMAND: POST /session/365d56350ece7ddb67f22ecca89c6f97/element/f.0CFB565138F0704D782EF1C57C56E9E5.d.A06AE8E9EAE81C449FC38072ECE5906D.e.20456/click - {}
RESULT: {}
COMMAND: GET /session/365d56350ece7ddb67f22ecca89c6f97/screenshot - {}
RESULT: {}
RESULT: undefined
COMMAND: POST /session/365d56350ece7ddb67f22ecca89c6f97/element - {"using":"xpath","value":"//*[@id=\"application-managehandovers-display-component---AddNewHO--popup-sa\"]"}
RESULT: {"using":"xpath","value":"//*[@id=\"application-managehandovers-display-component---AddNewHO--popup-sa\"]"}
COMMAND: POST /session/365d56350ece7ddb67f22ecca89c6f97/element/f.0CFB565138F0704D782EF1C57C56E9E5.d.A06AE8E9EAE81C449FC38072ECE5906D.e.20465/click - {}
RESULT: {}
COMMAND: GET /session/365d56350ece7ddb67f22ecca89c6f97/screenshot - {}
RESULT: {}
COMMAND: POST /session/365d56350ece7ddb67f22ecca89c6f97/element - {"using":"xpath","value":"//*[contains(@id ,\"BDI-content\")][contains(text(), \"Select\")]"}
RESULT: {"using":"xpath","value":"//*[contains(@id ,\"BDI-content\")][contains(text(), \"Select\")]"}
COMMAND: POST /session/365d56350ece7ddb67f22ecca89c6f97/element/f.0CFB565138F0704D782EF1C57C56E9E5.d.A06AE8E9EAE81C449FC38072ECE5906D.e.20467/click - {}
RESULT: {}
COMMAND: GET /session/365d56350ece7ddb67f22ecca89c6f97/screenshot - {}
RESULT: {}
COMMAND: POST /session/365d56350ece7ddb67f22ecca89c6f97/execute/async - {"script":"<script> [1562 bytes]","args":[{"selector":{"id":"application-managehandovers-display-component---AddNewHO--confirmCreationButton","interaction":{"idSuffix":"BDI-content"}},"wdio_ui5_key":"applicationmanagehandovers-display-component---AddNewHO--confirmCreationButton"}]}
RESULT: {"script":"<script> [1562 bytes]","args":[{"selector":{"id":"application-managehandovers-display-component---AddNewHO--confirmCreationButton","interaction":{"idSuffix":"BDI-content"}},"wdio_ui5_key":"applicationmanagehandovers-display-component---AddNewHO--confirmCreationButton"}]}
RESULT: undefined
COMMAND: POST /session/365d56350ece7ddb67f22ecca89c6f97/element - {"using":"xpath","value":"//*[@id=\"application-managehandovers-display-component---AddNewHO--confirmCreationButton\"]"}
RESULT: {"using":"xpath","value":"//*[@id=\"application-managehandovers-display-component---AddNewHO--confirmCreationButton\"]"}
COMMAND: POST /session/365d56350ece7ddb67f22ecca89c6f97/element/f.0CFB565138F0704D782EF1C57C56E9E5.d.A06AE8E9EAE81C449FC38072ECE5906D.e.20410/click - {}
RESULT: {}
COMMAND: GET /session/365d56350ece7ddb67f22ecca89c6f97/screenshot - {}
RESULT: {}
COMMAND: POST /session/365d56350ece7ddb67f22ecca89c6f97/execute/async - {"script":"<script> [1562 bytes]","args":[{"selector":{"id":"issueDatePicker","viewName":"etm.portal.ui.managehandovers.view.DetailExecuteHO","interaction":{"idSuffix":"inner"}},"wdio_ui5_key":"issueDatePickeretmportal.ui.managehandovers.view.DetailExecuteHO"}]}
RESULT: {"script":"<script> [1562 bytes]","args":[{"selector":{"id":"issueDatePicker","viewName":"etm.portal.ui.managehandovers.view.DetailExecuteHO","interaction":{"idSuffix":"inner"}},"wdio_ui5_key":"issueDatePickeretmportal.ui.managehandovers.view.DetailExecuteHO"}]}
RESULT: undefined
COMMAND: POST /session/365d56350ece7ddb67f22ecca89c6f97/execute/async - {"script":"<script> [776 bytes]","args":[{"enterText":"5/25/25","selector":{"id":"issueDatePicker","viewName":"etm.portal.ui.managehandovers.view.DetailExecuteHO","interaction":{"idSuffix":"inner"}},"clearTextFirst":true,"interactionType":"ENTER_TEXT"}]}
RESULT: {"script":"<script> [776 bytes]","args":[{"enterText":"5/25/25","selector":{"id":"issueDatePicker","viewName":"etm.portal.ui.managehandovers.view.DetailExecuteHO","interaction":{"idSuffix":"inner"}},"clearTextFirst":true,"interactionType":"ENTER_TEXT"}]}
COMMAND: POST /session/365d56350ece7ddb67f22ecca89c6f97/element - {"using":"xpath","value":"//button[@data-kt=\"PickingTableConfirmAllButton\"]"}
RESULT: {"using":"xpath","value":"//button[@data-kt=\"PickingTableConfirmAllButton\"]"}
COMMAND: POST /session/365d56350ece7ddb67f22ecca89c6f97/element/f.0CFB565138F0704D782EF1C57C56E9E5.d.A06AE8E9EAE81C449FC38072ECE5906D.e.20529/click - {}
RESULT: {}
COMMAND: GET /session/365d56350ece7ddb67f22ecca89c6f97/screenshot - {}
RESULT: {}
COMMAND: POST /session/365d56350ece7ddb67f22ecca89c6f97/element - {"using":"xpath","value":"//bdi[contains(text(), \"OK\")]"}
RESULT: {"using":"xpath","value":"//bdi[contains(text(), \"OK\")]"}
COMMAND: POST /session/365d56350ece7ddb67f22ecca89c6f97/element/f.0CFB565138F0704D782EF1C57C56E9E5.d.A06AE8E9EAE81C449FC38072ECE5906D.e.20532/click - {}
RESULT: {}
COMMAND: GET /session/365d56350ece7ddb67f22ecca89c6f97/screenshot - {}
RESULT: {}
COMMAND: POST /session/365d56350ece7ddb67f22ecca89c6f97/element - {"using":"xpath","value":"//button[@data-kt=\"execHoPickButton\"]"}
RESULT: {"using":"xpath","value":"//button[@data-kt=\"execHoPickButton\"]"}
COMMAND: POST /session/365d56350ece7ddb67f22ecca89c6f97/element/f.0CFB565138F0704D782EF1C57C56E9E5.d.A06AE8E9EAE81C449FC38072ECE5906D.e.20534/click - {}
RESULT: {}
COMMAND: GET /session/365d56350ece7ddb67f22ecca89c6f97/screenshot - {}
RESULT: {}
COMMAND: POST /session/365d56350ece7ddb67f22ecca89c6f97/element - {"using":"xpath","value":"//span[contains(@id ,\"filterItemControl_BASIC-RECEIVE_CONTRACT-vhi\")]"}
RESULT: {"using":"xpath","value":"//span[contains(@id ,\"filterItemControl_BASIC-RECEIVE_CONTRACT-vhi\")]"}
COMMAND: POST /session/365d56350ece7ddb67f22ecca89c6f97/element/f.0CFB565138F0704D782EF1C57C56E9E5.d.A06AE8E9EAE81C449FC38072ECE5906D.e.20731/click - {}
RESULT: {}
COMMAND: GET /session/365d56350ece7ddb67f22ecca89c6f97/screenshot - {}
RESULT: {}
COMMAND: POST /session/365d56350ece7ddb67f22ecca89c6f97/execute/async - {"script":"<script> [1562 bytes]","args":[{"selector":{"controlType":"sap.m.SearchField","viewName":"etm.portal.ui.managehandovers.view.MasterHO","bindingPath":{"path":"","propertyPath":"/_BASIC_SEARCH_FIELD","modelName":"fi1t3rM0d31"},"searchOpenDialogs":true,"interaction":{"idSuffix":"I"}},"wdio_ui5_key":"etmportal.ui.managehandovers.view.MasterHOsap.m.SearchField{\"path\":\"\",\"propertyPath\":\"/_BASIC_SEARCH_FIELD\",\"modelName\":\"fi1t3rM0d31\"}"}]}
RESULT: {"script":"<script> [1562 bytes]","args":[{"selector":{"controlType":"sap.m.SearchField","viewName":"etm.portal.ui.managehandovers.view.MasterHO","bindingPath":{"path":"","propertyPath":"/_BASIC_SEARCH_FIELD","modelName":"fi1t3rM0d31"},"searchOpenDialogs":true,"interaction":{"idSuffix":"I"}},"wdio_ui5_key":"etmportal.ui.managehandovers.view.MasterHOsap.m.SearchField{\"path\":\"\",\"propertyPath\":\"/_BASIC_SEARCH_FIELD\",\"modelName\":\"fi1t3rM0d31\"}"}]}
RESULT: undefined
COMMAND: POST /session/365d56350ece7ddb67f22ecca89c6f97/execute/async - {"script":"<script> [776 bytes]","args":[{"enterText":"10222","selector":{"controlType":"sap.m.SearchField","viewName":"etm.portal.ui.managehandovers.view.MasterHO","bindingPath":{"path":"","propertyPath":"/_BASIC_SEARCH_FIELD","modelName":"fi1t3rM0d31"},"searchOpenDialogs":true,"interaction":{"idSuffix":"I"}},"clearTextFirst":true,"interactionType":"ENTER_TEXT"}]}
RESULT: {"script":"<script> [776 bytes]","args":[{"enterText":"10222","selector":{"controlType":"sap.m.SearchField","viewName":"etm.portal.ui.managehandovers.view.MasterHO","bindingPath":{"path":"","propertyPath":"/_BASIC_SEARCH_FIELD","modelName":"fi1t3rM0d31"},"searchOpenDialogs":true,"interaction":{"idSuffix":"I"}},"clearTextFirst":true,"interactionType":"ENTER_TEXT"}]}
COMMAND: POST /session/365d56350ece7ddb67f22ecca89c6f97/actions - {"actions":[{"id":"action77","type":"key","parameters":{},"actions":[{"type":"keyDown","value":""},{"type":"pause","duration":10},{"type":"keyUp","value":""}]}]}
RESULT: {"actions":[{"id":"action77","type":"key","parameters":{},"actions":[{"type":"keyDown","value":""},{"type":"pause","duration":10},{"type":"keyUp","value":""}]}]}
COMMAND: GET /session/365d56350ece7ddb67f22ecca89c6f97/screenshot - {}
RESULT: {}
COMMAND: POST /session/365d56350ece7ddb67f22ecca89c6f97/element - {"using":"xpath","value":"//div[contains(@id, 'filterItemControl_BASIC-RECEIVE_CONTRACT-valueHelpDialog-table-rowsel0')]"}
RESULT: {"using":"xpath","value":"//div[contains(@id, 'filterItemControl_BASIC-RECEIVE_CONTRACT-valueHelpDialog-table-rowsel0')]"}
COMMAND: POST /session/365d56350ece7ddb67f22ecca89c6f97/element/f.0CFB565138F0704D782EF1C57C56E9E5.d.A06AE8E9EAE81C449FC38072ECE5906D.e.20741/click - {}
RESULT: {}
COMMAND: GET /session/365d56350ece7ddb67f22ecca89c6f97/screenshot - {}
RESULT: {}
COMMAND: POST /session/365d56350ece7ddb67f22ecca89c6f97/element - {"using":"xpath","value":"//bdi[contains(text(), \"OK\")]"}
RESULT: {"using":"xpath","value":"//bdi[contains(text(), \"OK\")]"}
COMMAND: POST /session/365d56350ece7ddb67f22ecca89c6f97/element/f.0CFB565138F0704D782EF1C57C56E9E5.d.A06AE8E9EAE81C449FC38072ECE5906D.e.20743/click - {}
RESULT: {}
COMMAND: GET /session/365d56350ece7ddb67f22ecca89c6f97/screenshot - {}
RESULT: {}
COMMAND: POST /session/365d56350ece7ddb67f22ecca89c6f97/element - {"using":"xpath","value":"//span[contains(@id, \"smartTable-header-inner\")]"}
RESULT: {"using":"xpath","value":"//span[contains(@id, \"smartTable-header-inner\")]"}
COMMAND: POST /session/365d56350ece7ddb67f22ecca89c6f97/elements - {"using":"xpath","value":"//span[contains(@id, \"smartTable-header-inner\")]"}
RESULT: {"using":"xpath","value":"//span[contains(@id, \"smartTable-header-inner\")]"}
COMMAND: POST /session/365d56350ece7ddb67f22ecca89c6f97/execute/sync - {"script":"<script> [56 bytes]","args":[{"element-6066-11e4-a52e-4f735466cecf":"f.0CFB565138F0704D782EF1C57C56E9E5.d.A06AE8E9EAE81C449FC38072ECE5906D.e.20772","ELEMENT":"f.0CFB565138F0704D782EF1C57C56E9E5.d.A06AE8E9EAE81C449FC38072ECE5906D.e.20772"}]}
RESULT: {"script":"<script> [56 bytes]","args":[{"element-6066-11e4-a52e-4f735466cecf":"f.0CFB565138F0704D782EF1C57C56E9E5.d.A06AE8E9EAE81C449FC38072ECE5906D.e.20772","ELEMENT":"f.0CFB565138F0704D782EF1C57C56E9E5.d.A06AE8E9EAE81C449FC38072ECE5906D.e.20772"}]}
COMMAND: POST /session/365d56350ece7ddb67f22ecca89c6f97/element - {"using":"xpath","value":"//table[contains(@id, \"customHandovers\")]//tbody/tr[1]/td[2]/span"}
COMMAND: GET /session/365d56350ece7ddb67f22ecca89c6f97/screenshot - {}
RESULT: {"using":"xpath","value":"//table[contains(@id, \"customHandovers\")]//tbody/tr[1]/td[2]/span"}
COMMAND: POST /session/365d56350ece7ddb67f22ecca89c6f97/execute/sync - {"script":"<script> [56 bytes]","args":[{"element-6066-11e4-a52e-4f735466cecf":"f.0CFB565138F0704D782EF1C57C56E9E5.d.A06AE8E9EAE81C449FC38072ECE5906D.e.20773","ELEMENT":"f.0CFB565138F0704D782EF1C57C56E9E5.d.A06AE8E9EAE81C449FC38072ECE5906D.e.20773"}]}
RESULT: {}
RESULT: {"script":"<script> [56 bytes]","args":[{"element-6066-11e4-a52e-4f735466cecf":"f.0CFB565138F0704D782EF1C57C56E9E5.d.A06AE8E9EAE81C449FC38072ECE5906D.e.20773","ELEMENT":"f.0CFB565138F0704D782EF1C57C56E9E5.d.A06AE8E9EAE81C449FC38072ECE5906D.e.20773"}]}
COMMAND: POST /session/365d56350ece7ddb67f22ecca89c6f97/element - {"using":"xpath","value":"(//span[contains(@id, \"imgNav\")])[1]"}
COMMAND: GET /session/365d56350ece7ddb67f22ecca89c6f97/screenshot - {}
RESULT: {"using":"xpath","value":"(//span[contains(@id, \"imgNav\")])[1]"}
COMMAND: POST /session/365d56350ece7ddb67f22ecca89c6f97/element/f.0CFB565138F0704D782EF1C57C56E9E5.d.A06AE8E9EAE81C449FC38072ECE5906D.e.20770/click - {}
RESULT: {}
RESULT: {}
COMMAND: GET /session/365d56350ece7ddb67f22ecca89c6f97/screenshot - {}
RESULT: {}
RESULT: undefined
COMMAND: POST /session/365d56350ece7ddb67f22ecca89c6f97/execute/async - {"script":"<script> [776 bytes]","args":[{"enterText":"5/25/25","selector":{"id":"issueDatePicker","viewName":"etm.portal.ui.managehandovers.view.DetailExecuteHO","interaction":{"idSuffix":"inner"}},"clearTextFirst":true,"interactionType":"ENTER_TEXT"}]}
RESULT: {"script":"<script> [776 bytes]","args":[{"enterText":"5/25/25","selector":{"id":"issueDatePicker","viewName":"etm.portal.ui.managehandovers.view.DetailExecuteHO","interaction":{"idSuffix":"inner"}},"clearTextFirst":true,"interactionType":"ENTER_TEXT"}]}
COMMAND: POST /session/365d56350ece7ddb67f22ecca89c6f97/element - {"using":"xpath","value":"//button[@data-kt=\"IssuingTableConfirmAllButton\"]"}
RESULT: {"using":"xpath","value":"//button[@data-kt=\"IssuingTableConfirmAllButton\"]"}
COMMAND: POST /session/365d56350ece7ddb67f22ecca89c6f97/element/f.0CFB565138F0704D782EF1C57C56E9E5.d.A06AE8E9EAE81C449FC38072ECE5906D.e.20814/click - {}
RESULT: {}
COMMAND: GET /session/365d56350ece7ddb67f22ecca89c6f97/screenshot - {}
RESULT: {}
COMMAND: POST /session/365d56350ece7ddb67f22ecca89c6f97/element - {"using":"xpath","value":"//bdi[contains(text(), \"OK\")]"}
RESULT: {"using":"xpath","value":"//bdi[contains(text(), \"OK\")]"}
COMMAND: POST /session/365d56350ece7ddb67f22ecca89c6f97/element/f.0CFB565138F0704D782EF1C57C56E9E5.d.A06AE8E9EAE81C449FC38072ECE5906D.e.20832/click - {}
RESULT: {}
COMMAND: GET /session/365d56350ece7ddb67f22ecca89c6f97/screenshot - {}
RESULT: {}
COMMAND: POST /session/365d56350ece7ddb67f22ecca89c6f97/element - {"using":"xpath","value":"//button[@data-kt=\"execHoIssueButton\"]"}
RESULT: {"using":"xpath","value":"//button[@data-kt=\"execHoIssueButton\"]"}
COMMAND: POST /session/365d56350ece7ddb67f22ecca89c6f97/element/f.0CFB565138F0704D782EF1C57C56E9E5.d.A06AE8E9EAE81C449FC38072ECE5906D.e.20834/click - {}
RESULT: {}
COMMAND: GET /session/365d56350ece7ddb67f22ecca89c6f97/screenshot - {}
RESULT: {}
COMMAND: POST /session/365d56350ece7ddb67f22ecca89c6f97/element - {"using":"xpath","value":"//input[contains(@id ,\"smartFilterBar-btnBasicSearch-I\")]"}
RESULT: {"using":"xpath","value":"//input[contains(@id ,\"smartFilterBar-btnBasicSearch-I\")]"}
COMMAND: POST /session/365d56350ece7ddb67f22ecca89c6f97/elements - {"using":"xpath","value":"//input[contains(@id ,\"smartFilterBar-btnBasicSearch-I\")]"}
RESULT: {"using":"xpath","value":"//input[contains(@id ,\"smartFilterBar-btnBasicSearch-I\")]"}
COMMAND: POST /session/365d56350ece7ddb67f22ecca89c6f97/execute/sync - {"script":"<script> [8489 bytes]","args":[{"element-6066-11e4-a52e-4f735466cecf":"f.0CFB565138F0704D782EF1C57C56E9E5.d.A06AE8E9EAE81C449FC38072ECE5906D.e.20337","ELEMENT":"f.0CFB565138F0704D782EF1C57C56E9E5.d.A06AE8E9EAE81C449FC38072ECE5906D.e.20337"}]}
RESULT: {"script":"<script> [8489 bytes]","args":[{"element-6066-11e4-a52e-4f735466cecf":"f.0CFB565138F0704D782EF1C57C56E9E5.d.A06AE8E9EAE81C449FC38072ECE5906D.e.20337","ELEMENT":"f.0CFB565138F0704D782EF1C57C56E9E5.d.A06AE8E9EAE81C449FC38072ECE5906D.e.20337"}]}
COMMAND: GET /session/365d56350ece7ddb67f22ecca89c6f97/element/f.0CFB565138F0704D782EF1C57C56E9E5.d.A06AE8E9EAE81C449FC38072ECE5906D.e.20337/enabled - {}
COMMAND: GET /session/365d56350ece7ddb67f22ecca89c6f97/screenshot - {}
RESULT: {}
COMMAND: POST /session/365d56350ece7ddb67f22ecca89c6f97/element/f.0CFB565138F0704D782EF1C57C56E9E5.d.A06AE8E9EAE81C449FC38072ECE5906D.e.20337/clear - {}
COMMAND: GET /session/365d56350ece7ddb67f22ecca89c6f97/screenshot - {}
RESULT: {}
RESULT: {}
COMMAND: POST /session/365d56350ece7ddb67f22ecca89c6f97/element/f.0CFB565138F0704D782EF1C57C56E9E5.d.A06AE8E9EAE81C449FC38072ECE5906D.e.20337/value - {"text":"30451"}
COMMAND: GET /session/365d56350ece7ddb67f22ecca89c6f97/screenshot - {}
RESULT: {}
RESULT: {"text":"30451"}
COMMAND: GET /session/365d56350ece7ddb67f22ecca89c6f97/screenshot - {}
RESULT: {}
RESULT: {}
COMMAND: POST /session/365d56350ece7ddb67f22ecca89c6f97/actions - {"actions":[{"id":"action78","type":"key","parameters":{},"actions":[{"type":"keyDown","value":""},{"type":"pause","duration":10},{"type":"keyUp","value":""}]}]}
RESULT: {"actions":[{"id":"action78","type":"key","parameters":{},"actions":[{"type":"keyDown","value":""},{"type":"pause","duration":10},{"type":"keyUp","value":""}]}]}
COMMAND: GET /session/365d56350ece7ddb67f22ecca89c6f97/screenshot - {}
RESULT: {}
COMMAND: POST /session/365d56350ece7ddb67f22ecca89c6f97/element - {"using":"xpath","value":"//span[contains(@id, \"smartTable-header-inner\")]"}
RESULT: {"using":"xpath","value":"//span[contains(@id, \"smartTable-header-inner\")]"}
COMMAND: POST /session/365d56350ece7ddb67f22ecca89c6f97/elements - {"using":"xpath","value":"//span[contains(@id, \"smartTable-header-inner\")]"}
RESULT: {"using":"xpath","value":"//span[contains(@id, \"smartTable-header-inner\")]"}
COMMAND: POST /session/365d56350ece7ddb67f22ecca89c6f97/execute/sync - {"script":"<script> [56 bytes]","args":[{"element-6066-11e4-a52e-4f735466cecf":"f.0CFB565138F0704D782EF1C57C56E9E5.d.A06AE8E9EAE81C449FC38072ECE5906D.e.20772","ELEMENT":"f.0CFB565138F0704D782EF1C57C56E9E5.d.A06AE8E9EAE81C449FC38072ECE5906D.e.20772"}]}
RESULT: {"script":"<script> [56 bytes]","args":[{"element-6066-11e4-a52e-4f735466cecf":"f.0CFB565138F0704D782EF1C57C56E9E5.d.A06AE8E9EAE81C449FC38072ECE5906D.e.20772","ELEMENT":"f.0CFB565138F0704D782EF1C57C56E9E5.d.A06AE8E9EAE81C449FC38072ECE5906D.e.20772"}]}
COMMAND: POST /session/365d56350ece7ddb67f22ecca89c6f97/elements - {"using":"xpath","value":"//thead[contains(@class, \"sapMTableTH\")]/tr/th"}
COMMAND: GET /session/365d56350ece7ddb67f22ecca89c6f97/screenshot - {}
RESULT: {"using":"xpath","value":"//thead[contains(@class, \"sapMTableTH\")]/tr/th"}
COMMAND: GET /session/365d56350ece7ddb67f22ecca89c6f97/element/f.0CFB565138F0704D782EF1C57C56E9E5.d.A06AE8E9EAE81C449FC38072ECE5906D.e.20871/text - {}
RESULT: {}
RESULT: {}
COMMAND: GET /session/365d56350ece7ddb67f22ecca89c6f97/element/f.0CFB565138F0704D782EF1C57C56E9E5.d.A06AE8E9EAE81C449FC38072ECE5906D.e.20872/text - {}
RESULT: {}
COMMAND: GET /session/365d56350ece7ddb67f22ecca89c6f97/element/f.0CFB565138F0704D782EF1C57C56E9E5.d.A06AE8E9EAE81C449FC38072ECE5906D.e.20370/text - {}
RESULT: {}
COMMAND: GET /session/365d56350ece7ddb67f22ecca89c6f97/element/f.0CFB565138F0704D782EF1C57C56E9E5.d.A06AE8E9EAE81C449FC38072ECE5906D.e.20372/text - {}
RESULT: {}
COMMAND: GET /session/365d56350ece7ddb67f22ecca89c6f97/element/f.0CFB565138F0704D782EF1C57C56E9E5.d.A06AE8E9EAE81C449FC38072ECE5906D.e.20839/text - {}
RESULT: {}
COMMAND: GET /session/365d56350ece7ddb67f22ecca89c6f97/element/f.0CFB565138F0704D782EF1C57C56E9E5.d.A06AE8E9EAE81C449FC38072ECE5906D.e.20840/text - {}
RESULT: {}
COMMAND: GET /session/365d56350ece7ddb67f22ecca89c6f97/element/f.0CFB565138F0704D782EF1C57C56E9E5.d.A06AE8E9EAE81C449FC38072ECE5906D.e.20841/text - {}
RESULT: {}
COMMAND: GET /session/365d56350ece7ddb67f22ecca89c6f97/element/f.0CFB565138F0704D782EF1C57C56E9E5.d.A06AE8E9EAE81C449FC38072ECE5906D.e.20842/text - {}
RESULT: {}
COMMAND: GET /session/365d56350ece7ddb67f22ecca89c6f97/element/f.0CFB565138F0704D782EF1C57C56E9E5.d.A06AE8E9EAE81C449FC38072ECE5906D.e.20843/text - {}
RESULT: {}
COMMAND: GET /session/365d56350ece7ddb67f22ecca89c6f97/element/f.0CFB565138F0704D782EF1C57C56E9E5.d.A06AE8E9EAE81C449FC38072ECE5906D.e.20844/text - {}
RESULT: {}
COMMAND: GET /session/365d56350ece7ddb67f22ecca89c6f97/element/f.0CFB565138F0704D782EF1C57C56E9E5.d.A06AE8E9EAE81C449FC38072ECE5906D.e.20845/text - {}
RESULT: {}
COMMAND: GET /session/365d56350ece7ddb67f22ecca89c6f97/element/f.0CFB565138F0704D782EF1C57C56E9E5.d.A06AE8E9EAE81C449FC38072ECE5906D.e.20846/text - {}
RESULT: {}
COMMAND: GET /session/365d56350ece7ddb67f22ecca89c6f97/element/f.0CFB565138F0704D782EF1C57C56E9E5.d.A06AE8E9EAE81C449FC38072ECE5906D.e.20847/text - {}
RESULT: {}
COMMAND: GET /session/365d56350ece7ddb67f22ecca89c6f97/element/f.0CFB565138F0704D782EF1C57C56E9E5.d.A06AE8E9EAE81C449FC38072ECE5906D.e.20373/text - {}
RESULT: {}
COMMAND: POST /session/365d56350ece7ddb67f22ecca89c6f97/element - {"using":"xpath","value":"//tbody[contains(@id, \"customHandoversTable-tblBody\")]/tr[1]/td[14]/div/span"}
RESULT: {"using":"xpath","value":"//tbody[contains(@id, \"customHandoversTable-tblBody\")]/tr[1]/td[14]/div/span"}
COMMAND: POST /session/365d56350ece7ddb67f22ecca89c6f97/execute/sync - {"script":"<script> [56 bytes]","args":[{"element-6066-11e4-a52e-4f735466cecf":"f.0CFB565138F0704D782EF1C57C56E9E5.d.A06AE8E9EAE81C449FC38072ECE5906D.e.20921","ELEMENT":"f.0CFB565138F0704D782EF1C57C56E9E5.d.A06AE8E9EAE81C449FC38072ECE5906D.e.20921"}]}
RESULT: {"script":"<script> [56 bytes]","args":[{"element-6066-11e4-a52e-4f735466cecf":"f.0CFB565138F0704D782EF1C57C56E9E5.d.A06AE8E9EAE81C449FC38072ECE5906D.e.20921","ELEMENT":"f.0CFB565138F0704D782EF1C57C56E9E5.d.A06AE8E9EAE81C449FC38072ECE5906D.e.20921"}]}
COMMAND: POST /session/365d56350ece7ddb67f22ecca89c6f97/element - {"using":"xpath","value":"(//span[contains(@id, \"imgNav\")])[1]"}
COMMAND: GET /session/365d56350ece7ddb67f22ecca89c6f97/screenshot - {}
RESULT: {"using":"xpath","value":"(//span[contains(@id, \"imgNav\")])[1]"}
COMMAND: POST /session/365d56350ece7ddb67f22ecca89c6f97/element/f.0CFB565138F0704D782EF1C57C56E9E5.d.A06AE8E9EAE81C449FC38072ECE5906D.e.20922/click - {}
RESULT: {}
RESULT: {}
COMMAND: GET /session/365d56350ece7ddb67f22ecca89c6f97/screenshot - {}
RESULT: {}
RESULT: undefined
COMMAND: POST /session/365d56350ece7ddb67f22ecca89c6f97/execute/async - {"script":"<script> [776 bytes]","args":[{"enterText":"6/1/25","selector":{"id":"receiptDatePicker","viewName":"etm.portal.ui.managehandovers.view.DetailExecuteHO","interaction":{"idSuffix":"inner"}},"clearTextFirst":true,"interactionType":"ENTER_TEXT"}]}
RESULT: {"script":"<script> [776 bytes]","args":[{"enterText":"6/1/25","selector":{"id":"receiptDatePicker","viewName":"etm.portal.ui.managehandovers.view.DetailExecuteHO","interaction":{"idSuffix":"inner"}},"clearTextFirst":true,"interactionType":"ENTER_TEXT"}]}
COMMAND: POST /session/365d56350ece7ddb67f22ecca89c6f97/element - {"using":"xpath","value":"//bdi[contains(text(), \"OK\")]"}
RESULT: {"using":"xpath","value":"//bdi[contains(text(), \"OK\")]"}
COMMAND: POST /session/365d56350ece7ddb67f22ecca89c6f97/element/f.0CFB565138F0704D782EF1C57C56E9E5.d.A06AE8E9EAE81C449FC38072ECE5906D.e.20959/click - {}
RESULT: {}
COMMAND: GET /session/365d56350ece7ddb67f22ecca89c6f97/screenshot - {}
RESULT: {}
COMMAND: POST /session/365d56350ece7ddb67f22ecca89c6f97/element - {"using":"xpath","value":"//button[@data-kt=\"ReceivingTableConfirmAllButton\"]"}
RESULT: {"using":"xpath","value":"//button[@data-kt=\"ReceivingTableConfirmAllButton\"]"}
COMMAND: POST /session/365d56350ece7ddb67f22ecca89c6f97/element/f.0CFB565138F0704D782EF1C57C56E9E5.d.A06AE8E9EAE81C449FC38072ECE5906D.e.20945/click - {}
RESULT: {}
COMMAND: GET /session/365d56350ece7ddb67f22ecca89c6f97/screenshot - {}
RESULT: {}
COMMAND: POST /session/365d56350ece7ddb67f22ecca89c6f97/element - {"using":"xpath","value":"//bdi[contains(text(), \"OK\")]"}
RESULT: {"using":"xpath","value":"//bdi[contains(text(), \"OK\")]"}
COMMAND: POST /session/365d56350ece7ddb67f22ecca89c6f97/element/f.0CFB565138F0704D782EF1C57C56E9E5.d.A06AE8E9EAE81C449FC38072ECE5906D.e.20974/click - {}
RESULT: {}
COMMAND: GET /session/365d56350ece7ddb67f22ecca89c6f97/screenshot - {}
RESULT: {}
COMMAND: POST /session/365d56350ece7ddb67f22ecca89c6f97/element - {"using":"xpath","value":"//button[@data-kt= \"execHoReceiveButton\"]"}
RESULT: {"using":"xpath","value":"//button[@data-kt= \"execHoReceiveButton\"]"}
COMMAND: POST /session/365d56350ece7ddb67f22ecca89c6f97/element/f.0CFB565138F0704D782EF1C57C56E9E5.d.A06AE8E9EAE81C449FC38072ECE5906D.e.20975/click - {}
RESULT: {}
COMMAND: GET /session/365d56350ece7ddb67f22ecca89c6f97/screenshot - {}
RESULT: {}
COMMAND: POST /session/365d56350ece7ddb67f22ecca89c6f97/element - {"using":"xpath","value":"//input[contains(@id ,\"smartFilterBar-btnBasicSearch-I\")]"}
RESULT: {"using":"xpath","value":"//input[contains(@id ,\"smartFilterBar-btnBasicSearch-I\")]"}
COMMAND: POST /session/365d56350ece7ddb67f22ecca89c6f97/elements - {"using":"xpath","value":"//input[contains(@id ,\"smartFilterBar-btnBasicSearch-I\")]"}
RESULT: {"using":"xpath","value":"//input[contains(@id ,\"smartFilterBar-btnBasicSearch-I\")]"}
COMMAND: POST /session/365d56350ece7ddb67f22ecca89c6f97/execute/sync - {"script":"<script> [8489 bytes]","args":[{"element-6066-11e4-a52e-4f735466cecf":"f.0CFB565138F0704D782EF1C57C56E9E5.d.A06AE8E9EAE81C449FC38072ECE5906D.e.20337","ELEMENT":"f.0CFB565138F0704D782EF1C57C56E9E5.d.A06AE8E9EAE81C449FC38072ECE5906D.e.20337"}]}
RESULT: {"script":"<script> [8489 bytes]","args":[{"element-6066-11e4-a52e-4f735466cecf":"f.0CFB565138F0704D782EF1C57C56E9E5.d.A06AE8E9EAE81C449FC38072ECE5906D.e.20337","ELEMENT":"f.0CFB565138F0704D782EF1C57C56E9E5.d.A06AE8E9EAE81C449FC38072ECE5906D.e.20337"}]}
COMMAND: GET /session/365d56350ece7ddb67f22ecca89c6f97/element/f.0CFB565138F0704D782EF1C57C56E9E5.d.A06AE8E9EAE81C449FC38072ECE5906D.e.20337/enabled - {}
COMMAND: GET /session/365d56350ece7ddb67f22ecca89c6f97/screenshot - {}
RESULT: {}
COMMAND: POST /session/365d56350ece7ddb67f22ecca89c6f97/element/f.0CFB565138F0704D782EF1C57C56E9E5.d.A06AE8E9EAE81C449FC38072ECE5906D.e.20337/clear - {}
COMMAND: GET /session/365d56350ece7ddb67f22ecca89c6f97/screenshot - {}
RESULT: {}
RESULT: {}
COMMAND: POST /session/365d56350ece7ddb67f22ecca89c6f97/element/f.0CFB565138F0704D782EF1C57C56E9E5.d.A06AE8E9EAE81C449FC38072ECE5906D.e.20337/value - {"text":"30451"}
COMMAND: GET /session/365d56350ece7ddb67f22ecca89c6f97/screenshot - {}
RESULT: {}
RESULT: {"text":"30451"}
COMMAND: GET /session/365d56350ece7ddb67f22ecca89c6f97/screenshot - {}
RESULT: {}
RESULT: {}
COMMAND: POST /session/365d56350ece7ddb67f22ecca89c6f97/actions - {"actions":[{"id":"action79","type":"key","parameters":{},"actions":[{"type":"keyDown","value":""},{"type":"pause","duration":10},{"type":"keyUp","value":""}]}]}
RESULT: {"actions":[{"id":"action79","type":"key","parameters":{},"actions":[{"type":"keyDown","value":""},{"type":"pause","duration":10},{"type":"keyUp","value":""}]}]}
COMMAND: GET /session/365d56350ece7ddb67f22ecca89c6f97/screenshot - {}
RESULT: {}
COMMAND: POST /session/365d56350ece7ddb67f22ecca89c6f97/element - {"using":"xpath","value":"//span[contains(@id, \"smartTable-header-inner\")]"}
RESULT: {"using":"xpath","value":"//span[contains(@id, \"smartTable-header-inner\")]"}
COMMAND: POST /session/365d56350ece7ddb67f22ecca89c6f97/elements - {"using":"xpath","value":"//span[contains(@id, \"smartTable-header-inner\")]"}
RESULT: {"using":"xpath","value":"//span[contains(@id, \"smartTable-header-inner\")]"}
COMMAND: POST /session/365d56350ece7ddb67f22ecca89c6f97/execute/sync - {"script":"<script> [56 bytes]","args":[{"element-6066-11e4-a52e-4f735466cecf":"f.0CFB565138F0704D782EF1C57C56E9E5.d.A06AE8E9EAE81C449FC38072ECE5906D.e.20772","ELEMENT":"f.0CFB565138F0704D782EF1C57C56E9E5.d.A06AE8E9EAE81C449FC38072ECE5906D.e.20772"}]}
RESULT: {"script":"<script> [56 bytes]","args":[{"element-6066-11e4-a52e-4f735466cecf":"f.0CFB565138F0704D782EF1C57C56E9E5.d.A06AE8E9EAE81C449FC38072ECE5906D.e.20772","ELEMENT":"f.0CFB565138F0704D782EF1C57C56E9E5.d.A06AE8E9EAE81C449FC38072ECE5906D.e.20772"}]}
COMMAND: POST /session/365d56350ece7ddb67f22ecca89c6f97/elements - {"using":"xpath","value":"//thead[contains(@class, \"sapMTableTH\")]/tr/th"}
COMMAND: GET /session/365d56350ece7ddb67f22ecca89c6f97/screenshot - {}
RESULT: {"using":"xpath","value":"//thead[contains(@class, \"sapMTableTH\")]/tr/th"}
COMMAND: GET /session/365d56350ece7ddb67f22ecca89c6f97/element/f.0CFB565138F0704D782EF1C57C56E9E5.d.A06AE8E9EAE81C449FC38072ECE5906D.e.20871/text - {}
RESULT: {}
RESULT: {}
COMMAND: GET /session/365d56350ece7ddb67f22ecca89c6f97/element/f.0CFB565138F0704D782EF1C57C56E9E5.d.A06AE8E9EAE81C449FC38072ECE5906D.e.20872/text - {}
RESULT: {}
COMMAND: GET /session/365d56350ece7ddb67f22ecca89c6f97/element/f.0CFB565138F0704D782EF1C57C56E9E5.d.A06AE8E9EAE81C449FC38072ECE5906D.e.20370/text - {}
RESULT: {}
COMMAND: GET /session/365d56350ece7ddb67f22ecca89c6f97/element/f.0CFB565138F0704D782EF1C57C56E9E5.d.A06AE8E9EAE81C449FC38072ECE5906D.e.20372/text - {}
RESULT: {}
COMMAND: GET /session/365d56350ece7ddb67f22ecca89c6f97/element/f.0CFB565138F0704D782EF1C57C56E9E5.d.A06AE8E9EAE81C449FC38072ECE5906D.e.20980/text - {}
RESULT: {}
COMMAND: GET /session/365d56350ece7ddb67f22ecca89c6f97/element/f.0CFB565138F0704D782EF1C57C56E9E5.d.A06AE8E9EAE81C449FC38072ECE5906D.e.20981/text - {}
RESULT: {}
COMMAND: GET /session/365d56350ece7ddb67f22ecca89c6f97/element/f.0CFB565138F0704D782EF1C57C56E9E5.d.A06AE8E9EAE81C449FC38072ECE5906D.e.20982/text - {}
RESULT: {}
COMMAND: GET /session/365d56350ece7ddb67f22ecca89c6f97/element/f.0CFB565138F0704D782EF1C57C56E9E5.d.A06AE8E9EAE81C449FC38072ECE5906D.e.20983/text - {}
RESULT: {}
COMMAND: GET /session/365d56350ece7ddb67f22ecca89c6f97/element/f.0CFB565138F0704D782EF1C57C56E9E5.d.A06AE8E9EAE81C449FC38072ECE5906D.e.20984/text - {}
RESULT: {}
COMMAND: GET /session/365d56350ece7ddb67f22ecca89c6f97/element/f.0CFB565138F0704D782EF1C57C56E9E5.d.A06AE8E9EAE81C449FC38072ECE5906D.e.20985/text - {}
RESULT: {}
COMMAND: GET /session/365d56350ece7ddb67f22ecca89c6f97/element/f.0CFB565138F0704D782EF1C57C56E9E5.d.A06AE8E9EAE81C449FC38072ECE5906D.e.20986/text - {}
RESULT: {}
COMMAND: GET /session/365d56350ece7ddb67f22ecca89c6f97/element/f.0CFB565138F0704D782EF1C57C56E9E5.d.A06AE8E9EAE81C449FC38072ECE5906D.e.20987/text - {}
RESULT: {}
COMMAND: GET /session/365d56350ece7ddb67f22ecca89c6f97/element/f.0CFB565138F0704D782EF1C57C56E9E5.d.A06AE8E9EAE81C449FC38072ECE5906D.e.20988/text - {}
RESULT: {}
COMMAND: GET /session/365d56350ece7ddb67f22ecca89c6f97/element/f.0CFB565138F0704D782EF1C57C56E9E5.d.A06AE8E9EAE81C449FC38072ECE5906D.e.20373/text - {}
RESULT: {}
COMMAND: POST /session/365d56350ece7ddb67f22ecca89c6f97/element - {"using":"xpath","value":"//tbody[contains(@id, \"customHandoversTable-tblBody\")]/tr[1]/td[14]/div/span"}
RESULT: {"using":"xpath","value":"//tbody[contains(@id, \"customHandoversTable-tblBody\")]/tr[1]/td[14]/div/span"}
COMMAND: POST /session/365d56350ece7ddb67f22ecca89c6f97/execute/sync - {"script":"<script> [56 bytes]","args":[{"element-6066-11e4-a52e-4f735466cecf":"f.0CFB565138F0704D782EF1C57C56E9E5.d.A06AE8E9EAE81C449FC38072ECE5906D.e.21030","ELEMENT":"f.0CFB565138F0704D782EF1C57C56E9E5.d.A06AE8E9EAE81C449FC38072ECE5906D.e.21030"}]}
RESULT: {"script":"<script> [56 bytes]","args":[{"element-6066-11e4-a52e-4f735466cecf":"f.0CFB565138F0704D782EF1C57C56E9E5.d.A06AE8E9EAE81C449FC38072ECE5906D.e.21030","ELEMENT":"f.0CFB565138F0704D782EF1C57C56E9E5.d.A06AE8E9EAE81C449FC38072ECE5906D.e.21030"}]}
COMMAND: POST /session/365d56350ece7ddb67f22ecca89c6f97/element - {"using":"css selector","value":"#shell-header-logo"}
COMMAND: GET /session/365d56350ece7ddb67f22ecca89c6f97/screenshot - {}
RESULT: {"using":"css selector","value":"#shell-header-logo"}
COMMAND: POST /session/365d56350ece7ddb67f22ecca89c6f97/element/f.0CFB565138F0704D782EF1C57C56E9E5.d.A06AE8E9EAE81C449FC38072ECE5906D.e.19657/click - {}
RESULT: {}
RESULT: {}
COMMAND: GET /session/365d56350ece7ddb67f22ecca89c6f97/screenshot - {}
RESULT: {}
]]></system-out>
    </testcase>
    <testcase classname="chrome.136_0_7103_93.windows.Billing_Calculation_-_Time_based_(considering_transport_times)_US139738" name="Should navigate to Manage Billings and trigger contract calculation business confirm it" time="67.298">
      <system-out><![CDATA[
COMMAND: POST /session/365d56350ece7ddb67f22ecca89c6f97/execute/async - {"script":"<script> [1562 bytes]","args":[{"selector":{"controlType":"sap.m.GenericTile","properties":{"header":"Manage Billings"}},"wdio_ui5_key":"sapm.GenericTile{\"header\":\"Manage Billings\"}"}]}
RESULT: {"script":"<script> [1562 bytes]","args":[{"selector":{"controlType":"sap.m.GenericTile","properties":{"header":"Manage Billings"}},"wdio_ui5_key":"sapm.GenericTile{\"header\":\"Manage Billings\"}"}]}
RESULT: undefined
COMMAND: POST /session/365d56350ece7ddb67f22ecca89c6f97/element - {"using":"xpath","value":"//*[@id=\"__tile51\"]"}
RESULT: {"using":"xpath","value":"//*[@id=\"__tile51\"]"}
COMMAND: POST /session/365d56350ece7ddb67f22ecca89c6f97/element/f.0CFB565138F0704D782EF1C57C56E9E5.d.A06AE8E9EAE81C449FC38072ECE5906D.e.17424/click - {}
RESULT: {}
COMMAND: GET /session/365d56350ece7ddb67f22ecca89c6f97/screenshot - {}
RESULT: {}
COMMAND: POST /session/365d56350ece7ddb67f22ecca89c6f97/elements - {"using":"xpath","value":"//span[text()='Error']"}
RESULT: {"using":"xpath","value":"//span[text()='Error']"}
COMMAND: POST /session/365d56350ece7ddb67f22ecca89c6f97/execute/async - {"script":"<script> [1562 bytes]","args":[{"selector":{"id":"application-managebillings-display-component---billRunCalcResult--smartFilterBar-btnBasicSearch","interaction":{"idSuffix":"I"}},"wdio_ui5_key":"applicationmanagebillings-display-component---billRunCalcResult--smartFilterBar-btnBasicSearch"}]}
RESULT: {"script":"<script> [1562 bytes]","args":[{"selector":{"id":"application-managebillings-display-component---billRunCalcResult--smartFilterBar-btnBasicSearch","interaction":{"idSuffix":"I"}},"wdio_ui5_key":"applicationmanagebillings-display-component---billRunCalcResult--smartFilterBar-btnBasicSearch"}]}
RESULT: undefined
COMMAND: POST /session/365d56350ece7ddb67f22ecca89c6f97/execute/async - {"script":"<script> [776 bytes]","args":[{"enterText":"10222","selector":{"id":"application-managebillings-display-component---billRunCalcResult--smartFilterBar-btnBasicSearch","interaction":{"idSuffix":"I"}},"clearTextFirst":true,"interactionType":"ENTER_TEXT"}]}
RESULT: {"script":"<script> [776 bytes]","args":[{"enterText":"10222","selector":{"id":"application-managebillings-display-component---billRunCalcResult--smartFilterBar-btnBasicSearch","interaction":{"idSuffix":"I"}},"clearTextFirst":true,"interactionType":"ENTER_TEXT"}]}
COMMAND: POST /session/365d56350ece7ddb67f22ecca89c6f97/actions - {"actions":[{"id":"action80","type":"key","parameters":{},"actions":[{"type":"keyDown","value":""},{"type":"pause","duration":10},{"type":"keyUp","value":""}]}]}
RESULT: {"actions":[{"id":"action80","type":"key","parameters":{},"actions":[{"type":"keyDown","value":""},{"type":"pause","duration":10},{"type":"keyUp","value":""}]}]}
COMMAND: GET /session/365d56350ece7ddb67f22ecca89c6f97/screenshot - {}
RESULT: {}
COMMAND: POST /session/365d56350ece7ddb67f22ecca89c6f97/element - {"using":"xpath","value":"//td[@aria-colindex=\"1\"]/div/div[contains(@class, \"sapMCbBg\")]"}
RESULT: {"using":"xpath","value":"//td[@aria-colindex=\"1\"]/div/div[contains(@class, \"sapMCbBg\")]"}
COMMAND: POST /session/365d56350ece7ddb67f22ecca89c6f97/element/f.0CFB565138F0704D782EF1C57C56E9E5.d.A06AE8E9EAE81C449FC38072ECE5906D.e.21409/click - {}
RESULT: {}
COMMAND: GET /session/365d56350ece7ddb67f22ecca89c6f97/screenshot - {}
RESULT: {}
COMMAND: POST /session/365d56350ece7ddb67f22ecca89c6f97/execute/async - {"script":"<script> [1562 bytes]","args":[{"selector":{"id":"application-managebillings-display-component---billRunCalcResult--contractBillRunDate","interaction":{"idSuffix":"inner"}},"wdio_ui5_key":"applicationmanagebillings-display-component---billRunCalcResult--contractBillRunDate"}]}
RESULT: {"script":"<script> [1562 bytes]","args":[{"selector":{"id":"application-managebillings-display-component---billRunCalcResult--contractBillRunDate","interaction":{"idSuffix":"inner"}},"wdio_ui5_key":"applicationmanagebillings-display-component---billRunCalcResult--contractBillRunDate"}]}
RESULT: undefined
COMMAND: POST /session/365d56350ece7ddb67f22ecca89c6f97/execute/async - {"script":"<script> [776 bytes]","args":[{"enterText":"5/25/25","selector":{"id":"application-managebillings-display-component---billRunCalcResult--contractBillRunDate","interaction":{"idSuffix":"inner"}},"clearTextFirst":true,"interactionType":"ENTER_TEXT"}]}
RESULT: {"script":"<script> [776 bytes]","args":[{"enterText":"5/25/25","selector":{"id":"application-managebillings-display-component---billRunCalcResult--contractBillRunDate","interaction":{"idSuffix":"inner"}},"clearTextFirst":true,"interactionType":"ENTER_TEXT"}]}
COMMAND: POST /session/365d56350ece7ddb67f22ecca89c6f97/element - {"using":"xpath","value":"//bdi[contains(text(), \"Trigger Calculation\")]"}
RESULT: {"using":"xpath","value":"//bdi[contains(text(), \"Trigger Calculation\")]"}
COMMAND: POST /session/365d56350ece7ddb67f22ecca89c6f97/element/f.0CFB565138F0704D782EF1C57C56E9E5.d.A06AE8E9EAE81C449FC38072ECE5906D.e.21433/click - {}
RESULT: {}
COMMAND: GET /session/365d56350ece7ddb67f22ecca89c6f97/screenshot - {}
RESULT: {}
COMMAND: POST /session/365d56350ece7ddb67f22ecca89c6f97/element - {"using":"xpath","value":"(//span[contains(@id, \"imgNav\")])[1]"}
RESULT: {"using":"xpath","value":"(//span[contains(@id, \"imgNav\")])[1]"}
COMMAND: POST /session/365d56350ece7ddb67f22ecca89c6f97/element/f.0CFB565138F0704D782EF1C57C56E9E5.d.A06AE8E9EAE81C449FC38072ECE5906D.e.21423/click - {}
RESULT: {}
COMMAND: GET /session/365d56350ece7ddb67f22ecca89c6f97/screenshot - {}
RESULT: {}
COMMAND: POST /session/365d56350ece7ddb67f22ecca89c6f97/element - {"using":"xpath","value":"//tr/td[6]/div[1]/span[1]/span[1]"}
RESULT: {"using":"xpath","value":"//tr/td[6]/div[1]/span[1]/span[1]"}
COMMAND: GET /session/365d56350ece7ddb67f22ecca89c6f97/element/f.0CFB565138F0704D782EF1C57C56E9E5.d.A06AE8E9EAE81C449FC38072ECE5906D.e.21437/text - {}
RESULT: {}
COMMAND: POST /session/365d56350ece7ddb67f22ecca89c6f97/element - {"using":"xpath","value":"(//span[contains(@id, \"imgNav\")])[2]"}
RESULT: {"using":"xpath","value":"(//span[contains(@id, \"imgNav\")])[2]"}
COMMAND: POST /session/365d56350ece7ddb67f22ecca89c6f97/element/f.0CFB565138F0704D782EF1C57C56E9E5.d.A06AE8E9EAE81C449FC38072ECE5906D.e.21438/click - {}
RESULT: {}
COMMAND: POST /session/365d56350ece7ddb67f22ecca89c6f97/element - {"using":"xpath","value":"//bdi[contains(text(), \"Business Confirm\")]"}
COMMAND: GET /session/365d56350ece7ddb67f22ecca89c6f97/screenshot - {}
RESULT: {"using":"xpath","value":"//bdi[contains(text(), \"Business Confirm\")]"}
COMMAND: POST /session/365d56350ece7ddb67f22ecca89c6f97/elements - {"using":"xpath","value":"//bdi[contains(text(), \"Business Confirm\")]"}
RESULT: {}
RESULT: {"using":"xpath","value":"//bdi[contains(text(), \"Business Confirm\")]"}
COMMAND: POST /session/365d56350ece7ddb67f22ecca89c6f97/element - {"using":"xpath","value":"//bdi[contains(text(), \"Business Confirm\")]"}
RESULT: {"using":"xpath","value":"//bdi[contains(text(), \"Business Confirm\")]"}
COMMAND: POST /session/365d56350ece7ddb67f22ecca89c6f97/element/f.0CFB565138F0704D782EF1C57C56E9E5.d.A06AE8E9EAE81C449FC38072ECE5906D.e.21470/click - {}
RESULT: {}
COMMAND: POST /session/365d56350ece7ddb67f22ecca89c6f97/element - {"using":"css selector","value":"#shell-header-logo"}
COMMAND: GET /session/365d56350ece7ddb67f22ecca89c6f97/screenshot - {}
RESULT: {"using":"css selector","value":"#shell-header-logo"}
COMMAND: POST /session/365d56350ece7ddb67f22ecca89c6f97/element/f.0CFB565138F0704D782EF1C57C56E9E5.d.A06AE8E9EAE81C449FC38072ECE5906D.e.21034/click - {}
RESULT: {}
RESULT: {}
COMMAND: GET /session/365d56350ece7ddb67f22ecca89c6f97/screenshot - {}
RESULT: {}
]]></system-out>
    </testcase>
    <testcase classname="chrome.136_0_7103_93.windows.Billing_Calculation_-_Time_based_(considering_transport_times)_US139738" name="Should transfer the billing all the way to completion" time="94.47">
      <system-out><![CDATA[
COMMAND: POST /session/365d56350ece7ddb67f22ecca89c6f97/execute/async - {"script":"<script> [1562 bytes]","args":[{"selector":{"controlType":"sap.m.GenericTile","properties":{"header":"Billing Transfer"}},"wdio_ui5_key":"sapm.GenericTile{\"header\":\"Billing Transfer\"}"}]}
RESULT: {"script":"<script> [1562 bytes]","args":[{"selector":{"controlType":"sap.m.GenericTile","properties":{"header":"Billing Transfer"}},"wdio_ui5_key":"sapm.GenericTile{\"header\":\"Billing Transfer\"}"}]}
RESULT: undefined
COMMAND: POST /session/365d56350ece7ddb67f22ecca89c6f97/element - {"using":"xpath","value":"//*[@id=\"__tile50\"]"}
RESULT: {"using":"xpath","value":"//*[@id=\"__tile50\"]"}
COMMAND: POST /session/365d56350ece7ddb67f22ecca89c6f97/element/f.0CFB565138F0704D782EF1C57C56E9E5.d.A06AE8E9EAE81C449FC38072ECE5906D.e.17483/click - {}
RESULT: {}
COMMAND: GET /session/365d56350ece7ddb67f22ecca89c6f97/screenshot - {}
RESULT: {}
COMMAND: POST /session/365d56350ece7ddb67f22ecca89c6f97/elements - {"using":"xpath","value":"//span[text()='Error']"}
RESULT: {"using":"xpath","value":"//span[text()='Error']"}
COMMAND: POST /session/365d56350ece7ddb67f22ecca89c6f97/element - {"using":"xpath","value":"//input[contains(@id ,\"application-billingtransfer-display-component---billingWorkbench--smartFilterBar-btnBasicSearch\")]"}
RESULT: {"using":"xpath","value":"//input[contains(@id ,\"application-billingtransfer-display-component---billingWorkbench--smartFilterBar-btnBasicSearch\")]"}
COMMAND: POST /session/365d56350ece7ddb67f22ecca89c6f97/elements - {"using":"xpath","value":"//input[contains(@id ,\"application-billingtransfer-display-component---billingWorkbench--smartFilterBar-btnBasicSearch\")]"}
RESULT: {"using":"xpath","value":"//input[contains(@id ,\"application-billingtransfer-display-component---billingWorkbench--smartFilterBar-btnBasicSearch\")]"}
COMMAND: POST /session/365d56350ece7ddb67f22ecca89c6f97/execute/sync - {"script":"<script> [8489 bytes]","args":[{"element-6066-11e4-a52e-4f735466cecf":"f.0CFB565138F0704D782EF1C57C56E9E5.d.A06AE8E9EAE81C449FC38072ECE5906D.e.21509","ELEMENT":"f.0CFB565138F0704D782EF1C57C56E9E5.d.A06AE8E9EAE81C449FC38072ECE5906D.e.21509"}]}
RESULT: {"script":"<script> [8489 bytes]","args":[{"element-6066-11e4-a52e-4f735466cecf":"f.0CFB565138F0704D782EF1C57C56E9E5.d.A06AE8E9EAE81C449FC38072ECE5906D.e.21509","ELEMENT":"f.0CFB565138F0704D782EF1C57C56E9E5.d.A06AE8E9EAE81C449FC38072ECE5906D.e.21509"}]}
COMMAND: GET /session/365d56350ece7ddb67f22ecca89c6f97/element/f.0CFB565138F0704D782EF1C57C56E9E5.d.A06AE8E9EAE81C449FC38072ECE5906D.e.21509/enabled - {}
COMMAND: GET /session/365d56350ece7ddb67f22ecca89c6f97/screenshot - {}
RESULT: {}
COMMAND: POST /session/365d56350ece7ddb67f22ecca89c6f97/element/f.0CFB565138F0704D782EF1C57C56E9E5.d.A06AE8E9EAE81C449FC38072ECE5906D.e.21509/click - {}
COMMAND: GET /session/365d56350ece7ddb67f22ecca89c6f97/screenshot - {}
RESULT: {}
RESULT: {}
COMMAND: GET /session/365d56350ece7ddb67f22ecca89c6f97/screenshot - {}
RESULT: {}
RESULT: {}
COMMAND: POST /session/365d56350ece7ddb67f22ecca89c6f97/element/f.0CFB565138F0704D782EF1C57C56E9E5.d.A06AE8E9EAE81C449FC38072ECE5906D.e.21509/clear - {}
RESULT: {}
COMMAND: POST /session/365d56350ece7ddb67f22ecca89c6f97/element/f.0CFB565138F0704D782EF1C57C56E9E5.d.A06AE8E9EAE81C449FC38072ECE5906D.e.21509/value - {"text":"10222"}
COMMAND: GET /session/365d56350ece7ddb67f22ecca89c6f97/screenshot - {}
RESULT: {"text":"10222"}
COMMAND: POST /session/365d56350ece7ddb67f22ecca89c6f97/actions - {"actions":[{"id":"action81","type":"key","parameters":{},"actions":[{"type":"keyDown","value":""},{"type":"pause","duration":10},{"type":"keyUp","value":""}]}]}
COMMAND: GET /session/365d56350ece7ddb67f22ecca89c6f97/screenshot - {}
RESULT: {}
RESULT: {"actions":[{"id":"action81","type":"key","parameters":{},"actions":[{"type":"keyDown","value":""},{"type":"pause","duration":10},{"type":"keyUp","value":""}]}]}
COMMAND: GET /session/365d56350ece7ddb67f22ecca89c6f97/screenshot - {}
RESULT: {}
RESULT: {}
COMMAND: POST /session/365d56350ece7ddb67f22ecca89c6f97/element - {"using":"xpath","value":"//span[contains(@id ,\"application-billingtransfer-display-component---billingWorkbench--smartTableBillingRuns-header-inner\")]"}
RESULT: {"using":"xpath","value":"//span[contains(@id ,\"application-billingtransfer-display-component---billingWorkbench--smartTableBillingRuns-header-inner\")]"}
COMMAND: POST /session/365d56350ece7ddb67f22ecca89c6f97/elements - {"using":"xpath","value":"//span[contains(@id ,\"application-billingtransfer-display-component---billingWorkbench--smartTableBillingRuns-header-inner\")]"}
RESULT: {"using":"xpath","value":"//span[contains(@id ,\"application-billingtransfer-display-component---billingWorkbench--smartTableBillingRuns-header-inner\")]"}
COMMAND: POST /session/365d56350ece7ddb67f22ecca89c6f97/execute/sync - {"script":"<script> [56 bytes]","args":[{"element-6066-11e4-a52e-4f735466cecf":"f.0CFB565138F0704D782EF1C57C56E9E5.d.A06AE8E9EAE81C449FC38072ECE5906D.e.21620","ELEMENT":"f.0CFB565138F0704D782EF1C57C56E9E5.d.A06AE8E9EAE81C449FC38072ECE5906D.e.21620"}]}
RESULT: {"script":"<script> [56 bytes]","args":[{"element-6066-11e4-a52e-4f735466cecf":"f.0CFB565138F0704D782EF1C57C56E9E5.d.A06AE8E9EAE81C449FC38072ECE5906D.e.21620","ELEMENT":"f.0CFB565138F0704D782EF1C57C56E9E5.d.A06AE8E9EAE81C449FC38072ECE5906D.e.21620"}]}
COMMAND: POST /session/365d56350ece7ddb67f22ecca89c6f97/element - {"using":"xpath","value":"//td[@aria-colindex=\"1\"]/div/div[contains(@class, \"sapMCbBg\")]"}
COMMAND: GET /session/365d56350ece7ddb67f22ecca89c6f97/screenshot - {}
RESULT: {"using":"xpath","value":"//td[@aria-colindex=\"1\"]/div/div[contains(@class, \"sapMCbBg\")]"}
COMMAND: POST /session/365d56350ece7ddb67f22ecca89c6f97/element/f.0CFB565138F0704D782EF1C57C56E9E5.d.A06AE8E9EAE81C449FC38072ECE5906D.e.21591/click - {}
RESULT: {}
RESULT: {}
COMMAND: GET /session/365d56350ece7ddb67f22ecca89c6f97/screenshot - {}
RESULT: {}
COMMAND: POST /session/365d56350ece7ddb67f22ecca89c6f97/element - {"using":"xpath","value":"//bdi[contains(text(), \"Check\")]"}
RESULT: {"using":"xpath","value":"//bdi[contains(text(), \"Check\")]"}
COMMAND: POST /session/365d56350ece7ddb67f22ecca89c6f97/element/f.0CFB565138F0704D782EF1C57C56E9E5.d.A06AE8E9EAE81C449FC38072ECE5906D.e.21621/click - {}
RESULT: {}
COMMAND: GET /session/365d56350ece7ddb67f22ecca89c6f97/screenshot - {}
RESULT: {}
COMMAND: POST /session/365d56350ece7ddb67f22ecca89c6f97/element - {"using":"xpath","value":"//bdi[contains(text(), \"OK\")]"}
RESULT: {"using":"xpath","value":"//bdi[contains(text(), \"OK\")]"}
COMMAND: POST /session/365d56350ece7ddb67f22ecca89c6f97/element/f.0CFB565138F0704D782EF1C57C56E9E5.d.A06AE8E9EAE81C449FC38072ECE5906D.e.21624/click - {}
RESULT: {}
COMMAND: GET /session/365d56350ece7ddb67f22ecca89c6f97/screenshot - {}
RESULT: {}
COMMAND: POST /session/365d56350ece7ddb67f22ecca89c6f97/element - {"using":"xpath","value":"(//span[contains(text(), \"CO/SD checked\")]/parent::div/preceding-sibling::div/span)[1]"}
RESULT: {"using":"xpath","value":"(//span[contains(text(), \"CO/SD checked\")]/parent::div/preceding-sibling::div/span)[1]"}
COMMAND: POST /session/365d56350ece7ddb67f22ecca89c6f97/element/f.0CFB565138F0704D782EF1C57C56E9E5.d.A06AE8E9EAE81C449FC38072ECE5906D.e.21636/click - {}
RESULT: {}
COMMAND: GET /session/365d56350ece7ddb67f22ecca89c6f97/screenshot - {}
RESULT: {}
COMMAND: POST /session/365d56350ece7ddb67f22ecca89c6f97/element - {"using":"xpath","value":"//input[contains(@id ,\"application-billingtransfer-display-component---billingWorkbench--smartFilterBar-btnBasicSearch\")]"}
RESULT: {"using":"xpath","value":"//input[contains(@id ,\"application-billingtransfer-display-component---billingWorkbench--smartFilterBar-btnBasicSearch\")]"}
COMMAND: POST /session/365d56350ece7ddb67f22ecca89c6f97/elements - {"using":"xpath","value":"//input[contains(@id ,\"application-billingtransfer-display-component---billingWorkbench--smartFilterBar-btnBasicSearch\")]"}
RESULT: {"using":"xpath","value":"//input[contains(@id ,\"application-billingtransfer-display-component---billingWorkbench--smartFilterBar-btnBasicSearch\")]"}
COMMAND: POST /session/365d56350ece7ddb67f22ecca89c6f97/execute/sync - {"script":"<script> [8489 bytes]","args":[{"element-6066-11e4-a52e-4f735466cecf":"f.0CFB565138F0704D782EF1C57C56E9E5.d.A06AE8E9EAE81C449FC38072ECE5906D.e.21509","ELEMENT":"f.0CFB565138F0704D782EF1C57C56E9E5.d.A06AE8E9EAE81C449FC38072ECE5906D.e.21509"}]}
RESULT: {"script":"<script> [8489 bytes]","args":[{"element-6066-11e4-a52e-4f735466cecf":"f.0CFB565138F0704D782EF1C57C56E9E5.d.A06AE8E9EAE81C449FC38072ECE5906D.e.21509","ELEMENT":"f.0CFB565138F0704D782EF1C57C56E9E5.d.A06AE8E9EAE81C449FC38072ECE5906D.e.21509"}]}
COMMAND: GET /session/365d56350ece7ddb67f22ecca89c6f97/element/f.0CFB565138F0704D782EF1C57C56E9E5.d.A06AE8E9EAE81C449FC38072ECE5906D.e.21509/enabled - {}
COMMAND: GET /session/365d56350ece7ddb67f22ecca89c6f97/screenshot - {}
RESULT: {}
COMMAND: POST /session/365d56350ece7ddb67f22ecca89c6f97/element/f.0CFB565138F0704D782EF1C57C56E9E5.d.A06AE8E9EAE81C449FC38072ECE5906D.e.21509/click - {}
COMMAND: GET /session/365d56350ece7ddb67f22ecca89c6f97/screenshot - {}
RESULT: {}
RESULT: {}
COMMAND: GET /session/365d56350ece7ddb67f22ecca89c6f97/screenshot - {}
RESULT: {}
RESULT: {}
COMMAND: POST /session/365d56350ece7ddb67f22ecca89c6f97/element/f.0CFB565138F0704D782EF1C57C56E9E5.d.A06AE8E9EAE81C449FC38072ECE5906D.e.21509/clear - {}
RESULT: {}
COMMAND: POST /session/365d56350ece7ddb67f22ecca89c6f97/element/f.0CFB565138F0704D782EF1C57C56E9E5.d.A06AE8E9EAE81C449FC38072ECE5906D.e.21509/value - {"text":"10222"}
COMMAND: GET /session/365d56350ece7ddb67f22ecca89c6f97/screenshot - {}
RESULT: {"text":"10222"}
COMMAND: POST /session/365d56350ece7ddb67f22ecca89c6f97/actions - {"actions":[{"id":"action82","type":"key","parameters":{},"actions":[{"type":"keyDown","value":""},{"type":"pause","duration":10},{"type":"keyUp","value":""}]}]}
COMMAND: GET /session/365d56350ece7ddb67f22ecca89c6f97/screenshot - {}
RESULT: {}
RESULT: {"actions":[{"id":"action82","type":"key","parameters":{},"actions":[{"type":"keyDown","value":""},{"type":"pause","duration":10},{"type":"keyUp","value":""}]}]}
COMMAND: GET /session/365d56350ece7ddb67f22ecca89c6f97/screenshot - {}
RESULT: {}
RESULT: {}
COMMAND: POST /session/365d56350ece7ddb67f22ecca89c6f97/element - {"using":"xpath","value":"//span[contains(@id ,\"application-billingtransfer-display-component---billingWorkbench--smartTableBillingRuns-header-inner\")]"}
RESULT: {"using":"xpath","value":"//span[contains(@id ,\"application-billingtransfer-display-component---billingWorkbench--smartTableBillingRuns-header-inner\")]"}
COMMAND: POST /session/365d56350ece7ddb67f22ecca89c6f97/elements - {"using":"xpath","value":"//span[contains(@id ,\"application-billingtransfer-display-component---billingWorkbench--smartTableBillingRuns-header-inner\")]"}
RESULT: {"using":"xpath","value":"//span[contains(@id ,\"application-billingtransfer-display-component---billingWorkbench--smartTableBillingRuns-header-inner\")]"}
COMMAND: POST /session/365d56350ece7ddb67f22ecca89c6f97/execute/sync - {"script":"<script> [56 bytes]","args":[{"element-6066-11e4-a52e-4f735466cecf":"f.0CFB565138F0704D782EF1C57C56E9E5.d.A06AE8E9EAE81C449FC38072ECE5906D.e.21620","ELEMENT":"f.0CFB565138F0704D782EF1C57C56E9E5.d.A06AE8E9EAE81C449FC38072ECE5906D.e.21620"}]}
RESULT: {"script":"<script> [56 bytes]","args":[{"element-6066-11e4-a52e-4f735466cecf":"f.0CFB565138F0704D782EF1C57C56E9E5.d.A06AE8E9EAE81C449FC38072ECE5906D.e.21620","ELEMENT":"f.0CFB565138F0704D782EF1C57C56E9E5.d.A06AE8E9EAE81C449FC38072ECE5906D.e.21620"}]}
COMMAND: GET /session/365d56350ece7ddb67f22ecca89c6f97/screenshot - {}
RESULT: {}
COMMAND: POST /session/365d56350ece7ddb67f22ecca89c6f97/execute/sync - {"script":"<script> [56 bytes]","args":[{"element-6066-11e4-a52e-4f735466cecf":"f.0CFB565138F0704D782EF1C57C56E9E5.d.A06AE8E9EAE81C449FC38072ECE5906D.e.21620","ELEMENT":"f.0CFB565138F0704D782EF1C57C56E9E5.d.A06AE8E9EAE81C449FC38072ECE5906D.e.21620"}]}
RESULT: {"script":"<script> [56 bytes]","args":[{"element-6066-11e4-a52e-4f735466cecf":"f.0CFB565138F0704D782EF1C57C56E9E5.d.A06AE8E9EAE81C449FC38072ECE5906D.e.21620","ELEMENT":"f.0CFB565138F0704D782EF1C57C56E9E5.d.A06AE8E9EAE81C449FC38072ECE5906D.e.21620"}]}
COMMAND: GET /session/365d56350ece7ddb67f22ecca89c6f97/screenshot - {}
RESULT: {}
COMMAND: POST /session/365d56350ece7ddb67f22ecca89c6f97/execute/sync - {"script":"<script> [56 bytes]","args":[{"element-6066-11e4-a52e-4f735466cecf":"f.0CFB565138F0704D782EF1C57C56E9E5.d.A06AE8E9EAE81C449FC38072ECE5906D.e.21620","ELEMENT":"f.0CFB565138F0704D782EF1C57C56E9E5.d.A06AE8E9EAE81C449FC38072ECE5906D.e.21620"}]}
RESULT: {"script":"<script> [56 bytes]","args":[{"element-6066-11e4-a52e-4f735466cecf":"f.0CFB565138F0704D782EF1C57C56E9E5.d.A06AE8E9EAE81C449FC38072ECE5906D.e.21620","ELEMENT":"f.0CFB565138F0704D782EF1C57C56E9E5.d.A06AE8E9EAE81C449FC38072ECE5906D.e.21620"}]}
COMMAND: GET /session/365d56350ece7ddb67f22ecca89c6f97/screenshot - {}
RESULT: {}
COMMAND: POST /session/365d56350ece7ddb67f22ecca89c6f97/execute/sync - {"script":"<script> [56 bytes]","args":[{"element-6066-11e4-a52e-4f735466cecf":"f.0CFB565138F0704D782EF1C57C56E9E5.d.A06AE8E9EAE81C449FC38072ECE5906D.e.21620","ELEMENT":"f.0CFB565138F0704D782EF1C57C56E9E5.d.A06AE8E9EAE81C449FC38072ECE5906D.e.21620"}]}
RESULT: {"script":"<script> [56 bytes]","args":[{"element-6066-11e4-a52e-4f735466cecf":"f.0CFB565138F0704D782EF1C57C56E9E5.d.A06AE8E9EAE81C449FC38072ECE5906D.e.21620","ELEMENT":"f.0CFB565138F0704D782EF1C57C56E9E5.d.A06AE8E9EAE81C449FC38072ECE5906D.e.21620"}]}
COMMAND: GET /session/365d56350ece7ddb67f22ecca89c6f97/screenshot - {}
RESULT: {}
COMMAND: POST /session/365d56350ece7ddb67f22ecca89c6f97/execute/sync - {"script":"<script> [56 bytes]","args":[{"element-6066-11e4-a52e-4f735466cecf":"f.0CFB565138F0704D782EF1C57C56E9E5.d.A06AE8E9EAE81C449FC38072ECE5906D.e.21620","ELEMENT":"f.0CFB565138F0704D782EF1C57C56E9E5.d.A06AE8E9EAE81C449FC38072ECE5906D.e.21620"}]}
RESULT: {"script":"<script> [56 bytes]","args":[{"element-6066-11e4-a52e-4f735466cecf":"f.0CFB565138F0704D782EF1C57C56E9E5.d.A06AE8E9EAE81C449FC38072ECE5906D.e.21620","ELEMENT":"f.0CFB565138F0704D782EF1C57C56E9E5.d.A06AE8E9EAE81C449FC38072ECE5906D.e.21620"}]}
COMMAND: GET /session/365d56350ece7ddb67f22ecca89c6f97/screenshot - {}
RESULT: {}
COMMAND: POST /session/365d56350ece7ddb67f22ecca89c6f97/execute/sync - {"script":"<script> [56 bytes]","args":[{"element-6066-11e4-a52e-4f735466cecf":"f.0CFB565138F0704D782EF1C57C56E9E5.d.A06AE8E9EAE81C449FC38072ECE5906D.e.21620","ELEMENT":"f.0CFB565138F0704D782EF1C57C56E9E5.d.A06AE8E9EAE81C449FC38072ECE5906D.e.21620"}]}
RESULT: {"script":"<script> [56 bytes]","args":[{"element-6066-11e4-a52e-4f735466cecf":"f.0CFB565138F0704D782EF1C57C56E9E5.d.A06AE8E9EAE81C449FC38072ECE5906D.e.21620","ELEMENT":"f.0CFB565138F0704D782EF1C57C56E9E5.d.A06AE8E9EAE81C449FC38072ECE5906D.e.21620"}]}
COMMAND: GET /session/365d56350ece7ddb67f22ecca89c6f97/screenshot - {}
RESULT: {}
COMMAND: POST /session/365d56350ece7ddb67f22ecca89c6f97/execute/sync - {"script":"<script> [56 bytes]","args":[{"element-6066-11e4-a52e-4f735466cecf":"f.0CFB565138F0704D782EF1C57C56E9E5.d.A06AE8E9EAE81C449FC38072ECE5906D.e.21620","ELEMENT":"f.0CFB565138F0704D782EF1C57C56E9E5.d.A06AE8E9EAE81C449FC38072ECE5906D.e.21620"}]}
RESULT: {"script":"<script> [56 bytes]","args":[{"element-6066-11e4-a52e-4f735466cecf":"f.0CFB565138F0704D782EF1C57C56E9E5.d.A06AE8E9EAE81C449FC38072ECE5906D.e.21620","ELEMENT":"f.0CFB565138F0704D782EF1C57C56E9E5.d.A06AE8E9EAE81C449FC38072ECE5906D.e.21620"}]}
COMMAND: GET /session/365d56350ece7ddb67f22ecca89c6f97/screenshot - {}
RESULT: {}
COMMAND: POST /session/365d56350ece7ddb67f22ecca89c6f97/execute/sync - {"script":"<script> [56 bytes]","args":[{"element-6066-11e4-a52e-4f735466cecf":"f.0CFB565138F0704D782EF1C57C56E9E5.d.A06AE8E9EAE81C449FC38072ECE5906D.e.21620","ELEMENT":"f.0CFB565138F0704D782EF1C57C56E9E5.d.A06AE8E9EAE81C449FC38072ECE5906D.e.21620"}]}
RESULT: {"script":"<script> [56 bytes]","args":[{"element-6066-11e4-a52e-4f735466cecf":"f.0CFB565138F0704D782EF1C57C56E9E5.d.A06AE8E9EAE81C449FC38072ECE5906D.e.21620","ELEMENT":"f.0CFB565138F0704D782EF1C57C56E9E5.d.A06AE8E9EAE81C449FC38072ECE5906D.e.21620"}]}
COMMAND: GET /session/365d56350ece7ddb67f22ecca89c6f97/screenshot - {}
RESULT: {}
COMMAND: POST /session/365d56350ece7ddb67f22ecca89c6f97/execute/sync - {"script":"<script> [56 bytes]","args":[{"element-6066-11e4-a52e-4f735466cecf":"f.0CFB565138F0704D782EF1C57C56E9E5.d.A06AE8E9EAE81C449FC38072ECE5906D.e.21620","ELEMENT":"f.0CFB565138F0704D782EF1C57C56E9E5.d.A06AE8E9EAE81C449FC38072ECE5906D.e.21620"}]}
RESULT: {"script":"<script> [56 bytes]","args":[{"element-6066-11e4-a52e-4f735466cecf":"f.0CFB565138F0704D782EF1C57C56E9E5.d.A06AE8E9EAE81C449FC38072ECE5906D.e.21620","ELEMENT":"f.0CFB565138F0704D782EF1C57C56E9E5.d.A06AE8E9EAE81C449FC38072ECE5906D.e.21620"}]}
COMMAND: GET /session/365d56350ece7ddb67f22ecca89c6f97/screenshot - {}
RESULT: {}
COMMAND: POST /session/365d56350ece7ddb67f22ecca89c6f97/execute/sync - {"script":"<script> [56 bytes]","args":[{"element-6066-11e4-a52e-4f735466cecf":"f.0CFB565138F0704D782EF1C57C56E9E5.d.A06AE8E9EAE81C449FC38072ECE5906D.e.21620","ELEMENT":"f.0CFB565138F0704D782EF1C57C56E9E5.d.A06AE8E9EAE81C449FC38072ECE5906D.e.21620"}]}
RESULT: {"script":"<script> [56 bytes]","args":[{"element-6066-11e4-a52e-4f735466cecf":"f.0CFB565138F0704D782EF1C57C56E9E5.d.A06AE8E9EAE81C449FC38072ECE5906D.e.21620","ELEMENT":"f.0CFB565138F0704D782EF1C57C56E9E5.d.A06AE8E9EAE81C449FC38072ECE5906D.e.21620"}]}
COMMAND: GET /session/365d56350ece7ddb67f22ecca89c6f97/screenshot - {}
RESULT: {}
COMMAND: POST /session/365d56350ece7ddb67f22ecca89c6f97/execute/sync - {"script":"<script> [56 bytes]","args":[{"element-6066-11e4-a52e-4f735466cecf":"f.0CFB565138F0704D782EF1C57C56E9E5.d.A06AE8E9EAE81C449FC38072ECE5906D.e.21620","ELEMENT":"f.0CFB565138F0704D782EF1C57C56E9E5.d.A06AE8E9EAE81C449FC38072ECE5906D.e.21620"}]}
RESULT: {"script":"<script> [56 bytes]","args":[{"element-6066-11e4-a52e-4f735466cecf":"f.0CFB565138F0704D782EF1C57C56E9E5.d.A06AE8E9EAE81C449FC38072ECE5906D.e.21620","ELEMENT":"f.0CFB565138F0704D782EF1C57C56E9E5.d.A06AE8E9EAE81C449FC38072ECE5906D.e.21620"}]}
COMMAND: GET /session/365d56350ece7ddb67f22ecca89c6f97/screenshot - {}
RESULT: {}
COMMAND: POST /session/365d56350ece7ddb67f22ecca89c6f97/execute/sync - {"script":"<script> [56 bytes]","args":[{"element-6066-11e4-a52e-4f735466cecf":"f.0CFB565138F0704D782EF1C57C56E9E5.d.A06AE8E9EAE81C449FC38072ECE5906D.e.21620","ELEMENT":"f.0CFB565138F0704D782EF1C57C56E9E5.d.A06AE8E9EAE81C449FC38072ECE5906D.e.21620"}]}
RESULT: {"script":"<script> [56 bytes]","args":[{"element-6066-11e4-a52e-4f735466cecf":"f.0CFB565138F0704D782EF1C57C56E9E5.d.A06AE8E9EAE81C449FC38072ECE5906D.e.21620","ELEMENT":"f.0CFB565138F0704D782EF1C57C56E9E5.d.A06AE8E9EAE81C449FC38072ECE5906D.e.21620"}]}
COMMAND: GET /session/365d56350ece7ddb67f22ecca89c6f97/screenshot - {}
RESULT: {}
COMMAND: POST /session/365d56350ece7ddb67f22ecca89c6f97/execute/sync - {"script":"<script> [56 bytes]","args":[{"element-6066-11e4-a52e-4f735466cecf":"f.0CFB565138F0704D782EF1C57C56E9E5.d.A06AE8E9EAE81C449FC38072ECE5906D.e.21620","ELEMENT":"f.0CFB565138F0704D782EF1C57C56E9E5.d.A06AE8E9EAE81C449FC38072ECE5906D.e.21620"}]}
RESULT: {"script":"<script> [56 bytes]","args":[{"element-6066-11e4-a52e-4f735466cecf":"f.0CFB565138F0704D782EF1C57C56E9E5.d.A06AE8E9EAE81C449FC38072ECE5906D.e.21620","ELEMENT":"f.0CFB565138F0704D782EF1C57C56E9E5.d.A06AE8E9EAE81C449FC38072ECE5906D.e.21620"}]}
COMMAND: POST /session/365d56350ece7ddb67f22ecca89c6f97/element - {"using":"xpath","value":"//td[@aria-colindex=\"1\"]/div/div[contains(@class, \"sapMCbBg\")]"}
COMMAND: GET /session/365d56350ece7ddb67f22ecca89c6f97/screenshot - {}
RESULT: {"using":"xpath","value":"//td[@aria-colindex=\"1\"]/div/div[contains(@class, \"sapMCbBg\")]"}
COMMAND: POST /session/365d56350ece7ddb67f22ecca89c6f97/element/f.0CFB565138F0704D782EF1C57C56E9E5.d.A06AE8E9EAE81C449FC38072ECE5906D.e.21640/click - {}
RESULT: {}
RESULT: {}
COMMAND: GET /session/365d56350ece7ddb67f22ecca89c6f97/screenshot - {}
RESULT: {}
COMMAND: POST /session/365d56350ece7ddb67f22ecca89c6f97/element - {"using":"xpath","value":"//bdi[text()=\"Transfer\"]"}
RESULT: {"using":"xpath","value":"//bdi[text()=\"Transfer\"]"}
COMMAND: POST /session/365d56350ece7ddb67f22ecca89c6f97/element/f.0CFB565138F0704D782EF1C57C56E9E5.d.A06AE8E9EAE81C449FC38072ECE5906D.e.21641/click - {}
RESULT: {}
COMMAND: GET /session/365d56350ece7ddb67f22ecca89c6f97/screenshot - {}
RESULT: {}
COMMAND: POST /session/365d56350ece7ddb67f22ecca89c6f97/element - {"using":"xpath","value":"//bdi[contains(text(), \"OK\")]"}
RESULT: {"using":"xpath","value":"//bdi[contains(text(), \"OK\")]"}
COMMAND: POST /session/365d56350ece7ddb67f22ecca89c6f97/element/f.0CFB565138F0704D782EF1C57C56E9E5.d.A06AE8E9EAE81C449FC38072ECE5906D.e.21644/click - {}
RESULT: {}
COMMAND: GET /session/365d56350ece7ddb67f22ecca89c6f97/screenshot - {}
RESULT: {}
COMMAND: POST /session/365d56350ece7ddb67f22ecca89c6f97/element - {"using":"xpath","value":"(//span[contains(text(), \"Completed\")]/parent::div/preceding-sibling::div/span)[1]"}
RESULT: {"using":"xpath","value":"(//span[contains(text(), \"Completed\")]/parent::div/preceding-sibling::div/span)[1]"}
COMMAND: POST /session/365d56350ece7ddb67f22ecca89c6f97/element/f.0CFB565138F0704D782EF1C57C56E9E5.d.A06AE8E9EAE81C449FC38072ECE5906D.e.21653/click - {}
RESULT: {}
COMMAND: POST /session/365d56350ece7ddb67f22ecca89c6f97/element - {"using":"xpath","value":"//input[contains(@id ,\"application-billingtransfer-display-component---billingWorkbench--smartFilterBar-btnBasicSearch\")]"}
COMMAND: GET /session/365d56350ece7ddb67f22ecca89c6f97/screenshot - {}
RESULT: {"using":"xpath","value":"//input[contains(@id ,\"application-billingtransfer-display-component---billingWorkbench--smartFilterBar-btnBasicSearch\")]"}
COMMAND: POST /session/365d56350ece7ddb67f22ecca89c6f97/elements - {"using":"xpath","value":"//input[contains(@id ,\"application-billingtransfer-display-component---billingWorkbench--smartFilterBar-btnBasicSearch\")]"}
RESULT: {}
RESULT: {"using":"xpath","value":"//input[contains(@id ,\"application-billingtransfer-display-component---billingWorkbench--smartFilterBar-btnBasicSearch\")]"}
COMMAND: POST /session/365d56350ece7ddb67f22ecca89c6f97/execute/sync - {"script":"<script> [8489 bytes]","args":[{"element-6066-11e4-a52e-4f735466cecf":"f.0CFB565138F0704D782EF1C57C56E9E5.d.A06AE8E9EAE81C449FC38072ECE5906D.e.21509","ELEMENT":"f.0CFB565138F0704D782EF1C57C56E9E5.d.A06AE8E9EAE81C449FC38072ECE5906D.e.21509"}]}
RESULT: {"script":"<script> [8489 bytes]","args":[{"element-6066-11e4-a52e-4f735466cecf":"f.0CFB565138F0704D782EF1C57C56E9E5.d.A06AE8E9EAE81C449FC38072ECE5906D.e.21509","ELEMENT":"f.0CFB565138F0704D782EF1C57C56E9E5.d.A06AE8E9EAE81C449FC38072ECE5906D.e.21509"}]}
COMMAND: GET /session/365d56350ece7ddb67f22ecca89c6f97/element/f.0CFB565138F0704D782EF1C57C56E9E5.d.A06AE8E9EAE81C449FC38072ECE5906D.e.21509/enabled - {}
COMMAND: GET /session/365d56350ece7ddb67f22ecca89c6f97/screenshot - {}
RESULT: {}
COMMAND: POST /session/365d56350ece7ddb67f22ecca89c6f97/element/f.0CFB565138F0704D782EF1C57C56E9E5.d.A06AE8E9EAE81C449FC38072ECE5906D.e.21509/click - {}
COMMAND: GET /session/365d56350ece7ddb67f22ecca89c6f97/screenshot - {}
RESULT: {}
RESULT: {}
COMMAND: GET /session/365d56350ece7ddb67f22ecca89c6f97/screenshot - {}
RESULT: {}
RESULT: {}
COMMAND: POST /session/365d56350ece7ddb67f22ecca89c6f97/element/f.0CFB565138F0704D782EF1C57C56E9E5.d.A06AE8E9EAE81C449FC38072ECE5906D.e.21509/clear - {}
RESULT: {}
COMMAND: POST /session/365d56350ece7ddb67f22ecca89c6f97/element/f.0CFB565138F0704D782EF1C57C56E9E5.d.A06AE8E9EAE81C449FC38072ECE5906D.e.21509/value - {"text":"10222"}
COMMAND: GET /session/365d56350ece7ddb67f22ecca89c6f97/screenshot - {}
RESULT: {"text":"10222"}
COMMAND: POST /session/365d56350ece7ddb67f22ecca89c6f97/actions - {"actions":[{"id":"action83","type":"key","parameters":{},"actions":[{"type":"keyDown","value":""},{"type":"pause","duration":10},{"type":"keyUp","value":""}]}]}
COMMAND: GET /session/365d56350ece7ddb67f22ecca89c6f97/screenshot - {}
RESULT: {}
RESULT: {"actions":[{"id":"action83","type":"key","parameters":{},"actions":[{"type":"keyDown","value":""},{"type":"pause","duration":10},{"type":"keyUp","value":""}]}]}
COMMAND: GET /session/365d56350ece7ddb67f22ecca89c6f97/screenshot - {}
RESULT: {}
RESULT: {}
COMMAND: POST /session/365d56350ece7ddb67f22ecca89c6f97/element - {"using":"xpath","value":"//span[contains(@id ,\"application-billingtransfer-display-component---billingWorkbench--smartTableBillingRuns-header-inner\")]"}
RESULT: {"using":"xpath","value":"//span[contains(@id ,\"application-billingtransfer-display-component---billingWorkbench--smartTableBillingRuns-header-inner\")]"}
COMMAND: POST /session/365d56350ece7ddb67f22ecca89c6f97/elements - {"using":"xpath","value":"//span[contains(@id ,\"application-billingtransfer-display-component---billingWorkbench--smartTableBillingRuns-header-inner\")]"}
RESULT: {"using":"xpath","value":"//span[contains(@id ,\"application-billingtransfer-display-component---billingWorkbench--smartTableBillingRuns-header-inner\")]"}
COMMAND: POST /session/365d56350ece7ddb67f22ecca89c6f97/execute/sync - {"script":"<script> [56 bytes]","args":[{"element-6066-11e4-a52e-4f735466cecf":"f.0CFB565138F0704D782EF1C57C56E9E5.d.A06AE8E9EAE81C449FC38072ECE5906D.e.21620","ELEMENT":"f.0CFB565138F0704D782EF1C57C56E9E5.d.A06AE8E9EAE81C449FC38072ECE5906D.e.21620"}]}
RESULT: {"script":"<script> [56 bytes]","args":[{"element-6066-11e4-a52e-4f735466cecf":"f.0CFB565138F0704D782EF1C57C56E9E5.d.A06AE8E9EAE81C449FC38072ECE5906D.e.21620","ELEMENT":"f.0CFB565138F0704D782EF1C57C56E9E5.d.A06AE8E9EAE81C449FC38072ECE5906D.e.21620"}]}
COMMAND: POST /session/365d56350ece7ddb67f22ecca89c6f97/element - {"using":"css selector","value":"#shell-header-logo"}
COMMAND: GET /session/365d56350ece7ddb67f22ecca89c6f97/screenshot - {}
RESULT: {"using":"css selector","value":"#shell-header-logo"}
COMMAND: POST /session/365d56350ece7ddb67f22ecca89c6f97/element/f.0CFB565138F0704D782EF1C57C56E9E5.d.A06AE8E9EAE81C449FC38072ECE5906D.e.21507/click - {}
RESULT: {}
RESULT: {}
COMMAND: GET /session/365d56350ece7ddb67f22ecca89c6f97/screenshot - {}
RESULT: {}
]]></system-out>
    </testcase>
    <testcase classname="chrome.136_0_7103_93.windows.Billing_Calculation_-_Time_based_(considering_transport_times)_US139738" name="Should navigate to the contract item check the billed until field value" time="54.365">
      <system-out><![CDATA[
RESULT: undefined
COMMAND: POST /session/365d56350ece7ddb67f22ecca89c6f97/element - {"using":"xpath","value":"//*[@id=\"__tile130\"]"}
RESULT: {"using":"xpath","value":"//*[@id=\"__tile130\"]"}
COMMAND: POST /session/365d56350ece7ddb67f22ecca89c6f97/element/f.0CFB565138F0704D782EF1C57C56E9E5.d.A06AE8E9EAE81C449FC38072ECE5906D.e.17458/click - {}
RESULT: {}
COMMAND: GET /session/365d56350ece7ddb67f22ecca89c6f97/screenshot - {}
COMMAND: POST /session/365d56350ece7ddb67f22ecca89c6f97/elements - {"using":"xpath","value":"//span[text()='Error']"}
RESULT: {}
RESULT: {"using":"xpath","value":"//span[text()='Error']"}
COMMAND: POST /session/365d56350ece7ddb67f22ecca89c6f97/element - {"using":"xpath","value":"//button[@data-kt=\"addButton\"]"}
RESULT: {"using":"xpath","value":"//button[@data-kt=\"addButton\"]"}
COMMAND: POST /session/365d56350ece7ddb67f22ecca89c6f97/elements - {"using":"xpath","value":"//button[@data-kt=\"addButton\"]"}
RESULT: {"using":"xpath","value":"//button[@data-kt=\"addButton\"]"}
COMMAND: POST /session/365d56350ece7ddb67f22ecca89c6f97/execute/sync - {"script":"<script> [8489 bytes]","args":[{"element-6066-11e4-a52e-4f735466cecf":"f.0CFB565138F0704D782EF1C57C56E9E5.d.A06AE8E9EAE81C449FC38072ECE5906D.e.21702","ELEMENT":"f.0CFB565138F0704D782EF1C57C56E9E5.d.A06AE8E9EAE81C449FC38072ECE5906D.e.21702"}]}
RESULT: {"script":"<script> [8489 bytes]","args":[{"element-6066-11e4-a52e-4f735466cecf":"f.0CFB565138F0704D782EF1C57C56E9E5.d.A06AE8E9EAE81C449FC38072ECE5906D.e.21702","ELEMENT":"f.0CFB565138F0704D782EF1C57C56E9E5.d.A06AE8E9EAE81C449FC38072ECE5906D.e.21702"}]}
COMMAND: GET /session/365d56350ece7ddb67f22ecca89c6f97/element/f.0CFB565138F0704D782EF1C57C56E9E5.d.A06AE8E9EAE81C449FC38072ECE5906D.e.21702/enabled - {}
COMMAND: GET /session/365d56350ece7ddb67f22ecca89c6f97/screenshot - {}
RESULT: {}
COMMAND: POST /session/365d56350ece7ddb67f22ecca89c6f97/execute/sync - {"script":"<script> [8489 bytes]","args":[{"element-6066-11e4-a52e-4f735466cecf":"f.0CFB565138F0704D782EF1C57C56E9E5.d.A06AE8E9EAE81C449FC38072ECE5906D.e.21702","ELEMENT":"f.0CFB565138F0704D782EF1C57C56E9E5.d.A06AE8E9EAE81C449FC38072ECE5906D.e.21702"}]}
COMMAND: GET /session/365d56350ece7ddb67f22ecca89c6f97/screenshot - {}
RESULT: {}
RESULT: {"script":"<script> [8489 bytes]","args":[{"element-6066-11e4-a52e-4f735466cecf":"f.0CFB565138F0704D782EF1C57C56E9E5.d.A06AE8E9EAE81C449FC38072ECE5906D.e.21702","ELEMENT":"f.0CFB565138F0704D782EF1C57C56E9E5.d.A06AE8E9EAE81C449FC38072ECE5906D.e.21702"}]}
COMMAND: POST /session/365d56350ece7ddb67f22ecca89c6f97/execute/sync - {"script":"<script> [5351 bytes]","args":[{"element-6066-11e4-a52e-4f735466cecf":"f.0CFB565138F0704D782EF1C57C56E9E5.d.A06AE8E9EAE81C449FC38072ECE5906D.e.21702","ELEMENT":"f.0CFB565138F0704D782EF1C57C56E9E5.d.A06AE8E9EAE81C449FC38072ECE5906D.e.21702"}]}
COMMAND: GET /session/365d56350ece7ddb67f22ecca89c6f97/screenshot - {}
RESULT: {}
RESULT: {"script":"<script> [5351 bytes]","args":[{"element-6066-11e4-a52e-4f735466cecf":"f.0CFB565138F0704D782EF1C57C56E9E5.d.A06AE8E9EAE81C449FC38072ECE5906D.e.21702","ELEMENT":"f.0CFB565138F0704D782EF1C57C56E9E5.d.A06AE8E9EAE81C449FC38072ECE5906D.e.21702"}]}
COMMAND: POST /session/365d56350ece7ddb67f22ecca89c6f97/element - {"using":"xpath","value":"//input[contains(@id ,\"smartContractFilterBar-btnBasicSearch-I\")]"}
COMMAND: GET /session/365d56350ece7ddb67f22ecca89c6f97/screenshot - {}
RESULT: {}
RESULT: {"using":"xpath","value":"//input[contains(@id ,\"smartContractFilterBar-btnBasicSearch-I\")]"}
COMMAND: POST /session/365d56350ece7ddb67f22ecca89c6f97/elements - {"using":"xpath","value":"//input[contains(@id ,\"smartContractFilterBar-btnBasicSearch-I\")]"}
RESULT: {}
RESULT: {"using":"xpath","value":"//input[contains(@id ,\"smartContractFilterBar-btnBasicSearch-I\")]"}
COMMAND: POST /session/365d56350ece7ddb67f22ecca89c6f97/execute/sync - {"script":"<script> [8489 bytes]","args":[{"element-6066-11e4-a52e-4f735466cecf":"f.0CFB565138F0704D782EF1C57C56E9E5.d.A06AE8E9EAE81C449FC38072ECE5906D.e.21666","ELEMENT":"f.0CFB565138F0704D782EF1C57C56E9E5.d.A06AE8E9EAE81C449FC38072ECE5906D.e.21666"}]}
RESULT: {"script":"<script> [8489 bytes]","args":[{"element-6066-11e4-a52e-4f735466cecf":"f.0CFB565138F0704D782EF1C57C56E9E5.d.A06AE8E9EAE81C449FC38072ECE5906D.e.21666","ELEMENT":"f.0CFB565138F0704D782EF1C57C56E9E5.d.A06AE8E9EAE81C449FC38072ECE5906D.e.21666"}]}
COMMAND: GET /session/365d56350ece7ddb67f22ecca89c6f97/element/f.0CFB565138F0704D782EF1C57C56E9E5.d.A06AE8E9EAE81C449FC38072ECE5906D.e.21666/enabled - {}
COMMAND: GET /session/365d56350ece7ddb67f22ecca89c6f97/screenshot - {}
RESULT: {}
COMMAND: POST /session/365d56350ece7ddb67f22ecca89c6f97/element/f.0CFB565138F0704D782EF1C57C56E9E5.d.A06AE8E9EAE81C449FC38072ECE5906D.e.21666/clear - {}
COMMAND: GET /session/365d56350ece7ddb67f22ecca89c6f97/screenshot - {}
RESULT: {}
RESULT: {}
COMMAND: POST /session/365d56350ece7ddb67f22ecca89c6f97/element/f.0CFB565138F0704D782EF1C57C56E9E5.d.A06AE8E9EAE81C449FC38072ECE5906D.e.21666/value - {"text":"10222"}
COMMAND: GET /session/365d56350ece7ddb67f22ecca89c6f97/screenshot - {}
RESULT: {}
RESULT: {"text":"10222"}
COMMAND: GET /session/365d56350ece7ddb67f22ecca89c6f97/screenshot - {}
RESULT: {}
RESULT: {}
COMMAND: POST /session/365d56350ece7ddb67f22ecca89c6f97/actions - {"actions":[{"id":"action84","type":"key","parameters":{},"actions":[{"type":"keyDown","value":""},{"type":"pause","duration":10},{"type":"keyUp","value":""}]}]}
RESULT: {"actions":[{"id":"action84","type":"key","parameters":{},"actions":[{"type":"keyDown","value":""},{"type":"pause","duration":10},{"type":"keyUp","value":""}]}]}
COMMAND: GET /session/365d56350ece7ddb67f22ecca89c6f97/screenshot - {}
RESULT: {}
COMMAND: POST /session/365d56350ece7ddb67f22ecca89c6f97/element - {"using":"xpath","value":"//span[contains(@id, \"masterListContractsSmartTable-header-inner\")]"}
RESULT: {"using":"xpath","value":"//span[contains(@id, \"masterListContractsSmartTable-header-inner\")]"}
COMMAND: POST /session/365d56350ece7ddb67f22ecca89c6f97/elements - {"using":"xpath","value":"//span[contains(@id, \"masterListContractsSmartTable-header-inner\")]"}
RESULT: {"using":"xpath","value":"//span[contains(@id, \"masterListContractsSmartTable-header-inner\")]"}
COMMAND: POST /session/365d56350ece7ddb67f22ecca89c6f97/execute/sync - {"script":"<script> [56 bytes]","args":[{"element-6066-11e4-a52e-4f735466cecf":"f.0CFB565138F0704D782EF1C57C56E9E5.d.A06AE8E9EAE81C449FC38072ECE5906D.e.21770","ELEMENT":"f.0CFB565138F0704D782EF1C57C56E9E5.d.A06AE8E9EAE81C449FC38072ECE5906D.e.21770"}]}
RESULT: {"script":"<script> [56 bytes]","args":[{"element-6066-11e4-a52e-4f735466cecf":"f.0CFB565138F0704D782EF1C57C56E9E5.d.A06AE8E9EAE81C449FC38072ECE5906D.e.21770","ELEMENT":"f.0CFB565138F0704D782EF1C57C56E9E5.d.A06AE8E9EAE81C449FC38072ECE5906D.e.21770"}]}
COMMAND: POST /session/365d56350ece7ddb67f22ecca89c6f97/element - {"using":"xpath","value":"(//span[contains(@id, \"imgNav\")])[1]"}
COMMAND: GET /session/365d56350ece7ddb67f22ecca89c6f97/screenshot - {}
RESULT: {"using":"xpath","value":"(//span[contains(@id, \"imgNav\")])[1]"}
COMMAND: POST /session/365d56350ece7ddb67f22ecca89c6f97/element/f.0CFB565138F0704D782EF1C57C56E9E5.d.A06AE8E9EAE81C449FC38072ECE5906D.e.21768/click - {}
RESULT: {}
RESULT: {}
COMMAND: GET /session/365d56350ece7ddb67f22ecca89c6f97/screenshot - {}
RESULT: {}
COMMAND: POST /session/365d56350ece7ddb67f22ecca89c6f97/element - {"using":"xpath","value":"//tr[@data-kt=\"productsColumnListItem\"]//td//span[contains(@id, \"imgNav\")][1]"}
RESULT: {"using":"xpath","value":"//tr[@data-kt=\"productsColumnListItem\"]//td//span[contains(@id, \"imgNav\")][1]"}
COMMAND: POST /session/365d56350ece7ddb67f22ecca89c6f97/element/f.0CFB565138F0704D782EF1C57C56E9E5.d.A06AE8E9EAE81C449FC38072ECE5906D.e.21941/click - {}
RESULT: {}
COMMAND: GET /session/365d56350ece7ddb67f22ecca89c6f97/screenshot - {}
RESULT: {}
COMMAND: POST /session/365d56350ece7ddb67f22ecca89c6f97/element - {"using":"xpath","value":"//section[contains(@id, \"application-managecontracts-display-component---BillingItem--ObjectPageLayout-OPHeaderContent\")]/div/div/div/div/div[2]/div/div[2]/span"}
RESULT: {"using":"xpath","value":"//section[contains(@id, \"application-managecontracts-display-component---BillingItem--ObjectPageLayout-OPHeaderContent\")]/div/div/div/div/div[2]/div/div[2]/span"}
COMMAND: POST /session/365d56350ece7ddb67f22ecca89c6f97/execute/sync - {"script":"<script> [56 bytes]","args":[{"element-6066-11e4-a52e-4f735466cecf":"f.0CFB565138F0704D782EF1C57C56E9E5.d.A06AE8E9EAE81C449FC38072ECE5906D.e.22076","ELEMENT":"f.0CFB565138F0704D782EF1C57C56E9E5.d.A06AE8E9EAE81C449FC38072ECE5906D.e.22076"}]}
RESULT: {"script":"<script> [56 bytes]","args":[{"element-6066-11e4-a52e-4f735466cecf":"f.0CFB565138F0704D782EF1C57C56E9E5.d.A06AE8E9EAE81C449FC38072ECE5906D.e.22076","ELEMENT":"f.0CFB565138F0704D782EF1C57C56E9E5.d.A06AE8E9EAE81C449FC38072ECE5906D.e.22076"}]}
COMMAND: POST /session/365d56350ece7ddb67f22ecca89c6f97/element - {"using":"xpath","value":"//table[contains(@id, \"application-managecontracts-display-component---BillingItem--billingList-listUl\")]//td//*[contains(text(), \"partial billed\")]"}
COMMAND: GET /session/365d56350ece7ddb67f22ecca89c6f97/screenshot - {}
RESULT: {"using":"xpath","value":"//table[contains(@id, \"application-managecontracts-display-component---BillingItem--billingList-listUl\")]//td//*[contains(text(), \"partial billed\")]"}
COMMAND: POST /session/365d56350ece7ddb67f22ecca89c6f97/execute/sync - {"script":"<script> [56 bytes]","args":[{"element-6066-11e4-a52e-4f735466cecf":"f.0CFB565138F0704D782EF1C57C56E9E5.d.A06AE8E9EAE81C449FC38072ECE5906D.e.22077","ELEMENT":"f.0CFB565138F0704D782EF1C57C56E9E5.d.A06AE8E9EAE81C449FC38072ECE5906D.e.22077"}]}
RESULT: {}
RESULT: {"script":"<script> [56 bytes]","args":[{"element-6066-11e4-a52e-4f735466cecf":"f.0CFB565138F0704D782EF1C57C56E9E5.d.A06AE8E9EAE81C449FC38072ECE5906D.e.22077","ELEMENT":"f.0CFB565138F0704D782EF1C57C56E9E5.d.A06AE8E9EAE81C449FC38072ECE5906D.e.22077"}]}
COMMAND: POST /session/365d56350ece7ddb67f22ecca89c6f97/element - {"using":"css selector","value":"#shell-header-logo"}
COMMAND: GET /session/365d56350ece7ddb67f22ecca89c6f97/screenshot - {}
RESULT: {"using":"css selector","value":"#shell-header-logo"}
COMMAND: POST /session/365d56350ece7ddb67f22ecca89c6f97/element/f.0CFB565138F0704D782EF1C57C56E9E5.d.A06AE8E9EAE81C449FC38072ECE5906D.e.21657/click - {}
RESULT: {}
RESULT: {}
COMMAND: GET /session/365d56350ece7ddb67f22ecca89c6f97/screenshot - {}
RESULT: {}
]]></system-out>
    </testcase>
    <testcase classname="chrome.136_0_7103_93.windows.Billing_Calculation_-_Time_based_(considering_transport_times)_US139738" name="Should do a handover return 2 step 7 days after provide or 14 days from today receive it in 21 days" time="147.555">
      <failure/>
      <error message="element click intercepted: Element &lt;button id=&quot;__button466&quot; data-sap-ui=&quot;__button466&quot; data-sap-ui-render=&quot;&quot; data-kt=&quot;ReceivingTableConfirmAllButton&quot; data-ui5-accesskey=&quot;c&quot; aria-describedby=&quot;__button466-tooltip&quot; title=&quot;Confirm All&quot; class=&quot;sapMBtnBase sapMBtn sapMColumnHeaderContent&quot;>...&lt;/button> is not clickable at point (726, 749). Other element would receive the click: &lt;div id=&quot;sap-ui-blocklayer-popup&quot; tabindex=&quot;0&quot; class=&quot;sapUiBLy&quot; style=&quot;z-index: 889; visibility: visible;&quot;>&lt;/div>&#xA;  (Session info: chrome=136.0.7103.93)"/>
      <system-out><![CDATA[
RESULT: undefined
COMMAND: POST /session/365d56350ece7ddb67f22ecca89c6f97/element - {"using":"xpath","value":"//*[@id=\"__tile130\"]"}
RESULT: {"using":"xpath","value":"//*[@id=\"__tile130\"]"}
COMMAND: POST /session/365d56350ece7ddb67f22ecca89c6f97/element/f.0CFB565138F0704D782EF1C57C56E9E5.d.A06AE8E9EAE81C449FC38072ECE5906D.e.17458/click - {}
RESULT: {}
COMMAND: GET /session/365d56350ece7ddb67f22ecca89c6f97/screenshot - {}
RESULT: {}
COMMAND: POST /session/365d56350ece7ddb67f22ecca89c6f97/elements - {"using":"xpath","value":"//span[text()='Error']"}
RESULT: {"using":"xpath","value":"//span[text()='Error']"}
COMMAND: POST /session/365d56350ece7ddb67f22ecca89c6f97/element - {"using":"xpath","value":"//button[@data-kt=\"addButton\"]"}
RESULT: {"using":"xpath","value":"//button[@data-kt=\"addButton\"]"}
COMMAND: POST /session/365d56350ece7ddb67f22ecca89c6f97/elements - {"using":"xpath","value":"//button[@data-kt=\"addButton\"]"}
RESULT: {"using":"xpath","value":"//button[@data-kt=\"addButton\"]"}
COMMAND: POST /session/365d56350ece7ddb67f22ecca89c6f97/execute/sync - {"script":"<script> [8489 bytes]","args":[{"element-6066-11e4-a52e-4f735466cecf":"f.0CFB565138F0704D782EF1C57C56E9E5.d.A06AE8E9EAE81C449FC38072ECE5906D.e.22103","ELEMENT":"f.0CFB565138F0704D782EF1C57C56E9E5.d.A06AE8E9EAE81C449FC38072ECE5906D.e.22103"}]}
RESULT: {"script":"<script> [8489 bytes]","args":[{"element-6066-11e4-a52e-4f735466cecf":"f.0CFB565138F0704D782EF1C57C56E9E5.d.A06AE8E9EAE81C449FC38072ECE5906D.e.22103","ELEMENT":"f.0CFB565138F0704D782EF1C57C56E9E5.d.A06AE8E9EAE81C449FC38072ECE5906D.e.22103"}]}
COMMAND: GET /session/365d56350ece7ddb67f22ecca89c6f97/element/f.0CFB565138F0704D782EF1C57C56E9E5.d.A06AE8E9EAE81C449FC38072ECE5906D.e.22103/enabled - {}
COMMAND: GET /session/365d56350ece7ddb67f22ecca89c6f97/screenshot - {}
RESULT: {}
COMMAND: POST /session/365d56350ece7ddb67f22ecca89c6f97/execute/sync - {"script":"<script> [8489 bytes]","args":[{"element-6066-11e4-a52e-4f735466cecf":"f.0CFB565138F0704D782EF1C57C56E9E5.d.A06AE8E9EAE81C449FC38072ECE5906D.e.22103","ELEMENT":"f.0CFB565138F0704D782EF1C57C56E9E5.d.A06AE8E9EAE81C449FC38072ECE5906D.e.22103"}]}
COMMAND: GET /session/365d56350ece7ddb67f22ecca89c6f97/screenshot - {}
RESULT: {}
RESULT: {"script":"<script> [8489 bytes]","args":[{"element-6066-11e4-a52e-4f735466cecf":"f.0CFB565138F0704D782EF1C57C56E9E5.d.A06AE8E9EAE81C449FC38072ECE5906D.e.22103","ELEMENT":"f.0CFB565138F0704D782EF1C57C56E9E5.d.A06AE8E9EAE81C449FC38072ECE5906D.e.22103"}]}
COMMAND: POST /session/365d56350ece7ddb67f22ecca89c6f97/execute/sync - {"script":"<script> [5351 bytes]","args":[{"element-6066-11e4-a52e-4f735466cecf":"f.0CFB565138F0704D782EF1C57C56E9E5.d.A06AE8E9EAE81C449FC38072ECE5906D.e.22103","ELEMENT":"f.0CFB565138F0704D782EF1C57C56E9E5.d.A06AE8E9EAE81C449FC38072ECE5906D.e.22103"}]}
RESULT: {}
RESULT: {"script":"<script> [5351 bytes]","args":[{"element-6066-11e4-a52e-4f735466cecf":"f.0CFB565138F0704D782EF1C57C56E9E5.d.A06AE8E9EAE81C449FC38072ECE5906D.e.22103","ELEMENT":"f.0CFB565138F0704D782EF1C57C56E9E5.d.A06AE8E9EAE81C449FC38072ECE5906D.e.22103"}]}
COMMAND: GET /session/365d56350ece7ddb67f22ecca89c6f97/screenshot - {}
COMMAND: GET /session/365d56350ece7ddb67f22ecca89c6f97/screenshot - {}
RESULT: {}
RESULT: {}
COMMAND: POST /session/365d56350ece7ddb67f22ecca89c6f97/element - {"using":"xpath","value":"//input[contains(@id ,\"smartContractFilterBar-btnBasicSearch-I\")]"}
RESULT: {"using":"xpath","value":"//input[contains(@id ,\"smartContractFilterBar-btnBasicSearch-I\")]"}
COMMAND: POST /session/365d56350ece7ddb67f22ecca89c6f97/elements - {"using":"xpath","value":"//input[contains(@id ,\"smartContractFilterBar-btnBasicSearch-I\")]"}
RESULT: {"using":"xpath","value":"//input[contains(@id ,\"smartContractFilterBar-btnBasicSearch-I\")]"}
COMMAND: POST /session/365d56350ece7ddb67f22ecca89c6f97/execute/sync - {"script":"<script> [8489 bytes]","args":[{"element-6066-11e4-a52e-4f735466cecf":"f.0CFB565138F0704D782EF1C57C56E9E5.d.A06AE8E9EAE81C449FC38072ECE5906D.e.22085","ELEMENT":"f.0CFB565138F0704D782EF1C57C56E9E5.d.A06AE8E9EAE81C449FC38072ECE5906D.e.22085"}]}
RESULT: {"script":"<script> [8489 bytes]","args":[{"element-6066-11e4-a52e-4f735466cecf":"f.0CFB565138F0704D782EF1C57C56E9E5.d.A06AE8E9EAE81C449FC38072ECE5906D.e.22085","ELEMENT":"f.0CFB565138F0704D782EF1C57C56E9E5.d.A06AE8E9EAE81C449FC38072ECE5906D.e.22085"}]}
COMMAND: GET /session/365d56350ece7ddb67f22ecca89c6f97/element/f.0CFB565138F0704D782EF1C57C56E9E5.d.A06AE8E9EAE81C449FC38072ECE5906D.e.22085/enabled - {}
RESULT: {}
COMMAND: POST /session/365d56350ece7ddb67f22ecca89c6f97/element/f.0CFB565138F0704D782EF1C57C56E9E5.d.A06AE8E9EAE81C449FC38072ECE5906D.e.22085/clear - {}
COMMAND: GET /session/365d56350ece7ddb67f22ecca89c6f97/screenshot - {}
COMMAND: GET /session/365d56350ece7ddb67f22ecca89c6f97/screenshot - {}
RESULT: {}
COMMAND: POST /session/365d56350ece7ddb67f22ecca89c6f97/element/f.0CFB565138F0704D782EF1C57C56E9E5.d.A06AE8E9EAE81C449FC38072ECE5906D.e.22085/value - {"text":"10222"}
COMMAND: GET /session/365d56350ece7ddb67f22ecca89c6f97/screenshot - {}
RESULT: {}
RESULT: {}
RESULT: {"text":"10222"}
COMMAND: GET /session/365d56350ece7ddb67f22ecca89c6f97/screenshot - {}
RESULT: {}
RESULT: {}
COMMAND: POST /session/365d56350ece7ddb67f22ecca89c6f97/actions - {"actions":[{"id":"action85","type":"key","parameters":{},"actions":[{"type":"keyDown","value":""},{"type":"pause","duration":10},{"type":"keyUp","value":""}]}]}
RESULT: {"actions":[{"id":"action85","type":"key","parameters":{},"actions":[{"type":"keyDown","value":""},{"type":"pause","duration":10},{"type":"keyUp","value":""}]}]}
COMMAND: GET /session/365d56350ece7ddb67f22ecca89c6f97/screenshot - {}
RESULT: {}
COMMAND: POST /session/365d56350ece7ddb67f22ecca89c6f97/element - {"using":"xpath","value":"//span[contains(@id, \"masterListContractsSmartTable-header-inner\")]"}
RESULT: {"using":"xpath","value":"//span[contains(@id, \"masterListContractsSmartTable-header-inner\")]"}
COMMAND: POST /session/365d56350ece7ddb67f22ecca89c6f97/elements - {"using":"xpath","value":"//span[contains(@id, \"masterListContractsSmartTable-header-inner\")]"}
RESULT: {"using":"xpath","value":"//span[contains(@id, \"masterListContractsSmartTable-header-inner\")]"}
COMMAND: POST /session/365d56350ece7ddb67f22ecca89c6f97/execute/sync - {"script":"<script> [56 bytes]","args":[{"element-6066-11e4-a52e-4f735466cecf":"f.0CFB565138F0704D782EF1C57C56E9E5.d.A06AE8E9EAE81C449FC38072ECE5906D.e.22193","ELEMENT":"f.0CFB565138F0704D782EF1C57C56E9E5.d.A06AE8E9EAE81C449FC38072ECE5906D.e.22193"}]}
RESULT: {"script":"<script> [56 bytes]","args":[{"element-6066-11e4-a52e-4f735466cecf":"f.0CFB565138F0704D782EF1C57C56E9E5.d.A06AE8E9EAE81C449FC38072ECE5906D.e.22193","ELEMENT":"f.0CFB565138F0704D782EF1C57C56E9E5.d.A06AE8E9EAE81C449FC38072ECE5906D.e.22193"}]}
COMMAND: POST /session/365d56350ece7ddb67f22ecca89c6f97/element - {"using":"xpath","value":"(//span[contains(@id, \"imgNav\")])[1]"}
COMMAND: GET /session/365d56350ece7ddb67f22ecca89c6f97/screenshot - {}
RESULT: {"using":"xpath","value":"(//span[contains(@id, \"imgNav\")])[1]"}
COMMAND: POST /session/365d56350ece7ddb67f22ecca89c6f97/element/f.0CFB565138F0704D782EF1C57C56E9E5.d.A06AE8E9EAE81C449FC38072ECE5906D.e.22191/click - {}
RESULT: {}
RESULT: {}
COMMAND: GET /session/365d56350ece7ddb67f22ecca89c6f97/screenshot - {}
RESULT: {}
COMMAND: POST /session/365d56350ece7ddb67f22ecca89c6f97/element - {"using":"xpath","value":"//button[contains(@id, \"contractDetailReturnButton\")]"}
RESULT: {"using":"xpath","value":"//button[contains(@id, \"contractDetailReturnButton\")]"}
COMMAND: POST /session/365d56350ece7ddb67f22ecca89c6f97/element/f.0CFB565138F0704D782EF1C57C56E9E5.d.A06AE8E9EAE81C449FC38072ECE5906D.e.22327/click - {}
RESULT: {}
COMMAND: GET /session/365d56350ece7ddb67f22ecca89c6f97/screenshot - {}
RESULT: {}
RESULT: undefined
COMMAND: POST /session/365d56350ece7ddb67f22ecca89c6f97/execute/async - {"script":"<script> [776 bytes]","args":[{"enterText":"6/8/25","selector":{"id":"application-managehandovers-display-component---AddNewHO--dueDate","interaction":{"idSuffix":"inner"}},"clearTextFirst":true,"interactionType":"ENTER_TEXT"}]}
RESULT: {"script":"<script> [776 bytes]","args":[{"enterText":"6/8/25","selector":{"id":"application-managehandovers-display-component---AddNewHO--dueDate","interaction":{"idSuffix":"inner"}},"clearTextFirst":true,"interactionType":"ENTER_TEXT"}]}
COMMAND: POST /session/365d56350ece7ddb67f22ecca89c6f97/element - {"using":"xpath","value":"//bdi[contains(text(), \"Instructions\")]"}
RESULT: {"using":"xpath","value":"//bdi[contains(text(), \"Instructions\")]"}
COMMAND: POST /session/365d56350ece7ddb67f22ecca89c6f97/element/f.0CFB565138F0704D782EF1C57C56E9E5.d.A06AE8E9EAE81C449FC38072ECE5906D.e.22640/click - {}
RESULT: {}
COMMAND: GET /session/365d56350ece7ddb67f22ecca89c6f97/screenshot - {}
RESULT: {}
COMMAND: POST /session/365d56350ece7ddb67f22ecca89c6f97/element - {"using":"xpath","value":"//button[@data-kt=\"AddNewHOProvideAddItemsButton\"]"}
RESULT: {"using":"xpath","value":"//button[@data-kt=\"AddNewHOProvideAddItemsButton\"]"}
COMMAND: POST /session/365d56350ece7ddb67f22ecca89c6f97/element/f.0CFB565138F0704D782EF1C57C56E9E5.d.A06AE8E9EAE81C449FC38072ECE5906D.e.22644/click - {}
RESULT: {}
COMMAND: GET /session/365d56350ece7ddb67f22ecca89c6f97/screenshot - {}
RESULT: {}
RESULT: undefined
COMMAND: POST /session/365d56350ece7ddb67f22ecca89c6f97/element - {"using":"xpath","value":"//*[@id=\"application-managehandovers-display-component---AddNewHO--popup-sa\"]"}
RESULT: {"using":"xpath","value":"//*[@id=\"application-managehandovers-display-component---AddNewHO--popup-sa\"]"}
COMMAND: POST /session/365d56350ece7ddb67f22ecca89c6f97/element/f.0CFB565138F0704D782EF1C57C56E9E5.d.A06AE8E9EAE81C449FC38072ECE5906D.e.22653/click - {}
RESULT: {}
COMMAND: GET /session/365d56350ece7ddb67f22ecca89c6f97/screenshot - {}
RESULT: {}
COMMAND: POST /session/365d56350ece7ddb67f22ecca89c6f97/element - {"using":"xpath","value":"//*[contains(@id ,\"BDI-content\")][contains(text(), \"Select\")]"}
RESULT: {"using":"xpath","value":"//*[contains(@id ,\"BDI-content\")][contains(text(), \"Select\")]"}
COMMAND: POST /session/365d56350ece7ddb67f22ecca89c6f97/element/f.0CFB565138F0704D782EF1C57C56E9E5.d.A06AE8E9EAE81C449FC38072ECE5906D.e.22655/click - {}
RESULT: {}
COMMAND: GET /session/365d56350ece7ddb67f22ecca89c6f97/screenshot - {}
RESULT: {}
COMMAND: POST /session/365d56350ece7ddb67f22ecca89c6f97/element - {"using":"xpath","value":"(//div[contains(@id, \"application-managehandovers-display-component---AddNewHO--oneStep-CbBg\")])"}
RESULT: {"using":"xpath","value":"(//div[contains(@id, \"application-managehandovers-display-component---AddNewHO--oneStep-CbBg\")])"}
COMMAND: POST /session/365d56350ece7ddb67f22ecca89c6f97/element/f.0CFB565138F0704D782EF1C57C56E9E5.d.A06AE8E9EAE81C449FC38072ECE5906D.e.22663/click - {}
RESULT: {}
RESULT: undefined
COMMAND: POST /session/365d56350ece7ddb67f22ecca89c6f97/element - {"using":"xpath","value":"//*[@id=\"application-managehandovers-display-component---AddNewHO--confirmCreationButton\"]"}
COMMAND: GET /session/365d56350ece7ddb67f22ecca89c6f97/screenshot - {}
RESULT: {"using":"xpath","value":"//*[@id=\"application-managehandovers-display-component---AddNewHO--confirmCreationButton\"]"}
COMMAND: POST /session/365d56350ece7ddb67f22ecca89c6f97/element/f.0CFB565138F0704D782EF1C57C56E9E5.d.A06AE8E9EAE81C449FC38072ECE5906D.e.22452/click - {}
RESULT: {}
RESULT: {}
COMMAND: GET /session/365d56350ece7ddb67f22ecca89c6f97/screenshot - {}
RESULT: {}
RESULT: undefined
COMMAND: POST /session/365d56350ece7ddb67f22ecca89c6f97/execute/async - {"script":"<script> [776 bytes]","args":[{"enterText":"6/8/25","selector":{"id":"issueDatePicker","viewName":"etm.portal.ui.managehandovers.view.DetailExecuteHO","interaction":{"idSuffix":"inner"}},"clearTextFirst":true,"interactionType":"ENTER_TEXT"}]}
RESULT: {"script":"<script> [776 bytes]","args":[{"enterText":"6/8/25","selector":{"id":"issueDatePicker","viewName":"etm.portal.ui.managehandovers.view.DetailExecuteHO","interaction":{"idSuffix":"inner"}},"clearTextFirst":true,"interactionType":"ENTER_TEXT"}]}
COMMAND: POST /session/365d56350ece7ddb67f22ecca89c6f97/element - {"using":"xpath","value":"//button[@data-kt=\"PickingTableConfirmAllButton\"]"}
RESULT: {"using":"xpath","value":"//button[@data-kt=\"PickingTableConfirmAllButton\"]"}
COMMAND: POST /session/365d56350ece7ddb67f22ecca89c6f97/element/f.0CFB565138F0704D782EF1C57C56E9E5.d.A06AE8E9EAE81C449FC38072ECE5906D.e.22726/click - {}
RESULT: {}
COMMAND: GET /session/365d56350ece7ddb67f22ecca89c6f97/screenshot - {}
RESULT: {}
COMMAND: POST /session/365d56350ece7ddb67f22ecca89c6f97/element - {"using":"xpath","value":"//bdi[contains(text(), \"OK\")]"}
RESULT: {"using":"xpath","value":"//bdi[contains(text(), \"OK\")]"}
COMMAND: POST /session/365d56350ece7ddb67f22ecca89c6f97/element/f.0CFB565138F0704D782EF1C57C56E9E5.d.A06AE8E9EAE81C449FC38072ECE5906D.e.22729/click - {}
RESULT: {}
COMMAND: GET /session/365d56350ece7ddb67f22ecca89c6f97/screenshot - {}
RESULT: {}
COMMAND: POST /session/365d56350ece7ddb67f22ecca89c6f97/element - {"using":"xpath","value":"//button[@data-kt=\"execHoPickButton\"]"}
RESULT: {"using":"xpath","value":"//button[@data-kt=\"execHoPickButton\"]"}
COMMAND: POST /session/365d56350ece7ddb67f22ecca89c6f97/element/f.0CFB565138F0704D782EF1C57C56E9E5.d.A06AE8E9EAE81C449FC38072ECE5906D.e.22731/click - {}
RESULT: {}
COMMAND: GET /session/365d56350ece7ddb67f22ecca89c6f97/screenshot - {}
RESULT: {}
COMMAND: POST /session/365d56350ece7ddb67f22ecca89c6f97/element - {"using":"xpath","value":"//span[contains(@id ,\"filterItemControl_BASIC-SEND_CONTRACT-vhi\")]"}
RESULT: {"using":"xpath","value":"//span[contains(@id ,\"filterItemControl_BASIC-SEND_CONTRACT-vhi\")]"}
COMMAND: POST /session/365d56350ece7ddb67f22ecca89c6f97/element/f.0CFB565138F0704D782EF1C57C56E9E5.d.A06AE8E9EAE81C449FC38072ECE5906D.e.22908/click - {}
RESULT: {}
COMMAND: GET /session/365d56350ece7ddb67f22ecca89c6f97/screenshot - {}
RESULT: {}
RESULT: undefined
COMMAND: POST /session/365d56350ece7ddb67f22ecca89c6f97/execute/async - {"script":"<script> [776 bytes]","args":[{"enterText":"10222","selector":{"controlType":"sap.m.SearchField","viewName":"etm.portal.ui.managehandovers.view.MasterHO","bindingPath":{"path":"","propertyPath":"/_BASIC_SEARCH_FIELD","modelName":"fi1t3rM0d31"},"searchOpenDialogs":true,"interaction":{"idSuffix":"I"}},"clearTextFirst":true,"interactionType":"ENTER_TEXT"}]}
RESULT: {"script":"<script> [776 bytes]","args":[{"enterText":"10222","selector":{"controlType":"sap.m.SearchField","viewName":"etm.portal.ui.managehandovers.view.MasterHO","bindingPath":{"path":"","propertyPath":"/_BASIC_SEARCH_FIELD","modelName":"fi1t3rM0d31"},"searchOpenDialogs":true,"interaction":{"idSuffix":"I"}},"clearTextFirst":true,"interactionType":"ENTER_TEXT"}]}
COMMAND: POST /session/365d56350ece7ddb67f22ecca89c6f97/actions - {"actions":[{"id":"action86","type":"key","parameters":{},"actions":[{"type":"keyDown","value":""},{"type":"pause","duration":10},{"type":"keyUp","value":""}]}]}
RESULT: {"actions":[{"id":"action86","type":"key","parameters":{},"actions":[{"type":"keyDown","value":""},{"type":"pause","duration":10},{"type":"keyUp","value":""}]}]}
COMMAND: GET /session/365d56350ece7ddb67f22ecca89c6f97/screenshot - {}
RESULT: {}
COMMAND: POST /session/365d56350ece7ddb67f22ecca89c6f97/element - {"using":"xpath","value":"//div[contains(@id, 'filterItemControl_BASIC-SEND_CONTRACT-valueHelpDialog-table-rowsel0')]"}
RESULT: {"using":"xpath","value":"//div[contains(@id, 'filterItemControl_BASIC-SEND_CONTRACT-valueHelpDialog-table-rowsel0')]"}
COMMAND: POST /session/365d56350ece7ddb67f22ecca89c6f97/element/f.0CFB565138F0704D782EF1C57C56E9E5.d.A06AE8E9EAE81C449FC38072ECE5906D.e.22916/click - {}
RESULT: {}
COMMAND: GET /session/365d56350ece7ddb67f22ecca89c6f97/screenshot - {}
RESULT: {}
COMMAND: POST /session/365d56350ece7ddb67f22ecca89c6f97/element - {"using":"xpath","value":"//bdi[contains(text(), \"OK\")]"}
RESULT: {"using":"xpath","value":"//bdi[contains(text(), \"OK\")]"}
COMMAND: POST /session/365d56350ece7ddb67f22ecca89c6f97/element/f.0CFB565138F0704D782EF1C57C56E9E5.d.A06AE8E9EAE81C449FC38072ECE5906D.e.22918/click - {}
RESULT: {}
COMMAND: GET /session/365d56350ece7ddb67f22ecca89c6f97/screenshot - {}
RESULT: {}
COMMAND: POST /session/365d56350ece7ddb67f22ecca89c6f97/element - {"using":"xpath","value":"//span[contains(@id, \"smartTable-header-inner\")]"}
RESULT: {"using":"xpath","value":"//span[contains(@id, \"smartTable-header-inner\")]"}
COMMAND: POST /session/365d56350ece7ddb67f22ecca89c6f97/elements - {"using":"xpath","value":"//span[contains(@id, \"smartTable-header-inner\")]"}
RESULT: {"using":"xpath","value":"//span[contains(@id, \"smartTable-header-inner\")]"}
COMMAND: POST /session/365d56350ece7ddb67f22ecca89c6f97/execute/sync - {"script":"<script> [56 bytes]","args":[{"element-6066-11e4-a52e-4f735466cecf":"f.0CFB565138F0704D782EF1C57C56E9E5.d.A06AE8E9EAE81C449FC38072ECE5906D.e.22947","ELEMENT":"f.0CFB565138F0704D782EF1C57C56E9E5.d.A06AE8E9EAE81C449FC38072ECE5906D.e.22947"}]}
RESULT: {"script":"<script> [56 bytes]","args":[{"element-6066-11e4-a52e-4f735466cecf":"f.0CFB565138F0704D782EF1C57C56E9E5.d.A06AE8E9EAE81C449FC38072ECE5906D.e.22947","ELEMENT":"f.0CFB565138F0704D782EF1C57C56E9E5.d.A06AE8E9EAE81C449FC38072ECE5906D.e.22947"}]}
COMMAND: POST /session/365d56350ece7ddb67f22ecca89c6f97/element - {"using":"xpath","value":"//table[contains(@id, \"customHandovers\")]//tbody/tr[1]/td[2]/span"}
COMMAND: GET /session/365d56350ece7ddb67f22ecca89c6f97/screenshot - {}
RESULT: {"using":"xpath","value":"//table[contains(@id, \"customHandovers\")]//tbody/tr[1]/td[2]/span"}
COMMAND: POST /session/365d56350ece7ddb67f22ecca89c6f97/execute/sync - {"script":"<script> [56 bytes]","args":[{"element-6066-11e4-a52e-4f735466cecf":"f.0CFB565138F0704D782EF1C57C56E9E5.d.A06AE8E9EAE81C449FC38072ECE5906D.e.22948","ELEMENT":"f.0CFB565138F0704D782EF1C57C56E9E5.d.A06AE8E9EAE81C449FC38072ECE5906D.e.22948"}]}
RESULT: {}
RESULT: {"script":"<script> [56 bytes]","args":[{"element-6066-11e4-a52e-4f735466cecf":"f.0CFB565138F0704D782EF1C57C56E9E5.d.A06AE8E9EAE81C449FC38072ECE5906D.e.22948","ELEMENT":"f.0CFB565138F0704D782EF1C57C56E9E5.d.A06AE8E9EAE81C449FC38072ECE5906D.e.22948"}]}
COMMAND: POST /session/365d56350ece7ddb67f22ecca89c6f97/element - {"using":"xpath","value":"(//span[contains(@id, \"imgNav\")])[1]"}
COMMAND: GET /session/365d56350ece7ddb67f22ecca89c6f97/screenshot - {}
RESULT: {"using":"xpath","value":"(//span[contains(@id, \"imgNav\")])[1]"}
COMMAND: POST /session/365d56350ece7ddb67f22ecca89c6f97/element/f.0CFB565138F0704D782EF1C57C56E9E5.d.A06AE8E9EAE81C449FC38072ECE5906D.e.22945/click - {}
RESULT: {}
RESULT: {}
COMMAND: GET /session/365d56350ece7ddb67f22ecca89c6f97/screenshot - {}
RESULT: undefined
COMMAND: POST /session/365d56350ece7ddb67f22ecca89c6f97/execute/async - {"script":"<script> [776 bytes]","args":[{"enterText":"6/8/25","selector":{"id":"issueDatePicker","viewName":"etm.portal.ui.managehandovers.view.DetailExecuteHO","interaction":{"idSuffix":"inner"}},"clearTextFirst":true,"interactionType":"ENTER_TEXT"}]}
RESULT: {}
RESULT: {"script":"<script> [776 bytes]","args":[{"enterText":"6/8/25","selector":{"id":"issueDatePicker","viewName":"etm.portal.ui.managehandovers.view.DetailExecuteHO","interaction":{"idSuffix":"inner"}},"clearTextFirst":true,"interactionType":"ENTER_TEXT"}]}
COMMAND: POST /session/365d56350ece7ddb67f22ecca89c6f97/element - {"using":"xpath","value":"//button[@data-kt=\"IssuingTableConfirmAllButton\"]"}
RESULT: {"using":"xpath","value":"//button[@data-kt=\"IssuingTableConfirmAllButton\"]"}
COMMAND: POST /session/365d56350ece7ddb67f22ecca89c6f97/element/f.0CFB565138F0704D782EF1C57C56E9E5.d.A06AE8E9EAE81C449FC38072ECE5906D.e.22977/click - {}
RESULT: {}
COMMAND: GET /session/365d56350ece7ddb67f22ecca89c6f97/screenshot - {}
RESULT: {}
COMMAND: POST /session/365d56350ece7ddb67f22ecca89c6f97/element - {"using":"xpath","value":"//bdi[contains(text(), \"OK\")]"}
RESULT: {"using":"xpath","value":"//bdi[contains(text(), \"OK\")]"}
COMMAND: POST /session/365d56350ece7ddb67f22ecca89c6f97/element/f.0CFB565138F0704D782EF1C57C56E9E5.d.A06AE8E9EAE81C449FC38072ECE5906D.e.22992/click - {}
RESULT: {}
COMMAND: GET /session/365d56350ece7ddb67f22ecca89c6f97/screenshot - {}
RESULT: {}
COMMAND: POST /session/365d56350ece7ddb67f22ecca89c6f97/element - {"using":"xpath","value":"//button[@data-kt=\"execHoIssueButton\"]"}
RESULT: {"using":"xpath","value":"//button[@data-kt=\"execHoIssueButton\"]"}
COMMAND: POST /session/365d56350ece7ddb67f22ecca89c6f97/element/f.0CFB565138F0704D782EF1C57C56E9E5.d.A06AE8E9EAE81C449FC38072ECE5906D.e.22993/click - {}
RESULT: {}
COMMAND: GET /session/365d56350ece7ddb67f22ecca89c6f97/screenshot - {}
RESULT: {}
COMMAND: POST /session/365d56350ece7ddb67f22ecca89c6f97/element - {"using":"xpath","value":"//input[contains(@id ,\"smartFilterBar-btnBasicSearch-I\")]"}
RESULT: {"using":"xpath","value":"//input[contains(@id ,\"smartFilterBar-btnBasicSearch-I\")]"}
COMMAND: POST /session/365d56350ece7ddb67f22ecca89c6f97/elements - {"using":"xpath","value":"//input[contains(@id ,\"smartFilterBar-btnBasicSearch-I\")]"}
RESULT: {"using":"xpath","value":"//input[contains(@id ,\"smartFilterBar-btnBasicSearch-I\")]"}
COMMAND: POST /session/365d56350ece7ddb67f22ecca89c6f97/execute/sync - {"script":"<script> [8489 bytes]","args":[{"element-6066-11e4-a52e-4f735466cecf":"f.0CFB565138F0704D782EF1C57C56E9E5.d.A06AE8E9EAE81C449FC38072ECE5906D.e.22409","ELEMENT":"f.0CFB565138F0704D782EF1C57C56E9E5.d.A06AE8E9EAE81C449FC38072ECE5906D.e.22409"}]}
RESULT: {"script":"<script> [8489 bytes]","args":[{"element-6066-11e4-a52e-4f735466cecf":"f.0CFB565138F0704D782EF1C57C56E9E5.d.A06AE8E9EAE81C449FC38072ECE5906D.e.22409","ELEMENT":"f.0CFB565138F0704D782EF1C57C56E9E5.d.A06AE8E9EAE81C449FC38072ECE5906D.e.22409"}]}
COMMAND: GET /session/365d56350ece7ddb67f22ecca89c6f97/element/f.0CFB565138F0704D782EF1C57C56E9E5.d.A06AE8E9EAE81C449FC38072ECE5906D.e.22409/enabled - {}
COMMAND: GET /session/365d56350ece7ddb67f22ecca89c6f97/screenshot - {}
RESULT: {}
COMMAND: POST /session/365d56350ece7ddb67f22ecca89c6f97/element/f.0CFB565138F0704D782EF1C57C56E9E5.d.A06AE8E9EAE81C449FC38072ECE5906D.e.22409/clear - {}
COMMAND: GET /session/365d56350ece7ddb67f22ecca89c6f97/screenshot - {}
RESULT: {}
RESULT: {}
COMMAND: POST /session/365d56350ece7ddb67f22ecca89c6f97/element/f.0CFB565138F0704D782EF1C57C56E9E5.d.A06AE8E9EAE81C449FC38072ECE5906D.e.22409/value - {"text":"30453"}
COMMAND: GET /session/365d56350ece7ddb67f22ecca89c6f97/screenshot - {}
RESULT: {}
RESULT: {"text":"30453"}
COMMAND: GET /session/365d56350ece7ddb67f22ecca89c6f97/screenshot - {}
RESULT: {}
RESULT: {}
COMMAND: POST /session/365d56350ece7ddb67f22ecca89c6f97/actions - {"actions":[{"id":"action87","type":"key","parameters":{},"actions":[{"type":"keyDown","value":""},{"type":"pause","duration":10},{"type":"keyUp","value":""}]}]}
RESULT: {"actions":[{"id":"action87","type":"key","parameters":{},"actions":[{"type":"keyDown","value":""},{"type":"pause","duration":10},{"type":"keyUp","value":""}]}]}
COMMAND: GET /session/365d56350ece7ddb67f22ecca89c6f97/screenshot - {}
RESULT: {}
COMMAND: POST /session/365d56350ece7ddb67f22ecca89c6f97/element - {"using":"xpath","value":"//span[contains(@id, \"smartTable-header-inner\")]"}
RESULT: {"using":"xpath","value":"//span[contains(@id, \"smartTable-header-inner\")]"}
COMMAND: POST /session/365d56350ece7ddb67f22ecca89c6f97/elements - {"using":"xpath","value":"//span[contains(@id, \"smartTable-header-inner\")]"}
RESULT: {"using":"xpath","value":"//span[contains(@id, \"smartTable-header-inner\")]"}
COMMAND: POST /session/365d56350ece7ddb67f22ecca89c6f97/execute/sync - {"script":"<script> [56 bytes]","args":[{"element-6066-11e4-a52e-4f735466cecf":"f.0CFB565138F0704D782EF1C57C56E9E5.d.A06AE8E9EAE81C449FC38072ECE5906D.e.22947","ELEMENT":"f.0CFB565138F0704D782EF1C57C56E9E5.d.A06AE8E9EAE81C449FC38072ECE5906D.e.22947"}]}
RESULT: {"script":"<script> [56 bytes]","args":[{"element-6066-11e4-a52e-4f735466cecf":"f.0CFB565138F0704D782EF1C57C56E9E5.d.A06AE8E9EAE81C449FC38072ECE5906D.e.22947","ELEMENT":"f.0CFB565138F0704D782EF1C57C56E9E5.d.A06AE8E9EAE81C449FC38072ECE5906D.e.22947"}]}
COMMAND: POST /session/365d56350ece7ddb67f22ecca89c6f97/elements - {"using":"xpath","value":"//thead[contains(@class, \"sapMTableTH\")]/tr/th"}
COMMAND: GET /session/365d56350ece7ddb67f22ecca89c6f97/screenshot - {}
RESULT: {"using":"xpath","value":"//thead[contains(@class, \"sapMTableTH\")]/tr/th"}
COMMAND: GET /session/365d56350ece7ddb67f22ecca89c6f97/element/f.0CFB565138F0704D782EF1C57C56E9E5.d.A06AE8E9EAE81C449FC38072ECE5906D.e.23036/text - {}
RESULT: {}
RESULT: {}
COMMAND: GET /session/365d56350ece7ddb67f22ecca89c6f97/element/f.0CFB565138F0704D782EF1C57C56E9E5.d.A06AE8E9EAE81C449FC38072ECE5906D.e.23037/text - {}
RESULT: {}
COMMAND: GET /session/365d56350ece7ddb67f22ecca89c6f97/element/f.0CFB565138F0704D782EF1C57C56E9E5.d.A06AE8E9EAE81C449FC38072ECE5906D.e.22396/text - {}
RESULT: {}
COMMAND: GET /session/365d56350ece7ddb67f22ecca89c6f97/element/f.0CFB565138F0704D782EF1C57C56E9E5.d.A06AE8E9EAE81C449FC38072ECE5906D.e.22398/text - {}
RESULT: {}
COMMAND: GET /session/365d56350ece7ddb67f22ecca89c6f97/element/f.0CFB565138F0704D782EF1C57C56E9E5.d.A06AE8E9EAE81C449FC38072ECE5906D.e.22998/text - {}
RESULT: {}
COMMAND: GET /session/365d56350ece7ddb67f22ecca89c6f97/element/f.0CFB565138F0704D782EF1C57C56E9E5.d.A06AE8E9EAE81C449FC38072ECE5906D.e.22999/text - {}
RESULT: {}
COMMAND: GET /session/365d56350ece7ddb67f22ecca89c6f97/element/f.0CFB565138F0704D782EF1C57C56E9E5.d.A06AE8E9EAE81C449FC38072ECE5906D.e.23000/text - {}
RESULT: {}
COMMAND: GET /session/365d56350ece7ddb67f22ecca89c6f97/element/f.0CFB565138F0704D782EF1C57C56E9E5.d.A06AE8E9EAE81C449FC38072ECE5906D.e.23001/text - {}
RESULT: {}
COMMAND: GET /session/365d56350ece7ddb67f22ecca89c6f97/element/f.0CFB565138F0704D782EF1C57C56E9E5.d.A06AE8E9EAE81C449FC38072ECE5906D.e.23002/text - {}
RESULT: {}
COMMAND: GET /session/365d56350ece7ddb67f22ecca89c6f97/element/f.0CFB565138F0704D782EF1C57C56E9E5.d.A06AE8E9EAE81C449FC38072ECE5906D.e.23003/text - {}
RESULT: {}
COMMAND: GET /session/365d56350ece7ddb67f22ecca89c6f97/element/f.0CFB565138F0704D782EF1C57C56E9E5.d.A06AE8E9EAE81C449FC38072ECE5906D.e.23004/text - {}
RESULT: {}
COMMAND: GET /session/365d56350ece7ddb67f22ecca89c6f97/element/f.0CFB565138F0704D782EF1C57C56E9E5.d.A06AE8E9EAE81C449FC38072ECE5906D.e.23005/text - {}
RESULT: {}
COMMAND: GET /session/365d56350ece7ddb67f22ecca89c6f97/element/f.0CFB565138F0704D782EF1C57C56E9E5.d.A06AE8E9EAE81C449FC38072ECE5906D.e.23006/text - {}
RESULT: {}
COMMAND: GET /session/365d56350ece7ddb67f22ecca89c6f97/element/f.0CFB565138F0704D782EF1C57C56E9E5.d.A06AE8E9EAE81C449FC38072ECE5906D.e.22399/text - {}
RESULT: {}
COMMAND: POST /session/365d56350ece7ddb67f22ecca89c6f97/element - {"using":"xpath","value":"//tbody[contains(@id, \"customHandoversTable-tblBody\")]/tr[1]/td[14]/div/span"}
RESULT: {"using":"xpath","value":"//tbody[contains(@id, \"customHandoversTable-tblBody\")]/tr[1]/td[14]/div/span"}
COMMAND: POST /session/365d56350ece7ddb67f22ecca89c6f97/execute/sync - {"script":"<script> [56 bytes]","args":[{"element-6066-11e4-a52e-4f735466cecf":"f.0CFB565138F0704D782EF1C57C56E9E5.d.A06AE8E9EAE81C449FC38072ECE5906D.e.23086","ELEMENT":"f.0CFB565138F0704D782EF1C57C56E9E5.d.A06AE8E9EAE81C449FC38072ECE5906D.e.23086"}]}
RESULT: {"script":"<script> [56 bytes]","args":[{"element-6066-11e4-a52e-4f735466cecf":"f.0CFB565138F0704D782EF1C57C56E9E5.d.A06AE8E9EAE81C449FC38072ECE5906D.e.23086","ELEMENT":"f.0CFB565138F0704D782EF1C57C56E9E5.d.A06AE8E9EAE81C449FC38072ECE5906D.e.23086"}]}
COMMAND: POST /session/365d56350ece7ddb67f22ecca89c6f97/element - {"using":"xpath","value":"(//span[contains(@id, \"imgNav\")])[1]"}
COMMAND: GET /session/365d56350ece7ddb67f22ecca89c6f97/screenshot - {}
RESULT: {"using":"xpath","value":"(//span[contains(@id, \"imgNav\")])[1]"}
COMMAND: POST /session/365d56350ece7ddb67f22ecca89c6f97/element/f.0CFB565138F0704D782EF1C57C56E9E5.d.A06AE8E9EAE81C449FC38072ECE5906D.e.23032/click - {}
RESULT: {}
RESULT: {}
COMMAND: GET /session/365d56350ece7ddb67f22ecca89c6f97/screenshot - {}
RESULT: {}
RESULT: undefined
COMMAND: POST /session/365d56350ece7ddb67f22ecca89c6f97/execute/async - {"script":"<script> [776 bytes]","args":[{"enterText":"6/15/25","selector":{"id":"receiptDatePicker","viewName":"etm.portal.ui.managehandovers.view.DetailExecuteHO","interaction":{"idSuffix":"inner"}},"clearTextFirst":true,"interactionType":"ENTER_TEXT"}]}
RESULT: {"script":"<script> [776 bytes]","args":[{"enterText":"6/15/25","selector":{"id":"receiptDatePicker","viewName":"etm.portal.ui.managehandovers.view.DetailExecuteHO","interaction":{"idSuffix":"inner"}},"clearTextFirst":true,"interactionType":"ENTER_TEXT"}]}
COMMAND: POST /session/365d56350ece7ddb67f22ecca89c6f97/element - {"using":"xpath","value":"//button[@data-kt=\"ReceivingTableConfirmAllButton\"]"}
RESULT: {"using":"xpath","value":"//button[@data-kt=\"ReceivingTableConfirmAllButton\"]"}
COMMAND: POST /session/365d56350ece7ddb67f22ecca89c6f97/element/f.0CFB565138F0704D782EF1C57C56E9E5.d.A06AE8E9EAE81C449FC38072ECE5906D.e.23101/click - {}
COMMAND: GET /session/365d56350ece7ddb67f22ecca89c6f97/screenshot - {}
RESULT: {}
]]></system-out>
      <system-err><![CDATA[
element click intercepted: element click intercepted: Element <button id="__button466" data-sap-ui="__button466" data-sap-ui-render="" data-kt="ReceivingTableConfirmAllButton" data-ui5-accesskey="c" aria-describedby="__button466-tooltip" title="Confirm All" class="sapMBtnBase sapMBtn sapMColumnHeaderContent">...</button> is not clickable at point (726, 749). Other element would receive the click: <div id="sap-ui-blocklayer-popup" tabindex="0" class="sapUiBLy" style="z-index: 889; visibility: visible;"></div>
  (Session info: chrome=136.0.7103.93)
    at async UtilsPrerequisites.returnTwoStep (D:\a\1\s\test\specs\BTS\prerequisites-and-utils-functions.js:2638:9)
    at async Context.<anonymous> (D:\a\1\s\test\specs\BTS\billing-calculation-transp-times.spec.js:108:9)
]]></system-err>
    </testcase>
    <testcase classname="chrome.136_0_7103_93.windows.Billing_Calculation_-_Time_based_(considering_transport_times)_US139738" name="Should do another billing run but in around 17 days from today" time="20.259">
      <failure/>
      <error message="element not interactable&#xA;  (Session info: chrome=136.0.7103.93)"/>
      <system-out><![CDATA[
RESULT: undefined
COMMAND: POST /session/365d56350ece7ddb67f22ecca89c6f97/element - {"using":"xpath","value":"//*[@id=\"__tile51\"]"}
COMMAND: GET /session/365d56350ece7ddb67f22ecca89c6f97/screenshot - {}
RESULT: {"using":"xpath","value":"//*[@id=\"__tile51\"]"}
COMMAND: POST /session/365d56350ece7ddb67f22ecca89c6f97/element/f.0CFB565138F0704D782EF1C57C56E9E5.d.A06AE8E9EAE81C449FC38072ECE5906D.e.17424/click - {}
RESULT: {}
COMMAND: POST /session/365d56350ece7ddb67f22ecca89c6f97/elements - {"using":"xpath","value":"//span[text()='Error']"}
RESULT: {"using":"xpath","value":"//span[text()='Error']"}
RESULT: undefined
COMMAND: POST /session/365d56350ece7ddb67f22ecca89c6f97/execute/async - {"script":"<script> [776 bytes]","args":[{"enterText":"10222","selector":{"id":"application-managebillings-display-component---billRunCalcResult--smartFilterBar-btnBasicSearch","interaction":{"idSuffix":"I"}},"clearTextFirst":true,"interactionType":"ENTER_TEXT"}]}
RESULT: {"script":"<script> [776 bytes]","args":[{"enterText":"10222","selector":{"id":"application-managebillings-display-component---billRunCalcResult--smartFilterBar-btnBasicSearch","interaction":{"idSuffix":"I"}},"clearTextFirst":true,"interactionType":"ENTER_TEXT"}]}
COMMAND: POST /session/365d56350ece7ddb67f22ecca89c6f97/actions - {"actions":[{"id":"action88","type":"key","parameters":{},"actions":[{"type":"keyDown","value":""},{"type":"pause","duration":10},{"type":"keyUp","value":""}]}]}
RESULT: {"actions":[{"id":"action88","type":"key","parameters":{},"actions":[{"type":"keyDown","value":""},{"type":"pause","duration":10},{"type":"keyUp","value":""}]}]}
COMMAND: GET /session/365d56350ece7ddb67f22ecca89c6f97/screenshot - {}
COMMAND: POST /session/365d56350ece7ddb67f22ecca89c6f97/element - {"using":"xpath","value":"//td[@aria-colindex=\"1\"]/div/div[contains(@class, \"sapMCbBg\")]"}
RESULT: {}
RESULT: {"using":"xpath","value":"//td[@aria-colindex=\"1\"]/div/div[contains(@class, \"sapMCbBg\")]"}
COMMAND: POST /session/365d56350ece7ddb67f22ecca89c6f97/element/f.0CFB565138F0704D782EF1C57C56E9E5.d.A06AE8E9EAE81C449FC38072ECE5906D.e.23126/click - {}
COMMAND: GET /session/365d56350ece7ddb67f22ecca89c6f97/screenshot - {}
RESULT: {}
]]></system-out>
      <system-err><![CDATA[
element not interactable: element not interactable
  (Session info: chrome=136.0.7103.93)
    at async UtilsPrerequisites.manageBillingsTriggerCalculation (D:\a\1\s\test\specs\BTS\prerequisites-and-utils-functions.js:2718:9)
    at async Context.<anonymous> (D:\a\1\s\test\specs\BTS\billing-calculation-transp-times.spec.js:112:9)
]]></system-err>
    </testcase>
    <testcase classname="chrome.136_0_7103_93.windows.Billing_Calculation_-_Time_based_(considering_transport_times)_US139738" name="Should transfer the billing all the way to completion" time="56.063">
      <failure/>
      <error message="element (&quot;//input[contains(@id ,&quot;application-billingtransfer-display-component---billingWorkbench--smartFilterBar-btnBasicSearch&quot;)]&quot;) still not existing after 45000ms"/>
      <system-out><![CDATA[
COMMAND: GET /session/365d56350ece7ddb67f22ecca89c6f97/screenshot - {}
RESULT: undefined
COMMAND: POST /session/365d56350ece7ddb67f22ecca89c6f97/element - {"using":"xpath","value":"//*[@id=\"__tile50\"]"}
RESULT: {"using":"xpath","value":"//*[@id=\"__tile50\"]"}
COMMAND: POST /session/365d56350ece7ddb67f22ecca89c6f97/element/f.0CFB565138F0704D782EF1C57C56E9E5.d.A06AE8E9EAE81C449FC38072ECE5906D.e.17483/click - {}
RESULT: {}
COMMAND: POST /session/365d56350ece7ddb67f22ecca89c6f97/elements - {"using":"xpath","value":"//span[text()='Error']"}
RESULT: {"using":"xpath","value":"//span[text()='Error']"}
COMMAND: POST /session/365d56350ece7ddb67f22ecca89c6f97/element - {"using":"xpath","value":"//input[contains(@id ,\"application-billingtransfer-display-component---billingWorkbench--smartFilterBar-btnBasicSearch\")]"}
RESULT: {"using":"xpath","value":"//input[contains(@id ,\"application-billingtransfer-display-component---billingWorkbench--smartFilterBar-btnBasicSearch\")]"}
COMMAND: POST /session/365d56350ece7ddb67f22ecca89c6f97/elements - {"using":"xpath","value":"//input[contains(@id ,\"application-billingtransfer-display-component---billingWorkbench--smartFilterBar-btnBasicSearch\")]"}
RESULT: {"using":"xpath","value":"//input[contains(@id ,\"application-billingtransfer-display-component---billingWorkbench--smartFilterBar-btnBasicSearch\")]"}
COMMAND: POST /session/365d56350ece7ddb67f22ecca89c6f97/elements - {"using":"xpath","value":"//input[contains(@id ,\"application-billingtransfer-display-component---billingWorkbench--smartFilterBar-btnBasicSearch\")]"}
RESULT: {"using":"xpath","value":"//input[contains(@id ,\"application-billingtransfer-display-component---billingWorkbench--smartFilterBar-btnBasicSearch\")]"}
COMMAND: POST /session/365d56350ece7ddb67f22ecca89c6f97/elements - {"using":"xpath","value":"//input[contains(@id ,\"application-billingtransfer-display-component---billingWorkbench--smartFilterBar-btnBasicSearch\")]"}
RESULT: {"using":"xpath","value":"//input[contains(@id ,\"application-billingtransfer-display-component---billingWorkbench--smartFilterBar-btnBasicSearch\")]"}
COMMAND: POST /session/365d56350ece7ddb67f22ecca89c6f97/elements - {"using":"xpath","value":"//input[contains(@id ,\"application-billingtransfer-display-component---billingWorkbench--smartFilterBar-btnBasicSearch\")]"}
RESULT: {"using":"xpath","value":"//input[contains(@id ,\"application-billingtransfer-display-component---billingWorkbench--smartFilterBar-btnBasicSearch\")]"}
COMMAND: POST /session/365d56350ece7ddb67f22ecca89c6f97/elements - {"using":"xpath","value":"//input[contains(@id ,\"application-billingtransfer-display-component---billingWorkbench--smartFilterBar-btnBasicSearch\")]"}
RESULT: {"using":"xpath","value":"//input[contains(@id ,\"application-billingtransfer-display-component---billingWorkbench--smartFilterBar-btnBasicSearch\")]"}
COMMAND: POST /session/365d56350ece7ddb67f22ecca89c6f97/elements - {"using":"xpath","value":"//input[contains(@id ,\"application-billingtransfer-display-component---billingWorkbench--smartFilterBar-btnBasicSearch\")]"}
RESULT: {"using":"xpath","value":"//input[contains(@id ,\"application-billingtransfer-display-component---billingWorkbench--smartFilterBar-btnBasicSearch\")]"}
COMMAND: POST /session/365d56350ece7ddb67f22ecca89c6f97/elements - {"using":"xpath","value":"//input[contains(@id ,\"application-billingtransfer-display-component---billingWorkbench--smartFilterBar-btnBasicSearch\")]"}
RESULT: {"using":"xpath","value":"//input[contains(@id ,\"application-billingtransfer-display-component---billingWorkbench--smartFilterBar-btnBasicSearch\")]"}
COMMAND: POST /session/365d56350ece7ddb67f22ecca89c6f97/elements - {"using":"xpath","value":"//input[contains(@id ,\"application-billingtransfer-display-component---billingWorkbench--smartFilterBar-btnBasicSearch\")]"}
RESULT: {"using":"xpath","value":"//input[contains(@id ,\"application-billingtransfer-display-component---billingWorkbench--smartFilterBar-btnBasicSearch\")]"}
COMMAND: POST /session/365d56350ece7ddb67f22ecca89c6f97/elements - {"using":"xpath","value":"//input[contains(@id ,\"application-billingtransfer-display-component---billingWorkbench--smartFilterBar-btnBasicSearch\")]"}
RESULT: {"using":"xpath","value":"//input[contains(@id ,\"application-billingtransfer-display-component---billingWorkbench--smartFilterBar-btnBasicSearch\")]"}
COMMAND: POST /session/365d56350ece7ddb67f22ecca89c6f97/elements - {"using":"xpath","value":"//input[contains(@id ,\"application-billingtransfer-display-component---billingWorkbench--smartFilterBar-btnBasicSearch\")]"}
RESULT: {"using":"xpath","value":"//input[contains(@id ,\"application-billingtransfer-display-component---billingWorkbench--smartFilterBar-btnBasicSearch\")]"}
COMMAND: POST /session/365d56350ece7ddb67f22ecca89c6f97/elements - {"using":"xpath","value":"//input[contains(@id ,\"application-billingtransfer-display-component---billingWorkbench--smartFilterBar-btnBasicSearch\")]"}
RESULT: {"using":"xpath","value":"//input[contains(@id ,\"application-billingtransfer-display-component---billingWorkbench--smartFilterBar-btnBasicSearch\")]"}
COMMAND: POST /session/365d56350ece7ddb67f22ecca89c6f97/elements - {"using":"xpath","value":"//input[contains(@id ,\"application-billingtransfer-display-component---billingWorkbench--smartFilterBar-btnBasicSearch\")]"}
RESULT: {"using":"xpath","value":"//input[contains(@id ,\"application-billingtransfer-display-component---billingWorkbench--smartFilterBar-btnBasicSearch\")]"}
COMMAND: POST /session/365d56350ece7ddb67f22ecca89c6f97/elements - {"using":"xpath","value":"//input[contains(@id ,\"application-billingtransfer-display-component---billingWorkbench--smartFilterBar-btnBasicSearch\")]"}
RESULT: {"using":"xpath","value":"//input[contains(@id ,\"application-billingtransfer-display-component---billingWorkbench--smartFilterBar-btnBasicSearch\")]"}
COMMAND: POST /session/365d56350ece7ddb67f22ecca89c6f97/elements - {"using":"xpath","value":"//input[contains(@id ,\"application-billingtransfer-display-component---billingWorkbench--smartFilterBar-btnBasicSearch\")]"}
RESULT: {"using":"xpath","value":"//input[contains(@id ,\"application-billingtransfer-display-component---billingWorkbench--smartFilterBar-btnBasicSearch\")]"}
COMMAND: POST /session/365d56350ece7ddb67f22ecca89c6f97/elements - {"using":"xpath","value":"//input[contains(@id ,\"application-billingtransfer-display-component---billingWorkbench--smartFilterBar-btnBasicSearch\")]"}
RESULT: {"using":"xpath","value":"//input[contains(@id ,\"application-billingtransfer-display-component---billingWorkbench--smartFilterBar-btnBasicSearch\")]"}
COMMAND: POST /session/365d56350ece7ddb67f22ecca89c6f97/elements - {"using":"xpath","value":"//input[contains(@id ,\"application-billingtransfer-display-component---billingWorkbench--smartFilterBar-btnBasicSearch\")]"}
RESULT: {"using":"xpath","value":"//input[contains(@id ,\"application-billingtransfer-display-component---billingWorkbench--smartFilterBar-btnBasicSearch\")]"}
COMMAND: POST /session/365d56350ece7ddb67f22ecca89c6f97/elements - {"using":"xpath","value":"//input[contains(@id ,\"application-billingtransfer-display-component---billingWorkbench--smartFilterBar-btnBasicSearch\")]"}
RESULT: {"using":"xpath","value":"//input[contains(@id ,\"application-billingtransfer-display-component---billingWorkbench--smartFilterBar-btnBasicSearch\")]"}
COMMAND: POST /session/365d56350ece7ddb67f22ecca89c6f97/elements - {"using":"xpath","value":"//input[contains(@id ,\"application-billingtransfer-display-component---billingWorkbench--smartFilterBar-btnBasicSearch\")]"}
RESULT: {"using":"xpath","value":"//input[contains(@id ,\"application-billingtransfer-display-component---billingWorkbench--smartFilterBar-btnBasicSearch\")]"}
COMMAND: POST /session/365d56350ece7ddb67f22ecca89c6f97/elements - {"using":"xpath","value":"//input[contains(@id ,\"application-billingtransfer-display-component---billingWorkbench--smartFilterBar-btnBasicSearch\")]"}
RESULT: {"using":"xpath","value":"//input[contains(@id ,\"application-billingtransfer-display-component---billingWorkbench--smartFilterBar-btnBasicSearch\")]"}
COMMAND: POST /session/365d56350ece7ddb67f22ecca89c6f97/elements - {"using":"xpath","value":"//input[contains(@id ,\"application-billingtransfer-display-component---billingWorkbench--smartFilterBar-btnBasicSearch\")]"}
RESULT: {"using":"xpath","value":"//input[contains(@id ,\"application-billingtransfer-display-component---billingWorkbench--smartFilterBar-btnBasicSearch\")]"}
COMMAND: POST /session/365d56350ece7ddb67f22ecca89c6f97/elements - {"using":"xpath","value":"//input[contains(@id ,\"application-billingtransfer-display-component---billingWorkbench--smartFilterBar-btnBasicSearch\")]"}
RESULT: {"using":"xpath","value":"//input[contains(@id ,\"application-billingtransfer-display-component---billingWorkbench--smartFilterBar-btnBasicSearch\")]"}
COMMAND: POST /session/365d56350ece7ddb67f22ecca89c6f97/elements - {"using":"xpath","value":"//input[contains(@id ,\"application-billingtransfer-display-component---billingWorkbench--smartFilterBar-btnBasicSearch\")]"}
RESULT: {"using":"xpath","value":"//input[contains(@id ,\"application-billingtransfer-display-component---billingWorkbench--smartFilterBar-btnBasicSearch\")]"}
COMMAND: POST /session/365d56350ece7ddb67f22ecca89c6f97/elements - {"using":"xpath","value":"//input[contains(@id ,\"application-billingtransfer-display-component---billingWorkbench--smartFilterBar-btnBasicSearch\")]"}
RESULT: {"using":"xpath","value":"//input[contains(@id ,\"application-billingtransfer-display-component---billingWorkbench--smartFilterBar-btnBasicSearch\")]"}
COMMAND: POST /session/365d56350ece7ddb67f22ecca89c6f97/elements - {"using":"xpath","value":"//input[contains(@id ,\"application-billingtransfer-display-component---billingWorkbench--smartFilterBar-btnBasicSearch\")]"}
RESULT: {"using":"xpath","value":"//input[contains(@id ,\"application-billingtransfer-display-component---billingWorkbench--smartFilterBar-btnBasicSearch\")]"}
COMMAND: POST /session/365d56350ece7ddb67f22ecca89c6f97/elements - {"using":"xpath","value":"//input[contains(@id ,\"application-billingtransfer-display-component---billingWorkbench--smartFilterBar-btnBasicSearch\")]"}
RESULT: {"using":"xpath","value":"//input[contains(@id ,\"application-billingtransfer-display-component---billingWorkbench--smartFilterBar-btnBasicSearch\")]"}
COMMAND: POST /session/365d56350ece7ddb67f22ecca89c6f97/elements - {"using":"xpath","value":"//input[contains(@id ,\"application-billingtransfer-display-component---billingWorkbench--smartFilterBar-btnBasicSearch\")]"}
RESULT: {"using":"xpath","value":"//input[contains(@id ,\"application-billingtransfer-display-component---billingWorkbench--smartFilterBar-btnBasicSearch\")]"}
COMMAND: POST /session/365d56350ece7ddb67f22ecca89c6f97/elements - {"using":"xpath","value":"//input[contains(@id ,\"application-billingtransfer-display-component---billingWorkbench--smartFilterBar-btnBasicSearch\")]"}
RESULT: {"using":"xpath","value":"//input[contains(@id ,\"application-billingtransfer-display-component---billingWorkbench--smartFilterBar-btnBasicSearch\")]"}
COMMAND: POST /session/365d56350ece7ddb67f22ecca89c6f97/elements - {"using":"xpath","value":"//input[contains(@id ,\"application-billingtransfer-display-component---billingWorkbench--smartFilterBar-btnBasicSearch\")]"}
RESULT: {"using":"xpath","value":"//input[contains(@id ,\"application-billingtransfer-display-component---billingWorkbench--smartFilterBar-btnBasicSearch\")]"}
COMMAND: POST /session/365d56350ece7ddb67f22ecca89c6f97/elements - {"using":"xpath","value":"//input[contains(@id ,\"application-billingtransfer-display-component---billingWorkbench--smartFilterBar-btnBasicSearch\")]"}
RESULT: {"using":"xpath","value":"//input[contains(@id ,\"application-billingtransfer-display-component---billingWorkbench--smartFilterBar-btnBasicSearch\")]"}
COMMAND: POST /session/365d56350ece7ddb67f22ecca89c6f97/elements - {"using":"xpath","value":"//input[contains(@id ,\"application-billingtransfer-display-component---billingWorkbench--smartFilterBar-btnBasicSearch\")]"}
RESULT: {"using":"xpath","value":"//input[contains(@id ,\"application-billingtransfer-display-component---billingWorkbench--smartFilterBar-btnBasicSearch\")]"}
COMMAND: POST /session/365d56350ece7ddb67f22ecca89c6f97/elements - {"using":"xpath","value":"//input[contains(@id ,\"application-billingtransfer-display-component---billingWorkbench--smartFilterBar-btnBasicSearch\")]"}
RESULT: {"using":"xpath","value":"//input[contains(@id ,\"application-billingtransfer-display-component---billingWorkbench--smartFilterBar-btnBasicSearch\")]"}
COMMAND: POST /session/365d56350ece7ddb67f22ecca89c6f97/elements - {"using":"xpath","value":"//input[contains(@id ,\"application-billingtransfer-display-component---billingWorkbench--smartFilterBar-btnBasicSearch\")]"}
RESULT: {"using":"xpath","value":"//input[contains(@id ,\"application-billingtransfer-display-component---billingWorkbench--smartFilterBar-btnBasicSearch\")]"}
COMMAND: POST /session/365d56350ece7ddb67f22ecca89c6f97/elements - {"using":"xpath","value":"//input[contains(@id ,\"application-billingtransfer-display-component---billingWorkbench--smartFilterBar-btnBasicSearch\")]"}
RESULT: {"using":"xpath","value":"//input[contains(@id ,\"application-billingtransfer-display-component---billingWorkbench--smartFilterBar-btnBasicSearch\")]"}
COMMAND: POST /session/365d56350ece7ddb67f22ecca89c6f97/elements - {"using":"xpath","value":"//input[contains(@id ,\"application-billingtransfer-display-component---billingWorkbench--smartFilterBar-btnBasicSearch\")]"}
RESULT: {"using":"xpath","value":"//input[contains(@id ,\"application-billingtransfer-display-component---billingWorkbench--smartFilterBar-btnBasicSearch\")]"}
COMMAND: POST /session/365d56350ece7ddb67f22ecca89c6f97/elements - {"using":"xpath","value":"//input[contains(@id ,\"application-billingtransfer-display-component---billingWorkbench--smartFilterBar-btnBasicSearch\")]"}
RESULT: {"using":"xpath","value":"//input[contains(@id ,\"application-billingtransfer-display-component---billingWorkbench--smartFilterBar-btnBasicSearch\")]"}
COMMAND: POST /session/365d56350ece7ddb67f22ecca89c6f97/elements - {"using":"xpath","value":"//input[contains(@id ,\"application-billingtransfer-display-component---billingWorkbench--smartFilterBar-btnBasicSearch\")]"}
RESULT: {"using":"xpath","value":"//input[contains(@id ,\"application-billingtransfer-display-component---billingWorkbench--smartFilterBar-btnBasicSearch\")]"}
COMMAND: POST /session/365d56350ece7ddb67f22ecca89c6f97/elements - {"using":"xpath","value":"//input[contains(@id ,\"application-billingtransfer-display-component---billingWorkbench--smartFilterBar-btnBasicSearch\")]"}
RESULT: {"using":"xpath","value":"//input[contains(@id ,\"application-billingtransfer-display-component---billingWorkbench--smartFilterBar-btnBasicSearch\")]"}
COMMAND: POST /session/365d56350ece7ddb67f22ecca89c6f97/elements - {"using":"xpath","value":"//input[contains(@id ,\"application-billingtransfer-display-component---billingWorkbench--smartFilterBar-btnBasicSearch\")]"}
RESULT: {"using":"xpath","value":"//input[contains(@id ,\"application-billingtransfer-display-component---billingWorkbench--smartFilterBar-btnBasicSearch\")]"}
COMMAND: POST /session/365d56350ece7ddb67f22ecca89c6f97/elements - {"using":"xpath","value":"//input[contains(@id ,\"application-billingtransfer-display-component---billingWorkbench--smartFilterBar-btnBasicSearch\")]"}
RESULT: {"using":"xpath","value":"//input[contains(@id ,\"application-billingtransfer-display-component---billingWorkbench--smartFilterBar-btnBasicSearch\")]"}
COMMAND: POST /session/365d56350ece7ddb67f22ecca89c6f97/elements - {"using":"xpath","value":"//input[contains(@id ,\"application-billingtransfer-display-component---billingWorkbench--smartFilterBar-btnBasicSearch\")]"}
RESULT: {"using":"xpath","value":"//input[contains(@id ,\"application-billingtransfer-display-component---billingWorkbench--smartFilterBar-btnBasicSearch\")]"}
COMMAND: POST /session/365d56350ece7ddb67f22ecca89c6f97/elements - {"using":"xpath","value":"//input[contains(@id ,\"application-billingtransfer-display-component---billingWorkbench--smartFilterBar-btnBasicSearch\")]"}
RESULT: {"using":"xpath","value":"//input[contains(@id ,\"application-billingtransfer-display-component---billingWorkbench--smartFilterBar-btnBasicSearch\")]"}
COMMAND: POST /session/365d56350ece7ddb67f22ecca89c6f97/elements - {"using":"xpath","value":"//input[contains(@id ,\"application-billingtransfer-display-component---billingWorkbench--smartFilterBar-btnBasicSearch\")]"}
RESULT: {"using":"xpath","value":"//input[contains(@id ,\"application-billingtransfer-display-component---billingWorkbench--smartFilterBar-btnBasicSearch\")]"}
COMMAND: POST /session/365d56350ece7ddb67f22ecca89c6f97/elements - {"using":"xpath","value":"//input[contains(@id ,\"application-billingtransfer-display-component---billingWorkbench--smartFilterBar-btnBasicSearch\")]"}
RESULT: {"using":"xpath","value":"//input[contains(@id ,\"application-billingtransfer-display-component---billingWorkbench--smartFilterBar-btnBasicSearch\")]"}
COMMAND: POST /session/365d56350ece7ddb67f22ecca89c6f97/elements - {"using":"xpath","value":"//input[contains(@id ,\"application-billingtransfer-display-component---billingWorkbench--smartFilterBar-btnBasicSearch\")]"}
RESULT: {"using":"xpath","value":"//input[contains(@id ,\"application-billingtransfer-display-component---billingWorkbench--smartFilterBar-btnBasicSearch\")]"}
COMMAND: POST /session/365d56350ece7ddb67f22ecca89c6f97/elements - {"using":"xpath","value":"//input[contains(@id ,\"application-billingtransfer-display-component---billingWorkbench--smartFilterBar-btnBasicSearch\")]"}
RESULT: {"using":"xpath","value":"//input[contains(@id ,\"application-billingtransfer-display-component---billingWorkbench--smartFilterBar-btnBasicSearch\")]"}
COMMAND: POST /session/365d56350ece7ddb67f22ecca89c6f97/elements - {"using":"xpath","value":"//input[contains(@id ,\"application-billingtransfer-display-component---billingWorkbench--smartFilterBar-btnBasicSearch\")]"}
RESULT: {"using":"xpath","value":"//input[contains(@id ,\"application-billingtransfer-display-component---billingWorkbench--smartFilterBar-btnBasicSearch\")]"}
COMMAND: POST /session/365d56350ece7ddb67f22ecca89c6f97/elements - {"using":"xpath","value":"//input[contains(@id ,\"application-billingtransfer-display-component---billingWorkbench--smartFilterBar-btnBasicSearch\")]"}
RESULT: {"using":"xpath","value":"//input[contains(@id ,\"application-billingtransfer-display-component---billingWorkbench--smartFilterBar-btnBasicSearch\")]"}
COMMAND: POST /session/365d56350ece7ddb67f22ecca89c6f97/elements - {"using":"xpath","value":"//input[contains(@id ,\"application-billingtransfer-display-component---billingWorkbench--smartFilterBar-btnBasicSearch\")]"}
RESULT: {"using":"xpath","value":"//input[contains(@id ,\"application-billingtransfer-display-component---billingWorkbench--smartFilterBar-btnBasicSearch\")]"}
COMMAND: POST /session/365d56350ece7ddb67f22ecca89c6f97/elements - {"using":"xpath","value":"//input[contains(@id ,\"application-billingtransfer-display-component---billingWorkbench--smartFilterBar-btnBasicSearch\")]"}
RESULT: {"using":"xpath","value":"//input[contains(@id ,\"application-billingtransfer-display-component---billingWorkbench--smartFilterBar-btnBasicSearch\")]"}
COMMAND: POST /session/365d56350ece7ddb67f22ecca89c6f97/elements - {"using":"xpath","value":"//input[contains(@id ,\"application-billingtransfer-display-component---billingWorkbench--smartFilterBar-btnBasicSearch\")]"}
RESULT: {"using":"xpath","value":"//input[contains(@id ,\"application-billingtransfer-display-component---billingWorkbench--smartFilterBar-btnBasicSearch\")]"}
COMMAND: POST /session/365d56350ece7ddb67f22ecca89c6f97/elements - {"using":"xpath","value":"//input[contains(@id ,\"application-billingtransfer-display-component---billingWorkbench--smartFilterBar-btnBasicSearch\")]"}
RESULT: {"using":"xpath","value":"//input[contains(@id ,\"application-billingtransfer-display-component---billingWorkbench--smartFilterBar-btnBasicSearch\")]"}
COMMAND: POST /session/365d56350ece7ddb67f22ecca89c6f97/elements - {"using":"xpath","value":"//input[contains(@id ,\"application-billingtransfer-display-component---billingWorkbench--smartFilterBar-btnBasicSearch\")]"}
RESULT: {"using":"xpath","value":"//input[contains(@id ,\"application-billingtransfer-display-component---billingWorkbench--smartFilterBar-btnBasicSearch\")]"}
COMMAND: POST /session/365d56350ece7ddb67f22ecca89c6f97/elements - {"using":"xpath","value":"//input[contains(@id ,\"application-billingtransfer-display-component---billingWorkbench--smartFilterBar-btnBasicSearch\")]"}
RESULT: {"using":"xpath","value":"//input[contains(@id ,\"application-billingtransfer-display-component---billingWorkbench--smartFilterBar-btnBasicSearch\")]"}
COMMAND: POST /session/365d56350ece7ddb67f22ecca89c6f97/elements - {"using":"xpath","value":"//input[contains(@id ,\"application-billingtransfer-display-component---billingWorkbench--smartFilterBar-btnBasicSearch\")]"}
RESULT: {"using":"xpath","value":"//input[contains(@id ,\"application-billingtransfer-display-component---billingWorkbench--smartFilterBar-btnBasicSearch\")]"}
COMMAND: POST /session/365d56350ece7ddb67f22ecca89c6f97/elements - {"using":"xpath","value":"//input[contains(@id ,\"application-billingtransfer-display-component---billingWorkbench--smartFilterBar-btnBasicSearch\")]"}
RESULT: {"using":"xpath","value":"//input[contains(@id ,\"application-billingtransfer-display-component---billingWorkbench--smartFilterBar-btnBasicSearch\")]"}
COMMAND: POST /session/365d56350ece7ddb67f22ecca89c6f97/elements - {"using":"xpath","value":"//input[contains(@id ,\"application-billingtransfer-display-component---billingWorkbench--smartFilterBar-btnBasicSearch\")]"}
RESULT: {"using":"xpath","value":"//input[contains(@id ,\"application-billingtransfer-display-component---billingWorkbench--smartFilterBar-btnBasicSearch\")]"}
COMMAND: POST /session/365d56350ece7ddb67f22ecca89c6f97/elements - {"using":"xpath","value":"//input[contains(@id ,\"application-billingtransfer-display-component---billingWorkbench--smartFilterBar-btnBasicSearch\")]"}
RESULT: {"using":"xpath","value":"//input[contains(@id ,\"application-billingtransfer-display-component---billingWorkbench--smartFilterBar-btnBasicSearch\")]"}
COMMAND: POST /session/365d56350ece7ddb67f22ecca89c6f97/elements - {"using":"xpath","value":"//input[contains(@id ,\"application-billingtransfer-display-component---billingWorkbench--smartFilterBar-btnBasicSearch\")]"}
RESULT: {"using":"xpath","value":"//input[contains(@id ,\"application-billingtransfer-display-component---billingWorkbench--smartFilterBar-btnBasicSearch\")]"}
COMMAND: POST /session/365d56350ece7ddb67f22ecca89c6f97/elements - {"using":"xpath","value":"//input[contains(@id ,\"application-billingtransfer-display-component---billingWorkbench--smartFilterBar-btnBasicSearch\")]"}
RESULT: {"using":"xpath","value":"//input[contains(@id ,\"application-billingtransfer-display-component---billingWorkbench--smartFilterBar-btnBasicSearch\")]"}
COMMAND: POST /session/365d56350ece7ddb67f22ecca89c6f97/elements - {"using":"xpath","value":"//input[contains(@id ,\"application-billingtransfer-display-component---billingWorkbench--smartFilterBar-btnBasicSearch\")]"}
RESULT: {"using":"xpath","value":"//input[contains(@id ,\"application-billingtransfer-display-component---billingWorkbench--smartFilterBar-btnBasicSearch\")]"}
COMMAND: POST /session/365d56350ece7ddb67f22ecca89c6f97/elements - {"using":"xpath","value":"//input[contains(@id ,\"application-billingtransfer-display-component---billingWorkbench--smartFilterBar-btnBasicSearch\")]"}
RESULT: {"using":"xpath","value":"//input[contains(@id ,\"application-billingtransfer-display-component---billingWorkbench--smartFilterBar-btnBasicSearch\")]"}
COMMAND: POST /session/365d56350ece7ddb67f22ecca89c6f97/elements - {"using":"xpath","value":"//input[contains(@id ,\"application-billingtransfer-display-component---billingWorkbench--smartFilterBar-btnBasicSearch\")]"}
RESULT: {"using":"xpath","value":"//input[contains(@id ,\"application-billingtransfer-display-component---billingWorkbench--smartFilterBar-btnBasicSearch\")]"}
COMMAND: POST /session/365d56350ece7ddb67f22ecca89c6f97/elements - {"using":"xpath","value":"//input[contains(@id ,\"application-billingtransfer-display-component---billingWorkbench--smartFilterBar-btnBasicSearch\")]"}
RESULT: {"using":"xpath","value":"//input[contains(@id ,\"application-billingtransfer-display-component---billingWorkbench--smartFilterBar-btnBasicSearch\")]"}
COMMAND: POST /session/365d56350ece7ddb67f22ecca89c6f97/elements - {"using":"xpath","value":"//input[contains(@id ,\"application-billingtransfer-display-component---billingWorkbench--smartFilterBar-btnBasicSearch\")]"}
RESULT: {"using":"xpath","value":"//input[contains(@id ,\"application-billingtransfer-display-component---billingWorkbench--smartFilterBar-btnBasicSearch\")]"}
COMMAND: POST /session/365d56350ece7ddb67f22ecca89c6f97/elements - {"using":"xpath","value":"//input[contains(@id ,\"application-billingtransfer-display-component---billingWorkbench--smartFilterBar-btnBasicSearch\")]"}
RESULT: {"using":"xpath","value":"//input[contains(@id ,\"application-billingtransfer-display-component---billingWorkbench--smartFilterBar-btnBasicSearch\")]"}
COMMAND: POST /session/365d56350ece7ddb67f22ecca89c6f97/elements - {"using":"xpath","value":"//input[contains(@id ,\"application-billingtransfer-display-component---billingWorkbench--smartFilterBar-btnBasicSearch\")]"}
RESULT: {"using":"xpath","value":"//input[contains(@id ,\"application-billingtransfer-display-component---billingWorkbench--smartFilterBar-btnBasicSearch\")]"}
COMMAND: POST /session/365d56350ece7ddb67f22ecca89c6f97/elements - {"using":"xpath","value":"//input[contains(@id ,\"application-billingtransfer-display-component---billingWorkbench--smartFilterBar-btnBasicSearch\")]"}
RESULT: {"using":"xpath","value":"//input[contains(@id ,\"application-billingtransfer-display-component---billingWorkbench--smartFilterBar-btnBasicSearch\")]"}
COMMAND: POST /session/365d56350ece7ddb67f22ecca89c6f97/elements - {"using":"xpath","value":"//input[contains(@id ,\"application-billingtransfer-display-component---billingWorkbench--smartFilterBar-btnBasicSearch\")]"}
RESULT: {"using":"xpath","value":"//input[contains(@id ,\"application-billingtransfer-display-component---billingWorkbench--smartFilterBar-btnBasicSearch\")]"}
COMMAND: POST /session/365d56350ece7ddb67f22ecca89c6f97/elements - {"using":"xpath","value":"//input[contains(@id ,\"application-billingtransfer-display-component---billingWorkbench--smartFilterBar-btnBasicSearch\")]"}
RESULT: {"using":"xpath","value":"//input[contains(@id ,\"application-billingtransfer-display-component---billingWorkbench--smartFilterBar-btnBasicSearch\")]"}
COMMAND: POST /session/365d56350ece7ddb67f22ecca89c6f97/elements - {"using":"xpath","value":"//input[contains(@id ,\"application-billingtransfer-display-component---billingWorkbench--smartFilterBar-btnBasicSearch\")]"}
RESULT: {"using":"xpath","value":"//input[contains(@id ,\"application-billingtransfer-display-component---billingWorkbench--smartFilterBar-btnBasicSearch\")]"}
COMMAND: POST /session/365d56350ece7ddb67f22ecca89c6f97/elements - {"using":"xpath","value":"//input[contains(@id ,\"application-billingtransfer-display-component---billingWorkbench--smartFilterBar-btnBasicSearch\")]"}
RESULT: {"using":"xpath","value":"//input[contains(@id ,\"application-billingtransfer-display-component---billingWorkbench--smartFilterBar-btnBasicSearch\")]"}
COMMAND: POST /session/365d56350ece7ddb67f22ecca89c6f97/elements - {"using":"xpath","value":"//input[contains(@id ,\"application-billingtransfer-display-component---billingWorkbench--smartFilterBar-btnBasicSearch\")]"}
RESULT: {"using":"xpath","value":"//input[contains(@id ,\"application-billingtransfer-display-component---billingWorkbench--smartFilterBar-btnBasicSearch\")]"}
COMMAND: POST /session/365d56350ece7ddb67f22ecca89c6f97/elements - {"using":"xpath","value":"//input[contains(@id ,\"application-billingtransfer-display-component---billingWorkbench--smartFilterBar-btnBasicSearch\")]"}
RESULT: {"using":"xpath","value":"//input[contains(@id ,\"application-billingtransfer-display-component---billingWorkbench--smartFilterBar-btnBasicSearch\")]"}
COMMAND: POST /session/365d56350ece7ddb67f22ecca89c6f97/elements - {"using":"xpath","value":"//input[contains(@id ,\"application-billingtransfer-display-component---billingWorkbench--smartFilterBar-btnBasicSearch\")]"}
RESULT: {"using":"xpath","value":"//input[contains(@id ,\"application-billingtransfer-display-component---billingWorkbench--smartFilterBar-btnBasicSearch\")]"}
COMMAND: POST /session/365d56350ece7ddb67f22ecca89c6f97/elements - {"using":"xpath","value":"//input[contains(@id ,\"application-billingtransfer-display-component---billingWorkbench--smartFilterBar-btnBasicSearch\")]"}
RESULT: {"using":"xpath","value":"//input[contains(@id ,\"application-billingtransfer-display-component---billingWorkbench--smartFilterBar-btnBasicSearch\")]"}
COMMAND: POST /session/365d56350ece7ddb67f22ecca89c6f97/elements - {"using":"xpath","value":"//input[contains(@id ,\"application-billingtransfer-display-component---billingWorkbench--smartFilterBar-btnBasicSearch\")]"}
RESULT: {"using":"xpath","value":"//input[contains(@id ,\"application-billingtransfer-display-component---billingWorkbench--smartFilterBar-btnBasicSearch\")]"}
COMMAND: POST /session/365d56350ece7ddb67f22ecca89c6f97/elements - {"using":"xpath","value":"//input[contains(@id ,\"application-billingtransfer-display-component---billingWorkbench--smartFilterBar-btnBasicSearch\")]"}
RESULT: {"using":"xpath","value":"//input[contains(@id ,\"application-billingtransfer-display-component---billingWorkbench--smartFilterBar-btnBasicSearch\")]"}
COMMAND: POST /session/365d56350ece7ddb67f22ecca89c6f97/elements - {"using":"xpath","value":"//input[contains(@id ,\"application-billingtransfer-display-component---billingWorkbench--smartFilterBar-btnBasicSearch\")]"}
RESULT: {"using":"xpath","value":"//input[contains(@id ,\"application-billingtransfer-display-component---billingWorkbench--smartFilterBar-btnBasicSearch\")]"}
COMMAND: POST /session/365d56350ece7ddb67f22ecca89c6f97/elements - {"using":"xpath","value":"//input[contains(@id ,\"application-billingtransfer-display-component---billingWorkbench--smartFilterBar-btnBasicSearch\")]"}
RESULT: {"using":"xpath","value":"//input[contains(@id ,\"application-billingtransfer-display-component---billingWorkbench--smartFilterBar-btnBasicSearch\")]"}
COMMAND: POST /session/365d56350ece7ddb67f22ecca89c6f97/elements - {"using":"xpath","value":"//input[contains(@id ,\"application-billingtransfer-display-component---billingWorkbench--smartFilterBar-btnBasicSearch\")]"}
RESULT: {"using":"xpath","value":"//input[contains(@id ,\"application-billingtransfer-display-component---billingWorkbench--smartFilterBar-btnBasicSearch\")]"}
COMMAND: POST /session/365d56350ece7ddb67f22ecca89c6f97/elements - {"using":"xpath","value":"//input[contains(@id ,\"application-billingtransfer-display-component---billingWorkbench--smartFilterBar-btnBasicSearch\")]"}
RESULT: {"using":"xpath","value":"//input[contains(@id ,\"application-billingtransfer-display-component---billingWorkbench--smartFilterBar-btnBasicSearch\")]"}
COMMAND: POST /session/365d56350ece7ddb67f22ecca89c6f97/elements - {"using":"xpath","value":"//input[contains(@id ,\"application-billingtransfer-display-component---billingWorkbench--smartFilterBar-btnBasicSearch\")]"}
RESULT: {"using":"xpath","value":"//input[contains(@id ,\"application-billingtransfer-display-component---billingWorkbench--smartFilterBar-btnBasicSearch\")]"}
COMMAND: POST /session/365d56350ece7ddb67f22ecca89c6f97/elements - {"using":"xpath","value":"//input[contains(@id ,\"application-billingtransfer-display-component---billingWorkbench--smartFilterBar-btnBasicSearch\")]"}
RESULT: {"using":"xpath","value":"//input[contains(@id ,\"application-billingtransfer-display-component---billingWorkbench--smartFilterBar-btnBasicSearch\")]"}
COMMAND: POST /session/365d56350ece7ddb67f22ecca89c6f97/elements - {"using":"xpath","value":"//input[contains(@id ,\"application-billingtransfer-display-component---billingWorkbench--smartFilterBar-btnBasicSearch\")]"}
RESULT: {"using":"xpath","value":"//input[contains(@id ,\"application-billingtransfer-display-component---billingWorkbench--smartFilterBar-btnBasicSearch\")]"}
COMMAND: POST /session/365d56350ece7ddb67f22ecca89c6f97/elements - {"using":"xpath","value":"//input[contains(@id ,\"application-billingtransfer-display-component---billingWorkbench--smartFilterBar-btnBasicSearch\")]"}
RESULT: {"using":"xpath","value":"//input[contains(@id ,\"application-billingtransfer-display-component---billingWorkbench--smartFilterBar-btnBasicSearch\")]"}
COMMAND: POST /session/365d56350ece7ddb67f22ecca89c6f97/elements - {"using":"xpath","value":"//input[contains(@id ,\"application-billingtransfer-display-component---billingWorkbench--smartFilterBar-btnBasicSearch\")]"}
RESULT: {"using":"xpath","value":"//input[contains(@id ,\"application-billingtransfer-display-component---billingWorkbench--smartFilterBar-btnBasicSearch\")]"}
COMMAND: POST /session/365d56350ece7ddb67f22ecca89c6f97/elements - {"using":"xpath","value":"//input[contains(@id ,\"application-billingtransfer-display-component---billingWorkbench--smartFilterBar-btnBasicSearch\")]"}
RESULT: {"using":"xpath","value":"//input[contains(@id ,\"application-billingtransfer-display-component---billingWorkbench--smartFilterBar-btnBasicSearch\")]"}
COMMAND: POST /session/365d56350ece7ddb67f22ecca89c6f97/elements - {"using":"xpath","value":"//input[contains(@id ,\"application-billingtransfer-display-component---billingWorkbench--smartFilterBar-btnBasicSearch\")]"}
RESULT: {"using":"xpath","value":"//input[contains(@id ,\"application-billingtransfer-display-component---billingWorkbench--smartFilterBar-btnBasicSearch\")]"}
COMMAND: POST /session/365d56350ece7ddb67f22ecca89c6f97/elements - {"using":"xpath","value":"//input[contains(@id ,\"application-billingtransfer-display-component---billingWorkbench--smartFilterBar-btnBasicSearch\")]"}
RESULT: {"using":"xpath","value":"//input[contains(@id ,\"application-billingtransfer-display-component---billingWorkbench--smartFilterBar-btnBasicSearch\")]"}
COMMAND: POST /session/365d56350ece7ddb67f22ecca89c6f97/elements - {"using":"xpath","value":"//input[contains(@id ,\"application-billingtransfer-display-component---billingWorkbench--smartFilterBar-btnBasicSearch\")]"}
RESULT: {"using":"xpath","value":"//input[contains(@id ,\"application-billingtransfer-display-component---billingWorkbench--smartFilterBar-btnBasicSearch\")]"}
COMMAND: GET /session/365d56350ece7ddb67f22ecca89c6f97/screenshot - {}
RESULT: {}
]]></system-out>
      <system-err><![CDATA[
Error: element ("//input[contains(@id ,"application-billingtransfer-display-component---billingWorkbench--smartFilterBar-btnBasicSearch")]") still not existing after 45000ms
    at async UtilsPrerequisites.narrowDownSearchBT (D:\a\1\s\test\specs\BTS\prerequisites-and-utils-functions.js:2850:9)
    at async UtilsPrerequisites.billingTransfer (D:\a\1\s\test\specs\BTS\prerequisites-and-utils-functions.js:2775:9)
    at async Context.<anonymous> (D:\a\1\s\test\specs\BTS\billing-calculation-transp-times.spec.js:129:9)
]]></system-err>
    </testcase>
    <testcase classname="chrome.136_0_7103_93.windows.Billing_Calculation_-_Time_based_(considering_transport_times)_US139738" name="Should do another billing run but in around 25 days from today" time="20.017">
      <failure/>
      <error message="element not interactable&#xA;  (Session info: chrome=136.0.7103.93)"/>
      <system-out><![CDATA[
RESULT: undefined
COMMAND: POST /session/365d56350ece7ddb67f22ecca89c6f97/element - {"using":"xpath","value":"//*[@id=\"__tile51\"]"}
COMMAND: GET /session/365d56350ece7ddb67f22ecca89c6f97/screenshot - {}
RESULT: {"using":"xpath","value":"//*[@id=\"__tile51\"]"}
COMMAND: POST /session/365d56350ece7ddb67f22ecca89c6f97/element/f.0CFB565138F0704D782EF1C57C56E9E5.d.A06AE8E9EAE81C449FC38072ECE5906D.e.17424/click - {}
RESULT: {}
COMMAND: POST /session/365d56350ece7ddb67f22ecca89c6f97/elements - {"using":"xpath","value":"//span[text()='Error']"}
RESULT: {"using":"xpath","value":"//span[text()='Error']"}
RESULT: undefined
COMMAND: POST /session/365d56350ece7ddb67f22ecca89c6f97/execute/async - {"script":"<script> [776 bytes]","args":[{"enterText":"10222","selector":{"id":"application-managebillings-display-component---billRunCalcResult--smartFilterBar-btnBasicSearch","interaction":{"idSuffix":"I"}},"clearTextFirst":true,"interactionType":"ENTER_TEXT"}]}
RESULT: {"script":"<script> [776 bytes]","args":[{"enterText":"10222","selector":{"id":"application-managebillings-display-component---billRunCalcResult--smartFilterBar-btnBasicSearch","interaction":{"idSuffix":"I"}},"clearTextFirst":true,"interactionType":"ENTER_TEXT"}]}
COMMAND: POST /session/365d56350ece7ddb67f22ecca89c6f97/actions - {"actions":[{"id":"action89","type":"key","parameters":{},"actions":[{"type":"keyDown","value":""},{"type":"pause","duration":10},{"type":"keyUp","value":""}]}]}
RESULT: {"actions":[{"id":"action89","type":"key","parameters":{},"actions":[{"type":"keyDown","value":""},{"type":"pause","duration":10},{"type":"keyUp","value":""}]}]}
COMMAND: GET /session/365d56350ece7ddb67f22ecca89c6f97/screenshot - {}
RESULT: {}
COMMAND: POST /session/365d56350ece7ddb67f22ecca89c6f97/element - {"using":"xpath","value":"//td[@aria-colindex=\"1\"]/div/div[contains(@class, \"sapMCbBg\")]"}
RESULT: {"using":"xpath","value":"//td[@aria-colindex=\"1\"]/div/div[contains(@class, \"sapMCbBg\")]"}
COMMAND: POST /session/365d56350ece7ddb67f22ecca89c6f97/element/f.0CFB565138F0704D782EF1C57C56E9E5.d.A06AE8E9EAE81C449FC38072ECE5906D.e.23126/click - {}
COMMAND: GET /session/365d56350ece7ddb67f22ecca89c6f97/screenshot - {}
RESULT: {}
]]></system-out>
      <system-err><![CDATA[
element not interactable: element not interactable
  (Session info: chrome=136.0.7103.93)
    at async UtilsPrerequisites.manageBillingsTriggerCalculation (D:\a\1\s\test\specs\BTS\prerequisites-and-utils-functions.js:2718:9)
    at async Context.<anonymous> (D:\a\1\s\test\specs\BTS\billing-calculation-transp-times.spec.js:133:9)
]]></system-err>
    </testcase>
    <testcase classname="chrome.136_0_7103_93.windows.Billing_Calculation_-_Time_based_(considering_transport_times)_US139738" name="Should transfer the billing all the way to completion" time="56.311">
      <failure/>
      <error message="element (&quot;//input[contains(@id ,&quot;application-billingtransfer-display-component---billingWorkbench--smartFilterBar-btnBasicSearch&quot;)]&quot;) still not existing after 45000ms"/>
      <system-out><![CDATA[
RESULT: undefined
COMMAND: POST /session/365d56350ece7ddb67f22ecca89c6f97/element - {"using":"xpath","value":"//*[@id=\"__tile50\"]"}
COMMAND: GET /session/365d56350ece7ddb67f22ecca89c6f97/screenshot - {}
RESULT: {"using":"xpath","value":"//*[@id=\"__tile50\"]"}
COMMAND: POST /session/365d56350ece7ddb67f22ecca89c6f97/element/f.0CFB565138F0704D782EF1C57C56E9E5.d.A06AE8E9EAE81C449FC38072ECE5906D.e.17483/click - {}
RESULT: {}
COMMAND: POST /session/365d56350ece7ddb67f22ecca89c6f97/elements - {"using":"xpath","value":"//span[text()='Error']"}
RESULT: {"using":"xpath","value":"//span[text()='Error']"}
COMMAND: POST /session/365d56350ece7ddb67f22ecca89c6f97/element - {"using":"xpath","value":"//input[contains(@id ,\"application-billingtransfer-display-component---billingWorkbench--smartFilterBar-btnBasicSearch\")]"}
RESULT: {"using":"xpath","value":"//input[contains(@id ,\"application-billingtransfer-display-component---billingWorkbench--smartFilterBar-btnBasicSearch\")]"}
COMMAND: POST /session/365d56350ece7ddb67f22ecca89c6f97/elements - {"using":"xpath","value":"//input[contains(@id ,\"application-billingtransfer-display-component---billingWorkbench--smartFilterBar-btnBasicSearch\")]"}
RESULT: {"using":"xpath","value":"//input[contains(@id ,\"application-billingtransfer-display-component---billingWorkbench--smartFilterBar-btnBasicSearch\")]"}
COMMAND: POST /session/365d56350ece7ddb67f22ecca89c6f97/elements - {"using":"xpath","value":"//input[contains(@id ,\"application-billingtransfer-display-component---billingWorkbench--smartFilterBar-btnBasicSearch\")]"}
RESULT: {"using":"xpath","value":"//input[contains(@id ,\"application-billingtransfer-display-component---billingWorkbench--smartFilterBar-btnBasicSearch\")]"}
COMMAND: POST /session/365d56350ece7ddb67f22ecca89c6f97/elements - {"using":"xpath","value":"//input[contains(@id ,\"application-billingtransfer-display-component---billingWorkbench--smartFilterBar-btnBasicSearch\")]"}
RESULT: {"using":"xpath","value":"//input[contains(@id ,\"application-billingtransfer-display-component---billingWorkbench--smartFilterBar-btnBasicSearch\")]"}
COMMAND: POST /session/365d56350ece7ddb67f22ecca89c6f97/elements - {"using":"xpath","value":"//input[contains(@id ,\"application-billingtransfer-display-component---billingWorkbench--smartFilterBar-btnBasicSearch\")]"}
RESULT: {"using":"xpath","value":"//input[contains(@id ,\"application-billingtransfer-display-component---billingWorkbench--smartFilterBar-btnBasicSearch\")]"}
COMMAND: POST /session/365d56350ece7ddb67f22ecca89c6f97/elements - {"using":"xpath","value":"//input[contains(@id ,\"application-billingtransfer-display-component---billingWorkbench--smartFilterBar-btnBasicSearch\")]"}
RESULT: {"using":"xpath","value":"//input[contains(@id ,\"application-billingtransfer-display-component---billingWorkbench--smartFilterBar-btnBasicSearch\")]"}
COMMAND: POST /session/365d56350ece7ddb67f22ecca89c6f97/elements - {"using":"xpath","value":"//input[contains(@id ,\"application-billingtransfer-display-component---billingWorkbench--smartFilterBar-btnBasicSearch\")]"}
RESULT: {"using":"xpath","value":"//input[contains(@id ,\"application-billingtransfer-display-component---billingWorkbench--smartFilterBar-btnBasicSearch\")]"}
COMMAND: POST /session/365d56350ece7ddb67f22ecca89c6f97/elements - {"using":"xpath","value":"//input[contains(@id ,\"application-billingtransfer-display-component---billingWorkbench--smartFilterBar-btnBasicSearch\")]"}
RESULT: {"using":"xpath","value":"//input[contains(@id ,\"application-billingtransfer-display-component---billingWorkbench--smartFilterBar-btnBasicSearch\")]"}
COMMAND: POST /session/365d56350ece7ddb67f22ecca89c6f97/elements - {"using":"xpath","value":"//input[contains(@id ,\"application-billingtransfer-display-component---billingWorkbench--smartFilterBar-btnBasicSearch\")]"}
RESULT: {"using":"xpath","value":"//input[contains(@id ,\"application-billingtransfer-display-component---billingWorkbench--smartFilterBar-btnBasicSearch\")]"}
COMMAND: POST /session/365d56350ece7ddb67f22ecca89c6f97/elements - {"using":"xpath","value":"//input[contains(@id ,\"application-billingtransfer-display-component---billingWorkbench--smartFilterBar-btnBasicSearch\")]"}
RESULT: {"using":"xpath","value":"//input[contains(@id ,\"application-billingtransfer-display-component---billingWorkbench--smartFilterBar-btnBasicSearch\")]"}
COMMAND: POST /session/365d56350ece7ddb67f22ecca89c6f97/elements - {"using":"xpath","value":"//input[contains(@id ,\"application-billingtransfer-display-component---billingWorkbench--smartFilterBar-btnBasicSearch\")]"}
RESULT: {"using":"xpath","value":"//input[contains(@id ,\"application-billingtransfer-display-component---billingWorkbench--smartFilterBar-btnBasicSearch\")]"}
COMMAND: POST /session/365d56350ece7ddb67f22ecca89c6f97/elements - {"using":"xpath","value":"//input[contains(@id ,\"application-billingtransfer-display-component---billingWorkbench--smartFilterBar-btnBasicSearch\")]"}
RESULT: {"using":"xpath","value":"//input[contains(@id ,\"application-billingtransfer-display-component---billingWorkbench--smartFilterBar-btnBasicSearch\")]"}
COMMAND: POST /session/365d56350ece7ddb67f22ecca89c6f97/elements - {"using":"xpath","value":"//input[contains(@id ,\"application-billingtransfer-display-component---billingWorkbench--smartFilterBar-btnBasicSearch\")]"}
RESULT: {"using":"xpath","value":"//input[contains(@id ,\"application-billingtransfer-display-component---billingWorkbench--smartFilterBar-btnBasicSearch\")]"}
COMMAND: POST /session/365d56350ece7ddb67f22ecca89c6f97/elements - {"using":"xpath","value":"//input[contains(@id ,\"application-billingtransfer-display-component---billingWorkbench--smartFilterBar-btnBasicSearch\")]"}
RESULT: {"using":"xpath","value":"//input[contains(@id ,\"application-billingtransfer-display-component---billingWorkbench--smartFilterBar-btnBasicSearch\")]"}
COMMAND: POST /session/365d56350ece7ddb67f22ecca89c6f97/elements - {"using":"xpath","value":"//input[contains(@id ,\"application-billingtransfer-display-component---billingWorkbench--smartFilterBar-btnBasicSearch\")]"}
RESULT: {"using":"xpath","value":"//input[contains(@id ,\"application-billingtransfer-display-component---billingWorkbench--smartFilterBar-btnBasicSearch\")]"}
COMMAND: POST /session/365d56350ece7ddb67f22ecca89c6f97/elements - {"using":"xpath","value":"//input[contains(@id ,\"application-billingtransfer-display-component---billingWorkbench--smartFilterBar-btnBasicSearch\")]"}
RESULT: {"using":"xpath","value":"//input[contains(@id ,\"application-billingtransfer-display-component---billingWorkbench--smartFilterBar-btnBasicSearch\")]"}
COMMAND: POST /session/365d56350ece7ddb67f22ecca89c6f97/elements - {"using":"xpath","value":"//input[contains(@id ,\"application-billingtransfer-display-component---billingWorkbench--smartFilterBar-btnBasicSearch\")]"}
RESULT: {"using":"xpath","value":"//input[contains(@id ,\"application-billingtransfer-display-component---billingWorkbench--smartFilterBar-btnBasicSearch\")]"}
COMMAND: POST /session/365d56350ece7ddb67f22ecca89c6f97/elements - {"using":"xpath","value":"//input[contains(@id ,\"application-billingtransfer-display-component---billingWorkbench--smartFilterBar-btnBasicSearch\")]"}
RESULT: {"using":"xpath","value":"//input[contains(@id ,\"application-billingtransfer-display-component---billingWorkbench--smartFilterBar-btnBasicSearch\")]"}
COMMAND: POST /session/365d56350ece7ddb67f22ecca89c6f97/elements - {"using":"xpath","value":"//input[contains(@id ,\"application-billingtransfer-display-component---billingWorkbench--smartFilterBar-btnBasicSearch\")]"}
RESULT: {"using":"xpath","value":"//input[contains(@id ,\"application-billingtransfer-display-component---billingWorkbench--smartFilterBar-btnBasicSearch\")]"}
COMMAND: POST /session/365d56350ece7ddb67f22ecca89c6f97/elements - {"using":"xpath","value":"//input[contains(@id ,\"application-billingtransfer-display-component---billingWorkbench--smartFilterBar-btnBasicSearch\")]"}
RESULT: {"using":"xpath","value":"//input[contains(@id ,\"application-billingtransfer-display-component---billingWorkbench--smartFilterBar-btnBasicSearch\")]"}
COMMAND: POST /session/365d56350ece7ddb67f22ecca89c6f97/elements - {"using":"xpath","value":"//input[contains(@id ,\"application-billingtransfer-display-component---billingWorkbench--smartFilterBar-btnBasicSearch\")]"}
RESULT: {"using":"xpath","value":"//input[contains(@id ,\"application-billingtransfer-display-component---billingWorkbench--smartFilterBar-btnBasicSearch\")]"}
COMMAND: POST /session/365d56350ece7ddb67f22ecca89c6f97/elements - {"using":"xpath","value":"//input[contains(@id ,\"application-billingtransfer-display-component---billingWorkbench--smartFilterBar-btnBasicSearch\")]"}
RESULT: {"using":"xpath","value":"//input[contains(@id ,\"application-billingtransfer-display-component---billingWorkbench--smartFilterBar-btnBasicSearch\")]"}
COMMAND: POST /session/365d56350ece7ddb67f22ecca89c6f97/elements - {"using":"xpath","value":"//input[contains(@id ,\"application-billingtransfer-display-component---billingWorkbench--smartFilterBar-btnBasicSearch\")]"}
RESULT: {"using":"xpath","value":"//input[contains(@id ,\"application-billingtransfer-display-component---billingWorkbench--smartFilterBar-btnBasicSearch\")]"}
COMMAND: POST /session/365d56350ece7ddb67f22ecca89c6f97/elements - {"using":"xpath","value":"//input[contains(@id ,\"application-billingtransfer-display-component---billingWorkbench--smartFilterBar-btnBasicSearch\")]"}
RESULT: {"using":"xpath","value":"//input[contains(@id ,\"application-billingtransfer-display-component---billingWorkbench--smartFilterBar-btnBasicSearch\")]"}
COMMAND: POST /session/365d56350ece7ddb67f22ecca89c6f97/elements - {"using":"xpath","value":"//input[contains(@id ,\"application-billingtransfer-display-component---billingWorkbench--smartFilterBar-btnBasicSearch\")]"}
RESULT: {"using":"xpath","value":"//input[contains(@id ,\"application-billingtransfer-display-component---billingWorkbench--smartFilterBar-btnBasicSearch\")]"}
COMMAND: POST /session/365d56350ece7ddb67f22ecca89c6f97/elements - {"using":"xpath","value":"//input[contains(@id ,\"application-billingtransfer-display-component---billingWorkbench--smartFilterBar-btnBasicSearch\")]"}
RESULT: {"using":"xpath","value":"//input[contains(@id ,\"application-billingtransfer-display-component---billingWorkbench--smartFilterBar-btnBasicSearch\")]"}
COMMAND: POST /session/365d56350ece7ddb67f22ecca89c6f97/elements - {"using":"xpath","value":"//input[contains(@id ,\"application-billingtransfer-display-component---billingWorkbench--smartFilterBar-btnBasicSearch\")]"}
RESULT: {"using":"xpath","value":"//input[contains(@id ,\"application-billingtransfer-display-component---billingWorkbench--smartFilterBar-btnBasicSearch\")]"}
COMMAND: POST /session/365d56350ece7ddb67f22ecca89c6f97/elements - {"using":"xpath","value":"//input[contains(@id ,\"application-billingtransfer-display-component---billingWorkbench--smartFilterBar-btnBasicSearch\")]"}
RESULT: {"using":"xpath","value":"//input[contains(@id ,\"application-billingtransfer-display-component---billingWorkbench--smartFilterBar-btnBasicSearch\")]"}
COMMAND: POST /session/365d56350ece7ddb67f22ecca89c6f97/elements - {"using":"xpath","value":"//input[contains(@id ,\"application-billingtransfer-display-component---billingWorkbench--smartFilterBar-btnBasicSearch\")]"}
RESULT: {"using":"xpath","value":"//input[contains(@id ,\"application-billingtransfer-display-component---billingWorkbench--smartFilterBar-btnBasicSearch\")]"}
COMMAND: POST /session/365d56350ece7ddb67f22ecca89c6f97/elements - {"using":"xpath","value":"//input[contains(@id ,\"application-billingtransfer-display-component---billingWorkbench--smartFilterBar-btnBasicSearch\")]"}
RESULT: {"using":"xpath","value":"//input[contains(@id ,\"application-billingtransfer-display-component---billingWorkbench--smartFilterBar-btnBasicSearch\")]"}
COMMAND: POST /session/365d56350ece7ddb67f22ecca89c6f97/elements - {"using":"xpath","value":"//input[contains(@id ,\"application-billingtransfer-display-component---billingWorkbench--smartFilterBar-btnBasicSearch\")]"}
RESULT: {"using":"xpath","value":"//input[contains(@id ,\"application-billingtransfer-display-component---billingWorkbench--smartFilterBar-btnBasicSearch\")]"}
COMMAND: POST /session/365d56350ece7ddb67f22ecca89c6f97/elements - {"using":"xpath","value":"//input[contains(@id ,\"application-billingtransfer-display-component---billingWorkbench--smartFilterBar-btnBasicSearch\")]"}
RESULT: {"using":"xpath","value":"//input[contains(@id ,\"application-billingtransfer-display-component---billingWorkbench--smartFilterBar-btnBasicSearch\")]"}
COMMAND: POST /session/365d56350ece7ddb67f22ecca89c6f97/elements - {"using":"xpath","value":"//input[contains(@id ,\"application-billingtransfer-display-component---billingWorkbench--smartFilterBar-btnBasicSearch\")]"}
RESULT: {"using":"xpath","value":"//input[contains(@id ,\"application-billingtransfer-display-component---billingWorkbench--smartFilterBar-btnBasicSearch\")]"}
COMMAND: POST /session/365d56350ece7ddb67f22ecca89c6f97/elements - {"using":"xpath","value":"//input[contains(@id ,\"application-billingtransfer-display-component---billingWorkbench--smartFilterBar-btnBasicSearch\")]"}
RESULT: {"using":"xpath","value":"//input[contains(@id ,\"application-billingtransfer-display-component---billingWorkbench--smartFilterBar-btnBasicSearch\")]"}
COMMAND: POST /session/365d56350ece7ddb67f22ecca89c6f97/elements - {"using":"xpath","value":"//input[contains(@id ,\"application-billingtransfer-display-component---billingWorkbench--smartFilterBar-btnBasicSearch\")]"}
RESULT: {"using":"xpath","value":"//input[contains(@id ,\"application-billingtransfer-display-component---billingWorkbench--smartFilterBar-btnBasicSearch\")]"}
COMMAND: POST /session/365d56350ece7ddb67f22ecca89c6f97/elements - {"using":"xpath","value":"//input[contains(@id ,\"application-billingtransfer-display-component---billingWorkbench--smartFilterBar-btnBasicSearch\")]"}
RESULT: {"using":"xpath","value":"//input[contains(@id ,\"application-billingtransfer-display-component---billingWorkbench--smartFilterBar-btnBasicSearch\")]"}
COMMAND: POST /session/365d56350ece7ddb67f22ecca89c6f97/elements - {"using":"xpath","value":"//input[contains(@id ,\"application-billingtransfer-display-component---billingWorkbench--smartFilterBar-btnBasicSearch\")]"}
RESULT: {"using":"xpath","value":"//input[contains(@id ,\"application-billingtransfer-display-component---billingWorkbench--smartFilterBar-btnBasicSearch\")]"}
COMMAND: POST /session/365d56350ece7ddb67f22ecca89c6f97/elements - {"using":"xpath","value":"//input[contains(@id ,\"application-billingtransfer-display-component---billingWorkbench--smartFilterBar-btnBasicSearch\")]"}
RESULT: {"using":"xpath","value":"//input[contains(@id ,\"application-billingtransfer-display-component---billingWorkbench--smartFilterBar-btnBasicSearch\")]"}
COMMAND: POST /session/365d56350ece7ddb67f22ecca89c6f97/elements - {"using":"xpath","value":"//input[contains(@id ,\"application-billingtransfer-display-component---billingWorkbench--smartFilterBar-btnBasicSearch\")]"}
RESULT: {"using":"xpath","value":"//input[contains(@id ,\"application-billingtransfer-display-component---billingWorkbench--smartFilterBar-btnBasicSearch\")]"}
COMMAND: POST /session/365d56350ece7ddb67f22ecca89c6f97/elements - {"using":"xpath","value":"//input[contains(@id ,\"application-billingtransfer-display-component---billingWorkbench--smartFilterBar-btnBasicSearch\")]"}
RESULT: {"using":"xpath","value":"//input[contains(@id ,\"application-billingtransfer-display-component---billingWorkbench--smartFilterBar-btnBasicSearch\")]"}
COMMAND: POST /session/365d56350ece7ddb67f22ecca89c6f97/elements - {"using":"xpath","value":"//input[contains(@id ,\"application-billingtransfer-display-component---billingWorkbench--smartFilterBar-btnBasicSearch\")]"}
RESULT: {"using":"xpath","value":"//input[contains(@id ,\"application-billingtransfer-display-component---billingWorkbench--smartFilterBar-btnBasicSearch\")]"}
COMMAND: POST /session/365d56350ece7ddb67f22ecca89c6f97/elements - {"using":"xpath","value":"//input[contains(@id ,\"application-billingtransfer-display-component---billingWorkbench--smartFilterBar-btnBasicSearch\")]"}
RESULT: {"using":"xpath","value":"//input[contains(@id ,\"application-billingtransfer-display-component---billingWorkbench--smartFilterBar-btnBasicSearch\")]"}
COMMAND: POST /session/365d56350ece7ddb67f22ecca89c6f97/elements - {"using":"xpath","value":"//input[contains(@id ,\"application-billingtransfer-display-component---billingWorkbench--smartFilterBar-btnBasicSearch\")]"}
RESULT: {"using":"xpath","value":"//input[contains(@id ,\"application-billingtransfer-display-component---billingWorkbench--smartFilterBar-btnBasicSearch\")]"}
COMMAND: POST /session/365d56350ece7ddb67f22ecca89c6f97/elements - {"using":"xpath","value":"//input[contains(@id ,\"application-billingtransfer-display-component---billingWorkbench--smartFilterBar-btnBasicSearch\")]"}
RESULT: {"using":"xpath","value":"//input[contains(@id ,\"application-billingtransfer-display-component---billingWorkbench--smartFilterBar-btnBasicSearch\")]"}
COMMAND: POST /session/365d56350ece7ddb67f22ecca89c6f97/elements - {"using":"xpath","value":"//input[contains(@id ,\"application-billingtransfer-display-component---billingWorkbench--smartFilterBar-btnBasicSearch\")]"}
RESULT: {"using":"xpath","value":"//input[contains(@id ,\"application-billingtransfer-display-component---billingWorkbench--smartFilterBar-btnBasicSearch\")]"}
COMMAND: POST /session/365d56350ece7ddb67f22ecca89c6f97/elements - {"using":"xpath","value":"//input[contains(@id ,\"application-billingtransfer-display-component---billingWorkbench--smartFilterBar-btnBasicSearch\")]"}
RESULT: {"using":"xpath","value":"//input[contains(@id ,\"application-billingtransfer-display-component---billingWorkbench--smartFilterBar-btnBasicSearch\")]"}
COMMAND: POST /session/365d56350ece7ddb67f22ecca89c6f97/elements - {"using":"xpath","value":"//input[contains(@id ,\"application-billingtransfer-display-component---billingWorkbench--smartFilterBar-btnBasicSearch\")]"}
RESULT: {"using":"xpath","value":"//input[contains(@id ,\"application-billingtransfer-display-component---billingWorkbench--smartFilterBar-btnBasicSearch\")]"}
COMMAND: POST /session/365d56350ece7ddb67f22ecca89c6f97/elements - {"using":"xpath","value":"//input[contains(@id ,\"application-billingtransfer-display-component---billingWorkbench--smartFilterBar-btnBasicSearch\")]"}
RESULT: {"using":"xpath","value":"//input[contains(@id ,\"application-billingtransfer-display-component---billingWorkbench--smartFilterBar-btnBasicSearch\")]"}
COMMAND: POST /session/365d56350ece7ddb67f22ecca89c6f97/elements - {"using":"xpath","value":"//input[contains(@id ,\"application-billingtransfer-display-component---billingWorkbench--smartFilterBar-btnBasicSearch\")]"}
RESULT: {"using":"xpath","value":"//input[contains(@id ,\"application-billingtransfer-display-component---billingWorkbench--smartFilterBar-btnBasicSearch\")]"}
COMMAND: POST /session/365d56350ece7ddb67f22ecca89c6f97/elements - {"using":"xpath","value":"//input[contains(@id ,\"application-billingtransfer-display-component---billingWorkbench--smartFilterBar-btnBasicSearch\")]"}
RESULT: {"using":"xpath","value":"//input[contains(@id ,\"application-billingtransfer-display-component---billingWorkbench--smartFilterBar-btnBasicSearch\")]"}
COMMAND: POST /session/365d56350ece7ddb67f22ecca89c6f97/elements - {"using":"xpath","value":"//input[contains(@id ,\"application-billingtransfer-display-component---billingWorkbench--smartFilterBar-btnBasicSearch\")]"}
RESULT: {"using":"xpath","value":"//input[contains(@id ,\"application-billingtransfer-display-component---billingWorkbench--smartFilterBar-btnBasicSearch\")]"}
COMMAND: POST /session/365d56350ece7ddb67f22ecca89c6f97/elements - {"using":"xpath","value":"//input[contains(@id ,\"application-billingtransfer-display-component---billingWorkbench--smartFilterBar-btnBasicSearch\")]"}
RESULT: {"using":"xpath","value":"//input[contains(@id ,\"application-billingtransfer-display-component---billingWorkbench--smartFilterBar-btnBasicSearch\")]"}
COMMAND: POST /session/365d56350ece7ddb67f22ecca89c6f97/elements - {"using":"xpath","value":"//input[contains(@id ,\"application-billingtransfer-display-component---billingWorkbench--smartFilterBar-btnBasicSearch\")]"}
RESULT: {"using":"xpath","value":"//input[contains(@id ,\"application-billingtransfer-display-component---billingWorkbench--smartFilterBar-btnBasicSearch\")]"}
COMMAND: POST /session/365d56350ece7ddb67f22ecca89c6f97/elements - {"using":"xpath","value":"//input[contains(@id ,\"application-billingtransfer-display-component---billingWorkbench--smartFilterBar-btnBasicSearch\")]"}
RESULT: {"using":"xpath","value":"//input[contains(@id ,\"application-billingtransfer-display-component---billingWorkbench--smartFilterBar-btnBasicSearch\")]"}
COMMAND: POST /session/365d56350ece7ddb67f22ecca89c6f97/elements - {"using":"xpath","value":"//input[contains(@id ,\"application-billingtransfer-display-component---billingWorkbench--smartFilterBar-btnBasicSearch\")]"}
RESULT: {"using":"xpath","value":"//input[contains(@id ,\"application-billingtransfer-display-component---billingWorkbench--smartFilterBar-btnBasicSearch\")]"}
COMMAND: POST /session/365d56350ece7ddb67f22ecca89c6f97/elements - {"using":"xpath","value":"//input[contains(@id ,\"application-billingtransfer-display-component---billingWorkbench--smartFilterBar-btnBasicSearch\")]"}
RESULT: {"using":"xpath","value":"//input[contains(@id ,\"application-billingtransfer-display-component---billingWorkbench--smartFilterBar-btnBasicSearch\")]"}
COMMAND: POST /session/365d56350ece7ddb67f22ecca89c6f97/elements - {"using":"xpath","value":"//input[contains(@id ,\"application-billingtransfer-display-component---billingWorkbench--smartFilterBar-btnBasicSearch\")]"}
RESULT: {"using":"xpath","value":"//input[contains(@id ,\"application-billingtransfer-display-component---billingWorkbench--smartFilterBar-btnBasicSearch\")]"}
COMMAND: POST /session/365d56350ece7ddb67f22ecca89c6f97/elements - {"using":"xpath","value":"//input[contains(@id ,\"application-billingtransfer-display-component---billingWorkbench--smartFilterBar-btnBasicSearch\")]"}
RESULT: {"using":"xpath","value":"//input[contains(@id ,\"application-billingtransfer-display-component---billingWorkbench--smartFilterBar-btnBasicSearch\")]"}
COMMAND: POST /session/365d56350ece7ddb67f22ecca89c6f97/elements - {"using":"xpath","value":"//input[contains(@id ,\"application-billingtransfer-display-component---billingWorkbench--smartFilterBar-btnBasicSearch\")]"}
RESULT: {"using":"xpath","value":"//input[contains(@id ,\"application-billingtransfer-display-component---billingWorkbench--smartFilterBar-btnBasicSearch\")]"}
COMMAND: POST /session/365d56350ece7ddb67f22ecca89c6f97/elements - {"using":"xpath","value":"//input[contains(@id ,\"application-billingtransfer-display-component---billingWorkbench--smartFilterBar-btnBasicSearch\")]"}
RESULT: {"using":"xpath","value":"//input[contains(@id ,\"application-billingtransfer-display-component---billingWorkbench--smartFilterBar-btnBasicSearch\")]"}
COMMAND: POST /session/365d56350ece7ddb67f22ecca89c6f97/elements - {"using":"xpath","value":"//input[contains(@id ,\"application-billingtransfer-display-component---billingWorkbench--smartFilterBar-btnBasicSearch\")]"}
RESULT: {"using":"xpath","value":"//input[contains(@id ,\"application-billingtransfer-display-component---billingWorkbench--smartFilterBar-btnBasicSearch\")]"}
COMMAND: POST /session/365d56350ece7ddb67f22ecca89c6f97/elements - {"using":"xpath","value":"//input[contains(@id ,\"application-billingtransfer-display-component---billingWorkbench--smartFilterBar-btnBasicSearch\")]"}
RESULT: {"using":"xpath","value":"//input[contains(@id ,\"application-billingtransfer-display-component---billingWorkbench--smartFilterBar-btnBasicSearch\")]"}
COMMAND: POST /session/365d56350ece7ddb67f22ecca89c6f97/elements - {"using":"xpath","value":"//input[contains(@id ,\"application-billingtransfer-display-component---billingWorkbench--smartFilterBar-btnBasicSearch\")]"}
RESULT: {"using":"xpath","value":"//input[contains(@id ,\"application-billingtransfer-display-component---billingWorkbench--smartFilterBar-btnBasicSearch\")]"}
COMMAND: POST /session/365d56350ece7ddb67f22ecca89c6f97/elements - {"using":"xpath","value":"//input[contains(@id ,\"application-billingtransfer-display-component---billingWorkbench--smartFilterBar-btnBasicSearch\")]"}
RESULT: {"using":"xpath","value":"//input[contains(@id ,\"application-billingtransfer-display-component---billingWorkbench--smartFilterBar-btnBasicSearch\")]"}
COMMAND: POST /session/365d56350ece7ddb67f22ecca89c6f97/elements - {"using":"xpath","value":"//input[contains(@id ,\"application-billingtransfer-display-component---billingWorkbench--smartFilterBar-btnBasicSearch\")]"}
RESULT: {"using":"xpath","value":"//input[contains(@id ,\"application-billingtransfer-display-component---billingWorkbench--smartFilterBar-btnBasicSearch\")]"}
COMMAND: POST /session/365d56350ece7ddb67f22ecca89c6f97/elements - {"using":"xpath","value":"//input[contains(@id ,\"application-billingtransfer-display-component---billingWorkbench--smartFilterBar-btnBasicSearch\")]"}
RESULT: {"using":"xpath","value":"//input[contains(@id ,\"application-billingtransfer-display-component---billingWorkbench--smartFilterBar-btnBasicSearch\")]"}
COMMAND: POST /session/365d56350ece7ddb67f22ecca89c6f97/elements - {"using":"xpath","value":"//input[contains(@id ,\"application-billingtransfer-display-component---billingWorkbench--smartFilterBar-btnBasicSearch\")]"}
RESULT: {"using":"xpath","value":"//input[contains(@id ,\"application-billingtransfer-display-component---billingWorkbench--smartFilterBar-btnBasicSearch\")]"}
COMMAND: POST /session/365d56350ece7ddb67f22ecca89c6f97/elements - {"using":"xpath","value":"//input[contains(@id ,\"application-billingtransfer-display-component---billingWorkbench--smartFilterBar-btnBasicSearch\")]"}
RESULT: {"using":"xpath","value":"//input[contains(@id ,\"application-billingtransfer-display-component---billingWorkbench--smartFilterBar-btnBasicSearch\")]"}
COMMAND: POST /session/365d56350ece7ddb67f22ecca89c6f97/elements - {"using":"xpath","value":"//input[contains(@id ,\"application-billingtransfer-display-component---billingWorkbench--smartFilterBar-btnBasicSearch\")]"}
RESULT: {"using":"xpath","value":"//input[contains(@id ,\"application-billingtransfer-display-component---billingWorkbench--smartFilterBar-btnBasicSearch\")]"}
COMMAND: POST /session/365d56350ece7ddb67f22ecca89c6f97/elements - {"using":"xpath","value":"//input[contains(@id ,\"application-billingtransfer-display-component---billingWorkbench--smartFilterBar-btnBasicSearch\")]"}
RESULT: {"using":"xpath","value":"//input[contains(@id ,\"application-billingtransfer-display-component---billingWorkbench--smartFilterBar-btnBasicSearch\")]"}
COMMAND: POST /session/365d56350ece7ddb67f22ecca89c6f97/elements - {"using":"xpath","value":"//input[contains(@id ,\"application-billingtransfer-display-component---billingWorkbench--smartFilterBar-btnBasicSearch\")]"}
RESULT: {"using":"xpath","value":"//input[contains(@id ,\"application-billingtransfer-display-component---billingWorkbench--smartFilterBar-btnBasicSearch\")]"}
COMMAND: POST /session/365d56350ece7ddb67f22ecca89c6f97/elements - {"using":"xpath","value":"//input[contains(@id ,\"application-billingtransfer-display-component---billingWorkbench--smartFilterBar-btnBasicSearch\")]"}
RESULT: {"using":"xpath","value":"//input[contains(@id ,\"application-billingtransfer-display-component---billingWorkbench--smartFilterBar-btnBasicSearch\")]"}
COMMAND: POST /session/365d56350ece7ddb67f22ecca89c6f97/elements - {"using":"xpath","value":"//input[contains(@id ,\"application-billingtransfer-display-component---billingWorkbench--smartFilterBar-btnBasicSearch\")]"}
RESULT: {"using":"xpath","value":"//input[contains(@id ,\"application-billingtransfer-display-component---billingWorkbench--smartFilterBar-btnBasicSearch\")]"}
COMMAND: POST /session/365d56350ece7ddb67f22ecca89c6f97/elements - {"using":"xpath","value":"//input[contains(@id ,\"application-billingtransfer-display-component---billingWorkbench--smartFilterBar-btnBasicSearch\")]"}
RESULT: {"using":"xpath","value":"//input[contains(@id ,\"application-billingtransfer-display-component---billingWorkbench--smartFilterBar-btnBasicSearch\")]"}
COMMAND: POST /session/365d56350ece7ddb67f22ecca89c6f97/elements - {"using":"xpath","value":"//input[contains(@id ,\"application-billingtransfer-display-component---billingWorkbench--smartFilterBar-btnBasicSearch\")]"}
RESULT: {"using":"xpath","value":"//input[contains(@id ,\"application-billingtransfer-display-component---billingWorkbench--smartFilterBar-btnBasicSearch\")]"}
COMMAND: POST /session/365d56350ece7ddb67f22ecca89c6f97/elements - {"using":"xpath","value":"//input[contains(@id ,\"application-billingtransfer-display-component---billingWorkbench--smartFilterBar-btnBasicSearch\")]"}
RESULT: {"using":"xpath","value":"//input[contains(@id ,\"application-billingtransfer-display-component---billingWorkbench--smartFilterBar-btnBasicSearch\")]"}
COMMAND: POST /session/365d56350ece7ddb67f22ecca89c6f97/elements - {"using":"xpath","value":"//input[contains(@id ,\"application-billingtransfer-display-component---billingWorkbench--smartFilterBar-btnBasicSearch\")]"}
RESULT: {"using":"xpath","value":"//input[contains(@id ,\"application-billingtransfer-display-component---billingWorkbench--smartFilterBar-btnBasicSearch\")]"}
COMMAND: POST /session/365d56350ece7ddb67f22ecca89c6f97/elements - {"using":"xpath","value":"//input[contains(@id ,\"application-billingtransfer-display-component---billingWorkbench--smartFilterBar-btnBasicSearch\")]"}
RESULT: {"using":"xpath","value":"//input[contains(@id ,\"application-billingtransfer-display-component---billingWorkbench--smartFilterBar-btnBasicSearch\")]"}
COMMAND: POST /session/365d56350ece7ddb67f22ecca89c6f97/elements - {"using":"xpath","value":"//input[contains(@id ,\"application-billingtransfer-display-component---billingWorkbench--smartFilterBar-btnBasicSearch\")]"}
RESULT: {"using":"xpath","value":"//input[contains(@id ,\"application-billingtransfer-display-component---billingWorkbench--smartFilterBar-btnBasicSearch\")]"}
COMMAND: POST /session/365d56350ece7ddb67f22ecca89c6f97/elements - {"using":"xpath","value":"//input[contains(@id ,\"application-billingtransfer-display-component---billingWorkbench--smartFilterBar-btnBasicSearch\")]"}
RESULT: {"using":"xpath","value":"//input[contains(@id ,\"application-billingtransfer-display-component---billingWorkbench--smartFilterBar-btnBasicSearch\")]"}
COMMAND: POST /session/365d56350ece7ddb67f22ecca89c6f97/elements - {"using":"xpath","value":"//input[contains(@id ,\"application-billingtransfer-display-component---billingWorkbench--smartFilterBar-btnBasicSearch\")]"}
RESULT: {"using":"xpath","value":"//input[contains(@id ,\"application-billingtransfer-display-component---billingWorkbench--smartFilterBar-btnBasicSearch\")]"}
COMMAND: POST /session/365d56350ece7ddb67f22ecca89c6f97/elements - {"using":"xpath","value":"//input[contains(@id ,\"application-billingtransfer-display-component---billingWorkbench--smartFilterBar-btnBasicSearch\")]"}
RESULT: {"using":"xpath","value":"//input[contains(@id ,\"application-billingtransfer-display-component---billingWorkbench--smartFilterBar-btnBasicSearch\")]"}
COMMAND: POST /session/365d56350ece7ddb67f22ecca89c6f97/elements - {"using":"xpath","value":"//input[contains(@id ,\"application-billingtransfer-display-component---billingWorkbench--smartFilterBar-btnBasicSearch\")]"}
RESULT: {"using":"xpath","value":"//input[contains(@id ,\"application-billingtransfer-display-component---billingWorkbench--smartFilterBar-btnBasicSearch\")]"}
COMMAND: POST /session/365d56350ece7ddb67f22ecca89c6f97/elements - {"using":"xpath","value":"//input[contains(@id ,\"application-billingtransfer-display-component---billingWorkbench--smartFilterBar-btnBasicSearch\")]"}
RESULT: {"using":"xpath","value":"//input[contains(@id ,\"application-billingtransfer-display-component---billingWorkbench--smartFilterBar-btnBasicSearch\")]"}
COMMAND: POST /session/365d56350ece7ddb67f22ecca89c6f97/elements - {"using":"xpath","value":"//input[contains(@id ,\"application-billingtransfer-display-component---billingWorkbench--smartFilterBar-btnBasicSearch\")]"}
RESULT: {"using":"xpath","value":"//input[contains(@id ,\"application-billingtransfer-display-component---billingWorkbench--smartFilterBar-btnBasicSearch\")]"}
COMMAND: POST /session/365d56350ece7ddb67f22ecca89c6f97/elements - {"using":"xpath","value":"//input[contains(@id ,\"application-billingtransfer-display-component---billingWorkbench--smartFilterBar-btnBasicSearch\")]"}
RESULT: {"using":"xpath","value":"//input[contains(@id ,\"application-billingtransfer-display-component---billingWorkbench--smartFilterBar-btnBasicSearch\")]"}
COMMAND: POST /session/365d56350ece7ddb67f22ecca89c6f97/elements - {"using":"xpath","value":"//input[contains(@id ,\"application-billingtransfer-display-component---billingWorkbench--smartFilterBar-btnBasicSearch\")]"}
RESULT: {"using":"xpath","value":"//input[contains(@id ,\"application-billingtransfer-display-component---billingWorkbench--smartFilterBar-btnBasicSearch\")]"}
COMMAND: POST /session/365d56350ece7ddb67f22ecca89c6f97/elements - {"using":"xpath","value":"//input[contains(@id ,\"application-billingtransfer-display-component---billingWorkbench--smartFilterBar-btnBasicSearch\")]"}
RESULT: {"using":"xpath","value":"//input[contains(@id ,\"application-billingtransfer-display-component---billingWorkbench--smartFilterBar-btnBasicSearch\")]"}
COMMAND: POST /session/365d56350ece7ddb67f22ecca89c6f97/elements - {"using":"xpath","value":"//input[contains(@id ,\"application-billingtransfer-display-component---billingWorkbench--smartFilterBar-btnBasicSearch\")]"}
RESULT: {"using":"xpath","value":"//input[contains(@id ,\"application-billingtransfer-display-component---billingWorkbench--smartFilterBar-btnBasicSearch\")]"}
COMMAND: POST /session/365d56350ece7ddb67f22ecca89c6f97/elements - {"using":"xpath","value":"//input[contains(@id ,\"application-billingtransfer-display-component---billingWorkbench--smartFilterBar-btnBasicSearch\")]"}
RESULT: {"using":"xpath","value":"//input[contains(@id ,\"application-billingtransfer-display-component---billingWorkbench--smartFilterBar-btnBasicSearch\")]"}
COMMAND: POST /session/365d56350ece7ddb67f22ecca89c6f97/elements - {"using":"xpath","value":"//input[contains(@id ,\"application-billingtransfer-display-component---billingWorkbench--smartFilterBar-btnBasicSearch\")]"}
RESULT: {"using":"xpath","value":"//input[contains(@id ,\"application-billingtransfer-display-component---billingWorkbench--smartFilterBar-btnBasicSearch\")]"}
COMMAND: POST /session/365d56350ece7ddb67f22ecca89c6f97/elements - {"using":"xpath","value":"//input[contains(@id ,\"application-billingtransfer-display-component---billingWorkbench--smartFilterBar-btnBasicSearch\")]"}
COMMAND: GET /session/365d56350ece7ddb67f22ecca89c6f97/screenshot - {}
RESULT: {"using":"xpath","value":"//input[contains(@id ,\"application-billingtransfer-display-component---billingWorkbench--smartFilterBar-btnBasicSearch\")]"}
RESULT: {}
]]></system-out>
      <system-err><![CDATA[
Error: element ("//input[contains(@id ,"application-billingtransfer-display-component---billingWorkbench--smartFilterBar-btnBasicSearch")]") still not existing after 45000ms
    at async UtilsPrerequisites.narrowDownSearchBT (D:\a\1\s\test\specs\BTS\prerequisites-and-utils-functions.js:2850:9)
    at async UtilsPrerequisites.billingTransfer (D:\a\1\s\test\specs\BTS\prerequisites-and-utils-functions.js:2775:9)
    at async Context.<anonymous> (D:\a\1\s\test\specs\BTS\billing-calculation-transp-times.spec.js:150:9)
]]></system-err>
    </testcase>
    <testcase classname="chrome.136_0_7103_93.windows.Billing_Calculation_-_Time_based_(considering_transport_times)_US139738" name="Should navigate to the contract item check the billed until field value" time="60.129">
      <failure/>
      <error message="element (&quot;//button[@data-kt=&quot;addButton&quot;]&quot;) still not existing after 45000ms"/>
      <system-out><![CDATA[
RESULT: undefined
COMMAND: POST /session/365d56350ece7ddb67f22ecca89c6f97/element - {"using":"xpath","value":"//*[@id=\"__tile130\"]"}
COMMAND: GET /session/365d56350ece7ddb67f22ecca89c6f97/screenshot - {}
RESULT: {"using":"xpath","value":"//*[@id=\"__tile130\"]"}
COMMAND: POST /session/365d56350ece7ddb67f22ecca89c6f97/element/f.0CFB565138F0704D782EF1C57C56E9E5.d.A06AE8E9EAE81C449FC38072ECE5906D.e.17458/click - {}
RESULT: {}
COMMAND: POST /session/365d56350ece7ddb67f22ecca89c6f97/elements - {"using":"xpath","value":"//span[text()='Error']"}
RESULT: {"using":"xpath","value":"//span[text()='Error']"}
COMMAND: POST /session/365d56350ece7ddb67f22ecca89c6f97/element - {"using":"xpath","value":"//button[@data-kt=\"addButton\"]"}
RESULT: {"using":"xpath","value":"//button[@data-kt=\"addButton\"]"}
COMMAND: POST /session/365d56350ece7ddb67f22ecca89c6f97/elements - {"using":"xpath","value":"//button[@data-kt=\"addButton\"]"}
RESULT: {"using":"xpath","value":"//button[@data-kt=\"addButton\"]"}
COMMAND: POST /session/365d56350ece7ddb67f22ecca89c6f97/elements - {"using":"xpath","value":"//button[@data-kt=\"addButton\"]"}
RESULT: {"using":"xpath","value":"//button[@data-kt=\"addButton\"]"}
COMMAND: POST /session/365d56350ece7ddb67f22ecca89c6f97/elements - {"using":"xpath","value":"//button[@data-kt=\"addButton\"]"}
RESULT: {"using":"xpath","value":"//button[@data-kt=\"addButton\"]"}
COMMAND: POST /session/365d56350ece7ddb67f22ecca89c6f97/elements - {"using":"xpath","value":"//button[@data-kt=\"addButton\"]"}
RESULT: {"using":"xpath","value":"//button[@data-kt=\"addButton\"]"}
COMMAND: POST /session/365d56350ece7ddb67f22ecca89c6f97/elements - {"using":"xpath","value":"//button[@data-kt=\"addButton\"]"}
RESULT: {"using":"xpath","value":"//button[@data-kt=\"addButton\"]"}
COMMAND: POST /session/365d56350ece7ddb67f22ecca89c6f97/elements - {"using":"xpath","value":"//button[@data-kt=\"addButton\"]"}
RESULT: {"using":"xpath","value":"//button[@data-kt=\"addButton\"]"}
COMMAND: POST /session/365d56350ece7ddb67f22ecca89c6f97/elements - {"using":"xpath","value":"//button[@data-kt=\"addButton\"]"}
RESULT: {"using":"xpath","value":"//button[@data-kt=\"addButton\"]"}
COMMAND: POST /session/365d56350ece7ddb67f22ecca89c6f97/elements - {"using":"xpath","value":"//button[@data-kt=\"addButton\"]"}
RESULT: {"using":"xpath","value":"//button[@data-kt=\"addButton\"]"}
COMMAND: POST /session/365d56350ece7ddb67f22ecca89c6f97/elements - {"using":"xpath","value":"//button[@data-kt=\"addButton\"]"}
RESULT: {"using":"xpath","value":"//button[@data-kt=\"addButton\"]"}
COMMAND: POST /session/365d56350ece7ddb67f22ecca89c6f97/elements - {"using":"xpath","value":"//button[@data-kt=\"addButton\"]"}
RESULT: {"using":"xpath","value":"//button[@data-kt=\"addButton\"]"}
COMMAND: POST /session/365d56350ece7ddb67f22ecca89c6f97/elements - {"using":"xpath","value":"//button[@data-kt=\"addButton\"]"}
RESULT: {"using":"xpath","value":"//button[@data-kt=\"addButton\"]"}
COMMAND: POST /session/365d56350ece7ddb67f22ecca89c6f97/elements - {"using":"xpath","value":"//button[@data-kt=\"addButton\"]"}
RESULT: {"using":"xpath","value":"//button[@data-kt=\"addButton\"]"}
COMMAND: POST /session/365d56350ece7ddb67f22ecca89c6f97/elements - {"using":"xpath","value":"//button[@data-kt=\"addButton\"]"}
RESULT: {"using":"xpath","value":"//button[@data-kt=\"addButton\"]"}
COMMAND: POST /session/365d56350ece7ddb67f22ecca89c6f97/elements - {"using":"xpath","value":"//button[@data-kt=\"addButton\"]"}
RESULT: {"using":"xpath","value":"//button[@data-kt=\"addButton\"]"}
COMMAND: POST /session/365d56350ece7ddb67f22ecca89c6f97/elements - {"using":"xpath","value":"//button[@data-kt=\"addButton\"]"}
RESULT: {"using":"xpath","value":"//button[@data-kt=\"addButton\"]"}
COMMAND: POST /session/365d56350ece7ddb67f22ecca89c6f97/elements - {"using":"xpath","value":"//button[@data-kt=\"addButton\"]"}
RESULT: {"using":"xpath","value":"//button[@data-kt=\"addButton\"]"}
COMMAND: POST /session/365d56350ece7ddb67f22ecca89c6f97/elements - {"using":"xpath","value":"//button[@data-kt=\"addButton\"]"}
RESULT: {"using":"xpath","value":"//button[@data-kt=\"addButton\"]"}
COMMAND: POST /session/365d56350ece7ddb67f22ecca89c6f97/elements - {"using":"xpath","value":"//button[@data-kt=\"addButton\"]"}
RESULT: {"using":"xpath","value":"//button[@data-kt=\"addButton\"]"}
COMMAND: POST /session/365d56350ece7ddb67f22ecca89c6f97/elements - {"using":"xpath","value":"//button[@data-kt=\"addButton\"]"}
RESULT: {"using":"xpath","value":"//button[@data-kt=\"addButton\"]"}
COMMAND: POST /session/365d56350ece7ddb67f22ecca89c6f97/elements - {"using":"xpath","value":"//button[@data-kt=\"addButton\"]"}
RESULT: {"using":"xpath","value":"//button[@data-kt=\"addButton\"]"}
COMMAND: POST /session/365d56350ece7ddb67f22ecca89c6f97/elements - {"using":"xpath","value":"//button[@data-kt=\"addButton\"]"}
RESULT: {"using":"xpath","value":"//button[@data-kt=\"addButton\"]"}
COMMAND: POST /session/365d56350ece7ddb67f22ecca89c6f97/elements - {"using":"xpath","value":"//button[@data-kt=\"addButton\"]"}
RESULT: {"using":"xpath","value":"//button[@data-kt=\"addButton\"]"}
COMMAND: POST /session/365d56350ece7ddb67f22ecca89c6f97/elements - {"using":"xpath","value":"//button[@data-kt=\"addButton\"]"}
RESULT: {"using":"xpath","value":"//button[@data-kt=\"addButton\"]"}
COMMAND: POST /session/365d56350ece7ddb67f22ecca89c6f97/elements - {"using":"xpath","value":"//button[@data-kt=\"addButton\"]"}
RESULT: {"using":"xpath","value":"//button[@data-kt=\"addButton\"]"}
COMMAND: POST /session/365d56350ece7ddb67f22ecca89c6f97/elements - {"using":"xpath","value":"//button[@data-kt=\"addButton\"]"}
RESULT: {"using":"xpath","value":"//button[@data-kt=\"addButton\"]"}
COMMAND: POST /session/365d56350ece7ddb67f22ecca89c6f97/elements - {"using":"xpath","value":"//button[@data-kt=\"addButton\"]"}
RESULT: {"using":"xpath","value":"//button[@data-kt=\"addButton\"]"}
COMMAND: POST /session/365d56350ece7ddb67f22ecca89c6f97/elements - {"using":"xpath","value":"//button[@data-kt=\"addButton\"]"}
RESULT: {"using":"xpath","value":"//button[@data-kt=\"addButton\"]"}
COMMAND: POST /session/365d56350ece7ddb67f22ecca89c6f97/elements - {"using":"xpath","value":"//button[@data-kt=\"addButton\"]"}
RESULT: {"using":"xpath","value":"//button[@data-kt=\"addButton\"]"}
COMMAND: POST /session/365d56350ece7ddb67f22ecca89c6f97/elements - {"using":"xpath","value":"//button[@data-kt=\"addButton\"]"}
RESULT: {"using":"xpath","value":"//button[@data-kt=\"addButton\"]"}
COMMAND: POST /session/365d56350ece7ddb67f22ecca89c6f97/elements - {"using":"xpath","value":"//button[@data-kt=\"addButton\"]"}
RESULT: {"using":"xpath","value":"//button[@data-kt=\"addButton\"]"}
COMMAND: POST /session/365d56350ece7ddb67f22ecca89c6f97/elements - {"using":"xpath","value":"//button[@data-kt=\"addButton\"]"}
RESULT: {"using":"xpath","value":"//button[@data-kt=\"addButton\"]"}
COMMAND: POST /session/365d56350ece7ddb67f22ecca89c6f97/elements - {"using":"xpath","value":"//button[@data-kt=\"addButton\"]"}
RESULT: {"using":"xpath","value":"//button[@data-kt=\"addButton\"]"}
COMMAND: POST /session/365d56350ece7ddb67f22ecca89c6f97/elements - {"using":"xpath","value":"//button[@data-kt=\"addButton\"]"}
RESULT: {"using":"xpath","value":"//button[@data-kt=\"addButton\"]"}
COMMAND: POST /session/365d56350ece7ddb67f22ecca89c6f97/elements - {"using":"xpath","value":"//button[@data-kt=\"addButton\"]"}
RESULT: {"using":"xpath","value":"//button[@data-kt=\"addButton\"]"}
COMMAND: POST /session/365d56350ece7ddb67f22ecca89c6f97/elements - {"using":"xpath","value":"//button[@data-kt=\"addButton\"]"}
RESULT: {"using":"xpath","value":"//button[@data-kt=\"addButton\"]"}
COMMAND: POST /session/365d56350ece7ddb67f22ecca89c6f97/elements - {"using":"xpath","value":"//button[@data-kt=\"addButton\"]"}
RESULT: {"using":"xpath","value":"//button[@data-kt=\"addButton\"]"}
COMMAND: POST /session/365d56350ece7ddb67f22ecca89c6f97/elements - {"using":"xpath","value":"//button[@data-kt=\"addButton\"]"}
RESULT: {"using":"xpath","value":"//button[@data-kt=\"addButton\"]"}
COMMAND: POST /session/365d56350ece7ddb67f22ecca89c6f97/elements - {"using":"xpath","value":"//button[@data-kt=\"addButton\"]"}
RESULT: {"using":"xpath","value":"//button[@data-kt=\"addButton\"]"}
COMMAND: POST /session/365d56350ece7ddb67f22ecca89c6f97/elements - {"using":"xpath","value":"//button[@data-kt=\"addButton\"]"}
RESULT: {"using":"xpath","value":"//button[@data-kt=\"addButton\"]"}
COMMAND: POST /session/365d56350ece7ddb67f22ecca89c6f97/elements - {"using":"xpath","value":"//button[@data-kt=\"addButton\"]"}
RESULT: {"using":"xpath","value":"//button[@data-kt=\"addButton\"]"}
COMMAND: POST /session/365d56350ece7ddb67f22ecca89c6f97/elements - {"using":"xpath","value":"//button[@data-kt=\"addButton\"]"}
RESULT: {"using":"xpath","value":"//button[@data-kt=\"addButton\"]"}
COMMAND: POST /session/365d56350ece7ddb67f22ecca89c6f97/elements - {"using":"xpath","value":"//button[@data-kt=\"addButton\"]"}
RESULT: {"using":"xpath","value":"//button[@data-kt=\"addButton\"]"}
COMMAND: POST /session/365d56350ece7ddb67f22ecca89c6f97/elements - {"using":"xpath","value":"//button[@data-kt=\"addButton\"]"}
RESULT: {"using":"xpath","value":"//button[@data-kt=\"addButton\"]"}
COMMAND: POST /session/365d56350ece7ddb67f22ecca89c6f97/elements - {"using":"xpath","value":"//button[@data-kt=\"addButton\"]"}
RESULT: {"using":"xpath","value":"//button[@data-kt=\"addButton\"]"}
COMMAND: POST /session/365d56350ece7ddb67f22ecca89c6f97/elements - {"using":"xpath","value":"//button[@data-kt=\"addButton\"]"}
RESULT: {"using":"xpath","value":"//button[@data-kt=\"addButton\"]"}
COMMAND: POST /session/365d56350ece7ddb67f22ecca89c6f97/elements - {"using":"xpath","value":"//button[@data-kt=\"addButton\"]"}
RESULT: {"using":"xpath","value":"//button[@data-kt=\"addButton\"]"}
COMMAND: POST /session/365d56350ece7ddb67f22ecca89c6f97/elements - {"using":"xpath","value":"//button[@data-kt=\"addButton\"]"}
RESULT: {"using":"xpath","value":"//button[@data-kt=\"addButton\"]"}
COMMAND: POST /session/365d56350ece7ddb67f22ecca89c6f97/elements - {"using":"xpath","value":"//button[@data-kt=\"addButton\"]"}
RESULT: {"using":"xpath","value":"//button[@data-kt=\"addButton\"]"}
COMMAND: POST /session/365d56350ece7ddb67f22ecca89c6f97/elements - {"using":"xpath","value":"//button[@data-kt=\"addButton\"]"}
RESULT: {"using":"xpath","value":"//button[@data-kt=\"addButton\"]"}
COMMAND: POST /session/365d56350ece7ddb67f22ecca89c6f97/elements - {"using":"xpath","value":"//button[@data-kt=\"addButton\"]"}
RESULT: {"using":"xpath","value":"//button[@data-kt=\"addButton\"]"}
COMMAND: POST /session/365d56350ece7ddb67f22ecca89c6f97/elements - {"using":"xpath","value":"//button[@data-kt=\"addButton\"]"}
RESULT: {"using":"xpath","value":"//button[@data-kt=\"addButton\"]"}
COMMAND: POST /session/365d56350ece7ddb67f22ecca89c6f97/elements - {"using":"xpath","value":"//button[@data-kt=\"addButton\"]"}
RESULT: {"using":"xpath","value":"//button[@data-kt=\"addButton\"]"}
COMMAND: POST /session/365d56350ece7ddb67f22ecca89c6f97/elements - {"using":"xpath","value":"//button[@data-kt=\"addButton\"]"}
RESULT: {"using":"xpath","value":"//button[@data-kt=\"addButton\"]"}
COMMAND: POST /session/365d56350ece7ddb67f22ecca89c6f97/elements - {"using":"xpath","value":"//button[@data-kt=\"addButton\"]"}
RESULT: {"using":"xpath","value":"//button[@data-kt=\"addButton\"]"}
COMMAND: POST /session/365d56350ece7ddb67f22ecca89c6f97/elements - {"using":"xpath","value":"//button[@data-kt=\"addButton\"]"}
RESULT: {"using":"xpath","value":"//button[@data-kt=\"addButton\"]"}
COMMAND: POST /session/365d56350ece7ddb67f22ecca89c6f97/elements - {"using":"xpath","value":"//button[@data-kt=\"addButton\"]"}
RESULT: {"using":"xpath","value":"//button[@data-kt=\"addButton\"]"}
COMMAND: POST /session/365d56350ece7ddb67f22ecca89c6f97/elements - {"using":"xpath","value":"//button[@data-kt=\"addButton\"]"}
RESULT: {"using":"xpath","value":"//button[@data-kt=\"addButton\"]"}
COMMAND: POST /session/365d56350ece7ddb67f22ecca89c6f97/elements - {"using":"xpath","value":"//button[@data-kt=\"addButton\"]"}
RESULT: {"using":"xpath","value":"//button[@data-kt=\"addButton\"]"}
COMMAND: POST /session/365d56350ece7ddb67f22ecca89c6f97/elements - {"using":"xpath","value":"//button[@data-kt=\"addButton\"]"}
RESULT: {"using":"xpath","value":"//button[@data-kt=\"addButton\"]"}
COMMAND: POST /session/365d56350ece7ddb67f22ecca89c6f97/elements - {"using":"xpath","value":"//button[@data-kt=\"addButton\"]"}
RESULT: {"using":"xpath","value":"//button[@data-kt=\"addButton\"]"}
COMMAND: POST /session/365d56350ece7ddb67f22ecca89c6f97/elements - {"using":"xpath","value":"//button[@data-kt=\"addButton\"]"}
RESULT: {"using":"xpath","value":"//button[@data-kt=\"addButton\"]"}
COMMAND: POST /session/365d56350ece7ddb67f22ecca89c6f97/elements - {"using":"xpath","value":"//button[@data-kt=\"addButton\"]"}
RESULT: {"using":"xpath","value":"//button[@data-kt=\"addButton\"]"}
COMMAND: POST /session/365d56350ece7ddb67f22ecca89c6f97/elements - {"using":"xpath","value":"//button[@data-kt=\"addButton\"]"}
RESULT: {"using":"xpath","value":"//button[@data-kt=\"addButton\"]"}
COMMAND: POST /session/365d56350ece7ddb67f22ecca89c6f97/elements - {"using":"xpath","value":"//button[@data-kt=\"addButton\"]"}
RESULT: {"using":"xpath","value":"//button[@data-kt=\"addButton\"]"}
COMMAND: POST /session/365d56350ece7ddb67f22ecca89c6f97/elements - {"using":"xpath","value":"//button[@data-kt=\"addButton\"]"}
RESULT: {"using":"xpath","value":"//button[@data-kt=\"addButton\"]"}
COMMAND: POST /session/365d56350ece7ddb67f22ecca89c6f97/elements - {"using":"xpath","value":"//button[@data-kt=\"addButton\"]"}
RESULT: {"using":"xpath","value":"//button[@data-kt=\"addButton\"]"}
COMMAND: POST /session/365d56350ece7ddb67f22ecca89c6f97/elements - {"using":"xpath","value":"//button[@data-kt=\"addButton\"]"}
RESULT: {"using":"xpath","value":"//button[@data-kt=\"addButton\"]"}
COMMAND: POST /session/365d56350ece7ddb67f22ecca89c6f97/elements - {"using":"xpath","value":"//button[@data-kt=\"addButton\"]"}
RESULT: {"using":"xpath","value":"//button[@data-kt=\"addButton\"]"}
COMMAND: POST /session/365d56350ece7ddb67f22ecca89c6f97/elements - {"using":"xpath","value":"//button[@data-kt=\"addButton\"]"}
RESULT: {"using":"xpath","value":"//button[@data-kt=\"addButton\"]"}
COMMAND: POST /session/365d56350ece7ddb67f22ecca89c6f97/elements - {"using":"xpath","value":"//button[@data-kt=\"addButton\"]"}
RESULT: {"using":"xpath","value":"//button[@data-kt=\"addButton\"]"}
COMMAND: POST /session/365d56350ece7ddb67f22ecca89c6f97/elements - {"using":"xpath","value":"//button[@data-kt=\"addButton\"]"}
RESULT: {"using":"xpath","value":"//button[@data-kt=\"addButton\"]"}
COMMAND: POST /session/365d56350ece7ddb67f22ecca89c6f97/elements - {"using":"xpath","value":"//button[@data-kt=\"addButton\"]"}
RESULT: {"using":"xpath","value":"//button[@data-kt=\"addButton\"]"}
COMMAND: POST /session/365d56350ece7ddb67f22ecca89c6f97/elements - {"using":"xpath","value":"//button[@data-kt=\"addButton\"]"}
RESULT: {"using":"xpath","value":"//button[@data-kt=\"addButton\"]"}
COMMAND: POST /session/365d56350ece7ddb67f22ecca89c6f97/elements - {"using":"xpath","value":"//button[@data-kt=\"addButton\"]"}
RESULT: {"using":"xpath","value":"//button[@data-kt=\"addButton\"]"}
COMMAND: POST /session/365d56350ece7ddb67f22ecca89c6f97/elements - {"using":"xpath","value":"//button[@data-kt=\"addButton\"]"}
RESULT: {"using":"xpath","value":"//button[@data-kt=\"addButton\"]"}
COMMAND: POST /session/365d56350ece7ddb67f22ecca89c6f97/elements - {"using":"xpath","value":"//button[@data-kt=\"addButton\"]"}
RESULT: {"using":"xpath","value":"//button[@data-kt=\"addButton\"]"}
COMMAND: POST /session/365d56350ece7ddb67f22ecca89c6f97/elements - {"using":"xpath","value":"//button[@data-kt=\"addButton\"]"}
RESULT: {"using":"xpath","value":"//button[@data-kt=\"addButton\"]"}
COMMAND: POST /session/365d56350ece7ddb67f22ecca89c6f97/elements - {"using":"xpath","value":"//button[@data-kt=\"addButton\"]"}
RESULT: {"using":"xpath","value":"//button[@data-kt=\"addButton\"]"}
COMMAND: POST /session/365d56350ece7ddb67f22ecca89c6f97/elements - {"using":"xpath","value":"//button[@data-kt=\"addButton\"]"}
RESULT: {"using":"xpath","value":"//button[@data-kt=\"addButton\"]"}
COMMAND: POST /session/365d56350ece7ddb67f22ecca89c6f97/elements - {"using":"xpath","value":"//button[@data-kt=\"addButton\"]"}
RESULT: {"using":"xpath","value":"//button[@data-kt=\"addButton\"]"}
COMMAND: POST /session/365d56350ece7ddb67f22ecca89c6f97/elements - {"using":"xpath","value":"//button[@data-kt=\"addButton\"]"}
RESULT: {"using":"xpath","value":"//button[@data-kt=\"addButton\"]"}
COMMAND: POST /session/365d56350ece7ddb67f22ecca89c6f97/elements - {"using":"xpath","value":"//button[@data-kt=\"addButton\"]"}
RESULT: {"using":"xpath","value":"//button[@data-kt=\"addButton\"]"}
COMMAND: POST /session/365d56350ece7ddb67f22ecca89c6f97/elements - {"using":"xpath","value":"//button[@data-kt=\"addButton\"]"}
RESULT: {"using":"xpath","value":"//button[@data-kt=\"addButton\"]"}
COMMAND: POST /session/365d56350ece7ddb67f22ecca89c6f97/elements - {"using":"xpath","value":"//button[@data-kt=\"addButton\"]"}
RESULT: {"using":"xpath","value":"//button[@data-kt=\"addButton\"]"}
COMMAND: POST /session/365d56350ece7ddb67f22ecca89c6f97/elements - {"using":"xpath","value":"//button[@data-kt=\"addButton\"]"}
RESULT: {"using":"xpath","value":"//button[@data-kt=\"addButton\"]"}
COMMAND: POST /session/365d56350ece7ddb67f22ecca89c6f97/elements - {"using":"xpath","value":"//button[@data-kt=\"addButton\"]"}
RESULT: {"using":"xpath","value":"//button[@data-kt=\"addButton\"]"}
COMMAND: POST /session/365d56350ece7ddb67f22ecca89c6f97/elements - {"using":"xpath","value":"//button[@data-kt=\"addButton\"]"}
RESULT: {"using":"xpath","value":"//button[@data-kt=\"addButton\"]"}
COMMAND: POST /session/365d56350ece7ddb67f22ecca89c6f97/elements - {"using":"xpath","value":"//button[@data-kt=\"addButton\"]"}
RESULT: {"using":"xpath","value":"//button[@data-kt=\"addButton\"]"}
COMMAND: POST /session/365d56350ece7ddb67f22ecca89c6f97/elements - {"using":"xpath","value":"//button[@data-kt=\"addButton\"]"}
RESULT: {"using":"xpath","value":"//button[@data-kt=\"addButton\"]"}
COMMAND: POST /session/365d56350ece7ddb67f22ecca89c6f97/elements - {"using":"xpath","value":"//button[@data-kt=\"addButton\"]"}
RESULT: {"using":"xpath","value":"//button[@data-kt=\"addButton\"]"}
COMMAND: GET /session/365d56350ece7ddb67f22ecca89c6f97/screenshot - {}
RESULT: {}
COMMAND: GET /session/365d56350ece7ddb67f22ecca89c6f97/screenshot - {}
COMMAND: GET /session/365d56350ece7ddb67f22ecca89c6f97/screenshot - {}
RESULT: {}
RESULT: {}
COMMAND: DELETE /session/365d56350ece7ddb67f22ecca89c6f97 - {}
RESULT: {}
]]></system-out>
      <system-err><![CDATA[
Error: element ("//button[@data-kt="addButton"]") still not existing after 45000ms
    at async UtilsPrerequisites.checkBilledUntilDate (D:\a\1\s\test\specs\BTS\prerequisites-and-utils-functions.js:2313:9)
    at async Context.<anonymous> (D:\a\1\s\test\specs\BTS\billing-calculation-transp-times.spec.js:161:9)
]]></system-err>
    </testcase>
  </testsuite>
</testsuites>