<?xml version="1.0" encoding="UTF-8"?>
<testsuites tests="58" failures="0" errors="0" skipped="0">
  <testsuite timestamp="2025-04-24T17:08:21" time="1056.531" tests="11" failures="0" errors="0" skipped="0">
    <properties>
      <property name="specId" value="0" />
      <property name="suiteName" value="Billing confirm US117289" />
      <property name="capabilities" value="chrome.135_0_7049_96.windows" />
      <property name="file" value="file:///D:/a/1/s/test/specs/BTS/billing-confirm.spec.js" />
    </properties>
    <testcase classname="chrome.135_0_7049_96.windows.Billing_confirm_US117289" name="Should create a new yard" time="125.925">
      <system-out><![CDATA[
COMMAND: POST /session/e57c885b60fd8cf462a4cfca6f098091/window/fullscreen - {}
RESULT: {}
COMMAND: POST /session/e57c885b60fd8cf462a4cfca6f098091/execute/async - {"script":"<script> [1562 bytes]","args":[{"selector":{"controlType":"sap.m.GenericTile","properties":{"header":"Manage Yards"}},"wdio_ui5_key":"sapm.GenericTile{\"header\":\"Manage Yards\"}"}]}
RESULT: {"script":"<script> [1562 bytes]","args":[{"selector":{"controlType":"sap.m.GenericTile","properties":{"header":"Manage Yards"}},"wdio_ui5_key":"sapm.GenericTile{\"header\":\"Manage Yards\"}"}]}
RESULT: undefined
COMMAND: POST /session/e57c885b60fd8cf462a4cfca6f098091/element - {"using":"xpath","value":"//*[@id=\"__tile41\"]"}
RESULT: {"using":"xpath","value":"//*[@id=\"__tile41\"]"}
COMMAND: POST /session/e57c885b60fd8cf462a4cfca6f098091/element/f.0BB93947CC1450395F5B257EF4D67E46.d.A61A8DA5E280C4721AB0C7A1C78919F9.e.163/click - {}
RESULT: {}
COMMAND: POST /session/e57c885b60fd8cf462a4cfca6f098091/element - {"using":"xpath","value":"//button[@data-kt=\"addNewYardOverflowToolbarButton\"]"}
COMMAND: GET /session/e57c885b60fd8cf462a4cfca6f098091/screenshot - {}
RESULT: {"using":"xpath","value":"//button[@data-kt=\"addNewYardOverflowToolbarButton\"]"}
COMMAND: POST /session/e57c885b60fd8cf462a4cfca6f098091/elements - {"using":"xpath","value":"//button[@data-kt=\"addNewYardOverflowToolbarButton\"]"}
RESULT: {}
RESULT: {"using":"xpath","value":"//button[@data-kt=\"addNewYardOverflowToolbarButton\"]"}
COMMAND: POST /session/e57c885b60fd8cf462a4cfca6f098091/elements - {"using":"xpath","value":"//button[@data-kt=\"addNewYardOverflowToolbarButton\"]"}
RESULT: {"using":"xpath","value":"//button[@data-kt=\"addNewYardOverflowToolbarButton\"]"}
COMMAND: POST /session/e57c885b60fd8cf462a4cfca6f098091/elements - {"using":"xpath","value":"//button[@data-kt=\"addNewYardOverflowToolbarButton\"]"}
RESULT: {"using":"xpath","value":"//button[@data-kt=\"addNewYardOverflowToolbarButton\"]"}
COMMAND: POST /session/e57c885b60fd8cf462a4cfca6f098091/elements - {"using":"xpath","value":"//button[@data-kt=\"addNewYardOverflowToolbarButton\"]"}
RESULT: {"using":"xpath","value":"//button[@data-kt=\"addNewYardOverflowToolbarButton\"]"}
COMMAND: POST /session/e57c885b60fd8cf462a4cfca6f098091/elements - {"using":"xpath","value":"//button[@data-kt=\"addNewYardOverflowToolbarButton\"]"}
RESULT: {"using":"xpath","value":"//button[@data-kt=\"addNewYardOverflowToolbarButton\"]"}
COMMAND: POST /session/e57c885b60fd8cf462a4cfca6f098091/elements - {"using":"xpath","value":"//button[@data-kt=\"addNewYardOverflowToolbarButton\"]"}
RESULT: {"using":"xpath","value":"//button[@data-kt=\"addNewYardOverflowToolbarButton\"]"}
COMMAND: POST /session/e57c885b60fd8cf462a4cfca6f098091/elements - {"using":"xpath","value":"//button[@data-kt=\"addNewYardOverflowToolbarButton\"]"}
RESULT: {"using":"xpath","value":"//button[@data-kt=\"addNewYardOverflowToolbarButton\"]"}
COMMAND: POST /session/e57c885b60fd8cf462a4cfca6f098091/elements - {"using":"xpath","value":"//button[@data-kt=\"addNewYardOverflowToolbarButton\"]"}
RESULT: {"using":"xpath","value":"//button[@data-kt=\"addNewYardOverflowToolbarButton\"]"}
COMMAND: POST /session/e57c885b60fd8cf462a4cfca6f098091/elements - {"using":"xpath","value":"//button[@data-kt=\"addNewYardOverflowToolbarButton\"]"}
RESULT: {"using":"xpath","value":"//button[@data-kt=\"addNewYardOverflowToolbarButton\"]"}
COMMAND: POST /session/e57c885b60fd8cf462a4cfca6f098091/elements - {"using":"xpath","value":"//button[@data-kt=\"addNewYardOverflowToolbarButton\"]"}
RESULT: {"using":"xpath","value":"//button[@data-kt=\"addNewYardOverflowToolbarButton\"]"}
COMMAND: POST /session/e57c885b60fd8cf462a4cfca6f098091/elements - {"using":"xpath","value":"//button[@data-kt=\"addNewYardOverflowToolbarButton\"]"}
RESULT: {"using":"xpath","value":"//button[@data-kt=\"addNewYardOverflowToolbarButton\"]"}
COMMAND: POST /session/e57c885b60fd8cf462a4cfca6f098091/elements - {"using":"xpath","value":"//button[@data-kt=\"addNewYardOverflowToolbarButton\"]"}
RESULT: {"using":"xpath","value":"//button[@data-kt=\"addNewYardOverflowToolbarButton\"]"}
COMMAND: POST /session/e57c885b60fd8cf462a4cfca6f098091/elements - {"using":"xpath","value":"//button[@data-kt=\"addNewYardOverflowToolbarButton\"]"}
RESULT: {"using":"xpath","value":"//button[@data-kt=\"addNewYardOverflowToolbarButton\"]"}
COMMAND: POST /session/e57c885b60fd8cf462a4cfca6f098091/elements - {"using":"xpath","value":"//button[@data-kt=\"addNewYardOverflowToolbarButton\"]"}
RESULT: {"using":"xpath","value":"//button[@data-kt=\"addNewYardOverflowToolbarButton\"]"}
COMMAND: POST /session/e57c885b60fd8cf462a4cfca6f098091/elements - {"using":"xpath","value":"//button[@data-kt=\"addNewYardOverflowToolbarButton\"]"}
RESULT: {"using":"xpath","value":"//button[@data-kt=\"addNewYardOverflowToolbarButton\"]"}
COMMAND: POST /session/e57c885b60fd8cf462a4cfca6f098091/elements - {"using":"xpath","value":"//button[@data-kt=\"addNewYardOverflowToolbarButton\"]"}
RESULT: {"using":"xpath","value":"//button[@data-kt=\"addNewYardOverflowToolbarButton\"]"}
COMMAND: POST /session/e57c885b60fd8cf462a4cfca6f098091/elements - {"using":"xpath","value":"//button[@data-kt=\"addNewYardOverflowToolbarButton\"]"}
RESULT: {"using":"xpath","value":"//button[@data-kt=\"addNewYardOverflowToolbarButton\"]"}
COMMAND: POST /session/e57c885b60fd8cf462a4cfca6f098091/elements - {"using":"xpath","value":"//button[@data-kt=\"addNewYardOverflowToolbarButton\"]"}
RESULT: {"using":"xpath","value":"//button[@data-kt=\"addNewYardOverflowToolbarButton\"]"}
COMMAND: POST /session/e57c885b60fd8cf462a4cfca6f098091/elements - {"using":"xpath","value":"//button[@data-kt=\"addNewYardOverflowToolbarButton\"]"}
RESULT: {"using":"xpath","value":"//button[@data-kt=\"addNewYardOverflowToolbarButton\"]"}
COMMAND: POST /session/e57c885b60fd8cf462a4cfca6f098091/elements - {"using":"xpath","value":"//button[@data-kt=\"addNewYardOverflowToolbarButton\"]"}
RESULT: {"using":"xpath","value":"//button[@data-kt=\"addNewYardOverflowToolbarButton\"]"}
COMMAND: POST /session/e57c885b60fd8cf462a4cfca6f098091/elements - {"using":"xpath","value":"//button[@data-kt=\"addNewYardOverflowToolbarButton\"]"}
RESULT: {"using":"xpath","value":"//button[@data-kt=\"addNewYardOverflowToolbarButton\"]"}
COMMAND: POST /session/e57c885b60fd8cf462a4cfca6f098091/elements - {"using":"xpath","value":"//button[@data-kt=\"addNewYardOverflowToolbarButton\"]"}
RESULT: {"using":"xpath","value":"//button[@data-kt=\"addNewYardOverflowToolbarButton\"]"}
COMMAND: POST /session/e57c885b60fd8cf462a4cfca6f098091/elements - {"using":"xpath","value":"//button[@data-kt=\"addNewYardOverflowToolbarButton\"]"}
RESULT: {"using":"xpath","value":"//button[@data-kt=\"addNewYardOverflowToolbarButton\"]"}
COMMAND: POST /session/e57c885b60fd8cf462a4cfca6f098091/elements - {"using":"xpath","value":"//button[@data-kt=\"addNewYardOverflowToolbarButton\"]"}
RESULT: {"using":"xpath","value":"//button[@data-kt=\"addNewYardOverflowToolbarButton\"]"}
COMMAND: POST /session/e57c885b60fd8cf462a4cfca6f098091/elements - {"using":"xpath","value":"//button[@data-kt=\"addNewYardOverflowToolbarButton\"]"}
RESULT: {"using":"xpath","value":"//button[@data-kt=\"addNewYardOverflowToolbarButton\"]"}
COMMAND: POST /session/e57c885b60fd8cf462a4cfca6f098091/elements - {"using":"xpath","value":"//button[@data-kt=\"addNewYardOverflowToolbarButton\"]"}
RESULT: {"using":"xpath","value":"//button[@data-kt=\"addNewYardOverflowToolbarButton\"]"}
COMMAND: POST /session/e57c885b60fd8cf462a4cfca6f098091/elements - {"using":"xpath","value":"//button[@data-kt=\"addNewYardOverflowToolbarButton\"]"}
RESULT: {"using":"xpath","value":"//button[@data-kt=\"addNewYardOverflowToolbarButton\"]"}
COMMAND: POST /session/e57c885b60fd8cf462a4cfca6f098091/elements - {"using":"xpath","value":"//button[@data-kt=\"addNewYardOverflowToolbarButton\"]"}
RESULT: {"using":"xpath","value":"//button[@data-kt=\"addNewYardOverflowToolbarButton\"]"}
COMMAND: POST /session/e57c885b60fd8cf462a4cfca6f098091/elements - {"using":"xpath","value":"//button[@data-kt=\"addNewYardOverflowToolbarButton\"]"}
RESULT: {"using":"xpath","value":"//button[@data-kt=\"addNewYardOverflowToolbarButton\"]"}
COMMAND: POST /session/e57c885b60fd8cf462a4cfca6f098091/elements - {"using":"xpath","value":"//button[@data-kt=\"addNewYardOverflowToolbarButton\"]"}
RESULT: {"using":"xpath","value":"//button[@data-kt=\"addNewYardOverflowToolbarButton\"]"}
COMMAND: POST /session/e57c885b60fd8cf462a4cfca6f098091/elements - {"using":"xpath","value":"//button[@data-kt=\"addNewYardOverflowToolbarButton\"]"}
RESULT: {"using":"xpath","value":"//button[@data-kt=\"addNewYardOverflowToolbarButton\"]"}
COMMAND: POST /session/e57c885b60fd8cf462a4cfca6f098091/elements - {"using":"xpath","value":"//button[@data-kt=\"addNewYardOverflowToolbarButton\"]"}
RESULT: {"using":"xpath","value":"//button[@data-kt=\"addNewYardOverflowToolbarButton\"]"}
COMMAND: POST /session/e57c885b60fd8cf462a4cfca6f098091/elements - {"using":"xpath","value":"//button[@data-kt=\"addNewYardOverflowToolbarButton\"]"}
RESULT: {"using":"xpath","value":"//button[@data-kt=\"addNewYardOverflowToolbarButton\"]"}
COMMAND: POST /session/e57c885b60fd8cf462a4cfca6f098091/elements - {"using":"xpath","value":"//button[@data-kt=\"addNewYardOverflowToolbarButton\"]"}
RESULT: {"using":"xpath","value":"//button[@data-kt=\"addNewYardOverflowToolbarButton\"]"}
COMMAND: POST /session/e57c885b60fd8cf462a4cfca6f098091/elements - {"using":"xpath","value":"//button[@data-kt=\"addNewYardOverflowToolbarButton\"]"}
RESULT: {"using":"xpath","value":"//button[@data-kt=\"addNewYardOverflowToolbarButton\"]"}
COMMAND: POST /session/e57c885b60fd8cf462a4cfca6f098091/elements - {"using":"xpath","value":"//button[@data-kt=\"addNewYardOverflowToolbarButton\"]"}
RESULT: {"using":"xpath","value":"//button[@data-kt=\"addNewYardOverflowToolbarButton\"]"}
COMMAND: POST /session/e57c885b60fd8cf462a4cfca6f098091/elements - {"using":"xpath","value":"//button[@data-kt=\"addNewYardOverflowToolbarButton\"]"}
RESULT: {"using":"xpath","value":"//button[@data-kt=\"addNewYardOverflowToolbarButton\"]"}
COMMAND: POST /session/e57c885b60fd8cf462a4cfca6f098091/elements - {"using":"xpath","value":"//button[@data-kt=\"addNewYardOverflowToolbarButton\"]"}
RESULT: {"using":"xpath","value":"//button[@data-kt=\"addNewYardOverflowToolbarButton\"]"}
COMMAND: POST /session/e57c885b60fd8cf462a4cfca6f098091/elements - {"using":"xpath","value":"//button[@data-kt=\"addNewYardOverflowToolbarButton\"]"}
RESULT: {"using":"xpath","value":"//button[@data-kt=\"addNewYardOverflowToolbarButton\"]"}
COMMAND: POST /session/e57c885b60fd8cf462a4cfca6f098091/elements - {"using":"xpath","value":"//button[@data-kt=\"addNewYardOverflowToolbarButton\"]"}
RESULT: {"using":"xpath","value":"//button[@data-kt=\"addNewYardOverflowToolbarButton\"]"}
COMMAND: POST /session/e57c885b60fd8cf462a4cfca6f098091/elements - {"using":"xpath","value":"//button[@data-kt=\"addNewYardOverflowToolbarButton\"]"}
RESULT: {"using":"xpath","value":"//button[@data-kt=\"addNewYardOverflowToolbarButton\"]"}
COMMAND: POST /session/e57c885b60fd8cf462a4cfca6f098091/elements - {"using":"xpath","value":"//button[@data-kt=\"addNewYardOverflowToolbarButton\"]"}
RESULT: {"using":"xpath","value":"//button[@data-kt=\"addNewYardOverflowToolbarButton\"]"}
COMMAND: POST /session/e57c885b60fd8cf462a4cfca6f098091/elements - {"using":"xpath","value":"//button[@data-kt=\"addNewYardOverflowToolbarButton\"]"}
RESULT: {"using":"xpath","value":"//button[@data-kt=\"addNewYardOverflowToolbarButton\"]"}
COMMAND: POST /session/e57c885b60fd8cf462a4cfca6f098091/elements - {"using":"xpath","value":"//button[@data-kt=\"addNewYardOverflowToolbarButton\"]"}
RESULT: {"using":"xpath","value":"//button[@data-kt=\"addNewYardOverflowToolbarButton\"]"}
COMMAND: POST /session/e57c885b60fd8cf462a4cfca6f098091/elements - {"using":"xpath","value":"//button[@data-kt=\"addNewYardOverflowToolbarButton\"]"}
RESULT: {"using":"xpath","value":"//button[@data-kt=\"addNewYardOverflowToolbarButton\"]"}
COMMAND: POST /session/e57c885b60fd8cf462a4cfca6f098091/elements - {"using":"xpath","value":"//button[@data-kt=\"addNewYardOverflowToolbarButton\"]"}
RESULT: {"using":"xpath","value":"//button[@data-kt=\"addNewYardOverflowToolbarButton\"]"}
COMMAND: POST /session/e57c885b60fd8cf462a4cfca6f098091/elements - {"using":"xpath","value":"//button[@data-kt=\"addNewYardOverflowToolbarButton\"]"}
RESULT: {"using":"xpath","value":"//button[@data-kt=\"addNewYardOverflowToolbarButton\"]"}
COMMAND: POST /session/e57c885b60fd8cf462a4cfca6f098091/elements - {"using":"xpath","value":"//button[@data-kt=\"addNewYardOverflowToolbarButton\"]"}
RESULT: {"using":"xpath","value":"//button[@data-kt=\"addNewYardOverflowToolbarButton\"]"}
COMMAND: POST /session/e57c885b60fd8cf462a4cfca6f098091/elements - {"using":"xpath","value":"//button[@data-kt=\"addNewYardOverflowToolbarButton\"]"}
RESULT: {"using":"xpath","value":"//button[@data-kt=\"addNewYardOverflowToolbarButton\"]"}
COMMAND: POST /session/e57c885b60fd8cf462a4cfca6f098091/elements - {"using":"xpath","value":"//button[@data-kt=\"addNewYardOverflowToolbarButton\"]"}
RESULT: {"using":"xpath","value":"//button[@data-kt=\"addNewYardOverflowToolbarButton\"]"}
COMMAND: POST /session/e57c885b60fd8cf462a4cfca6f098091/element - {"using":"xpath","value":"//button[@data-kt=\"addNewYardOverflowToolbarButton\"]"}
RESULT: {"using":"xpath","value":"//button[@data-kt=\"addNewYardOverflowToolbarButton\"]"}
COMMAND: POST /session/e57c885b60fd8cf462a4cfca6f098091/execute/sync - {"script":"<script> [8489 bytes]","args":[{"element-6066-11e4-a52e-4f735466cecf":"f.0BB93947CC1450395F5B257EF4D67E46.d.A61A8DA5E280C4721AB0C7A1C78919F9.e.302","ELEMENT":"f.0BB93947CC1450395F5B257EF4D67E46.d.A61A8DA5E280C4721AB0C7A1C78919F9.e.302"}]}
RESULT: {"script":"<script> [8489 bytes]","args":[{"element-6066-11e4-a52e-4f735466cecf":"f.0BB93947CC1450395F5B257EF4D67E46.d.A61A8DA5E280C4721AB0C7A1C78919F9.e.302","ELEMENT":"f.0BB93947CC1450395F5B257EF4D67E46.d.A61A8DA5E280C4721AB0C7A1C78919F9.e.302"}]}
COMMAND: GET /session/e57c885b60fd8cf462a4cfca6f098091/element/f.0BB93947CC1450395F5B257EF4D67E46.d.A61A8DA5E280C4721AB0C7A1C78919F9.e.302/enabled - {}
COMMAND: GET /session/e57c885b60fd8cf462a4cfca6f098091/screenshot - {}
RESULT: {}
COMMAND: POST /session/e57c885b60fd8cf462a4cfca6f098091/execute/sync - {"script":"<script> [8489 bytes]","args":[{"element-6066-11e4-a52e-4f735466cecf":"f.0BB93947CC1450395F5B257EF4D67E46.d.A61A8DA5E280C4721AB0C7A1C78919F9.e.302","ELEMENT":"f.0BB93947CC1450395F5B257EF4D67E46.d.A61A8DA5E280C4721AB0C7A1C78919F9.e.302"}]}
COMMAND: GET /session/e57c885b60fd8cf462a4cfca6f098091/screenshot - {}
RESULT: {}
RESULT: {"script":"<script> [8489 bytes]","args":[{"element-6066-11e4-a52e-4f735466cecf":"f.0BB93947CC1450395F5B257EF4D67E46.d.A61A8DA5E280C4721AB0C7A1C78919F9.e.302","ELEMENT":"f.0BB93947CC1450395F5B257EF4D67E46.d.A61A8DA5E280C4721AB0C7A1C78919F9.e.302"}]}
COMMAND: POST /session/e57c885b60fd8cf462a4cfca6f098091/execute/sync - {"script":"<script> [5351 bytes]","args":[{"element-6066-11e4-a52e-4f735466cecf":"f.0BB93947CC1450395F5B257EF4D67E46.d.A61A8DA5E280C4721AB0C7A1C78919F9.e.302","ELEMENT":"f.0BB93947CC1450395F5B257EF4D67E46.d.A61A8DA5E280C4721AB0C7A1C78919F9.e.302"}]}
COMMAND: GET /session/e57c885b60fd8cf462a4cfca6f098091/screenshot - {}
RESULT: {}
RESULT: {"script":"<script> [5351 bytes]","args":[{"element-6066-11e4-a52e-4f735466cecf":"f.0BB93947CC1450395F5B257EF4D67E46.d.A61A8DA5E280C4721AB0C7A1C78919F9.e.302","ELEMENT":"f.0BB93947CC1450395F5B257EF4D67E46.d.A61A8DA5E280C4721AB0C7A1C78919F9.e.302"}]}
COMMAND: POST /session/e57c885b60fd8cf462a4cfca6f098091/element/f.0BB93947CC1450395F5B257EF4D67E46.d.A61A8DA5E280C4721AB0C7A1C78919F9.e.302/click - {}
COMMAND: GET /session/e57c885b60fd8cf462a4cfca6f098091/screenshot - {}
RESULT: {}
RESULT: {}
COMMAND: GET /session/e57c885b60fd8cf462a4cfca6f098091/screenshot - {}
RESULT: {}
RESULT: {}
COMMAND: POST /session/e57c885b60fd8cf462a4cfca6f098091/element - {"using":"xpath","value":"//input[@id=\"application-manageyards-display-component---NewYard--yardId-inner\"]"}
RESULT: {"using":"xpath","value":"//input[@id=\"application-manageyards-display-component---NewYard--yardId-inner\"]"}
COMMAND: POST /session/e57c885b60fd8cf462a4cfca6f098091/element - {"using":"xpath","value":"//input[@id=\"application-manageyards-display-component---NewYard--yardId-inner\"]"}
RESULT: {"using":"xpath","value":"//input[@id=\"application-manageyards-display-component---NewYard--yardId-inner\"]"}
COMMAND: POST /session/e57c885b60fd8cf462a4cfca6f098091/execute/async - {"script":"<script> [1562 bytes]","args":[{"selector":{"id":"application-manageyards-display-component---NewYard--addressDetailDetailsName1","interaction":{"idSuffix":"inner"}},"wdio_ui5_key":"applicationmanageyards-display-component---NewYard--addressDetailDetailsName1"}]}
RESULT: {"script":"<script> [1562 bytes]","args":[{"selector":{"id":"application-manageyards-display-component---NewYard--addressDetailDetailsName1","interaction":{"idSuffix":"inner"}},"wdio_ui5_key":"applicationmanageyards-display-component---NewYard--addressDetailDetailsName1"}]}
RESULT: undefined
COMMAND: POST /session/e57c885b60fd8cf462a4cfca6f098091/execute/async - {"script":"<script> [776 bytes]","args":[{"enterText":"Intracompany Yard wdIO","selector":{"id":"application-manageyards-display-component---NewYard--addressDetailDetailsName1","interaction":{"idSuffix":"inner"}},"clearTextFirst":true,"interactionType":"ENTER_TEXT"}]}
RESULT: {"script":"<script> [776 bytes]","args":[{"enterText":"Intracompany Yard wdIO","selector":{"id":"application-manageyards-display-component---NewYard--addressDetailDetailsName1","interaction":{"idSuffix":"inner"}},"clearTextFirst":true,"interactionType":"ENTER_TEXT"}]}
COMMAND: POST /session/e57c885b60fd8cf462a4cfca6f098091/execute/async - {"script":"<script> [1562 bytes]","args":[{"selector":{"id":"application-manageyards-display-component---NewYard--addressDetailDetailsLanguage-arrow"},"wdio_ui5_key":"applicationmanageyards-display-component---NewYard--addressDetailDetailsLanguage-arrow"}]}
RESULT: {"script":"<script> [1562 bytes]","args":[{"selector":{"id":"application-manageyards-display-component---NewYard--addressDetailDetailsLanguage-arrow"},"wdio_ui5_key":"applicationmanageyards-display-component---NewYard--addressDetailDetailsLanguage-arrow"}]}
RESULT: undefined
COMMAND: POST /session/e57c885b60fd8cf462a4cfca6f098091/element - {"using":"xpath","value":"//*[@id=\"application-manageyards-display-component---NewYard--addressDetailDetailsLanguage-arrow\"]"}
RESULT: {"using":"xpath","value":"//*[@id=\"application-manageyards-display-component---NewYard--addressDetailDetailsLanguage-arrow\"]"}
COMMAND: POST /session/e57c885b60fd8cf462a4cfca6f098091/element/f.0BB93947CC1450395F5B257EF4D67E46.d.A61A8DA5E280C4721AB0C7A1C78919F9.e.564/click - {}
RESULT: {}
COMMAND: POST /session/e57c885b60fd8cf462a4cfca6f098091/element - {"using":"xpath","value":"//span[contains(text(), \"English\")]"}
COMMAND: GET /session/e57c885b60fd8cf462a4cfca6f098091/screenshot - {}
RESULT: {"using":"xpath","value":"//span[contains(text(), \"English\")]"}
COMMAND: POST /session/e57c885b60fd8cf462a4cfca6f098091/element/f.0BB93947CC1450395F5B257EF4D67E46.d.A61A8DA5E280C4721AB0C7A1C78919F9.e.565/click - {}
RESULT: {}
RESULT: {}
COMMAND: POST /session/e57c885b60fd8cf462a4cfca6f098091/execute/async - {"script":"<script> [1562 bytes]","args":[{"selector":{"id":"application-manageyards-display-component---NewYard--addressDetailDetailsCity1","interaction":{"idSuffix":"inner"}},"wdio_ui5_key":"applicationmanageyards-display-component---NewYard--addressDetailDetailsCity1"}]}
COMMAND: GET /session/e57c885b60fd8cf462a4cfca6f098091/screenshot - {}
RESULT: {"script":"<script> [1562 bytes]","args":[{"selector":{"id":"application-manageyards-display-component---NewYard--addressDetailDetailsCity1","interaction":{"idSuffix":"inner"}},"wdio_ui5_key":"applicationmanageyards-display-component---NewYard--addressDetailDetailsCity1"}]}
RESULT: undefined
COMMAND: POST /session/e57c885b60fd8cf462a4cfca6f098091/execute/async - {"script":"<script> [776 bytes]","args":[{"enterText":"Rosario","selector":{"id":"application-manageyards-display-component---NewYard--addressDetailDetailsCity1","interaction":{"idSuffix":"inner"}},"clearTextFirst":true,"interactionType":"ENTER_TEXT"}]}
RESULT: {}
RESULT: {"script":"<script> [776 bytes]","args":[{"enterText":"Rosario","selector":{"id":"application-manageyards-display-component---NewYard--addressDetailDetailsCity1","interaction":{"idSuffix":"inner"}},"clearTextFirst":true,"interactionType":"ENTER_TEXT"}]}
COMMAND: POST /session/e57c885b60fd8cf462a4cfca6f098091/execute/async - {"script":"<script> [1562 bytes]","args":[{"selector":{"id":"application-manageyards-display-component---NewYard--addressDetailDetailsCountry-arrow"},"wdio_ui5_key":"applicationmanageyards-display-component---NewYard--addressDetailDetailsCountry-arrow"}]}
RESULT: {"script":"<script> [1562 bytes]","args":[{"selector":{"id":"application-manageyards-display-component---NewYard--addressDetailDetailsCountry-arrow"},"wdio_ui5_key":"applicationmanageyards-display-component---NewYard--addressDetailDetailsCountry-arrow"}]}
RESULT: undefined
COMMAND: POST /session/e57c885b60fd8cf462a4cfca6f098091/element - {"using":"xpath","value":"//*[@id=\"application-manageyards-display-component---NewYard--addressDetailDetailsCountry-arrow\"]"}
RESULT: {"using":"xpath","value":"//*[@id=\"application-manageyards-display-component---NewYard--addressDetailDetailsCountry-arrow\"]"}
COMMAND: POST /session/e57c885b60fd8cf462a4cfca6f098091/element/f.0BB93947CC1450395F5B257EF4D67E46.d.A61A8DA5E280C4721AB0C7A1C78919F9.e.567/click - {}
RESULT: {}
COMMAND: POST /session/e57c885b60fd8cf462a4cfca6f098091/element - {"using":"xpath","value":"//span[contains(text(), \"Argentina\")]"}
COMMAND: GET /session/e57c885b60fd8cf462a4cfca6f098091/screenshot - {}
RESULT: {"using":"xpath","value":"//span[contains(text(), \"Argentina\")]"}
COMMAND: POST /session/e57c885b60fd8cf462a4cfca6f098091/element/f.0BB93947CC1450395F5B257EF4D67E46.d.A61A8DA5E280C4721AB0C7A1C78919F9.e.568/click - {}
RESULT: {}
RESULT: {}
COMMAND: POST /session/e57c885b60fd8cf462a4cfca6f098091/execute/async - {"script":"<script> [1562 bytes]","args":[{"selector":{"id":"application-manageyards-display-component---NewYard--addressEditDetailsCostObjectCstType-arrow"},"wdio_ui5_key":"applicationmanageyards-display-component---NewYard--addressEditDetailsCostObjectCstType-arrow"}]}
COMMAND: GET /session/e57c885b60fd8cf462a4cfca6f098091/screenshot - {}
RESULT: {"script":"<script> [1562 bytes]","args":[{"selector":{"id":"application-manageyards-display-component---NewYard--addressEditDetailsCostObjectCstType-arrow"},"wdio_ui5_key":"applicationmanageyards-display-component---NewYard--addressEditDetailsCostObjectCstType-arrow"}]}
RESULT: undefined
COMMAND: POST /session/e57c885b60fd8cf462a4cfca6f098091/element - {"using":"xpath","value":"//*[@id=\"application-manageyards-display-component---NewYard--addressEditDetailsCostObjectCstType-arrow\"]"}
RESULT: {}
RESULT: {"using":"xpath","value":"//*[@id=\"application-manageyards-display-component---NewYard--addressEditDetailsCostObjectCstType-arrow\"]"}
COMMAND: POST /session/e57c885b60fd8cf462a4cfca6f098091/element/f.0BB93947CC1450395F5B257EF4D67E46.d.A61A8DA5E280C4721AB0C7A1C78919F9.e.570/click - {}
RESULT: {}
COMMAND: POST /session/e57c885b60fd8cf462a4cfca6f098091/element - {"using":"xpath","value":"//span[contains(text(), \"Cost Center\")]"}
COMMAND: GET /session/e57c885b60fd8cf462a4cfca6f098091/screenshot - {}
RESULT: {"using":"xpath","value":"//span[contains(text(), \"Cost Center\")]"}
COMMAND: POST /session/e57c885b60fd8cf462a4cfca6f098091/element/f.0BB93947CC1450395F5B257EF4D67E46.d.A61A8DA5E280C4721AB0C7A1C78919F9.e.571/click - {}
RESULT: {}
RESULT: {}
COMMAND: GET /session/e57c885b60fd8cf462a4cfca6f098091/screenshot - {}
RESULT: {}
COMMAND: POST /session/e57c885b60fd8cf462a4cfca6f098091/element - {"using":"xpath","value":"//span[@id=\"application-manageyards-display-component---NewYard--addressNewCostObjectCstID-vhi\"]"}
RESULT: {"using":"xpath","value":"//span[@id=\"application-manageyards-display-component---NewYard--addressNewCostObjectCstID-vhi\"]"}
COMMAND: POST /session/e57c885b60fd8cf462a4cfca6f098091/execute/sync - {"script":"<script> [8489 bytes]","args":[{"element-6066-11e4-a52e-4f735466cecf":"f.0BB93947CC1450395F5B257EF4D67E46.d.A61A8DA5E280C4721AB0C7A1C78919F9.e.574","ELEMENT":"f.0BB93947CC1450395F5B257EF4D67E46.d.A61A8DA5E280C4721AB0C7A1C78919F9.e.574"}]}
RESULT: {"script":"<script> [8489 bytes]","args":[{"element-6066-11e4-a52e-4f735466cecf":"f.0BB93947CC1450395F5B257EF4D67E46.d.A61A8DA5E280C4721AB0C7A1C78919F9.e.574","ELEMENT":"f.0BB93947CC1450395F5B257EF4D67E46.d.A61A8DA5E280C4721AB0C7A1C78919F9.e.574"}]}
COMMAND: POST /session/e57c885b60fd8cf462a4cfca6f098091/execute/async - {"script":"<script> [1562 bytes]","args":[{"selector":{"id":"application-manageyards-display-component---NewYard--addressNewCostObjectCstID-vhi"},"wdio_ui5_key":"applicationmanageyards-display-component---NewYard--addressNewCostObjectCstID-vhi"}]}
COMMAND: GET /session/e57c885b60fd8cf462a4cfca6f098091/screenshot - {}
RESULT: {"script":"<script> [1562 bytes]","args":[{"selector":{"id":"application-manageyards-display-component---NewYard--addressNewCostObjectCstID-vhi"},"wdio_ui5_key":"applicationmanageyards-display-component---NewYard--addressNewCostObjectCstID-vhi"}]}
RESULT: undefined
COMMAND: POST /session/e57c885b60fd8cf462a4cfca6f098091/element - {"using":"xpath","value":"//*[@id=\"application-manageyards-display-component---NewYard--addressNewCostObjectCstID-vhi\"]"}
RESULT: {}
RESULT: {"using":"xpath","value":"//*[@id=\"application-manageyards-display-component---NewYard--addressNewCostObjectCstID-vhi\"]"}
COMMAND: POST /session/e57c885b60fd8cf462a4cfca6f098091/element/f.0BB93947CC1450395F5B257EF4D67E46.d.A61A8DA5E280C4721AB0C7A1C78919F9.e.574/click - {}
RESULT: {}
COMMAND: GET /session/e57c885b60fd8cf462a4cfca6f098091/screenshot - {}
RESULT: {}
COMMAND: POST /session/e57c885b60fd8cf462a4cfca6f098091/execute/async - {"script":"<script> [1562 bytes]","args":[{"selector":{"controlType":"sap.m.SearchField","properties":{"placeholder":"Search"},"searchOpenDialogs":true,"interaction":{"idSuffix":"I"}},"wdio_ui5_key":"sapm.SearchField{\"placeholder\":\"Search\"}"}]}
RESULT: {"script":"<script> [1562 bytes]","args":[{"selector":{"controlType":"sap.m.SearchField","properties":{"placeholder":"Search"},"searchOpenDialogs":true,"interaction":{"idSuffix":"I"}},"wdio_ui5_key":"sapm.SearchField{\"placeholder\":\"Search\"}"}]}
RESULT: undefined
COMMAND: POST /session/e57c885b60fd8cf462a4cfca6f098091/execute/async - {"script":"<script> [776 bytes]","args":[{"enterText":"10001013","selector":{"controlType":"sap.m.SearchField","properties":{"placeholder":"Search"},"searchOpenDialogs":true,"interaction":{"idSuffix":"I"}},"clearTextFirst":true,"interactionType":"ENTER_TEXT"}]}
RESULT: {"script":"<script> [776 bytes]","args":[{"enterText":"10001013","selector":{"controlType":"sap.m.SearchField","properties":{"placeholder":"Search"},"searchOpenDialogs":true,"interaction":{"idSuffix":"I"}},"clearTextFirst":true,"interactionType":"ENTER_TEXT"}]}
COMMAND: POST /session/e57c885b60fd8cf462a4cfca6f098091/actions - {"actions":[{"id":"action1","type":"key","parameters":{},"actions":[{"type":"keyDown","value":"î€‡"},{"type":"pause","duration":10},{"type":"keyUp","value":"î€‡"}]}]}
RESULT: {"actions":[{"id":"action1","type":"key","parameters":{},"actions":[{"type":"keyDown","value":"î€‡"},{"type":"pause","duration":10},{"type":"keyUp","value":"î€‡"}]}]}
COMMAND: GET /session/e57c885b60fd8cf462a4cfca6f098091/screenshot - {}
RESULT: {}
COMMAND: POST /session/e57c885b60fd8cf462a4cfca6f098091/element - {"using":"xpath","value":"//span[contains(text(), \"General Management\")]"}
RESULT: {"using":"xpath","value":"//span[contains(text(), \"General Management\")]"}
COMMAND: POST /session/e57c885b60fd8cf462a4cfca6f098091/element/f.0BB93947CC1450395F5B257EF4D67E46.d.A61A8DA5E280C4721AB0C7A1C78919F9.e.583/click - {}
RESULT: {}
COMMAND: GET /session/e57c885b60fd8cf462a4cfca6f098091/screenshot - {}
RESULT: {}
COMMAND: POST /session/e57c885b60fd8cf462a4cfca6f098091/element - {"using":"xpath","value":"//bdi[contains(text(), \"OK\")]"}
RESULT: {"using":"xpath","value":"//bdi[contains(text(), \"OK\")]"}
COMMAND: POST /session/e57c885b60fd8cf462a4cfca6f098091/element/f.0BB93947CC1450395F5B257EF4D67E46.d.A61A8DA5E280C4721AB0C7A1C78919F9.e.585/click - {}
RESULT: {}
COMMAND: GET /session/e57c885b60fd8cf462a4cfca6f098091/screenshot - {}
RESULT: {}
COMMAND: POST /session/e57c885b60fd8cf462a4cfca6f098091/execute/async - {"script":"<script> [1562 bytes]","args":[{"selector":{"id":"application-manageyards-display-component---NewYard--addressEditDetailsCurrency-arrow"},"wdio_ui5_key":"applicationmanageyards-display-component---NewYard--addressEditDetailsCurrency-arrow"}]}
RESULT: {"script":"<script> [1562 bytes]","args":[{"selector":{"id":"application-manageyards-display-component---NewYard--addressEditDetailsCurrency-arrow"},"wdio_ui5_key":"applicationmanageyards-display-component---NewYard--addressEditDetailsCurrency-arrow"}]}
RESULT: undefined
COMMAND: POST /session/e57c885b60fd8cf462a4cfca6f098091/element - {"using":"xpath","value":"//*[@id=\"application-manageyards-display-component---NewYard--addressEditDetailsCurrency-arrow\"]"}
RESULT: {"using":"xpath","value":"//*[@id=\"application-manageyards-display-component---NewYard--addressEditDetailsCurrency-arrow\"]"}
COMMAND: POST /session/e57c885b60fd8cf462a4cfca6f098091/element/f.0BB93947CC1450395F5B257EF4D67E46.d.A61A8DA5E280C4721AB0C7A1C78919F9.e.588/click - {}
RESULT: {}
COMMAND: POST /session/e57c885b60fd8cf462a4cfca6f098091/element - {"using":"xpath","value":"//span[contains(text(), \"Euro\")]"}
COMMAND: GET /session/e57c885b60fd8cf462a4cfca6f098091/screenshot - {}
RESULT: {"using":"xpath","value":"//span[contains(text(), \"Euro\")]"}
COMMAND: POST /session/e57c885b60fd8cf462a4cfca6f098091/element/f.0BB93947CC1450395F5B257EF4D67E46.d.A61A8DA5E280C4721AB0C7A1C78919F9.e.589/click - {}
RESULT: {}
RESULT: {}
COMMAND: POST /session/e57c885b60fd8cf462a4cfca6f098091/execute/async - {"script":"<script> [1562 bytes]","args":[{"selector":{"controlType":"sap.m.Input","viewName":"etm.portal.ui.manageyards.view.New","viewId":"application-manageyards-display-component---NewYard","bindingPath":{"path":"","propertyPath":"/CONTROLLING_AREA","modelName":"NewYardModel"},"interaction":{"idSuffix":"inner"}},"wdio_ui5_key":"etmportal.ui.manageyards.view.Newsap.m.Input{\"path\":\"\",\"propertyPath\":\"/CONTROLLING_AREA\",\"modelName\":\"NewYardModel\"}"}]}
COMMAND: GET /session/e57c885b60fd8cf462a4cfca6f098091/screenshot - {}
RESULT: {"script":"<script> [1562 bytes]","args":[{"selector":{"controlType":"sap.m.Input","viewName":"etm.portal.ui.manageyards.view.New","viewId":"application-manageyards-display-component---NewYard","bindingPath":{"path":"","propertyPath":"/CONTROLLING_AREA","modelName":"NewYardModel"},"interaction":{"idSuffix":"inner"}},"wdio_ui5_key":"etmportal.ui.manageyards.view.Newsap.m.Input{\"path\":\"\",\"propertyPath\":\"/CONTROLLING_AREA\",\"modelName\":\"NewYardModel\"}"}]}
RESULT: undefined
COMMAND: POST /session/e57c885b60fd8cf462a4cfca6f098091/execute/async - {"script":"<script> [776 bytes]","args":[{"enterText":"Z001","selector":{"controlType":"sap.m.Input","viewName":"etm.portal.ui.manageyards.view.New","viewId":"application-manageyards-display-component---NewYard","bindingPath":{"path":"","propertyPath":"/CONTROLLING_AREA","modelName":"NewYardModel"},"interaction":{"idSuffix":"inner"}},"clearTextFirst":true,"interactionType":"ENTER_TEXT"}]}
RESULT: {}
RESULT: {"script":"<script> [776 bytes]","args":[{"enterText":"Z001","selector":{"controlType":"sap.m.Input","viewName":"etm.portal.ui.manageyards.view.New","viewId":"application-manageyards-display-component---NewYard","bindingPath":{"path":"","propertyPath":"/CONTROLLING_AREA","modelName":"NewYardModel"},"interaction":{"idSuffix":"inner"}},"clearTextFirst":true,"interactionType":"ENTER_TEXT"}]}
COMMAND: POST /session/e57c885b60fd8cf462a4cfca6f098091/execute/async - {"script":"<script> [1562 bytes]","args":[{"selector":{"id":"application-manageyards-display-component---NewYard--companyCodeComboBox","interaction":{"idSuffix":"inner"}},"wdio_ui5_key":"applicationmanageyards-display-component---NewYard--companyCodeComboBox"}]}
RESULT: {"script":"<script> [1562 bytes]","args":[{"selector":{"id":"application-manageyards-display-component---NewYard--companyCodeComboBox","interaction":{"idSuffix":"inner"}},"wdio_ui5_key":"applicationmanageyards-display-component---NewYard--companyCodeComboBox"}]}
RESULT: undefined
COMMAND: POST /session/e57c885b60fd8cf462a4cfca6f098091/execute/async - {"script":"<script> [776 bytes]","args":[{"enterText":"1000","selector":{"id":"application-manageyards-display-component---NewYard--companyCodeComboBox","interaction":{"idSuffix":"inner"}},"clearTextFirst":true,"interactionType":"ENTER_TEXT"}]}
RESULT: {"script":"<script> [776 bytes]","args":[{"enterText":"1000","selector":{"id":"application-manageyards-display-component---NewYard--companyCodeComboBox","interaction":{"idSuffix":"inner"}},"clearTextFirst":true,"interactionType":"ENTER_TEXT"}]}
COMMAND: POST /session/e57c885b60fd8cf462a4cfca6f098091/execute/async - {"script":"<script> [1562 bytes]","args":[{"selector":{"controlType":"sap.m.Input","viewName":"etm.portal.ui.manageyards.view.New","viewId":"application-manageyards-display-component---NewYard","bindingPath":{"path":"","propertyPath":"/PLANT","modelName":"NewYardModel"},"interaction":{"idSuffix":"inner"}},"wdio_ui5_key":"etmportal.ui.manageyards.view.Newsap.m.Input{\"path\":\"\",\"propertyPath\":\"/PLANT\",\"modelName\":\"NewYardModel\"}"}]}
RESULT: {"script":"<script> [1562 bytes]","args":[{"selector":{"controlType":"sap.m.Input","viewName":"etm.portal.ui.manageyards.view.New","viewId":"application-manageyards-display-component---NewYard","bindingPath":{"path":"","propertyPath":"/PLANT","modelName":"NewYardModel"},"interaction":{"idSuffix":"inner"}},"wdio_ui5_key":"etmportal.ui.manageyards.view.Newsap.m.Input{\"path\":\"\",\"propertyPath\":\"/PLANT\",\"modelName\":\"NewYardModel\"}"}]}
RESULT: undefined
COMMAND: POST /session/e57c885b60fd8cf462a4cfca6f098091/execute/async - {"script":"<script> [776 bytes]","args":[{"enterText":"1001","selector":{"controlType":"sap.m.Input","viewName":"etm.portal.ui.manageyards.view.New","viewId":"application-manageyards-display-component---NewYard","bindingPath":{"path":"","propertyPath":"/PLANT","modelName":"NewYardModel"},"interaction":{"idSuffix":"inner"}},"clearTextFirst":true,"interactionType":"ENTER_TEXT"}]}
RESULT: {"script":"<script> [776 bytes]","args":[{"enterText":"1001","selector":{"controlType":"sap.m.Input","viewName":"etm.portal.ui.manageyards.view.New","viewId":"application-manageyards-display-component---NewYard","bindingPath":{"path":"","propertyPath":"/PLANT","modelName":"NewYardModel"},"interaction":{"idSuffix":"inner"}},"clearTextFirst":true,"interactionType":"ENTER_TEXT"}]}
COMMAND: POST /session/e57c885b60fd8cf462a4cfca6f098091/execute/async - {"script":"<script> [1562 bytes]","args":[{"selector":{"controlType":"sap.m.Input","viewName":"etm.portal.ui.manageyards.view.New","viewId":"application-manageyards-display-component---NewYard","bindingPath":{"path":"","propertyPath":"/SALES_AREA_VKORG","modelName":"NewYardModel"},"interaction":{"idSuffix":"inner"}},"wdio_ui5_key":"etmportal.ui.manageyards.view.Newsap.m.Input{\"path\":\"\",\"propertyPath\":\"/SALES_AREA_VKORG\",\"modelName\":\"NewYardModel\"}"}]}
RESULT: {"script":"<script> [1562 bytes]","args":[{"selector":{"controlType":"sap.m.Input","viewName":"etm.portal.ui.manageyards.view.New","viewId":"application-manageyards-display-component---NewYard","bindingPath":{"path":"","propertyPath":"/SALES_AREA_VKORG","modelName":"NewYardModel"},"interaction":{"idSuffix":"inner"}},"wdio_ui5_key":"etmportal.ui.manageyards.view.Newsap.m.Input{\"path\":\"\",\"propertyPath\":\"/SALES_AREA_VKORG\",\"modelName\":\"NewYardModel\"}"}]}
RESULT: undefined
COMMAND: POST /session/e57c885b60fd8cf462a4cfca6f098091/execute/async - {"script":"<script> [776 bytes]","args":[{"enterText":"C002","selector":{"controlType":"sap.m.Input","viewName":"etm.portal.ui.manageyards.view.New","viewId":"application-manageyards-display-component---NewYard","bindingPath":{"path":"","propertyPath":"/SALES_AREA_VKORG","modelName":"NewYardModel"},"interaction":{"idSuffix":"inner"}},"clearTextFirst":true,"interactionType":"ENTER_TEXT"}]}
RESULT: {"script":"<script> [776 bytes]","args":[{"enterText":"C002","selector":{"controlType":"sap.m.Input","viewName":"etm.portal.ui.manageyards.view.New","viewId":"application-manageyards-display-component---NewYard","bindingPath":{"path":"","propertyPath":"/SALES_AREA_VKORG","modelName":"NewYardModel"},"interaction":{"idSuffix":"inner"}},"clearTextFirst":true,"interactionType":"ENTER_TEXT"}]}
COMMAND: POST /session/e57c885b60fd8cf462a4cfca6f098091/execute/async - {"script":"<script> [1562 bytes]","args":[{"selector":{"controlType":"sap.m.Input","viewName":"etm.portal.ui.manageyards.view.New","viewId":"application-manageyards-display-component---NewYard","bindingPath":{"path":"","propertyPath":"/SALES_AREA_VTWEG","modelName":"NewYardModel"},"interaction":{"idSuffix":"inner"}},"wdio_ui5_key":"etmportal.ui.manageyards.view.Newsap.m.Input{\"path\":\"\",\"propertyPath\":\"/SALES_AREA_VTWEG\",\"modelName\":\"NewYardModel\"}"}]}
RESULT: {"script":"<script> [1562 bytes]","args":[{"selector":{"controlType":"sap.m.Input","viewName":"etm.portal.ui.manageyards.view.New","viewId":"application-manageyards-display-component---NewYard","bindingPath":{"path":"","propertyPath":"/SALES_AREA_VTWEG","modelName":"NewYardModel"},"interaction":{"idSuffix":"inner"}},"wdio_ui5_key":"etmportal.ui.manageyards.view.Newsap.m.Input{\"path\":\"\",\"propertyPath\":\"/SALES_AREA_VTWEG\",\"modelName\":\"NewYardModel\"}"}]}
RESULT: undefined
COMMAND: POST /session/e57c885b60fd8cf462a4cfca6f098091/execute/async - {"script":"<script> [776 bytes]","args":[{"enterText":"C2","selector":{"controlType":"sap.m.Input","viewName":"etm.portal.ui.manageyards.view.New","viewId":"application-manageyards-display-component---NewYard","bindingPath":{"path":"","propertyPath":"/SALES_AREA_VTWEG","modelName":"NewYardModel"},"interaction":{"idSuffix":"inner"}},"clearTextFirst":true,"interactionType":"ENTER_TEXT"}]}
RESULT: {"script":"<script> [776 bytes]","args":[{"enterText":"C2","selector":{"controlType":"sap.m.Input","viewName":"etm.portal.ui.manageyards.view.New","viewId":"application-manageyards-display-component---NewYard","bindingPath":{"path":"","propertyPath":"/SALES_AREA_VTWEG","modelName":"NewYardModel"},"interaction":{"idSuffix":"inner"}},"clearTextFirst":true,"interactionType":"ENTER_TEXT"}]}
COMMAND: POST /session/e57c885b60fd8cf462a4cfca6f098091/execute/async - {"script":"<script> [1562 bytes]","args":[{"selector":{"controlType":"sap.m.Input","viewName":"etm.portal.ui.manageyards.view.New","viewId":"application-manageyards-display-component---NewYard","bindingPath":{"path":"","propertyPath":"/SALES_AREA_SPART","modelName":"NewYardModel"},"interaction":{"idSuffix":"inner"}},"wdio_ui5_key":"etmportal.ui.manageyards.view.Newsap.m.Input{\"path\":\"\",\"propertyPath\":\"/SALES_AREA_SPART\",\"modelName\":\"NewYardModel\"}"}]}
RESULT: {"script":"<script> [1562 bytes]","args":[{"selector":{"controlType":"sap.m.Input","viewName":"etm.portal.ui.manageyards.view.New","viewId":"application-manageyards-display-component---NewYard","bindingPath":{"path":"","propertyPath":"/SALES_AREA_SPART","modelName":"NewYardModel"},"interaction":{"idSuffix":"inner"}},"wdio_ui5_key":"etmportal.ui.manageyards.view.Newsap.m.Input{\"path\":\"\",\"propertyPath\":\"/SALES_AREA_SPART\",\"modelName\":\"NewYardModel\"}"}]}
RESULT: undefined
COMMAND: POST /session/e57c885b60fd8cf462a4cfca6f098091/execute/async - {"script":"<script> [776 bytes]","args":[{"enterText":"C2","selector":{"controlType":"sap.m.Input","viewName":"etm.portal.ui.manageyards.view.New","viewId":"application-manageyards-display-component---NewYard","bindingPath":{"path":"","propertyPath":"/SALES_AREA_SPART","modelName":"NewYardModel"},"interaction":{"idSuffix":"inner"}},"clearTextFirst":true,"interactionType":"ENTER_TEXT"}]}
RESULT: {"script":"<script> [776 bytes]","args":[{"enterText":"C2","selector":{"controlType":"sap.m.Input","viewName":"etm.portal.ui.manageyards.view.New","viewId":"application-manageyards-display-component---NewYard","bindingPath":{"path":"","propertyPath":"/SALES_AREA_SPART","modelName":"NewYardModel"},"interaction":{"idSuffix":"inner"}},"clearTextFirst":true,"interactionType":"ENTER_TEXT"}]}
COMMAND: POST /session/e57c885b60fd8cf462a4cfca6f098091/execute/async - {"script":"<script> [1562 bytes]","args":[{"selector":{"controlType":"sap.m.Input","viewName":"etm.portal.ui.manageyards.view.New","viewId":"application-manageyards-display-component---NewYard","bindingPath":{"path":"","propertyPath":"/SHIP_POINT","modelName":"NewYardModel"},"interaction":{"idSuffix":"inner"}},"wdio_ui5_key":"etmportal.ui.manageyards.view.Newsap.m.Input{\"path\":\"\",\"propertyPath\":\"/SHIP_POINT\",\"modelName\":\"NewYardModel\"}"}]}
RESULT: {"script":"<script> [1562 bytes]","args":[{"selector":{"controlType":"sap.m.Input","viewName":"etm.portal.ui.manageyards.view.New","viewId":"application-manageyards-display-component---NewYard","bindingPath":{"path":"","propertyPath":"/SHIP_POINT","modelName":"NewYardModel"},"interaction":{"idSuffix":"inner"}},"wdio_ui5_key":"etmportal.ui.manageyards.view.Newsap.m.Input{\"path\":\"\",\"propertyPath\":\"/SHIP_POINT\",\"modelName\":\"NewYardModel\"}"}]}
RESULT: undefined
COMMAND: POST /session/e57c885b60fd8cf462a4cfca6f098091/execute/async - {"script":"<script> [776 bytes]","args":[{"enterText":"1710","selector":{"controlType":"sap.m.Input","viewName":"etm.portal.ui.manageyards.view.New","viewId":"application-manageyards-display-component---NewYard","bindingPath":{"path":"","propertyPath":"/SHIP_POINT","modelName":"NewYardModel"},"interaction":{"idSuffix":"inner"}},"clearTextFirst":true,"interactionType":"ENTER_TEXT"}]}
RESULT: {"script":"<script> [776 bytes]","args":[{"enterText":"1710","selector":{"controlType":"sap.m.Input","viewName":"etm.portal.ui.manageyards.view.New","viewId":"application-manageyards-display-component---NewYard","bindingPath":{"path":"","propertyPath":"/SHIP_POINT","modelName":"NewYardModel"},"interaction":{"idSuffix":"inner"}},"clearTextFirst":true,"interactionType":"ENTER_TEXT"}]}
COMMAND: POST /session/e57c885b60fd8cf462a4cfca6f098091/execute/async - {"script":"<script> [1562 bytes]","args":[{"selector":{"controlType":"sap.m.Input","viewName":"etm.portal.ui.manageyards.view.New","viewId":"application-manageyards-display-component---NewYard","bindingPath":{"path":"","propertyPath":"/DELIVERY_TYPE","modelName":"NewYardModel"},"interaction":{"idSuffix":"inner"}},"wdio_ui5_key":"etmportal.ui.manageyards.view.Newsap.m.Input{\"path\":\"\",\"propertyPath\":\"/DELIVERY_TYPE\",\"modelName\":\"NewYardModel\"}"}]}
RESULT: {"script":"<script> [1562 bytes]","args":[{"selector":{"controlType":"sap.m.Input","viewName":"etm.portal.ui.manageyards.view.New","viewId":"application-manageyards-display-component---NewYard","bindingPath":{"path":"","propertyPath":"/DELIVERY_TYPE","modelName":"NewYardModel"},"interaction":{"idSuffix":"inner"}},"wdio_ui5_key":"etmportal.ui.manageyards.view.Newsap.m.Input{\"path\":\"\",\"propertyPath\":\"/DELIVERY_TYPE\",\"modelName\":\"NewYardModel\"}"}]}
RESULT: undefined
COMMAND: POST /session/e57c885b60fd8cf462a4cfca6f098091/execute/async - {"script":"<script> [776 bytes]","args":[{"enterText":"ZL01","selector":{"controlType":"sap.m.Input","viewName":"etm.portal.ui.manageyards.view.New","viewId":"application-manageyards-display-component---NewYard","bindingPath":{"path":"","propertyPath":"/DELIVERY_TYPE","modelName":"NewYardModel"},"interaction":{"idSuffix":"inner"}},"clearTextFirst":true,"interactionType":"ENTER_TEXT"}]}
RESULT: {"script":"<script> [776 bytes]","args":[{"enterText":"ZL01","selector":{"controlType":"sap.m.Input","viewName":"etm.portal.ui.manageyards.view.New","viewId":"application-manageyards-display-component---NewYard","bindingPath":{"path":"","propertyPath":"/DELIVERY_TYPE","modelName":"NewYardModel"},"interaction":{"idSuffix":"inner"}},"clearTextFirst":true,"interactionType":"ENTER_TEXT"}]}
COMMAND: POST /session/e57c885b60fd8cf462a4cfca6f098091/execute/async - {"script":"<script> [1562 bytes]","args":[{"selector":{"controlType":"sap.m.Input","viewName":"etm.portal.ui.manageyards.view.New","viewId":"application-manageyards-display-component---NewYard","bindingPath":{"path":"","propertyPath":"/AUART","modelName":"NewYardModel"},"interaction":{"idSuffix":"inner"}},"wdio_ui5_key":"etmportal.ui.manageyards.view.Newsap.m.Input{\"path\":\"\",\"propertyPath\":\"/AUART\",\"modelName\":\"NewYardModel\"}"}]}
RESULT: {"script":"<script> [1562 bytes]","args":[{"selector":{"controlType":"sap.m.Input","viewName":"etm.portal.ui.manageyards.view.New","viewId":"application-manageyards-display-component---NewYard","bindingPath":{"path":"","propertyPath":"/AUART","modelName":"NewYardModel"},"interaction":{"idSuffix":"inner"}},"wdio_ui5_key":"etmportal.ui.manageyards.view.Newsap.m.Input{\"path\":\"\",\"propertyPath\":\"/AUART\",\"modelName\":\"NewYardModel\"}"}]}
RESULT: undefined
COMMAND: POST /session/e57c885b60fd8cf462a4cfca6f098091/execute/async - {"script":"<script> [776 bytes]","args":[{"enterText":"TA","selector":{"controlType":"sap.m.Input","viewName":"etm.portal.ui.manageyards.view.New","viewId":"application-manageyards-display-component---NewYard","bindingPath":{"path":"","propertyPath":"/AUART","modelName":"NewYardModel"},"interaction":{"idSuffix":"inner"}},"clearTextFirst":true,"interactionType":"ENTER_TEXT"}]}
RESULT: {"script":"<script> [776 bytes]","args":[{"enterText":"TA","selector":{"controlType":"sap.m.Input","viewName":"etm.portal.ui.manageyards.view.New","viewId":"application-manageyards-display-component---NewYard","bindingPath":{"path":"","propertyPath":"/AUART","modelName":"NewYardModel"},"interaction":{"idSuffix":"inner"}},"clearTextFirst":true,"interactionType":"ENTER_TEXT"}]}
COMMAND: POST /session/e57c885b60fd8cf462a4cfca6f098091/element - {"using":"xpath","value":"//button[@data-kt=\"newYardSaveButton\"]"}
RESULT: {"using":"xpath","value":"//button[@data-kt=\"newYardSaveButton\"]"}
COMMAND: POST /session/e57c885b60fd8cf462a4cfca6f098091/element/f.0BB93947CC1450395F5B257EF4D67E46.d.A61A8DA5E280C4721AB0C7A1C78919F9.e.513/click - {}
RESULT: {}
COMMAND: GET /session/e57c885b60fd8cf462a4cfca6f098091/screenshot - {}
COMMAND: POST /session/e57c885b60fd8cf462a4cfca6f098091/element - {"using":"xpath","value":"//header[contains(@id, 'ObjectPageLayout-headerTitle')]/div[1]/div[2]/div[1]/span[1]"}
RESULT: {}
RESULT: {"using":"xpath","value":"//header[contains(@id, 'ObjectPageLayout-headerTitle')]/div[1]/div[2]/div[1]/span[1]"}
COMMAND: POST /session/e57c885b60fd8cf462a4cfca6f098091/elements - {"using":"xpath","value":"//header[contains(@id, 'ObjectPageLayout-headerTitle')]/div[1]/div[2]/div[1]/span[1]"}
RESULT: {"using":"xpath","value":"//header[contains(@id, 'ObjectPageLayout-headerTitle')]/div[1]/div[2]/div[1]/span[1]"}
COMMAND: POST /session/e57c885b60fd8cf462a4cfca6f098091/execute/sync - {"script":"<script> [56 bytes]","args":[{"element-6066-11e4-a52e-4f735466cecf":"f.0BB93947CC1450395F5B257EF4D67E46.d.A61A8DA5E280C4721AB0C7A1C78919F9.e.814","ELEMENT":"f.0BB93947CC1450395F5B257EF4D67E46.d.A61A8DA5E280C4721AB0C7A1C78919F9.e.814"}]}
RESULT: {"script":"<script> [56 bytes]","args":[{"element-6066-11e4-a52e-4f735466cecf":"f.0BB93947CC1450395F5B257EF4D67E46.d.A61A8DA5E280C4721AB0C7A1C78919F9.e.814","ELEMENT":"f.0BB93947CC1450395F5B257EF4D67E46.d.A61A8DA5E280C4721AB0C7A1C78919F9.e.814"}]}
COMMAND: GET /session/e57c885b60fd8cf462a4cfca6f098091/screenshot - {}
RESULT: {}
COMMAND: POST /session/e57c885b60fd8cf462a4cfca6f098091/element - {"using":"css selector","value":"#shell-header-logo"}
RESULT: {"using":"css selector","value":"#shell-header-logo"}
COMMAND: POST /session/e57c885b60fd8cf462a4cfca6f098091/element/f.0BB93947CC1450395F5B257EF4D67E46.d.A61A8DA5E280C4721AB0C7A1C78919F9.e.271/click - {}
RESULT: {}
COMMAND: GET /session/e57c885b60fd8cf462a4cfca6f098091/screenshot - {}
RESULT: {}
COMMAND: POST /session/e57c885b60fd8cf462a4cfca6f098091/execute/sync - {"script":"<script> [299 bytes]","args":[["getModel","getResource"]]}
RESULT: {"script":"<script> [299 bytes]","args":[["getModel","getResource"]]}
]]></system-out>
    </testcase>
    <testcase classname="chrome.135_0_7049_96.windows.Billing_confirm_US117289" name="Should create a new partner" time="121.813">
      <system-out><![CDATA[
COMMAND: GET /session/e57c885b60fd8cf462a4cfca6f098091/screenshot - {}
COMMAND: POST /session/e57c885b60fd8cf462a4cfca6f098091/window/fullscreen - {}
RESULT: {}
RESULT: {}
COMMAND: POST /session/e57c885b60fd8cf462a4cfca6f098091/execute/async - {"script":"<script> [1562 bytes]","args":[{"selector":{"controlType":"sap.m.GenericTile","properties":{"header":"Manage Partners"}},"wdio_ui5_key":"sapm.GenericTile{\"header\":\"Manage Partners\"}"}]}
RESULT: {"script":"<script> [1562 bytes]","args":[{"selector":{"controlType":"sap.m.GenericTile","properties":{"header":"Manage Partners"}},"wdio_ui5_key":"sapm.GenericTile{\"header\":\"Manage Partners\"}"}]}
RESULT: undefined
COMMAND: POST /session/e57c885b60fd8cf462a4cfca6f098091/element - {"using":"xpath","value":"//*[@id=\"__tile38\"]"}
RESULT: {"using":"xpath","value":"//*[@id=\"__tile38\"]"}
COMMAND: POST /session/e57c885b60fd8cf462a4cfca6f098091/element/f.0BB93947CC1450395F5B257EF4D67E46.d.A61A8DA5E280C4721AB0C7A1C78919F9.e.154/click - {}
RESULT: {}
COMMAND: POST /session/e57c885b60fd8cf462a4cfca6f098091/element - {"using":"xpath","value":"//button[@data-kt=\"addButton\"]"}
COMMAND: GET /session/e57c885b60fd8cf462a4cfca6f098091/screenshot - {}
RESULT: {"using":"xpath","value":"//button[@data-kt=\"addButton\"]"}
COMMAND: POST /session/e57c885b60fd8cf462a4cfca6f098091/elements - {"using":"xpath","value":"//button[@data-kt=\"addButton\"]"}
RESULT: {}
RESULT: {"using":"xpath","value":"//button[@data-kt=\"addButton\"]"}
COMMAND: POST /session/e57c885b60fd8cf462a4cfca6f098091/elements - {"using":"xpath","value":"//button[@data-kt=\"addButton\"]"}
RESULT: {"using":"xpath","value":"//button[@data-kt=\"addButton\"]"}
COMMAND: POST /session/e57c885b60fd8cf462a4cfca6f098091/elements - {"using":"xpath","value":"//button[@data-kt=\"addButton\"]"}
RESULT: {"using":"xpath","value":"//button[@data-kt=\"addButton\"]"}
COMMAND: POST /session/e57c885b60fd8cf462a4cfca6f098091/elements - {"using":"xpath","value":"//button[@data-kt=\"addButton\"]"}
RESULT: {"using":"xpath","value":"//button[@data-kt=\"addButton\"]"}
COMMAND: POST /session/e57c885b60fd8cf462a4cfca6f098091/elements - {"using":"xpath","value":"//button[@data-kt=\"addButton\"]"}
RESULT: {"using":"xpath","value":"//button[@data-kt=\"addButton\"]"}
COMMAND: POST /session/e57c885b60fd8cf462a4cfca6f098091/elements - {"using":"xpath","value":"//button[@data-kt=\"addButton\"]"}
RESULT: {"using":"xpath","value":"//button[@data-kt=\"addButton\"]"}
COMMAND: POST /session/e57c885b60fd8cf462a4cfca6f098091/elements - {"using":"xpath","value":"//button[@data-kt=\"addButton\"]"}
RESULT: {"using":"xpath","value":"//button[@data-kt=\"addButton\"]"}
COMMAND: POST /session/e57c885b60fd8cf462a4cfca6f098091/elements - {"using":"xpath","value":"//button[@data-kt=\"addButton\"]"}
RESULT: {"using":"xpath","value":"//button[@data-kt=\"addButton\"]"}
COMMAND: POST /session/e57c885b60fd8cf462a4cfca6f098091/elements - {"using":"xpath","value":"//button[@data-kt=\"addButton\"]"}
RESULT: {"using":"xpath","value":"//button[@data-kt=\"addButton\"]"}
COMMAND: POST /session/e57c885b60fd8cf462a4cfca6f098091/elements - {"using":"xpath","value":"//button[@data-kt=\"addButton\"]"}
RESULT: {"using":"xpath","value":"//button[@data-kt=\"addButton\"]"}
COMMAND: POST /session/e57c885b60fd8cf462a4cfca6f098091/elements - {"using":"xpath","value":"//button[@data-kt=\"addButton\"]"}
RESULT: {"using":"xpath","value":"//button[@data-kt=\"addButton\"]"}
COMMAND: POST /session/e57c885b60fd8cf462a4cfca6f098091/elements - {"using":"xpath","value":"//button[@data-kt=\"addButton\"]"}
RESULT: {"using":"xpath","value":"//button[@data-kt=\"addButton\"]"}
COMMAND: POST /session/e57c885b60fd8cf462a4cfca6f098091/elements - {"using":"xpath","value":"//button[@data-kt=\"addButton\"]"}
RESULT: {"using":"xpath","value":"//button[@data-kt=\"addButton\"]"}
COMMAND: POST /session/e57c885b60fd8cf462a4cfca6f098091/elements - {"using":"xpath","value":"//button[@data-kt=\"addButton\"]"}
RESULT: {"using":"xpath","value":"//button[@data-kt=\"addButton\"]"}
COMMAND: POST /session/e57c885b60fd8cf462a4cfca6f098091/elements - {"using":"xpath","value":"//button[@data-kt=\"addButton\"]"}
RESULT: {"using":"xpath","value":"//button[@data-kt=\"addButton\"]"}
COMMAND: POST /session/e57c885b60fd8cf462a4cfca6f098091/element - {"using":"xpath","value":"//button[@data-kt=\"addButton\"]"}
RESULT: {"using":"xpath","value":"//button[@data-kt=\"addButton\"]"}
COMMAND: POST /session/e57c885b60fd8cf462a4cfca6f098091/execute/sync - {"script":"<script> [8489 bytes]","args":[{"element-6066-11e4-a52e-4f735466cecf":"f.0BB93947CC1450395F5B257EF4D67E46.d.A61A8DA5E280C4721AB0C7A1C78919F9.e.862","ELEMENT":"f.0BB93947CC1450395F5B257EF4D67E46.d.A61A8DA5E280C4721AB0C7A1C78919F9.e.862"}]}
RESULT: {"script":"<script> [8489 bytes]","args":[{"element-6066-11e4-a52e-4f735466cecf":"f.0BB93947CC1450395F5B257EF4D67E46.d.A61A8DA5E280C4721AB0C7A1C78919F9.e.862","ELEMENT":"f.0BB93947CC1450395F5B257EF4D67E46.d.A61A8DA5E280C4721AB0C7A1C78919F9.e.862"}]}
COMMAND: GET /session/e57c885b60fd8cf462a4cfca6f098091/element/f.0BB93947CC1450395F5B257EF4D67E46.d.A61A8DA5E280C4721AB0C7A1C78919F9.e.862/enabled - {}
COMMAND: GET /session/e57c885b60fd8cf462a4cfca6f098091/screenshot - {}
RESULT: {}
COMMAND: POST /session/e57c885b60fd8cf462a4cfca6f098091/execute/sync - {"script":"<script> [8489 bytes]","args":[{"element-6066-11e4-a52e-4f735466cecf":"f.0BB93947CC1450395F5B257EF4D67E46.d.A61A8DA5E280C4721AB0C7A1C78919F9.e.862","ELEMENT":"f.0BB93947CC1450395F5B257EF4D67E46.d.A61A8DA5E280C4721AB0C7A1C78919F9.e.862"}]}
COMMAND: GET /session/e57c885b60fd8cf462a4cfca6f098091/screenshot - {}
RESULT: {}
RESULT: {"script":"<script> [8489 bytes]","args":[{"element-6066-11e4-a52e-4f735466cecf":"f.0BB93947CC1450395F5B257EF4D67E46.d.A61A8DA5E280C4721AB0C7A1C78919F9.e.862","ELEMENT":"f.0BB93947CC1450395F5B257EF4D67E46.d.A61A8DA5E280C4721AB0C7A1C78919F9.e.862"}]}
COMMAND: POST /session/e57c885b60fd8cf462a4cfca6f098091/execute/sync - {"script":"<script> [5351 bytes]","args":[{"element-6066-11e4-a52e-4f735466cecf":"f.0BB93947CC1450395F5B257EF4D67E46.d.A61A8DA5E280C4721AB0C7A1C78919F9.e.862","ELEMENT":"f.0BB93947CC1450395F5B257EF4D67E46.d.A61A8DA5E280C4721AB0C7A1C78919F9.e.862"}]}
COMMAND: GET /session/e57c885b60fd8cf462a4cfca6f098091/screenshot - {}
RESULT: {}
RESULT: {"script":"<script> [5351 bytes]","args":[{"element-6066-11e4-a52e-4f735466cecf":"f.0BB93947CC1450395F5B257EF4D67E46.d.A61A8DA5E280C4721AB0C7A1C78919F9.e.862","ELEMENT":"f.0BB93947CC1450395F5B257EF4D67E46.d.A61A8DA5E280C4721AB0C7A1C78919F9.e.862"}]}
COMMAND: POST /session/e57c885b60fd8cf462a4cfca6f098091/element/f.0BB93947CC1450395F5B257EF4D67E46.d.A61A8DA5E280C4721AB0C7A1C78919F9.e.862/click - {}
COMMAND: GET /session/e57c885b60fd8cf462a4cfca6f098091/screenshot - {}
RESULT: {}
RESULT: {}
COMMAND: GET /session/e57c885b60fd8cf462a4cfca6f098091/screenshot - {}
COMMAND: POST /session/e57c885b60fd8cf462a4cfca6f098091/execute/async - {"script":"<script> [1562 bytes]","args":[{"selector":{"id":"application-managepartners-display-component---NewPartner--addressDetailDetailsName1","interaction":{"idSuffix":"inner"}},"wdio_ui5_key":"applicationmanagepartners-display-component---NewPartner--addressDetailDetailsName1"}]}
RESULT: {}
RESULT: {}
RESULT: {"script":"<script> [1562 bytes]","args":[{"selector":{"id":"application-managepartners-display-component---NewPartner--addressDetailDetailsName1","interaction":{"idSuffix":"inner"}},"wdio_ui5_key":"applicationmanagepartners-display-component---NewPartner--addressDetailDetailsName1"}]}
RESULT: undefined
COMMAND: POST /session/e57c885b60fd8cf462a4cfca6f098091/execute/async - {"script":"<script> [776 bytes]","args":[{"enterText":"Intracompany Partner WDIO","selector":{"id":"application-managepartners-display-component---NewPartner--addressDetailDetailsName1","interaction":{"idSuffix":"inner"}},"clearTextFirst":true,"interactionType":"ENTER_TEXT"}]}
RESULT: {"script":"<script> [776 bytes]","args":[{"enterText":"Intracompany Partner WDIO","selector":{"id":"application-managepartners-display-component---NewPartner--addressDetailDetailsName1","interaction":{"idSuffix":"inner"}},"clearTextFirst":true,"interactionType":"ENTER_TEXT"}]}
COMMAND: POST /session/e57c885b60fd8cf462a4cfca6f098091/execute/async - {"script":"<script> [1562 bytes]","args":[{"selector":{"id":"application-managepartners-display-component---NewPartner--addressDetailDetailsLanguage-arrow"},"wdio_ui5_key":"applicationmanagepartners-display-component---NewPartner--addressDetailDetailsLanguage-arrow"}]}
RESULT: {"script":"<script> [1562 bytes]","args":[{"selector":{"id":"application-managepartners-display-component---NewPartner--addressDetailDetailsLanguage-arrow"},"wdio_ui5_key":"applicationmanagepartners-display-component---NewPartner--addressDetailDetailsLanguage-arrow"}]}
RESULT: undefined
COMMAND: POST /session/e57c885b60fd8cf462a4cfca6f098091/element - {"using":"xpath","value":"//*[@id=\"application-managepartners-display-component---NewPartner--addressDetailDetailsLanguage-arrow\"]"}
RESULT: {"using":"xpath","value":"//*[@id=\"application-managepartners-display-component---NewPartner--addressDetailDetailsLanguage-arrow\"]"}
COMMAND: POST /session/e57c885b60fd8cf462a4cfca6f098091/element/f.0BB93947CC1450395F5B257EF4D67E46.d.A61A8DA5E280C4721AB0C7A1C78919F9.e.1307/click - {}
RESULT: {}
COMMAND: POST /session/e57c885b60fd8cf462a4cfca6f098091/element - {"using":"xpath","value":"//span[contains(text(), \"English\")]"}
COMMAND: GET /session/e57c885b60fd8cf462a4cfca6f098091/screenshot - {}
RESULT: {"using":"xpath","value":"//span[contains(text(), \"English\")]"}
COMMAND: POST /session/e57c885b60fd8cf462a4cfca6f098091/element/f.0BB93947CC1450395F5B257EF4D67E46.d.A61A8DA5E280C4721AB0C7A1C78919F9.e.1308/click - {}
RESULT: {}
RESULT: {}
COMMAND: GET /session/e57c885b60fd8cf462a4cfca6f098091/screenshot - {}
RESULT: {}
COMMAND: POST /session/e57c885b60fd8cf462a4cfca6f098091/execute/async - {"script":"<script> [1562 bytes]","args":[{"selector":{"id":"application-managepartners-display-component---NewPartner--addressDetailDetailsCity1","interaction":{"idSuffix":"inner"}},"wdio_ui5_key":"applicationmanagepartners-display-component---NewPartner--addressDetailDetailsCity1"}]}
RESULT: {"script":"<script> [1562 bytes]","args":[{"selector":{"id":"application-managepartners-display-component---NewPartner--addressDetailDetailsCity1","interaction":{"idSuffix":"inner"}},"wdio_ui5_key":"applicationmanagepartners-display-component---NewPartner--addressDetailDetailsCity1"}]}
RESULT: undefined
COMMAND: POST /session/e57c885b60fd8cf462a4cfca6f098091/execute/async - {"script":"<script> [776 bytes]","args":[{"enterText":"Rosario","selector":{"id":"application-managepartners-display-component---NewPartner--addressDetailDetailsCity1","interaction":{"idSuffix":"inner"}},"clearTextFirst":true,"interactionType":"ENTER_TEXT"}]}
RESULT: {"script":"<script> [776 bytes]","args":[{"enterText":"Rosario","selector":{"id":"application-managepartners-display-component---NewPartner--addressDetailDetailsCity1","interaction":{"idSuffix":"inner"}},"clearTextFirst":true,"interactionType":"ENTER_TEXT"}]}
COMMAND: POST /session/e57c885b60fd8cf462a4cfca6f098091/execute/async - {"script":"<script> [1562 bytes]","args":[{"selector":{"id":"application-managepartners-display-component---NewPartner--addressDetailDetailsCountry-arrow"},"wdio_ui5_key":"applicationmanagepartners-display-component---NewPartner--addressDetailDetailsCountry-arrow"}]}
RESULT: {"script":"<script> [1562 bytes]","args":[{"selector":{"id":"application-managepartners-display-component---NewPartner--addressDetailDetailsCountry-arrow"},"wdio_ui5_key":"applicationmanagepartners-display-component---NewPartner--addressDetailDetailsCountry-arrow"}]}
RESULT: undefined
COMMAND: POST /session/e57c885b60fd8cf462a4cfca6f098091/element - {"using":"xpath","value":"//*[@id=\"application-managepartners-display-component---NewPartner--addressDetailDetailsCountry-arrow\"]"}
RESULT: {"using":"xpath","value":"//*[@id=\"application-managepartners-display-component---NewPartner--addressDetailDetailsCountry-arrow\"]"}
COMMAND: POST /session/e57c885b60fd8cf462a4cfca6f098091/element/f.0BB93947CC1450395F5B257EF4D67E46.d.A61A8DA5E280C4721AB0C7A1C78919F9.e.1290/click - {}
RESULT: {}
COMMAND: POST /session/e57c885b60fd8cf462a4cfca6f098091/element - {"using":"xpath","value":"//span[contains(text(), \"Argentina\")]"}
COMMAND: GET /session/e57c885b60fd8cf462a4cfca6f098091/screenshot - {}
RESULT: {"using":"xpath","value":"//span[contains(text(), \"Argentina\")]"}
COMMAND: POST /session/e57c885b60fd8cf462a4cfca6f098091/element/f.0BB93947CC1450395F5B257EF4D67E46.d.A61A8DA5E280C4721AB0C7A1C78919F9.e.1310/click - {}
RESULT: {}
RESULT: {}
COMMAND: GET /session/e57c885b60fd8cf462a4cfca6f098091/screenshot - {}
RESULT: {}
COMMAND: POST /session/e57c885b60fd8cf462a4cfca6f098091/element - {"using":"xpath","value":"//bdi[contains(text(), \"Commercial\")]"}
RESULT: {"using":"xpath","value":"//bdi[contains(text(), \"Commercial\")]"}
COMMAND: POST /session/e57c885b60fd8cf462a4cfca6f098091/element/f.0BB93947CC1450395F5B257EF4D67E46.d.A61A8DA5E280C4721AB0C7A1C78919F9.e.1311/click - {}
RESULT: {}
COMMAND: GET /session/e57c885b60fd8cf462a4cfca6f098091/screenshot - {}
RESULT: {}
COMMAND: POST /session/e57c885b60fd8cf462a4cfca6f098091/execute/async - {"script":"<script> [1562 bytes]","args":[{"selector":{"id":"application-managepartners-display-component---NewPartner--partnerDetailInternal-arrow"},"wdio_ui5_key":"applicationmanagepartners-display-component---NewPartner--partnerDetailInternal-arrow"}]}
RESULT: {"script":"<script> [1562 bytes]","args":[{"selector":{"id":"application-managepartners-display-component---NewPartner--partnerDetailInternal-arrow"},"wdio_ui5_key":"applicationmanagepartners-display-component---NewPartner--partnerDetailInternal-arrow"}]}
RESULT: undefined
COMMAND: POST /session/e57c885b60fd8cf462a4cfca6f098091/element - {"using":"xpath","value":"//*[@id=\"application-managepartners-display-component---NewPartner--partnerDetailInternal-arrow\"]"}
RESULT: {"using":"xpath","value":"//*[@id=\"application-managepartners-display-component---NewPartner--partnerDetailInternal-arrow\"]"}
COMMAND: POST /session/e57c885b60fd8cf462a4cfca6f098091/element/f.0BB93947CC1450395F5B257EF4D67E46.d.A61A8DA5E280C4721AB0C7A1C78919F9.e.1317/click - {}
RESULT: {}
COMMAND: POST /session/e57c885b60fd8cf462a4cfca6f098091/element - {"using":"xpath","value":"//span[contains(text(), \"Affiliated company\")]"}
COMMAND: GET /session/e57c885b60fd8cf462a4cfca6f098091/screenshot - {}
RESULT: {"using":"xpath","value":"//span[contains(text(), \"Affiliated company\")]"}
COMMAND: POST /session/e57c885b60fd8cf462a4cfca6f098091/element/f.0BB93947CC1450395F5B257EF4D67E46.d.A61A8DA5E280C4721AB0C7A1C78919F9.e.1320/click - {}
RESULT: {}
RESULT: {}
COMMAND: POST /session/e57c885b60fd8cf462a4cfca6f098091/execute/async - {"script":"<script> [1562 bytes]","args":[{"selector":{"id":"application-managepartners-display-component---NewPartner--partnerDetailsCurrency-arrow"},"wdio_ui5_key":"applicationmanagepartners-display-component---NewPartner--partnerDetailsCurrency-arrow"}]}
COMMAND: GET /session/e57c885b60fd8cf462a4cfca6f098091/screenshot - {}
RESULT: {}
RESULT: {"script":"<script> [1562 bytes]","args":[{"selector":{"id":"application-managepartners-display-component---NewPartner--partnerDetailsCurrency-arrow"},"wdio_ui5_key":"applicationmanagepartners-display-component---NewPartner--partnerDetailsCurrency-arrow"}]}
RESULT: undefined
COMMAND: POST /session/e57c885b60fd8cf462a4cfca6f098091/element - {"using":"xpath","value":"//*[@id=\"application-managepartners-display-component---NewPartner--partnerDetailsCurrency-arrow\"]"}
RESULT: {"using":"xpath","value":"//*[@id=\"application-managepartners-display-component---NewPartner--partnerDetailsCurrency-arrow\"]"}
COMMAND: POST /session/e57c885b60fd8cf462a4cfca6f098091/element/f.0BB93947CC1450395F5B257EF4D67E46.d.A61A8DA5E280C4721AB0C7A1C78919F9.e.1327/click - {}
RESULT: {}
COMMAND: POST /session/e57c885b60fd8cf462a4cfca6f098091/element - {"using":"xpath","value":"//span[contains(text(), \"Euro\")]"}
COMMAND: GET /session/e57c885b60fd8cf462a4cfca6f098091/screenshot - {}
RESULT: {"using":"xpath","value":"//span[contains(text(), \"Euro\")]"}
COMMAND: POST /session/e57c885b60fd8cf462a4cfca6f098091/element/f.0BB93947CC1450395F5B257EF4D67E46.d.A61A8DA5E280C4721AB0C7A1C78919F9.e.1328/click - {}
RESULT: {}
RESULT: {}
COMMAND: POST /session/e57c885b60fd8cf462a4cfca6f098091/execute/async - {"script":"<script> [1562 bytes]","args":[{"selector":{"id":"application-managepartners-display-component---NewPartner--addressEditDetailsCostObjectCstType-arrow"},"wdio_ui5_key":"applicationmanagepartners-display-component---NewPartner--addressEditDetailsCostObjectCstType-arrow"}]}
COMMAND: GET /session/e57c885b60fd8cf462a4cfca6f098091/screenshot - {}
RESULT: {"script":"<script> [1562 bytes]","args":[{"selector":{"id":"application-managepartners-display-component---NewPartner--addressEditDetailsCostObjectCstType-arrow"},"wdio_ui5_key":"applicationmanagepartners-display-component---NewPartner--addressEditDetailsCostObjectCstType-arrow"}]}
RESULT: undefined
COMMAND: POST /session/e57c885b60fd8cf462a4cfca6f098091/element - {"using":"xpath","value":"//*[@id=\"application-managepartners-display-component---NewPartner--addressEditDetailsCostObjectCstType-arrow\"]"}
RESULT: {}
RESULT: {"using":"xpath","value":"//*[@id=\"application-managepartners-display-component---NewPartner--addressEditDetailsCostObjectCstType-arrow\"]"}
COMMAND: POST /session/e57c885b60fd8cf462a4cfca6f098091/element/f.0BB93947CC1450395F5B257EF4D67E46.d.A61A8DA5E280C4721AB0C7A1C78919F9.e.1329/click - {}
RESULT: {}
COMMAND: POST /session/e57c885b60fd8cf462a4cfca6f098091/element - {"using":"xpath","value":"//span[contains(text(), \"Cost Center\")]"}
COMMAND: GET /session/e57c885b60fd8cf462a4cfca6f098091/screenshot - {}
RESULT: {"using":"xpath","value":"//span[contains(text(), \"Cost Center\")]"}
COMMAND: POST /session/e57c885b60fd8cf462a4cfca6f098091/element/f.0BB93947CC1450395F5B257EF4D67E46.d.A61A8DA5E280C4721AB0C7A1C78919F9.e.1330/click - {}
RESULT: {}
RESULT: {}
COMMAND: GET /session/e57c885b60fd8cf462a4cfca6f098091/screenshot - {}
RESULT: {}
COMMAND: POST /session/e57c885b60fd8cf462a4cfca6f098091/element - {"using":"xpath","value":"//span[@id=\"application-managepartners-display-component---NewPartner--addressNewCostObjectCstID-vhi\"]"}
RESULT: {"using":"xpath","value":"//span[@id=\"application-managepartners-display-component---NewPartner--addressNewCostObjectCstID-vhi\"]"}
COMMAND: POST /session/e57c885b60fd8cf462a4cfca6f098091/execute/sync - {"script":"<script> [8489 bytes]","args":[{"element-6066-11e4-a52e-4f735466cecf":"f.0BB93947CC1450395F5B257EF4D67E46.d.A61A8DA5E280C4721AB0C7A1C78919F9.e.1333","ELEMENT":"f.0BB93947CC1450395F5B257EF4D67E46.d.A61A8DA5E280C4721AB0C7A1C78919F9.e.1333"}]}
RESULT: {"script":"<script> [8489 bytes]","args":[{"element-6066-11e4-a52e-4f735466cecf":"f.0BB93947CC1450395F5B257EF4D67E46.d.A61A8DA5E280C4721AB0C7A1C78919F9.e.1333","ELEMENT":"f.0BB93947CC1450395F5B257EF4D67E46.d.A61A8DA5E280C4721AB0C7A1C78919F9.e.1333"}]}
COMMAND: POST /session/e57c885b60fd8cf462a4cfca6f098091/execute/async - {"script":"<script> [1562 bytes]","args":[{"selector":{"id":"application-managepartners-display-component---NewPartner--addressNewCostObjectCstID-vhi"},"wdio_ui5_key":"applicationmanagepartners-display-component---NewPartner--addressNewCostObjectCstID-vhi"}]}
COMMAND: GET /session/e57c885b60fd8cf462a4cfca6f098091/screenshot - {}
RESULT: {"script":"<script> [1562 bytes]","args":[{"selector":{"id":"application-managepartners-display-component---NewPartner--addressNewCostObjectCstID-vhi"},"wdio_ui5_key":"applicationmanagepartners-display-component---NewPartner--addressNewCostObjectCstID-vhi"}]}
RESULT: undefined
COMMAND: POST /session/e57c885b60fd8cf462a4cfca6f098091/element - {"using":"xpath","value":"//*[@id=\"application-managepartners-display-component---NewPartner--addressNewCostObjectCstID-vhi\"]"}
RESULT: {}
RESULT: {"using":"xpath","value":"//*[@id=\"application-managepartners-display-component---NewPartner--addressNewCostObjectCstID-vhi\"]"}
COMMAND: POST /session/e57c885b60fd8cf462a4cfca6f098091/element/f.0BB93947CC1450395F5B257EF4D67E46.d.A61A8DA5E280C4721AB0C7A1C78919F9.e.1333/click - {}
RESULT: {}
COMMAND: GET /session/e57c885b60fd8cf462a4cfca6f098091/screenshot - {}
RESULT: {}
RESULT: undefined
COMMAND: POST /session/e57c885b60fd8cf462a4cfca6f098091/execute/async - {"script":"<script> [776 bytes]","args":[{"enterText":"10001013","selector":{"controlType":"sap.m.SearchField","properties":{"placeholder":"Search"},"searchOpenDialogs":true,"interaction":{"idSuffix":"I"}},"clearTextFirst":true,"interactionType":"ENTER_TEXT"}]}
RESULT: {"script":"<script> [776 bytes]","args":[{"enterText":"10001013","selector":{"controlType":"sap.m.SearchField","properties":{"placeholder":"Search"},"searchOpenDialogs":true,"interaction":{"idSuffix":"I"}},"clearTextFirst":true,"interactionType":"ENTER_TEXT"}]}
COMMAND: POST /session/e57c885b60fd8cf462a4cfca6f098091/actions - {"actions":[{"id":"action2","type":"key","parameters":{},"actions":[{"type":"keyDown","value":"î€‡"},{"type":"pause","duration":10},{"type":"keyUp","value":"î€‡"}]}]}
RESULT: {"actions":[{"id":"action2","type":"key","parameters":{},"actions":[{"type":"keyDown","value":"î€‡"},{"type":"pause","duration":10},{"type":"keyUp","value":"î€‡"}]}]}
COMMAND: GET /session/e57c885b60fd8cf462a4cfca6f098091/screenshot - {}
RESULT: {}
COMMAND: POST /session/e57c885b60fd8cf462a4cfca6f098091/element - {"using":"xpath","value":"//span[contains(text(), \"General Management\")]"}
RESULT: {"using":"xpath","value":"//span[contains(text(), \"General Management\")]"}
COMMAND: POST /session/e57c885b60fd8cf462a4cfca6f098091/element/f.0BB93947CC1450395F5B257EF4D67E46.d.A61A8DA5E280C4721AB0C7A1C78919F9.e.1372/click - {}
RESULT: {}
COMMAND: GET /session/e57c885b60fd8cf462a4cfca6f098091/screenshot - {}
RESULT: {}
COMMAND: POST /session/e57c885b60fd8cf462a4cfca6f098091/element - {"using":"xpath","value":"//bdi[contains(text(), \"OK\")]"}
RESULT: {"using":"xpath","value":"//bdi[contains(text(), \"OK\")]"}
COMMAND: POST /session/e57c885b60fd8cf462a4cfca6f098091/element/f.0BB93947CC1450395F5B257EF4D67E46.d.A61A8DA5E280C4721AB0C7A1C78919F9.e.1373/click - {}
RESULT: {}
COMMAND: GET /session/e57c885b60fd8cf462a4cfca6f098091/screenshot - {}
RESULT: {}
COMMAND: POST /session/e57c885b60fd8cf462a4cfca6f098091/element - {"using":"xpath","value":"//input[@id=\"application-managepartners-display-component---NewPartner--companyCodeComboBox-inner\"]"}
RESULT: {"using":"xpath","value":"//input[@id=\"application-managepartners-display-component---NewPartner--companyCodeComboBox-inner\"]"}
COMMAND: POST /session/e57c885b60fd8cf462a4cfca6f098091/element/f.0BB93947CC1450395F5B257EF4D67E46.d.A61A8DA5E280C4721AB0C7A1C78919F9.e.1266/clear - {}
RESULT: {}
COMMAND: POST /session/e57c885b60fd8cf462a4cfca6f098091/element/f.0BB93947CC1450395F5B257EF4D67E46.d.A61A8DA5E280C4721AB0C7A1C78919F9.e.1266/value - {"text":"1000"}
COMMAND: GET /session/e57c885b60fd8cf462a4cfca6f098091/screenshot - {}
RESULT: {"text":"1000"}
COMMAND: GET /session/e57c885b60fd8cf462a4cfca6f098091/screenshot - {}
RESULT: {}
RESULT: {}
COMMAND: POST /session/e57c885b60fd8cf462a4cfca6f098091/element - {"using":"xpath","value":"//span[contains(text(), \"1000\")]"}
RESULT: {"using":"xpath","value":"//span[contains(text(), \"1000\")]"}
COMMAND: POST /session/e57c885b60fd8cf462a4cfca6f098091/element/f.0BB93947CC1450395F5B257EF4D67E46.d.A61A8DA5E280C4721AB0C7A1C78919F9.e.1379/click - {}
RESULT: {}
COMMAND: GET /session/e57c885b60fd8cf462a4cfca6f098091/screenshot - {}
RESULT: {}
COMMAND: POST /session/e57c885b60fd8cf462a4cfca6f098091/execute/async - {"script":"<script> [1562 bytes]","args":[{"selector":{"id":"application-managepartners-display-component---NewPartner--btnAddTableRow-img"},"wdio_ui5_key":"applicationmanagepartners-display-component---NewPartner--btnAddTableRow-img"}]}
RESULT: {"script":"<script> [1562 bytes]","args":[{"selector":{"id":"application-managepartners-display-component---NewPartner--btnAddTableRow-img"},"wdio_ui5_key":"applicationmanagepartners-display-component---NewPartner--btnAddTableRow-img"}]}
RESULT: undefined
COMMAND: POST /session/e57c885b60fd8cf462a4cfca6f098091/element - {"using":"xpath","value":"//*[@id=\"application-managepartners-display-component---NewPartner--btnAddTableRow-img\"]"}
RESULT: {"using":"xpath","value":"//*[@id=\"application-managepartners-display-component---NewPartner--btnAddTableRow-img\"]"}
COMMAND: POST /session/e57c885b60fd8cf462a4cfca6f098091/element/f.0BB93947CC1450395F5B257EF4D67E46.d.A61A8DA5E280C4721AB0C7A1C78919F9.e.1380/click - {}
RESULT: {}
COMMAND: GET /session/e57c885b60fd8cf462a4cfca6f098091/screenshot - {}
RESULT: {}
COMMAND: POST /session/e57c885b60fd8cf462a4cfca6f098091/element - {"using":"xpath","value":"//input[@id=\"application-managepartners-display-component---NewPartner--assignmentYard-application-managepartners-display-component---NewPartner--assignmentsTable-0-inner\"]"}
RESULT: {"using":"xpath","value":"//input[@id=\"application-managepartners-display-component---NewPartner--assignmentYard-application-managepartners-display-component---NewPartner--assignmentsTable-0-inner\"]"}
COMMAND: POST /session/e57c885b60fd8cf462a4cfca6f098091/element/f.0BB93947CC1450395F5B257EF4D67E46.d.A61A8DA5E280C4721AB0C7A1C78919F9.e.1383/clear - {}
RESULT: {}
COMMAND: POST /session/e57c885b60fd8cf462a4cfca6f098091/element/f.0BB93947CC1450395F5B257EF4D67E46.d.A61A8DA5E280C4721AB0C7A1C78919F9.e.1383/value - {"text":"799"}
COMMAND: GET /session/e57c885b60fd8cf462a4cfca6f098091/screenshot - {}
RESULT: {"text":"799"}
COMMAND: GET /session/e57c885b60fd8cf462a4cfca6f098091/screenshot - {}
RESULT: {}
RESULT: {}
COMMAND: POST /session/e57c885b60fd8cf462a4cfca6f098091/element - {"using":"xpath","value":"//li[.//span[text()='799']]"}
RESULT: {"using":"xpath","value":"//li[.//span[text()='799']]"}
COMMAND: POST /session/e57c885b60fd8cf462a4cfca6f098091/element/f.0BB93947CC1450395F5B257EF4D67E46.d.A61A8DA5E280C4721AB0C7A1C78919F9.e.1392/click - {}
RESULT: {}
COMMAND: GET /session/e57c885b60fd8cf462a4cfca6f098091/screenshot - {}
RESULT: {}
COMMAND: POST /session/e57c885b60fd8cf462a4cfca6f098091/actions - {"actions":[{"id":"action3","type":"key","parameters":{},"actions":[{"type":"keyDown","value":"î€‡"},{"type":"pause","duration":10},{"type":"keyUp","value":"î€‡"}]}]}
RESULT: {"actions":[{"id":"action3","type":"key","parameters":{},"actions":[{"type":"keyDown","value":"î€‡"},{"type":"pause","duration":10},{"type":"keyUp","value":"î€‡"}]}]}
COMMAND: POST /session/e57c885b60fd8cf462a4cfca6f098091/execute/async - {"script":"<script> [1562 bytes]","args":[{"selector":{"id":"application-managepartners-display-component---NewPartner--externalCustomerComboBox-application-managepartners-display-component---NewPartner--assignmentsTable-0-vhi"},"wdio_ui5_key":"applicationmanagepartners-display-component---NewPartner--externalCustomerComboBox-application-managepartners-display-component---NewPartner--assignmentsTable-0-vhi"}]}
COMMAND: GET /session/e57c885b60fd8cf462a4cfca6f098091/screenshot - {}
RESULT: {"script":"<script> [1562 bytes]","args":[{"selector":{"id":"application-managepartners-display-component---NewPartner--externalCustomerComboBox-application-managepartners-display-component---NewPartner--assignmentsTable-0-vhi"},"wdio_ui5_key":"applicationmanagepartners-display-component---NewPartner--externalCustomerComboBox-application-managepartners-display-component---NewPartner--assignmentsTable-0-vhi"}]}
RESULT: undefined
COMMAND: POST /session/e57c885b60fd8cf462a4cfca6f098091/element - {"using":"xpath","value":"//*[@id=\"application-managepartners-display-component---NewPartner--externalCustomerComboBox-application-managepartners-display-component---NewPartner--assignmentsTable-0-vhi\"]"}
RESULT: {}
RESULT: {"using":"xpath","value":"//*[@id=\"application-managepartners-display-component---NewPartner--externalCustomerComboBox-application-managepartners-display-component---NewPartner--assignmentsTable-0-vhi\"]"}
COMMAND: POST /session/e57c885b60fd8cf462a4cfca6f098091/element/f.0BB93947CC1450395F5B257EF4D67E46.d.A61A8DA5E280C4721AB0C7A1C78919F9.e.1396/click - {}
RESULT: {}
RESULT: undefined
COMMAND: POST /session/e57c885b60fd8cf462a4cfca6f098091/execute/async - {"script":"<script> [776 bytes]","args":[{"enterText":"300003","selector":{"controlType":"sap.m.SearchField","properties":{"placeholder":"Search"},"searchOpenDialogs":true,"interaction":{"idSuffix":"I"}},"clearTextFirst":true,"interactionType":"ENTER_TEXT"}]}
COMMAND: GET /session/e57c885b60fd8cf462a4cfca6f098091/screenshot - {}
RESULT: {"script":"<script> [776 bytes]","args":[{"enterText":"300003","selector":{"controlType":"sap.m.SearchField","properties":{"placeholder":"Search"},"searchOpenDialogs":true,"interaction":{"idSuffix":"I"}},"clearTextFirst":true,"interactionType":"ENTER_TEXT"}]}
COMMAND: POST /session/e57c885b60fd8cf462a4cfca6f098091/actions - {"actions":[{"id":"action4","type":"key","parameters":{},"actions":[{"type":"keyDown","value":"î€‡"},{"type":"pause","duration":10},{"type":"keyUp","value":"î€‡"}]}]}
RESULT: {}
RESULT: {"actions":[{"id":"action4","type":"key","parameters":{},"actions":[{"type":"keyDown","value":"î€‡"},{"type":"pause","duration":10},{"type":"keyUp","value":"î€‡"}]}]}
COMMAND: GET /session/e57c885b60fd8cf462a4cfca6f098091/screenshot - {}
RESULT: {}
COMMAND: POST /session/e57c885b60fd8cf462a4cfca6f098091/element - {"using":"xpath","value":"//span[contains(text(), \"300003\")]"}
RESULT: {"using":"xpath","value":"//span[contains(text(), \"300003\")]"}
COMMAND: POST /session/e57c885b60fd8cf462a4cfca6f098091/element/f.0BB93947CC1450395F5B257EF4D67E46.d.A61A8DA5E280C4721AB0C7A1C78919F9.e.1415/click - {}
RESULT: {}
COMMAND: GET /session/e57c885b60fd8cf462a4cfca6f098091/screenshot - {}
RESULT: {}
COMMAND: POST /session/e57c885b60fd8cf462a4cfca6f098091/element - {"using":"xpath","value":"//bdi[contains(text(), \"OK\")]"}
RESULT: {"using":"xpath","value":"//bdi[contains(text(), \"OK\")]"}
COMMAND: POST /session/e57c885b60fd8cf462a4cfca6f098091/element/f.0BB93947CC1450395F5B257EF4D67E46.d.A61A8DA5E280C4721AB0C7A1C78919F9.e.1417/click - {}
RESULT: {}
COMMAND: GET /session/e57c885b60fd8cf462a4cfca6f098091/screenshot - {}
RESULT: {}
COMMAND: POST /session/e57c885b60fd8cf462a4cfca6f098091/execute/async - {"script":"<script> [1562 bytes]","args":[{"selector":{"id":"application-managepartners-display-component---NewPartner--intercompVendorComboBox-application-managepartners-display-component---NewPartner--assignmentsTable-0-vhi"},"wdio_ui5_key":"applicationmanagepartners-display-component---NewPartner--intercompVendorComboBox-application-managepartners-display-component---NewPartner--assignmentsTable-0-vhi"}]}
RESULT: {"script":"<script> [1562 bytes]","args":[{"selector":{"id":"application-managepartners-display-component---NewPartner--intercompVendorComboBox-application-managepartners-display-component---NewPartner--assignmentsTable-0-vhi"},"wdio_ui5_key":"applicationmanagepartners-display-component---NewPartner--intercompVendorComboBox-application-managepartners-display-component---NewPartner--assignmentsTable-0-vhi"}]}
RESULT: undefined
COMMAND: POST /session/e57c885b60fd8cf462a4cfca6f098091/element - {"using":"xpath","value":"//*[@id=\"application-managepartners-display-component---NewPartner--intercompVendorComboBox-application-managepartners-display-component---NewPartner--assignmentsTable-0-vhi\"]"}
RESULT: {"using":"xpath","value":"//*[@id=\"application-managepartners-display-component---NewPartner--intercompVendorComboBox-application-managepartners-display-component---NewPartner--assignmentsTable-0-vhi\"]"}
COMMAND: POST /session/e57c885b60fd8cf462a4cfca6f098091/element/f.0BB93947CC1450395F5B257EF4D67E46.d.A61A8DA5E280C4721AB0C7A1C78919F9.e.1421/click - {}
RESULT: {}
RESULT: undefined
COMMAND: POST /session/e57c885b60fd8cf462a4cfca6f098091/execute/async - {"script":"<script> [776 bytes]","args":[{"enterText":"100005","selector":{"controlType":"sap.m.SearchField","properties":{"placeholder":"Search"},"searchOpenDialogs":true,"interaction":{"idSuffix":"I"}},"clearTextFirst":true,"interactionType":"ENTER_TEXT"}]}
COMMAND: GET /session/e57c885b60fd8cf462a4cfca6f098091/screenshot - {}
RESULT: {"script":"<script> [776 bytes]","args":[{"enterText":"100005","selector":{"controlType":"sap.m.SearchField","properties":{"placeholder":"Search"},"searchOpenDialogs":true,"interaction":{"idSuffix":"I"}},"clearTextFirst":true,"interactionType":"ENTER_TEXT"}]}
COMMAND: POST /session/e57c885b60fd8cf462a4cfca6f098091/actions - {"actions":[{"id":"action5","type":"key","parameters":{},"actions":[{"type":"keyDown","value":"î€‡"},{"type":"pause","duration":10},{"type":"keyUp","value":"î€‡"}]}]}
RESULT: {}
RESULT: {"actions":[{"id":"action5","type":"key","parameters":{},"actions":[{"type":"keyDown","value":"î€‡"},{"type":"pause","duration":10},{"type":"keyUp","value":"î€‡"}]}]}
COMMAND: GET /session/e57c885b60fd8cf462a4cfca6f098091/screenshot - {}
RESULT: {}
COMMAND: POST /session/e57c885b60fd8cf462a4cfca6f098091/element - {"using":"xpath","value":"//span[contains(text(), \"Penguins - Field/12345 Berlin\")]"}
RESULT: {"using":"xpath","value":"//span[contains(text(), \"Penguins - Field/12345 Berlin\")]"}
COMMAND: POST /session/e57c885b60fd8cf462a4cfca6f098091/element/f.0BB93947CC1450395F5B257EF4D67E46.d.A61A8DA5E280C4721AB0C7A1C78919F9.e.1441/click - {}
RESULT: {}
COMMAND: GET /session/e57c885b60fd8cf462a4cfca6f098091/screenshot - {}
RESULT: {}
COMMAND: POST /session/e57c885b60fd8cf462a4cfca6f098091/element - {"using":"xpath","value":"//bdi[contains(text(), \"OK\")]"}
RESULT: {"using":"xpath","value":"//bdi[contains(text(), \"OK\")]"}
COMMAND: POST /session/e57c885b60fd8cf462a4cfca6f098091/element/f.0BB93947CC1450395F5B257EF4D67E46.d.A61A8DA5E280C4721AB0C7A1C78919F9.e.1442/click - {}
RESULT: {}
COMMAND: GET /session/e57c885b60fd8cf462a4cfca6f098091/screenshot - {}
RESULT: {}
COMMAND: POST /session/e57c885b60fd8cf462a4cfca6f098091/element - {"using":"xpath","value":"//button[@data-kt=\"saveButton\"]"}
RESULT: {"using":"xpath","value":"//button[@data-kt=\"saveButton\"]"}
COMMAND: POST /session/e57c885b60fd8cf462a4cfca6f098091/element/f.0BB93947CC1450395F5B257EF4D67E46.d.A61A8DA5E280C4721AB0C7A1C78919F9.e.1292/click - {}
RESULT: {}
COMMAND: GET /session/e57c885b60fd8cf462a4cfca6f098091/screenshot - {}
RESULT: {}
COMMAND: POST /session/e57c885b60fd8cf462a4cfca6f098091/element - {"using":"xpath","value":"//header[contains(@id, 'ObjectPageLayout-headerTitle')]/div[1]/div[2]/div[2]/span[1]"}
RESULT: {"using":"xpath","value":"//header[contains(@id, 'ObjectPageLayout-headerTitle')]/div[1]/div[2]/div[2]/span[1]"}
COMMAND: POST /session/e57c885b60fd8cf462a4cfca6f098091/elements - {"using":"xpath","value":"//header[contains(@id, 'ObjectPageLayout-headerTitle')]/div[1]/div[2]/div[2]/span[1]"}
RESULT: {"using":"xpath","value":"//header[contains(@id, 'ObjectPageLayout-headerTitle')]/div[1]/div[2]/div[2]/span[1]"}
COMMAND: POST /session/e57c885b60fd8cf462a4cfca6f098091/execute/sync - {"script":"<script> [56 bytes]","args":[{"element-6066-11e4-a52e-4f735466cecf":"f.0BB93947CC1450395F5B257EF4D67E46.d.A61A8DA5E280C4721AB0C7A1C78919F9.e.1606","ELEMENT":"f.0BB93947CC1450395F5B257EF4D67E46.d.A61A8DA5E280C4721AB0C7A1C78919F9.e.1606"}]}
RESULT: {"script":"<script> [56 bytes]","args":[{"element-6066-11e4-a52e-4f735466cecf":"f.0BB93947CC1450395F5B257EF4D67E46.d.A61A8DA5E280C4721AB0C7A1C78919F9.e.1606","ELEMENT":"f.0BB93947CC1450395F5B257EF4D67E46.d.A61A8DA5E280C4721AB0C7A1C78919F9.e.1606"}]}
COMMAND: POST /session/e57c885b60fd8cf462a4cfca6f098091/element - {"using":"css selector","value":"#shell-header-logo"}
COMMAND: GET /session/e57c885b60fd8cf462a4cfca6f098091/screenshot - {}
RESULT: {"using":"css selector","value":"#shell-header-logo"}
COMMAND: POST /session/e57c885b60fd8cf462a4cfca6f098091/element/f.0BB93947CC1450395F5B257EF4D67E46.d.A61A8DA5E280C4721AB0C7A1C78919F9.e.817/click - {}
RESULT: {}
RESULT: {}
COMMAND: GET /session/e57c885b60fd8cf462a4cfca6f098091/screenshot - {}
RESULT: {}
COMMAND: POST /session/e57c885b60fd8cf462a4cfca6f098091/execute/sync - {"script":"<script> [299 bytes]","args":[["getModel","getResource"]]}
RESULT: {"script":"<script> [299 bytes]","args":[["getModel","getResource"]]}
COMMAND: GET /session/e57c885b60fd8cf462a4cfca6f098091/screenshot - {}
]]></system-out>
    </testcase>
    <testcase classname="chrome.135_0_7049_96.windows.Billing_confirm_US117289" name="Should create a new site" time="145.107">
      <system-out><![CDATA[
COMMAND: POST /session/e57c885b60fd8cf462a4cfca6f098091/execute/async - {"script":"<script> [1562 bytes]","args":[{"selector":{"controlType":"sap.m.TileContent","bindingPath":{"path":"","propertyPath":"/properties/info"},"ancestor":{"controlType":"sap.m.GenericTile","properties":{"header":"Manage Sites"}}},"wdio_ui5_key":"sapm.TileContent{\"path\":\"\",\"propertyPath\":\"/properties/info\"}{\"controlType\":\"sap.m.GenericTile\",\"properties\":{\"header\":\"Manage Sites\"}}"}]}
RESULT: {}
RESULT: {"script":"<script> [1562 bytes]","args":[{"selector":{"controlType":"sap.m.TileContent","bindingPath":{"path":"","propertyPath":"/properties/info"},"ancestor":{"controlType":"sap.m.GenericTile","properties":{"header":"Manage Sites"}}},"wdio_ui5_key":"sapm.TileContent{\"path\":\"\",\"propertyPath\":\"/properties/info\"}{\"controlType\":\"sap.m.GenericTile\",\"properties\":{\"header\":\"Manage Sites\"}}"}]}
RESULT: undefined
COMMAND: POST /session/e57c885b60fd8cf462a4cfca6f098091/element - {"using":"xpath","value":"//*[@id=\"__xmlview7--numericTileContent\"]"}
RESULT: {"using":"xpath","value":"//*[@id=\"__xmlview7--numericTileContent\"]"}
COMMAND: POST /session/e57c885b60fd8cf462a4cfca6f098091/element/f.0BB93947CC1450395F5B257EF4D67E46.d.A61A8DA5E280C4721AB0C7A1C78919F9.e.1608/click - {}
RESULT: {}
COMMAND: POST /session/e57c885b60fd8cf462a4cfca6f098091/element - {"using":"xpath","value":"//button[@data-kt=\"addOverflowToolbarButton\"]"}
COMMAND: GET /session/e57c885b60fd8cf462a4cfca6f098091/screenshot - {}
RESULT: {"using":"xpath","value":"//button[@data-kt=\"addOverflowToolbarButton\"]"}
COMMAND: POST /session/e57c885b60fd8cf462a4cfca6f098091/elements - {"using":"xpath","value":"//button[@data-kt=\"addOverflowToolbarButton\"]"}
RESULT: {}
RESULT: {"using":"xpath","value":"//button[@data-kt=\"addOverflowToolbarButton\"]"}
COMMAND: POST /session/e57c885b60fd8cf462a4cfca6f098091/elements - {"using":"xpath","value":"//button[@data-kt=\"addOverflowToolbarButton\"]"}
RESULT: {"using":"xpath","value":"//button[@data-kt=\"addOverflowToolbarButton\"]"}
COMMAND: POST /session/e57c885b60fd8cf462a4cfca6f098091/element - {"using":"xpath","value":"//button[@data-kt=\"addOverflowToolbarButton\"]"}
RESULT: {"using":"xpath","value":"//button[@data-kt=\"addOverflowToolbarButton\"]"}
COMMAND: POST /session/e57c885b60fd8cf462a4cfca6f098091/execute/sync - {"script":"<script> [8489 bytes]","args":[{"element-6066-11e4-a52e-4f735466cecf":"f.0BB93947CC1450395F5B257EF4D67E46.d.A61A8DA5E280C4721AB0C7A1C78919F9.e.1654","ELEMENT":"f.0BB93947CC1450395F5B257EF4D67E46.d.A61A8DA5E280C4721AB0C7A1C78919F9.e.1654"}]}
RESULT: {"script":"<script> [8489 bytes]","args":[{"element-6066-11e4-a52e-4f735466cecf":"f.0BB93947CC1450395F5B257EF4D67E46.d.A61A8DA5E280C4721AB0C7A1C78919F9.e.1654","ELEMENT":"f.0BB93947CC1450395F5B257EF4D67E46.d.A61A8DA5E280C4721AB0C7A1C78919F9.e.1654"}]}
COMMAND: GET /session/e57c885b60fd8cf462a4cfca6f098091/element/f.0BB93947CC1450395F5B257EF4D67E46.d.A61A8DA5E280C4721AB0C7A1C78919F9.e.1654/enabled - {}
COMMAND: GET /session/e57c885b60fd8cf462a4cfca6f098091/screenshot - {}
RESULT: {}
COMMAND: POST /session/e57c885b60fd8cf462a4cfca6f098091/execute/sync - {"script":"<script> [8489 bytes]","args":[{"element-6066-11e4-a52e-4f735466cecf":"f.0BB93947CC1450395F5B257EF4D67E46.d.A61A8DA5E280C4721AB0C7A1C78919F9.e.1654","ELEMENT":"f.0BB93947CC1450395F5B257EF4D67E46.d.A61A8DA5E280C4721AB0C7A1C78919F9.e.1654"}]}
COMMAND: GET /session/e57c885b60fd8cf462a4cfca6f098091/screenshot - {}
RESULT: {}
RESULT: {"script":"<script> [8489 bytes]","args":[{"element-6066-11e4-a52e-4f735466cecf":"f.0BB93947CC1450395F5B257EF4D67E46.d.A61A8DA5E280C4721AB0C7A1C78919F9.e.1654","ELEMENT":"f.0BB93947CC1450395F5B257EF4D67E46.d.A61A8DA5E280C4721AB0C7A1C78919F9.e.1654"}]}
COMMAND: POST /session/e57c885b60fd8cf462a4cfca6f098091/execute/sync - {"script":"<script> [5351 bytes]","args":[{"element-6066-11e4-a52e-4f735466cecf":"f.0BB93947CC1450395F5B257EF4D67E46.d.A61A8DA5E280C4721AB0C7A1C78919F9.e.1654","ELEMENT":"f.0BB93947CC1450395F5B257EF4D67E46.d.A61A8DA5E280C4721AB0C7A1C78919F9.e.1654"}]}
COMMAND: GET /session/e57c885b60fd8cf462a4cfca6f098091/screenshot - {}
RESULT: {}
RESULT: {"script":"<script> [5351 bytes]","args":[{"element-6066-11e4-a52e-4f735466cecf":"f.0BB93947CC1450395F5B257EF4D67E46.d.A61A8DA5E280C4721AB0C7A1C78919F9.e.1654","ELEMENT":"f.0BB93947CC1450395F5B257EF4D67E46.d.A61A8DA5E280C4721AB0C7A1C78919F9.e.1654"}]}
COMMAND: POST /session/e57c885b60fd8cf462a4cfca6f098091/element/f.0BB93947CC1450395F5B257EF4D67E46.d.A61A8DA5E280C4721AB0C7A1C78919F9.e.1654/click - {}
COMMAND: GET /session/e57c885b60fd8cf462a4cfca6f098091/screenshot - {}
RESULT: {}
RESULT: {}
COMMAND: GET /session/e57c885b60fd8cf462a4cfca6f098091/screenshot - {}
COMMAND: POST /session/e57c885b60fd8cf462a4cfca6f098091/execute/async - {"script":"<script> [1562 bytes]","args":[{"selector":{"id":"application-managesites-display-component---NewSite--addressDetailDetailsName1","interaction":{"idSuffix":"inner"}},"wdio_ui5_key":"applicationmanagesites-display-component---NewSite--addressDetailDetailsName1"}]}
RESULT: {}
RESULT: {}
RESULT: {"script":"<script> [1562 bytes]","args":[{"selector":{"id":"application-managesites-display-component---NewSite--addressDetailDetailsName1","interaction":{"idSuffix":"inner"}},"wdio_ui5_key":"applicationmanagesites-display-component---NewSite--addressDetailDetailsName1"}]}
RESULT: undefined
COMMAND: POST /session/e57c885b60fd8cf462a4cfca6f098091/execute/async - {"script":"<script> [776 bytes]","args":[{"enterText":"Intracompany Site wdIO","selector":{"id":"application-managesites-display-component---NewSite--addressDetailDetailsName1","interaction":{"idSuffix":"inner"}},"clearTextFirst":true,"interactionType":"ENTER_TEXT"}]}
RESULT: {"script":"<script> [776 bytes]","args":[{"enterText":"Intracompany Site wdIO","selector":{"id":"application-managesites-display-component---NewSite--addressDetailDetailsName1","interaction":{"idSuffix":"inner"}},"clearTextFirst":true,"interactionType":"ENTER_TEXT"}]}
COMMAND: POST /session/e57c885b60fd8cf462a4cfca6f098091/execute/async - {"script":"<script> [1562 bytes]","args":[{"selector":{"id":"application-managesites-display-component---NewSite--addressDetailDetailsLanguage-arrow"},"wdio_ui5_key":"applicationmanagesites-display-component---NewSite--addressDetailDetailsLanguage-arrow"}]}
RESULT: {"script":"<script> [1562 bytes]","args":[{"selector":{"id":"application-managesites-display-component---NewSite--addressDetailDetailsLanguage-arrow"},"wdio_ui5_key":"applicationmanagesites-display-component---NewSite--addressDetailDetailsLanguage-arrow"}]}
RESULT: undefined
COMMAND: POST /session/e57c885b60fd8cf462a4cfca6f098091/element - {"using":"xpath","value":"//*[@id=\"application-managesites-display-component---NewSite--addressDetailDetailsLanguage-arrow\"]"}
RESULT: {"using":"xpath","value":"//*[@id=\"application-managesites-display-component---NewSite--addressDetailDetailsLanguage-arrow\"]"}
COMMAND: POST /session/e57c885b60fd8cf462a4cfca6f098091/element/f.0BB93947CC1450395F5B257EF4D67E46.d.A61A8DA5E280C4721AB0C7A1C78919F9.e.2055/click - {}
RESULT: {}
COMMAND: POST /session/e57c885b60fd8cf462a4cfca6f098091/element - {"using":"xpath","value":"//span[contains(text(), \"English\")]"}
COMMAND: GET /session/e57c885b60fd8cf462a4cfca6f098091/screenshot - {}
RESULT: {"using":"xpath","value":"//span[contains(text(), \"English\")]"}
COMMAND: POST /session/e57c885b60fd8cf462a4cfca6f098091/element/f.0BB93947CC1450395F5B257EF4D67E46.d.A61A8DA5E280C4721AB0C7A1C78919F9.e.2056/click - {}
RESULT: {}
RESULT: {}
COMMAND: POST /session/e57c885b60fd8cf462a4cfca6f098091/execute/async - {"script":"<script> [1562 bytes]","args":[{"selector":{"id":"application-managesites-display-component---NewSite--addressDetailDetailsCity1","interaction":{"idSuffix":"inner"}},"wdio_ui5_key":"applicationmanagesites-display-component---NewSite--addressDetailDetailsCity1"}]}
COMMAND: GET /session/e57c885b60fd8cf462a4cfca6f098091/screenshot - {}
RESULT: {"script":"<script> [1562 bytes]","args":[{"selector":{"id":"application-managesites-display-component---NewSite--addressDetailDetailsCity1","interaction":{"idSuffix":"inner"}},"wdio_ui5_key":"applicationmanagesites-display-component---NewSite--addressDetailDetailsCity1"}]}
RESULT: undefined
COMMAND: POST /session/e57c885b60fd8cf462a4cfca6f098091/execute/async - {"script":"<script> [776 bytes]","args":[{"enterText":"Rosario","selector":{"id":"application-managesites-display-component---NewSite--addressDetailDetailsCity1","interaction":{"idSuffix":"inner"}},"clearTextFirst":true,"interactionType":"ENTER_TEXT"}]}
RESULT: {}
RESULT: {"script":"<script> [776 bytes]","args":[{"enterText":"Rosario","selector":{"id":"application-managesites-display-component---NewSite--addressDetailDetailsCity1","interaction":{"idSuffix":"inner"}},"clearTextFirst":true,"interactionType":"ENTER_TEXT"}]}
COMMAND: POST /session/e57c885b60fd8cf462a4cfca6f098091/execute/async - {"script":"<script> [1562 bytes]","args":[{"selector":{"id":"application-managesites-display-component---NewSite--addressDetailDetailsCountry-arrow"},"wdio_ui5_key":"applicationmanagesites-display-component---NewSite--addressDetailDetailsCountry-arrow"}]}
RESULT: {"script":"<script> [1562 bytes]","args":[{"selector":{"id":"application-managesites-display-component---NewSite--addressDetailDetailsCountry-arrow"},"wdio_ui5_key":"applicationmanagesites-display-component---NewSite--addressDetailDetailsCountry-arrow"}]}
RESULT: undefined
COMMAND: POST /session/e57c885b60fd8cf462a4cfca6f098091/element - {"using":"xpath","value":"//*[@id=\"application-managesites-display-component---NewSite--addressDetailDetailsCountry-arrow\"]"}
RESULT: {"using":"xpath","value":"//*[@id=\"application-managesites-display-component---NewSite--addressDetailDetailsCountry-arrow\"]"}
COMMAND: POST /session/e57c885b60fd8cf462a4cfca6f098091/element/f.0BB93947CC1450395F5B257EF4D67E46.d.A61A8DA5E280C4721AB0C7A1C78919F9.e.2058/click - {}
RESULT: {}
COMMAND: POST /session/e57c885b60fd8cf462a4cfca6f098091/element - {"using":"xpath","value":"//span[contains(text(), \"Argentina\")]"}
COMMAND: GET /session/e57c885b60fd8cf462a4cfca6f098091/screenshot - {}
RESULT: {"using":"xpath","value":"//span[contains(text(), \"Argentina\")]"}
COMMAND: POST /session/e57c885b60fd8cf462a4cfca6f098091/element/f.0BB93947CC1450395F5B257EF4D67E46.d.A61A8DA5E280C4721AB0C7A1C78919F9.e.2059/click - {}
RESULT: {}
RESULT: {}
COMMAND: GET /session/e57c885b60fd8cf462a4cfca6f098091/screenshot - {}
RESULT: {}
COMMAND: POST /session/e57c885b60fd8cf462a4cfca6f098091/execute/async - {"script":"<script> [1562 bytes]","args":[{"selector":{"id":"application-managesites-display-component---NewSite--addressEditDetailsCostObjectCstType-arrow"},"wdio_ui5_key":"applicationmanagesites-display-component---NewSite--addressEditDetailsCostObjectCstType-arrow"}]}
RESULT: {"script":"<script> [1562 bytes]","args":[{"selector":{"id":"application-managesites-display-component---NewSite--addressEditDetailsCostObjectCstType-arrow"},"wdio_ui5_key":"applicationmanagesites-display-component---NewSite--addressEditDetailsCostObjectCstType-arrow"}]}
RESULT: undefined
COMMAND: POST /session/e57c885b60fd8cf462a4cfca6f098091/element - {"using":"xpath","value":"//*[@id=\"application-managesites-display-component---NewSite--addressEditDetailsCostObjectCstType-arrow\"]"}
RESULT: {"using":"xpath","value":"//*[@id=\"application-managesites-display-component---NewSite--addressEditDetailsCostObjectCstType-arrow\"]"}
COMMAND: POST /session/e57c885b60fd8cf462a4cfca6f098091/element/f.0BB93947CC1450395F5B257EF4D67E46.d.A61A8DA5E280C4721AB0C7A1C78919F9.e.2061/click - {}
RESULT: {}
COMMAND: POST /session/e57c885b60fd8cf462a4cfca6f098091/element - {"using":"xpath","value":"//span[contains(text(), \"Cost Center\")]"}
COMMAND: GET /session/e57c885b60fd8cf462a4cfca6f098091/screenshot - {}
RESULT: {"using":"xpath","value":"//span[contains(text(), \"Cost Center\")]"}
COMMAND: POST /session/e57c885b60fd8cf462a4cfca6f098091/element/f.0BB93947CC1450395F5B257EF4D67E46.d.A61A8DA5E280C4721AB0C7A1C78919F9.e.2063/click - {}
RESULT: {}
RESULT: {}
COMMAND: GET /session/e57c885b60fd8cf462a4cfca6f098091/screenshot - {}
RESULT: {}
COMMAND: POST /session/e57c885b60fd8cf462a4cfca6f098091/element - {"using":"xpath","value":"//span[@id=\"application-managesites-display-component---NewSite--addressNewCostObjectCstID-vhi\"]"}
RESULT: {"using":"xpath","value":"//span[@id=\"application-managesites-display-component---NewSite--addressNewCostObjectCstID-vhi\"]"}
COMMAND: POST /session/e57c885b60fd8cf462a4cfca6f098091/execute/sync - {"script":"<script> [8489 bytes]","args":[{"element-6066-11e4-a52e-4f735466cecf":"f.0BB93947CC1450395F5B257EF4D67E46.d.A61A8DA5E280C4721AB0C7A1C78919F9.e.2066","ELEMENT":"f.0BB93947CC1450395F5B257EF4D67E46.d.A61A8DA5E280C4721AB0C7A1C78919F9.e.2066"}]}
RESULT: {"script":"<script> [8489 bytes]","args":[{"element-6066-11e4-a52e-4f735466cecf":"f.0BB93947CC1450395F5B257EF4D67E46.d.A61A8DA5E280C4721AB0C7A1C78919F9.e.2066","ELEMENT":"f.0BB93947CC1450395F5B257EF4D67E46.d.A61A8DA5E280C4721AB0C7A1C78919F9.e.2066"}]}
COMMAND: POST /session/e57c885b60fd8cf462a4cfca6f098091/execute/async - {"script":"<script> [1562 bytes]","args":[{"selector":{"id":"application-managesites-display-component---NewSite--addressNewCostObjectCstID-vhi"},"wdio_ui5_key":"applicationmanagesites-display-component---NewSite--addressNewCostObjectCstID-vhi"}]}
COMMAND: GET /session/e57c885b60fd8cf462a4cfca6f098091/screenshot - {}
RESULT: {"script":"<script> [1562 bytes]","args":[{"selector":{"id":"application-managesites-display-component---NewSite--addressNewCostObjectCstID-vhi"},"wdio_ui5_key":"applicationmanagesites-display-component---NewSite--addressNewCostObjectCstID-vhi"}]}
RESULT: undefined
COMMAND: POST /session/e57c885b60fd8cf462a4cfca6f098091/element - {"using":"xpath","value":"//*[@id=\"application-managesites-display-component---NewSite--addressNewCostObjectCstID-vhi\"]"}
RESULT: {}
RESULT: {"using":"xpath","value":"//*[@id=\"application-managesites-display-component---NewSite--addressNewCostObjectCstID-vhi\"]"}
COMMAND: POST /session/e57c885b60fd8cf462a4cfca6f098091/element/f.0BB93947CC1450395F5B257EF4D67E46.d.A61A8DA5E280C4721AB0C7A1C78919F9.e.2066/click - {}
RESULT: {}
COMMAND: GET /session/e57c885b60fd8cf462a4cfca6f098091/screenshot - {}
RESULT: {}
RESULT: undefined
COMMAND: POST /session/e57c885b60fd8cf462a4cfca6f098091/execute/async - {"script":"<script> [776 bytes]","args":[{"enterText":"10001013","selector":{"controlType":"sap.m.SearchField","properties":{"placeholder":"Search"},"searchOpenDialogs":true,"interaction":{"idSuffix":"I"}},"clearTextFirst":true,"interactionType":"ENTER_TEXT"}]}
RESULT: {"script":"<script> [776 bytes]","args":[{"enterText":"10001013","selector":{"controlType":"sap.m.SearchField","properties":{"placeholder":"Search"},"searchOpenDialogs":true,"interaction":{"idSuffix":"I"}},"clearTextFirst":true,"interactionType":"ENTER_TEXT"}]}
COMMAND: POST /session/e57c885b60fd8cf462a4cfca6f098091/actions - {"actions":[{"id":"action6","type":"key","parameters":{},"actions":[{"type":"keyDown","value":"î€‡"},{"type":"pause","duration":10},{"type":"keyUp","value":"î€‡"}]}]}
RESULT: {"actions":[{"id":"action6","type":"key","parameters":{},"actions":[{"type":"keyDown","value":"î€‡"},{"type":"pause","duration":10},{"type":"keyUp","value":"î€‡"}]}]}
COMMAND: GET /session/e57c885b60fd8cf462a4cfca6f098091/screenshot - {}
RESULT: {}
COMMAND: POST /session/e57c885b60fd8cf462a4cfca6f098091/element - {"using":"xpath","value":"//span[contains(text(), \"General Management\")]"}
RESULT: {"using":"xpath","value":"//span[contains(text(), \"General Management\")]"}
COMMAND: POST /session/e57c885b60fd8cf462a4cfca6f098091/element/f.0BB93947CC1450395F5B257EF4D67E46.d.A61A8DA5E280C4721AB0C7A1C78919F9.e.2105/click - {}
RESULT: {}
COMMAND: GET /session/e57c885b60fd8cf462a4cfca6f098091/screenshot - {}
RESULT: {}
COMMAND: POST /session/e57c885b60fd8cf462a4cfca6f098091/element - {"using":"xpath","value":"//bdi[contains(text(), \"OK\")]"}
RESULT: {"using":"xpath","value":"//bdi[contains(text(), \"OK\")]"}
COMMAND: POST /session/e57c885b60fd8cf462a4cfca6f098091/element/f.0BB93947CC1450395F5B257EF4D67E46.d.A61A8DA5E280C4721AB0C7A1C78919F9.e.2106/click - {}
RESULT: {}
COMMAND: GET /session/e57c885b60fd8cf462a4cfca6f098091/screenshot - {}
RESULT: {}
COMMAND: POST /session/e57c885b60fd8cf462a4cfca6f098091/element - {"using":"xpath","value":"//input[@id=\"application-managesites-display-component---NewSite--addressDetailDetailsCalendar-inner\"]"}
RESULT: {"using":"xpath","value":"//input[@id=\"application-managesites-display-component---NewSite--addressDetailDetailsCalendar-inner\"]"}
COMMAND: POST /session/e57c885b60fd8cf462a4cfca6f098091/element/f.0BB93947CC1450395F5B257EF4D67E46.d.A61A8DA5E280C4721AB0C7A1C78919F9.e.1853/clear - {}
RESULT: {}
COMMAND: POST /session/e57c885b60fd8cf462a4cfca6f098091/element/f.0BB93947CC1450395F5B257EF4D67E46.d.A61A8DA5E280C4721AB0C7A1C78919F9.e.1853/value - {"text":"Unit"}
COMMAND: GET /session/e57c885b60fd8cf462a4cfca6f098091/screenshot - {}
RESULT: {"text":"Unit"}
COMMAND: GET /session/e57c885b60fd8cf462a4cfca6f098091/screenshot - {}
RESULT: {}
RESULT: {}
COMMAND: POST /session/e57c885b60fd8cf462a4cfca6f098091/actions - {"actions":[{"id":"action7","type":"key","parameters":{},"actions":[{"type":"keyDown","value":"î€‡"},{"type":"pause","duration":10},{"type":"keyUp","value":"î€‡"}]}]}
RESULT: {"actions":[{"id":"action7","type":"key","parameters":{},"actions":[{"type":"keyDown","value":"î€‡"},{"type":"pause","duration":10},{"type":"keyUp","value":"î€‡"}]}]}
COMMAND: POST /session/e57c885b60fd8cf462a4cfca6f098091/element - {"using":"xpath","value":"//input[@id=\"application-managesites-display-component---NewSite--addressDetailDetailsYard-inner\"]"}
COMMAND: GET /session/e57c885b60fd8cf462a4cfca6f098091/screenshot - {}
RESULT: {"using":"xpath","value":"//input[@id=\"application-managesites-display-component---NewSite--addressDetailDetailsYard-inner\"]"}
COMMAND: POST /session/e57c885b60fd8cf462a4cfca6f098091/element/f.0BB93947CC1450395F5B257EF4D67E46.d.A61A8DA5E280C4721AB0C7A1C78919F9.e.1854/clear - {}
RESULT: {}
RESULT: {}
COMMAND: POST /session/e57c885b60fd8cf462a4cfca6f098091/element/f.0BB93947CC1450395F5B257EF4D67E46.d.A61A8DA5E280C4721AB0C7A1C78919F9.e.1854/value - {"text":"799"}
COMMAND: GET /session/e57c885b60fd8cf462a4cfca6f098091/screenshot - {}
RESULT: {"text":"799"}
COMMAND: GET /session/e57c885b60fd8cf462a4cfca6f098091/screenshot - {}
RESULT: {}
RESULT: {}
COMMAND: POST /session/e57c885b60fd8cf462a4cfca6f098091/element - {"using":"xpath","value":"//li[.//span[text()='799']]"}
RESULT: {"using":"xpath","value":"//li[.//span[text()='799']]"}
COMMAND: POST /session/e57c885b60fd8cf462a4cfca6f098091/element/f.0BB93947CC1450395F5B257EF4D67E46.d.A61A8DA5E280C4721AB0C7A1C78919F9.e.2114/click - {}
RESULT: {}
COMMAND: GET /session/e57c885b60fd8cf462a4cfca6f098091/screenshot - {}
RESULT: {}
COMMAND: POST /session/e57c885b60fd8cf462a4cfca6f098091/element - {"using":"xpath","value":"//input[@id=\"application-managesites-display-component---NewSite--addressDetailDetailsPartner-inner\"]"}
RESULT: {"using":"xpath","value":"//input[@id=\"application-managesites-display-component---NewSite--addressDetailDetailsPartner-inner\"]"}
COMMAND: POST /session/e57c885b60fd8cf462a4cfca6f098091/element - {"using":"xpath","value":"//input[@id=\"application-managesites-display-component---NewSite--addressDetailDetailsPartner-inner\"]"}
RESULT: {"using":"xpath","value":"//input[@id=\"application-managesites-display-component---NewSite--addressDetailDetailsPartner-inner\"]"}
COMMAND: POST /session/e57c885b60fd8cf462a4cfca6f098091/element - {"using":"xpath","value":"//button[@data-kt=\"saveButton\"]"}
RESULT: {"using":"xpath","value":"//button[@data-kt=\"saveButton\"]"}
COMMAND: POST /session/e57c885b60fd8cf462a4cfca6f098091/element/f.0BB93947CC1450395F5B257EF4D67E46.d.A61A8DA5E280C4721AB0C7A1C78919F9.e.2048/click - {}
RESULT: {}
COMMAND: GET /session/e57c885b60fd8cf462a4cfca6f098091/screenshot - {}
COMMAND: POST /session/e57c885b60fd8cf462a4cfca6f098091/element - {"using":"xpath","value":"//header[contains(@id, 'ObjectPageLayout-headerTitle')]/div[1]/div[2]/div[2]/span[1]"}
RESULT: {}
RESULT: {"using":"xpath","value":"//header[contains(@id, 'ObjectPageLayout-headerTitle')]/div[1]/div[2]/div[2]/span[1]"}
COMMAND: POST /session/e57c885b60fd8cf462a4cfca6f098091/elements - {"using":"xpath","value":"//header[contains(@id, 'ObjectPageLayout-headerTitle')]/div[1]/div[2]/div[2]/span[1]"}
RESULT: {"using":"xpath","value":"//header[contains(@id, 'ObjectPageLayout-headerTitle')]/div[1]/div[2]/div[2]/span[1]"}
COMMAND: POST /session/e57c885b60fd8cf462a4cfca6f098091/execute/sync - {"script":"<script> [56 bytes]","args":[{"element-6066-11e4-a52e-4f735466cecf":"f.0BB93947CC1450395F5B257EF4D67E46.d.A61A8DA5E280C4721AB0C7A1C78919F9.e.2313","ELEMENT":"f.0BB93947CC1450395F5B257EF4D67E46.d.A61A8DA5E280C4721AB0C7A1C78919F9.e.2313"}]}
RESULT: {"script":"<script> [56 bytes]","args":[{"element-6066-11e4-a52e-4f735466cecf":"f.0BB93947CC1450395F5B257EF4D67E46.d.A61A8DA5E280C4721AB0C7A1C78919F9.e.2313","ELEMENT":"f.0BB93947CC1450395F5B257EF4D67E46.d.A61A8DA5E280C4721AB0C7A1C78919F9.e.2313"}]}
COMMAND: POST /session/e57c885b60fd8cf462a4cfca6f098091/element - {"using":"css selector","value":"#shell-header-logo"}
COMMAND: GET /session/e57c885b60fd8cf462a4cfca6f098091/screenshot - {}
RESULT: {"using":"css selector","value":"#shell-header-logo"}
COMMAND: POST /session/e57c885b60fd8cf462a4cfca6f098091/element/f.0BB93947CC1450395F5B257EF4D67E46.d.A61A8DA5E280C4721AB0C7A1C78919F9.e.1612/click - {}
RESULT: {}
RESULT: {}
COMMAND: GET /session/e57c885b60fd8cf462a4cfca6f098091/screenshot - {}
RESULT: {}
COMMAND: POST /session/e57c885b60fd8cf462a4cfca6f098091/execute/sync - {"script":"<script> [299 bytes]","args":[["getModel","getResource"]]}
RESULT: {"script":"<script> [299 bytes]","args":[["getModel","getResource"]]}
COMMAND: POST /session/e57c885b60fd8cf462a4cfca6f098091/element - {"using":"xpath","value":"//button[.//bdi[contains(text(), \"Close\")]]"}
COMMAND: GET /session/e57c885b60fd8cf462a4cfca6f098091/screenshot - {}
RESULT: {"using":"xpath","value":"//button[.//bdi[contains(text(), \"Close\")]]"}
COMMAND: POST /session/e57c885b60fd8cf462a4cfca6f098091/element/f.0BB93947CC1450395F5B257EF4D67E46.d.A61A8DA5E280C4721AB0C7A1C78919F9.e.2315/click - {}
RESULT: {}
RESULT: {}
COMMAND: GET /session/e57c885b60fd8cf462a4cfca6f098091/screenshot - {}
RESULT: {}
COMMAND: POST /session/e57c885b60fd8cf462a4cfca6f098091/refresh - {}
RESULT: {}
COMMAND: GET /session/e57c885b60fd8cf462a4cfca6f098091/screenshot - {}
RESULT: {}
COMMAND: POST /session/e57c885b60fd8cf462a4cfca6f098091/refresh - {}
RESULT: {}
COMMAND: GET /session/e57c885b60fd8cf462a4cfca6f098091/screenshot - {}
RESULT: {}
COMMAND: POST /session/e57c885b60fd8cf462a4cfca6f098091/window/fullscreen - {}
RESULT: {}
COMMAND: POST /session/e57c885b60fd8cf462a4cfca6f098091/execute/async - {"script":"<script> [189 bytes]","args":[]}
RESULT: {"script":"<script> [189 bytes]","args":[]}
COMMAND: POST /session/e57c885b60fd8cf462a4cfca6f098091/execute/async - {"script":"<script> [123 bytes]","args":[]}
RESULT: {"script":"<script> [123 bytes]","args":[]}
COMMAND: POST /session/e57c885b60fd8cf462a4cfca6f098091/timeouts - {"script":"<number>"}
RESULT: {"script":"<number>"}
COMMAND: GET /session/e57c885b60fd8cf462a4cfca6f098091/timeouts - {}
RESULT: {}
RESULT: undefined
COMMAND: POST /session/e57c885b60fd8cf462a4cfca6f098091/execute/async - {"script":"<script> [2676 bytes]","args":[]}
RESULT: {"script":"<script> [2676 bytes]","args":[]}
COMMAND: POST /session/e57c885b60fd8cf462a4cfca6f098091/execute/async - {"script":"<script> [2342 bytes]","args":[{"protocol":"http","hostname":"0.0.0.0","path":"/","capabilities":{"browserName":"chrome","goog:chromeOptions":{"binary":"C:\\Program Files\\Google\\Chrome\\Application\\chrome.exe","args":["--start-maximized"]}},"logLevel":"warn","connectionRetryTimeout":120000,"connectionRetryCount":3,"logLevels":{},"enableDirectConnect":true,"strictSSL":true,"_":"65 more keys: [\"cacheDir\",\"port\",\"requestedCapabilities\",\"automationProtocol\",\"baseUrl\",\"waitforInterval\",\"waitforTimeout\",\"onReload\",\"beforeCommand\",\"afterCommand\",\"rootDir\",\"specs\",\"suites\",\"exclude\",\"groupLogsByTestSpec\",\"excludeDriverLogs\",\"bail\",\"framework\",\"reporters\",\"services\",\"maxInstances\",\"maxInstancesPerCapability\",\"injectGlobals\",\"filesToWatch\",\"execArgv\",\"runnerEnv\",\"runner\",\"shard\",\"specFileRetries\",\"specFileRetriesDelay\",\"specFileRetriesDeferred\",\"reporterSyncInterval\",\"reporterSyncTimeout\",\"cucumberFeaturesWithLineNumbers\",\"autoCompileOpts\",\"mochaOpts\",\"jasmineOpts\",\"cucumberOpts\",\"onPrepare\",\"onWorkerStart\",\"onWorkerEnd\",\"before\",\"beforeSession\",\"beforeSuite\",\"beforeHook\",\"beforeTest\",\"afterTest\",\"afterHook\",\"afterSuite\",\"afterSession\",\"after\",\"onComplete\",\"beforeAssertion\",\"afterAssertion\",\"beforeFeature\",\"beforeScenario\",\"beforeStep\",\"afterStep\",\"afterScenario\",\"afterFeature\",\"_\",\"suite\",\"$0\",\"ignoredWorkerServices\",\"wdi5\"]"}]}
RESULT: {"script":"<script> [2342 bytes]","args":[{"protocol":"http","hostname":"0.0.0.0","path":"/","capabilities":{"browserName":"chrome","goog:chromeOptions":{"binary":"C:\\Program Files\\Google\\Chrome\\Application\\chrome.exe","args":["--start-maximized"]}},"logLevel":"warn","connectionRetryTimeout":120000,"connectionRetryCount":3,"logLevels":{},"enableDirectConnect":true,"strictSSL":true,"_":"65 more keys: [\"cacheDir\",\"port\",\"requestedCapabilities\",\"automationProtocol\",\"baseUrl\",\"waitforInterval\",\"waitforTimeout\",\"onReload\",\"beforeCommand\",\"afterCommand\",\"rootDir\",\"specs\",\"suites\",\"exclude\",\"groupLogsByTestSpec\",\"excludeDriverLogs\",\"bail\",\"framework\",\"reporters\",\"services\",\"maxInstances\",\"maxInstancesPerCapability\",\"injectGlobals\",\"filesToWatch\",\"execArgv\",\"runnerEnv\",\"runner\",\"shard\",\"specFileRetries\",\"specFileRetriesDelay\",\"specFileRetriesDeferred\",\"reporterSyncInterval\",\"reporterSyncTimeout\",\"cucumberFeaturesWithLineNumbers\",\"autoCompileOpts\",\"mochaOpts\",\"jasmineOpts\",\"cucumberOpts\",\"onPrepare\",\"onWorkerStart\",\"onWorkerEnd\",\"before\",\"beforeSession\",\"beforeSuite\",\"beforeHook\",\"beforeTest\",\"afterTest\",\"afterHook\",\"afterSuite\",\"afterSession\",\"after\",\"onComplete\",\"beforeAssertion\",\"afterAssertion\",\"beforeFeature\",\"beforeScenario\",\"beforeStep\",\"afterStep\",\"afterScenario\",\"afterFeature\",\"_\",\"suite\",\"$0\",\"ignoredWorkerServices\",\"wdi5\"]"}]}
COMMAND: POST /session/e57c885b60fd8cf462a4cfca6f098091/execute/async - {"script":"<script> [21126 bytes]","args":[35000]}
RESULT: {"script":"<script> [21126 bytes]","args":[35000]}
COMMAND: POST /session/e57c885b60fd8cf462a4cfca6f098091/window/fullscreen - {}
RESULT: {}
]]></system-out>
    </testcase>
    <testcase classname="chrome.135_0_7049_96.windows.Billing_confirm_US117289" name="Should create a new equipment" time="133.933">
      <system-out><![CDATA[
COMMAND: POST /session/e57c885b60fd8cf462a4cfca6f098091/execute/async - {"script":"<script> [1562 bytes]","args":[{"selector":{"controlType":"sap.m.GenericTile","properties":{"header":"Manage Resources"}},"wdio_ui5_key":"sapm.GenericTile{\"header\":\"Manage Resources\"}"}]}
RESULT: {"script":"<script> [1562 bytes]","args":[{"selector":{"controlType":"sap.m.GenericTile","properties":{"header":"Manage Resources"}},"wdio_ui5_key":"sapm.GenericTile{\"header\":\"Manage Resources\"}"}]}
RESULT: undefined
COMMAND: POST /session/e57c885b60fd8cf462a4cfca6f098091/element - {"using":"xpath","value":"//*[@id=\"__tile31\"]"}
RESULT: {"using":"xpath","value":"//*[@id=\"__tile31\"]"}
COMMAND: POST /session/e57c885b60fd8cf462a4cfca6f098091/element/f.0BB93947CC1450395F5B257EF4D67E46.d.06C7C9DD67BEF77A908B88A7635B86F2.e.2456/click - {}
RESULT: {}
COMMAND: POST /session/e57c885b60fd8cf462a4cfca6f098091/element - {"using":"xpath","value":"//button[@data-kt=\"addNewRUOverflowToolbarButton\"]"}
COMMAND: GET /session/e57c885b60fd8cf462a4cfca6f098091/screenshot - {}
RESULT: {"using":"xpath","value":"//button[@data-kt=\"addNewRUOverflowToolbarButton\"]"}
COMMAND: POST /session/e57c885b60fd8cf462a4cfca6f098091/elements - {"using":"xpath","value":"//button[@data-kt=\"addNewRUOverflowToolbarButton\"]"}
RESULT: {}
RESULT: {"using":"xpath","value":"//button[@data-kt=\"addNewRUOverflowToolbarButton\"]"}
COMMAND: POST /session/e57c885b60fd8cf462a4cfca6f098091/elements - {"using":"xpath","value":"//button[@data-kt=\"addNewRUOverflowToolbarButton\"]"}
RESULT: {"using":"xpath","value":"//button[@data-kt=\"addNewRUOverflowToolbarButton\"]"}
COMMAND: POST /session/e57c885b60fd8cf462a4cfca6f098091/elements - {"using":"xpath","value":"//button[@data-kt=\"addNewRUOverflowToolbarButton\"]"}
RESULT: {"using":"xpath","value":"//button[@data-kt=\"addNewRUOverflowToolbarButton\"]"}
COMMAND: POST /session/e57c885b60fd8cf462a4cfca6f098091/elements - {"using":"xpath","value":"//button[@data-kt=\"addNewRUOverflowToolbarButton\"]"}
RESULT: {"using":"xpath","value":"//button[@data-kt=\"addNewRUOverflowToolbarButton\"]"}
COMMAND: POST /session/e57c885b60fd8cf462a4cfca6f098091/elements - {"using":"xpath","value":"//button[@data-kt=\"addNewRUOverflowToolbarButton\"]"}
RESULT: {"using":"xpath","value":"//button[@data-kt=\"addNewRUOverflowToolbarButton\"]"}
COMMAND: POST /session/e57c885b60fd8cf462a4cfca6f098091/elements - {"using":"xpath","value":"//button[@data-kt=\"addNewRUOverflowToolbarButton\"]"}
RESULT: {"using":"xpath","value":"//button[@data-kt=\"addNewRUOverflowToolbarButton\"]"}
COMMAND: POST /session/e57c885b60fd8cf462a4cfca6f098091/elements - {"using":"xpath","value":"//button[@data-kt=\"addNewRUOverflowToolbarButton\"]"}
RESULT: {"using":"xpath","value":"//button[@data-kt=\"addNewRUOverflowToolbarButton\"]"}
COMMAND: POST /session/e57c885b60fd8cf462a4cfca6f098091/elements - {"using":"xpath","value":"//button[@data-kt=\"addNewRUOverflowToolbarButton\"]"}
RESULT: {"using":"xpath","value":"//button[@data-kt=\"addNewRUOverflowToolbarButton\"]"}
COMMAND: POST /session/e57c885b60fd8cf462a4cfca6f098091/elements - {"using":"xpath","value":"//button[@data-kt=\"addNewRUOverflowToolbarButton\"]"}
RESULT: {"using":"xpath","value":"//button[@data-kt=\"addNewRUOverflowToolbarButton\"]"}
COMMAND: POST /session/e57c885b60fd8cf462a4cfca6f098091/elements - {"using":"xpath","value":"//button[@data-kt=\"addNewRUOverflowToolbarButton\"]"}
RESULT: {"using":"xpath","value":"//button[@data-kt=\"addNewRUOverflowToolbarButton\"]"}
COMMAND: POST /session/e57c885b60fd8cf462a4cfca6f098091/elements - {"using":"xpath","value":"//button[@data-kt=\"addNewRUOverflowToolbarButton\"]"}
RESULT: {"using":"xpath","value":"//button[@data-kt=\"addNewRUOverflowToolbarButton\"]"}
COMMAND: POST /session/e57c885b60fd8cf462a4cfca6f098091/elements - {"using":"xpath","value":"//button[@data-kt=\"addNewRUOverflowToolbarButton\"]"}
RESULT: {"using":"xpath","value":"//button[@data-kt=\"addNewRUOverflowToolbarButton\"]"}
COMMAND: POST /session/e57c885b60fd8cf462a4cfca6f098091/elements - {"using":"xpath","value":"//button[@data-kt=\"addNewRUOverflowToolbarButton\"]"}
RESULT: undefined
RESULT: undefined
RESULT: {"using":"xpath","value":"//button[@data-kt=\"addNewRUOverflowToolbarButton\"]"}
COMMAND: POST /session/e57c885b60fd8cf462a4cfca6f098091/elements - {"using":"xpath","value":"//button[@data-kt=\"addNewRUOverflowToolbarButton\"]"}
RESULT: {"using":"xpath","value":"//button[@data-kt=\"addNewRUOverflowToolbarButton\"]"}
COMMAND: POST /session/e57c885b60fd8cf462a4cfca6f098091/elements - {"using":"xpath","value":"//button[@data-kt=\"addNewRUOverflowToolbarButton\"]"}
RESULT: {"using":"xpath","value":"//button[@data-kt=\"addNewRUOverflowToolbarButton\"]"}
COMMAND: POST /session/e57c885b60fd8cf462a4cfca6f098091/elements - {"using":"xpath","value":"//button[@data-kt=\"addNewRUOverflowToolbarButton\"]"}
RESULT: {"using":"xpath","value":"//button[@data-kt=\"addNewRUOverflowToolbarButton\"]"}
COMMAND: POST /session/e57c885b60fd8cf462a4cfca6f098091/elements - {"using":"xpath","value":"//button[@data-kt=\"addNewRUOverflowToolbarButton\"]"}
RESULT: {"using":"xpath","value":"//button[@data-kt=\"addNewRUOverflowToolbarButton\"]"}
COMMAND: POST /session/e57c885b60fd8cf462a4cfca6f098091/elements - {"using":"xpath","value":"//button[@data-kt=\"addNewRUOverflowToolbarButton\"]"}
RESULT: {"using":"xpath","value":"//button[@data-kt=\"addNewRUOverflowToolbarButton\"]"}
COMMAND: POST /session/e57c885b60fd8cf462a4cfca6f098091/elements - {"using":"xpath","value":"//button[@data-kt=\"addNewRUOverflowToolbarButton\"]"}
RESULT: {"using":"xpath","value":"//button[@data-kt=\"addNewRUOverflowToolbarButton\"]"}
COMMAND: POST /session/e57c885b60fd8cf462a4cfca6f098091/elements - {"using":"xpath","value":"//button[@data-kt=\"addNewRUOverflowToolbarButton\"]"}
RESULT: {"using":"xpath","value":"//button[@data-kt=\"addNewRUOverflowToolbarButton\"]"}
COMMAND: POST /session/e57c885b60fd8cf462a4cfca6f098091/elements - {"using":"xpath","value":"//button[@data-kt=\"addNewRUOverflowToolbarButton\"]"}
RESULT: {"using":"xpath","value":"//button[@data-kt=\"addNewRUOverflowToolbarButton\"]"}
COMMAND: POST /session/e57c885b60fd8cf462a4cfca6f098091/elements - {"using":"xpath","value":"//button[@data-kt=\"addNewRUOverflowToolbarButton\"]"}
RESULT: {"using":"xpath","value":"//button[@data-kt=\"addNewRUOverflowToolbarButton\"]"}
COMMAND: POST /session/e57c885b60fd8cf462a4cfca6f098091/elements - {"using":"xpath","value":"//button[@data-kt=\"addNewRUOverflowToolbarButton\"]"}
RESULT: {"using":"xpath","value":"//button[@data-kt=\"addNewRUOverflowToolbarButton\"]"}
COMMAND: POST /session/e57c885b60fd8cf462a4cfca6f098091/elements - {"using":"xpath","value":"//button[@data-kt=\"addNewRUOverflowToolbarButton\"]"}
RESULT: {"using":"xpath","value":"//button[@data-kt=\"addNewRUOverflowToolbarButton\"]"}
COMMAND: POST /session/e57c885b60fd8cf462a4cfca6f098091/elements - {"using":"xpath","value":"//button[@data-kt=\"addNewRUOverflowToolbarButton\"]"}
RESULT: {"using":"xpath","value":"//button[@data-kt=\"addNewRUOverflowToolbarButton\"]"}
COMMAND: POST /session/e57c885b60fd8cf462a4cfca6f098091/elements - {"using":"xpath","value":"//button[@data-kt=\"addNewRUOverflowToolbarButton\"]"}
RESULT: {"using":"xpath","value":"//button[@data-kt=\"addNewRUOverflowToolbarButton\"]"}
COMMAND: POST /session/e57c885b60fd8cf462a4cfca6f098091/elements - {"using":"xpath","value":"//button[@data-kt=\"addNewRUOverflowToolbarButton\"]"}
RESULT: {"using":"xpath","value":"//button[@data-kt=\"addNewRUOverflowToolbarButton\"]"}
COMMAND: POST /session/e57c885b60fd8cf462a4cfca6f098091/elements - {"using":"xpath","value":"//button[@data-kt=\"addNewRUOverflowToolbarButton\"]"}
RESULT: {"using":"xpath","value":"//button[@data-kt=\"addNewRUOverflowToolbarButton\"]"}
COMMAND: POST /session/e57c885b60fd8cf462a4cfca6f098091/elements - {"using":"xpath","value":"//button[@data-kt=\"addNewRUOverflowToolbarButton\"]"}
RESULT: {"using":"xpath","value":"//button[@data-kt=\"addNewRUOverflowToolbarButton\"]"}
COMMAND: POST /session/e57c885b60fd8cf462a4cfca6f098091/elements - {"using":"xpath","value":"//button[@data-kt=\"addNewRUOverflowToolbarButton\"]"}
RESULT: {"using":"xpath","value":"//button[@data-kt=\"addNewRUOverflowToolbarButton\"]"}
COMMAND: POST /session/e57c885b60fd8cf462a4cfca6f098091/elements - {"using":"xpath","value":"//button[@data-kt=\"addNewRUOverflowToolbarButton\"]"}
RESULT: {"using":"xpath","value":"//button[@data-kt=\"addNewRUOverflowToolbarButton\"]"}
COMMAND: POST /session/e57c885b60fd8cf462a4cfca6f098091/element - {"using":"xpath","value":"//button[@data-kt=\"addNewRUOverflowToolbarButton\"]"}
RESULT: {"using":"xpath","value":"//button[@data-kt=\"addNewRUOverflowToolbarButton\"]"}
COMMAND: POST /session/e57c885b60fd8cf462a4cfca6f098091/execute/sync - {"script":"<script> [8489 bytes]","args":[{"element-6066-11e4-a52e-4f735466cecf":"f.0BB93947CC1450395F5B257EF4D67E46.d.06C7C9DD67BEF77A908B88A7635B86F2.e.2565","ELEMENT":"f.0BB93947CC1450395F5B257EF4D67E46.d.06C7C9DD67BEF77A908B88A7635B86F2.e.2565"}]}
RESULT: {"script":"<script> [8489 bytes]","args":[{"element-6066-11e4-a52e-4f735466cecf":"f.0BB93947CC1450395F5B257EF4D67E46.d.06C7C9DD67BEF77A908B88A7635B86F2.e.2565","ELEMENT":"f.0BB93947CC1450395F5B257EF4D67E46.d.06C7C9DD67BEF77A908B88A7635B86F2.e.2565"}]}
COMMAND: GET /session/e57c885b60fd8cf462a4cfca6f098091/element/f.0BB93947CC1450395F5B257EF4D67E46.d.06C7C9DD67BEF77A908B88A7635B86F2.e.2565/enabled - {}
COMMAND: GET /session/e57c885b60fd8cf462a4cfca6f098091/screenshot - {}
RESULT: {}
COMMAND: POST /session/e57c885b60fd8cf462a4cfca6f098091/execute/sync - {"script":"<script> [8489 bytes]","args":[{"element-6066-11e4-a52e-4f735466cecf":"f.0BB93947CC1450395F5B257EF4D67E46.d.06C7C9DD67BEF77A908B88A7635B86F2.e.2565","ELEMENT":"f.0BB93947CC1450395F5B257EF4D67E46.d.06C7C9DD67BEF77A908B88A7635B86F2.e.2565"}]}
COMMAND: GET /session/e57c885b60fd8cf462a4cfca6f098091/screenshot - {}
RESULT: {}
RESULT: {"script":"<script> [8489 bytes]","args":[{"element-6066-11e4-a52e-4f735466cecf":"f.0BB93947CC1450395F5B257EF4D67E46.d.06C7C9DD67BEF77A908B88A7635B86F2.e.2565","ELEMENT":"f.0BB93947CC1450395F5B257EF4D67E46.d.06C7C9DD67BEF77A908B88A7635B86F2.e.2565"}]}
COMMAND: POST /session/e57c885b60fd8cf462a4cfca6f098091/execute/sync - {"script":"<script> [5351 bytes]","args":[{"element-6066-11e4-a52e-4f735466cecf":"f.0BB93947CC1450395F5B257EF4D67E46.d.06C7C9DD67BEF77A908B88A7635B86F2.e.2565","ELEMENT":"f.0BB93947CC1450395F5B257EF4D67E46.d.06C7C9DD67BEF77A908B88A7635B86F2.e.2565"}]}
COMMAND: GET /session/e57c885b60fd8cf462a4cfca6f098091/screenshot - {}
RESULT: {}
RESULT: {"script":"<script> [5351 bytes]","args":[{"element-6066-11e4-a52e-4f735466cecf":"f.0BB93947CC1450395F5B257EF4D67E46.d.06C7C9DD67BEF77A908B88A7635B86F2.e.2565","ELEMENT":"f.0BB93947CC1450395F5B257EF4D67E46.d.06C7C9DD67BEF77A908B88A7635B86F2.e.2565"}]}
COMMAND: POST /session/e57c885b60fd8cf462a4cfca6f098091/element/f.0BB93947CC1450395F5B257EF4D67E46.d.06C7C9DD67BEF77A908B88A7635B86F2.e.2565/click - {}
COMMAND: GET /session/e57c885b60fd8cf462a4cfca6f098091/screenshot - {}
RESULT: {}
RESULT: {}
COMMAND: GET /session/e57c885b60fd8cf462a4cfca6f098091/screenshot - {}
COMMAND: POST /session/e57c885b60fd8cf462a4cfca6f098091/execute/async - {"script":"<script> [1562 bytes]","args":[{"selector":{"id":"application-manageresources-display-component---newResourceUnit--TYPE-arrow"},"wdio_ui5_key":"applicationmanageresources-display-component---newResourceUnit--TYPE-arrow"}]}
RESULT: {}
RESULT: {}
RESULT: {"script":"<script> [1562 bytes]","args":[{"selector":{"id":"application-manageresources-display-component---newResourceUnit--TYPE-arrow"},"wdio_ui5_key":"applicationmanageresources-display-component---newResourceUnit--TYPE-arrow"}]}
RESULT: undefined
COMMAND: POST /session/e57c885b60fd8cf462a4cfca6f098091/element - {"using":"xpath","value":"//*[@id=\"application-manageresources-display-component---newResourceUnit--TYPE-arrow\"]"}
RESULT: {"using":"xpath","value":"//*[@id=\"application-manageresources-display-component---newResourceUnit--TYPE-arrow\"]"}
COMMAND: POST /session/e57c885b60fd8cf462a4cfca6f098091/element/f.0BB93947CC1450395F5B257EF4D67E46.d.06C7C9DD67BEF77A908B88A7635B86F2.e.2916/click - {}
RESULT: {}
COMMAND: POST /session/e57c885b60fd8cf462a4cfca6f098091/element - {"using":"xpath","value":"//input[@id=\"application-manageresources-display-component---newResourceUnit--TYPE-inner\"]"}
COMMAND: GET /session/e57c885b60fd8cf462a4cfca6f098091/screenshot - {}
RESULT: {"using":"xpath","value":"//input[@id=\"application-manageresources-display-component---newResourceUnit--TYPE-inner\"]"}
COMMAND: POST /session/e57c885b60fd8cf462a4cfca6f098091/element/f.0BB93947CC1450395F5B257EF4D67E46.d.06C7C9DD67BEF77A908B88A7635B86F2.e.2911/clear - {}
RESULT: {}
RESULT: {}
COMMAND: POST /session/e57c885b60fd8cf462a4cfca6f098091/element/f.0BB93947CC1450395F5B257EF4D67E46.d.06C7C9DD67BEF77A908B88A7635B86F2.e.2911/value - {"text":"Equipment"}
COMMAND: GET /session/e57c885b60fd8cf462a4cfca6f098091/screenshot - {}
RESULT: {"text":"Equipment"}
COMMAND: GET /session/e57c885b60fd8cf462a4cfca6f098091/screenshot - {}
RESULT: {}
RESULT: {}
COMMAND: POST /session/e57c885b60fd8cf462a4cfca6f098091/actions - {"actions":[{"id":"action8","type":"key","parameters":{},"actions":[{"type":"keyDown","value":"î€‡"},{"type":"pause","duration":10},{"type":"keyUp","value":"î€‡"}]}]}
RESULT: {"actions":[{"id":"action8","type":"key","parameters":{},"actions":[{"type":"keyDown","value":"î€‡"},{"type":"pause","duration":10},{"type":"keyUp","value":"î€‡"}]}]}
COMMAND: POST /session/e57c885b60fd8cf462a4cfca6f098091/execute/async - {"script":"<script> [1562 bytes]","args":[{"selector":{"id":"application-manageresources-display-component---newResourceUnit--resourceId","interaction":{"idSuffix":"inner"}},"wdio_ui5_key":"applicationmanageresources-display-component---newResourceUnit--resourceId"}]}
COMMAND: GET /session/e57c885b60fd8cf462a4cfca6f098091/screenshot - {}
RESULT: {"script":"<script> [1562 bytes]","args":[{"selector":{"id":"application-manageresources-display-component---newResourceUnit--resourceId","interaction":{"idSuffix":"inner"}},"wdio_ui5_key":"applicationmanageresources-display-component---newResourceUnit--resourceId"}]}
RESULT: undefined
COMMAND: POST /session/e57c885b60fd8cf462a4cfca6f098091/execute/async - {"script":"<script> [776 bytes]","args":[{"enterText":"oxxz5WbGMB","selector":{"id":"application-manageresources-display-component---newResourceUnit--resourceId","interaction":{"idSuffix":"inner"}},"clearTextFirst":true,"interactionType":"ENTER_TEXT"}]}
RESULT: {}
RESULT: {"script":"<script> [776 bytes]","args":[{"enterText":"oxxz5WbGMB","selector":{"id":"application-manageresources-display-component---newResourceUnit--resourceId","interaction":{"idSuffix":"inner"}},"clearTextFirst":true,"interactionType":"ENTER_TEXT"}]}
COMMAND: POST /session/e57c885b60fd8cf462a4cfca6f098091/execute/async - {"script":"<script> [1562 bytes]","args":[{"selector":{"id":"application-manageresources-display-component---newResourceUnit--SHORT_TEXT","interaction":{"idSuffix":"inner"}},"wdio_ui5_key":"applicationmanageresources-display-component---newResourceUnit--SHORT_TEXT"}]}
RESULT: {"script":"<script> [1562 bytes]","args":[{"selector":{"id":"application-manageresources-display-component---newResourceUnit--SHORT_TEXT","interaction":{"idSuffix":"inner"}},"wdio_ui5_key":"applicationmanageresources-display-component---newResourceUnit--SHORT_TEXT"}]}
RESULT: undefined
COMMAND: POST /session/e57c885b60fd8cf462a4cfca6f098091/execute/async - {"script":"<script> [776 bytes]","args":[{"enterText":"Intercompany Equipment WDIO","selector":{"id":"application-manageresources-display-component---newResourceUnit--SHORT_TEXT","interaction":{"idSuffix":"inner"}},"clearTextFirst":true,"interactionType":"ENTER_TEXT"}]}
RESULT: {"script":"<script> [776 bytes]","args":[{"enterText":"Intercompany Equipment WDIO","selector":{"id":"application-manageresources-display-component---newResourceUnit--SHORT_TEXT","interaction":{"idSuffix":"inner"}},"clearTextFirst":true,"interactionType":"ENTER_TEXT"}]}
COMMAND: POST /session/e57c885b60fd8cf462a4cfca6f098091/execute/async - {"script":"<script> [1562 bytes]","args":[{"selector":{"id":"application-manageresources-display-component---newResourceUnit--BASE_UNIT_OF_MEASURE","interaction":{"idSuffix":"inner"}},"wdio_ui5_key":"applicationmanageresources-display-component---newResourceUnit--BASE_UNIT_OF_MEASURE"}]}
RESULT: {"script":"<script> [1562 bytes]","args":[{"selector":{"id":"application-manageresources-display-component---newResourceUnit--BASE_UNIT_OF_MEASURE","interaction":{"idSuffix":"inner"}},"wdio_ui5_key":"applicationmanageresources-display-component---newResourceUnit--BASE_UNIT_OF_MEASURE"}]}
RESULT: undefined
COMMAND: POST /session/e57c885b60fd8cf462a4cfca6f098091/execute/async - {"script":"<script> [776 bytes]","args":[{"enterText":"Piece","selector":{"id":"application-manageresources-display-component---newResourceUnit--BASE_UNIT_OF_MEASURE","interaction":{"idSuffix":"inner"}},"clearTextFirst":true,"interactionType":"ENTER_TEXT"}]}
RESULT: {"script":"<script> [776 bytes]","args":[{"enterText":"Piece","selector":{"id":"application-manageresources-display-component---newResourceUnit--BASE_UNIT_OF_MEASURE","interaction":{"idSuffix":"inner"}},"clearTextFirst":true,"interactionType":"ENTER_TEXT"}]}
COMMAND: POST /session/e57c885b60fd8cf462a4cfca6f098091/execute/async - {"script":"<script> [1562 bytes]","args":[{"selector":{"id":"application-manageresources-display-component---newResourceUnit--WEIGHT_UNIT","interaction":{"idSuffix":"inner"}},"wdio_ui5_key":"applicationmanageresources-display-component---newResourceUnit--WEIGHT_UNIT"}]}
RESULT: {"script":"<script> [1562 bytes]","args":[{"selector":{"id":"application-manageresources-display-component---newResourceUnit--WEIGHT_UNIT","interaction":{"idSuffix":"inner"}},"wdio_ui5_key":"applicationmanageresources-display-component---newResourceUnit--WEIGHT_UNIT"}]}
RESULT: undefined
COMMAND: POST /session/e57c885b60fd8cf462a4cfca6f098091/execute/async - {"script":"<script> [776 bytes]","args":[{"enterText":"Gram","selector":{"id":"application-manageresources-display-component---newResourceUnit--WEIGHT_UNIT","interaction":{"idSuffix":"inner"}},"clearTextFirst":true,"interactionType":"ENTER_TEXT"}]}
RESULT: {"script":"<script> [776 bytes]","args":[{"enterText":"Gram","selector":{"id":"application-manageresources-display-component---newResourceUnit--WEIGHT_UNIT","interaction":{"idSuffix":"inner"}},"clearTextFirst":true,"interactionType":"ENTER_TEXT"}]}
COMMAND: POST /session/e57c885b60fd8cf462a4cfca6f098091/execute/async - {"script":"<script> [1562 bytes]","args":[{"selector":{"id":"application-manageresources-display-component---newResourceUnit--DIMENSION_UNIT","interaction":{"idSuffix":"inner"}},"wdio_ui5_key":"applicationmanageresources-display-component---newResourceUnit--DIMENSION_UNIT"}]}
RESULT: {"script":"<script> [1562 bytes]","args":[{"selector":{"id":"application-manageresources-display-component---newResourceUnit--DIMENSION_UNIT","interaction":{"idSuffix":"inner"}},"wdio_ui5_key":"applicationmanageresources-display-component---newResourceUnit--DIMENSION_UNIT"}]}
RESULT: undefined
COMMAND: POST /session/e57c885b60fd8cf462a4cfca6f098091/execute/async - {"script":"<script> [776 bytes]","args":[{"enterText":"Meter","selector":{"id":"application-manageresources-display-component---newResourceUnit--DIMENSION_UNIT","interaction":{"idSuffix":"inner"}},"clearTextFirst":true,"interactionType":"ENTER_TEXT"}]}
RESULT: {"script":"<script> [776 bytes]","args":[{"enterText":"Meter","selector":{"id":"application-manageresources-display-component---newResourceUnit--DIMENSION_UNIT","interaction":{"idSuffix":"inner"}},"clearTextFirst":true,"interactionType":"ENTER_TEXT"}]}
COMMAND: POST /session/e57c885b60fd8cf462a4cfca6f098091/execute/async - {"script":"<script> [1562 bytes]","args":[{"selector":{"id":"application-manageresources-display-component---newResourceUnit--newRRUPage-anchBar-application-manageresources-display-component---newResourceUnit--control-anchor","interaction":{"idSuffix":"BDI-content"}},"wdio_ui5_key":"applicationmanageresources-display-component---newResourceUnit--newRRUPage-anchBar-application-manageresources-display-component---newResourceUnit--control-anchor"}]}
RESULT: {"script":"<script> [1562 bytes]","args":[{"selector":{"id":"application-manageresources-display-component---newResourceUnit--newRRUPage-anchBar-application-manageresources-display-component---newResourceUnit--control-anchor","interaction":{"idSuffix":"BDI-content"}},"wdio_ui5_key":"applicationmanageresources-display-component---newResourceUnit--newRRUPage-anchBar-application-manageresources-display-component---newResourceUnit--control-anchor"}]}
RESULT: undefined
COMMAND: POST /session/e57c885b60fd8cf462a4cfca6f098091/element - {"using":"xpath","value":"//*[@id=\"application-manageresources-display-component---newResourceUnit--newRRUPage-anchBar-application-manageresources-display-component---newResourceUnit--control-anchor\"]"}
RESULT: {"using":"xpath","value":"//*[@id=\"application-manageresources-display-component---newResourceUnit--newRRUPage-anchBar-application-manageresources-display-component---newResourceUnit--control-anchor\"]"}
COMMAND: POST /session/e57c885b60fd8cf462a4cfca6f098091/element/f.0BB93947CC1450395F5B257EF4D67E46.d.06C7C9DD67BEF77A908B88A7635B86F2.e.3052/click - {}
RESULT: {}
COMMAND: POST /session/e57c885b60fd8cf462a4cfca6f098091/execute/async - {"script":"<script> [1562 bytes]","args":[{"selector":{"id":"application-manageresources-display-component---newResourceUnit--PLANNING_GROUP","interaction":{"idSuffix":"inner"}},"wdio_ui5_key":"applicationmanageresources-display-component---newResourceUnit--PLANNING_GROUP"}]}
COMMAND: GET /session/e57c885b60fd8cf462a4cfca6f098091/screenshot - {}
RESULT: {"script":"<script> [1562 bytes]","args":[{"selector":{"id":"application-manageresources-display-component---newResourceUnit--PLANNING_GROUP","interaction":{"idSuffix":"inner"}},"wdio_ui5_key":"applicationmanageresources-display-component---newResourceUnit--PLANNING_GROUP"}]}
RESULT: undefined
COMMAND: POST /session/e57c885b60fd8cf462a4cfca6f098091/execute/async - {"script":"<script> [776 bytes]","args":[{"enterText":"Heavy Equi","selector":{"id":"application-manageresources-display-component---newResourceUnit--PLANNING_GROUP","interaction":{"idSuffix":"inner"}},"clearTextFirst":true,"interactionType":"ENTER_TEXT"}]}
RESULT: {}
RESULT: {"script":"<script> [776 bytes]","args":[{"enterText":"Heavy Equi","selector":{"id":"application-manageresources-display-component---newResourceUnit--PLANNING_GROUP","interaction":{"idSuffix":"inner"}},"clearTextFirst":true,"interactionType":"ENTER_TEXT"}]}
COMMAND: POST /session/e57c885b60fd8cf462a4cfca6f098091/execute/async - {"script":"<script> [1562 bytes]","args":[{"selector":{"id":"application-manageresources-display-component---newResourceUnit--ITEM_TYPE-arrow"},"wdio_ui5_key":"applicationmanageresources-display-component---newResourceUnit--ITEM_TYPE-arrow"}]}
RESULT: {"script":"<script> [1562 bytes]","args":[{"selector":{"id":"application-manageresources-display-component---newResourceUnit--ITEM_TYPE-arrow"},"wdio_ui5_key":"applicationmanageresources-display-component---newResourceUnit--ITEM_TYPE-arrow"}]}
RESULT: undefined
COMMAND: POST /session/e57c885b60fd8cf462a4cfca6f098091/element - {"using":"xpath","value":"//*[@id=\"application-manageresources-display-component---newResourceUnit--ITEM_TYPE-arrow\"]"}
RESULT: {"using":"xpath","value":"//*[@id=\"application-manageresources-display-component---newResourceUnit--ITEM_TYPE-arrow\"]"}
COMMAND: POST /session/e57c885b60fd8cf462a4cfca6f098091/element/f.0BB93947CC1450395F5B257EF4D67E46.d.06C7C9DD67BEF77A908B88A7635B86F2.e.3061/click - {}
RESULT: {}
COMMAND: POST /session/e57c885b60fd8cf462a4cfca6f098091/element - {"using":"xpath","value":"(//span[contains(text(), \"Resource Unit\")])[2]"}
COMMAND: GET /session/e57c885b60fd8cf462a4cfca6f098091/screenshot - {}
RESULT: {"using":"xpath","value":"(//span[contains(text(), \"Resource Unit\")])[2]"}
COMMAND: POST /session/e57c885b60fd8cf462a4cfca6f098091/element/f.0BB93947CC1450395F5B257EF4D67E46.d.06C7C9DD67BEF77A908B88A7635B86F2.e.3062/click - {}
RESULT: {}
RESULT: {}
COMMAND: GET /session/e57c885b60fd8cf462a4cfca6f098091/screenshot - {}
RESULT: {}
COMMAND: POST /session/e57c885b60fd8cf462a4cfca6f098091/element - {"using":"css selector","value":"#application-manageresources-display-component---newResourceUnit--btnAddTimeSegment"}
RESULT: {"using":"css selector","value":"#application-manageresources-display-component---newResourceUnit--btnAddTimeSegment"}
COMMAND: GET /session/e57c885b60fd8cf462a4cfca6f098091/element/f.0BB93947CC1450395F5B257EF4D67E46.d.06C7C9DD67BEF77A908B88A7635B86F2.e.3063/rect - {}
RESULT: {}
COMMAND: GET /session/e57c885b60fd8cf462a4cfca6f098091/window/rect - {}
RESULT: {}
COMMAND: POST /session/e57c885b60fd8cf462a4cfca6f098091/execute/sync - {"script":"<script> [92 bytes]","args":[]}
RESULT: {"script":"<script> [92 bytes]","args":[]}
COMMAND: POST /session/e57c885b60fd8cf462a4cfca6f098091/actions - {"actions":[{"id":"action9","type":"wheel","parameters":{},"actions":[{"type":"scroll","x":-1888,"y":-32,"deltaX":0,"deltaY":0,"duration":0,"origin":{"element-6066-11e4-a52e-4f735466cecf":"f.0BB93947CC1450395F5B257EF4D67E46.d.06C7C9DD67BEF77A908B88A7635B86F2.e.3063"}}]}]}
COMMAND: GET /session/e57c885b60fd8cf462a4cfca6f098091/screenshot - {}
RESULT: {}
COMMAND: POST /session/e57c885b60fd8cf462a4cfca6f098091/execute/sync - {"script":"<script> [79 bytes]","args":[{"element-6066-11e4-a52e-4f735466cecf":"f.0BB93947CC1450395F5B257EF4D67E46.d.06C7C9DD67BEF77A908B88A7635B86F2.e.3063","ELEMENT":"f.0BB93947CC1450395F5B257EF4D67E46.d.06C7C9DD67BEF77A908B88A7635B86F2.e.3063"},{"block":"start","inline":"nearest"}]}
RESULT: {"script":"<script> [79 bytes]","args":[{"element-6066-11e4-a52e-4f735466cecf":"f.0BB93947CC1450395F5B257EF4D67E46.d.06C7C9DD67BEF77A908B88A7635B86F2.e.3063","ELEMENT":"f.0BB93947CC1450395F5B257EF4D67E46.d.06C7C9DD67BEF77A908B88A7635B86F2.e.3063"},{"block":"start","inline":"nearest"}]}
COMMAND: POST /session/e57c885b60fd8cf462a4cfca6f098091/execute/async - {"script":"<script> [1562 bytes]","args":[{"selector":{"id":"application-manageresources-display-component---newResourceUnit--btnAddTimeSegment","interaction":{"idSuffix":"inner"}},"wdio_ui5_key":"applicationmanageresources-display-component---newResourceUnit--btnAddTimeSegment"}]}
COMMAND: GET /session/e57c885b60fd8cf462a4cfca6f098091/screenshot - {}
RESULT: {"script":"<script> [1562 bytes]","args":[{"selector":{"id":"application-manageresources-display-component---newResourceUnit--btnAddTimeSegment","interaction":{"idSuffix":"inner"}},"wdio_ui5_key":"applicationmanageresources-display-component---newResourceUnit--btnAddTimeSegment"}]}
RESULT: undefined
COMMAND: POST /session/e57c885b60fd8cf462a4cfca6f098091/element - {"using":"xpath","value":"//*[@id=\"application-manageresources-display-component---newResourceUnit--btnAddTimeSegment\"]"}
RESULT: {}
RESULT: {"using":"xpath","value":"//*[@id=\"application-manageresources-display-component---newResourceUnit--btnAddTimeSegment\"]"}
COMMAND: POST /session/e57c885b60fd8cf462a4cfca6f098091/element/f.0BB93947CC1450395F5B257EF4D67E46.d.06C7C9DD67BEF77A908B88A7635B86F2.e.3063/click - {}
RESULT: {}
COMMAND: GET /session/e57c885b60fd8cf462a4cfca6f098091/screenshot - {}
RESULT: {}
COMMAND: POST /session/e57c885b60fd8cf462a4cfca6f098091/element - {"using":"xpath","value":"//input[@id=\"application-manageresources-display-component---newResourceUnit--idRuTSAdmin-application-manageresources-display-component---newResourceUnit--RUTimeSegment-0-inner\"]"}
RESULT: {"using":"xpath","value":"//input[@id=\"application-manageresources-display-component---newResourceUnit--idRuTSAdmin-application-manageresources-display-component---newResourceUnit--RUTimeSegment-0-inner\"]"}
COMMAND: POST /session/e57c885b60fd8cf462a4cfca6f098091/element/f.0BB93947CC1450395F5B257EF4D67E46.d.06C7C9DD67BEF77A908B88A7635B86F2.e.3069/clear - {}
RESULT: {}
COMMAND: POST /session/e57c885b60fd8cf462a4cfca6f098091/element/f.0BB93947CC1450395F5B257EF4D67E46.d.06C7C9DD67BEF77A908B88A7635B86F2.e.3069/value - {"text":"799"}
COMMAND: GET /session/e57c885b60fd8cf462a4cfca6f098091/screenshot - {}
RESULT: {"text":"799"}
COMMAND: GET /session/e57c885b60fd8cf462a4cfca6f098091/screenshot - {}
RESULT: {}
RESULT: {}
COMMAND: POST /session/e57c885b60fd8cf462a4cfca6f098091/element - {"using":"xpath","value":"//li[.//span[text()='799']]"}
RESULT: {"using":"xpath","value":"//li[.//span[text()='799']]"}
COMMAND: POST /session/e57c885b60fd8cf462a4cfca6f098091/element/f.0BB93947CC1450395F5B257EF4D67E46.d.06C7C9DD67BEF77A908B88A7635B86F2.e.3081/click - {}
RESULT: {}
COMMAND: GET /session/e57c885b60fd8cf462a4cfca6f098091/screenshot - {}
RESULT: {}
COMMAND: POST /session/e57c885b60fd8cf462a4cfca6f098091/element - {"using":"xpath","value":"(//span[contains(@id, \"-application-manageresources-display-component---newResourceUnit--RUTimeSegment-0-arrow\")])[6]"}
RESULT: {"using":"xpath","value":"(//span[contains(@id, \"-application-manageresources-display-component---newResourceUnit--RUTimeSegment-0-arrow\")])[6]"}
COMMAND: POST /session/e57c885b60fd8cf462a4cfca6f098091/element/f.0BB93947CC1450395F5B257EF4D67E46.d.06C7C9DD67BEF77A908B88A7635B86F2.e.3082/click - {}
RESULT: {}
COMMAND: POST /session/e57c885b60fd8cf462a4cfca6f098091/element - {"using":"xpath","value":"//span[contains(text(), \"PM Order\")]"}
COMMAND: GET /session/e57c885b60fd8cf462a4cfca6f098091/screenshot - {}
RESULT: {"using":"xpath","value":"//span[contains(text(), \"PM Order\")]"}
COMMAND: POST /session/e57c885b60fd8cf462a4cfca6f098091/element/f.0BB93947CC1450395F5B257EF4D67E46.d.06C7C9DD67BEF77A908B88A7635B86F2.e.3085/click - {}
RESULT: {}
RESULT: {}
COMMAND: GET /session/e57c885b60fd8cf462a4cfca6f098091/screenshot - {}
RESULT: {}
COMMAND: POST /session/e57c885b60fd8cf462a4cfca6f098091/element - {"using":"xpath","value":"(//span[contains(@id ,\"manageresources-display-component---newResourceUnit--RUTimeSegment-0-vhi\")])[2]"}
RESULT: {"using":"xpath","value":"(//span[contains(@id ,\"manageresources-display-component---newResourceUnit--RUTimeSegment-0-vhi\")])[2]"}
COMMAND: POST /session/e57c885b60fd8cf462a4cfca6f098091/element/f.0BB93947CC1450395F5B257EF4D67E46.d.06C7C9DD67BEF77A908B88A7635B86F2.e.3088/click - {}
RESULT: {}
COMMAND: GET /session/e57c885b60fd8cf462a4cfca6f098091/screenshot - {}
RESULT: {}
COMMAND: POST /session/e57c885b60fd8cf462a4cfca6f098091/execute/async - {"script":"<script> [1562 bytes]","args":[{"selector":{"controlType":"sap.m.SearchField","properties":{"placeholder":"Search"},"searchOpenDialogs":true,"interaction":{"idSuffix":"I"}},"wdio_ui5_key":"sapm.SearchField{\"placeholder\":\"Search\"}"}]}
RESULT: {"script":"<script> [1562 bytes]","args":[{"selector":{"controlType":"sap.m.SearchField","properties":{"placeholder":"Search"},"searchOpenDialogs":true,"interaction":{"idSuffix":"I"}},"wdio_ui5_key":"sapm.SearchField{\"placeholder\":\"Search\"}"}]}
RESULT: undefined
COMMAND: POST /session/e57c885b60fd8cf462a4cfca6f098091/execute/async - {"script":"<script> [776 bytes]","args":[{"enterText":"4000360","selector":{"controlType":"sap.m.SearchField","properties":{"placeholder":"Search"},"searchOpenDialogs":true,"interaction":{"idSuffix":"I"}},"clearTextFirst":true,"interactionType":"ENTER_TEXT"}]}
RESULT: {"script":"<script> [776 bytes]","args":[{"enterText":"4000360","selector":{"controlType":"sap.m.SearchField","properties":{"placeholder":"Search"},"searchOpenDialogs":true,"interaction":{"idSuffix":"I"}},"clearTextFirst":true,"interactionType":"ENTER_TEXT"}]}
COMMAND: POST /session/e57c885b60fd8cf462a4cfca6f098091/actions - {"actions":[{"id":"action10","type":"key","parameters":{},"actions":[{"type":"keyDown","value":"î€‡"},{"type":"pause","duration":10},{"type":"keyUp","value":"î€‡"}]}]}
RESULT: {"actions":[{"id":"action10","type":"key","parameters":{},"actions":[{"type":"keyDown","value":"î€‡"},{"type":"pause","duration":10},{"type":"keyUp","value":"î€‡"}]}]}
COMMAND: GET /session/e57c885b60fd8cf462a4cfca6f098091/screenshot - {}
RESULT: {}
COMMAND: POST /session/e57c885b60fd8cf462a4cfca6f098091/element - {"using":"xpath","value":"//td/div/span[contains(text(), \"BGL Vehicles\")]"}
RESULT: {"using":"xpath","value":"//td/div/span[contains(text(), \"BGL Vehicles\")]"}
COMMAND: POST /session/e57c885b60fd8cf462a4cfca6f098091/element/f.0BB93947CC1450395F5B257EF4D67E46.d.06C7C9DD67BEF77A908B88A7635B86F2.e.3109/click - {}
RESULT: {}
COMMAND: GET /session/e57c885b60fd8cf462a4cfca6f098091/screenshot - {}
RESULT: {}
COMMAND: POST /session/e57c885b60fd8cf462a4cfca6f098091/element - {"using":"xpath","value":"//bdi[contains(text(), \"OK\")]"}
RESULT: {"using":"xpath","value":"//bdi[contains(text(), \"OK\")]"}
COMMAND: POST /session/e57c885b60fd8cf462a4cfca6f098091/element/f.0BB93947CC1450395F5B257EF4D67E46.d.06C7C9DD67BEF77A908B88A7635B86F2.e.3110/click - {}
RESULT: {}
COMMAND: GET /session/e57c885b60fd8cf462a4cfca6f098091/screenshot - {}
RESULT: {}
COMMAND: POST /session/e57c885b60fd8cf462a4cfca6f098091/execute/async - {"script":"<script> [1562 bytes]","args":[{"selector":{"id":"application-manageresources-display-component---newResourceUnit--newRRUPage-anchBar-application-manageresources-display-component---newResourceUnit--resource-anchor","interaction":{"idSuffix":"BDI-content"}},"wdio_ui5_key":"applicationmanageresources-display-component---newResourceUnit--newRRUPage-anchBar-application-manageresources-display-component---newResourceUnit--resource-anchor"}]}
RESULT: {"script":"<script> [1562 bytes]","args":[{"selector":{"id":"application-manageresources-display-component---newResourceUnit--newRRUPage-anchBar-application-manageresources-display-component---newResourceUnit--resource-anchor","interaction":{"idSuffix":"BDI-content"}},"wdio_ui5_key":"applicationmanageresources-display-component---newResourceUnit--newRRUPage-anchBar-application-manageresources-display-component---newResourceUnit--resource-anchor"}]}
RESULT: undefined
COMMAND: POST /session/e57c885b60fd8cf462a4cfca6f098091/element - {"using":"xpath","value":"//*[@id=\"application-manageresources-display-component---newResourceUnit--newRRUPage-anchBar-application-manageresources-display-component---newResourceUnit--resource-anchor\"]"}
RESULT: {"using":"xpath","value":"//*[@id=\"application-manageresources-display-component---newResourceUnit--newRRUPage-anchBar-application-manageresources-display-component---newResourceUnit--resource-anchor\"]"}
COMMAND: POST /session/e57c885b60fd8cf462a4cfca6f098091/element/f.0BB93947CC1450395F5B257EF4D67E46.d.06C7C9DD67BEF77A908B88A7635B86F2.e.3114/click - {}
RESULT: {}
COMMAND: POST /session/e57c885b60fd8cf462a4cfca6f098091/execute/async - {"script":"<script> [1562 bytes]","args":[{"selector":{"id":"application-manageresources-display-component---newResourceUnit--PLANNED_DELIVERY_DATE","interaction":{"idSuffix":"inner"}},"wdio_ui5_key":"applicationmanageresources-display-component---newResourceUnit--PLANNED_DELIVERY_DATE"}]}
COMMAND: GET /session/e57c885b60fd8cf462a4cfca6f098091/screenshot - {}
RESULT: {"script":"<script> [1562 bytes]","args":[{"selector":{"id":"application-manageresources-display-component---newResourceUnit--PLANNED_DELIVERY_DATE","interaction":{"idSuffix":"inner"}},"wdio_ui5_key":"applicationmanageresources-display-component---newResourceUnit--PLANNED_DELIVERY_DATE"}]}
RESULT: undefined
COMMAND: POST /session/e57c885b60fd8cf462a4cfca6f098091/execute/async - {"script":"<script> [6424 bytes]","args":[{"element-6066-11e4-a52e-4f735466cecf":"f.0BB93947CC1450395F5B257EF4D67E46.d.06C7C9DD67BEF77A908B88A7635B86F2.e.2974"},"setValue",["4/24/25"]]}
RESULT: {}
RESULT: {"script":"<script> [6424 bytes]","args":[{"element-6066-11e4-a52e-4f735466cecf":"f.0BB93947CC1450395F5B257EF4D67E46.d.06C7C9DD67BEF77A908B88A7635B86F2.e.2974"},"setValue",["4/24/25"]]}
COMMAND: POST /session/e57c885b60fd8cf462a4cfca6f098091/element - {"using":"xpath","value":"//button[@data-kt=\"resourceUnitSaveButton\"]"}
RESULT: {"using":"xpath","value":"//button[@data-kt=\"resourceUnitSaveButton\"]"}
COMMAND: POST /session/e57c885b60fd8cf462a4cfca6f098091/element/f.0BB93947CC1450395F5B257EF4D67E46.d.06C7C9DD67BEF77A908B88A7635B86F2.e.2934/click - {}
RESULT: {}
COMMAND: GET /session/e57c885b60fd8cf462a4cfca6f098091/screenshot - {}
RESULT: {}
COMMAND: POST /session/e57c885b60fd8cf462a4cfca6f098091/element - {"using":"xpath","value":"//bdi[contains(text(), \"Close\")]"}
RESULT: {"using":"xpath","value":"//bdi[contains(text(), \"Close\")]"}
COMMAND: POST /session/e57c885b60fd8cf462a4cfca6f098091/element/f.0BB93947CC1450395F5B257EF4D67E46.d.06C7C9DD67BEF77A908B88A7635B86F2.e.3123/click - {}
RESULT: {}
COMMAND: GET /session/e57c885b60fd8cf462a4cfca6f098091/screenshot - {}
RESULT: {}
COMMAND: POST /session/e57c885b60fd8cf462a4cfca6f098091/element - {"using":"xpath","value":"(//button[contains(@id ,\"actionsToolbar-overflowButton\")])[1]"}
RESULT: {"using":"xpath","value":"(//button[contains(@id ,\"actionsToolbar-overflowButton\")])[1]"}
COMMAND: POST /session/e57c885b60fd8cf462a4cfca6f098091/element/f.0BB93947CC1450395F5B257EF4D67E46.d.06C7C9DD67BEF77A908B88A7635B86F2.e.3179/click - {}
RESULT: {}
COMMAND: GET /session/e57c885b60fd8cf462a4cfca6f098091/screenshot - {}
RESULT: {}
COMMAND: POST /session/e57c885b60fd8cf462a4cfca6f098091/element - {"using":"xpath","value":"//button[@data-kt=\"priceInfoButton\"]"}
RESULT: {"using":"xpath","value":"//button[@data-kt=\"priceInfoButton\"]"}
COMMAND: POST /session/e57c885b60fd8cf462a4cfca6f098091/element/f.0BB93947CC1450395F5B257EF4D67E46.d.06C7C9DD67BEF77A908B88A7635B86F2.e.3181/click - {}
RESULT: {}
COMMAND: GET /session/e57c885b60fd8cf462a4cfca6f098091/screenshot - {}
RESULT: {}
]]></system-out>
    </testcase>
    <testcase classname="chrome.135_0_7049_96.windows.Billing_confirm_US117289" name="Should create new pricing rule" time="58.077">
      <system-out><![CDATA[
COMMAND: POST /session/e57c885b60fd8cf462a4cfca6f098091/element - {"using":"xpath","value":"//button[@data-kt=\"addButton\"]"}
RESULT: {"using":"xpath","value":"//button[@data-kt=\"addButton\"]"}
COMMAND: POST /session/e57c885b60fd8cf462a4cfca6f098091/elements - {"using":"xpath","value":"//button[@data-kt=\"addButton\"]"}
RESULT: {"using":"xpath","value":"//button[@data-kt=\"addButton\"]"}
COMMAND: POST /session/e57c885b60fd8cf462a4cfca6f098091/elements - {"using":"xpath","value":"//button[@data-kt=\"addButton\"]"}
RESULT: {"using":"xpath","value":"//button[@data-kt=\"addButton\"]"}
COMMAND: POST /session/e57c885b60fd8cf462a4cfca6f098091/element - {"using":"xpath","value":"//button[@data-kt=\"addButton\"]"}
RESULT: {"using":"xpath","value":"//button[@data-kt=\"addButton\"]"}
COMMAND: POST /session/e57c885b60fd8cf462a4cfca6f098091/execute/sync - {"script":"<script> [8489 bytes]","args":[{"element-6066-11e4-a52e-4f735466cecf":"f.0BB93947CC1450395F5B257EF4D67E46.d.06C7C9DD67BEF77A908B88A7635B86F2.e.3217","ELEMENT":"f.0BB93947CC1450395F5B257EF4D67E46.d.06C7C9DD67BEF77A908B88A7635B86F2.e.3217"}]}
RESULT: {"script":"<script> [8489 bytes]","args":[{"element-6066-11e4-a52e-4f735466cecf":"f.0BB93947CC1450395F5B257EF4D67E46.d.06C7C9DD67BEF77A908B88A7635B86F2.e.3217","ELEMENT":"f.0BB93947CC1450395F5B257EF4D67E46.d.06C7C9DD67BEF77A908B88A7635B86F2.e.3217"}]}
COMMAND: GET /session/e57c885b60fd8cf462a4cfca6f098091/element/f.0BB93947CC1450395F5B257EF4D67E46.d.06C7C9DD67BEF77A908B88A7635B86F2.e.3217/enabled - {}
COMMAND: GET /session/e57c885b60fd8cf462a4cfca6f098091/screenshot - {}
RESULT: {}
COMMAND: POST /session/e57c885b60fd8cf462a4cfca6f098091/execute/sync - {"script":"<script> [8489 bytes]","args":[{"element-6066-11e4-a52e-4f735466cecf":"f.0BB93947CC1450395F5B257EF4D67E46.d.06C7C9DD67BEF77A908B88A7635B86F2.e.3217","ELEMENT":"f.0BB93947CC1450395F5B257EF4D67E46.d.06C7C9DD67BEF77A908B88A7635B86F2.e.3217"}]}
COMMAND: GET /session/e57c885b60fd8cf462a4cfca6f098091/screenshot - {}
RESULT: {}
RESULT: {"script":"<script> [8489 bytes]","args":[{"element-6066-11e4-a52e-4f735466cecf":"f.0BB93947CC1450395F5B257EF4D67E46.d.06C7C9DD67BEF77A908B88A7635B86F2.e.3217","ELEMENT":"f.0BB93947CC1450395F5B257EF4D67E46.d.06C7C9DD67BEF77A908B88A7635B86F2.e.3217"}]}
COMMAND: POST /session/e57c885b60fd8cf462a4cfca6f098091/execute/sync - {"script":"<script> [5351 bytes]","args":[{"element-6066-11e4-a52e-4f735466cecf":"f.0BB93947CC1450395F5B257EF4D67E46.d.06C7C9DD67BEF77A908B88A7635B86F2.e.3217","ELEMENT":"f.0BB93947CC1450395F5B257EF4D67E46.d.06C7C9DD67BEF77A908B88A7635B86F2.e.3217"}]}
COMMAND: GET /session/e57c885b60fd8cf462a4cfca6f098091/screenshot - {}
RESULT: {}
RESULT: {"script":"<script> [5351 bytes]","args":[{"element-6066-11e4-a52e-4f735466cecf":"f.0BB93947CC1450395F5B257EF4D67E46.d.06C7C9DD67BEF77A908B88A7635B86F2.e.3217","ELEMENT":"f.0BB93947CC1450395F5B257EF4D67E46.d.06C7C9DD67BEF77A908B88A7635B86F2.e.3217"}]}
COMMAND: POST /session/e57c885b60fd8cf462a4cfca6f098091/element/f.0BB93947CC1450395F5B257EF4D67E46.d.06C7C9DD67BEF77A908B88A7635B86F2.e.3217/click - {}
COMMAND: GET /session/e57c885b60fd8cf462a4cfca6f098091/screenshot - {}
RESULT: {}
RESULT: {}
COMMAND: GET /session/e57c885b60fd8cf462a4cfca6f098091/screenshot - {}
RESULT: {}
RESULT: {}
COMMAND: POST /session/e57c885b60fd8cf462a4cfca6f098091/execute/async - {"script":"<script> [1562 bytes]","args":[{"selector":{"controlType":"sap.m.Title","viewName":"etm.portal.ui.managepricingrules.view.NewItem","viewId":"application-managepricingrules-display-component---newInfoPriceItem","properties":{"text":"New Pricing Rules - Item Level"}},"wdio_ui5_key":"etmportal.ui.managepricingrules.view.NewItemsap.m.Title{\"text\":\"New Pricing Rules - Item Level\"}"}]}
RESULT: {"script":"<script> [1562 bytes]","args":[{"selector":{"controlType":"sap.m.Title","viewName":"etm.portal.ui.managepricingrules.view.NewItem","viewId":"application-managepricingrules-display-component---newInfoPriceItem","properties":{"text":"New Pricing Rules - Item Level"}},"wdio_ui5_key":"etmportal.ui.managepricingrules.view.NewItemsap.m.Title{\"text\":\"New Pricing Rules - Item Level\"}"}]}
RESULT: undefined
COMMAND: POST /session/e57c885b60fd8cf462a4cfca6f098091/execute/async - {"script":"<script> [6424 bytes]","args":[{"element-6066-11e4-a52e-4f735466cecf":"f.0BB93947CC1450395F5B257EF4D67E46.d.06C7C9DD67BEF77A908B88A7635B86F2.e.3377"},"getText",[]]}
RESULT: {"script":"<script> [6424 bytes]","args":[{"element-6066-11e4-a52e-4f735466cecf":"f.0BB93947CC1450395F5B257EF4D67E46.d.06C7C9DD67BEF77A908B88A7635B86F2.e.3377"},"getText",[]]}
COMMAND: POST /session/e57c885b60fd8cf462a4cfca6f098091/execute/async - {"script":"<script> [1562 bytes]","args":[{"selector":{"id":"application-managepricingrules-display-component---newInfoPriceItem--condValidTo","interaction":{"idSuffix":"inner"}},"wdio_ui5_key":"applicationmanagepricingrules-display-component---newInfoPriceItem--condValidTo"}]}
RESULT: {"script":"<script> [1562 bytes]","args":[{"selector":{"id":"application-managepricingrules-display-component---newInfoPriceItem--condValidTo","interaction":{"idSuffix":"inner"}},"wdio_ui5_key":"applicationmanagepricingrules-display-component---newInfoPriceItem--condValidTo"}]}
RESULT: undefined
COMMAND: POST /session/e57c885b60fd8cf462a4cfca6f098091/execute/async - {"script":"<script> [776 bytes]","args":[{"enterText":"12/24/25","selector":{"id":"application-managepricingrules-display-component---newInfoPriceItem--condValidTo","interaction":{"idSuffix":"inner"}},"clearTextFirst":true,"interactionType":"ENTER_TEXT"}]}
RESULT: {"script":"<script> [776 bytes]","args":[{"enterText":"12/24/25","selector":{"id":"application-managepricingrules-display-component---newInfoPriceItem--condValidTo","interaction":{"idSuffix":"inner"}},"clearTextFirst":true,"interactionType":"ENTER_TEXT"}]}
COMMAND: POST /session/e57c885b60fd8cf462a4cfca6f098091/execute/async - {"script":"<script> [1562 bytes]","args":[{"selector":{"id":"application-managepricingrules-display-component---newInfoPriceItem--billType-arrow"},"wdio_ui5_key":"applicationmanagepricingrules-display-component---newInfoPriceItem--billType-arrow"}]}
RESULT: {"script":"<script> [1562 bytes]","args":[{"selector":{"id":"application-managepricingrules-display-component---newInfoPriceItem--billType-arrow"},"wdio_ui5_key":"applicationmanagepricingrules-display-component---newInfoPriceItem--billType-arrow"}]}
RESULT: undefined
COMMAND: POST /session/e57c885b60fd8cf462a4cfca6f098091/element - {"using":"xpath","value":"//*[@id=\"application-managepricingrules-display-component---newInfoPriceItem--billType-arrow\"]"}
RESULT: {"using":"xpath","value":"//*[@id=\"application-managepricingrules-display-component---newInfoPriceItem--billType-arrow\"]"}
COMMAND: POST /session/e57c885b60fd8cf462a4cfca6f098091/element/f.0BB93947CC1450395F5B257EF4D67E46.d.06C7C9DD67BEF77A908B88A7635B86F2.e.3379/click - {}
RESULT: {}
COMMAND: POST /session/e57c885b60fd8cf462a4cfca6f098091/element - {"using":"xpath","value":"//span[contains(text(), \"TB - Time based\")]"}
COMMAND: GET /session/e57c885b60fd8cf462a4cfca6f098091/screenshot - {}
RESULT: {"using":"xpath","value":"//span[contains(text(), \"TB - Time based\")]"}
COMMAND: POST /session/e57c885b60fd8cf462a4cfca6f098091/element/f.0BB93947CC1450395F5B257EF4D67E46.d.06C7C9DD67BEF77A908B88A7635B86F2.e.3380/click - {}
RESULT: {}
RESULT: {}
COMMAND: POST /session/e57c885b60fd8cf462a4cfca6f098091/execute/async - {"script":"<script> [1562 bytes]","args":[{"selector":{"id":"application-managepricingrules-display-component---newInfoPriceItem--priceProc-arrow"},"wdio_ui5_key":"applicationmanagepricingrules-display-component---newInfoPriceItem--priceProc-arrow"}]}
COMMAND: GET /session/e57c885b60fd8cf462a4cfca6f098091/screenshot - {}
RESULT: {"script":"<script> [1562 bytes]","args":[{"selector":{"id":"application-managepricingrules-display-component---newInfoPriceItem--priceProc-arrow"},"wdio_ui5_key":"applicationmanagepricingrules-display-component---newInfoPriceItem--priceProc-arrow"}]}
RESULT: undefined
COMMAND: POST /session/e57c885b60fd8cf462a4cfca6f098091/element - {"using":"xpath","value":"//*[@id=\"application-managepricingrules-display-component---newInfoPriceItem--priceProc-arrow\"]"}
RESULT: {}
RESULT: {"using":"xpath","value":"//*[@id=\"application-managepricingrules-display-component---newInfoPriceItem--priceProc-arrow\"]"}
COMMAND: POST /session/e57c885b60fd8cf462a4cfca6f098091/element/f.0BB93947CC1450395F5B257EF4D67E46.d.06C7C9DD67BEF77A908B88A7635B86F2.e.3343/click - {}
RESULT: {}
COMMAND: POST /session/e57c885b60fd8cf462a4cfca6f098091/element - {"using":"xpath","value":"//span[contains(text(), \"TBS - Time based standard\")]"}
COMMAND: GET /session/e57c885b60fd8cf462a4cfca6f098091/screenshot - {}
RESULT: {"using":"xpath","value":"//span[contains(text(), \"TBS - Time based standard\")]"}
COMMAND: POST /session/e57c885b60fd8cf462a4cfca6f098091/element/f.0BB93947CC1450395F5B257EF4D67E46.d.06C7C9DD67BEF77A908B88A7635B86F2.e.3381/click - {}
RESULT: {}
RESULT: {}
COMMAND: POST /session/e57c885b60fd8cf462a4cfca6f098091/execute/async - {"script":"<script> [1562 bytes]","args":[{"selector":{"id":"application-managepricingrules-display-component---newInfoPriceItem--calcBase-arrow"},"wdio_ui5_key":"applicationmanagepricingrules-display-component---newInfoPriceItem--calcBase-arrow"}]}
COMMAND: GET /session/e57c885b60fd8cf462a4cfca6f098091/screenshot - {}
RESULT: {"script":"<script> [1562 bytes]","args":[{"selector":{"id":"application-managepricingrules-display-component---newInfoPriceItem--calcBase-arrow"},"wdio_ui5_key":"applicationmanagepricingrules-display-component---newInfoPriceItem--calcBase-arrow"}]}
RESULT: undefined
COMMAND: POST /session/e57c885b60fd8cf462a4cfca6f098091/element - {"using":"xpath","value":"//*[@id=\"application-managepricingrules-display-component---newInfoPriceItem--calcBase-arrow\"]"}
RESULT: {}
RESULT: {"using":"xpath","value":"//*[@id=\"application-managepricingrules-display-component---newInfoPriceItem--calcBase-arrow\"]"}
COMMAND: POST /session/e57c885b60fd8cf462a4cfca6f098091/element/f.0BB93947CC1450395F5B257EF4D67E46.d.06C7C9DD67BEF77A908B88A7635B86F2.e.3350/click - {}
RESULT: {}
COMMAND: GET /session/e57c885b60fd8cf462a4cfca6f098091/screenshot - {}
RESULT: {}
COMMAND: POST /session/e57c885b60fd8cf462a4cfca6f098091/element - {"using":"xpath","value":"//span[contains(text(), \"0006 - TB(calendar days)\")]"}
RESULT: {"using":"xpath","value":"//span[contains(text(), \"0006 - TB(calendar days)\")]"}
COMMAND: POST /session/e57c885b60fd8cf462a4cfca6f098091/element/f.0BB93947CC1450395F5B257EF4D67E46.d.06C7C9DD67BEF77A908B88A7635B86F2.e.3382/click - {}
RESULT: {}
COMMAND: GET /session/e57c885b60fd8cf462a4cfca6f098091/screenshot - {}
RESULT: {}
COMMAND: POST /session/e57c885b60fd8cf462a4cfca6f098091/execute/async - {"script":"<script> [1562 bytes]","args":[{"selector":{"id":"application-managepricingrules-display-component---newInfoPriceItem--daysMonth","interaction":{"idSuffix":"inner"}},"wdio_ui5_key":"applicationmanagepricingrules-display-component---newInfoPriceItem--daysMonth"}]}
RESULT: {"script":"<script> [1562 bytes]","args":[{"selector":{"id":"application-managepricingrules-display-component---newInfoPriceItem--daysMonth","interaction":{"idSuffix":"inner"}},"wdio_ui5_key":"applicationmanagepricingrules-display-component---newInfoPriceItem--daysMonth"}]}
RESULT: undefined
COMMAND: POST /session/e57c885b60fd8cf462a4cfca6f098091/execute/async - {"script":"<script> [776 bytes]","args":[{"enterText":"30","selector":{"id":"application-managepricingrules-display-component---newInfoPriceItem--daysMonth","interaction":{"idSuffix":"inner"}},"clearTextFirst":true,"interactionType":"ENTER_TEXT"}]}
RESULT: {"script":"<script> [776 bytes]","args":[{"enterText":"30","selector":{"id":"application-managepricingrules-display-component---newInfoPriceItem--daysMonth","interaction":{"idSuffix":"inner"}},"clearTextFirst":true,"interactionType":"ENTER_TEXT"}]}
COMMAND: POST /session/e57c885b60fd8cf462a4cfca6f098091/element - {"using":"xpath","value":"//button[@data-kt=\"saveNewRuleButton\"]"}
RESULT: {"using":"xpath","value":"//button[@data-kt=\"saveNewRuleButton\"]"}
COMMAND: POST /session/e57c885b60fd8cf462a4cfca6f098091/element/f.0BB93947CC1450395F5B257EF4D67E46.d.06C7C9DD67BEF77A908B88A7635B86F2.e.3367/click - {}
RESULT: {}
COMMAND: GET /session/e57c885b60fd8cf462a4cfca6f098091/screenshot - {}
RESULT: {}
COMMAND: POST /session/e57c885b60fd8cf462a4cfca6f098091/execute/async - {"script":"<script> [1562 bytes]","args":[{"selector":{"id":"application-managepricingrules-display-component---priceInfoItem--smartFilterBar-btnBasicSearch","interaction":{"idSuffix":"I"}},"wdio_ui5_key":"applicationmanagepricingrules-display-component---priceInfoItem--smartFilterBar-btnBasicSearch"}]}
RESULT: {"script":"<script> [1562 bytes]","args":[{"selector":{"id":"application-managepricingrules-display-component---priceInfoItem--smartFilterBar-btnBasicSearch","interaction":{"idSuffix":"I"}},"wdio_ui5_key":"applicationmanagepricingrules-display-component---priceInfoItem--smartFilterBar-btnBasicSearch"}]}
RESULT: undefined
COMMAND: POST /session/e57c885b60fd8cf462a4cfca6f098091/execute/async - {"script":"<script> [776 bytes]","args":[{"enterText":"oxxz5WbGMB","selector":{"id":"application-managepricingrules-display-component---priceInfoItem--smartFilterBar-btnBasicSearch","interaction":{"idSuffix":"I"}},"clearTextFirst":true,"interactionType":"ENTER_TEXT"}]}
RESULT: {"script":"<script> [776 bytes]","args":[{"enterText":"oxxz5WbGMB","selector":{"id":"application-managepricingrules-display-component---priceInfoItem--smartFilterBar-btnBasicSearch","interaction":{"idSuffix":"I"}},"clearTextFirst":true,"interactionType":"ENTER_TEXT"}]}
COMMAND: POST /session/e57c885b60fd8cf462a4cfca6f098091/actions - {"actions":[{"id":"action11","type":"key","parameters":{},"actions":[{"type":"keyDown","value":"î€‡"},{"type":"pause","duration":10},{"type":"keyUp","value":"î€‡"}]}]}
RESULT: {"actions":[{"id":"action11","type":"key","parameters":{},"actions":[{"type":"keyDown","value":"î€‡"},{"type":"pause","duration":10},{"type":"keyUp","value":"î€‡"}]}]}
COMMAND: GET /session/e57c885b60fd8cf462a4cfca6f098091/screenshot - {}
RESULT: {}
COMMAND: POST /session/e57c885b60fd8cf462a4cfca6f098091/element - {"using":"xpath","value":"//span[@id=\"application-managepricingrules-display-component---priceInfoItem--smartTable-header-inner\"]"}
RESULT: {"using":"xpath","value":"//span[@id=\"application-managepricingrules-display-component---priceInfoItem--smartTable-header-inner\"]"}
COMMAND: POST /session/e57c885b60fd8cf462a4cfca6f098091/elements - {"using":"xpath","value":"//span[@id=\"application-managepricingrules-display-component---priceInfoItem--smartTable-header-inner\"]"}
RESULT: {"using":"xpath","value":"//span[@id=\"application-managepricingrules-display-component---priceInfoItem--smartTable-header-inner\"]"}
COMMAND: POST /session/e57c885b60fd8cf462a4cfca6f098091/execute/sync - {"script":"<script> [56 bytes]","args":[{"element-6066-11e4-a52e-4f735466cecf":"f.0BB93947CC1450395F5B257EF4D67E46.d.06C7C9DD67BEF77A908B88A7635B86F2.e.3407","ELEMENT":"f.0BB93947CC1450395F5B257EF4D67E46.d.06C7C9DD67BEF77A908B88A7635B86F2.e.3407"}]}
RESULT: {"script":"<script> [56 bytes]","args":[{"element-6066-11e4-a52e-4f735466cecf":"f.0BB93947CC1450395F5B257EF4D67E46.d.06C7C9DD67BEF77A908B88A7635B86F2.e.3407","ELEMENT":"f.0BB93947CC1450395F5B257EF4D67E46.d.06C7C9DD67BEF77A908B88A7635B86F2.e.3407"}]}
COMMAND: POST /session/e57c885b60fd8cf462a4cfca6f098091/element - {"using":"css selector","value":"#shell-header-logo"}
COMMAND: GET /session/e57c885b60fd8cf462a4cfca6f098091/screenshot - {}
RESULT: {"using":"css selector","value":"#shell-header-logo"}
COMMAND: POST /session/e57c885b60fd8cf462a4cfca6f098091/element/f.0BB93947CC1450395F5B257EF4D67E46.d.06C7C9DD67BEF77A908B88A7635B86F2.e.2534/click - {}
RESULT: {}
RESULT: {}
COMMAND: GET /session/e57c885b60fd8cf462a4cfca6f098091/screenshot - {}
RESULT: {}
]]></system-out>
    </testcase>
    <testcase classname="chrome.135_0_7049_96.windows.Billing_confirm_US117289" name="Should create new condition for equipment" time="72.446">
      <system-out><![CDATA[
COMMAND: POST /session/e57c885b60fd8cf462a4cfca6f098091/execute/async - {"script":"<script> [1562 bytes]","args":[{"selector":{"controlType":"sap.m.Text","properties":{"text":"Manage Conditions & Prices"},"interaction":{"idSuffix":"inner"}},"wdio_ui5_key":"sapm.Text{\"text\":\"Manage Conditions & Prices\"}"}]}
RESULT: {"script":"<script> [1562 bytes]","args":[{"selector":{"controlType":"sap.m.Text","properties":{"text":"Manage Conditions & Prices"},"interaction":{"idSuffix":"inner"}},"wdio_ui5_key":"sapm.Text{\"text\":\"Manage Conditions & Prices\"}"}]}
RESULT: undefined
COMMAND: POST /session/e57c885b60fd8cf462a4cfca6f098091/element - {"using":"xpath","value":"//*[@id=\"__tile93-title\"]"}
RESULT: {"using":"xpath","value":"//*[@id=\"__tile93-title\"]"}
COMMAND: POST /session/e57c885b60fd8cf462a4cfca6f098091/element/f.0BB93947CC1450395F5B257EF4D67E46.d.06C7C9DD67BEF77A908B88A7635B86F2.e.3410/click - {}
RESULT: {}
COMMAND: POST /session/e57c885b60fd8cf462a4cfca6f098091/element - {"using":"xpath","value":"//button[@aria-label=\"Create\"]"}
COMMAND: GET /session/e57c885b60fd8cf462a4cfca6f098091/screenshot - {}
RESULT: {"using":"xpath","value":"//button[@aria-label=\"Create\"]"}
COMMAND: POST /session/e57c885b60fd8cf462a4cfca6f098091/elements - {"using":"xpath","value":"//button[@aria-label=\"Create\"]"}
RESULT: {}
RESULT: {"using":"xpath","value":"//button[@aria-label=\"Create\"]"}
COMMAND: POST /session/e57c885b60fd8cf462a4cfca6f098091/elements - {"using":"xpath","value":"//button[@aria-label=\"Create\"]"}
RESULT: {"using":"xpath","value":"//button[@aria-label=\"Create\"]"}
COMMAND: POST /session/e57c885b60fd8cf462a4cfca6f098091/elements - {"using":"xpath","value":"//button[@aria-label=\"Create\"]"}
RESULT: {"using":"xpath","value":"//button[@aria-label=\"Create\"]"}
COMMAND: POST /session/e57c885b60fd8cf462a4cfca6f098091/elements - {"using":"xpath","value":"//button[@aria-label=\"Create\"]"}
RESULT: {"using":"xpath","value":"//button[@aria-label=\"Create\"]"}
COMMAND: POST /session/e57c885b60fd8cf462a4cfca6f098091/elements - {"using":"xpath","value":"//button[@aria-label=\"Create\"]"}
RESULT: {"using":"xpath","value":"//button[@aria-label=\"Create\"]"}
COMMAND: POST /session/e57c885b60fd8cf462a4cfca6f098091/elements - {"using":"xpath","value":"//button[@aria-label=\"Create\"]"}
RESULT: {"using":"xpath","value":"//button[@aria-label=\"Create\"]"}
COMMAND: POST /session/e57c885b60fd8cf462a4cfca6f098091/elements - {"using":"xpath","value":"//button[@aria-label=\"Create\"]"}
RESULT: {"using":"xpath","value":"//button[@aria-label=\"Create\"]"}
COMMAND: POST /session/e57c885b60fd8cf462a4cfca6f098091/element - {"using":"xpath","value":"//button[@aria-label=\"Create\"]"}
RESULT: {"using":"xpath","value":"//button[@aria-label=\"Create\"]"}
COMMAND: POST /session/e57c885b60fd8cf462a4cfca6f098091/execute/sync - {"script":"<script> [8489 bytes]","args":[{"element-6066-11e4-a52e-4f735466cecf":"f.0BB93947CC1450395F5B257EF4D67E46.d.06C7C9DD67BEF77A908B88A7635B86F2.e.3444","ELEMENT":"f.0BB93947CC1450395F5B257EF4D67E46.d.06C7C9DD67BEF77A908B88A7635B86F2.e.3444"}]}
RESULT: {"script":"<script> [8489 bytes]","args":[{"element-6066-11e4-a52e-4f735466cecf":"f.0BB93947CC1450395F5B257EF4D67E46.d.06C7C9DD67BEF77A908B88A7635B86F2.e.3444","ELEMENT":"f.0BB93947CC1450395F5B257EF4D67E46.d.06C7C9DD67BEF77A908B88A7635B86F2.e.3444"}]}
COMMAND: GET /session/e57c885b60fd8cf462a4cfca6f098091/element/f.0BB93947CC1450395F5B257EF4D67E46.d.06C7C9DD67BEF77A908B88A7635B86F2.e.3444/enabled - {}
COMMAND: GET /session/e57c885b60fd8cf462a4cfca6f098091/screenshot - {}
RESULT: {}
COMMAND: POST /session/e57c885b60fd8cf462a4cfca6f098091/execute/sync - {"script":"<script> [8489 bytes]","args":[{"element-6066-11e4-a52e-4f735466cecf":"f.0BB93947CC1450395F5B257EF4D67E46.d.06C7C9DD67BEF77A908B88A7635B86F2.e.3444","ELEMENT":"f.0BB93947CC1450395F5B257EF4D67E46.d.06C7C9DD67BEF77A908B88A7635B86F2.e.3444"}]}
COMMAND: GET /session/e57c885b60fd8cf462a4cfca6f098091/screenshot - {}
RESULT: {}
RESULT: {"script":"<script> [8489 bytes]","args":[{"element-6066-11e4-a52e-4f735466cecf":"f.0BB93947CC1450395F5B257EF4D67E46.d.06C7C9DD67BEF77A908B88A7635B86F2.e.3444","ELEMENT":"f.0BB93947CC1450395F5B257EF4D67E46.d.06C7C9DD67BEF77A908B88A7635B86F2.e.3444"}]}
COMMAND: POST /session/e57c885b60fd8cf462a4cfca6f098091/execute/sync - {"script":"<script> [5351 bytes]","args":[{"element-6066-11e4-a52e-4f735466cecf":"f.0BB93947CC1450395F5B257EF4D67E46.d.06C7C9DD67BEF77A908B88A7635B86F2.e.3444","ELEMENT":"f.0BB93947CC1450395F5B257EF4D67E46.d.06C7C9DD67BEF77A908B88A7635B86F2.e.3444"}]}
COMMAND: GET /session/e57c885b60fd8cf462a4cfca6f098091/screenshot - {}
RESULT: {}
RESULT: {"script":"<script> [5351 bytes]","args":[{"element-6066-11e4-a52e-4f735466cecf":"f.0BB93947CC1450395F5B257EF4D67E46.d.06C7C9DD67BEF77A908B88A7635B86F2.e.3444","ELEMENT":"f.0BB93947CC1450395F5B257EF4D67E46.d.06C7C9DD67BEF77A908B88A7635B86F2.e.3444"}]}
COMMAND: POST /session/e57c885b60fd8cf462a4cfca6f098091/element/f.0BB93947CC1450395F5B257EF4D67E46.d.06C7C9DD67BEF77A908B88A7635B86F2.e.3444/click - {}
COMMAND: GET /session/e57c885b60fd8cf462a4cfca6f098091/screenshot - {}
RESULT: {}
RESULT: {}
COMMAND: GET /session/e57c885b60fd8cf462a4cfca6f098091/screenshot - {}
RESULT: {}
RESULT: {}
COMMAND: POST /session/e57c885b60fd8cf462a4cfca6f098091/actions - {"actions":[{"id":"action12","type":"key","parameters":{},"actions":[{"type":"keyDown","value":"î€‡"},{"type":"pause","duration":10},{"type":"keyUp","value":"î€‡"}]}]}
RESULT: {"actions":[{"id":"action12","type":"key","parameters":{},"actions":[{"type":"keyDown","value":"î€‡"},{"type":"pause","duration":10},{"type":"keyUp","value":"î€‡"}]}]}
COMMAND: GET /session/e57c885b60fd8cf462a4cfca6f098091/screenshot - {}
RESULT: {}
COMMAND: POST /session/e57c885b60fd8cf462a4cfca6f098091/execute/async - {"script":"<script> [1562 bytes]","args":[{"selector":{"id":"application-manageconditionprice-display-component---newCondition--condBillCond-arrow"},"wdio_ui5_key":"applicationmanageconditionprice-display-component---newCondition--condBillCond-arrow"}]}
RESULT: {"script":"<script> [1562 bytes]","args":[{"selector":{"id":"application-manageconditionprice-display-component---newCondition--condBillCond-arrow"},"wdio_ui5_key":"applicationmanageconditionprice-display-component---newCondition--condBillCond-arrow"}]}
RESULT: undefined
COMMAND: POST /session/e57c885b60fd8cf462a4cfca6f098091/element - {"using":"xpath","value":"//*[@id=\"application-manageconditionprice-display-component---newCondition--condBillCond-arrow\"]"}
RESULT: {"using":"xpath","value":"//*[@id=\"application-manageconditionprice-display-component---newCondition--condBillCond-arrow\"]"}
COMMAND: POST /session/e57c885b60fd8cf462a4cfca6f098091/element/f.0BB93947CC1450395F5B257EF4D67E46.d.06C7C9DD67BEF77A908B88A7635B86F2.e.3622/click - {}
RESULT: {}
COMMAND: GET /session/e57c885b60fd8cf462a4cfca6f098091/screenshot - {}
RESULT: {}
COMMAND: POST /session/e57c885b60fd8cf462a4cfca6f098091/element - {"using":"xpath","value":"//li[.//span[contains(text(), \"DISP - D&I special price\")]]"}
RESULT: {"using":"xpath","value":"//li[.//span[contains(text(), \"DISP - D&I special price\")]]"}
COMMAND: POST /session/e57c885b60fd8cf462a4cfca6f098091/element/f.0BB93947CC1450395F5B257EF4D67E46.d.06C7C9DD67BEF77A908B88A7635B86F2.e.3625/click - {}
RESULT: {}
COMMAND: GET /session/e57c885b60fd8cf462a4cfca6f098091/screenshot - {}
RESULT: {}
COMMAND: POST /session/e57c885b60fd8cf462a4cfca6f098091/execute/async - {"script":"<script> [1562 bytes]","args":[{"selector":{"id":"application-manageconditionprice-display-component---newCondition--condValidTo","interaction":{"idSuffix":"inner"}},"wdio_ui5_key":"applicationmanageconditionprice-display-component---newCondition--condValidTo"}]}
RESULT: {"script":"<script> [1562 bytes]","args":[{"selector":{"id":"application-manageconditionprice-display-component---newCondition--condValidTo","interaction":{"idSuffix":"inner"}},"wdio_ui5_key":"applicationmanageconditionprice-display-component---newCondition--condValidTo"}]}
RESULT: undefined
COMMAND: POST /session/e57c885b60fd8cf462a4cfca6f098091/execute/async - {"script":"<script> [776 bytes]","args":[{"enterText":"12/24/25","selector":{"id":"application-manageconditionprice-display-component---newCondition--condValidTo","interaction":{"idSuffix":"inner"}},"clearTextFirst":true,"interactionType":"ENTER_TEXT"}]}
RESULT: {"script":"<script> [776 bytes]","args":[{"enterText":"12/24/25","selector":{"id":"application-manageconditionprice-display-component---newCondition--condValidTo","interaction":{"idSuffix":"inner"}},"clearTextFirst":true,"interactionType":"ENTER_TEXT"}]}
COMMAND: POST /session/e57c885b60fd8cf462a4cfca6f098091/element - {"using":"xpath","value":"//input[@id=\"application-manageconditionprice-display-component---newCondition--condRU-inner\"]"}
RESULT: {"using":"xpath","value":"//input[@id=\"application-manageconditionprice-display-component---newCondition--condRU-inner\"]"}
COMMAND: POST /session/e57c885b60fd8cf462a4cfca6f098091/element/f.0BB93947CC1450395F5B257EF4D67E46.d.06C7C9DD67BEF77A908B88A7635B86F2.e.3487/clear - {}
RESULT: {}
COMMAND: POST /session/e57c885b60fd8cf462a4cfca6f098091/element/f.0BB93947CC1450395F5B257EF4D67E46.d.06C7C9DD67BEF77A908B88A7635B86F2.e.3487/value - {"text":"oxxz5WbGMB"}
COMMAND: GET /session/e57c885b60fd8cf462a4cfca6f098091/screenshot - {}
RESULT: {"text":"oxxz5WbGMB"}
COMMAND: GET /session/e57c885b60fd8cf462a4cfca6f098091/screenshot - {}
RESULT: {}
RESULT: {}
COMMAND: POST /session/e57c885b60fd8cf462a4cfca6f098091/actions - {"actions":[{"id":"action13","type":"key","parameters":{},"actions":[{"type":"keyDown","value":"î€‡"},{"type":"pause","duration":10},{"type":"keyUp","value":"î€‡"}]}]}
RESULT: {"actions":[{"id":"action13","type":"key","parameters":{},"actions":[{"type":"keyDown","value":"î€‡"},{"type":"pause","duration":10},{"type":"keyUp","value":"î€‡"}]}]}
COMMAND: POST /session/e57c885b60fd8cf462a4cfca6f098091/execute/async - {"script":"<script> [1562 bytes]","args":[{"selector":{"id":"application-manageconditionprice-display-component---newCondition--condBaseQty","interaction":{"idSuffix":"inner"}},"wdio_ui5_key":"applicationmanageconditionprice-display-component---newCondition--condBaseQty"}]}
COMMAND: GET /session/e57c885b60fd8cf462a4cfca6f098091/screenshot - {}
RESULT: {"script":"<script> [1562 bytes]","args":[{"selector":{"id":"application-manageconditionprice-display-component---newCondition--condBaseQty","interaction":{"idSuffix":"inner"}},"wdio_ui5_key":"applicationmanageconditionprice-display-component---newCondition--condBaseQty"}]}
RESULT: undefined
COMMAND: POST /session/e57c885b60fd8cf462a4cfca6f098091/execute/async - {"script":"<script> [776 bytes]","args":[{"enterText":"1","selector":{"id":"application-manageconditionprice-display-component---newCondition--condBaseQty","interaction":{"idSuffix":"inner"}},"clearTextFirst":true,"interactionType":"ENTER_TEXT"}]}
RESULT: {}
RESULT: {"script":"<script> [776 bytes]","args":[{"enterText":"1","selector":{"id":"application-manageconditionprice-display-component---newCondition--condBaseQty","interaction":{"idSuffix":"inner"}},"clearTextFirst":true,"interactionType":"ENTER_TEXT"}]}
COMMAND: POST /session/e57c885b60fd8cf462a4cfca6f098091/execute/async - {"script":"<script> [1562 bytes]","args":[{"selector":{"id":"application-manageconditionprice-display-component---newCondition--condValue","interaction":{"idSuffix":"inner"}},"wdio_ui5_key":"applicationmanageconditionprice-display-component---newCondition--condValue"}]}
RESULT: {"script":"<script> [1562 bytes]","args":[{"selector":{"id":"application-manageconditionprice-display-component---newCondition--condValue","interaction":{"idSuffix":"inner"}},"wdio_ui5_key":"applicationmanageconditionprice-display-component---newCondition--condValue"}]}
RESULT: undefined
COMMAND: POST /session/e57c885b60fd8cf462a4cfca6f098091/execute/async - {"script":"<script> [776 bytes]","args":[{"enterText":"100","selector":{"id":"application-manageconditionprice-display-component---newCondition--condValue","interaction":{"idSuffix":"inner"}},"clearTextFirst":true,"interactionType":"ENTER_TEXT"}]}
RESULT: {"script":"<script> [776 bytes]","args":[{"enterText":"100","selector":{"id":"application-manageconditionprice-display-component---newCondition--condValue","interaction":{"idSuffix":"inner"}},"clearTextFirst":true,"interactionType":"ENTER_TEXT"}]}
COMMAND: POST /session/e57c885b60fd8cf462a4cfca6f098091/execute/async - {"script":"<script> [1562 bytes]","args":[{"selector":{"id":"application-manageconditionprice-display-component---newCondition--condCurr-arrow"},"wdio_ui5_key":"applicationmanageconditionprice-display-component---newCondition--condCurr-arrow"}]}
RESULT: {"script":"<script> [1562 bytes]","args":[{"selector":{"id":"application-manageconditionprice-display-component---newCondition--condCurr-arrow"},"wdio_ui5_key":"applicationmanageconditionprice-display-component---newCondition--condCurr-arrow"}]}
RESULT: undefined
COMMAND: POST /session/e57c885b60fd8cf462a4cfca6f098091/element - {"using":"xpath","value":"//*[@id=\"application-manageconditionprice-display-component---newCondition--condCurr-arrow\"]"}
RESULT: {"using":"xpath","value":"//*[@id=\"application-manageconditionprice-display-component---newCondition--condCurr-arrow\"]"}
COMMAND: POST /session/e57c885b60fd8cf462a4cfca6f098091/element/f.0BB93947CC1450395F5B257EF4D67E46.d.06C7C9DD67BEF77A908B88A7635B86F2.e.3603/click - {}
RESULT: {}
COMMAND: POST /session/e57c885b60fd8cf462a4cfca6f098091/element - {"using":"xpath","value":"//span[contains(text(), \"Euro\")]"}
COMMAND: GET /session/e57c885b60fd8cf462a4cfca6f098091/screenshot - {}
RESULT: {"using":"xpath","value":"//span[contains(text(), \"Euro\")]"}
COMMAND: POST /session/e57c885b60fd8cf462a4cfca6f098091/element/f.0BB93947CC1450395F5B257EF4D67E46.d.06C7C9DD67BEF77A908B88A7635B86F2.e.3662/click - {}
RESULT: {}
RESULT: {}
COMMAND: POST /session/e57c885b60fd8cf462a4cfca6f098091/element - {"using":"xpath","value":"//button[@data-kt=\"saveButton\"]"}
COMMAND: GET /session/e57c885b60fd8cf462a4cfca6f098091/screenshot - {}
RESULT: {"using":"xpath","value":"//button[@data-kt=\"saveButton\"]"}
COMMAND: POST /session/e57c885b60fd8cf462a4cfca6f098091/element/f.0BB93947CC1450395F5B257EF4D67E46.d.06C7C9DD67BEF77A908B88A7635B86F2.e.3604/click - {}
RESULT: {}
RESULT: {}
COMMAND: GET /session/e57c885b60fd8cf462a4cfca6f098091/screenshot - {}
RESULT: {}
COMMAND: POST /session/e57c885b60fd8cf462a4cfca6f098091/execute/async - {"script":"<script> [1562 bytes]","args":[{"selector":{"id":"application-manageconditionprice-display-component---conditions--smartFilterBar-btnBasicSearch","interaction":{"idSuffix":"I"}},"wdio_ui5_key":"applicationmanageconditionprice-display-component---conditions--smartFilterBar-btnBasicSearch"}]}
RESULT: {"script":"<script> [1562 bytes]","args":[{"selector":{"id":"application-manageconditionprice-display-component---conditions--smartFilterBar-btnBasicSearch","interaction":{"idSuffix":"I"}},"wdio_ui5_key":"applicationmanageconditionprice-display-component---conditions--smartFilterBar-btnBasicSearch"}]}
RESULT: undefined
COMMAND: POST /session/e57c885b60fd8cf462a4cfca6f098091/execute/async - {"script":"<script> [776 bytes]","args":[{"enterText":"oxxz5WbGMB","selector":{"id":"application-manageconditionprice-display-component---conditions--smartFilterBar-btnBasicSearch","interaction":{"idSuffix":"I"}},"clearTextFirst":true,"interactionType":"ENTER_TEXT"}]}
RESULT: {"script":"<script> [776 bytes]","args":[{"enterText":"oxxz5WbGMB","selector":{"id":"application-manageconditionprice-display-component---conditions--smartFilterBar-btnBasicSearch","interaction":{"idSuffix":"I"}},"clearTextFirst":true,"interactionType":"ENTER_TEXT"}]}
COMMAND: POST /session/e57c885b60fd8cf462a4cfca6f098091/actions - {"actions":[{"id":"action14","type":"key","parameters":{},"actions":[{"type":"keyDown","value":"î€‡"},{"type":"pause","duration":10},{"type":"keyUp","value":"î€‡"}]}]}
RESULT: {"actions":[{"id":"action14","type":"key","parameters":{},"actions":[{"type":"keyDown","value":"î€‡"},{"type":"pause","duration":10},{"type":"keyUp","value":"î€‡"}]}]}
COMMAND: GET /session/e57c885b60fd8cf462a4cfca6f098091/screenshot - {}
RESULT: {}
COMMAND: POST /session/e57c885b60fd8cf462a4cfca6f098091/execute/async - {"script":"<script> [1562 bytes]","args":[{"selector":{"id":"application-manageconditionprice-display-component---conditions--smartFilterBar-filterItemControl_BASIC-BILL_TYPES-vhi"},"wdio_ui5_key":"applicationmanageconditionprice-display-component---conditions--smartFilterBar-filterItemControl_BASIC-BILL_TYPES-vhi"}]}
RESULT: {"script":"<script> [1562 bytes]","args":[{"selector":{"id":"application-manageconditionprice-display-component---conditions--smartFilterBar-filterItemControl_BASIC-BILL_TYPES-vhi"},"wdio_ui5_key":"applicationmanageconditionprice-display-component---conditions--smartFilterBar-filterItemControl_BASIC-BILL_TYPES-vhi"}]}
RESULT: undefined
COMMAND: POST /session/e57c885b60fd8cf462a4cfca6f098091/element - {"using":"xpath","value":"//*[@id=\"application-manageconditionprice-display-component---conditions--smartFilterBar-filterItemControl_BASIC-BILL_TYPES-vhi\"]"}
RESULT: {"using":"xpath","value":"//*[@id=\"application-manageconditionprice-display-component---conditions--smartFilterBar-filterItemControl_BASIC-BILL_TYPES-vhi\"]"}
COMMAND: POST /session/e57c885b60fd8cf462a4cfca6f098091/element/f.0BB93947CC1450395F5B257EF4D67E46.d.06C7C9DD67BEF77A908B88A7635B86F2.e.3768/click - {}
RESULT: {}
COMMAND: POST /session/e57c885b60fd8cf462a4cfca6f098091/execute/async - {"script":"<script> [1562 bytes]","args":[{"selector":{"id":"application-manageconditionprice-display-component---conditions--smartFilterBar-filterItemControl_BASIC-BILL_TYPES-valueHelpDialog-smartFilterBar-btnBasicSearch","searchOpenDialogs":true,"interaction":{"idSuffix":"I"}},"wdio_ui5_key":"applicationmanageconditionprice-display-component---conditions--smartFilterBar-filterItemControl_BASIC-BILL_TYPES-valueHelpDialog-smartFilterBar-btnBasicSearch"}]}
COMMAND: GET /session/e57c885b60fd8cf462a4cfca6f098091/screenshot - {}
RESULT: {"script":"<script> [1562 bytes]","args":[{"selector":{"id":"application-manageconditionprice-display-component---conditions--smartFilterBar-filterItemControl_BASIC-BILL_TYPES-valueHelpDialog-smartFilterBar-btnBasicSearch","searchOpenDialogs":true,"interaction":{"idSuffix":"I"}},"wdio_ui5_key":"applicationmanageconditionprice-display-component---conditions--smartFilterBar-filterItemControl_BASIC-BILL_TYPES-valueHelpDialog-smartFilterBar-btnBasicSearch"}]}
RESULT: undefined
COMMAND: POST /session/e57c885b60fd8cf462a4cfca6f098091/execute/async - {"script":"<script> [776 bytes]","args":[{"enterText":"TB","selector":{"id":"application-manageconditionprice-display-component---conditions--smartFilterBar-filterItemControl_BASIC-BILL_TYPES-valueHelpDialog-smartFilterBar-btnBasicSearch","searchOpenDialogs":true,"interaction":{"idSuffix":"I"}},"clearTextFirst":true,"interactionType":"ENTER_TEXT"}]}
RESULT: {}
RESULT: {"script":"<script> [776 bytes]","args":[{"enterText":"TB","selector":{"id":"application-manageconditionprice-display-component---conditions--smartFilterBar-filterItemControl_BASIC-BILL_TYPES-valueHelpDialog-smartFilterBar-btnBasicSearch","searchOpenDialogs":true,"interaction":{"idSuffix":"I"}},"clearTextFirst":true,"interactionType":"ENTER_TEXT"}]}
COMMAND: POST /session/e57c885b60fd8cf462a4cfca6f098091/actions - {"actions":[{"id":"action15","type":"key","parameters":{},"actions":[{"type":"keyDown","value":"î€‡"},{"type":"pause","duration":10},{"type":"keyUp","value":"î€‡"}]}]}
RESULT: {"actions":[{"id":"action15","type":"key","parameters":{},"actions":[{"type":"keyDown","value":"î€‡"},{"type":"pause","duration":10},{"type":"keyUp","value":"î€‡"}]}]}
COMMAND: GET /session/e57c885b60fd8cf462a4cfca6f098091/screenshot - {}
RESULT: {}
COMMAND: POST /session/e57c885b60fd8cf462a4cfca6f098091/element - {"using":"xpath","value":"//div[contains(@id, 'application-manageconditionprice-display-component---conditions--smartFilterBar-filterItemControl_BASIC-BILL_TYPES-valueHelpDialog-table-rowsel0')]"}
RESULT: {"using":"xpath","value":"//div[contains(@id, 'application-manageconditionprice-display-component---conditions--smartFilterBar-filterItemControl_BASIC-BILL_TYPES-valueHelpDialog-table-rowsel0')]"}
COMMAND: POST /session/e57c885b60fd8cf462a4cfca6f098091/element/f.0BB93947CC1450395F5B257EF4D67E46.d.06C7C9DD67BEF77A908B88A7635B86F2.e.3778/click - {}
RESULT: {}
COMMAND: GET /session/e57c885b60fd8cf462a4cfca6f098091/screenshot - {}
RESULT: {}
COMMAND: POST /session/e57c885b60fd8cf462a4cfca6f098091/element - {"using":"xpath","value":"//bdi[contains(text(), \"OK\")]"}
RESULT: {"using":"xpath","value":"//bdi[contains(text(), \"OK\")]"}
COMMAND: POST /session/e57c885b60fd8cf462a4cfca6f098091/element/f.0BB93947CC1450395F5B257EF4D67E46.d.06C7C9DD67BEF77A908B88A7635B86F2.e.3780/click - {}
RESULT: {}
COMMAND: GET /session/e57c885b60fd8cf462a4cfca6f098091/screenshot - {}
RESULT: {}
COMMAND: POST /session/e57c885b60fd8cf462a4cfca6f098091/element - {"using":"xpath","value":"//span[@id=\"application-manageconditionprice-display-component---conditions--smartTable-header-inner\"]"}
RESULT: {"using":"xpath","value":"//span[@id=\"application-manageconditionprice-display-component---conditions--smartTable-header-inner\"]"}
COMMAND: POST /session/e57c885b60fd8cf462a4cfca6f098091/elements - {"using":"xpath","value":"//span[@id=\"application-manageconditionprice-display-component---conditions--smartTable-header-inner\"]"}
RESULT: {"using":"xpath","value":"//span[@id=\"application-manageconditionprice-display-component---conditions--smartTable-header-inner\"]"}
COMMAND: POST /session/e57c885b60fd8cf462a4cfca6f098091/execute/sync - {"script":"<script> [56 bytes]","args":[{"element-6066-11e4-a52e-4f735466cecf":"f.0BB93947CC1450395F5B257EF4D67E46.d.06C7C9DD67BEF77A908B88A7635B86F2.e.3783","ELEMENT":"f.0BB93947CC1450395F5B257EF4D67E46.d.06C7C9DD67BEF77A908B88A7635B86F2.e.3783"}]}
RESULT: {"script":"<script> [56 bytes]","args":[{"element-6066-11e4-a52e-4f735466cecf":"f.0BB93947CC1450395F5B257EF4D67E46.d.06C7C9DD67BEF77A908B88A7635B86F2.e.3783","ELEMENT":"f.0BB93947CC1450395F5B257EF4D67E46.d.06C7C9DD67BEF77A908B88A7635B86F2.e.3783"}]}
COMMAND: POST /session/e57c885b60fd8cf462a4cfca6f098091/element - {"using":"css selector","value":"#shell-header-logo"}
COMMAND: GET /session/e57c885b60fd8cf462a4cfca6f098091/screenshot - {}
RESULT: {"using":"css selector","value":"#shell-header-logo"}
COMMAND: POST /session/e57c885b60fd8cf462a4cfca6f098091/element/f.0BB93947CC1450395F5B257EF4D67E46.d.06C7C9DD67BEF77A908B88A7635B86F2.e.3412/click - {}
RESULT: {}
RESULT: {}
COMMAND: GET /session/e57c885b60fd8cf462a4cfca6f098091/screenshot - {}
RESULT: {}
]]></system-out>
    </testcase>
    <testcase classname="chrome.135_0_7049_96.windows.Billing_confirm_US117289" name="Should do a stock increase" time="90.189">
      <system-out><![CDATA[
COMMAND: POST /session/e57c885b60fd8cf462a4cfca6f098091/execute/async - {"script":"<script> [1562 bytes]","args":[{"selector":{"controlType":"sap.m.Text","viewName":"etm.portal.ui.managehandoverstile.view.Master","properties":{"text":"Manage Handovers"},"interaction":{"idSuffix":"inner"}},"wdio_ui5_key":"etmportal.ui.managehandoverstile.view.Mastersap.m.Text{\"text\":\"Manage Handovers\"}"}]}
RESULT: {"script":"<script> [1562 bytes]","args":[{"selector":{"controlType":"sap.m.Text","viewName":"etm.portal.ui.managehandoverstile.view.Master","properties":{"text":"Manage Handovers"},"interaction":{"idSuffix":"inner"}},"wdio_ui5_key":"etmportal.ui.managehandoverstile.view.Mastersap.m.Text{\"text\":\"Manage Handovers\"}"}]}
RESULT: undefined
COMMAND: POST /session/e57c885b60fd8cf462a4cfca6f098091/element - {"using":"xpath","value":"//*[@id=\"__tile133-title\"]"}
RESULT: {"using":"xpath","value":"//*[@id=\"__tile133-title\"]"}
COMMAND: POST /session/e57c885b60fd8cf462a4cfca6f098091/element/f.0BB93947CC1450395F5B257EF4D67E46.d.06C7C9DD67BEF77A908B88A7635B86F2.e.3788/click - {}
RESULT: {}
COMMAND: POST /session/e57c885b60fd8cf462a4cfca6f098091/element - {"using":"xpath","value":"//button[@data-kt=\"masterHOAddButton\"]"}
COMMAND: GET /session/e57c885b60fd8cf462a4cfca6f098091/screenshot - {}
RESULT: {"using":"xpath","value":"//button[@data-kt=\"masterHOAddButton\"]"}
COMMAND: POST /session/e57c885b60fd8cf462a4cfca6f098091/elements - {"using":"xpath","value":"//button[@data-kt=\"masterHOAddButton\"]"}
RESULT: {}
RESULT: {"using":"xpath","value":"//button[@data-kt=\"masterHOAddButton\"]"}
COMMAND: POST /session/e57c885b60fd8cf462a4cfca6f098091/elements - {"using":"xpath","value":"//button[@data-kt=\"masterHOAddButton\"]"}
RESULT: {"using":"xpath","value":"//button[@data-kt=\"masterHOAddButton\"]"}
COMMAND: POST /session/e57c885b60fd8cf462a4cfca6f098091/elements - {"using":"xpath","value":"//button[@data-kt=\"masterHOAddButton\"]"}
RESULT: {"using":"xpath","value":"//button[@data-kt=\"masterHOAddButton\"]"}
COMMAND: POST /session/e57c885b60fd8cf462a4cfca6f098091/elements - {"using":"xpath","value":"//button[@data-kt=\"masterHOAddButton\"]"}
RESULT: {"using":"xpath","value":"//button[@data-kt=\"masterHOAddButton\"]"}
COMMAND: POST /session/e57c885b60fd8cf462a4cfca6f098091/elements - {"using":"xpath","value":"//button[@data-kt=\"masterHOAddButton\"]"}
RESULT: {"using":"xpath","value":"//button[@data-kt=\"masterHOAddButton\"]"}
COMMAND: POST /session/e57c885b60fd8cf462a4cfca6f098091/elements - {"using":"xpath","value":"//button[@data-kt=\"masterHOAddButton\"]"}
RESULT: {"using":"xpath","value":"//button[@data-kt=\"masterHOAddButton\"]"}
COMMAND: POST /session/e57c885b60fd8cf462a4cfca6f098091/elements - {"using":"xpath","value":"//button[@data-kt=\"masterHOAddButton\"]"}
RESULT: {"using":"xpath","value":"//button[@data-kt=\"masterHOAddButton\"]"}
COMMAND: POST /session/e57c885b60fd8cf462a4cfca6f098091/elements - {"using":"xpath","value":"//button[@data-kt=\"masterHOAddButton\"]"}
RESULT: {"using":"xpath","value":"//button[@data-kt=\"masterHOAddButton\"]"}
COMMAND: POST /session/e57c885b60fd8cf462a4cfca6f098091/elements - {"using":"xpath","value":"//button[@data-kt=\"masterHOAddButton\"]"}
RESULT: {"using":"xpath","value":"//button[@data-kt=\"masterHOAddButton\"]"}
COMMAND: POST /session/e57c885b60fd8cf462a4cfca6f098091/elements - {"using":"xpath","value":"//button[@data-kt=\"masterHOAddButton\"]"}
RESULT: {"using":"xpath","value":"//button[@data-kt=\"masterHOAddButton\"]"}
COMMAND: POST /session/e57c885b60fd8cf462a4cfca6f098091/elements - {"using":"xpath","value":"//button[@data-kt=\"masterHOAddButton\"]"}
RESULT: {"using":"xpath","value":"//button[@data-kt=\"masterHOAddButton\"]"}
COMMAND: POST /session/e57c885b60fd8cf462a4cfca6f098091/elements - {"using":"xpath","value":"//button[@data-kt=\"masterHOAddButton\"]"}
RESULT: {"using":"xpath","value":"//button[@data-kt=\"masterHOAddButton\"]"}
COMMAND: POST /session/e57c885b60fd8cf462a4cfca6f098091/elements - {"using":"xpath","value":"//button[@data-kt=\"masterHOAddButton\"]"}
RESULT: {"using":"xpath","value":"//button[@data-kt=\"masterHOAddButton\"]"}
COMMAND: POST /session/e57c885b60fd8cf462a4cfca6f098091/elements - {"using":"xpath","value":"//button[@data-kt=\"masterHOAddButton\"]"}
RESULT: {"using":"xpath","value":"//button[@data-kt=\"masterHOAddButton\"]"}
COMMAND: POST /session/e57c885b60fd8cf462a4cfca6f098091/elements - {"using":"xpath","value":"//button[@data-kt=\"masterHOAddButton\"]"}
RESULT: {"using":"xpath","value":"//button[@data-kt=\"masterHOAddButton\"]"}
COMMAND: POST /session/e57c885b60fd8cf462a4cfca6f098091/elements - {"using":"xpath","value":"//button[@data-kt=\"masterHOAddButton\"]"}
RESULT: {"using":"xpath","value":"//button[@data-kt=\"masterHOAddButton\"]"}
COMMAND: POST /session/e57c885b60fd8cf462a4cfca6f098091/elements - {"using":"xpath","value":"//button[@data-kt=\"masterHOAddButton\"]"}
RESULT: {"using":"xpath","value":"//button[@data-kt=\"masterHOAddButton\"]"}
COMMAND: POST /session/e57c885b60fd8cf462a4cfca6f098091/element - {"using":"xpath","value":"//button[@data-kt=\"masterHOAddButton\"]"}
RESULT: {"using":"xpath","value":"//button[@data-kt=\"masterHOAddButton\"]"}
COMMAND: POST /session/e57c885b60fd8cf462a4cfca6f098091/execute/sync - {"script":"<script> [8489 bytes]","args":[{"element-6066-11e4-a52e-4f735466cecf":"f.0BB93947CC1450395F5B257EF4D67E46.d.06C7C9DD67BEF77A908B88A7635B86F2.e.3821","ELEMENT":"f.0BB93947CC1450395F5B257EF4D67E46.d.06C7C9DD67BEF77A908B88A7635B86F2.e.3821"}]}
RESULT: {"script":"<script> [8489 bytes]","args":[{"element-6066-11e4-a52e-4f735466cecf":"f.0BB93947CC1450395F5B257EF4D67E46.d.06C7C9DD67BEF77A908B88A7635B86F2.e.3821","ELEMENT":"f.0BB93947CC1450395F5B257EF4D67E46.d.06C7C9DD67BEF77A908B88A7635B86F2.e.3821"}]}
COMMAND: GET /session/e57c885b60fd8cf462a4cfca6f098091/element/f.0BB93947CC1450395F5B257EF4D67E46.d.06C7C9DD67BEF77A908B88A7635B86F2.e.3821/enabled - {}
COMMAND: GET /session/e57c885b60fd8cf462a4cfca6f098091/screenshot - {}
RESULT: {}
COMMAND: POST /session/e57c885b60fd8cf462a4cfca6f098091/execute/sync - {"script":"<script> [8489 bytes]","args":[{"element-6066-11e4-a52e-4f735466cecf":"f.0BB93947CC1450395F5B257EF4D67E46.d.06C7C9DD67BEF77A908B88A7635B86F2.e.3821","ELEMENT":"f.0BB93947CC1450395F5B257EF4D67E46.d.06C7C9DD67BEF77A908B88A7635B86F2.e.3821"}]}
COMMAND: GET /session/e57c885b60fd8cf462a4cfca6f098091/screenshot - {}
RESULT: {}
RESULT: {"script":"<script> [8489 bytes]","args":[{"element-6066-11e4-a52e-4f735466cecf":"f.0BB93947CC1450395F5B257EF4D67E46.d.06C7C9DD67BEF77A908B88A7635B86F2.e.3821","ELEMENT":"f.0BB93947CC1450395F5B257EF4D67E46.d.06C7C9DD67BEF77A908B88A7635B86F2.e.3821"}]}
COMMAND: POST /session/e57c885b60fd8cf462a4cfca6f098091/execute/sync - {"script":"<script> [5351 bytes]","args":[{"element-6066-11e4-a52e-4f735466cecf":"f.0BB93947CC1450395F5B257EF4D67E46.d.06C7C9DD67BEF77A908B88A7635B86F2.e.3821","ELEMENT":"f.0BB93947CC1450395F5B257EF4D67E46.d.06C7C9DD67BEF77A908B88A7635B86F2.e.3821"}]}
COMMAND: GET /session/e57c885b60fd8cf462a4cfca6f098091/screenshot - {}
RESULT: {}
RESULT: {"script":"<script> [5351 bytes]","args":[{"element-6066-11e4-a52e-4f735466cecf":"f.0BB93947CC1450395F5B257EF4D67E46.d.06C7C9DD67BEF77A908B88A7635B86F2.e.3821","ELEMENT":"f.0BB93947CC1450395F5B257EF4D67E46.d.06C7C9DD67BEF77A908B88A7635B86F2.e.3821"}]}
COMMAND: POST /session/e57c885b60fd8cf462a4cfca6f098091/element/f.0BB93947CC1450395F5B257EF4D67E46.d.06C7C9DD67BEF77A908B88A7635B86F2.e.3821/click - {}
COMMAND: GET /session/e57c885b60fd8cf462a4cfca6f098091/screenshot - {}
RESULT: {}
RESULT: {}
COMMAND: GET /session/e57c885b60fd8cf462a4cfca6f098091/screenshot - {}
COMMAND: POST /session/e57c885b60fd8cf462a4cfca6f098091/element - {"using":"xpath","value":"//span[contains(@id ,\"AddNewHO--typeSelect-arrow\")]"}
RESULT: {}
RESULT: {}
RESULT: {"using":"xpath","value":"//span[contains(@id ,\"AddNewHO--typeSelect-arrow\")]"}
COMMAND: POST /session/e57c885b60fd8cf462a4cfca6f098091/element/f.0BB93947CC1450395F5B257EF4D67E46.d.06C7C9DD67BEF77A908B88A7635B86F2.e.4149/click - {}
RESULT: {}
COMMAND: GET /session/e57c885b60fd8cf462a4cfca6f098091/screenshot - {}
RESULT: {}
COMMAND: POST /session/e57c885b60fd8cf462a4cfca6f098091/element - {"using":"xpath","value":"(//li[contains(text(), \"stock increase yard\")])[1]"}
RESULT: {"using":"xpath","value":"(//li[contains(text(), \"stock increase yard\")])[1]"}
COMMAND: POST /session/e57c885b60fd8cf462a4cfca6f098091/element/f.0BB93947CC1450395F5B257EF4D67E46.d.06C7C9DD67BEF77A908B88A7635B86F2.e.4150/click - {}
RESULT: {}
COMMAND: GET /session/e57c885b60fd8cf462a4cfca6f098091/screenshot - {}
RESULT: {}
COMMAND: POST /session/e57c885b60fd8cf462a4cfca6f098091/execute/async - {"script":"<script> [1562 bytes]","args":[{"selector":{"id":"application-managehandovers-display-component---AddNewHO--dueDate","interaction":{"idSuffix":"inner"}},"wdio_ui5_key":"applicationmanagehandovers-display-component---AddNewHO--dueDate"}]}
RESULT: {"script":"<script> [1562 bytes]","args":[{"selector":{"id":"application-managehandovers-display-component---AddNewHO--dueDate","interaction":{"idSuffix":"inner"}},"wdio_ui5_key":"applicationmanagehandovers-display-component---AddNewHO--dueDate"}]}
RESULT: undefined
COMMAND: POST /session/e57c885b60fd8cf462a4cfca6f098091/execute/async - {"script":"<script> [6424 bytes]","args":[{"element-6066-11e4-a52e-4f735466cecf":"f.0BB93947CC1450395F5B257EF4D67E46.d.06C7C9DD67BEF77A908B88A7635B86F2.e.4152"},"setValue",["04/24/2025"]]}
RESULT: {"script":"<script> [6424 bytes]","args":[{"element-6066-11e4-a52e-4f735466cecf":"f.0BB93947CC1450395F5B257EF4D67E46.d.06C7C9DD67BEF77A908B88A7635B86F2.e.4152"},"setValue",["04/24/2025"]]}
COMMAND: POST /session/e57c885b60fd8cf462a4cfca6f098091/element - {"using":"xpath","value":"//input[@id=\"generalSectionFrg--receiveYard-inner\"]"}
RESULT: {"using":"xpath","value":"//input[@id=\"generalSectionFrg--receiveYard-inner\"]"}
COMMAND: POST /session/e57c885b60fd8cf462a4cfca6f098091/element/f.0BB93947CC1450395F5B257EF4D67E46.d.06C7C9DD67BEF77A908B88A7635B86F2.e.4158/clear - {}
RESULT: {}
COMMAND: POST /session/e57c885b60fd8cf462a4cfca6f098091/element/f.0BB93947CC1450395F5B257EF4D67E46.d.06C7C9DD67BEF77A908B88A7635B86F2.e.4158/value - {"text":"799"}
COMMAND: GET /session/e57c885b60fd8cf462a4cfca6f098091/screenshot - {}
RESULT: {"text":"799"}
COMMAND: GET /session/e57c885b60fd8cf462a4cfca6f098091/screenshot - {}
RESULT: {}
RESULT: {}
COMMAND: POST /session/e57c885b60fd8cf462a4cfca6f098091/element - {"using":"xpath","value":"//li[.//span[text()='799']]"}
RESULT: {"using":"xpath","value":"//li[.//span[text()='799']]"}
COMMAND: POST /session/e57c885b60fd8cf462a4cfca6f098091/element/f.0BB93947CC1450395F5B257EF4D67E46.d.06C7C9DD67BEF77A908B88A7635B86F2.e.4175/click - {}
RESULT: {}
COMMAND: GET /session/e57c885b60fd8cf462a4cfca6f098091/screenshot - {}
RESULT: {}
COMMAND: POST /session/e57c885b60fd8cf462a4cfca6f098091/execute/async - {"script":"<script> [1562 bytes]","args":[{"selector":{"id":"application-managehandovers-display-component---AddNewHO--ObjectPageLayout-anchBar-application-managehandovers-display-component---AddNewHO--section4-anchor","interaction":{"idSuffix":"BDI-content"}},"wdio_ui5_key":"applicationmanagehandovers-display-component---AddNewHO--ObjectPageLayout-anchBar-application-managehandovers-display-component---AddNewHO--section4-anchor"}]}
RESULT: {"script":"<script> [1562 bytes]","args":[{"selector":{"id":"application-managehandovers-display-component---AddNewHO--ObjectPageLayout-anchBar-application-managehandovers-display-component---AddNewHO--section4-anchor","interaction":{"idSuffix":"BDI-content"}},"wdio_ui5_key":"applicationmanagehandovers-display-component---AddNewHO--ObjectPageLayout-anchBar-application-managehandovers-display-component---AddNewHO--section4-anchor"}]}
RESULT: undefined
COMMAND: POST /session/e57c885b60fd8cf462a4cfca6f098091/element - {"using":"xpath","value":"//*[@id=\"application-managehandovers-display-component---AddNewHO--ObjectPageLayout-anchBar-application-managehandovers-display-component---AddNewHO--section4-anchor\"]"}
RESULT: {"using":"xpath","value":"//*[@id=\"application-managehandovers-display-component---AddNewHO--ObjectPageLayout-anchBar-application-managehandovers-display-component---AddNewHO--section4-anchor\"]"}
COMMAND: POST /session/e57c885b60fd8cf462a4cfca6f098091/element/f.0BB93947CC1450395F5B257EF4D67E46.d.06C7C9DD67BEF77A908B88A7635B86F2.e.4177/click - {}
RESULT: {}
COMMAND: POST /session/e57c885b60fd8cf462a4cfca6f098091/element - {"using":"xpath","value":"//button[@aria-label=\"Add\"]"}
COMMAND: GET /session/e57c885b60fd8cf462a4cfca6f098091/screenshot - {}
RESULT: {"using":"xpath","value":"//button[@aria-label=\"Add\"]"}
COMMAND: POST /session/e57c885b60fd8cf462a4cfca6f098091/element/f.0BB93947CC1450395F5B257EF4D67E46.d.06C7C9DD67BEF77A908B88A7635B86F2.e.4181/click - {}
RESULT: {}
RESULT: {}
COMMAND: GET /session/e57c885b60fd8cf462a4cfca6f098091/screenshot - {}
RESULT: {}
COMMAND: POST /session/e57c885b60fd8cf462a4cfca6f098091/execute/async - {"script":"<script> [1562 bytes]","args":[{"selector":{"id":"application-managehandovers-display-component---AddNewHO--smartFilterBar-btnBasicSearch","searchOpenDialogs":true,"interaction":{"idSuffix":"I"}},"wdio_ui5_key":"applicationmanagehandovers-display-component---AddNewHO--smartFilterBar-btnBasicSearch"}]}
RESULT: {"script":"<script> [1562 bytes]","args":[{"selector":{"id":"application-managehandovers-display-component---AddNewHO--smartFilterBar-btnBasicSearch","searchOpenDialogs":true,"interaction":{"idSuffix":"I"}},"wdio_ui5_key":"applicationmanagehandovers-display-component---AddNewHO--smartFilterBar-btnBasicSearch"}]}
RESULT: undefined
COMMAND: POST /session/e57c885b60fd8cf462a4cfca6f098091/execute/async - {"script":"<script> [776 bytes]","args":[{"enterText":"oxxz5WbGMB","selector":{"id":"application-managehandovers-display-component---AddNewHO--smartFilterBar-btnBasicSearch","searchOpenDialogs":true,"interaction":{"idSuffix":"I"}},"clearTextFirst":true,"interactionType":"ENTER_TEXT"}]}
RESULT: {"script":"<script> [776 bytes]","args":[{"enterText":"oxxz5WbGMB","selector":{"id":"application-managehandovers-display-component---AddNewHO--smartFilterBar-btnBasicSearch","searchOpenDialogs":true,"interaction":{"idSuffix":"I"}},"clearTextFirst":true,"interactionType":"ENTER_TEXT"}]}
COMMAND: POST /session/e57c885b60fd8cf462a4cfca6f098091/actions - {"actions":[{"id":"action16","type":"key","parameters":{},"actions":[{"type":"keyDown","value":"î€‡"},{"type":"pause","duration":10},{"type":"keyUp","value":"î€‡"}]}]}
RESULT: {"actions":[{"id":"action16","type":"key","parameters":{},"actions":[{"type":"keyDown","value":"î€‡"},{"type":"pause","duration":10},{"type":"keyUp","value":"î€‡"}]}]}
COMMAND: GET /session/e57c885b60fd8cf462a4cfca6f098091/screenshot - {}
RESULT: {}
COMMAND: POST /session/e57c885b60fd8cf462a4cfca6f098091/execute/async - {"script":"<script> [1562 bytes]","args":[{"selector":{"id":"application-managehandovers-display-component---AddNewHO--popup-sa","searchOpenDialogs":true,"interaction":{"idSuffix":"CbBg"}},"wdio_ui5_key":"applicationmanagehandovers-display-component---AddNewHO--popup-sa"}]}
RESULT: {"script":"<script> [1562 bytes]","args":[{"selector":{"id":"application-managehandovers-display-component---AddNewHO--popup-sa","searchOpenDialogs":true,"interaction":{"idSuffix":"CbBg"}},"wdio_ui5_key":"applicationmanagehandovers-display-component---AddNewHO--popup-sa"}]}
RESULT: undefined
COMMAND: POST /session/e57c885b60fd8cf462a4cfca6f098091/element - {"using":"xpath","value":"//*[@id=\"application-managehandovers-display-component---AddNewHO--popup-sa\"]"}
RESULT: {"using":"xpath","value":"//*[@id=\"application-managehandovers-display-component---AddNewHO--popup-sa\"]"}
COMMAND: POST /session/e57c885b60fd8cf462a4cfca6f098091/element/f.0BB93947CC1450395F5B257EF4D67E46.d.06C7C9DD67BEF77A908B88A7635B86F2.e.4334/click - {}
RESULT: {}
COMMAND: GET /session/e57c885b60fd8cf462a4cfca6f098091/screenshot - {}
RESULT: {}
COMMAND: POST /session/e57c885b60fd8cf462a4cfca6f098091/element - {"using":"xpath","value":"//bdi[contains(text(), \"Select\")]"}
RESULT: {"using":"xpath","value":"//bdi[contains(text(), \"Select\")]"}
COMMAND: POST /session/e57c885b60fd8cf462a4cfca6f098091/element/f.0BB93947CC1450395F5B257EF4D67E46.d.06C7C9DD67BEF77A908B88A7635B86F2.e.4335/click - {}
RESULT: {}
COMMAND: GET /session/e57c885b60fd8cf462a4cfca6f098091/screenshot - {}
RESULT: {}
COMMAND: POST /session/e57c885b60fd8cf462a4cfca6f098091/element - {"using":"xpath","value":"//button[@data-kt=\"AddNewHOSaveButton\"]"}
RESULT: {"using":"xpath","value":"//button[@data-kt=\"AddNewHOSaveButton\"]"}
COMMAND: POST /session/e57c885b60fd8cf462a4cfca6f098091/element/f.0BB93947CC1450395F5B257EF4D67E46.d.06C7C9DD67BEF77A908B88A7635B86F2.e.4339/click - {}
RESULT: {}
COMMAND: GET /session/e57c885b60fd8cf462a4cfca6f098091/screenshot - {}
RESULT: {}
COMMAND: POST /session/e57c885b60fd8cf462a4cfca6f098091/execute/async - {"script":"<script> [1562 bytes]","args":[{"selector":{"id":"receiptDatePicker","viewName":"etm.portal.ui.managehandovers.view.DetailExecuteHO","interaction":{"idSuffix":"inner"}},"wdio_ui5_key":"receiptDatePickeretmportal.ui.managehandovers.view.DetailExecuteHO"}]}
RESULT: {"script":"<script> [1562 bytes]","args":[{"selector":{"id":"receiptDatePicker","viewName":"etm.portal.ui.managehandovers.view.DetailExecuteHO","interaction":{"idSuffix":"inner"}},"wdio_ui5_key":"receiptDatePickeretmportal.ui.managehandovers.view.DetailExecuteHO"}]}
RESULT: undefined
COMMAND: POST /session/e57c885b60fd8cf462a4cfca6f098091/execute/async - {"script":"<script> [6424 bytes]","args":[{"element-6066-11e4-a52e-4f735466cecf":"f.0BB93947CC1450395F5B257EF4D67E46.d.06C7C9DD67BEF77A908B88A7635B86F2.e.4369"},"setValue",["04/24/2025"]]}
RESULT: {"script":"<script> [6424 bytes]","args":[{"element-6066-11e4-a52e-4f735466cecf":"f.0BB93947CC1450395F5B257EF4D67E46.d.06C7C9DD67BEF77A908B88A7635B86F2.e.4369"},"setValue",["04/24/2025"]]}
COMMAND: POST /session/e57c885b60fd8cf462a4cfca6f098091/element - {"using":"xpath","value":"//button[@data-kt=\"PickingTableConfirmAllButton\"]"}
RESULT: {"using":"xpath","value":"//button[@data-kt=\"PickingTableConfirmAllButton\"]"}
COMMAND: POST /session/e57c885b60fd8cf462a4cfca6f098091/element/f.0BB93947CC1450395F5B257EF4D67E46.d.06C7C9DD67BEF77A908B88A7635B86F2.e.4384/click - {}
RESULT: {}
COMMAND: GET /session/e57c885b60fd8cf462a4cfca6f098091/screenshot - {}
RESULT: {}
COMMAND: POST /session/e57c885b60fd8cf462a4cfca6f098091/element - {"using":"xpath","value":"//bdi[contains(text(), \"OK\")]"}
RESULT: {"using":"xpath","value":"//bdi[contains(text(), \"OK\")]"}
COMMAND: POST /session/e57c885b60fd8cf462a4cfca6f098091/element/f.0BB93947CC1450395F5B257EF4D67E46.d.06C7C9DD67BEF77A908B88A7635B86F2.e.4386/click - {}
RESULT: {}
COMMAND: GET /session/e57c885b60fd8cf462a4cfca6f098091/screenshot - {}
RESULT: {}
COMMAND: POST /session/e57c885b60fd8cf462a4cfca6f098091/element - {"using":"xpath","value":"(//bdi[contains(text(), \"Receive\")])[2]"}
RESULT: {"using":"xpath","value":"(//bdi[contains(text(), \"Receive\")])[2]"}
COMMAND: POST /session/e57c885b60fd8cf462a4cfca6f098091/element/f.0BB93947CC1450395F5B257EF4D67E46.d.06C7C9DD67BEF77A908B88A7635B86F2.e.4388/click - {}
RESULT: {}
COMMAND: GET /session/e57c885b60fd8cf462a4cfca6f098091/screenshot - {}
RESULT: {}
COMMAND: POST /session/e57c885b60fd8cf462a4cfca6f098091/element - {"using":"css selector","value":"#shell-header-logo"}
RESULT: {"using":"css selector","value":"#shell-header-logo"}
COMMAND: POST /session/e57c885b60fd8cf462a4cfca6f098091/element/f.0BB93947CC1450395F5B257EF4D67E46.d.06C7C9DD67BEF77A908B88A7635B86F2.e.3791/click - {}
RESULT: {}
COMMAND: GET /session/e57c885b60fd8cf462a4cfca6f098091/screenshot - {}
RESULT: {}
]]></system-out>
    </testcase>
    <testcase classname="chrome.135_0_7049_96.windows.Billing_confirm_US117289" name="Should create a new contract" time="71.105">
      <system-out><![CDATA[
COMMAND: POST /session/e57c885b60fd8cf462a4cfca6f098091/execute/async - {"script":"<script> [1562 bytes]","args":[{"selector":{"controlType":"sap.m.Text","viewName":"etm.portal.ui.managecontractstile.view.Master","properties":{"text":"Manage Contracts"},"interaction":{"idSuffix":"inner"}},"wdio_ui5_key":"etmportal.ui.managecontractstile.view.Mastersap.m.Text{\"text\":\"Manage Contracts\"}"}]}
RESULT: {"script":"<script> [1562 bytes]","args":[{"selector":{"controlType":"sap.m.Text","viewName":"etm.portal.ui.managecontractstile.view.Master","properties":{"text":"Manage Contracts"},"interaction":{"idSuffix":"inner"}},"wdio_ui5_key":"etmportal.ui.managecontractstile.view.Mastersap.m.Text{\"text\":\"Manage Contracts\"}"}]}
RESULT: undefined
COMMAND: POST /session/e57c885b60fd8cf462a4cfca6f098091/element - {"using":"xpath","value":"//*[@id=\"__tile130-title\"]"}
RESULT: {"using":"xpath","value":"//*[@id=\"__tile130-title\"]"}
COMMAND: POST /session/e57c885b60fd8cf462a4cfca6f098091/element/f.0BB93947CC1450395F5B257EF4D67E46.d.06C7C9DD67BEF77A908B88A7635B86F2.e.4663/click - {}
RESULT: {}
COMMAND: GET /session/e57c885b60fd8cf462a4cfca6f098091/screenshot - {}
RESULT: {}
COMMAND: POST /session/e57c885b60fd8cf462a4cfca6f098091/element - {"using":"xpath","value":"//button[@data-kt=\"addButton\"]"}
RESULT: {"using":"xpath","value":"//button[@data-kt=\"addButton\"]"}
COMMAND: POST /session/e57c885b60fd8cf462a4cfca6f098091/elements - {"using":"xpath","value":"//button[@data-kt=\"addButton\"]"}
RESULT: {"using":"xpath","value":"//button[@data-kt=\"addButton\"]"}
RESULT: undefined
COMMAND: POST /session/e57c885b60fd8cf462a4cfca6f098091/elements - {"using":"xpath","value":"//button[@data-kt=\"addButton\"]"}
RESULT: {"using":"xpath","value":"//button[@data-kt=\"addButton\"]"}
COMMAND: POST /session/e57c885b60fd8cf462a4cfca6f098091/element - {"using":"xpath","value":"//button[@data-kt=\"addButton\"]"}
RESULT: {"using":"xpath","value":"//button[@data-kt=\"addButton\"]"}
COMMAND: POST /session/e57c885b60fd8cf462a4cfca6f098091/execute/sync - {"script":"<script> [8489 bytes]","args":[{"element-6066-11e4-a52e-4f735466cecf":"f.0BB93947CC1450395F5B257EF4D67E46.d.06C7C9DD67BEF77A908B88A7635B86F2.e.4704","ELEMENT":"f.0BB93947CC1450395F5B257EF4D67E46.d.06C7C9DD67BEF77A908B88A7635B86F2.e.4704"}]}
RESULT: {"script":"<script> [8489 bytes]","args":[{"element-6066-11e4-a52e-4f735466cecf":"f.0BB93947CC1450395F5B257EF4D67E46.d.06C7C9DD67BEF77A908B88A7635B86F2.e.4704","ELEMENT":"f.0BB93947CC1450395F5B257EF4D67E46.d.06C7C9DD67BEF77A908B88A7635B86F2.e.4704"}]}
COMMAND: GET /session/e57c885b60fd8cf462a4cfca6f098091/element/f.0BB93947CC1450395F5B257EF4D67E46.d.06C7C9DD67BEF77A908B88A7635B86F2.e.4704/enabled - {}
COMMAND: GET /session/e57c885b60fd8cf462a4cfca6f098091/screenshot - {}
RESULT: {}
COMMAND: POST /session/e57c885b60fd8cf462a4cfca6f098091/execute/sync - {"script":"<script> [8489 bytes]","args":[{"element-6066-11e4-a52e-4f735466cecf":"f.0BB93947CC1450395F5B257EF4D67E46.d.06C7C9DD67BEF77A908B88A7635B86F2.e.4704","ELEMENT":"f.0BB93947CC1450395F5B257EF4D67E46.d.06C7C9DD67BEF77A908B88A7635B86F2.e.4704"}]}
COMMAND: GET /session/e57c885b60fd8cf462a4cfca6f098091/screenshot - {}
RESULT: {}
RESULT: {"script":"<script> [8489 bytes]","args":[{"element-6066-11e4-a52e-4f735466cecf":"f.0BB93947CC1450395F5B257EF4D67E46.d.06C7C9DD67BEF77A908B88A7635B86F2.e.4704","ELEMENT":"f.0BB93947CC1450395F5B257EF4D67E46.d.06C7C9DD67BEF77A908B88A7635B86F2.e.4704"}]}
COMMAND: POST /session/e57c885b60fd8cf462a4cfca6f098091/execute/sync - {"script":"<script> [5351 bytes]","args":[{"element-6066-11e4-a52e-4f735466cecf":"f.0BB93947CC1450395F5B257EF4D67E46.d.06C7C9DD67BEF77A908B88A7635B86F2.e.4704","ELEMENT":"f.0BB93947CC1450395F5B257EF4D67E46.d.06C7C9DD67BEF77A908B88A7635B86F2.e.4704"}]}
COMMAND: GET /session/e57c885b60fd8cf462a4cfca6f098091/screenshot - {}
RESULT: {}
RESULT: {"script":"<script> [5351 bytes]","args":[{"element-6066-11e4-a52e-4f735466cecf":"f.0BB93947CC1450395F5B257EF4D67E46.d.06C7C9DD67BEF77A908B88A7635B86F2.e.4704","ELEMENT":"f.0BB93947CC1450395F5B257EF4D67E46.d.06C7C9DD67BEF77A908B88A7635B86F2.e.4704"}]}
COMMAND: GET /session/e57c885b60fd8cf462a4cfca6f098091/screenshot - {}
RESULT: {}
RESULT: {}
COMMAND: POST /session/e57c885b60fd8cf462a4cfca6f098091/element/f.0BB93947CC1450395F5B257EF4D67E46.d.06C7C9DD67BEF77A908B88A7635B86F2.e.4704/click - {}
RESULT: {}
COMMAND: GET /session/e57c885b60fd8cf462a4cfca6f098091/screenshot - {}
RESULT: {}
COMMAND: POST /session/e57c885b60fd8cf462a4cfca6f098091/execute/async - {"script":"<script> [1562 bytes]","args":[{"selector":{"id":"application-managecontracts-display-component---AddNewContract--projectDescription","interaction":{"idSuffix":"inner"}},"wdio_ui5_key":"applicationmanagecontracts-display-component---AddNewContract--projectDescription"}]}
RESULT: {"script":"<script> [1562 bytes]","args":[{"selector":{"id":"application-managecontracts-display-component---AddNewContract--projectDescription","interaction":{"idSuffix":"inner"}},"wdio_ui5_key":"applicationmanagecontracts-display-component---AddNewContract--projectDescription"}]}
RESULT: undefined
COMMAND: POST /session/e57c885b60fd8cf462a4cfca6f098091/execute/async - {"script":"<script> [776 bytes]","args":[{"enterText":"Contract WDIO","selector":{"id":"application-managecontracts-display-component---AddNewContract--projectDescription","interaction":{"idSuffix":"inner"}},"clearTextFirst":true,"interactionType":"ENTER_TEXT"}]}
RESULT: {"script":"<script> [776 bytes]","args":[{"enterText":"Contract WDIO","selector":{"id":"application-managecontracts-display-component---AddNewContract--projectDescription","interaction":{"idSuffix":"inner"}},"clearTextFirst":true,"interactionType":"ENTER_TEXT"}]}
COMMAND: POST /session/e57c885b60fd8cf462a4cfca6f098091/element - {"using":"xpath","value":"//input[@id=\"application-managecontracts-display-component---AddNewContract--site-inner\"]"}
RESULT: {"using":"xpath","value":"//input[@id=\"application-managecontracts-display-component---AddNewContract--site-inner\"]"}
COMMAND: POST /session/e57c885b60fd8cf462a4cfca6f098091/element/f.0BB93947CC1450395F5B257EF4D67E46.d.06C7C9DD67BEF77A908B88A7635B86F2.e.5048/clear - {}
RESULT: {}
COMMAND: POST /session/e57c885b60fd8cf462a4cfca6f098091/element/f.0BB93947CC1450395F5B257EF4D67E46.d.06C7C9DD67BEF77A908B88A7635B86F2.e.5048/value - {"text":"2597"}
COMMAND: GET /session/e57c885b60fd8cf462a4cfca6f098091/screenshot - {}
RESULT: {"text":"2597"}
COMMAND: GET /session/e57c885b60fd8cf462a4cfca6f098091/screenshot - {}
COMMAND: POST /session/e57c885b60fd8cf462a4cfca6f098091/element - {"using":"xpath","value":"//li[.//span[text()='2597']]"}
RESULT: {}
RESULT: {}
RESULT: {"using":"xpath","value":"//li[.//span[text()='2597']]"}
COMMAND: POST /session/e57c885b60fd8cf462a4cfca6f098091/element/f.0BB93947CC1450395F5B257EF4D67E46.d.06C7C9DD67BEF77A908B88A7635B86F2.e.5071/click - {}
RESULT: {}
COMMAND: GET /session/e57c885b60fd8cf462a4cfca6f098091/screenshot - {}
RESULT: {}
COMMAND: POST /session/e57c885b60fd8cf462a4cfca6f098091/element - {"using":"xpath","value":"//input[@id=\"application-managecontracts-display-component---AddNewContract--yardId-inner\"]"}
RESULT: {"using":"xpath","value":"//input[@id=\"application-managecontracts-display-component---AddNewContract--yardId-inner\"]"}
COMMAND: GET /session/e57c885b60fd8cf462a4cfca6f098091/element/f.0BB93947CC1450395F5B257EF4D67E46.d.06C7C9DD67BEF77A908B88A7635B86F2.e.5049/property/value - {}
RESULT: {}
COMMAND: POST /session/e57c885b60fd8cf462a4cfca6f098091/element - {"using":"xpath","value":"//input[@id=\"application-managecontracts-display-component---AddNewContract--customerSelect-inner\"]"}
COMMAND: GET /session/e57c885b60fd8cf462a4cfca6f098091/screenshot - {}
RESULT: {"using":"xpath","value":"//input[@id=\"application-managecontracts-display-component---AddNewContract--customerSelect-inner\"]"}
COMMAND: POST /session/e57c885b60fd8cf462a4cfca6f098091/element/f.0BB93947CC1450395F5B257EF4D67E46.d.06C7C9DD67BEF77A908B88A7635B86F2.e.5047/clear - {}
RESULT: {}
RESULT: {}
COMMAND: POST /session/e57c885b60fd8cf462a4cfca6f098091/element/f.0BB93947CC1450395F5B257EF4D67E46.d.06C7C9DD67BEF77A908B88A7635B86F2.e.5047/value - {"text":"1639"}
COMMAND: GET /session/e57c885b60fd8cf462a4cfca6f098091/screenshot - {}
RESULT: {"text":"1639"}
COMMAND: GET /session/e57c885b60fd8cf462a4cfca6f098091/screenshot - {}
COMMAND: POST /session/e57c885b60fd8cf462a4cfca6f098091/element - {"using":"xpath","value":"//li[.//span[text()='1639']]"}
RESULT: {}
RESULT: {}
RESULT: {"using":"xpath","value":"//li[.//span[text()='1639']]"}
COMMAND: POST /session/e57c885b60fd8cf462a4cfca6f098091/element/f.0BB93947CC1450395F5B257EF4D67E46.d.06C7C9DD67BEF77A908B88A7635B86F2.e.5074/click - {}
RESULT: {}
COMMAND: GET /session/e57c885b60fd8cf462a4cfca6f098091/screenshot - {}
RESULT: {}
COMMAND: POST /session/e57c885b60fd8cf462a4cfca6f098091/element - {"using":"xpath","value":"//button[@data-kt=\"saveButton\"]"}
RESULT: {"using":"xpath","value":"//button[@data-kt=\"saveButton\"]"}
COMMAND: POST /session/e57c885b60fd8cf462a4cfca6f098091/element/f.0BB93947CC1450395F5B257EF4D67E46.d.06C7C9DD67BEF77A908B88A7635B86F2.e.5062/click - {}
RESULT: {}
COMMAND: GET /session/e57c885b60fd8cf462a4cfca6f098091/screenshot - {}
RESULT: {}
COMMAND: POST /session/e57c885b60fd8cf462a4cfca6f098091/element - {"using":"xpath","value":"//span[contains(@id ,\"contractDetailTitleNoExpanded\")]"}
RESULT: {"using":"xpath","value":"//span[contains(@id ,\"contractDetailTitleNoExpanded\")]"}
COMMAND: POST /session/e57c885b60fd8cf462a4cfca6f098091/elements - {"using":"xpath","value":"//span[contains(@id ,\"contractDetailTitleNoExpanded\")]"}
RESULT: {"using":"xpath","value":"//span[contains(@id ,\"contractDetailTitleNoExpanded\")]"}
COMMAND: POST /session/e57c885b60fd8cf462a4cfca6f098091/execute/sync - {"script":"<script> [56 bytes]","args":[{"element-6066-11e4-a52e-4f735466cecf":"f.0BB93947CC1450395F5B257EF4D67E46.d.06C7C9DD67BEF77A908B88A7635B86F2.e.5084","ELEMENT":"f.0BB93947CC1450395F5B257EF4D67E46.d.06C7C9DD67BEF77A908B88A7635B86F2.e.5084"}]}
RESULT: {"script":"<script> [56 bytes]","args":[{"element-6066-11e4-a52e-4f735466cecf":"f.0BB93947CC1450395F5B257EF4D67E46.d.06C7C9DD67BEF77A908B88A7635B86F2.e.5084","ELEMENT":"f.0BB93947CC1450395F5B257EF4D67E46.d.06C7C9DD67BEF77A908B88A7635B86F2.e.5084"}]}
COMMAND: GET /session/e57c885b60fd8cf462a4cfca6f098091/screenshot - {}
RESULT: {}
]]></system-out>
    </testcase>
    <testcase classname="chrome.135_0_7049_96.windows.Billing_confirm_US117289" name="Should add created equipment to contract" time="41.686">
      <system-out><![CDATA[
COMMAND: POST /session/e57c885b60fd8cf462a4cfca6f098091/element - {"using":"xpath","value":"//button[@data-kt=\"contractDetailEditBtnButton\"]"}
RESULT: {"using":"xpath","value":"//button[@data-kt=\"contractDetailEditBtnButton\"]"}
COMMAND: POST /session/e57c885b60fd8cf462a4cfca6f098091/element/f.0BB93947CC1450395F5B257EF4D67E46.d.06C7C9DD67BEF77A908B88A7635B86F2.e.5086/click - {}
RESULT: {}
COMMAND: GET /session/e57c885b60fd8cf462a4cfca6f098091/screenshot - {}
RESULT: {}
COMMAND: POST /session/e57c885b60fd8cf462a4cfca6f098091/element - {"using":"xpath","value":"(//span[contains(text(), \"Additional Addresses\")])[2]"}
RESULT: {"using":"xpath","value":"(//span[contains(text(), \"Additional Addresses\")])[2]"}
COMMAND: POST /session/e57c885b60fd8cf462a4cfca6f098091/element/f.0BB93947CC1450395F5B257EF4D67E46.d.06C7C9DD67BEF77A908B88A7635B86F2.e.5141/click - {}
RESULT: {}
COMMAND: GET /session/e57c885b60fd8cf462a4cfca6f098091/screenshot - {}
RESULT: {}
COMMAND: POST /session/e57c885b60fd8cf462a4cfca6f098091/element - {"using":"xpath","value":"//button[@data-kt=\"btnAddTableRowOverflowToolbarButton\"]"}
RESULT: {"using":"xpath","value":"//button[@data-kt=\"btnAddTableRowOverflowToolbarButton\"]"}
COMMAND: POST /session/e57c885b60fd8cf462a4cfca6f098091/element/f.0BB93947CC1450395F5B257EF4D67E46.d.06C7C9DD67BEF77A908B88A7635B86F2.e.5145/click - {}
RESULT: {}
COMMAND: GET /session/e57c885b60fd8cf462a4cfca6f098091/screenshot - {}
RESULT: {}
COMMAND: POST /session/e57c885b60fd8cf462a4cfca6f098091/element - {"using":"xpath","value":"//div[(text() = 'Standard Entry' or . = 'Standard Entry')]"}
RESULT: {"using":"xpath","value":"//div[(text() = 'Standard Entry' or . = 'Standard Entry')]"}
COMMAND: POST /session/e57c885b60fd8cf462a4cfca6f098091/element/f.0BB93947CC1450395F5B257EF4D67E46.d.06C7C9DD67BEF77A908B88A7635B86F2.e.5147/click - {}
RESULT: {}
COMMAND: GET /session/e57c885b60fd8cf462a4cfca6f098091/screenshot - {}
RESULT: {}
COMMAND: POST /session/e57c885b60fd8cf462a4cfca6f098091/element - {"using":"xpath","value":"//td[7]/div/div/input"}
RESULT: {"using":"xpath","value":"//td[7]/div/div/input"}
COMMAND: POST /session/e57c885b60fd8cf462a4cfca6f098091/element/f.0BB93947CC1450395F5B257EF4D67E46.d.06C7C9DD67BEF77A908B88A7635B86F2.e.5156/clear - {}
RESULT: {}
COMMAND: POST /session/e57c885b60fd8cf462a4cfca6f098091/element/f.0BB93947CC1450395F5B257EF4D67E46.d.06C7C9DD67BEF77A908B88A7635B86F2.e.5156/value - {"text":"oxxz5WbGMB"}
COMMAND: GET /session/e57c885b60fd8cf462a4cfca6f098091/screenshot - {}
RESULT: {"text":"oxxz5WbGMB"}
COMMAND: GET /session/e57c885b60fd8cf462a4cfca6f098091/screenshot - {}
RESULT: {}
RESULT: {}
COMMAND: POST /session/e57c885b60fd8cf462a4cfca6f098091/actions - {"actions":[{"id":"action17","type":"key","parameters":{},"actions":[{"type":"keyDown","value":"î€‡"},{"type":"pause","duration":10},{"type":"keyUp","value":"î€‡"}]}]}
RESULT: {"actions":[{"id":"action17","type":"key","parameters":{},"actions":[{"type":"keyDown","value":"î€‡"},{"type":"pause","duration":10},{"type":"keyUp","value":"î€‡"}]}]}
COMMAND: GET /session/e57c885b60fd8cf462a4cfca6f098091/screenshot - {}
COMMAND: POST /session/e57c885b60fd8cf462a4cfca6f098091/element - {"using":"xpath","value":"(//button[@data-kt=\"saveButton\"])[2]"}
RESULT: {}
RESULT: {"using":"xpath","value":"(//button[@data-kt=\"saveButton\"])[2]"}
COMMAND: POST /session/e57c885b60fd8cf462a4cfca6f098091/element/f.0BB93947CC1450395F5B257EF4D67E46.d.06C7C9DD67BEF77A908B88A7635B86F2.e.5171/click - {}
RESULT: {}
COMMAND: GET /session/e57c885b60fd8cf462a4cfca6f098091/screenshot - {}
RESULT: {}
COMMAND: POST /session/e57c885b60fd8cf462a4cfca6f098091/element - {"using":"xpath","value":"//span[contains(@id ,\"contractItemsSmartTable-header-inner\")]"}
RESULT: {"using":"xpath","value":"//span[contains(@id ,\"contractItemsSmartTable-header-inner\")]"}
COMMAND: POST /session/e57c885b60fd8cf462a4cfca6f098091/elements - {"using":"xpath","value":"//span[contains(@id ,\"contractItemsSmartTable-header-inner\")]"}
RESULT: {"using":"xpath","value":"//span[contains(@id ,\"contractItemsSmartTable-header-inner\")]"}
COMMAND: POST /session/e57c885b60fd8cf462a4cfca6f098091/execute/sync - {"script":"<script> [56 bytes]","args":[{"element-6066-11e4-a52e-4f735466cecf":"f.0BB93947CC1450395F5B257EF4D67E46.d.06C7C9DD67BEF77A908B88A7635B86F2.e.5178","ELEMENT":"f.0BB93947CC1450395F5B257EF4D67E46.d.06C7C9DD67BEF77A908B88A7635B86F2.e.5178"}]}
RESULT: {"script":"<script> [56 bytes]","args":[{"element-6066-11e4-a52e-4f735466cecf":"f.0BB93947CC1450395F5B257EF4D67E46.d.06C7C9DD67BEF77A908B88A7635B86F2.e.5178","ELEMENT":"f.0BB93947CC1450395F5B257EF4D67E46.d.06C7C9DD67BEF77A908B88A7635B86F2.e.5178"}]}
]]></system-out>
    </testcase>
    <testcase classname="chrome.135_0_7049_96.windows.Billing_confirm_US117289" name="Should do a provide to site handover" time="57.014">
      <system-out><![CDATA[
COMMAND: GET /session/e57c885b60fd8cf462a4cfca6f098091/screenshot - {}
COMMAND: POST /session/e57c885b60fd8cf462a4cfca6f098091/element - {"using":"xpath","value":"//button[@data-kt=\"provideButton\"]"}
RESULT: {}
RESULT: {"using":"xpath","value":"//button[@data-kt=\"provideButton\"]"}
COMMAND: POST /session/e57c885b60fd8cf462a4cfca6f098091/element/f.0BB93947CC1450395F5B257EF4D67E46.d.06C7C9DD67BEF77A908B88A7635B86F2.e.5181/click - {}
RESULT: {}
COMMAND: GET /session/e57c885b60fd8cf462a4cfca6f098091/screenshot - {}
RESULT: undefined
COMMAND: POST /session/e57c885b60fd8cf462a4cfca6f098091/execute/async - {"script":"<script> [6424 bytes]","args":[{"element-6066-11e4-a52e-4f735466cecf":"f.0BB93947CC1450395F5B257EF4D67E46.d.06C7C9DD67BEF77A908B88A7635B86F2.e.4152"},"setValue",["04/24/2025"]]}
RESULT: {}
COMMAND: POST /session/e57c885b60fd8cf462a4cfca6f098091/execute/async - {"script":"<script> [1562 bytes]","args":[{"selector":{"id":"application-managehandovers-display-component---AddNewHO--dueDate","interaction":{"idSuffix":"inner"}},"wdio_ui5_key":"applicationmanagehandovers-display-component---AddNewHO--dueDate"}]}
RESULT: {"script":"<script> [1562 bytes]","args":[{"selector":{"id":"application-managehandovers-display-component---AddNewHO--dueDate","interaction":{"idSuffix":"inner"}},"wdio_ui5_key":"applicationmanagehandovers-display-component---AddNewHO--dueDate"}]}
COMMAND: POST /session/e57c885b60fd8cf462a4cfca6f098091/execute/async - {"script":"<script> [6424 bytes]","args":[{"element-6066-11e4-a52e-4f735466cecf":"f.0BB93947CC1450395F5B257EF4D67E46.d.06C7C9DD67BEF77A908B88A7635B86F2.e.5253"},"setValue",["04/24/2025"]]}
RESULT: {"script":"<script> [6424 bytes]","args":[{"element-6066-11e4-a52e-4f735466cecf":"f.0BB93947CC1450395F5B257EF4D67E46.d.06C7C9DD67BEF77A908B88A7635B86F2.e.5253"},"setValue",["04/24/2025"]]}
COMMAND: POST /session/e57c885b60fd8cf462a4cfca6f098091/element - {"using":"xpath","value":"//bdi[contains(text(), \"Instructions\")]"}
RESULT: {"using":"xpath","value":"//bdi[contains(text(), \"Instructions\")]"}
COMMAND: POST /session/e57c885b60fd8cf462a4cfca6f098091/element/f.0BB93947CC1450395F5B257EF4D67E46.d.06C7C9DD67BEF77A908B88A7635B86F2.e.5363/click - {}
RESULT: {}
COMMAND: GET /session/e57c885b60fd8cf462a4cfca6f098091/screenshot - {}
RESULT: {}
COMMAND: POST /session/e57c885b60fd8cf462a4cfca6f098091/element - {"using":"xpath","value":"//button[@data-kt=\"AddNewHOProvideAddItemsButton\"]"}
RESULT: {"using":"xpath","value":"//button[@data-kt=\"AddNewHOProvideAddItemsButton\"]"}
COMMAND: POST /session/e57c885b60fd8cf462a4cfca6f098091/element/f.0BB93947CC1450395F5B257EF4D67E46.d.06C7C9DD67BEF77A908B88A7635B86F2.e.5367/click - {}
RESULT: {}
COMMAND: GET /session/e57c885b60fd8cf462a4cfca6f098091/screenshot - {}
RESULT: {}
RESULT: undefined
COMMAND: POST /session/e57c885b60fd8cf462a4cfca6f098091/element - {"using":"xpath","value":"//*[@id=\"application-managehandovers-display-component---AddNewHO--popup-sa\"]"}
RESULT: {"using":"xpath","value":"//*[@id=\"application-managehandovers-display-component---AddNewHO--popup-sa\"]"}
COMMAND: POST /session/e57c885b60fd8cf462a4cfca6f098091/element/f.0BB93947CC1450395F5B257EF4D67E46.d.06C7C9DD67BEF77A908B88A7635B86F2.e.5382/click - {}
RESULT: {}
COMMAND: GET /session/e57c885b60fd8cf462a4cfca6f098091/screenshot - {}
RESULT: {}
COMMAND: POST /session/e57c885b60fd8cf462a4cfca6f098091/element - {"using":"xpath","value":"//*[contains(@id ,\"BDI-content\")][contains(text(), \"Select\")]"}
RESULT: {"using":"xpath","value":"//*[contains(@id ,\"BDI-content\")][contains(text(), \"Select\")]"}
COMMAND: POST /session/e57c885b60fd8cf462a4cfca6f098091/element/f.0BB93947CC1450395F5B257EF4D67E46.d.06C7C9DD67BEF77A908B88A7635B86F2.e.5384/click - {}
RESULT: {}
COMMAND: GET /session/e57c885b60fd8cf462a4cfca6f098091/screenshot - {}
RESULT: {}
COMMAND: POST /session/e57c885b60fd8cf462a4cfca6f098091/execute/async - {"script":"<script> [1562 bytes]","args":[{"selector":{"id":"application-managehandovers-display-component---AddNewHO--confirmCreationButton","interaction":{"idSuffix":"BDI-content"}},"wdio_ui5_key":"applicationmanagehandovers-display-component---AddNewHO--confirmCreationButton"}]}
RESULT: {"script":"<script> [1562 bytes]","args":[{"selector":{"id":"application-managehandovers-display-component---AddNewHO--confirmCreationButton","interaction":{"idSuffix":"BDI-content"}},"wdio_ui5_key":"applicationmanagehandovers-display-component---AddNewHO--confirmCreationButton"}]}
RESULT: undefined
COMMAND: POST /session/e57c885b60fd8cf462a4cfca6f098091/element - {"using":"xpath","value":"//*[@id=\"application-managehandovers-display-component---AddNewHO--confirmCreationButton\"]"}
RESULT: {"using":"xpath","value":"//*[@id=\"application-managehandovers-display-component---AddNewHO--confirmCreationButton\"]"}
COMMAND: POST /session/e57c885b60fd8cf462a4cfca6f098091/element/f.0BB93947CC1450395F5B257EF4D67E46.d.06C7C9DD67BEF77A908B88A7635B86F2.e.5299/click - {}
RESULT: {}
COMMAND: GET /session/e57c885b60fd8cf462a4cfca6f098091/screenshot - {}
RESULT: {}
COMMAND: POST /session/e57c885b60fd8cf462a4cfca6f098091/element - {"using":"xpath","value":"//button[@data-kt=\"PickingTableConfirmAllButton\"]"}
RESULT: {"using":"xpath","value":"//button[@data-kt=\"PickingTableConfirmAllButton\"]"}
COMMAND: POST /session/e57c885b60fd8cf462a4cfca6f098091/elements - {"using":"xpath","value":"//button[@data-kt=\"PickingTableConfirmAllButton\"]"}
RESULT: {"using":"xpath","value":"//button[@data-kt=\"PickingTableConfirmAllButton\"]"}
COMMAND: POST /session/e57c885b60fd8cf462a4cfca6f098091/elements - {"using":"xpath","value":"//button[@data-kt=\"PickingTableConfirmAllButton\"]"}
RESULT: {"using":"xpath","value":"//button[@data-kt=\"PickingTableConfirmAllButton\"]"}
COMMAND: POST /session/e57c885b60fd8cf462a4cfca6f098091/element - {"using":"xpath","value":"//button[@data-kt=\"PickingTableConfirmAllButton\"]"}
RESULT: {"using":"xpath","value":"//button[@data-kt=\"PickingTableConfirmAllButton\"]"}
COMMAND: POST /session/e57c885b60fd8cf462a4cfca6f098091/element/f.0BB93947CC1450395F5B257EF4D67E46.d.06C7C9DD67BEF77A908B88A7635B86F2.e.5423/click - {}
COMMAND: POST /session/e57c885b60fd8cf462a4cfca6f098091/element - {"using":"xpath","value":"//button[@data-kt=\"PickingTableConfirmAllButton\"]"}
RESULT: {"using":"xpath","value":"//button[@data-kt=\"PickingTableConfirmAllButton\"]"}
COMMAND: POST /session/e57c885b60fd8cf462a4cfca6f098091/element/f.0BB93947CC1450395F5B257EF4D67E46.d.06C7C9DD67BEF77A908B88A7635B86F2.e.5423/click - {}
COMMAND: POST /session/e57c885b60fd8cf462a4cfca6f098091/element - {"using":"xpath","value":"//button[@data-kt=\"PickingTableConfirmAllButton\"]"}
RESULT: {"using":"xpath","value":"//button[@data-kt=\"PickingTableConfirmAllButton\"]"}
COMMAND: POST /session/e57c885b60fd8cf462a4cfca6f098091/element/f.0BB93947CC1450395F5B257EF4D67E46.d.06C7C9DD67BEF77A908B88A7635B86F2.e.5444/click - {}
RESULT: {}
COMMAND: GET /session/e57c885b60fd8cf462a4cfca6f098091/screenshot - {}
RESULT: {}
COMMAND: POST /session/e57c885b60fd8cf462a4cfca6f098091/element - {"using":"xpath","value":"//bdi[contains(text(), \"OK\")]"}
RESULT: {"using":"xpath","value":"//bdi[contains(text(), \"OK\")]"}
COMMAND: POST /session/e57c885b60fd8cf462a4cfca6f098091/element/f.0BB93947CC1450395F5B257EF4D67E46.d.06C7C9DD67BEF77A908B88A7635B86F2.e.5447/click - {}
RESULT: {}
COMMAND: GET /session/e57c885b60fd8cf462a4cfca6f098091/screenshot - {}
RESULT: {}
COMMAND: POST /session/e57c885b60fd8cf462a4cfca6f098091/element - {"using":"xpath","value":"//bdi[contains(text(), \"Issue\")]"}
RESULT: {"using":"xpath","value":"//bdi[contains(text(), \"Issue\")]"}
COMMAND: POST /session/e57c885b60fd8cf462a4cfca6f098091/element/f.0BB93947CC1450395F5B257EF4D67E46.d.06C7C9DD67BEF77A908B88A7635B86F2.e.5448/click - {}
RESULT: {}
COMMAND: GET /session/e57c885b60fd8cf462a4cfca6f098091/screenshot - {}
RESULT: {}
COMMAND: POST /session/e57c885b60fd8cf462a4cfca6f098091/element - {"using":"css selector","value":"#shell-header-logo"}
RESULT: {"using":"css selector","value":"#shell-header-logo"}
COMMAND: POST /session/e57c885b60fd8cf462a4cfca6f098091/element/f.0BB93947CC1450395F5B257EF4D67E46.d.06C7C9DD67BEF77A908B88A7635B86F2.e.4666/click - {}
RESULT: {}
COMMAND: GET /session/e57c885b60fd8cf462a4cfca6f098091/screenshot - {}
RESULT: {}
]]></system-out>
    </testcase>
    <testcase classname="chrome.135_0_7049_96.windows.Billing_confirm_US117289" name="Should trigger calculation" time="76.239">
      <system-out><![CDATA[
COMMAND: POST /session/e57c885b60fd8cf462a4cfca6f098091/execute/async - {"script":"<script> [1562 bytes]","args":[{"selector":{"controlType":"sap.m.GenericTile","properties":{"header":"Manage Billings"}},"wdio_ui5_key":"sapm.GenericTile{\"header\":\"Manage Billings\"}"}]}
RESULT: {"script":"<script> [1562 bytes]","args":[{"selector":{"controlType":"sap.m.GenericTile","properties":{"header":"Manage Billings"}},"wdio_ui5_key":"sapm.GenericTile{\"header\":\"Manage Billings\"}"}]}
RESULT: undefined
COMMAND: POST /session/e57c885b60fd8cf462a4cfca6f098091/element - {"using":"xpath","value":"//*[@id=\"__tile91\"]"}
RESULT: {"using":"xpath","value":"//*[@id=\"__tile91\"]"}
COMMAND: POST /session/e57c885b60fd8cf462a4cfca6f098091/element/f.0BB93947CC1450395F5B257EF4D67E46.d.06C7C9DD67BEF77A908B88A7635B86F2.e.2512/click - {}
RESULT: {}
COMMAND: GET /session/e57c885b60fd8cf462a4cfca6f098091/screenshot - {}
RESULT: {}
COMMAND: POST /session/e57c885b60fd8cf462a4cfca6f098091/execute/async - {"script":"<script> [1562 bytes]","args":[{"selector":{"id":"application-managebillings-display-component---billRunCalcResult--smartFilterBar-btnBasicSearch","interaction":{"idSuffix":"I"}},"wdio_ui5_key":"applicationmanagebillings-display-component---billRunCalcResult--smartFilterBar-btnBasicSearch"}]}
RESULT: {"script":"<script> [1562 bytes]","args":[{"selector":{"id":"application-managebillings-display-component---billRunCalcResult--smartFilterBar-btnBasicSearch","interaction":{"idSuffix":"I"}},"wdio_ui5_key":"applicationmanagebillings-display-component---billRunCalcResult--smartFilterBar-btnBasicSearch"}]}
RESULT: undefined
COMMAND: POST /session/e57c885b60fd8cf462a4cfca6f098091/execute/async - {"script":"<script> [776 bytes]","args":[{"enterText":"10683","selector":{"id":"application-managebillings-display-component---billRunCalcResult--smartFilterBar-btnBasicSearch","interaction":{"idSuffix":"I"}},"clearTextFirst":true,"interactionType":"ENTER_TEXT"}]}
RESULT: {"script":"<script> [776 bytes]","args":[{"enterText":"10683","selector":{"id":"application-managebillings-display-component---billRunCalcResult--smartFilterBar-btnBasicSearch","interaction":{"idSuffix":"I"}},"clearTextFirst":true,"interactionType":"ENTER_TEXT"}]}
COMMAND: POST /session/e57c885b60fd8cf462a4cfca6f098091/actions - {"actions":[{"id":"action18","type":"key","parameters":{},"actions":[{"type":"keyDown","value":"î€‡"},{"type":"pause","duration":10},{"type":"keyUp","value":"î€‡"}]}]}
RESULT: {"actions":[{"id":"action18","type":"key","parameters":{},"actions":[{"type":"keyDown","value":"î€‡"},{"type":"pause","duration":10},{"type":"keyUp","value":"î€‡"}]}]}
COMMAND: GET /session/e57c885b60fd8cf462a4cfca6f098091/screenshot - {}
COMMAND: POST /session/e57c885b60fd8cf462a4cfca6f098091/element - {"using":"xpath","value":"//td[@aria-colindex=\"1\"]/div/div[contains(@class, \"sapMCbBg\")]"}
RESULT: {}
RESULT: {"using":"xpath","value":"//td[@aria-colindex=\"1\"]/div/div[contains(@class, \"sapMCbBg\")]"}
COMMAND: POST /session/e57c885b60fd8cf462a4cfca6f098091/element/f.0BB93947CC1450395F5B257EF4D67E46.d.06C7C9DD67BEF77A908B88A7635B86F2.e.5835/click - {}
RESULT: {}
COMMAND: GET /session/e57c885b60fd8cf462a4cfca6f098091/screenshot - {}
RESULT: {}
COMMAND: POST /session/e57c885b60fd8cf462a4cfca6f098091/execute/async - {"script":"<script> [1562 bytes]","args":[{"selector":{"id":"application-managebillings-display-component---billRunCalcResult--contractBillRunDate","interaction":{"idSuffix":"inner"}},"wdio_ui5_key":"applicationmanagebillings-display-component---billRunCalcResult--contractBillRunDate"}]}
RESULT: {"script":"<script> [1562 bytes]","args":[{"selector":{"id":"application-managebillings-display-component---billRunCalcResult--contractBillRunDate","interaction":{"idSuffix":"inner"}},"wdio_ui5_key":"applicationmanagebillings-display-component---billRunCalcResult--contractBillRunDate"}]}
RESULT: undefined
COMMAND: POST /session/e57c885b60fd8cf462a4cfca6f098091/execute/async - {"script":"<script> [776 bytes]","args":[{"enterText":"05/24/25","selector":{"id":"application-managebillings-display-component---billRunCalcResult--contractBillRunDate","interaction":{"idSuffix":"inner"}},"clearTextFirst":true,"interactionType":"ENTER_TEXT"}]}
RESULT: {"script":"<script> [776 bytes]","args":[{"enterText":"05/24/25","selector":{"id":"application-managebillings-display-component---billRunCalcResult--contractBillRunDate","interaction":{"idSuffix":"inner"}},"clearTextFirst":true,"interactionType":"ENTER_TEXT"}]}
COMMAND: POST /session/e57c885b60fd8cf462a4cfca6f098091/element - {"using":"xpath","value":"//bdi[contains(text(), \"Trigger Calculation\")]"}
RESULT: {"using":"xpath","value":"//bdi[contains(text(), \"Trigger Calculation\")]"}
COMMAND: POST /session/e57c885b60fd8cf462a4cfca6f098091/element/f.0BB93947CC1450395F5B257EF4D67E46.d.06C7C9DD67BEF77A908B88A7635B86F2.e.5887/click - {}
RESULT: {}
COMMAND: GET /session/e57c885b60fd8cf462a4cfca6f098091/screenshot - {}
RESULT: {}
COMMAND: POST /session/e57c885b60fd8cf462a4cfca6f098091/element - {"using":"xpath","value":"(//span[contains(@id, \"imgNav\")])[1]"}
RESULT: {"using":"xpath","value":"(//span[contains(@id, \"imgNav\")])[1]"}
COMMAND: POST /session/e57c885b60fd8cf462a4cfca6f098091/element/f.0BB93947CC1450395F5B257EF4D67E46.d.06C7C9DD67BEF77A908B88A7635B86F2.e.5836/click - {}
RESULT: {}
COMMAND: GET /session/e57c885b60fd8cf462a4cfca6f098091/screenshot - {}
RESULT: {}
COMMAND: POST /session/e57c885b60fd8cf462a4cfca6f098091/element - {"using":"xpath","value":"//tr/td[6]/div[1]/span[1]/span[1]"}
RESULT: {"using":"xpath","value":"//tr/td[6]/div[1]/span[1]/span[1]"}
COMMAND: GET /session/e57c885b60fd8cf462a4cfca6f098091/element/f.0BB93947CC1450395F5B257EF4D67E46.d.06C7C9DD67BEF77A908B88A7635B86F2.e.5892/text - {}
RESULT: {}
COMMAND: POST /session/e57c885b60fd8cf462a4cfca6f098091/element - {"using":"xpath","value":"(//span[contains(@id, \"imgNav\")])[2]"}
RESULT: {"using":"xpath","value":"(//span[contains(@id, \"imgNav\")])[2]"}
COMMAND: POST /session/e57c885b60fd8cf462a4cfca6f098091/element/f.0BB93947CC1450395F5B257EF4D67E46.d.06C7C9DD67BEF77A908B88A7635B86F2.e.5893/click - {}
RESULT: {}
COMMAND: GET /session/e57c885b60fd8cf462a4cfca6f098091/screenshot - {}
RESULT: {}
COMMAND: POST /session/e57c885b60fd8cf462a4cfca6f098091/element - {"using":"xpath","value":"//bdi[contains(text(), \"Business Confirm\")]"}
RESULT: {"using":"xpath","value":"//bdi[contains(text(), \"Business Confirm\")]"}
COMMAND: POST /session/e57c885b60fd8cf462a4cfca6f098091/element/f.0BB93947CC1450395F5B257EF4D67E46.d.06C7C9DD67BEF77A908B88A7635B86F2.e.5961/click - {}
RESULT: {}
COMMAND: GET /session/e57c885b60fd8cf462a4cfca6f098091/screenshot - {}
RESULT: {}
COMMAND: POST /session/e57c885b60fd8cf462a4cfca6f098091/element - {"using":"xpath","value":"//bdi[contains(text(), \"Business Confirmed\")]"}
RESULT: {"using":"xpath","value":"//bdi[contains(text(), \"Business Confirmed\")]"}
COMMAND: POST /session/e57c885b60fd8cf462a4cfca6f098091/execute/sync - {"script":"<script> [56 bytes]","args":[{"element-6066-11e4-a52e-4f735466cecf":"f.0BB93947CC1450395F5B257EF4D67E46.d.06C7C9DD67BEF77A908B88A7635B86F2.e.5961","ELEMENT":"f.0BB93947CC1450395F5B257EF4D67E46.d.06C7C9DD67BEF77A908B88A7635B86F2.e.5961"}]}
RESULT: {"script":"<script> [56 bytes]","args":[{"element-6066-11e4-a52e-4f735466cecf":"f.0BB93947CC1450395F5B257EF4D67E46.d.06C7C9DD67BEF77A908B88A7635B86F2.e.5961","ELEMENT":"f.0BB93947CC1450395F5B257EF4D67E46.d.06C7C9DD67BEF77A908B88A7635B86F2.e.5961"}]}
COMMAND: POST /session/e57c885b60fd8cf462a4cfca6f098091/element - {"using":"css selector","value":"#shell-header-logo"}
COMMAND: GET /session/e57c885b60fd8cf462a4cfca6f098091/screenshot - {}
RESULT: {"using":"css selector","value":"#shell-header-logo"}
COMMAND: POST /session/e57c885b60fd8cf462a4cfca6f098091/element/f.0BB93947CC1450395F5B257EF4D67E46.d.06C7C9DD67BEF77A908B88A7635B86F2.e.5628/click - {}
RESULT: {}
RESULT: {}
COMMAND: GET /session/e57c885b60fd8cf462a4cfca6f098091/screenshot - {}
RESULT: {}
COMMAND: POST /session/e57c885b60fd8cf462a4cfca6f098091/element - {"using":"css selector","value":"#j_username"}
COMMAND: POST /session/e57c885b60fd8cf462a4cfca6f098091/url - {"url":"https://qa-testing-00-live-etm-ui.cfapps.eu10-004.hana.ondemand.com/"}
RESULT: {"using":"css selector","value":"#j_username"}
COMMAND: POST /session/e57c885b60fd8cf462a4cfca6f098091/element - {"using":"css selector","value":"#j_username"}
RESULT: {"url":"https://qa-testing-00-live-etm-ui.cfapps.eu10-004.hana.ondemand.com/"}
RESULT: undefined
COMMAND: GET /session/e57c885b60fd8cf462a4cfca6f098091/screenshot - {}
RESULT: {"using":"css selector","value":"#j_username"}
COMMAND: POST /session/e57c885b60fd8cf462a4cfca6f098091/element - {"using":"css selector","value":"#shell-header-logo"}
RESULT: {}
RESULT: {"using":"css selector","value":"#shell-header-logo"}
COMMAND: POST /session/e57c885b60fd8cf462a4cfca6f098091/execute/sync - {"script":"<script> [8489 bytes]","args":[{"element-6066-11e4-a52e-4f735466cecf":"f.0BB93947CC1450395F5B257EF4D67E46.d.7D463B82E6045AB90B1C45C2C6821D70.e.5990","ELEMENT":"f.0BB93947CC1450395F5B257EF4D67E46.d.7D463B82E6045AB90B1C45C2C6821D70.e.5990"}]}
RESULT: {"script":"<script> [8489 bytes]","args":[{"element-6066-11e4-a52e-4f735466cecf":"f.0BB93947CC1450395F5B257EF4D67E46.d.7D463B82E6045AB90B1C45C2C6821D70.e.5990","ELEMENT":"f.0BB93947CC1450395F5B257EF4D67E46.d.7D463B82E6045AB90B1C45C2C6821D70.e.5990"}]}
COMMAND: POST /session/e57c885b60fd8cf462a4cfca6f098091/element - {"using":"css selector","value":"#shell-header-logo"}
COMMAND: GET /session/e57c885b60fd8cf462a4cfca6f098091/screenshot - {}
RESULT: {"using":"css selector","value":"#shell-header-logo"}
COMMAND: POST /session/e57c885b60fd8cf462a4cfca6f098091/execute/sync - {"script":"<script> [8489 bytes]","args":[{"element-6066-11e4-a52e-4f735466cecf":"f.0BB93947CC1450395F5B257EF4D67E46.d.7D463B82E6045AB90B1C45C2C6821D70.e.5990","ELEMENT":"f.0BB93947CC1450395F5B257EF4D67E46.d.7D463B82E6045AB90B1C45C2C6821D70.e.5990"}]}
RESULT: {}
RESULT: {"script":"<script> [8489 bytes]","args":[{"element-6066-11e4-a52e-4f735466cecf":"f.0BB93947CC1450395F5B257EF4D67E46.d.7D463B82E6045AB90B1C45C2C6821D70.e.5990","ELEMENT":"f.0BB93947CC1450395F5B257EF4D67E46.d.7D463B82E6045AB90B1C45C2C6821D70.e.5990"}]}
COMMAND: POST /session/e57c885b60fd8cf462a4cfca6f098091/execute/sync - {"script":"<script> [5351 bytes]","args":[{"element-6066-11e4-a52e-4f735466cecf":"f.0BB93947CC1450395F5B257EF4D67E46.d.7D463B82E6045AB90B1C45C2C6821D70.e.5990","ELEMENT":"f.0BB93947CC1450395F5B257EF4D67E46.d.7D463B82E6045AB90B1C45C2C6821D70.e.5990"}]}
COMMAND: GET /session/e57c885b60fd8cf462a4cfca6f098091/screenshot - {}
RESULT: {"script":"<script> [5351 bytes]","args":[{"element-6066-11e4-a52e-4f735466cecf":"f.0BB93947CC1450395F5B257EF4D67E46.d.7D463B82E6045AB90B1C45C2C6821D70.e.5990","ELEMENT":"f.0BB93947CC1450395F5B257EF4D67E46.d.7D463B82E6045AB90B1C45C2C6821D70.e.5990"}]}
COMMAND: POST /session/e57c885b60fd8cf462a4cfca6f098091/element - {"using":"css selector","value":"#shell-header-logo"}
COMMAND: GET /session/e57c885b60fd8cf462a4cfca6f098091/screenshot - {}
RESULT: {}
RESULT: {"using":"css selector","value":"#shell-header-logo"}
COMMAND: POST /session/e57c885b60fd8cf462a4cfca6f098091/element/f.0BB93947CC1450395F5B257EF4D67E46.d.7D463B82E6045AB90B1C45C2C6821D70.e.5990/click - {}
RESULT: {}
RESULT: {}
COMMAND: GET /session/e57c885b60fd8cf462a4cfca6f098091/screenshot - {}
RESULT: {}
COMMAND: POST /session/e57c885b60fd8cf462a4cfca6f098091/execute/async - {"script":"<script> [189 bytes]","args":[]}
RESULT: {"script":"<script> [189 bytes]","args":[]}
COMMAND: POST /session/e57c885b60fd8cf462a4cfca6f098091/execute/async - {"script":"<script> [123 bytes]","args":[]}
RESULT: {"script":"<script> [123 bytes]","args":[]}
COMMAND: POST /session/e57c885b60fd8cf462a4cfca6f098091/timeouts - {"script":"<number>"}
RESULT: {"script":"<number>"}
COMMAND: GET /session/e57c885b60fd8cf462a4cfca6f098091/timeouts - {}
RESULT: {}
RESULT: undefined
COMMAND: POST /session/e57c885b60fd8cf462a4cfca6f098091/execute/async - {"script":"<script> [2676 bytes]","args":[]}
RESULT: {"script":"<script> [2676 bytes]","args":[]}
COMMAND: POST /session/e57c885b60fd8cf462a4cfca6f098091/execute/async - {"script":"<script> [2342 bytes]","args":[{"protocol":"http","hostname":"0.0.0.0","path":"/","capabilities":{"browserName":"chrome","goog:chromeOptions":{"binary":"C:\\Program Files\\Google\\Chrome\\Application\\chrome.exe","args":["--start-maximized"]}},"logLevel":"warn","connectionRetryTimeout":120000,"connectionRetryCount":3,"logLevels":{},"enableDirectConnect":true,"strictSSL":true,"_":"65 more keys: [\"cacheDir\",\"port\",\"requestedCapabilities\",\"automationProtocol\",\"baseUrl\",\"waitforInterval\",\"waitforTimeout\",\"onReload\",\"beforeCommand\",\"afterCommand\",\"rootDir\",\"specs\",\"suites\",\"exclude\",\"groupLogsByTestSpec\",\"excludeDriverLogs\",\"bail\",\"framework\",\"reporters\",\"services\",\"maxInstances\",\"maxInstancesPerCapability\",\"injectGlobals\",\"filesToWatch\",\"execArgv\",\"runnerEnv\",\"runner\",\"shard\",\"specFileRetries\",\"specFileRetriesDelay\",\"specFileRetriesDeferred\",\"reporterSyncInterval\",\"reporterSyncTimeout\",\"cucumberFeaturesWithLineNumbers\",\"autoCompileOpts\",\"mochaOpts\",\"jasmineOpts\",\"cucumberOpts\",\"onPrepare\",\"onWorkerStart\",\"onWorkerEnd\",\"before\",\"beforeSession\",\"beforeSuite\",\"beforeHook\",\"beforeTest\",\"afterTest\",\"afterHook\",\"afterSuite\",\"afterSession\",\"after\",\"onComplete\",\"beforeAssertion\",\"afterAssertion\",\"beforeFeature\",\"beforeScenario\",\"beforeStep\",\"afterStep\",\"afterScenario\",\"afterFeature\",\"_\",\"suite\",\"$0\",\"ignoredWorkerServices\",\"wdi5\"]"}]}
RESULT: {"script":"<script> [2342 bytes]","args":[{"protocol":"http","hostname":"0.0.0.0","path":"/","capabilities":{"browserName":"chrome","goog:chromeOptions":{"binary":"C:\\Program Files\\Google\\Chrome\\Application\\chrome.exe","args":["--start-maximized"]}},"logLevel":"warn","connectionRetryTimeout":120000,"connectionRetryCount":3,"logLevels":{},"enableDirectConnect":true,"strictSSL":true,"_":"65 more keys: [\"cacheDir\",\"port\",\"requestedCapabilities\",\"automationProtocol\",\"baseUrl\",\"waitforInterval\",\"waitforTimeout\",\"onReload\",\"beforeCommand\",\"afterCommand\",\"rootDir\",\"specs\",\"suites\",\"exclude\",\"groupLogsByTestSpec\",\"excludeDriverLogs\",\"bail\",\"framework\",\"reporters\",\"services\",\"maxInstances\",\"maxInstancesPerCapability\",\"injectGlobals\",\"filesToWatch\",\"execArgv\",\"runnerEnv\",\"runner\",\"shard\",\"specFileRetries\",\"specFileRetriesDelay\",\"specFileRetriesDeferred\",\"reporterSyncInterval\",\"reporterSyncTimeout\",\"cucumberFeaturesWithLineNumbers\",\"autoCompileOpts\",\"mochaOpts\",\"jasmineOpts\",\"cucumberOpts\",\"onPrepare\",\"onWorkerStart\",\"onWorkerEnd\",\"before\",\"beforeSession\",\"beforeSuite\",\"beforeHook\",\"beforeTest\",\"afterTest\",\"afterHook\",\"afterSuite\",\"afterSession\",\"after\",\"onComplete\",\"beforeAssertion\",\"afterAssertion\",\"beforeFeature\",\"beforeScenario\",\"beforeStep\",\"afterStep\",\"afterScenario\",\"afterFeature\",\"_\",\"suite\",\"$0\",\"ignoredWorkerServices\",\"wdi5\"]"}]}
COMMAND: POST /session/e57c885b60fd8cf462a4cfca6f098091/execute/async - {"script":"<script> [21126 bytes]","args":[35000]}
RESULT: {"script":"<script> [21126 bytes]","args":[35000]}
COMMAND: POST /session/e57c885b60fd8cf462a4cfca6f098091/window/maximize - {}
RESULT: {}
COMMAND: POST /session/e57c885b60fd8cf462a4cfca6f098091/execute/async - {"script":"<script> [1562 bytes]","args":[{"selector":{"id":"shell-header","interaction":{"idSuffix":"icon"}},"wdio_ui5_key":"shellheader"}]}
COMMAND: GET /session/e57c885b60fd8cf462a4cfca6f098091/screenshot - {}
RESULT: {"script":"<script> [1562 bytes]","args":[{"selector":{"id":"shell-header","interaction":{"idSuffix":"icon"}},"wdio_ui5_key":"shellheader"}]}
RESULT: undefined
COMMAND: POST /session/e57c885b60fd8cf462a4cfca6f098091/refresh - {}
RESULT: {}
RESULT: {}
COMMAND: GET /session/e57c885b60fd8cf462a4cfca6f098091/screenshot - {}
RESULT: {}
COMMAND: POST /session/e57c885b60fd8cf462a4cfca6f098091/refresh - {}
RESULT: {}
COMMAND: GET /session/e57c885b60fd8cf462a4cfca6f098091/screenshot - {}
RESULT: {}
COMMAND: POST /session/e57c885b60fd8cf462a4cfca6f098091/window/fullscreen - {}
RESULT: {}
COMMAND: POST /session/e57c885b60fd8cf462a4cfca6f098091/execute/async - {"script":"<script> [189 bytes]","args":[]}
RESULT: {"script":"<script> [189 bytes]","args":[]}
COMMAND: POST /session/e57c885b60fd8cf462a4cfca6f098091/execute/async - {"script":"<script> [123 bytes]","args":[]}
RESULT: {"script":"<script> [123 bytes]","args":[]}
COMMAND: POST /session/e57c885b60fd8cf462a4cfca6f098091/timeouts - {"script":"<number>"}
RESULT: {"script":"<number>"}
COMMAND: GET /session/e57c885b60fd8cf462a4cfca6f098091/timeouts - {}
RESULT: {}
RESULT: undefined
COMMAND: POST /session/e57c885b60fd8cf462a4cfca6f098091/execute/async - {"script":"<script> [2676 bytes]","args":[]}
RESULT: {"script":"<script> [2676 bytes]","args":[]}
COMMAND: POST /session/e57c885b60fd8cf462a4cfca6f098091/execute/async - {"script":"<script> [2342 bytes]","args":[{"protocol":"http","hostname":"0.0.0.0","path":"/","capabilities":{"browserName":"chrome","goog:chromeOptions":{"binary":"C:\\Program Files\\Google\\Chrome\\Application\\chrome.exe","args":["--start-maximized"]}},"logLevel":"warn","connectionRetryTimeout":120000,"connectionRetryCount":3,"logLevels":{},"enableDirectConnect":true,"strictSSL":true,"_":"65 more keys: [\"cacheDir\",\"port\",\"requestedCapabilities\",\"automationProtocol\",\"baseUrl\",\"waitforInterval\",\"waitforTimeout\",\"onReload\",\"beforeCommand\",\"afterCommand\",\"rootDir\",\"specs\",\"suites\",\"exclude\",\"groupLogsByTestSpec\",\"excludeDriverLogs\",\"bail\",\"framework\",\"reporters\",\"services\",\"maxInstances\",\"maxInstancesPerCapability\",\"injectGlobals\",\"filesToWatch\",\"execArgv\",\"runnerEnv\",\"runner\",\"shard\",\"specFileRetries\",\"specFileRetriesDelay\",\"specFileRetriesDeferred\",\"reporterSyncInterval\",\"reporterSyncTimeout\",\"cucumberFeaturesWithLineNumbers\",\"autoCompileOpts\",\"mochaOpts\",\"jasmineOpts\",\"cucumberOpts\",\"onPrepare\",\"onWorkerStart\",\"onWorkerEnd\",\"before\",\"beforeSession\",\"beforeSuite\",\"beforeHook\",\"beforeTest\",\"afterTest\",\"afterHook\",\"afterSuite\",\"afterSession\",\"after\",\"onComplete\",\"beforeAssertion\",\"afterAssertion\",\"beforeFeature\",\"beforeScenario\",\"beforeStep\",\"afterStep\",\"afterScenario\",\"afterFeature\",\"_\",\"suite\",\"$0\",\"ignoredWorkerServices\",\"wdi5\"]"}]}
RESULT: {"script":"<script> [2342 bytes]","args":[{"protocol":"http","hostname":"0.0.0.0","path":"/","capabilities":{"browserName":"chrome","goog:chromeOptions":{"binary":"C:\\Program Files\\Google\\Chrome\\Application\\chrome.exe","args":["--start-maximized"]}},"logLevel":"warn","connectionRetryTimeout":120000,"connectionRetryCount":3,"logLevels":{},"enableDirectConnect":true,"strictSSL":true,"_":"65 more keys: [\"cacheDir\",\"port\",\"requestedCapabilities\",\"automationProtocol\",\"baseUrl\",\"waitforInterval\",\"waitforTimeout\",\"onReload\",\"beforeCommand\",\"afterCommand\",\"rootDir\",\"specs\",\"suites\",\"exclude\",\"groupLogsByTestSpec\",\"excludeDriverLogs\",\"bail\",\"framework\",\"reporters\",\"services\",\"maxInstances\",\"maxInstancesPerCapability\",\"injectGlobals\",\"filesToWatch\",\"execArgv\",\"runnerEnv\",\"runner\",\"shard\",\"specFileRetries\",\"specFileRetriesDelay\",\"specFileRetriesDeferred\",\"reporterSyncInterval\",\"reporterSyncTimeout\",\"cucumberFeaturesWithLineNumbers\",\"autoCompileOpts\",\"mochaOpts\",\"jasmineOpts\",\"cucumberOpts\",\"onPrepare\",\"onWorkerStart\",\"onWorkerEnd\",\"before\",\"beforeSession\",\"beforeSuite\",\"beforeHook\",\"beforeTest\",\"afterTest\",\"afterHook\",\"afterSuite\",\"afterSession\",\"after\",\"onComplete\",\"beforeAssertion\",\"afterAssertion\",\"beforeFeature\",\"beforeScenario\",\"beforeStep\",\"afterStep\",\"afterScenario\",\"afterFeature\",\"_\",\"suite\",\"$0\",\"ignoredWorkerServices\",\"wdi5\"]"}]}
COMMAND: POST /session/e57c885b60fd8cf462a4cfca6f098091/execute/async - {"script":"<script> [21126 bytes]","args":[35000]}
RESULT: {"script":"<script> [21126 bytes]","args":[35000]}
]]></system-out>
    </testcase>
  </testsuite>
  <testsuite timestamp="2025-04-24T17:25:57" time="1359.305" tests="14" failures="0" errors="0" skipped="0">
    <properties>
      <property name="specId" value="0" />
      <property name="suiteName" value="Create master data for mixed billing &amp; do billing calculation US151661" />
      <property name="capabilities" value="chrome.135_0_7049_96.windows" />
      <property name="file" value="file:///D:/a/1/s/test/specs/BTS/billing-calculation-mixed.spec.js" />
    </properties>
    <testcase classname="chrome.135_0_7049_96.windows.Create_master_data_for_mixed_billing_&amp;_do_billing_calculation_US151661" name="Should create a new yard" time="115.495">
      <system-out><![CDATA[
COMMAND: POST /session/e57c885b60fd8cf462a4cfca6f098091/window/fullscreen - {}
RESULT: {}
COMMAND: POST /session/e57c885b60fd8cf462a4cfca6f098091/execute/async - {"script":"<script> [1562 bytes]","args":[{"selector":{"controlType":"sap.m.GenericTile","properties":{"header":"Manage Yards"}},"wdio_ui5_key":"sapm.GenericTile{\"header\":\"Manage Yards\"}"}]}
RESULT: {"script":"<script> [1562 bytes]","args":[{"selector":{"controlType":"sap.m.GenericTile","properties":{"header":"Manage Yards"}},"wdio_ui5_key":"sapm.GenericTile{\"header\":\"Manage Yards\"}"}]}
RESULT: undefined
COMMAND: POST /session/e57c885b60fd8cf462a4cfca6f098091/element - {"using":"xpath","value":"//*[@id=\"__tile41\"]"}
RESULT: {"using":"xpath","value":"//*[@id=\"__tile41\"]"}
COMMAND: POST /session/e57c885b60fd8cf462a4cfca6f098091/element/f.0BB93947CC1450395F5B257EF4D67E46.d.D9A5C5131C6A4D8565AA5B84BDF13225.e.6150/click - {}
RESULT: {}
COMMAND: POST /session/e57c885b60fd8cf462a4cfca6f098091/element - {"using":"xpath","value":"//button[@data-kt=\"addNewYardOverflowToolbarButton\"]"}
COMMAND: GET /session/e57c885b60fd8cf462a4cfca6f098091/screenshot - {}
RESULT: {"using":"xpath","value":"//button[@data-kt=\"addNewYardOverflowToolbarButton\"]"}
COMMAND: POST /session/e57c885b60fd8cf462a4cfca6f098091/elements - {"using":"xpath","value":"//button[@data-kt=\"addNewYardOverflowToolbarButton\"]"}
RESULT: {}
RESULT: {"using":"xpath","value":"//button[@data-kt=\"addNewYardOverflowToolbarButton\"]"}
COMMAND: POST /session/e57c885b60fd8cf462a4cfca6f098091/elements - {"using":"xpath","value":"//button[@data-kt=\"addNewYardOverflowToolbarButton\"]"}
RESULT: {"using":"xpath","value":"//button[@data-kt=\"addNewYardOverflowToolbarButton\"]"}
COMMAND: POST /session/e57c885b60fd8cf462a4cfca6f098091/elements - {"using":"xpath","value":"//button[@data-kt=\"addNewYardOverflowToolbarButton\"]"}
RESULT: {"using":"xpath","value":"//button[@data-kt=\"addNewYardOverflowToolbarButton\"]"}
COMMAND: POST /session/e57c885b60fd8cf462a4cfca6f098091/elements - {"using":"xpath","value":"//button[@data-kt=\"addNewYardOverflowToolbarButton\"]"}
RESULT: {"using":"xpath","value":"//button[@data-kt=\"addNewYardOverflowToolbarButton\"]"}
COMMAND: POST /session/e57c885b60fd8cf462a4cfca6f098091/elements - {"using":"xpath","value":"//button[@data-kt=\"addNewYardOverflowToolbarButton\"]"}
RESULT: {"using":"xpath","value":"//button[@data-kt=\"addNewYardOverflowToolbarButton\"]"}
COMMAND: POST /session/e57c885b60fd8cf462a4cfca6f098091/elements - {"using":"xpath","value":"//button[@data-kt=\"addNewYardOverflowToolbarButton\"]"}
RESULT: {"using":"xpath","value":"//button[@data-kt=\"addNewYardOverflowToolbarButton\"]"}
COMMAND: POST /session/e57c885b60fd8cf462a4cfca6f098091/elements - {"using":"xpath","value":"//button[@data-kt=\"addNewYardOverflowToolbarButton\"]"}
RESULT: {"using":"xpath","value":"//button[@data-kt=\"addNewYardOverflowToolbarButton\"]"}
COMMAND: POST /session/e57c885b60fd8cf462a4cfca6f098091/elements - {"using":"xpath","value":"//button[@data-kt=\"addNewYardOverflowToolbarButton\"]"}
RESULT: {"using":"xpath","value":"//button[@data-kt=\"addNewYardOverflowToolbarButton\"]"}
COMMAND: POST /session/e57c885b60fd8cf462a4cfca6f098091/elements - {"using":"xpath","value":"//button[@data-kt=\"addNewYardOverflowToolbarButton\"]"}
RESULT: {"using":"xpath","value":"//button[@data-kt=\"addNewYardOverflowToolbarButton\"]"}
COMMAND: POST /session/e57c885b60fd8cf462a4cfca6f098091/elements - {"using":"xpath","value":"//button[@data-kt=\"addNewYardOverflowToolbarButton\"]"}
RESULT: {"using":"xpath","value":"//button[@data-kt=\"addNewYardOverflowToolbarButton\"]"}
COMMAND: POST /session/e57c885b60fd8cf462a4cfca6f098091/elements - {"using":"xpath","value":"//button[@data-kt=\"addNewYardOverflowToolbarButton\"]"}
RESULT: {"using":"xpath","value":"//button[@data-kt=\"addNewYardOverflowToolbarButton\"]"}
COMMAND: POST /session/e57c885b60fd8cf462a4cfca6f098091/elements - {"using":"xpath","value":"//button[@data-kt=\"addNewYardOverflowToolbarButton\"]"}
RESULT: {"using":"xpath","value":"//button[@data-kt=\"addNewYardOverflowToolbarButton\"]"}
COMMAND: POST /session/e57c885b60fd8cf462a4cfca6f098091/elements - {"using":"xpath","value":"//button[@data-kt=\"addNewYardOverflowToolbarButton\"]"}
RESULT: {"using":"xpath","value":"//button[@data-kt=\"addNewYardOverflowToolbarButton\"]"}
COMMAND: POST /session/e57c885b60fd8cf462a4cfca6f098091/elements - {"using":"xpath","value":"//button[@data-kt=\"addNewYardOverflowToolbarButton\"]"}
RESULT: {"using":"xpath","value":"//button[@data-kt=\"addNewYardOverflowToolbarButton\"]"}
COMMAND: POST /session/e57c885b60fd8cf462a4cfca6f098091/elements - {"using":"xpath","value":"//button[@data-kt=\"addNewYardOverflowToolbarButton\"]"}
RESULT: {"using":"xpath","value":"//button[@data-kt=\"addNewYardOverflowToolbarButton\"]"}
COMMAND: POST /session/e57c885b60fd8cf462a4cfca6f098091/elements - {"using":"xpath","value":"//button[@data-kt=\"addNewYardOverflowToolbarButton\"]"}
RESULT: {"using":"xpath","value":"//button[@data-kt=\"addNewYardOverflowToolbarButton\"]"}
COMMAND: POST /session/e57c885b60fd8cf462a4cfca6f098091/element - {"using":"xpath","value":"//button[@data-kt=\"addNewYardOverflowToolbarButton\"]"}
RESULT: {"using":"xpath","value":"//button[@data-kt=\"addNewYardOverflowToolbarButton\"]"}
COMMAND: POST /session/e57c885b60fd8cf462a4cfca6f098091/execute/sync - {"script":"<script> [8489 bytes]","args":[{"element-6066-11e4-a52e-4f735466cecf":"f.0BB93947CC1450395F5B257EF4D67E46.d.D9A5C5131C6A4D8565AA5B84BDF13225.e.6284","ELEMENT":"f.0BB93947CC1450395F5B257EF4D67E46.d.D9A5C5131C6A4D8565AA5B84BDF13225.e.6284"}]}
RESULT: {"script":"<script> [8489 bytes]","args":[{"element-6066-11e4-a52e-4f735466cecf":"f.0BB93947CC1450395F5B257EF4D67E46.d.D9A5C5131C6A4D8565AA5B84BDF13225.e.6284","ELEMENT":"f.0BB93947CC1450395F5B257EF4D67E46.d.D9A5C5131C6A4D8565AA5B84BDF13225.e.6284"}]}
COMMAND: GET /session/e57c885b60fd8cf462a4cfca6f098091/element/f.0BB93947CC1450395F5B257EF4D67E46.d.D9A5C5131C6A4D8565AA5B84BDF13225.e.6284/enabled - {}
COMMAND: GET /session/e57c885b60fd8cf462a4cfca6f098091/screenshot - {}
RESULT: {}
COMMAND: POST /session/e57c885b60fd8cf462a4cfca6f098091/execute/sync - {"script":"<script> [8489 bytes]","args":[{"element-6066-11e4-a52e-4f735466cecf":"f.0BB93947CC1450395F5B257EF4D67E46.d.D9A5C5131C6A4D8565AA5B84BDF13225.e.6284","ELEMENT":"f.0BB93947CC1450395F5B257EF4D67E46.d.D9A5C5131C6A4D8565AA5B84BDF13225.e.6284"}]}
COMMAND: GET /session/e57c885b60fd8cf462a4cfca6f098091/screenshot - {}
RESULT: {}
RESULT: {"script":"<script> [8489 bytes]","args":[{"element-6066-11e4-a52e-4f735466cecf":"f.0BB93947CC1450395F5B257EF4D67E46.d.D9A5C5131C6A4D8565AA5B84BDF13225.e.6284","ELEMENT":"f.0BB93947CC1450395F5B257EF4D67E46.d.D9A5C5131C6A4D8565AA5B84BDF13225.e.6284"}]}
COMMAND: POST /session/e57c885b60fd8cf462a4cfca6f098091/execute/sync - {"script":"<script> [5351 bytes]","args":[{"element-6066-11e4-a52e-4f735466cecf":"f.0BB93947CC1450395F5B257EF4D67E46.d.D9A5C5131C6A4D8565AA5B84BDF13225.e.6284","ELEMENT":"f.0BB93947CC1450395F5B257EF4D67E46.d.D9A5C5131C6A4D8565AA5B84BDF13225.e.6284"}]}
COMMAND: GET /session/e57c885b60fd8cf462a4cfca6f098091/screenshot - {}
RESULT: {}
RESULT: {"script":"<script> [5351 bytes]","args":[{"element-6066-11e4-a52e-4f735466cecf":"f.0BB93947CC1450395F5B257EF4D67E46.d.D9A5C5131C6A4D8565AA5B84BDF13225.e.6284","ELEMENT":"f.0BB93947CC1450395F5B257EF4D67E46.d.D9A5C5131C6A4D8565AA5B84BDF13225.e.6284"}]}
COMMAND: POST /session/e57c885b60fd8cf462a4cfca6f098091/element/f.0BB93947CC1450395F5B257EF4D67E46.d.D9A5C5131C6A4D8565AA5B84BDF13225.e.6284/click - {}
COMMAND: GET /session/e57c885b60fd8cf462a4cfca6f098091/screenshot - {}
RESULT: {}
RESULT: {}
COMMAND: GET /session/e57c885b60fd8cf462a4cfca6f098091/screenshot - {}
RESULT: {}
COMMAND: POST /session/e57c885b60fd8cf462a4cfca6f098091/element - {"using":"xpath","value":"//input[@id=\"application-manageyards-display-component---NewYard--yardId-inner\"]"}
RESULT: {}
RESULT: {"using":"xpath","value":"//input[@id=\"application-manageyards-display-component---NewYard--yardId-inner\"]"}
COMMAND: POST /session/e57c885b60fd8cf462a4cfca6f098091/element - {"using":"xpath","value":"//input[@id=\"application-manageyards-display-component---NewYard--yardId-inner\"]"}
RESULT: {"using":"xpath","value":"//input[@id=\"application-manageyards-display-component---NewYard--yardId-inner\"]"}
COMMAND: POST /session/e57c885b60fd8cf462a4cfca6f098091/execute/async - {"script":"<script> [1562 bytes]","args":[{"selector":{"id":"application-manageyards-display-component---NewYard--addressDetailDetailsName1","interaction":{"idSuffix":"inner"}},"wdio_ui5_key":"applicationmanageyards-display-component---NewYard--addressDetailDetailsName1"}]}
RESULT: {"script":"<script> [1562 bytes]","args":[{"selector":{"id":"application-manageyards-display-component---NewYard--addressDetailDetailsName1","interaction":{"idSuffix":"inner"}},"wdio_ui5_key":"applicationmanageyards-display-component---NewYard--addressDetailDetailsName1"}]}
RESULT: undefined
COMMAND: POST /session/e57c885b60fd8cf462a4cfca6f098091/execute/async - {"script":"<script> [776 bytes]","args":[{"enterText":"Intercompany Yard wdIO","selector":{"id":"application-manageyards-display-component---NewYard--addressDetailDetailsName1","interaction":{"idSuffix":"inner"}},"clearTextFirst":true,"interactionType":"ENTER_TEXT"}]}
RESULT: {"script":"<script> [776 bytes]","args":[{"enterText":"Intercompany Yard wdIO","selector":{"id":"application-manageyards-display-component---NewYard--addressDetailDetailsName1","interaction":{"idSuffix":"inner"}},"clearTextFirst":true,"interactionType":"ENTER_TEXT"}]}
COMMAND: POST /session/e57c885b60fd8cf462a4cfca6f098091/execute/async - {"script":"<script> [1562 bytes]","args":[{"selector":{"id":"application-manageyards-display-component---NewYard--addressDetailDetailsLanguage-arrow"},"wdio_ui5_key":"applicationmanageyards-display-component---NewYard--addressDetailDetailsLanguage-arrow"}]}
RESULT: {"script":"<script> [1562 bytes]","args":[{"selector":{"id":"application-manageyards-display-component---NewYard--addressDetailDetailsLanguage-arrow"},"wdio_ui5_key":"applicationmanageyards-display-component---NewYard--addressDetailDetailsLanguage-arrow"}]}
RESULT: undefined
COMMAND: POST /session/e57c885b60fd8cf462a4cfca6f098091/element - {"using":"xpath","value":"//*[@id=\"application-manageyards-display-component---NewYard--addressDetailDetailsLanguage-arrow\"]"}
RESULT: {"using":"xpath","value":"//*[@id=\"application-manageyards-display-component---NewYard--addressDetailDetailsLanguage-arrow\"]"}
COMMAND: POST /session/e57c885b60fd8cf462a4cfca6f098091/element/f.0BB93947CC1450395F5B257EF4D67E46.d.D9A5C5131C6A4D8565AA5B84BDF13225.e.6707/click - {}
RESULT: {}
COMMAND: POST /session/e57c885b60fd8cf462a4cfca6f098091/element - {"using":"xpath","value":"//span[contains(text(), \"English\")]"}
COMMAND: GET /session/e57c885b60fd8cf462a4cfca6f098091/screenshot - {}
RESULT: {"using":"xpath","value":"//span[contains(text(), \"English\")]"}
COMMAND: POST /session/e57c885b60fd8cf462a4cfca6f098091/element/f.0BB93947CC1450395F5B257EF4D67E46.d.D9A5C5131C6A4D8565AA5B84BDF13225.e.6708/click - {}
RESULT: {}
RESULT: {}
COMMAND: POST /session/e57c885b60fd8cf462a4cfca6f098091/execute/async - {"script":"<script> [1562 bytes]","args":[{"selector":{"id":"application-manageyards-display-component---NewYard--addressDetailDetailsCity1","interaction":{"idSuffix":"inner"}},"wdio_ui5_key":"applicationmanageyards-display-component---NewYard--addressDetailDetailsCity1"}]}
COMMAND: GET /session/e57c885b60fd8cf462a4cfca6f098091/screenshot - {}
RESULT: {"script":"<script> [1562 bytes]","args":[{"selector":{"id":"application-manageyards-display-component---NewYard--addressDetailDetailsCity1","interaction":{"idSuffix":"inner"}},"wdio_ui5_key":"applicationmanageyards-display-component---NewYard--addressDetailDetailsCity1"}]}
RESULT: undefined
COMMAND: POST /session/e57c885b60fd8cf462a4cfca6f098091/execute/async - {"script":"<script> [776 bytes]","args":[{"enterText":"Rosario","selector":{"id":"application-manageyards-display-component---NewYard--addressDetailDetailsCity1","interaction":{"idSuffix":"inner"}},"clearTextFirst":true,"interactionType":"ENTER_TEXT"}]}
RESULT: {}
RESULT: {"script":"<script> [776 bytes]","args":[{"enterText":"Rosario","selector":{"id":"application-manageyards-display-component---NewYard--addressDetailDetailsCity1","interaction":{"idSuffix":"inner"}},"clearTextFirst":true,"interactionType":"ENTER_TEXT"}]}
COMMAND: POST /session/e57c885b60fd8cf462a4cfca6f098091/execute/async - {"script":"<script> [1562 bytes]","args":[{"selector":{"id":"application-manageyards-display-component---NewYard--addressDetailDetailsCountry-arrow"},"wdio_ui5_key":"applicationmanageyards-display-component---NewYard--addressDetailDetailsCountry-arrow"}]}
RESULT: {"script":"<script> [1562 bytes]","args":[{"selector":{"id":"application-manageyards-display-component---NewYard--addressDetailDetailsCountry-arrow"},"wdio_ui5_key":"applicationmanageyards-display-component---NewYard--addressDetailDetailsCountry-arrow"}]}
RESULT: undefined
COMMAND: POST /session/e57c885b60fd8cf462a4cfca6f098091/element - {"using":"xpath","value":"//*[@id=\"application-manageyards-display-component---NewYard--addressDetailDetailsCountry-arrow\"]"}
RESULT: {"using":"xpath","value":"//*[@id=\"application-manageyards-display-component---NewYard--addressDetailDetailsCountry-arrow\"]"}
COMMAND: POST /session/e57c885b60fd8cf462a4cfca6f098091/element/f.0BB93947CC1450395F5B257EF4D67E46.d.D9A5C5131C6A4D8565AA5B84BDF13225.e.6710/click - {}
RESULT: {}
COMMAND: POST /session/e57c885b60fd8cf462a4cfca6f098091/element - {"using":"xpath","value":"//span[contains(text(), \"Argentina\")]"}
COMMAND: GET /session/e57c885b60fd8cf462a4cfca6f098091/screenshot - {}
RESULT: {"using":"xpath","value":"//span[contains(text(), \"Argentina\")]"}
COMMAND: POST /session/e57c885b60fd8cf462a4cfca6f098091/element/f.0BB93947CC1450395F5B257EF4D67E46.d.D9A5C5131C6A4D8565AA5B84BDF13225.e.6712/click - {}
RESULT: {}
RESULT: {}
COMMAND: POST /session/e57c885b60fd8cf462a4cfca6f098091/execute/async - {"script":"<script> [1562 bytes]","args":[{"selector":{"id":"application-manageyards-display-component---NewYard--addressEditDetailsCostObjectCstType-arrow"},"wdio_ui5_key":"applicationmanageyards-display-component---NewYard--addressEditDetailsCostObjectCstType-arrow"}]}
COMMAND: GET /session/e57c885b60fd8cf462a4cfca6f098091/screenshot - {}
RESULT: {"script":"<script> [1562 bytes]","args":[{"selector":{"id":"application-manageyards-display-component---NewYard--addressEditDetailsCostObjectCstType-arrow"},"wdio_ui5_key":"applicationmanageyards-display-component---NewYard--addressEditDetailsCostObjectCstType-arrow"}]}
RESULT: undefined
COMMAND: POST /session/e57c885b60fd8cf462a4cfca6f098091/element - {"using":"xpath","value":"//*[@id=\"application-manageyards-display-component---NewYard--addressEditDetailsCostObjectCstType-arrow\"]"}
RESULT: {}
RESULT: {"using":"xpath","value":"//*[@id=\"application-manageyards-display-component---NewYard--addressEditDetailsCostObjectCstType-arrow\"]"}
COMMAND: POST /session/e57c885b60fd8cf462a4cfca6f098091/element/f.0BB93947CC1450395F5B257EF4D67E46.d.D9A5C5131C6A4D8565AA5B84BDF13225.e.6713/click - {}
RESULT: {}
COMMAND: POST /session/e57c885b60fd8cf462a4cfca6f098091/element - {"using":"xpath","value":"//span[contains(text(), \"Cost Center\")]"}
COMMAND: GET /session/e57c885b60fd8cf462a4cfca6f098091/screenshot - {}
RESULT: {"using":"xpath","value":"//span[contains(text(), \"Cost Center\")]"}
COMMAND: POST /session/e57c885b60fd8cf462a4cfca6f098091/element/f.0BB93947CC1450395F5B257EF4D67E46.d.D9A5C5131C6A4D8565AA5B84BDF13225.e.6714/click - {}
RESULT: {}
RESULT: {}
COMMAND: GET /session/e57c885b60fd8cf462a4cfca6f098091/screenshot - {}
RESULT: {}
COMMAND: POST /session/e57c885b60fd8cf462a4cfca6f098091/element - {"using":"xpath","value":"//span[@id=\"application-manageyards-display-component---NewYard--addressNewCostObjectCstID-vhi\"]"}
RESULT: {"using":"xpath","value":"//span[@id=\"application-manageyards-display-component---NewYard--addressNewCostObjectCstID-vhi\"]"}
COMMAND: POST /session/e57c885b60fd8cf462a4cfca6f098091/execute/sync - {"script":"<script> [8489 bytes]","args":[{"element-6066-11e4-a52e-4f735466cecf":"f.0BB93947CC1450395F5B257EF4D67E46.d.D9A5C5131C6A4D8565AA5B84BDF13225.e.6717","ELEMENT":"f.0BB93947CC1450395F5B257EF4D67E46.d.D9A5C5131C6A4D8565AA5B84BDF13225.e.6717"}]}
RESULT: {"script":"<script> [8489 bytes]","args":[{"element-6066-11e4-a52e-4f735466cecf":"f.0BB93947CC1450395F5B257EF4D67E46.d.D9A5C5131C6A4D8565AA5B84BDF13225.e.6717","ELEMENT":"f.0BB93947CC1450395F5B257EF4D67E46.d.D9A5C5131C6A4D8565AA5B84BDF13225.e.6717"}]}
COMMAND: POST /session/e57c885b60fd8cf462a4cfca6f098091/execute/async - {"script":"<script> [1562 bytes]","args":[{"selector":{"id":"application-manageyards-display-component---NewYard--addressNewCostObjectCstID-vhi"},"wdio_ui5_key":"applicationmanageyards-display-component---NewYard--addressNewCostObjectCstID-vhi"}]}
COMMAND: GET /session/e57c885b60fd8cf462a4cfca6f098091/screenshot - {}
RESULT: {"script":"<script> [1562 bytes]","args":[{"selector":{"id":"application-manageyards-display-component---NewYard--addressNewCostObjectCstID-vhi"},"wdio_ui5_key":"applicationmanageyards-display-component---NewYard--addressNewCostObjectCstID-vhi"}]}
RESULT: undefined
COMMAND: POST /session/e57c885b60fd8cf462a4cfca6f098091/element - {"using":"xpath","value":"//*[@id=\"application-manageyards-display-component---NewYard--addressNewCostObjectCstID-vhi\"]"}
RESULT: {}
RESULT: {"using":"xpath","value":"//*[@id=\"application-manageyards-display-component---NewYard--addressNewCostObjectCstID-vhi\"]"}
COMMAND: POST /session/e57c885b60fd8cf462a4cfca6f098091/element/f.0BB93947CC1450395F5B257EF4D67E46.d.D9A5C5131C6A4D8565AA5B84BDF13225.e.6717/click - {}
RESULT: {}
COMMAND: GET /session/e57c885b60fd8cf462a4cfca6f098091/screenshot - {}
RESULT: {}
COMMAND: POST /session/e57c885b60fd8cf462a4cfca6f098091/execute/async - {"script":"<script> [1562 bytes]","args":[{"selector":{"controlType":"sap.m.SearchField","properties":{"placeholder":"Search"},"searchOpenDialogs":true,"interaction":{"idSuffix":"I"}},"wdio_ui5_key":"sapm.SearchField{\"placeholder\":\"Search\"}"}]}
RESULT: {"script":"<script> [1562 bytes]","args":[{"selector":{"controlType":"sap.m.SearchField","properties":{"placeholder":"Search"},"searchOpenDialogs":true,"interaction":{"idSuffix":"I"}},"wdio_ui5_key":"sapm.SearchField{\"placeholder\":\"Search\"}"}]}
RESULT: undefined
COMMAND: POST /session/e57c885b60fd8cf462a4cfca6f098091/execute/async - {"script":"<script> [776 bytes]","args":[{"enterText":"10001013","selector":{"controlType":"sap.m.SearchField","properties":{"placeholder":"Search"},"searchOpenDialogs":true,"interaction":{"idSuffix":"I"}},"clearTextFirst":true,"interactionType":"ENTER_TEXT"}]}
RESULT: {"script":"<script> [776 bytes]","args":[{"enterText":"10001013","selector":{"controlType":"sap.m.SearchField","properties":{"placeholder":"Search"},"searchOpenDialogs":true,"interaction":{"idSuffix":"I"}},"clearTextFirst":true,"interactionType":"ENTER_TEXT"}]}
COMMAND: POST /session/e57c885b60fd8cf462a4cfca6f098091/actions - {"actions":[{"id":"action19","type":"key","parameters":{},"actions":[{"type":"keyDown","value":"î€‡"},{"type":"pause","duration":10},{"type":"keyUp","value":"î€‡"}]}]}
RESULT: {"actions":[{"id":"action19","type":"key","parameters":{},"actions":[{"type":"keyDown","value":"î€‡"},{"type":"pause","duration":10},{"type":"keyUp","value":"î€‡"}]}]}
COMMAND: GET /session/e57c885b60fd8cf462a4cfca6f098091/screenshot - {}
RESULT: {}
COMMAND: POST /session/e57c885b60fd8cf462a4cfca6f098091/element - {"using":"xpath","value":"//span[contains(text(), \"General Management\")]"}
RESULT: {"using":"xpath","value":"//span[contains(text(), \"General Management\")]"}
COMMAND: POST /session/e57c885b60fd8cf462a4cfca6f098091/element/f.0BB93947CC1450395F5B257EF4D67E46.d.D9A5C5131C6A4D8565AA5B84BDF13225.e.6758/click - {}
RESULT: {}
COMMAND: GET /session/e57c885b60fd8cf462a4cfca6f098091/screenshot - {}
RESULT: {}
COMMAND: POST /session/e57c885b60fd8cf462a4cfca6f098091/element - {"using":"xpath","value":"//bdi[contains(text(), \"OK\")]"}
RESULT: {"using":"xpath","value":"//bdi[contains(text(), \"OK\")]"}
COMMAND: POST /session/e57c885b60fd8cf462a4cfca6f098091/element/f.0BB93947CC1450395F5B257EF4D67E46.d.D9A5C5131C6A4D8565AA5B84BDF13225.e.6759/click - {}
RESULT: {}
COMMAND: GET /session/e57c885b60fd8cf462a4cfca6f098091/screenshot - {}
RESULT: {}
COMMAND: POST /session/e57c885b60fd8cf462a4cfca6f098091/execute/async - {"script":"<script> [1562 bytes]","args":[{"selector":{"id":"application-manageyards-display-component---NewYard--addressEditDetailsCurrency-arrow"},"wdio_ui5_key":"applicationmanageyards-display-component---NewYard--addressEditDetailsCurrency-arrow"}]}
RESULT: {"script":"<script> [1562 bytes]","args":[{"selector":{"id":"application-manageyards-display-component---NewYard--addressEditDetailsCurrency-arrow"},"wdio_ui5_key":"applicationmanageyards-display-component---NewYard--addressEditDetailsCurrency-arrow"}]}
RESULT: undefined
COMMAND: POST /session/e57c885b60fd8cf462a4cfca6f098091/element - {"using":"xpath","value":"//*[@id=\"application-manageyards-display-component---NewYard--addressEditDetailsCurrency-arrow\"]"}
RESULT: {"using":"xpath","value":"//*[@id=\"application-manageyards-display-component---NewYard--addressEditDetailsCurrency-arrow\"]"}
COMMAND: POST /session/e57c885b60fd8cf462a4cfca6f098091/element/f.0BB93947CC1450395F5B257EF4D67E46.d.D9A5C5131C6A4D8565AA5B84BDF13225.e.6762/click - {}
RESULT: {}
COMMAND: POST /session/e57c885b60fd8cf462a4cfca6f098091/element - {"using":"xpath","value":"//span[contains(text(), \"Euro\")]"}
COMMAND: GET /session/e57c885b60fd8cf462a4cfca6f098091/screenshot - {}
RESULT: {"using":"xpath","value":"//span[contains(text(), \"Euro\")]"}
COMMAND: POST /session/e57c885b60fd8cf462a4cfca6f098091/element/f.0BB93947CC1450395F5B257EF4D67E46.d.D9A5C5131C6A4D8565AA5B84BDF13225.e.6763/click - {}
RESULT: {}
RESULT: {}
COMMAND: POST /session/e57c885b60fd8cf462a4cfca6f098091/execute/async - {"script":"<script> [1562 bytes]","args":[{"selector":{"controlType":"sap.m.Input","viewName":"etm.portal.ui.manageyards.view.New","viewId":"application-manageyards-display-component---NewYard","bindingPath":{"path":"","propertyPath":"/CONTROLLING_AREA","modelName":"NewYardModel"},"interaction":{"idSuffix":"inner"}},"wdio_ui5_key":"etmportal.ui.manageyards.view.Newsap.m.Input{\"path\":\"\",\"propertyPath\":\"/CONTROLLING_AREA\",\"modelName\":\"NewYardModel\"}"}]}
COMMAND: GET /session/e57c885b60fd8cf462a4cfca6f098091/screenshot - {}
RESULT: {"script":"<script> [1562 bytes]","args":[{"selector":{"controlType":"sap.m.Input","viewName":"etm.portal.ui.manageyards.view.New","viewId":"application-manageyards-display-component---NewYard","bindingPath":{"path":"","propertyPath":"/CONTROLLING_AREA","modelName":"NewYardModel"},"interaction":{"idSuffix":"inner"}},"wdio_ui5_key":"etmportal.ui.manageyards.view.Newsap.m.Input{\"path\":\"\",\"propertyPath\":\"/CONTROLLING_AREA\",\"modelName\":\"NewYardModel\"}"}]}
RESULT: undefined
COMMAND: POST /session/e57c885b60fd8cf462a4cfca6f098091/execute/async - {"script":"<script> [776 bytes]","args":[{"enterText":"Z001","selector":{"controlType":"sap.m.Input","viewName":"etm.portal.ui.manageyards.view.New","viewId":"application-manageyards-display-component---NewYard","bindingPath":{"path":"","propertyPath":"/CONTROLLING_AREA","modelName":"NewYardModel"},"interaction":{"idSuffix":"inner"}},"clearTextFirst":true,"interactionType":"ENTER_TEXT"}]}
RESULT: {}
RESULT: {"script":"<script> [776 bytes]","args":[{"enterText":"Z001","selector":{"controlType":"sap.m.Input","viewName":"etm.portal.ui.manageyards.view.New","viewId":"application-manageyards-display-component---NewYard","bindingPath":{"path":"","propertyPath":"/CONTROLLING_AREA","modelName":"NewYardModel"},"interaction":{"idSuffix":"inner"}},"clearTextFirst":true,"interactionType":"ENTER_TEXT"}]}
COMMAND: POST /session/e57c885b60fd8cf462a4cfca6f098091/execute/async - {"script":"<script> [1562 bytes]","args":[{"selector":{"id":"application-manageyards-display-component---NewYard--companyCodeComboBox","interaction":{"idSuffix":"inner"}},"wdio_ui5_key":"applicationmanageyards-display-component---NewYard--companyCodeComboBox"}]}
RESULT: {"script":"<script> [1562 bytes]","args":[{"selector":{"id":"application-manageyards-display-component---NewYard--companyCodeComboBox","interaction":{"idSuffix":"inner"}},"wdio_ui5_key":"applicationmanageyards-display-component---NewYard--companyCodeComboBox"}]}
RESULT: undefined
COMMAND: POST /session/e57c885b60fd8cf462a4cfca6f098091/execute/async - {"script":"<script> [776 bytes]","args":[{"enterText":"1000","selector":{"id":"application-manageyards-display-component---NewYard--companyCodeComboBox","interaction":{"idSuffix":"inner"}},"clearTextFirst":true,"interactionType":"ENTER_TEXT"}]}
RESULT: {"script":"<script> [776 bytes]","args":[{"enterText":"1000","selector":{"id":"application-manageyards-display-component---NewYard--companyCodeComboBox","interaction":{"idSuffix":"inner"}},"clearTextFirst":true,"interactionType":"ENTER_TEXT"}]}
COMMAND: POST /session/e57c885b60fd8cf462a4cfca6f098091/execute/async - {"script":"<script> [1562 bytes]","args":[{"selector":{"controlType":"sap.m.Input","viewName":"etm.portal.ui.manageyards.view.New","viewId":"application-manageyards-display-component---NewYard","bindingPath":{"path":"","propertyPath":"/PLANT","modelName":"NewYardModel"},"interaction":{"idSuffix":"inner"}},"wdio_ui5_key":"etmportal.ui.manageyards.view.Newsap.m.Input{\"path\":\"\",\"propertyPath\":\"/PLANT\",\"modelName\":\"NewYardModel\"}"}]}
RESULT: {"script":"<script> [1562 bytes]","args":[{"selector":{"controlType":"sap.m.Input","viewName":"etm.portal.ui.manageyards.view.New","viewId":"application-manageyards-display-component---NewYard","bindingPath":{"path":"","propertyPath":"/PLANT","modelName":"NewYardModel"},"interaction":{"idSuffix":"inner"}},"wdio_ui5_key":"etmportal.ui.manageyards.view.Newsap.m.Input{\"path\":\"\",\"propertyPath\":\"/PLANT\",\"modelName\":\"NewYardModel\"}"}]}
RESULT: undefined
COMMAND: POST /session/e57c885b60fd8cf462a4cfca6f098091/execute/async - {"script":"<script> [776 bytes]","args":[{"enterText":"1001","selector":{"controlType":"sap.m.Input","viewName":"etm.portal.ui.manageyards.view.New","viewId":"application-manageyards-display-component---NewYard","bindingPath":{"path":"","propertyPath":"/PLANT","modelName":"NewYardModel"},"interaction":{"idSuffix":"inner"}},"clearTextFirst":true,"interactionType":"ENTER_TEXT"}]}
RESULT: {"script":"<script> [776 bytes]","args":[{"enterText":"1001","selector":{"controlType":"sap.m.Input","viewName":"etm.portal.ui.manageyards.view.New","viewId":"application-manageyards-display-component---NewYard","bindingPath":{"path":"","propertyPath":"/PLANT","modelName":"NewYardModel"},"interaction":{"idSuffix":"inner"}},"clearTextFirst":true,"interactionType":"ENTER_TEXT"}]}
COMMAND: POST /session/e57c885b60fd8cf462a4cfca6f098091/execute/async - {"script":"<script> [1562 bytes]","args":[{"selector":{"controlType":"sap.m.Input","viewName":"etm.portal.ui.manageyards.view.New","viewId":"application-manageyards-display-component---NewYard","bindingPath":{"path":"","propertyPath":"/SALES_AREA_VKORG","modelName":"NewYardModel"},"interaction":{"idSuffix":"inner"}},"wdio_ui5_key":"etmportal.ui.manageyards.view.Newsap.m.Input{\"path\":\"\",\"propertyPath\":\"/SALES_AREA_VKORG\",\"modelName\":\"NewYardModel\"}"}]}
RESULT: {"script":"<script> [1562 bytes]","args":[{"selector":{"controlType":"sap.m.Input","viewName":"etm.portal.ui.manageyards.view.New","viewId":"application-manageyards-display-component---NewYard","bindingPath":{"path":"","propertyPath":"/SALES_AREA_VKORG","modelName":"NewYardModel"},"interaction":{"idSuffix":"inner"}},"wdio_ui5_key":"etmportal.ui.manageyards.view.Newsap.m.Input{\"path\":\"\",\"propertyPath\":\"/SALES_AREA_VKORG\",\"modelName\":\"NewYardModel\"}"}]}
RESULT: undefined
COMMAND: POST /session/e57c885b60fd8cf462a4cfca6f098091/execute/async - {"script":"<script> [776 bytes]","args":[{"enterText":"C002","selector":{"controlType":"sap.m.Input","viewName":"etm.portal.ui.manageyards.view.New","viewId":"application-manageyards-display-component---NewYard","bindingPath":{"path":"","propertyPath":"/SALES_AREA_VKORG","modelName":"NewYardModel"},"interaction":{"idSuffix":"inner"}},"clearTextFirst":true,"interactionType":"ENTER_TEXT"}]}
RESULT: {"script":"<script> [776 bytes]","args":[{"enterText":"C002","selector":{"controlType":"sap.m.Input","viewName":"etm.portal.ui.manageyards.view.New","viewId":"application-manageyards-display-component---NewYard","bindingPath":{"path":"","propertyPath":"/SALES_AREA_VKORG","modelName":"NewYardModel"},"interaction":{"idSuffix":"inner"}},"clearTextFirst":true,"interactionType":"ENTER_TEXT"}]}
COMMAND: POST /session/e57c885b60fd8cf462a4cfca6f098091/execute/async - {"script":"<script> [1562 bytes]","args":[{"selector":{"controlType":"sap.m.Input","viewName":"etm.portal.ui.manageyards.view.New","viewId":"application-manageyards-display-component---NewYard","bindingPath":{"path":"","propertyPath":"/SALES_AREA_VTWEG","modelName":"NewYardModel"},"interaction":{"idSuffix":"inner"}},"wdio_ui5_key":"etmportal.ui.manageyards.view.Newsap.m.Input{\"path\":\"\",\"propertyPath\":\"/SALES_AREA_VTWEG\",\"modelName\":\"NewYardModel\"}"}]}
RESULT: {"script":"<script> [1562 bytes]","args":[{"selector":{"controlType":"sap.m.Input","viewName":"etm.portal.ui.manageyards.view.New","viewId":"application-manageyards-display-component---NewYard","bindingPath":{"path":"","propertyPath":"/SALES_AREA_VTWEG","modelName":"NewYardModel"},"interaction":{"idSuffix":"inner"}},"wdio_ui5_key":"etmportal.ui.manageyards.view.Newsap.m.Input{\"path\":\"\",\"propertyPath\":\"/SALES_AREA_VTWEG\",\"modelName\":\"NewYardModel\"}"}]}
RESULT: undefined
COMMAND: POST /session/e57c885b60fd8cf462a4cfca6f098091/execute/async - {"script":"<script> [776 bytes]","args":[{"enterText":"C2","selector":{"controlType":"sap.m.Input","viewName":"etm.portal.ui.manageyards.view.New","viewId":"application-manageyards-display-component---NewYard","bindingPath":{"path":"","propertyPath":"/SALES_AREA_VTWEG","modelName":"NewYardModel"},"interaction":{"idSuffix":"inner"}},"clearTextFirst":true,"interactionType":"ENTER_TEXT"}]}
RESULT: {"script":"<script> [776 bytes]","args":[{"enterText":"C2","selector":{"controlType":"sap.m.Input","viewName":"etm.portal.ui.manageyards.view.New","viewId":"application-manageyards-display-component---NewYard","bindingPath":{"path":"","propertyPath":"/SALES_AREA_VTWEG","modelName":"NewYardModel"},"interaction":{"idSuffix":"inner"}},"clearTextFirst":true,"interactionType":"ENTER_TEXT"}]}
COMMAND: POST /session/e57c885b60fd8cf462a4cfca6f098091/execute/async - {"script":"<script> [1562 bytes]","args":[{"selector":{"controlType":"sap.m.Input","viewName":"etm.portal.ui.manageyards.view.New","viewId":"application-manageyards-display-component---NewYard","bindingPath":{"path":"","propertyPath":"/SALES_AREA_SPART","modelName":"NewYardModel"},"interaction":{"idSuffix":"inner"}},"wdio_ui5_key":"etmportal.ui.manageyards.view.Newsap.m.Input{\"path\":\"\",\"propertyPath\":\"/SALES_AREA_SPART\",\"modelName\":\"NewYardModel\"}"}]}
RESULT: {"script":"<script> [1562 bytes]","args":[{"selector":{"controlType":"sap.m.Input","viewName":"etm.portal.ui.manageyards.view.New","viewId":"application-manageyards-display-component---NewYard","bindingPath":{"path":"","propertyPath":"/SALES_AREA_SPART","modelName":"NewYardModel"},"interaction":{"idSuffix":"inner"}},"wdio_ui5_key":"etmportal.ui.manageyards.view.Newsap.m.Input{\"path\":\"\",\"propertyPath\":\"/SALES_AREA_SPART\",\"modelName\":\"NewYardModel\"}"}]}
RESULT: undefined
COMMAND: POST /session/e57c885b60fd8cf462a4cfca6f098091/execute/async - {"script":"<script> [776 bytes]","args":[{"enterText":"C2","selector":{"controlType":"sap.m.Input","viewName":"etm.portal.ui.manageyards.view.New","viewId":"application-manageyards-display-component---NewYard","bindingPath":{"path":"","propertyPath":"/SALES_AREA_SPART","modelName":"NewYardModel"},"interaction":{"idSuffix":"inner"}},"clearTextFirst":true,"interactionType":"ENTER_TEXT"}]}
RESULT: {"script":"<script> [776 bytes]","args":[{"enterText":"C2","selector":{"controlType":"sap.m.Input","viewName":"etm.portal.ui.manageyards.view.New","viewId":"application-manageyards-display-component---NewYard","bindingPath":{"path":"","propertyPath":"/SALES_AREA_SPART","modelName":"NewYardModel"},"interaction":{"idSuffix":"inner"}},"clearTextFirst":true,"interactionType":"ENTER_TEXT"}]}
COMMAND: POST /session/e57c885b60fd8cf462a4cfca6f098091/execute/async - {"script":"<script> [1562 bytes]","args":[{"selector":{"controlType":"sap.m.Input","viewName":"etm.portal.ui.manageyards.view.New","viewId":"application-manageyards-display-component---NewYard","bindingPath":{"path":"","propertyPath":"/SHIP_POINT","modelName":"NewYardModel"},"interaction":{"idSuffix":"inner"}},"wdio_ui5_key":"etmportal.ui.manageyards.view.Newsap.m.Input{\"path\":\"\",\"propertyPath\":\"/SHIP_POINT\",\"modelName\":\"NewYardModel\"}"}]}
RESULT: {"script":"<script> [1562 bytes]","args":[{"selector":{"controlType":"sap.m.Input","viewName":"etm.portal.ui.manageyards.view.New","viewId":"application-manageyards-display-component---NewYard","bindingPath":{"path":"","propertyPath":"/SHIP_POINT","modelName":"NewYardModel"},"interaction":{"idSuffix":"inner"}},"wdio_ui5_key":"etmportal.ui.manageyards.view.Newsap.m.Input{\"path\":\"\",\"propertyPath\":\"/SHIP_POINT\",\"modelName\":\"NewYardModel\"}"}]}
RESULT: undefined
COMMAND: POST /session/e57c885b60fd8cf462a4cfca6f098091/execute/async - {"script":"<script> [776 bytes]","args":[{"enterText":"1710","selector":{"controlType":"sap.m.Input","viewName":"etm.portal.ui.manageyards.view.New","viewId":"application-manageyards-display-component---NewYard","bindingPath":{"path":"","propertyPath":"/SHIP_POINT","modelName":"NewYardModel"},"interaction":{"idSuffix":"inner"}},"clearTextFirst":true,"interactionType":"ENTER_TEXT"}]}
RESULT: {"script":"<script> [776 bytes]","args":[{"enterText":"1710","selector":{"controlType":"sap.m.Input","viewName":"etm.portal.ui.manageyards.view.New","viewId":"application-manageyards-display-component---NewYard","bindingPath":{"path":"","propertyPath":"/SHIP_POINT","modelName":"NewYardModel"},"interaction":{"idSuffix":"inner"}},"clearTextFirst":true,"interactionType":"ENTER_TEXT"}]}
COMMAND: POST /session/e57c885b60fd8cf462a4cfca6f098091/execute/async - {"script":"<script> [1562 bytes]","args":[{"selector":{"controlType":"sap.m.Input","viewName":"etm.portal.ui.manageyards.view.New","viewId":"application-manageyards-display-component---NewYard","bindingPath":{"path":"","propertyPath":"/DELIVERY_TYPE","modelName":"NewYardModel"},"interaction":{"idSuffix":"inner"}},"wdio_ui5_key":"etmportal.ui.manageyards.view.Newsap.m.Input{\"path\":\"\",\"propertyPath\":\"/DELIVERY_TYPE\",\"modelName\":\"NewYardModel\"}"}]}
RESULT: {"script":"<script> [1562 bytes]","args":[{"selector":{"controlType":"sap.m.Input","viewName":"etm.portal.ui.manageyards.view.New","viewId":"application-manageyards-display-component---NewYard","bindingPath":{"path":"","propertyPath":"/DELIVERY_TYPE","modelName":"NewYardModel"},"interaction":{"idSuffix":"inner"}},"wdio_ui5_key":"etmportal.ui.manageyards.view.Newsap.m.Input{\"path\":\"\",\"propertyPath\":\"/DELIVERY_TYPE\",\"modelName\":\"NewYardModel\"}"}]}
RESULT: undefined
COMMAND: POST /session/e57c885b60fd8cf462a4cfca6f098091/execute/async - {"script":"<script> [776 bytes]","args":[{"enterText":"ZL01","selector":{"controlType":"sap.m.Input","viewName":"etm.portal.ui.manageyards.view.New","viewId":"application-manageyards-display-component---NewYard","bindingPath":{"path":"","propertyPath":"/DELIVERY_TYPE","modelName":"NewYardModel"},"interaction":{"idSuffix":"inner"}},"clearTextFirst":true,"interactionType":"ENTER_TEXT"}]}
RESULT: {"script":"<script> [776 bytes]","args":[{"enterText":"ZL01","selector":{"controlType":"sap.m.Input","viewName":"etm.portal.ui.manageyards.view.New","viewId":"application-manageyards-display-component---NewYard","bindingPath":{"path":"","propertyPath":"/DELIVERY_TYPE","modelName":"NewYardModel"},"interaction":{"idSuffix":"inner"}},"clearTextFirst":true,"interactionType":"ENTER_TEXT"}]}
COMMAND: POST /session/e57c885b60fd8cf462a4cfca6f098091/execute/async - {"script":"<script> [1562 bytes]","args":[{"selector":{"controlType":"sap.m.Input","viewName":"etm.portal.ui.manageyards.view.New","viewId":"application-manageyards-display-component---NewYard","bindingPath":{"path":"","propertyPath":"/AUART","modelName":"NewYardModel"},"interaction":{"idSuffix":"inner"}},"wdio_ui5_key":"etmportal.ui.manageyards.view.Newsap.m.Input{\"path\":\"\",\"propertyPath\":\"/AUART\",\"modelName\":\"NewYardModel\"}"}]}
RESULT: {"script":"<script> [1562 bytes]","args":[{"selector":{"controlType":"sap.m.Input","viewName":"etm.portal.ui.manageyards.view.New","viewId":"application-manageyards-display-component---NewYard","bindingPath":{"path":"","propertyPath":"/AUART","modelName":"NewYardModel"},"interaction":{"idSuffix":"inner"}},"wdio_ui5_key":"etmportal.ui.manageyards.view.Newsap.m.Input{\"path\":\"\",\"propertyPath\":\"/AUART\",\"modelName\":\"NewYardModel\"}"}]}
RESULT: undefined
COMMAND: POST /session/e57c885b60fd8cf462a4cfca6f098091/execute/async - {"script":"<script> [776 bytes]","args":[{"enterText":"TA","selector":{"controlType":"sap.m.Input","viewName":"etm.portal.ui.manageyards.view.New","viewId":"application-manageyards-display-component---NewYard","bindingPath":{"path":"","propertyPath":"/AUART","modelName":"NewYardModel"},"interaction":{"idSuffix":"inner"}},"clearTextFirst":true,"interactionType":"ENTER_TEXT"}]}
RESULT: {"script":"<script> [776 bytes]","args":[{"enterText":"TA","selector":{"controlType":"sap.m.Input","viewName":"etm.portal.ui.manageyards.view.New","viewId":"application-manageyards-display-component---NewYard","bindingPath":{"path":"","propertyPath":"/AUART","modelName":"NewYardModel"},"interaction":{"idSuffix":"inner"}},"clearTextFirst":true,"interactionType":"ENTER_TEXT"}]}
COMMAND: POST /session/e57c885b60fd8cf462a4cfca6f098091/element - {"using":"xpath","value":"//button[@data-kt=\"newYardSaveButton\"]"}
RESULT: {"using":"xpath","value":"//button[@data-kt=\"newYardSaveButton\"]"}
COMMAND: POST /session/e57c885b60fd8cf462a4cfca6f098091/element/f.0BB93947CC1450395F5B257EF4D67E46.d.D9A5C5131C6A4D8565AA5B84BDF13225.e.6690/click - {}
RESULT: {}
COMMAND: GET /session/e57c885b60fd8cf462a4cfca6f098091/screenshot - {}
RESULT: {}
COMMAND: POST /session/e57c885b60fd8cf462a4cfca6f098091/element - {"using":"xpath","value":"//header[contains(@id, 'ObjectPageLayout-headerTitle')]/div[1]/div[2]/div[1]/span[1]"}
RESULT: {"using":"xpath","value":"//header[contains(@id, 'ObjectPageLayout-headerTitle')]/div[1]/div[2]/div[1]/span[1]"}
COMMAND: POST /session/e57c885b60fd8cf462a4cfca6f098091/elements - {"using":"xpath","value":"//header[contains(@id, 'ObjectPageLayout-headerTitle')]/div[1]/div[2]/div[1]/span[1]"}
RESULT: {"using":"xpath","value":"//header[contains(@id, 'ObjectPageLayout-headerTitle')]/div[1]/div[2]/div[1]/span[1]"}
COMMAND: POST /session/e57c885b60fd8cf462a4cfca6f098091/execute/sync - {"script":"<script> [56 bytes]","args":[{"element-6066-11e4-a52e-4f735466cecf":"f.0BB93947CC1450395F5B257EF4D67E46.d.D9A5C5131C6A4D8565AA5B84BDF13225.e.6988","ELEMENT":"f.0BB93947CC1450395F5B257EF4D67E46.d.D9A5C5131C6A4D8565AA5B84BDF13225.e.6988"}]}
RESULT: {"script":"<script> [56 bytes]","args":[{"element-6066-11e4-a52e-4f735466cecf":"f.0BB93947CC1450395F5B257EF4D67E46.d.D9A5C5131C6A4D8565AA5B84BDF13225.e.6988","ELEMENT":"f.0BB93947CC1450395F5B257EF4D67E46.d.D9A5C5131C6A4D8565AA5B84BDF13225.e.6988"}]}
COMMAND: GET /session/e57c885b60fd8cf462a4cfca6f098091/screenshot - {}
RESULT: {}
COMMAND: POST /session/e57c885b60fd8cf462a4cfca6f098091/element - {"using":"css selector","value":"#shell-header-logo"}
RESULT: {"using":"css selector","value":"#shell-header-logo"}
COMMAND: POST /session/e57c885b60fd8cf462a4cfca6f098091/element/f.0BB93947CC1450395F5B257EF4D67E46.d.D9A5C5131C6A4D8565AA5B84BDF13225.e.6251/click - {}
RESULT: {}
COMMAND: GET /session/e57c885b60fd8cf462a4cfca6f098091/screenshot - {}
RESULT: {}
COMMAND: POST /session/e57c885b60fd8cf462a4cfca6f098091/execute/sync - {"script":"<script> [299 bytes]","args":[["getModel","getResource"]]}
RESULT: {"script":"<script> [299 bytes]","args":[["getModel","getResource"]]}
]]></system-out>
    </testcase>
    <testcase classname="chrome.135_0_7049_96.windows.Create_master_data_for_mixed_billing_&amp;_do_billing_calculation_US151661" name="Should create a new partner" time="130.752">
      <system-out><![CDATA[
COMMAND: GET /session/e57c885b60fd8cf462a4cfca6f098091/screenshot - {}
COMMAND: POST /session/e57c885b60fd8cf462a4cfca6f098091/window/fullscreen - {}
RESULT: {}
RESULT: {}
COMMAND: POST /session/e57c885b60fd8cf462a4cfca6f098091/execute/async - {"script":"<script> [1562 bytes]","args":[{"selector":{"controlType":"sap.m.GenericTile","properties":{"header":"Manage Partners"}},"wdio_ui5_key":"sapm.GenericTile{\"header\":\"Manage Partners\"}"}]}
RESULT: {"script":"<script> [1562 bytes]","args":[{"selector":{"controlType":"sap.m.GenericTile","properties":{"header":"Manage Partners"}},"wdio_ui5_key":"sapm.GenericTile{\"header\":\"Manage Partners\"}"}]}
RESULT: undefined
COMMAND: POST /session/e57c885b60fd8cf462a4cfca6f098091/element - {"using":"xpath","value":"//*[@id=\"__tile38\"]"}
RESULT: {"using":"xpath","value":"//*[@id=\"__tile38\"]"}
COMMAND: POST /session/e57c885b60fd8cf462a4cfca6f098091/element/f.0BB93947CC1450395F5B257EF4D67E46.d.D9A5C5131C6A4D8565AA5B84BDF13225.e.6141/click - {}
RESULT: {}
COMMAND: POST /session/e57c885b60fd8cf462a4cfca6f098091/element - {"using":"xpath","value":"//button[@data-kt=\"addButton\"]"}
COMMAND: GET /session/e57c885b60fd8cf462a4cfca6f098091/screenshot - {}
RESULT: {"using":"xpath","value":"//button[@data-kt=\"addButton\"]"}
COMMAND: POST /session/e57c885b60fd8cf462a4cfca6f098091/elements - {"using":"xpath","value":"//button[@data-kt=\"addButton\"]"}
RESULT: {}
RESULT: {"using":"xpath","value":"//button[@data-kt=\"addButton\"]"}
COMMAND: POST /session/e57c885b60fd8cf462a4cfca6f098091/elements - {"using":"xpath","value":"//button[@data-kt=\"addButton\"]"}
RESULT: {"using":"xpath","value":"//button[@data-kt=\"addButton\"]"}
COMMAND: POST /session/e57c885b60fd8cf462a4cfca6f098091/elements - {"using":"xpath","value":"//button[@data-kt=\"addButton\"]"}
RESULT: {"using":"xpath","value":"//button[@data-kt=\"addButton\"]"}
COMMAND: POST /session/e57c885b60fd8cf462a4cfca6f098091/elements - {"using":"xpath","value":"//button[@data-kt=\"addButton\"]"}
RESULT: {"using":"xpath","value":"//button[@data-kt=\"addButton\"]"}
COMMAND: POST /session/e57c885b60fd8cf462a4cfca6f098091/elements - {"using":"xpath","value":"//button[@data-kt=\"addButton\"]"}
RESULT: {"using":"xpath","value":"//button[@data-kt=\"addButton\"]"}
COMMAND: POST /session/e57c885b60fd8cf462a4cfca6f098091/elements - {"using":"xpath","value":"//button[@data-kt=\"addButton\"]"}
RESULT: {"using":"xpath","value":"//button[@data-kt=\"addButton\"]"}
COMMAND: POST /session/e57c885b60fd8cf462a4cfca6f098091/elements - {"using":"xpath","value":"//button[@data-kt=\"addButton\"]"}
RESULT: {"using":"xpath","value":"//button[@data-kt=\"addButton\"]"}
COMMAND: POST /session/e57c885b60fd8cf462a4cfca6f098091/elements - {"using":"xpath","value":"//button[@data-kt=\"addButton\"]"}
RESULT: {"using":"xpath","value":"//button[@data-kt=\"addButton\"]"}
COMMAND: POST /session/e57c885b60fd8cf462a4cfca6f098091/elements - {"using":"xpath","value":"//button[@data-kt=\"addButton\"]"}
RESULT: {"using":"xpath","value":"//button[@data-kt=\"addButton\"]"}
COMMAND: POST /session/e57c885b60fd8cf462a4cfca6f098091/elements - {"using":"xpath","value":"//button[@data-kt=\"addButton\"]"}
RESULT: {"using":"xpath","value":"//button[@data-kt=\"addButton\"]"}
COMMAND: POST /session/e57c885b60fd8cf462a4cfca6f098091/elements - {"using":"xpath","value":"//button[@data-kt=\"addButton\"]"}
RESULT: {"using":"xpath","value":"//button[@data-kt=\"addButton\"]"}
COMMAND: POST /session/e57c885b60fd8cf462a4cfca6f098091/elements - {"using":"xpath","value":"//button[@data-kt=\"addButton\"]"}
RESULT: {"using":"xpath","value":"//button[@data-kt=\"addButton\"]"}
COMMAND: POST /session/e57c885b60fd8cf462a4cfca6f098091/elements - {"using":"xpath","value":"//button[@data-kt=\"addButton\"]"}
RESULT: {"using":"xpath","value":"//button[@data-kt=\"addButton\"]"}
COMMAND: POST /session/e57c885b60fd8cf462a4cfca6f098091/element - {"using":"xpath","value":"//button[@data-kt=\"addButton\"]"}
RESULT: {"using":"xpath","value":"//button[@data-kt=\"addButton\"]"}
COMMAND: POST /session/e57c885b60fd8cf462a4cfca6f098091/execute/sync - {"script":"<script> [8489 bytes]","args":[{"element-6066-11e4-a52e-4f735466cecf":"f.0BB93947CC1450395F5B257EF4D67E46.d.D9A5C5131C6A4D8565AA5B84BDF13225.e.7025","ELEMENT":"f.0BB93947CC1450395F5B257EF4D67E46.d.D9A5C5131C6A4D8565AA5B84BDF13225.e.7025"}]}
RESULT: {"script":"<script> [8489 bytes]","args":[{"element-6066-11e4-a52e-4f735466cecf":"f.0BB93947CC1450395F5B257EF4D67E46.d.D9A5C5131C6A4D8565AA5B84BDF13225.e.7025","ELEMENT":"f.0BB93947CC1450395F5B257EF4D67E46.d.D9A5C5131C6A4D8565AA5B84BDF13225.e.7025"}]}
COMMAND: GET /session/e57c885b60fd8cf462a4cfca6f098091/element/f.0BB93947CC1450395F5B257EF4D67E46.d.D9A5C5131C6A4D8565AA5B84BDF13225.e.7025/enabled - {}
COMMAND: GET /session/e57c885b60fd8cf462a4cfca6f098091/screenshot - {}
RESULT: {}
COMMAND: POST /session/e57c885b60fd8cf462a4cfca6f098091/execute/sync - {"script":"<script> [8489 bytes]","args":[{"element-6066-11e4-a52e-4f735466cecf":"f.0BB93947CC1450395F5B257EF4D67E46.d.D9A5C5131C6A4D8565AA5B84BDF13225.e.7025","ELEMENT":"f.0BB93947CC1450395F5B257EF4D67E46.d.D9A5C5131C6A4D8565AA5B84BDF13225.e.7025"}]}
COMMAND: GET /session/e57c885b60fd8cf462a4cfca6f098091/screenshot - {}
RESULT: {}
RESULT: {"script":"<script> [8489 bytes]","args":[{"element-6066-11e4-a52e-4f735466cecf":"f.0BB93947CC1450395F5B257EF4D67E46.d.D9A5C5131C6A4D8565AA5B84BDF13225.e.7025","ELEMENT":"f.0BB93947CC1450395F5B257EF4D67E46.d.D9A5C5131C6A4D8565AA5B84BDF13225.e.7025"}]}
COMMAND: POST /session/e57c885b60fd8cf462a4cfca6f098091/execute/sync - {"script":"<script> [5351 bytes]","args":[{"element-6066-11e4-a52e-4f735466cecf":"f.0BB93947CC1450395F5B257EF4D67E46.d.D9A5C5131C6A4D8565AA5B84BDF13225.e.7025","ELEMENT":"f.0BB93947CC1450395F5B257EF4D67E46.d.D9A5C5131C6A4D8565AA5B84BDF13225.e.7025"}]}
COMMAND: GET /session/e57c885b60fd8cf462a4cfca6f098091/screenshot - {}
RESULT: {}
RESULT: {"script":"<script> [5351 bytes]","args":[{"element-6066-11e4-a52e-4f735466cecf":"f.0BB93947CC1450395F5B257EF4D67E46.d.D9A5C5131C6A4D8565AA5B84BDF13225.e.7025","ELEMENT":"f.0BB93947CC1450395F5B257EF4D67E46.d.D9A5C5131C6A4D8565AA5B84BDF13225.e.7025"}]}
COMMAND: POST /session/e57c885b60fd8cf462a4cfca6f098091/element/f.0BB93947CC1450395F5B257EF4D67E46.d.D9A5C5131C6A4D8565AA5B84BDF13225.e.7025/click - {}
COMMAND: GET /session/e57c885b60fd8cf462a4cfca6f098091/screenshot - {}
RESULT: {}
RESULT: {}
COMMAND: GET /session/e57c885b60fd8cf462a4cfca6f098091/screenshot - {}
COMMAND: POST /session/e57c885b60fd8cf462a4cfca6f098091/execute/async - {"script":"<script> [1562 bytes]","args":[{"selector":{"id":"application-managepartners-display-component---NewPartner--addressDetailDetailsName1","interaction":{"idSuffix":"inner"}},"wdio_ui5_key":"applicationmanagepartners-display-component---NewPartner--addressDetailDetailsName1"}]}
RESULT: {}
RESULT: {}
RESULT: {"script":"<script> [1562 bytes]","args":[{"selector":{"id":"application-managepartners-display-component---NewPartner--addressDetailDetailsName1","interaction":{"idSuffix":"inner"}},"wdio_ui5_key":"applicationmanagepartners-display-component---NewPartner--addressDetailDetailsName1"}]}
RESULT: undefined
COMMAND: POST /session/e57c885b60fd8cf462a4cfca6f098091/execute/async - {"script":"<script> [776 bytes]","args":[{"enterText":"Intercompany Partner WDIO","selector":{"id":"application-managepartners-display-component---NewPartner--addressDetailDetailsName1","interaction":{"idSuffix":"inner"}},"clearTextFirst":true,"interactionType":"ENTER_TEXT"}]}
RESULT: {"script":"<script> [776 bytes]","args":[{"enterText":"Intercompany Partner WDIO","selector":{"id":"application-managepartners-display-component---NewPartner--addressDetailDetailsName1","interaction":{"idSuffix":"inner"}},"clearTextFirst":true,"interactionType":"ENTER_TEXT"}]}
COMMAND: POST /session/e57c885b60fd8cf462a4cfca6f098091/execute/async - {"script":"<script> [1562 bytes]","args":[{"selector":{"id":"application-managepartners-display-component---NewPartner--addressDetailDetailsLanguage-arrow"},"wdio_ui5_key":"applicationmanagepartners-display-component---NewPartner--addressDetailDetailsLanguage-arrow"}]}
RESULT: {"script":"<script> [1562 bytes]","args":[{"selector":{"id":"application-managepartners-display-component---NewPartner--addressDetailDetailsLanguage-arrow"},"wdio_ui5_key":"applicationmanagepartners-display-component---NewPartner--addressDetailDetailsLanguage-arrow"}]}
RESULT: undefined
COMMAND: POST /session/e57c885b60fd8cf462a4cfca6f098091/element - {"using":"xpath","value":"//*[@id=\"application-managepartners-display-component---NewPartner--addressDetailDetailsLanguage-arrow\"]"}
RESULT: {"using":"xpath","value":"//*[@id=\"application-managepartners-display-component---NewPartner--addressDetailDetailsLanguage-arrow\"]"}
COMMAND: POST /session/e57c885b60fd8cf462a4cfca6f098091/element/f.0BB93947CC1450395F5B257EF4D67E46.d.D9A5C5131C6A4D8565AA5B84BDF13225.e.7467/click - {}
RESULT: {}
COMMAND: POST /session/e57c885b60fd8cf462a4cfca6f098091/element - {"using":"xpath","value":"//span[contains(text(), \"English\")]"}
COMMAND: GET /session/e57c885b60fd8cf462a4cfca6f098091/screenshot - {}
RESULT: {"using":"xpath","value":"//span[contains(text(), \"English\")]"}
COMMAND: POST /session/e57c885b60fd8cf462a4cfca6f098091/element/f.0BB93947CC1450395F5B257EF4D67E46.d.D9A5C5131C6A4D8565AA5B84BDF13225.e.7468/click - {}
RESULT: {}
RESULT: {}
COMMAND: GET /session/e57c885b60fd8cf462a4cfca6f098091/screenshot - {}
RESULT: {}
COMMAND: POST /session/e57c885b60fd8cf462a4cfca6f098091/execute/async - {"script":"<script> [1562 bytes]","args":[{"selector":{"id":"application-managepartners-display-component---NewPartner--addressDetailDetailsCity1","interaction":{"idSuffix":"inner"}},"wdio_ui5_key":"applicationmanagepartners-display-component---NewPartner--addressDetailDetailsCity1"}]}
RESULT: {"script":"<script> [1562 bytes]","args":[{"selector":{"id":"application-managepartners-display-component---NewPartner--addressDetailDetailsCity1","interaction":{"idSuffix":"inner"}},"wdio_ui5_key":"applicationmanagepartners-display-component---NewPartner--addressDetailDetailsCity1"}]}
RESULT: undefined
COMMAND: POST /session/e57c885b60fd8cf462a4cfca6f098091/execute/async - {"script":"<script> [776 bytes]","args":[{"enterText":"Rosario","selector":{"id":"application-managepartners-display-component---NewPartner--addressDetailDetailsCity1","interaction":{"idSuffix":"inner"}},"clearTextFirst":true,"interactionType":"ENTER_TEXT"}]}
RESULT: {"script":"<script> [776 bytes]","args":[{"enterText":"Rosario","selector":{"id":"application-managepartners-display-component---NewPartner--addressDetailDetailsCity1","interaction":{"idSuffix":"inner"}},"clearTextFirst":true,"interactionType":"ENTER_TEXT"}]}
COMMAND: POST /session/e57c885b60fd8cf462a4cfca6f098091/execute/async - {"script":"<script> [1562 bytes]","args":[{"selector":{"id":"application-managepartners-display-component---NewPartner--addressDetailDetailsCountry-arrow"},"wdio_ui5_key":"applicationmanagepartners-display-component---NewPartner--addressDetailDetailsCountry-arrow"}]}
RESULT: {"script":"<script> [1562 bytes]","args":[{"selector":{"id":"application-managepartners-display-component---NewPartner--addressDetailDetailsCountry-arrow"},"wdio_ui5_key":"applicationmanagepartners-display-component---NewPartner--addressDetailDetailsCountry-arrow"}]}
RESULT: undefined
COMMAND: POST /session/e57c885b60fd8cf462a4cfca6f098091/element - {"using":"xpath","value":"//*[@id=\"application-managepartners-display-component---NewPartner--addressDetailDetailsCountry-arrow\"]"}
RESULT: {"using":"xpath","value":"//*[@id=\"application-managepartners-display-component---NewPartner--addressDetailDetailsCountry-arrow\"]"}
COMMAND: POST /session/e57c885b60fd8cf462a4cfca6f098091/element/f.0BB93947CC1450395F5B257EF4D67E46.d.D9A5C5131C6A4D8565AA5B84BDF13225.e.7428/click - {}
RESULT: {}
COMMAND: POST /session/e57c885b60fd8cf462a4cfca6f098091/element - {"using":"xpath","value":"//span[contains(text(), \"Argentina\")]"}
COMMAND: GET /session/e57c885b60fd8cf462a4cfca6f098091/screenshot - {}
RESULT: {"using":"xpath","value":"//span[contains(text(), \"Argentina\")]"}
COMMAND: POST /session/e57c885b60fd8cf462a4cfca6f098091/element/f.0BB93947CC1450395F5B257EF4D67E46.d.D9A5C5131C6A4D8565AA5B84BDF13225.e.7470/click - {}
RESULT: {}
RESULT: {}
COMMAND: GET /session/e57c885b60fd8cf462a4cfca6f098091/screenshot - {}
RESULT: {}
COMMAND: POST /session/e57c885b60fd8cf462a4cfca6f098091/element - {"using":"xpath","value":"//bdi[contains(text(), \"Commercial\")]"}
RESULT: {"using":"xpath","value":"//bdi[contains(text(), \"Commercial\")]"}
COMMAND: POST /session/e57c885b60fd8cf462a4cfca6f098091/element/f.0BB93947CC1450395F5B257EF4D67E46.d.D9A5C5131C6A4D8565AA5B84BDF13225.e.7471/click - {}
RESULT: {}
COMMAND: GET /session/e57c885b60fd8cf462a4cfca6f098091/screenshot - {}
RESULT: {}
COMMAND: POST /session/e57c885b60fd8cf462a4cfca6f098091/execute/async - {"script":"<script> [1562 bytes]","args":[{"selector":{"id":"application-managepartners-display-component---NewPartner--partnerDetailInternal-arrow"},"wdio_ui5_key":"applicationmanagepartners-display-component---NewPartner--partnerDetailInternal-arrow"}]}
RESULT: {"script":"<script> [1562 bytes]","args":[{"selector":{"id":"application-managepartners-display-component---NewPartner--partnerDetailInternal-arrow"},"wdio_ui5_key":"applicationmanagepartners-display-component---NewPartner--partnerDetailInternal-arrow"}]}
RESULT: undefined
COMMAND: POST /session/e57c885b60fd8cf462a4cfca6f098091/element - {"using":"xpath","value":"//*[@id=\"application-managepartners-display-component---NewPartner--partnerDetailInternal-arrow\"]"}
RESULT: {"using":"xpath","value":"//*[@id=\"application-managepartners-display-component---NewPartner--partnerDetailInternal-arrow\"]"}
COMMAND: POST /session/e57c885b60fd8cf462a4cfca6f098091/element/f.0BB93947CC1450395F5B257EF4D67E46.d.D9A5C5131C6A4D8565AA5B84BDF13225.e.7477/click - {}
RESULT: {}
COMMAND: POST /session/e57c885b60fd8cf462a4cfca6f098091/element - {"using":"xpath","value":"//span[contains(text(), \"Affiliated company\")]"}
COMMAND: GET /session/e57c885b60fd8cf462a4cfca6f098091/screenshot - {}
RESULT: {"using":"xpath","value":"//span[contains(text(), \"Affiliated company\")]"}
COMMAND: POST /session/e57c885b60fd8cf462a4cfca6f098091/element/f.0BB93947CC1450395F5B257EF4D67E46.d.D9A5C5131C6A4D8565AA5B84BDF13225.e.7480/click - {}
RESULT: {}
RESULT: {}
COMMAND: POST /session/e57c885b60fd8cf462a4cfca6f098091/execute/async - {"script":"<script> [1562 bytes]","args":[{"selector":{"id":"application-managepartners-display-component---NewPartner--partnerDetailsCurrency-arrow"},"wdio_ui5_key":"applicationmanagepartners-display-component---NewPartner--partnerDetailsCurrency-arrow"}]}
COMMAND: GET /session/e57c885b60fd8cf462a4cfca6f098091/screenshot - {}
RESULT: {"script":"<script> [1562 bytes]","args":[{"selector":{"id":"application-managepartners-display-component---NewPartner--partnerDetailsCurrency-arrow"},"wdio_ui5_key":"applicationmanagepartners-display-component---NewPartner--partnerDetailsCurrency-arrow"}]}
RESULT: undefined
COMMAND: POST /session/e57c885b60fd8cf462a4cfca6f098091/element - {"using":"xpath","value":"//*[@id=\"application-managepartners-display-component---NewPartner--partnerDetailsCurrency-arrow\"]"}
RESULT: {}
RESULT: {"using":"xpath","value":"//*[@id=\"application-managepartners-display-component---NewPartner--partnerDetailsCurrency-arrow\"]"}
COMMAND: POST /session/e57c885b60fd8cf462a4cfca6f098091/element/f.0BB93947CC1450395F5B257EF4D67E46.d.D9A5C5131C6A4D8565AA5B84BDF13225.e.7487/click - {}
RESULT: {}
COMMAND: POST /session/e57c885b60fd8cf462a4cfca6f098091/element - {"using":"xpath","value":"//span[contains(text(), \"Euro\")]"}
COMMAND: GET /session/e57c885b60fd8cf462a4cfca6f098091/screenshot - {}
RESULT: {"using":"xpath","value":"//span[contains(text(), \"Euro\")]"}
COMMAND: POST /session/e57c885b60fd8cf462a4cfca6f098091/element/f.0BB93947CC1450395F5B257EF4D67E46.d.D9A5C5131C6A4D8565AA5B84BDF13225.e.7488/click - {}
RESULT: {}
RESULT: {}
COMMAND: POST /session/e57c885b60fd8cf462a4cfca6f098091/execute/async - {"script":"<script> [1562 bytes]","args":[{"selector":{"id":"application-managepartners-display-component---NewPartner--addressEditDetailsCostObjectCstType-arrow"},"wdio_ui5_key":"applicationmanagepartners-display-component---NewPartner--addressEditDetailsCostObjectCstType-arrow"}]}
COMMAND: GET /session/e57c885b60fd8cf462a4cfca6f098091/screenshot - {}
RESULT: {"script":"<script> [1562 bytes]","args":[{"selector":{"id":"application-managepartners-display-component---NewPartner--addressEditDetailsCostObjectCstType-arrow"},"wdio_ui5_key":"applicationmanagepartners-display-component---NewPartner--addressEditDetailsCostObjectCstType-arrow"}]}
RESULT: undefined
COMMAND: POST /session/e57c885b60fd8cf462a4cfca6f098091/element - {"using":"xpath","value":"//*[@id=\"application-managepartners-display-component---NewPartner--addressEditDetailsCostObjectCstType-arrow\"]"}
RESULT: {}
RESULT: {"using":"xpath","value":"//*[@id=\"application-managepartners-display-component---NewPartner--addressEditDetailsCostObjectCstType-arrow\"]"}
COMMAND: POST /session/e57c885b60fd8cf462a4cfca6f098091/element/f.0BB93947CC1450395F5B257EF4D67E46.d.D9A5C5131C6A4D8565AA5B84BDF13225.e.7489/click - {}
RESULT: {}
COMMAND: POST /session/e57c885b60fd8cf462a4cfca6f098091/element - {"using":"xpath","value":"//span[contains(text(), \"Cost Center\")]"}
COMMAND: GET /session/e57c885b60fd8cf462a4cfca6f098091/screenshot - {}
RESULT: {"using":"xpath","value":"//span[contains(text(), \"Cost Center\")]"}
COMMAND: POST /session/e57c885b60fd8cf462a4cfca6f098091/element/f.0BB93947CC1450395F5B257EF4D67E46.d.D9A5C5131C6A4D8565AA5B84BDF13225.e.7490/click - {}
RESULT: {}
RESULT: {}
COMMAND: GET /session/e57c885b60fd8cf462a4cfca6f098091/screenshot - {}
RESULT: {}
COMMAND: POST /session/e57c885b60fd8cf462a4cfca6f098091/element - {"using":"xpath","value":"//span[@id=\"application-managepartners-display-component---NewPartner--addressNewCostObjectCstID-vhi\"]"}
RESULT: {"using":"xpath","value":"//span[@id=\"application-managepartners-display-component---NewPartner--addressNewCostObjectCstID-vhi\"]"}
COMMAND: POST /session/e57c885b60fd8cf462a4cfca6f098091/execute/sync - {"script":"<script> [8489 bytes]","args":[{"element-6066-11e4-a52e-4f735466cecf":"f.0BB93947CC1450395F5B257EF4D67E46.d.D9A5C5131C6A4D8565AA5B84BDF13225.e.7493","ELEMENT":"f.0BB93947CC1450395F5B257EF4D67E46.d.D9A5C5131C6A4D8565AA5B84BDF13225.e.7493"}]}
RESULT: {"script":"<script> [8489 bytes]","args":[{"element-6066-11e4-a52e-4f735466cecf":"f.0BB93947CC1450395F5B257EF4D67E46.d.D9A5C5131C6A4D8565AA5B84BDF13225.e.7493","ELEMENT":"f.0BB93947CC1450395F5B257EF4D67E46.d.D9A5C5131C6A4D8565AA5B84BDF13225.e.7493"}]}
COMMAND: POST /session/e57c885b60fd8cf462a4cfca6f098091/execute/async - {"script":"<script> [1562 bytes]","args":[{"selector":{"id":"application-managepartners-display-component---NewPartner--addressNewCostObjectCstID-vhi"},"wdio_ui5_key":"applicationmanagepartners-display-component---NewPartner--addressNewCostObjectCstID-vhi"}]}
COMMAND: GET /session/e57c885b60fd8cf462a4cfca6f098091/screenshot - {}
RESULT: {"script":"<script> [1562 bytes]","args":[{"selector":{"id":"application-managepartners-display-component---NewPartner--addressNewCostObjectCstID-vhi"},"wdio_ui5_key":"applicationmanagepartners-display-component---NewPartner--addressNewCostObjectCstID-vhi"}]}
RESULT: undefined
COMMAND: POST /session/e57c885b60fd8cf462a4cfca6f098091/element - {"using":"xpath","value":"//*[@id=\"application-managepartners-display-component---NewPartner--addressNewCostObjectCstID-vhi\"]"}
RESULT: {}
RESULT: {"using":"xpath","value":"//*[@id=\"application-managepartners-display-component---NewPartner--addressNewCostObjectCstID-vhi\"]"}
COMMAND: POST /session/e57c885b60fd8cf462a4cfca6f098091/element/f.0BB93947CC1450395F5B257EF4D67E46.d.D9A5C5131C6A4D8565AA5B84BDF13225.e.7493/click - {}
RESULT: {}
COMMAND: GET /session/e57c885b60fd8cf462a4cfca6f098091/screenshot - {}
RESULT: {}
RESULT: undefined
COMMAND: POST /session/e57c885b60fd8cf462a4cfca6f098091/execute/async - {"script":"<script> [776 bytes]","args":[{"enterText":"10001013","selector":{"controlType":"sap.m.SearchField","properties":{"placeholder":"Search"},"searchOpenDialogs":true,"interaction":{"idSuffix":"I"}},"clearTextFirst":true,"interactionType":"ENTER_TEXT"}]}
RESULT: {"script":"<script> [776 bytes]","args":[{"enterText":"10001013","selector":{"controlType":"sap.m.SearchField","properties":{"placeholder":"Search"},"searchOpenDialogs":true,"interaction":{"idSuffix":"I"}},"clearTextFirst":true,"interactionType":"ENTER_TEXT"}]}
COMMAND: POST /session/e57c885b60fd8cf462a4cfca6f098091/actions - {"actions":[{"id":"action20","type":"key","parameters":{},"actions":[{"type":"keyDown","value":"î€‡"},{"type":"pause","duration":10},{"type":"keyUp","value":"î€‡"}]}]}
RESULT: {"actions":[{"id":"action20","type":"key","parameters":{},"actions":[{"type":"keyDown","value":"î€‡"},{"type":"pause","duration":10},{"type":"keyUp","value":"î€‡"}]}]}
COMMAND: GET /session/e57c885b60fd8cf462a4cfca6f098091/screenshot - {}
RESULT: {}
COMMAND: POST /session/e57c885b60fd8cf462a4cfca6f098091/element - {"using":"xpath","value":"//span[contains(text(), \"General Management\")]"}
RESULT: {"using":"xpath","value":"//span[contains(text(), \"General Management\")]"}
COMMAND: POST /session/e57c885b60fd8cf462a4cfca6f098091/element/f.0BB93947CC1450395F5B257EF4D67E46.d.D9A5C5131C6A4D8565AA5B84BDF13225.e.7529/click - {}
RESULT: {}
COMMAND: GET /session/e57c885b60fd8cf462a4cfca6f098091/screenshot - {}
RESULT: {}
COMMAND: POST /session/e57c885b60fd8cf462a4cfca6f098091/element - {"using":"xpath","value":"//bdi[contains(text(), \"OK\")]"}
RESULT: {"using":"xpath","value":"//bdi[contains(text(), \"OK\")]"}
COMMAND: POST /session/e57c885b60fd8cf462a4cfca6f098091/element/f.0BB93947CC1450395F5B257EF4D67E46.d.D9A5C5131C6A4D8565AA5B84BDF13225.e.7530/click - {}
RESULT: {}
COMMAND: GET /session/e57c885b60fd8cf462a4cfca6f098091/screenshot - {}
RESULT: {}
COMMAND: POST /session/e57c885b60fd8cf462a4cfca6f098091/element - {"using":"xpath","value":"//input[@id=\"application-managepartners-display-component---NewPartner--companyCodeComboBox-inner\"]"}
RESULT: {"using":"xpath","value":"//input[@id=\"application-managepartners-display-component---NewPartner--companyCodeComboBox-inner\"]"}
COMMAND: POST /session/e57c885b60fd8cf462a4cfca6f098091/element/f.0BB93947CC1450395F5B257EF4D67E46.d.D9A5C5131C6A4D8565AA5B84BDF13225.e.7380/clear - {}
RESULT: {}
COMMAND: POST /session/e57c885b60fd8cf462a4cfca6f098091/element/f.0BB93947CC1450395F5B257EF4D67E46.d.D9A5C5131C6A4D8565AA5B84BDF13225.e.7380/value - {"text":"C002"}
COMMAND: GET /session/e57c885b60fd8cf462a4cfca6f098091/screenshot - {}
RESULT: {"text":"C002"}
COMMAND: GET /session/e57c885b60fd8cf462a4cfca6f098091/screenshot - {}
RESULT: {}
RESULT: {}
COMMAND: POST /session/e57c885b60fd8cf462a4cfca6f098091/element - {"using":"xpath","value":"//span[contains(text(), \"C002\")]"}
RESULT: {"using":"xpath","value":"//span[contains(text(), \"C002\")]"}
COMMAND: POST /session/e57c885b60fd8cf462a4cfca6f098091/element/f.0BB93947CC1450395F5B257EF4D67E46.d.D9A5C5131C6A4D8565AA5B84BDF13225.e.7536/click - {}
RESULT: {}
COMMAND: GET /session/e57c885b60fd8cf462a4cfca6f098091/screenshot - {}
RESULT: {}
COMMAND: POST /session/e57c885b60fd8cf462a4cfca6f098091/execute/async - {"script":"<script> [1562 bytes]","args":[{"selector":{"id":"application-managepartners-display-component---NewPartner--btnAddTableRow-img"},"wdio_ui5_key":"applicationmanagepartners-display-component---NewPartner--btnAddTableRow-img"}]}
RESULT: {"script":"<script> [1562 bytes]","args":[{"selector":{"id":"application-managepartners-display-component---NewPartner--btnAddTableRow-img"},"wdio_ui5_key":"applicationmanagepartners-display-component---NewPartner--btnAddTableRow-img"}]}
RESULT: undefined
COMMAND: POST /session/e57c885b60fd8cf462a4cfca6f098091/element - {"using":"xpath","value":"//*[@id=\"application-managepartners-display-component---NewPartner--btnAddTableRow-img\"]"}
RESULT: {"using":"xpath","value":"//*[@id=\"application-managepartners-display-component---NewPartner--btnAddTableRow-img\"]"}
COMMAND: POST /session/e57c885b60fd8cf462a4cfca6f098091/element/f.0BB93947CC1450395F5B257EF4D67E46.d.D9A5C5131C6A4D8565AA5B84BDF13225.e.7537/click - {}
RESULT: {}
COMMAND: GET /session/e57c885b60fd8cf462a4cfca6f098091/screenshot - {}
RESULT: {}
COMMAND: POST /session/e57c885b60fd8cf462a4cfca6f098091/element - {"using":"xpath","value":"//input[@id=\"application-managepartners-display-component---NewPartner--assignmentYard-application-managepartners-display-component---NewPartner--assignmentsTable-0-inner\"]"}
RESULT: {"using":"xpath","value":"//input[@id=\"application-managepartners-display-component---NewPartner--assignmentYard-application-managepartners-display-component---NewPartner--assignmentsTable-0-inner\"]"}
COMMAND: POST /session/e57c885b60fd8cf462a4cfca6f098091/element/f.0BB93947CC1450395F5B257EF4D67E46.d.D9A5C5131C6A4D8565AA5B84BDF13225.e.7540/clear - {}
RESULT: {}
COMMAND: POST /session/e57c885b60fd8cf462a4cfca6f098091/element/f.0BB93947CC1450395F5B257EF4D67E46.d.D9A5C5131C6A4D8565AA5B84BDF13225.e.7540/value - {"text":"803"}
COMMAND: GET /session/e57c885b60fd8cf462a4cfca6f098091/screenshot - {}
RESULT: {"text":"803"}
COMMAND: GET /session/e57c885b60fd8cf462a4cfca6f098091/screenshot - {}
RESULT: {}
RESULT: {}
COMMAND: POST /session/e57c885b60fd8cf462a4cfca6f098091/element - {"using":"xpath","value":"//li[.//span[text()='803']]"}
RESULT: {"using":"xpath","value":"//li[.//span[text()='803']]"}
COMMAND: POST /session/e57c885b60fd8cf462a4cfca6f098091/element/f.0BB93947CC1450395F5B257EF4D67E46.d.D9A5C5131C6A4D8565AA5B84BDF13225.e.7549/click - {}
RESULT: {}
COMMAND: GET /session/e57c885b60fd8cf462a4cfca6f098091/screenshot - {}
RESULT: {}
COMMAND: POST /session/e57c885b60fd8cf462a4cfca6f098091/actions - {"actions":[{"id":"action21","type":"key","parameters":{},"actions":[{"type":"keyDown","value":"î€‡"},{"type":"pause","duration":10},{"type":"keyUp","value":"î€‡"}]}]}
RESULT: {"actions":[{"id":"action21","type":"key","parameters":{},"actions":[{"type":"keyDown","value":"î€‡"},{"type":"pause","duration":10},{"type":"keyUp","value":"î€‡"}]}]}
COMMAND: POST /session/e57c885b60fd8cf462a4cfca6f098091/execute/async - {"script":"<script> [1562 bytes]","args":[{"selector":{"id":"application-managepartners-display-component---NewPartner--externalCustomerComboBox-application-managepartners-display-component---NewPartner--assignmentsTable-0-vhi"},"wdio_ui5_key":"applicationmanagepartners-display-component---NewPartner--externalCustomerComboBox-application-managepartners-display-component---NewPartner--assignmentsTable-0-vhi"}]}
COMMAND: GET /session/e57c885b60fd8cf462a4cfca6f098091/screenshot - {}
RESULT: {"script":"<script> [1562 bytes]","args":[{"selector":{"id":"application-managepartners-display-component---NewPartner--externalCustomerComboBox-application-managepartners-display-component---NewPartner--assignmentsTable-0-vhi"},"wdio_ui5_key":"applicationmanagepartners-display-component---NewPartner--externalCustomerComboBox-application-managepartners-display-component---NewPartner--assignmentsTable-0-vhi"}]}
RESULT: undefined
COMMAND: POST /session/e57c885b60fd8cf462a4cfca6f098091/element - {"using":"xpath","value":"//*[@id=\"application-managepartners-display-component---NewPartner--externalCustomerComboBox-application-managepartners-display-component---NewPartner--assignmentsTable-0-vhi\"]"}
RESULT: {}
RESULT: {"using":"xpath","value":"//*[@id=\"application-managepartners-display-component---NewPartner--externalCustomerComboBox-application-managepartners-display-component---NewPartner--assignmentsTable-0-vhi\"]"}
COMMAND: POST /session/e57c885b60fd8cf462a4cfca6f098091/element/f.0BB93947CC1450395F5B257EF4D67E46.d.D9A5C5131C6A4D8565AA5B84BDF13225.e.7553/click - {}
RESULT: {}
RESULT: undefined
COMMAND: POST /session/e57c885b60fd8cf462a4cfca6f098091/execute/async - {"script":"<script> [776 bytes]","args":[{"enterText":"300003","selector":{"controlType":"sap.m.SearchField","properties":{"placeholder":"Search"},"searchOpenDialogs":true,"interaction":{"idSuffix":"I"}},"clearTextFirst":true,"interactionType":"ENTER_TEXT"}]}
COMMAND: GET /session/e57c885b60fd8cf462a4cfca6f098091/screenshot - {}
RESULT: {"script":"<script> [776 bytes]","args":[{"enterText":"300003","selector":{"controlType":"sap.m.SearchField","properties":{"placeholder":"Search"},"searchOpenDialogs":true,"interaction":{"idSuffix":"I"}},"clearTextFirst":true,"interactionType":"ENTER_TEXT"}]}
COMMAND: POST /session/e57c885b60fd8cf462a4cfca6f098091/actions - {"actions":[{"id":"action22","type":"key","parameters":{},"actions":[{"type":"keyDown","value":"î€‡"},{"type":"pause","duration":10},{"type":"keyUp","value":"î€‡"}]}]}
RESULT: {}
RESULT: {"actions":[{"id":"action22","type":"key","parameters":{},"actions":[{"type":"keyDown","value":"î€‡"},{"type":"pause","duration":10},{"type":"keyUp","value":"î€‡"}]}]}
COMMAND: GET /session/e57c885b60fd8cf462a4cfca6f098091/screenshot - {}
RESULT: {}
COMMAND: POST /session/e57c885b60fd8cf462a4cfca6f098091/element - {"using":"xpath","value":"//span[contains(text(), \"300003\")]"}
RESULT: {"using":"xpath","value":"//span[contains(text(), \"300003\")]"}
COMMAND: POST /session/e57c885b60fd8cf462a4cfca6f098091/element/f.0BB93947CC1450395F5B257EF4D67E46.d.D9A5C5131C6A4D8565AA5B84BDF13225.e.7571/click - {}
RESULT: {}
COMMAND: GET /session/e57c885b60fd8cf462a4cfca6f098091/screenshot - {}
RESULT: {}
COMMAND: POST /session/e57c885b60fd8cf462a4cfca6f098091/element - {"using":"xpath","value":"//bdi[contains(text(), \"OK\")]"}
RESULT: {"using":"xpath","value":"//bdi[contains(text(), \"OK\")]"}
COMMAND: POST /session/e57c885b60fd8cf462a4cfca6f098091/element/f.0BB93947CC1450395F5B257EF4D67E46.d.D9A5C5131C6A4D8565AA5B84BDF13225.e.7573/click - {}
RESULT: {}
COMMAND: GET /session/e57c885b60fd8cf462a4cfca6f098091/screenshot - {}
COMMAND: POST /session/e57c885b60fd8cf462a4cfca6f098091/execute/async - {"script":"<script> [1562 bytes]","args":[{"selector":{"id":"application-managepartners-display-component---NewPartner--intercompVendorComboBox-application-managepartners-display-component---NewPartner--assignmentsTable-0-vhi"},"wdio_ui5_key":"applicationmanagepartners-display-component---NewPartner--intercompVendorComboBox-application-managepartners-display-component---NewPartner--assignmentsTable-0-vhi"}]}
RESULT: {}
RESULT: {"script":"<script> [1562 bytes]","args":[{"selector":{"id":"application-managepartners-display-component---NewPartner--intercompVendorComboBox-application-managepartners-display-component---NewPartner--assignmentsTable-0-vhi"},"wdio_ui5_key":"applicationmanagepartners-display-component---NewPartner--intercompVendorComboBox-application-managepartners-display-component---NewPartner--assignmentsTable-0-vhi"}]}
RESULT: undefined
COMMAND: POST /session/e57c885b60fd8cf462a4cfca6f098091/element - {"using":"xpath","value":"//*[@id=\"application-managepartners-display-component---NewPartner--intercompVendorComboBox-application-managepartners-display-component---NewPartner--assignmentsTable-0-vhi\"]"}
RESULT: {"using":"xpath","value":"//*[@id=\"application-managepartners-display-component---NewPartner--intercompVendorComboBox-application-managepartners-display-component---NewPartner--assignmentsTable-0-vhi\"]"}
COMMAND: POST /session/e57c885b60fd8cf462a4cfca6f098091/element/f.0BB93947CC1450395F5B257EF4D67E46.d.D9A5C5131C6A4D8565AA5B84BDF13225.e.7576/click - {}
RESULT: {}
RESULT: undefined
COMMAND: POST /session/e57c885b60fd8cf462a4cfca6f098091/execute/async - {"script":"<script> [776 bytes]","args":[{"enterText":"100005","selector":{"controlType":"sap.m.SearchField","properties":{"placeholder":"Search"},"searchOpenDialogs":true,"interaction":{"idSuffix":"I"}},"clearTextFirst":true,"interactionType":"ENTER_TEXT"}]}
COMMAND: GET /session/e57c885b60fd8cf462a4cfca6f098091/screenshot - {}
RESULT: {"script":"<script> [776 bytes]","args":[{"enterText":"100005","selector":{"controlType":"sap.m.SearchField","properties":{"placeholder":"Search"},"searchOpenDialogs":true,"interaction":{"idSuffix":"I"}},"clearTextFirst":true,"interactionType":"ENTER_TEXT"}]}
COMMAND: POST /session/e57c885b60fd8cf462a4cfca6f098091/actions - {"actions":[{"id":"action23","type":"key","parameters":{},"actions":[{"type":"keyDown","value":"î€‡"},{"type":"pause","duration":10},{"type":"keyUp","value":"î€‡"}]}]}
RESULT: {}
RESULT: {"actions":[{"id":"action23","type":"key","parameters":{},"actions":[{"type":"keyDown","value":"î€‡"},{"type":"pause","duration":10},{"type":"keyUp","value":"î€‡"}]}]}
COMMAND: GET /session/e57c885b60fd8cf462a4cfca6f098091/screenshot - {}
RESULT: {}
COMMAND: POST /session/e57c885b60fd8cf462a4cfca6f098091/element - {"using":"xpath","value":"//span[contains(text(), \"Penguins - Field/12345 Berlin\")]"}
RESULT: {"using":"xpath","value":"//span[contains(text(), \"Penguins - Field/12345 Berlin\")]"}
COMMAND: POST /session/e57c885b60fd8cf462a4cfca6f098091/element/f.0BB93947CC1450395F5B257EF4D67E46.d.D9A5C5131C6A4D8565AA5B84BDF13225.e.7594/click - {}
RESULT: {}
COMMAND: GET /session/e57c885b60fd8cf462a4cfca6f098091/screenshot - {}
RESULT: {}
COMMAND: POST /session/e57c885b60fd8cf462a4cfca6f098091/element - {"using":"xpath","value":"//bdi[contains(text(), \"OK\")]"}
RESULT: {"using":"xpath","value":"//bdi[contains(text(), \"OK\")]"}
COMMAND: POST /session/e57c885b60fd8cf462a4cfca6f098091/element/f.0BB93947CC1450395F5B257EF4D67E46.d.D9A5C5131C6A4D8565AA5B84BDF13225.e.7595/click - {}
RESULT: {}
COMMAND: GET /session/e57c885b60fd8cf462a4cfca6f098091/screenshot - {}
RESULT: {}
COMMAND: POST /session/e57c885b60fd8cf462a4cfca6f098091/element - {"using":"xpath","value":"//button[@data-kt=\"saveButton\"]"}
RESULT: {"using":"xpath","value":"//button[@data-kt=\"saveButton\"]"}
COMMAND: POST /session/e57c885b60fd8cf462a4cfca6f098091/element/f.0BB93947CC1450395F5B257EF4D67E46.d.D9A5C5131C6A4D8565AA5B84BDF13225.e.7386/click - {}
RESULT: {}
COMMAND: GET /session/e57c885b60fd8cf462a4cfca6f098091/screenshot - {}
RESULT: {}
COMMAND: POST /session/e57c885b60fd8cf462a4cfca6f098091/element - {"using":"xpath","value":"//header[contains(@id, 'ObjectPageLayout-headerTitle')]/div[1]/div[2]/div[2]/span[1]"}
RESULT: {"using":"xpath","value":"//header[contains(@id, 'ObjectPageLayout-headerTitle')]/div[1]/div[2]/div[2]/span[1]"}
COMMAND: POST /session/e57c885b60fd8cf462a4cfca6f098091/elements - {"using":"xpath","value":"//header[contains(@id, 'ObjectPageLayout-headerTitle')]/div[1]/div[2]/div[2]/span[1]"}
RESULT: {"using":"xpath","value":"//header[contains(@id, 'ObjectPageLayout-headerTitle')]/div[1]/div[2]/div[2]/span[1]"}
COMMAND: POST /session/e57c885b60fd8cf462a4cfca6f098091/execute/sync - {"script":"<script> [56 bytes]","args":[{"element-6066-11e4-a52e-4f735466cecf":"f.0BB93947CC1450395F5B257EF4D67E46.d.D9A5C5131C6A4D8565AA5B84BDF13225.e.7761","ELEMENT":"f.0BB93947CC1450395F5B257EF4D67E46.d.D9A5C5131C6A4D8565AA5B84BDF13225.e.7761"}]}
RESULT: {"script":"<script> [56 bytes]","args":[{"element-6066-11e4-a52e-4f735466cecf":"f.0BB93947CC1450395F5B257EF4D67E46.d.D9A5C5131C6A4D8565AA5B84BDF13225.e.7761","ELEMENT":"f.0BB93947CC1450395F5B257EF4D67E46.d.D9A5C5131C6A4D8565AA5B84BDF13225.e.7761"}]}
COMMAND: POST /session/e57c885b60fd8cf462a4cfca6f098091/element - {"using":"css selector","value":"#shell-header-logo"}
COMMAND: GET /session/e57c885b60fd8cf462a4cfca6f098091/screenshot - {}
RESULT: {"using":"css selector","value":"#shell-header-logo"}
COMMAND: POST /session/e57c885b60fd8cf462a4cfca6f098091/element/f.0BB93947CC1450395F5B257EF4D67E46.d.D9A5C5131C6A4D8565AA5B84BDF13225.e.6991/click - {}
RESULT: {}
RESULT: {}
COMMAND: GET /session/e57c885b60fd8cf462a4cfca6f098091/screenshot - {}
RESULT: {}
COMMAND: POST /session/e57c885b60fd8cf462a4cfca6f098091/execute/sync - {"script":"<script> [299 bytes]","args":[["getModel","getResource"]]}
RESULT: {"script":"<script> [299 bytes]","args":[["getModel","getResource"]]}
]]></system-out>
    </testcase>
    <testcase classname="chrome.135_0_7049_96.windows.Create_master_data_for_mixed_billing_&amp;_do_billing_calculation_US151661" name="Should create a new site" time="156.069">
      <system-out><![CDATA[
COMMAND: POST /session/e57c885b60fd8cf462a4cfca6f098091/execute/async - {"script":"<script> [1562 bytes]","args":[{"selector":{"controlType":"sap.m.TileContent","bindingPath":{"path":"","propertyPath":"/properties/info"},"ancestor":{"controlType":"sap.m.GenericTile","properties":{"header":"Manage Sites"}}},"wdio_ui5_key":"sapm.TileContent{\"path\":\"\",\"propertyPath\":\"/properties/info\"}{\"controlType\":\"sap.m.GenericTile\",\"properties\":{\"header\":\"Manage Sites\"}}"}]}
COMMAND: GET /session/e57c885b60fd8cf462a4cfca6f098091/screenshot - {}
RESULT: {"script":"<script> [1562 bytes]","args":[{"selector":{"controlType":"sap.m.TileContent","bindingPath":{"path":"","propertyPath":"/properties/info"},"ancestor":{"controlType":"sap.m.GenericTile","properties":{"header":"Manage Sites"}}},"wdio_ui5_key":"sapm.TileContent{\"path\":\"\",\"propertyPath\":\"/properties/info\"}{\"controlType\":\"sap.m.GenericTile\",\"properties\":{\"header\":\"Manage Sites\"}}"}]}
RESULT: undefined
COMMAND: POST /session/e57c885b60fd8cf462a4cfca6f098091/element - {"using":"xpath","value":"//*[@id=\"__xmlview7--numericTileContent\"]"}
RESULT: {}
RESULT: {"using":"xpath","value":"//*[@id=\"__xmlview7--numericTileContent\"]"}
COMMAND: POST /session/e57c885b60fd8cf462a4cfca6f098091/element/f.0BB93947CC1450395F5B257EF4D67E46.d.D9A5C5131C6A4D8565AA5B84BDF13225.e.7763/click - {}
RESULT: {}
COMMAND: POST /session/e57c885b60fd8cf462a4cfca6f098091/element - {"using":"xpath","value":"//button[@data-kt=\"addOverflowToolbarButton\"]"}
COMMAND: GET /session/e57c885b60fd8cf462a4cfca6f098091/screenshot - {}
RESULT: {"using":"xpath","value":"//button[@data-kt=\"addOverflowToolbarButton\"]"}
COMMAND: POST /session/e57c885b60fd8cf462a4cfca6f098091/elements - {"using":"xpath","value":"//button[@data-kt=\"addOverflowToolbarButton\"]"}
RESULT: {}
RESULT: {"using":"xpath","value":"//button[@data-kt=\"addOverflowToolbarButton\"]"}
COMMAND: POST /session/e57c885b60fd8cf462a4cfca6f098091/element - {"using":"xpath","value":"//button[@data-kt=\"addOverflowToolbarButton\"]"}
RESULT: {"using":"xpath","value":"//button[@data-kt=\"addOverflowToolbarButton\"]"}
COMMAND: POST /session/e57c885b60fd8cf462a4cfca6f098091/execute/sync - {"script":"<script> [8489 bytes]","args":[{"element-6066-11e4-a52e-4f735466cecf":"f.0BB93947CC1450395F5B257EF4D67E46.d.D9A5C5131C6A4D8565AA5B84BDF13225.e.7809","ELEMENT":"f.0BB93947CC1450395F5B257EF4D67E46.d.D9A5C5131C6A4D8565AA5B84BDF13225.e.7809"}]}
RESULT: {"script":"<script> [8489 bytes]","args":[{"element-6066-11e4-a52e-4f735466cecf":"f.0BB93947CC1450395F5B257EF4D67E46.d.D9A5C5131C6A4D8565AA5B84BDF13225.e.7809","ELEMENT":"f.0BB93947CC1450395F5B257EF4D67E46.d.D9A5C5131C6A4D8565AA5B84BDF13225.e.7809"}]}
COMMAND: GET /session/e57c885b60fd8cf462a4cfca6f098091/element/f.0BB93947CC1450395F5B257EF4D67E46.d.D9A5C5131C6A4D8565AA5B84BDF13225.e.7809/enabled - {}
COMMAND: GET /session/e57c885b60fd8cf462a4cfca6f098091/screenshot - {}
RESULT: {}
COMMAND: POST /session/e57c885b60fd8cf462a4cfca6f098091/execute/sync - {"script":"<script> [8489 bytes]","args":[{"element-6066-11e4-a52e-4f735466cecf":"f.0BB93947CC1450395F5B257EF4D67E46.d.D9A5C5131C6A4D8565AA5B84BDF13225.e.7809","ELEMENT":"f.0BB93947CC1450395F5B257EF4D67E46.d.D9A5C5131C6A4D8565AA5B84BDF13225.e.7809"}]}
COMMAND: GET /session/e57c885b60fd8cf462a4cfca6f098091/screenshot - {}
RESULT: {}
RESULT: {"script":"<script> [8489 bytes]","args":[{"element-6066-11e4-a52e-4f735466cecf":"f.0BB93947CC1450395F5B257EF4D67E46.d.D9A5C5131C6A4D8565AA5B84BDF13225.e.7809","ELEMENT":"f.0BB93947CC1450395F5B257EF4D67E46.d.D9A5C5131C6A4D8565AA5B84BDF13225.e.7809"}]}
COMMAND: POST /session/e57c885b60fd8cf462a4cfca6f098091/execute/sync - {"script":"<script> [5351 bytes]","args":[{"element-6066-11e4-a52e-4f735466cecf":"f.0BB93947CC1450395F5B257EF4D67E46.d.D9A5C5131C6A4D8565AA5B84BDF13225.e.7809","ELEMENT":"f.0BB93947CC1450395F5B257EF4D67E46.d.D9A5C5131C6A4D8565AA5B84BDF13225.e.7809"}]}
COMMAND: GET /session/e57c885b60fd8cf462a4cfca6f098091/screenshot - {}
RESULT: {}
RESULT: {"script":"<script> [5351 bytes]","args":[{"element-6066-11e4-a52e-4f735466cecf":"f.0BB93947CC1450395F5B257EF4D67E46.d.D9A5C5131C6A4D8565AA5B84BDF13225.e.7809","ELEMENT":"f.0BB93947CC1450395F5B257EF4D67E46.d.D9A5C5131C6A4D8565AA5B84BDF13225.e.7809"}]}
COMMAND: POST /session/e57c885b60fd8cf462a4cfca6f098091/element/f.0BB93947CC1450395F5B257EF4D67E46.d.D9A5C5131C6A4D8565AA5B84BDF13225.e.7809/click - {}
COMMAND: GET /session/e57c885b60fd8cf462a4cfca6f098091/screenshot - {}
RESULT: {}
RESULT: {}
COMMAND: GET /session/e57c885b60fd8cf462a4cfca6f098091/screenshot - {}
COMMAND: POST /session/e57c885b60fd8cf462a4cfca6f098091/execute/async - {"script":"<script> [1562 bytes]","args":[{"selector":{"id":"application-managesites-display-component---NewSite--addressDetailDetailsName1","interaction":{"idSuffix":"inner"}},"wdio_ui5_key":"applicationmanagesites-display-component---NewSite--addressDetailDetailsName1"}]}
RESULT: {}
RESULT: {}
RESULT: {"script":"<script> [1562 bytes]","args":[{"selector":{"id":"application-managesites-display-component---NewSite--addressDetailDetailsName1","interaction":{"idSuffix":"inner"}},"wdio_ui5_key":"applicationmanagesites-display-component---NewSite--addressDetailDetailsName1"}]}
RESULT: undefined
COMMAND: POST /session/e57c885b60fd8cf462a4cfca6f098091/execute/async - {"script":"<script> [776 bytes]","args":[{"enterText":"Intercompany Site wdIO","selector":{"id":"application-managesites-display-component---NewSite--addressDetailDetailsName1","interaction":{"idSuffix":"inner"}},"clearTextFirst":true,"interactionType":"ENTER_TEXT"}]}
RESULT: {"script":"<script> [776 bytes]","args":[{"enterText":"Intercompany Site wdIO","selector":{"id":"application-managesites-display-component---NewSite--addressDetailDetailsName1","interaction":{"idSuffix":"inner"}},"clearTextFirst":true,"interactionType":"ENTER_TEXT"}]}
COMMAND: POST /session/e57c885b60fd8cf462a4cfca6f098091/execute/async - {"script":"<script> [1562 bytes]","args":[{"selector":{"id":"application-managesites-display-component---NewSite--addressDetailDetailsLanguage-arrow"},"wdio_ui5_key":"applicationmanagesites-display-component---NewSite--addressDetailDetailsLanguage-arrow"}]}
RESULT: {"script":"<script> [1562 bytes]","args":[{"selector":{"id":"application-managesites-display-component---NewSite--addressDetailDetailsLanguage-arrow"},"wdio_ui5_key":"applicationmanagesites-display-component---NewSite--addressDetailDetailsLanguage-arrow"}]}
RESULT: undefined
COMMAND: POST /session/e57c885b60fd8cf462a4cfca6f098091/element - {"using":"xpath","value":"//*[@id=\"application-managesites-display-component---NewSite--addressDetailDetailsLanguage-arrow\"]"}
RESULT: {"using":"xpath","value":"//*[@id=\"application-managesites-display-component---NewSite--addressDetailDetailsLanguage-arrow\"]"}
COMMAND: POST /session/e57c885b60fd8cf462a4cfca6f098091/element/f.0BB93947CC1450395F5B257EF4D67E46.d.D9A5C5131C6A4D8565AA5B84BDF13225.e.8211/click - {}
RESULT: {}
COMMAND: POST /session/e57c885b60fd8cf462a4cfca6f098091/element - {"using":"xpath","value":"//span[contains(text(), \"English\")]"}
COMMAND: GET /session/e57c885b60fd8cf462a4cfca6f098091/screenshot - {}
RESULT: {"using":"xpath","value":"//span[contains(text(), \"English\")]"}
COMMAND: POST /session/e57c885b60fd8cf462a4cfca6f098091/element/f.0BB93947CC1450395F5B257EF4D67E46.d.D9A5C5131C6A4D8565AA5B84BDF13225.e.8212/click - {}
RESULT: {}
RESULT: {}
COMMAND: POST /session/e57c885b60fd8cf462a4cfca6f098091/execute/async - {"script":"<script> [1562 bytes]","args":[{"selector":{"id":"application-managesites-display-component---NewSite--addressDetailDetailsCity1","interaction":{"idSuffix":"inner"}},"wdio_ui5_key":"applicationmanagesites-display-component---NewSite--addressDetailDetailsCity1"}]}
COMMAND: GET /session/e57c885b60fd8cf462a4cfca6f098091/screenshot - {}
RESULT: {"script":"<script> [1562 bytes]","args":[{"selector":{"id":"application-managesites-display-component---NewSite--addressDetailDetailsCity1","interaction":{"idSuffix":"inner"}},"wdio_ui5_key":"applicationmanagesites-display-component---NewSite--addressDetailDetailsCity1"}]}
RESULT: undefined
COMMAND: POST /session/e57c885b60fd8cf462a4cfca6f098091/execute/async - {"script":"<script> [776 bytes]","args":[{"enterText":"Rosario","selector":{"id":"application-managesites-display-component---NewSite--addressDetailDetailsCity1","interaction":{"idSuffix":"inner"}},"clearTextFirst":true,"interactionType":"ENTER_TEXT"}]}
RESULT: {}
RESULT: {"script":"<script> [776 bytes]","args":[{"enterText":"Rosario","selector":{"id":"application-managesites-display-component---NewSite--addressDetailDetailsCity1","interaction":{"idSuffix":"inner"}},"clearTextFirst":true,"interactionType":"ENTER_TEXT"}]}
COMMAND: POST /session/e57c885b60fd8cf462a4cfca6f098091/execute/async - {"script":"<script> [1562 bytes]","args":[{"selector":{"id":"application-managesites-display-component---NewSite--addressDetailDetailsCountry-arrow"},"wdio_ui5_key":"applicationmanagesites-display-component---NewSite--addressDetailDetailsCountry-arrow"}]}
RESULT: {"script":"<script> [1562 bytes]","args":[{"selector":{"id":"application-managesites-display-component---NewSite--addressDetailDetailsCountry-arrow"},"wdio_ui5_key":"applicationmanagesites-display-component---NewSite--addressDetailDetailsCountry-arrow"}]}
RESULT: undefined
COMMAND: POST /session/e57c885b60fd8cf462a4cfca6f098091/element - {"using":"xpath","value":"//*[@id=\"application-managesites-display-component---NewSite--addressDetailDetailsCountry-arrow\"]"}
RESULT: {"using":"xpath","value":"//*[@id=\"application-managesites-display-component---NewSite--addressDetailDetailsCountry-arrow\"]"}
COMMAND: POST /session/e57c885b60fd8cf462a4cfca6f098091/element/f.0BB93947CC1450395F5B257EF4D67E46.d.D9A5C5131C6A4D8565AA5B84BDF13225.e.8214/click - {}
RESULT: {}
COMMAND: POST /session/e57c885b60fd8cf462a4cfca6f098091/element - {"using":"xpath","value":"//span[contains(text(), \"Argentina\")]"}
COMMAND: GET /session/e57c885b60fd8cf462a4cfca6f098091/screenshot - {}
RESULT: {"using":"xpath","value":"//span[contains(text(), \"Argentina\")]"}
COMMAND: POST /session/e57c885b60fd8cf462a4cfca6f098091/element/f.0BB93947CC1450395F5B257EF4D67E46.d.D9A5C5131C6A4D8565AA5B84BDF13225.e.8215/click - {}
RESULT: {}
RESULT: {}
COMMAND: GET /session/e57c885b60fd8cf462a4cfca6f098091/screenshot - {}
RESULT: {}
COMMAND: POST /session/e57c885b60fd8cf462a4cfca6f098091/execute/async - {"script":"<script> [1562 bytes]","args":[{"selector":{"id":"application-managesites-display-component---NewSite--addressEditDetailsCostObjectCstType-arrow"},"wdio_ui5_key":"applicationmanagesites-display-component---NewSite--addressEditDetailsCostObjectCstType-arrow"}]}
RESULT: {"script":"<script> [1562 bytes]","args":[{"selector":{"id":"application-managesites-display-component---NewSite--addressEditDetailsCostObjectCstType-arrow"},"wdio_ui5_key":"applicationmanagesites-display-component---NewSite--addressEditDetailsCostObjectCstType-arrow"}]}
RESULT: undefined
COMMAND: POST /session/e57c885b60fd8cf462a4cfca6f098091/element - {"using":"xpath","value":"//*[@id=\"application-managesites-display-component---NewSite--addressEditDetailsCostObjectCstType-arrow\"]"}
RESULT: {"using":"xpath","value":"//*[@id=\"application-managesites-display-component---NewSite--addressEditDetailsCostObjectCstType-arrow\"]"}
COMMAND: POST /session/e57c885b60fd8cf462a4cfca6f098091/element/f.0BB93947CC1450395F5B257EF4D67E46.d.D9A5C5131C6A4D8565AA5B84BDF13225.e.8217/click - {}
RESULT: {}
COMMAND: POST /session/e57c885b60fd8cf462a4cfca6f098091/element - {"using":"xpath","value":"//span[contains(text(), \"Cost Center\")]"}
COMMAND: GET /session/e57c885b60fd8cf462a4cfca6f098091/screenshot - {}
RESULT: {"using":"xpath","value":"//span[contains(text(), \"Cost Center\")]"}
COMMAND: POST /session/e57c885b60fd8cf462a4cfca6f098091/element/f.0BB93947CC1450395F5B257EF4D67E46.d.D9A5C5131C6A4D8565AA5B84BDF13225.e.8218/click - {}
RESULT: {}
RESULT: {}
COMMAND: GET /session/e57c885b60fd8cf462a4cfca6f098091/screenshot - {}
RESULT: {}
COMMAND: POST /session/e57c885b60fd8cf462a4cfca6f098091/element - {"using":"xpath","value":"//span[@id=\"application-managesites-display-component---NewSite--addressNewCostObjectCstID-vhi\"]"}
RESULT: {"using":"xpath","value":"//span[@id=\"application-managesites-display-component---NewSite--addressNewCostObjectCstID-vhi\"]"}
COMMAND: POST /session/e57c885b60fd8cf462a4cfca6f098091/execute/sync - {"script":"<script> [8489 bytes]","args":[{"element-6066-11e4-a52e-4f735466cecf":"f.0BB93947CC1450395F5B257EF4D67E46.d.D9A5C5131C6A4D8565AA5B84BDF13225.e.8222","ELEMENT":"f.0BB93947CC1450395F5B257EF4D67E46.d.D9A5C5131C6A4D8565AA5B84BDF13225.e.8222"}]}
RESULT: {"script":"<script> [8489 bytes]","args":[{"element-6066-11e4-a52e-4f735466cecf":"f.0BB93947CC1450395F5B257EF4D67E46.d.D9A5C5131C6A4D8565AA5B84BDF13225.e.8222","ELEMENT":"f.0BB93947CC1450395F5B257EF4D67E46.d.D9A5C5131C6A4D8565AA5B84BDF13225.e.8222"}]}
COMMAND: POST /session/e57c885b60fd8cf462a4cfca6f098091/execute/async - {"script":"<script> [1562 bytes]","args":[{"selector":{"id":"application-managesites-display-component---NewSite--addressNewCostObjectCstID-vhi"},"wdio_ui5_key":"applicationmanagesites-display-component---NewSite--addressNewCostObjectCstID-vhi"}]}
COMMAND: GET /session/e57c885b60fd8cf462a4cfca6f098091/screenshot - {}
RESULT: {"script":"<script> [1562 bytes]","args":[{"selector":{"id":"application-managesites-display-component---NewSite--addressNewCostObjectCstID-vhi"},"wdio_ui5_key":"applicationmanagesites-display-component---NewSite--addressNewCostObjectCstID-vhi"}]}
RESULT: undefined
COMMAND: POST /session/e57c885b60fd8cf462a4cfca6f098091/element - {"using":"xpath","value":"//*[@id=\"application-managesites-display-component---NewSite--addressNewCostObjectCstID-vhi\"]"}
RESULT: {}
RESULT: {"using":"xpath","value":"//*[@id=\"application-managesites-display-component---NewSite--addressNewCostObjectCstID-vhi\"]"}
COMMAND: POST /session/e57c885b60fd8cf462a4cfca6f098091/element/f.0BB93947CC1450395F5B257EF4D67E46.d.D9A5C5131C6A4D8565AA5B84BDF13225.e.8222/click - {}
RESULT: {}
COMMAND: GET /session/e57c885b60fd8cf462a4cfca6f098091/screenshot - {}
RESULT: {}
RESULT: undefined
COMMAND: POST /session/e57c885b60fd8cf462a4cfca6f098091/execute/async - {"script":"<script> [776 bytes]","args":[{"enterText":"10001013","selector":{"controlType":"sap.m.SearchField","properties":{"placeholder":"Search"},"searchOpenDialogs":true,"interaction":{"idSuffix":"I"}},"clearTextFirst":true,"interactionType":"ENTER_TEXT"}]}
RESULT: {"script":"<script> [776 bytes]","args":[{"enterText":"10001013","selector":{"controlType":"sap.m.SearchField","properties":{"placeholder":"Search"},"searchOpenDialogs":true,"interaction":{"idSuffix":"I"}},"clearTextFirst":true,"interactionType":"ENTER_TEXT"}]}
COMMAND: POST /session/e57c885b60fd8cf462a4cfca6f098091/actions - {"actions":[{"id":"action24","type":"key","parameters":{},"actions":[{"type":"keyDown","value":"î€‡"},{"type":"pause","duration":10},{"type":"keyUp","value":"î€‡"}]}]}
RESULT: {"actions":[{"id":"action24","type":"key","parameters":{},"actions":[{"type":"keyDown","value":"î€‡"},{"type":"pause","duration":10},{"type":"keyUp","value":"î€‡"}]}]}
COMMAND: GET /session/e57c885b60fd8cf462a4cfca6f098091/screenshot - {}
RESULT: {}
COMMAND: POST /session/e57c885b60fd8cf462a4cfca6f098091/element - {"using":"xpath","value":"//span[contains(text(), \"General Management\")]"}
RESULT: {"using":"xpath","value":"//span[contains(text(), \"General Management\")]"}
COMMAND: POST /session/e57c885b60fd8cf462a4cfca6f098091/element/f.0BB93947CC1450395F5B257EF4D67E46.d.D9A5C5131C6A4D8565AA5B84BDF13225.e.8262/click - {}
RESULT: {}
COMMAND: GET /session/e57c885b60fd8cf462a4cfca6f098091/screenshot - {}
RESULT: {}
COMMAND: POST /session/e57c885b60fd8cf462a4cfca6f098091/element - {"using":"xpath","value":"//bdi[contains(text(), \"OK\")]"}
RESULT: {"using":"xpath","value":"//bdi[contains(text(), \"OK\")]"}
COMMAND: POST /session/e57c885b60fd8cf462a4cfca6f098091/element/f.0BB93947CC1450395F5B257EF4D67E46.d.D9A5C5131C6A4D8565AA5B84BDF13225.e.8263/click - {}
RESULT: {}
COMMAND: GET /session/e57c885b60fd8cf462a4cfca6f098091/screenshot - {}
RESULT: {}
COMMAND: POST /session/e57c885b60fd8cf462a4cfca6f098091/element - {"using":"xpath","value":"//input[@id=\"application-managesites-display-component---NewSite--addressDetailDetailsCalendar-inner\"]"}
RESULT: {"using":"xpath","value":"//input[@id=\"application-managesites-display-component---NewSite--addressDetailDetailsCalendar-inner\"]"}
COMMAND: POST /session/e57c885b60fd8cf462a4cfca6f098091/element/f.0BB93947CC1450395F5B257EF4D67E46.d.D9A5C5131C6A4D8565AA5B84BDF13225.e.8010/clear - {}
RESULT: {}
COMMAND: POST /session/e57c885b60fd8cf462a4cfca6f098091/element/f.0BB93947CC1450395F5B257EF4D67E46.d.D9A5C5131C6A4D8565AA5B84BDF13225.e.8010/value - {"text":"Unit"}
COMMAND: GET /session/e57c885b60fd8cf462a4cfca6f098091/screenshot - {}
RESULT: {"text":"Unit"}
COMMAND: GET /session/e57c885b60fd8cf462a4cfca6f098091/screenshot - {}
RESULT: {}
RESULT: {}
COMMAND: POST /session/e57c885b60fd8cf462a4cfca6f098091/actions - {"actions":[{"id":"action25","type":"key","parameters":{},"actions":[{"type":"keyDown","value":"î€‡"},{"type":"pause","duration":10},{"type":"keyUp","value":"î€‡"}]}]}
RESULT: {"actions":[{"id":"action25","type":"key","parameters":{},"actions":[{"type":"keyDown","value":"î€‡"},{"type":"pause","duration":10},{"type":"keyUp","value":"î€‡"}]}]}
COMMAND: POST /session/e57c885b60fd8cf462a4cfca6f098091/element - {"using":"xpath","value":"//input[@id=\"application-managesites-display-component---NewSite--addressDetailDetailsYard-inner\"]"}
COMMAND: GET /session/e57c885b60fd8cf462a4cfca6f098091/screenshot - {}
RESULT: {"using":"xpath","value":"//input[@id=\"application-managesites-display-component---NewSite--addressDetailDetailsYard-inner\"]"}
COMMAND: POST /session/e57c885b60fd8cf462a4cfca6f098091/element/f.0BB93947CC1450395F5B257EF4D67E46.d.D9A5C5131C6A4D8565AA5B84BDF13225.e.8011/clear - {}
RESULT: {}
RESULT: {}
COMMAND: POST /session/e57c885b60fd8cf462a4cfca6f098091/element/f.0BB93947CC1450395F5B257EF4D67E46.d.D9A5C5131C6A4D8565AA5B84BDF13225.e.8011/value - {"text":"803"}
COMMAND: GET /session/e57c885b60fd8cf462a4cfca6f098091/screenshot - {}
RESULT: {"text":"803"}
COMMAND: GET /session/e57c885b60fd8cf462a4cfca6f098091/screenshot - {}
RESULT: {}
RESULT: {}
COMMAND: POST /session/e57c885b60fd8cf462a4cfca6f098091/element - {"using":"xpath","value":"//li[.//span[text()='803']]"}
RESULT: {"using":"xpath","value":"//li[.//span[text()='803']]"}
COMMAND: POST /session/e57c885b60fd8cf462a4cfca6f098091/element/f.0BB93947CC1450395F5B257EF4D67E46.d.D9A5C5131C6A4D8565AA5B84BDF13225.e.8271/click - {}
RESULT: {}
COMMAND: GET /session/e57c885b60fd8cf462a4cfca6f098091/screenshot - {}
RESULT: {}
COMMAND: POST /session/e57c885b60fd8cf462a4cfca6f098091/element - {"using":"xpath","value":"//input[@id=\"application-managesites-display-component---NewSite--addressDetailDetailsPartner-inner\"]"}
RESULT: {"using":"xpath","value":"//input[@id=\"application-managesites-display-component---NewSite--addressDetailDetailsPartner-inner\"]"}
COMMAND: POST /session/e57c885b60fd8cf462a4cfca6f098091/element - {"using":"xpath","value":"//input[@id=\"application-managesites-display-component---NewSite--addressDetailDetailsPartner-inner\"]"}
RESULT: {"using":"xpath","value":"//input[@id=\"application-managesites-display-component---NewSite--addressDetailDetailsPartner-inner\"]"}
COMMAND: POST /session/e57c885b60fd8cf462a4cfca6f098091/element - {"using":"xpath","value":"//button[@data-kt=\"saveButton\"]"}
RESULT: {"using":"xpath","value":"//button[@data-kt=\"saveButton\"]"}
COMMAND: POST /session/e57c885b60fd8cf462a4cfca6f098091/element/f.0BB93947CC1450395F5B257EF4D67E46.d.D9A5C5131C6A4D8565AA5B84BDF13225.e.8204/click - {}
RESULT: {}
COMMAND: GET /session/e57c885b60fd8cf462a4cfca6f098091/screenshot - {}
COMMAND: POST /session/e57c885b60fd8cf462a4cfca6f098091/element - {"using":"xpath","value":"//header[contains(@id, 'ObjectPageLayout-headerTitle')]/div[1]/div[2]/div[2]/span[1]"}
RESULT: {}
RESULT: {"using":"xpath","value":"//header[contains(@id, 'ObjectPageLayout-headerTitle')]/div[1]/div[2]/div[2]/span[1]"}
COMMAND: POST /session/e57c885b60fd8cf462a4cfca6f098091/elements - {"using":"xpath","value":"//header[contains(@id, 'ObjectPageLayout-headerTitle')]/div[1]/div[2]/div[2]/span[1]"}
RESULT: {"using":"xpath","value":"//header[contains(@id, 'ObjectPageLayout-headerTitle')]/div[1]/div[2]/div[2]/span[1]"}
COMMAND: POST /session/e57c885b60fd8cf462a4cfca6f098091/execute/sync - {"script":"<script> [56 bytes]","args":[{"element-6066-11e4-a52e-4f735466cecf":"f.0BB93947CC1450395F5B257EF4D67E46.d.D9A5C5131C6A4D8565AA5B84BDF13225.e.8473","ELEMENT":"f.0BB93947CC1450395F5B257EF4D67E46.d.D9A5C5131C6A4D8565AA5B84BDF13225.e.8473"}]}
RESULT: {"script":"<script> [56 bytes]","args":[{"element-6066-11e4-a52e-4f735466cecf":"f.0BB93947CC1450395F5B257EF4D67E46.d.D9A5C5131C6A4D8565AA5B84BDF13225.e.8473","ELEMENT":"f.0BB93947CC1450395F5B257EF4D67E46.d.D9A5C5131C6A4D8565AA5B84BDF13225.e.8473"}]}
COMMAND: POST /session/e57c885b60fd8cf462a4cfca6f098091/element - {"using":"css selector","value":"#shell-header-logo"}
COMMAND: GET /session/e57c885b60fd8cf462a4cfca6f098091/screenshot - {}
RESULT: {"using":"css selector","value":"#shell-header-logo"}
COMMAND: POST /session/e57c885b60fd8cf462a4cfca6f098091/element/f.0BB93947CC1450395F5B257EF4D67E46.d.D9A5C5131C6A4D8565AA5B84BDF13225.e.7766/click - {}
RESULT: {}
RESULT: {}
COMMAND: GET /session/e57c885b60fd8cf462a4cfca6f098091/screenshot - {}
RESULT: {}
COMMAND: POST /session/e57c885b60fd8cf462a4cfca6f098091/execute/sync - {"script":"<script> [299 bytes]","args":[["getModel","getResource"]]}
RESULT: {"script":"<script> [299 bytes]","args":[["getModel","getResource"]]}
COMMAND: POST /session/e57c885b60fd8cf462a4cfca6f098091/element - {"using":"xpath","value":"//button[.//bdi[contains(text(), \"Close\")]]"}
COMMAND: GET /session/e57c885b60fd8cf462a4cfca6f098091/screenshot - {}
RESULT: {"using":"xpath","value":"//button[.//bdi[contains(text(), \"Close\")]]"}
COMMAND: POST /session/e57c885b60fd8cf462a4cfca6f098091/element/f.0BB93947CC1450395F5B257EF4D67E46.d.D9A5C5131C6A4D8565AA5B84BDF13225.e.8475/click - {}
RESULT: {}
RESULT: {}
COMMAND: GET /session/e57c885b60fd8cf462a4cfca6f098091/screenshot - {}
RESULT: {}
COMMAND: POST /session/e57c885b60fd8cf462a4cfca6f098091/refresh - {}
RESULT: {}
COMMAND: GET /session/e57c885b60fd8cf462a4cfca6f098091/screenshot - {}
RESULT: {}
COMMAND: POST /session/e57c885b60fd8cf462a4cfca6f098091/refresh - {}
RESULT: {}
COMMAND: GET /session/e57c885b60fd8cf462a4cfca6f098091/screenshot - {}
RESULT: {}
COMMAND: POST /session/e57c885b60fd8cf462a4cfca6f098091/window/fullscreen - {}
RESULT: {}
COMMAND: POST /session/e57c885b60fd8cf462a4cfca6f098091/execute/async - {"script":"<script> [189 bytes]","args":[]}
RESULT: {"script":"<script> [189 bytes]","args":[]}
COMMAND: POST /session/e57c885b60fd8cf462a4cfca6f098091/execute/async - {"script":"<script> [123 bytes]","args":[]}
RESULT: {"script":"<script> [123 bytes]","args":[]}
COMMAND: POST /session/e57c885b60fd8cf462a4cfca6f098091/timeouts - {"script":"<number>"}
RESULT: {"script":"<number>"}
COMMAND: GET /session/e57c885b60fd8cf462a4cfca6f098091/timeouts - {}
RESULT: {}
RESULT: undefined
COMMAND: POST /session/e57c885b60fd8cf462a4cfca6f098091/execute/async - {"script":"<script> [2676 bytes]","args":[]}
RESULT: {"script":"<script> [2676 bytes]","args":[]}
COMMAND: POST /session/e57c885b60fd8cf462a4cfca6f098091/execute/async - {"script":"<script> [2342 bytes]","args":[{"protocol":"http","hostname":"0.0.0.0","path":"/","capabilities":{"browserName":"chrome","goog:chromeOptions":{"binary":"C:\\Program Files\\Google\\Chrome\\Application\\chrome.exe","args":["--start-maximized"]}},"logLevel":"warn","connectionRetryTimeout":120000,"connectionRetryCount":3,"logLevels":{},"enableDirectConnect":true,"strictSSL":true,"_":"65 more keys: [\"cacheDir\",\"port\",\"requestedCapabilities\",\"automationProtocol\",\"baseUrl\",\"waitforInterval\",\"waitforTimeout\",\"onReload\",\"beforeCommand\",\"afterCommand\",\"rootDir\",\"specs\",\"suites\",\"exclude\",\"groupLogsByTestSpec\",\"excludeDriverLogs\",\"bail\",\"framework\",\"reporters\",\"services\",\"maxInstances\",\"maxInstancesPerCapability\",\"injectGlobals\",\"filesToWatch\",\"execArgv\",\"runnerEnv\",\"runner\",\"shard\",\"specFileRetries\",\"specFileRetriesDelay\",\"specFileRetriesDeferred\",\"reporterSyncInterval\",\"reporterSyncTimeout\",\"cucumberFeaturesWithLineNumbers\",\"autoCompileOpts\",\"mochaOpts\",\"jasmineOpts\",\"cucumberOpts\",\"onPrepare\",\"onWorkerStart\",\"onWorkerEnd\",\"before\",\"beforeSession\",\"beforeSuite\",\"beforeHook\",\"beforeTest\",\"afterTest\",\"afterHook\",\"afterSuite\",\"afterSession\",\"after\",\"onComplete\",\"beforeAssertion\",\"afterAssertion\",\"beforeFeature\",\"beforeScenario\",\"beforeStep\",\"afterStep\",\"afterScenario\",\"afterFeature\",\"_\",\"suite\",\"$0\",\"ignoredWorkerServices\",\"wdi5\"]"}]}
RESULT: {"script":"<script> [2342 bytes]","args":[{"protocol":"http","hostname":"0.0.0.0","path":"/","capabilities":{"browserName":"chrome","goog:chromeOptions":{"binary":"C:\\Program Files\\Google\\Chrome\\Application\\chrome.exe","args":["--start-maximized"]}},"logLevel":"warn","connectionRetryTimeout":120000,"connectionRetryCount":3,"logLevels":{},"enableDirectConnect":true,"strictSSL":true,"_":"65 more keys: [\"cacheDir\",\"port\",\"requestedCapabilities\",\"automationProtocol\",\"baseUrl\",\"waitforInterval\",\"waitforTimeout\",\"onReload\",\"beforeCommand\",\"afterCommand\",\"rootDir\",\"specs\",\"suites\",\"exclude\",\"groupLogsByTestSpec\",\"excludeDriverLogs\",\"bail\",\"framework\",\"reporters\",\"services\",\"maxInstances\",\"maxInstancesPerCapability\",\"injectGlobals\",\"filesToWatch\",\"execArgv\",\"runnerEnv\",\"runner\",\"shard\",\"specFileRetries\",\"specFileRetriesDelay\",\"specFileRetriesDeferred\",\"reporterSyncInterval\",\"reporterSyncTimeout\",\"cucumberFeaturesWithLineNumbers\",\"autoCompileOpts\",\"mochaOpts\",\"jasmineOpts\",\"cucumberOpts\",\"onPrepare\",\"onWorkerStart\",\"onWorkerEnd\",\"before\",\"beforeSession\",\"beforeSuite\",\"beforeHook\",\"beforeTest\",\"afterTest\",\"afterHook\",\"afterSuite\",\"afterSession\",\"after\",\"onComplete\",\"beforeAssertion\",\"afterAssertion\",\"beforeFeature\",\"beforeScenario\",\"beforeStep\",\"afterStep\",\"afterScenario\",\"afterFeature\",\"_\",\"suite\",\"$0\",\"ignoredWorkerServices\",\"wdi5\"]"}]}
COMMAND: POST /session/e57c885b60fd8cf462a4cfca6f098091/execute/async - {"script":"<script> [21126 bytes]","args":[35000]}
RESULT: {"script":"<script> [21126 bytes]","args":[35000]}
COMMAND: POST /session/e57c885b60fd8cf462a4cfca6f098091/window/fullscreen - {}
RESULT: {}
]]></system-out>
    </testcase>
    <testcase classname="chrome.135_0_7049_96.windows.Create_master_data_for_mixed_billing_&amp;_do_billing_calculation_US151661" name="Should create a new equipment and add a counter to it" time="166.367">
      <system-out><![CDATA[
COMMAND: POST /session/e57c885b60fd8cf462a4cfca6f098091/execute/async - {"script":"<script> [1562 bytes]","args":[{"selector":{"controlType":"sap.m.GenericTile","properties":{"header":"Manage Resources"}},"wdio_ui5_key":"sapm.GenericTile{\"header\":\"Manage Resources\"}"}]}
RESULT: {"script":"<script> [1562 bytes]","args":[{"selector":{"controlType":"sap.m.GenericTile","properties":{"header":"Manage Resources"}},"wdio_ui5_key":"sapm.GenericTile{\"header\":\"Manage Resources\"}"}]}
RESULT: undefined
COMMAND: POST /session/e57c885b60fd8cf462a4cfca6f098091/element - {"using":"xpath","value":"//*[@id=\"__tile31\"]"}
RESULT: {"using":"xpath","value":"//*[@id=\"__tile31\"]"}
COMMAND: POST /session/e57c885b60fd8cf462a4cfca6f098091/element/f.0BB93947CC1450395F5B257EF4D67E46.d.F0111C41AA7B29F4FFBFF8D86DC0C44E.e.8548/click - {}
RESULT: {}
COMMAND: POST /session/e57c885b60fd8cf462a4cfca6f098091/element - {"using":"xpath","value":"//button[@data-kt=\"addNewRUOverflowToolbarButton\"]"}
COMMAND: GET /session/e57c885b60fd8cf462a4cfca6f098091/screenshot - {}
RESULT: {"using":"xpath","value":"//button[@data-kt=\"addNewRUOverflowToolbarButton\"]"}
COMMAND: POST /session/e57c885b60fd8cf462a4cfca6f098091/elements - {"using":"xpath","value":"//button[@data-kt=\"addNewRUOverflowToolbarButton\"]"}
RESULT: {}
RESULT: {"using":"xpath","value":"//button[@data-kt=\"addNewRUOverflowToolbarButton\"]"}
COMMAND: POST /session/e57c885b60fd8cf462a4cfca6f098091/elements - {"using":"xpath","value":"//button[@data-kt=\"addNewRUOverflowToolbarButton\"]"}
RESULT: {"using":"xpath","value":"//button[@data-kt=\"addNewRUOverflowToolbarButton\"]"}
COMMAND: POST /session/e57c885b60fd8cf462a4cfca6f098091/elements - {"using":"xpath","value":"//button[@data-kt=\"addNewRUOverflowToolbarButton\"]"}
RESULT: {"using":"xpath","value":"//button[@data-kt=\"addNewRUOverflowToolbarButton\"]"}
RESULT: undefined
COMMAND: POST /session/e57c885b60fd8cf462a4cfca6f098091/elements - {"using":"xpath","value":"//button[@data-kt=\"addNewRUOverflowToolbarButton\"]"}
RESULT: {"using":"xpath","value":"//button[@data-kt=\"addNewRUOverflowToolbarButton\"]"}
COMMAND: POST /session/e57c885b60fd8cf462a4cfca6f098091/elements - {"using":"xpath","value":"//button[@data-kt=\"addNewRUOverflowToolbarButton\"]"}
RESULT: {"using":"xpath","value":"//button[@data-kt=\"addNewRUOverflowToolbarButton\"]"}
COMMAND: POST /session/e57c885b60fd8cf462a4cfca6f098091/elements - {"using":"xpath","value":"//button[@data-kt=\"addNewRUOverflowToolbarButton\"]"}
RESULT: {"using":"xpath","value":"//button[@data-kt=\"addNewRUOverflowToolbarButton\"]"}
COMMAND: POST /session/e57c885b60fd8cf462a4cfca6f098091/elements - {"using":"xpath","value":"//button[@data-kt=\"addNewRUOverflowToolbarButton\"]"}
RESULT: {"using":"xpath","value":"//button[@data-kt=\"addNewRUOverflowToolbarButton\"]"}
COMMAND: POST /session/e57c885b60fd8cf462a4cfca6f098091/elements - {"using":"xpath","value":"//button[@data-kt=\"addNewRUOverflowToolbarButton\"]"}
RESULT: {"using":"xpath","value":"//button[@data-kt=\"addNewRUOverflowToolbarButton\"]"}
COMMAND: POST /session/e57c885b60fd8cf462a4cfca6f098091/elements - {"using":"xpath","value":"//button[@data-kt=\"addNewRUOverflowToolbarButton\"]"}
RESULT: {"using":"xpath","value":"//button[@data-kt=\"addNewRUOverflowToolbarButton\"]"}
COMMAND: POST /session/e57c885b60fd8cf462a4cfca6f098091/elements - {"using":"xpath","value":"//button[@data-kt=\"addNewRUOverflowToolbarButton\"]"}
RESULT: {"using":"xpath","value":"//button[@data-kt=\"addNewRUOverflowToolbarButton\"]"}
COMMAND: POST /session/e57c885b60fd8cf462a4cfca6f098091/elements - {"using":"xpath","value":"//button[@data-kt=\"addNewRUOverflowToolbarButton\"]"}
RESULT: {"using":"xpath","value":"//button[@data-kt=\"addNewRUOverflowToolbarButton\"]"}
COMMAND: POST /session/e57c885b60fd8cf462a4cfca6f098091/elements - {"using":"xpath","value":"//button[@data-kt=\"addNewRUOverflowToolbarButton\"]"}
RESULT: {"using":"xpath","value":"//button[@data-kt=\"addNewRUOverflowToolbarButton\"]"}
COMMAND: POST /session/e57c885b60fd8cf462a4cfca6f098091/elements - {"using":"xpath","value":"//button[@data-kt=\"addNewRUOverflowToolbarButton\"]"}
RESULT: {"using":"xpath","value":"//button[@data-kt=\"addNewRUOverflowToolbarButton\"]"}
COMMAND: POST /session/e57c885b60fd8cf462a4cfca6f098091/elements - {"using":"xpath","value":"//button[@data-kt=\"addNewRUOverflowToolbarButton\"]"}
RESULT: {"using":"xpath","value":"//button[@data-kt=\"addNewRUOverflowToolbarButton\"]"}
COMMAND: POST /session/e57c885b60fd8cf462a4cfca6f098091/elements - {"using":"xpath","value":"//button[@data-kt=\"addNewRUOverflowToolbarButton\"]"}
RESULT: {"using":"xpath","value":"//button[@data-kt=\"addNewRUOverflowToolbarButton\"]"}
COMMAND: POST /session/e57c885b60fd8cf462a4cfca6f098091/elements - {"using":"xpath","value":"//button[@data-kt=\"addNewRUOverflowToolbarButton\"]"}
RESULT: {"using":"xpath","value":"//button[@data-kt=\"addNewRUOverflowToolbarButton\"]"}
COMMAND: POST /session/e57c885b60fd8cf462a4cfca6f098091/elements - {"using":"xpath","value":"//button[@data-kt=\"addNewRUOverflowToolbarButton\"]"}
RESULT: {"using":"xpath","value":"//button[@data-kt=\"addNewRUOverflowToolbarButton\"]"}
COMMAND: POST /session/e57c885b60fd8cf462a4cfca6f098091/elements - {"using":"xpath","value":"//button[@data-kt=\"addNewRUOverflowToolbarButton\"]"}
RESULT: {"using":"xpath","value":"//button[@data-kt=\"addNewRUOverflowToolbarButton\"]"}
COMMAND: POST /session/e57c885b60fd8cf462a4cfca6f098091/elements - {"using":"xpath","value":"//button[@data-kt=\"addNewRUOverflowToolbarButton\"]"}
RESULT: {"using":"xpath","value":"//button[@data-kt=\"addNewRUOverflowToolbarButton\"]"}
COMMAND: POST /session/e57c885b60fd8cf462a4cfca6f098091/elements - {"using":"xpath","value":"//button[@data-kt=\"addNewRUOverflowToolbarButton\"]"}
RESULT: {"using":"xpath","value":"//button[@data-kt=\"addNewRUOverflowToolbarButton\"]"}
COMMAND: POST /session/e57c885b60fd8cf462a4cfca6f098091/elements - {"using":"xpath","value":"//button[@data-kt=\"addNewRUOverflowToolbarButton\"]"}
RESULT: {"using":"xpath","value":"//button[@data-kt=\"addNewRUOverflowToolbarButton\"]"}
COMMAND: POST /session/e57c885b60fd8cf462a4cfca6f098091/elements - {"using":"xpath","value":"//button[@data-kt=\"addNewRUOverflowToolbarButton\"]"}
RESULT: {"using":"xpath","value":"//button[@data-kt=\"addNewRUOverflowToolbarButton\"]"}
COMMAND: POST /session/e57c885b60fd8cf462a4cfca6f098091/elements - {"using":"xpath","value":"//button[@data-kt=\"addNewRUOverflowToolbarButton\"]"}
RESULT: {"using":"xpath","value":"//button[@data-kt=\"addNewRUOverflowToolbarButton\"]"}
COMMAND: POST /session/e57c885b60fd8cf462a4cfca6f098091/elements - {"using":"xpath","value":"//button[@data-kt=\"addNewRUOverflowToolbarButton\"]"}
RESULT: {"using":"xpath","value":"//button[@data-kt=\"addNewRUOverflowToolbarButton\"]"}
COMMAND: POST /session/e57c885b60fd8cf462a4cfca6f098091/elements - {"using":"xpath","value":"//button[@data-kt=\"addNewRUOverflowToolbarButton\"]"}
RESULT: {"using":"xpath","value":"//button[@data-kt=\"addNewRUOverflowToolbarButton\"]"}
COMMAND: POST /session/e57c885b60fd8cf462a4cfca6f098091/elements - {"using":"xpath","value":"//button[@data-kt=\"addNewRUOverflowToolbarButton\"]"}
RESULT: {"using":"xpath","value":"//button[@data-kt=\"addNewRUOverflowToolbarButton\"]"}
COMMAND: POST /session/e57c885b60fd8cf462a4cfca6f098091/elements - {"using":"xpath","value":"//button[@data-kt=\"addNewRUOverflowToolbarButton\"]"}
RESULT: {"using":"xpath","value":"//button[@data-kt=\"addNewRUOverflowToolbarButton\"]"}
COMMAND: POST /session/e57c885b60fd8cf462a4cfca6f098091/elements - {"using":"xpath","value":"//button[@data-kt=\"addNewRUOverflowToolbarButton\"]"}
RESULT: {"using":"xpath","value":"//button[@data-kt=\"addNewRUOverflowToolbarButton\"]"}
COMMAND: POST /session/e57c885b60fd8cf462a4cfca6f098091/elements - {"using":"xpath","value":"//button[@data-kt=\"addNewRUOverflowToolbarButton\"]"}
RESULT: {"using":"xpath","value":"//button[@data-kt=\"addNewRUOverflowToolbarButton\"]"}
COMMAND: POST /session/e57c885b60fd8cf462a4cfca6f098091/elements - {"using":"xpath","value":"//button[@data-kt=\"addNewRUOverflowToolbarButton\"]"}
RESULT: {"using":"xpath","value":"//button[@data-kt=\"addNewRUOverflowToolbarButton\"]"}
COMMAND: POST /session/e57c885b60fd8cf462a4cfca6f098091/elements - {"using":"xpath","value":"//button[@data-kt=\"addNewRUOverflowToolbarButton\"]"}
RESULT: {"using":"xpath","value":"//button[@data-kt=\"addNewRUOverflowToolbarButton\"]"}
COMMAND: POST /session/e57c885b60fd8cf462a4cfca6f098091/elements - {"using":"xpath","value":"//button[@data-kt=\"addNewRUOverflowToolbarButton\"]"}
RESULT: {"using":"xpath","value":"//button[@data-kt=\"addNewRUOverflowToolbarButton\"]"}
COMMAND: POST /session/e57c885b60fd8cf462a4cfca6f098091/elements - {"using":"xpath","value":"//button[@data-kt=\"addNewRUOverflowToolbarButton\"]"}
RESULT: {"using":"xpath","value":"//button[@data-kt=\"addNewRUOverflowToolbarButton\"]"}
COMMAND: POST /session/e57c885b60fd8cf462a4cfca6f098091/elements - {"using":"xpath","value":"//button[@data-kt=\"addNewRUOverflowToolbarButton\"]"}
RESULT: {"using":"xpath","value":"//button[@data-kt=\"addNewRUOverflowToolbarButton\"]"}
COMMAND: POST /session/e57c885b60fd8cf462a4cfca6f098091/elements - {"using":"xpath","value":"//button[@data-kt=\"addNewRUOverflowToolbarButton\"]"}
RESULT: {"using":"xpath","value":"//button[@data-kt=\"addNewRUOverflowToolbarButton\"]"}
COMMAND: POST /session/e57c885b60fd8cf462a4cfca6f098091/elements - {"using":"xpath","value":"//button[@data-kt=\"addNewRUOverflowToolbarButton\"]"}
RESULT: {"using":"xpath","value":"//button[@data-kt=\"addNewRUOverflowToolbarButton\"]"}
COMMAND: POST /session/e57c885b60fd8cf462a4cfca6f098091/elements - {"using":"xpath","value":"//button[@data-kt=\"addNewRUOverflowToolbarButton\"]"}
RESULT: {"using":"xpath","value":"//button[@data-kt=\"addNewRUOverflowToolbarButton\"]"}
COMMAND: POST /session/e57c885b60fd8cf462a4cfca6f098091/elements - {"using":"xpath","value":"//button[@data-kt=\"addNewRUOverflowToolbarButton\"]"}
RESULT: {"using":"xpath","value":"//button[@data-kt=\"addNewRUOverflowToolbarButton\"]"}
COMMAND: POST /session/e57c885b60fd8cf462a4cfca6f098091/elements - {"using":"xpath","value":"//button[@data-kt=\"addNewRUOverflowToolbarButton\"]"}
RESULT: {"using":"xpath","value":"//button[@data-kt=\"addNewRUOverflowToolbarButton\"]"}
COMMAND: POST /session/e57c885b60fd8cf462a4cfca6f098091/elements - {"using":"xpath","value":"//button[@data-kt=\"addNewRUOverflowToolbarButton\"]"}
RESULT: {"using":"xpath","value":"//button[@data-kt=\"addNewRUOverflowToolbarButton\"]"}
COMMAND: POST /session/e57c885b60fd8cf462a4cfca6f098091/element - {"using":"xpath","value":"//button[@data-kt=\"addNewRUOverflowToolbarButton\"]"}
RESULT: {"using":"xpath","value":"//button[@data-kt=\"addNewRUOverflowToolbarButton\"]"}
COMMAND: POST /session/e57c885b60fd8cf462a4cfca6f098091/execute/sync - {"script":"<script> [8489 bytes]","args":[{"element-6066-11e4-a52e-4f735466cecf":"f.0BB93947CC1450395F5B257EF4D67E46.d.F0111C41AA7B29F4FFBFF8D86DC0C44E.e.8656","ELEMENT":"f.0BB93947CC1450395F5B257EF4D67E46.d.F0111C41AA7B29F4FFBFF8D86DC0C44E.e.8656"}]}
RESULT: {"script":"<script> [8489 bytes]","args":[{"element-6066-11e4-a52e-4f735466cecf":"f.0BB93947CC1450395F5B257EF4D67E46.d.F0111C41AA7B29F4FFBFF8D86DC0C44E.e.8656","ELEMENT":"f.0BB93947CC1450395F5B257EF4D67E46.d.F0111C41AA7B29F4FFBFF8D86DC0C44E.e.8656"}]}
COMMAND: GET /session/e57c885b60fd8cf462a4cfca6f098091/element/f.0BB93947CC1450395F5B257EF4D67E46.d.F0111C41AA7B29F4FFBFF8D86DC0C44E.e.8656/enabled - {}
COMMAND: GET /session/e57c885b60fd8cf462a4cfca6f098091/screenshot - {}
RESULT: {}
COMMAND: POST /session/e57c885b60fd8cf462a4cfca6f098091/execute/sync - {"script":"<script> [8489 bytes]","args":[{"element-6066-11e4-a52e-4f735466cecf":"f.0BB93947CC1450395F5B257EF4D67E46.d.F0111C41AA7B29F4FFBFF8D86DC0C44E.e.8656","ELEMENT":"f.0BB93947CC1450395F5B257EF4D67E46.d.F0111C41AA7B29F4FFBFF8D86DC0C44E.e.8656"}]}
COMMAND: GET /session/e57c885b60fd8cf462a4cfca6f098091/screenshot - {}
RESULT: {}
RESULT: {"script":"<script> [8489 bytes]","args":[{"element-6066-11e4-a52e-4f735466cecf":"f.0BB93947CC1450395F5B257EF4D67E46.d.F0111C41AA7B29F4FFBFF8D86DC0C44E.e.8656","ELEMENT":"f.0BB93947CC1450395F5B257EF4D67E46.d.F0111C41AA7B29F4FFBFF8D86DC0C44E.e.8656"}]}
COMMAND: POST /session/e57c885b60fd8cf462a4cfca6f098091/execute/sync - {"script":"<script> [5351 bytes]","args":[{"element-6066-11e4-a52e-4f735466cecf":"f.0BB93947CC1450395F5B257EF4D67E46.d.F0111C41AA7B29F4FFBFF8D86DC0C44E.e.8656","ELEMENT":"f.0BB93947CC1450395F5B257EF4D67E46.d.F0111C41AA7B29F4FFBFF8D86DC0C44E.e.8656"}]}
COMMAND: GET /session/e57c885b60fd8cf462a4cfca6f098091/screenshot - {}
RESULT: {}
RESULT: {"script":"<script> [5351 bytes]","args":[{"element-6066-11e4-a52e-4f735466cecf":"f.0BB93947CC1450395F5B257EF4D67E46.d.F0111C41AA7B29F4FFBFF8D86DC0C44E.e.8656","ELEMENT":"f.0BB93947CC1450395F5B257EF4D67E46.d.F0111C41AA7B29F4FFBFF8D86DC0C44E.e.8656"}]}
COMMAND: POST /session/e57c885b60fd8cf462a4cfca6f098091/element/f.0BB93947CC1450395F5B257EF4D67E46.d.F0111C41AA7B29F4FFBFF8D86DC0C44E.e.8656/click - {}
COMMAND: GET /session/e57c885b60fd8cf462a4cfca6f098091/screenshot - {}
RESULT: {}
RESULT: {}
COMMAND: GET /session/e57c885b60fd8cf462a4cfca6f098091/screenshot - {}
RESULT: {}
RESULT: {}
COMMAND: POST /session/e57c885b60fd8cf462a4cfca6f098091/execute/async - {"script":"<script> [1562 bytes]","args":[{"selector":{"id":"application-manageresources-display-component---newResourceUnit--TYPE-arrow"},"wdio_ui5_key":"applicationmanageresources-display-component---newResourceUnit--TYPE-arrow"}]}
RESULT: {"script":"<script> [1562 bytes]","args":[{"selector":{"id":"application-manageresources-display-component---newResourceUnit--TYPE-arrow"},"wdio_ui5_key":"applicationmanageresources-display-component---newResourceUnit--TYPE-arrow"}]}
RESULT: undefined
COMMAND: POST /session/e57c885b60fd8cf462a4cfca6f098091/element - {"using":"xpath","value":"//*[@id=\"application-manageresources-display-component---newResourceUnit--TYPE-arrow\"]"}
RESULT: {"using":"xpath","value":"//*[@id=\"application-manageresources-display-component---newResourceUnit--TYPE-arrow\"]"}
COMMAND: POST /session/e57c885b60fd8cf462a4cfca6f098091/element/f.0BB93947CC1450395F5B257EF4D67E46.d.F0111C41AA7B29F4FFBFF8D86DC0C44E.e.9008/click - {}
RESULT: {}
COMMAND: POST /session/e57c885b60fd8cf462a4cfca6f098091/element - {"using":"xpath","value":"//input[@id=\"application-manageresources-display-component---newResourceUnit--TYPE-inner\"]"}
COMMAND: GET /session/e57c885b60fd8cf462a4cfca6f098091/screenshot - {}
RESULT: {"using":"xpath","value":"//input[@id=\"application-manageresources-display-component---newResourceUnit--TYPE-inner\"]"}
COMMAND: POST /session/e57c885b60fd8cf462a4cfca6f098091/element/f.0BB93947CC1450395F5B257EF4D67E46.d.F0111C41AA7B29F4FFBFF8D86DC0C44E.e.9003/clear - {}
RESULT: {}
RESULT: {}
COMMAND: POST /session/e57c885b60fd8cf462a4cfca6f098091/element/f.0BB93947CC1450395F5B257EF4D67E46.d.F0111C41AA7B29F4FFBFF8D86DC0C44E.e.9003/value - {"text":"Equipment"}
COMMAND: GET /session/e57c885b60fd8cf462a4cfca6f098091/screenshot - {}
RESULT: {"text":"Equipment"}
COMMAND: GET /session/e57c885b60fd8cf462a4cfca6f098091/screenshot - {}
RESULT: {}
RESULT: {}
COMMAND: POST /session/e57c885b60fd8cf462a4cfca6f098091/actions - {"actions":[{"id":"action26","type":"key","parameters":{},"actions":[{"type":"keyDown","value":"î€‡"},{"type":"pause","duration":10},{"type":"keyUp","value":"î€‡"}]}]}
RESULT: {"actions":[{"id":"action26","type":"key","parameters":{},"actions":[{"type":"keyDown","value":"î€‡"},{"type":"pause","duration":10},{"type":"keyUp","value":"î€‡"}]}]}
COMMAND: POST /session/e57c885b60fd8cf462a4cfca6f098091/execute/async - {"script":"<script> [1562 bytes]","args":[{"selector":{"id":"application-manageresources-display-component---newResourceUnit--resourceId","interaction":{"idSuffix":"inner"}},"wdio_ui5_key":"applicationmanageresources-display-component---newResourceUnit--resourceId"}]}
COMMAND: GET /session/e57c885b60fd8cf462a4cfca6f098091/screenshot - {}
RESULT: {"script":"<script> [1562 bytes]","args":[{"selector":{"id":"application-manageresources-display-component---newResourceUnit--resourceId","interaction":{"idSuffix":"inner"}},"wdio_ui5_key":"applicationmanageresources-display-component---newResourceUnit--resourceId"}]}
RESULT: undefined
COMMAND: POST /session/e57c885b60fd8cf462a4cfca6f098091/execute/async - {"script":"<script> [776 bytes]","args":[{"enterText":"FjjbIJ86Fp","selector":{"id":"application-manageresources-display-component---newResourceUnit--resourceId","interaction":{"idSuffix":"inner"}},"clearTextFirst":true,"interactionType":"ENTER_TEXT"}]}
RESULT: {}
RESULT: {"script":"<script> [776 bytes]","args":[{"enterText":"FjjbIJ86Fp","selector":{"id":"application-manageresources-display-component---newResourceUnit--resourceId","interaction":{"idSuffix":"inner"}},"clearTextFirst":true,"interactionType":"ENTER_TEXT"}]}
COMMAND: POST /session/e57c885b60fd8cf462a4cfca6f098091/execute/async - {"script":"<script> [1562 bytes]","args":[{"selector":{"id":"application-manageresources-display-component---newResourceUnit--SHORT_TEXT","interaction":{"idSuffix":"inner"}},"wdio_ui5_key":"applicationmanageresources-display-component---newResourceUnit--SHORT_TEXT"}]}
RESULT: {"script":"<script> [1562 bytes]","args":[{"selector":{"id":"application-manageresources-display-component---newResourceUnit--SHORT_TEXT","interaction":{"idSuffix":"inner"}},"wdio_ui5_key":"applicationmanageresources-display-component---newResourceUnit--SHORT_TEXT"}]}
RESULT: undefined
COMMAND: POST /session/e57c885b60fd8cf462a4cfca6f098091/execute/async - {"script":"<script> [776 bytes]","args":[{"enterText":"Intercompany Equipment WDIO","selector":{"id":"application-manageresources-display-component---newResourceUnit--SHORT_TEXT","interaction":{"idSuffix":"inner"}},"clearTextFirst":true,"interactionType":"ENTER_TEXT"}]}
RESULT: {"script":"<script> [776 bytes]","args":[{"enterText":"Intercompany Equipment WDIO","selector":{"id":"application-manageresources-display-component---newResourceUnit--SHORT_TEXT","interaction":{"idSuffix":"inner"}},"clearTextFirst":true,"interactionType":"ENTER_TEXT"}]}
COMMAND: POST /session/e57c885b60fd8cf462a4cfca6f098091/execute/async - {"script":"<script> [1562 bytes]","args":[{"selector":{"id":"application-manageresources-display-component---newResourceUnit--BASE_UNIT_OF_MEASURE","interaction":{"idSuffix":"inner"}},"wdio_ui5_key":"applicationmanageresources-display-component---newResourceUnit--BASE_UNIT_OF_MEASURE"}]}
RESULT: {"script":"<script> [1562 bytes]","args":[{"selector":{"id":"application-manageresources-display-component---newResourceUnit--BASE_UNIT_OF_MEASURE","interaction":{"idSuffix":"inner"}},"wdio_ui5_key":"applicationmanageresources-display-component---newResourceUnit--BASE_UNIT_OF_MEASURE"}]}
RESULT: undefined
COMMAND: POST /session/e57c885b60fd8cf462a4cfca6f098091/execute/async - {"script":"<script> [776 bytes]","args":[{"enterText":"Piece","selector":{"id":"application-manageresources-display-component---newResourceUnit--BASE_UNIT_OF_MEASURE","interaction":{"idSuffix":"inner"}},"clearTextFirst":true,"interactionType":"ENTER_TEXT"}]}
RESULT: {"script":"<script> [776 bytes]","args":[{"enterText":"Piece","selector":{"id":"application-manageresources-display-component---newResourceUnit--BASE_UNIT_OF_MEASURE","interaction":{"idSuffix":"inner"}},"clearTextFirst":true,"interactionType":"ENTER_TEXT"}]}
COMMAND: POST /session/e57c885b60fd8cf462a4cfca6f098091/execute/async - {"script":"<script> [1562 bytes]","args":[{"selector":{"id":"application-manageresources-display-component---newResourceUnit--WEIGHT_UNIT","interaction":{"idSuffix":"inner"}},"wdio_ui5_key":"applicationmanageresources-display-component---newResourceUnit--WEIGHT_UNIT"}]}
RESULT: {"script":"<script> [1562 bytes]","args":[{"selector":{"id":"application-manageresources-display-component---newResourceUnit--WEIGHT_UNIT","interaction":{"idSuffix":"inner"}},"wdio_ui5_key":"applicationmanageresources-display-component---newResourceUnit--WEIGHT_UNIT"}]}
RESULT: undefined
COMMAND: POST /session/e57c885b60fd8cf462a4cfca6f098091/execute/async - {"script":"<script> [776 bytes]","args":[{"enterText":"Gram","selector":{"id":"application-manageresources-display-component---newResourceUnit--WEIGHT_UNIT","interaction":{"idSuffix":"inner"}},"clearTextFirst":true,"interactionType":"ENTER_TEXT"}]}
RESULT: {"script":"<script> [776 bytes]","args":[{"enterText":"Gram","selector":{"id":"application-manageresources-display-component---newResourceUnit--WEIGHT_UNIT","interaction":{"idSuffix":"inner"}},"clearTextFirst":true,"interactionType":"ENTER_TEXT"}]}
COMMAND: POST /session/e57c885b60fd8cf462a4cfca6f098091/execute/async - {"script":"<script> [1562 bytes]","args":[{"selector":{"id":"application-manageresources-display-component---newResourceUnit--DIMENSION_UNIT","interaction":{"idSuffix":"inner"}},"wdio_ui5_key":"applicationmanageresources-display-component---newResourceUnit--DIMENSION_UNIT"}]}
RESULT: {"script":"<script> [1562 bytes]","args":[{"selector":{"id":"application-manageresources-display-component---newResourceUnit--DIMENSION_UNIT","interaction":{"idSuffix":"inner"}},"wdio_ui5_key":"applicationmanageresources-display-component---newResourceUnit--DIMENSION_UNIT"}]}
RESULT: undefined
COMMAND: POST /session/e57c885b60fd8cf462a4cfca6f098091/execute/async - {"script":"<script> [776 bytes]","args":[{"enterText":"Meter","selector":{"id":"application-manageresources-display-component---newResourceUnit--DIMENSION_UNIT","interaction":{"idSuffix":"inner"}},"clearTextFirst":true,"interactionType":"ENTER_TEXT"}]}
RESULT: {"script":"<script> [776 bytes]","args":[{"enterText":"Meter","selector":{"id":"application-manageresources-display-component---newResourceUnit--DIMENSION_UNIT","interaction":{"idSuffix":"inner"}},"clearTextFirst":true,"interactionType":"ENTER_TEXT"}]}
COMMAND: POST /session/e57c885b60fd8cf462a4cfca6f098091/execute/async - {"script":"<script> [1562 bytes]","args":[{"selector":{"id":"application-manageresources-display-component---newResourceUnit--newRRUPage-anchBar-application-manageresources-display-component---newResourceUnit--control-anchor","interaction":{"idSuffix":"BDI-content"}},"wdio_ui5_key":"applicationmanageresources-display-component---newResourceUnit--newRRUPage-anchBar-application-manageresources-display-component---newResourceUnit--control-anchor"}]}
RESULT: {"script":"<script> [1562 bytes]","args":[{"selector":{"id":"application-manageresources-display-component---newResourceUnit--newRRUPage-anchBar-application-manageresources-display-component---newResourceUnit--control-anchor","interaction":{"idSuffix":"BDI-content"}},"wdio_ui5_key":"applicationmanageresources-display-component---newResourceUnit--newRRUPage-anchBar-application-manageresources-display-component---newResourceUnit--control-anchor"}]}
RESULT: undefined
COMMAND: POST /session/e57c885b60fd8cf462a4cfca6f098091/element - {"using":"xpath","value":"//*[@id=\"application-manageresources-display-component---newResourceUnit--newRRUPage-anchBar-application-manageresources-display-component---newResourceUnit--control-anchor\"]"}
RESULT: {"using":"xpath","value":"//*[@id=\"application-manageresources-display-component---newResourceUnit--newRRUPage-anchBar-application-manageresources-display-component---newResourceUnit--control-anchor\"]"}
COMMAND: POST /session/e57c885b60fd8cf462a4cfca6f098091/element/f.0BB93947CC1450395F5B257EF4D67E46.d.F0111C41AA7B29F4FFBFF8D86DC0C44E.e.9142/click - {}
RESULT: {}
COMMAND: POST /session/e57c885b60fd8cf462a4cfca6f098091/execute/async - {"script":"<script> [1562 bytes]","args":[{"selector":{"id":"application-manageresources-display-component---newResourceUnit--PLANNING_GROUP","interaction":{"idSuffix":"inner"}},"wdio_ui5_key":"applicationmanageresources-display-component---newResourceUnit--PLANNING_GROUP"}]}
COMMAND: GET /session/e57c885b60fd8cf462a4cfca6f098091/screenshot - {}
RESULT: {"script":"<script> [1562 bytes]","args":[{"selector":{"id":"application-manageresources-display-component---newResourceUnit--PLANNING_GROUP","interaction":{"idSuffix":"inner"}},"wdio_ui5_key":"applicationmanageresources-display-component---newResourceUnit--PLANNING_GROUP"}]}
RESULT: undefined
COMMAND: POST /session/e57c885b60fd8cf462a4cfca6f098091/execute/async - {"script":"<script> [776 bytes]","args":[{"enterText":"Heavy Equi","selector":{"id":"application-manageresources-display-component---newResourceUnit--PLANNING_GROUP","interaction":{"idSuffix":"inner"}},"clearTextFirst":true,"interactionType":"ENTER_TEXT"}]}
RESULT: {}
RESULT: {"script":"<script> [776 bytes]","args":[{"enterText":"Heavy Equi","selector":{"id":"application-manageresources-display-component---newResourceUnit--PLANNING_GROUP","interaction":{"idSuffix":"inner"}},"clearTextFirst":true,"interactionType":"ENTER_TEXT"}]}
COMMAND: POST /session/e57c885b60fd8cf462a4cfca6f098091/execute/async - {"script":"<script> [1562 bytes]","args":[{"selector":{"id":"application-manageresources-display-component---newResourceUnit--ITEM_TYPE-arrow"},"wdio_ui5_key":"applicationmanageresources-display-component---newResourceUnit--ITEM_TYPE-arrow"}]}
RESULT: {"script":"<script> [1562 bytes]","args":[{"selector":{"id":"application-manageresources-display-component---newResourceUnit--ITEM_TYPE-arrow"},"wdio_ui5_key":"applicationmanageresources-display-component---newResourceUnit--ITEM_TYPE-arrow"}]}
RESULT: undefined
COMMAND: POST /session/e57c885b60fd8cf462a4cfca6f098091/element - {"using":"xpath","value":"//*[@id=\"application-manageresources-display-component---newResourceUnit--ITEM_TYPE-arrow\"]"}
RESULT: {"using":"xpath","value":"//*[@id=\"application-manageresources-display-component---newResourceUnit--ITEM_TYPE-arrow\"]"}
COMMAND: POST /session/e57c885b60fd8cf462a4cfca6f098091/element/f.0BB93947CC1450395F5B257EF4D67E46.d.F0111C41AA7B29F4FFBFF8D86DC0C44E.e.9149/click - {}
RESULT: {}
COMMAND: POST /session/e57c885b60fd8cf462a4cfca6f098091/element - {"using":"xpath","value":"(//span[contains(text(), \"Resource Unit\")])[2]"}
COMMAND: GET /session/e57c885b60fd8cf462a4cfca6f098091/screenshot - {}
RESULT: {"using":"xpath","value":"(//span[contains(text(), \"Resource Unit\")])[2]"}
COMMAND: POST /session/e57c885b60fd8cf462a4cfca6f098091/element/f.0BB93947CC1450395F5B257EF4D67E46.d.F0111C41AA7B29F4FFBFF8D86DC0C44E.e.9150/click - {}
RESULT: {}
RESULT: {}
COMMAND: GET /session/e57c885b60fd8cf462a4cfca6f098091/screenshot - {}
RESULT: {}
COMMAND: POST /session/e57c885b60fd8cf462a4cfca6f098091/element - {"using":"css selector","value":"#application-manageresources-display-component---newResourceUnit--btnAddTimeSegment"}
RESULT: {"using":"css selector","value":"#application-manageresources-display-component---newResourceUnit--btnAddTimeSegment"}
COMMAND: GET /session/e57c885b60fd8cf462a4cfca6f098091/element/f.0BB93947CC1450395F5B257EF4D67E46.d.F0111C41AA7B29F4FFBFF8D86DC0C44E.e.9151/rect - {}
RESULT: {}
COMMAND: GET /session/e57c885b60fd8cf462a4cfca6f098091/window/rect - {}
RESULT: {}
COMMAND: POST /session/e57c885b60fd8cf462a4cfca6f098091/execute/sync - {"script":"<script> [92 bytes]","args":[]}
RESULT: {"script":"<script> [92 bytes]","args":[]}
COMMAND: POST /session/e57c885b60fd8cf462a4cfca6f098091/actions - {"actions":[{"id":"action27","type":"wheel","parameters":{},"actions":[{"type":"scroll","x":-1888,"y":-32,"deltaX":0,"deltaY":0,"duration":0,"origin":{"element-6066-11e4-a52e-4f735466cecf":"f.0BB93947CC1450395F5B257EF4D67E46.d.F0111C41AA7B29F4FFBFF8D86DC0C44E.e.9151"}}]}]}
COMMAND: GET /session/e57c885b60fd8cf462a4cfca6f098091/screenshot - {}
RESULT: {}
COMMAND: POST /session/e57c885b60fd8cf462a4cfca6f098091/execute/sync - {"script":"<script> [79 bytes]","args":[{"element-6066-11e4-a52e-4f735466cecf":"f.0BB93947CC1450395F5B257EF4D67E46.d.F0111C41AA7B29F4FFBFF8D86DC0C44E.e.9151","ELEMENT":"f.0BB93947CC1450395F5B257EF4D67E46.d.F0111C41AA7B29F4FFBFF8D86DC0C44E.e.9151"},{"block":"start","inline":"nearest"}]}
RESULT: {"script":"<script> [79 bytes]","args":[{"element-6066-11e4-a52e-4f735466cecf":"f.0BB93947CC1450395F5B257EF4D67E46.d.F0111C41AA7B29F4FFBFF8D86DC0C44E.e.9151","ELEMENT":"f.0BB93947CC1450395F5B257EF4D67E46.d.F0111C41AA7B29F4FFBFF8D86DC0C44E.e.9151"},{"block":"start","inline":"nearest"}]}
COMMAND: POST /session/e57c885b60fd8cf462a4cfca6f098091/execute/async - {"script":"<script> [1562 bytes]","args":[{"selector":{"id":"application-manageresources-display-component---newResourceUnit--btnAddTimeSegment","interaction":{"idSuffix":"inner"}},"wdio_ui5_key":"applicationmanageresources-display-component---newResourceUnit--btnAddTimeSegment"}]}
COMMAND: GET /session/e57c885b60fd8cf462a4cfca6f098091/screenshot - {}
RESULT: {"script":"<script> [1562 bytes]","args":[{"selector":{"id":"application-manageresources-display-component---newResourceUnit--btnAddTimeSegment","interaction":{"idSuffix":"inner"}},"wdio_ui5_key":"applicationmanageresources-display-component---newResourceUnit--btnAddTimeSegment"}]}
RESULT: undefined
COMMAND: POST /session/e57c885b60fd8cf462a4cfca6f098091/element - {"using":"xpath","value":"//*[@id=\"application-manageresources-display-component---newResourceUnit--btnAddTimeSegment\"]"}
RESULT: {}
RESULT: {"using":"xpath","value":"//*[@id=\"application-manageresources-display-component---newResourceUnit--btnAddTimeSegment\"]"}
COMMAND: POST /session/e57c885b60fd8cf462a4cfca6f098091/element/f.0BB93947CC1450395F5B257EF4D67E46.d.F0111C41AA7B29F4FFBFF8D86DC0C44E.e.9151/click - {}
RESULT: {}
COMMAND: GET /session/e57c885b60fd8cf462a4cfca6f098091/screenshot - {}
COMMAND: POST /session/e57c885b60fd8cf462a4cfca6f098091/element - {"using":"xpath","value":"//input[@id=\"application-manageresources-display-component---newResourceUnit--idRuTSAdmin-application-manageresources-display-component---newResourceUnit--RUTimeSegment-0-inner\"]"}
RESULT: {}
RESULT: {"using":"xpath","value":"//input[@id=\"application-manageresources-display-component---newResourceUnit--idRuTSAdmin-application-manageresources-display-component---newResourceUnit--RUTimeSegment-0-inner\"]"}
COMMAND: POST /session/e57c885b60fd8cf462a4cfca6f098091/element/f.0BB93947CC1450395F5B257EF4D67E46.d.F0111C41AA7B29F4FFBFF8D86DC0C44E.e.9157/clear - {}
RESULT: {}
COMMAND: POST /session/e57c885b60fd8cf462a4cfca6f098091/element/f.0BB93947CC1450395F5B257EF4D67E46.d.F0111C41AA7B29F4FFBFF8D86DC0C44E.e.9157/value - {"text":"803"}
COMMAND: GET /session/e57c885b60fd8cf462a4cfca6f098091/screenshot - {}
RESULT: {"text":"803"}
RESULT: {}
COMMAND: GET /session/e57c885b60fd8cf462a4cfca6f098091/screenshot - {}
RESULT: {}
COMMAND: POST /session/e57c885b60fd8cf462a4cfca6f098091/element - {"using":"xpath","value":"//li[.//span[text()='803']]"}
RESULT: {"using":"xpath","value":"//li[.//span[text()='803']]"}
COMMAND: POST /session/e57c885b60fd8cf462a4cfca6f098091/element/f.0BB93947CC1450395F5B257EF4D67E46.d.F0111C41AA7B29F4FFBFF8D86DC0C44E.e.9170/click - {}
RESULT: {}
COMMAND: GET /session/e57c885b60fd8cf462a4cfca6f098091/screenshot - {}
RESULT: {}
COMMAND: POST /session/e57c885b60fd8cf462a4cfca6f098091/element - {"using":"xpath","value":"(//span[contains(@id, \"-application-manageresources-display-component---newResourceUnit--RUTimeSegment-0-arrow\")])[6]"}
RESULT: {"using":"xpath","value":"(//span[contains(@id, \"-application-manageresources-display-component---newResourceUnit--RUTimeSegment-0-arrow\")])[6]"}
COMMAND: POST /session/e57c885b60fd8cf462a4cfca6f098091/element/f.0BB93947CC1450395F5B257EF4D67E46.d.F0111C41AA7B29F4FFBFF8D86DC0C44E.e.9171/click - {}
RESULT: {}
COMMAND: POST /session/e57c885b60fd8cf462a4cfca6f098091/element - {"using":"xpath","value":"//span[contains(text(), \"PM Order\")]"}
COMMAND: GET /session/e57c885b60fd8cf462a4cfca6f098091/screenshot - {}
RESULT: {"using":"xpath","value":"//span[contains(text(), \"PM Order\")]"}
COMMAND: POST /session/e57c885b60fd8cf462a4cfca6f098091/element/f.0BB93947CC1450395F5B257EF4D67E46.d.F0111C41AA7B29F4FFBFF8D86DC0C44E.e.9174/click - {}
RESULT: {}
RESULT: {}
COMMAND: GET /session/e57c885b60fd8cf462a4cfca6f098091/screenshot - {}
RESULT: {}
COMMAND: POST /session/e57c885b60fd8cf462a4cfca6f098091/element - {"using":"xpath","value":"(//span[contains(@id ,\"manageresources-display-component---newResourceUnit--RUTimeSegment-0-vhi\")])[2]"}
RESULT: {"using":"xpath","value":"(//span[contains(@id ,\"manageresources-display-component---newResourceUnit--RUTimeSegment-0-vhi\")])[2]"}
COMMAND: POST /session/e57c885b60fd8cf462a4cfca6f098091/element/f.0BB93947CC1450395F5B257EF4D67E46.d.F0111C41AA7B29F4FFBFF8D86DC0C44E.e.9177/click - {}
RESULT: {}
COMMAND: GET /session/e57c885b60fd8cf462a4cfca6f098091/screenshot - {}
RESULT: {}
COMMAND: POST /session/e57c885b60fd8cf462a4cfca6f098091/execute/async - {"script":"<script> [1562 bytes]","args":[{"selector":{"controlType":"sap.m.SearchField","properties":{"placeholder":"Search"},"searchOpenDialogs":true,"interaction":{"idSuffix":"I"}},"wdio_ui5_key":"sapm.SearchField{\"placeholder\":\"Search\"}"}]}
RESULT: {"script":"<script> [1562 bytes]","args":[{"selector":{"controlType":"sap.m.SearchField","properties":{"placeholder":"Search"},"searchOpenDialogs":true,"interaction":{"idSuffix":"I"}},"wdio_ui5_key":"sapm.SearchField{\"placeholder\":\"Search\"}"}]}
RESULT: undefined
COMMAND: POST /session/e57c885b60fd8cf462a4cfca6f098091/execute/async - {"script":"<script> [776 bytes]","args":[{"enterText":"4000360","selector":{"controlType":"sap.m.SearchField","properties":{"placeholder":"Search"},"searchOpenDialogs":true,"interaction":{"idSuffix":"I"}},"clearTextFirst":true,"interactionType":"ENTER_TEXT"}]}
RESULT: {"script":"<script> [776 bytes]","args":[{"enterText":"4000360","selector":{"controlType":"sap.m.SearchField","properties":{"placeholder":"Search"},"searchOpenDialogs":true,"interaction":{"idSuffix":"I"}},"clearTextFirst":true,"interactionType":"ENTER_TEXT"}]}
COMMAND: POST /session/e57c885b60fd8cf462a4cfca6f098091/actions - {"actions":[{"id":"action28","type":"key","parameters":{},"actions":[{"type":"keyDown","value":"î€‡"},{"type":"pause","duration":10},{"type":"keyUp","value":"î€‡"}]}]}
RESULT: {"actions":[{"id":"action28","type":"key","parameters":{},"actions":[{"type":"keyDown","value":"î€‡"},{"type":"pause","duration":10},{"type":"keyUp","value":"î€‡"}]}]}
COMMAND: GET /session/e57c885b60fd8cf462a4cfca6f098091/screenshot - {}
RESULT: {}
COMMAND: POST /session/e57c885b60fd8cf462a4cfca6f098091/element - {"using":"xpath","value":"//td/div/span[contains(text(), \"BGL Vehicles\")]"}
RESULT: {"using":"xpath","value":"//td/div/span[contains(text(), \"BGL Vehicles\")]"}
COMMAND: POST /session/e57c885b60fd8cf462a4cfca6f098091/element/f.0BB93947CC1450395F5B257EF4D67E46.d.F0111C41AA7B29F4FFBFF8D86DC0C44E.e.9196/click - {}
RESULT: {}
COMMAND: GET /session/e57c885b60fd8cf462a4cfca6f098091/screenshot - {}
RESULT: {}
COMMAND: POST /session/e57c885b60fd8cf462a4cfca6f098091/element - {"using":"xpath","value":"//bdi[contains(text(), \"OK\")]"}
RESULT: {"using":"xpath","value":"//bdi[contains(text(), \"OK\")]"}
COMMAND: POST /session/e57c885b60fd8cf462a4cfca6f098091/element/f.0BB93947CC1450395F5B257EF4D67E46.d.F0111C41AA7B29F4FFBFF8D86DC0C44E.e.9197/click - {}
RESULT: {}
COMMAND: GET /session/e57c885b60fd8cf462a4cfca6f098091/screenshot - {}
RESULT: {}
COMMAND: POST /session/e57c885b60fd8cf462a4cfca6f098091/execute/async - {"script":"<script> [1562 bytes]","args":[{"selector":{"id":"application-manageresources-display-component---newResourceUnit--newRRUPage-anchBar-application-manageresources-display-component---newResourceUnit--resource-anchor","interaction":{"idSuffix":"BDI-content"}},"wdio_ui5_key":"applicationmanageresources-display-component---newResourceUnit--newRRUPage-anchBar-application-manageresources-display-component---newResourceUnit--resource-anchor"}]}
RESULT: {"script":"<script> [1562 bytes]","args":[{"selector":{"id":"application-manageresources-display-component---newResourceUnit--newRRUPage-anchBar-application-manageresources-display-component---newResourceUnit--resource-anchor","interaction":{"idSuffix":"BDI-content"}},"wdio_ui5_key":"applicationmanageresources-display-component---newResourceUnit--newRRUPage-anchBar-application-manageresources-display-component---newResourceUnit--resource-anchor"}]}
RESULT: undefined
COMMAND: POST /session/e57c885b60fd8cf462a4cfca6f098091/element - {"using":"xpath","value":"//*[@id=\"application-manageresources-display-component---newResourceUnit--newRRUPage-anchBar-application-manageresources-display-component---newResourceUnit--resource-anchor\"]"}
RESULT: {"using":"xpath","value":"//*[@id=\"application-manageresources-display-component---newResourceUnit--newRRUPage-anchBar-application-manageresources-display-component---newResourceUnit--resource-anchor\"]"}
COMMAND: POST /session/e57c885b60fd8cf462a4cfca6f098091/element/f.0BB93947CC1450395F5B257EF4D67E46.d.F0111C41AA7B29F4FFBFF8D86DC0C44E.e.9201/click - {}
RESULT: {}
COMMAND: POST /session/e57c885b60fd8cf462a4cfca6f098091/execute/async - {"script":"<script> [1562 bytes]","args":[{"selector":{"id":"application-manageresources-display-component---newResourceUnit--PLANNED_DELIVERY_DATE","interaction":{"idSuffix":"inner"}},"wdio_ui5_key":"applicationmanageresources-display-component---newResourceUnit--PLANNED_DELIVERY_DATE"}]}
COMMAND: GET /session/e57c885b60fd8cf462a4cfca6f098091/screenshot - {}
RESULT: {"script":"<script> [1562 bytes]","args":[{"selector":{"id":"application-manageresources-display-component---newResourceUnit--PLANNED_DELIVERY_DATE","interaction":{"idSuffix":"inner"}},"wdio_ui5_key":"applicationmanageresources-display-component---newResourceUnit--PLANNED_DELIVERY_DATE"}]}
RESULT: undefined
COMMAND: POST /session/e57c885b60fd8cf462a4cfca6f098091/execute/async - {"script":"<script> [6424 bytes]","args":[{"element-6066-11e4-a52e-4f735466cecf":"f.0BB93947CC1450395F5B257EF4D67E46.d.F0111C41AA7B29F4FFBFF8D86DC0C44E.e.9065"},"setValue",["4/24/25"]]}
RESULT: {}
RESULT: {"script":"<script> [6424 bytes]","args":[{"element-6066-11e4-a52e-4f735466cecf":"f.0BB93947CC1450395F5B257EF4D67E46.d.F0111C41AA7B29F4FFBFF8D86DC0C44E.e.9065"},"setValue",["4/24/25"]]}
COMMAND: POST /session/e57c885b60fd8cf462a4cfca6f098091/element - {"using":"xpath","value":"//button[@data-kt=\"resourceUnitSaveButton\"]"}
RESULT: {"using":"xpath","value":"//button[@data-kt=\"resourceUnitSaveButton\"]"}
COMMAND: POST /session/e57c885b60fd8cf462a4cfca6f098091/element/f.0BB93947CC1450395F5B257EF4D67E46.d.F0111C41AA7B29F4FFBFF8D86DC0C44E.e.9025/click - {}
RESULT: {}
COMMAND: GET /session/e57c885b60fd8cf462a4cfca6f098091/screenshot - {}
RESULT: {}
COMMAND: POST /session/e57c885b60fd8cf462a4cfca6f098091/element - {"using":"xpath","value":"//bdi[contains(text(), \"Close\")]"}
RESULT: {"using":"xpath","value":"//bdi[contains(text(), \"Close\")]"}
COMMAND: POST /session/e57c885b60fd8cf462a4cfca6f098091/element/f.0BB93947CC1450395F5B257EF4D67E46.d.F0111C41AA7B29F4FFBFF8D86DC0C44E.e.9211/click - {}
RESULT: {}
COMMAND: GET /session/e57c885b60fd8cf462a4cfca6f098091/screenshot - {}
RESULT: {}
COMMAND: POST /session/e57c885b60fd8cf462a4cfca6f098091/element - {"using":"xpath","value":"//bdi[contains(text(), \"Edit\")]"}
RESULT: {"using":"xpath","value":"//bdi[contains(text(), \"Edit\")]"}
COMMAND: POST /session/e57c885b60fd8cf462a4cfca6f098091/execute/sync - {"script":"<script> [8489 bytes]","args":[{"element-6066-11e4-a52e-4f735466cecf":"f.0BB93947CC1450395F5B257EF4D67E46.d.F0111C41AA7B29F4FFBFF8D86DC0C44E.e.9243","ELEMENT":"f.0BB93947CC1450395F5B257EF4D67E46.d.F0111C41AA7B29F4FFBFF8D86DC0C44E.e.9243"}]}
RESULT: {"script":"<script> [8489 bytes]","args":[{"element-6066-11e4-a52e-4f735466cecf":"f.0BB93947CC1450395F5B257EF4D67E46.d.F0111C41AA7B29F4FFBFF8D86DC0C44E.e.9243","ELEMENT":"f.0BB93947CC1450395F5B257EF4D67E46.d.F0111C41AA7B29F4FFBFF8D86DC0C44E.e.9243"}]}
COMMAND: POST /session/e57c885b60fd8cf462a4cfca6f098091/element/f.0BB93947CC1450395F5B257EF4D67E46.d.F0111C41AA7B29F4FFBFF8D86DC0C44E.e.9243/click - {}
COMMAND: GET /session/e57c885b60fd8cf462a4cfca6f098091/screenshot - {}
RESULT: {}
COMMAND: GET /session/e57c885b60fd8cf462a4cfca6f098091/screenshot - {}
RESULT: {}
COMMAND: POST /session/e57c885b60fd8cf462a4cfca6f098091/execute/async - {"script":"<script> [1562 bytes]","args":[{"selector":{"id":"application-manageresources-display-component---editResource--editRruPage-anchBar-application-manageresources-display-component---editResource--counters-anchor","interaction":{"idSuffix":"BDI-content"}},"wdio_ui5_key":"applicationmanageresources-display-component---editResource--editRruPage-anchBar-application-manageresources-display-component---editResource--counters-anchor"}]}
RESULT: {}
RESULT: {"script":"<script> [1562 bytes]","args":[{"selector":{"id":"application-manageresources-display-component---editResource--editRruPage-anchBar-application-manageresources-display-component---editResource--counters-anchor","interaction":{"idSuffix":"BDI-content"}},"wdio_ui5_key":"applicationmanageresources-display-component---editResource--editRruPage-anchBar-application-manageresources-display-component---editResource--counters-anchor"}]}
RESULT: undefined
COMMAND: POST /session/e57c885b60fd8cf462a4cfca6f098091/element - {"using":"xpath","value":"//*[@id=\"application-manageresources-display-component---editResource--editRruPage-anchBar-application-manageresources-display-component---editResource--counters-anchor\"]"}
RESULT: {"using":"xpath","value":"//*[@id=\"application-manageresources-display-component---editResource--editRruPage-anchBar-application-manageresources-display-component---editResource--counters-anchor\"]"}
COMMAND: POST /session/e57c885b60fd8cf462a4cfca6f098091/element/f.0BB93947CC1450395F5B257EF4D67E46.d.F0111C41AA7B29F4FFBFF8D86DC0C44E.e.9344/click - {}
RESULT: {}
COMMAND: GET /session/e57c885b60fd8cf462a4cfca6f098091/screenshot - {}
RESULT: {}
COMMAND: POST /session/e57c885b60fd8cf462a4cfca6f098091/execute/async - {"script":"<script> [1562 bytes]","args":[{"selector":{"id":"application-manageresources-display-component---editResource--btnAddCounter-img"},"wdio_ui5_key":"applicationmanageresources-display-component---editResource--btnAddCounter-img"}]}
RESULT: {"script":"<script> [1562 bytes]","args":[{"selector":{"id":"application-manageresources-display-component---editResource--btnAddCounter-img"},"wdio_ui5_key":"applicationmanageresources-display-component---editResource--btnAddCounter-img"}]}
RESULT: undefined
COMMAND: POST /session/e57c885b60fd8cf462a4cfca6f098091/element - {"using":"xpath","value":"//*[@id=\"application-manageresources-display-component---editResource--btnAddCounter-img\"]"}
RESULT: {"using":"xpath","value":"//*[@id=\"application-manageresources-display-component---editResource--btnAddCounter-img\"]"}
COMMAND: POST /session/e57c885b60fd8cf462a4cfca6f098091/element/f.0BB93947CC1450395F5B257EF4D67E46.d.F0111C41AA7B29F4FFBFF8D86DC0C44E.e.9378/click - {}
RESULT: {}
COMMAND: POST /session/e57c885b60fd8cf462a4cfca6f098091/execute/async - {"script":"<script> [1562 bytes]","args":[{"selector":{"id":"application-manageresources-display-component---editResource--COUNTER_ID-application-manageresources-display-component---editResource--RUCounters-0-arrow"},"wdio_ui5_key":"applicationmanageresources-display-component---editResource--COUNTER_ID-application-manageresources-display-component---editResource--RUCounters-0-arrow"}]}
COMMAND: GET /session/e57c885b60fd8cf462a4cfca6f098091/screenshot - {}
RESULT: {"script":"<script> [1562 bytes]","args":[{"selector":{"id":"application-manageresources-display-component---editResource--COUNTER_ID-application-manageresources-display-component---editResource--RUCounters-0-arrow"},"wdio_ui5_key":"applicationmanageresources-display-component---editResource--COUNTER_ID-application-manageresources-display-component---editResource--RUCounters-0-arrow"}]}
RESULT: undefined
COMMAND: POST /session/e57c885b60fd8cf462a4cfca6f098091/element - {"using":"xpath","value":"//*[@id=\"application-manageresources-display-component---editResource--COUNTER_ID-application-manageresources-display-component---editResource--RUCounters-0-arrow\"]"}
RESULT: {}
RESULT: {"using":"xpath","value":"//*[@id=\"application-manageresources-display-component---editResource--COUNTER_ID-application-manageresources-display-component---editResource--RUCounters-0-arrow\"]"}
COMMAND: POST /session/e57c885b60fd8cf462a4cfca6f098091/element/f.0BB93947CC1450395F5B257EF4D67E46.d.F0111C41AA7B29F4FFBFF8D86DC0C44E.e.9385/click - {}
RESULT: {}
COMMAND: POST /session/e57c885b60fd8cf462a4cfca6f098091/execute/async - {"script":"<script> [1562 bytes]","args":[{"selector":{"controlType":"sap.m.StandardListItem","viewName":"etm.portal.ui.manageresources.view.EditResource","viewId":"application-manageresources-display-component---editResource","properties":{"title":"fuel"},"searchOpenDialogs":true,"interaction":{"idSuffix":"content"}},"wdio_ui5_key":"etmportal.ui.manageresources.view.EditResourcesap.m.StandardListItem{\"title\":\"fuel\"}"}]}
COMMAND: GET /session/e57c885b60fd8cf462a4cfca6f098091/screenshot - {}
RESULT: {"script":"<script> [1562 bytes]","args":[{"selector":{"controlType":"sap.m.StandardListItem","viewName":"etm.portal.ui.manageresources.view.EditResource","viewId":"application-manageresources-display-component---editResource","properties":{"title":"fuel"},"searchOpenDialogs":true,"interaction":{"idSuffix":"content"}},"wdio_ui5_key":"etmportal.ui.manageresources.view.EditResourcesap.m.StandardListItem{\"title\":\"fuel\"}"}]}
RESULT: undefined
COMMAND: POST /session/e57c885b60fd8cf462a4cfca6f098091/element - {"using":"xpath","value":"//*[@id=\"__item1247\"]"}
RESULT: {}
RESULT: {"using":"xpath","value":"//*[@id=\"__item1247\"]"}
COMMAND: POST /session/e57c885b60fd8cf462a4cfca6f098091/element/f.0BB93947CC1450395F5B257EF4D67E46.d.F0111C41AA7B29F4FFBFF8D86DC0C44E.e.9387/click - {}
RESULT: {}
COMMAND: GET /session/e57c885b60fd8cf462a4cfca6f098091/screenshot - {}
RESULT: {}
COMMAND: POST /session/e57c885b60fd8cf462a4cfca6f098091/element - {"using":"xpath","value":"//button[@data-kt=\"saveButton\"]"}
RESULT: {"using":"xpath","value":"//button[@data-kt=\"saveButton\"]"}
COMMAND: POST /session/e57c885b60fd8cf462a4cfca6f098091/element/f.0BB93947CC1450395F5B257EF4D67E46.d.F0111C41AA7B29F4FFBFF8D86DC0C44E.e.9388/click - {}
RESULT: {}
COMMAND: GET /session/e57c885b60fd8cf462a4cfca6f098091/screenshot - {}
RESULT: {}
COMMAND: POST /session/e57c885b60fd8cf462a4cfca6f098091/element - {"using":"xpath","value":"(//button[contains(@id ,\"actionsToolbar-overflowButton\")])[1]"}
RESULT: {"using":"xpath","value":"(//button[contains(@id ,\"actionsToolbar-overflowButton\")])[1]"}
COMMAND: POST /session/e57c885b60fd8cf462a4cfca6f098091/element/f.0BB93947CC1450395F5B257EF4D67E46.d.F0111C41AA7B29F4FFBFF8D86DC0C44E.e.9399/click - {}
RESULT: {}
COMMAND: GET /session/e57c885b60fd8cf462a4cfca6f098091/screenshot - {}
RESULT: {}
COMMAND: POST /session/e57c885b60fd8cf462a4cfca6f098091/element - {"using":"xpath","value":"//button[@data-kt=\"priceInfoButton\"]"}
RESULT: {"using":"xpath","value":"//button[@data-kt=\"priceInfoButton\"]"}
COMMAND: POST /session/e57c885b60fd8cf462a4cfca6f098091/element/f.0BB93947CC1450395F5B257EF4D67E46.d.F0111C41AA7B29F4FFBFF8D86DC0C44E.e.9401/click - {}
RESULT: {}
COMMAND: GET /session/e57c885b60fd8cf462a4cfca6f098091/screenshot - {}
]]></system-out>
    </testcase>
    <testcase classname="chrome.135_0_7049_96.windows.Create_master_data_for_mixed_billing_&amp;_do_billing_calculation_US151661" name="Should create a TB pricing procedure" time="60.198">
      <system-out><![CDATA[
COMMAND: POST /session/e57c885b60fd8cf462a4cfca6f098091/element - {"using":"xpath","value":"//button[@data-kt=\"addButton\"]"}
RESULT: {}
RESULT: {"using":"xpath","value":"//button[@data-kt=\"addButton\"]"}
COMMAND: POST /session/e57c885b60fd8cf462a4cfca6f098091/elements - {"using":"xpath","value":"//button[@data-kt=\"addButton\"]"}
RESULT: {"using":"xpath","value":"//button[@data-kt=\"addButton\"]"}
COMMAND: POST /session/e57c885b60fd8cf462a4cfca6f098091/execute/sync - {"script":"<script> [8489 bytes]","args":[{"element-6066-11e4-a52e-4f735466cecf":"f.0BB93947CC1450395F5B257EF4D67E46.d.F0111C41AA7B29F4FFBFF8D86DC0C44E.e.9437","ELEMENT":"f.0BB93947CC1450395F5B257EF4D67E46.d.F0111C41AA7B29F4FFBFF8D86DC0C44E.e.9437"}]}
RESULT: {"script":"<script> [8489 bytes]","args":[{"element-6066-11e4-a52e-4f735466cecf":"f.0BB93947CC1450395F5B257EF4D67E46.d.F0111C41AA7B29F4FFBFF8D86DC0C44E.e.9437","ELEMENT":"f.0BB93947CC1450395F5B257EF4D67E46.d.F0111C41AA7B29F4FFBFF8D86DC0C44E.e.9437"}]}
COMMAND: GET /session/e57c885b60fd8cf462a4cfca6f098091/element/f.0BB93947CC1450395F5B257EF4D67E46.d.F0111C41AA7B29F4FFBFF8D86DC0C44E.e.9437/enabled - {}
COMMAND: GET /session/e57c885b60fd8cf462a4cfca6f098091/screenshot - {}
RESULT: {}
COMMAND: POST /session/e57c885b60fd8cf462a4cfca6f098091/execute/sync - {"script":"<script> [8489 bytes]","args":[{"element-6066-11e4-a52e-4f735466cecf":"f.0BB93947CC1450395F5B257EF4D67E46.d.F0111C41AA7B29F4FFBFF8D86DC0C44E.e.9437","ELEMENT":"f.0BB93947CC1450395F5B257EF4D67E46.d.F0111C41AA7B29F4FFBFF8D86DC0C44E.e.9437"}]}
COMMAND: GET /session/e57c885b60fd8cf462a4cfca6f098091/screenshot - {}
RESULT: {}
RESULT: {"script":"<script> [8489 bytes]","args":[{"element-6066-11e4-a52e-4f735466cecf":"f.0BB93947CC1450395F5B257EF4D67E46.d.F0111C41AA7B29F4FFBFF8D86DC0C44E.e.9437","ELEMENT":"f.0BB93947CC1450395F5B257EF4D67E46.d.F0111C41AA7B29F4FFBFF8D86DC0C44E.e.9437"}]}
COMMAND: POST /session/e57c885b60fd8cf462a4cfca6f098091/execute/sync - {"script":"<script> [5351 bytes]","args":[{"element-6066-11e4-a52e-4f735466cecf":"f.0BB93947CC1450395F5B257EF4D67E46.d.F0111C41AA7B29F4FFBFF8D86DC0C44E.e.9437","ELEMENT":"f.0BB93947CC1450395F5B257EF4D67E46.d.F0111C41AA7B29F4FFBFF8D86DC0C44E.e.9437"}]}
COMMAND: GET /session/e57c885b60fd8cf462a4cfca6f098091/screenshot - {}
RESULT: {}
RESULT: {"script":"<script> [5351 bytes]","args":[{"element-6066-11e4-a52e-4f735466cecf":"f.0BB93947CC1450395F5B257EF4D67E46.d.F0111C41AA7B29F4FFBFF8D86DC0C44E.e.9437","ELEMENT":"f.0BB93947CC1450395F5B257EF4D67E46.d.F0111C41AA7B29F4FFBFF8D86DC0C44E.e.9437"}]}
COMMAND: POST /session/e57c885b60fd8cf462a4cfca6f098091/element/f.0BB93947CC1450395F5B257EF4D67E46.d.F0111C41AA7B29F4FFBFF8D86DC0C44E.e.9437/click - {}
COMMAND: GET /session/e57c885b60fd8cf462a4cfca6f098091/screenshot - {}
RESULT: {}
RESULT: {}
RESULT: {}
COMMAND: GET /session/e57c885b60fd8cf462a4cfca6f098091/screenshot - {}
RESULT: {}
COMMAND: POST /session/e57c885b60fd8cf462a4cfca6f098091/execute/async - {"script":"<script> [1562 bytes]","args":[{"selector":{"controlType":"sap.m.Title","viewName":"etm.portal.ui.managepricingrules.view.NewItem","viewId":"application-managepricingrules-display-component---newInfoPriceItem","properties":{"text":"New Pricing Rules - Item Level"}},"wdio_ui5_key":"etmportal.ui.managepricingrules.view.NewItemsap.m.Title{\"text\":\"New Pricing Rules - Item Level\"}"}]}
RESULT: {"script":"<script> [1562 bytes]","args":[{"selector":{"controlType":"sap.m.Title","viewName":"etm.portal.ui.managepricingrules.view.NewItem","viewId":"application-managepricingrules-display-component---newInfoPriceItem","properties":{"text":"New Pricing Rules - Item Level"}},"wdio_ui5_key":"etmportal.ui.managepricingrules.view.NewItemsap.m.Title{\"text\":\"New Pricing Rules - Item Level\"}"}]}
RESULT: undefined
COMMAND: POST /session/e57c885b60fd8cf462a4cfca6f098091/execute/async - {"script":"<script> [6424 bytes]","args":[{"element-6066-11e4-a52e-4f735466cecf":"f.0BB93947CC1450395F5B257EF4D67E46.d.F0111C41AA7B29F4FFBFF8D86DC0C44E.e.9598"},"getText",[]]}
RESULT: {"script":"<script> [6424 bytes]","args":[{"element-6066-11e4-a52e-4f735466cecf":"f.0BB93947CC1450395F5B257EF4D67E46.d.F0111C41AA7B29F4FFBFF8D86DC0C44E.e.9598"},"getText",[]]}
COMMAND: POST /session/e57c885b60fd8cf462a4cfca6f098091/execute/async - {"script":"<script> [1562 bytes]","args":[{"selector":{"id":"application-managepricingrules-display-component---newInfoPriceItem--condValidTo","interaction":{"idSuffix":"inner"}},"wdio_ui5_key":"applicationmanagepricingrules-display-component---newInfoPriceItem--condValidTo"}]}
RESULT: {"script":"<script> [1562 bytes]","args":[{"selector":{"id":"application-managepricingrules-display-component---newInfoPriceItem--condValidTo","interaction":{"idSuffix":"inner"}},"wdio_ui5_key":"applicationmanagepricingrules-display-component---newInfoPriceItem--condValidTo"}]}
RESULT: undefined
COMMAND: POST /session/e57c885b60fd8cf462a4cfca6f098091/execute/async - {"script":"<script> [776 bytes]","args":[{"enterText":"12/24/25","selector":{"id":"application-managepricingrules-display-component---newInfoPriceItem--condValidTo","interaction":{"idSuffix":"inner"}},"clearTextFirst":true,"interactionType":"ENTER_TEXT"}]}
RESULT: {"script":"<script> [776 bytes]","args":[{"enterText":"12/24/25","selector":{"id":"application-managepricingrules-display-component---newInfoPriceItem--condValidTo","interaction":{"idSuffix":"inner"}},"clearTextFirst":true,"interactionType":"ENTER_TEXT"}]}
COMMAND: POST /session/e57c885b60fd8cf462a4cfca6f098091/execute/async - {"script":"<script> [1562 bytes]","args":[{"selector":{"id":"application-managepricingrules-display-component---newInfoPriceItem--billType-arrow"},"wdio_ui5_key":"applicationmanagepricingrules-display-component---newInfoPriceItem--billType-arrow"}]}
RESULT: {"script":"<script> [1562 bytes]","args":[{"selector":{"id":"application-managepricingrules-display-component---newInfoPriceItem--billType-arrow"},"wdio_ui5_key":"applicationmanagepricingrules-display-component---newInfoPriceItem--billType-arrow"}]}
RESULT: undefined
COMMAND: POST /session/e57c885b60fd8cf462a4cfca6f098091/element - {"using":"xpath","value":"//*[@id=\"application-managepricingrules-display-component---newInfoPriceItem--billType-arrow\"]"}
RESULT: {"using":"xpath","value":"//*[@id=\"application-managepricingrules-display-component---newInfoPriceItem--billType-arrow\"]"}
COMMAND: POST /session/e57c885b60fd8cf462a4cfca6f098091/element/f.0BB93947CC1450395F5B257EF4D67E46.d.F0111C41AA7B29F4FFBFF8D86DC0C44E.e.9600/click - {}
RESULT: {}
COMMAND: POST /session/e57c885b60fd8cf462a4cfca6f098091/element - {"using":"xpath","value":"//span[contains(text(), \"TB - Time based\")]"}
COMMAND: GET /session/e57c885b60fd8cf462a4cfca6f098091/screenshot - {}
RESULT: {"using":"xpath","value":"//span[contains(text(), \"TB - Time based\")]"}
COMMAND: POST /session/e57c885b60fd8cf462a4cfca6f098091/element/f.0BB93947CC1450395F5B257EF4D67E46.d.F0111C41AA7B29F4FFBFF8D86DC0C44E.e.9601/click - {}
RESULT: {}
RESULT: {}
COMMAND: POST /session/e57c885b60fd8cf462a4cfca6f098091/execute/async - {"script":"<script> [1562 bytes]","args":[{"selector":{"id":"application-managepricingrules-display-component---newInfoPriceItem--priceProc-arrow"},"wdio_ui5_key":"applicationmanagepricingrules-display-component---newInfoPriceItem--priceProc-arrow"}]}
COMMAND: GET /session/e57c885b60fd8cf462a4cfca6f098091/screenshot - {}
RESULT: {"script":"<script> [1562 bytes]","args":[{"selector":{"id":"application-managepricingrules-display-component---newInfoPriceItem--priceProc-arrow"},"wdio_ui5_key":"applicationmanagepricingrules-display-component---newInfoPriceItem--priceProc-arrow"}]}
RESULT: undefined
COMMAND: POST /session/e57c885b60fd8cf462a4cfca6f098091/element - {"using":"xpath","value":"//*[@id=\"application-managepricingrules-display-component---newInfoPriceItem--priceProc-arrow\"]"}
RESULT: {}
RESULT: {"using":"xpath","value":"//*[@id=\"application-managepricingrules-display-component---newInfoPriceItem--priceProc-arrow\"]"}
COMMAND: POST /session/e57c885b60fd8cf462a4cfca6f098091/element/f.0BB93947CC1450395F5B257EF4D67E46.d.F0111C41AA7B29F4FFBFF8D86DC0C44E.e.9563/click - {}
RESULT: {}
COMMAND: POST /session/e57c885b60fd8cf462a4cfca6f098091/element - {"using":"xpath","value":"//span[contains(text(), \"TB - Time based BGL\")]"}
COMMAND: GET /session/e57c885b60fd8cf462a4cfca6f098091/screenshot - {}
RESULT: {"using":"xpath","value":"//span[contains(text(), \"TB - Time based BGL\")]"}
COMMAND: POST /session/e57c885b60fd8cf462a4cfca6f098091/element/f.0BB93947CC1450395F5B257EF4D67E46.d.F0111C41AA7B29F4FFBFF8D86DC0C44E.e.9602/click - {}
RESULT: {}
RESULT: {}
COMMAND: POST /session/e57c885b60fd8cf462a4cfca6f098091/execute/async - {"script":"<script> [1562 bytes]","args":[{"selector":{"id":"application-managepricingrules-display-component---newInfoPriceItem--calcBase-arrow"},"wdio_ui5_key":"applicationmanagepricingrules-display-component---newInfoPriceItem--calcBase-arrow"}]}
COMMAND: GET /session/e57c885b60fd8cf462a4cfca6f098091/screenshot - {}
RESULT: {"script":"<script> [1562 bytes]","args":[{"selector":{"id":"application-managepricingrules-display-component---newInfoPriceItem--calcBase-arrow"},"wdio_ui5_key":"applicationmanagepricingrules-display-component---newInfoPriceItem--calcBase-arrow"}]}
RESULT: undefined
COMMAND: POST /session/e57c885b60fd8cf462a4cfca6f098091/element - {"using":"xpath","value":"//*[@id=\"application-managepricingrules-display-component---newInfoPriceItem--calcBase-arrow\"]"}
RESULT: {}
RESULT: {"using":"xpath","value":"//*[@id=\"application-managepricingrules-display-component---newInfoPriceItem--calcBase-arrow\"]"}
COMMAND: POST /session/e57c885b60fd8cf462a4cfca6f098091/element/f.0BB93947CC1450395F5B257EF4D67E46.d.F0111C41AA7B29F4FFBFF8D86DC0C44E.e.9570/click - {}
RESULT: {}
COMMAND: GET /session/e57c885b60fd8cf462a4cfca6f098091/screenshot - {}
RESULT: {}
COMMAND: POST /session/e57c885b60fd8cf462a4cfca6f098091/element - {"using":"xpath","value":"//span[contains(text(), \"0006 - TB(calendar days)\")]"}
RESULT: {"using":"xpath","value":"//span[contains(text(), \"0006 - TB(calendar days)\")]"}
COMMAND: POST /session/e57c885b60fd8cf462a4cfca6f098091/element/f.0BB93947CC1450395F5B257EF4D67E46.d.F0111C41AA7B29F4FFBFF8D86DC0C44E.e.9603/click - {}
RESULT: {}
COMMAND: GET /session/e57c885b60fd8cf462a4cfca6f098091/screenshot - {}
RESULT: {}
COMMAND: POST /session/e57c885b60fd8cf462a4cfca6f098091/execute/async - {"script":"<script> [1562 bytes]","args":[{"selector":{"id":"application-managepricingrules-display-component---newInfoPriceItem--hoursMonth","interaction":{"idSuffix":"inner"}},"wdio_ui5_key":"applicationmanagepricingrules-display-component---newInfoPriceItem--hoursMonth"}]}
RESULT: {"script":"<script> [1562 bytes]","args":[{"selector":{"id":"application-managepricingrules-display-component---newInfoPriceItem--hoursMonth","interaction":{"idSuffix":"inner"}},"wdio_ui5_key":"applicationmanagepricingrules-display-component---newInfoPriceItem--hoursMonth"}]}
RESULT: undefined
COMMAND: POST /session/e57c885b60fd8cf462a4cfca6f098091/execute/async - {"script":"<script> [776 bytes]","args":[{"enterText":"160","selector":{"id":"application-managepricingrules-display-component---newInfoPriceItem--hoursMonth","interaction":{"idSuffix":"inner"}},"clearTextFirst":true,"interactionType":"ENTER_TEXT"}]}
RESULT: {"script":"<script> [776 bytes]","args":[{"enterText":"160","selector":{"id":"application-managepricingrules-display-component---newInfoPriceItem--hoursMonth","interaction":{"idSuffix":"inner"}},"clearTextFirst":true,"interactionType":"ENTER_TEXT"}]}
COMMAND: POST /session/e57c885b60fd8cf462a4cfca6f098091/execute/async - {"script":"<script> [1562 bytes]","args":[{"selector":{"id":"application-managepricingrules-display-component---newInfoPriceItem--daysMonth","interaction":{"idSuffix":"inner"}},"wdio_ui5_key":"applicationmanagepricingrules-display-component---newInfoPriceItem--daysMonth"}]}
RESULT: {"script":"<script> [1562 bytes]","args":[{"selector":{"id":"application-managepricingrules-display-component---newInfoPriceItem--daysMonth","interaction":{"idSuffix":"inner"}},"wdio_ui5_key":"applicationmanagepricingrules-display-component---newInfoPriceItem--daysMonth"}]}
RESULT: undefined
COMMAND: POST /session/e57c885b60fd8cf462a4cfca6f098091/execute/async - {"script":"<script> [776 bytes]","args":[{"enterText":"30","selector":{"id":"application-managepricingrules-display-component---newInfoPriceItem--daysMonth","interaction":{"idSuffix":"inner"}},"clearTextFirst":true,"interactionType":"ENTER_TEXT"}]}
RESULT: {"script":"<script> [776 bytes]","args":[{"enterText":"30","selector":{"id":"application-managepricingrules-display-component---newInfoPriceItem--daysMonth","interaction":{"idSuffix":"inner"}},"clearTextFirst":true,"interactionType":"ENTER_TEXT"}]}
COMMAND: POST /session/e57c885b60fd8cf462a4cfca6f098091/element - {"using":"xpath","value":"//button[@data-kt=\"saveNewRuleButton\"]"}
RESULT: {"using":"xpath","value":"//button[@data-kt=\"saveNewRuleButton\"]"}
COMMAND: POST /session/e57c885b60fd8cf462a4cfca6f098091/element/f.0BB93947CC1450395F5B257EF4D67E46.d.F0111C41AA7B29F4FFBFF8D86DC0C44E.e.9587/click - {}
RESULT: {}
COMMAND: GET /session/e57c885b60fd8cf462a4cfca6f098091/screenshot - {}
RESULT: {}
COMMAND: POST /session/e57c885b60fd8cf462a4cfca6f098091/execute/async - {"script":"<script> [1562 bytes]","args":[{"selector":{"id":"application-managepricingrules-display-component---priceInfoItem--smartFilterBar-btnBasicSearch","interaction":{"idSuffix":"I"}},"wdio_ui5_key":"applicationmanagepricingrules-display-component---priceInfoItem--smartFilterBar-btnBasicSearch"}]}
RESULT: {"script":"<script> [1562 bytes]","args":[{"selector":{"id":"application-managepricingrules-display-component---priceInfoItem--smartFilterBar-btnBasicSearch","interaction":{"idSuffix":"I"}},"wdio_ui5_key":"applicationmanagepricingrules-display-component---priceInfoItem--smartFilterBar-btnBasicSearch"}]}
RESULT: undefined
COMMAND: POST /session/e57c885b60fd8cf462a4cfca6f098091/execute/async - {"script":"<script> [776 bytes]","args":[{"enterText":"FjjbIJ86Fp","selector":{"id":"application-managepricingrules-display-component---priceInfoItem--smartFilterBar-btnBasicSearch","interaction":{"idSuffix":"I"}},"clearTextFirst":true,"interactionType":"ENTER_TEXT"}]}
RESULT: {"script":"<script> [776 bytes]","args":[{"enterText":"FjjbIJ86Fp","selector":{"id":"application-managepricingrules-display-component---priceInfoItem--smartFilterBar-btnBasicSearch","interaction":{"idSuffix":"I"}},"clearTextFirst":true,"interactionType":"ENTER_TEXT"}]}
COMMAND: POST /session/e57c885b60fd8cf462a4cfca6f098091/actions - {"actions":[{"id":"action29","type":"key","parameters":{},"actions":[{"type":"keyDown","value":"î€‡"},{"type":"pause","duration":10},{"type":"keyUp","value":"î€‡"}]}]}
RESULT: {"actions":[{"id":"action29","type":"key","parameters":{},"actions":[{"type":"keyDown","value":"î€‡"},{"type":"pause","duration":10},{"type":"keyUp","value":"î€‡"}]}]}
COMMAND: GET /session/e57c885b60fd8cf462a4cfca6f098091/screenshot - {}
RESULT: {}
COMMAND: POST /session/e57c885b60fd8cf462a4cfca6f098091/element - {"using":"xpath","value":"//span[@id=\"application-managepricingrules-display-component---priceInfoItem--smartTable-header-inner\"]"}
RESULT: {"using":"xpath","value":"//span[@id=\"application-managepricingrules-display-component---priceInfoItem--smartTable-header-inner\"]"}
COMMAND: POST /session/e57c885b60fd8cf462a4cfca6f098091/elements - {"using":"xpath","value":"//span[@id=\"application-managepricingrules-display-component---priceInfoItem--smartTable-header-inner\"]"}
RESULT: {"using":"xpath","value":"//span[@id=\"application-managepricingrules-display-component---priceInfoItem--smartTable-header-inner\"]"}
COMMAND: POST /session/e57c885b60fd8cf462a4cfca6f098091/execute/sync - {"script":"<script> [56 bytes]","args":[{"element-6066-11e4-a52e-4f735466cecf":"f.0BB93947CC1450395F5B257EF4D67E46.d.F0111C41AA7B29F4FFBFF8D86DC0C44E.e.9617","ELEMENT":"f.0BB93947CC1450395F5B257EF4D67E46.d.F0111C41AA7B29F4FFBFF8D86DC0C44E.e.9617"}]}
RESULT: {"script":"<script> [56 bytes]","args":[{"element-6066-11e4-a52e-4f735466cecf":"f.0BB93947CC1450395F5B257EF4D67E46.d.F0111C41AA7B29F4FFBFF8D86DC0C44E.e.9617","ELEMENT":"f.0BB93947CC1450395F5B257EF4D67E46.d.F0111C41AA7B29F4FFBFF8D86DC0C44E.e.9617"}]}
COMMAND: POST /session/e57c885b60fd8cf462a4cfca6f098091/element - {"using":"css selector","value":"#shell-header-logo"}
COMMAND: GET /session/e57c885b60fd8cf462a4cfca6f098091/screenshot - {}
RESULT: {"using":"css selector","value":"#shell-header-logo"}
COMMAND: POST /session/e57c885b60fd8cf462a4cfca6f098091/element/f.0BB93947CC1450395F5B257EF4D67E46.d.F0111C41AA7B29F4FFBFF8D86DC0C44E.e.8625/click - {}
RESULT: {}
RESULT: {}
COMMAND: GET /session/e57c885b60fd8cf462a4cfca6f098091/screenshot - {}
RESULT: {}
]]></system-out>
    </testcase>
    <testcase classname="chrome.135_0_7049_96.windows.Create_master_data_for_mixed_billing_&amp;_do_billing_calculation_US151661" name="Should add one time condition" time="71.013">
      <system-out><![CDATA[
COMMAND: POST /session/e57c885b60fd8cf462a4cfca6f098091/execute/async - {"script":"<script> [1562 bytes]","args":[{"selector":{"controlType":"sap.m.Text","properties":{"text":"Manage Conditions & Prices"},"interaction":{"idSuffix":"inner"}},"wdio_ui5_key":"sapm.Text{\"text\":\"Manage Conditions & Prices\"}"}]}
RESULT: {"script":"<script> [1562 bytes]","args":[{"selector":{"controlType":"sap.m.Text","properties":{"text":"Manage Conditions & Prices"},"interaction":{"idSuffix":"inner"}},"wdio_ui5_key":"sapm.Text{\"text\":\"Manage Conditions & Prices\"}"}]}
RESULT: undefined
COMMAND: POST /session/e57c885b60fd8cf462a4cfca6f098091/element - {"using":"xpath","value":"//*[@id=\"__tile93-title\"]"}
RESULT: {"using":"xpath","value":"//*[@id=\"__tile93-title\"]"}
COMMAND: POST /session/e57c885b60fd8cf462a4cfca6f098091/element/f.0BB93947CC1450395F5B257EF4D67E46.d.F0111C41AA7B29F4FFBFF8D86DC0C44E.e.9620/click - {}
RESULT: {}
COMMAND: POST /session/e57c885b60fd8cf462a4cfca6f098091/element - {"using":"xpath","value":"//button[@aria-label=\"Create\"]"}
COMMAND: GET /session/e57c885b60fd8cf462a4cfca6f098091/screenshot - {}
RESULT: {"using":"xpath","value":"//button[@aria-label=\"Create\"]"}
COMMAND: POST /session/e57c885b60fd8cf462a4cfca6f098091/elements - {"using":"xpath","value":"//button[@aria-label=\"Create\"]"}
RESULT: {}
RESULT: {"using":"xpath","value":"//button[@aria-label=\"Create\"]"}
COMMAND: POST /session/e57c885b60fd8cf462a4cfca6f098091/element - {"using":"xpath","value":"//button[@aria-label=\"Create\"]"}
RESULT: {"using":"xpath","value":"//button[@aria-label=\"Create\"]"}
COMMAND: POST /session/e57c885b60fd8cf462a4cfca6f098091/execute/sync - {"script":"<script> [8489 bytes]","args":[{"element-6066-11e4-a52e-4f735466cecf":"f.0BB93947CC1450395F5B257EF4D67E46.d.F0111C41AA7B29F4FFBFF8D86DC0C44E.e.9654","ELEMENT":"f.0BB93947CC1450395F5B257EF4D67E46.d.F0111C41AA7B29F4FFBFF8D86DC0C44E.e.9654"}]}
RESULT: {"script":"<script> [8489 bytes]","args":[{"element-6066-11e4-a52e-4f735466cecf":"f.0BB93947CC1450395F5B257EF4D67E46.d.F0111C41AA7B29F4FFBFF8D86DC0C44E.e.9654","ELEMENT":"f.0BB93947CC1450395F5B257EF4D67E46.d.F0111C41AA7B29F4FFBFF8D86DC0C44E.e.9654"}]}
COMMAND: GET /session/e57c885b60fd8cf462a4cfca6f098091/element/f.0BB93947CC1450395F5B257EF4D67E46.d.F0111C41AA7B29F4FFBFF8D86DC0C44E.e.9654/enabled - {}
COMMAND: GET /session/e57c885b60fd8cf462a4cfca6f098091/screenshot - {}
RESULT: {}
COMMAND: POST /session/e57c885b60fd8cf462a4cfca6f098091/execute/sync - {"script":"<script> [8489 bytes]","args":[{"element-6066-11e4-a52e-4f735466cecf":"f.0BB93947CC1450395F5B257EF4D67E46.d.F0111C41AA7B29F4FFBFF8D86DC0C44E.e.9654","ELEMENT":"f.0BB93947CC1450395F5B257EF4D67E46.d.F0111C41AA7B29F4FFBFF8D86DC0C44E.e.9654"}]}
COMMAND: GET /session/e57c885b60fd8cf462a4cfca6f098091/screenshot - {}
RESULT: {}
RESULT: {"script":"<script> [8489 bytes]","args":[{"element-6066-11e4-a52e-4f735466cecf":"f.0BB93947CC1450395F5B257EF4D67E46.d.F0111C41AA7B29F4FFBFF8D86DC0C44E.e.9654","ELEMENT":"f.0BB93947CC1450395F5B257EF4D67E46.d.F0111C41AA7B29F4FFBFF8D86DC0C44E.e.9654"}]}
COMMAND: POST /session/e57c885b60fd8cf462a4cfca6f098091/execute/sync - {"script":"<script> [5351 bytes]","args":[{"element-6066-11e4-a52e-4f735466cecf":"f.0BB93947CC1450395F5B257EF4D67E46.d.F0111C41AA7B29F4FFBFF8D86DC0C44E.e.9654","ELEMENT":"f.0BB93947CC1450395F5B257EF4D67E46.d.F0111C41AA7B29F4FFBFF8D86DC0C44E.e.9654"}]}
COMMAND: GET /session/e57c885b60fd8cf462a4cfca6f098091/screenshot - {}
RESULT: {}
RESULT: {"script":"<script> [5351 bytes]","args":[{"element-6066-11e4-a52e-4f735466cecf":"f.0BB93947CC1450395F5B257EF4D67E46.d.F0111C41AA7B29F4FFBFF8D86DC0C44E.e.9654","ELEMENT":"f.0BB93947CC1450395F5B257EF4D67E46.d.F0111C41AA7B29F4FFBFF8D86DC0C44E.e.9654"}]}
COMMAND: POST /session/e57c885b60fd8cf462a4cfca6f098091/element/f.0BB93947CC1450395F5B257EF4D67E46.d.F0111C41AA7B29F4FFBFF8D86DC0C44E.e.9654/click - {}
COMMAND: GET /session/e57c885b60fd8cf462a4cfca6f098091/screenshot - {}
RESULT: {}
RESULT: {}
COMMAND: GET /session/e57c885b60fd8cf462a4cfca6f098091/screenshot - {}
RESULT: {}
RESULT: {}
COMMAND: POST /session/e57c885b60fd8cf462a4cfca6f098091/actions - {"actions":[{"id":"action30","type":"key","parameters":{},"actions":[{"type":"keyDown","value":"î€‡"},{"type":"pause","duration":10},{"type":"keyUp","value":"î€‡"}]}]}
RESULT: {"actions":[{"id":"action30","type":"key","parameters":{},"actions":[{"type":"keyDown","value":"î€‡"},{"type":"pause","duration":10},{"type":"keyUp","value":"î€‡"}]}]}
COMMAND: GET /session/e57c885b60fd8cf462a4cfca6f098091/screenshot - {}
RESULT: {}
COMMAND: POST /session/e57c885b60fd8cf462a4cfca6f098091/execute/async - {"script":"<script> [1562 bytes]","args":[{"selector":{"id":"application-manageconditionprice-display-component---newCondition--condBillCond-arrow"},"wdio_ui5_key":"applicationmanageconditionprice-display-component---newCondition--condBillCond-arrow"}]}
RESULT: {"script":"<script> [1562 bytes]","args":[{"selector":{"id":"application-manageconditionprice-display-component---newCondition--condBillCond-arrow"},"wdio_ui5_key":"applicationmanageconditionprice-display-component---newCondition--condBillCond-arrow"}]}
RESULT: undefined
COMMAND: POST /session/e57c885b60fd8cf462a4cfca6f098091/element - {"using":"xpath","value":"//*[@id=\"application-manageconditionprice-display-component---newCondition--condBillCond-arrow\"]"}
RESULT: {"using":"xpath","value":"//*[@id=\"application-manageconditionprice-display-component---newCondition--condBillCond-arrow\"]"}
COMMAND: POST /session/e57c885b60fd8cf462a4cfca6f098091/element/f.0BB93947CC1450395F5B257EF4D67E46.d.F0111C41AA7B29F4FFBFF8D86DC0C44E.e.9834/click - {}
RESULT: {}
COMMAND: GET /session/e57c885b60fd8cf462a4cfca6f098091/screenshot - {}
RESULT: {}
COMMAND: POST /session/e57c885b60fd8cf462a4cfca6f098091/element - {"using":"xpath","value":"//li[.//span[contains(text(), \"SAPR - Sales price\")]]"}
RESULT: {"using":"xpath","value":"//li[.//span[contains(text(), \"SAPR - Sales price\")]]"}
COMMAND: POST /session/e57c885b60fd8cf462a4cfca6f098091/element/f.0BB93947CC1450395F5B257EF4D67E46.d.F0111C41AA7B29F4FFBFF8D86DC0C44E.e.9837/click - {}
RESULT: {}
COMMAND: GET /session/e57c885b60fd8cf462a4cfca6f098091/screenshot - {}
RESULT: {}
COMMAND: POST /session/e57c885b60fd8cf462a4cfca6f098091/execute/async - {"script":"<script> [1562 bytes]","args":[{"selector":{"id":"application-manageconditionprice-display-component---newCondition--condValidTo","interaction":{"idSuffix":"inner"}},"wdio_ui5_key":"applicationmanageconditionprice-display-component---newCondition--condValidTo"}]}
RESULT: {"script":"<script> [1562 bytes]","args":[{"selector":{"id":"application-manageconditionprice-display-component---newCondition--condValidTo","interaction":{"idSuffix":"inner"}},"wdio_ui5_key":"applicationmanageconditionprice-display-component---newCondition--condValidTo"}]}
RESULT: undefined
COMMAND: POST /session/e57c885b60fd8cf462a4cfca6f098091/execute/async - {"script":"<script> [776 bytes]","args":[{"enterText":"12/24/25","selector":{"id":"application-manageconditionprice-display-component---newCondition--condValidTo","interaction":{"idSuffix":"inner"}},"clearTextFirst":true,"interactionType":"ENTER_TEXT"}]}
RESULT: {"script":"<script> [776 bytes]","args":[{"enterText":"12/24/25","selector":{"id":"application-manageconditionprice-display-component---newCondition--condValidTo","interaction":{"idSuffix":"inner"}},"clearTextFirst":true,"interactionType":"ENTER_TEXT"}]}
COMMAND: POST /session/e57c885b60fd8cf462a4cfca6f098091/element - {"using":"xpath","value":"//input[@id=\"application-manageconditionprice-display-component---newCondition--condRU-inner\"]"}
RESULT: {"using":"xpath","value":"//input[@id=\"application-manageconditionprice-display-component---newCondition--condRU-inner\"]"}
COMMAND: POST /session/e57c885b60fd8cf462a4cfca6f098091/element/f.0BB93947CC1450395F5B257EF4D67E46.d.F0111C41AA7B29F4FFBFF8D86DC0C44E.e.9699/clear - {}
RESULT: {}
COMMAND: POST /session/e57c885b60fd8cf462a4cfca6f098091/element/f.0BB93947CC1450395F5B257EF4D67E46.d.F0111C41AA7B29F4FFBFF8D86DC0C44E.e.9699/value - {"text":"FjjbIJ86Fp"}
COMMAND: GET /session/e57c885b60fd8cf462a4cfca6f098091/screenshot - {}
RESULT: {"text":"FjjbIJ86Fp"}
COMMAND: GET /session/e57c885b60fd8cf462a4cfca6f098091/screenshot - {}
RESULT: {}
RESULT: {}
COMMAND: POST /session/e57c885b60fd8cf462a4cfca6f098091/actions - {"actions":[{"id":"action31","type":"key","parameters":{},"actions":[{"type":"keyDown","value":"î€‡"},{"type":"pause","duration":10},{"type":"keyUp","value":"î€‡"}]}]}
RESULT: {"actions":[{"id":"action31","type":"key","parameters":{},"actions":[{"type":"keyDown","value":"î€‡"},{"type":"pause","duration":10},{"type":"keyUp","value":"î€‡"}]}]}
COMMAND: POST /session/e57c885b60fd8cf462a4cfca6f098091/execute/async - {"script":"<script> [1562 bytes]","args":[{"selector":{"id":"application-manageconditionprice-display-component---newCondition--condBaseQty","interaction":{"idSuffix":"inner"}},"wdio_ui5_key":"applicationmanageconditionprice-display-component---newCondition--condBaseQty"}]}
COMMAND: GET /session/e57c885b60fd8cf462a4cfca6f098091/screenshot - {}
RESULT: {"script":"<script> [1562 bytes]","args":[{"selector":{"id":"application-manageconditionprice-display-component---newCondition--condBaseQty","interaction":{"idSuffix":"inner"}},"wdio_ui5_key":"applicationmanageconditionprice-display-component---newCondition--condBaseQty"}]}
RESULT: undefined
COMMAND: POST /session/e57c885b60fd8cf462a4cfca6f098091/execute/async - {"script":"<script> [776 bytes]","args":[{"enterText":"1","selector":{"id":"application-manageconditionprice-display-component---newCondition--condBaseQty","interaction":{"idSuffix":"inner"}},"clearTextFirst":true,"interactionType":"ENTER_TEXT"}]}
RESULT: {}
RESULT: {"script":"<script> [776 bytes]","args":[{"enterText":"1","selector":{"id":"application-manageconditionprice-display-component---newCondition--condBaseQty","interaction":{"idSuffix":"inner"}},"clearTextFirst":true,"interactionType":"ENTER_TEXT"}]}
COMMAND: POST /session/e57c885b60fd8cf462a4cfca6f098091/execute/async - {"script":"<script> [1562 bytes]","args":[{"selector":{"id":"application-manageconditionprice-display-component---newCondition--condValue","interaction":{"idSuffix":"inner"}},"wdio_ui5_key":"applicationmanageconditionprice-display-component---newCondition--condValue"}]}
RESULT: {"script":"<script> [1562 bytes]","args":[{"selector":{"id":"application-manageconditionprice-display-component---newCondition--condValue","interaction":{"idSuffix":"inner"}},"wdio_ui5_key":"applicationmanageconditionprice-display-component---newCondition--condValue"}]}
RESULT: undefined
COMMAND: POST /session/e57c885b60fd8cf462a4cfca6f098091/execute/async - {"script":"<script> [776 bytes]","args":[{"enterText":"200","selector":{"id":"application-manageconditionprice-display-component---newCondition--condValue","interaction":{"idSuffix":"inner"}},"clearTextFirst":true,"interactionType":"ENTER_TEXT"}]}
RESULT: {"script":"<script> [776 bytes]","args":[{"enterText":"200","selector":{"id":"application-manageconditionprice-display-component---newCondition--condValue","interaction":{"idSuffix":"inner"}},"clearTextFirst":true,"interactionType":"ENTER_TEXT"}]}
COMMAND: POST /session/e57c885b60fd8cf462a4cfca6f098091/execute/async - {"script":"<script> [1562 bytes]","args":[{"selector":{"id":"application-manageconditionprice-display-component---newCondition--condCurr-arrow"},"wdio_ui5_key":"applicationmanageconditionprice-display-component---newCondition--condCurr-arrow"}]}
RESULT: {"script":"<script> [1562 bytes]","args":[{"selector":{"id":"application-manageconditionprice-display-component---newCondition--condCurr-arrow"},"wdio_ui5_key":"applicationmanageconditionprice-display-component---newCondition--condCurr-arrow"}]}
RESULT: undefined
COMMAND: POST /session/e57c885b60fd8cf462a4cfca6f098091/element - {"using":"xpath","value":"//*[@id=\"application-manageconditionprice-display-component---newCondition--condCurr-arrow\"]"}
RESULT: {"using":"xpath","value":"//*[@id=\"application-manageconditionprice-display-component---newCondition--condCurr-arrow\"]"}
COMMAND: POST /session/e57c885b60fd8cf462a4cfca6f098091/element/f.0BB93947CC1450395F5B257EF4D67E46.d.F0111C41AA7B29F4FFBFF8D86DC0C44E.e.9801/click - {}
RESULT: {}
COMMAND: POST /session/e57c885b60fd8cf462a4cfca6f098091/element - {"using":"xpath","value":"//span[contains(text(), \"Euro\")]"}
COMMAND: GET /session/e57c885b60fd8cf462a4cfca6f098091/screenshot - {}
RESULT: {"using":"xpath","value":"//span[contains(text(), \"Euro\")]"}
COMMAND: POST /session/e57c885b60fd8cf462a4cfca6f098091/element/f.0BB93947CC1450395F5B257EF4D67E46.d.F0111C41AA7B29F4FFBFF8D86DC0C44E.e.9873/click - {}
RESULT: {}
RESULT: {}
COMMAND: POST /session/e57c885b60fd8cf462a4cfca6f098091/element - {"using":"xpath","value":"//button[@data-kt=\"saveButton\"]"}
COMMAND: GET /session/e57c885b60fd8cf462a4cfca6f098091/screenshot - {}
RESULT: {"using":"xpath","value":"//button[@data-kt=\"saveButton\"]"}
COMMAND: POST /session/e57c885b60fd8cf462a4cfca6f098091/element/f.0BB93947CC1450395F5B257EF4D67E46.d.F0111C41AA7B29F4FFBFF8D86DC0C44E.e.9802/click - {}
RESULT: {}
RESULT: {}
COMMAND: GET /session/e57c885b60fd8cf462a4cfca6f098091/screenshot - {}
RESULT: {}
COMMAND: POST /session/e57c885b60fd8cf462a4cfca6f098091/execute/async - {"script":"<script> [1562 bytes]","args":[{"selector":{"id":"application-manageconditionprice-display-component---conditions--smartFilterBar-btnBasicSearch","interaction":{"idSuffix":"I"}},"wdio_ui5_key":"applicationmanageconditionprice-display-component---conditions--smartFilterBar-btnBasicSearch"}]}
RESULT: {"script":"<script> [1562 bytes]","args":[{"selector":{"id":"application-manageconditionprice-display-component---conditions--smartFilterBar-btnBasicSearch","interaction":{"idSuffix":"I"}},"wdio_ui5_key":"applicationmanageconditionprice-display-component---conditions--smartFilterBar-btnBasicSearch"}]}
RESULT: undefined
COMMAND: POST /session/e57c885b60fd8cf462a4cfca6f098091/execute/async - {"script":"<script> [776 bytes]","args":[{"enterText":"FjjbIJ86Fp","selector":{"id":"application-manageconditionprice-display-component---conditions--smartFilterBar-btnBasicSearch","interaction":{"idSuffix":"I"}},"clearTextFirst":true,"interactionType":"ENTER_TEXT"}]}
RESULT: {"script":"<script> [776 bytes]","args":[{"enterText":"FjjbIJ86Fp","selector":{"id":"application-manageconditionprice-display-component---conditions--smartFilterBar-btnBasicSearch","interaction":{"idSuffix":"I"}},"clearTextFirst":true,"interactionType":"ENTER_TEXT"}]}
COMMAND: POST /session/e57c885b60fd8cf462a4cfca6f098091/actions - {"actions":[{"id":"action32","type":"key","parameters":{},"actions":[{"type":"keyDown","value":"î€‡"},{"type":"pause","duration":10},{"type":"keyUp","value":"î€‡"}]}]}
RESULT: {"actions":[{"id":"action32","type":"key","parameters":{},"actions":[{"type":"keyDown","value":"î€‡"},{"type":"pause","duration":10},{"type":"keyUp","value":"î€‡"}]}]}
COMMAND: GET /session/e57c885b60fd8cf462a4cfca6f098091/screenshot - {}
RESULT: {}
COMMAND: POST /session/e57c885b60fd8cf462a4cfca6f098091/execute/async - {"script":"<script> [1562 bytes]","args":[{"selector":{"id":"application-manageconditionprice-display-component---conditions--smartFilterBar-filterItemControl_BASIC-BILL_TYPES-vhi"},"wdio_ui5_key":"applicationmanageconditionprice-display-component---conditions--smartFilterBar-filterItemControl_BASIC-BILL_TYPES-vhi"}]}
RESULT: {"script":"<script> [1562 bytes]","args":[{"selector":{"id":"application-manageconditionprice-display-component---conditions--smartFilterBar-filterItemControl_BASIC-BILL_TYPES-vhi"},"wdio_ui5_key":"applicationmanageconditionprice-display-component---conditions--smartFilterBar-filterItemControl_BASIC-BILL_TYPES-vhi"}]}
RESULT: undefined
COMMAND: POST /session/e57c885b60fd8cf462a4cfca6f098091/element - {"using":"xpath","value":"//*[@id=\"application-manageconditionprice-display-component---conditions--smartFilterBar-filterItemControl_BASIC-BILL_TYPES-vhi\"]"}
RESULT: {"using":"xpath","value":"//*[@id=\"application-manageconditionprice-display-component---conditions--smartFilterBar-filterItemControl_BASIC-BILL_TYPES-vhi\"]"}
COMMAND: POST /session/e57c885b60fd8cf462a4cfca6f098091/element/f.0BB93947CC1450395F5B257EF4D67E46.d.F0111C41AA7B29F4FFBFF8D86DC0C44E.e.9980/click - {}
RESULT: {}
COMMAND: POST /session/e57c885b60fd8cf462a4cfca6f098091/execute/async - {"script":"<script> [1562 bytes]","args":[{"selector":{"id":"application-manageconditionprice-display-component---conditions--smartFilterBar-filterItemControl_BASIC-BILL_TYPES-valueHelpDialog-smartFilterBar-btnBasicSearch","searchOpenDialogs":true,"interaction":{"idSuffix":"I"}},"wdio_ui5_key":"applicationmanageconditionprice-display-component---conditions--smartFilterBar-filterItemControl_BASIC-BILL_TYPES-valueHelpDialog-smartFilterBar-btnBasicSearch"}]}
COMMAND: GET /session/e57c885b60fd8cf462a4cfca6f098091/screenshot - {}
RESULT: {"script":"<script> [1562 bytes]","args":[{"selector":{"id":"application-manageconditionprice-display-component---conditions--smartFilterBar-filterItemControl_BASIC-BILL_TYPES-valueHelpDialog-smartFilterBar-btnBasicSearch","searchOpenDialogs":true,"interaction":{"idSuffix":"I"}},"wdio_ui5_key":"applicationmanageconditionprice-display-component---conditions--smartFilterBar-filterItemControl_BASIC-BILL_TYPES-valueHelpDialog-smartFilterBar-btnBasicSearch"}]}
RESULT: undefined
COMMAND: POST /session/e57c885b60fd8cf462a4cfca6f098091/execute/async - {"script":"<script> [776 bytes]","args":[{"enterText":"one","selector":{"id":"application-manageconditionprice-display-component---conditions--smartFilterBar-filterItemControl_BASIC-BILL_TYPES-valueHelpDialog-smartFilterBar-btnBasicSearch","searchOpenDialogs":true,"interaction":{"idSuffix":"I"}},"clearTextFirst":true,"interactionType":"ENTER_TEXT"}]}
RESULT: {}
RESULT: {"script":"<script> [776 bytes]","args":[{"enterText":"one","selector":{"id":"application-manageconditionprice-display-component---conditions--smartFilterBar-filterItemControl_BASIC-BILL_TYPES-valueHelpDialog-smartFilterBar-btnBasicSearch","searchOpenDialogs":true,"interaction":{"idSuffix":"I"}},"clearTextFirst":true,"interactionType":"ENTER_TEXT"}]}
COMMAND: POST /session/e57c885b60fd8cf462a4cfca6f098091/actions - {"actions":[{"id":"action33","type":"key","parameters":{},"actions":[{"type":"keyDown","value":"î€‡"},{"type":"pause","duration":10},{"type":"keyUp","value":"î€‡"}]}]}
RESULT: {"actions":[{"id":"action33","type":"key","parameters":{},"actions":[{"type":"keyDown","value":"î€‡"},{"type":"pause","duration":10},{"type":"keyUp","value":"î€‡"}]}]}
COMMAND: GET /session/e57c885b60fd8cf462a4cfca6f098091/screenshot - {}
RESULT: {}
COMMAND: POST /session/e57c885b60fd8cf462a4cfca6f098091/element - {"using":"xpath","value":"//div[contains(@id, 'application-manageconditionprice-display-component---conditions--smartFilterBar-filterItemControl_BASIC-BILL_TYPES-valueHelpDialog-table-rowsel0')]"}
RESULT: {"using":"xpath","value":"//div[contains(@id, 'application-manageconditionprice-display-component---conditions--smartFilterBar-filterItemControl_BASIC-BILL_TYPES-valueHelpDialog-table-rowsel0')]"}
COMMAND: POST /session/e57c885b60fd8cf462a4cfca6f098091/element/f.0BB93947CC1450395F5B257EF4D67E46.d.F0111C41AA7B29F4FFBFF8D86DC0C44E.e.9990/click - {}
RESULT: {}
COMMAND: GET /session/e57c885b60fd8cf462a4cfca6f098091/screenshot - {}
RESULT: {}
COMMAND: POST /session/e57c885b60fd8cf462a4cfca6f098091/element - {"using":"xpath","value":"//bdi[contains(text(), \"OK\")]"}
RESULT: {"using":"xpath","value":"//bdi[contains(text(), \"OK\")]"}
COMMAND: POST /session/e57c885b60fd8cf462a4cfca6f098091/element/f.0BB93947CC1450395F5B257EF4D67E46.d.F0111C41AA7B29F4FFBFF8D86DC0C44E.e.9992/click - {}
RESULT: {}
COMMAND: GET /session/e57c885b60fd8cf462a4cfca6f098091/screenshot - {}
RESULT: {}
COMMAND: POST /session/e57c885b60fd8cf462a4cfca6f098091/element - {"using":"xpath","value":"//span[@id=\"application-manageconditionprice-display-component---conditions--smartTable-header-inner\"]"}
RESULT: {"using":"xpath","value":"//span[@id=\"application-manageconditionprice-display-component---conditions--smartTable-header-inner\"]"}
COMMAND: POST /session/e57c885b60fd8cf462a4cfca6f098091/elements - {"using":"xpath","value":"//span[@id=\"application-manageconditionprice-display-component---conditions--smartTable-header-inner\"]"}
RESULT: {"using":"xpath","value":"//span[@id=\"application-manageconditionprice-display-component---conditions--smartTable-header-inner\"]"}
COMMAND: POST /session/e57c885b60fd8cf462a4cfca6f098091/execute/sync - {"script":"<script> [56 bytes]","args":[{"element-6066-11e4-a52e-4f735466cecf":"f.0BB93947CC1450395F5B257EF4D67E46.d.F0111C41AA7B29F4FFBFF8D86DC0C44E.e.9995","ELEMENT":"f.0BB93947CC1450395F5B257EF4D67E46.d.F0111C41AA7B29F4FFBFF8D86DC0C44E.e.9995"}]}
RESULT: {"script":"<script> [56 bytes]","args":[{"element-6066-11e4-a52e-4f735466cecf":"f.0BB93947CC1450395F5B257EF4D67E46.d.F0111C41AA7B29F4FFBFF8D86DC0C44E.e.9995","ELEMENT":"f.0BB93947CC1450395F5B257EF4D67E46.d.F0111C41AA7B29F4FFBFF8D86DC0C44E.e.9995"}]}
COMMAND: POST /session/e57c885b60fd8cf462a4cfca6f098091/element - {"using":"css selector","value":"#shell-header-logo"}
COMMAND: GET /session/e57c885b60fd8cf462a4cfca6f098091/screenshot - {}
RESULT: {"using":"css selector","value":"#shell-header-logo"}
COMMAND: POST /session/e57c885b60fd8cf462a4cfca6f098091/element/f.0BB93947CC1450395F5B257EF4D67E46.d.F0111C41AA7B29F4FFBFF8D86DC0C44E.e.9622/click - {}
RESULT: {}
RESULT: {}
COMMAND: GET /session/e57c885b60fd8cf462a4cfca6f098091/screenshot - {}
RESULT: {}
]]></system-out>
    </testcase>
    <testcase classname="chrome.135_0_7049_96.windows.Create_master_data_for_mixed_billing_&amp;_do_billing_calculation_US151661" name="Should add performance based condition" time="79.103">
      <system-out><![CDATA[
RESULT: undefined
COMMAND: POST /session/e57c885b60fd8cf462a4cfca6f098091/element - {"using":"xpath","value":"//*[@id=\"__tile93-title\"]"}
RESULT: {"using":"xpath","value":"//*[@id=\"__tile93-title\"]"}
COMMAND: POST /session/e57c885b60fd8cf462a4cfca6f098091/element/f.0BB93947CC1450395F5B257EF4D67E46.d.F0111C41AA7B29F4FFBFF8D86DC0C44E.e.9620/click - {}
RESULT: {}
COMMAND: POST /session/e57c885b60fd8cf462a4cfca6f098091/element - {"using":"xpath","value":"//button[@aria-label=\"Create\"]"}
COMMAND: GET /session/e57c885b60fd8cf462a4cfca6f098091/screenshot - {}
RESULT: {"using":"xpath","value":"//button[@aria-label=\"Create\"]"}
COMMAND: POST /session/e57c885b60fd8cf462a4cfca6f098091/elements - {"using":"xpath","value":"//button[@aria-label=\"Create\"]"}
RESULT: {}
RESULT: {"using":"xpath","value":"//button[@aria-label=\"Create\"]"}
COMMAND: POST /session/e57c885b60fd8cf462a4cfca6f098091/execute/sync - {"script":"<script> [8489 bytes]","args":[{"element-6066-11e4-a52e-4f735466cecf":"f.0BB93947CC1450395F5B257EF4D67E46.d.F0111C41AA7B29F4FFBFF8D86DC0C44E.e.10037","ELEMENT":"f.0BB93947CC1450395F5B257EF4D67E46.d.F0111C41AA7B29F4FFBFF8D86DC0C44E.e.10037"}]}
RESULT: {"script":"<script> [8489 bytes]","args":[{"element-6066-11e4-a52e-4f735466cecf":"f.0BB93947CC1450395F5B257EF4D67E46.d.F0111C41AA7B29F4FFBFF8D86DC0C44E.e.10037","ELEMENT":"f.0BB93947CC1450395F5B257EF4D67E46.d.F0111C41AA7B29F4FFBFF8D86DC0C44E.e.10037"}]}
COMMAND: GET /session/e57c885b60fd8cf462a4cfca6f098091/element/f.0BB93947CC1450395F5B257EF4D67E46.d.F0111C41AA7B29F4FFBFF8D86DC0C44E.e.10037/enabled - {}
COMMAND: GET /session/e57c885b60fd8cf462a4cfca6f098091/screenshot - {}
RESULT: {}
COMMAND: POST /session/e57c885b60fd8cf462a4cfca6f098091/execute/sync - {"script":"<script> [8489 bytes]","args":[{"element-6066-11e4-a52e-4f735466cecf":"f.0BB93947CC1450395F5B257EF4D67E46.d.F0111C41AA7B29F4FFBFF8D86DC0C44E.e.10037","ELEMENT":"f.0BB93947CC1450395F5B257EF4D67E46.d.F0111C41AA7B29F4FFBFF8D86DC0C44E.e.10037"}]}
COMMAND: GET /session/e57c885b60fd8cf462a4cfca6f098091/screenshot - {}
RESULT: {}
RESULT: {"script":"<script> [8489 bytes]","args":[{"element-6066-11e4-a52e-4f735466cecf":"f.0BB93947CC1450395F5B257EF4D67E46.d.F0111C41AA7B29F4FFBFF8D86DC0C44E.e.10037","ELEMENT":"f.0BB93947CC1450395F5B257EF4D67E46.d.F0111C41AA7B29F4FFBFF8D86DC0C44E.e.10037"}]}
COMMAND: POST /session/e57c885b60fd8cf462a4cfca6f098091/execute/sync - {"script":"<script> [5351 bytes]","args":[{"element-6066-11e4-a52e-4f735466cecf":"f.0BB93947CC1450395F5B257EF4D67E46.d.F0111C41AA7B29F4FFBFF8D86DC0C44E.e.10037","ELEMENT":"f.0BB93947CC1450395F5B257EF4D67E46.d.F0111C41AA7B29F4FFBFF8D86DC0C44E.e.10037"}]}
COMMAND: GET /session/e57c885b60fd8cf462a4cfca6f098091/screenshot - {}
RESULT: {}
RESULT: {"script":"<script> [5351 bytes]","args":[{"element-6066-11e4-a52e-4f735466cecf":"f.0BB93947CC1450395F5B257EF4D67E46.d.F0111C41AA7B29F4FFBFF8D86DC0C44E.e.10037","ELEMENT":"f.0BB93947CC1450395F5B257EF4D67E46.d.F0111C41AA7B29F4FFBFF8D86DC0C44E.e.10037"}]}
COMMAND: POST /session/e57c885b60fd8cf462a4cfca6f098091/element/f.0BB93947CC1450395F5B257EF4D67E46.d.F0111C41AA7B29F4FFBFF8D86DC0C44E.e.10037/click - {}
COMMAND: GET /session/e57c885b60fd8cf462a4cfca6f098091/screenshot - {}
RESULT: {}
RESULT: {}
COMMAND: GET /session/e57c885b60fd8cf462a4cfca6f098091/screenshot - {}
RESULT: {}
RESULT: {}
COMMAND: POST /session/e57c885b60fd8cf462a4cfca6f098091/actions - {"actions":[{"id":"action34","type":"key","parameters":{},"actions":[{"type":"keyDown","value":"î€‡"},{"type":"pause","duration":10},{"type":"keyUp","value":"î€‡"}]}]}
RESULT: {"actions":[{"id":"action34","type":"key","parameters":{},"actions":[{"type":"keyDown","value":"î€‡"},{"type":"pause","duration":10},{"type":"keyUp","value":"î€‡"}]}]}
COMMAND: GET /session/e57c885b60fd8cf462a4cfca6f098091/screenshot - {}
RESULT: undefined
COMMAND: POST /session/e57c885b60fd8cf462a4cfca6f098091/element - {"using":"xpath","value":"//*[@id=\"application-manageconditionprice-display-component---newCondition--condBillCond-arrow\"]"}
RESULT: {}
RESULT: {"using":"xpath","value":"//*[@id=\"application-manageconditionprice-display-component---newCondition--condBillCond-arrow\"]"}
COMMAND: POST /session/e57c885b60fd8cf462a4cfca6f098091/element/f.0BB93947CC1450395F5B257EF4D67E46.d.F0111C41AA7B29F4FFBFF8D86DC0C44E.e.10517/click - {}
RESULT: {}
COMMAND: GET /session/e57c885b60fd8cf462a4cfca6f098091/screenshot - {}
RESULT: {}
COMMAND: POST /session/e57c885b60fd8cf462a4cfca6f098091/element - {"using":"xpath","value":"//li[.//span[contains(text(), \"PC06 - Performance Price - fuel\")]]"}
RESULT: {"using":"xpath","value":"//li[.//span[contains(text(), \"PC06 - Performance Price - fuel\")]]"}
COMMAND: POST /session/e57c885b60fd8cf462a4cfca6f098091/element/f.0BB93947CC1450395F5B257EF4D67E46.d.F0111C41AA7B29F4FFBFF8D86DC0C44E.e.10520/click - {}
RESULT: {}
COMMAND: GET /session/e57c885b60fd8cf462a4cfca6f098091/screenshot - {}
RESULT: {}
RESULT: undefined
COMMAND: POST /session/e57c885b60fd8cf462a4cfca6f098091/execute/async - {"script":"<script> [776 bytes]","args":[{"enterText":"12/24/25","selector":{"id":"application-manageconditionprice-display-component---newCondition--condValidTo","interaction":{"idSuffix":"inner"}},"clearTextFirst":true,"interactionType":"ENTER_TEXT"}]}
RESULT: {"script":"<script> [776 bytes]","args":[{"enterText":"12/24/25","selector":{"id":"application-manageconditionprice-display-component---newCondition--condValidTo","interaction":{"idSuffix":"inner"}},"clearTextFirst":true,"interactionType":"ENTER_TEXT"}]}
COMMAND: POST /session/e57c885b60fd8cf462a4cfca6f098091/element - {"using":"xpath","value":"//input[@id=\"application-manageconditionprice-display-component---newCondition--condRU-inner\"]"}
RESULT: {"using":"xpath","value":"//input[@id=\"application-manageconditionprice-display-component---newCondition--condRU-inner\"]"}
COMMAND: POST /session/e57c885b60fd8cf462a4cfca6f098091/element/f.0BB93947CC1450395F5B257EF4D67E46.d.F0111C41AA7B29F4FFBFF8D86DC0C44E.e.10241/clear - {}
RESULT: {}
COMMAND: POST /session/e57c885b60fd8cf462a4cfca6f098091/element/f.0BB93947CC1450395F5B257EF4D67E46.d.F0111C41AA7B29F4FFBFF8D86DC0C44E.e.10241/value - {"text":"FjjbIJ86Fp"}
COMMAND: GET /session/e57c885b60fd8cf462a4cfca6f098091/screenshot - {}
RESULT: {"text":"FjjbIJ86Fp"}
COMMAND: GET /session/e57c885b60fd8cf462a4cfca6f098091/screenshot - {}
RESULT: {}
RESULT: {}
COMMAND: POST /session/e57c885b60fd8cf462a4cfca6f098091/actions - {"actions":[{"id":"action35","type":"key","parameters":{},"actions":[{"type":"keyDown","value":"î€‡"},{"type":"pause","duration":10},{"type":"keyUp","value":"î€‡"}]}]}
RESULT: {"actions":[{"id":"action35","type":"key","parameters":{},"actions":[{"type":"keyDown","value":"î€‡"},{"type":"pause","duration":10},{"type":"keyUp","value":"î€‡"}]}]}
RESULT: undefined
COMMAND: POST /session/e57c885b60fd8cf462a4cfca6f098091/execute/async - {"script":"<script> [776 bytes]","args":[{"enterText":"1","selector":{"id":"application-manageconditionprice-display-component---newCondition--condBaseQty","interaction":{"idSuffix":"inner"}},"clearTextFirst":true,"interactionType":"ENTER_TEXT"}]}
COMMAND: GET /session/e57c885b60fd8cf462a4cfca6f098091/screenshot - {}
RESULT: {"script":"<script> [776 bytes]","args":[{"enterText":"1","selector":{"id":"application-manageconditionprice-display-component---newCondition--condBaseQty","interaction":{"idSuffix":"inner"}},"clearTextFirst":true,"interactionType":"ENTER_TEXT"}]}
RESULT: undefined
COMMAND: POST /session/e57c885b60fd8cf462a4cfca6f098091/execute/async - {"script":"<script> [776 bytes]","args":[{"enterText":"10","selector":{"id":"application-manageconditionprice-display-component---newCondition--condValue","interaction":{"idSuffix":"inner"}},"clearTextFirst":true,"interactionType":"ENTER_TEXT"}]}
RESULT: {}
RESULT: {"script":"<script> [776 bytes]","args":[{"enterText":"10","selector":{"id":"application-manageconditionprice-display-component---newCondition--condValue","interaction":{"idSuffix":"inner"}},"clearTextFirst":true,"interactionType":"ENTER_TEXT"}]}
RESULT: undefined
COMMAND: POST /session/e57c885b60fd8cf462a4cfca6f098091/element - {"using":"xpath","value":"//*[@id=\"application-manageconditionprice-display-component---newCondition--condCurr-arrow\"]"}
RESULT: {"using":"xpath","value":"//*[@id=\"application-manageconditionprice-display-component---newCondition--condCurr-arrow\"]"}
COMMAND: POST /session/e57c885b60fd8cf462a4cfca6f098091/element/f.0BB93947CC1450395F5B257EF4D67E46.d.F0111C41AA7B29F4FFBFF8D86DC0C44E.e.10465/click - {}
RESULT: {}
COMMAND: POST /session/e57c885b60fd8cf462a4cfca6f098091/element - {"using":"xpath","value":"//span[contains(text(), \"Euro\")]"}
COMMAND: GET /session/e57c885b60fd8cf462a4cfca6f098091/screenshot - {}
RESULT: {"using":"xpath","value":"//span[contains(text(), \"Euro\")]"}
COMMAND: POST /session/e57c885b60fd8cf462a4cfca6f098091/element/f.0BB93947CC1450395F5B257EF4D67E46.d.F0111C41AA7B29F4FFBFF8D86DC0C44E.e.10555/click - {}
RESULT: {}
RESULT: {}
COMMAND: POST /session/e57c885b60fd8cf462a4cfca6f098091/element - {"using":"xpath","value":"//button[@data-kt=\"saveButton\"]"}
COMMAND: GET /session/e57c885b60fd8cf462a4cfca6f098091/screenshot - {}
RESULT: {"using":"xpath","value":"//button[@data-kt=\"saveButton\"]"}
COMMAND: POST /session/e57c885b60fd8cf462a4cfca6f098091/element/f.0BB93947CC1450395F5B257EF4D67E46.d.F0111C41AA7B29F4FFBFF8D86DC0C44E.e.10466/click - {}
RESULT: {}
RESULT: {}
COMMAND: GET /session/e57c885b60fd8cf462a4cfca6f098091/screenshot - {}
RESULT: {}
RESULT: undefined
COMMAND: POST /session/e57c885b60fd8cf462a4cfca6f098091/execute/async - {"script":"<script> [776 bytes]","args":[{"enterText":"FjjbIJ86Fp","selector":{"id":"application-manageconditionprice-display-component---conditions--smartFilterBar-btnBasicSearch","interaction":{"idSuffix":"I"}},"clearTextFirst":true,"interactionType":"ENTER_TEXT"}]}
RESULT: {"script":"<script> [776 bytes]","args":[{"enterText":"FjjbIJ86Fp","selector":{"id":"application-manageconditionprice-display-component---conditions--smartFilterBar-btnBasicSearch","interaction":{"idSuffix":"I"}},"clearTextFirst":true,"interactionType":"ENTER_TEXT"}]}
COMMAND: POST /session/e57c885b60fd8cf462a4cfca6f098091/actions - {"actions":[{"id":"action36","type":"key","parameters":{},"actions":[{"type":"keyDown","value":"î€‡"},{"type":"pause","duration":10},{"type":"keyUp","value":"î€‡"}]}]}
RESULT: {"actions":[{"id":"action36","type":"key","parameters":{},"actions":[{"type":"keyDown","value":"î€‡"},{"type":"pause","duration":10},{"type":"keyUp","value":"î€‡"}]}]}
COMMAND: GET /session/e57c885b60fd8cf462a4cfca6f098091/screenshot - {}
RESULT: {}
RESULT: undefined
COMMAND: POST /session/e57c885b60fd8cf462a4cfca6f098091/element - {"using":"xpath","value":"//*[@id=\"application-manageconditionprice-display-component---conditions--smartFilterBar-filterItemControl_BASIC-BILL_TYPES-vhi\"]"}
RESULT: {"using":"xpath","value":"//*[@id=\"application-manageconditionprice-display-component---conditions--smartFilterBar-filterItemControl_BASIC-BILL_TYPES-vhi\"]"}
COMMAND: POST /session/e57c885b60fd8cf462a4cfca6f098091/element/f.0BB93947CC1450395F5B257EF4D67E46.d.F0111C41AA7B29F4FFBFF8D86DC0C44E.e.10576/click - {}
RESULT: {}
RESULT: undefined
COMMAND: POST /session/e57c885b60fd8cf462a4cfca6f098091/execute/async - {"script":"<script> [776 bytes]","args":[{"enterText":"PB","selector":{"id":"application-manageconditionprice-display-component---conditions--smartFilterBar-filterItemControl_BASIC-BILL_TYPES-valueHelpDialog-smartFilterBar-btnBasicSearch","searchOpenDialogs":true,"interaction":{"idSuffix":"I"}},"clearTextFirst":true,"interactionType":"ENTER_TEXT"}]}
COMMAND: GET /session/e57c885b60fd8cf462a4cfca6f098091/screenshot - {}
RESULT: {"script":"<script> [776 bytes]","args":[{"enterText":"PB","selector":{"id":"application-manageconditionprice-display-component---conditions--smartFilterBar-filterItemControl_BASIC-BILL_TYPES-valueHelpDialog-smartFilterBar-btnBasicSearch","searchOpenDialogs":true,"interaction":{"idSuffix":"I"}},"clearTextFirst":true,"interactionType":"ENTER_TEXT"}]}
COMMAND: POST /session/e57c885b60fd8cf462a4cfca6f098091/actions - {"actions":[{"id":"action37","type":"key","parameters":{},"actions":[{"type":"keyDown","value":"î€‡"},{"type":"pause","duration":10},{"type":"keyUp","value":"î€‡"}]}]}
RESULT: {}
RESULT: {"actions":[{"id":"action37","type":"key","parameters":{},"actions":[{"type":"keyDown","value":"î€‡"},{"type":"pause","duration":10},{"type":"keyUp","value":"î€‡"}]}]}
COMMAND: GET /session/e57c885b60fd8cf462a4cfca6f098091/screenshot - {}
RESULT: {}
COMMAND: POST /session/e57c885b60fd8cf462a4cfca6f098091/element - {"using":"xpath","value":"//div[contains(@id, 'application-manageconditionprice-display-component---conditions--smartFilterBar-filterItemControl_BASIC-BILL_TYPES-valueHelpDialog-table-rowsel0')]"}
RESULT: {"using":"xpath","value":"//div[contains(@id, 'application-manageconditionprice-display-component---conditions--smartFilterBar-filterItemControl_BASIC-BILL_TYPES-valueHelpDialog-table-rowsel0')]"}
COMMAND: POST /session/e57c885b60fd8cf462a4cfca6f098091/element/f.0BB93947CC1450395F5B257EF4D67E46.d.F0111C41AA7B29F4FFBFF8D86DC0C44E.e.10583/click - {}
RESULT: {}
COMMAND: GET /session/e57c885b60fd8cf462a4cfca6f098091/screenshot - {}
RESULT: {}
COMMAND: POST /session/e57c885b60fd8cf462a4cfca6f098091/element - {"using":"xpath","value":"//bdi[contains(text(), \"OK\")]"}
RESULT: {"using":"xpath","value":"//bdi[contains(text(), \"OK\")]"}
COMMAND: POST /session/e57c885b60fd8cf462a4cfca6f098091/element/f.0BB93947CC1450395F5B257EF4D67E46.d.F0111C41AA7B29F4FFBFF8D86DC0C44E.e.10585/click - {}
RESULT: {}
COMMAND: GET /session/e57c885b60fd8cf462a4cfca6f098091/screenshot - {}
RESULT: {}
COMMAND: POST /session/e57c885b60fd8cf462a4cfca6f098091/element - {"using":"xpath","value":"//span[@id=\"application-manageconditionprice-display-component---conditions--smartTable-header-inner\"]"}
RESULT: {"using":"xpath","value":"//span[@id=\"application-manageconditionprice-display-component---conditions--smartTable-header-inner\"]"}
COMMAND: POST /session/e57c885b60fd8cf462a4cfca6f098091/elements - {"using":"xpath","value":"//span[@id=\"application-manageconditionprice-display-component---conditions--smartTable-header-inner\"]"}
RESULT: {"using":"xpath","value":"//span[@id=\"application-manageconditionprice-display-component---conditions--smartTable-header-inner\"]"}
COMMAND: POST /session/e57c885b60fd8cf462a4cfca6f098091/execute/sync - {"script":"<script> [56 bytes]","args":[{"element-6066-11e4-a52e-4f735466cecf":"f.0BB93947CC1450395F5B257EF4D67E46.d.F0111C41AA7B29F4FFBFF8D86DC0C44E.e.10588","ELEMENT":"f.0BB93947CC1450395F5B257EF4D67E46.d.F0111C41AA7B29F4FFBFF8D86DC0C44E.e.10588"}]}
RESULT: {"script":"<script> [56 bytes]","args":[{"element-6066-11e4-a52e-4f735466cecf":"f.0BB93947CC1450395F5B257EF4D67E46.d.F0111C41AA7B29F4FFBFF8D86DC0C44E.e.10588","ELEMENT":"f.0BB93947CC1450395F5B257EF4D67E46.d.F0111C41AA7B29F4FFBFF8D86DC0C44E.e.10588"}]}
COMMAND: POST /session/e57c885b60fd8cf462a4cfca6f098091/element - {"using":"css selector","value":"#shell-header-logo"}
COMMAND: GET /session/e57c885b60fd8cf462a4cfca6f098091/screenshot - {}
RESULT: {"using":"css selector","value":"#shell-header-logo"}
COMMAND: POST /session/e57c885b60fd8cf462a4cfca6f098091/element/f.0BB93947CC1450395F5B257EF4D67E46.d.F0111C41AA7B29F4FFBFF8D86DC0C44E.e.10003/click - {}
RESULT: {}
RESULT: {}
COMMAND: GET /session/e57c885b60fd8cf462a4cfca6f098091/screenshot - {}
RESULT: {}
]]></system-out>
    </testcase>
    <testcase classname="chrome.135_0_7049_96.windows.Create_master_data_for_mixed_billing_&amp;_do_billing_calculation_US151661" name="Should add time based condition" time="70.964">
      <system-out><![CDATA[
RESULT: undefined
COMMAND: POST /session/e57c885b60fd8cf462a4cfca6f098091/element - {"using":"xpath","value":"//*[@id=\"__tile93-title\"]"}
RESULT: {"using":"xpath","value":"//*[@id=\"__tile93-title\"]"}
COMMAND: POST /session/e57c885b60fd8cf462a4cfca6f098091/element/f.0BB93947CC1450395F5B257EF4D67E46.d.F0111C41AA7B29F4FFBFF8D86DC0C44E.e.9620/click - {}
RESULT: {}
COMMAND: POST /session/e57c885b60fd8cf462a4cfca6f098091/element - {"using":"xpath","value":"//button[@aria-label=\"Create\"]"}
COMMAND: GET /session/e57c885b60fd8cf462a4cfca6f098091/screenshot - {}
RESULT: {"using":"xpath","value":"//button[@aria-label=\"Create\"]"}
COMMAND: POST /session/e57c885b60fd8cf462a4cfca6f098091/elements - {"using":"xpath","value":"//button[@aria-label=\"Create\"]"}
RESULT: {}
RESULT: {"using":"xpath","value":"//button[@aria-label=\"Create\"]"}
COMMAND: POST /session/e57c885b60fd8cf462a4cfca6f098091/execute/sync - {"script":"<script> [8489 bytes]","args":[{"element-6066-11e4-a52e-4f735466cecf":"f.0BB93947CC1450395F5B257EF4D67E46.d.F0111C41AA7B29F4FFBFF8D86DC0C44E.e.10628","ELEMENT":"f.0BB93947CC1450395F5B257EF4D67E46.d.F0111C41AA7B29F4FFBFF8D86DC0C44E.e.10628"}]}
RESULT: {"script":"<script> [8489 bytes]","args":[{"element-6066-11e4-a52e-4f735466cecf":"f.0BB93947CC1450395F5B257EF4D67E46.d.F0111C41AA7B29F4FFBFF8D86DC0C44E.e.10628","ELEMENT":"f.0BB93947CC1450395F5B257EF4D67E46.d.F0111C41AA7B29F4FFBFF8D86DC0C44E.e.10628"}]}
COMMAND: GET /session/e57c885b60fd8cf462a4cfca6f098091/element/f.0BB93947CC1450395F5B257EF4D67E46.d.F0111C41AA7B29F4FFBFF8D86DC0C44E.e.10628/enabled - {}
COMMAND: GET /session/e57c885b60fd8cf462a4cfca6f098091/screenshot - {}
RESULT: {}
COMMAND: POST /session/e57c885b60fd8cf462a4cfca6f098091/execute/sync - {"script":"<script> [8489 bytes]","args":[{"element-6066-11e4-a52e-4f735466cecf":"f.0BB93947CC1450395F5B257EF4D67E46.d.F0111C41AA7B29F4FFBFF8D86DC0C44E.e.10628","ELEMENT":"f.0BB93947CC1450395F5B257EF4D67E46.d.F0111C41AA7B29F4FFBFF8D86DC0C44E.e.10628"}]}
COMMAND: GET /session/e57c885b60fd8cf462a4cfca6f098091/screenshot - {}
RESULT: {}
RESULT: {"script":"<script> [8489 bytes]","args":[{"element-6066-11e4-a52e-4f735466cecf":"f.0BB93947CC1450395F5B257EF4D67E46.d.F0111C41AA7B29F4FFBFF8D86DC0C44E.e.10628","ELEMENT":"f.0BB93947CC1450395F5B257EF4D67E46.d.F0111C41AA7B29F4FFBFF8D86DC0C44E.e.10628"}]}
COMMAND: POST /session/e57c885b60fd8cf462a4cfca6f098091/execute/sync - {"script":"<script> [5351 bytes]","args":[{"element-6066-11e4-a52e-4f735466cecf":"f.0BB93947CC1450395F5B257EF4D67E46.d.F0111C41AA7B29F4FFBFF8D86DC0C44E.e.10628","ELEMENT":"f.0BB93947CC1450395F5B257EF4D67E46.d.F0111C41AA7B29F4FFBFF8D86DC0C44E.e.10628"}]}
COMMAND: GET /session/e57c885b60fd8cf462a4cfca6f098091/screenshot - {}
RESULT: {}
RESULT: {"script":"<script> [5351 bytes]","args":[{"element-6066-11e4-a52e-4f735466cecf":"f.0BB93947CC1450395F5B257EF4D67E46.d.F0111C41AA7B29F4FFBFF8D86DC0C44E.e.10628","ELEMENT":"f.0BB93947CC1450395F5B257EF4D67E46.d.F0111C41AA7B29F4FFBFF8D86DC0C44E.e.10628"}]}
COMMAND: POST /session/e57c885b60fd8cf462a4cfca6f098091/element/f.0BB93947CC1450395F5B257EF4D67E46.d.F0111C41AA7B29F4FFBFF8D86DC0C44E.e.10628/click - {}
COMMAND: GET /session/e57c885b60fd8cf462a4cfca6f098091/screenshot - {}
RESULT: {}
RESULT: {}
COMMAND: GET /session/e57c885b60fd8cf462a4cfca6f098091/screenshot - {}
RESULT: {}
RESULT: {}
COMMAND: POST /session/e57c885b60fd8cf462a4cfca6f098091/actions - {"actions":[{"id":"action38","type":"key","parameters":{},"actions":[{"type":"keyDown","value":"î€‡"},{"type":"pause","duration":10},{"type":"keyUp","value":"î€‡"}]}]}
RESULT: {"actions":[{"id":"action38","type":"key","parameters":{},"actions":[{"type":"keyDown","value":"î€‡"},{"type":"pause","duration":10},{"type":"keyUp","value":"î€‡"}]}]}
COMMAND: GET /session/e57c885b60fd8cf462a4cfca6f098091/screenshot - {}
RESULT: undefined
COMMAND: POST /session/e57c885b60fd8cf462a4cfca6f098091/element - {"using":"xpath","value":"//*[@id=\"application-manageconditionprice-display-component---newCondition--condBillCond-arrow\"]"}
RESULT: {}
RESULT: {"using":"xpath","value":"//*[@id=\"application-manageconditionprice-display-component---newCondition--condBillCond-arrow\"]"}
COMMAND: POST /session/e57c885b60fd8cf462a4cfca6f098091/element/f.0BB93947CC1450395F5B257EF4D67E46.d.F0111C41AA7B29F4FFBFF8D86DC0C44E.e.11102/click - {}
RESULT: {}
COMMAND: GET /session/e57c885b60fd8cf462a4cfca6f098091/screenshot - {}
RESULT: {}
COMMAND: POST /session/e57c885b60fd8cf462a4cfca6f098091/element - {"using":"xpath","value":"//li[.//span[contains(text(), \"DISP - D&I special price\")]]"}
RESULT: {"using":"xpath","value":"//li[.//span[contains(text(), \"DISP - D&I special price\")]]"}
COMMAND: POST /session/e57c885b60fd8cf462a4cfca6f098091/element/f.0BB93947CC1450395F5B257EF4D67E46.d.F0111C41AA7B29F4FFBFF8D86DC0C44E.e.11105/click - {}
RESULT: {}
COMMAND: GET /session/e57c885b60fd8cf462a4cfca6f098091/screenshot - {}
RESULT: {}
RESULT: undefined
COMMAND: POST /session/e57c885b60fd8cf462a4cfca6f098091/execute/async - {"script":"<script> [776 bytes]","args":[{"enterText":"12/24/25","selector":{"id":"application-manageconditionprice-display-component---newCondition--condValidTo","interaction":{"idSuffix":"inner"}},"clearTextFirst":true,"interactionType":"ENTER_TEXT"}]}
RESULT: {"script":"<script> [776 bytes]","args":[{"enterText":"12/24/25","selector":{"id":"application-manageconditionprice-display-component---newCondition--condValidTo","interaction":{"idSuffix":"inner"}},"clearTextFirst":true,"interactionType":"ENTER_TEXT"}]}
COMMAND: POST /session/e57c885b60fd8cf462a4cfca6f098091/element - {"using":"xpath","value":"//input[@id=\"application-manageconditionprice-display-component---newCondition--condRU-inner\"]"}
RESULT: {"using":"xpath","value":"//input[@id=\"application-manageconditionprice-display-component---newCondition--condRU-inner\"]"}
COMMAND: POST /session/e57c885b60fd8cf462a4cfca6f098091/element/f.0BB93947CC1450395F5B257EF4D67E46.d.F0111C41AA7B29F4FFBFF8D86DC0C44E.e.10827/clear - {}
RESULT: {}
COMMAND: POST /session/e57c885b60fd8cf462a4cfca6f098091/element/f.0BB93947CC1450395F5B257EF4D67E46.d.F0111C41AA7B29F4FFBFF8D86DC0C44E.e.10827/value - {"text":"FjjbIJ86Fp"}
COMMAND: GET /session/e57c885b60fd8cf462a4cfca6f098091/screenshot - {}
RESULT: {"text":"FjjbIJ86Fp"}
COMMAND: GET /session/e57c885b60fd8cf462a4cfca6f098091/screenshot - {}
RESULT: {}
RESULT: {}
COMMAND: POST /session/e57c885b60fd8cf462a4cfca6f098091/actions - {"actions":[{"id":"action39","type":"key","parameters":{},"actions":[{"type":"keyDown","value":"î€‡"},{"type":"pause","duration":10},{"type":"keyUp","value":"î€‡"}]}]}
RESULT: {"actions":[{"id":"action39","type":"key","parameters":{},"actions":[{"type":"keyDown","value":"î€‡"},{"type":"pause","duration":10},{"type":"keyUp","value":"î€‡"}]}]}
RESULT: undefined
COMMAND: POST /session/e57c885b60fd8cf462a4cfca6f098091/execute/async - {"script":"<script> [776 bytes]","args":[{"enterText":"1","selector":{"id":"application-manageconditionprice-display-component---newCondition--condBaseQty","interaction":{"idSuffix":"inner"}},"clearTextFirst":true,"interactionType":"ENTER_TEXT"}]}
COMMAND: GET /session/e57c885b60fd8cf462a4cfca6f098091/screenshot - {}
RESULT: {"script":"<script> [776 bytes]","args":[{"enterText":"1","selector":{"id":"application-manageconditionprice-display-component---newCondition--condBaseQty","interaction":{"idSuffix":"inner"}},"clearTextFirst":true,"interactionType":"ENTER_TEXT"}]}
RESULT: undefined
COMMAND: POST /session/e57c885b60fd8cf462a4cfca6f098091/execute/async - {"script":"<script> [776 bytes]","args":[{"enterText":"100","selector":{"id":"application-manageconditionprice-display-component---newCondition--condValue","interaction":{"idSuffix":"inner"}},"clearTextFirst":true,"interactionType":"ENTER_TEXT"}]}
RESULT: {}
RESULT: {"script":"<script> [776 bytes]","args":[{"enterText":"100","selector":{"id":"application-manageconditionprice-display-component---newCondition--condValue","interaction":{"idSuffix":"inner"}},"clearTextFirst":true,"interactionType":"ENTER_TEXT"}]}
RESULT: undefined
COMMAND: POST /session/e57c885b60fd8cf462a4cfca6f098091/element - {"using":"xpath","value":"//*[@id=\"application-manageconditionprice-display-component---newCondition--condCurr-arrow\"]"}
RESULT: {"using":"xpath","value":"//*[@id=\"application-manageconditionprice-display-component---newCondition--condCurr-arrow\"]"}
COMMAND: POST /session/e57c885b60fd8cf462a4cfca6f098091/element/f.0BB93947CC1450395F5B257EF4D67E46.d.F0111C41AA7B29F4FFBFF8D86DC0C44E.e.11062/click - {}
RESULT: {}
COMMAND: POST /session/e57c885b60fd8cf462a4cfca6f098091/element - {"using":"xpath","value":"//span[contains(text(), \"Euro\")]"}
COMMAND: GET /session/e57c885b60fd8cf462a4cfca6f098091/screenshot - {}
RESULT: {"using":"xpath","value":"//span[contains(text(), \"Euro\")]"}
COMMAND: POST /session/e57c885b60fd8cf462a4cfca6f098091/element/f.0BB93947CC1450395F5B257EF4D67E46.d.F0111C41AA7B29F4FFBFF8D86DC0C44E.e.11141/click - {}
RESULT: {}
RESULT: {}
COMMAND: POST /session/e57c885b60fd8cf462a4cfca6f098091/element - {"using":"xpath","value":"//button[@data-kt=\"saveButton\"]"}
COMMAND: GET /session/e57c885b60fd8cf462a4cfca6f098091/screenshot - {}
RESULT: {"using":"xpath","value":"//button[@data-kt=\"saveButton\"]"}
COMMAND: POST /session/e57c885b60fd8cf462a4cfca6f098091/element/f.0BB93947CC1450395F5B257EF4D67E46.d.F0111C41AA7B29F4FFBFF8D86DC0C44E.e.11063/click - {}
RESULT: {}
RESULT: {}
COMMAND: GET /session/e57c885b60fd8cf462a4cfca6f098091/screenshot - {}
RESULT: {}
RESULT: undefined
COMMAND: POST /session/e57c885b60fd8cf462a4cfca6f098091/execute/async - {"script":"<script> [776 bytes]","args":[{"enterText":"FjjbIJ86Fp","selector":{"id":"application-manageconditionprice-display-component---conditions--smartFilterBar-btnBasicSearch","interaction":{"idSuffix":"I"}},"clearTextFirst":true,"interactionType":"ENTER_TEXT"}]}
RESULT: {"script":"<script> [776 bytes]","args":[{"enterText":"FjjbIJ86Fp","selector":{"id":"application-manageconditionprice-display-component---conditions--smartFilterBar-btnBasicSearch","interaction":{"idSuffix":"I"}},"clearTextFirst":true,"interactionType":"ENTER_TEXT"}]}
COMMAND: POST /session/e57c885b60fd8cf462a4cfca6f098091/actions - {"actions":[{"id":"action40","type":"key","parameters":{},"actions":[{"type":"keyDown","value":"î€‡"},{"type":"pause","duration":10},{"type":"keyUp","value":"î€‡"}]}]}
RESULT: {"actions":[{"id":"action40","type":"key","parameters":{},"actions":[{"type":"keyDown","value":"î€‡"},{"type":"pause","duration":10},{"type":"keyUp","value":"î€‡"}]}]}
COMMAND: GET /session/e57c885b60fd8cf462a4cfca6f098091/screenshot - {}
RESULT: {}
RESULT: undefined
COMMAND: POST /session/e57c885b60fd8cf462a4cfca6f098091/element - {"using":"xpath","value":"//*[@id=\"application-manageconditionprice-display-component---conditions--smartFilterBar-filterItemControl_BASIC-BILL_TYPES-vhi\"]"}
RESULT: {"using":"xpath","value":"//*[@id=\"application-manageconditionprice-display-component---conditions--smartFilterBar-filterItemControl_BASIC-BILL_TYPES-vhi\"]"}
COMMAND: POST /session/e57c885b60fd8cf462a4cfca6f098091/element/f.0BB93947CC1450395F5B257EF4D67E46.d.F0111C41AA7B29F4FFBFF8D86DC0C44E.e.11165/click - {}
RESULT: {}
RESULT: undefined
COMMAND: POST /session/e57c885b60fd8cf462a4cfca6f098091/execute/async - {"script":"<script> [776 bytes]","args":[{"enterText":"TB","selector":{"id":"application-manageconditionprice-display-component---conditions--smartFilterBar-filterItemControl_BASIC-BILL_TYPES-valueHelpDialog-smartFilterBar-btnBasicSearch","searchOpenDialogs":true,"interaction":{"idSuffix":"I"}},"clearTextFirst":true,"interactionType":"ENTER_TEXT"}]}
COMMAND: GET /session/e57c885b60fd8cf462a4cfca6f098091/screenshot - {}
RESULT: {"script":"<script> [776 bytes]","args":[{"enterText":"TB","selector":{"id":"application-manageconditionprice-display-component---conditions--smartFilterBar-filterItemControl_BASIC-BILL_TYPES-valueHelpDialog-smartFilterBar-btnBasicSearch","searchOpenDialogs":true,"interaction":{"idSuffix":"I"}},"clearTextFirst":true,"interactionType":"ENTER_TEXT"}]}
COMMAND: POST /session/e57c885b60fd8cf462a4cfca6f098091/actions - {"actions":[{"id":"action41","type":"key","parameters":{},"actions":[{"type":"keyDown","value":"î€‡"},{"type":"pause","duration":10},{"type":"keyUp","value":"î€‡"}]}]}
RESULT: {}
RESULT: {"actions":[{"id":"action41","type":"key","parameters":{},"actions":[{"type":"keyDown","value":"î€‡"},{"type":"pause","duration":10},{"type":"keyUp","value":"î€‡"}]}]}
COMMAND: GET /session/e57c885b60fd8cf462a4cfca6f098091/screenshot - {}
RESULT: {}
COMMAND: POST /session/e57c885b60fd8cf462a4cfca6f098091/element - {"using":"xpath","value":"//div[contains(@id, 'application-manageconditionprice-display-component---conditions--smartFilterBar-filterItemControl_BASIC-BILL_TYPES-valueHelpDialog-table-rowsel0')]"}
RESULT: {"using":"xpath","value":"//div[contains(@id, 'application-manageconditionprice-display-component---conditions--smartFilterBar-filterItemControl_BASIC-BILL_TYPES-valueHelpDialog-table-rowsel0')]"}
COMMAND: POST /session/e57c885b60fd8cf462a4cfca6f098091/element/f.0BB93947CC1450395F5B257EF4D67E46.d.F0111C41AA7B29F4FFBFF8D86DC0C44E.e.11173/click - {}
RESULT: {}
COMMAND: GET /session/e57c885b60fd8cf462a4cfca6f098091/screenshot - {}
RESULT: {}
COMMAND: POST /session/e57c885b60fd8cf462a4cfca6f098091/element - {"using":"xpath","value":"//bdi[contains(text(), \"OK\")]"}
RESULT: {"using":"xpath","value":"//bdi[contains(text(), \"OK\")]"}
COMMAND: POST /session/e57c885b60fd8cf462a4cfca6f098091/element/f.0BB93947CC1450395F5B257EF4D67E46.d.F0111C41AA7B29F4FFBFF8D86DC0C44E.e.11175/click - {}
RESULT: {}
COMMAND: GET /session/e57c885b60fd8cf462a4cfca6f098091/screenshot - {}
RESULT: {}
COMMAND: POST /session/e57c885b60fd8cf462a4cfca6f098091/element - {"using":"xpath","value":"//span[@id=\"application-manageconditionprice-display-component---conditions--smartTable-header-inner\"]"}
RESULT: {"using":"xpath","value":"//span[@id=\"application-manageconditionprice-display-component---conditions--smartTable-header-inner\"]"}
COMMAND: POST /session/e57c885b60fd8cf462a4cfca6f098091/elements - {"using":"xpath","value":"//span[@id=\"application-manageconditionprice-display-component---conditions--smartTable-header-inner\"]"}
RESULT: {"using":"xpath","value":"//span[@id=\"application-manageconditionprice-display-component---conditions--smartTable-header-inner\"]"}
COMMAND: POST /session/e57c885b60fd8cf462a4cfca6f098091/execute/sync - {"script":"<script> [56 bytes]","args":[{"element-6066-11e4-a52e-4f735466cecf":"f.0BB93947CC1450395F5B257EF4D67E46.d.F0111C41AA7B29F4FFBFF8D86DC0C44E.e.11181","ELEMENT":"f.0BB93947CC1450395F5B257EF4D67E46.d.F0111C41AA7B29F4FFBFF8D86DC0C44E.e.11181"}]}
RESULT: {"script":"<script> [56 bytes]","args":[{"element-6066-11e4-a52e-4f735466cecf":"f.0BB93947CC1450395F5B257EF4D67E46.d.F0111C41AA7B29F4FFBFF8D86DC0C44E.e.11181","ELEMENT":"f.0BB93947CC1450395F5B257EF4D67E46.d.F0111C41AA7B29F4FFBFF8D86DC0C44E.e.11181"}]}
COMMAND: POST /session/e57c885b60fd8cf462a4cfca6f098091/element - {"using":"css selector","value":"#shell-header-logo"}
COMMAND: GET /session/e57c885b60fd8cf462a4cfca6f098091/screenshot - {}
RESULT: {"using":"css selector","value":"#shell-header-logo"}
COMMAND: POST /session/e57c885b60fd8cf462a4cfca6f098091/element/f.0BB93947CC1450395F5B257EF4D67E46.d.F0111C41AA7B29F4FFBFF8D86DC0C44E.e.10593/click - {}
RESULT: {}
RESULT: {}
COMMAND: GET /session/e57c885b60fd8cf462a4cfca6f098091/screenshot - {}
RESULT: {}
]]></system-out>
    </testcase>
    <testcase classname="chrome.135_0_7049_96.windows.Create_master_data_for_mixed_billing_&amp;_do_billing_calculation_US151661" name="Should do a stock increase handover" time="90.683">
      <system-out><![CDATA[
COMMAND: POST /session/e57c885b60fd8cf462a4cfca6f098091/execute/async - {"script":"<script> [1562 bytes]","args":[{"selector":{"controlType":"sap.m.Text","viewName":"etm.portal.ui.managehandoverstile.view.Master","properties":{"text":"Manage Handovers"},"interaction":{"idSuffix":"inner"}},"wdio_ui5_key":"etmportal.ui.managehandoverstile.view.Mastersap.m.Text{\"text\":\"Manage Handovers\"}"}]}
RESULT: {"script":"<script> [1562 bytes]","args":[{"selector":{"controlType":"sap.m.Text","viewName":"etm.portal.ui.managehandoverstile.view.Master","properties":{"text":"Manage Handovers"},"interaction":{"idSuffix":"inner"}},"wdio_ui5_key":"etmportal.ui.managehandoverstile.view.Mastersap.m.Text{\"text\":\"Manage Handovers\"}"}]}
RESULT: undefined
COMMAND: POST /session/e57c885b60fd8cf462a4cfca6f098091/element - {"using":"xpath","value":"//*[@id=\"__tile133-title\"]"}
RESULT: {"using":"xpath","value":"//*[@id=\"__tile133-title\"]"}
COMMAND: POST /session/e57c885b60fd8cf462a4cfca6f098091/element/f.0BB93947CC1450395F5B257EF4D67E46.d.F0111C41AA7B29F4FFBFF8D86DC0C44E.e.11184/click - {}
RESULT: {}
COMMAND: POST /session/e57c885b60fd8cf462a4cfca6f098091/element - {"using":"xpath","value":"//button[@data-kt=\"masterHOAddButton\"]"}
COMMAND: GET /session/e57c885b60fd8cf462a4cfca6f098091/screenshot - {}
RESULT: {"using":"xpath","value":"//button[@data-kt=\"masterHOAddButton\"]"}
COMMAND: POST /session/e57c885b60fd8cf462a4cfca6f098091/elements - {"using":"xpath","value":"//button[@data-kt=\"masterHOAddButton\"]"}
RESULT: {}
RESULT: {"using":"xpath","value":"//button[@data-kt=\"masterHOAddButton\"]"}
COMMAND: POST /session/e57c885b60fd8cf462a4cfca6f098091/elements - {"using":"xpath","value":"//button[@data-kt=\"masterHOAddButton\"]"}
RESULT: {"using":"xpath","value":"//button[@data-kt=\"masterHOAddButton\"]"}
COMMAND: POST /session/e57c885b60fd8cf462a4cfca6f098091/elements - {"using":"xpath","value":"//button[@data-kt=\"masterHOAddButton\"]"}
RESULT: {"using":"xpath","value":"//button[@data-kt=\"masterHOAddButton\"]"}
COMMAND: POST /session/e57c885b60fd8cf462a4cfca6f098091/elements - {"using":"xpath","value":"//button[@data-kt=\"masterHOAddButton\"]"}
RESULT: {"using":"xpath","value":"//button[@data-kt=\"masterHOAddButton\"]"}
COMMAND: POST /session/e57c885b60fd8cf462a4cfca6f098091/elements - {"using":"xpath","value":"//button[@data-kt=\"masterHOAddButton\"]"}
RESULT: {"using":"xpath","value":"//button[@data-kt=\"masterHOAddButton\"]"}
COMMAND: POST /session/e57c885b60fd8cf462a4cfca6f098091/elements - {"using":"xpath","value":"//button[@data-kt=\"masterHOAddButton\"]"}
RESULT: {"using":"xpath","value":"//button[@data-kt=\"masterHOAddButton\"]"}
COMMAND: POST /session/e57c885b60fd8cf462a4cfca6f098091/elements - {"using":"xpath","value":"//button[@data-kt=\"masterHOAddButton\"]"}
RESULT: {"using":"xpath","value":"//button[@data-kt=\"masterHOAddButton\"]"}
COMMAND: POST /session/e57c885b60fd8cf462a4cfca6f098091/elements - {"using":"xpath","value":"//button[@data-kt=\"masterHOAddButton\"]"}
RESULT: {"using":"xpath","value":"//button[@data-kt=\"masterHOAddButton\"]"}
COMMAND: POST /session/e57c885b60fd8cf462a4cfca6f098091/elements - {"using":"xpath","value":"//button[@data-kt=\"masterHOAddButton\"]"}
RESULT: {"using":"xpath","value":"//button[@data-kt=\"masterHOAddButton\"]"}
COMMAND: POST /session/e57c885b60fd8cf462a4cfca6f098091/elements - {"using":"xpath","value":"//button[@data-kt=\"masterHOAddButton\"]"}
RESULT: {"using":"xpath","value":"//button[@data-kt=\"masterHOAddButton\"]"}
COMMAND: POST /session/e57c885b60fd8cf462a4cfca6f098091/elements - {"using":"xpath","value":"//button[@data-kt=\"masterHOAddButton\"]"}
RESULT: {"using":"xpath","value":"//button[@data-kt=\"masterHOAddButton\"]"}
COMMAND: POST /session/e57c885b60fd8cf462a4cfca6f098091/elements - {"using":"xpath","value":"//button[@data-kt=\"masterHOAddButton\"]"}
RESULT: {"using":"xpath","value":"//button[@data-kt=\"masterHOAddButton\"]"}
COMMAND: POST /session/e57c885b60fd8cf462a4cfca6f098091/elements - {"using":"xpath","value":"//button[@data-kt=\"masterHOAddButton\"]"}
RESULT: {"using":"xpath","value":"//button[@data-kt=\"masterHOAddButton\"]"}
COMMAND: POST /session/e57c885b60fd8cf462a4cfca6f098091/elements - {"using":"xpath","value":"//button[@data-kt=\"masterHOAddButton\"]"}
RESULT: {"using":"xpath","value":"//button[@data-kt=\"masterHOAddButton\"]"}
COMMAND: POST /session/e57c885b60fd8cf462a4cfca6f098091/element - {"using":"xpath","value":"//button[@data-kt=\"masterHOAddButton\"]"}
RESULT: {"using":"xpath","value":"//button[@data-kt=\"masterHOAddButton\"]"}
COMMAND: POST /session/e57c885b60fd8cf462a4cfca6f098091/execute/sync - {"script":"<script> [8489 bytes]","args":[{"element-6066-11e4-a52e-4f735466cecf":"f.0BB93947CC1450395F5B257EF4D67E46.d.F0111C41AA7B29F4FFBFF8D86DC0C44E.e.11214","ELEMENT":"f.0BB93947CC1450395F5B257EF4D67E46.d.F0111C41AA7B29F4FFBFF8D86DC0C44E.e.11214"}]}
RESULT: {"script":"<script> [8489 bytes]","args":[{"element-6066-11e4-a52e-4f735466cecf":"f.0BB93947CC1450395F5B257EF4D67E46.d.F0111C41AA7B29F4FFBFF8D86DC0C44E.e.11214","ELEMENT":"f.0BB93947CC1450395F5B257EF4D67E46.d.F0111C41AA7B29F4FFBFF8D86DC0C44E.e.11214"}]}
COMMAND: GET /session/e57c885b60fd8cf462a4cfca6f098091/element/f.0BB93947CC1450395F5B257EF4D67E46.d.F0111C41AA7B29F4FFBFF8D86DC0C44E.e.11214/enabled - {}
COMMAND: GET /session/e57c885b60fd8cf462a4cfca6f098091/screenshot - {}
RESULT: {}
COMMAND: POST /session/e57c885b60fd8cf462a4cfca6f098091/execute/sync - {"script":"<script> [8489 bytes]","args":[{"element-6066-11e4-a52e-4f735466cecf":"f.0BB93947CC1450395F5B257EF4D67E46.d.F0111C41AA7B29F4FFBFF8D86DC0C44E.e.11214","ELEMENT":"f.0BB93947CC1450395F5B257EF4D67E46.d.F0111C41AA7B29F4FFBFF8D86DC0C44E.e.11214"}]}
COMMAND: GET /session/e57c885b60fd8cf462a4cfca6f098091/screenshot - {}
RESULT: {}
RESULT: {"script":"<script> [8489 bytes]","args":[{"element-6066-11e4-a52e-4f735466cecf":"f.0BB93947CC1450395F5B257EF4D67E46.d.F0111C41AA7B29F4FFBFF8D86DC0C44E.e.11214","ELEMENT":"f.0BB93947CC1450395F5B257EF4D67E46.d.F0111C41AA7B29F4FFBFF8D86DC0C44E.e.11214"}]}
COMMAND: POST /session/e57c885b60fd8cf462a4cfca6f098091/execute/sync - {"script":"<script> [5351 bytes]","args":[{"element-6066-11e4-a52e-4f735466cecf":"f.0BB93947CC1450395F5B257EF4D67E46.d.F0111C41AA7B29F4FFBFF8D86DC0C44E.e.11214","ELEMENT":"f.0BB93947CC1450395F5B257EF4D67E46.d.F0111C41AA7B29F4FFBFF8D86DC0C44E.e.11214"}]}
COMMAND: GET /session/e57c885b60fd8cf462a4cfca6f098091/screenshot - {}
RESULT: {}
RESULT: {"script":"<script> [5351 bytes]","args":[{"element-6066-11e4-a52e-4f735466cecf":"f.0BB93947CC1450395F5B257EF4D67E46.d.F0111C41AA7B29F4FFBFF8D86DC0C44E.e.11214","ELEMENT":"f.0BB93947CC1450395F5B257EF4D67E46.d.F0111C41AA7B29F4FFBFF8D86DC0C44E.e.11214"}]}
COMMAND: POST /session/e57c885b60fd8cf462a4cfca6f098091/element/f.0BB93947CC1450395F5B257EF4D67E46.d.F0111C41AA7B29F4FFBFF8D86DC0C44E.e.11214/click - {}
COMMAND: GET /session/e57c885b60fd8cf462a4cfca6f098091/screenshot - {}
RESULT: {}
RESULT: {}
COMMAND: GET /session/e57c885b60fd8cf462a4cfca6f098091/screenshot - {}
COMMAND: POST /session/e57c885b60fd8cf462a4cfca6f098091/element - {"using":"xpath","value":"//span[contains(@id ,\"AddNewHO--typeSelect-arrow\")]"}
RESULT: {}
RESULT: {}
RESULT: {"using":"xpath","value":"//span[contains(@id ,\"AddNewHO--typeSelect-arrow\")]"}
COMMAND: POST /session/e57c885b60fd8cf462a4cfca6f098091/element/f.0BB93947CC1450395F5B257EF4D67E46.d.F0111C41AA7B29F4FFBFF8D86DC0C44E.e.11543/click - {}
RESULT: {}
COMMAND: GET /session/e57c885b60fd8cf462a4cfca6f098091/screenshot - {}
RESULT: {}
COMMAND: POST /session/e57c885b60fd8cf462a4cfca6f098091/element - {"using":"xpath","value":"(//li[contains(text(), \"stock increase yard\")])[1]"}
RESULT: {"using":"xpath","value":"(//li[contains(text(), \"stock increase yard\")])[1]"}
COMMAND: POST /session/e57c885b60fd8cf462a4cfca6f098091/element/f.0BB93947CC1450395F5B257EF4D67E46.d.F0111C41AA7B29F4FFBFF8D86DC0C44E.e.11544/click - {}
RESULT: {}
COMMAND: GET /session/e57c885b60fd8cf462a4cfca6f098091/screenshot - {}
RESULT: {}
COMMAND: POST /session/e57c885b60fd8cf462a4cfca6f098091/execute/async - {"script":"<script> [1562 bytes]","args":[{"selector":{"id":"application-managehandovers-display-component---AddNewHO--dueDate","interaction":{"idSuffix":"inner"}},"wdio_ui5_key":"applicationmanagehandovers-display-component---AddNewHO--dueDate"}]}
RESULT: {"script":"<script> [1562 bytes]","args":[{"selector":{"id":"application-managehandovers-display-component---AddNewHO--dueDate","interaction":{"idSuffix":"inner"}},"wdio_ui5_key":"applicationmanagehandovers-display-component---AddNewHO--dueDate"}]}
RESULT: undefined
COMMAND: POST /session/e57c885b60fd8cf462a4cfca6f098091/execute/async - {"script":"<script> [6424 bytes]","args":[{"element-6066-11e4-a52e-4f735466cecf":"f.0BB93947CC1450395F5B257EF4D67E46.d.F0111C41AA7B29F4FFBFF8D86DC0C44E.e.11548"},"setValue",["04/24/2025"]]}
RESULT: {"script":"<script> [6424 bytes]","args":[{"element-6066-11e4-a52e-4f735466cecf":"f.0BB93947CC1450395F5B257EF4D67E46.d.F0111C41AA7B29F4FFBFF8D86DC0C44E.e.11548"},"setValue",["04/24/2025"]]}
COMMAND: POST /session/e57c885b60fd8cf462a4cfca6f098091/element - {"using":"xpath","value":"//input[@id=\"generalSectionFrg--receiveYard-inner\"]"}
RESULT: {"using":"xpath","value":"//input[@id=\"generalSectionFrg--receiveYard-inner\"]"}
COMMAND: POST /session/e57c885b60fd8cf462a4cfca6f098091/element/f.0BB93947CC1450395F5B257EF4D67E46.d.F0111C41AA7B29F4FFBFF8D86DC0C44E.e.11554/clear - {}
RESULT: {}
COMMAND: POST /session/e57c885b60fd8cf462a4cfca6f098091/element/f.0BB93947CC1450395F5B257EF4D67E46.d.F0111C41AA7B29F4FFBFF8D86DC0C44E.e.11554/value - {"text":"803"}
COMMAND: GET /session/e57c885b60fd8cf462a4cfca6f098091/screenshot - {}
RESULT: {"text":"803"}
COMMAND: GET /session/e57c885b60fd8cf462a4cfca6f098091/screenshot - {}
RESULT: {}
RESULT: {}
COMMAND: POST /session/e57c885b60fd8cf462a4cfca6f098091/element - {"using":"xpath","value":"//li[.//span[text()='803']]"}
RESULT: {"using":"xpath","value":"//li[.//span[text()='803']]"}
COMMAND: POST /session/e57c885b60fd8cf462a4cfca6f098091/element/f.0BB93947CC1450395F5B257EF4D67E46.d.F0111C41AA7B29F4FFBFF8D86DC0C44E.e.11567/click - {}
RESULT: {}
COMMAND: GET /session/e57c885b60fd8cf462a4cfca6f098091/screenshot - {}
RESULT: {}
COMMAND: POST /session/e57c885b60fd8cf462a4cfca6f098091/execute/async - {"script":"<script> [1562 bytes]","args":[{"selector":{"id":"application-managehandovers-display-component---AddNewHO--ObjectPageLayout-anchBar-application-managehandovers-display-component---AddNewHO--section4-anchor","interaction":{"idSuffix":"BDI-content"}},"wdio_ui5_key":"applicationmanagehandovers-display-component---AddNewHO--ObjectPageLayout-anchBar-application-managehandovers-display-component---AddNewHO--section4-anchor"}]}
RESULT: {"script":"<script> [1562 bytes]","args":[{"selector":{"id":"application-managehandovers-display-component---AddNewHO--ObjectPageLayout-anchBar-application-managehandovers-display-component---AddNewHO--section4-anchor","interaction":{"idSuffix":"BDI-content"}},"wdio_ui5_key":"applicationmanagehandovers-display-component---AddNewHO--ObjectPageLayout-anchBar-application-managehandovers-display-component---AddNewHO--section4-anchor"}]}
RESULT: undefined
COMMAND: POST /session/e57c885b60fd8cf462a4cfca6f098091/element - {"using":"xpath","value":"//*[@id=\"application-managehandovers-display-component---AddNewHO--ObjectPageLayout-anchBar-application-managehandovers-display-component---AddNewHO--section4-anchor\"]"}
RESULT: {"using":"xpath","value":"//*[@id=\"application-managehandovers-display-component---AddNewHO--ObjectPageLayout-anchBar-application-managehandovers-display-component---AddNewHO--section4-anchor\"]"}
COMMAND: POST /session/e57c885b60fd8cf462a4cfca6f098091/element/f.0BB93947CC1450395F5B257EF4D67E46.d.F0111C41AA7B29F4FFBFF8D86DC0C44E.e.11569/click - {}
RESULT: {}
COMMAND: POST /session/e57c885b60fd8cf462a4cfca6f098091/element - {"using":"xpath","value":"//button[@aria-label=\"Add\"]"}
COMMAND: GET /session/e57c885b60fd8cf462a4cfca6f098091/screenshot - {}
RESULT: {"using":"xpath","value":"//button[@aria-label=\"Add\"]"}
COMMAND: POST /session/e57c885b60fd8cf462a4cfca6f098091/element/f.0BB93947CC1450395F5B257EF4D67E46.d.F0111C41AA7B29F4FFBFF8D86DC0C44E.e.11571/click - {}
RESULT: {}
RESULT: {}
COMMAND: GET /session/e57c885b60fd8cf462a4cfca6f098091/screenshot - {}
RESULT: {}
COMMAND: POST /session/e57c885b60fd8cf462a4cfca6f098091/execute/async - {"script":"<script> [1562 bytes]","args":[{"selector":{"id":"application-managehandovers-display-component---AddNewHO--smartFilterBar-btnBasicSearch","searchOpenDialogs":true,"interaction":{"idSuffix":"I"}},"wdio_ui5_key":"applicationmanagehandovers-display-component---AddNewHO--smartFilterBar-btnBasicSearch"}]}
RESULT: {"script":"<script> [1562 bytes]","args":[{"selector":{"id":"application-managehandovers-display-component---AddNewHO--smartFilterBar-btnBasicSearch","searchOpenDialogs":true,"interaction":{"idSuffix":"I"}},"wdio_ui5_key":"applicationmanagehandovers-display-component---AddNewHO--smartFilterBar-btnBasicSearch"}]}
RESULT: undefined
COMMAND: POST /session/e57c885b60fd8cf462a4cfca6f098091/execute/async - {"script":"<script> [776 bytes]","args":[{"enterText":"FjjbIJ86Fp","selector":{"id":"application-managehandovers-display-component---AddNewHO--smartFilterBar-btnBasicSearch","searchOpenDialogs":true,"interaction":{"idSuffix":"I"}},"clearTextFirst":true,"interactionType":"ENTER_TEXT"}]}
RESULT: {"script":"<script> [776 bytes]","args":[{"enterText":"FjjbIJ86Fp","selector":{"id":"application-managehandovers-display-component---AddNewHO--smartFilterBar-btnBasicSearch","searchOpenDialogs":true,"interaction":{"idSuffix":"I"}},"clearTextFirst":true,"interactionType":"ENTER_TEXT"}]}
COMMAND: POST /session/e57c885b60fd8cf462a4cfca6f098091/actions - {"actions":[{"id":"action42","type":"key","parameters":{},"actions":[{"type":"keyDown","value":"î€‡"},{"type":"pause","duration":10},{"type":"keyUp","value":"î€‡"}]}]}
RESULT: {"actions":[{"id":"action42","type":"key","parameters":{},"actions":[{"type":"keyDown","value":"î€‡"},{"type":"pause","duration":10},{"type":"keyUp","value":"î€‡"}]}]}
COMMAND: GET /session/e57c885b60fd8cf462a4cfca6f098091/screenshot - {}
RESULT: {}
COMMAND: POST /session/e57c885b60fd8cf462a4cfca6f098091/execute/async - {"script":"<script> [1562 bytes]","args":[{"selector":{"id":"application-managehandovers-display-component---AddNewHO--popup-sa","searchOpenDialogs":true,"interaction":{"idSuffix":"CbBg"}},"wdio_ui5_key":"applicationmanagehandovers-display-component---AddNewHO--popup-sa"}]}
RESULT: {"script":"<script> [1562 bytes]","args":[{"selector":{"id":"application-managehandovers-display-component---AddNewHO--popup-sa","searchOpenDialogs":true,"interaction":{"idSuffix":"CbBg"}},"wdio_ui5_key":"applicationmanagehandovers-display-component---AddNewHO--popup-sa"}]}
RESULT: undefined
COMMAND: POST /session/e57c885b60fd8cf462a4cfca6f098091/element - {"using":"xpath","value":"//*[@id=\"application-managehandovers-display-component---AddNewHO--popup-sa\"]"}
RESULT: {"using":"xpath","value":"//*[@id=\"application-managehandovers-display-component---AddNewHO--popup-sa\"]"}
COMMAND: POST /session/e57c885b60fd8cf462a4cfca6f098091/element/f.0BB93947CC1450395F5B257EF4D67E46.d.F0111C41AA7B29F4FFBFF8D86DC0C44E.e.11726/click - {}
RESULT: {}
COMMAND: GET /session/e57c885b60fd8cf462a4cfca6f098091/screenshot - {}
RESULT: {}
COMMAND: POST /session/e57c885b60fd8cf462a4cfca6f098091/element - {"using":"xpath","value":"//bdi[contains(text(), \"Select\")]"}
RESULT: {"using":"xpath","value":"//bdi[contains(text(), \"Select\")]"}
COMMAND: POST /session/e57c885b60fd8cf462a4cfca6f098091/element/f.0BB93947CC1450395F5B257EF4D67E46.d.F0111C41AA7B29F4FFBFF8D86DC0C44E.e.11727/click - {}
RESULT: {}
COMMAND: GET /session/e57c885b60fd8cf462a4cfca6f098091/screenshot - {}
RESULT: {}
COMMAND: POST /session/e57c885b60fd8cf462a4cfca6f098091/element - {"using":"xpath","value":"//button[@data-kt=\"AddNewHOSaveButton\"]"}
RESULT: {"using":"xpath","value":"//button[@data-kt=\"AddNewHOSaveButton\"]"}
COMMAND: POST /session/e57c885b60fd8cf462a4cfca6f098091/element/f.0BB93947CC1450395F5B257EF4D67E46.d.F0111C41AA7B29F4FFBFF8D86DC0C44E.e.11731/click - {}
RESULT: {}
COMMAND: GET /session/e57c885b60fd8cf462a4cfca6f098091/screenshot - {}
RESULT: {}
COMMAND: POST /session/e57c885b60fd8cf462a4cfca6f098091/execute/async - {"script":"<script> [1562 bytes]","args":[{"selector":{"id":"receiptDatePicker","viewName":"etm.portal.ui.managehandovers.view.DetailExecuteHO","interaction":{"idSuffix":"inner"}},"wdio_ui5_key":"receiptDatePickeretmportal.ui.managehandovers.view.DetailExecuteHO"}]}
RESULT: {"script":"<script> [1562 bytes]","args":[{"selector":{"id":"receiptDatePicker","viewName":"etm.portal.ui.managehandovers.view.DetailExecuteHO","interaction":{"idSuffix":"inner"}},"wdio_ui5_key":"receiptDatePickeretmportal.ui.managehandovers.view.DetailExecuteHO"}]}
RESULT: undefined
COMMAND: POST /session/e57c885b60fd8cf462a4cfca6f098091/execute/async - {"script":"<script> [6424 bytes]","args":[{"element-6066-11e4-a52e-4f735466cecf":"f.0BB93947CC1450395F5B257EF4D67E46.d.F0111C41AA7B29F4FFBFF8D86DC0C44E.e.11760"},"setValue",["04/24/2025"]]}
RESULT: {"script":"<script> [6424 bytes]","args":[{"element-6066-11e4-a52e-4f735466cecf":"f.0BB93947CC1450395F5B257EF4D67E46.d.F0111C41AA7B29F4FFBFF8D86DC0C44E.e.11760"},"setValue",["04/24/2025"]]}
COMMAND: POST /session/e57c885b60fd8cf462a4cfca6f098091/element - {"using":"xpath","value":"//button[@data-kt=\"PickingTableConfirmAllButton\"]"}
RESULT: {"using":"xpath","value":"//button[@data-kt=\"PickingTableConfirmAllButton\"]"}
COMMAND: POST /session/e57c885b60fd8cf462a4cfca6f098091/element/f.0BB93947CC1450395F5B257EF4D67E46.d.F0111C41AA7B29F4FFBFF8D86DC0C44E.e.11775/click - {}
RESULT: {}
COMMAND: GET /session/e57c885b60fd8cf462a4cfca6f098091/screenshot - {}
RESULT: {}
COMMAND: POST /session/e57c885b60fd8cf462a4cfca6f098091/element - {"using":"xpath","value":"//bdi[contains(text(), \"OK\")]"}
RESULT: {"using":"xpath","value":"//bdi[contains(text(), \"OK\")]"}
COMMAND: POST /session/e57c885b60fd8cf462a4cfca6f098091/element/f.0BB93947CC1450395F5B257EF4D67E46.d.F0111C41AA7B29F4FFBFF8D86DC0C44E.e.11777/click - {}
RESULT: {}
COMMAND: GET /session/e57c885b60fd8cf462a4cfca6f098091/screenshot - {}
RESULT: {}
COMMAND: POST /session/e57c885b60fd8cf462a4cfca6f098091/element - {"using":"xpath","value":"(//bdi[contains(text(), \"Receive\")])[2]"}
RESULT: {"using":"xpath","value":"(//bdi[contains(text(), \"Receive\")])[2]"}
COMMAND: POST /session/e57c885b60fd8cf462a4cfca6f098091/element/f.0BB93947CC1450395F5B257EF4D67E46.d.F0111C41AA7B29F4FFBFF8D86DC0C44E.e.11779/click - {}
RESULT: {}
COMMAND: GET /session/e57c885b60fd8cf462a4cfca6f098091/screenshot - {}
RESULT: {}
COMMAND: POST /session/e57c885b60fd8cf462a4cfca6f098091/element - {"using":"css selector","value":"#shell-header-logo"}
RESULT: {"using":"css selector","value":"#shell-header-logo"}
COMMAND: POST /session/e57c885b60fd8cf462a4cfca6f098091/element/f.0BB93947CC1450395F5B257EF4D67E46.d.F0111C41AA7B29F4FFBFF8D86DC0C44E.e.11186/click - {}
RESULT: {}
COMMAND: GET /session/e57c885b60fd8cf462a4cfca6f098091/screenshot - {}
RESULT: {}
]]></system-out>
    </testcase>
    <testcase classname="chrome.135_0_7049_96.windows.Create_master_data_for_mixed_billing_&amp;_do_billing_calculation_US151661" name="Should create a new contract" time="76.913">
      <system-out><![CDATA[
COMMAND: POST /session/e57c885b60fd8cf462a4cfca6f098091/execute/async - {"script":"<script> [1562 bytes]","args":[{"selector":{"controlType":"sap.m.Text","viewName":"etm.portal.ui.managecontractstile.view.Master","properties":{"text":"Manage Contracts"},"interaction":{"idSuffix":"inner"}},"wdio_ui5_key":"etmportal.ui.managecontractstile.view.Mastersap.m.Text{\"text\":\"Manage Contracts\"}"}]}
RESULT: {"script":"<script> [1562 bytes]","args":[{"selector":{"controlType":"sap.m.Text","viewName":"etm.portal.ui.managecontractstile.view.Master","properties":{"text":"Manage Contracts"},"interaction":{"idSuffix":"inner"}},"wdio_ui5_key":"etmportal.ui.managecontractstile.view.Mastersap.m.Text{\"text\":\"Manage Contracts\"}"}]}
RESULT: undefined
COMMAND: POST /session/e57c885b60fd8cf462a4cfca6f098091/element - {"using":"xpath","value":"//*[@id=\"__tile131-title\"]"}
RESULT: {"using":"xpath","value":"//*[@id=\"__tile131-title\"]"}
COMMAND: POST /session/e57c885b60fd8cf462a4cfca6f098091/element/f.0BB93947CC1450395F5B257EF4D67E46.d.F0111C41AA7B29F4FFBFF8D86DC0C44E.e.12039/click - {}
RESULT: {}
COMMAND: GET /session/e57c885b60fd8cf462a4cfca6f098091/screenshot - {}
COMMAND: POST /session/e57c885b60fd8cf462a4cfca6f098091/element - {"using":"xpath","value":"//button[@data-kt=\"addButton\"]"}
RESULT: undefined
RESULT: undefined
RESULT: {}
RESULT: {"using":"xpath","value":"//button[@data-kt=\"addButton\"]"}
COMMAND: POST /session/e57c885b60fd8cf462a4cfca6f098091/elements - {"using":"xpath","value":"//button[@data-kt=\"addButton\"]"}
RESULT: {"using":"xpath","value":"//button[@data-kt=\"addButton\"]"}
COMMAND: POST /session/e57c885b60fd8cf462a4cfca6f098091/execute/sync - {"script":"<script> [8489 bytes]","args":[{"element-6066-11e4-a52e-4f735466cecf":"f.0BB93947CC1450395F5B257EF4D67E46.d.F0111C41AA7B29F4FFBFF8D86DC0C44E.e.12111","ELEMENT":"f.0BB93947CC1450395F5B257EF4D67E46.d.F0111C41AA7B29F4FFBFF8D86DC0C44E.e.12111"}]}
RESULT: {"script":"<script> [8489 bytes]","args":[{"element-6066-11e4-a52e-4f735466cecf":"f.0BB93947CC1450395F5B257EF4D67E46.d.F0111C41AA7B29F4FFBFF8D86DC0C44E.e.12111","ELEMENT":"f.0BB93947CC1450395F5B257EF4D67E46.d.F0111C41AA7B29F4FFBFF8D86DC0C44E.e.12111"}]}
COMMAND: GET /session/e57c885b60fd8cf462a4cfca6f098091/element/f.0BB93947CC1450395F5B257EF4D67E46.d.F0111C41AA7B29F4FFBFF8D86DC0C44E.e.12111/enabled - {}
COMMAND: GET /session/e57c885b60fd8cf462a4cfca6f098091/screenshot - {}
RESULT: {}
COMMAND: POST /session/e57c885b60fd8cf462a4cfca6f098091/execute/sync - {"script":"<script> [8489 bytes]","args":[{"element-6066-11e4-a52e-4f735466cecf":"f.0BB93947CC1450395F5B257EF4D67E46.d.F0111C41AA7B29F4FFBFF8D86DC0C44E.e.12111","ELEMENT":"f.0BB93947CC1450395F5B257EF4D67E46.d.F0111C41AA7B29F4FFBFF8D86DC0C44E.e.12111"}]}
COMMAND: GET /session/e57c885b60fd8cf462a4cfca6f098091/screenshot - {}
RESULT: {}
RESULT: {"script":"<script> [8489 bytes]","args":[{"element-6066-11e4-a52e-4f735466cecf":"f.0BB93947CC1450395F5B257EF4D67E46.d.F0111C41AA7B29F4FFBFF8D86DC0C44E.e.12111","ELEMENT":"f.0BB93947CC1450395F5B257EF4D67E46.d.F0111C41AA7B29F4FFBFF8D86DC0C44E.e.12111"}]}
COMMAND: POST /session/e57c885b60fd8cf462a4cfca6f098091/execute/sync - {"script":"<script> [5351 bytes]","args":[{"element-6066-11e4-a52e-4f735466cecf":"f.0BB93947CC1450395F5B257EF4D67E46.d.F0111C41AA7B29F4FFBFF8D86DC0C44E.e.12111","ELEMENT":"f.0BB93947CC1450395F5B257EF4D67E46.d.F0111C41AA7B29F4FFBFF8D86DC0C44E.e.12111"}]}
COMMAND: GET /session/e57c885b60fd8cf462a4cfca6f098091/screenshot - {}
RESULT: {}
RESULT: {"script":"<script> [5351 bytes]","args":[{"element-6066-11e4-a52e-4f735466cecf":"f.0BB93947CC1450395F5B257EF4D67E46.d.F0111C41AA7B29F4FFBFF8D86DC0C44E.e.12111","ELEMENT":"f.0BB93947CC1450395F5B257EF4D67E46.d.F0111C41AA7B29F4FFBFF8D86DC0C44E.e.12111"}]}
COMMAND: GET /session/e57c885b60fd8cf462a4cfca6f098091/screenshot - {}
RESULT: {}
RESULT: {}
COMMAND: POST /session/e57c885b60fd8cf462a4cfca6f098091/element/f.0BB93947CC1450395F5B257EF4D67E46.d.F0111C41AA7B29F4FFBFF8D86DC0C44E.e.12111/click - {}
RESULT: {}
COMMAND: GET /session/e57c885b60fd8cf462a4cfca6f098091/screenshot - {}
RESULT: {}
COMMAND: POST /session/e57c885b60fd8cf462a4cfca6f098091/execute/async - {"script":"<script> [1562 bytes]","args":[{"selector":{"id":"application-managecontracts-display-component---AddNewContract--projectDescription","interaction":{"idSuffix":"inner"}},"wdio_ui5_key":"applicationmanagecontracts-display-component---AddNewContract--projectDescription"}]}
RESULT: {"script":"<script> [1562 bytes]","args":[{"selector":{"id":"application-managecontracts-display-component---AddNewContract--projectDescription","interaction":{"idSuffix":"inner"}},"wdio_ui5_key":"applicationmanagecontracts-display-component---AddNewContract--projectDescription"}]}
RESULT: undefined
COMMAND: POST /session/e57c885b60fd8cf462a4cfca6f098091/execute/async - {"script":"<script> [776 bytes]","args":[{"enterText":"Mixed Contract WDIO","selector":{"id":"application-managecontracts-display-component---AddNewContract--projectDescription","interaction":{"idSuffix":"inner"}},"clearTextFirst":true,"interactionType":"ENTER_TEXT"}]}
RESULT: {"script":"<script> [776 bytes]","args":[{"enterText":"Mixed Contract WDIO","selector":{"id":"application-managecontracts-display-component---AddNewContract--projectDescription","interaction":{"idSuffix":"inner"}},"clearTextFirst":true,"interactionType":"ENTER_TEXT"}]}
COMMAND: POST /session/e57c885b60fd8cf462a4cfca6f098091/element - {"using":"xpath","value":"//input[@id=\"application-managecontracts-display-component---AddNewContract--site-inner\"]"}
RESULT: {"using":"xpath","value":"//input[@id=\"application-managecontracts-display-component---AddNewContract--site-inner\"]"}
COMMAND: POST /session/e57c885b60fd8cf462a4cfca6f098091/element/f.0BB93947CC1450395F5B257EF4D67E46.d.F0111C41AA7B29F4FFBFF8D86DC0C44E.e.12437/clear - {}
RESULT: {}
COMMAND: POST /session/e57c885b60fd8cf462a4cfca6f098091/element/f.0BB93947CC1450395F5B257EF4D67E46.d.F0111C41AA7B29F4FFBFF8D86DC0C44E.e.12437/value - {"text":"2602"}
COMMAND: GET /session/e57c885b60fd8cf462a4cfca6f098091/screenshot - {}
RESULT: {"text":"2602"}
COMMAND: GET /session/e57c885b60fd8cf462a4cfca6f098091/screenshot - {}
RESULT: {}
RESULT: {}
COMMAND: POST /session/e57c885b60fd8cf462a4cfca6f098091/element - {"using":"xpath","value":"//li[.//span[text()='2602']]"}
RESULT: {"using":"xpath","value":"//li[.//span[text()='2602']]"}
COMMAND: POST /session/e57c885b60fd8cf462a4cfca6f098091/element/f.0BB93947CC1450395F5B257EF4D67E46.d.F0111C41AA7B29F4FFBFF8D86DC0C44E.e.12460/click - {}
RESULT: {}
COMMAND: GET /session/e57c885b60fd8cf462a4cfca6f098091/screenshot - {}
RESULT: {}
COMMAND: POST /session/e57c885b60fd8cf462a4cfca6f098091/element - {"using":"xpath","value":"//input[@id=\"application-managecontracts-display-component---AddNewContract--yardId-inner\"]"}
RESULT: {"using":"xpath","value":"//input[@id=\"application-managecontracts-display-component---AddNewContract--yardId-inner\"]"}
COMMAND: GET /session/e57c885b60fd8cf462a4cfca6f098091/element/f.0BB93947CC1450395F5B257EF4D67E46.d.F0111C41AA7B29F4FFBFF8D86DC0C44E.e.12438/property/value - {}
RESULT: {}
COMMAND: POST /session/e57c885b60fd8cf462a4cfca6f098091/element - {"using":"xpath","value":"//input[@id=\"application-managecontracts-display-component---AddNewContract--customerSelect-inner\"]"}
COMMAND: GET /session/e57c885b60fd8cf462a4cfca6f098091/screenshot - {}
RESULT: {"using":"xpath","value":"//input[@id=\"application-managecontracts-display-component---AddNewContract--customerSelect-inner\"]"}
COMMAND: POST /session/e57c885b60fd8cf462a4cfca6f098091/element/f.0BB93947CC1450395F5B257EF4D67E46.d.F0111C41AA7B29F4FFBFF8D86DC0C44E.e.12436/clear - {}
RESULT: {}
RESULT: {}
COMMAND: POST /session/e57c885b60fd8cf462a4cfca6f098091/element/f.0BB93947CC1450395F5B257EF4D67E46.d.F0111C41AA7B29F4FFBFF8D86DC0C44E.e.12436/value - {"text":"1643"}
COMMAND: GET /session/e57c885b60fd8cf462a4cfca6f098091/screenshot - {}
RESULT: {"text":"1643"}
COMMAND: GET /session/e57c885b60fd8cf462a4cfca6f098091/screenshot - {}
RESULT: {}
RESULT: {}
COMMAND: POST /session/e57c885b60fd8cf462a4cfca6f098091/element - {"using":"xpath","value":"//li[.//span[text()='1643']]"}
RESULT: {"using":"xpath","value":"//li[.//span[text()='1643']]"}
COMMAND: POST /session/e57c885b60fd8cf462a4cfca6f098091/element/f.0BB93947CC1450395F5B257EF4D67E46.d.F0111C41AA7B29F4FFBFF8D86DC0C44E.e.12463/click - {}
RESULT: {}
COMMAND: GET /session/e57c885b60fd8cf462a4cfca6f098091/screenshot - {}
RESULT: {}
COMMAND: POST /session/e57c885b60fd8cf462a4cfca6f098091/element - {"using":"xpath","value":"//button[@data-kt=\"saveButton\"]"}
RESULT: {"using":"xpath","value":"//button[@data-kt=\"saveButton\"]"}
COMMAND: POST /session/e57c885b60fd8cf462a4cfca6f098091/element/f.0BB93947CC1450395F5B257EF4D67E46.d.F0111C41AA7B29F4FFBFF8D86DC0C44E.e.12451/click - {}
RESULT: {}
COMMAND: GET /session/e57c885b60fd8cf462a4cfca6f098091/screenshot - {}
RESULT: {}
COMMAND: POST /session/e57c885b60fd8cf462a4cfca6f098091/element - {"using":"xpath","value":"//span[contains(@id ,\"contractDetailTitleNoExpanded\")]"}
RESULT: {"using":"xpath","value":"//span[contains(@id ,\"contractDetailTitleNoExpanded\")]"}
COMMAND: POST /session/e57c885b60fd8cf462a4cfca6f098091/elements - {"using":"xpath","value":"//span[contains(@id ,\"contractDetailTitleNoExpanded\")]"}
RESULT: {"using":"xpath","value":"//span[contains(@id ,\"contractDetailTitleNoExpanded\")]"}
COMMAND: POST /session/e57c885b60fd8cf462a4cfca6f098091/execute/sync - {"script":"<script> [56 bytes]","args":[{"element-6066-11e4-a52e-4f735466cecf":"f.0BB93947CC1450395F5B257EF4D67E46.d.F0111C41AA7B29F4FFBFF8D86DC0C44E.e.12477","ELEMENT":"f.0BB93947CC1450395F5B257EF4D67E46.d.F0111C41AA7B29F4FFBFF8D86DC0C44E.e.12477"}]}
RESULT: {"script":"<script> [56 bytes]","args":[{"element-6066-11e4-a52e-4f735466cecf":"f.0BB93947CC1450395F5B257EF4D67E46.d.F0111C41AA7B29F4FFBFF8D86DC0C44E.e.12477","ELEMENT":"f.0BB93947CC1450395F5B257EF4D67E46.d.F0111C41AA7B29F4FFBFF8D86DC0C44E.e.12477"}]}
COMMAND: GET /session/e57c885b60fd8cf462a4cfca6f098091/screenshot - {}
RESULT: {}
]]></system-out>
    </testcase>
    <testcase classname="chrome.135_0_7049_96.windows.Create_master_data_for_mixed_billing_&amp;_do_billing_calculation_US151661" name="Should add equipment to the contract" time="46.345">
      <system-out><![CDATA[
COMMAND: POST /session/e57c885b60fd8cf462a4cfca6f098091/element - {"using":"xpath","value":"//button[@data-kt=\"contractDetailEditBtnButton\"]"}
RESULT: {"using":"xpath","value":"//button[@data-kt=\"contractDetailEditBtnButton\"]"}
COMMAND: POST /session/e57c885b60fd8cf462a4cfca6f098091/element/f.0BB93947CC1450395F5B257EF4D67E46.d.F0111C41AA7B29F4FFBFF8D86DC0C44E.e.12479/click - {}
RESULT: {}
COMMAND: GET /session/e57c885b60fd8cf462a4cfca6f098091/screenshot - {}
RESULT: {}
COMMAND: POST /session/e57c885b60fd8cf462a4cfca6f098091/element - {"using":"xpath","value":"(//span[contains(text(), \"Additional Addresses\")])[2]"}
RESULT: {"using":"xpath","value":"(//span[contains(text(), \"Additional Addresses\")])[2]"}
COMMAND: POST /session/e57c885b60fd8cf462a4cfca6f098091/element/f.0BB93947CC1450395F5B257EF4D67E46.d.F0111C41AA7B29F4FFBFF8D86DC0C44E.e.12534/click - {}
RESULT: {}
COMMAND: GET /session/e57c885b60fd8cf462a4cfca6f098091/screenshot - {}
RESULT: {}
COMMAND: POST /session/e57c885b60fd8cf462a4cfca6f098091/element - {"using":"xpath","value":"//button[@data-kt=\"btnAddTableRowOverflowToolbarButton\"]"}
RESULT: {"using":"xpath","value":"//button[@data-kt=\"btnAddTableRowOverflowToolbarButton\"]"}
COMMAND: POST /session/e57c885b60fd8cf462a4cfca6f098091/element/f.0BB93947CC1450395F5B257EF4D67E46.d.F0111C41AA7B29F4FFBFF8D86DC0C44E.e.12538/click - {}
RESULT: {}
COMMAND: GET /session/e57c885b60fd8cf462a4cfca6f098091/screenshot - {}
RESULT: {}
COMMAND: POST /session/e57c885b60fd8cf462a4cfca6f098091/element - {"using":"xpath","value":"//div[(text() = 'Standard Entry' or . = 'Standard Entry')]"}
RESULT: {"using":"xpath","value":"//div[(text() = 'Standard Entry' or . = 'Standard Entry')]"}
COMMAND: POST /session/e57c885b60fd8cf462a4cfca6f098091/element/f.0BB93947CC1450395F5B257EF4D67E46.d.F0111C41AA7B29F4FFBFF8D86DC0C44E.e.12540/click - {}
RESULT: {}
COMMAND: GET /session/e57c885b60fd8cf462a4cfca6f098091/screenshot - {}
RESULT: {}
COMMAND: POST /session/e57c885b60fd8cf462a4cfca6f098091/element - {"using":"xpath","value":"//td[7]/div/div/input"}
RESULT: {"using":"xpath","value":"//td[7]/div/div/input"}
COMMAND: POST /session/e57c885b60fd8cf462a4cfca6f098091/element/f.0BB93947CC1450395F5B257EF4D67E46.d.F0111C41AA7B29F4FFBFF8D86DC0C44E.e.12549/clear - {}
RESULT: {}
COMMAND: POST /session/e57c885b60fd8cf462a4cfca6f098091/element/f.0BB93947CC1450395F5B257EF4D67E46.d.F0111C41AA7B29F4FFBFF8D86DC0C44E.e.12549/value - {"text":"FjjbIJ86Fp"}
COMMAND: GET /session/e57c885b60fd8cf462a4cfca6f098091/screenshot - {}
RESULT: {"text":"FjjbIJ86Fp"}
COMMAND: GET /session/e57c885b60fd8cf462a4cfca6f098091/screenshot - {}
RESULT: {}
RESULT: {}
COMMAND: POST /session/e57c885b60fd8cf462a4cfca6f098091/actions - {"actions":[{"id":"action43","type":"key","parameters":{},"actions":[{"type":"keyDown","value":"î€‡"},{"type":"pause","duration":10},{"type":"keyUp","value":"î€‡"}]}]}
RESULT: {"actions":[{"id":"action43","type":"key","parameters":{},"actions":[{"type":"keyDown","value":"î€‡"},{"type":"pause","duration":10},{"type":"keyUp","value":"î€‡"}]}]}
COMMAND: GET /session/e57c885b60fd8cf462a4cfca6f098091/screenshot - {}
RESULT: {}
COMMAND: POST /session/e57c885b60fd8cf462a4cfca6f098091/element - {"using":"xpath","value":"(//button[@data-kt=\"saveButton\"])[2]"}
RESULT: {"using":"xpath","value":"(//button[@data-kt=\"saveButton\"])[2]"}
COMMAND: POST /session/e57c885b60fd8cf462a4cfca6f098091/element/f.0BB93947CC1450395F5B257EF4D67E46.d.F0111C41AA7B29F4FFBFF8D86DC0C44E.e.12563/click - {}
RESULT: {}
COMMAND: GET /session/e57c885b60fd8cf462a4cfca6f098091/screenshot - {}
RESULT: {}
COMMAND: POST /session/e57c885b60fd8cf462a4cfca6f098091/element - {"using":"xpath","value":"//span[contains(@id ,\"contractItemsSmartTable-header-inner\")]"}
RESULT: {"using":"xpath","value":"//span[contains(@id ,\"contractItemsSmartTable-header-inner\")]"}
COMMAND: POST /session/e57c885b60fd8cf462a4cfca6f098091/elements - {"using":"xpath","value":"//span[contains(@id ,\"contractItemsSmartTable-header-inner\")]"}
RESULT: {"using":"xpath","value":"//span[contains(@id ,\"contractItemsSmartTable-header-inner\")]"}
COMMAND: POST /session/e57c885b60fd8cf462a4cfca6f098091/execute/sync - {"script":"<script> [56 bytes]","args":[{"element-6066-11e4-a52e-4f735466cecf":"f.0BB93947CC1450395F5B257EF4D67E46.d.F0111C41AA7B29F4FFBFF8D86DC0C44E.e.12569","ELEMENT":"f.0BB93947CC1450395F5B257EF4D67E46.d.F0111C41AA7B29F4FFBFF8D86DC0C44E.e.12569"}]}
RESULT: {"script":"<script> [56 bytes]","args":[{"element-6066-11e4-a52e-4f735466cecf":"f.0BB93947CC1450395F5B257EF4D67E46.d.F0111C41AA7B29F4FFBFF8D86DC0C44E.e.12569","ELEMENT":"f.0BB93947CC1450395F5B257EF4D67E46.d.F0111C41AA7B29F4FFBFF8D86DC0C44E.e.12569"}]}
]]></system-out>
    </testcase>
    <testcase classname="chrome.135_0_7049_96.windows.Create_master_data_for_mixed_billing_&amp;_do_billing_calculation_US151661" name="Should do a provide to site handover" time="67.474">
      <system-out><![CDATA[
COMMAND: POST /session/e57c885b60fd8cf462a4cfca6f098091/element - {"using":"xpath","value":"//button[@data-kt=\"provideButton\"]"}
COMMAND: GET /session/e57c885b60fd8cf462a4cfca6f098091/screenshot - {}
RESULT: {"using":"xpath","value":"//button[@data-kt=\"provideButton\"]"}
COMMAND: POST /session/e57c885b60fd8cf462a4cfca6f098091/element/f.0BB93947CC1450395F5B257EF4D67E46.d.F0111C41AA7B29F4FFBFF8D86DC0C44E.e.12570/click - {}
RESULT: {}
RESULT: {}
COMMAND: GET /session/e57c885b60fd8cf462a4cfca6f098091/screenshot - {}
RESULT: undefined
COMMAND: POST /session/e57c885b60fd8cf462a4cfca6f098091/execute/async - {"script":"<script> [6424 bytes]","args":[{"element-6066-11e4-a52e-4f735466cecf":"f.0BB93947CC1450395F5B257EF4D67E46.d.F0111C41AA7B29F4FFBFF8D86DC0C44E.e.11548"},"setValue",["04/24/2025"]]}
RESULT: {}
COMMAND: POST /session/e57c885b60fd8cf462a4cfca6f098091/execute/async - {"script":"<script> [1562 bytes]","args":[{"selector":{"id":"application-managehandovers-display-component---AddNewHO--dueDate","interaction":{"idSuffix":"inner"}},"wdio_ui5_key":"applicationmanagehandovers-display-component---AddNewHO--dueDate"}]}
RESULT: {"script":"<script> [1562 bytes]","args":[{"selector":{"id":"application-managehandovers-display-component---AddNewHO--dueDate","interaction":{"idSuffix":"inner"}},"wdio_ui5_key":"applicationmanagehandovers-display-component---AddNewHO--dueDate"}]}
COMMAND: POST /session/e57c885b60fd8cf462a4cfca6f098091/execute/async - {"script":"<script> [6424 bytes]","args":[{"element-6066-11e4-a52e-4f735466cecf":"f.0BB93947CC1450395F5B257EF4D67E46.d.F0111C41AA7B29F4FFBFF8D86DC0C44E.e.12625"},"setValue",["04/24/2025"]]}
RESULT: {"script":"<script> [6424 bytes]","args":[{"element-6066-11e4-a52e-4f735466cecf":"f.0BB93947CC1450395F5B257EF4D67E46.d.F0111C41AA7B29F4FFBFF8D86DC0C44E.e.12625"},"setValue",["04/24/2025"]]}
COMMAND: POST /session/e57c885b60fd8cf462a4cfca6f098091/element - {"using":"xpath","value":"//bdi[contains(text(), \"Instructions\")]"}
RESULT: {"using":"xpath","value":"//bdi[contains(text(), \"Instructions\")]"}
COMMAND: POST /session/e57c885b60fd8cf462a4cfca6f098091/element/f.0BB93947CC1450395F5B257EF4D67E46.d.F0111C41AA7B29F4FFBFF8D86DC0C44E.e.12742/click - {}
RESULT: {}
COMMAND: GET /session/e57c885b60fd8cf462a4cfca6f098091/screenshot - {}
RESULT: {}
COMMAND: POST /session/e57c885b60fd8cf462a4cfca6f098091/element - {"using":"xpath","value":"//button[@data-kt=\"AddNewHOProvideAddItemsButton\"]"}
RESULT: {"using":"xpath","value":"//button[@data-kt=\"AddNewHOProvideAddItemsButton\"]"}
COMMAND: POST /session/e57c885b60fd8cf462a4cfca6f098091/element/f.0BB93947CC1450395F5B257EF4D67E46.d.F0111C41AA7B29F4FFBFF8D86DC0C44E.e.12746/click - {}
RESULT: {}
COMMAND: GET /session/e57c885b60fd8cf462a4cfca6f098091/screenshot - {}
RESULT: {}
RESULT: undefined
COMMAND: POST /session/e57c885b60fd8cf462a4cfca6f098091/element - {"using":"xpath","value":"//*[@id=\"application-managehandovers-display-component---AddNewHO--popup-sa\"]"}
RESULT: {"using":"xpath","value":"//*[@id=\"application-managehandovers-display-component---AddNewHO--popup-sa\"]"}
COMMAND: POST /session/e57c885b60fd8cf462a4cfca6f098091/element/f.0BB93947CC1450395F5B257EF4D67E46.d.F0111C41AA7B29F4FFBFF8D86DC0C44E.e.12762/click - {}
RESULT: {}
COMMAND: GET /session/e57c885b60fd8cf462a4cfca6f098091/screenshot - {}
RESULT: {}
COMMAND: POST /session/e57c885b60fd8cf462a4cfca6f098091/element - {"using":"xpath","value":"//*[contains(@id ,\"BDI-content\")][contains(text(), \"Select\")]"}
RESULT: {"using":"xpath","value":"//*[contains(@id ,\"BDI-content\")][contains(text(), \"Select\")]"}
COMMAND: POST /session/e57c885b60fd8cf462a4cfca6f098091/element/f.0BB93947CC1450395F5B257EF4D67E46.d.F0111C41AA7B29F4FFBFF8D86DC0C44E.e.12763/click - {}
RESULT: {}
COMMAND: GET /session/e57c885b60fd8cf462a4cfca6f098091/screenshot - {}
RESULT: {}
COMMAND: POST /session/e57c885b60fd8cf462a4cfca6f098091/execute/async - {"script":"<script> [1562 bytes]","args":[{"selector":{"id":"application-managehandovers-display-component---AddNewHO--confirmCreationButton","interaction":{"idSuffix":"BDI-content"}},"wdio_ui5_key":"applicationmanagehandovers-display-component---AddNewHO--confirmCreationButton"}]}
RESULT: {"script":"<script> [1562 bytes]","args":[{"selector":{"id":"application-managehandovers-display-component---AddNewHO--confirmCreationButton","interaction":{"idSuffix":"BDI-content"}},"wdio_ui5_key":"applicationmanagehandovers-display-component---AddNewHO--confirmCreationButton"}]}
RESULT: undefined
COMMAND: POST /session/e57c885b60fd8cf462a4cfca6f098091/element - {"using":"xpath","value":"//*[@id=\"application-managehandovers-display-component---AddNewHO--confirmCreationButton\"]"}
RESULT: {"using":"xpath","value":"//*[@id=\"application-managehandovers-display-component---AddNewHO--confirmCreationButton\"]"}
COMMAND: POST /session/e57c885b60fd8cf462a4cfca6f098091/element/f.0BB93947CC1450395F5B257EF4D67E46.d.F0111C41AA7B29F4FFBFF8D86DC0C44E.e.12692/click - {}
RESULT: {}
COMMAND: GET /session/e57c885b60fd8cf462a4cfca6f098091/screenshot - {}
RESULT: {}
COMMAND: POST /session/e57c885b60fd8cf462a4cfca6f098091/element - {"using":"xpath","value":"//button[@data-kt=\"PickingTableConfirmAllButton\"]"}
RESULT: {"using":"xpath","value":"//button[@data-kt=\"PickingTableConfirmAllButton\"]"}
COMMAND: POST /session/e57c885b60fd8cf462a4cfca6f098091/elements - {"using":"xpath","value":"//button[@data-kt=\"PickingTableConfirmAllButton\"]"}
RESULT: {"using":"xpath","value":"//button[@data-kt=\"PickingTableConfirmAllButton\"]"}
COMMAND: POST /session/e57c885b60fd8cf462a4cfca6f098091/elements - {"using":"xpath","value":"//button[@data-kt=\"PickingTableConfirmAllButton\"]"}
RESULT: {"using":"xpath","value":"//button[@data-kt=\"PickingTableConfirmAllButton\"]"}
COMMAND: POST /session/e57c885b60fd8cf462a4cfca6f098091/elements - {"using":"xpath","value":"//button[@data-kt=\"PickingTableConfirmAllButton\"]"}
RESULT: {"using":"xpath","value":"//button[@data-kt=\"PickingTableConfirmAllButton\"]"}
COMMAND: POST /session/e57c885b60fd8cf462a4cfca6f098091/element - {"using":"xpath","value":"//button[@data-kt=\"PickingTableConfirmAllButton\"]"}
RESULT: {"using":"xpath","value":"//button[@data-kt=\"PickingTableConfirmAllButton\"]"}
COMMAND: POST /session/e57c885b60fd8cf462a4cfca6f098091/element/f.0BB93947CC1450395F5B257EF4D67E46.d.F0111C41AA7B29F4FFBFF8D86DC0C44E.e.12802/click - {}
COMMAND: POST /session/e57c885b60fd8cf462a4cfca6f098091/element - {"using":"xpath","value":"//button[@data-kt=\"PickingTableConfirmAllButton\"]"}
RESULT: {"using":"xpath","value":"//button[@data-kt=\"PickingTableConfirmAllButton\"]"}
COMMAND: POST /session/e57c885b60fd8cf462a4cfca6f098091/element/f.0BB93947CC1450395F5B257EF4D67E46.d.F0111C41AA7B29F4FFBFF8D86DC0C44E.e.12802/click - {}
COMMAND: POST /session/e57c885b60fd8cf462a4cfca6f098091/element - {"using":"xpath","value":"//button[@data-kt=\"PickingTableConfirmAllButton\"]"}
RESULT: {"using":"xpath","value":"//button[@data-kt=\"PickingTableConfirmAllButton\"]"}
COMMAND: POST /session/e57c885b60fd8cf462a4cfca6f098091/element/f.0BB93947CC1450395F5B257EF4D67E46.d.F0111C41AA7B29F4FFBFF8D86DC0C44E.e.12824/click - {}
RESULT: {}
COMMAND: GET /session/e57c885b60fd8cf462a4cfca6f098091/screenshot - {}
RESULT: {}
COMMAND: POST /session/e57c885b60fd8cf462a4cfca6f098091/element - {"using":"xpath","value":"//bdi[contains(text(), \"OK\")]"}
RESULT: {"using":"xpath","value":"//bdi[contains(text(), \"OK\")]"}
COMMAND: POST /session/e57c885b60fd8cf462a4cfca6f098091/element/f.0BB93947CC1450395F5B257EF4D67E46.d.F0111C41AA7B29F4FFBFF8D86DC0C44E.e.12828/click - {}
RESULT: {}
COMMAND: GET /session/e57c885b60fd8cf462a4cfca6f098091/screenshot - {}
RESULT: {}
COMMAND: POST /session/e57c885b60fd8cf462a4cfca6f098091/element - {"using":"xpath","value":"//bdi[contains(text(), \"Ok\")]"}
RESULT: {"using":"xpath","value":"//bdi[contains(text(), \"Ok\")]"}
COMMAND: POST /session/e57c885b60fd8cf462a4cfca6f098091/element/f.0BB93947CC1450395F5B257EF4D67E46.d.F0111C41AA7B29F4FFBFF8D86DC0C44E.e.12837/click - {}
RESULT: {}
COMMAND: GET /session/e57c885b60fd8cf462a4cfca6f098091/screenshot - {}
RESULT: {}
COMMAND: POST /session/e57c885b60fd8cf462a4cfca6f098091/element - {"using":"xpath","value":"//bdi[contains(text(), \"Issue\")]"}
RESULT: {"using":"xpath","value":"//bdi[contains(text(), \"Issue\")]"}
COMMAND: POST /session/e57c885b60fd8cf462a4cfca6f098091/element/f.0BB93947CC1450395F5B257EF4D67E46.d.F0111C41AA7B29F4FFBFF8D86DC0C44E.e.12839/click - {}
RESULT: {}
COMMAND: GET /session/e57c885b60fd8cf462a4cfca6f098091/screenshot - {}
RESULT: {}
COMMAND: POST /session/e57c885b60fd8cf462a4cfca6f098091/element - {"using":"css selector","value":"#shell-header-logo"}
RESULT: {"using":"css selector","value":"#shell-header-logo"}
COMMAND: POST /session/e57c885b60fd8cf462a4cfca6f098091/element/f.0BB93947CC1450395F5B257EF4D67E46.d.F0111C41AA7B29F4FFBFF8D86DC0C44E.e.12042/click - {}
RESULT: {}
COMMAND: GET /session/e57c885b60fd8cf462a4cfca6f098091/screenshot - {}
RESULT: {}
]]></system-out>
    </testcase>
    <testcase classname="chrome.135_0_7049_96.windows.Create_master_data_for_mixed_billing_&amp;_do_billing_calculation_US151661" name="Should create a few performance documents" time="104.105">
      <system-out><![CDATA[
COMMAND: POST /session/e57c885b60fd8cf462a4cfca6f098091/window/fullscreen - {}
RESULT: {}
COMMAND: POST /session/e57c885b60fd8cf462a4cfca6f098091/execute/async - {"script":"<script> [1562 bytes]","args":[{"selector":{"controlType":"sap.m.GenericTile","properties":{"header":"Manage States & Performance"}},"wdio_ui5_key":"sapm.GenericTile{\"header\":\"Manage States & Performance\"}"}]}
RESULT: {"script":"<script> [1562 bytes]","args":[{"selector":{"controlType":"sap.m.GenericTile","properties":{"header":"Manage States & Performance"}},"wdio_ui5_key":"sapm.GenericTile{\"header\":\"Manage States & Performance\"}"}]}
RESULT: undefined
COMMAND: POST /session/e57c885b60fd8cf462a4cfca6f098091/element - {"using":"xpath","value":"//*[@id=\"__tile96\"]"}
RESULT: {"using":"xpath","value":"//*[@id=\"__tile96\"]"}
COMMAND: POST /session/e57c885b60fd8cf462a4cfca6f098091/element/f.0BB93947CC1450395F5B257EF4D67E46.d.F0111C41AA7B29F4FFBFF8D86DC0C44E.e.8620/click - {}
RESULT: {}
COMMAND: POST /session/e57c885b60fd8cf462a4cfca6f098091/execute/async - {"script":"<script> [1562 bytes]","args":[{"selector":{"id":"application-managestatesandperformance-display-component---stateAndPerform--smartFilterBarResources-btnBasicSearch","interaction":{"idSuffix":"I"}},"wdio_ui5_key":"applicationmanagestatesandperformance-display-component---stateAndPerform--smartFilterBarResources-btnBasicSearch"}]}
COMMAND: GET /session/e57c885b60fd8cf462a4cfca6f098091/screenshot - {}
RESULT: {"script":"<script> [1562 bytes]","args":[{"selector":{"id":"application-managestatesandperformance-display-component---stateAndPerform--smartFilterBarResources-btnBasicSearch","interaction":{"idSuffix":"I"}},"wdio_ui5_key":"applicationmanagestatesandperformance-display-component---stateAndPerform--smartFilterBarResources-btnBasicSearch"}]}
RESULT: undefined
COMMAND: POST /session/e57c885b60fd8cf462a4cfca6f098091/execute/async - {"script":"<script> [776 bytes]","args":[{"enterText":"FjjbIJ86Fp","selector":{"id":"application-managestatesandperformance-display-component---stateAndPerform--smartFilterBarResources-btnBasicSearch","interaction":{"idSuffix":"I"}},"clearTextFirst":true,"interactionType":"ENTER_TEXT"}]}
RESULT: {}
RESULT: {"script":"<script> [776 bytes]","args":[{"enterText":"FjjbIJ86Fp","selector":{"id":"application-managestatesandperformance-display-component---stateAndPerform--smartFilterBarResources-btnBasicSearch","interaction":{"idSuffix":"I"}},"clearTextFirst":true,"interactionType":"ENTER_TEXT"}]}
COMMAND: POST /session/e57c885b60fd8cf462a4cfca6f098091/actions - {"actions":[{"id":"action44","type":"key","parameters":{},"actions":[{"type":"keyDown","value":"î€‡"},{"type":"pause","duration":10},{"type":"keyUp","value":"î€‡"}]}]}
RESULT: {"actions":[{"id":"action44","type":"key","parameters":{},"actions":[{"type":"keyDown","value":"î€‡"},{"type":"pause","duration":10},{"type":"keyUp","value":"î€‡"}]}]}
COMMAND: GET /session/e57c885b60fd8cf462a4cfca6f098091/screenshot - {}
RESULT: {}
COMMAND: POST /session/e57c885b60fd8cf462a4cfca6f098091/execute/async - {"script":"<script> [1562 bytes]","args":[{"selector":{"id":"application-managestatesandperformance-display-component---stateAndPerform--stateAndPerformResourcesSmartTable-header"},"wdio_ui5_key":"applicationmanagestatesandperformance-display-component---stateAndPerform--stateAndPerformResourcesSmartTable-header"}]}
RESULT: {"script":"<script> [1562 bytes]","args":[{"selector":{"id":"application-managestatesandperformance-display-component---stateAndPerform--stateAndPerformResourcesSmartTable-header"},"wdio_ui5_key":"applicationmanagestatesandperformance-display-component---stateAndPerform--stateAndPerformResourcesSmartTable-header"}]}
RESULT: undefined
COMMAND: POST /session/e57c885b60fd8cf462a4cfca6f098091/execute/async - {"script":"<script> [6424 bytes]","args":[{"element-6066-11e4-a52e-4f735466cecf":"f.0BB93947CC1450395F5B257EF4D67E46.d.F0111C41AA7B29F4FFBFF8D86DC0C44E.e.13117"},"getText",[]]}
RESULT: {"script":"<script> [6424 bytes]","args":[{"element-6066-11e4-a52e-4f735466cecf":"f.0BB93947CC1450395F5B257EF4D67E46.d.F0111C41AA7B29F4FFBFF8D86DC0C44E.e.13117"},"getText",[]]}
COMMAND: POST /session/e57c885b60fd8cf462a4cfca6f098091/execute/async - {"script":"<script> [1562 bytes]","args":[{"selector":{"controlType":"sap.ui.core.Icon","viewName":"etm.portal.ui.managestatesandperformance.view.Master","viewId":"application-managestatesandperformance-display-component---stateAndPerform","properties":{"src":{"regex":{"source":"slim\\-arrow\\-right"}}}},"wdio_ui5_key":"etmportal.ui.managestatesandperformance.view.Mastersap.ui.core.Icon{\"src\":{\"regex\":{\"source\":\"slim\\\\-arrow\\\\-right\"}}}"}]}
RESULT: {"script":"<script> [1562 bytes]","args":[{"selector":{"controlType":"sap.ui.core.Icon","viewName":"etm.portal.ui.managestatesandperformance.view.Master","viewId":"application-managestatesandperformance-display-component---stateAndPerform","properties":{"src":{"regex":{"source":"slim\\-arrow\\-right"}}}},"wdio_ui5_key":"etmportal.ui.managestatesandperformance.view.Mastersap.ui.core.Icon{\"src\":{\"regex\":{\"source\":\"slim\\\\-arrow\\\\-right\"}}}"}]}
RESULT: undefined
COMMAND: POST /session/e57c885b60fd8cf462a4cfca6f098091/element - {"using":"xpath","value":"//*[@id=\"__item4206-__clone12133-imgNav\"]"}
RESULT: {"using":"xpath","value":"//*[@id=\"__item4206-__clone12133-imgNav\"]"}
COMMAND: POST /session/e57c885b60fd8cf462a4cfca6f098091/element/f.0BB93947CC1450395F5B257EF4D67E46.d.F0111C41AA7B29F4FFBFF8D86DC0C44E.e.13116/click - {}
RESULT: {}
COMMAND: GET /session/e57c885b60fd8cf462a4cfca6f098091/screenshot - {}
RESULT: {}
COMMAND: POST /session/e57c885b60fd8cf462a4cfca6f098091/execute/async - {"script":"<script> [1562 bytes]","args":[{"selector":{"controlType":"sap.m.Button","viewName":"etm.portal.ui.managestatesandperformance.view.Detail","viewId":"application-managestatesandperformance-display-component---detailStateAndPerform","properties":{"text":"Performance Documents"}},"wdio_ui5_key":"etmportal.ui.managestatesandperformance.view.Detailsap.m.Button{\"text\":\"Performance Documents\"}"}]}
RESULT: {"script":"<script> [1562 bytes]","args":[{"selector":{"controlType":"sap.m.Button","viewName":"etm.portal.ui.managestatesandperformance.view.Detail","viewId":"application-managestatesandperformance-display-component---detailStateAndPerform","properties":{"text":"Performance Documents"}},"wdio_ui5_key":"etmportal.ui.managestatesandperformance.view.Detailsap.m.Button{\"text\":\"Performance Documents\"}"}]}
RESULT: undefined
COMMAND: POST /session/e57c885b60fd8cf462a4cfca6f098091/element - {"using":"xpath","value":"//*[@id=\"__item4229-button\"]"}
RESULT: {"using":"xpath","value":"//*[@id=\"__item4229-button\"]"}
COMMAND: POST /session/e57c885b60fd8cf462a4cfca6f098091/element/f.0BB93947CC1450395F5B257EF4D67E46.d.F0111C41AA7B29F4FFBFF8D86DC0C44E.e.13163/click - {}
RESULT: {}
COMMAND: POST /session/e57c885b60fd8cf462a4cfca6f098091/execute/async - {"script":"<script> [1562 bytes]","args":[{"selector":{"controlType":"sap.m.Button","viewName":"etm.portal.ui.managestatesandperformance.view.Detail","viewId":"application-managestatesandperformance-display-component---detailStateAndPerform","i18NText":{"propertyName":"text","key":"createPerformanceDoc"},"interaction":{"idSuffix":"BDI-content"}},"wdio_ui5_key":"etmportal.ui.managestatesandperformance.view.Detailsap.m.Button{\"propertyName\":\"text\",\"key\":\"createPerformanceDoc\"}"}]}
COMMAND: GET /session/e57c885b60fd8cf462a4cfca6f098091/screenshot - {}
RESULT: {"script":"<script> [1562 bytes]","args":[{"selector":{"controlType":"sap.m.Button","viewName":"etm.portal.ui.managestatesandperformance.view.Detail","viewId":"application-managestatesandperformance-display-component---detailStateAndPerform","i18NText":{"propertyName":"text","key":"createPerformanceDoc"},"interaction":{"idSuffix":"BDI-content"}},"wdio_ui5_key":"etmportal.ui.managestatesandperformance.view.Detailsap.m.Button{\"propertyName\":\"text\",\"key\":\"createPerformanceDoc\"}"}]}
RESULT: undefined
COMMAND: POST /session/e57c885b60fd8cf462a4cfca6f098091/element - {"using":"xpath","value":"//*[@id=\"__button358\"]"}
RESULT: {}
RESULT: {"using":"xpath","value":"//*[@id=\"__button358\"]"}
COMMAND: POST /session/e57c885b60fd8cf462a4cfca6f098091/element/f.0BB93947CC1450395F5B257EF4D67E46.d.F0111C41AA7B29F4FFBFF8D86DC0C44E.e.13168/click - {}
RESULT: {}
COMMAND: POST /session/e57c885b60fd8cf462a4cfca6f098091/execute/async - {"script":"<script> [1562 bytes]","args":[{"selector":{"id":"application-managestatesandperformance-display-component---detailStateAndPerform--perfDocDatePicker","searchOpenDialogs":true,"interaction":{"idSuffix":"inner"}},"wdio_ui5_key":"applicationmanagestatesandperformance-display-component---detailStateAndPerform--perfDocDatePicker"}]}
COMMAND: GET /session/e57c885b60fd8cf462a4cfca6f098091/screenshot - {}
RESULT: {"script":"<script> [1562 bytes]","args":[{"selector":{"id":"application-managestatesandperformance-display-component---detailStateAndPerform--perfDocDatePicker","searchOpenDialogs":true,"interaction":{"idSuffix":"inner"}},"wdio_ui5_key":"applicationmanagestatesandperformance-display-component---detailStateAndPerform--perfDocDatePicker"}]}
RESULT: undefined
COMMAND: POST /session/e57c885b60fd8cf462a4cfca6f098091/execute/async - {"script":"<script> [776 bytes]","args":[{"enterText":"04/26/25","selector":{"id":"application-managestatesandperformance-display-component---detailStateAndPerform--perfDocDatePicker","searchOpenDialogs":true,"interaction":{"idSuffix":"inner"}},"clearTextFirst":true,"interactionType":"ENTER_TEXT"}]}
RESULT: {}
RESULT: {"script":"<script> [776 bytes]","args":[{"enterText":"04/26/25","selector":{"id":"application-managestatesandperformance-display-component---detailStateAndPerform--perfDocDatePicker","searchOpenDialogs":true,"interaction":{"idSuffix":"inner"}},"clearTextFirst":true,"interactionType":"ENTER_TEXT"}]}
COMMAND: POST /session/e57c885b60fd8cf462a4cfca6f098091/execute/async - {"script":"<script> [1562 bytes]","args":[{"selector":{"id":"application-managestatesandperformance-display-component---detailStateAndPerform--counterValue-input","searchOpenDialogs":true,"interaction":{"idSuffix":"inner"}},"wdio_ui5_key":"applicationmanagestatesandperformance-display-component---detailStateAndPerform--counterValue-input"}]}
RESULT: {"script":"<script> [1562 bytes]","args":[{"selector":{"id":"application-managestatesandperformance-display-component---detailStateAndPerform--counterValue-input","searchOpenDialogs":true,"interaction":{"idSuffix":"inner"}},"wdio_ui5_key":"applicationmanagestatesandperformance-display-component---detailStateAndPerform--counterValue-input"}]}
RESULT: undefined
COMMAND: POST /session/e57c885b60fd8cf462a4cfca6f098091/execute/async - {"script":"<script> [776 bytes]","args":[{"enterText":"15.00","selector":{"id":"application-managestatesandperformance-display-component---detailStateAndPerform--counterValue-input","searchOpenDialogs":true,"interaction":{"idSuffix":"inner"}},"clearTextFirst":true,"interactionType":"ENTER_TEXT"}]}
RESULT: {"script":"<script> [776 bytes]","args":[{"enterText":"15.00","selector":{"id":"application-managestatesandperformance-display-component---detailStateAndPerform--counterValue-input","searchOpenDialogs":true,"interaction":{"idSuffix":"inner"}},"clearTextFirst":true,"interactionType":"ENTER_TEXT"}]}
COMMAND: POST /session/e57c885b60fd8cf462a4cfca6f098091/execute/async - {"script":"<script> [1562 bytes]","args":[{"selector":{"controlType":"sap.m.Button","viewName":"etm.portal.ui.managestatesandperformance.view.Detail","viewId":"application-managestatesandperformance-display-component---detailStateAndPerform","bindingPath":{"path":"","propertyPath":"/allowAddEdit","modelName":"oScreenModel"},"searchOpenDialogs":true,"interaction":{"idSuffix":"BDI-content"}},"wdio_ui5_key":"etmportal.ui.managestatesandperformance.view.Detailsap.m.Button{\"path\":\"\",\"propertyPath\":\"/allowAddEdit\",\"modelName\":\"oScreenModel\"}"}]}
RESULT: {"script":"<script> [1562 bytes]","args":[{"selector":{"controlType":"sap.m.Button","viewName":"etm.portal.ui.managestatesandperformance.view.Detail","viewId":"application-managestatesandperformance-display-component---detailStateAndPerform","bindingPath":{"path":"","propertyPath":"/allowAddEdit","modelName":"oScreenModel"},"searchOpenDialogs":true,"interaction":{"idSuffix":"BDI-content"}},"wdio_ui5_key":"etmportal.ui.managestatesandperformance.view.Detailsap.m.Button{\"path\":\"\",\"propertyPath\":\"/allowAddEdit\",\"modelName\":\"oScreenModel\"}"}]}
RESULT: undefined
COMMAND: POST /session/e57c885b60fd8cf462a4cfca6f098091/element - {"using":"xpath","value":"//*[@id=\"__button365\"]"}
RESULT: {"using":"xpath","value":"//*[@id=\"__button365\"]"}
COMMAND: POST /session/e57c885b60fd8cf462a4cfca6f098091/element/f.0BB93947CC1450395F5B257EF4D67E46.d.F0111C41AA7B29F4FFBFF8D86DC0C44E.e.13189/click - {}
RESULT: {}
RESULT: undefined
COMMAND: POST /session/e57c885b60fd8cf462a4cfca6f098091/element - {"using":"xpath","value":"//*[@id=\"__button358\"]"}
COMMAND: GET /session/e57c885b60fd8cf462a4cfca6f098091/screenshot - {}
RESULT: {"using":"xpath","value":"//*[@id=\"__button358\"]"}
COMMAND: POST /session/e57c885b60fd8cf462a4cfca6f098091/element/f.0BB93947CC1450395F5B257EF4D67E46.d.F0111C41AA7B29F4FFBFF8D86DC0C44E.e.13168/click - {}
RESULT: {}
RESULT: {}
RESULT: undefined
COMMAND: POST /session/e57c885b60fd8cf462a4cfca6f098091/execute/async - {"script":"<script> [776 bytes]","args":[{"enterText":"04/30/25","selector":{"id":"application-managestatesandperformance-display-component---detailStateAndPerform--perfDocDatePicker","searchOpenDialogs":true,"interaction":{"idSuffix":"inner"}},"clearTextFirst":true,"interactionType":"ENTER_TEXT"}]}
COMMAND: GET /session/e57c885b60fd8cf462a4cfca6f098091/screenshot - {}
RESULT: {"script":"<script> [776 bytes]","args":[{"enterText":"04/30/25","selector":{"id":"application-managestatesandperformance-display-component---detailStateAndPerform--perfDocDatePicker","searchOpenDialogs":true,"interaction":{"idSuffix":"inner"}},"clearTextFirst":true,"interactionType":"ENTER_TEXT"}]}
RESULT: undefined
COMMAND: POST /session/e57c885b60fd8cf462a4cfca6f098091/execute/async - {"script":"<script> [776 bytes]","args":[{"enterText":"20.00","selector":{"id":"application-managestatesandperformance-display-component---detailStateAndPerform--counterValue-input","searchOpenDialogs":true,"interaction":{"idSuffix":"inner"}},"clearTextFirst":true,"interactionType":"ENTER_TEXT"}]}
RESULT: {}
RESULT: {"script":"<script> [776 bytes]","args":[{"enterText":"20.00","selector":{"id":"application-managestatesandperformance-display-component---detailStateAndPerform--counterValue-input","searchOpenDialogs":true,"interaction":{"idSuffix":"inner"}},"clearTextFirst":true,"interactionType":"ENTER_TEXT"}]}
COMMAND: POST /session/e57c885b60fd8cf462a4cfca6f098091/actions - {"actions":[{"id":"action45","type":"key","parameters":{},"actions":[{"type":"keyDown","value":"î€„"},{"type":"keyDown","value":"î€„"},{"type":"pause","duration":10},{"type":"keyUp","value":"î€„"},{"type":"keyUp","value":"î€„"}]}]}
RESULT: {"actions":[{"id":"action45","type":"key","parameters":{},"actions":[{"type":"keyDown","value":"î€„"},{"type":"keyDown","value":"î€„"},{"type":"pause","duration":10},{"type":"keyUp","value":"î€„"},{"type":"keyUp","value":"î€„"}]}]}
COMMAND: POST /session/e57c885b60fd8cf462a4cfca6f098091/actions - {"actions":[{"id":"action46","type":"key","parameters":{},"actions":[{"type":"keyDown","value":"î€‡"},{"type":"pause","duration":10},{"type":"keyUp","value":"î€‡"}]}]}
COMMAND: GET /session/e57c885b60fd8cf462a4cfca6f098091/screenshot - {}
RESULT: {"actions":[{"id":"action46","type":"key","parameters":{},"actions":[{"type":"keyDown","value":"î€‡"},{"type":"pause","duration":10},{"type":"keyUp","value":"î€‡"}]}]}
RESULT: undefined
COMMAND: POST /session/e57c885b60fd8cf462a4cfca6f098091/element - {"using":"xpath","value":"//*[@id=\"__button365\"]"}
COMMAND: GET /session/e57c885b60fd8cf462a4cfca6f098091/screenshot - {}
RESULT: {}
RESULT: {"using":"xpath","value":"//*[@id=\"__button365\"]"}
COMMAND: POST /session/e57c885b60fd8cf462a4cfca6f098091/elements - {"using":"xpath","value":"//*[@id=\"__button365\"]"}
RESULT: {}
RESULT: {"using":"xpath","value":"//*[@id=\"__button365\"]"}
COMMAND: POST /session/e57c885b60fd8cf462a4cfca6f098091/elements - {"using":"xpath","value":"//*[@id=\"__button365\"]"}
RESULT: {"using":"xpath","value":"//*[@id=\"__button365\"]"}
COMMAND: POST /session/e57c885b60fd8cf462a4cfca6f098091/elements - {"using":"xpath","value":"//*[@id=\"__button365\"]"}
RESULT: {"using":"xpath","value":"//*[@id=\"__button365\"]"}
COMMAND: POST /session/e57c885b60fd8cf462a4cfca6f098091/elements - {"using":"xpath","value":"//*[@id=\"__button365\"]"}
RESULT: {"using":"xpath","value":"//*[@id=\"__button365\"]"}
COMMAND: POST /session/e57c885b60fd8cf462a4cfca6f098091/elements - {"using":"xpath","value":"//*[@id=\"__button365\"]"}
RESULT: {"using":"xpath","value":"//*[@id=\"__button365\"]"}
COMMAND: POST /session/e57c885b60fd8cf462a4cfca6f098091/elements - {"using":"xpath","value":"//*[@id=\"__button365\"]"}
RESULT: {"using":"xpath","value":"//*[@id=\"__button365\"]"}
COMMAND: POST /session/e57c885b60fd8cf462a4cfca6f098091/elements - {"using":"xpath","value":"//*[@id=\"__button365\"]"}
RESULT: {"using":"xpath","value":"//*[@id=\"__button365\"]"}
COMMAND: POST /session/e57c885b60fd8cf462a4cfca6f098091/elements - {"using":"xpath","value":"//*[@id=\"__button365\"]"}
RESULT: {"using":"xpath","value":"//*[@id=\"__button365\"]"}
COMMAND: POST /session/e57c885b60fd8cf462a4cfca6f098091/elements - {"using":"xpath","value":"//*[@id=\"__button365\"]"}
RESULT: {"using":"xpath","value":"//*[@id=\"__button365\"]"}
COMMAND: POST /session/e57c885b60fd8cf462a4cfca6f098091/elements - {"using":"xpath","value":"//*[@id=\"__button365\"]"}
RESULT: {"using":"xpath","value":"//*[@id=\"__button365\"]"}
COMMAND: POST /session/e57c885b60fd8cf462a4cfca6f098091/elements - {"using":"xpath","value":"//*[@id=\"__button365\"]"}
RESULT: {"using":"xpath","value":"//*[@id=\"__button365\"]"}
COMMAND: POST /session/e57c885b60fd8cf462a4cfca6f098091/elements - {"using":"xpath","value":"//*[@id=\"__button365\"]"}
RESULT: {"using":"xpath","value":"//*[@id=\"__button365\"]"}
COMMAND: POST /session/e57c885b60fd8cf462a4cfca6f098091/elements - {"using":"xpath","value":"//*[@id=\"__button365\"]"}
RESULT: {"using":"xpath","value":"//*[@id=\"__button365\"]"}
COMMAND: POST /session/e57c885b60fd8cf462a4cfca6f098091/elements - {"using":"xpath","value":"//*[@id=\"__button365\"]"}
RESULT: {"using":"xpath","value":"//*[@id=\"__button365\"]"}
COMMAND: POST /session/e57c885b60fd8cf462a4cfca6f098091/elements - {"using":"xpath","value":"//*[@id=\"__button365\"]"}
RESULT: {"using":"xpath","value":"//*[@id=\"__button365\"]"}
COMMAND: POST /session/e57c885b60fd8cf462a4cfca6f098091/elements - {"using":"xpath","value":"//*[@id=\"__button365\"]"}
RESULT: {"using":"xpath","value":"//*[@id=\"__button365\"]"}
COMMAND: POST /session/e57c885b60fd8cf462a4cfca6f098091/elements - {"using":"xpath","value":"//*[@id=\"__button365\"]"}
RESULT: {"using":"xpath","value":"//*[@id=\"__button365\"]"}
COMMAND: POST /session/e57c885b60fd8cf462a4cfca6f098091/elements - {"using":"xpath","value":"//*[@id=\"__button365\"]"}
RESULT: {"using":"xpath","value":"//*[@id=\"__button365\"]"}
COMMAND: POST /session/e57c885b60fd8cf462a4cfca6f098091/elements - {"using":"xpath","value":"//*[@id=\"__button365\"]"}
RESULT: {"using":"xpath","value":"//*[@id=\"__button365\"]"}
COMMAND: POST /session/e57c885b60fd8cf462a4cfca6f098091/elements - {"using":"xpath","value":"//*[@id=\"__button365\"]"}
RESULT: {"using":"xpath","value":"//*[@id=\"__button365\"]"}
COMMAND: POST /session/e57c885b60fd8cf462a4cfca6f098091/elements - {"using":"xpath","value":"//*[@id=\"__button365\"]"}
RESULT: {"using":"xpath","value":"//*[@id=\"__button365\"]"}
COMMAND: POST /session/e57c885b60fd8cf462a4cfca6f098091/elements - {"using":"xpath","value":"//*[@id=\"__button365\"]"}
RESULT: {"using":"xpath","value":"//*[@id=\"__button365\"]"}
COMMAND: POST /session/e57c885b60fd8cf462a4cfca6f098091/elements - {"using":"xpath","value":"//*[@id=\"__button365\"]"}
RESULT: {"using":"xpath","value":"//*[@id=\"__button365\"]"}
COMMAND: POST /session/e57c885b60fd8cf462a4cfca6f098091/elements - {"using":"xpath","value":"//*[@id=\"__button365\"]"}
RESULT: {"using":"xpath","value":"//*[@id=\"__button365\"]"}
COMMAND: POST /session/e57c885b60fd8cf462a4cfca6f098091/elements - {"using":"xpath","value":"//*[@id=\"__button365\"]"}
RESULT: {"using":"xpath","value":"//*[@id=\"__button365\"]"}
COMMAND: POST /session/e57c885b60fd8cf462a4cfca6f098091/elements - {"using":"xpath","value":"//*[@id=\"__button365\"]"}
RESULT: {"using":"xpath","value":"//*[@id=\"__button365\"]"}
COMMAND: POST /session/e57c885b60fd8cf462a4cfca6f098091/elements - {"using":"xpath","value":"//*[@id=\"__button365\"]"}
RESULT: {"using":"xpath","value":"//*[@id=\"__button365\"]"}
COMMAND: POST /session/e57c885b60fd8cf462a4cfca6f098091/elements - {"using":"xpath","value":"//*[@id=\"__button365\"]"}
RESULT: {"using":"xpath","value":"//*[@id=\"__button365\"]"}
COMMAND: POST /session/e57c885b60fd8cf462a4cfca6f098091/elements - {"using":"xpath","value":"//*[@id=\"__button365\"]"}
RESULT: {"using":"xpath","value":"//*[@id=\"__button365\"]"}
COMMAND: POST /session/e57c885b60fd8cf462a4cfca6f098091/elements - {"using":"xpath","value":"//*[@id=\"__button365\"]"}
RESULT: {"using":"xpath","value":"//*[@id=\"__button365\"]"}
COMMAND: POST /session/e57c885b60fd8cf462a4cfca6f098091/elements - {"using":"xpath","value":"//*[@id=\"__button365\"]"}
RESULT: {"using":"xpath","value":"//*[@id=\"__button365\"]"}
COMMAND: POST /session/e57c885b60fd8cf462a4cfca6f098091/elements - {"using":"xpath","value":"//*[@id=\"__button365\"]"}
RESULT: {"using":"xpath","value":"//*[@id=\"__button365\"]"}
COMMAND: POST /session/e57c885b60fd8cf462a4cfca6f098091/elements - {"using":"xpath","value":"//*[@id=\"__button365\"]"}
RESULT: {"using":"xpath","value":"//*[@id=\"__button365\"]"}
COMMAND: POST /session/e57c885b60fd8cf462a4cfca6f098091/elements - {"using":"xpath","value":"//*[@id=\"__button365\"]"}
RESULT: {"using":"xpath","value":"//*[@id=\"__button365\"]"}
COMMAND: POST /session/e57c885b60fd8cf462a4cfca6f098091/elements - {"using":"xpath","value":"//*[@id=\"__button365\"]"}
RESULT: {"using":"xpath","value":"//*[@id=\"__button365\"]"}
COMMAND: POST /session/e57c885b60fd8cf462a4cfca6f098091/elements - {"using":"xpath","value":"//*[@id=\"__button365\"]"}
RESULT: {"using":"xpath","value":"//*[@id=\"__button365\"]"}
COMMAND: POST /session/e57c885b60fd8cf462a4cfca6f098091/elements - {"using":"xpath","value":"//*[@id=\"__button365\"]"}
RESULT: {"using":"xpath","value":"//*[@id=\"__button365\"]"}
COMMAND: POST /session/e57c885b60fd8cf462a4cfca6f098091/elements - {"using":"xpath","value":"//*[@id=\"__button365\"]"}
RESULT: {"using":"xpath","value":"//*[@id=\"__button365\"]"}
COMMAND: POST /session/e57c885b60fd8cf462a4cfca6f098091/elements - {"using":"xpath","value":"//*[@id=\"__button365\"]"}
RESULT: {"using":"xpath","value":"//*[@id=\"__button365\"]"}
COMMAND: POST /session/e57c885b60fd8cf462a4cfca6f098091/elements - {"using":"xpath","value":"//*[@id=\"__button365\"]"}
RESULT: {"using":"xpath","value":"//*[@id=\"__button365\"]"}
COMMAND: POST /session/e57c885b60fd8cf462a4cfca6f098091/elements - {"using":"xpath","value":"//*[@id=\"__button365\"]"}
RESULT: {"using":"xpath","value":"//*[@id=\"__button365\"]"}
COMMAND: POST /session/e57c885b60fd8cf462a4cfca6f098091/elements - {"using":"xpath","value":"//*[@id=\"__button365\"]"}
RESULT: {"using":"xpath","value":"//*[@id=\"__button365\"]"}
COMMAND: POST /session/e57c885b60fd8cf462a4cfca6f098091/elements - {"using":"xpath","value":"//*[@id=\"__button365\"]"}
RESULT: {"using":"xpath","value":"//*[@id=\"__button365\"]"}
COMMAND: POST /session/e57c885b60fd8cf462a4cfca6f098091/elements - {"using":"xpath","value":"//*[@id=\"__button365\"]"}
RESULT: {"using":"xpath","value":"//*[@id=\"__button365\"]"}
COMMAND: POST /session/e57c885b60fd8cf462a4cfca6f098091/elements - {"using":"xpath","value":"//*[@id=\"__button365\"]"}
RESULT: {"using":"xpath","value":"//*[@id=\"__button365\"]"}
COMMAND: POST /session/e57c885b60fd8cf462a4cfca6f098091/elements - {"using":"xpath","value":"//*[@id=\"__button365\"]"}
RESULT: {"using":"xpath","value":"//*[@id=\"__button365\"]"}
COMMAND: POST /session/e57c885b60fd8cf462a4cfca6f098091/elements - {"using":"xpath","value":"//*[@id=\"__button365\"]"}
RESULT: {"using":"xpath","value":"//*[@id=\"__button365\"]"}
COMMAND: POST /session/e57c885b60fd8cf462a4cfca6f098091/elements - {"using":"xpath","value":"//*[@id=\"__button365\"]"}
RESULT: {"using":"xpath","value":"//*[@id=\"__button365\"]"}
COMMAND: POST /session/e57c885b60fd8cf462a4cfca6f098091/elements - {"using":"xpath","value":"//*[@id=\"__button365\"]"}
RESULT: {"using":"xpath","value":"//*[@id=\"__button365\"]"}
COMMAND: POST /session/e57c885b60fd8cf462a4cfca6f098091/elements - {"using":"xpath","value":"//*[@id=\"__button365\"]"}
RESULT: {"using":"xpath","value":"//*[@id=\"__button365\"]"}
COMMAND: POST /session/e57c885b60fd8cf462a4cfca6f098091/elements - {"using":"xpath","value":"//*[@id=\"__button365\"]"}
RESULT: {"using":"xpath","value":"//*[@id=\"__button365\"]"}
COMMAND: POST /session/e57c885b60fd8cf462a4cfca6f098091/elements - {"using":"xpath","value":"//*[@id=\"__button365\"]"}
RESULT: {"using":"xpath","value":"//*[@id=\"__button365\"]"}
COMMAND: POST /session/e57c885b60fd8cf462a4cfca6f098091/elements - {"using":"xpath","value":"//*[@id=\"__button365\"]"}
RESULT: {"using":"xpath","value":"//*[@id=\"__button365\"]"}
COMMAND: POST /session/e57c885b60fd8cf462a4cfca6f098091/elements - {"using":"xpath","value":"//*[@id=\"__button365\"]"}
RESULT: {"using":"xpath","value":"//*[@id=\"__button365\"]"}
COMMAND: POST /session/e57c885b60fd8cf462a4cfca6f098091/elements - {"using":"xpath","value":"//*[@id=\"__button365\"]"}
RESULT: {"using":"xpath","value":"//*[@id=\"__button365\"]"}
COMMAND: POST /session/e57c885b60fd8cf462a4cfca6f098091/elements - {"using":"xpath","value":"//*[@id=\"__button365\"]"}
RESULT: {"using":"xpath","value":"//*[@id=\"__button365\"]"}
COMMAND: POST /session/e57c885b60fd8cf462a4cfca6f098091/elements - {"using":"xpath","value":"//*[@id=\"__button365\"]"}
RESULT: {"using":"xpath","value":"//*[@id=\"__button365\"]"}
COMMAND: POST /session/e57c885b60fd8cf462a4cfca6f098091/elements - {"using":"xpath","value":"//*[@id=\"__button365\"]"}
RESULT: {"using":"xpath","value":"//*[@id=\"__button365\"]"}
COMMAND: POST /session/e57c885b60fd8cf462a4cfca6f098091/elements - {"using":"xpath","value":"//*[@id=\"__button365\"]"}
RESULT: {"using":"xpath","value":"//*[@id=\"__button365\"]"}
COMMAND: POST /session/e57c885b60fd8cf462a4cfca6f098091/elements - {"using":"xpath","value":"//*[@id=\"__button365\"]"}
RESULT: {"using":"xpath","value":"//*[@id=\"__button365\"]"}
COMMAND: POST /session/e57c885b60fd8cf462a4cfca6f098091/elements - {"using":"xpath","value":"//*[@id=\"__button365\"]"}
RESULT: {"using":"xpath","value":"//*[@id=\"__button365\"]"}
COMMAND: POST /session/e57c885b60fd8cf462a4cfca6f098091/elements - {"using":"xpath","value":"//*[@id=\"__button365\"]"}
RESULT: {"using":"xpath","value":"//*[@id=\"__button365\"]"}
COMMAND: POST /session/e57c885b60fd8cf462a4cfca6f098091/elements - {"using":"xpath","value":"//*[@id=\"__button365\"]"}
RESULT: {"using":"xpath","value":"//*[@id=\"__button365\"]"}
COMMAND: POST /session/e57c885b60fd8cf462a4cfca6f098091/elements - {"using":"xpath","value":"//*[@id=\"__button365\"]"}
RESULT: {"using":"xpath","value":"//*[@id=\"__button365\"]"}
COMMAND: POST /session/e57c885b60fd8cf462a4cfca6f098091/elements - {"using":"xpath","value":"//*[@id=\"__button365\"]"}
RESULT: {"using":"xpath","value":"//*[@id=\"__button365\"]"}
COMMAND: POST /session/e57c885b60fd8cf462a4cfca6f098091/elements - {"using":"xpath","value":"//*[@id=\"__button365\"]"}
RESULT: {"using":"xpath","value":"//*[@id=\"__button365\"]"}
COMMAND: POST /session/e57c885b60fd8cf462a4cfca6f098091/elements - {"using":"xpath","value":"//*[@id=\"__button365\"]"}
RESULT: {"using":"xpath","value":"//*[@id=\"__button365\"]"}
COMMAND: POST /session/e57c885b60fd8cf462a4cfca6f098091/elements - {"using":"xpath","value":"//*[@id=\"__button365\"]"}
RESULT: {"using":"xpath","value":"//*[@id=\"__button365\"]"}
COMMAND: POST /session/e57c885b60fd8cf462a4cfca6f098091/elements - {"using":"xpath","value":"//*[@id=\"__button365\"]"}
RESULT: {"using":"xpath","value":"//*[@id=\"__button365\"]"}
COMMAND: POST /session/e57c885b60fd8cf462a4cfca6f098091/elements - {"using":"xpath","value":"//*[@id=\"__button365\"]"}
RESULT: {"using":"xpath","value":"//*[@id=\"__button365\"]"}
COMMAND: POST /session/e57c885b60fd8cf462a4cfca6f098091/elements - {"using":"xpath","value":"//*[@id=\"__button365\"]"}
RESULT: {"using":"xpath","value":"//*[@id=\"__button365\"]"}
COMMAND: POST /session/e57c885b60fd8cf462a4cfca6f098091/elements - {"using":"xpath","value":"//*[@id=\"__button365\"]"}
RESULT: {"using":"xpath","value":"//*[@id=\"__button365\"]"}
COMMAND: POST /session/e57c885b60fd8cf462a4cfca6f098091/elements - {"using":"xpath","value":"//*[@id=\"__button365\"]"}
RESULT: {"using":"xpath","value":"//*[@id=\"__button365\"]"}
COMMAND: POST /session/e57c885b60fd8cf462a4cfca6f098091/elements - {"using":"xpath","value":"//*[@id=\"__button365\"]"}
RESULT: {"using":"xpath","value":"//*[@id=\"__button365\"]"}
COMMAND: POST /session/e57c885b60fd8cf462a4cfca6f098091/elements - {"using":"xpath","value":"//*[@id=\"__button365\"]"}
RESULT: {"using":"xpath","value":"//*[@id=\"__button365\"]"}
COMMAND: POST /session/e57c885b60fd8cf462a4cfca6f098091/elements - {"using":"xpath","value":"//*[@id=\"__button365\"]"}
RESULT: {"using":"xpath","value":"//*[@id=\"__button365\"]"}
COMMAND: POST /session/e57c885b60fd8cf462a4cfca6f098091/elements - {"using":"xpath","value":"//*[@id=\"__button365\"]"}
RESULT: {"using":"xpath","value":"//*[@id=\"__button365\"]"}
COMMAND: POST /session/e57c885b60fd8cf462a4cfca6f098091/elements - {"using":"xpath","value":"//*[@id=\"__button365\"]"}
RESULT: {"using":"xpath","value":"//*[@id=\"__button365\"]"}
COMMAND: POST /session/e57c885b60fd8cf462a4cfca6f098091/elements - {"using":"xpath","value":"//*[@id=\"__button365\"]"}
RESULT: {"using":"xpath","value":"//*[@id=\"__button365\"]"}
COMMAND: POST /session/e57c885b60fd8cf462a4cfca6f098091/elements - {"using":"xpath","value":"//*[@id=\"__button365\"]"}
RESULT: {"using":"xpath","value":"//*[@id=\"__button365\"]"}
COMMAND: POST /session/e57c885b60fd8cf462a4cfca6f098091/elements - {"using":"xpath","value":"//*[@id=\"__button365\"]"}
RESULT: {"using":"xpath","value":"//*[@id=\"__button365\"]"}
COMMAND: POST /session/e57c885b60fd8cf462a4cfca6f098091/elements - {"using":"xpath","value":"//*[@id=\"__button365\"]"}
RESULT: {"using":"xpath","value":"//*[@id=\"__button365\"]"}
COMMAND: POST /session/e57c885b60fd8cf462a4cfca6f098091/elements - {"using":"xpath","value":"//*[@id=\"__button365\"]"}
RESULT: {"using":"xpath","value":"//*[@id=\"__button365\"]"}
COMMAND: POST /session/e57c885b60fd8cf462a4cfca6f098091/elements - {"using":"xpath","value":"//*[@id=\"__button365\"]"}
RESULT: {"using":"xpath","value":"//*[@id=\"__button365\"]"}
COMMAND: POST /session/e57c885b60fd8cf462a4cfca6f098091/elements - {"using":"xpath","value":"//*[@id=\"__button365\"]"}
RESULT: {"using":"xpath","value":"//*[@id=\"__button365\"]"}
COMMAND: POST /session/e57c885b60fd8cf462a4cfca6f098091/elements - {"using":"xpath","value":"//*[@id=\"__button365\"]"}
RESULT: {"using":"xpath","value":"//*[@id=\"__button365\"]"}
COMMAND: POST /session/e57c885b60fd8cf462a4cfca6f098091/elements - {"using":"xpath","value":"//*[@id=\"__button365\"]"}
RESULT: {"using":"xpath","value":"//*[@id=\"__button365\"]"}
COMMAND: POST /session/e57c885b60fd8cf462a4cfca6f098091/elements - {"using":"xpath","value":"//*[@id=\"__button365\"]"}
RESULT: {"using":"xpath","value":"//*[@id=\"__button365\"]"}
COMMAND: POST /session/e57c885b60fd8cf462a4cfca6f098091/elements - {"using":"xpath","value":"//*[@id=\"__button365\"]"}
RESULT: {"using":"xpath","value":"//*[@id=\"__button365\"]"}
COMMAND: POST /session/e57c885b60fd8cf462a4cfca6f098091/elements - {"using":"xpath","value":"//*[@id=\"__button365\"]"}
RESULT: {"using":"xpath","value":"//*[@id=\"__button365\"]"}
COMMAND: POST /session/e57c885b60fd8cf462a4cfca6f098091/elements - {"using":"xpath","value":"//*[@id=\"__button365\"]"}
RESULT: {"using":"xpath","value":"//*[@id=\"__button365\"]"}
COMMAND: POST /session/e57c885b60fd8cf462a4cfca6f098091/elements - {"using":"xpath","value":"//*[@id=\"__button365\"]"}
RESULT: {"using":"xpath","value":"//*[@id=\"__button365\"]"}
COMMAND: POST /session/e57c885b60fd8cf462a4cfca6f098091/elements - {"using":"xpath","value":"//*[@id=\"__button365\"]"}
RESULT: {"using":"xpath","value":"//*[@id=\"__button365\"]"}
COMMAND: POST /session/e57c885b60fd8cf462a4cfca6f098091/elements - {"using":"xpath","value":"//*[@id=\"__button365\"]"}
RESULT: {"using":"xpath","value":"//*[@id=\"__button365\"]"}
COMMAND: POST /session/e57c885b60fd8cf462a4cfca6f098091/elements - {"using":"xpath","value":"//*[@id=\"__button365\"]"}
RESULT: {"using":"xpath","value":"//*[@id=\"__button365\"]"}
COMMAND: POST /session/e57c885b60fd8cf462a4cfca6f098091/elements - {"using":"xpath","value":"//*[@id=\"__button365\"]"}
RESULT: {"using":"xpath","value":"//*[@id=\"__button365\"]"}
COMMAND: POST /session/e57c885b60fd8cf462a4cfca6f098091/elements - {"using":"xpath","value":"//*[@id=\"__button365\"]"}
RESULT: {"using":"xpath","value":"//*[@id=\"__button365\"]"}
COMMAND: POST /session/e57c885b60fd8cf462a4cfca6f098091/elements - {"using":"xpath","value":"//*[@id=\"__button365\"]"}
RESULT: {"using":"xpath","value":"//*[@id=\"__button365\"]"}
COMMAND: POST /session/e57c885b60fd8cf462a4cfca6f098091/elements - {"using":"xpath","value":"//*[@id=\"__button365\"]"}
RESULT: {"using":"xpath","value":"//*[@id=\"__button365\"]"}
COMMAND: POST /session/e57c885b60fd8cf462a4cfca6f098091/elements - {"using":"xpath","value":"//*[@id=\"__button365\"]"}
RESULT: {"using":"xpath","value":"//*[@id=\"__button365\"]"}
COMMAND: POST /session/e57c885b60fd8cf462a4cfca6f098091/elements - {"using":"xpath","value":"//*[@id=\"__button365\"]"}
RESULT: {"using":"xpath","value":"//*[@id=\"__button365\"]"}
COMMAND: POST /session/e57c885b60fd8cf462a4cfca6f098091/elements - {"using":"xpath","value":"//*[@id=\"__button365\"]"}
RESULT: {"using":"xpath","value":"//*[@id=\"__button365\"]"}
COMMAND: POST /session/e57c885b60fd8cf462a4cfca6f098091/elements - {"using":"xpath","value":"//*[@id=\"__button365\"]"}
RESULT: {"using":"xpath","value":"//*[@id=\"__button365\"]"}
COMMAND: POST /session/e57c885b60fd8cf462a4cfca6f098091/elements - {"using":"xpath","value":"//*[@id=\"__button365\"]"}
RESULT: {"using":"xpath","value":"//*[@id=\"__button365\"]"}
COMMAND: POST /session/e57c885b60fd8cf462a4cfca6f098091/elements - {"using":"xpath","value":"//*[@id=\"__button365\"]"}
RESULT: {"using":"xpath","value":"//*[@id=\"__button365\"]"}
COMMAND: POST /session/e57c885b60fd8cf462a4cfca6f098091/elements - {"using":"xpath","value":"//*[@id=\"__button365\"]"}
RESULT: {"using":"xpath","value":"//*[@id=\"__button365\"]"}
COMMAND: POST /session/e57c885b60fd8cf462a4cfca6f098091/elements - {"using":"xpath","value":"//*[@id=\"__button365\"]"}
RESULT: {"using":"xpath","value":"//*[@id=\"__button365\"]"}
COMMAND: POST /session/e57c885b60fd8cf462a4cfca6f098091/elements - {"using":"xpath","value":"//*[@id=\"__button365\"]"}
RESULT: {"using":"xpath","value":"//*[@id=\"__button365\"]"}
COMMAND: POST /session/e57c885b60fd8cf462a4cfca6f098091/elements - {"using":"xpath","value":"//*[@id=\"__button365\"]"}
RESULT: {"using":"xpath","value":"//*[@id=\"__button365\"]"}
COMMAND: POST /session/e57c885b60fd8cf462a4cfca6f098091/elements - {"using":"xpath","value":"//*[@id=\"__button365\"]"}
RESULT: {"using":"xpath","value":"//*[@id=\"__button365\"]"}
COMMAND: POST /session/e57c885b60fd8cf462a4cfca6f098091/elements - {"using":"xpath","value":"//*[@id=\"__button365\"]"}
RESULT: {"using":"xpath","value":"//*[@id=\"__button365\"]"}
COMMAND: POST /session/e57c885b60fd8cf462a4cfca6f098091/elements - {"using":"xpath","value":"//*[@id=\"__button365\"]"}
RESULT: {"using":"xpath","value":"//*[@id=\"__button365\"]"}
COMMAND: POST /session/e57c885b60fd8cf462a4cfca6f098091/elements - {"using":"xpath","value":"//*[@id=\"__button365\"]"}
RESULT: {"using":"xpath","value":"//*[@id=\"__button365\"]"}
COMMAND: POST /session/e57c885b60fd8cf462a4cfca6f098091/elements - {"using":"xpath","value":"//*[@id=\"__button365\"]"}
RESULT: {"using":"xpath","value":"//*[@id=\"__button365\"]"}
COMMAND: POST /session/e57c885b60fd8cf462a4cfca6f098091/elements - {"using":"xpath","value":"//*[@id=\"__button365\"]"}
RESULT: {"using":"xpath","value":"//*[@id=\"__button365\"]"}
COMMAND: POST /session/e57c885b60fd8cf462a4cfca6f098091/elements - {"using":"xpath","value":"//*[@id=\"__button365\"]"}
RESULT: {"using":"xpath","value":"//*[@id=\"__button365\"]"}
COMMAND: POST /session/e57c885b60fd8cf462a4cfca6f098091/elements - {"using":"xpath","value":"//*[@id=\"__button365\"]"}
RESULT: {"using":"xpath","value":"//*[@id=\"__button365\"]"}
COMMAND: POST /session/e57c885b60fd8cf462a4cfca6f098091/elements - {"using":"xpath","value":"//*[@id=\"__button365\"]"}
RESULT: {"using":"xpath","value":"//*[@id=\"__button365\"]"}
COMMAND: POST /session/e57c885b60fd8cf462a4cfca6f098091/elements - {"using":"xpath","value":"//*[@id=\"__button365\"]"}
RESULT: {"using":"xpath","value":"//*[@id=\"__button365\"]"}
COMMAND: POST /session/e57c885b60fd8cf462a4cfca6f098091/elements - {"using":"xpath","value":"//*[@id=\"__button365\"]"}
RESULT: {"using":"xpath","value":"//*[@id=\"__button365\"]"}
COMMAND: POST /session/e57c885b60fd8cf462a4cfca6f098091/elements - {"using":"xpath","value":"//*[@id=\"__button365\"]"}
COMMAND: POST /session/e57c885b60fd8cf462a4cfca6f098091/element - {"using":"css selector","value":"#shell-header-logo"}
RESULT: {"using":"xpath","value":"//*[@id=\"__button365\"]"}
RESULT: {"using":"css selector","value":"#shell-header-logo"}
COMMAND: POST /session/e57c885b60fd8cf462a4cfca6f098091/execute/sync - {"script":"<script> [8489 bytes]","args":[{"element-6066-11e4-a52e-4f735466cecf":"f.0BB93947CC1450395F5B257EF4D67E46.d.F0111C41AA7B29F4FFBFF8D86DC0C44E.e.13015","ELEMENT":"f.0BB93947CC1450395F5B257EF4D67E46.d.F0111C41AA7B29F4FFBFF8D86DC0C44E.e.13015"}]}
RESULT: {"script":"<script> [8489 bytes]","args":[{"element-6066-11e4-a52e-4f735466cecf":"f.0BB93947CC1450395F5B257EF4D67E46.d.F0111C41AA7B29F4FFBFF8D86DC0C44E.e.13015","ELEMENT":"f.0BB93947CC1450395F5B257EF4D67E46.d.F0111C41AA7B29F4FFBFF8D86DC0C44E.e.13015"}]}
COMMAND: POST /session/e57c885b60fd8cf462a4cfca6f098091/execute/sync - {"script":"<script> [5351 bytes]","args":[{"element-6066-11e4-a52e-4f735466cecf":"f.0BB93947CC1450395F5B257EF4D67E46.d.F0111C41AA7B29F4FFBFF8D86DC0C44E.e.13015","ELEMENT":"f.0BB93947CC1450395F5B257EF4D67E46.d.F0111C41AA7B29F4FFBFF8D86DC0C44E.e.13015"}]}
COMMAND: GET /session/e57c885b60fd8cf462a4cfca6f098091/screenshot - {}
RESULT: {"script":"<script> [5351 bytes]","args":[{"element-6066-11e4-a52e-4f735466cecf":"f.0BB93947CC1450395F5B257EF4D67E46.d.F0111C41AA7B29F4FFBFF8D86DC0C44E.e.13015","ELEMENT":"f.0BB93947CC1450395F5B257EF4D67E46.d.F0111C41AA7B29F4FFBFF8D86DC0C44E.e.13015"}]}
COMMAND: POST /session/e57c885b60fd8cf462a4cfca6f098091/element/f.0BB93947CC1450395F5B257EF4D67E46.d.F0111C41AA7B29F4FFBFF8D86DC0C44E.e.13015/click - {}
COMMAND: GET /session/e57c885b60fd8cf462a4cfca6f098091/screenshot - {}
RESULT: {}
RESULT: {}
]]></system-out>
    </testcase>
    <testcase classname="chrome.135_0_7049_96.windows.Create_master_data_for_mixed_billing_&amp;_do_billing_calculation_US151661" name="Should go to Manage Billings and trigger calculation check the conditions applied" time="62.994">
      <system-out><![CDATA[
COMMAND: POST /session/e57c885b60fd8cf462a4cfca6f098091/execute/async - {"script":"<script> [1562 bytes]","args":[{"selector":{"controlType":"sap.m.GenericTile","properties":{"header":"Manage Billings"}},"wdio_ui5_key":"sapm.GenericTile{\"header\":\"Manage Billings\"}"}]}
COMMAND: GET /session/e57c885b60fd8cf462a4cfca6f098091/screenshot - {}
RESULT: {}
RESULT: {"script":"<script> [1562 bytes]","args":[{"selector":{"controlType":"sap.m.GenericTile","properties":{"header":"Manage Billings"}},"wdio_ui5_key":"sapm.GenericTile{\"header\":\"Manage Billings\"}"}]}
RESULT: undefined
COMMAND: POST /session/e57c885b60fd8cf462a4cfca6f098091/element - {"using":"xpath","value":"//*[@id=\"__tile91\"]"}
RESULT: {}
RESULT: {"using":"xpath","value":"//*[@id=\"__tile91\"]"}
COMMAND: POST /session/e57c885b60fd8cf462a4cfca6f098091/element/f.0BB93947CC1450395F5B257EF4D67E46.d.F0111C41AA7B29F4FFBFF8D86DC0C44E.e.8605/click - {}
RESULT: {}
COMMAND: GET /session/e57c885b60fd8cf462a4cfca6f098091/screenshot - {}
COMMAND: POST /session/e57c885b60fd8cf462a4cfca6f098091/execute/async - {"script":"<script> [1562 bytes]","args":[{"selector":{"id":"application-managebillings-display-component---billRunCalcResult--smartFilterBar-btnBasicSearch","interaction":{"idSuffix":"I"}},"wdio_ui5_key":"applicationmanagebillings-display-component---billRunCalcResult--smartFilterBar-btnBasicSearch"}]}
RESULT: {}
RESULT: {"script":"<script> [1562 bytes]","args":[{"selector":{"id":"application-managebillings-display-component---billRunCalcResult--smartFilterBar-btnBasicSearch","interaction":{"idSuffix":"I"}},"wdio_ui5_key":"applicationmanagebillings-display-component---billRunCalcResult--smartFilterBar-btnBasicSearch"}]}
RESULT: undefined
COMMAND: POST /session/e57c885b60fd8cf462a4cfca6f098091/execute/async - {"script":"<script> [776 bytes]","args":[{"enterText":"10685","selector":{"id":"application-managebillings-display-component---billRunCalcResult--smartFilterBar-btnBasicSearch","interaction":{"idSuffix":"I"}},"clearTextFirst":true,"interactionType":"ENTER_TEXT"}]}
RESULT: {"script":"<script> [776 bytes]","args":[{"enterText":"10685","selector":{"id":"application-managebillings-display-component---billRunCalcResult--smartFilterBar-btnBasicSearch","interaction":{"idSuffix":"I"}},"clearTextFirst":true,"interactionType":"ENTER_TEXT"}]}
COMMAND: POST /session/e57c885b60fd8cf462a4cfca6f098091/actions - {"actions":[{"id":"action47","type":"key","parameters":{},"actions":[{"type":"keyDown","value":"î€‡"},{"type":"pause","duration":10},{"type":"keyUp","value":"î€‡"}]}]}
RESULT: {"actions":[{"id":"action47","type":"key","parameters":{},"actions":[{"type":"keyDown","value":"î€‡"},{"type":"pause","duration":10},{"type":"keyUp","value":"î€‡"}]}]}
COMMAND: GET /session/e57c885b60fd8cf462a4cfca6f098091/screenshot - {}
RESULT: {}
COMMAND: POST /session/e57c885b60fd8cf462a4cfca6f098091/element - {"using":"xpath","value":"//td[@aria-colindex=\"1\"]/div/div[contains(@class, \"sapMCbBg\")]"}
RESULT: {"using":"xpath","value":"//td[@aria-colindex=\"1\"]/div/div[contains(@class, \"sapMCbBg\")]"}
COMMAND: POST /session/e57c885b60fd8cf462a4cfca6f098091/element/f.0BB93947CC1450395F5B257EF4D67E46.d.F0111C41AA7B29F4FFBFF8D86DC0C44E.e.13417/click - {}
RESULT: {}
COMMAND: GET /session/e57c885b60fd8cf462a4cfca6f098091/screenshot - {}
RESULT: {}
COMMAND: POST /session/e57c885b60fd8cf462a4cfca6f098091/execute/async - {"script":"<script> [1562 bytes]","args":[{"selector":{"id":"application-managebillings-display-component---billRunCalcResult--contractBillRunDate","interaction":{"idSuffix":"inner"}},"wdio_ui5_key":"applicationmanagebillings-display-component---billRunCalcResult--contractBillRunDate"}]}
RESULT: {"script":"<script> [1562 bytes]","args":[{"selector":{"id":"application-managebillings-display-component---billRunCalcResult--contractBillRunDate","interaction":{"idSuffix":"inner"}},"wdio_ui5_key":"applicationmanagebillings-display-component---billRunCalcResult--contractBillRunDate"}]}
RESULT: undefined
COMMAND: POST /session/e57c885b60fd8cf462a4cfca6f098091/execute/async - {"script":"<script> [776 bytes]","args":[{"enterText":"05/24/25","selector":{"id":"application-managebillings-display-component---billRunCalcResult--contractBillRunDate","interaction":{"idSuffix":"inner"}},"clearTextFirst":true,"interactionType":"ENTER_TEXT"}]}
RESULT: {"script":"<script> [776 bytes]","args":[{"enterText":"05/24/25","selector":{"id":"application-managebillings-display-component---billRunCalcResult--contractBillRunDate","interaction":{"idSuffix":"inner"}},"clearTextFirst":true,"interactionType":"ENTER_TEXT"}]}
COMMAND: POST /session/e57c885b60fd8cf462a4cfca6f098091/element - {"using":"xpath","value":"//bdi[contains(text(), \"Trigger Calculation\")]"}
RESULT: {"using":"xpath","value":"//bdi[contains(text(), \"Trigger Calculation\")]"}
COMMAND: POST /session/e57c885b60fd8cf462a4cfca6f098091/element/f.0BB93947CC1450395F5B257EF4D67E46.d.F0111C41AA7B29F4FFBFF8D86DC0C44E.e.13468/click - {}
RESULT: {}
COMMAND: GET /session/e57c885b60fd8cf462a4cfca6f098091/screenshot - {}
RESULT: {}
COMMAND: POST /session/e57c885b60fd8cf462a4cfca6f098091/element - {"using":"xpath","value":"(//span[contains(@id, \"imgNav\")])[1]"}
RESULT: {"using":"xpath","value":"(//span[contains(@id, \"imgNav\")])[1]"}
COMMAND: POST /session/e57c885b60fd8cf462a4cfca6f098091/element/f.0BB93947CC1450395F5B257EF4D67E46.d.F0111C41AA7B29F4FFBFF8D86DC0C44E.e.13418/click - {}
RESULT: {}
COMMAND: GET /session/e57c885b60fd8cf462a4cfca6f098091/screenshot - {}
RESULT: {}
COMMAND: POST /session/e57c885b60fd8cf462a4cfca6f098091/element - {"using":"xpath","value":"//tr/td[6]/div[1]/span[1]/span[1]"}
RESULT: {"using":"xpath","value":"//tr/td[6]/div[1]/span[1]/span[1]"}
COMMAND: GET /session/e57c885b60fd8cf462a4cfca6f098091/element/f.0BB93947CC1450395F5B257EF4D67E46.d.F0111C41AA7B29F4FFBFF8D86DC0C44E.e.13473/text - {}
RESULT: {}
COMMAND: POST /session/e57c885b60fd8cf462a4cfca6f098091/element - {"using":"xpath","value":"(//span[contains(@id, \"imgNav\")])[2]"}
RESULT: {"using":"xpath","value":"(//span[contains(@id, \"imgNav\")])[2]"}
COMMAND: POST /session/e57c885b60fd8cf462a4cfca6f098091/element/f.0BB93947CC1450395F5B257EF4D67E46.d.F0111C41AA7B29F4FFBFF8D86DC0C44E.e.13474/click - {}
RESULT: {}
COMMAND: POST /session/e57c885b60fd8cf462a4cfca6f098091/element - {"using":"xpath","value":"//bdi[contains(text(), \"Business Confirm\")]"}
COMMAND: GET /session/e57c885b60fd8cf462a4cfca6f098091/screenshot - {}
RESULT: {"using":"xpath","value":"//bdi[contains(text(), \"Business Confirm\")]"}
COMMAND: POST /session/e57c885b60fd8cf462a4cfca6f098091/elements - {"using":"xpath","value":"//bdi[contains(text(), \"Business Confirm\")]"}
RESULT: {}
RESULT: {"using":"xpath","value":"//bdi[contains(text(), \"Business Confirm\")]"}
COMMAND: POST /session/e57c885b60fd8cf462a4cfca6f098091/elements - {"using":"xpath","value":"//bdi[contains(text(), \"Business Confirm\")]"}
RESULT: {"using":"xpath","value":"//bdi[contains(text(), \"Business Confirm\")]"}
COMMAND: POST /session/e57c885b60fd8cf462a4cfca6f098091/element - {"using":"xpath","value":"//bdi[contains(text(), \"Business Confirm\")]"}
RESULT: {"using":"xpath","value":"//bdi[contains(text(), \"Business Confirm\")]"}
COMMAND: POST /session/e57c885b60fd8cf462a4cfca6f098091/element/f.0BB93947CC1450395F5B257EF4D67E46.d.F0111C41AA7B29F4FFBFF8D86DC0C44E.e.13477/click - {}
COMMAND: POST /session/e57c885b60fd8cf462a4cfca6f098091/element - {"using":"xpath","value":"//bdi[contains(text(), \"Business Confirm\")]"}
RESULT: {"using":"xpath","value":"//bdi[contains(text(), \"Business Confirm\")]"}
COMMAND: POST /session/e57c885b60fd8cf462a4cfca6f098091/element/f.0BB93947CC1450395F5B257EF4D67E46.d.F0111C41AA7B29F4FFBFF8D86DC0C44E.e.13477/click - {}
COMMAND: POST /session/e57c885b60fd8cf462a4cfca6f098091/element - {"using":"xpath","value":"//bdi[contains(text(), \"Business Confirm\")]"}
RESULT: {"using":"xpath","value":"//bdi[contains(text(), \"Business Confirm\")]"}
COMMAND: POST /session/e57c885b60fd8cf462a4cfca6f098091/element/f.0BB93947CC1450395F5B257EF4D67E46.d.F0111C41AA7B29F4FFBFF8D86DC0C44E.e.13526/click - {}
RESULT: {}
COMMAND: POST /session/e57c885b60fd8cf462a4cfca6f098091/element - {"using":"css selector","value":"#shell-header-logo"}
COMMAND: GET /session/e57c885b60fd8cf462a4cfca6f098091/screenshot - {}
RESULT: {"using":"css selector","value":"#shell-header-logo"}
COMMAND: POST /session/e57c885b60fd8cf462a4cfca6f098091/element/f.0BB93947CC1450395F5B257EF4D67E46.d.F0111C41AA7B29F4FFBFF8D86DC0C44E.e.13205/click - {}
RESULT: {}
RESULT: {}
COMMAND: GET /session/e57c885b60fd8cf462a4cfca6f098091/screenshot - {}
RESULT: {}
COMMAND: POST /session/e57c885b60fd8cf462a4cfca6f098091/element - {"using":"css selector","value":"#j_username"}
COMMAND: POST /session/e57c885b60fd8cf462a4cfca6f098091/url - {"url":"https://qa-testing-00-live-etm-ui.cfapps.eu10-004.hana.ondemand.com/"}
RESULT: {"using":"css selector","value":"#j_username"}
COMMAND: POST /session/e57c885b60fd8cf462a4cfca6f098091/element - {"using":"css selector","value":"#j_username"}
RESULT: {"url":"https://qa-testing-00-live-etm-ui.cfapps.eu10-004.hana.ondemand.com/"}
RESULT: undefined
COMMAND: GET /session/e57c885b60fd8cf462a4cfca6f098091/screenshot - {}
RESULT: {"using":"css selector","value":"#j_username"}
COMMAND: POST /session/e57c885b60fd8cf462a4cfca6f098091/element - {"using":"css selector","value":"#shell-header-logo"}
RESULT: {}
RESULT: {"using":"css selector","value":"#shell-header-logo"}
COMMAND: POST /session/e57c885b60fd8cf462a4cfca6f098091/execute/sync - {"script":"<script> [8489 bytes]","args":[{"element-6066-11e4-a52e-4f735466cecf":"f.0BB93947CC1450395F5B257EF4D67E46.d.2A739766891710F1BE6ADDD8A41479A5.e.13564","ELEMENT":"f.0BB93947CC1450395F5B257EF4D67E46.d.2A739766891710F1BE6ADDD8A41479A5.e.13564"}]}
RESULT: {"script":"<script> [8489 bytes]","args":[{"element-6066-11e4-a52e-4f735466cecf":"f.0BB93947CC1450395F5B257EF4D67E46.d.2A739766891710F1BE6ADDD8A41479A5.e.13564","ELEMENT":"f.0BB93947CC1450395F5B257EF4D67E46.d.2A739766891710F1BE6ADDD8A41479A5.e.13564"}]}
COMMAND: POST /session/e57c885b60fd8cf462a4cfca6f098091/element - {"using":"css selector","value":"#shell-header-logo"}
COMMAND: GET /session/e57c885b60fd8cf462a4cfca6f098091/screenshot - {}
RESULT: {"using":"css selector","value":"#shell-header-logo"}
COMMAND: POST /session/e57c885b60fd8cf462a4cfca6f098091/execute/sync - {"script":"<script> [8489 bytes]","args":[{"element-6066-11e4-a52e-4f735466cecf":"f.0BB93947CC1450395F5B257EF4D67E46.d.2A739766891710F1BE6ADDD8A41479A5.e.13564","ELEMENT":"f.0BB93947CC1450395F5B257EF4D67E46.d.2A739766891710F1BE6ADDD8A41479A5.e.13564"}]}
RESULT: {}
RESULT: {"script":"<script> [8489 bytes]","args":[{"element-6066-11e4-a52e-4f735466cecf":"f.0BB93947CC1450395F5B257EF4D67E46.d.2A739766891710F1BE6ADDD8A41479A5.e.13564","ELEMENT":"f.0BB93947CC1450395F5B257EF4D67E46.d.2A739766891710F1BE6ADDD8A41479A5.e.13564"}]}
COMMAND: POST /session/e57c885b60fd8cf462a4cfca6f098091/execute/sync - {"script":"<script> [5351 bytes]","args":[{"element-6066-11e4-a52e-4f735466cecf":"f.0BB93947CC1450395F5B257EF4D67E46.d.2A739766891710F1BE6ADDD8A41479A5.e.13564","ELEMENT":"f.0BB93947CC1450395F5B257EF4D67E46.d.2A739766891710F1BE6ADDD8A41479A5.e.13564"}]}
COMMAND: GET /session/e57c885b60fd8cf462a4cfca6f098091/screenshot - {}
RESULT: {"script":"<script> [5351 bytes]","args":[{"element-6066-11e4-a52e-4f735466cecf":"f.0BB93947CC1450395F5B257EF4D67E46.d.2A739766891710F1BE6ADDD8A41479A5.e.13564","ELEMENT":"f.0BB93947CC1450395F5B257EF4D67E46.d.2A739766891710F1BE6ADDD8A41479A5.e.13564"}]}
COMMAND: POST /session/e57c885b60fd8cf462a4cfca6f098091/element - {"using":"css selector","value":"#shell-header-logo"}
COMMAND: GET /session/e57c885b60fd8cf462a4cfca6f098091/screenshot - {}
RESULT: {}
RESULT: {"using":"css selector","value":"#shell-header-logo"}
COMMAND: POST /session/e57c885b60fd8cf462a4cfca6f098091/element/f.0BB93947CC1450395F5B257EF4D67E46.d.2A739766891710F1BE6ADDD8A41479A5.e.13564/click - {}
RESULT: {}
RESULT: {}
COMMAND: GET /session/e57c885b60fd8cf462a4cfca6f098091/screenshot - {}
RESULT: {}
COMMAND: POST /session/e57c885b60fd8cf462a4cfca6f098091/execute/async - {"script":"<script> [189 bytes]","args":[]}
RESULT: {"script":"<script> [189 bytes]","args":[]}
COMMAND: POST /session/e57c885b60fd8cf462a4cfca6f098091/execute/async - {"script":"<script> [123 bytes]","args":[]}
RESULT: {"script":"<script> [123 bytes]","args":[]}
COMMAND: POST /session/e57c885b60fd8cf462a4cfca6f098091/timeouts - {"script":"<number>"}
RESULT: {"script":"<number>"}
COMMAND: GET /session/e57c885b60fd8cf462a4cfca6f098091/timeouts - {}
RESULT: {}
RESULT: undefined
COMMAND: POST /session/e57c885b60fd8cf462a4cfca6f098091/execute/async - {"script":"<script> [2676 bytes]","args":[]}
RESULT: {"script":"<script> [2676 bytes]","args":[]}
COMMAND: POST /session/e57c885b60fd8cf462a4cfca6f098091/execute/async - {"script":"<script> [2342 bytes]","args":[{"protocol":"http","hostname":"0.0.0.0","path":"/","capabilities":{"browserName":"chrome","goog:chromeOptions":{"binary":"C:\\Program Files\\Google\\Chrome\\Application\\chrome.exe","args":["--start-maximized"]}},"logLevel":"warn","connectionRetryTimeout":120000,"connectionRetryCount":3,"logLevels":{},"enableDirectConnect":true,"strictSSL":true,"_":"65 more keys: [\"cacheDir\",\"port\",\"requestedCapabilities\",\"automationProtocol\",\"baseUrl\",\"waitforInterval\",\"waitforTimeout\",\"onReload\",\"beforeCommand\",\"afterCommand\",\"rootDir\",\"specs\",\"suites\",\"exclude\",\"groupLogsByTestSpec\",\"excludeDriverLogs\",\"bail\",\"framework\",\"reporters\",\"services\",\"maxInstances\",\"maxInstancesPerCapability\",\"injectGlobals\",\"filesToWatch\",\"execArgv\",\"runnerEnv\",\"runner\",\"shard\",\"specFileRetries\",\"specFileRetriesDelay\",\"specFileRetriesDeferred\",\"reporterSyncInterval\",\"reporterSyncTimeout\",\"cucumberFeaturesWithLineNumbers\",\"autoCompileOpts\",\"mochaOpts\",\"jasmineOpts\",\"cucumberOpts\",\"onPrepare\",\"onWorkerStart\",\"onWorkerEnd\",\"before\",\"beforeSession\",\"beforeSuite\",\"beforeHook\",\"beforeTest\",\"afterTest\",\"afterHook\",\"afterSuite\",\"afterSession\",\"after\",\"onComplete\",\"beforeAssertion\",\"afterAssertion\",\"beforeFeature\",\"beforeScenario\",\"beforeStep\",\"afterStep\",\"afterScenario\",\"afterFeature\",\"_\",\"suite\",\"$0\",\"ignoredWorkerServices\",\"wdi5\"]"}]}
RESULT: {"script":"<script> [2342 bytes]","args":[{"protocol":"http","hostname":"0.0.0.0","path":"/","capabilities":{"browserName":"chrome","goog:chromeOptions":{"binary":"C:\\Program Files\\Google\\Chrome\\Application\\chrome.exe","args":["--start-maximized"]}},"logLevel":"warn","connectionRetryTimeout":120000,"connectionRetryCount":3,"logLevels":{},"enableDirectConnect":true,"strictSSL":true,"_":"65 more keys: [\"cacheDir\",\"port\",\"requestedCapabilities\",\"automationProtocol\",\"baseUrl\",\"waitforInterval\",\"waitforTimeout\",\"onReload\",\"beforeCommand\",\"afterCommand\",\"rootDir\",\"specs\",\"suites\",\"exclude\",\"groupLogsByTestSpec\",\"excludeDriverLogs\",\"bail\",\"framework\",\"reporters\",\"services\",\"maxInstances\",\"maxInstancesPerCapability\",\"injectGlobals\",\"filesToWatch\",\"execArgv\",\"runnerEnv\",\"runner\",\"shard\",\"specFileRetries\",\"specFileRetriesDelay\",\"specFileRetriesDeferred\",\"reporterSyncInterval\",\"reporterSyncTimeout\",\"cucumberFeaturesWithLineNumbers\",\"autoCompileOpts\",\"mochaOpts\",\"jasmineOpts\",\"cucumberOpts\",\"onPrepare\",\"onWorkerStart\",\"onWorkerEnd\",\"before\",\"beforeSession\",\"beforeSuite\",\"beforeHook\",\"beforeTest\",\"afterTest\",\"afterHook\",\"afterSuite\",\"afterSession\",\"after\",\"onComplete\",\"beforeAssertion\",\"afterAssertion\",\"beforeFeature\",\"beforeScenario\",\"beforeStep\",\"afterStep\",\"afterScenario\",\"afterFeature\",\"_\",\"suite\",\"$0\",\"ignoredWorkerServices\",\"wdi5\"]"}]}
COMMAND: POST /session/e57c885b60fd8cf462a4cfca6f098091/execute/async - {"script":"<script> [21126 bytes]","args":[35000]}
RESULT: {"script":"<script> [21126 bytes]","args":[35000]}
COMMAND: POST /session/e57c885b60fd8cf462a4cfca6f098091/window/maximize - {}
RESULT: {}
COMMAND: POST /session/e57c885b60fd8cf462a4cfca6f098091/execute/async - {"script":"<script> [1562 bytes]","args":[{"selector":{"id":"shell-header","interaction":{"idSuffix":"icon"}},"wdio_ui5_key":"shellheader"}]}
COMMAND: GET /session/e57c885b60fd8cf462a4cfca6f098091/screenshot - {}
RESULT: {"script":"<script> [1562 bytes]","args":[{"selector":{"id":"shell-header","interaction":{"idSuffix":"icon"}},"wdio_ui5_key":"shellheader"}]}
RESULT: undefined
COMMAND: POST /session/e57c885b60fd8cf462a4cfca6f098091/refresh - {}
RESULT: {}
RESULT: {}
COMMAND: GET /session/e57c885b60fd8cf462a4cfca6f098091/screenshot - {}
RESULT: {}
COMMAND: POST /session/e57c885b60fd8cf462a4cfca6f098091/refresh - {}
RESULT: {}
COMMAND: GET /session/e57c885b60fd8cf462a4cfca6f098091/screenshot - {}
RESULT: {}
COMMAND: POST /session/e57c885b60fd8cf462a4cfca6f098091/window/fullscreen - {}
RESULT: {}
COMMAND: POST /session/e57c885b60fd8cf462a4cfca6f098091/execute/async - {"script":"<script> [189 bytes]","args":[]}
RESULT: {"script":"<script> [189 bytes]","args":[]}
COMMAND: POST /session/e57c885b60fd8cf462a4cfca6f098091/execute/async - {"script":"<script> [123 bytes]","args":[]}
RESULT: {"script":"<script> [123 bytes]","args":[]}
COMMAND: POST /session/e57c885b60fd8cf462a4cfca6f098091/timeouts - {"script":"<number>"}
RESULT: {"script":"<number>"}
COMMAND: GET /session/e57c885b60fd8cf462a4cfca6f098091/timeouts - {}
RESULT: {}
RESULT: undefined
COMMAND: POST /session/e57c885b60fd8cf462a4cfca6f098091/execute/async - {"script":"<script> [2676 bytes]","args":[]}
RESULT: {"script":"<script> [2676 bytes]","args":[]}
COMMAND: POST /session/e57c885b60fd8cf462a4cfca6f098091/execute/async - {"script":"<script> [2342 bytes]","args":[{"protocol":"http","hostname":"0.0.0.0","path":"/","capabilities":{"browserName":"chrome","goog:chromeOptions":{"binary":"C:\\Program Files\\Google\\Chrome\\Application\\chrome.exe","args":["--start-maximized"]}},"logLevel":"warn","connectionRetryTimeout":120000,"connectionRetryCount":3,"logLevels":{},"enableDirectConnect":true,"strictSSL":true,"_":"65 more keys: [\"cacheDir\",\"port\",\"requestedCapabilities\",\"automationProtocol\",\"baseUrl\",\"waitforInterval\",\"waitforTimeout\",\"onReload\",\"beforeCommand\",\"afterCommand\",\"rootDir\",\"specs\",\"suites\",\"exclude\",\"groupLogsByTestSpec\",\"excludeDriverLogs\",\"bail\",\"framework\",\"reporters\",\"services\",\"maxInstances\",\"maxInstancesPerCapability\",\"injectGlobals\",\"filesToWatch\",\"execArgv\",\"runnerEnv\",\"runner\",\"shard\",\"specFileRetries\",\"specFileRetriesDelay\",\"specFileRetriesDeferred\",\"reporterSyncInterval\",\"reporterSyncTimeout\",\"cucumberFeaturesWithLineNumbers\",\"autoCompileOpts\",\"mochaOpts\",\"jasmineOpts\",\"cucumberOpts\",\"onPrepare\",\"onWorkerStart\",\"onWorkerEnd\",\"before\",\"beforeSession\",\"beforeSuite\",\"beforeHook\",\"beforeTest\",\"afterTest\",\"afterHook\",\"afterSuite\",\"afterSession\",\"after\",\"onComplete\",\"beforeAssertion\",\"afterAssertion\",\"beforeFeature\",\"beforeScenario\",\"beforeStep\",\"afterStep\",\"afterScenario\",\"afterFeature\",\"_\",\"suite\",\"$0\",\"ignoredWorkerServices\",\"wdi5\"]"}]}
RESULT: {"script":"<script> [2342 bytes]","args":[{"protocol":"http","hostname":"0.0.0.0","path":"/","capabilities":{"browserName":"chrome","goog:chromeOptions":{"binary":"C:\\Program Files\\Google\\Chrome\\Application\\chrome.exe","args":["--start-maximized"]}},"logLevel":"warn","connectionRetryTimeout":120000,"connectionRetryCount":3,"logLevels":{},"enableDirectConnect":true,"strictSSL":true,"_":"65 more keys: [\"cacheDir\",\"port\",\"requestedCapabilities\",\"automationProtocol\",\"baseUrl\",\"waitforInterval\",\"waitforTimeout\",\"onReload\",\"beforeCommand\",\"afterCommand\",\"rootDir\",\"specs\",\"suites\",\"exclude\",\"groupLogsByTestSpec\",\"excludeDriverLogs\",\"bail\",\"framework\",\"reporters\",\"services\",\"maxInstances\",\"maxInstancesPerCapability\",\"injectGlobals\",\"filesToWatch\",\"execArgv\",\"runnerEnv\",\"runner\",\"shard\",\"specFileRetries\",\"specFileRetriesDelay\",\"specFileRetriesDeferred\",\"reporterSyncInterval\",\"reporterSyncTimeout\",\"cucumberFeaturesWithLineNumbers\",\"autoCompileOpts\",\"mochaOpts\",\"jasmineOpts\",\"cucumberOpts\",\"onPrepare\",\"onWorkerStart\",\"onWorkerEnd\",\"before\",\"beforeSession\",\"beforeSuite\",\"beforeHook\",\"beforeTest\",\"afterTest\",\"afterHook\",\"afterSuite\",\"afterSession\",\"after\",\"onComplete\",\"beforeAssertion\",\"afterAssertion\",\"beforeFeature\",\"beforeScenario\",\"beforeStep\",\"afterStep\",\"afterScenario\",\"afterFeature\",\"_\",\"suite\",\"$0\",\"ignoredWorkerServices\",\"wdi5\"]"}]}
COMMAND: POST /session/e57c885b60fd8cf462a4cfca6f098091/execute/async - {"script":"<script> [21126 bytes]","args":[35000]}
RESULT: {"script":"<script> [21126 bytes]","args":[35000]}
]]></system-out>
    </testcase>
  </testsuite>
  <testsuite timestamp="2025-04-24T17:48:37" time="821.567" tests="13" failures="0" errors="0" skipped="0">
    <properties>
      <property name="specId" value="0" />
      <property name="suiteName" value="Performance based billing (work days) US139742" />
      <property name="capabilities" value="chrome.135_0_7049_96.windows" />
      <property name="file" value="file:///D:/a/1/s/test/specs/BTS/billing-performance-workdays.spec.js" />
    </properties>
    <testcase classname="chrome.135_0_7049_96.windows.Performance_based_billing_(work_days)_US139742" name="Should create a new yard" time="0.039">
      <system-out><![CDATA[
COMMAND: POST /session/e57c885b60fd8cf462a4cfca6f098091/window/fullscreen - {}
RESULT: {}
]]></system-out>
    </testcase>
    <testcase classname="chrome.135_0_7049_96.windows.Performance_based_billing_(work_days)_US139742" name="Should create a new partner" time="0.003" />
    <testcase classname="chrome.135_0_7049_96.windows.Performance_based_billing_(work_days)_US139742" name="Should create a new site" time="0.006" />
    <testcase classname="chrome.135_0_7049_96.windows.Performance_based_billing_(work_days)_US139742" name="Should do prerequisite steps add equipment" time="133.811">
      <system-out><![CDATA[
COMMAND: POST /session/e57c885b60fd8cf462a4cfca6f098091/execute/async - {"script":"<script> [1562 bytes]","args":[{"selector":{"controlType":"sap.m.GenericTile","properties":{"header":"Manage Resources"}},"wdio_ui5_key":"sapm.GenericTile{\"header\":\"Manage Resources\"}"}]}
RESULT: {"script":"<script> [1562 bytes]","args":[{"selector":{"controlType":"sap.m.GenericTile","properties":{"header":"Manage Resources"}},"wdio_ui5_key":"sapm.GenericTile{\"header\":\"Manage Resources\"}"}]}
RESULT: undefined
COMMAND: POST /session/e57c885b60fd8cf462a4cfca6f098091/element - {"using":"xpath","value":"//*[@id=\"__tile39\"]"}
RESULT: {"using":"xpath","value":"//*[@id=\"__tile39\"]"}
COMMAND: POST /session/e57c885b60fd8cf462a4cfca6f098091/element/f.0BB93947CC1450395F5B257EF4D67E46.d.F2D7347D70C843C5184DF2B97C61BA06.e.13722/click - {}
RESULT: {}
COMMAND: POST /session/e57c885b60fd8cf462a4cfca6f098091/element - {"using":"xpath","value":"//button[@data-kt=\"addNewRUOverflowToolbarButton\"]"}
COMMAND: GET /session/e57c885b60fd8cf462a4cfca6f098091/screenshot - {}
RESULT: {"using":"xpath","value":"//button[@data-kt=\"addNewRUOverflowToolbarButton\"]"}
COMMAND: POST /session/e57c885b60fd8cf462a4cfca6f098091/elements - {"using":"xpath","value":"//button[@data-kt=\"addNewRUOverflowToolbarButton\"]"}
RESULT: {}
RESULT: {"using":"xpath","value":"//button[@data-kt=\"addNewRUOverflowToolbarButton\"]"}
COMMAND: POST /session/e57c885b60fd8cf462a4cfca6f098091/elements - {"using":"xpath","value":"//button[@data-kt=\"addNewRUOverflowToolbarButton\"]"}
RESULT: undefined
RESULT: undefined
RESULT: {"using":"xpath","value":"//button[@data-kt=\"addNewRUOverflowToolbarButton\"]"}
COMMAND: POST /session/e57c885b60fd8cf462a4cfca6f098091/elements - {"using":"xpath","value":"//button[@data-kt=\"addNewRUOverflowToolbarButton\"]"}
RESULT: {"using":"xpath","value":"//button[@data-kt=\"addNewRUOverflowToolbarButton\"]"}
COMMAND: POST /session/e57c885b60fd8cf462a4cfca6f098091/elements - {"using":"xpath","value":"//button[@data-kt=\"addNewRUOverflowToolbarButton\"]"}
RESULT: {"using":"xpath","value":"//button[@data-kt=\"addNewRUOverflowToolbarButton\"]"}
COMMAND: POST /session/e57c885b60fd8cf462a4cfca6f098091/elements - {"using":"xpath","value":"//button[@data-kt=\"addNewRUOverflowToolbarButton\"]"}
RESULT: {"using":"xpath","value":"//button[@data-kt=\"addNewRUOverflowToolbarButton\"]"}
COMMAND: POST /session/e57c885b60fd8cf462a4cfca6f098091/elements - {"using":"xpath","value":"//button[@data-kt=\"addNewRUOverflowToolbarButton\"]"}
RESULT: {"using":"xpath","value":"//button[@data-kt=\"addNewRUOverflowToolbarButton\"]"}
COMMAND: POST /session/e57c885b60fd8cf462a4cfca6f098091/elements - {"using":"xpath","value":"//button[@data-kt=\"addNewRUOverflowToolbarButton\"]"}
RESULT: {"using":"xpath","value":"//button[@data-kt=\"addNewRUOverflowToolbarButton\"]"}
COMMAND: POST /session/e57c885b60fd8cf462a4cfca6f098091/elements - {"using":"xpath","value":"//button[@data-kt=\"addNewRUOverflowToolbarButton\"]"}
RESULT: {"using":"xpath","value":"//button[@data-kt=\"addNewRUOverflowToolbarButton\"]"}
COMMAND: POST /session/e57c885b60fd8cf462a4cfca6f098091/elements - {"using":"xpath","value":"//button[@data-kt=\"addNewRUOverflowToolbarButton\"]"}
RESULT: {"using":"xpath","value":"//button[@data-kt=\"addNewRUOverflowToolbarButton\"]"}
COMMAND: POST /session/e57c885b60fd8cf462a4cfca6f098091/elements - {"using":"xpath","value":"//button[@data-kt=\"addNewRUOverflowToolbarButton\"]"}
RESULT: {"using":"xpath","value":"//button[@data-kt=\"addNewRUOverflowToolbarButton\"]"}
COMMAND: POST /session/e57c885b60fd8cf462a4cfca6f098091/elements - {"using":"xpath","value":"//button[@data-kt=\"addNewRUOverflowToolbarButton\"]"}
RESULT: {"using":"xpath","value":"//button[@data-kt=\"addNewRUOverflowToolbarButton\"]"}
COMMAND: POST /session/e57c885b60fd8cf462a4cfca6f098091/elements - {"using":"xpath","value":"//button[@data-kt=\"addNewRUOverflowToolbarButton\"]"}
RESULT: {"using":"xpath","value":"//button[@data-kt=\"addNewRUOverflowToolbarButton\"]"}
COMMAND: POST /session/e57c885b60fd8cf462a4cfca6f098091/elements - {"using":"xpath","value":"//button[@data-kt=\"addNewRUOverflowToolbarButton\"]"}
RESULT: {"using":"xpath","value":"//button[@data-kt=\"addNewRUOverflowToolbarButton\"]"}
COMMAND: POST /session/e57c885b60fd8cf462a4cfca6f098091/elements - {"using":"xpath","value":"//button[@data-kt=\"addNewRUOverflowToolbarButton\"]"}
RESULT: {"using":"xpath","value":"//button[@data-kt=\"addNewRUOverflowToolbarButton\"]"}
COMMAND: POST /session/e57c885b60fd8cf462a4cfca6f098091/elements - {"using":"xpath","value":"//button[@data-kt=\"addNewRUOverflowToolbarButton\"]"}
RESULT: {"using":"xpath","value":"//button[@data-kt=\"addNewRUOverflowToolbarButton\"]"}
COMMAND: POST /session/e57c885b60fd8cf462a4cfca6f098091/elements - {"using":"xpath","value":"//button[@data-kt=\"addNewRUOverflowToolbarButton\"]"}
RESULT: {"using":"xpath","value":"//button[@data-kt=\"addNewRUOverflowToolbarButton\"]"}
COMMAND: POST /session/e57c885b60fd8cf462a4cfca6f098091/elements - {"using":"xpath","value":"//button[@data-kt=\"addNewRUOverflowToolbarButton\"]"}
RESULT: {"using":"xpath","value":"//button[@data-kt=\"addNewRUOverflowToolbarButton\"]"}
COMMAND: POST /session/e57c885b60fd8cf462a4cfca6f098091/elements - {"using":"xpath","value":"//button[@data-kt=\"addNewRUOverflowToolbarButton\"]"}
RESULT: {"using":"xpath","value":"//button[@data-kt=\"addNewRUOverflowToolbarButton\"]"}
COMMAND: POST /session/e57c885b60fd8cf462a4cfca6f098091/elements - {"using":"xpath","value":"//button[@data-kt=\"addNewRUOverflowToolbarButton\"]"}
RESULT: {"using":"xpath","value":"//button[@data-kt=\"addNewRUOverflowToolbarButton\"]"}
COMMAND: POST /session/e57c885b60fd8cf462a4cfca6f098091/elements - {"using":"xpath","value":"//button[@data-kt=\"addNewRUOverflowToolbarButton\"]"}
RESULT: {"using":"xpath","value":"//button[@data-kt=\"addNewRUOverflowToolbarButton\"]"}
COMMAND: POST /session/e57c885b60fd8cf462a4cfca6f098091/elements - {"using":"xpath","value":"//button[@data-kt=\"addNewRUOverflowToolbarButton\"]"}
RESULT: {"using":"xpath","value":"//button[@data-kt=\"addNewRUOverflowToolbarButton\"]"}
COMMAND: POST /session/e57c885b60fd8cf462a4cfca6f098091/elements - {"using":"xpath","value":"//button[@data-kt=\"addNewRUOverflowToolbarButton\"]"}
RESULT: {"using":"xpath","value":"//button[@data-kt=\"addNewRUOverflowToolbarButton\"]"}
COMMAND: POST /session/e57c885b60fd8cf462a4cfca6f098091/elements - {"using":"xpath","value":"//button[@data-kt=\"addNewRUOverflowToolbarButton\"]"}
RESULT: {"using":"xpath","value":"//button[@data-kt=\"addNewRUOverflowToolbarButton\"]"}
COMMAND: POST /session/e57c885b60fd8cf462a4cfca6f098091/elements - {"using":"xpath","value":"//button[@data-kt=\"addNewRUOverflowToolbarButton\"]"}
RESULT: {"using":"xpath","value":"//button[@data-kt=\"addNewRUOverflowToolbarButton\"]"}
COMMAND: POST /session/e57c885b60fd8cf462a4cfca6f098091/elements - {"using":"xpath","value":"//button[@data-kt=\"addNewRUOverflowToolbarButton\"]"}
RESULT: {"using":"xpath","value":"//button[@data-kt=\"addNewRUOverflowToolbarButton\"]"}
COMMAND: POST /session/e57c885b60fd8cf462a4cfca6f098091/element - {"using":"xpath","value":"//button[@data-kt=\"addNewRUOverflowToolbarButton\"]"}
RESULT: {"using":"xpath","value":"//button[@data-kt=\"addNewRUOverflowToolbarButton\"]"}
COMMAND: POST /session/e57c885b60fd8cf462a4cfca6f098091/execute/sync - {"script":"<script> [8489 bytes]","args":[{"element-6066-11e4-a52e-4f735466cecf":"f.0BB93947CC1450395F5B257EF4D67E46.d.F2D7347D70C843C5184DF2B97C61BA06.e.13857","ELEMENT":"f.0BB93947CC1450395F5B257EF4D67E46.d.F2D7347D70C843C5184DF2B97C61BA06.e.13857"}]}
RESULT: {"script":"<script> [8489 bytes]","args":[{"element-6066-11e4-a52e-4f735466cecf":"f.0BB93947CC1450395F5B257EF4D67E46.d.F2D7347D70C843C5184DF2B97C61BA06.e.13857","ELEMENT":"f.0BB93947CC1450395F5B257EF4D67E46.d.F2D7347D70C843C5184DF2B97C61BA06.e.13857"}]}
COMMAND: GET /session/e57c885b60fd8cf462a4cfca6f098091/element/f.0BB93947CC1450395F5B257EF4D67E46.d.F2D7347D70C843C5184DF2B97C61BA06.e.13857/enabled - {}
COMMAND: GET /session/e57c885b60fd8cf462a4cfca6f098091/screenshot - {}
RESULT: {}
COMMAND: POST /session/e57c885b60fd8cf462a4cfca6f098091/execute/sync - {"script":"<script> [8489 bytes]","args":[{"element-6066-11e4-a52e-4f735466cecf":"f.0BB93947CC1450395F5B257EF4D67E46.d.F2D7347D70C843C5184DF2B97C61BA06.e.13857","ELEMENT":"f.0BB93947CC1450395F5B257EF4D67E46.d.F2D7347D70C843C5184DF2B97C61BA06.e.13857"}]}
COMMAND: GET /session/e57c885b60fd8cf462a4cfca6f098091/screenshot - {}
RESULT: {}
RESULT: {"script":"<script> [8489 bytes]","args":[{"element-6066-11e4-a52e-4f735466cecf":"f.0BB93947CC1450395F5B257EF4D67E46.d.F2D7347D70C843C5184DF2B97C61BA06.e.13857","ELEMENT":"f.0BB93947CC1450395F5B257EF4D67E46.d.F2D7347D70C843C5184DF2B97C61BA06.e.13857"}]}
COMMAND: POST /session/e57c885b60fd8cf462a4cfca6f098091/execute/sync - {"script":"<script> [5351 bytes]","args":[{"element-6066-11e4-a52e-4f735466cecf":"f.0BB93947CC1450395F5B257EF4D67E46.d.F2D7347D70C843C5184DF2B97C61BA06.e.13857","ELEMENT":"f.0BB93947CC1450395F5B257EF4D67E46.d.F2D7347D70C843C5184DF2B97C61BA06.e.13857"}]}
COMMAND: GET /session/e57c885b60fd8cf462a4cfca6f098091/screenshot - {}
RESULT: {}
RESULT: {"script":"<script> [5351 bytes]","args":[{"element-6066-11e4-a52e-4f735466cecf":"f.0BB93947CC1450395F5B257EF4D67E46.d.F2D7347D70C843C5184DF2B97C61BA06.e.13857","ELEMENT":"f.0BB93947CC1450395F5B257EF4D67E46.d.F2D7347D70C843C5184DF2B97C61BA06.e.13857"}]}
COMMAND: POST /session/e57c885b60fd8cf462a4cfca6f098091/element/f.0BB93947CC1450395F5B257EF4D67E46.d.F2D7347D70C843C5184DF2B97C61BA06.e.13857/click - {}
COMMAND: GET /session/e57c885b60fd8cf462a4cfca6f098091/screenshot - {}
RESULT: {}
RESULT: {}
COMMAND: GET /session/e57c885b60fd8cf462a4cfca6f098091/screenshot - {}
RESULT: {}
COMMAND: POST /session/e57c885b60fd8cf462a4cfca6f098091/execute/async - {"script":"<script> [1562 bytes]","args":[{"selector":{"id":"application-manageresources-display-component---newResourceUnit--TYPE-arrow"},"wdio_ui5_key":"applicationmanageresources-display-component---newResourceUnit--TYPE-arrow"}]}
RESULT: {}
RESULT: {"script":"<script> [1562 bytes]","args":[{"selector":{"id":"application-manageresources-display-component---newResourceUnit--TYPE-arrow"},"wdio_ui5_key":"applicationmanageresources-display-component---newResourceUnit--TYPE-arrow"}]}
RESULT: undefined
COMMAND: POST /session/e57c885b60fd8cf462a4cfca6f098091/element - {"using":"xpath","value":"//*[@id=\"application-manageresources-display-component---newResourceUnit--TYPE-arrow\"]"}
RESULT: {"using":"xpath","value":"//*[@id=\"application-manageresources-display-component---newResourceUnit--TYPE-arrow\"]"}
COMMAND: POST /session/e57c885b60fd8cf462a4cfca6f098091/element/f.0BB93947CC1450395F5B257EF4D67E46.d.F2D7347D70C843C5184DF2B97C61BA06.e.14214/click - {}
RESULT: {}
COMMAND: POST /session/e57c885b60fd8cf462a4cfca6f098091/element - {"using":"xpath","value":"//input[@id=\"application-manageresources-display-component---newResourceUnit--TYPE-inner\"]"}
COMMAND: GET /session/e57c885b60fd8cf462a4cfca6f098091/screenshot - {}
RESULT: {"using":"xpath","value":"//input[@id=\"application-manageresources-display-component---newResourceUnit--TYPE-inner\"]"}
COMMAND: POST /session/e57c885b60fd8cf462a4cfca6f098091/element/f.0BB93947CC1450395F5B257EF4D67E46.d.F2D7347D70C843C5184DF2B97C61BA06.e.14209/clear - {}
RESULT: {}
RESULT: {}
COMMAND: POST /session/e57c885b60fd8cf462a4cfca6f098091/element/f.0BB93947CC1450395F5B257EF4D67E46.d.F2D7347D70C843C5184DF2B97C61BA06.e.14209/value - {"text":"Equipment"}
COMMAND: GET /session/e57c885b60fd8cf462a4cfca6f098091/screenshot - {}
RESULT: {"text":"Equipment"}
COMMAND: GET /session/e57c885b60fd8cf462a4cfca6f098091/screenshot - {}
RESULT: {}
RESULT: {}
COMMAND: POST /session/e57c885b60fd8cf462a4cfca6f098091/actions - {"actions":[{"id":"action48","type":"key","parameters":{},"actions":[{"type":"keyDown","value":"î€‡"},{"type":"pause","duration":10},{"type":"keyUp","value":"î€‡"}]}]}
RESULT: {"actions":[{"id":"action48","type":"key","parameters":{},"actions":[{"type":"keyDown","value":"î€‡"},{"type":"pause","duration":10},{"type":"keyUp","value":"î€‡"}]}]}
COMMAND: POST /session/e57c885b60fd8cf462a4cfca6f098091/execute/async - {"script":"<script> [1562 bytes]","args":[{"selector":{"id":"application-manageresources-display-component---newResourceUnit--resourceId","interaction":{"idSuffix":"inner"}},"wdio_ui5_key":"applicationmanageresources-display-component---newResourceUnit--resourceId"}]}
COMMAND: GET /session/e57c885b60fd8cf462a4cfca6f098091/screenshot - {}
RESULT: {"script":"<script> [1562 bytes]","args":[{"selector":{"id":"application-manageresources-display-component---newResourceUnit--resourceId","interaction":{"idSuffix":"inner"}},"wdio_ui5_key":"applicationmanageresources-display-component---newResourceUnit--resourceId"}]}
RESULT: undefined
COMMAND: POST /session/e57c885b60fd8cf462a4cfca6f098091/execute/async - {"script":"<script> [776 bytes]","args":[{"enterText":"6hRLoS4wvB","selector":{"id":"application-manageresources-display-component---newResourceUnit--resourceId","interaction":{"idSuffix":"inner"}},"clearTextFirst":true,"interactionType":"ENTER_TEXT"}]}
RESULT: {}
RESULT: {"script":"<script> [776 bytes]","args":[{"enterText":"6hRLoS4wvB","selector":{"id":"application-manageresources-display-component---newResourceUnit--resourceId","interaction":{"idSuffix":"inner"}},"clearTextFirst":true,"interactionType":"ENTER_TEXT"}]}
COMMAND: POST /session/e57c885b60fd8cf462a4cfca6f098091/execute/async - {"script":"<script> [1562 bytes]","args":[{"selector":{"id":"application-manageresources-display-component---newResourceUnit--SHORT_TEXT","interaction":{"idSuffix":"inner"}},"wdio_ui5_key":"applicationmanageresources-display-component---newResourceUnit--SHORT_TEXT"}]}
RESULT: {"script":"<script> [1562 bytes]","args":[{"selector":{"id":"application-manageresources-display-component---newResourceUnit--SHORT_TEXT","interaction":{"idSuffix":"inner"}},"wdio_ui5_key":"applicationmanageresources-display-component---newResourceUnit--SHORT_TEXT"}]}
RESULT: undefined
COMMAND: POST /session/e57c885b60fd8cf462a4cfca6f098091/execute/async - {"script":"<script> [776 bytes]","args":[{"enterText":"Intercompany Equipment WDIO","selector":{"id":"application-manageresources-display-component---newResourceUnit--SHORT_TEXT","interaction":{"idSuffix":"inner"}},"clearTextFirst":true,"interactionType":"ENTER_TEXT"}]}
RESULT: {"script":"<script> [776 bytes]","args":[{"enterText":"Intercompany Equipment WDIO","selector":{"id":"application-manageresources-display-component---newResourceUnit--SHORT_TEXT","interaction":{"idSuffix":"inner"}},"clearTextFirst":true,"interactionType":"ENTER_TEXT"}]}
COMMAND: POST /session/e57c885b60fd8cf462a4cfca6f098091/execute/async - {"script":"<script> [1562 bytes]","args":[{"selector":{"id":"application-manageresources-display-component---newResourceUnit--BASE_UNIT_OF_MEASURE","interaction":{"idSuffix":"inner"}},"wdio_ui5_key":"applicationmanageresources-display-component---newResourceUnit--BASE_UNIT_OF_MEASURE"}]}
RESULT: {"script":"<script> [1562 bytes]","args":[{"selector":{"id":"application-manageresources-display-component---newResourceUnit--BASE_UNIT_OF_MEASURE","interaction":{"idSuffix":"inner"}},"wdio_ui5_key":"applicationmanageresources-display-component---newResourceUnit--BASE_UNIT_OF_MEASURE"}]}
RESULT: undefined
COMMAND: POST /session/e57c885b60fd8cf462a4cfca6f098091/execute/async - {"script":"<script> [776 bytes]","args":[{"enterText":"Piece","selector":{"id":"application-manageresources-display-component---newResourceUnit--BASE_UNIT_OF_MEASURE","interaction":{"idSuffix":"inner"}},"clearTextFirst":true,"interactionType":"ENTER_TEXT"}]}
RESULT: {"script":"<script> [776 bytes]","args":[{"enterText":"Piece","selector":{"id":"application-manageresources-display-component---newResourceUnit--BASE_UNIT_OF_MEASURE","interaction":{"idSuffix":"inner"}},"clearTextFirst":true,"interactionType":"ENTER_TEXT"}]}
COMMAND: POST /session/e57c885b60fd8cf462a4cfca6f098091/execute/async - {"script":"<script> [1562 bytes]","args":[{"selector":{"id":"application-manageresources-display-component---newResourceUnit--WEIGHT_UNIT","interaction":{"idSuffix":"inner"}},"wdio_ui5_key":"applicationmanageresources-display-component---newResourceUnit--WEIGHT_UNIT"}]}
RESULT: {"script":"<script> [1562 bytes]","args":[{"selector":{"id":"application-manageresources-display-component---newResourceUnit--WEIGHT_UNIT","interaction":{"idSuffix":"inner"}},"wdio_ui5_key":"applicationmanageresources-display-component---newResourceUnit--WEIGHT_UNIT"}]}
RESULT: undefined
COMMAND: POST /session/e57c885b60fd8cf462a4cfca6f098091/execute/async - {"script":"<script> [776 bytes]","args":[{"enterText":"Gram","selector":{"id":"application-manageresources-display-component---newResourceUnit--WEIGHT_UNIT","interaction":{"idSuffix":"inner"}},"clearTextFirst":true,"interactionType":"ENTER_TEXT"}]}
RESULT: {"script":"<script> [776 bytes]","args":[{"enterText":"Gram","selector":{"id":"application-manageresources-display-component---newResourceUnit--WEIGHT_UNIT","interaction":{"idSuffix":"inner"}},"clearTextFirst":true,"interactionType":"ENTER_TEXT"}]}
COMMAND: POST /session/e57c885b60fd8cf462a4cfca6f098091/execute/async - {"script":"<script> [1562 bytes]","args":[{"selector":{"id":"application-manageresources-display-component---newResourceUnit--DIMENSION_UNIT","interaction":{"idSuffix":"inner"}},"wdio_ui5_key":"applicationmanageresources-display-component---newResourceUnit--DIMENSION_UNIT"}]}
RESULT: {"script":"<script> [1562 bytes]","args":[{"selector":{"id":"application-manageresources-display-component---newResourceUnit--DIMENSION_UNIT","interaction":{"idSuffix":"inner"}},"wdio_ui5_key":"applicationmanageresources-display-component---newResourceUnit--DIMENSION_UNIT"}]}
RESULT: undefined
COMMAND: POST /session/e57c885b60fd8cf462a4cfca6f098091/execute/async - {"script":"<script> [776 bytes]","args":[{"enterText":"Meter","selector":{"id":"application-manageresources-display-component---newResourceUnit--DIMENSION_UNIT","interaction":{"idSuffix":"inner"}},"clearTextFirst":true,"interactionType":"ENTER_TEXT"}]}
RESULT: {"script":"<script> [776 bytes]","args":[{"enterText":"Meter","selector":{"id":"application-manageresources-display-component---newResourceUnit--DIMENSION_UNIT","interaction":{"idSuffix":"inner"}},"clearTextFirst":true,"interactionType":"ENTER_TEXT"}]}
COMMAND: POST /session/e57c885b60fd8cf462a4cfca6f098091/execute/async - {"script":"<script> [1562 bytes]","args":[{"selector":{"id":"application-manageresources-display-component---newResourceUnit--newRRUPage-anchBar-application-manageresources-display-component---newResourceUnit--control-anchor","interaction":{"idSuffix":"BDI-content"}},"wdio_ui5_key":"applicationmanageresources-display-component---newResourceUnit--newRRUPage-anchBar-application-manageresources-display-component---newResourceUnit--control-anchor"}]}
RESULT: {"script":"<script> [1562 bytes]","args":[{"selector":{"id":"application-manageresources-display-component---newResourceUnit--newRRUPage-anchBar-application-manageresources-display-component---newResourceUnit--control-anchor","interaction":{"idSuffix":"BDI-content"}},"wdio_ui5_key":"applicationmanageresources-display-component---newResourceUnit--newRRUPage-anchBar-application-manageresources-display-component---newResourceUnit--control-anchor"}]}
RESULT: undefined
COMMAND: POST /session/e57c885b60fd8cf462a4cfca6f098091/element - {"using":"xpath","value":"//*[@id=\"application-manageresources-display-component---newResourceUnit--newRRUPage-anchBar-application-manageresources-display-component---newResourceUnit--control-anchor\"]"}
RESULT: {"using":"xpath","value":"//*[@id=\"application-manageresources-display-component---newResourceUnit--newRRUPage-anchBar-application-manageresources-display-component---newResourceUnit--control-anchor\"]"}
COMMAND: POST /session/e57c885b60fd8cf462a4cfca6f098091/element/f.0BB93947CC1450395F5B257EF4D67E46.d.F2D7347D70C843C5184DF2B97C61BA06.e.14348/click - {}
RESULT: {}
COMMAND: POST /session/e57c885b60fd8cf462a4cfca6f098091/execute/async - {"script":"<script> [1562 bytes]","args":[{"selector":{"id":"application-manageresources-display-component---newResourceUnit--PLANNING_GROUP","interaction":{"idSuffix":"inner"}},"wdio_ui5_key":"applicationmanageresources-display-component---newResourceUnit--PLANNING_GROUP"}]}
COMMAND: GET /session/e57c885b60fd8cf462a4cfca6f098091/screenshot - {}
RESULT: {"script":"<script> [1562 bytes]","args":[{"selector":{"id":"application-manageresources-display-component---newResourceUnit--PLANNING_GROUP","interaction":{"idSuffix":"inner"}},"wdio_ui5_key":"applicationmanageresources-display-component---newResourceUnit--PLANNING_GROUP"}]}
RESULT: undefined
COMMAND: POST /session/e57c885b60fd8cf462a4cfca6f098091/execute/async - {"script":"<script> [776 bytes]","args":[{"enterText":"Heavy Equi","selector":{"id":"application-manageresources-display-component---newResourceUnit--PLANNING_GROUP","interaction":{"idSuffix":"inner"}},"clearTextFirst":true,"interactionType":"ENTER_TEXT"}]}
RESULT: {}
RESULT: {"script":"<script> [776 bytes]","args":[{"enterText":"Heavy Equi","selector":{"id":"application-manageresources-display-component---newResourceUnit--PLANNING_GROUP","interaction":{"idSuffix":"inner"}},"clearTextFirst":true,"interactionType":"ENTER_TEXT"}]}
COMMAND: POST /session/e57c885b60fd8cf462a4cfca6f098091/execute/async - {"script":"<script> [1562 bytes]","args":[{"selector":{"id":"application-manageresources-display-component---newResourceUnit--ITEM_TYPE-arrow"},"wdio_ui5_key":"applicationmanageresources-display-component---newResourceUnit--ITEM_TYPE-arrow"}]}
RESULT: {"script":"<script> [1562 bytes]","args":[{"selector":{"id":"application-manageresources-display-component---newResourceUnit--ITEM_TYPE-arrow"},"wdio_ui5_key":"applicationmanageresources-display-component---newResourceUnit--ITEM_TYPE-arrow"}]}
RESULT: undefined
COMMAND: POST /session/e57c885b60fd8cf462a4cfca6f098091/element - {"using":"xpath","value":"//*[@id=\"application-manageresources-display-component---newResourceUnit--ITEM_TYPE-arrow\"]"}
RESULT: {"using":"xpath","value":"//*[@id=\"application-manageresources-display-component---newResourceUnit--ITEM_TYPE-arrow\"]"}
COMMAND: POST /session/e57c885b60fd8cf462a4cfca6f098091/element/f.0BB93947CC1450395F5B257EF4D67E46.d.F2D7347D70C843C5184DF2B97C61BA06.e.14355/click - {}
RESULT: {}
COMMAND: POST /session/e57c885b60fd8cf462a4cfca6f098091/element - {"using":"xpath","value":"(//span[contains(text(), \"Resource Unit\")])[2]"}
COMMAND: GET /session/e57c885b60fd8cf462a4cfca6f098091/screenshot - {}
RESULT: {"using":"xpath","value":"(//span[contains(text(), \"Resource Unit\")])[2]"}
COMMAND: POST /session/e57c885b60fd8cf462a4cfca6f098091/element/f.0BB93947CC1450395F5B257EF4D67E46.d.F2D7347D70C843C5184DF2B97C61BA06.e.14356/click - {}
RESULT: {}
RESULT: {}
COMMAND: GET /session/e57c885b60fd8cf462a4cfca6f098091/screenshot - {}
RESULT: {}
COMMAND: POST /session/e57c885b60fd8cf462a4cfca6f098091/element - {"using":"css selector","value":"#application-manageresources-display-component---newResourceUnit--btnAddTimeSegment"}
RESULT: {"using":"css selector","value":"#application-manageresources-display-component---newResourceUnit--btnAddTimeSegment"}
COMMAND: GET /session/e57c885b60fd8cf462a4cfca6f098091/element/f.0BB93947CC1450395F5B257EF4D67E46.d.F2D7347D70C843C5184DF2B97C61BA06.e.14357/rect - {}
RESULT: {}
COMMAND: GET /session/e57c885b60fd8cf462a4cfca6f098091/window/rect - {}
RESULT: {}
COMMAND: POST /session/e57c885b60fd8cf462a4cfca6f098091/execute/sync - {"script":"<script> [92 bytes]","args":[]}
RESULT: {"script":"<script> [92 bytes]","args":[]}
COMMAND: POST /session/e57c885b60fd8cf462a4cfca6f098091/actions - {"actions":[{"id":"action49","type":"wheel","parameters":{},"actions":[{"type":"scroll","x":-1888,"y":-32,"deltaX":0,"deltaY":0,"duration":0,"origin":{"element-6066-11e4-a52e-4f735466cecf":"f.0BB93947CC1450395F5B257EF4D67E46.d.F2D7347D70C843C5184DF2B97C61BA06.e.14357"}}]}]}
COMMAND: GET /session/e57c885b60fd8cf462a4cfca6f098091/screenshot - {}
RESULT: {}
COMMAND: POST /session/e57c885b60fd8cf462a4cfca6f098091/execute/sync - {"script":"<script> [79 bytes]","args":[{"element-6066-11e4-a52e-4f735466cecf":"f.0BB93947CC1450395F5B257EF4D67E46.d.F2D7347D70C843C5184DF2B97C61BA06.e.14357","ELEMENT":"f.0BB93947CC1450395F5B257EF4D67E46.d.F2D7347D70C843C5184DF2B97C61BA06.e.14357"},{"block":"start","inline":"nearest"}]}
RESULT: {"script":"<script> [79 bytes]","args":[{"element-6066-11e4-a52e-4f735466cecf":"f.0BB93947CC1450395F5B257EF4D67E46.d.F2D7347D70C843C5184DF2B97C61BA06.e.14357","ELEMENT":"f.0BB93947CC1450395F5B257EF4D67E46.d.F2D7347D70C843C5184DF2B97C61BA06.e.14357"},{"block":"start","inline":"nearest"}]}
COMMAND: POST /session/e57c885b60fd8cf462a4cfca6f098091/execute/async - {"script":"<script> [1562 bytes]","args":[{"selector":{"id":"application-manageresources-display-component---newResourceUnit--btnAddTimeSegment","interaction":{"idSuffix":"inner"}},"wdio_ui5_key":"applicationmanageresources-display-component---newResourceUnit--btnAddTimeSegment"}]}
COMMAND: GET /session/e57c885b60fd8cf462a4cfca6f098091/screenshot - {}
RESULT: {"script":"<script> [1562 bytes]","args":[{"selector":{"id":"application-manageresources-display-component---newResourceUnit--btnAddTimeSegment","interaction":{"idSuffix":"inner"}},"wdio_ui5_key":"applicationmanageresources-display-component---newResourceUnit--btnAddTimeSegment"}]}
RESULT: undefined
COMMAND: POST /session/e57c885b60fd8cf462a4cfca6f098091/element - {"using":"xpath","value":"//*[@id=\"application-manageresources-display-component---newResourceUnit--btnAddTimeSegment\"]"}
RESULT: {}
RESULT: {"using":"xpath","value":"//*[@id=\"application-manageresources-display-component---newResourceUnit--btnAddTimeSegment\"]"}
COMMAND: POST /session/e57c885b60fd8cf462a4cfca6f098091/element/f.0BB93947CC1450395F5B257EF4D67E46.d.F2D7347D70C843C5184DF2B97C61BA06.e.14357/click - {}
RESULT: {}
COMMAND: GET /session/e57c885b60fd8cf462a4cfca6f098091/screenshot - {}
RESULT: {}
COMMAND: POST /session/e57c885b60fd8cf462a4cfca6f098091/element - {"using":"xpath","value":"//input[@id=\"application-manageresources-display-component---newResourceUnit--idRuTSAdmin-application-manageresources-display-component---newResourceUnit--RUTimeSegment-0-inner\"]"}
RESULT: {"using":"xpath","value":"//input[@id=\"application-manageresources-display-component---newResourceUnit--idRuTSAdmin-application-manageresources-display-component---newResourceUnit--RUTimeSegment-0-inner\"]"}
COMMAND: POST /session/e57c885b60fd8cf462a4cfca6f098091/element/f.0BB93947CC1450395F5B257EF4D67E46.d.F2D7347D70C843C5184DF2B97C61BA06.e.14363/clear - {}
RESULT: {}
COMMAND: POST /session/e57c885b60fd8cf462a4cfca6f098091/element/f.0BB93947CC1450395F5B257EF4D67E46.d.F2D7347D70C843C5184DF2B97C61BA06.e.14363/value - {"text":"803"}
COMMAND: GET /session/e57c885b60fd8cf462a4cfca6f098091/screenshot - {}
RESULT: {"text":"803"}
COMMAND: GET /session/e57c885b60fd8cf462a4cfca6f098091/screenshot - {}
RESULT: {}
RESULT: {}
COMMAND: POST /session/e57c885b60fd8cf462a4cfca6f098091/element - {"using":"xpath","value":"//li[.//span[text()='803']]"}
RESULT: {"using":"xpath","value":"//li[.//span[text()='803']]"}
COMMAND: POST /session/e57c885b60fd8cf462a4cfca6f098091/element/f.0BB93947CC1450395F5B257EF4D67E46.d.F2D7347D70C843C5184DF2B97C61BA06.e.14375/click - {}
RESULT: {}
COMMAND: GET /session/e57c885b60fd8cf462a4cfca6f098091/screenshot - {}
RESULT: {}
COMMAND: POST /session/e57c885b60fd8cf462a4cfca6f098091/element - {"using":"xpath","value":"(//span[contains(@id, \"-application-manageresources-display-component---newResourceUnit--RUTimeSegment-0-arrow\")])[6]"}
RESULT: {"using":"xpath","value":"(//span[contains(@id, \"-application-manageresources-display-component---newResourceUnit--RUTimeSegment-0-arrow\")])[6]"}
COMMAND: POST /session/e57c885b60fd8cf462a4cfca6f098091/element/f.0BB93947CC1450395F5B257EF4D67E46.d.F2D7347D70C843C5184DF2B97C61BA06.e.14376/click - {}
RESULT: {}
COMMAND: POST /session/e57c885b60fd8cf462a4cfca6f098091/element - {"using":"xpath","value":"//span[contains(text(), \"PM Order\")]"}
COMMAND: GET /session/e57c885b60fd8cf462a4cfca6f098091/screenshot - {}
RESULT: {"using":"xpath","value":"//span[contains(text(), \"PM Order\")]"}
COMMAND: POST /session/e57c885b60fd8cf462a4cfca6f098091/element/f.0BB93947CC1450395F5B257EF4D67E46.d.F2D7347D70C843C5184DF2B97C61BA06.e.14379/click - {}
RESULT: {}
RESULT: {}
COMMAND: GET /session/e57c885b60fd8cf462a4cfca6f098091/screenshot - {}
RESULT: {}
COMMAND: POST /session/e57c885b60fd8cf462a4cfca6f098091/element - {"using":"xpath","value":"(//span[contains(@id ,\"manageresources-display-component---newResourceUnit--RUTimeSegment-0-vhi\")])[2]"}
RESULT: {"using":"xpath","value":"(//span[contains(@id ,\"manageresources-display-component---newResourceUnit--RUTimeSegment-0-vhi\")])[2]"}
COMMAND: POST /session/e57c885b60fd8cf462a4cfca6f098091/element/f.0BB93947CC1450395F5B257EF4D67E46.d.F2D7347D70C843C5184DF2B97C61BA06.e.14382/click - {}
RESULT: {}
COMMAND: GET /session/e57c885b60fd8cf462a4cfca6f098091/screenshot - {}
RESULT: {}
COMMAND: POST /session/e57c885b60fd8cf462a4cfca6f098091/execute/async - {"script":"<script> [1562 bytes]","args":[{"selector":{"controlType":"sap.m.SearchField","properties":{"placeholder":"Search"},"searchOpenDialogs":true,"interaction":{"idSuffix":"I"}},"wdio_ui5_key":"sapm.SearchField{\"placeholder\":\"Search\"}"}]}
RESULT: {"script":"<script> [1562 bytes]","args":[{"selector":{"controlType":"sap.m.SearchField","properties":{"placeholder":"Search"},"searchOpenDialogs":true,"interaction":{"idSuffix":"I"}},"wdio_ui5_key":"sapm.SearchField{\"placeholder\":\"Search\"}"}]}
RESULT: undefined
COMMAND: POST /session/e57c885b60fd8cf462a4cfca6f098091/execute/async - {"script":"<script> [776 bytes]","args":[{"enterText":"4000360","selector":{"controlType":"sap.m.SearchField","properties":{"placeholder":"Search"},"searchOpenDialogs":true,"interaction":{"idSuffix":"I"}},"clearTextFirst":true,"interactionType":"ENTER_TEXT"}]}
RESULT: {"script":"<script> [776 bytes]","args":[{"enterText":"4000360","selector":{"controlType":"sap.m.SearchField","properties":{"placeholder":"Search"},"searchOpenDialogs":true,"interaction":{"idSuffix":"I"}},"clearTextFirst":true,"interactionType":"ENTER_TEXT"}]}
COMMAND: POST /session/e57c885b60fd8cf462a4cfca6f098091/actions - {"actions":[{"id":"action50","type":"key","parameters":{},"actions":[{"type":"keyDown","value":"î€‡"},{"type":"pause","duration":10},{"type":"keyUp","value":"î€‡"}]}]}
RESULT: {"actions":[{"id":"action50","type":"key","parameters":{},"actions":[{"type":"keyDown","value":"î€‡"},{"type":"pause","duration":10},{"type":"keyUp","value":"î€‡"}]}]}
COMMAND: GET /session/e57c885b60fd8cf462a4cfca6f098091/screenshot - {}
RESULT: {}
COMMAND: POST /session/e57c885b60fd8cf462a4cfca6f098091/element - {"using":"xpath","value":"//td/div/span[contains(text(), \"BGL Vehicles\")]"}
RESULT: {"using":"xpath","value":"//td/div/span[contains(text(), \"BGL Vehicles\")]"}
COMMAND: POST /session/e57c885b60fd8cf462a4cfca6f098091/element/f.0BB93947CC1450395F5B257EF4D67E46.d.F2D7347D70C843C5184DF2B97C61BA06.e.14402/click - {}
RESULT: {}
COMMAND: GET /session/e57c885b60fd8cf462a4cfca6f098091/screenshot - {}
RESULT: {}
COMMAND: POST /session/e57c885b60fd8cf462a4cfca6f098091/element - {"using":"xpath","value":"//bdi[contains(text(), \"OK\")]"}
RESULT: {"using":"xpath","value":"//bdi[contains(text(), \"OK\")]"}
COMMAND: POST /session/e57c885b60fd8cf462a4cfca6f098091/element/f.0BB93947CC1450395F5B257EF4D67E46.d.F2D7347D70C843C5184DF2B97C61BA06.e.14403/click - {}
RESULT: {}
COMMAND: GET /session/e57c885b60fd8cf462a4cfca6f098091/screenshot - {}
RESULT: {}
COMMAND: POST /session/e57c885b60fd8cf462a4cfca6f098091/execute/async - {"script":"<script> [1562 bytes]","args":[{"selector":{"id":"application-manageresources-display-component---newResourceUnit--newRRUPage-anchBar-application-manageresources-display-component---newResourceUnit--resource-anchor","interaction":{"idSuffix":"BDI-content"}},"wdio_ui5_key":"applicationmanageresources-display-component---newResourceUnit--newRRUPage-anchBar-application-manageresources-display-component---newResourceUnit--resource-anchor"}]}
RESULT: {"script":"<script> [1562 bytes]","args":[{"selector":{"id":"application-manageresources-display-component---newResourceUnit--newRRUPage-anchBar-application-manageresources-display-component---newResourceUnit--resource-anchor","interaction":{"idSuffix":"BDI-content"}},"wdio_ui5_key":"applicationmanageresources-display-component---newResourceUnit--newRRUPage-anchBar-application-manageresources-display-component---newResourceUnit--resource-anchor"}]}
RESULT: undefined
COMMAND: POST /session/e57c885b60fd8cf462a4cfca6f098091/element - {"using":"xpath","value":"//*[@id=\"application-manageresources-display-component---newResourceUnit--newRRUPage-anchBar-application-manageresources-display-component---newResourceUnit--resource-anchor\"]"}
RESULT: {"using":"xpath","value":"//*[@id=\"application-manageresources-display-component---newResourceUnit--newRRUPage-anchBar-application-manageresources-display-component---newResourceUnit--resource-anchor\"]"}
COMMAND: POST /session/e57c885b60fd8cf462a4cfca6f098091/element/f.0BB93947CC1450395F5B257EF4D67E46.d.F2D7347D70C843C5184DF2B97C61BA06.e.14407/click - {}
RESULT: {}
COMMAND: POST /session/e57c885b60fd8cf462a4cfca6f098091/execute/async - {"script":"<script> [1562 bytes]","args":[{"selector":{"id":"application-manageresources-display-component---newResourceUnit--PLANNED_DELIVERY_DATE","interaction":{"idSuffix":"inner"}},"wdio_ui5_key":"applicationmanageresources-display-component---newResourceUnit--PLANNED_DELIVERY_DATE"}]}
COMMAND: GET /session/e57c885b60fd8cf462a4cfca6f098091/screenshot - {}
RESULT: {"script":"<script> [1562 bytes]","args":[{"selector":{"id":"application-manageresources-display-component---newResourceUnit--PLANNED_DELIVERY_DATE","interaction":{"idSuffix":"inner"}},"wdio_ui5_key":"applicationmanageresources-display-component---newResourceUnit--PLANNED_DELIVERY_DATE"}]}
RESULT: undefined
COMMAND: POST /session/e57c885b60fd8cf462a4cfca6f098091/execute/async - {"script":"<script> [6424 bytes]","args":[{"element-6066-11e4-a52e-4f735466cecf":"f.0BB93947CC1450395F5B257EF4D67E46.d.F2D7347D70C843C5184DF2B97C61BA06.e.14271"},"setValue",["4/24/25"]]}
RESULT: {}
RESULT: {"script":"<script> [6424 bytes]","args":[{"element-6066-11e4-a52e-4f735466cecf":"f.0BB93947CC1450395F5B257EF4D67E46.d.F2D7347D70C843C5184DF2B97C61BA06.e.14271"},"setValue",["4/24/25"]]}
COMMAND: POST /session/e57c885b60fd8cf462a4cfca6f098091/element - {"using":"xpath","value":"//button[@data-kt=\"resourceUnitSaveButton\"]"}
RESULT: {"using":"xpath","value":"//button[@data-kt=\"resourceUnitSaveButton\"]"}
COMMAND: POST /session/e57c885b60fd8cf462a4cfca6f098091/element/f.0BB93947CC1450395F5B257EF4D67E46.d.F2D7347D70C843C5184DF2B97C61BA06.e.14232/click - {}
RESULT: {}
COMMAND: GET /session/e57c885b60fd8cf462a4cfca6f098091/screenshot - {}
RESULT: {}
COMMAND: POST /session/e57c885b60fd8cf462a4cfca6f098091/element - {"using":"xpath","value":"//bdi[contains(text(), \"Close\")]"}
RESULT: {"using":"xpath","value":"//bdi[contains(text(), \"Close\")]"}
COMMAND: POST /session/e57c885b60fd8cf462a4cfca6f098091/element/f.0BB93947CC1450395F5B257EF4D67E46.d.F2D7347D70C843C5184DF2B97C61BA06.e.14416/click - {}
RESULT: {}
COMMAND: GET /session/e57c885b60fd8cf462a4cfca6f098091/screenshot - {}
RESULT: {}
COMMAND: POST /session/e57c885b60fd8cf462a4cfca6f098091/element - {"using":"xpath","value":"(//button[contains(@id ,\"actionsToolbar-overflowButton\")])[1]"}
RESULT: {"using":"xpath","value":"(//button[contains(@id ,\"actionsToolbar-overflowButton\")])[1]"}
COMMAND: POST /session/e57c885b60fd8cf462a4cfca6f098091/element/f.0BB93947CC1450395F5B257EF4D67E46.d.F2D7347D70C843C5184DF2B97C61BA06.e.14469/click - {}
RESULT: {}
COMMAND: GET /session/e57c885b60fd8cf462a4cfca6f098091/screenshot - {}
RESULT: {}
COMMAND: POST /session/e57c885b60fd8cf462a4cfca6f098091/element - {"using":"xpath","value":"//button[@data-kt=\"priceInfoButton\"]"}
RESULT: {"using":"xpath","value":"//button[@data-kt=\"priceInfoButton\"]"}
COMMAND: POST /session/e57c885b60fd8cf462a4cfca6f098091/element/f.0BB93947CC1450395F5B257EF4D67E46.d.F2D7347D70C843C5184DF2B97C61BA06.e.14471/click - {}
RESULT: {}
COMMAND: GET /session/e57c885b60fd8cf462a4cfca6f098091/screenshot - {}
]]></system-out>
    </testcase>
    <testcase classname="chrome.135_0_7049_96.windows.Performance_based_billing_(work_days)_US139742" name="Should create a pricing rule perf based on the equipment" time="54.569">
      <system-out><![CDATA[
COMMAND: POST /session/e57c885b60fd8cf462a4cfca6f098091/element - {"using":"xpath","value":"//button[@data-kt=\"addButton\"]"}
RESULT: {}
RESULT: {"using":"xpath","value":"//button[@data-kt=\"addButton\"]"}
COMMAND: POST /session/e57c885b60fd8cf462a4cfca6f098091/elements - {"using":"xpath","value":"//button[@data-kt=\"addButton\"]"}
RESULT: {"using":"xpath","value":"//button[@data-kt=\"addButton\"]"}
COMMAND: POST /session/e57c885b60fd8cf462a4cfca6f098091/elements - {"using":"xpath","value":"//button[@data-kt=\"addButton\"]"}
RESULT: {"using":"xpath","value":"//button[@data-kt=\"addButton\"]"}
COMMAND: POST /session/e57c885b60fd8cf462a4cfca6f098091/element - {"using":"xpath","value":"//button[@data-kt=\"addButton\"]"}
RESULT: {"using":"xpath","value":"//button[@data-kt=\"addButton\"]"}
COMMAND: POST /session/e57c885b60fd8cf462a4cfca6f098091/execute/sync - {"script":"<script> [8489 bytes]","args":[{"element-6066-11e4-a52e-4f735466cecf":"f.0BB93947CC1450395F5B257EF4D67E46.d.F2D7347D70C843C5184DF2B97C61BA06.e.14507","ELEMENT":"f.0BB93947CC1450395F5B257EF4D67E46.d.F2D7347D70C843C5184DF2B97C61BA06.e.14507"}]}
RESULT: {"script":"<script> [8489 bytes]","args":[{"element-6066-11e4-a52e-4f735466cecf":"f.0BB93947CC1450395F5B257EF4D67E46.d.F2D7347D70C843C5184DF2B97C61BA06.e.14507","ELEMENT":"f.0BB93947CC1450395F5B257EF4D67E46.d.F2D7347D70C843C5184DF2B97C61BA06.e.14507"}]}
COMMAND: GET /session/e57c885b60fd8cf462a4cfca6f098091/element/f.0BB93947CC1450395F5B257EF4D67E46.d.F2D7347D70C843C5184DF2B97C61BA06.e.14507/enabled - {}
COMMAND: GET /session/e57c885b60fd8cf462a4cfca6f098091/screenshot - {}
RESULT: {}
COMMAND: POST /session/e57c885b60fd8cf462a4cfca6f098091/execute/sync - {"script":"<script> [8489 bytes]","args":[{"element-6066-11e4-a52e-4f735466cecf":"f.0BB93947CC1450395F5B257EF4D67E46.d.F2D7347D70C843C5184DF2B97C61BA06.e.14507","ELEMENT":"f.0BB93947CC1450395F5B257EF4D67E46.d.F2D7347D70C843C5184DF2B97C61BA06.e.14507"}]}
COMMAND: GET /session/e57c885b60fd8cf462a4cfca6f098091/screenshot - {}
RESULT: {}
RESULT: {"script":"<script> [8489 bytes]","args":[{"element-6066-11e4-a52e-4f735466cecf":"f.0BB93947CC1450395F5B257EF4D67E46.d.F2D7347D70C843C5184DF2B97C61BA06.e.14507","ELEMENT":"f.0BB93947CC1450395F5B257EF4D67E46.d.F2D7347D70C843C5184DF2B97C61BA06.e.14507"}]}
COMMAND: POST /session/e57c885b60fd8cf462a4cfca6f098091/execute/sync - {"script":"<script> [5351 bytes]","args":[{"element-6066-11e4-a52e-4f735466cecf":"f.0BB93947CC1450395F5B257EF4D67E46.d.F2D7347D70C843C5184DF2B97C61BA06.e.14507","ELEMENT":"f.0BB93947CC1450395F5B257EF4D67E46.d.F2D7347D70C843C5184DF2B97C61BA06.e.14507"}]}
COMMAND: GET /session/e57c885b60fd8cf462a4cfca6f098091/screenshot - {}
RESULT: {}
RESULT: {"script":"<script> [5351 bytes]","args":[{"element-6066-11e4-a52e-4f735466cecf":"f.0BB93947CC1450395F5B257EF4D67E46.d.F2D7347D70C843C5184DF2B97C61BA06.e.14507","ELEMENT":"f.0BB93947CC1450395F5B257EF4D67E46.d.F2D7347D70C843C5184DF2B97C61BA06.e.14507"}]}
COMMAND: POST /session/e57c885b60fd8cf462a4cfca6f098091/element/f.0BB93947CC1450395F5B257EF4D67E46.d.F2D7347D70C843C5184DF2B97C61BA06.e.14507/click - {}
COMMAND: GET /session/e57c885b60fd8cf462a4cfca6f098091/screenshot - {}
RESULT: {}
RESULT: {}
COMMAND: GET /session/e57c885b60fd8cf462a4cfca6f098091/screenshot - {}
RESULT: {}
RESULT: {}
COMMAND: POST /session/e57c885b60fd8cf462a4cfca6f098091/execute/async - {"script":"<script> [1562 bytes]","args":[{"selector":{"controlType":"sap.m.Title","viewName":"etm.portal.ui.managepricingrules.view.NewItem","viewId":"application-managepricingrules-display-component---newInfoPriceItem","properties":{"text":"New Pricing Rules - Item Level"}},"wdio_ui5_key":"etmportal.ui.managepricingrules.view.NewItemsap.m.Title{\"text\":\"New Pricing Rules - Item Level\"}"}]}
RESULT: {"script":"<script> [1562 bytes]","args":[{"selector":{"controlType":"sap.m.Title","viewName":"etm.portal.ui.managepricingrules.view.NewItem","viewId":"application-managepricingrules-display-component---newInfoPriceItem","properties":{"text":"New Pricing Rules - Item Level"}},"wdio_ui5_key":"etmportal.ui.managepricingrules.view.NewItemsap.m.Title{\"text\":\"New Pricing Rules - Item Level\"}"}]}
RESULT: undefined
COMMAND: POST /session/e57c885b60fd8cf462a4cfca6f098091/execute/async - {"script":"<script> [6424 bytes]","args":[{"element-6066-11e4-a52e-4f735466cecf":"f.0BB93947CC1450395F5B257EF4D67E46.d.F2D7347D70C843C5184DF2B97C61BA06.e.14680"},"getText",[]]}
RESULT: {"script":"<script> [6424 bytes]","args":[{"element-6066-11e4-a52e-4f735466cecf":"f.0BB93947CC1450395F5B257EF4D67E46.d.F2D7347D70C843C5184DF2B97C61BA06.e.14680"},"getText",[]]}
COMMAND: POST /session/e57c885b60fd8cf462a4cfca6f098091/execute/async - {"script":"<script> [1562 bytes]","args":[{"selector":{"id":"application-managepricingrules-display-component---newInfoPriceItem--condValidTo","interaction":{"idSuffix":"inner"}},"wdio_ui5_key":"applicationmanagepricingrules-display-component---newInfoPriceItem--condValidTo"}]}
RESULT: {"script":"<script> [1562 bytes]","args":[{"selector":{"id":"application-managepricingrules-display-component---newInfoPriceItem--condValidTo","interaction":{"idSuffix":"inner"}},"wdio_ui5_key":"applicationmanagepricingrules-display-component---newInfoPriceItem--condValidTo"}]}
RESULT: undefined
COMMAND: POST /session/e57c885b60fd8cf462a4cfca6f098091/execute/async - {"script":"<script> [776 bytes]","args":[{"enterText":"12/24/25","selector":{"id":"application-managepricingrules-display-component---newInfoPriceItem--condValidTo","interaction":{"idSuffix":"inner"}},"clearTextFirst":true,"interactionType":"ENTER_TEXT"}]}
RESULT: {"script":"<script> [776 bytes]","args":[{"enterText":"12/24/25","selector":{"id":"application-managepricingrules-display-component---newInfoPriceItem--condValidTo","interaction":{"idSuffix":"inner"}},"clearTextFirst":true,"interactionType":"ENTER_TEXT"}]}
COMMAND: POST /session/e57c885b60fd8cf462a4cfca6f098091/execute/async - {"script":"<script> [1562 bytes]","args":[{"selector":{"id":"application-managepricingrules-display-component---newInfoPriceItem--billType-arrow"},"wdio_ui5_key":"applicationmanagepricingrules-display-component---newInfoPriceItem--billType-arrow"}]}
RESULT: {"script":"<script> [1562 bytes]","args":[{"selector":{"id":"application-managepricingrules-display-component---newInfoPriceItem--billType-arrow"},"wdio_ui5_key":"applicationmanagepricingrules-display-component---newInfoPriceItem--billType-arrow"}]}
RESULT: undefined
COMMAND: POST /session/e57c885b60fd8cf462a4cfca6f098091/element - {"using":"xpath","value":"//*[@id=\"application-managepricingrules-display-component---newInfoPriceItem--billType-arrow\"]"}
RESULT: {"using":"xpath","value":"//*[@id=\"application-managepricingrules-display-component---newInfoPriceItem--billType-arrow\"]"}
COMMAND: POST /session/e57c885b60fd8cf462a4cfca6f098091/element/f.0BB93947CC1450395F5B257EF4D67E46.d.F2D7347D70C843C5184DF2B97C61BA06.e.14639/click - {}
RESULT: {}
COMMAND: POST /session/e57c885b60fd8cf462a4cfca6f098091/element - {"using":"xpath","value":"//span[contains(text(), \"PB - Performance based\")]"}
COMMAND: GET /session/e57c885b60fd8cf462a4cfca6f098091/screenshot - {}
RESULT: {"using":"xpath","value":"//span[contains(text(), \"PB - Performance based\")]"}
COMMAND: POST /session/e57c885b60fd8cf462a4cfca6f098091/element/f.0BB93947CC1450395F5B257EF4D67E46.d.F2D7347D70C843C5184DF2B97C61BA06.e.14682/click - {}
RESULT: {}
RESULT: {}
COMMAND: POST /session/e57c885b60fd8cf462a4cfca6f098091/execute/async - {"script":"<script> [1562 bytes]","args":[{"selector":{"id":"application-managepricingrules-display-component---newInfoPriceItem--priceProc-arrow"},"wdio_ui5_key":"applicationmanagepricingrules-display-component---newInfoPriceItem--priceProc-arrow"}]}
COMMAND: GET /session/e57c885b60fd8cf462a4cfca6f098091/screenshot - {}
RESULT: {"script":"<script> [1562 bytes]","args":[{"selector":{"id":"application-managepricingrules-display-component---newInfoPriceItem--priceProc-arrow"},"wdio_ui5_key":"applicationmanagepricingrules-display-component---newInfoPriceItem--priceProc-arrow"}]}
RESULT: undefined
COMMAND: POST /session/e57c885b60fd8cf462a4cfca6f098091/element - {"using":"xpath","value":"//*[@id=\"application-managepricingrules-display-component---newInfoPriceItem--priceProc-arrow\"]"}
RESULT: {}
RESULT: {"using":"xpath","value":"//*[@id=\"application-managepricingrules-display-component---newInfoPriceItem--priceProc-arrow\"]"}
COMMAND: POST /session/e57c885b60fd8cf462a4cfca6f098091/element/f.0BB93947CC1450395F5B257EF4D67E46.d.F2D7347D70C843C5184DF2B97C61BA06.e.14646/click - {}
RESULT: {}
COMMAND: POST /session/e57c885b60fd8cf462a4cfca6f098091/element - {"using":"xpath","value":"//span[contains(text(), \"PRF - Performance based\")]"}
COMMAND: GET /session/e57c885b60fd8cf462a4cfca6f098091/screenshot - {}
RESULT: {"using":"xpath","value":"//span[contains(text(), \"PRF - Performance based\")]"}
COMMAND: POST /session/e57c885b60fd8cf462a4cfca6f098091/element/f.0BB93947CC1450395F5B257EF4D67E46.d.F2D7347D70C843C5184DF2B97C61BA06.e.14683/click - {}
RESULT: {}
RESULT: {}
COMMAND: POST /session/e57c885b60fd8cf462a4cfca6f098091/execute/async - {"script":"<script> [1562 bytes]","args":[{"selector":{"id":"application-managepricingrules-display-component---newInfoPriceItem--calcBase-arrow"},"wdio_ui5_key":"applicationmanagepricingrules-display-component---newInfoPriceItem--calcBase-arrow"}]}
COMMAND: GET /session/e57c885b60fd8cf462a4cfca6f098091/screenshot - {}
RESULT: {"script":"<script> [1562 bytes]","args":[{"selector":{"id":"application-managepricingrules-display-component---newInfoPriceItem--calcBase-arrow"},"wdio_ui5_key":"applicationmanagepricingrules-display-component---newInfoPriceItem--calcBase-arrow"}]}
RESULT: undefined
COMMAND: POST /session/e57c885b60fd8cf462a4cfca6f098091/element - {"using":"xpath","value":"//*[@id=\"application-managepricingrules-display-component---newInfoPriceItem--calcBase-arrow\"]"}
RESULT: {}
RESULT: {"using":"xpath","value":"//*[@id=\"application-managepricingrules-display-component---newInfoPriceItem--calcBase-arrow\"]"}
COMMAND: POST /session/e57c885b60fd8cf462a4cfca6f098091/element/f.0BB93947CC1450395F5B257EF4D67E46.d.F2D7347D70C843C5184DF2B97C61BA06.e.14653/click - {}
RESULT: {}
COMMAND: GET /session/e57c885b60fd8cf462a4cfca6f098091/screenshot - {}
RESULT: {}
COMMAND: POST /session/e57c885b60fd8cf462a4cfca6f098091/element - {"using":"xpath","value":"//span[contains(text(), \"0007 - PB(work days)\")]"}
RESULT: {"using":"xpath","value":"//span[contains(text(), \"0007 - PB(work days)\")]"}
COMMAND: POST /session/e57c885b60fd8cf462a4cfca6f098091/element/f.0BB93947CC1450395F5B257EF4D67E46.d.F2D7347D70C843C5184DF2B97C61BA06.e.14684/click - {}
RESULT: {}
COMMAND: GET /session/e57c885b60fd8cf462a4cfca6f098091/screenshot - {}
RESULT: {}
COMMAND: POST /session/e57c885b60fd8cf462a4cfca6f098091/execute/async - {"script":"<script> [1562 bytes]","args":[{"selector":{"id":"application-managepricingrules-display-component---newInfoPriceItem--hoursMonth","interaction":{"idSuffix":"inner"}},"wdio_ui5_key":"applicationmanagepricingrules-display-component---newInfoPriceItem--hoursMonth"}]}
RESULT: {"script":"<script> [1562 bytes]","args":[{"selector":{"id":"application-managepricingrules-display-component---newInfoPriceItem--hoursMonth","interaction":{"idSuffix":"inner"}},"wdio_ui5_key":"applicationmanagepricingrules-display-component---newInfoPriceItem--hoursMonth"}]}
RESULT: undefined
COMMAND: POST /session/e57c885b60fd8cf462a4cfca6f098091/execute/async - {"script":"<script> [776 bytes]","args":[{"enterText":"160","selector":{"id":"application-managepricingrules-display-component---newInfoPriceItem--hoursMonth","interaction":{"idSuffix":"inner"}},"clearTextFirst":true,"interactionType":"ENTER_TEXT"}]}
RESULT: {"script":"<script> [776 bytes]","args":[{"enterText":"160","selector":{"id":"application-managepricingrules-display-component---newInfoPriceItem--hoursMonth","interaction":{"idSuffix":"inner"}},"clearTextFirst":true,"interactionType":"ENTER_TEXT"}]}
COMMAND: POST /session/e57c885b60fd8cf462a4cfca6f098091/element - {"using":"xpath","value":"//button[@data-kt=\"saveNewRuleButton\"]"}
RESULT: {"using":"xpath","value":"//button[@data-kt=\"saveNewRuleButton\"]"}
COMMAND: POST /session/e57c885b60fd8cf462a4cfca6f098091/element/f.0BB93947CC1450395F5B257EF4D67E46.d.F2D7347D70C843C5184DF2B97C61BA06.e.14673/click - {}
RESULT: {}
COMMAND: GET /session/e57c885b60fd8cf462a4cfca6f098091/screenshot - {}
RESULT: {}
COMMAND: POST /session/e57c885b60fd8cf462a4cfca6f098091/execute/async - {"script":"<script> [1562 bytes]","args":[{"selector":{"id":"application-managepricingrules-display-component---priceInfoItem--smartFilterBar-btnBasicSearch","interaction":{"idSuffix":"I"}},"wdio_ui5_key":"applicationmanagepricingrules-display-component---priceInfoItem--smartFilterBar-btnBasicSearch"}]}
RESULT: {"script":"<script> [1562 bytes]","args":[{"selector":{"id":"application-managepricingrules-display-component---priceInfoItem--smartFilterBar-btnBasicSearch","interaction":{"idSuffix":"I"}},"wdio_ui5_key":"applicationmanagepricingrules-display-component---priceInfoItem--smartFilterBar-btnBasicSearch"}]}
RESULT: undefined
COMMAND: POST /session/e57c885b60fd8cf462a4cfca6f098091/execute/async - {"script":"<script> [776 bytes]","args":[{"enterText":"6hRLoS4wvB","selector":{"id":"application-managepricingrules-display-component---priceInfoItem--smartFilterBar-btnBasicSearch","interaction":{"idSuffix":"I"}},"clearTextFirst":true,"interactionType":"ENTER_TEXT"}]}
RESULT: {"script":"<script> [776 bytes]","args":[{"enterText":"6hRLoS4wvB","selector":{"id":"application-managepricingrules-display-component---priceInfoItem--smartFilterBar-btnBasicSearch","interaction":{"idSuffix":"I"}},"clearTextFirst":true,"interactionType":"ENTER_TEXT"}]}
COMMAND: POST /session/e57c885b60fd8cf462a4cfca6f098091/actions - {"actions":[{"id":"action51","type":"key","parameters":{},"actions":[{"type":"keyDown","value":"î€‡"},{"type":"pause","duration":10},{"type":"keyUp","value":"î€‡"}]}]}
RESULT: {"actions":[{"id":"action51","type":"key","parameters":{},"actions":[{"type":"keyDown","value":"î€‡"},{"type":"pause","duration":10},{"type":"keyUp","value":"î€‡"}]}]}
COMMAND: GET /session/e57c885b60fd8cf462a4cfca6f098091/screenshot - {}
RESULT: {}
COMMAND: POST /session/e57c885b60fd8cf462a4cfca6f098091/element - {"using":"xpath","value":"//span[@id=\"application-managepricingrules-display-component---priceInfoItem--smartTable-header-inner\"]"}
RESULT: {"using":"xpath","value":"//span[@id=\"application-managepricingrules-display-component---priceInfoItem--smartTable-header-inner\"]"}
COMMAND: POST /session/e57c885b60fd8cf462a4cfca6f098091/elements - {"using":"xpath","value":"//span[@id=\"application-managepricingrules-display-component---priceInfoItem--smartTable-header-inner\"]"}
RESULT: {"using":"xpath","value":"//span[@id=\"application-managepricingrules-display-component---priceInfoItem--smartTable-header-inner\"]"}
COMMAND: POST /session/e57c885b60fd8cf462a4cfca6f098091/execute/sync - {"script":"<script> [56 bytes]","args":[{"element-6066-11e4-a52e-4f735466cecf":"f.0BB93947CC1450395F5B257EF4D67E46.d.F2D7347D70C843C5184DF2B97C61BA06.e.14708","ELEMENT":"f.0BB93947CC1450395F5B257EF4D67E46.d.F2D7347D70C843C5184DF2B97C61BA06.e.14708"}]}
RESULT: {"script":"<script> [56 bytes]","args":[{"element-6066-11e4-a52e-4f735466cecf":"f.0BB93947CC1450395F5B257EF4D67E46.d.F2D7347D70C843C5184DF2B97C61BA06.e.14708","ELEMENT":"f.0BB93947CC1450395F5B257EF4D67E46.d.F2D7347D70C843C5184DF2B97C61BA06.e.14708"}]}
COMMAND: POST /session/e57c885b60fd8cf462a4cfca6f098091/element - {"using":"css selector","value":"#shell-header-logo"}
COMMAND: GET /session/e57c885b60fd8cf462a4cfca6f098091/screenshot - {}
RESULT: {"using":"css selector","value":"#shell-header-logo"}
COMMAND: POST /session/e57c885b60fd8cf462a4cfca6f098091/element/f.0BB93947CC1450395F5B257EF4D67E46.d.F2D7347D70C843C5184DF2B97C61BA06.e.13830/click - {}
RESULT: {}
RESULT: {}
COMMAND: GET /session/e57c885b60fd8cf462a4cfca6f098091/screenshot - {}
RESULT: {}
]]></system-out>
    </testcase>
    <testcase classname="chrome.135_0_7049_96.windows.Performance_based_billing_(work_days)_US139742" name="Should create a performance based billing condition on the equipment" time="71.485">
      <system-out><![CDATA[
COMMAND: POST /session/e57c885b60fd8cf462a4cfca6f098091/execute/async - {"script":"<script> [1562 bytes]","args":[{"selector":{"controlType":"sap.m.Text","properties":{"text":"Manage Conditions & Prices"},"interaction":{"idSuffix":"inner"}},"wdio_ui5_key":"sapm.Text{\"text\":\"Manage Conditions & Prices\"}"}]}
RESULT: {"script":"<script> [1562 bytes]","args":[{"selector":{"controlType":"sap.m.Text","properties":{"text":"Manage Conditions & Prices"},"interaction":{"idSuffix":"inner"}},"wdio_ui5_key":"sapm.Text{\"text\":\"Manage Conditions & Prices\"}"}]}
RESULT: undefined
COMMAND: POST /session/e57c885b60fd8cf462a4cfca6f098091/element - {"using":"xpath","value":"//*[@id=\"__tile53-title\"]"}
RESULT: {"using":"xpath","value":"//*[@id=\"__tile53-title\"]"}
COMMAND: POST /session/e57c885b60fd8cf462a4cfca6f098091/element/f.0BB93947CC1450395F5B257EF4D67E46.d.F2D7347D70C843C5184DF2B97C61BA06.e.14711/click - {}
RESULT: {}
COMMAND: POST /session/e57c885b60fd8cf462a4cfca6f098091/element - {"using":"xpath","value":"//button[@aria-label=\"Create\"]"}
COMMAND: GET /session/e57c885b60fd8cf462a4cfca6f098091/screenshot - {}
RESULT: {"using":"xpath","value":"//button[@aria-label=\"Create\"]"}
COMMAND: POST /session/e57c885b60fd8cf462a4cfca6f098091/elements - {"using":"xpath","value":"//button[@aria-label=\"Create\"]"}
RESULT: {}
RESULT: {"using":"xpath","value":"//button[@aria-label=\"Create\"]"}
COMMAND: POST /session/e57c885b60fd8cf462a4cfca6f098091/element - {"using":"xpath","value":"//button[@aria-label=\"Create\"]"}
RESULT: {"using":"xpath","value":"//button[@aria-label=\"Create\"]"}
COMMAND: POST /session/e57c885b60fd8cf462a4cfca6f098091/execute/sync - {"script":"<script> [8489 bytes]","args":[{"element-6066-11e4-a52e-4f735466cecf":"f.0BB93947CC1450395F5B257EF4D67E46.d.F2D7347D70C843C5184DF2B97C61BA06.e.14743","ELEMENT":"f.0BB93947CC1450395F5B257EF4D67E46.d.F2D7347D70C843C5184DF2B97C61BA06.e.14743"}]}
RESULT: {"script":"<script> [8489 bytes]","args":[{"element-6066-11e4-a52e-4f735466cecf":"f.0BB93947CC1450395F5B257EF4D67E46.d.F2D7347D70C843C5184DF2B97C61BA06.e.14743","ELEMENT":"f.0BB93947CC1450395F5B257EF4D67E46.d.F2D7347D70C843C5184DF2B97C61BA06.e.14743"}]}
COMMAND: GET /session/e57c885b60fd8cf462a4cfca6f098091/element/f.0BB93947CC1450395F5B257EF4D67E46.d.F2D7347D70C843C5184DF2B97C61BA06.e.14743/enabled - {}
COMMAND: GET /session/e57c885b60fd8cf462a4cfca6f098091/screenshot - {}
RESULT: {}
COMMAND: POST /session/e57c885b60fd8cf462a4cfca6f098091/execute/sync - {"script":"<script> [8489 bytes]","args":[{"element-6066-11e4-a52e-4f735466cecf":"f.0BB93947CC1450395F5B257EF4D67E46.d.F2D7347D70C843C5184DF2B97C61BA06.e.14743","ELEMENT":"f.0BB93947CC1450395F5B257EF4D67E46.d.F2D7347D70C843C5184DF2B97C61BA06.e.14743"}]}
COMMAND: GET /session/e57c885b60fd8cf462a4cfca6f098091/screenshot - {}
RESULT: {}
RESULT: {"script":"<script> [8489 bytes]","args":[{"element-6066-11e4-a52e-4f735466cecf":"f.0BB93947CC1450395F5B257EF4D67E46.d.F2D7347D70C843C5184DF2B97C61BA06.e.14743","ELEMENT":"f.0BB93947CC1450395F5B257EF4D67E46.d.F2D7347D70C843C5184DF2B97C61BA06.e.14743"}]}
COMMAND: POST /session/e57c885b60fd8cf462a4cfca6f098091/execute/sync - {"script":"<script> [5351 bytes]","args":[{"element-6066-11e4-a52e-4f735466cecf":"f.0BB93947CC1450395F5B257EF4D67E46.d.F2D7347D70C843C5184DF2B97C61BA06.e.14743","ELEMENT":"f.0BB93947CC1450395F5B257EF4D67E46.d.F2D7347D70C843C5184DF2B97C61BA06.e.14743"}]}
COMMAND: GET /session/e57c885b60fd8cf462a4cfca6f098091/screenshot - {}
RESULT: {}
RESULT: {"script":"<script> [5351 bytes]","args":[{"element-6066-11e4-a52e-4f735466cecf":"f.0BB93947CC1450395F5B257EF4D67E46.d.F2D7347D70C843C5184DF2B97C61BA06.e.14743","ELEMENT":"f.0BB93947CC1450395F5B257EF4D67E46.d.F2D7347D70C843C5184DF2B97C61BA06.e.14743"}]}
COMMAND: POST /session/e57c885b60fd8cf462a4cfca6f098091/element/f.0BB93947CC1450395F5B257EF4D67E46.d.F2D7347D70C843C5184DF2B97C61BA06.e.14743/click - {}
COMMAND: GET /session/e57c885b60fd8cf462a4cfca6f098091/screenshot - {}
RESULT: {}
RESULT: {}
COMMAND: GET /session/e57c885b60fd8cf462a4cfca6f098091/screenshot - {}
RESULT: {}
RESULT: {}
COMMAND: POST /session/e57c885b60fd8cf462a4cfca6f098091/actions - {"actions":[{"id":"action52","type":"key","parameters":{},"actions":[{"type":"keyDown","value":"î€‡"},{"type":"pause","duration":10},{"type":"keyUp","value":"î€‡"}]}]}
RESULT: {"actions":[{"id":"action52","type":"key","parameters":{},"actions":[{"type":"keyDown","value":"î€‡"},{"type":"pause","duration":10},{"type":"keyUp","value":"î€‡"}]}]}
COMMAND: GET /session/e57c885b60fd8cf462a4cfca6f098091/screenshot - {}
RESULT: {}
COMMAND: POST /session/e57c885b60fd8cf462a4cfca6f098091/execute/async - {"script":"<script> [1562 bytes]","args":[{"selector":{"id":"application-manageconditionprice-display-component---newCondition--condBillCond-arrow"},"wdio_ui5_key":"applicationmanageconditionprice-display-component---newCondition--condBillCond-arrow"}]}
RESULT: {"script":"<script> [1562 bytes]","args":[{"selector":{"id":"application-manageconditionprice-display-component---newCondition--condBillCond-arrow"},"wdio_ui5_key":"applicationmanageconditionprice-display-component---newCondition--condBillCond-arrow"}]}
RESULT: undefined
COMMAND: POST /session/e57c885b60fd8cf462a4cfca6f098091/element - {"using":"xpath","value":"//*[@id=\"application-manageconditionprice-display-component---newCondition--condBillCond-arrow\"]"}
RESULT: {"using":"xpath","value":"//*[@id=\"application-manageconditionprice-display-component---newCondition--condBillCond-arrow\"]"}
COMMAND: POST /session/e57c885b60fd8cf462a4cfca6f098091/element/f.0BB93947CC1450395F5B257EF4D67E46.d.F2D7347D70C843C5184DF2B97C61BA06.e.14938/click - {}
RESULT: {}
COMMAND: GET /session/e57c885b60fd8cf462a4cfca6f098091/screenshot - {}
RESULT: {}
COMMAND: POST /session/e57c885b60fd8cf462a4cfca6f098091/element - {"using":"xpath","value":"//li[.//span[contains(text(), \"PC06 - Performance Price - fuel\")]]"}
RESULT: {"using":"xpath","value":"//li[.//span[contains(text(), \"PC06 - Performance Price - fuel\")]]"}
COMMAND: POST /session/e57c885b60fd8cf462a4cfca6f098091/element/f.0BB93947CC1450395F5B257EF4D67E46.d.F2D7347D70C843C5184DF2B97C61BA06.e.14941/click - {}
RESULT: {}
COMMAND: GET /session/e57c885b60fd8cf462a4cfca6f098091/screenshot - {}
RESULT: {}
COMMAND: POST /session/e57c885b60fd8cf462a4cfca6f098091/execute/async - {"script":"<script> [1562 bytes]","args":[{"selector":{"id":"application-manageconditionprice-display-component---newCondition--condValidTo","interaction":{"idSuffix":"inner"}},"wdio_ui5_key":"applicationmanageconditionprice-display-component---newCondition--condValidTo"}]}
RESULT: {"script":"<script> [1562 bytes]","args":[{"selector":{"id":"application-manageconditionprice-display-component---newCondition--condValidTo","interaction":{"idSuffix":"inner"}},"wdio_ui5_key":"applicationmanageconditionprice-display-component---newCondition--condValidTo"}]}
RESULT: undefined
COMMAND: POST /session/e57c885b60fd8cf462a4cfca6f098091/execute/async - {"script":"<script> [776 bytes]","args":[{"enterText":"12/24/25","selector":{"id":"application-manageconditionprice-display-component---newCondition--condValidTo","interaction":{"idSuffix":"inner"}},"clearTextFirst":true,"interactionType":"ENTER_TEXT"}]}
RESULT: {"script":"<script> [776 bytes]","args":[{"enterText":"12/24/25","selector":{"id":"application-manageconditionprice-display-component---newCondition--condValidTo","interaction":{"idSuffix":"inner"}},"clearTextFirst":true,"interactionType":"ENTER_TEXT"}]}
COMMAND: POST /session/e57c885b60fd8cf462a4cfca6f098091/element - {"using":"xpath","value":"//input[@id=\"application-manageconditionprice-display-component---newCondition--condRU-inner\"]"}
RESULT: {"using":"xpath","value":"//input[@id=\"application-manageconditionprice-display-component---newCondition--condRU-inner\"]"}
COMMAND: POST /session/e57c885b60fd8cf462a4cfca6f098091/element/f.0BB93947CC1450395F5B257EF4D67E46.d.F2D7347D70C843C5184DF2B97C61BA06.e.14803/clear - {}
RESULT: {}
COMMAND: POST /session/e57c885b60fd8cf462a4cfca6f098091/element/f.0BB93947CC1450395F5B257EF4D67E46.d.F2D7347D70C843C5184DF2B97C61BA06.e.14803/value - {"text":"6hRLoS4wvB"}
COMMAND: GET /session/e57c885b60fd8cf462a4cfca6f098091/screenshot - {}
RESULT: {"text":"6hRLoS4wvB"}
COMMAND: GET /session/e57c885b60fd8cf462a4cfca6f098091/screenshot - {}
RESULT: {}
RESULT: {}
COMMAND: POST /session/e57c885b60fd8cf462a4cfca6f098091/actions - {"actions":[{"id":"action53","type":"key","parameters":{},"actions":[{"type":"keyDown","value":"î€‡"},{"type":"pause","duration":10},{"type":"keyUp","value":"î€‡"}]}]}
RESULT: {"actions":[{"id":"action53","type":"key","parameters":{},"actions":[{"type":"keyDown","value":"î€‡"},{"type":"pause","duration":10},{"type":"keyUp","value":"î€‡"}]}]}
COMMAND: POST /session/e57c885b60fd8cf462a4cfca6f098091/execute/async - {"script":"<script> [1562 bytes]","args":[{"selector":{"id":"application-manageconditionprice-display-component---newCondition--condBaseQty","interaction":{"idSuffix":"inner"}},"wdio_ui5_key":"applicationmanageconditionprice-display-component---newCondition--condBaseQty"}]}
COMMAND: GET /session/e57c885b60fd8cf462a4cfca6f098091/screenshot - {}
RESULT: {"script":"<script> [1562 bytes]","args":[{"selector":{"id":"application-manageconditionprice-display-component---newCondition--condBaseQty","interaction":{"idSuffix":"inner"}},"wdio_ui5_key":"applicationmanageconditionprice-display-component---newCondition--condBaseQty"}]}
RESULT: undefined
COMMAND: POST /session/e57c885b60fd8cf462a4cfca6f098091/execute/async - {"script":"<script> [776 bytes]","args":[{"enterText":"1","selector":{"id":"application-manageconditionprice-display-component---newCondition--condBaseQty","interaction":{"idSuffix":"inner"}},"clearTextFirst":true,"interactionType":"ENTER_TEXT"}]}
RESULT: {}
RESULT: {"script":"<script> [776 bytes]","args":[{"enterText":"1","selector":{"id":"application-manageconditionprice-display-component---newCondition--condBaseQty","interaction":{"idSuffix":"inner"}},"clearTextFirst":true,"interactionType":"ENTER_TEXT"}]}
COMMAND: POST /session/e57c885b60fd8cf462a4cfca6f098091/execute/async - {"script":"<script> [1562 bytes]","args":[{"selector":{"id":"application-manageconditionprice-display-component---newCondition--condValue","interaction":{"idSuffix":"inner"}},"wdio_ui5_key":"applicationmanageconditionprice-display-component---newCondition--condValue"}]}
RESULT: {"script":"<script> [1562 bytes]","args":[{"selector":{"id":"application-manageconditionprice-display-component---newCondition--condValue","interaction":{"idSuffix":"inner"}},"wdio_ui5_key":"applicationmanageconditionprice-display-component---newCondition--condValue"}]}
RESULT: undefined
COMMAND: POST /session/e57c885b60fd8cf462a4cfca6f098091/execute/async - {"script":"<script> [776 bytes]","args":[{"enterText":"10","selector":{"id":"application-manageconditionprice-display-component---newCondition--condValue","interaction":{"idSuffix":"inner"}},"clearTextFirst":true,"interactionType":"ENTER_TEXT"}]}
RESULT: {"script":"<script> [776 bytes]","args":[{"enterText":"10","selector":{"id":"application-manageconditionprice-display-component---newCondition--condValue","interaction":{"idSuffix":"inner"}},"clearTextFirst":true,"interactionType":"ENTER_TEXT"}]}
COMMAND: POST /session/e57c885b60fd8cf462a4cfca6f098091/execute/async - {"script":"<script> [1562 bytes]","args":[{"selector":{"id":"application-manageconditionprice-display-component---newCondition--condCurr-arrow"},"wdio_ui5_key":"applicationmanageconditionprice-display-component---newCondition--condCurr-arrow"}]}
RESULT: {"script":"<script> [1562 bytes]","args":[{"selector":{"id":"application-manageconditionprice-display-component---newCondition--condCurr-arrow"},"wdio_ui5_key":"applicationmanageconditionprice-display-component---newCondition--condCurr-arrow"}]}
RESULT: undefined
COMMAND: POST /session/e57c885b60fd8cf462a4cfca6f098091/element - {"using":"xpath","value":"//*[@id=\"application-manageconditionprice-display-component---newCondition--condCurr-arrow\"]"}
RESULT: {"using":"xpath","value":"//*[@id=\"application-manageconditionprice-display-component---newCondition--condCurr-arrow\"]"}
COMMAND: POST /session/e57c885b60fd8cf462a4cfca6f098091/element/f.0BB93947CC1450395F5B257EF4D67E46.d.F2D7347D70C843C5184DF2B97C61BA06.e.14920/click - {}
RESULT: {}
COMMAND: POST /session/e57c885b60fd8cf462a4cfca6f098091/element - {"using":"xpath","value":"//span[contains(text(), \"Euro\")]"}
COMMAND: GET /session/e57c885b60fd8cf462a4cfca6f098091/screenshot - {}
RESULT: {"using":"xpath","value":"//span[contains(text(), \"Euro\")]"}
COMMAND: POST /session/e57c885b60fd8cf462a4cfca6f098091/element/f.0BB93947CC1450395F5B257EF4D67E46.d.F2D7347D70C843C5184DF2B97C61BA06.e.14978/click - {}
RESULT: {}
RESULT: {}
COMMAND: POST /session/e57c885b60fd8cf462a4cfca6f098091/element - {"using":"xpath","value":"//button[@data-kt=\"saveButton\"]"}
COMMAND: GET /session/e57c885b60fd8cf462a4cfca6f098091/screenshot - {}
RESULT: {"using":"xpath","value":"//button[@data-kt=\"saveButton\"]"}
COMMAND: POST /session/e57c885b60fd8cf462a4cfca6f098091/element/f.0BB93947CC1450395F5B257EF4D67E46.d.F2D7347D70C843C5184DF2B97C61BA06.e.14921/click - {}
RESULT: {}
RESULT: {}
COMMAND: GET /session/e57c885b60fd8cf462a4cfca6f098091/screenshot - {}
COMMAND: POST /session/e57c885b60fd8cf462a4cfca6f098091/execute/async - {"script":"<script> [1562 bytes]","args":[{"selector":{"id":"application-manageconditionprice-display-component---conditions--smartFilterBar-btnBasicSearch","interaction":{"idSuffix":"I"}},"wdio_ui5_key":"applicationmanageconditionprice-display-component---conditions--smartFilterBar-btnBasicSearch"}]}
RESULT: {}
RESULT: {"script":"<script> [1562 bytes]","args":[{"selector":{"id":"application-manageconditionprice-display-component---conditions--smartFilterBar-btnBasicSearch","interaction":{"idSuffix":"I"}},"wdio_ui5_key":"applicationmanageconditionprice-display-component---conditions--smartFilterBar-btnBasicSearch"}]}
RESULT: undefined
COMMAND: POST /session/e57c885b60fd8cf462a4cfca6f098091/execute/async - {"script":"<script> [776 bytes]","args":[{"enterText":"6hRLoS4wvB","selector":{"id":"application-manageconditionprice-display-component---conditions--smartFilterBar-btnBasicSearch","interaction":{"idSuffix":"I"}},"clearTextFirst":true,"interactionType":"ENTER_TEXT"}]}
RESULT: {"script":"<script> [776 bytes]","args":[{"enterText":"6hRLoS4wvB","selector":{"id":"application-manageconditionprice-display-component---conditions--smartFilterBar-btnBasicSearch","interaction":{"idSuffix":"I"}},"clearTextFirst":true,"interactionType":"ENTER_TEXT"}]}
COMMAND: POST /session/e57c885b60fd8cf462a4cfca6f098091/actions - {"actions":[{"id":"action54","type":"key","parameters":{},"actions":[{"type":"keyDown","value":"î€‡"},{"type":"pause","duration":10},{"type":"keyUp","value":"î€‡"}]}]}
RESULT: {"actions":[{"id":"action54","type":"key","parameters":{},"actions":[{"type":"keyDown","value":"î€‡"},{"type":"pause","duration":10},{"type":"keyUp","value":"î€‡"}]}]}
COMMAND: GET /session/e57c885b60fd8cf462a4cfca6f098091/screenshot - {}
RESULT: {}
COMMAND: POST /session/e57c885b60fd8cf462a4cfca6f098091/execute/async - {"script":"<script> [1562 bytes]","args":[{"selector":{"id":"application-manageconditionprice-display-component---conditions--smartFilterBar-filterItemControl_BASIC-BILL_TYPES-vhi"},"wdio_ui5_key":"applicationmanageconditionprice-display-component---conditions--smartFilterBar-filterItemControl_BASIC-BILL_TYPES-vhi"}]}
RESULT: {"script":"<script> [1562 bytes]","args":[{"selector":{"id":"application-manageconditionprice-display-component---conditions--smartFilterBar-filterItemControl_BASIC-BILL_TYPES-vhi"},"wdio_ui5_key":"applicationmanageconditionprice-display-component---conditions--smartFilterBar-filterItemControl_BASIC-BILL_TYPES-vhi"}]}
RESULT: undefined
COMMAND: POST /session/e57c885b60fd8cf462a4cfca6f098091/element - {"using":"xpath","value":"//*[@id=\"application-manageconditionprice-display-component---conditions--smartFilterBar-filterItemControl_BASIC-BILL_TYPES-vhi\"]"}
RESULT: {"using":"xpath","value":"//*[@id=\"application-manageconditionprice-display-component---conditions--smartFilterBar-filterItemControl_BASIC-BILL_TYPES-vhi\"]"}
COMMAND: POST /session/e57c885b60fd8cf462a4cfca6f098091/element/f.0BB93947CC1450395F5B257EF4D67E46.d.F2D7347D70C843C5184DF2B97C61BA06.e.15073/click - {}
RESULT: {}
COMMAND: POST /session/e57c885b60fd8cf462a4cfca6f098091/execute/async - {"script":"<script> [1562 bytes]","args":[{"selector":{"id":"application-manageconditionprice-display-component---conditions--smartFilterBar-filterItemControl_BASIC-BILL_TYPES-valueHelpDialog-smartFilterBar-btnBasicSearch","searchOpenDialogs":true,"interaction":{"idSuffix":"I"}},"wdio_ui5_key":"applicationmanageconditionprice-display-component---conditions--smartFilterBar-filterItemControl_BASIC-BILL_TYPES-valueHelpDialog-smartFilterBar-btnBasicSearch"}]}
COMMAND: GET /session/e57c885b60fd8cf462a4cfca6f098091/screenshot - {}
RESULT: {"script":"<script> [1562 bytes]","args":[{"selector":{"id":"application-manageconditionprice-display-component---conditions--smartFilterBar-filterItemControl_BASIC-BILL_TYPES-valueHelpDialog-smartFilterBar-btnBasicSearch","searchOpenDialogs":true,"interaction":{"idSuffix":"I"}},"wdio_ui5_key":"applicationmanageconditionprice-display-component---conditions--smartFilterBar-filterItemControl_BASIC-BILL_TYPES-valueHelpDialog-smartFilterBar-btnBasicSearch"}]}
RESULT: undefined
COMMAND: POST /session/e57c885b60fd8cf462a4cfca6f098091/execute/async - {"script":"<script> [776 bytes]","args":[{"enterText":"PB","selector":{"id":"application-manageconditionprice-display-component---conditions--smartFilterBar-filterItemControl_BASIC-BILL_TYPES-valueHelpDialog-smartFilterBar-btnBasicSearch","searchOpenDialogs":true,"interaction":{"idSuffix":"I"}},"clearTextFirst":true,"interactionType":"ENTER_TEXT"}]}
RESULT: {}
RESULT: {"script":"<script> [776 bytes]","args":[{"enterText":"PB","selector":{"id":"application-manageconditionprice-display-component---conditions--smartFilterBar-filterItemControl_BASIC-BILL_TYPES-valueHelpDialog-smartFilterBar-btnBasicSearch","searchOpenDialogs":true,"interaction":{"idSuffix":"I"}},"clearTextFirst":true,"interactionType":"ENTER_TEXT"}]}
COMMAND: POST /session/e57c885b60fd8cf462a4cfca6f098091/actions - {"actions":[{"id":"action55","type":"key","parameters":{},"actions":[{"type":"keyDown","value":"î€‡"},{"type":"pause","duration":10},{"type":"keyUp","value":"î€‡"}]}]}
RESULT: {"actions":[{"id":"action55","type":"key","parameters":{},"actions":[{"type":"keyDown","value":"î€‡"},{"type":"pause","duration":10},{"type":"keyUp","value":"î€‡"}]}]}
COMMAND: GET /session/e57c885b60fd8cf462a4cfca6f098091/screenshot - {}
RESULT: {}
COMMAND: POST /session/e57c885b60fd8cf462a4cfca6f098091/element - {"using":"xpath","value":"//div[contains(@id, 'application-manageconditionprice-display-component---conditions--smartFilterBar-filterItemControl_BASIC-BILL_TYPES-valueHelpDialog-table-rowsel0')]"}
RESULT: {"using":"xpath","value":"//div[contains(@id, 'application-manageconditionprice-display-component---conditions--smartFilterBar-filterItemControl_BASIC-BILL_TYPES-valueHelpDialog-table-rowsel0')]"}
COMMAND: POST /session/e57c885b60fd8cf462a4cfca6f098091/element/f.0BB93947CC1450395F5B257EF4D67E46.d.F2D7347D70C843C5184DF2B97C61BA06.e.15082/click - {}
RESULT: {}
COMMAND: GET /session/e57c885b60fd8cf462a4cfca6f098091/screenshot - {}
RESULT: {}
COMMAND: POST /session/e57c885b60fd8cf462a4cfca6f098091/element - {"using":"xpath","value":"//bdi[contains(text(), \"OK\")]"}
RESULT: {"using":"xpath","value":"//bdi[contains(text(), \"OK\")]"}
COMMAND: POST /session/e57c885b60fd8cf462a4cfca6f098091/element/f.0BB93947CC1450395F5B257EF4D67E46.d.F2D7347D70C843C5184DF2B97C61BA06.e.15084/click - {}
RESULT: {}
COMMAND: GET /session/e57c885b60fd8cf462a4cfca6f098091/screenshot - {}
RESULT: {}
COMMAND: POST /session/e57c885b60fd8cf462a4cfca6f098091/element - {"using":"xpath","value":"//span[@id=\"application-manageconditionprice-display-component---conditions--smartTable-header-inner\"]"}
RESULT: {"using":"xpath","value":"//span[@id=\"application-manageconditionprice-display-component---conditions--smartTable-header-inner\"]"}
COMMAND: POST /session/e57c885b60fd8cf462a4cfca6f098091/elements - {"using":"xpath","value":"//span[@id=\"application-manageconditionprice-display-component---conditions--smartTable-header-inner\"]"}
RESULT: {"using":"xpath","value":"//span[@id=\"application-manageconditionprice-display-component---conditions--smartTable-header-inner\"]"}
COMMAND: POST /session/e57c885b60fd8cf462a4cfca6f098091/execute/sync - {"script":"<script> [56 bytes]","args":[{"element-6066-11e4-a52e-4f735466cecf":"f.0BB93947CC1450395F5B257EF4D67E46.d.F2D7347D70C843C5184DF2B97C61BA06.e.15087","ELEMENT":"f.0BB93947CC1450395F5B257EF4D67E46.d.F2D7347D70C843C5184DF2B97C61BA06.e.15087"}]}
RESULT: {"script":"<script> [56 bytes]","args":[{"element-6066-11e4-a52e-4f735466cecf":"f.0BB93947CC1450395F5B257EF4D67E46.d.F2D7347D70C843C5184DF2B97C61BA06.e.15087","ELEMENT":"f.0BB93947CC1450395F5B257EF4D67E46.d.F2D7347D70C843C5184DF2B97C61BA06.e.15087"}]}
COMMAND: POST /session/e57c885b60fd8cf462a4cfca6f098091/element - {"using":"css selector","value":"#shell-header-logo"}
COMMAND: GET /session/e57c885b60fd8cf462a4cfca6f098091/screenshot - {}
RESULT: {"using":"css selector","value":"#shell-header-logo"}
COMMAND: POST /session/e57c885b60fd8cf462a4cfca6f098091/element/f.0BB93947CC1450395F5B257EF4D67E46.d.F2D7347D70C843C5184DF2B97C61BA06.e.14713/click - {}
RESULT: {}
RESULT: {}
COMMAND: GET /session/e57c885b60fd8cf462a4cfca6f098091/screenshot - {}
RESULT: {}
]]></system-out>
    </testcase>
    <testcase classname="chrome.135_0_7049_96.windows.Performance_based_billing_(work_days)_US139742" name="Should add a counter to the equipment" time="63.792">
      <system-out><![CDATA[
RESULT: undefined
COMMAND: POST /session/e57c885b60fd8cf462a4cfca6f098091/element - {"using":"xpath","value":"//*[@id=\"__tile39\"]"}
RESULT: {"using":"xpath","value":"//*[@id=\"__tile39\"]"}
COMMAND: POST /session/e57c885b60fd8cf462a4cfca6f098091/element/f.0BB93947CC1450395F5B257EF4D67E46.d.F2D7347D70C843C5184DF2B97C61BA06.e.13722/click - {}
RESULT: {}
COMMAND: POST /session/e57c885b60fd8cf462a4cfca6f098091/execute/async - {"script":"<script> [1562 bytes]","args":[{"selector":{"id":"application-manageresources-display-component---masterRU--smartFilterBar-btnBasicSearch","interaction":{"idSuffix":"I"}},"wdio_ui5_key":"applicationmanageresources-display-component---masterRU--smartFilterBar-btnBasicSearch"}]}
COMMAND: GET /session/e57c885b60fd8cf462a4cfca6f098091/screenshot - {}
RESULT: undefined
RESULT: undefined
RESULT: {"script":"<script> [1562 bytes]","args":[{"selector":{"id":"application-manageresources-display-component---masterRU--smartFilterBar-btnBasicSearch","interaction":{"idSuffix":"I"}},"wdio_ui5_key":"applicationmanageresources-display-component---masterRU--smartFilterBar-btnBasicSearch"}]}
RESULT: undefined
COMMAND: POST /session/e57c885b60fd8cf462a4cfca6f098091/execute/async - {"script":"<script> [776 bytes]","args":[{"enterText":"6hRLoS4wvB","selector":{"id":"application-manageresources-display-component---masterRU--smartFilterBar-btnBasicSearch","interaction":{"idSuffix":"I"}},"clearTextFirst":true,"interactionType":"ENTER_TEXT"}]}
RESULT: {}
RESULT: {"script":"<script> [776 bytes]","args":[{"enterText":"6hRLoS4wvB","selector":{"id":"application-manageresources-display-component---masterRU--smartFilterBar-btnBasicSearch","interaction":{"idSuffix":"I"}},"clearTextFirst":true,"interactionType":"ENTER_TEXT"}]}
COMMAND: POST /session/e57c885b60fd8cf462a4cfca6f098091/actions - {"actions":[{"id":"action56","type":"key","parameters":{},"actions":[{"type":"keyDown","value":"î€‡"},{"type":"pause","duration":10},{"type":"keyUp","value":"î€‡"}]}]}
RESULT: {"actions":[{"id":"action56","type":"key","parameters":{},"actions":[{"type":"keyDown","value":"î€‡"},{"type":"pause","duration":10},{"type":"keyUp","value":"î€‡"}]}]}
COMMAND: GET /session/e57c885b60fd8cf462a4cfca6f098091/screenshot - {}
RESULT: {}
COMMAND: POST /session/e57c885b60fd8cf462a4cfca6f098091/execute/async - {"script":"<script> [1562 bytes]","args":[{"selector":{"id":"application-manageresources-display-component---masterRU--smartTable-header"},"wdio_ui5_key":"applicationmanageresources-display-component---masterRU--smartTable-header"}]}
RESULT: {"script":"<script> [1562 bytes]","args":[{"selector":{"id":"application-manageresources-display-component---masterRU--smartTable-header"},"wdio_ui5_key":"applicationmanageresources-display-component---masterRU--smartTable-header"}]}
RESULT: undefined
COMMAND: POST /session/e57c885b60fd8cf462a4cfca6f098091/execute/async - {"script":"<script> [6424 bytes]","args":[{"element-6066-11e4-a52e-4f735466cecf":"f.0BB93947CC1450395F5B257EF4D67E46.d.F2D7347D70C843C5184DF2B97C61BA06.e.15288"},"getText",[]]}
RESULT: {"script":"<script> [6424 bytes]","args":[{"element-6066-11e4-a52e-4f735466cecf":"f.0BB93947CC1450395F5B257EF4D67E46.d.F2D7347D70C843C5184DF2B97C61BA06.e.15288"},"getText",[]]}
COMMAND: POST /session/e57c885b60fd8cf462a4cfca6f098091/execute/async - {"script":"<script> [1562 bytes]","args":[{"selector":{"controlType":"sap.ui.core.Icon","viewName":"etm.portal.ui.manageresources.view.Master","viewId":"application-manageresources-display-component---masterRU","properties":{"src":{"regex":{"source":"slim\\-arrow\\-right"}}}},"wdio_ui5_key":"etmportal.ui.manageresources.view.Mastersap.ui.core.Icon{\"src\":{\"regex\":{\"source\":\"slim\\\\-arrow\\\\-right\"}}}"}]}
RESULT: {"script":"<script> [1562 bytes]","args":[{"selector":{"controlType":"sap.ui.core.Icon","viewName":"etm.portal.ui.manageresources.view.Master","viewId":"application-manageresources-display-component---masterRU","properties":{"src":{"regex":{"source":"slim\\-arrow\\-right"}}}},"wdio_ui5_key":"etmportal.ui.manageresources.view.Mastersap.ui.core.Icon{\"src\":{\"regex\":{\"source\":\"slim\\\\-arrow\\\\-right\"}}}"}]}
RESULT: undefined
COMMAND: POST /session/e57c885b60fd8cf462a4cfca6f098091/element - {"using":"xpath","value":"//*[@id=\"__item1406-__clone3589-imgNav\"]"}
RESULT: {"using":"xpath","value":"//*[@id=\"__item1406-__clone3589-imgNav\"]"}
COMMAND: POST /session/e57c885b60fd8cf462a4cfca6f098091/element/f.0BB93947CC1450395F5B257EF4D67E46.d.F2D7347D70C843C5184DF2B97C61BA06.e.15286/click - {}
RESULT: {}
COMMAND: GET /session/e57c885b60fd8cf462a4cfca6f098091/screenshot - {}
COMMAND: POST /session/e57c885b60fd8cf462a4cfca6f098091/element - {"using":"xpath","value":"//bdi[contains(text(), \"Edit\")]"}
RESULT: {}
RESULT: {"using":"xpath","value":"//bdi[contains(text(), \"Edit\")]"}
COMMAND: POST /session/e57c885b60fd8cf462a4cfca6f098091/execute/sync - {"script":"<script> [8489 bytes]","args":[{"element-6066-11e4-a52e-4f735466cecf":"f.0BB93947CC1450395F5B257EF4D67E46.d.F2D7347D70C843C5184DF2B97C61BA06.e.15358","ELEMENT":"f.0BB93947CC1450395F5B257EF4D67E46.d.F2D7347D70C843C5184DF2B97C61BA06.e.15358"}]}
RESULT: {"script":"<script> [8489 bytes]","args":[{"element-6066-11e4-a52e-4f735466cecf":"f.0BB93947CC1450395F5B257EF4D67E46.d.F2D7347D70C843C5184DF2B97C61BA06.e.15358","ELEMENT":"f.0BB93947CC1450395F5B257EF4D67E46.d.F2D7347D70C843C5184DF2B97C61BA06.e.15358"}]}
COMMAND: POST /session/e57c885b60fd8cf462a4cfca6f098091/element/f.0BB93947CC1450395F5B257EF4D67E46.d.F2D7347D70C843C5184DF2B97C61BA06.e.15358/click - {}
COMMAND: GET /session/e57c885b60fd8cf462a4cfca6f098091/screenshot - {}
RESULT: {}
RESULT: {}
COMMAND: GET /session/e57c885b60fd8cf462a4cfca6f098091/screenshot - {}
RESULT: {}
COMMAND: POST /session/e57c885b60fd8cf462a4cfca6f098091/execute/async - {"script":"<script> [1562 bytes]","args":[{"selector":{"id":"application-manageresources-display-component---editResource--editRruPage-anchBar-application-manageresources-display-component---editResource--counters-anchor","interaction":{"idSuffix":"BDI-content"}},"wdio_ui5_key":"applicationmanageresources-display-component---editResource--editRruPage-anchBar-application-manageresources-display-component---editResource--counters-anchor"}]}
RESULT: {"script":"<script> [1562 bytes]","args":[{"selector":{"id":"application-manageresources-display-component---editResource--editRruPage-anchBar-application-manageresources-display-component---editResource--counters-anchor","interaction":{"idSuffix":"BDI-content"}},"wdio_ui5_key":"applicationmanageresources-display-component---editResource--editRruPage-anchBar-application-manageresources-display-component---editResource--counters-anchor"}]}
RESULT: undefined
COMMAND: POST /session/e57c885b60fd8cf462a4cfca6f098091/element - {"using":"xpath","value":"//*[@id=\"application-manageresources-display-component---editResource--editRruPage-anchBar-application-manageresources-display-component---editResource--counters-anchor\"]"}
RESULT: {"using":"xpath","value":"//*[@id=\"application-manageresources-display-component---editResource--editRruPage-anchBar-application-manageresources-display-component---editResource--counters-anchor\"]"}
COMMAND: POST /session/e57c885b60fd8cf462a4cfca6f098091/element/f.0BB93947CC1450395F5B257EF4D67E46.d.F2D7347D70C843C5184DF2B97C61BA06.e.15520/click - {}
RESULT: {}
COMMAND: GET /session/e57c885b60fd8cf462a4cfca6f098091/screenshot - {}
RESULT: {}
COMMAND: POST /session/e57c885b60fd8cf462a4cfca6f098091/execute/async - {"script":"<script> [1562 bytes]","args":[{"selector":{"id":"application-manageresources-display-component---editResource--btnAddCounter-img"},"wdio_ui5_key":"applicationmanageresources-display-component---editResource--btnAddCounter-img"}]}
RESULT: {"script":"<script> [1562 bytes]","args":[{"selector":{"id":"application-manageresources-display-component---editResource--btnAddCounter-img"},"wdio_ui5_key":"applicationmanageresources-display-component---editResource--btnAddCounter-img"}]}
RESULT: undefined
COMMAND: POST /session/e57c885b60fd8cf462a4cfca6f098091/element - {"using":"xpath","value":"//*[@id=\"application-manageresources-display-component---editResource--btnAddCounter-img\"]"}
RESULT: {"using":"xpath","value":"//*[@id=\"application-manageresources-display-component---editResource--btnAddCounter-img\"]"}
COMMAND: POST /session/e57c885b60fd8cf462a4cfca6f098091/element/f.0BB93947CC1450395F5B257EF4D67E46.d.F2D7347D70C843C5184DF2B97C61BA06.e.15525/click - {}
RESULT: {}
COMMAND: POST /session/e57c885b60fd8cf462a4cfca6f098091/execute/async - {"script":"<script> [1562 bytes]","args":[{"selector":{"id":"application-manageresources-display-component---editResource--COUNTER_ID-application-manageresources-display-component---editResource--RUCounters-0-arrow"},"wdio_ui5_key":"applicationmanageresources-display-component---editResource--COUNTER_ID-application-manageresources-display-component---editResource--RUCounters-0-arrow"}]}
COMMAND: GET /session/e57c885b60fd8cf462a4cfca6f098091/screenshot - {}
RESULT: {"script":"<script> [1562 bytes]","args":[{"selector":{"id":"application-manageresources-display-component---editResource--COUNTER_ID-application-manageresources-display-component---editResource--RUCounters-0-arrow"},"wdio_ui5_key":"applicationmanageresources-display-component---editResource--COUNTER_ID-application-manageresources-display-component---editResource--RUCounters-0-arrow"}]}
RESULT: undefined
COMMAND: POST /session/e57c885b60fd8cf462a4cfca6f098091/element - {"using":"xpath","value":"//*[@id=\"application-manageresources-display-component---editResource--COUNTER_ID-application-manageresources-display-component---editResource--RUCounters-0-arrow\"]"}
RESULT: {}
RESULT: {"using":"xpath","value":"//*[@id=\"application-manageresources-display-component---editResource--COUNTER_ID-application-manageresources-display-component---editResource--RUCounters-0-arrow\"]"}
COMMAND: POST /session/e57c885b60fd8cf462a4cfca6f098091/element/f.0BB93947CC1450395F5B257EF4D67E46.d.F2D7347D70C843C5184DF2B97C61BA06.e.15540/click - {}
RESULT: {}
COMMAND: POST /session/e57c885b60fd8cf462a4cfca6f098091/execute/async - {"script":"<script> [1562 bytes]","args":[{"selector":{"controlType":"sap.m.StandardListItem","viewName":"etm.portal.ui.manageresources.view.EditResource","viewId":"application-manageresources-display-component---editResource","properties":{"title":"fuel"},"searchOpenDialogs":true,"interaction":{"idSuffix":"content"}},"wdio_ui5_key":"etmportal.ui.manageresources.view.EditResourcesap.m.StandardListItem{\"title\":\"fuel\"}"}]}
COMMAND: GET /session/e57c885b60fd8cf462a4cfca6f098091/screenshot - {}
RESULT: {"script":"<script> [1562 bytes]","args":[{"selector":{"controlType":"sap.m.StandardListItem","viewName":"etm.portal.ui.manageresources.view.EditResource","viewId":"application-manageresources-display-component---editResource","properties":{"title":"fuel"},"searchOpenDialogs":true,"interaction":{"idSuffix":"content"}},"wdio_ui5_key":"etmportal.ui.manageresources.view.EditResourcesap.m.StandardListItem{\"title\":\"fuel\"}"}]}
RESULT: undefined
COMMAND: POST /session/e57c885b60fd8cf462a4cfca6f098091/element - {"using":"xpath","value":"//*[@id=\"__item1711\"]"}
RESULT: {}
RESULT: {"using":"xpath","value":"//*[@id=\"__item1711\"]"}
COMMAND: POST /session/e57c885b60fd8cf462a4cfca6f098091/element/f.0BB93947CC1450395F5B257EF4D67E46.d.F2D7347D70C843C5184DF2B97C61BA06.e.15542/click - {}
RESULT: {}
COMMAND: POST /session/e57c885b60fd8cf462a4cfca6f098091/execute/async - {"script":"<script> [1562 bytes]","args":[{"selector":{"controlType":"sap.m.Button","viewName":"etm.portal.ui.manageresources.view.EditResource","viewId":"application-manageresources-display-component---editResource","i18NText":{"propertyName":"text","key":"save"},"interaction":{"idSuffix":"BDI-content"}},"wdio_ui5_key":"etmportal.ui.manageresources.view.EditResourcesap.m.Button{\"propertyName\":\"text\",\"key\":\"save\"}"}]}
COMMAND: GET /session/e57c885b60fd8cf462a4cfca6f098091/screenshot - {}
RESULT: {"script":"<script> [1562 bytes]","args":[{"selector":{"controlType":"sap.m.Button","viewName":"etm.portal.ui.manageresources.view.EditResource","viewId":"application-manageresources-display-component---editResource","i18NText":{"propertyName":"text","key":"save"},"interaction":{"idSuffix":"BDI-content"}},"wdio_ui5_key":"etmportal.ui.manageresources.view.EditResourcesap.m.Button{\"propertyName\":\"text\",\"key\":\"save\"}"}]}
RESULT: undefined
COMMAND: POST /session/e57c885b60fd8cf462a4cfca6f098091/element - {"using":"xpath","value":"//*[@id=\"__button192\"]"}
RESULT: {}
RESULT: {"using":"xpath","value":"//*[@id=\"__button192\"]"}
COMMAND: POST /session/e57c885b60fd8cf462a4cfca6f098091/element/f.0BB93947CC1450395F5B257EF4D67E46.d.F2D7347D70C843C5184DF2B97C61BA06.e.15544/click - {}
RESULT: {}
COMMAND: GET /session/e57c885b60fd8cf462a4cfca6f098091/screenshot - {}
COMMAND: POST /session/e57c885b60fd8cf462a4cfca6f098091/element - {"using":"css selector","value":"#shell-header-logo"}
RESULT: {}
RESULT: {"using":"css selector","value":"#shell-header-logo"}
COMMAND: POST /session/e57c885b60fd8cf462a4cfca6f098091/element/f.0BB93947CC1450395F5B257EF4D67E46.d.F2D7347D70C843C5184DF2B97C61BA06.e.15093/click - {}
RESULT: {}
COMMAND: GET /session/e57c885b60fd8cf462a4cfca6f098091/screenshot - {}
RESULT: {}
]]></system-out>
    </testcase>
    <testcase classname="chrome.135_0_7049_96.windows.Performance_based_billing_(work_days)_US139742" name="Should do a stock increase on the yard for the equipment" time="84.445">
      <system-out><![CDATA[
COMMAND: POST /session/e57c885b60fd8cf462a4cfca6f098091/execute/async - {"script":"<script> [1562 bytes]","args":[{"selector":{"controlType":"sap.m.Text","viewName":"etm.portal.ui.managehandoverstile.view.Master","properties":{"text":"Manage Handovers"},"interaction":{"idSuffix":"inner"}},"wdio_ui5_key":"etmportal.ui.managehandoverstile.view.Mastersap.m.Text{\"text\":\"Manage Handovers\"}"}]}
RESULT: {"script":"<script> [1562 bytes]","args":[{"selector":{"controlType":"sap.m.Text","viewName":"etm.portal.ui.managehandoverstile.view.Master","properties":{"text":"Manage Handovers"},"interaction":{"idSuffix":"inner"}},"wdio_ui5_key":"etmportal.ui.managehandoverstile.view.Mastersap.m.Text{\"text\":\"Manage Handovers\"}"}]}
RESULT: undefined
COMMAND: POST /session/e57c885b60fd8cf462a4cfca6f098091/element - {"using":"xpath","value":"//*[@id=\"__tile133-title\"]"}
RESULT: {"using":"xpath","value":"//*[@id=\"__tile133-title\"]"}
COMMAND: POST /session/e57c885b60fd8cf462a4cfca6f098091/element/f.0BB93947CC1450395F5B257EF4D67E46.d.F2D7347D70C843C5184DF2B97C61BA06.e.15553/click - {}
RESULT: {}
COMMAND: POST /session/e57c885b60fd8cf462a4cfca6f098091/element - {"using":"xpath","value":"//button[@data-kt=\"masterHOAddButton\"]"}
COMMAND: GET /session/e57c885b60fd8cf462a4cfca6f098091/screenshot - {}
RESULT: {"using":"xpath","value":"//button[@data-kt=\"masterHOAddButton\"]"}
COMMAND: POST /session/e57c885b60fd8cf462a4cfca6f098091/elements - {"using":"xpath","value":"//button[@data-kt=\"masterHOAddButton\"]"}
RESULT: {}
RESULT: {"using":"xpath","value":"//button[@data-kt=\"masterHOAddButton\"]"}
COMMAND: POST /session/e57c885b60fd8cf462a4cfca6f098091/elements - {"using":"xpath","value":"//button[@data-kt=\"masterHOAddButton\"]"}
RESULT: {"using":"xpath","value":"//button[@data-kt=\"masterHOAddButton\"]"}
COMMAND: POST /session/e57c885b60fd8cf462a4cfca6f098091/elements - {"using":"xpath","value":"//button[@data-kt=\"masterHOAddButton\"]"}
RESULT: {"using":"xpath","value":"//button[@data-kt=\"masterHOAddButton\"]"}
COMMAND: POST /session/e57c885b60fd8cf462a4cfca6f098091/elements - {"using":"xpath","value":"//button[@data-kt=\"masterHOAddButton\"]"}
RESULT: {"using":"xpath","value":"//button[@data-kt=\"masterHOAddButton\"]"}
COMMAND: POST /session/e57c885b60fd8cf462a4cfca6f098091/elements - {"using":"xpath","value":"//button[@data-kt=\"masterHOAddButton\"]"}
RESULT: {"using":"xpath","value":"//button[@data-kt=\"masterHOAddButton\"]"}
COMMAND: POST /session/e57c885b60fd8cf462a4cfca6f098091/elements - {"using":"xpath","value":"//button[@data-kt=\"masterHOAddButton\"]"}
RESULT: {"using":"xpath","value":"//button[@data-kt=\"masterHOAddButton\"]"}
COMMAND: POST /session/e57c885b60fd8cf462a4cfca6f098091/elements - {"using":"xpath","value":"//button[@data-kt=\"masterHOAddButton\"]"}
RESULT: {"using":"xpath","value":"//button[@data-kt=\"masterHOAddButton\"]"}
COMMAND: POST /session/e57c885b60fd8cf462a4cfca6f098091/elements - {"using":"xpath","value":"//button[@data-kt=\"masterHOAddButton\"]"}
RESULT: {"using":"xpath","value":"//button[@data-kt=\"masterHOAddButton\"]"}
COMMAND: POST /session/e57c885b60fd8cf462a4cfca6f098091/elements - {"using":"xpath","value":"//button[@data-kt=\"masterHOAddButton\"]"}
RESULT: {"using":"xpath","value":"//button[@data-kt=\"masterHOAddButton\"]"}
COMMAND: POST /session/e57c885b60fd8cf462a4cfca6f098091/elements - {"using":"xpath","value":"//button[@data-kt=\"masterHOAddButton\"]"}
RESULT: {"using":"xpath","value":"//button[@data-kt=\"masterHOAddButton\"]"}
COMMAND: POST /session/e57c885b60fd8cf462a4cfca6f098091/elements - {"using":"xpath","value":"//button[@data-kt=\"masterHOAddButton\"]"}
RESULT: {"using":"xpath","value":"//button[@data-kt=\"masterHOAddButton\"]"}
COMMAND: POST /session/e57c885b60fd8cf462a4cfca6f098091/elements - {"using":"xpath","value":"//button[@data-kt=\"masterHOAddButton\"]"}
RESULT: {"using":"xpath","value":"//button[@data-kt=\"masterHOAddButton\"]"}
COMMAND: POST /session/e57c885b60fd8cf462a4cfca6f098091/elements - {"using":"xpath","value":"//button[@data-kt=\"masterHOAddButton\"]"}
RESULT: {"using":"xpath","value":"//button[@data-kt=\"masterHOAddButton\"]"}
COMMAND: POST /session/e57c885b60fd8cf462a4cfca6f098091/elements - {"using":"xpath","value":"//button[@data-kt=\"masterHOAddButton\"]"}
RESULT: {"using":"xpath","value":"//button[@data-kt=\"masterHOAddButton\"]"}
COMMAND: POST /session/e57c885b60fd8cf462a4cfca6f098091/elements - {"using":"xpath","value":"//button[@data-kt=\"masterHOAddButton\"]"}
RESULT: {"using":"xpath","value":"//button[@data-kt=\"masterHOAddButton\"]"}
COMMAND: POST /session/e57c885b60fd8cf462a4cfca6f098091/elements - {"using":"xpath","value":"//button[@data-kt=\"masterHOAddButton\"]"}
RESULT: {"using":"xpath","value":"//button[@data-kt=\"masterHOAddButton\"]"}
COMMAND: POST /session/e57c885b60fd8cf462a4cfca6f098091/elements - {"using":"xpath","value":"//button[@data-kt=\"masterHOAddButton\"]"}
RESULT: {"using":"xpath","value":"//button[@data-kt=\"masterHOAddButton\"]"}
COMMAND: POST /session/e57c885b60fd8cf462a4cfca6f098091/elements - {"using":"xpath","value":"//button[@data-kt=\"masterHOAddButton\"]"}
RESULT: {"using":"xpath","value":"//button[@data-kt=\"masterHOAddButton\"]"}
COMMAND: POST /session/e57c885b60fd8cf462a4cfca6f098091/elements - {"using":"xpath","value":"//button[@data-kt=\"masterHOAddButton\"]"}
RESULT: {"using":"xpath","value":"//button[@data-kt=\"masterHOAddButton\"]"}
COMMAND: POST /session/e57c885b60fd8cf462a4cfca6f098091/elements - {"using":"xpath","value":"//button[@data-kt=\"masterHOAddButton\"]"}
RESULT: {"using":"xpath","value":"//button[@data-kt=\"masterHOAddButton\"]"}
COMMAND: POST /session/e57c885b60fd8cf462a4cfca6f098091/elements - {"using":"xpath","value":"//button[@data-kt=\"masterHOAddButton\"]"}
RESULT: {"using":"xpath","value":"//button[@data-kt=\"masterHOAddButton\"]"}
COMMAND: POST /session/e57c885b60fd8cf462a4cfca6f098091/element - {"using":"xpath","value":"//button[@data-kt=\"masterHOAddButton\"]"}
RESULT: {"using":"xpath","value":"//button[@data-kt=\"masterHOAddButton\"]"}
COMMAND: POST /session/e57c885b60fd8cf462a4cfca6f098091/execute/sync - {"script":"<script> [8489 bytes]","args":[{"element-6066-11e4-a52e-4f735466cecf":"f.0BB93947CC1450395F5B257EF4D67E46.d.F2D7347D70C843C5184DF2B97C61BA06.e.15583","ELEMENT":"f.0BB93947CC1450395F5B257EF4D67E46.d.F2D7347D70C843C5184DF2B97C61BA06.e.15583"}]}
RESULT: {"script":"<script> [8489 bytes]","args":[{"element-6066-11e4-a52e-4f735466cecf":"f.0BB93947CC1450395F5B257EF4D67E46.d.F2D7347D70C843C5184DF2B97C61BA06.e.15583","ELEMENT":"f.0BB93947CC1450395F5B257EF4D67E46.d.F2D7347D70C843C5184DF2B97C61BA06.e.15583"}]}
COMMAND: GET /session/e57c885b60fd8cf462a4cfca6f098091/element/f.0BB93947CC1450395F5B257EF4D67E46.d.F2D7347D70C843C5184DF2B97C61BA06.e.15583/enabled - {}
COMMAND: GET /session/e57c885b60fd8cf462a4cfca6f098091/screenshot - {}
RESULT: {}
COMMAND: POST /session/e57c885b60fd8cf462a4cfca6f098091/execute/sync - {"script":"<script> [8489 bytes]","args":[{"element-6066-11e4-a52e-4f735466cecf":"f.0BB93947CC1450395F5B257EF4D67E46.d.F2D7347D70C843C5184DF2B97C61BA06.e.15583","ELEMENT":"f.0BB93947CC1450395F5B257EF4D67E46.d.F2D7347D70C843C5184DF2B97C61BA06.e.15583"}]}
COMMAND: GET /session/e57c885b60fd8cf462a4cfca6f098091/screenshot - {}
RESULT: {}
RESULT: {"script":"<script> [8489 bytes]","args":[{"element-6066-11e4-a52e-4f735466cecf":"f.0BB93947CC1450395F5B257EF4D67E46.d.F2D7347D70C843C5184DF2B97C61BA06.e.15583","ELEMENT":"f.0BB93947CC1450395F5B257EF4D67E46.d.F2D7347D70C843C5184DF2B97C61BA06.e.15583"}]}
COMMAND: POST /session/e57c885b60fd8cf462a4cfca6f098091/execute/sync - {"script":"<script> [5351 bytes]","args":[{"element-6066-11e4-a52e-4f735466cecf":"f.0BB93947CC1450395F5B257EF4D67E46.d.F2D7347D70C843C5184DF2B97C61BA06.e.15583","ELEMENT":"f.0BB93947CC1450395F5B257EF4D67E46.d.F2D7347D70C843C5184DF2B97C61BA06.e.15583"}]}
COMMAND: GET /session/e57c885b60fd8cf462a4cfca6f098091/screenshot - {}
RESULT: {}
RESULT: {"script":"<script> [5351 bytes]","args":[{"element-6066-11e4-a52e-4f735466cecf":"f.0BB93947CC1450395F5B257EF4D67E46.d.F2D7347D70C843C5184DF2B97C61BA06.e.15583","ELEMENT":"f.0BB93947CC1450395F5B257EF4D67E46.d.F2D7347D70C843C5184DF2B97C61BA06.e.15583"}]}
COMMAND: POST /session/e57c885b60fd8cf462a4cfca6f098091/element/f.0BB93947CC1450395F5B257EF4D67E46.d.F2D7347D70C843C5184DF2B97C61BA06.e.15583/click - {}
COMMAND: GET /session/e57c885b60fd8cf462a4cfca6f098091/screenshot - {}
RESULT: {}
RESULT: {}
COMMAND: GET /session/e57c885b60fd8cf462a4cfca6f098091/screenshot - {}
RESULT: {}
RESULT: {}
COMMAND: POST /session/e57c885b60fd8cf462a4cfca6f098091/element - {"using":"xpath","value":"//span[contains(@id ,\"AddNewHO--typeSelect-arrow\")]"}
RESULT: {"using":"xpath","value":"//span[contains(@id ,\"AddNewHO--typeSelect-arrow\")]"}
COMMAND: POST /session/e57c885b60fd8cf462a4cfca6f098091/element/f.0BB93947CC1450395F5B257EF4D67E46.d.F2D7347D70C843C5184DF2B97C61BA06.e.15923/click - {}
RESULT: {}
COMMAND: GET /session/e57c885b60fd8cf462a4cfca6f098091/screenshot - {}
RESULT: {}
COMMAND: POST /session/e57c885b60fd8cf462a4cfca6f098091/element - {"using":"xpath","value":"(//li[contains(text(), \"stock increase yard\")])[1]"}
RESULT: {"using":"xpath","value":"(//li[contains(text(), \"stock increase yard\")])[1]"}
COMMAND: POST /session/e57c885b60fd8cf462a4cfca6f098091/element/f.0BB93947CC1450395F5B257EF4D67E46.d.F2D7347D70C843C5184DF2B97C61BA06.e.15924/click - {}
RESULT: {}
COMMAND: GET /session/e57c885b60fd8cf462a4cfca6f098091/screenshot - {}
RESULT: {}
COMMAND: POST /session/e57c885b60fd8cf462a4cfca6f098091/execute/async - {"script":"<script> [1562 bytes]","args":[{"selector":{"id":"application-managehandovers-display-component---AddNewHO--dueDate","interaction":{"idSuffix":"inner"}},"wdio_ui5_key":"applicationmanagehandovers-display-component---AddNewHO--dueDate"}]}
RESULT: {"script":"<script> [1562 bytes]","args":[{"selector":{"id":"application-managehandovers-display-component---AddNewHO--dueDate","interaction":{"idSuffix":"inner"}},"wdio_ui5_key":"applicationmanagehandovers-display-component---AddNewHO--dueDate"}]}
RESULT: undefined
COMMAND: POST /session/e57c885b60fd8cf462a4cfca6f098091/execute/async - {"script":"<script> [6424 bytes]","args":[{"element-6066-11e4-a52e-4f735466cecf":"f.0BB93947CC1450395F5B257EF4D67E46.d.F2D7347D70C843C5184DF2B97C61BA06.e.15928"},"setValue",["04/24/2025"]]}
RESULT: {"script":"<script> [6424 bytes]","args":[{"element-6066-11e4-a52e-4f735466cecf":"f.0BB93947CC1450395F5B257EF4D67E46.d.F2D7347D70C843C5184DF2B97C61BA06.e.15928"},"setValue",["04/24/2025"]]}
COMMAND: POST /session/e57c885b60fd8cf462a4cfca6f098091/element - {"using":"xpath","value":"//input[@id=\"generalSectionFrg--receiveYard-inner\"]"}
RESULT: {"using":"xpath","value":"//input[@id=\"generalSectionFrg--receiveYard-inner\"]"}
COMMAND: POST /session/e57c885b60fd8cf462a4cfca6f098091/element/f.0BB93947CC1450395F5B257EF4D67E46.d.F2D7347D70C843C5184DF2B97C61BA06.e.15934/clear - {}
RESULT: {}
COMMAND: POST /session/e57c885b60fd8cf462a4cfca6f098091/element/f.0BB93947CC1450395F5B257EF4D67E46.d.F2D7347D70C843C5184DF2B97C61BA06.e.15934/value - {"text":"803"}
COMMAND: GET /session/e57c885b60fd8cf462a4cfca6f098091/screenshot - {}
RESULT: {"text":"803"}
COMMAND: GET /session/e57c885b60fd8cf462a4cfca6f098091/screenshot - {}
RESULT: {}
RESULT: {}
COMMAND: POST /session/e57c885b60fd8cf462a4cfca6f098091/element - {"using":"xpath","value":"//li[.//span[text()='803']]"}
RESULT: {"using":"xpath","value":"//li[.//span[text()='803']]"}
COMMAND: POST /session/e57c885b60fd8cf462a4cfca6f098091/element/f.0BB93947CC1450395F5B257EF4D67E46.d.F2D7347D70C843C5184DF2B97C61BA06.e.15947/click - {}
RESULT: {}
COMMAND: GET /session/e57c885b60fd8cf462a4cfca6f098091/screenshot - {}
RESULT: {}
COMMAND: POST /session/e57c885b60fd8cf462a4cfca6f098091/execute/async - {"script":"<script> [1562 bytes]","args":[{"selector":{"id":"application-managehandovers-display-component---AddNewHO--ObjectPageLayout-anchBar-application-managehandovers-display-component---AddNewHO--section4-anchor","interaction":{"idSuffix":"BDI-content"}},"wdio_ui5_key":"applicationmanagehandovers-display-component---AddNewHO--ObjectPageLayout-anchBar-application-managehandovers-display-component---AddNewHO--section4-anchor"}]}
RESULT: {"script":"<script> [1562 bytes]","args":[{"selector":{"id":"application-managehandovers-display-component---AddNewHO--ObjectPageLayout-anchBar-application-managehandovers-display-component---AddNewHO--section4-anchor","interaction":{"idSuffix":"BDI-content"}},"wdio_ui5_key":"applicationmanagehandovers-display-component---AddNewHO--ObjectPageLayout-anchBar-application-managehandovers-display-component---AddNewHO--section4-anchor"}]}
RESULT: undefined
COMMAND: POST /session/e57c885b60fd8cf462a4cfca6f098091/element - {"using":"xpath","value":"//*[@id=\"application-managehandovers-display-component---AddNewHO--ObjectPageLayout-anchBar-application-managehandovers-display-component---AddNewHO--section4-anchor\"]"}
RESULT: {"using":"xpath","value":"//*[@id=\"application-managehandovers-display-component---AddNewHO--ObjectPageLayout-anchBar-application-managehandovers-display-component---AddNewHO--section4-anchor\"]"}
COMMAND: POST /session/e57c885b60fd8cf462a4cfca6f098091/element/f.0BB93947CC1450395F5B257EF4D67E46.d.F2D7347D70C843C5184DF2B97C61BA06.e.15949/click - {}
RESULT: {}
COMMAND: POST /session/e57c885b60fd8cf462a4cfca6f098091/element - {"using":"xpath","value":"//button[@aria-label=\"Add\"]"}
COMMAND: GET /session/e57c885b60fd8cf462a4cfca6f098091/screenshot - {}
RESULT: {"using":"xpath","value":"//button[@aria-label=\"Add\"]"}
COMMAND: POST /session/e57c885b60fd8cf462a4cfca6f098091/element/f.0BB93947CC1450395F5B257EF4D67E46.d.F2D7347D70C843C5184DF2B97C61BA06.e.15953/click - {}
RESULT: {}
RESULT: {}
COMMAND: GET /session/e57c885b60fd8cf462a4cfca6f098091/screenshot - {}
RESULT: {}
COMMAND: POST /session/e57c885b60fd8cf462a4cfca6f098091/execute/async - {"script":"<script> [1562 bytes]","args":[{"selector":{"id":"application-managehandovers-display-component---AddNewHO--smartFilterBar-btnBasicSearch","searchOpenDialogs":true,"interaction":{"idSuffix":"I"}},"wdio_ui5_key":"applicationmanagehandovers-display-component---AddNewHO--smartFilterBar-btnBasicSearch"}]}
RESULT: {"script":"<script> [1562 bytes]","args":[{"selector":{"id":"application-managehandovers-display-component---AddNewHO--smartFilterBar-btnBasicSearch","searchOpenDialogs":true,"interaction":{"idSuffix":"I"}},"wdio_ui5_key":"applicationmanagehandovers-display-component---AddNewHO--smartFilterBar-btnBasicSearch"}]}
RESULT: undefined
COMMAND: POST /session/e57c885b60fd8cf462a4cfca6f098091/execute/async - {"script":"<script> [776 bytes]","args":[{"enterText":"6hRLoS4wvB","selector":{"id":"application-managehandovers-display-component---AddNewHO--smartFilterBar-btnBasicSearch","searchOpenDialogs":true,"interaction":{"idSuffix":"I"}},"clearTextFirst":true,"interactionType":"ENTER_TEXT"}]}
RESULT: {"script":"<script> [776 bytes]","args":[{"enterText":"6hRLoS4wvB","selector":{"id":"application-managehandovers-display-component---AddNewHO--smartFilterBar-btnBasicSearch","searchOpenDialogs":true,"interaction":{"idSuffix":"I"}},"clearTextFirst":true,"interactionType":"ENTER_TEXT"}]}
COMMAND: POST /session/e57c885b60fd8cf462a4cfca6f098091/actions - {"actions":[{"id":"action57","type":"key","parameters":{},"actions":[{"type":"keyDown","value":"î€‡"},{"type":"pause","duration":10},{"type":"keyUp","value":"î€‡"}]}]}
RESULT: {"actions":[{"id":"action57","type":"key","parameters":{},"actions":[{"type":"keyDown","value":"î€‡"},{"type":"pause","duration":10},{"type":"keyUp","value":"î€‡"}]}]}
COMMAND: GET /session/e57c885b60fd8cf462a4cfca6f098091/screenshot - {}
RESULT: {}
COMMAND: POST /session/e57c885b60fd8cf462a4cfca6f098091/execute/async - {"script":"<script> [1562 bytes]","args":[{"selector":{"id":"application-managehandovers-display-component---AddNewHO--popup-sa","searchOpenDialogs":true,"interaction":{"idSuffix":"CbBg"}},"wdio_ui5_key":"applicationmanagehandovers-display-component---AddNewHO--popup-sa"}]}
RESULT: {"script":"<script> [1562 bytes]","args":[{"selector":{"id":"application-managehandovers-display-component---AddNewHO--popup-sa","searchOpenDialogs":true,"interaction":{"idSuffix":"CbBg"}},"wdio_ui5_key":"applicationmanagehandovers-display-component---AddNewHO--popup-sa"}]}
RESULT: undefined
COMMAND: POST /session/e57c885b60fd8cf462a4cfca6f098091/element - {"using":"xpath","value":"//*[@id=\"application-managehandovers-display-component---AddNewHO--popup-sa\"]"}
RESULT: {"using":"xpath","value":"//*[@id=\"application-managehandovers-display-component---AddNewHO--popup-sa\"]"}
COMMAND: POST /session/e57c885b60fd8cf462a4cfca6f098091/element/f.0BB93947CC1450395F5B257EF4D67E46.d.F2D7347D70C843C5184DF2B97C61BA06.e.16104/click - {}
RESULT: {}
COMMAND: GET /session/e57c885b60fd8cf462a4cfca6f098091/screenshot - {}
RESULT: {}
COMMAND: POST /session/e57c885b60fd8cf462a4cfca6f098091/element - {"using":"xpath","value":"//bdi[contains(text(), \"Select\")]"}
RESULT: {"using":"xpath","value":"//bdi[contains(text(), \"Select\")]"}
COMMAND: POST /session/e57c885b60fd8cf462a4cfca6f098091/element/f.0BB93947CC1450395F5B257EF4D67E46.d.F2D7347D70C843C5184DF2B97C61BA06.e.16105/click - {}
RESULT: {}
COMMAND: GET /session/e57c885b60fd8cf462a4cfca6f098091/screenshot - {}
RESULT: {}
COMMAND: POST /session/e57c885b60fd8cf462a4cfca6f098091/element - {"using":"xpath","value":"//button[@data-kt=\"AddNewHOSaveButton\"]"}
RESULT: {"using":"xpath","value":"//button[@data-kt=\"AddNewHOSaveButton\"]"}
COMMAND: POST /session/e57c885b60fd8cf462a4cfca6f098091/element/f.0BB93947CC1450395F5B257EF4D67E46.d.F2D7347D70C843C5184DF2B97C61BA06.e.16109/click - {}
RESULT: {}
COMMAND: GET /session/e57c885b60fd8cf462a4cfca6f098091/screenshot - {}
RESULT: {}
COMMAND: POST /session/e57c885b60fd8cf462a4cfca6f098091/execute/async - {"script":"<script> [1562 bytes]","args":[{"selector":{"id":"receiptDatePicker","viewName":"etm.portal.ui.managehandovers.view.DetailExecuteHO","interaction":{"idSuffix":"inner"}},"wdio_ui5_key":"receiptDatePickeretmportal.ui.managehandovers.view.DetailExecuteHO"}]}
RESULT: {"script":"<script> [1562 bytes]","args":[{"selector":{"id":"receiptDatePicker","viewName":"etm.portal.ui.managehandovers.view.DetailExecuteHO","interaction":{"idSuffix":"inner"}},"wdio_ui5_key":"receiptDatePickeretmportal.ui.managehandovers.view.DetailExecuteHO"}]}
RESULT: undefined
COMMAND: POST /session/e57c885b60fd8cf462a4cfca6f098091/execute/async - {"script":"<script> [6424 bytes]","args":[{"element-6066-11e4-a52e-4f735466cecf":"f.0BB93947CC1450395F5B257EF4D67E46.d.F2D7347D70C843C5184DF2B97C61BA06.e.16137"},"setValue",["04/24/2025"]]}
RESULT: {"script":"<script> [6424 bytes]","args":[{"element-6066-11e4-a52e-4f735466cecf":"f.0BB93947CC1450395F5B257EF4D67E46.d.F2D7347D70C843C5184DF2B97C61BA06.e.16137"},"setValue",["04/24/2025"]]}
COMMAND: POST /session/e57c885b60fd8cf462a4cfca6f098091/element - {"using":"xpath","value":"//button[@data-kt=\"PickingTableConfirmAllButton\"]"}
RESULT: {"using":"xpath","value":"//button[@data-kt=\"PickingTableConfirmAllButton\"]"}
COMMAND: POST /session/e57c885b60fd8cf462a4cfca6f098091/element/f.0BB93947CC1450395F5B257EF4D67E46.d.F2D7347D70C843C5184DF2B97C61BA06.e.16152/click - {}
RESULT: {}
COMMAND: GET /session/e57c885b60fd8cf462a4cfca6f098091/screenshot - {}
RESULT: {}
COMMAND: POST /session/e57c885b60fd8cf462a4cfca6f098091/element - {"using":"xpath","value":"//bdi[contains(text(), \"OK\")]"}
RESULT: {"using":"xpath","value":"//bdi[contains(text(), \"OK\")]"}
COMMAND: POST /session/e57c885b60fd8cf462a4cfca6f098091/element/f.0BB93947CC1450395F5B257EF4D67E46.d.F2D7347D70C843C5184DF2B97C61BA06.e.16154/click - {}
RESULT: {}
COMMAND: GET /session/e57c885b60fd8cf462a4cfca6f098091/screenshot - {}
COMMAND: POST /session/e57c885b60fd8cf462a4cfca6f098091/element - {"using":"xpath","value":"(//bdi[contains(text(), \"Receive\")])[2]"}
RESULT: {}
RESULT: {"using":"xpath","value":"(//bdi[contains(text(), \"Receive\")])[2]"}
COMMAND: POST /session/e57c885b60fd8cf462a4cfca6f098091/element/f.0BB93947CC1450395F5B257EF4D67E46.d.F2D7347D70C843C5184DF2B97C61BA06.e.16156/click - {}
RESULT: {}
COMMAND: GET /session/e57c885b60fd8cf462a4cfca6f098091/screenshot - {}
RESULT: {}
COMMAND: POST /session/e57c885b60fd8cf462a4cfca6f098091/element - {"using":"css selector","value":"#shell-header-logo"}
RESULT: {"using":"css selector","value":"#shell-header-logo"}
COMMAND: POST /session/e57c885b60fd8cf462a4cfca6f098091/element/f.0BB93947CC1450395F5B257EF4D67E46.d.F2D7347D70C843C5184DF2B97C61BA06.e.15555/click - {}
RESULT: {}
COMMAND: GET /session/e57c885b60fd8cf462a4cfca6f098091/screenshot - {}
RESULT: {}
]]></system-out>
    </testcase>
    <testcase classname="chrome.135_0_7049_96.windows.Performance_based_billing_(work_days)_US139742" name="Should create a new contract" time="69.323">
      <system-out><![CDATA[
COMMAND: POST /session/e57c885b60fd8cf462a4cfca6f098091/execute/async - {"script":"<script> [1562 bytes]","args":[{"selector":{"controlType":"sap.m.Text","viewName":"etm.portal.ui.managecontractstile.view.Master","properties":{"text":"Manage Contracts"},"interaction":{"idSuffix":"inner"}},"wdio_ui5_key":"etmportal.ui.managecontractstile.view.Mastersap.m.Text{\"text\":\"Manage Contracts\"}"}]}
RESULT: {"script":"<script> [1562 bytes]","args":[{"selector":{"controlType":"sap.m.Text","viewName":"etm.portal.ui.managecontractstile.view.Master","properties":{"text":"Manage Contracts"},"interaction":{"idSuffix":"inner"}},"wdio_ui5_key":"etmportal.ui.managecontractstile.view.Mastersap.m.Text{\"text\":\"Manage Contracts\"}"}]}
RESULT: undefined
COMMAND: POST /session/e57c885b60fd8cf462a4cfca6f098091/element - {"using":"xpath","value":"//*[@id=\"__tile130-title\"]"}
RESULT: {"using":"xpath","value":"//*[@id=\"__tile130-title\"]"}
COMMAND: POST /session/e57c885b60fd8cf462a4cfca6f098091/element/f.0BB93947CC1450395F5B257EF4D67E46.d.F2D7347D70C843C5184DF2B97C61BA06.e.16426/click - {}
RESULT: {}
COMMAND: GET /session/e57c885b60fd8cf462a4cfca6f098091/screenshot - {}
RESULT: {}
COMMAND: POST /session/e57c885b60fd8cf462a4cfca6f098091/element - {"using":"xpath","value":"//button[@data-kt=\"addButton\"]"}
RESULT: {"using":"xpath","value":"//button[@data-kt=\"addButton\"]"}
COMMAND: POST /session/e57c885b60fd8cf462a4cfca6f098091/elements - {"using":"xpath","value":"//button[@data-kt=\"addButton\"]"}
RESULT: {"using":"xpath","value":"//button[@data-kt=\"addButton\"]"}
COMMAND: POST /session/e57c885b60fd8cf462a4cfca6f098091/elements - {"using":"xpath","value":"//button[@data-kt=\"addButton\"]"}
RESULT: {"using":"xpath","value":"//button[@data-kt=\"addButton\"]"}
COMMAND: POST /session/e57c885b60fd8cf462a4cfca6f098091/elements - {"using":"xpath","value":"//button[@data-kt=\"addButton\"]"}
RESULT: {"using":"xpath","value":"//button[@data-kt=\"addButton\"]"}
COMMAND: POST /session/e57c885b60fd8cf462a4cfca6f098091/elements - {"using":"xpath","value":"//button[@data-kt=\"addButton\"]"}
RESULT: {"using":"xpath","value":"//button[@data-kt=\"addButton\"]"}
COMMAND: POST /session/e57c885b60fd8cf462a4cfca6f098091/elements - {"using":"xpath","value":"//button[@data-kt=\"addButton\"]"}
RESULT: {"using":"xpath","value":"//button[@data-kt=\"addButton\"]"}
COMMAND: POST /session/e57c885b60fd8cf462a4cfca6f098091/elements - {"using":"xpath","value":"//button[@data-kt=\"addButton\"]"}
RESULT: {"using":"xpath","value":"//button[@data-kt=\"addButton\"]"}
COMMAND: POST /session/e57c885b60fd8cf462a4cfca6f098091/elements - {"using":"xpath","value":"//button[@data-kt=\"addButton\"]"}
RESULT: {"using":"xpath","value":"//button[@data-kt=\"addButton\"]"}
COMMAND: POST /session/e57c885b60fd8cf462a4cfca6f098091/elements - {"using":"xpath","value":"//button[@data-kt=\"addButton\"]"}
RESULT: {"using":"xpath","value":"//button[@data-kt=\"addButton\"]"}
COMMAND: POST /session/e57c885b60fd8cf462a4cfca6f098091/elements - {"using":"xpath","value":"//button[@data-kt=\"addButton\"]"}
RESULT: {"using":"xpath","value":"//button[@data-kt=\"addButton\"]"}
COMMAND: POST /session/e57c885b60fd8cf462a4cfca6f098091/elements - {"using":"xpath","value":"//button[@data-kt=\"addButton\"]"}
RESULT: {"using":"xpath","value":"//button[@data-kt=\"addButton\"]"}
COMMAND: POST /session/e57c885b60fd8cf462a4cfca6f098091/elements - {"using":"xpath","value":"//button[@data-kt=\"addButton\"]"}
RESULT: {"using":"xpath","value":"//button[@data-kt=\"addButton\"]"}
COMMAND: POST /session/e57c885b60fd8cf462a4cfca6f098091/elements - {"using":"xpath","value":"//button[@data-kt=\"addButton\"]"}
RESULT: {"using":"xpath","value":"//button[@data-kt=\"addButton\"]"}
COMMAND: POST /session/e57c885b60fd8cf462a4cfca6f098091/elements - {"using":"xpath","value":"//button[@data-kt=\"addButton\"]"}
RESULT: {"using":"xpath","value":"//button[@data-kt=\"addButton\"]"}
COMMAND: POST /session/e57c885b60fd8cf462a4cfca6f098091/elements - {"using":"xpath","value":"//button[@data-kt=\"addButton\"]"}
RESULT: {"using":"xpath","value":"//button[@data-kt=\"addButton\"]"}
COMMAND: POST /session/e57c885b60fd8cf462a4cfca6f098091/elements - {"using":"xpath","value":"//button[@data-kt=\"addButton\"]"}
RESULT: undefined
RESULT: undefined
RESULT: {"using":"xpath","value":"//button[@data-kt=\"addButton\"]"}
COMMAND: POST /session/e57c885b60fd8cf462a4cfca6f098091/element - {"using":"xpath","value":"//button[@data-kt=\"addButton\"]"}
RESULT: {"using":"xpath","value":"//button[@data-kt=\"addButton\"]"}
COMMAND: POST /session/e57c885b60fd8cf462a4cfca6f098091/execute/sync - {"script":"<script> [8489 bytes]","args":[{"element-6066-11e4-a52e-4f735466cecf":"f.0BB93947CC1450395F5B257EF4D67E46.d.F2D7347D70C843C5184DF2B97C61BA06.e.16473","ELEMENT":"f.0BB93947CC1450395F5B257EF4D67E46.d.F2D7347D70C843C5184DF2B97C61BA06.e.16473"}]}
RESULT: {"script":"<script> [8489 bytes]","args":[{"element-6066-11e4-a52e-4f735466cecf":"f.0BB93947CC1450395F5B257EF4D67E46.d.F2D7347D70C843C5184DF2B97C61BA06.e.16473","ELEMENT":"f.0BB93947CC1450395F5B257EF4D67E46.d.F2D7347D70C843C5184DF2B97C61BA06.e.16473"}]}
COMMAND: GET /session/e57c885b60fd8cf462a4cfca6f098091/element/f.0BB93947CC1450395F5B257EF4D67E46.d.F2D7347D70C843C5184DF2B97C61BA06.e.16473/enabled - {}
COMMAND: GET /session/e57c885b60fd8cf462a4cfca6f098091/screenshot - {}
RESULT: {}
COMMAND: POST /session/e57c885b60fd8cf462a4cfca6f098091/execute/sync - {"script":"<script> [8489 bytes]","args":[{"element-6066-11e4-a52e-4f735466cecf":"f.0BB93947CC1450395F5B257EF4D67E46.d.F2D7347D70C843C5184DF2B97C61BA06.e.16473","ELEMENT":"f.0BB93947CC1450395F5B257EF4D67E46.d.F2D7347D70C843C5184DF2B97C61BA06.e.16473"}]}
COMMAND: GET /session/e57c885b60fd8cf462a4cfca6f098091/screenshot - {}
RESULT: {}
RESULT: {"script":"<script> [8489 bytes]","args":[{"element-6066-11e4-a52e-4f735466cecf":"f.0BB93947CC1450395F5B257EF4D67E46.d.F2D7347D70C843C5184DF2B97C61BA06.e.16473","ELEMENT":"f.0BB93947CC1450395F5B257EF4D67E46.d.F2D7347D70C843C5184DF2B97C61BA06.e.16473"}]}
COMMAND: POST /session/e57c885b60fd8cf462a4cfca6f098091/execute/sync - {"script":"<script> [5351 bytes]","args":[{"element-6066-11e4-a52e-4f735466cecf":"f.0BB93947CC1450395F5B257EF4D67E46.d.F2D7347D70C843C5184DF2B97C61BA06.e.16473","ELEMENT":"f.0BB93947CC1450395F5B257EF4D67E46.d.F2D7347D70C843C5184DF2B97C61BA06.e.16473"}]}
COMMAND: GET /session/e57c885b60fd8cf462a4cfca6f098091/screenshot - {}
RESULT: {}
RESULT: {"script":"<script> [5351 bytes]","args":[{"element-6066-11e4-a52e-4f735466cecf":"f.0BB93947CC1450395F5B257EF4D67E46.d.F2D7347D70C843C5184DF2B97C61BA06.e.16473","ELEMENT":"f.0BB93947CC1450395F5B257EF4D67E46.d.F2D7347D70C843C5184DF2B97C61BA06.e.16473"}]}
RESULT: {}
COMMAND: GET /session/e57c885b60fd8cf462a4cfca6f098091/screenshot - {}
RESULT: {}
COMMAND: POST /session/e57c885b60fd8cf462a4cfca6f098091/element/f.0BB93947CC1450395F5B257EF4D67E46.d.F2D7347D70C843C5184DF2B97C61BA06.e.16473/click - {}
RESULT: {}
COMMAND: GET /session/e57c885b60fd8cf462a4cfca6f098091/screenshot - {}
COMMAND: POST /session/e57c885b60fd8cf462a4cfca6f098091/execute/async - {"script":"<script> [1562 bytes]","args":[{"selector":{"id":"application-managecontracts-display-component---AddNewContract--projectDescription","interaction":{"idSuffix":"inner"}},"wdio_ui5_key":"applicationmanagecontracts-display-component---AddNewContract--projectDescription"}]}
RESULT: {}
RESULT: {"script":"<script> [1562 bytes]","args":[{"selector":{"id":"application-managecontracts-display-component---AddNewContract--projectDescription","interaction":{"idSuffix":"inner"}},"wdio_ui5_key":"applicationmanagecontracts-display-component---AddNewContract--projectDescription"}]}
RESULT: undefined
COMMAND: POST /session/e57c885b60fd8cf462a4cfca6f098091/execute/async - {"script":"<script> [776 bytes]","args":[{"enterText":"Performance Contract WDIO","selector":{"id":"application-managecontracts-display-component---AddNewContract--projectDescription","interaction":{"idSuffix":"inner"}},"clearTextFirst":true,"interactionType":"ENTER_TEXT"}]}
RESULT: {"script":"<script> [776 bytes]","args":[{"enterText":"Performance Contract WDIO","selector":{"id":"application-managecontracts-display-component---AddNewContract--projectDescription","interaction":{"idSuffix":"inner"}},"clearTextFirst":true,"interactionType":"ENTER_TEXT"}]}
COMMAND: POST /session/e57c885b60fd8cf462a4cfca6f098091/element - {"using":"xpath","value":"//input[@id=\"application-managecontracts-display-component---AddNewContract--site-inner\"]"}
RESULT: {"using":"xpath","value":"//input[@id=\"application-managecontracts-display-component---AddNewContract--site-inner\"]"}
COMMAND: POST /session/e57c885b60fd8cf462a4cfca6f098091/element/f.0BB93947CC1450395F5B257EF4D67E46.d.F2D7347D70C843C5184DF2B97C61BA06.e.16806/clear - {}
RESULT: {}
COMMAND: POST /session/e57c885b60fd8cf462a4cfca6f098091/element/f.0BB93947CC1450395F5B257EF4D67E46.d.F2D7347D70C843C5184DF2B97C61BA06.e.16806/value - {"text":"2602"}
COMMAND: GET /session/e57c885b60fd8cf462a4cfca6f098091/screenshot - {}
RESULT: {"text":"2602"}
COMMAND: GET /session/e57c885b60fd8cf462a4cfca6f098091/screenshot - {}
RESULT: {}
RESULT: {}
COMMAND: POST /session/e57c885b60fd8cf462a4cfca6f098091/element - {"using":"xpath","value":"//li[.//span[text()='2602']]"}
RESULT: {"using":"xpath","value":"//li[.//span[text()='2602']]"}
COMMAND: POST /session/e57c885b60fd8cf462a4cfca6f098091/element/f.0BB93947CC1450395F5B257EF4D67E46.d.F2D7347D70C843C5184DF2B97C61BA06.e.16829/click - {}
RESULT: {}
COMMAND: GET /session/e57c885b60fd8cf462a4cfca6f098091/screenshot - {}
RESULT: {}
COMMAND: POST /session/e57c885b60fd8cf462a4cfca6f098091/element - {"using":"xpath","value":"//input[@id=\"application-managecontracts-display-component---AddNewContract--yardId-inner\"]"}
RESULT: {"using":"xpath","value":"//input[@id=\"application-managecontracts-display-component---AddNewContract--yardId-inner\"]"}
COMMAND: GET /session/e57c885b60fd8cf462a4cfca6f098091/element/f.0BB93947CC1450395F5B257EF4D67E46.d.F2D7347D70C843C5184DF2B97C61BA06.e.16807/property/value - {}
RESULT: {}
COMMAND: POST /session/e57c885b60fd8cf462a4cfca6f098091/element - {"using":"xpath","value":"//input[@id=\"application-managecontracts-display-component---AddNewContract--customerSelect-inner\"]"}
COMMAND: GET /session/e57c885b60fd8cf462a4cfca6f098091/screenshot - {}
RESULT: {"using":"xpath","value":"//input[@id=\"application-managecontracts-display-component---AddNewContract--customerSelect-inner\"]"}
COMMAND: POST /session/e57c885b60fd8cf462a4cfca6f098091/element/f.0BB93947CC1450395F5B257EF4D67E46.d.F2D7347D70C843C5184DF2B97C61BA06.e.16805/clear - {}
RESULT: {}
RESULT: {}
COMMAND: POST /session/e57c885b60fd8cf462a4cfca6f098091/element/f.0BB93947CC1450395F5B257EF4D67E46.d.F2D7347D70C843C5184DF2B97C61BA06.e.16805/value - {"text":"1643"}
COMMAND: GET /session/e57c885b60fd8cf462a4cfca6f098091/screenshot - {}
RESULT: {"text":"1643"}
COMMAND: GET /session/e57c885b60fd8cf462a4cfca6f098091/screenshot - {}
RESULT: {}
COMMAND: POST /session/e57c885b60fd8cf462a4cfca6f098091/element - {"using":"xpath","value":"//li[.//span[text()='1643']]"}
RESULT: {}
RESULT: {"using":"xpath","value":"//li[.//span[text()='1643']]"}
COMMAND: POST /session/e57c885b60fd8cf462a4cfca6f098091/element/f.0BB93947CC1450395F5B257EF4D67E46.d.F2D7347D70C843C5184DF2B97C61BA06.e.16832/click - {}
RESULT: {}
COMMAND: GET /session/e57c885b60fd8cf462a4cfca6f098091/screenshot - {}
RESULT: {}
COMMAND: POST /session/e57c885b60fd8cf462a4cfca6f098091/element - {"using":"xpath","value":"//button[@data-kt=\"saveButton\"]"}
RESULT: {"using":"xpath","value":"//button[@data-kt=\"saveButton\"]"}
COMMAND: POST /session/e57c885b60fd8cf462a4cfca6f098091/element/f.0BB93947CC1450395F5B257EF4D67E46.d.F2D7347D70C843C5184DF2B97C61BA06.e.16822/click - {}
RESULT: {}
COMMAND: GET /session/e57c885b60fd8cf462a4cfca6f098091/screenshot - {}
RESULT: {}
COMMAND: POST /session/e57c885b60fd8cf462a4cfca6f098091/element - {"using":"xpath","value":"//span[contains(@id ,\"contractDetailTitleNoExpanded\")]"}
RESULT: {"using":"xpath","value":"//span[contains(@id ,\"contractDetailTitleNoExpanded\")]"}
COMMAND: POST /session/e57c885b60fd8cf462a4cfca6f098091/elements - {"using":"xpath","value":"//span[contains(@id ,\"contractDetailTitleNoExpanded\")]"}
RESULT: {"using":"xpath","value":"//span[contains(@id ,\"contractDetailTitleNoExpanded\")]"}
COMMAND: POST /session/e57c885b60fd8cf462a4cfca6f098091/execute/sync - {"script":"<script> [56 bytes]","args":[{"element-6066-11e4-a52e-4f735466cecf":"f.0BB93947CC1450395F5B257EF4D67E46.d.F2D7347D70C843C5184DF2B97C61BA06.e.16841","ELEMENT":"f.0BB93947CC1450395F5B257EF4D67E46.d.F2D7347D70C843C5184DF2B97C61BA06.e.16841"}]}
RESULT: {"script":"<script> [56 bytes]","args":[{"element-6066-11e4-a52e-4f735466cecf":"f.0BB93947CC1450395F5B257EF4D67E46.d.F2D7347D70C843C5184DF2B97C61BA06.e.16841","ELEMENT":"f.0BB93947CC1450395F5B257EF4D67E46.d.F2D7347D70C843C5184DF2B97C61BA06.e.16841"}]}
COMMAND: GET /session/e57c885b60fd8cf462a4cfca6f098091/screenshot - {}
RESULT: {}
]]></system-out>
    </testcase>
    <testcase classname="chrome.135_0_7049_96.windows.Performance_based_billing_(work_days)_US139742" name="Should add equipment to the contract" time="46.213">
      <system-out><![CDATA[
COMMAND: POST /session/e57c885b60fd8cf462a4cfca6f098091/element - {"using":"xpath","value":"//button[@data-kt=\"contractDetailEditBtnButton\"]"}
RESULT: {"using":"xpath","value":"//button[@data-kt=\"contractDetailEditBtnButton\"]"}
COMMAND: POST /session/e57c885b60fd8cf462a4cfca6f098091/element/f.0BB93947CC1450395F5B257EF4D67E46.d.F2D7347D70C843C5184DF2B97C61BA06.e.16844/click - {}
RESULT: {}
COMMAND: GET /session/e57c885b60fd8cf462a4cfca6f098091/screenshot - {}
RESULT: {}
COMMAND: POST /session/e57c885b60fd8cf462a4cfca6f098091/element - {"using":"xpath","value":"(//span[contains(text(), \"Additional Addresses\")])[2]"}
RESULT: {"using":"xpath","value":"(//span[contains(text(), \"Additional Addresses\")])[2]"}
COMMAND: POST /session/e57c885b60fd8cf462a4cfca6f098091/element/f.0BB93947CC1450395F5B257EF4D67E46.d.F2D7347D70C843C5184DF2B97C61BA06.e.16900/click - {}
RESULT: {}
COMMAND: GET /session/e57c885b60fd8cf462a4cfca6f098091/screenshot - {}
RESULT: {}
COMMAND: POST /session/e57c885b60fd8cf462a4cfca6f098091/element - {"using":"xpath","value":"//button[@data-kt=\"btnAddTableRowOverflowToolbarButton\"]"}
RESULT: {"using":"xpath","value":"//button[@data-kt=\"btnAddTableRowOverflowToolbarButton\"]"}
COMMAND: POST /session/e57c885b60fd8cf462a4cfca6f098091/element/f.0BB93947CC1450395F5B257EF4D67E46.d.F2D7347D70C843C5184DF2B97C61BA06.e.16903/click - {}
RESULT: {}
COMMAND: GET /session/e57c885b60fd8cf462a4cfca6f098091/screenshot - {}
RESULT: {}
COMMAND: POST /session/e57c885b60fd8cf462a4cfca6f098091/element - {"using":"xpath","value":"//div[(text() = 'Standard Entry' or . = 'Standard Entry')]"}
RESULT: {"using":"xpath","value":"//div[(text() = 'Standard Entry' or . = 'Standard Entry')]"}
COMMAND: POST /session/e57c885b60fd8cf462a4cfca6f098091/element/f.0BB93947CC1450395F5B257EF4D67E46.d.F2D7347D70C843C5184DF2B97C61BA06.e.16905/click - {}
RESULT: {}
COMMAND: GET /session/e57c885b60fd8cf462a4cfca6f098091/screenshot - {}
RESULT: {}
COMMAND: POST /session/e57c885b60fd8cf462a4cfca6f098091/element - {"using":"xpath","value":"//td[7]/div/div/input"}
RESULT: {"using":"xpath","value":"//td[7]/div/div/input"}
COMMAND: POST /session/e57c885b60fd8cf462a4cfca6f098091/element/f.0BB93947CC1450395F5B257EF4D67E46.d.F2D7347D70C843C5184DF2B97C61BA06.e.16914/clear - {}
RESULT: {}
COMMAND: POST /session/e57c885b60fd8cf462a4cfca6f098091/element/f.0BB93947CC1450395F5B257EF4D67E46.d.F2D7347D70C843C5184DF2B97C61BA06.e.16914/value - {"text":"6hRLoS4wvB"}
COMMAND: GET /session/e57c885b60fd8cf462a4cfca6f098091/screenshot - {}
RESULT: {"text":"6hRLoS4wvB"}
COMMAND: GET /session/e57c885b60fd8cf462a4cfca6f098091/screenshot - {}
RESULT: {}
RESULT: {}
COMMAND: POST /session/e57c885b60fd8cf462a4cfca6f098091/actions - {"actions":[{"id":"action58","type":"key","parameters":{},"actions":[{"type":"keyDown","value":"î€‡"},{"type":"pause","duration":10},{"type":"keyUp","value":"î€‡"}]}]}
RESULT: {"actions":[{"id":"action58","type":"key","parameters":{},"actions":[{"type":"keyDown","value":"î€‡"},{"type":"pause","duration":10},{"type":"keyUp","value":"î€‡"}]}]}
COMMAND: GET /session/e57c885b60fd8cf462a4cfca6f098091/screenshot - {}
COMMAND: POST /session/e57c885b60fd8cf462a4cfca6f098091/element - {"using":"xpath","value":"(//button[@data-kt=\"saveButton\"])[2]"}
RESULT: {}
RESULT: {"using":"xpath","value":"(//button[@data-kt=\"saveButton\"])[2]"}
COMMAND: POST /session/e57c885b60fd8cf462a4cfca6f098091/element/f.0BB93947CC1450395F5B257EF4D67E46.d.F2D7347D70C843C5184DF2B97C61BA06.e.16929/click - {}
RESULT: {}
COMMAND: GET /session/e57c885b60fd8cf462a4cfca6f098091/screenshot - {}
RESULT: {}
COMMAND: POST /session/e57c885b60fd8cf462a4cfca6f098091/element - {"using":"xpath","value":"//span[contains(@id ,\"contractItemsSmartTable-header-inner\")]"}
RESULT: {"using":"xpath","value":"//span[contains(@id ,\"contractItemsSmartTable-header-inner\")]"}
COMMAND: POST /session/e57c885b60fd8cf462a4cfca6f098091/elements - {"using":"xpath","value":"//span[contains(@id ,\"contractItemsSmartTable-header-inner\")]"}
RESULT: {"using":"xpath","value":"//span[contains(@id ,\"contractItemsSmartTable-header-inner\")]"}
COMMAND: POST /session/e57c885b60fd8cf462a4cfca6f098091/execute/sync - {"script":"<script> [56 bytes]","args":[{"element-6066-11e4-a52e-4f735466cecf":"f.0BB93947CC1450395F5B257EF4D67E46.d.F2D7347D70C843C5184DF2B97C61BA06.e.16933","ELEMENT":"f.0BB93947CC1450395F5B257EF4D67E46.d.F2D7347D70C843C5184DF2B97C61BA06.e.16933"}]}
RESULT: {"script":"<script> [56 bytes]","args":[{"element-6066-11e4-a52e-4f735466cecf":"f.0BB93947CC1450395F5B257EF4D67E46.d.F2D7347D70C843C5184DF2B97C61BA06.e.16933","ELEMENT":"f.0BB93947CC1450395F5B257EF4D67E46.d.F2D7347D70C843C5184DF2B97C61BA06.e.16933"}]}
]]></system-out>
    </testcase>
    <testcase classname="chrome.135_0_7049_96.windows.Performance_based_billing_(work_days)_US139742" name="Should do a provide to site handover" time="64.705">
      <system-out><![CDATA[
COMMAND: POST /session/e57c885b60fd8cf462a4cfca6f098091/element - {"using":"xpath","value":"//button[@data-kt=\"provideButton\"]"}
COMMAND: GET /session/e57c885b60fd8cf462a4cfca6f098091/screenshot - {}
RESULT: {"using":"xpath","value":"//button[@data-kt=\"provideButton\"]"}
COMMAND: POST /session/e57c885b60fd8cf462a4cfca6f098091/element/f.0BB93947CC1450395F5B257EF4D67E46.d.F2D7347D70C843C5184DF2B97C61BA06.e.16934/click - {}
RESULT: {}
RESULT: {}
COMMAND: GET /session/e57c885b60fd8cf462a4cfca6f098091/screenshot - {}
RESULT: {}
RESULT: undefined
COMMAND: POST /session/e57c885b60fd8cf462a4cfca6f098091/execute/async - {"script":"<script> [6424 bytes]","args":[{"element-6066-11e4-a52e-4f735466cecf":"f.0BB93947CC1450395F5B257EF4D67E46.d.F2D7347D70C843C5184DF2B97C61BA06.e.15928"},"setValue",["04/24/2025"]]}
COMMAND: POST /session/e57c885b60fd8cf462a4cfca6f098091/execute/async - {"script":"<script> [1562 bytes]","args":[{"selector":{"id":"application-managehandovers-display-component---AddNewHO--dueDate","interaction":{"idSuffix":"inner"}},"wdio_ui5_key":"applicationmanagehandovers-display-component---AddNewHO--dueDate"}]}
RESULT: {"script":"<script> [1562 bytes]","args":[{"selector":{"id":"application-managehandovers-display-component---AddNewHO--dueDate","interaction":{"idSuffix":"inner"}},"wdio_ui5_key":"applicationmanagehandovers-display-component---AddNewHO--dueDate"}]}
COMMAND: POST /session/e57c885b60fd8cf462a4cfca6f098091/execute/async - {"script":"<script> [6424 bytes]","args":[{"element-6066-11e4-a52e-4f735466cecf":"f.0BB93947CC1450395F5B257EF4D67E46.d.F2D7347D70C843C5184DF2B97C61BA06.e.17008"},"setValue",["04/24/2025"]]}
RESULT: {"script":"<script> [6424 bytes]","args":[{"element-6066-11e4-a52e-4f735466cecf":"f.0BB93947CC1450395F5B257EF4D67E46.d.F2D7347D70C843C5184DF2B97C61BA06.e.17008"},"setValue",["04/24/2025"]]}
COMMAND: POST /session/e57c885b60fd8cf462a4cfca6f098091/element - {"using":"xpath","value":"//bdi[contains(text(), \"Instructions\")]"}
RESULT: {"using":"xpath","value":"//bdi[contains(text(), \"Instructions\")]"}
COMMAND: POST /session/e57c885b60fd8cf462a4cfca6f098091/element/f.0BB93947CC1450395F5B257EF4D67E46.d.F2D7347D70C843C5184DF2B97C61BA06.e.17257/click - {}
RESULT: {}
COMMAND: GET /session/e57c885b60fd8cf462a4cfca6f098091/screenshot - {}
RESULT: {}
COMMAND: POST /session/e57c885b60fd8cf462a4cfca6f098091/element - {"using":"xpath","value":"//button[@data-kt=\"AddNewHOProvideAddItemsButton\"]"}
RESULT: {"using":"xpath","value":"//button[@data-kt=\"AddNewHOProvideAddItemsButton\"]"}
COMMAND: POST /session/e57c885b60fd8cf462a4cfca6f098091/element/f.0BB93947CC1450395F5B257EF4D67E46.d.F2D7347D70C843C5184DF2B97C61BA06.e.17261/click - {}
RESULT: {}
COMMAND: GET /session/e57c885b60fd8cf462a4cfca6f098091/screenshot - {}
RESULT: {}
RESULT: undefined
COMMAND: POST /session/e57c885b60fd8cf462a4cfca6f098091/element - {"using":"xpath","value":"//*[@id=\"application-managehandovers-display-component---AddNewHO--popup-sa\"]"}
RESULT: {"using":"xpath","value":"//*[@id=\"application-managehandovers-display-component---AddNewHO--popup-sa\"]"}
COMMAND: POST /session/e57c885b60fd8cf462a4cfca6f098091/element/f.0BB93947CC1450395F5B257EF4D67E46.d.F2D7347D70C843C5184DF2B97C61BA06.e.17277/click - {}
RESULT: {}
COMMAND: GET /session/e57c885b60fd8cf462a4cfca6f098091/screenshot - {}
RESULT: {}
COMMAND: POST /session/e57c885b60fd8cf462a4cfca6f098091/element - {"using":"xpath","value":"//*[contains(@id ,\"BDI-content\")][contains(text(), \"Select\")]"}
RESULT: {"using":"xpath","value":"//*[contains(@id ,\"BDI-content\")][contains(text(), \"Select\")]"}
COMMAND: POST /session/e57c885b60fd8cf462a4cfca6f098091/element/f.0BB93947CC1450395F5B257EF4D67E46.d.F2D7347D70C843C5184DF2B97C61BA06.e.17279/click - {}
RESULT: {}
COMMAND: GET /session/e57c885b60fd8cf462a4cfca6f098091/screenshot - {}
RESULT: {}
COMMAND: POST /session/e57c885b60fd8cf462a4cfca6f098091/execute/async - {"script":"<script> [1562 bytes]","args":[{"selector":{"id":"application-managehandovers-display-component---AddNewHO--confirmCreationButton","interaction":{"idSuffix":"BDI-content"}},"wdio_ui5_key":"applicationmanagehandovers-display-component---AddNewHO--confirmCreationButton"}]}
RESULT: {"script":"<script> [1562 bytes]","args":[{"selector":{"id":"application-managehandovers-display-component---AddNewHO--confirmCreationButton","interaction":{"idSuffix":"BDI-content"}},"wdio_ui5_key":"applicationmanagehandovers-display-component---AddNewHO--confirmCreationButton"}]}
RESULT: undefined
COMMAND: POST /session/e57c885b60fd8cf462a4cfca6f098091/element - {"using":"xpath","value":"//*[@id=\"application-managehandovers-display-component---AddNewHO--confirmCreationButton\"]"}
RESULT: {"using":"xpath","value":"//*[@id=\"application-managehandovers-display-component---AddNewHO--confirmCreationButton\"]"}
COMMAND: POST /session/e57c885b60fd8cf462a4cfca6f098091/element/f.0BB93947CC1450395F5B257EF4D67E46.d.F2D7347D70C843C5184DF2B97C61BA06.e.17054/click - {}
RESULT: {}
COMMAND: GET /session/e57c885b60fd8cf462a4cfca6f098091/screenshot - {}
RESULT: {}
COMMAND: POST /session/e57c885b60fd8cf462a4cfca6f098091/element - {"using":"xpath","value":"//button[@data-kt=\"PickingTableConfirmAllButton\"]"}
RESULT: {"using":"xpath","value":"//button[@data-kt=\"PickingTableConfirmAllButton\"]"}
COMMAND: POST /session/e57c885b60fd8cf462a4cfca6f098091/elements - {"using":"xpath","value":"//button[@data-kt=\"PickingTableConfirmAllButton\"]"}
RESULT: {"using":"xpath","value":"//button[@data-kt=\"PickingTableConfirmAllButton\"]"}
COMMAND: POST /session/e57c885b60fd8cf462a4cfca6f098091/elements - {"using":"xpath","value":"//button[@data-kt=\"PickingTableConfirmAllButton\"]"}
RESULT: {"using":"xpath","value":"//button[@data-kt=\"PickingTableConfirmAllButton\"]"}
COMMAND: POST /session/e57c885b60fd8cf462a4cfca6f098091/elements - {"using":"xpath","value":"//button[@data-kt=\"PickingTableConfirmAllButton\"]"}
RESULT: {"using":"xpath","value":"//button[@data-kt=\"PickingTableConfirmAllButton\"]"}
COMMAND: POST /session/e57c885b60fd8cf462a4cfca6f098091/element - {"using":"xpath","value":"//button[@data-kt=\"PickingTableConfirmAllButton\"]"}
RESULT: {"using":"xpath","value":"//button[@data-kt=\"PickingTableConfirmAllButton\"]"}
COMMAND: POST /session/e57c885b60fd8cf462a4cfca6f098091/element/f.0BB93947CC1450395F5B257EF4D67E46.d.F2D7347D70C843C5184DF2B97C61BA06.e.17317/click - {}
COMMAND: POST /session/e57c885b60fd8cf462a4cfca6f098091/element - {"using":"xpath","value":"//button[@data-kt=\"PickingTableConfirmAllButton\"]"}
RESULT: {"using":"xpath","value":"//button[@data-kt=\"PickingTableConfirmAllButton\"]"}
COMMAND: POST /session/e57c885b60fd8cf462a4cfca6f098091/element/f.0BB93947CC1450395F5B257EF4D67E46.d.F2D7347D70C843C5184DF2B97C61BA06.e.17317/click - {}
COMMAND: POST /session/e57c885b60fd8cf462a4cfca6f098091/element - {"using":"xpath","value":"//button[@data-kt=\"PickingTableConfirmAllButton\"]"}
RESULT: {"using":"xpath","value":"//button[@data-kt=\"PickingTableConfirmAllButton\"]"}
COMMAND: POST /session/e57c885b60fd8cf462a4cfca6f098091/element/f.0BB93947CC1450395F5B257EF4D67E46.d.F2D7347D70C843C5184DF2B97C61BA06.e.17339/click - {}
RESULT: {}
COMMAND: GET /session/e57c885b60fd8cf462a4cfca6f098091/screenshot - {}
RESULT: {}
COMMAND: POST /session/e57c885b60fd8cf462a4cfca6f098091/element - {"using":"xpath","value":"//bdi[contains(text(), \"OK\")]"}
RESULT: {"using":"xpath","value":"//bdi[contains(text(), \"OK\")]"}
COMMAND: POST /session/e57c885b60fd8cf462a4cfca6f098091/element/f.0BB93947CC1450395F5B257EF4D67E46.d.F2D7347D70C843C5184DF2B97C61BA06.e.17343/click - {}
RESULT: {}
COMMAND: GET /session/e57c885b60fd8cf462a4cfca6f098091/screenshot - {}
RESULT: {}
COMMAND: POST /session/e57c885b60fd8cf462a4cfca6f098091/element - {"using":"xpath","value":"//bdi[contains(text(), \"Ok\")]"}
RESULT: {"using":"xpath","value":"//bdi[contains(text(), \"Ok\")]"}
COMMAND: POST /session/e57c885b60fd8cf462a4cfca6f098091/element/f.0BB93947CC1450395F5B257EF4D67E46.d.F2D7347D70C843C5184DF2B97C61BA06.e.17352/click - {}
RESULT: {}
COMMAND: GET /session/e57c885b60fd8cf462a4cfca6f098091/screenshot - {}
RESULT: {}
COMMAND: POST /session/e57c885b60fd8cf462a4cfca6f098091/element - {"using":"xpath","value":"//bdi[contains(text(), \"Issue\")]"}
RESULT: {"using":"xpath","value":"//bdi[contains(text(), \"Issue\")]"}
COMMAND: POST /session/e57c885b60fd8cf462a4cfca6f098091/element/f.0BB93947CC1450395F5B257EF4D67E46.d.F2D7347D70C843C5184DF2B97C61BA06.e.17354/click - {}
RESULT: {}
COMMAND: GET /session/e57c885b60fd8cf462a4cfca6f098091/screenshot - {}
RESULT: {}
COMMAND: POST /session/e57c885b60fd8cf462a4cfca6f098091/element - {"using":"css selector","value":"#shell-header-logo"}
RESULT: {"using":"css selector","value":"#shell-header-logo"}
COMMAND: POST /session/e57c885b60fd8cf462a4cfca6f098091/element/f.0BB93947CC1450395F5B257EF4D67E46.d.F2D7347D70C843C5184DF2B97C61BA06.e.16428/click - {}
RESULT: {}
COMMAND: GET /session/e57c885b60fd8cf462a4cfca6f098091/screenshot - {}
RESULT: {}
]]></system-out>
    </testcase>
    <testcase classname="chrome.135_0_7049_96.windows.Performance_based_billing_(work_days)_US139742" name="Should create a few performance documents" time="102.711">
      <system-out><![CDATA[
COMMAND: POST /session/e57c885b60fd8cf462a4cfca6f098091/window/fullscreen - {}
RESULT: {}
COMMAND: POST /session/e57c885b60fd8cf462a4cfca6f098091/execute/async - {"script":"<script> [1562 bytes]","args":[{"selector":{"controlType":"sap.m.GenericTile","properties":{"header":"Manage States & Performance"}},"wdio_ui5_key":"sapm.GenericTile{\"header\":\"Manage States & Performance\"}"}]}
RESULT: {"script":"<script> [1562 bytes]","args":[{"selector":{"controlType":"sap.m.GenericTile","properties":{"header":"Manage States & Performance"}},"wdio_ui5_key":"sapm.GenericTile{\"header\":\"Manage States & Performance\"}"}]}
RESULT: undefined
COMMAND: POST /session/e57c885b60fd8cf462a4cfca6f098091/element - {"using":"xpath","value":"//*[@id=\"__tile56\"]"}
RESULT: {"using":"xpath","value":"//*[@id=\"__tile56\"]"}
COMMAND: POST /session/e57c885b60fd8cf462a4cfca6f098091/element/f.0BB93947CC1450395F5B257EF4D67E46.d.F2D7347D70C843C5184DF2B97C61BA06.e.13827/click - {}
RESULT: {}
COMMAND: POST /session/e57c885b60fd8cf462a4cfca6f098091/element - {"using":"xpath","value":"//div[@id=\"application-managestatesandperformance-display-component---stateAndPerform--smartFilterBarResources-btnBasicSearch\"]"}
COMMAND: GET /session/e57c885b60fd8cf462a4cfca6f098091/screenshot - {}
RESULT: {"using":"xpath","value":"//div[@id=\"application-managestatesandperformance-display-component---stateAndPerform--smartFilterBarResources-btnBasicSearch\"]"}
COMMAND: POST /session/e57c885b60fd8cf462a4cfca6f098091/elements - {"using":"xpath","value":"//div[@id=\"application-managestatesandperformance-display-component---stateAndPerform--smartFilterBarResources-btnBasicSearch\"]"}
RESULT: {}
RESULT: {"using":"xpath","value":"//div[@id=\"application-managestatesandperformance-display-component---stateAndPerform--smartFilterBarResources-btnBasicSearch\"]"}
COMMAND: POST /session/e57c885b60fd8cf462a4cfca6f098091/element - {"using":"xpath","value":"//div[@id=\"application-managestatesandperformance-display-component---stateAndPerform--smartFilterBarResources-btnBasicSearch\"]"}
RESULT: {"using":"xpath","value":"//div[@id=\"application-managestatesandperformance-display-component---stateAndPerform--smartFilterBarResources-btnBasicSearch\"]"}
COMMAND: POST /session/e57c885b60fd8cf462a4cfca6f098091/execute/sync - {"script":"<script> [8489 bytes]","args":[{"element-6066-11e4-a52e-4f735466cecf":"f.0BB93947CC1450395F5B257EF4D67E46.d.F2D7347D70C843C5184DF2B97C61BA06.e.17563","ELEMENT":"f.0BB93947CC1450395F5B257EF4D67E46.d.F2D7347D70C843C5184DF2B97C61BA06.e.17563"}]}
RESULT: {"script":"<script> [8489 bytes]","args":[{"element-6066-11e4-a52e-4f735466cecf":"f.0BB93947CC1450395F5B257EF4D67E46.d.F2D7347D70C843C5184DF2B97C61BA06.e.17563","ELEMENT":"f.0BB93947CC1450395F5B257EF4D67E46.d.F2D7347D70C843C5184DF2B97C61BA06.e.17563"}]}
COMMAND: GET /session/e57c885b60fd8cf462a4cfca6f098091/element/f.0BB93947CC1450395F5B257EF4D67E46.d.F2D7347D70C843C5184DF2B97C61BA06.e.17563/enabled - {}
COMMAND: GET /session/e57c885b60fd8cf462a4cfca6f098091/screenshot - {}
RESULT: {}
COMMAND: POST /session/e57c885b60fd8cf462a4cfca6f098091/execute/sync - {"script":"<script> [8489 bytes]","args":[{"element-6066-11e4-a52e-4f735466cecf":"f.0BB93947CC1450395F5B257EF4D67E46.d.F2D7347D70C843C5184DF2B97C61BA06.e.17563","ELEMENT":"f.0BB93947CC1450395F5B257EF4D67E46.d.F2D7347D70C843C5184DF2B97C61BA06.e.17563"}]}
COMMAND: GET /session/e57c885b60fd8cf462a4cfca6f098091/screenshot - {}
RESULT: {}
RESULT: {"script":"<script> [8489 bytes]","args":[{"element-6066-11e4-a52e-4f735466cecf":"f.0BB93947CC1450395F5B257EF4D67E46.d.F2D7347D70C843C5184DF2B97C61BA06.e.17563","ELEMENT":"f.0BB93947CC1450395F5B257EF4D67E46.d.F2D7347D70C843C5184DF2B97C61BA06.e.17563"}]}
COMMAND: POST /session/e57c885b60fd8cf462a4cfca6f098091/execute/sync - {"script":"<script> [5351 bytes]","args":[{"element-6066-11e4-a52e-4f735466cecf":"f.0BB93947CC1450395F5B257EF4D67E46.d.F2D7347D70C843C5184DF2B97C61BA06.e.17563","ELEMENT":"f.0BB93947CC1450395F5B257EF4D67E46.d.F2D7347D70C843C5184DF2B97C61BA06.e.17563"}]}
COMMAND: GET /session/e57c885b60fd8cf462a4cfca6f098091/screenshot - {}
RESULT: {}
RESULT: {"script":"<script> [5351 bytes]","args":[{"element-6066-11e4-a52e-4f735466cecf":"f.0BB93947CC1450395F5B257EF4D67E46.d.F2D7347D70C843C5184DF2B97C61BA06.e.17563","ELEMENT":"f.0BB93947CC1450395F5B257EF4D67E46.d.F2D7347D70C843C5184DF2B97C61BA06.e.17563"}]}
COMMAND: POST /session/e57c885b60fd8cf462a4cfca6f098091/execute/async - {"script":"<script> [1562 bytes]","args":[{"selector":{"id":"application-managestatesandperformance-display-component---stateAndPerform--smartFilterBarResources-btnBasicSearch","interaction":{"idSuffix":"I"}},"wdio_ui5_key":"applicationmanagestatesandperformance-display-component---stateAndPerform--smartFilterBarResources-btnBasicSearch"}]}
COMMAND: GET /session/e57c885b60fd8cf462a4cfca6f098091/screenshot - {}
RESULT: {}
RESULT: {"script":"<script> [1562 bytes]","args":[{"selector":{"id":"application-managestatesandperformance-display-component---stateAndPerform--smartFilterBarResources-btnBasicSearch","interaction":{"idSuffix":"I"}},"wdio_ui5_key":"applicationmanagestatesandperformance-display-component---stateAndPerform--smartFilterBarResources-btnBasicSearch"}]}
RESULT: undefined
COMMAND: POST /session/e57c885b60fd8cf462a4cfca6f098091/execute/async - {"script":"<script> [776 bytes]","args":[{"enterText":"6hRLoS4wvB","selector":{"id":"application-managestatesandperformance-display-component---stateAndPerform--smartFilterBarResources-btnBasicSearch","interaction":{"idSuffix":"I"}},"clearTextFirst":true,"interactionType":"ENTER_TEXT"}]}
RESULT: {}
RESULT: {"script":"<script> [776 bytes]","args":[{"enterText":"6hRLoS4wvB","selector":{"id":"application-managestatesandperformance-display-component---stateAndPerform--smartFilterBarResources-btnBasicSearch","interaction":{"idSuffix":"I"}},"clearTextFirst":true,"interactionType":"ENTER_TEXT"}]}
COMMAND: POST /session/e57c885b60fd8cf462a4cfca6f098091/actions - {"actions":[{"id":"action59","type":"key","parameters":{},"actions":[{"type":"keyDown","value":"î€‡"},{"type":"pause","duration":10},{"type":"keyUp","value":"î€‡"}]}]}
RESULT: {"actions":[{"id":"action59","type":"key","parameters":{},"actions":[{"type":"keyDown","value":"î€‡"},{"type":"pause","duration":10},{"type":"keyUp","value":"î€‡"}]}]}
COMMAND: GET /session/e57c885b60fd8cf462a4cfca6f098091/screenshot - {}
RESULT: {}
COMMAND: POST /session/e57c885b60fd8cf462a4cfca6f098091/execute/async - {"script":"<script> [1562 bytes]","args":[{"selector":{"id":"application-managestatesandperformance-display-component---stateAndPerform--stateAndPerformResourcesSmartTable-header"},"wdio_ui5_key":"applicationmanagestatesandperformance-display-component---stateAndPerform--stateAndPerformResourcesSmartTable-header"}]}
RESULT: {"script":"<script> [1562 bytes]","args":[{"selector":{"id":"application-managestatesandperformance-display-component---stateAndPerform--stateAndPerformResourcesSmartTable-header"},"wdio_ui5_key":"applicationmanagestatesandperformance-display-component---stateAndPerform--stateAndPerformResourcesSmartTable-header"}]}
RESULT: undefined
COMMAND: POST /session/e57c885b60fd8cf462a4cfca6f098091/execute/async - {"script":"<script> [6424 bytes]","args":[{"element-6066-11e4-a52e-4f735466cecf":"f.0BB93947CC1450395F5B257EF4D67E46.d.F2D7347D70C843C5184DF2B97C61BA06.e.17626"},"getText",[]]}
RESULT: {"script":"<script> [6424 bytes]","args":[{"element-6066-11e4-a52e-4f735466cecf":"f.0BB93947CC1450395F5B257EF4D67E46.d.F2D7347D70C843C5184DF2B97C61BA06.e.17626"},"getText",[]]}
COMMAND: POST /session/e57c885b60fd8cf462a4cfca6f098091/execute/async - {"script":"<script> [1562 bytes]","args":[{"selector":{"controlType":"sap.ui.core.Icon","viewName":"etm.portal.ui.managestatesandperformance.view.Master","viewId":"application-managestatesandperformance-display-component---stateAndPerform","properties":{"src":{"regex":{"source":"slim\\-arrow\\-right"}}}},"wdio_ui5_key":"etmportal.ui.managestatesandperformance.view.Mastersap.ui.core.Icon{\"src\":{\"regex\":{\"source\":\"slim\\\\-arrow\\\\-right\"}}}"}]}
RESULT: {"script":"<script> [1562 bytes]","args":[{"selector":{"controlType":"sap.ui.core.Icon","viewName":"etm.portal.ui.managestatesandperformance.view.Master","viewId":"application-managestatesandperformance-display-component---stateAndPerform","properties":{"src":{"regex":{"source":"slim\\-arrow\\-right"}}}},"wdio_ui5_key":"etmportal.ui.managestatesandperformance.view.Mastersap.ui.core.Icon{\"src\":{\"regex\":{\"source\":\"slim\\\\-arrow\\\\-right\"}}}"}]}
RESULT: undefined
COMMAND: POST /session/e57c885b60fd8cf462a4cfca6f098091/element - {"using":"xpath","value":"//*[@id=\"__item3356-__clone5884-imgNav\"]"}
RESULT: {"using":"xpath","value":"//*[@id=\"__item3356-__clone5884-imgNav\"]"}
COMMAND: POST /session/e57c885b60fd8cf462a4cfca6f098091/element/f.0BB93947CC1450395F5B257EF4D67E46.d.F2D7347D70C843C5184DF2B97C61BA06.e.17625/click - {}
RESULT: {}
COMMAND: GET /session/e57c885b60fd8cf462a4cfca6f098091/screenshot - {}
RESULT: {}
COMMAND: POST /session/e57c885b60fd8cf462a4cfca6f098091/execute/async - {"script":"<script> [1562 bytes]","args":[{"selector":{"controlType":"sap.m.Button","viewName":"etm.portal.ui.managestatesandperformance.view.Detail","viewId":"application-managestatesandperformance-display-component---detailStateAndPerform","properties":{"text":"Performance Documents"}},"wdio_ui5_key":"etmportal.ui.managestatesandperformance.view.Detailsap.m.Button{\"text\":\"Performance Documents\"}"}]}
RESULT: {"script":"<script> [1562 bytes]","args":[{"selector":{"controlType":"sap.m.Button","viewName":"etm.portal.ui.managestatesandperformance.view.Detail","viewId":"application-managestatesandperformance-display-component---detailStateAndPerform","properties":{"text":"Performance Documents"}},"wdio_ui5_key":"etmportal.ui.managestatesandperformance.view.Detailsap.m.Button{\"text\":\"Performance Documents\"}"}]}
RESULT: undefined
COMMAND: POST /session/e57c885b60fd8cf462a4cfca6f098091/element - {"using":"xpath","value":"//*[@id=\"__item3379-button\"]"}
RESULT: {"using":"xpath","value":"//*[@id=\"__item3379-button\"]"}
COMMAND: POST /session/e57c885b60fd8cf462a4cfca6f098091/element/f.0BB93947CC1450395F5B257EF4D67E46.d.F2D7347D70C843C5184DF2B97C61BA06.e.17673/click - {}
RESULT: {}
COMMAND: POST /session/e57c885b60fd8cf462a4cfca6f098091/execute/async - {"script":"<script> [1562 bytes]","args":[{"selector":{"controlType":"sap.m.Button","viewName":"etm.portal.ui.managestatesandperformance.view.Detail","viewId":"application-managestatesandperformance-display-component---detailStateAndPerform","i18NText":{"propertyName":"text","key":"createPerformanceDoc"},"interaction":{"idSuffix":"BDI-content"}},"wdio_ui5_key":"etmportal.ui.managestatesandperformance.view.Detailsap.m.Button{\"propertyName\":\"text\",\"key\":\"createPerformanceDoc\"}"}]}
COMMAND: GET /session/e57c885b60fd8cf462a4cfca6f098091/screenshot - {}
RESULT: {"script":"<script> [1562 bytes]","args":[{"selector":{"controlType":"sap.m.Button","viewName":"etm.portal.ui.managestatesandperformance.view.Detail","viewId":"application-managestatesandperformance-display-component---detailStateAndPerform","i18NText":{"propertyName":"text","key":"createPerformanceDoc"},"interaction":{"idSuffix":"BDI-content"}},"wdio_ui5_key":"etmportal.ui.managestatesandperformance.view.Detailsap.m.Button{\"propertyName\":\"text\",\"key\":\"createPerformanceDoc\"}"}]}
RESULT: undefined
COMMAND: POST /session/e57c885b60fd8cf462a4cfca6f098091/element - {"using":"xpath","value":"//*[@id=\"__button389\"]"}
RESULT: {}
RESULT: {"using":"xpath","value":"//*[@id=\"__button389\"]"}
COMMAND: POST /session/e57c885b60fd8cf462a4cfca6f098091/element/f.0BB93947CC1450395F5B257EF4D67E46.d.F2D7347D70C843C5184DF2B97C61BA06.e.17677/click - {}
RESULT: {}
COMMAND: POST /session/e57c885b60fd8cf462a4cfca6f098091/execute/async - {"script":"<script> [1562 bytes]","args":[{"selector":{"id":"application-managestatesandperformance-display-component---detailStateAndPerform--perfDocDatePicker","searchOpenDialogs":true,"interaction":{"idSuffix":"inner"}},"wdio_ui5_key":"applicationmanagestatesandperformance-display-component---detailStateAndPerform--perfDocDatePicker"}]}
COMMAND: GET /session/e57c885b60fd8cf462a4cfca6f098091/screenshot - {}
RESULT: {"script":"<script> [1562 bytes]","args":[{"selector":{"id":"application-managestatesandperformance-display-component---detailStateAndPerform--perfDocDatePicker","searchOpenDialogs":true,"interaction":{"idSuffix":"inner"}},"wdio_ui5_key":"applicationmanagestatesandperformance-display-component---detailStateAndPerform--perfDocDatePicker"}]}
RESULT: undefined
COMMAND: POST /session/e57c885b60fd8cf462a4cfca6f098091/execute/async - {"script":"<script> [776 bytes]","args":[{"enterText":"04/26/25","selector":{"id":"application-managestatesandperformance-display-component---detailStateAndPerform--perfDocDatePicker","searchOpenDialogs":true,"interaction":{"idSuffix":"inner"}},"clearTextFirst":true,"interactionType":"ENTER_TEXT"}]}
RESULT: {}
RESULT: {"script":"<script> [776 bytes]","args":[{"enterText":"04/26/25","selector":{"id":"application-managestatesandperformance-display-component---detailStateAndPerform--perfDocDatePicker","searchOpenDialogs":true,"interaction":{"idSuffix":"inner"}},"clearTextFirst":true,"interactionType":"ENTER_TEXT"}]}
COMMAND: POST /session/e57c885b60fd8cf462a4cfca6f098091/execute/async - {"script":"<script> [1562 bytes]","args":[{"selector":{"id":"application-managestatesandperformance-display-component---detailStateAndPerform--counterValue-input","searchOpenDialogs":true,"interaction":{"idSuffix":"inner"}},"wdio_ui5_key":"applicationmanagestatesandperformance-display-component---detailStateAndPerform--counterValue-input"}]}
RESULT: {"script":"<script> [1562 bytes]","args":[{"selector":{"id":"application-managestatesandperformance-display-component---detailStateAndPerform--counterValue-input","searchOpenDialogs":true,"interaction":{"idSuffix":"inner"}},"wdio_ui5_key":"applicationmanagestatesandperformance-display-component---detailStateAndPerform--counterValue-input"}]}
RESULT: undefined
COMMAND: POST /session/e57c885b60fd8cf462a4cfca6f098091/execute/async - {"script":"<script> [776 bytes]","args":[{"enterText":"15.00","selector":{"id":"application-managestatesandperformance-display-component---detailStateAndPerform--counterValue-input","searchOpenDialogs":true,"interaction":{"idSuffix":"inner"}},"clearTextFirst":true,"interactionType":"ENTER_TEXT"}]}
RESULT: {"script":"<script> [776 bytes]","args":[{"enterText":"15.00","selector":{"id":"application-managestatesandperformance-display-component---detailStateAndPerform--counterValue-input","searchOpenDialogs":true,"interaction":{"idSuffix":"inner"}},"clearTextFirst":true,"interactionType":"ENTER_TEXT"}]}
COMMAND: POST /session/e57c885b60fd8cf462a4cfca6f098091/execute/async - {"script":"<script> [1562 bytes]","args":[{"selector":{"controlType":"sap.m.Button","viewName":"etm.portal.ui.managestatesandperformance.view.Detail","viewId":"application-managestatesandperformance-display-component---detailStateAndPerform","bindingPath":{"path":"","propertyPath":"/allowAddEdit","modelName":"oScreenModel"},"searchOpenDialogs":true,"interaction":{"idSuffix":"BDI-content"}},"wdio_ui5_key":"etmportal.ui.managestatesandperformance.view.Detailsap.m.Button{\"path\":\"\",\"propertyPath\":\"/allowAddEdit\",\"modelName\":\"oScreenModel\"}"}]}
RESULT: {"script":"<script> [1562 bytes]","args":[{"selector":{"controlType":"sap.m.Button","viewName":"etm.portal.ui.managestatesandperformance.view.Detail","viewId":"application-managestatesandperformance-display-component---detailStateAndPerform","bindingPath":{"path":"","propertyPath":"/allowAddEdit","modelName":"oScreenModel"},"searchOpenDialogs":true,"interaction":{"idSuffix":"BDI-content"}},"wdio_ui5_key":"etmportal.ui.managestatesandperformance.view.Detailsap.m.Button{\"path\":\"\",\"propertyPath\":\"/allowAddEdit\",\"modelName\":\"oScreenModel\"}"}]}
RESULT: undefined
COMMAND: POST /session/e57c885b60fd8cf462a4cfca6f098091/element - {"using":"xpath","value":"//*[@id=\"__button396\"]"}
RESULT: {"using":"xpath","value":"//*[@id=\"__button396\"]"}
COMMAND: POST /session/e57c885b60fd8cf462a4cfca6f098091/element/f.0BB93947CC1450395F5B257EF4D67E46.d.F2D7347D70C843C5184DF2B97C61BA06.e.17692/click - {}
RESULT: {}
RESULT: undefined
COMMAND: POST /session/e57c885b60fd8cf462a4cfca6f098091/element - {"using":"xpath","value":"//*[@id=\"__button389\"]"}
COMMAND: GET /session/e57c885b60fd8cf462a4cfca6f098091/screenshot - {}
RESULT: {"using":"xpath","value":"//*[@id=\"__button389\"]"}
COMMAND: POST /session/e57c885b60fd8cf462a4cfca6f098091/element/f.0BB93947CC1450395F5B257EF4D67E46.d.F2D7347D70C843C5184DF2B97C61BA06.e.17677/click - {}
RESULT: {}
RESULT: {}
RESULT: undefined
COMMAND: POST /session/e57c885b60fd8cf462a4cfca6f098091/execute/async - {"script":"<script> [776 bytes]","args":[{"enterText":"04/30/25","selector":{"id":"application-managestatesandperformance-display-component---detailStateAndPerform--perfDocDatePicker","searchOpenDialogs":true,"interaction":{"idSuffix":"inner"}},"clearTextFirst":true,"interactionType":"ENTER_TEXT"}]}
COMMAND: GET /session/e57c885b60fd8cf462a4cfca6f098091/screenshot - {}
RESULT: {"script":"<script> [776 bytes]","args":[{"enterText":"04/30/25","selector":{"id":"application-managestatesandperformance-display-component---detailStateAndPerform--perfDocDatePicker","searchOpenDialogs":true,"interaction":{"idSuffix":"inner"}},"clearTextFirst":true,"interactionType":"ENTER_TEXT"}]}
RESULT: undefined
COMMAND: POST /session/e57c885b60fd8cf462a4cfca6f098091/execute/async - {"script":"<script> [776 bytes]","args":[{"enterText":"20.00","selector":{"id":"application-managestatesandperformance-display-component---detailStateAndPerform--counterValue-input","searchOpenDialogs":true,"interaction":{"idSuffix":"inner"}},"clearTextFirst":true,"interactionType":"ENTER_TEXT"}]}
RESULT: {}
RESULT: {"script":"<script> [776 bytes]","args":[{"enterText":"20.00","selector":{"id":"application-managestatesandperformance-display-component---detailStateAndPerform--counterValue-input","searchOpenDialogs":true,"interaction":{"idSuffix":"inner"}},"clearTextFirst":true,"interactionType":"ENTER_TEXT"}]}
COMMAND: POST /session/e57c885b60fd8cf462a4cfca6f098091/actions - {"actions":[{"id":"action60","type":"key","parameters":{},"actions":[{"type":"keyDown","value":"î€„"},{"type":"keyDown","value":"î€„"},{"type":"pause","duration":10},{"type":"keyUp","value":"î€„"},{"type":"keyUp","value":"î€„"}]}]}
RESULT: {"actions":[{"id":"action60","type":"key","parameters":{},"actions":[{"type":"keyDown","value":"î€„"},{"type":"keyDown","value":"î€„"},{"type":"pause","duration":10},{"type":"keyUp","value":"î€„"},{"type":"keyUp","value":"î€„"}]}]}
COMMAND: POST /session/e57c885b60fd8cf462a4cfca6f098091/actions - {"actions":[{"id":"action61","type":"key","parameters":{},"actions":[{"type":"keyDown","value":"î€‡"},{"type":"pause","duration":10},{"type":"keyUp","value":"î€‡"}]}]}
COMMAND: GET /session/e57c885b60fd8cf462a4cfca6f098091/screenshot - {}
RESULT: {"actions":[{"id":"action61","type":"key","parameters":{},"actions":[{"type":"keyDown","value":"î€‡"},{"type":"pause","duration":10},{"type":"keyUp","value":"î€‡"}]}]}
RESULT: undefined
COMMAND: POST /session/e57c885b60fd8cf462a4cfca6f098091/element - {"using":"xpath","value":"//*[@id=\"__button396\"]"}
COMMAND: GET /session/e57c885b60fd8cf462a4cfca6f098091/screenshot - {}
RESULT: {}
RESULT: {"using":"xpath","value":"//*[@id=\"__button396\"]"}
COMMAND: POST /session/e57c885b60fd8cf462a4cfca6f098091/elements - {"using":"xpath","value":"//*[@id=\"__button396\"]"}
RESULT: {}
RESULT: {"using":"xpath","value":"//*[@id=\"__button396\"]"}
COMMAND: POST /session/e57c885b60fd8cf462a4cfca6f098091/elements - {"using":"xpath","value":"//*[@id=\"__button396\"]"}
RESULT: {"using":"xpath","value":"//*[@id=\"__button396\"]"}
COMMAND: POST /session/e57c885b60fd8cf462a4cfca6f098091/elements - {"using":"xpath","value":"//*[@id=\"__button396\"]"}
RESULT: {"using":"xpath","value":"//*[@id=\"__button396\"]"}
COMMAND: POST /session/e57c885b60fd8cf462a4cfca6f098091/elements - {"using":"xpath","value":"//*[@id=\"__button396\"]"}
RESULT: {"using":"xpath","value":"//*[@id=\"__button396\"]"}
COMMAND: POST /session/e57c885b60fd8cf462a4cfca6f098091/elements - {"using":"xpath","value":"//*[@id=\"__button396\"]"}
RESULT: {"using":"xpath","value":"//*[@id=\"__button396\"]"}
COMMAND: POST /session/e57c885b60fd8cf462a4cfca6f098091/elements - {"using":"xpath","value":"//*[@id=\"__button396\"]"}
RESULT: {"using":"xpath","value":"//*[@id=\"__button396\"]"}
COMMAND: POST /session/e57c885b60fd8cf462a4cfca6f098091/elements - {"using":"xpath","value":"//*[@id=\"__button396\"]"}
RESULT: {"using":"xpath","value":"//*[@id=\"__button396\"]"}
COMMAND: POST /session/e57c885b60fd8cf462a4cfca6f098091/elements - {"using":"xpath","value":"//*[@id=\"__button396\"]"}
RESULT: {"using":"xpath","value":"//*[@id=\"__button396\"]"}
COMMAND: POST /session/e57c885b60fd8cf462a4cfca6f098091/elements - {"using":"xpath","value":"//*[@id=\"__button396\"]"}
RESULT: {"using":"xpath","value":"//*[@id=\"__button396\"]"}
COMMAND: POST /session/e57c885b60fd8cf462a4cfca6f098091/elements - {"using":"xpath","value":"//*[@id=\"__button396\"]"}
RESULT: {"using":"xpath","value":"//*[@id=\"__button396\"]"}
COMMAND: POST /session/e57c885b60fd8cf462a4cfca6f098091/elements - {"using":"xpath","value":"//*[@id=\"__button396\"]"}
RESULT: {"using":"xpath","value":"//*[@id=\"__button396\"]"}
COMMAND: POST /session/e57c885b60fd8cf462a4cfca6f098091/elements - {"using":"xpath","value":"//*[@id=\"__button396\"]"}
RESULT: {"using":"xpath","value":"//*[@id=\"__button396\"]"}
COMMAND: POST /session/e57c885b60fd8cf462a4cfca6f098091/elements - {"using":"xpath","value":"//*[@id=\"__button396\"]"}
RESULT: {"using":"xpath","value":"//*[@id=\"__button396\"]"}
COMMAND: POST /session/e57c885b60fd8cf462a4cfca6f098091/elements - {"using":"xpath","value":"//*[@id=\"__button396\"]"}
RESULT: {"using":"xpath","value":"//*[@id=\"__button396\"]"}
COMMAND: POST /session/e57c885b60fd8cf462a4cfca6f098091/elements - {"using":"xpath","value":"//*[@id=\"__button396\"]"}
RESULT: {"using":"xpath","value":"//*[@id=\"__button396\"]"}
COMMAND: POST /session/e57c885b60fd8cf462a4cfca6f098091/elements - {"using":"xpath","value":"//*[@id=\"__button396\"]"}
RESULT: {"using":"xpath","value":"//*[@id=\"__button396\"]"}
COMMAND: POST /session/e57c885b60fd8cf462a4cfca6f098091/elements - {"using":"xpath","value":"//*[@id=\"__button396\"]"}
RESULT: {"using":"xpath","value":"//*[@id=\"__button396\"]"}
COMMAND: POST /session/e57c885b60fd8cf462a4cfca6f098091/elements - {"using":"xpath","value":"//*[@id=\"__button396\"]"}
RESULT: {"using":"xpath","value":"//*[@id=\"__button396\"]"}
COMMAND: POST /session/e57c885b60fd8cf462a4cfca6f098091/elements - {"using":"xpath","value":"//*[@id=\"__button396\"]"}
RESULT: {"using":"xpath","value":"//*[@id=\"__button396\"]"}
COMMAND: POST /session/e57c885b60fd8cf462a4cfca6f098091/elements - {"using":"xpath","value":"//*[@id=\"__button396\"]"}
RESULT: {"using":"xpath","value":"//*[@id=\"__button396\"]"}
COMMAND: POST /session/e57c885b60fd8cf462a4cfca6f098091/elements - {"using":"xpath","value":"//*[@id=\"__button396\"]"}
RESULT: {"using":"xpath","value":"//*[@id=\"__button396\"]"}
COMMAND: POST /session/e57c885b60fd8cf462a4cfca6f098091/elements - {"using":"xpath","value":"//*[@id=\"__button396\"]"}
RESULT: {"using":"xpath","value":"//*[@id=\"__button396\"]"}
COMMAND: POST /session/e57c885b60fd8cf462a4cfca6f098091/elements - {"using":"xpath","value":"//*[@id=\"__button396\"]"}
RESULT: {"using":"xpath","value":"//*[@id=\"__button396\"]"}
COMMAND: POST /session/e57c885b60fd8cf462a4cfca6f098091/elements - {"using":"xpath","value":"//*[@id=\"__button396\"]"}
RESULT: {"using":"xpath","value":"//*[@id=\"__button396\"]"}
COMMAND: POST /session/e57c885b60fd8cf462a4cfca6f098091/elements - {"using":"xpath","value":"//*[@id=\"__button396\"]"}
RESULT: {"using":"xpath","value":"//*[@id=\"__button396\"]"}
COMMAND: POST /session/e57c885b60fd8cf462a4cfca6f098091/elements - {"using":"xpath","value":"//*[@id=\"__button396\"]"}
RESULT: {"using":"xpath","value":"//*[@id=\"__button396\"]"}
COMMAND: POST /session/e57c885b60fd8cf462a4cfca6f098091/elements - {"using":"xpath","value":"//*[@id=\"__button396\"]"}
RESULT: {"using":"xpath","value":"//*[@id=\"__button396\"]"}
COMMAND: POST /session/e57c885b60fd8cf462a4cfca6f098091/elements - {"using":"xpath","value":"//*[@id=\"__button396\"]"}
RESULT: {"using":"xpath","value":"//*[@id=\"__button396\"]"}
COMMAND: POST /session/e57c885b60fd8cf462a4cfca6f098091/elements - {"using":"xpath","value":"//*[@id=\"__button396\"]"}
RESULT: {"using":"xpath","value":"//*[@id=\"__button396\"]"}
COMMAND: POST /session/e57c885b60fd8cf462a4cfca6f098091/elements - {"using":"xpath","value":"//*[@id=\"__button396\"]"}
RESULT: {"using":"xpath","value":"//*[@id=\"__button396\"]"}
COMMAND: POST /session/e57c885b60fd8cf462a4cfca6f098091/elements - {"using":"xpath","value":"//*[@id=\"__button396\"]"}
RESULT: {"using":"xpath","value":"//*[@id=\"__button396\"]"}
COMMAND: POST /session/e57c885b60fd8cf462a4cfca6f098091/elements - {"using":"xpath","value":"//*[@id=\"__button396\"]"}
RESULT: {"using":"xpath","value":"//*[@id=\"__button396\"]"}
COMMAND: POST /session/e57c885b60fd8cf462a4cfca6f098091/elements - {"using":"xpath","value":"//*[@id=\"__button396\"]"}
RESULT: {"using":"xpath","value":"//*[@id=\"__button396\"]"}
COMMAND: POST /session/e57c885b60fd8cf462a4cfca6f098091/elements - {"using":"xpath","value":"//*[@id=\"__button396\"]"}
RESULT: {"using":"xpath","value":"//*[@id=\"__button396\"]"}
COMMAND: POST /session/e57c885b60fd8cf462a4cfca6f098091/elements - {"using":"xpath","value":"//*[@id=\"__button396\"]"}
RESULT: {"using":"xpath","value":"//*[@id=\"__button396\"]"}
COMMAND: POST /session/e57c885b60fd8cf462a4cfca6f098091/elements - {"using":"xpath","value":"//*[@id=\"__button396\"]"}
RESULT: {"using":"xpath","value":"//*[@id=\"__button396\"]"}
COMMAND: POST /session/e57c885b60fd8cf462a4cfca6f098091/elements - {"using":"xpath","value":"//*[@id=\"__button396\"]"}
RESULT: {"using":"xpath","value":"//*[@id=\"__button396\"]"}
COMMAND: POST /session/e57c885b60fd8cf462a4cfca6f098091/elements - {"using":"xpath","value":"//*[@id=\"__button396\"]"}
RESULT: {"using":"xpath","value":"//*[@id=\"__button396\"]"}
COMMAND: POST /session/e57c885b60fd8cf462a4cfca6f098091/elements - {"using":"xpath","value":"//*[@id=\"__button396\"]"}
RESULT: {"using":"xpath","value":"//*[@id=\"__button396\"]"}
COMMAND: POST /session/e57c885b60fd8cf462a4cfca6f098091/elements - {"using":"xpath","value":"//*[@id=\"__button396\"]"}
RESULT: {"using":"xpath","value":"//*[@id=\"__button396\"]"}
COMMAND: POST /session/e57c885b60fd8cf462a4cfca6f098091/elements - {"using":"xpath","value":"//*[@id=\"__button396\"]"}
RESULT: {"using":"xpath","value":"//*[@id=\"__button396\"]"}
COMMAND: POST /session/e57c885b60fd8cf462a4cfca6f098091/elements - {"using":"xpath","value":"//*[@id=\"__button396\"]"}
RESULT: {"using":"xpath","value":"//*[@id=\"__button396\"]"}
COMMAND: POST /session/e57c885b60fd8cf462a4cfca6f098091/elements - {"using":"xpath","value":"//*[@id=\"__button396\"]"}
RESULT: {"using":"xpath","value":"//*[@id=\"__button396\"]"}
COMMAND: POST /session/e57c885b60fd8cf462a4cfca6f098091/elements - {"using":"xpath","value":"//*[@id=\"__button396\"]"}
RESULT: {"using":"xpath","value":"//*[@id=\"__button396\"]"}
COMMAND: POST /session/e57c885b60fd8cf462a4cfca6f098091/elements - {"using":"xpath","value":"//*[@id=\"__button396\"]"}
RESULT: {"using":"xpath","value":"//*[@id=\"__button396\"]"}
COMMAND: POST /session/e57c885b60fd8cf462a4cfca6f098091/elements - {"using":"xpath","value":"//*[@id=\"__button396\"]"}
RESULT: {"using":"xpath","value":"//*[@id=\"__button396\"]"}
COMMAND: POST /session/e57c885b60fd8cf462a4cfca6f098091/elements - {"using":"xpath","value":"//*[@id=\"__button396\"]"}
RESULT: {"using":"xpath","value":"//*[@id=\"__button396\"]"}
COMMAND: POST /session/e57c885b60fd8cf462a4cfca6f098091/elements - {"using":"xpath","value":"//*[@id=\"__button396\"]"}
RESULT: {"using":"xpath","value":"//*[@id=\"__button396\"]"}
COMMAND: POST /session/e57c885b60fd8cf462a4cfca6f098091/elements - {"using":"xpath","value":"//*[@id=\"__button396\"]"}
RESULT: {"using":"xpath","value":"//*[@id=\"__button396\"]"}
COMMAND: POST /session/e57c885b60fd8cf462a4cfca6f098091/elements - {"using":"xpath","value":"//*[@id=\"__button396\"]"}
RESULT: {"using":"xpath","value":"//*[@id=\"__button396\"]"}
COMMAND: POST /session/e57c885b60fd8cf462a4cfca6f098091/elements - {"using":"xpath","value":"//*[@id=\"__button396\"]"}
RESULT: {"using":"xpath","value":"//*[@id=\"__button396\"]"}
COMMAND: POST /session/e57c885b60fd8cf462a4cfca6f098091/elements - {"using":"xpath","value":"//*[@id=\"__button396\"]"}
RESULT: {"using":"xpath","value":"//*[@id=\"__button396\"]"}
COMMAND: POST /session/e57c885b60fd8cf462a4cfca6f098091/elements - {"using":"xpath","value":"//*[@id=\"__button396\"]"}
RESULT: {"using":"xpath","value":"//*[@id=\"__button396\"]"}
COMMAND: POST /session/e57c885b60fd8cf462a4cfca6f098091/elements - {"using":"xpath","value":"//*[@id=\"__button396\"]"}
RESULT: {"using":"xpath","value":"//*[@id=\"__button396\"]"}
COMMAND: POST /session/e57c885b60fd8cf462a4cfca6f098091/elements - {"using":"xpath","value":"//*[@id=\"__button396\"]"}
RESULT: {"using":"xpath","value":"//*[@id=\"__button396\"]"}
COMMAND: POST /session/e57c885b60fd8cf462a4cfca6f098091/elements - {"using":"xpath","value":"//*[@id=\"__button396\"]"}
RESULT: {"using":"xpath","value":"//*[@id=\"__button396\"]"}
COMMAND: POST /session/e57c885b60fd8cf462a4cfca6f098091/elements - {"using":"xpath","value":"//*[@id=\"__button396\"]"}
RESULT: {"using":"xpath","value":"//*[@id=\"__button396\"]"}
COMMAND: POST /session/e57c885b60fd8cf462a4cfca6f098091/elements - {"using":"xpath","value":"//*[@id=\"__button396\"]"}
RESULT: {"using":"xpath","value":"//*[@id=\"__button396\"]"}
COMMAND: POST /session/e57c885b60fd8cf462a4cfca6f098091/elements - {"using":"xpath","value":"//*[@id=\"__button396\"]"}
RESULT: {"using":"xpath","value":"//*[@id=\"__button396\"]"}
COMMAND: POST /session/e57c885b60fd8cf462a4cfca6f098091/elements - {"using":"xpath","value":"//*[@id=\"__button396\"]"}
RESULT: {"using":"xpath","value":"//*[@id=\"__button396\"]"}
COMMAND: POST /session/e57c885b60fd8cf462a4cfca6f098091/elements - {"using":"xpath","value":"//*[@id=\"__button396\"]"}
RESULT: {"using":"xpath","value":"//*[@id=\"__button396\"]"}
COMMAND: POST /session/e57c885b60fd8cf462a4cfca6f098091/elements - {"using":"xpath","value":"//*[@id=\"__button396\"]"}
RESULT: {"using":"xpath","value":"//*[@id=\"__button396\"]"}
COMMAND: POST /session/e57c885b60fd8cf462a4cfca6f098091/elements - {"using":"xpath","value":"//*[@id=\"__button396\"]"}
RESULT: {"using":"xpath","value":"//*[@id=\"__button396\"]"}
COMMAND: POST /session/e57c885b60fd8cf462a4cfca6f098091/elements - {"using":"xpath","value":"//*[@id=\"__button396\"]"}
RESULT: {"using":"xpath","value":"//*[@id=\"__button396\"]"}
COMMAND: POST /session/e57c885b60fd8cf462a4cfca6f098091/elements - {"using":"xpath","value":"//*[@id=\"__button396\"]"}
RESULT: {"using":"xpath","value":"//*[@id=\"__button396\"]"}
COMMAND: POST /session/e57c885b60fd8cf462a4cfca6f098091/elements - {"using":"xpath","value":"//*[@id=\"__button396\"]"}
RESULT: {"using":"xpath","value":"//*[@id=\"__button396\"]"}
COMMAND: POST /session/e57c885b60fd8cf462a4cfca6f098091/elements - {"using":"xpath","value":"//*[@id=\"__button396\"]"}
RESULT: {"using":"xpath","value":"//*[@id=\"__button396\"]"}
COMMAND: POST /session/e57c885b60fd8cf462a4cfca6f098091/elements - {"using":"xpath","value":"//*[@id=\"__button396\"]"}
RESULT: {"using":"xpath","value":"//*[@id=\"__button396\"]"}
COMMAND: POST /session/e57c885b60fd8cf462a4cfca6f098091/elements - {"using":"xpath","value":"//*[@id=\"__button396\"]"}
RESULT: {"using":"xpath","value":"//*[@id=\"__button396\"]"}
COMMAND: POST /session/e57c885b60fd8cf462a4cfca6f098091/elements - {"using":"xpath","value":"//*[@id=\"__button396\"]"}
RESULT: {"using":"xpath","value":"//*[@id=\"__button396\"]"}
COMMAND: POST /session/e57c885b60fd8cf462a4cfca6f098091/elements - {"using":"xpath","value":"//*[@id=\"__button396\"]"}
RESULT: {"using":"xpath","value":"//*[@id=\"__button396\"]"}
COMMAND: POST /session/e57c885b60fd8cf462a4cfca6f098091/elements - {"using":"xpath","value":"//*[@id=\"__button396\"]"}
RESULT: {"using":"xpath","value":"//*[@id=\"__button396\"]"}
COMMAND: POST /session/e57c885b60fd8cf462a4cfca6f098091/elements - {"using":"xpath","value":"//*[@id=\"__button396\"]"}
RESULT: {"using":"xpath","value":"//*[@id=\"__button396\"]"}
COMMAND: POST /session/e57c885b60fd8cf462a4cfca6f098091/elements - {"using":"xpath","value":"//*[@id=\"__button396\"]"}
RESULT: {"using":"xpath","value":"//*[@id=\"__button396\"]"}
COMMAND: POST /session/e57c885b60fd8cf462a4cfca6f098091/elements - {"using":"xpath","value":"//*[@id=\"__button396\"]"}
RESULT: {"using":"xpath","value":"//*[@id=\"__button396\"]"}
COMMAND: POST /session/e57c885b60fd8cf462a4cfca6f098091/elements - {"using":"xpath","value":"//*[@id=\"__button396\"]"}
RESULT: {"using":"xpath","value":"//*[@id=\"__button396\"]"}
COMMAND: POST /session/e57c885b60fd8cf462a4cfca6f098091/elements - {"using":"xpath","value":"//*[@id=\"__button396\"]"}
RESULT: {"using":"xpath","value":"//*[@id=\"__button396\"]"}
COMMAND: POST /session/e57c885b60fd8cf462a4cfca6f098091/elements - {"using":"xpath","value":"//*[@id=\"__button396\"]"}
RESULT: {"using":"xpath","value":"//*[@id=\"__button396\"]"}
COMMAND: POST /session/e57c885b60fd8cf462a4cfca6f098091/elements - {"using":"xpath","value":"//*[@id=\"__button396\"]"}
RESULT: {"using":"xpath","value":"//*[@id=\"__button396\"]"}
COMMAND: POST /session/e57c885b60fd8cf462a4cfca6f098091/elements - {"using":"xpath","value":"//*[@id=\"__button396\"]"}
RESULT: {"using":"xpath","value":"//*[@id=\"__button396\"]"}
COMMAND: POST /session/e57c885b60fd8cf462a4cfca6f098091/elements - {"using":"xpath","value":"//*[@id=\"__button396\"]"}
RESULT: {"using":"xpath","value":"//*[@id=\"__button396\"]"}
COMMAND: POST /session/e57c885b60fd8cf462a4cfca6f098091/elements - {"using":"xpath","value":"//*[@id=\"__button396\"]"}
RESULT: {"using":"xpath","value":"//*[@id=\"__button396\"]"}
COMMAND: POST /session/e57c885b60fd8cf462a4cfca6f098091/elements - {"using":"xpath","value":"//*[@id=\"__button396\"]"}
RESULT: {"using":"xpath","value":"//*[@id=\"__button396\"]"}
COMMAND: POST /session/e57c885b60fd8cf462a4cfca6f098091/elements - {"using":"xpath","value":"//*[@id=\"__button396\"]"}
RESULT: {"using":"xpath","value":"//*[@id=\"__button396\"]"}
COMMAND: POST /session/e57c885b60fd8cf462a4cfca6f098091/elements - {"using":"xpath","value":"//*[@id=\"__button396\"]"}
RESULT: {"using":"xpath","value":"//*[@id=\"__button396\"]"}
COMMAND: POST /session/e57c885b60fd8cf462a4cfca6f098091/elements - {"using":"xpath","value":"//*[@id=\"__button396\"]"}
RESULT: {"using":"xpath","value":"//*[@id=\"__button396\"]"}
COMMAND: POST /session/e57c885b60fd8cf462a4cfca6f098091/elements - {"using":"xpath","value":"//*[@id=\"__button396\"]"}
RESULT: {"using":"xpath","value":"//*[@id=\"__button396\"]"}
COMMAND: POST /session/e57c885b60fd8cf462a4cfca6f098091/elements - {"using":"xpath","value":"//*[@id=\"__button396\"]"}
RESULT: {"using":"xpath","value":"//*[@id=\"__button396\"]"}
COMMAND: POST /session/e57c885b60fd8cf462a4cfca6f098091/elements - {"using":"xpath","value":"//*[@id=\"__button396\"]"}
RESULT: {"using":"xpath","value":"//*[@id=\"__button396\"]"}
COMMAND: POST /session/e57c885b60fd8cf462a4cfca6f098091/elements - {"using":"xpath","value":"//*[@id=\"__button396\"]"}
RESULT: {"using":"xpath","value":"//*[@id=\"__button396\"]"}
COMMAND: POST /session/e57c885b60fd8cf462a4cfca6f098091/elements - {"using":"xpath","value":"//*[@id=\"__button396\"]"}
RESULT: {"using":"xpath","value":"//*[@id=\"__button396\"]"}
COMMAND: POST /session/e57c885b60fd8cf462a4cfca6f098091/elements - {"using":"xpath","value":"//*[@id=\"__button396\"]"}
RESULT: {"using":"xpath","value":"//*[@id=\"__button396\"]"}
COMMAND: POST /session/e57c885b60fd8cf462a4cfca6f098091/elements - {"using":"xpath","value":"//*[@id=\"__button396\"]"}
RESULT: {"using":"xpath","value":"//*[@id=\"__button396\"]"}
COMMAND: POST /session/e57c885b60fd8cf462a4cfca6f098091/elements - {"using":"xpath","value":"//*[@id=\"__button396\"]"}
RESULT: {"using":"xpath","value":"//*[@id=\"__button396\"]"}
COMMAND: POST /session/e57c885b60fd8cf462a4cfca6f098091/elements - {"using":"xpath","value":"//*[@id=\"__button396\"]"}
RESULT: {"using":"xpath","value":"//*[@id=\"__button396\"]"}
COMMAND: POST /session/e57c885b60fd8cf462a4cfca6f098091/elements - {"using":"xpath","value":"//*[@id=\"__button396\"]"}
RESULT: {"using":"xpath","value":"//*[@id=\"__button396\"]"}
COMMAND: POST /session/e57c885b60fd8cf462a4cfca6f098091/elements - {"using":"xpath","value":"//*[@id=\"__button396\"]"}
RESULT: {"using":"xpath","value":"//*[@id=\"__button396\"]"}
COMMAND: POST /session/e57c885b60fd8cf462a4cfca6f098091/elements - {"using":"xpath","value":"//*[@id=\"__button396\"]"}
RESULT: {"using":"xpath","value":"//*[@id=\"__button396\"]"}
COMMAND: POST /session/e57c885b60fd8cf462a4cfca6f098091/elements - {"using":"xpath","value":"//*[@id=\"__button396\"]"}
RESULT: {"using":"xpath","value":"//*[@id=\"__button396\"]"}
COMMAND: POST /session/e57c885b60fd8cf462a4cfca6f098091/elements - {"using":"xpath","value":"//*[@id=\"__button396\"]"}
RESULT: {"using":"xpath","value":"//*[@id=\"__button396\"]"}
COMMAND: POST /session/e57c885b60fd8cf462a4cfca6f098091/elements - {"using":"xpath","value":"//*[@id=\"__button396\"]"}
RESULT: {"using":"xpath","value":"//*[@id=\"__button396\"]"}
COMMAND: POST /session/e57c885b60fd8cf462a4cfca6f098091/elements - {"using":"xpath","value":"//*[@id=\"__button396\"]"}
RESULT: {"using":"xpath","value":"//*[@id=\"__button396\"]"}
COMMAND: POST /session/e57c885b60fd8cf462a4cfca6f098091/elements - {"using":"xpath","value":"//*[@id=\"__button396\"]"}
RESULT: {"using":"xpath","value":"//*[@id=\"__button396\"]"}
COMMAND: POST /session/e57c885b60fd8cf462a4cfca6f098091/elements - {"using":"xpath","value":"//*[@id=\"__button396\"]"}
RESULT: {"using":"xpath","value":"//*[@id=\"__button396\"]"}
COMMAND: POST /session/e57c885b60fd8cf462a4cfca6f098091/elements - {"using":"xpath","value":"//*[@id=\"__button396\"]"}
RESULT: {"using":"xpath","value":"//*[@id=\"__button396\"]"}
COMMAND: POST /session/e57c885b60fd8cf462a4cfca6f098091/elements - {"using":"xpath","value":"//*[@id=\"__button396\"]"}
RESULT: {"using":"xpath","value":"//*[@id=\"__button396\"]"}
COMMAND: POST /session/e57c885b60fd8cf462a4cfca6f098091/elements - {"using":"xpath","value":"//*[@id=\"__button396\"]"}
RESULT: {"using":"xpath","value":"//*[@id=\"__button396\"]"}
COMMAND: POST /session/e57c885b60fd8cf462a4cfca6f098091/elements - {"using":"xpath","value":"//*[@id=\"__button396\"]"}
RESULT: {"using":"xpath","value":"//*[@id=\"__button396\"]"}
COMMAND: POST /session/e57c885b60fd8cf462a4cfca6f098091/elements - {"using":"xpath","value":"//*[@id=\"__button396\"]"}
RESULT: {"using":"xpath","value":"//*[@id=\"__button396\"]"}
COMMAND: POST /session/e57c885b60fd8cf462a4cfca6f098091/elements - {"using":"xpath","value":"//*[@id=\"__button396\"]"}
RESULT: {"using":"xpath","value":"//*[@id=\"__button396\"]"}
COMMAND: POST /session/e57c885b60fd8cf462a4cfca6f098091/elements - {"using":"xpath","value":"//*[@id=\"__button396\"]"}
RESULT: {"using":"xpath","value":"//*[@id=\"__button396\"]"}
COMMAND: POST /session/e57c885b60fd8cf462a4cfca6f098091/elements - {"using":"xpath","value":"//*[@id=\"__button396\"]"}
RESULT: {"using":"xpath","value":"//*[@id=\"__button396\"]"}
COMMAND: POST /session/e57c885b60fd8cf462a4cfca6f098091/elements - {"using":"xpath","value":"//*[@id=\"__button396\"]"}
RESULT: {"using":"xpath","value":"//*[@id=\"__button396\"]"}
COMMAND: POST /session/e57c885b60fd8cf462a4cfca6f098091/elements - {"using":"xpath","value":"//*[@id=\"__button396\"]"}
RESULT: {"using":"xpath","value":"//*[@id=\"__button396\"]"}
COMMAND: POST /session/e57c885b60fd8cf462a4cfca6f098091/elements - {"using":"xpath","value":"//*[@id=\"__button396\"]"}
RESULT: {"using":"xpath","value":"//*[@id=\"__button396\"]"}
COMMAND: POST /session/e57c885b60fd8cf462a4cfca6f098091/elements - {"using":"xpath","value":"//*[@id=\"__button396\"]"}
RESULT: {"using":"xpath","value":"//*[@id=\"__button396\"]"}
COMMAND: POST /session/e57c885b60fd8cf462a4cfca6f098091/elements - {"using":"xpath","value":"//*[@id=\"__button396\"]"}
RESULT: {"using":"xpath","value":"//*[@id=\"__button396\"]"}
COMMAND: POST /session/e57c885b60fd8cf462a4cfca6f098091/elements - {"using":"xpath","value":"//*[@id=\"__button396\"]"}
RESULT: {"using":"xpath","value":"//*[@id=\"__button396\"]"}
COMMAND: POST /session/e57c885b60fd8cf462a4cfca6f098091/elements - {"using":"xpath","value":"//*[@id=\"__button396\"]"}
RESULT: {"using":"xpath","value":"//*[@id=\"__button396\"]"}
COMMAND: POST /session/e57c885b60fd8cf462a4cfca6f098091/elements - {"using":"xpath","value":"//*[@id=\"__button396\"]"}
RESULT: {"using":"xpath","value":"//*[@id=\"__button396\"]"}
COMMAND: POST /session/e57c885b60fd8cf462a4cfca6f098091/element - {"using":"css selector","value":"#shell-header-logo"}
RESULT: {"using":"css selector","value":"#shell-header-logo"}
COMMAND: POST /session/e57c885b60fd8cf462a4cfca6f098091/execute/sync - {"script":"<script> [8489 bytes]","args":[{"element-6066-11e4-a52e-4f735466cecf":"f.0BB93947CC1450395F5B257EF4D67E46.d.F2D7347D70C843C5184DF2B97C61BA06.e.17524","ELEMENT":"f.0BB93947CC1450395F5B257EF4D67E46.d.F2D7347D70C843C5184DF2B97C61BA06.e.17524"}]}
RESULT: {"script":"<script> [8489 bytes]","args":[{"element-6066-11e4-a52e-4f735466cecf":"f.0BB93947CC1450395F5B257EF4D67E46.d.F2D7347D70C843C5184DF2B97C61BA06.e.17524","ELEMENT":"f.0BB93947CC1450395F5B257EF4D67E46.d.F2D7347D70C843C5184DF2B97C61BA06.e.17524"}]}
COMMAND: POST /session/e57c885b60fd8cf462a4cfca6f098091/execute/sync - {"script":"<script> [5351 bytes]","args":[{"element-6066-11e4-a52e-4f735466cecf":"f.0BB93947CC1450395F5B257EF4D67E46.d.F2D7347D70C843C5184DF2B97C61BA06.e.17524","ELEMENT":"f.0BB93947CC1450395F5B257EF4D67E46.d.F2D7347D70C843C5184DF2B97C61BA06.e.17524"}]}
COMMAND: GET /session/e57c885b60fd8cf462a4cfca6f098091/screenshot - {}
RESULT: {"script":"<script> [5351 bytes]","args":[{"element-6066-11e4-a52e-4f735466cecf":"f.0BB93947CC1450395F5B257EF4D67E46.d.F2D7347D70C843C5184DF2B97C61BA06.e.17524","ELEMENT":"f.0BB93947CC1450395F5B257EF4D67E46.d.F2D7347D70C843C5184DF2B97C61BA06.e.17524"}]}
COMMAND: POST /session/e57c885b60fd8cf462a4cfca6f098091/element/f.0BB93947CC1450395F5B257EF4D67E46.d.F2D7347D70C843C5184DF2B97C61BA06.e.17524/click - {}
COMMAND: GET /session/e57c885b60fd8cf462a4cfca6f098091/screenshot - {}
RESULT: {}
RESULT: {}
]]></system-out>
    </testcase>
    <testcase classname="chrome.135_0_7049_96.windows.Performance_based_billing_(work_days)_US139742" name="Should go to Manage Billings and trigger calculation check the conditions applied" time="74.132">
      <system-out><![CDATA[
COMMAND: POST /session/e57c885b60fd8cf462a4cfca6f098091/execute/async - {"script":"<script> [1562 bytes]","args":[{"selector":{"controlType":"sap.m.GenericTile","properties":{"header":"Manage Billings"}},"wdio_ui5_key":"sapm.GenericTile{\"header\":\"Manage Billings\"}"}]}
COMMAND: GET /session/e57c885b60fd8cf462a4cfca6f098091/screenshot - {}
RESULT: {}
RESULT: {"script":"<script> [1562 bytes]","args":[{"selector":{"controlType":"sap.m.GenericTile","properties":{"header":"Manage Billings"}},"wdio_ui5_key":"sapm.GenericTile{\"header\":\"Manage Billings\"}"}]}
RESULT: undefined
COMMAND: POST /session/e57c885b60fd8cf462a4cfca6f098091/element - {"using":"xpath","value":"//*[@id=\"__tile51\"]"}
RESULT: {}
RESULT: {"using":"xpath","value":"//*[@id=\"__tile51\"]"}
COMMAND: POST /session/e57c885b60fd8cf462a4cfca6f098091/element/f.0BB93947CC1450395F5B257EF4D67E46.d.F2D7347D70C843C5184DF2B97C61BA06.e.13764/click - {}
RESULT: {}
COMMAND: GET /session/e57c885b60fd8cf462a4cfca6f098091/screenshot - {}
COMMAND: POST /session/e57c885b60fd8cf462a4cfca6f098091/execute/async - {"script":"<script> [1562 bytes]","args":[{"selector":{"id":"application-managebillings-display-component---billRunCalcResult--smartFilterBar-btnBasicSearch","interaction":{"idSuffix":"I"}},"wdio_ui5_key":"applicationmanagebillings-display-component---billRunCalcResult--smartFilterBar-btnBasicSearch"}]}
RESULT: {}
RESULT: {"script":"<script> [1562 bytes]","args":[{"selector":{"id":"application-managebillings-display-component---billRunCalcResult--smartFilterBar-btnBasicSearch","interaction":{"idSuffix":"I"}},"wdio_ui5_key":"applicationmanagebillings-display-component---billRunCalcResult--smartFilterBar-btnBasicSearch"}]}
RESULT: undefined
COMMAND: POST /session/e57c885b60fd8cf462a4cfca6f098091/execute/async - {"script":"<script> [776 bytes]","args":[{"enterText":"10688","selector":{"id":"application-managebillings-display-component---billRunCalcResult--smartFilterBar-btnBasicSearch","interaction":{"idSuffix":"I"}},"clearTextFirst":true,"interactionType":"ENTER_TEXT"}]}
RESULT: {"script":"<script> [776 bytes]","args":[{"enterText":"10688","selector":{"id":"application-managebillings-display-component---billRunCalcResult--smartFilterBar-btnBasicSearch","interaction":{"idSuffix":"I"}},"clearTextFirst":true,"interactionType":"ENTER_TEXT"}]}
COMMAND: POST /session/e57c885b60fd8cf462a4cfca6f098091/actions - {"actions":[{"id":"action62","type":"key","parameters":{},"actions":[{"type":"keyDown","value":"î€‡"},{"type":"pause","duration":10},{"type":"keyUp","value":"î€‡"}]}]}
RESULT: {"actions":[{"id":"action62","type":"key","parameters":{},"actions":[{"type":"keyDown","value":"î€‡"},{"type":"pause","duration":10},{"type":"keyUp","value":"î€‡"}]}]}
COMMAND: GET /session/e57c885b60fd8cf462a4cfca6f098091/screenshot - {}
RESULT: {}
COMMAND: POST /session/e57c885b60fd8cf462a4cfca6f098091/element - {"using":"xpath","value":"//td[@aria-colindex=\"1\"]/div/div[contains(@class, \"sapMCbBg\")]"}
RESULT: {"using":"xpath","value":"//td[@aria-colindex=\"1\"]/div/div[contains(@class, \"sapMCbBg\")]"}
COMMAND: POST /session/e57c885b60fd8cf462a4cfca6f098091/element/f.0BB93947CC1450395F5B257EF4D67E46.d.F2D7347D70C843C5184DF2B97C61BA06.e.17925/click - {}
RESULT: {}
COMMAND: GET /session/e57c885b60fd8cf462a4cfca6f098091/screenshot - {}
RESULT: {}
COMMAND: POST /session/e57c885b60fd8cf462a4cfca6f098091/execute/async - {"script":"<script> [1562 bytes]","args":[{"selector":{"id":"application-managebillings-display-component---billRunCalcResult--contractBillRunDate","interaction":{"idSuffix":"inner"}},"wdio_ui5_key":"applicationmanagebillings-display-component---billRunCalcResult--contractBillRunDate"}]}
RESULT: {"script":"<script> [1562 bytes]","args":[{"selector":{"id":"application-managebillings-display-component---billRunCalcResult--contractBillRunDate","interaction":{"idSuffix":"inner"}},"wdio_ui5_key":"applicationmanagebillings-display-component---billRunCalcResult--contractBillRunDate"}]}
RESULT: undefined
COMMAND: POST /session/e57c885b60fd8cf462a4cfca6f098091/execute/async - {"script":"<script> [776 bytes]","args":[{"enterText":"05/24/25","selector":{"id":"application-managebillings-display-component---billRunCalcResult--contractBillRunDate","interaction":{"idSuffix":"inner"}},"clearTextFirst":true,"interactionType":"ENTER_TEXT"}]}
RESULT: {"script":"<script> [776 bytes]","args":[{"enterText":"05/24/25","selector":{"id":"application-managebillings-display-component---billRunCalcResult--contractBillRunDate","interaction":{"idSuffix":"inner"}},"clearTextFirst":true,"interactionType":"ENTER_TEXT"}]}
COMMAND: POST /session/e57c885b60fd8cf462a4cfca6f098091/element - {"using":"xpath","value":"//bdi[contains(text(), \"Trigger Calculation\")]"}
RESULT: {"using":"xpath","value":"//bdi[contains(text(), \"Trigger Calculation\")]"}
COMMAND: POST /session/e57c885b60fd8cf462a4cfca6f098091/element/f.0BB93947CC1450395F5B257EF4D67E46.d.F2D7347D70C843C5184DF2B97C61BA06.e.17976/click - {}
RESULT: {}
COMMAND: GET /session/e57c885b60fd8cf462a4cfca6f098091/screenshot - {}
RESULT: {}
COMMAND: POST /session/e57c885b60fd8cf462a4cfca6f098091/element - {"using":"xpath","value":"(//span[contains(@id, \"imgNav\")])[1]"}
RESULT: {"using":"xpath","value":"(//span[contains(@id, \"imgNav\")])[1]"}
COMMAND: POST /session/e57c885b60fd8cf462a4cfca6f098091/element/f.0BB93947CC1450395F5B257EF4D67E46.d.F2D7347D70C843C5184DF2B97C61BA06.e.17926/click - {}
RESULT: {}
COMMAND: GET /session/e57c885b60fd8cf462a4cfca6f098091/screenshot - {}
RESULT: {}
COMMAND: POST /session/e57c885b60fd8cf462a4cfca6f098091/element - {"using":"xpath","value":"//tr/td[6]/div[1]/span[1]/span[1]"}
RESULT: {"using":"xpath","value":"//tr/td[6]/div[1]/span[1]/span[1]"}
COMMAND: GET /session/e57c885b60fd8cf462a4cfca6f098091/element/f.0BB93947CC1450395F5B257EF4D67E46.d.F2D7347D70C843C5184DF2B97C61BA06.e.17981/text - {}
RESULT: {}
COMMAND: POST /session/e57c885b60fd8cf462a4cfca6f098091/element - {"using":"xpath","value":"(//span[contains(@id, \"imgNav\")])[2]"}
RESULT: {"using":"xpath","value":"(//span[contains(@id, \"imgNav\")])[2]"}
COMMAND: POST /session/e57c885b60fd8cf462a4cfca6f098091/element/f.0BB93947CC1450395F5B257EF4D67E46.d.F2D7347D70C843C5184DF2B97C61BA06.e.17982/click - {}
RESULT: {}
COMMAND: POST /session/e57c885b60fd8cf462a4cfca6f098091/element - {"using":"xpath","value":"//bdi[contains(text(), \"Business Confirm\")]"}
COMMAND: GET /session/e57c885b60fd8cf462a4cfca6f098091/screenshot - {}
RESULT: {"using":"xpath","value":"//bdi[contains(text(), \"Business Confirm\")]"}
COMMAND: POST /session/e57c885b60fd8cf462a4cfca6f098091/elements - {"using":"xpath","value":"//bdi[contains(text(), \"Business Confirm\")]"}
RESULT: {}
RESULT: {"using":"xpath","value":"//bdi[contains(text(), \"Business Confirm\")]"}
COMMAND: POST /session/e57c885b60fd8cf462a4cfca6f098091/element - {"using":"xpath","value":"//bdi[contains(text(), \"Business Confirm\")]"}
RESULT: {"using":"xpath","value":"//bdi[contains(text(), \"Business Confirm\")]"}
COMMAND: POST /session/e57c885b60fd8cf462a4cfca6f098091/element/f.0BB93947CC1450395F5B257EF4D67E46.d.F2D7347D70C843C5184DF2B97C61BA06.e.17988/click - {}
RESULT: {}
COMMAND: POST /session/e57c885b60fd8cf462a4cfca6f098091/element - {"using":"css selector","value":"#shell-header-logo"}
COMMAND: GET /session/e57c885b60fd8cf462a4cfca6f098091/screenshot - {}
RESULT: {"using":"css selector","value":"#shell-header-logo"}
COMMAND: POST /session/e57c885b60fd8cf462a4cfca6f098091/element/f.0BB93947CC1450395F5B257EF4D67E46.d.F2D7347D70C843C5184DF2B97C61BA06.e.17714/click - {}
RESULT: {}
RESULT: {}
COMMAND: GET /session/e57c885b60fd8cf462a4cfca6f098091/screenshot - {}
RESULT: {}
COMMAND: POST /session/e57c885b60fd8cf462a4cfca6f098091/element - {"using":"css selector","value":"#j_username"}
COMMAND: POST /session/e57c885b60fd8cf462a4cfca6f098091/url - {"url":"https://qa-testing-00-live-etm-ui.cfapps.eu10-004.hana.ondemand.com/"}
RESULT: {"using":"css selector","value":"#j_username"}
COMMAND: POST /session/e57c885b60fd8cf462a4cfca6f098091/element - {"using":"css selector","value":"#j_username"}
RESULT: {"url":"https://qa-testing-00-live-etm-ui.cfapps.eu10-004.hana.ondemand.com/"}
RESULT: undefined
COMMAND: GET /session/e57c885b60fd8cf462a4cfca6f098091/screenshot - {}
RESULT: {"using":"css selector","value":"#j_username"}
COMMAND: POST /session/e57c885b60fd8cf462a4cfca6f098091/element - {"using":"css selector","value":"#shell-header-logo"}
RESULT: {}
RESULT: {"using":"css selector","value":"#shell-header-logo"}
COMMAND: POST /session/e57c885b60fd8cf462a4cfca6f098091/execute/sync - {"script":"<script> [8489 bytes]","args":[{"element-6066-11e4-a52e-4f735466cecf":"f.0BB93947CC1450395F5B257EF4D67E46.d.BD282542B8B7695C4956822151D0ADB6.e.18064","ELEMENT":"f.0BB93947CC1450395F5B257EF4D67E46.d.BD282542B8B7695C4956822151D0ADB6.e.18064"}]}
RESULT: {"script":"<script> [8489 bytes]","args":[{"element-6066-11e4-a52e-4f735466cecf":"f.0BB93947CC1450395F5B257EF4D67E46.d.BD282542B8B7695C4956822151D0ADB6.e.18064","ELEMENT":"f.0BB93947CC1450395F5B257EF4D67E46.d.BD282542B8B7695C4956822151D0ADB6.e.18064"}]}
COMMAND: POST /session/e57c885b60fd8cf462a4cfca6f098091/element - {"using":"css selector","value":"#shell-header-logo"}
COMMAND: GET /session/e57c885b60fd8cf462a4cfca6f098091/screenshot - {}
RESULT: {"using":"css selector","value":"#shell-header-logo"}
COMMAND: POST /session/e57c885b60fd8cf462a4cfca6f098091/execute/sync - {"script":"<script> [8489 bytes]","args":[{"element-6066-11e4-a52e-4f735466cecf":"f.0BB93947CC1450395F5B257EF4D67E46.d.BD282542B8B7695C4956822151D0ADB6.e.18064","ELEMENT":"f.0BB93947CC1450395F5B257EF4D67E46.d.BD282542B8B7695C4956822151D0ADB6.e.18064"}]}
RESULT: {}
RESULT: {"script":"<script> [8489 bytes]","args":[{"element-6066-11e4-a52e-4f735466cecf":"f.0BB93947CC1450395F5B257EF4D67E46.d.BD282542B8B7695C4956822151D0ADB6.e.18064","ELEMENT":"f.0BB93947CC1450395F5B257EF4D67E46.d.BD282542B8B7695C4956822151D0ADB6.e.18064"}]}
COMMAND: POST /session/e57c885b60fd8cf462a4cfca6f098091/execute/sync - {"script":"<script> [5351 bytes]","args":[{"element-6066-11e4-a52e-4f735466cecf":"f.0BB93947CC1450395F5B257EF4D67E46.d.BD282542B8B7695C4956822151D0ADB6.e.18064","ELEMENT":"f.0BB93947CC1450395F5B257EF4D67E46.d.BD282542B8B7695C4956822151D0ADB6.e.18064"}]}
COMMAND: GET /session/e57c885b60fd8cf462a4cfca6f098091/screenshot - {}
RESULT: {"script":"<script> [5351 bytes]","args":[{"element-6066-11e4-a52e-4f735466cecf":"f.0BB93947CC1450395F5B257EF4D67E46.d.BD282542B8B7695C4956822151D0ADB6.e.18064","ELEMENT":"f.0BB93947CC1450395F5B257EF4D67E46.d.BD282542B8B7695C4956822151D0ADB6.e.18064"}]}
COMMAND: POST /session/e57c885b60fd8cf462a4cfca6f098091/element - {"using":"css selector","value":"#shell-header-logo"}
COMMAND: GET /session/e57c885b60fd8cf462a4cfca6f098091/screenshot - {}
RESULT: {}
RESULT: {"using":"css selector","value":"#shell-header-logo"}
COMMAND: POST /session/e57c885b60fd8cf462a4cfca6f098091/element/f.0BB93947CC1450395F5B257EF4D67E46.d.BD282542B8B7695C4956822151D0ADB6.e.18064/click - {}
RESULT: {}
RESULT: {}
COMMAND: GET /session/e57c885b60fd8cf462a4cfca6f098091/screenshot - {}
RESULT: {}
COMMAND: POST /session/e57c885b60fd8cf462a4cfca6f098091/execute/async - {"script":"<script> [189 bytes]","args":[]}
RESULT: {"script":"<script> [189 bytes]","args":[]}
COMMAND: POST /session/e57c885b60fd8cf462a4cfca6f098091/execute/async - {"script":"<script> [123 bytes]","args":[]}
RESULT: {"script":"<script> [123 bytes]","args":[]}
COMMAND: POST /session/e57c885b60fd8cf462a4cfca6f098091/timeouts - {"script":"<number>"}
RESULT: {"script":"<number>"}
COMMAND: GET /session/e57c885b60fd8cf462a4cfca6f098091/timeouts - {}
RESULT: {}
RESULT: undefined
COMMAND: POST /session/e57c885b60fd8cf462a4cfca6f098091/execute/async - {"script":"<script> [2676 bytes]","args":[]}
RESULT: {"script":"<script> [2676 bytes]","args":[]}
COMMAND: POST /session/e57c885b60fd8cf462a4cfca6f098091/execute/async - {"script":"<script> [2342 bytes]","args":[{"protocol":"http","hostname":"0.0.0.0","path":"/","capabilities":{"browserName":"chrome","goog:chromeOptions":{"binary":"C:\\Program Files\\Google\\Chrome\\Application\\chrome.exe","args":["--start-maximized"]}},"logLevel":"warn","connectionRetryTimeout":120000,"connectionRetryCount":3,"logLevels":{},"enableDirectConnect":true,"strictSSL":true,"_":"65 more keys: [\"cacheDir\",\"port\",\"requestedCapabilities\",\"automationProtocol\",\"baseUrl\",\"waitforInterval\",\"waitforTimeout\",\"onReload\",\"beforeCommand\",\"afterCommand\",\"rootDir\",\"specs\",\"suites\",\"exclude\",\"groupLogsByTestSpec\",\"excludeDriverLogs\",\"bail\",\"framework\",\"reporters\",\"services\",\"maxInstances\",\"maxInstancesPerCapability\",\"injectGlobals\",\"filesToWatch\",\"execArgv\",\"runnerEnv\",\"runner\",\"shard\",\"specFileRetries\",\"specFileRetriesDelay\",\"specFileRetriesDeferred\",\"reporterSyncInterval\",\"reporterSyncTimeout\",\"cucumberFeaturesWithLineNumbers\",\"autoCompileOpts\",\"mochaOpts\",\"jasmineOpts\",\"cucumberOpts\",\"onPrepare\",\"onWorkerStart\",\"onWorkerEnd\",\"before\",\"beforeSession\",\"beforeSuite\",\"beforeHook\",\"beforeTest\",\"afterTest\",\"afterHook\",\"afterSuite\",\"afterSession\",\"after\",\"onComplete\",\"beforeAssertion\",\"afterAssertion\",\"beforeFeature\",\"beforeScenario\",\"beforeStep\",\"afterStep\",\"afterScenario\",\"afterFeature\",\"_\",\"suite\",\"$0\",\"ignoredWorkerServices\",\"wdi5\"]"}]}
RESULT: {"script":"<script> [2342 bytes]","args":[{"protocol":"http","hostname":"0.0.0.0","path":"/","capabilities":{"browserName":"chrome","goog:chromeOptions":{"binary":"C:\\Program Files\\Google\\Chrome\\Application\\chrome.exe","args":["--start-maximized"]}},"logLevel":"warn","connectionRetryTimeout":120000,"connectionRetryCount":3,"logLevels":{},"enableDirectConnect":true,"strictSSL":true,"_":"65 more keys: [\"cacheDir\",\"port\",\"requestedCapabilities\",\"automationProtocol\",\"baseUrl\",\"waitforInterval\",\"waitforTimeout\",\"onReload\",\"beforeCommand\",\"afterCommand\",\"rootDir\",\"specs\",\"suites\",\"exclude\",\"groupLogsByTestSpec\",\"excludeDriverLogs\",\"bail\",\"framework\",\"reporters\",\"services\",\"maxInstances\",\"maxInstancesPerCapability\",\"injectGlobals\",\"filesToWatch\",\"execArgv\",\"runnerEnv\",\"runner\",\"shard\",\"specFileRetries\",\"specFileRetriesDelay\",\"specFileRetriesDeferred\",\"reporterSyncInterval\",\"reporterSyncTimeout\",\"cucumberFeaturesWithLineNumbers\",\"autoCompileOpts\",\"mochaOpts\",\"jasmineOpts\",\"cucumberOpts\",\"onPrepare\",\"onWorkerStart\",\"onWorkerEnd\",\"before\",\"beforeSession\",\"beforeSuite\",\"beforeHook\",\"beforeTest\",\"afterTest\",\"afterHook\",\"afterSuite\",\"afterSession\",\"after\",\"onComplete\",\"beforeAssertion\",\"afterAssertion\",\"beforeFeature\",\"beforeScenario\",\"beforeStep\",\"afterStep\",\"afterScenario\",\"afterFeature\",\"_\",\"suite\",\"$0\",\"ignoredWorkerServices\",\"wdi5\"]"}]}
COMMAND: POST /session/e57c885b60fd8cf462a4cfca6f098091/execute/async - {"script":"<script> [21126 bytes]","args":[35000]}
RESULT: {"script":"<script> [21126 bytes]","args":[35000]}
COMMAND: POST /session/e57c885b60fd8cf462a4cfca6f098091/window/maximize - {}
RESULT: {}
COMMAND: POST /session/e57c885b60fd8cf462a4cfca6f098091/execute/async - {"script":"<script> [1562 bytes]","args":[{"selector":{"id":"shell-header","interaction":{"idSuffix":"icon"}},"wdio_ui5_key":"shellheader"}]}
COMMAND: GET /session/e57c885b60fd8cf462a4cfca6f098091/screenshot - {}
RESULT: {"script":"<script> [1562 bytes]","args":[{"selector":{"id":"shell-header","interaction":{"idSuffix":"icon"}},"wdio_ui5_key":"shellheader"}]}
RESULT: undefined
COMMAND: POST /session/e57c885b60fd8cf462a4cfca6f098091/refresh - {}
RESULT: {}
RESULT: {}
COMMAND: GET /session/e57c885b60fd8cf462a4cfca6f098091/screenshot - {}
RESULT: {}
COMMAND: POST /session/e57c885b60fd8cf462a4cfca6f098091/refresh - {}
RESULT: {}
COMMAND: GET /session/e57c885b60fd8cf462a4cfca6f098091/screenshot - {}
RESULT: {}
COMMAND: POST /session/e57c885b60fd8cf462a4cfca6f098091/window/fullscreen - {}
RESULT: {}
COMMAND: POST /session/e57c885b60fd8cf462a4cfca6f098091/execute/async - {"script":"<script> [189 bytes]","args":[]}
RESULT: {"script":"<script> [189 bytes]","args":[]}
COMMAND: POST /session/e57c885b60fd8cf462a4cfca6f098091/execute/async - {"script":"<script> [123 bytes]","args":[]}
RESULT: {"script":"<script> [123 bytes]","args":[]}
COMMAND: POST /session/e57c885b60fd8cf462a4cfca6f098091/timeouts - {"script":"<number>"}
RESULT: {"script":"<number>"}
COMMAND: GET /session/e57c885b60fd8cf462a4cfca6f098091/timeouts - {}
RESULT: {}
RESULT: undefined
COMMAND: POST /session/e57c885b60fd8cf462a4cfca6f098091/execute/async - {"script":"<script> [2676 bytes]","args":[]}
RESULT: {"script":"<script> [2676 bytes]","args":[]}
COMMAND: POST /session/e57c885b60fd8cf462a4cfca6f098091/execute/async - {"script":"<script> [2342 bytes]","args":[{"protocol":"http","hostname":"0.0.0.0","path":"/","capabilities":{"browserName":"chrome","goog:chromeOptions":{"binary":"C:\\Program Files\\Google\\Chrome\\Application\\chrome.exe","args":["--start-maximized"]}},"logLevel":"warn","connectionRetryTimeout":120000,"connectionRetryCount":3,"logLevels":{},"enableDirectConnect":true,"strictSSL":true,"_":"65 more keys: [\"cacheDir\",\"port\",\"requestedCapabilities\",\"automationProtocol\",\"baseUrl\",\"waitforInterval\",\"waitforTimeout\",\"onReload\",\"beforeCommand\",\"afterCommand\",\"rootDir\",\"specs\",\"suites\",\"exclude\",\"groupLogsByTestSpec\",\"excludeDriverLogs\",\"bail\",\"framework\",\"reporters\",\"services\",\"maxInstances\",\"maxInstancesPerCapability\",\"injectGlobals\",\"filesToWatch\",\"execArgv\",\"runnerEnv\",\"runner\",\"shard\",\"specFileRetries\",\"specFileRetriesDelay\",\"specFileRetriesDeferred\",\"reporterSyncInterval\",\"reporterSyncTimeout\",\"cucumberFeaturesWithLineNumbers\",\"autoCompileOpts\",\"mochaOpts\",\"jasmineOpts\",\"cucumberOpts\",\"onPrepare\",\"onWorkerStart\",\"onWorkerEnd\",\"before\",\"beforeSession\",\"beforeSuite\",\"beforeHook\",\"beforeTest\",\"afterTest\",\"afterHook\",\"afterSuite\",\"afterSession\",\"after\",\"onComplete\",\"beforeAssertion\",\"afterAssertion\",\"beforeFeature\",\"beforeScenario\",\"beforeStep\",\"afterStep\",\"afterScenario\",\"afterFeature\",\"_\",\"suite\",\"$0\",\"ignoredWorkerServices\",\"wdi5\"]"}]}
RESULT: {"script":"<script> [2342 bytes]","args":[{"protocol":"http","hostname":"0.0.0.0","path":"/","capabilities":{"browserName":"chrome","goog:chromeOptions":{"binary":"C:\\Program Files\\Google\\Chrome\\Application\\chrome.exe","args":["--start-maximized"]}},"logLevel":"warn","connectionRetryTimeout":120000,"connectionRetryCount":3,"logLevels":{},"enableDirectConnect":true,"strictSSL":true,"_":"65 more keys: [\"cacheDir\",\"port\",\"requestedCapabilities\",\"automationProtocol\",\"baseUrl\",\"waitforInterval\",\"waitforTimeout\",\"onReload\",\"beforeCommand\",\"afterCommand\",\"rootDir\",\"specs\",\"suites\",\"exclude\",\"groupLogsByTestSpec\",\"excludeDriverLogs\",\"bail\",\"framework\",\"reporters\",\"services\",\"maxInstances\",\"maxInstancesPerCapability\",\"injectGlobals\",\"filesToWatch\",\"execArgv\",\"runnerEnv\",\"runner\",\"shard\",\"specFileRetries\",\"specFileRetriesDelay\",\"specFileRetriesDeferred\",\"reporterSyncInterval\",\"reporterSyncTimeout\",\"cucumberFeaturesWithLineNumbers\",\"autoCompileOpts\",\"mochaOpts\",\"jasmineOpts\",\"cucumberOpts\",\"onPrepare\",\"onWorkerStart\",\"onWorkerEnd\",\"before\",\"beforeSession\",\"beforeSuite\",\"beforeHook\",\"beforeTest\",\"afterTest\",\"afterHook\",\"afterSuite\",\"afterSession\",\"after\",\"onComplete\",\"beforeAssertion\",\"afterAssertion\",\"beforeFeature\",\"beforeScenario\",\"beforeStep\",\"afterStep\",\"afterScenario\",\"afterFeature\",\"_\",\"suite\",\"$0\",\"ignoredWorkerServices\",\"wdi5\"]"}]}
COMMAND: POST /session/e57c885b60fd8cf462a4cfca6f098091/execute/async - {"script":"<script> [21126 bytes]","args":[35000]}
RESULT: {"script":"<script> [21126 bytes]","args":[35000]}
]]></system-out>
    </testcase>
  </testsuite>
  <testsuite timestamp="2025-04-24T18:02:18" time="1411.863" tests="20" failures="0" errors="0" skipped="0">
    <properties>
      <property name="specId" value="0" />
      <property name="suiteName" value="Billing Calculation - Time based (considering transport times) US139738" />
      <property name="capabilities" value="chrome.135_0_7049_96.windows" />
      <property name="file" value="file:///D:/a/1/s/test/specs/BTS/billing-calculation-transp-times.spec.js" />
    </properties>
    <testcase classname="chrome.135_0_7049_96.windows.Billing_Calculation_-_Time_based_(considering_transport_times)_US139738" name="Should create a new yard" time="0.035">
      <system-out><![CDATA[
COMMAND: POST /session/e57c885b60fd8cf462a4cfca6f098091/window/fullscreen - {}
RESULT: {}
]]></system-out>
    </testcase>
    <testcase classname="chrome.135_0_7049_96.windows.Billing_Calculation_-_Time_based_(considering_transport_times)_US139738" name="Should create a new partner" time="0.004" />
    <testcase classname="chrome.135_0_7049_96.windows.Billing_Calculation_-_Time_based_(considering_transport_times)_US139738" name="Should create a new site" time="0.004" />
    <testcase classname="chrome.135_0_7049_96.windows.Billing_Calculation_-_Time_based_(considering_transport_times)_US139738" name="Should create the 1st equipment" time="134.247">
      <system-out><![CDATA[
COMMAND: POST /session/e57c885b60fd8cf462a4cfca6f098091/execute/async - {"script":"<script> [1562 bytes]","args":[{"selector":{"controlType":"sap.m.GenericTile","properties":{"header":"Manage Resources"}},"wdio_ui5_key":"sapm.GenericTile{\"header\":\"Manage Resources\"}"}]}
RESULT: {"script":"<script> [1562 bytes]","args":[{"selector":{"controlType":"sap.m.GenericTile","properties":{"header":"Manage Resources"}},"wdio_ui5_key":"sapm.GenericTile{\"header\":\"Manage Resources\"}"}]}
RESULT: undefined
COMMAND: POST /session/e57c885b60fd8cf462a4cfca6f098091/element - {"using":"xpath","value":"//*[@id=\"__tile39\"]"}
RESULT: {"using":"xpath","value":"//*[@id=\"__tile39\"]"}
COMMAND: POST /session/e57c885b60fd8cf462a4cfca6f098091/element/f.0BB93947CC1450395F5B257EF4D67E46.d.B1277B438DD98A7B4AC99268A790A350.e.18213/click - {}
RESULT: {}
COMMAND: POST /session/e57c885b60fd8cf462a4cfca6f098091/element - {"using":"xpath","value":"//button[@data-kt=\"addNewRUOverflowToolbarButton\"]"}
COMMAND: GET /session/e57c885b60fd8cf462a4cfca6f098091/screenshot - {}
RESULT: {"using":"xpath","value":"//button[@data-kt=\"addNewRUOverflowToolbarButton\"]"}
COMMAND: POST /session/e57c885b60fd8cf462a4cfca6f098091/elements - {"using":"xpath","value":"//button[@data-kt=\"addNewRUOverflowToolbarButton\"]"}
RESULT: {}
RESULT: {"using":"xpath","value":"//button[@data-kt=\"addNewRUOverflowToolbarButton\"]"}
COMMAND: POST /session/e57c885b60fd8cf462a4cfca6f098091/elements - {"using":"xpath","value":"//button[@data-kt=\"addNewRUOverflowToolbarButton\"]"}
RESULT: {"using":"xpath","value":"//button[@data-kt=\"addNewRUOverflowToolbarButton\"]"}
COMMAND: POST /session/e57c885b60fd8cf462a4cfca6f098091/elements - {"using":"xpath","value":"//button[@data-kt=\"addNewRUOverflowToolbarButton\"]"}
RESULT: {"using":"xpath","value":"//button[@data-kt=\"addNewRUOverflowToolbarButton\"]"}
RESULT: undefined
RESULT: undefined
COMMAND: POST /session/e57c885b60fd8cf462a4cfca6f098091/elements - {"using":"xpath","value":"//button[@data-kt=\"addNewRUOverflowToolbarButton\"]"}
RESULT: {"using":"xpath","value":"//button[@data-kt=\"addNewRUOverflowToolbarButton\"]"}
COMMAND: POST /session/e57c885b60fd8cf462a4cfca6f098091/elements - {"using":"xpath","value":"//button[@data-kt=\"addNewRUOverflowToolbarButton\"]"}
RESULT: {"using":"xpath","value":"//button[@data-kt=\"addNewRUOverflowToolbarButton\"]"}
COMMAND: POST /session/e57c885b60fd8cf462a4cfca6f098091/elements - {"using":"xpath","value":"//button[@data-kt=\"addNewRUOverflowToolbarButton\"]"}
RESULT: {"using":"xpath","value":"//button[@data-kt=\"addNewRUOverflowToolbarButton\"]"}
COMMAND: POST /session/e57c885b60fd8cf462a4cfca6f098091/elements - {"using":"xpath","value":"//button[@data-kt=\"addNewRUOverflowToolbarButton\"]"}
RESULT: {"using":"xpath","value":"//button[@data-kt=\"addNewRUOverflowToolbarButton\"]"}
COMMAND: POST /session/e57c885b60fd8cf462a4cfca6f098091/element - {"using":"xpath","value":"//button[@data-kt=\"addNewRUOverflowToolbarButton\"]"}
RESULT: {"using":"xpath","value":"//button[@data-kt=\"addNewRUOverflowToolbarButton\"]"}
COMMAND: POST /session/e57c885b60fd8cf462a4cfca6f098091/execute/sync - {"script":"<script> [8489 bytes]","args":[{"element-6066-11e4-a52e-4f735466cecf":"f.0BB93947CC1450395F5B257EF4D67E46.d.B1277B438DD98A7B4AC99268A790A350.e.18370","ELEMENT":"f.0BB93947CC1450395F5B257EF4D67E46.d.B1277B438DD98A7B4AC99268A790A350.e.18370"}]}
RESULT: {"script":"<script> [8489 bytes]","args":[{"element-6066-11e4-a52e-4f735466cecf":"f.0BB93947CC1450395F5B257EF4D67E46.d.B1277B438DD98A7B4AC99268A790A350.e.18370","ELEMENT":"f.0BB93947CC1450395F5B257EF4D67E46.d.B1277B438DD98A7B4AC99268A790A350.e.18370"}]}
COMMAND: GET /session/e57c885b60fd8cf462a4cfca6f098091/element/f.0BB93947CC1450395F5B257EF4D67E46.d.B1277B438DD98A7B4AC99268A790A350.e.18370/enabled - {}
COMMAND: GET /session/e57c885b60fd8cf462a4cfca6f098091/screenshot - {}
RESULT: {}
COMMAND: POST /session/e57c885b60fd8cf462a4cfca6f098091/execute/sync - {"script":"<script> [8489 bytes]","args":[{"element-6066-11e4-a52e-4f735466cecf":"f.0BB93947CC1450395F5B257EF4D67E46.d.B1277B438DD98A7B4AC99268A790A350.e.18370","ELEMENT":"f.0BB93947CC1450395F5B257EF4D67E46.d.B1277B438DD98A7B4AC99268A790A350.e.18370"}]}
COMMAND: GET /session/e57c885b60fd8cf462a4cfca6f098091/screenshot - {}
RESULT: {}
RESULT: {"script":"<script> [8489 bytes]","args":[{"element-6066-11e4-a52e-4f735466cecf":"f.0BB93947CC1450395F5B257EF4D67E46.d.B1277B438DD98A7B4AC99268A790A350.e.18370","ELEMENT":"f.0BB93947CC1450395F5B257EF4D67E46.d.B1277B438DD98A7B4AC99268A790A350.e.18370"}]}
COMMAND: POST /session/e57c885b60fd8cf462a4cfca6f098091/execute/sync - {"script":"<script> [5351 bytes]","args":[{"element-6066-11e4-a52e-4f735466cecf":"f.0BB93947CC1450395F5B257EF4D67E46.d.B1277B438DD98A7B4AC99268A790A350.e.18370","ELEMENT":"f.0BB93947CC1450395F5B257EF4D67E46.d.B1277B438DD98A7B4AC99268A790A350.e.18370"}]}
COMMAND: GET /session/e57c885b60fd8cf462a4cfca6f098091/screenshot - {}
RESULT: {}
RESULT: {"script":"<script> [5351 bytes]","args":[{"element-6066-11e4-a52e-4f735466cecf":"f.0BB93947CC1450395F5B257EF4D67E46.d.B1277B438DD98A7B4AC99268A790A350.e.18370","ELEMENT":"f.0BB93947CC1450395F5B257EF4D67E46.d.B1277B438DD98A7B4AC99268A790A350.e.18370"}]}
COMMAND: POST /session/e57c885b60fd8cf462a4cfca6f098091/element/f.0BB93947CC1450395F5B257EF4D67E46.d.B1277B438DD98A7B4AC99268A790A350.e.18370/click - {}
COMMAND: GET /session/e57c885b60fd8cf462a4cfca6f098091/screenshot - {}
RESULT: {}
RESULT: {}
COMMAND: GET /session/e57c885b60fd8cf462a4cfca6f098091/screenshot - {}
COMMAND: POST /session/e57c885b60fd8cf462a4cfca6f098091/execute/async - {"script":"<script> [1562 bytes]","args":[{"selector":{"id":"application-manageresources-display-component---newResourceUnit--TYPE-arrow"},"wdio_ui5_key":"applicationmanageresources-display-component---newResourceUnit--TYPE-arrow"}]}
RESULT: {}
RESULT: {}
RESULT: {"script":"<script> [1562 bytes]","args":[{"selector":{"id":"application-manageresources-display-component---newResourceUnit--TYPE-arrow"},"wdio_ui5_key":"applicationmanageresources-display-component---newResourceUnit--TYPE-arrow"}]}
RESULT: undefined
COMMAND: POST /session/e57c885b60fd8cf462a4cfca6f098091/element - {"using":"xpath","value":"//*[@id=\"application-manageresources-display-component---newResourceUnit--TYPE-arrow\"]"}
RESULT: {"using":"xpath","value":"//*[@id=\"application-manageresources-display-component---newResourceUnit--TYPE-arrow\"]"}
COMMAND: POST /session/e57c885b60fd8cf462a4cfca6f098091/element/f.0BB93947CC1450395F5B257EF4D67E46.d.B1277B438DD98A7B4AC99268A790A350.e.18710/click - {}
RESULT: {}
COMMAND: POST /session/e57c885b60fd8cf462a4cfca6f098091/element - {"using":"xpath","value":"//input[@id=\"application-manageresources-display-component---newResourceUnit--TYPE-inner\"]"}
COMMAND: GET /session/e57c885b60fd8cf462a4cfca6f098091/screenshot - {}
RESULT: {"using":"xpath","value":"//input[@id=\"application-manageresources-display-component---newResourceUnit--TYPE-inner\"]"}
COMMAND: POST /session/e57c885b60fd8cf462a4cfca6f098091/element/f.0BB93947CC1450395F5B257EF4D67E46.d.B1277B438DD98A7B4AC99268A790A350.e.18706/clear - {}
RESULT: {}
RESULT: {}
COMMAND: POST /session/e57c885b60fd8cf462a4cfca6f098091/element/f.0BB93947CC1450395F5B257EF4D67E46.d.B1277B438DD98A7B4AC99268A790A350.e.18706/value - {"text":"Equipment"}
COMMAND: GET /session/e57c885b60fd8cf462a4cfca6f098091/screenshot - {}
RESULT: {"text":"Equipment"}
COMMAND: GET /session/e57c885b60fd8cf462a4cfca6f098091/screenshot - {}
RESULT: {}
RESULT: {}
COMMAND: POST /session/e57c885b60fd8cf462a4cfca6f098091/actions - {"actions":[{"id":"action63","type":"key","parameters":{},"actions":[{"type":"keyDown","value":"î€‡"},{"type":"pause","duration":10},{"type":"keyUp","value":"î€‡"}]}]}
RESULT: {"actions":[{"id":"action63","type":"key","parameters":{},"actions":[{"type":"keyDown","value":"î€‡"},{"type":"pause","duration":10},{"type":"keyUp","value":"î€‡"}]}]}
COMMAND: POST /session/e57c885b60fd8cf462a4cfca6f098091/execute/async - {"script":"<script> [1562 bytes]","args":[{"selector":{"id":"application-manageresources-display-component---newResourceUnit--resourceId","interaction":{"idSuffix":"inner"}},"wdio_ui5_key":"applicationmanageresources-display-component---newResourceUnit--resourceId"}]}
COMMAND: GET /session/e57c885b60fd8cf462a4cfca6f098091/screenshot - {}
RESULT: {"script":"<script> [1562 bytes]","args":[{"selector":{"id":"application-manageresources-display-component---newResourceUnit--resourceId","interaction":{"idSuffix":"inner"}},"wdio_ui5_key":"applicationmanageresources-display-component---newResourceUnit--resourceId"}]}
RESULT: undefined
COMMAND: POST /session/e57c885b60fd8cf462a4cfca6f098091/execute/async - {"script":"<script> [776 bytes]","args":[{"enterText":"Ih1fhNG6g6","selector":{"id":"application-manageresources-display-component---newResourceUnit--resourceId","interaction":{"idSuffix":"inner"}},"clearTextFirst":true,"interactionType":"ENTER_TEXT"}]}
RESULT: {}
RESULT: {"script":"<script> [776 bytes]","args":[{"enterText":"Ih1fhNG6g6","selector":{"id":"application-manageresources-display-component---newResourceUnit--resourceId","interaction":{"idSuffix":"inner"}},"clearTextFirst":true,"interactionType":"ENTER_TEXT"}]}
COMMAND: POST /session/e57c885b60fd8cf462a4cfca6f098091/execute/async - {"script":"<script> [1562 bytes]","args":[{"selector":{"id":"application-manageresources-display-component---newResourceUnit--SHORT_TEXT","interaction":{"idSuffix":"inner"}},"wdio_ui5_key":"applicationmanageresources-display-component---newResourceUnit--SHORT_TEXT"}]}
RESULT: {"script":"<script> [1562 bytes]","args":[{"selector":{"id":"application-manageresources-display-component---newResourceUnit--SHORT_TEXT","interaction":{"idSuffix":"inner"}},"wdio_ui5_key":"applicationmanageresources-display-component---newResourceUnit--SHORT_TEXT"}]}
RESULT: undefined
COMMAND: POST /session/e57c885b60fd8cf462a4cfca6f098091/execute/async - {"script":"<script> [776 bytes]","args":[{"enterText":"Intercompany Equipment WDIO","selector":{"id":"application-manageresources-display-component---newResourceUnit--SHORT_TEXT","interaction":{"idSuffix":"inner"}},"clearTextFirst":true,"interactionType":"ENTER_TEXT"}]}
RESULT: {"script":"<script> [776 bytes]","args":[{"enterText":"Intercompany Equipment WDIO","selector":{"id":"application-manageresources-display-component---newResourceUnit--SHORT_TEXT","interaction":{"idSuffix":"inner"}},"clearTextFirst":true,"interactionType":"ENTER_TEXT"}]}
COMMAND: POST /session/e57c885b60fd8cf462a4cfca6f098091/execute/async - {"script":"<script> [1562 bytes]","args":[{"selector":{"id":"application-manageresources-display-component---newResourceUnit--BASE_UNIT_OF_MEASURE","interaction":{"idSuffix":"inner"}},"wdio_ui5_key":"applicationmanageresources-display-component---newResourceUnit--BASE_UNIT_OF_MEASURE"}]}
RESULT: {"script":"<script> [1562 bytes]","args":[{"selector":{"id":"application-manageresources-display-component---newResourceUnit--BASE_UNIT_OF_MEASURE","interaction":{"idSuffix":"inner"}},"wdio_ui5_key":"applicationmanageresources-display-component---newResourceUnit--BASE_UNIT_OF_MEASURE"}]}
RESULT: undefined
COMMAND: POST /session/e57c885b60fd8cf462a4cfca6f098091/execute/async - {"script":"<script> [776 bytes]","args":[{"enterText":"Piece","selector":{"id":"application-manageresources-display-component---newResourceUnit--BASE_UNIT_OF_MEASURE","interaction":{"idSuffix":"inner"}},"clearTextFirst":true,"interactionType":"ENTER_TEXT"}]}
RESULT: {"script":"<script> [776 bytes]","args":[{"enterText":"Piece","selector":{"id":"application-manageresources-display-component---newResourceUnit--BASE_UNIT_OF_MEASURE","interaction":{"idSuffix":"inner"}},"clearTextFirst":true,"interactionType":"ENTER_TEXT"}]}
COMMAND: POST /session/e57c885b60fd8cf462a4cfca6f098091/execute/async - {"script":"<script> [1562 bytes]","args":[{"selector":{"id":"application-manageresources-display-component---newResourceUnit--WEIGHT_UNIT","interaction":{"idSuffix":"inner"}},"wdio_ui5_key":"applicationmanageresources-display-component---newResourceUnit--WEIGHT_UNIT"}]}
RESULT: {"script":"<script> [1562 bytes]","args":[{"selector":{"id":"application-manageresources-display-component---newResourceUnit--WEIGHT_UNIT","interaction":{"idSuffix":"inner"}},"wdio_ui5_key":"applicationmanageresources-display-component---newResourceUnit--WEIGHT_UNIT"}]}
RESULT: undefined
COMMAND: POST /session/e57c885b60fd8cf462a4cfca6f098091/execute/async - {"script":"<script> [776 bytes]","args":[{"enterText":"Gram","selector":{"id":"application-manageresources-display-component---newResourceUnit--WEIGHT_UNIT","interaction":{"idSuffix":"inner"}},"clearTextFirst":true,"interactionType":"ENTER_TEXT"}]}
RESULT: {"script":"<script> [776 bytes]","args":[{"enterText":"Gram","selector":{"id":"application-manageresources-display-component---newResourceUnit--WEIGHT_UNIT","interaction":{"idSuffix":"inner"}},"clearTextFirst":true,"interactionType":"ENTER_TEXT"}]}
COMMAND: POST /session/e57c885b60fd8cf462a4cfca6f098091/execute/async - {"script":"<script> [1562 bytes]","args":[{"selector":{"id":"application-manageresources-display-component---newResourceUnit--DIMENSION_UNIT","interaction":{"idSuffix":"inner"}},"wdio_ui5_key":"applicationmanageresources-display-component---newResourceUnit--DIMENSION_UNIT"}]}
RESULT: {"script":"<script> [1562 bytes]","args":[{"selector":{"id":"application-manageresources-display-component---newResourceUnit--DIMENSION_UNIT","interaction":{"idSuffix":"inner"}},"wdio_ui5_key":"applicationmanageresources-display-component---newResourceUnit--DIMENSION_UNIT"}]}
RESULT: undefined
COMMAND: POST /session/e57c885b60fd8cf462a4cfca6f098091/execute/async - {"script":"<script> [776 bytes]","args":[{"enterText":"Meter","selector":{"id":"application-manageresources-display-component---newResourceUnit--DIMENSION_UNIT","interaction":{"idSuffix":"inner"}},"clearTextFirst":true,"interactionType":"ENTER_TEXT"}]}
RESULT: {"script":"<script> [776 bytes]","args":[{"enterText":"Meter","selector":{"id":"application-manageresources-display-component---newResourceUnit--DIMENSION_UNIT","interaction":{"idSuffix":"inner"}},"clearTextFirst":true,"interactionType":"ENTER_TEXT"}]}
COMMAND: POST /session/e57c885b60fd8cf462a4cfca6f098091/execute/async - {"script":"<script> [1562 bytes]","args":[{"selector":{"id":"application-manageresources-display-component---newResourceUnit--newRRUPage-anchBar-application-manageresources-display-component---newResourceUnit--control-anchor","interaction":{"idSuffix":"BDI-content"}},"wdio_ui5_key":"applicationmanageresources-display-component---newResourceUnit--newRRUPage-anchBar-application-manageresources-display-component---newResourceUnit--control-anchor"}]}
RESULT: {"script":"<script> [1562 bytes]","args":[{"selector":{"id":"application-manageresources-display-component---newResourceUnit--newRRUPage-anchBar-application-manageresources-display-component---newResourceUnit--control-anchor","interaction":{"idSuffix":"BDI-content"}},"wdio_ui5_key":"applicationmanageresources-display-component---newResourceUnit--newRRUPage-anchBar-application-manageresources-display-component---newResourceUnit--control-anchor"}]}
RESULT: undefined
COMMAND: POST /session/e57c885b60fd8cf462a4cfca6f098091/element - {"using":"xpath","value":"//*[@id=\"application-manageresources-display-component---newResourceUnit--newRRUPage-anchBar-application-manageresources-display-component---newResourceUnit--control-anchor\"]"}
RESULT: {"using":"xpath","value":"//*[@id=\"application-manageresources-display-component---newResourceUnit--newRRUPage-anchBar-application-manageresources-display-component---newResourceUnit--control-anchor\"]"}
COMMAND: POST /session/e57c885b60fd8cf462a4cfca6f098091/element/f.0BB93947CC1450395F5B257EF4D67E46.d.B1277B438DD98A7B4AC99268A790A350.e.18844/click - {}
RESULT: {}
COMMAND: POST /session/e57c885b60fd8cf462a4cfca6f098091/execute/async - {"script":"<script> [1562 bytes]","args":[{"selector":{"id":"application-manageresources-display-component---newResourceUnit--PLANNING_GROUP","interaction":{"idSuffix":"inner"}},"wdio_ui5_key":"applicationmanageresources-display-component---newResourceUnit--PLANNING_GROUP"}]}
COMMAND: GET /session/e57c885b60fd8cf462a4cfca6f098091/screenshot - {}
RESULT: {"script":"<script> [1562 bytes]","args":[{"selector":{"id":"application-manageresources-display-component---newResourceUnit--PLANNING_GROUP","interaction":{"idSuffix":"inner"}},"wdio_ui5_key":"applicationmanageresources-display-component---newResourceUnit--PLANNING_GROUP"}]}
RESULT: undefined
COMMAND: POST /session/e57c885b60fd8cf462a4cfca6f098091/execute/async - {"script":"<script> [776 bytes]","args":[{"enterText":"Heavy Equi","selector":{"id":"application-manageresources-display-component---newResourceUnit--PLANNING_GROUP","interaction":{"idSuffix":"inner"}},"clearTextFirst":true,"interactionType":"ENTER_TEXT"}]}
RESULT: {}
RESULT: {"script":"<script> [776 bytes]","args":[{"enterText":"Heavy Equi","selector":{"id":"application-manageresources-display-component---newResourceUnit--PLANNING_GROUP","interaction":{"idSuffix":"inner"}},"clearTextFirst":true,"interactionType":"ENTER_TEXT"}]}
COMMAND: POST /session/e57c885b60fd8cf462a4cfca6f098091/execute/async - {"script":"<script> [1562 bytes]","args":[{"selector":{"id":"application-manageresources-display-component---newResourceUnit--ITEM_TYPE-arrow"},"wdio_ui5_key":"applicationmanageresources-display-component---newResourceUnit--ITEM_TYPE-arrow"}]}
RESULT: {"script":"<script> [1562 bytes]","args":[{"selector":{"id":"application-manageresources-display-component---newResourceUnit--ITEM_TYPE-arrow"},"wdio_ui5_key":"applicationmanageresources-display-component---newResourceUnit--ITEM_TYPE-arrow"}]}
RESULT: undefined
COMMAND: POST /session/e57c885b60fd8cf462a4cfca6f098091/element - {"using":"xpath","value":"//*[@id=\"application-manageresources-display-component---newResourceUnit--ITEM_TYPE-arrow\"]"}
RESULT: {"using":"xpath","value":"//*[@id=\"application-manageresources-display-component---newResourceUnit--ITEM_TYPE-arrow\"]"}
COMMAND: POST /session/e57c885b60fd8cf462a4cfca6f098091/element/f.0BB93947CC1450395F5B257EF4D67E46.d.B1277B438DD98A7B4AC99268A790A350.e.18851/click - {}
RESULT: {}
COMMAND: POST /session/e57c885b60fd8cf462a4cfca6f098091/element - {"using":"xpath","value":"(//span[contains(text(), \"Resource Unit\")])[2]"}
COMMAND: GET /session/e57c885b60fd8cf462a4cfca6f098091/screenshot - {}
RESULT: {"using":"xpath","value":"(//span[contains(text(), \"Resource Unit\")])[2]"}
COMMAND: POST /session/e57c885b60fd8cf462a4cfca6f098091/element/f.0BB93947CC1450395F5B257EF4D67E46.d.B1277B438DD98A7B4AC99268A790A350.e.18852/click - {}
RESULT: {}
RESULT: {}
COMMAND: GET /session/e57c885b60fd8cf462a4cfca6f098091/screenshot - {}
RESULT: {}
COMMAND: POST /session/e57c885b60fd8cf462a4cfca6f098091/element - {"using":"css selector","value":"#application-manageresources-display-component---newResourceUnit--btnAddTimeSegment"}
RESULT: {"using":"css selector","value":"#application-manageresources-display-component---newResourceUnit--btnAddTimeSegment"}
COMMAND: GET /session/e57c885b60fd8cf462a4cfca6f098091/element/f.0BB93947CC1450395F5B257EF4D67E46.d.B1277B438DD98A7B4AC99268A790A350.e.18853/rect - {}
RESULT: {}
COMMAND: GET /session/e57c885b60fd8cf462a4cfca6f098091/window/rect - {}
RESULT: {}
COMMAND: POST /session/e57c885b60fd8cf462a4cfca6f098091/execute/sync - {"script":"<script> [92 bytes]","args":[]}
RESULT: {"script":"<script> [92 bytes]","args":[]}
COMMAND: POST /session/e57c885b60fd8cf462a4cfca6f098091/actions - {"actions":[{"id":"action64","type":"wheel","parameters":{},"actions":[{"type":"scroll","x":-1888,"y":-32,"deltaX":0,"deltaY":0,"duration":0,"origin":{"element-6066-11e4-a52e-4f735466cecf":"f.0BB93947CC1450395F5B257EF4D67E46.d.B1277B438DD98A7B4AC99268A790A350.e.18853"}}]}]}
COMMAND: GET /session/e57c885b60fd8cf462a4cfca6f098091/screenshot - {}
RESULT: {}
COMMAND: POST /session/e57c885b60fd8cf462a4cfca6f098091/execute/sync - {"script":"<script> [79 bytes]","args":[{"element-6066-11e4-a52e-4f735466cecf":"f.0BB93947CC1450395F5B257EF4D67E46.d.B1277B438DD98A7B4AC99268A790A350.e.18853","ELEMENT":"f.0BB93947CC1450395F5B257EF4D67E46.d.B1277B438DD98A7B4AC99268A790A350.e.18853"},{"block":"start","inline":"nearest"}]}
RESULT: {"script":"<script> [79 bytes]","args":[{"element-6066-11e4-a52e-4f735466cecf":"f.0BB93947CC1450395F5B257EF4D67E46.d.B1277B438DD98A7B4AC99268A790A350.e.18853","ELEMENT":"f.0BB93947CC1450395F5B257EF4D67E46.d.B1277B438DD98A7B4AC99268A790A350.e.18853"},{"block":"start","inline":"nearest"}]}
COMMAND: POST /session/e57c885b60fd8cf462a4cfca6f098091/execute/async - {"script":"<script> [1562 bytes]","args":[{"selector":{"id":"application-manageresources-display-component---newResourceUnit--btnAddTimeSegment","interaction":{"idSuffix":"inner"}},"wdio_ui5_key":"applicationmanageresources-display-component---newResourceUnit--btnAddTimeSegment"}]}
COMMAND: GET /session/e57c885b60fd8cf462a4cfca6f098091/screenshot - {}
RESULT: {"script":"<script> [1562 bytes]","args":[{"selector":{"id":"application-manageresources-display-component---newResourceUnit--btnAddTimeSegment","interaction":{"idSuffix":"inner"}},"wdio_ui5_key":"applicationmanageresources-display-component---newResourceUnit--btnAddTimeSegment"}]}
RESULT: undefined
COMMAND: POST /session/e57c885b60fd8cf462a4cfca6f098091/element - {"using":"xpath","value":"//*[@id=\"application-manageresources-display-component---newResourceUnit--btnAddTimeSegment\"]"}
RESULT: {}
RESULT: {"using":"xpath","value":"//*[@id=\"application-manageresources-display-component---newResourceUnit--btnAddTimeSegment\"]"}
COMMAND: POST /session/e57c885b60fd8cf462a4cfca6f098091/element/f.0BB93947CC1450395F5B257EF4D67E46.d.B1277B438DD98A7B4AC99268A790A350.e.18853/click - {}
RESULT: {}
COMMAND: GET /session/e57c885b60fd8cf462a4cfca6f098091/screenshot - {}
RESULT: {}
COMMAND: POST /session/e57c885b60fd8cf462a4cfca6f098091/element - {"using":"xpath","value":"//input[@id=\"application-manageresources-display-component---newResourceUnit--idRuTSAdmin-application-manageresources-display-component---newResourceUnit--RUTimeSegment-0-inner\"]"}
RESULT: {"using":"xpath","value":"//input[@id=\"application-manageresources-display-component---newResourceUnit--idRuTSAdmin-application-manageresources-display-component---newResourceUnit--RUTimeSegment-0-inner\"]"}
COMMAND: POST /session/e57c885b60fd8cf462a4cfca6f098091/element/f.0BB93947CC1450395F5B257EF4D67E46.d.B1277B438DD98A7B4AC99268A790A350.e.18859/clear - {}
RESULT: {}
COMMAND: POST /session/e57c885b60fd8cf462a4cfca6f098091/element/f.0BB93947CC1450395F5B257EF4D67E46.d.B1277B438DD98A7B4AC99268A790A350.e.18859/value - {"text":"799"}
COMMAND: GET /session/e57c885b60fd8cf462a4cfca6f098091/screenshot - {}
RESULT: {"text":"799"}
COMMAND: GET /session/e57c885b60fd8cf462a4cfca6f098091/screenshot - {}
RESULT: {}
RESULT: {}
COMMAND: POST /session/e57c885b60fd8cf462a4cfca6f098091/element - {"using":"xpath","value":"//li[.//span[text()='799']]"}
RESULT: {"using":"xpath","value":"//li[.//span[text()='799']]"}
COMMAND: POST /session/e57c885b60fd8cf462a4cfca6f098091/element/f.0BB93947CC1450395F5B257EF4D67E46.d.B1277B438DD98A7B4AC99268A790A350.e.18871/click - {}
RESULT: {}
COMMAND: GET /session/e57c885b60fd8cf462a4cfca6f098091/screenshot - {}
RESULT: {}
COMMAND: POST /session/e57c885b60fd8cf462a4cfca6f098091/element - {"using":"xpath","value":"(//span[contains(@id, \"-application-manageresources-display-component---newResourceUnit--RUTimeSegment-0-arrow\")])[6]"}
RESULT: {"using":"xpath","value":"(//span[contains(@id, \"-application-manageresources-display-component---newResourceUnit--RUTimeSegment-0-arrow\")])[6]"}
COMMAND: POST /session/e57c885b60fd8cf462a4cfca6f098091/element/f.0BB93947CC1450395F5B257EF4D67E46.d.B1277B438DD98A7B4AC99268A790A350.e.18872/click - {}
RESULT: {}
COMMAND: POST /session/e57c885b60fd8cf462a4cfca6f098091/element - {"using":"xpath","value":"//span[contains(text(), \"PM Order\")]"}
COMMAND: GET /session/e57c885b60fd8cf462a4cfca6f098091/screenshot - {}
RESULT: {"using":"xpath","value":"//span[contains(text(), \"PM Order\")]"}
COMMAND: POST /session/e57c885b60fd8cf462a4cfca6f098091/element/f.0BB93947CC1450395F5B257EF4D67E46.d.B1277B438DD98A7B4AC99268A790A350.e.18875/click - {}
RESULT: {}
RESULT: {}
COMMAND: GET /session/e57c885b60fd8cf462a4cfca6f098091/screenshot - {}
RESULT: {}
COMMAND: POST /session/e57c885b60fd8cf462a4cfca6f098091/element - {"using":"xpath","value":"(//span[contains(@id ,\"manageresources-display-component---newResourceUnit--RUTimeSegment-0-vhi\")])[2]"}
RESULT: {"using":"xpath","value":"(//span[contains(@id ,\"manageresources-display-component---newResourceUnit--RUTimeSegment-0-vhi\")])[2]"}
COMMAND: POST /session/e57c885b60fd8cf462a4cfca6f098091/element/f.0BB93947CC1450395F5B257EF4D67E46.d.B1277B438DD98A7B4AC99268A790A350.e.18878/click - {}
RESULT: {}
COMMAND: GET /session/e57c885b60fd8cf462a4cfca6f098091/screenshot - {}
RESULT: {}
COMMAND: POST /session/e57c885b60fd8cf462a4cfca6f098091/execute/async - {"script":"<script> [1562 bytes]","args":[{"selector":{"controlType":"sap.m.SearchField","properties":{"placeholder":"Search"},"searchOpenDialogs":true,"interaction":{"idSuffix":"I"}},"wdio_ui5_key":"sapm.SearchField{\"placeholder\":\"Search\"}"}]}
RESULT: {"script":"<script> [1562 bytes]","args":[{"selector":{"controlType":"sap.m.SearchField","properties":{"placeholder":"Search"},"searchOpenDialogs":true,"interaction":{"idSuffix":"I"}},"wdio_ui5_key":"sapm.SearchField{\"placeholder\":\"Search\"}"}]}
RESULT: undefined
COMMAND: POST /session/e57c885b60fd8cf462a4cfca6f098091/execute/async - {"script":"<script> [776 bytes]","args":[{"enterText":"4000360","selector":{"controlType":"sap.m.SearchField","properties":{"placeholder":"Search"},"searchOpenDialogs":true,"interaction":{"idSuffix":"I"}},"clearTextFirst":true,"interactionType":"ENTER_TEXT"}]}
RESULT: {"script":"<script> [776 bytes]","args":[{"enterText":"4000360","selector":{"controlType":"sap.m.SearchField","properties":{"placeholder":"Search"},"searchOpenDialogs":true,"interaction":{"idSuffix":"I"}},"clearTextFirst":true,"interactionType":"ENTER_TEXT"}]}
COMMAND: POST /session/e57c885b60fd8cf462a4cfca6f098091/actions - {"actions":[{"id":"action65","type":"key","parameters":{},"actions":[{"type":"keyDown","value":"î€‡"},{"type":"pause","duration":10},{"type":"keyUp","value":"î€‡"}]}]}
RESULT: {"actions":[{"id":"action65","type":"key","parameters":{},"actions":[{"type":"keyDown","value":"î€‡"},{"type":"pause","duration":10},{"type":"keyUp","value":"î€‡"}]}]}
COMMAND: GET /session/e57c885b60fd8cf462a4cfca6f098091/screenshot - {}
RESULT: {}
COMMAND: POST /session/e57c885b60fd8cf462a4cfca6f098091/element - {"using":"xpath","value":"//td/div/span[contains(text(), \"BGL Vehicles\")]"}
RESULT: {"using":"xpath","value":"//td/div/span[contains(text(), \"BGL Vehicles\")]"}
COMMAND: POST /session/e57c885b60fd8cf462a4cfca6f098091/element/f.0BB93947CC1450395F5B257EF4D67E46.d.B1277B438DD98A7B4AC99268A790A350.e.18899/click - {}
RESULT: {}
COMMAND: GET /session/e57c885b60fd8cf462a4cfca6f098091/screenshot - {}
RESULT: {}
COMMAND: POST /session/e57c885b60fd8cf462a4cfca6f098091/element - {"using":"xpath","value":"//bdi[contains(text(), \"OK\")]"}
RESULT: {"using":"xpath","value":"//bdi[contains(text(), \"OK\")]"}
COMMAND: POST /session/e57c885b60fd8cf462a4cfca6f098091/element/f.0BB93947CC1450395F5B257EF4D67E46.d.B1277B438DD98A7B4AC99268A790A350.e.18900/click - {}
RESULT: {}
COMMAND: GET /session/e57c885b60fd8cf462a4cfca6f098091/screenshot - {}
RESULT: {}
COMMAND: POST /session/e57c885b60fd8cf462a4cfca6f098091/execute/async - {"script":"<script> [1562 bytes]","args":[{"selector":{"id":"application-manageresources-display-component---newResourceUnit--newRRUPage-anchBar-application-manageresources-display-component---newResourceUnit--resource-anchor","interaction":{"idSuffix":"BDI-content"}},"wdio_ui5_key":"applicationmanageresources-display-component---newResourceUnit--newRRUPage-anchBar-application-manageresources-display-component---newResourceUnit--resource-anchor"}]}
RESULT: {"script":"<script> [1562 bytes]","args":[{"selector":{"id":"application-manageresources-display-component---newResourceUnit--newRRUPage-anchBar-application-manageresources-display-component---newResourceUnit--resource-anchor","interaction":{"idSuffix":"BDI-content"}},"wdio_ui5_key":"applicationmanageresources-display-component---newResourceUnit--newRRUPage-anchBar-application-manageresources-display-component---newResourceUnit--resource-anchor"}]}
RESULT: undefined
COMMAND: POST /session/e57c885b60fd8cf462a4cfca6f098091/element - {"using":"xpath","value":"//*[@id=\"application-manageresources-display-component---newResourceUnit--newRRUPage-anchBar-application-manageresources-display-component---newResourceUnit--resource-anchor\"]"}
RESULT: {"using":"xpath","value":"//*[@id=\"application-manageresources-display-component---newResourceUnit--newRRUPage-anchBar-application-manageresources-display-component---newResourceUnit--resource-anchor\"]"}
COMMAND: POST /session/e57c885b60fd8cf462a4cfca6f098091/element/f.0BB93947CC1450395F5B257EF4D67E46.d.B1277B438DD98A7B4AC99268A790A350.e.18904/click - {}
RESULT: {}
COMMAND: POST /session/e57c885b60fd8cf462a4cfca6f098091/execute/async - {"script":"<script> [1562 bytes]","args":[{"selector":{"id":"application-manageresources-display-component---newResourceUnit--PLANNED_DELIVERY_DATE","interaction":{"idSuffix":"inner"}},"wdio_ui5_key":"applicationmanageresources-display-component---newResourceUnit--PLANNED_DELIVERY_DATE"}]}
COMMAND: GET /session/e57c885b60fd8cf462a4cfca6f098091/screenshot - {}
RESULT: {"script":"<script> [1562 bytes]","args":[{"selector":{"id":"application-manageresources-display-component---newResourceUnit--PLANNED_DELIVERY_DATE","interaction":{"idSuffix":"inner"}},"wdio_ui5_key":"applicationmanageresources-display-component---newResourceUnit--PLANNED_DELIVERY_DATE"}]}
RESULT: undefined
COMMAND: POST /session/e57c885b60fd8cf462a4cfca6f098091/execute/async - {"script":"<script> [6424 bytes]","args":[{"element-6066-11e4-a52e-4f735466cecf":"f.0BB93947CC1450395F5B257EF4D67E46.d.B1277B438DD98A7B4AC99268A790A350.e.18767"},"setValue",["4/24/25"]]}
RESULT: {}
RESULT: {"script":"<script> [6424 bytes]","args":[{"element-6066-11e4-a52e-4f735466cecf":"f.0BB93947CC1450395F5B257EF4D67E46.d.B1277B438DD98A7B4AC99268A790A350.e.18767"},"setValue",["4/24/25"]]}
COMMAND: POST /session/e57c885b60fd8cf462a4cfca6f098091/element - {"using":"xpath","value":"//button[@data-kt=\"resourceUnitSaveButton\"]"}
RESULT: {"using":"xpath","value":"//button[@data-kt=\"resourceUnitSaveButton\"]"}
COMMAND: POST /session/e57c885b60fd8cf462a4cfca6f098091/element/f.0BB93947CC1450395F5B257EF4D67E46.d.B1277B438DD98A7B4AC99268A790A350.e.18727/click - {}
RESULT: {}
COMMAND: GET /session/e57c885b60fd8cf462a4cfca6f098091/screenshot - {}
RESULT: {}
COMMAND: POST /session/e57c885b60fd8cf462a4cfca6f098091/element - {"using":"xpath","value":"//bdi[contains(text(), \"Close\")]"}
RESULT: {"using":"xpath","value":"//bdi[contains(text(), \"Close\")]"}
COMMAND: POST /session/e57c885b60fd8cf462a4cfca6f098091/element/f.0BB93947CC1450395F5B257EF4D67E46.d.B1277B438DD98A7B4AC99268A790A350.e.18912/click - {}
RESULT: {}
COMMAND: GET /session/e57c885b60fd8cf462a4cfca6f098091/screenshot - {}
RESULT: {}
COMMAND: POST /session/e57c885b60fd8cf462a4cfca6f098091/element - {"using":"xpath","value":"(//button[contains(@id ,\"actionsToolbar-overflowButton\")])[1]"}
RESULT: {"using":"xpath","value":"(//button[contains(@id ,\"actionsToolbar-overflowButton\")])[1]"}
COMMAND: POST /session/e57c885b60fd8cf462a4cfca6f098091/element/f.0BB93947CC1450395F5B257EF4D67E46.d.B1277B438DD98A7B4AC99268A790A350.e.18965/click - {}
RESULT: {}
COMMAND: GET /session/e57c885b60fd8cf462a4cfca6f098091/screenshot - {}
RESULT: {}
COMMAND: POST /session/e57c885b60fd8cf462a4cfca6f098091/element - {"using":"xpath","value":"//button[@data-kt=\"priceInfoButton\"]"}
RESULT: {"using":"xpath","value":"//button[@data-kt=\"priceInfoButton\"]"}
COMMAND: POST /session/e57c885b60fd8cf462a4cfca6f098091/element/f.0BB93947CC1450395F5B257EF4D67E46.d.B1277B438DD98A7B4AC99268A790A350.e.18967/click - {}
RESULT: {}
COMMAND: GET /session/e57c885b60fd8cf462a4cfca6f098091/screenshot - {}
]]></system-out>
    </testcase>
    <testcase classname="chrome.135_0_7049_96.windows.Billing_Calculation_-_Time_based_(considering_transport_times)_US139738" name="Should create new pricing rule for 1st equipment" time="57.343">
      <system-out><![CDATA[
COMMAND: POST /session/e57c885b60fd8cf462a4cfca6f098091/element - {"using":"xpath","value":"//button[@data-kt=\"addButton\"]"}
RESULT: {}
RESULT: {"using":"xpath","value":"//button[@data-kt=\"addButton\"]"}
COMMAND: POST /session/e57c885b60fd8cf462a4cfca6f098091/elements - {"using":"xpath","value":"//button[@data-kt=\"addButton\"]"}
RESULT: {"using":"xpath","value":"//button[@data-kt=\"addButton\"]"}
COMMAND: POST /session/e57c885b60fd8cf462a4cfca6f098091/execute/sync - {"script":"<script> [8489 bytes]","args":[{"element-6066-11e4-a52e-4f735466cecf":"f.0BB93947CC1450395F5B257EF4D67E46.d.B1277B438DD98A7B4AC99268A790A350.e.19005","ELEMENT":"f.0BB93947CC1450395F5B257EF4D67E46.d.B1277B438DD98A7B4AC99268A790A350.e.19005"}]}
RESULT: {"script":"<script> [8489 bytes]","args":[{"element-6066-11e4-a52e-4f735466cecf":"f.0BB93947CC1450395F5B257EF4D67E46.d.B1277B438DD98A7B4AC99268A790A350.e.19005","ELEMENT":"f.0BB93947CC1450395F5B257EF4D67E46.d.B1277B438DD98A7B4AC99268A790A350.e.19005"}]}
COMMAND: GET /session/e57c885b60fd8cf462a4cfca6f098091/element/f.0BB93947CC1450395F5B257EF4D67E46.d.B1277B438DD98A7B4AC99268A790A350.e.19005/enabled - {}
COMMAND: GET /session/e57c885b60fd8cf462a4cfca6f098091/screenshot - {}
RESULT: {}
COMMAND: POST /session/e57c885b60fd8cf462a4cfca6f098091/execute/sync - {"script":"<script> [8489 bytes]","args":[{"element-6066-11e4-a52e-4f735466cecf":"f.0BB93947CC1450395F5B257EF4D67E46.d.B1277B438DD98A7B4AC99268A790A350.e.19005","ELEMENT":"f.0BB93947CC1450395F5B257EF4D67E46.d.B1277B438DD98A7B4AC99268A790A350.e.19005"}]}
COMMAND: GET /session/e57c885b60fd8cf462a4cfca6f098091/screenshot - {}
RESULT: {}
RESULT: {"script":"<script> [8489 bytes]","args":[{"element-6066-11e4-a52e-4f735466cecf":"f.0BB93947CC1450395F5B257EF4D67E46.d.B1277B438DD98A7B4AC99268A790A350.e.19005","ELEMENT":"f.0BB93947CC1450395F5B257EF4D67E46.d.B1277B438DD98A7B4AC99268A790A350.e.19005"}]}
COMMAND: POST /session/e57c885b60fd8cf462a4cfca6f098091/execute/sync - {"script":"<script> [5351 bytes]","args":[{"element-6066-11e4-a52e-4f735466cecf":"f.0BB93947CC1450395F5B257EF4D67E46.d.B1277B438DD98A7B4AC99268A790A350.e.19005","ELEMENT":"f.0BB93947CC1450395F5B257EF4D67E46.d.B1277B438DD98A7B4AC99268A790A350.e.19005"}]}
COMMAND: GET /session/e57c885b60fd8cf462a4cfca6f098091/screenshot - {}
RESULT: {}
RESULT: {"script":"<script> [5351 bytes]","args":[{"element-6066-11e4-a52e-4f735466cecf":"f.0BB93947CC1450395F5B257EF4D67E46.d.B1277B438DD98A7B4AC99268A790A350.e.19005","ELEMENT":"f.0BB93947CC1450395F5B257EF4D67E46.d.B1277B438DD98A7B4AC99268A790A350.e.19005"}]}
COMMAND: POST /session/e57c885b60fd8cf462a4cfca6f098091/element/f.0BB93947CC1450395F5B257EF4D67E46.d.B1277B438DD98A7B4AC99268A790A350.e.19005/click - {}
COMMAND: GET /session/e57c885b60fd8cf462a4cfca6f098091/screenshot - {}
RESULT: {}
RESULT: {}
COMMAND: GET /session/e57c885b60fd8cf462a4cfca6f098091/screenshot - {}
RESULT: {}
RESULT: {}
COMMAND: POST /session/e57c885b60fd8cf462a4cfca6f098091/execute/async - {"script":"<script> [1562 bytes]","args":[{"selector":{"controlType":"sap.m.Title","viewName":"etm.portal.ui.managepricingrules.view.NewItem","viewId":"application-managepricingrules-display-component---newInfoPriceItem","properties":{"text":"New Pricing Rules - Item Level"}},"wdio_ui5_key":"etmportal.ui.managepricingrules.view.NewItemsap.m.Title{\"text\":\"New Pricing Rules - Item Level\"}"}]}
RESULT: {"script":"<script> [1562 bytes]","args":[{"selector":{"controlType":"sap.m.Title","viewName":"etm.portal.ui.managepricingrules.view.NewItem","viewId":"application-managepricingrules-display-component---newInfoPriceItem","properties":{"text":"New Pricing Rules - Item Level"}},"wdio_ui5_key":"etmportal.ui.managepricingrules.view.NewItemsap.m.Title{\"text\":\"New Pricing Rules - Item Level\"}"}]}
RESULT: undefined
COMMAND: POST /session/e57c885b60fd8cf462a4cfca6f098091/execute/async - {"script":"<script> [6424 bytes]","args":[{"element-6066-11e4-a52e-4f735466cecf":"f.0BB93947CC1450395F5B257EF4D67E46.d.B1277B438DD98A7B4AC99268A790A350.e.19176"},"getText",[]]}
RESULT: {"script":"<script> [6424 bytes]","args":[{"element-6066-11e4-a52e-4f735466cecf":"f.0BB93947CC1450395F5B257EF4D67E46.d.B1277B438DD98A7B4AC99268A790A350.e.19176"},"getText",[]]}
COMMAND: POST /session/e57c885b60fd8cf462a4cfca6f098091/execute/async - {"script":"<script> [1562 bytes]","args":[{"selector":{"id":"application-managepricingrules-display-component---newInfoPriceItem--condValidTo","interaction":{"idSuffix":"inner"}},"wdio_ui5_key":"applicationmanagepricingrules-display-component---newInfoPriceItem--condValidTo"}]}
RESULT: {"script":"<script> [1562 bytes]","args":[{"selector":{"id":"application-managepricingrules-display-component---newInfoPriceItem--condValidTo","interaction":{"idSuffix":"inner"}},"wdio_ui5_key":"applicationmanagepricingrules-display-component---newInfoPriceItem--condValidTo"}]}
RESULT: undefined
COMMAND: POST /session/e57c885b60fd8cf462a4cfca6f098091/execute/async - {"script":"<script> [776 bytes]","args":[{"enterText":"12/24/25","selector":{"id":"application-managepricingrules-display-component---newInfoPriceItem--condValidTo","interaction":{"idSuffix":"inner"}},"clearTextFirst":true,"interactionType":"ENTER_TEXT"}]}
RESULT: {"script":"<script> [776 bytes]","args":[{"enterText":"12/24/25","selector":{"id":"application-managepricingrules-display-component---newInfoPriceItem--condValidTo","interaction":{"idSuffix":"inner"}},"clearTextFirst":true,"interactionType":"ENTER_TEXT"}]}
COMMAND: POST /session/e57c885b60fd8cf462a4cfca6f098091/execute/async - {"script":"<script> [1562 bytes]","args":[{"selector":{"id":"application-managepricingrules-display-component---newInfoPriceItem--billType-arrow"},"wdio_ui5_key":"applicationmanagepricingrules-display-component---newInfoPriceItem--billType-arrow"}]}
RESULT: {"script":"<script> [1562 bytes]","args":[{"selector":{"id":"application-managepricingrules-display-component---newInfoPriceItem--billType-arrow"},"wdio_ui5_key":"applicationmanagepricingrules-display-component---newInfoPriceItem--billType-arrow"}]}
RESULT: undefined
COMMAND: POST /session/e57c885b60fd8cf462a4cfca6f098091/element - {"using":"xpath","value":"//*[@id=\"application-managepricingrules-display-component---newInfoPriceItem--billType-arrow\"]"}
RESULT: {"using":"xpath","value":"//*[@id=\"application-managepricingrules-display-component---newInfoPriceItem--billType-arrow\"]"}
COMMAND: POST /session/e57c885b60fd8cf462a4cfca6f098091/element/f.0BB93947CC1450395F5B257EF4D67E46.d.B1277B438DD98A7B4AC99268A790A350.e.19135/click - {}
RESULT: {}
COMMAND: POST /session/e57c885b60fd8cf462a4cfca6f098091/element - {"using":"xpath","value":"//span[contains(text(), \"TB - Time based\")]"}
COMMAND: GET /session/e57c885b60fd8cf462a4cfca6f098091/screenshot - {}
RESULT: {"using":"xpath","value":"//span[contains(text(), \"TB - Time based\")]"}
COMMAND: POST /session/e57c885b60fd8cf462a4cfca6f098091/element/f.0BB93947CC1450395F5B257EF4D67E46.d.B1277B438DD98A7B4AC99268A790A350.e.19178/click - {}
RESULT: {}
RESULT: {}
COMMAND: POST /session/e57c885b60fd8cf462a4cfca6f098091/execute/async - {"script":"<script> [1562 bytes]","args":[{"selector":{"id":"application-managepricingrules-display-component---newInfoPriceItem--priceProc-arrow"},"wdio_ui5_key":"applicationmanagepricingrules-display-component---newInfoPriceItem--priceProc-arrow"}]}
COMMAND: GET /session/e57c885b60fd8cf462a4cfca6f098091/screenshot - {}
RESULT: {"script":"<script> [1562 bytes]","args":[{"selector":{"id":"application-managepricingrules-display-component---newInfoPriceItem--priceProc-arrow"},"wdio_ui5_key":"applicationmanagepricingrules-display-component---newInfoPriceItem--priceProc-arrow"}]}
RESULT: undefined
COMMAND: POST /session/e57c885b60fd8cf462a4cfca6f098091/element - {"using":"xpath","value":"//*[@id=\"application-managepricingrules-display-component---newInfoPriceItem--priceProc-arrow\"]"}
RESULT: {}
RESULT: {"using":"xpath","value":"//*[@id=\"application-managepricingrules-display-component---newInfoPriceItem--priceProc-arrow\"]"}
COMMAND: POST /session/e57c885b60fd8cf462a4cfca6f098091/element/f.0BB93947CC1450395F5B257EF4D67E46.d.B1277B438DD98A7B4AC99268A790A350.e.19142/click - {}
RESULT: {}
COMMAND: POST /session/e57c885b60fd8cf462a4cfca6f098091/element - {"using":"xpath","value":"//span[contains(text(), \"TBS - Time based standard\")]"}
COMMAND: GET /session/e57c885b60fd8cf462a4cfca6f098091/screenshot - {}
RESULT: {"using":"xpath","value":"//span[contains(text(), \"TBS - Time based standard\")]"}
COMMAND: POST /session/e57c885b60fd8cf462a4cfca6f098091/element/f.0BB93947CC1450395F5B257EF4D67E46.d.B1277B438DD98A7B4AC99268A790A350.e.19179/click - {}
RESULT: {}
RESULT: {}
COMMAND: POST /session/e57c885b60fd8cf462a4cfca6f098091/execute/async - {"script":"<script> [1562 bytes]","args":[{"selector":{"id":"application-managepricingrules-display-component---newInfoPriceItem--calcBase-arrow"},"wdio_ui5_key":"applicationmanagepricingrules-display-component---newInfoPriceItem--calcBase-arrow"}]}
COMMAND: GET /session/e57c885b60fd8cf462a4cfca6f098091/screenshot - {}
RESULT: {"script":"<script> [1562 bytes]","args":[{"selector":{"id":"application-managepricingrules-display-component---newInfoPriceItem--calcBase-arrow"},"wdio_ui5_key":"applicationmanagepricingrules-display-component---newInfoPriceItem--calcBase-arrow"}]}
RESULT: undefined
COMMAND: POST /session/e57c885b60fd8cf462a4cfca6f098091/element - {"using":"xpath","value":"//*[@id=\"application-managepricingrules-display-component---newInfoPriceItem--calcBase-arrow\"]"}
RESULT: {}
RESULT: {"using":"xpath","value":"//*[@id=\"application-managepricingrules-display-component---newInfoPriceItem--calcBase-arrow\"]"}
COMMAND: POST /session/e57c885b60fd8cf462a4cfca6f098091/element/f.0BB93947CC1450395F5B257EF4D67E46.d.B1277B438DD98A7B4AC99268A790A350.e.19149/click - {}
RESULT: {}
COMMAND: GET /session/e57c885b60fd8cf462a4cfca6f098091/screenshot - {}
RESULT: {}
COMMAND: POST /session/e57c885b60fd8cf462a4cfca6f098091/element - {"using":"xpath","value":"//span[contains(text(), \"0006 - TB(calendar days)\")]"}
RESULT: {"using":"xpath","value":"//span[contains(text(), \"0006 - TB(calendar days)\")]"}
COMMAND: POST /session/e57c885b60fd8cf462a4cfca6f098091/element/f.0BB93947CC1450395F5B257EF4D67E46.d.B1277B438DD98A7B4AC99268A790A350.e.19180/click - {}
RESULT: {}
COMMAND: GET /session/e57c885b60fd8cf462a4cfca6f098091/screenshot - {}
RESULT: {}
COMMAND: POST /session/e57c885b60fd8cf462a4cfca6f098091/execute/async - {"script":"<script> [1562 bytes]","args":[{"selector":{"id":"application-managepricingrules-display-component---newInfoPriceItem--daysMonth","interaction":{"idSuffix":"inner"}},"wdio_ui5_key":"applicationmanagepricingrules-display-component---newInfoPriceItem--daysMonth"}]}
RESULT: {"script":"<script> [1562 bytes]","args":[{"selector":{"id":"application-managepricingrules-display-component---newInfoPriceItem--daysMonth","interaction":{"idSuffix":"inner"}},"wdio_ui5_key":"applicationmanagepricingrules-display-component---newInfoPriceItem--daysMonth"}]}
RESULT: undefined
COMMAND: POST /session/e57c885b60fd8cf462a4cfca6f098091/execute/async - {"script":"<script> [776 bytes]","args":[{"enterText":"30","selector":{"id":"application-managepricingrules-display-component---newInfoPriceItem--daysMonth","interaction":{"idSuffix":"inner"}},"clearTextFirst":true,"interactionType":"ENTER_TEXT"}]}
RESULT: {"script":"<script> [776 bytes]","args":[{"enterText":"30","selector":{"id":"application-managepricingrules-display-component---newInfoPriceItem--daysMonth","interaction":{"idSuffix":"inner"}},"clearTextFirst":true,"interactionType":"ENTER_TEXT"}]}
COMMAND: POST /session/e57c885b60fd8cf462a4cfca6f098091/element - {"using":"xpath","value":"//button[@data-kt=\"saveNewRuleButton\"]"}
RESULT: {"using":"xpath","value":"//button[@data-kt=\"saveNewRuleButton\"]"}
COMMAND: POST /session/e57c885b60fd8cf462a4cfca6f098091/element/f.0BB93947CC1450395F5B257EF4D67E46.d.B1277B438DD98A7B4AC99268A790A350.e.19169/click - {}
RESULT: {}
COMMAND: GET /session/e57c885b60fd8cf462a4cfca6f098091/screenshot - {}
RESULT: {}
COMMAND: POST /session/e57c885b60fd8cf462a4cfca6f098091/execute/async - {"script":"<script> [1562 bytes]","args":[{"selector":{"id":"application-managepricingrules-display-component---priceInfoItem--smartFilterBar-btnBasicSearch","interaction":{"idSuffix":"I"}},"wdio_ui5_key":"applicationmanagepricingrules-display-component---priceInfoItem--smartFilterBar-btnBasicSearch"}]}
RESULT: {"script":"<script> [1562 bytes]","args":[{"selector":{"id":"application-managepricingrules-display-component---priceInfoItem--smartFilterBar-btnBasicSearch","interaction":{"idSuffix":"I"}},"wdio_ui5_key":"applicationmanagepricingrules-display-component---priceInfoItem--smartFilterBar-btnBasicSearch"}]}
RESULT: undefined
COMMAND: POST /session/e57c885b60fd8cf462a4cfca6f098091/execute/async - {"script":"<script> [776 bytes]","args":[{"enterText":"Ih1fhNG6g6","selector":{"id":"application-managepricingrules-display-component---priceInfoItem--smartFilterBar-btnBasicSearch","interaction":{"idSuffix":"I"}},"clearTextFirst":true,"interactionType":"ENTER_TEXT"}]}
RESULT: {"script":"<script> [776 bytes]","args":[{"enterText":"Ih1fhNG6g6","selector":{"id":"application-managepricingrules-display-component---priceInfoItem--smartFilterBar-btnBasicSearch","interaction":{"idSuffix":"I"}},"clearTextFirst":true,"interactionType":"ENTER_TEXT"}]}
COMMAND: POST /session/e57c885b60fd8cf462a4cfca6f098091/actions - {"actions":[{"id":"action66","type":"key","parameters":{},"actions":[{"type":"keyDown","value":"î€‡"},{"type":"pause","duration":10},{"type":"keyUp","value":"î€‡"}]}]}
RESULT: {"actions":[{"id":"action66","type":"key","parameters":{},"actions":[{"type":"keyDown","value":"î€‡"},{"type":"pause","duration":10},{"type":"keyUp","value":"î€‡"}]}]}
COMMAND: GET /session/e57c885b60fd8cf462a4cfca6f098091/screenshot - {}
RESULT: {}
COMMAND: POST /session/e57c885b60fd8cf462a4cfca6f098091/element - {"using":"xpath","value":"//span[@id=\"application-managepricingrules-display-component---priceInfoItem--smartTable-header-inner\"]"}
RESULT: {"using":"xpath","value":"//span[@id=\"application-managepricingrules-display-component---priceInfoItem--smartTable-header-inner\"]"}
COMMAND: POST /session/e57c885b60fd8cf462a4cfca6f098091/elements - {"using":"xpath","value":"//span[@id=\"application-managepricingrules-display-component---priceInfoItem--smartTable-header-inner\"]"}
RESULT: {"using":"xpath","value":"//span[@id=\"application-managepricingrules-display-component---priceInfoItem--smartTable-header-inner\"]"}
COMMAND: POST /session/e57c885b60fd8cf462a4cfca6f098091/execute/sync - {"script":"<script> [56 bytes]","args":[{"element-6066-11e4-a52e-4f735466cecf":"f.0BB93947CC1450395F5B257EF4D67E46.d.B1277B438DD98A7B4AC99268A790A350.e.19204","ELEMENT":"f.0BB93947CC1450395F5B257EF4D67E46.d.B1277B438DD98A7B4AC99268A790A350.e.19204"}]}
RESULT: {"script":"<script> [56 bytes]","args":[{"element-6066-11e4-a52e-4f735466cecf":"f.0BB93947CC1450395F5B257EF4D67E46.d.B1277B438DD98A7B4AC99268A790A350.e.19204","ELEMENT":"f.0BB93947CC1450395F5B257EF4D67E46.d.B1277B438DD98A7B4AC99268A790A350.e.19204"}]}
COMMAND: POST /session/e57c885b60fd8cf462a4cfca6f098091/element - {"using":"css selector","value":"#shell-header-logo"}
COMMAND: GET /session/e57c885b60fd8cf462a4cfca6f098091/screenshot - {}
RESULT: {"using":"css selector","value":"#shell-header-logo"}
COMMAND: POST /session/e57c885b60fd8cf462a4cfca6f098091/element/f.0BB93947CC1450395F5B257EF4D67E46.d.B1277B438DD98A7B4AC99268A790A350.e.18328/click - {}
RESULT: {}
RESULT: {}
COMMAND: GET /session/e57c885b60fd8cf462a4cfca6f098091/screenshot - {}
RESULT: {}
]]></system-out>
    </testcase>
    <testcase classname="chrome.135_0_7049_96.windows.Billing_Calculation_-_Time_based_(considering_transport_times)_US139738" name="Should create new pricing condition for 1st equipment" time="69.46">
      <system-out><![CDATA[
COMMAND: POST /session/e57c885b60fd8cf462a4cfca6f098091/execute/async - {"script":"<script> [1562 bytes]","args":[{"selector":{"controlType":"sap.m.Text","properties":{"text":"Manage Conditions & Prices"},"interaction":{"idSuffix":"inner"}},"wdio_ui5_key":"sapm.Text{\"text\":\"Manage Conditions & Prices\"}"}]}
RESULT: {"script":"<script> [1562 bytes]","args":[{"selector":{"controlType":"sap.m.Text","properties":{"text":"Manage Conditions & Prices"},"interaction":{"idSuffix":"inner"}},"wdio_ui5_key":"sapm.Text{\"text\":\"Manage Conditions & Prices\"}"}]}
RESULT: undefined
COMMAND: POST /session/e57c885b60fd8cf462a4cfca6f098091/element - {"using":"xpath","value":"//*[@id=\"__tile53-title\"]"}
RESULT: {"using":"xpath","value":"//*[@id=\"__tile53-title\"]"}
COMMAND: POST /session/e57c885b60fd8cf462a4cfca6f098091/element/f.0BB93947CC1450395F5B257EF4D67E46.d.B1277B438DD98A7B4AC99268A790A350.e.19207/click - {}
RESULT: {}
COMMAND: POST /session/e57c885b60fd8cf462a4cfca6f098091/element - {"using":"xpath","value":"//button[@aria-label=\"Create\"]"}
COMMAND: GET /session/e57c885b60fd8cf462a4cfca6f098091/screenshot - {}
RESULT: {"using":"xpath","value":"//button[@aria-label=\"Create\"]"}
COMMAND: POST /session/e57c885b60fd8cf462a4cfca6f098091/elements - {"using":"xpath","value":"//button[@aria-label=\"Create\"]"}
RESULT: {}
RESULT: {"using":"xpath","value":"//button[@aria-label=\"Create\"]"}
COMMAND: POST /session/e57c885b60fd8cf462a4cfca6f098091/elements - {"using":"xpath","value":"//button[@aria-label=\"Create\"]"}
RESULT: {"using":"xpath","value":"//button[@aria-label=\"Create\"]"}
COMMAND: POST /session/e57c885b60fd8cf462a4cfca6f098091/elements - {"using":"xpath","value":"//button[@aria-label=\"Create\"]"}
RESULT: {"using":"xpath","value":"//button[@aria-label=\"Create\"]"}
COMMAND: POST /session/e57c885b60fd8cf462a4cfca6f098091/element - {"using":"xpath","value":"//button[@aria-label=\"Create\"]"}
RESULT: {"using":"xpath","value":"//button[@aria-label=\"Create\"]"}
COMMAND: POST /session/e57c885b60fd8cf462a4cfca6f098091/execute/sync - {"script":"<script> [8489 bytes]","args":[{"element-6066-11e4-a52e-4f735466cecf":"f.0BB93947CC1450395F5B257EF4D67E46.d.B1277B438DD98A7B4AC99268A790A350.e.19242","ELEMENT":"f.0BB93947CC1450395F5B257EF4D67E46.d.B1277B438DD98A7B4AC99268A790A350.e.19242"}]}
RESULT: {"script":"<script> [8489 bytes]","args":[{"element-6066-11e4-a52e-4f735466cecf":"f.0BB93947CC1450395F5B257EF4D67E46.d.B1277B438DD98A7B4AC99268A790A350.e.19242","ELEMENT":"f.0BB93947CC1450395F5B257EF4D67E46.d.B1277B438DD98A7B4AC99268A790A350.e.19242"}]}
COMMAND: GET /session/e57c885b60fd8cf462a4cfca6f098091/element/f.0BB93947CC1450395F5B257EF4D67E46.d.B1277B438DD98A7B4AC99268A790A350.e.19242/enabled - {}
COMMAND: GET /session/e57c885b60fd8cf462a4cfca6f098091/screenshot - {}
RESULT: {}
COMMAND: POST /session/e57c885b60fd8cf462a4cfca6f098091/execute/sync - {"script":"<script> [8489 bytes]","args":[{"element-6066-11e4-a52e-4f735466cecf":"f.0BB93947CC1450395F5B257EF4D67E46.d.B1277B438DD98A7B4AC99268A790A350.e.19242","ELEMENT":"f.0BB93947CC1450395F5B257EF4D67E46.d.B1277B438DD98A7B4AC99268A790A350.e.19242"}]}
COMMAND: GET /session/e57c885b60fd8cf462a4cfca6f098091/screenshot - {}
RESULT: {}
RESULT: {"script":"<script> [8489 bytes]","args":[{"element-6066-11e4-a52e-4f735466cecf":"f.0BB93947CC1450395F5B257EF4D67E46.d.B1277B438DD98A7B4AC99268A790A350.e.19242","ELEMENT":"f.0BB93947CC1450395F5B257EF4D67E46.d.B1277B438DD98A7B4AC99268A790A350.e.19242"}]}
COMMAND: POST /session/e57c885b60fd8cf462a4cfca6f098091/execute/sync - {"script":"<script> [5351 bytes]","args":[{"element-6066-11e4-a52e-4f735466cecf":"f.0BB93947CC1450395F5B257EF4D67E46.d.B1277B438DD98A7B4AC99268A790A350.e.19242","ELEMENT":"f.0BB93947CC1450395F5B257EF4D67E46.d.B1277B438DD98A7B4AC99268A790A350.e.19242"}]}
COMMAND: GET /session/e57c885b60fd8cf462a4cfca6f098091/screenshot - {}
RESULT: {}
RESULT: {"script":"<script> [5351 bytes]","args":[{"element-6066-11e4-a52e-4f735466cecf":"f.0BB93947CC1450395F5B257EF4D67E46.d.B1277B438DD98A7B4AC99268A790A350.e.19242","ELEMENT":"f.0BB93947CC1450395F5B257EF4D67E46.d.B1277B438DD98A7B4AC99268A790A350.e.19242"}]}
COMMAND: POST /session/e57c885b60fd8cf462a4cfca6f098091/element/f.0BB93947CC1450395F5B257EF4D67E46.d.B1277B438DD98A7B4AC99268A790A350.e.19242/click - {}
COMMAND: GET /session/e57c885b60fd8cf462a4cfca6f098091/screenshot - {}
RESULT: {}
RESULT: {}
COMMAND: GET /session/e57c885b60fd8cf462a4cfca6f098091/screenshot - {}
RESULT: {}
RESULT: {}
COMMAND: POST /session/e57c885b60fd8cf462a4cfca6f098091/actions - {"actions":[{"id":"action67","type":"key","parameters":{},"actions":[{"type":"keyDown","value":"î€‡"},{"type":"pause","duration":10},{"type":"keyUp","value":"î€‡"}]}]}
RESULT: {"actions":[{"id":"action67","type":"key","parameters":{},"actions":[{"type":"keyDown","value":"î€‡"},{"type":"pause","duration":10},{"type":"keyUp","value":"î€‡"}]}]}
COMMAND: GET /session/e57c885b60fd8cf462a4cfca6f098091/screenshot - {}
RESULT: {}
COMMAND: POST /session/e57c885b60fd8cf462a4cfca6f098091/execute/async - {"script":"<script> [1562 bytes]","args":[{"selector":{"id":"application-manageconditionprice-display-component---newCondition--condBillCond-arrow"},"wdio_ui5_key":"applicationmanageconditionprice-display-component---newCondition--condBillCond-arrow"}]}
RESULT: {"script":"<script> [1562 bytes]","args":[{"selector":{"id":"application-manageconditionprice-display-component---newCondition--condBillCond-arrow"},"wdio_ui5_key":"applicationmanageconditionprice-display-component---newCondition--condBillCond-arrow"}]}
RESULT: undefined
COMMAND: POST /session/e57c885b60fd8cf462a4cfca6f098091/element - {"using":"xpath","value":"//*[@id=\"application-manageconditionprice-display-component---newCondition--condBillCond-arrow\"]"}
RESULT: {"using":"xpath","value":"//*[@id=\"application-manageconditionprice-display-component---newCondition--condBillCond-arrow\"]"}
COMMAND: POST /session/e57c885b60fd8cf462a4cfca6f098091/element/f.0BB93947CC1450395F5B257EF4D67E46.d.B1277B438DD98A7B4AC99268A790A350.e.19422/click - {}
RESULT: {}
COMMAND: GET /session/e57c885b60fd8cf462a4cfca6f098091/screenshot - {}
RESULT: {}
COMMAND: POST /session/e57c885b60fd8cf462a4cfca6f098091/element - {"using":"xpath","value":"//li[.//span[contains(text(), \"DISP - D&I special price\")]]"}
RESULT: {"using":"xpath","value":"//li[.//span[contains(text(), \"DISP - D&I special price\")]]"}
COMMAND: POST /session/e57c885b60fd8cf462a4cfca6f098091/element/f.0BB93947CC1450395F5B257EF4D67E46.d.B1277B438DD98A7B4AC99268A790A350.e.19425/click - {}
RESULT: {}
COMMAND: GET /session/e57c885b60fd8cf462a4cfca6f098091/screenshot - {}
RESULT: {}
COMMAND: POST /session/e57c885b60fd8cf462a4cfca6f098091/execute/async - {"script":"<script> [1562 bytes]","args":[{"selector":{"id":"application-manageconditionprice-display-component---newCondition--condValidTo","interaction":{"idSuffix":"inner"}},"wdio_ui5_key":"applicationmanageconditionprice-display-component---newCondition--condValidTo"}]}
RESULT: {"script":"<script> [1562 bytes]","args":[{"selector":{"id":"application-manageconditionprice-display-component---newCondition--condValidTo","interaction":{"idSuffix":"inner"}},"wdio_ui5_key":"applicationmanageconditionprice-display-component---newCondition--condValidTo"}]}
RESULT: undefined
COMMAND: POST /session/e57c885b60fd8cf462a4cfca6f098091/execute/async - {"script":"<script> [776 bytes]","args":[{"enterText":"12/24/25","selector":{"id":"application-manageconditionprice-display-component---newCondition--condValidTo","interaction":{"idSuffix":"inner"}},"clearTextFirst":true,"interactionType":"ENTER_TEXT"}]}
RESULT: {"script":"<script> [776 bytes]","args":[{"enterText":"12/24/25","selector":{"id":"application-manageconditionprice-display-component---newCondition--condValidTo","interaction":{"idSuffix":"inner"}},"clearTextFirst":true,"interactionType":"ENTER_TEXT"}]}
COMMAND: POST /session/e57c885b60fd8cf462a4cfca6f098091/element - {"using":"xpath","value":"//input[@id=\"application-manageconditionprice-display-component---newCondition--condRU-inner\"]"}
RESULT: {"using":"xpath","value":"//input[@id=\"application-manageconditionprice-display-component---newCondition--condRU-inner\"]"}
COMMAND: POST /session/e57c885b60fd8cf462a4cfca6f098091/element/f.0BB93947CC1450395F5B257EF4D67E46.d.B1277B438DD98A7B4AC99268A790A350.e.19287/clear - {}
RESULT: {}
COMMAND: POST /session/e57c885b60fd8cf462a4cfca6f098091/element/f.0BB93947CC1450395F5B257EF4D67E46.d.B1277B438DD98A7B4AC99268A790A350.e.19287/value - {"text":"Ih1fhNG6g6"}
COMMAND: GET /session/e57c885b60fd8cf462a4cfca6f098091/screenshot - {}
RESULT: {"text":"Ih1fhNG6g6"}
COMMAND: GET /session/e57c885b60fd8cf462a4cfca6f098091/screenshot - {}
RESULT: {}
RESULT: {}
COMMAND: POST /session/e57c885b60fd8cf462a4cfca6f098091/actions - {"actions":[{"id":"action68","type":"key","parameters":{},"actions":[{"type":"keyDown","value":"î€‡"},{"type":"pause","duration":10},{"type":"keyUp","value":"î€‡"}]}]}
RESULT: {"actions":[{"id":"action68","type":"key","parameters":{},"actions":[{"type":"keyDown","value":"î€‡"},{"type":"pause","duration":10},{"type":"keyUp","value":"î€‡"}]}]}
COMMAND: POST /session/e57c885b60fd8cf462a4cfca6f098091/execute/async - {"script":"<script> [1562 bytes]","args":[{"selector":{"id":"application-manageconditionprice-display-component---newCondition--condBaseQty","interaction":{"idSuffix":"inner"}},"wdio_ui5_key":"applicationmanageconditionprice-display-component---newCondition--condBaseQty"}]}
COMMAND: GET /session/e57c885b60fd8cf462a4cfca6f098091/screenshot - {}
RESULT: {"script":"<script> [1562 bytes]","args":[{"selector":{"id":"application-manageconditionprice-display-component---newCondition--condBaseQty","interaction":{"idSuffix":"inner"}},"wdio_ui5_key":"applicationmanageconditionprice-display-component---newCondition--condBaseQty"}]}
RESULT: undefined
COMMAND: POST /session/e57c885b60fd8cf462a4cfca6f098091/execute/async - {"script":"<script> [776 bytes]","args":[{"enterText":"1","selector":{"id":"application-manageconditionprice-display-component---newCondition--condBaseQty","interaction":{"idSuffix":"inner"}},"clearTextFirst":true,"interactionType":"ENTER_TEXT"}]}
RESULT: {}
RESULT: {"script":"<script> [776 bytes]","args":[{"enterText":"1","selector":{"id":"application-manageconditionprice-display-component---newCondition--condBaseQty","interaction":{"idSuffix":"inner"}},"clearTextFirst":true,"interactionType":"ENTER_TEXT"}]}
COMMAND: POST /session/e57c885b60fd8cf462a4cfca6f098091/execute/async - {"script":"<script> [1562 bytes]","args":[{"selector":{"id":"application-manageconditionprice-display-component---newCondition--condValue","interaction":{"idSuffix":"inner"}},"wdio_ui5_key":"applicationmanageconditionprice-display-component---newCondition--condValue"}]}
RESULT: {"script":"<script> [1562 bytes]","args":[{"selector":{"id":"application-manageconditionprice-display-component---newCondition--condValue","interaction":{"idSuffix":"inner"}},"wdio_ui5_key":"applicationmanageconditionprice-display-component---newCondition--condValue"}]}
RESULT: undefined
COMMAND: POST /session/e57c885b60fd8cf462a4cfca6f098091/execute/async - {"script":"<script> [776 bytes]","args":[{"enterText":"100","selector":{"id":"application-manageconditionprice-display-component---newCondition--condValue","interaction":{"idSuffix":"inner"}},"clearTextFirst":true,"interactionType":"ENTER_TEXT"}]}
RESULT: {"script":"<script> [776 bytes]","args":[{"enterText":"100","selector":{"id":"application-manageconditionprice-display-component---newCondition--condValue","interaction":{"idSuffix":"inner"}},"clearTextFirst":true,"interactionType":"ENTER_TEXT"}]}
COMMAND: POST /session/e57c885b60fd8cf462a4cfca6f098091/execute/async - {"script":"<script> [1562 bytes]","args":[{"selector":{"id":"application-manageconditionprice-display-component---newCondition--condCurr-arrow"},"wdio_ui5_key":"applicationmanageconditionprice-display-component---newCondition--condCurr-arrow"}]}
RESULT: {"script":"<script> [1562 bytes]","args":[{"selector":{"id":"application-manageconditionprice-display-component---newCondition--condCurr-arrow"},"wdio_ui5_key":"applicationmanageconditionprice-display-component---newCondition--condCurr-arrow"}]}
RESULT: undefined
COMMAND: POST /session/e57c885b60fd8cf462a4cfca6f098091/element - {"using":"xpath","value":"//*[@id=\"application-manageconditionprice-display-component---newCondition--condCurr-arrow\"]"}
RESULT: {"using":"xpath","value":"//*[@id=\"application-manageconditionprice-display-component---newCondition--condCurr-arrow\"]"}
COMMAND: POST /session/e57c885b60fd8cf462a4cfca6f098091/element/f.0BB93947CC1450395F5B257EF4D67E46.d.B1277B438DD98A7B4AC99268A790A350.e.19395/click - {}
RESULT: {}
COMMAND: POST /session/e57c885b60fd8cf462a4cfca6f098091/element - {"using":"xpath","value":"//span[contains(text(), \"Euro\")]"}
COMMAND: GET /session/e57c885b60fd8cf462a4cfca6f098091/screenshot - {}
RESULT: {"using":"xpath","value":"//span[contains(text(), \"Euro\")]"}
COMMAND: POST /session/e57c885b60fd8cf462a4cfca6f098091/element/f.0BB93947CC1450395F5B257EF4D67E46.d.B1277B438DD98A7B4AC99268A790A350.e.19462/click - {}
RESULT: {}
RESULT: {}
COMMAND: POST /session/e57c885b60fd8cf462a4cfca6f098091/element - {"using":"xpath","value":"//button[@data-kt=\"saveButton\"]"}
COMMAND: GET /session/e57c885b60fd8cf462a4cfca6f098091/screenshot - {}
RESULT: {"using":"xpath","value":"//button[@data-kt=\"saveButton\"]"}
COMMAND: POST /session/e57c885b60fd8cf462a4cfca6f098091/element/f.0BB93947CC1450395F5B257EF4D67E46.d.B1277B438DD98A7B4AC99268A790A350.e.19396/click - {}
RESULT: {}
RESULT: {}
COMMAND: GET /session/e57c885b60fd8cf462a4cfca6f098091/screenshot - {}
RESULT: {}
COMMAND: POST /session/e57c885b60fd8cf462a4cfca6f098091/execute/async - {"script":"<script> [1562 bytes]","args":[{"selector":{"id":"application-manageconditionprice-display-component---conditions--smartFilterBar-btnBasicSearch","interaction":{"idSuffix":"I"}},"wdio_ui5_key":"applicationmanageconditionprice-display-component---conditions--smartFilterBar-btnBasicSearch"}]}
RESULT: {"script":"<script> [1562 bytes]","args":[{"selector":{"id":"application-manageconditionprice-display-component---conditions--smartFilterBar-btnBasicSearch","interaction":{"idSuffix":"I"}},"wdio_ui5_key":"applicationmanageconditionprice-display-component---conditions--smartFilterBar-btnBasicSearch"}]}
RESULT: undefined
COMMAND: POST /session/e57c885b60fd8cf462a4cfca6f098091/execute/async - {"script":"<script> [776 bytes]","args":[{"enterText":"Ih1fhNG6g6","selector":{"id":"application-manageconditionprice-display-component---conditions--smartFilterBar-btnBasicSearch","interaction":{"idSuffix":"I"}},"clearTextFirst":true,"interactionType":"ENTER_TEXT"}]}
RESULT: {"script":"<script> [776 bytes]","args":[{"enterText":"Ih1fhNG6g6","selector":{"id":"application-manageconditionprice-display-component---conditions--smartFilterBar-btnBasicSearch","interaction":{"idSuffix":"I"}},"clearTextFirst":true,"interactionType":"ENTER_TEXT"}]}
COMMAND: POST /session/e57c885b60fd8cf462a4cfca6f098091/actions - {"actions":[{"id":"action69","type":"key","parameters":{},"actions":[{"type":"keyDown","value":"î€‡"},{"type":"pause","duration":10},{"type":"keyUp","value":"î€‡"}]}]}
RESULT: {"actions":[{"id":"action69","type":"key","parameters":{},"actions":[{"type":"keyDown","value":"î€‡"},{"type":"pause","duration":10},{"type":"keyUp","value":"î€‡"}]}]}
COMMAND: GET /session/e57c885b60fd8cf462a4cfca6f098091/screenshot - {}
RESULT: {}
COMMAND: POST /session/e57c885b60fd8cf462a4cfca6f098091/execute/async - {"script":"<script> [1562 bytes]","args":[{"selector":{"id":"application-manageconditionprice-display-component---conditions--smartFilterBar-filterItemControl_BASIC-BILL_TYPES-vhi"},"wdio_ui5_key":"applicationmanageconditionprice-display-component---conditions--smartFilterBar-filterItemControl_BASIC-BILL_TYPES-vhi"}]}
RESULT: {"script":"<script> [1562 bytes]","args":[{"selector":{"id":"application-manageconditionprice-display-component---conditions--smartFilterBar-filterItemControl_BASIC-BILL_TYPES-vhi"},"wdio_ui5_key":"applicationmanageconditionprice-display-component---conditions--smartFilterBar-filterItemControl_BASIC-BILL_TYPES-vhi"}]}
RESULT: undefined
COMMAND: POST /session/e57c885b60fd8cf462a4cfca6f098091/element - {"using":"xpath","value":"//*[@id=\"application-manageconditionprice-display-component---conditions--smartFilterBar-filterItemControl_BASIC-BILL_TYPES-vhi\"]"}
RESULT: {"using":"xpath","value":"//*[@id=\"application-manageconditionprice-display-component---conditions--smartFilterBar-filterItemControl_BASIC-BILL_TYPES-vhi\"]"}
COMMAND: POST /session/e57c885b60fd8cf462a4cfca6f098091/element/f.0BB93947CC1450395F5B257EF4D67E46.d.B1277B438DD98A7B4AC99268A790A350.e.19478/click - {}
RESULT: {}
COMMAND: POST /session/e57c885b60fd8cf462a4cfca6f098091/execute/async - {"script":"<script> [1562 bytes]","args":[{"selector":{"id":"application-manageconditionprice-display-component---conditions--smartFilterBar-filterItemControl_BASIC-BILL_TYPES-valueHelpDialog-smartFilterBar-btnBasicSearch","searchOpenDialogs":true,"interaction":{"idSuffix":"I"}},"wdio_ui5_key":"applicationmanageconditionprice-display-component---conditions--smartFilterBar-filterItemControl_BASIC-BILL_TYPES-valueHelpDialog-smartFilterBar-btnBasicSearch"}]}
COMMAND: GET /session/e57c885b60fd8cf462a4cfca6f098091/screenshot - {}
RESULT: {"script":"<script> [1562 bytes]","args":[{"selector":{"id":"application-manageconditionprice-display-component---conditions--smartFilterBar-filterItemControl_BASIC-BILL_TYPES-valueHelpDialog-smartFilterBar-btnBasicSearch","searchOpenDialogs":true,"interaction":{"idSuffix":"I"}},"wdio_ui5_key":"applicationmanageconditionprice-display-component---conditions--smartFilterBar-filterItemControl_BASIC-BILL_TYPES-valueHelpDialog-smartFilterBar-btnBasicSearch"}]}
RESULT: undefined
COMMAND: POST /session/e57c885b60fd8cf462a4cfca6f098091/execute/async - {"script":"<script> [776 bytes]","args":[{"enterText":"TB","selector":{"id":"application-manageconditionprice-display-component---conditions--smartFilterBar-filterItemControl_BASIC-BILL_TYPES-valueHelpDialog-smartFilterBar-btnBasicSearch","searchOpenDialogs":true,"interaction":{"idSuffix":"I"}},"clearTextFirst":true,"interactionType":"ENTER_TEXT"}]}
RESULT: {}
RESULT: {"script":"<script> [776 bytes]","args":[{"enterText":"TB","selector":{"id":"application-manageconditionprice-display-component---conditions--smartFilterBar-filterItemControl_BASIC-BILL_TYPES-valueHelpDialog-smartFilterBar-btnBasicSearch","searchOpenDialogs":true,"interaction":{"idSuffix":"I"}},"clearTextFirst":true,"interactionType":"ENTER_TEXT"}]}
COMMAND: POST /session/e57c885b60fd8cf462a4cfca6f098091/actions - {"actions":[{"id":"action70","type":"key","parameters":{},"actions":[{"type":"keyDown","value":"î€‡"},{"type":"pause","duration":10},{"type":"keyUp","value":"î€‡"}]}]}
RESULT: {"actions":[{"id":"action70","type":"key","parameters":{},"actions":[{"type":"keyDown","value":"î€‡"},{"type":"pause","duration":10},{"type":"keyUp","value":"î€‡"}]}]}
COMMAND: GET /session/e57c885b60fd8cf462a4cfca6f098091/screenshot - {}
RESULT: {}
COMMAND: POST /session/e57c885b60fd8cf462a4cfca6f098091/element - {"using":"xpath","value":"//div[contains(@id, 'application-manageconditionprice-display-component---conditions--smartFilterBar-filterItemControl_BASIC-BILL_TYPES-valueHelpDialog-table-rowsel0')]"}
RESULT: {"using":"xpath","value":"//div[contains(@id, 'application-manageconditionprice-display-component---conditions--smartFilterBar-filterItemControl_BASIC-BILL_TYPES-valueHelpDialog-table-rowsel0')]"}
COMMAND: POST /session/e57c885b60fd8cf462a4cfca6f098091/element/f.0BB93947CC1450395F5B257EF4D67E46.d.B1277B438DD98A7B4AC99268A790A350.e.19487/click - {}
RESULT: {}
COMMAND: GET /session/e57c885b60fd8cf462a4cfca6f098091/screenshot - {}
RESULT: {}
COMMAND: POST /session/e57c885b60fd8cf462a4cfca6f098091/element - {"using":"xpath","value":"//bdi[contains(text(), \"OK\")]"}
RESULT: {"using":"xpath","value":"//bdi[contains(text(), \"OK\")]"}
COMMAND: POST /session/e57c885b60fd8cf462a4cfca6f098091/element/f.0BB93947CC1450395F5B257EF4D67E46.d.B1277B438DD98A7B4AC99268A790A350.e.19489/click - {}
RESULT: {}
COMMAND: GET /session/e57c885b60fd8cf462a4cfca6f098091/screenshot - {}
RESULT: {}
COMMAND: POST /session/e57c885b60fd8cf462a4cfca6f098091/element - {"using":"xpath","value":"//span[@id=\"application-manageconditionprice-display-component---conditions--smartTable-header-inner\"]"}
RESULT: {"using":"xpath","value":"//span[@id=\"application-manageconditionprice-display-component---conditions--smartTable-header-inner\"]"}
COMMAND: POST /session/e57c885b60fd8cf462a4cfca6f098091/elements - {"using":"xpath","value":"//span[@id=\"application-manageconditionprice-display-component---conditions--smartTable-header-inner\"]"}
RESULT: {"using":"xpath","value":"//span[@id=\"application-manageconditionprice-display-component---conditions--smartTable-header-inner\"]"}
COMMAND: POST /session/e57c885b60fd8cf462a4cfca6f098091/execute/sync - {"script":"<script> [56 bytes]","args":[{"element-6066-11e4-a52e-4f735466cecf":"f.0BB93947CC1450395F5B257EF4D67E46.d.B1277B438DD98A7B4AC99268A790A350.e.19492","ELEMENT":"f.0BB93947CC1450395F5B257EF4D67E46.d.B1277B438DD98A7B4AC99268A790A350.e.19492"}]}
RESULT: {"script":"<script> [56 bytes]","args":[{"element-6066-11e4-a52e-4f735466cecf":"f.0BB93947CC1450395F5B257EF4D67E46.d.B1277B438DD98A7B4AC99268A790A350.e.19492","ELEMENT":"f.0BB93947CC1450395F5B257EF4D67E46.d.B1277B438DD98A7B4AC99268A790A350.e.19492"}]}
COMMAND: POST /session/e57c885b60fd8cf462a4cfca6f098091/element - {"using":"css selector","value":"#shell-header-logo"}
COMMAND: GET /session/e57c885b60fd8cf462a4cfca6f098091/screenshot - {}
RESULT: {"using":"css selector","value":"#shell-header-logo"}
COMMAND: POST /session/e57c885b60fd8cf462a4cfca6f098091/element/f.0BB93947CC1450395F5B257EF4D67E46.d.B1277B438DD98A7B4AC99268A790A350.e.19209/click - {}
RESULT: {}
RESULT: {}
COMMAND: GET /session/e57c885b60fd8cf462a4cfca6f098091/screenshot - {}
RESULT: {}
]]></system-out>
    </testcase>
    <testcase classname="chrome.135_0_7049_96.windows.Billing_Calculation_-_Time_based_(considering_transport_times)_US139738" name="Should do a stock increase for both equipments" time="95.978">
      <system-out><![CDATA[
COMMAND: POST /session/e57c885b60fd8cf462a4cfca6f098091/execute/async - {"script":"<script> [1562 bytes]","args":[{"selector":{"controlType":"sap.m.Text","viewName":"etm.portal.ui.managehandoverstile.view.Master","properties":{"text":"Manage Handovers"},"interaction":{"idSuffix":"inner"}},"wdio_ui5_key":"etmportal.ui.managehandoverstile.view.Mastersap.m.Text{\"text\":\"Manage Handovers\"}"}]}
RESULT: {"script":"<script> [1562 bytes]","args":[{"selector":{"controlType":"sap.m.Text","viewName":"etm.portal.ui.managehandoverstile.view.Master","properties":{"text":"Manage Handovers"},"interaction":{"idSuffix":"inner"}},"wdio_ui5_key":"etmportal.ui.managehandoverstile.view.Mastersap.m.Text{\"text\":\"Manage Handovers\"}"}]}
RESULT: undefined
COMMAND: POST /session/e57c885b60fd8cf462a4cfca6f098091/element - {"using":"xpath","value":"//*[@id=\"__tile132-title\"]"}
RESULT: {"using":"xpath","value":"//*[@id=\"__tile132-title\"]"}
COMMAND: POST /session/e57c885b60fd8cf462a4cfca6f098091/element/f.0BB93947CC1450395F5B257EF4D67E46.d.B1277B438DD98A7B4AC99268A790A350.e.19497/click - {}
RESULT: {}
COMMAND: POST /session/e57c885b60fd8cf462a4cfca6f098091/element - {"using":"xpath","value":"//button[@data-kt=\"masterHOAddButton\"]"}
COMMAND: GET /session/e57c885b60fd8cf462a4cfca6f098091/screenshot - {}
RESULT: {"using":"xpath","value":"//button[@data-kt=\"masterHOAddButton\"]"}
COMMAND: POST /session/e57c885b60fd8cf462a4cfca6f098091/elements - {"using":"xpath","value":"//button[@data-kt=\"masterHOAddButton\"]"}
RESULT: {}
RESULT: {"using":"xpath","value":"//button[@data-kt=\"masterHOAddButton\"]"}
COMMAND: POST /session/e57c885b60fd8cf462a4cfca6f098091/elements - {"using":"xpath","value":"//button[@data-kt=\"masterHOAddButton\"]"}
RESULT: {"using":"xpath","value":"//button[@data-kt=\"masterHOAddButton\"]"}
COMMAND: POST /session/e57c885b60fd8cf462a4cfca6f098091/elements - {"using":"xpath","value":"//button[@data-kt=\"masterHOAddButton\"]"}
RESULT: {"using":"xpath","value":"//button[@data-kt=\"masterHOAddButton\"]"}
COMMAND: POST /session/e57c885b60fd8cf462a4cfca6f098091/elements - {"using":"xpath","value":"//button[@data-kt=\"masterHOAddButton\"]"}
RESULT: {"using":"xpath","value":"//button[@data-kt=\"masterHOAddButton\"]"}
COMMAND: POST /session/e57c885b60fd8cf462a4cfca6f098091/elements - {"using":"xpath","value":"//button[@data-kt=\"masterHOAddButton\"]"}
RESULT: {"using":"xpath","value":"//button[@data-kt=\"masterHOAddButton\"]"}
COMMAND: POST /session/e57c885b60fd8cf462a4cfca6f098091/elements - {"using":"xpath","value":"//button[@data-kt=\"masterHOAddButton\"]"}
RESULT: {"using":"xpath","value":"//button[@data-kt=\"masterHOAddButton\"]"}
COMMAND: POST /session/e57c885b60fd8cf462a4cfca6f098091/elements - {"using":"xpath","value":"//button[@data-kt=\"masterHOAddButton\"]"}
RESULT: {"using":"xpath","value":"//button[@data-kt=\"masterHOAddButton\"]"}
COMMAND: POST /session/e57c885b60fd8cf462a4cfca6f098091/elements - {"using":"xpath","value":"//button[@data-kt=\"masterHOAddButton\"]"}
RESULT: {"using":"xpath","value":"//button[@data-kt=\"masterHOAddButton\"]"}
COMMAND: POST /session/e57c885b60fd8cf462a4cfca6f098091/elements - {"using":"xpath","value":"//button[@data-kt=\"masterHOAddButton\"]"}
RESULT: {"using":"xpath","value":"//button[@data-kt=\"masterHOAddButton\"]"}
COMMAND: POST /session/e57c885b60fd8cf462a4cfca6f098091/elements - {"using":"xpath","value":"//button[@data-kt=\"masterHOAddButton\"]"}
RESULT: {"using":"xpath","value":"//button[@data-kt=\"masterHOAddButton\"]"}
COMMAND: POST /session/e57c885b60fd8cf462a4cfca6f098091/elements - {"using":"xpath","value":"//button[@data-kt=\"masterHOAddButton\"]"}
RESULT: {"using":"xpath","value":"//button[@data-kt=\"masterHOAddButton\"]"}
COMMAND: POST /session/e57c885b60fd8cf462a4cfca6f098091/elements - {"using":"xpath","value":"//button[@data-kt=\"masterHOAddButton\"]"}
RESULT: {"using":"xpath","value":"//button[@data-kt=\"masterHOAddButton\"]"}
COMMAND: POST /session/e57c885b60fd8cf462a4cfca6f098091/elements - {"using":"xpath","value":"//button[@data-kt=\"masterHOAddButton\"]"}
RESULT: {"using":"xpath","value":"//button[@data-kt=\"masterHOAddButton\"]"}
COMMAND: POST /session/e57c885b60fd8cf462a4cfca6f098091/elements - {"using":"xpath","value":"//button[@data-kt=\"masterHOAddButton\"]"}
RESULT: {"using":"xpath","value":"//button[@data-kt=\"masterHOAddButton\"]"}
COMMAND: POST /session/e57c885b60fd8cf462a4cfca6f098091/elements - {"using":"xpath","value":"//button[@data-kt=\"masterHOAddButton\"]"}
RESULT: {"using":"xpath","value":"//button[@data-kt=\"masterHOAddButton\"]"}
COMMAND: POST /session/e57c885b60fd8cf462a4cfca6f098091/element - {"using":"xpath","value":"//button[@data-kt=\"masterHOAddButton\"]"}
RESULT: {"using":"xpath","value":"//button[@data-kt=\"masterHOAddButton\"]"}
COMMAND: POST /session/e57c885b60fd8cf462a4cfca6f098091/execute/sync - {"script":"<script> [8489 bytes]","args":[{"element-6066-11e4-a52e-4f735466cecf":"f.0BB93947CC1450395F5B257EF4D67E46.d.B1277B438DD98A7B4AC99268A790A350.e.19527","ELEMENT":"f.0BB93947CC1450395F5B257EF4D67E46.d.B1277B438DD98A7B4AC99268A790A350.e.19527"}]}
RESULT: {"script":"<script> [8489 bytes]","args":[{"element-6066-11e4-a52e-4f735466cecf":"f.0BB93947CC1450395F5B257EF4D67E46.d.B1277B438DD98A7B4AC99268A790A350.e.19527","ELEMENT":"f.0BB93947CC1450395F5B257EF4D67E46.d.B1277B438DD98A7B4AC99268A790A350.e.19527"}]}
COMMAND: GET /session/e57c885b60fd8cf462a4cfca6f098091/element/f.0BB93947CC1450395F5B257EF4D67E46.d.B1277B438DD98A7B4AC99268A790A350.e.19527/enabled - {}
COMMAND: GET /session/e57c885b60fd8cf462a4cfca6f098091/screenshot - {}
RESULT: {}
COMMAND: POST /session/e57c885b60fd8cf462a4cfca6f098091/execute/sync - {"script":"<script> [8489 bytes]","args":[{"element-6066-11e4-a52e-4f735466cecf":"f.0BB93947CC1450395F5B257EF4D67E46.d.B1277B438DD98A7B4AC99268A790A350.e.19527","ELEMENT":"f.0BB93947CC1450395F5B257EF4D67E46.d.B1277B438DD98A7B4AC99268A790A350.e.19527"}]}
COMMAND: GET /session/e57c885b60fd8cf462a4cfca6f098091/screenshot - {}
RESULT: {}
RESULT: {"script":"<script> [8489 bytes]","args":[{"element-6066-11e4-a52e-4f735466cecf":"f.0BB93947CC1450395F5B257EF4D67E46.d.B1277B438DD98A7B4AC99268A790A350.e.19527","ELEMENT":"f.0BB93947CC1450395F5B257EF4D67E46.d.B1277B438DD98A7B4AC99268A790A350.e.19527"}]}
COMMAND: POST /session/e57c885b60fd8cf462a4cfca6f098091/execute/sync - {"script":"<script> [5351 bytes]","args":[{"element-6066-11e4-a52e-4f735466cecf":"f.0BB93947CC1450395F5B257EF4D67E46.d.B1277B438DD98A7B4AC99268A790A350.e.19527","ELEMENT":"f.0BB93947CC1450395F5B257EF4D67E46.d.B1277B438DD98A7B4AC99268A790A350.e.19527"}]}
COMMAND: GET /session/e57c885b60fd8cf462a4cfca6f098091/screenshot - {}
RESULT: {}
RESULT: {"script":"<script> [5351 bytes]","args":[{"element-6066-11e4-a52e-4f735466cecf":"f.0BB93947CC1450395F5B257EF4D67E46.d.B1277B438DD98A7B4AC99268A790A350.e.19527","ELEMENT":"f.0BB93947CC1450395F5B257EF4D67E46.d.B1277B438DD98A7B4AC99268A790A350.e.19527"}]}
COMMAND: POST /session/e57c885b60fd8cf462a4cfca6f098091/element/f.0BB93947CC1450395F5B257EF4D67E46.d.B1277B438DD98A7B4AC99268A790A350.e.19527/click - {}
COMMAND: GET /session/e57c885b60fd8cf462a4cfca6f098091/screenshot - {}
RESULT: {}
RESULT: {}
COMMAND: GET /session/e57c885b60fd8cf462a4cfca6f098091/screenshot - {}
RESULT: {}
RESULT: {}
COMMAND: POST /session/e57c885b60fd8cf462a4cfca6f098091/element - {"using":"xpath","value":"//span[contains(@id ,\"AddNewHO--typeSelect-arrow\")]"}
RESULT: {"using":"xpath","value":"//span[contains(@id ,\"AddNewHO--typeSelect-arrow\")]"}
COMMAND: POST /session/e57c885b60fd8cf462a4cfca6f098091/element/f.0BB93947CC1450395F5B257EF4D67E46.d.B1277B438DD98A7B4AC99268A790A350.e.19892/click - {}
RESULT: {}
COMMAND: GET /session/e57c885b60fd8cf462a4cfca6f098091/screenshot - {}
RESULT: {}
COMMAND: POST /session/e57c885b60fd8cf462a4cfca6f098091/element - {"using":"xpath","value":"(//li[contains(text(), \"stock increase yard\")])[1]"}
RESULT: {"using":"xpath","value":"(//li[contains(text(), \"stock increase yard\")])[1]"}
COMMAND: POST /session/e57c885b60fd8cf462a4cfca6f098091/element/f.0BB93947CC1450395F5B257EF4D67E46.d.B1277B438DD98A7B4AC99268A790A350.e.19893/click - {}
RESULT: {}
COMMAND: GET /session/e57c885b60fd8cf462a4cfca6f098091/screenshot - {}
RESULT: {}
COMMAND: POST /session/e57c885b60fd8cf462a4cfca6f098091/execute/async - {"script":"<script> [1562 bytes]","args":[{"selector":{"id":"application-managehandovers-display-component---AddNewHO--dueDate","interaction":{"idSuffix":"inner"}},"wdio_ui5_key":"applicationmanagehandovers-display-component---AddNewHO--dueDate"}]}
RESULT: {"script":"<script> [1562 bytes]","args":[{"selector":{"id":"application-managehandovers-display-component---AddNewHO--dueDate","interaction":{"idSuffix":"inner"}},"wdio_ui5_key":"applicationmanagehandovers-display-component---AddNewHO--dueDate"}]}
RESULT: undefined
COMMAND: POST /session/e57c885b60fd8cf462a4cfca6f098091/execute/async - {"script":"<script> [6424 bytes]","args":[{"element-6066-11e4-a52e-4f735466cecf":"f.0BB93947CC1450395F5B257EF4D67E46.d.B1277B438DD98A7B4AC99268A790A350.e.19897"},"setValue",["04/24/2025"]]}
RESULT: {"script":"<script> [6424 bytes]","args":[{"element-6066-11e4-a52e-4f735466cecf":"f.0BB93947CC1450395F5B257EF4D67E46.d.B1277B438DD98A7B4AC99268A790A350.e.19897"},"setValue",["04/24/2025"]]}
COMMAND: POST /session/e57c885b60fd8cf462a4cfca6f098091/element - {"using":"xpath","value":"//input[@id=\"generalSectionFrg--receiveYard-inner\"]"}
RESULT: {"using":"xpath","value":"//input[@id=\"generalSectionFrg--receiveYard-inner\"]"}
COMMAND: POST /session/e57c885b60fd8cf462a4cfca6f098091/element/f.0BB93947CC1450395F5B257EF4D67E46.d.B1277B438DD98A7B4AC99268A790A350.e.19903/clear - {}
RESULT: {}
COMMAND: POST /session/e57c885b60fd8cf462a4cfca6f098091/element/f.0BB93947CC1450395F5B257EF4D67E46.d.B1277B438DD98A7B4AC99268A790A350.e.19903/value - {"text":"799"}
COMMAND: GET /session/e57c885b60fd8cf462a4cfca6f098091/screenshot - {}
RESULT: {"text":"799"}
COMMAND: GET /session/e57c885b60fd8cf462a4cfca6f098091/screenshot - {}
RESULT: {}
RESULT: {}
COMMAND: POST /session/e57c885b60fd8cf462a4cfca6f098091/element - {"using":"xpath","value":"//li[.//span[text()='799']]"}
RESULT: {"using":"xpath","value":"//li[.//span[text()='799']]"}
COMMAND: POST /session/e57c885b60fd8cf462a4cfca6f098091/element/f.0BB93947CC1450395F5B257EF4D67E46.d.B1277B438DD98A7B4AC99268A790A350.e.19918/click - {}
RESULT: {}
COMMAND: GET /session/e57c885b60fd8cf462a4cfca6f098091/screenshot - {}
RESULT: {}
COMMAND: POST /session/e57c885b60fd8cf462a4cfca6f098091/execute/async - {"script":"<script> [1562 bytes]","args":[{"selector":{"id":"application-managehandovers-display-component---AddNewHO--ObjectPageLayout-anchBar-application-managehandovers-display-component---AddNewHO--section4-anchor","interaction":{"idSuffix":"BDI-content"}},"wdio_ui5_key":"applicationmanagehandovers-display-component---AddNewHO--ObjectPageLayout-anchBar-application-managehandovers-display-component---AddNewHO--section4-anchor"}]}
RESULT: {"script":"<script> [1562 bytes]","args":[{"selector":{"id":"application-managehandovers-display-component---AddNewHO--ObjectPageLayout-anchBar-application-managehandovers-display-component---AddNewHO--section4-anchor","interaction":{"idSuffix":"BDI-content"}},"wdio_ui5_key":"applicationmanagehandovers-display-component---AddNewHO--ObjectPageLayout-anchBar-application-managehandovers-display-component---AddNewHO--section4-anchor"}]}
RESULT: undefined
COMMAND: POST /session/e57c885b60fd8cf462a4cfca6f098091/element - {"using":"xpath","value":"//*[@id=\"application-managehandovers-display-component---AddNewHO--ObjectPageLayout-anchBar-application-managehandovers-display-component---AddNewHO--section4-anchor\"]"}
RESULT: {"using":"xpath","value":"//*[@id=\"application-managehandovers-display-component---AddNewHO--ObjectPageLayout-anchBar-application-managehandovers-display-component---AddNewHO--section4-anchor\"]"}
COMMAND: POST /session/e57c885b60fd8cf462a4cfca6f098091/element/f.0BB93947CC1450395F5B257EF4D67E46.d.B1277B438DD98A7B4AC99268A790A350.e.19920/click - {}
RESULT: {}
COMMAND: POST /session/e57c885b60fd8cf462a4cfca6f098091/element - {"using":"xpath","value":"//button[@aria-label=\"Add\"]"}
COMMAND: GET /session/e57c885b60fd8cf462a4cfca6f098091/screenshot - {}
RESULT: {"using":"xpath","value":"//button[@aria-label=\"Add\"]"}
COMMAND: POST /session/e57c885b60fd8cf462a4cfca6f098091/element/f.0BB93947CC1450395F5B257EF4D67E46.d.B1277B438DD98A7B4AC99268A790A350.e.19924/click - {}
RESULT: {}
RESULT: {}
COMMAND: GET /session/e57c885b60fd8cf462a4cfca6f098091/screenshot - {}
RESULT: {}
COMMAND: POST /session/e57c885b60fd8cf462a4cfca6f098091/execute/async - {"script":"<script> [1562 bytes]","args":[{"selector":{"id":"application-managehandovers-display-component---AddNewHO--smartFilterBar-btnBasicSearch","searchOpenDialogs":true,"interaction":{"idSuffix":"I"}},"wdio_ui5_key":"applicationmanagehandovers-display-component---AddNewHO--smartFilterBar-btnBasicSearch"}]}
RESULT: {"script":"<script> [1562 bytes]","args":[{"selector":{"id":"application-managehandovers-display-component---AddNewHO--smartFilterBar-btnBasicSearch","searchOpenDialogs":true,"interaction":{"idSuffix":"I"}},"wdio_ui5_key":"applicationmanagehandovers-display-component---AddNewHO--smartFilterBar-btnBasicSearch"}]}
RESULT: undefined
COMMAND: POST /session/e57c885b60fd8cf462a4cfca6f098091/execute/async - {"script":"<script> [776 bytes]","args":[{"enterText":"Ih1fhNG6g6","selector":{"id":"application-managehandovers-display-component---AddNewHO--smartFilterBar-btnBasicSearch","searchOpenDialogs":true,"interaction":{"idSuffix":"I"}},"clearTextFirst":true,"interactionType":"ENTER_TEXT"}]}
RESULT: {"script":"<script> [776 bytes]","args":[{"enterText":"Ih1fhNG6g6","selector":{"id":"application-managehandovers-display-component---AddNewHO--smartFilterBar-btnBasicSearch","searchOpenDialogs":true,"interaction":{"idSuffix":"I"}},"clearTextFirst":true,"interactionType":"ENTER_TEXT"}]}
COMMAND: POST /session/e57c885b60fd8cf462a4cfca6f098091/actions - {"actions":[{"id":"action71","type":"key","parameters":{},"actions":[{"type":"keyDown","value":"î€‡"},{"type":"pause","duration":10},{"type":"keyUp","value":"î€‡"}]}]}
RESULT: {"actions":[{"id":"action71","type":"key","parameters":{},"actions":[{"type":"keyDown","value":"î€‡"},{"type":"pause","duration":10},{"type":"keyUp","value":"î€‡"}]}]}
COMMAND: GET /session/e57c885b60fd8cf462a4cfca6f098091/screenshot - {}
RESULT: {}
COMMAND: POST /session/e57c885b60fd8cf462a4cfca6f098091/execute/async - {"script":"<script> [1562 bytes]","args":[{"selector":{"id":"application-managehandovers-display-component---AddNewHO--popup-sa","searchOpenDialogs":true,"interaction":{"idSuffix":"CbBg"}},"wdio_ui5_key":"applicationmanagehandovers-display-component---AddNewHO--popup-sa"}]}
RESULT: {"script":"<script> [1562 bytes]","args":[{"selector":{"id":"application-managehandovers-display-component---AddNewHO--popup-sa","searchOpenDialogs":true,"interaction":{"idSuffix":"CbBg"}},"wdio_ui5_key":"applicationmanagehandovers-display-component---AddNewHO--popup-sa"}]}
RESULT: undefined
COMMAND: POST /session/e57c885b60fd8cf462a4cfca6f098091/element - {"using":"xpath","value":"//*[@id=\"application-managehandovers-display-component---AddNewHO--popup-sa\"]"}
RESULT: {"using":"xpath","value":"//*[@id=\"application-managehandovers-display-component---AddNewHO--popup-sa\"]"}
COMMAND: POST /session/e57c885b60fd8cf462a4cfca6f098091/element/f.0BB93947CC1450395F5B257EF4D67E46.d.B1277B438DD98A7B4AC99268A790A350.e.20078/click - {}
RESULT: {}
COMMAND: GET /session/e57c885b60fd8cf462a4cfca6f098091/screenshot - {}
RESULT: {}
COMMAND: POST /session/e57c885b60fd8cf462a4cfca6f098091/element - {"using":"xpath","value":"//bdi[contains(text(), \"Select\")]"}
RESULT: {"using":"xpath","value":"//bdi[contains(text(), \"Select\")]"}
COMMAND: POST /session/e57c885b60fd8cf462a4cfca6f098091/element/f.0BB93947CC1450395F5B257EF4D67E46.d.B1277B438DD98A7B4AC99268A790A350.e.20079/click - {}
RESULT: {}
COMMAND: GET /session/e57c885b60fd8cf462a4cfca6f098091/screenshot - {}
RESULT: {}
COMMAND: POST /session/e57c885b60fd8cf462a4cfca6f098091/element - {"using":"xpath","value":"//button[@data-kt=\"AddNewHOSaveButton\"]"}
RESULT: {"using":"xpath","value":"//button[@data-kt=\"AddNewHOSaveButton\"]"}
COMMAND: POST /session/e57c885b60fd8cf462a4cfca6f098091/element/f.0BB93947CC1450395F5B257EF4D67E46.d.B1277B438DD98A7B4AC99268A790A350.e.20083/click - {}
RESULT: {}
COMMAND: GET /session/e57c885b60fd8cf462a4cfca6f098091/screenshot - {}
RESULT: {}
COMMAND: POST /session/e57c885b60fd8cf462a4cfca6f098091/execute/async - {"script":"<script> [1562 bytes]","args":[{"selector":{"id":"receiptDatePicker","viewName":"etm.portal.ui.managehandovers.view.DetailExecuteHO","interaction":{"idSuffix":"inner"}},"wdio_ui5_key":"receiptDatePickeretmportal.ui.managehandovers.view.DetailExecuteHO"}]}
RESULT: {"script":"<script> [1562 bytes]","args":[{"selector":{"id":"receiptDatePicker","viewName":"etm.portal.ui.managehandovers.view.DetailExecuteHO","interaction":{"idSuffix":"inner"}},"wdio_ui5_key":"receiptDatePickeretmportal.ui.managehandovers.view.DetailExecuteHO"}]}
RESULT: undefined
COMMAND: POST /session/e57c885b60fd8cf462a4cfca6f098091/execute/async - {"script":"<script> [6424 bytes]","args":[{"element-6066-11e4-a52e-4f735466cecf":"f.0BB93947CC1450395F5B257EF4D67E46.d.B1277B438DD98A7B4AC99268A790A350.e.20114"},"setValue",["04/24/2025"]]}
RESULT: {"script":"<script> [6424 bytes]","args":[{"element-6066-11e4-a52e-4f735466cecf":"f.0BB93947CC1450395F5B257EF4D67E46.d.B1277B438DD98A7B4AC99268A790A350.e.20114"},"setValue",["04/24/2025"]]}
COMMAND: POST /session/e57c885b60fd8cf462a4cfca6f098091/element - {"using":"xpath","value":"//button[@data-kt=\"PickingTableConfirmAllButton\"]"}
RESULT: {"using":"xpath","value":"//button[@data-kt=\"PickingTableConfirmAllButton\"]"}
COMMAND: POST /session/e57c885b60fd8cf462a4cfca6f098091/element/f.0BB93947CC1450395F5B257EF4D67E46.d.B1277B438DD98A7B4AC99268A790A350.e.20129/click - {}
RESULT: {}
COMMAND: GET /session/e57c885b60fd8cf462a4cfca6f098091/screenshot - {}
RESULT: {}
COMMAND: POST /session/e57c885b60fd8cf462a4cfca6f098091/element - {"using":"xpath","value":"//bdi[contains(text(), \"OK\")]"}
RESULT: {"using":"xpath","value":"//bdi[contains(text(), \"OK\")]"}
COMMAND: POST /session/e57c885b60fd8cf462a4cfca6f098091/element/f.0BB93947CC1450395F5B257EF4D67E46.d.B1277B438DD98A7B4AC99268A790A350.e.20131/click - {}
RESULT: {}
COMMAND: GET /session/e57c885b60fd8cf462a4cfca6f098091/screenshot - {}
RESULT: {}
COMMAND: POST /session/e57c885b60fd8cf462a4cfca6f098091/element - {"using":"xpath","value":"(//bdi[contains(text(), \"Receive\")])[2]"}
RESULT: {"using":"xpath","value":"(//bdi[contains(text(), \"Receive\")])[2]"}
COMMAND: POST /session/e57c885b60fd8cf462a4cfca6f098091/element/f.0BB93947CC1450395F5B257EF4D67E46.d.B1277B438DD98A7B4AC99268A790A350.e.20133/click - {}
RESULT: {}
COMMAND: GET /session/e57c885b60fd8cf462a4cfca6f098091/screenshot - {}
RESULT: {}
COMMAND: POST /session/e57c885b60fd8cf462a4cfca6f098091/element - {"using":"css selector","value":"#shell-header-logo"}
RESULT: {"using":"css selector","value":"#shell-header-logo"}
COMMAND: POST /session/e57c885b60fd8cf462a4cfca6f098091/element/f.0BB93947CC1450395F5B257EF4D67E46.d.B1277B438DD98A7B4AC99268A790A350.e.19499/click - {}
RESULT: {}
COMMAND: GET /session/e57c885b60fd8cf462a4cfca6f098091/screenshot - {}
RESULT: {}
]]></system-out>
    </testcase>
    <testcase classname="chrome.135_0_7049_96.windows.Billing_Calculation_-_Time_based_(considering_transport_times)_US139738" name="Should create a new contract" time="69.526">
      <system-out><![CDATA[
COMMAND: POST /session/e57c885b60fd8cf462a4cfca6f098091/execute/async - {"script":"<script> [1562 bytes]","args":[{"selector":{"controlType":"sap.m.Text","viewName":"etm.portal.ui.managecontractstile.view.Master","properties":{"text":"Manage Contracts"},"interaction":{"idSuffix":"inner"}},"wdio_ui5_key":"etmportal.ui.managecontractstile.view.Mastersap.m.Text{\"text\":\"Manage Contracts\"}"}]}
RESULT: {"script":"<script> [1562 bytes]","args":[{"selector":{"controlType":"sap.m.Text","viewName":"etm.portal.ui.managecontractstile.view.Master","properties":{"text":"Manage Contracts"},"interaction":{"idSuffix":"inner"}},"wdio_ui5_key":"etmportal.ui.managecontractstile.view.Mastersap.m.Text{\"text\":\"Manage Contracts\"}"}]}
RESULT: undefined
COMMAND: POST /session/e57c885b60fd8cf462a4cfca6f098091/element - {"using":"xpath","value":"//*[@id=\"__tile130-title\"]"}
RESULT: {"using":"xpath","value":"//*[@id=\"__tile130-title\"]"}
COMMAND: POST /session/e57c885b60fd8cf462a4cfca6f098091/element/f.0BB93947CC1450395F5B257EF4D67E46.d.B1277B438DD98A7B4AC99268A790A350.e.20296/click - {}
RESULT: {}
COMMAND: GET /session/e57c885b60fd8cf462a4cfca6f098091/screenshot - {}
COMMAND: POST /session/e57c885b60fd8cf462a4cfca6f098091/element - {"using":"xpath","value":"//button[@data-kt=\"addButton\"]"}
RESULT: {}
RESULT: undefined
RESULT: {"using":"xpath","value":"//button[@data-kt=\"addButton\"]"}
COMMAND: POST /session/e57c885b60fd8cf462a4cfca6f098091/elements - {"using":"xpath","value":"//button[@data-kt=\"addButton\"]"}
RESULT: {"using":"xpath","value":"//button[@data-kt=\"addButton\"]"}
COMMAND: POST /session/e57c885b60fd8cf462a4cfca6f098091/execute/sync - {"script":"<script> [8489 bytes]","args":[{"element-6066-11e4-a52e-4f735466cecf":"f.0BB93947CC1450395F5B257EF4D67E46.d.B1277B438DD98A7B4AC99268A790A350.e.20338","ELEMENT":"f.0BB93947CC1450395F5B257EF4D67E46.d.B1277B438DD98A7B4AC99268A790A350.e.20338"}]}
RESULT: {"script":"<script> [8489 bytes]","args":[{"element-6066-11e4-a52e-4f735466cecf":"f.0BB93947CC1450395F5B257EF4D67E46.d.B1277B438DD98A7B4AC99268A790A350.e.20338","ELEMENT":"f.0BB93947CC1450395F5B257EF4D67E46.d.B1277B438DD98A7B4AC99268A790A350.e.20338"}]}
COMMAND: GET /session/e57c885b60fd8cf462a4cfca6f098091/element/f.0BB93947CC1450395F5B257EF4D67E46.d.B1277B438DD98A7B4AC99268A790A350.e.20338/enabled - {}
COMMAND: GET /session/e57c885b60fd8cf462a4cfca6f098091/screenshot - {}
RESULT: {}
COMMAND: POST /session/e57c885b60fd8cf462a4cfca6f098091/execute/sync - {"script":"<script> [8489 bytes]","args":[{"element-6066-11e4-a52e-4f735466cecf":"f.0BB93947CC1450395F5B257EF4D67E46.d.B1277B438DD98A7B4AC99268A790A350.e.20338","ELEMENT":"f.0BB93947CC1450395F5B257EF4D67E46.d.B1277B438DD98A7B4AC99268A790A350.e.20338"}]}
COMMAND: GET /session/e57c885b60fd8cf462a4cfca6f098091/screenshot - {}
RESULT: {}
RESULT: {"script":"<script> [8489 bytes]","args":[{"element-6066-11e4-a52e-4f735466cecf":"f.0BB93947CC1450395F5B257EF4D67E46.d.B1277B438DD98A7B4AC99268A790A350.e.20338","ELEMENT":"f.0BB93947CC1450395F5B257EF4D67E46.d.B1277B438DD98A7B4AC99268A790A350.e.20338"}]}
COMMAND: POST /session/e57c885b60fd8cf462a4cfca6f098091/execute/sync - {"script":"<script> [5351 bytes]","args":[{"element-6066-11e4-a52e-4f735466cecf":"f.0BB93947CC1450395F5B257EF4D67E46.d.B1277B438DD98A7B4AC99268A790A350.e.20338","ELEMENT":"f.0BB93947CC1450395F5B257EF4D67E46.d.B1277B438DD98A7B4AC99268A790A350.e.20338"}]}
COMMAND: GET /session/e57c885b60fd8cf462a4cfca6f098091/screenshot - {}
RESULT: {}
RESULT: {"script":"<script> [5351 bytes]","args":[{"element-6066-11e4-a52e-4f735466cecf":"f.0BB93947CC1450395F5B257EF4D67E46.d.B1277B438DD98A7B4AC99268A790A350.e.20338","ELEMENT":"f.0BB93947CC1450395F5B257EF4D67E46.d.B1277B438DD98A7B4AC99268A790A350.e.20338"}]}
COMMAND: GET /session/e57c885b60fd8cf462a4cfca6f098091/screenshot - {}
RESULT: {}
RESULT: {}
COMMAND: POST /session/e57c885b60fd8cf462a4cfca6f098091/element/f.0BB93947CC1450395F5B257EF4D67E46.d.B1277B438DD98A7B4AC99268A790A350.e.20338/click - {}
RESULT: {}
COMMAND: GET /session/e57c885b60fd8cf462a4cfca6f098091/screenshot - {}
COMMAND: POST /session/e57c885b60fd8cf462a4cfca6f098091/execute/async - {"script":"<script> [1562 bytes]","args":[{"selector":{"id":"application-managecontracts-display-component---AddNewContract--projectDescription","interaction":{"idSuffix":"inner"}},"wdio_ui5_key":"applicationmanagecontracts-display-component---AddNewContract--projectDescription"}]}
RESULT: {}
RESULT: {"script":"<script> [1562 bytes]","args":[{"selector":{"id":"application-managecontracts-display-component---AddNewContract--projectDescription","interaction":{"idSuffix":"inner"}},"wdio_ui5_key":"applicationmanagecontracts-display-component---AddNewContract--projectDescription"}]}
RESULT: undefined
COMMAND: POST /session/e57c885b60fd8cf462a4cfca6f098091/execute/async - {"script":"<script> [776 bytes]","args":[{"enterText":"Contract WDIO","selector":{"id":"application-managecontracts-display-component---AddNewContract--projectDescription","interaction":{"idSuffix":"inner"}},"clearTextFirst":true,"interactionType":"ENTER_TEXT"}]}
RESULT: {"script":"<script> [776 bytes]","args":[{"enterText":"Contract WDIO","selector":{"id":"application-managecontracts-display-component---AddNewContract--projectDescription","interaction":{"idSuffix":"inner"}},"clearTextFirst":true,"interactionType":"ENTER_TEXT"}]}
COMMAND: POST /session/e57c885b60fd8cf462a4cfca6f098091/element - {"using":"xpath","value":"//input[@id=\"application-managecontracts-display-component---AddNewContract--site-inner\"]"}
RESULT: {"using":"xpath","value":"//input[@id=\"application-managecontracts-display-component---AddNewContract--site-inner\"]"}
COMMAND: POST /session/e57c885b60fd8cf462a4cfca6f098091/element/f.0BB93947CC1450395F5B257EF4D67E46.d.B1277B438DD98A7B4AC99268A790A350.e.20682/clear - {}
RESULT: {}
COMMAND: POST /session/e57c885b60fd8cf462a4cfca6f098091/element/f.0BB93947CC1450395F5B257EF4D67E46.d.B1277B438DD98A7B4AC99268A790A350.e.20682/value - {"text":"2597"}
COMMAND: GET /session/e57c885b60fd8cf462a4cfca6f098091/screenshot - {}
RESULT: {"text":"2597"}
COMMAND: GET /session/e57c885b60fd8cf462a4cfca6f098091/screenshot - {}
RESULT: {}
RESULT: {}
COMMAND: POST /session/e57c885b60fd8cf462a4cfca6f098091/element - {"using":"xpath","value":"//li[.//span[text()='2597']]"}
RESULT: {"using":"xpath","value":"//li[.//span[text()='2597']]"}
COMMAND: POST /session/e57c885b60fd8cf462a4cfca6f098091/element/f.0BB93947CC1450395F5B257EF4D67E46.d.B1277B438DD98A7B4AC99268A790A350.e.20705/click - {}
RESULT: {}
COMMAND: GET /session/e57c885b60fd8cf462a4cfca6f098091/screenshot - {}
RESULT: {}
COMMAND: POST /session/e57c885b60fd8cf462a4cfca6f098091/element - {"using":"xpath","value":"//input[@id=\"application-managecontracts-display-component---AddNewContract--yardId-inner\"]"}
RESULT: {"using":"xpath","value":"//input[@id=\"application-managecontracts-display-component---AddNewContract--yardId-inner\"]"}
COMMAND: GET /session/e57c885b60fd8cf462a4cfca6f098091/element/f.0BB93947CC1450395F5B257EF4D67E46.d.B1277B438DD98A7B4AC99268A790A350.e.20683/property/value - {}
RESULT: {}
COMMAND: POST /session/e57c885b60fd8cf462a4cfca6f098091/element - {"using":"xpath","value":"//input[@id=\"application-managecontracts-display-component---AddNewContract--customerSelect-inner\"]"}
COMMAND: GET /session/e57c885b60fd8cf462a4cfca6f098091/screenshot - {}
RESULT: {"using":"xpath","value":"//input[@id=\"application-managecontracts-display-component---AddNewContract--customerSelect-inner\"]"}
COMMAND: POST /session/e57c885b60fd8cf462a4cfca6f098091/element/f.0BB93947CC1450395F5B257EF4D67E46.d.B1277B438DD98A7B4AC99268A790A350.e.20681/clear - {}
RESULT: {}
RESULT: {}
COMMAND: POST /session/e57c885b60fd8cf462a4cfca6f098091/element/f.0BB93947CC1450395F5B257EF4D67E46.d.B1277B438DD98A7B4AC99268A790A350.e.20681/value - {"text":"1639"}
COMMAND: GET /session/e57c885b60fd8cf462a4cfca6f098091/screenshot - {}
RESULT: {"text":"1639"}
COMMAND: GET /session/e57c885b60fd8cf462a4cfca6f098091/screenshot - {}
RESULT: {}
RESULT: {}
COMMAND: POST /session/e57c885b60fd8cf462a4cfca6f098091/element - {"using":"xpath","value":"//li[.//span[text()='1639']]"}
RESULT: {"using":"xpath","value":"//li[.//span[text()='1639']]"}
COMMAND: POST /session/e57c885b60fd8cf462a4cfca6f098091/element/f.0BB93947CC1450395F5B257EF4D67E46.d.B1277B438DD98A7B4AC99268A790A350.e.20708/click - {}
RESULT: {}
COMMAND: GET /session/e57c885b60fd8cf462a4cfca6f098091/screenshot - {}
RESULT: {}
COMMAND: POST /session/e57c885b60fd8cf462a4cfca6f098091/element - {"using":"xpath","value":"//button[@data-kt=\"saveButton\"]"}
RESULT: {"using":"xpath","value":"//button[@data-kt=\"saveButton\"]"}
COMMAND: POST /session/e57c885b60fd8cf462a4cfca6f098091/element/f.0BB93947CC1450395F5B257EF4D67E46.d.B1277B438DD98A7B4AC99268A790A350.e.20696/click - {}
RESULT: {}
COMMAND: GET /session/e57c885b60fd8cf462a4cfca6f098091/screenshot - {}
RESULT: {}
COMMAND: POST /session/e57c885b60fd8cf462a4cfca6f098091/element - {"using":"xpath","value":"//span[contains(@id ,\"contractDetailTitleNoExpanded\")]"}
RESULT: {"using":"xpath","value":"//span[contains(@id ,\"contractDetailTitleNoExpanded\")]"}
COMMAND: POST /session/e57c885b60fd8cf462a4cfca6f098091/elements - {"using":"xpath","value":"//span[contains(@id ,\"contractDetailTitleNoExpanded\")]"}
RESULT: {"using":"xpath","value":"//span[contains(@id ,\"contractDetailTitleNoExpanded\")]"}
COMMAND: POST /session/e57c885b60fd8cf462a4cfca6f098091/execute/sync - {"script":"<script> [56 bytes]","args":[{"element-6066-11e4-a52e-4f735466cecf":"f.0BB93947CC1450395F5B257EF4D67E46.d.B1277B438DD98A7B4AC99268A790A350.e.20730","ELEMENT":"f.0BB93947CC1450395F5B257EF4D67E46.d.B1277B438DD98A7B4AC99268A790A350.e.20730"}]}
RESULT: {"script":"<script> [56 bytes]","args":[{"element-6066-11e4-a52e-4f735466cecf":"f.0BB93947CC1450395F5B257EF4D67E46.d.B1277B438DD98A7B4AC99268A790A350.e.20730","ELEMENT":"f.0BB93947CC1450395F5B257EF4D67E46.d.B1277B438DD98A7B4AC99268A790A350.e.20730"}]}
COMMAND: GET /session/e57c885b60fd8cf462a4cfca6f098091/screenshot - {}
RESULT: {}
]]></system-out>
    </testcase>
    <testcase classname="chrome.135_0_7049_96.windows.Billing_Calculation_-_Time_based_(considering_transport_times)_US139738" name="Should add transport time checkbox on contract details" time="16.19">
      <system-out><![CDATA[
COMMAND: POST /session/e57c885b60fd8cf462a4cfca6f098091/element - {"using":"xpath","value":"//button[@data-kt=\"contractDetailEditBtnButton\"]"}
RESULT: {"using":"xpath","value":"//button[@data-kt=\"contractDetailEditBtnButton\"]"}
COMMAND: POST /session/e57c885b60fd8cf462a4cfca6f098091/element/f.0BB93947CC1450395F5B257EF4D67E46.d.B1277B438DD98A7B4AC99268A790A350.e.20731/click - {}
RESULT: {}
COMMAND: GET /session/e57c885b60fd8cf462a4cfca6f098091/screenshot - {}
RESULT: {}
COMMAND: POST /session/e57c885b60fd8cf462a4cfca6f098091/element - {"using":"xpath","value":"(//span[contains(text(), \"Contract Billing\")])[2]"}
RESULT: {"using":"xpath","value":"(//span[contains(text(), \"Contract Billing\")])[2]"}
COMMAND: POST /session/e57c885b60fd8cf462a4cfca6f098091/element/f.0BB93947CC1450395F5B257EF4D67E46.d.B1277B438DD98A7B4AC99268A790A350.e.20787/click - {}
RESULT: {}
COMMAND: GET /session/e57c885b60fd8cf462a4cfca6f098091/screenshot - {}
RESULT: {}
COMMAND: POST /session/e57c885b60fd8cf462a4cfca6f098091/element - {"using":"xpath","value":"(//div[contains(@id, \"transportTimesBilled-CbBg\")])"}
RESULT: {"using":"xpath","value":"(//div[contains(@id, \"transportTimesBilled-CbBg\")])"}
COMMAND: POST /session/e57c885b60fd8cf462a4cfca6f098091/element/f.0BB93947CC1450395F5B257EF4D67E46.d.B1277B438DD98A7B4AC99268A790A350.e.20817/click - {}
RESULT: {}
COMMAND: GET /session/e57c885b60fd8cf462a4cfca6f098091/screenshot - {}
RESULT: {}
COMMAND: POST /session/e57c885b60fd8cf462a4cfca6f098091/element - {"using":"xpath","value":"(//button[@data-kt=\"saveButton\"])[2]"}
RESULT: {"using":"xpath","value":"(//button[@data-kt=\"saveButton\"])[2]"}
COMMAND: POST /session/e57c885b60fd8cf462a4cfca6f098091/element/f.0BB93947CC1450395F5B257EF4D67E46.d.B1277B438DD98A7B4AC99268A790A350.e.20818/click - {}
RESULT: {}
COMMAND: GET /session/e57c885b60fd8cf462a4cfca6f098091/screenshot - {}
RESULT: {}
]]></system-out>
    </testcase>
    <testcase classname="chrome.135_0_7049_96.windows.Billing_Calculation_-_Time_based_(considering_transport_times)_US139738" name="Should add created equipment to contract" time="50.429">
      <system-out><![CDATA[
COMMAND: POST /session/e57c885b60fd8cf462a4cfca6f098091/element - {"using":"xpath","value":"//button[@data-kt=\"contractDetailEditBtnButton\"]"}
RESULT: {"using":"xpath","value":"//button[@data-kt=\"contractDetailEditBtnButton\"]"}
COMMAND: POST /session/e57c885b60fd8cf462a4cfca6f098091/element/f.0BB93947CC1450395F5B257EF4D67E46.d.B1277B438DD98A7B4AC99268A790A350.e.20731/click - {}
RESULT: {}
COMMAND: GET /session/e57c885b60fd8cf462a4cfca6f098091/screenshot - {}
RESULT: {}
COMMAND: POST /session/e57c885b60fd8cf462a4cfca6f098091/element - {"using":"xpath","value":"(//span[contains(text(), \"Additional Addresses\")])[2]"}
RESULT: {"using":"xpath","value":"(//span[contains(text(), \"Additional Addresses\")])[2]"}
COMMAND: POST /session/e57c885b60fd8cf462a4cfca6f098091/element/f.0BB93947CC1450395F5B257EF4D67E46.d.B1277B438DD98A7B4AC99268A790A350.e.20834/click - {}
RESULT: {}
COMMAND: GET /session/e57c885b60fd8cf462a4cfca6f098091/screenshot - {}
RESULT: {}
COMMAND: POST /session/e57c885b60fd8cf462a4cfca6f098091/element - {"using":"xpath","value":"//button[@data-kt=\"btnAddTableRowOverflowToolbarButton\"]"}
RESULT: {"using":"xpath","value":"//button[@data-kt=\"btnAddTableRowOverflowToolbarButton\"]"}
COMMAND: POST /session/e57c885b60fd8cf462a4cfca6f098091/element/f.0BB93947CC1450395F5B257EF4D67E46.d.B1277B438DD98A7B4AC99268A790A350.e.20837/click - {}
RESULT: {}
COMMAND: GET /session/e57c885b60fd8cf462a4cfca6f098091/screenshot - {}
RESULT: {}
COMMAND: POST /session/e57c885b60fd8cf462a4cfca6f098091/element - {"using":"xpath","value":"//div[(text() = 'Standard Entry' or . = 'Standard Entry')]"}
RESULT: {"using":"xpath","value":"//div[(text() = 'Standard Entry' or . = 'Standard Entry')]"}
COMMAND: POST /session/e57c885b60fd8cf462a4cfca6f098091/element/f.0BB93947CC1450395F5B257EF4D67E46.d.B1277B438DD98A7B4AC99268A790A350.e.20839/click - {}
RESULT: {}
COMMAND: GET /session/e57c885b60fd8cf462a4cfca6f098091/screenshot - {}
RESULT: {}
COMMAND: POST /session/e57c885b60fd8cf462a4cfca6f098091/element - {"using":"xpath","value":"//td[7]/div/div/input"}
RESULT: {"using":"xpath","value":"//td[7]/div/div/input"}
COMMAND: POST /session/e57c885b60fd8cf462a4cfca6f098091/element/f.0BB93947CC1450395F5B257EF4D67E46.d.B1277B438DD98A7B4AC99268A790A350.e.20848/clear - {}
RESULT: {}
COMMAND: POST /session/e57c885b60fd8cf462a4cfca6f098091/element/f.0BB93947CC1450395F5B257EF4D67E46.d.B1277B438DD98A7B4AC99268A790A350.e.20848/value - {"text":"Ih1fhNG6g6"}
COMMAND: GET /session/e57c885b60fd8cf462a4cfca6f098091/screenshot - {}
RESULT: {"text":"Ih1fhNG6g6"}
COMMAND: GET /session/e57c885b60fd8cf462a4cfca6f098091/screenshot - {}
RESULT: {}
RESULT: {}
COMMAND: POST /session/e57c885b60fd8cf462a4cfca6f098091/actions - {"actions":[{"id":"action72","type":"key","parameters":{},"actions":[{"type":"keyDown","value":"î€‡"},{"type":"pause","duration":10},{"type":"keyUp","value":"î€‡"}]}]}
RESULT: {"actions":[{"id":"action72","type":"key","parameters":{},"actions":[{"type":"keyDown","value":"î€‡"},{"type":"pause","duration":10},{"type":"keyUp","value":"î€‡"}]}]}
COMMAND: GET /session/e57c885b60fd8cf462a4cfca6f098091/screenshot - {}
RESULT: {}
COMMAND: POST /session/e57c885b60fd8cf462a4cfca6f098091/element - {"using":"xpath","value":"(//button[@data-kt=\"saveButton\"])[2]"}
RESULT: {"using":"xpath","value":"(//button[@data-kt=\"saveButton\"])[2]"}
COMMAND: POST /session/e57c885b60fd8cf462a4cfca6f098091/element/f.0BB93947CC1450395F5B257EF4D67E46.d.B1277B438DD98A7B4AC99268A790A350.e.20818/click - {}
RESULT: {}
COMMAND: GET /session/e57c885b60fd8cf462a4cfca6f098091/screenshot - {}
RESULT: {}
COMMAND: POST /session/e57c885b60fd8cf462a4cfca6f098091/element - {"using":"xpath","value":"//span[contains(@id ,\"contractItemsSmartTable-header-inner\")]"}
RESULT: {"using":"xpath","value":"//span[contains(@id ,\"contractItemsSmartTable-header-inner\")]"}
COMMAND: POST /session/e57c885b60fd8cf462a4cfca6f098091/elements - {"using":"xpath","value":"//span[contains(@id ,\"contractItemsSmartTable-header-inner\")]"}
RESULT: {"using":"xpath","value":"//span[contains(@id ,\"contractItemsSmartTable-header-inner\")]"}
COMMAND: POST /session/e57c885b60fd8cf462a4cfca6f098091/execute/sync - {"script":"<script> [56 bytes]","args":[{"element-6066-11e4-a52e-4f735466cecf":"f.0BB93947CC1450395F5B257EF4D67E46.d.B1277B438DD98A7B4AC99268A790A350.e.20870","ELEMENT":"f.0BB93947CC1450395F5B257EF4D67E46.d.B1277B438DD98A7B4AC99268A790A350.e.20870"}]}
RESULT: {"script":"<script> [56 bytes]","args":[{"element-6066-11e4-a52e-4f735466cecf":"f.0BB93947CC1450395F5B257EF4D67E46.d.B1277B438DD98A7B4AC99268A790A350.e.20870","ELEMENT":"f.0BB93947CC1450395F5B257EF4D67E46.d.B1277B438DD98A7B4AC99268A790A350.e.20870"}]}
]]></system-out>
    </testcase>
    <testcase classname="chrome.135_0_7049_96.windows.Billing_Calculation_-_Time_based_(considering_transport_times)_US139738" name="Should do a provide to site 2 step" time="140.47">
      <system-out><![CDATA[
COMMAND: POST /session/e57c885b60fd8cf462a4cfca6f098091/element - {"using":"xpath","value":"//button[@data-kt=\"provideButton\"]"}
COMMAND: GET /session/e57c885b60fd8cf462a4cfca6f098091/screenshot - {}
RESULT: {"using":"xpath","value":"//button[@data-kt=\"provideButton\"]"}
COMMAND: POST /session/e57c885b60fd8cf462a4cfca6f098091/element/f.0BB93947CC1450395F5B257EF4D67E46.d.B1277B438DD98A7B4AC99268A790A350.e.20871/click - {}
RESULT: {}
RESULT: {}
COMMAND: GET /session/e57c885b60fd8cf462a4cfca6f098091/screenshot - {}
RESULT: {}
COMMAND: POST /session/e57c885b60fd8cf462a4cfca6f098091/element - {"using":"xpath","value":"(//div[contains(@id, \"application-managehandovers-display-component---AddNewHO--oneStep-CbBg\")])"}
RESULT: {"using":"xpath","value":"(//div[contains(@id, \"application-managehandovers-display-component---AddNewHO--oneStep-CbBg\")])"}
COMMAND: POST /session/e57c885b60fd8cf462a4cfca6f098091/element/f.0BB93947CC1450395F5B257EF4D67E46.d.B1277B438DD98A7B4AC99268A790A350.e.21189/click - {}
RESULT: {}
RESULT: undefined
COMMAND: POST /session/e57c885b60fd8cf462a4cfca6f098091/execute/async - {"script":"<script> [6424 bytes]","args":[{"element-6066-11e4-a52e-4f735466cecf":"f.0BB93947CC1450395F5B257EF4D67E46.d.B1277B438DD98A7B4AC99268A790A350.e.19897"},"setValue",["04/24/2025"]]}
COMMAND: GET /session/e57c885b60fd8cf462a4cfca6f098091/screenshot - {}
COMMAND: POST /session/e57c885b60fd8cf462a4cfca6f098091/execute/async - {"script":"<script> [1562 bytes]","args":[{"selector":{"id":"application-managehandovers-display-component---AddNewHO--dueDate","interaction":{"idSuffix":"inner"}},"wdio_ui5_key":"applicationmanagehandovers-display-component---AddNewHO--dueDate"}]}
RESULT: {}
RESULT: {"script":"<script> [1562 bytes]","args":[{"selector":{"id":"application-managehandovers-display-component---AddNewHO--dueDate","interaction":{"idSuffix":"inner"}},"wdio_ui5_key":"applicationmanagehandovers-display-component---AddNewHO--dueDate"}]}
COMMAND: POST /session/e57c885b60fd8cf462a4cfca6f098091/execute/async - {"script":"<script> [6424 bytes]","args":[{"element-6066-11e4-a52e-4f735466cecf":"f.0BB93947CC1450395F5B257EF4D67E46.d.B1277B438DD98A7B4AC99268A790A350.e.20944"},"setValue",["04/24/2025"]]}
RESULT: {"script":"<script> [6424 bytes]","args":[{"element-6066-11e4-a52e-4f735466cecf":"f.0BB93947CC1450395F5B257EF4D67E46.d.B1277B438DD98A7B4AC99268A790A350.e.20944"},"setValue",["04/24/2025"]]}
COMMAND: POST /session/e57c885b60fd8cf462a4cfca6f098091/element - {"using":"xpath","value":"//bdi[contains(text(), \"Instructions\")]"}
RESULT: {"using":"xpath","value":"//bdi[contains(text(), \"Instructions\")]"}
COMMAND: POST /session/e57c885b60fd8cf462a4cfca6f098091/element/f.0BB93947CC1450395F5B257EF4D67E46.d.B1277B438DD98A7B4AC99268A790A350.e.21193/click - {}
RESULT: {}
COMMAND: GET /session/e57c885b60fd8cf462a4cfca6f098091/screenshot - {}
RESULT: {}
COMMAND: POST /session/e57c885b60fd8cf462a4cfca6f098091/element - {"using":"xpath","value":"//button[@data-kt=\"AddNewHOProvideAddItemsButton\"]"}
RESULT: {"using":"xpath","value":"//button[@data-kt=\"AddNewHOProvideAddItemsButton\"]"}
COMMAND: POST /session/e57c885b60fd8cf462a4cfca6f098091/element/f.0BB93947CC1450395F5B257EF4D67E46.d.B1277B438DD98A7B4AC99268A790A350.e.21197/click - {}
RESULT: {}
COMMAND: GET /session/e57c885b60fd8cf462a4cfca6f098091/screenshot - {}
RESULT: {}
RESULT: undefined
COMMAND: POST /session/e57c885b60fd8cf462a4cfca6f098091/element - {"using":"xpath","value":"//*[@id=\"application-managehandovers-display-component---AddNewHO--popup-sa\"]"}
RESULT: {"using":"xpath","value":"//*[@id=\"application-managehandovers-display-component---AddNewHO--popup-sa\"]"}
COMMAND: POST /session/e57c885b60fd8cf462a4cfca6f098091/element/f.0BB93947CC1450395F5B257EF4D67E46.d.B1277B438DD98A7B4AC99268A790A350.e.21208/click - {}
RESULT: {}
COMMAND: GET /session/e57c885b60fd8cf462a4cfca6f098091/screenshot - {}
RESULT: {}
COMMAND: POST /session/e57c885b60fd8cf462a4cfca6f098091/element - {"using":"xpath","value":"//*[contains(@id ,\"BDI-content\")][contains(text(), \"Select\")]"}
RESULT: {"using":"xpath","value":"//*[contains(@id ,\"BDI-content\")][contains(text(), \"Select\")]"}
COMMAND: POST /session/e57c885b60fd8cf462a4cfca6f098091/element/f.0BB93947CC1450395F5B257EF4D67E46.d.B1277B438DD98A7B4AC99268A790A350.e.21209/click - {}
RESULT: {}
COMMAND: GET /session/e57c885b60fd8cf462a4cfca6f098091/screenshot - {}
RESULT: {}
COMMAND: POST /session/e57c885b60fd8cf462a4cfca6f098091/execute/async - {"script":"<script> [1562 bytes]","args":[{"selector":{"id":"application-managehandovers-display-component---AddNewHO--confirmCreationButton","interaction":{"idSuffix":"BDI-content"}},"wdio_ui5_key":"applicationmanagehandovers-display-component---AddNewHO--confirmCreationButton"}]}
RESULT: {"script":"<script> [1562 bytes]","args":[{"selector":{"id":"application-managehandovers-display-component---AddNewHO--confirmCreationButton","interaction":{"idSuffix":"BDI-content"}},"wdio_ui5_key":"applicationmanagehandovers-display-component---AddNewHO--confirmCreationButton"}]}
RESULT: undefined
COMMAND: POST /session/e57c885b60fd8cf462a4cfca6f098091/element - {"using":"xpath","value":"//*[@id=\"application-managehandovers-display-component---AddNewHO--confirmCreationButton\"]"}
RESULT: {"using":"xpath","value":"//*[@id=\"application-managehandovers-display-component---AddNewHO--confirmCreationButton\"]"}
COMMAND: POST /session/e57c885b60fd8cf462a4cfca6f098091/element/f.0BB93947CC1450395F5B257EF4D67E46.d.B1277B438DD98A7B4AC99268A790A350.e.20990/click - {}
RESULT: {}
COMMAND: GET /session/e57c885b60fd8cf462a4cfca6f098091/screenshot - {}
COMMAND: POST /session/e57c885b60fd8cf462a4cfca6f098091/element - {"using":"xpath","value":"//button[@data-kt=\"PickingTableConfirmAllButton\"]"}
RESULT: {}
RESULT: {"using":"xpath","value":"//button[@data-kt=\"PickingTableConfirmAllButton\"]"}
COMMAND: POST /session/e57c885b60fd8cf462a4cfca6f098091/elements - {"using":"xpath","value":"//button[@data-kt=\"PickingTableConfirmAllButton\"]"}
RESULT: {"using":"xpath","value":"//button[@data-kt=\"PickingTableConfirmAllButton\"]"}
COMMAND: POST /session/e57c885b60fd8cf462a4cfca6f098091/elements - {"using":"xpath","value":"//button[@data-kt=\"PickingTableConfirmAllButton\"]"}
RESULT: {"using":"xpath","value":"//button[@data-kt=\"PickingTableConfirmAllButton\"]"}
COMMAND: POST /session/e57c885b60fd8cf462a4cfca6f098091/elements - {"using":"xpath","value":"//button[@data-kt=\"PickingTableConfirmAllButton\"]"}
RESULT: {"using":"xpath","value":"//button[@data-kt=\"PickingTableConfirmAllButton\"]"}
COMMAND: POST /session/e57c885b60fd8cf462a4cfca6f098091/element - {"using":"xpath","value":"//button[@data-kt=\"PickingTableConfirmAllButton\"]"}
RESULT: {"using":"xpath","value":"//button[@data-kt=\"PickingTableConfirmAllButton\"]"}
COMMAND: POST /session/e57c885b60fd8cf462a4cfca6f098091/element/f.0BB93947CC1450395F5B257EF4D67E46.d.B1277B438DD98A7B4AC99268A790A350.e.21246/click - {}
COMMAND: POST /session/e57c885b60fd8cf462a4cfca6f098091/element - {"using":"xpath","value":"//button[@data-kt=\"PickingTableConfirmAllButton\"]"}
RESULT: {"using":"xpath","value":"//button[@data-kt=\"PickingTableConfirmAllButton\"]"}
COMMAND: POST /session/e57c885b60fd8cf462a4cfca6f098091/element/f.0BB93947CC1450395F5B257EF4D67E46.d.B1277B438DD98A7B4AC99268A790A350.e.21246/click - {}
COMMAND: POST /session/e57c885b60fd8cf462a4cfca6f098091/element - {"using":"xpath","value":"//button[@data-kt=\"PickingTableConfirmAllButton\"]"}
RESULT: {"using":"xpath","value":"//button[@data-kt=\"PickingTableConfirmAllButton\"]"}
COMMAND: POST /session/e57c885b60fd8cf462a4cfca6f098091/element/f.0BB93947CC1450395F5B257EF4D67E46.d.B1277B438DD98A7B4AC99268A790A350.e.21269/click - {}
RESULT: {}
COMMAND: GET /session/e57c885b60fd8cf462a4cfca6f098091/screenshot - {}
RESULT: {}
COMMAND: POST /session/e57c885b60fd8cf462a4cfca6f098091/element - {"using":"xpath","value":"//bdi[contains(text(), \"OK\")]"}
RESULT: {"using":"xpath","value":"//bdi[contains(text(), \"OK\")]"}
COMMAND: POST /session/e57c885b60fd8cf462a4cfca6f098091/element/f.0BB93947CC1450395F5B257EF4D67E46.d.B1277B438DD98A7B4AC99268A790A350.e.21273/click - {}
RESULT: {}
COMMAND: GET /session/e57c885b60fd8cf462a4cfca6f098091/screenshot - {}
RESULT: {}
COMMAND: POST /session/e57c885b60fd8cf462a4cfca6f098091/element - {"using":"xpath","value":"//button[@data-kt=\"execHoPickButton\"]"}
RESULT: {"using":"xpath","value":"//button[@data-kt=\"execHoPickButton\"]"}
COMMAND: POST /session/e57c885b60fd8cf462a4cfca6f098091/element/f.0BB93947CC1450395F5B257EF4D67E46.d.B1277B438DD98A7B4AC99268A790A350.e.21274/click - {}
RESULT: {}
COMMAND: GET /session/e57c885b60fd8cf462a4cfca6f098091/screenshot - {}
RESULT: {}
COMMAND: POST /session/e57c885b60fd8cf462a4cfca6f098091/element - {"using":"xpath","value":"//span[contains(@id ,\"filterItemControl_BASIC-RECEIVE_CONTRACT-vhi\")]"}
RESULT: {"using":"xpath","value":"//span[contains(@id ,\"filterItemControl_BASIC-RECEIVE_CONTRACT-vhi\")]"}
COMMAND: POST /session/e57c885b60fd8cf462a4cfca6f098091/element/f.0BB93947CC1450395F5B257EF4D67E46.d.B1277B438DD98A7B4AC99268A790A350.e.21442/click - {}
RESULT: {}
COMMAND: GET /session/e57c885b60fd8cf462a4cfca6f098091/screenshot - {}
RESULT: {}
COMMAND: POST /session/e57c885b60fd8cf462a4cfca6f098091/execute/async - {"script":"<script> [1562 bytes]","args":[{"selector":{"controlType":"sap.m.SearchField","viewName":"etm.portal.ui.managehandovers.view.MasterHO","bindingPath":{"path":"","propertyPath":"/_BASIC_SEARCH_FIELD","modelName":"fi1t3rM0d31"},"searchOpenDialogs":true,"interaction":{"idSuffix":"I"}},"wdio_ui5_key":"etmportal.ui.managehandovers.view.MasterHOsap.m.SearchField{\"path\":\"\",\"propertyPath\":\"/_BASIC_SEARCH_FIELD\",\"modelName\":\"fi1t3rM0d31\"}"}]}
RESULT: {"script":"<script> [1562 bytes]","args":[{"selector":{"controlType":"sap.m.SearchField","viewName":"etm.portal.ui.managehandovers.view.MasterHO","bindingPath":{"path":"","propertyPath":"/_BASIC_SEARCH_FIELD","modelName":"fi1t3rM0d31"},"searchOpenDialogs":true,"interaction":{"idSuffix":"I"}},"wdio_ui5_key":"etmportal.ui.managehandovers.view.MasterHOsap.m.SearchField{\"path\":\"\",\"propertyPath\":\"/_BASIC_SEARCH_FIELD\",\"modelName\":\"fi1t3rM0d31\"}"}]}
RESULT: undefined
COMMAND: POST /session/e57c885b60fd8cf462a4cfca6f098091/execute/async - {"script":"<script> [776 bytes]","args":[{"enterText":"10692","selector":{"controlType":"sap.m.SearchField","viewName":"etm.portal.ui.managehandovers.view.MasterHO","bindingPath":{"path":"","propertyPath":"/_BASIC_SEARCH_FIELD","modelName":"fi1t3rM0d31"},"searchOpenDialogs":true,"interaction":{"idSuffix":"I"}},"clearTextFirst":true,"interactionType":"ENTER_TEXT"}]}
RESULT: {"script":"<script> [776 bytes]","args":[{"enterText":"10692","selector":{"controlType":"sap.m.SearchField","viewName":"etm.portal.ui.managehandovers.view.MasterHO","bindingPath":{"path":"","propertyPath":"/_BASIC_SEARCH_FIELD","modelName":"fi1t3rM0d31"},"searchOpenDialogs":true,"interaction":{"idSuffix":"I"}},"clearTextFirst":true,"interactionType":"ENTER_TEXT"}]}
COMMAND: POST /session/e57c885b60fd8cf462a4cfca6f098091/actions - {"actions":[{"id":"action73","type":"key","parameters":{},"actions":[{"type":"keyDown","value":"î€‡"},{"type":"pause","duration":10},{"type":"keyUp","value":"î€‡"}]}]}
RESULT: {"actions":[{"id":"action73","type":"key","parameters":{},"actions":[{"type":"keyDown","value":"î€‡"},{"type":"pause","duration":10},{"type":"keyUp","value":"î€‡"}]}]}
COMMAND: GET /session/e57c885b60fd8cf462a4cfca6f098091/screenshot - {}
RESULT: {}
COMMAND: POST /session/e57c885b60fd8cf462a4cfca6f098091/element - {"using":"xpath","value":"//div[contains(@id, 'filterItemControl_BASIC-RECEIVE_CONTRACT-valueHelpDialog-table-rowsel0')]"}
RESULT: {"using":"xpath","value":"//div[contains(@id, 'filterItemControl_BASIC-RECEIVE_CONTRACT-valueHelpDialog-table-rowsel0')]"}
COMMAND: POST /session/e57c885b60fd8cf462a4cfca6f098091/element/f.0BB93947CC1450395F5B257EF4D67E46.d.B1277B438DD98A7B4AC99268A790A350.e.21452/click - {}
RESULT: {}
COMMAND: GET /session/e57c885b60fd8cf462a4cfca6f098091/screenshot - {}
RESULT: {}
COMMAND: POST /session/e57c885b60fd8cf462a4cfca6f098091/element - {"using":"xpath","value":"//bdi[contains(text(), \"OK\")]"}
RESULT: {"using":"xpath","value":"//bdi[contains(text(), \"OK\")]"}
COMMAND: POST /session/e57c885b60fd8cf462a4cfca6f098091/element/f.0BB93947CC1450395F5B257EF4D67E46.d.B1277B438DD98A7B4AC99268A790A350.e.21454/click - {}
RESULT: {}
COMMAND: GET /session/e57c885b60fd8cf462a4cfca6f098091/screenshot - {}
RESULT: {}
COMMAND: POST /session/e57c885b60fd8cf462a4cfca6f098091/element - {"using":"xpath","value":"//span[contains(@id, \"smartTable-header-inner\")]"}
RESULT: {"using":"xpath","value":"//span[contains(@id, \"smartTable-header-inner\")]"}
COMMAND: POST /session/e57c885b60fd8cf462a4cfca6f098091/elements - {"using":"xpath","value":"//span[contains(@id, \"smartTable-header-inner\")]"}
RESULT: {"using":"xpath","value":"//span[contains(@id, \"smartTable-header-inner\")]"}
COMMAND: POST /session/e57c885b60fd8cf462a4cfca6f098091/execute/sync - {"script":"<script> [56 bytes]","args":[{"element-6066-11e4-a52e-4f735466cecf":"f.0BB93947CC1450395F5B257EF4D67E46.d.B1277B438DD98A7B4AC99268A790A350.e.21480","ELEMENT":"f.0BB93947CC1450395F5B257EF4D67E46.d.B1277B438DD98A7B4AC99268A790A350.e.21480"}]}
RESULT: {"script":"<script> [56 bytes]","args":[{"element-6066-11e4-a52e-4f735466cecf":"f.0BB93947CC1450395F5B257EF4D67E46.d.B1277B438DD98A7B4AC99268A790A350.e.21480","ELEMENT":"f.0BB93947CC1450395F5B257EF4D67E46.d.B1277B438DD98A7B4AC99268A790A350.e.21480"}]}
COMMAND: POST /session/e57c885b60fd8cf462a4cfca6f098091/element - {"using":"xpath","value":"//table[contains(@id, \"customHandovers\")]//tbody/tr[1]/td[2]/span"}
COMMAND: GET /session/e57c885b60fd8cf462a4cfca6f098091/screenshot - {}
RESULT: {"using":"xpath","value":"//table[contains(@id, \"customHandovers\")]//tbody/tr[1]/td[2]/span"}
COMMAND: POST /session/e57c885b60fd8cf462a4cfca6f098091/execute/sync - {"script":"<script> [56 bytes]","args":[{"element-6066-11e4-a52e-4f735466cecf":"f.0BB93947CC1450395F5B257EF4D67E46.d.B1277B438DD98A7B4AC99268A790A350.e.21481","ELEMENT":"f.0BB93947CC1450395F5B257EF4D67E46.d.B1277B438DD98A7B4AC99268A790A350.e.21481"}]}
RESULT: {}
RESULT: {"script":"<script> [56 bytes]","args":[{"element-6066-11e4-a52e-4f735466cecf":"f.0BB93947CC1450395F5B257EF4D67E46.d.B1277B438DD98A7B4AC99268A790A350.e.21481","ELEMENT":"f.0BB93947CC1450395F5B257EF4D67E46.d.B1277B438DD98A7B4AC99268A790A350.e.21481"}]}
COMMAND: POST /session/e57c885b60fd8cf462a4cfca6f098091/element - {"using":"xpath","value":"(//span[contains(@id, \"imgNav\")])[1]"}
COMMAND: GET /session/e57c885b60fd8cf462a4cfca6f098091/screenshot - {}
RESULT: {"using":"xpath","value":"(//span[contains(@id, \"imgNav\")])[1]"}
COMMAND: POST /session/e57c885b60fd8cf462a4cfca6f098091/element/f.0BB93947CC1450395F5B257EF4D67E46.d.B1277B438DD98A7B4AC99268A790A350.e.21477/click - {}
RESULT: {}
RESULT: {}
COMMAND: GET /session/e57c885b60fd8cf462a4cfca6f098091/screenshot - {}
RESULT: {}
COMMAND: POST /session/e57c885b60fd8cf462a4cfca6f098091/element - {"using":"xpath","value":"//button[@data-kt=\"PickingTableConfirmAllButton\"]"}
RESULT: {"using":"xpath","value":"//button[@data-kt=\"PickingTableConfirmAllButton\"]"}
COMMAND: POST /session/e57c885b60fd8cf462a4cfca6f098091/element/f.0BB93947CC1450395F5B257EF4D67E46.d.B1277B438DD98A7B4AC99268A790A350.e.21524/click - {}
RESULT: {}
COMMAND: GET /session/e57c885b60fd8cf462a4cfca6f098091/screenshot - {}
RESULT: {}
COMMAND: POST /session/e57c885b60fd8cf462a4cfca6f098091/element - {"using":"xpath","value":"//bdi[contains(text(), \"OK\")]"}
RESULT: {"using":"xpath","value":"//bdi[contains(text(), \"OK\")]"}
COMMAND: POST /session/e57c885b60fd8cf462a4cfca6f098091/element/f.0BB93947CC1450395F5B257EF4D67E46.d.B1277B438DD98A7B4AC99268A790A350.e.21535/click - {}
RESULT: {}
COMMAND: GET /session/e57c885b60fd8cf462a4cfca6f098091/screenshot - {}
RESULT: {}
COMMAND: POST /session/e57c885b60fd8cf462a4cfca6f098091/element - {"using":"xpath","value":"//button[@data-kt=\"execHoIssueButton\"]"}
RESULT: {"using":"xpath","value":"//button[@data-kt=\"execHoIssueButton\"]"}
COMMAND: POST /session/e57c885b60fd8cf462a4cfca6f098091/element/f.0BB93947CC1450395F5B257EF4D67E46.d.B1277B438DD98A7B4AC99268A790A350.e.21537/click - {}
RESULT: {}
COMMAND: GET /session/e57c885b60fd8cf462a4cfca6f098091/screenshot - {}
RESULT: {}
COMMAND: POST /session/e57c885b60fd8cf462a4cfca6f098091/element - {"using":"xpath","value":"//input[contains(@id ,\"smartFilterBar-btnBasicSearch-I\")]"}
RESULT: {"using":"xpath","value":"//input[contains(@id ,\"smartFilterBar-btnBasicSearch-I\")]"}
COMMAND: POST /session/e57c885b60fd8cf462a4cfca6f098091/elements - {"using":"xpath","value":"//input[contains(@id ,\"smartFilterBar-btnBasicSearch-I\")]"}
RESULT: {"using":"xpath","value":"//input[contains(@id ,\"smartFilterBar-btnBasicSearch-I\")]"}
COMMAND: POST /session/e57c885b60fd8cf462a4cfca6f098091/execute/sync - {"script":"<script> [8489 bytes]","args":[{"element-6066-11e4-a52e-4f735466cecf":"f.0BB93947CC1450395F5B257EF4D67E46.d.B1277B438DD98A7B4AC99268A790A350.e.20943","ELEMENT":"f.0BB93947CC1450395F5B257EF4D67E46.d.B1277B438DD98A7B4AC99268A790A350.e.20943"}]}
RESULT: {"script":"<script> [8489 bytes]","args":[{"element-6066-11e4-a52e-4f735466cecf":"f.0BB93947CC1450395F5B257EF4D67E46.d.B1277B438DD98A7B4AC99268A790A350.e.20943","ELEMENT":"f.0BB93947CC1450395F5B257EF4D67E46.d.B1277B438DD98A7B4AC99268A790A350.e.20943"}]}
COMMAND: GET /session/e57c885b60fd8cf462a4cfca6f098091/element/f.0BB93947CC1450395F5B257EF4D67E46.d.B1277B438DD98A7B4AC99268A790A350.e.20943/enabled - {}
COMMAND: GET /session/e57c885b60fd8cf462a4cfca6f098091/screenshot - {}
RESULT: {}
COMMAND: POST /session/e57c885b60fd8cf462a4cfca6f098091/element/f.0BB93947CC1450395F5B257EF4D67E46.d.B1277B438DD98A7B4AC99268A790A350.e.20943/clear - {}
COMMAND: GET /session/e57c885b60fd8cf462a4cfca6f098091/screenshot - {}
RESULT: {}
RESULT: {}
COMMAND: POST /session/e57c885b60fd8cf462a4cfca6f098091/element/f.0BB93947CC1450395F5B257EF4D67E46.d.B1277B438DD98A7B4AC99268A790A350.e.20943/value - {"text":"31220"}
COMMAND: GET /session/e57c885b60fd8cf462a4cfca6f098091/screenshot - {}
RESULT: {}
RESULT: {"text":"31220"}
COMMAND: GET /session/e57c885b60fd8cf462a4cfca6f098091/screenshot - {}
RESULT: {}
RESULT: {}
COMMAND: POST /session/e57c885b60fd8cf462a4cfca6f098091/actions - {"actions":[{"id":"action74","type":"key","parameters":{},"actions":[{"type":"keyDown","value":"î€‡"},{"type":"pause","duration":10},{"type":"keyUp","value":"î€‡"}]}]}
RESULT: {"actions":[{"id":"action74","type":"key","parameters":{},"actions":[{"type":"keyDown","value":"î€‡"},{"type":"pause","duration":10},{"type":"keyUp","value":"î€‡"}]}]}
COMMAND: GET /session/e57c885b60fd8cf462a4cfca6f098091/screenshot - {}
RESULT: {}
COMMAND: POST /session/e57c885b60fd8cf462a4cfca6f098091/element - {"using":"xpath","value":"//span[contains(@id, \"smartTable-header-inner\")]"}
RESULT: {"using":"xpath","value":"//span[contains(@id, \"smartTable-header-inner\")]"}
COMMAND: POST /session/e57c885b60fd8cf462a4cfca6f098091/elements - {"using":"xpath","value":"//span[contains(@id, \"smartTable-header-inner\")]"}
RESULT: {"using":"xpath","value":"//span[contains(@id, \"smartTable-header-inner\")]"}
COMMAND: POST /session/e57c885b60fd8cf462a4cfca6f098091/execute/sync - {"script":"<script> [56 bytes]","args":[{"element-6066-11e4-a52e-4f735466cecf":"f.0BB93947CC1450395F5B257EF4D67E46.d.B1277B438DD98A7B4AC99268A790A350.e.21480","ELEMENT":"f.0BB93947CC1450395F5B257EF4D67E46.d.B1277B438DD98A7B4AC99268A790A350.e.21480"}]}
RESULT: {"script":"<script> [56 bytes]","args":[{"element-6066-11e4-a52e-4f735466cecf":"f.0BB93947CC1450395F5B257EF4D67E46.d.B1277B438DD98A7B4AC99268A790A350.e.21480","ELEMENT":"f.0BB93947CC1450395F5B257EF4D67E46.d.B1277B438DD98A7B4AC99268A790A350.e.21480"}]}
COMMAND: POST /session/e57c885b60fd8cf462a4cfca6f098091/elements - {"using":"xpath","value":"//thead[contains(@class, \"sapMTableTH\")]/tr/th"}
COMMAND: GET /session/e57c885b60fd8cf462a4cfca6f098091/screenshot - {}
RESULT: {"using":"xpath","value":"//thead[contains(@class, \"sapMTableTH\")]/tr/th"}
COMMAND: GET /session/e57c885b60fd8cf462a4cfca6f098091/element/f.0BB93947CC1450395F5B257EF4D67E46.d.B1277B438DD98A7B4AC99268A790A350.e.21571/text - {}
RESULT: {}
RESULT: {}
COMMAND: GET /session/e57c885b60fd8cf462a4cfca6f098091/element/f.0BB93947CC1450395F5B257EF4D67E46.d.B1277B438DD98A7B4AC99268A790A350.e.21572/text - {}
RESULT: {}
COMMAND: GET /session/e57c885b60fd8cf462a4cfca6f098091/element/f.0BB93947CC1450395F5B257EF4D67E46.d.B1277B438DD98A7B4AC99268A790A350.e.20937/text - {}
RESULT: {}
COMMAND: GET /session/e57c885b60fd8cf462a4cfca6f098091/element/f.0BB93947CC1450395F5B257EF4D67E46.d.B1277B438DD98A7B4AC99268A790A350.e.20939/text - {}
RESULT: {}
COMMAND: GET /session/e57c885b60fd8cf462a4cfca6f098091/element/f.0BB93947CC1450395F5B257EF4D67E46.d.B1277B438DD98A7B4AC99268A790A350.e.21553/text - {}
RESULT: {}
COMMAND: GET /session/e57c885b60fd8cf462a4cfca6f098091/element/f.0BB93947CC1450395F5B257EF4D67E46.d.B1277B438DD98A7B4AC99268A790A350.e.21554/text - {}
RESULT: {}
COMMAND: GET /session/e57c885b60fd8cf462a4cfca6f098091/element/f.0BB93947CC1450395F5B257EF4D67E46.d.B1277B438DD98A7B4AC99268A790A350.e.21555/text - {}
RESULT: {}
COMMAND: GET /session/e57c885b60fd8cf462a4cfca6f098091/element/f.0BB93947CC1450395F5B257EF4D67E46.d.B1277B438DD98A7B4AC99268A790A350.e.21556/text - {}
RESULT: {}
COMMAND: GET /session/e57c885b60fd8cf462a4cfca6f098091/element/f.0BB93947CC1450395F5B257EF4D67E46.d.B1277B438DD98A7B4AC99268A790A350.e.21557/text - {}
RESULT: {}
COMMAND: GET /session/e57c885b60fd8cf462a4cfca6f098091/element/f.0BB93947CC1450395F5B257EF4D67E46.d.B1277B438DD98A7B4AC99268A790A350.e.21558/text - {}
RESULT: {}
COMMAND: GET /session/e57c885b60fd8cf462a4cfca6f098091/element/f.0BB93947CC1450395F5B257EF4D67E46.d.B1277B438DD98A7B4AC99268A790A350.e.21559/text - {}
RESULT: {}
COMMAND: GET /session/e57c885b60fd8cf462a4cfca6f098091/element/f.0BB93947CC1450395F5B257EF4D67E46.d.B1277B438DD98A7B4AC99268A790A350.e.21560/text - {}
RESULT: {}
COMMAND: GET /session/e57c885b60fd8cf462a4cfca6f098091/element/f.0BB93947CC1450395F5B257EF4D67E46.d.B1277B438DD98A7B4AC99268A790A350.e.21561/text - {}
RESULT: {}
COMMAND: GET /session/e57c885b60fd8cf462a4cfca6f098091/element/f.0BB93947CC1450395F5B257EF4D67E46.d.B1277B438DD98A7B4AC99268A790A350.e.20940/text - {}
RESULT: {}
COMMAND: POST /session/e57c885b60fd8cf462a4cfca6f098091/element - {"using":"xpath","value":"//tbody[contains(@id, \"customHandoversTable-tblBody\")]/tr[1]/td[14]/div/span"}
RESULT: {"using":"xpath","value":"//tbody[contains(@id, \"customHandoversTable-tblBody\")]/tr[1]/td[14]/div/span"}
COMMAND: POST /session/e57c885b60fd8cf462a4cfca6f098091/execute/sync - {"script":"<script> [56 bytes]","args":[{"element-6066-11e4-a52e-4f735466cecf":"f.0BB93947CC1450395F5B257EF4D67E46.d.B1277B438DD98A7B4AC99268A790A350.e.21624","ELEMENT":"f.0BB93947CC1450395F5B257EF4D67E46.d.B1277B438DD98A7B4AC99268A790A350.e.21624"}]}
RESULT: {"script":"<script> [56 bytes]","args":[{"element-6066-11e4-a52e-4f735466cecf":"f.0BB93947CC1450395F5B257EF4D67E46.d.B1277B438DD98A7B4AC99268A790A350.e.21624","ELEMENT":"f.0BB93947CC1450395F5B257EF4D67E46.d.B1277B438DD98A7B4AC99268A790A350.e.21624"}]}
COMMAND: POST /session/e57c885b60fd8cf462a4cfca6f098091/element - {"using":"xpath","value":"(//span[contains(@id, \"imgNav\")])[1]"}
COMMAND: GET /session/e57c885b60fd8cf462a4cfca6f098091/screenshot - {}
RESULT: {"using":"xpath","value":"(//span[contains(@id, \"imgNav\")])[1]"}
COMMAND: POST /session/e57c885b60fd8cf462a4cfca6f098091/element/f.0BB93947CC1450395F5B257EF4D67E46.d.B1277B438DD98A7B4AC99268A790A350.e.21625/click - {}
RESULT: {}
RESULT: {}
COMMAND: GET /session/e57c885b60fd8cf462a4cfca6f098091/screenshot - {}
RESULT: {}
RESULT: undefined
COMMAND: POST /session/e57c885b60fd8cf462a4cfca6f098091/execute/async - {"script":"<script> [776 bytes]","args":[{"enterText":"05/01/25","selector":{"id":"receiptDatePicker","viewName":"etm.portal.ui.managehandovers.view.DetailExecuteHO","interaction":{"idSuffix":"inner"}},"clearTextFirst":true,"interactionType":"ENTER_TEXT"}]}
RESULT: {"script":"<script> [776 bytes]","args":[{"enterText":"05/01/25","selector":{"id":"receiptDatePicker","viewName":"etm.portal.ui.managehandovers.view.DetailExecuteHO","interaction":{"idSuffix":"inner"}},"clearTextFirst":true,"interactionType":"ENTER_TEXT"}]}
COMMAND: POST /session/e57c885b60fd8cf462a4cfca6f098091/element - {"using":"xpath","value":"//button[@data-kt=\"PickingTableConfirmAllButton\"]"}
RESULT: {"using":"xpath","value":"//button[@data-kt=\"PickingTableConfirmAllButton\"]"}
COMMAND: POST /session/e57c885b60fd8cf462a4cfca6f098091/element/f.0BB93947CC1450395F5B257EF4D67E46.d.B1277B438DD98A7B4AC99268A790A350.e.21648/click - {}
RESULT: {}
COMMAND: GET /session/e57c885b60fd8cf462a4cfca6f098091/screenshot - {}
RESULT: {}
COMMAND: POST /session/e57c885b60fd8cf462a4cfca6f098091/element - {"using":"xpath","value":"//bdi[contains(text(), \"OK\")]"}
RESULT: {"using":"xpath","value":"//bdi[contains(text(), \"OK\")]"}
COMMAND: POST /session/e57c885b60fd8cf462a4cfca6f098091/element/f.0BB93947CC1450395F5B257EF4D67E46.d.B1277B438DD98A7B4AC99268A790A350.e.21662/click - {}
RESULT: {}
COMMAND: GET /session/e57c885b60fd8cf462a4cfca6f098091/screenshot - {}
RESULT: {}
COMMAND: POST /session/e57c885b60fd8cf462a4cfca6f098091/element - {"using":"xpath","value":"//button[@data-kt= \"execHoReceiveButton\"]"}
RESULT: {"using":"xpath","value":"//button[@data-kt= \"execHoReceiveButton\"]"}
COMMAND: POST /session/e57c885b60fd8cf462a4cfca6f098091/element/f.0BB93947CC1450395F5B257EF4D67E46.d.B1277B438DD98A7B4AC99268A790A350.e.21664/click - {}
RESULT: {}
COMMAND: GET /session/e57c885b60fd8cf462a4cfca6f098091/screenshot - {}
RESULT: {}
COMMAND: POST /session/e57c885b60fd8cf462a4cfca6f098091/element - {"using":"xpath","value":"//input[contains(@id ,\"smartFilterBar-btnBasicSearch-I\")]"}
RESULT: {"using":"xpath","value":"//input[contains(@id ,\"smartFilterBar-btnBasicSearch-I\")]"}
COMMAND: POST /session/e57c885b60fd8cf462a4cfca6f098091/elements - {"using":"xpath","value":"//input[contains(@id ,\"smartFilterBar-btnBasicSearch-I\")]"}
RESULT: {"using":"xpath","value":"//input[contains(@id ,\"smartFilterBar-btnBasicSearch-I\")]"}
COMMAND: POST /session/e57c885b60fd8cf462a4cfca6f098091/execute/sync - {"script":"<script> [8489 bytes]","args":[{"element-6066-11e4-a52e-4f735466cecf":"f.0BB93947CC1450395F5B257EF4D67E46.d.B1277B438DD98A7B4AC99268A790A350.e.20943","ELEMENT":"f.0BB93947CC1450395F5B257EF4D67E46.d.B1277B438DD98A7B4AC99268A790A350.e.20943"}]}
RESULT: {"script":"<script> [8489 bytes]","args":[{"element-6066-11e4-a52e-4f735466cecf":"f.0BB93947CC1450395F5B257EF4D67E46.d.B1277B438DD98A7B4AC99268A790A350.e.20943","ELEMENT":"f.0BB93947CC1450395F5B257EF4D67E46.d.B1277B438DD98A7B4AC99268A790A350.e.20943"}]}
COMMAND: GET /session/e57c885b60fd8cf462a4cfca6f098091/element/f.0BB93947CC1450395F5B257EF4D67E46.d.B1277B438DD98A7B4AC99268A790A350.e.20943/enabled - {}
COMMAND: GET /session/e57c885b60fd8cf462a4cfca6f098091/screenshot - {}
RESULT: {}
COMMAND: POST /session/e57c885b60fd8cf462a4cfca6f098091/element/f.0BB93947CC1450395F5B257EF4D67E46.d.B1277B438DD98A7B4AC99268A790A350.e.20943/clear - {}
COMMAND: GET /session/e57c885b60fd8cf462a4cfca6f098091/screenshot - {}
RESULT: {}
RESULT: {}
COMMAND: POST /session/e57c885b60fd8cf462a4cfca6f098091/element/f.0BB93947CC1450395F5B257EF4D67E46.d.B1277B438DD98A7B4AC99268A790A350.e.20943/value - {"text":"31220"}
COMMAND: GET /session/e57c885b60fd8cf462a4cfca6f098091/screenshot - {}
RESULT: {}
RESULT: {"text":"31220"}
COMMAND: GET /session/e57c885b60fd8cf462a4cfca6f098091/screenshot - {}
RESULT: {}
RESULT: {}
COMMAND: POST /session/e57c885b60fd8cf462a4cfca6f098091/actions - {"actions":[{"id":"action75","type":"key","parameters":{},"actions":[{"type":"keyDown","value":"î€‡"},{"type":"pause","duration":10},{"type":"keyUp","value":"î€‡"}]}]}
RESULT: {"actions":[{"id":"action75","type":"key","parameters":{},"actions":[{"type":"keyDown","value":"î€‡"},{"type":"pause","duration":10},{"type":"keyUp","value":"î€‡"}]}]}
COMMAND: GET /session/e57c885b60fd8cf462a4cfca6f098091/screenshot - {}
RESULT: {}
COMMAND: POST /session/e57c885b60fd8cf462a4cfca6f098091/element - {"using":"xpath","value":"//span[contains(@id, \"smartTable-header-inner\")]"}
RESULT: {"using":"xpath","value":"//span[contains(@id, \"smartTable-header-inner\")]"}
COMMAND: POST /session/e57c885b60fd8cf462a4cfca6f098091/elements - {"using":"xpath","value":"//span[contains(@id, \"smartTable-header-inner\")]"}
RESULT: {"using":"xpath","value":"//span[contains(@id, \"smartTable-header-inner\")]"}
COMMAND: POST /session/e57c885b60fd8cf462a4cfca6f098091/execute/sync - {"script":"<script> [56 bytes]","args":[{"element-6066-11e4-a52e-4f735466cecf":"f.0BB93947CC1450395F5B257EF4D67E46.d.B1277B438DD98A7B4AC99268A790A350.e.21480","ELEMENT":"f.0BB93947CC1450395F5B257EF4D67E46.d.B1277B438DD98A7B4AC99268A790A350.e.21480"}]}
RESULT: {"script":"<script> [56 bytes]","args":[{"element-6066-11e4-a52e-4f735466cecf":"f.0BB93947CC1450395F5B257EF4D67E46.d.B1277B438DD98A7B4AC99268A790A350.e.21480","ELEMENT":"f.0BB93947CC1450395F5B257EF4D67E46.d.B1277B438DD98A7B4AC99268A790A350.e.21480"}]}
COMMAND: POST /session/e57c885b60fd8cf462a4cfca6f098091/elements - {"using":"xpath","value":"//thead[contains(@class, \"sapMTableTH\")]/tr/th"}
COMMAND: GET /session/e57c885b60fd8cf462a4cfca6f098091/screenshot - {}
RESULT: {"using":"xpath","value":"//thead[contains(@class, \"sapMTableTH\")]/tr/th"}
COMMAND: GET /session/e57c885b60fd8cf462a4cfca6f098091/element/f.0BB93947CC1450395F5B257EF4D67E46.d.B1277B438DD98A7B4AC99268A790A350.e.21571/text - {}
RESULT: {}
RESULT: {}
COMMAND: GET /session/e57c885b60fd8cf462a4cfca6f098091/element/f.0BB93947CC1450395F5B257EF4D67E46.d.B1277B438DD98A7B4AC99268A790A350.e.21572/text - {}
RESULT: {}
COMMAND: GET /session/e57c885b60fd8cf462a4cfca6f098091/element/f.0BB93947CC1450395F5B257EF4D67E46.d.B1277B438DD98A7B4AC99268A790A350.e.20937/text - {}
RESULT: {}
COMMAND: GET /session/e57c885b60fd8cf462a4cfca6f098091/element/f.0BB93947CC1450395F5B257EF4D67E46.d.B1277B438DD98A7B4AC99268A790A350.e.20939/text - {}
RESULT: {}
COMMAND: GET /session/e57c885b60fd8cf462a4cfca6f098091/element/f.0BB93947CC1450395F5B257EF4D67E46.d.B1277B438DD98A7B4AC99268A790A350.e.21669/text - {}
RESULT: {}
COMMAND: GET /session/e57c885b60fd8cf462a4cfca6f098091/element/f.0BB93947CC1450395F5B257EF4D67E46.d.B1277B438DD98A7B4AC99268A790A350.e.21670/text - {}
RESULT: {}
COMMAND: GET /session/e57c885b60fd8cf462a4cfca6f098091/element/f.0BB93947CC1450395F5B257EF4D67E46.d.B1277B438DD98A7B4AC99268A790A350.e.21671/text - {}
RESULT: {}
COMMAND: GET /session/e57c885b60fd8cf462a4cfca6f098091/element/f.0BB93947CC1450395F5B257EF4D67E46.d.B1277B438DD98A7B4AC99268A790A350.e.21672/text - {}
RESULT: {}
COMMAND: GET /session/e57c885b60fd8cf462a4cfca6f098091/element/f.0BB93947CC1450395F5B257EF4D67E46.d.B1277B438DD98A7B4AC99268A790A350.e.21673/text - {}
RESULT: {}
COMMAND: GET /session/e57c885b60fd8cf462a4cfca6f098091/element/f.0BB93947CC1450395F5B257EF4D67E46.d.B1277B438DD98A7B4AC99268A790A350.e.21674/text - {}
RESULT: {}
COMMAND: GET /session/e57c885b60fd8cf462a4cfca6f098091/element/f.0BB93947CC1450395F5B257EF4D67E46.d.B1277B438DD98A7B4AC99268A790A350.e.21675/text - {}
RESULT: {}
COMMAND: GET /session/e57c885b60fd8cf462a4cfca6f098091/element/f.0BB93947CC1450395F5B257EF4D67E46.d.B1277B438DD98A7B4AC99268A790A350.e.21676/text - {}
RESULT: {}
COMMAND: GET /session/e57c885b60fd8cf462a4cfca6f098091/element/f.0BB93947CC1450395F5B257EF4D67E46.d.B1277B438DD98A7B4AC99268A790A350.e.21677/text - {}
RESULT: {}
COMMAND: GET /session/e57c885b60fd8cf462a4cfca6f098091/element/f.0BB93947CC1450395F5B257EF4D67E46.d.B1277B438DD98A7B4AC99268A790A350.e.20940/text - {}
RESULT: {}
COMMAND: POST /session/e57c885b60fd8cf462a4cfca6f098091/element - {"using":"xpath","value":"//tbody[contains(@id, \"customHandoversTable-tblBody\")]/tr[1]/td[14]/div/span"}
RESULT: {"using":"xpath","value":"//tbody[contains(@id, \"customHandoversTable-tblBody\")]/tr[1]/td[14]/div/span"}
COMMAND: POST /session/e57c885b60fd8cf462a4cfca6f098091/execute/sync - {"script":"<script> [56 bytes]","args":[{"element-6066-11e4-a52e-4f735466cecf":"f.0BB93947CC1450395F5B257EF4D67E46.d.B1277B438DD98A7B4AC99268A790A350.e.21725","ELEMENT":"f.0BB93947CC1450395F5B257EF4D67E46.d.B1277B438DD98A7B4AC99268A790A350.e.21725"}]}
RESULT: {"script":"<script> [56 bytes]","args":[{"element-6066-11e4-a52e-4f735466cecf":"f.0BB93947CC1450395F5B257EF4D67E46.d.B1277B438DD98A7B4AC99268A790A350.e.21725","ELEMENT":"f.0BB93947CC1450395F5B257EF4D67E46.d.B1277B438DD98A7B4AC99268A790A350.e.21725"}]}
COMMAND: POST /session/e57c885b60fd8cf462a4cfca6f098091/element - {"using":"css selector","value":"#shell-header-logo"}
COMMAND: GET /session/e57c885b60fd8cf462a4cfca6f098091/screenshot - {}
RESULT: {"using":"css selector","value":"#shell-header-logo"}
COMMAND: POST /session/e57c885b60fd8cf462a4cfca6f098091/element/f.0BB93947CC1450395F5B257EF4D67E46.d.B1277B438DD98A7B4AC99268A790A350.e.20299/click - {}
RESULT: {}
RESULT: {}
COMMAND: GET /session/e57c885b60fd8cf462a4cfca6f098091/screenshot - {}
RESULT: {}
]]></system-out>
    </testcase>
    <testcase classname="chrome.135_0_7049_96.windows.Billing_Calculation_-_Time_based_(considering_transport_times)_US139738" name="Should navigate to Manage Billings and trigger contract calculation business confirm it" time="71.153">
      <system-out><![CDATA[
COMMAND: POST /session/e57c885b60fd8cf462a4cfca6f098091/execute/async - {"script":"<script> [1562 bytes]","args":[{"selector":{"controlType":"sap.m.GenericTile","properties":{"header":"Manage Billings"}},"wdio_ui5_key":"sapm.GenericTile{\"header\":\"Manage Billings\"}"}]}
RESULT: {"script":"<script> [1562 bytes]","args":[{"selector":{"controlType":"sap.m.GenericTile","properties":{"header":"Manage Billings"}},"wdio_ui5_key":"sapm.GenericTile{\"header\":\"Manage Billings\"}"}]}
RESULT: undefined
COMMAND: POST /session/e57c885b60fd8cf462a4cfca6f098091/element - {"using":"xpath","value":"//*[@id=\"__tile51\"]"}
RESULT: {"using":"xpath","value":"//*[@id=\"__tile51\"]"}
COMMAND: POST /session/e57c885b60fd8cf462a4cfca6f098091/element/f.0BB93947CC1450395F5B257EF4D67E46.d.B1277B438DD98A7B4AC99268A790A350.e.18257/click - {}
RESULT: {}
COMMAND: GET /session/e57c885b60fd8cf462a4cfca6f098091/screenshot - {}
RESULT: {}
COMMAND: POST /session/e57c885b60fd8cf462a4cfca6f098091/execute/async - {"script":"<script> [1562 bytes]","args":[{"selector":{"id":"application-managebillings-display-component---billRunCalcResult--smartFilterBar-btnBasicSearch","interaction":{"idSuffix":"I"}},"wdio_ui5_key":"applicationmanagebillings-display-component---billRunCalcResult--smartFilterBar-btnBasicSearch"}]}
RESULT: {"script":"<script> [1562 bytes]","args":[{"selector":{"id":"application-managebillings-display-component---billRunCalcResult--smartFilterBar-btnBasicSearch","interaction":{"idSuffix":"I"}},"wdio_ui5_key":"applicationmanagebillings-display-component---billRunCalcResult--smartFilterBar-btnBasicSearch"}]}
RESULT: undefined
COMMAND: POST /session/e57c885b60fd8cf462a4cfca6f098091/execute/async - {"script":"<script> [776 bytes]","args":[{"enterText":"10692","selector":{"id":"application-managebillings-display-component---billRunCalcResult--smartFilterBar-btnBasicSearch","interaction":{"idSuffix":"I"}},"clearTextFirst":true,"interactionType":"ENTER_TEXT"}]}
RESULT: {"script":"<script> [776 bytes]","args":[{"enterText":"10692","selector":{"id":"application-managebillings-display-component---billRunCalcResult--smartFilterBar-btnBasicSearch","interaction":{"idSuffix":"I"}},"clearTextFirst":true,"interactionType":"ENTER_TEXT"}]}
COMMAND: POST /session/e57c885b60fd8cf462a4cfca6f098091/actions - {"actions":[{"id":"action76","type":"key","parameters":{},"actions":[{"type":"keyDown","value":"î€‡"},{"type":"pause","duration":10},{"type":"keyUp","value":"î€‡"}]}]}
RESULT: {"actions":[{"id":"action76","type":"key","parameters":{},"actions":[{"type":"keyDown","value":"î€‡"},{"type":"pause","duration":10},{"type":"keyUp","value":"î€‡"}]}]}
COMMAND: GET /session/e57c885b60fd8cf462a4cfca6f098091/screenshot - {}
RESULT: {}
COMMAND: POST /session/e57c885b60fd8cf462a4cfca6f098091/element - {"using":"xpath","value":"//td[@aria-colindex=\"1\"]/div/div[contains(@class, \"sapMCbBg\")]"}
RESULT: {"using":"xpath","value":"//td[@aria-colindex=\"1\"]/div/div[contains(@class, \"sapMCbBg\")]"}
COMMAND: POST /session/e57c885b60fd8cf462a4cfca6f098091/element/f.0BB93947CC1450395F5B257EF4D67E46.d.B1277B438DD98A7B4AC99268A790A350.e.21937/click - {}
RESULT: {}
COMMAND: GET /session/e57c885b60fd8cf462a4cfca6f098091/screenshot - {}
RESULT: {}
COMMAND: POST /session/e57c885b60fd8cf462a4cfca6f098091/execute/async - {"script":"<script> [1562 bytes]","args":[{"selector":{"id":"application-managebillings-display-component---billRunCalcResult--contractBillRunDate","interaction":{"idSuffix":"inner"}},"wdio_ui5_key":"applicationmanagebillings-display-component---billRunCalcResult--contractBillRunDate"}]}
RESULT: {"script":"<script> [1562 bytes]","args":[{"selector":{"id":"application-managebillings-display-component---billRunCalcResult--contractBillRunDate","interaction":{"idSuffix":"inner"}},"wdio_ui5_key":"applicationmanagebillings-display-component---billRunCalcResult--contractBillRunDate"}]}
RESULT: undefined
COMMAND: POST /session/e57c885b60fd8cf462a4cfca6f098091/execute/async - {"script":"<script> [776 bytes]","args":[{"enterText":"04/24/25","selector":{"id":"application-managebillings-display-component---billRunCalcResult--contractBillRunDate","interaction":{"idSuffix":"inner"}},"clearTextFirst":true,"interactionType":"ENTER_TEXT"}]}
RESULT: {"script":"<script> [776 bytes]","args":[{"enterText":"04/24/25","selector":{"id":"application-managebillings-display-component---billRunCalcResult--contractBillRunDate","interaction":{"idSuffix":"inner"}},"clearTextFirst":true,"interactionType":"ENTER_TEXT"}]}
COMMAND: POST /session/e57c885b60fd8cf462a4cfca6f098091/element - {"using":"xpath","value":"//bdi[contains(text(), \"Trigger Calculation\")]"}
RESULT: {"using":"xpath","value":"//bdi[contains(text(), \"Trigger Calculation\")]"}
COMMAND: POST /session/e57c885b60fd8cf462a4cfca6f098091/element/f.0BB93947CC1450395F5B257EF4D67E46.d.B1277B438DD98A7B4AC99268A790A350.e.21989/click - {}
RESULT: {}
COMMAND: GET /session/e57c885b60fd8cf462a4cfca6f098091/screenshot - {}
RESULT: {}
COMMAND: POST /session/e57c885b60fd8cf462a4cfca6f098091/element - {"using":"xpath","value":"(//span[contains(@id, \"imgNav\")])[1]"}
RESULT: {"using":"xpath","value":"(//span[contains(@id, \"imgNav\")])[1]"}
COMMAND: POST /session/e57c885b60fd8cf462a4cfca6f098091/element/f.0BB93947CC1450395F5B257EF4D67E46.d.B1277B438DD98A7B4AC99268A790A350.e.21938/click - {}
RESULT: {}
COMMAND: GET /session/e57c885b60fd8cf462a4cfca6f098091/screenshot - {}
RESULT: {}
COMMAND: POST /session/e57c885b60fd8cf462a4cfca6f098091/element - {"using":"xpath","value":"//tr/td[6]/div[1]/span[1]/span[1]"}
RESULT: {"using":"xpath","value":"//tr/td[6]/div[1]/span[1]/span[1]"}
COMMAND: GET /session/e57c885b60fd8cf462a4cfca6f098091/element/f.0BB93947CC1450395F5B257EF4D67E46.d.B1277B438DD98A7B4AC99268A790A350.e.21994/text - {}
RESULT: {}
COMMAND: POST /session/e57c885b60fd8cf462a4cfca6f098091/element - {"using":"xpath","value":"(//span[contains(@id, \"imgNav\")])[2]"}
RESULT: {"using":"xpath","value":"(//span[contains(@id, \"imgNav\")])[2]"}
COMMAND: POST /session/e57c885b60fd8cf462a4cfca6f098091/element/f.0BB93947CC1450395F5B257EF4D67E46.d.B1277B438DD98A7B4AC99268A790A350.e.21995/click - {}
RESULT: {}
COMMAND: POST /session/e57c885b60fd8cf462a4cfca6f098091/element - {"using":"xpath","value":"//bdi[contains(text(), \"Business Confirm\")]"}
COMMAND: GET /session/e57c885b60fd8cf462a4cfca6f098091/screenshot - {}
RESULT: {"using":"xpath","value":"//bdi[contains(text(), \"Business Confirm\")]"}
COMMAND: POST /session/e57c885b60fd8cf462a4cfca6f098091/elements - {"using":"xpath","value":"//bdi[contains(text(), \"Business Confirm\")]"}
RESULT: {}
RESULT: {"using":"xpath","value":"//bdi[contains(text(), \"Business Confirm\")]"}
COMMAND: POST /session/e57c885b60fd8cf462a4cfca6f098091/element - {"using":"xpath","value":"//bdi[contains(text(), \"Business Confirm\")]"}
RESULT: {"using":"xpath","value":"//bdi[contains(text(), \"Business Confirm\")]"}
COMMAND: POST /session/e57c885b60fd8cf462a4cfca6f098091/element/f.0BB93947CC1450395F5B257EF4D67E46.d.B1277B438DD98A7B4AC99268A790A350.e.21998/click - {}
COMMAND: POST /session/e57c885b60fd8cf462a4cfca6f098091/element - {"using":"xpath","value":"//bdi[contains(text(), \"Business Confirm\")]"}
RESULT: {"using":"xpath","value":"//bdi[contains(text(), \"Business Confirm\")]"}
COMMAND: POST /session/e57c885b60fd8cf462a4cfca6f098091/element/f.0BB93947CC1450395F5B257EF4D67E46.d.B1277B438DD98A7B4AC99268A790A350.e.21998/click - {}
COMMAND: POST /session/e57c885b60fd8cf462a4cfca6f098091/element - {"using":"xpath","value":"//bdi[contains(text(), \"Business Confirm\")]"}
RESULT: {"using":"xpath","value":"//bdi[contains(text(), \"Business Confirm\")]"}
COMMAND: POST /session/e57c885b60fd8cf462a4cfca6f098091/element/f.0BB93947CC1450395F5B257EF4D67E46.d.B1277B438DD98A7B4AC99268A790A350.e.22050/click - {}
RESULT: {}
COMMAND: POST /session/e57c885b60fd8cf462a4cfca6f098091/element - {"using":"css selector","value":"#shell-header-logo"}
COMMAND: GET /session/e57c885b60fd8cf462a4cfca6f098091/screenshot - {}
RESULT: {"using":"css selector","value":"#shell-header-logo"}
COMMAND: POST /session/e57c885b60fd8cf462a4cfca6f098091/element/f.0BB93947CC1450395F5B257EF4D67E46.d.B1277B438DD98A7B4AC99268A790A350.e.21730/click - {}
RESULT: {}
RESULT: {}
COMMAND: GET /session/e57c885b60fd8cf462a4cfca6f098091/screenshot - {}
RESULT: {}
]]></system-out>
    </testcase>
    <testcase classname="chrome.135_0_7049_96.windows.Billing_Calculation_-_Time_based_(considering_transport_times)_US139738" name="Should transfer the billing all the way to completion" time="73.718">
      <system-out><![CDATA[
COMMAND: POST /session/e57c885b60fd8cf462a4cfca6f098091/execute/async - {"script":"<script> [1562 bytes]","args":[{"selector":{"controlType":"sap.m.GenericTile","properties":{"header":"Billing Transfer"}},"wdio_ui5_key":"sapm.GenericTile{\"header\":\"Billing Transfer\"}"}]}
RESULT: {"script":"<script> [1562 bytes]","args":[{"selector":{"controlType":"sap.m.GenericTile","properties":{"header":"Billing Transfer"}},"wdio_ui5_key":"sapm.GenericTile{\"header\":\"Billing Transfer\"}"}]}
RESULT: undefined
COMMAND: POST /session/e57c885b60fd8cf462a4cfca6f098091/element - {"using":"xpath","value":"//*[@id=\"__tile50\"]"}
RESULT: {"using":"xpath","value":"//*[@id=\"__tile50\"]"}
COMMAND: POST /session/e57c885b60fd8cf462a4cfca6f098091/element/f.0BB93947CC1450395F5B257EF4D67E46.d.B1277B438DD98A7B4AC99268A790A350.e.18255/click - {}
RESULT: {}
COMMAND: POST /session/e57c885b60fd8cf462a4cfca6f098091/element - {"using":"xpath","value":"//input[contains(@id ,\"application-billingtransfer-display-component---billingWorkbench--smartFilterBar-btnBasicSearch\")]"}
COMMAND: GET /session/e57c885b60fd8cf462a4cfca6f098091/screenshot - {}
RESULT: {"using":"xpath","value":"//input[contains(@id ,\"application-billingtransfer-display-component---billingWorkbench--smartFilterBar-btnBasicSearch\")]"}
COMMAND: POST /session/e57c885b60fd8cf462a4cfca6f098091/elements - {"using":"xpath","value":"//input[contains(@id ,\"application-billingtransfer-display-component---billingWorkbench--smartFilterBar-btnBasicSearch\")]"}
RESULT: {}
RESULT: {"using":"xpath","value":"//input[contains(@id ,\"application-billingtransfer-display-component---billingWorkbench--smartFilterBar-btnBasicSearch\")]"}
COMMAND: POST /session/e57c885b60fd8cf462a4cfca6f098091/elements - {"using":"xpath","value":"//input[contains(@id ,\"application-billingtransfer-display-component---billingWorkbench--smartFilterBar-btnBasicSearch\")]"}
RESULT: {"using":"xpath","value":"//input[contains(@id ,\"application-billingtransfer-display-component---billingWorkbench--smartFilterBar-btnBasicSearch\")]"}
COMMAND: POST /session/e57c885b60fd8cf462a4cfca6f098091/elements - {"using":"xpath","value":"//input[contains(@id ,\"application-billingtransfer-display-component---billingWorkbench--smartFilterBar-btnBasicSearch\")]"}
RESULT: {"using":"xpath","value":"//input[contains(@id ,\"application-billingtransfer-display-component---billingWorkbench--smartFilterBar-btnBasicSearch\")]"}
COMMAND: POST /session/e57c885b60fd8cf462a4cfca6f098091/elements - {"using":"xpath","value":"//input[contains(@id ,\"application-billingtransfer-display-component---billingWorkbench--smartFilterBar-btnBasicSearch\")]"}
RESULT: {"using":"xpath","value":"//input[contains(@id ,\"application-billingtransfer-display-component---billingWorkbench--smartFilterBar-btnBasicSearch\")]"}
COMMAND: POST /session/e57c885b60fd8cf462a4cfca6f098091/element - {"using":"xpath","value":"//input[contains(@id ,\"application-billingtransfer-display-component---billingWorkbench--smartFilterBar-btnBasicSearch\")]"}
RESULT: {"using":"xpath","value":"//input[contains(@id ,\"application-billingtransfer-display-component---billingWorkbench--smartFilterBar-btnBasicSearch\")]"}
COMMAND: POST /session/e57c885b60fd8cf462a4cfca6f098091/execute/sync - {"script":"<script> [8489 bytes]","args":[{"element-6066-11e4-a52e-4f735466cecf":"f.0BB93947CC1450395F5B257EF4D67E46.d.B1277B438DD98A7B4AC99268A790A350.e.22078","ELEMENT":"f.0BB93947CC1450395F5B257EF4D67E46.d.B1277B438DD98A7B4AC99268A790A350.e.22078"}]}
RESULT: {"script":"<script> [8489 bytes]","args":[{"element-6066-11e4-a52e-4f735466cecf":"f.0BB93947CC1450395F5B257EF4D67E46.d.B1277B438DD98A7B4AC99268A790A350.e.22078","ELEMENT":"f.0BB93947CC1450395F5B257EF4D67E46.d.B1277B438DD98A7B4AC99268A790A350.e.22078"}]}
COMMAND: GET /session/e57c885b60fd8cf462a4cfca6f098091/element/f.0BB93947CC1450395F5B257EF4D67E46.d.B1277B438DD98A7B4AC99268A790A350.e.22078/enabled - {}
COMMAND: GET /session/e57c885b60fd8cf462a4cfca6f098091/screenshot - {}
RESULT: {}
COMMAND: POST /session/e57c885b60fd8cf462a4cfca6f098091/element/f.0BB93947CC1450395F5B257EF4D67E46.d.B1277B438DD98A7B4AC99268A790A350.e.22078/click - {}
COMMAND: GET /session/e57c885b60fd8cf462a4cfca6f098091/screenshot - {}
RESULT: {}
RESULT: {}
COMMAND: GET /session/e57c885b60fd8cf462a4cfca6f098091/screenshot - {}
RESULT: {}
RESULT: {}
COMMAND: POST /session/e57c885b60fd8cf462a4cfca6f098091/element/f.0BB93947CC1450395F5B257EF4D67E46.d.B1277B438DD98A7B4AC99268A790A350.e.22078/clear - {}
RESULT: {}
COMMAND: POST /session/e57c885b60fd8cf462a4cfca6f098091/element/f.0BB93947CC1450395F5B257EF4D67E46.d.B1277B438DD98A7B4AC99268A790A350.e.22078/value - {"text":"10692"}
COMMAND: GET /session/e57c885b60fd8cf462a4cfca6f098091/screenshot - {}
RESULT: {"text":"10692"}
COMMAND: POST /session/e57c885b60fd8cf462a4cfca6f098091/actions - {"actions":[{"id":"action77","type":"key","parameters":{},"actions":[{"type":"keyDown","value":"î€‡"},{"type":"pause","duration":10},{"type":"keyUp","value":"î€‡"}]}]}
COMMAND: GET /session/e57c885b60fd8cf462a4cfca6f098091/screenshot - {}
RESULT: {}
RESULT: {"actions":[{"id":"action77","type":"key","parameters":{},"actions":[{"type":"keyDown","value":"î€‡"},{"type":"pause","duration":10},{"type":"keyUp","value":"î€‡"}]}]}
COMMAND: GET /session/e57c885b60fd8cf462a4cfca6f098091/screenshot - {}
RESULT: {}
RESULT: {}
COMMAND: POST /session/e57c885b60fd8cf462a4cfca6f098091/element - {"using":"xpath","value":"//span[contains(@id ,\"application-billingtransfer-display-component---billingWorkbench--smartTableBillingRuns-header-inner\")]"}
RESULT: {"using":"xpath","value":"//span[contains(@id ,\"application-billingtransfer-display-component---billingWorkbench--smartTableBillingRuns-header-inner\")]"}
COMMAND: POST /session/e57c885b60fd8cf462a4cfca6f098091/elements - {"using":"xpath","value":"//span[contains(@id ,\"application-billingtransfer-display-component---billingWorkbench--smartTableBillingRuns-header-inner\")]"}
RESULT: {"using":"xpath","value":"//span[contains(@id ,\"application-billingtransfer-display-component---billingWorkbench--smartTableBillingRuns-header-inner\")]"}
COMMAND: POST /session/e57c885b60fd8cf462a4cfca6f098091/execute/sync - {"script":"<script> [56 bytes]","args":[{"element-6066-11e4-a52e-4f735466cecf":"f.0BB93947CC1450395F5B257EF4D67E46.d.B1277B438DD98A7B4AC99268A790A350.e.22218","ELEMENT":"f.0BB93947CC1450395F5B257EF4D67E46.d.B1277B438DD98A7B4AC99268A790A350.e.22218"}]}
RESULT: {"script":"<script> [56 bytes]","args":[{"element-6066-11e4-a52e-4f735466cecf":"f.0BB93947CC1450395F5B257EF4D67E46.d.B1277B438DD98A7B4AC99268A790A350.e.22218","ELEMENT":"f.0BB93947CC1450395F5B257EF4D67E46.d.B1277B438DD98A7B4AC99268A790A350.e.22218"}]}
COMMAND: POST /session/e57c885b60fd8cf462a4cfca6f098091/element - {"using":"xpath","value":"//td[@aria-colindex=\"1\"]/div/div[contains(@class, \"sapMCbBg\")]"}
COMMAND: GET /session/e57c885b60fd8cf462a4cfca6f098091/screenshot - {}
RESULT: {"using":"xpath","value":"//td[@aria-colindex=\"1\"]/div/div[contains(@class, \"sapMCbBg\")]"}
COMMAND: POST /session/e57c885b60fd8cf462a4cfca6f098091/element/f.0BB93947CC1450395F5B257EF4D67E46.d.B1277B438DD98A7B4AC99268A790A350.e.22196/click - {}
RESULT: {}
RESULT: {}
COMMAND: GET /session/e57c885b60fd8cf462a4cfca6f098091/screenshot - {}
RESULT: {}
COMMAND: POST /session/e57c885b60fd8cf462a4cfca6f098091/element - {"using":"xpath","value":"//bdi[contains(text(), \"Check\")]"}
RESULT: {"using":"xpath","value":"//bdi[contains(text(), \"Check\")]"}
COMMAND: POST /session/e57c885b60fd8cf462a4cfca6f098091/element/f.0BB93947CC1450395F5B257EF4D67E46.d.B1277B438DD98A7B4AC99268A790A350.e.22219/click - {}
RESULT: {}
COMMAND: GET /session/e57c885b60fd8cf462a4cfca6f098091/screenshot - {}
RESULT: {}
COMMAND: POST /session/e57c885b60fd8cf462a4cfca6f098091/element - {"using":"xpath","value":"//bdi[contains(text(), \"OK\")]"}
RESULT: {"using":"xpath","value":"//bdi[contains(text(), \"OK\")]"}
COMMAND: POST /session/e57c885b60fd8cf462a4cfca6f098091/element/f.0BB93947CC1450395F5B257EF4D67E46.d.B1277B438DD98A7B4AC99268A790A350.e.22222/click - {}
RESULT: {}
COMMAND: GET /session/e57c885b60fd8cf462a4cfca6f098091/screenshot - {}
RESULT: {}
COMMAND: POST /session/e57c885b60fd8cf462a4cfca6f098091/element - {"using":"xpath","value":"(//span[contains(text(), \"CO/SD checked\")]/parent::div/preceding-sibling::div/span)[1]"}
RESULT: {"using":"xpath","value":"(//span[contains(text(), \"CO/SD checked\")]/parent::div/preceding-sibling::div/span)[1]"}
COMMAND: POST /session/e57c885b60fd8cf462a4cfca6f098091/element/f.0BB93947CC1450395F5B257EF4D67E46.d.B1277B438DD98A7B4AC99268A790A350.e.22223/click - {}
RESULT: {}
COMMAND: GET /session/e57c885b60fd8cf462a4cfca6f098091/screenshot - {}
RESULT: {}
COMMAND: POST /session/e57c885b60fd8cf462a4cfca6f098091/element - {"using":"xpath","value":"//input[contains(@id ,\"application-billingtransfer-display-component---billingWorkbench--smartFilterBar-btnBasicSearch\")]"}
RESULT: {"using":"xpath","value":"//input[contains(@id ,\"application-billingtransfer-display-component---billingWorkbench--smartFilterBar-btnBasicSearch\")]"}
COMMAND: POST /session/e57c885b60fd8cf462a4cfca6f098091/elements - {"using":"xpath","value":"//input[contains(@id ,\"application-billingtransfer-display-component---billingWorkbench--smartFilterBar-btnBasicSearch\")]"}
RESULT: {"using":"xpath","value":"//input[contains(@id ,\"application-billingtransfer-display-component---billingWorkbench--smartFilterBar-btnBasicSearch\")]"}
COMMAND: POST /session/e57c885b60fd8cf462a4cfca6f098091/execute/sync - {"script":"<script> [8489 bytes]","args":[{"element-6066-11e4-a52e-4f735466cecf":"f.0BB93947CC1450395F5B257EF4D67E46.d.B1277B438DD98A7B4AC99268A790A350.e.22078","ELEMENT":"f.0BB93947CC1450395F5B257EF4D67E46.d.B1277B438DD98A7B4AC99268A790A350.e.22078"}]}
RESULT: {"script":"<script> [8489 bytes]","args":[{"element-6066-11e4-a52e-4f735466cecf":"f.0BB93947CC1450395F5B257EF4D67E46.d.B1277B438DD98A7B4AC99268A790A350.e.22078","ELEMENT":"f.0BB93947CC1450395F5B257EF4D67E46.d.B1277B438DD98A7B4AC99268A790A350.e.22078"}]}
COMMAND: GET /session/e57c885b60fd8cf462a4cfca6f098091/element/f.0BB93947CC1450395F5B257EF4D67E46.d.B1277B438DD98A7B4AC99268A790A350.e.22078/enabled - {}
COMMAND: GET /session/e57c885b60fd8cf462a4cfca6f098091/screenshot - {}
RESULT: {}
COMMAND: POST /session/e57c885b60fd8cf462a4cfca6f098091/element/f.0BB93947CC1450395F5B257EF4D67E46.d.B1277B438DD98A7B4AC99268A790A350.e.22078/click - {}
COMMAND: GET /session/e57c885b60fd8cf462a4cfca6f098091/screenshot - {}
RESULT: {}
RESULT: {}
COMMAND: GET /session/e57c885b60fd8cf462a4cfca6f098091/screenshot - {}
RESULT: {}
RESULT: {}
COMMAND: POST /session/e57c885b60fd8cf462a4cfca6f098091/element/f.0BB93947CC1450395F5B257EF4D67E46.d.B1277B438DD98A7B4AC99268A790A350.e.22078/clear - {}
RESULT: {}
COMMAND: POST /session/e57c885b60fd8cf462a4cfca6f098091/element/f.0BB93947CC1450395F5B257EF4D67E46.d.B1277B438DD98A7B4AC99268A790A350.e.22078/value - {"text":"10692"}
COMMAND: GET /session/e57c885b60fd8cf462a4cfca6f098091/screenshot - {}
RESULT: {"text":"10692"}
COMMAND: POST /session/e57c885b60fd8cf462a4cfca6f098091/actions - {"actions":[{"id":"action78","type":"key","parameters":{},"actions":[{"type":"keyDown","value":"î€‡"},{"type":"pause","duration":10},{"type":"keyUp","value":"î€‡"}]}]}
COMMAND: GET /session/e57c885b60fd8cf462a4cfca6f098091/screenshot - {}
RESULT: {}
RESULT: {"actions":[{"id":"action78","type":"key","parameters":{},"actions":[{"type":"keyDown","value":"î€‡"},{"type":"pause","duration":10},{"type":"keyUp","value":"î€‡"}]}]}
COMMAND: GET /session/e57c885b60fd8cf462a4cfca6f098091/screenshot - {}
RESULT: {}
RESULT: {}
COMMAND: POST /session/e57c885b60fd8cf462a4cfca6f098091/element - {"using":"xpath","value":"//span[contains(@id ,\"application-billingtransfer-display-component---billingWorkbench--smartTableBillingRuns-header-inner\")]"}
RESULT: {"using":"xpath","value":"//span[contains(@id ,\"application-billingtransfer-display-component---billingWorkbench--smartTableBillingRuns-header-inner\")]"}
COMMAND: POST /session/e57c885b60fd8cf462a4cfca6f098091/elements - {"using":"xpath","value":"//span[contains(@id ,\"application-billingtransfer-display-component---billingWorkbench--smartTableBillingRuns-header-inner\")]"}
RESULT: {"using":"xpath","value":"//span[contains(@id ,\"application-billingtransfer-display-component---billingWorkbench--smartTableBillingRuns-header-inner\")]"}
COMMAND: POST /session/e57c885b60fd8cf462a4cfca6f098091/execute/sync - {"script":"<script> [56 bytes]","args":[{"element-6066-11e4-a52e-4f735466cecf":"f.0BB93947CC1450395F5B257EF4D67E46.d.B1277B438DD98A7B4AC99268A790A350.e.22218","ELEMENT":"f.0BB93947CC1450395F5B257EF4D67E46.d.B1277B438DD98A7B4AC99268A790A350.e.22218"}]}
RESULT: {"script":"<script> [56 bytes]","args":[{"element-6066-11e4-a52e-4f735466cecf":"f.0BB93947CC1450395F5B257EF4D67E46.d.B1277B438DD98A7B4AC99268A790A350.e.22218","ELEMENT":"f.0BB93947CC1450395F5B257EF4D67E46.d.B1277B438DD98A7B4AC99268A790A350.e.22218"}]}
COMMAND: POST /session/e57c885b60fd8cf462a4cfca6f098091/element - {"using":"xpath","value":"//td[@aria-colindex=\"1\"]/div/div[contains(@class, \"sapMCbBg\")]"}
COMMAND: GET /session/e57c885b60fd8cf462a4cfca6f098091/screenshot - {}
RESULT: {"using":"xpath","value":"//td[@aria-colindex=\"1\"]/div/div[contains(@class, \"sapMCbBg\")]"}
COMMAND: POST /session/e57c885b60fd8cf462a4cfca6f098091/element/f.0BB93947CC1450395F5B257EF4D67E46.d.B1277B438DD98A7B4AC99268A790A350.e.22227/click - {}
RESULT: {}
RESULT: {}
COMMAND: GET /session/e57c885b60fd8cf462a4cfca6f098091/screenshot - {}
RESULT: {}
COMMAND: POST /session/e57c885b60fd8cf462a4cfca6f098091/element - {"using":"xpath","value":"//bdi[text()=\"Transfer\"]"}
RESULT: {"using":"xpath","value":"//bdi[text()=\"Transfer\"]"}
COMMAND: POST /session/e57c885b60fd8cf462a4cfca6f098091/element/f.0BB93947CC1450395F5B257EF4D67E46.d.B1277B438DD98A7B4AC99268A790A350.e.22228/click - {}
RESULT: {}
COMMAND: GET /session/e57c885b60fd8cf462a4cfca6f098091/screenshot - {}
RESULT: {}
COMMAND: POST /session/e57c885b60fd8cf462a4cfca6f098091/element - {"using":"xpath","value":"//bdi[contains(text(), \"OK\")]"}
RESULT: {"using":"xpath","value":"//bdi[contains(text(), \"OK\")]"}
COMMAND: POST /session/e57c885b60fd8cf462a4cfca6f098091/element/f.0BB93947CC1450395F5B257EF4D67E46.d.B1277B438DD98A7B4AC99268A790A350.e.22231/click - {}
RESULT: {}
COMMAND: GET /session/e57c885b60fd8cf462a4cfca6f098091/screenshot - {}
RESULT: {}
COMMAND: POST /session/e57c885b60fd8cf462a4cfca6f098091/element - {"using":"xpath","value":"(//span[contains(text(), \"Completed\")]/parent::div/preceding-sibling::div/span)[1]"}
RESULT: {"using":"xpath","value":"(//span[contains(text(), \"Completed\")]/parent::div/preceding-sibling::div/span)[1]"}
COMMAND: POST /session/e57c885b60fd8cf462a4cfca6f098091/element/f.0BB93947CC1450395F5B257EF4D67E46.d.B1277B438DD98A7B4AC99268A790A350.e.22244/click - {}
RESULT: {}
COMMAND: POST /session/e57c885b60fd8cf462a4cfca6f098091/element - {"using":"xpath","value":"//input[contains(@id ,\"application-billingtransfer-display-component---billingWorkbench--smartFilterBar-btnBasicSearch\")]"}
COMMAND: GET /session/e57c885b60fd8cf462a4cfca6f098091/screenshot - {}
RESULT: {"using":"xpath","value":"//input[contains(@id ,\"application-billingtransfer-display-component---billingWorkbench--smartFilterBar-btnBasicSearch\")]"}
COMMAND: POST /session/e57c885b60fd8cf462a4cfca6f098091/elements - {"using":"xpath","value":"//input[contains(@id ,\"application-billingtransfer-display-component---billingWorkbench--smartFilterBar-btnBasicSearch\")]"}
RESULT: {}
RESULT: {"using":"xpath","value":"//input[contains(@id ,\"application-billingtransfer-display-component---billingWorkbench--smartFilterBar-btnBasicSearch\")]"}
COMMAND: POST /session/e57c885b60fd8cf462a4cfca6f098091/execute/sync - {"script":"<script> [8489 bytes]","args":[{"element-6066-11e4-a52e-4f735466cecf":"f.0BB93947CC1450395F5B257EF4D67E46.d.B1277B438DD98A7B4AC99268A790A350.e.22078","ELEMENT":"f.0BB93947CC1450395F5B257EF4D67E46.d.B1277B438DD98A7B4AC99268A790A350.e.22078"}]}
RESULT: {"script":"<script> [8489 bytes]","args":[{"element-6066-11e4-a52e-4f735466cecf":"f.0BB93947CC1450395F5B257EF4D67E46.d.B1277B438DD98A7B4AC99268A790A350.e.22078","ELEMENT":"f.0BB93947CC1450395F5B257EF4D67E46.d.B1277B438DD98A7B4AC99268A790A350.e.22078"}]}
COMMAND: GET /session/e57c885b60fd8cf462a4cfca6f098091/element/f.0BB93947CC1450395F5B257EF4D67E46.d.B1277B438DD98A7B4AC99268A790A350.e.22078/enabled - {}
COMMAND: GET /session/e57c885b60fd8cf462a4cfca6f098091/screenshot - {}
RESULT: {}
COMMAND: POST /session/e57c885b60fd8cf462a4cfca6f098091/element/f.0BB93947CC1450395F5B257EF4D67E46.d.B1277B438DD98A7B4AC99268A790A350.e.22078/click - {}
COMMAND: GET /session/e57c885b60fd8cf462a4cfca6f098091/screenshot - {}
RESULT: {}
RESULT: {}
COMMAND: GET /session/e57c885b60fd8cf462a4cfca6f098091/screenshot - {}
RESULT: {}
RESULT: {}
COMMAND: POST /session/e57c885b60fd8cf462a4cfca6f098091/element/f.0BB93947CC1450395F5B257EF4D67E46.d.B1277B438DD98A7B4AC99268A790A350.e.22078/clear - {}
RESULT: {}
COMMAND: POST /session/e57c885b60fd8cf462a4cfca6f098091/element/f.0BB93947CC1450395F5B257EF4D67E46.d.B1277B438DD98A7B4AC99268A790A350.e.22078/value - {"text":"10692"}
COMMAND: GET /session/e57c885b60fd8cf462a4cfca6f098091/screenshot - {}
RESULT: {"text":"10692"}
COMMAND: POST /session/e57c885b60fd8cf462a4cfca6f098091/actions - {"actions":[{"id":"action79","type":"key","parameters":{},"actions":[{"type":"keyDown","value":"î€‡"},{"type":"pause","duration":10},{"type":"keyUp","value":"î€‡"}]}]}
COMMAND: GET /session/e57c885b60fd8cf462a4cfca6f098091/screenshot - {}
RESULT: {}
RESULT: {"actions":[{"id":"action79","type":"key","parameters":{},"actions":[{"type":"keyDown","value":"î€‡"},{"type":"pause","duration":10},{"type":"keyUp","value":"î€‡"}]}]}
COMMAND: GET /session/e57c885b60fd8cf462a4cfca6f098091/screenshot - {}
RESULT: {}
RESULT: {}
COMMAND: POST /session/e57c885b60fd8cf462a4cfca6f098091/element - {"using":"xpath","value":"//span[contains(@id ,\"application-billingtransfer-display-component---billingWorkbench--smartTableBillingRuns-header-inner\")]"}
RESULT: {"using":"xpath","value":"//span[contains(@id ,\"application-billingtransfer-display-component---billingWorkbench--smartTableBillingRuns-header-inner\")]"}
COMMAND: POST /session/e57c885b60fd8cf462a4cfca6f098091/elements - {"using":"xpath","value":"//span[contains(@id ,\"application-billingtransfer-display-component---billingWorkbench--smartTableBillingRuns-header-inner\")]"}
RESULT: {"using":"xpath","value":"//span[contains(@id ,\"application-billingtransfer-display-component---billingWorkbench--smartTableBillingRuns-header-inner\")]"}
COMMAND: POST /session/e57c885b60fd8cf462a4cfca6f098091/execute/sync - {"script":"<script> [56 bytes]","args":[{"element-6066-11e4-a52e-4f735466cecf":"f.0BB93947CC1450395F5B257EF4D67E46.d.B1277B438DD98A7B4AC99268A790A350.e.22218","ELEMENT":"f.0BB93947CC1450395F5B257EF4D67E46.d.B1277B438DD98A7B4AC99268A790A350.e.22218"}]}
RESULT: {"script":"<script> [56 bytes]","args":[{"element-6066-11e4-a52e-4f735466cecf":"f.0BB93947CC1450395F5B257EF4D67E46.d.B1277B438DD98A7B4AC99268A790A350.e.22218","ELEMENT":"f.0BB93947CC1450395F5B257EF4D67E46.d.B1277B438DD98A7B4AC99268A790A350.e.22218"}]}
COMMAND: POST /session/e57c885b60fd8cf462a4cfca6f098091/element - {"using":"css selector","value":"#shell-header-logo"}
COMMAND: GET /session/e57c885b60fd8cf462a4cfca6f098091/screenshot - {}
RESULT: {"using":"css selector","value":"#shell-header-logo"}
COMMAND: POST /session/e57c885b60fd8cf462a4cfca6f098091/element/f.0BB93947CC1450395F5B257EF4D67E46.d.B1277B438DD98A7B4AC99268A790A350.e.22076/click - {}
RESULT: {}
RESULT: {}
COMMAND: GET /session/e57c885b60fd8cf462a4cfca6f098091/screenshot - {}
RESULT: {}
]]></system-out>
    </testcase>
    <testcase classname="chrome.135_0_7049_96.windows.Billing_Calculation_-_Time_based_(considering_transport_times)_US139738" name="Should navigate to the contract item check the billed until field value" time="43.498">
      <system-out><![CDATA[
RESULT: undefined
COMMAND: POST /session/e57c885b60fd8cf462a4cfca6f098091/element - {"using":"xpath","value":"//*[@id=\"__tile130-title\"]"}
RESULT: {"using":"xpath","value":"//*[@id=\"__tile130-title\"]"}
COMMAND: POST /session/e57c885b60fd8cf462a4cfca6f098091/element/f.0BB93947CC1450395F5B257EF4D67E46.d.B1277B438DD98A7B4AC99268A790A350.e.20296/click - {}
RESULT: {}
COMMAND: GET /session/e57c885b60fd8cf462a4cfca6f098091/screenshot - {}
RESULT: undefined
RESULT: undefined
COMMAND: POST /session/e57c885b60fd8cf462a4cfca6f098091/element - {"using":"xpath","value":"//button[@data-kt=\"addButton\"]"}
RESULT: {}
RESULT: {"using":"xpath","value":"//button[@data-kt=\"addButton\"]"}
COMMAND: POST /session/e57c885b60fd8cf462a4cfca6f098091/elements - {"using":"xpath","value":"//button[@data-kt=\"addButton\"]"}
RESULT: {"using":"xpath","value":"//button[@data-kt=\"addButton\"]"}
COMMAND: POST /session/e57c885b60fd8cf462a4cfca6f098091/execute/sync - {"script":"<script> [8489 bytes]","args":[{"element-6066-11e4-a52e-4f735466cecf":"f.0BB93947CC1450395F5B257EF4D67E46.d.B1277B438DD98A7B4AC99268A790A350.e.22273","ELEMENT":"f.0BB93947CC1450395F5B257EF4D67E46.d.B1277B438DD98A7B4AC99268A790A350.e.22273"}]}
RESULT: {"script":"<script> [8489 bytes]","args":[{"element-6066-11e4-a52e-4f735466cecf":"f.0BB93947CC1450395F5B257EF4D67E46.d.B1277B438DD98A7B4AC99268A790A350.e.22273","ELEMENT":"f.0BB93947CC1450395F5B257EF4D67E46.d.B1277B438DD98A7B4AC99268A790A350.e.22273"}]}
COMMAND: GET /session/e57c885b60fd8cf462a4cfca6f098091/element/f.0BB93947CC1450395F5B257EF4D67E46.d.B1277B438DD98A7B4AC99268A790A350.e.22273/enabled - {}
COMMAND: GET /session/e57c885b60fd8cf462a4cfca6f098091/screenshot - {}
RESULT: {}
COMMAND: POST /session/e57c885b60fd8cf462a4cfca6f098091/execute/sync - {"script":"<script> [8489 bytes]","args":[{"element-6066-11e4-a52e-4f735466cecf":"f.0BB93947CC1450395F5B257EF4D67E46.d.B1277B438DD98A7B4AC99268A790A350.e.22273","ELEMENT":"f.0BB93947CC1450395F5B257EF4D67E46.d.B1277B438DD98A7B4AC99268A790A350.e.22273"}]}
COMMAND: GET /session/e57c885b60fd8cf462a4cfca6f098091/screenshot - {}
RESULT: {}
RESULT: {"script":"<script> [8489 bytes]","args":[{"element-6066-11e4-a52e-4f735466cecf":"f.0BB93947CC1450395F5B257EF4D67E46.d.B1277B438DD98A7B4AC99268A790A350.e.22273","ELEMENT":"f.0BB93947CC1450395F5B257EF4D67E46.d.B1277B438DD98A7B4AC99268A790A350.e.22273"}]}
COMMAND: POST /session/e57c885b60fd8cf462a4cfca6f098091/execute/sync - {"script":"<script> [5351 bytes]","args":[{"element-6066-11e4-a52e-4f735466cecf":"f.0BB93947CC1450395F5B257EF4D67E46.d.B1277B438DD98A7B4AC99268A790A350.e.22273","ELEMENT":"f.0BB93947CC1450395F5B257EF4D67E46.d.B1277B438DD98A7B4AC99268A790A350.e.22273"}]}
COMMAND: GET /session/e57c885b60fd8cf462a4cfca6f098091/screenshot - {}
RESULT: {}
RESULT: {"script":"<script> [5351 bytes]","args":[{"element-6066-11e4-a52e-4f735466cecf":"f.0BB93947CC1450395F5B257EF4D67E46.d.B1277B438DD98A7B4AC99268A790A350.e.22273","ELEMENT":"f.0BB93947CC1450395F5B257EF4D67E46.d.B1277B438DD98A7B4AC99268A790A350.e.22273"}]}
COMMAND: POST /session/e57c885b60fd8cf462a4cfca6f098091/element - {"using":"xpath","value":"//input[contains(@id ,\"smartContractFilterBar-btnBasicSearch-I\")]"}
COMMAND: GET /session/e57c885b60fd8cf462a4cfca6f098091/screenshot - {}
RESULT: {}
RESULT: {"using":"xpath","value":"//input[contains(@id ,\"smartContractFilterBar-btnBasicSearch-I\")]"}
COMMAND: POST /session/e57c885b60fd8cf462a4cfca6f098091/elements - {"using":"xpath","value":"//input[contains(@id ,\"smartContractFilterBar-btnBasicSearch-I\")]"}
RESULT: {}
RESULT: {"using":"xpath","value":"//input[contains(@id ,\"smartContractFilterBar-btnBasicSearch-I\")]"}
COMMAND: POST /session/e57c885b60fd8cf462a4cfca6f098091/execute/sync - {"script":"<script> [8489 bytes]","args":[{"element-6066-11e4-a52e-4f735466cecf":"f.0BB93947CC1450395F5B257EF4D67E46.d.B1277B438DD98A7B4AC99268A790A350.e.22256","ELEMENT":"f.0BB93947CC1450395F5B257EF4D67E46.d.B1277B438DD98A7B4AC99268A790A350.e.22256"}]}
RESULT: {"script":"<script> [8489 bytes]","args":[{"element-6066-11e4-a52e-4f735466cecf":"f.0BB93947CC1450395F5B257EF4D67E46.d.B1277B438DD98A7B4AC99268A790A350.e.22256","ELEMENT":"f.0BB93947CC1450395F5B257EF4D67E46.d.B1277B438DD98A7B4AC99268A790A350.e.22256"}]}
COMMAND: GET /session/e57c885b60fd8cf462a4cfca6f098091/element/f.0BB93947CC1450395F5B257EF4D67E46.d.B1277B438DD98A7B4AC99268A790A350.e.22256/enabled - {}
COMMAND: GET /session/e57c885b60fd8cf462a4cfca6f098091/screenshot - {}
RESULT: {}
COMMAND: POST /session/e57c885b60fd8cf462a4cfca6f098091/element/f.0BB93947CC1450395F5B257EF4D67E46.d.B1277B438DD98A7B4AC99268A790A350.e.22256/clear - {}
COMMAND: GET /session/e57c885b60fd8cf462a4cfca6f098091/screenshot - {}
RESULT: {}
RESULT: {}
COMMAND: POST /session/e57c885b60fd8cf462a4cfca6f098091/element/f.0BB93947CC1450395F5B257EF4D67E46.d.B1277B438DD98A7B4AC99268A790A350.e.22256/value - {"text":"10692"}
COMMAND: GET /session/e57c885b60fd8cf462a4cfca6f098091/screenshot - {}
RESULT: {}
RESULT: {"text":"10692"}
COMMAND: GET /session/e57c885b60fd8cf462a4cfca6f098091/screenshot - {}
RESULT: {}
RESULT: {}
COMMAND: POST /session/e57c885b60fd8cf462a4cfca6f098091/actions - {"actions":[{"id":"action80","type":"key","parameters":{},"actions":[{"type":"keyDown","value":"î€‡"},{"type":"pause","duration":10},{"type":"keyUp","value":"î€‡"}]}]}
RESULT: {"actions":[{"id":"action80","type":"key","parameters":{},"actions":[{"type":"keyDown","value":"î€‡"},{"type":"pause","duration":10},{"type":"keyUp","value":"î€‡"}]}]}
COMMAND: GET /session/e57c885b60fd8cf462a4cfca6f098091/screenshot - {}
RESULT: {}
COMMAND: POST /session/e57c885b60fd8cf462a4cfca6f098091/element - {"using":"xpath","value":"//span[contains(@id, \"masterListContractsSmartTable-header-inner\")]"}
RESULT: {"using":"xpath","value":"//span[contains(@id, \"masterListContractsSmartTable-header-inner\")]"}
COMMAND: POST /session/e57c885b60fd8cf462a4cfca6f098091/elements - {"using":"xpath","value":"//span[contains(@id, \"masterListContractsSmartTable-header-inner\")]"}
RESULT: {"using":"xpath","value":"//span[contains(@id, \"masterListContractsSmartTable-header-inner\")]"}
COMMAND: POST /session/e57c885b60fd8cf462a4cfca6f098091/execute/sync - {"script":"<script> [56 bytes]","args":[{"element-6066-11e4-a52e-4f735466cecf":"f.0BB93947CC1450395F5B257EF4D67E46.d.B1277B438DD98A7B4AC99268A790A350.e.22365","ELEMENT":"f.0BB93947CC1450395F5B257EF4D67E46.d.B1277B438DD98A7B4AC99268A790A350.e.22365"}]}
RESULT: {"script":"<script> [56 bytes]","args":[{"element-6066-11e4-a52e-4f735466cecf":"f.0BB93947CC1450395F5B257EF4D67E46.d.B1277B438DD98A7B4AC99268A790A350.e.22365","ELEMENT":"f.0BB93947CC1450395F5B257EF4D67E46.d.B1277B438DD98A7B4AC99268A790A350.e.22365"}]}
COMMAND: POST /session/e57c885b60fd8cf462a4cfca6f098091/element - {"using":"xpath","value":"(//span[contains(@id, \"imgNav\")])[1]"}
COMMAND: GET /session/e57c885b60fd8cf462a4cfca6f098091/screenshot - {}
RESULT: {"using":"xpath","value":"(//span[contains(@id, \"imgNav\")])[1]"}
COMMAND: POST /session/e57c885b60fd8cf462a4cfca6f098091/element/f.0BB93947CC1450395F5B257EF4D67E46.d.B1277B438DD98A7B4AC99268A790A350.e.22364/click - {}
RESULT: {}
RESULT: {}
COMMAND: GET /session/e57c885b60fd8cf462a4cfca6f098091/screenshot - {}
RESULT: {}
COMMAND: POST /session/e57c885b60fd8cf462a4cfca6f098091/element - {"using":"xpath","value":"//tr[@data-kt=\"productsColumnListItem\"]//td//span[contains(@id, \"imgNav\")][1]"}
RESULT: {"using":"xpath","value":"//tr[@data-kt=\"productsColumnListItem\"]//td//span[contains(@id, \"imgNav\")][1]"}
COMMAND: POST /session/e57c885b60fd8cf462a4cfca6f098091/element/f.0BB93947CC1450395F5B257EF4D67E46.d.B1277B438DD98A7B4AC99268A790A350.e.22536/click - {}
RESULT: {}
COMMAND: GET /session/e57c885b60fd8cf462a4cfca6f098091/screenshot - {}
RESULT: {}
COMMAND: POST /session/e57c885b60fd8cf462a4cfca6f098091/element - {"using":"xpath","value":"//section[contains(@id, \"application-managecontracts-display-component---BillingItem--ObjectPageLayout-OPHeaderContent\")]/div/div/div/div/div[2]/div/div[2]/span"}
RESULT: {"using":"xpath","value":"//section[contains(@id, \"application-managecontracts-display-component---BillingItem--ObjectPageLayout-OPHeaderContent\")]/div/div/div/div/div[2]/div/div[2]/span"}
COMMAND: POST /session/e57c885b60fd8cf462a4cfca6f098091/execute/sync - {"script":"<script> [56 bytes]","args":[{"element-6066-11e4-a52e-4f735466cecf":"f.0BB93947CC1450395F5B257EF4D67E46.d.B1277B438DD98A7B4AC99268A790A350.e.22676","ELEMENT":"f.0BB93947CC1450395F5B257EF4D67E46.d.B1277B438DD98A7B4AC99268A790A350.e.22676"}]}
RESULT: {"script":"<script> [56 bytes]","args":[{"element-6066-11e4-a52e-4f735466cecf":"f.0BB93947CC1450395F5B257EF4D67E46.d.B1277B438DD98A7B4AC99268A790A350.e.22676","ELEMENT":"f.0BB93947CC1450395F5B257EF4D67E46.d.B1277B438DD98A7B4AC99268A790A350.e.22676"}]}
COMMAND: POST /session/e57c885b60fd8cf462a4cfca6f098091/element - {"using":"xpath","value":"//table[contains(@id, \"application-managecontracts-display-component---BillingItem--billingList-listUl\")]//td//*[contains(text(), \"partial billed\")]"}
COMMAND: GET /session/e57c885b60fd8cf462a4cfca6f098091/screenshot - {}
RESULT: {"using":"xpath","value":"//table[contains(@id, \"application-managecontracts-display-component---BillingItem--billingList-listUl\")]//td//*[contains(text(), \"partial billed\")]"}
COMMAND: POST /session/e57c885b60fd8cf462a4cfca6f098091/execute/sync - {"script":"<script> [56 bytes]","args":[{"element-6066-11e4-a52e-4f735466cecf":"f.0BB93947CC1450395F5B257EF4D67E46.d.B1277B438DD98A7B4AC99268A790A350.e.22677","ELEMENT":"f.0BB93947CC1450395F5B257EF4D67E46.d.B1277B438DD98A7B4AC99268A790A350.e.22677"}]}
RESULT: {}
RESULT: {"script":"<script> [56 bytes]","args":[{"element-6066-11e4-a52e-4f735466cecf":"f.0BB93947CC1450395F5B257EF4D67E46.d.B1277B438DD98A7B4AC99268A790A350.e.22677","ELEMENT":"f.0BB93947CC1450395F5B257EF4D67E46.d.B1277B438DD98A7B4AC99268A790A350.e.22677"}]}
COMMAND: POST /session/e57c885b60fd8cf462a4cfca6f098091/element - {"using":"css selector","value":"#shell-header-logo"}
COMMAND: GET /session/e57c885b60fd8cf462a4cfca6f098091/screenshot - {}
RESULT: {"using":"css selector","value":"#shell-header-logo"}
COMMAND: POST /session/e57c885b60fd8cf462a4cfca6f098091/element/f.0BB93947CC1450395F5B257EF4D67E46.d.B1277B438DD98A7B4AC99268A790A350.e.22248/click - {}
RESULT: {}
RESULT: {}
COMMAND: GET /session/e57c885b60fd8cf462a4cfca6f098091/screenshot - {}
RESULT: {}
]]></system-out>
    </testcase>
    <testcase classname="chrome.135_0_7049_96.windows.Billing_Calculation_-_Time_based_(considering_transport_times)_US139738" name="Should do a handover return 2 step 7 days after provide or 14 days from today receive it in 21 days" time="170.127">
      <system-out><![CDATA[
RESULT: undefined
COMMAND: POST /session/e57c885b60fd8cf462a4cfca6f098091/element - {"using":"xpath","value":"//*[@id=\"__tile130-title\"]"}
RESULT: {"using":"xpath","value":"//*[@id=\"__tile130-title\"]"}
COMMAND: POST /session/e57c885b60fd8cf462a4cfca6f098091/element/f.0BB93947CC1450395F5B257EF4D67E46.d.B1277B438DD98A7B4AC99268A790A350.e.20296/click - {}
RESULT: {}
COMMAND: GET /session/e57c885b60fd8cf462a4cfca6f098091/screenshot - {}
RESULT: undefined
RESULT: undefined
COMMAND: POST /session/e57c885b60fd8cf462a4cfca6f098091/element - {"using":"xpath","value":"//button[@data-kt=\"addButton\"]"}
RESULT: {}
RESULT: {"using":"xpath","value":"//button[@data-kt=\"addButton\"]"}
COMMAND: POST /session/e57c885b60fd8cf462a4cfca6f098091/elements - {"using":"xpath","value":"//button[@data-kt=\"addButton\"]"}
RESULT: {"using":"xpath","value":"//button[@data-kt=\"addButton\"]"}
COMMAND: POST /session/e57c885b60fd8cf462a4cfca6f098091/execute/sync - {"script":"<script> [8489 bytes]","args":[{"element-6066-11e4-a52e-4f735466cecf":"f.0BB93947CC1450395F5B257EF4D67E46.d.B1277B438DD98A7B4AC99268A790A350.e.22725","ELEMENT":"f.0BB93947CC1450395F5B257EF4D67E46.d.B1277B438DD98A7B4AC99268A790A350.e.22725"}]}
RESULT: {"script":"<script> [8489 bytes]","args":[{"element-6066-11e4-a52e-4f735466cecf":"f.0BB93947CC1450395F5B257EF4D67E46.d.B1277B438DD98A7B4AC99268A790A350.e.22725","ELEMENT":"f.0BB93947CC1450395F5B257EF4D67E46.d.B1277B438DD98A7B4AC99268A790A350.e.22725"}]}
COMMAND: GET /session/e57c885b60fd8cf462a4cfca6f098091/element/f.0BB93947CC1450395F5B257EF4D67E46.d.B1277B438DD98A7B4AC99268A790A350.e.22725/enabled - {}
COMMAND: GET /session/e57c885b60fd8cf462a4cfca6f098091/screenshot - {}
RESULT: {}
COMMAND: POST /session/e57c885b60fd8cf462a4cfca6f098091/execute/sync - {"script":"<script> [8489 bytes]","args":[{"element-6066-11e4-a52e-4f735466cecf":"f.0BB93947CC1450395F5B257EF4D67E46.d.B1277B438DD98A7B4AC99268A790A350.e.22725","ELEMENT":"f.0BB93947CC1450395F5B257EF4D67E46.d.B1277B438DD98A7B4AC99268A790A350.e.22725"}]}
COMMAND: GET /session/e57c885b60fd8cf462a4cfca6f098091/screenshot - {}
RESULT: {}
RESULT: {"script":"<script> [8489 bytes]","args":[{"element-6066-11e4-a52e-4f735466cecf":"f.0BB93947CC1450395F5B257EF4D67E46.d.B1277B438DD98A7B4AC99268A790A350.e.22725","ELEMENT":"f.0BB93947CC1450395F5B257EF4D67E46.d.B1277B438DD98A7B4AC99268A790A350.e.22725"}]}
COMMAND: POST /session/e57c885b60fd8cf462a4cfca6f098091/execute/sync - {"script":"<script> [5351 bytes]","args":[{"element-6066-11e4-a52e-4f735466cecf":"f.0BB93947CC1450395F5B257EF4D67E46.d.B1277B438DD98A7B4AC99268A790A350.e.22725","ELEMENT":"f.0BB93947CC1450395F5B257EF4D67E46.d.B1277B438DD98A7B4AC99268A790A350.e.22725"}]}
COMMAND: GET /session/e57c885b60fd8cf462a4cfca6f098091/screenshot - {}
RESULT: {}
RESULT: {"script":"<script> [5351 bytes]","args":[{"element-6066-11e4-a52e-4f735466cecf":"f.0BB93947CC1450395F5B257EF4D67E46.d.B1277B438DD98A7B4AC99268A790A350.e.22725","ELEMENT":"f.0BB93947CC1450395F5B257EF4D67E46.d.B1277B438DD98A7B4AC99268A790A350.e.22725"}]}
COMMAND: GET /session/e57c885b60fd8cf462a4cfca6f098091/screenshot - {}
RESULT: {}
RESULT: {}
COMMAND: POST /session/e57c885b60fd8cf462a4cfca6f098091/element - {"using":"xpath","value":"//input[contains(@id ,\"smartContractFilterBar-btnBasicSearch-I\")]"}
RESULT: {"using":"xpath","value":"//input[contains(@id ,\"smartContractFilterBar-btnBasicSearch-I\")]"}
COMMAND: POST /session/e57c885b60fd8cf462a4cfca6f098091/elements - {"using":"xpath","value":"//input[contains(@id ,\"smartContractFilterBar-btnBasicSearch-I\")]"}
RESULT: {"using":"xpath","value":"//input[contains(@id ,\"smartContractFilterBar-btnBasicSearch-I\")]"}
COMMAND: POST /session/e57c885b60fd8cf462a4cfca6f098091/execute/sync - {"script":"<script> [8489 bytes]","args":[{"element-6066-11e4-a52e-4f735466cecf":"f.0BB93947CC1450395F5B257EF4D67E46.d.B1277B438DD98A7B4AC99268A790A350.e.22689","ELEMENT":"f.0BB93947CC1450395F5B257EF4D67E46.d.B1277B438DD98A7B4AC99268A790A350.e.22689"}]}
RESULT: {"script":"<script> [8489 bytes]","args":[{"element-6066-11e4-a52e-4f735466cecf":"f.0BB93947CC1450395F5B257EF4D67E46.d.B1277B438DD98A7B4AC99268A790A350.e.22689","ELEMENT":"f.0BB93947CC1450395F5B257EF4D67E46.d.B1277B438DD98A7B4AC99268A790A350.e.22689"}]}
COMMAND: GET /session/e57c885b60fd8cf462a4cfca6f098091/element/f.0BB93947CC1450395F5B257EF4D67E46.d.B1277B438DD98A7B4AC99268A790A350.e.22689/enabled - {}
COMMAND: GET /session/e57c885b60fd8cf462a4cfca6f098091/screenshot - {}
RESULT: {}
COMMAND: POST /session/e57c885b60fd8cf462a4cfca6f098091/element/f.0BB93947CC1450395F5B257EF4D67E46.d.B1277B438DD98A7B4AC99268A790A350.e.22689/clear - {}
COMMAND: GET /session/e57c885b60fd8cf462a4cfca6f098091/screenshot - {}
RESULT: {}
RESULT: {}
COMMAND: POST /session/e57c885b60fd8cf462a4cfca6f098091/element/f.0BB93947CC1450395F5B257EF4D67E46.d.B1277B438DD98A7B4AC99268A790A350.e.22689/value - {"text":"10692"}
COMMAND: GET /session/e57c885b60fd8cf462a4cfca6f098091/screenshot - {}
RESULT: {}
RESULT: {"text":"10692"}
COMMAND: GET /session/e57c885b60fd8cf462a4cfca6f098091/screenshot - {}
RESULT: {}
RESULT: {}
COMMAND: POST /session/e57c885b60fd8cf462a4cfca6f098091/actions - {"actions":[{"id":"action81","type":"key","parameters":{},"actions":[{"type":"keyDown","value":"î€‡"},{"type":"pause","duration":10},{"type":"keyUp","value":"î€‡"}]}]}
RESULT: {"actions":[{"id":"action81","type":"key","parameters":{},"actions":[{"type":"keyDown","value":"î€‡"},{"type":"pause","duration":10},{"type":"keyUp","value":"î€‡"}]}]}
COMMAND: GET /session/e57c885b60fd8cf462a4cfca6f098091/screenshot - {}
RESULT: {}
COMMAND: POST /session/e57c885b60fd8cf462a4cfca6f098091/element - {"using":"xpath","value":"//span[contains(@id, \"masterListContractsSmartTable-header-inner\")]"}
RESULT: {"using":"xpath","value":"//span[contains(@id, \"masterListContractsSmartTable-header-inner\")]"}
COMMAND: POST /session/e57c885b60fd8cf462a4cfca6f098091/elements - {"using":"xpath","value":"//span[contains(@id, \"masterListContractsSmartTable-header-inner\")]"}
RESULT: {"using":"xpath","value":"//span[contains(@id, \"masterListContractsSmartTable-header-inner\")]"}
COMMAND: POST /session/e57c885b60fd8cf462a4cfca6f098091/execute/sync - {"script":"<script> [56 bytes]","args":[{"element-6066-11e4-a52e-4f735466cecf":"f.0BB93947CC1450395F5B257EF4D67E46.d.B1277B438DD98A7B4AC99268A790A350.e.22793","ELEMENT":"f.0BB93947CC1450395F5B257EF4D67E46.d.B1277B438DD98A7B4AC99268A790A350.e.22793"}]}
RESULT: {"script":"<script> [56 bytes]","args":[{"element-6066-11e4-a52e-4f735466cecf":"f.0BB93947CC1450395F5B257EF4D67E46.d.B1277B438DD98A7B4AC99268A790A350.e.22793","ELEMENT":"f.0BB93947CC1450395F5B257EF4D67E46.d.B1277B438DD98A7B4AC99268A790A350.e.22793"}]}
COMMAND: POST /session/e57c885b60fd8cf462a4cfca6f098091/element - {"using":"xpath","value":"(//span[contains(@id, \"imgNav\")])[1]"}
COMMAND: GET /session/e57c885b60fd8cf462a4cfca6f098091/screenshot - {}
RESULT: {"using":"xpath","value":"(//span[contains(@id, \"imgNav\")])[1]"}
COMMAND: POST /session/e57c885b60fd8cf462a4cfca6f098091/element/f.0BB93947CC1450395F5B257EF4D67E46.d.B1277B438DD98A7B4AC99268A790A350.e.22791/click - {}
RESULT: {}
RESULT: {}
COMMAND: GET /session/e57c885b60fd8cf462a4cfca6f098091/screenshot - {}
RESULT: {}
COMMAND: POST /session/e57c885b60fd8cf462a4cfca6f098091/element - {"using":"xpath","value":"//button[contains(@id, \"contractDetailReturnButton\")]"}
RESULT: {"using":"xpath","value":"//button[contains(@id, \"contractDetailReturnButton\")]"}
COMMAND: POST /session/e57c885b60fd8cf462a4cfca6f098091/element/f.0BB93947CC1450395F5B257EF4D67E46.d.B1277B438DD98A7B4AC99268A790A350.e.22927/click - {}
RESULT: {}
COMMAND: GET /session/e57c885b60fd8cf462a4cfca6f098091/screenshot - {}
RESULT: undefined
COMMAND: POST /session/e57c885b60fd8cf462a4cfca6f098091/execute/async - {"script":"<script> [776 bytes]","args":[{"enterText":"05/08/25","selector":{"id":"application-managehandovers-display-component---AddNewHO--dueDate","interaction":{"idSuffix":"inner"}},"clearTextFirst":true,"interactionType":"ENTER_TEXT"}]}
RESULT: {}
RESULT: {"script":"<script> [776 bytes]","args":[{"enterText":"05/08/25","selector":{"id":"application-managehandovers-display-component---AddNewHO--dueDate","interaction":{"idSuffix":"inner"}},"clearTextFirst":true,"interactionType":"ENTER_TEXT"}]}
COMMAND: POST /session/e57c885b60fd8cf462a4cfca6f098091/element - {"using":"xpath","value":"//bdi[contains(text(), \"Instructions\")]"}
RESULT: {"using":"xpath","value":"//bdi[contains(text(), \"Instructions\")]"}
COMMAND: POST /session/e57c885b60fd8cf462a4cfca6f098091/element/f.0BB93947CC1450395F5B257EF4D67E46.d.B1277B438DD98A7B4AC99268A790A350.e.23240/click - {}
RESULT: {}
COMMAND: GET /session/e57c885b60fd8cf462a4cfca6f098091/screenshot - {}
RESULT: {}
COMMAND: POST /session/e57c885b60fd8cf462a4cfca6f098091/element - {"using":"xpath","value":"//button[@data-kt=\"AddNewHOProvideAddItemsButton\"]"}
RESULT: {"using":"xpath","value":"//button[@data-kt=\"AddNewHOProvideAddItemsButton\"]"}
COMMAND: POST /session/e57c885b60fd8cf462a4cfca6f098091/element/f.0BB93947CC1450395F5B257EF4D67E46.d.B1277B438DD98A7B4AC99268A790A350.e.23246/click - {}
RESULT: {}
COMMAND: GET /session/e57c885b60fd8cf462a4cfca6f098091/screenshot - {}
RESULT: {}
RESULT: undefined
COMMAND: POST /session/e57c885b60fd8cf462a4cfca6f098091/element - {"using":"xpath","value":"//*[@id=\"application-managehandovers-display-component---AddNewHO--popup-sa\"]"}
RESULT: {"using":"xpath","value":"//*[@id=\"application-managehandovers-display-component---AddNewHO--popup-sa\"]"}
COMMAND: POST /session/e57c885b60fd8cf462a4cfca6f098091/element/f.0BB93947CC1450395F5B257EF4D67E46.d.B1277B438DD98A7B4AC99268A790A350.e.23256/click - {}
RESULT: {}
COMMAND: GET /session/e57c885b60fd8cf462a4cfca6f098091/screenshot - {}
RESULT: {}
COMMAND: POST /session/e57c885b60fd8cf462a4cfca6f098091/element - {"using":"xpath","value":"//*[contains(@id ,\"BDI-content\")][contains(text(), \"Select\")]"}
RESULT: {"using":"xpath","value":"//*[contains(@id ,\"BDI-content\")][contains(text(), \"Select\")]"}
COMMAND: POST /session/e57c885b60fd8cf462a4cfca6f098091/element/f.0BB93947CC1450395F5B257EF4D67E46.d.B1277B438DD98A7B4AC99268A790A350.e.23258/click - {}
RESULT: {}
COMMAND: GET /session/e57c885b60fd8cf462a4cfca6f098091/screenshot - {}
RESULT: {}
COMMAND: POST /session/e57c885b60fd8cf462a4cfca6f098091/element - {"using":"xpath","value":"(//div[contains(@id, \"application-managehandovers-display-component---AddNewHO--oneStep-CbBg\")])"}
RESULT: {"using":"xpath","value":"(//div[contains(@id, \"application-managehandovers-display-component---AddNewHO--oneStep-CbBg\")])"}
COMMAND: POST /session/e57c885b60fd8cf462a4cfca6f098091/element/f.0BB93947CC1450395F5B257EF4D67E46.d.B1277B438DD98A7B4AC99268A790A350.e.23266/click - {}
RESULT: {}
RESULT: undefined
COMMAND: POST /session/e57c885b60fd8cf462a4cfca6f098091/element - {"using":"xpath","value":"//*[@id=\"application-managehandovers-display-component---AddNewHO--confirmCreationButton\"]"}
COMMAND: GET /session/e57c885b60fd8cf462a4cfca6f098091/screenshot - {}
RESULT: {"using":"xpath","value":"//*[@id=\"application-managehandovers-display-component---AddNewHO--confirmCreationButton\"]"}
COMMAND: POST /session/e57c885b60fd8cf462a4cfca6f098091/element/f.0BB93947CC1450395F5B257EF4D67E46.d.B1277B438DD98A7B4AC99268A790A350.e.23046/click - {}
RESULT: {}
RESULT: {}
COMMAND: GET /session/e57c885b60fd8cf462a4cfca6f098091/screenshot - {}
RESULT: {}
COMMAND: POST /session/e57c885b60fd8cf462a4cfca6f098091/element - {"using":"xpath","value":"//button[@data-kt=\"PickingTableConfirmAllButton\"]"}
RESULT: {"using":"xpath","value":"//button[@data-kt=\"PickingTableConfirmAllButton\"]"}
COMMAND: POST /session/e57c885b60fd8cf462a4cfca6f098091/element/f.0BB93947CC1450395F5B257EF4D67E46.d.B1277B438DD98A7B4AC99268A790A350.e.23317/click - {}
RESULT: {}
COMMAND: GET /session/e57c885b60fd8cf462a4cfca6f098091/screenshot - {}
RESULT: {}
COMMAND: POST /session/e57c885b60fd8cf462a4cfca6f098091/element - {"using":"xpath","value":"//bdi[contains(text(), \"OK\")]"}
RESULT: {"using":"xpath","value":"//bdi[contains(text(), \"OK\")]"}
COMMAND: POST /session/e57c885b60fd8cf462a4cfca6f098091/element/f.0BB93947CC1450395F5B257EF4D67E46.d.B1277B438DD98A7B4AC99268A790A350.e.23319/click - {}
RESULT: {}
COMMAND: GET /session/e57c885b60fd8cf462a4cfca6f098091/screenshot - {}
RESULT: {}
COMMAND: POST /session/e57c885b60fd8cf462a4cfca6f098091/element - {"using":"xpath","value":"//button[@data-kt=\"execHoPickButton\"]"}
RESULT: {"using":"xpath","value":"//button[@data-kt=\"execHoPickButton\"]"}
COMMAND: POST /session/e57c885b60fd8cf462a4cfca6f098091/element/f.0BB93947CC1450395F5B257EF4D67E46.d.B1277B438DD98A7B4AC99268A790A350.e.23321/click - {}
RESULT: {}
COMMAND: GET /session/e57c885b60fd8cf462a4cfca6f098091/screenshot - {}
RESULT: {}
COMMAND: POST /session/e57c885b60fd8cf462a4cfca6f098091/element - {"using":"xpath","value":"//span[contains(@id ,\"filterItemControl_BASIC-SEND_CONTRACT-vhi\")]"}
RESULT: {"using":"xpath","value":"//span[contains(@id ,\"filterItemControl_BASIC-SEND_CONTRACT-vhi\")]"}
COMMAND: POST /session/e57c885b60fd8cf462a4cfca6f098091/element/f.0BB93947CC1450395F5B257EF4D67E46.d.B1277B438DD98A7B4AC99268A790A350.e.23599/click - {}
RESULT: {}
COMMAND: GET /session/e57c885b60fd8cf462a4cfca6f098091/screenshot - {}
RESULT: {}
RESULT: undefined
COMMAND: POST /session/e57c885b60fd8cf462a4cfca6f098091/execute/async - {"script":"<script> [776 bytes]","args":[{"enterText":"10692","selector":{"controlType":"sap.m.SearchField","viewName":"etm.portal.ui.managehandovers.view.MasterHO","bindingPath":{"path":"","propertyPath":"/_BASIC_SEARCH_FIELD","modelName":"fi1t3rM0d31"},"searchOpenDialogs":true,"interaction":{"idSuffix":"I"}},"clearTextFirst":true,"interactionType":"ENTER_TEXT"}]}
RESULT: {"script":"<script> [776 bytes]","args":[{"enterText":"10692","selector":{"controlType":"sap.m.SearchField","viewName":"etm.portal.ui.managehandovers.view.MasterHO","bindingPath":{"path":"","propertyPath":"/_BASIC_SEARCH_FIELD","modelName":"fi1t3rM0d31"},"searchOpenDialogs":true,"interaction":{"idSuffix":"I"}},"clearTextFirst":true,"interactionType":"ENTER_TEXT"}]}
COMMAND: POST /session/e57c885b60fd8cf462a4cfca6f098091/actions - {"actions":[{"id":"action82","type":"key","parameters":{},"actions":[{"type":"keyDown","value":"î€‡"},{"type":"pause","duration":10},{"type":"keyUp","value":"î€‡"}]}]}
RESULT: {"actions":[{"id":"action82","type":"key","parameters":{},"actions":[{"type":"keyDown","value":"î€‡"},{"type":"pause","duration":10},{"type":"keyUp","value":"î€‡"}]}]}
COMMAND: GET /session/e57c885b60fd8cf462a4cfca6f098091/screenshot - {}
RESULT: {}
COMMAND: POST /session/e57c885b60fd8cf462a4cfca6f098091/element - {"using":"xpath","value":"//div[contains(@id, 'filterItemControl_BASIC-SEND_CONTRACT-valueHelpDialog-table-rowsel0')]"}
RESULT: {"using":"xpath","value":"//div[contains(@id, 'filterItemControl_BASIC-SEND_CONTRACT-valueHelpDialog-table-rowsel0')]"}
COMMAND: POST /session/e57c885b60fd8cf462a4cfca6f098091/element/f.0BB93947CC1450395F5B257EF4D67E46.d.B1277B438DD98A7B4AC99268A790A350.e.23607/click - {}
RESULT: {}
COMMAND: GET /session/e57c885b60fd8cf462a4cfca6f098091/screenshot - {}
RESULT: {}
COMMAND: POST /session/e57c885b60fd8cf462a4cfca6f098091/element - {"using":"xpath","value":"//bdi[contains(text(), \"OK\")]"}
RESULT: {"using":"xpath","value":"//bdi[contains(text(), \"OK\")]"}
COMMAND: POST /session/e57c885b60fd8cf462a4cfca6f098091/element/f.0BB93947CC1450395F5B257EF4D67E46.d.B1277B438DD98A7B4AC99268A790A350.e.23609/click - {}
RESULT: {}
COMMAND: GET /session/e57c885b60fd8cf462a4cfca6f098091/screenshot - {}
RESULT: {}
COMMAND: POST /session/e57c885b60fd8cf462a4cfca6f098091/element - {"using":"xpath","value":"//span[contains(@id, \"smartTable-header-inner\")]"}
RESULT: {"using":"xpath","value":"//span[contains(@id, \"smartTable-header-inner\")]"}
COMMAND: POST /session/e57c885b60fd8cf462a4cfca6f098091/elements - {"using":"xpath","value":"//span[contains(@id, \"smartTable-header-inner\")]"}
RESULT: {"using":"xpath","value":"//span[contains(@id, \"smartTable-header-inner\")]"}
COMMAND: POST /session/e57c885b60fd8cf462a4cfca6f098091/execute/sync - {"script":"<script> [56 bytes]","args":[{"element-6066-11e4-a52e-4f735466cecf":"f.0BB93947CC1450395F5B257EF4D67E46.d.B1277B438DD98A7B4AC99268A790A350.e.23624","ELEMENT":"f.0BB93947CC1450395F5B257EF4D67E46.d.B1277B438DD98A7B4AC99268A790A350.e.23624"}]}
RESULT: {"script":"<script> [56 bytes]","args":[{"element-6066-11e4-a52e-4f735466cecf":"f.0BB93947CC1450395F5B257EF4D67E46.d.B1277B438DD98A7B4AC99268A790A350.e.23624","ELEMENT":"f.0BB93947CC1450395F5B257EF4D67E46.d.B1277B438DD98A7B4AC99268A790A350.e.23624"}]}
COMMAND: POST /session/e57c885b60fd8cf462a4cfca6f098091/element - {"using":"xpath","value":"//table[contains(@id, \"customHandovers\")]//tbody/tr[1]/td[2]/span"}
COMMAND: GET /session/e57c885b60fd8cf462a4cfca6f098091/screenshot - {}
RESULT: {"using":"xpath","value":"//table[contains(@id, \"customHandovers\")]//tbody/tr[1]/td[2]/span"}
COMMAND: POST /session/e57c885b60fd8cf462a4cfca6f098091/execute/sync - {"script":"<script> [56 bytes]","args":[{"element-6066-11e4-a52e-4f735466cecf":"f.0BB93947CC1450395F5B257EF4D67E46.d.B1277B438DD98A7B4AC99268A790A350.e.23625","ELEMENT":"f.0BB93947CC1450395F5B257EF4D67E46.d.B1277B438DD98A7B4AC99268A790A350.e.23625"}]}
RESULT: {}
RESULT: {"script":"<script> [56 bytes]","args":[{"element-6066-11e4-a52e-4f735466cecf":"f.0BB93947CC1450395F5B257EF4D67E46.d.B1277B438DD98A7B4AC99268A790A350.e.23625","ELEMENT":"f.0BB93947CC1450395F5B257EF4D67E46.d.B1277B438DD98A7B4AC99268A790A350.e.23625"}]}
COMMAND: POST /session/e57c885b60fd8cf462a4cfca6f098091/element - {"using":"xpath","value":"(//span[contains(@id, \"imgNav\")])[1]"}
COMMAND: GET /session/e57c885b60fd8cf462a4cfca6f098091/screenshot - {}
RESULT: {"using":"xpath","value":"(//span[contains(@id, \"imgNav\")])[1]"}
COMMAND: POST /session/e57c885b60fd8cf462a4cfca6f098091/element/f.0BB93947CC1450395F5B257EF4D67E46.d.B1277B438DD98A7B4AC99268A790A350.e.23467/click - {}
RESULT: {}
RESULT: {}
COMMAND: GET /session/e57c885b60fd8cf462a4cfca6f098091/screenshot - {}
RESULT: {}
COMMAND: POST /session/e57c885b60fd8cf462a4cfca6f098091/element - {"using":"xpath","value":"//button[@data-kt=\"PickingTableConfirmAllButton\"]"}
RESULT: {"using":"xpath","value":"//button[@data-kt=\"PickingTableConfirmAllButton\"]"}
COMMAND: POST /session/e57c885b60fd8cf462a4cfca6f098091/element/f.0BB93947CC1450395F5B257EF4D67E46.d.B1277B438DD98A7B4AC99268A790A350.e.23665/click - {}
RESULT: {}
COMMAND: GET /session/e57c885b60fd8cf462a4cfca6f098091/screenshot - {}
RESULT: {}
COMMAND: POST /session/e57c885b60fd8cf462a4cfca6f098091/element - {"using":"xpath","value":"//bdi[contains(text(), \"OK\")]"}
RESULT: {"using":"xpath","value":"//bdi[contains(text(), \"OK\")]"}
COMMAND: POST /session/e57c885b60fd8cf462a4cfca6f098091/element/f.0BB93947CC1450395F5B257EF4D67E46.d.B1277B438DD98A7B4AC99268A790A350.e.23676/click - {}
RESULT: {}
COMMAND: GET /session/e57c885b60fd8cf462a4cfca6f098091/screenshot - {}
RESULT: {}
COMMAND: POST /session/e57c885b60fd8cf462a4cfca6f098091/element - {"using":"xpath","value":"//button[@data-kt=\"execHoIssueButton\"]"}
RESULT: {"using":"xpath","value":"//button[@data-kt=\"execHoIssueButton\"]"}
COMMAND: POST /session/e57c885b60fd8cf462a4cfca6f098091/element/f.0BB93947CC1450395F5B257EF4D67E46.d.B1277B438DD98A7B4AC99268A790A350.e.23678/click - {}
RESULT: {}
COMMAND: GET /session/e57c885b60fd8cf462a4cfca6f098091/screenshot - {}
RESULT: {}
COMMAND: POST /session/e57c885b60fd8cf462a4cfca6f098091/element - {"using":"xpath","value":"//input[contains(@id ,\"smartFilterBar-btnBasicSearch-I\")]"}
RESULT: {"using":"xpath","value":"//input[contains(@id ,\"smartFilterBar-btnBasicSearch-I\")]"}
COMMAND: POST /session/e57c885b60fd8cf462a4cfca6f098091/elements - {"using":"xpath","value":"//input[contains(@id ,\"smartFilterBar-btnBasicSearch-I\")]"}
RESULT: {"using":"xpath","value":"//input[contains(@id ,\"smartFilterBar-btnBasicSearch-I\")]"}
COMMAND: POST /session/e57c885b60fd8cf462a4cfca6f098091/execute/sync - {"script":"<script> [8489 bytes]","args":[{"element-6066-11e4-a52e-4f735466cecf":"f.0BB93947CC1450395F5B257EF4D67E46.d.B1277B438DD98A7B4AC99268A790A350.e.23004","ELEMENT":"f.0BB93947CC1450395F5B257EF4D67E46.d.B1277B438DD98A7B4AC99268A790A350.e.23004"}]}
RESULT: {"script":"<script> [8489 bytes]","args":[{"element-6066-11e4-a52e-4f735466cecf":"f.0BB93947CC1450395F5B257EF4D67E46.d.B1277B438DD98A7B4AC99268A790A350.e.23004","ELEMENT":"f.0BB93947CC1450395F5B257EF4D67E46.d.B1277B438DD98A7B4AC99268A790A350.e.23004"}]}
COMMAND: GET /session/e57c885b60fd8cf462a4cfca6f098091/element/f.0BB93947CC1450395F5B257EF4D67E46.d.B1277B438DD98A7B4AC99268A790A350.e.23004/enabled - {}
COMMAND: GET /session/e57c885b60fd8cf462a4cfca6f098091/screenshot - {}
RESULT: {}
COMMAND: POST /session/e57c885b60fd8cf462a4cfca6f098091/element/f.0BB93947CC1450395F5B257EF4D67E46.d.B1277B438DD98A7B4AC99268A790A350.e.23004/clear - {}
COMMAND: GET /session/e57c885b60fd8cf462a4cfca6f098091/screenshot - {}
RESULT: {}
RESULT: {}
COMMAND: POST /session/e57c885b60fd8cf462a4cfca6f098091/element/f.0BB93947CC1450395F5B257EF4D67E46.d.B1277B438DD98A7B4AC99268A790A350.e.23004/value - {"text":"31222"}
COMMAND: GET /session/e57c885b60fd8cf462a4cfca6f098091/screenshot - {}
RESULT: {}
RESULT: {"text":"31222"}
COMMAND: GET /session/e57c885b60fd8cf462a4cfca6f098091/screenshot - {}
RESULT: {}
RESULT: {}
COMMAND: POST /session/e57c885b60fd8cf462a4cfca6f098091/actions - {"actions":[{"id":"action83","type":"key","parameters":{},"actions":[{"type":"keyDown","value":"î€‡"},{"type":"pause","duration":10},{"type":"keyUp","value":"î€‡"}]}]}
RESULT: {"actions":[{"id":"action83","type":"key","parameters":{},"actions":[{"type":"keyDown","value":"î€‡"},{"type":"pause","duration":10},{"type":"keyUp","value":"î€‡"}]}]}
COMMAND: GET /session/e57c885b60fd8cf462a4cfca6f098091/screenshot - {}
RESULT: {}
COMMAND: POST /session/e57c885b60fd8cf462a4cfca6f098091/element - {"using":"xpath","value":"//span[contains(@id, \"smartTable-header-inner\")]"}
RESULT: {"using":"xpath","value":"//span[contains(@id, \"smartTable-header-inner\")]"}
COMMAND: POST /session/e57c885b60fd8cf462a4cfca6f098091/elements - {"using":"xpath","value":"//span[contains(@id, \"smartTable-header-inner\")]"}
RESULT: {"using":"xpath","value":"//span[contains(@id, \"smartTable-header-inner\")]"}
COMMAND: POST /session/e57c885b60fd8cf462a4cfca6f098091/execute/sync - {"script":"<script> [56 bytes]","args":[{"element-6066-11e4-a52e-4f735466cecf":"f.0BB93947CC1450395F5B257EF4D67E46.d.B1277B438DD98A7B4AC99268A790A350.e.23624","ELEMENT":"f.0BB93947CC1450395F5B257EF4D67E46.d.B1277B438DD98A7B4AC99268A790A350.e.23624"}]}
RESULT: {"script":"<script> [56 bytes]","args":[{"element-6066-11e4-a52e-4f735466cecf":"f.0BB93947CC1450395F5B257EF4D67E46.d.B1277B438DD98A7B4AC99268A790A350.e.23624","ELEMENT":"f.0BB93947CC1450395F5B257EF4D67E46.d.B1277B438DD98A7B4AC99268A790A350.e.23624"}]}
COMMAND: POST /session/e57c885b60fd8cf462a4cfca6f098091/elements - {"using":"xpath","value":"//thead[contains(@class, \"sapMTableTH\")]/tr/th"}
COMMAND: GET /session/e57c885b60fd8cf462a4cfca6f098091/screenshot - {}
RESULT: {"using":"xpath","value":"//thead[contains(@class, \"sapMTableTH\")]/tr/th"}
COMMAND: GET /session/e57c885b60fd8cf462a4cfca6f098091/element/f.0BB93947CC1450395F5B257EF4D67E46.d.B1277B438DD98A7B4AC99268A790A350.e.23711/text - {}
RESULT: {}
RESULT: {}
COMMAND: GET /session/e57c885b60fd8cf462a4cfca6f098091/element/f.0BB93947CC1450395F5B257EF4D67E46.d.B1277B438DD98A7B4AC99268A790A350.e.23712/text - {}
RESULT: {}
COMMAND: GET /session/e57c885b60fd8cf462a4cfca6f098091/element/f.0BB93947CC1450395F5B257EF4D67E46.d.B1277B438DD98A7B4AC99268A790A350.e.22998/text - {}
RESULT: {}
COMMAND: GET /session/e57c885b60fd8cf462a4cfca6f098091/element/f.0BB93947CC1450395F5B257EF4D67E46.d.B1277B438DD98A7B4AC99268A790A350.e.23000/text - {}
RESULT: {}
COMMAND: GET /session/e57c885b60fd8cf462a4cfca6f098091/element/f.0BB93947CC1450395F5B257EF4D67E46.d.B1277B438DD98A7B4AC99268A790A350.e.23681/text - {}
RESULT: {}
COMMAND: GET /session/e57c885b60fd8cf462a4cfca6f098091/element/f.0BB93947CC1450395F5B257EF4D67E46.d.B1277B438DD98A7B4AC99268A790A350.e.23682/text - {}
RESULT: {}
COMMAND: GET /session/e57c885b60fd8cf462a4cfca6f098091/element/f.0BB93947CC1450395F5B257EF4D67E46.d.B1277B438DD98A7B4AC99268A790A350.e.23683/text - {}
RESULT: {}
COMMAND: GET /session/e57c885b60fd8cf462a4cfca6f098091/element/f.0BB93947CC1450395F5B257EF4D67E46.d.B1277B438DD98A7B4AC99268A790A350.e.23684/text - {}
RESULT: {}
COMMAND: GET /session/e57c885b60fd8cf462a4cfca6f098091/element/f.0BB93947CC1450395F5B257EF4D67E46.d.B1277B438DD98A7B4AC99268A790A350.e.23685/text - {}
RESULT: {}
COMMAND: GET /session/e57c885b60fd8cf462a4cfca6f098091/element/f.0BB93947CC1450395F5B257EF4D67E46.d.B1277B438DD98A7B4AC99268A790A350.e.23686/text - {}
RESULT: {}
COMMAND: GET /session/e57c885b60fd8cf462a4cfca6f098091/element/f.0BB93947CC1450395F5B257EF4D67E46.d.B1277B438DD98A7B4AC99268A790A350.e.23687/text - {}
RESULT: {}
COMMAND: GET /session/e57c885b60fd8cf462a4cfca6f098091/element/f.0BB93947CC1450395F5B257EF4D67E46.d.B1277B438DD98A7B4AC99268A790A350.e.23688/text - {}
RESULT: {}
COMMAND: GET /session/e57c885b60fd8cf462a4cfca6f098091/element/f.0BB93947CC1450395F5B257EF4D67E46.d.B1277B438DD98A7B4AC99268A790A350.e.23689/text - {}
RESULT: {}
COMMAND: GET /session/e57c885b60fd8cf462a4cfca6f098091/element/f.0BB93947CC1450395F5B257EF4D67E46.d.B1277B438DD98A7B4AC99268A790A350.e.23001/text - {}
RESULT: {}
COMMAND: POST /session/e57c885b60fd8cf462a4cfca6f098091/element - {"using":"xpath","value":"//tbody[contains(@id, \"customHandoversTable-tblBody\")]/tr[1]/td[14]/div/span"}
RESULT: {"using":"xpath","value":"//tbody[contains(@id, \"customHandoversTable-tblBody\")]/tr[1]/td[14]/div/span"}
COMMAND: POST /session/e57c885b60fd8cf462a4cfca6f098091/execute/sync - {"script":"<script> [56 bytes]","args":[{"element-6066-11e4-a52e-4f735466cecf":"f.0BB93947CC1450395F5B257EF4D67E46.d.B1277B438DD98A7B4AC99268A790A350.e.23765","ELEMENT":"f.0BB93947CC1450395F5B257EF4D67E46.d.B1277B438DD98A7B4AC99268A790A350.e.23765"}]}
RESULT: {"script":"<script> [56 bytes]","args":[{"element-6066-11e4-a52e-4f735466cecf":"f.0BB93947CC1450395F5B257EF4D67E46.d.B1277B438DD98A7B4AC99268A790A350.e.23765","ELEMENT":"f.0BB93947CC1450395F5B257EF4D67E46.d.B1277B438DD98A7B4AC99268A790A350.e.23765"}]}
COMMAND: POST /session/e57c885b60fd8cf462a4cfca6f098091/element - {"using":"xpath","value":"(//span[contains(@id, \"imgNav\")])[1]"}
COMMAND: GET /session/e57c885b60fd8cf462a4cfca6f098091/screenshot - {}
RESULT: {"using":"xpath","value":"(//span[contains(@id, \"imgNav\")])[1]"}
COMMAND: POST /session/e57c885b60fd8cf462a4cfca6f098091/element/f.0BB93947CC1450395F5B257EF4D67E46.d.B1277B438DD98A7B4AC99268A790A350.e.23766/click - {}
RESULT: {}
RESULT: {}
COMMAND: GET /session/e57c885b60fd8cf462a4cfca6f098091/screenshot - {}
RESULT: {}
RESULT: undefined
COMMAND: POST /session/e57c885b60fd8cf462a4cfca6f098091/execute/async - {"script":"<script> [776 bytes]","args":[{"enterText":"05/15/25","selector":{"id":"receiptDatePicker","viewName":"etm.portal.ui.managehandovers.view.DetailExecuteHO","interaction":{"idSuffix":"inner"}},"clearTextFirst":true,"interactionType":"ENTER_TEXT"}]}
RESULT: {"script":"<script> [776 bytes]","args":[{"enterText":"05/15/25","selector":{"id":"receiptDatePicker","viewName":"etm.portal.ui.managehandovers.view.DetailExecuteHO","interaction":{"idSuffix":"inner"}},"clearTextFirst":true,"interactionType":"ENTER_TEXT"}]}
COMMAND: POST /session/e57c885b60fd8cf462a4cfca6f098091/element - {"using":"xpath","value":"//bdi[contains(text(), \"OK\")]"}
RESULT: {"using":"xpath","value":"//bdi[contains(text(), \"OK\")]"}
COMMAND: POST /session/e57c885b60fd8cf462a4cfca6f098091/element/f.0BB93947CC1450395F5B257EF4D67E46.d.B1277B438DD98A7B4AC99268A790A350.e.23806/click - {}
RESULT: {}
COMMAND: GET /session/e57c885b60fd8cf462a4cfca6f098091/screenshot - {}
RESULT: {}
COMMAND: POST /session/e57c885b60fd8cf462a4cfca6f098091/element - {"using":"xpath","value":"//button[@data-kt=\"PickingTableConfirmAllButton\"]"}
RESULT: {"using":"xpath","value":"//button[@data-kt=\"PickingTableConfirmAllButton\"]"}
COMMAND: POST /session/e57c885b60fd8cf462a4cfca6f098091/element/f.0BB93947CC1450395F5B257EF4D67E46.d.B1277B438DD98A7B4AC99268A790A350.e.23791/click - {}
RESULT: {}
COMMAND: GET /session/e57c885b60fd8cf462a4cfca6f098091/screenshot - {}
RESULT: {}
COMMAND: POST /session/e57c885b60fd8cf462a4cfca6f098091/element - {"using":"xpath","value":"//bdi[contains(text(), \"OK\")]"}
RESULT: {"using":"xpath","value":"//bdi[contains(text(), \"OK\")]"}
COMMAND: POST /session/e57c885b60fd8cf462a4cfca6f098091/element/f.0BB93947CC1450395F5B257EF4D67E46.d.B1277B438DD98A7B4AC99268A790A350.e.23823/click - {}
RESULT: {}
COMMAND: GET /session/e57c885b60fd8cf462a4cfca6f098091/screenshot - {}
RESULT: {}
COMMAND: POST /session/e57c885b60fd8cf462a4cfca6f098091/element - {"using":"xpath","value":"//button[@data-kt= \"execHoReceiveButton\"]"}
RESULT: {"using":"xpath","value":"//button[@data-kt= \"execHoReceiveButton\"]"}
COMMAND: POST /session/e57c885b60fd8cf462a4cfca6f098091/element/f.0BB93947CC1450395F5B257EF4D67E46.d.B1277B438DD98A7B4AC99268A790A350.e.23825/click - {}
RESULT: {}
COMMAND: GET /session/e57c885b60fd8cf462a4cfca6f098091/screenshot - {}
RESULT: {}
COMMAND: POST /session/e57c885b60fd8cf462a4cfca6f098091/element - {"using":"xpath","value":"//input[contains(@id ,\"smartFilterBar-btnBasicSearch-I\")]"}
RESULT: {"using":"xpath","value":"//input[contains(@id ,\"smartFilterBar-btnBasicSearch-I\")]"}
COMMAND: POST /session/e57c885b60fd8cf462a4cfca6f098091/elements - {"using":"xpath","value":"//input[contains(@id ,\"smartFilterBar-btnBasicSearch-I\")]"}
RESULT: {"using":"xpath","value":"//input[contains(@id ,\"smartFilterBar-btnBasicSearch-I\")]"}
COMMAND: POST /session/e57c885b60fd8cf462a4cfca6f098091/execute/sync - {"script":"<script> [8489 bytes]","args":[{"element-6066-11e4-a52e-4f735466cecf":"f.0BB93947CC1450395F5B257EF4D67E46.d.B1277B438DD98A7B4AC99268A790A350.e.23004","ELEMENT":"f.0BB93947CC1450395F5B257EF4D67E46.d.B1277B438DD98A7B4AC99268A790A350.e.23004"}]}
RESULT: {"script":"<script> [8489 bytes]","args":[{"element-6066-11e4-a52e-4f735466cecf":"f.0BB93947CC1450395F5B257EF4D67E46.d.B1277B438DD98A7B4AC99268A790A350.e.23004","ELEMENT":"f.0BB93947CC1450395F5B257EF4D67E46.d.B1277B438DD98A7B4AC99268A790A350.e.23004"}]}
COMMAND: GET /session/e57c885b60fd8cf462a4cfca6f098091/element/f.0BB93947CC1450395F5B257EF4D67E46.d.B1277B438DD98A7B4AC99268A790A350.e.23004/enabled - {}
COMMAND: GET /session/e57c885b60fd8cf462a4cfca6f098091/screenshot - {}
RESULT: {}
COMMAND: POST /session/e57c885b60fd8cf462a4cfca6f098091/element/f.0BB93947CC1450395F5B257EF4D67E46.d.B1277B438DD98A7B4AC99268A790A350.e.23004/clear - {}
COMMAND: GET /session/e57c885b60fd8cf462a4cfca6f098091/screenshot - {}
RESULT: {}
RESULT: {}
COMMAND: POST /session/e57c885b60fd8cf462a4cfca6f098091/element/f.0BB93947CC1450395F5B257EF4D67E46.d.B1277B438DD98A7B4AC99268A790A350.e.23004/value - {"text":"31222"}
COMMAND: GET /session/e57c885b60fd8cf462a4cfca6f098091/screenshot - {}
RESULT: {}
RESULT: {"text":"31222"}
COMMAND: GET /session/e57c885b60fd8cf462a4cfca6f098091/screenshot - {}
RESULT: {}
RESULT: {}
COMMAND: POST /session/e57c885b60fd8cf462a4cfca6f098091/actions - {"actions":[{"id":"action84","type":"key","parameters":{},"actions":[{"type":"keyDown","value":"î€‡"},{"type":"pause","duration":10},{"type":"keyUp","value":"î€‡"}]}]}
RESULT: {"actions":[{"id":"action84","type":"key","parameters":{},"actions":[{"type":"keyDown","value":"î€‡"},{"type":"pause","duration":10},{"type":"keyUp","value":"î€‡"}]}]}
COMMAND: GET /session/e57c885b60fd8cf462a4cfca6f098091/screenshot - {}
RESULT: {}
COMMAND: POST /session/e57c885b60fd8cf462a4cfca6f098091/element - {"using":"xpath","value":"//span[contains(@id, \"smartTable-header-inner\")]"}
RESULT: {"using":"xpath","value":"//span[contains(@id, \"smartTable-header-inner\")]"}
COMMAND: POST /session/e57c885b60fd8cf462a4cfca6f098091/elements - {"using":"xpath","value":"//span[contains(@id, \"smartTable-header-inner\")]"}
RESULT: {"using":"xpath","value":"//span[contains(@id, \"smartTable-header-inner\")]"}
COMMAND: POST /session/e57c885b60fd8cf462a4cfca6f098091/execute/sync - {"script":"<script> [56 bytes]","args":[{"element-6066-11e4-a52e-4f735466cecf":"f.0BB93947CC1450395F5B257EF4D67E46.d.B1277B438DD98A7B4AC99268A790A350.e.23624","ELEMENT":"f.0BB93947CC1450395F5B257EF4D67E46.d.B1277B438DD98A7B4AC99268A790A350.e.23624"}]}
RESULT: {"script":"<script> [56 bytes]","args":[{"element-6066-11e4-a52e-4f735466cecf":"f.0BB93947CC1450395F5B257EF4D67E46.d.B1277B438DD98A7B4AC99268A790A350.e.23624","ELEMENT":"f.0BB93947CC1450395F5B257EF4D67E46.d.B1277B438DD98A7B4AC99268A790A350.e.23624"}]}
COMMAND: POST /session/e57c885b60fd8cf462a4cfca6f098091/elements - {"using":"xpath","value":"//thead[contains(@class, \"sapMTableTH\")]/tr/th"}
COMMAND: GET /session/e57c885b60fd8cf462a4cfca6f098091/screenshot - {}
RESULT: {"using":"xpath","value":"//thead[contains(@class, \"sapMTableTH\")]/tr/th"}
COMMAND: GET /session/e57c885b60fd8cf462a4cfca6f098091/element/f.0BB93947CC1450395F5B257EF4D67E46.d.B1277B438DD98A7B4AC99268A790A350.e.23711/text - {}
RESULT: {}
RESULT: {}
COMMAND: GET /session/e57c885b60fd8cf462a4cfca6f098091/element/f.0BB93947CC1450395F5B257EF4D67E46.d.B1277B438DD98A7B4AC99268A790A350.e.23712/text - {}
RESULT: {}
COMMAND: GET /session/e57c885b60fd8cf462a4cfca6f098091/element/f.0BB93947CC1450395F5B257EF4D67E46.d.B1277B438DD98A7B4AC99268A790A350.e.22998/text - {}
RESULT: {}
COMMAND: GET /session/e57c885b60fd8cf462a4cfca6f098091/element/f.0BB93947CC1450395F5B257EF4D67E46.d.B1277B438DD98A7B4AC99268A790A350.e.23000/text - {}
RESULT: {}
COMMAND: GET /session/e57c885b60fd8cf462a4cfca6f098091/element/f.0BB93947CC1450395F5B257EF4D67E46.d.B1277B438DD98A7B4AC99268A790A350.e.23831/text - {}
RESULT: {}
COMMAND: GET /session/e57c885b60fd8cf462a4cfca6f098091/element/f.0BB93947CC1450395F5B257EF4D67E46.d.B1277B438DD98A7B4AC99268A790A350.e.23832/text - {}
RESULT: {}
COMMAND: GET /session/e57c885b60fd8cf462a4cfca6f098091/element/f.0BB93947CC1450395F5B257EF4D67E46.d.B1277B438DD98A7B4AC99268A790A350.e.23833/text - {}
RESULT: {}
COMMAND: GET /session/e57c885b60fd8cf462a4cfca6f098091/element/f.0BB93947CC1450395F5B257EF4D67E46.d.B1277B438DD98A7B4AC99268A790A350.e.23834/text - {}
RESULT: {}
COMMAND: GET /session/e57c885b60fd8cf462a4cfca6f098091/element/f.0BB93947CC1450395F5B257EF4D67E46.d.B1277B438DD98A7B4AC99268A790A350.e.23835/text - {}
RESULT: {}
COMMAND: GET /session/e57c885b60fd8cf462a4cfca6f098091/element/f.0BB93947CC1450395F5B257EF4D67E46.d.B1277B438DD98A7B4AC99268A790A350.e.23836/text - {}
RESULT: {}
COMMAND: GET /session/e57c885b60fd8cf462a4cfca6f098091/element/f.0BB93947CC1450395F5B257EF4D67E46.d.B1277B438DD98A7B4AC99268A790A350.e.23837/text - {}
RESULT: {}
COMMAND: GET /session/e57c885b60fd8cf462a4cfca6f098091/element/f.0BB93947CC1450395F5B257EF4D67E46.d.B1277B438DD98A7B4AC99268A790A350.e.23838/text - {}
RESULT: {}
COMMAND: GET /session/e57c885b60fd8cf462a4cfca6f098091/element/f.0BB93947CC1450395F5B257EF4D67E46.d.B1277B438DD98A7B4AC99268A790A350.e.23839/text - {}
RESULT: {}
COMMAND: GET /session/e57c885b60fd8cf462a4cfca6f098091/element/f.0BB93947CC1450395F5B257EF4D67E46.d.B1277B438DD98A7B4AC99268A790A350.e.23001/text - {}
RESULT: {}
COMMAND: POST /session/e57c885b60fd8cf462a4cfca6f098091/element - {"using":"xpath","value":"//tbody[contains(@id, \"customHandoversTable-tblBody\")]/tr[1]/td[14]/div/span"}
RESULT: {"using":"xpath","value":"//tbody[contains(@id, \"customHandoversTable-tblBody\")]/tr[1]/td[14]/div/span"}
COMMAND: POST /session/e57c885b60fd8cf462a4cfca6f098091/execute/sync - {"script":"<script> [56 bytes]","args":[{"element-6066-11e4-a52e-4f735466cecf":"f.0BB93947CC1450395F5B257EF4D67E46.d.B1277B438DD98A7B4AC99268A790A350.e.23883","ELEMENT":"f.0BB93947CC1450395F5B257EF4D67E46.d.B1277B438DD98A7B4AC99268A790A350.e.23883"}]}
RESULT: {"script":"<script> [56 bytes]","args":[{"element-6066-11e4-a52e-4f735466cecf":"f.0BB93947CC1450395F5B257EF4D67E46.d.B1277B438DD98A7B4AC99268A790A350.e.23883","ELEMENT":"f.0BB93947CC1450395F5B257EF4D67E46.d.B1277B438DD98A7B4AC99268A790A350.e.23883"}]}
COMMAND: POST /session/e57c885b60fd8cf462a4cfca6f098091/element - {"using":"css selector","value":"#shell-header-logo"}
COMMAND: GET /session/e57c885b60fd8cf462a4cfca6f098091/screenshot - {}
RESULT: {"using":"css selector","value":"#shell-header-logo"}
COMMAND: POST /session/e57c885b60fd8cf462a4cfca6f098091/element/f.0BB93947CC1450395F5B257EF4D67E46.d.B1277B438DD98A7B4AC99268A790A350.e.22680/click - {}
RESULT: {}
RESULT: {}
COMMAND: GET /session/e57c885b60fd8cf462a4cfca6f098091/screenshot - {}
RESULT: {}
]]></system-out>
    </testcase>
    <testcase classname="chrome.135_0_7049_96.windows.Billing_Calculation_-_Time_based_(considering_transport_times)_US139738" name="Should do another billing run but in around 17 days from today" time="77.036">
      <system-out><![CDATA[
RESULT: undefined
COMMAND: POST /session/e57c885b60fd8cf462a4cfca6f098091/element - {"using":"xpath","value":"//*[@id=\"__tile51\"]"}
RESULT: {"using":"xpath","value":"//*[@id=\"__tile51\"]"}
COMMAND: POST /session/e57c885b60fd8cf462a4cfca6f098091/element/f.0BB93947CC1450395F5B257EF4D67E46.d.B1277B438DD98A7B4AC99268A790A350.e.18257/click - {}
RESULT: {}
COMMAND: GET /session/e57c885b60fd8cf462a4cfca6f098091/screenshot - {}
RESULT: {}
RESULT: undefined
COMMAND: POST /session/e57c885b60fd8cf462a4cfca6f098091/execute/async - {"script":"<script> [776 bytes]","args":[{"enterText":"10692","selector":{"id":"application-managebillings-display-component---billRunCalcResult--smartFilterBar-btnBasicSearch","interaction":{"idSuffix":"I"}},"clearTextFirst":true,"interactionType":"ENTER_TEXT"}]}
RESULT: {"script":"<script> [776 bytes]","args":[{"enterText":"10692","selector":{"id":"application-managebillings-display-component---billRunCalcResult--smartFilterBar-btnBasicSearch","interaction":{"idSuffix":"I"}},"clearTextFirst":true,"interactionType":"ENTER_TEXT"}]}
COMMAND: POST /session/e57c885b60fd8cf462a4cfca6f098091/actions - {"actions":[{"id":"action85","type":"key","parameters":{},"actions":[{"type":"keyDown","value":"î€‡"},{"type":"pause","duration":10},{"type":"keyUp","value":"î€‡"}]}]}
RESULT: {"actions":[{"id":"action85","type":"key","parameters":{},"actions":[{"type":"keyDown","value":"î€‡"},{"type":"pause","duration":10},{"type":"keyUp","value":"î€‡"}]}]}
COMMAND: GET /session/e57c885b60fd8cf462a4cfca6f098091/screenshot - {}
RESULT: {}
COMMAND: POST /session/e57c885b60fd8cf462a4cfca6f098091/element - {"using":"xpath","value":"//td[@aria-colindex=\"1\"]/div/div[contains(@class, \"sapMCbBg\")]"}
RESULT: {"using":"xpath","value":"//td[@aria-colindex=\"1\"]/div/div[contains(@class, \"sapMCbBg\")]"}
COMMAND: POST /session/e57c885b60fd8cf462a4cfca6f098091/element/f.0BB93947CC1450395F5B257EF4D67E46.d.B1277B438DD98A7B4AC99268A790A350.e.24100/click - {}
RESULT: {}
COMMAND: GET /session/e57c885b60fd8cf462a4cfca6f098091/screenshot - {}
RESULT: {}
RESULT: undefined
COMMAND: POST /session/e57c885b60fd8cf462a4cfca6f098091/execute/async - {"script":"<script> [776 bytes]","args":[{"enterText":"05/11/25","selector":{"id":"application-managebillings-display-component---billRunCalcResult--contractBillRunDate","interaction":{"idSuffix":"inner"}},"clearTextFirst":true,"interactionType":"ENTER_TEXT"}]}
RESULT: {"script":"<script> [776 bytes]","args":[{"enterText":"05/11/25","selector":{"id":"application-managebillings-display-component---billRunCalcResult--contractBillRunDate","interaction":{"idSuffix":"inner"}},"clearTextFirst":true,"interactionType":"ENTER_TEXT"}]}
COMMAND: POST /session/e57c885b60fd8cf462a4cfca6f098091/element - {"using":"xpath","value":"//bdi[contains(text(), \"Trigger Calculation\")]"}
RESULT: {"using":"xpath","value":"//bdi[contains(text(), \"Trigger Calculation\")]"}
COMMAND: POST /session/e57c885b60fd8cf462a4cfca6f098091/element/f.0BB93947CC1450395F5B257EF4D67E46.d.B1277B438DD98A7B4AC99268A790A350.e.24151/click - {}
RESULT: {}
COMMAND: GET /session/e57c885b60fd8cf462a4cfca6f098091/screenshot - {}
RESULT: {}
COMMAND: POST /session/e57c885b60fd8cf462a4cfca6f098091/element - {"using":"xpath","value":"(//span[contains(@id, \"imgNav\")])[1]"}
RESULT: {"using":"xpath","value":"(//span[contains(@id, \"imgNav\")])[1]"}
COMMAND: POST /session/e57c885b60fd8cf462a4cfca6f098091/element/f.0BB93947CC1450395F5B257EF4D67E46.d.B1277B438DD98A7B4AC99268A790A350.e.24101/click - {}
RESULT: {}
COMMAND: GET /session/e57c885b60fd8cf462a4cfca6f098091/screenshot - {}
COMMAND: POST /session/e57c885b60fd8cf462a4cfca6f098091/element - {"using":"xpath","value":"//tr/td[6]/div[1]/span[1]/span[1]"}
RESULT: {}
RESULT: {"using":"xpath","value":"//tr/td[6]/div[1]/span[1]/span[1]"}
COMMAND: GET /session/e57c885b60fd8cf462a4cfca6f098091/element/f.0BB93947CC1450395F5B257EF4D67E46.d.B1277B438DD98A7B4AC99268A790A350.e.24156/text - {}
RESULT: {}
COMMAND: POST /session/e57c885b60fd8cf462a4cfca6f098091/element - {"using":"xpath","value":"(//span[contains(@id, \"imgNav\")])[2]"}
RESULT: {"using":"xpath","value":"(//span[contains(@id, \"imgNav\")])[2]"}
COMMAND: POST /session/e57c885b60fd8cf462a4cfca6f098091/element/f.0BB93947CC1450395F5B257EF4D67E46.d.B1277B438DD98A7B4AC99268A790A350.e.24157/click - {}
RESULT: {}
COMMAND: POST /session/e57c885b60fd8cf462a4cfca6f098091/element - {"using":"xpath","value":"//bdi[contains(text(), \"Business Confirm\")]"}
COMMAND: GET /session/e57c885b60fd8cf462a4cfca6f098091/screenshot - {}
RESULT: {"using":"xpath","value":"//bdi[contains(text(), \"Business Confirm\")]"}
COMMAND: POST /session/e57c885b60fd8cf462a4cfca6f098091/elements - {"using":"xpath","value":"//bdi[contains(text(), \"Business Confirm\")]"}
RESULT: {}
RESULT: {"using":"xpath","value":"//bdi[contains(text(), \"Business Confirm\")]"}
COMMAND: POST /session/e57c885b60fd8cf462a4cfca6f098091/element - {"using":"xpath","value":"//bdi[contains(text(), \"Business Confirm\")]"}
RESULT: {"using":"xpath","value":"//bdi[contains(text(), \"Business Confirm\")]"}
COMMAND: POST /session/e57c885b60fd8cf462a4cfca6f098091/element/f.0BB93947CC1450395F5B257EF4D67E46.d.B1277B438DD98A7B4AC99268A790A350.e.24160/click - {}
COMMAND: POST /session/e57c885b60fd8cf462a4cfca6f098091/element - {"using":"xpath","value":"//bdi[contains(text(), \"Business Confirm\")]"}
RESULT: {"using":"xpath","value":"//bdi[contains(text(), \"Business Confirm\")]"}
COMMAND: POST /session/e57c885b60fd8cf462a4cfca6f098091/element/f.0BB93947CC1450395F5B257EF4D67E46.d.B1277B438DD98A7B4AC99268A790A350.e.24160/click - {}
COMMAND: POST /session/e57c885b60fd8cf462a4cfca6f098091/element - {"using":"xpath","value":"//bdi[contains(text(), \"Business Confirm\")]"}
RESULT: {"using":"xpath","value":"//bdi[contains(text(), \"Business Confirm\")]"}
COMMAND: POST /session/e57c885b60fd8cf462a4cfca6f098091/element/f.0BB93947CC1450395F5B257EF4D67E46.d.B1277B438DD98A7B4AC99268A790A350.e.24212/click - {}
RESULT: {}
COMMAND: POST /session/e57c885b60fd8cf462a4cfca6f098091/element - {"using":"css selector","value":"#shell-header-logo"}
COMMAND: GET /session/e57c885b60fd8cf462a4cfca6f098091/screenshot - {}
RESULT: {"using":"css selector","value":"#shell-header-logo"}
COMMAND: POST /session/e57c885b60fd8cf462a4cfca6f098091/element/f.0BB93947CC1450395F5B257EF4D67E46.d.B1277B438DD98A7B4AC99268A790A350.e.23887/click - {}
RESULT: {}
RESULT: {}
COMMAND: GET /session/e57c885b60fd8cf462a4cfca6f098091/screenshot - {}
RESULT: {}
]]></system-out>
    </testcase>
    <testcase classname="chrome.135_0_7049_96.windows.Billing_Calculation_-_Time_based_(considering_transport_times)_US139738" name="Should transfer the billing all the way to completion" time="94.021">
      <system-out><![CDATA[
RESULT: undefined
COMMAND: POST /session/e57c885b60fd8cf462a4cfca6f098091/element - {"using":"xpath","value":"//*[@id=\"__tile50\"]"}
RESULT: {"using":"xpath","value":"//*[@id=\"__tile50\"]"}
COMMAND: POST /session/e57c885b60fd8cf462a4cfca6f098091/element/f.0BB93947CC1450395F5B257EF4D67E46.d.B1277B438DD98A7B4AC99268A790A350.e.18255/click - {}
RESULT: {}
COMMAND: POST /session/e57c885b60fd8cf462a4cfca6f098091/element - {"using":"xpath","value":"//input[contains(@id ,\"application-billingtransfer-display-component---billingWorkbench--smartFilterBar-btnBasicSearch\")]"}
COMMAND: GET /session/e57c885b60fd8cf462a4cfca6f098091/screenshot - {}
RESULT: {"using":"xpath","value":"//input[contains(@id ,\"application-billingtransfer-display-component---billingWorkbench--smartFilterBar-btnBasicSearch\")]"}
COMMAND: POST /session/e57c885b60fd8cf462a4cfca6f098091/elements - {"using":"xpath","value":"//input[contains(@id ,\"application-billingtransfer-display-component---billingWorkbench--smartFilterBar-btnBasicSearch\")]"}
RESULT: {}
RESULT: {"using":"xpath","value":"//input[contains(@id ,\"application-billingtransfer-display-component---billingWorkbench--smartFilterBar-btnBasicSearch\")]"}
COMMAND: POST /session/e57c885b60fd8cf462a4cfca6f098091/execute/sync - {"script":"<script> [8489 bytes]","args":[{"element-6066-11e4-a52e-4f735466cecf":"f.0BB93947CC1450395F5B257EF4D67E46.d.B1277B438DD98A7B4AC99268A790A350.e.24241","ELEMENT":"f.0BB93947CC1450395F5B257EF4D67E46.d.B1277B438DD98A7B4AC99268A790A350.e.24241"}]}
RESULT: {"script":"<script> [8489 bytes]","args":[{"element-6066-11e4-a52e-4f735466cecf":"f.0BB93947CC1450395F5B257EF4D67E46.d.B1277B438DD98A7B4AC99268A790A350.e.24241","ELEMENT":"f.0BB93947CC1450395F5B257EF4D67E46.d.B1277B438DD98A7B4AC99268A790A350.e.24241"}]}
COMMAND: GET /session/e57c885b60fd8cf462a4cfca6f098091/element/f.0BB93947CC1450395F5B257EF4D67E46.d.B1277B438DD98A7B4AC99268A790A350.e.24241/enabled - {}
COMMAND: GET /session/e57c885b60fd8cf462a4cfca6f098091/screenshot - {}
RESULT: {}
COMMAND: POST /session/e57c885b60fd8cf462a4cfca6f098091/element/f.0BB93947CC1450395F5B257EF4D67E46.d.B1277B438DD98A7B4AC99268A790A350.e.24241/click - {}
COMMAND: GET /session/e57c885b60fd8cf462a4cfca6f098091/screenshot - {}
RESULT: {}
RESULT: {}
COMMAND: GET /session/e57c885b60fd8cf462a4cfca6f098091/screenshot - {}
RESULT: {}
RESULT: {}
COMMAND: POST /session/e57c885b60fd8cf462a4cfca6f098091/element/f.0BB93947CC1450395F5B257EF4D67E46.d.B1277B438DD98A7B4AC99268A790A350.e.24241/clear - {}
RESULT: {}
COMMAND: POST /session/e57c885b60fd8cf462a4cfca6f098091/element/f.0BB93947CC1450395F5B257EF4D67E46.d.B1277B438DD98A7B4AC99268A790A350.e.24241/value - {"text":"10692"}
COMMAND: GET /session/e57c885b60fd8cf462a4cfca6f098091/screenshot - {}
RESULT: {"text":"10692"}
COMMAND: POST /session/e57c885b60fd8cf462a4cfca6f098091/actions - {"actions":[{"id":"action86","type":"key","parameters":{},"actions":[{"type":"keyDown","value":"î€‡"},{"type":"pause","duration":10},{"type":"keyUp","value":"î€‡"}]}]}
COMMAND: GET /session/e57c885b60fd8cf462a4cfca6f098091/screenshot - {}
RESULT: {}
RESULT: {"actions":[{"id":"action86","type":"key","parameters":{},"actions":[{"type":"keyDown","value":"î€‡"},{"type":"pause","duration":10},{"type":"keyUp","value":"î€‡"}]}]}
COMMAND: GET /session/e57c885b60fd8cf462a4cfca6f098091/screenshot - {}
RESULT: {}
RESULT: {}
COMMAND: POST /session/e57c885b60fd8cf462a4cfca6f098091/element - {"using":"xpath","value":"//span[contains(@id ,\"application-billingtransfer-display-component---billingWorkbench--smartTableBillingRuns-header-inner\")]"}
RESULT: {"using":"xpath","value":"//span[contains(@id ,\"application-billingtransfer-display-component---billingWorkbench--smartTableBillingRuns-header-inner\")]"}
COMMAND: POST /session/e57c885b60fd8cf462a4cfca6f098091/elements - {"using":"xpath","value":"//span[contains(@id ,\"application-billingtransfer-display-component---billingWorkbench--smartTableBillingRuns-header-inner\")]"}
RESULT: {"using":"xpath","value":"//span[contains(@id ,\"application-billingtransfer-display-component---billingWorkbench--smartTableBillingRuns-header-inner\")]"}
COMMAND: POST /session/e57c885b60fd8cf462a4cfca6f098091/execute/sync - {"script":"<script> [56 bytes]","args":[{"element-6066-11e4-a52e-4f735466cecf":"f.0BB93947CC1450395F5B257EF4D67E46.d.B1277B438DD98A7B4AC99268A790A350.e.24384","ELEMENT":"f.0BB93947CC1450395F5B257EF4D67E46.d.B1277B438DD98A7B4AC99268A790A350.e.24384"}]}
RESULT: {"script":"<script> [56 bytes]","args":[{"element-6066-11e4-a52e-4f735466cecf":"f.0BB93947CC1450395F5B257EF4D67E46.d.B1277B438DD98A7B4AC99268A790A350.e.24384","ELEMENT":"f.0BB93947CC1450395F5B257EF4D67E46.d.B1277B438DD98A7B4AC99268A790A350.e.24384"}]}
COMMAND: POST /session/e57c885b60fd8cf462a4cfca6f098091/element - {"using":"xpath","value":"//td[@aria-colindex=\"1\"]/div/div[contains(@class, \"sapMCbBg\")]"}
COMMAND: GET /session/e57c885b60fd8cf462a4cfca6f098091/screenshot - {}
RESULT: {"using":"xpath","value":"//td[@aria-colindex=\"1\"]/div/div[contains(@class, \"sapMCbBg\")]"}
COMMAND: POST /session/e57c885b60fd8cf462a4cfca6f098091/element/f.0BB93947CC1450395F5B257EF4D67E46.d.B1277B438DD98A7B4AC99268A790A350.e.24351/click - {}
RESULT: {}
RESULT: {}
COMMAND: GET /session/e57c885b60fd8cf462a4cfca6f098091/screenshot - {}
RESULT: {}
COMMAND: POST /session/e57c885b60fd8cf462a4cfca6f098091/element - {"using":"xpath","value":"//bdi[contains(text(), \"Check\")]"}
RESULT: {"using":"xpath","value":"//bdi[contains(text(), \"Check\")]"}
COMMAND: POST /session/e57c885b60fd8cf462a4cfca6f098091/element/f.0BB93947CC1450395F5B257EF4D67E46.d.B1277B438DD98A7B4AC99268A790A350.e.24385/click - {}
RESULT: {}
COMMAND: GET /session/e57c885b60fd8cf462a4cfca6f098091/screenshot - {}
RESULT: {}
COMMAND: POST /session/e57c885b60fd8cf462a4cfca6f098091/element - {"using":"xpath","value":"//bdi[contains(text(), \"OK\")]"}
RESULT: {"using":"xpath","value":"//bdi[contains(text(), \"OK\")]"}
COMMAND: POST /session/e57c885b60fd8cf462a4cfca6f098091/element/f.0BB93947CC1450395F5B257EF4D67E46.d.B1277B438DD98A7B4AC99268A790A350.e.24388/click - {}
RESULT: {}
COMMAND: GET /session/e57c885b60fd8cf462a4cfca6f098091/screenshot - {}
RESULT: {}
COMMAND: POST /session/e57c885b60fd8cf462a4cfca6f098091/element - {"using":"xpath","value":"(//span[contains(text(), \"CO/SD checked\")]/parent::div/preceding-sibling::div/span)[1]"}
RESULT: {"using":"xpath","value":"(//span[contains(text(), \"CO/SD checked\")]/parent::div/preceding-sibling::div/span)[1]"}
COMMAND: POST /session/e57c885b60fd8cf462a4cfca6f098091/element/f.0BB93947CC1450395F5B257EF4D67E46.d.B1277B438DD98A7B4AC99268A790A350.e.24397/click - {}
RESULT: {}
COMMAND: GET /session/e57c885b60fd8cf462a4cfca6f098091/screenshot - {}
RESULT: {}
COMMAND: POST /session/e57c885b60fd8cf462a4cfca6f098091/element - {"using":"xpath","value":"//input[contains(@id ,\"application-billingtransfer-display-component---billingWorkbench--smartFilterBar-btnBasicSearch\")]"}
RESULT: {"using":"xpath","value":"//input[contains(@id ,\"application-billingtransfer-display-component---billingWorkbench--smartFilterBar-btnBasicSearch\")]"}
COMMAND: POST /session/e57c885b60fd8cf462a4cfca6f098091/elements - {"using":"xpath","value":"//input[contains(@id ,\"application-billingtransfer-display-component---billingWorkbench--smartFilterBar-btnBasicSearch\")]"}
RESULT: {"using":"xpath","value":"//input[contains(@id ,\"application-billingtransfer-display-component---billingWorkbench--smartFilterBar-btnBasicSearch\")]"}
COMMAND: POST /session/e57c885b60fd8cf462a4cfca6f098091/execute/sync - {"script":"<script> [8489 bytes]","args":[{"element-6066-11e4-a52e-4f735466cecf":"f.0BB93947CC1450395F5B257EF4D67E46.d.B1277B438DD98A7B4AC99268A790A350.e.24241","ELEMENT":"f.0BB93947CC1450395F5B257EF4D67E46.d.B1277B438DD98A7B4AC99268A790A350.e.24241"}]}
RESULT: {"script":"<script> [8489 bytes]","args":[{"element-6066-11e4-a52e-4f735466cecf":"f.0BB93947CC1450395F5B257EF4D67E46.d.B1277B438DD98A7B4AC99268A790A350.e.24241","ELEMENT":"f.0BB93947CC1450395F5B257EF4D67E46.d.B1277B438DD98A7B4AC99268A790A350.e.24241"}]}
COMMAND: GET /session/e57c885b60fd8cf462a4cfca6f098091/element/f.0BB93947CC1450395F5B257EF4D67E46.d.B1277B438DD98A7B4AC99268A790A350.e.24241/enabled - {}
COMMAND: GET /session/e57c885b60fd8cf462a4cfca6f098091/screenshot - {}
RESULT: {}
COMMAND: POST /session/e57c885b60fd8cf462a4cfca6f098091/element/f.0BB93947CC1450395F5B257EF4D67E46.d.B1277B438DD98A7B4AC99268A790A350.e.24241/click - {}
COMMAND: GET /session/e57c885b60fd8cf462a4cfca6f098091/screenshot - {}
RESULT: {}
RESULT: {}
COMMAND: GET /session/e57c885b60fd8cf462a4cfca6f098091/screenshot - {}
RESULT: {}
RESULT: {}
COMMAND: POST /session/e57c885b60fd8cf462a4cfca6f098091/element/f.0BB93947CC1450395F5B257EF4D67E46.d.B1277B438DD98A7B4AC99268A790A350.e.24241/clear - {}
RESULT: {}
COMMAND: POST /session/e57c885b60fd8cf462a4cfca6f098091/element/f.0BB93947CC1450395F5B257EF4D67E46.d.B1277B438DD98A7B4AC99268A790A350.e.24241/value - {"text":"10692"}
COMMAND: GET /session/e57c885b60fd8cf462a4cfca6f098091/screenshot - {}
RESULT: {"text":"10692"}
COMMAND: POST /session/e57c885b60fd8cf462a4cfca6f098091/actions - {"actions":[{"id":"action87","type":"key","parameters":{},"actions":[{"type":"keyDown","value":"î€‡"},{"type":"pause","duration":10},{"type":"keyUp","value":"î€‡"}]}]}
COMMAND: GET /session/e57c885b60fd8cf462a4cfca6f098091/screenshot - {}
RESULT: {}
RESULT: {"actions":[{"id":"action87","type":"key","parameters":{},"actions":[{"type":"keyDown","value":"î€‡"},{"type":"pause","duration":10},{"type":"keyUp","value":"î€‡"}]}]}
COMMAND: GET /session/e57c885b60fd8cf462a4cfca6f098091/screenshot - {}
RESULT: {}
RESULT: {}
COMMAND: POST /session/e57c885b60fd8cf462a4cfca6f098091/element - {"using":"xpath","value":"//span[contains(@id ,\"application-billingtransfer-display-component---billingWorkbench--smartTableBillingRuns-header-inner\")]"}
RESULT: {"using":"xpath","value":"//span[contains(@id ,\"application-billingtransfer-display-component---billingWorkbench--smartTableBillingRuns-header-inner\")]"}
COMMAND: POST /session/e57c885b60fd8cf462a4cfca6f098091/elements - {"using":"xpath","value":"//span[contains(@id ,\"application-billingtransfer-display-component---billingWorkbench--smartTableBillingRuns-header-inner\")]"}
RESULT: {"using":"xpath","value":"//span[contains(@id ,\"application-billingtransfer-display-component---billingWorkbench--smartTableBillingRuns-header-inner\")]"}
COMMAND: POST /session/e57c885b60fd8cf462a4cfca6f098091/execute/sync - {"script":"<script> [56 bytes]","args":[{"element-6066-11e4-a52e-4f735466cecf":"f.0BB93947CC1450395F5B257EF4D67E46.d.B1277B438DD98A7B4AC99268A790A350.e.24384","ELEMENT":"f.0BB93947CC1450395F5B257EF4D67E46.d.B1277B438DD98A7B4AC99268A790A350.e.24384"}]}
RESULT: {"script":"<script> [56 bytes]","args":[{"element-6066-11e4-a52e-4f735466cecf":"f.0BB93947CC1450395F5B257EF4D67E46.d.B1277B438DD98A7B4AC99268A790A350.e.24384","ELEMENT":"f.0BB93947CC1450395F5B257EF4D67E46.d.B1277B438DD98A7B4AC99268A790A350.e.24384"}]}
COMMAND: GET /session/e57c885b60fd8cf462a4cfca6f098091/screenshot - {}
RESULT: {}
COMMAND: POST /session/e57c885b60fd8cf462a4cfca6f098091/execute/sync - {"script":"<script> [56 bytes]","args":[{"element-6066-11e4-a52e-4f735466cecf":"f.0BB93947CC1450395F5B257EF4D67E46.d.B1277B438DD98A7B4AC99268A790A350.e.24384","ELEMENT":"f.0BB93947CC1450395F5B257EF4D67E46.d.B1277B438DD98A7B4AC99268A790A350.e.24384"}]}
RESULT: {"script":"<script> [56 bytes]","args":[{"element-6066-11e4-a52e-4f735466cecf":"f.0BB93947CC1450395F5B257EF4D67E46.d.B1277B438DD98A7B4AC99268A790A350.e.24384","ELEMENT":"f.0BB93947CC1450395F5B257EF4D67E46.d.B1277B438DD98A7B4AC99268A790A350.e.24384"}]}
COMMAND: GET /session/e57c885b60fd8cf462a4cfca6f098091/screenshot - {}
RESULT: {}
COMMAND: POST /session/e57c885b60fd8cf462a4cfca6f098091/execute/sync - {"script":"<script> [56 bytes]","args":[{"element-6066-11e4-a52e-4f735466cecf":"f.0BB93947CC1450395F5B257EF4D67E46.d.B1277B438DD98A7B4AC99268A790A350.e.24384","ELEMENT":"f.0BB93947CC1450395F5B257EF4D67E46.d.B1277B438DD98A7B4AC99268A790A350.e.24384"}]}
RESULT: {"script":"<script> [56 bytes]","args":[{"element-6066-11e4-a52e-4f735466cecf":"f.0BB93947CC1450395F5B257EF4D67E46.d.B1277B438DD98A7B4AC99268A790A350.e.24384","ELEMENT":"f.0BB93947CC1450395F5B257EF4D67E46.d.B1277B438DD98A7B4AC99268A790A350.e.24384"}]}
COMMAND: GET /session/e57c885b60fd8cf462a4cfca6f098091/screenshot - {}
RESULT: {}
COMMAND: POST /session/e57c885b60fd8cf462a4cfca6f098091/execute/sync - {"script":"<script> [56 bytes]","args":[{"element-6066-11e4-a52e-4f735466cecf":"f.0BB93947CC1450395F5B257EF4D67E46.d.B1277B438DD98A7B4AC99268A790A350.e.24384","ELEMENT":"f.0BB93947CC1450395F5B257EF4D67E46.d.B1277B438DD98A7B4AC99268A790A350.e.24384"}]}
RESULT: {"script":"<script> [56 bytes]","args":[{"element-6066-11e4-a52e-4f735466cecf":"f.0BB93947CC1450395F5B257EF4D67E46.d.B1277B438DD98A7B4AC99268A790A350.e.24384","ELEMENT":"f.0BB93947CC1450395F5B257EF4D67E46.d.B1277B438DD98A7B4AC99268A790A350.e.24384"}]}
COMMAND: GET /session/e57c885b60fd8cf462a4cfca6f098091/screenshot - {}
RESULT: {}
COMMAND: POST /session/e57c885b60fd8cf462a4cfca6f098091/execute/sync - {"script":"<script> [56 bytes]","args":[{"element-6066-11e4-a52e-4f735466cecf":"f.0BB93947CC1450395F5B257EF4D67E46.d.B1277B438DD98A7B4AC99268A790A350.e.24384","ELEMENT":"f.0BB93947CC1450395F5B257EF4D67E46.d.B1277B438DD98A7B4AC99268A790A350.e.24384"}]}
RESULT: {"script":"<script> [56 bytes]","args":[{"element-6066-11e4-a52e-4f735466cecf":"f.0BB93947CC1450395F5B257EF4D67E46.d.B1277B438DD98A7B4AC99268A790A350.e.24384","ELEMENT":"f.0BB93947CC1450395F5B257EF4D67E46.d.B1277B438DD98A7B4AC99268A790A350.e.24384"}]}
COMMAND: GET /session/e57c885b60fd8cf462a4cfca6f098091/screenshot - {}
RESULT: {}
COMMAND: POST /session/e57c885b60fd8cf462a4cfca6f098091/execute/sync - {"script":"<script> [56 bytes]","args":[{"element-6066-11e4-a52e-4f735466cecf":"f.0BB93947CC1450395F5B257EF4D67E46.d.B1277B438DD98A7B4AC99268A790A350.e.24384","ELEMENT":"f.0BB93947CC1450395F5B257EF4D67E46.d.B1277B438DD98A7B4AC99268A790A350.e.24384"}]}
RESULT: {"script":"<script> [56 bytes]","args":[{"element-6066-11e4-a52e-4f735466cecf":"f.0BB93947CC1450395F5B257EF4D67E46.d.B1277B438DD98A7B4AC99268A790A350.e.24384","ELEMENT":"f.0BB93947CC1450395F5B257EF4D67E46.d.B1277B438DD98A7B4AC99268A790A350.e.24384"}]}
COMMAND: GET /session/e57c885b60fd8cf462a4cfca6f098091/screenshot - {}
RESULT: {}
COMMAND: POST /session/e57c885b60fd8cf462a4cfca6f098091/execute/sync - {"script":"<script> [56 bytes]","args":[{"element-6066-11e4-a52e-4f735466cecf":"f.0BB93947CC1450395F5B257EF4D67E46.d.B1277B438DD98A7B4AC99268A790A350.e.24384","ELEMENT":"f.0BB93947CC1450395F5B257EF4D67E46.d.B1277B438DD98A7B4AC99268A790A350.e.24384"}]}
RESULT: {"script":"<script> [56 bytes]","args":[{"element-6066-11e4-a52e-4f735466cecf":"f.0BB93947CC1450395F5B257EF4D67E46.d.B1277B438DD98A7B4AC99268A790A350.e.24384","ELEMENT":"f.0BB93947CC1450395F5B257EF4D67E46.d.B1277B438DD98A7B4AC99268A790A350.e.24384"}]}
COMMAND: GET /session/e57c885b60fd8cf462a4cfca6f098091/screenshot - {}
RESULT: {}
COMMAND: POST /session/e57c885b60fd8cf462a4cfca6f098091/execute/sync - {"script":"<script> [56 bytes]","args":[{"element-6066-11e4-a52e-4f735466cecf":"f.0BB93947CC1450395F5B257EF4D67E46.d.B1277B438DD98A7B4AC99268A790A350.e.24384","ELEMENT":"f.0BB93947CC1450395F5B257EF4D67E46.d.B1277B438DD98A7B4AC99268A790A350.e.24384"}]}
RESULT: {"script":"<script> [56 bytes]","args":[{"element-6066-11e4-a52e-4f735466cecf":"f.0BB93947CC1450395F5B257EF4D67E46.d.B1277B438DD98A7B4AC99268A790A350.e.24384","ELEMENT":"f.0BB93947CC1450395F5B257EF4D67E46.d.B1277B438DD98A7B4AC99268A790A350.e.24384"}]}
COMMAND: GET /session/e57c885b60fd8cf462a4cfca6f098091/screenshot - {}
RESULT: {}
COMMAND: POST /session/e57c885b60fd8cf462a4cfca6f098091/execute/sync - {"script":"<script> [56 bytes]","args":[{"element-6066-11e4-a52e-4f735466cecf":"f.0BB93947CC1450395F5B257EF4D67E46.d.B1277B438DD98A7B4AC99268A790A350.e.24384","ELEMENT":"f.0BB93947CC1450395F5B257EF4D67E46.d.B1277B438DD98A7B4AC99268A790A350.e.24384"}]}
RESULT: {"script":"<script> [56 bytes]","args":[{"element-6066-11e4-a52e-4f735466cecf":"f.0BB93947CC1450395F5B257EF4D67E46.d.B1277B438DD98A7B4AC99268A790A350.e.24384","ELEMENT":"f.0BB93947CC1450395F5B257EF4D67E46.d.B1277B438DD98A7B4AC99268A790A350.e.24384"}]}
COMMAND: GET /session/e57c885b60fd8cf462a4cfca6f098091/screenshot - {}
RESULT: {}
COMMAND: POST /session/e57c885b60fd8cf462a4cfca6f098091/execute/sync - {"script":"<script> [56 bytes]","args":[{"element-6066-11e4-a52e-4f735466cecf":"f.0BB93947CC1450395F5B257EF4D67E46.d.B1277B438DD98A7B4AC99268A790A350.e.24384","ELEMENT":"f.0BB93947CC1450395F5B257EF4D67E46.d.B1277B438DD98A7B4AC99268A790A350.e.24384"}]}
RESULT: {"script":"<script> [56 bytes]","args":[{"element-6066-11e4-a52e-4f735466cecf":"f.0BB93947CC1450395F5B257EF4D67E46.d.B1277B438DD98A7B4AC99268A790A350.e.24384","ELEMENT":"f.0BB93947CC1450395F5B257EF4D67E46.d.B1277B438DD98A7B4AC99268A790A350.e.24384"}]}
COMMAND: GET /session/e57c885b60fd8cf462a4cfca6f098091/screenshot - {}
RESULT: {}
COMMAND: POST /session/e57c885b60fd8cf462a4cfca6f098091/execute/sync - {"script":"<script> [56 bytes]","args":[{"element-6066-11e4-a52e-4f735466cecf":"f.0BB93947CC1450395F5B257EF4D67E46.d.B1277B438DD98A7B4AC99268A790A350.e.24384","ELEMENT":"f.0BB93947CC1450395F5B257EF4D67E46.d.B1277B438DD98A7B4AC99268A790A350.e.24384"}]}
RESULT: {"script":"<script> [56 bytes]","args":[{"element-6066-11e4-a52e-4f735466cecf":"f.0BB93947CC1450395F5B257EF4D67E46.d.B1277B438DD98A7B4AC99268A790A350.e.24384","ELEMENT":"f.0BB93947CC1450395F5B257EF4D67E46.d.B1277B438DD98A7B4AC99268A790A350.e.24384"}]}
COMMAND: GET /session/e57c885b60fd8cf462a4cfca6f098091/screenshot - {}
RESULT: {}
COMMAND: POST /session/e57c885b60fd8cf462a4cfca6f098091/execute/sync - {"script":"<script> [56 bytes]","args":[{"element-6066-11e4-a52e-4f735466cecf":"f.0BB93947CC1450395F5B257EF4D67E46.d.B1277B438DD98A7B4AC99268A790A350.e.24384","ELEMENT":"f.0BB93947CC1450395F5B257EF4D67E46.d.B1277B438DD98A7B4AC99268A790A350.e.24384"}]}
RESULT: {"script":"<script> [56 bytes]","args":[{"element-6066-11e4-a52e-4f735466cecf":"f.0BB93947CC1450395F5B257EF4D67E46.d.B1277B438DD98A7B4AC99268A790A350.e.24384","ELEMENT":"f.0BB93947CC1450395F5B257EF4D67E46.d.B1277B438DD98A7B4AC99268A790A350.e.24384"}]}
COMMAND: GET /session/e57c885b60fd8cf462a4cfca6f098091/screenshot - {}
RESULT: {}
COMMAND: POST /session/e57c885b60fd8cf462a4cfca6f098091/execute/sync - {"script":"<script> [56 bytes]","args":[{"element-6066-11e4-a52e-4f735466cecf":"f.0BB93947CC1450395F5B257EF4D67E46.d.B1277B438DD98A7B4AC99268A790A350.e.24384","ELEMENT":"f.0BB93947CC1450395F5B257EF4D67E46.d.B1277B438DD98A7B4AC99268A790A350.e.24384"}]}
RESULT: {"script":"<script> [56 bytes]","args":[{"element-6066-11e4-a52e-4f735466cecf":"f.0BB93947CC1450395F5B257EF4D67E46.d.B1277B438DD98A7B4AC99268A790A350.e.24384","ELEMENT":"f.0BB93947CC1450395F5B257EF4D67E46.d.B1277B438DD98A7B4AC99268A790A350.e.24384"}]}
COMMAND: GET /session/e57c885b60fd8cf462a4cfca6f098091/screenshot - {}
RESULT: {}
COMMAND: POST /session/e57c885b60fd8cf462a4cfca6f098091/execute/sync - {"script":"<script> [56 bytes]","args":[{"element-6066-11e4-a52e-4f735466cecf":"f.0BB93947CC1450395F5B257EF4D67E46.d.B1277B438DD98A7B4AC99268A790A350.e.24384","ELEMENT":"f.0BB93947CC1450395F5B257EF4D67E46.d.B1277B438DD98A7B4AC99268A790A350.e.24384"}]}
RESULT: {"script":"<script> [56 bytes]","args":[{"element-6066-11e4-a52e-4f735466cecf":"f.0BB93947CC1450395F5B257EF4D67E46.d.B1277B438DD98A7B4AC99268A790A350.e.24384","ELEMENT":"f.0BB93947CC1450395F5B257EF4D67E46.d.B1277B438DD98A7B4AC99268A790A350.e.24384"}]}
COMMAND: GET /session/e57c885b60fd8cf462a4cfca6f098091/screenshot - {}
RESULT: {}
COMMAND: POST /session/e57c885b60fd8cf462a4cfca6f098091/execute/sync - {"script":"<script> [56 bytes]","args":[{"element-6066-11e4-a52e-4f735466cecf":"f.0BB93947CC1450395F5B257EF4D67E46.d.B1277B438DD98A7B4AC99268A790A350.e.24384","ELEMENT":"f.0BB93947CC1450395F5B257EF4D67E46.d.B1277B438DD98A7B4AC99268A790A350.e.24384"}]}
RESULT: {"script":"<script> [56 bytes]","args":[{"element-6066-11e4-a52e-4f735466cecf":"f.0BB93947CC1450395F5B257EF4D67E46.d.B1277B438DD98A7B4AC99268A790A350.e.24384","ELEMENT":"f.0BB93947CC1450395F5B257EF4D67E46.d.B1277B438DD98A7B4AC99268A790A350.e.24384"}]}
COMMAND: GET /session/e57c885b60fd8cf462a4cfca6f098091/screenshot - {}
RESULT: {}
COMMAND: POST /session/e57c885b60fd8cf462a4cfca6f098091/execute/sync - {"script":"<script> [56 bytes]","args":[{"element-6066-11e4-a52e-4f735466cecf":"f.0BB93947CC1450395F5B257EF4D67E46.d.B1277B438DD98A7B4AC99268A790A350.e.24384","ELEMENT":"f.0BB93947CC1450395F5B257EF4D67E46.d.B1277B438DD98A7B4AC99268A790A350.e.24384"}]}
RESULT: {"script":"<script> [56 bytes]","args":[{"element-6066-11e4-a52e-4f735466cecf":"f.0BB93947CC1450395F5B257EF4D67E46.d.B1277B438DD98A7B4AC99268A790A350.e.24384","ELEMENT":"f.0BB93947CC1450395F5B257EF4D67E46.d.B1277B438DD98A7B4AC99268A790A350.e.24384"}]}
COMMAND: GET /session/e57c885b60fd8cf462a4cfca6f098091/screenshot - {}
RESULT: {}
COMMAND: POST /session/e57c885b60fd8cf462a4cfca6f098091/execute/sync - {"script":"<script> [56 bytes]","args":[{"element-6066-11e4-a52e-4f735466cecf":"f.0BB93947CC1450395F5B257EF4D67E46.d.B1277B438DD98A7B4AC99268A790A350.e.24384","ELEMENT":"f.0BB93947CC1450395F5B257EF4D67E46.d.B1277B438DD98A7B4AC99268A790A350.e.24384"}]}
RESULT: {"script":"<script> [56 bytes]","args":[{"element-6066-11e4-a52e-4f735466cecf":"f.0BB93947CC1450395F5B257EF4D67E46.d.B1277B438DD98A7B4AC99268A790A350.e.24384","ELEMENT":"f.0BB93947CC1450395F5B257EF4D67E46.d.B1277B438DD98A7B4AC99268A790A350.e.24384"}]}
COMMAND: GET /session/e57c885b60fd8cf462a4cfca6f098091/screenshot - {}
RESULT: {}
COMMAND: POST /session/e57c885b60fd8cf462a4cfca6f098091/execute/sync - {"script":"<script> [56 bytes]","args":[{"element-6066-11e4-a52e-4f735466cecf":"f.0BB93947CC1450395F5B257EF4D67E46.d.B1277B438DD98A7B4AC99268A790A350.e.24384","ELEMENT":"f.0BB93947CC1450395F5B257EF4D67E46.d.B1277B438DD98A7B4AC99268A790A350.e.24384"}]}
RESULT: {"script":"<script> [56 bytes]","args":[{"element-6066-11e4-a52e-4f735466cecf":"f.0BB93947CC1450395F5B257EF4D67E46.d.B1277B438DD98A7B4AC99268A790A350.e.24384","ELEMENT":"f.0BB93947CC1450395F5B257EF4D67E46.d.B1277B438DD98A7B4AC99268A790A350.e.24384"}]}
COMMAND: GET /session/e57c885b60fd8cf462a4cfca6f098091/screenshot - {}
RESULT: {}
COMMAND: POST /session/e57c885b60fd8cf462a4cfca6f098091/execute/sync - {"script":"<script> [56 bytes]","args":[{"element-6066-11e4-a52e-4f735466cecf":"f.0BB93947CC1450395F5B257EF4D67E46.d.B1277B438DD98A7B4AC99268A790A350.e.24384","ELEMENT":"f.0BB93947CC1450395F5B257EF4D67E46.d.B1277B438DD98A7B4AC99268A790A350.e.24384"}]}
RESULT: {"script":"<script> [56 bytes]","args":[{"element-6066-11e4-a52e-4f735466cecf":"f.0BB93947CC1450395F5B257EF4D67E46.d.B1277B438DD98A7B4AC99268A790A350.e.24384","ELEMENT":"f.0BB93947CC1450395F5B257EF4D67E46.d.B1277B438DD98A7B4AC99268A790A350.e.24384"}]}
COMMAND: GET /session/e57c885b60fd8cf462a4cfca6f098091/screenshot - {}
RESULT: {}
COMMAND: POST /session/e57c885b60fd8cf462a4cfca6f098091/execute/sync - {"script":"<script> [56 bytes]","args":[{"element-6066-11e4-a52e-4f735466cecf":"f.0BB93947CC1450395F5B257EF4D67E46.d.B1277B438DD98A7B4AC99268A790A350.e.24384","ELEMENT":"f.0BB93947CC1450395F5B257EF4D67E46.d.B1277B438DD98A7B4AC99268A790A350.e.24384"}]}
RESULT: {"script":"<script> [56 bytes]","args":[{"element-6066-11e4-a52e-4f735466cecf":"f.0BB93947CC1450395F5B257EF4D67E46.d.B1277B438DD98A7B4AC99268A790A350.e.24384","ELEMENT":"f.0BB93947CC1450395F5B257EF4D67E46.d.B1277B438DD98A7B4AC99268A790A350.e.24384"}]}
COMMAND: GET /session/e57c885b60fd8cf462a4cfca6f098091/screenshot - {}
RESULT: {}
COMMAND: POST /session/e57c885b60fd8cf462a4cfca6f098091/execute/sync - {"script":"<script> [56 bytes]","args":[{"element-6066-11e4-a52e-4f735466cecf":"f.0BB93947CC1450395F5B257EF4D67E46.d.B1277B438DD98A7B4AC99268A790A350.e.24384","ELEMENT":"f.0BB93947CC1450395F5B257EF4D67E46.d.B1277B438DD98A7B4AC99268A790A350.e.24384"}]}
RESULT: {"script":"<script> [56 bytes]","args":[{"element-6066-11e4-a52e-4f735466cecf":"f.0BB93947CC1450395F5B257EF4D67E46.d.B1277B438DD98A7B4AC99268A790A350.e.24384","ELEMENT":"f.0BB93947CC1450395F5B257EF4D67E46.d.B1277B438DD98A7B4AC99268A790A350.e.24384"}]}
COMMAND: GET /session/e57c885b60fd8cf462a4cfca6f098091/screenshot - {}
RESULT: {}
COMMAND: POST /session/e57c885b60fd8cf462a4cfca6f098091/execute/sync - {"script":"<script> [56 bytes]","args":[{"element-6066-11e4-a52e-4f735466cecf":"f.0BB93947CC1450395F5B257EF4D67E46.d.B1277B438DD98A7B4AC99268A790A350.e.24384","ELEMENT":"f.0BB93947CC1450395F5B257EF4D67E46.d.B1277B438DD98A7B4AC99268A790A350.e.24384"}]}
RESULT: {"script":"<script> [56 bytes]","args":[{"element-6066-11e4-a52e-4f735466cecf":"f.0BB93947CC1450395F5B257EF4D67E46.d.B1277B438DD98A7B4AC99268A790A350.e.24384","ELEMENT":"f.0BB93947CC1450395F5B257EF4D67E46.d.B1277B438DD98A7B4AC99268A790A350.e.24384"}]}
COMMAND: GET /session/e57c885b60fd8cf462a4cfca6f098091/screenshot - {}
RESULT: {}
COMMAND: POST /session/e57c885b60fd8cf462a4cfca6f098091/execute/sync - {"script":"<script> [56 bytes]","args":[{"element-6066-11e4-a52e-4f735466cecf":"f.0BB93947CC1450395F5B257EF4D67E46.d.B1277B438DD98A7B4AC99268A790A350.e.24384","ELEMENT":"f.0BB93947CC1450395F5B257EF4D67E46.d.B1277B438DD98A7B4AC99268A790A350.e.24384"}]}
RESULT: {"script":"<script> [56 bytes]","args":[{"element-6066-11e4-a52e-4f735466cecf":"f.0BB93947CC1450395F5B257EF4D67E46.d.B1277B438DD98A7B4AC99268A790A350.e.24384","ELEMENT":"f.0BB93947CC1450395F5B257EF4D67E46.d.B1277B438DD98A7B4AC99268A790A350.e.24384"}]}
COMMAND: GET /session/e57c885b60fd8cf462a4cfca6f098091/screenshot - {}
RESULT: {}
COMMAND: POST /session/e57c885b60fd8cf462a4cfca6f098091/execute/sync - {"script":"<script> [56 bytes]","args":[{"element-6066-11e4-a52e-4f735466cecf":"f.0BB93947CC1450395F5B257EF4D67E46.d.B1277B438DD98A7B4AC99268A790A350.e.24384","ELEMENT":"f.0BB93947CC1450395F5B257EF4D67E46.d.B1277B438DD98A7B4AC99268A790A350.e.24384"}]}
RESULT: {"script":"<script> [56 bytes]","args":[{"element-6066-11e4-a52e-4f735466cecf":"f.0BB93947CC1450395F5B257EF4D67E46.d.B1277B438DD98A7B4AC99268A790A350.e.24384","ELEMENT":"f.0BB93947CC1450395F5B257EF4D67E46.d.B1277B438DD98A7B4AC99268A790A350.e.24384"}]}
COMMAND: GET /session/e57c885b60fd8cf462a4cfca6f098091/screenshot - {}
RESULT: {}
COMMAND: POST /session/e57c885b60fd8cf462a4cfca6f098091/execute/sync - {"script":"<script> [56 bytes]","args":[{"element-6066-11e4-a52e-4f735466cecf":"f.0BB93947CC1450395F5B257EF4D67E46.d.B1277B438DD98A7B4AC99268A790A350.e.24384","ELEMENT":"f.0BB93947CC1450395F5B257EF4D67E46.d.B1277B438DD98A7B4AC99268A790A350.e.24384"}]}
RESULT: {"script":"<script> [56 bytes]","args":[{"element-6066-11e4-a52e-4f735466cecf":"f.0BB93947CC1450395F5B257EF4D67E46.d.B1277B438DD98A7B4AC99268A790A350.e.24384","ELEMENT":"f.0BB93947CC1450395F5B257EF4D67E46.d.B1277B438DD98A7B4AC99268A790A350.e.24384"}]}
COMMAND: GET /session/e57c885b60fd8cf462a4cfca6f098091/screenshot - {}
RESULT: {}
COMMAND: POST /session/e57c885b60fd8cf462a4cfca6f098091/execute/sync - {"script":"<script> [56 bytes]","args":[{"element-6066-11e4-a52e-4f735466cecf":"f.0BB93947CC1450395F5B257EF4D67E46.d.B1277B438DD98A7B4AC99268A790A350.e.24384","ELEMENT":"f.0BB93947CC1450395F5B257EF4D67E46.d.B1277B438DD98A7B4AC99268A790A350.e.24384"}]}
RESULT: {"script":"<script> [56 bytes]","args":[{"element-6066-11e4-a52e-4f735466cecf":"f.0BB93947CC1450395F5B257EF4D67E46.d.B1277B438DD98A7B4AC99268A790A350.e.24384","ELEMENT":"f.0BB93947CC1450395F5B257EF4D67E46.d.B1277B438DD98A7B4AC99268A790A350.e.24384"}]}
COMMAND: GET /session/e57c885b60fd8cf462a4cfca6f098091/screenshot - {}
COMMAND: POST /session/e57c885b60fd8cf462a4cfca6f098091/execute/sync - {"script":"<script> [56 bytes]","args":[{"element-6066-11e4-a52e-4f735466cecf":"f.0BB93947CC1450395F5B257EF4D67E46.d.B1277B438DD98A7B4AC99268A790A350.e.24384","ELEMENT":"f.0BB93947CC1450395F5B257EF4D67E46.d.B1277B438DD98A7B4AC99268A790A350.e.24384"}]}
RESULT: {}
RESULT: {"script":"<script> [56 bytes]","args":[{"element-6066-11e4-a52e-4f735466cecf":"f.0BB93947CC1450395F5B257EF4D67E46.d.B1277B438DD98A7B4AC99268A790A350.e.24384","ELEMENT":"f.0BB93947CC1450395F5B257EF4D67E46.d.B1277B438DD98A7B4AC99268A790A350.e.24384"}]}
COMMAND: POST /session/e57c885b60fd8cf462a4cfca6f098091/element - {"using":"xpath","value":"//td[@aria-colindex=\"1\"]/div/div[contains(@class, \"sapMCbBg\")]"}
COMMAND: GET /session/e57c885b60fd8cf462a4cfca6f098091/screenshot - {}
RESULT: {"using":"xpath","value":"//td[@aria-colindex=\"1\"]/div/div[contains(@class, \"sapMCbBg\")]"}
COMMAND: POST /session/e57c885b60fd8cf462a4cfca6f098091/element/f.0BB93947CC1450395F5B257EF4D67E46.d.B1277B438DD98A7B4AC99268A790A350.e.24400/click - {}
RESULT: {}
RESULT: {}
COMMAND: GET /session/e57c885b60fd8cf462a4cfca6f098091/screenshot - {}
RESULT: {}
COMMAND: POST /session/e57c885b60fd8cf462a4cfca6f098091/element - {"using":"xpath","value":"//bdi[text()=\"Transfer\"]"}
RESULT: {"using":"xpath","value":"//bdi[text()=\"Transfer\"]"}
COMMAND: POST /session/e57c885b60fd8cf462a4cfca6f098091/element/f.0BB93947CC1450395F5B257EF4D67E46.d.B1277B438DD98A7B4AC99268A790A350.e.24401/click - {}
RESULT: {}
COMMAND: GET /session/e57c885b60fd8cf462a4cfca6f098091/screenshot - {}
RESULT: {}
COMMAND: POST /session/e57c885b60fd8cf462a4cfca6f098091/element - {"using":"xpath","value":"//bdi[contains(text(), \"OK\")]"}
RESULT: {"using":"xpath","value":"//bdi[contains(text(), \"OK\")]"}
COMMAND: POST /session/e57c885b60fd8cf462a4cfca6f098091/element/f.0BB93947CC1450395F5B257EF4D67E46.d.B1277B438DD98A7B4AC99268A790A350.e.24404/click - {}
RESULT: {}
COMMAND: GET /session/e57c885b60fd8cf462a4cfca6f098091/screenshot - {}
RESULT: {}
COMMAND: POST /session/e57c885b60fd8cf462a4cfca6f098091/element - {"using":"xpath","value":"(//span[contains(text(), \"Completed\")]/parent::div/preceding-sibling::div/span)[1]"}
RESULT: {"using":"xpath","value":"(//span[contains(text(), \"Completed\")]/parent::div/preceding-sibling::div/span)[1]"}
COMMAND: POST /session/e57c885b60fd8cf462a4cfca6f098091/element/f.0BB93947CC1450395F5B257EF4D67E46.d.B1277B438DD98A7B4AC99268A790A350.e.24413/click - {}
RESULT: {}
COMMAND: POST /session/e57c885b60fd8cf462a4cfca6f098091/element - {"using":"xpath","value":"//input[contains(@id ,\"application-billingtransfer-display-component---billingWorkbench--smartFilterBar-btnBasicSearch\")]"}
COMMAND: GET /session/e57c885b60fd8cf462a4cfca6f098091/screenshot - {}
RESULT: {"using":"xpath","value":"//input[contains(@id ,\"application-billingtransfer-display-component---billingWorkbench--smartFilterBar-btnBasicSearch\")]"}
COMMAND: POST /session/e57c885b60fd8cf462a4cfca6f098091/elements - {"using":"xpath","value":"//input[contains(@id ,\"application-billingtransfer-display-component---billingWorkbench--smartFilterBar-btnBasicSearch\")]"}
RESULT: {}
RESULT: {"using":"xpath","value":"//input[contains(@id ,\"application-billingtransfer-display-component---billingWorkbench--smartFilterBar-btnBasicSearch\")]"}
COMMAND: POST /session/e57c885b60fd8cf462a4cfca6f098091/execute/sync - {"script":"<script> [8489 bytes]","args":[{"element-6066-11e4-a52e-4f735466cecf":"f.0BB93947CC1450395F5B257EF4D67E46.d.B1277B438DD98A7B4AC99268A790A350.e.24241","ELEMENT":"f.0BB93947CC1450395F5B257EF4D67E46.d.B1277B438DD98A7B4AC99268A790A350.e.24241"}]}
RESULT: {"script":"<script> [8489 bytes]","args":[{"element-6066-11e4-a52e-4f735466cecf":"f.0BB93947CC1450395F5B257EF4D67E46.d.B1277B438DD98A7B4AC99268A790A350.e.24241","ELEMENT":"f.0BB93947CC1450395F5B257EF4D67E46.d.B1277B438DD98A7B4AC99268A790A350.e.24241"}]}
COMMAND: GET /session/e57c885b60fd8cf462a4cfca6f098091/element/f.0BB93947CC1450395F5B257EF4D67E46.d.B1277B438DD98A7B4AC99268A790A350.e.24241/enabled - {}
COMMAND: GET /session/e57c885b60fd8cf462a4cfca6f098091/screenshot - {}
RESULT: {}
COMMAND: POST /session/e57c885b60fd8cf462a4cfca6f098091/element/f.0BB93947CC1450395F5B257EF4D67E46.d.B1277B438DD98A7B4AC99268A790A350.e.24241/click - {}
COMMAND: GET /session/e57c885b60fd8cf462a4cfca6f098091/screenshot - {}
RESULT: {}
RESULT: {}
COMMAND: GET /session/e57c885b60fd8cf462a4cfca6f098091/screenshot - {}
RESULT: {}
RESULT: {}
COMMAND: POST /session/e57c885b60fd8cf462a4cfca6f098091/element/f.0BB93947CC1450395F5B257EF4D67E46.d.B1277B438DD98A7B4AC99268A790A350.e.24241/clear - {}
RESULT: {}
COMMAND: POST /session/e57c885b60fd8cf462a4cfca6f098091/element/f.0BB93947CC1450395F5B257EF4D67E46.d.B1277B438DD98A7B4AC99268A790A350.e.24241/value - {"text":"10692"}
COMMAND: GET /session/e57c885b60fd8cf462a4cfca6f098091/screenshot - {}
RESULT: {"text":"10692"}
COMMAND: POST /session/e57c885b60fd8cf462a4cfca6f098091/actions - {"actions":[{"id":"action88","type":"key","parameters":{},"actions":[{"type":"keyDown","value":"î€‡"},{"type":"pause","duration":10},{"type":"keyUp","value":"î€‡"}]}]}
COMMAND: GET /session/e57c885b60fd8cf462a4cfca6f098091/screenshot - {}
RESULT: {}
RESULT: {"actions":[{"id":"action88","type":"key","parameters":{},"actions":[{"type":"keyDown","value":"î€‡"},{"type":"pause","duration":10},{"type":"keyUp","value":"î€‡"}]}]}
COMMAND: GET /session/e57c885b60fd8cf462a4cfca6f098091/screenshot - {}
RESULT: {}
RESULT: {}
COMMAND: POST /session/e57c885b60fd8cf462a4cfca6f098091/element - {"using":"xpath","value":"//span[contains(@id ,\"application-billingtransfer-display-component---billingWorkbench--smartTableBillingRuns-header-inner\")]"}
RESULT: {"using":"xpath","value":"//span[contains(@id ,\"application-billingtransfer-display-component---billingWorkbench--smartTableBillingRuns-header-inner\")]"}
COMMAND: POST /session/e57c885b60fd8cf462a4cfca6f098091/elements - {"using":"xpath","value":"//span[contains(@id ,\"application-billingtransfer-display-component---billingWorkbench--smartTableBillingRuns-header-inner\")]"}
RESULT: {"using":"xpath","value":"//span[contains(@id ,\"application-billingtransfer-display-component---billingWorkbench--smartTableBillingRuns-header-inner\")]"}
COMMAND: POST /session/e57c885b60fd8cf462a4cfca6f098091/execute/sync - {"script":"<script> [56 bytes]","args":[{"element-6066-11e4-a52e-4f735466cecf":"f.0BB93947CC1450395F5B257EF4D67E46.d.B1277B438DD98A7B4AC99268A790A350.e.24384","ELEMENT":"f.0BB93947CC1450395F5B257EF4D67E46.d.B1277B438DD98A7B4AC99268A790A350.e.24384"}]}
RESULT: {"script":"<script> [56 bytes]","args":[{"element-6066-11e4-a52e-4f735466cecf":"f.0BB93947CC1450395F5B257EF4D67E46.d.B1277B438DD98A7B4AC99268A790A350.e.24384","ELEMENT":"f.0BB93947CC1450395F5B257EF4D67E46.d.B1277B438DD98A7B4AC99268A790A350.e.24384"}]}
COMMAND: GET /session/e57c885b60fd8cf462a4cfca6f098091/screenshot - {}
RESULT: {}
COMMAND: POST /session/e57c885b60fd8cf462a4cfca6f098091/execute/sync - {"script":"<script> [56 bytes]","args":[{"element-6066-11e4-a52e-4f735466cecf":"f.0BB93947CC1450395F5B257EF4D67E46.d.B1277B438DD98A7B4AC99268A790A350.e.24384","ELEMENT":"f.0BB93947CC1450395F5B257EF4D67E46.d.B1277B438DD98A7B4AC99268A790A350.e.24384"}]}
RESULT: {"script":"<script> [56 bytes]","args":[{"element-6066-11e4-a52e-4f735466cecf":"f.0BB93947CC1450395F5B257EF4D67E46.d.B1277B438DD98A7B4AC99268A790A350.e.24384","ELEMENT":"f.0BB93947CC1450395F5B257EF4D67E46.d.B1277B438DD98A7B4AC99268A790A350.e.24384"}]}
COMMAND: GET /session/e57c885b60fd8cf462a4cfca6f098091/screenshot - {}
RESULT: {}
COMMAND: POST /session/e57c885b60fd8cf462a4cfca6f098091/execute/sync - {"script":"<script> [56 bytes]","args":[{"element-6066-11e4-a52e-4f735466cecf":"f.0BB93947CC1450395F5B257EF4D67E46.d.B1277B438DD98A7B4AC99268A790A350.e.24384","ELEMENT":"f.0BB93947CC1450395F5B257EF4D67E46.d.B1277B438DD98A7B4AC99268A790A350.e.24384"}]}
RESULT: {"script":"<script> [56 bytes]","args":[{"element-6066-11e4-a52e-4f735466cecf":"f.0BB93947CC1450395F5B257EF4D67E46.d.B1277B438DD98A7B4AC99268A790A350.e.24384","ELEMENT":"f.0BB93947CC1450395F5B257EF4D67E46.d.B1277B438DD98A7B4AC99268A790A350.e.24384"}]}
COMMAND: GET /session/e57c885b60fd8cf462a4cfca6f098091/screenshot - {}
COMMAND: POST /session/e57c885b60fd8cf462a4cfca6f098091/execute/sync - {"script":"<script> [56 bytes]","args":[{"element-6066-11e4-a52e-4f735466cecf":"f.0BB93947CC1450395F5B257EF4D67E46.d.B1277B438DD98A7B4AC99268A790A350.e.24384","ELEMENT":"f.0BB93947CC1450395F5B257EF4D67E46.d.B1277B438DD98A7B4AC99268A790A350.e.24384"}]}
RESULT: {}
RESULT: {"script":"<script> [56 bytes]","args":[{"element-6066-11e4-a52e-4f735466cecf":"f.0BB93947CC1450395F5B257EF4D67E46.d.B1277B438DD98A7B4AC99268A790A350.e.24384","ELEMENT":"f.0BB93947CC1450395F5B257EF4D67E46.d.B1277B438DD98A7B4AC99268A790A350.e.24384"}]}
COMMAND: GET /session/e57c885b60fd8cf462a4cfca6f098091/screenshot - {}
COMMAND: POST /session/e57c885b60fd8cf462a4cfca6f098091/execute/sync - {"script":"<script> [56 bytes]","args":[{"element-6066-11e4-a52e-4f735466cecf":"f.0BB93947CC1450395F5B257EF4D67E46.d.B1277B438DD98A7B4AC99268A790A350.e.24384","ELEMENT":"f.0BB93947CC1450395F5B257EF4D67E46.d.B1277B438DD98A7B4AC99268A790A350.e.24384"}]}
RESULT: {}
RESULT: {"script":"<script> [56 bytes]","args":[{"element-6066-11e4-a52e-4f735466cecf":"f.0BB93947CC1450395F5B257EF4D67E46.d.B1277B438DD98A7B4AC99268A790A350.e.24384","ELEMENT":"f.0BB93947CC1450395F5B257EF4D67E46.d.B1277B438DD98A7B4AC99268A790A350.e.24384"}]}
COMMAND: POST /session/e57c885b60fd8cf462a4cfca6f098091/element - {"using":"css selector","value":"#shell-header-logo"}
COMMAND: GET /session/e57c885b60fd8cf462a4cfca6f098091/screenshot - {}
RESULT: {"using":"css selector","value":"#shell-header-logo"}
COMMAND: POST /session/e57c885b60fd8cf462a4cfca6f098091/element/f.0BB93947CC1450395F5B257EF4D67E46.d.B1277B438DD98A7B4AC99268A790A350.e.24239/click - {}
RESULT: {}
RESULT: {}
COMMAND: GET /session/e57c885b60fd8cf462a4cfca6f098091/screenshot - {}
RESULT: {}
]]></system-out>
    </testcase>
    <testcase classname="chrome.135_0_7049_96.windows.Billing_Calculation_-_Time_based_(considering_transport_times)_US139738" name="Should do another billing run but in around 25 days from today" time="66.668">
      <system-out><![CDATA[
RESULT: undefined
COMMAND: POST /session/e57c885b60fd8cf462a4cfca6f098091/element - {"using":"xpath","value":"//*[@id=\"__tile51\"]"}
RESULT: {"using":"xpath","value":"//*[@id=\"__tile51\"]"}
COMMAND: POST /session/e57c885b60fd8cf462a4cfca6f098091/element/f.0BB93947CC1450395F5B257EF4D67E46.d.B1277B438DD98A7B4AC99268A790A350.e.18257/click - {}
RESULT: {}
COMMAND: GET /session/e57c885b60fd8cf462a4cfca6f098091/screenshot - {}
RESULT: undefined
COMMAND: POST /session/e57c885b60fd8cf462a4cfca6f098091/execute/async - {"script":"<script> [776 bytes]","args":[{"enterText":"10692","selector":{"id":"application-managebillings-display-component---billRunCalcResult--smartFilterBar-btnBasicSearch","interaction":{"idSuffix":"I"}},"clearTextFirst":true,"interactionType":"ENTER_TEXT"}]}
RESULT: {}
RESULT: {"script":"<script> [776 bytes]","args":[{"enterText":"10692","selector":{"id":"application-managebillings-display-component---billRunCalcResult--smartFilterBar-btnBasicSearch","interaction":{"idSuffix":"I"}},"clearTextFirst":true,"interactionType":"ENTER_TEXT"}]}
COMMAND: POST /session/e57c885b60fd8cf462a4cfca6f098091/actions - {"actions":[{"id":"action89","type":"key","parameters":{},"actions":[{"type":"keyDown","value":"î€‡"},{"type":"pause","duration":10},{"type":"keyUp","value":"î€‡"}]}]}
RESULT: {"actions":[{"id":"action89","type":"key","parameters":{},"actions":[{"type":"keyDown","value":"î€‡"},{"type":"pause","duration":10},{"type":"keyUp","value":"î€‡"}]}]}
COMMAND: GET /session/e57c885b60fd8cf462a4cfca6f098091/screenshot - {}
RESULT: {}
COMMAND: POST /session/e57c885b60fd8cf462a4cfca6f098091/element - {"using":"xpath","value":"//td[@aria-colindex=\"1\"]/div/div[contains(@class, \"sapMCbBg\")]"}
RESULT: {"using":"xpath","value":"//td[@aria-colindex=\"1\"]/div/div[contains(@class, \"sapMCbBg\")]"}
COMMAND: POST /session/e57c885b60fd8cf462a4cfca6f098091/element/f.0BB93947CC1450395F5B257EF4D67E46.d.B1277B438DD98A7B4AC99268A790A350.e.24632/click - {}
RESULT: {}
COMMAND: GET /session/e57c885b60fd8cf462a4cfca6f098091/screenshot - {}
RESULT: {}
RESULT: undefined
COMMAND: POST /session/e57c885b60fd8cf462a4cfca6f098091/execute/async - {"script":"<script> [776 bytes]","args":[{"enterText":"05/19/25","selector":{"id":"application-managebillings-display-component---billRunCalcResult--contractBillRunDate","interaction":{"idSuffix":"inner"}},"clearTextFirst":true,"interactionType":"ENTER_TEXT"}]}
RESULT: {"script":"<script> [776 bytes]","args":[{"enterText":"05/19/25","selector":{"id":"application-managebillings-display-component---billRunCalcResult--contractBillRunDate","interaction":{"idSuffix":"inner"}},"clearTextFirst":true,"interactionType":"ENTER_TEXT"}]}
COMMAND: POST /session/e57c885b60fd8cf462a4cfca6f098091/element - {"using":"xpath","value":"//bdi[contains(text(), \"Trigger Calculation\")]"}
RESULT: {"using":"xpath","value":"//bdi[contains(text(), \"Trigger Calculation\")]"}
COMMAND: POST /session/e57c885b60fd8cf462a4cfca6f098091/element/f.0BB93947CC1450395F5B257EF4D67E46.d.B1277B438DD98A7B4AC99268A790A350.e.24687/click - {}
RESULT: {}
COMMAND: GET /session/e57c885b60fd8cf462a4cfca6f098091/screenshot - {}
RESULT: {}
COMMAND: POST /session/e57c885b60fd8cf462a4cfca6f098091/element - {"using":"xpath","value":"(//span[contains(@id, \"imgNav\")])[1]"}
RESULT: {"using":"xpath","value":"(//span[contains(@id, \"imgNav\")])[1]"}
COMMAND: POST /session/e57c885b60fd8cf462a4cfca6f098091/element/f.0BB93947CC1450395F5B257EF4D67E46.d.B1277B438DD98A7B4AC99268A790A350.e.24633/click - {}
RESULT: {}
COMMAND: GET /session/e57c885b60fd8cf462a4cfca6f098091/screenshot - {}
RESULT: {}
COMMAND: POST /session/e57c885b60fd8cf462a4cfca6f098091/element - {"using":"xpath","value":"//tr/td[6]/div[1]/span[1]/span[1]"}
RESULT: {"using":"xpath","value":"//tr/td[6]/div[1]/span[1]/span[1]"}
COMMAND: GET /session/e57c885b60fd8cf462a4cfca6f098091/element/f.0BB93947CC1450395F5B257EF4D67E46.d.B1277B438DD98A7B4AC99268A790A350.e.24692/text - {}
RESULT: {}
COMMAND: POST /session/e57c885b60fd8cf462a4cfca6f098091/element - {"using":"xpath","value":"(//span[contains(@id, \"imgNav\")])[2]"}
RESULT: {"using":"xpath","value":"(//span[contains(@id, \"imgNav\")])[2]"}
COMMAND: POST /session/e57c885b60fd8cf462a4cfca6f098091/element/f.0BB93947CC1450395F5B257EF4D67E46.d.B1277B438DD98A7B4AC99268A790A350.e.24693/click - {}
RESULT: {}
COMMAND: POST /session/e57c885b60fd8cf462a4cfca6f098091/element - {"using":"xpath","value":"//bdi[contains(text(), \"Business Confirm\")]"}
COMMAND: GET /session/e57c885b60fd8cf462a4cfca6f098091/screenshot - {}
RESULT: {"using":"xpath","value":"//bdi[contains(text(), \"Business Confirm\")]"}
COMMAND: POST /session/e57c885b60fd8cf462a4cfca6f098091/elements - {"using":"xpath","value":"//bdi[contains(text(), \"Business Confirm\")]"}
RESULT: {}
RESULT: {"using":"xpath","value":"//bdi[contains(text(), \"Business Confirm\")]"}
COMMAND: POST /session/e57c885b60fd8cf462a4cfca6f098091/element - {"using":"xpath","value":"//bdi[contains(text(), \"Business Confirm\")]"}
RESULT: {"using":"xpath","value":"//bdi[contains(text(), \"Business Confirm\")]"}
COMMAND: POST /session/e57c885b60fd8cf462a4cfca6f098091/element/f.0BB93947CC1450395F5B257EF4D67E46.d.B1277B438DD98A7B4AC99268A790A350.e.24763/click - {}
RESULT: {}
COMMAND: POST /session/e57c885b60fd8cf462a4cfca6f098091/element - {"using":"css selector","value":"#shell-header-logo"}
COMMAND: GET /session/e57c885b60fd8cf462a4cfca6f098091/screenshot - {}
RESULT: {"using":"css selector","value":"#shell-header-logo"}
COMMAND: POST /session/e57c885b60fd8cf462a4cfca6f098091/element/f.0BB93947CC1450395F5B257EF4D67E46.d.B1277B438DD98A7B4AC99268A790A350.e.24423/click - {}
RESULT: {}
RESULT: {}
COMMAND: GET /session/e57c885b60fd8cf462a4cfca6f098091/screenshot - {}
RESULT: {}
]]></system-out>
    </testcase>
    <testcase classname="chrome.135_0_7049_96.windows.Billing_Calculation_-_Time_based_(considering_transport_times)_US139738" name="Should transfer the billing all the way to completion" time="82.559">
      <system-out><![CDATA[
RESULT: undefined
COMMAND: POST /session/e57c885b60fd8cf462a4cfca6f098091/element - {"using":"xpath","value":"//*[@id=\"__tile50\"]"}
RESULT: {"using":"xpath","value":"//*[@id=\"__tile50\"]"}
COMMAND: POST /session/e57c885b60fd8cf462a4cfca6f098091/element/f.0BB93947CC1450395F5B257EF4D67E46.d.B1277B438DD98A7B4AC99268A790A350.e.18255/click - {}
RESULT: {}
COMMAND: POST /session/e57c885b60fd8cf462a4cfca6f098091/element - {"using":"xpath","value":"//input[contains(@id ,\"application-billingtransfer-display-component---billingWorkbench--smartFilterBar-btnBasicSearch\")]"}
COMMAND: GET /session/e57c885b60fd8cf462a4cfca6f098091/screenshot - {}
RESULT: {"using":"xpath","value":"//input[contains(@id ,\"application-billingtransfer-display-component---billingWorkbench--smartFilterBar-btnBasicSearch\")]"}
COMMAND: POST /session/e57c885b60fd8cf462a4cfca6f098091/elements - {"using":"xpath","value":"//input[contains(@id ,\"application-billingtransfer-display-component---billingWorkbench--smartFilterBar-btnBasicSearch\")]"}
RESULT: {}
RESULT: {"using":"xpath","value":"//input[contains(@id ,\"application-billingtransfer-display-component---billingWorkbench--smartFilterBar-btnBasicSearch\")]"}
COMMAND: POST /session/e57c885b60fd8cf462a4cfca6f098091/execute/sync - {"script":"<script> [8489 bytes]","args":[{"element-6066-11e4-a52e-4f735466cecf":"f.0BB93947CC1450395F5B257EF4D67E46.d.B1277B438DD98A7B4AC99268A790A350.e.24773","ELEMENT":"f.0BB93947CC1450395F5B257EF4D67E46.d.B1277B438DD98A7B4AC99268A790A350.e.24773"}]}
RESULT: {"script":"<script> [8489 bytes]","args":[{"element-6066-11e4-a52e-4f735466cecf":"f.0BB93947CC1450395F5B257EF4D67E46.d.B1277B438DD98A7B4AC99268A790A350.e.24773","ELEMENT":"f.0BB93947CC1450395F5B257EF4D67E46.d.B1277B438DD98A7B4AC99268A790A350.e.24773"}]}
COMMAND: GET /session/e57c885b60fd8cf462a4cfca6f098091/element/f.0BB93947CC1450395F5B257EF4D67E46.d.B1277B438DD98A7B4AC99268A790A350.e.24773/enabled - {}
COMMAND: GET /session/e57c885b60fd8cf462a4cfca6f098091/screenshot - {}
RESULT: {}
COMMAND: POST /session/e57c885b60fd8cf462a4cfca6f098091/element/f.0BB93947CC1450395F5B257EF4D67E46.d.B1277B438DD98A7B4AC99268A790A350.e.24773/click - {}
COMMAND: GET /session/e57c885b60fd8cf462a4cfca6f098091/screenshot - {}
RESULT: {}
RESULT: {}
COMMAND: GET /session/e57c885b60fd8cf462a4cfca6f098091/screenshot - {}
RESULT: {}
RESULT: {}
COMMAND: POST /session/e57c885b60fd8cf462a4cfca6f098091/element/f.0BB93947CC1450395F5B257EF4D67E46.d.B1277B438DD98A7B4AC99268A790A350.e.24773/clear - {}
RESULT: {}
COMMAND: POST /session/e57c885b60fd8cf462a4cfca6f098091/element/f.0BB93947CC1450395F5B257EF4D67E46.d.B1277B438DD98A7B4AC99268A790A350.e.24773/value - {"text":"10692"}
COMMAND: GET /session/e57c885b60fd8cf462a4cfca6f098091/screenshot - {}
RESULT: {"text":"10692"}
COMMAND: POST /session/e57c885b60fd8cf462a4cfca6f098091/actions - {"actions":[{"id":"action90","type":"key","parameters":{},"actions":[{"type":"keyDown","value":"î€‡"},{"type":"pause","duration":10},{"type":"keyUp","value":"î€‡"}]}]}
COMMAND: GET /session/e57c885b60fd8cf462a4cfca6f098091/screenshot - {}
RESULT: {}
RESULT: {"actions":[{"id":"action90","type":"key","parameters":{},"actions":[{"type":"keyDown","value":"î€‡"},{"type":"pause","duration":10},{"type":"keyUp","value":"î€‡"}]}]}
COMMAND: GET /session/e57c885b60fd8cf462a4cfca6f098091/screenshot - {}
RESULT: {}
RESULT: {}
COMMAND: POST /session/e57c885b60fd8cf462a4cfca6f098091/element - {"using":"xpath","value":"//span[contains(@id ,\"application-billingtransfer-display-component---billingWorkbench--smartTableBillingRuns-header-inner\")]"}
RESULT: {"using":"xpath","value":"//span[contains(@id ,\"application-billingtransfer-display-component---billingWorkbench--smartTableBillingRuns-header-inner\")]"}
COMMAND: POST /session/e57c885b60fd8cf462a4cfca6f098091/elements - {"using":"xpath","value":"//span[contains(@id ,\"application-billingtransfer-display-component---billingWorkbench--smartTableBillingRuns-header-inner\")]"}
RESULT: {"using":"xpath","value":"//span[contains(@id ,\"application-billingtransfer-display-component---billingWorkbench--smartTableBillingRuns-header-inner\")]"}
COMMAND: POST /session/e57c885b60fd8cf462a4cfca6f098091/execute/sync - {"script":"<script> [56 bytes]","args":[{"element-6066-11e4-a52e-4f735466cecf":"f.0BB93947CC1450395F5B257EF4D67E46.d.B1277B438DD98A7B4AC99268A790A350.e.25090","ELEMENT":"f.0BB93947CC1450395F5B257EF4D67E46.d.B1277B438DD98A7B4AC99268A790A350.e.25090"}]}
RESULT: {"script":"<script> [56 bytes]","args":[{"element-6066-11e4-a52e-4f735466cecf":"f.0BB93947CC1450395F5B257EF4D67E46.d.B1277B438DD98A7B4AC99268A790A350.e.25090","ELEMENT":"f.0BB93947CC1450395F5B257EF4D67E46.d.B1277B438DD98A7B4AC99268A790A350.e.25090"}]}
COMMAND: POST /session/e57c885b60fd8cf462a4cfca6f098091/element - {"using":"xpath","value":"//td[@aria-colindex=\"1\"]/div/div[contains(@class, \"sapMCbBg\")]"}
RESULT: {"using":"xpath","value":"//td[@aria-colindex=\"1\"]/div/div[contains(@class, \"sapMCbBg\")]"}
COMMAND: POST /session/e57c885b60fd8cf462a4cfca6f098091/element/f.0BB93947CC1450395F5B257EF4D67E46.d.B1277B438DD98A7B4AC99268A790A350.e.25062/click - {}
COMMAND: GET /session/e57c885b60fd8cf462a4cfca6f098091/screenshot - {}
RESULT: {}
COMMAND: GET /session/e57c885b60fd8cf462a4cfca6f098091/screenshot - {}
RESULT: {}
RESULT: {}
COMMAND: POST /session/e57c885b60fd8cf462a4cfca6f098091/element - {"using":"xpath","value":"//bdi[contains(text(), \"Check\")]"}
RESULT: {"using":"xpath","value":"//bdi[contains(text(), \"Check\")]"}
COMMAND: POST /session/e57c885b60fd8cf462a4cfca6f098091/element/f.0BB93947CC1450395F5B257EF4D67E46.d.B1277B438DD98A7B4AC99268A790A350.e.25091/click - {}
RESULT: {}
COMMAND: GET /session/e57c885b60fd8cf462a4cfca6f098091/screenshot - {}
RESULT: {}
COMMAND: POST /session/e57c885b60fd8cf462a4cfca6f098091/element - {"using":"xpath","value":"//bdi[contains(text(), \"OK\")]"}
RESULT: {"using":"xpath","value":"//bdi[contains(text(), \"OK\")]"}
COMMAND: POST /session/e57c885b60fd8cf462a4cfca6f098091/element/f.0BB93947CC1450395F5B257EF4D67E46.d.B1277B438DD98A7B4AC99268A790A350.e.25094/click - {}
RESULT: {}
COMMAND: GET /session/e57c885b60fd8cf462a4cfca6f098091/screenshot - {}
RESULT: {}
COMMAND: POST /session/e57c885b60fd8cf462a4cfca6f098091/element - {"using":"xpath","value":"(//span[contains(text(), \"CO/SD checked\")]/parent::div/preceding-sibling::div/span)[1]"}
RESULT: {"using":"xpath","value":"(//span[contains(text(), \"CO/SD checked\")]/parent::div/preceding-sibling::div/span)[1]"}
COMMAND: POST /session/e57c885b60fd8cf462a4cfca6f098091/element/f.0BB93947CC1450395F5B257EF4D67E46.d.B1277B438DD98A7B4AC99268A790A350.e.25104/click - {}
RESULT: {}
COMMAND: GET /session/e57c885b60fd8cf462a4cfca6f098091/screenshot - {}
RESULT: {}
COMMAND: POST /session/e57c885b60fd8cf462a4cfca6f098091/element - {"using":"xpath","value":"//input[contains(@id ,\"application-billingtransfer-display-component---billingWorkbench--smartFilterBar-btnBasicSearch\")]"}
RESULT: {"using":"xpath","value":"//input[contains(@id ,\"application-billingtransfer-display-component---billingWorkbench--smartFilterBar-btnBasicSearch\")]"}
COMMAND: POST /session/e57c885b60fd8cf462a4cfca6f098091/elements - {"using":"xpath","value":"//input[contains(@id ,\"application-billingtransfer-display-component---billingWorkbench--smartFilterBar-btnBasicSearch\")]"}
RESULT: {"using":"xpath","value":"//input[contains(@id ,\"application-billingtransfer-display-component---billingWorkbench--smartFilterBar-btnBasicSearch\")]"}
COMMAND: POST /session/e57c885b60fd8cf462a4cfca6f098091/execute/sync - {"script":"<script> [8489 bytes]","args":[{"element-6066-11e4-a52e-4f735466cecf":"f.0BB93947CC1450395F5B257EF4D67E46.d.B1277B438DD98A7B4AC99268A790A350.e.24773","ELEMENT":"f.0BB93947CC1450395F5B257EF4D67E46.d.B1277B438DD98A7B4AC99268A790A350.e.24773"}]}
RESULT: {"script":"<script> [8489 bytes]","args":[{"element-6066-11e4-a52e-4f735466cecf":"f.0BB93947CC1450395F5B257EF4D67E46.d.B1277B438DD98A7B4AC99268A790A350.e.24773","ELEMENT":"f.0BB93947CC1450395F5B257EF4D67E46.d.B1277B438DD98A7B4AC99268A790A350.e.24773"}]}
COMMAND: GET /session/e57c885b60fd8cf462a4cfca6f098091/element/f.0BB93947CC1450395F5B257EF4D67E46.d.B1277B438DD98A7B4AC99268A790A350.e.24773/enabled - {}
RESULT: {}
COMMAND: POST /session/e57c885b60fd8cf462a4cfca6f098091/element/f.0BB93947CC1450395F5B257EF4D67E46.d.B1277B438DD98A7B4AC99268A790A350.e.24773/click - {}
COMMAND: GET /session/e57c885b60fd8cf462a4cfca6f098091/screenshot - {}
COMMAND: GET /session/e57c885b60fd8cf462a4cfca6f098091/screenshot - {}
RESULT: {}
COMMAND: GET /session/e57c885b60fd8cf462a4cfca6f098091/screenshot - {}
RESULT: {}
RESULT: {}
RESULT: {}
COMMAND: POST /session/e57c885b60fd8cf462a4cfca6f098091/element/f.0BB93947CC1450395F5B257EF4D67E46.d.B1277B438DD98A7B4AC99268A790A350.e.24773/clear - {}
RESULT: {}
COMMAND: POST /session/e57c885b60fd8cf462a4cfca6f098091/element/f.0BB93947CC1450395F5B257EF4D67E46.d.B1277B438DD98A7B4AC99268A790A350.e.24773/value - {"text":"10692"}
COMMAND: GET /session/e57c885b60fd8cf462a4cfca6f098091/screenshot - {}
RESULT: {"text":"10692"}
COMMAND: POST /session/e57c885b60fd8cf462a4cfca6f098091/actions - {"actions":[{"id":"action91","type":"key","parameters":{},"actions":[{"type":"keyDown","value":"î€‡"},{"type":"pause","duration":10},{"type":"keyUp","value":"î€‡"}]}]}
COMMAND: GET /session/e57c885b60fd8cf462a4cfca6f098091/screenshot - {}
RESULT: {}
RESULT: {"actions":[{"id":"action91","type":"key","parameters":{},"actions":[{"type":"keyDown","value":"î€‡"},{"type":"pause","duration":10},{"type":"keyUp","value":"î€‡"}]}]}
COMMAND: GET /session/e57c885b60fd8cf462a4cfca6f098091/screenshot - {}
RESULT: {}
RESULT: {}
COMMAND: POST /session/e57c885b60fd8cf462a4cfca6f098091/element - {"using":"xpath","value":"//span[contains(@id ,\"application-billingtransfer-display-component---billingWorkbench--smartTableBillingRuns-header-inner\")]"}
RESULT: {"using":"xpath","value":"//span[contains(@id ,\"application-billingtransfer-display-component---billingWorkbench--smartTableBillingRuns-header-inner\")]"}
COMMAND: POST /session/e57c885b60fd8cf462a4cfca6f098091/elements - {"using":"xpath","value":"//span[contains(@id ,\"application-billingtransfer-display-component---billingWorkbench--smartTableBillingRuns-header-inner\")]"}
RESULT: {"using":"xpath","value":"//span[contains(@id ,\"application-billingtransfer-display-component---billingWorkbench--smartTableBillingRuns-header-inner\")]"}
COMMAND: POST /session/e57c885b60fd8cf462a4cfca6f098091/execute/sync - {"script":"<script> [56 bytes]","args":[{"element-6066-11e4-a52e-4f735466cecf":"f.0BB93947CC1450395F5B257EF4D67E46.d.B1277B438DD98A7B4AC99268A790A350.e.25090","ELEMENT":"f.0BB93947CC1450395F5B257EF4D67E46.d.B1277B438DD98A7B4AC99268A790A350.e.25090"}]}
RESULT: {"script":"<script> [56 bytes]","args":[{"element-6066-11e4-a52e-4f735466cecf":"f.0BB93947CC1450395F5B257EF4D67E46.d.B1277B438DD98A7B4AC99268A790A350.e.25090","ELEMENT":"f.0BB93947CC1450395F5B257EF4D67E46.d.B1277B438DD98A7B4AC99268A790A350.e.25090"}]}
COMMAND: POST /session/e57c885b60fd8cf462a4cfca6f098091/element - {"using":"xpath","value":"//td[@aria-colindex=\"1\"]/div/div[contains(@class, \"sapMCbBg\")]"}
COMMAND: GET /session/e57c885b60fd8cf462a4cfca6f098091/screenshot - {}
RESULT: {"using":"xpath","value":"//td[@aria-colindex=\"1\"]/div/div[contains(@class, \"sapMCbBg\")]"}
COMMAND: POST /session/e57c885b60fd8cf462a4cfca6f098091/element/f.0BB93947CC1450395F5B257EF4D67E46.d.B1277B438DD98A7B4AC99268A790A350.e.25107/click - {}
RESULT: {}
RESULT: {}
COMMAND: GET /session/e57c885b60fd8cf462a4cfca6f098091/screenshot - {}
RESULT: {}
COMMAND: POST /session/e57c885b60fd8cf462a4cfca6f098091/element - {"using":"xpath","value":"//bdi[text()=\"Transfer\"]"}
RESULT: {"using":"xpath","value":"//bdi[text()=\"Transfer\"]"}
COMMAND: POST /session/e57c885b60fd8cf462a4cfca6f098091/element/f.0BB93947CC1450395F5B257EF4D67E46.d.B1277B438DD98A7B4AC99268A790A350.e.25108/click - {}
RESULT: {}
COMMAND: GET /session/e57c885b60fd8cf462a4cfca6f098091/screenshot - {}
RESULT: {}
COMMAND: POST /session/e57c885b60fd8cf462a4cfca6f098091/element - {"using":"xpath","value":"//bdi[contains(text(), \"OK\")]"}
RESULT: {"using":"xpath","value":"//bdi[contains(text(), \"OK\")]"}
COMMAND: POST /session/e57c885b60fd8cf462a4cfca6f098091/element/f.0BB93947CC1450395F5B257EF4D67E46.d.B1277B438DD98A7B4AC99268A790A350.e.25111/click - {}
RESULT: {}
COMMAND: GET /session/e57c885b60fd8cf462a4cfca6f098091/screenshot - {}
RESULT: {}
COMMAND: POST /session/e57c885b60fd8cf462a4cfca6f098091/element - {"using":"xpath","value":"(//span[contains(text(), \"Completed\")]/parent::div/preceding-sibling::div/span)[1]"}
RESULT: {"using":"xpath","value":"(//span[contains(text(), \"Completed\")]/parent::div/preceding-sibling::div/span)[1]"}
COMMAND: POST /session/e57c885b60fd8cf462a4cfca6f098091/element/f.0BB93947CC1450395F5B257EF4D67E46.d.B1277B438DD98A7B4AC99268A790A350.e.25119/click - {}
RESULT: {}
COMMAND: POST /session/e57c885b60fd8cf462a4cfca6f098091/element - {"using":"xpath","value":"//input[contains(@id ,\"application-billingtransfer-display-component---billingWorkbench--smartFilterBar-btnBasicSearch\")]"}
COMMAND: GET /session/e57c885b60fd8cf462a4cfca6f098091/screenshot - {}
RESULT: {"using":"xpath","value":"//input[contains(@id ,\"application-billingtransfer-display-component---billingWorkbench--smartFilterBar-btnBasicSearch\")]"}
COMMAND: POST /session/e57c885b60fd8cf462a4cfca6f098091/elements - {"using":"xpath","value":"//input[contains(@id ,\"application-billingtransfer-display-component---billingWorkbench--smartFilterBar-btnBasicSearch\")]"}
RESULT: {}
RESULT: {"using":"xpath","value":"//input[contains(@id ,\"application-billingtransfer-display-component---billingWorkbench--smartFilterBar-btnBasicSearch\")]"}
COMMAND: POST /session/e57c885b60fd8cf462a4cfca6f098091/execute/sync - {"script":"<script> [8489 bytes]","args":[{"element-6066-11e4-a52e-4f735466cecf":"f.0BB93947CC1450395F5B257EF4D67E46.d.B1277B438DD98A7B4AC99268A790A350.e.24773","ELEMENT":"f.0BB93947CC1450395F5B257EF4D67E46.d.B1277B438DD98A7B4AC99268A790A350.e.24773"}]}
RESULT: {"script":"<script> [8489 bytes]","args":[{"element-6066-11e4-a52e-4f735466cecf":"f.0BB93947CC1450395F5B257EF4D67E46.d.B1277B438DD98A7B4AC99268A790A350.e.24773","ELEMENT":"f.0BB93947CC1450395F5B257EF4D67E46.d.B1277B438DD98A7B4AC99268A790A350.e.24773"}]}
COMMAND: GET /session/e57c885b60fd8cf462a4cfca6f098091/element/f.0BB93947CC1450395F5B257EF4D67E46.d.B1277B438DD98A7B4AC99268A790A350.e.24773/enabled - {}
COMMAND: GET /session/e57c885b60fd8cf462a4cfca6f098091/screenshot - {}
RESULT: {}
COMMAND: POST /session/e57c885b60fd8cf462a4cfca6f098091/element/f.0BB93947CC1450395F5B257EF4D67E46.d.B1277B438DD98A7B4AC99268A790A350.e.24773/click - {}
COMMAND: GET /session/e57c885b60fd8cf462a4cfca6f098091/screenshot - {}
RESULT: {}
RESULT: {}
COMMAND: GET /session/e57c885b60fd8cf462a4cfca6f098091/screenshot - {}
RESULT: {}
RESULT: {}
COMMAND: POST /session/e57c885b60fd8cf462a4cfca6f098091/element/f.0BB93947CC1450395F5B257EF4D67E46.d.B1277B438DD98A7B4AC99268A790A350.e.24773/clear - {}
RESULT: {}
COMMAND: POST /session/e57c885b60fd8cf462a4cfca6f098091/element/f.0BB93947CC1450395F5B257EF4D67E46.d.B1277B438DD98A7B4AC99268A790A350.e.24773/value - {"text":"10692"}
COMMAND: GET /session/e57c885b60fd8cf462a4cfca6f098091/screenshot - {}
RESULT: {"text":"10692"}
COMMAND: POST /session/e57c885b60fd8cf462a4cfca6f098091/actions - {"actions":[{"id":"action92","type":"key","parameters":{},"actions":[{"type":"keyDown","value":"î€‡"},{"type":"pause","duration":10},{"type":"keyUp","value":"î€‡"}]}]}
COMMAND: GET /session/e57c885b60fd8cf462a4cfca6f098091/screenshot - {}
RESULT: {}
RESULT: {"actions":[{"id":"action92","type":"key","parameters":{},"actions":[{"type":"keyDown","value":"î€‡"},{"type":"pause","duration":10},{"type":"keyUp","value":"î€‡"}]}]}
COMMAND: GET /session/e57c885b60fd8cf462a4cfca6f098091/screenshot - {}
RESULT: {}
RESULT: {}
COMMAND: POST /session/e57c885b60fd8cf462a4cfca6f098091/element - {"using":"xpath","value":"//span[contains(@id ,\"application-billingtransfer-display-component---billingWorkbench--smartTableBillingRuns-header-inner\")]"}
RESULT: {"using":"xpath","value":"//span[contains(@id ,\"application-billingtransfer-display-component---billingWorkbench--smartTableBillingRuns-header-inner\")]"}
COMMAND: POST /session/e57c885b60fd8cf462a4cfca6f098091/elements - {"using":"xpath","value":"//span[contains(@id ,\"application-billingtransfer-display-component---billingWorkbench--smartTableBillingRuns-header-inner\")]"}
RESULT: {"using":"xpath","value":"//span[contains(@id ,\"application-billingtransfer-display-component---billingWorkbench--smartTableBillingRuns-header-inner\")]"}
COMMAND: POST /session/e57c885b60fd8cf462a4cfca6f098091/execute/sync - {"script":"<script> [56 bytes]","args":[{"element-6066-11e4-a52e-4f735466cecf":"f.0BB93947CC1450395F5B257EF4D67E46.d.B1277B438DD98A7B4AC99268A790A350.e.25090","ELEMENT":"f.0BB93947CC1450395F5B257EF4D67E46.d.B1277B438DD98A7B4AC99268A790A350.e.25090"}]}
RESULT: {"script":"<script> [56 bytes]","args":[{"element-6066-11e4-a52e-4f735466cecf":"f.0BB93947CC1450395F5B257EF4D67E46.d.B1277B438DD98A7B4AC99268A790A350.e.25090","ELEMENT":"f.0BB93947CC1450395F5B257EF4D67E46.d.B1277B438DD98A7B4AC99268A790A350.e.25090"}]}
COMMAND: POST /session/e57c885b60fd8cf462a4cfca6f098091/element - {"using":"css selector","value":"#shell-header-logo"}
COMMAND: GET /session/e57c885b60fd8cf462a4cfca6f098091/screenshot - {}
RESULT: {"using":"css selector","value":"#shell-header-logo"}
COMMAND: POST /session/e57c885b60fd8cf462a4cfca6f098091/element/f.0BB93947CC1450395F5B257EF4D67E46.d.B1277B438DD98A7B4AC99268A790A350.e.24771/click - {}
RESULT: {}
RESULT: {}
COMMAND: GET /session/e57c885b60fd8cf462a4cfca6f098091/screenshot - {}
RESULT: {}
]]></system-out>
    </testcase>
    <testcase classname="chrome.135_0_7049_96.windows.Billing_Calculation_-_Time_based_(considering_transport_times)_US139738" name="Should navigate to the contract item check the billed until field value" time="50.654">
      <system-out><![CDATA[
RESULT: undefined
COMMAND: POST /session/e57c885b60fd8cf462a4cfca6f098091/element - {"using":"xpath","value":"//*[@id=\"__tile130-title\"]"}
RESULT: {"using":"xpath","value":"//*[@id=\"__tile130-title\"]"}
COMMAND: POST /session/e57c885b60fd8cf462a4cfca6f098091/element/f.0BB93947CC1450395F5B257EF4D67E46.d.B1277B438DD98A7B4AC99268A790A350.e.20296/click - {}
RESULT: {}
COMMAND: GET /session/e57c885b60fd8cf462a4cfca6f098091/screenshot - {}
RESULT: undefined
COMMAND: POST /session/e57c885b60fd8cf462a4cfca6f098091/element - {"using":"xpath","value":"//button[@data-kt=\"addButton\"]"}
RESULT: {}
RESULT: {"using":"xpath","value":"//button[@data-kt=\"addButton\"]"}
COMMAND: POST /session/e57c885b60fd8cf462a4cfca6f098091/elements - {"using":"xpath","value":"//button[@data-kt=\"addButton\"]"}
RESULT: {"using":"xpath","value":"//button[@data-kt=\"addButton\"]"}
COMMAND: POST /session/e57c885b60fd8cf462a4cfca6f098091/execute/sync - {"script":"<script> [8489 bytes]","args":[{"element-6066-11e4-a52e-4f735466cecf":"f.0BB93947CC1450395F5B257EF4D67E46.d.B1277B438DD98A7B4AC99268A790A350.e.25153","ELEMENT":"f.0BB93947CC1450395F5B257EF4D67E46.d.B1277B438DD98A7B4AC99268A790A350.e.25153"}]}
RESULT: {"script":"<script> [8489 bytes]","args":[{"element-6066-11e4-a52e-4f735466cecf":"f.0BB93947CC1450395F5B257EF4D67E46.d.B1277B438DD98A7B4AC99268A790A350.e.25153","ELEMENT":"f.0BB93947CC1450395F5B257EF4D67E46.d.B1277B438DD98A7B4AC99268A790A350.e.25153"}]}
COMMAND: GET /session/e57c885b60fd8cf462a4cfca6f098091/element/f.0BB93947CC1450395F5B257EF4D67E46.d.B1277B438DD98A7B4AC99268A790A350.e.25153/enabled - {}
COMMAND: GET /session/e57c885b60fd8cf462a4cfca6f098091/screenshot - {}
RESULT: {}
COMMAND: POST /session/e57c885b60fd8cf462a4cfca6f098091/execute/sync - {"script":"<script> [8489 bytes]","args":[{"element-6066-11e4-a52e-4f735466cecf":"f.0BB93947CC1450395F5B257EF4D67E46.d.B1277B438DD98A7B4AC99268A790A350.e.25153","ELEMENT":"f.0BB93947CC1450395F5B257EF4D67E46.d.B1277B438DD98A7B4AC99268A790A350.e.25153"}]}
COMMAND: GET /session/e57c885b60fd8cf462a4cfca6f098091/screenshot - {}
RESULT: {}
RESULT: {"script":"<script> [8489 bytes]","args":[{"element-6066-11e4-a52e-4f735466cecf":"f.0BB93947CC1450395F5B257EF4D67E46.d.B1277B438DD98A7B4AC99268A790A350.e.25153","ELEMENT":"f.0BB93947CC1450395F5B257EF4D67E46.d.B1277B438DD98A7B4AC99268A790A350.e.25153"}]}
COMMAND: POST /session/e57c885b60fd8cf462a4cfca6f098091/execute/sync - {"script":"<script> [5351 bytes]","args":[{"element-6066-11e4-a52e-4f735466cecf":"f.0BB93947CC1450395F5B257EF4D67E46.d.B1277B438DD98A7B4AC99268A790A350.e.25153","ELEMENT":"f.0BB93947CC1450395F5B257EF4D67E46.d.B1277B438DD98A7B4AC99268A790A350.e.25153"}]}
COMMAND: GET /session/e57c885b60fd8cf462a4cfca6f098091/screenshot - {}
RESULT: {}
RESULT: {}
RESULT: {"script":"<script> [5351 bytes]","args":[{"element-6066-11e4-a52e-4f735466cecf":"f.0BB93947CC1450395F5B257EF4D67E46.d.B1277B438DD98A7B4AC99268A790A350.e.25153","ELEMENT":"f.0BB93947CC1450395F5B257EF4D67E46.d.B1277B438DD98A7B4AC99268A790A350.e.25153"}]}
COMMAND: POST /session/e57c885b60fd8cf462a4cfca6f098091/element - {"using":"xpath","value":"//input[contains(@id ,\"smartContractFilterBar-btnBasicSearch-I\")]"}
COMMAND: GET /session/e57c885b60fd8cf462a4cfca6f098091/screenshot - {}
RESULT: {"using":"xpath","value":"//input[contains(@id ,\"smartContractFilterBar-btnBasicSearch-I\")]"}
COMMAND: POST /session/e57c885b60fd8cf462a4cfca6f098091/elements - {"using":"xpath","value":"//input[contains(@id ,\"smartContractFilterBar-btnBasicSearch-I\")]"}
RESULT: {}
RESULT: {"using":"xpath","value":"//input[contains(@id ,\"smartContractFilterBar-btnBasicSearch-I\")]"}
COMMAND: POST /session/e57c885b60fd8cf462a4cfca6f098091/execute/sync - {"script":"<script> [8489 bytes]","args":[{"element-6066-11e4-a52e-4f735466cecf":"f.0BB93947CC1450395F5B257EF4D67E46.d.B1277B438DD98A7B4AC99268A790A350.e.25136","ELEMENT":"f.0BB93947CC1450395F5B257EF4D67E46.d.B1277B438DD98A7B4AC99268A790A350.e.25136"}]}
RESULT: {"script":"<script> [8489 bytes]","args":[{"element-6066-11e4-a52e-4f735466cecf":"f.0BB93947CC1450395F5B257EF4D67E46.d.B1277B438DD98A7B4AC99268A790A350.e.25136","ELEMENT":"f.0BB93947CC1450395F5B257EF4D67E46.d.B1277B438DD98A7B4AC99268A790A350.e.25136"}]}
COMMAND: GET /session/e57c885b60fd8cf462a4cfca6f098091/element/f.0BB93947CC1450395F5B257EF4D67E46.d.B1277B438DD98A7B4AC99268A790A350.e.25136/enabled - {}
COMMAND: GET /session/e57c885b60fd8cf462a4cfca6f098091/screenshot - {}
RESULT: {}
COMMAND: POST /session/e57c885b60fd8cf462a4cfca6f098091/element/f.0BB93947CC1450395F5B257EF4D67E46.d.B1277B438DD98A7B4AC99268A790A350.e.25136/clear - {}
COMMAND: GET /session/e57c885b60fd8cf462a4cfca6f098091/screenshot - {}
RESULT: {}
RESULT: {}
COMMAND: POST /session/e57c885b60fd8cf462a4cfca6f098091/element/f.0BB93947CC1450395F5B257EF4D67E46.d.B1277B438DD98A7B4AC99268A790A350.e.25136/value - {"text":"10692"}
COMMAND: GET /session/e57c885b60fd8cf462a4cfca6f098091/screenshot - {}
RESULT: {}
RESULT: {"text":"10692"}
COMMAND: GET /session/e57c885b60fd8cf462a4cfca6f098091/screenshot - {}
RESULT: {}
RESULT: {}
COMMAND: POST /session/e57c885b60fd8cf462a4cfca6f098091/actions - {"actions":[{"id":"action93","type":"key","parameters":{},"actions":[{"type":"keyDown","value":"î€‡"},{"type":"pause","duration":10},{"type":"keyUp","value":"î€‡"}]}]}
RESULT: {"actions":[{"id":"action93","type":"key","parameters":{},"actions":[{"type":"keyDown","value":"î€‡"},{"type":"pause","duration":10},{"type":"keyUp","value":"î€‡"}]}]}
COMMAND: GET /session/e57c885b60fd8cf462a4cfca6f098091/screenshot - {}
RESULT: {}
COMMAND: POST /session/e57c885b60fd8cf462a4cfca6f098091/element - {"using":"xpath","value":"//span[contains(@id, \"masterListContractsSmartTable-header-inner\")]"}
RESULT: {"using":"xpath","value":"//span[contains(@id, \"masterListContractsSmartTable-header-inner\")]"}
COMMAND: POST /session/e57c885b60fd8cf462a4cfca6f098091/elements - {"using":"xpath","value":"//span[contains(@id, \"masterListContractsSmartTable-header-inner\")]"}
RESULT: {"using":"xpath","value":"//span[contains(@id, \"masterListContractsSmartTable-header-inner\")]"}
COMMAND: POST /session/e57c885b60fd8cf462a4cfca6f098091/execute/sync - {"script":"<script> [56 bytes]","args":[{"element-6066-11e4-a52e-4f735466cecf":"f.0BB93947CC1450395F5B257EF4D67E46.d.B1277B438DD98A7B4AC99268A790A350.e.25244","ELEMENT":"f.0BB93947CC1450395F5B257EF4D67E46.d.B1277B438DD98A7B4AC99268A790A350.e.25244"}]}
RESULT: {"script":"<script> [56 bytes]","args":[{"element-6066-11e4-a52e-4f735466cecf":"f.0BB93947CC1450395F5B257EF4D67E46.d.B1277B438DD98A7B4AC99268A790A350.e.25244","ELEMENT":"f.0BB93947CC1450395F5B257EF4D67E46.d.B1277B438DD98A7B4AC99268A790A350.e.25244"}]}
COMMAND: POST /session/e57c885b60fd8cf462a4cfca6f098091/element - {"using":"xpath","value":"(//span[contains(@id, \"imgNav\")])[1]"}
COMMAND: GET /session/e57c885b60fd8cf462a4cfca6f098091/screenshot - {}
RESULT: {"using":"xpath","value":"(//span[contains(@id, \"imgNav\")])[1]"}
COMMAND: POST /session/e57c885b60fd8cf462a4cfca6f098091/element/f.0BB93947CC1450395F5B257EF4D67E46.d.B1277B438DD98A7B4AC99268A790A350.e.25242/click - {}
RESULT: {}
RESULT: {}
COMMAND: GET /session/e57c885b60fd8cf462a4cfca6f098091/screenshot - {}
RESULT: {}
COMMAND: POST /session/e57c885b60fd8cf462a4cfca6f098091/element - {"using":"xpath","value":"//tr[@data-kt=\"productsColumnListItem\"]//td//span[contains(@id, \"imgNav\")][1]"}
RESULT: {"using":"xpath","value":"//tr[@data-kt=\"productsColumnListItem\"]//td//span[contains(@id, \"imgNav\")][1]"}
COMMAND: POST /session/e57c885b60fd8cf462a4cfca6f098091/elements - {"using":"xpath","value":"//tr[@data-kt=\"productsColumnListItem\"]//td//span[contains(@id, \"imgNav\")][1]"}
RESULT: {"using":"xpath","value":"//tr[@data-kt=\"productsColumnListItem\"]//td//span[contains(@id, \"imgNav\")][1]"}
COMMAND: POST /session/e57c885b60fd8cf462a4cfca6f098091/elements - {"using":"xpath","value":"//tr[@data-kt=\"productsColumnListItem\"]//td//span[contains(@id, \"imgNav\")][1]"}
RESULT: {"using":"xpath","value":"//tr[@data-kt=\"productsColumnListItem\"]//td//span[contains(@id, \"imgNav\")][1]"}
COMMAND: POST /session/e57c885b60fd8cf462a4cfca6f098091/element - {"using":"xpath","value":"//tr[@data-kt=\"productsColumnListItem\"]//td//span[contains(@id, \"imgNav\")][1]"}
RESULT: {"using":"xpath","value":"//tr[@data-kt=\"productsColumnListItem\"]//td//span[contains(@id, \"imgNav\")][1]"}
COMMAND: POST /session/e57c885b60fd8cf462a4cfca6f098091/element/f.0BB93947CC1450395F5B257EF4D67E46.d.B1277B438DD98A7B4AC99268A790A350.e.25414/click - {}
RESULT: {}
COMMAND: GET /session/e57c885b60fd8cf462a4cfca6f098091/screenshot - {}
RESULT: {}
COMMAND: POST /session/e57c885b60fd8cf462a4cfca6f098091/element - {"using":"xpath","value":"//section[contains(@id, \"application-managecontracts-display-component---BillingItem--ObjectPageLayout-OPHeaderContent\")]/div/div/div/div/div[2]/div/div[2]/span"}
RESULT: {"using":"xpath","value":"//section[contains(@id, \"application-managecontracts-display-component---BillingItem--ObjectPageLayout-OPHeaderContent\")]/div/div/div/div/div[2]/div/div[2]/span"}
COMMAND: POST /session/e57c885b60fd8cf462a4cfca6f098091/execute/sync - {"script":"<script> [56 bytes]","args":[{"element-6066-11e4-a52e-4f735466cecf":"f.0BB93947CC1450395F5B257EF4D67E46.d.B1277B438DD98A7B4AC99268A790A350.e.25546","ELEMENT":"f.0BB93947CC1450395F5B257EF4D67E46.d.B1277B438DD98A7B4AC99268A790A350.e.25546"}]}
RESULT: {"script":"<script> [56 bytes]","args":[{"element-6066-11e4-a52e-4f735466cecf":"f.0BB93947CC1450395F5B257EF4D67E46.d.B1277B438DD98A7B4AC99268A790A350.e.25546","ELEMENT":"f.0BB93947CC1450395F5B257EF4D67E46.d.B1277B438DD98A7B4AC99268A790A350.e.25546"}]}
COMMAND: POST /session/e57c885b60fd8cf462a4cfca6f098091/element - {"using":"xpath","value":"//table[contains(@id, \"application-managecontracts-display-component---BillingItem--billingList-listUl\")]//td//*[contains(text(), \"final billed\")]"}
COMMAND: GET /session/e57c885b60fd8cf462a4cfca6f098091/screenshot - {}
RESULT: {"using":"xpath","value":"//table[contains(@id, \"application-managecontracts-display-component---BillingItem--billingList-listUl\")]//td//*[contains(text(), \"final billed\")]"}
COMMAND: POST /session/e57c885b60fd8cf462a4cfca6f098091/execute/sync - {"script":"<script> [56 bytes]","args":[{"element-6066-11e4-a52e-4f735466cecf":"f.0BB93947CC1450395F5B257EF4D67E46.d.B1277B438DD98A7B4AC99268A790A350.e.25547","ELEMENT":"f.0BB93947CC1450395F5B257EF4D67E46.d.B1277B438DD98A7B4AC99268A790A350.e.25547"}]}
RESULT: {}
RESULT: {"script":"<script> [56 bytes]","args":[{"element-6066-11e4-a52e-4f735466cecf":"f.0BB93947CC1450395F5B257EF4D67E46.d.B1277B438DD98A7B4AC99268A790A350.e.25547","ELEMENT":"f.0BB93947CC1450395F5B257EF4D67E46.d.B1277B438DD98A7B4AC99268A790A350.e.25547"}]}
COMMAND: POST /session/e57c885b60fd8cf462a4cfca6f098091/element - {"using":"css selector","value":"#shell-header-logo"}
COMMAND: GET /session/e57c885b60fd8cf462a4cfca6f098091/screenshot - {}
RESULT: {"using":"css selector","value":"#shell-header-logo"}
COMMAND: POST /session/e57c885b60fd8cf462a4cfca6f098091/element/f.0BB93947CC1450395F5B257EF4D67E46.d.B1277B438DD98A7B4AC99268A790A350.e.25127/click - {}
RESULT: {}
RESULT: {}
COMMAND: GET /session/e57c885b60fd8cf462a4cfca6f098091/screenshot - {}
RESULT: {}
COMMAND: DELETE /session/e57c885b60fd8cf462a4cfca6f098091 - {}
RESULT: {}
]]></system-out>
    </testcase>
  </testsuite>
</testsuites>