<?xml version="1.0" encoding="UTF-8"?>
<testsuites tests="48" failures="24" errors="24" skipped="0">
  <testsuite timestamp="2025-05-13T06:57:16" time="1040.824" tests="12" failures="6" errors="6" skipped="0">
    <properties>
      <property name="specId" value="0" />
      <property name="suiteName" value="Billing Transfer - Master data &amp; Intercompany US127250" />
      <property name="capabilities" value="chrome.136_0_7103_49.windows" />
      <property name="file" value="file:///D:/a/1/s/test/specs/BTS/billing-transfer-intercompany.spec.js" />
    </properties>
    <testcase classname="chrome.136_0_7103_49.windows.Billing_Transfer_-_Master_data_&amp;_Intercompany_US127250" name="Should create a new yard" time="132.563">
      <system-out><![CDATA[
COMMAND: POST /session/4e36bf80fbca1927c571a30744d2eac8/window/fullscreen - {}
RESULT: {}
COMMAND: POST /session/4e36bf80fbca1927c571a30744d2eac8/execute/async - {"script":"<script> [1562 bytes]","args":[{"selector":{"controlType":"sap.m.GenericTile","properties":{"header":"Manage Yards"}},"wdio_ui5_key":"sapm.GenericTile{\"header\":\"Manage Yards\"}"}]}
RESULT: {"script":"<script> [1562 bytes]","args":[{"selector":{"controlType":"sap.m.GenericTile","properties":{"header":"Manage Yards"}},"wdio_ui5_key":"sapm.GenericTile{\"header\":\"Manage Yards\"}"}]}
RESULT: undefined
COMMAND: POST /session/4e36bf80fbca1927c571a30744d2eac8/element - {"using":"xpath","value":"//*[@id=\"__tile41\"]"}
RESULT: {"using":"xpath","value":"//*[@id=\"__tile41\"]"}
COMMAND: POST /session/4e36bf80fbca1927c571a30744d2eac8/element/f.F4B8E6AEE0F35DB2CB5FDCA58BEB4CC0.d.25FDED097B21F18C59938811AEE490E0.e.170/click - {}
RESULT: {}
COMMAND: POST /session/4e36bf80fbca1927c571a30744d2eac8/element - {"using":"xpath","value":"//button[@data-kt=\"addNewYardOverflowToolbarButton\"]"}
COMMAND: GET /session/4e36bf80fbca1927c571a30744d2eac8/screenshot - {}
RESULT: {"using":"xpath","value":"//button[@data-kt=\"addNewYardOverflowToolbarButton\"]"}
COMMAND: POST /session/4e36bf80fbca1927c571a30744d2eac8/elements - {"using":"xpath","value":"//button[@data-kt=\"addNewYardOverflowToolbarButton\"]"}
RESULT: {}
RESULT: {"using":"xpath","value":"//button[@data-kt=\"addNewYardOverflowToolbarButton\"]"}
COMMAND: POST /session/4e36bf80fbca1927c571a30744d2eac8/elements - {"using":"xpath","value":"//button[@data-kt=\"addNewYardOverflowToolbarButton\"]"}
RESULT: {"using":"xpath","value":"//button[@data-kt=\"addNewYardOverflowToolbarButton\"]"}
COMMAND: POST /session/4e36bf80fbca1927c571a30744d2eac8/elements - {"using":"xpath","value":"//button[@data-kt=\"addNewYardOverflowToolbarButton\"]"}
RESULT: {"using":"xpath","value":"//button[@data-kt=\"addNewYardOverflowToolbarButton\"]"}
COMMAND: POST /session/4e36bf80fbca1927c571a30744d2eac8/elements - {"using":"xpath","value":"//button[@data-kt=\"addNewYardOverflowToolbarButton\"]"}
RESULT: {"using":"xpath","value":"//button[@data-kt=\"addNewYardOverflowToolbarButton\"]"}
COMMAND: POST /session/4e36bf80fbca1927c571a30744d2eac8/elements - {"using":"xpath","value":"//button[@data-kt=\"addNewYardOverflowToolbarButton\"]"}
RESULT: {"using":"xpath","value":"//button[@data-kt=\"addNewYardOverflowToolbarButton\"]"}
COMMAND: POST /session/4e36bf80fbca1927c571a30744d2eac8/elements - {"using":"xpath","value":"//button[@data-kt=\"addNewYardOverflowToolbarButton\"]"}
RESULT: {"using":"xpath","value":"//button[@data-kt=\"addNewYardOverflowToolbarButton\"]"}
COMMAND: POST /session/4e36bf80fbca1927c571a30744d2eac8/elements - {"using":"xpath","value":"//button[@data-kt=\"addNewYardOverflowToolbarButton\"]"}
RESULT: {"using":"xpath","value":"//button[@data-kt=\"addNewYardOverflowToolbarButton\"]"}
COMMAND: POST /session/4e36bf80fbca1927c571a30744d2eac8/elements - {"using":"xpath","value":"//button[@data-kt=\"addNewYardOverflowToolbarButton\"]"}
RESULT: {"using":"xpath","value":"//button[@data-kt=\"addNewYardOverflowToolbarButton\"]"}
COMMAND: POST /session/4e36bf80fbca1927c571a30744d2eac8/elements - {"using":"xpath","value":"//button[@data-kt=\"addNewYardOverflowToolbarButton\"]"}
RESULT: {"using":"xpath","value":"//button[@data-kt=\"addNewYardOverflowToolbarButton\"]"}
COMMAND: POST /session/4e36bf80fbca1927c571a30744d2eac8/elements - {"using":"xpath","value":"//button[@data-kt=\"addNewYardOverflowToolbarButton\"]"}
RESULT: {"using":"xpath","value":"//button[@data-kt=\"addNewYardOverflowToolbarButton\"]"}
COMMAND: POST /session/4e36bf80fbca1927c571a30744d2eac8/elements - {"using":"xpath","value":"//button[@data-kt=\"addNewYardOverflowToolbarButton\"]"}
RESULT: {"using":"xpath","value":"//button[@data-kt=\"addNewYardOverflowToolbarButton\"]"}
COMMAND: POST /session/4e36bf80fbca1927c571a30744d2eac8/elements - {"using":"xpath","value":"//button[@data-kt=\"addNewYardOverflowToolbarButton\"]"}
RESULT: {"using":"xpath","value":"//button[@data-kt=\"addNewYardOverflowToolbarButton\"]"}
COMMAND: POST /session/4e36bf80fbca1927c571a30744d2eac8/elements - {"using":"xpath","value":"//button[@data-kt=\"addNewYardOverflowToolbarButton\"]"}
RESULT: {"using":"xpath","value":"//button[@data-kt=\"addNewYardOverflowToolbarButton\"]"}
COMMAND: POST /session/4e36bf80fbca1927c571a30744d2eac8/elements - {"using":"xpath","value":"//button[@data-kt=\"addNewYardOverflowToolbarButton\"]"}
RESULT: {"using":"xpath","value":"//button[@data-kt=\"addNewYardOverflowToolbarButton\"]"}
COMMAND: POST /session/4e36bf80fbca1927c571a30744d2eac8/elements - {"using":"xpath","value":"//button[@data-kt=\"addNewYardOverflowToolbarButton\"]"}
RESULT: {"using":"xpath","value":"//button[@data-kt=\"addNewYardOverflowToolbarButton\"]"}
COMMAND: POST /session/4e36bf80fbca1927c571a30744d2eac8/elements - {"using":"xpath","value":"//button[@data-kt=\"addNewYardOverflowToolbarButton\"]"}
RESULT: {"using":"xpath","value":"//button[@data-kt=\"addNewYardOverflowToolbarButton\"]"}
COMMAND: POST /session/4e36bf80fbca1927c571a30744d2eac8/elements - {"using":"xpath","value":"//button[@data-kt=\"addNewYardOverflowToolbarButton\"]"}
RESULT: {"using":"xpath","value":"//button[@data-kt=\"addNewYardOverflowToolbarButton\"]"}
COMMAND: POST /session/4e36bf80fbca1927c571a30744d2eac8/elements - {"using":"xpath","value":"//button[@data-kt=\"addNewYardOverflowToolbarButton\"]"}
RESULT: {"using":"xpath","value":"//button[@data-kt=\"addNewYardOverflowToolbarButton\"]"}
COMMAND: POST /session/4e36bf80fbca1927c571a30744d2eac8/elements - {"using":"xpath","value":"//button[@data-kt=\"addNewYardOverflowToolbarButton\"]"}
RESULT: {"using":"xpath","value":"//button[@data-kt=\"addNewYardOverflowToolbarButton\"]"}
COMMAND: POST /session/4e36bf80fbca1927c571a30744d2eac8/elements - {"using":"xpath","value":"//button[@data-kt=\"addNewYardOverflowToolbarButton\"]"}
RESULT: {"using":"xpath","value":"//button[@data-kt=\"addNewYardOverflowToolbarButton\"]"}
COMMAND: POST /session/4e36bf80fbca1927c571a30744d2eac8/elements - {"using":"xpath","value":"//button[@data-kt=\"addNewYardOverflowToolbarButton\"]"}
RESULT: {"using":"xpath","value":"//button[@data-kt=\"addNewYardOverflowToolbarButton\"]"}
COMMAND: POST /session/4e36bf80fbca1927c571a30744d2eac8/elements - {"using":"xpath","value":"//button[@data-kt=\"addNewYardOverflowToolbarButton\"]"}
RESULT: {"using":"xpath","value":"//button[@data-kt=\"addNewYardOverflowToolbarButton\"]"}
COMMAND: POST /session/4e36bf80fbca1927c571a30744d2eac8/elements - {"using":"xpath","value":"//button[@data-kt=\"addNewYardOverflowToolbarButton\"]"}
RESULT: {"using":"xpath","value":"//button[@data-kt=\"addNewYardOverflowToolbarButton\"]"}
COMMAND: POST /session/4e36bf80fbca1927c571a30744d2eac8/elements - {"using":"xpath","value":"//button[@data-kt=\"addNewYardOverflowToolbarButton\"]"}
RESULT: {"using":"xpath","value":"//button[@data-kt=\"addNewYardOverflowToolbarButton\"]"}
COMMAND: POST /session/4e36bf80fbca1927c571a30744d2eac8/elements - {"using":"xpath","value":"//button[@data-kt=\"addNewYardOverflowToolbarButton\"]"}
RESULT: {"using":"xpath","value":"//button[@data-kt=\"addNewYardOverflowToolbarButton\"]"}
COMMAND: POST /session/4e36bf80fbca1927c571a30744d2eac8/elements - {"using":"xpath","value":"//button[@data-kt=\"addNewYardOverflowToolbarButton\"]"}
RESULT: {"using":"xpath","value":"//button[@data-kt=\"addNewYardOverflowToolbarButton\"]"}
COMMAND: POST /session/4e36bf80fbca1927c571a30744d2eac8/elements - {"using":"xpath","value":"//button[@data-kt=\"addNewYardOverflowToolbarButton\"]"}
RESULT: {"using":"xpath","value":"//button[@data-kt=\"addNewYardOverflowToolbarButton\"]"}
COMMAND: POST /session/4e36bf80fbca1927c571a30744d2eac8/elements - {"using":"xpath","value":"//button[@data-kt=\"addNewYardOverflowToolbarButton\"]"}
RESULT: {"using":"xpath","value":"//button[@data-kt=\"addNewYardOverflowToolbarButton\"]"}
COMMAND: POST /session/4e36bf80fbca1927c571a30744d2eac8/elements - {"using":"xpath","value":"//button[@data-kt=\"addNewYardOverflowToolbarButton\"]"}
RESULT: {"using":"xpath","value":"//button[@data-kt=\"addNewYardOverflowToolbarButton\"]"}
COMMAND: POST /session/4e36bf80fbca1927c571a30744d2eac8/elements - {"using":"xpath","value":"//button[@data-kt=\"addNewYardOverflowToolbarButton\"]"}
RESULT: {"using":"xpath","value":"//button[@data-kt=\"addNewYardOverflowToolbarButton\"]"}
COMMAND: POST /session/4e36bf80fbca1927c571a30744d2eac8/element - {"using":"xpath","value":"//button[@data-kt=\"addNewYardOverflowToolbarButton\"]"}
RESULT: {"using":"xpath","value":"//button[@data-kt=\"addNewYardOverflowToolbarButton\"]"}
COMMAND: POST /session/4e36bf80fbca1927c571a30744d2eac8/execute/sync - {"script":"<script> [8489 bytes]","args":[{"element-6066-11e4-a52e-4f735466cecf":"f.F4B8E6AEE0F35DB2CB5FDCA58BEB4CC0.d.25FDED097B21F18C59938811AEE490E0.e.319","ELEMENT":"f.F4B8E6AEE0F35DB2CB5FDCA58BEB4CC0.d.25FDED097B21F18C59938811AEE490E0.e.319"}]}
RESULT: {"script":"<script> [8489 bytes]","args":[{"element-6066-11e4-a52e-4f735466cecf":"f.F4B8E6AEE0F35DB2CB5FDCA58BEB4CC0.d.25FDED097B21F18C59938811AEE490E0.e.319","ELEMENT":"f.F4B8E6AEE0F35DB2CB5FDCA58BEB4CC0.d.25FDED097B21F18C59938811AEE490E0.e.319"}]}
COMMAND: GET /session/4e36bf80fbca1927c571a30744d2eac8/element/f.F4B8E6AEE0F35DB2CB5FDCA58BEB4CC0.d.25FDED097B21F18C59938811AEE490E0.e.319/enabled - {}
COMMAND: GET /session/4e36bf80fbca1927c571a30744d2eac8/screenshot - {}
RESULT: {}
COMMAND: POST /session/4e36bf80fbca1927c571a30744d2eac8/execute/sync - {"script":"<script> [8489 bytes]","args":[{"element-6066-11e4-a52e-4f735466cecf":"f.F4B8E6AEE0F35DB2CB5FDCA58BEB4CC0.d.25FDED097B21F18C59938811AEE490E0.e.319","ELEMENT":"f.F4B8E6AEE0F35DB2CB5FDCA58BEB4CC0.d.25FDED097B21F18C59938811AEE490E0.e.319"}]}
COMMAND: GET /session/4e36bf80fbca1927c571a30744d2eac8/screenshot - {}
RESULT: {}
RESULT: {"script":"<script> [8489 bytes]","args":[{"element-6066-11e4-a52e-4f735466cecf":"f.F4B8E6AEE0F35DB2CB5FDCA58BEB4CC0.d.25FDED097B21F18C59938811AEE490E0.e.319","ELEMENT":"f.F4B8E6AEE0F35DB2CB5FDCA58BEB4CC0.d.25FDED097B21F18C59938811AEE490E0.e.319"}]}
COMMAND: POST /session/4e36bf80fbca1927c571a30744d2eac8/execute/sync - {"script":"<script> [5351 bytes]","args":[{"element-6066-11e4-a52e-4f735466cecf":"f.F4B8E6AEE0F35DB2CB5FDCA58BEB4CC0.d.25FDED097B21F18C59938811AEE490E0.e.319","ELEMENT":"f.F4B8E6AEE0F35DB2CB5FDCA58BEB4CC0.d.25FDED097B21F18C59938811AEE490E0.e.319"}]}
COMMAND: GET /session/4e36bf80fbca1927c571a30744d2eac8/screenshot - {}
RESULT: {}
RESULT: {"script":"<script> [5351 bytes]","args":[{"element-6066-11e4-a52e-4f735466cecf":"f.F4B8E6AEE0F35DB2CB5FDCA58BEB4CC0.d.25FDED097B21F18C59938811AEE490E0.e.319","ELEMENT":"f.F4B8E6AEE0F35DB2CB5FDCA58BEB4CC0.d.25FDED097B21F18C59938811AEE490E0.e.319"}]}
COMMAND: POST /session/4e36bf80fbca1927c571a30744d2eac8/element/f.F4B8E6AEE0F35DB2CB5FDCA58BEB4CC0.d.25FDED097B21F18C59938811AEE490E0.e.319/click - {}
COMMAND: GET /session/4e36bf80fbca1927c571a30744d2eac8/screenshot - {}
RESULT: {}
RESULT: {}
COMMAND: GET /session/4e36bf80fbca1927c571a30744d2eac8/screenshot - {}
COMMAND: POST /session/4e36bf80fbca1927c571a30744d2eac8/element - {"using":"xpath","value":"//input[@id=\"application-manageyards-display-component---NewYard--yardId-inner\"]"}
RESULT: {}
RESULT: {}
RESULT: {"using":"xpath","value":"//input[@id=\"application-manageyards-display-component---NewYard--yardId-inner\"]"}
COMMAND: POST /session/4e36bf80fbca1927c571a30744d2eac8/element - {"using":"xpath","value":"//input[@id=\"application-manageyards-display-component---NewYard--yardId-inner\"]"}
RESULT: {"using":"xpath","value":"//input[@id=\"application-manageyards-display-component---NewYard--yardId-inner\"]"}
COMMAND: POST /session/4e36bf80fbca1927c571a30744d2eac8/execute/async - {"script":"<script> [1562 bytes]","args":[{"selector":{"id":"application-manageyards-display-component---NewYard--addressDetailDetailsName1","interaction":{"idSuffix":"inner"}},"wdio_ui5_key":"applicationmanageyards-display-component---NewYard--addressDetailDetailsName1"}]}
RESULT: {"script":"<script> [1562 bytes]","args":[{"selector":{"id":"application-manageyards-display-component---NewYard--addressDetailDetailsName1","interaction":{"idSuffix":"inner"}},"wdio_ui5_key":"applicationmanageyards-display-component---NewYard--addressDetailDetailsName1"}]}
RESULT: undefined
COMMAND: POST /session/4e36bf80fbca1927c571a30744d2eac8/execute/async - {"script":"<script> [776 bytes]","args":[{"enterText":"Intercompany Yard wdIO","selector":{"id":"application-manageyards-display-component---NewYard--addressDetailDetailsName1","interaction":{"idSuffix":"inner"}},"clearTextFirst":true,"interactionType":"ENTER_TEXT"}]}
RESULT: {"script":"<script> [776 bytes]","args":[{"enterText":"Intercompany Yard wdIO","selector":{"id":"application-manageyards-display-component---NewYard--addressDetailDetailsName1","interaction":{"idSuffix":"inner"}},"clearTextFirst":true,"interactionType":"ENTER_TEXT"}]}
COMMAND: POST /session/4e36bf80fbca1927c571a30744d2eac8/execute/async - {"script":"<script> [1562 bytes]","args":[{"selector":{"id":"application-manageyards-display-component---NewYard--addressDetailDetailsLanguage-arrow"},"wdio_ui5_key":"applicationmanageyards-display-component---NewYard--addressDetailDetailsLanguage-arrow"}]}
RESULT: {"script":"<script> [1562 bytes]","args":[{"selector":{"id":"application-manageyards-display-component---NewYard--addressDetailDetailsLanguage-arrow"},"wdio_ui5_key":"applicationmanageyards-display-component---NewYard--addressDetailDetailsLanguage-arrow"}]}
RESULT: undefined
COMMAND: POST /session/4e36bf80fbca1927c571a30744d2eac8/element - {"using":"xpath","value":"//*[@id=\"application-manageyards-display-component---NewYard--addressDetailDetailsLanguage-arrow\"]"}
RESULT: {"using":"xpath","value":"//*[@id=\"application-manageyards-display-component---NewYard--addressDetailDetailsLanguage-arrow\"]"}
COMMAND: POST /session/4e36bf80fbca1927c571a30744d2eac8/element/f.F4B8E6AEE0F35DB2CB5FDCA58BEB4CC0.d.25FDED097B21F18C59938811AEE490E0.e.701/click - {}
RESULT: {}
COMMAND: POST /session/4e36bf80fbca1927c571a30744d2eac8/element - {"using":"xpath","value":"//span[contains(text(), \"English\")]"}
COMMAND: GET /session/4e36bf80fbca1927c571a30744d2eac8/screenshot - {}
RESULT: {"using":"xpath","value":"//span[contains(text(), \"English\")]"}
COMMAND: POST /session/4e36bf80fbca1927c571a30744d2eac8/element/f.F4B8E6AEE0F35DB2CB5FDCA58BEB4CC0.d.25FDED097B21F18C59938811AEE490E0.e.702/click - {}
RESULT: {}
RESULT: {}
COMMAND: POST /session/4e36bf80fbca1927c571a30744d2eac8/execute/async - {"script":"<script> [1562 bytes]","args":[{"selector":{"id":"application-manageyards-display-component---NewYard--addressDetailDetailsCity1","interaction":{"idSuffix":"inner"}},"wdio_ui5_key":"applicationmanageyards-display-component---NewYard--addressDetailDetailsCity1"}]}
COMMAND: GET /session/4e36bf80fbca1927c571a30744d2eac8/screenshot - {}
RESULT: {"script":"<script> [1562 bytes]","args":[{"selector":{"id":"application-manageyards-display-component---NewYard--addressDetailDetailsCity1","interaction":{"idSuffix":"inner"}},"wdio_ui5_key":"applicationmanageyards-display-component---NewYard--addressDetailDetailsCity1"}]}
RESULT: undefined
COMMAND: POST /session/4e36bf80fbca1927c571a30744d2eac8/execute/async - {"script":"<script> [776 bytes]","args":[{"enterText":"Rosario","selector":{"id":"application-manageyards-display-component---NewYard--addressDetailDetailsCity1","interaction":{"idSuffix":"inner"}},"clearTextFirst":true,"interactionType":"ENTER_TEXT"}]}
RESULT: {}
RESULT: {"script":"<script> [776 bytes]","args":[{"enterText":"Rosario","selector":{"id":"application-manageyards-display-component---NewYard--addressDetailDetailsCity1","interaction":{"idSuffix":"inner"}},"clearTextFirst":true,"interactionType":"ENTER_TEXT"}]}
COMMAND: POST /session/4e36bf80fbca1927c571a30744d2eac8/execute/async - {"script":"<script> [1562 bytes]","args":[{"selector":{"id":"application-manageyards-display-component---NewYard--addressDetailDetailsCountry-arrow"},"wdio_ui5_key":"applicationmanageyards-display-component---NewYard--addressDetailDetailsCountry-arrow"}]}
RESULT: {"script":"<script> [1562 bytes]","args":[{"selector":{"id":"application-manageyards-display-component---NewYard--addressDetailDetailsCountry-arrow"},"wdio_ui5_key":"applicationmanageyards-display-component---NewYard--addressDetailDetailsCountry-arrow"}]}
RESULT: undefined
COMMAND: POST /session/4e36bf80fbca1927c571a30744d2eac8/element - {"using":"xpath","value":"//*[@id=\"application-manageyards-display-component---NewYard--addressDetailDetailsCountry-arrow\"]"}
RESULT: {"using":"xpath","value":"//*[@id=\"application-manageyards-display-component---NewYard--addressDetailDetailsCountry-arrow\"]"}
COMMAND: POST /session/4e36bf80fbca1927c571a30744d2eac8/element/f.F4B8E6AEE0F35DB2CB5FDCA58BEB4CC0.d.25FDED097B21F18C59938811AEE490E0.e.704/click - {}
RESULT: {}
COMMAND: POST /session/4e36bf80fbca1927c571a30744d2eac8/element - {"using":"xpath","value":"//span[contains(text(), \"Argentina\")]"}
COMMAND: GET /session/4e36bf80fbca1927c571a30744d2eac8/screenshot - {}
RESULT: {"using":"xpath","value":"//span[contains(text(), \"Argentina\")]"}
COMMAND: POST /session/4e36bf80fbca1927c571a30744d2eac8/element/f.F4B8E6AEE0F35DB2CB5FDCA58BEB4CC0.d.25FDED097B21F18C59938811AEE490E0.e.705/click - {}
RESULT: {}
RESULT: {}
COMMAND: POST /session/4e36bf80fbca1927c571a30744d2eac8/execute/async - {"script":"<script> [1562 bytes]","args":[{"selector":{"id":"application-manageyards-display-component---NewYard--addressEditDetailsCostObjectCstType-arrow"},"wdio_ui5_key":"applicationmanageyards-display-component---NewYard--addressEditDetailsCostObjectCstType-arrow"}]}
COMMAND: GET /session/4e36bf80fbca1927c571a30744d2eac8/screenshot - {}
RESULT: {"script":"<script> [1562 bytes]","args":[{"selector":{"id":"application-manageyards-display-component---NewYard--addressEditDetailsCostObjectCstType-arrow"},"wdio_ui5_key":"applicationmanageyards-display-component---NewYard--addressEditDetailsCostObjectCstType-arrow"}]}
RESULT: undefined
COMMAND: POST /session/4e36bf80fbca1927c571a30744d2eac8/element - {"using":"xpath","value":"//*[@id=\"application-manageyards-display-component---NewYard--addressEditDetailsCostObjectCstType-arrow\"]"}
RESULT: {}
RESULT: {"using":"xpath","value":"//*[@id=\"application-manageyards-display-component---NewYard--addressEditDetailsCostObjectCstType-arrow\"]"}
COMMAND: POST /session/4e36bf80fbca1927c571a30744d2eac8/element/f.F4B8E6AEE0F35DB2CB5FDCA58BEB4CC0.d.25FDED097B21F18C59938811AEE490E0.e.707/click - {}
RESULT: {}
COMMAND: POST /session/4e36bf80fbca1927c571a30744d2eac8/element - {"using":"xpath","value":"//span[contains(text(), \"Cost Center\")]"}
COMMAND: GET /session/4e36bf80fbca1927c571a30744d2eac8/screenshot - {}
RESULT: {"using":"xpath","value":"//span[contains(text(), \"Cost Center\")]"}
COMMAND: POST /session/4e36bf80fbca1927c571a30744d2eac8/element/f.F4B8E6AEE0F35DB2CB5FDCA58BEB4CC0.d.25FDED097B21F18C59938811AEE490E0.e.708/click - {}
RESULT: {}
RESULT: {}
COMMAND: GET /session/4e36bf80fbca1927c571a30744d2eac8/screenshot - {}
RESULT: {}
COMMAND: POST /session/4e36bf80fbca1927c571a30744d2eac8/element - {"using":"xpath","value":"//span[@id=\"application-manageyards-display-component---NewYard--addressNewCostObjectCstID-vhi\"]"}
RESULT: {"using":"xpath","value":"//span[@id=\"application-manageyards-display-component---NewYard--addressNewCostObjectCstID-vhi\"]"}
COMMAND: POST /session/4e36bf80fbca1927c571a30744d2eac8/execute/sync - {"script":"<script> [8489 bytes]","args":[{"element-6066-11e4-a52e-4f735466cecf":"f.F4B8E6AEE0F35DB2CB5FDCA58BEB4CC0.d.25FDED097B21F18C59938811AEE490E0.e.712","ELEMENT":"f.F4B8E6AEE0F35DB2CB5FDCA58BEB4CC0.d.25FDED097B21F18C59938811AEE490E0.e.712"}]}
RESULT: {"script":"<script> [8489 bytes]","args":[{"element-6066-11e4-a52e-4f735466cecf":"f.F4B8E6AEE0F35DB2CB5FDCA58BEB4CC0.d.25FDED097B21F18C59938811AEE490E0.e.712","ELEMENT":"f.F4B8E6AEE0F35DB2CB5FDCA58BEB4CC0.d.25FDED097B21F18C59938811AEE490E0.e.712"}]}
COMMAND: POST /session/4e36bf80fbca1927c571a30744d2eac8/execute/async - {"script":"<script> [1562 bytes]","args":[{"selector":{"id":"application-manageyards-display-component---NewYard--addressNewCostObjectCstID-vhi"},"wdio_ui5_key":"applicationmanageyards-display-component---NewYard--addressNewCostObjectCstID-vhi"}]}
COMMAND: GET /session/4e36bf80fbca1927c571a30744d2eac8/screenshot - {}
RESULT: {"script":"<script> [1562 bytes]","args":[{"selector":{"id":"application-manageyards-display-component---NewYard--addressNewCostObjectCstID-vhi"},"wdio_ui5_key":"applicationmanageyards-display-component---NewYard--addressNewCostObjectCstID-vhi"}]}
RESULT: undefined
COMMAND: POST /session/4e36bf80fbca1927c571a30744d2eac8/element - {"using":"xpath","value":"//*[@id=\"application-manageyards-display-component---NewYard--addressNewCostObjectCstID-vhi\"]"}
RESULT: {}
RESULT: {"using":"xpath","value":"//*[@id=\"application-manageyards-display-component---NewYard--addressNewCostObjectCstID-vhi\"]"}
COMMAND: POST /session/4e36bf80fbca1927c571a30744d2eac8/element/f.F4B8E6AEE0F35DB2CB5FDCA58BEB4CC0.d.25FDED097B21F18C59938811AEE490E0.e.712/click - {}
RESULT: {}
COMMAND: GET /session/4e36bf80fbca1927c571a30744d2eac8/screenshot - {}
RESULT: {}
COMMAND: POST /session/4e36bf80fbca1927c571a30744d2eac8/execute/async - {"script":"<script> [1562 bytes]","args":[{"selector":{"controlType":"sap.m.SearchField","properties":{"placeholder":"Search"},"searchOpenDialogs":true,"interaction":{"idSuffix":"I"}},"wdio_ui5_key":"sapm.SearchField{\"placeholder\":\"Search\"}"}]}
RESULT: {"script":"<script> [1562 bytes]","args":[{"selector":{"controlType":"sap.m.SearchField","properties":{"placeholder":"Search"},"searchOpenDialogs":true,"interaction":{"idSuffix":"I"}},"wdio_ui5_key":"sapm.SearchField{\"placeholder\":\"Search\"}"}]}
RESULT: undefined
COMMAND: POST /session/4e36bf80fbca1927c571a30744d2eac8/execute/async - {"script":"<script> [776 bytes]","args":[{"enterText":"10001013","selector":{"controlType":"sap.m.SearchField","properties":{"placeholder":"Search"},"searchOpenDialogs":true,"interaction":{"idSuffix":"I"}},"clearTextFirst":true,"interactionType":"ENTER_TEXT"}]}
RESULT: {"script":"<script> [776 bytes]","args":[{"enterText":"10001013","selector":{"controlType":"sap.m.SearchField","properties":{"placeholder":"Search"},"searchOpenDialogs":true,"interaction":{"idSuffix":"I"}},"clearTextFirst":true,"interactionType":"ENTER_TEXT"}]}
COMMAND: POST /session/4e36bf80fbca1927c571a30744d2eac8/actions - {"actions":[{"id":"action1","type":"key","parameters":{},"actions":[{"type":"keyDown","value":"î€‡"},{"type":"pause","duration":10},{"type":"keyUp","value":"î€‡"}]}]}
RESULT: {"actions":[{"id":"action1","type":"key","parameters":{},"actions":[{"type":"keyDown","value":"î€‡"},{"type":"pause","duration":10},{"type":"keyUp","value":"î€‡"}]}]}
COMMAND: GET /session/4e36bf80fbca1927c571a30744d2eac8/screenshot - {}
RESULT: {}
COMMAND: POST /session/4e36bf80fbca1927c571a30744d2eac8/element - {"using":"xpath","value":"//span[contains(text(), \"General Management\")]"}
RESULT: {"using":"xpath","value":"//span[contains(text(), \"General Management\")]"}
COMMAND: POST /session/4e36bf80fbca1927c571a30744d2eac8/element/f.F4B8E6AEE0F35DB2CB5FDCA58BEB4CC0.d.25FDED097B21F18C59938811AEE490E0.e.754/click - {}
RESULT: {}
COMMAND: GET /session/4e36bf80fbca1927c571a30744d2eac8/screenshot - {}
RESULT: {}
COMMAND: POST /session/4e36bf80fbca1927c571a30744d2eac8/element - {"using":"xpath","value":"//bdi[contains(text(), \"OK\")]"}
RESULT: {"using":"xpath","value":"//bdi[contains(text(), \"OK\")]"}
COMMAND: POST /session/4e36bf80fbca1927c571a30744d2eac8/element/f.F4B8E6AEE0F35DB2CB5FDCA58BEB4CC0.d.25FDED097B21F18C59938811AEE490E0.e.755/click - {}
RESULT: {}
COMMAND: GET /session/4e36bf80fbca1927c571a30744d2eac8/screenshot - {}
RESULT: {}
COMMAND: POST /session/4e36bf80fbca1927c571a30744d2eac8/execute/async - {"script":"<script> [1562 bytes]","args":[{"selector":{"id":"application-manageyards-display-component---NewYard--addressEditDetailsCurrency-arrow"},"wdio_ui5_key":"applicationmanageyards-display-component---NewYard--addressEditDetailsCurrency-arrow"}]}
RESULT: {"script":"<script> [1562 bytes]","args":[{"selector":{"id":"application-manageyards-display-component---NewYard--addressEditDetailsCurrency-arrow"},"wdio_ui5_key":"applicationmanageyards-display-component---NewYard--addressEditDetailsCurrency-arrow"}]}
RESULT: undefined
COMMAND: POST /session/4e36bf80fbca1927c571a30744d2eac8/element - {"using":"xpath","value":"//*[@id=\"application-manageyards-display-component---NewYard--addressEditDetailsCurrency-arrow\"]"}
RESULT: {"using":"xpath","value":"//*[@id=\"application-manageyards-display-component---NewYard--addressEditDetailsCurrency-arrow\"]"}
COMMAND: POST /session/4e36bf80fbca1927c571a30744d2eac8/element/f.F4B8E6AEE0F35DB2CB5FDCA58BEB4CC0.d.25FDED097B21F18C59938811AEE490E0.e.758/click - {}
RESULT: {}
COMMAND: POST /session/4e36bf80fbca1927c571a30744d2eac8/element - {"using":"xpath","value":"//span[contains(text(), \"Euro\")]"}
COMMAND: GET /session/4e36bf80fbca1927c571a30744d2eac8/screenshot - {}
RESULT: {"using":"xpath","value":"//span[contains(text(), \"Euro\")]"}
COMMAND: POST /session/4e36bf80fbca1927c571a30744d2eac8/element/f.F4B8E6AEE0F35DB2CB5FDCA58BEB4CC0.d.25FDED097B21F18C59938811AEE490E0.e.759/click - {}
RESULT: {}
RESULT: {}
COMMAND: POST /session/4e36bf80fbca1927c571a30744d2eac8/execute/async - {"script":"<script> [1562 bytes]","args":[{"selector":{"controlType":"sap.m.Input","viewName":"etm.portal.ui.manageyards.view.New","viewId":"application-manageyards-display-component---NewYard","bindingPath":{"path":"","propertyPath":"/CONTROLLING_AREA","modelName":"NewYardModel"},"interaction":{"idSuffix":"inner"}},"wdio_ui5_key":"etmportal.ui.manageyards.view.Newsap.m.Input{\"path\":\"\",\"propertyPath\":\"/CONTROLLING_AREA\",\"modelName\":\"NewYardModel\"}"}]}
COMMAND: GET /session/4e36bf80fbca1927c571a30744d2eac8/screenshot - {}
RESULT: {"script":"<script> [1562 bytes]","args":[{"selector":{"controlType":"sap.m.Input","viewName":"etm.portal.ui.manageyards.view.New","viewId":"application-manageyards-display-component---NewYard","bindingPath":{"path":"","propertyPath":"/CONTROLLING_AREA","modelName":"NewYardModel"},"interaction":{"idSuffix":"inner"}},"wdio_ui5_key":"etmportal.ui.manageyards.view.Newsap.m.Input{\"path\":\"\",\"propertyPath\":\"/CONTROLLING_AREA\",\"modelName\":\"NewYardModel\"}"}]}
RESULT: undefined
COMMAND: POST /session/4e36bf80fbca1927c571a30744d2eac8/execute/async - {"script":"<script> [776 bytes]","args":[{"enterText":"Z001","selector":{"controlType":"sap.m.Input","viewName":"etm.portal.ui.manageyards.view.New","viewId":"application-manageyards-display-component---NewYard","bindingPath":{"path":"","propertyPath":"/CONTROLLING_AREA","modelName":"NewYardModel"},"interaction":{"idSuffix":"inner"}},"clearTextFirst":true,"interactionType":"ENTER_TEXT"}]}
RESULT: {}
RESULT: {"script":"<script> [776 bytes]","args":[{"enterText":"Z001","selector":{"controlType":"sap.m.Input","viewName":"etm.portal.ui.manageyards.view.New","viewId":"application-manageyards-display-component---NewYard","bindingPath":{"path":"","propertyPath":"/CONTROLLING_AREA","modelName":"NewYardModel"},"interaction":{"idSuffix":"inner"}},"clearTextFirst":true,"interactionType":"ENTER_TEXT"}]}
COMMAND: POST /session/4e36bf80fbca1927c571a30744d2eac8/execute/async - {"script":"<script> [1562 bytes]","args":[{"selector":{"id":"application-manageyards-display-component---NewYard--companyCodeComboBox","interaction":{"idSuffix":"inner"}},"wdio_ui5_key":"applicationmanageyards-display-component---NewYard--companyCodeComboBox"}]}
RESULT: {"script":"<script> [1562 bytes]","args":[{"selector":{"id":"application-manageyards-display-component---NewYard--companyCodeComboBox","interaction":{"idSuffix":"inner"}},"wdio_ui5_key":"applicationmanageyards-display-component---NewYard--companyCodeComboBox"}]}
RESULT: undefined
COMMAND: POST /session/4e36bf80fbca1927c571a30744d2eac8/execute/async - {"script":"<script> [776 bytes]","args":[{"enterText":"1000","selector":{"id":"application-manageyards-display-component---NewYard--companyCodeComboBox","interaction":{"idSuffix":"inner"}},"clearTextFirst":true,"interactionType":"ENTER_TEXT"}]}
RESULT: {"script":"<script> [776 bytes]","args":[{"enterText":"1000","selector":{"id":"application-manageyards-display-component---NewYard--companyCodeComboBox","interaction":{"idSuffix":"inner"}},"clearTextFirst":true,"interactionType":"ENTER_TEXT"}]}
COMMAND: POST /session/4e36bf80fbca1927c571a30744d2eac8/execute/async - {"script":"<script> [1562 bytes]","args":[{"selector":{"controlType":"sap.m.Input","viewName":"etm.portal.ui.manageyards.view.New","viewId":"application-manageyards-display-component---NewYard","bindingPath":{"path":"","propertyPath":"/PLANT","modelName":"NewYardModel"},"interaction":{"idSuffix":"inner"}},"wdio_ui5_key":"etmportal.ui.manageyards.view.Newsap.m.Input{\"path\":\"\",\"propertyPath\":\"/PLANT\",\"modelName\":\"NewYardModel\"}"}]}
RESULT: {"script":"<script> [1562 bytes]","args":[{"selector":{"controlType":"sap.m.Input","viewName":"etm.portal.ui.manageyards.view.New","viewId":"application-manageyards-display-component---NewYard","bindingPath":{"path":"","propertyPath":"/PLANT","modelName":"NewYardModel"},"interaction":{"idSuffix":"inner"}},"wdio_ui5_key":"etmportal.ui.manageyards.view.Newsap.m.Input{\"path\":\"\",\"propertyPath\":\"/PLANT\",\"modelName\":\"NewYardModel\"}"}]}
RESULT: undefined
COMMAND: POST /session/4e36bf80fbca1927c571a30744d2eac8/execute/async - {"script":"<script> [776 bytes]","args":[{"enterText":"1001","selector":{"controlType":"sap.m.Input","viewName":"etm.portal.ui.manageyards.view.New","viewId":"application-manageyards-display-component---NewYard","bindingPath":{"path":"","propertyPath":"/PLANT","modelName":"NewYardModel"},"interaction":{"idSuffix":"inner"}},"clearTextFirst":true,"interactionType":"ENTER_TEXT"}]}
RESULT: {"script":"<script> [776 bytes]","args":[{"enterText":"1001","selector":{"controlType":"sap.m.Input","viewName":"etm.portal.ui.manageyards.view.New","viewId":"application-manageyards-display-component---NewYard","bindingPath":{"path":"","propertyPath":"/PLANT","modelName":"NewYardModel"},"interaction":{"idSuffix":"inner"}},"clearTextFirst":true,"interactionType":"ENTER_TEXT"}]}
COMMAND: POST /session/4e36bf80fbca1927c571a30744d2eac8/execute/async - {"script":"<script> [1562 bytes]","args":[{"selector":{"controlType":"sap.m.Input","viewName":"etm.portal.ui.manageyards.view.New","viewId":"application-manageyards-display-component---NewYard","bindingPath":{"path":"","propertyPath":"/SALES_AREA_VKORG","modelName":"NewYardModel"},"interaction":{"idSuffix":"inner"}},"wdio_ui5_key":"etmportal.ui.manageyards.view.Newsap.m.Input{\"path\":\"\",\"propertyPath\":\"/SALES_AREA_VKORG\",\"modelName\":\"NewYardModel\"}"}]}
RESULT: {"script":"<script> [1562 bytes]","args":[{"selector":{"controlType":"sap.m.Input","viewName":"etm.portal.ui.manageyards.view.New","viewId":"application-manageyards-display-component---NewYard","bindingPath":{"path":"","propertyPath":"/SALES_AREA_VKORG","modelName":"NewYardModel"},"interaction":{"idSuffix":"inner"}},"wdio_ui5_key":"etmportal.ui.manageyards.view.Newsap.m.Input{\"path\":\"\",\"propertyPath\":\"/SALES_AREA_VKORG\",\"modelName\":\"NewYardModel\"}"}]}
RESULT: undefined
COMMAND: POST /session/4e36bf80fbca1927c571a30744d2eac8/execute/async - {"script":"<script> [776 bytes]","args":[{"enterText":"C002","selector":{"controlType":"sap.m.Input","viewName":"etm.portal.ui.manageyards.view.New","viewId":"application-manageyards-display-component---NewYard","bindingPath":{"path":"","propertyPath":"/SALES_AREA_VKORG","modelName":"NewYardModel"},"interaction":{"idSuffix":"inner"}},"clearTextFirst":true,"interactionType":"ENTER_TEXT"}]}
RESULT: {"script":"<script> [776 bytes]","args":[{"enterText":"C002","selector":{"controlType":"sap.m.Input","viewName":"etm.portal.ui.manageyards.view.New","viewId":"application-manageyards-display-component---NewYard","bindingPath":{"path":"","propertyPath":"/SALES_AREA_VKORG","modelName":"NewYardModel"},"interaction":{"idSuffix":"inner"}},"clearTextFirst":true,"interactionType":"ENTER_TEXT"}]}
COMMAND: POST /session/4e36bf80fbca1927c571a30744d2eac8/execute/async - {"script":"<script> [1562 bytes]","args":[{"selector":{"controlType":"sap.m.Input","viewName":"etm.portal.ui.manageyards.view.New","viewId":"application-manageyards-display-component---NewYard","bindingPath":{"path":"","propertyPath":"/SALES_AREA_VTWEG","modelName":"NewYardModel"},"interaction":{"idSuffix":"inner"}},"wdio_ui5_key":"etmportal.ui.manageyards.view.Newsap.m.Input{\"path\":\"\",\"propertyPath\":\"/SALES_AREA_VTWEG\",\"modelName\":\"NewYardModel\"}"}]}
RESULT: {"script":"<script> [1562 bytes]","args":[{"selector":{"controlType":"sap.m.Input","viewName":"etm.portal.ui.manageyards.view.New","viewId":"application-manageyards-display-component---NewYard","bindingPath":{"path":"","propertyPath":"/SALES_AREA_VTWEG","modelName":"NewYardModel"},"interaction":{"idSuffix":"inner"}},"wdio_ui5_key":"etmportal.ui.manageyards.view.Newsap.m.Input{\"path\":\"\",\"propertyPath\":\"/SALES_AREA_VTWEG\",\"modelName\":\"NewYardModel\"}"}]}
RESULT: undefined
COMMAND: POST /session/4e36bf80fbca1927c571a30744d2eac8/execute/async - {"script":"<script> [776 bytes]","args":[{"enterText":"C2","selector":{"controlType":"sap.m.Input","viewName":"etm.portal.ui.manageyards.view.New","viewId":"application-manageyards-display-component---NewYard","bindingPath":{"path":"","propertyPath":"/SALES_AREA_VTWEG","modelName":"NewYardModel"},"interaction":{"idSuffix":"inner"}},"clearTextFirst":true,"interactionType":"ENTER_TEXT"}]}
RESULT: {"script":"<script> [776 bytes]","args":[{"enterText":"C2","selector":{"controlType":"sap.m.Input","viewName":"etm.portal.ui.manageyards.view.New","viewId":"application-manageyards-display-component---NewYard","bindingPath":{"path":"","propertyPath":"/SALES_AREA_VTWEG","modelName":"NewYardModel"},"interaction":{"idSuffix":"inner"}},"clearTextFirst":true,"interactionType":"ENTER_TEXT"}]}
COMMAND: POST /session/4e36bf80fbca1927c571a30744d2eac8/execute/async - {"script":"<script> [1562 bytes]","args":[{"selector":{"controlType":"sap.m.Input","viewName":"etm.portal.ui.manageyards.view.New","viewId":"application-manageyards-display-component---NewYard","bindingPath":{"path":"","propertyPath":"/SALES_AREA_SPART","modelName":"NewYardModel"},"interaction":{"idSuffix":"inner"}},"wdio_ui5_key":"etmportal.ui.manageyards.view.Newsap.m.Input{\"path\":\"\",\"propertyPath\":\"/SALES_AREA_SPART\",\"modelName\":\"NewYardModel\"}"}]}
RESULT: {"script":"<script> [1562 bytes]","args":[{"selector":{"controlType":"sap.m.Input","viewName":"etm.portal.ui.manageyards.view.New","viewId":"application-manageyards-display-component---NewYard","bindingPath":{"path":"","propertyPath":"/SALES_AREA_SPART","modelName":"NewYardModel"},"interaction":{"idSuffix":"inner"}},"wdio_ui5_key":"etmportal.ui.manageyards.view.Newsap.m.Input{\"path\":\"\",\"propertyPath\":\"/SALES_AREA_SPART\",\"modelName\":\"NewYardModel\"}"}]}
RESULT: undefined
COMMAND: POST /session/4e36bf80fbca1927c571a30744d2eac8/execute/async - {"script":"<script> [776 bytes]","args":[{"enterText":"C2","selector":{"controlType":"sap.m.Input","viewName":"etm.portal.ui.manageyards.view.New","viewId":"application-manageyards-display-component---NewYard","bindingPath":{"path":"","propertyPath":"/SALES_AREA_SPART","modelName":"NewYardModel"},"interaction":{"idSuffix":"inner"}},"clearTextFirst":true,"interactionType":"ENTER_TEXT"}]}
RESULT: {"script":"<script> [776 bytes]","args":[{"enterText":"C2","selector":{"controlType":"sap.m.Input","viewName":"etm.portal.ui.manageyards.view.New","viewId":"application-manageyards-display-component---NewYard","bindingPath":{"path":"","propertyPath":"/SALES_AREA_SPART","modelName":"NewYardModel"},"interaction":{"idSuffix":"inner"}},"clearTextFirst":true,"interactionType":"ENTER_TEXT"}]}
COMMAND: POST /session/4e36bf80fbca1927c571a30744d2eac8/execute/async - {"script":"<script> [1562 bytes]","args":[{"selector":{"controlType":"sap.m.Input","viewName":"etm.portal.ui.manageyards.view.New","viewId":"application-manageyards-display-component---NewYard","bindingPath":{"path":"","propertyPath":"/SHIP_POINT","modelName":"NewYardModel"},"interaction":{"idSuffix":"inner"}},"wdio_ui5_key":"etmportal.ui.manageyards.view.Newsap.m.Input{\"path\":\"\",\"propertyPath\":\"/SHIP_POINT\",\"modelName\":\"NewYardModel\"}"}]}
RESULT: {"script":"<script> [1562 bytes]","args":[{"selector":{"controlType":"sap.m.Input","viewName":"etm.portal.ui.manageyards.view.New","viewId":"application-manageyards-display-component---NewYard","bindingPath":{"path":"","propertyPath":"/SHIP_POINT","modelName":"NewYardModel"},"interaction":{"idSuffix":"inner"}},"wdio_ui5_key":"etmportal.ui.manageyards.view.Newsap.m.Input{\"path\":\"\",\"propertyPath\":\"/SHIP_POINT\",\"modelName\":\"NewYardModel\"}"}]}
RESULT: undefined
COMMAND: POST /session/4e36bf80fbca1927c571a30744d2eac8/execute/async - {"script":"<script> [776 bytes]","args":[{"enterText":"1710","selector":{"controlType":"sap.m.Input","viewName":"etm.portal.ui.manageyards.view.New","viewId":"application-manageyards-display-component---NewYard","bindingPath":{"path":"","propertyPath":"/SHIP_POINT","modelName":"NewYardModel"},"interaction":{"idSuffix":"inner"}},"clearTextFirst":true,"interactionType":"ENTER_TEXT"}]}
RESULT: {"script":"<script> [776 bytes]","args":[{"enterText":"1710","selector":{"controlType":"sap.m.Input","viewName":"etm.portal.ui.manageyards.view.New","viewId":"application-manageyards-display-component---NewYard","bindingPath":{"path":"","propertyPath":"/SHIP_POINT","modelName":"NewYardModel"},"interaction":{"idSuffix":"inner"}},"clearTextFirst":true,"interactionType":"ENTER_TEXT"}]}
COMMAND: POST /session/4e36bf80fbca1927c571a30744d2eac8/execute/async - {"script":"<script> [1562 bytes]","args":[{"selector":{"controlType":"sap.m.Input","viewName":"etm.portal.ui.manageyards.view.New","viewId":"application-manageyards-display-component---NewYard","bindingPath":{"path":"","propertyPath":"/DELIVERY_TYPE","modelName":"NewYardModel"},"interaction":{"idSuffix":"inner"}},"wdio_ui5_key":"etmportal.ui.manageyards.view.Newsap.m.Input{\"path\":\"\",\"propertyPath\":\"/DELIVERY_TYPE\",\"modelName\":\"NewYardModel\"}"}]}
RESULT: {"script":"<script> [1562 bytes]","args":[{"selector":{"controlType":"sap.m.Input","viewName":"etm.portal.ui.manageyards.view.New","viewId":"application-manageyards-display-component---NewYard","bindingPath":{"path":"","propertyPath":"/DELIVERY_TYPE","modelName":"NewYardModel"},"interaction":{"idSuffix":"inner"}},"wdio_ui5_key":"etmportal.ui.manageyards.view.Newsap.m.Input{\"path\":\"\",\"propertyPath\":\"/DELIVERY_TYPE\",\"modelName\":\"NewYardModel\"}"}]}
RESULT: undefined
COMMAND: POST /session/4e36bf80fbca1927c571a30744d2eac8/execute/async - {"script":"<script> [776 bytes]","args":[{"enterText":"ZL01","selector":{"controlType":"sap.m.Input","viewName":"etm.portal.ui.manageyards.view.New","viewId":"application-manageyards-display-component---NewYard","bindingPath":{"path":"","propertyPath":"/DELIVERY_TYPE","modelName":"NewYardModel"},"interaction":{"idSuffix":"inner"}},"clearTextFirst":true,"interactionType":"ENTER_TEXT"}]}
RESULT: {"script":"<script> [776 bytes]","args":[{"enterText":"ZL01","selector":{"controlType":"sap.m.Input","viewName":"etm.portal.ui.manageyards.view.New","viewId":"application-manageyards-display-component---NewYard","bindingPath":{"path":"","propertyPath":"/DELIVERY_TYPE","modelName":"NewYardModel"},"interaction":{"idSuffix":"inner"}},"clearTextFirst":true,"interactionType":"ENTER_TEXT"}]}
COMMAND: POST /session/4e36bf80fbca1927c571a30744d2eac8/execute/async - {"script":"<script> [1562 bytes]","args":[{"selector":{"controlType":"sap.m.Input","viewName":"etm.portal.ui.manageyards.view.New","viewId":"application-manageyards-display-component---NewYard","bindingPath":{"path":"","propertyPath":"/AUART","modelName":"NewYardModel"},"interaction":{"idSuffix":"inner"}},"wdio_ui5_key":"etmportal.ui.manageyards.view.Newsap.m.Input{\"path\":\"\",\"propertyPath\":\"/AUART\",\"modelName\":\"NewYardModel\"}"}]}
RESULT: {"script":"<script> [1562 bytes]","args":[{"selector":{"controlType":"sap.m.Input","viewName":"etm.portal.ui.manageyards.view.New","viewId":"application-manageyards-display-component---NewYard","bindingPath":{"path":"","propertyPath":"/AUART","modelName":"NewYardModel"},"interaction":{"idSuffix":"inner"}},"wdio_ui5_key":"etmportal.ui.manageyards.view.Newsap.m.Input{\"path\":\"\",\"propertyPath\":\"/AUART\",\"modelName\":\"NewYardModel\"}"}]}
RESULT: undefined
COMMAND: POST /session/4e36bf80fbca1927c571a30744d2eac8/execute/async - {"script":"<script> [776 bytes]","args":[{"enterText":"TA","selector":{"controlType":"sap.m.Input","viewName":"etm.portal.ui.manageyards.view.New","viewId":"application-manageyards-display-component---NewYard","bindingPath":{"path":"","propertyPath":"/AUART","modelName":"NewYardModel"},"interaction":{"idSuffix":"inner"}},"clearTextFirst":true,"interactionType":"ENTER_TEXT"}]}
RESULT: {"script":"<script> [776 bytes]","args":[{"enterText":"TA","selector":{"controlType":"sap.m.Input","viewName":"etm.portal.ui.manageyards.view.New","viewId":"application-manageyards-display-component---NewYard","bindingPath":{"path":"","propertyPath":"/AUART","modelName":"NewYardModel"},"interaction":{"idSuffix":"inner"}},"clearTextFirst":true,"interactionType":"ENTER_TEXT"}]}
COMMAND: POST /session/4e36bf80fbca1927c571a30744d2eac8/element - {"using":"xpath","value":"//button[@data-kt=\"newYardSaveButton\"]"}
RESULT: {"using":"xpath","value":"//button[@data-kt=\"newYardSaveButton\"]"}
COMMAND: POST /session/4e36bf80fbca1927c571a30744d2eac8/element/f.F4B8E6AEE0F35DB2CB5FDCA58BEB4CC0.d.25FDED097B21F18C59938811AEE490E0.e.661/click - {}
RESULT: {}
COMMAND: GET /session/4e36bf80fbca1927c571a30744d2eac8/screenshot - {}
RESULT: {}
COMMAND: POST /session/4e36bf80fbca1927c571a30744d2eac8/element - {"using":"xpath","value":"//header[contains(@id, 'ObjectPageLayout-headerTitle')]/div[1]/div[2]/div[1]/span[1]"}
RESULT: {"using":"xpath","value":"//header[contains(@id, 'ObjectPageLayout-headerTitle')]/div[1]/div[2]/div[1]/span[1]"}
COMMAND: POST /session/4e36bf80fbca1927c571a30744d2eac8/elements - {"using":"xpath","value":"//header[contains(@id, 'ObjectPageLayout-headerTitle')]/div[1]/div[2]/div[1]/span[1]"}
RESULT: {"using":"xpath","value":"//header[contains(@id, 'ObjectPageLayout-headerTitle')]/div[1]/div[2]/div[1]/span[1]"}
COMMAND: POST /session/4e36bf80fbca1927c571a30744d2eac8/execute/sync - {"script":"<script> [56 bytes]","args":[{"element-6066-11e4-a52e-4f735466cecf":"f.F4B8E6AEE0F35DB2CB5FDCA58BEB4CC0.d.25FDED097B21F18C59938811AEE490E0.e.963","ELEMENT":"f.F4B8E6AEE0F35DB2CB5FDCA58BEB4CC0.d.25FDED097B21F18C59938811AEE490E0.e.963"}]}
RESULT: {"script":"<script> [56 bytes]","args":[{"element-6066-11e4-a52e-4f735466cecf":"f.F4B8E6AEE0F35DB2CB5FDCA58BEB4CC0.d.25FDED097B21F18C59938811AEE490E0.e.963","ELEMENT":"f.F4B8E6AEE0F35DB2CB5FDCA58BEB4CC0.d.25FDED097B21F18C59938811AEE490E0.e.963"}]}
COMMAND: GET /session/4e36bf80fbca1927c571a30744d2eac8/screenshot - {}
RESULT: {}
COMMAND: POST /session/4e36bf80fbca1927c571a30744d2eac8/element - {"using":"css selector","value":"#shell-header-logo"}
RESULT: {"using":"css selector","value":"#shell-header-logo"}
COMMAND: POST /session/4e36bf80fbca1927c571a30744d2eac8/element/f.F4B8E6AEE0F35DB2CB5FDCA58BEB4CC0.d.25FDED097B21F18C59938811AEE490E0.e.275/click - {}
RESULT: {}
COMMAND: GET /session/4e36bf80fbca1927c571a30744d2eac8/screenshot - {}
RESULT: {}
COMMAND: POST /session/4e36bf80fbca1927c571a30744d2eac8/execute/sync - {"script":"<script> [299 bytes]","args":[["getModel","getResource"]]}
RESULT: {"script":"<script> [299 bytes]","args":[["getModel","getResource"]]}
]]></system-out>
    </testcase>
    <testcase classname="chrome.136_0_7103_49.windows.Billing_Transfer_-_Master_data_&amp;_Intercompany_US127250" name="Should create a new partner" time="127.085">
      <system-out><![CDATA[
COMMAND: GET /session/4e36bf80fbca1927c571a30744d2eac8/screenshot - {}
COMMAND: POST /session/4e36bf80fbca1927c571a30744d2eac8/window/fullscreen - {}
RESULT: {}
RESULT: {}
COMMAND: POST /session/4e36bf80fbca1927c571a30744d2eac8/execute/async - {"script":"<script> [1562 bytes]","args":[{"selector":{"controlType":"sap.m.GenericTile","properties":{"header":"Manage Partners"}},"wdio_ui5_key":"sapm.GenericTile{\"header\":\"Manage Partners\"}"}]}
RESULT: {"script":"<script> [1562 bytes]","args":[{"selector":{"controlType":"sap.m.GenericTile","properties":{"header":"Manage Partners"}},"wdio_ui5_key":"sapm.GenericTile{\"header\":\"Manage Partners\"}"}]}
RESULT: undefined
COMMAND: POST /session/4e36bf80fbca1927c571a30744d2eac8/element - {"using":"xpath","value":"//*[@id=\"__tile38\"]"}
RESULT: {"using":"xpath","value":"//*[@id=\"__tile38\"]"}
COMMAND: POST /session/4e36bf80fbca1927c571a30744d2eac8/element/f.F4B8E6AEE0F35DB2CB5FDCA58BEB4CC0.d.25FDED097B21F18C59938811AEE490E0.e.161/click - {}
RESULT: {}
COMMAND: POST /session/4e36bf80fbca1927c571a30744d2eac8/element - {"using":"xpath","value":"//button[@data-kt=\"addButton\"]"}
COMMAND: GET /session/4e36bf80fbca1927c571a30744d2eac8/screenshot - {}
RESULT: {"using":"xpath","value":"//button[@data-kt=\"addButton\"]"}
COMMAND: POST /session/4e36bf80fbca1927c571a30744d2eac8/elements - {"using":"xpath","value":"//button[@data-kt=\"addButton\"]"}
RESULT: {}
RESULT: {"using":"xpath","value":"//button[@data-kt=\"addButton\"]"}
COMMAND: POST /session/4e36bf80fbca1927c571a30744d2eac8/elements - {"using":"xpath","value":"//button[@data-kt=\"addButton\"]"}
RESULT: {"using":"xpath","value":"//button[@data-kt=\"addButton\"]"}
COMMAND: POST /session/4e36bf80fbca1927c571a30744d2eac8/elements - {"using":"xpath","value":"//button[@data-kt=\"addButton\"]"}
RESULT: {"using":"xpath","value":"//button[@data-kt=\"addButton\"]"}
COMMAND: POST /session/4e36bf80fbca1927c571a30744d2eac8/elements - {"using":"xpath","value":"//button[@data-kt=\"addButton\"]"}
RESULT: {"using":"xpath","value":"//button[@data-kt=\"addButton\"]"}
COMMAND: POST /session/4e36bf80fbca1927c571a30744d2eac8/elements - {"using":"xpath","value":"//button[@data-kt=\"addButton\"]"}
RESULT: {"using":"xpath","value":"//button[@data-kt=\"addButton\"]"}
COMMAND: POST /session/4e36bf80fbca1927c571a30744d2eac8/elements - {"using":"xpath","value":"//button[@data-kt=\"addButton\"]"}
RESULT: {"using":"xpath","value":"//button[@data-kt=\"addButton\"]"}
COMMAND: POST /session/4e36bf80fbca1927c571a30744d2eac8/elements - {"using":"xpath","value":"//button[@data-kt=\"addButton\"]"}
RESULT: {"using":"xpath","value":"//button[@data-kt=\"addButton\"]"}
COMMAND: POST /session/4e36bf80fbca1927c571a30744d2eac8/elements - {"using":"xpath","value":"//button[@data-kt=\"addButton\"]"}
RESULT: {"using":"xpath","value":"//button[@data-kt=\"addButton\"]"}
COMMAND: POST /session/4e36bf80fbca1927c571a30744d2eac8/elements - {"using":"xpath","value":"//button[@data-kt=\"addButton\"]"}
RESULT: {"using":"xpath","value":"//button[@data-kt=\"addButton\"]"}
COMMAND: POST /session/4e36bf80fbca1927c571a30744d2eac8/elements - {"using":"xpath","value":"//button[@data-kt=\"addButton\"]"}
RESULT: {"using":"xpath","value":"//button[@data-kt=\"addButton\"]"}
COMMAND: POST /session/4e36bf80fbca1927c571a30744d2eac8/elements - {"using":"xpath","value":"//button[@data-kt=\"addButton\"]"}
RESULT: {"using":"xpath","value":"//button[@data-kt=\"addButton\"]"}
COMMAND: POST /session/4e36bf80fbca1927c571a30744d2eac8/elements - {"using":"xpath","value":"//button[@data-kt=\"addButton\"]"}
RESULT: {"using":"xpath","value":"//button[@data-kt=\"addButton\"]"}
COMMAND: POST /session/4e36bf80fbca1927c571a30744d2eac8/elements - {"using":"xpath","value":"//button[@data-kt=\"addButton\"]"}
RESULT: {"using":"xpath","value":"//button[@data-kt=\"addButton\"]"}
COMMAND: POST /session/4e36bf80fbca1927c571a30744d2eac8/elements - {"using":"xpath","value":"//button[@data-kt=\"addButton\"]"}
RESULT: {"using":"xpath","value":"//button[@data-kt=\"addButton\"]"}
COMMAND: POST /session/4e36bf80fbca1927c571a30744d2eac8/elements - {"using":"xpath","value":"//button[@data-kt=\"addButton\"]"}
RESULT: {"using":"xpath","value":"//button[@data-kt=\"addButton\"]"}
COMMAND: POST /session/4e36bf80fbca1927c571a30744d2eac8/elements - {"using":"xpath","value":"//button[@data-kt=\"addButton\"]"}
RESULT: {"using":"xpath","value":"//button[@data-kt=\"addButton\"]"}
COMMAND: POST /session/4e36bf80fbca1927c571a30744d2eac8/elements - {"using":"xpath","value":"//button[@data-kt=\"addButton\"]"}
RESULT: {"using":"xpath","value":"//button[@data-kt=\"addButton\"]"}
COMMAND: POST /session/4e36bf80fbca1927c571a30744d2eac8/elements - {"using":"xpath","value":"//button[@data-kt=\"addButton\"]"}
RESULT: {"using":"xpath","value":"//button[@data-kt=\"addButton\"]"}
COMMAND: POST /session/4e36bf80fbca1927c571a30744d2eac8/elements - {"using":"xpath","value":"//button[@data-kt=\"addButton\"]"}
RESULT: {"using":"xpath","value":"//button[@data-kt=\"addButton\"]"}
COMMAND: POST /session/4e36bf80fbca1927c571a30744d2eac8/elements - {"using":"xpath","value":"//button[@data-kt=\"addButton\"]"}
RESULT: {"using":"xpath","value":"//button[@data-kt=\"addButton\"]"}
COMMAND: POST /session/4e36bf80fbca1927c571a30744d2eac8/elements - {"using":"xpath","value":"//button[@data-kt=\"addButton\"]"}
RESULT: {"using":"xpath","value":"//button[@data-kt=\"addButton\"]"}
COMMAND: POST /session/4e36bf80fbca1927c571a30744d2eac8/elements - {"using":"xpath","value":"//button[@data-kt=\"addButton\"]"}
RESULT: {"using":"xpath","value":"//button[@data-kt=\"addButton\"]"}
COMMAND: POST /session/4e36bf80fbca1927c571a30744d2eac8/elements - {"using":"xpath","value":"//button[@data-kt=\"addButton\"]"}
RESULT: {"using":"xpath","value":"//button[@data-kt=\"addButton\"]"}
COMMAND: POST /session/4e36bf80fbca1927c571a30744d2eac8/elements - {"using":"xpath","value":"//button[@data-kt=\"addButton\"]"}
RESULT: {"using":"xpath","value":"//button[@data-kt=\"addButton\"]"}
COMMAND: POST /session/4e36bf80fbca1927c571a30744d2eac8/element - {"using":"xpath","value":"//button[@data-kt=\"addButton\"]"}
RESULT: {"using":"xpath","value":"//button[@data-kt=\"addButton\"]"}
COMMAND: POST /session/4e36bf80fbca1927c571a30744d2eac8/execute/sync - {"script":"<script> [8489 bytes]","args":[{"element-6066-11e4-a52e-4f735466cecf":"f.F4B8E6AEE0F35DB2CB5FDCA58BEB4CC0.d.25FDED097B21F18C59938811AEE490E0.e.1001","ELEMENT":"f.F4B8E6AEE0F35DB2CB5FDCA58BEB4CC0.d.25FDED097B21F18C59938811AEE490E0.e.1001"}]}
RESULT: {"script":"<script> [8489 bytes]","args":[{"element-6066-11e4-a52e-4f735466cecf":"f.F4B8E6AEE0F35DB2CB5FDCA58BEB4CC0.d.25FDED097B21F18C59938811AEE490E0.e.1001","ELEMENT":"f.F4B8E6AEE0F35DB2CB5FDCA58BEB4CC0.d.25FDED097B21F18C59938811AEE490E0.e.1001"}]}
COMMAND: GET /session/4e36bf80fbca1927c571a30744d2eac8/element/f.F4B8E6AEE0F35DB2CB5FDCA58BEB4CC0.d.25FDED097B21F18C59938811AEE490E0.e.1001/enabled - {}
COMMAND: GET /session/4e36bf80fbca1927c571a30744d2eac8/screenshot - {}
RESULT: {}
COMMAND: POST /session/4e36bf80fbca1927c571a30744d2eac8/execute/sync - {"script":"<script> [8489 bytes]","args":[{"element-6066-11e4-a52e-4f735466cecf":"f.F4B8E6AEE0F35DB2CB5FDCA58BEB4CC0.d.25FDED097B21F18C59938811AEE490E0.e.1001","ELEMENT":"f.F4B8E6AEE0F35DB2CB5FDCA58BEB4CC0.d.25FDED097B21F18C59938811AEE490E0.e.1001"}]}
COMMAND: GET /session/4e36bf80fbca1927c571a30744d2eac8/screenshot - {}
RESULT: {}
RESULT: {"script":"<script> [8489 bytes]","args":[{"element-6066-11e4-a52e-4f735466cecf":"f.F4B8E6AEE0F35DB2CB5FDCA58BEB4CC0.d.25FDED097B21F18C59938811AEE490E0.e.1001","ELEMENT":"f.F4B8E6AEE0F35DB2CB5FDCA58BEB4CC0.d.25FDED097B21F18C59938811AEE490E0.e.1001"}]}
COMMAND: POST /session/4e36bf80fbca1927c571a30744d2eac8/execute/sync - {"script":"<script> [5351 bytes]","args":[{"element-6066-11e4-a52e-4f735466cecf":"f.F4B8E6AEE0F35DB2CB5FDCA58BEB4CC0.d.25FDED097B21F18C59938811AEE490E0.e.1001","ELEMENT":"f.F4B8E6AEE0F35DB2CB5FDCA58BEB4CC0.d.25FDED097B21F18C59938811AEE490E0.e.1001"}]}
COMMAND: GET /session/4e36bf80fbca1927c571a30744d2eac8/screenshot - {}
RESULT: {}
RESULT: {"script":"<script> [5351 bytes]","args":[{"element-6066-11e4-a52e-4f735466cecf":"f.F4B8E6AEE0F35DB2CB5FDCA58BEB4CC0.d.25FDED097B21F18C59938811AEE490E0.e.1001","ELEMENT":"f.F4B8E6AEE0F35DB2CB5FDCA58BEB4CC0.d.25FDED097B21F18C59938811AEE490E0.e.1001"}]}
COMMAND: POST /session/4e36bf80fbca1927c571a30744d2eac8/element/f.F4B8E6AEE0F35DB2CB5FDCA58BEB4CC0.d.25FDED097B21F18C59938811AEE490E0.e.1001/click - {}
COMMAND: GET /session/4e36bf80fbca1927c571a30744d2eac8/screenshot - {}
RESULT: {}
RESULT: {}
COMMAND: GET /session/4e36bf80fbca1927c571a30744d2eac8/screenshot - {}
RESULT: {}
COMMAND: POST /session/4e36bf80fbca1927c571a30744d2eac8/execute/async - {"script":"<script> [1562 bytes]","args":[{"selector":{"id":"application-managepartners-display-component---NewPartner--addressDetailDetailsName1","interaction":{"idSuffix":"inner"}},"wdio_ui5_key":"applicationmanagepartners-display-component---NewPartner--addressDetailDetailsName1"}]}
RESULT: {}
RESULT: {"script":"<script> [1562 bytes]","args":[{"selector":{"id":"application-managepartners-display-component---NewPartner--addressDetailDetailsName1","interaction":{"idSuffix":"inner"}},"wdio_ui5_key":"applicationmanagepartners-display-component---NewPartner--addressDetailDetailsName1"}]}
RESULT: undefined
COMMAND: POST /session/4e36bf80fbca1927c571a30744d2eac8/execute/async - {"script":"<script> [776 bytes]","args":[{"enterText":"Intercompany Partner WDIO","selector":{"id":"application-managepartners-display-component---NewPartner--addressDetailDetailsName1","interaction":{"idSuffix":"inner"}},"clearTextFirst":true,"interactionType":"ENTER_TEXT"}]}
RESULT: {"script":"<script> [776 bytes]","args":[{"enterText":"Intercompany Partner WDIO","selector":{"id":"application-managepartners-display-component---NewPartner--addressDetailDetailsName1","interaction":{"idSuffix":"inner"}},"clearTextFirst":true,"interactionType":"ENTER_TEXT"}]}
COMMAND: POST /session/4e36bf80fbca1927c571a30744d2eac8/execute/async - {"script":"<script> [1562 bytes]","args":[{"selector":{"id":"application-managepartners-display-component---NewPartner--addressDetailDetailsLanguage-arrow"},"wdio_ui5_key":"applicationmanagepartners-display-component---NewPartner--addressDetailDetailsLanguage-arrow"}]}
RESULT: {"script":"<script> [1562 bytes]","args":[{"selector":{"id":"application-managepartners-display-component---NewPartner--addressDetailDetailsLanguage-arrow"},"wdio_ui5_key":"applicationmanagepartners-display-component---NewPartner--addressDetailDetailsLanguage-arrow"}]}
RESULT: undefined
COMMAND: POST /session/4e36bf80fbca1927c571a30744d2eac8/element - {"using":"xpath","value":"//*[@id=\"application-managepartners-display-component---NewPartner--addressDetailDetailsLanguage-arrow\"]"}
RESULT: {"using":"xpath","value":"//*[@id=\"application-managepartners-display-component---NewPartner--addressDetailDetailsLanguage-arrow\"]"}
COMMAND: POST /session/4e36bf80fbca1927c571a30744d2eac8/element/f.F4B8E6AEE0F35DB2CB5FDCA58BEB4CC0.d.25FDED097B21F18C59938811AEE490E0.e.1319/click - {}
RESULT: {}
COMMAND: POST /session/4e36bf80fbca1927c571a30744d2eac8/element - {"using":"xpath","value":"//span[contains(text(), \"English\")]"}
COMMAND: GET /session/4e36bf80fbca1927c571a30744d2eac8/screenshot - {}
RESULT: {"using":"xpath","value":"//span[contains(text(), \"English\")]"}
COMMAND: POST /session/4e36bf80fbca1927c571a30744d2eac8/element/f.F4B8E6AEE0F35DB2CB5FDCA58BEB4CC0.d.25FDED097B21F18C59938811AEE490E0.e.1320/click - {}
RESULT: {}
RESULT: {}
COMMAND: GET /session/4e36bf80fbca1927c571a30744d2eac8/screenshot - {}
RESULT: {}
COMMAND: POST /session/4e36bf80fbca1927c571a30744d2eac8/execute/async - {"script":"<script> [1562 bytes]","args":[{"selector":{"id":"application-managepartners-display-component---NewPartner--addressDetailDetailsCity1","interaction":{"idSuffix":"inner"}},"wdio_ui5_key":"applicationmanagepartners-display-component---NewPartner--addressDetailDetailsCity1"}]}
RESULT: {"script":"<script> [1562 bytes]","args":[{"selector":{"id":"application-managepartners-display-component---NewPartner--addressDetailDetailsCity1","interaction":{"idSuffix":"inner"}},"wdio_ui5_key":"applicationmanagepartners-display-component---NewPartner--addressDetailDetailsCity1"}]}
RESULT: undefined
COMMAND: POST /session/4e36bf80fbca1927c571a30744d2eac8/execute/async - {"script":"<script> [776 bytes]","args":[{"enterText":"Rosario","selector":{"id":"application-managepartners-display-component---NewPartner--addressDetailDetailsCity1","interaction":{"idSuffix":"inner"}},"clearTextFirst":true,"interactionType":"ENTER_TEXT"}]}
RESULT: {"script":"<script> [776 bytes]","args":[{"enterText":"Rosario","selector":{"id":"application-managepartners-display-component---NewPartner--addressDetailDetailsCity1","interaction":{"idSuffix":"inner"}},"clearTextFirst":true,"interactionType":"ENTER_TEXT"}]}
COMMAND: POST /session/4e36bf80fbca1927c571a30744d2eac8/execute/async - {"script":"<script> [1562 bytes]","args":[{"selector":{"id":"application-managepartners-display-component---NewPartner--addressDetailDetailsCountry-arrow"},"wdio_ui5_key":"applicationmanagepartners-display-component---NewPartner--addressDetailDetailsCountry-arrow"}]}
RESULT: {"script":"<script> [1562 bytes]","args":[{"selector":{"id":"application-managepartners-display-component---NewPartner--addressDetailDetailsCountry-arrow"},"wdio_ui5_key":"applicationmanagepartners-display-component---NewPartner--addressDetailDetailsCountry-arrow"}]}
RESULT: undefined
COMMAND: POST /session/4e36bf80fbca1927c571a30744d2eac8/element - {"using":"xpath","value":"//*[@id=\"application-managepartners-display-component---NewPartner--addressDetailDetailsCountry-arrow\"]"}
RESULT: {"using":"xpath","value":"//*[@id=\"application-managepartners-display-component---NewPartner--addressDetailDetailsCountry-arrow\"]"}
COMMAND: POST /session/4e36bf80fbca1927c571a30744d2eac8/element/f.F4B8E6AEE0F35DB2CB5FDCA58BEB4CC0.d.25FDED097B21F18C59938811AEE490E0.e.1305/click - {}
RESULT: {}
COMMAND: POST /session/4e36bf80fbca1927c571a30744d2eac8/element - {"using":"xpath","value":"//span[contains(text(), \"Argentina\")]"}
COMMAND: GET /session/4e36bf80fbca1927c571a30744d2eac8/screenshot - {}
RESULT: {"using":"xpath","value":"//span[contains(text(), \"Argentina\")]"}
COMMAND: POST /session/4e36bf80fbca1927c571a30744d2eac8/element/f.F4B8E6AEE0F35DB2CB5FDCA58BEB4CC0.d.25FDED097B21F18C59938811AEE490E0.e.1322/click - {}
RESULT: {}
RESULT: {}
COMMAND: GET /session/4e36bf80fbca1927c571a30744d2eac8/screenshot - {}
RESULT: {}
COMMAND: POST /session/4e36bf80fbca1927c571a30744d2eac8/element - {"using":"xpath","value":"//bdi[contains(text(), \"Commercial\")]"}
RESULT: {"using":"xpath","value":"//bdi[contains(text(), \"Commercial\")]"}
COMMAND: POST /session/4e36bf80fbca1927c571a30744d2eac8/element/f.F4B8E6AEE0F35DB2CB5FDCA58BEB4CC0.d.25FDED097B21F18C59938811AEE490E0.e.1323/click - {}
RESULT: {}
COMMAND: GET /session/4e36bf80fbca1927c571a30744d2eac8/screenshot - {}
RESULT: {}
COMMAND: POST /session/4e36bf80fbca1927c571a30744d2eac8/execute/async - {"script":"<script> [1562 bytes]","args":[{"selector":{"id":"application-managepartners-display-component---NewPartner--partnerDetailInternal-arrow"},"wdio_ui5_key":"applicationmanagepartners-display-component---NewPartner--partnerDetailInternal-arrow"}]}
RESULT: {"script":"<script> [1562 bytes]","args":[{"selector":{"id":"application-managepartners-display-component---NewPartner--partnerDetailInternal-arrow"},"wdio_ui5_key":"applicationmanagepartners-display-component---NewPartner--partnerDetailInternal-arrow"}]}
RESULT: undefined
COMMAND: POST /session/4e36bf80fbca1927c571a30744d2eac8/element - {"using":"xpath","value":"//*[@id=\"application-managepartners-display-component---NewPartner--partnerDetailInternal-arrow\"]"}
RESULT: {"using":"xpath","value":"//*[@id=\"application-managepartners-display-component---NewPartner--partnerDetailInternal-arrow\"]"}
COMMAND: POST /session/4e36bf80fbca1927c571a30744d2eac8/element/f.F4B8E6AEE0F35DB2CB5FDCA58BEB4CC0.d.25FDED097B21F18C59938811AEE490E0.e.1329/click - {}
RESULT: {}
COMMAND: POST /session/4e36bf80fbca1927c571a30744d2eac8/element - {"using":"xpath","value":"//span[contains(text(), \"Affiliated company\")]"}
COMMAND: GET /session/4e36bf80fbca1927c571a30744d2eac8/screenshot - {}
RESULT: {"using":"xpath","value":"//span[contains(text(), \"Affiliated company\")]"}
COMMAND: POST /session/4e36bf80fbca1927c571a30744d2eac8/element/f.F4B8E6AEE0F35DB2CB5FDCA58BEB4CC0.d.25FDED097B21F18C59938811AEE490E0.e.1330/click - {}
RESULT: {}
RESULT: {}
COMMAND: POST /session/4e36bf80fbca1927c571a30744d2eac8/execute/async - {"script":"<script> [1562 bytes]","args":[{"selector":{"id":"application-managepartners-display-component---NewPartner--partnerDetailsCurrency-arrow"},"wdio_ui5_key":"applicationmanagepartners-display-component---NewPartner--partnerDetailsCurrency-arrow"}]}
COMMAND: GET /session/4e36bf80fbca1927c571a30744d2eac8/screenshot - {}
RESULT: {"script":"<script> [1562 bytes]","args":[{"selector":{"id":"application-managepartners-display-component---NewPartner--partnerDetailsCurrency-arrow"},"wdio_ui5_key":"applicationmanagepartners-display-component---NewPartner--partnerDetailsCurrency-arrow"}]}
RESULT: undefined
COMMAND: POST /session/4e36bf80fbca1927c571a30744d2eac8/element - {"using":"xpath","value":"//*[@id=\"application-managepartners-display-component---NewPartner--partnerDetailsCurrency-arrow\"]"}
RESULT: {}
RESULT: {"using":"xpath","value":"//*[@id=\"application-managepartners-display-component---NewPartner--partnerDetailsCurrency-arrow\"]"}
COMMAND: POST /session/4e36bf80fbca1927c571a30744d2eac8/element/f.F4B8E6AEE0F35DB2CB5FDCA58BEB4CC0.d.25FDED097B21F18C59938811AEE490E0.e.1337/click - {}
RESULT: {}
COMMAND: POST /session/4e36bf80fbca1927c571a30744d2eac8/element - {"using":"xpath","value":"//span[contains(text(), \"Euro\")]"}
COMMAND: GET /session/4e36bf80fbca1927c571a30744d2eac8/screenshot - {}
RESULT: {"using":"xpath","value":"//span[contains(text(), \"Euro\")]"}
COMMAND: POST /session/4e36bf80fbca1927c571a30744d2eac8/element/f.F4B8E6AEE0F35DB2CB5FDCA58BEB4CC0.d.25FDED097B21F18C59938811AEE490E0.e.1338/click - {}
RESULT: {}
RESULT: {}
COMMAND: POST /session/4e36bf80fbca1927c571a30744d2eac8/execute/async - {"script":"<script> [1562 bytes]","args":[{"selector":{"id":"application-managepartners-display-component---NewPartner--addressEditDetailsCostObjectCstType-arrow"},"wdio_ui5_key":"applicationmanagepartners-display-component---NewPartner--addressEditDetailsCostObjectCstType-arrow"}]}
COMMAND: GET /session/4e36bf80fbca1927c571a30744d2eac8/screenshot - {}
RESULT: {"script":"<script> [1562 bytes]","args":[{"selector":{"id":"application-managepartners-display-component---NewPartner--addressEditDetailsCostObjectCstType-arrow"},"wdio_ui5_key":"applicationmanagepartners-display-component---NewPartner--addressEditDetailsCostObjectCstType-arrow"}]}
RESULT: undefined
COMMAND: POST /session/4e36bf80fbca1927c571a30744d2eac8/element - {"using":"xpath","value":"//*[@id=\"application-managepartners-display-component---NewPartner--addressEditDetailsCostObjectCstType-arrow\"]"}
RESULT: {}
RESULT: {"using":"xpath","value":"//*[@id=\"application-managepartners-display-component---NewPartner--addressEditDetailsCostObjectCstType-arrow\"]"}
COMMAND: POST /session/4e36bf80fbca1927c571a30744d2eac8/element/f.F4B8E6AEE0F35DB2CB5FDCA58BEB4CC0.d.25FDED097B21F18C59938811AEE490E0.e.1339/click - {}
RESULT: {}
COMMAND: POST /session/4e36bf80fbca1927c571a30744d2eac8/element - {"using":"xpath","value":"//span[contains(text(), \"Cost Center\")]"}
COMMAND: GET /session/4e36bf80fbca1927c571a30744d2eac8/screenshot - {}
RESULT: {"using":"xpath","value":"//span[contains(text(), \"Cost Center\")]"}
COMMAND: POST /session/4e36bf80fbca1927c571a30744d2eac8/element/f.F4B8E6AEE0F35DB2CB5FDCA58BEB4CC0.d.25FDED097B21F18C59938811AEE490E0.e.1340/click - {}
RESULT: {}
RESULT: {}
COMMAND: GET /session/4e36bf80fbca1927c571a30744d2eac8/screenshot - {}
RESULT: {}
COMMAND: POST /session/4e36bf80fbca1927c571a30744d2eac8/element - {"using":"xpath","value":"//span[@id=\"application-managepartners-display-component---NewPartner--addressNewCostObjectCstID-vhi\"]"}
RESULT: {"using":"xpath","value":"//span[@id=\"application-managepartners-display-component---NewPartner--addressNewCostObjectCstID-vhi\"]"}
COMMAND: POST /session/4e36bf80fbca1927c571a30744d2eac8/execute/sync - {"script":"<script> [8489 bytes]","args":[{"element-6066-11e4-a52e-4f735466cecf":"f.F4B8E6AEE0F35DB2CB5FDCA58BEB4CC0.d.25FDED097B21F18C59938811AEE490E0.e.1344","ELEMENT":"f.F4B8E6AEE0F35DB2CB5FDCA58BEB4CC0.d.25FDED097B21F18C59938811AEE490E0.e.1344"}]}
RESULT: {"script":"<script> [8489 bytes]","args":[{"element-6066-11e4-a52e-4f735466cecf":"f.F4B8E6AEE0F35DB2CB5FDCA58BEB4CC0.d.25FDED097B21F18C59938811AEE490E0.e.1344","ELEMENT":"f.F4B8E6AEE0F35DB2CB5FDCA58BEB4CC0.d.25FDED097B21F18C59938811AEE490E0.e.1344"}]}
COMMAND: POST /session/4e36bf80fbca1927c571a30744d2eac8/execute/async - {"script":"<script> [1562 bytes]","args":[{"selector":{"id":"application-managepartners-display-component---NewPartner--addressNewCostObjectCstID-vhi"},"wdio_ui5_key":"applicationmanagepartners-display-component---NewPartner--addressNewCostObjectCstID-vhi"}]}
COMMAND: GET /session/4e36bf80fbca1927c571a30744d2eac8/screenshot - {}
RESULT: {"script":"<script> [1562 bytes]","args":[{"selector":{"id":"application-managepartners-display-component---NewPartner--addressNewCostObjectCstID-vhi"},"wdio_ui5_key":"applicationmanagepartners-display-component---NewPartner--addressNewCostObjectCstID-vhi"}]}
RESULT: undefined
COMMAND: POST /session/4e36bf80fbca1927c571a30744d2eac8/element - {"using":"xpath","value":"//*[@id=\"application-managepartners-display-component---NewPartner--addressNewCostObjectCstID-vhi\"]"}
RESULT: {}
RESULT: {"using":"xpath","value":"//*[@id=\"application-managepartners-display-component---NewPartner--addressNewCostObjectCstID-vhi\"]"}
COMMAND: POST /session/4e36bf80fbca1927c571a30744d2eac8/element/f.F4B8E6AEE0F35DB2CB5FDCA58BEB4CC0.d.25FDED097B21F18C59938811AEE490E0.e.1344/click - {}
RESULT: {}
COMMAND: GET /session/4e36bf80fbca1927c571a30744d2eac8/screenshot - {}
RESULT: {}
RESULT: undefined
COMMAND: POST /session/4e36bf80fbca1927c571a30744d2eac8/execute/async - {"script":"<script> [776 bytes]","args":[{"enterText":"10001013","selector":{"controlType":"sap.m.SearchField","properties":{"placeholder":"Search"},"searchOpenDialogs":true,"interaction":{"idSuffix":"I"}},"clearTextFirst":true,"interactionType":"ENTER_TEXT"}]}
RESULT: {"script":"<script> [776 bytes]","args":[{"enterText":"10001013","selector":{"controlType":"sap.m.SearchField","properties":{"placeholder":"Search"},"searchOpenDialogs":true,"interaction":{"idSuffix":"I"}},"clearTextFirst":true,"interactionType":"ENTER_TEXT"}]}
COMMAND: POST /session/4e36bf80fbca1927c571a30744d2eac8/actions - {"actions":[{"id":"action2","type":"key","parameters":{},"actions":[{"type":"keyDown","value":"î€‡"},{"type":"pause","duration":10},{"type":"keyUp","value":"î€‡"}]}]}
RESULT: {"actions":[{"id":"action2","type":"key","parameters":{},"actions":[{"type":"keyDown","value":"î€‡"},{"type":"pause","duration":10},{"type":"keyUp","value":"î€‡"}]}]}
COMMAND: GET /session/4e36bf80fbca1927c571a30744d2eac8/screenshot - {}
RESULT: {}
COMMAND: POST /session/4e36bf80fbca1927c571a30744d2eac8/element - {"using":"xpath","value":"//span[contains(text(), \"General Management\")]"}
RESULT: {"using":"xpath","value":"//span[contains(text(), \"General Management\")]"}
COMMAND: POST /session/4e36bf80fbca1927c571a30744d2eac8/element/f.F4B8E6AEE0F35DB2CB5FDCA58BEB4CC0.d.25FDED097B21F18C59938811AEE490E0.e.1382/click - {}
RESULT: {}
COMMAND: GET /session/4e36bf80fbca1927c571a30744d2eac8/screenshot - {}
RESULT: {}
COMMAND: POST /session/4e36bf80fbca1927c571a30744d2eac8/element - {"using":"xpath","value":"//bdi[contains(text(), \"OK\")]"}
RESULT: {"using":"xpath","value":"//bdi[contains(text(), \"OK\")]"}
COMMAND: POST /session/4e36bf80fbca1927c571a30744d2eac8/element/f.F4B8E6AEE0F35DB2CB5FDCA58BEB4CC0.d.25FDED097B21F18C59938811AEE490E0.e.1383/click - {}
RESULT: {}
COMMAND: GET /session/4e36bf80fbca1927c571a30744d2eac8/screenshot - {}
RESULT: {}
COMMAND: POST /session/4e36bf80fbca1927c571a30744d2eac8/element - {"using":"xpath","value":"//input[@id=\"application-managepartners-display-component---NewPartner--companyCodeComboBox-inner\"]"}
RESULT: {"using":"xpath","value":"//input[@id=\"application-managepartners-display-component---NewPartner--companyCodeComboBox-inner\"]"}
COMMAND: POST /session/4e36bf80fbca1927c571a30744d2eac8/element/f.F4B8E6AEE0F35DB2CB5FDCA58BEB4CC0.d.25FDED097B21F18C59938811AEE490E0.e.1189/clear - {}
RESULT: {}
COMMAND: POST /session/4e36bf80fbca1927c571a30744d2eac8/element/f.F4B8E6AEE0F35DB2CB5FDCA58BEB4CC0.d.25FDED097B21F18C59938811AEE490E0.e.1189/value - {"text":"C002"}
COMMAND: GET /session/4e36bf80fbca1927c571a30744d2eac8/screenshot - {}
RESULT: {"text":"C002"}
COMMAND: GET /session/4e36bf80fbca1927c571a30744d2eac8/screenshot - {}
RESULT: {}
RESULT: {}
COMMAND: POST /session/4e36bf80fbca1927c571a30744d2eac8/element - {"using":"xpath","value":"//li[.//span[text()= \"C002\"]]"}
RESULT: {"using":"xpath","value":"//li[.//span[text()= \"C002\"]]"}
COMMAND: POST /session/4e36bf80fbca1927c571a30744d2eac8/element/f.F4B8E6AEE0F35DB2CB5FDCA58BEB4CC0.d.25FDED097B21F18C59938811AEE490E0.e.1389/click - {}
RESULT: {}
COMMAND: GET /session/4e36bf80fbca1927c571a30744d2eac8/screenshot - {}
RESULT: {}
COMMAND: POST /session/4e36bf80fbca1927c571a30744d2eac8/execute/async - {"script":"<script> [1562 bytes]","args":[{"selector":{"id":"application-managepartners-display-component---NewPartner--btnAddTableRow-img"},"wdio_ui5_key":"applicationmanagepartners-display-component---NewPartner--btnAddTableRow-img"}]}
RESULT: {"script":"<script> [1562 bytes]","args":[{"selector":{"id":"application-managepartners-display-component---NewPartner--btnAddTableRow-img"},"wdio_ui5_key":"applicationmanagepartners-display-component---NewPartner--btnAddTableRow-img"}]}
RESULT: undefined
COMMAND: POST /session/4e36bf80fbca1927c571a30744d2eac8/element - {"using":"xpath","value":"//*[@id=\"application-managepartners-display-component---NewPartner--btnAddTableRow-img\"]"}
RESULT: {"using":"xpath","value":"//*[@id=\"application-managepartners-display-component---NewPartner--btnAddTableRow-img\"]"}
COMMAND: POST /session/4e36bf80fbca1927c571a30744d2eac8/element/f.F4B8E6AEE0F35DB2CB5FDCA58BEB4CC0.d.25FDED097B21F18C59938811AEE490E0.e.1390/click - {}
RESULT: {}
COMMAND: GET /session/4e36bf80fbca1927c571a30744d2eac8/screenshot - {}
RESULT: {}
COMMAND: POST /session/4e36bf80fbca1927c571a30744d2eac8/element - {"using":"xpath","value":"//input[@id=\"application-managepartners-display-component---NewPartner--assignmentYard-application-managepartners-display-component---NewPartner--assignmentsTable-0-inner\"]"}
RESULT: {"using":"xpath","value":"//input[@id=\"application-managepartners-display-component---NewPartner--assignmentYard-application-managepartners-display-component---NewPartner--assignmentsTable-0-inner\"]"}
COMMAND: POST /session/4e36bf80fbca1927c571a30744d2eac8/element/f.F4B8E6AEE0F35DB2CB5FDCA58BEB4CC0.d.25FDED097B21F18C59938811AEE490E0.e.1393/clear - {}
RESULT: {}
COMMAND: POST /session/4e36bf80fbca1927c571a30744d2eac8/element/f.F4B8E6AEE0F35DB2CB5FDCA58BEB4CC0.d.25FDED097B21F18C59938811AEE490E0.e.1393/value - {"text":"182"}
COMMAND: GET /session/4e36bf80fbca1927c571a30744d2eac8/screenshot - {}
RESULT: {"text":"182"}
COMMAND: GET /session/4e36bf80fbca1927c571a30744d2eac8/screenshot - {}
RESULT: {}
RESULT: {}
COMMAND: POST /session/4e36bf80fbca1927c571a30744d2eac8/element - {"using":"xpath","value":"//li[.//span[text()='182']]"}
RESULT: {"using":"xpath","value":"//li[.//span[text()='182']]"}
COMMAND: POST /session/4e36bf80fbca1927c571a30744d2eac8/element/f.F4B8E6AEE0F35DB2CB5FDCA58BEB4CC0.d.25FDED097B21F18C59938811AEE490E0.e.1402/click - {}
RESULT: {}
COMMAND: GET /session/4e36bf80fbca1927c571a30744d2eac8/screenshot - {}
RESULT: {}
COMMAND: POST /session/4e36bf80fbca1927c571a30744d2eac8/actions - {"actions":[{"id":"action3","type":"key","parameters":{},"actions":[{"type":"keyDown","value":"î€‡"},{"type":"pause","duration":10},{"type":"keyUp","value":"î€‡"}]}]}
RESULT: {"actions":[{"id":"action3","type":"key","parameters":{},"actions":[{"type":"keyDown","value":"î€‡"},{"type":"pause","duration":10},{"type":"keyUp","value":"î€‡"}]}]}
COMMAND: POST /session/4e36bf80fbca1927c571a30744d2eac8/execute/async - {"script":"<script> [1562 bytes]","args":[{"selector":{"id":"application-managepartners-display-component---NewPartner--externalCustomerComboBox-application-managepartners-display-component---NewPartner--assignmentsTable-0-vhi"},"wdio_ui5_key":"applicationmanagepartners-display-component---NewPartner--externalCustomerComboBox-application-managepartners-display-component---NewPartner--assignmentsTable-0-vhi"}]}
COMMAND: GET /session/4e36bf80fbca1927c571a30744d2eac8/screenshot - {}
RESULT: {"script":"<script> [1562 bytes]","args":[{"selector":{"id":"application-managepartners-display-component---NewPartner--externalCustomerComboBox-application-managepartners-display-component---NewPartner--assignmentsTable-0-vhi"},"wdio_ui5_key":"applicationmanagepartners-display-component---NewPartner--externalCustomerComboBox-application-managepartners-display-component---NewPartner--assignmentsTable-0-vhi"}]}
RESULT: undefined
COMMAND: POST /session/4e36bf80fbca1927c571a30744d2eac8/element - {"using":"xpath","value":"//*[@id=\"application-managepartners-display-component---NewPartner--externalCustomerComboBox-application-managepartners-display-component---NewPartner--assignmentsTable-0-vhi\"]"}
RESULT: {}
RESULT: {"using":"xpath","value":"//*[@id=\"application-managepartners-display-component---NewPartner--externalCustomerComboBox-application-managepartners-display-component---NewPartner--assignmentsTable-0-vhi\"]"}
COMMAND: POST /session/4e36bf80fbca1927c571a30744d2eac8/element/f.F4B8E6AEE0F35DB2CB5FDCA58BEB4CC0.d.25FDED097B21F18C59938811AEE490E0.e.1406/click - {}
RESULT: {}
RESULT: undefined
COMMAND: POST /session/4e36bf80fbca1927c571a30744d2eac8/execute/async - {"script":"<script> [776 bytes]","args":[{"enterText":"300003","selector":{"controlType":"sap.m.SearchField","properties":{"placeholder":"Search"},"searchOpenDialogs":true,"interaction":{"idSuffix":"I"}},"clearTextFirst":true,"interactionType":"ENTER_TEXT"}]}
COMMAND: GET /session/4e36bf80fbca1927c571a30744d2eac8/screenshot - {}
RESULT: {"script":"<script> [776 bytes]","args":[{"enterText":"300003","selector":{"controlType":"sap.m.SearchField","properties":{"placeholder":"Search"},"searchOpenDialogs":true,"interaction":{"idSuffix":"I"}},"clearTextFirst":true,"interactionType":"ENTER_TEXT"}]}
COMMAND: POST /session/4e36bf80fbca1927c571a30744d2eac8/actions - {"actions":[{"id":"action4","type":"key","parameters":{},"actions":[{"type":"keyDown","value":"î€‡"},{"type":"pause","duration":10},{"type":"keyUp","value":"î€‡"}]}]}
RESULT: {}
RESULT: {"actions":[{"id":"action4","type":"key","parameters":{},"actions":[{"type":"keyDown","value":"î€‡"},{"type":"pause","duration":10},{"type":"keyUp","value":"î€‡"}]}]}
COMMAND: GET /session/4e36bf80fbca1927c571a30744d2eac8/screenshot - {}
RESULT: {}
COMMAND: POST /session/4e36bf80fbca1927c571a30744d2eac8/element - {"using":"xpath","value":"//span[contains(text(), \"300003\")]"}
RESULT: {"using":"xpath","value":"//span[contains(text(), \"300003\")]"}
COMMAND: POST /session/4e36bf80fbca1927c571a30744d2eac8/element/f.F4B8E6AEE0F35DB2CB5FDCA58BEB4CC0.d.25FDED097B21F18C59938811AEE490E0.e.1425/click - {}
RESULT: {}
COMMAND: GET /session/4e36bf80fbca1927c571a30744d2eac8/screenshot - {}
RESULT: {}
COMMAND: POST /session/4e36bf80fbca1927c571a30744d2eac8/element - {"using":"xpath","value":"//bdi[contains(text(), \"OK\")]"}
RESULT: {"using":"xpath","value":"//bdi[contains(text(), \"OK\")]"}
COMMAND: POST /session/4e36bf80fbca1927c571a30744d2eac8/element/f.F4B8E6AEE0F35DB2CB5FDCA58BEB4CC0.d.25FDED097B21F18C59938811AEE490E0.e.1427/click - {}
RESULT: {}
COMMAND: GET /session/4e36bf80fbca1927c571a30744d2eac8/screenshot - {}
RESULT: {}
COMMAND: POST /session/4e36bf80fbca1927c571a30744d2eac8/execute/async - {"script":"<script> [1562 bytes]","args":[{"selector":{"id":"application-managepartners-display-component---NewPartner--intercompVendorComboBox-application-managepartners-display-component---NewPartner--assignmentsTable-0-vhi"},"wdio_ui5_key":"applicationmanagepartners-display-component---NewPartner--intercompVendorComboBox-application-managepartners-display-component---NewPartner--assignmentsTable-0-vhi"}]}
RESULT: {"script":"<script> [1562 bytes]","args":[{"selector":{"id":"application-managepartners-display-component---NewPartner--intercompVendorComboBox-application-managepartners-display-component---NewPartner--assignmentsTable-0-vhi"},"wdio_ui5_key":"applicationmanagepartners-display-component---NewPartner--intercompVendorComboBox-application-managepartners-display-component---NewPartner--assignmentsTable-0-vhi"}]}
RESULT: undefined
COMMAND: POST /session/4e36bf80fbca1927c571a30744d2eac8/element - {"using":"xpath","value":"//*[@id=\"application-managepartners-display-component---NewPartner--intercompVendorComboBox-application-managepartners-display-component---NewPartner--assignmentsTable-0-vhi\"]"}
RESULT: {"using":"xpath","value":"//*[@id=\"application-managepartners-display-component---NewPartner--intercompVendorComboBox-application-managepartners-display-component---NewPartner--assignmentsTable-0-vhi\"]"}
COMMAND: POST /session/4e36bf80fbca1927c571a30744d2eac8/element/f.F4B8E6AEE0F35DB2CB5FDCA58BEB4CC0.d.25FDED097B21F18C59938811AEE490E0.e.1431/click - {}
RESULT: {}
RESULT: undefined
COMMAND: POST /session/4e36bf80fbca1927c571a30744d2eac8/execute/async - {"script":"<script> [776 bytes]","args":[{"enterText":"100005","selector":{"controlType":"sap.m.SearchField","properties":{"placeholder":"Search"},"searchOpenDialogs":true,"interaction":{"idSuffix":"I"}},"clearTextFirst":true,"interactionType":"ENTER_TEXT"}]}
COMMAND: GET /session/4e36bf80fbca1927c571a30744d2eac8/screenshot - {}
RESULT: {"script":"<script> [776 bytes]","args":[{"enterText":"100005","selector":{"controlType":"sap.m.SearchField","properties":{"placeholder":"Search"},"searchOpenDialogs":true,"interaction":{"idSuffix":"I"}},"clearTextFirst":true,"interactionType":"ENTER_TEXT"}]}
COMMAND: POST /session/4e36bf80fbca1927c571a30744d2eac8/actions - {"actions":[{"id":"action5","type":"key","parameters":{},"actions":[{"type":"keyDown","value":"î€‡"},{"type":"pause","duration":10},{"type":"keyUp","value":"î€‡"}]}]}
RESULT: {}
RESULT: {"actions":[{"id":"action5","type":"key","parameters":{},"actions":[{"type":"keyDown","value":"î€‡"},{"type":"pause","duration":10},{"type":"keyUp","value":"î€‡"}]}]}
COMMAND: GET /session/4e36bf80fbca1927c571a30744d2eac8/screenshot - {}
RESULT: {}
COMMAND: POST /session/4e36bf80fbca1927c571a30744d2eac8/element - {"using":"xpath","value":"//span[contains(text(), \"Penguins - Field/12345 Berlin\")]"}
RESULT: {"using":"xpath","value":"//span[contains(text(), \"Penguins - Field/12345 Berlin\")]"}
COMMAND: POST /session/4e36bf80fbca1927c571a30744d2eac8/element/f.F4B8E6AEE0F35DB2CB5FDCA58BEB4CC0.d.25FDED097B21F18C59938811AEE490E0.e.1449/click - {}
RESULT: {}
COMMAND: GET /session/4e36bf80fbca1927c571a30744d2eac8/screenshot - {}
RESULT: {}
COMMAND: POST /session/4e36bf80fbca1927c571a30744d2eac8/element - {"using":"xpath","value":"//bdi[contains(text(), \"OK\")]"}
RESULT: {"using":"xpath","value":"//bdi[contains(text(), \"OK\")]"}
COMMAND: POST /session/4e36bf80fbca1927c571a30744d2eac8/element/f.F4B8E6AEE0F35DB2CB5FDCA58BEB4CC0.d.25FDED097B21F18C59938811AEE490E0.e.1450/click - {}
RESULT: {}
COMMAND: GET /session/4e36bf80fbca1927c571a30744d2eac8/screenshot - {}
RESULT: {}
COMMAND: POST /session/4e36bf80fbca1927c571a30744d2eac8/element - {"using":"xpath","value":"//button[@data-kt=\"saveButton\"]"}
RESULT: {"using":"xpath","value":"//button[@data-kt=\"saveButton\"]"}
COMMAND: POST /session/4e36bf80fbca1927c571a30744d2eac8/element/f.F4B8E6AEE0F35DB2CB5FDCA58BEB4CC0.d.25FDED097B21F18C59938811AEE490E0.e.1220/click - {}
RESULT: {}
COMMAND: GET /session/4e36bf80fbca1927c571a30744d2eac8/screenshot - {}
RESULT: {}
COMMAND: POST /session/4e36bf80fbca1927c571a30744d2eac8/element - {"using":"xpath","value":"//header[contains(@id, 'ObjectPageLayout-headerTitle')]/div[1]/div[2]/div[2]/span[1]"}
RESULT: {"using":"xpath","value":"//header[contains(@id, 'ObjectPageLayout-headerTitle')]/div[1]/div[2]/div[2]/span[1]"}
COMMAND: POST /session/4e36bf80fbca1927c571a30744d2eac8/elements - {"using":"xpath","value":"//header[contains(@id, 'ObjectPageLayout-headerTitle')]/div[1]/div[2]/div[2]/span[1]"}
RESULT: {"using":"xpath","value":"//header[contains(@id, 'ObjectPageLayout-headerTitle')]/div[1]/div[2]/div[2]/span[1]"}
COMMAND: POST /session/4e36bf80fbca1927c571a30744d2eac8/execute/sync - {"script":"<script> [56 bytes]","args":[{"element-6066-11e4-a52e-4f735466cecf":"f.F4B8E6AEE0F35DB2CB5FDCA58BEB4CC0.d.25FDED097B21F18C59938811AEE490E0.e.1548","ELEMENT":"f.F4B8E6AEE0F35DB2CB5FDCA58BEB4CC0.d.25FDED097B21F18C59938811AEE490E0.e.1548"}]}
RESULT: {"script":"<script> [56 bytes]","args":[{"element-6066-11e4-a52e-4f735466cecf":"f.F4B8E6AEE0F35DB2CB5FDCA58BEB4CC0.d.25FDED097B21F18C59938811AEE490E0.e.1548","ELEMENT":"f.F4B8E6AEE0F35DB2CB5FDCA58BEB4CC0.d.25FDED097B21F18C59938811AEE490E0.e.1548"}]}
COMMAND: POST /session/4e36bf80fbca1927c571a30744d2eac8/element - {"using":"css selector","value":"#shell-header-logo"}
COMMAND: GET /session/4e36bf80fbca1927c571a30744d2eac8/screenshot - {}
RESULT: {"using":"css selector","value":"#shell-header-logo"}
COMMAND: POST /session/4e36bf80fbca1927c571a30744d2eac8/element/f.F4B8E6AEE0F35DB2CB5FDCA58BEB4CC0.d.25FDED097B21F18C59938811AEE490E0.e.968/click - {}
RESULT: {}
RESULT: {}
COMMAND: GET /session/4e36bf80fbca1927c571a30744d2eac8/screenshot - {}
RESULT: {}
COMMAND: POST /session/4e36bf80fbca1927c571a30744d2eac8/execute/sync - {"script":"<script> [299 bytes]","args":[["getModel","getResource"]]}
RESULT: {"script":"<script> [299 bytes]","args":[["getModel","getResource"]]}
COMMAND: GET /session/4e36bf80fbca1927c571a30744d2eac8/screenshot - {}
]]></system-out>
    </testcase>
    <testcase classname="chrome.136_0_7103_49.windows.Billing_Transfer_-_Master_data_&amp;_Intercompany_US127250" name="Should create a new site" time="94.263">
      <system-out><![CDATA[
COMMAND: POST /session/4e36bf80fbca1927c571a30744d2eac8/execute/async - {"script":"<script> [1562 bytes]","args":[{"selector":{"controlType":"sap.m.TileContent","bindingPath":{"path":"","propertyPath":"/properties/info"},"ancestor":{"controlType":"sap.m.GenericTile","properties":{"header":"Manage Sites"}}},"wdio_ui5_key":"sapm.TileContent{\"path\":\"\",\"propertyPath\":\"/properties/info\"}{\"controlType\":\"sap.m.GenericTile\",\"properties\":{\"header\":\"Manage Sites\"}}"}]}
RESULT: {}
RESULT: {"script":"<script> [1562 bytes]","args":[{"selector":{"controlType":"sap.m.TileContent","bindingPath":{"path":"","propertyPath":"/properties/info"},"ancestor":{"controlType":"sap.m.GenericTile","properties":{"header":"Manage Sites"}}},"wdio_ui5_key":"sapm.TileContent{\"path\":\"\",\"propertyPath\":\"/properties/info\"}{\"controlType\":\"sap.m.GenericTile\",\"properties\":{\"header\":\"Manage Sites\"}}"}]}
RESULT: undefined
COMMAND: POST /session/4e36bf80fbca1927c571a30744d2eac8/element - {"using":"xpath","value":"//*[@id=\"__xmlview7--numericTileContent\"]"}
RESULT: {"using":"xpath","value":"//*[@id=\"__xmlview7--numericTileContent\"]"}
COMMAND: POST /session/4e36bf80fbca1927c571a30744d2eac8/element/f.F4B8E6AEE0F35DB2CB5FDCA58BEB4CC0.d.25FDED097B21F18C59938811AEE490E0.e.1550/click - {}
RESULT: {}
COMMAND: POST /session/4e36bf80fbca1927c571a30744d2eac8/element - {"using":"xpath","value":"//button[@data-kt=\"addOverflowToolbarButton\"]"}
COMMAND: GET /session/4e36bf80fbca1927c571a30744d2eac8/screenshot - {}
RESULT: {"using":"xpath","value":"//button[@data-kt=\"addOverflowToolbarButton\"]"}
COMMAND: POST /session/4e36bf80fbca1927c571a30744d2eac8/elements - {"using":"xpath","value":"//button[@data-kt=\"addOverflowToolbarButton\"]"}
RESULT: {}
RESULT: {"using":"xpath","value":"//button[@data-kt=\"addOverflowToolbarButton\"]"}
COMMAND: POST /session/4e36bf80fbca1927c571a30744d2eac8/elements - {"using":"xpath","value":"//button[@data-kt=\"addOverflowToolbarButton\"]"}
RESULT: {"using":"xpath","value":"//button[@data-kt=\"addOverflowToolbarButton\"]"}
COMMAND: POST /session/4e36bf80fbca1927c571a30744d2eac8/elements - {"using":"xpath","value":"//button[@data-kt=\"addOverflowToolbarButton\"]"}
RESULT: {"using":"xpath","value":"//button[@data-kt=\"addOverflowToolbarButton\"]"}
COMMAND: POST /session/4e36bf80fbca1927c571a30744d2eac8/elements - {"using":"xpath","value":"//button[@data-kt=\"addOverflowToolbarButton\"]"}
RESULT: {"using":"xpath","value":"//button[@data-kt=\"addOverflowToolbarButton\"]"}
COMMAND: POST /session/4e36bf80fbca1927c571a30744d2eac8/element - {"using":"xpath","value":"//button[@data-kt=\"addOverflowToolbarButton\"]"}
RESULT: {"using":"xpath","value":"//button[@data-kt=\"addOverflowToolbarButton\"]"}
COMMAND: POST /session/4e36bf80fbca1927c571a30744d2eac8/execute/sync - {"script":"<script> [8489 bytes]","args":[{"element-6066-11e4-a52e-4f735466cecf":"f.F4B8E6AEE0F35DB2CB5FDCA58BEB4CC0.d.25FDED097B21F18C59938811AEE490E0.e.1597","ELEMENT":"f.F4B8E6AEE0F35DB2CB5FDCA58BEB4CC0.d.25FDED097B21F18C59938811AEE490E0.e.1597"}]}
RESULT: {"script":"<script> [8489 bytes]","args":[{"element-6066-11e4-a52e-4f735466cecf":"f.F4B8E6AEE0F35DB2CB5FDCA58BEB4CC0.d.25FDED097B21F18C59938811AEE490E0.e.1597","ELEMENT":"f.F4B8E6AEE0F35DB2CB5FDCA58BEB4CC0.d.25FDED097B21F18C59938811AEE490E0.e.1597"}]}
COMMAND: GET /session/4e36bf80fbca1927c571a30744d2eac8/element/f.F4B8E6AEE0F35DB2CB5FDCA58BEB4CC0.d.25FDED097B21F18C59938811AEE490E0.e.1597/enabled - {}
COMMAND: GET /session/4e36bf80fbca1927c571a30744d2eac8/screenshot - {}
RESULT: {}
COMMAND: POST /session/4e36bf80fbca1927c571a30744d2eac8/execute/sync - {"script":"<script> [8489 bytes]","args":[{"element-6066-11e4-a52e-4f735466cecf":"f.F4B8E6AEE0F35DB2CB5FDCA58BEB4CC0.d.25FDED097B21F18C59938811AEE490E0.e.1597","ELEMENT":"f.F4B8E6AEE0F35DB2CB5FDCA58BEB4CC0.d.25FDED097B21F18C59938811AEE490E0.e.1597"}]}
COMMAND: GET /session/4e36bf80fbca1927c571a30744d2eac8/screenshot - {}
RESULT: {}
RESULT: {"script":"<script> [8489 bytes]","args":[{"element-6066-11e4-a52e-4f735466cecf":"f.F4B8E6AEE0F35DB2CB5FDCA58BEB4CC0.d.25FDED097B21F18C59938811AEE490E0.e.1597","ELEMENT":"f.F4B8E6AEE0F35DB2CB5FDCA58BEB4CC0.d.25FDED097B21F18C59938811AEE490E0.e.1597"}]}
COMMAND: POST /session/4e36bf80fbca1927c571a30744d2eac8/execute/sync - {"script":"<script> [5351 bytes]","args":[{"element-6066-11e4-a52e-4f735466cecf":"f.F4B8E6AEE0F35DB2CB5FDCA58BEB4CC0.d.25FDED097B21F18C59938811AEE490E0.e.1597","ELEMENT":"f.F4B8E6AEE0F35DB2CB5FDCA58BEB4CC0.d.25FDED097B21F18C59938811AEE490E0.e.1597"}]}
COMMAND: GET /session/4e36bf80fbca1927c571a30744d2eac8/screenshot - {}
RESULT: {}
RESULT: {"script":"<script> [5351 bytes]","args":[{"element-6066-11e4-a52e-4f735466cecf":"f.F4B8E6AEE0F35DB2CB5FDCA58BEB4CC0.d.25FDED097B21F18C59938811AEE490E0.e.1597","ELEMENT":"f.F4B8E6AEE0F35DB2CB5FDCA58BEB4CC0.d.25FDED097B21F18C59938811AEE490E0.e.1597"}]}
COMMAND: POST /session/4e36bf80fbca1927c571a30744d2eac8/element/f.F4B8E6AEE0F35DB2CB5FDCA58BEB4CC0.d.25FDED097B21F18C59938811AEE490E0.e.1597/click - {}
COMMAND: GET /session/4e36bf80fbca1927c571a30744d2eac8/screenshot - {}
RESULT: {}
RESULT: {}
COMMAND: GET /session/4e36bf80fbca1927c571a30744d2eac8/screenshot - {}
RESULT: {}
RESULT: {}
COMMAND: POST /session/4e36bf80fbca1927c571a30744d2eac8/element - {"using":"xpath","value":"//input[@id=\"application-managesites-display-component---NewSite--siteId-inner\"]"}
RESULT: {"using":"xpath","value":"//input[@id=\"application-managesites-display-component---NewSite--siteId-inner\"]"}
COMMAND: POST /session/4e36bf80fbca1927c571a30744d2eac8/element - {"using":"xpath","value":"//input[@id=\"application-managesites-display-component---NewSite--siteId-inner\"]"}
RESULT: {"using":"xpath","value":"//input[@id=\"application-managesites-display-component---NewSite--siteId-inner\"]"}
COMMAND: POST /session/4e36bf80fbca1927c571a30744d2eac8/execute/async - {"script":"<script> [1562 bytes]","args":[{"selector":{"id":"application-managesites-display-component---NewSite--addressDetailDetailsName1","interaction":{"idSuffix":"inner"}},"wdio_ui5_key":"applicationmanagesites-display-component---NewSite--addressDetailDetailsName1"}]}
RESULT: {"script":"<script> [1562 bytes]","args":[{"selector":{"id":"application-managesites-display-component---NewSite--addressDetailDetailsName1","interaction":{"idSuffix":"inner"}},"wdio_ui5_key":"applicationmanagesites-display-component---NewSite--addressDetailDetailsName1"}]}
RESULT: undefined
COMMAND: POST /session/4e36bf80fbca1927c571a30744d2eac8/execute/async - {"script":"<script> [776 bytes]","args":[{"enterText":"Intercompany Site wdIO","selector":{"id":"application-managesites-display-component---NewSite--addressDetailDetailsName1","interaction":{"idSuffix":"inner"}},"clearTextFirst":true,"interactionType":"ENTER_TEXT"}]}
RESULT: {"script":"<script> [776 bytes]","args":[{"enterText":"Intercompany Site wdIO","selector":{"id":"application-managesites-display-component---NewSite--addressDetailDetailsName1","interaction":{"idSuffix":"inner"}},"clearTextFirst":true,"interactionType":"ENTER_TEXT"}]}
COMMAND: POST /session/4e36bf80fbca1927c571a30744d2eac8/execute/async - {"script":"<script> [1562 bytes]","args":[{"selector":{"id":"application-managesites-display-component---NewSite--addressDetailDetailsLanguage-arrow"},"wdio_ui5_key":"applicationmanagesites-display-component---NewSite--addressDetailDetailsLanguage-arrow"}]}
RESULT: {"script":"<script> [1562 bytes]","args":[{"selector":{"id":"application-managesites-display-component---NewSite--addressDetailDetailsLanguage-arrow"},"wdio_ui5_key":"applicationmanagesites-display-component---NewSite--addressDetailDetailsLanguage-arrow"}]}
RESULT: undefined
COMMAND: POST /session/4e36bf80fbca1927c571a30744d2eac8/element - {"using":"xpath","value":"//*[@id=\"application-managesites-display-component---NewSite--addressDetailDetailsLanguage-arrow\"]"}
RESULT: {"using":"xpath","value":"//*[@id=\"application-managesites-display-component---NewSite--addressDetailDetailsLanguage-arrow\"]"}
COMMAND: POST /session/4e36bf80fbca1927c571a30744d2eac8/element/f.F4B8E6AEE0F35DB2CB5FDCA58BEB4CC0.d.25FDED097B21F18C59938811AEE490E0.e.1881/click - {}
RESULT: {}
COMMAND: POST /session/4e36bf80fbca1927c571a30744d2eac8/element - {"using":"xpath","value":"//span[contains(text(), \"English\")]"}
COMMAND: GET /session/4e36bf80fbca1927c571a30744d2eac8/screenshot - {}
RESULT: {"using":"xpath","value":"//span[contains(text(), \"English\")]"}
COMMAND: POST /session/4e36bf80fbca1927c571a30744d2eac8/element/f.F4B8E6AEE0F35DB2CB5FDCA58BEB4CC0.d.25FDED097B21F18C59938811AEE490E0.e.1882/click - {}
RESULT: {}
RESULT: {}
COMMAND: POST /session/4e36bf80fbca1927c571a30744d2eac8/execute/async - {"script":"<script> [1562 bytes]","args":[{"selector":{"id":"application-managesites-display-component---NewSite--addressDetailDetailsCity1","interaction":{"idSuffix":"inner"}},"wdio_ui5_key":"applicationmanagesites-display-component---NewSite--addressDetailDetailsCity1"}]}
COMMAND: GET /session/4e36bf80fbca1927c571a30744d2eac8/screenshot - {}
RESULT: {"script":"<script> [1562 bytes]","args":[{"selector":{"id":"application-managesites-display-component---NewSite--addressDetailDetailsCity1","interaction":{"idSuffix":"inner"}},"wdio_ui5_key":"applicationmanagesites-display-component---NewSite--addressDetailDetailsCity1"}]}
RESULT: undefined
COMMAND: POST /session/4e36bf80fbca1927c571a30744d2eac8/execute/async - {"script":"<script> [776 bytes]","args":[{"enterText":"Rosario","selector":{"id":"application-managesites-display-component---NewSite--addressDetailDetailsCity1","interaction":{"idSuffix":"inner"}},"clearTextFirst":true,"interactionType":"ENTER_TEXT"}]}
RESULT: {}
RESULT: {"script":"<script> [776 bytes]","args":[{"enterText":"Rosario","selector":{"id":"application-managesites-display-component---NewSite--addressDetailDetailsCity1","interaction":{"idSuffix":"inner"}},"clearTextFirst":true,"interactionType":"ENTER_TEXT"}]}
COMMAND: POST /session/4e36bf80fbca1927c571a30744d2eac8/execute/async - {"script":"<script> [1562 bytes]","args":[{"selector":{"id":"application-managesites-display-component---NewSite--addressDetailDetailsCountry-arrow"},"wdio_ui5_key":"applicationmanagesites-display-component---NewSite--addressDetailDetailsCountry-arrow"}]}
RESULT: {"script":"<script> [1562 bytes]","args":[{"selector":{"id":"application-managesites-display-component---NewSite--addressDetailDetailsCountry-arrow"},"wdio_ui5_key":"applicationmanagesites-display-component---NewSite--addressDetailDetailsCountry-arrow"}]}
RESULT: undefined
COMMAND: POST /session/4e36bf80fbca1927c571a30744d2eac8/element - {"using":"xpath","value":"//*[@id=\"application-managesites-display-component---NewSite--addressDetailDetailsCountry-arrow\"]"}
RESULT: {"using":"xpath","value":"//*[@id=\"application-managesites-display-component---NewSite--addressDetailDetailsCountry-arrow\"]"}
COMMAND: POST /session/4e36bf80fbca1927c571a30744d2eac8/element/f.F4B8E6AEE0F35DB2CB5FDCA58BEB4CC0.d.25FDED097B21F18C59938811AEE490E0.e.1884/click - {}
RESULT: {}
COMMAND: POST /session/4e36bf80fbca1927c571a30744d2eac8/element - {"using":"xpath","value":"//span[contains(text(), \"Argentina\")]"}
COMMAND: GET /session/4e36bf80fbca1927c571a30744d2eac8/screenshot - {}
RESULT: {"using":"xpath","value":"//span[contains(text(), \"Argentina\")]"}
COMMAND: POST /session/4e36bf80fbca1927c571a30744d2eac8/element/f.F4B8E6AEE0F35DB2CB5FDCA58BEB4CC0.d.25FDED097B21F18C59938811AEE490E0.e.1885/click - {}
RESULT: {}
RESULT: {}
COMMAND: GET /session/4e36bf80fbca1927c571a30744d2eac8/screenshot - {}
RESULT: {}
COMMAND: POST /session/4e36bf80fbca1927c571a30744d2eac8/execute/async - {"script":"<script> [1562 bytes]","args":[{"selector":{"id":"application-managesites-display-component---NewSite--addressEditDetailsCostObjectCstType-arrow"},"wdio_ui5_key":"applicationmanagesites-display-component---NewSite--addressEditDetailsCostObjectCstType-arrow"}]}
RESULT: {"script":"<script> [1562 bytes]","args":[{"selector":{"id":"application-managesites-display-component---NewSite--addressEditDetailsCostObjectCstType-arrow"},"wdio_ui5_key":"applicationmanagesites-display-component---NewSite--addressEditDetailsCostObjectCstType-arrow"}]}
RESULT: undefined
COMMAND: POST /session/4e36bf80fbca1927c571a30744d2eac8/element - {"using":"xpath","value":"//*[@id=\"application-managesites-display-component---NewSite--addressEditDetailsCostObjectCstType-arrow\"]"}
RESULT: {"using":"xpath","value":"//*[@id=\"application-managesites-display-component---NewSite--addressEditDetailsCostObjectCstType-arrow\"]"}
COMMAND: POST /session/4e36bf80fbca1927c571a30744d2eac8/element/f.F4B8E6AEE0F35DB2CB5FDCA58BEB4CC0.d.25FDED097B21F18C59938811AEE490E0.e.1887/click - {}
RESULT: {}
COMMAND: POST /session/4e36bf80fbca1927c571a30744d2eac8/element - {"using":"xpath","value":"//span[contains(text(), \"Cost Center\")]"}
COMMAND: GET /session/4e36bf80fbca1927c571a30744d2eac8/screenshot - {}
RESULT: {"using":"xpath","value":"//span[contains(text(), \"Cost Center\")]"}
COMMAND: POST /session/4e36bf80fbca1927c571a30744d2eac8/element/f.F4B8E6AEE0F35DB2CB5FDCA58BEB4CC0.d.25FDED097B21F18C59938811AEE490E0.e.1888/click - {}
RESULT: {}
RESULT: {}
COMMAND: GET /session/4e36bf80fbca1927c571a30744d2eac8/screenshot - {}
RESULT: {}
COMMAND: POST /session/4e36bf80fbca1927c571a30744d2eac8/element - {"using":"xpath","value":"//span[@id=\"application-managesites-display-component---NewSite--addressNewCostObjectCstID-vhi\"]"}
RESULT: {"using":"xpath","value":"//span[@id=\"application-managesites-display-component---NewSite--addressNewCostObjectCstID-vhi\"]"}
COMMAND: POST /session/4e36bf80fbca1927c571a30744d2eac8/execute/sync - {"script":"<script> [8489 bytes]","args":[{"element-6066-11e4-a52e-4f735466cecf":"f.F4B8E6AEE0F35DB2CB5FDCA58BEB4CC0.d.25FDED097B21F18C59938811AEE490E0.e.1893","ELEMENT":"f.F4B8E6AEE0F35DB2CB5FDCA58BEB4CC0.d.25FDED097B21F18C59938811AEE490E0.e.1893"}]}
RESULT: {"script":"<script> [8489 bytes]","args":[{"element-6066-11e4-a52e-4f735466cecf":"f.F4B8E6AEE0F35DB2CB5FDCA58BEB4CC0.d.25FDED097B21F18C59938811AEE490E0.e.1893","ELEMENT":"f.F4B8E6AEE0F35DB2CB5FDCA58BEB4CC0.d.25FDED097B21F18C59938811AEE490E0.e.1893"}]}
COMMAND: POST /session/4e36bf80fbca1927c571a30744d2eac8/execute/async - {"script":"<script> [1562 bytes]","args":[{"selector":{"id":"application-managesites-display-component---NewSite--addressNewCostObjectCstID-vhi"},"wdio_ui5_key":"applicationmanagesites-display-component---NewSite--addressNewCostObjectCstID-vhi"}]}
COMMAND: GET /session/4e36bf80fbca1927c571a30744d2eac8/screenshot - {}
RESULT: {"script":"<script> [1562 bytes]","args":[{"selector":{"id":"application-managesites-display-component---NewSite--addressNewCostObjectCstID-vhi"},"wdio_ui5_key":"applicationmanagesites-display-component---NewSite--addressNewCostObjectCstID-vhi"}]}
RESULT: undefined
COMMAND: POST /session/4e36bf80fbca1927c571a30744d2eac8/element - {"using":"xpath","value":"//*[@id=\"application-managesites-display-component---NewSite--addressNewCostObjectCstID-vhi\"]"}
RESULT: {}
RESULT: {"using":"xpath","value":"//*[@id=\"application-managesites-display-component---NewSite--addressNewCostObjectCstID-vhi\"]"}
COMMAND: POST /session/4e36bf80fbca1927c571a30744d2eac8/element/f.F4B8E6AEE0F35DB2CB5FDCA58BEB4CC0.d.25FDED097B21F18C59938811AEE490E0.e.1893/click - {}
RESULT: {}
COMMAND: GET /session/4e36bf80fbca1927c571a30744d2eac8/screenshot - {}
RESULT: {}
RESULT: undefined
COMMAND: POST /session/4e36bf80fbca1927c571a30744d2eac8/execute/async - {"script":"<script> [776 bytes]","args":[{"enterText":"10001013","selector":{"controlType":"sap.m.SearchField","properties":{"placeholder":"Search"},"searchOpenDialogs":true,"interaction":{"idSuffix":"I"}},"clearTextFirst":true,"interactionType":"ENTER_TEXT"}]}
RESULT: {"script":"<script> [776 bytes]","args":[{"enterText":"10001013","selector":{"controlType":"sap.m.SearchField","properties":{"placeholder":"Search"},"searchOpenDialogs":true,"interaction":{"idSuffix":"I"}},"clearTextFirst":true,"interactionType":"ENTER_TEXT"}]}
COMMAND: POST /session/4e36bf80fbca1927c571a30744d2eac8/actions - {"actions":[{"id":"action6","type":"key","parameters":{},"actions":[{"type":"keyDown","value":"î€‡"},{"type":"pause","duration":10},{"type":"keyUp","value":"î€‡"}]}]}
RESULT: {"actions":[{"id":"action6","type":"key","parameters":{},"actions":[{"type":"keyDown","value":"î€‡"},{"type":"pause","duration":10},{"type":"keyUp","value":"î€‡"}]}]}
COMMAND: GET /session/4e36bf80fbca1927c571a30744d2eac8/screenshot - {}
RESULT: {}
COMMAND: POST /session/4e36bf80fbca1927c571a30744d2eac8/element - {"using":"xpath","value":"//span[contains(text(), \"General Management\")]"}
RESULT: {"using":"xpath","value":"//span[contains(text(), \"General Management\")]"}
COMMAND: POST /session/4e36bf80fbca1927c571a30744d2eac8/element/f.F4B8E6AEE0F35DB2CB5FDCA58BEB4CC0.d.25FDED097B21F18C59938811AEE490E0.e.1932/click - {}
RESULT: {}
COMMAND: GET /session/4e36bf80fbca1927c571a30744d2eac8/screenshot - {}
RESULT: {}
COMMAND: POST /session/4e36bf80fbca1927c571a30744d2eac8/element - {"using":"xpath","value":"//bdi[contains(text(), \"OK\")]"}
RESULT: {"using":"xpath","value":"//bdi[contains(text(), \"OK\")]"}
COMMAND: POST /session/4e36bf80fbca1927c571a30744d2eac8/element/f.F4B8E6AEE0F35DB2CB5FDCA58BEB4CC0.d.25FDED097B21F18C59938811AEE490E0.e.1933/click - {}
RESULT: {}
COMMAND: GET /session/4e36bf80fbca1927c571a30744d2eac8/screenshot - {}
RESULT: {}
COMMAND: POST /session/4e36bf80fbca1927c571a30744d2eac8/element - {"using":"xpath","value":"//input[@id=\"application-managesites-display-component---NewSite--addressDetailDetailsCalendar-inner\"]"}
RESULT: {"using":"xpath","value":"//input[@id=\"application-managesites-display-component---NewSite--addressDetailDetailsCalendar-inner\"]"}
COMMAND: POST /session/4e36bf80fbca1927c571a30744d2eac8/element/f.F4B8E6AEE0F35DB2CB5FDCA58BEB4CC0.d.25FDED097B21F18C59938811AEE490E0.e.1702/clear - {}
RESULT: {}
COMMAND: POST /session/4e36bf80fbca1927c571a30744d2eac8/element/f.F4B8E6AEE0F35DB2CB5FDCA58BEB4CC0.d.25FDED097B21F18C59938811AEE490E0.e.1702/value - {"text":"Unit"}
COMMAND: GET /session/4e36bf80fbca1927c571a30744d2eac8/screenshot - {}
RESULT: {"text":"Unit"}
COMMAND: GET /session/4e36bf80fbca1927c571a30744d2eac8/screenshot - {}
RESULT: {}
RESULT: {}
COMMAND: POST /session/4e36bf80fbca1927c571a30744d2eac8/actions - {"actions":[{"id":"action7","type":"key","parameters":{},"actions":[{"type":"keyDown","value":"î€‡"},{"type":"pause","duration":10},{"type":"keyUp","value":"î€‡"}]}]}
RESULT: {"actions":[{"id":"action7","type":"key","parameters":{},"actions":[{"type":"keyDown","value":"î€‡"},{"type":"pause","duration":10},{"type":"keyUp","value":"î€‡"}]}]}
COMMAND: POST /session/4e36bf80fbca1927c571a30744d2eac8/element - {"using":"xpath","value":"//input[@id=\"application-managesites-display-component---NewSite--addressDetailDetailsYard-inner\"]"}
COMMAND: GET /session/4e36bf80fbca1927c571a30744d2eac8/screenshot - {}
RESULT: {"using":"xpath","value":"//input[@id=\"application-managesites-display-component---NewSite--addressDetailDetailsYard-inner\"]"}
COMMAND: POST /session/4e36bf80fbca1927c571a30744d2eac8/element/f.F4B8E6AEE0F35DB2CB5FDCA58BEB4CC0.d.25FDED097B21F18C59938811AEE490E0.e.1703/clear - {}
RESULT: {}
RESULT: {}
COMMAND: POST /session/4e36bf80fbca1927c571a30744d2eac8/element/f.F4B8E6AEE0F35DB2CB5FDCA58BEB4CC0.d.25FDED097B21F18C59938811AEE490E0.e.1703/value - {"text":"182"}
COMMAND: GET /session/4e36bf80fbca1927c571a30744d2eac8/screenshot - {}
RESULT: {"text":"182"}
COMMAND: GET /session/4e36bf80fbca1927c571a30744d2eac8/screenshot - {}
RESULT: {}
RESULT: {}
COMMAND: POST /session/4e36bf80fbca1927c571a30744d2eac8/element - {"using":"xpath","value":"//li[.//span[text()='182']]"}
RESULT: {"using":"xpath","value":"//li[.//span[text()='182']]"}
COMMAND: POST /session/4e36bf80fbca1927c571a30744d2eac8/element/f.F4B8E6AEE0F35DB2CB5FDCA58BEB4CC0.d.25FDED097B21F18C59938811AEE490E0.e.1941/click - {}
RESULT: {}
COMMAND: GET /session/4e36bf80fbca1927c571a30744d2eac8/screenshot - {}
RESULT: {}
COMMAND: POST /session/4e36bf80fbca1927c571a30744d2eac8/element - {"using":"xpath","value":"//input[@id=\"application-managesites-display-component---NewSite--addressDetailDetailsPartner-inner\"]"}
RESULT: {"using":"xpath","value":"//input[@id=\"application-managesites-display-component---NewSite--addressDetailDetailsPartner-inner\"]"}
COMMAND: POST /session/4e36bf80fbca1927c571a30744d2eac8/element - {"using":"xpath","value":"//input[@id=\"application-managesites-display-component---NewSite--addressDetailDetailsPartner-inner\"]"}
RESULT: {"using":"xpath","value":"//input[@id=\"application-managesites-display-component---NewSite--addressDetailDetailsPartner-inner\"]"}
COMMAND: POST /session/4e36bf80fbca1927c571a30744d2eac8/element - {"using":"xpath","value":"//button[@data-kt=\"saveButton\"]"}
RESULT: {"using":"xpath","value":"//button[@data-kt=\"saveButton\"]"}
COMMAND: POST /session/4e36bf80fbca1927c571a30744d2eac8/element/f.F4B8E6AEE0F35DB2CB5FDCA58BEB4CC0.d.25FDED097B21F18C59938811AEE490E0.e.1827/click - {}
RESULT: {}
COMMAND: GET /session/4e36bf80fbca1927c571a30744d2eac8/screenshot - {}
RESULT: {}
COMMAND: POST /session/4e36bf80fbca1927c571a30744d2eac8/element - {"using":"xpath","value":"//header[contains(@id, 'ObjectPageLayout-headerTitle')]/div[1]/div[2]/div[2]/span[1]"}
RESULT: {"using":"xpath","value":"//header[contains(@id, 'ObjectPageLayout-headerTitle')]/div[1]/div[2]/div[2]/span[1]"}
COMMAND: POST /session/4e36bf80fbca1927c571a30744d2eac8/elements - {"using":"xpath","value":"//header[contains(@id, 'ObjectPageLayout-headerTitle')]/div[1]/div[2]/div[2]/span[1]"}
RESULT: {"using":"xpath","value":"//header[contains(@id, 'ObjectPageLayout-headerTitle')]/div[1]/div[2]/div[2]/span[1]"}
COMMAND: POST /session/4e36bf80fbca1927c571a30744d2eac8/execute/sync - {"script":"<script> [56 bytes]","args":[{"element-6066-11e4-a52e-4f735466cecf":"f.F4B8E6AEE0F35DB2CB5FDCA58BEB4CC0.d.25FDED097B21F18C59938811AEE490E0.e.2083","ELEMENT":"f.F4B8E6AEE0F35DB2CB5FDCA58BEB4CC0.d.25FDED097B21F18C59938811AEE490E0.e.2083"}]}
RESULT: {"script":"<script> [56 bytes]","args":[{"element-6066-11e4-a52e-4f735466cecf":"f.F4B8E6AEE0F35DB2CB5FDCA58BEB4CC0.d.25FDED097B21F18C59938811AEE490E0.e.2083","ELEMENT":"f.F4B8E6AEE0F35DB2CB5FDCA58BEB4CC0.d.25FDED097B21F18C59938811AEE490E0.e.2083"}]}
COMMAND: POST /session/4e36bf80fbca1927c571a30744d2eac8/element - {"using":"css selector","value":"#shell-header-logo"}
COMMAND: GET /session/4e36bf80fbca1927c571a30744d2eac8/screenshot - {}
RESULT: {"using":"css selector","value":"#shell-header-logo"}
COMMAND: POST /session/4e36bf80fbca1927c571a30744d2eac8/element/f.F4B8E6AEE0F35DB2CB5FDCA58BEB4CC0.d.25FDED097B21F18C59938811AEE490E0.e.1554/click - {}
RESULT: {}
RESULT: {}
COMMAND: GET /session/4e36bf80fbca1927c571a30744d2eac8/screenshot - {}
RESULT: {}
COMMAND: POST /session/4e36bf80fbca1927c571a30744d2eac8/execute/sync - {"script":"<script> [299 bytes]","args":[["getModel","getResource"]]}
RESULT: {"script":"<script> [299 bytes]","args":[["getModel","getResource"]]}
]]></system-out>
    </testcase>
    <testcase classname="chrome.136_0_7103_49.windows.Billing_Transfer_-_Master_data_&amp;_Intercompany_US127250" name="Should create a new equipment" time="126.447">
      <system-out><![CDATA[
COMMAND: POST /session/4e36bf80fbca1927c571a30744d2eac8/execute/async - {"script":"<script> [1562 bytes]","args":[{"selector":{"controlType":"sap.m.GenericTile","properties":{"header":"Manage Resources"}},"wdio_ui5_key":"sapm.GenericTile{\"header\":\"Manage Resources\"}"}]}
COMMAND: GET /session/4e36bf80fbca1927c571a30744d2eac8/screenshot - {}
RESULT: {"script":"<script> [1562 bytes]","args":[{"selector":{"controlType":"sap.m.GenericTile","properties":{"header":"Manage Resources"}},"wdio_ui5_key":"sapm.GenericTile{\"header\":\"Manage Resources\"}"}]}
RESULT: undefined
COMMAND: POST /session/4e36bf80fbca1927c571a30744d2eac8/element - {"using":"xpath","value":"//*[@id=\"__tile39\"]"}
RESULT: {}
RESULT: {"using":"xpath","value":"//*[@id=\"__tile39\"]"}
COMMAND: POST /session/4e36bf80fbca1927c571a30744d2eac8/element/f.F4B8E6AEE0F35DB2CB5FDCA58BEB4CC0.d.25FDED097B21F18C59938811AEE490E0.e.164/click - {}
RESULT: {}
COMMAND: POST /session/4e36bf80fbca1927c571a30744d2eac8/element - {"using":"xpath","value":"//button[@data-kt=\"addNewRUOverflowToolbarButton\"]"}
COMMAND: GET /session/4e36bf80fbca1927c571a30744d2eac8/screenshot - {}
RESULT: {"using":"xpath","value":"//button[@data-kt=\"addNewRUOverflowToolbarButton\"]"}
COMMAND: POST /session/4e36bf80fbca1927c571a30744d2eac8/elements - {"using":"xpath","value":"//button[@data-kt=\"addNewRUOverflowToolbarButton\"]"}
RESULT: {}
RESULT: {"using":"xpath","value":"//button[@data-kt=\"addNewRUOverflowToolbarButton\"]"}
COMMAND: POST /session/4e36bf80fbca1927c571a30744d2eac8/elements - {"using":"xpath","value":"//button[@data-kt=\"addNewRUOverflowToolbarButton\"]"}
RESULT: {"using":"xpath","value":"//button[@data-kt=\"addNewRUOverflowToolbarButton\"]"}
COMMAND: POST /session/4e36bf80fbca1927c571a30744d2eac8/elements - {"using":"xpath","value":"//button[@data-kt=\"addNewRUOverflowToolbarButton\"]"}
RESULT: {"using":"xpath","value":"//button[@data-kt=\"addNewRUOverflowToolbarButton\"]"}
COMMAND: POST /session/4e36bf80fbca1927c571a30744d2eac8/elements - {"using":"xpath","value":"//button[@data-kt=\"addNewRUOverflowToolbarButton\"]"}
RESULT: {"using":"xpath","value":"//button[@data-kt=\"addNewRUOverflowToolbarButton\"]"}
COMMAND: POST /session/4e36bf80fbca1927c571a30744d2eac8/elements - {"using":"xpath","value":"//button[@data-kt=\"addNewRUOverflowToolbarButton\"]"}
RESULT: {"using":"xpath","value":"//button[@data-kt=\"addNewRUOverflowToolbarButton\"]"}
COMMAND: POST /session/4e36bf80fbca1927c571a30744d2eac8/elements - {"using":"xpath","value":"//button[@data-kt=\"addNewRUOverflowToolbarButton\"]"}
RESULT: {"using":"xpath","value":"//button[@data-kt=\"addNewRUOverflowToolbarButton\"]"}
COMMAND: POST /session/4e36bf80fbca1927c571a30744d2eac8/elements - {"using":"xpath","value":"//button[@data-kt=\"addNewRUOverflowToolbarButton\"]"}
RESULT: {"using":"xpath","value":"//button[@data-kt=\"addNewRUOverflowToolbarButton\"]"}
COMMAND: POST /session/4e36bf80fbca1927c571a30744d2eac8/elements - {"using":"xpath","value":"//button[@data-kt=\"addNewRUOverflowToolbarButton\"]"}
RESULT: {"using":"xpath","value":"//button[@data-kt=\"addNewRUOverflowToolbarButton\"]"}
COMMAND: POST /session/4e36bf80fbca1927c571a30744d2eac8/elements - {"using":"xpath","value":"//button[@data-kt=\"addNewRUOverflowToolbarButton\"]"}
RESULT: {"using":"xpath","value":"//button[@data-kt=\"addNewRUOverflowToolbarButton\"]"}
COMMAND: POST /session/4e36bf80fbca1927c571a30744d2eac8/elements - {"using":"xpath","value":"//button[@data-kt=\"addNewRUOverflowToolbarButton\"]"}
RESULT: {"using":"xpath","value":"//button[@data-kt=\"addNewRUOverflowToolbarButton\"]"}
COMMAND: POST /session/4e36bf80fbca1927c571a30744d2eac8/elements - {"using":"xpath","value":"//button[@data-kt=\"addNewRUOverflowToolbarButton\"]"}
RESULT: {"using":"xpath","value":"//button[@data-kt=\"addNewRUOverflowToolbarButton\"]"}
COMMAND: POST /session/4e36bf80fbca1927c571a30744d2eac8/elements - {"using":"xpath","value":"//button[@data-kt=\"addNewRUOverflowToolbarButton\"]"}
RESULT: {"using":"xpath","value":"//button[@data-kt=\"addNewRUOverflowToolbarButton\"]"}
COMMAND: POST /session/4e36bf80fbca1927c571a30744d2eac8/elements - {"using":"xpath","value":"//button[@data-kt=\"addNewRUOverflowToolbarButton\"]"}
RESULT: {"using":"xpath","value":"//button[@data-kt=\"addNewRUOverflowToolbarButton\"]"}
COMMAND: POST /session/4e36bf80fbca1927c571a30744d2eac8/elements - {"using":"xpath","value":"//button[@data-kt=\"addNewRUOverflowToolbarButton\"]"}
RESULT: {"using":"xpath","value":"//button[@data-kt=\"addNewRUOverflowToolbarButton\"]"}
COMMAND: POST /session/4e36bf80fbca1927c571a30744d2eac8/elements - {"using":"xpath","value":"//button[@data-kt=\"addNewRUOverflowToolbarButton\"]"}
RESULT: {"using":"xpath","value":"//button[@data-kt=\"addNewRUOverflowToolbarButton\"]"}
COMMAND: POST /session/4e36bf80fbca1927c571a30744d2eac8/elements - {"using":"xpath","value":"//button[@data-kt=\"addNewRUOverflowToolbarButton\"]"}
RESULT: {"using":"xpath","value":"//button[@data-kt=\"addNewRUOverflowToolbarButton\"]"}
COMMAND: POST /session/4e36bf80fbca1927c571a30744d2eac8/elements - {"using":"xpath","value":"//button[@data-kt=\"addNewRUOverflowToolbarButton\"]"}
RESULT: {"using":"xpath","value":"//button[@data-kt=\"addNewRUOverflowToolbarButton\"]"}
COMMAND: POST /session/4e36bf80fbca1927c571a30744d2eac8/elements - {"using":"xpath","value":"//button[@data-kt=\"addNewRUOverflowToolbarButton\"]"}
RESULT: {"using":"xpath","value":"//button[@data-kt=\"addNewRUOverflowToolbarButton\"]"}
COMMAND: POST /session/4e36bf80fbca1927c571a30744d2eac8/elements - {"using":"xpath","value":"//button[@data-kt=\"addNewRUOverflowToolbarButton\"]"}
RESULT: {"using":"xpath","value":"//button[@data-kt=\"addNewRUOverflowToolbarButton\"]"}
COMMAND: POST /session/4e36bf80fbca1927c571a30744d2eac8/elements - {"using":"xpath","value":"//button[@data-kt=\"addNewRUOverflowToolbarButton\"]"}
RESULT: {"using":"xpath","value":"//button[@data-kt=\"addNewRUOverflowToolbarButton\"]"}
COMMAND: POST /session/4e36bf80fbca1927c571a30744d2eac8/elements - {"using":"xpath","value":"//button[@data-kt=\"addNewRUOverflowToolbarButton\"]"}
RESULT: {"using":"xpath","value":"//button[@data-kt=\"addNewRUOverflowToolbarButton\"]"}
COMMAND: POST /session/4e36bf80fbca1927c571a30744d2eac8/element - {"using":"xpath","value":"//button[@data-kt=\"addNewRUOverflowToolbarButton\"]"}
RESULT: {"using":"xpath","value":"//button[@data-kt=\"addNewRUOverflowToolbarButton\"]"}
COMMAND: POST /session/4e36bf80fbca1927c571a30744d2eac8/execute/sync - {"script":"<script> [8489 bytes]","args":[{"element-6066-11e4-a52e-4f735466cecf":"f.F4B8E6AEE0F35DB2CB5FDCA58BEB4CC0.d.25FDED097B21F18C59938811AEE490E0.e.2114","ELEMENT":"f.F4B8E6AEE0F35DB2CB5FDCA58BEB4CC0.d.25FDED097B21F18C59938811AEE490E0.e.2114"}]}
RESULT: {"script":"<script> [8489 bytes]","args":[{"element-6066-11e4-a52e-4f735466cecf":"f.F4B8E6AEE0F35DB2CB5FDCA58BEB4CC0.d.25FDED097B21F18C59938811AEE490E0.e.2114","ELEMENT":"f.F4B8E6AEE0F35DB2CB5FDCA58BEB4CC0.d.25FDED097B21F18C59938811AEE490E0.e.2114"}]}
COMMAND: GET /session/4e36bf80fbca1927c571a30744d2eac8/element/f.F4B8E6AEE0F35DB2CB5FDCA58BEB4CC0.d.25FDED097B21F18C59938811AEE490E0.e.2114/enabled - {}
COMMAND: GET /session/4e36bf80fbca1927c571a30744d2eac8/screenshot - {}
RESULT: {}
COMMAND: POST /session/4e36bf80fbca1927c571a30744d2eac8/execute/sync - {"script":"<script> [8489 bytes]","args":[{"element-6066-11e4-a52e-4f735466cecf":"f.F4B8E6AEE0F35DB2CB5FDCA58BEB4CC0.d.25FDED097B21F18C59938811AEE490E0.e.2114","ELEMENT":"f.F4B8E6AEE0F35DB2CB5FDCA58BEB4CC0.d.25FDED097B21F18C59938811AEE490E0.e.2114"}]}
COMMAND: GET /session/4e36bf80fbca1927c571a30744d2eac8/screenshot - {}
RESULT: {}
RESULT: {"script":"<script> [8489 bytes]","args":[{"element-6066-11e4-a52e-4f735466cecf":"f.F4B8E6AEE0F35DB2CB5FDCA58BEB4CC0.d.25FDED097B21F18C59938811AEE490E0.e.2114","ELEMENT":"f.F4B8E6AEE0F35DB2CB5FDCA58BEB4CC0.d.25FDED097B21F18C59938811AEE490E0.e.2114"}]}
COMMAND: POST /session/4e36bf80fbca1927c571a30744d2eac8/execute/sync - {"script":"<script> [5351 bytes]","args":[{"element-6066-11e4-a52e-4f735466cecf":"f.F4B8E6AEE0F35DB2CB5FDCA58BEB4CC0.d.25FDED097B21F18C59938811AEE490E0.e.2114","ELEMENT":"f.F4B8E6AEE0F35DB2CB5FDCA58BEB4CC0.d.25FDED097B21F18C59938811AEE490E0.e.2114"}]}
COMMAND: GET /session/4e36bf80fbca1927c571a30744d2eac8/screenshot - {}
RESULT: {}
RESULT: {"script":"<script> [5351 bytes]","args":[{"element-6066-11e4-a52e-4f735466cecf":"f.F4B8E6AEE0F35DB2CB5FDCA58BEB4CC0.d.25FDED097B21F18C59938811AEE490E0.e.2114","ELEMENT":"f.F4B8E6AEE0F35DB2CB5FDCA58BEB4CC0.d.25FDED097B21F18C59938811AEE490E0.e.2114"}]}
COMMAND: POST /session/4e36bf80fbca1927c571a30744d2eac8/element/f.F4B8E6AEE0F35DB2CB5FDCA58BEB4CC0.d.25FDED097B21F18C59938811AEE490E0.e.2114/click - {}
COMMAND: GET /session/4e36bf80fbca1927c571a30744d2eac8/screenshot - {}
RESULT: {}
RESULT: {}
COMMAND: GET /session/4e36bf80fbca1927c571a30744d2eac8/screenshot - {}
RESULT: {}
RESULT: {}
COMMAND: POST /session/4e36bf80fbca1927c571a30744d2eac8/execute/async - {"script":"<script> [1562 bytes]","args":[{"selector":{"id":"application-manageresources-display-component---newResourceUnit--TYPE-arrow"},"wdio_ui5_key":"applicationmanageresources-display-component---newResourceUnit--TYPE-arrow"}]}
RESULT: {"script":"<script> [1562 bytes]","args":[{"selector":{"id":"application-manageresources-display-component---newResourceUnit--TYPE-arrow"},"wdio_ui5_key":"applicationmanageresources-display-component---newResourceUnit--TYPE-arrow"}]}
RESULT: undefined
COMMAND: POST /session/4e36bf80fbca1927c571a30744d2eac8/element - {"using":"xpath","value":"//*[@id=\"application-manageresources-display-component---newResourceUnit--TYPE-arrow\"]"}
RESULT: {"using":"xpath","value":"//*[@id=\"application-manageresources-display-component---newResourceUnit--TYPE-arrow\"]"}
COMMAND: POST /session/4e36bf80fbca1927c571a30744d2eac8/element/f.F4B8E6AEE0F35DB2CB5FDCA58BEB4CC0.d.25FDED097B21F18C59938811AEE490E0.e.2284/click - {}
RESULT: {}
COMMAND: POST /session/4e36bf80fbca1927c571a30744d2eac8/element - {"using":"xpath","value":"//input[@id=\"application-manageresources-display-component---newResourceUnit--TYPE-inner\"]"}
COMMAND: GET /session/4e36bf80fbca1927c571a30744d2eac8/screenshot - {}
RESULT: {"using":"xpath","value":"//input[@id=\"application-manageresources-display-component---newResourceUnit--TYPE-inner\"]"}
COMMAND: POST /session/4e36bf80fbca1927c571a30744d2eac8/element/f.F4B8E6AEE0F35DB2CB5FDCA58BEB4CC0.d.25FDED097B21F18C59938811AEE490E0.e.2169/clear - {}
RESULT: {}
RESULT: {}
COMMAND: POST /session/4e36bf80fbca1927c571a30744d2eac8/element/f.F4B8E6AEE0F35DB2CB5FDCA58BEB4CC0.d.25FDED097B21F18C59938811AEE490E0.e.2169/value - {"text":"Equipment"}
COMMAND: GET /session/4e36bf80fbca1927c571a30744d2eac8/screenshot - {}
RESULT: {"text":"Equipment"}
COMMAND: GET /session/4e36bf80fbca1927c571a30744d2eac8/screenshot - {}
RESULT: {}
RESULT: {}
COMMAND: POST /session/4e36bf80fbca1927c571a30744d2eac8/actions - {"actions":[{"id":"action8","type":"key","parameters":{},"actions":[{"type":"keyDown","value":"î€‡"},{"type":"pause","duration":10},{"type":"keyUp","value":"î€‡"}]}]}
RESULT: {"actions":[{"id":"action8","type":"key","parameters":{},"actions":[{"type":"keyDown","value":"î€‡"},{"type":"pause","duration":10},{"type":"keyUp","value":"î€‡"}]}]}
COMMAND: POST /session/4e36bf80fbca1927c571a30744d2eac8/execute/async - {"script":"<script> [1562 bytes]","args":[{"selector":{"id":"application-manageresources-display-component---newResourceUnit--resourceId","interaction":{"idSuffix":"inner"}},"wdio_ui5_key":"applicationmanageresources-display-component---newResourceUnit--resourceId"}]}
COMMAND: GET /session/4e36bf80fbca1927c571a30744d2eac8/screenshot - {}
RESULT: {"script":"<script> [1562 bytes]","args":[{"selector":{"id":"application-manageresources-display-component---newResourceUnit--resourceId","interaction":{"idSuffix":"inner"}},"wdio_ui5_key":"applicationmanageresources-display-component---newResourceUnit--resourceId"}]}
RESULT: undefined
COMMAND: POST /session/4e36bf80fbca1927c571a30744d2eac8/execute/async - {"script":"<script> [776 bytes]","args":[{"enterText":"WA1KV1AToO","selector":{"id":"application-manageresources-display-component---newResourceUnit--resourceId","interaction":{"idSuffix":"inner"}},"clearTextFirst":true,"interactionType":"ENTER_TEXT"}]}
RESULT: {}
RESULT: {"script":"<script> [776 bytes]","args":[{"enterText":"WA1KV1AToO","selector":{"id":"application-manageresources-display-component---newResourceUnit--resourceId","interaction":{"idSuffix":"inner"}},"clearTextFirst":true,"interactionType":"ENTER_TEXT"}]}
COMMAND: POST /session/4e36bf80fbca1927c571a30744d2eac8/execute/async - {"script":"<script> [1562 bytes]","args":[{"selector":{"id":"application-manageresources-display-component---newResourceUnit--SHORT_TEXT","interaction":{"idSuffix":"inner"}},"wdio_ui5_key":"applicationmanageresources-display-component---newResourceUnit--SHORT_TEXT"}]}
RESULT: {"script":"<script> [1562 bytes]","args":[{"selector":{"id":"application-manageresources-display-component---newResourceUnit--SHORT_TEXT","interaction":{"idSuffix":"inner"}},"wdio_ui5_key":"applicationmanageresources-display-component---newResourceUnit--SHORT_TEXT"}]}
RESULT: undefined
COMMAND: POST /session/4e36bf80fbca1927c571a30744d2eac8/execute/async - {"script":"<script> [776 bytes]","args":[{"enterText":"Intercompany Equipment WDIO","selector":{"id":"application-manageresources-display-component---newResourceUnit--SHORT_TEXT","interaction":{"idSuffix":"inner"}},"clearTextFirst":true,"interactionType":"ENTER_TEXT"}]}
RESULT: {"script":"<script> [776 bytes]","args":[{"enterText":"Intercompany Equipment WDIO","selector":{"id":"application-manageresources-display-component---newResourceUnit--SHORT_TEXT","interaction":{"idSuffix":"inner"}},"clearTextFirst":true,"interactionType":"ENTER_TEXT"}]}
COMMAND: POST /session/4e36bf80fbca1927c571a30744d2eac8/execute/async - {"script":"<script> [1562 bytes]","args":[{"selector":{"id":"application-manageresources-display-component---newResourceUnit--BASE_UNIT_OF_MEASURE","interaction":{"idSuffix":"inner"}},"wdio_ui5_key":"applicationmanageresources-display-component---newResourceUnit--BASE_UNIT_OF_MEASURE"}]}
RESULT: {"script":"<script> [1562 bytes]","args":[{"selector":{"id":"application-manageresources-display-component---newResourceUnit--BASE_UNIT_OF_MEASURE","interaction":{"idSuffix":"inner"}},"wdio_ui5_key":"applicationmanageresources-display-component---newResourceUnit--BASE_UNIT_OF_MEASURE"}]}
RESULT: undefined
COMMAND: POST /session/4e36bf80fbca1927c571a30744d2eac8/execute/async - {"script":"<script> [776 bytes]","args":[{"enterText":"Piece","selector":{"id":"application-manageresources-display-component---newResourceUnit--BASE_UNIT_OF_MEASURE","interaction":{"idSuffix":"inner"}},"clearTextFirst":true,"interactionType":"ENTER_TEXT"}]}
RESULT: {"script":"<script> [776 bytes]","args":[{"enterText":"Piece","selector":{"id":"application-manageresources-display-component---newResourceUnit--BASE_UNIT_OF_MEASURE","interaction":{"idSuffix":"inner"}},"clearTextFirst":true,"interactionType":"ENTER_TEXT"}]}
COMMAND: POST /session/4e36bf80fbca1927c571a30744d2eac8/execute/async - {"script":"<script> [1562 bytes]","args":[{"selector":{"id":"application-manageresources-display-component---newResourceUnit--WEIGHT_UNIT","interaction":{"idSuffix":"inner"}},"wdio_ui5_key":"applicationmanageresources-display-component---newResourceUnit--WEIGHT_UNIT"}]}
RESULT: {"script":"<script> [1562 bytes]","args":[{"selector":{"id":"application-manageresources-display-component---newResourceUnit--WEIGHT_UNIT","interaction":{"idSuffix":"inner"}},"wdio_ui5_key":"applicationmanageresources-display-component---newResourceUnit--WEIGHT_UNIT"}]}
RESULT: undefined
COMMAND: POST /session/4e36bf80fbca1927c571a30744d2eac8/execute/async - {"script":"<script> [776 bytes]","args":[{"enterText":"Gram","selector":{"id":"application-manageresources-display-component---newResourceUnit--WEIGHT_UNIT","interaction":{"idSuffix":"inner"}},"clearTextFirst":true,"interactionType":"ENTER_TEXT"}]}
RESULT: {"script":"<script> [776 bytes]","args":[{"enterText":"Gram","selector":{"id":"application-manageresources-display-component---newResourceUnit--WEIGHT_UNIT","interaction":{"idSuffix":"inner"}},"clearTextFirst":true,"interactionType":"ENTER_TEXT"}]}
COMMAND: POST /session/4e36bf80fbca1927c571a30744d2eac8/execute/async - {"script":"<script> [1562 bytes]","args":[{"selector":{"id":"application-manageresources-display-component---newResourceUnit--DIMENSION_UNIT","interaction":{"idSuffix":"inner"}},"wdio_ui5_key":"applicationmanageresources-display-component---newResourceUnit--DIMENSION_UNIT"}]}
RESULT: {"script":"<script> [1562 bytes]","args":[{"selector":{"id":"application-manageresources-display-component---newResourceUnit--DIMENSION_UNIT","interaction":{"idSuffix":"inner"}},"wdio_ui5_key":"applicationmanageresources-display-component---newResourceUnit--DIMENSION_UNIT"}]}
RESULT: undefined
COMMAND: POST /session/4e36bf80fbca1927c571a30744d2eac8/execute/async - {"script":"<script> [776 bytes]","args":[{"enterText":"Meter","selector":{"id":"application-manageresources-display-component---newResourceUnit--DIMENSION_UNIT","interaction":{"idSuffix":"inner"}},"clearTextFirst":true,"interactionType":"ENTER_TEXT"}]}
RESULT: {"script":"<script> [776 bytes]","args":[{"enterText":"Meter","selector":{"id":"application-manageresources-display-component---newResourceUnit--DIMENSION_UNIT","interaction":{"idSuffix":"inner"}},"clearTextFirst":true,"interactionType":"ENTER_TEXT"}]}
COMMAND: POST /session/4e36bf80fbca1927c571a30744d2eac8/execute/async - {"script":"<script> [1562 bytes]","args":[{"selector":{"id":"application-manageresources-display-component---newResourceUnit--newRRUPage-anchBar-application-manageresources-display-component---newResourceUnit--control-anchor","interaction":{"idSuffix":"BDI-content"}},"wdio_ui5_key":"applicationmanageresources-display-component---newResourceUnit--newRRUPage-anchBar-application-manageresources-display-component---newResourceUnit--control-anchor"}]}
RESULT: {"script":"<script> [1562 bytes]","args":[{"selector":{"id":"application-manageresources-display-component---newResourceUnit--newRRUPage-anchBar-application-manageresources-display-component---newResourceUnit--control-anchor","interaction":{"idSuffix":"BDI-content"}},"wdio_ui5_key":"applicationmanageresources-display-component---newResourceUnit--newRRUPage-anchBar-application-manageresources-display-component---newResourceUnit--control-anchor"}]}
RESULT: undefined
COMMAND: POST /session/4e36bf80fbca1927c571a30744d2eac8/element - {"using":"xpath","value":"//*[@id=\"application-manageresources-display-component---newResourceUnit--newRRUPage-anchBar-application-manageresources-display-component---newResourceUnit--control-anchor\"]"}
RESULT: {"using":"xpath","value":"//*[@id=\"application-manageresources-display-component---newResourceUnit--newRRUPage-anchBar-application-manageresources-display-component---newResourceUnit--control-anchor\"]"}
COMMAND: POST /session/4e36bf80fbca1927c571a30744d2eac8/element/f.F4B8E6AEE0F35DB2CB5FDCA58BEB4CC0.d.25FDED097B21F18C59938811AEE490E0.e.2414/click - {}
RESULT: {}
COMMAND: POST /session/4e36bf80fbca1927c571a30744d2eac8/execute/async - {"script":"<script> [1562 bytes]","args":[{"selector":{"id":"application-manageresources-display-component---newResourceUnit--PLANNING_GROUP","interaction":{"idSuffix":"inner"}},"wdio_ui5_key":"applicationmanageresources-display-component---newResourceUnit--PLANNING_GROUP"}]}
COMMAND: GET /session/4e36bf80fbca1927c571a30744d2eac8/screenshot - {}
RESULT: {"script":"<script> [1562 bytes]","args":[{"selector":{"id":"application-manageresources-display-component---newResourceUnit--PLANNING_GROUP","interaction":{"idSuffix":"inner"}},"wdio_ui5_key":"applicationmanageresources-display-component---newResourceUnit--PLANNING_GROUP"}]}
RESULT: undefined
COMMAND: POST /session/4e36bf80fbca1927c571a30744d2eac8/execute/async - {"script":"<script> [776 bytes]","args":[{"enterText":"Heavy Equi","selector":{"id":"application-manageresources-display-component---newResourceUnit--PLANNING_GROUP","interaction":{"idSuffix":"inner"}},"clearTextFirst":true,"interactionType":"ENTER_TEXT"}]}
RESULT: {}
RESULT: {"script":"<script> [776 bytes]","args":[{"enterText":"Heavy Equi","selector":{"id":"application-manageresources-display-component---newResourceUnit--PLANNING_GROUP","interaction":{"idSuffix":"inner"}},"clearTextFirst":true,"interactionType":"ENTER_TEXT"}]}
COMMAND: POST /session/4e36bf80fbca1927c571a30744d2eac8/execute/async - {"script":"<script> [1562 bytes]","args":[{"selector":{"id":"application-manageresources-display-component---newResourceUnit--ITEM_TYPE-arrow"},"wdio_ui5_key":"applicationmanageresources-display-component---newResourceUnit--ITEM_TYPE-arrow"}]}
RESULT: {"script":"<script> [1562 bytes]","args":[{"selector":{"id":"application-manageresources-display-component---newResourceUnit--ITEM_TYPE-arrow"},"wdio_ui5_key":"applicationmanageresources-display-component---newResourceUnit--ITEM_TYPE-arrow"}]}
RESULT: undefined
COMMAND: POST /session/4e36bf80fbca1927c571a30744d2eac8/element - {"using":"xpath","value":"//*[@id=\"application-manageresources-display-component---newResourceUnit--ITEM_TYPE-arrow\"]"}
RESULT: {"using":"xpath","value":"//*[@id=\"application-manageresources-display-component---newResourceUnit--ITEM_TYPE-arrow\"]"}
COMMAND: POST /session/4e36bf80fbca1927c571a30744d2eac8/element/f.F4B8E6AEE0F35DB2CB5FDCA58BEB4CC0.d.25FDED097B21F18C59938811AEE490E0.e.2423/click - {}
RESULT: {}
COMMAND: POST /session/4e36bf80fbca1927c571a30744d2eac8/element - {"using":"xpath","value":"(//span[contains(text(), \"Resource Unit\")])[2]"}
COMMAND: GET /session/4e36bf80fbca1927c571a30744d2eac8/screenshot - {}
RESULT: {"using":"xpath","value":"(//span[contains(text(), \"Resource Unit\")])[2]"}
COMMAND: POST /session/4e36bf80fbca1927c571a30744d2eac8/element/f.F4B8E6AEE0F35DB2CB5FDCA58BEB4CC0.d.25FDED097B21F18C59938811AEE490E0.e.2424/click - {}
RESULT: {}
RESULT: {}
COMMAND: GET /session/4e36bf80fbca1927c571a30744d2eac8/screenshot - {}
RESULT: {}
COMMAND: POST /session/4e36bf80fbca1927c571a30744d2eac8/element - {"using":"css selector","value":"#application-manageresources-display-component---newResourceUnit--btnAddTimeSegment"}
RESULT: {"using":"css selector","value":"#application-manageresources-display-component---newResourceUnit--btnAddTimeSegment"}
COMMAND: GET /session/4e36bf80fbca1927c571a30744d2eac8/element/f.F4B8E6AEE0F35DB2CB5FDCA58BEB4CC0.d.25FDED097B21F18C59938811AEE490E0.e.2425/rect - {}
RESULT: {}
COMMAND: GET /session/4e36bf80fbca1927c571a30744d2eac8/window/rect - {}
RESULT: {}
COMMAND: POST /session/4e36bf80fbca1927c571a30744d2eac8/execute/sync - {"script":"<script> [92 bytes]","args":[]}
RESULT: {"script":"<script> [92 bytes]","args":[]}
COMMAND: POST /session/4e36bf80fbca1927c571a30744d2eac8/actions - {"actions":[{"id":"action9","type":"wheel","parameters":{},"actions":[{"type":"scroll","x":-1888,"y":-32,"deltaX":0,"deltaY":0,"duration":0,"origin":{"element-6066-11e4-a52e-4f735466cecf":"f.F4B8E6AEE0F35DB2CB5FDCA58BEB4CC0.d.25FDED097B21F18C59938811AEE490E0.e.2425"}}]}]}
COMMAND: GET /session/4e36bf80fbca1927c571a30744d2eac8/screenshot - {}
RESULT: {}
COMMAND: POST /session/4e36bf80fbca1927c571a30744d2eac8/execute/sync - {"script":"<script> [79 bytes]","args":[{"element-6066-11e4-a52e-4f735466cecf":"f.F4B8E6AEE0F35DB2CB5FDCA58BEB4CC0.d.25FDED097B21F18C59938811AEE490E0.e.2425","ELEMENT":"f.F4B8E6AEE0F35DB2CB5FDCA58BEB4CC0.d.25FDED097B21F18C59938811AEE490E0.e.2425"},{"block":"start","inline":"nearest"}]}
RESULT: {"script":"<script> [79 bytes]","args":[{"element-6066-11e4-a52e-4f735466cecf":"f.F4B8E6AEE0F35DB2CB5FDCA58BEB4CC0.d.25FDED097B21F18C59938811AEE490E0.e.2425","ELEMENT":"f.F4B8E6AEE0F35DB2CB5FDCA58BEB4CC0.d.25FDED097B21F18C59938811AEE490E0.e.2425"},{"block":"start","inline":"nearest"}]}
COMMAND: POST /session/4e36bf80fbca1927c571a30744d2eac8/execute/async - {"script":"<script> [1562 bytes]","args":[{"selector":{"id":"application-manageresources-display-component---newResourceUnit--btnAddTimeSegment","interaction":{"idSuffix":"inner"}},"wdio_ui5_key":"applicationmanageresources-display-component---newResourceUnit--btnAddTimeSegment"}]}
COMMAND: GET /session/4e36bf80fbca1927c571a30744d2eac8/screenshot - {}
RESULT: {"script":"<script> [1562 bytes]","args":[{"selector":{"id":"application-manageresources-display-component---newResourceUnit--btnAddTimeSegment","interaction":{"idSuffix":"inner"}},"wdio_ui5_key":"applicationmanageresources-display-component---newResourceUnit--btnAddTimeSegment"}]}
RESULT: undefined
COMMAND: POST /session/4e36bf80fbca1927c571a30744d2eac8/element - {"using":"xpath","value":"//*[@id=\"application-manageresources-display-component---newResourceUnit--btnAddTimeSegment\"]"}
RESULT: {}
RESULT: {"using":"xpath","value":"//*[@id=\"application-manageresources-display-component---newResourceUnit--btnAddTimeSegment\"]"}
COMMAND: POST /session/4e36bf80fbca1927c571a30744d2eac8/element/f.F4B8E6AEE0F35DB2CB5FDCA58BEB4CC0.d.25FDED097B21F18C59938811AEE490E0.e.2425/click - {}
RESULT: {}
COMMAND: GET /session/4e36bf80fbca1927c571a30744d2eac8/screenshot - {}
RESULT: {}
COMMAND: POST /session/4e36bf80fbca1927c571a30744d2eac8/element - {"using":"xpath","value":"//input[@id=\"application-manageresources-display-component---newResourceUnit--idRuTSAdmin-application-manageresources-display-component---newResourceUnit--RUTimeSegment-0-inner\"]"}
RESULT: {"using":"xpath","value":"//input[@id=\"application-manageresources-display-component---newResourceUnit--idRuTSAdmin-application-manageresources-display-component---newResourceUnit--RUTimeSegment-0-inner\"]"}
COMMAND: POST /session/4e36bf80fbca1927c571a30744d2eac8/element/f.F4B8E6AEE0F35DB2CB5FDCA58BEB4CC0.d.25FDED097B21F18C59938811AEE490E0.e.2431/clear - {}
RESULT: {}
COMMAND: POST /session/4e36bf80fbca1927c571a30744d2eac8/element/f.F4B8E6AEE0F35DB2CB5FDCA58BEB4CC0.d.25FDED097B21F18C59938811AEE490E0.e.2431/value - {"text":"182"}
COMMAND: GET /session/4e36bf80fbca1927c571a30744d2eac8/screenshot - {}
RESULT: {"text":"182"}
COMMAND: GET /session/4e36bf80fbca1927c571a30744d2eac8/screenshot - {}
RESULT: {}
RESULT: {}
COMMAND: POST /session/4e36bf80fbca1927c571a30744d2eac8/element - {"using":"xpath","value":"//li[.//span[text()='182']]"}
RESULT: {"using":"xpath","value":"//li[.//span[text()='182']]"}
COMMAND: POST /session/4e36bf80fbca1927c571a30744d2eac8/element/f.F4B8E6AEE0F35DB2CB5FDCA58BEB4CC0.d.25FDED097B21F18C59938811AEE490E0.e.2443/click - {}
RESULT: {}
COMMAND: GET /session/4e36bf80fbca1927c571a30744d2eac8/screenshot - {}
RESULT: {}
COMMAND: POST /session/4e36bf80fbca1927c571a30744d2eac8/element - {"using":"xpath","value":"(//span[contains(@id, \"-application-manageresources-display-component---newResourceUnit--RUTimeSegment-0-arrow\")])[6]"}
RESULT: {"using":"xpath","value":"(//span[contains(@id, \"-application-manageresources-display-component---newResourceUnit--RUTimeSegment-0-arrow\")])[6]"}
COMMAND: POST /session/4e36bf80fbca1927c571a30744d2eac8/element/f.F4B8E6AEE0F35DB2CB5FDCA58BEB4CC0.d.25FDED097B21F18C59938811AEE490E0.e.2444/click - {}
RESULT: {}
COMMAND: GET /session/4e36bf80fbca1927c571a30744d2eac8/screenshot - {}
RESULT: {}
COMMAND: POST /session/4e36bf80fbca1927c571a30744d2eac8/element - {"using":"xpath","value":"//span[contains(text(), \"PM Order\")]"}
RESULT: {"using":"xpath","value":"//span[contains(text(), \"PM Order\")]"}
COMMAND: POST /session/4e36bf80fbca1927c571a30744d2eac8/element/f.F4B8E6AEE0F35DB2CB5FDCA58BEB4CC0.d.25FDED097B21F18C59938811AEE490E0.e.2447/click - {}
RESULT: {}
COMMAND: GET /session/4e36bf80fbca1927c571a30744d2eac8/screenshot - {}
RESULT: {}
COMMAND: POST /session/4e36bf80fbca1927c571a30744d2eac8/element - {"using":"xpath","value":"(//span[contains(@id ,\"manageresources-display-component---newResourceUnit--RUTimeSegment-0-vhi\")])[1]"}
RESULT: {"using":"xpath","value":"(//span[contains(@id ,\"manageresources-display-component---newResourceUnit--RUTimeSegment-0-vhi\")])[1]"}
COMMAND: GET /session/4e36bf80fbca1927c571a30744d2eac8/element/f.F4B8E6AEE0F35DB2CB5FDCA58BEB4CC0.d.25FDED097B21F18C59938811AEE490E0.e.2451/rect - {}
RESULT: {}
COMMAND: GET /session/4e36bf80fbca1927c571a30744d2eac8/window/rect - {}
RESULT: {}
COMMAND: POST /session/4e36bf80fbca1927c571a30744d2eac8/execute/sync - {"script":"<script> [92 bytes]","args":[]}
RESULT: {"script":"<script> [92 bytes]","args":[]}
COMMAND: POST /session/4e36bf80fbca1927c571a30744d2eac8/actions - {"actions":[{"id":"action10","type":"wheel","parameters":{},"actions":[{"type":"scroll","x":-869,"y":-24,"deltaX":0,"deltaY":0,"duration":0,"origin":{"element-6066-11e4-a52e-4f735466cecf":"f.F4B8E6AEE0F35DB2CB5FDCA58BEB4CC0.d.25FDED097B21F18C59938811AEE490E0.e.2451"}}]}]}
COMMAND: GET /session/4e36bf80fbca1927c571a30744d2eac8/screenshot - {}
RESULT: {"actions":[{"id":"action10","type":"wheel","parameters":{},"actions":[{"type":"scroll","x":-869,"y":-24,"deltaX":0,"deltaY":0,"duration":0,"origin":{"element-6066-11e4-a52e-4f735466cecf":"f.F4B8E6AEE0F35DB2CB5FDCA58BEB4CC0.d.25FDED097B21F18C59938811AEE490E0.e.2451"}}]}]}
COMMAND: DELETE /session/4e36bf80fbca1927c571a30744d2eac8/actions - {}
COMMAND: GET /session/4e36bf80fbca1927c571a30744d2eac8/screenshot - {}
RESULT: {}
RESULT: {}
COMMAND: GET /session/4e36bf80fbca1927c571a30744d2eac8/screenshot - {}
RESULT: {}
RESULT: {}
COMMAND: POST /session/4e36bf80fbca1927c571a30744d2eac8/element/f.F4B8E6AEE0F35DB2CB5FDCA58BEB4CC0.d.25FDED097B21F18C59938811AEE490E0.e.2451/click - {}
RESULT: {}
COMMAND: GET /session/4e36bf80fbca1927c571a30744d2eac8/screenshot - {}
RESULT: {}
RESULT: undefined
COMMAND: POST /session/4e36bf80fbca1927c571a30744d2eac8/execute/async - {"script":"<script> [776 bytes]","args":[{"enterText":"4000360","selector":{"controlType":"sap.m.SearchField","properties":{"placeholder":"Search"},"searchOpenDialogs":true,"interaction":{"idSuffix":"I"}},"clearTextFirst":true,"interactionType":"ENTER_TEXT"}]}
RESULT: {"script":"<script> [776 bytes]","args":[{"enterText":"4000360","selector":{"controlType":"sap.m.SearchField","properties":{"placeholder":"Search"},"searchOpenDialogs":true,"interaction":{"idSuffix":"I"}},"clearTextFirst":true,"interactionType":"ENTER_TEXT"}]}
COMMAND: POST /session/4e36bf80fbca1927c571a30744d2eac8/actions - {"actions":[{"id":"action11","type":"key","parameters":{},"actions":[{"type":"keyDown","value":"î€‡"},{"type":"pause","duration":10},{"type":"keyUp","value":"î€‡"}]}]}
RESULT: {"actions":[{"id":"action11","type":"key","parameters":{},"actions":[{"type":"keyDown","value":"î€‡"},{"type":"pause","duration":10},{"type":"keyUp","value":"î€‡"}]}]}
COMMAND: GET /session/4e36bf80fbca1927c571a30744d2eac8/screenshot - {}
RESULT: {}
COMMAND: POST /session/4e36bf80fbca1927c571a30744d2eac8/element - {"using":"xpath","value":"//td/div/span[contains(text(), \"BGL Vehicles\")]"}
RESULT: {"using":"xpath","value":"//td/div/span[contains(text(), \"BGL Vehicles\")]"}
COMMAND: POST /session/4e36bf80fbca1927c571a30744d2eac8/element/f.F4B8E6AEE0F35DB2CB5FDCA58BEB4CC0.d.25FDED097B21F18C59938811AEE490E0.e.2470/click - {}
RESULT: {}
COMMAND: GET /session/4e36bf80fbca1927c571a30744d2eac8/screenshot - {}
RESULT: {}
COMMAND: POST /session/4e36bf80fbca1927c571a30744d2eac8/element - {"using":"xpath","value":"//bdi[contains(text(), \"OK\")]"}
RESULT: {"using":"xpath","value":"//bdi[contains(text(), \"OK\")]"}
COMMAND: POST /session/4e36bf80fbca1927c571a30744d2eac8/element/f.F4B8E6AEE0F35DB2CB5FDCA58BEB4CC0.d.25FDED097B21F18C59938811AEE490E0.e.2471/click - {}
RESULT: {}
COMMAND: GET /session/4e36bf80fbca1927c571a30744d2eac8/screenshot - {}
RESULT: {}
COMMAND: POST /session/4e36bf80fbca1927c571a30744d2eac8/execute/async - {"script":"<script> [1562 bytes]","args":[{"selector":{"id":"application-manageresources-display-component---newResourceUnit--newRRUPage-anchBar-application-manageresources-display-component---newResourceUnit--resource-anchor","interaction":{"idSuffix":"BDI-content"}},"wdio_ui5_key":"applicationmanageresources-display-component---newResourceUnit--newRRUPage-anchBar-application-manageresources-display-component---newResourceUnit--resource-anchor"}]}
RESULT: {"script":"<script> [1562 bytes]","args":[{"selector":{"id":"application-manageresources-display-component---newResourceUnit--newRRUPage-anchBar-application-manageresources-display-component---newResourceUnit--resource-anchor","interaction":{"idSuffix":"BDI-content"}},"wdio_ui5_key":"applicationmanageresources-display-component---newResourceUnit--newRRUPage-anchBar-application-manageresources-display-component---newResourceUnit--resource-anchor"}]}
RESULT: undefined
COMMAND: POST /session/4e36bf80fbca1927c571a30744d2eac8/element - {"using":"xpath","value":"//*[@id=\"application-manageresources-display-component---newResourceUnit--newRRUPage-anchBar-application-manageresources-display-component---newResourceUnit--resource-anchor\"]"}
RESULT: {"using":"xpath","value":"//*[@id=\"application-manageresources-display-component---newResourceUnit--newRRUPage-anchBar-application-manageresources-display-component---newResourceUnit--resource-anchor\"]"}
COMMAND: POST /session/4e36bf80fbca1927c571a30744d2eac8/element/f.F4B8E6AEE0F35DB2CB5FDCA58BEB4CC0.d.25FDED097B21F18C59938811AEE490E0.e.2475/click - {}
RESULT: {}
COMMAND: POST /session/4e36bf80fbca1927c571a30744d2eac8/execute/async - {"script":"<script> [1562 bytes]","args":[{"selector":{"id":"application-manageresources-display-component---newResourceUnit--PLANNED_DELIVERY_DATE","interaction":{"idSuffix":"inner"}},"wdio_ui5_key":"applicationmanageresources-display-component---newResourceUnit--PLANNED_DELIVERY_DATE"}]}
COMMAND: GET /session/4e36bf80fbca1927c571a30744d2eac8/screenshot - {}
RESULT: {"script":"<script> [1562 bytes]","args":[{"selector":{"id":"application-manageresources-display-component---newResourceUnit--PLANNED_DELIVERY_DATE","interaction":{"idSuffix":"inner"}},"wdio_ui5_key":"applicationmanageresources-display-component---newResourceUnit--PLANNED_DELIVERY_DATE"}]}
RESULT: undefined
COMMAND: POST /session/4e36bf80fbca1927c571a30744d2eac8/execute/async - {"script":"<script> [6424 bytes]","args":[{"element-6066-11e4-a52e-4f735466cecf":"f.F4B8E6AEE0F35DB2CB5FDCA58BEB4CC0.d.25FDED097B21F18C59938811AEE490E0.e.2339"},"setValue",["5/13/25"]]}
RESULT: {}
RESULT: {"script":"<script> [6424 bytes]","args":[{"element-6066-11e4-a52e-4f735466cecf":"f.F4B8E6AEE0F35DB2CB5FDCA58BEB4CC0.d.25FDED097B21F18C59938811AEE490E0.e.2339"},"setValue",["5/13/25"]]}
COMMAND: POST /session/4e36bf80fbca1927c571a30744d2eac8/element - {"using":"xpath","value":"//label[contains(@class, 'sapMLabelRequired') and .//bdi[contains(text(), 'Planned Retirement')]]"}
RESULT: {"using":"xpath","value":"//label[contains(@class, 'sapMLabelRequired') and .//bdi[contains(text(), 'Planned Retirement')]]"}
COMMAND: POST /session/4e36bf80fbca1927c571a30744d2eac8/elements - {"using":"xpath","value":"//label[contains(@class, 'sapMLabelRequired') and .//bdi[contains(text(), 'Planned Retirement')]]"}
RESULT: {"using":"xpath","value":"//label[contains(@class, 'sapMLabelRequired') and .//bdi[contains(text(), 'Planned Retirement')]]"}
COMMAND: POST /session/4e36bf80fbca1927c571a30744d2eac8/element - {"using":"xpath","value":"//button[@data-kt=\"resourceUnitSaveButton\"]"}
RESULT: {"using":"xpath","value":"//button[@data-kt=\"resourceUnitSaveButton\"]"}
COMMAND: POST /session/4e36bf80fbca1927c571a30744d2eac8/element/f.F4B8E6AEE0F35DB2CB5FDCA58BEB4CC0.d.25FDED097B21F18C59938811AEE490E0.e.2300/click - {}
RESULT: {}
COMMAND: GET /session/4e36bf80fbca1927c571a30744d2eac8/screenshot - {}
RESULT: {}
COMMAND: POST /session/4e36bf80fbca1927c571a30744d2eac8/element - {"using":"xpath","value":"//bdi[contains(text(), \"Close\")]"}
RESULT: {"using":"xpath","value":"//bdi[contains(text(), \"Close\")]"}
COMMAND: POST /session/4e36bf80fbca1927c571a30744d2eac8/element/f.F4B8E6AEE0F35DB2CB5FDCA58BEB4CC0.d.25FDED097B21F18C59938811AEE490E0.e.2483/click - {}
RESULT: {}
COMMAND: GET /session/4e36bf80fbca1927c571a30744d2eac8/screenshot - {}
RESULT: {}
COMMAND: POST /session/4e36bf80fbca1927c571a30744d2eac8/element - {"using":"xpath","value":"(//button[contains(@id ,\"actionsToolbar-overflowButton\")])[1]"}
RESULT: {"using":"xpath","value":"(//button[contains(@id ,\"actionsToolbar-overflowButton\")])[1]"}
COMMAND: POST /session/4e36bf80fbca1927c571a30744d2eac8/element/f.F4B8E6AEE0F35DB2CB5FDCA58BEB4CC0.d.25FDED097B21F18C59938811AEE490E0.e.2540/click - {}
RESULT: {}
COMMAND: GET /session/4e36bf80fbca1927c571a30744d2eac8/screenshot - {}
RESULT: {}
COMMAND: POST /session/4e36bf80fbca1927c571a30744d2eac8/element - {"using":"xpath","value":"//button[@data-kt=\"priceInfoButton\"]"}
RESULT: {"using":"xpath","value":"//button[@data-kt=\"priceInfoButton\"]"}
COMMAND: POST /session/4e36bf80fbca1927c571a30744d2eac8/element/f.F4B8E6AEE0F35DB2CB5FDCA58BEB4CC0.d.25FDED097B21F18C59938811AEE490E0.e.2542/click - {}
RESULT: {}
COMMAND: GET /session/4e36bf80fbca1927c571a30744d2eac8/screenshot - {}
RESULT: {}
]]></system-out>
    </testcase>
    <testcase classname="chrome.136_0_7103_49.windows.Billing_Transfer_-_Master_data_&amp;_Intercompany_US127250" name="Should create new pricing rule TB on the equipment TB" time="70.551">
      <system-out><![CDATA[
COMMAND: POST /session/4e36bf80fbca1927c571a30744d2eac8/element - {"using":"xpath","value":"//button[@data-kt=\"addButton\"]"}
RESULT: {"using":"xpath","value":"//button[@data-kt=\"addButton\"]"}
COMMAND: POST /session/4e36bf80fbca1927c571a30744d2eac8/elements - {"using":"xpath","value":"//button[@data-kt=\"addButton\"]"}
RESULT: {"using":"xpath","value":"//button[@data-kt=\"addButton\"]"}
COMMAND: POST /session/4e36bf80fbca1927c571a30744d2eac8/elements - {"using":"xpath","value":"//button[@data-kt=\"addButton\"]"}
RESULT: {"using":"xpath","value":"//button[@data-kt=\"addButton\"]"}
COMMAND: POST /session/4e36bf80fbca1927c571a30744d2eac8/elements - {"using":"xpath","value":"//button[@data-kt=\"addButton\"]"}
RESULT: {"using":"xpath","value":"//button[@data-kt=\"addButton\"]"}
COMMAND: POST /session/4e36bf80fbca1927c571a30744d2eac8/elements - {"using":"xpath","value":"//button[@data-kt=\"addButton\"]"}
RESULT: {"using":"xpath","value":"//button[@data-kt=\"addButton\"]"}
COMMAND: POST /session/4e36bf80fbca1927c571a30744d2eac8/element - {"using":"xpath","value":"//button[@data-kt=\"addButton\"]"}
RESULT: {"using":"xpath","value":"//button[@data-kt=\"addButton\"]"}
COMMAND: POST /session/4e36bf80fbca1927c571a30744d2eac8/execute/sync - {"script":"<script> [8489 bytes]","args":[{"element-6066-11e4-a52e-4f735466cecf":"f.F4B8E6AEE0F35DB2CB5FDCA58BEB4CC0.d.25FDED097B21F18C59938811AEE490E0.e.2579","ELEMENT":"f.F4B8E6AEE0F35DB2CB5FDCA58BEB4CC0.d.25FDED097B21F18C59938811AEE490E0.e.2579"}]}
RESULT: {"script":"<script> [8489 bytes]","args":[{"element-6066-11e4-a52e-4f735466cecf":"f.F4B8E6AEE0F35DB2CB5FDCA58BEB4CC0.d.25FDED097B21F18C59938811AEE490E0.e.2579","ELEMENT":"f.F4B8E6AEE0F35DB2CB5FDCA58BEB4CC0.d.25FDED097B21F18C59938811AEE490E0.e.2579"}]}
COMMAND: GET /session/4e36bf80fbca1927c571a30744d2eac8/element/f.F4B8E6AEE0F35DB2CB5FDCA58BEB4CC0.d.25FDED097B21F18C59938811AEE490E0.e.2579/enabled - {}
COMMAND: GET /session/4e36bf80fbca1927c571a30744d2eac8/screenshot - {}
RESULT: {}
COMMAND: POST /session/4e36bf80fbca1927c571a30744d2eac8/execute/sync - {"script":"<script> [8489 bytes]","args":[{"element-6066-11e4-a52e-4f735466cecf":"f.F4B8E6AEE0F35DB2CB5FDCA58BEB4CC0.d.25FDED097B21F18C59938811AEE490E0.e.2579","ELEMENT":"f.F4B8E6AEE0F35DB2CB5FDCA58BEB4CC0.d.25FDED097B21F18C59938811AEE490E0.e.2579"}]}
COMMAND: GET /session/4e36bf80fbca1927c571a30744d2eac8/screenshot - {}
RESULT: {}
RESULT: {"script":"<script> [8489 bytes]","args":[{"element-6066-11e4-a52e-4f735466cecf":"f.F4B8E6AEE0F35DB2CB5FDCA58BEB4CC0.d.25FDED097B21F18C59938811AEE490E0.e.2579","ELEMENT":"f.F4B8E6AEE0F35DB2CB5FDCA58BEB4CC0.d.25FDED097B21F18C59938811AEE490E0.e.2579"}]}
COMMAND: POST /session/4e36bf80fbca1927c571a30744d2eac8/execute/sync - {"script":"<script> [5351 bytes]","args":[{"element-6066-11e4-a52e-4f735466cecf":"f.F4B8E6AEE0F35DB2CB5FDCA58BEB4CC0.d.25FDED097B21F18C59938811AEE490E0.e.2579","ELEMENT":"f.F4B8E6AEE0F35DB2CB5FDCA58BEB4CC0.d.25FDED097B21F18C59938811AEE490E0.e.2579"}]}
RESULT: {}
RESULT: {"script":"<script> [5351 bytes]","args":[{"element-6066-11e4-a52e-4f735466cecf":"f.F4B8E6AEE0F35DB2CB5FDCA58BEB4CC0.d.25FDED097B21F18C59938811AEE490E0.e.2579","ELEMENT":"f.F4B8E6AEE0F35DB2CB5FDCA58BEB4CC0.d.25FDED097B21F18C59938811AEE490E0.e.2579"}]}
COMMAND: POST /session/4e36bf80fbca1927c571a30744d2eac8/element/f.F4B8E6AEE0F35DB2CB5FDCA58BEB4CC0.d.25FDED097B21F18C59938811AEE490E0.e.2579/click - {}
COMMAND: GET /session/4e36bf80fbca1927c571a30744d2eac8/screenshot - {}
COMMAND: GET /session/4e36bf80fbca1927c571a30744d2eac8/screenshot - {}
RESULT: {}
COMMAND: GET /session/4e36bf80fbca1927c571a30744d2eac8/screenshot - {}
RESULT: {}
RESULT: {}
RESULT: {}
COMMAND: POST /session/4e36bf80fbca1927c571a30744d2eac8/execute/async - {"script":"<script> [1562 bytes]","args":[{"selector":{"controlType":"sap.m.Title","viewName":"etm.portal.ui.managepricingrules.view.NewItem","viewId":"application-managepricingrules-display-component---newInfoPriceItem","properties":{"text":"New Pricing Rules - Item Level"}},"wdio_ui5_key":"etmportal.ui.managepricingrules.view.NewItemsap.m.Title{\"text\":\"New Pricing Rules - Item Level\"}"}]}
RESULT: {"script":"<script> [1562 bytes]","args":[{"selector":{"controlType":"sap.m.Title","viewName":"etm.portal.ui.managepricingrules.view.NewItem","viewId":"application-managepricingrules-display-component---newInfoPriceItem","properties":{"text":"New Pricing Rules - Item Level"}},"wdio_ui5_key":"etmportal.ui.managepricingrules.view.NewItemsap.m.Title{\"text\":\"New Pricing Rules - Item Level\"}"}]}
RESULT: undefined
COMMAND: POST /session/4e36bf80fbca1927c571a30744d2eac8/execute/async - {"script":"<script> [6424 bytes]","args":[{"element-6066-11e4-a52e-4f735466cecf":"f.F4B8E6AEE0F35DB2CB5FDCA58BEB4CC0.d.25FDED097B21F18C59938811AEE490E0.e.2750"},"getText",[]]}
RESULT: {"script":"<script> [6424 bytes]","args":[{"element-6066-11e4-a52e-4f735466cecf":"f.F4B8E6AEE0F35DB2CB5FDCA58BEB4CC0.d.25FDED097B21F18C59938811AEE490E0.e.2750"},"getText",[]]}
COMMAND: POST /session/4e36bf80fbca1927c571a30744d2eac8/execute/async - {"script":"<script> [1562 bytes]","args":[{"selector":{"id":"application-managepricingrules-display-component---newInfoPriceItem--condValidTo","interaction":{"idSuffix":"inner"}},"wdio_ui5_key":"applicationmanagepricingrules-display-component---newInfoPriceItem--condValidTo"}]}
RESULT: {"script":"<script> [1562 bytes]","args":[{"selector":{"id":"application-managepricingrules-display-component---newInfoPriceItem--condValidTo","interaction":{"idSuffix":"inner"}},"wdio_ui5_key":"applicationmanagepricingrules-display-component---newInfoPriceItem--condValidTo"}]}
RESULT: undefined
COMMAND: POST /session/4e36bf80fbca1927c571a30744d2eac8/execute/async - {"script":"<script> [776 bytes]","args":[{"enterText":"01/13/26","selector":{"id":"application-managepricingrules-display-component---newInfoPriceItem--condValidTo","interaction":{"idSuffix":"inner"}},"clearTextFirst":true,"interactionType":"ENTER_TEXT"}]}
RESULT: {"script":"<script> [776 bytes]","args":[{"enterText":"01/13/26","selector":{"id":"application-managepricingrules-display-component---newInfoPriceItem--condValidTo","interaction":{"idSuffix":"inner"}},"clearTextFirst":true,"interactionType":"ENTER_TEXT"}]}
COMMAND: POST /session/4e36bf80fbca1927c571a30744d2eac8/execute/async - {"script":"<script> [1562 bytes]","args":[{"selector":{"id":"application-managepricingrules-display-component---newInfoPriceItem--billType-arrow"},"wdio_ui5_key":"applicationmanagepricingrules-display-component---newInfoPriceItem--billType-arrow"}]}
RESULT: {"script":"<script> [1562 bytes]","args":[{"selector":{"id":"application-managepricingrules-display-component---newInfoPriceItem--billType-arrow"},"wdio_ui5_key":"applicationmanagepricingrules-display-component---newInfoPriceItem--billType-arrow"}]}
RESULT: undefined
COMMAND: POST /session/4e36bf80fbca1927c571a30744d2eac8/element - {"using":"xpath","value":"//*[@id=\"application-managepricingrules-display-component---newInfoPriceItem--billType-arrow\"]"}
RESULT: {"using":"xpath","value":"//*[@id=\"application-managepricingrules-display-component---newInfoPriceItem--billType-arrow\"]"}
COMMAND: POST /session/4e36bf80fbca1927c571a30744d2eac8/element/f.F4B8E6AEE0F35DB2CB5FDCA58BEB4CC0.d.25FDED097B21F18C59938811AEE490E0.e.2710/click - {}
RESULT: {}
COMMAND: POST /session/4e36bf80fbca1927c571a30744d2eac8/element - {"using":"xpath","value":"//span[contains(text(), \"TB - Time based\")]"}
COMMAND: GET /session/4e36bf80fbca1927c571a30744d2eac8/screenshot - {}
RESULT: {"using":"xpath","value":"//span[contains(text(), \"TB - Time based\")]"}
COMMAND: POST /session/4e36bf80fbca1927c571a30744d2eac8/element/f.F4B8E6AEE0F35DB2CB5FDCA58BEB4CC0.d.25FDED097B21F18C59938811AEE490E0.e.2752/click - {}
RESULT: {}
RESULT: {}
COMMAND: POST /session/4e36bf80fbca1927c571a30744d2eac8/execute/async - {"script":"<script> [1562 bytes]","args":[{"selector":{"id":"application-managepricingrules-display-component---newInfoPriceItem--priceProc-arrow"},"wdio_ui5_key":"applicationmanagepricingrules-display-component---newInfoPriceItem--priceProc-arrow"}]}
COMMAND: GET /session/4e36bf80fbca1927c571a30744d2eac8/screenshot - {}
RESULT: {"script":"<script> [1562 bytes]","args":[{"selector":{"id":"application-managepricingrules-display-component---newInfoPriceItem--priceProc-arrow"},"wdio_ui5_key":"applicationmanagepricingrules-display-component---newInfoPriceItem--priceProc-arrow"}]}
RESULT: undefined
COMMAND: POST /session/4e36bf80fbca1927c571a30744d2eac8/element - {"using":"xpath","value":"//*[@id=\"application-managepricingrules-display-component---newInfoPriceItem--priceProc-arrow\"]"}
RESULT: {}
RESULT: {"using":"xpath","value":"//*[@id=\"application-managepricingrules-display-component---newInfoPriceItem--priceProc-arrow\"]"}
COMMAND: POST /session/4e36bf80fbca1927c571a30744d2eac8/element/f.F4B8E6AEE0F35DB2CB5FDCA58BEB4CC0.d.25FDED097B21F18C59938811AEE490E0.e.2717/click - {}
RESULT: {}
COMMAND: POST /session/4e36bf80fbca1927c571a30744d2eac8/element - {"using":"xpath","value":"//span[contains(text(), \"TBS - Time based standard\")]"}
COMMAND: GET /session/4e36bf80fbca1927c571a30744d2eac8/screenshot - {}
RESULT: {"using":"xpath","value":"//span[contains(text(), \"TBS - Time based standard\")]"}
COMMAND: POST /session/4e36bf80fbca1927c571a30744d2eac8/element/f.F4B8E6AEE0F35DB2CB5FDCA58BEB4CC0.d.25FDED097B21F18C59938811AEE490E0.e.2753/click - {}
RESULT: {}
RESULT: {}
COMMAND: POST /session/4e36bf80fbca1927c571a30744d2eac8/execute/async - {"script":"<script> [1562 bytes]","args":[{"selector":{"id":"application-managepricingrules-display-component---newInfoPriceItem--calcBase-arrow"},"wdio_ui5_key":"applicationmanagepricingrules-display-component---newInfoPriceItem--calcBase-arrow"}]}
COMMAND: GET /session/4e36bf80fbca1927c571a30744d2eac8/screenshot - {}
RESULT: {"script":"<script> [1562 bytes]","args":[{"selector":{"id":"application-managepricingrules-display-component---newInfoPriceItem--calcBase-arrow"},"wdio_ui5_key":"applicationmanagepricingrules-display-component---newInfoPriceItem--calcBase-arrow"}]}
RESULT: undefined
COMMAND: POST /session/4e36bf80fbca1927c571a30744d2eac8/element - {"using":"xpath","value":"//*[@id=\"application-managepricingrules-display-component---newInfoPriceItem--calcBase-arrow\"]"}
RESULT: {}
RESULT: {"using":"xpath","value":"//*[@id=\"application-managepricingrules-display-component---newInfoPriceItem--calcBase-arrow\"]"}
COMMAND: POST /session/4e36bf80fbca1927c571a30744d2eac8/element/f.F4B8E6AEE0F35DB2CB5FDCA58BEB4CC0.d.25FDED097B21F18C59938811AEE490E0.e.2724/click - {}
RESULT: {}
COMMAND: GET /session/4e36bf80fbca1927c571a30744d2eac8/screenshot - {}
RESULT: {}
COMMAND: POST /session/4e36bf80fbca1927c571a30744d2eac8/element - {"using":"xpath","value":"//span[contains(text(), \"0006 - TB(calendar days)\")]"}
RESULT: {"using":"xpath","value":"//span[contains(text(), \"0006 - TB(calendar days)\")]"}
COMMAND: POST /session/4e36bf80fbca1927c571a30744d2eac8/element/f.F4B8E6AEE0F35DB2CB5FDCA58BEB4CC0.d.25FDED097B21F18C59938811AEE490E0.e.2754/click - {}
RESULT: {}
COMMAND: GET /session/4e36bf80fbca1927c571a30744d2eac8/screenshot - {}
RESULT: {}
COMMAND: POST /session/4e36bf80fbca1927c571a30744d2eac8/execute/async - {"script":"<script> [1562 bytes]","args":[{"selector":{"id":"application-managepricingrules-display-component---newInfoPriceItem--daysMonth","interaction":{"idSuffix":"inner"}},"wdio_ui5_key":"applicationmanagepricingrules-display-component---newInfoPriceItem--daysMonth"}]}
RESULT: {"script":"<script> [1562 bytes]","args":[{"selector":{"id":"application-managepricingrules-display-component---newInfoPriceItem--daysMonth","interaction":{"idSuffix":"inner"}},"wdio_ui5_key":"applicationmanagepricingrules-display-component---newInfoPriceItem--daysMonth"}]}
RESULT: undefined
COMMAND: POST /session/4e36bf80fbca1927c571a30744d2eac8/execute/async - {"script":"<script> [776 bytes]","args":[{"enterText":"30","selector":{"id":"application-managepricingrules-display-component---newInfoPriceItem--daysMonth","interaction":{"idSuffix":"inner"}},"clearTextFirst":true,"interactionType":"ENTER_TEXT"}]}
RESULT: {"script":"<script> [776 bytes]","args":[{"enterText":"30","selector":{"id":"application-managepricingrules-display-component---newInfoPriceItem--daysMonth","interaction":{"idSuffix":"inner"}},"clearTextFirst":true,"interactionType":"ENTER_TEXT"}]}
COMMAND: POST /session/4e36bf80fbca1927c571a30744d2eac8/element - {"using":"xpath","value":"//button[@data-kt=\"saveNewRuleButton\"]"}
RESULT: {"using":"xpath","value":"//button[@data-kt=\"saveNewRuleButton\"]"}
COMMAND: POST /session/4e36bf80fbca1927c571a30744d2eac8/element/f.F4B8E6AEE0F35DB2CB5FDCA58BEB4CC0.d.25FDED097B21F18C59938811AEE490E0.e.2744/click - {}
RESULT: {}
COMMAND: GET /session/4e36bf80fbca1927c571a30744d2eac8/screenshot - {}
RESULT: {}
COMMAND: POST /session/4e36bf80fbca1927c571a30744d2eac8/execute/async - {"script":"<script> [1562 bytes]","args":[{"selector":{"id":"application-managepricingrules-display-component---priceInfoItem--smartFilterBar-btnBasicSearch","interaction":{"idSuffix":"I"}},"wdio_ui5_key":"applicationmanagepricingrules-display-component---priceInfoItem--smartFilterBar-btnBasicSearch"}]}
RESULT: {"script":"<script> [1562 bytes]","args":[{"selector":{"id":"application-managepricingrules-display-component---priceInfoItem--smartFilterBar-btnBasicSearch","interaction":{"idSuffix":"I"}},"wdio_ui5_key":"applicationmanagepricingrules-display-component---priceInfoItem--smartFilterBar-btnBasicSearch"}]}
RESULT: undefined
COMMAND: POST /session/4e36bf80fbca1927c571a30744d2eac8/execute/async - {"script":"<script> [776 bytes]","args":[{"enterText":"WA1KV1AToO","selector":{"id":"application-managepricingrules-display-component---priceInfoItem--smartFilterBar-btnBasicSearch","interaction":{"idSuffix":"I"}},"clearTextFirst":true,"interactionType":"ENTER_TEXT"}]}
RESULT: {"script":"<script> [776 bytes]","args":[{"enterText":"WA1KV1AToO","selector":{"id":"application-managepricingrules-display-component---priceInfoItem--smartFilterBar-btnBasicSearch","interaction":{"idSuffix":"I"}},"clearTextFirst":true,"interactionType":"ENTER_TEXT"}]}
COMMAND: POST /session/4e36bf80fbca1927c571a30744d2eac8/actions - {"actions":[{"id":"action12","type":"key","parameters":{},"actions":[{"type":"keyDown","value":"î€‡"},{"type":"pause","duration":10},{"type":"keyUp","value":"î€‡"}]}]}
RESULT: {"actions":[{"id":"action12","type":"key","parameters":{},"actions":[{"type":"keyDown","value":"î€‡"},{"type":"pause","duration":10},{"type":"keyUp","value":"î€‡"}]}]}
COMMAND: GET /session/4e36bf80fbca1927c571a30744d2eac8/screenshot - {}
RESULT: {}
COMMAND: POST /session/4e36bf80fbca1927c571a30744d2eac8/element - {"using":"xpath","value":"//span[@id=\"application-managepricingrules-display-component---priceInfoItem--smartTable-header-inner\"]"}
RESULT: {"using":"xpath","value":"//span[@id=\"application-managepricingrules-display-component---priceInfoItem--smartTable-header-inner\"]"}
COMMAND: POST /session/4e36bf80fbca1927c571a30744d2eac8/elements - {"using":"xpath","value":"//span[@id=\"application-managepricingrules-display-component---priceInfoItem--smartTable-header-inner\"]"}
RESULT: {"using":"xpath","value":"//span[@id=\"application-managepricingrules-display-component---priceInfoItem--smartTable-header-inner\"]"}
COMMAND: POST /session/4e36bf80fbca1927c571a30744d2eac8/execute/sync - {"script":"<script> [56 bytes]","args":[{"element-6066-11e4-a52e-4f735466cecf":"f.F4B8E6AEE0F35DB2CB5FDCA58BEB4CC0.d.25FDED097B21F18C59938811AEE490E0.e.2779","ELEMENT":"f.F4B8E6AEE0F35DB2CB5FDCA58BEB4CC0.d.25FDED097B21F18C59938811AEE490E0.e.2779"}]}
RESULT: {"script":"<script> [56 bytes]","args":[{"element-6066-11e4-a52e-4f735466cecf":"f.F4B8E6AEE0F35DB2CB5FDCA58BEB4CC0.d.25FDED097B21F18C59938811AEE490E0.e.2779","ELEMENT":"f.F4B8E6AEE0F35DB2CB5FDCA58BEB4CC0.d.25FDED097B21F18C59938811AEE490E0.e.2779"}]}
COMMAND: POST /session/4e36bf80fbca1927c571a30744d2eac8/element - {"using":"css selector","value":"#shell-header-logo"}
COMMAND: GET /session/4e36bf80fbca1927c571a30744d2eac8/screenshot - {}
RESULT: {"using":"css selector","value":"#shell-header-logo"}
COMMAND: POST /session/4e36bf80fbca1927c571a30744d2eac8/element/f.F4B8E6AEE0F35DB2CB5FDCA58BEB4CC0.d.25FDED097B21F18C59938811AEE490E0.e.2087/click - {}
RESULT: {}
RESULT: {}
COMMAND: GET /session/4e36bf80fbca1927c571a30744d2eac8/screenshot - {}
RESULT: {}
]]></system-out>
    </testcase>
    <testcase classname="chrome.136_0_7103_49.windows.Billing_Transfer_-_Master_data_&amp;_Intercompany_US127250" name="Should create new condition for equipment TB" time="71.673">
      <system-out><![CDATA[
COMMAND: POST /session/4e36bf80fbca1927c571a30744d2eac8/execute/async - {"script":"<script> [1562 bytes]","args":[{"selector":{"controlType":"sap.m.Text","properties":{"text":"Manage Conditions & Prices"},"interaction":{"idSuffix":"inner"}},"wdio_ui5_key":"sapm.Text{\"text\":\"Manage Conditions & Prices\"}"}]}
RESULT: {"script":"<script> [1562 bytes]","args":[{"selector":{"controlType":"sap.m.Text","properties":{"text":"Manage Conditions & Prices"},"interaction":{"idSuffix":"inner"}},"wdio_ui5_key":"sapm.Text{\"text\":\"Manage Conditions & Prices\"}"}]}
RESULT: undefined
COMMAND: POST /session/4e36bf80fbca1927c571a30744d2eac8/element - {"using":"xpath","value":"//*[@id=\"__tile53-title\"]"}
RESULT: {"using":"xpath","value":"//*[@id=\"__tile53-title\"]"}
COMMAND: POST /session/4e36bf80fbca1927c571a30744d2eac8/element/f.F4B8E6AEE0F35DB2CB5FDCA58BEB4CC0.d.25FDED097B21F18C59938811AEE490E0.e.2782/click - {}
RESULT: {}
COMMAND: POST /session/4e36bf80fbca1927c571a30744d2eac8/element - {"using":"xpath","value":"//button[@aria-label=\"Create\"]"}
COMMAND: GET /session/4e36bf80fbca1927c571a30744d2eac8/screenshot - {}
RESULT: {"using":"xpath","value":"//button[@aria-label=\"Create\"]"}
COMMAND: POST /session/4e36bf80fbca1927c571a30744d2eac8/elements - {"using":"xpath","value":"//button[@aria-label=\"Create\"]"}
RESULT: {}
RESULT: {"using":"xpath","value":"//button[@aria-label=\"Create\"]"}
COMMAND: POST /session/4e36bf80fbca1927c571a30744d2eac8/elements - {"using":"xpath","value":"//button[@aria-label=\"Create\"]"}
RESULT: {"using":"xpath","value":"//button[@aria-label=\"Create\"]"}
COMMAND: POST /session/4e36bf80fbca1927c571a30744d2eac8/elements - {"using":"xpath","value":"//button[@aria-label=\"Create\"]"}
RESULT: {"using":"xpath","value":"//button[@aria-label=\"Create\"]"}
COMMAND: POST /session/4e36bf80fbca1927c571a30744d2eac8/elements - {"using":"xpath","value":"//button[@aria-label=\"Create\"]"}
RESULT: {"using":"xpath","value":"//button[@aria-label=\"Create\"]"}
COMMAND: POST /session/4e36bf80fbca1927c571a30744d2eac8/element - {"using":"xpath","value":"//button[@aria-label=\"Create\"]"}
RESULT: {"using":"xpath","value":"//button[@aria-label=\"Create\"]"}
COMMAND: POST /session/4e36bf80fbca1927c571a30744d2eac8/execute/sync - {"script":"<script> [8489 bytes]","args":[{"element-6066-11e4-a52e-4f735466cecf":"f.F4B8E6AEE0F35DB2CB5FDCA58BEB4CC0.d.25FDED097B21F18C59938811AEE490E0.e.2817","ELEMENT":"f.F4B8E6AEE0F35DB2CB5FDCA58BEB4CC0.d.25FDED097B21F18C59938811AEE490E0.e.2817"}]}
RESULT: {"script":"<script> [8489 bytes]","args":[{"element-6066-11e4-a52e-4f735466cecf":"f.F4B8E6AEE0F35DB2CB5FDCA58BEB4CC0.d.25FDED097B21F18C59938811AEE490E0.e.2817","ELEMENT":"f.F4B8E6AEE0F35DB2CB5FDCA58BEB4CC0.d.25FDED097B21F18C59938811AEE490E0.e.2817"}]}
COMMAND: GET /session/4e36bf80fbca1927c571a30744d2eac8/element/f.F4B8E6AEE0F35DB2CB5FDCA58BEB4CC0.d.25FDED097B21F18C59938811AEE490E0.e.2817/enabled - {}
COMMAND: GET /session/4e36bf80fbca1927c571a30744d2eac8/screenshot - {}
RESULT: {}
RESULT: {}
COMMAND: POST /session/4e36bf80fbca1927c571a30744d2eac8/execute/sync - {"script":"<script> [8489 bytes]","args":[{"element-6066-11e4-a52e-4f735466cecf":"f.F4B8E6AEE0F35DB2CB5FDCA58BEB4CC0.d.25FDED097B21F18C59938811AEE490E0.e.2817","ELEMENT":"f.F4B8E6AEE0F35DB2CB5FDCA58BEB4CC0.d.25FDED097B21F18C59938811AEE490E0.e.2817"}]}
COMMAND: GET /session/4e36bf80fbca1927c571a30744d2eac8/screenshot - {}
RESULT: {"script":"<script> [8489 bytes]","args":[{"element-6066-11e4-a52e-4f735466cecf":"f.F4B8E6AEE0F35DB2CB5FDCA58BEB4CC0.d.25FDED097B21F18C59938811AEE490E0.e.2817","ELEMENT":"f.F4B8E6AEE0F35DB2CB5FDCA58BEB4CC0.d.25FDED097B21F18C59938811AEE490E0.e.2817"}]}
COMMAND: POST /session/4e36bf80fbca1927c571a30744d2eac8/execute/sync - {"script":"<script> [5351 bytes]","args":[{"element-6066-11e4-a52e-4f735466cecf":"f.F4B8E6AEE0F35DB2CB5FDCA58BEB4CC0.d.25FDED097B21F18C59938811AEE490E0.e.2817","ELEMENT":"f.F4B8E6AEE0F35DB2CB5FDCA58BEB4CC0.d.25FDED097B21F18C59938811AEE490E0.e.2817"}]}
COMMAND: GET /session/4e36bf80fbca1927c571a30744d2eac8/screenshot - {}
RESULT: {}
RESULT: {"script":"<script> [5351 bytes]","args":[{"element-6066-11e4-a52e-4f735466cecf":"f.F4B8E6AEE0F35DB2CB5FDCA58BEB4CC0.d.25FDED097B21F18C59938811AEE490E0.e.2817","ELEMENT":"f.F4B8E6AEE0F35DB2CB5FDCA58BEB4CC0.d.25FDED097B21F18C59938811AEE490E0.e.2817"}]}
COMMAND: POST /session/4e36bf80fbca1927c571a30744d2eac8/element/f.F4B8E6AEE0F35DB2CB5FDCA58BEB4CC0.d.25FDED097B21F18C59938811AEE490E0.e.2817/click - {}
COMMAND: GET /session/4e36bf80fbca1927c571a30744d2eac8/screenshot - {}
RESULT: {}
RESULT: {}
COMMAND: GET /session/4e36bf80fbca1927c571a30744d2eac8/screenshot - {}
RESULT: {}
RESULT: {}
COMMAND: POST /session/4e36bf80fbca1927c571a30744d2eac8/actions - {"actions":[{"id":"action13","type":"key","parameters":{},"actions":[{"type":"keyDown","value":"î€‡"},{"type":"pause","duration":10},{"type":"keyUp","value":"î€‡"}]}]}
RESULT: {"actions":[{"id":"action13","type":"key","parameters":{},"actions":[{"type":"keyDown","value":"î€‡"},{"type":"pause","duration":10},{"type":"keyUp","value":"î€‡"}]}]}
COMMAND: GET /session/4e36bf80fbca1927c571a30744d2eac8/screenshot - {}
RESULT: {}
COMMAND: POST /session/4e36bf80fbca1927c571a30744d2eac8/execute/async - {"script":"<script> [1562 bytes]","args":[{"selector":{"id":"application-manageconditionprice-display-component---newCondition--condBillCond-arrow"},"wdio_ui5_key":"applicationmanageconditionprice-display-component---newCondition--condBillCond-arrow"}]}
RESULT: {"script":"<script> [1562 bytes]","args":[{"selector":{"id":"application-manageconditionprice-display-component---newCondition--condBillCond-arrow"},"wdio_ui5_key":"applicationmanageconditionprice-display-component---newCondition--condBillCond-arrow"}]}
RESULT: undefined
COMMAND: POST /session/4e36bf80fbca1927c571a30744d2eac8/element - {"using":"xpath","value":"//*[@id=\"application-manageconditionprice-display-component---newCondition--condBillCond-arrow\"]"}
RESULT: {"using":"xpath","value":"//*[@id=\"application-manageconditionprice-display-component---newCondition--condBillCond-arrow\"]"}
COMMAND: POST /session/4e36bf80fbca1927c571a30744d2eac8/element/f.F4B8E6AEE0F35DB2CB5FDCA58BEB4CC0.d.25FDED097B21F18C59938811AEE490E0.e.2991/click - {}
RESULT: {}
COMMAND: GET /session/4e36bf80fbca1927c571a30744d2eac8/screenshot - {}
RESULT: {}
COMMAND: POST /session/4e36bf80fbca1927c571a30744d2eac8/element - {"using":"xpath","value":"//li[.//span[contains(text(), \"DISP - D&I special price\")]]"}
RESULT: {"using":"xpath","value":"//li[.//span[contains(text(), \"DISP - D&I special price\")]]"}
COMMAND: POST /session/4e36bf80fbca1927c571a30744d2eac8/element/f.F4B8E6AEE0F35DB2CB5FDCA58BEB4CC0.d.25FDED097B21F18C59938811AEE490E0.e.2995/click - {}
RESULT: {}
COMMAND: GET /session/4e36bf80fbca1927c571a30744d2eac8/screenshot - {}
RESULT: {}
COMMAND: POST /session/4e36bf80fbca1927c571a30744d2eac8/execute/async - {"script":"<script> [1562 bytes]","args":[{"selector":{"id":"application-manageconditionprice-display-component---newCondition--condValidTo","interaction":{"idSuffix":"inner"}},"wdio_ui5_key":"applicationmanageconditionprice-display-component---newCondition--condValidTo"}]}
RESULT: {"script":"<script> [1562 bytes]","args":[{"selector":{"id":"application-manageconditionprice-display-component---newCondition--condValidTo","interaction":{"idSuffix":"inner"}},"wdio_ui5_key":"applicationmanageconditionprice-display-component---newCondition--condValidTo"}]}
RESULT: undefined
COMMAND: POST /session/4e36bf80fbca1927c571a30744d2eac8/execute/async - {"script":"<script> [776 bytes]","args":[{"enterText":"01/13/26","selector":{"id":"application-manageconditionprice-display-component---newCondition--condValidTo","interaction":{"idSuffix":"inner"}},"clearTextFirst":true,"interactionType":"ENTER_TEXT"}]}
RESULT: {"script":"<script> [776 bytes]","args":[{"enterText":"01/13/26","selector":{"id":"application-manageconditionprice-display-component---newCondition--condValidTo","interaction":{"idSuffix":"inner"}},"clearTextFirst":true,"interactionType":"ENTER_TEXT"}]}
COMMAND: POST /session/4e36bf80fbca1927c571a30744d2eac8/element - {"using":"xpath","value":"//input[@id=\"application-manageconditionprice-display-component---newCondition--condRU-inner\"]"}
RESULT: {"using":"xpath","value":"//input[@id=\"application-manageconditionprice-display-component---newCondition--condRU-inner\"]"}
COMMAND: POST /session/4e36bf80fbca1927c571a30744d2eac8/element/f.F4B8E6AEE0F35DB2CB5FDCA58BEB4CC0.d.25FDED097B21F18C59938811AEE490E0.e.2861/clear - {}
RESULT: {}
COMMAND: POST /session/4e36bf80fbca1927c571a30744d2eac8/element/f.F4B8E6AEE0F35DB2CB5FDCA58BEB4CC0.d.25FDED097B21F18C59938811AEE490E0.e.2861/value - {"text":"WA1KV1AToO"}
COMMAND: GET /session/4e36bf80fbca1927c571a30744d2eac8/screenshot - {}
RESULT: {"text":"WA1KV1AToO"}
COMMAND: GET /session/4e36bf80fbca1927c571a30744d2eac8/screenshot - {}
RESULT: {}
RESULT: {}
COMMAND: POST /session/4e36bf80fbca1927c571a30744d2eac8/actions - {"actions":[{"id":"action14","type":"key","parameters":{},"actions":[{"type":"keyDown","value":"î€‡"},{"type":"pause","duration":10},{"type":"keyUp","value":"î€‡"}]}]}
RESULT: {"actions":[{"id":"action14","type":"key","parameters":{},"actions":[{"type":"keyDown","value":"î€‡"},{"type":"pause","duration":10},{"type":"keyUp","value":"î€‡"}]}]}
COMMAND: POST /session/4e36bf80fbca1927c571a30744d2eac8/execute/async - {"script":"<script> [1562 bytes]","args":[{"selector":{"id":"application-manageconditionprice-display-component---newCondition--condBaseQty","interaction":{"idSuffix":"inner"}},"wdio_ui5_key":"applicationmanageconditionprice-display-component---newCondition--condBaseQty"}]}
COMMAND: GET /session/4e36bf80fbca1927c571a30744d2eac8/screenshot - {}
RESULT: {"script":"<script> [1562 bytes]","args":[{"selector":{"id":"application-manageconditionprice-display-component---newCondition--condBaseQty","interaction":{"idSuffix":"inner"}},"wdio_ui5_key":"applicationmanageconditionprice-display-component---newCondition--condBaseQty"}]}
RESULT: undefined
COMMAND: POST /session/4e36bf80fbca1927c571a30744d2eac8/execute/async - {"script":"<script> [776 bytes]","args":[{"enterText":"1","selector":{"id":"application-manageconditionprice-display-component---newCondition--condBaseQty","interaction":{"idSuffix":"inner"}},"clearTextFirst":true,"interactionType":"ENTER_TEXT"}]}
RESULT: {}
RESULT: {"script":"<script> [776 bytes]","args":[{"enterText":"1","selector":{"id":"application-manageconditionprice-display-component---newCondition--condBaseQty","interaction":{"idSuffix":"inner"}},"clearTextFirst":true,"interactionType":"ENTER_TEXT"}]}
COMMAND: POST /session/4e36bf80fbca1927c571a30744d2eac8/execute/async - {"script":"<script> [1562 bytes]","args":[{"selector":{"id":"application-manageconditionprice-display-component---newCondition--condValue","interaction":{"idSuffix":"inner"}},"wdio_ui5_key":"applicationmanageconditionprice-display-component---newCondition--condValue"}]}
RESULT: {"script":"<script> [1562 bytes]","args":[{"selector":{"id":"application-manageconditionprice-display-component---newCondition--condValue","interaction":{"idSuffix":"inner"}},"wdio_ui5_key":"applicationmanageconditionprice-display-component---newCondition--condValue"}]}
RESULT: undefined
COMMAND: POST /session/4e36bf80fbca1927c571a30744d2eac8/execute/async - {"script":"<script> [776 bytes]","args":[{"enterText":"100","selector":{"id":"application-manageconditionprice-display-component---newCondition--condValue","interaction":{"idSuffix":"inner"}},"clearTextFirst":true,"interactionType":"ENTER_TEXT"}]}
RESULT: {"script":"<script> [776 bytes]","args":[{"enterText":"100","selector":{"id":"application-manageconditionprice-display-component---newCondition--condValue","interaction":{"idSuffix":"inner"}},"clearTextFirst":true,"interactionType":"ENTER_TEXT"}]}
COMMAND: POST /session/4e36bf80fbca1927c571a30744d2eac8/execute/async - {"script":"<script> [1562 bytes]","args":[{"selector":{"id":"application-manageconditionprice-display-component---newCondition--condCurr-arrow"},"wdio_ui5_key":"applicationmanageconditionprice-display-component---newCondition--condCurr-arrow"}]}
RESULT: {"script":"<script> [1562 bytes]","args":[{"selector":{"id":"application-manageconditionprice-display-component---newCondition--condCurr-arrow"},"wdio_ui5_key":"applicationmanageconditionprice-display-component---newCondition--condCurr-arrow"}]}
RESULT: undefined
COMMAND: POST /session/4e36bf80fbca1927c571a30744d2eac8/element - {"using":"xpath","value":"//*[@id=\"application-manageconditionprice-display-component---newCondition--condCurr-arrow\"]"}
RESULT: {"using":"xpath","value":"//*[@id=\"application-manageconditionprice-display-component---newCondition--condCurr-arrow\"]"}
COMMAND: POST /session/4e36bf80fbca1927c571a30744d2eac8/element/f.F4B8E6AEE0F35DB2CB5FDCA58BEB4CC0.d.25FDED097B21F18C59938811AEE490E0.e.2959/click - {}
RESULT: {}
COMMAND: POST /session/4e36bf80fbca1927c571a30744d2eac8/element - {"using":"xpath","value":"//span[contains(text(), \"Euro\")]"}
COMMAND: GET /session/4e36bf80fbca1927c571a30744d2eac8/screenshot - {}
RESULT: {"using":"xpath","value":"//span[contains(text(), \"Euro\")]"}
COMMAND: POST /session/4e36bf80fbca1927c571a30744d2eac8/element/f.F4B8E6AEE0F35DB2CB5FDCA58BEB4CC0.d.25FDED097B21F18C59938811AEE490E0.e.3032/click - {}
RESULT: {}
RESULT: {}
COMMAND: POST /session/4e36bf80fbca1927c571a30744d2eac8/element - {"using":"xpath","value":"//button[@data-kt=\"saveButton\"]"}
COMMAND: GET /session/4e36bf80fbca1927c571a30744d2eac8/screenshot - {}
RESULT: {"using":"xpath","value":"//button[@data-kt=\"saveButton\"]"}
COMMAND: POST /session/4e36bf80fbca1927c571a30744d2eac8/element/f.F4B8E6AEE0F35DB2CB5FDCA58BEB4CC0.d.25FDED097B21F18C59938811AEE490E0.e.2960/click - {}
RESULT: {}
RESULT: {}
COMMAND: GET /session/4e36bf80fbca1927c571a30744d2eac8/screenshot - {}
RESULT: {}
COMMAND: POST /session/4e36bf80fbca1927c571a30744d2eac8/execute/async - {"script":"<script> [1562 bytes]","args":[{"selector":{"id":"application-manageconditionprice-display-component---conditions--smartFilterBar-btnBasicSearch","interaction":{"idSuffix":"I"}},"wdio_ui5_key":"applicationmanageconditionprice-display-component---conditions--smartFilterBar-btnBasicSearch"}]}
RESULT: {"script":"<script> [1562 bytes]","args":[{"selector":{"id":"application-manageconditionprice-display-component---conditions--smartFilterBar-btnBasicSearch","interaction":{"idSuffix":"I"}},"wdio_ui5_key":"applicationmanageconditionprice-display-component---conditions--smartFilterBar-btnBasicSearch"}]}
RESULT: undefined
COMMAND: POST /session/4e36bf80fbca1927c571a30744d2eac8/execute/async - {"script":"<script> [776 bytes]","args":[{"enterText":"WA1KV1AToO","selector":{"id":"application-manageconditionprice-display-component---conditions--smartFilterBar-btnBasicSearch","interaction":{"idSuffix":"I"}},"clearTextFirst":true,"interactionType":"ENTER_TEXT"}]}
RESULT: {"script":"<script> [776 bytes]","args":[{"enterText":"WA1KV1AToO","selector":{"id":"application-manageconditionprice-display-component---conditions--smartFilterBar-btnBasicSearch","interaction":{"idSuffix":"I"}},"clearTextFirst":true,"interactionType":"ENTER_TEXT"}]}
COMMAND: POST /session/4e36bf80fbca1927c571a30744d2eac8/actions - {"actions":[{"id":"action15","type":"key","parameters":{},"actions":[{"type":"keyDown","value":"î€‡"},{"type":"pause","duration":10},{"type":"keyUp","value":"î€‡"}]}]}
RESULT: {"actions":[{"id":"action15","type":"key","parameters":{},"actions":[{"type":"keyDown","value":"î€‡"},{"type":"pause","duration":10},{"type":"keyUp","value":"î€‡"}]}]}
COMMAND: GET /session/4e36bf80fbca1927c571a30744d2eac8/screenshot - {}
RESULT: {}
COMMAND: POST /session/4e36bf80fbca1927c571a30744d2eac8/execute/async - {"script":"<script> [1562 bytes]","args":[{"selector":{"id":"application-manageconditionprice-display-component---conditions--smartFilterBar-filterItemControl_BASIC-BILL_TYPES-vhi"},"wdio_ui5_key":"applicationmanageconditionprice-display-component---conditions--smartFilterBar-filterItemControl_BASIC-BILL_TYPES-vhi"}]}
RESULT: {"script":"<script> [1562 bytes]","args":[{"selector":{"id":"application-manageconditionprice-display-component---conditions--smartFilterBar-filterItemControl_BASIC-BILL_TYPES-vhi"},"wdio_ui5_key":"applicationmanageconditionprice-display-component---conditions--smartFilterBar-filterItemControl_BASIC-BILL_TYPES-vhi"}]}
RESULT: undefined
COMMAND: POST /session/4e36bf80fbca1927c571a30744d2eac8/element - {"using":"xpath","value":"//*[@id=\"application-manageconditionprice-display-component---conditions--smartFilterBar-filterItemControl_BASIC-BILL_TYPES-vhi\"]"}
RESULT: {"using":"xpath","value":"//*[@id=\"application-manageconditionprice-display-component---conditions--smartFilterBar-filterItemControl_BASIC-BILL_TYPES-vhi\"]"}
COMMAND: POST /session/4e36bf80fbca1927c571a30744d2eac8/element/f.F4B8E6AEE0F35DB2CB5FDCA58BEB4CC0.d.25FDED097B21F18C59938811AEE490E0.e.3138/click - {}
RESULT: {}
COMMAND: POST /session/4e36bf80fbca1927c571a30744d2eac8/execute/async - {"script":"<script> [1562 bytes]","args":[{"selector":{"id":"application-manageconditionprice-display-component---conditions--smartFilterBar-filterItemControl_BASIC-BILL_TYPES-valueHelpDialog-smartFilterBar-btnBasicSearch","searchOpenDialogs":true,"interaction":{"idSuffix":"I"}},"wdio_ui5_key":"applicationmanageconditionprice-display-component---conditions--smartFilterBar-filterItemControl_BASIC-BILL_TYPES-valueHelpDialog-smartFilterBar-btnBasicSearch"}]}
COMMAND: GET /session/4e36bf80fbca1927c571a30744d2eac8/screenshot - {}
RESULT: {"script":"<script> [1562 bytes]","args":[{"selector":{"id":"application-manageconditionprice-display-component---conditions--smartFilterBar-filterItemControl_BASIC-BILL_TYPES-valueHelpDialog-smartFilterBar-btnBasicSearch","searchOpenDialogs":true,"interaction":{"idSuffix":"I"}},"wdio_ui5_key":"applicationmanageconditionprice-display-component---conditions--smartFilterBar-filterItemControl_BASIC-BILL_TYPES-valueHelpDialog-smartFilterBar-btnBasicSearch"}]}
RESULT: undefined
COMMAND: POST /session/4e36bf80fbca1927c571a30744d2eac8/execute/async - {"script":"<script> [776 bytes]","args":[{"enterText":"TB","selector":{"id":"application-manageconditionprice-display-component---conditions--smartFilterBar-filterItemControl_BASIC-BILL_TYPES-valueHelpDialog-smartFilterBar-btnBasicSearch","searchOpenDialogs":true,"interaction":{"idSuffix":"I"}},"clearTextFirst":true,"interactionType":"ENTER_TEXT"}]}
RESULT: {}
RESULT: {"script":"<script> [776 bytes]","args":[{"enterText":"TB","selector":{"id":"application-manageconditionprice-display-component---conditions--smartFilterBar-filterItemControl_BASIC-BILL_TYPES-valueHelpDialog-smartFilterBar-btnBasicSearch","searchOpenDialogs":true,"interaction":{"idSuffix":"I"}},"clearTextFirst":true,"interactionType":"ENTER_TEXT"}]}
COMMAND: POST /session/4e36bf80fbca1927c571a30744d2eac8/actions - {"actions":[{"id":"action16","type":"key","parameters":{},"actions":[{"type":"keyDown","value":"î€‡"},{"type":"pause","duration":10},{"type":"keyUp","value":"î€‡"}]}]}
RESULT: {"actions":[{"id":"action16","type":"key","parameters":{},"actions":[{"type":"keyDown","value":"î€‡"},{"type":"pause","duration":10},{"type":"keyUp","value":"î€‡"}]}]}
COMMAND: GET /session/4e36bf80fbca1927c571a30744d2eac8/screenshot - {}
RESULT: {}
COMMAND: POST /session/4e36bf80fbca1927c571a30744d2eac8/element - {"using":"xpath","value":"//div[contains(@id, 'application-manageconditionprice-display-component---conditions--smartFilterBar-filterItemControl_BASIC-BILL_TYPES-valueHelpDialog-table-rowsel0')]"}
RESULT: {"using":"xpath","value":"//div[contains(@id, 'application-manageconditionprice-display-component---conditions--smartFilterBar-filterItemControl_BASIC-BILL_TYPES-valueHelpDialog-table-rowsel0')]"}
COMMAND: POST /session/4e36bf80fbca1927c571a30744d2eac8/element/f.F4B8E6AEE0F35DB2CB5FDCA58BEB4CC0.d.25FDED097B21F18C59938811AEE490E0.e.3148/click - {}
RESULT: {}
COMMAND: GET /session/4e36bf80fbca1927c571a30744d2eac8/screenshot - {}
RESULT: {}
COMMAND: POST /session/4e36bf80fbca1927c571a30744d2eac8/element - {"using":"xpath","value":"//bdi[contains(text(), \"OK\")]"}
RESULT: {"using":"xpath","value":"//bdi[contains(text(), \"OK\")]"}
COMMAND: POST /session/4e36bf80fbca1927c571a30744d2eac8/element/f.F4B8E6AEE0F35DB2CB5FDCA58BEB4CC0.d.25FDED097B21F18C59938811AEE490E0.e.3150/click - {}
RESULT: {}
COMMAND: GET /session/4e36bf80fbca1927c571a30744d2eac8/screenshot - {}
RESULT: {}
COMMAND: POST /session/4e36bf80fbca1927c571a30744d2eac8/element - {"using":"xpath","value":"//span[@id=\"application-manageconditionprice-display-component---conditions--smartTable-header-inner\"]"}
RESULT: {"using":"xpath","value":"//span[@id=\"application-manageconditionprice-display-component---conditions--smartTable-header-inner\"]"}
COMMAND: POST /session/4e36bf80fbca1927c571a30744d2eac8/elements - {"using":"xpath","value":"//span[@id=\"application-manageconditionprice-display-component---conditions--smartTable-header-inner\"]"}
RESULT: {"using":"xpath","value":"//span[@id=\"application-manageconditionprice-display-component---conditions--smartTable-header-inner\"]"}
COMMAND: POST /session/4e36bf80fbca1927c571a30744d2eac8/execute/sync - {"script":"<script> [56 bytes]","args":[{"element-6066-11e4-a52e-4f735466cecf":"f.F4B8E6AEE0F35DB2CB5FDCA58BEB4CC0.d.25FDED097B21F18C59938811AEE490E0.e.3153","ELEMENT":"f.F4B8E6AEE0F35DB2CB5FDCA58BEB4CC0.d.25FDED097B21F18C59938811AEE490E0.e.3153"}]}
RESULT: {"script":"<script> [56 bytes]","args":[{"element-6066-11e4-a52e-4f735466cecf":"f.F4B8E6AEE0F35DB2CB5FDCA58BEB4CC0.d.25FDED097B21F18C59938811AEE490E0.e.3153","ELEMENT":"f.F4B8E6AEE0F35DB2CB5FDCA58BEB4CC0.d.25FDED097B21F18C59938811AEE490E0.e.3153"}]}
COMMAND: POST /session/4e36bf80fbca1927c571a30744d2eac8/element - {"using":"css selector","value":"#shell-header-logo"}
COMMAND: GET /session/4e36bf80fbca1927c571a30744d2eac8/screenshot - {}
RESULT: {"using":"css selector","value":"#shell-header-logo"}
COMMAND: POST /session/4e36bf80fbca1927c571a30744d2eac8/element/f.F4B8E6AEE0F35DB2CB5FDCA58BEB4CC0.d.25FDED097B21F18C59938811AEE490E0.e.2785/click - {}
RESULT: {}
RESULT: {}
COMMAND: GET /session/4e36bf80fbca1927c571a30744d2eac8/screenshot - {}
RESULT: {}
]]></system-out>
    </testcase>
  </testsuite>
  <testsuite timestamp="2025-05-13T07:14:36" time="1004.058" tests="12" failures="6" errors="6" skipped="0">
    <properties>
      <property name="specId" value="0" />
      <property name="suiteName" value="Billing Transfer - Intracompany US127249" />
      <property name="capabilities" value="chrome.136_0_7103_49.windows" />
      <property name="file" value="file:///D:/a/1/s/test/specs/BTS/billing-transfer-intracompany.spec.js" />
    </properties>
    <testcase classname="chrome.136_0_7103_49.windows.Billing_Transfer_-_Intracompany_US127249" name="Should create a new yard" time="117.08">
      <system-out><![CDATA[
COMMAND: POST /session/4e36bf80fbca1927c571a30744d2eac8/window/fullscreen - {}
RESULT: {}
COMMAND: POST /session/4e36bf80fbca1927c571a30744d2eac8/execute/async - {"script":"<script> [1562 bytes]","args":[{"selector":{"controlType":"sap.m.GenericTile","properties":{"header":"Manage Yards"}},"wdio_ui5_key":"sapm.GenericTile{\"header\":\"Manage Yards\"}"}]}
RESULT: {"script":"<script> [1562 bytes]","args":[{"selector":{"controlType":"sap.m.GenericTile","properties":{"header":"Manage Yards"}},"wdio_ui5_key":"sapm.GenericTile{\"header\":\"Manage Yards\"}"}]}
RESULT: undefined
COMMAND: POST /session/4e36bf80fbca1927c571a30744d2eac8/element - {"using":"xpath","value":"//*[@id=\"__tile41\"]"}
RESULT: {"using":"xpath","value":"//*[@id=\"__tile41\"]"}
COMMAND: POST /session/4e36bf80fbca1927c571a30744d2eac8/element/f.F4B8E6AEE0F35DB2CB5FDCA58BEB4CC0.d.CD92FD7AC6B4BDAA4F685E159195A99D.e.3922/click - {}
RESULT: {}
COMMAND: POST /session/4e36bf80fbca1927c571a30744d2eac8/element - {"using":"xpath","value":"//button[@data-kt=\"addNewYardOverflowToolbarButton\"]"}
COMMAND: GET /session/4e36bf80fbca1927c571a30744d2eac8/screenshot - {}
RESULT: {"using":"xpath","value":"//button[@data-kt=\"addNewYardOverflowToolbarButton\"]"}
COMMAND: POST /session/4e36bf80fbca1927c571a30744d2eac8/elements - {"using":"xpath","value":"//button[@data-kt=\"addNewYardOverflowToolbarButton\"]"}
RESULT: {}
RESULT: {"using":"xpath","value":"//button[@data-kt=\"addNewYardOverflowToolbarButton\"]"}
COMMAND: POST /session/4e36bf80fbca1927c571a30744d2eac8/elements - {"using":"xpath","value":"//button[@data-kt=\"addNewYardOverflowToolbarButton\"]"}
RESULT: {"using":"xpath","value":"//button[@data-kt=\"addNewYardOverflowToolbarButton\"]"}
COMMAND: POST /session/4e36bf80fbca1927c571a30744d2eac8/elements - {"using":"xpath","value":"//button[@data-kt=\"addNewYardOverflowToolbarButton\"]"}
RESULT: {"using":"xpath","value":"//button[@data-kt=\"addNewYardOverflowToolbarButton\"]"}
COMMAND: POST /session/4e36bf80fbca1927c571a30744d2eac8/elements - {"using":"xpath","value":"//button[@data-kt=\"addNewYardOverflowToolbarButton\"]"}
RESULT: {"using":"xpath","value":"//button[@data-kt=\"addNewYardOverflowToolbarButton\"]"}
COMMAND: POST /session/4e36bf80fbca1927c571a30744d2eac8/elements - {"using":"xpath","value":"//button[@data-kt=\"addNewYardOverflowToolbarButton\"]"}
RESULT: {"using":"xpath","value":"//button[@data-kt=\"addNewYardOverflowToolbarButton\"]"}
COMMAND: POST /session/4e36bf80fbca1927c571a30744d2eac8/elements - {"using":"xpath","value":"//button[@data-kt=\"addNewYardOverflowToolbarButton\"]"}
RESULT: {"using":"xpath","value":"//button[@data-kt=\"addNewYardOverflowToolbarButton\"]"}
COMMAND: POST /session/4e36bf80fbca1927c571a30744d2eac8/elements - {"using":"xpath","value":"//button[@data-kt=\"addNewYardOverflowToolbarButton\"]"}
RESULT: {"using":"xpath","value":"//button[@data-kt=\"addNewYardOverflowToolbarButton\"]"}
COMMAND: POST /session/4e36bf80fbca1927c571a30744d2eac8/elements - {"using":"xpath","value":"//button[@data-kt=\"addNewYardOverflowToolbarButton\"]"}
RESULT: {"using":"xpath","value":"//button[@data-kt=\"addNewYardOverflowToolbarButton\"]"}
COMMAND: POST /session/4e36bf80fbca1927c571a30744d2eac8/elements - {"using":"xpath","value":"//button[@data-kt=\"addNewYardOverflowToolbarButton\"]"}
RESULT: {"using":"xpath","value":"//button[@data-kt=\"addNewYardOverflowToolbarButton\"]"}
COMMAND: POST /session/4e36bf80fbca1927c571a30744d2eac8/elements - {"using":"xpath","value":"//button[@data-kt=\"addNewYardOverflowToolbarButton\"]"}
RESULT: {"using":"xpath","value":"//button[@data-kt=\"addNewYardOverflowToolbarButton\"]"}
COMMAND: POST /session/4e36bf80fbca1927c571a30744d2eac8/elements - {"using":"xpath","value":"//button[@data-kt=\"addNewYardOverflowToolbarButton\"]"}
RESULT: {"using":"xpath","value":"//button[@data-kt=\"addNewYardOverflowToolbarButton\"]"}
COMMAND: POST /session/4e36bf80fbca1927c571a30744d2eac8/elements - {"using":"xpath","value":"//button[@data-kt=\"addNewYardOverflowToolbarButton\"]"}
RESULT: {"using":"xpath","value":"//button[@data-kt=\"addNewYardOverflowToolbarButton\"]"}
COMMAND: POST /session/4e36bf80fbca1927c571a30744d2eac8/elements - {"using":"xpath","value":"//button[@data-kt=\"addNewYardOverflowToolbarButton\"]"}
RESULT: {"using":"xpath","value":"//button[@data-kt=\"addNewYardOverflowToolbarButton\"]"}
COMMAND: POST /session/4e36bf80fbca1927c571a30744d2eac8/elements - {"using":"xpath","value":"//button[@data-kt=\"addNewYardOverflowToolbarButton\"]"}
RESULT: {"using":"xpath","value":"//button[@data-kt=\"addNewYardOverflowToolbarButton\"]"}
COMMAND: POST /session/4e36bf80fbca1927c571a30744d2eac8/elements - {"using":"xpath","value":"//button[@data-kt=\"addNewYardOverflowToolbarButton\"]"}
RESULT: {"using":"xpath","value":"//button[@data-kt=\"addNewYardOverflowToolbarButton\"]"}
COMMAND: POST /session/4e36bf80fbca1927c571a30744d2eac8/elements - {"using":"xpath","value":"//button[@data-kt=\"addNewYardOverflowToolbarButton\"]"}
RESULT: {"using":"xpath","value":"//button[@data-kt=\"addNewYardOverflowToolbarButton\"]"}
COMMAND: POST /session/4e36bf80fbca1927c571a30744d2eac8/elements - {"using":"xpath","value":"//button[@data-kt=\"addNewYardOverflowToolbarButton\"]"}
RESULT: {"using":"xpath","value":"//button[@data-kt=\"addNewYardOverflowToolbarButton\"]"}
COMMAND: POST /session/4e36bf80fbca1927c571a30744d2eac8/elements - {"using":"xpath","value":"//button[@data-kt=\"addNewYardOverflowToolbarButton\"]"}
RESULT: {"using":"xpath","value":"//button[@data-kt=\"addNewYardOverflowToolbarButton\"]"}
COMMAND: POST /session/4e36bf80fbca1927c571a30744d2eac8/elements - {"using":"xpath","value":"//button[@data-kt=\"addNewYardOverflowToolbarButton\"]"}
RESULT: {"using":"xpath","value":"//button[@data-kt=\"addNewYardOverflowToolbarButton\"]"}
COMMAND: POST /session/4e36bf80fbca1927c571a30744d2eac8/elements - {"using":"xpath","value":"//button[@data-kt=\"addNewYardOverflowToolbarButton\"]"}
RESULT: {"using":"xpath","value":"//button[@data-kt=\"addNewYardOverflowToolbarButton\"]"}
COMMAND: POST /session/4e36bf80fbca1927c571a30744d2eac8/elements - {"using":"xpath","value":"//button[@data-kt=\"addNewYardOverflowToolbarButton\"]"}
RESULT: {"using":"xpath","value":"//button[@data-kt=\"addNewYardOverflowToolbarButton\"]"}
COMMAND: POST /session/4e36bf80fbca1927c571a30744d2eac8/elements - {"using":"xpath","value":"//button[@data-kt=\"addNewYardOverflowToolbarButton\"]"}
RESULT: {"using":"xpath","value":"//button[@data-kt=\"addNewYardOverflowToolbarButton\"]"}
COMMAND: POST /session/4e36bf80fbca1927c571a30744d2eac8/elements - {"using":"xpath","value":"//button[@data-kt=\"addNewYardOverflowToolbarButton\"]"}
RESULT: {"using":"xpath","value":"//button[@data-kt=\"addNewYardOverflowToolbarButton\"]"}
COMMAND: POST /session/4e36bf80fbca1927c571a30744d2eac8/elements - {"using":"xpath","value":"//button[@data-kt=\"addNewYardOverflowToolbarButton\"]"}
RESULT: {"using":"xpath","value":"//button[@data-kt=\"addNewYardOverflowToolbarButton\"]"}
COMMAND: POST /session/4e36bf80fbca1927c571a30744d2eac8/elements - {"using":"xpath","value":"//button[@data-kt=\"addNewYardOverflowToolbarButton\"]"}
RESULT: {"using":"xpath","value":"//button[@data-kt=\"addNewYardOverflowToolbarButton\"]"}
COMMAND: POST /session/4e36bf80fbca1927c571a30744d2eac8/elements - {"using":"xpath","value":"//button[@data-kt=\"addNewYardOverflowToolbarButton\"]"}
RESULT: {"using":"xpath","value":"//button[@data-kt=\"addNewYardOverflowToolbarButton\"]"}
COMMAND: POST /session/4e36bf80fbca1927c571a30744d2eac8/elements - {"using":"xpath","value":"//button[@data-kt=\"addNewYardOverflowToolbarButton\"]"}
RESULT: {"using":"xpath","value":"//button[@data-kt=\"addNewYardOverflowToolbarButton\"]"}
COMMAND: POST /session/4e36bf80fbca1927c571a30744d2eac8/elements - {"using":"xpath","value":"//button[@data-kt=\"addNewYardOverflowToolbarButton\"]"}
RESULT: {"using":"xpath","value":"//button[@data-kt=\"addNewYardOverflowToolbarButton\"]"}
COMMAND: POST /session/4e36bf80fbca1927c571a30744d2eac8/elements - {"using":"xpath","value":"//button[@data-kt=\"addNewYardOverflowToolbarButton\"]"}
RESULT: {"using":"xpath","value":"//button[@data-kt=\"addNewYardOverflowToolbarButton\"]"}
COMMAND: POST /session/4e36bf80fbca1927c571a30744d2eac8/elements - {"using":"xpath","value":"//button[@data-kt=\"addNewYardOverflowToolbarButton\"]"}
RESULT: {"using":"xpath","value":"//button[@data-kt=\"addNewYardOverflowToolbarButton\"]"}
COMMAND: POST /session/4e36bf80fbca1927c571a30744d2eac8/elements - {"using":"xpath","value":"//button[@data-kt=\"addNewYardOverflowToolbarButton\"]"}
RESULT: {"using":"xpath","value":"//button[@data-kt=\"addNewYardOverflowToolbarButton\"]"}
COMMAND: POST /session/4e36bf80fbca1927c571a30744d2eac8/elements - {"using":"xpath","value":"//button[@data-kt=\"addNewYardOverflowToolbarButton\"]"}
RESULT: {"using":"xpath","value":"//button[@data-kt=\"addNewYardOverflowToolbarButton\"]"}
COMMAND: POST /session/4e36bf80fbca1927c571a30744d2eac8/elements - {"using":"xpath","value":"//button[@data-kt=\"addNewYardOverflowToolbarButton\"]"}
RESULT: {"using":"xpath","value":"//button[@data-kt=\"addNewYardOverflowToolbarButton\"]"}
COMMAND: POST /session/4e36bf80fbca1927c571a30744d2eac8/elements - {"using":"xpath","value":"//button[@data-kt=\"addNewYardOverflowToolbarButton\"]"}
RESULT: {"using":"xpath","value":"//button[@data-kt=\"addNewYardOverflowToolbarButton\"]"}
COMMAND: POST /session/4e36bf80fbca1927c571a30744d2eac8/elements - {"using":"xpath","value":"//button[@data-kt=\"addNewYardOverflowToolbarButton\"]"}
RESULT: {"using":"xpath","value":"//button[@data-kt=\"addNewYardOverflowToolbarButton\"]"}
COMMAND: POST /session/4e36bf80fbca1927c571a30744d2eac8/elements - {"using":"xpath","value":"//button[@data-kt=\"addNewYardOverflowToolbarButton\"]"}
RESULT: {"using":"xpath","value":"//button[@data-kt=\"addNewYardOverflowToolbarButton\"]"}
COMMAND: POST /session/4e36bf80fbca1927c571a30744d2eac8/elements - {"using":"xpath","value":"//button[@data-kt=\"addNewYardOverflowToolbarButton\"]"}
RESULT: {"using":"xpath","value":"//button[@data-kt=\"addNewYardOverflowToolbarButton\"]"}
COMMAND: POST /session/4e36bf80fbca1927c571a30744d2eac8/elements - {"using":"xpath","value":"//button[@data-kt=\"addNewYardOverflowToolbarButton\"]"}
RESULT: {"using":"xpath","value":"//button[@data-kt=\"addNewYardOverflowToolbarButton\"]"}
COMMAND: POST /session/4e36bf80fbca1927c571a30744d2eac8/elements - {"using":"xpath","value":"//button[@data-kt=\"addNewYardOverflowToolbarButton\"]"}
RESULT: {"using":"xpath","value":"//button[@data-kt=\"addNewYardOverflowToolbarButton\"]"}
COMMAND: POST /session/4e36bf80fbca1927c571a30744d2eac8/elements - {"using":"xpath","value":"//button[@data-kt=\"addNewYardOverflowToolbarButton\"]"}
RESULT: {"using":"xpath","value":"//button[@data-kt=\"addNewYardOverflowToolbarButton\"]"}
COMMAND: POST /session/4e36bf80fbca1927c571a30744d2eac8/element - {"using":"xpath","value":"//button[@data-kt=\"addNewYardOverflowToolbarButton\"]"}
RESULT: {"using":"xpath","value":"//button[@data-kt=\"addNewYardOverflowToolbarButton\"]"}
COMMAND: POST /session/4e36bf80fbca1927c571a30744d2eac8/execute/sync - {"script":"<script> [8489 bytes]","args":[{"element-6066-11e4-a52e-4f735466cecf":"f.F4B8E6AEE0F35DB2CB5FDCA58BEB4CC0.d.CD92FD7AC6B4BDAA4F685E159195A99D.e.4057","ELEMENT":"f.F4B8E6AEE0F35DB2CB5FDCA58BEB4CC0.d.CD92FD7AC6B4BDAA4F685E159195A99D.e.4057"}]}
RESULT: {"script":"<script> [8489 bytes]","args":[{"element-6066-11e4-a52e-4f735466cecf":"f.F4B8E6AEE0F35DB2CB5FDCA58BEB4CC0.d.CD92FD7AC6B4BDAA4F685E159195A99D.e.4057","ELEMENT":"f.F4B8E6AEE0F35DB2CB5FDCA58BEB4CC0.d.CD92FD7AC6B4BDAA4F685E159195A99D.e.4057"}]}
COMMAND: GET /session/4e36bf80fbca1927c571a30744d2eac8/element/f.F4B8E6AEE0F35DB2CB5FDCA58BEB4CC0.d.CD92FD7AC6B4BDAA4F685E159195A99D.e.4057/enabled - {}
COMMAND: GET /session/4e36bf80fbca1927c571a30744d2eac8/screenshot - {}
RESULT: {}
COMMAND: POST /session/4e36bf80fbca1927c571a30744d2eac8/execute/sync - {"script":"<script> [8489 bytes]","args":[{"element-6066-11e4-a52e-4f735466cecf":"f.F4B8E6AEE0F35DB2CB5FDCA58BEB4CC0.d.CD92FD7AC6B4BDAA4F685E159195A99D.e.4057","ELEMENT":"f.F4B8E6AEE0F35DB2CB5FDCA58BEB4CC0.d.CD92FD7AC6B4BDAA4F685E159195A99D.e.4057"}]}
COMMAND: GET /session/4e36bf80fbca1927c571a30744d2eac8/screenshot - {}
RESULT: {}
RESULT: {"script":"<script> [8489 bytes]","args":[{"element-6066-11e4-a52e-4f735466cecf":"f.F4B8E6AEE0F35DB2CB5FDCA58BEB4CC0.d.CD92FD7AC6B4BDAA4F685E159195A99D.e.4057","ELEMENT":"f.F4B8E6AEE0F35DB2CB5FDCA58BEB4CC0.d.CD92FD7AC6B4BDAA4F685E159195A99D.e.4057"}]}
COMMAND: POST /session/4e36bf80fbca1927c571a30744d2eac8/execute/sync - {"script":"<script> [5351 bytes]","args":[{"element-6066-11e4-a52e-4f735466cecf":"f.F4B8E6AEE0F35DB2CB5FDCA58BEB4CC0.d.CD92FD7AC6B4BDAA4F685E159195A99D.e.4057","ELEMENT":"f.F4B8E6AEE0F35DB2CB5FDCA58BEB4CC0.d.CD92FD7AC6B4BDAA4F685E159195A99D.e.4057"}]}
COMMAND: GET /session/4e36bf80fbca1927c571a30744d2eac8/screenshot - {}
RESULT: {}
RESULT: {"script":"<script> [5351 bytes]","args":[{"element-6066-11e4-a52e-4f735466cecf":"f.F4B8E6AEE0F35DB2CB5FDCA58BEB4CC0.d.CD92FD7AC6B4BDAA4F685E159195A99D.e.4057","ELEMENT":"f.F4B8E6AEE0F35DB2CB5FDCA58BEB4CC0.d.CD92FD7AC6B4BDAA4F685E159195A99D.e.4057"}]}
COMMAND: POST /session/4e36bf80fbca1927c571a30744d2eac8/element/f.F4B8E6AEE0F35DB2CB5FDCA58BEB4CC0.d.CD92FD7AC6B4BDAA4F685E159195A99D.e.4057/click - {}
COMMAND: GET /session/4e36bf80fbca1927c571a30744d2eac8/screenshot - {}
RESULT: {}
RESULT: {}
COMMAND: GET /session/4e36bf80fbca1927c571a30744d2eac8/screenshot - {}
RESULT: {}
RESULT: {}
COMMAND: POST /session/4e36bf80fbca1927c571a30744d2eac8/element - {"using":"xpath","value":"//input[@id=\"application-manageyards-display-component---NewYard--yardId-inner\"]"}
RESULT: {"using":"xpath","value":"//input[@id=\"application-manageyards-display-component---NewYard--yardId-inner\"]"}
COMMAND: POST /session/4e36bf80fbca1927c571a30744d2eac8/element - {"using":"xpath","value":"//input[@id=\"application-manageyards-display-component---NewYard--yardId-inner\"]"}
RESULT: {"using":"xpath","value":"//input[@id=\"application-manageyards-display-component---NewYard--yardId-inner\"]"}
COMMAND: POST /session/4e36bf80fbca1927c571a30744d2eac8/execute/async - {"script":"<script> [1562 bytes]","args":[{"selector":{"id":"application-manageyards-display-component---NewYard--addressDetailDetailsName1","interaction":{"idSuffix":"inner"}},"wdio_ui5_key":"applicationmanageyards-display-component---NewYard--addressDetailDetailsName1"}]}
RESULT: {"script":"<script> [1562 bytes]","args":[{"selector":{"id":"application-manageyards-display-component---NewYard--addressDetailDetailsName1","interaction":{"idSuffix":"inner"}},"wdio_ui5_key":"applicationmanageyards-display-component---NewYard--addressDetailDetailsName1"}]}
RESULT: undefined
COMMAND: POST /session/4e36bf80fbca1927c571a30744d2eac8/execute/async - {"script":"<script> [776 bytes]","args":[{"enterText":"Intracompany Yard wdIO","selector":{"id":"application-manageyards-display-component---NewYard--addressDetailDetailsName1","interaction":{"idSuffix":"inner"}},"clearTextFirst":true,"interactionType":"ENTER_TEXT"}]}
RESULT: {"script":"<script> [776 bytes]","args":[{"enterText":"Intracompany Yard wdIO","selector":{"id":"application-manageyards-display-component---NewYard--addressDetailDetailsName1","interaction":{"idSuffix":"inner"}},"clearTextFirst":true,"interactionType":"ENTER_TEXT"}]}
COMMAND: POST /session/4e36bf80fbca1927c571a30744d2eac8/execute/async - {"script":"<script> [1562 bytes]","args":[{"selector":{"id":"application-manageyards-display-component---NewYard--addressDetailDetailsLanguage-arrow"},"wdio_ui5_key":"applicationmanageyards-display-component---NewYard--addressDetailDetailsLanguage-arrow"}]}
RESULT: {"script":"<script> [1562 bytes]","args":[{"selector":{"id":"application-manageyards-display-component---NewYard--addressDetailDetailsLanguage-arrow"},"wdio_ui5_key":"applicationmanageyards-display-component---NewYard--addressDetailDetailsLanguage-arrow"}]}
RESULT: undefined
COMMAND: POST /session/4e36bf80fbca1927c571a30744d2eac8/element - {"using":"xpath","value":"//*[@id=\"application-manageyards-display-component---NewYard--addressDetailDetailsLanguage-arrow\"]"}
RESULT: {"using":"xpath","value":"//*[@id=\"application-manageyards-display-component---NewYard--addressDetailDetailsLanguage-arrow\"]"}
COMMAND: POST /session/4e36bf80fbca1927c571a30744d2eac8/element/f.F4B8E6AEE0F35DB2CB5FDCA58BEB4CC0.d.CD92FD7AC6B4BDAA4F685E159195A99D.e.4465/click - {}
RESULT: {}
COMMAND: POST /session/4e36bf80fbca1927c571a30744d2eac8/element - {"using":"xpath","value":"//span[contains(text(), \"English\")]"}
COMMAND: GET /session/4e36bf80fbca1927c571a30744d2eac8/screenshot - {}
RESULT: {"using":"xpath","value":"//span[contains(text(), \"English\")]"}
COMMAND: POST /session/4e36bf80fbca1927c571a30744d2eac8/element/f.F4B8E6AEE0F35DB2CB5FDCA58BEB4CC0.d.CD92FD7AC6B4BDAA4F685E159195A99D.e.4466/click - {}
RESULT: {}
RESULT: {}
COMMAND: POST /session/4e36bf80fbca1927c571a30744d2eac8/execute/async - {"script":"<script> [1562 bytes]","args":[{"selector":{"id":"application-manageyards-display-component---NewYard--addressDetailDetailsCity1","interaction":{"idSuffix":"inner"}},"wdio_ui5_key":"applicationmanageyards-display-component---NewYard--addressDetailDetailsCity1"}]}
COMMAND: GET /session/4e36bf80fbca1927c571a30744d2eac8/screenshot - {}
RESULT: {"script":"<script> [1562 bytes]","args":[{"selector":{"id":"application-manageyards-display-component---NewYard--addressDetailDetailsCity1","interaction":{"idSuffix":"inner"}},"wdio_ui5_key":"applicationmanageyards-display-component---NewYard--addressDetailDetailsCity1"}]}
RESULT: undefined
COMMAND: POST /session/4e36bf80fbca1927c571a30744d2eac8/execute/async - {"script":"<script> [776 bytes]","args":[{"enterText":"Rosario","selector":{"id":"application-manageyards-display-component---NewYard--addressDetailDetailsCity1","interaction":{"idSuffix":"inner"}},"clearTextFirst":true,"interactionType":"ENTER_TEXT"}]}
RESULT: {}
RESULT: {"script":"<script> [776 bytes]","args":[{"enterText":"Rosario","selector":{"id":"application-manageyards-display-component---NewYard--addressDetailDetailsCity1","interaction":{"idSuffix":"inner"}},"clearTextFirst":true,"interactionType":"ENTER_TEXT"}]}
COMMAND: POST /session/4e36bf80fbca1927c571a30744d2eac8/execute/async - {"script":"<script> [1562 bytes]","args":[{"selector":{"id":"application-manageyards-display-component---NewYard--addressDetailDetailsCountry-arrow"},"wdio_ui5_key":"applicationmanageyards-display-component---NewYard--addressDetailDetailsCountry-arrow"}]}
RESULT: {"script":"<script> [1562 bytes]","args":[{"selector":{"id":"application-manageyards-display-component---NewYard--addressDetailDetailsCountry-arrow"},"wdio_ui5_key":"applicationmanageyards-display-component---NewYard--addressDetailDetailsCountry-arrow"}]}
RESULT: undefined
COMMAND: POST /session/4e36bf80fbca1927c571a30744d2eac8/element - {"using":"xpath","value":"//*[@id=\"application-manageyards-display-component---NewYard--addressDetailDetailsCountry-arrow\"]"}
RESULT: {"using":"xpath","value":"//*[@id=\"application-manageyards-display-component---NewYard--addressDetailDetailsCountry-arrow\"]"}
COMMAND: POST /session/4e36bf80fbca1927c571a30744d2eac8/element/f.F4B8E6AEE0F35DB2CB5FDCA58BEB4CC0.d.CD92FD7AC6B4BDAA4F685E159195A99D.e.4468/click - {}
RESULT: {}
COMMAND: POST /session/4e36bf80fbca1927c571a30744d2eac8/element - {"using":"xpath","value":"//span[contains(text(), \"Argentina\")]"}
COMMAND: GET /session/4e36bf80fbca1927c571a30744d2eac8/screenshot - {}
RESULT: {"using":"xpath","value":"//span[contains(text(), \"Argentina\")]"}
COMMAND: POST /session/4e36bf80fbca1927c571a30744d2eac8/element/f.F4B8E6AEE0F35DB2CB5FDCA58BEB4CC0.d.CD92FD7AC6B4BDAA4F685E159195A99D.e.4469/click - {}
RESULT: {}
RESULT: {}
COMMAND: POST /session/4e36bf80fbca1927c571a30744d2eac8/execute/async - {"script":"<script> [1562 bytes]","args":[{"selector":{"id":"application-manageyards-display-component---NewYard--addressEditDetailsCostObjectCstType-arrow"},"wdio_ui5_key":"applicationmanageyards-display-component---NewYard--addressEditDetailsCostObjectCstType-arrow"}]}
COMMAND: GET /session/4e36bf80fbca1927c571a30744d2eac8/screenshot - {}
RESULT: {"script":"<script> [1562 bytes]","args":[{"selector":{"id":"application-manageyards-display-component---NewYard--addressEditDetailsCostObjectCstType-arrow"},"wdio_ui5_key":"applicationmanageyards-display-component---NewYard--addressEditDetailsCostObjectCstType-arrow"}]}
RESULT: undefined
COMMAND: POST /session/4e36bf80fbca1927c571a30744d2eac8/element - {"using":"xpath","value":"//*[@id=\"application-manageyards-display-component---NewYard--addressEditDetailsCostObjectCstType-arrow\"]"}
RESULT: {}
RESULT: {"using":"xpath","value":"//*[@id=\"application-manageyards-display-component---NewYard--addressEditDetailsCostObjectCstType-arrow\"]"}
COMMAND: POST /session/4e36bf80fbca1927c571a30744d2eac8/element/f.F4B8E6AEE0F35DB2CB5FDCA58BEB4CC0.d.CD92FD7AC6B4BDAA4F685E159195A99D.e.4471/click - {}
RESULT: {}
COMMAND: POST /session/4e36bf80fbca1927c571a30744d2eac8/element - {"using":"xpath","value":"//span[contains(text(), \"Cost Center\")]"}
COMMAND: GET /session/4e36bf80fbca1927c571a30744d2eac8/screenshot - {}
RESULT: {"using":"xpath","value":"//span[contains(text(), \"Cost Center\")]"}
COMMAND: POST /session/4e36bf80fbca1927c571a30744d2eac8/element/f.F4B8E6AEE0F35DB2CB5FDCA58BEB4CC0.d.CD92FD7AC6B4BDAA4F685E159195A99D.e.4472/click - {}
RESULT: {}
RESULT: {}
COMMAND: GET /session/4e36bf80fbca1927c571a30744d2eac8/screenshot - {}
RESULT: {}
COMMAND: POST /session/4e36bf80fbca1927c571a30744d2eac8/element - {"using":"xpath","value":"//span[@id=\"application-manageyards-display-component---NewYard--addressNewCostObjectCstID-vhi\"]"}
RESULT: {"using":"xpath","value":"//span[@id=\"application-manageyards-display-component---NewYard--addressNewCostObjectCstID-vhi\"]"}
COMMAND: POST /session/4e36bf80fbca1927c571a30744d2eac8/execute/sync - {"script":"<script> [8489 bytes]","args":[{"element-6066-11e4-a52e-4f735466cecf":"f.F4B8E6AEE0F35DB2CB5FDCA58BEB4CC0.d.CD92FD7AC6B4BDAA4F685E159195A99D.e.4476","ELEMENT":"f.F4B8E6AEE0F35DB2CB5FDCA58BEB4CC0.d.CD92FD7AC6B4BDAA4F685E159195A99D.e.4476"}]}
RESULT: {"script":"<script> [8489 bytes]","args":[{"element-6066-11e4-a52e-4f735466cecf":"f.F4B8E6AEE0F35DB2CB5FDCA58BEB4CC0.d.CD92FD7AC6B4BDAA4F685E159195A99D.e.4476","ELEMENT":"f.F4B8E6AEE0F35DB2CB5FDCA58BEB4CC0.d.CD92FD7AC6B4BDAA4F685E159195A99D.e.4476"}]}
COMMAND: POST /session/4e36bf80fbca1927c571a30744d2eac8/execute/async - {"script":"<script> [1562 bytes]","args":[{"selector":{"id":"application-manageyards-display-component---NewYard--addressNewCostObjectCstID-vhi"},"wdio_ui5_key":"applicationmanageyards-display-component---NewYard--addressNewCostObjectCstID-vhi"}]}
COMMAND: GET /session/4e36bf80fbca1927c571a30744d2eac8/screenshot - {}
RESULT: {"script":"<script> [1562 bytes]","args":[{"selector":{"id":"application-manageyards-display-component---NewYard--addressNewCostObjectCstID-vhi"},"wdio_ui5_key":"applicationmanageyards-display-component---NewYard--addressNewCostObjectCstID-vhi"}]}
RESULT: undefined
COMMAND: POST /session/4e36bf80fbca1927c571a30744d2eac8/element - {"using":"xpath","value":"//*[@id=\"application-manageyards-display-component---NewYard--addressNewCostObjectCstID-vhi\"]"}
RESULT: {}
RESULT: {"using":"xpath","value":"//*[@id=\"application-manageyards-display-component---NewYard--addressNewCostObjectCstID-vhi\"]"}
COMMAND: POST /session/4e36bf80fbca1927c571a30744d2eac8/element/f.F4B8E6AEE0F35DB2CB5FDCA58BEB4CC0.d.CD92FD7AC6B4BDAA4F685E159195A99D.e.4476/click - {}
RESULT: {}
COMMAND: GET /session/4e36bf80fbca1927c571a30744d2eac8/screenshot - {}
RESULT: {}
COMMAND: POST /session/4e36bf80fbca1927c571a30744d2eac8/execute/async - {"script":"<script> [1562 bytes]","args":[{"selector":{"controlType":"sap.m.SearchField","properties":{"placeholder":"Search"},"searchOpenDialogs":true,"interaction":{"idSuffix":"I"}},"wdio_ui5_key":"sapm.SearchField{\"placeholder\":\"Search\"}"}]}
RESULT: {"script":"<script> [1562 bytes]","args":[{"selector":{"controlType":"sap.m.SearchField","properties":{"placeholder":"Search"},"searchOpenDialogs":true,"interaction":{"idSuffix":"I"}},"wdio_ui5_key":"sapm.SearchField{\"placeholder\":\"Search\"}"}]}
RESULT: undefined
COMMAND: POST /session/4e36bf80fbca1927c571a30744d2eac8/execute/async - {"script":"<script> [776 bytes]","args":[{"enterText":"10001013","selector":{"controlType":"sap.m.SearchField","properties":{"placeholder":"Search"},"searchOpenDialogs":true,"interaction":{"idSuffix":"I"}},"clearTextFirst":true,"interactionType":"ENTER_TEXT"}]}
RESULT: {"script":"<script> [776 bytes]","args":[{"enterText":"10001013","selector":{"controlType":"sap.m.SearchField","properties":{"placeholder":"Search"},"searchOpenDialogs":true,"interaction":{"idSuffix":"I"}},"clearTextFirst":true,"interactionType":"ENTER_TEXT"}]}
COMMAND: POST /session/4e36bf80fbca1927c571a30744d2eac8/actions - {"actions":[{"id":"action19","type":"key","parameters":{},"actions":[{"type":"keyDown","value":"î€‡"},{"type":"pause","duration":10},{"type":"keyUp","value":"î€‡"}]}]}
RESULT: {"actions":[{"id":"action19","type":"key","parameters":{},"actions":[{"type":"keyDown","value":"î€‡"},{"type":"pause","duration":10},{"type":"keyUp","value":"î€‡"}]}]}
COMMAND: GET /session/4e36bf80fbca1927c571a30744d2eac8/screenshot - {}
RESULT: {}
COMMAND: POST /session/4e36bf80fbca1927c571a30744d2eac8/element - {"using":"xpath","value":"//span[contains(text(), \"General Management\")]"}
RESULT: {"using":"xpath","value":"//span[contains(text(), \"General Management\")]"}
COMMAND: POST /session/4e36bf80fbca1927c571a30744d2eac8/element/f.F4B8E6AEE0F35DB2CB5FDCA58BEB4CC0.d.CD92FD7AC6B4BDAA4F685E159195A99D.e.4517/click - {}
RESULT: {}
COMMAND: GET /session/4e36bf80fbca1927c571a30744d2eac8/screenshot - {}
RESULT: {}
COMMAND: POST /session/4e36bf80fbca1927c571a30744d2eac8/element - {"using":"xpath","value":"//bdi[contains(text(), \"OK\")]"}
RESULT: {"using":"xpath","value":"//bdi[contains(text(), \"OK\")]"}
COMMAND: POST /session/4e36bf80fbca1927c571a30744d2eac8/element/f.F4B8E6AEE0F35DB2CB5FDCA58BEB4CC0.d.CD92FD7AC6B4BDAA4F685E159195A99D.e.4518/click - {}
RESULT: {}
COMMAND: GET /session/4e36bf80fbca1927c571a30744d2eac8/screenshot - {}
RESULT: {}
COMMAND: POST /session/4e36bf80fbca1927c571a30744d2eac8/execute/async - {"script":"<script> [1562 bytes]","args":[{"selector":{"id":"application-manageyards-display-component---NewYard--addressEditDetailsCurrency-arrow"},"wdio_ui5_key":"applicationmanageyards-display-component---NewYard--addressEditDetailsCurrency-arrow"}]}
RESULT: {"script":"<script> [1562 bytes]","args":[{"selector":{"id":"application-manageyards-display-component---NewYard--addressEditDetailsCurrency-arrow"},"wdio_ui5_key":"applicationmanageyards-display-component---NewYard--addressEditDetailsCurrency-arrow"}]}
RESULT: undefined
COMMAND: POST /session/4e36bf80fbca1927c571a30744d2eac8/element - {"using":"xpath","value":"//*[@id=\"application-manageyards-display-component---NewYard--addressEditDetailsCurrency-arrow\"]"}
RESULT: {"using":"xpath","value":"//*[@id=\"application-manageyards-display-component---NewYard--addressEditDetailsCurrency-arrow\"]"}
COMMAND: POST /session/4e36bf80fbca1927c571a30744d2eac8/element/f.F4B8E6AEE0F35DB2CB5FDCA58BEB4CC0.d.CD92FD7AC6B4BDAA4F685E159195A99D.e.4521/click - {}
RESULT: {}
COMMAND: POST /session/4e36bf80fbca1927c571a30744d2eac8/element - {"using":"xpath","value":"//span[contains(text(), \"Euro\")]"}
COMMAND: GET /session/4e36bf80fbca1927c571a30744d2eac8/screenshot - {}
RESULT: {"using":"xpath","value":"//span[contains(text(), \"Euro\")]"}
COMMAND: POST /session/4e36bf80fbca1927c571a30744d2eac8/element/f.F4B8E6AEE0F35DB2CB5FDCA58BEB4CC0.d.CD92FD7AC6B4BDAA4F685E159195A99D.e.4522/click - {}
RESULT: {}
RESULT: {}
COMMAND: POST /session/4e36bf80fbca1927c571a30744d2eac8/execute/async - {"script":"<script> [1562 bytes]","args":[{"selector":{"controlType":"sap.m.Input","viewName":"etm.portal.ui.manageyards.view.New","viewId":"application-manageyards-display-component---NewYard","bindingPath":{"path":"","propertyPath":"/CONTROLLING_AREA","modelName":"NewYardModel"},"interaction":{"idSuffix":"inner"}},"wdio_ui5_key":"etmportal.ui.manageyards.view.Newsap.m.Input{\"path\":\"\",\"propertyPath\":\"/CONTROLLING_AREA\",\"modelName\":\"NewYardModel\"}"}]}
COMMAND: GET /session/4e36bf80fbca1927c571a30744d2eac8/screenshot - {}
RESULT: {"script":"<script> [1562 bytes]","args":[{"selector":{"controlType":"sap.m.Input","viewName":"etm.portal.ui.manageyards.view.New","viewId":"application-manageyards-display-component---NewYard","bindingPath":{"path":"","propertyPath":"/CONTROLLING_AREA","modelName":"NewYardModel"},"interaction":{"idSuffix":"inner"}},"wdio_ui5_key":"etmportal.ui.manageyards.view.Newsap.m.Input{\"path\":\"\",\"propertyPath\":\"/CONTROLLING_AREA\",\"modelName\":\"NewYardModel\"}"}]}
RESULT: undefined
COMMAND: POST /session/4e36bf80fbca1927c571a30744d2eac8/execute/async - {"script":"<script> [776 bytes]","args":[{"enterText":"Z001","selector":{"controlType":"sap.m.Input","viewName":"etm.portal.ui.manageyards.view.New","viewId":"application-manageyards-display-component---NewYard","bindingPath":{"path":"","propertyPath":"/CONTROLLING_AREA","modelName":"NewYardModel"},"interaction":{"idSuffix":"inner"}},"clearTextFirst":true,"interactionType":"ENTER_TEXT"}]}
RESULT: {}
RESULT: {"script":"<script> [776 bytes]","args":[{"enterText":"Z001","selector":{"controlType":"sap.m.Input","viewName":"etm.portal.ui.manageyards.view.New","viewId":"application-manageyards-display-component---NewYard","bindingPath":{"path":"","propertyPath":"/CONTROLLING_AREA","modelName":"NewYardModel"},"interaction":{"idSuffix":"inner"}},"clearTextFirst":true,"interactionType":"ENTER_TEXT"}]}
COMMAND: POST /session/4e36bf80fbca1927c571a30744d2eac8/execute/async - {"script":"<script> [1562 bytes]","args":[{"selector":{"id":"application-manageyards-display-component---NewYard--companyCodeComboBox","interaction":{"idSuffix":"inner"}},"wdio_ui5_key":"applicationmanageyards-display-component---NewYard--companyCodeComboBox"}]}
RESULT: {"script":"<script> [1562 bytes]","args":[{"selector":{"id":"application-manageyards-display-component---NewYard--companyCodeComboBox","interaction":{"idSuffix":"inner"}},"wdio_ui5_key":"applicationmanageyards-display-component---NewYard--companyCodeComboBox"}]}
RESULT: undefined
COMMAND: POST /session/4e36bf80fbca1927c571a30744d2eac8/execute/async - {"script":"<script> [776 bytes]","args":[{"enterText":"1000","selector":{"id":"application-manageyards-display-component---NewYard--companyCodeComboBox","interaction":{"idSuffix":"inner"}},"clearTextFirst":true,"interactionType":"ENTER_TEXT"}]}
RESULT: {"script":"<script> [776 bytes]","args":[{"enterText":"1000","selector":{"id":"application-manageyards-display-component---NewYard--companyCodeComboBox","interaction":{"idSuffix":"inner"}},"clearTextFirst":true,"interactionType":"ENTER_TEXT"}]}
COMMAND: POST /session/4e36bf80fbca1927c571a30744d2eac8/execute/async - {"script":"<script> [1562 bytes]","args":[{"selector":{"controlType":"sap.m.Input","viewName":"etm.portal.ui.manageyards.view.New","viewId":"application-manageyards-display-component---NewYard","bindingPath":{"path":"","propertyPath":"/PLANT","modelName":"NewYardModel"},"interaction":{"idSuffix":"inner"}},"wdio_ui5_key":"etmportal.ui.manageyards.view.Newsap.m.Input{\"path\":\"\",\"propertyPath\":\"/PLANT\",\"modelName\":\"NewYardModel\"}"}]}
RESULT: {"script":"<script> [1562 bytes]","args":[{"selector":{"controlType":"sap.m.Input","viewName":"etm.portal.ui.manageyards.view.New","viewId":"application-manageyards-display-component---NewYard","bindingPath":{"path":"","propertyPath":"/PLANT","modelName":"NewYardModel"},"interaction":{"idSuffix":"inner"}},"wdio_ui5_key":"etmportal.ui.manageyards.view.Newsap.m.Input{\"path\":\"\",\"propertyPath\":\"/PLANT\",\"modelName\":\"NewYardModel\"}"}]}
RESULT: undefined
COMMAND: POST /session/4e36bf80fbca1927c571a30744d2eac8/execute/async - {"script":"<script> [776 bytes]","args":[{"enterText":"1001","selector":{"controlType":"sap.m.Input","viewName":"etm.portal.ui.manageyards.view.New","viewId":"application-manageyards-display-component---NewYard","bindingPath":{"path":"","propertyPath":"/PLANT","modelName":"NewYardModel"},"interaction":{"idSuffix":"inner"}},"clearTextFirst":true,"interactionType":"ENTER_TEXT"}]}
RESULT: {"script":"<script> [776 bytes]","args":[{"enterText":"1001","selector":{"controlType":"sap.m.Input","viewName":"etm.portal.ui.manageyards.view.New","viewId":"application-manageyards-display-component---NewYard","bindingPath":{"path":"","propertyPath":"/PLANT","modelName":"NewYardModel"},"interaction":{"idSuffix":"inner"}},"clearTextFirst":true,"interactionType":"ENTER_TEXT"}]}
COMMAND: POST /session/4e36bf80fbca1927c571a30744d2eac8/execute/async - {"script":"<script> [1562 bytes]","args":[{"selector":{"controlType":"sap.m.Input","viewName":"etm.portal.ui.manageyards.view.New","viewId":"application-manageyards-display-component---NewYard","bindingPath":{"path":"","propertyPath":"/SALES_AREA_VKORG","modelName":"NewYardModel"},"interaction":{"idSuffix":"inner"}},"wdio_ui5_key":"etmportal.ui.manageyards.view.Newsap.m.Input{\"path\":\"\",\"propertyPath\":\"/SALES_AREA_VKORG\",\"modelName\":\"NewYardModel\"}"}]}
RESULT: {"script":"<script> [1562 bytes]","args":[{"selector":{"controlType":"sap.m.Input","viewName":"etm.portal.ui.manageyards.view.New","viewId":"application-manageyards-display-component---NewYard","bindingPath":{"path":"","propertyPath":"/SALES_AREA_VKORG","modelName":"NewYardModel"},"interaction":{"idSuffix":"inner"}},"wdio_ui5_key":"etmportal.ui.manageyards.view.Newsap.m.Input{\"path\":\"\",\"propertyPath\":\"/SALES_AREA_VKORG\",\"modelName\":\"NewYardModel\"}"}]}
RESULT: undefined
COMMAND: POST /session/4e36bf80fbca1927c571a30744d2eac8/execute/async - {"script":"<script> [776 bytes]","args":[{"enterText":"C002","selector":{"controlType":"sap.m.Input","viewName":"etm.portal.ui.manageyards.view.New","viewId":"application-manageyards-display-component---NewYard","bindingPath":{"path":"","propertyPath":"/SALES_AREA_VKORG","modelName":"NewYardModel"},"interaction":{"idSuffix":"inner"}},"clearTextFirst":true,"interactionType":"ENTER_TEXT"}]}
RESULT: {"script":"<script> [776 bytes]","args":[{"enterText":"C002","selector":{"controlType":"sap.m.Input","viewName":"etm.portal.ui.manageyards.view.New","viewId":"application-manageyards-display-component---NewYard","bindingPath":{"path":"","propertyPath":"/SALES_AREA_VKORG","modelName":"NewYardModel"},"interaction":{"idSuffix":"inner"}},"clearTextFirst":true,"interactionType":"ENTER_TEXT"}]}
COMMAND: POST /session/4e36bf80fbca1927c571a30744d2eac8/execute/async - {"script":"<script> [1562 bytes]","args":[{"selector":{"controlType":"sap.m.Input","viewName":"etm.portal.ui.manageyards.view.New","viewId":"application-manageyards-display-component---NewYard","bindingPath":{"path":"","propertyPath":"/SALES_AREA_VTWEG","modelName":"NewYardModel"},"interaction":{"idSuffix":"inner"}},"wdio_ui5_key":"etmportal.ui.manageyards.view.Newsap.m.Input{\"path\":\"\",\"propertyPath\":\"/SALES_AREA_VTWEG\",\"modelName\":\"NewYardModel\"}"}]}
RESULT: {"script":"<script> [1562 bytes]","args":[{"selector":{"controlType":"sap.m.Input","viewName":"etm.portal.ui.manageyards.view.New","viewId":"application-manageyards-display-component---NewYard","bindingPath":{"path":"","propertyPath":"/SALES_AREA_VTWEG","modelName":"NewYardModel"},"interaction":{"idSuffix":"inner"}},"wdio_ui5_key":"etmportal.ui.manageyards.view.Newsap.m.Input{\"path\":\"\",\"propertyPath\":\"/SALES_AREA_VTWEG\",\"modelName\":\"NewYardModel\"}"}]}
RESULT: undefined
COMMAND: POST /session/4e36bf80fbca1927c571a30744d2eac8/execute/async - {"script":"<script> [776 bytes]","args":[{"enterText":"C2","selector":{"controlType":"sap.m.Input","viewName":"etm.portal.ui.manageyards.view.New","viewId":"application-manageyards-display-component---NewYard","bindingPath":{"path":"","propertyPath":"/SALES_AREA_VTWEG","modelName":"NewYardModel"},"interaction":{"idSuffix":"inner"}},"clearTextFirst":true,"interactionType":"ENTER_TEXT"}]}
RESULT: {"script":"<script> [776 bytes]","args":[{"enterText":"C2","selector":{"controlType":"sap.m.Input","viewName":"etm.portal.ui.manageyards.view.New","viewId":"application-manageyards-display-component---NewYard","bindingPath":{"path":"","propertyPath":"/SALES_AREA_VTWEG","modelName":"NewYardModel"},"interaction":{"idSuffix":"inner"}},"clearTextFirst":true,"interactionType":"ENTER_TEXT"}]}
COMMAND: POST /session/4e36bf80fbca1927c571a30744d2eac8/execute/async - {"script":"<script> [1562 bytes]","args":[{"selector":{"controlType":"sap.m.Input","viewName":"etm.portal.ui.manageyards.view.New","viewId":"application-manageyards-display-component---NewYard","bindingPath":{"path":"","propertyPath":"/SALES_AREA_SPART","modelName":"NewYardModel"},"interaction":{"idSuffix":"inner"}},"wdio_ui5_key":"etmportal.ui.manageyards.view.Newsap.m.Input{\"path\":\"\",\"propertyPath\":\"/SALES_AREA_SPART\",\"modelName\":\"NewYardModel\"}"}]}
RESULT: {"script":"<script> [1562 bytes]","args":[{"selector":{"controlType":"sap.m.Input","viewName":"etm.portal.ui.manageyards.view.New","viewId":"application-manageyards-display-component---NewYard","bindingPath":{"path":"","propertyPath":"/SALES_AREA_SPART","modelName":"NewYardModel"},"interaction":{"idSuffix":"inner"}},"wdio_ui5_key":"etmportal.ui.manageyards.view.Newsap.m.Input{\"path\":\"\",\"propertyPath\":\"/SALES_AREA_SPART\",\"modelName\":\"NewYardModel\"}"}]}
RESULT: undefined
COMMAND: POST /session/4e36bf80fbca1927c571a30744d2eac8/execute/async - {"script":"<script> [776 bytes]","args":[{"enterText":"C2","selector":{"controlType":"sap.m.Input","viewName":"etm.portal.ui.manageyards.view.New","viewId":"application-manageyards-display-component---NewYard","bindingPath":{"path":"","propertyPath":"/SALES_AREA_SPART","modelName":"NewYardModel"},"interaction":{"idSuffix":"inner"}},"clearTextFirst":true,"interactionType":"ENTER_TEXT"}]}
RESULT: {"script":"<script> [776 bytes]","args":[{"enterText":"C2","selector":{"controlType":"sap.m.Input","viewName":"etm.portal.ui.manageyards.view.New","viewId":"application-manageyards-display-component---NewYard","bindingPath":{"path":"","propertyPath":"/SALES_AREA_SPART","modelName":"NewYardModel"},"interaction":{"idSuffix":"inner"}},"clearTextFirst":true,"interactionType":"ENTER_TEXT"}]}
COMMAND: POST /session/4e36bf80fbca1927c571a30744d2eac8/execute/async - {"script":"<script> [1562 bytes]","args":[{"selector":{"controlType":"sap.m.Input","viewName":"etm.portal.ui.manageyards.view.New","viewId":"application-manageyards-display-component---NewYard","bindingPath":{"path":"","propertyPath":"/SHIP_POINT","modelName":"NewYardModel"},"interaction":{"idSuffix":"inner"}},"wdio_ui5_key":"etmportal.ui.manageyards.view.Newsap.m.Input{\"path\":\"\",\"propertyPath\":\"/SHIP_POINT\",\"modelName\":\"NewYardModel\"}"}]}
RESULT: {"script":"<script> [1562 bytes]","args":[{"selector":{"controlType":"sap.m.Input","viewName":"etm.portal.ui.manageyards.view.New","viewId":"application-manageyards-display-component---NewYard","bindingPath":{"path":"","propertyPath":"/SHIP_POINT","modelName":"NewYardModel"},"interaction":{"idSuffix":"inner"}},"wdio_ui5_key":"etmportal.ui.manageyards.view.Newsap.m.Input{\"path\":\"\",\"propertyPath\":\"/SHIP_POINT\",\"modelName\":\"NewYardModel\"}"}]}
RESULT: undefined
COMMAND: POST /session/4e36bf80fbca1927c571a30744d2eac8/execute/async - {"script":"<script> [776 bytes]","args":[{"enterText":"1710","selector":{"controlType":"sap.m.Input","viewName":"etm.portal.ui.manageyards.view.New","viewId":"application-manageyards-display-component---NewYard","bindingPath":{"path":"","propertyPath":"/SHIP_POINT","modelName":"NewYardModel"},"interaction":{"idSuffix":"inner"}},"clearTextFirst":true,"interactionType":"ENTER_TEXT"}]}
RESULT: {"script":"<script> [776 bytes]","args":[{"enterText":"1710","selector":{"controlType":"sap.m.Input","viewName":"etm.portal.ui.manageyards.view.New","viewId":"application-manageyards-display-component---NewYard","bindingPath":{"path":"","propertyPath":"/SHIP_POINT","modelName":"NewYardModel"},"interaction":{"idSuffix":"inner"}},"clearTextFirst":true,"interactionType":"ENTER_TEXT"}]}
COMMAND: POST /session/4e36bf80fbca1927c571a30744d2eac8/execute/async - {"script":"<script> [1562 bytes]","args":[{"selector":{"controlType":"sap.m.Input","viewName":"etm.portal.ui.manageyards.view.New","viewId":"application-manageyards-display-component---NewYard","bindingPath":{"path":"","propertyPath":"/DELIVERY_TYPE","modelName":"NewYardModel"},"interaction":{"idSuffix":"inner"}},"wdio_ui5_key":"etmportal.ui.manageyards.view.Newsap.m.Input{\"path\":\"\",\"propertyPath\":\"/DELIVERY_TYPE\",\"modelName\":\"NewYardModel\"}"}]}
RESULT: {"script":"<script> [1562 bytes]","args":[{"selector":{"controlType":"sap.m.Input","viewName":"etm.portal.ui.manageyards.view.New","viewId":"application-manageyards-display-component---NewYard","bindingPath":{"path":"","propertyPath":"/DELIVERY_TYPE","modelName":"NewYardModel"},"interaction":{"idSuffix":"inner"}},"wdio_ui5_key":"etmportal.ui.manageyards.view.Newsap.m.Input{\"path\":\"\",\"propertyPath\":\"/DELIVERY_TYPE\",\"modelName\":\"NewYardModel\"}"}]}
RESULT: undefined
COMMAND: POST /session/4e36bf80fbca1927c571a30744d2eac8/execute/async - {"script":"<script> [776 bytes]","args":[{"enterText":"ZL01","selector":{"controlType":"sap.m.Input","viewName":"etm.portal.ui.manageyards.view.New","viewId":"application-manageyards-display-component---NewYard","bindingPath":{"path":"","propertyPath":"/DELIVERY_TYPE","modelName":"NewYardModel"},"interaction":{"idSuffix":"inner"}},"clearTextFirst":true,"interactionType":"ENTER_TEXT"}]}
RESULT: {"script":"<script> [776 bytes]","args":[{"enterText":"ZL01","selector":{"controlType":"sap.m.Input","viewName":"etm.portal.ui.manageyards.view.New","viewId":"application-manageyards-display-component---NewYard","bindingPath":{"path":"","propertyPath":"/DELIVERY_TYPE","modelName":"NewYardModel"},"interaction":{"idSuffix":"inner"}},"clearTextFirst":true,"interactionType":"ENTER_TEXT"}]}
COMMAND: POST /session/4e36bf80fbca1927c571a30744d2eac8/execute/async - {"script":"<script> [1562 bytes]","args":[{"selector":{"controlType":"sap.m.Input","viewName":"etm.portal.ui.manageyards.view.New","viewId":"application-manageyards-display-component---NewYard","bindingPath":{"path":"","propertyPath":"/AUART","modelName":"NewYardModel"},"interaction":{"idSuffix":"inner"}},"wdio_ui5_key":"etmportal.ui.manageyards.view.Newsap.m.Input{\"path\":\"\",\"propertyPath\":\"/AUART\",\"modelName\":\"NewYardModel\"}"}]}
RESULT: {"script":"<script> [1562 bytes]","args":[{"selector":{"controlType":"sap.m.Input","viewName":"etm.portal.ui.manageyards.view.New","viewId":"application-manageyards-display-component---NewYard","bindingPath":{"path":"","propertyPath":"/AUART","modelName":"NewYardModel"},"interaction":{"idSuffix":"inner"}},"wdio_ui5_key":"etmportal.ui.manageyards.view.Newsap.m.Input{\"path\":\"\",\"propertyPath\":\"/AUART\",\"modelName\":\"NewYardModel\"}"}]}
RESULT: undefined
COMMAND: POST /session/4e36bf80fbca1927c571a30744d2eac8/execute/async - {"script":"<script> [776 bytes]","args":[{"enterText":"TA","selector":{"controlType":"sap.m.Input","viewName":"etm.portal.ui.manageyards.view.New","viewId":"application-manageyards-display-component---NewYard","bindingPath":{"path":"","propertyPath":"/AUART","modelName":"NewYardModel"},"interaction":{"idSuffix":"inner"}},"clearTextFirst":true,"interactionType":"ENTER_TEXT"}]}
RESULT: {"script":"<script> [776 bytes]","args":[{"enterText":"TA","selector":{"controlType":"sap.m.Input","viewName":"etm.portal.ui.manageyards.view.New","viewId":"application-manageyards-display-component---NewYard","bindingPath":{"path":"","propertyPath":"/AUART","modelName":"NewYardModel"},"interaction":{"idSuffix":"inner"}},"clearTextFirst":true,"interactionType":"ENTER_TEXT"}]}
COMMAND: POST /session/4e36bf80fbca1927c571a30744d2eac8/element - {"using":"xpath","value":"//button[@data-kt=\"newYardSaveButton\"]"}
RESULT: {"using":"xpath","value":"//button[@data-kt=\"newYardSaveButton\"]"}
COMMAND: POST /session/4e36bf80fbca1927c571a30744d2eac8/element/f.F4B8E6AEE0F35DB2CB5FDCA58BEB4CC0.d.CD92FD7AC6B4BDAA4F685E159195A99D.e.4427/click - {}
RESULT: {}
COMMAND: GET /session/4e36bf80fbca1927c571a30744d2eac8/screenshot - {}
COMMAND: POST /session/4e36bf80fbca1927c571a30744d2eac8/element - {"using":"xpath","value":"//header[contains(@id, 'ObjectPageLayout-headerTitle')]/div[1]/div[2]/div[1]/span[1]"}
RESULT: {}
RESULT: {"using":"xpath","value":"//header[contains(@id, 'ObjectPageLayout-headerTitle')]/div[1]/div[2]/div[1]/span[1]"}
COMMAND: POST /session/4e36bf80fbca1927c571a30744d2eac8/elements - {"using":"xpath","value":"//header[contains(@id, 'ObjectPageLayout-headerTitle')]/div[1]/div[2]/div[1]/span[1]"}
RESULT: {"using":"xpath","value":"//header[contains(@id, 'ObjectPageLayout-headerTitle')]/div[1]/div[2]/div[1]/span[1]"}
COMMAND: POST /session/4e36bf80fbca1927c571a30744d2eac8/execute/sync - {"script":"<script> [56 bytes]","args":[{"element-6066-11e4-a52e-4f735466cecf":"f.F4B8E6AEE0F35DB2CB5FDCA58BEB4CC0.d.CD92FD7AC6B4BDAA4F685E159195A99D.e.4738","ELEMENT":"f.F4B8E6AEE0F35DB2CB5FDCA58BEB4CC0.d.CD92FD7AC6B4BDAA4F685E159195A99D.e.4738"}]}
RESULT: {"script":"<script> [56 bytes]","args":[{"element-6066-11e4-a52e-4f735466cecf":"f.F4B8E6AEE0F35DB2CB5FDCA58BEB4CC0.d.CD92FD7AC6B4BDAA4F685E159195A99D.e.4738","ELEMENT":"f.F4B8E6AEE0F35DB2CB5FDCA58BEB4CC0.d.CD92FD7AC6B4BDAA4F685E159195A99D.e.4738"}]}
COMMAND: GET /session/4e36bf80fbca1927c571a30744d2eac8/screenshot - {}
RESULT: {}
COMMAND: POST /session/4e36bf80fbca1927c571a30744d2eac8/element - {"using":"css selector","value":"#shell-header-logo"}
RESULT: {"using":"css selector","value":"#shell-header-logo"}
COMMAND: POST /session/4e36bf80fbca1927c571a30744d2eac8/element/f.F4B8E6AEE0F35DB2CB5FDCA58BEB4CC0.d.CD92FD7AC6B4BDAA4F685E159195A99D.e.4026/click - {}
RESULT: {}
COMMAND: GET /session/4e36bf80fbca1927c571a30744d2eac8/screenshot - {}
RESULT: {}
COMMAND: POST /session/4e36bf80fbca1927c571a30744d2eac8/execute/sync - {"script":"<script> [299 bytes]","args":[["getModel","getResource"]]}
RESULT: {"script":"<script> [299 bytes]","args":[["getModel","getResource"]]}
COMMAND: GET /session/4e36bf80fbca1927c571a30744d2eac8/screenshot - {}
]]></system-out>
    </testcase>
    <testcase classname="chrome.136_0_7103_49.windows.Billing_Transfer_-_Intracompany_US127249" name="Should create a new partner" time="122.439">
      <system-out><![CDATA[
COMMAND: POST /session/4e36bf80fbca1927c571a30744d2eac8/window/fullscreen - {}
RESULT: {}
RESULT: {}
COMMAND: POST /session/4e36bf80fbca1927c571a30744d2eac8/execute/async - {"script":"<script> [1562 bytes]","args":[{"selector":{"controlType":"sap.m.GenericTile","properties":{"header":"Manage Partners"}},"wdio_ui5_key":"sapm.GenericTile{\"header\":\"Manage Partners\"}"}]}
RESULT: {"script":"<script> [1562 bytes]","args":[{"selector":{"controlType":"sap.m.GenericTile","properties":{"header":"Manage Partners"}},"wdio_ui5_key":"sapm.GenericTile{\"header\":\"Manage Partners\"}"}]}
RESULT: undefined
COMMAND: POST /session/4e36bf80fbca1927c571a30744d2eac8/element - {"using":"xpath","value":"//*[@id=\"__tile38\"]"}
RESULT: {"using":"xpath","value":"//*[@id=\"__tile38\"]"}
COMMAND: POST /session/4e36bf80fbca1927c571a30744d2eac8/element/f.F4B8E6AEE0F35DB2CB5FDCA58BEB4CC0.d.CD92FD7AC6B4BDAA4F685E159195A99D.e.3913/click - {}
RESULT: {}
COMMAND: POST /session/4e36bf80fbca1927c571a30744d2eac8/element - {"using":"xpath","value":"//button[@data-kt=\"addButton\"]"}
COMMAND: GET /session/4e36bf80fbca1927c571a30744d2eac8/screenshot - {}
RESULT: {"using":"xpath","value":"//button[@data-kt=\"addButton\"]"}
COMMAND: POST /session/4e36bf80fbca1927c571a30744d2eac8/elements - {"using":"xpath","value":"//button[@data-kt=\"addButton\"]"}
RESULT: {}
RESULT: {"using":"xpath","value":"//button[@data-kt=\"addButton\"]"}
COMMAND: POST /session/4e36bf80fbca1927c571a30744d2eac8/elements - {"using":"xpath","value":"//button[@data-kt=\"addButton\"]"}
RESULT: {"using":"xpath","value":"//button[@data-kt=\"addButton\"]"}
COMMAND: POST /session/4e36bf80fbca1927c571a30744d2eac8/elements - {"using":"xpath","value":"//button[@data-kt=\"addButton\"]"}
RESULT: {"using":"xpath","value":"//button[@data-kt=\"addButton\"]"}
COMMAND: POST /session/4e36bf80fbca1927c571a30744d2eac8/elements - {"using":"xpath","value":"//button[@data-kt=\"addButton\"]"}
RESULT: {"using":"xpath","value":"//button[@data-kt=\"addButton\"]"}
COMMAND: POST /session/4e36bf80fbca1927c571a30744d2eac8/elements - {"using":"xpath","value":"//button[@data-kt=\"addButton\"]"}
RESULT: {"using":"xpath","value":"//button[@data-kt=\"addButton\"]"}
COMMAND: POST /session/4e36bf80fbca1927c571a30744d2eac8/elements - {"using":"xpath","value":"//button[@data-kt=\"addButton\"]"}
RESULT: {"using":"xpath","value":"//button[@data-kt=\"addButton\"]"}
COMMAND: POST /session/4e36bf80fbca1927c571a30744d2eac8/elements - {"using":"xpath","value":"//button[@data-kt=\"addButton\"]"}
RESULT: {"using":"xpath","value":"//button[@data-kt=\"addButton\"]"}
COMMAND: POST /session/4e36bf80fbca1927c571a30744d2eac8/elements - {"using":"xpath","value":"//button[@data-kt=\"addButton\"]"}
RESULT: {"using":"xpath","value":"//button[@data-kt=\"addButton\"]"}
COMMAND: POST /session/4e36bf80fbca1927c571a30744d2eac8/elements - {"using":"xpath","value":"//button[@data-kt=\"addButton\"]"}
RESULT: {"using":"xpath","value":"//button[@data-kt=\"addButton\"]"}
COMMAND: POST /session/4e36bf80fbca1927c571a30744d2eac8/elements - {"using":"xpath","value":"//button[@data-kt=\"addButton\"]"}
RESULT: {"using":"xpath","value":"//button[@data-kt=\"addButton\"]"}
COMMAND: POST /session/4e36bf80fbca1927c571a30744d2eac8/elements - {"using":"xpath","value":"//button[@data-kt=\"addButton\"]"}
RESULT: {"using":"xpath","value":"//button[@data-kt=\"addButton\"]"}
COMMAND: POST /session/4e36bf80fbca1927c571a30744d2eac8/elements - {"using":"xpath","value":"//button[@data-kt=\"addButton\"]"}
RESULT: {"using":"xpath","value":"//button[@data-kt=\"addButton\"]"}
COMMAND: POST /session/4e36bf80fbca1927c571a30744d2eac8/elements - {"using":"xpath","value":"//button[@data-kt=\"addButton\"]"}
RESULT: {"using":"xpath","value":"//button[@data-kt=\"addButton\"]"}
COMMAND: POST /session/4e36bf80fbca1927c571a30744d2eac8/elements - {"using":"xpath","value":"//button[@data-kt=\"addButton\"]"}
RESULT: {"using":"xpath","value":"//button[@data-kt=\"addButton\"]"}
COMMAND: POST /session/4e36bf80fbca1927c571a30744d2eac8/elements - {"using":"xpath","value":"//button[@data-kt=\"addButton\"]"}
RESULT: {"using":"xpath","value":"//button[@data-kt=\"addButton\"]"}
COMMAND: POST /session/4e36bf80fbca1927c571a30744d2eac8/elements - {"using":"xpath","value":"//button[@data-kt=\"addButton\"]"}
RESULT: {"using":"xpath","value":"//button[@data-kt=\"addButton\"]"}
COMMAND: POST /session/4e36bf80fbca1927c571a30744d2eac8/elements - {"using":"xpath","value":"//button[@data-kt=\"addButton\"]"}
RESULT: {"using":"xpath","value":"//button[@data-kt=\"addButton\"]"}
COMMAND: POST /session/4e36bf80fbca1927c571a30744d2eac8/element - {"using":"xpath","value":"//button[@data-kt=\"addButton\"]"}
RESULT: {"using":"xpath","value":"//button[@data-kt=\"addButton\"]"}
COMMAND: POST /session/4e36bf80fbca1927c571a30744d2eac8/execute/sync - {"script":"<script> [8489 bytes]","args":[{"element-6066-11e4-a52e-4f735466cecf":"f.F4B8E6AEE0F35DB2CB5FDCA58BEB4CC0.d.CD92FD7AC6B4BDAA4F685E159195A99D.e.4776","ELEMENT":"f.F4B8E6AEE0F35DB2CB5FDCA58BEB4CC0.d.CD92FD7AC6B4BDAA4F685E159195A99D.e.4776"}]}
RESULT: {"script":"<script> [8489 bytes]","args":[{"element-6066-11e4-a52e-4f735466cecf":"f.F4B8E6AEE0F35DB2CB5FDCA58BEB4CC0.d.CD92FD7AC6B4BDAA4F685E159195A99D.e.4776","ELEMENT":"f.F4B8E6AEE0F35DB2CB5FDCA58BEB4CC0.d.CD92FD7AC6B4BDAA4F685E159195A99D.e.4776"}]}
COMMAND: GET /session/4e36bf80fbca1927c571a30744d2eac8/element/f.F4B8E6AEE0F35DB2CB5FDCA58BEB4CC0.d.CD92FD7AC6B4BDAA4F685E159195A99D.e.4776/enabled - {}
COMMAND: GET /session/4e36bf80fbca1927c571a30744d2eac8/screenshot - {}
RESULT: {}
COMMAND: POST /session/4e36bf80fbca1927c571a30744d2eac8/execute/sync - {"script":"<script> [8489 bytes]","args":[{"element-6066-11e4-a52e-4f735466cecf":"f.F4B8E6AEE0F35DB2CB5FDCA58BEB4CC0.d.CD92FD7AC6B4BDAA4F685E159195A99D.e.4776","ELEMENT":"f.F4B8E6AEE0F35DB2CB5FDCA58BEB4CC0.d.CD92FD7AC6B4BDAA4F685E159195A99D.e.4776"}]}
COMMAND: GET /session/4e36bf80fbca1927c571a30744d2eac8/screenshot - {}
RESULT: {}
RESULT: {"script":"<script> [8489 bytes]","args":[{"element-6066-11e4-a52e-4f735466cecf":"f.F4B8E6AEE0F35DB2CB5FDCA58BEB4CC0.d.CD92FD7AC6B4BDAA4F685E159195A99D.e.4776","ELEMENT":"f.F4B8E6AEE0F35DB2CB5FDCA58BEB4CC0.d.CD92FD7AC6B4BDAA4F685E159195A99D.e.4776"}]}
COMMAND: POST /session/4e36bf80fbca1927c571a30744d2eac8/execute/sync - {"script":"<script> [5351 bytes]","args":[{"element-6066-11e4-a52e-4f735466cecf":"f.F4B8E6AEE0F35DB2CB5FDCA58BEB4CC0.d.CD92FD7AC6B4BDAA4F685E159195A99D.e.4776","ELEMENT":"f.F4B8E6AEE0F35DB2CB5FDCA58BEB4CC0.d.CD92FD7AC6B4BDAA4F685E159195A99D.e.4776"}]}
COMMAND: GET /session/4e36bf80fbca1927c571a30744d2eac8/screenshot - {}
RESULT: {}
RESULT: {"script":"<script> [5351 bytes]","args":[{"element-6066-11e4-a52e-4f735466cecf":"f.F4B8E6AEE0F35DB2CB5FDCA58BEB4CC0.d.CD92FD7AC6B4BDAA4F685E159195A99D.e.4776","ELEMENT":"f.F4B8E6AEE0F35DB2CB5FDCA58BEB4CC0.d.CD92FD7AC6B4BDAA4F685E159195A99D.e.4776"}]}
COMMAND: POST /session/4e36bf80fbca1927c571a30744d2eac8/element/f.F4B8E6AEE0F35DB2CB5FDCA58BEB4CC0.d.CD92FD7AC6B4BDAA4F685E159195A99D.e.4776/click - {}
COMMAND: GET /session/4e36bf80fbca1927c571a30744d2eac8/screenshot - {}
RESULT: {}
RESULT: {}
COMMAND: GET /session/4e36bf80fbca1927c571a30744d2eac8/screenshot - {}
COMMAND: POST /session/4e36bf80fbca1927c571a30744d2eac8/execute/async - {"script":"<script> [1562 bytes]","args":[{"selector":{"id":"application-managepartners-display-component---NewPartner--addressDetailDetailsName1","interaction":{"idSuffix":"inner"}},"wdio_ui5_key":"applicationmanagepartners-display-component---NewPartner--addressDetailDetailsName1"}]}
RESULT: {}
RESULT: {}
RESULT: {"script":"<script> [1562 bytes]","args":[{"selector":{"id":"application-managepartners-display-component---NewPartner--addressDetailDetailsName1","interaction":{"idSuffix":"inner"}},"wdio_ui5_key":"applicationmanagepartners-display-component---NewPartner--addressDetailDetailsName1"}]}
RESULT: undefined
COMMAND: POST /session/4e36bf80fbca1927c571a30744d2eac8/execute/async - {"script":"<script> [776 bytes]","args":[{"enterText":"Intracompany Partner WDIO","selector":{"id":"application-managepartners-display-component---NewPartner--addressDetailDetailsName1","interaction":{"idSuffix":"inner"}},"clearTextFirst":true,"interactionType":"ENTER_TEXT"}]}
RESULT: {"script":"<script> [776 bytes]","args":[{"enterText":"Intracompany Partner WDIO","selector":{"id":"application-managepartners-display-component---NewPartner--addressDetailDetailsName1","interaction":{"idSuffix":"inner"}},"clearTextFirst":true,"interactionType":"ENTER_TEXT"}]}
COMMAND: POST /session/4e36bf80fbca1927c571a30744d2eac8/execute/async - {"script":"<script> [1562 bytes]","args":[{"selector":{"id":"application-managepartners-display-component---NewPartner--addressDetailDetailsLanguage-arrow"},"wdio_ui5_key":"applicationmanagepartners-display-component---NewPartner--addressDetailDetailsLanguage-arrow"}]}
RESULT: {"script":"<script> [1562 bytes]","args":[{"selector":{"id":"application-managepartners-display-component---NewPartner--addressDetailDetailsLanguage-arrow"},"wdio_ui5_key":"applicationmanagepartners-display-component---NewPartner--addressDetailDetailsLanguage-arrow"}]}
RESULT: undefined
COMMAND: POST /session/4e36bf80fbca1927c571a30744d2eac8/element - {"using":"xpath","value":"//*[@id=\"application-managepartners-display-component---NewPartner--addressDetailDetailsLanguage-arrow\"]"}
RESULT: {"using":"xpath","value":"//*[@id=\"application-managepartners-display-component---NewPartner--addressDetailDetailsLanguage-arrow\"]"}
COMMAND: POST /session/4e36bf80fbca1927c571a30744d2eac8/element/f.F4B8E6AEE0F35DB2CB5FDCA58BEB4CC0.d.CD92FD7AC6B4BDAA4F685E159195A99D.e.5115/click - {}
RESULT: {}
COMMAND: POST /session/4e36bf80fbca1927c571a30744d2eac8/element - {"using":"xpath","value":"//span[contains(text(), \"English\")]"}
COMMAND: GET /session/4e36bf80fbca1927c571a30744d2eac8/screenshot - {}
RESULT: {"using":"xpath","value":"//span[contains(text(), \"English\")]"}
COMMAND: POST /session/4e36bf80fbca1927c571a30744d2eac8/element/f.F4B8E6AEE0F35DB2CB5FDCA58BEB4CC0.d.CD92FD7AC6B4BDAA4F685E159195A99D.e.5116/click - {}
RESULT: {}
RESULT: {}
COMMAND: GET /session/4e36bf80fbca1927c571a30744d2eac8/screenshot - {}
RESULT: {}
COMMAND: POST /session/4e36bf80fbca1927c571a30744d2eac8/execute/async - {"script":"<script> [1562 bytes]","args":[{"selector":{"id":"application-managepartners-display-component---NewPartner--addressDetailDetailsCity1","interaction":{"idSuffix":"inner"}},"wdio_ui5_key":"applicationmanagepartners-display-component---NewPartner--addressDetailDetailsCity1"}]}
RESULT: {"script":"<script> [1562 bytes]","args":[{"selector":{"id":"application-managepartners-display-component---NewPartner--addressDetailDetailsCity1","interaction":{"idSuffix":"inner"}},"wdio_ui5_key":"applicationmanagepartners-display-component---NewPartner--addressDetailDetailsCity1"}]}
RESULT: undefined
COMMAND: POST /session/4e36bf80fbca1927c571a30744d2eac8/execute/async - {"script":"<script> [776 bytes]","args":[{"enterText":"Rosario","selector":{"id":"application-managepartners-display-component---NewPartner--addressDetailDetailsCity1","interaction":{"idSuffix":"inner"}},"clearTextFirst":true,"interactionType":"ENTER_TEXT"}]}
RESULT: {"script":"<script> [776 bytes]","args":[{"enterText":"Rosario","selector":{"id":"application-managepartners-display-component---NewPartner--addressDetailDetailsCity1","interaction":{"idSuffix":"inner"}},"clearTextFirst":true,"interactionType":"ENTER_TEXT"}]}
COMMAND: POST /session/4e36bf80fbca1927c571a30744d2eac8/execute/async - {"script":"<script> [1562 bytes]","args":[{"selector":{"id":"application-managepartners-display-component---NewPartner--addressDetailDetailsCountry-arrow"},"wdio_ui5_key":"applicationmanagepartners-display-component---NewPartner--addressDetailDetailsCountry-arrow"}]}
RESULT: {"script":"<script> [1562 bytes]","args":[{"selector":{"id":"application-managepartners-display-component---NewPartner--addressDetailDetailsCountry-arrow"},"wdio_ui5_key":"applicationmanagepartners-display-component---NewPartner--addressDetailDetailsCountry-arrow"}]}
RESULT: undefined
COMMAND: POST /session/4e36bf80fbca1927c571a30744d2eac8/element - {"using":"xpath","value":"//*[@id=\"application-managepartners-display-component---NewPartner--addressDetailDetailsCountry-arrow\"]"}
RESULT: {"using":"xpath","value":"//*[@id=\"application-managepartners-display-component---NewPartner--addressDetailDetailsCountry-arrow\"]"}
COMMAND: POST /session/4e36bf80fbca1927c571a30744d2eac8/element/f.F4B8E6AEE0F35DB2CB5FDCA58BEB4CC0.d.CD92FD7AC6B4BDAA4F685E159195A99D.e.5102/click - {}
RESULT: {}
COMMAND: POST /session/4e36bf80fbca1927c571a30744d2eac8/element - {"using":"xpath","value":"//span[contains(text(), \"Argentina\")]"}
COMMAND: GET /session/4e36bf80fbca1927c571a30744d2eac8/screenshot - {}
RESULT: {"using":"xpath","value":"//span[contains(text(), \"Argentina\")]"}
COMMAND: POST /session/4e36bf80fbca1927c571a30744d2eac8/element/f.F4B8E6AEE0F35DB2CB5FDCA58BEB4CC0.d.CD92FD7AC6B4BDAA4F685E159195A99D.e.5118/click - {}
RESULT: {}
RESULT: {}
COMMAND: GET /session/4e36bf80fbca1927c571a30744d2eac8/screenshot - {}
RESULT: {}
COMMAND: POST /session/4e36bf80fbca1927c571a30744d2eac8/element - {"using":"xpath","value":"//bdi[contains(text(), \"Commercial\")]"}
RESULT: {"using":"xpath","value":"//bdi[contains(text(), \"Commercial\")]"}
COMMAND: POST /session/4e36bf80fbca1927c571a30744d2eac8/element/f.F4B8E6AEE0F35DB2CB5FDCA58BEB4CC0.d.CD92FD7AC6B4BDAA4F685E159195A99D.e.5119/click - {}
RESULT: {}
COMMAND: GET /session/4e36bf80fbca1927c571a30744d2eac8/screenshot - {}
RESULT: {}
COMMAND: POST /session/4e36bf80fbca1927c571a30744d2eac8/execute/async - {"script":"<script> [1562 bytes]","args":[{"selector":{"id":"application-managepartners-display-component---NewPartner--partnerDetailInternal-arrow"},"wdio_ui5_key":"applicationmanagepartners-display-component---NewPartner--partnerDetailInternal-arrow"}]}
RESULT: {"script":"<script> [1562 bytes]","args":[{"selector":{"id":"application-managepartners-display-component---NewPartner--partnerDetailInternal-arrow"},"wdio_ui5_key":"applicationmanagepartners-display-component---NewPartner--partnerDetailInternal-arrow"}]}
RESULT: undefined
COMMAND: POST /session/4e36bf80fbca1927c571a30744d2eac8/element - {"using":"xpath","value":"//*[@id=\"application-managepartners-display-component---NewPartner--partnerDetailInternal-arrow\"]"}
RESULT: {"using":"xpath","value":"//*[@id=\"application-managepartners-display-component---NewPartner--partnerDetailInternal-arrow\"]"}
COMMAND: POST /session/4e36bf80fbca1927c571a30744d2eac8/element/f.F4B8E6AEE0F35DB2CB5FDCA58BEB4CC0.d.CD92FD7AC6B4BDAA4F685E159195A99D.e.5125/click - {}
RESULT: {}
COMMAND: POST /session/4e36bf80fbca1927c571a30744d2eac8/element - {"using":"xpath","value":"//span[contains(text(), \"Affiliated company\")]"}
COMMAND: GET /session/4e36bf80fbca1927c571a30744d2eac8/screenshot - {}
RESULT: {"using":"xpath","value":"//span[contains(text(), \"Affiliated company\")]"}
COMMAND: POST /session/4e36bf80fbca1927c571a30744d2eac8/element/f.F4B8E6AEE0F35DB2CB5FDCA58BEB4CC0.d.CD92FD7AC6B4BDAA4F685E159195A99D.e.5126/click - {}
RESULT: {}
RESULT: {}
COMMAND: POST /session/4e36bf80fbca1927c571a30744d2eac8/execute/async - {"script":"<script> [1562 bytes]","args":[{"selector":{"id":"application-managepartners-display-component---NewPartner--partnerDetailsCurrency-arrow"},"wdio_ui5_key":"applicationmanagepartners-display-component---NewPartner--partnerDetailsCurrency-arrow"}]}
COMMAND: GET /session/4e36bf80fbca1927c571a30744d2eac8/screenshot - {}
RESULT: {"script":"<script> [1562 bytes]","args":[{"selector":{"id":"application-managepartners-display-component---NewPartner--partnerDetailsCurrency-arrow"},"wdio_ui5_key":"applicationmanagepartners-display-component---NewPartner--partnerDetailsCurrency-arrow"}]}
RESULT: undefined
COMMAND: POST /session/4e36bf80fbca1927c571a30744d2eac8/element - {"using":"xpath","value":"//*[@id=\"application-managepartners-display-component---NewPartner--partnerDetailsCurrency-arrow\"]"}
RESULT: {}
RESULT: {"using":"xpath","value":"//*[@id=\"application-managepartners-display-component---NewPartner--partnerDetailsCurrency-arrow\"]"}
COMMAND: POST /session/4e36bf80fbca1927c571a30744d2eac8/element/f.F4B8E6AEE0F35DB2CB5FDCA58BEB4CC0.d.CD92FD7AC6B4BDAA4F685E159195A99D.e.5133/click - {}
RESULT: {}
COMMAND: POST /session/4e36bf80fbca1927c571a30744d2eac8/element - {"using":"xpath","value":"//span[contains(text(), \"Euro\")]"}
COMMAND: GET /session/4e36bf80fbca1927c571a30744d2eac8/screenshot - {}
RESULT: {"using":"xpath","value":"//span[contains(text(), \"Euro\")]"}
COMMAND: POST /session/4e36bf80fbca1927c571a30744d2eac8/element/f.F4B8E6AEE0F35DB2CB5FDCA58BEB4CC0.d.CD92FD7AC6B4BDAA4F685E159195A99D.e.5134/click - {}
RESULT: {}
RESULT: {}
COMMAND: POST /session/4e36bf80fbca1927c571a30744d2eac8/execute/async - {"script":"<script> [1562 bytes]","args":[{"selector":{"id":"application-managepartners-display-component---NewPartner--addressEditDetailsCostObjectCstType-arrow"},"wdio_ui5_key":"applicationmanagepartners-display-component---NewPartner--addressEditDetailsCostObjectCstType-arrow"}]}
COMMAND: GET /session/4e36bf80fbca1927c571a30744d2eac8/screenshot - {}
RESULT: {"script":"<script> [1562 bytes]","args":[{"selector":{"id":"application-managepartners-display-component---NewPartner--addressEditDetailsCostObjectCstType-arrow"},"wdio_ui5_key":"applicationmanagepartners-display-component---NewPartner--addressEditDetailsCostObjectCstType-arrow"}]}
RESULT: undefined
COMMAND: POST /session/4e36bf80fbca1927c571a30744d2eac8/element - {"using":"xpath","value":"//*[@id=\"application-managepartners-display-component---NewPartner--addressEditDetailsCostObjectCstType-arrow\"]"}
RESULT: {}
RESULT: {"using":"xpath","value":"//*[@id=\"application-managepartners-display-component---NewPartner--addressEditDetailsCostObjectCstType-arrow\"]"}
COMMAND: POST /session/4e36bf80fbca1927c571a30744d2eac8/element/f.F4B8E6AEE0F35DB2CB5FDCA58BEB4CC0.d.CD92FD7AC6B4BDAA4F685E159195A99D.e.5135/click - {}
RESULT: {}
COMMAND: POST /session/4e36bf80fbca1927c571a30744d2eac8/element - {"using":"xpath","value":"//span[contains(text(), \"Cost Center\")]"}
COMMAND: GET /session/4e36bf80fbca1927c571a30744d2eac8/screenshot - {}
RESULT: {"using":"xpath","value":"//span[contains(text(), \"Cost Center\")]"}
COMMAND: POST /session/4e36bf80fbca1927c571a30744d2eac8/element/f.F4B8E6AEE0F35DB2CB5FDCA58BEB4CC0.d.CD92FD7AC6B4BDAA4F685E159195A99D.e.5136/click - {}
RESULT: {}
RESULT: {}
COMMAND: GET /session/4e36bf80fbca1927c571a30744d2eac8/screenshot - {}
RESULT: {}
COMMAND: POST /session/4e36bf80fbca1927c571a30744d2eac8/element - {"using":"xpath","value":"//span[@id=\"application-managepartners-display-component---NewPartner--addressNewCostObjectCstID-vhi\"]"}
RESULT: {"using":"xpath","value":"//span[@id=\"application-managepartners-display-component---NewPartner--addressNewCostObjectCstID-vhi\"]"}
COMMAND: POST /session/4e36bf80fbca1927c571a30744d2eac8/execute/sync - {"script":"<script> [8489 bytes]","args":[{"element-6066-11e4-a52e-4f735466cecf":"f.F4B8E6AEE0F35DB2CB5FDCA58BEB4CC0.d.CD92FD7AC6B4BDAA4F685E159195A99D.e.5140","ELEMENT":"f.F4B8E6AEE0F35DB2CB5FDCA58BEB4CC0.d.CD92FD7AC6B4BDAA4F685E159195A99D.e.5140"}]}
RESULT: {"script":"<script> [8489 bytes]","args":[{"element-6066-11e4-a52e-4f735466cecf":"f.F4B8E6AEE0F35DB2CB5FDCA58BEB4CC0.d.CD92FD7AC6B4BDAA4F685E159195A99D.e.5140","ELEMENT":"f.F4B8E6AEE0F35DB2CB5FDCA58BEB4CC0.d.CD92FD7AC6B4BDAA4F685E159195A99D.e.5140"}]}
COMMAND: POST /session/4e36bf80fbca1927c571a30744d2eac8/execute/async - {"script":"<script> [1562 bytes]","args":[{"selector":{"id":"application-managepartners-display-component---NewPartner--addressNewCostObjectCstID-vhi"},"wdio_ui5_key":"applicationmanagepartners-display-component---NewPartner--addressNewCostObjectCstID-vhi"}]}
COMMAND: GET /session/4e36bf80fbca1927c571a30744d2eac8/screenshot - {}
RESULT: {"script":"<script> [1562 bytes]","args":[{"selector":{"id":"application-managepartners-display-component---NewPartner--addressNewCostObjectCstID-vhi"},"wdio_ui5_key":"applicationmanagepartners-display-component---NewPartner--addressNewCostObjectCstID-vhi"}]}
RESULT: undefined
COMMAND: POST /session/4e36bf80fbca1927c571a30744d2eac8/element - {"using":"xpath","value":"//*[@id=\"application-managepartners-display-component---NewPartner--addressNewCostObjectCstID-vhi\"]"}
RESULT: {}
RESULT: {"using":"xpath","value":"//*[@id=\"application-managepartners-display-component---NewPartner--addressNewCostObjectCstID-vhi\"]"}
COMMAND: POST /session/4e36bf80fbca1927c571a30744d2eac8/element/f.F4B8E6AEE0F35DB2CB5FDCA58BEB4CC0.d.CD92FD7AC6B4BDAA4F685E159195A99D.e.5140/click - {}
RESULT: {}
COMMAND: GET /session/4e36bf80fbca1927c571a30744d2eac8/screenshot - {}
RESULT: {}
RESULT: undefined
COMMAND: POST /session/4e36bf80fbca1927c571a30744d2eac8/execute/async - {"script":"<script> [776 bytes]","args":[{"enterText":"10001013","selector":{"controlType":"sap.m.SearchField","properties":{"placeholder":"Search"},"searchOpenDialogs":true,"interaction":{"idSuffix":"I"}},"clearTextFirst":true,"interactionType":"ENTER_TEXT"}]}
RESULT: {"script":"<script> [776 bytes]","args":[{"enterText":"10001013","selector":{"controlType":"sap.m.SearchField","properties":{"placeholder":"Search"},"searchOpenDialogs":true,"interaction":{"idSuffix":"I"}},"clearTextFirst":true,"interactionType":"ENTER_TEXT"}]}
COMMAND: POST /session/4e36bf80fbca1927c571a30744d2eac8/actions - {"actions":[{"id":"action20","type":"key","parameters":{},"actions":[{"type":"keyDown","value":"î€‡"},{"type":"pause","duration":10},{"type":"keyUp","value":"î€‡"}]}]}
RESULT: {"actions":[{"id":"action20","type":"key","parameters":{},"actions":[{"type":"keyDown","value":"î€‡"},{"type":"pause","duration":10},{"type":"keyUp","value":"î€‡"}]}]}
COMMAND: GET /session/4e36bf80fbca1927c571a30744d2eac8/screenshot - {}
RESULT: {}
COMMAND: POST /session/4e36bf80fbca1927c571a30744d2eac8/element - {"using":"xpath","value":"//span[contains(text(), \"General Management\")]"}
RESULT: {"using":"xpath","value":"//span[contains(text(), \"General Management\")]"}
COMMAND: POST /session/4e36bf80fbca1927c571a30744d2eac8/element/f.F4B8E6AEE0F35DB2CB5FDCA58BEB4CC0.d.CD92FD7AC6B4BDAA4F685E159195A99D.e.5179/click - {}
RESULT: {}
COMMAND: GET /session/4e36bf80fbca1927c571a30744d2eac8/screenshot - {}
RESULT: {}
COMMAND: POST /session/4e36bf80fbca1927c571a30744d2eac8/element - {"using":"xpath","value":"//bdi[contains(text(), \"OK\")]"}
RESULT: {"using":"xpath","value":"//bdi[contains(text(), \"OK\")]"}
COMMAND: POST /session/4e36bf80fbca1927c571a30744d2eac8/element/f.F4B8E6AEE0F35DB2CB5FDCA58BEB4CC0.d.CD92FD7AC6B4BDAA4F685E159195A99D.e.5180/click - {}
RESULT: {}
COMMAND: GET /session/4e36bf80fbca1927c571a30744d2eac8/screenshot - {}
RESULT: {}
COMMAND: POST /session/4e36bf80fbca1927c571a30744d2eac8/element - {"using":"xpath","value":"//input[@id=\"application-managepartners-display-component---NewPartner--companyCodeComboBox-inner\"]"}
RESULT: {"using":"xpath","value":"//input[@id=\"application-managepartners-display-component---NewPartner--companyCodeComboBox-inner\"]"}
COMMAND: POST /session/4e36bf80fbca1927c571a30744d2eac8/element/f.F4B8E6AEE0F35DB2CB5FDCA58BEB4CC0.d.CD92FD7AC6B4BDAA4F685E159195A99D.e.4933/clear - {}
RESULT: {}
COMMAND: POST /session/4e36bf80fbca1927c571a30744d2eac8/element/f.F4B8E6AEE0F35DB2CB5FDCA58BEB4CC0.d.CD92FD7AC6B4BDAA4F685E159195A99D.e.4933/value - {"text":"1000"}
COMMAND: GET /session/4e36bf80fbca1927c571a30744d2eac8/screenshot - {}
RESULT: {"text":"1000"}
COMMAND: GET /session/4e36bf80fbca1927c571a30744d2eac8/screenshot - {}
RESULT: {}
RESULT: {}
COMMAND: POST /session/4e36bf80fbca1927c571a30744d2eac8/element - {"using":"xpath","value":"//li[.//span[text()= \"1000\"]]"}
RESULT: {"using":"xpath","value":"//li[.//span[text()= \"1000\"]]"}
COMMAND: POST /session/4e36bf80fbca1927c571a30744d2eac8/element/f.F4B8E6AEE0F35DB2CB5FDCA58BEB4CC0.d.CD92FD7AC6B4BDAA4F685E159195A99D.e.5186/click - {}
RESULT: {}
COMMAND: GET /session/4e36bf80fbca1927c571a30744d2eac8/screenshot - {}
RESULT: {}
COMMAND: POST /session/4e36bf80fbca1927c571a30744d2eac8/execute/async - {"script":"<script> [1562 bytes]","args":[{"selector":{"id":"application-managepartners-display-component---NewPartner--btnAddTableRow-img"},"wdio_ui5_key":"applicationmanagepartners-display-component---NewPartner--btnAddTableRow-img"}]}
RESULT: {"script":"<script> [1562 bytes]","args":[{"selector":{"id":"application-managepartners-display-component---NewPartner--btnAddTableRow-img"},"wdio_ui5_key":"applicationmanagepartners-display-component---NewPartner--btnAddTableRow-img"}]}
RESULT: undefined
COMMAND: POST /session/4e36bf80fbca1927c571a30744d2eac8/element - {"using":"xpath","value":"//*[@id=\"application-managepartners-display-component---NewPartner--btnAddTableRow-img\"]"}
RESULT: {"using":"xpath","value":"//*[@id=\"application-managepartners-display-component---NewPartner--btnAddTableRow-img\"]"}
COMMAND: POST /session/4e36bf80fbca1927c571a30744d2eac8/element/f.F4B8E6AEE0F35DB2CB5FDCA58BEB4CC0.d.CD92FD7AC6B4BDAA4F685E159195A99D.e.5187/click - {}
RESULT: {}
COMMAND: GET /session/4e36bf80fbca1927c571a30744d2eac8/screenshot - {}
RESULT: {}
COMMAND: POST /session/4e36bf80fbca1927c571a30744d2eac8/element - {"using":"xpath","value":"//input[@id=\"application-managepartners-display-component---NewPartner--assignmentYard-application-managepartners-display-component---NewPartner--assignmentsTable-0-inner\"]"}
RESULT: {"using":"xpath","value":"//input[@id=\"application-managepartners-display-component---NewPartner--assignmentYard-application-managepartners-display-component---NewPartner--assignmentsTable-0-inner\"]"}
COMMAND: POST /session/4e36bf80fbca1927c571a30744d2eac8/element/f.F4B8E6AEE0F35DB2CB5FDCA58BEB4CC0.d.CD92FD7AC6B4BDAA4F685E159195A99D.e.5190/clear - {}
RESULT: {}
COMMAND: POST /session/4e36bf80fbca1927c571a30744d2eac8/element/f.F4B8E6AEE0F35DB2CB5FDCA58BEB4CC0.d.CD92FD7AC6B4BDAA4F685E159195A99D.e.5190/value - {"text":"190"}
COMMAND: GET /session/4e36bf80fbca1927c571a30744d2eac8/screenshot - {}
RESULT: {"text":"190"}
COMMAND: GET /session/4e36bf80fbca1927c571a30744d2eac8/screenshot - {}
RESULT: {}
RESULT: {}
COMMAND: POST /session/4e36bf80fbca1927c571a30744d2eac8/element - {"using":"xpath","value":"//li[.//span[text()='190']]"}
RESULT: {"using":"xpath","value":"//li[.//span[text()='190']]"}
COMMAND: POST /session/4e36bf80fbca1927c571a30744d2eac8/element/f.F4B8E6AEE0F35DB2CB5FDCA58BEB4CC0.d.CD92FD7AC6B4BDAA4F685E159195A99D.e.5199/click - {}
RESULT: {}
COMMAND: GET /session/4e36bf80fbca1927c571a30744d2eac8/screenshot - {}
RESULT: {}
COMMAND: POST /session/4e36bf80fbca1927c571a30744d2eac8/actions - {"actions":[{"id":"action21","type":"key","parameters":{},"actions":[{"type":"keyDown","value":"î€‡"},{"type":"pause","duration":10},{"type":"keyUp","value":"î€‡"}]}]}
RESULT: {"actions":[{"id":"action21","type":"key","parameters":{},"actions":[{"type":"keyDown","value":"î€‡"},{"type":"pause","duration":10},{"type":"keyUp","value":"î€‡"}]}]}
COMMAND: POST /session/4e36bf80fbca1927c571a30744d2eac8/execute/async - {"script":"<script> [1562 bytes]","args":[{"selector":{"id":"application-managepartners-display-component---NewPartner--externalCustomerComboBox-application-managepartners-display-component---NewPartner--assignmentsTable-0-vhi"},"wdio_ui5_key":"applicationmanagepartners-display-component---NewPartner--externalCustomerComboBox-application-managepartners-display-component---NewPartner--assignmentsTable-0-vhi"}]}
COMMAND: GET /session/4e36bf80fbca1927c571a30744d2eac8/screenshot - {}
RESULT: {"script":"<script> [1562 bytes]","args":[{"selector":{"id":"application-managepartners-display-component---NewPartner--externalCustomerComboBox-application-managepartners-display-component---NewPartner--assignmentsTable-0-vhi"},"wdio_ui5_key":"applicationmanagepartners-display-component---NewPartner--externalCustomerComboBox-application-managepartners-display-component---NewPartner--assignmentsTable-0-vhi"}]}
RESULT: undefined
COMMAND: POST /session/4e36bf80fbca1927c571a30744d2eac8/element - {"using":"xpath","value":"//*[@id=\"application-managepartners-display-component---NewPartner--externalCustomerComboBox-application-managepartners-display-component---NewPartner--assignmentsTable-0-vhi\"]"}
RESULT: {}
RESULT: {"using":"xpath","value":"//*[@id=\"application-managepartners-display-component---NewPartner--externalCustomerComboBox-application-managepartners-display-component---NewPartner--assignmentsTable-0-vhi\"]"}
COMMAND: POST /session/4e36bf80fbca1927c571a30744d2eac8/element/f.F4B8E6AEE0F35DB2CB5FDCA58BEB4CC0.d.CD92FD7AC6B4BDAA4F685E159195A99D.e.5203/click - {}
RESULT: {}
RESULT: undefined
COMMAND: POST /session/4e36bf80fbca1927c571a30744d2eac8/execute/async - {"script":"<script> [776 bytes]","args":[{"enterText":"300003","selector":{"controlType":"sap.m.SearchField","properties":{"placeholder":"Search"},"searchOpenDialogs":true,"interaction":{"idSuffix":"I"}},"clearTextFirst":true,"interactionType":"ENTER_TEXT"}]}
COMMAND: GET /session/4e36bf80fbca1927c571a30744d2eac8/screenshot - {}
RESULT: {"script":"<script> [776 bytes]","args":[{"enterText":"300003","selector":{"controlType":"sap.m.SearchField","properties":{"placeholder":"Search"},"searchOpenDialogs":true,"interaction":{"idSuffix":"I"}},"clearTextFirst":true,"interactionType":"ENTER_TEXT"}]}
COMMAND: POST /session/4e36bf80fbca1927c571a30744d2eac8/actions - {"actions":[{"id":"action22","type":"key","parameters":{},"actions":[{"type":"keyDown","value":"î€‡"},{"type":"pause","duration":10},{"type":"keyUp","value":"î€‡"}]}]}
RESULT: {}
RESULT: {"actions":[{"id":"action22","type":"key","parameters":{},"actions":[{"type":"keyDown","value":"î€‡"},{"type":"pause","duration":10},{"type":"keyUp","value":"î€‡"}]}]}
COMMAND: GET /session/4e36bf80fbca1927c571a30744d2eac8/screenshot - {}
RESULT: {}
COMMAND: POST /session/4e36bf80fbca1927c571a30744d2eac8/element - {"using":"xpath","value":"//span[contains(text(), \"300003\")]"}
RESULT: {"using":"xpath","value":"//span[contains(text(), \"300003\")]"}
COMMAND: POST /session/4e36bf80fbca1927c571a30744d2eac8/element/f.F4B8E6AEE0F35DB2CB5FDCA58BEB4CC0.d.CD92FD7AC6B4BDAA4F685E159195A99D.e.5222/click - {}
RESULT: {}
COMMAND: GET /session/4e36bf80fbca1927c571a30744d2eac8/screenshot - {}
RESULT: {}
COMMAND: POST /session/4e36bf80fbca1927c571a30744d2eac8/element - {"using":"xpath","value":"//bdi[contains(text(), \"OK\")]"}
RESULT: {"using":"xpath","value":"//bdi[contains(text(), \"OK\")]"}
COMMAND: POST /session/4e36bf80fbca1927c571a30744d2eac8/element/f.F4B8E6AEE0F35DB2CB5FDCA58BEB4CC0.d.CD92FD7AC6B4BDAA4F685E159195A99D.e.5224/click - {}
RESULT: {}
COMMAND: GET /session/4e36bf80fbca1927c571a30744d2eac8/screenshot - {}
RESULT: {}
COMMAND: POST /session/4e36bf80fbca1927c571a30744d2eac8/execute/async - {"script":"<script> [1562 bytes]","args":[{"selector":{"id":"application-managepartners-display-component---NewPartner--intercompVendorComboBox-application-managepartners-display-component---NewPartner--assignmentsTable-0-vhi"},"wdio_ui5_key":"applicationmanagepartners-display-component---NewPartner--intercompVendorComboBox-application-managepartners-display-component---NewPartner--assignmentsTable-0-vhi"}]}
RESULT: {"script":"<script> [1562 bytes]","args":[{"selector":{"id":"application-managepartners-display-component---NewPartner--intercompVendorComboBox-application-managepartners-display-component---NewPartner--assignmentsTable-0-vhi"},"wdio_ui5_key":"applicationmanagepartners-display-component---NewPartner--intercompVendorComboBox-application-managepartners-display-component---NewPartner--assignmentsTable-0-vhi"}]}
RESULT: undefined
COMMAND: POST /session/4e36bf80fbca1927c571a30744d2eac8/element - {"using":"xpath","value":"//*[@id=\"application-managepartners-display-component---NewPartner--intercompVendorComboBox-application-managepartners-display-component---NewPartner--assignmentsTable-0-vhi\"]"}
RESULT: {"using":"xpath","value":"//*[@id=\"application-managepartners-display-component---NewPartner--intercompVendorComboBox-application-managepartners-display-component---NewPartner--assignmentsTable-0-vhi\"]"}
COMMAND: POST /session/4e36bf80fbca1927c571a30744d2eac8/element/f.F4B8E6AEE0F35DB2CB5FDCA58BEB4CC0.d.CD92FD7AC6B4BDAA4F685E159195A99D.e.5227/click - {}
RESULT: {}
RESULT: undefined
COMMAND: POST /session/4e36bf80fbca1927c571a30744d2eac8/execute/async - {"script":"<script> [776 bytes]","args":[{"enterText":"100005","selector":{"controlType":"sap.m.SearchField","properties":{"placeholder":"Search"},"searchOpenDialogs":true,"interaction":{"idSuffix":"I"}},"clearTextFirst":true,"interactionType":"ENTER_TEXT"}]}
COMMAND: GET /session/4e36bf80fbca1927c571a30744d2eac8/screenshot - {}
RESULT: {"script":"<script> [776 bytes]","args":[{"enterText":"100005","selector":{"controlType":"sap.m.SearchField","properties":{"placeholder":"Search"},"searchOpenDialogs":true,"interaction":{"idSuffix":"I"}},"clearTextFirst":true,"interactionType":"ENTER_TEXT"}]}
COMMAND: POST /session/4e36bf80fbca1927c571a30744d2eac8/actions - {"actions":[{"id":"action23","type":"key","parameters":{},"actions":[{"type":"keyDown","value":"î€‡"},{"type":"pause","duration":10},{"type":"keyUp","value":"î€‡"}]}]}
RESULT: {}
RESULT: {"actions":[{"id":"action23","type":"key","parameters":{},"actions":[{"type":"keyDown","value":"î€‡"},{"type":"pause","duration":10},{"type":"keyUp","value":"î€‡"}]}]}
COMMAND: GET /session/4e36bf80fbca1927c571a30744d2eac8/screenshot - {}
RESULT: {}
COMMAND: POST /session/4e36bf80fbca1927c571a30744d2eac8/element - {"using":"xpath","value":"//span[contains(text(), \"Penguins - Field/12345 Berlin\")]"}
RESULT: {"using":"xpath","value":"//span[contains(text(), \"Penguins - Field/12345 Berlin\")]"}
COMMAND: POST /session/4e36bf80fbca1927c571a30744d2eac8/element/f.F4B8E6AEE0F35DB2CB5FDCA58BEB4CC0.d.CD92FD7AC6B4BDAA4F685E159195A99D.e.5244/click - {}
RESULT: {}
COMMAND: GET /session/4e36bf80fbca1927c571a30744d2eac8/screenshot - {}
RESULT: {}
COMMAND: POST /session/4e36bf80fbca1927c571a30744d2eac8/element - {"using":"xpath","value":"//bdi[contains(text(), \"OK\")]"}
RESULT: {"using":"xpath","value":"//bdi[contains(text(), \"OK\")]"}
COMMAND: POST /session/4e36bf80fbca1927c571a30744d2eac8/element/f.F4B8E6AEE0F35DB2CB5FDCA58BEB4CC0.d.CD92FD7AC6B4BDAA4F685E159195A99D.e.5245/click - {}
RESULT: {}
COMMAND: GET /session/4e36bf80fbca1927c571a30744d2eac8/screenshot - {}
RESULT: {}
COMMAND: POST /session/4e36bf80fbca1927c571a30744d2eac8/element - {"using":"xpath","value":"//button[@data-kt=\"saveButton\"]"}
RESULT: {"using":"xpath","value":"//button[@data-kt=\"saveButton\"]"}
COMMAND: POST /session/4e36bf80fbca1927c571a30744d2eac8/element/f.F4B8E6AEE0F35DB2CB5FDCA58BEB4CC0.d.CD92FD7AC6B4BDAA4F685E159195A99D.e.5052/click - {}
RESULT: {}
COMMAND: GET /session/4e36bf80fbca1927c571a30744d2eac8/screenshot - {}
RESULT: {}
COMMAND: POST /session/4e36bf80fbca1927c571a30744d2eac8/element - {"using":"xpath","value":"//header[contains(@id, 'ObjectPageLayout-headerTitle')]/div[1]/div[2]/div[2]/span[1]"}
RESULT: {"using":"xpath","value":"//header[contains(@id, 'ObjectPageLayout-headerTitle')]/div[1]/div[2]/div[2]/span[1]"}
COMMAND: POST /session/4e36bf80fbca1927c571a30744d2eac8/elements - {"using":"xpath","value":"//header[contains(@id, 'ObjectPageLayout-headerTitle')]/div[1]/div[2]/div[2]/span[1]"}
RESULT: {"using":"xpath","value":"//header[contains(@id, 'ObjectPageLayout-headerTitle')]/div[1]/div[2]/div[2]/span[1]"}
COMMAND: POST /session/4e36bf80fbca1927c571a30744d2eac8/execute/sync - {"script":"<script> [56 bytes]","args":[{"element-6066-11e4-a52e-4f735466cecf":"f.F4B8E6AEE0F35DB2CB5FDCA58BEB4CC0.d.CD92FD7AC6B4BDAA4F685E159195A99D.e.5350","ELEMENT":"f.F4B8E6AEE0F35DB2CB5FDCA58BEB4CC0.d.CD92FD7AC6B4BDAA4F685E159195A99D.e.5350"}]}
RESULT: {"script":"<script> [56 bytes]","args":[{"element-6066-11e4-a52e-4f735466cecf":"f.F4B8E6AEE0F35DB2CB5FDCA58BEB4CC0.d.CD92FD7AC6B4BDAA4F685E159195A99D.e.5350","ELEMENT":"f.F4B8E6AEE0F35DB2CB5FDCA58BEB4CC0.d.CD92FD7AC6B4BDAA4F685E159195A99D.e.5350"}]}
COMMAND: POST /session/4e36bf80fbca1927c571a30744d2eac8/element - {"using":"css selector","value":"#shell-header-logo"}
COMMAND: GET /session/4e36bf80fbca1927c571a30744d2eac8/screenshot - {}
RESULT: {"using":"css selector","value":"#shell-header-logo"}
COMMAND: POST /session/4e36bf80fbca1927c571a30744d2eac8/element/f.F4B8E6AEE0F35DB2CB5FDCA58BEB4CC0.d.CD92FD7AC6B4BDAA4F685E159195A99D.e.4743/click - {}
RESULT: {}
RESULT: {}
COMMAND: GET /session/4e36bf80fbca1927c571a30744d2eac8/screenshot - {}
RESULT: {}
COMMAND: POST /session/4e36bf80fbca1927c571a30744d2eac8/execute/sync - {"script":"<script> [299 bytes]","args":[["getModel","getResource"]]}
RESULT: {"script":"<script> [299 bytes]","args":[["getModel","getResource"]]}
COMMAND: GET /session/4e36bf80fbca1927c571a30744d2eac8/screenshot - {}
]]></system-out>
    </testcase>
    <testcase classname="chrome.136_0_7103_49.windows.Billing_Transfer_-_Intracompany_US127249" name="Should create a new site" time="92.98">
      <system-out><![CDATA[
COMMAND: POST /session/4e36bf80fbca1927c571a30744d2eac8/execute/async - {"script":"<script> [1562 bytes]","args":[{"selector":{"controlType":"sap.m.TileContent","bindingPath":{"path":"","propertyPath":"/properties/info"},"ancestor":{"controlType":"sap.m.GenericTile","properties":{"header":"Manage Sites"}}},"wdio_ui5_key":"sapm.TileContent{\"path\":\"\",\"propertyPath\":\"/properties/info\"}{\"controlType\":\"sap.m.GenericTile\",\"properties\":{\"header\":\"Manage Sites\"}}"}]}
RESULT: {}
RESULT: {"script":"<script> [1562 bytes]","args":[{"selector":{"controlType":"sap.m.TileContent","bindingPath":{"path":"","propertyPath":"/properties/info"},"ancestor":{"controlType":"sap.m.GenericTile","properties":{"header":"Manage Sites"}}},"wdio_ui5_key":"sapm.TileContent{\"path\":\"\",\"propertyPath\":\"/properties/info\"}{\"controlType\":\"sap.m.GenericTile\",\"properties\":{\"header\":\"Manage Sites\"}}"}]}
RESULT: undefined
COMMAND: POST /session/4e36bf80fbca1927c571a30744d2eac8/element - {"using":"xpath","value":"//*[@id=\"__xmlview7--numericTileContent\"]"}
RESULT: {"using":"xpath","value":"//*[@id=\"__xmlview7--numericTileContent\"]"}
COMMAND: POST /session/4e36bf80fbca1927c571a30744d2eac8/element/f.F4B8E6AEE0F35DB2CB5FDCA58BEB4CC0.d.CD92FD7AC6B4BDAA4F685E159195A99D.e.5352/click - {}
RESULT: {}
COMMAND: POST /session/4e36bf80fbca1927c571a30744d2eac8/element - {"using":"xpath","value":"//button[@data-kt=\"addOverflowToolbarButton\"]"}
COMMAND: GET /session/4e36bf80fbca1927c571a30744d2eac8/screenshot - {}
RESULT: {"using":"xpath","value":"//button[@data-kt=\"addOverflowToolbarButton\"]"}
COMMAND: POST /session/4e36bf80fbca1927c571a30744d2eac8/elements - {"using":"xpath","value":"//button[@data-kt=\"addOverflowToolbarButton\"]"}
RESULT: {}
RESULT: {"using":"xpath","value":"//button[@data-kt=\"addOverflowToolbarButton\"]"}
COMMAND: POST /session/4e36bf80fbca1927c571a30744d2eac8/elements - {"using":"xpath","value":"//button[@data-kt=\"addOverflowToolbarButton\"]"}
RESULT: {"using":"xpath","value":"//button[@data-kt=\"addOverflowToolbarButton\"]"}
COMMAND: POST /session/4e36bf80fbca1927c571a30744d2eac8/element - {"using":"xpath","value":"//button[@data-kt=\"addOverflowToolbarButton\"]"}
RESULT: {"using":"xpath","value":"//button[@data-kt=\"addOverflowToolbarButton\"]"}
COMMAND: POST /session/4e36bf80fbca1927c571a30744d2eac8/execute/sync - {"script":"<script> [8489 bytes]","args":[{"element-6066-11e4-a52e-4f735466cecf":"f.F4B8E6AEE0F35DB2CB5FDCA58BEB4CC0.d.CD92FD7AC6B4BDAA4F685E159195A99D.e.5398","ELEMENT":"f.F4B8E6AEE0F35DB2CB5FDCA58BEB4CC0.d.CD92FD7AC6B4BDAA4F685E159195A99D.e.5398"}]}
RESULT: {"script":"<script> [8489 bytes]","args":[{"element-6066-11e4-a52e-4f735466cecf":"f.F4B8E6AEE0F35DB2CB5FDCA58BEB4CC0.d.CD92FD7AC6B4BDAA4F685E159195A99D.e.5398","ELEMENT":"f.F4B8E6AEE0F35DB2CB5FDCA58BEB4CC0.d.CD92FD7AC6B4BDAA4F685E159195A99D.e.5398"}]}
COMMAND: GET /session/4e36bf80fbca1927c571a30744d2eac8/element/f.F4B8E6AEE0F35DB2CB5FDCA58BEB4CC0.d.CD92FD7AC6B4BDAA4F685E159195A99D.e.5398/enabled - {}
COMMAND: GET /session/4e36bf80fbca1927c571a30744d2eac8/screenshot - {}
RESULT: {}
COMMAND: POST /session/4e36bf80fbca1927c571a30744d2eac8/execute/sync - {"script":"<script> [8489 bytes]","args":[{"element-6066-11e4-a52e-4f735466cecf":"f.F4B8E6AEE0F35DB2CB5FDCA58BEB4CC0.d.CD92FD7AC6B4BDAA4F685E159195A99D.e.5398","ELEMENT":"f.F4B8E6AEE0F35DB2CB5FDCA58BEB4CC0.d.CD92FD7AC6B4BDAA4F685E159195A99D.e.5398"}]}
COMMAND: GET /session/4e36bf80fbca1927c571a30744d2eac8/screenshot - {}
RESULT: {}
RESULT: {"script":"<script> [8489 bytes]","args":[{"element-6066-11e4-a52e-4f735466cecf":"f.F4B8E6AEE0F35DB2CB5FDCA58BEB4CC0.d.CD92FD7AC6B4BDAA4F685E159195A99D.e.5398","ELEMENT":"f.F4B8E6AEE0F35DB2CB5FDCA58BEB4CC0.d.CD92FD7AC6B4BDAA4F685E159195A99D.e.5398"}]}
COMMAND: POST /session/4e36bf80fbca1927c571a30744d2eac8/execute/sync - {"script":"<script> [5351 bytes]","args":[{"element-6066-11e4-a52e-4f735466cecf":"f.F4B8E6AEE0F35DB2CB5FDCA58BEB4CC0.d.CD92FD7AC6B4BDAA4F685E159195A99D.e.5398","ELEMENT":"f.F4B8E6AEE0F35DB2CB5FDCA58BEB4CC0.d.CD92FD7AC6B4BDAA4F685E159195A99D.e.5398"}]}
COMMAND: GET /session/4e36bf80fbca1927c571a30744d2eac8/screenshot - {}
RESULT: {}
RESULT: {"script":"<script> [5351 bytes]","args":[{"element-6066-11e4-a52e-4f735466cecf":"f.F4B8E6AEE0F35DB2CB5FDCA58BEB4CC0.d.CD92FD7AC6B4BDAA4F685E159195A99D.e.5398","ELEMENT":"f.F4B8E6AEE0F35DB2CB5FDCA58BEB4CC0.d.CD92FD7AC6B4BDAA4F685E159195A99D.e.5398"}]}
COMMAND: POST /session/4e36bf80fbca1927c571a30744d2eac8/element/f.F4B8E6AEE0F35DB2CB5FDCA58BEB4CC0.d.CD92FD7AC6B4BDAA4F685E159195A99D.e.5398/click - {}
COMMAND: GET /session/4e36bf80fbca1927c571a30744d2eac8/screenshot - {}
RESULT: {}
RESULT: {}
COMMAND: GET /session/4e36bf80fbca1927c571a30744d2eac8/screenshot - {}
RESULT: {}
RESULT: {}
COMMAND: POST /session/4e36bf80fbca1927c571a30744d2eac8/element - {"using":"xpath","value":"//input[@id=\"application-managesites-display-component---NewSite--siteId-inner\"]"}
RESULT: {"using":"xpath","value":"//input[@id=\"application-managesites-display-component---NewSite--siteId-inner\"]"}
COMMAND: POST /session/4e36bf80fbca1927c571a30744d2eac8/element - {"using":"xpath","value":"//input[@id=\"application-managesites-display-component---NewSite--siteId-inner\"]"}
RESULT: {"using":"xpath","value":"//input[@id=\"application-managesites-display-component---NewSite--siteId-inner\"]"}
COMMAND: POST /session/4e36bf80fbca1927c571a30744d2eac8/execute/async - {"script":"<script> [1562 bytes]","args":[{"selector":{"id":"application-managesites-display-component---NewSite--addressDetailDetailsName1","interaction":{"idSuffix":"inner"}},"wdio_ui5_key":"applicationmanagesites-display-component---NewSite--addressDetailDetailsName1"}]}
RESULT: {"script":"<script> [1562 bytes]","args":[{"selector":{"id":"application-managesites-display-component---NewSite--addressDetailDetailsName1","interaction":{"idSuffix":"inner"}},"wdio_ui5_key":"applicationmanagesites-display-component---NewSite--addressDetailDetailsName1"}]}
RESULT: undefined
COMMAND: POST /session/4e36bf80fbca1927c571a30744d2eac8/execute/async - {"script":"<script> [776 bytes]","args":[{"enterText":"Intracompany Site wdIO","selector":{"id":"application-managesites-display-component---NewSite--addressDetailDetailsName1","interaction":{"idSuffix":"inner"}},"clearTextFirst":true,"interactionType":"ENTER_TEXT"}]}
RESULT: {"script":"<script> [776 bytes]","args":[{"enterText":"Intracompany Site wdIO","selector":{"id":"application-managesites-display-component---NewSite--addressDetailDetailsName1","interaction":{"idSuffix":"inner"}},"clearTextFirst":true,"interactionType":"ENTER_TEXT"}]}
COMMAND: POST /session/4e36bf80fbca1927c571a30744d2eac8/execute/async - {"script":"<script> [1562 bytes]","args":[{"selector":{"id":"application-managesites-display-component---NewSite--addressDetailDetailsLanguage-arrow"},"wdio_ui5_key":"applicationmanagesites-display-component---NewSite--addressDetailDetailsLanguage-arrow"}]}
RESULT: {"script":"<script> [1562 bytes]","args":[{"selector":{"id":"application-managesites-display-component---NewSite--addressDetailDetailsLanguage-arrow"},"wdio_ui5_key":"applicationmanagesites-display-component---NewSite--addressDetailDetailsLanguage-arrow"}]}
RESULT: undefined
COMMAND: POST /session/4e36bf80fbca1927c571a30744d2eac8/element - {"using":"xpath","value":"//*[@id=\"application-managesites-display-component---NewSite--addressDetailDetailsLanguage-arrow\"]"}
RESULT: {"using":"xpath","value":"//*[@id=\"application-managesites-display-component---NewSite--addressDetailDetailsLanguage-arrow\"]"}
COMMAND: POST /session/4e36bf80fbca1927c571a30744d2eac8/element/f.F4B8E6AEE0F35DB2CB5FDCA58BEB4CC0.d.CD92FD7AC6B4BDAA4F685E159195A99D.e.5689/click - {}
RESULT: {}
COMMAND: POST /session/4e36bf80fbca1927c571a30744d2eac8/element - {"using":"xpath","value":"//span[contains(text(), \"English\")]"}
COMMAND: GET /session/4e36bf80fbca1927c571a30744d2eac8/screenshot - {}
RESULT: {"using":"xpath","value":"//span[contains(text(), \"English\")]"}
COMMAND: POST /session/4e36bf80fbca1927c571a30744d2eac8/element/f.F4B8E6AEE0F35DB2CB5FDCA58BEB4CC0.d.CD92FD7AC6B4BDAA4F685E159195A99D.e.5690/click - {}
RESULT: {}
RESULT: {}
COMMAND: POST /session/4e36bf80fbca1927c571a30744d2eac8/execute/async - {"script":"<script> [1562 bytes]","args":[{"selector":{"id":"application-managesites-display-component---NewSite--addressDetailDetailsCity1","interaction":{"idSuffix":"inner"}},"wdio_ui5_key":"applicationmanagesites-display-component---NewSite--addressDetailDetailsCity1"}]}
COMMAND: GET /session/4e36bf80fbca1927c571a30744d2eac8/screenshot - {}
RESULT: {"script":"<script> [1562 bytes]","args":[{"selector":{"id":"application-managesites-display-component---NewSite--addressDetailDetailsCity1","interaction":{"idSuffix":"inner"}},"wdio_ui5_key":"applicationmanagesites-display-component---NewSite--addressDetailDetailsCity1"}]}
RESULT: undefined
COMMAND: POST /session/4e36bf80fbca1927c571a30744d2eac8/execute/async - {"script":"<script> [776 bytes]","args":[{"enterText":"Rosario","selector":{"id":"application-managesites-display-component---NewSite--addressDetailDetailsCity1","interaction":{"idSuffix":"inner"}},"clearTextFirst":true,"interactionType":"ENTER_TEXT"}]}
RESULT: {}
RESULT: {"script":"<script> [776 bytes]","args":[{"enterText":"Rosario","selector":{"id":"application-managesites-display-component---NewSite--addressDetailDetailsCity1","interaction":{"idSuffix":"inner"}},"clearTextFirst":true,"interactionType":"ENTER_TEXT"}]}
COMMAND: POST /session/4e36bf80fbca1927c571a30744d2eac8/execute/async - {"script":"<script> [1562 bytes]","args":[{"selector":{"id":"application-managesites-display-component---NewSite--addressDetailDetailsCountry-arrow"},"wdio_ui5_key":"applicationmanagesites-display-component---NewSite--addressDetailDetailsCountry-arrow"}]}
RESULT: {"script":"<script> [1562 bytes]","args":[{"selector":{"id":"application-managesites-display-component---NewSite--addressDetailDetailsCountry-arrow"},"wdio_ui5_key":"applicationmanagesites-display-component---NewSite--addressDetailDetailsCountry-arrow"}]}
RESULT: undefined
COMMAND: POST /session/4e36bf80fbca1927c571a30744d2eac8/element - {"using":"xpath","value":"//*[@id=\"application-managesites-display-component---NewSite--addressDetailDetailsCountry-arrow\"]"}
RESULT: {"using":"xpath","value":"//*[@id=\"application-managesites-display-component---NewSite--addressDetailDetailsCountry-arrow\"]"}
COMMAND: POST /session/4e36bf80fbca1927c571a30744d2eac8/element/f.F4B8E6AEE0F35DB2CB5FDCA58BEB4CC0.d.CD92FD7AC6B4BDAA4F685E159195A99D.e.5692/click - {}
RESULT: {}
COMMAND: POST /session/4e36bf80fbca1927c571a30744d2eac8/element - {"using":"xpath","value":"//span[contains(text(), \"Argentina\")]"}
COMMAND: GET /session/4e36bf80fbca1927c571a30744d2eac8/screenshot - {}
RESULT: {"using":"xpath","value":"//span[contains(text(), \"Argentina\")]"}
COMMAND: POST /session/4e36bf80fbca1927c571a30744d2eac8/element/f.F4B8E6AEE0F35DB2CB5FDCA58BEB4CC0.d.CD92FD7AC6B4BDAA4F685E159195A99D.e.5693/click - {}
RESULT: {}
RESULT: {}
COMMAND: GET /session/4e36bf80fbca1927c571a30744d2eac8/screenshot - {}
RESULT: {}
COMMAND: POST /session/4e36bf80fbca1927c571a30744d2eac8/execute/async - {"script":"<script> [1562 bytes]","args":[{"selector":{"id":"application-managesites-display-component---NewSite--addressEditDetailsCostObjectCstType-arrow"},"wdio_ui5_key":"applicationmanagesites-display-component---NewSite--addressEditDetailsCostObjectCstType-arrow"}]}
RESULT: {"script":"<script> [1562 bytes]","args":[{"selector":{"id":"application-managesites-display-component---NewSite--addressEditDetailsCostObjectCstType-arrow"},"wdio_ui5_key":"applicationmanagesites-display-component---NewSite--addressEditDetailsCostObjectCstType-arrow"}]}
RESULT: undefined
COMMAND: POST /session/4e36bf80fbca1927c571a30744d2eac8/element - {"using":"xpath","value":"//*[@id=\"application-managesites-display-component---NewSite--addressEditDetailsCostObjectCstType-arrow\"]"}
RESULT: {"using":"xpath","value":"//*[@id=\"application-managesites-display-component---NewSite--addressEditDetailsCostObjectCstType-arrow\"]"}
COMMAND: POST /session/4e36bf80fbca1927c571a30744d2eac8/element/f.F4B8E6AEE0F35DB2CB5FDCA58BEB4CC0.d.CD92FD7AC6B4BDAA4F685E159195A99D.e.5695/click - {}
RESULT: {}
COMMAND: POST /session/4e36bf80fbca1927c571a30744d2eac8/element - {"using":"xpath","value":"//span[contains(text(), \"Cost Center\")]"}
COMMAND: GET /session/4e36bf80fbca1927c571a30744d2eac8/screenshot - {}
RESULT: {"using":"xpath","value":"//span[contains(text(), \"Cost Center\")]"}
COMMAND: POST /session/4e36bf80fbca1927c571a30744d2eac8/element/f.F4B8E6AEE0F35DB2CB5FDCA58BEB4CC0.d.CD92FD7AC6B4BDAA4F685E159195A99D.e.5697/click - {}
RESULT: {}
RESULT: {}
COMMAND: GET /session/4e36bf80fbca1927c571a30744d2eac8/screenshot - {}
RESULT: {}
COMMAND: POST /session/4e36bf80fbca1927c571a30744d2eac8/element - {"using":"xpath","value":"//span[@id=\"application-managesites-display-component---NewSite--addressNewCostObjectCstID-vhi\"]"}
RESULT: {"using":"xpath","value":"//span[@id=\"application-managesites-display-component---NewSite--addressNewCostObjectCstID-vhi\"]"}
COMMAND: POST /session/4e36bf80fbca1927c571a30744d2eac8/execute/sync - {"script":"<script> [8489 bytes]","args":[{"element-6066-11e4-a52e-4f735466cecf":"f.F4B8E6AEE0F35DB2CB5FDCA58BEB4CC0.d.CD92FD7AC6B4BDAA4F685E159195A99D.e.5701","ELEMENT":"f.F4B8E6AEE0F35DB2CB5FDCA58BEB4CC0.d.CD92FD7AC6B4BDAA4F685E159195A99D.e.5701"}]}
RESULT: {"script":"<script> [8489 bytes]","args":[{"element-6066-11e4-a52e-4f735466cecf":"f.F4B8E6AEE0F35DB2CB5FDCA58BEB4CC0.d.CD92FD7AC6B4BDAA4F685E159195A99D.e.5701","ELEMENT":"f.F4B8E6AEE0F35DB2CB5FDCA58BEB4CC0.d.CD92FD7AC6B4BDAA4F685E159195A99D.e.5701"}]}
COMMAND: POST /session/4e36bf80fbca1927c571a30744d2eac8/execute/async - {"script":"<script> [1562 bytes]","args":[{"selector":{"id":"application-managesites-display-component---NewSite--addressNewCostObjectCstID-vhi"},"wdio_ui5_key":"applicationmanagesites-display-component---NewSite--addressNewCostObjectCstID-vhi"}]}
COMMAND: GET /session/4e36bf80fbca1927c571a30744d2eac8/screenshot - {}
RESULT: {"script":"<script> [1562 bytes]","args":[{"selector":{"id":"application-managesites-display-component---NewSite--addressNewCostObjectCstID-vhi"},"wdio_ui5_key":"applicationmanagesites-display-component---NewSite--addressNewCostObjectCstID-vhi"}]}
RESULT: undefined
COMMAND: POST /session/4e36bf80fbca1927c571a30744d2eac8/element - {"using":"xpath","value":"//*[@id=\"application-managesites-display-component---NewSite--addressNewCostObjectCstID-vhi\"]"}
RESULT: {}
RESULT: {"using":"xpath","value":"//*[@id=\"application-managesites-display-component---NewSite--addressNewCostObjectCstID-vhi\"]"}
COMMAND: POST /session/4e36bf80fbca1927c571a30744d2eac8/element/f.F4B8E6AEE0F35DB2CB5FDCA58BEB4CC0.d.CD92FD7AC6B4BDAA4F685E159195A99D.e.5701/click - {}
RESULT: {}
COMMAND: GET /session/4e36bf80fbca1927c571a30744d2eac8/screenshot - {}
RESULT: {}
RESULT: undefined
COMMAND: POST /session/4e36bf80fbca1927c571a30744d2eac8/execute/async - {"script":"<script> [776 bytes]","args":[{"enterText":"10001013","selector":{"controlType":"sap.m.SearchField","properties":{"placeholder":"Search"},"searchOpenDialogs":true,"interaction":{"idSuffix":"I"}},"clearTextFirst":true,"interactionType":"ENTER_TEXT"}]}
RESULT: {"script":"<script> [776 bytes]","args":[{"enterText":"10001013","selector":{"controlType":"sap.m.SearchField","properties":{"placeholder":"Search"},"searchOpenDialogs":true,"interaction":{"idSuffix":"I"}},"clearTextFirst":true,"interactionType":"ENTER_TEXT"}]}
COMMAND: POST /session/4e36bf80fbca1927c571a30744d2eac8/actions - {"actions":[{"id":"action24","type":"key","parameters":{},"actions":[{"type":"keyDown","value":"î€‡"},{"type":"pause","duration":10},{"type":"keyUp","value":"î€‡"}]}]}
RESULT: {"actions":[{"id":"action24","type":"key","parameters":{},"actions":[{"type":"keyDown","value":"î€‡"},{"type":"pause","duration":10},{"type":"keyUp","value":"î€‡"}]}]}
COMMAND: GET /session/4e36bf80fbca1927c571a30744d2eac8/screenshot - {}
RESULT: {}
COMMAND: POST /session/4e36bf80fbca1927c571a30744d2eac8/element - {"using":"xpath","value":"//span[contains(text(), \"General Management\")]"}
RESULT: {"using":"xpath","value":"//span[contains(text(), \"General Management\")]"}
COMMAND: POST /session/4e36bf80fbca1927c571a30744d2eac8/element/f.F4B8E6AEE0F35DB2CB5FDCA58BEB4CC0.d.CD92FD7AC6B4BDAA4F685E159195A99D.e.5739/click - {}
RESULT: {}
COMMAND: GET /session/4e36bf80fbca1927c571a30744d2eac8/screenshot - {}
RESULT: {}
COMMAND: POST /session/4e36bf80fbca1927c571a30744d2eac8/element - {"using":"xpath","value":"//bdi[contains(text(), \"OK\")]"}
RESULT: {"using":"xpath","value":"//bdi[contains(text(), \"OK\")]"}
COMMAND: POST /session/4e36bf80fbca1927c571a30744d2eac8/element/f.F4B8E6AEE0F35DB2CB5FDCA58BEB4CC0.d.CD92FD7AC6B4BDAA4F685E159195A99D.e.5740/click - {}
RESULT: {}
COMMAND: GET /session/4e36bf80fbca1927c571a30744d2eac8/screenshot - {}
RESULT: {}
COMMAND: POST /session/4e36bf80fbca1927c571a30744d2eac8/element - {"using":"xpath","value":"//input[@id=\"application-managesites-display-component---NewSite--addressDetailDetailsCalendar-inner\"]"}
RESULT: {"using":"xpath","value":"//input[@id=\"application-managesites-display-component---NewSite--addressDetailDetailsCalendar-inner\"]"}
COMMAND: POST /session/4e36bf80fbca1927c571a30744d2eac8/element/f.F4B8E6AEE0F35DB2CB5FDCA58BEB4CC0.d.CD92FD7AC6B4BDAA4F685E159195A99D.e.5542/clear - {}
RESULT: {}
COMMAND: POST /session/4e36bf80fbca1927c571a30744d2eac8/element/f.F4B8E6AEE0F35DB2CB5FDCA58BEB4CC0.d.CD92FD7AC6B4BDAA4F685E159195A99D.e.5542/value - {"text":"Unit"}
COMMAND: GET /session/4e36bf80fbca1927c571a30744d2eac8/screenshot - {}
RESULT: {"text":"Unit"}
COMMAND: GET /session/4e36bf80fbca1927c571a30744d2eac8/screenshot - {}
RESULT: {}
RESULT: {}
COMMAND: POST /session/4e36bf80fbca1927c571a30744d2eac8/actions - {"actions":[{"id":"action25","type":"key","parameters":{},"actions":[{"type":"keyDown","value":"î€‡"},{"type":"pause","duration":10},{"type":"keyUp","value":"î€‡"}]}]}
RESULT: {"actions":[{"id":"action25","type":"key","parameters":{},"actions":[{"type":"keyDown","value":"î€‡"},{"type":"pause","duration":10},{"type":"keyUp","value":"î€‡"}]}]}
COMMAND: POST /session/4e36bf80fbca1927c571a30744d2eac8/element - {"using":"xpath","value":"//input[@id=\"application-managesites-display-component---NewSite--addressDetailDetailsYard-inner\"]"}
COMMAND: GET /session/4e36bf80fbca1927c571a30744d2eac8/screenshot - {}
RESULT: {"using":"xpath","value":"//input[@id=\"application-managesites-display-component---NewSite--addressDetailDetailsYard-inner\"]"}
COMMAND: POST /session/4e36bf80fbca1927c571a30744d2eac8/element/f.F4B8E6AEE0F35DB2CB5FDCA58BEB4CC0.d.CD92FD7AC6B4BDAA4F685E159195A99D.e.5543/clear - {}
RESULT: {}
RESULT: {}
COMMAND: POST /session/4e36bf80fbca1927c571a30744d2eac8/element/f.F4B8E6AEE0F35DB2CB5FDCA58BEB4CC0.d.CD92FD7AC6B4BDAA4F685E159195A99D.e.5543/value - {"text":"190"}
COMMAND: GET /session/4e36bf80fbca1927c571a30744d2eac8/screenshot - {}
RESULT: {"text":"190"}
COMMAND: GET /session/4e36bf80fbca1927c571a30744d2eac8/screenshot - {}
RESULT: {}
RESULT: {}
COMMAND: POST /session/4e36bf80fbca1927c571a30744d2eac8/element - {"using":"xpath","value":"//li[.//span[text()='190']]"}
RESULT: {"using":"xpath","value":"//li[.//span[text()='190']]"}
COMMAND: POST /session/4e36bf80fbca1927c571a30744d2eac8/element/f.F4B8E6AEE0F35DB2CB5FDCA58BEB4CC0.d.CD92FD7AC6B4BDAA4F685E159195A99D.e.5748/click - {}
RESULT: {}
COMMAND: GET /session/4e36bf80fbca1927c571a30744d2eac8/screenshot - {}
RESULT: {}
COMMAND: POST /session/4e36bf80fbca1927c571a30744d2eac8/element - {"using":"xpath","value":"//input[@id=\"application-managesites-display-component---NewSite--addressDetailDetailsPartner-inner\"]"}
RESULT: {"using":"xpath","value":"//input[@id=\"application-managesites-display-component---NewSite--addressDetailDetailsPartner-inner\"]"}
COMMAND: POST /session/4e36bf80fbca1927c571a30744d2eac8/element - {"using":"xpath","value":"//input[@id=\"application-managesites-display-component---NewSite--addressDetailDetailsPartner-inner\"]"}
RESULT: {"using":"xpath","value":"//input[@id=\"application-managesites-display-component---NewSite--addressDetailDetailsPartner-inner\"]"}
COMMAND: POST /session/4e36bf80fbca1927c571a30744d2eac8/element - {"using":"xpath","value":"//button[@data-kt=\"saveButton\"]"}
RESULT: {"using":"xpath","value":"//button[@data-kt=\"saveButton\"]"}
COMMAND: POST /session/4e36bf80fbca1927c571a30744d2eac8/element/f.F4B8E6AEE0F35DB2CB5FDCA58BEB4CC0.d.CD92FD7AC6B4BDAA4F685E159195A99D.e.5620/click - {}
RESULT: {}
COMMAND: GET /session/4e36bf80fbca1927c571a30744d2eac8/screenshot - {}
RESULT: {}
COMMAND: POST /session/4e36bf80fbca1927c571a30744d2eac8/element - {"using":"xpath","value":"//header[contains(@id, 'ObjectPageLayout-headerTitle')]/div[1]/div[2]/div[2]/span[1]"}
RESULT: {"using":"xpath","value":"//header[contains(@id, 'ObjectPageLayout-headerTitle')]/div[1]/div[2]/div[2]/span[1]"}
COMMAND: POST /session/4e36bf80fbca1927c571a30744d2eac8/elements - {"using":"xpath","value":"//header[contains(@id, 'ObjectPageLayout-headerTitle')]/div[1]/div[2]/div[2]/span[1]"}
RESULT: {"using":"xpath","value":"//header[contains(@id, 'ObjectPageLayout-headerTitle')]/div[1]/div[2]/div[2]/span[1]"}
COMMAND: POST /session/4e36bf80fbca1927c571a30744d2eac8/execute/sync - {"script":"<script> [56 bytes]","args":[{"element-6066-11e4-a52e-4f735466cecf":"f.F4B8E6AEE0F35DB2CB5FDCA58BEB4CC0.d.CD92FD7AC6B4BDAA4F685E159195A99D.e.5898","ELEMENT":"f.F4B8E6AEE0F35DB2CB5FDCA58BEB4CC0.d.CD92FD7AC6B4BDAA4F685E159195A99D.e.5898"}]}
RESULT: {"script":"<script> [56 bytes]","args":[{"element-6066-11e4-a52e-4f735466cecf":"f.F4B8E6AEE0F35DB2CB5FDCA58BEB4CC0.d.CD92FD7AC6B4BDAA4F685E159195A99D.e.5898","ELEMENT":"f.F4B8E6AEE0F35DB2CB5FDCA58BEB4CC0.d.CD92FD7AC6B4BDAA4F685E159195A99D.e.5898"}]}
COMMAND: POST /session/4e36bf80fbca1927c571a30744d2eac8/element - {"using":"css selector","value":"#shell-header-logo"}
COMMAND: GET /session/4e36bf80fbca1927c571a30744d2eac8/screenshot - {}
RESULT: {"using":"css selector","value":"#shell-header-logo"}
COMMAND: POST /session/4e36bf80fbca1927c571a30744d2eac8/element/f.F4B8E6AEE0F35DB2CB5FDCA58BEB4CC0.d.CD92FD7AC6B4BDAA4F685E159195A99D.e.5355/click - {}
RESULT: {}
RESULT: {}
COMMAND: GET /session/4e36bf80fbca1927c571a30744d2eac8/screenshot - {}
RESULT: {}
COMMAND: POST /session/4e36bf80fbca1927c571a30744d2eac8/execute/sync - {"script":"<script> [299 bytes]","args":[["getModel","getResource"]]}
RESULT: {"script":"<script> [299 bytes]","args":[["getModel","getResource"]]}
]]></system-out>
    </testcase>
    <testcase classname="chrome.136_0_7103_49.windows.Billing_Transfer_-_Intracompany_US127249" name="Should create a new equipment" time="126.629">
      <system-out><![CDATA[
COMMAND: POST /session/4e36bf80fbca1927c571a30744d2eac8/execute/async - {"script":"<script> [1562 bytes]","args":[{"selector":{"controlType":"sap.m.GenericTile","properties":{"header":"Manage Resources"}},"wdio_ui5_key":"sapm.GenericTile{\"header\":\"Manage Resources\"}"}]}
COMMAND: GET /session/4e36bf80fbca1927c571a30744d2eac8/screenshot - {}
RESULT: {"script":"<script> [1562 bytes]","args":[{"selector":{"controlType":"sap.m.GenericTile","properties":{"header":"Manage Resources"}},"wdio_ui5_key":"sapm.GenericTile{\"header\":\"Manage Resources\"}"}]}
RESULT: undefined
COMMAND: POST /session/4e36bf80fbca1927c571a30744d2eac8/element - {"using":"xpath","value":"//*[@id=\"__tile39\"]"}
RESULT: {}
RESULT: {"using":"xpath","value":"//*[@id=\"__tile39\"]"}
COMMAND: POST /session/4e36bf80fbca1927c571a30744d2eac8/element/f.F4B8E6AEE0F35DB2CB5FDCA58BEB4CC0.d.CD92FD7AC6B4BDAA4F685E159195A99D.e.3916/click - {}
RESULT: {}
COMMAND: POST /session/4e36bf80fbca1927c571a30744d2eac8/element - {"using":"xpath","value":"//button[@data-kt=\"addNewRUOverflowToolbarButton\"]"}
COMMAND: GET /session/4e36bf80fbca1927c571a30744d2eac8/screenshot - {}
RESULT: {"using":"xpath","value":"//button[@data-kt=\"addNewRUOverflowToolbarButton\"]"}
COMMAND: POST /session/4e36bf80fbca1927c571a30744d2eac8/elements - {"using":"xpath","value":"//button[@data-kt=\"addNewRUOverflowToolbarButton\"]"}
RESULT: {}
RESULT: {"using":"xpath","value":"//button[@data-kt=\"addNewRUOverflowToolbarButton\"]"}
COMMAND: POST /session/4e36bf80fbca1927c571a30744d2eac8/elements - {"using":"xpath","value":"//button[@data-kt=\"addNewRUOverflowToolbarButton\"]"}
RESULT: {"using":"xpath","value":"//button[@data-kt=\"addNewRUOverflowToolbarButton\"]"}
COMMAND: POST /session/4e36bf80fbca1927c571a30744d2eac8/elements - {"using":"xpath","value":"//button[@data-kt=\"addNewRUOverflowToolbarButton\"]"}
RESULT: {"using":"xpath","value":"//button[@data-kt=\"addNewRUOverflowToolbarButton\"]"}
COMMAND: POST /session/4e36bf80fbca1927c571a30744d2eac8/elements - {"using":"xpath","value":"//button[@data-kt=\"addNewRUOverflowToolbarButton\"]"}
RESULT: {"using":"xpath","value":"//button[@data-kt=\"addNewRUOverflowToolbarButton\"]"}
COMMAND: POST /session/4e36bf80fbca1927c571a30744d2eac8/elements - {"using":"xpath","value":"//button[@data-kt=\"addNewRUOverflowToolbarButton\"]"}
RESULT: {"using":"xpath","value":"//button[@data-kt=\"addNewRUOverflowToolbarButton\"]"}
COMMAND: POST /session/4e36bf80fbca1927c571a30744d2eac8/elements - {"using":"xpath","value":"//button[@data-kt=\"addNewRUOverflowToolbarButton\"]"}
RESULT: {"using":"xpath","value":"//button[@data-kt=\"addNewRUOverflowToolbarButton\"]"}
COMMAND: POST /session/4e36bf80fbca1927c571a30744d2eac8/elements - {"using":"xpath","value":"//button[@data-kt=\"addNewRUOverflowToolbarButton\"]"}
RESULT: {"using":"xpath","value":"//button[@data-kt=\"addNewRUOverflowToolbarButton\"]"}
COMMAND: POST /session/4e36bf80fbca1927c571a30744d2eac8/elements - {"using":"xpath","value":"//button[@data-kt=\"addNewRUOverflowToolbarButton\"]"}
RESULT: {"using":"xpath","value":"//button[@data-kt=\"addNewRUOverflowToolbarButton\"]"}
COMMAND: POST /session/4e36bf80fbca1927c571a30744d2eac8/elements - {"using":"xpath","value":"//button[@data-kt=\"addNewRUOverflowToolbarButton\"]"}
RESULT: {"using":"xpath","value":"//button[@data-kt=\"addNewRUOverflowToolbarButton\"]"}
COMMAND: POST /session/4e36bf80fbca1927c571a30744d2eac8/elements - {"using":"xpath","value":"//button[@data-kt=\"addNewRUOverflowToolbarButton\"]"}
RESULT: {"using":"xpath","value":"//button[@data-kt=\"addNewRUOverflowToolbarButton\"]"}
COMMAND: POST /session/4e36bf80fbca1927c571a30744d2eac8/elements - {"using":"xpath","value":"//button[@data-kt=\"addNewRUOverflowToolbarButton\"]"}
RESULT: {"using":"xpath","value":"//button[@data-kt=\"addNewRUOverflowToolbarButton\"]"}
COMMAND: POST /session/4e36bf80fbca1927c571a30744d2eac8/elements - {"using":"xpath","value":"//button[@data-kt=\"addNewRUOverflowToolbarButton\"]"}
RESULT: {"using":"xpath","value":"//button[@data-kt=\"addNewRUOverflowToolbarButton\"]"}
COMMAND: POST /session/4e36bf80fbca1927c571a30744d2eac8/elements - {"using":"xpath","value":"//button[@data-kt=\"addNewRUOverflowToolbarButton\"]"}
RESULT: {"using":"xpath","value":"//button[@data-kt=\"addNewRUOverflowToolbarButton\"]"}
COMMAND: POST /session/4e36bf80fbca1927c571a30744d2eac8/elements - {"using":"xpath","value":"//button[@data-kt=\"addNewRUOverflowToolbarButton\"]"}
RESULT: {"using":"xpath","value":"//button[@data-kt=\"addNewRUOverflowToolbarButton\"]"}
COMMAND: POST /session/4e36bf80fbca1927c571a30744d2eac8/elements - {"using":"xpath","value":"//button[@data-kt=\"addNewRUOverflowToolbarButton\"]"}
RESULT: {"using":"xpath","value":"//button[@data-kt=\"addNewRUOverflowToolbarButton\"]"}
COMMAND: POST /session/4e36bf80fbca1927c571a30744d2eac8/elements - {"using":"xpath","value":"//button[@data-kt=\"addNewRUOverflowToolbarButton\"]"}
RESULT: {"using":"xpath","value":"//button[@data-kt=\"addNewRUOverflowToolbarButton\"]"}
COMMAND: POST /session/4e36bf80fbca1927c571a30744d2eac8/elements - {"using":"xpath","value":"//button[@data-kt=\"addNewRUOverflowToolbarButton\"]"}
RESULT: {"using":"xpath","value":"//button[@data-kt=\"addNewRUOverflowToolbarButton\"]"}
COMMAND: POST /session/4e36bf80fbca1927c571a30744d2eac8/elements - {"using":"xpath","value":"//button[@data-kt=\"addNewRUOverflowToolbarButton\"]"}
RESULT: {"using":"xpath","value":"//button[@data-kt=\"addNewRUOverflowToolbarButton\"]"}
COMMAND: POST /session/4e36bf80fbca1927c571a30744d2eac8/elements - {"using":"xpath","value":"//button[@data-kt=\"addNewRUOverflowToolbarButton\"]"}
RESULT: {"using":"xpath","value":"//button[@data-kt=\"addNewRUOverflowToolbarButton\"]"}
COMMAND: POST /session/4e36bf80fbca1927c571a30744d2eac8/elements - {"using":"xpath","value":"//button[@data-kt=\"addNewRUOverflowToolbarButton\"]"}
RESULT: {"using":"xpath","value":"//button[@data-kt=\"addNewRUOverflowToolbarButton\"]"}
COMMAND: POST /session/4e36bf80fbca1927c571a30744d2eac8/elements - {"using":"xpath","value":"//button[@data-kt=\"addNewRUOverflowToolbarButton\"]"}
RESULT: {"using":"xpath","value":"//button[@data-kt=\"addNewRUOverflowToolbarButton\"]"}
COMMAND: POST /session/4e36bf80fbca1927c571a30744d2eac8/elements - {"using":"xpath","value":"//button[@data-kt=\"addNewRUOverflowToolbarButton\"]"}
RESULT: {"using":"xpath","value":"//button[@data-kt=\"addNewRUOverflowToolbarButton\"]"}
COMMAND: POST /session/4e36bf80fbca1927c571a30744d2eac8/elements - {"using":"xpath","value":"//button[@data-kt=\"addNewRUOverflowToolbarButton\"]"}
RESULT: {"using":"xpath","value":"//button[@data-kt=\"addNewRUOverflowToolbarButton\"]"}
COMMAND: POST /session/4e36bf80fbca1927c571a30744d2eac8/element - {"using":"xpath","value":"//button[@data-kt=\"addNewRUOverflowToolbarButton\"]"}
RESULT: {"using":"xpath","value":"//button[@data-kt=\"addNewRUOverflowToolbarButton\"]"}
COMMAND: POST /session/4e36bf80fbca1927c571a30744d2eac8/execute/sync - {"script":"<script> [8489 bytes]","args":[{"element-6066-11e4-a52e-4f735466cecf":"f.F4B8E6AEE0F35DB2CB5FDCA58BEB4CC0.d.CD92FD7AC6B4BDAA4F685E159195A99D.e.5930","ELEMENT":"f.F4B8E6AEE0F35DB2CB5FDCA58BEB4CC0.d.CD92FD7AC6B4BDAA4F685E159195A99D.e.5930"}]}
RESULT: {"script":"<script> [8489 bytes]","args":[{"element-6066-11e4-a52e-4f735466cecf":"f.F4B8E6AEE0F35DB2CB5FDCA58BEB4CC0.d.CD92FD7AC6B4BDAA4F685E159195A99D.e.5930","ELEMENT":"f.F4B8E6AEE0F35DB2CB5FDCA58BEB4CC0.d.CD92FD7AC6B4BDAA4F685E159195A99D.e.5930"}]}
COMMAND: GET /session/4e36bf80fbca1927c571a30744d2eac8/element/f.F4B8E6AEE0F35DB2CB5FDCA58BEB4CC0.d.CD92FD7AC6B4BDAA4F685E159195A99D.e.5930/enabled - {}
COMMAND: GET /session/4e36bf80fbca1927c571a30744d2eac8/screenshot - {}
RESULT: {}
COMMAND: POST /session/4e36bf80fbca1927c571a30744d2eac8/execute/sync - {"script":"<script> [8489 bytes]","args":[{"element-6066-11e4-a52e-4f735466cecf":"f.F4B8E6AEE0F35DB2CB5FDCA58BEB4CC0.d.CD92FD7AC6B4BDAA4F685E159195A99D.e.5930","ELEMENT":"f.F4B8E6AEE0F35DB2CB5FDCA58BEB4CC0.d.CD92FD7AC6B4BDAA4F685E159195A99D.e.5930"}]}
COMMAND: GET /session/4e36bf80fbca1927c571a30744d2eac8/screenshot - {}
RESULT: {}
RESULT: {"script":"<script> [8489 bytes]","args":[{"element-6066-11e4-a52e-4f735466cecf":"f.F4B8E6AEE0F35DB2CB5FDCA58BEB4CC0.d.CD92FD7AC6B4BDAA4F685E159195A99D.e.5930","ELEMENT":"f.F4B8E6AEE0F35DB2CB5FDCA58BEB4CC0.d.CD92FD7AC6B4BDAA4F685E159195A99D.e.5930"}]}
COMMAND: POST /session/4e36bf80fbca1927c571a30744d2eac8/execute/sync - {"script":"<script> [5351 bytes]","args":[{"element-6066-11e4-a52e-4f735466cecf":"f.F4B8E6AEE0F35DB2CB5FDCA58BEB4CC0.d.CD92FD7AC6B4BDAA4F685E159195A99D.e.5930","ELEMENT":"f.F4B8E6AEE0F35DB2CB5FDCA58BEB4CC0.d.CD92FD7AC6B4BDAA4F685E159195A99D.e.5930"}]}
COMMAND: GET /session/4e36bf80fbca1927c571a30744d2eac8/screenshot - {}
RESULT: {}
RESULT: {"script":"<script> [5351 bytes]","args":[{"element-6066-11e4-a52e-4f735466cecf":"f.F4B8E6AEE0F35DB2CB5FDCA58BEB4CC0.d.CD92FD7AC6B4BDAA4F685E159195A99D.e.5930","ELEMENT":"f.F4B8E6AEE0F35DB2CB5FDCA58BEB4CC0.d.CD92FD7AC6B4BDAA4F685E159195A99D.e.5930"}]}
COMMAND: POST /session/4e36bf80fbca1927c571a30744d2eac8/element/f.F4B8E6AEE0F35DB2CB5FDCA58BEB4CC0.d.CD92FD7AC6B4BDAA4F685E159195A99D.e.5930/click - {}
COMMAND: GET /session/4e36bf80fbca1927c571a30744d2eac8/screenshot - {}
RESULT: {}
RESULT: {}
COMMAND: GET /session/4e36bf80fbca1927c571a30744d2eac8/screenshot - {}
RESULT: {}
COMMAND: POST /session/4e36bf80fbca1927c571a30744d2eac8/execute/async - {"script":"<script> [1562 bytes]","args":[{"selector":{"id":"application-manageresources-display-component---newResourceUnit--TYPE-arrow"},"wdio_ui5_key":"applicationmanageresources-display-component---newResourceUnit--TYPE-arrow"}]}
RESULT: {}
RESULT: {"script":"<script> [1562 bytes]","args":[{"selector":{"id":"application-manageresources-display-component---newResourceUnit--TYPE-arrow"},"wdio_ui5_key":"applicationmanageresources-display-component---newResourceUnit--TYPE-arrow"}]}
RESULT: undefined
COMMAND: POST /session/4e36bf80fbca1927c571a30744d2eac8/element - {"using":"xpath","value":"//*[@id=\"application-manageresources-display-component---newResourceUnit--TYPE-arrow\"]"}
RESULT: {"using":"xpath","value":"//*[@id=\"application-manageresources-display-component---newResourceUnit--TYPE-arrow\"]"}
COMMAND: POST /session/4e36bf80fbca1927c571a30744d2eac8/element/f.F4B8E6AEE0F35DB2CB5FDCA58BEB4CC0.d.CD92FD7AC6B4BDAA4F685E159195A99D.e.6097/click - {}
RESULT: {}
COMMAND: POST /session/4e36bf80fbca1927c571a30744d2eac8/element - {"using":"xpath","value":"//input[@id=\"application-manageresources-display-component---newResourceUnit--TYPE-inner\"]"}
COMMAND: GET /session/4e36bf80fbca1927c571a30744d2eac8/screenshot - {}
RESULT: {"using":"xpath","value":"//input[@id=\"application-manageresources-display-component---newResourceUnit--TYPE-inner\"]"}
COMMAND: POST /session/4e36bf80fbca1927c571a30744d2eac8/element/f.F4B8E6AEE0F35DB2CB5FDCA58BEB4CC0.d.CD92FD7AC6B4BDAA4F685E159195A99D.e.5984/clear - {}
RESULT: {}
RESULT: {}
COMMAND: POST /session/4e36bf80fbca1927c571a30744d2eac8/element/f.F4B8E6AEE0F35DB2CB5FDCA58BEB4CC0.d.CD92FD7AC6B4BDAA4F685E159195A99D.e.5984/value - {"text":"Equipment"}
COMMAND: GET /session/4e36bf80fbca1927c571a30744d2eac8/screenshot - {}
RESULT: {"text":"Equipment"}
COMMAND: GET /session/4e36bf80fbca1927c571a30744d2eac8/screenshot - {}
RESULT: {}
RESULT: {}
COMMAND: POST /session/4e36bf80fbca1927c571a30744d2eac8/actions - {"actions":[{"id":"action26","type":"key","parameters":{},"actions":[{"type":"keyDown","value":"î€‡"},{"type":"pause","duration":10},{"type":"keyUp","value":"î€‡"}]}]}
RESULT: {"actions":[{"id":"action26","type":"key","parameters":{},"actions":[{"type":"keyDown","value":"î€‡"},{"type":"pause","duration":10},{"type":"keyUp","value":"î€‡"}]}]}
COMMAND: POST /session/4e36bf80fbca1927c571a30744d2eac8/execute/async - {"script":"<script> [1562 bytes]","args":[{"selector":{"id":"application-manageresources-display-component---newResourceUnit--resourceId","interaction":{"idSuffix":"inner"}},"wdio_ui5_key":"applicationmanageresources-display-component---newResourceUnit--resourceId"}]}
COMMAND: GET /session/4e36bf80fbca1927c571a30744d2eac8/screenshot - {}
RESULT: {"script":"<script> [1562 bytes]","args":[{"selector":{"id":"application-manageresources-display-component---newResourceUnit--resourceId","interaction":{"idSuffix":"inner"}},"wdio_ui5_key":"applicationmanageresources-display-component---newResourceUnit--resourceId"}]}
RESULT: undefined
COMMAND: POST /session/4e36bf80fbca1927c571a30744d2eac8/execute/async - {"script":"<script> [776 bytes]","args":[{"enterText":"CXWx5IyBgH","selector":{"id":"application-manageresources-display-component---newResourceUnit--resourceId","interaction":{"idSuffix":"inner"}},"clearTextFirst":true,"interactionType":"ENTER_TEXT"}]}
RESULT: {}
RESULT: {"script":"<script> [776 bytes]","args":[{"enterText":"CXWx5IyBgH","selector":{"id":"application-manageresources-display-component---newResourceUnit--resourceId","interaction":{"idSuffix":"inner"}},"clearTextFirst":true,"interactionType":"ENTER_TEXT"}]}
COMMAND: POST /session/4e36bf80fbca1927c571a30744d2eac8/execute/async - {"script":"<script> [1562 bytes]","args":[{"selector":{"id":"application-manageresources-display-component---newResourceUnit--SHORT_TEXT","interaction":{"idSuffix":"inner"}},"wdio_ui5_key":"applicationmanageresources-display-component---newResourceUnit--SHORT_TEXT"}]}
RESULT: {"script":"<script> [1562 bytes]","args":[{"selector":{"id":"application-manageresources-display-component---newResourceUnit--SHORT_TEXT","interaction":{"idSuffix":"inner"}},"wdio_ui5_key":"applicationmanageresources-display-component---newResourceUnit--SHORT_TEXT"}]}
RESULT: undefined
COMMAND: POST /session/4e36bf80fbca1927c571a30744d2eac8/execute/async - {"script":"<script> [776 bytes]","args":[{"enterText":"Intercompany Equipment WDIO","selector":{"id":"application-manageresources-display-component---newResourceUnit--SHORT_TEXT","interaction":{"idSuffix":"inner"}},"clearTextFirst":true,"interactionType":"ENTER_TEXT"}]}
RESULT: {"script":"<script> [776 bytes]","args":[{"enterText":"Intercompany Equipment WDIO","selector":{"id":"application-manageresources-display-component---newResourceUnit--SHORT_TEXT","interaction":{"idSuffix":"inner"}},"clearTextFirst":true,"interactionType":"ENTER_TEXT"}]}
COMMAND: POST /session/4e36bf80fbca1927c571a30744d2eac8/execute/async - {"script":"<script> [1562 bytes]","args":[{"selector":{"id":"application-manageresources-display-component---newResourceUnit--BASE_UNIT_OF_MEASURE","interaction":{"idSuffix":"inner"}},"wdio_ui5_key":"applicationmanageresources-display-component---newResourceUnit--BASE_UNIT_OF_MEASURE"}]}
RESULT: {"script":"<script> [1562 bytes]","args":[{"selector":{"id":"application-manageresources-display-component---newResourceUnit--BASE_UNIT_OF_MEASURE","interaction":{"idSuffix":"inner"}},"wdio_ui5_key":"applicationmanageresources-display-component---newResourceUnit--BASE_UNIT_OF_MEASURE"}]}
RESULT: undefined
COMMAND: POST /session/4e36bf80fbca1927c571a30744d2eac8/execute/async - {"script":"<script> [776 bytes]","args":[{"enterText":"Piece","selector":{"id":"application-manageresources-display-component---newResourceUnit--BASE_UNIT_OF_MEASURE","interaction":{"idSuffix":"inner"}},"clearTextFirst":true,"interactionType":"ENTER_TEXT"}]}
RESULT: {"script":"<script> [776 bytes]","args":[{"enterText":"Piece","selector":{"id":"application-manageresources-display-component---newResourceUnit--BASE_UNIT_OF_MEASURE","interaction":{"idSuffix":"inner"}},"clearTextFirst":true,"interactionType":"ENTER_TEXT"}]}
COMMAND: POST /session/4e36bf80fbca1927c571a30744d2eac8/execute/async - {"script":"<script> [1562 bytes]","args":[{"selector":{"id":"application-manageresources-display-component---newResourceUnit--WEIGHT_UNIT","interaction":{"idSuffix":"inner"}},"wdio_ui5_key":"applicationmanageresources-display-component---newResourceUnit--WEIGHT_UNIT"}]}
RESULT: {"script":"<script> [1562 bytes]","args":[{"selector":{"id":"application-manageresources-display-component---newResourceUnit--WEIGHT_UNIT","interaction":{"idSuffix":"inner"}},"wdio_ui5_key":"applicationmanageresources-display-component---newResourceUnit--WEIGHT_UNIT"}]}
RESULT: undefined
COMMAND: POST /session/4e36bf80fbca1927c571a30744d2eac8/execute/async - {"script":"<script> [776 bytes]","args":[{"enterText":"Gram","selector":{"id":"application-manageresources-display-component---newResourceUnit--WEIGHT_UNIT","interaction":{"idSuffix":"inner"}},"clearTextFirst":true,"interactionType":"ENTER_TEXT"}]}
RESULT: {"script":"<script> [776 bytes]","args":[{"enterText":"Gram","selector":{"id":"application-manageresources-display-component---newResourceUnit--WEIGHT_UNIT","interaction":{"idSuffix":"inner"}},"clearTextFirst":true,"interactionType":"ENTER_TEXT"}]}
COMMAND: POST /session/4e36bf80fbca1927c571a30744d2eac8/execute/async - {"script":"<script> [1562 bytes]","args":[{"selector":{"id":"application-manageresources-display-component---newResourceUnit--DIMENSION_UNIT","interaction":{"idSuffix":"inner"}},"wdio_ui5_key":"applicationmanageresources-display-component---newResourceUnit--DIMENSION_UNIT"}]}
RESULT: {"script":"<script> [1562 bytes]","args":[{"selector":{"id":"application-manageresources-display-component---newResourceUnit--DIMENSION_UNIT","interaction":{"idSuffix":"inner"}},"wdio_ui5_key":"applicationmanageresources-display-component---newResourceUnit--DIMENSION_UNIT"}]}
RESULT: undefined
COMMAND: POST /session/4e36bf80fbca1927c571a30744d2eac8/execute/async - {"script":"<script> [776 bytes]","args":[{"enterText":"Meter","selector":{"id":"application-manageresources-display-component---newResourceUnit--DIMENSION_UNIT","interaction":{"idSuffix":"inner"}},"clearTextFirst":true,"interactionType":"ENTER_TEXT"}]}
RESULT: {"script":"<script> [776 bytes]","args":[{"enterText":"Meter","selector":{"id":"application-manageresources-display-component---newResourceUnit--DIMENSION_UNIT","interaction":{"idSuffix":"inner"}},"clearTextFirst":true,"interactionType":"ENTER_TEXT"}]}
COMMAND: POST /session/4e36bf80fbca1927c571a30744d2eac8/execute/async - {"script":"<script> [1562 bytes]","args":[{"selector":{"id":"application-manageresources-display-component---newResourceUnit--newRRUPage-anchBar-application-manageresources-display-component---newResourceUnit--control-anchor","interaction":{"idSuffix":"BDI-content"}},"wdio_ui5_key":"applicationmanageresources-display-component---newResourceUnit--newRRUPage-anchBar-application-manageresources-display-component---newResourceUnit--control-anchor"}]}
RESULT: {"script":"<script> [1562 bytes]","args":[{"selector":{"id":"application-manageresources-display-component---newResourceUnit--newRRUPage-anchBar-application-manageresources-display-component---newResourceUnit--control-anchor","interaction":{"idSuffix":"BDI-content"}},"wdio_ui5_key":"applicationmanageresources-display-component---newResourceUnit--newRRUPage-anchBar-application-manageresources-display-component---newResourceUnit--control-anchor"}]}
RESULT: undefined
COMMAND: POST /session/4e36bf80fbca1927c571a30744d2eac8/element - {"using":"xpath","value":"//*[@id=\"application-manageresources-display-component---newResourceUnit--newRRUPage-anchBar-application-manageresources-display-component---newResourceUnit--control-anchor\"]"}
RESULT: {"using":"xpath","value":"//*[@id=\"application-manageresources-display-component---newResourceUnit--newRRUPage-anchBar-application-manageresources-display-component---newResourceUnit--control-anchor\"]"}
COMMAND: POST /session/4e36bf80fbca1927c571a30744d2eac8/element/f.F4B8E6AEE0F35DB2CB5FDCA58BEB4CC0.d.CD92FD7AC6B4BDAA4F685E159195A99D.e.6228/click - {}
RESULT: {}
COMMAND: POST /session/4e36bf80fbca1927c571a30744d2eac8/execute/async - {"script":"<script> [1562 bytes]","args":[{"selector":{"id":"application-manageresources-display-component---newResourceUnit--PLANNING_GROUP","interaction":{"idSuffix":"inner"}},"wdio_ui5_key":"applicationmanageresources-display-component---newResourceUnit--PLANNING_GROUP"}]}
COMMAND: GET /session/4e36bf80fbca1927c571a30744d2eac8/screenshot - {}
RESULT: {"script":"<script> [1562 bytes]","args":[{"selector":{"id":"application-manageresources-display-component---newResourceUnit--PLANNING_GROUP","interaction":{"idSuffix":"inner"}},"wdio_ui5_key":"applicationmanageresources-display-component---newResourceUnit--PLANNING_GROUP"}]}
RESULT: undefined
COMMAND: POST /session/4e36bf80fbca1927c571a30744d2eac8/execute/async - {"script":"<script> [776 bytes]","args":[{"enterText":"Heavy Equi","selector":{"id":"application-manageresources-display-component---newResourceUnit--PLANNING_GROUP","interaction":{"idSuffix":"inner"}},"clearTextFirst":true,"interactionType":"ENTER_TEXT"}]}
RESULT: {}
RESULT: {"script":"<script> [776 bytes]","args":[{"enterText":"Heavy Equi","selector":{"id":"application-manageresources-display-component---newResourceUnit--PLANNING_GROUP","interaction":{"idSuffix":"inner"}},"clearTextFirst":true,"interactionType":"ENTER_TEXT"}]}
COMMAND: POST /session/4e36bf80fbca1927c571a30744d2eac8/execute/async - {"script":"<script> [1562 bytes]","args":[{"selector":{"id":"application-manageresources-display-component---newResourceUnit--ITEM_TYPE-arrow"},"wdio_ui5_key":"applicationmanageresources-display-component---newResourceUnit--ITEM_TYPE-arrow"}]}
RESULT: {"script":"<script> [1562 bytes]","args":[{"selector":{"id":"application-manageresources-display-component---newResourceUnit--ITEM_TYPE-arrow"},"wdio_ui5_key":"applicationmanageresources-display-component---newResourceUnit--ITEM_TYPE-arrow"}]}
RESULT: undefined
COMMAND: POST /session/4e36bf80fbca1927c571a30744d2eac8/element - {"using":"xpath","value":"//*[@id=\"application-manageresources-display-component---newResourceUnit--ITEM_TYPE-arrow\"]"}
RESULT: {"using":"xpath","value":"//*[@id=\"application-manageresources-display-component---newResourceUnit--ITEM_TYPE-arrow\"]"}
COMMAND: POST /session/4e36bf80fbca1927c571a30744d2eac8/element/f.F4B8E6AEE0F35DB2CB5FDCA58BEB4CC0.d.CD92FD7AC6B4BDAA4F685E159195A99D.e.6237/click - {}
RESULT: {}
COMMAND: POST /session/4e36bf80fbca1927c571a30744d2eac8/element - {"using":"xpath","value":"(//span[contains(text(), \"Resource Unit\")])[2]"}
COMMAND: GET /session/4e36bf80fbca1927c571a30744d2eac8/screenshot - {}
RESULT: {"using":"xpath","value":"(//span[contains(text(), \"Resource Unit\")])[2]"}
COMMAND: POST /session/4e36bf80fbca1927c571a30744d2eac8/element/f.F4B8E6AEE0F35DB2CB5FDCA58BEB4CC0.d.CD92FD7AC6B4BDAA4F685E159195A99D.e.6238/click - {}
RESULT: {}
RESULT: {}
COMMAND: GET /session/4e36bf80fbca1927c571a30744d2eac8/screenshot - {}
RESULT: {}
COMMAND: POST /session/4e36bf80fbca1927c571a30744d2eac8/element - {"using":"css selector","value":"#application-manageresources-display-component---newResourceUnit--btnAddTimeSegment"}
RESULT: {"using":"css selector","value":"#application-manageresources-display-component---newResourceUnit--btnAddTimeSegment"}
COMMAND: GET /session/4e36bf80fbca1927c571a30744d2eac8/element/f.F4B8E6AEE0F35DB2CB5FDCA58BEB4CC0.d.CD92FD7AC6B4BDAA4F685E159195A99D.e.6239/rect - {}
RESULT: {}
COMMAND: GET /session/4e36bf80fbca1927c571a30744d2eac8/window/rect - {}
RESULT: {}
COMMAND: POST /session/4e36bf80fbca1927c571a30744d2eac8/execute/sync - {"script":"<script> [92 bytes]","args":[]}
RESULT: {"script":"<script> [92 bytes]","args":[]}
COMMAND: POST /session/4e36bf80fbca1927c571a30744d2eac8/actions - {"actions":[{"id":"action27","type":"wheel","parameters":{},"actions":[{"type":"scroll","x":-1888,"y":-32,"deltaX":0,"deltaY":0,"duration":0,"origin":{"element-6066-11e4-a52e-4f735466cecf":"f.F4B8E6AEE0F35DB2CB5FDCA58BEB4CC0.d.CD92FD7AC6B4BDAA4F685E159195A99D.e.6239"}}]}]}
COMMAND: GET /session/4e36bf80fbca1927c571a30744d2eac8/screenshot - {}
RESULT: {}
COMMAND: POST /session/4e36bf80fbca1927c571a30744d2eac8/execute/sync - {"script":"<script> [79 bytes]","args":[{"element-6066-11e4-a52e-4f735466cecf":"f.F4B8E6AEE0F35DB2CB5FDCA58BEB4CC0.d.CD92FD7AC6B4BDAA4F685E159195A99D.e.6239","ELEMENT":"f.F4B8E6AEE0F35DB2CB5FDCA58BEB4CC0.d.CD92FD7AC6B4BDAA4F685E159195A99D.e.6239"},{"block":"start","inline":"nearest"}]}
RESULT: {"script":"<script> [79 bytes]","args":[{"element-6066-11e4-a52e-4f735466cecf":"f.F4B8E6AEE0F35DB2CB5FDCA58BEB4CC0.d.CD92FD7AC6B4BDAA4F685E159195A99D.e.6239","ELEMENT":"f.F4B8E6AEE0F35DB2CB5FDCA58BEB4CC0.d.CD92FD7AC6B4BDAA4F685E159195A99D.e.6239"},{"block":"start","inline":"nearest"}]}
COMMAND: POST /session/4e36bf80fbca1927c571a30744d2eac8/execute/async - {"script":"<script> [1562 bytes]","args":[{"selector":{"id":"application-manageresources-display-component---newResourceUnit--btnAddTimeSegment","interaction":{"idSuffix":"inner"}},"wdio_ui5_key":"applicationmanageresources-display-component---newResourceUnit--btnAddTimeSegment"}]}
COMMAND: GET /session/4e36bf80fbca1927c571a30744d2eac8/screenshot - {}
RESULT: {"script":"<script> [1562 bytes]","args":[{"selector":{"id":"application-manageresources-display-component---newResourceUnit--btnAddTimeSegment","interaction":{"idSuffix":"inner"}},"wdio_ui5_key":"applicationmanageresources-display-component---newResourceUnit--btnAddTimeSegment"}]}
RESULT: undefined
COMMAND: POST /session/4e36bf80fbca1927c571a30744d2eac8/element - {"using":"xpath","value":"//*[@id=\"application-manageresources-display-component---newResourceUnit--btnAddTimeSegment\"]"}
RESULT: {}
RESULT: {"using":"xpath","value":"//*[@id=\"application-manageresources-display-component---newResourceUnit--btnAddTimeSegment\"]"}
COMMAND: POST /session/4e36bf80fbca1927c571a30744d2eac8/element/f.F4B8E6AEE0F35DB2CB5FDCA58BEB4CC0.d.CD92FD7AC6B4BDAA4F685E159195A99D.e.6239/click - {}
RESULT: {}
COMMAND: GET /session/4e36bf80fbca1927c571a30744d2eac8/screenshot - {}
RESULT: {}
COMMAND: POST /session/4e36bf80fbca1927c571a30744d2eac8/element - {"using":"xpath","value":"//input[@id=\"application-manageresources-display-component---newResourceUnit--idRuTSAdmin-application-manageresources-display-component---newResourceUnit--RUTimeSegment-0-inner\"]"}
RESULT: {"using":"xpath","value":"//input[@id=\"application-manageresources-display-component---newResourceUnit--idRuTSAdmin-application-manageresources-display-component---newResourceUnit--RUTimeSegment-0-inner\"]"}
COMMAND: POST /session/4e36bf80fbca1927c571a30744d2eac8/element/f.F4B8E6AEE0F35DB2CB5FDCA58BEB4CC0.d.CD92FD7AC6B4BDAA4F685E159195A99D.e.6245/clear - {}
RESULT: {}
COMMAND: POST /session/4e36bf80fbca1927c571a30744d2eac8/element/f.F4B8E6AEE0F35DB2CB5FDCA58BEB4CC0.d.CD92FD7AC6B4BDAA4F685E159195A99D.e.6245/value - {"text":"190"}
COMMAND: GET /session/4e36bf80fbca1927c571a30744d2eac8/screenshot - {}
RESULT: {"text":"190"}
COMMAND: GET /session/4e36bf80fbca1927c571a30744d2eac8/screenshot - {}
RESULT: {}
RESULT: {}
COMMAND: POST /session/4e36bf80fbca1927c571a30744d2eac8/element - {"using":"xpath","value":"//li[.//span[text()='190']]"}
RESULT: {"using":"xpath","value":"//li[.//span[text()='190']]"}
COMMAND: POST /session/4e36bf80fbca1927c571a30744d2eac8/element/f.F4B8E6AEE0F35DB2CB5FDCA58BEB4CC0.d.CD92FD7AC6B4BDAA4F685E159195A99D.e.6257/click - {}
RESULT: {}
COMMAND: GET /session/4e36bf80fbca1927c571a30744d2eac8/screenshot - {}
RESULT: {}
COMMAND: POST /session/4e36bf80fbca1927c571a30744d2eac8/element - {"using":"xpath","value":"(//span[contains(@id, \"-application-manageresources-display-component---newResourceUnit--RUTimeSegment-0-arrow\")])[6]"}
RESULT: {"using":"xpath","value":"(//span[contains(@id, \"-application-manageresources-display-component---newResourceUnit--RUTimeSegment-0-arrow\")])[6]"}
COMMAND: POST /session/4e36bf80fbca1927c571a30744d2eac8/element/f.F4B8E6AEE0F35DB2CB5FDCA58BEB4CC0.d.CD92FD7AC6B4BDAA4F685E159195A99D.e.6258/click - {}
RESULT: {}
COMMAND: GET /session/4e36bf80fbca1927c571a30744d2eac8/screenshot - {}
RESULT: {}
COMMAND: POST /session/4e36bf80fbca1927c571a30744d2eac8/element - {"using":"xpath","value":"//span[contains(text(), \"PM Order\")]"}
RESULT: {"using":"xpath","value":"//span[contains(text(), \"PM Order\")]"}
COMMAND: POST /session/4e36bf80fbca1927c571a30744d2eac8/element/f.F4B8E6AEE0F35DB2CB5FDCA58BEB4CC0.d.CD92FD7AC6B4BDAA4F685E159195A99D.e.6261/click - {}
RESULT: {}
COMMAND: GET /session/4e36bf80fbca1927c571a30744d2eac8/screenshot - {}
RESULT: {}
COMMAND: POST /session/4e36bf80fbca1927c571a30744d2eac8/element - {"using":"xpath","value":"(//span[contains(@id ,\"manageresources-display-component---newResourceUnit--RUTimeSegment-0-vhi\")])[1]"}
RESULT: {"using":"xpath","value":"(//span[contains(@id ,\"manageresources-display-component---newResourceUnit--RUTimeSegment-0-vhi\")])[1]"}
COMMAND: GET /session/4e36bf80fbca1927c571a30744d2eac8/element/f.F4B8E6AEE0F35DB2CB5FDCA58BEB4CC0.d.CD92FD7AC6B4BDAA4F685E159195A99D.e.6265/rect - {}
RESULT: {}
COMMAND: GET /session/4e36bf80fbca1927c571a30744d2eac8/window/rect - {}
RESULT: {}
COMMAND: POST /session/4e36bf80fbca1927c571a30744d2eac8/execute/sync - {"script":"<script> [92 bytes]","args":[]}
RESULT: {"script":"<script> [92 bytes]","args":[]}
COMMAND: POST /session/4e36bf80fbca1927c571a30744d2eac8/actions - {"actions":[{"id":"action28","type":"wheel","parameters":{},"actions":[{"type":"scroll","x":-869,"y":-24,"deltaX":0,"deltaY":0,"duration":0,"origin":{"element-6066-11e4-a52e-4f735466cecf":"f.F4B8E6AEE0F35DB2CB5FDCA58BEB4CC0.d.CD92FD7AC6B4BDAA4F685E159195A99D.e.6265"}}]}]}
COMMAND: GET /session/4e36bf80fbca1927c571a30744d2eac8/screenshot - {}
RESULT: {"actions":[{"id":"action28","type":"wheel","parameters":{},"actions":[{"type":"scroll","x":-869,"y":-24,"deltaX":0,"deltaY":0,"duration":0,"origin":{"element-6066-11e4-a52e-4f735466cecf":"f.F4B8E6AEE0F35DB2CB5FDCA58BEB4CC0.d.CD92FD7AC6B4BDAA4F685E159195A99D.e.6265"}}]}]}
COMMAND: DELETE /session/4e36bf80fbca1927c571a30744d2eac8/actions - {}
COMMAND: GET /session/4e36bf80fbca1927c571a30744d2eac8/screenshot - {}
RESULT: {}
RESULT: {}
COMMAND: GET /session/4e36bf80fbca1927c571a30744d2eac8/screenshot - {}
RESULT: {}
RESULT: {}
COMMAND: POST /session/4e36bf80fbca1927c571a30744d2eac8/element/f.F4B8E6AEE0F35DB2CB5FDCA58BEB4CC0.d.CD92FD7AC6B4BDAA4F685E159195A99D.e.6265/click - {}
RESULT: {}
COMMAND: GET /session/4e36bf80fbca1927c571a30744d2eac8/screenshot - {}
RESULT: {}
RESULT: undefined
COMMAND: POST /session/4e36bf80fbca1927c571a30744d2eac8/execute/async - {"script":"<script> [776 bytes]","args":[{"enterText":"4000360","selector":{"controlType":"sap.m.SearchField","properties":{"placeholder":"Search"},"searchOpenDialogs":true,"interaction":{"idSuffix":"I"}},"clearTextFirst":true,"interactionType":"ENTER_TEXT"}]}
RESULT: {"script":"<script> [776 bytes]","args":[{"enterText":"4000360","selector":{"controlType":"sap.m.SearchField","properties":{"placeholder":"Search"},"searchOpenDialogs":true,"interaction":{"idSuffix":"I"}},"clearTextFirst":true,"interactionType":"ENTER_TEXT"}]}
COMMAND: POST /session/4e36bf80fbca1927c571a30744d2eac8/actions - {"actions":[{"id":"action29","type":"key","parameters":{},"actions":[{"type":"keyDown","value":"î€‡"},{"type":"pause","duration":10},{"type":"keyUp","value":"î€‡"}]}]}
RESULT: {"actions":[{"id":"action29","type":"key","parameters":{},"actions":[{"type":"keyDown","value":"î€‡"},{"type":"pause","duration":10},{"type":"keyUp","value":"î€‡"}]}]}
COMMAND: GET /session/4e36bf80fbca1927c571a30744d2eac8/screenshot - {}
RESULT: {}
COMMAND: POST /session/4e36bf80fbca1927c571a30744d2eac8/element - {"using":"xpath","value":"//td/div/span[contains(text(), \"BGL Vehicles\")]"}
RESULT: {"using":"xpath","value":"//td/div/span[contains(text(), \"BGL Vehicles\")]"}
COMMAND: POST /session/4e36bf80fbca1927c571a30744d2eac8/element/f.F4B8E6AEE0F35DB2CB5FDCA58BEB4CC0.d.CD92FD7AC6B4BDAA4F685E159195A99D.e.6273/click - {}
RESULT: {}
COMMAND: GET /session/4e36bf80fbca1927c571a30744d2eac8/screenshot - {}
RESULT: {}
COMMAND: POST /session/4e36bf80fbca1927c571a30744d2eac8/element - {"using":"xpath","value":"//bdi[contains(text(), \"OK\")]"}
RESULT: {"using":"xpath","value":"//bdi[contains(text(), \"OK\")]"}
COMMAND: POST /session/4e36bf80fbca1927c571a30744d2eac8/element/f.F4B8E6AEE0F35DB2CB5FDCA58BEB4CC0.d.CD92FD7AC6B4BDAA4F685E159195A99D.e.6275/click - {}
RESULT: {}
COMMAND: GET /session/4e36bf80fbca1927c571a30744d2eac8/screenshot - {}
RESULT: {}
COMMAND: POST /session/4e36bf80fbca1927c571a30744d2eac8/execute/async - {"script":"<script> [1562 bytes]","args":[{"selector":{"id":"application-manageresources-display-component---newResourceUnit--newRRUPage-anchBar-application-manageresources-display-component---newResourceUnit--resource-anchor","interaction":{"idSuffix":"BDI-content"}},"wdio_ui5_key":"applicationmanageresources-display-component---newResourceUnit--newRRUPage-anchBar-application-manageresources-display-component---newResourceUnit--resource-anchor"}]}
RESULT: {"script":"<script> [1562 bytes]","args":[{"selector":{"id":"application-manageresources-display-component---newResourceUnit--newRRUPage-anchBar-application-manageresources-display-component---newResourceUnit--resource-anchor","interaction":{"idSuffix":"BDI-content"}},"wdio_ui5_key":"applicationmanageresources-display-component---newResourceUnit--newRRUPage-anchBar-application-manageresources-display-component---newResourceUnit--resource-anchor"}]}
RESULT: undefined
COMMAND: POST /session/4e36bf80fbca1927c571a30744d2eac8/element - {"using":"xpath","value":"//*[@id=\"application-manageresources-display-component---newResourceUnit--newRRUPage-anchBar-application-manageresources-display-component---newResourceUnit--resource-anchor\"]"}
RESULT: {"using":"xpath","value":"//*[@id=\"application-manageresources-display-component---newResourceUnit--newRRUPage-anchBar-application-manageresources-display-component---newResourceUnit--resource-anchor\"]"}
COMMAND: POST /session/4e36bf80fbca1927c571a30744d2eac8/element/f.F4B8E6AEE0F35DB2CB5FDCA58BEB4CC0.d.CD92FD7AC6B4BDAA4F685E159195A99D.e.6279/click - {}
RESULT: {}
COMMAND: POST /session/4e36bf80fbca1927c571a30744d2eac8/execute/async - {"script":"<script> [1562 bytes]","args":[{"selector":{"id":"application-manageresources-display-component---newResourceUnit--PLANNED_DELIVERY_DATE","interaction":{"idSuffix":"inner"}},"wdio_ui5_key":"applicationmanageresources-display-component---newResourceUnit--PLANNED_DELIVERY_DATE"}]}
COMMAND: GET /session/4e36bf80fbca1927c571a30744d2eac8/screenshot - {}
RESULT: {"script":"<script> [1562 bytes]","args":[{"selector":{"id":"application-manageresources-display-component---newResourceUnit--PLANNED_DELIVERY_DATE","interaction":{"idSuffix":"inner"}},"wdio_ui5_key":"applicationmanageresources-display-component---newResourceUnit--PLANNED_DELIVERY_DATE"}]}
RESULT: undefined
COMMAND: POST /session/4e36bf80fbca1927c571a30744d2eac8/execute/async - {"script":"<script> [6424 bytes]","args":[{"element-6066-11e4-a52e-4f735466cecf":"f.F4B8E6AEE0F35DB2CB5FDCA58BEB4CC0.d.CD92FD7AC6B4BDAA4F685E159195A99D.e.6153"},"setValue",["5/13/25"]]}
RESULT: {}
RESULT: {"script":"<script> [6424 bytes]","args":[{"element-6066-11e4-a52e-4f735466cecf":"f.F4B8E6AEE0F35DB2CB5FDCA58BEB4CC0.d.CD92FD7AC6B4BDAA4F685E159195A99D.e.6153"},"setValue",["5/13/25"]]}
COMMAND: POST /session/4e36bf80fbca1927c571a30744d2eac8/element - {"using":"xpath","value":"//label[contains(@class, 'sapMLabelRequired') and .//bdi[contains(text(), 'Planned Retirement')]]"}
RESULT: {"using":"xpath","value":"//label[contains(@class, 'sapMLabelRequired') and .//bdi[contains(text(), 'Planned Retirement')]]"}
COMMAND: POST /session/4e36bf80fbca1927c571a30744d2eac8/elements - {"using":"xpath","value":"//label[contains(@class, 'sapMLabelRequired') and .//bdi[contains(text(), 'Planned Retirement')]]"}
RESULT: {"using":"xpath","value":"//label[contains(@class, 'sapMLabelRequired') and .//bdi[contains(text(), 'Planned Retirement')]]"}
COMMAND: POST /session/4e36bf80fbca1927c571a30744d2eac8/element - {"using":"xpath","value":"//button[@data-kt=\"resourceUnitSaveButton\"]"}
RESULT: {"using":"xpath","value":"//button[@data-kt=\"resourceUnitSaveButton\"]"}
COMMAND: POST /session/4e36bf80fbca1927c571a30744d2eac8/element/f.F4B8E6AEE0F35DB2CB5FDCA58BEB4CC0.d.CD92FD7AC6B4BDAA4F685E159195A99D.e.6114/click - {}
RESULT: {}
COMMAND: GET /session/4e36bf80fbca1927c571a30744d2eac8/screenshot - {}
RESULT: {}
COMMAND: POST /session/4e36bf80fbca1927c571a30744d2eac8/element - {"using":"xpath","value":"//bdi[contains(text(), \"Close\")]"}
RESULT: {"using":"xpath","value":"//bdi[contains(text(), \"Close\")]"}
COMMAND: POST /session/4e36bf80fbca1927c571a30744d2eac8/element/f.F4B8E6AEE0F35DB2CB5FDCA58BEB4CC0.d.CD92FD7AC6B4BDAA4F685E159195A99D.e.6287/click - {}
RESULT: {}
COMMAND: GET /session/4e36bf80fbca1927c571a30744d2eac8/screenshot - {}
RESULT: {}
COMMAND: POST /session/4e36bf80fbca1927c571a30744d2eac8/element - {"using":"xpath","value":"(//button[contains(@id ,\"actionsToolbar-overflowButton\")])[1]"}
RESULT: {"using":"xpath","value":"(//button[contains(@id ,\"actionsToolbar-overflowButton\")])[1]"}
COMMAND: POST /session/4e36bf80fbca1927c571a30744d2eac8/element/f.F4B8E6AEE0F35DB2CB5FDCA58BEB4CC0.d.CD92FD7AC6B4BDAA4F685E159195A99D.e.6318/click - {}
RESULT: {}
COMMAND: GET /session/4e36bf80fbca1927c571a30744d2eac8/screenshot - {}
RESULT: {}
COMMAND: POST /session/4e36bf80fbca1927c571a30744d2eac8/element - {"using":"xpath","value":"//button[@data-kt=\"priceInfoButton\"]"}
RESULT: {"using":"xpath","value":"//button[@data-kt=\"priceInfoButton\"]"}
COMMAND: POST /session/4e36bf80fbca1927c571a30744d2eac8/element/f.F4B8E6AEE0F35DB2CB5FDCA58BEB4CC0.d.CD92FD7AC6B4BDAA4F685E159195A99D.e.6320/click - {}
RESULT: {}
COMMAND: GET /session/4e36bf80fbca1927c571a30744d2eac8/screenshot - {}
RESULT: {}
]]></system-out>
    </testcase>
    <testcase classname="chrome.136_0_7103_49.windows.Billing_Transfer_-_Intracompany_US127249" name="Should create a pricing procedure" time="54.391">
      <system-out><![CDATA[
COMMAND: POST /session/4e36bf80fbca1927c571a30744d2eac8/element - {"using":"xpath","value":"//button[@data-kt=\"addButton\"]"}
RESULT: {"using":"xpath","value":"//button[@data-kt=\"addButton\"]"}
COMMAND: POST /session/4e36bf80fbca1927c571a30744d2eac8/elements - {"using":"xpath","value":"//button[@data-kt=\"addButton\"]"}
RESULT: {"using":"xpath","value":"//button[@data-kt=\"addButton\"]"}
COMMAND: POST /session/4e36bf80fbca1927c571a30744d2eac8/elements - {"using":"xpath","value":"//button[@data-kt=\"addButton\"]"}
RESULT: {"using":"xpath","value":"//button[@data-kt=\"addButton\"]"}
COMMAND: POST /session/4e36bf80fbca1927c571a30744d2eac8/element - {"using":"xpath","value":"//button[@data-kt=\"addButton\"]"}
RESULT: {"using":"xpath","value":"//button[@data-kt=\"addButton\"]"}
COMMAND: POST /session/4e36bf80fbca1927c571a30744d2eac8/execute/sync - {"script":"<script> [8489 bytes]","args":[{"element-6066-11e4-a52e-4f735466cecf":"f.F4B8E6AEE0F35DB2CB5FDCA58BEB4CC0.d.CD92FD7AC6B4BDAA4F685E159195A99D.e.6357","ELEMENT":"f.F4B8E6AEE0F35DB2CB5FDCA58BEB4CC0.d.CD92FD7AC6B4BDAA4F685E159195A99D.e.6357"}]}
RESULT: {"script":"<script> [8489 bytes]","args":[{"element-6066-11e4-a52e-4f735466cecf":"f.F4B8E6AEE0F35DB2CB5FDCA58BEB4CC0.d.CD92FD7AC6B4BDAA4F685E159195A99D.e.6357","ELEMENT":"f.F4B8E6AEE0F35DB2CB5FDCA58BEB4CC0.d.CD92FD7AC6B4BDAA4F685E159195A99D.e.6357"}]}
COMMAND: GET /session/4e36bf80fbca1927c571a30744d2eac8/element/f.F4B8E6AEE0F35DB2CB5FDCA58BEB4CC0.d.CD92FD7AC6B4BDAA4F685E159195A99D.e.6357/enabled - {}
COMMAND: GET /session/4e36bf80fbca1927c571a30744d2eac8/screenshot - {}
RESULT: {}
COMMAND: POST /session/4e36bf80fbca1927c571a30744d2eac8/execute/sync - {"script":"<script> [8489 bytes]","args":[{"element-6066-11e4-a52e-4f735466cecf":"f.F4B8E6AEE0F35DB2CB5FDCA58BEB4CC0.d.CD92FD7AC6B4BDAA4F685E159195A99D.e.6357","ELEMENT":"f.F4B8E6AEE0F35DB2CB5FDCA58BEB4CC0.d.CD92FD7AC6B4BDAA4F685E159195A99D.e.6357"}]}
COMMAND: GET /session/4e36bf80fbca1927c571a30744d2eac8/screenshot - {}
RESULT: {}
RESULT: {"script":"<script> [8489 bytes]","args":[{"element-6066-11e4-a52e-4f735466cecf":"f.F4B8E6AEE0F35DB2CB5FDCA58BEB4CC0.d.CD92FD7AC6B4BDAA4F685E159195A99D.e.6357","ELEMENT":"f.F4B8E6AEE0F35DB2CB5FDCA58BEB4CC0.d.CD92FD7AC6B4BDAA4F685E159195A99D.e.6357"}]}
COMMAND: POST /session/4e36bf80fbca1927c571a30744d2eac8/execute/sync - {"script":"<script> [5351 bytes]","args":[{"element-6066-11e4-a52e-4f735466cecf":"f.F4B8E6AEE0F35DB2CB5FDCA58BEB4CC0.d.CD92FD7AC6B4BDAA4F685E159195A99D.e.6357","ELEMENT":"f.F4B8E6AEE0F35DB2CB5FDCA58BEB4CC0.d.CD92FD7AC6B4BDAA4F685E159195A99D.e.6357"}]}
COMMAND: GET /session/4e36bf80fbca1927c571a30744d2eac8/screenshot - {}
RESULT: {}
RESULT: {"script":"<script> [5351 bytes]","args":[{"element-6066-11e4-a52e-4f735466cecf":"f.F4B8E6AEE0F35DB2CB5FDCA58BEB4CC0.d.CD92FD7AC6B4BDAA4F685E159195A99D.e.6357","ELEMENT":"f.F4B8E6AEE0F35DB2CB5FDCA58BEB4CC0.d.CD92FD7AC6B4BDAA4F685E159195A99D.e.6357"}]}
COMMAND: POST /session/4e36bf80fbca1927c571a30744d2eac8/element/f.F4B8E6AEE0F35DB2CB5FDCA58BEB4CC0.d.CD92FD7AC6B4BDAA4F685E159195A99D.e.6357/click - {}
COMMAND: GET /session/4e36bf80fbca1927c571a30744d2eac8/screenshot - {}
RESULT: {}
RESULT: {}
COMMAND: GET /session/4e36bf80fbca1927c571a30744d2eac8/screenshot - {}
RESULT: {}
RESULT: {}
COMMAND: POST /session/4e36bf80fbca1927c571a30744d2eac8/execute/async - {"script":"<script> [1562 bytes]","args":[{"selector":{"controlType":"sap.m.Title","viewName":"etm.portal.ui.managepricingrules.view.NewItem","viewId":"application-managepricingrules-display-component---newInfoPriceItem","properties":{"text":"New Pricing Rules - Item Level"}},"wdio_ui5_key":"etmportal.ui.managepricingrules.view.NewItemsap.m.Title{\"text\":\"New Pricing Rules - Item Level\"}"}]}
RESULT: {"script":"<script> [1562 bytes]","args":[{"selector":{"controlType":"sap.m.Title","viewName":"etm.portal.ui.managepricingrules.view.NewItem","viewId":"application-managepricingrules-display-component---newInfoPriceItem","properties":{"text":"New Pricing Rules - Item Level"}},"wdio_ui5_key":"etmportal.ui.managepricingrules.view.NewItemsap.m.Title{\"text\":\"New Pricing Rules - Item Level\"}"}]}
RESULT: undefined
COMMAND: POST /session/4e36bf80fbca1927c571a30744d2eac8/execute/async - {"script":"<script> [6424 bytes]","args":[{"element-6066-11e4-a52e-4f735466cecf":"f.F4B8E6AEE0F35DB2CB5FDCA58BEB4CC0.d.CD92FD7AC6B4BDAA4F685E159195A99D.e.6431"},"getText",[]]}
RESULT: {"script":"<script> [6424 bytes]","args":[{"element-6066-11e4-a52e-4f735466cecf":"f.F4B8E6AEE0F35DB2CB5FDCA58BEB4CC0.d.CD92FD7AC6B4BDAA4F685E159195A99D.e.6431"},"getText",[]]}
COMMAND: POST /session/4e36bf80fbca1927c571a30744d2eac8/execute/async - {"script":"<script> [1562 bytes]","args":[{"selector":{"id":"application-managepricingrules-display-component---newInfoPriceItem--condValidTo","interaction":{"idSuffix":"inner"}},"wdio_ui5_key":"applicationmanagepricingrules-display-component---newInfoPriceItem--condValidTo"}]}
RESULT: {"script":"<script> [1562 bytes]","args":[{"selector":{"id":"application-managepricingrules-display-component---newInfoPriceItem--condValidTo","interaction":{"idSuffix":"inner"}},"wdio_ui5_key":"applicationmanagepricingrules-display-component---newInfoPriceItem--condValidTo"}]}
RESULT: undefined
COMMAND: POST /session/4e36bf80fbca1927c571a30744d2eac8/execute/async - {"script":"<script> [776 bytes]","args":[{"enterText":"01/13/26","selector":{"id":"application-managepricingrules-display-component---newInfoPriceItem--condValidTo","interaction":{"idSuffix":"inner"}},"clearTextFirst":true,"interactionType":"ENTER_TEXT"}]}
RESULT: {"script":"<script> [776 bytes]","args":[{"enterText":"01/13/26","selector":{"id":"application-managepricingrules-display-component---newInfoPriceItem--condValidTo","interaction":{"idSuffix":"inner"}},"clearTextFirst":true,"interactionType":"ENTER_TEXT"}]}
COMMAND: POST /session/4e36bf80fbca1927c571a30744d2eac8/execute/async - {"script":"<script> [1562 bytes]","args":[{"selector":{"id":"application-managepricingrules-display-component---newInfoPriceItem--billType-arrow"},"wdio_ui5_key":"applicationmanagepricingrules-display-component---newInfoPriceItem--billType-arrow"}]}
RESULT: {"script":"<script> [1562 bytes]","args":[{"selector":{"id":"application-managepricingrules-display-component---newInfoPriceItem--billType-arrow"},"wdio_ui5_key":"applicationmanagepricingrules-display-component---newInfoPriceItem--billType-arrow"}]}
RESULT: undefined
COMMAND: POST /session/4e36bf80fbca1927c571a30744d2eac8/element - {"using":"xpath","value":"//*[@id=\"application-managepricingrules-display-component---newInfoPriceItem--billType-arrow\"]"}
RESULT: {"using":"xpath","value":"//*[@id=\"application-managepricingrules-display-component---newInfoPriceItem--billType-arrow\"]"}
COMMAND: POST /session/4e36bf80fbca1927c571a30744d2eac8/element/f.F4B8E6AEE0F35DB2CB5FDCA58BEB4CC0.d.CD92FD7AC6B4BDAA4F685E159195A99D.e.6488/click - {}
RESULT: {}
COMMAND: POST /session/4e36bf80fbca1927c571a30744d2eac8/element - {"using":"xpath","value":"//span[contains(text(), \"TB - Time based\")]"}
COMMAND: GET /session/4e36bf80fbca1927c571a30744d2eac8/screenshot - {}
RESULT: {"using":"xpath","value":"//span[contains(text(), \"TB - Time based\")]"}
COMMAND: POST /session/4e36bf80fbca1927c571a30744d2eac8/element/f.F4B8E6AEE0F35DB2CB5FDCA58BEB4CC0.d.CD92FD7AC6B4BDAA4F685E159195A99D.e.6530/click - {}
RESULT: {}
RESULT: {}
COMMAND: POST /session/4e36bf80fbca1927c571a30744d2eac8/execute/async - {"script":"<script> [1562 bytes]","args":[{"selector":{"id":"application-managepricingrules-display-component---newInfoPriceItem--priceProc-arrow"},"wdio_ui5_key":"applicationmanagepricingrules-display-component---newInfoPriceItem--priceProc-arrow"}]}
COMMAND: GET /session/4e36bf80fbca1927c571a30744d2eac8/screenshot - {}
RESULT: {"script":"<script> [1562 bytes]","args":[{"selector":{"id":"application-managepricingrules-display-component---newInfoPriceItem--priceProc-arrow"},"wdio_ui5_key":"applicationmanagepricingrules-display-component---newInfoPriceItem--priceProc-arrow"}]}
RESULT: undefined
COMMAND: POST /session/4e36bf80fbca1927c571a30744d2eac8/element - {"using":"xpath","value":"//*[@id=\"application-managepricingrules-display-component---newInfoPriceItem--priceProc-arrow\"]"}
RESULT: {}
RESULT: {"using":"xpath","value":"//*[@id=\"application-managepricingrules-display-component---newInfoPriceItem--priceProc-arrow\"]"}
COMMAND: POST /session/4e36bf80fbca1927c571a30744d2eac8/element/f.F4B8E6AEE0F35DB2CB5FDCA58BEB4CC0.d.CD92FD7AC6B4BDAA4F685E159195A99D.e.6495/click - {}
RESULT: {}
COMMAND: POST /session/4e36bf80fbca1927c571a30744d2eac8/element - {"using":"xpath","value":"//span[contains(text(), \"TBS - Time based standard\")]"}
COMMAND: GET /session/4e36bf80fbca1927c571a30744d2eac8/screenshot - {}
RESULT: {"using":"xpath","value":"//span[contains(text(), \"TBS - Time based standard\")]"}
COMMAND: POST /session/4e36bf80fbca1927c571a30744d2eac8/element/f.F4B8E6AEE0F35DB2CB5FDCA58BEB4CC0.d.CD92FD7AC6B4BDAA4F685E159195A99D.e.6531/click - {}
RESULT: {}
RESULT: {}
COMMAND: POST /session/4e36bf80fbca1927c571a30744d2eac8/execute/async - {"script":"<script> [1562 bytes]","args":[{"selector":{"id":"application-managepricingrules-display-component---newInfoPriceItem--calcBase-arrow"},"wdio_ui5_key":"applicationmanagepricingrules-display-component---newInfoPriceItem--calcBase-arrow"}]}
COMMAND: GET /session/4e36bf80fbca1927c571a30744d2eac8/screenshot - {}
RESULT: {"script":"<script> [1562 bytes]","args":[{"selector":{"id":"application-managepricingrules-display-component---newInfoPriceItem--calcBase-arrow"},"wdio_ui5_key":"applicationmanagepricingrules-display-component---newInfoPriceItem--calcBase-arrow"}]}
RESULT: undefined
COMMAND: POST /session/4e36bf80fbca1927c571a30744d2eac8/element - {"using":"xpath","value":"//*[@id=\"application-managepricingrules-display-component---newInfoPriceItem--calcBase-arrow\"]"}
RESULT: {}
RESULT: {"using":"xpath","value":"//*[@id=\"application-managepricingrules-display-component---newInfoPriceItem--calcBase-arrow\"]"}
COMMAND: POST /session/4e36bf80fbca1927c571a30744d2eac8/element/f.F4B8E6AEE0F35DB2CB5FDCA58BEB4CC0.d.CD92FD7AC6B4BDAA4F685E159195A99D.e.6502/click - {}
RESULT: {}
COMMAND: GET /session/4e36bf80fbca1927c571a30744d2eac8/screenshot - {}
RESULT: {}
COMMAND: POST /session/4e36bf80fbca1927c571a30744d2eac8/element - {"using":"xpath","value":"//span[contains(text(), \"0006 - TB(calendar days)\")]"}
RESULT: {"using":"xpath","value":"//span[contains(text(), \"0006 - TB(calendar days)\")]"}
COMMAND: POST /session/4e36bf80fbca1927c571a30744d2eac8/element/f.F4B8E6AEE0F35DB2CB5FDCA58BEB4CC0.d.CD92FD7AC6B4BDAA4F685E159195A99D.e.6532/click - {}
RESULT: {}
COMMAND: GET /session/4e36bf80fbca1927c571a30744d2eac8/screenshot - {}
RESULT: {}
COMMAND: POST /session/4e36bf80fbca1927c571a30744d2eac8/execute/async - {"script":"<script> [1562 bytes]","args":[{"selector":{"id":"application-managepricingrules-display-component---newInfoPriceItem--daysMonth","interaction":{"idSuffix":"inner"}},"wdio_ui5_key":"applicationmanagepricingrules-display-component---newInfoPriceItem--daysMonth"}]}
RESULT: {"script":"<script> [1562 bytes]","args":[{"selector":{"id":"application-managepricingrules-display-component---newInfoPriceItem--daysMonth","interaction":{"idSuffix":"inner"}},"wdio_ui5_key":"applicationmanagepricingrules-display-component---newInfoPriceItem--daysMonth"}]}
RESULT: undefined
COMMAND: POST /session/4e36bf80fbca1927c571a30744d2eac8/execute/async - {"script":"<script> [776 bytes]","args":[{"enterText":"30","selector":{"id":"application-managepricingrules-display-component---newInfoPriceItem--daysMonth","interaction":{"idSuffix":"inner"}},"clearTextFirst":true,"interactionType":"ENTER_TEXT"}]}
RESULT: {"script":"<script> [776 bytes]","args":[{"enterText":"30","selector":{"id":"application-managepricingrules-display-component---newInfoPriceItem--daysMonth","interaction":{"idSuffix":"inner"}},"clearTextFirst":true,"interactionType":"ENTER_TEXT"}]}
COMMAND: POST /session/4e36bf80fbca1927c571a30744d2eac8/element - {"using":"xpath","value":"//button[@data-kt=\"saveNewRuleButton\"]"}
RESULT: {"using":"xpath","value":"//button[@data-kt=\"saveNewRuleButton\"]"}
COMMAND: POST /session/4e36bf80fbca1927c571a30744d2eac8/element/f.F4B8E6AEE0F35DB2CB5FDCA58BEB4CC0.d.CD92FD7AC6B4BDAA4F685E159195A99D.e.6523/click - {}
RESULT: {}
COMMAND: GET /session/4e36bf80fbca1927c571a30744d2eac8/screenshot - {}
RESULT: {}
COMMAND: POST /session/4e36bf80fbca1927c571a30744d2eac8/execute/async - {"script":"<script> [1562 bytes]","args":[{"selector":{"id":"application-managepricingrules-display-component---priceInfoItem--smartFilterBar-btnBasicSearch","interaction":{"idSuffix":"I"}},"wdio_ui5_key":"applicationmanagepricingrules-display-component---priceInfoItem--smartFilterBar-btnBasicSearch"}]}
RESULT: {"script":"<script> [1562 bytes]","args":[{"selector":{"id":"application-managepricingrules-display-component---priceInfoItem--smartFilterBar-btnBasicSearch","interaction":{"idSuffix":"I"}},"wdio_ui5_key":"applicationmanagepricingrules-display-component---priceInfoItem--smartFilterBar-btnBasicSearch"}]}
RESULT: undefined
COMMAND: POST /session/4e36bf80fbca1927c571a30744d2eac8/execute/async - {"script":"<script> [776 bytes]","args":[{"enterText":"CXWx5IyBgH","selector":{"id":"application-managepricingrules-display-component---priceInfoItem--smartFilterBar-btnBasicSearch","interaction":{"idSuffix":"I"}},"clearTextFirst":true,"interactionType":"ENTER_TEXT"}]}
RESULT: {"script":"<script> [776 bytes]","args":[{"enterText":"CXWx5IyBgH","selector":{"id":"application-managepricingrules-display-component---priceInfoItem--smartFilterBar-btnBasicSearch","interaction":{"idSuffix":"I"}},"clearTextFirst":true,"interactionType":"ENTER_TEXT"}]}
COMMAND: POST /session/4e36bf80fbca1927c571a30744d2eac8/actions - {"actions":[{"id":"action30","type":"key","parameters":{},"actions":[{"type":"keyDown","value":"î€‡"},{"type":"pause","duration":10},{"type":"keyUp","value":"î€‡"}]}]}
RESULT: {"actions":[{"id":"action30","type":"key","parameters":{},"actions":[{"type":"keyDown","value":"î€‡"},{"type":"pause","duration":10},{"type":"keyUp","value":"î€‡"}]}]}
COMMAND: GET /session/4e36bf80fbca1927c571a30744d2eac8/screenshot - {}
RESULT: {}
COMMAND: POST /session/4e36bf80fbca1927c571a30744d2eac8/element - {"using":"xpath","value":"//span[@id=\"application-managepricingrules-display-component---priceInfoItem--smartTable-header-inner\"]"}
RESULT: {"using":"xpath","value":"//span[@id=\"application-managepricingrules-display-component---priceInfoItem--smartTable-header-inner\"]"}
COMMAND: POST /session/4e36bf80fbca1927c571a30744d2eac8/elements - {"using":"xpath","value":"//span[@id=\"application-managepricingrules-display-component---priceInfoItem--smartTable-header-inner\"]"}
RESULT: {"using":"xpath","value":"//span[@id=\"application-managepricingrules-display-component---priceInfoItem--smartTable-header-inner\"]"}
COMMAND: POST /session/4e36bf80fbca1927c571a30744d2eac8/execute/sync - {"script":"<script> [56 bytes]","args":[{"element-6066-11e4-a52e-4f735466cecf":"f.F4B8E6AEE0F35DB2CB5FDCA58BEB4CC0.d.CD92FD7AC6B4BDAA4F685E159195A99D.e.6546","ELEMENT":"f.F4B8E6AEE0F35DB2CB5FDCA58BEB4CC0.d.CD92FD7AC6B4BDAA4F685E159195A99D.e.6546"}]}
RESULT: {"script":"<script> [56 bytes]","args":[{"element-6066-11e4-a52e-4f735466cecf":"f.F4B8E6AEE0F35DB2CB5FDCA58BEB4CC0.d.CD92FD7AC6B4BDAA4F685E159195A99D.e.6546","ELEMENT":"f.F4B8E6AEE0F35DB2CB5FDCA58BEB4CC0.d.CD92FD7AC6B4BDAA4F685E159195A99D.e.6546"}]}
COMMAND: POST /session/4e36bf80fbca1927c571a30744d2eac8/element - {"using":"css selector","value":"#shell-header-logo"}
COMMAND: GET /session/4e36bf80fbca1927c571a30744d2eac8/screenshot - {}
RESULT: {"using":"css selector","value":"#shell-header-logo"}
COMMAND: POST /session/4e36bf80fbca1927c571a30744d2eac8/element/f.F4B8E6AEE0F35DB2CB5FDCA58BEB4CC0.d.CD92FD7AC6B4BDAA4F685E159195A99D.e.5902/click - {}
RESULT: {}
RESULT: {}
COMMAND: GET /session/4e36bf80fbca1927c571a30744d2eac8/screenshot - {}
RESULT: {}
]]></system-out>
    </testcase>
    <testcase classname="chrome.136_0_7103_49.windows.Billing_Transfer_-_Intracompany_US127249" name="Should manage conditions" time="72.027">
      <system-out><![CDATA[
COMMAND: POST /session/4e36bf80fbca1927c571a30744d2eac8/execute/async - {"script":"<script> [1562 bytes]","args":[{"selector":{"controlType":"sap.m.Text","properties":{"text":"Manage Conditions & Prices"},"interaction":{"idSuffix":"inner"}},"wdio_ui5_key":"sapm.Text{\"text\":\"Manage Conditions & Prices\"}"}]}
RESULT: {"script":"<script> [1562 bytes]","args":[{"selector":{"controlType":"sap.m.Text","properties":{"text":"Manage Conditions & Prices"},"interaction":{"idSuffix":"inner"}},"wdio_ui5_key":"sapm.Text{\"text\":\"Manage Conditions & Prices\"}"}]}
RESULT: undefined
COMMAND: POST /session/4e36bf80fbca1927c571a30744d2eac8/element - {"using":"xpath","value":"//*[@id=\"__tile53-title\"]"}
RESULT: {"using":"xpath","value":"//*[@id=\"__tile53-title\"]"}
COMMAND: POST /session/4e36bf80fbca1927c571a30744d2eac8/element/f.F4B8E6AEE0F35DB2CB5FDCA58BEB4CC0.d.CD92FD7AC6B4BDAA4F685E159195A99D.e.6549/click - {}
RESULT: {}
COMMAND: POST /session/4e36bf80fbca1927c571a30744d2eac8/element - {"using":"xpath","value":"//button[@aria-label=\"Create\"]"}
COMMAND: GET /session/4e36bf80fbca1927c571a30744d2eac8/screenshot - {}
RESULT: {"using":"xpath","value":"//button[@aria-label=\"Create\"]"}
COMMAND: POST /session/4e36bf80fbca1927c571a30744d2eac8/elements - {"using":"xpath","value":"//button[@aria-label=\"Create\"]"}
RESULT: {}
RESULT: {"using":"xpath","value":"//button[@aria-label=\"Create\"]"}
COMMAND: POST /session/4e36bf80fbca1927c571a30744d2eac8/elements - {"using":"xpath","value":"//button[@aria-label=\"Create\"]"}
RESULT: {"using":"xpath","value":"//button[@aria-label=\"Create\"]"}
COMMAND: POST /session/4e36bf80fbca1927c571a30744d2eac8/elements - {"using":"xpath","value":"//button[@aria-label=\"Create\"]"}
RESULT: {"using":"xpath","value":"//button[@aria-label=\"Create\"]"}
COMMAND: POST /session/4e36bf80fbca1927c571a30744d2eac8/elements - {"using":"xpath","value":"//button[@aria-label=\"Create\"]"}
RESULT: {"using":"xpath","value":"//button[@aria-label=\"Create\"]"}
COMMAND: POST /session/4e36bf80fbca1927c571a30744d2eac8/elements - {"using":"xpath","value":"//button[@aria-label=\"Create\"]"}
RESULT: {"using":"xpath","value":"//button[@aria-label=\"Create\"]"}
COMMAND: POST /session/4e36bf80fbca1927c571a30744d2eac8/elements - {"using":"xpath","value":"//button[@aria-label=\"Create\"]"}
RESULT: {"using":"xpath","value":"//button[@aria-label=\"Create\"]"}
COMMAND: POST /session/4e36bf80fbca1927c571a30744d2eac8/elements - {"using":"xpath","value":"//button[@aria-label=\"Create\"]"}
RESULT: {"using":"xpath","value":"//button[@aria-label=\"Create\"]"}
COMMAND: POST /session/4e36bf80fbca1927c571a30744d2eac8/elements - {"using":"xpath","value":"//button[@aria-label=\"Create\"]"}
RESULT: {"using":"xpath","value":"//button[@aria-label=\"Create\"]"}
COMMAND: POST /session/4e36bf80fbca1927c571a30744d2eac8/elements - {"using":"xpath","value":"//button[@aria-label=\"Create\"]"}
RESULT: {"using":"xpath","value":"//button[@aria-label=\"Create\"]"}
COMMAND: POST /session/4e36bf80fbca1927c571a30744d2eac8/elements - {"using":"xpath","value":"//button[@aria-label=\"Create\"]"}
RESULT: {"using":"xpath","value":"//button[@aria-label=\"Create\"]"}
COMMAND: POST /session/4e36bf80fbca1927c571a30744d2eac8/elements - {"using":"xpath","value":"//button[@aria-label=\"Create\"]"}
RESULT: {"using":"xpath","value":"//button[@aria-label=\"Create\"]"}
COMMAND: POST /session/4e36bf80fbca1927c571a30744d2eac8/elements - {"using":"xpath","value":"//button[@aria-label=\"Create\"]"}
RESULT: {"using":"xpath","value":"//button[@aria-label=\"Create\"]"}
COMMAND: POST /session/4e36bf80fbca1927c571a30744d2eac8/elements - {"using":"xpath","value":"//button[@aria-label=\"Create\"]"}
RESULT: {"using":"xpath","value":"//button[@aria-label=\"Create\"]"}
COMMAND: POST /session/4e36bf80fbca1927c571a30744d2eac8/element - {"using":"xpath","value":"//button[@aria-label=\"Create\"]"}
RESULT: {"using":"xpath","value":"//button[@aria-label=\"Create\"]"}
COMMAND: POST /session/4e36bf80fbca1927c571a30744d2eac8/execute/sync - {"script":"<script> [8489 bytes]","args":[{"element-6066-11e4-a52e-4f735466cecf":"f.F4B8E6AEE0F35DB2CB5FDCA58BEB4CC0.d.CD92FD7AC6B4BDAA4F685E159195A99D.e.6584","ELEMENT":"f.F4B8E6AEE0F35DB2CB5FDCA58BEB4CC0.d.CD92FD7AC6B4BDAA4F685E159195A99D.e.6584"}]}
RESULT: {"script":"<script> [8489 bytes]","args":[{"element-6066-11e4-a52e-4f735466cecf":"f.F4B8E6AEE0F35DB2CB5FDCA58BEB4CC0.d.CD92FD7AC6B4BDAA4F685E159195A99D.e.6584","ELEMENT":"f.F4B8E6AEE0F35DB2CB5FDCA58BEB4CC0.d.CD92FD7AC6B4BDAA4F685E159195A99D.e.6584"}]}
COMMAND: GET /session/4e36bf80fbca1927c571a30744d2eac8/element/f.F4B8E6AEE0F35DB2CB5FDCA58BEB4CC0.d.CD92FD7AC6B4BDAA4F685E159195A99D.e.6584/enabled - {}
COMMAND: GET /session/4e36bf80fbca1927c571a30744d2eac8/screenshot - {}
RESULT: {}
COMMAND: POST /session/4e36bf80fbca1927c571a30744d2eac8/execute/sync - {"script":"<script> [8489 bytes]","args":[{"element-6066-11e4-a52e-4f735466cecf":"f.F4B8E6AEE0F35DB2CB5FDCA58BEB4CC0.d.CD92FD7AC6B4BDAA4F685E159195A99D.e.6584","ELEMENT":"f.F4B8E6AEE0F35DB2CB5FDCA58BEB4CC0.d.CD92FD7AC6B4BDAA4F685E159195A99D.e.6584"}]}
COMMAND: GET /session/4e36bf80fbca1927c571a30744d2eac8/screenshot - {}
RESULT: {}
RESULT: {"script":"<script> [8489 bytes]","args":[{"element-6066-11e4-a52e-4f735466cecf":"f.F4B8E6AEE0F35DB2CB5FDCA58BEB4CC0.d.CD92FD7AC6B4BDAA4F685E159195A99D.e.6584","ELEMENT":"f.F4B8E6AEE0F35DB2CB5FDCA58BEB4CC0.d.CD92FD7AC6B4BDAA4F685E159195A99D.e.6584"}]}
COMMAND: POST /session/4e36bf80fbca1927c571a30744d2eac8/execute/sync - {"script":"<script> [5351 bytes]","args":[{"element-6066-11e4-a52e-4f735466cecf":"f.F4B8E6AEE0F35DB2CB5FDCA58BEB4CC0.d.CD92FD7AC6B4BDAA4F685E159195A99D.e.6584","ELEMENT":"f.F4B8E6AEE0F35DB2CB5FDCA58BEB4CC0.d.CD92FD7AC6B4BDAA4F685E159195A99D.e.6584"}]}
COMMAND: GET /session/4e36bf80fbca1927c571a30744d2eac8/screenshot - {}
RESULT: {}
RESULT: {"script":"<script> [5351 bytes]","args":[{"element-6066-11e4-a52e-4f735466cecf":"f.F4B8E6AEE0F35DB2CB5FDCA58BEB4CC0.d.CD92FD7AC6B4BDAA4F685E159195A99D.e.6584","ELEMENT":"f.F4B8E6AEE0F35DB2CB5FDCA58BEB4CC0.d.CD92FD7AC6B4BDAA4F685E159195A99D.e.6584"}]}
COMMAND: POST /session/4e36bf80fbca1927c571a30744d2eac8/element/f.F4B8E6AEE0F35DB2CB5FDCA58BEB4CC0.d.CD92FD7AC6B4BDAA4F685E159195A99D.e.6584/click - {}
COMMAND: GET /session/4e36bf80fbca1927c571a30744d2eac8/screenshot - {}
RESULT: {}
RESULT: {}
COMMAND: GET /session/4e36bf80fbca1927c571a30744d2eac8/screenshot - {}
RESULT: {}
RESULT: {}
COMMAND: POST /session/4e36bf80fbca1927c571a30744d2eac8/actions - {"actions":[{"id":"action31","type":"key","parameters":{},"actions":[{"type":"keyDown","value":"î€‡"},{"type":"pause","duration":10},{"type":"keyUp","value":"î€‡"}]}]}
RESULT: {"actions":[{"id":"action31","type":"key","parameters":{},"actions":[{"type":"keyDown","value":"î€‡"},{"type":"pause","duration":10},{"type":"keyUp","value":"î€‡"}]}]}
COMMAND: GET /session/4e36bf80fbca1927c571a30744d2eac8/screenshot - {}
RESULT: {}
COMMAND: POST /session/4e36bf80fbca1927c571a30744d2eac8/execute/async - {"script":"<script> [1562 bytes]","args":[{"selector":{"id":"application-manageconditionprice-display-component---newCondition--condBillCond-arrow"},"wdio_ui5_key":"applicationmanageconditionprice-display-component---newCondition--condBillCond-arrow"}]}
RESULT: {"script":"<script> [1562 bytes]","args":[{"selector":{"id":"application-manageconditionprice-display-component---newCondition--condBillCond-arrow"},"wdio_ui5_key":"applicationmanageconditionprice-display-component---newCondition--condBillCond-arrow"}]}
RESULT: undefined
COMMAND: POST /session/4e36bf80fbca1927c571a30744d2eac8/element - {"using":"xpath","value":"//*[@id=\"application-manageconditionprice-display-component---newCondition--condBillCond-arrow\"]"}
RESULT: {"using":"xpath","value":"//*[@id=\"application-manageconditionprice-display-component---newCondition--condBillCond-arrow\"]"}
COMMAND: POST /session/4e36bf80fbca1927c571a30744d2eac8/element/f.F4B8E6AEE0F35DB2CB5FDCA58BEB4CC0.d.CD92FD7AC6B4BDAA4F685E159195A99D.e.6761/click - {}
RESULT: {}
COMMAND: GET /session/4e36bf80fbca1927c571a30744d2eac8/screenshot - {}
RESULT: {}
COMMAND: POST /session/4e36bf80fbca1927c571a30744d2eac8/element - {"using":"xpath","value":"//li[.//span[contains(text(), \"DISP - D&I special price\")]]"}
RESULT: {"using":"xpath","value":"//li[.//span[contains(text(), \"DISP - D&I special price\")]]"}
COMMAND: POST /session/4e36bf80fbca1927c571a30744d2eac8/element/f.F4B8E6AEE0F35DB2CB5FDCA58BEB4CC0.d.CD92FD7AC6B4BDAA4F685E159195A99D.e.6764/click - {}
RESULT: {}
COMMAND: GET /session/4e36bf80fbca1927c571a30744d2eac8/screenshot - {}
RESULT: {}
COMMAND: POST /session/4e36bf80fbca1927c571a30744d2eac8/execute/async - {"script":"<script> [1562 bytes]","args":[{"selector":{"id":"application-manageconditionprice-display-component---newCondition--condValidTo","interaction":{"idSuffix":"inner"}},"wdio_ui5_key":"applicationmanageconditionprice-display-component---newCondition--condValidTo"}]}
RESULT: {"script":"<script> [1562 bytes]","args":[{"selector":{"id":"application-manageconditionprice-display-component---newCondition--condValidTo","interaction":{"idSuffix":"inner"}},"wdio_ui5_key":"applicationmanageconditionprice-display-component---newCondition--condValidTo"}]}
RESULT: undefined
COMMAND: POST /session/4e36bf80fbca1927c571a30744d2eac8/execute/async - {"script":"<script> [776 bytes]","args":[{"enterText":"01/13/26","selector":{"id":"application-manageconditionprice-display-component---newCondition--condValidTo","interaction":{"idSuffix":"inner"}},"clearTextFirst":true,"interactionType":"ENTER_TEXT"}]}
RESULT: {"script":"<script> [776 bytes]","args":[{"enterText":"01/13/26","selector":{"id":"application-manageconditionprice-display-component---newCondition--condValidTo","interaction":{"idSuffix":"inner"}},"clearTextFirst":true,"interactionType":"ENTER_TEXT"}]}
COMMAND: POST /session/4e36bf80fbca1927c571a30744d2eac8/element - {"using":"xpath","value":"//input[@id=\"application-manageconditionprice-display-component---newCondition--condRU-inner\"]"}
RESULT: {"using":"xpath","value":"//input[@id=\"application-manageconditionprice-display-component---newCondition--condRU-inner\"]"}
COMMAND: POST /session/4e36bf80fbca1927c571a30744d2eac8/element/f.F4B8E6AEE0F35DB2CB5FDCA58BEB4CC0.d.CD92FD7AC6B4BDAA4F685E159195A99D.e.6626/clear - {}
RESULT: {}
COMMAND: POST /session/4e36bf80fbca1927c571a30744d2eac8/element/f.F4B8E6AEE0F35DB2CB5FDCA58BEB4CC0.d.CD92FD7AC6B4BDAA4F685E159195A99D.e.6626/value - {"text":"CXWx5IyBgH"}
COMMAND: GET /session/4e36bf80fbca1927c571a30744d2eac8/screenshot - {}
RESULT: {"text":"CXWx5IyBgH"}
COMMAND: GET /session/4e36bf80fbca1927c571a30744d2eac8/screenshot - {}
RESULT: {}
RESULT: {}
COMMAND: POST /session/4e36bf80fbca1927c571a30744d2eac8/actions - {"actions":[{"id":"action32","type":"key","parameters":{},"actions":[{"type":"keyDown","value":"î€‡"},{"type":"pause","duration":10},{"type":"keyUp","value":"î€‡"}]}]}
RESULT: {"actions":[{"id":"action32","type":"key","parameters":{},"actions":[{"type":"keyDown","value":"î€‡"},{"type":"pause","duration":10},{"type":"keyUp","value":"î€‡"}]}]}
COMMAND: POST /session/4e36bf80fbca1927c571a30744d2eac8/execute/async - {"script":"<script> [1562 bytes]","args":[{"selector":{"id":"application-manageconditionprice-display-component---newCondition--condBaseQty","interaction":{"idSuffix":"inner"}},"wdio_ui5_key":"applicationmanageconditionprice-display-component---newCondition--condBaseQty"}]}
COMMAND: GET /session/4e36bf80fbca1927c571a30744d2eac8/screenshot - {}
RESULT: {"script":"<script> [1562 bytes]","args":[{"selector":{"id":"application-manageconditionprice-display-component---newCondition--condBaseQty","interaction":{"idSuffix":"inner"}},"wdio_ui5_key":"applicationmanageconditionprice-display-component---newCondition--condBaseQty"}]}
RESULT: undefined
COMMAND: POST /session/4e36bf80fbca1927c571a30744d2eac8/execute/async - {"script":"<script> [776 bytes]","args":[{"enterText":"1","selector":{"id":"application-manageconditionprice-display-component---newCondition--condBaseQty","interaction":{"idSuffix":"inner"}},"clearTextFirst":true,"interactionType":"ENTER_TEXT"}]}
RESULT: {}
RESULT: {"script":"<script> [776 bytes]","args":[{"enterText":"1","selector":{"id":"application-manageconditionprice-display-component---newCondition--condBaseQty","interaction":{"idSuffix":"inner"}},"clearTextFirst":true,"interactionType":"ENTER_TEXT"}]}
COMMAND: POST /session/4e36bf80fbca1927c571a30744d2eac8/execute/async - {"script":"<script> [1562 bytes]","args":[{"selector":{"id":"application-manageconditionprice-display-component---newCondition--condValue","interaction":{"idSuffix":"inner"}},"wdio_ui5_key":"applicationmanageconditionprice-display-component---newCondition--condValue"}]}
RESULT: {"script":"<script> [1562 bytes]","args":[{"selector":{"id":"application-manageconditionprice-display-component---newCondition--condValue","interaction":{"idSuffix":"inner"}},"wdio_ui5_key":"applicationmanageconditionprice-display-component---newCondition--condValue"}]}
RESULT: undefined
COMMAND: POST /session/4e36bf80fbca1927c571a30744d2eac8/execute/async - {"script":"<script> [776 bytes]","args":[{"enterText":"200","selector":{"id":"application-manageconditionprice-display-component---newCondition--condValue","interaction":{"idSuffix":"inner"}},"clearTextFirst":true,"interactionType":"ENTER_TEXT"}]}
RESULT: {"script":"<script> [776 bytes]","args":[{"enterText":"200","selector":{"id":"application-manageconditionprice-display-component---newCondition--condValue","interaction":{"idSuffix":"inner"}},"clearTextFirst":true,"interactionType":"ENTER_TEXT"}]}
COMMAND: POST /session/4e36bf80fbca1927c571a30744d2eac8/execute/async - {"script":"<script> [1562 bytes]","args":[{"selector":{"id":"application-manageconditionprice-display-component---newCondition--condCurr-arrow"},"wdio_ui5_key":"applicationmanageconditionprice-display-component---newCondition--condCurr-arrow"}]}
RESULT: {"script":"<script> [1562 bytes]","args":[{"selector":{"id":"application-manageconditionprice-display-component---newCondition--condCurr-arrow"},"wdio_ui5_key":"applicationmanageconditionprice-display-component---newCondition--condCurr-arrow"}]}
RESULT: undefined
COMMAND: POST /session/4e36bf80fbca1927c571a30744d2eac8/element - {"using":"xpath","value":"//*[@id=\"application-manageconditionprice-display-component---newCondition--condCurr-arrow\"]"}
RESULT: {"using":"xpath","value":"//*[@id=\"application-manageconditionprice-display-component---newCondition--condCurr-arrow\"]"}
COMMAND: POST /session/4e36bf80fbca1927c571a30744d2eac8/element/f.F4B8E6AEE0F35DB2CB5FDCA58BEB4CC0.d.CD92FD7AC6B4BDAA4F685E159195A99D.e.6743/click - {}
RESULT: {}
COMMAND: POST /session/4e36bf80fbca1927c571a30744d2eac8/element - {"using":"xpath","value":"//span[contains(text(), \"Euro\")]"}
COMMAND: GET /session/4e36bf80fbca1927c571a30744d2eac8/screenshot - {}
RESULT: {}
RESULT: {"using":"xpath","value":"//span[contains(text(), \"Euro\")]"}
COMMAND: POST /session/4e36bf80fbca1927c571a30744d2eac8/element/f.F4B8E6AEE0F35DB2CB5FDCA58BEB4CC0.d.CD92FD7AC6B4BDAA4F685E159195A99D.e.6801/click - {}
RESULT: {}
COMMAND: POST /session/4e36bf80fbca1927c571a30744d2eac8/element - {"using":"xpath","value":"//button[@data-kt=\"saveButton\"]"}
COMMAND: GET /session/4e36bf80fbca1927c571a30744d2eac8/screenshot - {}
RESULT: {"using":"xpath","value":"//button[@data-kt=\"saveButton\"]"}
COMMAND: POST /session/4e36bf80fbca1927c571a30744d2eac8/element/f.F4B8E6AEE0F35DB2CB5FDCA58BEB4CC0.d.CD92FD7AC6B4BDAA4F685E159195A99D.e.6744/click - {}
RESULT: {}
RESULT: {}
COMMAND: GET /session/4e36bf80fbca1927c571a30744d2eac8/screenshot - {}
RESULT: {}
COMMAND: POST /session/4e36bf80fbca1927c571a30744d2eac8/execute/async - {"script":"<script> [1562 bytes]","args":[{"selector":{"id":"application-manageconditionprice-display-component---conditions--smartFilterBar-btnBasicSearch","interaction":{"idSuffix":"I"}},"wdio_ui5_key":"applicationmanageconditionprice-display-component---conditions--smartFilterBar-btnBasicSearch"}]}
RESULT: {"script":"<script> [1562 bytes]","args":[{"selector":{"id":"application-manageconditionprice-display-component---conditions--smartFilterBar-btnBasicSearch","interaction":{"idSuffix":"I"}},"wdio_ui5_key":"applicationmanageconditionprice-display-component---conditions--smartFilterBar-btnBasicSearch"}]}
RESULT: undefined
COMMAND: POST /session/4e36bf80fbca1927c571a30744d2eac8/execute/async - {"script":"<script> [776 bytes]","args":[{"enterText":"CXWx5IyBgH","selector":{"id":"application-manageconditionprice-display-component---conditions--smartFilterBar-btnBasicSearch","interaction":{"idSuffix":"I"}},"clearTextFirst":true,"interactionType":"ENTER_TEXT"}]}
RESULT: {"script":"<script> [776 bytes]","args":[{"enterText":"CXWx5IyBgH","selector":{"id":"application-manageconditionprice-display-component---conditions--smartFilterBar-btnBasicSearch","interaction":{"idSuffix":"I"}},"clearTextFirst":true,"interactionType":"ENTER_TEXT"}]}
COMMAND: POST /session/4e36bf80fbca1927c571a30744d2eac8/actions - {"actions":[{"id":"action33","type":"key","parameters":{},"actions":[{"type":"keyDown","value":"î€‡"},{"type":"pause","duration":10},{"type":"keyUp","value":"î€‡"}]}]}
RESULT: {"actions":[{"id":"action33","type":"key","parameters":{},"actions":[{"type":"keyDown","value":"î€‡"},{"type":"pause","duration":10},{"type":"keyUp","value":"î€‡"}]}]}
COMMAND: GET /session/4e36bf80fbca1927c571a30744d2eac8/screenshot - {}
RESULT: {}
COMMAND: POST /session/4e36bf80fbca1927c571a30744d2eac8/execute/async - {"script":"<script> [1562 bytes]","args":[{"selector":{"id":"application-manageconditionprice-display-component---conditions--smartFilterBar-filterItemControl_BASIC-BILL_TYPES-vhi"},"wdio_ui5_key":"applicationmanageconditionprice-display-component---conditions--smartFilterBar-filterItemControl_BASIC-BILL_TYPES-vhi"}]}
RESULT: {"script":"<script> [1562 bytes]","args":[{"selector":{"id":"application-manageconditionprice-display-component---conditions--smartFilterBar-filterItemControl_BASIC-BILL_TYPES-vhi"},"wdio_ui5_key":"applicationmanageconditionprice-display-component---conditions--smartFilterBar-filterItemControl_BASIC-BILL_TYPES-vhi"}]}
RESULT: undefined
COMMAND: POST /session/4e36bf80fbca1927c571a30744d2eac8/element - {"using":"xpath","value":"//*[@id=\"application-manageconditionprice-display-component---conditions--smartFilterBar-filterItemControl_BASIC-BILL_TYPES-vhi\"]"}
RESULT: {"using":"xpath","value":"//*[@id=\"application-manageconditionprice-display-component---conditions--smartFilterBar-filterItemControl_BASIC-BILL_TYPES-vhi\"]"}
COMMAND: POST /session/4e36bf80fbca1927c571a30744d2eac8/element/f.F4B8E6AEE0F35DB2CB5FDCA58BEB4CC0.d.CD92FD7AC6B4BDAA4F685E159195A99D.e.6817/click - {}
RESULT: {}
COMMAND: POST /session/4e36bf80fbca1927c571a30744d2eac8/execute/async - {"script":"<script> [1562 bytes]","args":[{"selector":{"id":"application-manageconditionprice-display-component---conditions--smartFilterBar-filterItemControl_BASIC-BILL_TYPES-valueHelpDialog-smartFilterBar-btnBasicSearch","searchOpenDialogs":true,"interaction":{"idSuffix":"I"}},"wdio_ui5_key":"applicationmanageconditionprice-display-component---conditions--smartFilterBar-filterItemControl_BASIC-BILL_TYPES-valueHelpDialog-smartFilterBar-btnBasicSearch"}]}
COMMAND: GET /session/4e36bf80fbca1927c571a30744d2eac8/screenshot - {}
RESULT: {"script":"<script> [1562 bytes]","args":[{"selector":{"id":"application-manageconditionprice-display-component---conditions--smartFilterBar-filterItemControl_BASIC-BILL_TYPES-valueHelpDialog-smartFilterBar-btnBasicSearch","searchOpenDialogs":true,"interaction":{"idSuffix":"I"}},"wdio_ui5_key":"applicationmanageconditionprice-display-component---conditions--smartFilterBar-filterItemControl_BASIC-BILL_TYPES-valueHelpDialog-smartFilterBar-btnBasicSearch"}]}
RESULT: undefined
COMMAND: POST /session/4e36bf80fbca1927c571a30744d2eac8/execute/async - {"script":"<script> [776 bytes]","args":[{"enterText":"TB","selector":{"id":"application-manageconditionprice-display-component---conditions--smartFilterBar-filterItemControl_BASIC-BILL_TYPES-valueHelpDialog-smartFilterBar-btnBasicSearch","searchOpenDialogs":true,"interaction":{"idSuffix":"I"}},"clearTextFirst":true,"interactionType":"ENTER_TEXT"}]}
RESULT: {}
RESULT: {"script":"<script> [776 bytes]","args":[{"enterText":"TB","selector":{"id":"application-manageconditionprice-display-component---conditions--smartFilterBar-filterItemControl_BASIC-BILL_TYPES-valueHelpDialog-smartFilterBar-btnBasicSearch","searchOpenDialogs":true,"interaction":{"idSuffix":"I"}},"clearTextFirst":true,"interactionType":"ENTER_TEXT"}]}
COMMAND: POST /session/4e36bf80fbca1927c571a30744d2eac8/actions - {"actions":[{"id":"action34","type":"key","parameters":{},"actions":[{"type":"keyDown","value":"î€‡"},{"type":"pause","duration":10},{"type":"keyUp","value":"î€‡"}]}]}
RESULT: {"actions":[{"id":"action34","type":"key","parameters":{},"actions":[{"type":"keyDown","value":"î€‡"},{"type":"pause","duration":10},{"type":"keyUp","value":"î€‡"}]}]}
COMMAND: GET /session/4e36bf80fbca1927c571a30744d2eac8/screenshot - {}
RESULT: {}
COMMAND: POST /session/4e36bf80fbca1927c571a30744d2eac8/element - {"using":"xpath","value":"//div[contains(@id, 'application-manageconditionprice-display-component---conditions--smartFilterBar-filterItemControl_BASIC-BILL_TYPES-valueHelpDialog-table-rowsel0')]"}
RESULT: {"using":"xpath","value":"//div[contains(@id, 'application-manageconditionprice-display-component---conditions--smartFilterBar-filterItemControl_BASIC-BILL_TYPES-valueHelpDialog-table-rowsel0')]"}
COMMAND: POST /session/4e36bf80fbca1927c571a30744d2eac8/element/f.F4B8E6AEE0F35DB2CB5FDCA58BEB4CC0.d.CD92FD7AC6B4BDAA4F685E159195A99D.e.6826/click - {}
RESULT: {}
COMMAND: GET /session/4e36bf80fbca1927c571a30744d2eac8/screenshot - {}
RESULT: {}
COMMAND: POST /session/4e36bf80fbca1927c571a30744d2eac8/element - {"using":"xpath","value":"//bdi[contains(text(), \"OK\")]"}
RESULT: {"using":"xpath","value":"//bdi[contains(text(), \"OK\")]"}
COMMAND: POST /session/4e36bf80fbca1927c571a30744d2eac8/element/f.F4B8E6AEE0F35DB2CB5FDCA58BEB4CC0.d.CD92FD7AC6B4BDAA4F685E159195A99D.e.6828/click - {}
RESULT: {}
COMMAND: GET /session/4e36bf80fbca1927c571a30744d2eac8/screenshot - {}
RESULT: {}
COMMAND: POST /session/4e36bf80fbca1927c571a30744d2eac8/element - {"using":"xpath","value":"//span[@id=\"application-manageconditionprice-display-component---conditions--smartTable-header-inner\"]"}
RESULT: {"using":"xpath","value":"//span[@id=\"application-manageconditionprice-display-component---conditions--smartTable-header-inner\"]"}
COMMAND: POST /session/4e36bf80fbca1927c571a30744d2eac8/elements - {"using":"xpath","value":"//span[@id=\"application-manageconditionprice-display-component---conditions--smartTable-header-inner\"]"}
RESULT: {"using":"xpath","value":"//span[@id=\"application-manageconditionprice-display-component---conditions--smartTable-header-inner\"]"}
COMMAND: POST /session/4e36bf80fbca1927c571a30744d2eac8/execute/sync - {"script":"<script> [56 bytes]","args":[{"element-6066-11e4-a52e-4f735466cecf":"f.F4B8E6AEE0F35DB2CB5FDCA58BEB4CC0.d.CD92FD7AC6B4BDAA4F685E159195A99D.e.6831","ELEMENT":"f.F4B8E6AEE0F35DB2CB5FDCA58BEB4CC0.d.CD92FD7AC6B4BDAA4F685E159195A99D.e.6831"}]}
RESULT: {"script":"<script> [56 bytes]","args":[{"element-6066-11e4-a52e-4f735466cecf":"f.F4B8E6AEE0F35DB2CB5FDCA58BEB4CC0.d.CD92FD7AC6B4BDAA4F685E159195A99D.e.6831","ELEMENT":"f.F4B8E6AEE0F35DB2CB5FDCA58BEB4CC0.d.CD92FD7AC6B4BDAA4F685E159195A99D.e.6831"}]}
COMMAND: POST /session/4e36bf80fbca1927c571a30744d2eac8/element - {"using":"css selector","value":"#shell-header-logo"}
COMMAND: GET /session/4e36bf80fbca1927c571a30744d2eac8/screenshot - {}
RESULT: {"using":"css selector","value":"#shell-header-logo"}
COMMAND: POST /session/4e36bf80fbca1927c571a30744d2eac8/element/f.F4B8E6AEE0F35DB2CB5FDCA58BEB4CC0.d.CD92FD7AC6B4BDAA4F685E159195A99D.e.6551/click - {}
RESULT: {}
RESULT: {}
COMMAND: GET /session/4e36bf80fbca1927c571a30744d2eac8/screenshot - {}
RESULT: {}
]]></system-out>
    </testcase>
  </testsuite>
  <testsuite timestamp="2025-05-13T07:31:21" time="660.032" tests="12" failures="6" errors="6" skipped="0">
    <properties>
      <property name="specId" value="0" />
      <property name="suiteName" value="Billing transfer US117289" />
      <property name="capabilities" value="chrome.136_0_7103_49.windows" />
      <property name="file" value="file:///D:/a/1/s/test/specs/BTS/billing-transfer.spec.js" />
    </properties>
    <testcase classname="chrome.136_0_7103_49.windows.Billing_transfer_US117289" name="Should create a new yard" time="0.013">
      <system-out><![CDATA[
COMMAND: POST /session/4e36bf80fbca1927c571a30744d2eac8/window/fullscreen - {}
RESULT: {}
]]></system-out>
    </testcase>
    <testcase classname="chrome.136_0_7103_49.windows.Billing_transfer_US117289" name="Should create a new partner" time="0.004" />
    <testcase classname="chrome.136_0_7103_49.windows.Billing_transfer_US117289" name="Should create a new site" time="0.004" />
    <testcase classname="chrome.136_0_7103_49.windows.Billing_transfer_US117289" name="Should create a new equipment" time="129.3">
      <system-out><![CDATA[
COMMAND: POST /session/4e36bf80fbca1927c571a30744d2eac8/execute/async - {"script":"<script> [1562 bytes]","args":[{"selector":{"controlType":"sap.m.GenericTile","properties":{"header":"Manage Resources"}},"wdio_ui5_key":"sapm.GenericTile{\"header\":\"Manage Resources\"}"}]}
RESULT: {"script":"<script> [1562 bytes]","args":[{"selector":{"controlType":"sap.m.GenericTile","properties":{"header":"Manage Resources"}},"wdio_ui5_key":"sapm.GenericTile{\"header\":\"Manage Resources\"}"}]}
RESULT: undefined
COMMAND: POST /session/4e36bf80fbca1927c571a30744d2eac8/element - {"using":"xpath","value":"//*[@id=\"__tile39\"]"}
RESULT: {"using":"xpath","value":"//*[@id=\"__tile39\"]"}
COMMAND: POST /session/4e36bf80fbca1927c571a30744d2eac8/element/f.F4B8E6AEE0F35DB2CB5FDCA58BEB4CC0.d.C85327D1FA1EC0C33C48D7B8CD91F8EA.e.7577/click - {}
RESULT: {}
COMMAND: POST /session/4e36bf80fbca1927c571a30744d2eac8/element - {"using":"xpath","value":"//button[@data-kt=\"addNewRUOverflowToolbarButton\"]"}
COMMAND: GET /session/4e36bf80fbca1927c571a30744d2eac8/screenshot - {}
RESULT: {"using":"xpath","value":"//button[@data-kt=\"addNewRUOverflowToolbarButton\"]"}
COMMAND: POST /session/4e36bf80fbca1927c571a30744d2eac8/elements - {"using":"xpath","value":"//button[@data-kt=\"addNewRUOverflowToolbarButton\"]"}
RESULT: {}
RESULT: {"using":"xpath","value":"//button[@data-kt=\"addNewRUOverflowToolbarButton\"]"}
COMMAND: POST /session/4e36bf80fbca1927c571a30744d2eac8/elements - {"using":"xpath","value":"//button[@data-kt=\"addNewRUOverflowToolbarButton\"]"}
RESULT: {"using":"xpath","value":"//button[@data-kt=\"addNewRUOverflowToolbarButton\"]"}
COMMAND: POST /session/4e36bf80fbca1927c571a30744d2eac8/elements - {"using":"xpath","value":"//button[@data-kt=\"addNewRUOverflowToolbarButton\"]"}
RESULT: {"using":"xpath","value":"//button[@data-kt=\"addNewRUOverflowToolbarButton\"]"}
COMMAND: POST /session/4e36bf80fbca1927c571a30744d2eac8/elements - {"using":"xpath","value":"//button[@data-kt=\"addNewRUOverflowToolbarButton\"]"}
RESULT: {"using":"xpath","value":"//button[@data-kt=\"addNewRUOverflowToolbarButton\"]"}
COMMAND: POST /session/4e36bf80fbca1927c571a30744d2eac8/elements - {"using":"xpath","value":"//button[@data-kt=\"addNewRUOverflowToolbarButton\"]"}
RESULT: {"using":"xpath","value":"//button[@data-kt=\"addNewRUOverflowToolbarButton\"]"}
COMMAND: POST /session/4e36bf80fbca1927c571a30744d2eac8/elements - {"using":"xpath","value":"//button[@data-kt=\"addNewRUOverflowToolbarButton\"]"}
RESULT: {"using":"xpath","value":"//button[@data-kt=\"addNewRUOverflowToolbarButton\"]"}
COMMAND: POST /session/4e36bf80fbca1927c571a30744d2eac8/elements - {"using":"xpath","value":"//button[@data-kt=\"addNewRUOverflowToolbarButton\"]"}
RESULT: {"using":"xpath","value":"//button[@data-kt=\"addNewRUOverflowToolbarButton\"]"}
COMMAND: POST /session/4e36bf80fbca1927c571a30744d2eac8/elements - {"using":"xpath","value":"//button[@data-kt=\"addNewRUOverflowToolbarButton\"]"}
RESULT: {"using":"xpath","value":"//button[@data-kt=\"addNewRUOverflowToolbarButton\"]"}
COMMAND: POST /session/4e36bf80fbca1927c571a30744d2eac8/elements - {"using":"xpath","value":"//button[@data-kt=\"addNewRUOverflowToolbarButton\"]"}
RESULT: {"using":"xpath","value":"//button[@data-kt=\"addNewRUOverflowToolbarButton\"]"}
COMMAND: POST /session/4e36bf80fbca1927c571a30744d2eac8/elements - {"using":"xpath","value":"//button[@data-kt=\"addNewRUOverflowToolbarButton\"]"}
RESULT: {"using":"xpath","value":"//button[@data-kt=\"addNewRUOverflowToolbarButton\"]"}
COMMAND: POST /session/4e36bf80fbca1927c571a30744d2eac8/elements - {"using":"xpath","value":"//button[@data-kt=\"addNewRUOverflowToolbarButton\"]"}
RESULT: {"using":"xpath","value":"//button[@data-kt=\"addNewRUOverflowToolbarButton\"]"}
COMMAND: POST /session/4e36bf80fbca1927c571a30744d2eac8/elements - {"using":"xpath","value":"//button[@data-kt=\"addNewRUOverflowToolbarButton\"]"}
RESULT: {"using":"xpath","value":"//button[@data-kt=\"addNewRUOverflowToolbarButton\"]"}
COMMAND: POST /session/4e36bf80fbca1927c571a30744d2eac8/elements - {"using":"xpath","value":"//button[@data-kt=\"addNewRUOverflowToolbarButton\"]"}
RESULT: {"using":"xpath","value":"//button[@data-kt=\"addNewRUOverflowToolbarButton\"]"}
COMMAND: POST /session/4e36bf80fbca1927c571a30744d2eac8/elements - {"using":"xpath","value":"//button[@data-kt=\"addNewRUOverflowToolbarButton\"]"}
RESULT: {"using":"xpath","value":"//button[@data-kt=\"addNewRUOverflowToolbarButton\"]"}
COMMAND: POST /session/4e36bf80fbca1927c571a30744d2eac8/elements - {"using":"xpath","value":"//button[@data-kt=\"addNewRUOverflowToolbarButton\"]"}
RESULT: {"using":"xpath","value":"//button[@data-kt=\"addNewRUOverflowToolbarButton\"]"}
COMMAND: POST /session/4e36bf80fbca1927c571a30744d2eac8/elements - {"using":"xpath","value":"//button[@data-kt=\"addNewRUOverflowToolbarButton\"]"}
RESULT: {"using":"xpath","value":"//button[@data-kt=\"addNewRUOverflowToolbarButton\"]"}
COMMAND: POST /session/4e36bf80fbca1927c571a30744d2eac8/elements - {"using":"xpath","value":"//button[@data-kt=\"addNewRUOverflowToolbarButton\"]"}
RESULT: {"using":"xpath","value":"//button[@data-kt=\"addNewRUOverflowToolbarButton\"]"}
COMMAND: POST /session/4e36bf80fbca1927c571a30744d2eac8/elements - {"using":"xpath","value":"//button[@data-kt=\"addNewRUOverflowToolbarButton\"]"}
RESULT: {"using":"xpath","value":"//button[@data-kt=\"addNewRUOverflowToolbarButton\"]"}
COMMAND: POST /session/4e36bf80fbca1927c571a30744d2eac8/elements - {"using":"xpath","value":"//button[@data-kt=\"addNewRUOverflowToolbarButton\"]"}
RESULT: {"using":"xpath","value":"//button[@data-kt=\"addNewRUOverflowToolbarButton\"]"}
COMMAND: POST /session/4e36bf80fbca1927c571a30744d2eac8/elements - {"using":"xpath","value":"//button[@data-kt=\"addNewRUOverflowToolbarButton\"]"}
RESULT: {"using":"xpath","value":"//button[@data-kt=\"addNewRUOverflowToolbarButton\"]"}
COMMAND: POST /session/4e36bf80fbca1927c571a30744d2eac8/elements - {"using":"xpath","value":"//button[@data-kt=\"addNewRUOverflowToolbarButton\"]"}
RESULT: {"using":"xpath","value":"//button[@data-kt=\"addNewRUOverflowToolbarButton\"]"}
COMMAND: POST /session/4e36bf80fbca1927c571a30744d2eac8/elements - {"using":"xpath","value":"//button[@data-kt=\"addNewRUOverflowToolbarButton\"]"}
RESULT: {"using":"xpath","value":"//button[@data-kt=\"addNewRUOverflowToolbarButton\"]"}
COMMAND: POST /session/4e36bf80fbca1927c571a30744d2eac8/elements - {"using":"xpath","value":"//button[@data-kt=\"addNewRUOverflowToolbarButton\"]"}
RESULT: {"using":"xpath","value":"//button[@data-kt=\"addNewRUOverflowToolbarButton\"]"}
COMMAND: POST /session/4e36bf80fbca1927c571a30744d2eac8/elements - {"using":"xpath","value":"//button[@data-kt=\"addNewRUOverflowToolbarButton\"]"}
RESULT: {"using":"xpath","value":"//button[@data-kt=\"addNewRUOverflowToolbarButton\"]"}
COMMAND: POST /session/4e36bf80fbca1927c571a30744d2eac8/elements - {"using":"xpath","value":"//button[@data-kt=\"addNewRUOverflowToolbarButton\"]"}
RESULT: {"using":"xpath","value":"//button[@data-kt=\"addNewRUOverflowToolbarButton\"]"}
COMMAND: POST /session/4e36bf80fbca1927c571a30744d2eac8/elements - {"using":"xpath","value":"//button[@data-kt=\"addNewRUOverflowToolbarButton\"]"}
RESULT: {"using":"xpath","value":"//button[@data-kt=\"addNewRUOverflowToolbarButton\"]"}
COMMAND: POST /session/4e36bf80fbca1927c571a30744d2eac8/elements - {"using":"xpath","value":"//button[@data-kt=\"addNewRUOverflowToolbarButton\"]"}
RESULT: {"using":"xpath","value":"//button[@data-kt=\"addNewRUOverflowToolbarButton\"]"}
COMMAND: POST /session/4e36bf80fbca1927c571a30744d2eac8/element - {"using":"xpath","value":"//button[@data-kt=\"addNewRUOverflowToolbarButton\"]"}
RESULT: {"using":"xpath","value":"//button[@data-kt=\"addNewRUOverflowToolbarButton\"]"}
COMMAND: POST /session/4e36bf80fbca1927c571a30744d2eac8/execute/sync - {"script":"<script> [8489 bytes]","args":[{"element-6066-11e4-a52e-4f735466cecf":"f.F4B8E6AEE0F35DB2CB5FDCA58BEB4CC0.d.C85327D1FA1EC0C33C48D7B8CD91F8EA.e.7718","ELEMENT":"f.F4B8E6AEE0F35DB2CB5FDCA58BEB4CC0.d.C85327D1FA1EC0C33C48D7B8CD91F8EA.e.7718"}]}
RESULT: {"script":"<script> [8489 bytes]","args":[{"element-6066-11e4-a52e-4f735466cecf":"f.F4B8E6AEE0F35DB2CB5FDCA58BEB4CC0.d.C85327D1FA1EC0C33C48D7B8CD91F8EA.e.7718","ELEMENT":"f.F4B8E6AEE0F35DB2CB5FDCA58BEB4CC0.d.C85327D1FA1EC0C33C48D7B8CD91F8EA.e.7718"}]}
COMMAND: GET /session/4e36bf80fbca1927c571a30744d2eac8/element/f.F4B8E6AEE0F35DB2CB5FDCA58BEB4CC0.d.C85327D1FA1EC0C33C48D7B8CD91F8EA.e.7718/enabled - {}
COMMAND: GET /session/4e36bf80fbca1927c571a30744d2eac8/screenshot - {}
RESULT: {}
COMMAND: POST /session/4e36bf80fbca1927c571a30744d2eac8/execute/sync - {"script":"<script> [8489 bytes]","args":[{"element-6066-11e4-a52e-4f735466cecf":"f.F4B8E6AEE0F35DB2CB5FDCA58BEB4CC0.d.C85327D1FA1EC0C33C48D7B8CD91F8EA.e.7718","ELEMENT":"f.F4B8E6AEE0F35DB2CB5FDCA58BEB4CC0.d.C85327D1FA1EC0C33C48D7B8CD91F8EA.e.7718"}]}
COMMAND: GET /session/4e36bf80fbca1927c571a30744d2eac8/screenshot - {}
RESULT: {}
RESULT: {"script":"<script> [8489 bytes]","args":[{"element-6066-11e4-a52e-4f735466cecf":"f.F4B8E6AEE0F35DB2CB5FDCA58BEB4CC0.d.C85327D1FA1EC0C33C48D7B8CD91F8EA.e.7718","ELEMENT":"f.F4B8E6AEE0F35DB2CB5FDCA58BEB4CC0.d.C85327D1FA1EC0C33C48D7B8CD91F8EA.e.7718"}]}
COMMAND: POST /session/4e36bf80fbca1927c571a30744d2eac8/execute/sync - {"script":"<script> [5351 bytes]","args":[{"element-6066-11e4-a52e-4f735466cecf":"f.F4B8E6AEE0F35DB2CB5FDCA58BEB4CC0.d.C85327D1FA1EC0C33C48D7B8CD91F8EA.e.7718","ELEMENT":"f.F4B8E6AEE0F35DB2CB5FDCA58BEB4CC0.d.C85327D1FA1EC0C33C48D7B8CD91F8EA.e.7718"}]}
COMMAND: GET /session/4e36bf80fbca1927c571a30744d2eac8/screenshot - {}
RESULT: {}
RESULT: {"script":"<script> [5351 bytes]","args":[{"element-6066-11e4-a52e-4f735466cecf":"f.F4B8E6AEE0F35DB2CB5FDCA58BEB4CC0.d.C85327D1FA1EC0C33C48D7B8CD91F8EA.e.7718","ELEMENT":"f.F4B8E6AEE0F35DB2CB5FDCA58BEB4CC0.d.C85327D1FA1EC0C33C48D7B8CD91F8EA.e.7718"}]}
COMMAND: POST /session/4e36bf80fbca1927c571a30744d2eac8/element/f.F4B8E6AEE0F35DB2CB5FDCA58BEB4CC0.d.C85327D1FA1EC0C33C48D7B8CD91F8EA.e.7718/click - {}
COMMAND: GET /session/4e36bf80fbca1927c571a30744d2eac8/screenshot - {}
RESULT: {}
RESULT: {}
COMMAND: GET /session/4e36bf80fbca1927c571a30744d2eac8/screenshot - {}
RESULT: {}
RESULT: {}
COMMAND: POST /session/4e36bf80fbca1927c571a30744d2eac8/execute/async - {"script":"<script> [1562 bytes]","args":[{"selector":{"id":"application-manageresources-display-component---newResourceUnit--TYPE-arrow"},"wdio_ui5_key":"applicationmanageresources-display-component---newResourceUnit--TYPE-arrow"}]}
RESULT: {"script":"<script> [1562 bytes]","args":[{"selector":{"id":"application-manageresources-display-component---newResourceUnit--TYPE-arrow"},"wdio_ui5_key":"applicationmanageresources-display-component---newResourceUnit--TYPE-arrow"}]}
RESULT: undefined
COMMAND: POST /session/4e36bf80fbca1927c571a30744d2eac8/element - {"using":"xpath","value":"//*[@id=\"application-manageresources-display-component---newResourceUnit--TYPE-arrow\"]"}
RESULT: {"using":"xpath","value":"//*[@id=\"application-manageresources-display-component---newResourceUnit--TYPE-arrow\"]"}
COMMAND: POST /session/4e36bf80fbca1927c571a30744d2eac8/element/f.F4B8E6AEE0F35DB2CB5FDCA58BEB4CC0.d.C85327D1FA1EC0C33C48D7B8CD91F8EA.e.8079/click - {}
RESULT: {}
COMMAND: POST /session/4e36bf80fbca1927c571a30744d2eac8/element - {"using":"xpath","value":"//input[@id=\"application-manageresources-display-component---newResourceUnit--TYPE-inner\"]"}
COMMAND: GET /session/4e36bf80fbca1927c571a30744d2eac8/screenshot - {}
RESULT: {"using":"xpath","value":"//input[@id=\"application-manageresources-display-component---newResourceUnit--TYPE-inner\"]"}
COMMAND: POST /session/4e36bf80fbca1927c571a30744d2eac8/element/f.F4B8E6AEE0F35DB2CB5FDCA58BEB4CC0.d.C85327D1FA1EC0C33C48D7B8CD91F8EA.e.8070/clear - {}
RESULT: {}
RESULT: {}
COMMAND: POST /session/4e36bf80fbca1927c571a30744d2eac8/element/f.F4B8E6AEE0F35DB2CB5FDCA58BEB4CC0.d.C85327D1FA1EC0C33C48D7B8CD91F8EA.e.8070/value - {"text":"Equipment"}
COMMAND: GET /session/4e36bf80fbca1927c571a30744d2eac8/screenshot - {}
RESULT: {"text":"Equipment"}
COMMAND: GET /session/4e36bf80fbca1927c571a30744d2eac8/screenshot - {}
RESULT: {}
RESULT: {}
COMMAND: POST /session/4e36bf80fbca1927c571a30744d2eac8/actions - {"actions":[{"id":"action37","type":"key","parameters":{},"actions":[{"type":"keyDown","value":"î€‡"},{"type":"pause","duration":10},{"type":"keyUp","value":"î€‡"}]}]}
RESULT: {"actions":[{"id":"action37","type":"key","parameters":{},"actions":[{"type":"keyDown","value":"î€‡"},{"type":"pause","duration":10},{"type":"keyUp","value":"î€‡"}]}]}
COMMAND: POST /session/4e36bf80fbca1927c571a30744d2eac8/execute/async - {"script":"<script> [1562 bytes]","args":[{"selector":{"id":"application-manageresources-display-component---newResourceUnit--resourceId","interaction":{"idSuffix":"inner"}},"wdio_ui5_key":"applicationmanageresources-display-component---newResourceUnit--resourceId"}]}
COMMAND: GET /session/4e36bf80fbca1927c571a30744d2eac8/screenshot - {}
RESULT: {"script":"<script> [1562 bytes]","args":[{"selector":{"id":"application-manageresources-display-component---newResourceUnit--resourceId","interaction":{"idSuffix":"inner"}},"wdio_ui5_key":"applicationmanageresources-display-component---newResourceUnit--resourceId"}]}
RESULT: undefined
COMMAND: POST /session/4e36bf80fbca1927c571a30744d2eac8/execute/async - {"script":"<script> [776 bytes]","args":[{"enterText":"9ZJRlOvut1","selector":{"id":"application-manageresources-display-component---newResourceUnit--resourceId","interaction":{"idSuffix":"inner"}},"clearTextFirst":true,"interactionType":"ENTER_TEXT"}]}
RESULT: {}
RESULT: {"script":"<script> [776 bytes]","args":[{"enterText":"9ZJRlOvut1","selector":{"id":"application-manageresources-display-component---newResourceUnit--resourceId","interaction":{"idSuffix":"inner"}},"clearTextFirst":true,"interactionType":"ENTER_TEXT"}]}
COMMAND: POST /session/4e36bf80fbca1927c571a30744d2eac8/execute/async - {"script":"<script> [1562 bytes]","args":[{"selector":{"id":"application-manageresources-display-component---newResourceUnit--SHORT_TEXT","interaction":{"idSuffix":"inner"}},"wdio_ui5_key":"applicationmanageresources-display-component---newResourceUnit--SHORT_TEXT"}]}
RESULT: {"script":"<script> [1562 bytes]","args":[{"selector":{"id":"application-manageresources-display-component---newResourceUnit--SHORT_TEXT","interaction":{"idSuffix":"inner"}},"wdio_ui5_key":"applicationmanageresources-display-component---newResourceUnit--SHORT_TEXT"}]}
RESULT: undefined
COMMAND: POST /session/4e36bf80fbca1927c571a30744d2eac8/execute/async - {"script":"<script> [776 bytes]","args":[{"enterText":"Intercompany Equipment WDIO","selector":{"id":"application-manageresources-display-component---newResourceUnit--SHORT_TEXT","interaction":{"idSuffix":"inner"}},"clearTextFirst":true,"interactionType":"ENTER_TEXT"}]}
RESULT: {"script":"<script> [776 bytes]","args":[{"enterText":"Intercompany Equipment WDIO","selector":{"id":"application-manageresources-display-component---newResourceUnit--SHORT_TEXT","interaction":{"idSuffix":"inner"}},"clearTextFirst":true,"interactionType":"ENTER_TEXT"}]}
COMMAND: POST /session/4e36bf80fbca1927c571a30744d2eac8/execute/async - {"script":"<script> [1562 bytes]","args":[{"selector":{"id":"application-manageresources-display-component---newResourceUnit--BASE_UNIT_OF_MEASURE","interaction":{"idSuffix":"inner"}},"wdio_ui5_key":"applicationmanageresources-display-component---newResourceUnit--BASE_UNIT_OF_MEASURE"}]}
RESULT: {"script":"<script> [1562 bytes]","args":[{"selector":{"id":"application-manageresources-display-component---newResourceUnit--BASE_UNIT_OF_MEASURE","interaction":{"idSuffix":"inner"}},"wdio_ui5_key":"applicationmanageresources-display-component---newResourceUnit--BASE_UNIT_OF_MEASURE"}]}
RESULT: undefined
COMMAND: POST /session/4e36bf80fbca1927c571a30744d2eac8/execute/async - {"script":"<script> [776 bytes]","args":[{"enterText":"Piece","selector":{"id":"application-manageresources-display-component---newResourceUnit--BASE_UNIT_OF_MEASURE","interaction":{"idSuffix":"inner"}},"clearTextFirst":true,"interactionType":"ENTER_TEXT"}]}
RESULT: {"script":"<script> [776 bytes]","args":[{"enterText":"Piece","selector":{"id":"application-manageresources-display-component---newResourceUnit--BASE_UNIT_OF_MEASURE","interaction":{"idSuffix":"inner"}},"clearTextFirst":true,"interactionType":"ENTER_TEXT"}]}
COMMAND: POST /session/4e36bf80fbca1927c571a30744d2eac8/execute/async - {"script":"<script> [1562 bytes]","args":[{"selector":{"id":"application-manageresources-display-component---newResourceUnit--WEIGHT_UNIT","interaction":{"idSuffix":"inner"}},"wdio_ui5_key":"applicationmanageresources-display-component---newResourceUnit--WEIGHT_UNIT"}]}
RESULT: {"script":"<script> [1562 bytes]","args":[{"selector":{"id":"application-manageresources-display-component---newResourceUnit--WEIGHT_UNIT","interaction":{"idSuffix":"inner"}},"wdio_ui5_key":"applicationmanageresources-display-component---newResourceUnit--WEIGHT_UNIT"}]}
RESULT: undefined
COMMAND: POST /session/4e36bf80fbca1927c571a30744d2eac8/execute/async - {"script":"<script> [776 bytes]","args":[{"enterText":"Gram","selector":{"id":"application-manageresources-display-component---newResourceUnit--WEIGHT_UNIT","interaction":{"idSuffix":"inner"}},"clearTextFirst":true,"interactionType":"ENTER_TEXT"}]}
RESULT: {"script":"<script> [776 bytes]","args":[{"enterText":"Gram","selector":{"id":"application-manageresources-display-component---newResourceUnit--WEIGHT_UNIT","interaction":{"idSuffix":"inner"}},"clearTextFirst":true,"interactionType":"ENTER_TEXT"}]}
COMMAND: POST /session/4e36bf80fbca1927c571a30744d2eac8/execute/async - {"script":"<script> [1562 bytes]","args":[{"selector":{"id":"application-manageresources-display-component---newResourceUnit--DIMENSION_UNIT","interaction":{"idSuffix":"inner"}},"wdio_ui5_key":"applicationmanageresources-display-component---newResourceUnit--DIMENSION_UNIT"}]}
RESULT: {"script":"<script> [1562 bytes]","args":[{"selector":{"id":"application-manageresources-display-component---newResourceUnit--DIMENSION_UNIT","interaction":{"idSuffix":"inner"}},"wdio_ui5_key":"applicationmanageresources-display-component---newResourceUnit--DIMENSION_UNIT"}]}
RESULT: undefined
COMMAND: POST /session/4e36bf80fbca1927c571a30744d2eac8/execute/async - {"script":"<script> [776 bytes]","args":[{"enterText":"Meter","selector":{"id":"application-manageresources-display-component---newResourceUnit--DIMENSION_UNIT","interaction":{"idSuffix":"inner"}},"clearTextFirst":true,"interactionType":"ENTER_TEXT"}]}
RESULT: {"script":"<script> [776 bytes]","args":[{"enterText":"Meter","selector":{"id":"application-manageresources-display-component---newResourceUnit--DIMENSION_UNIT","interaction":{"idSuffix":"inner"}},"clearTextFirst":true,"interactionType":"ENTER_TEXT"}]}
COMMAND: POST /session/4e36bf80fbca1927c571a30744d2eac8/execute/async - {"script":"<script> [1562 bytes]","args":[{"selector":{"id":"application-manageresources-display-component---newResourceUnit--newRRUPage-anchBar-application-manageresources-display-component---newResourceUnit--control-anchor","interaction":{"idSuffix":"BDI-content"}},"wdio_ui5_key":"applicationmanageresources-display-component---newResourceUnit--newRRUPage-anchBar-application-manageresources-display-component---newResourceUnit--control-anchor"}]}
RESULT: {"script":"<script> [1562 bytes]","args":[{"selector":{"id":"application-manageresources-display-component---newResourceUnit--newRRUPage-anchBar-application-manageresources-display-component---newResourceUnit--control-anchor","interaction":{"idSuffix":"BDI-content"}},"wdio_ui5_key":"applicationmanageresources-display-component---newResourceUnit--newRRUPage-anchBar-application-manageresources-display-component---newResourceUnit--control-anchor"}]}
RESULT: undefined
COMMAND: POST /session/4e36bf80fbca1927c571a30744d2eac8/element - {"using":"xpath","value":"//*[@id=\"application-manageresources-display-component---newResourceUnit--newRRUPage-anchBar-application-manageresources-display-component---newResourceUnit--control-anchor\"]"}
RESULT: {"using":"xpath","value":"//*[@id=\"application-manageresources-display-component---newResourceUnit--newRRUPage-anchBar-application-manageresources-display-component---newResourceUnit--control-anchor\"]"}
COMMAND: POST /session/4e36bf80fbca1927c571a30744d2eac8/element/f.F4B8E6AEE0F35DB2CB5FDCA58BEB4CC0.d.C85327D1FA1EC0C33C48D7B8CD91F8EA.e.8211/click - {}
RESULT: {}
COMMAND: POST /session/4e36bf80fbca1927c571a30744d2eac8/execute/async - {"script":"<script> [1562 bytes]","args":[{"selector":{"id":"application-manageresources-display-component---newResourceUnit--PLANNING_GROUP","interaction":{"idSuffix":"inner"}},"wdio_ui5_key":"applicationmanageresources-display-component---newResourceUnit--PLANNING_GROUP"}]}
COMMAND: GET /session/4e36bf80fbca1927c571a30744d2eac8/screenshot - {}
RESULT: {"script":"<script> [1562 bytes]","args":[{"selector":{"id":"application-manageresources-display-component---newResourceUnit--PLANNING_GROUP","interaction":{"idSuffix":"inner"}},"wdio_ui5_key":"applicationmanageresources-display-component---newResourceUnit--PLANNING_GROUP"}]}
RESULT: undefined
COMMAND: POST /session/4e36bf80fbca1927c571a30744d2eac8/execute/async - {"script":"<script> [776 bytes]","args":[{"enterText":"Heavy Equi","selector":{"id":"application-manageresources-display-component---newResourceUnit--PLANNING_GROUP","interaction":{"idSuffix":"inner"}},"clearTextFirst":true,"interactionType":"ENTER_TEXT"}]}
RESULT: {}
RESULT: {"script":"<script> [776 bytes]","args":[{"enterText":"Heavy Equi","selector":{"id":"application-manageresources-display-component---newResourceUnit--PLANNING_GROUP","interaction":{"idSuffix":"inner"}},"clearTextFirst":true,"interactionType":"ENTER_TEXT"}]}
COMMAND: POST /session/4e36bf80fbca1927c571a30744d2eac8/execute/async - {"script":"<script> [1562 bytes]","args":[{"selector":{"id":"application-manageresources-display-component---newResourceUnit--ITEM_TYPE-arrow"},"wdio_ui5_key":"applicationmanageresources-display-component---newResourceUnit--ITEM_TYPE-arrow"}]}
RESULT: {"script":"<script> [1562 bytes]","args":[{"selector":{"id":"application-manageresources-display-component---newResourceUnit--ITEM_TYPE-arrow"},"wdio_ui5_key":"applicationmanageresources-display-component---newResourceUnit--ITEM_TYPE-arrow"}]}
RESULT: undefined
COMMAND: POST /session/4e36bf80fbca1927c571a30744d2eac8/element - {"using":"xpath","value":"//*[@id=\"application-manageresources-display-component---newResourceUnit--ITEM_TYPE-arrow\"]"}
RESULT: {"using":"xpath","value":"//*[@id=\"application-manageresources-display-component---newResourceUnit--ITEM_TYPE-arrow\"]"}
COMMAND: POST /session/4e36bf80fbca1927c571a30744d2eac8/element/f.F4B8E6AEE0F35DB2CB5FDCA58BEB4CC0.d.C85327D1FA1EC0C33C48D7B8CD91F8EA.e.8218/click - {}
RESULT: {}
COMMAND: POST /session/4e36bf80fbca1927c571a30744d2eac8/element - {"using":"xpath","value":"(//span[contains(text(), \"Resource Unit\")])[2]"}
COMMAND: GET /session/4e36bf80fbca1927c571a30744d2eac8/screenshot - {}
RESULT: {"using":"xpath","value":"(//span[contains(text(), \"Resource Unit\")])[2]"}
COMMAND: POST /session/4e36bf80fbca1927c571a30744d2eac8/element/f.F4B8E6AEE0F35DB2CB5FDCA58BEB4CC0.d.C85327D1FA1EC0C33C48D7B8CD91F8EA.e.8219/click - {}
RESULT: {}
RESULT: {}
COMMAND: GET /session/4e36bf80fbca1927c571a30744d2eac8/screenshot - {}
RESULT: {}
COMMAND: POST /session/4e36bf80fbca1927c571a30744d2eac8/element - {"using":"css selector","value":"#application-manageresources-display-component---newResourceUnit--btnAddTimeSegment"}
RESULT: {"using":"css selector","value":"#application-manageresources-display-component---newResourceUnit--btnAddTimeSegment"}
COMMAND: GET /session/4e36bf80fbca1927c571a30744d2eac8/element/f.F4B8E6AEE0F35DB2CB5FDCA58BEB4CC0.d.C85327D1FA1EC0C33C48D7B8CD91F8EA.e.8220/rect - {}
RESULT: {}
COMMAND: GET /session/4e36bf80fbca1927c571a30744d2eac8/window/rect - {}
RESULT: {}
COMMAND: POST /session/4e36bf80fbca1927c571a30744d2eac8/execute/sync - {"script":"<script> [92 bytes]","args":[]}
RESULT: {"script":"<script> [92 bytes]","args":[]}
COMMAND: POST /session/4e36bf80fbca1927c571a30744d2eac8/actions - {"actions":[{"id":"action38","type":"wheel","parameters":{},"actions":[{"type":"scroll","x":-1888,"y":-32,"deltaX":0,"deltaY":0,"duration":0,"origin":{"element-6066-11e4-a52e-4f735466cecf":"f.F4B8E6AEE0F35DB2CB5FDCA58BEB4CC0.d.C85327D1FA1EC0C33C48D7B8CD91F8EA.e.8220"}}]}]}
COMMAND: GET /session/4e36bf80fbca1927c571a30744d2eac8/screenshot - {}
RESULT: {}
COMMAND: POST /session/4e36bf80fbca1927c571a30744d2eac8/execute/sync - {"script":"<script> [79 bytes]","args":[{"element-6066-11e4-a52e-4f735466cecf":"f.F4B8E6AEE0F35DB2CB5FDCA58BEB4CC0.d.C85327D1FA1EC0C33C48D7B8CD91F8EA.e.8220","ELEMENT":"f.F4B8E6AEE0F35DB2CB5FDCA58BEB4CC0.d.C85327D1FA1EC0C33C48D7B8CD91F8EA.e.8220"},{"block":"start","inline":"nearest"}]}
RESULT: {"script":"<script> [79 bytes]","args":[{"element-6066-11e4-a52e-4f735466cecf":"f.F4B8E6AEE0F35DB2CB5FDCA58BEB4CC0.d.C85327D1FA1EC0C33C48D7B8CD91F8EA.e.8220","ELEMENT":"f.F4B8E6AEE0F35DB2CB5FDCA58BEB4CC0.d.C85327D1FA1EC0C33C48D7B8CD91F8EA.e.8220"},{"block":"start","inline":"nearest"}]}
COMMAND: POST /session/4e36bf80fbca1927c571a30744d2eac8/execute/async - {"script":"<script> [1562 bytes]","args":[{"selector":{"id":"application-manageresources-display-component---newResourceUnit--btnAddTimeSegment","interaction":{"idSuffix":"inner"}},"wdio_ui5_key":"applicationmanageresources-display-component---newResourceUnit--btnAddTimeSegment"}]}
COMMAND: GET /session/4e36bf80fbca1927c571a30744d2eac8/screenshot - {}
RESULT: {"script":"<script> [1562 bytes]","args":[{"selector":{"id":"application-manageresources-display-component---newResourceUnit--btnAddTimeSegment","interaction":{"idSuffix":"inner"}},"wdio_ui5_key":"applicationmanageresources-display-component---newResourceUnit--btnAddTimeSegment"}]}
RESULT: undefined
COMMAND: POST /session/4e36bf80fbca1927c571a30744d2eac8/element - {"using":"xpath","value":"//*[@id=\"application-manageresources-display-component---newResourceUnit--btnAddTimeSegment\"]"}
RESULT: {}
RESULT: {"using":"xpath","value":"//*[@id=\"application-manageresources-display-component---newResourceUnit--btnAddTimeSegment\"]"}
COMMAND: POST /session/4e36bf80fbca1927c571a30744d2eac8/element/f.F4B8E6AEE0F35DB2CB5FDCA58BEB4CC0.d.C85327D1FA1EC0C33C48D7B8CD91F8EA.e.8220/click - {}
RESULT: {}
COMMAND: GET /session/4e36bf80fbca1927c571a30744d2eac8/screenshot - {}
RESULT: {}
COMMAND: POST /session/4e36bf80fbca1927c571a30744d2eac8/element - {"using":"xpath","value":"//input[@id=\"application-manageresources-display-component---newResourceUnit--idRuTSAdmin-application-manageresources-display-component---newResourceUnit--RUTimeSegment-0-inner\"]"}
RESULT: {"using":"xpath","value":"//input[@id=\"application-manageresources-display-component---newResourceUnit--idRuTSAdmin-application-manageresources-display-component---newResourceUnit--RUTimeSegment-0-inner\"]"}
COMMAND: POST /session/4e36bf80fbca1927c571a30744d2eac8/element/f.F4B8E6AEE0F35DB2CB5FDCA58BEB4CC0.d.C85327D1FA1EC0C33C48D7B8CD91F8EA.e.8226/clear - {}
RESULT: {}
COMMAND: POST /session/4e36bf80fbca1927c571a30744d2eac8/element/f.F4B8E6AEE0F35DB2CB5FDCA58BEB4CC0.d.C85327D1FA1EC0C33C48D7B8CD91F8EA.e.8226/value - {"text":"190"}
COMMAND: GET /session/4e36bf80fbca1927c571a30744d2eac8/screenshot - {}
RESULT: {"text":"190"}
COMMAND: GET /session/4e36bf80fbca1927c571a30744d2eac8/screenshot - {}
RESULT: {}
RESULT: {}
COMMAND: POST /session/4e36bf80fbca1927c571a30744d2eac8/element - {"using":"xpath","value":"//li[.//span[text()='190']]"}
RESULT: {"using":"xpath","value":"//li[.//span[text()='190']]"}
COMMAND: POST /session/4e36bf80fbca1927c571a30744d2eac8/element/f.F4B8E6AEE0F35DB2CB5FDCA58BEB4CC0.d.C85327D1FA1EC0C33C48D7B8CD91F8EA.e.8238/click - {}
RESULT: {}
COMMAND: GET /session/4e36bf80fbca1927c571a30744d2eac8/screenshot - {}
RESULT: {}
COMMAND: POST /session/4e36bf80fbca1927c571a30744d2eac8/element - {"using":"xpath","value":"(//span[contains(@id, \"-application-manageresources-display-component---newResourceUnit--RUTimeSegment-0-arrow\")])[6]"}
RESULT: {"using":"xpath","value":"(//span[contains(@id, \"-application-manageresources-display-component---newResourceUnit--RUTimeSegment-0-arrow\")])[6]"}
COMMAND: POST /session/4e36bf80fbca1927c571a30744d2eac8/element/f.F4B8E6AEE0F35DB2CB5FDCA58BEB4CC0.d.C85327D1FA1EC0C33C48D7B8CD91F8EA.e.8239/click - {}
RESULT: {}
COMMAND: GET /session/4e36bf80fbca1927c571a30744d2eac8/screenshot - {}
RESULT: {}
COMMAND: POST /session/4e36bf80fbca1927c571a30744d2eac8/element - {"using":"xpath","value":"//span[contains(text(), \"PM Order\")]"}
RESULT: {"using":"xpath","value":"//span[contains(text(), \"PM Order\")]"}
COMMAND: POST /session/4e36bf80fbca1927c571a30744d2eac8/element/f.F4B8E6AEE0F35DB2CB5FDCA58BEB4CC0.d.C85327D1FA1EC0C33C48D7B8CD91F8EA.e.8242/click - {}
RESULT: {}
COMMAND: GET /session/4e36bf80fbca1927c571a30744d2eac8/screenshot - {}
RESULT: {}
COMMAND: POST /session/4e36bf80fbca1927c571a30744d2eac8/element - {"using":"xpath","value":"(//span[contains(@id ,\"manageresources-display-component---newResourceUnit--RUTimeSegment-0-vhi\")])[1]"}
RESULT: {"using":"xpath","value":"(//span[contains(@id ,\"manageresources-display-component---newResourceUnit--RUTimeSegment-0-vhi\")])[1]"}
COMMAND: GET /session/4e36bf80fbca1927c571a30744d2eac8/element/f.F4B8E6AEE0F35DB2CB5FDCA58BEB4CC0.d.C85327D1FA1EC0C33C48D7B8CD91F8EA.e.8246/rect - {}
RESULT: {}
COMMAND: GET /session/4e36bf80fbca1927c571a30744d2eac8/window/rect - {}
RESULT: {}
COMMAND: POST /session/4e36bf80fbca1927c571a30744d2eac8/execute/sync - {"script":"<script> [92 bytes]","args":[]}
RESULT: {"script":"<script> [92 bytes]","args":[]}
COMMAND: POST /session/4e36bf80fbca1927c571a30744d2eac8/actions - {"actions":[{"id":"action39","type":"wheel","parameters":{},"actions":[{"type":"scroll","x":-869,"y":-24,"deltaX":0,"deltaY":0,"duration":0,"origin":{"element-6066-11e4-a52e-4f735466cecf":"f.F4B8E6AEE0F35DB2CB5FDCA58BEB4CC0.d.C85327D1FA1EC0C33C48D7B8CD91F8EA.e.8246"}}]}]}
COMMAND: GET /session/4e36bf80fbca1927c571a30744d2eac8/screenshot - {}
RESULT: {}
RESULT: {"actions":[{"id":"action39","type":"wheel","parameters":{},"actions":[{"type":"scroll","x":-869,"y":-24,"deltaX":0,"deltaY":0,"duration":0,"origin":{"element-6066-11e4-a52e-4f735466cecf":"f.F4B8E6AEE0F35DB2CB5FDCA58BEB4CC0.d.C85327D1FA1EC0C33C48D7B8CD91F8EA.e.8246"}}]}]}
COMMAND: DELETE /session/4e36bf80fbca1927c571a30744d2eac8/actions - {}
COMMAND: GET /session/4e36bf80fbca1927c571a30744d2eac8/screenshot - {}
RESULT: {}
COMMAND: GET /session/4e36bf80fbca1927c571a30744d2eac8/screenshot - {}
RESULT: {}
RESULT: {}
COMMAND: POST /session/4e36bf80fbca1927c571a30744d2eac8/element/f.F4B8E6AEE0F35DB2CB5FDCA58BEB4CC0.d.C85327D1FA1EC0C33C48D7B8CD91F8EA.e.8246/click - {}
RESULT: {}
COMMAND: GET /session/4e36bf80fbca1927c571a30744d2eac8/screenshot - {}
RESULT: {}
COMMAND: POST /session/4e36bf80fbca1927c571a30744d2eac8/execute/async - {"script":"<script> [1562 bytes]","args":[{"selector":{"controlType":"sap.m.SearchField","properties":{"placeholder":"Search"},"searchOpenDialogs":true,"interaction":{"idSuffix":"I"}},"wdio_ui5_key":"sapm.SearchField{\"placeholder\":\"Search\"}"}]}
RESULT: {"script":"<script> [1562 bytes]","args":[{"selector":{"controlType":"sap.m.SearchField","properties":{"placeholder":"Search"},"searchOpenDialogs":true,"interaction":{"idSuffix":"I"}},"wdio_ui5_key":"sapm.SearchField{\"placeholder\":\"Search\"}"}]}
RESULT: undefined
COMMAND: POST /session/4e36bf80fbca1927c571a30744d2eac8/execute/async - {"script":"<script> [776 bytes]","args":[{"enterText":"4000360","selector":{"controlType":"sap.m.SearchField","properties":{"placeholder":"Search"},"searchOpenDialogs":true,"interaction":{"idSuffix":"I"}},"clearTextFirst":true,"interactionType":"ENTER_TEXT"}]}
RESULT: {"script":"<script> [776 bytes]","args":[{"enterText":"4000360","selector":{"controlType":"sap.m.SearchField","properties":{"placeholder":"Search"},"searchOpenDialogs":true,"interaction":{"idSuffix":"I"}},"clearTextFirst":true,"interactionType":"ENTER_TEXT"}]}
COMMAND: POST /session/4e36bf80fbca1927c571a30744d2eac8/actions - {"actions":[{"id":"action40","type":"key","parameters":{},"actions":[{"type":"keyDown","value":"î€‡"},{"type":"pause","duration":10},{"type":"keyUp","value":"î€‡"}]}]}
RESULT: {"actions":[{"id":"action40","type":"key","parameters":{},"actions":[{"type":"keyDown","value":"î€‡"},{"type":"pause","duration":10},{"type":"keyUp","value":"î€‡"}]}]}
COMMAND: GET /session/4e36bf80fbca1927c571a30744d2eac8/screenshot - {}
RESULT: {}
COMMAND: POST /session/4e36bf80fbca1927c571a30744d2eac8/element - {"using":"xpath","value":"//td/div/span[contains(text(), \"BGL Vehicles\")]"}
RESULT: {"using":"xpath","value":"//td/div/span[contains(text(), \"BGL Vehicles\")]"}
COMMAND: POST /session/4e36bf80fbca1927c571a30744d2eac8/element/f.F4B8E6AEE0F35DB2CB5FDCA58BEB4CC0.d.C85327D1FA1EC0C33C48D7B8CD91F8EA.e.8268/click - {}
RESULT: {}
COMMAND: GET /session/4e36bf80fbca1927c571a30744d2eac8/screenshot - {}
RESULT: {}
COMMAND: POST /session/4e36bf80fbca1927c571a30744d2eac8/element - {"using":"xpath","value":"//bdi[contains(text(), \"OK\")]"}
RESULT: {"using":"xpath","value":"//bdi[contains(text(), \"OK\")]"}
COMMAND: POST /session/4e36bf80fbca1927c571a30744d2eac8/element/f.F4B8E6AEE0F35DB2CB5FDCA58BEB4CC0.d.C85327D1FA1EC0C33C48D7B8CD91F8EA.e.8269/click - {}
RESULT: {}
COMMAND: GET /session/4e36bf80fbca1927c571a30744d2eac8/screenshot - {}
RESULT: {}
COMMAND: POST /session/4e36bf80fbca1927c571a30744d2eac8/execute/async - {"script":"<script> [1562 bytes]","args":[{"selector":{"id":"application-manageresources-display-component---newResourceUnit--newRRUPage-anchBar-application-manageresources-display-component---newResourceUnit--resource-anchor","interaction":{"idSuffix":"BDI-content"}},"wdio_ui5_key":"applicationmanageresources-display-component---newResourceUnit--newRRUPage-anchBar-application-manageresources-display-component---newResourceUnit--resource-anchor"}]}
RESULT: {"script":"<script> [1562 bytes]","args":[{"selector":{"id":"application-manageresources-display-component---newResourceUnit--newRRUPage-anchBar-application-manageresources-display-component---newResourceUnit--resource-anchor","interaction":{"idSuffix":"BDI-content"}},"wdio_ui5_key":"applicationmanageresources-display-component---newResourceUnit--newRRUPage-anchBar-application-manageresources-display-component---newResourceUnit--resource-anchor"}]}
RESULT: undefined
COMMAND: POST /session/4e36bf80fbca1927c571a30744d2eac8/element - {"using":"xpath","value":"//*[@id=\"application-manageresources-display-component---newResourceUnit--newRRUPage-anchBar-application-manageresources-display-component---newResourceUnit--resource-anchor\"]"}
RESULT: {"using":"xpath","value":"//*[@id=\"application-manageresources-display-component---newResourceUnit--newRRUPage-anchBar-application-manageresources-display-component---newResourceUnit--resource-anchor\"]"}
COMMAND: POST /session/4e36bf80fbca1927c571a30744d2eac8/element/f.F4B8E6AEE0F35DB2CB5FDCA58BEB4CC0.d.C85327D1FA1EC0C33C48D7B8CD91F8EA.e.8273/click - {}
RESULT: {}
COMMAND: POST /session/4e36bf80fbca1927c571a30744d2eac8/execute/async - {"script":"<script> [1562 bytes]","args":[{"selector":{"id":"application-manageresources-display-component---newResourceUnit--PLANNED_DELIVERY_DATE","interaction":{"idSuffix":"inner"}},"wdio_ui5_key":"applicationmanageresources-display-component---newResourceUnit--PLANNED_DELIVERY_DATE"}]}
COMMAND: GET /session/4e36bf80fbca1927c571a30744d2eac8/screenshot - {}
RESULT: {"script":"<script> [1562 bytes]","args":[{"selector":{"id":"application-manageresources-display-component---newResourceUnit--PLANNED_DELIVERY_DATE","interaction":{"idSuffix":"inner"}},"wdio_ui5_key":"applicationmanageresources-display-component---newResourceUnit--PLANNED_DELIVERY_DATE"}]}
RESULT: undefined
COMMAND: POST /session/4e36bf80fbca1927c571a30744d2eac8/execute/async - {"script":"<script> [6424 bytes]","args":[{"element-6066-11e4-a52e-4f735466cecf":"f.F4B8E6AEE0F35DB2CB5FDCA58BEB4CC0.d.C85327D1FA1EC0C33C48D7B8CD91F8EA.e.8135"},"setValue",["5/13/25"]]}
RESULT: {}
RESULT: {"script":"<script> [6424 bytes]","args":[{"element-6066-11e4-a52e-4f735466cecf":"f.F4B8E6AEE0F35DB2CB5FDCA58BEB4CC0.d.C85327D1FA1EC0C33C48D7B8CD91F8EA.e.8135"},"setValue",["5/13/25"]]}
COMMAND: POST /session/4e36bf80fbca1927c571a30744d2eac8/element - {"using":"xpath","value":"//label[contains(@class, 'sapMLabelRequired') and .//bdi[contains(text(), 'Planned Retirement')]]"}
RESULT: {"using":"xpath","value":"//label[contains(@class, 'sapMLabelRequired') and .//bdi[contains(text(), 'Planned Retirement')]]"}
COMMAND: POST /session/4e36bf80fbca1927c571a30744d2eac8/elements - {"using":"xpath","value":"//label[contains(@class, 'sapMLabelRequired') and .//bdi[contains(text(), 'Planned Retirement')]]"}
RESULT: {"using":"xpath","value":"//label[contains(@class, 'sapMLabelRequired') and .//bdi[contains(text(), 'Planned Retirement')]]"}
COMMAND: POST /session/4e36bf80fbca1927c571a30744d2eac8/element - {"using":"xpath","value":"//button[@data-kt=\"resourceUnitSaveButton\"]"}
RESULT: {"using":"xpath","value":"//button[@data-kt=\"resourceUnitSaveButton\"]"}
COMMAND: POST /session/4e36bf80fbca1927c571a30744d2eac8/element/f.F4B8E6AEE0F35DB2CB5FDCA58BEB4CC0.d.C85327D1FA1EC0C33C48D7B8CD91F8EA.e.8096/click - {}
RESULT: {}
COMMAND: GET /session/4e36bf80fbca1927c571a30744d2eac8/screenshot - {}
RESULT: {}
COMMAND: POST /session/4e36bf80fbca1927c571a30744d2eac8/element - {"using":"xpath","value":"//bdi[contains(text(), \"Close\")]"}
RESULT: {"using":"xpath","value":"//bdi[contains(text(), \"Close\")]"}
COMMAND: POST /session/4e36bf80fbca1927c571a30744d2eac8/element/f.F4B8E6AEE0F35DB2CB5FDCA58BEB4CC0.d.C85327D1FA1EC0C33C48D7B8CD91F8EA.e.8281/click - {}
RESULT: {}
COMMAND: GET /session/4e36bf80fbca1927c571a30744d2eac8/screenshot - {}
COMMAND: POST /session/4e36bf80fbca1927c571a30744d2eac8/element - {"using":"xpath","value":"(//button[contains(@id ,\"actionsToolbar-overflowButton\")])[1]"}
RESULT: {}
RESULT: {"using":"xpath","value":"(//button[contains(@id ,\"actionsToolbar-overflowButton\")])[1]"}
COMMAND: POST /session/4e36bf80fbca1927c571a30744d2eac8/element/f.F4B8E6AEE0F35DB2CB5FDCA58BEB4CC0.d.C85327D1FA1EC0C33C48D7B8CD91F8EA.e.8309/click - {}
RESULT: {}
COMMAND: GET /session/4e36bf80fbca1927c571a30744d2eac8/screenshot - {}
RESULT: {}
COMMAND: POST /session/4e36bf80fbca1927c571a30744d2eac8/element - {"using":"xpath","value":"//button[@data-kt=\"priceInfoButton\"]"}
RESULT: {"using":"xpath","value":"//button[@data-kt=\"priceInfoButton\"]"}
COMMAND: POST /session/4e36bf80fbca1927c571a30744d2eac8/element/f.F4B8E6AEE0F35DB2CB5FDCA58BEB4CC0.d.C85327D1FA1EC0C33C48D7B8CD91F8EA.e.8311/click - {}
RESULT: {}
COMMAND: GET /session/4e36bf80fbca1927c571a30744d2eac8/screenshot - {}
RESULT: {}
]]></system-out>
    </testcase>
    <testcase classname="chrome.136_0_7103_49.windows.Billing_transfer_US117289" name="Should create new pricing rule" time="51.342">
      <system-out><![CDATA[
COMMAND: POST /session/4e36bf80fbca1927c571a30744d2eac8/element - {"using":"xpath","value":"//button[@data-kt=\"addButton\"]"}
RESULT: {"using":"xpath","value":"//button[@data-kt=\"addButton\"]"}
COMMAND: POST /session/4e36bf80fbca1927c571a30744d2eac8/elements - {"using":"xpath","value":"//button[@data-kt=\"addButton\"]"}
RESULT: {"using":"xpath","value":"//button[@data-kt=\"addButton\"]"}
COMMAND: POST /session/4e36bf80fbca1927c571a30744d2eac8/element - {"using":"xpath","value":"//button[@data-kt=\"addButton\"]"}
RESULT: {"using":"xpath","value":"//button[@data-kt=\"addButton\"]"}
COMMAND: POST /session/4e36bf80fbca1927c571a30744d2eac8/execute/sync - {"script":"<script> [8489 bytes]","args":[{"element-6066-11e4-a52e-4f735466cecf":"f.F4B8E6AEE0F35DB2CB5FDCA58BEB4CC0.d.C85327D1FA1EC0C33C48D7B8CD91F8EA.e.8351","ELEMENT":"f.F4B8E6AEE0F35DB2CB5FDCA58BEB4CC0.d.C85327D1FA1EC0C33C48D7B8CD91F8EA.e.8351"}]}
RESULT: {"script":"<script> [8489 bytes]","args":[{"element-6066-11e4-a52e-4f735466cecf":"f.F4B8E6AEE0F35DB2CB5FDCA58BEB4CC0.d.C85327D1FA1EC0C33C48D7B8CD91F8EA.e.8351","ELEMENT":"f.F4B8E6AEE0F35DB2CB5FDCA58BEB4CC0.d.C85327D1FA1EC0C33C48D7B8CD91F8EA.e.8351"}]}
COMMAND: GET /session/4e36bf80fbca1927c571a30744d2eac8/element/f.F4B8E6AEE0F35DB2CB5FDCA58BEB4CC0.d.C85327D1FA1EC0C33C48D7B8CD91F8EA.e.8351/enabled - {}
COMMAND: GET /session/4e36bf80fbca1927c571a30744d2eac8/screenshot - {}
RESULT: {}
COMMAND: POST /session/4e36bf80fbca1927c571a30744d2eac8/execute/sync - {"script":"<script> [8489 bytes]","args":[{"element-6066-11e4-a52e-4f735466cecf":"f.F4B8E6AEE0F35DB2CB5FDCA58BEB4CC0.d.C85327D1FA1EC0C33C48D7B8CD91F8EA.e.8351","ELEMENT":"f.F4B8E6AEE0F35DB2CB5FDCA58BEB4CC0.d.C85327D1FA1EC0C33C48D7B8CD91F8EA.e.8351"}]}
COMMAND: GET /session/4e36bf80fbca1927c571a30744d2eac8/screenshot - {}
RESULT: {}
RESULT: {"script":"<script> [8489 bytes]","args":[{"element-6066-11e4-a52e-4f735466cecf":"f.F4B8E6AEE0F35DB2CB5FDCA58BEB4CC0.d.C85327D1FA1EC0C33C48D7B8CD91F8EA.e.8351","ELEMENT":"f.F4B8E6AEE0F35DB2CB5FDCA58BEB4CC0.d.C85327D1FA1EC0C33C48D7B8CD91F8EA.e.8351"}]}
COMMAND: POST /session/4e36bf80fbca1927c571a30744d2eac8/execute/sync - {"script":"<script> [5351 bytes]","args":[{"element-6066-11e4-a52e-4f735466cecf":"f.F4B8E6AEE0F35DB2CB5FDCA58BEB4CC0.d.C85327D1FA1EC0C33C48D7B8CD91F8EA.e.8351","ELEMENT":"f.F4B8E6AEE0F35DB2CB5FDCA58BEB4CC0.d.C85327D1FA1EC0C33C48D7B8CD91F8EA.e.8351"}]}
COMMAND: GET /session/4e36bf80fbca1927c571a30744d2eac8/screenshot - {}
RESULT: {}
RESULT: {"script":"<script> [5351 bytes]","args":[{"element-6066-11e4-a52e-4f735466cecf":"f.F4B8E6AEE0F35DB2CB5FDCA58BEB4CC0.d.C85327D1FA1EC0C33C48D7B8CD91F8EA.e.8351","ELEMENT":"f.F4B8E6AEE0F35DB2CB5FDCA58BEB4CC0.d.C85327D1FA1EC0C33C48D7B8CD91F8EA.e.8351"}]}
COMMAND: POST /session/4e36bf80fbca1927c571a30744d2eac8/element/f.F4B8E6AEE0F35DB2CB5FDCA58BEB4CC0.d.C85327D1FA1EC0C33C48D7B8CD91F8EA.e.8351/click - {}
COMMAND: GET /session/4e36bf80fbca1927c571a30744d2eac8/screenshot - {}
RESULT: {}
RESULT: {}
COMMAND: GET /session/4e36bf80fbca1927c571a30744d2eac8/screenshot - {}
RESULT: {}
RESULT: {}
COMMAND: POST /session/4e36bf80fbca1927c571a30744d2eac8/execute/async - {"script":"<script> [1562 bytes]","args":[{"selector":{"controlType":"sap.m.Title","viewName":"etm.portal.ui.managepricingrules.view.NewItem","viewId":"application-managepricingrules-display-component---newInfoPriceItem","properties":{"text":"New Pricing Rules - Item Level"}},"wdio_ui5_key":"etmportal.ui.managepricingrules.view.NewItemsap.m.Title{\"text\":\"New Pricing Rules - Item Level\"}"}]}
RESULT: {"script":"<script> [1562 bytes]","args":[{"selector":{"controlType":"sap.m.Title","viewName":"etm.portal.ui.managepricingrules.view.NewItem","viewId":"application-managepricingrules-display-component---newInfoPriceItem","properties":{"text":"New Pricing Rules - Item Level"}},"wdio_ui5_key":"etmportal.ui.managepricingrules.view.NewItemsap.m.Title{\"text\":\"New Pricing Rules - Item Level\"}"}]}
RESULT: undefined
COMMAND: POST /session/4e36bf80fbca1927c571a30744d2eac8/execute/async - {"script":"<script> [6424 bytes]","args":[{"element-6066-11e4-a52e-4f735466cecf":"f.F4B8E6AEE0F35DB2CB5FDCA58BEB4CC0.d.C85327D1FA1EC0C33C48D7B8CD91F8EA.e.8515"},"getText",[]]}
RESULT: {"script":"<script> [6424 bytes]","args":[{"element-6066-11e4-a52e-4f735466cecf":"f.F4B8E6AEE0F35DB2CB5FDCA58BEB4CC0.d.C85327D1FA1EC0C33C48D7B8CD91F8EA.e.8515"},"getText",[]]}
COMMAND: POST /session/4e36bf80fbca1927c571a30744d2eac8/execute/async - {"script":"<script> [1562 bytes]","args":[{"selector":{"id":"application-managepricingrules-display-component---newInfoPriceItem--condValidTo","interaction":{"idSuffix":"inner"}},"wdio_ui5_key":"applicationmanagepricingrules-display-component---newInfoPriceItem--condValidTo"}]}
RESULT: {"script":"<script> [1562 bytes]","args":[{"selector":{"id":"application-managepricingrules-display-component---newInfoPriceItem--condValidTo","interaction":{"idSuffix":"inner"}},"wdio_ui5_key":"applicationmanagepricingrules-display-component---newInfoPriceItem--condValidTo"}]}
RESULT: undefined
COMMAND: POST /session/4e36bf80fbca1927c571a30744d2eac8/execute/async - {"script":"<script> [776 bytes]","args":[{"enterText":"01/13/26","selector":{"id":"application-managepricingrules-display-component---newInfoPriceItem--condValidTo","interaction":{"idSuffix":"inner"}},"clearTextFirst":true,"interactionType":"ENTER_TEXT"}]}
RESULT: {"script":"<script> [776 bytes]","args":[{"enterText":"01/13/26","selector":{"id":"application-managepricingrules-display-component---newInfoPriceItem--condValidTo","interaction":{"idSuffix":"inner"}},"clearTextFirst":true,"interactionType":"ENTER_TEXT"}]}
COMMAND: POST /session/4e36bf80fbca1927c571a30744d2eac8/execute/async - {"script":"<script> [1562 bytes]","args":[{"selector":{"id":"application-managepricingrules-display-component---newInfoPriceItem--billType-arrow"},"wdio_ui5_key":"applicationmanagepricingrules-display-component---newInfoPriceItem--billType-arrow"}]}
RESULT: {"script":"<script> [1562 bytes]","args":[{"selector":{"id":"application-managepricingrules-display-component---newInfoPriceItem--billType-arrow"},"wdio_ui5_key":"applicationmanagepricingrules-display-component---newInfoPriceItem--billType-arrow"}]}
RESULT: undefined
COMMAND: POST /session/4e36bf80fbca1927c571a30744d2eac8/element - {"using":"xpath","value":"//*[@id=\"application-managepricingrules-display-component---newInfoPriceItem--billType-arrow\"]"}
RESULT: {"using":"xpath","value":"//*[@id=\"application-managepricingrules-display-component---newInfoPriceItem--billType-arrow\"]"}
COMMAND: POST /session/4e36bf80fbca1927c571a30744d2eac8/element/f.F4B8E6AEE0F35DB2CB5FDCA58BEB4CC0.d.C85327D1FA1EC0C33C48D7B8CD91F8EA.e.8517/click - {}
RESULT: {}
COMMAND: POST /session/4e36bf80fbca1927c571a30744d2eac8/element - {"using":"xpath","value":"//span[contains(text(), \"TB - Time based\")]"}
COMMAND: GET /session/4e36bf80fbca1927c571a30744d2eac8/screenshot - {}
RESULT: {"using":"xpath","value":"//span[contains(text(), \"TB - Time based\")]"}
COMMAND: POST /session/4e36bf80fbca1927c571a30744d2eac8/element/f.F4B8E6AEE0F35DB2CB5FDCA58BEB4CC0.d.C85327D1FA1EC0C33C48D7B8CD91F8EA.e.8518/click - {}
RESULT: {}
RESULT: {}
COMMAND: POST /session/4e36bf80fbca1927c571a30744d2eac8/execute/async - {"script":"<script> [1562 bytes]","args":[{"selector":{"id":"application-managepricingrules-display-component---newInfoPriceItem--priceProc-arrow"},"wdio_ui5_key":"applicationmanagepricingrules-display-component---newInfoPriceItem--priceProc-arrow"}]}
COMMAND: GET /session/4e36bf80fbca1927c571a30744d2eac8/screenshot - {}
RESULT: {"script":"<script> [1562 bytes]","args":[{"selector":{"id":"application-managepricingrules-display-component---newInfoPriceItem--priceProc-arrow"},"wdio_ui5_key":"applicationmanagepricingrules-display-component---newInfoPriceItem--priceProc-arrow"}]}
RESULT: undefined
COMMAND: POST /session/4e36bf80fbca1927c571a30744d2eac8/element - {"using":"xpath","value":"//*[@id=\"application-managepricingrules-display-component---newInfoPriceItem--priceProc-arrow\"]"}
RESULT: {}
RESULT: {"using":"xpath","value":"//*[@id=\"application-managepricingrules-display-component---newInfoPriceItem--priceProc-arrow\"]"}
COMMAND: POST /session/4e36bf80fbca1927c571a30744d2eac8/element/f.F4B8E6AEE0F35DB2CB5FDCA58BEB4CC0.d.C85327D1FA1EC0C33C48D7B8CD91F8EA.e.8482/click - {}
RESULT: {}
COMMAND: POST /session/4e36bf80fbca1927c571a30744d2eac8/element - {"using":"xpath","value":"//span[contains(text(), \"TBS - Time based standard\")]"}
COMMAND: GET /session/4e36bf80fbca1927c571a30744d2eac8/screenshot - {}
RESULT: {"using":"xpath","value":"//span[contains(text(), \"TBS - Time based standard\")]"}
COMMAND: POST /session/4e36bf80fbca1927c571a30744d2eac8/element/f.F4B8E6AEE0F35DB2CB5FDCA58BEB4CC0.d.C85327D1FA1EC0C33C48D7B8CD91F8EA.e.8519/click - {}
RESULT: {}
RESULT: {}
COMMAND: POST /session/4e36bf80fbca1927c571a30744d2eac8/execute/async - {"script":"<script> [1562 bytes]","args":[{"selector":{"id":"application-managepricingrules-display-component---newInfoPriceItem--calcBase-arrow"},"wdio_ui5_key":"applicationmanagepricingrules-display-component---newInfoPriceItem--calcBase-arrow"}]}
COMMAND: GET /session/4e36bf80fbca1927c571a30744d2eac8/screenshot - {}
RESULT: {"script":"<script> [1562 bytes]","args":[{"selector":{"id":"application-managepricingrules-display-component---newInfoPriceItem--calcBase-arrow"},"wdio_ui5_key":"applicationmanagepricingrules-display-component---newInfoPriceItem--calcBase-arrow"}]}
RESULT: undefined
COMMAND: POST /session/4e36bf80fbca1927c571a30744d2eac8/element - {"using":"xpath","value":"//*[@id=\"application-managepricingrules-display-component---newInfoPriceItem--calcBase-arrow\"]"}
RESULT: {}
RESULT: {"using":"xpath","value":"//*[@id=\"application-managepricingrules-display-component---newInfoPriceItem--calcBase-arrow\"]"}
COMMAND: POST /session/4e36bf80fbca1927c571a30744d2eac8/element/f.F4B8E6AEE0F35DB2CB5FDCA58BEB4CC0.d.C85327D1FA1EC0C33C48D7B8CD91F8EA.e.8489/click - {}
RESULT: {}
COMMAND: GET /session/4e36bf80fbca1927c571a30744d2eac8/screenshot - {}
RESULT: {}
COMMAND: POST /session/4e36bf80fbca1927c571a30744d2eac8/element - {"using":"xpath","value":"//span[contains(text(), \"0006 - TB(calendar days)\")]"}
RESULT: {"using":"xpath","value":"//span[contains(text(), \"0006 - TB(calendar days)\")]"}
COMMAND: POST /session/4e36bf80fbca1927c571a30744d2eac8/element/f.F4B8E6AEE0F35DB2CB5FDCA58BEB4CC0.d.C85327D1FA1EC0C33C48D7B8CD91F8EA.e.8520/click - {}
RESULT: {}
COMMAND: GET /session/4e36bf80fbca1927c571a30744d2eac8/screenshot - {}
RESULT: {}
COMMAND: POST /session/4e36bf80fbca1927c571a30744d2eac8/execute/async - {"script":"<script> [1562 bytes]","args":[{"selector":{"id":"application-managepricingrules-display-component---newInfoPriceItem--daysMonth","interaction":{"idSuffix":"inner"}},"wdio_ui5_key":"applicationmanagepricingrules-display-component---newInfoPriceItem--daysMonth"}]}
RESULT: {"script":"<script> [1562 bytes]","args":[{"selector":{"id":"application-managepricingrules-display-component---newInfoPriceItem--daysMonth","interaction":{"idSuffix":"inner"}},"wdio_ui5_key":"applicationmanagepricingrules-display-component---newInfoPriceItem--daysMonth"}]}
RESULT: undefined
COMMAND: POST /session/4e36bf80fbca1927c571a30744d2eac8/execute/async - {"script":"<script> [776 bytes]","args":[{"enterText":"30","selector":{"id":"application-managepricingrules-display-component---newInfoPriceItem--daysMonth","interaction":{"idSuffix":"inner"}},"clearTextFirst":true,"interactionType":"ENTER_TEXT"}]}
RESULT: {"script":"<script> [776 bytes]","args":[{"enterText":"30","selector":{"id":"application-managepricingrules-display-component---newInfoPriceItem--daysMonth","interaction":{"idSuffix":"inner"}},"clearTextFirst":true,"interactionType":"ENTER_TEXT"}]}
COMMAND: POST /session/4e36bf80fbca1927c571a30744d2eac8/element - {"using":"xpath","value":"//button[@data-kt=\"saveNewRuleButton\"]"}
RESULT: {"using":"xpath","value":"//button[@data-kt=\"saveNewRuleButton\"]"}
COMMAND: POST /session/4e36bf80fbca1927c571a30744d2eac8/element/f.F4B8E6AEE0F35DB2CB5FDCA58BEB4CC0.d.C85327D1FA1EC0C33C48D7B8CD91F8EA.e.8507/click - {}
RESULT: {}
COMMAND: GET /session/4e36bf80fbca1927c571a30744d2eac8/screenshot - {}
RESULT: {}
COMMAND: POST /session/4e36bf80fbca1927c571a30744d2eac8/execute/async - {"script":"<script> [1562 bytes]","args":[{"selector":{"id":"application-managepricingrules-display-component---priceInfoItem--smartFilterBar-btnBasicSearch","interaction":{"idSuffix":"I"}},"wdio_ui5_key":"applicationmanagepricingrules-display-component---priceInfoItem--smartFilterBar-btnBasicSearch"}]}
RESULT: {"script":"<script> [1562 bytes]","args":[{"selector":{"id":"application-managepricingrules-display-component---priceInfoItem--smartFilterBar-btnBasicSearch","interaction":{"idSuffix":"I"}},"wdio_ui5_key":"applicationmanagepricingrules-display-component---priceInfoItem--smartFilterBar-btnBasicSearch"}]}
RESULT: undefined
COMMAND: POST /session/4e36bf80fbca1927c571a30744d2eac8/execute/async - {"script":"<script> [776 bytes]","args":[{"enterText":"9ZJRlOvut1","selector":{"id":"application-managepricingrules-display-component---priceInfoItem--smartFilterBar-btnBasicSearch","interaction":{"idSuffix":"I"}},"clearTextFirst":true,"interactionType":"ENTER_TEXT"}]}
RESULT: {"script":"<script> [776 bytes]","args":[{"enterText":"9ZJRlOvut1","selector":{"id":"application-managepricingrules-display-component---priceInfoItem--smartFilterBar-btnBasicSearch","interaction":{"idSuffix":"I"}},"clearTextFirst":true,"interactionType":"ENTER_TEXT"}]}
COMMAND: POST /session/4e36bf80fbca1927c571a30744d2eac8/actions - {"actions":[{"id":"action41","type":"key","parameters":{},"actions":[{"type":"keyDown","value":"î€‡"},{"type":"pause","duration":10},{"type":"keyUp","value":"î€‡"}]}]}
RESULT: {"actions":[{"id":"action41","type":"key","parameters":{},"actions":[{"type":"keyDown","value":"î€‡"},{"type":"pause","duration":10},{"type":"keyUp","value":"î€‡"}]}]}
COMMAND: GET /session/4e36bf80fbca1927c571a30744d2eac8/screenshot - {}
RESULT: {}
COMMAND: POST /session/4e36bf80fbca1927c571a30744d2eac8/element - {"using":"xpath","value":"//span[@id=\"application-managepricingrules-display-component---priceInfoItem--smartTable-header-inner\"]"}
RESULT: {"using":"xpath","value":"//span[@id=\"application-managepricingrules-display-component---priceInfoItem--smartTable-header-inner\"]"}
COMMAND: POST /session/4e36bf80fbca1927c571a30744d2eac8/elements - {"using":"xpath","value":"//span[@id=\"application-managepricingrules-display-component---priceInfoItem--smartTable-header-inner\"]"}
RESULT: {"using":"xpath","value":"//span[@id=\"application-managepricingrules-display-component---priceInfoItem--smartTable-header-inner\"]"}
COMMAND: POST /session/4e36bf80fbca1927c571a30744d2eac8/execute/sync - {"script":"<script> [56 bytes]","args":[{"element-6066-11e4-a52e-4f735466cecf":"f.F4B8E6AEE0F35DB2CB5FDCA58BEB4CC0.d.C85327D1FA1EC0C33C48D7B8CD91F8EA.e.8544","ELEMENT":"f.F4B8E6AEE0F35DB2CB5FDCA58BEB4CC0.d.C85327D1FA1EC0C33C48D7B8CD91F8EA.e.8544"}]}
RESULT: {"script":"<script> [56 bytes]","args":[{"element-6066-11e4-a52e-4f735466cecf":"f.F4B8E6AEE0F35DB2CB5FDCA58BEB4CC0.d.C85327D1FA1EC0C33C48D7B8CD91F8EA.e.8544","ELEMENT":"f.F4B8E6AEE0F35DB2CB5FDCA58BEB4CC0.d.C85327D1FA1EC0C33C48D7B8CD91F8EA.e.8544"}]}
COMMAND: POST /session/4e36bf80fbca1927c571a30744d2eac8/element - {"using":"css selector","value":"#shell-header-logo"}
COMMAND: GET /session/4e36bf80fbca1927c571a30744d2eac8/screenshot - {}
RESULT: {"using":"css selector","value":"#shell-header-logo"}
COMMAND: POST /session/4e36bf80fbca1927c571a30744d2eac8/element/f.F4B8E6AEE0F35DB2CB5FDCA58BEB4CC0.d.C85327D1FA1EC0C33C48D7B8CD91F8EA.e.7687/click - {}
RESULT: {}
RESULT: {}
COMMAND: GET /session/4e36bf80fbca1927c571a30744d2eac8/screenshot - {}
RESULT: {}
]]></system-out>
    </testcase>
    <testcase classname="chrome.136_0_7103_49.windows.Billing_transfer_US117289" name="Should create new condition for equipment" time="68.067">
      <system-out><![CDATA[
COMMAND: POST /session/4e36bf80fbca1927c571a30744d2eac8/execute/async - {"script":"<script> [1562 bytes]","args":[{"selector":{"controlType":"sap.m.Text","properties":{"text":"Manage Conditions & Prices"},"interaction":{"idSuffix":"inner"}},"wdio_ui5_key":"sapm.Text{\"text\":\"Manage Conditions & Prices\"}"}]}
RESULT: {"script":"<script> [1562 bytes]","args":[{"selector":{"controlType":"sap.m.Text","properties":{"text":"Manage Conditions & Prices"},"interaction":{"idSuffix":"inner"}},"wdio_ui5_key":"sapm.Text{\"text\":\"Manage Conditions & Prices\"}"}]}
RESULT: undefined
COMMAND: POST /session/4e36bf80fbca1927c571a30744d2eac8/element - {"using":"xpath","value":"//*[@id=\"__tile53-title\"]"}
RESULT: {"using":"xpath","value":"//*[@id=\"__tile53-title\"]"}
COMMAND: POST /session/4e36bf80fbca1927c571a30744d2eac8/element/f.F4B8E6AEE0F35DB2CB5FDCA58BEB4CC0.d.C85327D1FA1EC0C33C48D7B8CD91F8EA.e.8547/click - {}
RESULT: {}
COMMAND: POST /session/4e36bf80fbca1927c571a30744d2eac8/element - {"using":"xpath","value":"//button[@aria-label=\"Create\"]"}
COMMAND: GET /session/4e36bf80fbca1927c571a30744d2eac8/screenshot - {}
RESULT: {"using":"xpath","value":"//button[@aria-label=\"Create\"]"}
COMMAND: POST /session/4e36bf80fbca1927c571a30744d2eac8/elements - {"using":"xpath","value":"//button[@aria-label=\"Create\"]"}
RESULT: {}
RESULT: {"using":"xpath","value":"//button[@aria-label=\"Create\"]"}
COMMAND: POST /session/4e36bf80fbca1927c571a30744d2eac8/element - {"using":"xpath","value":"//button[@aria-label=\"Create\"]"}
RESULT: {"using":"xpath","value":"//button[@aria-label=\"Create\"]"}
COMMAND: POST /session/4e36bf80fbca1927c571a30744d2eac8/execute/sync - {"script":"<script> [8489 bytes]","args":[{"element-6066-11e4-a52e-4f735466cecf":"f.F4B8E6AEE0F35DB2CB5FDCA58BEB4CC0.d.C85327D1FA1EC0C33C48D7B8CD91F8EA.e.8581","ELEMENT":"f.F4B8E6AEE0F35DB2CB5FDCA58BEB4CC0.d.C85327D1FA1EC0C33C48D7B8CD91F8EA.e.8581"}]}
RESULT: {"script":"<script> [8489 bytes]","args":[{"element-6066-11e4-a52e-4f735466cecf":"f.F4B8E6AEE0F35DB2CB5FDCA58BEB4CC0.d.C85327D1FA1EC0C33C48D7B8CD91F8EA.e.8581","ELEMENT":"f.F4B8E6AEE0F35DB2CB5FDCA58BEB4CC0.d.C85327D1FA1EC0C33C48D7B8CD91F8EA.e.8581"}]}
COMMAND: GET /session/4e36bf80fbca1927c571a30744d2eac8/element/f.F4B8E6AEE0F35DB2CB5FDCA58BEB4CC0.d.C85327D1FA1EC0C33C48D7B8CD91F8EA.e.8581/enabled - {}
COMMAND: GET /session/4e36bf80fbca1927c571a30744d2eac8/screenshot - {}
RESULT: {}
COMMAND: POST /session/4e36bf80fbca1927c571a30744d2eac8/execute/sync - {"script":"<script> [8489 bytes]","args":[{"element-6066-11e4-a52e-4f735466cecf":"f.F4B8E6AEE0F35DB2CB5FDCA58BEB4CC0.d.C85327D1FA1EC0C33C48D7B8CD91F8EA.e.8581","ELEMENT":"f.F4B8E6AEE0F35DB2CB5FDCA58BEB4CC0.d.C85327D1FA1EC0C33C48D7B8CD91F8EA.e.8581"}]}
COMMAND: GET /session/4e36bf80fbca1927c571a30744d2eac8/screenshot - {}
RESULT: {}
RESULT: {"script":"<script> [8489 bytes]","args":[{"element-6066-11e4-a52e-4f735466cecf":"f.F4B8E6AEE0F35DB2CB5FDCA58BEB4CC0.d.C85327D1FA1EC0C33C48D7B8CD91F8EA.e.8581","ELEMENT":"f.F4B8E6AEE0F35DB2CB5FDCA58BEB4CC0.d.C85327D1FA1EC0C33C48D7B8CD91F8EA.e.8581"}]}
COMMAND: POST /session/4e36bf80fbca1927c571a30744d2eac8/execute/sync - {"script":"<script> [5351 bytes]","args":[{"element-6066-11e4-a52e-4f735466cecf":"f.F4B8E6AEE0F35DB2CB5FDCA58BEB4CC0.d.C85327D1FA1EC0C33C48D7B8CD91F8EA.e.8581","ELEMENT":"f.F4B8E6AEE0F35DB2CB5FDCA58BEB4CC0.d.C85327D1FA1EC0C33C48D7B8CD91F8EA.e.8581"}]}
COMMAND: GET /session/4e36bf80fbca1927c571a30744d2eac8/screenshot - {}
RESULT: {}
RESULT: {"script":"<script> [5351 bytes]","args":[{"element-6066-11e4-a52e-4f735466cecf":"f.F4B8E6AEE0F35DB2CB5FDCA58BEB4CC0.d.C85327D1FA1EC0C33C48D7B8CD91F8EA.e.8581","ELEMENT":"f.F4B8E6AEE0F35DB2CB5FDCA58BEB4CC0.d.C85327D1FA1EC0C33C48D7B8CD91F8EA.e.8581"}]}
COMMAND: POST /session/4e36bf80fbca1927c571a30744d2eac8/element/f.F4B8E6AEE0F35DB2CB5FDCA58BEB4CC0.d.C85327D1FA1EC0C33C48D7B8CD91F8EA.e.8581/click - {}
COMMAND: GET /session/4e36bf80fbca1927c571a30744d2eac8/screenshot - {}
RESULT: {}
RESULT: {}
COMMAND: GET /session/4e36bf80fbca1927c571a30744d2eac8/screenshot - {}
RESULT: {}
RESULT: {}
COMMAND: POST /session/4e36bf80fbca1927c571a30744d2eac8/actions - {"actions":[{"id":"action42","type":"key","parameters":{},"actions":[{"type":"keyDown","value":"î€‡"},{"type":"pause","duration":10},{"type":"keyUp","value":"î€‡"}]}]}
RESULT: {"actions":[{"id":"action42","type":"key","parameters":{},"actions":[{"type":"keyDown","value":"î€‡"},{"type":"pause","duration":10},{"type":"keyUp","value":"î€‡"}]}]}
COMMAND: GET /session/4e36bf80fbca1927c571a30744d2eac8/screenshot - {}
RESULT: {}
COMMAND: POST /session/4e36bf80fbca1927c571a30744d2eac8/execute/async - {"script":"<script> [1562 bytes]","args":[{"selector":{"id":"application-manageconditionprice-display-component---newCondition--condBillCond-arrow"},"wdio_ui5_key":"applicationmanageconditionprice-display-component---newCondition--condBillCond-arrow"}]}
RESULT: {"script":"<script> [1562 bytes]","args":[{"selector":{"id":"application-manageconditionprice-display-component---newCondition--condBillCond-arrow"},"wdio_ui5_key":"applicationmanageconditionprice-display-component---newCondition--condBillCond-arrow"}]}
RESULT: undefined
COMMAND: POST /session/4e36bf80fbca1927c571a30744d2eac8/element - {"using":"xpath","value":"//*[@id=\"application-manageconditionprice-display-component---newCondition--condBillCond-arrow\"]"}
RESULT: {"using":"xpath","value":"//*[@id=\"application-manageconditionprice-display-component---newCondition--condBillCond-arrow\"]"}
COMMAND: POST /session/4e36bf80fbca1927c571a30744d2eac8/element/f.F4B8E6AEE0F35DB2CB5FDCA58BEB4CC0.d.C85327D1FA1EC0C33C48D7B8CD91F8EA.e.8759/click - {}
RESULT: {}
COMMAND: GET /session/4e36bf80fbca1927c571a30744d2eac8/screenshot - {}
RESULT: {}
COMMAND: POST /session/4e36bf80fbca1927c571a30744d2eac8/element - {"using":"xpath","value":"//li[.//span[contains(text(), \"DISP - D&I special price\")]]"}
RESULT: {"using":"xpath","value":"//li[.//span[contains(text(), \"DISP - D&I special price\")]]"}
COMMAND: POST /session/4e36bf80fbca1927c571a30744d2eac8/element/f.F4B8E6AEE0F35DB2CB5FDCA58BEB4CC0.d.C85327D1FA1EC0C33C48D7B8CD91F8EA.e.8763/click - {}
RESULT: {}
COMMAND: GET /session/4e36bf80fbca1927c571a30744d2eac8/screenshot - {}
RESULT: {}
COMMAND: POST /session/4e36bf80fbca1927c571a30744d2eac8/execute/async - {"script":"<script> [1562 bytes]","args":[{"selector":{"id":"application-manageconditionprice-display-component---newCondition--condValidTo","interaction":{"idSuffix":"inner"}},"wdio_ui5_key":"applicationmanageconditionprice-display-component---newCondition--condValidTo"}]}
RESULT: {"script":"<script> [1562 bytes]","args":[{"selector":{"id":"application-manageconditionprice-display-component---newCondition--condValidTo","interaction":{"idSuffix":"inner"}},"wdio_ui5_key":"applicationmanageconditionprice-display-component---newCondition--condValidTo"}]}
RESULT: undefined
COMMAND: POST /session/4e36bf80fbca1927c571a30744d2eac8/execute/async - {"script":"<script> [776 bytes]","args":[{"enterText":"01/13/26","selector":{"id":"application-manageconditionprice-display-component---newCondition--condValidTo","interaction":{"idSuffix":"inner"}},"clearTextFirst":true,"interactionType":"ENTER_TEXT"}]}
RESULT: {"script":"<script> [776 bytes]","args":[{"enterText":"01/13/26","selector":{"id":"application-manageconditionprice-display-component---newCondition--condValidTo","interaction":{"idSuffix":"inner"}},"clearTextFirst":true,"interactionType":"ENTER_TEXT"}]}
COMMAND: POST /session/4e36bf80fbca1927c571a30744d2eac8/element - {"using":"xpath","value":"//input[@id=\"application-manageconditionprice-display-component---newCondition--condRU-inner\"]"}
RESULT: {"using":"xpath","value":"//input[@id=\"application-manageconditionprice-display-component---newCondition--condRU-inner\"]"}
COMMAND: POST /session/4e36bf80fbca1927c571a30744d2eac8/element/f.F4B8E6AEE0F35DB2CB5FDCA58BEB4CC0.d.C85327D1FA1EC0C33C48D7B8CD91F8EA.e.8625/clear - {}
RESULT: {}
COMMAND: POST /session/4e36bf80fbca1927c571a30744d2eac8/element/f.F4B8E6AEE0F35DB2CB5FDCA58BEB4CC0.d.C85327D1FA1EC0C33C48D7B8CD91F8EA.e.8625/value - {"text":"9ZJRlOvut1"}
COMMAND: GET /session/4e36bf80fbca1927c571a30744d2eac8/screenshot - {}
RESULT: {"text":"9ZJRlOvut1"}
COMMAND: GET /session/4e36bf80fbca1927c571a30744d2eac8/screenshot - {}
RESULT: {}
RESULT: {}
COMMAND: POST /session/4e36bf80fbca1927c571a30744d2eac8/actions - {"actions":[{"id":"action43","type":"key","parameters":{},"actions":[{"type":"keyDown","value":"î€‡"},{"type":"pause","duration":10},{"type":"keyUp","value":"î€‡"}]}]}
RESULT: {"actions":[{"id":"action43","type":"key","parameters":{},"actions":[{"type":"keyDown","value":"î€‡"},{"type":"pause","duration":10},{"type":"keyUp","value":"î€‡"}]}]}
COMMAND: POST /session/4e36bf80fbca1927c571a30744d2eac8/execute/async - {"script":"<script> [1562 bytes]","args":[{"selector":{"id":"application-manageconditionprice-display-component---newCondition--condBaseQty","interaction":{"idSuffix":"inner"}},"wdio_ui5_key":"applicationmanageconditionprice-display-component---newCondition--condBaseQty"}]}
COMMAND: GET /session/4e36bf80fbca1927c571a30744d2eac8/screenshot - {}
RESULT: {"script":"<script> [1562 bytes]","args":[{"selector":{"id":"application-manageconditionprice-display-component---newCondition--condBaseQty","interaction":{"idSuffix":"inner"}},"wdio_ui5_key":"applicationmanageconditionprice-display-component---newCondition--condBaseQty"}]}
RESULT: undefined
COMMAND: POST /session/4e36bf80fbca1927c571a30744d2eac8/execute/async - {"script":"<script> [776 bytes]","args":[{"enterText":"1","selector":{"id":"application-manageconditionprice-display-component---newCondition--condBaseQty","interaction":{"idSuffix":"inner"}},"clearTextFirst":true,"interactionType":"ENTER_TEXT"}]}
RESULT: {}
RESULT: {"script":"<script> [776 bytes]","args":[{"enterText":"1","selector":{"id":"application-manageconditionprice-display-component---newCondition--condBaseQty","interaction":{"idSuffix":"inner"}},"clearTextFirst":true,"interactionType":"ENTER_TEXT"}]}
COMMAND: POST /session/4e36bf80fbca1927c571a30744d2eac8/execute/async - {"script":"<script> [1562 bytes]","args":[{"selector":{"id":"application-manageconditionprice-display-component---newCondition--condValue","interaction":{"idSuffix":"inner"}},"wdio_ui5_key":"applicationmanageconditionprice-display-component---newCondition--condValue"}]}
RESULT: {"script":"<script> [1562 bytes]","args":[{"selector":{"id":"application-manageconditionprice-display-component---newCondition--condValue","interaction":{"idSuffix":"inner"}},"wdio_ui5_key":"applicationmanageconditionprice-display-component---newCondition--condValue"}]}
RESULT: undefined
COMMAND: POST /session/4e36bf80fbca1927c571a30744d2eac8/execute/async - {"script":"<script> [776 bytes]","args":[{"enterText":"100","selector":{"id":"application-manageconditionprice-display-component---newCondition--condValue","interaction":{"idSuffix":"inner"}},"clearTextFirst":true,"interactionType":"ENTER_TEXT"}]}
RESULT: {"script":"<script> [776 bytes]","args":[{"enterText":"100","selector":{"id":"application-manageconditionprice-display-component---newCondition--condValue","interaction":{"idSuffix":"inner"}},"clearTextFirst":true,"interactionType":"ENTER_TEXT"}]}
COMMAND: POST /session/4e36bf80fbca1927c571a30744d2eac8/execute/async - {"script":"<script> [1562 bytes]","args":[{"selector":{"id":"application-manageconditionprice-display-component---newCondition--condCurr-arrow"},"wdio_ui5_key":"applicationmanageconditionprice-display-component---newCondition--condCurr-arrow"}]}
RESULT: {"script":"<script> [1562 bytes]","args":[{"selector":{"id":"application-manageconditionprice-display-component---newCondition--condCurr-arrow"},"wdio_ui5_key":"applicationmanageconditionprice-display-component---newCondition--condCurr-arrow"}]}
RESULT: undefined
COMMAND: POST /session/4e36bf80fbca1927c571a30744d2eac8/element - {"using":"xpath","value":"//*[@id=\"application-manageconditionprice-display-component---newCondition--condCurr-arrow\"]"}
RESULT: {"using":"xpath","value":"//*[@id=\"application-manageconditionprice-display-component---newCondition--condCurr-arrow\"]"}
COMMAND: POST /session/4e36bf80fbca1927c571a30744d2eac8/element/f.F4B8E6AEE0F35DB2CB5FDCA58BEB4CC0.d.C85327D1FA1EC0C33C48D7B8CD91F8EA.e.8749/click - {}
RESULT: {}
COMMAND: POST /session/4e36bf80fbca1927c571a30744d2eac8/element - {"using":"xpath","value":"//span[contains(text(), \"Euro\")]"}
COMMAND: GET /session/4e36bf80fbca1927c571a30744d2eac8/screenshot - {}
RESULT: {"using":"xpath","value":"//span[contains(text(), \"Euro\")]"}
COMMAND: POST /session/4e36bf80fbca1927c571a30744d2eac8/element/f.F4B8E6AEE0F35DB2CB5FDCA58BEB4CC0.d.C85327D1FA1EC0C33C48D7B8CD91F8EA.e.8800/click - {}
RESULT: {}
RESULT: {}
COMMAND: POST /session/4e36bf80fbca1927c571a30744d2eac8/element - {"using":"xpath","value":"//button[@data-kt=\"saveButton\"]"}
COMMAND: GET /session/4e36bf80fbca1927c571a30744d2eac8/screenshot - {}
RESULT: {"using":"xpath","value":"//button[@data-kt=\"saveButton\"]"}
COMMAND: POST /session/4e36bf80fbca1927c571a30744d2eac8/element/f.F4B8E6AEE0F35DB2CB5FDCA58BEB4CC0.d.C85327D1FA1EC0C33C48D7B8CD91F8EA.e.8750/click - {}
RESULT: {}
RESULT: {}
COMMAND: GET /session/4e36bf80fbca1927c571a30744d2eac8/screenshot - {}
RESULT: {}
COMMAND: POST /session/4e36bf80fbca1927c571a30744d2eac8/execute/async - {"script":"<script> [1562 bytes]","args":[{"selector":{"id":"application-manageconditionprice-display-component---conditions--smartFilterBar-btnBasicSearch","interaction":{"idSuffix":"I"}},"wdio_ui5_key":"applicationmanageconditionprice-display-component---conditions--smartFilterBar-btnBasicSearch"}]}
RESULT: {"script":"<script> [1562 bytes]","args":[{"selector":{"id":"application-manageconditionprice-display-component---conditions--smartFilterBar-btnBasicSearch","interaction":{"idSuffix":"I"}},"wdio_ui5_key":"applicationmanageconditionprice-display-component---conditions--smartFilterBar-btnBasicSearch"}]}
RESULT: undefined
COMMAND: POST /session/4e36bf80fbca1927c571a30744d2eac8/execute/async - {"script":"<script> [776 bytes]","args":[{"enterText":"9ZJRlOvut1","selector":{"id":"application-manageconditionprice-display-component---conditions--smartFilterBar-btnBasicSearch","interaction":{"idSuffix":"I"}},"clearTextFirst":true,"interactionType":"ENTER_TEXT"}]}
RESULT: {"script":"<script> [776 bytes]","args":[{"enterText":"9ZJRlOvut1","selector":{"id":"application-manageconditionprice-display-component---conditions--smartFilterBar-btnBasicSearch","interaction":{"idSuffix":"I"}},"clearTextFirst":true,"interactionType":"ENTER_TEXT"}]}
COMMAND: POST /session/4e36bf80fbca1927c571a30744d2eac8/actions - {"actions":[{"id":"action44","type":"key","parameters":{},"actions":[{"type":"keyDown","value":"î€‡"},{"type":"pause","duration":10},{"type":"keyUp","value":"î€‡"}]}]}
RESULT: {"actions":[{"id":"action44","type":"key","parameters":{},"actions":[{"type":"keyDown","value":"î€‡"},{"type":"pause","duration":10},{"type":"keyUp","value":"î€‡"}]}]}
COMMAND: GET /session/4e36bf80fbca1927c571a30744d2eac8/screenshot - {}
RESULT: {}
COMMAND: POST /session/4e36bf80fbca1927c571a30744d2eac8/execute/async - {"script":"<script> [1562 bytes]","args":[{"selector":{"id":"application-manageconditionprice-display-component---conditions--smartFilterBar-filterItemControl_BASIC-BILL_TYPES-vhi"},"wdio_ui5_key":"applicationmanageconditionprice-display-component---conditions--smartFilterBar-filterItemControl_BASIC-BILL_TYPES-vhi"}]}
RESULT: {"script":"<script> [1562 bytes]","args":[{"selector":{"id":"application-manageconditionprice-display-component---conditions--smartFilterBar-filterItemControl_BASIC-BILL_TYPES-vhi"},"wdio_ui5_key":"applicationmanageconditionprice-display-component---conditions--smartFilterBar-filterItemControl_BASIC-BILL_TYPES-vhi"}]}
RESULT: undefined
COMMAND: POST /session/4e36bf80fbca1927c571a30744d2eac8/element - {"using":"xpath","value":"//*[@id=\"application-manageconditionprice-display-component---conditions--smartFilterBar-filterItemControl_BASIC-BILL_TYPES-vhi\"]"}
RESULT: {"using":"xpath","value":"//*[@id=\"application-manageconditionprice-display-component---conditions--smartFilterBar-filterItemControl_BASIC-BILL_TYPES-vhi\"]"}
COMMAND: POST /session/4e36bf80fbca1927c571a30744d2eac8/element/f.F4B8E6AEE0F35DB2CB5FDCA58BEB4CC0.d.C85327D1FA1EC0C33C48D7B8CD91F8EA.e.8906/click - {}
RESULT: {}
COMMAND: POST /session/4e36bf80fbca1927c571a30744d2eac8/execute/async - {"script":"<script> [1562 bytes]","args":[{"selector":{"id":"application-manageconditionprice-display-component---conditions--smartFilterBar-filterItemControl_BASIC-BILL_TYPES-valueHelpDialog-smartFilterBar-btnBasicSearch","searchOpenDialogs":true,"interaction":{"idSuffix":"I"}},"wdio_ui5_key":"applicationmanageconditionprice-display-component---conditions--smartFilterBar-filterItemControl_BASIC-BILL_TYPES-valueHelpDialog-smartFilterBar-btnBasicSearch"}]}
COMMAND: GET /session/4e36bf80fbca1927c571a30744d2eac8/screenshot - {}
RESULT: {"script":"<script> [1562 bytes]","args":[{"selector":{"id":"application-manageconditionprice-display-component---conditions--smartFilterBar-filterItemControl_BASIC-BILL_TYPES-valueHelpDialog-smartFilterBar-btnBasicSearch","searchOpenDialogs":true,"interaction":{"idSuffix":"I"}},"wdio_ui5_key":"applicationmanageconditionprice-display-component---conditions--smartFilterBar-filterItemControl_BASIC-BILL_TYPES-valueHelpDialog-smartFilterBar-btnBasicSearch"}]}
RESULT: undefined
COMMAND: POST /session/4e36bf80fbca1927c571a30744d2eac8/execute/async - {"script":"<script> [776 bytes]","args":[{"enterText":"TB","selector":{"id":"application-manageconditionprice-display-component---conditions--smartFilterBar-filterItemControl_BASIC-BILL_TYPES-valueHelpDialog-smartFilterBar-btnBasicSearch","searchOpenDialogs":true,"interaction":{"idSuffix":"I"}},"clearTextFirst":true,"interactionType":"ENTER_TEXT"}]}
RESULT: {}
RESULT: {"script":"<script> [776 bytes]","args":[{"enterText":"TB","selector":{"id":"application-manageconditionprice-display-component---conditions--smartFilterBar-filterItemControl_BASIC-BILL_TYPES-valueHelpDialog-smartFilterBar-btnBasicSearch","searchOpenDialogs":true,"interaction":{"idSuffix":"I"}},"clearTextFirst":true,"interactionType":"ENTER_TEXT"}]}
COMMAND: POST /session/4e36bf80fbca1927c571a30744d2eac8/actions - {"actions":[{"id":"action45","type":"key","parameters":{},"actions":[{"type":"keyDown","value":"î€‡"},{"type":"pause","duration":10},{"type":"keyUp","value":"î€‡"}]}]}
RESULT: {"actions":[{"id":"action45","type":"key","parameters":{},"actions":[{"type":"keyDown","value":"î€‡"},{"type":"pause","duration":10},{"type":"keyUp","value":"î€‡"}]}]}
COMMAND: GET /session/4e36bf80fbca1927c571a30744d2eac8/screenshot - {}
RESULT: {}
COMMAND: POST /session/4e36bf80fbca1927c571a30744d2eac8/element - {"using":"xpath","value":"//div[contains(@id, 'application-manageconditionprice-display-component---conditions--smartFilterBar-filterItemControl_BASIC-BILL_TYPES-valueHelpDialog-table-rowsel0')]"}
RESULT: {"using":"xpath","value":"//div[contains(@id, 'application-manageconditionprice-display-component---conditions--smartFilterBar-filterItemControl_BASIC-BILL_TYPES-valueHelpDialog-table-rowsel0')]"}
COMMAND: POST /session/4e36bf80fbca1927c571a30744d2eac8/element/f.F4B8E6AEE0F35DB2CB5FDCA58BEB4CC0.d.C85327D1FA1EC0C33C48D7B8CD91F8EA.e.8916/click - {}
RESULT: {}
COMMAND: GET /session/4e36bf80fbca1927c571a30744d2eac8/screenshot - {}
RESULT: {}
COMMAND: POST /session/4e36bf80fbca1927c571a30744d2eac8/element - {"using":"xpath","value":"//bdi[contains(text(), \"OK\")]"}
RESULT: {"using":"xpath","value":"//bdi[contains(text(), \"OK\")]"}
COMMAND: POST /session/4e36bf80fbca1927c571a30744d2eac8/element/f.F4B8E6AEE0F35DB2CB5FDCA58BEB4CC0.d.C85327D1FA1EC0C33C48D7B8CD91F8EA.e.8918/click - {}
RESULT: {}
COMMAND: GET /session/4e36bf80fbca1927c571a30744d2eac8/screenshot - {}
RESULT: {}
COMMAND: POST /session/4e36bf80fbca1927c571a30744d2eac8/element - {"using":"xpath","value":"//span[@id=\"application-manageconditionprice-display-component---conditions--smartTable-header-inner\"]"}
RESULT: {"using":"xpath","value":"//span[@id=\"application-manageconditionprice-display-component---conditions--smartTable-header-inner\"]"}
COMMAND: POST /session/4e36bf80fbca1927c571a30744d2eac8/elements - {"using":"xpath","value":"//span[@id=\"application-manageconditionprice-display-component---conditions--smartTable-header-inner\"]"}
RESULT: {"using":"xpath","value":"//span[@id=\"application-manageconditionprice-display-component---conditions--smartTable-header-inner\"]"}
COMMAND: POST /session/4e36bf80fbca1927c571a30744d2eac8/execute/sync - {"script":"<script> [56 bytes]","args":[{"element-6066-11e4-a52e-4f735466cecf":"f.F4B8E6AEE0F35DB2CB5FDCA58BEB4CC0.d.C85327D1FA1EC0C33C48D7B8CD91F8EA.e.8921","ELEMENT":"f.F4B8E6AEE0F35DB2CB5FDCA58BEB4CC0.d.C85327D1FA1EC0C33C48D7B8CD91F8EA.e.8921"}]}
RESULT: {"script":"<script> [56 bytes]","args":[{"element-6066-11e4-a52e-4f735466cecf":"f.F4B8E6AEE0F35DB2CB5FDCA58BEB4CC0.d.C85327D1FA1EC0C33C48D7B8CD91F8EA.e.8921","ELEMENT":"f.F4B8E6AEE0F35DB2CB5FDCA58BEB4CC0.d.C85327D1FA1EC0C33C48D7B8CD91F8EA.e.8921"}]}
COMMAND: POST /session/4e36bf80fbca1927c571a30744d2eac8/element - {"using":"css selector","value":"#shell-header-logo"}
COMMAND: GET /session/4e36bf80fbca1927c571a30744d2eac8/screenshot - {}
RESULT: {"using":"css selector","value":"#shell-header-logo"}
COMMAND: POST /session/4e36bf80fbca1927c571a30744d2eac8/element/f.F4B8E6AEE0F35DB2CB5FDCA58BEB4CC0.d.C85327D1FA1EC0C33C48D7B8CD91F8EA.e.8549/click - {}
RESULT: {}
RESULT: {}
COMMAND: GET /session/4e36bf80fbca1927c571a30744d2eac8/screenshot - {}
RESULT: {}
]]></system-out>
    </testcase>
  </testsuite>
  <testsuite timestamp="2025-05-13T07:42:21" time="684.269" tests="12" failures="6" errors="6" skipped="0">
    <properties>
      <property name="specId" value="0" />
      <property name="suiteName" value="Create Reverse Billing US127248" />
      <property name="capabilities" value="chrome.136_0_7103_49.windows" />
      <property name="file" value="file:///D:/a/1/s/test/specs/BTS/reverse-billing.spec.js" />
    </properties>
    <testcase classname="chrome.136_0_7103_49.windows.Create_Reverse_Billing_US127248" name="Should create a new yard" time="0.014">
      <system-out><![CDATA[
COMMAND: POST /session/4e36bf80fbca1927c571a30744d2eac8/window/fullscreen - {}
RESULT: {}
]]></system-out>
    </testcase>
    <testcase classname="chrome.136_0_7103_49.windows.Create_Reverse_Billing_US127248" name="Should create a new partner" time="0.005" />
    <testcase classname="chrome.136_0_7103_49.windows.Create_Reverse_Billing_US127248" name="Should create a new site" time="0.004" />
    <testcase classname="chrome.136_0_7103_49.windows.Create_Reverse_Billing_US127248" name="Should create a resource" time="140.741">
      <system-out><![CDATA[
COMMAND: POST /session/4e36bf80fbca1927c571a30744d2eac8/execute/async - {"script":"<script> [1562 bytes]","args":[{"selector":{"controlType":"sap.m.GenericTile","properties":{"header":"Manage Resources"}},"wdio_ui5_key":"sapm.GenericTile{\"header\":\"Manage Resources\"}"}]}
RESULT: {"script":"<script> [1562 bytes]","args":[{"selector":{"controlType":"sap.m.GenericTile","properties":{"header":"Manage Resources"}},"wdio_ui5_key":"sapm.GenericTile{\"header\":\"Manage Resources\"}"}]}
RESULT: undefined
COMMAND: POST /session/4e36bf80fbca1927c571a30744d2eac8/element - {"using":"xpath","value":"//*[@id=\"__tile39\"]"}
RESULT: {"using":"xpath","value":"//*[@id=\"__tile39\"]"}
COMMAND: POST /session/4e36bf80fbca1927c571a30744d2eac8/element/f.F4B8E6AEE0F35DB2CB5FDCA58BEB4CC0.d.B91A2C51EE4718809FDCD7A9015BDFF7.e.9647/click - {}
RESULT: {}
COMMAND: POST /session/4e36bf80fbca1927c571a30744d2eac8/element - {"using":"xpath","value":"//button[@data-kt=\"addNewRUOverflowToolbarButton\"]"}
COMMAND: GET /session/4e36bf80fbca1927c571a30744d2eac8/screenshot - {}
RESULT: {"using":"xpath","value":"//button[@data-kt=\"addNewRUOverflowToolbarButton\"]"}
COMMAND: POST /session/4e36bf80fbca1927c571a30744d2eac8/elements - {"using":"xpath","value":"//button[@data-kt=\"addNewRUOverflowToolbarButton\"]"}
RESULT: {}
RESULT: {"using":"xpath","value":"//button[@data-kt=\"addNewRUOverflowToolbarButton\"]"}
COMMAND: POST /session/4e36bf80fbca1927c571a30744d2eac8/elements - {"using":"xpath","value":"//button[@data-kt=\"addNewRUOverflowToolbarButton\"]"}
RESULT: {"using":"xpath","value":"//button[@data-kt=\"addNewRUOverflowToolbarButton\"]"}
COMMAND: POST /session/4e36bf80fbca1927c571a30744d2eac8/elements - {"using":"xpath","value":"//button[@data-kt=\"addNewRUOverflowToolbarButton\"]"}
RESULT: {"using":"xpath","value":"//button[@data-kt=\"addNewRUOverflowToolbarButton\"]"}
COMMAND: POST /session/4e36bf80fbca1927c571a30744d2eac8/elements - {"using":"xpath","value":"//button[@data-kt=\"addNewRUOverflowToolbarButton\"]"}
RESULT: {"using":"xpath","value":"//button[@data-kt=\"addNewRUOverflowToolbarButton\"]"}
COMMAND: POST /session/4e36bf80fbca1927c571a30744d2eac8/elements - {"using":"xpath","value":"//button[@data-kt=\"addNewRUOverflowToolbarButton\"]"}
RESULT: {"using":"xpath","value":"//button[@data-kt=\"addNewRUOverflowToolbarButton\"]"}
COMMAND: POST /session/4e36bf80fbca1927c571a30744d2eac8/elements - {"using":"xpath","value":"//button[@data-kt=\"addNewRUOverflowToolbarButton\"]"}
RESULT: {"using":"xpath","value":"//button[@data-kt=\"addNewRUOverflowToolbarButton\"]"}
COMMAND: POST /session/4e36bf80fbca1927c571a30744d2eac8/elements - {"using":"xpath","value":"//button[@data-kt=\"addNewRUOverflowToolbarButton\"]"}
RESULT: {"using":"xpath","value":"//button[@data-kt=\"addNewRUOverflowToolbarButton\"]"}
COMMAND: POST /session/4e36bf80fbca1927c571a30744d2eac8/elements - {"using":"xpath","value":"//button[@data-kt=\"addNewRUOverflowToolbarButton\"]"}
RESULT: {"using":"xpath","value":"//button[@data-kt=\"addNewRUOverflowToolbarButton\"]"}
COMMAND: POST /session/4e36bf80fbca1927c571a30744d2eac8/elements - {"using":"xpath","value":"//button[@data-kt=\"addNewRUOverflowToolbarButton\"]"}
RESULT: {"using":"xpath","value":"//button[@data-kt=\"addNewRUOverflowToolbarButton\"]"}
COMMAND: POST /session/4e36bf80fbca1927c571a30744d2eac8/elements - {"using":"xpath","value":"//button[@data-kt=\"addNewRUOverflowToolbarButton\"]"}
RESULT: {"using":"xpath","value":"//button[@data-kt=\"addNewRUOverflowToolbarButton\"]"}
COMMAND: POST /session/4e36bf80fbca1927c571a30744d2eac8/elements - {"using":"xpath","value":"//button[@data-kt=\"addNewRUOverflowToolbarButton\"]"}
RESULT: {"using":"xpath","value":"//button[@data-kt=\"addNewRUOverflowToolbarButton\"]"}
COMMAND: POST /session/4e36bf80fbca1927c571a30744d2eac8/elements - {"using":"xpath","value":"//button[@data-kt=\"addNewRUOverflowToolbarButton\"]"}
RESULT: {"using":"xpath","value":"//button[@data-kt=\"addNewRUOverflowToolbarButton\"]"}
COMMAND: POST /session/4e36bf80fbca1927c571a30744d2eac8/elements - {"using":"xpath","value":"//button[@data-kt=\"addNewRUOverflowToolbarButton\"]"}
RESULT: {"using":"xpath","value":"//button[@data-kt=\"addNewRUOverflowToolbarButton\"]"}
COMMAND: POST /session/4e36bf80fbca1927c571a30744d2eac8/elements - {"using":"xpath","value":"//button[@data-kt=\"addNewRUOverflowToolbarButton\"]"}
RESULT: {"using":"xpath","value":"//button[@data-kt=\"addNewRUOverflowToolbarButton\"]"}
COMMAND: POST /session/4e36bf80fbca1927c571a30744d2eac8/elements - {"using":"xpath","value":"//button[@data-kt=\"addNewRUOverflowToolbarButton\"]"}
RESULT: {"using":"xpath","value":"//button[@data-kt=\"addNewRUOverflowToolbarButton\"]"}
COMMAND: POST /session/4e36bf80fbca1927c571a30744d2eac8/elements - {"using":"xpath","value":"//button[@data-kt=\"addNewRUOverflowToolbarButton\"]"}
RESULT: {"using":"xpath","value":"//button[@data-kt=\"addNewRUOverflowToolbarButton\"]"}
COMMAND: POST /session/4e36bf80fbca1927c571a30744d2eac8/elements - {"using":"xpath","value":"//button[@data-kt=\"addNewRUOverflowToolbarButton\"]"}
RESULT: {"using":"xpath","value":"//button[@data-kt=\"addNewRUOverflowToolbarButton\"]"}
COMMAND: POST /session/4e36bf80fbca1927c571a30744d2eac8/elements - {"using":"xpath","value":"//button[@data-kt=\"addNewRUOverflowToolbarButton\"]"}
RESULT: {"using":"xpath","value":"//button[@data-kt=\"addNewRUOverflowToolbarButton\"]"}
COMMAND: POST /session/4e36bf80fbca1927c571a30744d2eac8/elements - {"using":"xpath","value":"//button[@data-kt=\"addNewRUOverflowToolbarButton\"]"}
RESULT: {"using":"xpath","value":"//button[@data-kt=\"addNewRUOverflowToolbarButton\"]"}
COMMAND: POST /session/4e36bf80fbca1927c571a30744d2eac8/elements - {"using":"xpath","value":"//button[@data-kt=\"addNewRUOverflowToolbarButton\"]"}
RESULT: {"using":"xpath","value":"//button[@data-kt=\"addNewRUOverflowToolbarButton\"]"}
COMMAND: POST /session/4e36bf80fbca1927c571a30744d2eac8/element - {"using":"xpath","value":"//button[@data-kt=\"addNewRUOverflowToolbarButton\"]"}
RESULT: {"using":"xpath","value":"//button[@data-kt=\"addNewRUOverflowToolbarButton\"]"}
COMMAND: POST /session/4e36bf80fbca1927c571a30744d2eac8/execute/sync - {"script":"<script> [8489 bytes]","args":[{"element-6066-11e4-a52e-4f735466cecf":"f.F4B8E6AEE0F35DB2CB5FDCA58BEB4CC0.d.B91A2C51EE4718809FDCD7A9015BDFF7.e.9797","ELEMENT":"f.F4B8E6AEE0F35DB2CB5FDCA58BEB4CC0.d.B91A2C51EE4718809FDCD7A9015BDFF7.e.9797"}]}
RESULT: {"script":"<script> [8489 bytes]","args":[{"element-6066-11e4-a52e-4f735466cecf":"f.F4B8E6AEE0F35DB2CB5FDCA58BEB4CC0.d.B91A2C51EE4718809FDCD7A9015BDFF7.e.9797","ELEMENT":"f.F4B8E6AEE0F35DB2CB5FDCA58BEB4CC0.d.B91A2C51EE4718809FDCD7A9015BDFF7.e.9797"}]}
COMMAND: GET /session/4e36bf80fbca1927c571a30744d2eac8/element/f.F4B8E6AEE0F35DB2CB5FDCA58BEB4CC0.d.B91A2C51EE4718809FDCD7A9015BDFF7.e.9797/enabled - {}
COMMAND: GET /session/4e36bf80fbca1927c571a30744d2eac8/screenshot - {}
RESULT: {}
COMMAND: POST /session/4e36bf80fbca1927c571a30744d2eac8/execute/sync - {"script":"<script> [8489 bytes]","args":[{"element-6066-11e4-a52e-4f735466cecf":"f.F4B8E6AEE0F35DB2CB5FDCA58BEB4CC0.d.B91A2C51EE4718809FDCD7A9015BDFF7.e.9797","ELEMENT":"f.F4B8E6AEE0F35DB2CB5FDCA58BEB4CC0.d.B91A2C51EE4718809FDCD7A9015BDFF7.e.9797"}]}
COMMAND: GET /session/4e36bf80fbca1927c571a30744d2eac8/screenshot - {}
RESULT: {}
RESULT: {"script":"<script> [8489 bytes]","args":[{"element-6066-11e4-a52e-4f735466cecf":"f.F4B8E6AEE0F35DB2CB5FDCA58BEB4CC0.d.B91A2C51EE4718809FDCD7A9015BDFF7.e.9797","ELEMENT":"f.F4B8E6AEE0F35DB2CB5FDCA58BEB4CC0.d.B91A2C51EE4718809FDCD7A9015BDFF7.e.9797"}]}
COMMAND: POST /session/4e36bf80fbca1927c571a30744d2eac8/execute/sync - {"script":"<script> [5351 bytes]","args":[{"element-6066-11e4-a52e-4f735466cecf":"f.F4B8E6AEE0F35DB2CB5FDCA58BEB4CC0.d.B91A2C51EE4718809FDCD7A9015BDFF7.e.9797","ELEMENT":"f.F4B8E6AEE0F35DB2CB5FDCA58BEB4CC0.d.B91A2C51EE4718809FDCD7A9015BDFF7.e.9797"}]}
COMMAND: GET /session/4e36bf80fbca1927c571a30744d2eac8/screenshot - {}
RESULT: {}
RESULT: {"script":"<script> [5351 bytes]","args":[{"element-6066-11e4-a52e-4f735466cecf":"f.F4B8E6AEE0F35DB2CB5FDCA58BEB4CC0.d.B91A2C51EE4718809FDCD7A9015BDFF7.e.9797","ELEMENT":"f.F4B8E6AEE0F35DB2CB5FDCA58BEB4CC0.d.B91A2C51EE4718809FDCD7A9015BDFF7.e.9797"}]}
COMMAND: POST /session/4e36bf80fbca1927c571a30744d2eac8/element/f.F4B8E6AEE0F35DB2CB5FDCA58BEB4CC0.d.B91A2C51EE4718809FDCD7A9015BDFF7.e.9797/click - {}
COMMAND: GET /session/4e36bf80fbca1927c571a30744d2eac8/screenshot - {}
RESULT: {}
RESULT: {}
COMMAND: GET /session/4e36bf80fbca1927c571a30744d2eac8/screenshot - {}
COMMAND: POST /session/4e36bf80fbca1927c571a30744d2eac8/execute/async - {"script":"<script> [1562 bytes]","args":[{"selector":{"id":"application-manageresources-display-component---newResourceUnit--TYPE-arrow"},"wdio_ui5_key":"applicationmanageresources-display-component---newResourceUnit--TYPE-arrow"}]}
RESULT: {}
RESULT: {}
RESULT: {"script":"<script> [1562 bytes]","args":[{"selector":{"id":"application-manageresources-display-component---newResourceUnit--TYPE-arrow"},"wdio_ui5_key":"applicationmanageresources-display-component---newResourceUnit--TYPE-arrow"}]}
RESULT: undefined
COMMAND: POST /session/4e36bf80fbca1927c571a30744d2eac8/element - {"using":"xpath","value":"//*[@id=\"application-manageresources-display-component---newResourceUnit--TYPE-arrow\"]"}
RESULT: {"using":"xpath","value":"//*[@id=\"application-manageresources-display-component---newResourceUnit--TYPE-arrow\"]"}
COMMAND: POST /session/4e36bf80fbca1927c571a30744d2eac8/element/f.F4B8E6AEE0F35DB2CB5FDCA58BEB4CC0.d.B91A2C51EE4718809FDCD7A9015BDFF7.e.10141/click - {}
RESULT: {}
COMMAND: POST /session/4e36bf80fbca1927c571a30744d2eac8/element - {"using":"xpath","value":"//input[@id=\"application-manageresources-display-component---newResourceUnit--TYPE-inner\"]"}
COMMAND: GET /session/4e36bf80fbca1927c571a30744d2eac8/screenshot - {}
RESULT: {"using":"xpath","value":"//input[@id=\"application-manageresources-display-component---newResourceUnit--TYPE-inner\"]"}
COMMAND: POST /session/4e36bf80fbca1927c571a30744d2eac8/element/f.F4B8E6AEE0F35DB2CB5FDCA58BEB4CC0.d.B91A2C51EE4718809FDCD7A9015BDFF7.e.10137/clear - {}
RESULT: {}
RESULT: {}
COMMAND: POST /session/4e36bf80fbca1927c571a30744d2eac8/element/f.F4B8E6AEE0F35DB2CB5FDCA58BEB4CC0.d.B91A2C51EE4718809FDCD7A9015BDFF7.e.10137/value - {"text":"Equipment"}
COMMAND: GET /session/4e36bf80fbca1927c571a30744d2eac8/screenshot - {}
RESULT: {"text":"Equipment"}
COMMAND: GET /session/4e36bf80fbca1927c571a30744d2eac8/screenshot - {}
RESULT: {}
RESULT: {}
COMMAND: POST /session/4e36bf80fbca1927c571a30744d2eac8/actions - {"actions":[{"id":"action48","type":"key","parameters":{},"actions":[{"type":"keyDown","value":"î€‡"},{"type":"pause","duration":10},{"type":"keyUp","value":"î€‡"}]}]}
RESULT: {"actions":[{"id":"action48","type":"key","parameters":{},"actions":[{"type":"keyDown","value":"î€‡"},{"type":"pause","duration":10},{"type":"keyUp","value":"î€‡"}]}]}
COMMAND: POST /session/4e36bf80fbca1927c571a30744d2eac8/execute/async - {"script":"<script> [1562 bytes]","args":[{"selector":{"id":"application-manageresources-display-component---newResourceUnit--resourceId","interaction":{"idSuffix":"inner"}},"wdio_ui5_key":"applicationmanageresources-display-component---newResourceUnit--resourceId"}]}
COMMAND: GET /session/4e36bf80fbca1927c571a30744d2eac8/screenshot - {}
RESULT: {"script":"<script> [1562 bytes]","args":[{"selector":{"id":"application-manageresources-display-component---newResourceUnit--resourceId","interaction":{"idSuffix":"inner"}},"wdio_ui5_key":"applicationmanageresources-display-component---newResourceUnit--resourceId"}]}
RESULT: undefined
COMMAND: POST /session/4e36bf80fbca1927c571a30744d2eac8/execute/async - {"script":"<script> [776 bytes]","args":[{"enterText":"UpvgOt9uR1","selector":{"id":"application-manageresources-display-component---newResourceUnit--resourceId","interaction":{"idSuffix":"inner"}},"clearTextFirst":true,"interactionType":"ENTER_TEXT"}]}
RESULT: {}
RESULT: {"script":"<script> [776 bytes]","args":[{"enterText":"UpvgOt9uR1","selector":{"id":"application-manageresources-display-component---newResourceUnit--resourceId","interaction":{"idSuffix":"inner"}},"clearTextFirst":true,"interactionType":"ENTER_TEXT"}]}
COMMAND: POST /session/4e36bf80fbca1927c571a30744d2eac8/execute/async - {"script":"<script> [1562 bytes]","args":[{"selector":{"id":"application-manageresources-display-component---newResourceUnit--SHORT_TEXT","interaction":{"idSuffix":"inner"}},"wdio_ui5_key":"applicationmanageresources-display-component---newResourceUnit--SHORT_TEXT"}]}
RESULT: {"script":"<script> [1562 bytes]","args":[{"selector":{"id":"application-manageresources-display-component---newResourceUnit--SHORT_TEXT","interaction":{"idSuffix":"inner"}},"wdio_ui5_key":"applicationmanageresources-display-component---newResourceUnit--SHORT_TEXT"}]}
RESULT: undefined
COMMAND: POST /session/4e36bf80fbca1927c571a30744d2eac8/execute/async - {"script":"<script> [776 bytes]","args":[{"enterText":"Intercompany Equipment WDIO","selector":{"id":"application-manageresources-display-component---newResourceUnit--SHORT_TEXT","interaction":{"idSuffix":"inner"}},"clearTextFirst":true,"interactionType":"ENTER_TEXT"}]}
RESULT: {"script":"<script> [776 bytes]","args":[{"enterText":"Intercompany Equipment WDIO","selector":{"id":"application-manageresources-display-component---newResourceUnit--SHORT_TEXT","interaction":{"idSuffix":"inner"}},"clearTextFirst":true,"interactionType":"ENTER_TEXT"}]}
COMMAND: POST /session/4e36bf80fbca1927c571a30744d2eac8/execute/async - {"script":"<script> [1562 bytes]","args":[{"selector":{"id":"application-manageresources-display-component---newResourceUnit--BASE_UNIT_OF_MEASURE","interaction":{"idSuffix":"inner"}},"wdio_ui5_key":"applicationmanageresources-display-component---newResourceUnit--BASE_UNIT_OF_MEASURE"}]}
RESULT: {"script":"<script> [1562 bytes]","args":[{"selector":{"id":"application-manageresources-display-component---newResourceUnit--BASE_UNIT_OF_MEASURE","interaction":{"idSuffix":"inner"}},"wdio_ui5_key":"applicationmanageresources-display-component---newResourceUnit--BASE_UNIT_OF_MEASURE"}]}
RESULT: undefined
COMMAND: POST /session/4e36bf80fbca1927c571a30744d2eac8/execute/async - {"script":"<script> [776 bytes]","args":[{"enterText":"Piece","selector":{"id":"application-manageresources-display-component---newResourceUnit--BASE_UNIT_OF_MEASURE","interaction":{"idSuffix":"inner"}},"clearTextFirst":true,"interactionType":"ENTER_TEXT"}]}
RESULT: {"script":"<script> [776 bytes]","args":[{"enterText":"Piece","selector":{"id":"application-manageresources-display-component---newResourceUnit--BASE_UNIT_OF_MEASURE","interaction":{"idSuffix":"inner"}},"clearTextFirst":true,"interactionType":"ENTER_TEXT"}]}
COMMAND: POST /session/4e36bf80fbca1927c571a30744d2eac8/execute/async - {"script":"<script> [1562 bytes]","args":[{"selector":{"id":"application-manageresources-display-component---newResourceUnit--WEIGHT_UNIT","interaction":{"idSuffix":"inner"}},"wdio_ui5_key":"applicationmanageresources-display-component---newResourceUnit--WEIGHT_UNIT"}]}
RESULT: {"script":"<script> [1562 bytes]","args":[{"selector":{"id":"application-manageresources-display-component---newResourceUnit--WEIGHT_UNIT","interaction":{"idSuffix":"inner"}},"wdio_ui5_key":"applicationmanageresources-display-component---newResourceUnit--WEIGHT_UNIT"}]}
RESULT: undefined
COMMAND: POST /session/4e36bf80fbca1927c571a30744d2eac8/execute/async - {"script":"<script> [776 bytes]","args":[{"enterText":"Gram","selector":{"id":"application-manageresources-display-component---newResourceUnit--WEIGHT_UNIT","interaction":{"idSuffix":"inner"}},"clearTextFirst":true,"interactionType":"ENTER_TEXT"}]}
RESULT: {"script":"<script> [776 bytes]","args":[{"enterText":"Gram","selector":{"id":"application-manageresources-display-component---newResourceUnit--WEIGHT_UNIT","interaction":{"idSuffix":"inner"}},"clearTextFirst":true,"interactionType":"ENTER_TEXT"}]}
COMMAND: POST /session/4e36bf80fbca1927c571a30744d2eac8/execute/async - {"script":"<script> [1562 bytes]","args":[{"selector":{"id":"application-manageresources-display-component---newResourceUnit--DIMENSION_UNIT","interaction":{"idSuffix":"inner"}},"wdio_ui5_key":"applicationmanageresources-display-component---newResourceUnit--DIMENSION_UNIT"}]}
RESULT: {"script":"<script> [1562 bytes]","args":[{"selector":{"id":"application-manageresources-display-component---newResourceUnit--DIMENSION_UNIT","interaction":{"idSuffix":"inner"}},"wdio_ui5_key":"applicationmanageresources-display-component---newResourceUnit--DIMENSION_UNIT"}]}
RESULT: undefined
COMMAND: POST /session/4e36bf80fbca1927c571a30744d2eac8/execute/async - {"script":"<script> [776 bytes]","args":[{"enterText":"Meter","selector":{"id":"application-manageresources-display-component---newResourceUnit--DIMENSION_UNIT","interaction":{"idSuffix":"inner"}},"clearTextFirst":true,"interactionType":"ENTER_TEXT"}]}
RESULT: {"script":"<script> [776 bytes]","args":[{"enterText":"Meter","selector":{"id":"application-manageresources-display-component---newResourceUnit--DIMENSION_UNIT","interaction":{"idSuffix":"inner"}},"clearTextFirst":true,"interactionType":"ENTER_TEXT"}]}
COMMAND: POST /session/4e36bf80fbca1927c571a30744d2eac8/execute/async - {"script":"<script> [1562 bytes]","args":[{"selector":{"id":"application-manageresources-display-component---newResourceUnit--newRRUPage-anchBar-application-manageresources-display-component---newResourceUnit--control-anchor","interaction":{"idSuffix":"BDI-content"}},"wdio_ui5_key":"applicationmanageresources-display-component---newResourceUnit--newRRUPage-anchBar-application-manageresources-display-component---newResourceUnit--control-anchor"}]}
RESULT: {"script":"<script> [1562 bytes]","args":[{"selector":{"id":"application-manageresources-display-component---newResourceUnit--newRRUPage-anchBar-application-manageresources-display-component---newResourceUnit--control-anchor","interaction":{"idSuffix":"BDI-content"}},"wdio_ui5_key":"applicationmanageresources-display-component---newResourceUnit--newRRUPage-anchBar-application-manageresources-display-component---newResourceUnit--control-anchor"}]}
RESULT: undefined
COMMAND: POST /session/4e36bf80fbca1927c571a30744d2eac8/element - {"using":"xpath","value":"//*[@id=\"application-manageresources-display-component---newResourceUnit--newRRUPage-anchBar-application-manageresources-display-component---newResourceUnit--control-anchor\"]"}
RESULT: {"using":"xpath","value":"//*[@id=\"application-manageresources-display-component---newResourceUnit--newRRUPage-anchBar-application-manageresources-display-component---newResourceUnit--control-anchor\"]"}
COMMAND: POST /session/4e36bf80fbca1927c571a30744d2eac8/element/f.F4B8E6AEE0F35DB2CB5FDCA58BEB4CC0.d.B91A2C51EE4718809FDCD7A9015BDFF7.e.10274/click - {}
RESULT: {}
COMMAND: POST /session/4e36bf80fbca1927c571a30744d2eac8/execute/async - {"script":"<script> [1562 bytes]","args":[{"selector":{"id":"application-manageresources-display-component---newResourceUnit--PLANNING_GROUP","interaction":{"idSuffix":"inner"}},"wdio_ui5_key":"applicationmanageresources-display-component---newResourceUnit--PLANNING_GROUP"}]}
COMMAND: GET /session/4e36bf80fbca1927c571a30744d2eac8/screenshot - {}
RESULT: {"script":"<script> [1562 bytes]","args":[{"selector":{"id":"application-manageresources-display-component---newResourceUnit--PLANNING_GROUP","interaction":{"idSuffix":"inner"}},"wdio_ui5_key":"applicationmanageresources-display-component---newResourceUnit--PLANNING_GROUP"}]}
RESULT: undefined
COMMAND: POST /session/4e36bf80fbca1927c571a30744d2eac8/execute/async - {"script":"<script> [776 bytes]","args":[{"enterText":"Heavy Equi","selector":{"id":"application-manageresources-display-component---newResourceUnit--PLANNING_GROUP","interaction":{"idSuffix":"inner"}},"clearTextFirst":true,"interactionType":"ENTER_TEXT"}]}
RESULT: {}
RESULT: {"script":"<script> [776 bytes]","args":[{"enterText":"Heavy Equi","selector":{"id":"application-manageresources-display-component---newResourceUnit--PLANNING_GROUP","interaction":{"idSuffix":"inner"}},"clearTextFirst":true,"interactionType":"ENTER_TEXT"}]}
COMMAND: POST /session/4e36bf80fbca1927c571a30744d2eac8/execute/async - {"script":"<script> [1562 bytes]","args":[{"selector":{"id":"application-manageresources-display-component---newResourceUnit--ITEM_TYPE-arrow"},"wdio_ui5_key":"applicationmanageresources-display-component---newResourceUnit--ITEM_TYPE-arrow"}]}
RESULT: {"script":"<script> [1562 bytes]","args":[{"selector":{"id":"application-manageresources-display-component---newResourceUnit--ITEM_TYPE-arrow"},"wdio_ui5_key":"applicationmanageresources-display-component---newResourceUnit--ITEM_TYPE-arrow"}]}
RESULT: undefined
COMMAND: POST /session/4e36bf80fbca1927c571a30744d2eac8/element - {"using":"xpath","value":"//*[@id=\"application-manageresources-display-component---newResourceUnit--ITEM_TYPE-arrow\"]"}
RESULT: {"using":"xpath","value":"//*[@id=\"application-manageresources-display-component---newResourceUnit--ITEM_TYPE-arrow\"]"}
COMMAND: POST /session/4e36bf80fbca1927c571a30744d2eac8/element/f.F4B8E6AEE0F35DB2CB5FDCA58BEB4CC0.d.B91A2C51EE4718809FDCD7A9015BDFF7.e.10281/click - {}
RESULT: {}
COMMAND: POST /session/4e36bf80fbca1927c571a30744d2eac8/element - {"using":"xpath","value":"(//span[contains(text(), \"Resource Unit\")])[2]"}
COMMAND: GET /session/4e36bf80fbca1927c571a30744d2eac8/screenshot - {}
RESULT: {"using":"xpath","value":"(//span[contains(text(), \"Resource Unit\")])[2]"}
COMMAND: POST /session/4e36bf80fbca1927c571a30744d2eac8/element/f.F4B8E6AEE0F35DB2CB5FDCA58BEB4CC0.d.B91A2C51EE4718809FDCD7A9015BDFF7.e.10282/click - {}
RESULT: {}
RESULT: {}
COMMAND: GET /session/4e36bf80fbca1927c571a30744d2eac8/screenshot - {}
RESULT: {}
COMMAND: POST /session/4e36bf80fbca1927c571a30744d2eac8/element - {"using":"css selector","value":"#application-manageresources-display-component---newResourceUnit--btnAddTimeSegment"}
RESULT: {"using":"css selector","value":"#application-manageresources-display-component---newResourceUnit--btnAddTimeSegment"}
COMMAND: GET /session/4e36bf80fbca1927c571a30744d2eac8/element/f.F4B8E6AEE0F35DB2CB5FDCA58BEB4CC0.d.B91A2C51EE4718809FDCD7A9015BDFF7.e.10283/rect - {}
RESULT: {}
COMMAND: GET /session/4e36bf80fbca1927c571a30744d2eac8/window/rect - {}
RESULT: {}
COMMAND: POST /session/4e36bf80fbca1927c571a30744d2eac8/execute/sync - {"script":"<script> [92 bytes]","args":[]}
RESULT: {"script":"<script> [92 bytes]","args":[]}
COMMAND: POST /session/4e36bf80fbca1927c571a30744d2eac8/actions - {"actions":[{"id":"action49","type":"wheel","parameters":{},"actions":[{"type":"scroll","x":-1888,"y":-32,"deltaX":0,"deltaY":0,"duration":0,"origin":{"element-6066-11e4-a52e-4f735466cecf":"f.F4B8E6AEE0F35DB2CB5FDCA58BEB4CC0.d.B91A2C51EE4718809FDCD7A9015BDFF7.e.10283"}}]}]}
COMMAND: GET /session/4e36bf80fbca1927c571a30744d2eac8/screenshot - {}
RESULT: {}
COMMAND: POST /session/4e36bf80fbca1927c571a30744d2eac8/execute/sync - {"script":"<script> [79 bytes]","args":[{"element-6066-11e4-a52e-4f735466cecf":"f.F4B8E6AEE0F35DB2CB5FDCA58BEB4CC0.d.B91A2C51EE4718809FDCD7A9015BDFF7.e.10283","ELEMENT":"f.F4B8E6AEE0F35DB2CB5FDCA58BEB4CC0.d.B91A2C51EE4718809FDCD7A9015BDFF7.e.10283"},{"block":"start","inline":"nearest"}]}
RESULT: {"script":"<script> [79 bytes]","args":[{"element-6066-11e4-a52e-4f735466cecf":"f.F4B8E6AEE0F35DB2CB5FDCA58BEB4CC0.d.B91A2C51EE4718809FDCD7A9015BDFF7.e.10283","ELEMENT":"f.F4B8E6AEE0F35DB2CB5FDCA58BEB4CC0.d.B91A2C51EE4718809FDCD7A9015BDFF7.e.10283"},{"block":"start","inline":"nearest"}]}
COMMAND: POST /session/4e36bf80fbca1927c571a30744d2eac8/execute/async - {"script":"<script> [1562 bytes]","args":[{"selector":{"id":"application-manageresources-display-component---newResourceUnit--btnAddTimeSegment","interaction":{"idSuffix":"inner"}},"wdio_ui5_key":"applicationmanageresources-display-component---newResourceUnit--btnAddTimeSegment"}]}
COMMAND: GET /session/4e36bf80fbca1927c571a30744d2eac8/screenshot - {}
RESULT: {"script":"<script> [1562 bytes]","args":[{"selector":{"id":"application-manageresources-display-component---newResourceUnit--btnAddTimeSegment","interaction":{"idSuffix":"inner"}},"wdio_ui5_key":"applicationmanageresources-display-component---newResourceUnit--btnAddTimeSegment"}]}
RESULT: undefined
COMMAND: POST /session/4e36bf80fbca1927c571a30744d2eac8/element - {"using":"xpath","value":"//*[@id=\"application-manageresources-display-component---newResourceUnit--btnAddTimeSegment\"]"}
RESULT: {}
RESULT: {"using":"xpath","value":"//*[@id=\"application-manageresources-display-component---newResourceUnit--btnAddTimeSegment\"]"}
COMMAND: POST /session/4e36bf80fbca1927c571a30744d2eac8/element/f.F4B8E6AEE0F35DB2CB5FDCA58BEB4CC0.d.B91A2C51EE4718809FDCD7A9015BDFF7.e.10283/click - {}
RESULT: {}
COMMAND: GET /session/4e36bf80fbca1927c571a30744d2eac8/screenshot - {}
RESULT: {}
COMMAND: POST /session/4e36bf80fbca1927c571a30744d2eac8/element - {"using":"xpath","value":"//input[@id=\"application-manageresources-display-component---newResourceUnit--idRuTSAdmin-application-manageresources-display-component---newResourceUnit--RUTimeSegment-0-inner\"]"}
RESULT: {"using":"xpath","value":"//input[@id=\"application-manageresources-display-component---newResourceUnit--idRuTSAdmin-application-manageresources-display-component---newResourceUnit--RUTimeSegment-0-inner\"]"}
COMMAND: POST /session/4e36bf80fbca1927c571a30744d2eac8/element/f.F4B8E6AEE0F35DB2CB5FDCA58BEB4CC0.d.B91A2C51EE4718809FDCD7A9015BDFF7.e.10289/clear - {}
RESULT: {}
COMMAND: POST /session/4e36bf80fbca1927c571a30744d2eac8/element/f.F4B8E6AEE0F35DB2CB5FDCA58BEB4CC0.d.B91A2C51EE4718809FDCD7A9015BDFF7.e.10289/value - {"text":"190"}
COMMAND: GET /session/4e36bf80fbca1927c571a30744d2eac8/screenshot - {}
RESULT: {"text":"190"}
COMMAND: GET /session/4e36bf80fbca1927c571a30744d2eac8/screenshot - {}
RESULT: {}
RESULT: {}
COMMAND: POST /session/4e36bf80fbca1927c571a30744d2eac8/element - {"using":"xpath","value":"//li[.//span[text()='190']]"}
RESULT: {"using":"xpath","value":"//li[.//span[text()='190']]"}
COMMAND: POST /session/4e36bf80fbca1927c571a30744d2eac8/element/f.F4B8E6AEE0F35DB2CB5FDCA58BEB4CC0.d.B91A2C51EE4718809FDCD7A9015BDFF7.e.10300/click - {}
RESULT: {}
COMMAND: GET /session/4e36bf80fbca1927c571a30744d2eac8/screenshot - {}
RESULT: {}
COMMAND: POST /session/4e36bf80fbca1927c571a30744d2eac8/element - {"using":"xpath","value":"(//span[contains(@id, \"-application-manageresources-display-component---newResourceUnit--RUTimeSegment-0-arrow\")])[6]"}
RESULT: {"using":"xpath","value":"(//span[contains(@id, \"-application-manageresources-display-component---newResourceUnit--RUTimeSegment-0-arrow\")])[6]"}
COMMAND: POST /session/4e36bf80fbca1927c571a30744d2eac8/element/f.F4B8E6AEE0F35DB2CB5FDCA58BEB4CC0.d.B91A2C51EE4718809FDCD7A9015BDFF7.e.10301/click - {}
RESULT: {}
COMMAND: GET /session/4e36bf80fbca1927c571a30744d2eac8/screenshot - {}
RESULT: {}
COMMAND: POST /session/4e36bf80fbca1927c571a30744d2eac8/element - {"using":"xpath","value":"//span[contains(text(), \"PM Order\")]"}
RESULT: {"using":"xpath","value":"//span[contains(text(), \"PM Order\")]"}
COMMAND: POST /session/4e36bf80fbca1927c571a30744d2eac8/element/f.F4B8E6AEE0F35DB2CB5FDCA58BEB4CC0.d.B91A2C51EE4718809FDCD7A9015BDFF7.e.10304/click - {}
RESULT: {}
COMMAND: GET /session/4e36bf80fbca1927c571a30744d2eac8/screenshot - {}
RESULT: {}
COMMAND: POST /session/4e36bf80fbca1927c571a30744d2eac8/element - {"using":"xpath","value":"(//span[contains(@id ,\"manageresources-display-component---newResourceUnit--RUTimeSegment-0-vhi\")])[1]"}
RESULT: {"using":"xpath","value":"(//span[contains(@id ,\"manageresources-display-component---newResourceUnit--RUTimeSegment-0-vhi\")])[1]"}
COMMAND: GET /session/4e36bf80fbca1927c571a30744d2eac8/element/f.F4B8E6AEE0F35DB2CB5FDCA58BEB4CC0.d.B91A2C51EE4718809FDCD7A9015BDFF7.e.10308/rect - {}
RESULT: {}
COMMAND: GET /session/4e36bf80fbca1927c571a30744d2eac8/window/rect - {}
RESULT: {}
COMMAND: POST /session/4e36bf80fbca1927c571a30744d2eac8/execute/sync - {"script":"<script> [92 bytes]","args":[]}
RESULT: {"script":"<script> [92 bytes]","args":[]}
COMMAND: POST /session/4e36bf80fbca1927c571a30744d2eac8/actions - {"actions":[{"id":"action50","type":"wheel","parameters":{},"actions":[{"type":"scroll","x":-869,"y":-24,"deltaX":0,"deltaY":0,"duration":0,"origin":{"element-6066-11e4-a52e-4f735466cecf":"f.F4B8E6AEE0F35DB2CB5FDCA58BEB4CC0.d.B91A2C51EE4718809FDCD7A9015BDFF7.e.10308"}}]}]}
COMMAND: GET /session/4e36bf80fbca1927c571a30744d2eac8/screenshot - {}
RESULT: {"actions":[{"id":"action50","type":"wheel","parameters":{},"actions":[{"type":"scroll","x":-869,"y":-24,"deltaX":0,"deltaY":0,"duration":0,"origin":{"element-6066-11e4-a52e-4f735466cecf":"f.F4B8E6AEE0F35DB2CB5FDCA58BEB4CC0.d.B91A2C51EE4718809FDCD7A9015BDFF7.e.10308"}}]}]}
COMMAND: DELETE /session/4e36bf80fbca1927c571a30744d2eac8/actions - {}
COMMAND: GET /session/4e36bf80fbca1927c571a30744d2eac8/screenshot - {}
RESULT: {}
RESULT: {}
COMMAND: GET /session/4e36bf80fbca1927c571a30744d2eac8/screenshot - {}
RESULT: {}
RESULT: {}
COMMAND: POST /session/4e36bf80fbca1927c571a30744d2eac8/element/f.F4B8E6AEE0F35DB2CB5FDCA58BEB4CC0.d.B91A2C51EE4718809FDCD7A9015BDFF7.e.10308/click - {}
COMMAND: POST /session/4e36bf80fbca1927c571a30744d2eac8/execute/async - {"script":"<script> [1562 bytes]","args":[{"selector":{"controlType":"sap.m.SearchField","properties":{"placeholder":"Search"},"searchOpenDialogs":true,"interaction":{"idSuffix":"I"}},"wdio_ui5_key":"sapm.SearchField{\"placeholder\":\"Search\"}"}]}
RESULT: {}
COMMAND: GET /session/4e36bf80fbca1927c571a30744d2eac8/screenshot - {}
RESULT: {"script":"<script> [1562 bytes]","args":[{"selector":{"controlType":"sap.m.SearchField","properties":{"placeholder":"Search"},"searchOpenDialogs":true,"interaction":{"idSuffix":"I"}},"wdio_ui5_key":"sapm.SearchField{\"placeholder\":\"Search\"}"}]}
RESULT: undefined
COMMAND: POST /session/4e36bf80fbca1927c571a30744d2eac8/execute/async - {"script":"<script> [776 bytes]","args":[{"enterText":"4000360","selector":{"controlType":"sap.m.SearchField","properties":{"placeholder":"Search"},"searchOpenDialogs":true,"interaction":{"idSuffix":"I"}},"clearTextFirst":true,"interactionType":"ENTER_TEXT"}]}
RESULT: {}
RESULT: {"script":"<script> [776 bytes]","args":[{"enterText":"4000360","selector":{"controlType":"sap.m.SearchField","properties":{"placeholder":"Search"},"searchOpenDialogs":true,"interaction":{"idSuffix":"I"}},"clearTextFirst":true,"interactionType":"ENTER_TEXT"}]}
COMMAND: POST /session/4e36bf80fbca1927c571a30744d2eac8/actions - {"actions":[{"id":"action51","type":"key","parameters":{},"actions":[{"type":"keyDown","value":"î€‡"},{"type":"pause","duration":10},{"type":"keyUp","value":"î€‡"}]}]}
RESULT: {"actions":[{"id":"action51","type":"key","parameters":{},"actions":[{"type":"keyDown","value":"î€‡"},{"type":"pause","duration":10},{"type":"keyUp","value":"î€‡"}]}]}
COMMAND: GET /session/4e36bf80fbca1927c571a30744d2eac8/screenshot - {}
RESULT: {}
COMMAND: POST /session/4e36bf80fbca1927c571a30744d2eac8/element - {"using":"xpath","value":"//td/div/span[contains(text(), \"BGL Vehicles\")]"}
RESULT: {"using":"xpath","value":"//td/div/span[contains(text(), \"BGL Vehicles\")]"}
COMMAND: POST /session/4e36bf80fbca1927c571a30744d2eac8/element/f.F4B8E6AEE0F35DB2CB5FDCA58BEB4CC0.d.B91A2C51EE4718809FDCD7A9015BDFF7.e.10331/click - {}
RESULT: {}
COMMAND: GET /session/4e36bf80fbca1927c571a30744d2eac8/screenshot - {}
RESULT: {}
COMMAND: POST /session/4e36bf80fbca1927c571a30744d2eac8/element - {"using":"xpath","value":"//bdi[contains(text(), \"OK\")]"}
RESULT: {"using":"xpath","value":"//bdi[contains(text(), \"OK\")]"}
COMMAND: POST /session/4e36bf80fbca1927c571a30744d2eac8/element/f.F4B8E6AEE0F35DB2CB5FDCA58BEB4CC0.d.B91A2C51EE4718809FDCD7A9015BDFF7.e.10332/click - {}
RESULT: {}
COMMAND: GET /session/4e36bf80fbca1927c571a30744d2eac8/screenshot - {}
RESULT: {}
COMMAND: POST /session/4e36bf80fbca1927c571a30744d2eac8/execute/async - {"script":"<script> [1562 bytes]","args":[{"selector":{"id":"application-manageresources-display-component---newResourceUnit--newRRUPage-anchBar-application-manageresources-display-component---newResourceUnit--resource-anchor","interaction":{"idSuffix":"BDI-content"}},"wdio_ui5_key":"applicationmanageresources-display-component---newResourceUnit--newRRUPage-anchBar-application-manageresources-display-component---newResourceUnit--resource-anchor"}]}
RESULT: {"script":"<script> [1562 bytes]","args":[{"selector":{"id":"application-manageresources-display-component---newResourceUnit--newRRUPage-anchBar-application-manageresources-display-component---newResourceUnit--resource-anchor","interaction":{"idSuffix":"BDI-content"}},"wdio_ui5_key":"applicationmanageresources-display-component---newResourceUnit--newRRUPage-anchBar-application-manageresources-display-component---newResourceUnit--resource-anchor"}]}
RESULT: undefined
COMMAND: POST /session/4e36bf80fbca1927c571a30744d2eac8/element - {"using":"xpath","value":"//*[@id=\"application-manageresources-display-component---newResourceUnit--newRRUPage-anchBar-application-manageresources-display-component---newResourceUnit--resource-anchor\"]"}
RESULT: {"using":"xpath","value":"//*[@id=\"application-manageresources-display-component---newResourceUnit--newRRUPage-anchBar-application-manageresources-display-component---newResourceUnit--resource-anchor\"]"}
COMMAND: POST /session/4e36bf80fbca1927c571a30744d2eac8/element/f.F4B8E6AEE0F35DB2CB5FDCA58BEB4CC0.d.B91A2C51EE4718809FDCD7A9015BDFF7.e.10336/click - {}
RESULT: {}
COMMAND: POST /session/4e36bf80fbca1927c571a30744d2eac8/execute/async - {"script":"<script> [1562 bytes]","args":[{"selector":{"id":"application-manageresources-display-component---newResourceUnit--PLANNED_DELIVERY_DATE","interaction":{"idSuffix":"inner"}},"wdio_ui5_key":"applicationmanageresources-display-component---newResourceUnit--PLANNED_DELIVERY_DATE"}]}
COMMAND: GET /session/4e36bf80fbca1927c571a30744d2eac8/screenshot - {}
RESULT: {"script":"<script> [1562 bytes]","args":[{"selector":{"id":"application-manageresources-display-component---newResourceUnit--PLANNED_DELIVERY_DATE","interaction":{"idSuffix":"inner"}},"wdio_ui5_key":"applicationmanageresources-display-component---newResourceUnit--PLANNED_DELIVERY_DATE"}]}
RESULT: undefined
COMMAND: POST /session/4e36bf80fbca1927c571a30744d2eac8/execute/async - {"script":"<script> [6424 bytes]","args":[{"element-6066-11e4-a52e-4f735466cecf":"f.F4B8E6AEE0F35DB2CB5FDCA58BEB4CC0.d.B91A2C51EE4718809FDCD7A9015BDFF7.e.10199"},"setValue",["5/13/25"]]}
RESULT: {}
RESULT: {"script":"<script> [6424 bytes]","args":[{"element-6066-11e4-a52e-4f735466cecf":"f.F4B8E6AEE0F35DB2CB5FDCA58BEB4CC0.d.B91A2C51EE4718809FDCD7A9015BDFF7.e.10199"},"setValue",["5/13/25"]]}
COMMAND: POST /session/4e36bf80fbca1927c571a30744d2eac8/element - {"using":"xpath","value":"//label[contains(@class, 'sapMLabelRequired') and .//bdi[contains(text(), 'Planned Retirement')]]"}
RESULT: {"using":"xpath","value":"//label[contains(@class, 'sapMLabelRequired') and .//bdi[contains(text(), 'Planned Retirement')]]"}
COMMAND: POST /session/4e36bf80fbca1927c571a30744d2eac8/elements - {"using":"xpath","value":"//label[contains(@class, 'sapMLabelRequired') and .//bdi[contains(text(), 'Planned Retirement')]]"}
RESULT: {"using":"xpath","value":"//label[contains(@class, 'sapMLabelRequired') and .//bdi[contains(text(), 'Planned Retirement')]]"}
COMMAND: POST /session/4e36bf80fbca1927c571a30744d2eac8/element - {"using":"xpath","value":"//button[@data-kt=\"resourceUnitSaveButton\"]"}
RESULT: {"using":"xpath","value":"//button[@data-kt=\"resourceUnitSaveButton\"]"}
COMMAND: POST /session/4e36bf80fbca1927c571a30744d2eac8/element/f.F4B8E6AEE0F35DB2CB5FDCA58BEB4CC0.d.B91A2C51EE4718809FDCD7A9015BDFF7.e.10159/click - {}
RESULT: {}
COMMAND: GET /session/4e36bf80fbca1927c571a30744d2eac8/screenshot - {}
RESULT: {}
COMMAND: POST /session/4e36bf80fbca1927c571a30744d2eac8/element - {"using":"xpath","value":"//bdi[contains(text(), \"Close\")]"}
RESULT: {"using":"xpath","value":"//bdi[contains(text(), \"Close\")]"}
COMMAND: POST /session/4e36bf80fbca1927c571a30744d2eac8/element/f.F4B8E6AEE0F35DB2CB5FDCA58BEB4CC0.d.B91A2C51EE4718809FDCD7A9015BDFF7.e.10344/click - {}
RESULT: {}
COMMAND: GET /session/4e36bf80fbca1927c571a30744d2eac8/screenshot - {}
RESULT: {}
COMMAND: POST /session/4e36bf80fbca1927c571a30744d2eac8/element - {"using":"xpath","value":"(//button[contains(@id ,\"actionsToolbar-overflowButton\")])[1]"}
RESULT: {"using":"xpath","value":"(//button[contains(@id ,\"actionsToolbar-overflowButton\")])[1]"}
COMMAND: POST /session/4e36bf80fbca1927c571a30744d2eac8/element/f.F4B8E6AEE0F35DB2CB5FDCA58BEB4CC0.d.B91A2C51EE4718809FDCD7A9015BDFF7.e.10397/click - {}
RESULT: {}
COMMAND: GET /session/4e36bf80fbca1927c571a30744d2eac8/screenshot - {}
RESULT: {}
COMMAND: POST /session/4e36bf80fbca1927c571a30744d2eac8/element - {"using":"xpath","value":"//button[@data-kt=\"priceInfoButton\"]"}
RESULT: {"using":"xpath","value":"//button[@data-kt=\"priceInfoButton\"]"}
COMMAND: POST /session/4e36bf80fbca1927c571a30744d2eac8/element/f.F4B8E6AEE0F35DB2CB5FDCA58BEB4CC0.d.B91A2C51EE4718809FDCD7A9015BDFF7.e.10399/click - {}
RESULT: {}
COMMAND: GET /session/4e36bf80fbca1927c571a30744d2eac8/screenshot - {}
]]></system-out>
    </testcase>
    <testcase classname="chrome.136_0_7103_49.windows.Create_Reverse_Billing_US127248" name="Should create a pricing procedure" time="53.843">
      <system-out><![CDATA[
COMMAND: POST /session/4e36bf80fbca1927c571a30744d2eac8/element - {"using":"xpath","value":"//button[@data-kt=\"addButton\"]"}
RESULT: {}
RESULT: {"using":"xpath","value":"//button[@data-kt=\"addButton\"]"}
COMMAND: POST /session/4e36bf80fbca1927c571a30744d2eac8/elements - {"using":"xpath","value":"//button[@data-kt=\"addButton\"]"}
RESULT: {"using":"xpath","value":"//button[@data-kt=\"addButton\"]"}
COMMAND: POST /session/4e36bf80fbca1927c571a30744d2eac8/element - {"using":"xpath","value":"//button[@data-kt=\"addButton\"]"}
RESULT: {"using":"xpath","value":"//button[@data-kt=\"addButton\"]"}
COMMAND: POST /session/4e36bf80fbca1927c571a30744d2eac8/execute/sync - {"script":"<script> [8489 bytes]","args":[{"element-6066-11e4-a52e-4f735466cecf":"f.F4B8E6AEE0F35DB2CB5FDCA58BEB4CC0.d.B91A2C51EE4718809FDCD7A9015BDFF7.e.10435","ELEMENT":"f.F4B8E6AEE0F35DB2CB5FDCA58BEB4CC0.d.B91A2C51EE4718809FDCD7A9015BDFF7.e.10435"}]}
RESULT: {"script":"<script> [8489 bytes]","args":[{"element-6066-11e4-a52e-4f735466cecf":"f.F4B8E6AEE0F35DB2CB5FDCA58BEB4CC0.d.B91A2C51EE4718809FDCD7A9015BDFF7.e.10435","ELEMENT":"f.F4B8E6AEE0F35DB2CB5FDCA58BEB4CC0.d.B91A2C51EE4718809FDCD7A9015BDFF7.e.10435"}]}
COMMAND: GET /session/4e36bf80fbca1927c571a30744d2eac8/element/f.F4B8E6AEE0F35DB2CB5FDCA58BEB4CC0.d.B91A2C51EE4718809FDCD7A9015BDFF7.e.10435/enabled - {}
COMMAND: GET /session/4e36bf80fbca1927c571a30744d2eac8/screenshot - {}
RESULT: {}
COMMAND: POST /session/4e36bf80fbca1927c571a30744d2eac8/execute/sync - {"script":"<script> [8489 bytes]","args":[{"element-6066-11e4-a52e-4f735466cecf":"f.F4B8E6AEE0F35DB2CB5FDCA58BEB4CC0.d.B91A2C51EE4718809FDCD7A9015BDFF7.e.10435","ELEMENT":"f.F4B8E6AEE0F35DB2CB5FDCA58BEB4CC0.d.B91A2C51EE4718809FDCD7A9015BDFF7.e.10435"}]}
COMMAND: GET /session/4e36bf80fbca1927c571a30744d2eac8/screenshot - {}
RESULT: {}
RESULT: {"script":"<script> [8489 bytes]","args":[{"element-6066-11e4-a52e-4f735466cecf":"f.F4B8E6AEE0F35DB2CB5FDCA58BEB4CC0.d.B91A2C51EE4718809FDCD7A9015BDFF7.e.10435","ELEMENT":"f.F4B8E6AEE0F35DB2CB5FDCA58BEB4CC0.d.B91A2C51EE4718809FDCD7A9015BDFF7.e.10435"}]}
COMMAND: POST /session/4e36bf80fbca1927c571a30744d2eac8/execute/sync - {"script":"<script> [5351 bytes]","args":[{"element-6066-11e4-a52e-4f735466cecf":"f.F4B8E6AEE0F35DB2CB5FDCA58BEB4CC0.d.B91A2C51EE4718809FDCD7A9015BDFF7.e.10435","ELEMENT":"f.F4B8E6AEE0F35DB2CB5FDCA58BEB4CC0.d.B91A2C51EE4718809FDCD7A9015BDFF7.e.10435"}]}
COMMAND: GET /session/4e36bf80fbca1927c571a30744d2eac8/screenshot - {}
RESULT: {}
RESULT: {"script":"<script> [5351 bytes]","args":[{"element-6066-11e4-a52e-4f735466cecf":"f.F4B8E6AEE0F35DB2CB5FDCA58BEB4CC0.d.B91A2C51EE4718809FDCD7A9015BDFF7.e.10435","ELEMENT":"f.F4B8E6AEE0F35DB2CB5FDCA58BEB4CC0.d.B91A2C51EE4718809FDCD7A9015BDFF7.e.10435"}]}
COMMAND: POST /session/4e36bf80fbca1927c571a30744d2eac8/element/f.F4B8E6AEE0F35DB2CB5FDCA58BEB4CC0.d.B91A2C51EE4718809FDCD7A9015BDFF7.e.10435/click - {}
COMMAND: GET /session/4e36bf80fbca1927c571a30744d2eac8/screenshot - {}
RESULT: {}
RESULT: {}
COMMAND: GET /session/4e36bf80fbca1927c571a30744d2eac8/screenshot - {}
RESULT: {}
RESULT: {}
COMMAND: POST /session/4e36bf80fbca1927c571a30744d2eac8/execute/async - {"script":"<script> [1562 bytes]","args":[{"selector":{"controlType":"sap.m.Title","viewName":"etm.portal.ui.managepricingrules.view.NewItem","viewId":"application-managepricingrules-display-component---newInfoPriceItem","properties":{"text":"New Pricing Rules - Item Level"}},"wdio_ui5_key":"etmportal.ui.managepricingrules.view.NewItemsap.m.Title{\"text\":\"New Pricing Rules - Item Level\"}"}]}
RESULT: {"script":"<script> [1562 bytes]","args":[{"selector":{"controlType":"sap.m.Title","viewName":"etm.portal.ui.managepricingrules.view.NewItem","viewId":"application-managepricingrules-display-component---newInfoPriceItem","properties":{"text":"New Pricing Rules - Item Level"}},"wdio_ui5_key":"etmportal.ui.managepricingrules.view.NewItemsap.m.Title{\"text\":\"New Pricing Rules - Item Level\"}"}]}
RESULT: undefined
COMMAND: POST /session/4e36bf80fbca1927c571a30744d2eac8/execute/async - {"script":"<script> [6424 bytes]","args":[{"element-6066-11e4-a52e-4f735466cecf":"f.F4B8E6AEE0F35DB2CB5FDCA58BEB4CC0.d.B91A2C51EE4718809FDCD7A9015BDFF7.e.10594"},"getText",[]]}
RESULT: {"script":"<script> [6424 bytes]","args":[{"element-6066-11e4-a52e-4f735466cecf":"f.F4B8E6AEE0F35DB2CB5FDCA58BEB4CC0.d.B91A2C51EE4718809FDCD7A9015BDFF7.e.10594"},"getText",[]]}
COMMAND: POST /session/4e36bf80fbca1927c571a30744d2eac8/execute/async - {"script":"<script> [1562 bytes]","args":[{"selector":{"id":"application-managepricingrules-display-component---newInfoPriceItem--condValidTo","interaction":{"idSuffix":"inner"}},"wdio_ui5_key":"applicationmanagepricingrules-display-component---newInfoPriceItem--condValidTo"}]}
RESULT: {"script":"<script> [1562 bytes]","args":[{"selector":{"id":"application-managepricingrules-display-component---newInfoPriceItem--condValidTo","interaction":{"idSuffix":"inner"}},"wdio_ui5_key":"applicationmanagepricingrules-display-component---newInfoPriceItem--condValidTo"}]}
RESULT: undefined
COMMAND: POST /session/4e36bf80fbca1927c571a30744d2eac8/execute/async - {"script":"<script> [776 bytes]","args":[{"enterText":"01/13/26","selector":{"id":"application-managepricingrules-display-component---newInfoPriceItem--condValidTo","interaction":{"idSuffix":"inner"}},"clearTextFirst":true,"interactionType":"ENTER_TEXT"}]}
RESULT: {"script":"<script> [776 bytes]","args":[{"enterText":"01/13/26","selector":{"id":"application-managepricingrules-display-component---newInfoPriceItem--condValidTo","interaction":{"idSuffix":"inner"}},"clearTextFirst":true,"interactionType":"ENTER_TEXT"}]}
COMMAND: POST /session/4e36bf80fbca1927c571a30744d2eac8/execute/async - {"script":"<script> [1562 bytes]","args":[{"selector":{"id":"application-managepricingrules-display-component---newInfoPriceItem--billType-arrow"},"wdio_ui5_key":"applicationmanagepricingrules-display-component---newInfoPriceItem--billType-arrow"}]}
RESULT: {"script":"<script> [1562 bytes]","args":[{"selector":{"id":"application-managepricingrules-display-component---newInfoPriceItem--billType-arrow"},"wdio_ui5_key":"applicationmanagepricingrules-display-component---newInfoPriceItem--billType-arrow"}]}
RESULT: undefined
COMMAND: POST /session/4e36bf80fbca1927c571a30744d2eac8/element - {"using":"xpath","value":"//*[@id=\"application-managepricingrules-display-component---newInfoPriceItem--billType-arrow\"]"}
RESULT: {"using":"xpath","value":"//*[@id=\"application-managepricingrules-display-component---newInfoPriceItem--billType-arrow\"]"}
COMMAND: POST /session/4e36bf80fbca1927c571a30744d2eac8/element/f.F4B8E6AEE0F35DB2CB5FDCA58BEB4CC0.d.B91A2C51EE4718809FDCD7A9015BDFF7.e.10596/click - {}
RESULT: {}
COMMAND: POST /session/4e36bf80fbca1927c571a30744d2eac8/element - {"using":"xpath","value":"//span[contains(text(), \"TB - Time based\")]"}
COMMAND: GET /session/4e36bf80fbca1927c571a30744d2eac8/screenshot - {}
RESULT: {"using":"xpath","value":"//span[contains(text(), \"TB - Time based\")]"}
COMMAND: POST /session/4e36bf80fbca1927c571a30744d2eac8/element/f.F4B8E6AEE0F35DB2CB5FDCA58BEB4CC0.d.B91A2C51EE4718809FDCD7A9015BDFF7.e.10597/click - {}
RESULT: {}
RESULT: {}
COMMAND: POST /session/4e36bf80fbca1927c571a30744d2eac8/execute/async - {"script":"<script> [1562 bytes]","args":[{"selector":{"id":"application-managepricingrules-display-component---newInfoPriceItem--priceProc-arrow"},"wdio_ui5_key":"applicationmanagepricingrules-display-component---newInfoPriceItem--priceProc-arrow"}]}
COMMAND: GET /session/4e36bf80fbca1927c571a30744d2eac8/screenshot - {}
RESULT: {"script":"<script> [1562 bytes]","args":[{"selector":{"id":"application-managepricingrules-display-component---newInfoPriceItem--priceProc-arrow"},"wdio_ui5_key":"applicationmanagepricingrules-display-component---newInfoPriceItem--priceProc-arrow"}]}
RESULT: undefined
COMMAND: POST /session/4e36bf80fbca1927c571a30744d2eac8/element - {"using":"xpath","value":"//*[@id=\"application-managepricingrules-display-component---newInfoPriceItem--priceProc-arrow\"]"}
RESULT: {}
RESULT: {"using":"xpath","value":"//*[@id=\"application-managepricingrules-display-component---newInfoPriceItem--priceProc-arrow\"]"}
COMMAND: POST /session/4e36bf80fbca1927c571a30744d2eac8/element/f.F4B8E6AEE0F35DB2CB5FDCA58BEB4CC0.d.B91A2C51EE4718809FDCD7A9015BDFF7.e.10562/click - {}
RESULT: {}
COMMAND: POST /session/4e36bf80fbca1927c571a30744d2eac8/element - {"using":"xpath","value":"//span[contains(text(), \"TBS - Time based standard\")]"}
COMMAND: GET /session/4e36bf80fbca1927c571a30744d2eac8/screenshot - {}
RESULT: {"using":"xpath","value":"//span[contains(text(), \"TBS - Time based standard\")]"}
COMMAND: POST /session/4e36bf80fbca1927c571a30744d2eac8/element/f.F4B8E6AEE0F35DB2CB5FDCA58BEB4CC0.d.B91A2C51EE4718809FDCD7A9015BDFF7.e.10598/click - {}
RESULT: {}
RESULT: {}
COMMAND: POST /session/4e36bf80fbca1927c571a30744d2eac8/execute/async - {"script":"<script> [1562 bytes]","args":[{"selector":{"id":"application-managepricingrules-display-component---newInfoPriceItem--calcBase-arrow"},"wdio_ui5_key":"applicationmanagepricingrules-display-component---newInfoPriceItem--calcBase-arrow"}]}
COMMAND: GET /session/4e36bf80fbca1927c571a30744d2eac8/screenshot - {}
RESULT: {"script":"<script> [1562 bytes]","args":[{"selector":{"id":"application-managepricingrules-display-component---newInfoPriceItem--calcBase-arrow"},"wdio_ui5_key":"applicationmanagepricingrules-display-component---newInfoPriceItem--calcBase-arrow"}]}
RESULT: undefined
COMMAND: POST /session/4e36bf80fbca1927c571a30744d2eac8/element - {"using":"xpath","value":"//*[@id=\"application-managepricingrules-display-component---newInfoPriceItem--calcBase-arrow\"]"}
RESULT: {}
RESULT: {"using":"xpath","value":"//*[@id=\"application-managepricingrules-display-component---newInfoPriceItem--calcBase-arrow\"]"}
COMMAND: POST /session/4e36bf80fbca1927c571a30744d2eac8/element/f.F4B8E6AEE0F35DB2CB5FDCA58BEB4CC0.d.B91A2C51EE4718809FDCD7A9015BDFF7.e.10569/click - {}
RESULT: {}
COMMAND: GET /session/4e36bf80fbca1927c571a30744d2eac8/screenshot - {}
RESULT: {}
COMMAND: POST /session/4e36bf80fbca1927c571a30744d2eac8/element - {"using":"xpath","value":"//span[contains(text(), \"0006 - TB(calendar days)\")]"}
RESULT: {"using":"xpath","value":"//span[contains(text(), \"0006 - TB(calendar days)\")]"}
COMMAND: POST /session/4e36bf80fbca1927c571a30744d2eac8/element/f.F4B8E6AEE0F35DB2CB5FDCA58BEB4CC0.d.B91A2C51EE4718809FDCD7A9015BDFF7.e.10599/click - {}
RESULT: {}
COMMAND: GET /session/4e36bf80fbca1927c571a30744d2eac8/screenshot - {}
RESULT: {}
COMMAND: POST /session/4e36bf80fbca1927c571a30744d2eac8/execute/async - {"script":"<script> [1562 bytes]","args":[{"selector":{"id":"application-managepricingrules-display-component---newInfoPriceItem--daysMonth","interaction":{"idSuffix":"inner"}},"wdio_ui5_key":"applicationmanagepricingrules-display-component---newInfoPriceItem--daysMonth"}]}
RESULT: {"script":"<script> [1562 bytes]","args":[{"selector":{"id":"application-managepricingrules-display-component---newInfoPriceItem--daysMonth","interaction":{"idSuffix":"inner"}},"wdio_ui5_key":"applicationmanagepricingrules-display-component---newInfoPriceItem--daysMonth"}]}
RESULT: undefined
COMMAND: POST /session/4e36bf80fbca1927c571a30744d2eac8/execute/async - {"script":"<script> [776 bytes]","args":[{"enterText":"30","selector":{"id":"application-managepricingrules-display-component---newInfoPriceItem--daysMonth","interaction":{"idSuffix":"inner"}},"clearTextFirst":true,"interactionType":"ENTER_TEXT"}]}
RESULT: {"script":"<script> [776 bytes]","args":[{"enterText":"30","selector":{"id":"application-managepricingrules-display-component---newInfoPriceItem--daysMonth","interaction":{"idSuffix":"inner"}},"clearTextFirst":true,"interactionType":"ENTER_TEXT"}]}
COMMAND: POST /session/4e36bf80fbca1927c571a30744d2eac8/element - {"using":"xpath","value":"//button[@data-kt=\"saveNewRuleButton\"]"}
RESULT: {"using":"xpath","value":"//button[@data-kt=\"saveNewRuleButton\"]"}
COMMAND: POST /session/4e36bf80fbca1927c571a30744d2eac8/element/f.F4B8E6AEE0F35DB2CB5FDCA58BEB4CC0.d.B91A2C51EE4718809FDCD7A9015BDFF7.e.10585/click - {}
RESULT: {}
COMMAND: GET /session/4e36bf80fbca1927c571a30744d2eac8/screenshot - {}
RESULT: {}
COMMAND: POST /session/4e36bf80fbca1927c571a30744d2eac8/execute/async - {"script":"<script> [1562 bytes]","args":[{"selector":{"id":"application-managepricingrules-display-component---priceInfoItem--smartFilterBar-btnBasicSearch","interaction":{"idSuffix":"I"}},"wdio_ui5_key":"applicationmanagepricingrules-display-component---priceInfoItem--smartFilterBar-btnBasicSearch"}]}
RESULT: {"script":"<script> [1562 bytes]","args":[{"selector":{"id":"application-managepricingrules-display-component---priceInfoItem--smartFilterBar-btnBasicSearch","interaction":{"idSuffix":"I"}},"wdio_ui5_key":"applicationmanagepricingrules-display-component---priceInfoItem--smartFilterBar-btnBasicSearch"}]}
RESULT: undefined
COMMAND: POST /session/4e36bf80fbca1927c571a30744d2eac8/execute/async - {"script":"<script> [776 bytes]","args":[{"enterText":"UpvgOt9uR1","selector":{"id":"application-managepricingrules-display-component---priceInfoItem--smartFilterBar-btnBasicSearch","interaction":{"idSuffix":"I"}},"clearTextFirst":true,"interactionType":"ENTER_TEXT"}]}
RESULT: {"script":"<script> [776 bytes]","args":[{"enterText":"UpvgOt9uR1","selector":{"id":"application-managepricingrules-display-component---priceInfoItem--smartFilterBar-btnBasicSearch","interaction":{"idSuffix":"I"}},"clearTextFirst":true,"interactionType":"ENTER_TEXT"}]}
COMMAND: POST /session/4e36bf80fbca1927c571a30744d2eac8/actions - {"actions":[{"id":"action52","type":"key","parameters":{},"actions":[{"type":"keyDown","value":"î€‡"},{"type":"pause","duration":10},{"type":"keyUp","value":"î€‡"}]}]}
RESULT: {"actions":[{"id":"action52","type":"key","parameters":{},"actions":[{"type":"keyDown","value":"î€‡"},{"type":"pause","duration":10},{"type":"keyUp","value":"î€‡"}]}]}
COMMAND: GET /session/4e36bf80fbca1927c571a30744d2eac8/screenshot - {}
RESULT: {}
COMMAND: POST /session/4e36bf80fbca1927c571a30744d2eac8/element - {"using":"xpath","value":"//span[@id=\"application-managepricingrules-display-component---priceInfoItem--smartTable-header-inner\"]"}
RESULT: {"using":"xpath","value":"//span[@id=\"application-managepricingrules-display-component---priceInfoItem--smartTable-header-inner\"]"}
COMMAND: POST /session/4e36bf80fbca1927c571a30744d2eac8/elements - {"using":"xpath","value":"//span[@id=\"application-managepricingrules-display-component---priceInfoItem--smartTable-header-inner\"]"}
RESULT: {"using":"xpath","value":"//span[@id=\"application-managepricingrules-display-component---priceInfoItem--smartTable-header-inner\"]"}
COMMAND: POST /session/4e36bf80fbca1927c571a30744d2eac8/execute/sync - {"script":"<script> [56 bytes]","args":[{"element-6066-11e4-a52e-4f735466cecf":"f.F4B8E6AEE0F35DB2CB5FDCA58BEB4CC0.d.B91A2C51EE4718809FDCD7A9015BDFF7.e.10622","ELEMENT":"f.F4B8E6AEE0F35DB2CB5FDCA58BEB4CC0.d.B91A2C51EE4718809FDCD7A9015BDFF7.e.10622"}]}
RESULT: {"script":"<script> [56 bytes]","args":[{"element-6066-11e4-a52e-4f735466cecf":"f.F4B8E6AEE0F35DB2CB5FDCA58BEB4CC0.d.B91A2C51EE4718809FDCD7A9015BDFF7.e.10622","ELEMENT":"f.F4B8E6AEE0F35DB2CB5FDCA58BEB4CC0.d.B91A2C51EE4718809FDCD7A9015BDFF7.e.10622"}]}
COMMAND: POST /session/4e36bf80fbca1927c571a30744d2eac8/element - {"using":"css selector","value":"#shell-header-logo"}
COMMAND: GET /session/4e36bf80fbca1927c571a30744d2eac8/screenshot - {}
RESULT: {"using":"css selector","value":"#shell-header-logo"}
COMMAND: POST /session/4e36bf80fbca1927c571a30744d2eac8/element/f.F4B8E6AEE0F35DB2CB5FDCA58BEB4CC0.d.B91A2C51EE4718809FDCD7A9015BDFF7.e.9755/click - {}
RESULT: {}
RESULT: {}
COMMAND: GET /session/4e36bf80fbca1927c571a30744d2eac8/screenshot - {}
RESULT: {}
]]></system-out>
    </testcase>
    <testcase classname="chrome.136_0_7103_49.windows.Create_Reverse_Billing_US127248" name="Should manage conditions" time="72.78">
      <system-out><![CDATA[
COMMAND: POST /session/4e36bf80fbca1927c571a30744d2eac8/execute/async - {"script":"<script> [1562 bytes]","args":[{"selector":{"controlType":"sap.m.Text","properties":{"text":"Manage Conditions & Prices"},"interaction":{"idSuffix":"inner"}},"wdio_ui5_key":"sapm.Text{\"text\":\"Manage Conditions & Prices\"}"}]}
RESULT: {"script":"<script> [1562 bytes]","args":[{"selector":{"controlType":"sap.m.Text","properties":{"text":"Manage Conditions & Prices"},"interaction":{"idSuffix":"inner"}},"wdio_ui5_key":"sapm.Text{\"text\":\"Manage Conditions & Prices\"}"}]}
RESULT: undefined
COMMAND: POST /session/4e36bf80fbca1927c571a30744d2eac8/element - {"using":"xpath","value":"//*[@id=\"__tile53-title\"]"}
RESULT: {"using":"xpath","value":"//*[@id=\"__tile53-title\"]"}
COMMAND: POST /session/4e36bf80fbca1927c571a30744d2eac8/element/f.F4B8E6AEE0F35DB2CB5FDCA58BEB4CC0.d.B91A2C51EE4718809FDCD7A9015BDFF7.e.10625/click - {}
RESULT: {}
COMMAND: POST /session/4e36bf80fbca1927c571a30744d2eac8/element - {"using":"xpath","value":"//button[@aria-label=\"Create\"]"}
COMMAND: GET /session/4e36bf80fbca1927c571a30744d2eac8/screenshot - {}
RESULT: {"using":"xpath","value":"//button[@aria-label=\"Create\"]"}
COMMAND: POST /session/4e36bf80fbca1927c571a30744d2eac8/elements - {"using":"xpath","value":"//button[@aria-label=\"Create\"]"}
RESULT: {}
RESULT: {"using":"xpath","value":"//button[@aria-label=\"Create\"]"}
COMMAND: POST /session/4e36bf80fbca1927c571a30744d2eac8/element - {"using":"xpath","value":"//button[@aria-label=\"Create\"]"}
RESULT: {"using":"xpath","value":"//button[@aria-label=\"Create\"]"}
COMMAND: POST /session/4e36bf80fbca1927c571a30744d2eac8/execute/sync - {"script":"<script> [8489 bytes]","args":[{"element-6066-11e4-a52e-4f735466cecf":"f.F4B8E6AEE0F35DB2CB5FDCA58BEB4CC0.d.B91A2C51EE4718809FDCD7A9015BDFF7.e.10659","ELEMENT":"f.F4B8E6AEE0F35DB2CB5FDCA58BEB4CC0.d.B91A2C51EE4718809FDCD7A9015BDFF7.e.10659"}]}
RESULT: {"script":"<script> [8489 bytes]","args":[{"element-6066-11e4-a52e-4f735466cecf":"f.F4B8E6AEE0F35DB2CB5FDCA58BEB4CC0.d.B91A2C51EE4718809FDCD7A9015BDFF7.e.10659","ELEMENT":"f.F4B8E6AEE0F35DB2CB5FDCA58BEB4CC0.d.B91A2C51EE4718809FDCD7A9015BDFF7.e.10659"}]}
COMMAND: GET /session/4e36bf80fbca1927c571a30744d2eac8/element/f.F4B8E6AEE0F35DB2CB5FDCA58BEB4CC0.d.B91A2C51EE4718809FDCD7A9015BDFF7.e.10659/enabled - {}
COMMAND: GET /session/4e36bf80fbca1927c571a30744d2eac8/screenshot - {}
RESULT: {}
COMMAND: POST /session/4e36bf80fbca1927c571a30744d2eac8/execute/sync - {"script":"<script> [8489 bytes]","args":[{"element-6066-11e4-a52e-4f735466cecf":"f.F4B8E6AEE0F35DB2CB5FDCA58BEB4CC0.d.B91A2C51EE4718809FDCD7A9015BDFF7.e.10659","ELEMENT":"f.F4B8E6AEE0F35DB2CB5FDCA58BEB4CC0.d.B91A2C51EE4718809FDCD7A9015BDFF7.e.10659"}]}
COMMAND: GET /session/4e36bf80fbca1927c571a30744d2eac8/screenshot - {}
RESULT: {}
RESULT: {"script":"<script> [8489 bytes]","args":[{"element-6066-11e4-a52e-4f735466cecf":"f.F4B8E6AEE0F35DB2CB5FDCA58BEB4CC0.d.B91A2C51EE4718809FDCD7A9015BDFF7.e.10659","ELEMENT":"f.F4B8E6AEE0F35DB2CB5FDCA58BEB4CC0.d.B91A2C51EE4718809FDCD7A9015BDFF7.e.10659"}]}
COMMAND: POST /session/4e36bf80fbca1927c571a30744d2eac8/execute/sync - {"script":"<script> [5351 bytes]","args":[{"element-6066-11e4-a52e-4f735466cecf":"f.F4B8E6AEE0F35DB2CB5FDCA58BEB4CC0.d.B91A2C51EE4718809FDCD7A9015BDFF7.e.10659","ELEMENT":"f.F4B8E6AEE0F35DB2CB5FDCA58BEB4CC0.d.B91A2C51EE4718809FDCD7A9015BDFF7.e.10659"}]}
COMMAND: GET /session/4e36bf80fbca1927c571a30744d2eac8/screenshot - {}
RESULT: {}
RESULT: {"script":"<script> [5351 bytes]","args":[{"element-6066-11e4-a52e-4f735466cecf":"f.F4B8E6AEE0F35DB2CB5FDCA58BEB4CC0.d.B91A2C51EE4718809FDCD7A9015BDFF7.e.10659","ELEMENT":"f.F4B8E6AEE0F35DB2CB5FDCA58BEB4CC0.d.B91A2C51EE4718809FDCD7A9015BDFF7.e.10659"}]}
COMMAND: POST /session/4e36bf80fbca1927c571a30744d2eac8/element/f.F4B8E6AEE0F35DB2CB5FDCA58BEB4CC0.d.B91A2C51EE4718809FDCD7A9015BDFF7.e.10659/click - {}
COMMAND: GET /session/4e36bf80fbca1927c571a30744d2eac8/screenshot - {}
RESULT: {}
RESULT: {}
COMMAND: GET /session/4e36bf80fbca1927c571a30744d2eac8/screenshot - {}
RESULT: {}
RESULT: {}
COMMAND: POST /session/4e36bf80fbca1927c571a30744d2eac8/actions - {"actions":[{"id":"action53","type":"key","parameters":{},"actions":[{"type":"keyDown","value":"î€‡"},{"type":"pause","duration":10},{"type":"keyUp","value":"î€‡"}]}]}
RESULT: {"actions":[{"id":"action53","type":"key","parameters":{},"actions":[{"type":"keyDown","value":"î€‡"},{"type":"pause","duration":10},{"type":"keyUp","value":"î€‡"}]}]}
COMMAND: GET /session/4e36bf80fbca1927c571a30744d2eac8/screenshot - {}
RESULT: {}
COMMAND: POST /session/4e36bf80fbca1927c571a30744d2eac8/execute/async - {"script":"<script> [1562 bytes]","args":[{"selector":{"id":"application-manageconditionprice-display-component---newCondition--condBillCond-arrow"},"wdio_ui5_key":"applicationmanageconditionprice-display-component---newCondition--condBillCond-arrow"}]}
RESULT: {"script":"<script> [1562 bytes]","args":[{"selector":{"id":"application-manageconditionprice-display-component---newCondition--condBillCond-arrow"},"wdio_ui5_key":"applicationmanageconditionprice-display-component---newCondition--condBillCond-arrow"}]}
RESULT: undefined
COMMAND: POST /session/4e36bf80fbca1927c571a30744d2eac8/element - {"using":"xpath","value":"//*[@id=\"application-manageconditionprice-display-component---newCondition--condBillCond-arrow\"]"}
RESULT: {"using":"xpath","value":"//*[@id=\"application-manageconditionprice-display-component---newCondition--condBillCond-arrow\"]"}
COMMAND: POST /session/4e36bf80fbca1927c571a30744d2eac8/element/f.F4B8E6AEE0F35DB2CB5FDCA58BEB4CC0.d.B91A2C51EE4718809FDCD7A9015BDFF7.e.10839/click - {}
RESULT: {}
COMMAND: GET /session/4e36bf80fbca1927c571a30744d2eac8/screenshot - {}
RESULT: {}
COMMAND: POST /session/4e36bf80fbca1927c571a30744d2eac8/element - {"using":"xpath","value":"//li[.//span[contains(text(), \"DISP - D&I special price\")]]"}
RESULT: {"using":"xpath","value":"//li[.//span[contains(text(), \"DISP - D&I special price\")]]"}
COMMAND: POST /session/4e36bf80fbca1927c571a30744d2eac8/element/f.F4B8E6AEE0F35DB2CB5FDCA58BEB4CC0.d.B91A2C51EE4718809FDCD7A9015BDFF7.e.10842/click - {}
RESULT: {}
COMMAND: GET /session/4e36bf80fbca1927c571a30744d2eac8/screenshot - {}
RESULT: {}
COMMAND: POST /session/4e36bf80fbca1927c571a30744d2eac8/execute/async - {"script":"<script> [1562 bytes]","args":[{"selector":{"id":"application-manageconditionprice-display-component---newCondition--condValidTo","interaction":{"idSuffix":"inner"}},"wdio_ui5_key":"applicationmanageconditionprice-display-component---newCondition--condValidTo"}]}
RESULT: {"script":"<script> [1562 bytes]","args":[{"selector":{"id":"application-manageconditionprice-display-component---newCondition--condValidTo","interaction":{"idSuffix":"inner"}},"wdio_ui5_key":"applicationmanageconditionprice-display-component---newCondition--condValidTo"}]}
RESULT: undefined
COMMAND: POST /session/4e36bf80fbca1927c571a30744d2eac8/execute/async - {"script":"<script> [776 bytes]","args":[{"enterText":"01/13/26","selector":{"id":"application-manageconditionprice-display-component---newCondition--condValidTo","interaction":{"idSuffix":"inner"}},"clearTextFirst":true,"interactionType":"ENTER_TEXT"}]}
RESULT: {"script":"<script> [776 bytes]","args":[{"enterText":"01/13/26","selector":{"id":"application-manageconditionprice-display-component---newCondition--condValidTo","interaction":{"idSuffix":"inner"}},"clearTextFirst":true,"interactionType":"ENTER_TEXT"}]}
COMMAND: POST /session/4e36bf80fbca1927c571a30744d2eac8/element - {"using":"xpath","value":"//input[@id=\"application-manageconditionprice-display-component---newCondition--condRU-inner\"]"}
RESULT: {"using":"xpath","value":"//input[@id=\"application-manageconditionprice-display-component---newCondition--condRU-inner\"]"}
COMMAND: POST /session/4e36bf80fbca1927c571a30744d2eac8/element/f.F4B8E6AEE0F35DB2CB5FDCA58BEB4CC0.d.B91A2C51EE4718809FDCD7A9015BDFF7.e.10703/clear - {}
RESULT: {}
COMMAND: POST /session/4e36bf80fbca1927c571a30744d2eac8/element/f.F4B8E6AEE0F35DB2CB5FDCA58BEB4CC0.d.B91A2C51EE4718809FDCD7A9015BDFF7.e.10703/value - {"text":"UpvgOt9uR1"}
COMMAND: GET /session/4e36bf80fbca1927c571a30744d2eac8/screenshot - {}
RESULT: {"text":"UpvgOt9uR1"}
COMMAND: GET /session/4e36bf80fbca1927c571a30744d2eac8/screenshot - {}
RESULT: {}
RESULT: {}
COMMAND: POST /session/4e36bf80fbca1927c571a30744d2eac8/actions - {"actions":[{"id":"action54","type":"key","parameters":{},"actions":[{"type":"keyDown","value":"î€‡"},{"type":"pause","duration":10},{"type":"keyUp","value":"î€‡"}]}]}
RESULT: {"actions":[{"id":"action54","type":"key","parameters":{},"actions":[{"type":"keyDown","value":"î€‡"},{"type":"pause","duration":10},{"type":"keyUp","value":"î€‡"}]}]}
COMMAND: POST /session/4e36bf80fbca1927c571a30744d2eac8/execute/async - {"script":"<script> [1562 bytes]","args":[{"selector":{"id":"application-manageconditionprice-display-component---newCondition--condBaseQty","interaction":{"idSuffix":"inner"}},"wdio_ui5_key":"applicationmanageconditionprice-display-component---newCondition--condBaseQty"}]}
COMMAND: GET /session/4e36bf80fbca1927c571a30744d2eac8/screenshot - {}
RESULT: {"script":"<script> [1562 bytes]","args":[{"selector":{"id":"application-manageconditionprice-display-component---newCondition--condBaseQty","interaction":{"idSuffix":"inner"}},"wdio_ui5_key":"applicationmanageconditionprice-display-component---newCondition--condBaseQty"}]}
RESULT: undefined
COMMAND: POST /session/4e36bf80fbca1927c571a30744d2eac8/execute/async - {"script":"<script> [776 bytes]","args":[{"enterText":"1","selector":{"id":"application-manageconditionprice-display-component---newCondition--condBaseQty","interaction":{"idSuffix":"inner"}},"clearTextFirst":true,"interactionType":"ENTER_TEXT"}]}
RESULT: {}
RESULT: {"script":"<script> [776 bytes]","args":[{"enterText":"1","selector":{"id":"application-manageconditionprice-display-component---newCondition--condBaseQty","interaction":{"idSuffix":"inner"}},"clearTextFirst":true,"interactionType":"ENTER_TEXT"}]}
COMMAND: POST /session/4e36bf80fbca1927c571a30744d2eac8/execute/async - {"script":"<script> [1562 bytes]","args":[{"selector":{"id":"application-manageconditionprice-display-component---newCondition--condValue","interaction":{"idSuffix":"inner"}},"wdio_ui5_key":"applicationmanageconditionprice-display-component---newCondition--condValue"}]}
RESULT: {"script":"<script> [1562 bytes]","args":[{"selector":{"id":"application-manageconditionprice-display-component---newCondition--condValue","interaction":{"idSuffix":"inner"}},"wdio_ui5_key":"applicationmanageconditionprice-display-component---newCondition--condValue"}]}
RESULT: undefined
COMMAND: POST /session/4e36bf80fbca1927c571a30744d2eac8/execute/async - {"script":"<script> [776 bytes]","args":[{"enterText":"200","selector":{"id":"application-manageconditionprice-display-component---newCondition--condValue","interaction":{"idSuffix":"inner"}},"clearTextFirst":true,"interactionType":"ENTER_TEXT"}]}
RESULT: {"script":"<script> [776 bytes]","args":[{"enterText":"200","selector":{"id":"application-manageconditionprice-display-component---newCondition--condValue","interaction":{"idSuffix":"inner"}},"clearTextFirst":true,"interactionType":"ENTER_TEXT"}]}
COMMAND: POST /session/4e36bf80fbca1927c571a30744d2eac8/execute/async - {"script":"<script> [1562 bytes]","args":[{"selector":{"id":"application-manageconditionprice-display-component---newCondition--condCurr-arrow"},"wdio_ui5_key":"applicationmanageconditionprice-display-component---newCondition--condCurr-arrow"}]}
RESULT: {"script":"<script> [1562 bytes]","args":[{"selector":{"id":"application-manageconditionprice-display-component---newCondition--condCurr-arrow"},"wdio_ui5_key":"applicationmanageconditionprice-display-component---newCondition--condCurr-arrow"}]}
RESULT: undefined
COMMAND: POST /session/4e36bf80fbca1927c571a30744d2eac8/element - {"using":"xpath","value":"//*[@id=\"application-manageconditionprice-display-component---newCondition--condCurr-arrow\"]"}
RESULT: {"using":"xpath","value":"//*[@id=\"application-manageconditionprice-display-component---newCondition--condCurr-arrow\"]"}
COMMAND: POST /session/4e36bf80fbca1927c571a30744d2eac8/element/f.F4B8E6AEE0F35DB2CB5FDCA58BEB4CC0.d.B91A2C51EE4718809FDCD7A9015BDFF7.e.10823/click - {}
RESULT: {}
COMMAND: POST /session/4e36bf80fbca1927c571a30744d2eac8/element - {"using":"xpath","value":"//span[contains(text(), \"Euro\")]"}
COMMAND: GET /session/4e36bf80fbca1927c571a30744d2eac8/screenshot - {}
RESULT: {"using":"xpath","value":"//span[contains(text(), \"Euro\")]"}
COMMAND: POST /session/4e36bf80fbca1927c571a30744d2eac8/element/f.F4B8E6AEE0F35DB2CB5FDCA58BEB4CC0.d.B91A2C51EE4718809FDCD7A9015BDFF7.e.10878/click - {}
RESULT: {}
RESULT: {}
COMMAND: POST /session/4e36bf80fbca1927c571a30744d2eac8/element - {"using":"xpath","value":"//button[@data-kt=\"saveButton\"]"}
COMMAND: GET /session/4e36bf80fbca1927c571a30744d2eac8/screenshot - {}
RESULT: {"using":"xpath","value":"//button[@data-kt=\"saveButton\"]"}
COMMAND: POST /session/4e36bf80fbca1927c571a30744d2eac8/element/f.F4B8E6AEE0F35DB2CB5FDCA58BEB4CC0.d.B91A2C51EE4718809FDCD7A9015BDFF7.e.10824/click - {}
RESULT: {}
RESULT: {}
COMMAND: GET /session/4e36bf80fbca1927c571a30744d2eac8/screenshot - {}
RESULT: {}
COMMAND: POST /session/4e36bf80fbca1927c571a30744d2eac8/execute/async - {"script":"<script> [1562 bytes]","args":[{"selector":{"id":"application-manageconditionprice-display-component---conditions--smartFilterBar-btnBasicSearch","interaction":{"idSuffix":"I"}},"wdio_ui5_key":"applicationmanageconditionprice-display-component---conditions--smartFilterBar-btnBasicSearch"}]}
RESULT: {"script":"<script> [1562 bytes]","args":[{"selector":{"id":"application-manageconditionprice-display-component---conditions--smartFilterBar-btnBasicSearch","interaction":{"idSuffix":"I"}},"wdio_ui5_key":"applicationmanageconditionprice-display-component---conditions--smartFilterBar-btnBasicSearch"}]}
RESULT: undefined
COMMAND: POST /session/4e36bf80fbca1927c571a30744d2eac8/execute/async - {"script":"<script> [776 bytes]","args":[{"enterText":"UpvgOt9uR1","selector":{"id":"application-manageconditionprice-display-component---conditions--smartFilterBar-btnBasicSearch","interaction":{"idSuffix":"I"}},"clearTextFirst":true,"interactionType":"ENTER_TEXT"}]}
RESULT: {"script":"<script> [776 bytes]","args":[{"enterText":"UpvgOt9uR1","selector":{"id":"application-manageconditionprice-display-component---conditions--smartFilterBar-btnBasicSearch","interaction":{"idSuffix":"I"}},"clearTextFirst":true,"interactionType":"ENTER_TEXT"}]}
COMMAND: POST /session/4e36bf80fbca1927c571a30744d2eac8/actions - {"actions":[{"id":"action55","type":"key","parameters":{},"actions":[{"type":"keyDown","value":"î€‡"},{"type":"pause","duration":10},{"type":"keyUp","value":"î€‡"}]}]}
RESULT: {"actions":[{"id":"action55","type":"key","parameters":{},"actions":[{"type":"keyDown","value":"î€‡"},{"type":"pause","duration":10},{"type":"keyUp","value":"î€‡"}]}]}
COMMAND: GET /session/4e36bf80fbca1927c571a30744d2eac8/screenshot - {}
RESULT: {}
COMMAND: POST /session/4e36bf80fbca1927c571a30744d2eac8/execute/async - {"script":"<script> [1562 bytes]","args":[{"selector":{"id":"application-manageconditionprice-display-component---conditions--smartFilterBar-filterItemControl_BASIC-BILL_TYPES-vhi"},"wdio_ui5_key":"applicationmanageconditionprice-display-component---conditions--smartFilterBar-filterItemControl_BASIC-BILL_TYPES-vhi"}]}
RESULT: {"script":"<script> [1562 bytes]","args":[{"selector":{"id":"application-manageconditionprice-display-component---conditions--smartFilterBar-filterItemControl_BASIC-BILL_TYPES-vhi"},"wdio_ui5_key":"applicationmanageconditionprice-display-component---conditions--smartFilterBar-filterItemControl_BASIC-BILL_TYPES-vhi"}]}
RESULT: undefined
COMMAND: POST /session/4e36bf80fbca1927c571a30744d2eac8/element - {"using":"xpath","value":"//*[@id=\"application-manageconditionprice-display-component---conditions--smartFilterBar-filterItemControl_BASIC-BILL_TYPES-vhi\"]"}
RESULT: {"using":"xpath","value":"//*[@id=\"application-manageconditionprice-display-component---conditions--smartFilterBar-filterItemControl_BASIC-BILL_TYPES-vhi\"]"}
COMMAND: POST /session/4e36bf80fbca1927c571a30744d2eac8/element/f.F4B8E6AEE0F35DB2CB5FDCA58BEB4CC0.d.B91A2C51EE4718809FDCD7A9015BDFF7.e.10984/click - {}
RESULT: {}
COMMAND: POST /session/4e36bf80fbca1927c571a30744d2eac8/execute/async - {"script":"<script> [1562 bytes]","args":[{"selector":{"id":"application-manageconditionprice-display-component---conditions--smartFilterBar-filterItemControl_BASIC-BILL_TYPES-valueHelpDialog-smartFilterBar-btnBasicSearch","searchOpenDialogs":true,"interaction":{"idSuffix":"I"}},"wdio_ui5_key":"applicationmanageconditionprice-display-component---conditions--smartFilterBar-filterItemControl_BASIC-BILL_TYPES-valueHelpDialog-smartFilterBar-btnBasicSearch"}]}
COMMAND: GET /session/4e36bf80fbca1927c571a30744d2eac8/screenshot - {}
RESULT: {"script":"<script> [1562 bytes]","args":[{"selector":{"id":"application-manageconditionprice-display-component---conditions--smartFilterBar-filterItemControl_BASIC-BILL_TYPES-valueHelpDialog-smartFilterBar-btnBasicSearch","searchOpenDialogs":true,"interaction":{"idSuffix":"I"}},"wdio_ui5_key":"applicationmanageconditionprice-display-component---conditions--smartFilterBar-filterItemControl_BASIC-BILL_TYPES-valueHelpDialog-smartFilterBar-btnBasicSearch"}]}
RESULT: undefined
COMMAND: POST /session/4e36bf80fbca1927c571a30744d2eac8/execute/async - {"script":"<script> [776 bytes]","args":[{"enterText":"TB","selector":{"id":"application-manageconditionprice-display-component---conditions--smartFilterBar-filterItemControl_BASIC-BILL_TYPES-valueHelpDialog-smartFilterBar-btnBasicSearch","searchOpenDialogs":true,"interaction":{"idSuffix":"I"}},"clearTextFirst":true,"interactionType":"ENTER_TEXT"}]}
RESULT: {}
RESULT: {"script":"<script> [776 bytes]","args":[{"enterText":"TB","selector":{"id":"application-manageconditionprice-display-component---conditions--smartFilterBar-filterItemControl_BASIC-BILL_TYPES-valueHelpDialog-smartFilterBar-btnBasicSearch","searchOpenDialogs":true,"interaction":{"idSuffix":"I"}},"clearTextFirst":true,"interactionType":"ENTER_TEXT"}]}
COMMAND: POST /session/4e36bf80fbca1927c571a30744d2eac8/actions - {"actions":[{"id":"action56","type":"key","parameters":{},"actions":[{"type":"keyDown","value":"î€‡"},{"type":"pause","duration":10},{"type":"keyUp","value":"î€‡"}]}]}
RESULT: {"actions":[{"id":"action56","type":"key","parameters":{},"actions":[{"type":"keyDown","value":"î€‡"},{"type":"pause","duration":10},{"type":"keyUp","value":"î€‡"}]}]}
COMMAND: GET /session/4e36bf80fbca1927c571a30744d2eac8/screenshot - {}
RESULT: {}
COMMAND: POST /session/4e36bf80fbca1927c571a30744d2eac8/element - {"using":"xpath","value":"//div[contains(@id, 'application-manageconditionprice-display-component---conditions--smartFilterBar-filterItemControl_BASIC-BILL_TYPES-valueHelpDialog-table-rowsel0')]"}
RESULT: {"using":"xpath","value":"//div[contains(@id, 'application-manageconditionprice-display-component---conditions--smartFilterBar-filterItemControl_BASIC-BILL_TYPES-valueHelpDialog-table-rowsel0')]"}
COMMAND: POST /session/4e36bf80fbca1927c571a30744d2eac8/element/f.F4B8E6AEE0F35DB2CB5FDCA58BEB4CC0.d.B91A2C51EE4718809FDCD7A9015BDFF7.e.10993/click - {}
RESULT: {}
COMMAND: GET /session/4e36bf80fbca1927c571a30744d2eac8/screenshot - {}
RESULT: {}
COMMAND: POST /session/4e36bf80fbca1927c571a30744d2eac8/element - {"using":"xpath","value":"//bdi[contains(text(), \"OK\")]"}
RESULT: {"using":"xpath","value":"//bdi[contains(text(), \"OK\")]"}
COMMAND: POST /session/4e36bf80fbca1927c571a30744d2eac8/element/f.F4B8E6AEE0F35DB2CB5FDCA58BEB4CC0.d.B91A2C51EE4718809FDCD7A9015BDFF7.e.10995/click - {}
RESULT: {}
COMMAND: GET /session/4e36bf80fbca1927c571a30744d2eac8/screenshot - {}
RESULT: {}
COMMAND: POST /session/4e36bf80fbca1927c571a30744d2eac8/element - {"using":"xpath","value":"//span[@id=\"application-manageconditionprice-display-component---conditions--smartTable-header-inner\"]"}
RESULT: {"using":"xpath","value":"//span[@id=\"application-manageconditionprice-display-component---conditions--smartTable-header-inner\"]"}
COMMAND: POST /session/4e36bf80fbca1927c571a30744d2eac8/elements - {"using":"xpath","value":"//span[@id=\"application-manageconditionprice-display-component---conditions--smartTable-header-inner\"]"}
RESULT: {"using":"xpath","value":"//span[@id=\"application-manageconditionprice-display-component---conditions--smartTable-header-inner\"]"}
COMMAND: POST /session/4e36bf80fbca1927c571a30744d2eac8/execute/sync - {"script":"<script> [56 bytes]","args":[{"element-6066-11e4-a52e-4f735466cecf":"f.F4B8E6AEE0F35DB2CB5FDCA58BEB4CC0.d.B91A2C51EE4718809FDCD7A9015BDFF7.e.10998","ELEMENT":"f.F4B8E6AEE0F35DB2CB5FDCA58BEB4CC0.d.B91A2C51EE4718809FDCD7A9015BDFF7.e.10998"}]}
RESULT: {"script":"<script> [56 bytes]","args":[{"element-6066-11e4-a52e-4f735466cecf":"f.F4B8E6AEE0F35DB2CB5FDCA58BEB4CC0.d.B91A2C51EE4718809FDCD7A9015BDFF7.e.10998","ELEMENT":"f.F4B8E6AEE0F35DB2CB5FDCA58BEB4CC0.d.B91A2C51EE4718809FDCD7A9015BDFF7.e.10998"}]}
COMMAND: POST /session/4e36bf80fbca1927c571a30744d2eac8/element - {"using":"css selector","value":"#shell-header-logo"}
COMMAND: GET /session/4e36bf80fbca1927c571a30744d2eac8/screenshot - {}
RESULT: {"using":"css selector","value":"#shell-header-logo"}
COMMAND: POST /session/4e36bf80fbca1927c571a30744d2eac8/element/f.F4B8E6AEE0F35DB2CB5FDCA58BEB4CC0.d.B91A2C51EE4718809FDCD7A9015BDFF7.e.10627/click - {}
RESULT: {}
RESULT: {}
COMMAND: GET /session/4e36bf80fbca1927c571a30744d2eac8/screenshot - {}
RESULT: {}
]]></system-out>
    </testcase>
  </testsuite>
</testsuites>