<?xml version="1.0" encoding="UTF-8"?>
<testsuites tests="49" failures="0" errors="0" skipped="0">
  <testsuite timestamp="2025-04-22T15:12:39" time="1717.272" tests="49" failures="0" errors="0" skipped="0">
    <properties>
      <property name="specId" value="0"/>
      <property name="suiteName" value="Sanity Tests US104253"/>
      <property name="capabilities" value="chrome.135_0_7049_42.windows"/>
      <property name="file" value="file:///D:/a/1/s/test/specs/General/sanity.spec.js"/>
    </properties>
    <testcase classname="chrome.135_0_7049_42.windows.Sanity_Tests_US104253" name="Should open Manage Partners page" time="32.831">
      <system-out><![CDATA[
COMMAND: POST /session/2b38c89601306e0b0ee554c2d24ad63a/execute/async - {"script":"<script> [1562 bytes]","args":[{"selector":{"controlType":"sap.m.GenericTile","properties":{"header":"Manage Partners"}},"wdio_ui5_key":"sapm.GenericTile{\"header\":\"Manage Partners\"}"}]}
RESULT: {"script":"<script> [1562 bytes]","args":[{"selector":{"controlType":"sap.m.GenericTile","properties":{"header":"Manage Partners"}},"wdio_ui5_key":"sapm.GenericTile{\"header\":\"Manage Partners\"}"}]}
RESULT: undefined
COMMAND: POST /session/2b38c89601306e0b0ee554c2d24ad63a/element - {"using":"xpath","value":"//*[@id=\"__tile38\"]"}
RESULT: {"using":"xpath","value":"//*[@id=\"__tile38\"]"}
COMMAND: POST /session/2b38c89601306e0b0ee554c2d24ad63a/element/f.41273845E260F28665E10038BC1DC094.d.070C24472D51CFFB33B451CF2D56CBD8.e.117/click - {}
RESULT: {}
COMMAND: GET /session/2b38c89601306e0b0ee554c2d24ad63a/screenshot - {}
RESULT: {}
RESULT: undefined
COMMAND: POST /session/2b38c89601306e0b0ee554c2d24ad63a/element - {"using":"xpath","value":"//*[@id=\"__tile38\"]"}
RESULT: {"using":"xpath","value":"//*[@id=\"__tile38\"]"}
COMMAND: POST /session/2b38c89601306e0b0ee554c2d24ad63a/element/f.41273845E260F28665E10038BC1DC094.d.070C24472D51CFFB33B451CF2D56CBD8.e.117/click - {}
RESULT: undefined
COMMAND: POST /session/2b38c89601306e0b0ee554c2d24ad63a/element - {"using":"xpath","value":"//*[@id=\"__tile38\"]"}
RESULT: {"using":"xpath","value":"//*[@id=\"__tile38\"]"}
COMMAND: POST /session/2b38c89601306e0b0ee554c2d24ad63a/element/f.41273845E260F28665E10038BC1DC094.d.070C24472D51CFFB33B451CF2D56CBD8.e.117/click - {}
COMMAND: POST /session/2b38c89601306e0b0ee554c2d24ad63a/execute/async - {"script":"<script> [1562 bytes]","args":[{"selector":{"id":"shellAppTitle"},"wdio_ui5_key":"shellAppTitle"}]}
RESULT: {"script":"<script> [1562 bytes]","args":[{"selector":{"id":"shellAppTitle"},"wdio_ui5_key":"shellAppTitle"}]}
RESULT: undefined
COMMAND: POST /session/2b38c89601306e0b0ee554c2d24ad63a/execute/async - {"script":"<script> [6424 bytes]","args":[{"element-6066-11e4-a52e-4f735466cecf":"f.41273845E260F28665E10038BC1DC094.d.070C24472D51CFFB33B451CF2D56CBD8.e.290"},"getTitle",[]]}
RESULT: {"script":"<script> [6424 bytes]","args":[{"element-6066-11e4-a52e-4f735466cecf":"f.41273845E260F28665E10038BC1DC094.d.070C24472D51CFFB33B451CF2D56CBD8.e.290"},"getTitle",[]]}
COMMAND: POST /session/2b38c89601306e0b0ee554c2d24ad63a/execute/async - {"script":"<script> [1562 bytes]","args":[{"selector":{"id":"backBtn"},"wdio_ui5_key":"backBtn"}]}
RESULT: {"script":"<script> [1562 bytes]","args":[{"selector":{"id":"backBtn"},"wdio_ui5_key":"backBtn"}]}
RESULT: undefined
COMMAND: POST /session/2b38c89601306e0b0ee554c2d24ad63a/element - {"using":"xpath","value":"//*[@id=\"backBtn\"]"}
RESULT: {"using":"xpath","value":"//*[@id=\"backBtn\"]"}
COMMAND: POST /session/2b38c89601306e0b0ee554c2d24ad63a/element/f.41273845E260F28665E10038BC1DC094.d.070C24472D51CFFB33B451CF2D56CBD8.e.291/click - {}
RESULT: {}
COMMAND: GET /session/2b38c89601306e0b0ee554c2d24ad63a/screenshot - {}
RESULT: {}
]]></system-out>
    </testcase>
    <testcase classname="chrome.135_0_7049_42.windows.Sanity_Tests_US104253" name="Should open Manage Sites page" time="36.69">
      <system-out><![CDATA[
COMMAND: POST /session/2b38c89601306e0b0ee554c2d24ad63a/execute/async - {"script":"<script> [1562 bytes]","args":[{"selector":{"controlType":"sap.m.GenericTile","properties":{"header":"Manage Sites"}},"wdio_ui5_key":"sapm.GenericTile{\"header\":\"Manage Sites\"}"}]}
RESULT: {"script":"<script> [1562 bytes]","args":[{"selector":{"controlType":"sap.m.GenericTile","properties":{"header":"Manage Sites"}},"wdio_ui5_key":"sapm.GenericTile{\"header\":\"Manage Sites\"}"}]}
RESULT: undefined
COMMAND: POST /session/2b38c89601306e0b0ee554c2d24ad63a/element - {"using":"xpath","value":"//*[@id=\"__tile40\"]"}
RESULT: {"using":"xpath","value":"//*[@id=\"__tile40\"]"}
COMMAND: POST /session/2b38c89601306e0b0ee554c2d24ad63a/element/f.41273845E260F28665E10038BC1DC094.d.070C24472D51CFFB33B451CF2D56CBD8.e.293/click - {}
RESULT: {}
COMMAND: GET /session/2b38c89601306e0b0ee554c2d24ad63a/screenshot - {}
RESULT: {}
RESULT: undefined
COMMAND: POST /session/2b38c89601306e0b0ee554c2d24ad63a/element - {"using":"xpath","value":"//*[@id=\"__tile40\"]"}
RESULT: {"using":"xpath","value":"//*[@id=\"__tile40\"]"}
COMMAND: POST /session/2b38c89601306e0b0ee554c2d24ad63a/element/f.41273845E260F28665E10038BC1DC094.d.070C24472D51CFFB33B451CF2D56CBD8.e.293/click - {}
RESULT: undefined
COMMAND: POST /session/2b38c89601306e0b0ee554c2d24ad63a/element - {"using":"xpath","value":"//*[@id=\"__tile40\"]"}
RESULT: {"using":"xpath","value":"//*[@id=\"__tile40\"]"}
COMMAND: POST /session/2b38c89601306e0b0ee554c2d24ad63a/element/f.41273845E260F28665E10038BC1DC094.d.070C24472D51CFFB33B451CF2D56CBD8.e.293/click - {}
RESULT: undefined
COMMAND: POST /session/2b38c89601306e0b0ee554c2d24ad63a/execute/async - {"script":"<script> [6424 bytes]","args":[{"element-6066-11e4-a52e-4f735466cecf":"f.41273845E260F28665E10038BC1DC094.d.070C24472D51CFFB33B451CF2D56CBD8.e.290"},"getTitle",[]]}
COMMAND: POST /session/2b38c89601306e0b0ee554c2d24ad63a/execute/async - {"script":"<script> [1562 bytes]","args":[{"selector":{"id":"shellAppTitle"},"wdio_ui5_key":"shellAppTitle"}]}
RESULT: {"script":"<script> [1562 bytes]","args":[{"selector":{"id":"shellAppTitle"},"wdio_ui5_key":"shellAppTitle"}]}
COMMAND: POST /session/2b38c89601306e0b0ee554c2d24ad63a/execute/async - {"script":"<script> [6424 bytes]","args":[{"element-6066-11e4-a52e-4f735466cecf":"f.41273845E260F28665E10038BC1DC094.d.070C24472D51CFFB33B451CF2D56CBD8.e.481"},"getTitle",[]]}
RESULT: {"script":"<script> [6424 bytes]","args":[{"element-6066-11e4-a52e-4f735466cecf":"f.41273845E260F28665E10038BC1DC094.d.070C24472D51CFFB33B451CF2D56CBD8.e.481"},"getTitle",[]]}
RESULT: undefined
COMMAND: POST /session/2b38c89601306e0b0ee554c2d24ad63a/element/f.41273845E260F28665E10038BC1DC094.d.070C24472D51CFFB33B451CF2D56CBD8.e.291/click - {}
RESULT: {}
COMMAND: GET /session/2b38c89601306e0b0ee554c2d24ad63a/screenshot - {}
RESULT: {}
]]></system-out>
    </testcase>
    <testcase classname="chrome.135_0_7049_42.windows.Sanity_Tests_US104253" name="Should open Manage Resources page" time="31.912">
      <system-out><![CDATA[
COMMAND: POST /session/2b38c89601306e0b0ee554c2d24ad63a/execute/async - {"script":"<script> [1562 bytes]","args":[{"selector":{"controlType":"sap.m.GenericTile","properties":{"header":"Manage Resources"}},"wdio_ui5_key":"sapm.GenericTile{\"header\":\"Manage Resources\"}"}]}
RESULT: {"script":"<script> [1562 bytes]","args":[{"selector":{"controlType":"sap.m.GenericTile","properties":{"header":"Manage Resources"}},"wdio_ui5_key":"sapm.GenericTile{\"header\":\"Manage Resources\"}"}]}
RESULT: undefined
COMMAND: POST /session/2b38c89601306e0b0ee554c2d24ad63a/element - {"using":"xpath","value":"//*[@id=\"__tile39\"]"}
RESULT: {"using":"xpath","value":"//*[@id=\"__tile39\"]"}
COMMAND: POST /session/2b38c89601306e0b0ee554c2d24ad63a/element/f.41273845E260F28665E10038BC1DC094.d.070C24472D51CFFB33B451CF2D56CBD8.e.483/click - {}
RESULT: {}
COMMAND: GET /session/2b38c89601306e0b0ee554c2d24ad63a/screenshot - {}
RESULT: {}
RESULT: undefined
COMMAND: POST /session/2b38c89601306e0b0ee554c2d24ad63a/element - {"using":"xpath","value":"//*[@id=\"__tile39\"]"}
RESULT: {"using":"xpath","value":"//*[@id=\"__tile39\"]"}
COMMAND: POST /session/2b38c89601306e0b0ee554c2d24ad63a/element/f.41273845E260F28665E10038BC1DC094.d.070C24472D51CFFB33B451CF2D56CBD8.e.483/click - {}
RESULT: undefined
COMMAND: POST /session/2b38c89601306e0b0ee554c2d24ad63a/element - {"using":"xpath","value":"//*[@id=\"__tile39\"]"}
RESULT: {"using":"xpath","value":"//*[@id=\"__tile39\"]"}
COMMAND: POST /session/2b38c89601306e0b0ee554c2d24ad63a/element/f.41273845E260F28665E10038BC1DC094.d.070C24472D51CFFB33B451CF2D56CBD8.e.483/click - {}
RESULT: undefined
RESULT: undefined
RESULT: undefined
COMMAND: POST /session/2b38c89601306e0b0ee554c2d24ad63a/execute/async - {"script":"<script> [6424 bytes]","args":[{"element-6066-11e4-a52e-4f735466cecf":"f.41273845E260F28665E10038BC1DC094.d.070C24472D51CFFB33B451CF2D56CBD8.e.290"},"getTitle",[]]}
COMMAND: POST /session/2b38c89601306e0b0ee554c2d24ad63a/execute/async - {"script":"<script> [1562 bytes]","args":[{"selector":{"id":"shellAppTitle"},"wdio_ui5_key":"shellAppTitle"}]}
RESULT: {"script":"<script> [1562 bytes]","args":[{"selector":{"id":"shellAppTitle"},"wdio_ui5_key":"shellAppTitle"}]}
COMMAND: POST /session/2b38c89601306e0b0ee554c2d24ad63a/execute/async - {"script":"<script> [6424 bytes]","args":[{"element-6066-11e4-a52e-4f735466cecf":"f.41273845E260F28665E10038BC1DC094.d.070C24472D51CFFB33B451CF2D56CBD8.e.909"},"getTitle",[]]}
RESULT: {"script":"<script> [6424 bytes]","args":[{"element-6066-11e4-a52e-4f735466cecf":"f.41273845E260F28665E10038BC1DC094.d.070C24472D51CFFB33B451CF2D56CBD8.e.909"},"getTitle",[]]}
RESULT: undefined
COMMAND: POST /session/2b38c89601306e0b0ee554c2d24ad63a/element/f.41273845E260F28665E10038BC1DC094.d.070C24472D51CFFB33B451CF2D56CBD8.e.291/click - {}
COMMAND: POST /session/2b38c89601306e0b0ee554c2d24ad63a/element - {"using":"xpath","value":"//*[@id=\"backBtn\"]"}
RESULT: {"using":"xpath","value":"//*[@id=\"backBtn\"]"}
COMMAND: POST /session/2b38c89601306e0b0ee554c2d24ad63a/element/f.41273845E260F28665E10038BC1DC094.d.070C24472D51CFFB33B451CF2D56CBD8.e.291/click - {}
COMMAND: POST /session/2b38c89601306e0b0ee554c2d24ad63a/element - {"using":"xpath","value":"//*[@id=\"backBtn\"]"}
RESULT: {"using":"xpath","value":"//*[@id=\"backBtn\"]"}
COMMAND: POST /session/2b38c89601306e0b0ee554c2d24ad63a/element/f.41273845E260F28665E10038BC1DC094.d.070C24472D51CFFB33B451CF2D56CBD8.e.910/click - {}
RESULT: {}
COMMAND: GET /session/2b38c89601306e0b0ee554c2d24ad63a/screenshot - {}
RESULT: {}
]]></system-out>
    </testcase>
    <testcase classname="chrome.135_0_7049_42.windows.Sanity_Tests_US104253" name="Should open Manage Catalogs page" time="33.482">
      <system-out><![CDATA[
COMMAND: POST /session/2b38c89601306e0b0ee554c2d24ad63a/execute/async - {"script":"<script> [1562 bytes]","args":[{"selector":{"controlType":"sap.m.GenericTile","properties":{"header":"Manage Catalogs"}},"wdio_ui5_key":"sapm.GenericTile{\"header\":\"Manage Catalogs\"}"}]}
RESULT: {"script":"<script> [1562 bytes]","args":[{"selector":{"controlType":"sap.m.GenericTile","properties":{"header":"Manage Catalogs"}},"wdio_ui5_key":"sapm.GenericTile{\"header\":\"Manage Catalogs\"}"}]}
RESULT: undefined
COMMAND: POST /session/2b38c89601306e0b0ee554c2d24ad63a/element - {"using":"xpath","value":"//*[@id=\"__tile37\"]"}
RESULT: {"using":"xpath","value":"//*[@id=\"__tile37\"]"}
COMMAND: POST /session/2b38c89601306e0b0ee554c2d24ad63a/element/f.41273845E260F28665E10038BC1DC094.d.070C24472D51CFFB33B451CF2D56CBD8.e.912/click - {}
RESULT: {}
COMMAND: GET /session/2b38c89601306e0b0ee554c2d24ad63a/screenshot - {}
RESULT: {}
RESULT: undefined
COMMAND: POST /session/2b38c89601306e0b0ee554c2d24ad63a/element - {"using":"xpath","value":"//*[@id=\"__tile37\"]"}
RESULT: {"using":"xpath","value":"//*[@id=\"__tile37\"]"}
COMMAND: POST /session/2b38c89601306e0b0ee554c2d24ad63a/element/f.41273845E260F28665E10038BC1DC094.d.070C24472D51CFFB33B451CF2D56CBD8.e.912/click - {}
RESULT: undefined
COMMAND: POST /session/2b38c89601306e0b0ee554c2d24ad63a/element - {"using":"xpath","value":"//*[@id=\"__tile37\"]"}
RESULT: {"using":"xpath","value":"//*[@id=\"__tile37\"]"}
COMMAND: POST /session/2b38c89601306e0b0ee554c2d24ad63a/element/f.41273845E260F28665E10038BC1DC094.d.070C24472D51CFFB33B451CF2D56CBD8.e.912/click - {}
RESULT: undefined
COMMAND: POST /session/2b38c89601306e0b0ee554c2d24ad63a/execute/async - {"script":"<script> [6424 bytes]","args":[{"element-6066-11e4-a52e-4f735466cecf":"f.41273845E260F28665E10038BC1DC094.d.070C24472D51CFFB33B451CF2D56CBD8.e.290"},"getTitle",[]]}
COMMAND: POST /session/2b38c89601306e0b0ee554c2d24ad63a/execute/async - {"script":"<script> [1562 bytes]","args":[{"selector":{"id":"shellAppTitle"},"wdio_ui5_key":"shellAppTitle"}]}
RESULT: {"script":"<script> [1562 bytes]","args":[{"selector":{"id":"shellAppTitle"},"wdio_ui5_key":"shellAppTitle"}]}
COMMAND: POST /session/2b38c89601306e0b0ee554c2d24ad63a/execute/async - {"script":"<script> [6424 bytes]","args":[{"element-6066-11e4-a52e-4f735466cecf":"f.41273845E260F28665E10038BC1DC094.d.070C24472D51CFFB33B451CF2D56CBD8.e.1026"},"getTitle",[]]}
RESULT: {"script":"<script> [6424 bytes]","args":[{"element-6066-11e4-a52e-4f735466cecf":"f.41273845E260F28665E10038BC1DC094.d.070C24472D51CFFB33B451CF2D56CBD8.e.1026"},"getTitle",[]]}
RESULT: undefined
COMMAND: POST /session/2b38c89601306e0b0ee554c2d24ad63a/element/f.41273845E260F28665E10038BC1DC094.d.070C24472D51CFFB33B451CF2D56CBD8.e.910/click - {}
RESULT: {}
COMMAND: GET /session/2b38c89601306e0b0ee554c2d24ad63a/screenshot - {}
RESULT: {}
]]></system-out>
    </testcase>
    <testcase classname="chrome.135_0_7049_42.windows.Sanity_Tests_US104253" name="Should open Manage Calendars page" time="32.815">
      <system-out><![CDATA[
COMMAND: POST /session/2b38c89601306e0b0ee554c2d24ad63a/execute/async - {"script":"<script> [1562 bytes]","args":[{"selector":{"controlType":"sap.m.GenericTile","properties":{"header":"Manage Calendars"}},"wdio_ui5_key":"sapm.GenericTile{\"header\":\"Manage Calendars\"}"}]}
RESULT: {"script":"<script> [1562 bytes]","args":[{"selector":{"controlType":"sap.m.GenericTile","properties":{"header":"Manage Calendars"}},"wdio_ui5_key":"sapm.GenericTile{\"header\":\"Manage Calendars\"}"}]}
RESULT: undefined
COMMAND: POST /session/2b38c89601306e0b0ee554c2d24ad63a/element - {"using":"xpath","value":"//*[@id=\"__tile36\"]"}
RESULT: {"using":"xpath","value":"//*[@id=\"__tile36\"]"}
COMMAND: POST /session/2b38c89601306e0b0ee554c2d24ad63a/element/f.41273845E260F28665E10038BC1DC094.d.070C24472D51CFFB33B451CF2D56CBD8.e.1028/click - {}
RESULT: {}
COMMAND: GET /session/2b38c89601306e0b0ee554c2d24ad63a/screenshot - {}
RESULT: {}
RESULT: undefined
COMMAND: POST /session/2b38c89601306e0b0ee554c2d24ad63a/element - {"using":"xpath","value":"//*[@id=\"__tile36\"]"}
RESULT: {"using":"xpath","value":"//*[@id=\"__tile36\"]"}
COMMAND: POST /session/2b38c89601306e0b0ee554c2d24ad63a/element/f.41273845E260F28665E10038BC1DC094.d.070C24472D51CFFB33B451CF2D56CBD8.e.1028/click - {}
RESULT: undefined
COMMAND: POST /session/2b38c89601306e0b0ee554c2d24ad63a/element - {"using":"xpath","value":"//*[@id=\"__tile36\"]"}
RESULT: {"using":"xpath","value":"//*[@id=\"__tile36\"]"}
COMMAND: POST /session/2b38c89601306e0b0ee554c2d24ad63a/element/f.41273845E260F28665E10038BC1DC094.d.070C24472D51CFFB33B451CF2D56CBD8.e.1028/click - {}
RESULT: undefined
COMMAND: POST /session/2b38c89601306e0b0ee554c2d24ad63a/execute/async - {"script":"<script> [6424 bytes]","args":[{"element-6066-11e4-a52e-4f735466cecf":"f.41273845E260F28665E10038BC1DC094.d.070C24472D51CFFB33B451CF2D56CBD8.e.290"},"getTitle",[]]}
COMMAND: POST /session/2b38c89601306e0b0ee554c2d24ad63a/execute/async - {"script":"<script> [1562 bytes]","args":[{"selector":{"id":"shellAppTitle"},"wdio_ui5_key":"shellAppTitle"}]}
RESULT: {"script":"<script> [1562 bytes]","args":[{"selector":{"id":"shellAppTitle"},"wdio_ui5_key":"shellAppTitle"}]}
COMMAND: POST /session/2b38c89601306e0b0ee554c2d24ad63a/execute/async - {"script":"<script> [6424 bytes]","args":[{"element-6066-11e4-a52e-4f735466cecf":"f.41273845E260F28665E10038BC1DC094.d.070C24472D51CFFB33B451CF2D56CBD8.e.1096"},"getTitle",[]]}
RESULT: {"script":"<script> [6424 bytes]","args":[{"element-6066-11e4-a52e-4f735466cecf":"f.41273845E260F28665E10038BC1DC094.d.070C24472D51CFFB33B451CF2D56CBD8.e.1096"},"getTitle",[]]}
RESULT: undefined
COMMAND: POST /session/2b38c89601306e0b0ee554c2d24ad63a/element/f.41273845E260F28665E10038BC1DC094.d.070C24472D51CFFB33B451CF2D56CBD8.e.910/click - {}
COMMAND: POST /session/2b38c89601306e0b0ee554c2d24ad63a/element - {"using":"xpath","value":"//*[@id=\"backBtn\"]"}
RESULT: {"using":"xpath","value":"//*[@id=\"backBtn\"]"}
COMMAND: POST /session/2b38c89601306e0b0ee554c2d24ad63a/element/f.41273845E260F28665E10038BC1DC094.d.070C24472D51CFFB33B451CF2D56CBD8.e.910/click - {}
COMMAND: POST /session/2b38c89601306e0b0ee554c2d24ad63a/element - {"using":"xpath","value":"//*[@id=\"backBtn\"]"}
RESULT: {"using":"xpath","value":"//*[@id=\"backBtn\"]"}
COMMAND: POST /session/2b38c89601306e0b0ee554c2d24ad63a/element/f.41273845E260F28665E10038BC1DC094.d.070C24472D51CFFB33B451CF2D56CBD8.e.1097/click - {}
RESULT: {}
COMMAND: GET /session/2b38c89601306e0b0ee554c2d24ad63a/screenshot - {}
RESULT: {}
]]></system-out>
    </testcase>
    <testcase classname="chrome.135_0_7049_42.windows.Sanity_Tests_US104253" name="Should open Address Management page" time="33.921">
      <system-out><![CDATA[
COMMAND: POST /session/2b38c89601306e0b0ee554c2d24ad63a/execute/async - {"script":"<script> [1562 bytes]","args":[{"selector":{"controlType":"sap.m.GenericTile","properties":{"header":"Address Management"}},"wdio_ui5_key":"sapm.GenericTile{\"header\":\"Address Management\"}"}]}
RESULT: {"script":"<script> [1562 bytes]","args":[{"selector":{"controlType":"sap.m.GenericTile","properties":{"header":"Address Management"}},"wdio_ui5_key":"sapm.GenericTile{\"header\":\"Address Management\"}"}]}
RESULT: undefined
COMMAND: POST /session/2b38c89601306e0b0ee554c2d24ad63a/element - {"using":"xpath","value":"//*[@id=\"__tile33\"]"}
RESULT: {"using":"xpath","value":"//*[@id=\"__tile33\"]"}
COMMAND: POST /session/2b38c89601306e0b0ee554c2d24ad63a/element/f.41273845E260F28665E10038BC1DC094.d.070C24472D51CFFB33B451CF2D56CBD8.e.1099/click - {}
RESULT: {}
COMMAND: GET /session/2b38c89601306e0b0ee554c2d24ad63a/screenshot - {}
RESULT: {}
RESULT: undefined
COMMAND: POST /session/2b38c89601306e0b0ee554c2d24ad63a/element - {"using":"xpath","value":"//*[@id=\"__tile33\"]"}
RESULT: {"using":"xpath","value":"//*[@id=\"__tile33\"]"}
COMMAND: POST /session/2b38c89601306e0b0ee554c2d24ad63a/element/f.41273845E260F28665E10038BC1DC094.d.070C24472D51CFFB33B451CF2D56CBD8.e.1099/click - {}
RESULT: undefined
COMMAND: POST /session/2b38c89601306e0b0ee554c2d24ad63a/element - {"using":"xpath","value":"//*[@id=\"__tile33\"]"}
RESULT: {"using":"xpath","value":"//*[@id=\"__tile33\"]"}
COMMAND: POST /session/2b38c89601306e0b0ee554c2d24ad63a/element/f.41273845E260F28665E10038BC1DC094.d.070C24472D51CFFB33B451CF2D56CBD8.e.1099/click - {}
RESULT: undefined
COMMAND: POST /session/2b38c89601306e0b0ee554c2d24ad63a/execute/async - {"script":"<script> [6424 bytes]","args":[{"element-6066-11e4-a52e-4f735466cecf":"f.41273845E260F28665E10038BC1DC094.d.070C24472D51CFFB33B451CF2D56CBD8.e.290"},"getTitle",[]]}
COMMAND: POST /session/2b38c89601306e0b0ee554c2d24ad63a/execute/async - {"script":"<script> [1562 bytes]","args":[{"selector":{"id":"shellAppTitle"},"wdio_ui5_key":"shellAppTitle"}]}
RESULT: {"script":"<script> [1562 bytes]","args":[{"selector":{"id":"shellAppTitle"},"wdio_ui5_key":"shellAppTitle"}]}
COMMAND: POST /session/2b38c89601306e0b0ee554c2d24ad63a/execute/async - {"script":"<script> [6424 bytes]","args":[{"element-6066-11e4-a52e-4f735466cecf":"f.41273845E260F28665E10038BC1DC094.d.070C24472D51CFFB33B451CF2D56CBD8.e.1286"},"getTitle",[]]}
RESULT: {"script":"<script> [6424 bytes]","args":[{"element-6066-11e4-a52e-4f735466cecf":"f.41273845E260F28665E10038BC1DC094.d.070C24472D51CFFB33B451CF2D56CBD8.e.1286"},"getTitle",[]]}
RESULT: undefined
COMMAND: POST /session/2b38c89601306e0b0ee554c2d24ad63a/element/f.41273845E260F28665E10038BC1DC094.d.070C24472D51CFFB33B451CF2D56CBD8.e.1097/click - {}
RESULT: {}
COMMAND: GET /session/2b38c89601306e0b0ee554c2d24ad63a/screenshot - {}
RESULT: {}
]]></system-out>
    </testcase>
    <testcase classname="chrome.135_0_7049_42.windows.Sanity_Tests_US104253" name="Should open Bill Of Resources page" time="33.048">
      <system-out><![CDATA[
COMMAND: POST /session/2b38c89601306e0b0ee554c2d24ad63a/execute/async - {"script":"<script> [1562 bytes]","args":[{"selector":{"controlType":"sap.m.GenericTile","properties":{"header":"Bill Of Resources"}},"wdio_ui5_key":"sapm.GenericTile{\"header\":\"Bill Of Resources\"}"}]}
RESULT: {"script":"<script> [1562 bytes]","args":[{"selector":{"controlType":"sap.m.GenericTile","properties":{"header":"Bill Of Resources"}},"wdio_ui5_key":"sapm.GenericTile{\"header\":\"Bill Of Resources\"}"}]}
RESULT: undefined
COMMAND: POST /session/2b38c89601306e0b0ee554c2d24ad63a/element - {"using":"xpath","value":"//*[@id=\"__tile34\"]"}
RESULT: {"using":"xpath","value":"//*[@id=\"__tile34\"]"}
COMMAND: POST /session/2b38c89601306e0b0ee554c2d24ad63a/element/f.41273845E260F28665E10038BC1DC094.d.070C24472D51CFFB33B451CF2D56CBD8.e.1288/click - {}
RESULT: {}
COMMAND: GET /session/2b38c89601306e0b0ee554c2d24ad63a/screenshot - {}
RESULT: {}
RESULT: undefined
COMMAND: POST /session/2b38c89601306e0b0ee554c2d24ad63a/element - {"using":"xpath","value":"//*[@id=\"__tile34\"]"}
RESULT: {"using":"xpath","value":"//*[@id=\"__tile34\"]"}
COMMAND: POST /session/2b38c89601306e0b0ee554c2d24ad63a/element/f.41273845E260F28665E10038BC1DC094.d.070C24472D51CFFB33B451CF2D56CBD8.e.1288/click - {}
RESULT: undefined
COMMAND: POST /session/2b38c89601306e0b0ee554c2d24ad63a/element - {"using":"xpath","value":"//*[@id=\"__tile34\"]"}
RESULT: {"using":"xpath","value":"//*[@id=\"__tile34\"]"}
COMMAND: POST /session/2b38c89601306e0b0ee554c2d24ad63a/element/f.41273845E260F28665E10038BC1DC094.d.070C24472D51CFFB33B451CF2D56CBD8.e.1288/click - {}
RESULT: undefined
COMMAND: POST /session/2b38c89601306e0b0ee554c2d24ad63a/execute/async - {"script":"<script> [6424 bytes]","args":[{"element-6066-11e4-a52e-4f735466cecf":"f.41273845E260F28665E10038BC1DC094.d.070C24472D51CFFB33B451CF2D56CBD8.e.290"},"getTitle",[]]}
COMMAND: POST /session/2b38c89601306e0b0ee554c2d24ad63a/execute/async - {"script":"<script> [1562 bytes]","args":[{"selector":{"id":"shellAppTitle"},"wdio_ui5_key":"shellAppTitle"}]}
RESULT: {"script":"<script> [1562 bytes]","args":[{"selector":{"id":"shellAppTitle"},"wdio_ui5_key":"shellAppTitle"}]}
COMMAND: POST /session/2b38c89601306e0b0ee554c2d24ad63a/execute/async - {"script":"<script> [6424 bytes]","args":[{"element-6066-11e4-a52e-4f735466cecf":"f.41273845E260F28665E10038BC1DC094.d.070C24472D51CFFB33B451CF2D56CBD8.e.1370"},"getTitle",[]]}
RESULT: {"script":"<script> [6424 bytes]","args":[{"element-6066-11e4-a52e-4f735466cecf":"f.41273845E260F28665E10038BC1DC094.d.070C24472D51CFFB33B451CF2D56CBD8.e.1370"},"getTitle",[]]}
RESULT: undefined
COMMAND: POST /session/2b38c89601306e0b0ee554c2d24ad63a/element/f.41273845E260F28665E10038BC1DC094.d.070C24472D51CFFB33B451CF2D56CBD8.e.1097/click - {}
COMMAND: POST /session/2b38c89601306e0b0ee554c2d24ad63a/element - {"using":"xpath","value":"//*[@id=\"backBtn\"]"}
RESULT: {"using":"xpath","value":"//*[@id=\"backBtn\"]"}
COMMAND: POST /session/2b38c89601306e0b0ee554c2d24ad63a/element/f.41273845E260F28665E10038BC1DC094.d.070C24472D51CFFB33B451CF2D56CBD8.e.1097/click - {}
COMMAND: POST /session/2b38c89601306e0b0ee554c2d24ad63a/element - {"using":"xpath","value":"//*[@id=\"backBtn\"]"}
RESULT: {"using":"xpath","value":"//*[@id=\"backBtn\"]"}
COMMAND: POST /session/2b38c89601306e0b0ee554c2d24ad63a/element/f.41273845E260F28665E10038BC1DC094.d.070C24472D51CFFB33B451CF2D56CBD8.e.1371/click - {}
RESULT: {}
COMMAND: GET /session/2b38c89601306e0b0ee554c2d24ad63a/screenshot - {}
RESULT: {}
]]></system-out>
    </testcase>
    <testcase classname="chrome.135_0_7049_42.windows.Sanity_Tests_US104253" name="Should open Manage Yards page" time="32.992">
      <system-out><![CDATA[
COMMAND: POST /session/2b38c89601306e0b0ee554c2d24ad63a/execute/async - {"script":"<script> [1562 bytes]","args":[{"selector":{"controlType":"sap.m.GenericTile","properties":{"header":"Manage Yards"}},"wdio_ui5_key":"sapm.GenericTile{\"header\":\"Manage Yards\"}"}]}
RESULT: {"script":"<script> [1562 bytes]","args":[{"selector":{"controlType":"sap.m.GenericTile","properties":{"header":"Manage Yards"}},"wdio_ui5_key":"sapm.GenericTile{\"header\":\"Manage Yards\"}"}]}
RESULT: undefined
COMMAND: POST /session/2b38c89601306e0b0ee554c2d24ad63a/element - {"using":"xpath","value":"//*[@id=\"__tile41\"]"}
RESULT: {"using":"xpath","value":"//*[@id=\"__tile41\"]"}
COMMAND: POST /session/2b38c89601306e0b0ee554c2d24ad63a/element/f.41273845E260F28665E10038BC1DC094.d.070C24472D51CFFB33B451CF2D56CBD8.e.106/click - {}
RESULT: {}
COMMAND: GET /session/2b38c89601306e0b0ee554c2d24ad63a/screenshot - {}
RESULT: {}
RESULT: undefined
COMMAND: POST /session/2b38c89601306e0b0ee554c2d24ad63a/element - {"using":"xpath","value":"//*[@id=\"__tile41\"]"}
RESULT: {"using":"xpath","value":"//*[@id=\"__tile41\"]"}
COMMAND: POST /session/2b38c89601306e0b0ee554c2d24ad63a/element/f.41273845E260F28665E10038BC1DC094.d.070C24472D51CFFB33B451CF2D56CBD8.e.106/click - {}
RESULT: undefined
COMMAND: POST /session/2b38c89601306e0b0ee554c2d24ad63a/element - {"using":"xpath","value":"//*[@id=\"__tile41\"]"}
RESULT: {"using":"xpath","value":"//*[@id=\"__tile41\"]"}
COMMAND: POST /session/2b38c89601306e0b0ee554c2d24ad63a/element/f.41273845E260F28665E10038BC1DC094.d.070C24472D51CFFB33B451CF2D56CBD8.e.106/click - {}
RESULT: undefined
COMMAND: POST /session/2b38c89601306e0b0ee554c2d24ad63a/execute/async - {"script":"<script> [6424 bytes]","args":[{"element-6066-11e4-a52e-4f735466cecf":"f.41273845E260F28665E10038BC1DC094.d.070C24472D51CFFB33B451CF2D56CBD8.e.290"},"getTitle",[]]}
COMMAND: POST /session/2b38c89601306e0b0ee554c2d24ad63a/execute/async - {"script":"<script> [1562 bytes]","args":[{"selector":{"id":"shellAppTitle"},"wdio_ui5_key":"shellAppTitle"}]}
RESULT: {"script":"<script> [1562 bytes]","args":[{"selector":{"id":"shellAppTitle"},"wdio_ui5_key":"shellAppTitle"}]}
COMMAND: POST /session/2b38c89601306e0b0ee554c2d24ad63a/execute/async - {"script":"<script> [6424 bytes]","args":[{"element-6066-11e4-a52e-4f735466cecf":"f.41273845E260F28665E10038BC1DC094.d.070C24472D51CFFB33B451CF2D56CBD8.e.1551"},"getTitle",[]]}
RESULT: {"script":"<script> [6424 bytes]","args":[{"element-6066-11e4-a52e-4f735466cecf":"f.41273845E260F28665E10038BC1DC094.d.070C24472D51CFFB33B451CF2D56CBD8.e.1551"},"getTitle",[]]}
RESULT: undefined
COMMAND: POST /session/2b38c89601306e0b0ee554c2d24ad63a/element/f.41273845E260F28665E10038BC1DC094.d.070C24472D51CFFB33B451CF2D56CBD8.e.1371/click - {}
RESULT: {}
COMMAND: GET /session/2b38c89601306e0b0ee554c2d24ad63a/screenshot - {}
RESULT: {}
]]></system-out>
    </testcase>
    <testcase classname="chrome.135_0_7049_42.windows.Sanity_Tests_US104253" name="Should open Manage Requests page" time="30.587">
      <system-out><![CDATA[
COMMAND: POST /session/2b38c89601306e0b0ee554c2d24ad63a/execute/async - {"script":"<script> [1562 bytes]","args":[{"selector":{"controlType":"sap.m.GenericTile","properties":{"header":"Manage Requests"}},"wdio_ui5_key":"sapm.GenericTile{\"header\":\"Manage Requests\"}"}]}
RESULT: {"script":"<script> [1562 bytes]","args":[{"selector":{"controlType":"sap.m.GenericTile","properties":{"header":"Manage Requests"}},"wdio_ui5_key":"sapm.GenericTile{\"header\":\"Manage Requests\"}"}]}
RESULT: undefined
COMMAND: POST /session/2b38c89601306e0b0ee554c2d24ad63a/element - {"using":"xpath","value":"//*[@id=\"__tile47\"]"}
RESULT: {"using":"xpath","value":"//*[@id=\"__tile47\"]"}
COMMAND: POST /session/2b38c89601306e0b0ee554c2d24ad63a/element/f.41273845E260F28665E10038BC1DC094.d.070C24472D51CFFB33B451CF2D56CBD8.e.1553/click - {}
RESULT: {}
COMMAND: GET /session/2b38c89601306e0b0ee554c2d24ad63a/screenshot - {}
RESULT: {}
RESULT: undefined
COMMAND: POST /session/2b38c89601306e0b0ee554c2d24ad63a/element - {"using":"xpath","value":"//*[@id=\"__tile47\"]"}
RESULT: {"using":"xpath","value":"//*[@id=\"__tile47\"]"}
COMMAND: POST /session/2b38c89601306e0b0ee554c2d24ad63a/element/f.41273845E260F28665E10038BC1DC094.d.070C24472D51CFFB33B451CF2D56CBD8.e.1553/click - {}
RESULT: undefined
COMMAND: POST /session/2b38c89601306e0b0ee554c2d24ad63a/element - {"using":"xpath","value":"//*[@id=\"__tile47\"]"}
RESULT: {"using":"xpath","value":"//*[@id=\"__tile47\"]"}
COMMAND: POST /session/2b38c89601306e0b0ee554c2d24ad63a/element/f.41273845E260F28665E10038BC1DC094.d.070C24472D51CFFB33B451CF2D56CBD8.e.1553/click - {}
RESULT: undefined
COMMAND: POST /session/2b38c89601306e0b0ee554c2d24ad63a/execute/async - {"script":"<script> [6424 bytes]","args":[{"element-6066-11e4-a52e-4f735466cecf":"f.41273845E260F28665E10038BC1DC094.d.070C24472D51CFFB33B451CF2D56CBD8.e.290"},"getTitle",[]]}
COMMAND: POST /session/2b38c89601306e0b0ee554c2d24ad63a/execute/async - {"script":"<script> [1562 bytes]","args":[{"selector":{"id":"shellAppTitle"},"wdio_ui5_key":"shellAppTitle"}]}
RESULT: {"script":"<script> [1562 bytes]","args":[{"selector":{"id":"shellAppTitle"},"wdio_ui5_key":"shellAppTitle"}]}
COMMAND: POST /session/2b38c89601306e0b0ee554c2d24ad63a/execute/async - {"script":"<script> [6424 bytes]","args":[{"element-6066-11e4-a52e-4f735466cecf":"f.41273845E260F28665E10038BC1DC094.d.070C24472D51CFFB33B451CF2D56CBD8.e.1649"},"getTitle",[]]}
RESULT: {"script":"<script> [6424 bytes]","args":[{"element-6066-11e4-a52e-4f735466cecf":"f.41273845E260F28665E10038BC1DC094.d.070C24472D51CFFB33B451CF2D56CBD8.e.1649"},"getTitle",[]]}
RESULT: undefined
COMMAND: POST /session/2b38c89601306e0b0ee554c2d24ad63a/element/f.41273845E260F28665E10038BC1DC094.d.070C24472D51CFFB33B451CF2D56CBD8.e.1371/click - {}
COMMAND: POST /session/2b38c89601306e0b0ee554c2d24ad63a/element - {"using":"xpath","value":"//*[@id=\"backBtn\"]"}
RESULT: {"using":"xpath","value":"//*[@id=\"backBtn\"]"}
COMMAND: POST /session/2b38c89601306e0b0ee554c2d24ad63a/element/f.41273845E260F28665E10038BC1DC094.d.070C24472D51CFFB33B451CF2D56CBD8.e.1371/click - {}
COMMAND: POST /session/2b38c89601306e0b0ee554c2d24ad63a/element - {"using":"xpath","value":"//*[@id=\"backBtn\"]"}
RESULT: {"using":"xpath","value":"//*[@id=\"backBtn\"]"}
COMMAND: POST /session/2b38c89601306e0b0ee554c2d24ad63a/element/f.41273845E260F28665E10038BC1DC094.d.070C24472D51CFFB33B451CF2D56CBD8.e.1650/click - {}
RESULT: {}
COMMAND: GET /session/2b38c89601306e0b0ee554c2d24ad63a/screenshot - {}
RESULT: {}
]]></system-out>
    </testcase>
    <testcase classname="chrome.135_0_7049_42.windows.Sanity_Tests_US104253" name="Should open Manage Purchasing page" time="35.315">
      <system-out><![CDATA[
COMMAND: POST /session/2b38c89601306e0b0ee554c2d24ad63a/execute/async - {"script":"<script> [1562 bytes]","args":[{"selector":{"controlType":"sap.m.GenericTile","properties":{"header":"Manage Purchasing"}},"wdio_ui5_key":"sapm.GenericTile{\"header\":\"Manage Purchasing\"}"}]}
RESULT: {"script":"<script> [1562 bytes]","args":[{"selector":{"controlType":"sap.m.GenericTile","properties":{"header":"Manage Purchasing"}},"wdio_ui5_key":"sapm.GenericTile{\"header\":\"Manage Purchasing\"}"}]}
RESULT: undefined
COMMAND: POST /session/2b38c89601306e0b0ee554c2d24ad63a/element - {"using":"xpath","value":"//*[@id=\"__tile46\"]"}
RESULT: {"using":"xpath","value":"//*[@id=\"__tile46\"]"}
COMMAND: POST /session/2b38c89601306e0b0ee554c2d24ad63a/element/f.41273845E260F28665E10038BC1DC094.d.070C24472D51CFFB33B451CF2D56CBD8.e.1653/click - {}
RESULT: {}
COMMAND: GET /session/2b38c89601306e0b0ee554c2d24ad63a/screenshot - {}
RESULT: {}
RESULT: undefined
COMMAND: POST /session/2b38c89601306e0b0ee554c2d24ad63a/element - {"using":"xpath","value":"//*[@id=\"__tile46\"]"}
RESULT: {"using":"xpath","value":"//*[@id=\"__tile46\"]"}
COMMAND: POST /session/2b38c89601306e0b0ee554c2d24ad63a/element/f.41273845E260F28665E10038BC1DC094.d.070C24472D51CFFB33B451CF2D56CBD8.e.1653/click - {}
RESULT: undefined
COMMAND: POST /session/2b38c89601306e0b0ee554c2d24ad63a/element - {"using":"xpath","value":"//*[@id=\"__tile46\"]"}
RESULT: {"using":"xpath","value":"//*[@id=\"__tile46\"]"}
COMMAND: POST /session/2b38c89601306e0b0ee554c2d24ad63a/element/f.41273845E260F28665E10038BC1DC094.d.070C24472D51CFFB33B451CF2D56CBD8.e.1653/click - {}
RESULT: undefined
COMMAND: POST /session/2b38c89601306e0b0ee554c2d24ad63a/execute/async - {"script":"<script> [6424 bytes]","args":[{"element-6066-11e4-a52e-4f735466cecf":"f.41273845E260F28665E10038BC1DC094.d.070C24472D51CFFB33B451CF2D56CBD8.e.290"},"getTitle",[]]}
COMMAND: POST /session/2b38c89601306e0b0ee554c2d24ad63a/execute/async - {"script":"<script> [1562 bytes]","args":[{"selector":{"id":"shellAppTitle"},"wdio_ui5_key":"shellAppTitle"}]}
RESULT: {"script":"<script> [1562 bytes]","args":[{"selector":{"id":"shellAppTitle"},"wdio_ui5_key":"shellAppTitle"}]}
COMMAND: POST /session/2b38c89601306e0b0ee554c2d24ad63a/execute/async - {"script":"<script> [6424 bytes]","args":[{"element-6066-11e4-a52e-4f735466cecf":"f.41273845E260F28665E10038BC1DC094.d.070C24472D51CFFB33B451CF2D56CBD8.e.1734"},"getTitle",[]]}
RESULT: {"script":"<script> [6424 bytes]","args":[{"element-6066-11e4-a52e-4f735466cecf":"f.41273845E260F28665E10038BC1DC094.d.070C24472D51CFFB33B451CF2D56CBD8.e.1734"},"getTitle",[]]}
RESULT: undefined
COMMAND: POST /session/2b38c89601306e0b0ee554c2d24ad63a/element/f.41273845E260F28665E10038BC1DC094.d.070C24472D51CFFB33B451CF2D56CBD8.e.1650/click - {}
RESULT: {}
COMMAND: GET /session/2b38c89601306e0b0ee554c2d24ad63a/screenshot - {}
RESULT: {}
]]></system-out>
    </testcase>
    <testcase classname="chrome.135_0_7049_42.windows.Sanity_Tests_US104253" name="Should open Planning Board page" time="31.939">
      <system-out><![CDATA[
COMMAND: POST /session/2b38c89601306e0b0ee554c2d24ad63a/execute/async - {"script":"<script> [1562 bytes]","args":[{"selector":{"controlType":"sap.m.GenericTile","properties":{"header":"Planning Board"}},"wdio_ui5_key":"sapm.GenericTile{\"header\":\"Planning Board\"}"}]}
RESULT: {"script":"<script> [1562 bytes]","args":[{"selector":{"controlType":"sap.m.GenericTile","properties":{"header":"Planning Board"}},"wdio_ui5_key":"sapm.GenericTile{\"header\":\"Planning Board\"}"}]}
RESULT: undefined
COMMAND: POST /session/2b38c89601306e0b0ee554c2d24ad63a/element - {"using":"xpath","value":"//*[@id=\"__tile132\"]"}
RESULT: {"using":"xpath","value":"//*[@id=\"__tile132\"]"}
COMMAND: POST /session/2b38c89601306e0b0ee554c2d24ad63a/element/f.41273845E260F28665E10038BC1DC094.d.070C24472D51CFFB33B451CF2D56CBD8.e.1736/click - {}
RESULT: {}
COMMAND: GET /session/2b38c89601306e0b0ee554c2d24ad63a/screenshot - {}
RESULT: {}
RESULT: undefined
COMMAND: POST /session/2b38c89601306e0b0ee554c2d24ad63a/element - {"using":"xpath","value":"//*[@id=\"__tile132\"]"}
RESULT: {"using":"xpath","value":"//*[@id=\"__tile132\"]"}
COMMAND: POST /session/2b38c89601306e0b0ee554c2d24ad63a/element/f.41273845E260F28665E10038BC1DC094.d.070C24472D51CFFB33B451CF2D56CBD8.e.1736/click - {}
RESULT: undefined
COMMAND: POST /session/2b38c89601306e0b0ee554c2d24ad63a/element - {"using":"xpath","value":"//*[@id=\"__tile132\"]"}
RESULT: {"using":"xpath","value":"//*[@id=\"__tile132\"]"}
COMMAND: POST /session/2b38c89601306e0b0ee554c2d24ad63a/element/f.41273845E260F28665E10038BC1DC094.d.070C24472D51CFFB33B451CF2D56CBD8.e.1736/click - {}
RESULT: undefined
COMMAND: POST /session/2b38c89601306e0b0ee554c2d24ad63a/execute/async - {"script":"<script> [6424 bytes]","args":[{"element-6066-11e4-a52e-4f735466cecf":"f.41273845E260F28665E10038BC1DC094.d.070C24472D51CFFB33B451CF2D56CBD8.e.290"},"getTitle",[]]}
COMMAND: POST /session/2b38c89601306e0b0ee554c2d24ad63a/execute/async - {"script":"<script> [1562 bytes]","args":[{"selector":{"id":"shellAppTitle"},"wdio_ui5_key":"shellAppTitle"}]}
RESULT: {"script":"<script> [1562 bytes]","args":[{"selector":{"id":"shellAppTitle"},"wdio_ui5_key":"shellAppTitle"}]}
COMMAND: POST /session/2b38c89601306e0b0ee554c2d24ad63a/execute/async - {"script":"<script> [6424 bytes]","args":[{"element-6066-11e4-a52e-4f735466cecf":"f.41273845E260F28665E10038BC1DC094.d.070C24472D51CFFB33B451CF2D56CBD8.e.1787"},"getTitle",[]]}
RESULT: {"script":"<script> [6424 bytes]","args":[{"element-6066-11e4-a52e-4f735466cecf":"f.41273845E260F28665E10038BC1DC094.d.070C24472D51CFFB33B451CF2D56CBD8.e.1787"},"getTitle",[]]}
RESULT: undefined
COMMAND: POST /session/2b38c89601306e0b0ee554c2d24ad63a/element/f.41273845E260F28665E10038BC1DC094.d.070C24472D51CFFB33B451CF2D56CBD8.e.1650/click - {}
COMMAND: POST /session/2b38c89601306e0b0ee554c2d24ad63a/element/f.41273845E260F28665E10038BC1DC094.d.070C24472D51CFFB33B451CF2D56CBD8.e.1650/click - {}
COMMAND: POST /session/2b38c89601306e0b0ee554c2d24ad63a/element - {"using":"xpath","value":"//*[@id=\"backBtn\"]"}
COMMAND: POST /session/2b38c89601306e0b0ee554c2d24ad63a/element - {"using":"xpath","value":"//*[@id=\"backBtn\"]"}
RESULT: {"using":"xpath","value":"//*[@id=\"backBtn\"]"}
COMMAND: POST /session/2b38c89601306e0b0ee554c2d24ad63a/element/f.41273845E260F28665E10038BC1DC094.d.070C24472D51CFFB33B451CF2D56CBD8.e.1650/click - {}
RESULT: {"using":"xpath","value":"//*[@id=\"backBtn\"]"}
COMMAND: POST /session/2b38c89601306e0b0ee554c2d24ad63a/element/f.41273845E260F28665E10038BC1DC094.d.070C24472D51CFFB33B451CF2D56CBD8.e.1650/click - {}
COMMAND: POST /session/2b38c89601306e0b0ee554c2d24ad63a/element - {"using":"xpath","value":"//*[@id=\"backBtn\"]"}
COMMAND: POST /session/2b38c89601306e0b0ee554c2d24ad63a/element - {"using":"xpath","value":"//*[@id=\"backBtn\"]"}
RESULT: {"using":"xpath","value":"//*[@id=\"backBtn\"]"}
COMMAND: POST /session/2b38c89601306e0b0ee554c2d24ad63a/element/f.41273845E260F28665E10038BC1DC094.d.070C24472D51CFFB33B451CF2D56CBD8.e.1788/click - {}
RESULT: {"using":"xpath","value":"//*[@id=\"backBtn\"]"}
COMMAND: POST /session/2b38c89601306e0b0ee554c2d24ad63a/element/f.41273845E260F28665E10038BC1DC094.d.070C24472D51CFFB33B451CF2D56CBD8.e.1788/click - {}
RESULT: {}
COMMAND: GET /session/2b38c89601306e0b0ee554c2d24ad63a/screenshot - {}
RESULT: {}
COMMAND: GET /session/2b38c89601306e0b0ee554c2d24ad63a/screenshot - {}
RESULT: {}
RESULT: {}
]]></system-out>
    </testcase>
    <testcase classname="chrome.135_0_7049_42.windows.Sanity_Tests_US104253" name="Should open Manage Contracts page" time="34.659">
      <system-out><![CDATA[
COMMAND: POST /session/2b38c89601306e0b0ee554c2d24ad63a/execute/async - {"script":"<script> [1562 bytes]","args":[{"selector":{"controlType":"sap.m.GenericTile","properties":{"header":"Manage Contracts"}},"wdio_ui5_key":"sapm.GenericTile{\"header\":\"Manage Contracts\"}"}]}
RESULT: {"script":"<script> [1562 bytes]","args":[{"selector":{"controlType":"sap.m.GenericTile","properties":{"header":"Manage Contracts"}},"wdio_ui5_key":"sapm.GenericTile{\"header\":\"Manage Contracts\"}"}]}
RESULT: undefined
COMMAND: POST /session/2b38c89601306e0b0ee554c2d24ad63a/element - {"using":"xpath","value":"//*[@id=\"__tile130\"]"}
RESULT: {"using":"xpath","value":"//*[@id=\"__tile130\"]"}
COMMAND: POST /session/2b38c89601306e0b0ee554c2d24ad63a/element/f.41273845E260F28665E10038BC1DC094.d.070C24472D51CFFB33B451CF2D56CBD8.e.1790/click - {}
RESULT: {}
COMMAND: GET /session/2b38c89601306e0b0ee554c2d24ad63a/screenshot - {}
RESULT: {}
RESULT: undefined
COMMAND: POST /session/2b38c89601306e0b0ee554c2d24ad63a/element - {"using":"xpath","value":"//*[@id=\"__tile130\"]"}
RESULT: {"using":"xpath","value":"//*[@id=\"__tile130\"]"}
COMMAND: POST /session/2b38c89601306e0b0ee554c2d24ad63a/element/f.41273845E260F28665E10038BC1DC094.d.070C24472D51CFFB33B451CF2D56CBD8.e.1790/click - {}
RESULT: undefined
RESULT: undefined
COMMAND: POST /session/2b38c89601306e0b0ee554c2d24ad63a/element - {"using":"xpath","value":"//*[@id=\"__tile130\"]"}
RESULT: {"using":"xpath","value":"//*[@id=\"__tile130\"]"}
COMMAND: POST /session/2b38c89601306e0b0ee554c2d24ad63a/element/f.41273845E260F28665E10038BC1DC094.d.070C24472D51CFFB33B451CF2D56CBD8.e.1790/click - {}
RESULT: undefined
COMMAND: POST /session/2b38c89601306e0b0ee554c2d24ad63a/execute/async - {"script":"<script> [6424 bytes]","args":[{"element-6066-11e4-a52e-4f735466cecf":"f.41273845E260F28665E10038BC1DC094.d.070C24472D51CFFB33B451CF2D56CBD8.e.290"},"getTitle",[]]}
COMMAND: POST /session/2b38c89601306e0b0ee554c2d24ad63a/execute/async - {"script":"<script> [1562 bytes]","args":[{"selector":{"id":"shellAppTitle"},"wdio_ui5_key":"shellAppTitle"}]}
RESULT: {"script":"<script> [1562 bytes]","args":[{"selector":{"id":"shellAppTitle"},"wdio_ui5_key":"shellAppTitle"}]}
COMMAND: POST /session/2b38c89601306e0b0ee554c2d24ad63a/execute/async - {"script":"<script> [6424 bytes]","args":[{"element-6066-11e4-a52e-4f735466cecf":"f.41273845E260F28665E10038BC1DC094.d.070C24472D51CFFB33B451CF2D56CBD8.e.1872"},"getTitle",[]]}
RESULT: {"script":"<script> [6424 bytes]","args":[{"element-6066-11e4-a52e-4f735466cecf":"f.41273845E260F28665E10038BC1DC094.d.070C24472D51CFFB33B451CF2D56CBD8.e.1872"},"getTitle",[]]}
RESULT: undefined
COMMAND: POST /session/2b38c89601306e0b0ee554c2d24ad63a/element/f.41273845E260F28665E10038BC1DC094.d.070C24472D51CFFB33B451CF2D56CBD8.e.1788/click - {}
RESULT: {}
COMMAND: GET /session/2b38c89601306e0b0ee554c2d24ad63a/screenshot - {}
RESULT: {}
]]></system-out>
    </testcase>
    <testcase classname="chrome.135_0_7049_42.windows.Sanity_Tests_US104253" name="Should open Manage Quotations page" time="29.884">
      <system-out><![CDATA[
COMMAND: POST /session/2b38c89601306e0b0ee554c2d24ad63a/execute/async - {"script":"<script> [1562 bytes]","args":[{"selector":{"controlType":"sap.m.GenericTile","properties":{"header":"Manage Quotations"}},"wdio_ui5_key":"sapm.GenericTile{\"header\":\"Manage Quotations\"}"}]}
RESULT: {"script":"<script> [1562 bytes]","args":[{"selector":{"controlType":"sap.m.GenericTile","properties":{"header":"Manage Quotations"}},"wdio_ui5_key":"sapm.GenericTile{\"header\":\"Manage Quotations\"}"}]}
RESULT: undefined
COMMAND: POST /session/2b38c89601306e0b0ee554c2d24ad63a/element - {"using":"xpath","value":"//*[@id=\"__tile133\"]"}
RESULT: {"using":"xpath","value":"//*[@id=\"__tile133\"]"}
COMMAND: POST /session/2b38c89601306e0b0ee554c2d24ad63a/element/f.41273845E260F28665E10038BC1DC094.d.070C24472D51CFFB33B451CF2D56CBD8.e.1874/click - {}
RESULT: {}
COMMAND: GET /session/2b38c89601306e0b0ee554c2d24ad63a/screenshot - {}
RESULT: {}
RESULT: undefined
COMMAND: POST /session/2b38c89601306e0b0ee554c2d24ad63a/element - {"using":"xpath","value":"//*[@id=\"__tile133\"]"}
RESULT: {"using":"xpath","value":"//*[@id=\"__tile133\"]"}
COMMAND: POST /session/2b38c89601306e0b0ee554c2d24ad63a/element/f.41273845E260F28665E10038BC1DC094.d.070C24472D51CFFB33B451CF2D56CBD8.e.1874/click - {}
RESULT: undefined
COMMAND: POST /session/2b38c89601306e0b0ee554c2d24ad63a/element - {"using":"xpath","value":"//*[@id=\"__tile133\"]"}
RESULT: undefined
RESULT: {"using":"xpath","value":"//*[@id=\"__tile133\"]"}
COMMAND: POST /session/2b38c89601306e0b0ee554c2d24ad63a/element/f.41273845E260F28665E10038BC1DC094.d.070C24472D51CFFB33B451CF2D56CBD8.e.1874/click - {}
RESULT: undefined
COMMAND: POST /session/2b38c89601306e0b0ee554c2d24ad63a/execute/async - {"script":"<script> [6424 bytes]","args":[{"element-6066-11e4-a52e-4f735466cecf":"f.41273845E260F28665E10038BC1DC094.d.070C24472D51CFFB33B451CF2D56CBD8.e.290"},"getTitle",[]]}
COMMAND: POST /session/2b38c89601306e0b0ee554c2d24ad63a/execute/async - {"script":"<script> [1562 bytes]","args":[{"selector":{"id":"shellAppTitle"},"wdio_ui5_key":"shellAppTitle"}]}
RESULT: {"script":"<script> [1562 bytes]","args":[{"selector":{"id":"shellAppTitle"},"wdio_ui5_key":"shellAppTitle"}]}
COMMAND: POST /session/2b38c89601306e0b0ee554c2d24ad63a/execute/async - {"script":"<script> [6424 bytes]","args":[{"element-6066-11e4-a52e-4f735466cecf":"f.41273845E260F28665E10038BC1DC094.d.070C24472D51CFFB33B451CF2D56CBD8.e.1957"},"getTitle",[]]}
RESULT: {"script":"<script> [6424 bytes]","args":[{"element-6066-11e4-a52e-4f735466cecf":"f.41273845E260F28665E10038BC1DC094.d.070C24472D51CFFB33B451CF2D56CBD8.e.1957"},"getTitle",[]]}
RESULT: undefined
COMMAND: POST /session/2b38c89601306e0b0ee554c2d24ad63a/element/f.41273845E260F28665E10038BC1DC094.d.070C24472D51CFFB33B451CF2D56CBD8.e.1788/click - {}
COMMAND: POST /session/2b38c89601306e0b0ee554c2d24ad63a/element - {"using":"xpath","value":"//*[@id=\"backBtn\"]"}
RESULT: {"using":"xpath","value":"//*[@id=\"backBtn\"]"}
COMMAND: POST /session/2b38c89601306e0b0ee554c2d24ad63a/element/f.41273845E260F28665E10038BC1DC094.d.070C24472D51CFFB33B451CF2D56CBD8.e.1788/click - {}
COMMAND: POST /session/2b38c89601306e0b0ee554c2d24ad63a/element - {"using":"xpath","value":"//*[@id=\"backBtn\"]"}
RESULT: {"using":"xpath","value":"//*[@id=\"backBtn\"]"}
COMMAND: POST /session/2b38c89601306e0b0ee554c2d24ad63a/element/f.41273845E260F28665E10038BC1DC094.d.070C24472D51CFFB33B451CF2D56CBD8.e.1958/click - {}
RESULT: {}
COMMAND: GET /session/2b38c89601306e0b0ee554c2d24ad63a/screenshot - {}
RESULT: {}
]]></system-out>
    </testcase>
    <testcase classname="chrome.135_0_7049_42.windows.Sanity_Tests_US104253" name="Should open Manage Handovers page" time="34.838">
      <system-out><![CDATA[
COMMAND: POST /session/2b38c89601306e0b0ee554c2d24ad63a/execute/async - {"script":"<script> [1562 bytes]","args":[{"selector":{"controlType":"sap.m.GenericTile","properties":{"header":"Manage Handovers"}},"wdio_ui5_key":"sapm.GenericTile{\"header\":\"Manage Handovers\"}"}]}
RESULT: {"script":"<script> [1562 bytes]","args":[{"selector":{"controlType":"sap.m.GenericTile","properties":{"header":"Manage Handovers"}},"wdio_ui5_key":"sapm.GenericTile{\"header\":\"Manage Handovers\"}"}]}
RESULT: undefined
COMMAND: POST /session/2b38c89601306e0b0ee554c2d24ad63a/element - {"using":"xpath","value":"//*[@id=\"__tile131\"]"}
RESULT: {"using":"xpath","value":"//*[@id=\"__tile131\"]"}
COMMAND: POST /session/2b38c89601306e0b0ee554c2d24ad63a/element/f.41273845E260F28665E10038BC1DC094.d.070C24472D51CFFB33B451CF2D56CBD8.e.1960/click - {}
RESULT: {}
COMMAND: GET /session/2b38c89601306e0b0ee554c2d24ad63a/screenshot - {}
RESULT: {}
RESULT: undefined
COMMAND: POST /session/2b38c89601306e0b0ee554c2d24ad63a/element - {"using":"xpath","value":"//*[@id=\"__tile131\"]"}
RESULT: {"using":"xpath","value":"//*[@id=\"__tile131\"]"}
COMMAND: POST /session/2b38c89601306e0b0ee554c2d24ad63a/element/f.41273845E260F28665E10038BC1DC094.d.070C24472D51CFFB33B451CF2D56CBD8.e.1960/click - {}
RESULT: undefined
COMMAND: POST /session/2b38c89601306e0b0ee554c2d24ad63a/element - {"using":"xpath","value":"//*[@id=\"__tile131\"]"}
RESULT: {"using":"xpath","value":"//*[@id=\"__tile131\"]"}
COMMAND: POST /session/2b38c89601306e0b0ee554c2d24ad63a/element/f.41273845E260F28665E10038BC1DC094.d.070C24472D51CFFB33B451CF2D56CBD8.e.1960/click - {}
RESULT: undefined
COMMAND: POST /session/2b38c89601306e0b0ee554c2d24ad63a/execute/async - {"script":"<script> [6424 bytes]","args":[{"element-6066-11e4-a52e-4f735466cecf":"f.41273845E260F28665E10038BC1DC094.d.070C24472D51CFFB33B451CF2D56CBD8.e.290"},"getTitle",[]]}
COMMAND: POST /session/2b38c89601306e0b0ee554c2d24ad63a/execute/async - {"script":"<script> [1562 bytes]","args":[{"selector":{"id":"shellAppTitle"},"wdio_ui5_key":"shellAppTitle"}]}
RESULT: {"script":"<script> [1562 bytes]","args":[{"selector":{"id":"shellAppTitle"},"wdio_ui5_key":"shellAppTitle"}]}
COMMAND: POST /session/2b38c89601306e0b0ee554c2d24ad63a/execute/async - {"script":"<script> [6424 bytes]","args":[{"element-6066-11e4-a52e-4f735466cecf":"f.41273845E260F28665E10038BC1DC094.d.070C24472D51CFFB33B451CF2D56CBD8.e.2066"},"getTitle",[]]}
RESULT: {"script":"<script> [6424 bytes]","args":[{"element-6066-11e4-a52e-4f735466cecf":"f.41273845E260F28665E10038BC1DC094.d.070C24472D51CFFB33B451CF2D56CBD8.e.2066"},"getTitle",[]]}
RESULT: undefined
COMMAND: POST /session/2b38c89601306e0b0ee554c2d24ad63a/element/f.41273845E260F28665E10038BC1DC094.d.070C24472D51CFFB33B451CF2D56CBD8.e.1958/click - {}
RESULT: {}
COMMAND: GET /session/2b38c89601306e0b0ee554c2d24ad63a/screenshot - {}
RESULT: {}
]]></system-out>
    </testcase>
    <testcase classname="chrome.135_0_7049_42.windows.Sanity_Tests_US104253" name="Should open Delivery Monitor page" time="33.779">
      <system-out><![CDATA[
COMMAND: POST /session/2b38c89601306e0b0ee554c2d24ad63a/execute/async - {"script":"<script> [1562 bytes]","args":[{"selector":{"controlType":"sap.m.GenericTile","properties":{"header":"Delivery Monitor"}},"wdio_ui5_key":"sapm.GenericTile{\"header\":\"Delivery Monitor\"}"}]}
RESULT: {"script":"<script> [1562 bytes]","args":[{"selector":{"controlType":"sap.m.GenericTile","properties":{"header":"Delivery Monitor"}},"wdio_ui5_key":"sapm.GenericTile{\"header\":\"Delivery Monitor\"}"}]}
RESULT: undefined
COMMAND: POST /session/2b38c89601306e0b0ee554c2d24ad63a/element - {"using":"xpath","value":"//*[@id=\"__tile43\"]"}
RESULT: {"using":"xpath","value":"//*[@id=\"__tile43\"]"}
COMMAND: POST /session/2b38c89601306e0b0ee554c2d24ad63a/element/f.41273845E260F28665E10038BC1DC094.d.070C24472D51CFFB33B451CF2D56CBD8.e.2068/click - {}
RESULT: {}
COMMAND: GET /session/2b38c89601306e0b0ee554c2d24ad63a/screenshot - {}
RESULT: {}
RESULT: undefined
COMMAND: POST /session/2b38c89601306e0b0ee554c2d24ad63a/element - {"using":"xpath","value":"//*[@id=\"__tile43\"]"}
RESULT: {"using":"xpath","value":"//*[@id=\"__tile43\"]"}
COMMAND: POST /session/2b38c89601306e0b0ee554c2d24ad63a/element/f.41273845E260F28665E10038BC1DC094.d.070C24472D51CFFB33B451CF2D56CBD8.e.2068/click - {}
RESULT: undefined
COMMAND: POST /session/2b38c89601306e0b0ee554c2d24ad63a/element - {"using":"xpath","value":"//*[@id=\"__tile43\"]"}
RESULT: {"using":"xpath","value":"//*[@id=\"__tile43\"]"}
COMMAND: POST /session/2b38c89601306e0b0ee554c2d24ad63a/element/f.41273845E260F28665E10038BC1DC094.d.070C24472D51CFFB33B451CF2D56CBD8.e.2068/click - {}
RESULT: undefined
COMMAND: POST /session/2b38c89601306e0b0ee554c2d24ad63a/execute/async - {"script":"<script> [6424 bytes]","args":[{"element-6066-11e4-a52e-4f735466cecf":"f.41273845E260F28665E10038BC1DC094.d.070C24472D51CFFB33B451CF2D56CBD8.e.290"},"getTitle",[]]}
COMMAND: POST /session/2b38c89601306e0b0ee554c2d24ad63a/execute/async - {"script":"<script> [1562 bytes]","args":[{"selector":{"id":"shellAppTitle"},"wdio_ui5_key":"shellAppTitle"}]}
RESULT: {"script":"<script> [1562 bytes]","args":[{"selector":{"id":"shellAppTitle"},"wdio_ui5_key":"shellAppTitle"}]}
COMMAND: POST /session/2b38c89601306e0b0ee554c2d24ad63a/execute/async - {"script":"<script> [6424 bytes]","args":[{"element-6066-11e4-a52e-4f735466cecf":"f.41273845E260F28665E10038BC1DC094.d.070C24472D51CFFB33B451CF2D56CBD8.e.2189"},"getTitle",[]]}
RESULT: {"script":"<script> [6424 bytes]","args":[{"element-6066-11e4-a52e-4f735466cecf":"f.41273845E260F28665E10038BC1DC094.d.070C24472D51CFFB33B451CF2D56CBD8.e.2189"},"getTitle",[]]}
RESULT: undefined
COMMAND: POST /session/2b38c89601306e0b0ee554c2d24ad63a/element/f.41273845E260F28665E10038BC1DC094.d.070C24472D51CFFB33B451CF2D56CBD8.e.1958/click - {}
COMMAND: POST /session/2b38c89601306e0b0ee554c2d24ad63a/element - {"using":"xpath","value":"//*[@id=\"backBtn\"]"}
RESULT: {"using":"xpath","value":"//*[@id=\"backBtn\"]"}
COMMAND: POST /session/2b38c89601306e0b0ee554c2d24ad63a/element/f.41273845E260F28665E10038BC1DC094.d.070C24472D51CFFB33B451CF2D56CBD8.e.1958/click - {}
COMMAND: POST /session/2b38c89601306e0b0ee554c2d24ad63a/element - {"using":"xpath","value":"//*[@id=\"backBtn\"]"}
RESULT: {"using":"xpath","value":"//*[@id=\"backBtn\"]"}
COMMAND: POST /session/2b38c89601306e0b0ee554c2d24ad63a/element/f.41273845E260F28665E10038BC1DC094.d.070C24472D51CFFB33B451CF2D56CBD8.e.2190/click - {}
RESULT: {}
COMMAND: GET /session/2b38c89601306e0b0ee554c2d24ad63a/screenshot - {}
RESULT: {}
]]></system-out>
    </testcase>
    <testcase classname="chrome.135_0_7049_42.windows.Sanity_Tests_US104253" name="Should open Manage Calendar Exceptions page" time="34.685">
      <system-out><![CDATA[
COMMAND: POST /session/2b38c89601306e0b0ee554c2d24ad63a/execute/async - {"script":"<script> [1562 bytes]","args":[{"selector":{"controlType":"sap.m.GenericTile","properties":{"header":"Manage Calendar Exceptions"}},"wdio_ui5_key":"sapm.GenericTile{\"header\":\"Manage Calendar Exceptions\"}"}]}
RESULT: {"script":"<script> [1562 bytes]","args":[{"selector":{"controlType":"sap.m.GenericTile","properties":{"header":"Manage Calendar Exceptions"}},"wdio_ui5_key":"sapm.GenericTile{\"header\":\"Manage Calendar Exceptions\"}"}]}
RESULT: undefined
COMMAND: POST /session/2b38c89601306e0b0ee554c2d24ad63a/element - {"using":"xpath","value":"//*[@id=\"__tile52\"]"}
RESULT: {"using":"xpath","value":"//*[@id=\"__tile52\"]"}
COMMAND: POST /session/2b38c89601306e0b0ee554c2d24ad63a/element/f.41273845E260F28665E10038BC1DC094.d.070C24472D51CFFB33B451CF2D56CBD8.e.2193/click - {}
RESULT: {}
COMMAND: GET /session/2b38c89601306e0b0ee554c2d24ad63a/screenshot - {}
RESULT: {}
RESULT: undefined
COMMAND: POST /session/2b38c89601306e0b0ee554c2d24ad63a/element - {"using":"xpath","value":"//*[@id=\"__tile52\"]"}
RESULT: {"using":"xpath","value":"//*[@id=\"__tile52\"]"}
COMMAND: POST /session/2b38c89601306e0b0ee554c2d24ad63a/element/f.41273845E260F28665E10038BC1DC094.d.070C24472D51CFFB33B451CF2D56CBD8.e.2193/click - {}
RESULT: undefined
COMMAND: POST /session/2b38c89601306e0b0ee554c2d24ad63a/element - {"using":"xpath","value":"//*[@id=\"__tile52\"]"}
RESULT: {"using":"xpath","value":"//*[@id=\"__tile52\"]"}
COMMAND: POST /session/2b38c89601306e0b0ee554c2d24ad63a/element/f.41273845E260F28665E10038BC1DC094.d.070C24472D51CFFB33B451CF2D56CBD8.e.2193/click - {}
RESULT: undefined
COMMAND: POST /session/2b38c89601306e0b0ee554c2d24ad63a/execute/async - {"script":"<script> [6424 bytes]","args":[{"element-6066-11e4-a52e-4f735466cecf":"f.41273845E260F28665E10038BC1DC094.d.070C24472D51CFFB33B451CF2D56CBD8.e.290"},"getTitle",[]]}
COMMAND: POST /session/2b38c89601306e0b0ee554c2d24ad63a/execute/async - {"script":"<script> [1562 bytes]","args":[{"selector":{"id":"shellAppTitle"},"wdio_ui5_key":"shellAppTitle"}]}
RESULT: {"script":"<script> [1562 bytes]","args":[{"selector":{"id":"shellAppTitle"},"wdio_ui5_key":"shellAppTitle"}]}
COMMAND: POST /session/2b38c89601306e0b0ee554c2d24ad63a/execute/async - {"script":"<script> [6424 bytes]","args":[{"element-6066-11e4-a52e-4f735466cecf":"f.41273845E260F28665E10038BC1DC094.d.070C24472D51CFFB33B451CF2D56CBD8.e.2258"},"getTitle",[]]}
RESULT: {"script":"<script> [6424 bytes]","args":[{"element-6066-11e4-a52e-4f735466cecf":"f.41273845E260F28665E10038BC1DC094.d.070C24472D51CFFB33B451CF2D56CBD8.e.2258"},"getTitle",[]]}
RESULT: undefined
COMMAND: POST /session/2b38c89601306e0b0ee554c2d24ad63a/element/f.41273845E260F28665E10038BC1DC094.d.070C24472D51CFFB33B451CF2D56CBD8.e.2190/click - {}
RESULT: {}
COMMAND: GET /session/2b38c89601306e0b0ee554c2d24ad63a/screenshot - {}
RESULT: {}
]]></system-out>
    </testcase>
    <testcase classname="chrome.135_0_7049_42.windows.Sanity_Tests_US104253" name="Should open Manage States Performance page" time="32.503">
      <system-out><![CDATA[
COMMAND: POST /session/2b38c89601306e0b0ee554c2d24ad63a/execute/async - {"script":"<script> [1562 bytes]","args":[{"selector":{"controlType":"sap.m.GenericTile","properties":{"header":"Manage States & Performance"}},"wdio_ui5_key":"sapm.GenericTile{\"header\":\"Manage States & Performance\"}"}]}
RESULT: {"script":"<script> [1562 bytes]","args":[{"selector":{"controlType":"sap.m.GenericTile","properties":{"header":"Manage States & Performance"}},"wdio_ui5_key":"sapm.GenericTile{\"header\":\"Manage States & Performance\"}"}]}
RESULT: undefined
COMMAND: POST /session/2b38c89601306e0b0ee554c2d24ad63a/element - {"using":"xpath","value":"//*[@id=\"__tile56\"]"}
RESULT: {"using":"xpath","value":"//*[@id=\"__tile56\"]"}
COMMAND: POST /session/2b38c89601306e0b0ee554c2d24ad63a/element/f.41273845E260F28665E10038BC1DC094.d.070C24472D51CFFB33B451CF2D56CBD8.e.2262/click - {}
RESULT: {}
COMMAND: GET /session/2b38c89601306e0b0ee554c2d24ad63a/screenshot - {}
RESULT: {}
RESULT: undefined
COMMAND: POST /session/2b38c89601306e0b0ee554c2d24ad63a/element - {"using":"xpath","value":"//*[@id=\"__tile56\"]"}
RESULT: {"using":"xpath","value":"//*[@id=\"__tile56\"]"}
COMMAND: POST /session/2b38c89601306e0b0ee554c2d24ad63a/element/f.41273845E260F28665E10038BC1DC094.d.070C24472D51CFFB33B451CF2D56CBD8.e.2262/click - {}
RESULT: undefined
COMMAND: POST /session/2b38c89601306e0b0ee554c2d24ad63a/element - {"using":"xpath","value":"//*[@id=\"__tile56\"]"}
RESULT: {"using":"xpath","value":"//*[@id=\"__tile56\"]"}
COMMAND: POST /session/2b38c89601306e0b0ee554c2d24ad63a/element/f.41273845E260F28665E10038BC1DC094.d.070C24472D51CFFB33B451CF2D56CBD8.e.2262/click - {}
RESULT: undefined
COMMAND: POST /session/2b38c89601306e0b0ee554c2d24ad63a/execute/async - {"script":"<script> [6424 bytes]","args":[{"element-6066-11e4-a52e-4f735466cecf":"f.41273845E260F28665E10038BC1DC094.d.070C24472D51CFFB33B451CF2D56CBD8.e.290"},"getTitle",[]]}
COMMAND: POST /session/2b38c89601306e0b0ee554c2d24ad63a/execute/async - {"script":"<script> [1562 bytes]","args":[{"selector":{"id":"shellAppTitle"},"wdio_ui5_key":"shellAppTitle"}]}
RESULT: {"script":"<script> [1562 bytes]","args":[{"selector":{"id":"shellAppTitle"},"wdio_ui5_key":"shellAppTitle"}]}
COMMAND: POST /session/2b38c89601306e0b0ee554c2d24ad63a/execute/async - {"script":"<script> [6424 bytes]","args":[{"element-6066-11e4-a52e-4f735466cecf":"f.41273845E260F28665E10038BC1DC094.d.070C24472D51CFFB33B451CF2D56CBD8.e.2362"},"getTitle",[]]}
RESULT: {"script":"<script> [6424 bytes]","args":[{"element-6066-11e4-a52e-4f735466cecf":"f.41273845E260F28665E10038BC1DC094.d.070C24472D51CFFB33B451CF2D56CBD8.e.2362"},"getTitle",[]]}
RESULT: undefined
COMMAND: POST /session/2b38c89601306e0b0ee554c2d24ad63a/element/f.41273845E260F28665E10038BC1DC094.d.070C24472D51CFFB33B451CF2D56CBD8.e.2190/click - {}
COMMAND: POST /session/2b38c89601306e0b0ee554c2d24ad63a/element - {"using":"xpath","value":"//*[@id=\"backBtn\"]"}
RESULT: {"using":"xpath","value":"//*[@id=\"backBtn\"]"}
COMMAND: POST /session/2b38c89601306e0b0ee554c2d24ad63a/element/f.41273845E260F28665E10038BC1DC094.d.070C24472D51CFFB33B451CF2D56CBD8.e.2190/click - {}
COMMAND: POST /session/2b38c89601306e0b0ee554c2d24ad63a/element - {"using":"xpath","value":"//*[@id=\"backBtn\"]"}
RESULT: {"using":"xpath","value":"//*[@id=\"backBtn\"]"}
COMMAND: POST /session/2b38c89601306e0b0ee554c2d24ad63a/element/f.41273845E260F28665E10038BC1DC094.d.070C24472D51CFFB33B451CF2D56CBD8.e.2363/click - {}
RESULT: {}
COMMAND: GET /session/2b38c89601306e0b0ee554c2d24ad63a/screenshot - {}
RESULT: {}
]]></system-out>
    </testcase>
    <testcase classname="chrome.135_0_7049_42.windows.Sanity_Tests_US104253" name="Should open Manage Billings page" time="33.385">
      <system-out><![CDATA[
COMMAND: POST /session/2b38c89601306e0b0ee554c2d24ad63a/execute/async - {"script":"<script> [1562 bytes]","args":[{"selector":{"controlType":"sap.m.GenericTile","properties":{"header":"Manage Billings"}},"wdio_ui5_key":"sapm.GenericTile{\"header\":\"Manage Billings\"}"}]}
RESULT: {"script":"<script> [1562 bytes]","args":[{"selector":{"controlType":"sap.m.GenericTile","properties":{"header":"Manage Billings"}},"wdio_ui5_key":"sapm.GenericTile{\"header\":\"Manage Billings\"}"}]}
RESULT: undefined
COMMAND: POST /session/2b38c89601306e0b0ee554c2d24ad63a/element - {"using":"xpath","value":"//*[@id=\"__tile51\"]"}
RESULT: {"using":"xpath","value":"//*[@id=\"__tile51\"]"}
COMMAND: POST /session/2b38c89601306e0b0ee554c2d24ad63a/element/f.41273845E260F28665E10038BC1DC094.d.070C24472D51CFFB33B451CF2D56CBD8.e.2365/click - {}
RESULT: {}
COMMAND: GET /session/2b38c89601306e0b0ee554c2d24ad63a/screenshot - {}
RESULT: {}
RESULT: undefined
COMMAND: POST /session/2b38c89601306e0b0ee554c2d24ad63a/element - {"using":"xpath","value":"//*[@id=\"__tile51\"]"}
RESULT: {"using":"xpath","value":"//*[@id=\"__tile51\"]"}
COMMAND: POST /session/2b38c89601306e0b0ee554c2d24ad63a/element/f.41273845E260F28665E10038BC1DC094.d.070C24472D51CFFB33B451CF2D56CBD8.e.2365/click - {}
RESULT: undefined
COMMAND: POST /session/2b38c89601306e0b0ee554c2d24ad63a/element - {"using":"xpath","value":"//*[@id=\"__tile51\"]"}
RESULT: {"using":"xpath","value":"//*[@id=\"__tile51\"]"}
COMMAND: POST /session/2b38c89601306e0b0ee554c2d24ad63a/element/f.41273845E260F28665E10038BC1DC094.d.070C24472D51CFFB33B451CF2D56CBD8.e.2365/click - {}
RESULT: undefined
COMMAND: POST /session/2b38c89601306e0b0ee554c2d24ad63a/execute/async - {"script":"<script> [6424 bytes]","args":[{"element-6066-11e4-a52e-4f735466cecf":"f.41273845E260F28665E10038BC1DC094.d.070C24472D51CFFB33B451CF2D56CBD8.e.290"},"getTitle",[]]}
COMMAND: POST /session/2b38c89601306e0b0ee554c2d24ad63a/execute/async - {"script":"<script> [1562 bytes]","args":[{"selector":{"id":"shellAppTitle"},"wdio_ui5_key":"shellAppTitle"}]}
RESULT: {"script":"<script> [1562 bytes]","args":[{"selector":{"id":"shellAppTitle"},"wdio_ui5_key":"shellAppTitle"}]}
COMMAND: POST /session/2b38c89601306e0b0ee554c2d24ad63a/execute/async - {"script":"<script> [6424 bytes]","args":[{"element-6066-11e4-a52e-4f735466cecf":"f.41273845E260F28665E10038BC1DC094.d.070C24472D51CFFB33B451CF2D56CBD8.e.2579"},"getTitle",[]]}
RESULT: {"script":"<script> [6424 bytes]","args":[{"element-6066-11e4-a52e-4f735466cecf":"f.41273845E260F28665E10038BC1DC094.d.070C24472D51CFFB33B451CF2D56CBD8.e.2579"},"getTitle",[]]}
RESULT: undefined
COMMAND: POST /session/2b38c89601306e0b0ee554c2d24ad63a/element/f.41273845E260F28665E10038BC1DC094.d.070C24472D51CFFB33B451CF2D56CBD8.e.2363/click - {}
COMMAND: POST /session/2b38c89601306e0b0ee554c2d24ad63a/element/f.41273845E260F28665E10038BC1DC094.d.070C24472D51CFFB33B451CF2D56CBD8.e.2363/click - {}
RESULT: {}
COMMAND: GET /session/2b38c89601306e0b0ee554c2d24ad63a/screenshot - {}
COMMAND: POST /session/2b38c89601306e0b0ee554c2d24ad63a/element - {"using":"xpath","value":"//*[@id=\"backBtn\"]"}
RESULT: {}
RESULT: {"using":"xpath","value":"//*[@id=\"backBtn\"]"}
COMMAND: POST /session/2b38c89601306e0b0ee554c2d24ad63a/elements - {"using":"xpath","value":"//*[@id=\"backBtn\"]"}
RESULT: {"using":"xpath","value":"//*[@id=\"backBtn\"]"}
COMMAND: POST /session/2b38c89601306e0b0ee554c2d24ad63a/elements - {"using":"xpath","value":"//*[@id=\"backBtn\"]"}
RESULT: {"using":"xpath","value":"//*[@id=\"backBtn\"]"}
COMMAND: POST /session/2b38c89601306e0b0ee554c2d24ad63a/elements - {"using":"xpath","value":"//*[@id=\"backBtn\"]"}
RESULT: {"using":"xpath","value":"//*[@id=\"backBtn\"]"}
COMMAND: POST /session/2b38c89601306e0b0ee554c2d24ad63a/elements - {"using":"xpath","value":"//*[@id=\"backBtn\"]"}
RESULT: {"using":"xpath","value":"//*[@id=\"backBtn\"]"}
COMMAND: POST /session/2b38c89601306e0b0ee554c2d24ad63a/elements - {"using":"xpath","value":"//*[@id=\"backBtn\"]"}
RESULT: {"using":"xpath","value":"//*[@id=\"backBtn\"]"}
COMMAND: POST /session/2b38c89601306e0b0ee554c2d24ad63a/elements - {"using":"xpath","value":"//*[@id=\"backBtn\"]"}
RESULT: {"using":"xpath","value":"//*[@id=\"backBtn\"]"}
COMMAND: POST /session/2b38c89601306e0b0ee554c2d24ad63a/elements - {"using":"xpath","value":"//*[@id=\"backBtn\"]"}
RESULT: {"using":"xpath","value":"//*[@id=\"backBtn\"]"}
COMMAND: POST /session/2b38c89601306e0b0ee554c2d24ad63a/elements - {"using":"xpath","value":"//*[@id=\"backBtn\"]"}
RESULT: {"using":"xpath","value":"//*[@id=\"backBtn\"]"}
COMMAND: POST /session/2b38c89601306e0b0ee554c2d24ad63a/elements - {"using":"xpath","value":"//*[@id=\"backBtn\"]"}
RESULT: {"using":"xpath","value":"//*[@id=\"backBtn\"]"}
COMMAND: POST /session/2b38c89601306e0b0ee554c2d24ad63a/elements - {"using":"xpath","value":"//*[@id=\"backBtn\"]"}
RESULT: {"using":"xpath","value":"//*[@id=\"backBtn\"]"}
COMMAND: POST /session/2b38c89601306e0b0ee554c2d24ad63a/elements - {"using":"xpath","value":"//*[@id=\"backBtn\"]"}
RESULT: {"using":"xpath","value":"//*[@id=\"backBtn\"]"}
COMMAND: POST /session/2b38c89601306e0b0ee554c2d24ad63a/elements - {"using":"xpath","value":"//*[@id=\"backBtn\"]"}
RESULT: {"using":"xpath","value":"//*[@id=\"backBtn\"]"}
COMMAND: POST /session/2b38c89601306e0b0ee554c2d24ad63a/elements - {"using":"xpath","value":"//*[@id=\"backBtn\"]"}
RESULT: {"using":"xpath","value":"//*[@id=\"backBtn\"]"}
COMMAND: POST /session/2b38c89601306e0b0ee554c2d24ad63a/elements - {"using":"xpath","value":"//*[@id=\"backBtn\"]"}
RESULT: {"using":"xpath","value":"//*[@id=\"backBtn\"]"}
COMMAND: POST /session/2b38c89601306e0b0ee554c2d24ad63a/elements - {"using":"xpath","value":"//*[@id=\"backBtn\"]"}
RESULT: {"using":"xpath","value":"//*[@id=\"backBtn\"]"}
COMMAND: POST /session/2b38c89601306e0b0ee554c2d24ad63a/elements - {"using":"xpath","value":"//*[@id=\"backBtn\"]"}
RESULT: {"using":"xpath","value":"//*[@id=\"backBtn\"]"}
COMMAND: POST /session/2b38c89601306e0b0ee554c2d24ad63a/elements - {"using":"xpath","value":"//*[@id=\"backBtn\"]"}
RESULT: {"using":"xpath","value":"//*[@id=\"backBtn\"]"}
COMMAND: POST /session/2b38c89601306e0b0ee554c2d24ad63a/elements - {"using":"xpath","value":"//*[@id=\"backBtn\"]"}
RESULT: {"using":"xpath","value":"//*[@id=\"backBtn\"]"}
]]></system-out>
    </testcase>
    <testcase classname="chrome.135_0_7049_42.windows.Sanity_Tests_US104253" name="Should open Manage Conditions Prices page" time="40.843">
      <system-out><![CDATA[
COMMAND: POST /session/2b38c89601306e0b0ee554c2d24ad63a/execute/async - {"script":"<script> [1562 bytes]","args":[{"selector":{"controlType":"sap.m.GenericTile","properties":{"header":"Manage Conditions & Prices"}},"wdio_ui5_key":"sapm.GenericTile{\"header\":\"Manage Conditions & Prices\"}"}]}
COMMAND: POST /session/2b38c89601306e0b0ee554c2d24ad63a/elements - {"using":"xpath","value":"//*[@id=\"backBtn\"]"}
RESULT: {"script":"<script> [1562 bytes]","args":[{"selector":{"controlType":"sap.m.GenericTile","properties":{"header":"Manage Conditions & Prices"}},"wdio_ui5_key":"sapm.GenericTile{\"header\":\"Manage Conditions & Prices\"}"}]}
RESULT: undefined
COMMAND: POST /session/2b38c89601306e0b0ee554c2d24ad63a/element - {"using":"xpath","value":"//*[@id=\"__tile53\"]"}
RESULT: {"using":"xpath","value":"//*[@id=\"backBtn\"]"}
RESULT: {"using":"xpath","value":"//*[@id=\"__tile53\"]"}
COMMAND: POST /session/2b38c89601306e0b0ee554c2d24ad63a/element/f.41273845E260F28665E10038BC1DC094.d.070C24472D51CFFB33B451CF2D56CBD8.e.2581/click - {}
COMMAND: POST /session/2b38c89601306e0b0ee554c2d24ad63a/elements - {"using":"xpath","value":"//*[@id=\"backBtn\"]"}
RESULT: {}
COMMAND: GET /session/2b38c89601306e0b0ee554c2d24ad63a/screenshot - {}
RESULT: {"using":"xpath","value":"//*[@id=\"backBtn\"]"}
RESULT: {}
COMMAND: POST /session/2b38c89601306e0b0ee554c2d24ad63a/elements - {"using":"xpath","value":"//*[@id=\"backBtn\"]"}
RESULT: {"using":"xpath","value":"//*[@id=\"backBtn\"]"}
COMMAND: POST /session/2b38c89601306e0b0ee554c2d24ad63a/elements - {"using":"xpath","value":"//*[@id=\"backBtn\"]"}
RESULT: {"using":"xpath","value":"//*[@id=\"backBtn\"]"}
COMMAND: POST /session/2b38c89601306e0b0ee554c2d24ad63a/elements - {"using":"xpath","value":"//*[@id=\"backBtn\"]"}
RESULT: {"using":"xpath","value":"//*[@id=\"backBtn\"]"}
COMMAND: POST /session/2b38c89601306e0b0ee554c2d24ad63a/elements - {"using":"xpath","value":"//*[@id=\"backBtn\"]"}
RESULT: {"using":"xpath","value":"//*[@id=\"backBtn\"]"}
COMMAND: POST /session/2b38c89601306e0b0ee554c2d24ad63a/elements - {"using":"xpath","value":"//*[@id=\"backBtn\"]"}
RESULT: undefined
COMMAND: POST /session/2b38c89601306e0b0ee554c2d24ad63a/element - {"using":"xpath","value":"//*[@id=\"__tile53\"]"}
RESULT: {"using":"xpath","value":"//*[@id=\"backBtn\"]"}
COMMAND: POST /session/2b38c89601306e0b0ee554c2d24ad63a/element - {"using":"xpath","value":"//*[@id=\"backBtn\"]"}
RESULT: {"using":"xpath","value":"//*[@id=\"__tile53\"]"}
COMMAND: POST /session/2b38c89601306e0b0ee554c2d24ad63a/element/f.41273845E260F28665E10038BC1DC094.d.070C24472D51CFFB33B451CF2D56CBD8.e.2581/click - {}
RESULT: {"using":"xpath","value":"//*[@id=\"backBtn\"]"}
COMMAND: POST /session/2b38c89601306e0b0ee554c2d24ad63a/element/f.41273845E260F28665E10038BC1DC094.d.070C24472D51CFFB33B451CF2D56CBD8.e.2363/click - {}
COMMAND: POST /session/2b38c89601306e0b0ee554c2d24ad63a/element - {"using":"xpath","value":"//*[@id=\"backBtn\"]"}
RESULT: {"using":"xpath","value":"//*[@id=\"backBtn\"]"}
COMMAND: POST /session/2b38c89601306e0b0ee554c2d24ad63a/element/f.41273845E260F28665E10038BC1DC094.d.070C24472D51CFFB33B451CF2D56CBD8.e.2584/click - {}
RESULT: {}
COMMAND: GET /session/2b38c89601306e0b0ee554c2d24ad63a/screenshot - {}
RESULT: {}
RESULT: undefined
COMMAND: POST /session/2b38c89601306e0b0ee554c2d24ad63a/element - {"using":"xpath","value":"//*[@id=\"__tile53\"]"}
COMMAND: GET /session/2b38c89601306e0b0ee554c2d24ad63a/screenshot - {}
RESULT: {}
RESULT: {"using":"xpath","value":"//*[@id=\"__tile53\"]"}
COMMAND: POST /session/2b38c89601306e0b0ee554c2d24ad63a/element/f.41273845E260F28665E10038BC1DC094.d.070C24472D51CFFB33B451CF2D56CBD8.e.2581/click - {}
RESULT: {}
RESULT: undefined
COMMAND: POST /session/2b38c89601306e0b0ee554c2d24ad63a/execute/async - {"script":"<script> [6424 bytes]","args":[{"element-6066-11e4-a52e-4f735466cecf":"f.41273845E260F28665E10038BC1DC094.d.070C24472D51CFFB33B451CF2D56CBD8.e.290"},"getTitle",[]]}
COMMAND: POST /session/2b38c89601306e0b0ee554c2d24ad63a/execute/async - {"script":"<script> [1562 bytes]","args":[{"selector":{"id":"shellAppTitle"},"wdio_ui5_key":"shellAppTitle"}]}
RESULT: {"script":"<script> [1562 bytes]","args":[{"selector":{"id":"shellAppTitle"},"wdio_ui5_key":"shellAppTitle"}]}
COMMAND: POST /session/2b38c89601306e0b0ee554c2d24ad63a/execute/async - {"script":"<script> [6424 bytes]","args":[{"element-6066-11e4-a52e-4f735466cecf":"f.41273845E260F28665E10038BC1DC094.d.070C24472D51CFFB33B451CF2D56CBD8.e.2771"},"getTitle",[]]}
RESULT: {"script":"<script> [6424 bytes]","args":[{"element-6066-11e4-a52e-4f735466cecf":"f.41273845E260F28665E10038BC1DC094.d.070C24472D51CFFB33B451CF2D56CBD8.e.2771"},"getTitle",[]]}
RESULT: undefined
COMMAND: POST /session/2b38c89601306e0b0ee554c2d24ad63a/element/f.41273845E260F28665E10038BC1DC094.d.070C24472D51CFFB33B451CF2D56CBD8.e.2584/click - {}
RESULT: {}
COMMAND: GET /session/2b38c89601306e0b0ee554c2d24ad63a/screenshot - {}
RESULT: {}
]]></system-out>
    </testcase>
    <testcase classname="chrome.135_0_7049_42.windows.Sanity_Tests_US104253" name="Should open Billing Transfer page" time="35.863">
      <system-out><![CDATA[
COMMAND: POST /session/2b38c89601306e0b0ee554c2d24ad63a/execute/async - {"script":"<script> [1562 bytes]","args":[{"selector":{"controlType":"sap.m.GenericTile","properties":{"header":"Billing Transfer"}},"wdio_ui5_key":"sapm.GenericTile{\"header\":\"Billing Transfer\"}"}]}
RESULT: {"script":"<script> [1562 bytes]","args":[{"selector":{"controlType":"sap.m.GenericTile","properties":{"header":"Billing Transfer"}},"wdio_ui5_key":"sapm.GenericTile{\"header\":\"Billing Transfer\"}"}]}
RESULT: undefined
COMMAND: POST /session/2b38c89601306e0b0ee554c2d24ad63a/element - {"using":"xpath","value":"//*[@id=\"__tile50\"]"}
RESULT: {"using":"xpath","value":"//*[@id=\"__tile50\"]"}
COMMAND: POST /session/2b38c89601306e0b0ee554c2d24ad63a/element/f.41273845E260F28665E10038BC1DC094.d.070C24472D51CFFB33B451CF2D56CBD8.e.2773/click - {}
RESULT: {}
COMMAND: GET /session/2b38c89601306e0b0ee554c2d24ad63a/screenshot - {}
RESULT: {}
RESULT: undefined
COMMAND: POST /session/2b38c89601306e0b0ee554c2d24ad63a/element - {"using":"xpath","value":"//*[@id=\"__tile50\"]"}
RESULT: {"using":"xpath","value":"//*[@id=\"__tile50\"]"}
COMMAND: POST /session/2b38c89601306e0b0ee554c2d24ad63a/element/f.41273845E260F28665E10038BC1DC094.d.070C24472D51CFFB33B451CF2D56CBD8.e.2773/click - {}
RESULT: undefined
COMMAND: POST /session/2b38c89601306e0b0ee554c2d24ad63a/element - {"using":"xpath","value":"//*[@id=\"__tile50\"]"}
RESULT: {"using":"xpath","value":"//*[@id=\"__tile50\"]"}
COMMAND: POST /session/2b38c89601306e0b0ee554c2d24ad63a/element/f.41273845E260F28665E10038BC1DC094.d.070C24472D51CFFB33B451CF2D56CBD8.e.2773/click - {}
RESULT: undefined
COMMAND: POST /session/2b38c89601306e0b0ee554c2d24ad63a/execute/async - {"script":"<script> [6424 bytes]","args":[{"element-6066-11e4-a52e-4f735466cecf":"f.41273845E260F28665E10038BC1DC094.d.070C24472D51CFFB33B451CF2D56CBD8.e.290"},"getTitle",[]]}
COMMAND: POST /session/2b38c89601306e0b0ee554c2d24ad63a/execute/async - {"script":"<script> [1562 bytes]","args":[{"selector":{"id":"shellAppTitle"},"wdio_ui5_key":"shellAppTitle"}]}
RESULT: {"script":"<script> [1562 bytes]","args":[{"selector":{"id":"shellAppTitle"},"wdio_ui5_key":"shellAppTitle"}]}
COMMAND: POST /session/2b38c89601306e0b0ee554c2d24ad63a/execute/async - {"script":"<script> [6424 bytes]","args":[{"element-6066-11e4-a52e-4f735466cecf":"f.41273845E260F28665E10038BC1DC094.d.070C24472D51CFFB33B451CF2D56CBD8.e.2912"},"getTitle",[]]}
RESULT: {"script":"<script> [6424 bytes]","args":[{"element-6066-11e4-a52e-4f735466cecf":"f.41273845E260F28665E10038BC1DC094.d.070C24472D51CFFB33B451CF2D56CBD8.e.2912"},"getTitle",[]]}
RESULT: undefined
COMMAND: POST /session/2b38c89601306e0b0ee554c2d24ad63a/element/f.41273845E260F28665E10038BC1DC094.d.070C24472D51CFFB33B451CF2D56CBD8.e.2584/click - {}
COMMAND: POST /session/2b38c89601306e0b0ee554c2d24ad63a/element - {"using":"xpath","value":"//*[@id=\"backBtn\"]"}
RESULT: {"using":"xpath","value":"//*[@id=\"backBtn\"]"}
COMMAND: POST /session/2b38c89601306e0b0ee554c2d24ad63a/element/f.41273845E260F28665E10038BC1DC094.d.070C24472D51CFFB33B451CF2D56CBD8.e.2584/click - {}
COMMAND: POST /session/2b38c89601306e0b0ee554c2d24ad63a/element - {"using":"xpath","value":"//*[@id=\"backBtn\"]"}
RESULT: {"using":"xpath","value":"//*[@id=\"backBtn\"]"}
COMMAND: POST /session/2b38c89601306e0b0ee554c2d24ad63a/element/f.41273845E260F28665E10038BC1DC094.d.070C24472D51CFFB33B451CF2D56CBD8.e.2913/click - {}
RESULT: {}
COMMAND: GET /session/2b38c89601306e0b0ee554c2d24ad63a/screenshot - {}
RESULT: {}
]]></system-out>
    </testcase>
    <testcase classname="chrome.135_0_7049_42.windows.Sanity_Tests_US104253" name="Should open Manage Pricing Rules page" time="33.628">
      <system-out><![CDATA[
COMMAND: POST /session/2b38c89601306e0b0ee554c2d24ad63a/execute/async - {"script":"<script> [1562 bytes]","args":[{"selector":{"controlType":"sap.m.GenericTile","properties":{"header":"Manage Pricing Rules"}},"wdio_ui5_key":"sapm.GenericTile{\"header\":\"Manage Pricing Rules\"}"}]}
RESULT: {"script":"<script> [1562 bytes]","args":[{"selector":{"controlType":"sap.m.GenericTile","properties":{"header":"Manage Pricing Rules"}},"wdio_ui5_key":"sapm.GenericTile{\"header\":\"Manage Pricing Rules\"}"}]}
RESULT: undefined
COMMAND: POST /session/2b38c89601306e0b0ee554c2d24ad63a/element - {"using":"xpath","value":"//*[@id=\"__tile55\"]"}
RESULT: {"using":"xpath","value":"//*[@id=\"__tile55\"]"}
COMMAND: POST /session/2b38c89601306e0b0ee554c2d24ad63a/element/f.41273845E260F28665E10038BC1DC094.d.070C24472D51CFFB33B451CF2D56CBD8.e.2915/click - {}
RESULT: {}
COMMAND: GET /session/2b38c89601306e0b0ee554c2d24ad63a/screenshot - {}
RESULT: {}
RESULT: undefined
COMMAND: POST /session/2b38c89601306e0b0ee554c2d24ad63a/element - {"using":"xpath","value":"//*[@id=\"__tile55\"]"}
RESULT: {"using":"xpath","value":"//*[@id=\"__tile55\"]"}
COMMAND: POST /session/2b38c89601306e0b0ee554c2d24ad63a/element/f.41273845E260F28665E10038BC1DC094.d.070C24472D51CFFB33B451CF2D56CBD8.e.2915/click - {}
RESULT: undefined
COMMAND: POST /session/2b38c89601306e0b0ee554c2d24ad63a/element - {"using":"xpath","value":"//*[@id=\"__tile55\"]"}
RESULT: {"using":"xpath","value":"//*[@id=\"__tile55\"]"}
COMMAND: POST /session/2b38c89601306e0b0ee554c2d24ad63a/element/f.41273845E260F28665E10038BC1DC094.d.070C24472D51CFFB33B451CF2D56CBD8.e.2915/click - {}
RESULT: undefined
COMMAND: POST /session/2b38c89601306e0b0ee554c2d24ad63a/execute/async - {"script":"<script> [6424 bytes]","args":[{"element-6066-11e4-a52e-4f735466cecf":"f.41273845E260F28665E10038BC1DC094.d.070C24472D51CFFB33B451CF2D56CBD8.e.290"},"getTitle",[]]}
COMMAND: POST /session/2b38c89601306e0b0ee554c2d24ad63a/execute/async - {"script":"<script> [1562 bytes]","args":[{"selector":{"id":"shellAppTitle"},"wdio_ui5_key":"shellAppTitle"}]}
RESULT: {"script":"<script> [1562 bytes]","args":[{"selector":{"id":"shellAppTitle"},"wdio_ui5_key":"shellAppTitle"}]}
COMMAND: POST /session/2b38c89601306e0b0ee554c2d24ad63a/execute/async - {"script":"<script> [6424 bytes]","args":[{"element-6066-11e4-a52e-4f735466cecf":"f.41273845E260F28665E10038BC1DC094.d.070C24472D51CFFB33B451CF2D56CBD8.e.2998"},"getTitle",[]]}
RESULT: {"script":"<script> [6424 bytes]","args":[{"element-6066-11e4-a52e-4f735466cecf":"f.41273845E260F28665E10038BC1DC094.d.070C24472D51CFFB33B451CF2D56CBD8.e.2998"},"getTitle",[]]}
RESULT: undefined
COMMAND: POST /session/2b38c89601306e0b0ee554c2d24ad63a/element/f.41273845E260F28665E10038BC1DC094.d.070C24472D51CFFB33B451CF2D56CBD8.e.2913/click - {}
RESULT: {}
COMMAND: GET /session/2b38c89601306e0b0ee554c2d24ad63a/screenshot - {}
RESULT: {}
]]></system-out>
    </testcase>
    <testcase classname="chrome.135_0_7049_42.windows.Sanity_Tests_US104253" name="Should open Manage Price Determination Matrices page" time="34.408">
      <system-out><![CDATA[
COMMAND: POST /session/2b38c89601306e0b0ee554c2d24ad63a/execute/async - {"script":"<script> [1562 bytes]","args":[{"selector":{"controlType":"sap.m.GenericTile","properties":{"header":"Manage Price Determination Matrices"}},"wdio_ui5_key":"sapm.GenericTile{\"header\":\"Manage Price Determination Matrices\"}"}]}
RESULT: {"script":"<script> [1562 bytes]","args":[{"selector":{"controlType":"sap.m.GenericTile","properties":{"header":"Manage Price Determination Matrices"}},"wdio_ui5_key":"sapm.GenericTile{\"header\":\"Manage Price Determination Matrices\"}"}]}
RESULT: undefined
COMMAND: POST /session/2b38c89601306e0b0ee554c2d24ad63a/element - {"using":"xpath","value":"//*[@id=\"__tile54\"]"}
RESULT: {"using":"xpath","value":"//*[@id=\"__tile54\"]"}
COMMAND: POST /session/2b38c89601306e0b0ee554c2d24ad63a/element/f.41273845E260F28665E10038BC1DC094.d.070C24472D51CFFB33B451CF2D56CBD8.e.3000/click - {}
RESULT: {}
COMMAND: GET /session/2b38c89601306e0b0ee554c2d24ad63a/screenshot - {}
RESULT: {}
RESULT: undefined
COMMAND: POST /session/2b38c89601306e0b0ee554c2d24ad63a/element - {"using":"xpath","value":"//*[@id=\"__tile54\"]"}
RESULT: {"using":"xpath","value":"//*[@id=\"__tile54\"]"}
COMMAND: POST /session/2b38c89601306e0b0ee554c2d24ad63a/element/f.41273845E260F28665E10038BC1DC094.d.070C24472D51CFFB33B451CF2D56CBD8.e.3000/click - {}
RESULT: undefined
COMMAND: POST /session/2b38c89601306e0b0ee554c2d24ad63a/element - {"using":"xpath","value":"//*[@id=\"__tile54\"]"}
RESULT: {"using":"xpath","value":"//*[@id=\"__tile54\"]"}
COMMAND: POST /session/2b38c89601306e0b0ee554c2d24ad63a/element/f.41273845E260F28665E10038BC1DC094.d.070C24472D51CFFB33B451CF2D56CBD8.e.3000/click - {}
RESULT: undefined
COMMAND: POST /session/2b38c89601306e0b0ee554c2d24ad63a/execute/async - {"script":"<script> [6424 bytes]","args":[{"element-6066-11e4-a52e-4f735466cecf":"f.41273845E260F28665E10038BC1DC094.d.070C24472D51CFFB33B451CF2D56CBD8.e.290"},"getTitle",[]]}
COMMAND: POST /session/2b38c89601306e0b0ee554c2d24ad63a/execute/async - {"script":"<script> [1562 bytes]","args":[{"selector":{"id":"shellAppTitle"},"wdio_ui5_key":"shellAppTitle"}]}
RESULT: {"script":"<script> [1562 bytes]","args":[{"selector":{"id":"shellAppTitle"},"wdio_ui5_key":"shellAppTitle"}]}
COMMAND: POST /session/2b38c89601306e0b0ee554c2d24ad63a/execute/async - {"script":"<script> [6424 bytes]","args":[{"element-6066-11e4-a52e-4f735466cecf":"f.41273845E260F28665E10038BC1DC094.d.070C24472D51CFFB33B451CF2D56CBD8.e.3083"},"getTitle",[]]}
RESULT: {"script":"<script> [6424 bytes]","args":[{"element-6066-11e4-a52e-4f735466cecf":"f.41273845E260F28665E10038BC1DC094.d.070C24472D51CFFB33B451CF2D56CBD8.e.3083"},"getTitle",[]]}
RESULT: undefined
COMMAND: POST /session/2b38c89601306e0b0ee554c2d24ad63a/element/f.41273845E260F28665E10038BC1DC094.d.070C24472D51CFFB33B451CF2D56CBD8.e.2913/click - {}
COMMAND: POST /session/2b38c89601306e0b0ee554c2d24ad63a/element - {"using":"xpath","value":"//*[@id=\"backBtn\"]"}
RESULT: {"using":"xpath","value":"//*[@id=\"backBtn\"]"}
COMMAND: POST /session/2b38c89601306e0b0ee554c2d24ad63a/element/f.41273845E260F28665E10038BC1DC094.d.070C24472D51CFFB33B451CF2D56CBD8.e.2913/click - {}
COMMAND: POST /session/2b38c89601306e0b0ee554c2d24ad63a/element - {"using":"xpath","value":"//*[@id=\"backBtn\"]"}
RESULT: {"using":"xpath","value":"//*[@id=\"backBtn\"]"}
COMMAND: POST /session/2b38c89601306e0b0ee554c2d24ad63a/element/f.41273845E260F28665E10038BC1DC094.d.070C24472D51CFFB33B451CF2D56CBD8.e.3084/click - {}
RESULT: {}
COMMAND: GET /session/2b38c89601306e0b0ee554c2d24ad63a/screenshot - {}
RESULT: {}
]]></system-out>
    </testcase>
    <testcase classname="chrome.135_0_7049_42.windows.Sanity_Tests_US104253" name="Should open Yard Overview page" time="33.358">
      <system-out><![CDATA[
COMMAND: POST /session/2b38c89601306e0b0ee554c2d24ad63a/execute/async - {"script":"<script> [1562 bytes]","args":[{"selector":{"controlType":"sap.m.GenericTile","properties":{"header":"Yard Overview"}},"wdio_ui5_key":"sapm.GenericTile{\"header\":\"Yard Overview\"}"}]}
RESULT: {"script":"<script> [1562 bytes]","args":[{"selector":{"controlType":"sap.m.GenericTile","properties":{"header":"Yard Overview"}},"wdio_ui5_key":"sapm.GenericTile{\"header\":\"Yard Overview\"}"}]}
RESULT: undefined
COMMAND: POST /session/2b38c89601306e0b0ee554c2d24ad63a/element - {"using":"xpath","value":"//*[@id=\"__tile102\"]"}
RESULT: {"using":"xpath","value":"//*[@id=\"__tile102\"]"}
COMMAND: POST /session/2b38c89601306e0b0ee554c2d24ad63a/element/f.41273845E260F28665E10038BC1DC094.d.070C24472D51CFFB33B451CF2D56CBD8.e.3086/click - {}
RESULT: {}
COMMAND: GET /session/2b38c89601306e0b0ee554c2d24ad63a/screenshot - {}
RESULT: {}
RESULT: undefined
COMMAND: POST /session/2b38c89601306e0b0ee554c2d24ad63a/element - {"using":"xpath","value":"//*[@id=\"__tile102\"]"}
RESULT: {"using":"xpath","value":"//*[@id=\"__tile102\"]"}
COMMAND: POST /session/2b38c89601306e0b0ee554c2d24ad63a/element/f.41273845E260F28665E10038BC1DC094.d.070C24472D51CFFB33B451CF2D56CBD8.e.3086/click - {}
RESULT: undefined
COMMAND: POST /session/2b38c89601306e0b0ee554c2d24ad63a/element - {"using":"xpath","value":"//*[@id=\"__tile102\"]"}
RESULT: {"using":"xpath","value":"//*[@id=\"__tile102\"]"}
COMMAND: POST /session/2b38c89601306e0b0ee554c2d24ad63a/element/f.41273845E260F28665E10038BC1DC094.d.070C24472D51CFFB33B451CF2D56CBD8.e.3086/click - {}
RESULT: undefined
COMMAND: POST /session/2b38c89601306e0b0ee554c2d24ad63a/execute/async - {"script":"<script> [6424 bytes]","args":[{"element-6066-11e4-a52e-4f735466cecf":"f.41273845E260F28665E10038BC1DC094.d.070C24472D51CFFB33B451CF2D56CBD8.e.290"},"getTitle",[]]}
COMMAND: POST /session/2b38c89601306e0b0ee554c2d24ad63a/execute/async - {"script":"<script> [1562 bytes]","args":[{"selector":{"id":"shellAppTitle"},"wdio_ui5_key":"shellAppTitle"}]}
RESULT: {"script":"<script> [1562 bytes]","args":[{"selector":{"id":"shellAppTitle"},"wdio_ui5_key":"shellAppTitle"}]}
COMMAND: POST /session/2b38c89601306e0b0ee554c2d24ad63a/execute/async - {"script":"<script> [6424 bytes]","args":[{"element-6066-11e4-a52e-4f735466cecf":"f.41273845E260F28665E10038BC1DC094.d.070C24472D51CFFB33B451CF2D56CBD8.e.3152"},"getTitle",[]]}
RESULT: {"script":"<script> [6424 bytes]","args":[{"element-6066-11e4-a52e-4f735466cecf":"f.41273845E260F28665E10038BC1DC094.d.070C24472D51CFFB33B451CF2D56CBD8.e.3152"},"getTitle",[]]}
RESULT: undefined
COMMAND: POST /session/2b38c89601306e0b0ee554c2d24ad63a/element/f.41273845E260F28665E10038BC1DC094.d.070C24472D51CFFB33B451CF2D56CBD8.e.3084/click - {}
RESULT: {}
COMMAND: GET /session/2b38c89601306e0b0ee554c2d24ad63a/screenshot - {}
RESULT: {}
]]></system-out>
    </testcase>
    <testcase classname="chrome.135_0_7049_42.windows.Sanity_Tests_US104253" name="Should open Site Overview page" time="35.113">
      <system-out><![CDATA[
COMMAND: POST /session/2b38c89601306e0b0ee554c2d24ad63a/execute/async - {"script":"<script> [1562 bytes]","args":[{"selector":{"controlType":"sap.m.GenericTile","properties":{"header":"Site Overview"}},"wdio_ui5_key":"sapm.GenericTile{\"header\":\"Site Overview\"}"}]}
RESULT: {"script":"<script> [1562 bytes]","args":[{"selector":{"controlType":"sap.m.GenericTile","properties":{"header":"Site Overview"}},"wdio_ui5_key":"sapm.GenericTile{\"header\":\"Site Overview\"}"}]}
RESULT: undefined
COMMAND: POST /session/2b38c89601306e0b0ee554c2d24ad63a/element - {"using":"xpath","value":"//*[@id=\"__tile100\"]"}
RESULT: {"using":"xpath","value":"//*[@id=\"__tile100\"]"}
COMMAND: POST /session/2b38c89601306e0b0ee554c2d24ad63a/element/f.41273845E260F28665E10038BC1DC094.d.070C24472D51CFFB33B451CF2D56CBD8.e.3155/click - {}
RESULT: {}
COMMAND: GET /session/2b38c89601306e0b0ee554c2d24ad63a/screenshot - {}
RESULT: {}
RESULT: undefined
COMMAND: POST /session/2b38c89601306e0b0ee554c2d24ad63a/element - {"using":"xpath","value":"//*[@id=\"__tile100\"]"}
RESULT: {"using":"xpath","value":"//*[@id=\"__tile100\"]"}
COMMAND: POST /session/2b38c89601306e0b0ee554c2d24ad63a/element/f.41273845E260F28665E10038BC1DC094.d.070C24472D51CFFB33B451CF2D56CBD8.e.3155/click - {}
RESULT: undefined
COMMAND: POST /session/2b38c89601306e0b0ee554c2d24ad63a/element - {"using":"xpath","value":"//*[@id=\"__tile100\"]"}
RESULT: {"using":"xpath","value":"//*[@id=\"__tile100\"]"}
COMMAND: POST /session/2b38c89601306e0b0ee554c2d24ad63a/element/f.41273845E260F28665E10038BC1DC094.d.070C24472D51CFFB33B451CF2D56CBD8.e.3155/click - {}
RESULT: undefined
COMMAND: POST /session/2b38c89601306e0b0ee554c2d24ad63a/execute/async - {"script":"<script> [6424 bytes]","args":[{"element-6066-11e4-a52e-4f735466cecf":"f.41273845E260F28665E10038BC1DC094.d.070C24472D51CFFB33B451CF2D56CBD8.e.290"},"getTitle",[]]}
COMMAND: POST /session/2b38c89601306e0b0ee554c2d24ad63a/execute/async - {"script":"<script> [1562 bytes]","args":[{"selector":{"id":"shellAppTitle"},"wdio_ui5_key":"shellAppTitle"}]}
RESULT: {"script":"<script> [1562 bytes]","args":[{"selector":{"id":"shellAppTitle"},"wdio_ui5_key":"shellAppTitle"}]}
COMMAND: POST /session/2b38c89601306e0b0ee554c2d24ad63a/execute/async - {"script":"<script> [6424 bytes]","args":[{"element-6066-11e4-a52e-4f735466cecf":"f.41273845E260F28665E10038BC1DC094.d.070C24472D51CFFB33B451CF2D56CBD8.e.3281"},"getTitle",[]]}
RESULT: {"script":"<script> [6424 bytes]","args":[{"element-6066-11e4-a52e-4f735466cecf":"f.41273845E260F28665E10038BC1DC094.d.070C24472D51CFFB33B451CF2D56CBD8.e.3281"},"getTitle",[]]}
RESULT: undefined
COMMAND: POST /session/2b38c89601306e0b0ee554c2d24ad63a/element/f.41273845E260F28665E10038BC1DC094.d.070C24472D51CFFB33B451CF2D56CBD8.e.3084/click - {}
COMMAND: POST /session/2b38c89601306e0b0ee554c2d24ad63a/element - {"using":"xpath","value":"//*[@id=\"backBtn\"]"}
RESULT: {"using":"xpath","value":"//*[@id=\"backBtn\"]"}
COMMAND: POST /session/2b38c89601306e0b0ee554c2d24ad63a/element/f.41273845E260F28665E10038BC1DC094.d.070C24472D51CFFB33B451CF2D56CBD8.e.3084/click - {}
COMMAND: POST /session/2b38c89601306e0b0ee554c2d24ad63a/element - {"using":"xpath","value":"//*[@id=\"backBtn\"]"}
RESULT: {"using":"xpath","value":"//*[@id=\"backBtn\"]"}
COMMAND: POST /session/2b38c89601306e0b0ee554c2d24ad63a/element/f.41273845E260F28665E10038BC1DC094.d.070C24472D51CFFB33B451CF2D56CBD8.e.3282/click - {}
RESULT: {}
COMMAND: GET /session/2b38c89601306e0b0ee554c2d24ad63a/screenshot - {}
RESULT: {}
]]></system-out>
    </testcase>
    <testcase classname="chrome.135_0_7049_42.windows.Sanity_Tests_US104253" name="Should open Trace Track Resources page" time="41.494">
      <system-out><![CDATA[
COMMAND: POST /session/2b38c89601306e0b0ee554c2d24ad63a/execute/async - {"script":"<script> [1562 bytes]","args":[{"selector":{"controlType":"sap.m.GenericTile","properties":{"header":"Trace & Track Resources"}},"wdio_ui5_key":"sapm.GenericTile{\"header\":\"Trace & Track Resources\"}"}]}
RESULT: {"script":"<script> [1562 bytes]","args":[{"selector":{"controlType":"sap.m.GenericTile","properties":{"header":"Trace & Track Resources"}},"wdio_ui5_key":"sapm.GenericTile{\"header\":\"Trace & Track Resources\"}"}]}
RESULT: undefined
COMMAND: POST /session/2b38c89601306e0b0ee554c2d24ad63a/element - {"using":"xpath","value":"//*[@id=\"__tile101\"]"}
RESULT: {"using":"xpath","value":"//*[@id=\"__tile101\"]"}
COMMAND: POST /session/2b38c89601306e0b0ee554c2d24ad63a/element/f.41273845E260F28665E10038BC1DC094.d.070C24472D51CFFB33B451CF2D56CBD8.e.3284/click - {}
RESULT: {}
COMMAND: GET /session/2b38c89601306e0b0ee554c2d24ad63a/screenshot - {}
RESULT: {}
RESULT: undefined
COMMAND: POST /session/2b38c89601306e0b0ee554c2d24ad63a/element - {"using":"xpath","value":"//*[@id=\"__tile101\"]"}
RESULT: {"using":"xpath","value":"//*[@id=\"__tile101\"]"}
COMMAND: POST /session/2b38c89601306e0b0ee554c2d24ad63a/element/f.41273845E260F28665E10038BC1DC094.d.070C24472D51CFFB33B451CF2D56CBD8.e.3284/click - {}
RESULT: undefined
COMMAND: POST /session/2b38c89601306e0b0ee554c2d24ad63a/element - {"using":"xpath","value":"//*[@id=\"__tile101\"]"}
RESULT: {"using":"xpath","value":"//*[@id=\"__tile101\"]"}
COMMAND: POST /session/2b38c89601306e0b0ee554c2d24ad63a/element/f.41273845E260F28665E10038BC1DC094.d.070C24472D51CFFB33B451CF2D56CBD8.e.3284/click - {}
RESULT: undefined
COMMAND: POST /session/2b38c89601306e0b0ee554c2d24ad63a/execute/async - {"script":"<script> [6424 bytes]","args":[{"element-6066-11e4-a52e-4f735466cecf":"f.41273845E260F28665E10038BC1DC094.d.070C24472D51CFFB33B451CF2D56CBD8.e.290"},"getTitle",[]]}
COMMAND: POST /session/2b38c89601306e0b0ee554c2d24ad63a/execute/async - {"script":"<script> [1562 bytes]","args":[{"selector":{"id":"shellAppTitle"},"wdio_ui5_key":"shellAppTitle"}]}
RESULT: {"script":"<script> [1562 bytes]","args":[{"selector":{"id":"shellAppTitle"},"wdio_ui5_key":"shellAppTitle"}]}
COMMAND: POST /session/2b38c89601306e0b0ee554c2d24ad63a/execute/async - {"script":"<script> [6424 bytes]","args":[{"element-6066-11e4-a52e-4f735466cecf":"f.41273845E260F28665E10038BC1DC094.d.070C24472D51CFFB33B451CF2D56CBD8.e.3319"},"getTitle",[]]}
RESULT: {"script":"<script> [6424 bytes]","args":[{"element-6066-11e4-a52e-4f735466cecf":"f.41273845E260F28665E10038BC1DC094.d.070C24472D51CFFB33B451CF2D56CBD8.e.3319"},"getTitle",[]]}
RESULT: undefined
COMMAND: POST /session/2b38c89601306e0b0ee554c2d24ad63a/element/f.41273845E260F28665E10038BC1DC094.d.070C24472D51CFFB33B451CF2D56CBD8.e.3282/click - {}
RESULT: {}
COMMAND: GET /session/2b38c89601306e0b0ee554c2d24ad63a/screenshot - {}
RESULT: {}
]]></system-out>
    </testcase>
    <testcase classname="chrome.135_0_7049_42.windows.Sanity_Tests_US104253" name="Should open RU Inventory List page" time="37.532">
      <system-out><![CDATA[
COMMAND: POST /session/2b38c89601306e0b0ee554c2d24ad63a/execute/async - {"script":"<script> [1562 bytes]","args":[{"selector":{"controlType":"sap.m.GenericTile","properties":{"header":"RU Inventory List"}},"wdio_ui5_key":"sapm.GenericTile{\"header\":\"RU Inventory List\"}"}]}
RESULT: {"script":"<script> [1562 bytes]","args":[{"selector":{"controlType":"sap.m.GenericTile","properties":{"header":"RU Inventory List"}},"wdio_ui5_key":"sapm.GenericTile{\"header\":\"RU Inventory List\"}"}]}
RESULT: undefined
COMMAND: POST /session/2b38c89601306e0b0ee554c2d24ad63a/element - {"using":"xpath","value":"//*[@id=\"__tile99\"]"}
RESULT: {"using":"xpath","value":"//*[@id=\"__tile99\"]"}
COMMAND: POST /session/2b38c89601306e0b0ee554c2d24ad63a/element/f.41273845E260F28665E10038BC1DC094.d.070C24472D51CFFB33B451CF2D56CBD8.e.3321/click - {}
RESULT: {}
COMMAND: GET /session/2b38c89601306e0b0ee554c2d24ad63a/screenshot - {}
RESULT: {}
RESULT: undefined
COMMAND: POST /session/2b38c89601306e0b0ee554c2d24ad63a/element - {"using":"xpath","value":"//*[@id=\"__tile99\"]"}
RESULT: {"using":"xpath","value":"//*[@id=\"__tile99\"]"}
COMMAND: POST /session/2b38c89601306e0b0ee554c2d24ad63a/element/f.41273845E260F28665E10038BC1DC094.d.070C24472D51CFFB33B451CF2D56CBD8.e.3321/click - {}
RESULT: undefined
COMMAND: POST /session/2b38c89601306e0b0ee554c2d24ad63a/element - {"using":"xpath","value":"//*[@id=\"__tile99\"]"}
RESULT: {"using":"xpath","value":"//*[@id=\"__tile99\"]"}
COMMAND: POST /session/2b38c89601306e0b0ee554c2d24ad63a/element/f.41273845E260F28665E10038BC1DC094.d.070C24472D51CFFB33B451CF2D56CBD8.e.3321/click - {}
RESULT: undefined
COMMAND: POST /session/2b38c89601306e0b0ee554c2d24ad63a/execute/async - {"script":"<script> [6424 bytes]","args":[{"element-6066-11e4-a52e-4f735466cecf":"f.41273845E260F28665E10038BC1DC094.d.070C24472D51CFFB33B451CF2D56CBD8.e.290"},"getTitle",[]]}
COMMAND: POST /session/2b38c89601306e0b0ee554c2d24ad63a/execute/async - {"script":"<script> [1562 bytes]","args":[{"selector":{"id":"shellAppTitle"},"wdio_ui5_key":"shellAppTitle"}]}
RESULT: {"script":"<script> [1562 bytes]","args":[{"selector":{"id":"shellAppTitle"},"wdio_ui5_key":"shellAppTitle"}]}
COMMAND: POST /session/2b38c89601306e0b0ee554c2d24ad63a/execute/async - {"script":"<script> [6424 bytes]","args":[{"element-6066-11e4-a52e-4f735466cecf":"f.41273845E260F28665E10038BC1DC094.d.070C24472D51CFFB33B451CF2D56CBD8.e.3513"},"getTitle",[]]}
RESULT: {"script":"<script> [6424 bytes]","args":[{"element-6066-11e4-a52e-4f735466cecf":"f.41273845E260F28665E10038BC1DC094.d.070C24472D51CFFB33B451CF2D56CBD8.e.3513"},"getTitle",[]]}
RESULT: undefined
COMMAND: POST /session/2b38c89601306e0b0ee554c2d24ad63a/element/f.41273845E260F28665E10038BC1DC094.d.070C24472D51CFFB33B451CF2D56CBD8.e.3282/click - {}
COMMAND: POST /session/2b38c89601306e0b0ee554c2d24ad63a/element - {"using":"xpath","value":"//*[@id=\"backBtn\"]"}
RESULT: {"using":"xpath","value":"//*[@id=\"backBtn\"]"}
COMMAND: POST /session/2b38c89601306e0b0ee554c2d24ad63a/element/f.41273845E260F28665E10038BC1DC094.d.070C24472D51CFFB33B451CF2D56CBD8.e.3282/click - {}
COMMAND: POST /session/2b38c89601306e0b0ee554c2d24ad63a/element - {"using":"xpath","value":"//*[@id=\"backBtn\"]"}
RESULT: {"using":"xpath","value":"//*[@id=\"backBtn\"]"}
COMMAND: POST /session/2b38c89601306e0b0ee554c2d24ad63a/element/f.41273845E260F28665E10038BC1DC094.d.070C24472D51CFFB33B451CF2D56CBD8.e.3514/click - {}
RESULT: {}
COMMAND: GET /session/2b38c89601306e0b0ee554c2d24ad63a/screenshot - {}
RESULT: {}
]]></system-out>
    </testcase>
    <testcase classname="chrome.135_0_7049_42.windows.Sanity_Tests_US104253" name="Should open Contracts Dashboard page" time="37.381">
      <system-out><![CDATA[
COMMAND: POST /session/2b38c89601306e0b0ee554c2d24ad63a/execute/async - {"script":"<script> [1562 bytes]","args":[{"selector":{"controlType":"sap.m.GenericTile","properties":{"header":"Contracts Dashboard"}},"wdio_ui5_key":"sapm.GenericTile{\"header\":\"Contracts Dashboard\"}"}]}
RESULT: {"script":"<script> [1562 bytes]","args":[{"selector":{"controlType":"sap.m.GenericTile","properties":{"header":"Contracts Dashboard"}},"wdio_ui5_key":"sapm.GenericTile{\"header\":\"Contracts Dashboard\"}"}]}
RESULT: undefined
COMMAND: POST /session/2b38c89601306e0b0ee554c2d24ad63a/element - {"using":"xpath","value":"//*[@id=\"__tile97\"]"}
RESULT: {"using":"xpath","value":"//*[@id=\"__tile97\"]"}
COMMAND: POST /session/2b38c89601306e0b0ee554c2d24ad63a/element/f.41273845E260F28665E10038BC1DC094.d.070C24472D51CFFB33B451CF2D56CBD8.e.3516/click - {}
RESULT: {}
COMMAND: GET /session/2b38c89601306e0b0ee554c2d24ad63a/screenshot - {}
RESULT: {}
RESULT: undefined
COMMAND: POST /session/2b38c89601306e0b0ee554c2d24ad63a/element - {"using":"xpath","value":"//*[@id=\"__tile97\"]"}
RESULT: {"using":"xpath","value":"//*[@id=\"__tile97\"]"}
COMMAND: POST /session/2b38c89601306e0b0ee554c2d24ad63a/element/f.41273845E260F28665E10038BC1DC094.d.070C24472D51CFFB33B451CF2D56CBD8.e.3516/click - {}
RESULT: undefined
COMMAND: POST /session/2b38c89601306e0b0ee554c2d24ad63a/element - {"using":"xpath","value":"//*[@id=\"__tile97\"]"}
RESULT: {"using":"xpath","value":"//*[@id=\"__tile97\"]"}
COMMAND: POST /session/2b38c89601306e0b0ee554c2d24ad63a/element/f.41273845E260F28665E10038BC1DC094.d.070C24472D51CFFB33B451CF2D56CBD8.e.3516/click - {}
RESULT: undefined
COMMAND: POST /session/2b38c89601306e0b0ee554c2d24ad63a/execute/async - {"script":"<script> [6424 bytes]","args":[{"element-6066-11e4-a52e-4f735466cecf":"f.41273845E260F28665E10038BC1DC094.d.070C24472D51CFFB33B451CF2D56CBD8.e.290"},"getTitle",[]]}
COMMAND: POST /session/2b38c89601306e0b0ee554c2d24ad63a/execute/async - {"script":"<script> [1562 bytes]","args":[{"selector":{"id":"shellAppTitle"},"wdio_ui5_key":"shellAppTitle"}]}
RESULT: {"script":"<script> [1562 bytes]","args":[{"selector":{"id":"shellAppTitle"},"wdio_ui5_key":"shellAppTitle"}]}
COMMAND: POST /session/2b38c89601306e0b0ee554c2d24ad63a/execute/async - {"script":"<script> [6424 bytes]","args":[{"element-6066-11e4-a52e-4f735466cecf":"f.41273845E260F28665E10038BC1DC094.d.070C24472D51CFFB33B451CF2D56CBD8.e.3538"},"getTitle",[]]}
RESULT: {"script":"<script> [6424 bytes]","args":[{"element-6066-11e4-a52e-4f735466cecf":"f.41273845E260F28665E10038BC1DC094.d.070C24472D51CFFB33B451CF2D56CBD8.e.3538"},"getTitle",[]]}
RESULT: undefined
COMMAND: POST /session/2b38c89601306e0b0ee554c2d24ad63a/element/f.41273845E260F28665E10038BC1DC094.d.070C24472D51CFFB33B451CF2D56CBD8.e.3514/click - {}
RESULT: {}
COMMAND: GET /session/2b38c89601306e0b0ee554c2d24ad63a/screenshot - {}
RESULT: {}
]]></system-out>
    </testcase>
    <testcase classname="chrome.135_0_7049_42.windows.Sanity_Tests_US104253" name="Should open Bin Status Report page" time="39.231">
      <system-out><![CDATA[
COMMAND: POST /session/2b38c89601306e0b0ee554c2d24ad63a/execute/async - {"script":"<script> [1562 bytes]","args":[{"selector":{"controlType":"sap.m.GenericTile","properties":{"header":"Bin Status Report"}},"wdio_ui5_key":"sapm.GenericTile{\"header\":\"Bin Status Report\"}"}]}
RESULT: {"script":"<script> [1562 bytes]","args":[{"selector":{"controlType":"sap.m.GenericTile","properties":{"header":"Bin Status Report"}},"wdio_ui5_key":"sapm.GenericTile{\"header\":\"Bin Status Report\"}"}]}
RESULT: undefined
COMMAND: POST /session/2b38c89601306e0b0ee554c2d24ad63a/element - {"using":"xpath","value":"//*[@id=\"__tile104\"]"}
RESULT: {"using":"xpath","value":"//*[@id=\"__tile104\"]"}
COMMAND: POST /session/2b38c89601306e0b0ee554c2d24ad63a/element/f.41273845E260F28665E10038BC1DC094.d.070C24472D51CFFB33B451CF2D56CBD8.e.3540/click - {}
RESULT: {}
COMMAND: GET /session/2b38c89601306e0b0ee554c2d24ad63a/screenshot - {}
RESULT: {}
RESULT: undefined
COMMAND: POST /session/2b38c89601306e0b0ee554c2d24ad63a/element - {"using":"xpath","value":"//*[@id=\"__tile104\"]"}
RESULT: {"using":"xpath","value":"//*[@id=\"__tile104\"]"}
COMMAND: POST /session/2b38c89601306e0b0ee554c2d24ad63a/element/f.41273845E260F28665E10038BC1DC094.d.070C24472D51CFFB33B451CF2D56CBD8.e.3540/click - {}
RESULT: undefined
COMMAND: POST /session/2b38c89601306e0b0ee554c2d24ad63a/element - {"using":"xpath","value":"//*[@id=\"__tile104\"]"}
RESULT: {"using":"xpath","value":"//*[@id=\"__tile104\"]"}
COMMAND: POST /session/2b38c89601306e0b0ee554c2d24ad63a/element/f.41273845E260F28665E10038BC1DC094.d.070C24472D51CFFB33B451CF2D56CBD8.e.3540/click - {}
RESULT: undefined
COMMAND: POST /session/2b38c89601306e0b0ee554c2d24ad63a/execute/async - {"script":"<script> [6424 bytes]","args":[{"element-6066-11e4-a52e-4f735466cecf":"f.41273845E260F28665E10038BC1DC094.d.070C24472D51CFFB33B451CF2D56CBD8.e.290"},"getTitle",[]]}
COMMAND: POST /session/2b38c89601306e0b0ee554c2d24ad63a/execute/async - {"script":"<script> [1562 bytes]","args":[{"selector":{"id":"shellAppTitle"},"wdio_ui5_key":"shellAppTitle"}]}
RESULT: {"script":"<script> [1562 bytes]","args":[{"selector":{"id":"shellAppTitle"},"wdio_ui5_key":"shellAppTitle"}]}
COMMAND: POST /session/2b38c89601306e0b0ee554c2d24ad63a/execute/async - {"script":"<script> [6424 bytes]","args":[{"element-6066-11e4-a52e-4f735466cecf":"f.41273845E260F28665E10038BC1DC094.d.070C24472D51CFFB33B451CF2D56CBD8.e.3613"},"getTitle",[]]}
RESULT: {"script":"<script> [6424 bytes]","args":[{"element-6066-11e4-a52e-4f735466cecf":"f.41273845E260F28665E10038BC1DC094.d.070C24472D51CFFB33B451CF2D56CBD8.e.3613"},"getTitle",[]]}
RESULT: undefined
COMMAND: POST /session/2b38c89601306e0b0ee554c2d24ad63a/element/f.41273845E260F28665E10038BC1DC094.d.070C24472D51CFFB33B451CF2D56CBD8.e.3514/click - {}
COMMAND: POST /session/2b38c89601306e0b0ee554c2d24ad63a/element - {"using":"xpath","value":"//*[@id=\"backBtn\"]"}
RESULT: {"using":"xpath","value":"//*[@id=\"backBtn\"]"}
COMMAND: POST /session/2b38c89601306e0b0ee554c2d24ad63a/element/f.41273845E260F28665E10038BC1DC094.d.070C24472D51CFFB33B451CF2D56CBD8.e.3514/click - {}
COMMAND: POST /session/2b38c89601306e0b0ee554c2d24ad63a/element - {"using":"xpath","value":"//*[@id=\"backBtn\"]"}
RESULT: {"using":"xpath","value":"//*[@id=\"backBtn\"]"}
COMMAND: POST /session/2b38c89601306e0b0ee554c2d24ad63a/element/f.41273845E260F28665E10038BC1DC094.d.070C24472D51CFFB33B451CF2D56CBD8.e.3614/click - {}
RESULT: {}
COMMAND: GET /session/2b38c89601306e0b0ee554c2d24ad63a/screenshot - {}
RESULT: {}
]]></system-out>
    </testcase>
    <testcase classname="chrome.135_0_7049_42.windows.Sanity_Tests_US104253" name="Should open Manage Warehouse Movements page" time="35.372">
      <system-out><![CDATA[
COMMAND: POST /session/2b38c89601306e0b0ee554c2d24ad63a/execute/async - {"script":"<script> [1562 bytes]","args":[{"selector":{"controlType":"sap.m.GenericTile","properties":{"header":"Manage Warehouse Movements"}},"wdio_ui5_key":"sapm.GenericTile{\"header\":\"Manage Warehouse Movements\"}"}]}
RESULT: {"script":"<script> [1562 bytes]","args":[{"selector":{"controlType":"sap.m.GenericTile","properties":{"header":"Manage Warehouse Movements"}},"wdio_ui5_key":"sapm.GenericTile{\"header\":\"Manage Warehouse Movements\"}"}]}
RESULT: undefined
COMMAND: POST /session/2b38c89601306e0b0ee554c2d24ad63a/element - {"using":"xpath","value":"//*[@id=\"__tile105\"]"}
RESULT: {"using":"xpath","value":"//*[@id=\"__tile105\"]"}
COMMAND: POST /session/2b38c89601306e0b0ee554c2d24ad63a/element/f.41273845E260F28665E10038BC1DC094.d.070C24472D51CFFB33B451CF2D56CBD8.e.3618/click - {}
RESULT: {}
COMMAND: GET /session/2b38c89601306e0b0ee554c2d24ad63a/screenshot - {}
RESULT: {}
RESULT: undefined
COMMAND: POST /session/2b38c89601306e0b0ee554c2d24ad63a/element - {"using":"xpath","value":"//*[@id=\"__tile105\"]"}
RESULT: {"using":"xpath","value":"//*[@id=\"__tile105\"]"}
COMMAND: POST /session/2b38c89601306e0b0ee554c2d24ad63a/element/f.41273845E260F28665E10038BC1DC094.d.070C24472D51CFFB33B451CF2D56CBD8.e.3618/click - {}
RESULT: undefined
COMMAND: POST /session/2b38c89601306e0b0ee554c2d24ad63a/element - {"using":"xpath","value":"//*[@id=\"__tile105\"]"}
RESULT: {"using":"xpath","value":"//*[@id=\"__tile105\"]"}
COMMAND: POST /session/2b38c89601306e0b0ee554c2d24ad63a/element/f.41273845E260F28665E10038BC1DC094.d.070C24472D51CFFB33B451CF2D56CBD8.e.3618/click - {}
RESULT: undefined
COMMAND: POST /session/2b38c89601306e0b0ee554c2d24ad63a/execute/async - {"script":"<script> [6424 bytes]","args":[{"element-6066-11e4-a52e-4f735466cecf":"f.41273845E260F28665E10038BC1DC094.d.070C24472D51CFFB33B451CF2D56CBD8.e.290"},"getTitle",[]]}
COMMAND: POST /session/2b38c89601306e0b0ee554c2d24ad63a/execute/async - {"script":"<script> [1562 bytes]","args":[{"selector":{"id":"shellAppTitle"},"wdio_ui5_key":"shellAppTitle"}]}
RESULT: {"script":"<script> [1562 bytes]","args":[{"selector":{"id":"shellAppTitle"},"wdio_ui5_key":"shellAppTitle"}]}
COMMAND: POST /session/2b38c89601306e0b0ee554c2d24ad63a/execute/async - {"script":"<script> [6424 bytes]","args":[{"element-6066-11e4-a52e-4f735466cecf":"f.41273845E260F28665E10038BC1DC094.d.070C24472D51CFFB33B451CF2D56CBD8.e.3701"},"getTitle",[]]}
RESULT: {"script":"<script> [6424 bytes]","args":[{"element-6066-11e4-a52e-4f735466cecf":"f.41273845E260F28665E10038BC1DC094.d.070C24472D51CFFB33B451CF2D56CBD8.e.3701"},"getTitle",[]]}
RESULT: undefined
COMMAND: POST /session/2b38c89601306e0b0ee554c2d24ad63a/element/f.41273845E260F28665E10038BC1DC094.d.070C24472D51CFFB33B451CF2D56CBD8.e.3614/click - {}
RESULT: {}
COMMAND: GET /session/2b38c89601306e0b0ee554c2d24ad63a/screenshot - {}
RESULT: {}
]]></system-out>
    </testcase>
    <testcase classname="chrome.135_0_7049_42.windows.Sanity_Tests_US104253" name="Should open Bin Inventory List page" time="35.182">
      <system-out><![CDATA[
COMMAND: POST /session/2b38c89601306e0b0ee554c2d24ad63a/execute/async - {"script":"<script> [1562 bytes]","args":[{"selector":{"controlType":"sap.m.GenericTile","properties":{"header":"Bin Inventory List"}},"wdio_ui5_key":"sapm.GenericTile{\"header\":\"Bin Inventory List\"}"}]}
RESULT: {"script":"<script> [1562 bytes]","args":[{"selector":{"controlType":"sap.m.GenericTile","properties":{"header":"Bin Inventory List"}},"wdio_ui5_key":"sapm.GenericTile{\"header\":\"Bin Inventory List\"}"}]}
RESULT: undefined
COMMAND: POST /session/2b38c89601306e0b0ee554c2d24ad63a/element - {"using":"xpath","value":"//*[@id=\"__tile103\"]"}
RESULT: {"using":"xpath","value":"//*[@id=\"__tile103\"]"}
COMMAND: POST /session/2b38c89601306e0b0ee554c2d24ad63a/element/f.41273845E260F28665E10038BC1DC094.d.070C24472D51CFFB33B451CF2D56CBD8.e.3703/click - {}
RESULT: {}
COMMAND: GET /session/2b38c89601306e0b0ee554c2d24ad63a/screenshot - {}
RESULT: {}
RESULT: undefined
COMMAND: POST /session/2b38c89601306e0b0ee554c2d24ad63a/element - {"using":"xpath","value":"//*[@id=\"__tile103\"]"}
RESULT: {"using":"xpath","value":"//*[@id=\"__tile103\"]"}
COMMAND: POST /session/2b38c89601306e0b0ee554c2d24ad63a/element/f.41273845E260F28665E10038BC1DC094.d.070C24472D51CFFB33B451CF2D56CBD8.e.3703/click - {}
RESULT: undefined
COMMAND: POST /session/2b38c89601306e0b0ee554c2d24ad63a/element - {"using":"xpath","value":"//*[@id=\"__tile103\"]"}
RESULT: {"using":"xpath","value":"//*[@id=\"__tile103\"]"}
COMMAND: POST /session/2b38c89601306e0b0ee554c2d24ad63a/element/f.41273845E260F28665E10038BC1DC094.d.070C24472D51CFFB33B451CF2D56CBD8.e.3703/click - {}
RESULT: undefined
COMMAND: POST /session/2b38c89601306e0b0ee554c2d24ad63a/execute/async - {"script":"<script> [6424 bytes]","args":[{"element-6066-11e4-a52e-4f735466cecf":"f.41273845E260F28665E10038BC1DC094.d.070C24472D51CFFB33B451CF2D56CBD8.e.290"},"getTitle",[]]}
COMMAND: POST /session/2b38c89601306e0b0ee554c2d24ad63a/execute/async - {"script":"<script> [1562 bytes]","args":[{"selector":{"id":"shellAppTitle"},"wdio_ui5_key":"shellAppTitle"}]}
RESULT: {"script":"<script> [1562 bytes]","args":[{"selector":{"id":"shellAppTitle"},"wdio_ui5_key":"shellAppTitle"}]}
COMMAND: POST /session/2b38c89601306e0b0ee554c2d24ad63a/execute/async - {"script":"<script> [6424 bytes]","args":[{"element-6066-11e4-a52e-4f735466cecf":"f.41273845E260F28665E10038BC1DC094.d.070C24472D51CFFB33B451CF2D56CBD8.e.3791"},"getTitle",[]]}
RESULT: {"script":"<script> [6424 bytes]","args":[{"element-6066-11e4-a52e-4f735466cecf":"f.41273845E260F28665E10038BC1DC094.d.070C24472D51CFFB33B451CF2D56CBD8.e.3791"},"getTitle",[]]}
RESULT: undefined
COMMAND: POST /session/2b38c89601306e0b0ee554c2d24ad63a/element/f.41273845E260F28665E10038BC1DC094.d.070C24472D51CFFB33B451CF2D56CBD8.e.3614/click - {}
COMMAND: POST /session/2b38c89601306e0b0ee554c2d24ad63a/element - {"using":"xpath","value":"//*[@id=\"backBtn\"]"}
RESULT: {"using":"xpath","value":"//*[@id=\"backBtn\"]"}
COMMAND: POST /session/2b38c89601306e0b0ee554c2d24ad63a/element/f.41273845E260F28665E10038BC1DC094.d.070C24472D51CFFB33B451CF2D56CBD8.e.3614/click - {}
COMMAND: POST /session/2b38c89601306e0b0ee554c2d24ad63a/element - {"using":"xpath","value":"//*[@id=\"backBtn\"]"}
RESULT: {"using":"xpath","value":"//*[@id=\"backBtn\"]"}
COMMAND: POST /session/2b38c89601306e0b0ee554c2d24ad63a/element/f.41273845E260F28665E10038BC1DC094.d.070C24472D51CFFB33B451CF2D56CBD8.e.3792/click - {}
RESULT: {}
COMMAND: GET /session/2b38c89601306e0b0ee554c2d24ad63a/screenshot - {}
RESULT: {}
]]></system-out>
    </testcase>
    <testcase classname="chrome.135_0_7049_42.windows.Sanity_Tests_US104253" name="Should open ISC Templates page" time="36.657">
      <system-out><![CDATA[
COMMAND: POST /session/2b38c89601306e0b0ee554c2d24ad63a/execute/async - {"script":"<script> [1562 bytes]","args":[{"selector":{"controlType":"sap.m.GenericTile","properties":{"header":"ISC Templates"}},"wdio_ui5_key":"sapm.GenericTile{\"header\":\"ISC Templates\"}"}]}
RESULT: {"script":"<script> [1562 bytes]","args":[{"selector":{"controlType":"sap.m.GenericTile","properties":{"header":"ISC Templates"}},"wdio_ui5_key":"sapm.GenericTile{\"header\":\"ISC Templates\"}"}]}
RESULT: undefined
COMMAND: POST /session/2b38c89601306e0b0ee554c2d24ad63a/element - {"using":"xpath","value":"//*[@id=\"__tile111\"]"}
RESULT: {"using":"xpath","value":"//*[@id=\"__tile111\"]"}
COMMAND: POST /session/2b38c89601306e0b0ee554c2d24ad63a/element/f.41273845E260F28665E10038BC1DC094.d.070C24472D51CFFB33B451CF2D56CBD8.e.3794/click - {}
RESULT: {}
COMMAND: GET /session/2b38c89601306e0b0ee554c2d24ad63a/screenshot - {}
RESULT: {}
RESULT: undefined
COMMAND: POST /session/2b38c89601306e0b0ee554c2d24ad63a/element - {"using":"xpath","value":"//*[@id=\"__tile111\"]"}
RESULT: {"using":"xpath","value":"//*[@id=\"__tile111\"]"}
COMMAND: POST /session/2b38c89601306e0b0ee554c2d24ad63a/element/f.41273845E260F28665E10038BC1DC094.d.070C24472D51CFFB33B451CF2D56CBD8.e.3794/click - {}
RESULT: undefined
COMMAND: POST /session/2b38c89601306e0b0ee554c2d24ad63a/element - {"using":"xpath","value":"//*[@id=\"__tile111\"]"}
RESULT: {"using":"xpath","value":"//*[@id=\"__tile111\"]"}
COMMAND: POST /session/2b38c89601306e0b0ee554c2d24ad63a/element/f.41273845E260F28665E10038BC1DC094.d.070C24472D51CFFB33B451CF2D56CBD8.e.3794/click - {}
RESULT: undefined
COMMAND: POST /session/2b38c89601306e0b0ee554c2d24ad63a/execute/async - {"script":"<script> [6424 bytes]","args":[{"element-6066-11e4-a52e-4f735466cecf":"f.41273845E260F28665E10038BC1DC094.d.070C24472D51CFFB33B451CF2D56CBD8.e.290"},"getTitle",[]]}
COMMAND: POST /session/2b38c89601306e0b0ee554c2d24ad63a/execute/async - {"script":"<script> [1562 bytes]","args":[{"selector":{"id":"shellAppTitle"},"wdio_ui5_key":"shellAppTitle"}]}
RESULT: {"script":"<script> [1562 bytes]","args":[{"selector":{"id":"shellAppTitle"},"wdio_ui5_key":"shellAppTitle"}]}
COMMAND: POST /session/2b38c89601306e0b0ee554c2d24ad63a/execute/async - {"script":"<script> [6424 bytes]","args":[{"element-6066-11e4-a52e-4f735466cecf":"f.41273845E260F28665E10038BC1DC094.d.070C24472D51CFFB33B451CF2D56CBD8.e.3868"},"getTitle",[]]}
RESULT: {"script":"<script> [6424 bytes]","args":[{"element-6066-11e4-a52e-4f735466cecf":"f.41273845E260F28665E10038BC1DC094.d.070C24472D51CFFB33B451CF2D56CBD8.e.3868"},"getTitle",[]]}
RESULT: undefined
COMMAND: POST /session/2b38c89601306e0b0ee554c2d24ad63a/element/f.41273845E260F28665E10038BC1DC094.d.070C24472D51CFFB33B451CF2D56CBD8.e.3792/click - {}
RESULT: {}
COMMAND: GET /session/2b38c89601306e0b0ee554c2d24ad63a/screenshot - {}
RESULT: {}
]]></system-out>
    </testcase>
    <testcase classname="chrome.135_0_7049_42.windows.Sanity_Tests_US104253" name="Should open ISC Schedules page" time="35.841">
      <system-out><![CDATA[
COMMAND: POST /session/2b38c89601306e0b0ee554c2d24ad63a/execute/async - {"script":"<script> [1562 bytes]","args":[{"selector":{"controlType":"sap.m.GenericTile","properties":{"header":"ISC Schedules"}},"wdio_ui5_key":"sapm.GenericTile{\"header\":\"ISC Schedules\"}"}]}
RESULT: {"script":"<script> [1562 bytes]","args":[{"selector":{"controlType":"sap.m.GenericTile","properties":{"header":"ISC Schedules"}},"wdio_ui5_key":"sapm.GenericTile{\"header\":\"ISC Schedules\"}"}]}
RESULT: undefined
COMMAND: POST /session/2b38c89601306e0b0ee554c2d24ad63a/element - {"using":"xpath","value":"//*[@id=\"__tile109\"]"}
RESULT: {"using":"xpath","value":"//*[@id=\"__tile109\"]"}
COMMAND: POST /session/2b38c89601306e0b0ee554c2d24ad63a/element/f.41273845E260F28665E10038BC1DC094.d.070C24472D51CFFB33B451CF2D56CBD8.e.3871/click - {}
RESULT: {}
COMMAND: GET /session/2b38c89601306e0b0ee554c2d24ad63a/screenshot - {}
RESULT: {}
RESULT: undefined
COMMAND: POST /session/2b38c89601306e0b0ee554c2d24ad63a/element - {"using":"xpath","value":"//*[@id=\"__tile109\"]"}
RESULT: {"using":"xpath","value":"//*[@id=\"__tile109\"]"}
COMMAND: POST /session/2b38c89601306e0b0ee554c2d24ad63a/element/f.41273845E260F28665E10038BC1DC094.d.070C24472D51CFFB33B451CF2D56CBD8.e.3871/click - {}
RESULT: undefined
COMMAND: POST /session/2b38c89601306e0b0ee554c2d24ad63a/element - {"using":"xpath","value":"//*[@id=\"__tile109\"]"}
RESULT: {"using":"xpath","value":"//*[@id=\"__tile109\"]"}
COMMAND: POST /session/2b38c89601306e0b0ee554c2d24ad63a/element/f.41273845E260F28665E10038BC1DC094.d.070C24472D51CFFB33B451CF2D56CBD8.e.3871/click - {}
RESULT: undefined
COMMAND: POST /session/2b38c89601306e0b0ee554c2d24ad63a/execute/async - {"script":"<script> [6424 bytes]","args":[{"element-6066-11e4-a52e-4f735466cecf":"f.41273845E260F28665E10038BC1DC094.d.070C24472D51CFFB33B451CF2D56CBD8.e.290"},"getTitle",[]]}
COMMAND: POST /session/2b38c89601306e0b0ee554c2d24ad63a/execute/async - {"script":"<script> [1562 bytes]","args":[{"selector":{"id":"shellAppTitle"},"wdio_ui5_key":"shellAppTitle"}]}
RESULT: {"script":"<script> [1562 bytes]","args":[{"selector":{"id":"shellAppTitle"},"wdio_ui5_key":"shellAppTitle"}]}
COMMAND: POST /session/2b38c89601306e0b0ee554c2d24ad63a/execute/async - {"script":"<script> [6424 bytes]","args":[{"element-6066-11e4-a52e-4f735466cecf":"f.41273845E260F28665E10038BC1DC094.d.070C24472D51CFFB33B451CF2D56CBD8.e.3950"},"getTitle",[]]}
RESULT: {"script":"<script> [6424 bytes]","args":[{"element-6066-11e4-a52e-4f735466cecf":"f.41273845E260F28665E10038BC1DC094.d.070C24472D51CFFB33B451CF2D56CBD8.e.3950"},"getTitle",[]]}
RESULT: undefined
COMMAND: POST /session/2b38c89601306e0b0ee554c2d24ad63a/element/f.41273845E260F28665E10038BC1DC094.d.070C24472D51CFFB33B451CF2D56CBD8.e.3792/click - {}
COMMAND: POST /session/2b38c89601306e0b0ee554c2d24ad63a/element - {"using":"xpath","value":"//*[@id=\"backBtn\"]"}
RESULT: {"using":"xpath","value":"//*[@id=\"backBtn\"]"}
COMMAND: POST /session/2b38c89601306e0b0ee554c2d24ad63a/element/f.41273845E260F28665E10038BC1DC094.d.070C24472D51CFFB33B451CF2D56CBD8.e.3792/click - {}
COMMAND: POST /session/2b38c89601306e0b0ee554c2d24ad63a/element - {"using":"xpath","value":"//*[@id=\"backBtn\"]"}
RESULT: {"using":"xpath","value":"//*[@id=\"backBtn\"]"}
COMMAND: POST /session/2b38c89601306e0b0ee554c2d24ad63a/element/f.41273845E260F28665E10038BC1DC094.d.070C24472D51CFFB33B451CF2D56CBD8.e.3951/click - {}
RESULT: {}
COMMAND: GET /session/2b38c89601306e0b0ee554c2d24ad63a/screenshot - {}
RESULT: {}
]]></system-out>
    </testcase>
    <testcase classname="chrome.135_0_7049_42.windows.Sanity_Tests_US104253" name="Should open ISC Dashboard page" time="36.547">
      <system-out><![CDATA[
COMMAND: POST /session/2b38c89601306e0b0ee554c2d24ad63a/execute/async - {"script":"<script> [1562 bytes]","args":[{"selector":{"controlType":"sap.m.GenericTile","properties":{"header":"ISC Dashboard"}},"wdio_ui5_key":"sapm.GenericTile{\"header\":\"ISC Dashboard\"}"}]}
RESULT: {"script":"<script> [1562 bytes]","args":[{"selector":{"controlType":"sap.m.GenericTile","properties":{"header":"ISC Dashboard"}},"wdio_ui5_key":"sapm.GenericTile{\"header\":\"ISC Dashboard\"}"}]}
RESULT: undefined
COMMAND: POST /session/2b38c89601306e0b0ee554c2d24ad63a/element - {"using":"xpath","value":"//*[@id=\"__tile106\"]"}
RESULT: {"using":"xpath","value":"//*[@id=\"__tile106\"]"}
COMMAND: POST /session/2b38c89601306e0b0ee554c2d24ad63a/element/f.41273845E260F28665E10038BC1DC094.d.070C24472D51CFFB33B451CF2D56CBD8.e.3953/click - {}
RESULT: {}
COMMAND: GET /session/2b38c89601306e0b0ee554c2d24ad63a/screenshot - {}
RESULT: {}
RESULT: undefined
COMMAND: POST /session/2b38c89601306e0b0ee554c2d24ad63a/element - {"using":"xpath","value":"//*[@id=\"__tile106\"]"}
RESULT: {"using":"xpath","value":"//*[@id=\"__tile106\"]"}
COMMAND: POST /session/2b38c89601306e0b0ee554c2d24ad63a/element/f.41273845E260F28665E10038BC1DC094.d.070C24472D51CFFB33B451CF2D56CBD8.e.3953/click - {}
RESULT: undefined
COMMAND: POST /session/2b38c89601306e0b0ee554c2d24ad63a/element - {"using":"xpath","value":"//*[@id=\"__tile106\"]"}
RESULT: {"using":"xpath","value":"//*[@id=\"__tile106\"]"}
COMMAND: POST /session/2b38c89601306e0b0ee554c2d24ad63a/element/f.41273845E260F28665E10038BC1DC094.d.070C24472D51CFFB33B451CF2D56CBD8.e.3953/click - {}
RESULT: undefined
COMMAND: POST /session/2b38c89601306e0b0ee554c2d24ad63a/execute/async - {"script":"<script> [6424 bytes]","args":[{"element-6066-11e4-a52e-4f735466cecf":"f.41273845E260F28665E10038BC1DC094.d.070C24472D51CFFB33B451CF2D56CBD8.e.290"},"getTitle",[]]}
COMMAND: POST /session/2b38c89601306e0b0ee554c2d24ad63a/execute/async - {"script":"<script> [1562 bytes]","args":[{"selector":{"id":"shellAppTitle"},"wdio_ui5_key":"shellAppTitle"}]}
RESULT: {"script":"<script> [1562 bytes]","args":[{"selector":{"id":"shellAppTitle"},"wdio_ui5_key":"shellAppTitle"}]}
COMMAND: POST /session/2b38c89601306e0b0ee554c2d24ad63a/execute/async - {"script":"<script> [6424 bytes]","args":[{"element-6066-11e4-a52e-4f735466cecf":"f.41273845E260F28665E10038BC1DC094.d.070C24472D51CFFB33B451CF2D56CBD8.e.4076"},"getTitle",[]]}
RESULT: {"script":"<script> [6424 bytes]","args":[{"element-6066-11e4-a52e-4f735466cecf":"f.41273845E260F28665E10038BC1DC094.d.070C24472D51CFFB33B451CF2D56CBD8.e.4076"},"getTitle",[]]}
RESULT: undefined
COMMAND: POST /session/2b38c89601306e0b0ee554c2d24ad63a/element/f.41273845E260F28665E10038BC1DC094.d.070C24472D51CFFB33B451CF2D56CBD8.e.3951/click - {}
RESULT: {}
COMMAND: GET /session/2b38c89601306e0b0ee554c2d24ad63a/screenshot - {}
RESULT: {}
]]></system-out>
    </testcase>
    <testcase classname="chrome.135_0_7049_42.windows.Sanity_Tests_US104253" name="Should open ISC Orders page" time="35.954">
      <system-out><![CDATA[
COMMAND: POST /session/2b38c89601306e0b0ee554c2d24ad63a/execute/async - {"script":"<script> [1562 bytes]","args":[{"selector":{"controlType":"sap.m.GenericTile","properties":{"header":"ISC Orders"}},"wdio_ui5_key":"sapm.GenericTile{\"header\":\"ISC Orders\"}"}]}
RESULT: {"script":"<script> [1562 bytes]","args":[{"selector":{"controlType":"sap.m.GenericTile","properties":{"header":"ISC Orders"}},"wdio_ui5_key":"sapm.GenericTile{\"header\":\"ISC Orders\"}"}]}
RESULT: undefined
COMMAND: POST /session/2b38c89601306e0b0ee554c2d24ad63a/element - {"using":"xpath","value":"//*[@id=\"__tile108\"]"}
RESULT: {"using":"xpath","value":"//*[@id=\"__tile108\"]"}
COMMAND: POST /session/2b38c89601306e0b0ee554c2d24ad63a/element/f.41273845E260F28665E10038BC1DC094.d.070C24472D51CFFB33B451CF2D56CBD8.e.4078/click - {}
RESULT: {}
COMMAND: GET /session/2b38c89601306e0b0ee554c2d24ad63a/screenshot - {}
RESULT: {}
RESULT: undefined
COMMAND: POST /session/2b38c89601306e0b0ee554c2d24ad63a/element - {"using":"xpath","value":"//*[@id=\"__tile108\"]"}
RESULT: {"using":"xpath","value":"//*[@id=\"__tile108\"]"}
COMMAND: POST /session/2b38c89601306e0b0ee554c2d24ad63a/element/f.41273845E260F28665E10038BC1DC094.d.070C24472D51CFFB33B451CF2D56CBD8.e.4078/click - {}
RESULT: undefined
COMMAND: POST /session/2b38c89601306e0b0ee554c2d24ad63a/element - {"using":"xpath","value":"//*[@id=\"__tile108\"]"}
RESULT: {"using":"xpath","value":"//*[@id=\"__tile108\"]"}
COMMAND: POST /session/2b38c89601306e0b0ee554c2d24ad63a/element/f.41273845E260F28665E10038BC1DC094.d.070C24472D51CFFB33B451CF2D56CBD8.e.4078/click - {}
RESULT: undefined
COMMAND: POST /session/2b38c89601306e0b0ee554c2d24ad63a/execute/async - {"script":"<script> [6424 bytes]","args":[{"element-6066-11e4-a52e-4f735466cecf":"f.41273845E260F28665E10038BC1DC094.d.070C24472D51CFFB33B451CF2D56CBD8.e.290"},"getTitle",[]]}
COMMAND: POST /session/2b38c89601306e0b0ee554c2d24ad63a/execute/async - {"script":"<script> [1562 bytes]","args":[{"selector":{"id":"shellAppTitle"},"wdio_ui5_key":"shellAppTitle"}]}
RESULT: {"script":"<script> [1562 bytes]","args":[{"selector":{"id":"shellAppTitle"},"wdio_ui5_key":"shellAppTitle"}]}
COMMAND: POST /session/2b38c89601306e0b0ee554c2d24ad63a/execute/async - {"script":"<script> [6424 bytes]","args":[{"element-6066-11e4-a52e-4f735466cecf":"f.41273845E260F28665E10038BC1DC094.d.070C24472D51CFFB33B451CF2D56CBD8.e.4184"},"getTitle",[]]}
RESULT: {"script":"<script> [6424 bytes]","args":[{"element-6066-11e4-a52e-4f735466cecf":"f.41273845E260F28665E10038BC1DC094.d.070C24472D51CFFB33B451CF2D56CBD8.e.4184"},"getTitle",[]]}
RESULT: undefined
COMMAND: POST /session/2b38c89601306e0b0ee554c2d24ad63a/element/f.41273845E260F28665E10038BC1DC094.d.070C24472D51CFFB33B451CF2D56CBD8.e.3951/click - {}
COMMAND: POST /session/2b38c89601306e0b0ee554c2d24ad63a/element - {"using":"xpath","value":"//*[@id=\"backBtn\"]"}
RESULT: {"using":"xpath","value":"//*[@id=\"backBtn\"]"}
COMMAND: POST /session/2b38c89601306e0b0ee554c2d24ad63a/element/f.41273845E260F28665E10038BC1DC094.d.070C24472D51CFFB33B451CF2D56CBD8.e.3951/click - {}
COMMAND: POST /session/2b38c89601306e0b0ee554c2d24ad63a/element - {"using":"xpath","value":"//*[@id=\"backBtn\"]"}
RESULT: {"using":"xpath","value":"//*[@id=\"backBtn\"]"}
COMMAND: POST /session/2b38c89601306e0b0ee554c2d24ad63a/element/f.41273845E260F28665E10038BC1DC094.d.070C24472D51CFFB33B451CF2D56CBD8.e.4185/click - {}
RESULT: {}
COMMAND: GET /session/2b38c89601306e0b0ee554c2d24ad63a/screenshot - {}
RESULT: {}
]]></system-out>
    </testcase>
    <testcase classname="chrome.135_0_7049_42.windows.Sanity_Tests_US104253" name="Should open ISC Tasks page" time="36.162">
      <system-out><![CDATA[
COMMAND: POST /session/2b38c89601306e0b0ee554c2d24ad63a/execute/async - {"script":"<script> [1562 bytes]","args":[{"selector":{"controlType":"sap.m.GenericTile","properties":{"header":"ISC Tasks"}},"wdio_ui5_key":"sapm.GenericTile{\"header\":\"ISC Tasks\"}"}]}
RESULT: {"script":"<script> [1562 bytes]","args":[{"selector":{"controlType":"sap.m.GenericTile","properties":{"header":"ISC Tasks"}},"wdio_ui5_key":"sapm.GenericTile{\"header\":\"ISC Tasks\"}"}]}
RESULT: undefined
COMMAND: POST /session/2b38c89601306e0b0ee554c2d24ad63a/element - {"using":"xpath","value":"//*[@id=\"__tile110\"]"}
RESULT: {"using":"xpath","value":"//*[@id=\"__tile110\"]"}
COMMAND: POST /session/2b38c89601306e0b0ee554c2d24ad63a/element/f.41273845E260F28665E10038BC1DC094.d.070C24472D51CFFB33B451CF2D56CBD8.e.4187/click - {}
RESULT: {}
COMMAND: GET /session/2b38c89601306e0b0ee554c2d24ad63a/screenshot - {}
RESULT: {}
RESULT: undefined
COMMAND: POST /session/2b38c89601306e0b0ee554c2d24ad63a/element - {"using":"xpath","value":"//*[@id=\"__tile110\"]"}
RESULT: {"using":"xpath","value":"//*[@id=\"__tile110\"]"}
COMMAND: POST /session/2b38c89601306e0b0ee554c2d24ad63a/element/f.41273845E260F28665E10038BC1DC094.d.070C24472D51CFFB33B451CF2D56CBD8.e.4187/click - {}
RESULT: undefined
COMMAND: POST /session/2b38c89601306e0b0ee554c2d24ad63a/element - {"using":"xpath","value":"//*[@id=\"__tile110\"]"}
RESULT: {"using":"xpath","value":"//*[@id=\"__tile110\"]"}
COMMAND: POST /session/2b38c89601306e0b0ee554c2d24ad63a/element/f.41273845E260F28665E10038BC1DC094.d.070C24472D51CFFB33B451CF2D56CBD8.e.4187/click - {}
RESULT: undefined
COMMAND: POST /session/2b38c89601306e0b0ee554c2d24ad63a/execute/async - {"script":"<script> [6424 bytes]","args":[{"element-6066-11e4-a52e-4f735466cecf":"f.41273845E260F28665E10038BC1DC094.d.070C24472D51CFFB33B451CF2D56CBD8.e.290"},"getTitle",[]]}
COMMAND: POST /session/2b38c89601306e0b0ee554c2d24ad63a/execute/async - {"script":"<script> [1562 bytes]","args":[{"selector":{"id":"shellAppTitle"},"wdio_ui5_key":"shellAppTitle"}]}
RESULT: {"script":"<script> [1562 bytes]","args":[{"selector":{"id":"shellAppTitle"},"wdio_ui5_key":"shellAppTitle"}]}
COMMAND: POST /session/2b38c89601306e0b0ee554c2d24ad63a/execute/async - {"script":"<script> [6424 bytes]","args":[{"element-6066-11e4-a52e-4f735466cecf":"f.41273845E260F28665E10038BC1DC094.d.070C24472D51CFFB33B451CF2D56CBD8.e.4279"},"getTitle",[]]}
RESULT: {"script":"<script> [6424 bytes]","args":[{"element-6066-11e4-a52e-4f735466cecf":"f.41273845E260F28665E10038BC1DC094.d.070C24472D51CFFB33B451CF2D56CBD8.e.4279"},"getTitle",[]]}
RESULT: undefined
COMMAND: POST /session/2b38c89601306e0b0ee554c2d24ad63a/element/f.41273845E260F28665E10038BC1DC094.d.070C24472D51CFFB33B451CF2D56CBD8.e.4185/click - {}
RESULT: {}
COMMAND: GET /session/2b38c89601306e0b0ee554c2d24ad63a/screenshot - {}
RESULT: {}
]]></system-out>
    </testcase>
    <testcase classname="chrome.135_0_7049_42.windows.Sanity_Tests_US104253" name="Should open Manage Resource Logbook page" time="35.242">
      <system-out><![CDATA[
COMMAND: POST /session/2b38c89601306e0b0ee554c2d24ad63a/execute/async - {"script":"<script> [1562 bytes]","args":[{"selector":{"controlType":"sap.m.GenericTile","properties":{"header":"Manage Resource Logbook"}},"wdio_ui5_key":"sapm.GenericTile{\"header\":\"Manage Resource Logbook\"}"}]}
RESULT: {"script":"<script> [1562 bytes]","args":[{"selector":{"controlType":"sap.m.GenericTile","properties":{"header":"Manage Resource Logbook"}},"wdio_ui5_key":"sapm.GenericTile{\"header\":\"Manage Resource Logbook\"}"}]}
RESULT: undefined
COMMAND: POST /session/2b38c89601306e0b0ee554c2d24ad63a/element - {"using":"xpath","value":"//*[@id=\"__tile113\"]"}
RESULT: {"using":"xpath","value":"//*[@id=\"__tile113\"]"}
COMMAND: POST /session/2b38c89601306e0b0ee554c2d24ad63a/element/f.41273845E260F28665E10038BC1DC094.d.070C24472D51CFFB33B451CF2D56CBD8.e.4281/click - {}
RESULT: {}
COMMAND: GET /session/2b38c89601306e0b0ee554c2d24ad63a/screenshot - {}
RESULT: {}
RESULT: undefined
COMMAND: POST /session/2b38c89601306e0b0ee554c2d24ad63a/element - {"using":"xpath","value":"//*[@id=\"__tile113\"]"}
RESULT: {"using":"xpath","value":"//*[@id=\"__tile113\"]"}
COMMAND: POST /session/2b38c89601306e0b0ee554c2d24ad63a/element/f.41273845E260F28665E10038BC1DC094.d.070C24472D51CFFB33B451CF2D56CBD8.e.4281/click - {}
RESULT: undefined
COMMAND: POST /session/2b38c89601306e0b0ee554c2d24ad63a/element - {"using":"xpath","value":"//*[@id=\"__tile113\"]"}
RESULT: {"using":"xpath","value":"//*[@id=\"__tile113\"]"}
COMMAND: POST /session/2b38c89601306e0b0ee554c2d24ad63a/element/f.41273845E260F28665E10038BC1DC094.d.070C24472D51CFFB33B451CF2D56CBD8.e.4281/click - {}
RESULT: undefined
COMMAND: POST /session/2b38c89601306e0b0ee554c2d24ad63a/execute/async - {"script":"<script> [6424 bytes]","args":[{"element-6066-11e4-a52e-4f735466cecf":"f.41273845E260F28665E10038BC1DC094.d.070C24472D51CFFB33B451CF2D56CBD8.e.290"},"getTitle",[]]}
COMMAND: POST /session/2b38c89601306e0b0ee554c2d24ad63a/execute/async - {"script":"<script> [1562 bytes]","args":[{"selector":{"id":"shellAppTitle"},"wdio_ui5_key":"shellAppTitle"}]}
RESULT: {"script":"<script> [1562 bytes]","args":[{"selector":{"id":"shellAppTitle"},"wdio_ui5_key":"shellAppTitle"}]}
COMMAND: POST /session/2b38c89601306e0b0ee554c2d24ad63a/execute/async - {"script":"<script> [6424 bytes]","args":[{"element-6066-11e4-a52e-4f735466cecf":"f.41273845E260F28665E10038BC1DC094.d.070C24472D51CFFB33B451CF2D56CBD8.e.4377"},"getTitle",[]]}
RESULT: {"script":"<script> [6424 bytes]","args":[{"element-6066-11e4-a52e-4f735466cecf":"f.41273845E260F28665E10038BC1DC094.d.070C24472D51CFFB33B451CF2D56CBD8.e.4377"},"getTitle",[]]}
RESULT: undefined
COMMAND: POST /session/2b38c89601306e0b0ee554c2d24ad63a/element/f.41273845E260F28665E10038BC1DC094.d.070C24472D51CFFB33B451CF2D56CBD8.e.4185/click - {}
COMMAND: POST /session/2b38c89601306e0b0ee554c2d24ad63a/element - {"using":"xpath","value":"//*[@id=\"backBtn\"]"}
RESULT: {"using":"xpath","value":"//*[@id=\"backBtn\"]"}
COMMAND: POST /session/2b38c89601306e0b0ee554c2d24ad63a/element/f.41273845E260F28665E10038BC1DC094.d.070C24472D51CFFB33B451CF2D56CBD8.e.4185/click - {}
COMMAND: POST /session/2b38c89601306e0b0ee554c2d24ad63a/element - {"using":"xpath","value":"//*[@id=\"backBtn\"]"}
RESULT: {"using":"xpath","value":"//*[@id=\"backBtn\"]"}
COMMAND: POST /session/2b38c89601306e0b0ee554c2d24ad63a/element/f.41273845E260F28665E10038BC1DC094.d.070C24472D51CFFB33B451CF2D56CBD8.e.4378/click - {}
RESULT: {}
COMMAND: GET /session/2b38c89601306e0b0ee554c2d24ad63a/screenshot - {}
RESULT: {}
]]></system-out>
    </testcase>
    <testcase classname="chrome.135_0_7049_42.windows.Sanity_Tests_US104253" name="Should open Manage Logbook page" time="33.683">
      <system-out><![CDATA[
COMMAND: POST /session/2b38c89601306e0b0ee554c2d24ad63a/execute/async - {"script":"<script> [1562 bytes]","args":[{"selector":{"controlType":"sap.m.GenericTile","properties":{"header":"Manage Logbook"}},"wdio_ui5_key":"sapm.GenericTile{\"header\":\"Manage Logbook\"}"}]}
RESULT: {"script":"<script> [1562 bytes]","args":[{"selector":{"controlType":"sap.m.GenericTile","properties":{"header":"Manage Logbook"}},"wdio_ui5_key":"sapm.GenericTile{\"header\":\"Manage Logbook\"}"}]}
RESULT: undefined
COMMAND: POST /session/2b38c89601306e0b0ee554c2d24ad63a/element - {"using":"xpath","value":"//*[@id=\"__tile112\"]"}
RESULT: {"using":"xpath","value":"//*[@id=\"__tile112\"]"}
COMMAND: POST /session/2b38c89601306e0b0ee554c2d24ad63a/element/f.41273845E260F28665E10038BC1DC094.d.070C24472D51CFFB33B451CF2D56CBD8.e.4380/click - {}
RESULT: {}
COMMAND: GET /session/2b38c89601306e0b0ee554c2d24ad63a/screenshot - {}
RESULT: {}
RESULT: undefined
COMMAND: POST /session/2b38c89601306e0b0ee554c2d24ad63a/element - {"using":"xpath","value":"//*[@id=\"__tile112\"]"}
RESULT: {"using":"xpath","value":"//*[@id=\"__tile112\"]"}
COMMAND: POST /session/2b38c89601306e0b0ee554c2d24ad63a/element/f.41273845E260F28665E10038BC1DC094.d.070C24472D51CFFB33B451CF2D56CBD8.e.4380/click - {}
RESULT: undefined
COMMAND: POST /session/2b38c89601306e0b0ee554c2d24ad63a/element - {"using":"xpath","value":"//*[@id=\"__tile112\"]"}
RESULT: {"using":"xpath","value":"//*[@id=\"__tile112\"]"}
COMMAND: POST /session/2b38c89601306e0b0ee554c2d24ad63a/element/f.41273845E260F28665E10038BC1DC094.d.070C24472D51CFFB33B451CF2D56CBD8.e.4380/click - {}
RESULT: undefined
COMMAND: POST /session/2b38c89601306e0b0ee554c2d24ad63a/execute/async - {"script":"<script> [6424 bytes]","args":[{"element-6066-11e4-a52e-4f735466cecf":"f.41273845E260F28665E10038BC1DC094.d.070C24472D51CFFB33B451CF2D56CBD8.e.290"},"getTitle",[]]}
COMMAND: POST /session/2b38c89601306e0b0ee554c2d24ad63a/execute/async - {"script":"<script> [1562 bytes]","args":[{"selector":{"id":"shellAppTitle"},"wdio_ui5_key":"shellAppTitle"}]}
RESULT: {"script":"<script> [1562 bytes]","args":[{"selector":{"id":"shellAppTitle"},"wdio_ui5_key":"shellAppTitle"}]}
COMMAND: POST /session/2b38c89601306e0b0ee554c2d24ad63a/execute/async - {"script":"<script> [6424 bytes]","args":[{"element-6066-11e4-a52e-4f735466cecf":"f.41273845E260F28665E10038BC1DC094.d.070C24472D51CFFB33B451CF2D56CBD8.e.4456"},"getTitle",[]]}
RESULT: {"script":"<script> [6424 bytes]","args":[{"element-6066-11e4-a52e-4f735466cecf":"f.41273845E260F28665E10038BC1DC094.d.070C24472D51CFFB33B451CF2D56CBD8.e.4456"},"getTitle",[]]}
RESULT: undefined
COMMAND: POST /session/2b38c89601306e0b0ee554c2d24ad63a/element/f.41273845E260F28665E10038BC1DC094.d.070C24472D51CFFB33B451CF2D56CBD8.e.4378/click - {}
RESULT: {}
COMMAND: GET /session/2b38c89601306e0b0ee554c2d24ad63a/screenshot - {}
RESULT: {}
]]></system-out>
    </testcase>
    <testcase classname="chrome.135_0_7049_42.windows.Sanity_Tests_US104253" name="Should open ISC Orders Calendar page" time="33.861">
      <system-out><![CDATA[
COMMAND: POST /session/2b38c89601306e0b0ee554c2d24ad63a/execute/async - {"script":"<script> [1562 bytes]","args":[{"selector":{"controlType":"sap.m.GenericTile","properties":{"header":"ISC Orders Calendar"}},"wdio_ui5_key":"sapm.GenericTile{\"header\":\"ISC Orders Calendar\"}"}]}
RESULT: {"script":"<script> [1562 bytes]","args":[{"selector":{"controlType":"sap.m.GenericTile","properties":{"header":"ISC Orders Calendar"}},"wdio_ui5_key":"sapm.GenericTile{\"header\":\"ISC Orders Calendar\"}"}]}
RESULT: undefined
COMMAND: POST /session/2b38c89601306e0b0ee554c2d24ad63a/element - {"using":"xpath","value":"//*[@id=\"__tile107\"]"}
RESULT: {"using":"xpath","value":"//*[@id=\"__tile107\"]"}
COMMAND: POST /session/2b38c89601306e0b0ee554c2d24ad63a/element/f.41273845E260F28665E10038BC1DC094.d.070C24472D51CFFB33B451CF2D56CBD8.e.4458/click - {}
RESULT: {}
COMMAND: GET /session/2b38c89601306e0b0ee554c2d24ad63a/screenshot - {}
RESULT: {}
RESULT: undefined
COMMAND: POST /session/2b38c89601306e0b0ee554c2d24ad63a/element - {"using":"xpath","value":"//*[@id=\"__tile107\"]"}
RESULT: {"using":"xpath","value":"//*[@id=\"__tile107\"]"}
COMMAND: POST /session/2b38c89601306e0b0ee554c2d24ad63a/element/f.41273845E260F28665E10038BC1DC094.d.070C24472D51CFFB33B451CF2D56CBD8.e.4458/click - {}
RESULT: undefined
COMMAND: POST /session/2b38c89601306e0b0ee554c2d24ad63a/element - {"using":"xpath","value":"//*[@id=\"__tile107\"]"}
RESULT: {"using":"xpath","value":"//*[@id=\"__tile107\"]"}
COMMAND: POST /session/2b38c89601306e0b0ee554c2d24ad63a/element/f.41273845E260F28665E10038BC1DC094.d.070C24472D51CFFB33B451CF2D56CBD8.e.4458/click - {}
RESULT: undefined
COMMAND: POST /session/2b38c89601306e0b0ee554c2d24ad63a/execute/async - {"script":"<script> [6424 bytes]","args":[{"element-6066-11e4-a52e-4f735466cecf":"f.41273845E260F28665E10038BC1DC094.d.070C24472D51CFFB33B451CF2D56CBD8.e.290"},"getTitle",[]]}
COMMAND: POST /session/2b38c89601306e0b0ee554c2d24ad63a/execute/async - {"script":"<script> [1562 bytes]","args":[{"selector":{"id":"shellAppTitle"},"wdio_ui5_key":"shellAppTitle"}]}
RESULT: {"script":"<script> [1562 bytes]","args":[{"selector":{"id":"shellAppTitle"},"wdio_ui5_key":"shellAppTitle"}]}
COMMAND: POST /session/2b38c89601306e0b0ee554c2d24ad63a/execute/async - {"script":"<script> [6424 bytes]","args":[{"element-6066-11e4-a52e-4f735466cecf":"f.41273845E260F28665E10038BC1DC094.d.070C24472D51CFFB33B451CF2D56CBD8.e.4652"},"getTitle",[]]}
RESULT: {"script":"<script> [6424 bytes]","args":[{"element-6066-11e4-a52e-4f735466cecf":"f.41273845E260F28665E10038BC1DC094.d.070C24472D51CFFB33B451CF2D56CBD8.e.4652"},"getTitle",[]]}
RESULT: undefined
COMMAND: POST /session/2b38c89601306e0b0ee554c2d24ad63a/element/f.41273845E260F28665E10038BC1DC094.d.070C24472D51CFFB33B451CF2D56CBD8.e.4378/click - {}
COMMAND: POST /session/2b38c89601306e0b0ee554c2d24ad63a/element - {"using":"xpath","value":"//*[@id=\"backBtn\"]"}
RESULT: {"using":"xpath","value":"//*[@id=\"backBtn\"]"}
COMMAND: POST /session/2b38c89601306e0b0ee554c2d24ad63a/element/f.41273845E260F28665E10038BC1DC094.d.070C24472D51CFFB33B451CF2D56CBD8.e.4378/click - {}
COMMAND: POST /session/2b38c89601306e0b0ee554c2d24ad63a/element - {"using":"xpath","value":"//*[@id=\"backBtn\"]"}
RESULT: {"using":"xpath","value":"//*[@id=\"backBtn\"]"}
COMMAND: POST /session/2b38c89601306e0b0ee554c2d24ad63a/element/f.41273845E260F28665E10038BC1DC094.d.070C24472D51CFFB33B451CF2D56CBD8.e.4653/click - {}
RESULT: {}
COMMAND: GET /session/2b38c89601306e0b0ee554c2d24ad63a/screenshot - {}
RESULT: {}
]]></system-out>
    </testcase>
    <testcase classname="chrome.135_0_7049_42.windows.Sanity_Tests_US104253" name="Should open Configure System page" time="36.705">
      <system-out><![CDATA[
COMMAND: POST /session/2b38c89601306e0b0ee554c2d24ad63a/execute/async - {"script":"<script> [1562 bytes]","args":[{"selector":{"controlType":"sap.m.GenericTile","properties":{"header":"Configure System"}},"wdio_ui5_key":"sapm.GenericTile{\"header\":\"Configure System\"}"}]}
RESULT: {"script":"<script> [1562 bytes]","args":[{"selector":{"controlType":"sap.m.GenericTile","properties":{"header":"Configure System"}},"wdio_ui5_key":"sapm.GenericTile{\"header\":\"Configure System\"}"}]}
RESULT: undefined
COMMAND: POST /session/2b38c89601306e0b0ee554c2d24ad63a/element - {"using":"xpath","value":"//*[@id=\"__tile114\"]"}
RESULT: {"using":"xpath","value":"//*[@id=\"__tile114\"]"}
COMMAND: POST /session/2b38c89601306e0b0ee554c2d24ad63a/element/f.41273845E260F28665E10038BC1DC094.d.070C24472D51CFFB33B451CF2D56CBD8.e.4655/click - {}
RESULT: {}
COMMAND: GET /session/2b38c89601306e0b0ee554c2d24ad63a/screenshot - {}
RESULT: undefined
COMMAND: POST /session/2b38c89601306e0b0ee554c2d24ad63a/element - {"using":"xpath","value":"//*[@id=\"__tile114\"]"}
RESULT: {}
RESULT: {"using":"xpath","value":"//*[@id=\"__tile114\"]"}
COMMAND: POST /session/2b38c89601306e0b0ee554c2d24ad63a/element/f.41273845E260F28665E10038BC1DC094.d.070C24472D51CFFB33B451CF2D56CBD8.e.4655/click - {}
RESULT: undefined
COMMAND: POST /session/2b38c89601306e0b0ee554c2d24ad63a/element - {"using":"xpath","value":"//*[@id=\"__tile114\"]"}
RESULT: {"using":"xpath","value":"//*[@id=\"__tile114\"]"}
COMMAND: POST /session/2b38c89601306e0b0ee554c2d24ad63a/element/f.41273845E260F28665E10038BC1DC094.d.070C24472D51CFFB33B451CF2D56CBD8.e.4655/click - {}
RESULT: undefined
COMMAND: POST /session/2b38c89601306e0b0ee554c2d24ad63a/execute/async - {"script":"<script> [6424 bytes]","args":[{"element-6066-11e4-a52e-4f735466cecf":"f.41273845E260F28665E10038BC1DC094.d.070C24472D51CFFB33B451CF2D56CBD8.e.290"},"getTitle",[]]}
COMMAND: POST /session/2b38c89601306e0b0ee554c2d24ad63a/execute/async - {"script":"<script> [1562 bytes]","args":[{"selector":{"id":"shellAppTitle"},"wdio_ui5_key":"shellAppTitle"}]}
RESULT: {"script":"<script> [1562 bytes]","args":[{"selector":{"id":"shellAppTitle"},"wdio_ui5_key":"shellAppTitle"}]}
COMMAND: POST /session/2b38c89601306e0b0ee554c2d24ad63a/execute/async - {"script":"<script> [6424 bytes]","args":[{"element-6066-11e4-a52e-4f735466cecf":"f.41273845E260F28665E10038BC1DC094.d.070C24472D51CFFB33B451CF2D56CBD8.e.4686"},"getTitle",[]]}
RESULT: {"script":"<script> [6424 bytes]","args":[{"element-6066-11e4-a52e-4f735466cecf":"f.41273845E260F28665E10038BC1DC094.d.070C24472D51CFFB33B451CF2D56CBD8.e.4686"},"getTitle",[]]}
RESULT: undefined
COMMAND: POST /session/2b38c89601306e0b0ee554c2d24ad63a/element/f.41273845E260F28665E10038BC1DC094.d.070C24472D51CFFB33B451CF2D56CBD8.e.4653/click - {}
RESULT: {}
COMMAND: GET /session/2b38c89601306e0b0ee554c2d24ad63a/screenshot - {}
RESULT: {}
]]></system-out>
    </testcase>
    <testcase classname="chrome.135_0_7049_42.windows.Sanity_Tests_US104253" name="Should open Manage Classifications page" time="35.188">
      <system-out><![CDATA[
COMMAND: POST /session/2b38c89601306e0b0ee554c2d24ad63a/execute/async - {"script":"<script> [1562 bytes]","args":[{"selector":{"controlType":"sap.m.GenericTile","properties":{"header":"Manage Classifications"}},"wdio_ui5_key":"sapm.GenericTile{\"header\":\"Manage Classifications\"}"}]}
RESULT: {"script":"<script> [1562 bytes]","args":[{"selector":{"controlType":"sap.m.GenericTile","properties":{"header":"Manage Classifications"}},"wdio_ui5_key":"sapm.GenericTile{\"header\":\"Manage Classifications\"}"}]}
RESULT: undefined
COMMAND: POST /session/2b38c89601306e0b0ee554c2d24ad63a/element - {"using":"xpath","value":"//*[@id=\"__tile115\"]"}
RESULT: {"using":"xpath","value":"//*[@id=\"__tile115\"]"}
COMMAND: POST /session/2b38c89601306e0b0ee554c2d24ad63a/element/f.41273845E260F28665E10038BC1DC094.d.070C24472D51CFFB33B451CF2D56CBD8.e.4690/click - {}
RESULT: {}
COMMAND: GET /session/2b38c89601306e0b0ee554c2d24ad63a/screenshot - {}
RESULT: {}
RESULT: undefined
COMMAND: POST /session/2b38c89601306e0b0ee554c2d24ad63a/element - {"using":"xpath","value":"//*[@id=\"__tile115\"]"}
RESULT: {"using":"xpath","value":"//*[@id=\"__tile115\"]"}
COMMAND: POST /session/2b38c89601306e0b0ee554c2d24ad63a/element/f.41273845E260F28665E10038BC1DC094.d.070C24472D51CFFB33B451CF2D56CBD8.e.4690/click - {}
RESULT: undefined
COMMAND: POST /session/2b38c89601306e0b0ee554c2d24ad63a/element - {"using":"xpath","value":"//*[@id=\"__tile115\"]"}
RESULT: {"using":"xpath","value":"//*[@id=\"__tile115\"]"}
COMMAND: POST /session/2b38c89601306e0b0ee554c2d24ad63a/element/f.41273845E260F28665E10038BC1DC094.d.070C24472D51CFFB33B451CF2D56CBD8.e.4690/click - {}
RESULT: undefined
COMMAND: POST /session/2b38c89601306e0b0ee554c2d24ad63a/execute/async - {"script":"<script> [6424 bytes]","args":[{"element-6066-11e4-a52e-4f735466cecf":"f.41273845E260F28665E10038BC1DC094.d.070C24472D51CFFB33B451CF2D56CBD8.e.290"},"getTitle",[]]}
COMMAND: POST /session/2b38c89601306e0b0ee554c2d24ad63a/execute/async - {"script":"<script> [1562 bytes]","args":[{"selector":{"id":"shellAppTitle"},"wdio_ui5_key":"shellAppTitle"}]}
RESULT: {"script":"<script> [1562 bytes]","args":[{"selector":{"id":"shellAppTitle"},"wdio_ui5_key":"shellAppTitle"}]}
COMMAND: POST /session/2b38c89601306e0b0ee554c2d24ad63a/execute/async - {"script":"<script> [6424 bytes]","args":[{"element-6066-11e4-a52e-4f735466cecf":"f.41273845E260F28665E10038BC1DC094.d.070C24472D51CFFB33B451CF2D56CBD8.e.4823"},"getTitle",[]]}
RESULT: {"script":"<script> [6424 bytes]","args":[{"element-6066-11e4-a52e-4f735466cecf":"f.41273845E260F28665E10038BC1DC094.d.070C24472D51CFFB33B451CF2D56CBD8.e.4823"},"getTitle",[]]}
RESULT: undefined
COMMAND: POST /session/2b38c89601306e0b0ee554c2d24ad63a/element/f.41273845E260F28665E10038BC1DC094.d.070C24472D51CFFB33B451CF2D56CBD8.e.4653/click - {}
COMMAND: POST /session/2b38c89601306e0b0ee554c2d24ad63a/element - {"using":"xpath","value":"//*[@id=\"backBtn\"]"}
RESULT: {"using":"xpath","value":"//*[@id=\"backBtn\"]"}
COMMAND: POST /session/2b38c89601306e0b0ee554c2d24ad63a/element/f.41273845E260F28665E10038BC1DC094.d.070C24472D51CFFB33B451CF2D56CBD8.e.4653/click - {}
COMMAND: POST /session/2b38c89601306e0b0ee554c2d24ad63a/element - {"using":"xpath","value":"//*[@id=\"backBtn\"]"}
RESULT: {"using":"xpath","value":"//*[@id=\"backBtn\"]"}
COMMAND: POST /session/2b38c89601306e0b0ee554c2d24ad63a/element/f.41273845E260F28665E10038BC1DC094.d.070C24472D51CFFB33B451CF2D56CBD8.e.4824/click - {}
RESULT: {}
COMMAND: GET /session/2b38c89601306e0b0ee554c2d24ad63a/screenshot - {}
RESULT: {}
]]></system-out>
    </testcase>
    <testcase classname="chrome.135_0_7049_42.windows.Sanity_Tests_US104253" name="Should open Data Explorer page" time="38.687">
      <system-out><![CDATA[
COMMAND: POST /session/2b38c89601306e0b0ee554c2d24ad63a/execute/async - {"script":"<script> [1562 bytes]","args":[{"selector":{"controlType":"sap.m.GenericTile","properties":{"header":"Data Explorer"}},"wdio_ui5_key":"sapm.GenericTile{\"header\":\"Data Explorer\"}"}]}
RESULT: {"script":"<script> [1562 bytes]","args":[{"selector":{"controlType":"sap.m.GenericTile","properties":{"header":"Data Explorer"}},"wdio_ui5_key":"sapm.GenericTile{\"header\":\"Data Explorer\"}"}]}
RESULT: undefined
COMMAND: POST /session/2b38c89601306e0b0ee554c2d24ad63a/element - {"using":"xpath","value":"//*[@id=\"__tile117\"]"}
RESULT: {"using":"xpath","value":"//*[@id=\"__tile117\"]"}
COMMAND: POST /session/2b38c89601306e0b0ee554c2d24ad63a/element/f.41273845E260F28665E10038BC1DC094.d.070C24472D51CFFB33B451CF2D56CBD8.e.4826/click - {}
RESULT: {}
COMMAND: GET /session/2b38c89601306e0b0ee554c2d24ad63a/screenshot - {}
RESULT: {}
RESULT: undefined
COMMAND: POST /session/2b38c89601306e0b0ee554c2d24ad63a/element - {"using":"xpath","value":"//*[@id=\"__tile117\"]"}
RESULT: {"using":"xpath","value":"//*[@id=\"__tile117\"]"}
COMMAND: POST /session/2b38c89601306e0b0ee554c2d24ad63a/element/f.41273845E260F28665E10038BC1DC094.d.070C24472D51CFFB33B451CF2D56CBD8.e.4826/click - {}
RESULT: undefined
COMMAND: POST /session/2b38c89601306e0b0ee554c2d24ad63a/element - {"using":"xpath","value":"//*[@id=\"__tile117\"]"}
RESULT: {"using":"xpath","value":"//*[@id=\"__tile117\"]"}
COMMAND: POST /session/2b38c89601306e0b0ee554c2d24ad63a/element/f.41273845E260F28665E10038BC1DC094.d.070C24472D51CFFB33B451CF2D56CBD8.e.4826/click - {}
RESULT: undefined
COMMAND: POST /session/2b38c89601306e0b0ee554c2d24ad63a/execute/async - {"script":"<script> [6424 bytes]","args":[{"element-6066-11e4-a52e-4f735466cecf":"f.41273845E260F28665E10038BC1DC094.d.070C24472D51CFFB33B451CF2D56CBD8.e.290"},"getTitle",[]]}
COMMAND: POST /session/2b38c89601306e0b0ee554c2d24ad63a/execute/async - {"script":"<script> [1562 bytes]","args":[{"selector":{"id":"shellAppTitle"},"wdio_ui5_key":"shellAppTitle"}]}
RESULT: {"script":"<script> [1562 bytes]","args":[{"selector":{"id":"shellAppTitle"},"wdio_ui5_key":"shellAppTitle"}]}
COMMAND: POST /session/2b38c89601306e0b0ee554c2d24ad63a/execute/async - {"script":"<script> [6424 bytes]","args":[{"element-6066-11e4-a52e-4f735466cecf":"f.41273845E260F28665E10038BC1DC094.d.070C24472D51CFFB33B451CF2D56CBD8.e.5008"},"getTitle",[]]}
RESULT: {"script":"<script> [6424 bytes]","args":[{"element-6066-11e4-a52e-4f735466cecf":"f.41273845E260F28665E10038BC1DC094.d.070C24472D51CFFB33B451CF2D56CBD8.e.5008"},"getTitle",[]]}
RESULT: undefined
COMMAND: POST /session/2b38c89601306e0b0ee554c2d24ad63a/element/f.41273845E260F28665E10038BC1DC094.d.070C24472D51CFFB33B451CF2D56CBD8.e.4824/click - {}
RESULT: {}
COMMAND: GET /session/2b38c89601306e0b0ee554c2d24ad63a/screenshot - {}
RESULT: {}
]]></system-out>
    </testcase>
    <testcase classname="chrome.135_0_7049_42.windows.Sanity_Tests_US104253" name="Should open Performance Monitor page" time="34.195">
      <system-out><![CDATA[
COMMAND: POST /session/2b38c89601306e0b0ee554c2d24ad63a/execute/async - {"script":"<script> [1562 bytes]","args":[{"selector":{"controlType":"sap.m.GenericTile","properties":{"header":"Performance Monitor"}},"wdio_ui5_key":"sapm.GenericTile{\"header\":\"Performance Monitor\"}"}]}
RESULT: {"script":"<script> [1562 bytes]","args":[{"selector":{"controlType":"sap.m.GenericTile","properties":{"header":"Performance Monitor"}},"wdio_ui5_key":"sapm.GenericTile{\"header\":\"Performance Monitor\"}"}]}
RESULT: undefined
COMMAND: POST /session/2b38c89601306e0b0ee554c2d24ad63a/element - {"using":"xpath","value":"//*[@id=\"__tile116\"]"}
RESULT: {"using":"xpath","value":"//*[@id=\"__tile116\"]"}
COMMAND: POST /session/2b38c89601306e0b0ee554c2d24ad63a/element/f.41273845E260F28665E10038BC1DC094.d.070C24472D51CFFB33B451CF2D56CBD8.e.5010/click - {}
RESULT: {}
COMMAND: GET /session/2b38c89601306e0b0ee554c2d24ad63a/screenshot - {}
RESULT: {}
RESULT: undefined
COMMAND: POST /session/2b38c89601306e0b0ee554c2d24ad63a/element - {"using":"xpath","value":"//*[@id=\"__tile116\"]"}
RESULT: {"using":"xpath","value":"//*[@id=\"__tile116\"]"}
COMMAND: POST /session/2b38c89601306e0b0ee554c2d24ad63a/element/f.41273845E260F28665E10038BC1DC094.d.070C24472D51CFFB33B451CF2D56CBD8.e.5010/click - {}
RESULT: undefined
COMMAND: POST /session/2b38c89601306e0b0ee554c2d24ad63a/element - {"using":"xpath","value":"//*[@id=\"__tile116\"]"}
RESULT: {"using":"xpath","value":"//*[@id=\"__tile116\"]"}
COMMAND: POST /session/2b38c89601306e0b0ee554c2d24ad63a/element/f.41273845E260F28665E10038BC1DC094.d.070C24472D51CFFB33B451CF2D56CBD8.e.5010/click - {}
RESULT: undefined
COMMAND: POST /session/2b38c89601306e0b0ee554c2d24ad63a/execute/async - {"script":"<script> [6424 bytes]","args":[{"element-6066-11e4-a52e-4f735466cecf":"f.41273845E260F28665E10038BC1DC094.d.070C24472D51CFFB33B451CF2D56CBD8.e.290"},"getTitle",[]]}
COMMAND: POST /session/2b38c89601306e0b0ee554c2d24ad63a/execute/async - {"script":"<script> [1562 bytes]","args":[{"selector":{"id":"shellAppTitle"},"wdio_ui5_key":"shellAppTitle"}]}
RESULT: {"script":"<script> [1562 bytes]","args":[{"selector":{"id":"shellAppTitle"},"wdio_ui5_key":"shellAppTitle"}]}
COMMAND: POST /session/2b38c89601306e0b0ee554c2d24ad63a/execute/async - {"script":"<script> [6424 bytes]","args":[{"element-6066-11e4-a52e-4f735466cecf":"f.41273845E260F28665E10038BC1DC094.d.070C24472D51CFFB33B451CF2D56CBD8.e.5050"},"getTitle",[]]}
RESULT: {"script":"<script> [6424 bytes]","args":[{"element-6066-11e4-a52e-4f735466cecf":"f.41273845E260F28665E10038BC1DC094.d.070C24472D51CFFB33B451CF2D56CBD8.e.5050"},"getTitle",[]]}
RESULT: undefined
COMMAND: POST /session/2b38c89601306e0b0ee554c2d24ad63a/element/f.41273845E260F28665E10038BC1DC094.d.070C24472D51CFFB33B451CF2D56CBD8.e.4824/click - {}
COMMAND: POST /session/2b38c89601306e0b0ee554c2d24ad63a/element - {"using":"xpath","value":"//*[@id=\"backBtn\"]"}
RESULT: {"using":"xpath","value":"//*[@id=\"backBtn\"]"}
COMMAND: POST /session/2b38c89601306e0b0ee554c2d24ad63a/element/f.41273845E260F28665E10038BC1DC094.d.070C24472D51CFFB33B451CF2D56CBD8.e.4824/click - {}
COMMAND: POST /session/2b38c89601306e0b0ee554c2d24ad63a/element - {"using":"xpath","value":"//*[@id=\"backBtn\"]"}
RESULT: {"using":"xpath","value":"//*[@id=\"backBtn\"]"}
COMMAND: POST /session/2b38c89601306e0b0ee554c2d24ad63a/element/f.41273845E260F28665E10038BC1DC094.d.070C24472D51CFFB33B451CF2D56CBD8.e.5051/click - {}
RESULT: {}
COMMAND: GET /session/2b38c89601306e0b0ee554c2d24ad63a/screenshot - {}
RESULT: {}
]]></system-out>
    </testcase>
    <testcase classname="chrome.135_0_7049_42.windows.Sanity_Tests_US104253" name="Should open Organizational Model page" time="34.566">
      <system-out><![CDATA[
COMMAND: POST /session/2b38c89601306e0b0ee554c2d24ad63a/execute/async - {"script":"<script> [1562 bytes]","args":[{"selector":{"controlType":"sap.m.GenericTile","properties":{"header":"Organizational Model"}},"wdio_ui5_key":"sapm.GenericTile{\"header\":\"Organizational Model\"}"}]}
RESULT: {"script":"<script> [1562 bytes]","args":[{"selector":{"controlType":"sap.m.GenericTile","properties":{"header":"Organizational Model"}},"wdio_ui5_key":"sapm.GenericTile{\"header\":\"Organizational Model\"}"}]}
RESULT: undefined
COMMAND: POST /session/2b38c89601306e0b0ee554c2d24ad63a/element - {"using":"xpath","value":"//*[@id=\"__tile120\"]"}
RESULT: {"using":"xpath","value":"//*[@id=\"__tile120\"]"}
COMMAND: POST /session/2b38c89601306e0b0ee554c2d24ad63a/element/f.41273845E260F28665E10038BC1DC094.d.070C24472D51CFFB33B451CF2D56CBD8.e.5054/click - {}
RESULT: {}
COMMAND: GET /session/2b38c89601306e0b0ee554c2d24ad63a/screenshot - {}
RESULT: {}
RESULT: undefined
COMMAND: POST /session/2b38c89601306e0b0ee554c2d24ad63a/element - {"using":"xpath","value":"//*[@id=\"__tile120\"]"}
RESULT: {"using":"xpath","value":"//*[@id=\"__tile120\"]"}
COMMAND: POST /session/2b38c89601306e0b0ee554c2d24ad63a/element/f.41273845E260F28665E10038BC1DC094.d.070C24472D51CFFB33B451CF2D56CBD8.e.5054/click - {}
RESULT: undefined
COMMAND: POST /session/2b38c89601306e0b0ee554c2d24ad63a/element - {"using":"xpath","value":"//*[@id=\"__tile120\"]"}
RESULT: {"using":"xpath","value":"//*[@id=\"__tile120\"]"}
COMMAND: POST /session/2b38c89601306e0b0ee554c2d24ad63a/element/f.41273845E260F28665E10038BC1DC094.d.070C24472D51CFFB33B451CF2D56CBD8.e.5054/click - {}
RESULT: undefined
COMMAND: POST /session/2b38c89601306e0b0ee554c2d24ad63a/execute/async - {"script":"<script> [6424 bytes]","args":[{"element-6066-11e4-a52e-4f735466cecf":"f.41273845E260F28665E10038BC1DC094.d.070C24472D51CFFB33B451CF2D56CBD8.e.290"},"getTitle",[]]}
COMMAND: POST /session/2b38c89601306e0b0ee554c2d24ad63a/execute/async - {"script":"<script> [1562 bytes]","args":[{"selector":{"id":"shellAppTitle"},"wdio_ui5_key":"shellAppTitle"}]}
RESULT: {"script":"<script> [1562 bytes]","args":[{"selector":{"id":"shellAppTitle"},"wdio_ui5_key":"shellAppTitle"}]}
COMMAND: POST /session/2b38c89601306e0b0ee554c2d24ad63a/execute/async - {"script":"<script> [6424 bytes]","args":[{"element-6066-11e4-a52e-4f735466cecf":"f.41273845E260F28665E10038BC1DC094.d.070C24472D51CFFB33B451CF2D56CBD8.e.5071"},"getTitle",[]]}
RESULT: {"script":"<script> [6424 bytes]","args":[{"element-6066-11e4-a52e-4f735466cecf":"f.41273845E260F28665E10038BC1DC094.d.070C24472D51CFFB33B451CF2D56CBD8.e.5071"},"getTitle",[]]}
RESULT: undefined
COMMAND: POST /session/2b38c89601306e0b0ee554c2d24ad63a/element/f.41273845E260F28665E10038BC1DC094.d.070C24472D51CFFB33B451CF2D56CBD8.e.5051/click - {}
RESULT: {}
COMMAND: GET /session/2b38c89601306e0b0ee554c2d24ad63a/screenshot - {}
RESULT: {}
]]></system-out>
    </testcase>
    <testcase classname="chrome.135_0_7049_42.windows.Sanity_Tests_US104253" name="Should open Manage Roles page" time="35.236">
      <system-out><![CDATA[
COMMAND: POST /session/2b38c89601306e0b0ee554c2d24ad63a/execute/async - {"script":"<script> [1562 bytes]","args":[{"selector":{"controlType":"sap.m.GenericTile","properties":{"header":"Manage Roles"}},"wdio_ui5_key":"sapm.GenericTile{\"header\":\"Manage Roles\"}"}]}
RESULT: {"script":"<script> [1562 bytes]","args":[{"selector":{"controlType":"sap.m.GenericTile","properties":{"header":"Manage Roles"}},"wdio_ui5_key":"sapm.GenericTile{\"header\":\"Manage Roles\"}"}]}
RESULT: undefined
COMMAND: POST /session/2b38c89601306e0b0ee554c2d24ad63a/element - {"using":"xpath","value":"//*[@id=\"__tile119\"]"}
RESULT: {"using":"xpath","value":"//*[@id=\"__tile119\"]"}
COMMAND: POST /session/2b38c89601306e0b0ee554c2d24ad63a/element/f.41273845E260F28665E10038BC1DC094.d.070C24472D51CFFB33B451CF2D56CBD8.e.5075/click - {}
RESULT: {}
COMMAND: GET /session/2b38c89601306e0b0ee554c2d24ad63a/screenshot - {}
RESULT: {}
RESULT: undefined
COMMAND: POST /session/2b38c89601306e0b0ee554c2d24ad63a/element - {"using":"xpath","value":"//*[@id=\"__tile119\"]"}
RESULT: {"using":"xpath","value":"//*[@id=\"__tile119\"]"}
COMMAND: POST /session/2b38c89601306e0b0ee554c2d24ad63a/element/f.41273845E260F28665E10038BC1DC094.d.070C24472D51CFFB33B451CF2D56CBD8.e.5075/click - {}
RESULT: undefined
COMMAND: POST /session/2b38c89601306e0b0ee554c2d24ad63a/element - {"using":"xpath","value":"//*[@id=\"__tile119\"]"}
RESULT: {"using":"xpath","value":"//*[@id=\"__tile119\"]"}
COMMAND: POST /session/2b38c89601306e0b0ee554c2d24ad63a/element/f.41273845E260F28665E10038BC1DC094.d.070C24472D51CFFB33B451CF2D56CBD8.e.5075/click - {}
RESULT: undefined
COMMAND: POST /session/2b38c89601306e0b0ee554c2d24ad63a/execute/async - {"script":"<script> [6424 bytes]","args":[{"element-6066-11e4-a52e-4f735466cecf":"f.41273845E260F28665E10038BC1DC094.d.070C24472D51CFFB33B451CF2D56CBD8.e.290"},"getTitle",[]]}
COMMAND: POST /session/2b38c89601306e0b0ee554c2d24ad63a/execute/async - {"script":"<script> [1562 bytes]","args":[{"selector":{"id":"shellAppTitle"},"wdio_ui5_key":"shellAppTitle"}]}
RESULT: {"script":"<script> [1562 bytes]","args":[{"selector":{"id":"shellAppTitle"},"wdio_ui5_key":"shellAppTitle"}]}
COMMAND: POST /session/2b38c89601306e0b0ee554c2d24ad63a/execute/async - {"script":"<script> [6424 bytes]","args":[{"element-6066-11e4-a52e-4f735466cecf":"f.41273845E260F28665E10038BC1DC094.d.070C24472D51CFFB33B451CF2D56CBD8.e.5120"},"getTitle",[]]}
RESULT: {"script":"<script> [6424 bytes]","args":[{"element-6066-11e4-a52e-4f735466cecf":"f.41273845E260F28665E10038BC1DC094.d.070C24472D51CFFB33B451CF2D56CBD8.e.5120"},"getTitle",[]]}
RESULT: undefined
COMMAND: POST /session/2b38c89601306e0b0ee554c2d24ad63a/element/f.41273845E260F28665E10038BC1DC094.d.070C24472D51CFFB33B451CF2D56CBD8.e.5051/click - {}
COMMAND: POST /session/2b38c89601306e0b0ee554c2d24ad63a/element - {"using":"xpath","value":"//*[@id=\"backBtn\"]"}
RESULT: {"using":"xpath","value":"//*[@id=\"backBtn\"]"}
COMMAND: POST /session/2b38c89601306e0b0ee554c2d24ad63a/element/f.41273845E260F28665E10038BC1DC094.d.070C24472D51CFFB33B451CF2D56CBD8.e.5051/click - {}
COMMAND: POST /session/2b38c89601306e0b0ee554c2d24ad63a/element - {"using":"xpath","value":"//*[@id=\"backBtn\"]"}
RESULT: {"using":"xpath","value":"//*[@id=\"backBtn\"]"}
COMMAND: POST /session/2b38c89601306e0b0ee554c2d24ad63a/element/f.41273845E260F28665E10038BC1DC094.d.070C24472D51CFFB33B451CF2D56CBD8.e.5121/click - {}
RESULT: {}
COMMAND: GET /session/2b38c89601306e0b0ee554c2d24ad63a/screenshot - {}
RESULT: {}
]]></system-out>
    </testcase>
    <testcase classname="chrome.135_0_7049_42.windows.Sanity_Tests_US104253" name="Should open Authorization Tables page" time="32.427">
      <system-out><![CDATA[
COMMAND: POST /session/2b38c89601306e0b0ee554c2d24ad63a/execute/async - {"script":"<script> [1562 bytes]","args":[{"selector":{"controlType":"sap.m.GenericTile","properties":{"header":"Authorization Tables"}},"wdio_ui5_key":"sapm.GenericTile{\"header\":\"Authorization Tables\"}"}]}
RESULT: {"script":"<script> [1562 bytes]","args":[{"selector":{"controlType":"sap.m.GenericTile","properties":{"header":"Authorization Tables"}},"wdio_ui5_key":"sapm.GenericTile{\"header\":\"Authorization Tables\"}"}]}
RESULT: undefined
COMMAND: POST /session/2b38c89601306e0b0ee554c2d24ad63a/element - {"using":"xpath","value":"//*[@id=\"__tile118\"]"}
RESULT: {"using":"xpath","value":"//*[@id=\"__tile118\"]"}
COMMAND: POST /session/2b38c89601306e0b0ee554c2d24ad63a/element/f.41273845E260F28665E10038BC1DC094.d.070C24472D51CFFB33B451CF2D56CBD8.e.5123/click - {}
RESULT: {}
COMMAND: GET /session/2b38c89601306e0b0ee554c2d24ad63a/screenshot - {}
RESULT: undefined
COMMAND: POST /session/2b38c89601306e0b0ee554c2d24ad63a/element - {"using":"xpath","value":"//*[@id=\"__tile118\"]"}
RESULT: {}
RESULT: {"using":"xpath","value":"//*[@id=\"__tile118\"]"}
COMMAND: POST /session/2b38c89601306e0b0ee554c2d24ad63a/element/f.41273845E260F28665E10038BC1DC094.d.070C24472D51CFFB33B451CF2D56CBD8.e.5123/click - {}
RESULT: undefined
COMMAND: POST /session/2b38c89601306e0b0ee554c2d24ad63a/element - {"using":"xpath","value":"//*[@id=\"__tile118\"]"}
RESULT: {"using":"xpath","value":"//*[@id=\"__tile118\"]"}
COMMAND: POST /session/2b38c89601306e0b0ee554c2d24ad63a/element/f.41273845E260F28665E10038BC1DC094.d.070C24472D51CFFB33B451CF2D56CBD8.e.5123/click - {}
RESULT: undefined
COMMAND: POST /session/2b38c89601306e0b0ee554c2d24ad63a/execute/async - {"script":"<script> [6424 bytes]","args":[{"element-6066-11e4-a52e-4f735466cecf":"f.41273845E260F28665E10038BC1DC094.d.070C24472D51CFFB33B451CF2D56CBD8.e.290"},"getTitle",[]]}
COMMAND: POST /session/2b38c89601306e0b0ee554c2d24ad63a/execute/async - {"script":"<script> [1562 bytes]","args":[{"selector":{"id":"shellAppTitle"},"wdio_ui5_key":"shellAppTitle"}]}
RESULT: {"script":"<script> [1562 bytes]","args":[{"selector":{"id":"shellAppTitle"},"wdio_ui5_key":"shellAppTitle"}]}
COMMAND: POST /session/2b38c89601306e0b0ee554c2d24ad63a/execute/async - {"script":"<script> [6424 bytes]","args":[{"element-6066-11e4-a52e-4f735466cecf":"f.41273845E260F28665E10038BC1DC094.d.070C24472D51CFFB33B451CF2D56CBD8.e.5190"},"getTitle",[]]}
RESULT: {"script":"<script> [6424 bytes]","args":[{"element-6066-11e4-a52e-4f735466cecf":"f.41273845E260F28665E10038BC1DC094.d.070C24472D51CFFB33B451CF2D56CBD8.e.5190"},"getTitle",[]]}
RESULT: undefined
COMMAND: POST /session/2b38c89601306e0b0ee554c2d24ad63a/element/f.41273845E260F28665E10038BC1DC094.d.070C24472D51CFFB33B451CF2D56CBD8.e.5121/click - {}
RESULT: {}
COMMAND: GET /session/2b38c89601306e0b0ee554c2d24ad63a/screenshot - {}
RESULT: {}
]]></system-out>
    </testcase>
    <testcase classname="chrome.135_0_7049_42.windows.Sanity_Tests_US104253" name="Should open User Maintenance page" time="33.91">
      <system-out><![CDATA[
COMMAND: POST /session/2b38c89601306e0b0ee554c2d24ad63a/execute/async - {"script":"<script> [1562 bytes]","args":[{"selector":{"controlType":"sap.m.GenericTile","properties":{"header":"User Maintenance"}},"wdio_ui5_key":"sapm.GenericTile{\"header\":\"User Maintenance\"}"}]}
RESULT: {"script":"<script> [1562 bytes]","args":[{"selector":{"controlType":"sap.m.GenericTile","properties":{"header":"User Maintenance"}},"wdio_ui5_key":"sapm.GenericTile{\"header\":\"User Maintenance\"}"}]}
RESULT: undefined
COMMAND: POST /session/2b38c89601306e0b0ee554c2d24ad63a/element - {"using":"xpath","value":"//*[@id=\"__tile121\"]"}
RESULT: {"using":"xpath","value":"//*[@id=\"__tile121\"]"}
COMMAND: POST /session/2b38c89601306e0b0ee554c2d24ad63a/element/f.41273845E260F28665E10038BC1DC094.d.070C24472D51CFFB33B451CF2D56CBD8.e.5192/click - {}
RESULT: {}
COMMAND: GET /session/2b38c89601306e0b0ee554c2d24ad63a/screenshot - {}
RESULT: {}
RESULT: undefined
COMMAND: POST /session/2b38c89601306e0b0ee554c2d24ad63a/element - {"using":"xpath","value":"//*[@id=\"__tile121\"]"}
RESULT: {"using":"xpath","value":"//*[@id=\"__tile121\"]"}
COMMAND: POST /session/2b38c89601306e0b0ee554c2d24ad63a/element/f.41273845E260F28665E10038BC1DC094.d.070C24472D51CFFB33B451CF2D56CBD8.e.5192/click - {}
RESULT: undefined
COMMAND: POST /session/2b38c89601306e0b0ee554c2d24ad63a/element - {"using":"xpath","value":"//*[@id=\"__tile121\"]"}
RESULT: {"using":"xpath","value":"//*[@id=\"__tile121\"]"}
COMMAND: POST /session/2b38c89601306e0b0ee554c2d24ad63a/element/f.41273845E260F28665E10038BC1DC094.d.070C24472D51CFFB33B451CF2D56CBD8.e.5192/click - {}
RESULT: undefined
COMMAND: POST /session/2b38c89601306e0b0ee554c2d24ad63a/execute/async - {"script":"<script> [6424 bytes]","args":[{"element-6066-11e4-a52e-4f735466cecf":"f.41273845E260F28665E10038BC1DC094.d.070C24472D51CFFB33B451CF2D56CBD8.e.290"},"getTitle",[]]}
COMMAND: POST /session/2b38c89601306e0b0ee554c2d24ad63a/execute/async - {"script":"<script> [1562 bytes]","args":[{"selector":{"id":"shellAppTitle"},"wdio_ui5_key":"shellAppTitle"}]}
RESULT: {"script":"<script> [1562 bytes]","args":[{"selector":{"id":"shellAppTitle"},"wdio_ui5_key":"shellAppTitle"}]}
COMMAND: POST /session/2b38c89601306e0b0ee554c2d24ad63a/execute/async - {"script":"<script> [6424 bytes]","args":[{"element-6066-11e4-a52e-4f735466cecf":"f.41273845E260F28665E10038BC1DC094.d.070C24472D51CFFB33B451CF2D56CBD8.e.5284"},"getTitle",[]]}
RESULT: {"script":"<script> [6424 bytes]","args":[{"element-6066-11e4-a52e-4f735466cecf":"f.41273845E260F28665E10038BC1DC094.d.070C24472D51CFFB33B451CF2D56CBD8.e.5284"},"getTitle",[]]}
RESULT: undefined
COMMAND: POST /session/2b38c89601306e0b0ee554c2d24ad63a/element/f.41273845E260F28665E10038BC1DC094.d.070C24472D51CFFB33B451CF2D56CBD8.e.5121/click - {}
COMMAND: POST /session/2b38c89601306e0b0ee554c2d24ad63a/element - {"using":"xpath","value":"//*[@id=\"backBtn\"]"}
RESULT: {"using":"xpath","value":"//*[@id=\"backBtn\"]"}
COMMAND: POST /session/2b38c89601306e0b0ee554c2d24ad63a/element/f.41273845E260F28665E10038BC1DC094.d.070C24472D51CFFB33B451CF2D56CBD8.e.5121/click - {}
COMMAND: POST /session/2b38c89601306e0b0ee554c2d24ad63a/element - {"using":"xpath","value":"//*[@id=\"backBtn\"]"}
RESULT: {"using":"xpath","value":"//*[@id=\"backBtn\"]"}
COMMAND: POST /session/2b38c89601306e0b0ee554c2d24ad63a/element/f.41273845E260F28665E10038BC1DC094.d.070C24472D51CFFB33B451CF2D56CBD8.e.5285/click - {}
RESULT: {}
COMMAND: GET /session/2b38c89601306e0b0ee554c2d24ad63a/screenshot - {}
RESULT: {}
]]></system-out>
    </testcase>
    <testcase classname="chrome.135_0_7049_42.windows.Sanity_Tests_US104253" name="Should open Schedule Jobs page" time="26.395">
      <system-out><![CDATA[
COMMAND: POST /session/2b38c89601306e0b0ee554c2d24ad63a/execute/async - {"script":"<script> [1562 bytes]","args":[{"selector":{"controlType":"sap.m.GenericTile","properties":{"header":"Schedule Jobs"}},"wdio_ui5_key":"sapm.GenericTile{\"header\":\"Schedule Jobs\"}"}]}
RESULT: {"script":"<script> [1562 bytes]","args":[{"selector":{"controlType":"sap.m.GenericTile","properties":{"header":"Schedule Jobs"}},"wdio_ui5_key":"sapm.GenericTile{\"header\":\"Schedule Jobs\"}"}]}
RESULT: undefined
COMMAND: POST /session/2b38c89601306e0b0ee554c2d24ad63a/element - {"using":"xpath","value":"//*[@id=\"__tile127\"]"}
RESULT: {"using":"xpath","value":"//*[@id=\"__tile127\"]"}
COMMAND: POST /session/2b38c89601306e0b0ee554c2d24ad63a/element/f.41273845E260F28665E10038BC1DC094.d.070C24472D51CFFB33B451CF2D56CBD8.e.5288/click - {}
RESULT: {}
COMMAND: GET /session/2b38c89601306e0b0ee554c2d24ad63a/screenshot - {}
RESULT: {}
RESULT: undefined
COMMAND: POST /session/2b38c89601306e0b0ee554c2d24ad63a/element - {"using":"xpath","value":"//*[@id=\"__tile127\"]"}
RESULT: {"using":"xpath","value":"//*[@id=\"__tile127\"]"}
COMMAND: POST /session/2b38c89601306e0b0ee554c2d24ad63a/element/f.41273845E260F28665E10038BC1DC094.d.070C24472D51CFFB33B451CF2D56CBD8.e.5288/click - {}
RESULT: undefined
COMMAND: POST /session/2b38c89601306e0b0ee554c2d24ad63a/element - {"using":"xpath","value":"//*[@id=\"__tile127\"]"}
RESULT: {"using":"xpath","value":"//*[@id=\"__tile127\"]"}
COMMAND: POST /session/2b38c89601306e0b0ee554c2d24ad63a/element/f.41273845E260F28665E10038BC1DC094.d.070C24472D51CFFB33B451CF2D56CBD8.e.5288/click - {}
RESULT: undefined
COMMAND: POST /session/2b38c89601306e0b0ee554c2d24ad63a/execute/async - {"script":"<script> [6424 bytes]","args":[{"element-6066-11e4-a52e-4f735466cecf":"f.41273845E260F28665E10038BC1DC094.d.070C24472D51CFFB33B451CF2D56CBD8.e.290"},"getTitle",[]]}
COMMAND: POST /session/2b38c89601306e0b0ee554c2d24ad63a/execute/async - {"script":"<script> [1562 bytes]","args":[{"selector":{"id":"shellAppTitle"},"wdio_ui5_key":"shellAppTitle"}]}
RESULT: {"script":"<script> [1562 bytes]","args":[{"selector":{"id":"shellAppTitle"},"wdio_ui5_key":"shellAppTitle"}]}
COMMAND: POST /session/2b38c89601306e0b0ee554c2d24ad63a/execute/async - {"script":"<script> [6424 bytes]","args":[{"element-6066-11e4-a52e-4f735466cecf":"f.41273845E260F28665E10038BC1DC094.d.070C24472D51CFFB33B451CF2D56CBD8.e.5332"},"getTitle",[]]}
RESULT: {"script":"<script> [6424 bytes]","args":[{"element-6066-11e4-a52e-4f735466cecf":"f.41273845E260F28665E10038BC1DC094.d.070C24472D51CFFB33B451CF2D56CBD8.e.5332"},"getTitle",[]]}
RESULT: undefined
COMMAND: POST /session/2b38c89601306e0b0ee554c2d24ad63a/element/f.41273845E260F28665E10038BC1DC094.d.070C24472D51CFFB33B451CF2D56CBD8.e.5285/click - {}
COMMAND: POST /session/2b38c89601306e0b0ee554c2d24ad63a/element/f.41273845E260F28665E10038BC1DC094.d.070C24472D51CFFB33B451CF2D56CBD8.e.5285/click - {}
RESULT: {}
COMMAND: GET /session/2b38c89601306e0b0ee554c2d24ad63a/screenshot - {}
COMMAND: POST /session/2b38c89601306e0b0ee554c2d24ad63a/element - {"using":"xpath","value":"//*[@id=\"backBtn\"]"}
RESULT: {}
RESULT: {"using":"xpath","value":"//*[@id=\"backBtn\"]"}
COMMAND: POST /session/2b38c89601306e0b0ee554c2d24ad63a/elements - {"using":"xpath","value":"//*[@id=\"backBtn\"]"}
RESULT: {"using":"xpath","value":"//*[@id=\"backBtn\"]"}
COMMAND: POST /session/2b38c89601306e0b0ee554c2d24ad63a/elements - {"using":"xpath","value":"//*[@id=\"backBtn\"]"}
RESULT: {"using":"xpath","value":"//*[@id=\"backBtn\"]"}
COMMAND: POST /session/2b38c89601306e0b0ee554c2d24ad63a/elements - {"using":"xpath","value":"//*[@id=\"backBtn\"]"}
RESULT: {"using":"xpath","value":"//*[@id=\"backBtn\"]"}
COMMAND: POST /session/2b38c89601306e0b0ee554c2d24ad63a/elements - {"using":"xpath","value":"//*[@id=\"backBtn\"]"}
RESULT: {"using":"xpath","value":"//*[@id=\"backBtn\"]"}
COMMAND: POST /session/2b38c89601306e0b0ee554c2d24ad63a/elements - {"using":"xpath","value":"//*[@id=\"backBtn\"]"}
RESULT: {"using":"xpath","value":"//*[@id=\"backBtn\"]"}
COMMAND: POST /session/2b38c89601306e0b0ee554c2d24ad63a/elements - {"using":"xpath","value":"//*[@id=\"backBtn\"]"}
RESULT: {"using":"xpath","value":"//*[@id=\"backBtn\"]"}
COMMAND: POST /session/2b38c89601306e0b0ee554c2d24ad63a/elements - {"using":"xpath","value":"//*[@id=\"backBtn\"]"}
RESULT: {"using":"xpath","value":"//*[@id=\"backBtn\"]"}
COMMAND: POST /session/2b38c89601306e0b0ee554c2d24ad63a/elements - {"using":"xpath","value":"//*[@id=\"backBtn\"]"}
RESULT: {"using":"xpath","value":"//*[@id=\"backBtn\"]"}
COMMAND: POST /session/2b38c89601306e0b0ee554c2d24ad63a/elements - {"using":"xpath","value":"//*[@id=\"backBtn\"]"}
RESULT: {"using":"xpath","value":"//*[@id=\"backBtn\"]"}
COMMAND: POST /session/2b38c89601306e0b0ee554c2d24ad63a/elements - {"using":"xpath","value":"//*[@id=\"backBtn\"]"}
RESULT: {"using":"xpath","value":"//*[@id=\"backBtn\"]"}
COMMAND: POST /session/2b38c89601306e0b0ee554c2d24ad63a/elements - {"using":"xpath","value":"//*[@id=\"backBtn\"]"}
RESULT: {"using":"xpath","value":"//*[@id=\"backBtn\"]"}
COMMAND: POST /session/2b38c89601306e0b0ee554c2d24ad63a/elements - {"using":"xpath","value":"//*[@id=\"backBtn\"]"}
RESULT: {"using":"xpath","value":"//*[@id=\"backBtn\"]"}
COMMAND: POST /session/2b38c89601306e0b0ee554c2d24ad63a/elements - {"using":"xpath","value":"//*[@id=\"backBtn\"]"}
RESULT: {"using":"xpath","value":"//*[@id=\"backBtn\"]"}
COMMAND: POST /session/2b38c89601306e0b0ee554c2d24ad63a/elements - {"using":"xpath","value":"//*[@id=\"backBtn\"]"}
RESULT: {"using":"xpath","value":"//*[@id=\"backBtn\"]"}
COMMAND: POST /session/2b38c89601306e0b0ee554c2d24ad63a/elements - {"using":"xpath","value":"//*[@id=\"backBtn\"]"}
RESULT: {"using":"xpath","value":"//*[@id=\"backBtn\"]"}
COMMAND: POST /session/2b38c89601306e0b0ee554c2d24ad63a/elements - {"using":"xpath","value":"//*[@id=\"backBtn\"]"}
RESULT: {"using":"xpath","value":"//*[@id=\"backBtn\"]"}
COMMAND: POST /session/2b38c89601306e0b0ee554c2d24ad63a/elements - {"using":"xpath","value":"//*[@id=\"backBtn\"]"}
RESULT: {"using":"xpath","value":"//*[@id=\"backBtn\"]"}
COMMAND: POST /session/2b38c89601306e0b0ee554c2d24ad63a/elements - {"using":"xpath","value":"//*[@id=\"backBtn\"]"}
RESULT: {"using":"xpath","value":"//*[@id=\"backBtn\"]"}
COMMAND: POST /session/2b38c89601306e0b0ee554c2d24ad63a/elements - {"using":"xpath","value":"//*[@id=\"backBtn\"]"}
RESULT: {"using":"xpath","value":"//*[@id=\"backBtn\"]"}
]]></system-out>
    </testcase>
    <testcase classname="chrome.135_0_7049_42.windows.Sanity_Tests_US104253" name="Should open Jobs Setup page" time="25.921">
      <system-out><![CDATA[
COMMAND: POST /session/2b38c89601306e0b0ee554c2d24ad63a/execute/async - {"script":"<script> [1562 bytes]","args":[{"selector":{"controlType":"sap.m.GenericTile","properties":{"header":"Jobs Setup"}},"wdio_ui5_key":"sapm.GenericTile{\"header\":\"Jobs Setup\"}"}]}
COMMAND: POST /session/2b38c89601306e0b0ee554c2d24ad63a/elements - {"using":"xpath","value":"//*[@id=\"backBtn\"]"}
RESULT: {"script":"<script> [1562 bytes]","args":[{"selector":{"controlType":"sap.m.GenericTile","properties":{"header":"Jobs Setup"}},"wdio_ui5_key":"sapm.GenericTile{\"header\":\"Jobs Setup\"}"}]}
RESULT: undefined
COMMAND: POST /session/2b38c89601306e0b0ee554c2d24ad63a/element - {"using":"xpath","value":"//*[@id=\"__tile128\"]"}
RESULT: {"using":"xpath","value":"//*[@id=\"backBtn\"]"}
RESULT: {"using":"xpath","value":"//*[@id=\"__tile128\"]"}
COMMAND: POST /session/2b38c89601306e0b0ee554c2d24ad63a/element/f.41273845E260F28665E10038BC1DC094.d.070C24472D51CFFB33B451CF2D56CBD8.e.5334/click - {}
COMMAND: POST /session/2b38c89601306e0b0ee554c2d24ad63a/elements - {"using":"xpath","value":"//*[@id=\"backBtn\"]"}
RESULT: {}
COMMAND: GET /session/2b38c89601306e0b0ee554c2d24ad63a/screenshot - {}
RESULT: {"using":"xpath","value":"//*[@id=\"backBtn\"]"}
COMMAND: POST /session/2b38c89601306e0b0ee554c2d24ad63a/elements - {"using":"xpath","value":"//*[@id=\"backBtn\"]"}
RESULT: {}
RESULT: {"using":"xpath","value":"//*[@id=\"backBtn\"]"}
COMMAND: POST /session/2b38c89601306e0b0ee554c2d24ad63a/element - {"using":"xpath","value":"//*[@id=\"backBtn\"]"}
RESULT: {"using":"xpath","value":"//*[@id=\"backBtn\"]"}
COMMAND: POST /session/2b38c89601306e0b0ee554c2d24ad63a/element/f.41273845E260F28665E10038BC1DC094.d.070C24472D51CFFB33B451CF2D56CBD8.e.5285/click - {}
COMMAND: POST /session/2b38c89601306e0b0ee554c2d24ad63a/element - {"using":"xpath","value":"//*[@id=\"backBtn\"]"}
RESULT: {"using":"xpath","value":"//*[@id=\"backBtn\"]"}
COMMAND: POST /session/2b38c89601306e0b0ee554c2d24ad63a/element/f.41273845E260F28665E10038BC1DC094.d.070C24472D51CFFB33B451CF2D56CBD8.e.5389/click - {}
RESULT: {}
COMMAND: GET /session/2b38c89601306e0b0ee554c2d24ad63a/screenshot - {}
RESULT: {}
RESULT: undefined
COMMAND: POST /session/2b38c89601306e0b0ee554c2d24ad63a/element - {"using":"xpath","value":"//*[@id=\"__tile128\"]"}
RESULT: {"using":"xpath","value":"//*[@id=\"__tile128\"]"}
COMMAND: POST /session/2b38c89601306e0b0ee554c2d24ad63a/element/f.41273845E260F28665E10038BC1DC094.d.070C24472D51CFFB33B451CF2D56CBD8.e.5334/click - {}
RESULT: undefined
COMMAND: POST /session/2b38c89601306e0b0ee554c2d24ad63a/element - {"using":"xpath","value":"//*[@id=\"__tile128\"]"}
RESULT: {"using":"xpath","value":"//*[@id=\"__tile128\"]"}
COMMAND: POST /session/2b38c89601306e0b0ee554c2d24ad63a/element/f.41273845E260F28665E10038BC1DC094.d.070C24472D51CFFB33B451CF2D56CBD8.e.5334/click - {}
RESULT: undefined
COMMAND: POST /session/2b38c89601306e0b0ee554c2d24ad63a/execute/async - {"script":"<script> [6424 bytes]","args":[{"element-6066-11e4-a52e-4f735466cecf":"f.41273845E260F28665E10038BC1DC094.d.070C24472D51CFFB33B451CF2D56CBD8.e.290"},"getTitle",[]]}
COMMAND: POST /session/2b38c89601306e0b0ee554c2d24ad63a/execute/async - {"script":"<script> [1562 bytes]","args":[{"selector":{"id":"shellAppTitle"},"wdio_ui5_key":"shellAppTitle"}]}
RESULT: {"script":"<script> [1562 bytes]","args":[{"selector":{"id":"shellAppTitle"},"wdio_ui5_key":"shellAppTitle"}]}
COMMAND: POST /session/2b38c89601306e0b0ee554c2d24ad63a/execute/async - {"script":"<script> [6424 bytes]","args":[{"element-6066-11e4-a52e-4f735466cecf":"f.41273845E260F28665E10038BC1DC094.d.070C24472D51CFFB33B451CF2D56CBD8.e.5519"},"getTitle",[]]}
RESULT: {"script":"<script> [6424 bytes]","args":[{"element-6066-11e4-a52e-4f735466cecf":"f.41273845E260F28665E10038BC1DC094.d.070C24472D51CFFB33B451CF2D56CBD8.e.5519"},"getTitle",[]]}
RESULT: undefined
COMMAND: POST /session/2b38c89601306e0b0ee554c2d24ad63a/element/f.41273845E260F28665E10038BC1DC094.d.070C24472D51CFFB33B451CF2D56CBD8.e.5389/click - {}
COMMAND: POST /session/2b38c89601306e0b0ee554c2d24ad63a/element/f.41273845E260F28665E10038BC1DC094.d.070C24472D51CFFB33B451CF2D56CBD8.e.5389/click - {}
RESULT: {}
COMMAND: GET /session/2b38c89601306e0b0ee554c2d24ad63a/screenshot - {}
RESULT: {}
COMMAND: GET /session/2b38c89601306e0b0ee554c2d24ad63a/screenshot - {}
RESULT: {}
RESULT: {}
]]></system-out>
    </testcase>
    <testcase classname="chrome.135_0_7049_42.windows.Sanity_Tests_US104253" name="Should open Target Systems Configuration page" time="26.911">
      <system-out><![CDATA[
COMMAND: POST /session/2b38c89601306e0b0ee554c2d24ad63a/execute/async - {"script":"<script> [1562 bytes]","args":[{"selector":{"controlType":"sap.m.GenericTile","properties":{"header":"Target Systems Configuration"}},"wdio_ui5_key":"sapm.GenericTile{\"header\":\"Target Systems Configuration\"}"}]}
RESULT: {"script":"<script> [1562 bytes]","args":[{"selector":{"controlType":"sap.m.GenericTile","properties":{"header":"Target Systems Configuration"}},"wdio_ui5_key":"sapm.GenericTile{\"header\":\"Target Systems Configuration\"}"}]}
RESULT: undefined
COMMAND: POST /session/2b38c89601306e0b0ee554c2d24ad63a/element - {"using":"xpath","value":"//*[@id=\"__tile129\"]"}
RESULT: {"using":"xpath","value":"//*[@id=\"__tile129\"]"}
COMMAND: POST /session/2b38c89601306e0b0ee554c2d24ad63a/element/f.41273845E260F28665E10038BC1DC094.d.070C24472D51CFFB33B451CF2D56CBD8.e.5521/click - {}
RESULT: {}
COMMAND: GET /session/2b38c89601306e0b0ee554c2d24ad63a/screenshot - {}
RESULT: {}
RESULT: undefined
COMMAND: POST /session/2b38c89601306e0b0ee554c2d24ad63a/element - {"using":"xpath","value":"//*[@id=\"__tile129\"]"}
RESULT: {"using":"xpath","value":"//*[@id=\"__tile129\"]"}
COMMAND: POST /session/2b38c89601306e0b0ee554c2d24ad63a/element/f.41273845E260F28665E10038BC1DC094.d.070C24472D51CFFB33B451CF2D56CBD8.e.5521/click - {}
RESULT: undefined
COMMAND: POST /session/2b38c89601306e0b0ee554c2d24ad63a/element - {"using":"xpath","value":"//*[@id=\"__tile129\"]"}
RESULT: {"using":"xpath","value":"//*[@id=\"__tile129\"]"}
COMMAND: POST /session/2b38c89601306e0b0ee554c2d24ad63a/element/f.41273845E260F28665E10038BC1DC094.d.070C24472D51CFFB33B451CF2D56CBD8.e.5521/click - {}
RESULT: undefined
COMMAND: POST /session/2b38c89601306e0b0ee554c2d24ad63a/execute/async - {"script":"<script> [6424 bytes]","args":[{"element-6066-11e4-a52e-4f735466cecf":"f.41273845E260F28665E10038BC1DC094.d.070C24472D51CFFB33B451CF2D56CBD8.e.290"},"getTitle",[]]}
COMMAND: POST /session/2b38c89601306e0b0ee554c2d24ad63a/execute/async - {"script":"<script> [1562 bytes]","args":[{"selector":{"id":"shellAppTitle"},"wdio_ui5_key":"shellAppTitle"}]}
RESULT: {"script":"<script> [1562 bytes]","args":[{"selector":{"id":"shellAppTitle"},"wdio_ui5_key":"shellAppTitle"}]}
COMMAND: POST /session/2b38c89601306e0b0ee554c2d24ad63a/execute/async - {"script":"<script> [6424 bytes]","args":[{"element-6066-11e4-a52e-4f735466cecf":"f.41273845E260F28665E10038BC1DC094.d.070C24472D51CFFB33B451CF2D56CBD8.e.5608"},"getTitle",[]]}
RESULT: {"script":"<script> [6424 bytes]","args":[{"element-6066-11e4-a52e-4f735466cecf":"f.41273845E260F28665E10038BC1DC094.d.070C24472D51CFFB33B451CF2D56CBD8.e.5608"},"getTitle",[]]}
RESULT: undefined
COMMAND: POST /session/2b38c89601306e0b0ee554c2d24ad63a/element/f.41273845E260F28665E10038BC1DC094.d.070C24472D51CFFB33B451CF2D56CBD8.e.5389/click - {}
COMMAND: POST /session/2b38c89601306e0b0ee554c2d24ad63a/element/f.41273845E260F28665E10038BC1DC094.d.070C24472D51CFFB33B451CF2D56CBD8.e.5389/click - {}
RESULT: {}
COMMAND: GET /session/2b38c89601306e0b0ee554c2d24ad63a/screenshot - {}
COMMAND: POST /session/2b38c89601306e0b0ee554c2d24ad63a/element - {"using":"xpath","value":"//*[@id=\"backBtn\"]"}
RESULT: {}
RESULT: {"using":"xpath","value":"//*[@id=\"backBtn\"]"}
COMMAND: POST /session/2b38c89601306e0b0ee554c2d24ad63a/elements - {"using":"xpath","value":"//*[@id=\"backBtn\"]"}
RESULT: {"using":"xpath","value":"//*[@id=\"backBtn\"]"}
COMMAND: POST /session/2b38c89601306e0b0ee554c2d24ad63a/elements - {"using":"xpath","value":"//*[@id=\"backBtn\"]"}
RESULT: {"using":"xpath","value":"//*[@id=\"backBtn\"]"}
COMMAND: POST /session/2b38c89601306e0b0ee554c2d24ad63a/elements - {"using":"xpath","value":"//*[@id=\"backBtn\"]"}
RESULT: {"using":"xpath","value":"//*[@id=\"backBtn\"]"}
COMMAND: POST /session/2b38c89601306e0b0ee554c2d24ad63a/elements - {"using":"xpath","value":"//*[@id=\"backBtn\"]"}
RESULT: {"using":"xpath","value":"//*[@id=\"backBtn\"]"}
COMMAND: POST /session/2b38c89601306e0b0ee554c2d24ad63a/elements - {"using":"xpath","value":"//*[@id=\"backBtn\"]"}
RESULT: {"using":"xpath","value":"//*[@id=\"backBtn\"]"}
COMMAND: POST /session/2b38c89601306e0b0ee554c2d24ad63a/elements - {"using":"xpath","value":"//*[@id=\"backBtn\"]"}
RESULT: {"using":"xpath","value":"//*[@id=\"backBtn\"]"}
COMMAND: POST /session/2b38c89601306e0b0ee554c2d24ad63a/elements - {"using":"xpath","value":"//*[@id=\"backBtn\"]"}
RESULT: {"using":"xpath","value":"//*[@id=\"backBtn\"]"}
COMMAND: POST /session/2b38c89601306e0b0ee554c2d24ad63a/elements - {"using":"xpath","value":"//*[@id=\"backBtn\"]"}
RESULT: {"using":"xpath","value":"//*[@id=\"backBtn\"]"}
COMMAND: POST /session/2b38c89601306e0b0ee554c2d24ad63a/elements - {"using":"xpath","value":"//*[@id=\"backBtn\"]"}
RESULT: {"using":"xpath","value":"//*[@id=\"backBtn\"]"}
COMMAND: POST /session/2b38c89601306e0b0ee554c2d24ad63a/elements - {"using":"xpath","value":"//*[@id=\"backBtn\"]"}
RESULT: {"using":"xpath","value":"//*[@id=\"backBtn\"]"}
COMMAND: POST /session/2b38c89601306e0b0ee554c2d24ad63a/elements - {"using":"xpath","value":"//*[@id=\"backBtn\"]"}
RESULT: {"using":"xpath","value":"//*[@id=\"backBtn\"]"}
COMMAND: POST /session/2b38c89601306e0b0ee554c2d24ad63a/elements - {"using":"xpath","value":"//*[@id=\"backBtn\"]"}
RESULT: {"using":"xpath","value":"//*[@id=\"backBtn\"]"}
COMMAND: POST /session/2b38c89601306e0b0ee554c2d24ad63a/elements - {"using":"xpath","value":"//*[@id=\"backBtn\"]"}
RESULT: {"using":"xpath","value":"//*[@id=\"backBtn\"]"}
COMMAND: POST /session/2b38c89601306e0b0ee554c2d24ad63a/elements - {"using":"xpath","value":"//*[@id=\"backBtn\"]"}
RESULT: {"using":"xpath","value":"//*[@id=\"backBtn\"]"}
COMMAND: POST /session/2b38c89601306e0b0ee554c2d24ad63a/elements - {"using":"xpath","value":"//*[@id=\"backBtn\"]"}
RESULT: {"using":"xpath","value":"//*[@id=\"backBtn\"]"}
COMMAND: POST /session/2b38c89601306e0b0ee554c2d24ad63a/elements - {"using":"xpath","value":"//*[@id=\"backBtn\"]"}
RESULT: {"using":"xpath","value":"//*[@id=\"backBtn\"]"}
COMMAND: POST /session/2b38c89601306e0b0ee554c2d24ad63a/elements - {"using":"xpath","value":"//*[@id=\"backBtn\"]"}
RESULT: {"using":"xpath","value":"//*[@id=\"backBtn\"]"}
COMMAND: POST /session/2b38c89601306e0b0ee554c2d24ad63a/elements - {"using":"xpath","value":"//*[@id=\"backBtn\"]"}
RESULT: {"using":"xpath","value":"//*[@id=\"backBtn\"]"}
COMMAND: POST /session/2b38c89601306e0b0ee554c2d24ad63a/elements - {"using":"xpath","value":"//*[@id=\"backBtn\"]"}
RESULT: {"using":"xpath","value":"//*[@id=\"backBtn\"]"}
COMMAND: POST /session/2b38c89601306e0b0ee554c2d24ad63a/elements - {"using":"xpath","value":"//*[@id=\"backBtn\"]"}
RESULT: {"using":"xpath","value":"//*[@id=\"backBtn\"]"}
COMMAND: POST /session/2b38c89601306e0b0ee554c2d24ad63a/elements - {"using":"xpath","value":"//*[@id=\"backBtn\"]"}
RESULT: {"using":"xpath","value":"//*[@id=\"backBtn\"]"}
COMMAND: POST /session/2b38c89601306e0b0ee554c2d24ad63a/elements - {"using":"xpath","value":"//*[@id=\"backBtn\"]"}
RESULT: {"using":"xpath","value":"//*[@id=\"backBtn\"]"}
COMMAND: POST /session/2b38c89601306e0b0ee554c2d24ad63a/elements - {"using":"xpath","value":"//*[@id=\"backBtn\"]"}
RESULT: {"using":"xpath","value":"//*[@id=\"backBtn\"]"}
COMMAND: POST /session/2b38c89601306e0b0ee554c2d24ad63a/elements - {"using":"xpath","value":"//*[@id=\"backBtn\"]"}
RESULT: {"using":"xpath","value":"//*[@id=\"backBtn\"]"}
COMMAND: POST /session/2b38c89601306e0b0ee554c2d24ad63a/elements - {"using":"xpath","value":"//*[@id=\"backBtn\"]"}
RESULT: {"using":"xpath","value":"//*[@id=\"backBtn\"]"}
COMMAND: POST /session/2b38c89601306e0b0ee554c2d24ad63a/elements - {"using":"xpath","value":"//*[@id=\"backBtn\"]"}
RESULT: {"using":"xpath","value":"//*[@id=\"backBtn\"]"}
COMMAND: POST /session/2b38c89601306e0b0ee554c2d24ad63a/elements - {"using":"xpath","value":"//*[@id=\"backBtn\"]"}
RESULT: {"using":"xpath","value":"//*[@id=\"backBtn\"]"}
COMMAND: POST /session/2b38c89601306e0b0ee554c2d24ad63a/elements - {"using":"xpath","value":"//*[@id=\"backBtn\"]"}
RESULT: {"using":"xpath","value":"//*[@id=\"backBtn\"]"}
COMMAND: POST /session/2b38c89601306e0b0ee554c2d24ad63a/elements - {"using":"xpath","value":"//*[@id=\"backBtn\"]"}
RESULT: {"using":"xpath","value":"//*[@id=\"backBtn\"]"}
COMMAND: POST /session/2b38c89601306e0b0ee554c2d24ad63a/elements - {"using":"xpath","value":"//*[@id=\"backBtn\"]"}
RESULT: {"using":"xpath","value":"//*[@id=\"backBtn\"]"}
COMMAND: POST /session/2b38c89601306e0b0ee554c2d24ad63a/elements - {"using":"xpath","value":"//*[@id=\"backBtn\"]"}
RESULT: {"using":"xpath","value":"//*[@id=\"backBtn\"]"}
COMMAND: POST /session/2b38c89601306e0b0ee554c2d24ad63a/elements - {"using":"xpath","value":"//*[@id=\"backBtn\"]"}
RESULT: {"using":"xpath","value":"//*[@id=\"backBtn\"]"}
COMMAND: POST /session/2b38c89601306e0b0ee554c2d24ad63a/elements - {"using":"xpath","value":"//*[@id=\"backBtn\"]"}
RESULT: {"using":"xpath","value":"//*[@id=\"backBtn\"]"}
COMMAND: POST /session/2b38c89601306e0b0ee554c2d24ad63a/elements - {"using":"xpath","value":"//*[@id=\"backBtn\"]"}
RESULT: {"using":"xpath","value":"//*[@id=\"backBtn\"]"}
COMMAND: POST /session/2b38c89601306e0b0ee554c2d24ad63a/elements - {"using":"xpath","value":"//*[@id=\"backBtn\"]"}
RESULT: {"using":"xpath","value":"//*[@id=\"backBtn\"]"}
COMMAND: POST /session/2b38c89601306e0b0ee554c2d24ad63a/elements - {"using":"xpath","value":"//*[@id=\"backBtn\"]"}
RESULT: {"using":"xpath","value":"//*[@id=\"backBtn\"]"}
COMMAND: POST /session/2b38c89601306e0b0ee554c2d24ad63a/elements - {"using":"xpath","value":"//*[@id=\"backBtn\"]"}
RESULT: {"using":"xpath","value":"//*[@id=\"backBtn\"]"}
COMMAND: POST /session/2b38c89601306e0b0ee554c2d24ad63a/elements - {"using":"xpath","value":"//*[@id=\"backBtn\"]"}
RESULT: {"using":"xpath","value":"//*[@id=\"backBtn\"]"}
COMMAND: POST /session/2b38c89601306e0b0ee554c2d24ad63a/elements - {"using":"xpath","value":"//*[@id=\"backBtn\"]"}
RESULT: {"using":"xpath","value":"//*[@id=\"backBtn\"]"}
COMMAND: DELETE /session/2b38c89601306e0b0ee554c2d24ad63a - {}
COMMAND: POST /session/2b38c89601306e0b0ee554c2d24ad63a/elements - {"using":"xpath","value":"//*[@id=\"backBtn\"]"}
RESULT: {}
]]></system-out>
    </testcase>
  </testsuite>
</testsuites>