<?xml version="1.0" encoding="UTF-8"?>
<testsuites tests="4" failures="4" errors="4" skipped="0">
  <testsuite timestamp="2025-05-13T16:47:21" time="312.938" tests="4" failures="4" errors="4" skipped="0">
    <properties>
      <property name="specId" value="0" />
      <property name="suiteName" value="ISC Create schedule with time schedule with counter US138269" />
      <property name="capabilities" value="chrome.136_0_7103_49.windows" />
      <property name="file" value="file:///D:/a/1/s/test/specs/ISC/create-schedule-with-time-schedule-with-counter.spec.js" />
    </properties>
  </testsuite>
</testsuites>